<?xml version="1.0" encoding="UTF-8"?>
<testsuite xmlns:xsi="http://www.w3.org/2001/XMLSchema-instance" xsi:noNamespaceSchemaLocation="https://maven.apache.org/surefire/maven-surefire-plugin/xsd/surefire-test-report.xsd" name="org.apache.hadoop.ozone.container.common.statemachine.commandhandler.TestBlockDeletion" time="90.076" tests="1" errors="0" skipped="0" failures="1">
  <properties>
    <property name="awt.toolkit" value="sun.awt.X11.XToolkit"/>
    <property name="file.encoding.pkg" value="sun.io"/>
    <property name="java.specification.version" value="1.8"/>
    <property name="sun.cpu.isalist" value=""/>
    <property name="sun.jnu.encoding" value="UTF-8"/>
    <property name="java.class.path" value="/workdir/hadoop-ozone/integration-test/target/test-classes:/workdir/hadoop-ozone/integration-test/target/classes:/home/user/.m2/repository/org/apache/hadoop/hadoop-ozone-common/0.5.0-SNAPSHOT/hadoop-ozone-common-0.5.0-SNAPSHOT.jar:/home/user/.m2/repository/org/apache/commons/commons-compress/1.4.1/commons-compress-1.4.1.jar:/home/user/.m2/repository/org/tukaani/xz/1.0/xz-1.0.jar:/home/user/.m2/repository/org/apache/hadoop/hadoop-common/3.2.0/hadoop-common-3.2.0.jar:/home/user/.m2/repository/org/apache/hadoop/hadoop-hdfs/3.2.0/hadoop-hdfs-3.2.0.jar:/home/user/.m2/repository/org/apache/hadoop/hadoop-hdfs-client/3.2.0/hadoop-hdfs-client-3.2.0.jar:/home/user/.m2/repository/com/fasterxml/jackson/core/jackson-annotations/2.9.5/jackson-annotations-2.9.5.jar:/home/user/.m2/repository/org/apache/hadoop/hadoop-hdds-common/0.5.0-SNAPSHOT/hadoop-hdds-common-0.5.0-SNAPSHOT.jar:/home/user/.m2/repository/javax/annotation/javax.annotation-api/1.2/javax.annotation-api-1.2.jar:/home/user/.m2/repository/org/apache/ratis/ratis-server/0.4.0-78e95b9-SNAPSHOT/ratis-server-0.4.0-78e95b9-SNAPSHOT.jar:/home/user/.m2/repository/org/apache/ratis/ratis-thirdparty-misc/0.2.0/ratis-thirdparty-misc-0.2.0.jar:/home/user/.m2/repository/org/apache/ratis/ratis-proto/0.4.0-78e95b9-SNAPSHOT/ratis-proto-0.4.0-78e95b9-SNAPSHOT.jar:/home/user/.m2/repository/org/apache/ratis/ratis-common/0.4.0-78e95b9-SNAPSHOT/ratis-common-0.4.0-78e95b9-SNAPSHOT.jar:/home/user/.m2/repository/org/apache/ratis/ratis-client/0.4.0-78e95b9-SNAPSHOT/ratis-client-0.4.0-78e95b9-SNAPSHOT.jar:/home/user/.m2/repository/org/apache/ratis/ratis-metrics/0.4.0-78e95b9-SNAPSHOT/ratis-metrics-0.4.0-78e95b9-SNAPSHOT.jar:/home/user/.m2/repository/com/github/joshelser/dropwizard-metrics-hadoop-metrics2-reporter/0.1.2/dropwizard-metrics-hadoop-metrics2-reporter-0.1.2.jar:/home/user/.m2/repository/io/dropwizard/metrics/metrics-jvm/3.2.5/metrics-jvm-3.2.5.jar:/home/user/.m2/repository/io/dropwizard/metrics/metrics-ganglia/3.2.5/metrics-ganglia-3.2.5.jar:/home/user/.m2/repository/info/ganglia/gmetric4j/gmetric4j/1.0.7/gmetric4j-1.0.7.jar:/home/user/.m2/repository/org/apache/ratis/ratis-netty/0.4.0-78e95b9-SNAPSHOT/ratis-netty-0.4.0-78e95b9-SNAPSHOT.jar:/home/user/.m2/repository/org/apache/ratis/ratis-grpc/0.4.0-78e95b9-SNAPSHOT/ratis-grpc-0.4.0-78e95b9-SNAPSHOT.jar:/home/user/.m2/repository/org/rocksdb/rocksdbjni/6.0.1/rocksdbjni-6.0.1.jar:/home/user/.m2/repository/org/apache/logging/log4j/log4j-api/2.11.0/log4j-api-2.11.0.jar:/home/user/.m2/repository/org/apache/logging/log4j/log4j-core/2.11.0/log4j-core-2.11.0.jar:/home/user/.m2/repository/com/lmax/disruptor/3.4.2/disruptor-3.4.2.jar:/home/user/.m2/repository/org/apache/commons/commons-pool2/2.6.0/commons-pool2-2.6.0.jar:/home/user/.m2/repository/org/bouncycastle/bcpkix-jdk15on/1.60/bcpkix-jdk15on-1.60.jar:/home/user/.m2/repository/commons-validator/commons-validator/1.6/commons-validator-1.6.jar:/home/user/.m2/repository/commons-digester/commons-digester/1.8.1/commons-digester-1.8.1.jar:/home/user/.m2/repository/io/jaegertracing/jaeger-client/0.33.1/jaeger-client-0.33.1.jar:/home/user/.m2/repository/io/jaegertracing/jaeger-thrift/0.33.1/jaeger-thrift-0.33.1.jar:/home/user/.m2/repository/org/apache/thrift/libthrift/0.11.0/libthrift-0.11.0.jar:/home/user/.m2/repository/com/squareup/okhttp3/okhttp/3.9.0/okhttp-3.9.0.jar:/home/user/.m2/repository/com/squareup/okio/okio/1.13.0/okio-1.13.0.jar:/home/user/.m2/repository/io/jaegertracing/jaeger-core/0.33.1/jaeger-core-0.33.1.jar:/home/user/.m2/repository/io/jaegertracing/jaeger-tracerresolver/0.33.1/jaeger-tracerresolver-0.33.1.jar:/home/user/.m2/repository/io/opentracing/contrib/opentracing-tracerresolver/0.1.5/opentracing-tracerresolver-0.1.5.jar:/home/user/.m2/repository/io/opentracing/opentracing-util/0.31.0/opentracing-util-0.31.0.jar:/home/user/.m2/repository/io/opentracing/opentracing-api/0.31.0/opentracing-api-0.31.0.jar:/home/user/.m2/repository/io/opentracing/opentracing-noop/0.31.0/opentracing-noop-0.31.0.jar:/home/user/.m2/repository/org/apache/hadoop/hadoop-hdds-server-framework/0.5.0-SNAPSHOT/hadoop-hdds-server-framework-0.5.0-SNAPSHOT.jar:/home/user/.m2/repository/org/apache/hadoop/hadoop-hdds-container-service/0.5.0-SNAPSHOT/hadoop-hdds-container-service-0.5.0-SNAPSHOT.jar:/home/user/.m2/repository/org/apache/hadoop/hadoop-hdds-client/0.5.0-SNAPSHOT/hadoop-hdds-client-0.5.0-SNAPSHOT.jar:/home/user/.m2/repository/org/apache/hadoop/hadoop-hdds-tools/0.5.0-SNAPSHOT/hadoop-hdds-tools-0.5.0-SNAPSHOT.jar:/home/user/.m2/repository/org/apache/hadoop/hadoop-hdds-server-scm/0.5.0-SNAPSHOT/hadoop-hdds-server-scm-0.5.0-SNAPSHOT.jar:/home/user/.m2/repository/org/apache/hadoop/hadoop-hdds-docs/0.5.0-SNAPSHOT/hadoop-hdds-docs-0.5.0-SNAPSHOT.jar:/home/user/.m2/repository/io/dropwizard/metrics/metrics-core/3.2.4/metrics-core-3.2.4.jar:/home/user/.m2/repository/org/hamcrest/hamcrest-all/1.3/hamcrest-all-1.3.jar:/home/user/.m2/repository/org/bouncycastle/bcprov-jdk15on/1.60/bcprov-jdk15on-1.60.jar:/home/user/.m2/repository/info/picocli/picocli/3.9.6/picocli-3.9.6.jar:/home/user/.m2/repository/com/google/protobuf/protobuf-java/2.5.0/protobuf-java-2.5.0.jar:/home/user/.m2/repository/com/google/guava/guava/11.0.2/guava-11.0.2.jar:/home/user/.m2/repository/org/apache/hadoop/hadoop-ozone-ozone-manager/0.5.0-SNAPSHOT/hadoop-ozone-ozone-manager-0.5.0-SNAPSHOT.jar:/home/user/.m2/repository/org/apache/hadoop/hadoop-minikdc/3.2.0/hadoop-minikdc-3.2.0.jar:/home/user/.m2/repository/commons-io/commons-io/2.5/commons-io-2.5.jar:/home/user/.m2/repository/org/apache/kerby/kerb-simplekdc/1.0.1/kerb-simplekdc-1.0.1.jar:/home/user/.m2/repository/org/apache/kerby/kerb-client/1.0.1/kerb-client-1.0.1.jar:/home/user/.m2/repository/org/apache/kerby/kerby-config/1.0.1/kerby-config-1.0.1.jar:/home/user/.m2/repository/org/apache/kerby/kerb-core/1.0.1/kerb-core-1.0.1.jar:/home/user/.m2/repository/org/apache/kerby/kerby-pkix/1.0.1/kerby-pkix-1.0.1.jar:/home/user/.m2/repository/org/apache/kerby/kerby-asn1/1.0.1/kerby-asn1-1.0.1.jar:/home/user/.m2/repository/org/apache/kerby/kerby-util/1.0.1/kerby-util-1.0.1.jar:/home/user/.m2/repository/org/apache/kerby/kerb-common/1.0.1/kerb-common-1.0.1.jar:/home/user/.m2/repository/org/apache/kerby/kerb-crypto/1.0.1/kerb-crypto-1.0.1.jar:/home/user/.m2/repository/org/apache/kerby/kerb-util/1.0.1/kerb-util-1.0.1.jar:/home/user/.m2/repository/org/apache/kerby/token-provider/1.0.1/token-provider-1.0.1.jar:/home/user/.m2/repository/org/apache/kerby/kerb-admin/1.0.1/kerb-admin-1.0.1.jar:/home/user/.m2/repository/org/apache/kerby/kerb-server/1.0.1/kerb-server-1.0.1.jar:/home/user/.m2/repository/org/apache/kerby/kerb-identity/1.0.1/kerb-identity-1.0.1.jar:/home/user/.m2/repository/org/apache/kerby/kerby-xdr/1.0.1/kerby-xdr-1.0.1.jar:/home/user/.m2/repository/org/slf4j/slf4j-log4j12/1.7.25/slf4j-log4j12-1.7.25.jar:/home/user/.m2/repository/org/apache/hadoop/hadoop-ozone-s3gateway/0.5.0-SNAPSHOT/hadoop-ozone-s3gateway-0.5.0-SNAPSHOT.jar:/home/user/.m2/repository/org/jboss/weld/servlet/weld-servlet/2.4.7.Final/weld-servlet-2.4.7.Final.jar:/home/user/.m2/repository/org/glassfish/jersey/containers/jersey-container-servlet-core/2.27/jersey-container-servlet-core-2.27.jar:/home/user/.m2/repository/org/glassfish/hk2/external/javax.inject/2.5.0-b42/javax.inject-2.5.0-b42.jar:/home/user/.m2/repository/org/glassfish/jersey/core/jersey-common/2.27/jersey-common-2.27.jar:/home/user/.m2/repository/org/glassfish/hk2/osgi-resource-locator/1.0.1/osgi-resource-locator-1.0.1.jar:/home/user/.m2/repository/javax/ws/rs/javax.ws.rs-api/2.1/javax.ws.rs-api-2.1.jar:/home/user/.m2/repository/org/glassfish/jersey/ext/cdi/jersey-cdi1x/2.27/jersey-cdi1x-2.27.jar:/home/user/.m2/repository/org/glassfish/jersey/inject/jersey-hk2/2.27/jersey-hk2-2.27.jar:/home/user/.m2/repository/org/glassfish/hk2/hk2-locator/2.5.0-b42/hk2-locator-2.5.0-b42.jar:/home/user/.m2/repository/org/javassist/javassist/3.22.0-CR2/javassist-3.22.0-CR2.jar:/home/user/.m2/repository/org/glassfish/hk2/hk2-api/2.5.0/hk2-api-2.5.0.jar:/home/user/.m2/repository/org/glassfish/hk2/external/jakarta.inject/2.5.0/jakarta.inject-2.5.0.jar:/home/user/.m2/repository/org/glassfish/hk2/hk2-utils/2.5.0/hk2-utils-2.5.0.jar:/home/user/.m2/repository/jakarta/annotation/jakarta.annotation-api/1.3.4/jakarta.annotation-api-1.3.4.jar:/home/user/.m2/repository/org/glassfish/hk2/external/aopalliance-repackaged/2.5.0/aopalliance-repackaged-2.5.0.jar:/home/user/.m2/repository/com/fasterxml/jackson/dataformat/jackson-dataformat-xml/2.9.0/jackson-dataformat-xml-2.9.0.jar:/home/user/.m2/repository/com/fasterxml/jackson/core/jackson-core/2.9.5/jackson-core-2.9.5.jar:/home/user/.m2/repository/com/fasterxml/jackson/module/jackson-module-jaxb-annotations/2.9.5/jackson-module-jaxb-annotations-2.9.5.jar:/home/user/.m2/repository/javax/enterprise/cdi-api/1.2/cdi-api-1.2.jar:/home/user/.m2/repository/javax/el/javax.el-api/3.0.0/javax.el-api-3.0.0.jar:/home/user/.m2/repository/javax/interceptor/javax.interceptor-api/1.2/javax.interceptor-api-1.2.jar:/home/user/.m2/repository/javax/inject/javax.inject/1/javax.inject-1.jar:/home/user/.m2/repository/com/sun/xml/bind/jaxb-impl/2.3.0.1/jaxb-impl-2.3.0.1.jar:/home/user/.m2/repository/com/sun/xml/bind/jaxb-core/2.3.0.1/jaxb-core-2.3.0.1.jar:/home/user/.m2/repository/javax/xml/bind/jaxb-api/2.3.0/jaxb-api-2.3.0.jar:/home/user/.m2/repository/javax/activation/activation/1.1.1/activation-1.1.1.jar:/home/user/.m2/repository/org/apache/hadoop/hadoop-ozone-csi/0.5.0-SNAPSHOT/hadoop-ozone-csi-0.5.0-SNAPSHOT.jar:/home/user/.m2/repository/com/google/protobuf/protobuf-java-util/3.5.1/protobuf-java-util-3.5.1.jar:/home/user/.m2/repository/org/apache/hadoop/hadoop-hdds-config/0.5.0-SNAPSHOT/hadoop-hdds-config-0.5.0-SNAPSHOT.jar:/home/user/.m2/repository/io/grpc/grpc-netty/1.17.1/grpc-netty-1.17.1.jar:/home/user/.m2/repository/io/grpc/grpc-core/1.17.1/grpc-core-1.17.1.jar:/home/user/.m2/repository/io/grpc/grpc-context/1.17.1/grpc-context-1.17.1.jar:/home/user/.m2/repository/com/google/errorprone/error_prone_annotations/2.2.0/error_prone_annotations-2.2.0.jar:/home/user/.m2/repository/org/codehaus/mojo/animal-sniffer-annotations/1.17/animal-sniffer-annotations-1.17.jar:/home/user/.m2/repository/io/opencensus/opencensus-api/0.17.0/opencensus-api-0.17.0.jar:/home/user/.m2/repository/io/opencensus/opencensus-contrib-grpc-metrics/0.17.0/opencensus-contrib-grpc-metrics-0.17.0.jar:/home/user/.m2/repository/io/netty/netty-codec-http2/4.1.30.Final/netty-codec-http2-4.1.30.Final.jar:/home/user/.m2/repository/io/netty/netty-codec-http/4.1.30.Final/netty-codec-http-4.1.30.Final.jar:/home/user/.m2/repository/io/netty/netty-codec/4.1.30.Final/netty-codec-4.1.30.Final.jar:/home/user/.m2/repository/io/netty/netty-handler/4.1.30.Final/netty-handler-4.1.30.Final.jar:/home/user/.m2/repository/io/netty/netty-handler-proxy/4.1.30.Final/netty-handler-proxy-4.1.30.Final.jar:/home/user/.m2/repository/io/netty/netty-codec-socks/4.1.30.Final/netty-codec-socks-4.1.30.Final.jar:/home/user/.m2/repository/io/netty/netty-transport-native-epoll/4.1.30.Final/netty-transport-native-epoll-4.1.30.Final.jar:/home/user/.m2/repository/io/netty/netty-common/4.1.30.Final/netty-common-4.1.30.Final.jar:/home/user/.m2/repository/io/netty/netty-buffer/4.1.30.Final/netty-buffer-4.1.30.Final.jar:/home/user/.m2/repository/io/netty/netty-transport/4.1.30.Final/netty-transport-4.1.30.Final.jar:/home/user/.m2/repository/io/netty/netty-resolver/4.1.30.Final/netty-resolver-4.1.30.Final.jar:/home/user/.m2/repository/io/netty/netty-transport-native-unix-common/4.1.30.Final/netty-transport-native-unix-common-4.1.30.Final.jar:/home/user/.m2/repository/io/grpc/grpc-protobuf/1.17.1/grpc-protobuf-1.17.1.jar:/home/user/.m2/repository/com/google/api/grpc/proto-google-common-protos/1.0.0/proto-google-common-protos-1.0.0.jar:/home/user/.m2/repository/io/grpc/grpc-protobuf-lite/1.17.1/grpc-protobuf-lite-1.17.1.jar:/home/user/.m2/repository/io/grpc/grpc-stub/1.17.1/grpc-stub-1.17.1.jar:/home/user/.m2/repository/org/apache/hadoop/hadoop-ozone-recon/0.5.0-SNAPSHOT/hadoop-ozone-recon-0.5.0-SNAPSHOT.jar:/home/user/.m2/repository/org/apache/hadoop/hadoop-ozone-reconcodegen/0.5.0-SNAPSHOT/hadoop-ozone-reconcodegen-0.5.0-SNAPSHOT.jar:/home/user/.m2/repository/com/google/inject/extensions/guice-multibindings/4.0/guice-multibindings-4.0.jar:/home/user/.m2/repository/com/google/inject/guice/4.0/guice-4.0.jar:/home/user/.m2/repository/aopalliance/aopalliance/1.0/aopalliance-1.0.jar:/home/user/.m2/repository/com/google/inject/extensions/guice-servlet/4.0/guice-servlet-4.0.jar:/home/user/.m2/repository/org/glassfish/jersey/containers/jersey-container-servlet/2.27/jersey-container-servlet-2.27.jar:/home/user/.m2/repository/org/glassfish/hk2/guice-bridge/2.5.0/guice-bridge-2.5.0.jar:/home/user/.m2/repository/org/glassfish/jersey/core/jersey-server/2.27/jersey-server-2.27.jar:/home/user/.m2/repository/org/glassfish/jersey/core/jersey-client/2.27/jersey-client-2.27.jar:/home/user/.m2/repository/org/glassfish/jersey/media/jersey-media-jaxb/2.27/jersey-media-jaxb-2.27.jar:/home/user/.m2/repository/javax/validation/validation-api/1.1.0.Final/validation-api-1.1.0.Final.jar:/home/user/.m2/repository/org/glassfish/jersey/media/jersey-media-json-jackson/2.27/jersey-media-json-jackson-2.27.jar:/home/user/.m2/repository/org/glassfish/jersey/ext/jersey-entity-filtering/2.27/jersey-entity-filtering-2.27.jar:/home/user/.m2/repository/com/google/inject/extensions/guice-assistedinject/4.0/guice-assistedinject-4.0.jar:/home/user/.m2/repository/org/jooq/jooq/3.11.10/jooq-3.11.10.jar:/home/user/.m2/repository/org/jooq/jooq-meta/3.11.10/jooq-meta-3.11.10.jar:/home/user/.m2/repository/org/jooq/jooq-codegen/3.11.10/jooq-codegen-3.11.10.jar:/home/user/.m2/repository/com/jolbox/bonecp/0.8.0.RELEASE/bonecp-0.8.0.RELEASE.jar:/home/user/.m2/repository/org/xerial/sqlite-jdbc/3.25.2/sqlite-jdbc-3.25.2.jar:/home/user/.m2/repository/org/springframework/spring-jdbc/5.1.3.RELEASE/spring-jdbc-5.1.3.RELEASE.jar:/home/user/.m2/repository/org/springframework/spring-beans/5.1.3.RELEASE/spring-beans-5.1.3.RELEASE.jar:/home/user/.m2/repository/org/springframework/spring-core/5.1.3.RELEASE/spring-core-5.1.3.RELEASE.jar:/home/user/.m2/repository/org/springframework/spring-jcl/5.1.3.RELEASE/spring-jcl-5.1.3.RELEASE.jar:/home/user/.m2/repository/org/springframework/spring-tx/5.1.3.RELEASE/spring-tx-5.1.3.RELEASE.jar:/home/user/.m2/repository/org/apache/hadoop/hadoop-ozone-client/0.5.0-SNAPSHOT/hadoop-ozone-client-0.5.0-SNAPSHOT.jar:/home/user/.m2/repository/commons-lang/commons-lang/2.6/commons-lang-2.6.jar:/home/user/.m2/repository/org/apache/hadoop/hadoop-ozone-ozone-manager/0.5.0-SNAPSHOT/hadoop-ozone-ozone-manager-0.5.0-SNAPSHOT-tests.jar:/home/user/.m2/repository/junit/junit/4.11/junit-4.11.jar:/home/user/.m2/repository/org/hamcrest/hamcrest-core/1.3/hamcrest-core-1.3.jar:/home/user/.m2/repository/org/openjdk/jmh/jmh-core/1.19/jmh-core-1.19.jar:/home/user/.m2/repository/net/sf/jopt-simple/jopt-simple/4.6/jopt-simple-4.6.jar:/home/user/.m2/repository/org/apache/commons/commons-math3/3.1.1/commons-math3-3.1.1.jar:/home/user/.m2/repository/org/openjdk/jmh/jmh-generator-annprocess/1.19/jmh-generator-annprocess-1.19.jar:/home/user/.m2/repository/org/mockito/mockito-all/1.8.5/mockito-all-1.8.5.jar:/home/user/.m2/repository/org/apache/hadoop/hadoop-kms/3.2.0/hadoop-kms-3.2.0.jar:/home/user/.m2/repository/org/apache/hadoop/hadoop-auth/3.2.0/hadoop-auth-3.2.0.jar:/home/user/.m2/repository/com/nimbusds/nimbus-jose-jwt/4.41.1/nimbus-jose-jwt-4.41.1.jar:/home/user/.m2/repository/com/github/stephenc/jcip/jcip-annotations/1.0-1/jcip-annotations-1.0-1.jar:/home/user/.m2/repository/net/minidev/json-smart/2.3/json-smart-2.3.jar:/home/user/.m2/repository/net/minidev/accessors-smart/1.2/accessors-smart-1.2.jar:/home/user/.m2/repository/org/ow2/asm/asm/5.0.4/asm-5.0.4.jar:/home/user/.m2/repository/org/apache/curator/curator-framework/2.12.0/curator-framework-2.12.0.jar:/home/user/.m2/repository/com/sun/jersey/jersey-core/1.19/jersey-core-1.19.jar:/home/user/.m2/repository/javax/ws/rs/jsr311-api/1.1.1/jsr311-api-1.1.1.jar:/home/user/.m2/repository/com/sun/jersey/jersey-server/1.19/jersey-server-1.19.jar:/home/user/.m2/repository/javax/servlet/javax.servlet-api/3.1.0/javax.servlet-api-3.1.0.jar:/home/user/.m2/repository/org/eclipse/jetty/jetty-server/9.3.24.v20180605/jetty-server-9.3.24.v20180605.jar:/home/user/.m2/repository/org/eclipse/jetty/jetty-http/9.3.24.v20180605/jetty-http-9.3.24.v20180605.jar:/home/user/.m2/repository/org/eclipse/jetty/jetty-io/9.3.24.v20180605/jetty-io-9.3.24.v20180605.jar:/home/user/.m2/repository/org/eclipse/jetty/jetty-webapp/9.3.24.v20180605/jetty-webapp-9.3.24.v20180605.jar:/home/user/.m2/repository/org/eclipse/jetty/jetty-xml/9.3.24.v20180605/jetty-xml-9.3.24.v20180605.jar:/home/user/.m2/repository/log4j/log4j/1.2.17/log4j-1.2.17.jar:/home/user/.m2/repository/org/slf4j/slf4j-api/1.7.25/slf4j-api-1.7.25.jar:/home/user/.m2/repository/org/slf4j/jul-to-slf4j/1.7.25/jul-to-slf4j-1.7.25.jar:/home/user/.m2/repository/org/eclipse/jetty/jetty-util/9.3.24.v20180605/jetty-util-9.3.24.v20180605.jar:/home/user/.m2/repository/com/fasterxml/jackson/core/jackson-databind/2.9.5/jackson-databind-2.9.5.jar:/home/user/.m2/repository/org/apache/hadoop/hadoop-kms/3.2.0/hadoop-kms-3.2.0-tests.jar:/home/user/.m2/repository/org/apache/hadoop/hadoop-hdds-server-scm/0.5.0-SNAPSHOT/hadoop-hdds-server-scm-0.5.0-SNAPSHOT-tests.jar:/home/user/.m2/repository/org/apache/hadoop/hadoop-hdds-container-service/0.5.0-SNAPSHOT/hadoop-hdds-container-service-0.5.0-SNAPSHOT-tests.jar:/home/user/.m2/repository/org/yaml/snakeyaml/1.16/snakeyaml-1.16.jar:/home/user/.m2/repository/org/apache/hadoop/hadoop-common/3.2.0/hadoop-common-3.2.0-tests.jar:/home/user/.m2/repository/org/apache/hadoop/hadoop-annotations/3.2.0/hadoop-annotations-3.2.0.jar:/usr/lib/jvm/java-1.8-openjdk/jre/../lib/tools.jar:/home/user/.m2/repository/commons-cli/commons-cli/1.2/commons-cli-1.2.jar:/home/user/.m2/repository/org/apache/httpcomponents/httpclient/4.5.2/httpclient-4.5.2.jar:/home/user/.m2/repository/org/apache/httpcomponents/httpcore/4.4.4/httpcore-4.4.4.jar:/home/user/.m2/repository/commons-codec/commons-codec/1.11/commons-codec-1.11.jar:/home/user/.m2/repository/commons-net/commons-net/3.6/commons-net-3.6.jar:/home/user/.m2/repository/commons-collections/commons-collections/3.2.2/commons-collections-3.2.2.jar:/home/user/.m2/repository/org/eclipse/jetty/jetty-servlet/9.3.24.v20180605/jetty-servlet-9.3.24.v20180605.jar:/home/user/.m2/repository/org/eclipse/jetty/jetty-security/9.3.24.v20180605/jetty-security-9.3.24.v20180605.jar:/home/user/.m2/repository/javax/servlet/jsp/jsp-api/2.1/jsp-api-2.1.jar:/home/user/.m2/repository/com/sun/jersey/jersey-servlet/1.19/jersey-servlet-1.19.jar:/home/user/.m2/repository/com/sun/jersey/jersey-json/1.19/jersey-json-1.19.jar:/home/user/.m2/repository/org/codehaus/jettison/jettison/1.1/jettison-1.1.jar:/home/user/.m2/repository/org/codehaus/jackson/jackson-core-asl/1.9.13/jackson-core-asl-1.9.13.jar:/home/user/.m2/repository/org/codehaus/jackson/jackson-mapper-asl/1.9.13/jackson-mapper-asl-1.9.13.jar:/home/user/.m2/repository/org/codehaus/jackson/jackson-jaxrs/1.9.13/jackson-jaxrs-1.9.13.jar:/home/user/.m2/repository/org/codehaus/jackson/jackson-xc/1.9.13/jackson-xc-1.9.13.jar:/home/user/.m2/repository/commons-logging/commons-logging/1.1.3/commons-logging-1.1.3.jar:/home/user/.m2/repository/commons-beanutils/commons-beanutils/1.9.3/commons-beanutils-1.9.3.jar:/home/user/.m2/repository/org/apache/commons/commons-configuration2/2.1.1/commons-configuration2-2.1.1.jar:/home/user/.m2/repository/org/apache/commons/commons-lang3/3.7/commons-lang3-3.7.jar:/home/user/.m2/repository/org/apache/commons/commons-text/1.4/commons-text-1.4.jar:/home/user/.m2/repository/org/apache/avro/avro/1.7.7/avro-1.7.7.jar:/home/user/.m2/repository/com/thoughtworks/paranamer/paranamer/2.3/paranamer-2.3.jar:/home/user/.m2/repository/org/xerial/snappy/snappy-java/1.0.5/snappy-java-1.0.5.jar:/home/user/.m2/repository/com/google/re2j/re2j/1.1/re2j-1.1.jar:/home/user/.m2/repository/com/google/code/gson/gson/2.2.4/gson-2.2.4.jar:/home/user/.m2/repository/com/jcraft/jsch/0.1.54/jsch-0.1.54.jar:/home/user/.m2/repository/org/apache/curator/curator-client/2.12.0/curator-client-2.12.0.jar:/home/user/.m2/repository/org/apache/curator/curator-recipes/2.12.0/curator-recipes-2.12.0.jar:/home/user/.m2/repository/com/google/code/findbugs/jsr305/3.0.0/jsr305-3.0.0.jar:/home/user/.m2/repository/org/apache/htrace/htrace-core4/4.1.0-incubating/htrace-core4-4.1.0-incubating.jar:/home/user/.m2/repository/org/apache/zookeeper/zookeeper/3.4.13/zookeeper-3.4.13.jar:/home/user/.m2/repository/org/apache/yetus/audience-annotations/0.5.0/audience-annotations-0.5.0.jar:/home/user/.m2/repository/org/codehaus/woodstox/stax2-api/3.1.4/stax2-api-3.1.4.jar:/home/user/.m2/repository/com/fasterxml/woodstox/woodstox-core/5.0.3/woodstox-core-5.0.3.jar:/home/user/.m2/repository/dnsjava/dnsjava/2.1.7/dnsjava-2.1.7.jar:/home/user/.m2/repository/org/apache/hadoop/hadoop-hdfs/3.2.0/hadoop-hdfs-3.2.0-tests.jar:/home/user/.m2/repository/org/eclipse/jetty/jetty-util-ajax/9.3.24.v20180605/jetty-util-ajax-9.3.24.v20180605.jar:/home/user/.m2/repository/commons-daemon/commons-daemon/1.0.13/commons-daemon-1.0.13.jar:/home/user/.m2/repository/io/netty/netty/3.10.5.Final/netty-3.10.5.Final.jar:/home/user/.m2/repository/io/netty/netty-all/4.0.52.Final/netty-all-4.0.52.Final.jar:/home/user/.m2/repository/org/fusesource/leveldbjni/leveldbjni-all/1.8/leveldbjni-all-1.8.jar:"/>
    <property name="java.vm.vendor" value="IcedTea"/>
    <property name="sun.arch.data.model" value="64"/>
    <property name="test.build.dir" value="/workdir/hadoop-ozone/integration-test/target/test-dir"/>
    <property name="test.cache.data" value=""/>
    <property name="java.vendor.url" value="https://icedtea.classpath.org"/>
    <property name="user.timezone" value=""/>
    <property name="java.vm.specification.version" value="1.8"/>
    <property name="os.name" value="Linux"/>
    <property name="test.build.data" value="/workdir/hadoop-ozone/integration-test/target/test-dir"/>
    <property name="user.country" value="US"/>
    <property name="sun.java.launcher" value="SUN_STANDARD"/>
    <property name="sun.boot.library.path" value="/usr/lib/jvm/java-1.8-openjdk/jre/lib/amd64"/>
    <property name="sun.java.command" value="/workdir/hadoop-ozone/integration-test/target/surefire/surefirebooter4058455862603187403.jar /workdir/hadoop-ozone/integration-test/target/surefire 2019-09-17T12-38-41_942-jvmRun1 surefire8728068785161630882tmp surefire_245846250055060828662tmp"/>
    <property name="test" value="!TestMiniChaosOzoneCluster"/>
    <property name="surefire.test.class.path" value="/workdir/hadoop-ozone/integration-test/target/test-classes:/workdir/hadoop-ozone/integration-test/target/classes:/home/user/.m2/repository/org/apache/hadoop/hadoop-ozone-common/0.5.0-SNAPSHOT/hadoop-ozone-common-0.5.0-SNAPSHOT.jar:/home/user/.m2/repository/org/apache/commons/commons-compress/1.4.1/commons-compress-1.4.1.jar:/home/user/.m2/repository/org/tukaani/xz/1.0/xz-1.0.jar:/home/user/.m2/repository/org/apache/hadoop/hadoop-common/3.2.0/hadoop-common-3.2.0.jar:/home/user/.m2/repository/org/apache/hadoop/hadoop-hdfs/3.2.0/hadoop-hdfs-3.2.0.jar:/home/user/.m2/repository/org/apache/hadoop/hadoop-hdfs-client/3.2.0/hadoop-hdfs-client-3.2.0.jar:/home/user/.m2/repository/com/fasterxml/jackson/core/jackson-annotations/2.9.5/jackson-annotations-2.9.5.jar:/home/user/.m2/repository/org/apache/hadoop/hadoop-hdds-common/0.5.0-SNAPSHOT/hadoop-hdds-common-0.5.0-SNAPSHOT.jar:/home/user/.m2/repository/javax/annotation/javax.annotation-api/1.2/javax.annotation-api-1.2.jar:/home/user/.m2/repository/org/apache/ratis/ratis-server/0.4.0-78e95b9-SNAPSHOT/ratis-server-0.4.0-78e95b9-SNAPSHOT.jar:/home/user/.m2/repository/org/apache/ratis/ratis-thirdparty-misc/0.2.0/ratis-thirdparty-misc-0.2.0.jar:/home/user/.m2/repository/org/apache/ratis/ratis-proto/0.4.0-78e95b9-SNAPSHOT/ratis-proto-0.4.0-78e95b9-SNAPSHOT.jar:/home/user/.m2/repository/org/apache/ratis/ratis-common/0.4.0-78e95b9-SNAPSHOT/ratis-common-0.4.0-78e95b9-SNAPSHOT.jar:/home/user/.m2/repository/org/apache/ratis/ratis-client/0.4.0-78e95b9-SNAPSHOT/ratis-client-0.4.0-78e95b9-SNAPSHOT.jar:/home/user/.m2/repository/org/apache/ratis/ratis-metrics/0.4.0-78e95b9-SNAPSHOT/ratis-metrics-0.4.0-78e95b9-SNAPSHOT.jar:/home/user/.m2/repository/com/github/joshelser/dropwizard-metrics-hadoop-metrics2-reporter/0.1.2/dropwizard-metrics-hadoop-metrics2-reporter-0.1.2.jar:/home/user/.m2/repository/io/dropwizard/metrics/metrics-jvm/3.2.5/metrics-jvm-3.2.5.jar:/home/user/.m2/repository/io/dropwizard/metrics/metrics-ganglia/3.2.5/metrics-ganglia-3.2.5.jar:/home/user/.m2/repository/info/ganglia/gmetric4j/gmetric4j/1.0.7/gmetric4j-1.0.7.jar:/home/user/.m2/repository/org/apache/ratis/ratis-netty/0.4.0-78e95b9-SNAPSHOT/ratis-netty-0.4.0-78e95b9-SNAPSHOT.jar:/home/user/.m2/repository/org/apache/ratis/ratis-grpc/0.4.0-78e95b9-SNAPSHOT/ratis-grpc-0.4.0-78e95b9-SNAPSHOT.jar:/home/user/.m2/repository/org/rocksdb/rocksdbjni/6.0.1/rocksdbjni-6.0.1.jar:/home/user/.m2/repository/org/apache/logging/log4j/log4j-api/2.11.0/log4j-api-2.11.0.jar:/home/user/.m2/repository/org/apache/logging/log4j/log4j-core/2.11.0/log4j-core-2.11.0.jar:/home/user/.m2/repository/com/lmax/disruptor/3.4.2/disruptor-3.4.2.jar:/home/user/.m2/repository/org/apache/commons/commons-pool2/2.6.0/commons-pool2-2.6.0.jar:/home/user/.m2/repository/org/bouncycastle/bcpkix-jdk15on/1.60/bcpkix-jdk15on-1.60.jar:/home/user/.m2/repository/commons-validator/commons-validator/1.6/commons-validator-1.6.jar:/home/user/.m2/repository/commons-digester/commons-digester/1.8.1/commons-digester-1.8.1.jar:/home/user/.m2/repository/io/jaegertracing/jaeger-client/0.33.1/jaeger-client-0.33.1.jar:/home/user/.m2/repository/io/jaegertracing/jaeger-thrift/0.33.1/jaeger-thrift-0.33.1.jar:/home/user/.m2/repository/org/apache/thrift/libthrift/0.11.0/libthrift-0.11.0.jar:/home/user/.m2/repository/com/squareup/okhttp3/okhttp/3.9.0/okhttp-3.9.0.jar:/home/user/.m2/repository/com/squareup/okio/okio/1.13.0/okio-1.13.0.jar:/home/user/.m2/repository/io/jaegertracing/jaeger-core/0.33.1/jaeger-core-0.33.1.jar:/home/user/.m2/repository/io/jaegertracing/jaeger-tracerresolver/0.33.1/jaeger-tracerresolver-0.33.1.jar:/home/user/.m2/repository/io/opentracing/contrib/opentracing-tracerresolver/0.1.5/opentracing-tracerresolver-0.1.5.jar:/home/user/.m2/repository/io/opentracing/opentracing-util/0.31.0/opentracing-util-0.31.0.jar:/home/user/.m2/repository/io/opentracing/opentracing-api/0.31.0/opentracing-api-0.31.0.jar:/home/user/.m2/repository/io/opentracing/opentracing-noop/0.31.0/opentracing-noop-0.31.0.jar:/home/user/.m2/repository/org/apache/hadoop/hadoop-hdds-server-framework/0.5.0-SNAPSHOT/hadoop-hdds-server-framework-0.5.0-SNAPSHOT.jar:/home/user/.m2/repository/org/apache/hadoop/hadoop-hdds-container-service/0.5.0-SNAPSHOT/hadoop-hdds-container-service-0.5.0-SNAPSHOT.jar:/home/user/.m2/repository/org/apache/hadoop/hadoop-hdds-client/0.5.0-SNAPSHOT/hadoop-hdds-client-0.5.0-SNAPSHOT.jar:/home/user/.m2/repository/org/apache/hadoop/hadoop-hdds-tools/0.5.0-SNAPSHOT/hadoop-hdds-tools-0.5.0-SNAPSHOT.jar:/home/user/.m2/repository/org/apache/hadoop/hadoop-hdds-server-scm/0.5.0-SNAPSHOT/hadoop-hdds-server-scm-0.5.0-SNAPSHOT.jar:/home/user/.m2/repository/org/apache/hadoop/hadoop-hdds-docs/0.5.0-SNAPSHOT/hadoop-hdds-docs-0.5.0-SNAPSHOT.jar:/home/user/.m2/repository/io/dropwizard/metrics/metrics-core/3.2.4/metrics-core-3.2.4.jar:/home/user/.m2/repository/org/hamcrest/hamcrest-all/1.3/hamcrest-all-1.3.jar:/home/user/.m2/repository/org/bouncycastle/bcprov-jdk15on/1.60/bcprov-jdk15on-1.60.jar:/home/user/.m2/repository/info/picocli/picocli/3.9.6/picocli-3.9.6.jar:/home/user/.m2/repository/com/google/protobuf/protobuf-java/2.5.0/protobuf-java-2.5.0.jar:/home/user/.m2/repository/com/google/guava/guava/11.0.2/guava-11.0.2.jar:/home/user/.m2/repository/org/apache/hadoop/hadoop-ozone-ozone-manager/0.5.0-SNAPSHOT/hadoop-ozone-ozone-manager-0.5.0-SNAPSHOT.jar:/home/user/.m2/repository/org/apache/hadoop/hadoop-minikdc/3.2.0/hadoop-minikdc-3.2.0.jar:/home/user/.m2/repository/commons-io/commons-io/2.5/commons-io-2.5.jar:/home/user/.m2/repository/org/apache/kerby/kerb-simplekdc/1.0.1/kerb-simplekdc-1.0.1.jar:/home/user/.m2/repository/org/apache/kerby/kerb-client/1.0.1/kerb-client-1.0.1.jar:/home/user/.m2/repository/org/apache/kerby/kerby-config/1.0.1/kerby-config-1.0.1.jar:/home/user/.m2/repository/org/apache/kerby/kerb-core/1.0.1/kerb-core-1.0.1.jar:/home/user/.m2/repository/org/apache/kerby/kerby-pkix/1.0.1/kerby-pkix-1.0.1.jar:/home/user/.m2/repository/org/apache/kerby/kerby-asn1/1.0.1/kerby-asn1-1.0.1.jar:/home/user/.m2/repository/org/apache/kerby/kerby-util/1.0.1/kerby-util-1.0.1.jar:/home/user/.m2/repository/org/apache/kerby/kerb-common/1.0.1/kerb-common-1.0.1.jar:/home/user/.m2/repository/org/apache/kerby/kerb-crypto/1.0.1/kerb-crypto-1.0.1.jar:/home/user/.m2/repository/org/apache/kerby/kerb-util/1.0.1/kerb-util-1.0.1.jar:/home/user/.m2/repository/org/apache/kerby/token-provider/1.0.1/token-provider-1.0.1.jar:/home/user/.m2/repository/org/apache/kerby/kerb-admin/1.0.1/kerb-admin-1.0.1.jar:/home/user/.m2/repository/org/apache/kerby/kerb-server/1.0.1/kerb-server-1.0.1.jar:/home/user/.m2/repository/org/apache/kerby/kerb-identity/1.0.1/kerb-identity-1.0.1.jar:/home/user/.m2/repository/org/apache/kerby/kerby-xdr/1.0.1/kerby-xdr-1.0.1.jar:/home/user/.m2/repository/org/slf4j/slf4j-log4j12/1.7.25/slf4j-log4j12-1.7.25.jar:/home/user/.m2/repository/org/apache/hadoop/hadoop-ozone-s3gateway/0.5.0-SNAPSHOT/hadoop-ozone-s3gateway-0.5.0-SNAPSHOT.jar:/home/user/.m2/repository/org/jboss/weld/servlet/weld-servlet/2.4.7.Final/weld-servlet-2.4.7.Final.jar:/home/user/.m2/repository/org/glassfish/jersey/containers/jersey-container-servlet-core/2.27/jersey-container-servlet-core-2.27.jar:/home/user/.m2/repository/org/glassfish/hk2/external/javax.inject/2.5.0-b42/javax.inject-2.5.0-b42.jar:/home/user/.m2/repository/org/glassfish/jersey/core/jersey-common/2.27/jersey-common-2.27.jar:/home/user/.m2/repository/org/glassfish/hk2/osgi-resource-locator/1.0.1/osgi-resource-locator-1.0.1.jar:/home/user/.m2/repository/javax/ws/rs/javax.ws.rs-api/2.1/javax.ws.rs-api-2.1.jar:/home/user/.m2/repository/org/glassfish/jersey/ext/cdi/jersey-cdi1x/2.27/jersey-cdi1x-2.27.jar:/home/user/.m2/repository/org/glassfish/jersey/inject/jersey-hk2/2.27/jersey-hk2-2.27.jar:/home/user/.m2/repository/org/glassfish/hk2/hk2-locator/2.5.0-b42/hk2-locator-2.5.0-b42.jar:/home/user/.m2/repository/org/javassist/javassist/3.22.0-CR2/javassist-3.22.0-CR2.jar:/home/user/.m2/repository/org/glassfish/hk2/hk2-api/2.5.0/hk2-api-2.5.0.jar:/home/user/.m2/repository/org/glassfish/hk2/external/jakarta.inject/2.5.0/jakarta.inject-2.5.0.jar:/home/user/.m2/repository/org/glassfish/hk2/hk2-utils/2.5.0/hk2-utils-2.5.0.jar:/home/user/.m2/repository/jakarta/annotation/jakarta.annotation-api/1.3.4/jakarta.annotation-api-1.3.4.jar:/home/user/.m2/repository/org/glassfish/hk2/external/aopalliance-repackaged/2.5.0/aopalliance-repackaged-2.5.0.jar:/home/user/.m2/repository/com/fasterxml/jackson/dataformat/jackson-dataformat-xml/2.9.0/jackson-dataformat-xml-2.9.0.jar:/home/user/.m2/repository/com/fasterxml/jackson/core/jackson-core/2.9.5/jackson-core-2.9.5.jar:/home/user/.m2/repository/com/fasterxml/jackson/module/jackson-module-jaxb-annotations/2.9.5/jackson-module-jaxb-annotations-2.9.5.jar:/home/user/.m2/repository/javax/enterprise/cdi-api/1.2/cdi-api-1.2.jar:/home/user/.m2/repository/javax/el/javax.el-api/3.0.0/javax.el-api-3.0.0.jar:/home/user/.m2/repository/javax/interceptor/javax.interceptor-api/1.2/javax.interceptor-api-1.2.jar:/home/user/.m2/repository/javax/inject/javax.inject/1/javax.inject-1.jar:/home/user/.m2/repository/com/sun/xml/bind/jaxb-impl/2.3.0.1/jaxb-impl-2.3.0.1.jar:/home/user/.m2/repository/com/sun/xml/bind/jaxb-core/2.3.0.1/jaxb-core-2.3.0.1.jar:/home/user/.m2/repository/javax/xml/bind/jaxb-api/2.3.0/jaxb-api-2.3.0.jar:/home/user/.m2/repository/javax/activation/activation/1.1.1/activation-1.1.1.jar:/home/user/.m2/repository/org/apache/hadoop/hadoop-ozone-csi/0.5.0-SNAPSHOT/hadoop-ozone-csi-0.5.0-SNAPSHOT.jar:/home/user/.m2/repository/com/google/protobuf/protobuf-java-util/3.5.1/protobuf-java-util-3.5.1.jar:/home/user/.m2/repository/org/apache/hadoop/hadoop-hdds-config/0.5.0-SNAPSHOT/hadoop-hdds-config-0.5.0-SNAPSHOT.jar:/home/user/.m2/repository/io/grpc/grpc-netty/1.17.1/grpc-netty-1.17.1.jar:/home/user/.m2/repository/io/grpc/grpc-core/1.17.1/grpc-core-1.17.1.jar:/home/user/.m2/repository/io/grpc/grpc-context/1.17.1/grpc-context-1.17.1.jar:/home/user/.m2/repository/com/google/errorprone/error_prone_annotations/2.2.0/error_prone_annotations-2.2.0.jar:/home/user/.m2/repository/org/codehaus/mojo/animal-sniffer-annotations/1.17/animal-sniffer-annotations-1.17.jar:/home/user/.m2/repository/io/opencensus/opencensus-api/0.17.0/opencensus-api-0.17.0.jar:/home/user/.m2/repository/io/opencensus/opencensus-contrib-grpc-metrics/0.17.0/opencensus-contrib-grpc-metrics-0.17.0.jar:/home/user/.m2/repository/io/netty/netty-codec-http2/4.1.30.Final/netty-codec-http2-4.1.30.Final.jar:/home/user/.m2/repository/io/netty/netty-codec-http/4.1.30.Final/netty-codec-http-4.1.30.Final.jar:/home/user/.m2/repository/io/netty/netty-codec/4.1.30.Final/netty-codec-4.1.30.Final.jar:/home/user/.m2/repository/io/netty/netty-handler/4.1.30.Final/netty-handler-4.1.30.Final.jar:/home/user/.m2/repository/io/netty/netty-handler-proxy/4.1.30.Final/netty-handler-proxy-4.1.30.Final.jar:/home/user/.m2/repository/io/netty/netty-codec-socks/4.1.30.Final/netty-codec-socks-4.1.30.Final.jar:/home/user/.m2/repository/io/netty/netty-transport-native-epoll/4.1.30.Final/netty-transport-native-epoll-4.1.30.Final.jar:/home/user/.m2/repository/io/netty/netty-common/4.1.30.Final/netty-common-4.1.30.Final.jar:/home/user/.m2/repository/io/netty/netty-buffer/4.1.30.Final/netty-buffer-4.1.30.Final.jar:/home/user/.m2/repository/io/netty/netty-transport/4.1.30.Final/netty-transport-4.1.30.Final.jar:/home/user/.m2/repository/io/netty/netty-resolver/4.1.30.Final/netty-resolver-4.1.30.Final.jar:/home/user/.m2/repository/io/netty/netty-transport-native-unix-common/4.1.30.Final/netty-transport-native-unix-common-4.1.30.Final.jar:/home/user/.m2/repository/io/grpc/grpc-protobuf/1.17.1/grpc-protobuf-1.17.1.jar:/home/user/.m2/repository/com/google/api/grpc/proto-google-common-protos/1.0.0/proto-google-common-protos-1.0.0.jar:/home/user/.m2/repository/io/grpc/grpc-protobuf-lite/1.17.1/grpc-protobuf-lite-1.17.1.jar:/home/user/.m2/repository/io/grpc/grpc-stub/1.17.1/grpc-stub-1.17.1.jar:/home/user/.m2/repository/org/apache/hadoop/hadoop-ozone-recon/0.5.0-SNAPSHOT/hadoop-ozone-recon-0.5.0-SNAPSHOT.jar:/home/user/.m2/repository/org/apache/hadoop/hadoop-ozone-reconcodegen/0.5.0-SNAPSHOT/hadoop-ozone-reconcodegen-0.5.0-SNAPSHOT.jar:/home/user/.m2/repository/com/google/inject/extensions/guice-multibindings/4.0/guice-multibindings-4.0.jar:/home/user/.m2/repository/com/google/inject/guice/4.0/guice-4.0.jar:/home/user/.m2/repository/aopalliance/aopalliance/1.0/aopalliance-1.0.jar:/home/user/.m2/repository/com/google/inject/extensions/guice-servlet/4.0/guice-servlet-4.0.jar:/home/user/.m2/repository/org/glassfish/jersey/containers/jersey-container-servlet/2.27/jersey-container-servlet-2.27.jar:/home/user/.m2/repository/org/glassfish/hk2/guice-bridge/2.5.0/guice-bridge-2.5.0.jar:/home/user/.m2/repository/org/glassfish/jersey/core/jersey-server/2.27/jersey-server-2.27.jar:/home/user/.m2/repository/org/glassfish/jersey/core/jersey-client/2.27/jersey-client-2.27.jar:/home/user/.m2/repository/org/glassfish/jersey/media/jersey-media-jaxb/2.27/jersey-media-jaxb-2.27.jar:/home/user/.m2/repository/javax/validation/validation-api/1.1.0.Final/validation-api-1.1.0.Final.jar:/home/user/.m2/repository/org/glassfish/jersey/media/jersey-media-json-jackson/2.27/jersey-media-json-jackson-2.27.jar:/home/user/.m2/repository/org/glassfish/jersey/ext/jersey-entity-filtering/2.27/jersey-entity-filtering-2.27.jar:/home/user/.m2/repository/com/google/inject/extensions/guice-assistedinject/4.0/guice-assistedinject-4.0.jar:/home/user/.m2/repository/org/jooq/jooq/3.11.10/jooq-3.11.10.jar:/home/user/.m2/repository/org/jooq/jooq-meta/3.11.10/jooq-meta-3.11.10.jar:/home/user/.m2/repository/org/jooq/jooq-codegen/3.11.10/jooq-codegen-3.11.10.jar:/home/user/.m2/repository/com/jolbox/bonecp/0.8.0.RELEASE/bonecp-0.8.0.RELEASE.jar:/home/user/.m2/repository/org/xerial/sqlite-jdbc/3.25.2/sqlite-jdbc-3.25.2.jar:/home/user/.m2/repository/org/springframework/spring-jdbc/5.1.3.RELEASE/spring-jdbc-5.1.3.RELEASE.jar:/home/user/.m2/repository/org/springframework/spring-beans/5.1.3.RELEASE/spring-beans-5.1.3.RELEASE.jar:/home/user/.m2/repository/org/springframework/spring-core/5.1.3.RELEASE/spring-core-5.1.3.RELEASE.jar:/home/user/.m2/repository/org/springframework/spring-jcl/5.1.3.RELEASE/spring-jcl-5.1.3.RELEASE.jar:/home/user/.m2/repository/org/springframework/spring-tx/5.1.3.RELEASE/spring-tx-5.1.3.RELEASE.jar:/home/user/.m2/repository/org/apache/hadoop/hadoop-ozone-client/0.5.0-SNAPSHOT/hadoop-ozone-client-0.5.0-SNAPSHOT.jar:/home/user/.m2/repository/commons-lang/commons-lang/2.6/commons-lang-2.6.jar:/home/user/.m2/repository/org/apache/hadoop/hadoop-ozone-ozone-manager/0.5.0-SNAPSHOT/hadoop-ozone-ozone-manager-0.5.0-SNAPSHOT-tests.jar:/home/user/.m2/repository/junit/junit/4.11/junit-4.11.jar:/home/user/.m2/repository/org/hamcrest/hamcrest-core/1.3/hamcrest-core-1.3.jar:/home/user/.m2/repository/org/openjdk/jmh/jmh-core/1.19/jmh-core-1.19.jar:/home/user/.m2/repository/net/sf/jopt-simple/jopt-simple/4.6/jopt-simple-4.6.jar:/home/user/.m2/repository/org/apache/commons/commons-math3/3.1.1/commons-math3-3.1.1.jar:/home/user/.m2/repository/org/openjdk/jmh/jmh-generator-annprocess/1.19/jmh-generator-annprocess-1.19.jar:/home/user/.m2/repository/org/mockito/mockito-all/1.8.5/mockito-all-1.8.5.jar:/home/user/.m2/repository/org/apache/hadoop/hadoop-kms/3.2.0/hadoop-kms-3.2.0.jar:/home/user/.m2/repository/org/apache/hadoop/hadoop-auth/3.2.0/hadoop-auth-3.2.0.jar:/home/user/.m2/repository/com/nimbusds/nimbus-jose-jwt/4.41.1/nimbus-jose-jwt-4.41.1.jar:/home/user/.m2/repository/com/github/stephenc/jcip/jcip-annotations/1.0-1/jcip-annotations-1.0-1.jar:/home/user/.m2/repository/net/minidev/json-smart/2.3/json-smart-2.3.jar:/home/user/.m2/repository/net/minidev/accessors-smart/1.2/accessors-smart-1.2.jar:/home/user/.m2/repository/org/ow2/asm/asm/5.0.4/asm-5.0.4.jar:/home/user/.m2/repository/org/apache/curator/curator-framework/2.12.0/curator-framework-2.12.0.jar:/home/user/.m2/repository/com/sun/jersey/jersey-core/1.19/jersey-core-1.19.jar:/home/user/.m2/repository/javax/ws/rs/jsr311-api/1.1.1/jsr311-api-1.1.1.jar:/home/user/.m2/repository/com/sun/jersey/jersey-server/1.19/jersey-server-1.19.jar:/home/user/.m2/repository/javax/servlet/javax.servlet-api/3.1.0/javax.servlet-api-3.1.0.jar:/home/user/.m2/repository/org/eclipse/jetty/jetty-server/9.3.24.v20180605/jetty-server-9.3.24.v20180605.jar:/home/user/.m2/repository/org/eclipse/jetty/jetty-http/9.3.24.v20180605/jetty-http-9.3.24.v20180605.jar:/home/user/.m2/repository/org/eclipse/jetty/jetty-io/9.3.24.v20180605/jetty-io-9.3.24.v20180605.jar:/home/user/.m2/repository/org/eclipse/jetty/jetty-webapp/9.3.24.v20180605/jetty-webapp-9.3.24.v20180605.jar:/home/user/.m2/repository/org/eclipse/jetty/jetty-xml/9.3.24.v20180605/jetty-xml-9.3.24.v20180605.jar:/home/user/.m2/repository/log4j/log4j/1.2.17/log4j-1.2.17.jar:/home/user/.m2/repository/org/slf4j/slf4j-api/1.7.25/slf4j-api-1.7.25.jar:/home/user/.m2/repository/org/slf4j/jul-to-slf4j/1.7.25/jul-to-slf4j-1.7.25.jar:/home/user/.m2/repository/org/eclipse/jetty/jetty-util/9.3.24.v20180605/jetty-util-9.3.24.v20180605.jar:/home/user/.m2/repository/com/fasterxml/jackson/core/jackson-databind/2.9.5/jackson-databind-2.9.5.jar:/home/user/.m2/repository/org/apache/hadoop/hadoop-kms/3.2.0/hadoop-kms-3.2.0-tests.jar:/home/user/.m2/repository/org/apache/hadoop/hadoop-hdds-server-scm/0.5.0-SNAPSHOT/hadoop-hdds-server-scm-0.5.0-SNAPSHOT-tests.jar:/home/user/.m2/repository/org/apache/hadoop/hadoop-hdds-container-service/0.5.0-SNAPSHOT/hadoop-hdds-container-service-0.5.0-SNAPSHOT-tests.jar:/home/user/.m2/repository/org/yaml/snakeyaml/1.16/snakeyaml-1.16.jar:/home/user/.m2/repository/org/apache/hadoop/hadoop-common/3.2.0/hadoop-common-3.2.0-tests.jar:/home/user/.m2/repository/org/apache/hadoop/hadoop-annotations/3.2.0/hadoop-annotations-3.2.0.jar:/usr/lib/jvm/java-1.8-openjdk/jre/../lib/tools.jar:/home/user/.m2/repository/commons-cli/commons-cli/1.2/commons-cli-1.2.jar:/home/user/.m2/repository/org/apache/httpcomponents/httpclient/4.5.2/httpclient-4.5.2.jar:/home/user/.m2/repository/org/apache/httpcomponents/httpcore/4.4.4/httpcore-4.4.4.jar:/home/user/.m2/repository/commons-codec/commons-codec/1.11/commons-codec-1.11.jar:/home/user/.m2/repository/commons-net/commons-net/3.6/commons-net-3.6.jar:/home/user/.m2/repository/commons-collections/commons-collections/3.2.2/commons-collections-3.2.2.jar:/home/user/.m2/repository/org/eclipse/jetty/jetty-servlet/9.3.24.v20180605/jetty-servlet-9.3.24.v20180605.jar:/home/user/.m2/repository/org/eclipse/jetty/jetty-security/9.3.24.v20180605/jetty-security-9.3.24.v20180605.jar:/home/user/.m2/repository/javax/servlet/jsp/jsp-api/2.1/jsp-api-2.1.jar:/home/user/.m2/repository/com/sun/jersey/jersey-servlet/1.19/jersey-servlet-1.19.jar:/home/user/.m2/repository/com/sun/jersey/jersey-json/1.19/jersey-json-1.19.jar:/home/user/.m2/repository/org/codehaus/jettison/jettison/1.1/jettison-1.1.jar:/home/user/.m2/repository/org/codehaus/jackson/jackson-core-asl/1.9.13/jackson-core-asl-1.9.13.jar:/home/user/.m2/repository/org/codehaus/jackson/jackson-mapper-asl/1.9.13/jackson-mapper-asl-1.9.13.jar:/home/user/.m2/repository/org/codehaus/jackson/jackson-jaxrs/1.9.13/jackson-jaxrs-1.9.13.jar:/home/user/.m2/repository/org/codehaus/jackson/jackson-xc/1.9.13/jackson-xc-1.9.13.jar:/home/user/.m2/repository/commons-logging/commons-logging/1.1.3/commons-logging-1.1.3.jar:/home/user/.m2/repository/commons-beanutils/commons-beanutils/1.9.3/commons-beanutils-1.9.3.jar:/home/user/.m2/repository/org/apache/commons/commons-configuration2/2.1.1/commons-configuration2-2.1.1.jar:/home/user/.m2/repository/org/apache/commons/commons-lang3/3.7/commons-lang3-3.7.jar:/home/user/.m2/repository/org/apache/commons/commons-text/1.4/commons-text-1.4.jar:/home/user/.m2/repository/org/apache/avro/avro/1.7.7/avro-1.7.7.jar:/home/user/.m2/repository/com/thoughtworks/paranamer/paranamer/2.3/paranamer-2.3.jar:/home/user/.m2/repository/org/xerial/snappy/snappy-java/1.0.5/snappy-java-1.0.5.jar:/home/user/.m2/repository/com/google/re2j/re2j/1.1/re2j-1.1.jar:/home/user/.m2/repository/com/google/code/gson/gson/2.2.4/gson-2.2.4.jar:/home/user/.m2/repository/com/jcraft/jsch/0.1.54/jsch-0.1.54.jar:/home/user/.m2/repository/org/apache/curator/curator-client/2.12.0/curator-client-2.12.0.jar:/home/user/.m2/repository/org/apache/curator/curator-recipes/2.12.0/curator-recipes-2.12.0.jar:/home/user/.m2/repository/com/google/code/findbugs/jsr305/3.0.0/jsr305-3.0.0.jar:/home/user/.m2/repository/org/apache/htrace/htrace-core4/4.1.0-incubating/htrace-core4-4.1.0-incubating.jar:/home/user/.m2/repository/org/apache/zookeeper/zookeeper/3.4.13/zookeeper-3.4.13.jar:/home/user/.m2/repository/org/apache/yetus/audience-annotations/0.5.0/audience-annotations-0.5.0.jar:/home/user/.m2/repository/org/codehaus/woodstox/stax2-api/3.1.4/stax2-api-3.1.4.jar:/home/user/.m2/repository/com/fasterxml/woodstox/woodstox-core/5.0.3/woodstox-core-5.0.3.jar:/home/user/.m2/repository/dnsjava/dnsjava/2.1.7/dnsjava-2.1.7.jar:/home/user/.m2/repository/org/apache/hadoop/hadoop-hdfs/3.2.0/hadoop-hdfs-3.2.0-tests.jar:/home/user/.m2/repository/org/eclipse/jetty/jetty-util-ajax/9.3.24.v20180605/jetty-util-ajax-9.3.24.v20180605.jar:/home/user/.m2/repository/commons-daemon/commons-daemon/1.0.13/commons-daemon-1.0.13.jar:/home/user/.m2/repository/io/netty/netty/3.10.5.Final/netty-3.10.5.Final.jar:/home/user/.m2/repository/io/netty/netty-all/4.0.52.Final/netty-all-4.0.52.Final.jar:/home/user/.m2/repository/org/fusesource/leveldbjni/leveldbjni-all/1.8/leveldbjni-all-1.8.jar:"/>
    <property name="sun.cpu.endian" value="little"/>
    <property name="user.home" value="/home/user"/>
    <property name="user.language" value="en"/>
    <property name="java.specification.vendor" value="Oracle Corporation"/>
    <property name="java.home" value="/usr/lib/jvm/java-1.8-openjdk/jre"/>
    <property name="java.security.krb5.conf" value="/workdir/hadoop-ozone/integration-test/target/test-classes/krb5.conf"/>
    <property name="basedir" value="/workdir/hadoop-ozone/integration-test"/>
    <property name="file.separator" value="/"/>
    <property name="line.separator" value="&#10;"/>
    <property name="java.vm.specification.vendor" value="Oracle Corporation"/>
    <property name="java.specification.name" value="Java Platform API Specification"/>
    <property name="java.awt.graphicsenv" value="sun.awt.X11GraphicsEnvironment"/>
    <property name="surefire.real.class.path" value="/workdir/hadoop-ozone/integration-test/target/surefire/surefirebooter4058455862603187403.jar"/>
    <property name="hadoop.log.dir" value="/workdir/hadoop-ozone/integration-test/target/log"/>
    <property name="sun.boot.class.path" value="/usr/lib/jvm/java-1.8-openjdk/jre/lib/resources.jar:/usr/lib/jvm/java-1.8-openjdk/jre/lib/rt.jar:/usr/lib/jvm/java-1.8-openjdk/jre/lib/sunrsasign.jar:/usr/lib/jvm/java-1.8-openjdk/jre/lib/jsse.jar:/usr/lib/jvm/java-1.8-openjdk/jre/lib/jce.jar:/usr/lib/jvm/java-1.8-openjdk/jre/lib/charsets.jar:/usr/lib/jvm/java-1.8-openjdk/jre/lib/jfr.jar:/usr/lib/jvm/java-1.8-openjdk/jre/classes"/>
    <property name="sun.management.compiler" value="HotSpot 64-Bit Tiered Compilers"/>
    <property name="java.runtime.version" value="1.8.0_212-b04"/>
    <property name="java.net.preferIPv4Stack" value="true"/>
    <property name="user.name" value="jenkins1000"/>
    <property name="path.separator" value=":"/>
    <property name="java.security.egd" value="file:///dev/urandom"/>
    <property name="os.version" value="3.10.0-957.12.2.el7.x86_64"/>
    <property name="java.endorsed.dirs" value="/usr/lib/jvm/java-1.8-openjdk/jre/lib/endorsed"/>
    <property name="java.runtime.name" value="OpenJDK Runtime Environment"/>
    <property name="file.encoding" value="UTF-8"/>
    <property name="java.vm.name" value="OpenJDK 64-Bit Server VM"/>
    <property name="test.build.webapps" value=""/>
    <property name="localRepository" value="/home/user/.m2/repository"/>
    <property name="java.vendor.url.bug" value="https://icedtea.classpath.org/bugzilla"/>
    <property name="java.io.tmpdir" value="/tmp"/>
    <property name="require.test.libhadoop" value=""/>
    <property name="java.version" value="1.8.0_212"/>
    <property name="user.dir" value="/workdir/hadoop-ozone/integration-test"/>
    <property name="os.arch" value="amd64"/>
    <property name="java.vm.specification.name" value="Java Virtual Machine Specification"/>
    <property name="test.build.classes" value="/workdir/hadoop-ozone/integration-test/target/test-classes"/>
    <property name="java.awt.printerjob" value="sun.print.PSPrinterJob"/>
    <property name="sun.os.patch.level" value="unknown"/>
    <property name="hadoop.tmp.dir" value="/workdir/hadoop-ozone/integration-test/target/tmp"/>
    <property name="java.library.path" value="/usr/lib/jvm/java-1.8-openjdk/jre/lib/amd64/server:/usr/lib/jvm/java-1.8-openjdk/jre/lib/amd64:/usr/lib/jvm/java-1.8-openjdk/jre/../lib/amd64:/workdir/hadoop-ozone/integration-test/target/native/target/usr/local/lib:/workdir/hadoop-ozone/integration-test/../../hadoop-common-project/hadoop-common/target/native/target/usr/local/lib:/usr/java/packages/lib/amd64:/usr/lib64:/lib64:/lib:/usr/lib"/>
    <property name="java.vm.info" value="mixed mode"/>
    <property name="java.vendor" value="IcedTea"/>
    <property name="java.vm.version" value="25.212-b04"/>
    <property name="java.ext.dirs" value="/usr/lib/jvm/java-1.8-openjdk/jre/lib/ext:/usr/java/packages/lib/ext"/>
    <property name="sun.io.unicode.encoding" value="UnicodeLittle"/>
    <property name="java.class.version" value="52.0"/>
  </properties>
  <testcase name="testBlockDeletion" classname="org.apache.hadoop.ozone.container.common.statemachine.commandhandler.TestBlockDeletion" time="79.192">
    <failure message="expected null, but was:&lt;[B@5626d18c&gt;" type="java.lang.AssertionError"><![CDATA[java.lang.AssertionError: expected null, but was:<[B@5626d18c>
	at org.junit.Assert.fail(Assert.java:88)
	at org.junit.Assert.failNotNull(Assert.java:664)
	at org.junit.Assert.assertNull(Assert.java:646)
	at org.junit.Assert.assertNull(Assert.java:656)
	at org.apache.hadoop.ozone.container.common.statemachine.commandhandler.TestBlockDeletion.lambda$verifyBlocksDeleted$5(TestBlockDeletion.java:334)
	at org.apache.hadoop.ozone.OzoneTestUtils.performOperationOnKeyContainers(OzoneTestUtils.java:96)
	at org.apache.hadoop.ozone.container.common.statemachine.commandhandler.TestBlockDeletion.verifyBlocksDeleted(TestBlockDeletion.java:328)
	at org.apache.hadoop.ozone.container.common.statemachine.commandhandler.TestBlockDeletion.testBlockDeletion(TestBlockDeletion.java:188)
	at sun.reflect.NativeMethodAccessorImpl.invoke0(Native Method)
	at sun.reflect.NativeMethodAccessorImpl.invoke(NativeMethodAccessorImpl.java:62)
	at sun.reflect.DelegatingMethodAccessorImpl.invoke(DelegatingMethodAccessorImpl.java:43)
	at java.lang.reflect.Method.invoke(Method.java:498)
	at org.junit.runners.model.FrameworkMethod$1.runReflectiveCall(FrameworkMethod.java:47)
	at org.junit.internal.runners.model.ReflectiveCallable.run(ReflectiveCallable.java:12)
	at org.junit.runners.model.FrameworkMethod.invokeExplosively(FrameworkMethod.java:44)
	at org.junit.internal.runners.statements.InvokeMethod.evaluate(InvokeMethod.java:17)
	at org.junit.runners.ParentRunner.runLeaf(ParentRunner.java:271)
	at org.junit.runners.BlockJUnit4ClassRunner.runChild(BlockJUnit4ClassRunner.java:70)
	at org.junit.runners.BlockJUnit4ClassRunner.runChild(BlockJUnit4ClassRunner.java:50)
	at org.junit.runners.ParentRunner$3.run(ParentRunner.java:238)
	at org.junit.runners.ParentRunner$1.schedule(ParentRunner.java:63)
	at org.junit.runners.ParentRunner.runChildren(ParentRunner.java:236)
	at org.junit.runners.ParentRunner.access$000(ParentRunner.java:53)
	at org.junit.runners.ParentRunner$2.evaluate(ParentRunner.java:229)
	at org.junit.internal.runners.statements.RunBefores.evaluate(RunBefores.java:26)
	at org.junit.runners.ParentRunner.run(ParentRunner.java:309)
	at org.apache.maven.surefire.junit4.JUnit4Provider.execute(JUnit4Provider.java:365)
	at org.apache.maven.surefire.junit4.JUnit4Provider.executeWithRerun(JUnit4Provider.java:273)
	at org.apache.maven.surefire.junit4.JUnit4Provider.executeTestSet(JUnit4Provider.java:238)
	at org.apache.maven.surefire.junit4.JUnit4Provider.invoke(JUnit4Provider.java:159)
	at org.apache.maven.surefire.booter.ForkedBooter.invokeProviderInSameClassLoader(ForkedBooter.java:384)
	at org.apache.maven.surefire.booter.ForkedBooter.runSuitesInProcess(ForkedBooter.java:345)
	at org.apache.maven.surefire.booter.ForkedBooter.execute(ForkedBooter.java:126)
	at org.apache.maven.surefire.booter.ForkedBooter.main(ForkedBooter.java:418)
]]></failure>
    <system-out><![CDATA[2019-09-17 12:48:01,677 [main] WARN  server.ServerUtils (ServerUtils.java:getScmDbDir(145)) - ozone.scm.db.dirs is not configured. We recommend adding this setting. Falling back to ozone.metadata.dirs instead.
2019-09-17 12:48:01,797 [main] WARN  server.ServerUtils (ServerUtils.java:getScmDbDir(145)) - ozone.scm.db.dirs is not configured. We recommend adding this setting. Falling back to ozone.metadata.dirs instead.
2019-09-17 12:48:01,800 [main] WARN  server.ServerUtils (ServerUtils.java:getScmDbDir(145)) - ozone.scm.db.dirs is not configured. We recommend adding this setting. Falling back to ozone.metadata.dirs instead.
2019-09-17 12:48:01,819 [main] INFO  util.log (Log.java:initialized(192)) - Logging initialized @925ms
2019-09-17 12:48:01,912 [main] INFO  db.DBStoreBuilder (DBStoreBuilder.java:addTable(110)) - using custom profile for table: deletedBlocks
2019-09-17 12:48:01,912 [main] INFO  db.DBStoreBuilder (DBStoreBuilder.java:processTables(161)) - Using default column profile:DBProfile.DISK for Table:deletedBlocks
2019-09-17 12:48:01,913 [main] INFO  db.DBStoreBuilder (DBStoreBuilder.java:addTable(110)) - using custom profile for table: validCerts
2019-09-17 12:48:01,913 [main] INFO  db.DBStoreBuilder (DBStoreBuilder.java:processTables(161)) - Using default column profile:DBProfile.DISK for Table:validCerts
2019-09-17 12:48:01,913 [main] INFO  db.DBStoreBuilder (DBStoreBuilder.java:addTable(110)) - using custom profile for table: revokedCerts
2019-09-17 12:48:01,914 [main] INFO  db.DBStoreBuilder (DBStoreBuilder.java:processTables(161)) - Using default column profile:DBProfile.DISK for Table:revokedCerts
2019-09-17 12:48:01,931 [main] INFO  db.DBStoreBuilder (DBStoreBuilder.java:addTable(110)) - using custom profile for table: default
2019-09-17 12:48:01,932 [main] INFO  db.DBStoreBuilder (DBStoreBuilder.java:processTables(167)) - Using default column profile:DBProfile.DISK for Table:default
2019-09-17 12:48:01,934 [main] INFO  db.DBStoreBuilder (DBStoreBuilder.java:getDbProfile(198)) - Using default options. DBProfile.DISK
2019-09-17 12:48:02,288 [main] INFO  net.NodeSchemaLoader (NodeSchemaLoader.java:loadSchemaFromFile(125)) - Loading file from sun.misc.CompoundEnumeration@5e0e82ae
2019-09-17 12:48:02,290 [main] INFO  net.NodeSchemaLoader (NodeSchemaLoader.java:loadSchema(171)) - Loading network topology layer schema file
2019-09-17 12:48:02,364 [main] INFO  node.SCMNodeManager (SCMNodeManager.java:<init>(114)) - Entering startup safe mode.
2019-09-17 12:48:02,438 [main] INFO  algorithms.ContainerPlacementPolicyFactory (ContainerPlacementPolicyFactory.java:getPolicy(57)) - Create container placement policy of type org.apache.hadoop.hdds.scm.container.placement.algorithms.SCMContainerPlacementRandom
2019-09-17 12:48:02,453 [main] WARN  server.ServerUtils (ServerUtils.java:getScmDbDir(145)) - ozone.scm.db.dirs is not configured. We recommend adding this setting. Falling back to ozone.metadata.dirs instead.
2019-09-17 12:48:02,566 [main] INFO  pipeline.SCMPipelineManager (SCMPipelineManager.java:initializePipelineState(128)) - No pipeline exists in current db
2019-09-17 12:48:02,569 [main] WARN  server.ServerUtils (ServerUtils.java:getScmDbDir(145)) - ozone.scm.db.dirs is not configured. We recommend adding this setting. Falling back to ozone.metadata.dirs instead.
2019-09-17 12:48:02,734 [main] WARN  events.EventQueue (EventQueue.java:fireEvent(183)) - No event handler registered for event TypedEvent{payloadType=SafeModeStatus, name='SafeModeStatus'}
2019-09-17 12:48:03,113 [main] INFO  ipc.CallQueueManager (CallQueueManager.java:<init>(84)) - Using callQueue: class java.util.concurrent.LinkedBlockingQueue, queueCapacity: 2000, scheduler: class org.apache.hadoop.ipc.DefaultRpcScheduler, ipcBackoff: false.
2019-09-17 12:48:03,277 [Socket Reader #1 for port 40863] INFO  ipc.Server (Server.java:run(1074)) - Starting Socket Reader #1 for port 40863
2019-09-17 12:48:03,316 [main] INFO  ipc.CallQueueManager (CallQueueManager.java:<init>(84)) - Using callQueue: class java.util.concurrent.LinkedBlockingQueue, queueCapacity: 2000, scheduler: class org.apache.hadoop.ipc.DefaultRpcScheduler, ipcBackoff: false.
2019-09-17 12:48:03,318 [Socket Reader #1 for port 40129] INFO  ipc.Server (Server.java:run(1074)) - Starting Socket Reader #1 for port 40129
2019-09-17 12:48:03,328 [main] INFO  ipc.CallQueueManager (CallQueueManager.java:<init>(84)) - Using callQueue: class java.util.concurrent.LinkedBlockingQueue, queueCapacity: 2000, scheduler: class org.apache.hadoop.ipc.DefaultRpcScheduler, ipcBackoff: false.
2019-09-17 12:48:03,330 [Socket Reader #1 for port 42890] INFO  ipc.Server (Server.java:run(1074)) - Starting Socket Reader #1 for port 42890
2019-09-17 12:48:03,355 [main] INFO  hdfs.DFSUtil (DFSUtil.java:httpServerTemplateForNNAndJN(1641)) - Starting Web-server for scm at: http://0.0.0.0:0
2019-09-17 12:48:03,514 [main] INFO  server.AuthenticationFilter (AuthenticationFilter.java:constructSecretProvider(240)) - Unable to initialize FileSignerSecretProvider, falling back to use random secrets.
2019-09-17 12:48:03,523 [main] WARN  http.HttpRequestLog (HttpRequestLog.java:getRequestLog(97)) - Jetty request log can only be enabled using Log4j
2019-09-17 12:48:03,531 [main] INFO  http.HttpServer2 (HttpServer2.java:addGlobalFilter(975)) - Added global filter 'safety' (class=org.apache.hadoop.http.HttpServer2$QuotingInputFilter)
2019-09-17 12:48:03,533 [main] INFO  http.HttpServer2 (HttpServer2.java:addFilter(948)) - Added filter static_user_filter (class=org.apache.hadoop.http.lib.StaticUserWebFilter$StaticUserFilter) to context scm
2019-09-17 12:48:03,534 [main] INFO  http.HttpServer2 (HttpServer2.java:addFilter(958)) - Added filter static_user_filter (class=org.apache.hadoop.http.lib.StaticUserWebFilter$StaticUserFilter) to context static
2019-09-17 12:48:03,534 [main] INFO  http.HttpServer2 (HttpServer2.java:addFilter(958)) - Added filter static_user_filter (class=org.apache.hadoop.http.lib.StaticUserWebFilter$StaticUserFilter) to context logs
2019-09-17 12:48:03,564 [main] INFO  server.StorageContainerManager (StorageContainerManager.java:start(763)) - StorageContainerLocationProtocol RPC server is listening at /0.0.0.0:42890
2019-09-17 12:48:03,624 [main] WARN  impl.MetricsConfig (MetricsConfig.java:loadFirst(134)) - Cannot locate configuration: tried hadoop-metrics2-storagecontainermanager.properties,hadoop-metrics2.properties
2019-09-17 12:48:03,637 [main] INFO  impl.MetricsSystemImpl (MetricsSystemImpl.java:startTimer(374)) - Scheduled Metric snapshot period at 10 second(s).
2019-09-17 12:48:03,637 [main] INFO  impl.MetricsSystemImpl (MetricsSystemImpl.java:start(191)) - StorageContainerManager metrics system started
2019-09-17 12:48:03,867 [main] INFO  server.SCMClientProtocolServer (SCMClientProtocolServer.java:start(151)) - RPC server for Client  is listening at /0.0.0.0:42890
2019-09-17 12:48:03,868 [IPC Server listener on 42890] INFO  ipc.Server (Server.java:run(1153)) - IPC Server listener on 42890: starting
2019-09-17 12:48:03,868 [IPC Server Responder] INFO  ipc.Server (Server.java:run(1314)) - IPC Server Responder: starting
2019-09-17 12:48:03,871 [main] INFO  server.StorageContainerManager (StorageContainerManager.java:start(773)) - ScmBlockLocationProtocol RPC server is listening at /0.0.0.0:40129
2019-09-17 12:48:03,873 [main] INFO  server.SCMBlockProtocolServer (SCMBlockProtocolServer.java:start(146)) - RPC server for Block Protocol is listening at /0.0.0.0:40129
2019-09-17 12:48:03,873 [IPC Server Responder] INFO  ipc.Server (Server.java:run(1314)) - IPC Server Responder: starting
2019-09-17 12:48:03,873 [IPC Server listener on 40129] INFO  ipc.Server (Server.java:run(1153)) - IPC Server listener on 40129: starting
2019-09-17 12:48:03,876 [main] INFO  server.StorageContainerManager (StorageContainerManager.java:start(777)) - ScmDatanodeProtocl RPC server is listening at /0.0.0.0:40863
2019-09-17 12:48:03,876 [main] INFO  server.SCMDatanodeProtocolServer (SCMDatanodeProtocolServer.java:start(191)) - RPC server for DataNodes is listening at /0.0.0.0:40863
2019-09-17 12:48:03,876 [IPC Server Responder] INFO  ipc.Server (Server.java:run(1314)) - IPC Server Responder: starting
2019-09-17 12:48:03,876 [IPC Server listener on 40863] INFO  ipc.Server (Server.java:run(1153)) - IPC Server listener on 40863: starting
2019-09-17 12:48:03,881 [main] INFO  http.HttpServer2 (HttpServer2.java:bindListener(1191)) - Jetty bound to port 38377
2019-09-17 12:48:03,882 [main] INFO  server.Server (Server.java:doStart(351)) - jetty-9.3.24.v20180605, build timestamp: 2018-06-05T17:11:56Z, git hash: 84205aa28f11a4f31f2a3b86d1bba2cc8ab69827
2019-09-17 12:48:03,922 [main] INFO  handler.ContextHandler (ContextHandler.java:doStart(781)) - Started o.e.j.s.ServletContextHandler@260e86a1{/logs,file:///workdir/hadoop-ozone/integration-test/target/log,AVAILABLE}
2019-09-17 12:48:03,923 [main] INFO  handler.ContextHandler (ContextHandler.java:doStart(781)) - Started o.e.j.s.ServletContextHandler@12bd8a64{/static,file:///workdir/hadoop-ozone/integration-test/target/test-classes/webapps/static,AVAILABLE}
2019-09-17 12:48:03,959 [main] INFO  handler.ContextHandler (ContextHandler.java:doStart(781)) - Started o.e.j.w.WebAppContext@3f093abe{/,file:///workdir/hadoop-ozone/integration-test/target/test-classes/webapps/scm/,AVAILABLE}{/scm}
2019-09-17 12:48:03,965 [main] INFO  server.AbstractConnector (AbstractConnector.java:doStart(278)) - Started ServerConnector@724bade8{HTTP/1.1,[http/1.1]}{0.0.0.0:38377}
2019-09-17 12:48:03,966 [main] INFO  server.Server (Server.java:doStart(419)) - Started @3072ms
2019-09-17 12:48:03,968 [main] INFO  impl.MetricsSinkAdapter (MetricsSinkAdapter.java:start(204)) - Sink prometheus started
2019-09-17 12:48:03,968 [main] INFO  impl.MetricsSystemImpl (MetricsSystemImpl.java:registerSink(301)) - Registered sink prometheus
2019-09-17 12:48:03,970 [main] INFO  server.BaseHttpServer (BaseHttpServer.java:updateConnectorAddress(215)) - HTTP server of SCM is listening at http://0.0.0.0:38377
2019-09-17 12:48:03,975 [SCMBlockDeletingService#1] DEBUG block.SCMBlockDeletingService (SCMBlockDeletingService.java:call(138)) - Running DeletedBlockTransactionScanner
2019-09-17 12:48:03,975 [org.apache.hadoop.util.JvmPauseMonitor$Monitor@6970140a] INFO  util.JvmPauseMonitor (JvmPauseMonitor.java:run(188)) - Starting JVM pause monitor
2019-09-17 12:48:03,978 [main] WARN  server.ServerUtils (ServerUtils.java:getDBPath(222)) - ozone.om.db.dirs is not configured. We recommend adding this setting. Falling back to ozone.metadata.dirs instead.
2019-09-17 12:48:03,984 [SCMBlockDeletingService#1] DEBUG block.SCMBlockDeletingService (SCMBlockDeletingService.java:call(155)) - Scanned deleted blocks log and got 0 delTX to process.
2019-09-17 12:48:04,086 [SCMBlockDeletingService#1] DEBUG block.SCMBlockDeletingService (SCMBlockDeletingService.java:call(138)) - Running DeletedBlockTransactionScanner
2019-09-17 12:48:04,087 [SCMBlockDeletingService#1] DEBUG block.SCMBlockDeletingService (SCMBlockDeletingService.java:call(155)) - Scanned deleted blocks log and got 0 delTX to process.
2019-09-17 12:48:04,102 [main] WARN  server.ServerUtils (ServerUtils.java:getDBPath(222)) - ozone.om.db.dirs is not configured. We recommend adding this setting. Falling back to ozone.metadata.dirs instead.
2019-09-17 12:48:04,103 [main] WARN  server.ServerUtils (ServerUtils.java:getDBPath(222)) - ozone.om.db.dirs is not configured. We recommend adding this setting. Falling back to ozone.metadata.dirs instead.
2019-09-17 12:48:04,104 [main] INFO  om.OzoneManager (OzoneManager.java:setOMNodeDetails(649)) - OM Service ID is not set. Setting it to the default ID: omServiceIdDefault
2019-09-17 12:48:04,104 [main] INFO  om.OzoneManager (OzoneManager.java:setOMNodeDetails(655)) - OM Node ID is not set. Setting it to the OmStorage's OmID: 1430b2f3-dfde-4fa3-9ebe-3f6a670015f1
2019-09-17 12:48:04,105 [main] INFO  om.OzoneManager (OzoneManager.java:loadOMHAConfigs(606)) - Found matching OM address with OMServiceId: null, OMNodeId: null, RPC Address: localhost:0 and Ratis port: 9872
2019-09-17 12:48:04,187 [SCMBlockDeletingService#1] DEBUG block.SCMBlockDeletingService (SCMBlockDeletingService.java:call(138)) - Running DeletedBlockTransactionScanner
2019-09-17 12:48:04,188 [SCMBlockDeletingService#1] DEBUG block.SCMBlockDeletingService (SCMBlockDeletingService.java:call(155)) - Scanned deleted blocks log and got 0 delTX to process.
2019-09-17 12:48:04,288 [SCMBlockDeletingService#1] DEBUG block.SCMBlockDeletingService (SCMBlockDeletingService.java:call(138)) - Running DeletedBlockTransactionScanner
2019-09-17 12:48:04,289 [SCMBlockDeletingService#1] DEBUG block.SCMBlockDeletingService (SCMBlockDeletingService.java:call(155)) - Scanned deleted blocks log and got 0 delTX to process.
2019-09-17 12:48:04,389 [SCMBlockDeletingService#1] DEBUG block.SCMBlockDeletingService (SCMBlockDeletingService.java:call(138)) - Running DeletedBlockTransactionScanner
2019-09-17 12:48:04,390 [SCMBlockDeletingService#1] DEBUG block.SCMBlockDeletingService (SCMBlockDeletingService.java:call(155)) - Scanned deleted blocks log and got 0 delTX to process.
2019-09-17 12:48:04,491 [SCMBlockDeletingService#1] DEBUG block.SCMBlockDeletingService (SCMBlockDeletingService.java:call(138)) - Running DeletedBlockTransactionScanner
2019-09-17 12:48:04,491 [SCMBlockDeletingService#1] DEBUG block.SCMBlockDeletingService (SCMBlockDeletingService.java:call(155)) - Scanned deleted blocks log and got 0 delTX to process.
2019-09-17 12:48:04,592 [SCMBlockDeletingService#1] DEBUG block.SCMBlockDeletingService (SCMBlockDeletingService.java:call(138)) - Running DeletedBlockTransactionScanner
2019-09-17 12:48:04,592 [SCMBlockDeletingService#1] DEBUG block.SCMBlockDeletingService (SCMBlockDeletingService.java:call(155)) - Scanned deleted blocks log and got 0 delTX to process.
2019-09-17 12:48:04,693 [SCMBlockDeletingService#1] DEBUG block.SCMBlockDeletingService (SCMBlockDeletingService.java:call(138)) - Running DeletedBlockTransactionScanner
2019-09-17 12:48:04,693 [SCMBlockDeletingService#1] DEBUG block.SCMBlockDeletingService (SCMBlockDeletingService.java:call(155)) - Scanned deleted blocks log and got 0 delTX to process.
2019-09-17 12:48:04,794 [SCMBlockDeletingService#1] DEBUG block.SCMBlockDeletingService (SCMBlockDeletingService.java:call(138)) - Running DeletedBlockTransactionScanner
2019-09-17 12:48:04,795 [SCMBlockDeletingService#1] DEBUG block.SCMBlockDeletingService (SCMBlockDeletingService.java:call(155)) - Scanned deleted blocks log and got 0 delTX to process.
2019-09-17 12:48:04,859 [main] WARN  server.ServerUtils (ServerUtils.java:getDBPath(222)) - ozone.om.db.dirs is not configured. We recommend adding this setting. Falling back to ozone.metadata.dirs instead.
2019-09-17 12:48:04,866 [main] INFO  db.DBStoreBuilder (DBStoreBuilder.java:addTable(110)) - using custom profile for table: userTable
2019-09-17 12:48:04,867 [main] INFO  db.DBStoreBuilder (DBStoreBuilder.java:processTables(161)) - Using default column profile:DBProfile.DISK for Table:userTable
2019-09-17 12:48:04,867 [main] INFO  db.DBStoreBuilder (DBStoreBuilder.java:addTable(110)) - using custom profile for table: volumeTable
2019-09-17 12:48:04,867 [main] INFO  db.DBStoreBuilder (DBStoreBuilder.java:processTables(161)) - Using default column profile:DBProfile.DISK for Table:volumeTable
2019-09-17 12:48:04,867 [main] INFO  db.DBStoreBuilder (DBStoreBuilder.java:addTable(110)) - using custom profile for table: bucketTable
2019-09-17 12:48:04,868 [main] INFO  db.DBStoreBuilder (DBStoreBuilder.java:processTables(161)) - Using default column profile:DBProfile.DISK for Table:bucketTable
2019-09-17 12:48:04,868 [main] INFO  db.DBStoreBuilder (DBStoreBuilder.java:addTable(110)) - using custom profile for table: keyTable
2019-09-17 12:48:04,868 [main] INFO  db.DBStoreBuilder (DBStoreBuilder.java:processTables(161)) - Using default column profile:DBProfile.DISK for Table:keyTable
2019-09-17 12:48:04,868 [main] INFO  db.DBStoreBuilder (DBStoreBuilder.java:addTable(110)) - using custom profile for table: deletedTable
2019-09-17 12:48:04,869 [main] INFO  db.DBStoreBuilder (DBStoreBuilder.java:processTables(161)) - Using default column profile:DBProfile.DISK for Table:deletedTable
2019-09-17 12:48:04,869 [main] INFO  db.DBStoreBuilder (DBStoreBuilder.java:addTable(110)) - using custom profile for table: openKeyTable
2019-09-17 12:48:04,869 [main] INFO  db.DBStoreBuilder (DBStoreBuilder.java:processTables(161)) - Using default column profile:DBProfile.DISK for Table:openKeyTable
2019-09-17 12:48:04,869 [main] INFO  db.DBStoreBuilder (DBStoreBuilder.java:addTable(110)) - using custom profile for table: s3Table
2019-09-17 12:48:04,869 [main] INFO  db.DBStoreBuilder (DBStoreBuilder.java:processTables(161)) - Using default column profile:DBProfile.DISK for Table:s3Table
2019-09-17 12:48:04,870 [main] INFO  db.DBStoreBuilder (DBStoreBuilder.java:addTable(110)) - using custom profile for table: multipartInfoTable
2019-09-17 12:48:04,870 [main] INFO  db.DBStoreBuilder (DBStoreBuilder.java:processTables(161)) - Using default column profile:DBProfile.DISK for Table:multipartInfoTable
2019-09-17 12:48:04,870 [main] INFO  db.DBStoreBuilder (DBStoreBuilder.java:addTable(110)) - using custom profile for table: dTokenTable
2019-09-17 12:48:04,870 [main] INFO  db.DBStoreBuilder (DBStoreBuilder.java:processTables(161)) - Using default column profile:DBProfile.DISK for Table:dTokenTable
2019-09-17 12:48:04,871 [main] INFO  db.DBStoreBuilder (DBStoreBuilder.java:addTable(110)) - using custom profile for table: s3SecretTable
2019-09-17 12:48:04,871 [main] INFO  db.DBStoreBuilder (DBStoreBuilder.java:processTables(161)) - Using default column profile:DBProfile.DISK for Table:s3SecretTable
2019-09-17 12:48:04,871 [main] INFO  db.DBStoreBuilder (DBStoreBuilder.java:addTable(110)) - using custom profile for table: prefixTable
2019-09-17 12:48:04,871 [main] INFO  db.DBStoreBuilder (DBStoreBuilder.java:processTables(161)) - Using default column profile:DBProfile.DISK for Table:prefixTable
2019-09-17 12:48:04,871 [main] INFO  db.DBStoreBuilder (DBStoreBuilder.java:addTable(110)) - using custom profile for table: default
2019-09-17 12:48:04,872 [main] INFO  db.DBStoreBuilder (DBStoreBuilder.java:processTables(167)) - Using default column profile:DBProfile.DISK for Table:default
2019-09-17 12:48:04,872 [main] INFO  db.DBStoreBuilder (DBStoreBuilder.java:getDbProfile(198)) - Using default options. DBProfile.DISK
2019-09-17 12:48:04,895 [SCMBlockDeletingService#1] DEBUG block.SCMBlockDeletingService (SCMBlockDeletingService.java:call(138)) - Running DeletedBlockTransactionScanner
2019-09-17 12:48:04,896 [SCMBlockDeletingService#1] DEBUG block.SCMBlockDeletingService (SCMBlockDeletingService.java:call(155)) - Scanned deleted blocks log and got 0 delTX to process.
2019-09-17 12:48:04,996 [SCMBlockDeletingService#1] DEBUG block.SCMBlockDeletingService (SCMBlockDeletingService.java:call(138)) - Running DeletedBlockTransactionScanner
2019-09-17 12:48:04,997 [SCMBlockDeletingService#1] DEBUG block.SCMBlockDeletingService (SCMBlockDeletingService.java:call(155)) - Scanned deleted blocks log and got 0 delTX to process.
2019-09-17 12:48:05,098 [SCMBlockDeletingService#1] DEBUG block.SCMBlockDeletingService (SCMBlockDeletingService.java:call(138)) - Running DeletedBlockTransactionScanner
2019-09-17 12:48:05,099 [SCMBlockDeletingService#1] DEBUG block.SCMBlockDeletingService (SCMBlockDeletingService.java:call(155)) - Scanned deleted blocks log and got 0 delTX to process.
2019-09-17 12:48:05,199 [SCMBlockDeletingService#1] DEBUG block.SCMBlockDeletingService (SCMBlockDeletingService.java:call(138)) - Running DeletedBlockTransactionScanner
2019-09-17 12:48:05,200 [SCMBlockDeletingService#1] DEBUG block.SCMBlockDeletingService (SCMBlockDeletingService.java:call(155)) - Scanned deleted blocks log and got 0 delTX to process.
2019-09-17 12:48:05,300 [SCMBlockDeletingService#1] DEBUG block.SCMBlockDeletingService (SCMBlockDeletingService.java:call(138)) - Running DeletedBlockTransactionScanner
2019-09-17 12:48:05,301 [SCMBlockDeletingService#1] DEBUG block.SCMBlockDeletingService (SCMBlockDeletingService.java:call(155)) - Scanned deleted blocks log and got 0 delTX to process.
2019-09-17 12:48:05,401 [SCMBlockDeletingService#1] DEBUG block.SCMBlockDeletingService (SCMBlockDeletingService.java:call(138)) - Running DeletedBlockTransactionScanner
2019-09-17 12:48:05,402 [SCMBlockDeletingService#1] DEBUG block.SCMBlockDeletingService (SCMBlockDeletingService.java:call(155)) - Scanned deleted blocks log and got 0 delTX to process.
2019-09-17 12:48:05,502 [SCMBlockDeletingService#1] DEBUG block.SCMBlockDeletingService (SCMBlockDeletingService.java:call(138)) - Running DeletedBlockTransactionScanner
2019-09-17 12:48:05,503 [SCMBlockDeletingService#1] DEBUG block.SCMBlockDeletingService (SCMBlockDeletingService.java:call(155)) - Scanned deleted blocks log and got 0 delTX to process.
2019-09-17 12:48:05,603 [SCMBlockDeletingService#1] DEBUG block.SCMBlockDeletingService (SCMBlockDeletingService.java:call(138)) - Running DeletedBlockTransactionScanner
2019-09-17 12:48:05,604 [SCMBlockDeletingService#1] DEBUG block.SCMBlockDeletingService (SCMBlockDeletingService.java:call(155)) - Scanned deleted blocks log and got 0 delTX to process.
2019-09-17 12:48:05,630 [main] INFO  ipc.CallQueueManager (CallQueueManager.java:<init>(84)) - Using callQueue: class java.util.concurrent.LinkedBlockingQueue, queueCapacity: 2000, scheduler: class org.apache.hadoop.ipc.DefaultRpcScheduler, ipcBackoff: false.
2019-09-17 12:48:05,631 [Socket Reader #1 for port 38767] INFO  ipc.Server (Server.java:run(1074)) - Starting Socket Reader #1 for port 38767
2019-09-17 12:48:05,653 [main] INFO  om.OzoneManager (OzoneManager.java:start(1240)) - OzoneManager RPC server is listening at localhost/127.0.0.1:38767
2019-09-17 12:48:05,653 [main] INFO  impl.MetricsSystemImpl (MetricsSystemImpl.java:init(158)) - OzoneManager metrics system started (again)
2019-09-17 12:48:05,654 [IPC Server Responder] INFO  ipc.Server (Server.java:run(1314)) - IPC Server Responder: starting
2019-09-17 12:48:05,654 [IPC Server listener on 38767] INFO  ipc.Server (Server.java:run(1153)) - IPC Server listener on 38767: starting
2019-09-17 12:48:05,661 [main] INFO  hdfs.DFSUtil (DFSUtil.java:httpServerTemplateForNNAndJN(1641)) - Starting Web-server for ozoneManager at: http://0.0.0.0:0
2019-09-17 12:48:05,663 [main] INFO  server.AuthenticationFilter (AuthenticationFilter.java:constructSecretProvider(240)) - Unable to initialize FileSignerSecretProvider, falling back to use random secrets.
2019-09-17 12:48:05,664 [main] WARN  http.HttpRequestLog (HttpRequestLog.java:getRequestLog(97)) - Jetty request log can only be enabled using Log4j
2019-09-17 12:48:05,667 [main] INFO  http.HttpServer2 (HttpServer2.java:addGlobalFilter(975)) - Added global filter 'safety' (class=org.apache.hadoop.http.HttpServer2$QuotingInputFilter)
2019-09-17 12:48:05,669 [main] INFO  http.HttpServer2 (HttpServer2.java:addFilter(948)) - Added filter static_user_filter (class=org.apache.hadoop.http.lib.StaticUserWebFilter$StaticUserFilter) to context ozoneManager
2019-09-17 12:48:05,669 [main] INFO  http.HttpServer2 (HttpServer2.java:addFilter(958)) - Added filter static_user_filter (class=org.apache.hadoop.http.lib.StaticUserWebFilter$StaticUserFilter) to context logs
2019-09-17 12:48:05,669 [main] INFO  http.HttpServer2 (HttpServer2.java:addFilter(958)) - Added filter static_user_filter (class=org.apache.hadoop.http.lib.StaticUserWebFilter$StaticUserFilter) to context static
2019-09-17 12:48:05,672 [main] INFO  http.HttpServer2 (HttpServer2.java:bindListener(1191)) - Jetty bound to port 43526
2019-09-17 12:48:05,673 [main] INFO  server.Server (Server.java:doStart(351)) - jetty-9.3.24.v20180605, build timestamp: 2018-06-05T17:11:56Z, git hash: 84205aa28f11a4f31f2a3b86d1bba2cc8ab69827
2019-09-17 12:48:05,676 [main] INFO  handler.ContextHandler (ContextHandler.java:doStart(781)) - Started o.e.j.s.ServletContextHandler@25d3cfc8{/logs,file:///workdir/hadoop-ozone/integration-test/target/log,AVAILABLE}
2019-09-17 12:48:05,676 [main] INFO  handler.ContextHandler (ContextHandler.java:doStart(781)) - Started o.e.j.s.ServletContextHandler@2571066a{/static,file:///workdir/hadoop-ozone/integration-test/target/test-classes/webapps/static,AVAILABLE}
2019-09-17 12:48:05,683 [main] INFO  handler.ContextHandler (ContextHandler.java:doStart(781)) - Started o.e.j.w.WebAppContext@444548a0{/,file:///workdir/hadoop-ozone/integration-test/target/test-classes/webapps/ozoneManager/,AVAILABLE}{/ozoneManager}
2019-09-17 12:48:05,684 [main] INFO  server.AbstractConnector (AbstractConnector.java:doStart(278)) - Started ServerConnector@3766c667{HTTP/1.1,[http/1.1]}{0.0.0.0:43526}
2019-09-17 12:48:05,686 [main] INFO  server.Server (Server.java:doStart(419)) - Started @4792ms
2019-09-17 12:48:05,686 [main] WARN  impl.MetricsSystemImpl (MetricsSystemImpl.java:register(276)) - Sink prometheus already exists!
2019-09-17 12:48:05,687 [main] INFO  server.BaseHttpServer (BaseHttpServer.java:updateConnectorAddress(215)) - HTTP server of OZONEMANAGER is listening at http://0.0.0.0:43526
2019-09-17 12:48:05,704 [SCMBlockDeletingService#0] DEBUG block.SCMBlockDeletingService (SCMBlockDeletingService.java:call(138)) - Running DeletedBlockTransactionScanner
2019-09-17 12:48:05,705 [SCMBlockDeletingService#0] DEBUG block.SCMBlockDeletingService (SCMBlockDeletingService.java:call(155)) - Scanned deleted blocks log and got 0 delTX to process.
2019-09-17 12:48:05,903 [SCMBlockDeletingService#0] DEBUG block.SCMBlockDeletingService (SCMBlockDeletingService.java:call(138)) - Running DeletedBlockTransactionScanner
2019-09-17 12:48:05,903 [SCMBlockDeletingService#0] DEBUG block.SCMBlockDeletingService (SCMBlockDeletingService.java:call(155)) - Scanned deleted blocks log and got 0 delTX to process.
2019-09-17 12:48:06,004 [SCMBlockDeletingService#0] DEBUG block.SCMBlockDeletingService (SCMBlockDeletingService.java:call(138)) - Running DeletedBlockTransactionScanner
2019-09-17 12:48:06,005 [SCMBlockDeletingService#0] DEBUG block.SCMBlockDeletingService (SCMBlockDeletingService.java:call(155)) - Scanned deleted blocks log and got 0 delTX to process.
2019-09-17 12:48:06,036 [main] INFO  impl.MetricsSystemImpl (MetricsSystemImpl.java:init(158)) - HddsDatanode metrics system started (again)
2019-09-17 12:48:06,106 [SCMBlockDeletingService#0] DEBUG block.SCMBlockDeletingService (SCMBlockDeletingService.java:call(138)) - Running DeletedBlockTransactionScanner
2019-09-17 12:48:06,107 [SCMBlockDeletingService#0] DEBUG block.SCMBlockDeletingService (SCMBlockDeletingService.java:call(155)) - Scanned deleted blocks log and got 0 delTX to process.
2019-09-17 12:48:06,114 [main] INFO  ozone.HddsDatanodeService (HddsDatanodeService.java:start(184)) - HddsDatanodeService host:pr-hdds-2142-clczg-3805722443 ip:192.168.34.33
2019-09-17 12:48:06,164 [main] INFO  volume.HddsVolume (HddsVolume.java:<init>(176)) - Creating Volume: /workdir/hadoop-ozone/integration-test/target/test-dir/MiniOzoneClusterImpl-c23a8398-3c1b-4fe5-9bc4-5abc7f29ee92/datanode-0/data/containers/hdds of  storage type : DISK and capacity : 1482555576320
2019-09-17 12:48:06,167 [main] INFO  volume.VolumeSet (VolumeSet.java:initializeVolumeSet(170)) - Added Volume : /workdir/hadoop-ozone/integration-test/target/test-dir/MiniOzoneClusterImpl-c23a8398-3c1b-4fe5-9bc4-5abc7f29ee92/datanode-0/data/containers/hdds to VolumeSet
2019-09-17 12:48:06,171 [main] INFO  volume.ThrottledAsyncChecker (ThrottledAsyncChecker.java:schedule(139)) - Scheduling a check for org.apache.hadoop.ozone.container.common.volume.HddsVolume@7a231dfd
2019-09-17 12:48:06,194 [main] INFO  volume.HddsVolumeChecker (HddsVolumeChecker.java:checkAllVolumes(202)) - Scheduled health check for volume org.apache.hadoop.ozone.container.common.volume.HddsVolume@7a231dfd
2019-09-17 12:48:06,207 [SCMBlockDeletingService#1] DEBUG block.SCMBlockDeletingService (SCMBlockDeletingService.java:call(138)) - Running DeletedBlockTransactionScanner
2019-09-17 12:48:06,208 [SCMBlockDeletingService#1] DEBUG block.SCMBlockDeletingService (SCMBlockDeletingService.java:call(155)) - Scanned deleted blocks log and got 0 delTX to process.
2019-09-17 12:48:06,308 [SCMBlockDeletingService#1] DEBUG block.SCMBlockDeletingService (SCMBlockDeletingService.java:call(138)) - Running DeletedBlockTransactionScanner
2019-09-17 12:48:06,309 [SCMBlockDeletingService#1] DEBUG block.SCMBlockDeletingService (SCMBlockDeletingService.java:call(155)) - Scanned deleted blocks log and got 0 delTX to process.
2019-09-17 12:48:06,315 [main] INFO  impl.RaftServerProxy (ConfUtils.java:logGet(43)) - raft.rpc.type = GRPC (default)
2019-09-17 12:48:06,399 [main] INFO  grpc.GrpcFactory (GrpcFactory.java:checkPooledByteBufAllocatorUseCacheForAllThreads(45)) - PERFORMANCE WARNING: useCacheForAllThreads is true that may cause Netty to create a lot garbage objects and, as a result, trigger GC.
	It is recommended to disable useCacheForAllThreads by setting -Dorg.apache.ratis.thirdparty.io.netty.allocator.useCacheForAllThreads=false in command line.
2019-09-17 12:48:06,407 [main] INFO  grpc.GrpcConfigKeys$Server (ConfUtils.java:logGet(43)) - raft.grpc.server.port = 0 (default)
2019-09-17 12:48:06,408 [main] INFO  server.GrpcService (ConfUtils.java:logGet(43)) - raft.grpc.message.size.max = 33570816 (custom)
2019-09-17 12:48:06,410 [SCMBlockDeletingService#0] DEBUG block.SCMBlockDeletingService (SCMBlockDeletingService.java:call(138)) - Running DeletedBlockTransactionScanner
2019-09-17 12:48:06,411 [main] INFO  server.RaftServerConfigKeys (ConfUtils.java:logGet(43)) - raft.server.log.appender.buffer.byte-limit = 33554432 (custom)
2019-09-17 12:48:06,411 [SCMBlockDeletingService#0] DEBUG block.SCMBlockDeletingService (SCMBlockDeletingService.java:call(155)) - Scanned deleted blocks log and got 0 delTX to process.
2019-09-17 12:48:06,412 [main] INFO  server.GrpcService (ConfUtils.java:logGet(43)) - raft.grpc.flow.control.window = 1MB (=1048576) (default)
2019-09-17 12:48:06,413 [main] INFO  server.RaftServerConfigKeys (ConfUtils.java:logGet(43)) - raft.server.rpc.request.timeout = 3000ms (default)
2019-09-17 12:48:06,512 [SCMBlockDeletingService#0] DEBUG block.SCMBlockDeletingService (SCMBlockDeletingService.java:call(138)) - Running DeletedBlockTransactionScanner
2019-09-17 12:48:06,512 [SCMBlockDeletingService#0] DEBUG block.SCMBlockDeletingService (SCMBlockDeletingService.java:call(155)) - Scanned deleted blocks log and got 0 delTX to process.
2019-09-17 12:48:06,594 [main] INFO  server.RaftServerConfigKeys (ConfUtils.java:logGet(43)) - raft.server.storage.dir = [/workdir/hadoop-ozone/integration-test/target/test-dir/MiniOzoneClusterImpl-c23a8398-3c1b-4fe5-9bc4-5abc7f29ee92/datanode-0/data/ratis] (custom)
2019-09-17 12:48:06,613 [SCMBlockDeletingService#0] DEBUG block.SCMBlockDeletingService (SCMBlockDeletingService.java:call(138)) - Running DeletedBlockTransactionScanner
2019-09-17 12:48:06,613 [SCMBlockDeletingService#0] DEBUG block.SCMBlockDeletingService (SCMBlockDeletingService.java:call(155)) - Scanned deleted blocks log and got 0 delTX to process.
2019-09-17 12:48:06,648 [main] INFO  hdfs.DFSUtil (DFSUtil.java:httpServerTemplateForNNAndJN(1641)) - Starting Web-server for hddsDatanode at: http://0.0.0.0:0
2019-09-17 12:48:06,651 [main] INFO  server.AuthenticationFilter (AuthenticationFilter.java:constructSecretProvider(240)) - Unable to initialize FileSignerSecretProvider, falling back to use random secrets.
2019-09-17 12:48:06,653 [main] WARN  http.HttpRequestLog (HttpRequestLog.java:getRequestLog(97)) - Jetty request log can only be enabled using Log4j
2019-09-17 12:48:06,655 [main] INFO  http.HttpServer2 (HttpServer2.java:addGlobalFilter(975)) - Added global filter 'safety' (class=org.apache.hadoop.http.HttpServer2$QuotingInputFilter)
2019-09-17 12:48:06,656 [main] INFO  http.HttpServer2 (HttpServer2.java:addFilter(948)) - Added filter static_user_filter (class=org.apache.hadoop.http.lib.StaticUserWebFilter$StaticUserFilter) to context hddsDatanode
2019-09-17 12:48:06,657 [main] INFO  http.HttpServer2 (HttpServer2.java:addFilter(958)) - Added filter static_user_filter (class=org.apache.hadoop.http.lib.StaticUserWebFilter$StaticUserFilter) to context static
2019-09-17 12:48:06,657 [main] INFO  http.HttpServer2 (HttpServer2.java:addFilter(958)) - Added filter static_user_filter (class=org.apache.hadoop.http.lib.StaticUserWebFilter$StaticUserFilter) to context logs
2019-09-17 12:48:06,659 [main] INFO  http.HttpServer2 (HttpServer2.java:bindListener(1191)) - Jetty bound to port 41532
2019-09-17 12:48:06,659 [main] INFO  server.Server (Server.java:doStart(351)) - jetty-9.3.24.v20180605, build timestamp: 2018-06-05T17:11:56Z, git hash: 84205aa28f11a4f31f2a3b86d1bba2cc8ab69827
2019-09-17 12:48:06,662 [main] INFO  handler.ContextHandler (ContextHandler.java:doStart(781)) - Started o.e.j.s.ServletContextHandler@1229a2b7{/logs,file:///workdir/hadoop-ozone/integration-test/target/log,AVAILABLE}
2019-09-17 12:48:06,663 [main] INFO  handler.ContextHandler (ContextHandler.java:doStart(781)) - Started o.e.j.s.ServletContextHandler@51c959a4{/static,jar:file:/home/user/.m2/repository/org/apache/hadoop/hadoop-hdds-container-service/0.5.0-SNAPSHOT/hadoop-hdds-container-service-0.5.0-SNAPSHOT.jar!/webapps/static,AVAILABLE}
2019-09-17 12:48:06,705 [main] INFO  handler.ContextHandler (ContextHandler.java:doStart(781)) - Started o.e.j.w.WebAppContext@70228253{/,file:///tmp/jetty-0.0.0.0-41532-hddsDatanode-_-any-6069099810666245592.dir/webapp/,AVAILABLE}{/hddsDatanode}
2019-09-17 12:48:06,706 [main] INFO  server.AbstractConnector (AbstractConnector.java:doStart(278)) - Started ServerConnector@63c12e52{HTTP/1.1,[http/1.1]}{0.0.0.0:41532}
2019-09-17 12:48:06,707 [main] INFO  server.Server (Server.java:doStart(419)) - Started @5813ms
2019-09-17 12:48:06,708 [main] WARN  impl.MetricsSystemImpl (MetricsSystemImpl.java:register(276)) - Sink prometheus already exists!
2019-09-17 12:48:06,709 [main] INFO  server.BaseHttpServer (BaseHttpServer.java:updateConnectorAddress(215)) - HTTP server of HDDSDATANODE is listening at http://0.0.0.0:41532
2019-09-17 12:48:06,711 [main] INFO  ozone.MiniOzoneClusterImpl (MiniOzoneClusterImpl.java:lambda$waitForClusterToBeReady$0(145)) - Waiting for cluster to be ready. Got 0 of 1 DN Heartbeats.
2019-09-17 12:48:06,714 [SCMBlockDeletingService#1] DEBUG block.SCMBlockDeletingService (SCMBlockDeletingService.java:call(138)) - Running DeletedBlockTransactionScanner
2019-09-17 12:48:06,714 [SCMBlockDeletingService#1] DEBUG block.SCMBlockDeletingService (SCMBlockDeletingService.java:call(155)) - Scanned deleted blocks log and got 0 delTX to process.
2019-09-17 12:48:06,717 [org.apache.hadoop.util.JvmPauseMonitor$Monitor@2265ec2d] INFO  util.JvmPauseMonitor (JvmPauseMonitor.java:run(188)) - Starting JVM pause monitor
2019-09-17 12:48:06,815 [SCMBlockDeletingService#1] DEBUG block.SCMBlockDeletingService (SCMBlockDeletingService.java:call(138)) - Running DeletedBlockTransactionScanner
2019-09-17 12:48:06,815 [SCMBlockDeletingService#1] DEBUG block.SCMBlockDeletingService (SCMBlockDeletingService.java:call(155)) - Scanned deleted blocks log and got 0 delTX to process.
2019-09-17 12:48:06,833 [Datanode State Machine Thread - 0] INFO  datanode.InitDatanodeState (InitDatanodeState.java:persistContainerDatanodeDetails(140)) - DatanodeDetails is persisted to /workdir/hadoop-ozone/integration-test/target/test-dir/MiniOzoneClusterImpl-c23a8398-3c1b-4fe5-9bc4-5abc7f29ee92/datanode-0/meta/datanode.id
2019-09-17 12:48:06,916 [SCMBlockDeletingService#1] DEBUG block.SCMBlockDeletingService (SCMBlockDeletingService.java:call(138)) - Running DeletedBlockTransactionScanner
2019-09-17 12:48:06,916 [SCMBlockDeletingService#1] DEBUG block.SCMBlockDeletingService (SCMBlockDeletingService.java:call(155)) - Scanned deleted blocks log and got 0 delTX to process.
2019-09-17 12:48:07,017 [SCMBlockDeletingService#1] DEBUG block.SCMBlockDeletingService (SCMBlockDeletingService.java:call(138)) - Running DeletedBlockTransactionScanner
2019-09-17 12:48:07,019 [SCMBlockDeletingService#1] DEBUG block.SCMBlockDeletingService (SCMBlockDeletingService.java:call(155)) - Scanned deleted blocks log and got 0 delTX to process.
2019-09-17 12:48:07,120 [SCMBlockDeletingService#1] DEBUG block.SCMBlockDeletingService (SCMBlockDeletingService.java:call(138)) - Running DeletedBlockTransactionScanner
2019-09-17 12:48:07,120 [SCMBlockDeletingService#1] DEBUG block.SCMBlockDeletingService (SCMBlockDeletingService.java:call(155)) - Scanned deleted blocks log and got 0 delTX to process.
2019-09-17 12:48:07,221 [SCMBlockDeletingService#1] DEBUG block.SCMBlockDeletingService (SCMBlockDeletingService.java:call(138)) - Running DeletedBlockTransactionScanner
2019-09-17 12:48:07,221 [SCMBlockDeletingService#1] DEBUG block.SCMBlockDeletingService (SCMBlockDeletingService.java:call(155)) - Scanned deleted blocks log and got 0 delTX to process.
2019-09-17 12:48:07,322 [SCMBlockDeletingService#1] DEBUG block.SCMBlockDeletingService (SCMBlockDeletingService.java:call(138)) - Running DeletedBlockTransactionScanner
2019-09-17 12:48:07,322 [SCMBlockDeletingService#1] DEBUG block.SCMBlockDeletingService (SCMBlockDeletingService.java:call(155)) - Scanned deleted blocks log and got 0 delTX to process.
2019-09-17 12:48:07,422 [SCMBlockDeletingService#1] DEBUG block.SCMBlockDeletingService (SCMBlockDeletingService.java:call(138)) - Running DeletedBlockTransactionScanner
2019-09-17 12:48:07,423 [SCMBlockDeletingService#1] DEBUG block.SCMBlockDeletingService (SCMBlockDeletingService.java:call(155)) - Scanned deleted blocks log and got 0 delTX to process.
2019-09-17 12:48:07,523 [SCMBlockDeletingService#1] DEBUG block.SCMBlockDeletingService (SCMBlockDeletingService.java:call(138)) - Running DeletedBlockTransactionScanner
2019-09-17 12:48:07,524 [SCMBlockDeletingService#1] DEBUG block.SCMBlockDeletingService (SCMBlockDeletingService.java:call(155)) - Scanned deleted blocks log and got 0 delTX to process.
2019-09-17 12:48:07,624 [SCMBlockDeletingService#1] DEBUG block.SCMBlockDeletingService (SCMBlockDeletingService.java:call(138)) - Running DeletedBlockTransactionScanner
2019-09-17 12:48:07,624 [SCMBlockDeletingService#1] DEBUG block.SCMBlockDeletingService (SCMBlockDeletingService.java:call(155)) - Scanned deleted blocks log and got 0 delTX to process.
2019-09-17 12:48:07,712 [main] INFO  ozone.MiniOzoneClusterImpl (MiniOzoneClusterImpl.java:lambda$waitForClusterToBeReady$0(145)) - Waiting for cluster to be ready. Got 0 of 1 DN Heartbeats.
2019-09-17 12:48:07,725 [SCMBlockDeletingService#1] DEBUG block.SCMBlockDeletingService (SCMBlockDeletingService.java:call(138)) - Running DeletedBlockTransactionScanner
2019-09-17 12:48:07,725 [SCMBlockDeletingService#1] DEBUG block.SCMBlockDeletingService (SCMBlockDeletingService.java:call(155)) - Scanned deleted blocks log and got 0 delTX to process.
2019-09-17 12:48:07,826 [SCMBlockDeletingService#1] DEBUG block.SCMBlockDeletingService (SCMBlockDeletingService.java:call(138)) - Running DeletedBlockTransactionScanner
2019-09-17 12:48:07,826 [SCMBlockDeletingService#1] DEBUG block.SCMBlockDeletingService (SCMBlockDeletingService.java:call(155)) - Scanned deleted blocks log and got 0 delTX to process.
2019-09-17 12:48:07,927 [SCMBlockDeletingService#1] DEBUG block.SCMBlockDeletingService (SCMBlockDeletingService.java:call(138)) - Running DeletedBlockTransactionScanner
2019-09-17 12:48:07,927 [SCMBlockDeletingService#1] DEBUG block.SCMBlockDeletingService (SCMBlockDeletingService.java:call(155)) - Scanned deleted blocks log and got 0 delTX to process.
2019-09-17 12:48:08,028 [SCMBlockDeletingService#1] DEBUG block.SCMBlockDeletingService (SCMBlockDeletingService.java:call(138)) - Running DeletedBlockTransactionScanner
2019-09-17 12:48:08,028 [SCMBlockDeletingService#1] DEBUG block.SCMBlockDeletingService (SCMBlockDeletingService.java:call(155)) - Scanned deleted blocks log and got 0 delTX to process.
2019-09-17 12:48:08,129 [SCMBlockDeletingService#1] DEBUG block.SCMBlockDeletingService (SCMBlockDeletingService.java:call(138)) - Running DeletedBlockTransactionScanner
2019-09-17 12:48:08,129 [SCMBlockDeletingService#1] DEBUG block.SCMBlockDeletingService (SCMBlockDeletingService.java:call(155)) - Scanned deleted blocks log and got 0 delTX to process.
2019-09-17 12:48:08,229 [SCMBlockDeletingService#1] DEBUG block.SCMBlockDeletingService (SCMBlockDeletingService.java:call(138)) - Running DeletedBlockTransactionScanner
2019-09-17 12:48:08,230 [SCMBlockDeletingService#1] DEBUG block.SCMBlockDeletingService (SCMBlockDeletingService.java:call(155)) - Scanned deleted blocks log and got 0 delTX to process.
2019-09-17 12:48:08,330 [SCMBlockDeletingService#1] DEBUG block.SCMBlockDeletingService (SCMBlockDeletingService.java:call(138)) - Running DeletedBlockTransactionScanner
2019-09-17 12:48:08,331 [SCMBlockDeletingService#1] DEBUG block.SCMBlockDeletingService (SCMBlockDeletingService.java:call(155)) - Scanned deleted blocks log and got 0 delTX to process.
2019-09-17 12:48:08,431 [SCMBlockDeletingService#1] DEBUG block.SCMBlockDeletingService (SCMBlockDeletingService.java:call(138)) - Running DeletedBlockTransactionScanner
2019-09-17 12:48:08,432 [SCMBlockDeletingService#1] DEBUG block.SCMBlockDeletingService (SCMBlockDeletingService.java:call(155)) - Scanned deleted blocks log and got 0 delTX to process.
2019-09-17 12:48:08,532 [SCMBlockDeletingService#1] DEBUG block.SCMBlockDeletingService (SCMBlockDeletingService.java:call(138)) - Running DeletedBlockTransactionScanner
2019-09-17 12:48:08,532 [SCMBlockDeletingService#1] DEBUG block.SCMBlockDeletingService (SCMBlockDeletingService.java:call(155)) - Scanned deleted blocks log and got 0 delTX to process.
2019-09-17 12:48:08,633 [SCMBlockDeletingService#1] DEBUG block.SCMBlockDeletingService (SCMBlockDeletingService.java:call(138)) - Running DeletedBlockTransactionScanner
2019-09-17 12:48:08,633 [SCMBlockDeletingService#1] DEBUG block.SCMBlockDeletingService (SCMBlockDeletingService.java:call(155)) - Scanned deleted blocks log and got 0 delTX to process.
2019-09-17 12:48:08,713 [main] INFO  ozone.MiniOzoneClusterImpl (MiniOzoneClusterImpl.java:lambda$waitForClusterToBeReady$0(145)) - Waiting for cluster to be ready. Got 0 of 1 DN Heartbeats.
2019-09-17 12:48:08,734 [SCMBlockDeletingService#0] DEBUG block.SCMBlockDeletingService (SCMBlockDeletingService.java:call(138)) - Running DeletedBlockTransactionScanner
2019-09-17 12:48:08,734 [SCMBlockDeletingService#0] DEBUG block.SCMBlockDeletingService (SCMBlockDeletingService.java:call(155)) - Scanned deleted blocks log and got 0 delTX to process.
2019-09-17 12:48:08,782 [Datanode State Machine Thread - 0] INFO  ozoneimpl.OzoneContainer (OzoneContainer.java:start(217)) - Attempting to start container services.
2019-09-17 12:48:08,785 [Datanode State Machine Thread - 0] INFO  ozoneimpl.OzoneContainer (OzoneContainer.java:startContainerScrub(179)) - Background container scanner has been disabled.
2019-09-17 12:48:08,786 [Datanode State Machine Thread - 0] INFO  ratis.XceiverServerRatis (XceiverServerRatis.java:start(411)) - Starting XceiverServerRatis cb20f782-9136-4144-a2ef-e44461d35697 at port 0
2019-09-17 12:48:08,814 [Datanode State Machine Thread - 0] INFO  impl.RaftServerProxy (RaftServerProxy.java:lambda$start$3(299)) - cb20f782-9136-4144-a2ef-e44461d35697: start RPC server
2019-09-17 12:48:08,835 [SCMBlockDeletingService#1] DEBUG block.SCMBlockDeletingService (SCMBlockDeletingService.java:call(138)) - Running DeletedBlockTransactionScanner
2019-09-17 12:48:08,836 [SCMBlockDeletingService#1] DEBUG block.SCMBlockDeletingService (SCMBlockDeletingService.java:call(155)) - Scanned deleted blocks log and got 0 delTX to process.
2019-09-17 12:48:08,936 [SCMBlockDeletingService#1] DEBUG block.SCMBlockDeletingService (SCMBlockDeletingService.java:call(138)) - Running DeletedBlockTransactionScanner
2019-09-17 12:48:08,937 [SCMBlockDeletingService#1] DEBUG block.SCMBlockDeletingService (SCMBlockDeletingService.java:call(155)) - Scanned deleted blocks log and got 0 delTX to process.
2019-09-17 12:48:08,960 [Datanode State Machine Thread - 0] INFO  server.GrpcService (GrpcService.java:startImpl(158)) - cb20f782-9136-4144-a2ef-e44461d35697: GrpcService started, listening on 0.0.0.0/0.0.0.0:44783
2019-09-17 12:48:08,960 [Datanode State Machine Thread - 0] INFO  ratis.XceiverServerRatis (XceiverServerRatis.java:start(421)) - XceiverServerRatis cb20f782-9136-4144-a2ef-e44461d35697 is started using port 44783
2019-09-17 12:48:08,965 [Datanode State Machine Thread - 0] INFO  server.XceiverServerGrpc (XceiverServerGrpc.java:start(163)) - XceiverServerGrpc cb20f782-9136-4144-a2ef-e44461d35697 is started using port 45696
2019-09-17 12:48:09,037 [SCMBlockDeletingService#1] DEBUG block.SCMBlockDeletingService (SCMBlockDeletingService.java:call(138)) - Running DeletedBlockTransactionScanner
2019-09-17 12:48:09,038 [SCMBlockDeletingService#1] DEBUG block.SCMBlockDeletingService (SCMBlockDeletingService.java:call(155)) - Scanned deleted blocks log and got 0 delTX to process.
2019-09-17 12:48:09,138 [SCMBlockDeletingService#1] DEBUG block.SCMBlockDeletingService (SCMBlockDeletingService.java:call(138)) - Running DeletedBlockTransactionScanner
2019-09-17 12:48:09,139 [SCMBlockDeletingService#1] DEBUG block.SCMBlockDeletingService (SCMBlockDeletingService.java:call(155)) - Scanned deleted blocks log and got 0 delTX to process.
2019-09-17 12:48:09,240 [SCMBlockDeletingService#1] DEBUG block.SCMBlockDeletingService (SCMBlockDeletingService.java:call(138)) - Running DeletedBlockTransactionScanner
2019-09-17 12:48:09,240 [SCMBlockDeletingService#1] DEBUG block.SCMBlockDeletingService (SCMBlockDeletingService.java:call(155)) - Scanned deleted blocks log and got 0 delTX to process.
2019-09-17 12:48:09,340 [SCMBlockDeletingService#1] DEBUG block.SCMBlockDeletingService (SCMBlockDeletingService.java:call(138)) - Running DeletedBlockTransactionScanner
2019-09-17 12:48:09,341 [SCMBlockDeletingService#1] DEBUG block.SCMBlockDeletingService (SCMBlockDeletingService.java:call(155)) - Scanned deleted blocks log and got 0 delTX to process.
2019-09-17 12:48:09,441 [SCMBlockDeletingService#1] DEBUG block.SCMBlockDeletingService (SCMBlockDeletingService.java:call(138)) - Running DeletedBlockTransactionScanner
2019-09-17 12:48:09,442 [SCMBlockDeletingService#1] DEBUG block.SCMBlockDeletingService (SCMBlockDeletingService.java:call(155)) - Scanned deleted blocks log and got 0 delTX to process.
2019-09-17 12:48:09,542 [SCMBlockDeletingService#1] DEBUG block.SCMBlockDeletingService (SCMBlockDeletingService.java:call(138)) - Running DeletedBlockTransactionScanner
2019-09-17 12:48:09,543 [SCMBlockDeletingService#1] DEBUG block.SCMBlockDeletingService (SCMBlockDeletingService.java:call(155)) - Scanned deleted blocks log and got 0 delTX to process.
2019-09-17 12:48:09,643 [SCMBlockDeletingService#1] DEBUG block.SCMBlockDeletingService (SCMBlockDeletingService.java:call(138)) - Running DeletedBlockTransactionScanner
2019-09-17 12:48:09,644 [SCMBlockDeletingService#1] DEBUG block.SCMBlockDeletingService (SCMBlockDeletingService.java:call(155)) - Scanned deleted blocks log and got 0 delTX to process.
2019-09-17 12:48:09,713 [main] INFO  ozone.MiniOzoneClusterImpl (MiniOzoneClusterImpl.java:lambda$waitForClusterToBeReady$0(145)) - Waiting for cluster to be ready. Got 0 of 1 DN Heartbeats.
2019-09-17 12:48:09,744 [SCMBlockDeletingService#1] DEBUG block.SCMBlockDeletingService (SCMBlockDeletingService.java:call(138)) - Running DeletedBlockTransactionScanner
2019-09-17 12:48:09,745 [SCMBlockDeletingService#1] DEBUG block.SCMBlockDeletingService (SCMBlockDeletingService.java:call(155)) - Scanned deleted blocks log and got 0 delTX to process.
2019-09-17 12:48:09,845 [SCMBlockDeletingService#1] DEBUG block.SCMBlockDeletingService (SCMBlockDeletingService.java:call(138)) - Running DeletedBlockTransactionScanner
2019-09-17 12:48:09,846 [SCMBlockDeletingService#1] DEBUG block.SCMBlockDeletingService (SCMBlockDeletingService.java:call(155)) - Scanned deleted blocks log and got 0 delTX to process.
2019-09-17 12:48:09,946 [SCMBlockDeletingService#1] DEBUG block.SCMBlockDeletingService (SCMBlockDeletingService.java:call(138)) - Running DeletedBlockTransactionScanner
2019-09-17 12:48:09,946 [SCMBlockDeletingService#1] DEBUG block.SCMBlockDeletingService (SCMBlockDeletingService.java:call(155)) - Scanned deleted blocks log and got 0 delTX to process.
2019-09-17 12:48:10,047 [SCMBlockDeletingService#1] DEBUG block.SCMBlockDeletingService (SCMBlockDeletingService.java:call(138)) - Running DeletedBlockTransactionScanner
2019-09-17 12:48:10,047 [SCMBlockDeletingService#1] DEBUG block.SCMBlockDeletingService (SCMBlockDeletingService.java:call(155)) - Scanned deleted blocks log and got 0 delTX to process.
2019-09-17 12:48:10,148 [SCMBlockDeletingService#1] DEBUG block.SCMBlockDeletingService (SCMBlockDeletingService.java:call(138)) - Running DeletedBlockTransactionScanner
2019-09-17 12:48:10,148 [SCMBlockDeletingService#1] DEBUG block.SCMBlockDeletingService (SCMBlockDeletingService.java:call(155)) - Scanned deleted blocks log and got 0 delTX to process.
2019-09-17 12:48:10,249 [SCMBlockDeletingService#1] DEBUG block.SCMBlockDeletingService (SCMBlockDeletingService.java:call(138)) - Running DeletedBlockTransactionScanner
2019-09-17 12:48:10,249 [SCMBlockDeletingService#1] DEBUG block.SCMBlockDeletingService (SCMBlockDeletingService.java:call(155)) - Scanned deleted blocks log and got 0 delTX to process.
2019-09-17 12:48:10,350 [SCMBlockDeletingService#1] DEBUG block.SCMBlockDeletingService (SCMBlockDeletingService.java:call(138)) - Running DeletedBlockTransactionScanner
2019-09-17 12:48:10,350 [SCMBlockDeletingService#1] DEBUG block.SCMBlockDeletingService (SCMBlockDeletingService.java:call(155)) - Scanned deleted blocks log and got 0 delTX to process.
2019-09-17 12:48:10,451 [SCMBlockDeletingService#1] DEBUG block.SCMBlockDeletingService (SCMBlockDeletingService.java:call(138)) - Running DeletedBlockTransactionScanner
2019-09-17 12:48:10,451 [SCMBlockDeletingService#1] DEBUG block.SCMBlockDeletingService (SCMBlockDeletingService.java:call(155)) - Scanned deleted blocks log and got 0 delTX to process.
2019-09-17 12:48:10,552 [SCMBlockDeletingService#1] DEBUG block.SCMBlockDeletingService (SCMBlockDeletingService.java:call(138)) - Running DeletedBlockTransactionScanner
2019-09-17 12:48:10,552 [SCMBlockDeletingService#1] DEBUG block.SCMBlockDeletingService (SCMBlockDeletingService.java:call(155)) - Scanned deleted blocks log and got 0 delTX to process.
2019-09-17 12:48:10,653 [SCMBlockDeletingService#1] DEBUG block.SCMBlockDeletingService (SCMBlockDeletingService.java:call(138)) - Running DeletedBlockTransactionScanner
2019-09-17 12:48:10,653 [SCMBlockDeletingService#1] DEBUG block.SCMBlockDeletingService (SCMBlockDeletingService.java:call(155)) - Scanned deleted blocks log and got 0 delTX to process.
2019-09-17 12:48:10,714 [main] INFO  ozone.MiniOzoneClusterImpl (MiniOzoneClusterImpl.java:lambda$waitForClusterToBeReady$0(145)) - Waiting for cluster to be ready. Got 0 of 1 DN Heartbeats.
2019-09-17 12:48:10,754 [SCMBlockDeletingService#1] DEBUG block.SCMBlockDeletingService (SCMBlockDeletingService.java:call(138)) - Running DeletedBlockTransactionScanner
2019-09-17 12:48:10,754 [SCMBlockDeletingService#1] DEBUG block.SCMBlockDeletingService (SCMBlockDeletingService.java:call(155)) - Scanned deleted blocks log and got 0 delTX to process.
2019-09-17 12:48:10,761 [IPC Server handler 19 on 40863] INFO  net.NetworkTopology (NetworkTopologyImpl.java:add(111)) - Added a new node: /default-rack/cb20f782-9136-4144-a2ef-e44461d35697
2019-09-17 12:48:10,761 [IPC Server handler 19 on 40863] INFO  node.SCMNodeManager (SCMNodeManager.java:register(266)) - Registered Data node : cb20f782-9136-4144-a2ef-e44461d35697{ip: 192.168.34.33, host: pr-hdds-2142-clczg-3805722443, networkLocation: /default-rack, certSerialId: null}
2019-09-17 12:48:10,767 [EventQueue-NodeRegistrationContainerReportForDataNodeSafeModeRule] INFO  safemode.SCMSafeModeManager (DataNodeSafeModeRule.java:process(71)) - SCM in safe mode. 1 DataNodes registered, 1 required.
2019-09-17 12:48:10,767 [EventQueue-NodeRegistrationContainerReportForDataNodeSafeModeRule] INFO  safemode.SCMSafeModeManager (SCMSafeModeManager.java:validateSafeModeExitRules(177)) - ScmSafeModeManager, all rules are successfully validated
2019-09-17 12:48:10,767 [EventQueue-NodeRegistrationContainerReportForDataNodeSafeModeRule] INFO  safemode.SCMSafeModeManager (SCMSafeModeManager.java:exitSafeMode(193)) - SCM exiting safe mode.
2019-09-17 12:48:10,854 [SCMBlockDeletingService#1] DEBUG block.SCMBlockDeletingService (SCMBlockDeletingService.java:call(138)) - Running DeletedBlockTransactionScanner
2019-09-17 12:48:10,855 [SCMBlockDeletingService#1] DEBUG block.SCMBlockDeletingService (SCMBlockDeletingService.java:call(155)) - Scanned deleted blocks log and got 0 delTX to process.
2019-09-17 12:48:10,955 [SCMBlockDeletingService#1] DEBUG block.SCMBlockDeletingService (SCMBlockDeletingService.java:call(138)) - Running DeletedBlockTransactionScanner
2019-09-17 12:48:10,956 [SCMBlockDeletingService#1] DEBUG block.SCMBlockDeletingService (SCMBlockDeletingService.java:call(155)) - Scanned deleted blocks log and got 0 delTX to process.
2019-09-17 12:48:11,056 [SCMBlockDeletingService#1] DEBUG block.SCMBlockDeletingService (SCMBlockDeletingService.java:call(138)) - Running DeletedBlockTransactionScanner
2019-09-17 12:48:11,057 [SCMBlockDeletingService#1] DEBUG block.SCMBlockDeletingService (SCMBlockDeletingService.java:call(155)) - Scanned deleted blocks log and got 0 delTX to process.
2019-09-17 12:48:11,157 [SCMBlockDeletingService#1] DEBUG block.SCMBlockDeletingService (SCMBlockDeletingService.java:call(138)) - Running DeletedBlockTransactionScanner
2019-09-17 12:48:11,158 [SCMBlockDeletingService#1] DEBUG block.SCMBlockDeletingService (SCMBlockDeletingService.java:call(155)) - Scanned deleted blocks log and got 0 delTX to process.
2019-09-17 12:48:11,258 [SCMBlockDeletingService#1] DEBUG block.SCMBlockDeletingService (SCMBlockDeletingService.java:call(138)) - Running DeletedBlockTransactionScanner
2019-09-17 12:48:11,259 [SCMBlockDeletingService#1] DEBUG block.SCMBlockDeletingService (SCMBlockDeletingService.java:call(155)) - Scanned deleted blocks log and got 0 delTX to process.
2019-09-17 12:48:11,332 [grpc-default-executor-0] INFO  impl.RaftServerProxy (RaftServerProxy.java:addNew(89)) - cb20f782-9136-4144-a2ef-e44461d35697: addNew group-EF222054BC57:[cb20f782-9136-4144-a2ef-e44461d35697:192.168.34.33:44783] returns group-EF222054BC57:java.util.concurrent.CompletableFuture@2f1c5950[Not completed]
2019-09-17 12:48:11,353 [pool-27-thread-1] INFO  impl.RaftServerImpl (RaftServerImpl.java:<init>(95)) - cb20f782-9136-4144-a2ef-e44461d35697: new RaftServerImpl for group-EF222054BC57:[cb20f782-9136-4144-a2ef-e44461d35697:192.168.34.33:44783] with ContainerStateMachine:uninitialized
2019-09-17 12:48:11,357 [pool-27-thread-1] INFO  server.RaftServerConfigKeys (ConfUtils.java:logGet(43)) - raft.server.rpc.timeout.min = 5s (custom)
2019-09-17 12:48:11,358 [pool-27-thread-1] INFO  server.RaftServerConfigKeys (ConfUtils.java:logGet(43)) - raft.server.rpc.timeout.max = 5200ms (custom)
2019-09-17 12:48:11,358 [pool-27-thread-1] INFO  server.RaftServerConfigKeys (ConfUtils.java:logGet(43)) - raft.server.rpcslowness.timeout = 120s (custom)
2019-09-17 12:48:11,359 [pool-27-thread-1] INFO  server.RaftServerConfigKeys (ConfUtils.java:logGet(43)) - raft.server.sleep.deviation.threshold = 300 (default)
2019-09-17 12:48:11,359 [SCMBlockDeletingService#1] DEBUG block.SCMBlockDeletingService (SCMBlockDeletingService.java:call(138)) - Running DeletedBlockTransactionScanner
2019-09-17 12:48:11,360 [SCMBlockDeletingService#1] DEBUG block.SCMBlockDeletingService (SCMBlockDeletingService.java:call(155)) - Scanned deleted blocks log and got 0 delTX to process.
2019-09-17 12:48:11,360 [pool-27-thread-1] INFO  server.RaftServerConfigKeys (ConfUtils.java:logGet(43)) - raft.server.log.appender.install.snapshot.enabled = false (custom)
2019-09-17 12:48:11,370 [pool-27-thread-1] INFO  impl.RaftServerImpl (ServerState.java:<init>(103)) - cb20f782-9136-4144-a2ef-e44461d35697@group-EF222054BC57: ConfigurationManager, init=-1: [cb20f782-9136-4144-a2ef-e44461d35697:192.168.34.33:44783], old=null, confs=<EMPTY_MAP>
2019-09-17 12:48:11,371 [pool-27-thread-1] INFO  server.RaftServerConfigKeys (ConfUtils.java:logGet(43)) - raft.server.storage.dir = [/workdir/hadoop-ozone/integration-test/target/test-dir/MiniOzoneClusterImpl-c23a8398-3c1b-4fe5-9bc4-5abc7f29ee92/datanode-0/data/ratis] (custom)
2019-09-17 12:48:11,380 [pool-27-thread-1] INFO  storage.RaftStorageDirectory (RaftStorageDirectory.java:analyzeStorage(246)) - The storage directory /workdir/hadoop-ozone/integration-test/target/test-dir/MiniOzoneClusterImpl-c23a8398-3c1b-4fe5-9bc4-5abc7f29ee92/datanode-0/data/ratis/30c69085-8df5-4d18-8bee-ef222054bc57 does not exist. Creating ...
2019-09-17 12:48:11,411 [pool-27-thread-1] INFO  storage.RaftStorageDirectory (RaftStorageDirectory.java:tryLock(328)) - Lock on /workdir/hadoop-ozone/integration-test/target/test-dir/MiniOzoneClusterImpl-c23a8398-3c1b-4fe5-9bc4-5abc7f29ee92/datanode-0/data/ratis/30c69085-8df5-4d18-8bee-ef222054bc57/in_use.lock acquired by nodename 17201@pr-hdds-2142-clczg-3805722443
2019-09-17 12:48:11,428 [pool-27-thread-1] INFO  storage.RaftStorage (RaftStorage.java:format(72)) - Storage directory /workdir/hadoop-ozone/integration-test/target/test-dir/MiniOzoneClusterImpl-c23a8398-3c1b-4fe5-9bc4-5abc7f29ee92/datanode-0/data/ratis/30c69085-8df5-4d18-8bee-ef222054bc57 has been successfully formatted.
2019-09-17 12:48:11,431 [pool-27-thread-1] INFO  ratis.ContainerStateMachine (ContainerStateMachine.java:loadSnapshot(230)) - group-EF222054BC57: The snapshot info is null. Setting the last applied indexto:(t:0, i:~)
2019-09-17 12:48:11,431 [pool-27-thread-1] INFO  server.RaftServerConfigKeys (ConfUtils.java:logGet(43)) - raft.server.notification.no-leader.timeout = 120s (custom)
2019-09-17 12:48:11,435 [pool-27-thread-1] INFO  server.RaftServerConfigKeys (ConfUtils.java:logGet(43)) - raft.server.log.use.memory = false (default)
2019-09-17 12:48:11,443 [pool-27-thread-1] INFO  server.RaftServerConfigKeys (ConfUtils.java:logGet(43)) - raft.server.log.purge.gap = 1000000 (custom)
2019-09-17 12:48:11,443 [pool-27-thread-1] INFO  server.RaftServerConfigKeys (ConfUtils.java:logGet(43)) - raft.server.log.appender.buffer.byte-limit = 33554432 (custom)
2019-09-17 12:48:11,446 [pool-27-thread-1] INFO  server.RaftServerConfigKeys (ConfUtils.java:logGet(43)) - raft.server.log.segment.size.max = 1048576 (custom)
2019-09-17 12:48:11,453 [pool-27-thread-1] INFO  server.RaftServerConfigKeys (ConfUtils.java:logGet(43)) - raft.server.log.segment.cache.num.max = 2 (custom)
2019-09-17 12:48:11,460 [SCMBlockDeletingService#1] DEBUG block.SCMBlockDeletingService (SCMBlockDeletingService.java:call(138)) - Running DeletedBlockTransactionScanner
2019-09-17 12:48:11,460 [pool-27-thread-1] INFO  segmented.SegmentedRaftLogWorker (SegmentedRaftLogWorker.java:<init>(172)) - new cb20f782-9136-4144-a2ef-e44461d35697@group-EF222054BC57-SegmentedRaftLogWorker for RaftStorage:Storage Directory /workdir/hadoop-ozone/integration-test/target/test-dir/MiniOzoneClusterImpl-c23a8398-3c1b-4fe5-9bc4-5abc7f29ee92/datanode-0/data/ratis/30c69085-8df5-4d18-8bee-ef222054bc57
2019-09-17 12:48:11,461 [SCMBlockDeletingService#1] DEBUG block.SCMBlockDeletingService (SCMBlockDeletingService.java:call(155)) - Scanned deleted blocks log and got 0 delTX to process.
2019-09-17 12:48:11,463 [pool-27-thread-1] INFO  impl.MetricsSystemImpl (MetricsSystemImpl.java:init(158)) - ratis metrics system started (again)
2019-09-17 12:48:11,506 [pool-27-thread-1] INFO  server.RaftServerConfigKeys (ConfUtils.java:logGet(43)) - raft.server.log.queue.byte-limit = 2147483647 (custom)
2019-09-17 12:48:11,506 [pool-27-thread-1] INFO  server.RaftServerConfigKeys (ConfUtils.java:logGet(43)) - raft.server.log.queue.element-limit = 1024 (custom)
2019-09-17 12:48:11,510 [pool-27-thread-1] INFO  server.RaftServerConfigKeys (ConfUtils.java:logGet(43)) - raft.server.log.segment.size.max = 1048576 (custom)
2019-09-17 12:48:11,510 [pool-27-thread-1] INFO  server.RaftServerConfigKeys (ConfUtils.java:logGet(43)) - raft.server.log.preallocated.size = 16384 (custom)
2019-09-17 12:48:11,511 [pool-27-thread-1] INFO  server.RaftServerConfigKeys (ConfUtils.java:logGet(43)) - raft.server.log.write.buffer.size = 33554432 (custom)
2019-09-17 12:48:11,512 [pool-27-thread-1] INFO  server.RaftServerConfigKeys (ConfUtils.java:logGet(43)) - raft.server.log.force.sync.num = 128 (default)
2019-09-17 12:48:11,513 [pool-27-thread-1] INFO  server.RaftServerConfigKeys (ConfUtils.java:logGet(43)) - raft.server.log.statemachine.data.sync = true (default)
2019-09-17 12:48:11,513 [pool-27-thread-1] INFO  server.RaftServerConfigKeys (ConfUtils.java:logGet(43)) - raft.server.log.statemachine.data.sync.timeout = 10s (default)
2019-09-17 12:48:11,513 [pool-27-thread-1] INFO  server.RaftServerConfigKeys (ConfUtils.java:logGet(43)) - raft.server.log.statemachine.data.sync.timeout.retry = -1 (default)
2019-09-17 12:48:11,523 [pool-27-thread-1] INFO  server.RaftServerConfigKeys (ConfUtils.java:logGet(43)) - raft.server.log.statemachine.data.caching.enabled = true (custom)
2019-09-17 12:48:11,528 [pool-27-thread-1] INFO  segmented.SegmentedRaftLogWorker (SegmentedRaftLogWorker.java:lambda$new$0(132)) - cb20f782-9136-4144-a2ef-e44461d35697@group-EF222054BC57-SegmentedRaftLogWorker: flushIndex: setUnconditionally 0 -> -1
2019-09-17 12:48:11,532 [pool-27-thread-1] INFO  server.RaftServerConfigKeys (ConfUtils.java:logGet(43)) - raft.server.snapshot.auto.trigger.enabled = true (custom)
2019-09-17 12:48:11,534 [pool-27-thread-1] INFO  server.RaftServerConfigKeys (ConfUtils.java:logGet(43)) - raft.server.snapshot.auto.trigger.threshold = 10000 (custom)
2019-09-17 12:48:11,534 [pool-27-thread-1] INFO  server.RaftServerConfigKeys (ConfUtils.java:logGet(43)) - raft.server.snapshot.retention.num.files = 5 (custom)
2019-09-17 12:48:11,535 [pool-27-thread-1] INFO  server.RaftServerConfigKeys (ConfUtils.java:logGet(43)) - raft.server.retrycache.expirytime = 600000ms (custom)
2019-09-17 12:48:11,561 [SCMBlockDeletingService#1] DEBUG block.SCMBlockDeletingService (SCMBlockDeletingService.java:call(138)) - Running DeletedBlockTransactionScanner
2019-09-17 12:48:11,561 [SCMBlockDeletingService#1] DEBUG block.SCMBlockDeletingService (SCMBlockDeletingService.java:call(155)) - Scanned deleted blocks log and got 0 delTX to process.
2019-09-17 12:48:11,562 [pool-27-thread-1] INFO  impl.RaftServerImpl (RaftServerImpl.java:start(185)) - cb20f782-9136-4144-a2ef-e44461d35697@group-EF222054BC57: start as a follower, conf=-1: [cb20f782-9136-4144-a2ef-e44461d35697:192.168.34.33:44783], old=null
2019-09-17 12:48:11,563 [pool-27-thread-1] INFO  impl.RaftServerImpl (RaftServerImpl.java:setRole(174)) - cb20f782-9136-4144-a2ef-e44461d35697@group-EF222054BC57: changes role from      null to FOLLOWER at term 0 for startAsFollower
2019-09-17 12:48:11,564 [pool-27-thread-1] INFO  impl.RoleInfo (RoleInfo.java:updateAndGet(143)) - cb20f782-9136-4144-a2ef-e44461d35697: start FollowerState
2019-09-17 12:48:11,566 [pool-27-thread-1] INFO  util.JmxRegister (JmxRegister.java:tryRegister(44)) - Successfully registered JMX Bean with object name Ratis:service=RaftServer,group=group-EF222054BC57,id=cb20f782-9136-4144-a2ef-e44461d35697
2019-09-17 12:48:11,638 [RatisPipelineUtilsThread] INFO  pipeline.PipelineStateManager (PipelineStateManager.java:addPipeline(56)) - Created pipeline Pipeline[ Id: 30c69085-8df5-4d18-8bee-ef222054bc57, Nodes: cb20f782-9136-4144-a2ef-e44461d35697{ip: 192.168.34.33, host: pr-hdds-2142-clczg-3805722443, networkLocation: /default-rack, certSerialId: null}, Type:RATIS, Factor:ONE, State:OPEN]
2019-09-17 12:48:11,662 [SCMBlockDeletingService#1] DEBUG block.SCMBlockDeletingService (SCMBlockDeletingService.java:call(138)) - Running DeletedBlockTransactionScanner
2019-09-17 12:48:11,662 [SCMBlockDeletingService#1] DEBUG block.SCMBlockDeletingService (SCMBlockDeletingService.java:call(155)) - Scanned deleted blocks log and got 0 delTX to process.
2019-09-17 12:48:11,714 [main] INFO  ozone.MiniOzoneClusterImpl (MiniOzoneClusterImpl.java:lambda$waitForClusterToBeReady$0(145)) - Cluster is ready. Got 1 of 1 DN Heartbeats.
2019-09-17 12:48:11,763 [SCMBlockDeletingService#1] DEBUG block.SCMBlockDeletingService (SCMBlockDeletingService.java:call(138)) - Running DeletedBlockTransactionScanner
2019-09-17 12:48:11,763 [SCMBlockDeletingService#1] DEBUG block.SCMBlockDeletingService (SCMBlockDeletingService.java:call(155)) - Scanned deleted blocks log and got 0 delTX to process.
2019-09-17 12:48:11,864 [SCMBlockDeletingService#1] DEBUG block.SCMBlockDeletingService (SCMBlockDeletingService.java:call(138)) - Running DeletedBlockTransactionScanner
2019-09-17 12:48:11,864 [SCMBlockDeletingService#1] DEBUG block.SCMBlockDeletingService (SCMBlockDeletingService.java:call(155)) - Scanned deleted blocks log and got 0 delTX to process.
2019-09-17 12:48:11,965 [SCMBlockDeletingService#1] DEBUG block.SCMBlockDeletingService (SCMBlockDeletingService.java:call(138)) - Running DeletedBlockTransactionScanner
2019-09-17 12:48:11,965 [SCMBlockDeletingService#1] DEBUG block.SCMBlockDeletingService (SCMBlockDeletingService.java:call(155)) - Scanned deleted blocks log and got 0 delTX to process.
2019-09-17 12:48:12,065 [SCMBlockDeletingService#1] DEBUG block.SCMBlockDeletingService (SCMBlockDeletingService.java:call(138)) - Running DeletedBlockTransactionScanner
2019-09-17 12:48:12,066 [SCMBlockDeletingService#1] DEBUG block.SCMBlockDeletingService (SCMBlockDeletingService.java:call(155)) - Scanned deleted blocks log and got 0 delTX to process.
2019-09-17 12:48:12,167 [SCMBlockDeletingService#1] DEBUG block.SCMBlockDeletingService (SCMBlockDeletingService.java:call(138)) - Running DeletedBlockTransactionScanner
2019-09-17 12:48:12,167 [SCMBlockDeletingService#1] DEBUG block.SCMBlockDeletingService (SCMBlockDeletingService.java:call(155)) - Scanned deleted blocks log and got 0 delTX to process.
2019-09-17 12:48:12,268 [SCMBlockDeletingService#1] DEBUG block.SCMBlockDeletingService (SCMBlockDeletingService.java:call(138)) - Running DeletedBlockTransactionScanner
2019-09-17 12:48:12,268 [SCMBlockDeletingService#1] DEBUG block.SCMBlockDeletingService (SCMBlockDeletingService.java:call(155)) - Scanned deleted blocks log and got 0 delTX to process.
2019-09-17 12:48:12,369 [SCMBlockDeletingService#1] DEBUG block.SCMBlockDeletingService (SCMBlockDeletingService.java:call(138)) - Running DeletedBlockTransactionScanner
2019-09-17 12:48:12,369 [SCMBlockDeletingService#1] DEBUG block.SCMBlockDeletingService (SCMBlockDeletingService.java:call(155)) - Scanned deleted blocks log and got 0 delTX to process.
2019-09-17 12:48:12,470 [SCMBlockDeletingService#1] DEBUG block.SCMBlockDeletingService (SCMBlockDeletingService.java:call(138)) - Running DeletedBlockTransactionScanner
2019-09-17 12:48:12,470 [SCMBlockDeletingService#1] DEBUG block.SCMBlockDeletingService (SCMBlockDeletingService.java:call(155)) - Scanned deleted blocks log and got 0 delTX to process.
2019-09-17 12:48:12,571 [SCMBlockDeletingService#1] DEBUG block.SCMBlockDeletingService (SCMBlockDeletingService.java:call(138)) - Running DeletedBlockTransactionScanner
2019-09-17 12:48:12,571 [SCMBlockDeletingService#1] DEBUG block.SCMBlockDeletingService (SCMBlockDeletingService.java:call(155)) - Scanned deleted blocks log and got 0 delTX to process.
2019-09-17 12:48:12,671 [SCMBlockDeletingService#1] DEBUG block.SCMBlockDeletingService (SCMBlockDeletingService.java:call(138)) - Running DeletedBlockTransactionScanner
2019-09-17 12:48:12,672 [SCMBlockDeletingService#1] DEBUG block.SCMBlockDeletingService (SCMBlockDeletingService.java:call(155)) - Scanned deleted blocks log and got 0 delTX to process.
2019-09-17 12:48:12,772 [SCMBlockDeletingService#1] DEBUG block.SCMBlockDeletingService (SCMBlockDeletingService.java:call(138)) - Running DeletedBlockTransactionScanner
2019-09-17 12:48:12,772 [SCMBlockDeletingService#1] DEBUG block.SCMBlockDeletingService (SCMBlockDeletingService.java:call(155)) - Scanned deleted blocks log and got 0 delTX to process.
2019-09-17 12:48:12,873 [SCMBlockDeletingService#1] DEBUG block.SCMBlockDeletingService (SCMBlockDeletingService.java:call(138)) - Running DeletedBlockTransactionScanner
2019-09-17 12:48:12,873 [SCMBlockDeletingService#1] DEBUG block.SCMBlockDeletingService (SCMBlockDeletingService.java:call(155)) - Scanned deleted blocks log and got 0 delTX to process.
2019-09-17 12:48:12,974 [SCMBlockDeletingService#1] DEBUG block.SCMBlockDeletingService (SCMBlockDeletingService.java:call(138)) - Running DeletedBlockTransactionScanner
2019-09-17 12:48:12,974 [SCMBlockDeletingService#1] DEBUG block.SCMBlockDeletingService (SCMBlockDeletingService.java:call(155)) - Scanned deleted blocks log and got 0 delTX to process.
2019-09-17 12:48:13,075 [SCMBlockDeletingService#1] DEBUG block.SCMBlockDeletingService (SCMBlockDeletingService.java:call(138)) - Running DeletedBlockTransactionScanner
2019-09-17 12:48:13,075 [SCMBlockDeletingService#1] DEBUG block.SCMBlockDeletingService (SCMBlockDeletingService.java:call(155)) - Scanned deleted blocks log and got 0 delTX to process.
2019-09-17 12:48:13,176 [SCMBlockDeletingService#0] DEBUG block.SCMBlockDeletingService (SCMBlockDeletingService.java:call(138)) - Running DeletedBlockTransactionScanner
2019-09-17 12:48:13,176 [SCMBlockDeletingService#0] DEBUG block.SCMBlockDeletingService (SCMBlockDeletingService.java:call(155)) - Scanned deleted blocks log and got 0 delTX to process.
2019-09-17 12:48:13,276 [SCMBlockDeletingService#0] DEBUG block.SCMBlockDeletingService (SCMBlockDeletingService.java:call(138)) - Running DeletedBlockTransactionScanner
2019-09-17 12:48:13,277 [SCMBlockDeletingService#0] DEBUG block.SCMBlockDeletingService (SCMBlockDeletingService.java:call(155)) - Scanned deleted blocks log and got 0 delTX to process.
2019-09-17 12:48:13,377 [SCMBlockDeletingService#0] DEBUG block.SCMBlockDeletingService (SCMBlockDeletingService.java:call(138)) - Running DeletedBlockTransactionScanner
2019-09-17 12:48:13,378 [SCMBlockDeletingService#0] DEBUG block.SCMBlockDeletingService (SCMBlockDeletingService.java:call(155)) - Scanned deleted blocks log and got 0 delTX to process.
2019-09-17 12:48:13,478 [SCMBlockDeletingService#0] DEBUG block.SCMBlockDeletingService (SCMBlockDeletingService.java:call(138)) - Running DeletedBlockTransactionScanner
2019-09-17 12:48:13,479 [SCMBlockDeletingService#0] DEBUG block.SCMBlockDeletingService (SCMBlockDeletingService.java:call(155)) - Scanned deleted blocks log and got 0 delTX to process.
2019-09-17 12:48:13,579 [SCMBlockDeletingService#0] DEBUG block.SCMBlockDeletingService (SCMBlockDeletingService.java:call(138)) - Running DeletedBlockTransactionScanner
2019-09-17 12:48:13,579 [SCMBlockDeletingService#0] DEBUG block.SCMBlockDeletingService (SCMBlockDeletingService.java:call(155)) - Scanned deleted blocks log and got 0 delTX to process.
2019-09-17 12:48:13,680 [SCMBlockDeletingService#0] DEBUG block.SCMBlockDeletingService (SCMBlockDeletingService.java:call(138)) - Running DeletedBlockTransactionScanner
2019-09-17 12:48:13,680 [SCMBlockDeletingService#0] DEBUG block.SCMBlockDeletingService (SCMBlockDeletingService.java:call(155)) - Scanned deleted blocks log and got 0 delTX to process.
2019-09-17 12:48:13,773 [Thread-156] INFO  container.ReplicationManager (ReplicationManager.java:start(162)) - Starting Replication Monitor Thread.
2019-09-17 12:48:13,776 [ReplicationMonitor] INFO  container.ReplicationManager (ReplicationManager.java:run(225)) - Replication Monitor Thread took 1 milliseconds for processing 0 containers.
2019-09-17 12:48:13,781 [SCMBlockDeletingService#0] DEBUG block.SCMBlockDeletingService (SCMBlockDeletingService.java:call(138)) - Running DeletedBlockTransactionScanner
2019-09-17 12:48:13,781 [SCMBlockDeletingService#0] DEBUG block.SCMBlockDeletingService (SCMBlockDeletingService.java:call(155)) - Scanned deleted blocks log and got 0 delTX to process.
2019-09-17 12:48:13,881 [SCMBlockDeletingService#0] DEBUG block.SCMBlockDeletingService (SCMBlockDeletingService.java:call(138)) - Running DeletedBlockTransactionScanner
2019-09-17 12:48:13,882 [SCMBlockDeletingService#0] DEBUG block.SCMBlockDeletingService (SCMBlockDeletingService.java:call(155)) - Scanned deleted blocks log and got 0 delTX to process.
2019-09-17 12:48:13,906 [main] INFO  rpc.RpcClient (RpcClient.java:createVolume(302)) - Creating Volume: ae002482-675b-4b2d-abd6-7eacb758cc56, with jenkins1000 as owner.
2019-09-17 12:48:13,982 [SCMBlockDeletingService#0] DEBUG block.SCMBlockDeletingService (SCMBlockDeletingService.java:call(138)) - Running DeletedBlockTransactionScanner
2019-09-17 12:48:13,983 [SCMBlockDeletingService#0] DEBUG block.SCMBlockDeletingService (SCMBlockDeletingService.java:call(155)) - Scanned deleted blocks log and got 0 delTX to process.
2019-09-17 12:48:14,004 [IPC Server handler 2 on 38767] INFO  volume.OMVolumeCreateRequest (OMVolumeCreateRequest.java:validateAndUpdateCache(189)) - created volume:ae002482-675b-4b2d-abd6-7eacb758cc56 for user:jenkins1000
2019-09-17 12:48:14,020 [main] INFO  rpc.RpcClient (RpcClient.java:createBucket(441)) - Creating Bucket: ae002482-675b-4b2d-abd6-7eacb758cc56/a672d119-ecbe-4e88-8a18-dbb650b215bc, with Versioning false and Storage Type set to DISK and Encryption set to false 
2019-09-17 12:48:14,083 [SCMBlockDeletingService#0] DEBUG block.SCMBlockDeletingService (SCMBlockDeletingService.java:call(138)) - Running DeletedBlockTransactionScanner
2019-09-17 12:48:14,084 [SCMBlockDeletingService#0] DEBUG block.SCMBlockDeletingService (SCMBlockDeletingService.java:call(155)) - Scanned deleted blocks log and got 0 delTX to process.
2019-09-17 12:48:14,184 [SCMBlockDeletingService#0] DEBUG block.SCMBlockDeletingService (SCMBlockDeletingService.java:call(138)) - Running DeletedBlockTransactionScanner
2019-09-17 12:48:14,185 [SCMBlockDeletingService#0] DEBUG block.SCMBlockDeletingService (SCMBlockDeletingService.java:call(155)) - Scanned deleted blocks log and got 0 delTX to process.
2019-09-17 12:48:14,285 [SCMBlockDeletingService#1] DEBUG block.SCMBlockDeletingService (SCMBlockDeletingService.java:call(138)) - Running DeletedBlockTransactionScanner
2019-09-17 12:48:14,286 [SCMBlockDeletingService#1] DEBUG block.SCMBlockDeletingService (SCMBlockDeletingService.java:call(155)) - Scanned deleted blocks log and got 0 delTX to process.
2019-09-17 12:48:14,653 [SCMBlockDeletingService#1] DEBUG block.SCMBlockDeletingService (SCMBlockDeletingService.java:call(138)) - Running DeletedBlockTransactionScanner
2019-09-17 12:48:14,655 [SCMBlockDeletingService#1] DEBUG block.SCMBlockDeletingService (SCMBlockDeletingService.java:call(155)) - Scanned deleted blocks log and got 0 delTX to process.
2019-09-17 12:48:14,756 [SCMBlockDeletingService#1] DEBUG block.SCMBlockDeletingService (SCMBlockDeletingService.java:call(138)) - Running DeletedBlockTransactionScanner
2019-09-17 12:48:14,756 [SCMBlockDeletingService#1] DEBUG block.SCMBlockDeletingService (SCMBlockDeletingService.java:call(155)) - Scanned deleted blocks log and got 0 delTX to process.
2019-09-17 12:48:14,790 [main] INFO  impl.MetricsSystemImpl (MetricsSystemImpl.java:init(158)) - XceiverClientMetrics metrics system started (again)
2019-09-17 12:48:14,859 [SCMBlockDeletingService#1] DEBUG block.SCMBlockDeletingService (SCMBlockDeletingService.java:call(138)) - Running DeletedBlockTransactionScanner
2019-09-17 12:48:14,861 [SCMBlockDeletingService#1] DEBUG block.SCMBlockDeletingService (SCMBlockDeletingService.java:call(155)) - Scanned deleted blocks log and got 0 delTX to process.
2019-09-17 12:48:14,932 [grpc-default-executor-2] INFO  client.GrpcClientProtocolClient (GrpcClientProtocolClient.java:onNext(264)) - client-E41C008B94D2->cb20f782-9136-4144-a2ef-e44461d35697: receive RaftClientReply:client-E41C008B94D2->cb20f782-9136-4144-a2ef-e44461d35697@group-EF222054BC57, cid=1, FAILED org.apache.ratis.protocol.NotLeaderException: Server cb20f782-9136-4144-a2ef-e44461d35697@group-EF222054BC57 is not the leader, logIndex=0, commits[cb20f782-9136-4144-a2ef-e44461d35697:c-1]
2019-09-17 12:48:14,962 [SCMBlockDeletingService#1] DEBUG block.SCMBlockDeletingService (SCMBlockDeletingService.java:call(138)) - Running DeletedBlockTransactionScanner
2019-09-17 12:48:14,962 [SCMBlockDeletingService#1] DEBUG block.SCMBlockDeletingService (SCMBlockDeletingService.java:call(155)) - Scanned deleted blocks log and got 0 delTX to process.
2019-09-17 12:48:15,063 [SCMBlockDeletingService#1] DEBUG block.SCMBlockDeletingService (SCMBlockDeletingService.java:call(138)) - Running DeletedBlockTransactionScanner
2019-09-17 12:48:15,063 [SCMBlockDeletingService#1] DEBUG block.SCMBlockDeletingService (SCMBlockDeletingService.java:call(155)) - Scanned deleted blocks log and got 0 delTX to process.
2019-09-17 12:48:15,164 [SCMBlockDeletingService#1] DEBUG block.SCMBlockDeletingService (SCMBlockDeletingService.java:call(138)) - Running DeletedBlockTransactionScanner
2019-09-17 12:48:15,164 [SCMBlockDeletingService#1] DEBUG block.SCMBlockDeletingService (SCMBlockDeletingService.java:call(155)) - Scanned deleted blocks log and got 0 delTX to process.
2019-09-17 12:48:15,264 [SCMBlockDeletingService#1] DEBUG block.SCMBlockDeletingService (SCMBlockDeletingService.java:call(138)) - Running DeletedBlockTransactionScanner
2019-09-17 12:48:15,265 [SCMBlockDeletingService#1] DEBUG block.SCMBlockDeletingService (SCMBlockDeletingService.java:call(155)) - Scanned deleted blocks log and got 0 delTX to process.
2019-09-17 12:48:15,365 [SCMBlockDeletingService#1] DEBUG block.SCMBlockDeletingService (SCMBlockDeletingService.java:call(138)) - Running DeletedBlockTransactionScanner
2019-09-17 12:48:15,366 [SCMBlockDeletingService#1] DEBUG block.SCMBlockDeletingService (SCMBlockDeletingService.java:call(155)) - Scanned deleted blocks log and got 0 delTX to process.
2019-09-17 12:48:15,466 [SCMBlockDeletingService#0] DEBUG block.SCMBlockDeletingService (SCMBlockDeletingService.java:call(138)) - Running DeletedBlockTransactionScanner
2019-09-17 12:48:15,466 [SCMBlockDeletingService#0] DEBUG block.SCMBlockDeletingService (SCMBlockDeletingService.java:call(155)) - Scanned deleted blocks log and got 0 delTX to process.
2019-09-17 12:48:15,567 [SCMBlockDeletingService#0] DEBUG block.SCMBlockDeletingService (SCMBlockDeletingService.java:call(138)) - Running DeletedBlockTransactionScanner
2019-09-17 12:48:15,567 [SCMBlockDeletingService#0] DEBUG block.SCMBlockDeletingService (SCMBlockDeletingService.java:call(155)) - Scanned deleted blocks log and got 0 delTX to process.
2019-09-17 12:48:15,667 [SCMBlockDeletingService#0] DEBUG block.SCMBlockDeletingService (SCMBlockDeletingService.java:call(138)) - Running DeletedBlockTransactionScanner
2019-09-17 12:48:15,668 [SCMBlockDeletingService#0] DEBUG block.SCMBlockDeletingService (SCMBlockDeletingService.java:call(155)) - Scanned deleted blocks log and got 0 delTX to process.
2019-09-17 12:48:15,768 [SCMBlockDeletingService#0] DEBUG block.SCMBlockDeletingService (SCMBlockDeletingService.java:call(138)) - Running DeletedBlockTransactionScanner
2019-09-17 12:48:15,768 [SCMBlockDeletingService#0] DEBUG block.SCMBlockDeletingService (SCMBlockDeletingService.java:call(155)) - Scanned deleted blocks log and got 0 delTX to process.
2019-09-17 12:48:15,869 [SCMBlockDeletingService#0] DEBUG block.SCMBlockDeletingService (SCMBlockDeletingService.java:call(138)) - Running DeletedBlockTransactionScanner
2019-09-17 12:48:15,869 [SCMBlockDeletingService#0] DEBUG block.SCMBlockDeletingService (SCMBlockDeletingService.java:call(155)) - Scanned deleted blocks log and got 0 delTX to process.
2019-09-17 12:48:15,970 [SCMBlockDeletingService#0] DEBUG block.SCMBlockDeletingService (SCMBlockDeletingService.java:call(138)) - Running DeletedBlockTransactionScanner
2019-09-17 12:48:15,970 [SCMBlockDeletingService#0] DEBUG block.SCMBlockDeletingService (SCMBlockDeletingService.java:call(155)) - Scanned deleted blocks log and got 0 delTX to process.
2019-09-17 12:48:16,070 [SCMBlockDeletingService#0] DEBUG block.SCMBlockDeletingService (SCMBlockDeletingService.java:call(138)) - Running DeletedBlockTransactionScanner
2019-09-17 12:48:16,071 [SCMBlockDeletingService#0] DEBUG block.SCMBlockDeletingService (SCMBlockDeletingService.java:call(155)) - Scanned deleted blocks log and got 0 delTX to process.
2019-09-17 12:48:16,171 [SCMBlockDeletingService#0] DEBUG block.SCMBlockDeletingService (SCMBlockDeletingService.java:call(138)) - Running DeletedBlockTransactionScanner
2019-09-17 12:48:16,171 [SCMBlockDeletingService#0] DEBUG block.SCMBlockDeletingService (SCMBlockDeletingService.java:call(155)) - Scanned deleted blocks log and got 0 delTX to process.
2019-09-17 12:48:16,272 [SCMBlockDeletingService#0] DEBUG block.SCMBlockDeletingService (SCMBlockDeletingService.java:call(138)) - Running DeletedBlockTransactionScanner
2019-09-17 12:48:16,272 [SCMBlockDeletingService#0] DEBUG block.SCMBlockDeletingService (SCMBlockDeletingService.java:call(155)) - Scanned deleted blocks log and got 0 delTX to process.
2019-09-17 12:48:16,373 [SCMBlockDeletingService#0] DEBUG block.SCMBlockDeletingService (SCMBlockDeletingService.java:call(138)) - Running DeletedBlockTransactionScanner
2019-09-17 12:48:16,373 [SCMBlockDeletingService#0] DEBUG block.SCMBlockDeletingService (SCMBlockDeletingService.java:call(155)) - Scanned deleted blocks log and got 0 delTX to process.
2019-09-17 12:48:16,473 [SCMBlockDeletingService#0] DEBUG block.SCMBlockDeletingService (SCMBlockDeletingService.java:call(138)) - Running DeletedBlockTransactionScanner
2019-09-17 12:48:16,474 [SCMBlockDeletingService#0] DEBUG block.SCMBlockDeletingService (SCMBlockDeletingService.java:call(155)) - Scanned deleted blocks log and got 0 delTX to process.
2019-09-17 12:48:16,574 [SCMBlockDeletingService#0] DEBUG block.SCMBlockDeletingService (SCMBlockDeletingService.java:call(138)) - Running DeletedBlockTransactionScanner
2019-09-17 12:48:16,575 [SCMBlockDeletingService#0] DEBUG block.SCMBlockDeletingService (SCMBlockDeletingService.java:call(155)) - Scanned deleted blocks log and got 0 delTX to process.
2019-09-17 12:48:16,582 [Thread-158] INFO  impl.FollowerState (FollowerState.java:run(106)) - cb20f782-9136-4144-a2ef-e44461d35697:group-EF222054BC57 changes to CANDIDATE, lastRpcTime:5018, electionTimeout:5017ms
2019-09-17 12:48:16,585 [Thread-158] INFO  impl.RoleInfo (RoleInfo.java:shutdownFollowerState(121)) - cb20f782-9136-4144-a2ef-e44461d35697: shutdown FollowerState
2019-09-17 12:48:16,586 [Thread-158] INFO  impl.RaftServerImpl (RaftServerImpl.java:setRole(174)) - cb20f782-9136-4144-a2ef-e44461d35697@group-EF222054BC57: changes role from  FOLLOWER to CANDIDATE at term 0 for changeToCandidate
2019-09-17 12:48:16,593 [Thread-158] INFO  impl.RoleInfo (RoleInfo.java:updateAndGet(143)) - cb20f782-9136-4144-a2ef-e44461d35697: start LeaderElection
2019-09-17 12:48:16,608 [cb20f782-9136-4144-a2ef-e44461d35697@group-EF222054BC57:LeaderElection1] INFO  impl.LeaderElection (LeaderElection.java:askForVotes(182)) - cb20f782-9136-4144-a2ef-e44461d35697@group-EF222054BC57:LeaderElection1: begin an election at term 1 for -1: [cb20f782-9136-4144-a2ef-e44461d35697:192.168.34.33:44783], old=null
2019-09-17 12:48:16,611 [cb20f782-9136-4144-a2ef-e44461d35697@group-EF222054BC57:LeaderElection1] INFO  impl.RoleInfo (RoleInfo.java:shutdownLeaderElection(134)) - cb20f782-9136-4144-a2ef-e44461d35697: shutdown LeaderElection
2019-09-17 12:48:16,612 [cb20f782-9136-4144-a2ef-e44461d35697@group-EF222054BC57:LeaderElection1] INFO  impl.RaftServerImpl (RaftServerImpl.java:setRole(174)) - cb20f782-9136-4144-a2ef-e44461d35697@group-EF222054BC57: changes role from CANDIDATE to LEADER at term 1 for changeToLeader
2019-09-17 12:48:16,612 [cb20f782-9136-4144-a2ef-e44461d35697@group-EF222054BC57:LeaderElection1] INFO  impl.RaftServerImpl (ServerState.java:setLeader(253)) - cb20f782-9136-4144-a2ef-e44461d35697@group-EF222054BC57: change Leader from null to cb20f782-9136-4144-a2ef-e44461d35697 at term 1 for becomeLeader, leader elected after 5180ms
2019-09-17 12:48:16,620 [cb20f782-9136-4144-a2ef-e44461d35697@group-EF222054BC57:LeaderElection1] INFO  server.RaftServerConfigKeys (ConfUtils.java:logGet(43)) - raft.server.staging.catchup.gap = 1000 (default)
2019-09-17 12:48:16,621 [cb20f782-9136-4144-a2ef-e44461d35697@group-EF222054BC57:LeaderElection1] INFO  server.RaftServerConfigKeys (ConfUtils.java:logGet(43)) - raft.server.rpc.sleep.time = 25ms (default)
2019-09-17 12:48:16,625 [cb20f782-9136-4144-a2ef-e44461d35697@group-EF222054BC57:LeaderElection1] INFO  server.RaftServerConfigKeys (ConfUtils.java:logGet(43)) - raft.server.write.element-limit = 4096 (default)
2019-09-17 12:48:16,628 [cb20f782-9136-4144-a2ef-e44461d35697@group-EF222054BC57:LeaderElection1] INFO  server.RaftServerConfigKeys (ConfUtils.java:logGet(43)) - raft.server.watch.timeout = 10s (default)
2019-09-17 12:48:16,628 [cb20f782-9136-4144-a2ef-e44461d35697@group-EF222054BC57:LeaderElection1] INFO  server.RaftServerConfigKeys (ConfUtils.java:logGet(43)) - raft.server.watch.timeout.denomination = 1s (default)
2019-09-17 12:48:16,630 [cb20f782-9136-4144-a2ef-e44461d35697@group-EF222054BC57:LeaderElection1] INFO  server.RaftServerConfigKeys (ConfUtils.java:logGet(43)) - raft.server.watch.element-limit = 65536 (default)
2019-09-17 12:48:16,674 [cb20f782-9136-4144-a2ef-e44461d35697@group-EF222054BC57:LeaderElection1] INFO  impl.RoleInfo (RoleInfo.java:updateAndGet(143)) - cb20f782-9136-4144-a2ef-e44461d35697: start LeaderState
2019-09-17 12:48:16,675 [SCMBlockDeletingService#0] DEBUG block.SCMBlockDeletingService (SCMBlockDeletingService.java:call(138)) - Running DeletedBlockTransactionScanner
2019-09-17 12:48:16,675 [SCMBlockDeletingService#0] DEBUG block.SCMBlockDeletingService (SCMBlockDeletingService.java:call(155)) - Scanned deleted blocks log and got 0 delTX to process.
2019-09-17 12:48:16,699 [cb20f782-9136-4144-a2ef-e44461d35697@group-EF222054BC57:LeaderElection1] INFO  segmented.SegmentedRaftLogWorker (SegmentedRaftLogWorker.java:startLogSegment(380)) - cb20f782-9136-4144-a2ef-e44461d35697@group-EF222054BC57-SegmentedRaftLogWorker: Starting segment from index:0
2019-09-17 12:48:16,711 [cb20f782-9136-4144-a2ef-e44461d35697@group-EF222054BC57:LeaderElection1] INFO  impl.RaftServerImpl (ServerState.java:setRaftConf(354)) - cb20f782-9136-4144-a2ef-e44461d35697@group-EF222054BC57: set configuration 0: [cb20f782-9136-4144-a2ef-e44461d35697:192.168.34.33:44783], old=null at 0
2019-09-17 12:48:16,776 [SCMBlockDeletingService#0] DEBUG block.SCMBlockDeletingService (SCMBlockDeletingService.java:call(138)) - Running DeletedBlockTransactionScanner
2019-09-17 12:48:16,776 [SCMBlockDeletingService#0] DEBUG block.SCMBlockDeletingService (SCMBlockDeletingService.java:call(155)) - Scanned deleted blocks log and got 0 delTX to process.
2019-09-17 12:48:16,877 [SCMBlockDeletingService#0] DEBUG block.SCMBlockDeletingService (SCMBlockDeletingService.java:call(138)) - Running DeletedBlockTransactionScanner
2019-09-17 12:48:16,877 [SCMBlockDeletingService#0] DEBUG block.SCMBlockDeletingService (SCMBlockDeletingService.java:call(155)) - Scanned deleted blocks log and got 0 delTX to process.
2019-09-17 12:48:16,920 [cb20f782-9136-4144-a2ef-e44461d35697@group-EF222054BC57-SegmentedRaftLogWorker] INFO  segmented.SegmentedRaftLogWorker (SegmentedRaftLogWorker.java:execute(569)) - cb20f782-9136-4144-a2ef-e44461d35697@group-EF222054BC57-SegmentedRaftLogWorker: created new log segment /workdir/hadoop-ozone/integration-test/target/test-dir/MiniOzoneClusterImpl-c23a8398-3c1b-4fe5-9bc4-5abc7f29ee92/datanode-0/data/ratis/30c69085-8df5-4d18-8bee-ef222054bc57/current/log_inprogress_0
2019-09-17 12:48:16,977 [SCMBlockDeletingService#0] DEBUG block.SCMBlockDeletingService (SCMBlockDeletingService.java:call(138)) - Running DeletedBlockTransactionScanner
2019-09-17 12:48:16,978 [SCMBlockDeletingService#0] DEBUG block.SCMBlockDeletingService (SCMBlockDeletingService.java:call(155)) - Scanned deleted blocks log and got 0 delTX to process.
2019-09-17 12:48:17,078 [SCMBlockDeletingService#0] DEBUG block.SCMBlockDeletingService (SCMBlockDeletingService.java:call(138)) - Running DeletedBlockTransactionScanner
2019-09-17 12:48:17,079 [SCMBlockDeletingService#0] DEBUG block.SCMBlockDeletingService (SCMBlockDeletingService.java:call(155)) - Scanned deleted blocks log and got 0 delTX to process.
2019-09-17 12:48:17,179 [SCMBlockDeletingService#0] DEBUG block.SCMBlockDeletingService (SCMBlockDeletingService.java:call(138)) - Running DeletedBlockTransactionScanner
2019-09-17 12:48:17,179 [SCMBlockDeletingService#0] DEBUG block.SCMBlockDeletingService (SCMBlockDeletingService.java:call(155)) - Scanned deleted blocks log and got 0 delTX to process.
2019-09-17 12:48:17,267 [grpc-default-executor-2] INFO  client.GrpcClientProtocolClient (GrpcClientProtocolClient.java:onNext(264)) - client-E41C008B94D2->cb20f782-9136-4144-a2ef-e44461d35697: receive RaftClientReply:client-E41C008B94D2->cb20f782-9136-4144-a2ef-e44461d35697@group-EF222054BC57, cid=1, SUCCESS, logIndex=1, commits[cb20f782-9136-4144-a2ef-e44461d35697:c1]
2019-09-17 12:48:17,280 [SCMBlockDeletingService#0] DEBUG block.SCMBlockDeletingService (SCMBlockDeletingService.java:call(138)) - Running DeletedBlockTransactionScanner
2019-09-17 12:48:17,280 [SCMBlockDeletingService#0] DEBUG block.SCMBlockDeletingService (SCMBlockDeletingService.java:call(155)) - Scanned deleted blocks log and got 0 delTX to process.
2019-09-17 12:48:17,367 [grpc-default-executor-1] INFO  client.GrpcClientProtocolClient (GrpcClientProtocolClient.java:onNext(264)) - client-E41C008B94D2->cb20f782-9136-4144-a2ef-e44461d35697: receive RaftClientReply:client-E41C008B94D2->cb20f782-9136-4144-a2ef-e44461d35697@group-EF222054BC57, cid=2, SUCCESS, logIndex=3, commits[cb20f782-9136-4144-a2ef-e44461d35697:c7]
2019-09-17 12:48:17,371 [grpc-default-executor-1] INFO  client.GrpcClientProtocolClient (GrpcClientProtocolClient.java:onNext(264)) - client-E41C008B94D2->cb20f782-9136-4144-a2ef-e44461d35697: receive RaftClientReply:client-E41C008B94D2->cb20f782-9136-4144-a2ef-e44461d35697@group-EF222054BC57, cid=3, SUCCESS, logIndex=5, commits[cb20f782-9136-4144-a2ef-e44461d35697:c7]
2019-09-17 12:48:17,372 [grpc-default-executor-1] INFO  client.GrpcClientProtocolClient (GrpcClientProtocolClient.java:onNext(264)) - client-E41C008B94D2->cb20f782-9136-4144-a2ef-e44461d35697: receive RaftClientReply:client-E41C008B94D2->cb20f782-9136-4144-a2ef-e44461d35697@group-EF222054BC57, cid=4, SUCCESS, logIndex=6, commits[cb20f782-9136-4144-a2ef-e44461d35697:c7]
2019-09-17 12:48:17,381 [SCMBlockDeletingService#0] DEBUG block.SCMBlockDeletingService (SCMBlockDeletingService.java:call(138)) - Running DeletedBlockTransactionScanner
2019-09-17 12:48:17,381 [SCMBlockDeletingService#0] DEBUG block.SCMBlockDeletingService (SCMBlockDeletingService.java:call(155)) - Scanned deleted blocks log and got 0 delTX to process.
2019-09-17 12:48:17,422 [grpc-default-executor-1] INFO  client.GrpcClientProtocolClient (GrpcClientProtocolClient.java:onNext(264)) - client-E41C008B94D2->cb20f782-9136-4144-a2ef-e44461d35697: receive RaftClientReply:client-E41C008B94D2->cb20f782-9136-4144-a2ef-e44461d35697@group-EF222054BC57, cid=5, SUCCESS, logIndex=8, commits[cb20f782-9136-4144-a2ef-e44461d35697:c9]
2019-09-17 12:48:17,423 [grpc-default-executor-1] INFO  client.GrpcClientProtocolClient (GrpcClientProtocolClient.java:onNext(264)) - client-E41C008B94D2->cb20f782-9136-4144-a2ef-e44461d35697: receive RaftClientReply:client-E41C008B94D2->cb20f782-9136-4144-a2ef-e44461d35697@group-EF222054BC57, cid=6, SUCCESS, logIndex=9, commits[cb20f782-9136-4144-a2ef-e44461d35697:c9]
2019-09-17 12:48:17,433 [grpc-default-executor-1] INFO  client.GrpcClientProtocolClient (GrpcClientProtocolClient.java:onNext(264)) - client-E41C008B94D2->cb20f782-9136-4144-a2ef-e44461d35697: receive RaftClientReply:client-E41C008B94D2->cb20f782-9136-4144-a2ef-e44461d35697@group-EF222054BC57, cid=7, SUCCESS, logIndex=10, commits[cb20f782-9136-4144-a2ef-e44461d35697:c12]
2019-09-17 12:48:17,435 [grpc-default-executor-1] INFO  client.GrpcClientProtocolClient (GrpcClientProtocolClient.java:onNext(264)) - client-E41C008B94D2->cb20f782-9136-4144-a2ef-e44461d35697: receive RaftClientReply:client-E41C008B94D2->cb20f782-9136-4144-a2ef-e44461d35697@group-EF222054BC57, cid=8, SUCCESS, logIndex=12, commits[cb20f782-9136-4144-a2ef-e44461d35697:c12]
2019-09-17 12:48:17,481 [SCMBlockDeletingService#0] DEBUG block.SCMBlockDeletingService (SCMBlockDeletingService.java:call(138)) - Running DeletedBlockTransactionScanner
2019-09-17 12:48:17,482 [SCMBlockDeletingService#0] DEBUG block.SCMBlockDeletingService (SCMBlockDeletingService.java:call(155)) - Scanned deleted blocks log and got 0 delTX to process.
2019-09-17 12:48:17,582 [SCMBlockDeletingService#0] DEBUG block.SCMBlockDeletingService (SCMBlockDeletingService.java:call(138)) - Running DeletedBlockTransactionScanner
2019-09-17 12:48:17,582 [SCMBlockDeletingService#0] DEBUG block.SCMBlockDeletingService (SCMBlockDeletingService.java:call(155)) - Scanned deleted blocks log and got 0 delTX to process.
2019-09-17 12:48:17,598 [grpc-default-executor-2] INFO  client.GrpcClientProtocolClient (GrpcClientProtocolClient.java:onNext(264)) - client-E41C008B94D2->cb20f782-9136-4144-a2ef-e44461d35697: receive RaftClientReply:client-E41C008B94D2->cb20f782-9136-4144-a2ef-e44461d35697@group-EF222054BC57, cid=9, SUCCESS, logIndex=14, commits[cb20f782-9136-4144-a2ef-e44461d35697:c17]
2019-09-17 12:48:17,649 [grpc-default-executor-2] INFO  client.GrpcClientProtocolClient (GrpcClientProtocolClient.java:onNext(264)) - client-E41C008B94D2->cb20f782-9136-4144-a2ef-e44461d35697: receive RaftClientReply:client-E41C008B94D2->cb20f782-9136-4144-a2ef-e44461d35697@group-EF222054BC57, cid=10, SUCCESS, logIndex=15, commits[cb20f782-9136-4144-a2ef-e44461d35697:c18]
2019-09-17 12:48:17,651 [grpc-default-executor-2] INFO  client.GrpcClientProtocolClient (GrpcClientProtocolClient.java:onNext(264)) - client-E41C008B94D2->cb20f782-9136-4144-a2ef-e44461d35697: receive RaftClientReply:client-E41C008B94D2->cb20f782-9136-4144-a2ef-e44461d35697@group-EF222054BC57, cid=11, SUCCESS, logIndex=16, commits[cb20f782-9136-4144-a2ef-e44461d35697:c18]
2019-09-17 12:48:17,652 [grpc-default-executor-2] INFO  client.GrpcClientProtocolClient (GrpcClientProtocolClient.java:onNext(264)) - client-E41C008B94D2->cb20f782-9136-4144-a2ef-e44461d35697: receive RaftClientReply:client-E41C008B94D2->cb20f782-9136-4144-a2ef-e44461d35697@group-EF222054BC57, cid=12, SUCCESS, logIndex=17, commits[cb20f782-9136-4144-a2ef-e44461d35697:c18]
2019-09-17 12:48:17,681 [grpc-default-executor-1] INFO  client.GrpcClientProtocolClient (GrpcClientProtocolClient.java:onNext(264)) - client-E41C008B94D2->cb20f782-9136-4144-a2ef-e44461d35697: receive RaftClientReply:client-E41C008B94D2->cb20f782-9136-4144-a2ef-e44461d35697@group-EF222054BC57, cid=13, SUCCESS, logIndex=19, commits[cb20f782-9136-4144-a2ef-e44461d35697:c20]
2019-09-17 12:48:17,683 [SCMBlockDeletingService#0] DEBUG block.SCMBlockDeletingService (SCMBlockDeletingService.java:call(138)) - Running DeletedBlockTransactionScanner
2019-09-17 12:48:17,683 [SCMBlockDeletingService#0] DEBUG block.SCMBlockDeletingService (SCMBlockDeletingService.java:call(155)) - Scanned deleted blocks log and got 0 delTX to process.
2019-09-17 12:48:17,689 [grpc-default-executor-1] INFO  client.GrpcClientProtocolClient (GrpcClientProtocolClient.java:onNext(264)) - client-E41C008B94D2->cb20f782-9136-4144-a2ef-e44461d35697: receive RaftClientReply:client-E41C008B94D2->cb20f782-9136-4144-a2ef-e44461d35697@group-EF222054BC57, cid=14, SUCCESS, logIndex=20, commits[cb20f782-9136-4144-a2ef-e44461d35697:c21]
2019-09-17 12:48:17,698 [grpc-default-executor-1] INFO  client.GrpcClientProtocolClient (GrpcClientProtocolClient.java:onNext(264)) - client-E41C008B94D2->cb20f782-9136-4144-a2ef-e44461d35697: receive RaftClientReply:client-E41C008B94D2->cb20f782-9136-4144-a2ef-e44461d35697@group-EF222054BC57, cid=15, SUCCESS, logIndex=22, commits[cb20f782-9136-4144-a2ef-e44461d35697:c23]
2019-09-17 12:48:17,700 [grpc-default-executor-1] INFO  client.GrpcClientProtocolClient (GrpcClientProtocolClient.java:onNext(264)) - client-E41C008B94D2->cb20f782-9136-4144-a2ef-e44461d35697: receive RaftClientReply:client-E41C008B94D2->cb20f782-9136-4144-a2ef-e44461d35697@group-EF222054BC57, cid=16, SUCCESS, logIndex=23, commits[cb20f782-9136-4144-a2ef-e44461d35697:c23]
2019-09-17 12:48:17,783 [SCMBlockDeletingService#0] DEBUG block.SCMBlockDeletingService (SCMBlockDeletingService.java:call(138)) - Running DeletedBlockTransactionScanner
2019-09-17 12:48:17,784 [SCMBlockDeletingService#0] DEBUG block.SCMBlockDeletingService (SCMBlockDeletingService.java:call(155)) - Scanned deleted blocks log and got 0 delTX to process.
2019-09-17 12:48:17,884 [SCMBlockDeletingService#1] DEBUG block.SCMBlockDeletingService (SCMBlockDeletingService.java:call(138)) - Running DeletedBlockTransactionScanner
2019-09-17 12:48:17,885 [SCMBlockDeletingService#1] DEBUG block.SCMBlockDeletingService (SCMBlockDeletingService.java:call(155)) - Scanned deleted blocks log and got 0 delTX to process.
2019-09-17 12:48:17,941 [grpc-default-executor-1] INFO  client.GrpcClientProtocolClient (GrpcClientProtocolClient.java:onNext(264)) - client-E41C008B94D2->cb20f782-9136-4144-a2ef-e44461d35697: receive RaftClientReply:client-E41C008B94D2->cb20f782-9136-4144-a2ef-e44461d35697@group-EF222054BC57, cid=17, SUCCESS, logIndex=25, commits[cb20f782-9136-4144-a2ef-e44461d35697:c28]
2019-09-17 12:48:17,985 [SCMBlockDeletingService#1] DEBUG block.SCMBlockDeletingService (SCMBlockDeletingService.java:call(138)) - Running DeletedBlockTransactionScanner
2019-09-17 12:48:17,985 [SCMBlockDeletingService#1] DEBUG block.SCMBlockDeletingService (SCMBlockDeletingService.java:call(155)) - Scanned deleted blocks log and got 0 delTX to process.
2019-09-17 12:48:18,002 [grpc-default-executor-1] INFO  client.GrpcClientProtocolClient (GrpcClientProtocolClient.java:onNext(264)) - client-E41C008B94D2->cb20f782-9136-4144-a2ef-e44461d35697: receive RaftClientReply:client-E41C008B94D2->cb20f782-9136-4144-a2ef-e44461d35697@group-EF222054BC57, cid=18, SUCCESS, logIndex=26, commits[cb20f782-9136-4144-a2ef-e44461d35697:c29]
2019-09-17 12:48:18,004 [grpc-default-executor-1] INFO  client.GrpcClientProtocolClient (GrpcClientProtocolClient.java:onNext(264)) - client-E41C008B94D2->cb20f782-9136-4144-a2ef-e44461d35697: receive RaftClientReply:client-E41C008B94D2->cb20f782-9136-4144-a2ef-e44461d35697@group-EF222054BC57, cid=19, SUCCESS, logIndex=27, commits[cb20f782-9136-4144-a2ef-e44461d35697:c29]
2019-09-17 12:48:18,005 [grpc-default-executor-1] INFO  client.GrpcClientProtocolClient (GrpcClientProtocolClient.java:onNext(264)) - client-E41C008B94D2->cb20f782-9136-4144-a2ef-e44461d35697: receive RaftClientReply:client-E41C008B94D2->cb20f782-9136-4144-a2ef-e44461d35697@group-EF222054BC57, cid=20, SUCCESS, logIndex=28, commits[cb20f782-9136-4144-a2ef-e44461d35697:c29]
2019-09-17 12:48:18,043 [grpc-default-executor-2] INFO  client.GrpcClientProtocolClient (GrpcClientProtocolClient.java:onNext(264)) - client-E41C008B94D2->cb20f782-9136-4144-a2ef-e44461d35697: receive RaftClientReply:client-E41C008B94D2->cb20f782-9136-4144-a2ef-e44461d35697@group-EF222054BC57, cid=21, SUCCESS, logIndex=30, commits[cb20f782-9136-4144-a2ef-e44461d35697:c31]
2019-09-17 12:48:18,045 [grpc-default-executor-2] INFO  client.GrpcClientProtocolClient (GrpcClientProtocolClient.java:onNext(264)) - client-E41C008B94D2->cb20f782-9136-4144-a2ef-e44461d35697: receive RaftClientReply:client-E41C008B94D2->cb20f782-9136-4144-a2ef-e44461d35697@group-EF222054BC57, cid=22, SUCCESS, logIndex=31, commits[cb20f782-9136-4144-a2ef-e44461d35697:c31]
2019-09-17 12:48:18,056 [grpc-default-executor-2] INFO  client.GrpcClientProtocolClient (GrpcClientProtocolClient.java:onNext(264)) - client-E41C008B94D2->cb20f782-9136-4144-a2ef-e44461d35697: receive RaftClientReply:client-E41C008B94D2->cb20f782-9136-4144-a2ef-e44461d35697@group-EF222054BC57, cid=23, SUCCESS, logIndex=32, commits[cb20f782-9136-4144-a2ef-e44461d35697:c33]
2019-09-17 12:48:18,057 [grpc-default-executor-2] INFO  client.GrpcClientProtocolClient (GrpcClientProtocolClient.java:onNext(264)) - client-E41C008B94D2->cb20f782-9136-4144-a2ef-e44461d35697: receive RaftClientReply:client-E41C008B94D2->cb20f782-9136-4144-a2ef-e44461d35697@group-EF222054BC57, cid=24, SUCCESS, logIndex=33, commits[cb20f782-9136-4144-a2ef-e44461d35697:c35]
2019-09-17 12:48:18,086 [SCMBlockDeletingService#1] DEBUG block.SCMBlockDeletingService (SCMBlockDeletingService.java:call(138)) - Running DeletedBlockTransactionScanner
2019-09-17 12:48:18,086 [SCMBlockDeletingService#1] DEBUG block.SCMBlockDeletingService (SCMBlockDeletingService.java:call(155)) - Scanned deleted blocks log and got 0 delTX to process.
2019-09-17 12:48:18,092 [grpc-default-executor-2] INFO  client.GrpcClientProtocolClient (GrpcClientProtocolClient.java:onNext(264)) - client-E41C008B94D2->cb20f782-9136-4144-a2ef-e44461d35697: receive RaftClientReply:client-E41C008B94D2->cb20f782-9136-4144-a2ef-e44461d35697@group-EF222054BC57, cid=25, SUCCESS, logIndex=36, commits[cb20f782-9136-4144-a2ef-e44461d35697:c39]
2019-09-17 12:48:18,094 [grpc-default-executor-2] INFO  client.GrpcClientProtocolClient (GrpcClientProtocolClient.java:onNext(264)) - client-E41C008B94D2->cb20f782-9136-4144-a2ef-e44461d35697: receive RaftClientReply:client-E41C008B94D2->cb20f782-9136-4144-a2ef-e44461d35697@group-EF222054BC57, cid=26, SUCCESS, logIndex=37, commits[cb20f782-9136-4144-a2ef-e44461d35697:c41]
2019-09-17 12:48:18,094 [grpc-default-executor-2] INFO  client.GrpcClientProtocolClient (GrpcClientProtocolClient.java:onNext(264)) - client-E41C008B94D2->cb20f782-9136-4144-a2ef-e44461d35697: receive RaftClientReply:client-E41C008B94D2->cb20f782-9136-4144-a2ef-e44461d35697@group-EF222054BC57, cid=27, SUCCESS, logIndex=38, commits[cb20f782-9136-4144-a2ef-e44461d35697:c41]
2019-09-17 12:48:18,095 [grpc-default-executor-2] INFO  client.GrpcClientProtocolClient (GrpcClientProtocolClient.java:onNext(264)) - client-E41C008B94D2->cb20f782-9136-4144-a2ef-e44461d35697: receive RaftClientReply:client-E41C008B94D2->cb20f782-9136-4144-a2ef-e44461d35697@group-EF222054BC57, cid=28, SUCCESS, logIndex=39, commits[cb20f782-9136-4144-a2ef-e44461d35697:c41]
2019-09-17 12:48:18,131 [grpc-default-executor-2] INFO  client.GrpcClientProtocolClient (GrpcClientProtocolClient.java:onNext(264)) - client-E41C008B94D2->cb20f782-9136-4144-a2ef-e44461d35697: receive RaftClientReply:client-E41C008B94D2->cb20f782-9136-4144-a2ef-e44461d35697@group-EF222054BC57, cid=29, SUCCESS, logIndex=42, commits[cb20f782-9136-4144-a2ef-e44461d35697:c43]
2019-09-17 12:48:18,133 [grpc-default-executor-2] INFO  client.GrpcClientProtocolClient (GrpcClientProtocolClient.java:onNext(264)) - client-E41C008B94D2->cb20f782-9136-4144-a2ef-e44461d35697: receive RaftClientReply:client-E41C008B94D2->cb20f782-9136-4144-a2ef-e44461d35697@group-EF222054BC57, cid=30, SUCCESS, logIndex=43, commits[cb20f782-9136-4144-a2ef-e44461d35697:c43]
2019-09-17 12:48:18,141 [grpc-default-executor-2] INFO  client.GrpcClientProtocolClient (GrpcClientProtocolClient.java:onNext(264)) - client-E41C008B94D2->cb20f782-9136-4144-a2ef-e44461d35697: receive RaftClientReply:client-E41C008B94D2->cb20f782-9136-4144-a2ef-e44461d35697@group-EF222054BC57, cid=31, SUCCESS, logIndex=44, commits[cb20f782-9136-4144-a2ef-e44461d35697:c45]
2019-09-17 12:48:18,141 [grpc-default-executor-2] INFO  client.GrpcClientProtocolClient (GrpcClientProtocolClient.java:onNext(264)) - client-E41C008B94D2->cb20f782-9136-4144-a2ef-e44461d35697: receive RaftClientReply:client-E41C008B94D2->cb20f782-9136-4144-a2ef-e44461d35697@group-EF222054BC57, cid=32, SUCCESS, logIndex=45, commits[cb20f782-9136-4144-a2ef-e44461d35697:c47]
2019-09-17 12:48:18,166 [grpc-default-executor-2] INFO  client.GrpcClientProtocolClient (GrpcClientProtocolClient.java:onNext(264)) - client-E41C008B94D2->cb20f782-9136-4144-a2ef-e44461d35697: receive RaftClientReply:client-E41C008B94D2->cb20f782-9136-4144-a2ef-e44461d35697@group-EF222054BC57, cid=33, SUCCESS, logIndex=48, commits[cb20f782-9136-4144-a2ef-e44461d35697:c51]
2019-09-17 12:48:18,167 [grpc-default-executor-2] INFO  client.GrpcClientProtocolClient (GrpcClientProtocolClient.java:onNext(264)) - client-E41C008B94D2->cb20f782-9136-4144-a2ef-e44461d35697: receive RaftClientReply:client-E41C008B94D2->cb20f782-9136-4144-a2ef-e44461d35697@group-EF222054BC57, cid=34, SUCCESS, logIndex=49, commits[cb20f782-9136-4144-a2ef-e44461d35697:c52]
2019-09-17 12:48:18,168 [grpc-default-executor-2] INFO  client.GrpcClientProtocolClient (GrpcClientProtocolClient.java:onNext(264)) - client-E41C008B94D2->cb20f782-9136-4144-a2ef-e44461d35697: receive RaftClientReply:client-E41C008B94D2->cb20f782-9136-4144-a2ef-e44461d35697@group-EF222054BC57, cid=35, SUCCESS, logIndex=50, commits[cb20f782-9136-4144-a2ef-e44461d35697:c53]
2019-09-17 12:48:18,168 [grpc-default-executor-2] INFO  client.GrpcClientProtocolClient (GrpcClientProtocolClient.java:onNext(264)) - client-E41C008B94D2->cb20f782-9136-4144-a2ef-e44461d35697: receive RaftClientReply:client-E41C008B94D2->cb20f782-9136-4144-a2ef-e44461d35697@group-EF222054BC57, cid=36, SUCCESS, logIndex=51, commits[cb20f782-9136-4144-a2ef-e44461d35697:c53]
2019-09-17 12:48:18,188 [SCMBlockDeletingService#1] DEBUG block.SCMBlockDeletingService (SCMBlockDeletingService.java:call(138)) - Running DeletedBlockTransactionScanner
2019-09-17 12:48:18,189 [SCMBlockDeletingService#1] DEBUG block.SCMBlockDeletingService (SCMBlockDeletingService.java:call(155)) - Scanned deleted blocks log and got 0 delTX to process.
2019-09-17 12:48:18,197 [grpc-default-executor-2] INFO  client.GrpcClientProtocolClient (GrpcClientProtocolClient.java:onNext(264)) - client-E41C008B94D2->cb20f782-9136-4144-a2ef-e44461d35697: receive RaftClientReply:client-E41C008B94D2->cb20f782-9136-4144-a2ef-e44461d35697@group-EF222054BC57, cid=37, SUCCESS, logIndex=54, commits[cb20f782-9136-4144-a2ef-e44461d35697:c57]
2019-09-17 12:48:18,199 [grpc-default-executor-2] INFO  client.GrpcClientProtocolClient (GrpcClientProtocolClient.java:onNext(264)) - client-E41C008B94D2->cb20f782-9136-4144-a2ef-e44461d35697: receive RaftClientReply:client-E41C008B94D2->cb20f782-9136-4144-a2ef-e44461d35697@group-EF222054BC57, cid=38, SUCCESS, logIndex=55, commits[cb20f782-9136-4144-a2ef-e44461d35697:c57]
2019-09-17 12:48:18,200 [grpc-default-executor-2] INFO  client.GrpcClientProtocolClient (GrpcClientProtocolClient.java:onNext(264)) - client-E41C008B94D2->cb20f782-9136-4144-a2ef-e44461d35697: receive RaftClientReply:client-E41C008B94D2->cb20f782-9136-4144-a2ef-e44461d35697@group-EF222054BC57, cid=39, SUCCESS, logIndex=56, commits[cb20f782-9136-4144-a2ef-e44461d35697:c57]
2019-09-17 12:48:18,201 [grpc-default-executor-2] INFO  client.GrpcClientProtocolClient (GrpcClientProtocolClient.java:onNext(264)) - client-E41C008B94D2->cb20f782-9136-4144-a2ef-e44461d35697: receive RaftClientReply:client-E41C008B94D2->cb20f782-9136-4144-a2ef-e44461d35697@group-EF222054BC57, cid=40, SUCCESS, logIndex=57, commits[cb20f782-9136-4144-a2ef-e44461d35697:c58]
2019-09-17 12:48:18,230 [grpc-default-executor-1] INFO  client.GrpcClientProtocolClient (GrpcClientProtocolClient.java:onNext(264)) - client-E41C008B94D2->cb20f782-9136-4144-a2ef-e44461d35697: receive RaftClientReply:client-E41C008B94D2->cb20f782-9136-4144-a2ef-e44461d35697@group-EF222054BC57, cid=41, SUCCESS, logIndex=60, commits[cb20f782-9136-4144-a2ef-e44461d35697:c61]
2019-09-17 12:48:18,231 [grpc-default-executor-1] INFO  client.GrpcClientProtocolClient (GrpcClientProtocolClient.java:onNext(264)) - client-E41C008B94D2->cb20f782-9136-4144-a2ef-e44461d35697: receive RaftClientReply:client-E41C008B94D2->cb20f782-9136-4144-a2ef-e44461d35697@group-EF222054BC57, cid=42, SUCCESS, logIndex=61, commits[cb20f782-9136-4144-a2ef-e44461d35697:c61]
2019-09-17 12:48:18,242 [grpc-default-executor-1] INFO  client.GrpcClientProtocolClient (GrpcClientProtocolClient.java:onNext(264)) - client-E41C008B94D2->cb20f782-9136-4144-a2ef-e44461d35697: receive RaftClientReply:client-E41C008B94D2->cb20f782-9136-4144-a2ef-e44461d35697@group-EF222054BC57, cid=43, SUCCESS, logIndex=62, commits[cb20f782-9136-4144-a2ef-e44461d35697:c63]
2019-09-17 12:48:18,243 [grpc-default-executor-1] INFO  client.GrpcClientProtocolClient (GrpcClientProtocolClient.java:onNext(264)) - client-E41C008B94D2->cb20f782-9136-4144-a2ef-e44461d35697: receive RaftClientReply:client-E41C008B94D2->cb20f782-9136-4144-a2ef-e44461d35697@group-EF222054BC57, cid=44, SUCCESS, logIndex=63, commits[cb20f782-9136-4144-a2ef-e44461d35697:c65]
2019-09-17 12:48:18,289 [SCMBlockDeletingService#1] DEBUG block.SCMBlockDeletingService (SCMBlockDeletingService.java:call(138)) - Running DeletedBlockTransactionScanner
2019-09-17 12:48:18,289 [SCMBlockDeletingService#1] DEBUG block.SCMBlockDeletingService (SCMBlockDeletingService.java:call(155)) - Scanned deleted blocks log and got 0 delTX to process.
2019-09-17 12:48:18,390 [SCMBlockDeletingService#1] DEBUG block.SCMBlockDeletingService (SCMBlockDeletingService.java:call(138)) - Running DeletedBlockTransactionScanner
2019-09-17 12:48:18,390 [SCMBlockDeletingService#1] DEBUG block.SCMBlockDeletingService (SCMBlockDeletingService.java:call(155)) - Scanned deleted blocks log and got 0 delTX to process.
2019-09-17 12:48:18,409 [grpc-default-executor-2] INFO  client.GrpcClientProtocolClient (GrpcClientProtocolClient.java:onNext(264)) - client-E41C008B94D2->cb20f782-9136-4144-a2ef-e44461d35697: receive RaftClientReply:client-E41C008B94D2->cb20f782-9136-4144-a2ef-e44461d35697@group-EF222054BC57, cid=45, SUCCESS, logIndex=66, commits[cb20f782-9136-4144-a2ef-e44461d35697:c67]
2019-09-17 12:48:18,411 [grpc-default-executor-2] INFO  client.GrpcClientProtocolClient (GrpcClientProtocolClient.java:onNext(264)) - client-E41C008B94D2->cb20f782-9136-4144-a2ef-e44461d35697: receive RaftClientReply:client-E41C008B94D2->cb20f782-9136-4144-a2ef-e44461d35697@group-EF222054BC57, cid=46, SUCCESS, logIndex=67, commits[cb20f782-9136-4144-a2ef-e44461d35697:c67]
2019-09-17 12:48:18,418 [grpc-default-executor-2] INFO  client.GrpcClientProtocolClient (GrpcClientProtocolClient.java:onNext(264)) - client-E41C008B94D2->cb20f782-9136-4144-a2ef-e44461d35697: receive RaftClientReply:client-E41C008B94D2->cb20f782-9136-4144-a2ef-e44461d35697@group-EF222054BC57, cid=47, SUCCESS, logIndex=68, commits[cb20f782-9136-4144-a2ef-e44461d35697:c70]
2019-09-17 12:48:18,420 [grpc-default-executor-2] INFO  client.GrpcClientProtocolClient (GrpcClientProtocolClient.java:onNext(264)) - client-E41C008B94D2->cb20f782-9136-4144-a2ef-e44461d35697: receive RaftClientReply:client-E41C008B94D2->cb20f782-9136-4144-a2ef-e44461d35697@group-EF222054BC57, cid=48, SUCCESS, logIndex=69, commits[cb20f782-9136-4144-a2ef-e44461d35697:c71]
2019-09-17 12:48:18,468 [grpc-default-executor-2] INFO  client.GrpcClientProtocolClient (GrpcClientProtocolClient.java:onNext(264)) - client-E41C008B94D2->cb20f782-9136-4144-a2ef-e44461d35697: receive RaftClientReply:client-E41C008B94D2->cb20f782-9136-4144-a2ef-e44461d35697@group-EF222054BC57, cid=49, SUCCESS, logIndex=72, commits[cb20f782-9136-4144-a2ef-e44461d35697:c75]
2019-09-17 12:48:18,471 [grpc-default-executor-2] INFO  client.GrpcClientProtocolClient (GrpcClientProtocolClient.java:onNext(264)) - client-E41C008B94D2->cb20f782-9136-4144-a2ef-e44461d35697: receive RaftClientReply:client-E41C008B94D2->cb20f782-9136-4144-a2ef-e44461d35697@group-EF222054BC57, cid=50, SUCCESS, logIndex=73, commits[cb20f782-9136-4144-a2ef-e44461d35697:c77]
2019-09-17 12:48:18,472 [grpc-default-executor-2] INFO  client.GrpcClientProtocolClient (GrpcClientProtocolClient.java:onNext(264)) - client-E41C008B94D2->cb20f782-9136-4144-a2ef-e44461d35697: receive RaftClientReply:client-E41C008B94D2->cb20f782-9136-4144-a2ef-e44461d35697@group-EF222054BC57, cid=51, SUCCESS, logIndex=74, commits[cb20f782-9136-4144-a2ef-e44461d35697:c77]
2019-09-17 12:48:18,473 [grpc-default-executor-2] INFO  client.GrpcClientProtocolClient (GrpcClientProtocolClient.java:onNext(264)) - client-E41C008B94D2->cb20f782-9136-4144-a2ef-e44461d35697: receive RaftClientReply:client-E41C008B94D2->cb20f782-9136-4144-a2ef-e44461d35697@group-EF222054BC57, cid=52, SUCCESS, logIndex=75, commits[cb20f782-9136-4144-a2ef-e44461d35697:c77]
2019-09-17 12:48:18,491 [SCMBlockDeletingService#1] DEBUG block.SCMBlockDeletingService (SCMBlockDeletingService.java:call(138)) - Running DeletedBlockTransactionScanner
2019-09-17 12:48:18,491 [SCMBlockDeletingService#1] DEBUG block.SCMBlockDeletingService (SCMBlockDeletingService.java:call(155)) - Scanned deleted blocks log and got 0 delTX to process.
2019-09-17 12:48:18,502 [grpc-default-executor-2] INFO  client.GrpcClientProtocolClient (GrpcClientProtocolClient.java:onNext(264)) - client-E41C008B94D2->cb20f782-9136-4144-a2ef-e44461d35697: receive RaftClientReply:client-E41C008B94D2->cb20f782-9136-4144-a2ef-e44461d35697@group-EF222054BC57, cid=53, SUCCESS, logIndex=78, commits[cb20f782-9136-4144-a2ef-e44461d35697:c79]
2019-09-17 12:48:18,503 [grpc-default-executor-2] INFO  client.GrpcClientProtocolClient (GrpcClientProtocolClient.java:onNext(264)) - client-E41C008B94D2->cb20f782-9136-4144-a2ef-e44461d35697: receive RaftClientReply:client-E41C008B94D2->cb20f782-9136-4144-a2ef-e44461d35697@group-EF222054BC57, cid=54, SUCCESS, logIndex=79, commits[cb20f782-9136-4144-a2ef-e44461d35697:c81]
2019-09-17 12:48:18,504 [grpc-default-executor-2] INFO  client.GrpcClientProtocolClient (GrpcClientProtocolClient.java:onNext(264)) - client-E41C008B94D2->cb20f782-9136-4144-a2ef-e44461d35697: receive RaftClientReply:client-E41C008B94D2->cb20f782-9136-4144-a2ef-e44461d35697@group-EF222054BC57, cid=55, SUCCESS, logIndex=80, commits[cb20f782-9136-4144-a2ef-e44461d35697:c81]
2019-09-17 12:48:18,505 [grpc-default-executor-2] INFO  client.GrpcClientProtocolClient (GrpcClientProtocolClient.java:onNext(264)) - client-E41C008B94D2->cb20f782-9136-4144-a2ef-e44461d35697: receive RaftClientReply:client-E41C008B94D2->cb20f782-9136-4144-a2ef-e44461d35697@group-EF222054BC57, cid=56, SUCCESS, logIndex=81, commits[cb20f782-9136-4144-a2ef-e44461d35697:c81]
2019-09-17 12:48:18,553 [grpc-default-executor-1] INFO  client.GrpcClientProtocolClient (GrpcClientProtocolClient.java:onNext(264)) - client-E41C008B94D2->cb20f782-9136-4144-a2ef-e44461d35697: receive RaftClientReply:client-E41C008B94D2->cb20f782-9136-4144-a2ef-e44461d35697@group-EF222054BC57, cid=57, SUCCESS, logIndex=84, commits[cb20f782-9136-4144-a2ef-e44461d35697:c88]
2019-09-17 12:48:18,555 [grpc-default-executor-1] INFO  client.GrpcClientProtocolClient (GrpcClientProtocolClient.java:onNext(264)) - client-E41C008B94D2->cb20f782-9136-4144-a2ef-e44461d35697: receive RaftClientReply:client-E41C008B94D2->cb20f782-9136-4144-a2ef-e44461d35697@group-EF222054BC57, cid=58, SUCCESS, logIndex=85, commits[cb20f782-9136-4144-a2ef-e44461d35697:c89]
2019-09-17 12:48:18,556 [grpc-default-executor-1] INFO  client.GrpcClientProtocolClient (GrpcClientProtocolClient.java:onNext(264)) - client-E41C008B94D2->cb20f782-9136-4144-a2ef-e44461d35697: receive RaftClientReply:client-E41C008B94D2->cb20f782-9136-4144-a2ef-e44461d35697@group-EF222054BC57, cid=59, SUCCESS, logIndex=86, commits[cb20f782-9136-4144-a2ef-e44461d35697:c89]
2019-09-17 12:48:18,557 [grpc-default-executor-1] INFO  client.GrpcClientProtocolClient (GrpcClientProtocolClient.java:onNext(264)) - client-E41C008B94D2->cb20f782-9136-4144-a2ef-e44461d35697: receive RaftClientReply:client-E41C008B94D2->cb20f782-9136-4144-a2ef-e44461d35697@group-EF222054BC57, cid=60, SUCCESS, logIndex=87, commits[cb20f782-9136-4144-a2ef-e44461d35697:c89]
2019-09-17 12:48:18,588 [grpc-default-executor-1] INFO  client.GrpcClientProtocolClient (GrpcClientProtocolClient.java:onNext(264)) - client-E41C008B94D2->cb20f782-9136-4144-a2ef-e44461d35697: receive RaftClientReply:client-E41C008B94D2->cb20f782-9136-4144-a2ef-e44461d35697@group-EF222054BC57, cid=61, SUCCESS, logIndex=90, commits[cb20f782-9136-4144-a2ef-e44461d35697:c93]
2019-09-17 12:48:18,589 [grpc-default-executor-1] INFO  client.GrpcClientProtocolClient (GrpcClientProtocolClient.java:onNext(264)) - client-E41C008B94D2->cb20f782-9136-4144-a2ef-e44461d35697: receive RaftClientReply:client-E41C008B94D2->cb20f782-9136-4144-a2ef-e44461d35697@group-EF222054BC57, cid=62, SUCCESS, logIndex=91, commits[cb20f782-9136-4144-a2ef-e44461d35697:c94]
2019-09-17 12:48:18,590 [grpc-default-executor-1] INFO  client.GrpcClientProtocolClient (GrpcClientProtocolClient.java:onNext(264)) - client-E41C008B94D2->cb20f782-9136-4144-a2ef-e44461d35697: receive RaftClientReply:client-E41C008B94D2->cb20f782-9136-4144-a2ef-e44461d35697@group-EF222054BC57, cid=63, SUCCESS, logIndex=92, commits[cb20f782-9136-4144-a2ef-e44461d35697:c95]
2019-09-17 12:48:18,591 [grpc-default-executor-1] INFO  client.GrpcClientProtocolClient (GrpcClientProtocolClient.java:onNext(264)) - client-E41C008B94D2->cb20f782-9136-4144-a2ef-e44461d35697: receive RaftClientReply:client-E41C008B94D2->cb20f782-9136-4144-a2ef-e44461d35697@group-EF222054BC57, cid=64, SUCCESS, logIndex=93, commits[cb20f782-9136-4144-a2ef-e44461d35697:c95]
2019-09-17 12:48:18,592 [SCMBlockDeletingService#1] DEBUG block.SCMBlockDeletingService (SCMBlockDeletingService.java:call(138)) - Running DeletedBlockTransactionScanner
2019-09-17 12:48:18,592 [SCMBlockDeletingService#1] DEBUG block.SCMBlockDeletingService (SCMBlockDeletingService.java:call(155)) - Scanned deleted blocks log and got 0 delTX to process.
2019-09-17 12:48:18,628 [grpc-default-executor-2] INFO  client.GrpcClientProtocolClient (GrpcClientProtocolClient.java:onNext(264)) - client-E41C008B94D2->cb20f782-9136-4144-a2ef-e44461d35697: receive RaftClientReply:client-E41C008B94D2->cb20f782-9136-4144-a2ef-e44461d35697@group-EF222054BC57, cid=65, SUCCESS, logIndex=96, commits[cb20f782-9136-4144-a2ef-e44461d35697:c97]
2019-09-17 12:48:18,629 [grpc-default-executor-2] INFO  client.GrpcClientProtocolClient (GrpcClientProtocolClient.java:onNext(264)) - client-E41C008B94D2->cb20f782-9136-4144-a2ef-e44461d35697: receive RaftClientReply:client-E41C008B94D2->cb20f782-9136-4144-a2ef-e44461d35697@group-EF222054BC57, cid=66, SUCCESS, logIndex=97, commits[cb20f782-9136-4144-a2ef-e44461d35697:c97]
2019-09-17 12:48:18,639 [grpc-default-executor-2] INFO  client.GrpcClientProtocolClient (GrpcClientProtocolClient.java:onNext(264)) - client-E41C008B94D2->cb20f782-9136-4144-a2ef-e44461d35697: receive RaftClientReply:client-E41C008B94D2->cb20f782-9136-4144-a2ef-e44461d35697@group-EF222054BC57, cid=67, SUCCESS, logIndex=98, commits[cb20f782-9136-4144-a2ef-e44461d35697:c99]
2019-09-17 12:48:18,640 [grpc-default-executor-2] INFO  client.GrpcClientProtocolClient (GrpcClientProtocolClient.java:onNext(264)) - client-E41C008B94D2->cb20f782-9136-4144-a2ef-e44461d35697: receive RaftClientReply:client-E41C008B94D2->cb20f782-9136-4144-a2ef-e44461d35697@group-EF222054BC57, cid=68, SUCCESS, logIndex=99, commits[cb20f782-9136-4144-a2ef-e44461d35697:c101]
2019-09-17 12:48:18,666 [grpc-default-executor-2] INFO  client.GrpcClientProtocolClient (GrpcClientProtocolClient.java:onNext(264)) - client-E41C008B94D2->cb20f782-9136-4144-a2ef-e44461d35697: receive RaftClientReply:client-E41C008B94D2->cb20f782-9136-4144-a2ef-e44461d35697@group-EF222054BC57, cid=69, SUCCESS, logIndex=102, commits[cb20f782-9136-4144-a2ef-e44461d35697:c105]
2019-09-17 12:48:18,668 [grpc-default-executor-2] INFO  client.GrpcClientProtocolClient (GrpcClientProtocolClient.java:onNext(264)) - client-E41C008B94D2->cb20f782-9136-4144-a2ef-e44461d35697: receive RaftClientReply:client-E41C008B94D2->cb20f782-9136-4144-a2ef-e44461d35697@group-EF222054BC57, cid=70, SUCCESS, logIndex=103, commits[cb20f782-9136-4144-a2ef-e44461d35697:c107]
2019-09-17 12:48:18,669 [grpc-default-executor-2] INFO  client.GrpcClientProtocolClient (GrpcClientProtocolClient.java:onNext(264)) - client-E41C008B94D2->cb20f782-9136-4144-a2ef-e44461d35697: receive RaftClientReply:client-E41C008B94D2->cb20f782-9136-4144-a2ef-e44461d35697@group-EF222054BC57, cid=71, SUCCESS, logIndex=104, commits[cb20f782-9136-4144-a2ef-e44461d35697:c107]
2019-09-17 12:48:18,670 [grpc-default-executor-2] INFO  client.GrpcClientProtocolClient (GrpcClientProtocolClient.java:onNext(264)) - client-E41C008B94D2->cb20f782-9136-4144-a2ef-e44461d35697: receive RaftClientReply:client-E41C008B94D2->cb20f782-9136-4144-a2ef-e44461d35697@group-EF222054BC57, cid=72, SUCCESS, logIndex=105, commits[cb20f782-9136-4144-a2ef-e44461d35697:c107]
2019-09-17 12:48:18,693 [SCMBlockDeletingService#1] DEBUG block.SCMBlockDeletingService (SCMBlockDeletingService.java:call(138)) - Running DeletedBlockTransactionScanner
2019-09-17 12:48:18,693 [SCMBlockDeletingService#1] DEBUG block.SCMBlockDeletingService (SCMBlockDeletingService.java:call(155)) - Scanned deleted blocks log and got 0 delTX to process.
2019-09-17 12:48:18,707 [grpc-default-executor-1] INFO  client.GrpcClientProtocolClient (GrpcClientProtocolClient.java:onNext(264)) - client-E41C008B94D2->cb20f782-9136-4144-a2ef-e44461d35697: receive RaftClientReply:client-E41C008B94D2->cb20f782-9136-4144-a2ef-e44461d35697@group-EF222054BC57, cid=73, SUCCESS, logIndex=108, commits[cb20f782-9136-4144-a2ef-e44461d35697:c111]
2019-09-17 12:48:18,708 [grpc-default-executor-1] INFO  client.GrpcClientProtocolClient (GrpcClientProtocolClient.java:onNext(264)) - client-E41C008B94D2->cb20f782-9136-4144-a2ef-e44461d35697: receive RaftClientReply:client-E41C008B94D2->cb20f782-9136-4144-a2ef-e44461d35697@group-EF222054BC57, cid=74, SUCCESS, logIndex=109, commits[cb20f782-9136-4144-a2ef-e44461d35697:c112]
2019-09-17 12:48:18,708 [grpc-default-executor-1] INFO  client.GrpcClientProtocolClient (GrpcClientProtocolClient.java:onNext(264)) - client-E41C008B94D2->cb20f782-9136-4144-a2ef-e44461d35697: receive RaftClientReply:client-E41C008B94D2->cb20f782-9136-4144-a2ef-e44461d35697@group-EF222054BC57, cid=75, SUCCESS, logIndex=110, commits[cb20f782-9136-4144-a2ef-e44461d35697:c113]
2019-09-17 12:48:18,709 [grpc-default-executor-1] INFO  client.GrpcClientProtocolClient (GrpcClientProtocolClient.java:onNext(264)) - client-E41C008B94D2->cb20f782-9136-4144-a2ef-e44461d35697: receive RaftClientReply:client-E41C008B94D2->cb20f782-9136-4144-a2ef-e44461d35697@group-EF222054BC57, cid=76, SUCCESS, logIndex=111, commits[cb20f782-9136-4144-a2ef-e44461d35697:c113]
2019-09-17 12:48:18,735 [grpc-default-executor-2] INFO  client.GrpcClientProtocolClient (GrpcClientProtocolClient.java:onNext(264)) - client-E41C008B94D2->cb20f782-9136-4144-a2ef-e44461d35697: receive RaftClientReply:client-E41C008B94D2->cb20f782-9136-4144-a2ef-e44461d35697@group-EF222054BC57, cid=77, SUCCESS, logIndex=114, commits[cb20f782-9136-4144-a2ef-e44461d35697:c117]
2019-09-17 12:48:18,737 [grpc-default-executor-2] INFO  client.GrpcClientProtocolClient (GrpcClientProtocolClient.java:onNext(264)) - client-E41C008B94D2->cb20f782-9136-4144-a2ef-e44461d35697: receive RaftClientReply:client-E41C008B94D2->cb20f782-9136-4144-a2ef-e44461d35697@group-EF222054BC57, cid=78, SUCCESS, logIndex=115, commits[cb20f782-9136-4144-a2ef-e44461d35697:c118]
2019-09-17 12:48:18,737 [grpc-default-executor-2] INFO  client.GrpcClientProtocolClient (GrpcClientProtocolClient.java:onNext(264)) - client-E41C008B94D2->cb20f782-9136-4144-a2ef-e44461d35697: receive RaftClientReply:client-E41C008B94D2->cb20f782-9136-4144-a2ef-e44461d35697@group-EF222054BC57, cid=79, SUCCESS, logIndex=116, commits[cb20f782-9136-4144-a2ef-e44461d35697:c119]
2019-09-17 12:48:18,738 [grpc-default-executor-2] INFO  client.GrpcClientProtocolClient (GrpcClientProtocolClient.java:onNext(264)) - client-E41C008B94D2->cb20f782-9136-4144-a2ef-e44461d35697: receive RaftClientReply:client-E41C008B94D2->cb20f782-9136-4144-a2ef-e44461d35697@group-EF222054BC57, cid=80, SUCCESS, logIndex=117, commits[cb20f782-9136-4144-a2ef-e44461d35697:c119]
2019-09-17 12:48:18,775 [grpc-default-executor-1] INFO  client.GrpcClientProtocolClient (GrpcClientProtocolClient.java:onNext(264)) - client-E41C008B94D2->cb20f782-9136-4144-a2ef-e44461d35697: receive RaftClientReply:client-E41C008B94D2->cb20f782-9136-4144-a2ef-e44461d35697@group-EF222054BC57, cid=81, SUCCESS, logIndex=120, commits[cb20f782-9136-4144-a2ef-e44461d35697:c123]
2019-09-17 12:48:18,776 [grpc-default-executor-1] INFO  client.GrpcClientProtocolClient (GrpcClientProtocolClient.java:onNext(264)) - client-E41C008B94D2->cb20f782-9136-4144-a2ef-e44461d35697: receive RaftClientReply:client-E41C008B94D2->cb20f782-9136-4144-a2ef-e44461d35697@group-EF222054BC57, cid=82, SUCCESS, logIndex=121, commits[cb20f782-9136-4144-a2ef-e44461d35697:c123]
2019-09-17 12:48:18,777 [grpc-default-executor-1] INFO  client.GrpcClientProtocolClient (GrpcClientProtocolClient.java:onNext(264)) - client-E41C008B94D2->cb20f782-9136-4144-a2ef-e44461d35697: receive RaftClientReply:client-E41C008B94D2->cb20f782-9136-4144-a2ef-e44461d35697@group-EF222054BC57, cid=83, SUCCESS, logIndex=122, commits[cb20f782-9136-4144-a2ef-e44461d35697:c125]
2019-09-17 12:48:18,777 [grpc-default-executor-1] INFO  client.GrpcClientProtocolClient (GrpcClientProtocolClient.java:onNext(264)) - client-E41C008B94D2->cb20f782-9136-4144-a2ef-e44461d35697: receive RaftClientReply:client-E41C008B94D2->cb20f782-9136-4144-a2ef-e44461d35697@group-EF222054BC57, cid=84, SUCCESS, logIndex=123, commits[cb20f782-9136-4144-a2ef-e44461d35697:c125]
2019-09-17 12:48:18,794 [SCMBlockDeletingService#1] DEBUG block.SCMBlockDeletingService (SCMBlockDeletingService.java:call(138)) - Running DeletedBlockTransactionScanner
2019-09-17 12:48:18,794 [SCMBlockDeletingService#1] DEBUG block.SCMBlockDeletingService (SCMBlockDeletingService.java:call(155)) - Scanned deleted blocks log and got 0 delTX to process.
2019-09-17 12:48:18,805 [grpc-default-executor-1] INFO  client.GrpcClientProtocolClient (GrpcClientProtocolClient.java:onNext(264)) - client-E41C008B94D2->cb20f782-9136-4144-a2ef-e44461d35697: receive RaftClientReply:client-E41C008B94D2->cb20f782-9136-4144-a2ef-e44461d35697@group-EF222054BC57, cid=85, SUCCESS, logIndex=126, commits[cb20f782-9136-4144-a2ef-e44461d35697:c127]
2019-09-17 12:48:18,806 [grpc-default-executor-1] INFO  client.GrpcClientProtocolClient (GrpcClientProtocolClient.java:onNext(264)) - client-E41C008B94D2->cb20f782-9136-4144-a2ef-e44461d35697: receive RaftClientReply:client-E41C008B94D2->cb20f782-9136-4144-a2ef-e44461d35697@group-EF222054BC57, cid=86, SUCCESS, logIndex=127, commits[cb20f782-9136-4144-a2ef-e44461d35697:c130]
2019-09-17 12:48:18,807 [grpc-default-executor-1] INFO  client.GrpcClientProtocolClient (GrpcClientProtocolClient.java:onNext(264)) - client-E41C008B94D2->cb20f782-9136-4144-a2ef-e44461d35697: receive RaftClientReply:client-E41C008B94D2->cb20f782-9136-4144-a2ef-e44461d35697@group-EF222054BC57, cid=87, SUCCESS, logIndex=128, commits[cb20f782-9136-4144-a2ef-e44461d35697:c131]
2019-09-17 12:48:18,807 [grpc-default-executor-1] INFO  client.GrpcClientProtocolClient (GrpcClientProtocolClient.java:onNext(264)) - client-E41C008B94D2->cb20f782-9136-4144-a2ef-e44461d35697: receive RaftClientReply:client-E41C008B94D2->cb20f782-9136-4144-a2ef-e44461d35697@group-EF222054BC57, cid=88, SUCCESS, logIndex=129, commits[cb20f782-9136-4144-a2ef-e44461d35697:c131]
2019-09-17 12:48:18,895 [SCMBlockDeletingService#1] DEBUG block.SCMBlockDeletingService (SCMBlockDeletingService.java:call(138)) - Running DeletedBlockTransactionScanner
2019-09-17 12:48:18,895 [SCMBlockDeletingService#1] DEBUG block.SCMBlockDeletingService (SCMBlockDeletingService.java:call(155)) - Scanned deleted blocks log and got 0 delTX to process.
2019-09-17 12:48:18,988 [grpc-default-executor-1] INFO  client.GrpcClientProtocolClient (GrpcClientProtocolClient.java:onNext(264)) - client-E41C008B94D2->cb20f782-9136-4144-a2ef-e44461d35697: receive RaftClientReply:client-E41C008B94D2->cb20f782-9136-4144-a2ef-e44461d35697@group-EF222054BC57, cid=89, SUCCESS, logIndex=132, commits[cb20f782-9136-4144-a2ef-e44461d35697:c135]
2019-09-17 12:48:18,989 [grpc-default-executor-1] INFO  client.GrpcClientProtocolClient (GrpcClientProtocolClient.java:onNext(264)) - client-E41C008B94D2->cb20f782-9136-4144-a2ef-e44461d35697: receive RaftClientReply:client-E41C008B94D2->cb20f782-9136-4144-a2ef-e44461d35697@group-EF222054BC57, cid=90, SUCCESS, logIndex=133, commits[cb20f782-9136-4144-a2ef-e44461d35697:c135]
2019-09-17 12:48:18,989 [grpc-default-executor-1] INFO  client.GrpcClientProtocolClient (GrpcClientProtocolClient.java:onNext(264)) - client-E41C008B94D2->cb20f782-9136-4144-a2ef-e44461d35697: receive RaftClientReply:client-E41C008B94D2->cb20f782-9136-4144-a2ef-e44461d35697@group-EF222054BC57, cid=91, SUCCESS, logIndex=134, commits[cb20f782-9136-4144-a2ef-e44461d35697:c135]
2019-09-17 12:48:18,990 [grpc-default-executor-1] INFO  client.GrpcClientProtocolClient (GrpcClientProtocolClient.java:onNext(264)) - client-E41C008B94D2->cb20f782-9136-4144-a2ef-e44461d35697: receive RaftClientReply:client-E41C008B94D2->cb20f782-9136-4144-a2ef-e44461d35697@group-EF222054BC57, cid=92, SUCCESS, logIndex=135, commits[cb20f782-9136-4144-a2ef-e44461d35697:c135]
2019-09-17 12:48:18,995 [SCMBlockDeletingService#1] DEBUG block.SCMBlockDeletingService (SCMBlockDeletingService.java:call(138)) - Running DeletedBlockTransactionScanner
2019-09-17 12:48:18,996 [SCMBlockDeletingService#1] DEBUG block.SCMBlockDeletingService (SCMBlockDeletingService.java:call(155)) - Scanned deleted blocks log and got 0 delTX to process.
2019-09-17 12:48:19,016 [grpc-default-executor-2] INFO  client.GrpcClientProtocolClient (GrpcClientProtocolClient.java:onNext(264)) - client-E41C008B94D2->cb20f782-9136-4144-a2ef-e44461d35697: receive RaftClientReply:client-E41C008B94D2->cb20f782-9136-4144-a2ef-e44461d35697@group-EF222054BC57, cid=93, SUCCESS, logIndex=137, commits[cb20f782-9136-4144-a2ef-e44461d35697:c140]
2019-09-17 12:48:19,017 [grpc-default-executor-2] INFO  client.GrpcClientProtocolClient (GrpcClientProtocolClient.java:onNext(264)) - client-E41C008B94D2->cb20f782-9136-4144-a2ef-e44461d35697: receive RaftClientReply:client-E41C008B94D2->cb20f782-9136-4144-a2ef-e44461d35697@group-EF222054BC57, cid=94, SUCCESS, logIndex=138, commits[cb20f782-9136-4144-a2ef-e44461d35697:c142]
2019-09-17 12:48:19,018 [grpc-default-executor-2] INFO  client.GrpcClientProtocolClient (GrpcClientProtocolClient.java:onNext(264)) - client-E41C008B94D2->cb20f782-9136-4144-a2ef-e44461d35697: receive RaftClientReply:client-E41C008B94D2->cb20f782-9136-4144-a2ef-e44461d35697@group-EF222054BC57, cid=95, SUCCESS, logIndex=139, commits[cb20f782-9136-4144-a2ef-e44461d35697:c142]
2019-09-17 12:48:19,019 [grpc-default-executor-2] INFO  client.GrpcClientProtocolClient (GrpcClientProtocolClient.java:onNext(264)) - client-E41C008B94D2->cb20f782-9136-4144-a2ef-e44461d35697: receive RaftClientReply:client-E41C008B94D2->cb20f782-9136-4144-a2ef-e44461d35697@group-EF222054BC57, cid=96, SUCCESS, logIndex=140, commits[cb20f782-9136-4144-a2ef-e44461d35697:c142]
2019-09-17 12:48:19,055 [grpc-default-executor-2] INFO  client.GrpcClientProtocolClient (GrpcClientProtocolClient.java:onNext(264)) - client-E41C008B94D2->cb20f782-9136-4144-a2ef-e44461d35697: receive RaftClientReply:client-E41C008B94D2->cb20f782-9136-4144-a2ef-e44461d35697@group-EF222054BC57, cid=97, SUCCESS, logIndex=143, commits[cb20f782-9136-4144-a2ef-e44461d35697:c146]
2019-09-17 12:48:19,056 [grpc-default-executor-2] INFO  client.GrpcClientProtocolClient (GrpcClientProtocolClient.java:onNext(264)) - client-E41C008B94D2->cb20f782-9136-4144-a2ef-e44461d35697: receive RaftClientReply:client-E41C008B94D2->cb20f782-9136-4144-a2ef-e44461d35697@group-EF222054BC57, cid=98, SUCCESS, logIndex=144, commits[cb20f782-9136-4144-a2ef-e44461d35697:c148]
2019-09-17 12:48:19,057 [grpc-default-executor-2] INFO  client.GrpcClientProtocolClient (GrpcClientProtocolClient.java:onNext(264)) - client-E41C008B94D2->cb20f782-9136-4144-a2ef-e44461d35697: receive RaftClientReply:client-E41C008B94D2->cb20f782-9136-4144-a2ef-e44461d35697@group-EF222054BC57, cid=99, SUCCESS, logIndex=145, commits[cb20f782-9136-4144-a2ef-e44461d35697:c148]
2019-09-17 12:48:19,058 [grpc-default-executor-1] INFO  client.GrpcClientProtocolClient (GrpcClientProtocolClient.java:onNext(264)) - client-E41C008B94D2->cb20f782-9136-4144-a2ef-e44461d35697: receive RaftClientReply:client-E41C008B94D2->cb20f782-9136-4144-a2ef-e44461d35697@group-EF222054BC57, cid=100, SUCCESS, logIndex=146, commits[cb20f782-9136-4144-a2ef-e44461d35697:c148]
2019-09-17 12:48:19,089 [grpc-default-executor-1] INFO  client.GrpcClientProtocolClient (GrpcClientProtocolClient.java:onNext(264)) - client-E41C008B94D2->cb20f782-9136-4144-a2ef-e44461d35697: receive RaftClientReply:client-E41C008B94D2->cb20f782-9136-4144-a2ef-e44461d35697@group-EF222054BC57, cid=101, SUCCESS, logIndex=149, commits[cb20f782-9136-4144-a2ef-e44461d35697:c150]
2019-09-17 12:48:19,090 [grpc-default-executor-1] INFO  client.GrpcClientProtocolClient (GrpcClientProtocolClient.java:onNext(264)) - client-E41C008B94D2->cb20f782-9136-4144-a2ef-e44461d35697: receive RaftClientReply:client-E41C008B94D2->cb20f782-9136-4144-a2ef-e44461d35697@group-EF222054BC57, cid=102, SUCCESS, logIndex=150, commits[cb20f782-9136-4144-a2ef-e44461d35697:c150]
2019-09-17 12:48:19,096 [SCMBlockDeletingService#1] DEBUG block.SCMBlockDeletingService (SCMBlockDeletingService.java:call(138)) - Running DeletedBlockTransactionScanner
2019-09-17 12:48:19,097 [SCMBlockDeletingService#1] DEBUG block.SCMBlockDeletingService (SCMBlockDeletingService.java:call(155)) - Scanned deleted blocks log and got 0 delTX to process.
2019-09-17 12:48:19,098 [grpc-default-executor-1] INFO  client.GrpcClientProtocolClient (GrpcClientProtocolClient.java:onNext(264)) - client-E41C008B94D2->cb20f782-9136-4144-a2ef-e44461d35697: receive RaftClientReply:client-E41C008B94D2->cb20f782-9136-4144-a2ef-e44461d35697@group-EF222054BC57, cid=103, SUCCESS, logIndex=151, commits[cb20f782-9136-4144-a2ef-e44461d35697:c152]
2019-09-17 12:48:19,098 [grpc-default-executor-1] INFO  client.GrpcClientProtocolClient (GrpcClientProtocolClient.java:onNext(264)) - client-E41C008B94D2->cb20f782-9136-4144-a2ef-e44461d35697: receive RaftClientReply:client-E41C008B94D2->cb20f782-9136-4144-a2ef-e44461d35697@group-EF222054BC57, cid=104, SUCCESS, logIndex=152, commits[cb20f782-9136-4144-a2ef-e44461d35697:c154]
2019-09-17 12:48:19,132 [grpc-default-executor-1] INFO  client.GrpcClientProtocolClient (GrpcClientProtocolClient.java:onNext(264)) - client-E41C008B94D2->cb20f782-9136-4144-a2ef-e44461d35697: receive RaftClientReply:client-E41C008B94D2->cb20f782-9136-4144-a2ef-e44461d35697@group-EF222054BC57, cid=105, SUCCESS, logIndex=155, commits[cb20f782-9136-4144-a2ef-e44461d35697:c156]
2019-09-17 12:48:19,133 [grpc-default-executor-1] INFO  client.GrpcClientProtocolClient (GrpcClientProtocolClient.java:onNext(264)) - client-E41C008B94D2->cb20f782-9136-4144-a2ef-e44461d35697: receive RaftClientReply:client-E41C008B94D2->cb20f782-9136-4144-a2ef-e44461d35697@group-EF222054BC57, cid=106, SUCCESS, logIndex=156, commits[cb20f782-9136-4144-a2ef-e44461d35697:c158]
2019-09-17 12:48:19,133 [grpc-default-executor-1] INFO  client.GrpcClientProtocolClient (GrpcClientProtocolClient.java:onNext(264)) - client-E41C008B94D2->cb20f782-9136-4144-a2ef-e44461d35697: receive RaftClientReply:client-E41C008B94D2->cb20f782-9136-4144-a2ef-e44461d35697@group-EF222054BC57, cid=107, SUCCESS, logIndex=157, commits[cb20f782-9136-4144-a2ef-e44461d35697:c159]
2019-09-17 12:48:19,133 [grpc-default-executor-1] INFO  client.GrpcClientProtocolClient (GrpcClientProtocolClient.java:onNext(264)) - client-E41C008B94D2->cb20f782-9136-4144-a2ef-e44461d35697: receive RaftClientReply:client-E41C008B94D2->cb20f782-9136-4144-a2ef-e44461d35697@group-EF222054BC57, cid=108, SUCCESS, logIndex=158, commits[cb20f782-9136-4144-a2ef-e44461d35697:c160]
2019-09-17 12:48:19,159 [grpc-default-executor-2] INFO  client.GrpcClientProtocolClient (GrpcClientProtocolClient.java:onNext(264)) - client-E41C008B94D2->cb20f782-9136-4144-a2ef-e44461d35697: receive RaftClientReply:client-E41C008B94D2->cb20f782-9136-4144-a2ef-e44461d35697@group-EF222054BC57, cid=109, SUCCESS, logIndex=161, commits[cb20f782-9136-4144-a2ef-e44461d35697:c162]
2019-09-17 12:48:19,160 [grpc-default-executor-2] INFO  client.GrpcClientProtocolClient (GrpcClientProtocolClient.java:onNext(264)) - client-E41C008B94D2->cb20f782-9136-4144-a2ef-e44461d35697: receive RaftClientReply:client-E41C008B94D2->cb20f782-9136-4144-a2ef-e44461d35697@group-EF222054BC57, cid=110, SUCCESS, logIndex=162, commits[cb20f782-9136-4144-a2ef-e44461d35697:c164]
2019-09-17 12:48:19,161 [grpc-default-executor-2] INFO  client.GrpcClientProtocolClient (GrpcClientProtocolClient.java:onNext(264)) - client-E41C008B94D2->cb20f782-9136-4144-a2ef-e44461d35697: receive RaftClientReply:client-E41C008B94D2->cb20f782-9136-4144-a2ef-e44461d35697@group-EF222054BC57, cid=111, SUCCESS, logIndex=163, commits[cb20f782-9136-4144-a2ef-e44461d35697:c165]
2019-09-17 12:48:19,161 [grpc-default-executor-2] INFO  client.GrpcClientProtocolClient (GrpcClientProtocolClient.java:onNext(264)) - client-E41C008B94D2->cb20f782-9136-4144-a2ef-e44461d35697: receive RaftClientReply:client-E41C008B94D2->cb20f782-9136-4144-a2ef-e44461d35697@group-EF222054BC57, cid=112, SUCCESS, logIndex=164, commits[cb20f782-9136-4144-a2ef-e44461d35697:c166]
2019-09-17 12:48:19,347 [SCMBlockDeletingService#1] DEBUG block.SCMBlockDeletingService (SCMBlockDeletingService.java:call(138)) - Running DeletedBlockTransactionScanner
2019-09-17 12:48:19,347 [SCMBlockDeletingService#1] DEBUG block.SCMBlockDeletingService (SCMBlockDeletingService.java:call(155)) - Scanned deleted blocks log and got 0 delTX to process.
2019-09-17 12:48:19,366 [grpc-default-executor-1] INFO  client.GrpcClientProtocolClient (GrpcClientProtocolClient.java:onNext(264)) - client-E41C008B94D2->cb20f782-9136-4144-a2ef-e44461d35697: receive RaftClientReply:client-E41C008B94D2->cb20f782-9136-4144-a2ef-e44461d35697@group-EF222054BC57, cid=113, SUCCESS, logIndex=167, commits[cb20f782-9136-4144-a2ef-e44461d35697:c168]
2019-09-17 12:48:19,366 [grpc-default-executor-1] INFO  client.GrpcClientProtocolClient (GrpcClientProtocolClient.java:onNext(264)) - client-E41C008B94D2->cb20f782-9136-4144-a2ef-e44461d35697: receive RaftClientReply:client-E41C008B94D2->cb20f782-9136-4144-a2ef-e44461d35697@group-EF222054BC57, cid=114, SUCCESS, logIndex=168, commits[cb20f782-9136-4144-a2ef-e44461d35697:c168]
2019-09-17 12:48:19,376 [grpc-default-executor-1] INFO  client.GrpcClientProtocolClient (GrpcClientProtocolClient.java:onNext(264)) - client-E41C008B94D2->cb20f782-9136-4144-a2ef-e44461d35697: receive RaftClientReply:client-E41C008B94D2->cb20f782-9136-4144-a2ef-e44461d35697@group-EF222054BC57, cid=115, SUCCESS, logIndex=169, commits[cb20f782-9136-4144-a2ef-e44461d35697:c171]
2019-09-17 12:48:19,377 [grpc-default-executor-1] INFO  client.GrpcClientProtocolClient (GrpcClientProtocolClient.java:onNext(264)) - client-E41C008B94D2->cb20f782-9136-4144-a2ef-e44461d35697: receive RaftClientReply:client-E41C008B94D2->cb20f782-9136-4144-a2ef-e44461d35697@group-EF222054BC57, cid=116, SUCCESS, logIndex=170, commits[cb20f782-9136-4144-a2ef-e44461d35697:c172]
2019-09-17 12:48:19,404 [grpc-default-executor-1] INFO  client.GrpcClientProtocolClient (GrpcClientProtocolClient.java:onNext(264)) - client-E41C008B94D2->cb20f782-9136-4144-a2ef-e44461d35697: receive RaftClientReply:client-E41C008B94D2->cb20f782-9136-4144-a2ef-e44461d35697@group-EF222054BC57, cid=117, SUCCESS, logIndex=173, commits[cb20f782-9136-4144-a2ef-e44461d35697:c176]
2019-09-17 12:48:19,405 [grpc-default-executor-1] INFO  client.GrpcClientProtocolClient (GrpcClientProtocolClient.java:onNext(264)) - client-E41C008B94D2->cb20f782-9136-4144-a2ef-e44461d35697: receive RaftClientReply:client-E41C008B94D2->cb20f782-9136-4144-a2ef-e44461d35697@group-EF222054BC57, cid=118, SUCCESS, logIndex=174, commits[cb20f782-9136-4144-a2ef-e44461d35697:c178]
2019-09-17 12:48:19,405 [grpc-default-executor-1] INFO  client.GrpcClientProtocolClient (GrpcClientProtocolClient.java:onNext(264)) - client-E41C008B94D2->cb20f782-9136-4144-a2ef-e44461d35697: receive RaftClientReply:client-E41C008B94D2->cb20f782-9136-4144-a2ef-e44461d35697@group-EF222054BC57, cid=119, SUCCESS, logIndex=175, commits[cb20f782-9136-4144-a2ef-e44461d35697:c178]
2019-09-17 12:48:19,406 [grpc-default-executor-1] INFO  client.GrpcClientProtocolClient (GrpcClientProtocolClient.java:onNext(264)) - client-E41C008B94D2->cb20f782-9136-4144-a2ef-e44461d35697: receive RaftClientReply:client-E41C008B94D2->cb20f782-9136-4144-a2ef-e44461d35697@group-EF222054BC57, cid=120, SUCCESS, logIndex=176, commits[cb20f782-9136-4144-a2ef-e44461d35697:c178]
2019-09-17 12:48:19,441 [grpc-default-executor-2] INFO  client.GrpcClientProtocolClient (GrpcClientProtocolClient.java:onNext(264)) - client-E41C008B94D2->cb20f782-9136-4144-a2ef-e44461d35697: receive RaftClientReply:client-E41C008B94D2->cb20f782-9136-4144-a2ef-e44461d35697@group-EF222054BC57, cid=121, SUCCESS, logIndex=179, commits[cb20f782-9136-4144-a2ef-e44461d35697:c180]
2019-09-17 12:48:19,442 [grpc-default-executor-2] INFO  client.GrpcClientProtocolClient (GrpcClientProtocolClient.java:onNext(264)) - client-E41C008B94D2->cb20f782-9136-4144-a2ef-e44461d35697: receive RaftClientReply:client-E41C008B94D2->cb20f782-9136-4144-a2ef-e44461d35697@group-EF222054BC57, cid=122, SUCCESS, logIndex=180, commits[cb20f782-9136-4144-a2ef-e44461d35697:c180]
2019-09-17 12:48:19,449 [SCMBlockDeletingService#1] DEBUG block.SCMBlockDeletingService (SCMBlockDeletingService.java:call(138)) - Running DeletedBlockTransactionScanner
2019-09-17 12:48:19,451 [SCMBlockDeletingService#1] DEBUG block.SCMBlockDeletingService (SCMBlockDeletingService.java:call(155)) - Scanned deleted blocks log and got 0 delTX to process.
2019-09-17 12:48:19,458 [grpc-default-executor-2] INFO  client.GrpcClientProtocolClient (GrpcClientProtocolClient.java:onNext(264)) - client-E41C008B94D2->cb20f782-9136-4144-a2ef-e44461d35697: receive RaftClientReply:client-E41C008B94D2->cb20f782-9136-4144-a2ef-e44461d35697@group-EF222054BC57, cid=123, SUCCESS, logIndex=181, commits[cb20f782-9136-4144-a2ef-e44461d35697:c182]
2019-09-17 12:48:19,459 [grpc-default-executor-2] INFO  client.GrpcClientProtocolClient (GrpcClientProtocolClient.java:onNext(264)) - client-E41C008B94D2->cb20f782-9136-4144-a2ef-e44461d35697: receive RaftClientReply:client-E41C008B94D2->cb20f782-9136-4144-a2ef-e44461d35697@group-EF222054BC57, cid=124, SUCCESS, logIndex=182, commits[cb20f782-9136-4144-a2ef-e44461d35697:c182]
2019-09-17 12:48:19,492 [grpc-default-executor-2] INFO  client.GrpcClientProtocolClient (GrpcClientProtocolClient.java:onNext(264)) - client-E41C008B94D2->cb20f782-9136-4144-a2ef-e44461d35697: receive RaftClientReply:client-E41C008B94D2->cb20f782-9136-4144-a2ef-e44461d35697@group-EF222054BC57, cid=125, SUCCESS, logIndex=185, commits[cb20f782-9136-4144-a2ef-e44461d35697:c188]
2019-09-17 12:48:19,492 [grpc-default-executor-2] INFO  client.GrpcClientProtocolClient (GrpcClientProtocolClient.java:onNext(264)) - client-E41C008B94D2->cb20f782-9136-4144-a2ef-e44461d35697: receive RaftClientReply:client-E41C008B94D2->cb20f782-9136-4144-a2ef-e44461d35697@group-EF222054BC57, cid=126, SUCCESS, logIndex=186, commits[cb20f782-9136-4144-a2ef-e44461d35697:c189]
2019-09-17 12:48:19,493 [grpc-default-executor-2] INFO  client.GrpcClientProtocolClient (GrpcClientProtocolClient.java:onNext(264)) - client-E41C008B94D2->cb20f782-9136-4144-a2ef-e44461d35697: receive RaftClientReply:client-E41C008B94D2->cb20f782-9136-4144-a2ef-e44461d35697@group-EF222054BC57, cid=127, SUCCESS, logIndex=187, commits[cb20f782-9136-4144-a2ef-e44461d35697:c189]
2019-09-17 12:48:19,493 [grpc-default-executor-2] INFO  client.GrpcClientProtocolClient (GrpcClientProtocolClient.java:onNext(264)) - client-E41C008B94D2->cb20f782-9136-4144-a2ef-e44461d35697: receive RaftClientReply:client-E41C008B94D2->cb20f782-9136-4144-a2ef-e44461d35697@group-EF222054BC57, cid=128, SUCCESS, logIndex=188, commits[cb20f782-9136-4144-a2ef-e44461d35697:c189]
2019-09-17 12:48:19,530 [grpc-default-executor-2] INFO  client.GrpcClientProtocolClient (GrpcClientProtocolClient.java:onNext(264)) - client-E41C008B94D2->cb20f782-9136-4144-a2ef-e44461d35697: receive RaftClientReply:client-E41C008B94D2->cb20f782-9136-4144-a2ef-e44461d35697@group-EF222054BC57, cid=129, SUCCESS, logIndex=190, commits[cb20f782-9136-4144-a2ef-e44461d35697:c191]
2019-09-17 12:48:19,531 [grpc-default-executor-2] INFO  client.GrpcClientProtocolClient (GrpcClientProtocolClient.java:onNext(264)) - client-E41C008B94D2->cb20f782-9136-4144-a2ef-e44461d35697: receive RaftClientReply:client-E41C008B94D2->cb20f782-9136-4144-a2ef-e44461d35697@group-EF222054BC57, cid=130, SUCCESS, logIndex=191, commits[cb20f782-9136-4144-a2ef-e44461d35697:c191]
2019-09-17 12:48:19,539 [grpc-default-executor-2] INFO  client.GrpcClientProtocolClient (GrpcClientProtocolClient.java:onNext(264)) - client-E41C008B94D2->cb20f782-9136-4144-a2ef-e44461d35697: receive RaftClientReply:client-E41C008B94D2->cb20f782-9136-4144-a2ef-e44461d35697@group-EF222054BC57, cid=131, SUCCESS, logIndex=192, commits[cb20f782-9136-4144-a2ef-e44461d35697:c195]
2019-09-17 12:48:19,542 [grpc-default-executor-2] INFO  client.GrpcClientProtocolClient (GrpcClientProtocolClient.java:onNext(264)) - client-E41C008B94D2->cb20f782-9136-4144-a2ef-e44461d35697: receive RaftClientReply:client-E41C008B94D2->cb20f782-9136-4144-a2ef-e44461d35697@group-EF222054BC57, cid=132, SUCCESS, logIndex=193, commits[cb20f782-9136-4144-a2ef-e44461d35697:c195]
2019-09-17 12:48:19,551 [SCMBlockDeletingService#1] DEBUG block.SCMBlockDeletingService (SCMBlockDeletingService.java:call(138)) - Running DeletedBlockTransactionScanner
2019-09-17 12:48:19,551 [SCMBlockDeletingService#1] DEBUG block.SCMBlockDeletingService (SCMBlockDeletingService.java:call(155)) - Scanned deleted blocks log and got 0 delTX to process.
2019-09-17 12:48:19,652 [SCMBlockDeletingService#1] DEBUG block.SCMBlockDeletingService (SCMBlockDeletingService.java:call(138)) - Running DeletedBlockTransactionScanner
2019-09-17 12:48:19,652 [SCMBlockDeletingService#1] DEBUG block.SCMBlockDeletingService (SCMBlockDeletingService.java:call(155)) - Scanned deleted blocks log and got 0 delTX to process.
2019-09-17 12:48:19,657 [grpc-default-executor-1] INFO  client.GrpcClientProtocolClient (GrpcClientProtocolClient.java:onNext(264)) - client-E41C008B94D2->cb20f782-9136-4144-a2ef-e44461d35697: receive RaftClientReply:client-E41C008B94D2->cb20f782-9136-4144-a2ef-e44461d35697@group-EF222054BC57, cid=133, SUCCESS, logIndex=196, commits[cb20f782-9136-4144-a2ef-e44461d35697:c197]
2019-09-17 12:48:19,658 [grpc-default-executor-1] INFO  client.GrpcClientProtocolClient (GrpcClientProtocolClient.java:onNext(264)) - client-E41C008B94D2->cb20f782-9136-4144-a2ef-e44461d35697: receive RaftClientReply:client-E41C008B94D2->cb20f782-9136-4144-a2ef-e44461d35697@group-EF222054BC57, cid=134, SUCCESS, logIndex=197, commits[cb20f782-9136-4144-a2ef-e44461d35697:c200]
2019-09-17 12:48:19,659 [grpc-default-executor-1] INFO  client.GrpcClientProtocolClient (GrpcClientProtocolClient.java:onNext(264)) - client-E41C008B94D2->cb20f782-9136-4144-a2ef-e44461d35697: receive RaftClientReply:client-E41C008B94D2->cb20f782-9136-4144-a2ef-e44461d35697@group-EF222054BC57, cid=135, SUCCESS, logIndex=198, commits[cb20f782-9136-4144-a2ef-e44461d35697:c201]
2019-09-17 12:48:19,659 [grpc-default-executor-1] INFO  client.GrpcClientProtocolClient (GrpcClientProtocolClient.java:onNext(264)) - client-E41C008B94D2->cb20f782-9136-4144-a2ef-e44461d35697: receive RaftClientReply:client-E41C008B94D2->cb20f782-9136-4144-a2ef-e44461d35697@group-EF222054BC57, cid=136, SUCCESS, logIndex=199, commits[cb20f782-9136-4144-a2ef-e44461d35697:c201]
2019-09-17 12:48:19,695 [grpc-default-executor-2] INFO  client.GrpcClientProtocolClient (GrpcClientProtocolClient.java:onNext(264)) - client-E41C008B94D2->cb20f782-9136-4144-a2ef-e44461d35697: receive RaftClientReply:client-E41C008B94D2->cb20f782-9136-4144-a2ef-e44461d35697@group-EF222054BC57, cid=137, SUCCESS, logIndex=202, commits[cb20f782-9136-4144-a2ef-e44461d35697:c203]
2019-09-17 12:48:19,696 [grpc-default-executor-2] INFO  client.GrpcClientProtocolClient (GrpcClientProtocolClient.java:onNext(264)) - client-E41C008B94D2->cb20f782-9136-4144-a2ef-e44461d35697: receive RaftClientReply:client-E41C008B94D2->cb20f782-9136-4144-a2ef-e44461d35697@group-EF222054BC57, cid=138, SUCCESS, logIndex=203, commits[cb20f782-9136-4144-a2ef-e44461d35697:c206]
2019-09-17 12:48:19,697 [grpc-default-executor-2] INFO  client.GrpcClientProtocolClient (GrpcClientProtocolClient.java:onNext(264)) - client-E41C008B94D2->cb20f782-9136-4144-a2ef-e44461d35697: receive RaftClientReply:client-E41C008B94D2->cb20f782-9136-4144-a2ef-e44461d35697@group-EF222054BC57, cid=139, SUCCESS, logIndex=204, commits[cb20f782-9136-4144-a2ef-e44461d35697:c207]
2019-09-17 12:48:19,697 [grpc-default-executor-2] INFO  client.GrpcClientProtocolClient (GrpcClientProtocolClient.java:onNext(264)) - client-E41C008B94D2->cb20f782-9136-4144-a2ef-e44461d35697: receive RaftClientReply:client-E41C008B94D2->cb20f782-9136-4144-a2ef-e44461d35697@group-EF222054BC57, cid=140, SUCCESS, logIndex=205, commits[cb20f782-9136-4144-a2ef-e44461d35697:c207]
2019-09-17 12:48:19,724 [grpc-default-executor-2] INFO  client.GrpcClientProtocolClient (GrpcClientProtocolClient.java:onNext(264)) - client-E41C008B94D2->cb20f782-9136-4144-a2ef-e44461d35697: receive RaftClientReply:client-E41C008B94D2->cb20f782-9136-4144-a2ef-e44461d35697@group-EF222054BC57, cid=141, SUCCESS, logIndex=208, commits[cb20f782-9136-4144-a2ef-e44461d35697:c211]
2019-09-17 12:48:19,724 [grpc-default-executor-2] INFO  client.GrpcClientProtocolClient (GrpcClientProtocolClient.java:onNext(264)) - client-E41C008B94D2->cb20f782-9136-4144-a2ef-e44461d35697: receive RaftClientReply:client-E41C008B94D2->cb20f782-9136-4144-a2ef-e44461d35697@group-EF222054BC57, cid=142, SUCCESS, logIndex=209, commits[cb20f782-9136-4144-a2ef-e44461d35697:c212]
2019-09-17 12:48:19,725 [grpc-default-executor-2] INFO  client.GrpcClientProtocolClient (GrpcClientProtocolClient.java:onNext(264)) - client-E41C008B94D2->cb20f782-9136-4144-a2ef-e44461d35697: receive RaftClientReply:client-E41C008B94D2->cb20f782-9136-4144-a2ef-e44461d35697@group-EF222054BC57, cid=143, SUCCESS, logIndex=210, commits[cb20f782-9136-4144-a2ef-e44461d35697:c213]
2019-09-17 12:48:19,726 [grpc-default-executor-2] INFO  client.GrpcClientProtocolClient (GrpcClientProtocolClient.java:onNext(264)) - client-E41C008B94D2->cb20f782-9136-4144-a2ef-e44461d35697: receive RaftClientReply:client-E41C008B94D2->cb20f782-9136-4144-a2ef-e44461d35697@group-EF222054BC57, cid=144, SUCCESS, logIndex=211, commits[cb20f782-9136-4144-a2ef-e44461d35697:c213]
2019-09-17 12:48:19,753 [SCMBlockDeletingService#1] DEBUG block.SCMBlockDeletingService (SCMBlockDeletingService.java:call(138)) - Running DeletedBlockTransactionScanner
2019-09-17 12:48:19,753 [SCMBlockDeletingService#1] DEBUG block.SCMBlockDeletingService (SCMBlockDeletingService.java:call(155)) - Scanned deleted blocks log and got 0 delTX to process.
2019-09-17 12:48:19,776 [grpc-default-executor-2] INFO  client.GrpcClientProtocolClient (GrpcClientProtocolClient.java:onNext(264)) - client-E41C008B94D2->cb20f782-9136-4144-a2ef-e44461d35697: receive RaftClientReply:client-E41C008B94D2->cb20f782-9136-4144-a2ef-e44461d35697@group-EF222054BC57, cid=145, SUCCESS, logIndex=214, commits[cb20f782-9136-4144-a2ef-e44461d35697:c215]
2019-09-17 12:48:19,777 [grpc-default-executor-2] INFO  client.GrpcClientProtocolClient (GrpcClientProtocolClient.java:onNext(264)) - client-E41C008B94D2->cb20f782-9136-4144-a2ef-e44461d35697: receive RaftClientReply:client-E41C008B94D2->cb20f782-9136-4144-a2ef-e44461d35697@group-EF222054BC57, cid=146, SUCCESS, logIndex=215, commits[cb20f782-9136-4144-a2ef-e44461d35697:c218]
2019-09-17 12:48:19,778 [grpc-default-executor-2] INFO  client.GrpcClientProtocolClient (GrpcClientProtocolClient.java:onNext(264)) - client-E41C008B94D2->cb20f782-9136-4144-a2ef-e44461d35697: receive RaftClientReply:client-E41C008B94D2->cb20f782-9136-4144-a2ef-e44461d35697@group-EF222054BC57, cid=147, SUCCESS, logIndex=216, commits[cb20f782-9136-4144-a2ef-e44461d35697:c218]
2019-09-17 12:48:19,778 [grpc-default-executor-2] INFO  client.GrpcClientProtocolClient (GrpcClientProtocolClient.java:onNext(264)) - client-E41C008B94D2->cb20f782-9136-4144-a2ef-e44461d35697: receive RaftClientReply:client-E41C008B94D2->cb20f782-9136-4144-a2ef-e44461d35697@group-EF222054BC57, cid=148, SUCCESS, logIndex=217, commits[cb20f782-9136-4144-a2ef-e44461d35697:c219]
2019-09-17 12:48:19,804 [grpc-default-executor-2] INFO  client.GrpcClientProtocolClient (GrpcClientProtocolClient.java:onNext(264)) - client-E41C008B94D2->cb20f782-9136-4144-a2ef-e44461d35697: receive RaftClientReply:client-E41C008B94D2->cb20f782-9136-4144-a2ef-e44461d35697@group-EF222054BC57, cid=149, SUCCESS, logIndex=220, commits[cb20f782-9136-4144-a2ef-e44461d35697:c223]
2019-09-17 12:48:19,805 [grpc-default-executor-2] INFO  client.GrpcClientProtocolClient (GrpcClientProtocolClient.java:onNext(264)) - client-E41C008B94D2->cb20f782-9136-4144-a2ef-e44461d35697: receive RaftClientReply:client-E41C008B94D2->cb20f782-9136-4144-a2ef-e44461d35697@group-EF222054BC57, cid=150, SUCCESS, logIndex=221, commits[cb20f782-9136-4144-a2ef-e44461d35697:c223]
2019-09-17 12:48:19,806 [grpc-default-executor-2] INFO  client.GrpcClientProtocolClient (GrpcClientProtocolClient.java:onNext(264)) - client-E41C008B94D2->cb20f782-9136-4144-a2ef-e44461d35697: receive RaftClientReply:client-E41C008B94D2->cb20f782-9136-4144-a2ef-e44461d35697@group-EF222054BC57, cid=151, SUCCESS, logIndex=222, commits[cb20f782-9136-4144-a2ef-e44461d35697:c223]
2019-09-17 12:48:19,807 [grpc-default-executor-2] INFO  client.GrpcClientProtocolClient (GrpcClientProtocolClient.java:onNext(264)) - client-E41C008B94D2->cb20f782-9136-4144-a2ef-e44461d35697: receive RaftClientReply:client-E41C008B94D2->cb20f782-9136-4144-a2ef-e44461d35697@group-EF222054BC57, cid=152, SUCCESS, logIndex=223, commits[cb20f782-9136-4144-a2ef-e44461d35697:c223]
2019-09-17 12:48:19,838 [grpc-default-executor-2] INFO  client.GrpcClientProtocolClient (GrpcClientProtocolClient.java:onNext(264)) - client-E41C008B94D2->cb20f782-9136-4144-a2ef-e44461d35697: receive RaftClientReply:client-E41C008B94D2->cb20f782-9136-4144-a2ef-e44461d35697@group-EF222054BC57, cid=153, SUCCESS, logIndex=225, commits[cb20f782-9136-4144-a2ef-e44461d35697:c226]
2019-09-17 12:48:19,839 [grpc-default-executor-2] INFO  client.GrpcClientProtocolClient (GrpcClientProtocolClient.java:onNext(264)) - client-E41C008B94D2->cb20f782-9136-4144-a2ef-e44461d35697: receive RaftClientReply:client-E41C008B94D2->cb20f782-9136-4144-a2ef-e44461d35697@group-EF222054BC57, cid=154, SUCCESS, logIndex=226, commits[cb20f782-9136-4144-a2ef-e44461d35697:c226]
2019-09-17 12:48:19,840 [grpc-default-executor-2] INFO  client.GrpcClientProtocolClient (GrpcClientProtocolClient.java:onNext(264)) - client-E41C008B94D2->cb20f782-9136-4144-a2ef-e44461d35697: receive RaftClientReply:client-E41C008B94D2->cb20f782-9136-4144-a2ef-e44461d35697@group-EF222054BC57, cid=155, SUCCESS, logIndex=227, commits[cb20f782-9136-4144-a2ef-e44461d35697:c229]
2019-09-17 12:48:19,841 [grpc-default-executor-2] INFO  client.GrpcClientProtocolClient (GrpcClientProtocolClient.java:onNext(264)) - client-E41C008B94D2->cb20f782-9136-4144-a2ef-e44461d35697: receive RaftClientReply:client-E41C008B94D2->cb20f782-9136-4144-a2ef-e44461d35697@group-EF222054BC57, cid=156, SUCCESS, logIndex=228, commits[cb20f782-9136-4144-a2ef-e44461d35697:c229]
2019-09-17 12:48:19,853 [SCMBlockDeletingService#1] DEBUG block.SCMBlockDeletingService (SCMBlockDeletingService.java:call(138)) - Running DeletedBlockTransactionScanner
2019-09-17 12:48:19,854 [SCMBlockDeletingService#1] DEBUG block.SCMBlockDeletingService (SCMBlockDeletingService.java:call(155)) - Scanned deleted blocks log and got 0 delTX to process.
2019-09-17 12:48:19,864 [grpc-default-executor-2] INFO  client.GrpcClientProtocolClient (GrpcClientProtocolClient.java:onNext(264)) - client-E41C008B94D2->cb20f782-9136-4144-a2ef-e44461d35697: receive RaftClientReply:client-E41C008B94D2->cb20f782-9136-4144-a2ef-e44461d35697@group-EF222054BC57, cid=157, SUCCESS, logIndex=230, commits[cb20f782-9136-4144-a2ef-e44461d35697:c233]
2019-09-17 12:48:19,866 [grpc-default-executor-2] INFO  client.GrpcClientProtocolClient (GrpcClientProtocolClient.java:onNext(264)) - client-E41C008B94D2->cb20f782-9136-4144-a2ef-e44461d35697: receive RaftClientReply:client-E41C008B94D2->cb20f782-9136-4144-a2ef-e44461d35697@group-EF222054BC57, cid=158, SUCCESS, logIndex=231, commits[cb20f782-9136-4144-a2ef-e44461d35697:c234]
2019-09-17 12:48:19,866 [grpc-default-executor-2] INFO  client.GrpcClientProtocolClient (GrpcClientProtocolClient.java:onNext(264)) - client-E41C008B94D2->cb20f782-9136-4144-a2ef-e44461d35697: receive RaftClientReply:client-E41C008B94D2->cb20f782-9136-4144-a2ef-e44461d35697@group-EF222054BC57, cid=159, SUCCESS, logIndex=232, commits[cb20f782-9136-4144-a2ef-e44461d35697:c235]
2019-09-17 12:48:19,867 [grpc-default-executor-2] INFO  client.GrpcClientProtocolClient (GrpcClientProtocolClient.java:onNext(264)) - client-E41C008B94D2->cb20f782-9136-4144-a2ef-e44461d35697: receive RaftClientReply:client-E41C008B94D2->cb20f782-9136-4144-a2ef-e44461d35697@group-EF222054BC57, cid=160, SUCCESS, logIndex=233, commits[cb20f782-9136-4144-a2ef-e44461d35697:c235]
2019-09-17 12:48:19,908 [grpc-default-executor-1] INFO  client.GrpcClientProtocolClient (GrpcClientProtocolClient.java:onNext(264)) - client-E41C008B94D2->cb20f782-9136-4144-a2ef-e44461d35697: receive RaftClientReply:client-E41C008B94D2->cb20f782-9136-4144-a2ef-e44461d35697@group-EF222054BC57, cid=161, SUCCESS, logIndex=236, commits[cb20f782-9136-4144-a2ef-e44461d35697:c237]
2019-09-17 12:48:19,909 [grpc-default-executor-1] INFO  client.GrpcClientProtocolClient (GrpcClientProtocolClient.java:onNext(264)) - client-E41C008B94D2->cb20f782-9136-4144-a2ef-e44461d35697: receive RaftClientReply:client-E41C008B94D2->cb20f782-9136-4144-a2ef-e44461d35697@group-EF222054BC57, cid=162, SUCCESS, logIndex=237, commits[cb20f782-9136-4144-a2ef-e44461d35697:c239]
2019-09-17 12:48:19,909 [grpc-default-executor-1] INFO  client.GrpcClientProtocolClient (GrpcClientProtocolClient.java:onNext(264)) - client-E41C008B94D2->cb20f782-9136-4144-a2ef-e44461d35697: receive RaftClientReply:client-E41C008B94D2->cb20f782-9136-4144-a2ef-e44461d35697@group-EF222054BC57, cid=163, SUCCESS, logIndex=238, commits[cb20f782-9136-4144-a2ef-e44461d35697:c240]
2019-09-17 12:48:19,910 [grpc-default-executor-1] INFO  client.GrpcClientProtocolClient (GrpcClientProtocolClient.java:onNext(264)) - client-E41C008B94D2->cb20f782-9136-4144-a2ef-e44461d35697: receive RaftClientReply:client-E41C008B94D2->cb20f782-9136-4144-a2ef-e44461d35697@group-EF222054BC57, cid=164, SUCCESS, logIndex=239, commits[cb20f782-9136-4144-a2ef-e44461d35697:c241]
2019-09-17 12:48:19,933 [grpc-default-executor-2] INFO  client.GrpcClientProtocolClient (GrpcClientProtocolClient.java:onNext(264)) - client-E41C008B94D2->cb20f782-9136-4144-a2ef-e44461d35697: receive RaftClientReply:client-E41C008B94D2->cb20f782-9136-4144-a2ef-e44461d35697@group-EF222054BC57, cid=165, SUCCESS, logIndex=242, commits[cb20f782-9136-4144-a2ef-e44461d35697:c243]
2019-09-17 12:48:19,934 [grpc-default-executor-2] INFO  client.GrpcClientProtocolClient (GrpcClientProtocolClient.java:onNext(264)) - client-E41C008B94D2->cb20f782-9136-4144-a2ef-e44461d35697: receive RaftClientReply:client-E41C008B94D2->cb20f782-9136-4144-a2ef-e44461d35697@group-EF222054BC57, cid=166, SUCCESS, logIndex=243, commits[cb20f782-9136-4144-a2ef-e44461d35697:c245]
2019-09-17 12:48:19,934 [grpc-default-executor-2] INFO  client.GrpcClientProtocolClient (GrpcClientProtocolClient.java:onNext(264)) - client-E41C008B94D2->cb20f782-9136-4144-a2ef-e44461d35697: receive RaftClientReply:client-E41C008B94D2->cb20f782-9136-4144-a2ef-e44461d35697@group-EF222054BC57, cid=167, SUCCESS, logIndex=244, commits[cb20f782-9136-4144-a2ef-e44461d35697:c247]
2019-09-17 12:48:19,935 [grpc-default-executor-2] INFO  client.GrpcClientProtocolClient (GrpcClientProtocolClient.java:onNext(264)) - client-E41C008B94D2->cb20f782-9136-4144-a2ef-e44461d35697: receive RaftClientReply:client-E41C008B94D2->cb20f782-9136-4144-a2ef-e44461d35697@group-EF222054BC57, cid=168, SUCCESS, logIndex=245, commits[cb20f782-9136-4144-a2ef-e44461d35697:c247]
2019-09-17 12:48:19,954 [SCMBlockDeletingService#1] DEBUG block.SCMBlockDeletingService (SCMBlockDeletingService.java:call(138)) - Running DeletedBlockTransactionScanner
2019-09-17 12:48:19,954 [SCMBlockDeletingService#1] DEBUG block.SCMBlockDeletingService (SCMBlockDeletingService.java:call(155)) - Scanned deleted blocks log and got 0 delTX to process.
2019-09-17 12:48:19,970 [grpc-default-executor-1] INFO  client.GrpcClientProtocolClient (GrpcClientProtocolClient.java:onNext(264)) - client-E41C008B94D2->cb20f782-9136-4144-a2ef-e44461d35697: receive RaftClientReply:client-E41C008B94D2->cb20f782-9136-4144-a2ef-e44461d35697@group-EF222054BC57, cid=169, SUCCESS, logIndex=248, commits[cb20f782-9136-4144-a2ef-e44461d35697:c251]
2019-09-17 12:48:19,971 [grpc-default-executor-1] INFO  client.GrpcClientProtocolClient (GrpcClientProtocolClient.java:onNext(264)) - client-E41C008B94D2->cb20f782-9136-4144-a2ef-e44461d35697: receive RaftClientReply:client-E41C008B94D2->cb20f782-9136-4144-a2ef-e44461d35697@group-EF222054BC57, cid=170, SUCCESS, logIndex=249, commits[cb20f782-9136-4144-a2ef-e44461d35697:c252]
2019-09-17 12:48:19,972 [grpc-default-executor-1] INFO  client.GrpcClientProtocolClient (GrpcClientProtocolClient.java:onNext(264)) - client-E41C008B94D2->cb20f782-9136-4144-a2ef-e44461d35697: receive RaftClientReply:client-E41C008B94D2->cb20f782-9136-4144-a2ef-e44461d35697@group-EF222054BC57, cid=171, SUCCESS, logIndex=250, commits[cb20f782-9136-4144-a2ef-e44461d35697:c253]
2019-09-17 12:48:19,972 [grpc-default-executor-1] INFO  client.GrpcClientProtocolClient (GrpcClientProtocolClient.java:onNext(264)) - client-E41C008B94D2->cb20f782-9136-4144-a2ef-e44461d35697: receive RaftClientReply:client-E41C008B94D2->cb20f782-9136-4144-a2ef-e44461d35697@group-EF222054BC57, cid=172, SUCCESS, logIndex=251, commits[cb20f782-9136-4144-a2ef-e44461d35697:c253]
2019-09-17 12:48:19,997 [grpc-default-executor-1] INFO  client.GrpcClientProtocolClient (GrpcClientProtocolClient.java:onNext(264)) - client-E41C008B94D2->cb20f782-9136-4144-a2ef-e44461d35697: receive RaftClientReply:client-E41C008B94D2->cb20f782-9136-4144-a2ef-e44461d35697@group-EF222054BC57, cid=173, SUCCESS, logIndex=254, commits[cb20f782-9136-4144-a2ef-e44461d35697:c257]
2019-09-17 12:48:19,998 [grpc-default-executor-1] INFO  client.GrpcClientProtocolClient (GrpcClientProtocolClient.java:onNext(264)) - client-E41C008B94D2->cb20f782-9136-4144-a2ef-e44461d35697: receive RaftClientReply:client-E41C008B94D2->cb20f782-9136-4144-a2ef-e44461d35697@group-EF222054BC57, cid=174, SUCCESS, logIndex=255, commits[cb20f782-9136-4144-a2ef-e44461d35697:c258]
2019-09-17 12:48:19,998 [grpc-default-executor-1] INFO  client.GrpcClientProtocolClient (GrpcClientProtocolClient.java:onNext(264)) - client-E41C008B94D2->cb20f782-9136-4144-a2ef-e44461d35697: receive RaftClientReply:client-E41C008B94D2->cb20f782-9136-4144-a2ef-e44461d35697@group-EF222054BC57, cid=175, SUCCESS, logIndex=256, commits[cb20f782-9136-4144-a2ef-e44461d35697:c258]
2019-09-17 12:48:19,999 [grpc-default-executor-1] INFO  client.GrpcClientProtocolClient (GrpcClientProtocolClient.java:onNext(264)) - client-E41C008B94D2->cb20f782-9136-4144-a2ef-e44461d35697: receive RaftClientReply:client-E41C008B94D2->cb20f782-9136-4144-a2ef-e44461d35697@group-EF222054BC57, cid=176, SUCCESS, logIndex=257, commits[cb20f782-9136-4144-a2ef-e44461d35697:c258]
2019-09-17 12:48:20,055 [SCMBlockDeletingService#0] DEBUG block.SCMBlockDeletingService (SCMBlockDeletingService.java:call(138)) - Running DeletedBlockTransactionScanner
2019-09-17 12:48:20,055 [SCMBlockDeletingService#0] DEBUG block.SCMBlockDeletingService (SCMBlockDeletingService.java:call(155)) - Scanned deleted blocks log and got 0 delTX to process.
2019-09-17 12:48:20,117 [grpc-default-executor-1] INFO  client.GrpcClientProtocolClient (GrpcClientProtocolClient.java:onNext(264)) - client-E41C008B94D2->cb20f782-9136-4144-a2ef-e44461d35697: receive RaftClientReply:client-E41C008B94D2->cb20f782-9136-4144-a2ef-e44461d35697@group-EF222054BC57, cid=177, SUCCESS, logIndex=259, commits[cb20f782-9136-4144-a2ef-e44461d35697:c260]
2019-09-17 12:48:20,118 [grpc-default-executor-1] INFO  client.GrpcClientProtocolClient (GrpcClientProtocolClient.java:onNext(264)) - client-E41C008B94D2->cb20f782-9136-4144-a2ef-e44461d35697: receive RaftClientReply:client-E41C008B94D2->cb20f782-9136-4144-a2ef-e44461d35697@group-EF222054BC57, cid=178, SUCCESS, logIndex=260, commits[cb20f782-9136-4144-a2ef-e44461d35697:c260]
2019-09-17 12:48:20,127 [grpc-default-executor-1] INFO  client.GrpcClientProtocolClient (GrpcClientProtocolClient.java:onNext(264)) - client-E41C008B94D2->cb20f782-9136-4144-a2ef-e44461d35697: receive RaftClientReply:client-E41C008B94D2->cb20f782-9136-4144-a2ef-e44461d35697@group-EF222054BC57, cid=179, SUCCESS, logIndex=261, commits[cb20f782-9136-4144-a2ef-e44461d35697:c262]
2019-09-17 12:48:20,128 [grpc-default-executor-1] INFO  client.GrpcClientProtocolClient (GrpcClientProtocolClient.java:onNext(264)) - client-E41C008B94D2->cb20f782-9136-4144-a2ef-e44461d35697: receive RaftClientReply:client-E41C008B94D2->cb20f782-9136-4144-a2ef-e44461d35697@group-EF222054BC57, cid=180, SUCCESS, logIndex=262, commits[cb20f782-9136-4144-a2ef-e44461d35697:c262]
2019-09-17 12:48:20,151 [grpc-default-executor-2] INFO  client.GrpcClientProtocolClient (GrpcClientProtocolClient.java:onNext(264)) - client-E41C008B94D2->cb20f782-9136-4144-a2ef-e44461d35697: receive RaftClientReply:client-E41C008B94D2->cb20f782-9136-4144-a2ef-e44461d35697@group-EF222054BC57, cid=181, SUCCESS, logIndex=265, commits[cb20f782-9136-4144-a2ef-e44461d35697:c266]
2019-09-17 12:48:20,152 [grpc-default-executor-2] INFO  client.GrpcClientProtocolClient (GrpcClientProtocolClient.java:onNext(264)) - client-E41C008B94D2->cb20f782-9136-4144-a2ef-e44461d35697: receive RaftClientReply:client-E41C008B94D2->cb20f782-9136-4144-a2ef-e44461d35697@group-EF222054BC57, cid=182, SUCCESS, logIndex=266, commits[cb20f782-9136-4144-a2ef-e44461d35697:c266]
2019-09-17 12:48:20,153 [grpc-default-executor-2] INFO  client.GrpcClientProtocolClient (GrpcClientProtocolClient.java:onNext(264)) - client-E41C008B94D2->cb20f782-9136-4144-a2ef-e44461d35697: receive RaftClientReply:client-E41C008B94D2->cb20f782-9136-4144-a2ef-e44461d35697@group-EF222054BC57, cid=183, SUCCESS, logIndex=267, commits[cb20f782-9136-4144-a2ef-e44461d35697:c268]
2019-09-17 12:48:20,153 [grpc-default-executor-2] INFO  client.GrpcClientProtocolClient (GrpcClientProtocolClient.java:onNext(264)) - client-E41C008B94D2->cb20f782-9136-4144-a2ef-e44461d35697: receive RaftClientReply:client-E41C008B94D2->cb20f782-9136-4144-a2ef-e44461d35697@group-EF222054BC57, cid=184, SUCCESS, logIndex=268, commits[cb20f782-9136-4144-a2ef-e44461d35697:c270]
2019-09-17 12:48:20,156 [SCMBlockDeletingService#0] DEBUG block.SCMBlockDeletingService (SCMBlockDeletingService.java:call(138)) - Running DeletedBlockTransactionScanner
2019-09-17 12:48:20,156 [SCMBlockDeletingService#0] DEBUG block.SCMBlockDeletingService (SCMBlockDeletingService.java:call(155)) - Scanned deleted blocks log and got 0 delTX to process.
2019-09-17 12:48:20,185 [grpc-default-executor-1] INFO  client.GrpcClientProtocolClient (GrpcClientProtocolClient.java:onNext(264)) - client-E41C008B94D2->cb20f782-9136-4144-a2ef-e44461d35697: receive RaftClientReply:client-E41C008B94D2->cb20f782-9136-4144-a2ef-e44461d35697@group-EF222054BC57, cid=185, SUCCESS, logIndex=271, commits[cb20f782-9136-4144-a2ef-e44461d35697:c274]
2019-09-17 12:48:20,185 [grpc-default-executor-1] INFO  client.GrpcClientProtocolClient (GrpcClientProtocolClient.java:onNext(264)) - client-E41C008B94D2->cb20f782-9136-4144-a2ef-e44461d35697: receive RaftClientReply:client-E41C008B94D2->cb20f782-9136-4144-a2ef-e44461d35697@group-EF222054BC57, cid=186, SUCCESS, logIndex=272, commits[cb20f782-9136-4144-a2ef-e44461d35697:c274]
2019-09-17 12:48:20,186 [grpc-default-executor-1] INFO  client.GrpcClientProtocolClient (GrpcClientProtocolClient.java:onNext(264)) - client-E41C008B94D2->cb20f782-9136-4144-a2ef-e44461d35697: receive RaftClientReply:client-E41C008B94D2->cb20f782-9136-4144-a2ef-e44461d35697@group-EF222054BC57, cid=187, SUCCESS, logIndex=273, commits[cb20f782-9136-4144-a2ef-e44461d35697:c275]
2019-09-17 12:48:20,186 [grpc-default-executor-1] INFO  client.GrpcClientProtocolClient (GrpcClientProtocolClient.java:onNext(264)) - client-E41C008B94D2->cb20f782-9136-4144-a2ef-e44461d35697: receive RaftClientReply:client-E41C008B94D2->cb20f782-9136-4144-a2ef-e44461d35697@group-EF222054BC57, cid=188, SUCCESS, logIndex=274, commits[cb20f782-9136-4144-a2ef-e44461d35697:c276]
2019-09-17 12:48:20,206 [grpc-default-executor-1] INFO  client.GrpcClientProtocolClient (GrpcClientProtocolClient.java:onNext(264)) - client-E41C008B94D2->cb20f782-9136-4144-a2ef-e44461d35697: receive RaftClientReply:client-E41C008B94D2->cb20f782-9136-4144-a2ef-e44461d35697@group-EF222054BC57, cid=189, SUCCESS, logIndex=277, commits[cb20f782-9136-4144-a2ef-e44461d35697:c278]
2019-09-17 12:48:20,207 [grpc-default-executor-1] INFO  client.GrpcClientProtocolClient (GrpcClientProtocolClient.java:onNext(264)) - client-E41C008B94D2->cb20f782-9136-4144-a2ef-e44461d35697: receive RaftClientReply:client-E41C008B94D2->cb20f782-9136-4144-a2ef-e44461d35697@group-EF222054BC57, cid=190, SUCCESS, logIndex=278, commits[cb20f782-9136-4144-a2ef-e44461d35697:c280]
2019-09-17 12:48:20,207 [grpc-default-executor-1] INFO  client.GrpcClientProtocolClient (GrpcClientProtocolClient.java:onNext(264)) - client-E41C008B94D2->cb20f782-9136-4144-a2ef-e44461d35697: receive RaftClientReply:client-E41C008B94D2->cb20f782-9136-4144-a2ef-e44461d35697@group-EF222054BC57, cid=191, SUCCESS, logIndex=279, commits[cb20f782-9136-4144-a2ef-e44461d35697:c281]
2019-09-17 12:48:20,208 [grpc-default-executor-1] INFO  client.GrpcClientProtocolClient (GrpcClientProtocolClient.java:onNext(264)) - client-E41C008B94D2->cb20f782-9136-4144-a2ef-e44461d35697: receive RaftClientReply:client-E41C008B94D2->cb20f782-9136-4144-a2ef-e44461d35697@group-EF222054BC57, cid=192, SUCCESS, logIndex=280, commits[cb20f782-9136-4144-a2ef-e44461d35697:c281]
2019-09-17 12:48:20,238 [grpc-default-executor-2] INFO  client.GrpcClientProtocolClient (GrpcClientProtocolClient.java:onNext(264)) - client-E41C008B94D2->cb20f782-9136-4144-a2ef-e44461d35697: receive RaftClientReply:client-E41C008B94D2->cb20f782-9136-4144-a2ef-e44461d35697@group-EF222054BC57, cid=193, SUCCESS, logIndex=283, commits[cb20f782-9136-4144-a2ef-e44461d35697:c284]
2019-09-17 12:48:20,238 [grpc-default-executor-2] INFO  client.GrpcClientProtocolClient (GrpcClientProtocolClient.java:onNext(264)) - client-E41C008B94D2->cb20f782-9136-4144-a2ef-e44461d35697: receive RaftClientReply:client-E41C008B94D2->cb20f782-9136-4144-a2ef-e44461d35697@group-EF222054BC57, cid=194, SUCCESS, logIndex=284, commits[cb20f782-9136-4144-a2ef-e44461d35697:c284]
2019-09-17 12:48:20,240 [grpc-default-executor-2] INFO  client.GrpcClientProtocolClient (GrpcClientProtocolClient.java:onNext(264)) - client-E41C008B94D2->cb20f782-9136-4144-a2ef-e44461d35697: receive RaftClientReply:client-E41C008B94D2->cb20f782-9136-4144-a2ef-e44461d35697@group-EF222054BC57, cid=195, SUCCESS, logIndex=285, commits[cb20f782-9136-4144-a2ef-e44461d35697:c286]
2019-09-17 12:48:20,240 [grpc-default-executor-2] INFO  client.GrpcClientProtocolClient (GrpcClientProtocolClient.java:onNext(264)) - client-E41C008B94D2->cb20f782-9136-4144-a2ef-e44461d35697: receive RaftClientReply:client-E41C008B94D2->cb20f782-9136-4144-a2ef-e44461d35697@group-EF222054BC57, cid=196, SUCCESS, logIndex=286, commits[cb20f782-9136-4144-a2ef-e44461d35697:c286]
2019-09-17 12:48:20,256 [SCMBlockDeletingService#0] DEBUG block.SCMBlockDeletingService (SCMBlockDeletingService.java:call(138)) - Running DeletedBlockTransactionScanner
2019-09-17 12:48:20,256 [SCMBlockDeletingService#0] DEBUG block.SCMBlockDeletingService (SCMBlockDeletingService.java:call(155)) - Scanned deleted blocks log and got 0 delTX to process.
2019-09-17 12:48:20,264 [grpc-default-executor-2] INFO  client.GrpcClientProtocolClient (GrpcClientProtocolClient.java:onNext(264)) - client-E41C008B94D2->cb20f782-9136-4144-a2ef-e44461d35697: receive RaftClientReply:client-E41C008B94D2->cb20f782-9136-4144-a2ef-e44461d35697@group-EF222054BC57, cid=197, SUCCESS, logIndex=289, commits[cb20f782-9136-4144-a2ef-e44461d35697:c292]
2019-09-17 12:48:20,265 [grpc-default-executor-2] INFO  client.GrpcClientProtocolClient (GrpcClientProtocolClient.java:onNext(264)) - client-E41C008B94D2->cb20f782-9136-4144-a2ef-e44461d35697: receive RaftClientReply:client-E41C008B94D2->cb20f782-9136-4144-a2ef-e44461d35697@group-EF222054BC57, cid=198, SUCCESS, logIndex=290, commits[cb20f782-9136-4144-a2ef-e44461d35697:c294]
2019-09-17 12:48:20,265 [grpc-default-executor-2] INFO  client.GrpcClientProtocolClient (GrpcClientProtocolClient.java:onNext(264)) - client-E41C008B94D2->cb20f782-9136-4144-a2ef-e44461d35697: receive RaftClientReply:client-E41C008B94D2->cb20f782-9136-4144-a2ef-e44461d35697@group-EF222054BC57, cid=199, SUCCESS, logIndex=291, commits[cb20f782-9136-4144-a2ef-e44461d35697:c294]
2019-09-17 12:48:20,266 [grpc-default-executor-2] INFO  client.GrpcClientProtocolClient (GrpcClientProtocolClient.java:onNext(264)) - client-E41C008B94D2->cb20f782-9136-4144-a2ef-e44461d35697: receive RaftClientReply:client-E41C008B94D2->cb20f782-9136-4144-a2ef-e44461d35697@group-EF222054BC57, cid=200, SUCCESS, logIndex=292, commits[cb20f782-9136-4144-a2ef-e44461d35697:c294]
2019-09-17 12:48:20,295 [grpc-default-executor-2] INFO  client.GrpcClientProtocolClient (GrpcClientProtocolClient.java:onNext(264)) - client-E41C008B94D2->cb20f782-9136-4144-a2ef-e44461d35697: receive RaftClientReply:client-E41C008B94D2->cb20f782-9136-4144-a2ef-e44461d35697@group-EF222054BC57, cid=201, SUCCESS, logIndex=295, commits[cb20f782-9136-4144-a2ef-e44461d35697:c298]
2019-09-17 12:48:20,296 [grpc-default-executor-2] INFO  client.GrpcClientProtocolClient (GrpcClientProtocolClient.java:onNext(264)) - client-E41C008B94D2->cb20f782-9136-4144-a2ef-e44461d35697: receive RaftClientReply:client-E41C008B94D2->cb20f782-9136-4144-a2ef-e44461d35697@group-EF222054BC57, cid=202, SUCCESS, logIndex=296, commits[cb20f782-9136-4144-a2ef-e44461d35697:c299]
2019-09-17 12:48:20,296 [grpc-default-executor-2] INFO  client.GrpcClientProtocolClient (GrpcClientProtocolClient.java:onNext(264)) - client-E41C008B94D2->cb20f782-9136-4144-a2ef-e44461d35697: receive RaftClientReply:client-E41C008B94D2->cb20f782-9136-4144-a2ef-e44461d35697@group-EF222054BC57, cid=203, SUCCESS, logIndex=297, commits[cb20f782-9136-4144-a2ef-e44461d35697:c300]
2019-09-17 12:48:20,297 [grpc-default-executor-2] INFO  client.GrpcClientProtocolClient (GrpcClientProtocolClient.java:onNext(264)) - client-E41C008B94D2->cb20f782-9136-4144-a2ef-e44461d35697: receive RaftClientReply:client-E41C008B94D2->cb20f782-9136-4144-a2ef-e44461d35697@group-EF222054BC57, cid=204, SUCCESS, logIndex=298, commits[cb20f782-9136-4144-a2ef-e44461d35697:c300]
2019-09-17 12:48:20,313 [grpc-default-executor-2] INFO  client.GrpcClientProtocolClient (GrpcClientProtocolClient.java:onNext(264)) - client-E41C008B94D2->cb20f782-9136-4144-a2ef-e44461d35697: receive RaftClientReply:client-E41C008B94D2->cb20f782-9136-4144-a2ef-e44461d35697@group-EF222054BC57, cid=205, SUCCESS, logIndex=301, commits[cb20f782-9136-4144-a2ef-e44461d35697:c302]
2019-09-17 12:48:20,313 [grpc-default-executor-2] INFO  client.GrpcClientProtocolClient (GrpcClientProtocolClient.java:onNext(264)) - client-E41C008B94D2->cb20f782-9136-4144-a2ef-e44461d35697: receive RaftClientReply:client-E41C008B94D2->cb20f782-9136-4144-a2ef-e44461d35697@group-EF222054BC57, cid=206, SUCCESS, logIndex=302, commits[cb20f782-9136-4144-a2ef-e44461d35697:c305]
2019-09-17 12:48:20,314 [grpc-default-executor-2] INFO  client.GrpcClientProtocolClient (GrpcClientProtocolClient.java:onNext(264)) - client-E41C008B94D2->cb20f782-9136-4144-a2ef-e44461d35697: receive RaftClientReply:client-E41C008B94D2->cb20f782-9136-4144-a2ef-e44461d35697@group-EF222054BC57, cid=207, SUCCESS, logIndex=303, commits[cb20f782-9136-4144-a2ef-e44461d35697:c305]
2019-09-17 12:48:20,314 [grpc-default-executor-2] INFO  client.GrpcClientProtocolClient (GrpcClientProtocolClient.java:onNext(264)) - client-E41C008B94D2->cb20f782-9136-4144-a2ef-e44461d35697: receive RaftClientReply:client-E41C008B94D2->cb20f782-9136-4144-a2ef-e44461d35697@group-EF222054BC57, cid=208, SUCCESS, logIndex=304, commits[cb20f782-9136-4144-a2ef-e44461d35697:c305]
2019-09-17 12:48:20,343 [grpc-default-executor-2] INFO  client.GrpcClientProtocolClient (GrpcClientProtocolClient.java:onNext(264)) - client-E41C008B94D2->cb20f782-9136-4144-a2ef-e44461d35697: receive RaftClientReply:client-E41C008B94D2->cb20f782-9136-4144-a2ef-e44461d35697@group-EF222054BC57, cid=209, SUCCESS, logIndex=307, commits[cb20f782-9136-4144-a2ef-e44461d35697:c308]
2019-09-17 12:48:20,344 [grpc-default-executor-2] INFO  client.GrpcClientProtocolClient (GrpcClientProtocolClient.java:onNext(264)) - client-E41C008B94D2->cb20f782-9136-4144-a2ef-e44461d35697: receive RaftClientReply:client-E41C008B94D2->cb20f782-9136-4144-a2ef-e44461d35697@group-EF222054BC57, cid=210, SUCCESS, logIndex=308, commits[cb20f782-9136-4144-a2ef-e44461d35697:c308]
2019-09-17 12:48:20,345 [grpc-default-executor-2] INFO  client.GrpcClientProtocolClient (GrpcClientProtocolClient.java:onNext(264)) - client-E41C008B94D2->cb20f782-9136-4144-a2ef-e44461d35697: receive RaftClientReply:client-E41C008B94D2->cb20f782-9136-4144-a2ef-e44461d35697@group-EF222054BC57, cid=211, SUCCESS, logIndex=309, commits[cb20f782-9136-4144-a2ef-e44461d35697:c310]
2019-09-17 12:48:20,345 [grpc-default-executor-2] INFO  client.GrpcClientProtocolClient (GrpcClientProtocolClient.java:onNext(264)) - client-E41C008B94D2->cb20f782-9136-4144-a2ef-e44461d35697: receive RaftClientReply:client-E41C008B94D2->cb20f782-9136-4144-a2ef-e44461d35697@group-EF222054BC57, cid=212, SUCCESS, logIndex=310, commits[cb20f782-9136-4144-a2ef-e44461d35697:c310]
2019-09-17 12:48:20,357 [SCMBlockDeletingService#0] DEBUG block.SCMBlockDeletingService (SCMBlockDeletingService.java:call(138)) - Running DeletedBlockTransactionScanner
2019-09-17 12:48:20,357 [SCMBlockDeletingService#0] DEBUG block.SCMBlockDeletingService (SCMBlockDeletingService.java:call(155)) - Scanned deleted blocks log and got 0 delTX to process.
2019-09-17 12:48:20,359 [grpc-default-executor-2] INFO  client.GrpcClientProtocolClient (GrpcClientProtocolClient.java:onNext(264)) - client-E41C008B94D2->cb20f782-9136-4144-a2ef-e44461d35697: receive RaftClientReply:client-E41C008B94D2->cb20f782-9136-4144-a2ef-e44461d35697@group-EF222054BC57, cid=213, SUCCESS, logIndex=313, commits[cb20f782-9136-4144-a2ef-e44461d35697:c314]
2019-09-17 12:48:20,359 [grpc-default-executor-2] INFO  client.GrpcClientProtocolClient (GrpcClientProtocolClient.java:onNext(264)) - client-E41C008B94D2->cb20f782-9136-4144-a2ef-e44461d35697: receive RaftClientReply:client-E41C008B94D2->cb20f782-9136-4144-a2ef-e44461d35697@group-EF222054BC57, cid=214, SUCCESS, logIndex=314, commits[cb20f782-9136-4144-a2ef-e44461d35697:c315]
2019-09-17 12:48:20,371 [grpc-default-executor-2] INFO  client.GrpcClientProtocolClient (GrpcClientProtocolClient.java:onNext(264)) - client-E41C008B94D2->cb20f782-9136-4144-a2ef-e44461d35697: receive RaftClientReply:client-E41C008B94D2->cb20f782-9136-4144-a2ef-e44461d35697@group-EF222054BC57, cid=215, SUCCESS, logIndex=316, commits[cb20f782-9136-4144-a2ef-e44461d35697:c317]
2019-09-17 12:48:20,372 [grpc-default-executor-2] INFO  client.GrpcClientProtocolClient (GrpcClientProtocolClient.java:onNext(264)) - client-E41C008B94D2->cb20f782-9136-4144-a2ef-e44461d35697: receive RaftClientReply:client-E41C008B94D2->cb20f782-9136-4144-a2ef-e44461d35697@group-EF222054BC57, cid=216, SUCCESS, logIndex=317, commits[cb20f782-9136-4144-a2ef-e44461d35697:c318]
2019-09-17 12:48:20,402 [grpc-default-executor-2] INFO  client.GrpcClientProtocolClient (GrpcClientProtocolClient.java:onNext(264)) - client-E41C008B94D2->cb20f782-9136-4144-a2ef-e44461d35697: receive RaftClientReply:client-E41C008B94D2->cb20f782-9136-4144-a2ef-e44461d35697@group-EF222054BC57, cid=217, SUCCESS, logIndex=319, commits[cb20f782-9136-4144-a2ef-e44461d35697:c322]
2019-09-17 12:48:20,403 [grpc-default-executor-2] INFO  client.GrpcClientProtocolClient (GrpcClientProtocolClient.java:onNext(264)) - client-E41C008B94D2->cb20f782-9136-4144-a2ef-e44461d35697: receive RaftClientReply:client-E41C008B94D2->cb20f782-9136-4144-a2ef-e44461d35697@group-EF222054BC57, cid=218, SUCCESS, logIndex=320, commits[cb20f782-9136-4144-a2ef-e44461d35697:c323]
2019-09-17 12:48:20,403 [grpc-default-executor-2] INFO  client.GrpcClientProtocolClient (GrpcClientProtocolClient.java:onNext(264)) - client-E41C008B94D2->cb20f782-9136-4144-a2ef-e44461d35697: receive RaftClientReply:client-E41C008B94D2->cb20f782-9136-4144-a2ef-e44461d35697@group-EF222054BC57, cid=219, SUCCESS, logIndex=321, commits[cb20f782-9136-4144-a2ef-e44461d35697:c324]
2019-09-17 12:48:20,404 [grpc-default-executor-2] INFO  client.GrpcClientProtocolClient (GrpcClientProtocolClient.java:onNext(264)) - client-E41C008B94D2->cb20f782-9136-4144-a2ef-e44461d35697: receive RaftClientReply:client-E41C008B94D2->cb20f782-9136-4144-a2ef-e44461d35697@group-EF222054BC57, cid=220, SUCCESS, logIndex=322, commits[cb20f782-9136-4144-a2ef-e44461d35697:c324]
2019-09-17 12:48:20,458 [SCMBlockDeletingService#0] DEBUG block.SCMBlockDeletingService (SCMBlockDeletingService.java:call(138)) - Running DeletedBlockTransactionScanner
2019-09-17 12:48:20,458 [SCMBlockDeletingService#0] DEBUG block.SCMBlockDeletingService (SCMBlockDeletingService.java:call(155)) - Scanned deleted blocks log and got 0 delTX to process.
2019-09-17 12:48:20,510 [grpc-default-executor-1] INFO  client.GrpcClientProtocolClient (GrpcClientProtocolClient.java:onNext(264)) - client-E41C008B94D2->cb20f782-9136-4144-a2ef-e44461d35697: receive RaftClientReply:client-E41C008B94D2->cb20f782-9136-4144-a2ef-e44461d35697@group-EF222054BC57, cid=221, SUCCESS, logIndex=325, commits[cb20f782-9136-4144-a2ef-e44461d35697:c328]
2019-09-17 12:48:20,511 [grpc-default-executor-1] INFO  client.GrpcClientProtocolClient (GrpcClientProtocolClient.java:onNext(264)) - client-E41C008B94D2->cb20f782-9136-4144-a2ef-e44461d35697: receive RaftClientReply:client-E41C008B94D2->cb20f782-9136-4144-a2ef-e44461d35697@group-EF222054BC57, cid=222, SUCCESS, logIndex=326, commits[cb20f782-9136-4144-a2ef-e44461d35697:c329]
2019-09-17 12:48:20,512 [grpc-default-executor-1] INFO  client.GrpcClientProtocolClient (GrpcClientProtocolClient.java:onNext(264)) - client-E41C008B94D2->cb20f782-9136-4144-a2ef-e44461d35697: receive RaftClientReply:client-E41C008B94D2->cb20f782-9136-4144-a2ef-e44461d35697@group-EF222054BC57, cid=223, SUCCESS, logIndex=327, commits[cb20f782-9136-4144-a2ef-e44461d35697:c330]
2019-09-17 12:48:20,512 [grpc-default-executor-1] INFO  client.GrpcClientProtocolClient (GrpcClientProtocolClient.java:onNext(264)) - client-E41C008B94D2->cb20f782-9136-4144-a2ef-e44461d35697: receive RaftClientReply:client-E41C008B94D2->cb20f782-9136-4144-a2ef-e44461d35697@group-EF222054BC57, cid=224, SUCCESS, logIndex=328, commits[cb20f782-9136-4144-a2ef-e44461d35697:c330]
2019-09-17 12:48:20,541 [grpc-default-executor-2] INFO  client.GrpcClientProtocolClient (GrpcClientProtocolClient.java:onNext(264)) - client-E41C008B94D2->cb20f782-9136-4144-a2ef-e44461d35697: receive RaftClientReply:client-E41C008B94D2->cb20f782-9136-4144-a2ef-e44461d35697@group-EF222054BC57, cid=225, SUCCESS, logIndex=331, commits[cb20f782-9136-4144-a2ef-e44461d35697:c332]
2019-09-17 12:48:20,542 [grpc-default-executor-2] INFO  client.GrpcClientProtocolClient (GrpcClientProtocolClient.java:onNext(264)) - client-E41C008B94D2->cb20f782-9136-4144-a2ef-e44461d35697: receive RaftClientReply:client-E41C008B94D2->cb20f782-9136-4144-a2ef-e44461d35697@group-EF222054BC57, cid=226, SUCCESS, logIndex=332, commits[cb20f782-9136-4144-a2ef-e44461d35697:c332]
2019-09-17 12:48:20,543 [grpc-default-executor-2] INFO  client.GrpcClientProtocolClient (GrpcClientProtocolClient.java:onNext(264)) - client-E41C008B94D2->cb20f782-9136-4144-a2ef-e44461d35697: receive RaftClientReply:client-E41C008B94D2->cb20f782-9136-4144-a2ef-e44461d35697@group-EF222054BC57, cid=227, SUCCESS, logIndex=333, commits[cb20f782-9136-4144-a2ef-e44461d35697:c334]
2019-09-17 12:48:20,544 [grpc-default-executor-2] INFO  client.GrpcClientProtocolClient (GrpcClientProtocolClient.java:onNext(264)) - client-E41C008B94D2->cb20f782-9136-4144-a2ef-e44461d35697: receive RaftClientReply:client-E41C008B94D2->cb20f782-9136-4144-a2ef-e44461d35697@group-EF222054BC57, cid=228, SUCCESS, logIndex=334, commits[cb20f782-9136-4144-a2ef-e44461d35697:c334]
2019-09-17 12:48:20,555 [grpc-default-executor-2] INFO  client.GrpcClientProtocolClient (GrpcClientProtocolClient.java:onNext(264)) - client-E41C008B94D2->cb20f782-9136-4144-a2ef-e44461d35697: receive RaftClientReply:client-E41C008B94D2->cb20f782-9136-4144-a2ef-e44461d35697@group-EF222054BC57, cid=229, SUCCESS, logIndex=337, commits[cb20f782-9136-4144-a2ef-e44461d35697:c338]
2019-09-17 12:48:20,556 [grpc-default-executor-2] INFO  client.GrpcClientProtocolClient (GrpcClientProtocolClient.java:onNext(264)) - client-E41C008B94D2->cb20f782-9136-4144-a2ef-e44461d35697: receive RaftClientReply:client-E41C008B94D2->cb20f782-9136-4144-a2ef-e44461d35697@group-EF222054BC57, cid=230, SUCCESS, logIndex=338, commits[cb20f782-9136-4144-a2ef-e44461d35697:c338]
2019-09-17 12:48:20,558 [SCMBlockDeletingService#0] DEBUG block.SCMBlockDeletingService (SCMBlockDeletingService.java:call(138)) - Running DeletedBlockTransactionScanner
2019-09-17 12:48:20,559 [SCMBlockDeletingService#0] DEBUG block.SCMBlockDeletingService (SCMBlockDeletingService.java:call(155)) - Scanned deleted blocks log and got 0 delTX to process.
2019-09-17 12:48:20,574 [grpc-default-executor-2] INFO  client.GrpcClientProtocolClient (GrpcClientProtocolClient.java:onNext(264)) - client-E41C008B94D2->cb20f782-9136-4144-a2ef-e44461d35697: receive RaftClientReply:client-E41C008B94D2->cb20f782-9136-4144-a2ef-e44461d35697@group-EF222054BC57, cid=231, SUCCESS, logIndex=339, commits[cb20f782-9136-4144-a2ef-e44461d35697:c341]
2019-09-17 12:48:20,574 [grpc-default-executor-2] INFO  client.GrpcClientProtocolClient (GrpcClientProtocolClient.java:onNext(264)) - client-E41C008B94D2->cb20f782-9136-4144-a2ef-e44461d35697: receive RaftClientReply:client-E41C008B94D2->cb20f782-9136-4144-a2ef-e44461d35697@group-EF222054BC57, cid=232, SUCCESS, logIndex=340, commits[cb20f782-9136-4144-a2ef-e44461d35697:c341]
2019-09-17 12:48:20,604 [grpc-default-executor-2] INFO  client.GrpcClientProtocolClient (GrpcClientProtocolClient.java:onNext(264)) - client-E41C008B94D2->cb20f782-9136-4144-a2ef-e44461d35697: receive RaftClientReply:client-E41C008B94D2->cb20f782-9136-4144-a2ef-e44461d35697@group-EF222054BC57, cid=233, SUCCESS, logIndex=342, commits[cb20f782-9136-4144-a2ef-e44461d35697:c343]
2019-09-17 12:48:20,604 [grpc-default-executor-2] INFO  client.GrpcClientProtocolClient (GrpcClientProtocolClient.java:onNext(264)) - client-E41C008B94D2->cb20f782-9136-4144-a2ef-e44461d35697: receive RaftClientReply:client-E41C008B94D2->cb20f782-9136-4144-a2ef-e44461d35697@group-EF222054BC57, cid=234, SUCCESS, logIndex=343, commits[cb20f782-9136-4144-a2ef-e44461d35697:c346]
2019-09-17 12:48:20,605 [grpc-default-executor-2] INFO  client.GrpcClientProtocolClient (GrpcClientProtocolClient.java:onNext(264)) - client-E41C008B94D2->cb20f782-9136-4144-a2ef-e44461d35697: receive RaftClientReply:client-E41C008B94D2->cb20f782-9136-4144-a2ef-e44461d35697@group-EF222054BC57, cid=235, SUCCESS, logIndex=344, commits[cb20f782-9136-4144-a2ef-e44461d35697:c346]
2019-09-17 12:48:20,605 [grpc-default-executor-2] INFO  client.GrpcClientProtocolClient (GrpcClientProtocolClient.java:onNext(264)) - client-E41C008B94D2->cb20f782-9136-4144-a2ef-e44461d35697: receive RaftClientReply:client-E41C008B94D2->cb20f782-9136-4144-a2ef-e44461d35697@group-EF222054BC57, cid=236, SUCCESS, logIndex=345, commits[cb20f782-9136-4144-a2ef-e44461d35697:c346]
2019-09-17 12:48:20,627 [grpc-default-executor-2] INFO  client.GrpcClientProtocolClient (GrpcClientProtocolClient.java:onNext(264)) - client-E41C008B94D2->cb20f782-9136-4144-a2ef-e44461d35697: receive RaftClientReply:client-E41C008B94D2->cb20f782-9136-4144-a2ef-e44461d35697@group-EF222054BC57, cid=237, SUCCESS, logIndex=348, commits[cb20f782-9136-4144-a2ef-e44461d35697:c349]
2019-09-17 12:48:20,627 [grpc-default-executor-2] INFO  client.GrpcClientProtocolClient (GrpcClientProtocolClient.java:onNext(264)) - client-E41C008B94D2->cb20f782-9136-4144-a2ef-e44461d35697: receive RaftClientReply:client-E41C008B94D2->cb20f782-9136-4144-a2ef-e44461d35697@group-EF222054BC57, cid=238, SUCCESS, logIndex=349, commits[cb20f782-9136-4144-a2ef-e44461d35697:c349]
2019-09-17 12:48:20,628 [grpc-default-executor-2] INFO  client.GrpcClientProtocolClient (GrpcClientProtocolClient.java:onNext(264)) - client-E41C008B94D2->cb20f782-9136-4144-a2ef-e44461d35697: receive RaftClientReply:client-E41C008B94D2->cb20f782-9136-4144-a2ef-e44461d35697@group-EF222054BC57, cid=239, SUCCESS, logIndex=350, commits[cb20f782-9136-4144-a2ef-e44461d35697:c351]
2019-09-17 12:48:20,629 [grpc-default-executor-2] INFO  client.GrpcClientProtocolClient (GrpcClientProtocolClient.java:onNext(264)) - client-E41C008B94D2->cb20f782-9136-4144-a2ef-e44461d35697: receive RaftClientReply:client-E41C008B94D2->cb20f782-9136-4144-a2ef-e44461d35697@group-EF222054BC57, cid=240, SUCCESS, logIndex=351, commits[cb20f782-9136-4144-a2ef-e44461d35697:c351]
2019-09-17 12:48:20,659 [SCMBlockDeletingService#0] DEBUG block.SCMBlockDeletingService (SCMBlockDeletingService.java:call(138)) - Running DeletedBlockTransactionScanner
2019-09-17 12:48:20,659 [SCMBlockDeletingService#0] DEBUG block.SCMBlockDeletingService (SCMBlockDeletingService.java:call(155)) - Scanned deleted blocks log and got 0 delTX to process.
2019-09-17 12:48:20,661 [grpc-default-executor-2] INFO  client.GrpcClientProtocolClient (GrpcClientProtocolClient.java:onNext(264)) - client-E41C008B94D2->cb20f782-9136-4144-a2ef-e44461d35697: receive RaftClientReply:client-E41C008B94D2->cb20f782-9136-4144-a2ef-e44461d35697@group-EF222054BC57, cid=241, SUCCESS, logIndex=354, commits[cb20f782-9136-4144-a2ef-e44461d35697:c357]
2019-09-17 12:48:20,662 [grpc-default-executor-2] INFO  client.GrpcClientProtocolClient (GrpcClientProtocolClient.java:onNext(264)) - client-E41C008B94D2->cb20f782-9136-4144-a2ef-e44461d35697: receive RaftClientReply:client-E41C008B94D2->cb20f782-9136-4144-a2ef-e44461d35697@group-EF222054BC57, cid=242, SUCCESS, logIndex=355, commits[cb20f782-9136-4144-a2ef-e44461d35697:c358]
2019-09-17 12:48:20,662 [grpc-default-executor-2] INFO  client.GrpcClientProtocolClient (GrpcClientProtocolClient.java:onNext(264)) - client-E41C008B94D2->cb20f782-9136-4144-a2ef-e44461d35697: receive RaftClientReply:client-E41C008B94D2->cb20f782-9136-4144-a2ef-e44461d35697@group-EF222054BC57, cid=243, SUCCESS, logIndex=356, commits[cb20f782-9136-4144-a2ef-e44461d35697:c359]
2019-09-17 12:48:20,663 [grpc-default-executor-2] INFO  client.GrpcClientProtocolClient (GrpcClientProtocolClient.java:onNext(264)) - client-E41C008B94D2->cb20f782-9136-4144-a2ef-e44461d35697: receive RaftClientReply:client-E41C008B94D2->cb20f782-9136-4144-a2ef-e44461d35697@group-EF222054BC57, cid=244, SUCCESS, logIndex=357, commits[cb20f782-9136-4144-a2ef-e44461d35697:c359]
2019-09-17 12:48:20,687 [grpc-default-executor-2] INFO  client.GrpcClientProtocolClient (GrpcClientProtocolClient.java:onNext(264)) - client-E41C008B94D2->cb20f782-9136-4144-a2ef-e44461d35697: receive RaftClientReply:client-E41C008B94D2->cb20f782-9136-4144-a2ef-e44461d35697@group-EF222054BC57, cid=245, SUCCESS, logIndex=360, commits[cb20f782-9136-4144-a2ef-e44461d35697:c361]
2019-09-17 12:48:20,688 [grpc-default-executor-2] INFO  client.GrpcClientProtocolClient (GrpcClientProtocolClient.java:onNext(264)) - client-E41C008B94D2->cb20f782-9136-4144-a2ef-e44461d35697: receive RaftClientReply:client-E41C008B94D2->cb20f782-9136-4144-a2ef-e44461d35697@group-EF222054BC57, cid=246, SUCCESS, logIndex=361, commits[cb20f782-9136-4144-a2ef-e44461d35697:c361]
2019-09-17 12:48:20,697 [grpc-default-executor-2] INFO  client.GrpcClientProtocolClient (GrpcClientProtocolClient.java:onNext(264)) - client-E41C008B94D2->cb20f782-9136-4144-a2ef-e44461d35697: receive RaftClientReply:client-E41C008B94D2->cb20f782-9136-4144-a2ef-e44461d35697@group-EF222054BC57, cid=247, SUCCESS, logIndex=362, commits[cb20f782-9136-4144-a2ef-e44461d35697:c363]
2019-09-17 12:48:20,698 [grpc-default-executor-2] INFO  client.GrpcClientProtocolClient (GrpcClientProtocolClient.java:onNext(264)) - client-E41C008B94D2->cb20f782-9136-4144-a2ef-e44461d35697: receive RaftClientReply:client-E41C008B94D2->cb20f782-9136-4144-a2ef-e44461d35697@group-EF222054BC57, cid=248, SUCCESS, logIndex=363, commits[cb20f782-9136-4144-a2ef-e44461d35697:c364]
2019-09-17 12:48:20,738 [grpc-default-executor-2] INFO  client.GrpcClientProtocolClient (GrpcClientProtocolClient.java:onNext(264)) - client-E41C008B94D2->cb20f782-9136-4144-a2ef-e44461d35697: receive RaftClientReply:client-E41C008B94D2->cb20f782-9136-4144-a2ef-e44461d35697@group-EF222054BC57, cid=249, SUCCESS, logIndex=366, commits[cb20f782-9136-4144-a2ef-e44461d35697:c367]
2019-09-17 12:48:20,739 [grpc-default-executor-2] INFO  client.GrpcClientProtocolClient (GrpcClientProtocolClient.java:onNext(264)) - client-E41C008B94D2->cb20f782-9136-4144-a2ef-e44461d35697: receive RaftClientReply:client-E41C008B94D2->cb20f782-9136-4144-a2ef-e44461d35697@group-EF222054BC57, cid=250, SUCCESS, logIndex=367, commits[cb20f782-9136-4144-a2ef-e44461d35697:c370]
2019-09-17 12:48:20,739 [grpc-default-executor-2] INFO  client.GrpcClientProtocolClient (GrpcClientProtocolClient.java:onNext(264)) - client-E41C008B94D2->cb20f782-9136-4144-a2ef-e44461d35697: receive RaftClientReply:client-E41C008B94D2->cb20f782-9136-4144-a2ef-e44461d35697@group-EF222054BC57, cid=251, SUCCESS, logIndex=368, commits[cb20f782-9136-4144-a2ef-e44461d35697:c371]
2019-09-17 12:48:20,740 [grpc-default-executor-2] INFO  client.GrpcClientProtocolClient (GrpcClientProtocolClient.java:onNext(264)) - client-E41C008B94D2->cb20f782-9136-4144-a2ef-e44461d35697: receive RaftClientReply:client-E41C008B94D2->cb20f782-9136-4144-a2ef-e44461d35697@group-EF222054BC57, cid=252, SUCCESS, logIndex=369, commits[cb20f782-9136-4144-a2ef-e44461d35697:c371]
2019-09-17 12:48:20,756 [grpc-default-executor-2] INFO  client.GrpcClientProtocolClient (GrpcClientProtocolClient.java:onNext(264)) - client-E41C008B94D2->cb20f782-9136-4144-a2ef-e44461d35697: receive RaftClientReply:client-E41C008B94D2->cb20f782-9136-4144-a2ef-e44461d35697@group-EF222054BC57, cid=253, SUCCESS, logIndex=372, commits[cb20f782-9136-4144-a2ef-e44461d35697:c375]
2019-09-17 12:48:20,757 [grpc-default-executor-2] INFO  client.GrpcClientProtocolClient (GrpcClientProtocolClient.java:onNext(264)) - client-E41C008B94D2->cb20f782-9136-4144-a2ef-e44461d35697: receive RaftClientReply:client-E41C008B94D2->cb20f782-9136-4144-a2ef-e44461d35697@group-EF222054BC57, cid=254, SUCCESS, logIndex=373, commits[cb20f782-9136-4144-a2ef-e44461d35697:c376]
2019-09-17 12:48:20,758 [grpc-default-executor-2] INFO  client.GrpcClientProtocolClient (GrpcClientProtocolClient.java:onNext(264)) - client-E41C008B94D2->cb20f782-9136-4144-a2ef-e44461d35697: receive RaftClientReply:client-E41C008B94D2->cb20f782-9136-4144-a2ef-e44461d35697@group-EF222054BC57, cid=255, SUCCESS, logIndex=374, commits[cb20f782-9136-4144-a2ef-e44461d35697:c376]
2019-09-17 12:48:20,758 [grpc-default-executor-2] INFO  client.GrpcClientProtocolClient (GrpcClientProtocolClient.java:onNext(264)) - client-E41C008B94D2->cb20f782-9136-4144-a2ef-e44461d35697: receive RaftClientReply:client-E41C008B94D2->cb20f782-9136-4144-a2ef-e44461d35697@group-EF222054BC57, cid=256, SUCCESS, logIndex=375, commits[cb20f782-9136-4144-a2ef-e44461d35697:c377]
2019-09-17 12:48:20,760 [SCMBlockDeletingService#0] DEBUG block.SCMBlockDeletingService (SCMBlockDeletingService.java:call(138)) - Running DeletedBlockTransactionScanner
2019-09-17 12:48:20,760 [SCMBlockDeletingService#0] DEBUG block.SCMBlockDeletingService (SCMBlockDeletingService.java:call(155)) - Scanned deleted blocks log and got 0 delTX to process.
2019-09-17 12:48:20,788 [grpc-default-executor-2] INFO  client.GrpcClientProtocolClient (GrpcClientProtocolClient.java:onNext(264)) - client-E41C008B94D2->cb20f782-9136-4144-a2ef-e44461d35697: receive RaftClientReply:client-E41C008B94D2->cb20f782-9136-4144-a2ef-e44461d35697@group-EF222054BC57, cid=257, SUCCESS, logIndex=378, commits[cb20f782-9136-4144-a2ef-e44461d35697:c379]
2019-09-17 12:48:20,789 [grpc-default-executor-2] INFO  client.GrpcClientProtocolClient (GrpcClientProtocolClient.java:onNext(264)) - client-E41C008B94D2->cb20f782-9136-4144-a2ef-e44461d35697: receive RaftClientReply:client-E41C008B94D2->cb20f782-9136-4144-a2ef-e44461d35697@group-EF222054BC57, cid=258, SUCCESS, logIndex=379, commits[cb20f782-9136-4144-a2ef-e44461d35697:c381]
2019-09-17 12:48:20,790 [grpc-default-executor-2] INFO  client.GrpcClientProtocolClient (GrpcClientProtocolClient.java:onNext(264)) - client-E41C008B94D2->cb20f782-9136-4144-a2ef-e44461d35697: receive RaftClientReply:client-E41C008B94D2->cb20f782-9136-4144-a2ef-e44461d35697@group-EF222054BC57, cid=259, SUCCESS, logIndex=380, commits[cb20f782-9136-4144-a2ef-e44461d35697:c382]
2019-09-17 12:48:20,790 [grpc-default-executor-2] INFO  client.GrpcClientProtocolClient (GrpcClientProtocolClient.java:onNext(264)) - client-E41C008B94D2->cb20f782-9136-4144-a2ef-e44461d35697: receive RaftClientReply:client-E41C008B94D2->cb20f782-9136-4144-a2ef-e44461d35697@group-EF222054BC57, cid=260, SUCCESS, logIndex=381, commits[cb20f782-9136-4144-a2ef-e44461d35697:c382]
2019-09-17 12:48:20,812 [grpc-default-executor-2] INFO  client.GrpcClientProtocolClient (GrpcClientProtocolClient.java:onNext(264)) - client-E41C008B94D2->cb20f782-9136-4144-a2ef-e44461d35697: receive RaftClientReply:client-E41C008B94D2->cb20f782-9136-4144-a2ef-e44461d35697@group-EF222054BC57, cid=261, SUCCESS, logIndex=384, commits[cb20f782-9136-4144-a2ef-e44461d35697:c385]
2019-09-17 12:48:20,812 [grpc-default-executor-2] INFO  client.GrpcClientProtocolClient (GrpcClientProtocolClient.java:onNext(264)) - client-E41C008B94D2->cb20f782-9136-4144-a2ef-e44461d35697: receive RaftClientReply:client-E41C008B94D2->cb20f782-9136-4144-a2ef-e44461d35697@group-EF222054BC57, cid=262, SUCCESS, logIndex=385, commits[cb20f782-9136-4144-a2ef-e44461d35697:c387]
2019-09-17 12:48:20,813 [grpc-default-executor-2] INFO  client.GrpcClientProtocolClient (GrpcClientProtocolClient.java:onNext(264)) - client-E41C008B94D2->cb20f782-9136-4144-a2ef-e44461d35697: receive RaftClientReply:client-E41C008B94D2->cb20f782-9136-4144-a2ef-e44461d35697@group-EF222054BC57, cid=263, SUCCESS, logIndex=386, commits[cb20f782-9136-4144-a2ef-e44461d35697:c388]
2019-09-17 12:48:20,814 [grpc-default-executor-2] INFO  client.GrpcClientProtocolClient (GrpcClientProtocolClient.java:onNext(264)) - client-E41C008B94D2->cb20f782-9136-4144-a2ef-e44461d35697: receive RaftClientReply:client-E41C008B94D2->cb20f782-9136-4144-a2ef-e44461d35697@group-EF222054BC57, cid=264, SUCCESS, logIndex=387, commits[cb20f782-9136-4144-a2ef-e44461d35697:c388]
2019-09-17 12:48:20,992 [SCMBlockDeletingService#0] DEBUG block.SCMBlockDeletingService (SCMBlockDeletingService.java:call(138)) - Running DeletedBlockTransactionScanner
2019-09-17 12:48:20,993 [SCMBlockDeletingService#0] DEBUG block.SCMBlockDeletingService (SCMBlockDeletingService.java:call(155)) - Scanned deleted blocks log and got 0 delTX to process.
2019-09-17 12:48:21,093 [SCMBlockDeletingService#0] DEBUG block.SCMBlockDeletingService (SCMBlockDeletingService.java:call(138)) - Running DeletedBlockTransactionScanner
2019-09-17 12:48:21,094 [SCMBlockDeletingService#0] DEBUG block.SCMBlockDeletingService (SCMBlockDeletingService.java:call(155)) - Scanned deleted blocks log and got 0 delTX to process.
2019-09-17 12:48:21,129 [grpc-default-executor-1] INFO  client.GrpcClientProtocolClient (GrpcClientProtocolClient.java:onNext(264)) - client-E41C008B94D2->cb20f782-9136-4144-a2ef-e44461d35697: receive RaftClientReply:client-E41C008B94D2->cb20f782-9136-4144-a2ef-e44461d35697@group-EF222054BC57, cid=265, SUCCESS, logIndex=390, commits[cb20f782-9136-4144-a2ef-e44461d35697:c391]
2019-09-17 12:48:21,130 [grpc-default-executor-1] INFO  client.GrpcClientProtocolClient (GrpcClientProtocolClient.java:onNext(264)) - client-E41C008B94D2->cb20f782-9136-4144-a2ef-e44461d35697: receive RaftClientReply:client-E41C008B94D2->cb20f782-9136-4144-a2ef-e44461d35697@group-EF222054BC57, cid=266, SUCCESS, logIndex=391, commits[cb20f782-9136-4144-a2ef-e44461d35697:c391]
2019-09-17 12:48:21,139 [grpc-default-executor-1] INFO  client.GrpcClientProtocolClient (GrpcClientProtocolClient.java:onNext(264)) - client-E41C008B94D2->cb20f782-9136-4144-a2ef-e44461d35697: receive RaftClientReply:client-E41C008B94D2->cb20f782-9136-4144-a2ef-e44461d35697@group-EF222054BC57, cid=267, SUCCESS, logIndex=392, commits[cb20f782-9136-4144-a2ef-e44461d35697:c393]
2019-09-17 12:48:21,140 [grpc-default-executor-1] INFO  client.GrpcClientProtocolClient (GrpcClientProtocolClient.java:onNext(264)) - client-E41C008B94D2->cb20f782-9136-4144-a2ef-e44461d35697: receive RaftClientReply:client-E41C008B94D2->cb20f782-9136-4144-a2ef-e44461d35697@group-EF222054BC57, cid=268, SUCCESS, logIndex=393, commits[cb20f782-9136-4144-a2ef-e44461d35697:c393]
2019-09-17 12:48:21,151 [grpc-default-executor-1] INFO  client.GrpcClientProtocolClient (GrpcClientProtocolClient.java:onNext(264)) - client-E41C008B94D2->cb20f782-9136-4144-a2ef-e44461d35697: receive RaftClientReply:client-E41C008B94D2->cb20f782-9136-4144-a2ef-e44461d35697@group-EF222054BC57, cid=269, SUCCESS, logIndex=396, commits[cb20f782-9136-4144-a2ef-e44461d35697:c397]
2019-09-17 12:48:21,152 [grpc-default-executor-1] INFO  client.GrpcClientProtocolClient (GrpcClientProtocolClient.java:onNext(264)) - client-E41C008B94D2->cb20f782-9136-4144-a2ef-e44461d35697: receive RaftClientReply:client-E41C008B94D2->cb20f782-9136-4144-a2ef-e44461d35697@group-EF222054BC57, cid=270, SUCCESS, logIndex=397, commits[cb20f782-9136-4144-a2ef-e44461d35697:c397]
2019-09-17 12:48:21,164 [grpc-default-executor-1] INFO  client.GrpcClientProtocolClient (GrpcClientProtocolClient.java:onNext(264)) - client-E41C008B94D2->cb20f782-9136-4144-a2ef-e44461d35697: receive RaftClientReply:client-E41C008B94D2->cb20f782-9136-4144-a2ef-e44461d35697@group-EF222054BC57, cid=271, SUCCESS, logIndex=398, commits[cb20f782-9136-4144-a2ef-e44461d35697:c400]
2019-09-17 12:48:21,165 [grpc-default-executor-1] INFO  client.GrpcClientProtocolClient (GrpcClientProtocolClient.java:onNext(264)) - client-E41C008B94D2->cb20f782-9136-4144-a2ef-e44461d35697: receive RaftClientReply:client-E41C008B94D2->cb20f782-9136-4144-a2ef-e44461d35697@group-EF222054BC57, cid=272, SUCCESS, logIndex=400, commits[cb20f782-9136-4144-a2ef-e44461d35697:c400]
2019-09-17 12:48:21,193 [grpc-default-executor-1] INFO  client.GrpcClientProtocolClient (GrpcClientProtocolClient.java:onNext(264)) - client-E41C008B94D2->cb20f782-9136-4144-a2ef-e44461d35697: receive RaftClientReply:client-E41C008B94D2->cb20f782-9136-4144-a2ef-e44461d35697@group-EF222054BC57, cid=273, SUCCESS, logIndex=402, commits[cb20f782-9136-4144-a2ef-e44461d35697:c403]
2019-09-17 12:48:21,194 [SCMBlockDeletingService#0] DEBUG block.SCMBlockDeletingService (SCMBlockDeletingService.java:call(138)) - Running DeletedBlockTransactionScanner
2019-09-17 12:48:21,194 [grpc-default-executor-1] INFO  client.GrpcClientProtocolClient (GrpcClientProtocolClient.java:onNext(264)) - client-E41C008B94D2->cb20f782-9136-4144-a2ef-e44461d35697: receive RaftClientReply:client-E41C008B94D2->cb20f782-9136-4144-a2ef-e44461d35697@group-EF222054BC57, cid=274, SUCCESS, logIndex=403, commits[cb20f782-9136-4144-a2ef-e44461d35697:c403]
2019-09-17 12:48:21,194 [SCMBlockDeletingService#0] DEBUG block.SCMBlockDeletingService (SCMBlockDeletingService.java:call(155)) - Scanned deleted blocks log and got 0 delTX to process.
2019-09-17 12:48:21,205 [grpc-default-executor-1] INFO  client.GrpcClientProtocolClient (GrpcClientProtocolClient.java:onNext(264)) - client-E41C008B94D2->cb20f782-9136-4144-a2ef-e44461d35697: receive RaftClientReply:client-E41C008B94D2->cb20f782-9136-4144-a2ef-e44461d35697@group-EF222054BC57, cid=275, SUCCESS, logIndex=404, commits[cb20f782-9136-4144-a2ef-e44461d35697:c405]
2019-09-17 12:48:21,206 [grpc-default-executor-1] INFO  client.GrpcClientProtocolClient (GrpcClientProtocolClient.java:onNext(264)) - client-E41C008B94D2->cb20f782-9136-4144-a2ef-e44461d35697: receive RaftClientReply:client-E41C008B94D2->cb20f782-9136-4144-a2ef-e44461d35697@group-EF222054BC57, cid=276, SUCCESS, logIndex=405, commits[cb20f782-9136-4144-a2ef-e44461d35697:c405]
2019-09-17 12:48:21,227 [grpc-default-executor-2] INFO  client.GrpcClientProtocolClient (GrpcClientProtocolClient.java:onNext(264)) - client-E41C008B94D2->cb20f782-9136-4144-a2ef-e44461d35697: receive RaftClientReply:client-E41C008B94D2->cb20f782-9136-4144-a2ef-e44461d35697@group-EF222054BC57, cid=277, SUCCESS, logIndex=408, commits[cb20f782-9136-4144-a2ef-e44461d35697:c411]
2019-09-17 12:48:21,227 [grpc-default-executor-2] INFO  client.GrpcClientProtocolClient (GrpcClientProtocolClient.java:onNext(264)) - client-E41C008B94D2->cb20f782-9136-4144-a2ef-e44461d35697: receive RaftClientReply:client-E41C008B94D2->cb20f782-9136-4144-a2ef-e44461d35697@group-EF222054BC57, cid=278, SUCCESS, logIndex=409, commits[cb20f782-9136-4144-a2ef-e44461d35697:c412]
2019-09-17 12:48:21,228 [grpc-default-executor-2] INFO  client.GrpcClientProtocolClient (GrpcClientProtocolClient.java:onNext(264)) - client-E41C008B94D2->cb20f782-9136-4144-a2ef-e44461d35697: receive RaftClientReply:client-E41C008B94D2->cb20f782-9136-4144-a2ef-e44461d35697@group-EF222054BC57, cid=279, SUCCESS, logIndex=410, commits[cb20f782-9136-4144-a2ef-e44461d35697:c413]
2019-09-17 12:48:21,228 [grpc-default-executor-2] INFO  client.GrpcClientProtocolClient (GrpcClientProtocolClient.java:onNext(264)) - client-E41C008B94D2->cb20f782-9136-4144-a2ef-e44461d35697: receive RaftClientReply:client-E41C008B94D2->cb20f782-9136-4144-a2ef-e44461d35697@group-EF222054BC57, cid=280, SUCCESS, logIndex=411, commits[cb20f782-9136-4144-a2ef-e44461d35697:c413]
2019-09-17 12:48:21,256 [grpc-default-executor-2] INFO  client.GrpcClientProtocolClient (GrpcClientProtocolClient.java:onNext(264)) - client-E41C008B94D2->cb20f782-9136-4144-a2ef-e44461d35697: receive RaftClientReply:client-E41C008B94D2->cb20f782-9136-4144-a2ef-e44461d35697@group-EF222054BC57, cid=281, SUCCESS, logIndex=414, commits[cb20f782-9136-4144-a2ef-e44461d35697:c417]
2019-09-17 12:48:21,257 [grpc-default-executor-2] INFO  client.GrpcClientProtocolClient (GrpcClientProtocolClient.java:onNext(264)) - client-E41C008B94D2->cb20f782-9136-4144-a2ef-e44461d35697: receive RaftClientReply:client-E41C008B94D2->cb20f782-9136-4144-a2ef-e44461d35697@group-EF222054BC57, cid=282, SUCCESS, logIndex=415, commits[cb20f782-9136-4144-a2ef-e44461d35697:c418]
2019-09-17 12:48:21,258 [grpc-default-executor-2] INFO  client.GrpcClientProtocolClient (GrpcClientProtocolClient.java:onNext(264)) - client-E41C008B94D2->cb20f782-9136-4144-a2ef-e44461d35697: receive RaftClientReply:client-E41C008B94D2->cb20f782-9136-4144-a2ef-e44461d35697@group-EF222054BC57, cid=283, SUCCESS, logIndex=416, commits[cb20f782-9136-4144-a2ef-e44461d35697:c418]
2019-09-17 12:48:21,258 [grpc-default-executor-2] INFO  client.GrpcClientProtocolClient (GrpcClientProtocolClient.java:onNext(264)) - client-E41C008B94D2->cb20f782-9136-4144-a2ef-e44461d35697: receive RaftClientReply:client-E41C008B94D2->cb20f782-9136-4144-a2ef-e44461d35697@group-EF222054BC57, cid=284, SUCCESS, logIndex=417, commits[cb20f782-9136-4144-a2ef-e44461d35697:c419]
2019-09-17 12:48:21,280 [grpc-default-executor-1] INFO  client.GrpcClientProtocolClient (GrpcClientProtocolClient.java:onNext(264)) - client-E41C008B94D2->cb20f782-9136-4144-a2ef-e44461d35697: receive RaftClientReply:client-E41C008B94D2->cb20f782-9136-4144-a2ef-e44461d35697@group-EF222054BC57, cid=285, SUCCESS, logIndex=420, commits[cb20f782-9136-4144-a2ef-e44461d35697:c421]
2019-09-17 12:48:21,281 [grpc-default-executor-1] INFO  client.GrpcClientProtocolClient (GrpcClientProtocolClient.java:onNext(264)) - client-E41C008B94D2->cb20f782-9136-4144-a2ef-e44461d35697: receive RaftClientReply:client-E41C008B94D2->cb20f782-9136-4144-a2ef-e44461d35697@group-EF222054BC57, cid=286, SUCCESS, logIndex=421, commits[cb20f782-9136-4144-a2ef-e44461d35697:c424]
2019-09-17 12:48:21,282 [grpc-default-executor-1] INFO  client.GrpcClientProtocolClient (GrpcClientProtocolClient.java:onNext(264)) - client-E41C008B94D2->cb20f782-9136-4144-a2ef-e44461d35697: receive RaftClientReply:client-E41C008B94D2->cb20f782-9136-4144-a2ef-e44461d35697@group-EF222054BC57, cid=287, SUCCESS, logIndex=422, commits[cb20f782-9136-4144-a2ef-e44461d35697:c424]
2019-09-17 12:48:21,282 [grpc-default-executor-1] INFO  client.GrpcClientProtocolClient (GrpcClientProtocolClient.java:onNext(264)) - client-E41C008B94D2->cb20f782-9136-4144-a2ef-e44461d35697: receive RaftClientReply:client-E41C008B94D2->cb20f782-9136-4144-a2ef-e44461d35697@group-EF222054BC57, cid=288, SUCCESS, logIndex=423, commits[cb20f782-9136-4144-a2ef-e44461d35697:c424]
2019-09-17 12:48:21,295 [SCMBlockDeletingService#0] DEBUG block.SCMBlockDeletingService (SCMBlockDeletingService.java:call(138)) - Running DeletedBlockTransactionScanner
2019-09-17 12:48:21,295 [SCMBlockDeletingService#0] DEBUG block.SCMBlockDeletingService (SCMBlockDeletingService.java:call(155)) - Scanned deleted blocks log and got 0 delTX to process.
2019-09-17 12:48:21,310 [grpc-default-executor-2] INFO  client.GrpcClientProtocolClient (GrpcClientProtocolClient.java:onNext(264)) - client-E41C008B94D2->cb20f782-9136-4144-a2ef-e44461d35697: receive RaftClientReply:client-E41C008B94D2->cb20f782-9136-4144-a2ef-e44461d35697@group-EF222054BC57, cid=289, SUCCESS, logIndex=426, commits[cb20f782-9136-4144-a2ef-e44461d35697:c427]
2019-09-17 12:48:21,311 [grpc-default-executor-2] INFO  client.GrpcClientProtocolClient (GrpcClientProtocolClient.java:onNext(264)) - client-E41C008B94D2->cb20f782-9136-4144-a2ef-e44461d35697: receive RaftClientReply:client-E41C008B94D2->cb20f782-9136-4144-a2ef-e44461d35697@group-EF222054BC57, cid=290, SUCCESS, logIndex=427, commits[cb20f782-9136-4144-a2ef-e44461d35697:c429]
2019-09-17 12:48:21,312 [grpc-default-executor-2] INFO  client.GrpcClientProtocolClient (GrpcClientProtocolClient.java:onNext(264)) - client-E41C008B94D2->cb20f782-9136-4144-a2ef-e44461d35697: receive RaftClientReply:client-E41C008B94D2->cb20f782-9136-4144-a2ef-e44461d35697@group-EF222054BC57, cid=291, SUCCESS, logIndex=428, commits[cb20f782-9136-4144-a2ef-e44461d35697:c429]
2019-09-17 12:48:21,312 [grpc-default-executor-2] INFO  client.GrpcClientProtocolClient (GrpcClientProtocolClient.java:onNext(264)) - client-E41C008B94D2->cb20f782-9136-4144-a2ef-e44461d35697: receive RaftClientReply:client-E41C008B94D2->cb20f782-9136-4144-a2ef-e44461d35697@group-EF222054BC57, cid=292, SUCCESS, logIndex=429, commits[cb20f782-9136-4144-a2ef-e44461d35697:c430]
2019-09-17 12:48:21,335 [grpc-default-executor-2] INFO  client.GrpcClientProtocolClient (GrpcClientProtocolClient.java:onNext(264)) - client-E41C008B94D2->cb20f782-9136-4144-a2ef-e44461d35697: receive RaftClientReply:client-E41C008B94D2->cb20f782-9136-4144-a2ef-e44461d35697@group-EF222054BC57, cid=293, SUCCESS, logIndex=432, commits[cb20f782-9136-4144-a2ef-e44461d35697:c435]
2019-09-17 12:48:21,336 [grpc-default-executor-2] INFO  client.GrpcClientProtocolClient (GrpcClientProtocolClient.java:onNext(264)) - client-E41C008B94D2->cb20f782-9136-4144-a2ef-e44461d35697: receive RaftClientReply:client-E41C008B94D2->cb20f782-9136-4144-a2ef-e44461d35697@group-EF222054BC57, cid=294, SUCCESS, logIndex=433, commits[cb20f782-9136-4144-a2ef-e44461d35697:c436]
2019-09-17 12:48:21,337 [grpc-default-executor-2] INFO  client.GrpcClientProtocolClient (GrpcClientProtocolClient.java:onNext(264)) - client-E41C008B94D2->cb20f782-9136-4144-a2ef-e44461d35697: receive RaftClientReply:client-E41C008B94D2->cb20f782-9136-4144-a2ef-e44461d35697@group-EF222054BC57, cid=295, SUCCESS, logIndex=434, commits[cb20f782-9136-4144-a2ef-e44461d35697:c436]
2019-09-17 12:48:21,337 [grpc-default-executor-2] INFO  client.GrpcClientProtocolClient (GrpcClientProtocolClient.java:onNext(264)) - client-E41C008B94D2->cb20f782-9136-4144-a2ef-e44461d35697: receive RaftClientReply:client-E41C008B94D2->cb20f782-9136-4144-a2ef-e44461d35697@group-EF222054BC57, cid=296, SUCCESS, logIndex=435, commits[cb20f782-9136-4144-a2ef-e44461d35697:c437]
2019-09-17 12:48:21,368 [grpc-default-executor-2] INFO  client.GrpcClientProtocolClient (GrpcClientProtocolClient.java:onNext(264)) - client-E41C008B94D2->cb20f782-9136-4144-a2ef-e44461d35697: receive RaftClientReply:client-E41C008B94D2->cb20f782-9136-4144-a2ef-e44461d35697@group-EF222054BC57, cid=297, SUCCESS, logIndex=438, commits[cb20f782-9136-4144-a2ef-e44461d35697:c441]
2019-09-17 12:48:21,369 [grpc-default-executor-2] INFO  client.GrpcClientProtocolClient (GrpcClientProtocolClient.java:onNext(264)) - client-E41C008B94D2->cb20f782-9136-4144-a2ef-e44461d35697: receive RaftClientReply:client-E41C008B94D2->cb20f782-9136-4144-a2ef-e44461d35697@group-EF222054BC57, cid=298, SUCCESS, logIndex=439, commits[cb20f782-9136-4144-a2ef-e44461d35697:c442]
2019-09-17 12:48:21,370 [grpc-default-executor-2] INFO  client.GrpcClientProtocolClient (GrpcClientProtocolClient.java:onNext(264)) - client-E41C008B94D2->cb20f782-9136-4144-a2ef-e44461d35697: receive RaftClientReply:client-E41C008B94D2->cb20f782-9136-4144-a2ef-e44461d35697@group-EF222054BC57, cid=299, SUCCESS, logIndex=440, commits[cb20f782-9136-4144-a2ef-e44461d35697:c443]
2019-09-17 12:48:21,370 [grpc-default-executor-2] INFO  client.GrpcClientProtocolClient (GrpcClientProtocolClient.java:onNext(264)) - client-E41C008B94D2->cb20f782-9136-4144-a2ef-e44461d35697: receive RaftClientReply:client-E41C008B94D2->cb20f782-9136-4144-a2ef-e44461d35697@group-EF222054BC57, cid=300, SUCCESS, logIndex=441, commits[cb20f782-9136-4144-a2ef-e44461d35697:c443]
2019-09-17 12:48:21,390 [grpc-default-executor-2] INFO  client.GrpcClientProtocolClient (GrpcClientProtocolClient.java:onNext(264)) - client-E41C008B94D2->cb20f782-9136-4144-a2ef-e44461d35697: receive RaftClientReply:client-E41C008B94D2->cb20f782-9136-4144-a2ef-e44461d35697@group-EF222054BC57, cid=301, SUCCESS, logIndex=444, commits[cb20f782-9136-4144-a2ef-e44461d35697:c445]
2019-09-17 12:48:21,391 [grpc-default-executor-2] INFO  client.GrpcClientProtocolClient (GrpcClientProtocolClient.java:onNext(264)) - client-E41C008B94D2->cb20f782-9136-4144-a2ef-e44461d35697: receive RaftClientReply:client-E41C008B94D2->cb20f782-9136-4144-a2ef-e44461d35697@group-EF222054BC57, cid=302, SUCCESS, logIndex=445, commits[cb20f782-9136-4144-a2ef-e44461d35697:c445]
2019-09-17 12:48:21,391 [grpc-default-executor-2] INFO  client.GrpcClientProtocolClient (GrpcClientProtocolClient.java:onNext(264)) - client-E41C008B94D2->cb20f782-9136-4144-a2ef-e44461d35697: receive RaftClientReply:client-E41C008B94D2->cb20f782-9136-4144-a2ef-e44461d35697@group-EF222054BC57, cid=303, SUCCESS, logIndex=446, commits[cb20f782-9136-4144-a2ef-e44461d35697:c447]
2019-09-17 12:48:21,392 [grpc-default-executor-2] INFO  client.GrpcClientProtocolClient (GrpcClientProtocolClient.java:onNext(264)) - client-E41C008B94D2->cb20f782-9136-4144-a2ef-e44461d35697: receive RaftClientReply:client-E41C008B94D2->cb20f782-9136-4144-a2ef-e44461d35697@group-EF222054BC57, cid=304, SUCCESS, logIndex=447, commits[cb20f782-9136-4144-a2ef-e44461d35697:c449]
2019-09-17 12:48:21,395 [SCMBlockDeletingService#0] DEBUG block.SCMBlockDeletingService (SCMBlockDeletingService.java:call(138)) - Running DeletedBlockTransactionScanner
2019-09-17 12:48:21,396 [SCMBlockDeletingService#0] DEBUG block.SCMBlockDeletingService (SCMBlockDeletingService.java:call(155)) - Scanned deleted blocks log and got 0 delTX to process.
2019-09-17 12:48:21,434 [grpc-default-executor-1] INFO  client.GrpcClientProtocolClient (GrpcClientProtocolClient.java:onNext(264)) - client-E41C008B94D2->cb20f782-9136-4144-a2ef-e44461d35697: receive RaftClientReply:client-E41C008B94D2->cb20f782-9136-4144-a2ef-e44461d35697@group-EF222054BC57, cid=305, SUCCESS, logIndex=450, commits[cb20f782-9136-4144-a2ef-e44461d35697:c451]
2019-09-17 12:48:21,435 [grpc-default-executor-1] INFO  client.GrpcClientProtocolClient (GrpcClientProtocolClient.java:onNext(264)) - client-E41C008B94D2->cb20f782-9136-4144-a2ef-e44461d35697: receive RaftClientReply:client-E41C008B94D2->cb20f782-9136-4144-a2ef-e44461d35697@group-EF222054BC57, cid=306, SUCCESS, logIndex=451, commits[cb20f782-9136-4144-a2ef-e44461d35697:c451]
2019-09-17 12:48:21,444 [grpc-default-executor-1] INFO  client.GrpcClientProtocolClient (GrpcClientProtocolClient.java:onNext(264)) - client-E41C008B94D2->cb20f782-9136-4144-a2ef-e44461d35697: receive RaftClientReply:client-E41C008B94D2->cb20f782-9136-4144-a2ef-e44461d35697@group-EF222054BC57, cid=307, SUCCESS, logIndex=452, commits[cb20f782-9136-4144-a2ef-e44461d35697:c453]
2019-09-17 12:48:21,445 [grpc-default-executor-1] INFO  client.GrpcClientProtocolClient (GrpcClientProtocolClient.java:onNext(264)) - client-E41C008B94D2->cb20f782-9136-4144-a2ef-e44461d35697: receive RaftClientReply:client-E41C008B94D2->cb20f782-9136-4144-a2ef-e44461d35697@group-EF222054BC57, cid=308, SUCCESS, logIndex=453, commits[cb20f782-9136-4144-a2ef-e44461d35697:c454]
2019-09-17 12:48:21,496 [SCMBlockDeletingService#0] DEBUG block.SCMBlockDeletingService (SCMBlockDeletingService.java:call(138)) - Running DeletedBlockTransactionScanner
2019-09-17 12:48:21,496 [SCMBlockDeletingService#0] DEBUG block.SCMBlockDeletingService (SCMBlockDeletingService.java:call(155)) - Scanned deleted blocks log and got 0 delTX to process.
2019-09-17 12:48:21,585 [grpc-default-executor-1] INFO  client.GrpcClientProtocolClient (GrpcClientProtocolClient.java:onNext(264)) - client-E41C008B94D2->cb20f782-9136-4144-a2ef-e44461d35697: receive RaftClientReply:client-E41C008B94D2->cb20f782-9136-4144-a2ef-e44461d35697@group-EF222054BC57, cid=309, SUCCESS, logIndex=456, commits[cb20f782-9136-4144-a2ef-e44461d35697:c459]
2019-09-17 12:48:21,586 [grpc-default-executor-1] INFO  client.GrpcClientProtocolClient (GrpcClientProtocolClient.java:onNext(264)) - client-E41C008B94D2->cb20f782-9136-4144-a2ef-e44461d35697: receive RaftClientReply:client-E41C008B94D2->cb20f782-9136-4144-a2ef-e44461d35697@group-EF222054BC57, cid=310, SUCCESS, logIndex=457, commits[cb20f782-9136-4144-a2ef-e44461d35697:c460]
2019-09-17 12:48:21,586 [grpc-default-executor-1] INFO  client.GrpcClientProtocolClient (GrpcClientProtocolClient.java:onNext(264)) - client-E41C008B94D2->cb20f782-9136-4144-a2ef-e44461d35697: receive RaftClientReply:client-E41C008B94D2->cb20f782-9136-4144-a2ef-e44461d35697@group-EF222054BC57, cid=311, SUCCESS, logIndex=458, commits[cb20f782-9136-4144-a2ef-e44461d35697:c461]
2019-09-17 12:48:21,587 [grpc-default-executor-1] INFO  client.GrpcClientProtocolClient (GrpcClientProtocolClient.java:onNext(264)) - client-E41C008B94D2->cb20f782-9136-4144-a2ef-e44461d35697: receive RaftClientReply:client-E41C008B94D2->cb20f782-9136-4144-a2ef-e44461d35697@group-EF222054BC57, cid=312, SUCCESS, logIndex=459, commits[cb20f782-9136-4144-a2ef-e44461d35697:c461]
2019-09-17 12:48:21,597 [SCMBlockDeletingService#0] DEBUG block.SCMBlockDeletingService (SCMBlockDeletingService.java:call(138)) - Running DeletedBlockTransactionScanner
2019-09-17 12:48:21,597 [SCMBlockDeletingService#0] DEBUG block.SCMBlockDeletingService (SCMBlockDeletingService.java:call(155)) - Scanned deleted blocks log and got 0 delTX to process.
2019-09-17 12:48:21,615 [grpc-default-executor-1] INFO  client.GrpcClientProtocolClient (GrpcClientProtocolClient.java:onNext(264)) - client-E41C008B94D2->cb20f782-9136-4144-a2ef-e44461d35697: receive RaftClientReply:client-E41C008B94D2->cb20f782-9136-4144-a2ef-e44461d35697@group-EF222054BC57, cid=313, SUCCESS, logIndex=462, commits[cb20f782-9136-4144-a2ef-e44461d35697:c465]
2019-09-17 12:48:21,616 [grpc-default-executor-1] INFO  client.GrpcClientProtocolClient (GrpcClientProtocolClient.java:onNext(264)) - client-E41C008B94D2->cb20f782-9136-4144-a2ef-e44461d35697: receive RaftClientReply:client-E41C008B94D2->cb20f782-9136-4144-a2ef-e44461d35697@group-EF222054BC57, cid=314, SUCCESS, logIndex=463, commits[cb20f782-9136-4144-a2ef-e44461d35697:c466]
2019-09-17 12:48:21,616 [grpc-default-executor-1] INFO  client.GrpcClientProtocolClient (GrpcClientProtocolClient.java:onNext(264)) - client-E41C008B94D2->cb20f782-9136-4144-a2ef-e44461d35697: receive RaftClientReply:client-E41C008B94D2->cb20f782-9136-4144-a2ef-e44461d35697@group-EF222054BC57, cid=315, SUCCESS, logIndex=464, commits[cb20f782-9136-4144-a2ef-e44461d35697:c466]
2019-09-17 12:48:21,617 [grpc-default-executor-1] INFO  client.GrpcClientProtocolClient (GrpcClientProtocolClient.java:onNext(264)) - client-E41C008B94D2->cb20f782-9136-4144-a2ef-e44461d35697: receive RaftClientReply:client-E41C008B94D2->cb20f782-9136-4144-a2ef-e44461d35697@group-EF222054BC57, cid=316, SUCCESS, logIndex=465, commits[cb20f782-9136-4144-a2ef-e44461d35697:c467]
2019-09-17 12:48:21,637 [grpc-default-executor-2] INFO  client.GrpcClientProtocolClient (GrpcClientProtocolClient.java:onNext(264)) - client-E41C008B94D2->cb20f782-9136-4144-a2ef-e44461d35697: receive RaftClientReply:client-E41C008B94D2->cb20f782-9136-4144-a2ef-e44461d35697@group-EF222054BC57, cid=317, SUCCESS, logIndex=468, commits[cb20f782-9136-4144-a2ef-e44461d35697:c469]
2019-09-17 12:48:21,638 [grpc-default-executor-2] INFO  client.GrpcClientProtocolClient (GrpcClientProtocolClient.java:onNext(264)) - client-E41C008B94D2->cb20f782-9136-4144-a2ef-e44461d35697: receive RaftClientReply:client-E41C008B94D2->cb20f782-9136-4144-a2ef-e44461d35697@group-EF222054BC57, cid=318, SUCCESS, logIndex=469, commits[cb20f782-9136-4144-a2ef-e44461d35697:c472]
2019-09-17 12:48:21,639 [grpc-default-executor-2] INFO  client.GrpcClientProtocolClient (GrpcClientProtocolClient.java:onNext(264)) - client-E41C008B94D2->cb20f782-9136-4144-a2ef-e44461d35697: receive RaftClientReply:client-E41C008B94D2->cb20f782-9136-4144-a2ef-e44461d35697@group-EF222054BC57, cid=319, SUCCESS, logIndex=470, commits[cb20f782-9136-4144-a2ef-e44461d35697:c472]
2019-09-17 12:48:21,639 [grpc-default-executor-2] INFO  client.GrpcClientProtocolClient (GrpcClientProtocolClient.java:onNext(264)) - client-E41C008B94D2->cb20f782-9136-4144-a2ef-e44461d35697: receive RaftClientReply:client-E41C008B94D2->cb20f782-9136-4144-a2ef-e44461d35697@group-EF222054BC57, cid=320, SUCCESS, logIndex=471, commits[cb20f782-9136-4144-a2ef-e44461d35697:c473]
2019-09-17 12:48:21,668 [grpc-default-executor-1] INFO  client.GrpcClientProtocolClient (GrpcClientProtocolClient.java:onNext(264)) - client-E41C008B94D2->cb20f782-9136-4144-a2ef-e44461d35697: receive RaftClientReply:client-E41C008B94D2->cb20f782-9136-4144-a2ef-e44461d35697@group-EF222054BC57, cid=321, SUCCESS, logIndex=474, commits[cb20f782-9136-4144-a2ef-e44461d35697:c475]
2019-09-17 12:48:21,669 [grpc-default-executor-1] INFO  client.GrpcClientProtocolClient (GrpcClientProtocolClient.java:onNext(264)) - client-E41C008B94D2->cb20f782-9136-4144-a2ef-e44461d35697: receive RaftClientReply:client-E41C008B94D2->cb20f782-9136-4144-a2ef-e44461d35697@group-EF222054BC57, cid=322, SUCCESS, logIndex=475, commits[cb20f782-9136-4144-a2ef-e44461d35697:c477]
2019-09-17 12:48:21,670 [grpc-default-executor-1] INFO  client.GrpcClientProtocolClient (GrpcClientProtocolClient.java:onNext(264)) - client-E41C008B94D2->cb20f782-9136-4144-a2ef-e44461d35697: receive RaftClientReply:client-E41C008B94D2->cb20f782-9136-4144-a2ef-e44461d35697@group-EF222054BC57, cid=323, SUCCESS, logIndex=476, commits[cb20f782-9136-4144-a2ef-e44461d35697:c478]
2019-09-17 12:48:21,670 [grpc-default-executor-1] INFO  client.GrpcClientProtocolClient (GrpcClientProtocolClient.java:onNext(264)) - client-E41C008B94D2->cb20f782-9136-4144-a2ef-e44461d35697: receive RaftClientReply:client-E41C008B94D2->cb20f782-9136-4144-a2ef-e44461d35697@group-EF222054BC57, cid=324, SUCCESS, logIndex=477, commits[cb20f782-9136-4144-a2ef-e44461d35697:c479]
2019-09-17 12:48:21,690 [grpc-default-executor-1] INFO  client.GrpcClientProtocolClient (GrpcClientProtocolClient.java:onNext(264)) - client-E41C008B94D2->cb20f782-9136-4144-a2ef-e44461d35697: receive RaftClientReply:client-E41C008B94D2->cb20f782-9136-4144-a2ef-e44461d35697@group-EF222054BC57, cid=325, SUCCESS, logIndex=480, commits[cb20f782-9136-4144-a2ef-e44461d35697:c481]
2019-09-17 12:48:21,691 [grpc-default-executor-1] INFO  client.GrpcClientProtocolClient (GrpcClientProtocolClient.java:onNext(264)) - client-E41C008B94D2->cb20f782-9136-4144-a2ef-e44461d35697: receive RaftClientReply:client-E41C008B94D2->cb20f782-9136-4144-a2ef-e44461d35697@group-EF222054BC57, cid=326, SUCCESS, logIndex=481, commits[cb20f782-9136-4144-a2ef-e44461d35697:c481]
2019-09-17 12:48:21,691 [grpc-default-executor-1] INFO  client.GrpcClientProtocolClient (GrpcClientProtocolClient.java:onNext(264)) - client-E41C008B94D2->cb20f782-9136-4144-a2ef-e44461d35697: receive RaftClientReply:client-E41C008B94D2->cb20f782-9136-4144-a2ef-e44461d35697@group-EF222054BC57, cid=327, SUCCESS, logIndex=482, commits[cb20f782-9136-4144-a2ef-e44461d35697:c483]
2019-09-17 12:48:21,692 [grpc-default-executor-1] INFO  client.GrpcClientProtocolClient (GrpcClientProtocolClient.java:onNext(264)) - client-E41C008B94D2->cb20f782-9136-4144-a2ef-e44461d35697: receive RaftClientReply:client-E41C008B94D2->cb20f782-9136-4144-a2ef-e44461d35697@group-EF222054BC57, cid=328, SUCCESS, logIndex=483, commits[cb20f782-9136-4144-a2ef-e44461d35697:c484]
2019-09-17 12:48:21,697 [SCMBlockDeletingService#0] DEBUG block.SCMBlockDeletingService (SCMBlockDeletingService.java:call(138)) - Running DeletedBlockTransactionScanner
2019-09-17 12:48:21,698 [SCMBlockDeletingService#0] DEBUG block.SCMBlockDeletingService (SCMBlockDeletingService.java:call(155)) - Scanned deleted blocks log and got 0 delTX to process.
2019-09-17 12:48:21,721 [grpc-default-executor-1] INFO  client.GrpcClientProtocolClient (GrpcClientProtocolClient.java:onNext(264)) - client-E41C008B94D2->cb20f782-9136-4144-a2ef-e44461d35697: receive RaftClientReply:client-E41C008B94D2->cb20f782-9136-4144-a2ef-e44461d35697@group-EF222054BC57, cid=329, SUCCESS, logIndex=486, commits[cb20f782-9136-4144-a2ef-e44461d35697:c487]
2019-09-17 12:48:21,722 [grpc-default-executor-1] INFO  client.GrpcClientProtocolClient (GrpcClientProtocolClient.java:onNext(264)) - client-E41C008B94D2->cb20f782-9136-4144-a2ef-e44461d35697: receive RaftClientReply:client-E41C008B94D2->cb20f782-9136-4144-a2ef-e44461d35697@group-EF222054BC57, cid=330, SUCCESS, logIndex=487, commits[cb20f782-9136-4144-a2ef-e44461d35697:c489]
2019-09-17 12:48:21,722 [grpc-default-executor-1] INFO  client.GrpcClientProtocolClient (GrpcClientProtocolClient.java:onNext(264)) - client-E41C008B94D2->cb20f782-9136-4144-a2ef-e44461d35697: receive RaftClientReply:client-E41C008B94D2->cb20f782-9136-4144-a2ef-e44461d35697@group-EF222054BC57, cid=331, SUCCESS, logIndex=488, commits[cb20f782-9136-4144-a2ef-e44461d35697:c490]
2019-09-17 12:48:21,722 [grpc-default-executor-1] INFO  client.GrpcClientProtocolClient (GrpcClientProtocolClient.java:onNext(264)) - client-E41C008B94D2->cb20f782-9136-4144-a2ef-e44461d35697: receive RaftClientReply:client-E41C008B94D2->cb20f782-9136-4144-a2ef-e44461d35697@group-EF222054BC57, cid=332, SUCCESS, logIndex=489, commits[cb20f782-9136-4144-a2ef-e44461d35697:c491]
2019-09-17 12:48:21,745 [grpc-default-executor-1] INFO  client.GrpcClientProtocolClient (GrpcClientProtocolClient.java:onNext(264)) - client-E41C008B94D2->cb20f782-9136-4144-a2ef-e44461d35697: receive RaftClientReply:client-E41C008B94D2->cb20f782-9136-4144-a2ef-e44461d35697@group-EF222054BC57, cid=333, SUCCESS, logIndex=492, commits[cb20f782-9136-4144-a2ef-e44461d35697:c493]
2019-09-17 12:48:21,745 [grpc-default-executor-1] INFO  client.GrpcClientProtocolClient (GrpcClientProtocolClient.java:onNext(264)) - client-E41C008B94D2->cb20f782-9136-4144-a2ef-e44461d35697: receive RaftClientReply:client-E41C008B94D2->cb20f782-9136-4144-a2ef-e44461d35697@group-EF222054BC57, cid=334, SUCCESS, logIndex=493, commits[cb20f782-9136-4144-a2ef-e44461d35697:c495]
2019-09-17 12:48:21,746 [grpc-default-executor-1] INFO  client.GrpcClientProtocolClient (GrpcClientProtocolClient.java:onNext(264)) - client-E41C008B94D2->cb20f782-9136-4144-a2ef-e44461d35697: receive RaftClientReply:client-E41C008B94D2->cb20f782-9136-4144-a2ef-e44461d35697@group-EF222054BC57, cid=335, SUCCESS, logIndex=494, commits[cb20f782-9136-4144-a2ef-e44461d35697:c496]
2019-09-17 12:48:21,746 [grpc-default-executor-1] INFO  client.GrpcClientProtocolClient (GrpcClientProtocolClient.java:onNext(264)) - client-E41C008B94D2->cb20f782-9136-4144-a2ef-e44461d35697: receive RaftClientReply:client-E41C008B94D2->cb20f782-9136-4144-a2ef-e44461d35697@group-EF222054BC57, cid=336, SUCCESS, logIndex=495, commits[cb20f782-9136-4144-a2ef-e44461d35697:c497]
2019-09-17 12:48:21,773 [grpc-default-executor-1] INFO  client.GrpcClientProtocolClient (GrpcClientProtocolClient.java:onNext(264)) - client-E41C008B94D2->cb20f782-9136-4144-a2ef-e44461d35697: receive RaftClientReply:client-E41C008B94D2->cb20f782-9136-4144-a2ef-e44461d35697@group-EF222054BC57, cid=337, SUCCESS, logIndex=498, commits[cb20f782-9136-4144-a2ef-e44461d35697:c501]
2019-09-17 12:48:21,774 [grpc-default-executor-1] INFO  client.GrpcClientProtocolClient (GrpcClientProtocolClient.java:onNext(264)) - client-E41C008B94D2->cb20f782-9136-4144-a2ef-e44461d35697: receive RaftClientReply:client-E41C008B94D2->cb20f782-9136-4144-a2ef-e44461d35697@group-EF222054BC57, cid=338, SUCCESS, logIndex=499, commits[cb20f782-9136-4144-a2ef-e44461d35697:c502]
2019-09-17 12:48:21,775 [grpc-default-executor-1] INFO  client.GrpcClientProtocolClient (GrpcClientProtocolClient.java:onNext(264)) - client-E41C008B94D2->cb20f782-9136-4144-a2ef-e44461d35697: receive RaftClientReply:client-E41C008B94D2->cb20f782-9136-4144-a2ef-e44461d35697@group-EF222054BC57, cid=339, SUCCESS, logIndex=500, commits[cb20f782-9136-4144-a2ef-e44461d35697:c502]
2019-09-17 12:48:21,775 [grpc-default-executor-1] INFO  client.GrpcClientProtocolClient (GrpcClientProtocolClient.java:onNext(264)) - client-E41C008B94D2->cb20f782-9136-4144-a2ef-e44461d35697: receive RaftClientReply:client-E41C008B94D2->cb20f782-9136-4144-a2ef-e44461d35697@group-EF222054BC57, cid=340, SUCCESS, logIndex=501, commits[cb20f782-9136-4144-a2ef-e44461d35697:c503]
2019-09-17 12:48:21,795 [grpc-default-executor-1] INFO  client.GrpcClientProtocolClient (GrpcClientProtocolClient.java:onNext(264)) - client-E41C008B94D2->cb20f782-9136-4144-a2ef-e44461d35697: receive RaftClientReply:client-E41C008B94D2->cb20f782-9136-4144-a2ef-e44461d35697@group-EF222054BC57, cid=341, SUCCESS, logIndex=504, commits[cb20f782-9136-4144-a2ef-e44461d35697:c505]
2019-09-17 12:48:21,796 [grpc-default-executor-1] INFO  client.GrpcClientProtocolClient (GrpcClientProtocolClient.java:onNext(264)) - client-E41C008B94D2->cb20f782-9136-4144-a2ef-e44461d35697: receive RaftClientReply:client-E41C008B94D2->cb20f782-9136-4144-a2ef-e44461d35697@group-EF222054BC57, cid=342, SUCCESS, logIndex=505, commits[cb20f782-9136-4144-a2ef-e44461d35697:c508]
2019-09-17 12:48:21,797 [grpc-default-executor-1] INFO  client.GrpcClientProtocolClient (GrpcClientProtocolClient.java:onNext(264)) - client-E41C008B94D2->cb20f782-9136-4144-a2ef-e44461d35697: receive RaftClientReply:client-E41C008B94D2->cb20f782-9136-4144-a2ef-e44461d35697@group-EF222054BC57, cid=343, SUCCESS, logIndex=506, commits[cb20f782-9136-4144-a2ef-e44461d35697:c509]
2019-09-17 12:48:21,797 [grpc-default-executor-1] INFO  client.GrpcClientProtocolClient (GrpcClientProtocolClient.java:onNext(264)) - client-E41C008B94D2->cb20f782-9136-4144-a2ef-e44461d35697: receive RaftClientReply:client-E41C008B94D2->cb20f782-9136-4144-a2ef-e44461d35697@group-EF222054BC57, cid=344, SUCCESS, logIndex=507, commits[cb20f782-9136-4144-a2ef-e44461d35697:c509]
2019-09-17 12:48:21,798 [SCMBlockDeletingService#0] DEBUG block.SCMBlockDeletingService (SCMBlockDeletingService.java:call(138)) - Running DeletedBlockTransactionScanner
2019-09-17 12:48:21,798 [SCMBlockDeletingService#0] DEBUG block.SCMBlockDeletingService (SCMBlockDeletingService.java:call(155)) - Scanned deleted blocks log and got 0 delTX to process.
2019-09-17 12:48:21,825 [grpc-default-executor-2] INFO  client.GrpcClientProtocolClient (GrpcClientProtocolClient.java:onNext(264)) - client-E41C008B94D2->cb20f782-9136-4144-a2ef-e44461d35697: receive RaftClientReply:client-E41C008B94D2->cb20f782-9136-4144-a2ef-e44461d35697@group-EF222054BC57, cid=345, SUCCESS, logIndex=510, commits[cb20f782-9136-4144-a2ef-e44461d35697:c511]
2019-09-17 12:48:21,825 [grpc-default-executor-2] INFO  client.GrpcClientProtocolClient (GrpcClientProtocolClient.java:onNext(264)) - client-E41C008B94D2->cb20f782-9136-4144-a2ef-e44461d35697: receive RaftClientReply:client-E41C008B94D2->cb20f782-9136-4144-a2ef-e44461d35697@group-EF222054BC57, cid=346, SUCCESS, logIndex=511, commits[cb20f782-9136-4144-a2ef-e44461d35697:c513]
2019-09-17 12:48:21,826 [grpc-default-executor-2] INFO  client.GrpcClientProtocolClient (GrpcClientProtocolClient.java:onNext(264)) - client-E41C008B94D2->cb20f782-9136-4144-a2ef-e44461d35697: receive RaftClientReply:client-E41C008B94D2->cb20f782-9136-4144-a2ef-e44461d35697@group-EF222054BC57, cid=347, SUCCESS, logIndex=512, commits[cb20f782-9136-4144-a2ef-e44461d35697:c514]
2019-09-17 12:48:21,826 [grpc-default-executor-2] INFO  client.GrpcClientProtocolClient (GrpcClientProtocolClient.java:onNext(264)) - client-E41C008B94D2->cb20f782-9136-4144-a2ef-e44461d35697: receive RaftClientReply:client-E41C008B94D2->cb20f782-9136-4144-a2ef-e44461d35697@group-EF222054BC57, cid=348, SUCCESS, logIndex=513, commits[cb20f782-9136-4144-a2ef-e44461d35697:c515]
2019-09-17 12:48:21,846 [grpc-default-executor-2] INFO  client.GrpcClientProtocolClient (GrpcClientProtocolClient.java:onNext(264)) - client-E41C008B94D2->cb20f782-9136-4144-a2ef-e44461d35697: receive RaftClientReply:client-E41C008B94D2->cb20f782-9136-4144-a2ef-e44461d35697@group-EF222054BC57, cid=349, SUCCESS, logIndex=516, commits[cb20f782-9136-4144-a2ef-e44461d35697:c517]
2019-09-17 12:48:21,847 [grpc-default-executor-2] INFO  client.GrpcClientProtocolClient (GrpcClientProtocolClient.java:onNext(264)) - client-E41C008B94D2->cb20f782-9136-4144-a2ef-e44461d35697: receive RaftClientReply:client-E41C008B94D2->cb20f782-9136-4144-a2ef-e44461d35697@group-EF222054BC57, cid=350, SUCCESS, logIndex=517, commits[cb20f782-9136-4144-a2ef-e44461d35697:c519]
2019-09-17 12:48:21,847 [grpc-default-executor-2] INFO  client.GrpcClientProtocolClient (GrpcClientProtocolClient.java:onNext(264)) - client-E41C008B94D2->cb20f782-9136-4144-a2ef-e44461d35697: receive RaftClientReply:client-E41C008B94D2->cb20f782-9136-4144-a2ef-e44461d35697@group-EF222054BC57, cid=351, SUCCESS, logIndex=518, commits[cb20f782-9136-4144-a2ef-e44461d35697:c519]
2019-09-17 12:48:21,848 [grpc-default-executor-2] INFO  client.GrpcClientProtocolClient (GrpcClientProtocolClient.java:onNext(264)) - client-E41C008B94D2->cb20f782-9136-4144-a2ef-e44461d35697: receive RaftClientReply:client-E41C008B94D2->cb20f782-9136-4144-a2ef-e44461d35697@group-EF222054BC57, cid=352, SUCCESS, logIndex=519, commits[cb20f782-9136-4144-a2ef-e44461d35697:c520]
2019-09-17 12:48:21,899 [SCMBlockDeletingService#0] DEBUG block.SCMBlockDeletingService (SCMBlockDeletingService.java:call(138)) - Running DeletedBlockTransactionScanner
2019-09-17 12:48:21,899 [SCMBlockDeletingService#0] DEBUG block.SCMBlockDeletingService (SCMBlockDeletingService.java:call(155)) - Scanned deleted blocks log and got 0 delTX to process.
2019-09-17 12:48:21,963 [grpc-default-executor-2] INFO  client.GrpcClientProtocolClient (GrpcClientProtocolClient.java:onNext(264)) - client-E41C008B94D2->cb20f782-9136-4144-a2ef-e44461d35697: receive RaftClientReply:client-E41C008B94D2->cb20f782-9136-4144-a2ef-e44461d35697@group-EF222054BC57, cid=353, SUCCESS, logIndex=522, commits[cb20f782-9136-4144-a2ef-e44461d35697:c523]
2019-09-17 12:48:21,964 [grpc-default-executor-2] INFO  client.GrpcClientProtocolClient (GrpcClientProtocolClient.java:onNext(264)) - client-E41C008B94D2->cb20f782-9136-4144-a2ef-e44461d35697: receive RaftClientReply:client-E41C008B94D2->cb20f782-9136-4144-a2ef-e44461d35697@group-EF222054BC57, cid=354, SUCCESS, logIndex=523, commits[cb20f782-9136-4144-a2ef-e44461d35697:c525]
2019-09-17 12:48:21,968 [grpc-default-executor-2] INFO  client.GrpcClientProtocolClient (GrpcClientProtocolClient.java:onNext(264)) - client-E41C008B94D2->cb20f782-9136-4144-a2ef-e44461d35697: receive RaftClientReply:client-E41C008B94D2->cb20f782-9136-4144-a2ef-e44461d35697@group-EF222054BC57, cid=355, SUCCESS, logIndex=524, commits[cb20f782-9136-4144-a2ef-e44461d35697:c526]
2019-09-17 12:48:21,969 [grpc-default-executor-2] INFO  client.GrpcClientProtocolClient (GrpcClientProtocolClient.java:onNext(264)) - client-E41C008B94D2->cb20f782-9136-4144-a2ef-e44461d35697: receive RaftClientReply:client-E41C008B94D2->cb20f782-9136-4144-a2ef-e44461d35697@group-EF222054BC57, cid=356, SUCCESS, logIndex=525, commits[cb20f782-9136-4144-a2ef-e44461d35697:c527]
2019-09-17 12:48:21,988 [grpc-default-executor-1] INFO  client.GrpcClientProtocolClient (GrpcClientProtocolClient.java:onNext(264)) - client-E41C008B94D2->cb20f782-9136-4144-a2ef-e44461d35697: receive RaftClientReply:client-E41C008B94D2->cb20f782-9136-4144-a2ef-e44461d35697@group-EF222054BC57, cid=357, SUCCESS, logIndex=528, commits[cb20f782-9136-4144-a2ef-e44461d35697:c529]
2019-09-17 12:48:21,989 [grpc-default-executor-1] INFO  client.GrpcClientProtocolClient (GrpcClientProtocolClient.java:onNext(264)) - client-E41C008B94D2->cb20f782-9136-4144-a2ef-e44461d35697: receive RaftClientReply:client-E41C008B94D2->cb20f782-9136-4144-a2ef-e44461d35697@group-EF222054BC57, cid=358, SUCCESS, logIndex=529, commits[cb20f782-9136-4144-a2ef-e44461d35697:c531]
2019-09-17 12:48:21,990 [grpc-default-executor-1] INFO  client.GrpcClientProtocolClient (GrpcClientProtocolClient.java:onNext(264)) - client-E41C008B94D2->cb20f782-9136-4144-a2ef-e44461d35697: receive RaftClientReply:client-E41C008B94D2->cb20f782-9136-4144-a2ef-e44461d35697@group-EF222054BC57, cid=359, SUCCESS, logIndex=530, commits[cb20f782-9136-4144-a2ef-e44461d35697:c532]
2019-09-17 12:48:21,990 [grpc-default-executor-1] INFO  client.GrpcClientProtocolClient (GrpcClientProtocolClient.java:onNext(264)) - client-E41C008B94D2->cb20f782-9136-4144-a2ef-e44461d35697: receive RaftClientReply:client-E41C008B94D2->cb20f782-9136-4144-a2ef-e44461d35697@group-EF222054BC57, cid=360, SUCCESS, logIndex=531, commits[cb20f782-9136-4144-a2ef-e44461d35697:c533]
2019-09-17 12:48:21,999 [SCMBlockDeletingService#0] DEBUG block.SCMBlockDeletingService (SCMBlockDeletingService.java:call(138)) - Running DeletedBlockTransactionScanner
2019-09-17 12:48:22,000 [SCMBlockDeletingService#0] DEBUG block.SCMBlockDeletingService (SCMBlockDeletingService.java:call(155)) - Scanned deleted blocks log and got 0 delTX to process.
2019-09-17 12:48:22,017 [grpc-default-executor-1] INFO  client.GrpcClientProtocolClient (GrpcClientProtocolClient.java:onNext(264)) - client-E41C008B94D2->cb20f782-9136-4144-a2ef-e44461d35697: receive RaftClientReply:client-E41C008B94D2->cb20f782-9136-4144-a2ef-e44461d35697@group-EF222054BC57, cid=361, SUCCESS, logIndex=534, commits[cb20f782-9136-4144-a2ef-e44461d35697:c535]
2019-09-17 12:48:22,018 [grpc-default-executor-1] INFO  client.GrpcClientProtocolClient (GrpcClientProtocolClient.java:onNext(264)) - client-E41C008B94D2->cb20f782-9136-4144-a2ef-e44461d35697: receive RaftClientReply:client-E41C008B94D2->cb20f782-9136-4144-a2ef-e44461d35697@group-EF222054BC57, cid=362, SUCCESS, logIndex=535, commits[cb20f782-9136-4144-a2ef-e44461d35697:c535]
2019-09-17 12:48:22,018 [grpc-default-executor-1] INFO  client.GrpcClientProtocolClient (GrpcClientProtocolClient.java:onNext(264)) - client-E41C008B94D2->cb20f782-9136-4144-a2ef-e44461d35697: receive RaftClientReply:client-E41C008B94D2->cb20f782-9136-4144-a2ef-e44461d35697@group-EF222054BC57, cid=363, SUCCESS, logIndex=536, commits[cb20f782-9136-4144-a2ef-e44461d35697:c537]
2019-09-17 12:48:22,019 [grpc-default-executor-1] INFO  client.GrpcClientProtocolClient (GrpcClientProtocolClient.java:onNext(264)) - client-E41C008B94D2->cb20f782-9136-4144-a2ef-e44461d35697: receive RaftClientReply:client-E41C008B94D2->cb20f782-9136-4144-a2ef-e44461d35697@group-EF222054BC57, cid=364, SUCCESS, logIndex=537, commits[cb20f782-9136-4144-a2ef-e44461d35697:c538]
2019-09-17 12:48:22,050 [grpc-default-executor-1] INFO  client.GrpcClientProtocolClient (GrpcClientProtocolClient.java:onNext(264)) - client-E41C008B94D2->cb20f782-9136-4144-a2ef-e44461d35697: receive RaftClientReply:client-E41C008B94D2->cb20f782-9136-4144-a2ef-e44461d35697@group-EF222054BC57, cid=365, SUCCESS, logIndex=540, commits[cb20f782-9136-4144-a2ef-e44461d35697:c541]
2019-09-17 12:48:22,051 [grpc-default-executor-1] INFO  client.GrpcClientProtocolClient (GrpcClientProtocolClient.java:onNext(264)) - client-E41C008B94D2->cb20f782-9136-4144-a2ef-e44461d35697: receive RaftClientReply:client-E41C008B94D2->cb20f782-9136-4144-a2ef-e44461d35697@group-EF222054BC57, cid=366, SUCCESS, logIndex=541, commits[cb20f782-9136-4144-a2ef-e44461d35697:c541]
2019-09-17 12:48:22,061 [grpc-default-executor-1] INFO  client.GrpcClientProtocolClient (GrpcClientProtocolClient.java:onNext(264)) - client-E41C008B94D2->cb20f782-9136-4144-a2ef-e44461d35697: receive RaftClientReply:client-E41C008B94D2->cb20f782-9136-4144-a2ef-e44461d35697@group-EF222054BC57, cid=367, SUCCESS, logIndex=542, commits[cb20f782-9136-4144-a2ef-e44461d35697:c543]
2019-09-17 12:48:22,061 [grpc-default-executor-1] INFO  client.GrpcClientProtocolClient (GrpcClientProtocolClient.java:onNext(264)) - client-E41C008B94D2->cb20f782-9136-4144-a2ef-e44461d35697: receive RaftClientReply:client-E41C008B94D2->cb20f782-9136-4144-a2ef-e44461d35697@group-EF222054BC57, cid=368, SUCCESS, logIndex=543, commits[cb20f782-9136-4144-a2ef-e44461d35697:c544]
2019-09-17 12:48:22,089 [grpc-default-executor-1] INFO  client.GrpcClientProtocolClient (GrpcClientProtocolClient.java:onNext(264)) - client-E41C008B94D2->cb20f782-9136-4144-a2ef-e44461d35697: receive RaftClientReply:client-E41C008B94D2->cb20f782-9136-4144-a2ef-e44461d35697@group-EF222054BC57, cid=369, SUCCESS, logIndex=546, commits[cb20f782-9136-4144-a2ef-e44461d35697:c547]
2019-09-17 12:48:22,090 [grpc-default-executor-1] INFO  client.GrpcClientProtocolClient (GrpcClientProtocolClient.java:onNext(264)) - client-E41C008B94D2->cb20f782-9136-4144-a2ef-e44461d35697: receive RaftClientReply:client-E41C008B94D2->cb20f782-9136-4144-a2ef-e44461d35697@group-EF222054BC57, cid=370, SUCCESS, logIndex=547, commits[cb20f782-9136-4144-a2ef-e44461d35697:c549]
2019-09-17 12:48:22,091 [grpc-default-executor-1] INFO  client.GrpcClientProtocolClient (GrpcClientProtocolClient.java:onNext(264)) - client-E41C008B94D2->cb20f782-9136-4144-a2ef-e44461d35697: receive RaftClientReply:client-E41C008B94D2->cb20f782-9136-4144-a2ef-e44461d35697@group-EF222054BC57, cid=371, SUCCESS, logIndex=548, commits[cb20f782-9136-4144-a2ef-e44461d35697:c550]
2019-09-17 12:48:22,091 [grpc-default-executor-1] INFO  client.GrpcClientProtocolClient (GrpcClientProtocolClient.java:onNext(264)) - client-E41C008B94D2->cb20f782-9136-4144-a2ef-e44461d35697: receive RaftClientReply:client-E41C008B94D2->cb20f782-9136-4144-a2ef-e44461d35697@group-EF222054BC57, cid=372, SUCCESS, logIndex=549, commits[cb20f782-9136-4144-a2ef-e44461d35697:c550]
2019-09-17 12:48:22,100 [SCMBlockDeletingService#0] DEBUG block.SCMBlockDeletingService (SCMBlockDeletingService.java:call(138)) - Running DeletedBlockTransactionScanner
2019-09-17 12:48:22,100 [SCMBlockDeletingService#0] DEBUG block.SCMBlockDeletingService (SCMBlockDeletingService.java:call(155)) - Scanned deleted blocks log and got 0 delTX to process.
2019-09-17 12:48:22,111 [grpc-default-executor-1] INFO  client.GrpcClientProtocolClient (GrpcClientProtocolClient.java:onNext(264)) - client-E41C008B94D2->cb20f782-9136-4144-a2ef-e44461d35697: receive RaftClientReply:client-E41C008B94D2->cb20f782-9136-4144-a2ef-e44461d35697@group-EF222054BC57, cid=373, SUCCESS, logIndex=552, commits[cb20f782-9136-4144-a2ef-e44461d35697:c555]
2019-09-17 12:48:22,111 [grpc-default-executor-1] INFO  client.GrpcClientProtocolClient (GrpcClientProtocolClient.java:onNext(264)) - client-E41C008B94D2->cb20f782-9136-4144-a2ef-e44461d35697: receive RaftClientReply:client-E41C008B94D2->cb20f782-9136-4144-a2ef-e44461d35697@group-EF222054BC57, cid=374, SUCCESS, logIndex=553, commits[cb20f782-9136-4144-a2ef-e44461d35697:c555]
2019-09-17 12:48:22,112 [grpc-default-executor-1] INFO  client.GrpcClientProtocolClient (GrpcClientProtocolClient.java:onNext(264)) - client-E41C008B94D2->cb20f782-9136-4144-a2ef-e44461d35697: receive RaftClientReply:client-E41C008B94D2->cb20f782-9136-4144-a2ef-e44461d35697@group-EF222054BC57, cid=375, SUCCESS, logIndex=554, commits[cb20f782-9136-4144-a2ef-e44461d35697:c556]
2019-09-17 12:48:22,112 [grpc-default-executor-1] INFO  client.GrpcClientProtocolClient (GrpcClientProtocolClient.java:onNext(264)) - client-E41C008B94D2->cb20f782-9136-4144-a2ef-e44461d35697: receive RaftClientReply:client-E41C008B94D2->cb20f782-9136-4144-a2ef-e44461d35697@group-EF222054BC57, cid=376, SUCCESS, logIndex=555, commits[cb20f782-9136-4144-a2ef-e44461d35697:c557]
2019-09-17 12:48:22,139 [grpc-default-executor-1] INFO  client.GrpcClientProtocolClient (GrpcClientProtocolClient.java:onNext(264)) - client-E41C008B94D2->cb20f782-9136-4144-a2ef-e44461d35697: receive RaftClientReply:client-E41C008B94D2->cb20f782-9136-4144-a2ef-e44461d35697@group-EF222054BC57, cid=377, SUCCESS, logIndex=558, commits[cb20f782-9136-4144-a2ef-e44461d35697:c559]
2019-09-17 12:48:22,139 [grpc-default-executor-1] INFO  client.GrpcClientProtocolClient (GrpcClientProtocolClient.java:onNext(264)) - client-E41C008B94D2->cb20f782-9136-4144-a2ef-e44461d35697: receive RaftClientReply:client-E41C008B94D2->cb20f782-9136-4144-a2ef-e44461d35697@group-EF222054BC57, cid=378, SUCCESS, logIndex=559, commits[cb20f782-9136-4144-a2ef-e44461d35697:c561]
2019-09-17 12:48:22,140 [grpc-default-executor-1] INFO  client.GrpcClientProtocolClient (GrpcClientProtocolClient.java:onNext(264)) - client-E41C008B94D2->cb20f782-9136-4144-a2ef-e44461d35697: receive RaftClientReply:client-E41C008B94D2->cb20f782-9136-4144-a2ef-e44461d35697@group-EF222054BC57, cid=379, SUCCESS, logIndex=560, commits[cb20f782-9136-4144-a2ef-e44461d35697:c562]
2019-09-17 12:48:22,140 [grpc-default-executor-1] INFO  client.GrpcClientProtocolClient (GrpcClientProtocolClient.java:onNext(264)) - client-E41C008B94D2->cb20f782-9136-4144-a2ef-e44461d35697: receive RaftClientReply:client-E41C008B94D2->cb20f782-9136-4144-a2ef-e44461d35697@group-EF222054BC57, cid=380, SUCCESS, logIndex=561, commits[cb20f782-9136-4144-a2ef-e44461d35697:c563]
2019-09-17 12:48:22,161 [grpc-default-executor-1] INFO  client.GrpcClientProtocolClient (GrpcClientProtocolClient.java:onNext(264)) - client-E41C008B94D2->cb20f782-9136-4144-a2ef-e44461d35697: receive RaftClientReply:client-E41C008B94D2->cb20f782-9136-4144-a2ef-e44461d35697@group-EF222054BC57, cid=381, SUCCESS, logIndex=564, commits[cb20f782-9136-4144-a2ef-e44461d35697:c565]
2019-09-17 12:48:22,161 [grpc-default-executor-1] INFO  client.GrpcClientProtocolClient (GrpcClientProtocolClient.java:onNext(264)) - client-E41C008B94D2->cb20f782-9136-4144-a2ef-e44461d35697: receive RaftClientReply:client-E41C008B94D2->cb20f782-9136-4144-a2ef-e44461d35697@group-EF222054BC57, cid=382, SUCCESS, logIndex=565, commits[cb20f782-9136-4144-a2ef-e44461d35697:c567]
2019-09-17 12:48:22,162 [grpc-default-executor-1] INFO  client.GrpcClientProtocolClient (GrpcClientProtocolClient.java:onNext(264)) - client-E41C008B94D2->cb20f782-9136-4144-a2ef-e44461d35697: receive RaftClientReply:client-E41C008B94D2->cb20f782-9136-4144-a2ef-e44461d35697@group-EF222054BC57, cid=383, SUCCESS, logIndex=566, commits[cb20f782-9136-4144-a2ef-e44461d35697:c568]
2019-09-17 12:48:22,162 [grpc-default-executor-1] INFO  client.GrpcClientProtocolClient (GrpcClientProtocolClient.java:onNext(264)) - client-E41C008B94D2->cb20f782-9136-4144-a2ef-e44461d35697: receive RaftClientReply:client-E41C008B94D2->cb20f782-9136-4144-a2ef-e44461d35697@group-EF222054BC57, cid=384, SUCCESS, logIndex=567, commits[cb20f782-9136-4144-a2ef-e44461d35697:c569]
2019-09-17 12:48:22,189 [grpc-default-executor-1] INFO  client.GrpcClientProtocolClient (GrpcClientProtocolClient.java:onNext(264)) - client-E41C008B94D2->cb20f782-9136-4144-a2ef-e44461d35697: receive RaftClientReply:client-E41C008B94D2->cb20f782-9136-4144-a2ef-e44461d35697@group-EF222054BC57, cid=385, SUCCESS, logIndex=570, commits[cb20f782-9136-4144-a2ef-e44461d35697:c571]
2019-09-17 12:48:22,190 [grpc-default-executor-1] INFO  client.GrpcClientProtocolClient (GrpcClientProtocolClient.java:onNext(264)) - client-E41C008B94D2->cb20f782-9136-4144-a2ef-e44461d35697: receive RaftClientReply:client-E41C008B94D2->cb20f782-9136-4144-a2ef-e44461d35697@group-EF222054BC57, cid=386, SUCCESS, logIndex=571, commits[cb20f782-9136-4144-a2ef-e44461d35697:c573]
2019-09-17 12:48:22,190 [grpc-default-executor-1] INFO  client.GrpcClientProtocolClient (GrpcClientProtocolClient.java:onNext(264)) - client-E41C008B94D2->cb20f782-9136-4144-a2ef-e44461d35697: receive RaftClientReply:client-E41C008B94D2->cb20f782-9136-4144-a2ef-e44461d35697@group-EF222054BC57, cid=387, SUCCESS, logIndex=572, commits[cb20f782-9136-4144-a2ef-e44461d35697:c574]
2019-09-17 12:48:22,191 [grpc-default-executor-1] INFO  client.GrpcClientProtocolClient (GrpcClientProtocolClient.java:onNext(264)) - client-E41C008B94D2->cb20f782-9136-4144-a2ef-e44461d35697: receive RaftClientReply:client-E41C008B94D2->cb20f782-9136-4144-a2ef-e44461d35697@group-EF222054BC57, cid=388, SUCCESS, logIndex=573, commits[cb20f782-9136-4144-a2ef-e44461d35697:c575]
2019-09-17 12:48:22,201 [SCMBlockDeletingService#0] DEBUG block.SCMBlockDeletingService (SCMBlockDeletingService.java:call(138)) - Running DeletedBlockTransactionScanner
2019-09-17 12:48:22,201 [SCMBlockDeletingService#0] DEBUG block.SCMBlockDeletingService (SCMBlockDeletingService.java:call(155)) - Scanned deleted blocks log and got 0 delTX to process.
2019-09-17 12:48:22,209 [grpc-default-executor-1] INFO  client.GrpcClientProtocolClient (GrpcClientProtocolClient.java:onNext(264)) - client-E41C008B94D2->cb20f782-9136-4144-a2ef-e44461d35697: receive RaftClientReply:client-E41C008B94D2->cb20f782-9136-4144-a2ef-e44461d35697@group-EF222054BC57, cid=389, SUCCESS, logIndex=576, commits[cb20f782-9136-4144-a2ef-e44461d35697:c577]
2019-09-17 12:48:22,210 [grpc-default-executor-1] INFO  client.GrpcClientProtocolClient (GrpcClientProtocolClient.java:onNext(264)) - client-E41C008B94D2->cb20f782-9136-4144-a2ef-e44461d35697: receive RaftClientReply:client-E41C008B94D2->cb20f782-9136-4144-a2ef-e44461d35697@group-EF222054BC57, cid=390, SUCCESS, logIndex=577, commits[cb20f782-9136-4144-a2ef-e44461d35697:c579]
2019-09-17 12:48:22,210 [grpc-default-executor-1] INFO  client.GrpcClientProtocolClient (GrpcClientProtocolClient.java:onNext(264)) - client-E41C008B94D2->cb20f782-9136-4144-a2ef-e44461d35697: receive RaftClientReply:client-E41C008B94D2->cb20f782-9136-4144-a2ef-e44461d35697@group-EF222054BC57, cid=391, SUCCESS, logIndex=578, commits[cb20f782-9136-4144-a2ef-e44461d35697:c580]
2019-09-17 12:48:22,211 [grpc-default-executor-1] INFO  client.GrpcClientProtocolClient (GrpcClientProtocolClient.java:onNext(264)) - client-E41C008B94D2->cb20f782-9136-4144-a2ef-e44461d35697: receive RaftClientReply:client-E41C008B94D2->cb20f782-9136-4144-a2ef-e44461d35697@group-EF222054BC57, cid=392, SUCCESS, logIndex=579, commits[cb20f782-9136-4144-a2ef-e44461d35697:c581]
2019-09-17 12:48:22,237 [grpc-default-executor-1] INFO  client.GrpcClientProtocolClient (GrpcClientProtocolClient.java:onNext(264)) - client-E41C008B94D2->cb20f782-9136-4144-a2ef-e44461d35697: receive RaftClientReply:client-E41C008B94D2->cb20f782-9136-4144-a2ef-e44461d35697@group-EF222054BC57, cid=393, SUCCESS, logIndex=582, commits[cb20f782-9136-4144-a2ef-e44461d35697:c583]
2019-09-17 12:48:22,237 [grpc-default-executor-1] INFO  client.GrpcClientProtocolClient (GrpcClientProtocolClient.java:onNext(264)) - client-E41C008B94D2->cb20f782-9136-4144-a2ef-e44461d35697: receive RaftClientReply:client-E41C008B94D2->cb20f782-9136-4144-a2ef-e44461d35697@group-EF222054BC57, cid=394, SUCCESS, logIndex=583, commits[cb20f782-9136-4144-a2ef-e44461d35697:c585]
2019-09-17 12:48:22,238 [grpc-default-executor-1] INFO  client.GrpcClientProtocolClient (GrpcClientProtocolClient.java:onNext(264)) - client-E41C008B94D2->cb20f782-9136-4144-a2ef-e44461d35697: receive RaftClientReply:client-E41C008B94D2->cb20f782-9136-4144-a2ef-e44461d35697@group-EF222054BC57, cid=395, SUCCESS, logIndex=584, commits[cb20f782-9136-4144-a2ef-e44461d35697:c585]
2019-09-17 12:48:22,238 [grpc-default-executor-1] INFO  client.GrpcClientProtocolClient (GrpcClientProtocolClient.java:onNext(264)) - client-E41C008B94D2->cb20f782-9136-4144-a2ef-e44461d35697: receive RaftClientReply:client-E41C008B94D2->cb20f782-9136-4144-a2ef-e44461d35697@group-EF222054BC57, cid=396, SUCCESS, logIndex=585, commits[cb20f782-9136-4144-a2ef-e44461d35697:c586]
2019-09-17 12:48:22,302 [SCMBlockDeletingService#0] DEBUG block.SCMBlockDeletingService (SCMBlockDeletingService.java:call(138)) - Running DeletedBlockTransactionScanner
2019-09-17 12:48:22,302 [SCMBlockDeletingService#0] DEBUG block.SCMBlockDeletingService (SCMBlockDeletingService.java:call(155)) - Scanned deleted blocks log and got 0 delTX to process.
2019-09-17 12:48:22,391 [grpc-default-executor-1] INFO  client.GrpcClientProtocolClient (GrpcClientProtocolClient.java:onNext(264)) - client-E41C008B94D2->cb20f782-9136-4144-a2ef-e44461d35697: receive RaftClientReply:client-E41C008B94D2->cb20f782-9136-4144-a2ef-e44461d35697@group-EF222054BC57, cid=397, SUCCESS, logIndex=588, commits[cb20f782-9136-4144-a2ef-e44461d35697:c591]
2019-09-17 12:48:22,391 [grpc-default-executor-1] INFO  client.GrpcClientProtocolClient (GrpcClientProtocolClient.java:onNext(264)) - client-E41C008B94D2->cb20f782-9136-4144-a2ef-e44461d35697: receive RaftClientReply:client-E41C008B94D2->cb20f782-9136-4144-a2ef-e44461d35697@group-EF222054BC57, cid=398, SUCCESS, logIndex=589, commits[cb20f782-9136-4144-a2ef-e44461d35697:c593]
2019-09-17 12:48:22,392 [grpc-default-executor-1] INFO  client.GrpcClientProtocolClient (GrpcClientProtocolClient.java:onNext(264)) - client-E41C008B94D2->cb20f782-9136-4144-a2ef-e44461d35697: receive RaftClientReply:client-E41C008B94D2->cb20f782-9136-4144-a2ef-e44461d35697@group-EF222054BC57, cid=399, SUCCESS, logIndex=590, commits[cb20f782-9136-4144-a2ef-e44461d35697:c593]
2019-09-17 12:48:22,392 [grpc-default-executor-1] INFO  client.GrpcClientProtocolClient (GrpcClientProtocolClient.java:onNext(264)) - client-E41C008B94D2->cb20f782-9136-4144-a2ef-e44461d35697: receive RaftClientReply:client-E41C008B94D2->cb20f782-9136-4144-a2ef-e44461d35697@group-EF222054BC57, cid=400, SUCCESS, logIndex=591, commits[cb20f782-9136-4144-a2ef-e44461d35697:c593]
2019-09-17 12:48:22,402 [SCMBlockDeletingService#0] DEBUG block.SCMBlockDeletingService (SCMBlockDeletingService.java:call(138)) - Running DeletedBlockTransactionScanner
2019-09-17 12:48:22,402 [SCMBlockDeletingService#0] DEBUG block.SCMBlockDeletingService (SCMBlockDeletingService.java:call(155)) - Scanned deleted blocks log and got 0 delTX to process.
2019-09-17 12:48:22,552 [SCMBlockDeletingService#0] DEBUG block.SCMBlockDeletingService (SCMBlockDeletingService.java:call(138)) - Running DeletedBlockTransactionScanner
2019-09-17 12:48:22,553 [SCMBlockDeletingService#0] DEBUG block.SCMBlockDeletingService (SCMBlockDeletingService.java:call(155)) - Scanned deleted blocks log and got 0 delTX to process.
2019-09-17 12:48:22,572 [grpc-default-executor-1] INFO  client.GrpcClientProtocolClient (GrpcClientProtocolClient.java:onNext(264)) - client-E41C008B94D2->cb20f782-9136-4144-a2ef-e44461d35697: receive RaftClientReply:client-E41C008B94D2->cb20f782-9136-4144-a2ef-e44461d35697@group-EF222054BC57, cid=401, SUCCESS, logIndex=594, commits[cb20f782-9136-4144-a2ef-e44461d35697:c595]
2019-09-17 12:48:22,573 [grpc-default-executor-1] INFO  client.GrpcClientProtocolClient (GrpcClientProtocolClient.java:onNext(264)) - client-E41C008B94D2->cb20f782-9136-4144-a2ef-e44461d35697: receive RaftClientReply:client-E41C008B94D2->cb20f782-9136-4144-a2ef-e44461d35697@group-EF222054BC57, cid=402, SUCCESS, logIndex=595, commits[cb20f782-9136-4144-a2ef-e44461d35697:c597]
2019-09-17 12:48:22,574 [grpc-default-executor-1] INFO  client.GrpcClientProtocolClient (GrpcClientProtocolClient.java:onNext(264)) - client-E41C008B94D2->cb20f782-9136-4144-a2ef-e44461d35697: receive RaftClientReply:client-E41C008B94D2->cb20f782-9136-4144-a2ef-e44461d35697@group-EF222054BC57, cid=403, SUCCESS, logIndex=596, commits[cb20f782-9136-4144-a2ef-e44461d35697:c597]
2019-09-17 12:48:22,574 [grpc-default-executor-1] INFO  client.GrpcClientProtocolClient (GrpcClientProtocolClient.java:onNext(264)) - client-E41C008B94D2->cb20f782-9136-4144-a2ef-e44461d35697: receive RaftClientReply:client-E41C008B94D2->cb20f782-9136-4144-a2ef-e44461d35697@group-EF222054BC57, cid=404, SUCCESS, logIndex=597, commits[cb20f782-9136-4144-a2ef-e44461d35697:c598]
2019-09-17 12:48:22,595 [grpc-default-executor-1] INFO  client.GrpcClientProtocolClient (GrpcClientProtocolClient.java:onNext(264)) - client-E41C008B94D2->cb20f782-9136-4144-a2ef-e44461d35697: receive RaftClientReply:client-E41C008B94D2->cb20f782-9136-4144-a2ef-e44461d35697@group-EF222054BC57, cid=405, SUCCESS, logIndex=600, commits[cb20f782-9136-4144-a2ef-e44461d35697:c601]
2019-09-17 12:48:22,595 [grpc-default-executor-1] INFO  client.GrpcClientProtocolClient (GrpcClientProtocolClient.java:onNext(264)) - client-E41C008B94D2->cb20f782-9136-4144-a2ef-e44461d35697: receive RaftClientReply:client-E41C008B94D2->cb20f782-9136-4144-a2ef-e44461d35697@group-EF222054BC57, cid=406, SUCCESS, logIndex=601, commits[cb20f782-9136-4144-a2ef-e44461d35697:c601]
2019-09-17 12:48:22,606 [grpc-default-executor-1] INFO  client.GrpcClientProtocolClient (GrpcClientProtocolClient.java:onNext(264)) - client-E41C008B94D2->cb20f782-9136-4144-a2ef-e44461d35697: receive RaftClientReply:client-E41C008B94D2->cb20f782-9136-4144-a2ef-e44461d35697@group-EF222054BC57, cid=407, SUCCESS, logIndex=602, commits[cb20f782-9136-4144-a2ef-e44461d35697:c603]
2019-09-17 12:48:22,606 [grpc-default-executor-1] INFO  client.GrpcClientProtocolClient (GrpcClientProtocolClient.java:onNext(264)) - client-E41C008B94D2->cb20f782-9136-4144-a2ef-e44461d35697: receive RaftClientReply:client-E41C008B94D2->cb20f782-9136-4144-a2ef-e44461d35697@group-EF222054BC57, cid=408, SUCCESS, logIndex=603, commits[cb20f782-9136-4144-a2ef-e44461d35697:c603]
2019-09-17 12:48:22,636 [grpc-default-executor-2] INFO  client.GrpcClientProtocolClient (GrpcClientProtocolClient.java:onNext(264)) - client-E41C008B94D2->cb20f782-9136-4144-a2ef-e44461d35697: receive RaftClientReply:client-E41C008B94D2->cb20f782-9136-4144-a2ef-e44461d35697@group-EF222054BC57, cid=409, SUCCESS, logIndex=606, commits[cb20f782-9136-4144-a2ef-e44461d35697:c607]
2019-09-17 12:48:22,637 [grpc-default-executor-2] INFO  client.GrpcClientProtocolClient (GrpcClientProtocolClient.java:onNext(264)) - client-E41C008B94D2->cb20f782-9136-4144-a2ef-e44461d35697: receive RaftClientReply:client-E41C008B94D2->cb20f782-9136-4144-a2ef-e44461d35697@group-EF222054BC57, cid=410, SUCCESS, logIndex=607, commits[cb20f782-9136-4144-a2ef-e44461d35697:c609]
2019-09-17 12:48:22,638 [grpc-default-executor-2] INFO  client.GrpcClientProtocolClient (GrpcClientProtocolClient.java:onNext(264)) - client-E41C008B94D2->cb20f782-9136-4144-a2ef-e44461d35697: receive RaftClientReply:client-E41C008B94D2->cb20f782-9136-4144-a2ef-e44461d35697@group-EF222054BC57, cid=411, SUCCESS, logIndex=608, commits[cb20f782-9136-4144-a2ef-e44461d35697:c609]
2019-09-17 12:48:22,638 [grpc-default-executor-2] INFO  client.GrpcClientProtocolClient (GrpcClientProtocolClient.java:onNext(264)) - client-E41C008B94D2->cb20f782-9136-4144-a2ef-e44461d35697: receive RaftClientReply:client-E41C008B94D2->cb20f782-9136-4144-a2ef-e44461d35697@group-EF222054BC57, cid=412, SUCCESS, logIndex=609, commits[cb20f782-9136-4144-a2ef-e44461d35697:c609]
2019-09-17 12:48:22,653 [SCMBlockDeletingService#0] DEBUG block.SCMBlockDeletingService (SCMBlockDeletingService.java:call(138)) - Running DeletedBlockTransactionScanner
2019-09-17 12:48:22,654 [SCMBlockDeletingService#0] DEBUG block.SCMBlockDeletingService (SCMBlockDeletingService.java:call(155)) - Scanned deleted blocks log and got 0 delTX to process.
2019-09-17 12:48:22,664 [grpc-default-executor-2] INFO  client.GrpcClientProtocolClient (GrpcClientProtocolClient.java:onNext(264)) - client-E41C008B94D2->cb20f782-9136-4144-a2ef-e44461d35697: receive RaftClientReply:client-E41C008B94D2->cb20f782-9136-4144-a2ef-e44461d35697@group-EF222054BC57, cid=413, SUCCESS, logIndex=612, commits[cb20f782-9136-4144-a2ef-e44461d35697:c613]
2019-09-17 12:48:22,665 [grpc-default-executor-2] INFO  client.GrpcClientProtocolClient (GrpcClientProtocolClient.java:onNext(264)) - client-E41C008B94D2->cb20f782-9136-4144-a2ef-e44461d35697: receive RaftClientReply:client-E41C008B94D2->cb20f782-9136-4144-a2ef-e44461d35697@group-EF222054BC57, cid=414, SUCCESS, logIndex=613, commits[cb20f782-9136-4144-a2ef-e44461d35697:c615]
2019-09-17 12:48:22,665 [grpc-default-executor-2] INFO  client.GrpcClientProtocolClient (GrpcClientProtocolClient.java:onNext(264)) - client-E41C008B94D2->cb20f782-9136-4144-a2ef-e44461d35697: receive RaftClientReply:client-E41C008B94D2->cb20f782-9136-4144-a2ef-e44461d35697@group-EF222054BC57, cid=415, SUCCESS, logIndex=614, commits[cb20f782-9136-4144-a2ef-e44461d35697:c616]
2019-09-17 12:48:22,666 [grpc-default-executor-2] INFO  client.GrpcClientProtocolClient (GrpcClientProtocolClient.java:onNext(264)) - client-E41C008B94D2->cb20f782-9136-4144-a2ef-e44461d35697: receive RaftClientReply:client-E41C008B94D2->cb20f782-9136-4144-a2ef-e44461d35697@group-EF222054BC57, cid=416, SUCCESS, logIndex=615, commits[cb20f782-9136-4144-a2ef-e44461d35697:c616]
2019-09-17 12:48:22,698 [grpc-default-executor-2] INFO  client.GrpcClientProtocolClient (GrpcClientProtocolClient.java:onNext(264)) - client-E41C008B94D2->cb20f782-9136-4144-a2ef-e44461d35697: receive RaftClientReply:client-E41C008B94D2->cb20f782-9136-4144-a2ef-e44461d35697@group-EF222054BC57, cid=417, SUCCESS, logIndex=618, commits[cb20f782-9136-4144-a2ef-e44461d35697:c619]
2019-09-17 12:48:22,698 [grpc-default-executor-2] INFO  client.GrpcClientProtocolClient (GrpcClientProtocolClient.java:onNext(264)) - client-E41C008B94D2->cb20f782-9136-4144-a2ef-e44461d35697: receive RaftClientReply:client-E41C008B94D2->cb20f782-9136-4144-a2ef-e44461d35697@group-EF222054BC57, cid=418, SUCCESS, logIndex=619, commits[cb20f782-9136-4144-a2ef-e44461d35697:c619]
2019-09-17 12:48:22,699 [grpc-default-executor-2] INFO  client.GrpcClientProtocolClient (GrpcClientProtocolClient.java:onNext(264)) - client-E41C008B94D2->cb20f782-9136-4144-a2ef-e44461d35697: receive RaftClientReply:client-E41C008B94D2->cb20f782-9136-4144-a2ef-e44461d35697@group-EF222054BC57, cid=419, SUCCESS, logIndex=620, commits[cb20f782-9136-4144-a2ef-e44461d35697:c621]
2019-09-17 12:48:22,699 [grpc-default-executor-2] INFO  client.GrpcClientProtocolClient (GrpcClientProtocolClient.java:onNext(264)) - client-E41C008B94D2->cb20f782-9136-4144-a2ef-e44461d35697: receive RaftClientReply:client-E41C008B94D2->cb20f782-9136-4144-a2ef-e44461d35697@group-EF222054BC57, cid=420, SUCCESS, logIndex=621, commits[cb20f782-9136-4144-a2ef-e44461d35697:c622]
2019-09-17 12:48:22,723 [grpc-default-executor-2] INFO  client.GrpcClientProtocolClient (GrpcClientProtocolClient.java:onNext(264)) - client-E41C008B94D2->cb20f782-9136-4144-a2ef-e44461d35697: receive RaftClientReply:client-E41C008B94D2->cb20f782-9136-4144-a2ef-e44461d35697@group-EF222054BC57, cid=421, SUCCESS, logIndex=624, commits[cb20f782-9136-4144-a2ef-e44461d35697:c625]
2019-09-17 12:48:22,723 [grpc-default-executor-2] INFO  client.GrpcClientProtocolClient (GrpcClientProtocolClient.java:onNext(264)) - client-E41C008B94D2->cb20f782-9136-4144-a2ef-e44461d35697: receive RaftClientReply:client-E41C008B94D2->cb20f782-9136-4144-a2ef-e44461d35697@group-EF222054BC57, cid=422, SUCCESS, logIndex=625, commits[cb20f782-9136-4144-a2ef-e44461d35697:c627]
2019-09-17 12:48:22,724 [grpc-default-executor-2] INFO  client.GrpcClientProtocolClient (GrpcClientProtocolClient.java:onNext(264)) - client-E41C008B94D2->cb20f782-9136-4144-a2ef-e44461d35697: receive RaftClientReply:client-E41C008B94D2->cb20f782-9136-4144-a2ef-e44461d35697@group-EF222054BC57, cid=423, SUCCESS, logIndex=626, commits[cb20f782-9136-4144-a2ef-e44461d35697:c628]
2019-09-17 12:48:22,725 [grpc-default-executor-2] INFO  client.GrpcClientProtocolClient (GrpcClientProtocolClient.java:onNext(264)) - client-E41C008B94D2->cb20f782-9136-4144-a2ef-e44461d35697: receive RaftClientReply:client-E41C008B94D2->cb20f782-9136-4144-a2ef-e44461d35697@group-EF222054BC57, cid=424, SUCCESS, logIndex=627, commits[cb20f782-9136-4144-a2ef-e44461d35697:c628]
2019-09-17 12:48:22,754 [SCMBlockDeletingService#0] DEBUG block.SCMBlockDeletingService (SCMBlockDeletingService.java:call(138)) - Running DeletedBlockTransactionScanner
2019-09-17 12:48:22,754 [SCMBlockDeletingService#0] DEBUG block.SCMBlockDeletingService (SCMBlockDeletingService.java:call(155)) - Scanned deleted blocks log and got 0 delTX to process.
2019-09-17 12:48:22,760 [grpc-default-executor-2] INFO  client.GrpcClientProtocolClient (GrpcClientProtocolClient.java:onNext(264)) - client-E41C008B94D2->cb20f782-9136-4144-a2ef-e44461d35697: receive RaftClientReply:client-E41C008B94D2->cb20f782-9136-4144-a2ef-e44461d35697@group-EF222054BC57, cid=425, SUCCESS, logIndex=630, commits[cb20f782-9136-4144-a2ef-e44461d35697:c631]
2019-09-17 12:48:22,760 [grpc-default-executor-2] INFO  client.GrpcClientProtocolClient (GrpcClientProtocolClient.java:onNext(264)) - client-E41C008B94D2->cb20f782-9136-4144-a2ef-e44461d35697: receive RaftClientReply:client-E41C008B94D2->cb20f782-9136-4144-a2ef-e44461d35697@group-EF222054BC57, cid=426, SUCCESS, logIndex=631, commits[cb20f782-9136-4144-a2ef-e44461d35697:c631]
2019-09-17 12:48:22,783 [grpc-default-executor-2] INFO  client.GrpcClientProtocolClient (GrpcClientProtocolClient.java:onNext(264)) - client-E41C008B94D2->cb20f782-9136-4144-a2ef-e44461d35697: receive RaftClientReply:client-E41C008B94D2->cb20f782-9136-4144-a2ef-e44461d35697@group-EF222054BC57, cid=427, SUCCESS, logIndex=632, commits[cb20f782-9136-4144-a2ef-e44461d35697:c634]
2019-09-17 12:48:22,783 [grpc-default-executor-2] INFO  client.GrpcClientProtocolClient (GrpcClientProtocolClient.java:onNext(264)) - client-E41C008B94D2->cb20f782-9136-4144-a2ef-e44461d35697: receive RaftClientReply:client-E41C008B94D2->cb20f782-9136-4144-a2ef-e44461d35697@group-EF222054BC57, cid=428, SUCCESS, logIndex=633, commits[cb20f782-9136-4144-a2ef-e44461d35697:c634]
2019-09-17 12:48:22,806 [grpc-default-executor-2] INFO  client.GrpcClientProtocolClient (GrpcClientProtocolClient.java:onNext(264)) - client-E41C008B94D2->cb20f782-9136-4144-a2ef-e44461d35697: receive RaftClientReply:client-E41C008B94D2->cb20f782-9136-4144-a2ef-e44461d35697@group-EF222054BC57, cid=429, SUCCESS, logIndex=635, commits[cb20f782-9136-4144-a2ef-e44461d35697:c636]
2019-09-17 12:48:22,807 [grpc-default-executor-2] INFO  client.GrpcClientProtocolClient (GrpcClientProtocolClient.java:onNext(264)) - client-E41C008B94D2->cb20f782-9136-4144-a2ef-e44461d35697: receive RaftClientReply:client-E41C008B94D2->cb20f782-9136-4144-a2ef-e44461d35697@group-EF222054BC57, cid=430, SUCCESS, logIndex=636, commits[cb20f782-9136-4144-a2ef-e44461d35697:c638]
2019-09-17 12:48:22,808 [grpc-default-executor-2] INFO  client.GrpcClientProtocolClient (GrpcClientProtocolClient.java:onNext(264)) - client-E41C008B94D2->cb20f782-9136-4144-a2ef-e44461d35697: receive RaftClientReply:client-E41C008B94D2->cb20f782-9136-4144-a2ef-e44461d35697@group-EF222054BC57, cid=431, SUCCESS, logIndex=637, commits[cb20f782-9136-4144-a2ef-e44461d35697:c639]
2019-09-17 12:48:22,808 [grpc-default-executor-2] INFO  client.GrpcClientProtocolClient (GrpcClientProtocolClient.java:onNext(264)) - client-E41C008B94D2->cb20f782-9136-4144-a2ef-e44461d35697: receive RaftClientReply:client-E41C008B94D2->cb20f782-9136-4144-a2ef-e44461d35697@group-EF222054BC57, cid=432, SUCCESS, logIndex=638, commits[cb20f782-9136-4144-a2ef-e44461d35697:c640]
2019-09-17 12:48:22,842 [grpc-default-executor-1] INFO  client.GrpcClientProtocolClient (GrpcClientProtocolClient.java:onNext(264)) - client-E41C008B94D2->cb20f782-9136-4144-a2ef-e44461d35697: receive RaftClientReply:client-E41C008B94D2->cb20f782-9136-4144-a2ef-e44461d35697@group-EF222054BC57, cid=433, SUCCESS, logIndex=641, commits[cb20f782-9136-4144-a2ef-e44461d35697:c642]
2019-09-17 12:48:22,843 [grpc-default-executor-1] INFO  client.GrpcClientProtocolClient (GrpcClientProtocolClient.java:onNext(264)) - client-E41C008B94D2->cb20f782-9136-4144-a2ef-e44461d35697: receive RaftClientReply:client-E41C008B94D2->cb20f782-9136-4144-a2ef-e44461d35697@group-EF222054BC57, cid=434, SUCCESS, logIndex=642, commits[cb20f782-9136-4144-a2ef-e44461d35697:c644]
2019-09-17 12:48:22,844 [grpc-default-executor-1] INFO  client.GrpcClientProtocolClient (GrpcClientProtocolClient.java:onNext(264)) - client-E41C008B94D2->cb20f782-9136-4144-a2ef-e44461d35697: receive RaftClientReply:client-E41C008B94D2->cb20f782-9136-4144-a2ef-e44461d35697@group-EF222054BC57, cid=435, SUCCESS, logIndex=643, commits[cb20f782-9136-4144-a2ef-e44461d35697:c645]
2019-09-17 12:48:22,844 [grpc-default-executor-1] INFO  client.GrpcClientProtocolClient (GrpcClientProtocolClient.java:onNext(264)) - client-E41C008B94D2->cb20f782-9136-4144-a2ef-e44461d35697: receive RaftClientReply:client-E41C008B94D2->cb20f782-9136-4144-a2ef-e44461d35697@group-EF222054BC57, cid=436, SUCCESS, logIndex=644, commits[cb20f782-9136-4144-a2ef-e44461d35697:c646]
2019-09-17 12:48:22,855 [SCMBlockDeletingService#0] DEBUG block.SCMBlockDeletingService (SCMBlockDeletingService.java:call(138)) - Running DeletedBlockTransactionScanner
2019-09-17 12:48:22,855 [SCMBlockDeletingService#0] DEBUG block.SCMBlockDeletingService (SCMBlockDeletingService.java:call(155)) - Scanned deleted blocks log and got 0 delTX to process.
2019-09-17 12:48:22,867 [grpc-default-executor-1] INFO  client.GrpcClientProtocolClient (GrpcClientProtocolClient.java:onNext(264)) - client-E41C008B94D2->cb20f782-9136-4144-a2ef-e44461d35697: receive RaftClientReply:client-E41C008B94D2->cb20f782-9136-4144-a2ef-e44461d35697@group-EF222054BC57, cid=437, SUCCESS, logIndex=647, commits[cb20f782-9136-4144-a2ef-e44461d35697:c648]
2019-09-17 12:48:22,868 [grpc-default-executor-1] INFO  client.GrpcClientProtocolClient (GrpcClientProtocolClient.java:onNext(264)) - client-E41C008B94D2->cb20f782-9136-4144-a2ef-e44461d35697: receive RaftClientReply:client-E41C008B94D2->cb20f782-9136-4144-a2ef-e44461d35697@group-EF222054BC57, cid=438, SUCCESS, logIndex=648, commits[cb20f782-9136-4144-a2ef-e44461d35697:c650]
2019-09-17 12:48:22,868 [grpc-default-executor-1] INFO  client.GrpcClientProtocolClient (GrpcClientProtocolClient.java:onNext(264)) - client-E41C008B94D2->cb20f782-9136-4144-a2ef-e44461d35697: receive RaftClientReply:client-E41C008B94D2->cb20f782-9136-4144-a2ef-e44461d35697@group-EF222054BC57, cid=439, SUCCESS, logIndex=649, commits[cb20f782-9136-4144-a2ef-e44461d35697:c650]
2019-09-17 12:48:22,869 [grpc-default-executor-1] INFO  client.GrpcClientProtocolClient (GrpcClientProtocolClient.java:onNext(264)) - client-E41C008B94D2->cb20f782-9136-4144-a2ef-e44461d35697: receive RaftClientReply:client-E41C008B94D2->cb20f782-9136-4144-a2ef-e44461d35697@group-EF222054BC57, cid=440, SUCCESS, logIndex=650, commits[cb20f782-9136-4144-a2ef-e44461d35697:c651]
2019-09-17 12:48:22,900 [grpc-default-executor-2] INFO  client.GrpcClientProtocolClient (GrpcClientProtocolClient.java:onNext(264)) - client-E41C008B94D2->cb20f782-9136-4144-a2ef-e44461d35697: receive RaftClientReply:client-E41C008B94D2->cb20f782-9136-4144-a2ef-e44461d35697@group-EF222054BC57, cid=441, SUCCESS, logIndex=653, commits[cb20f782-9136-4144-a2ef-e44461d35697:c654]
2019-09-17 12:48:22,901 [grpc-default-executor-2] INFO  client.GrpcClientProtocolClient (GrpcClientProtocolClient.java:onNext(264)) - client-E41C008B94D2->cb20f782-9136-4144-a2ef-e44461d35697: receive RaftClientReply:client-E41C008B94D2->cb20f782-9136-4144-a2ef-e44461d35697@group-EF222054BC57, cid=442, SUCCESS, logIndex=654, commits[cb20f782-9136-4144-a2ef-e44461d35697:c654]
2019-09-17 12:48:22,955 [SCMBlockDeletingService#0] DEBUG block.SCMBlockDeletingService (SCMBlockDeletingService.java:call(138)) - Running DeletedBlockTransactionScanner
2019-09-17 12:48:22,956 [SCMBlockDeletingService#0] DEBUG block.SCMBlockDeletingService (SCMBlockDeletingService.java:call(155)) - Scanned deleted blocks log and got 0 delTX to process.
2019-09-17 12:48:23,021 [grpc-default-executor-1] INFO  client.GrpcClientProtocolClient (GrpcClientProtocolClient.java:onNext(264)) - client-E41C008B94D2->cb20f782-9136-4144-a2ef-e44461d35697: receive RaftClientReply:client-E41C008B94D2->cb20f782-9136-4144-a2ef-e44461d35697@group-EF222054BC57, cid=443, SUCCESS, logIndex=656, commits[cb20f782-9136-4144-a2ef-e44461d35697:c657]
2019-09-17 12:48:23,022 [grpc-default-executor-1] INFO  client.GrpcClientProtocolClient (GrpcClientProtocolClient.java:onNext(264)) - client-E41C008B94D2->cb20f782-9136-4144-a2ef-e44461d35697: receive RaftClientReply:client-E41C008B94D2->cb20f782-9136-4144-a2ef-e44461d35697@group-EF222054BC57, cid=444, SUCCESS, logIndex=657, commits[cb20f782-9136-4144-a2ef-e44461d35697:c657]
2019-09-17 12:48:23,046 [grpc-default-executor-2] INFO  client.GrpcClientProtocolClient (GrpcClientProtocolClient.java:onNext(264)) - client-E41C008B94D2->cb20f782-9136-4144-a2ef-e44461d35697: receive RaftClientReply:client-E41C008B94D2->cb20f782-9136-4144-a2ef-e44461d35697@group-EF222054BC57, cid=445, SUCCESS, logIndex=659, commits[cb20f782-9136-4144-a2ef-e44461d35697:c660]
2019-09-17 12:48:23,051 [grpc-default-executor-2] INFO  client.GrpcClientProtocolClient (GrpcClientProtocolClient.java:onNext(264)) - client-E41C008B94D2->cb20f782-9136-4144-a2ef-e44461d35697: receive RaftClientReply:client-E41C008B94D2->cb20f782-9136-4144-a2ef-e44461d35697@group-EF222054BC57, cid=446, SUCCESS, logIndex=660, commits[cb20f782-9136-4144-a2ef-e44461d35697:c662]
2019-09-17 12:48:23,052 [grpc-default-executor-2] INFO  client.GrpcClientProtocolClient (GrpcClientProtocolClient.java:onNext(264)) - client-E41C008B94D2->cb20f782-9136-4144-a2ef-e44461d35697: receive RaftClientReply:client-E41C008B94D2->cb20f782-9136-4144-a2ef-e44461d35697@group-EF222054BC57, cid=447, SUCCESS, logIndex=661, commits[cb20f782-9136-4144-a2ef-e44461d35697:c663]
2019-09-17 12:48:23,053 [grpc-default-executor-2] INFO  client.GrpcClientProtocolClient (GrpcClientProtocolClient.java:onNext(264)) - client-E41C008B94D2->cb20f782-9136-4144-a2ef-e44461d35697: receive RaftClientReply:client-E41C008B94D2->cb20f782-9136-4144-a2ef-e44461d35697@group-EF222054BC57, cid=448, SUCCESS, logIndex=662, commits[cb20f782-9136-4144-a2ef-e44461d35697:c664]
2019-09-17 12:48:23,056 [SCMBlockDeletingService#0] DEBUG block.SCMBlockDeletingService (SCMBlockDeletingService.java:call(138)) - Running DeletedBlockTransactionScanner
2019-09-17 12:48:23,056 [SCMBlockDeletingService#0] DEBUG block.SCMBlockDeletingService (SCMBlockDeletingService.java:call(155)) - Scanned deleted blocks log and got 0 delTX to process.
2019-09-17 12:48:23,089 [grpc-default-executor-2] INFO  client.GrpcClientProtocolClient (GrpcClientProtocolClient.java:onNext(264)) - client-E41C008B94D2->cb20f782-9136-4144-a2ef-e44461d35697: receive RaftClientReply:client-E41C008B94D2->cb20f782-9136-4144-a2ef-e44461d35697@group-EF222054BC57, cid=449, SUCCESS, logIndex=665, commits[cb20f782-9136-4144-a2ef-e44461d35697:c666]
2019-09-17 12:48:23,090 [grpc-default-executor-2] INFO  client.GrpcClientProtocolClient (GrpcClientProtocolClient.java:onNext(264)) - client-E41C008B94D2->cb20f782-9136-4144-a2ef-e44461d35697: receive RaftClientReply:client-E41C008B94D2->cb20f782-9136-4144-a2ef-e44461d35697@group-EF222054BC57, cid=450, SUCCESS, logIndex=666, commits[cb20f782-9136-4144-a2ef-e44461d35697:c668]
2019-09-17 12:48:23,090 [grpc-default-executor-2] INFO  client.GrpcClientProtocolClient (GrpcClientProtocolClient.java:onNext(264)) - client-E41C008B94D2->cb20f782-9136-4144-a2ef-e44461d35697: receive RaftClientReply:client-E41C008B94D2->cb20f782-9136-4144-a2ef-e44461d35697@group-EF222054BC57, cid=451, SUCCESS, logIndex=667, commits[cb20f782-9136-4144-a2ef-e44461d35697:c669]
2019-09-17 12:48:23,091 [grpc-default-executor-2] INFO  client.GrpcClientProtocolClient (GrpcClientProtocolClient.java:onNext(264)) - client-E41C008B94D2->cb20f782-9136-4144-a2ef-e44461d35697: receive RaftClientReply:client-E41C008B94D2->cb20f782-9136-4144-a2ef-e44461d35697@group-EF222054BC57, cid=452, SUCCESS, logIndex=668, commits[cb20f782-9136-4144-a2ef-e44461d35697:c670]
2019-09-17 12:48:23,113 [grpc-default-executor-1] INFO  client.GrpcClientProtocolClient (GrpcClientProtocolClient.java:onNext(264)) - client-E41C008B94D2->cb20f782-9136-4144-a2ef-e44461d35697: receive RaftClientReply:client-E41C008B94D2->cb20f782-9136-4144-a2ef-e44461d35697@group-EF222054BC57, cid=453, SUCCESS, logIndex=671, commits[cb20f782-9136-4144-a2ef-e44461d35697:c672]
2019-09-17 12:48:23,114 [grpc-default-executor-1] INFO  client.GrpcClientProtocolClient (GrpcClientProtocolClient.java:onNext(264)) - client-E41C008B94D2->cb20f782-9136-4144-a2ef-e44461d35697: receive RaftClientReply:client-E41C008B94D2->cb20f782-9136-4144-a2ef-e44461d35697@group-EF222054BC57, cid=454, SUCCESS, logIndex=672, commits[cb20f782-9136-4144-a2ef-e44461d35697:c674]
2019-09-17 12:48:23,114 [grpc-default-executor-1] INFO  client.GrpcClientProtocolClient (GrpcClientProtocolClient.java:onNext(264)) - client-E41C008B94D2->cb20f782-9136-4144-a2ef-e44461d35697: receive RaftClientReply:client-E41C008B94D2->cb20f782-9136-4144-a2ef-e44461d35697@group-EF222054BC57, cid=455, SUCCESS, logIndex=673, commits[cb20f782-9136-4144-a2ef-e44461d35697:c675]
2019-09-17 12:48:23,114 [grpc-default-executor-1] INFO  client.GrpcClientProtocolClient (GrpcClientProtocolClient.java:onNext(264)) - client-E41C008B94D2->cb20f782-9136-4144-a2ef-e44461d35697: receive RaftClientReply:client-E41C008B94D2->cb20f782-9136-4144-a2ef-e44461d35697@group-EF222054BC57, cid=456, SUCCESS, logIndex=674, commits[cb20f782-9136-4144-a2ef-e44461d35697:c676]
2019-09-17 12:48:23,143 [grpc-default-executor-1] INFO  client.GrpcClientProtocolClient (GrpcClientProtocolClient.java:onNext(264)) - client-E41C008B94D2->cb20f782-9136-4144-a2ef-e44461d35697: receive RaftClientReply:client-E41C008B94D2->cb20f782-9136-4144-a2ef-e44461d35697@group-EF222054BC57, cid=457, SUCCESS, logIndex=677, commits[cb20f782-9136-4144-a2ef-e44461d35697:c678]
2019-09-17 12:48:23,144 [grpc-default-executor-1] INFO  client.GrpcClientProtocolClient (GrpcClientProtocolClient.java:onNext(264)) - client-E41C008B94D2->cb20f782-9136-4144-a2ef-e44461d35697: receive RaftClientReply:client-E41C008B94D2->cb20f782-9136-4144-a2ef-e44461d35697@group-EF222054BC57, cid=458, SUCCESS, logIndex=678, commits[cb20f782-9136-4144-a2ef-e44461d35697:c680]
2019-09-17 12:48:23,144 [grpc-default-executor-1] INFO  client.GrpcClientProtocolClient (GrpcClientProtocolClient.java:onNext(264)) - client-E41C008B94D2->cb20f782-9136-4144-a2ef-e44461d35697: receive RaftClientReply:client-E41C008B94D2->cb20f782-9136-4144-a2ef-e44461d35697@group-EF222054BC57, cid=459, SUCCESS, logIndex=679, commits[cb20f782-9136-4144-a2ef-e44461d35697:c680]
2019-09-17 12:48:23,145 [grpc-default-executor-1] INFO  client.GrpcClientProtocolClient (GrpcClientProtocolClient.java:onNext(264)) - client-E41C008B94D2->cb20f782-9136-4144-a2ef-e44461d35697: receive RaftClientReply:client-E41C008B94D2->cb20f782-9136-4144-a2ef-e44461d35697@group-EF222054BC57, cid=460, SUCCESS, logIndex=680, commits[cb20f782-9136-4144-a2ef-e44461d35697:c681]
2019-09-17 12:48:23,157 [SCMBlockDeletingService#0] DEBUG block.SCMBlockDeletingService (SCMBlockDeletingService.java:call(138)) - Running DeletedBlockTransactionScanner
2019-09-17 12:48:23,157 [SCMBlockDeletingService#0] DEBUG block.SCMBlockDeletingService (SCMBlockDeletingService.java:call(155)) - Scanned deleted blocks log and got 0 delTX to process.
2019-09-17 12:48:23,165 [grpc-default-executor-2] INFO  client.GrpcClientProtocolClient (GrpcClientProtocolClient.java:onNext(264)) - client-E41C008B94D2->cb20f782-9136-4144-a2ef-e44461d35697: receive RaftClientReply:client-E41C008B94D2->cb20f782-9136-4144-a2ef-e44461d35697@group-EF222054BC57, cid=461, SUCCESS, logIndex=683, commits[cb20f782-9136-4144-a2ef-e44461d35697:c684]
2019-09-17 12:48:23,166 [grpc-default-executor-2] INFO  client.GrpcClientProtocolClient (GrpcClientProtocolClient.java:onNext(264)) - client-E41C008B94D2->cb20f782-9136-4144-a2ef-e44461d35697: receive RaftClientReply:client-E41C008B94D2->cb20f782-9136-4144-a2ef-e44461d35697@group-EF222054BC57, cid=462, SUCCESS, logIndex=684, commits[cb20f782-9136-4144-a2ef-e44461d35697:c686]
2019-09-17 12:48:23,166 [grpc-default-executor-2] INFO  client.GrpcClientProtocolClient (GrpcClientProtocolClient.java:onNext(264)) - client-E41C008B94D2->cb20f782-9136-4144-a2ef-e44461d35697: receive RaftClientReply:client-E41C008B94D2->cb20f782-9136-4144-a2ef-e44461d35697@group-EF222054BC57, cid=463, SUCCESS, logIndex=685, commits[cb20f782-9136-4144-a2ef-e44461d35697:c686]
2019-09-17 12:48:23,166 [grpc-default-executor-2] INFO  client.GrpcClientProtocolClient (GrpcClientProtocolClient.java:onNext(264)) - client-E41C008B94D2->cb20f782-9136-4144-a2ef-e44461d35697: receive RaftClientReply:client-E41C008B94D2->cb20f782-9136-4144-a2ef-e44461d35697@group-EF222054BC57, cid=464, SUCCESS, logIndex=686, commits[cb20f782-9136-4144-a2ef-e44461d35697:c687]
2019-09-17 12:48:23,194 [grpc-default-executor-1] INFO  client.GrpcClientProtocolClient (GrpcClientProtocolClient.java:onNext(264)) - client-E41C008B94D2->cb20f782-9136-4144-a2ef-e44461d35697: receive RaftClientReply:client-E41C008B94D2->cb20f782-9136-4144-a2ef-e44461d35697@group-EF222054BC57, cid=465, SUCCESS, logIndex=689, commits[cb20f782-9136-4144-a2ef-e44461d35697:c690]
2019-09-17 12:48:23,194 [grpc-default-executor-1] INFO  client.GrpcClientProtocolClient (GrpcClientProtocolClient.java:onNext(264)) - client-E41C008B94D2->cb20f782-9136-4144-a2ef-e44461d35697: receive RaftClientReply:client-E41C008B94D2->cb20f782-9136-4144-a2ef-e44461d35697@group-EF222054BC57, cid=466, SUCCESS, logIndex=690, commits[cb20f782-9136-4144-a2ef-e44461d35697:c692]
2019-09-17 12:48:23,195 [grpc-default-executor-1] INFO  client.GrpcClientProtocolClient (GrpcClientProtocolClient.java:onNext(264)) - client-E41C008B94D2->cb20f782-9136-4144-a2ef-e44461d35697: receive RaftClientReply:client-E41C008B94D2->cb20f782-9136-4144-a2ef-e44461d35697@group-EF222054BC57, cid=467, SUCCESS, logIndex=691, commits[cb20f782-9136-4144-a2ef-e44461d35697:c692]
2019-09-17 12:48:23,195 [grpc-default-executor-1] INFO  client.GrpcClientProtocolClient (GrpcClientProtocolClient.java:onNext(264)) - client-E41C008B94D2->cb20f782-9136-4144-a2ef-e44461d35697: receive RaftClientReply:client-E41C008B94D2->cb20f782-9136-4144-a2ef-e44461d35697@group-EF222054BC57, cid=468, SUCCESS, logIndex=692, commits[cb20f782-9136-4144-a2ef-e44461d35697:c693]
2019-09-17 12:48:23,215 [grpc-default-executor-2] INFO  client.GrpcClientProtocolClient (GrpcClientProtocolClient.java:onNext(264)) - client-E41C008B94D2->cb20f782-9136-4144-a2ef-e44461d35697: receive RaftClientReply:client-E41C008B94D2->cb20f782-9136-4144-a2ef-e44461d35697@group-EF222054BC57, cid=469, SUCCESS, logIndex=695, commits[cb20f782-9136-4144-a2ef-e44461d35697:c696]
2019-09-17 12:48:23,216 [grpc-default-executor-2] INFO  client.GrpcClientProtocolClient (GrpcClientProtocolClient.java:onNext(264)) - client-E41C008B94D2->cb20f782-9136-4144-a2ef-e44461d35697: receive RaftClientReply:client-E41C008B94D2->cb20f782-9136-4144-a2ef-e44461d35697@group-EF222054BC57, cid=470, SUCCESS, logIndex=696, commits[cb20f782-9136-4144-a2ef-e44461d35697:c696]
2019-09-17 12:48:23,216 [grpc-default-executor-2] INFO  client.GrpcClientProtocolClient (GrpcClientProtocolClient.java:onNext(264)) - client-E41C008B94D2->cb20f782-9136-4144-a2ef-e44461d35697: receive RaftClientReply:client-E41C008B94D2->cb20f782-9136-4144-a2ef-e44461d35697@group-EF222054BC57, cid=471, SUCCESS, logIndex=697, commits[cb20f782-9136-4144-a2ef-e44461d35697:c698]
2019-09-17 12:48:23,217 [grpc-default-executor-2] INFO  client.GrpcClientProtocolClient (GrpcClientProtocolClient.java:onNext(264)) - client-E41C008B94D2->cb20f782-9136-4144-a2ef-e44461d35697: receive RaftClientReply:client-E41C008B94D2->cb20f782-9136-4144-a2ef-e44461d35697@group-EF222054BC57, cid=472, SUCCESS, logIndex=698, commits[cb20f782-9136-4144-a2ef-e44461d35697:c699]
2019-09-17 12:48:23,248 [grpc-default-executor-1] INFO  client.GrpcClientProtocolClient (GrpcClientProtocolClient.java:onNext(264)) - client-E41C008B94D2->cb20f782-9136-4144-a2ef-e44461d35697: receive RaftClientReply:client-E41C008B94D2->cb20f782-9136-4144-a2ef-e44461d35697@group-EF222054BC57, cid=473, SUCCESS, logIndex=701, commits[cb20f782-9136-4144-a2ef-e44461d35697:c702]
2019-09-17 12:48:23,249 [grpc-default-executor-1] INFO  client.GrpcClientProtocolClient (GrpcClientProtocolClient.java:onNext(264)) - client-E41C008B94D2->cb20f782-9136-4144-a2ef-e44461d35697: receive RaftClientReply:client-E41C008B94D2->cb20f782-9136-4144-a2ef-e44461d35697@group-EF222054BC57, cid=474, SUCCESS, logIndex=702, commits[cb20f782-9136-4144-a2ef-e44461d35697:c705]
2019-09-17 12:48:23,249 [grpc-default-executor-1] INFO  client.GrpcClientProtocolClient (GrpcClientProtocolClient.java:onNext(264)) - client-E41C008B94D2->cb20f782-9136-4144-a2ef-e44461d35697: receive RaftClientReply:client-E41C008B94D2->cb20f782-9136-4144-a2ef-e44461d35697@group-EF222054BC57, cid=475, SUCCESS, logIndex=703, commits[cb20f782-9136-4144-a2ef-e44461d35697:c705]
2019-09-17 12:48:23,250 [grpc-default-executor-1] INFO  client.GrpcClientProtocolClient (GrpcClientProtocolClient.java:onNext(264)) - client-E41C008B94D2->cb20f782-9136-4144-a2ef-e44461d35697: receive RaftClientReply:client-E41C008B94D2->cb20f782-9136-4144-a2ef-e44461d35697@group-EF222054BC57, cid=476, SUCCESS, logIndex=704, commits[cb20f782-9136-4144-a2ef-e44461d35697:c706]
2019-09-17 12:48:23,257 [SCMBlockDeletingService#0] DEBUG block.SCMBlockDeletingService (SCMBlockDeletingService.java:call(138)) - Running DeletedBlockTransactionScanner
2019-09-17 12:48:23,258 [SCMBlockDeletingService#0] DEBUG block.SCMBlockDeletingService (SCMBlockDeletingService.java:call(155)) - Scanned deleted blocks log and got 0 delTX to process.
2019-09-17 12:48:23,273 [grpc-default-executor-2] INFO  client.GrpcClientProtocolClient (GrpcClientProtocolClient.java:onNext(264)) - client-E41C008B94D2->cb20f782-9136-4144-a2ef-e44461d35697: receive RaftClientReply:client-E41C008B94D2->cb20f782-9136-4144-a2ef-e44461d35697@group-EF222054BC57, cid=477, SUCCESS, logIndex=707, commits[cb20f782-9136-4144-a2ef-e44461d35697:c710]
2019-09-17 12:48:23,274 [grpc-default-executor-2] INFO  client.GrpcClientProtocolClient (GrpcClientProtocolClient.java:onNext(264)) - client-E41C008B94D2->cb20f782-9136-4144-a2ef-e44461d35697: receive RaftClientReply:client-E41C008B94D2->cb20f782-9136-4144-a2ef-e44461d35697@group-EF222054BC57, cid=478, SUCCESS, logIndex=708, commits[cb20f782-9136-4144-a2ef-e44461d35697:c711]
2019-09-17 12:48:23,275 [grpc-default-executor-2] INFO  client.GrpcClientProtocolClient (GrpcClientProtocolClient.java:onNext(264)) - client-E41C008B94D2->cb20f782-9136-4144-a2ef-e44461d35697: receive RaftClientReply:client-E41C008B94D2->cb20f782-9136-4144-a2ef-e44461d35697@group-EF222054BC57, cid=479, SUCCESS, logIndex=709, commits[cb20f782-9136-4144-a2ef-e44461d35697:c712]
2019-09-17 12:48:23,275 [grpc-default-executor-2] INFO  client.GrpcClientProtocolClient (GrpcClientProtocolClient.java:onNext(264)) - client-E41C008B94D2->cb20f782-9136-4144-a2ef-e44461d35697: receive RaftClientReply:client-E41C008B94D2->cb20f782-9136-4144-a2ef-e44461d35697@group-EF222054BC57, cid=480, SUCCESS, logIndex=710, commits[cb20f782-9136-4144-a2ef-e44461d35697:c712]
2019-09-17 12:48:23,447 [SCMBlockDeletingService#0] DEBUG block.SCMBlockDeletingService (SCMBlockDeletingService.java:call(138)) - Running DeletedBlockTransactionScanner
2019-09-17 12:48:23,447 [SCMBlockDeletingService#0] DEBUG block.SCMBlockDeletingService (SCMBlockDeletingService.java:call(155)) - Scanned deleted blocks log and got 0 delTX to process.
2019-09-17 12:48:23,461 [grpc-default-executor-2] INFO  client.GrpcClientProtocolClient (GrpcClientProtocolClient.java:onNext(264)) - client-E41C008B94D2->cb20f782-9136-4144-a2ef-e44461d35697: receive RaftClientReply:client-E41C008B94D2->cb20f782-9136-4144-a2ef-e44461d35697@group-EF222054BC57, cid=481, SUCCESS, logIndex=713, commits[cb20f782-9136-4144-a2ef-e44461d35697:c716]
2019-09-17 12:48:23,462 [grpc-default-executor-2] INFO  client.GrpcClientProtocolClient (GrpcClientProtocolClient.java:onNext(264)) - client-E41C008B94D2->cb20f782-9136-4144-a2ef-e44461d35697: receive RaftClientReply:client-E41C008B94D2->cb20f782-9136-4144-a2ef-e44461d35697@group-EF222054BC57, cid=482, SUCCESS, logIndex=714, commits[cb20f782-9136-4144-a2ef-e44461d35697:c717]
2019-09-17 12:48:23,463 [grpc-default-executor-2] INFO  client.GrpcClientProtocolClient (GrpcClientProtocolClient.java:onNext(264)) - client-E41C008B94D2->cb20f782-9136-4144-a2ef-e44461d35697: receive RaftClientReply:client-E41C008B94D2->cb20f782-9136-4144-a2ef-e44461d35697@group-EF222054BC57, cid=483, SUCCESS, logIndex=715, commits[cb20f782-9136-4144-a2ef-e44461d35697:c718]
2019-09-17 12:48:23,463 [grpc-default-executor-2] INFO  client.GrpcClientProtocolClient (GrpcClientProtocolClient.java:onNext(264)) - client-E41C008B94D2->cb20f782-9136-4144-a2ef-e44461d35697: receive RaftClientReply:client-E41C008B94D2->cb20f782-9136-4144-a2ef-e44461d35697@group-EF222054BC57, cid=484, SUCCESS, logIndex=716, commits[cb20f782-9136-4144-a2ef-e44461d35697:c718]
2019-09-17 12:48:23,485 [grpc-default-executor-2] INFO  client.GrpcClientProtocolClient (GrpcClientProtocolClient.java:onNext(264)) - client-E41C008B94D2->cb20f782-9136-4144-a2ef-e44461d35697: receive RaftClientReply:client-E41C008B94D2->cb20f782-9136-4144-a2ef-e44461d35697@group-EF222054BC57, cid=485, SUCCESS, logIndex=719, commits[cb20f782-9136-4144-a2ef-e44461d35697:c720]
2019-09-17 12:48:23,485 [grpc-default-executor-2] INFO  client.GrpcClientProtocolClient (GrpcClientProtocolClient.java:onNext(264)) - client-E41C008B94D2->cb20f782-9136-4144-a2ef-e44461d35697: receive RaftClientReply:client-E41C008B94D2->cb20f782-9136-4144-a2ef-e44461d35697@group-EF222054BC57, cid=486, SUCCESS, logIndex=720, commits[cb20f782-9136-4144-a2ef-e44461d35697:c721]
2019-09-17 12:48:23,548 [SCMBlockDeletingService#0] DEBUG block.SCMBlockDeletingService (SCMBlockDeletingService.java:call(138)) - Running DeletedBlockTransactionScanner
2019-09-17 12:48:23,548 [SCMBlockDeletingService#0] DEBUG block.SCMBlockDeletingService (SCMBlockDeletingService.java:call(155)) - Scanned deleted blocks log and got 0 delTX to process.
2019-09-17 12:48:23,594 [grpc-default-executor-2] INFO  client.GrpcClientProtocolClient (GrpcClientProtocolClient.java:onNext(264)) - client-E41C008B94D2->cb20f782-9136-4144-a2ef-e44461d35697: receive RaftClientReply:client-E41C008B94D2->cb20f782-9136-4144-a2ef-e44461d35697@group-EF222054BC57, cid=487, SUCCESS, logIndex=722, commits[cb20f782-9136-4144-a2ef-e44461d35697:c723]
2019-09-17 12:48:23,595 [grpc-default-executor-2] INFO  client.GrpcClientProtocolClient (GrpcClientProtocolClient.java:onNext(264)) - client-E41C008B94D2->cb20f782-9136-4144-a2ef-e44461d35697: receive RaftClientReply:client-E41C008B94D2->cb20f782-9136-4144-a2ef-e44461d35697@group-EF222054BC57, cid=488, SUCCESS, logIndex=723, commits[cb20f782-9136-4144-a2ef-e44461d35697:c723]
2019-09-17 12:48:23,631 [grpc-default-executor-2] INFO  client.GrpcClientProtocolClient (GrpcClientProtocolClient.java:onNext(264)) - client-E41C008B94D2->cb20f782-9136-4144-a2ef-e44461d35697: receive RaftClientReply:client-E41C008B94D2->cb20f782-9136-4144-a2ef-e44461d35697@group-EF222054BC57, cid=489, SUCCESS, logIndex=725, commits[cb20f782-9136-4144-a2ef-e44461d35697:c728]
2019-09-17 12:48:23,632 [grpc-default-executor-2] INFO  client.GrpcClientProtocolClient (GrpcClientProtocolClient.java:onNext(264)) - client-E41C008B94D2->cb20f782-9136-4144-a2ef-e44461d35697: receive RaftClientReply:client-E41C008B94D2->cb20f782-9136-4144-a2ef-e44461d35697@group-EF222054BC57, cid=490, SUCCESS, logIndex=726, commits[cb20f782-9136-4144-a2ef-e44461d35697:c729]
2019-09-17 12:48:23,633 [grpc-default-executor-2] INFO  client.GrpcClientProtocolClient (GrpcClientProtocolClient.java:onNext(264)) - client-E41C008B94D2->cb20f782-9136-4144-a2ef-e44461d35697: receive RaftClientReply:client-E41C008B94D2->cb20f782-9136-4144-a2ef-e44461d35697@group-EF222054BC57, cid=491, SUCCESS, logIndex=727, commits[cb20f782-9136-4144-a2ef-e44461d35697:c730]
2019-09-17 12:48:23,633 [grpc-default-executor-2] INFO  client.GrpcClientProtocolClient (GrpcClientProtocolClient.java:onNext(264)) - client-E41C008B94D2->cb20f782-9136-4144-a2ef-e44461d35697: receive RaftClientReply:client-E41C008B94D2->cb20f782-9136-4144-a2ef-e44461d35697@group-EF222054BC57, cid=492, SUCCESS, logIndex=728, commits[cb20f782-9136-4144-a2ef-e44461d35697:c730]
2019-09-17 12:48:23,654 [SCMBlockDeletingService#0] DEBUG block.SCMBlockDeletingService (SCMBlockDeletingService.java:call(138)) - Running DeletedBlockTransactionScanner
2019-09-17 12:48:23,655 [SCMBlockDeletingService#0] DEBUG block.SCMBlockDeletingService (SCMBlockDeletingService.java:call(155)) - Scanned deleted blocks log and got 0 delTX to process.
2019-09-17 12:48:23,684 [grpc-default-executor-1] INFO  client.GrpcClientProtocolClient (GrpcClientProtocolClient.java:onNext(264)) - client-E41C008B94D2->cb20f782-9136-4144-a2ef-e44461d35697: receive RaftClientReply:client-E41C008B94D2->cb20f782-9136-4144-a2ef-e44461d35697@group-EF222054BC57, cid=493, SUCCESS, logIndex=731, commits[cb20f782-9136-4144-a2ef-e44461d35697:c732]
2019-09-17 12:48:23,684 [grpc-default-executor-1] INFO  client.GrpcClientProtocolClient (GrpcClientProtocolClient.java:onNext(264)) - client-E41C008B94D2->cb20f782-9136-4144-a2ef-e44461d35697: receive RaftClientReply:client-E41C008B94D2->cb20f782-9136-4144-a2ef-e44461d35697@group-EF222054BC57, cid=494, SUCCESS, logIndex=732, commits[cb20f782-9136-4144-a2ef-e44461d35697:c732]
2019-09-17 12:48:23,690 [grpc-default-executor-1] INFO  client.GrpcClientProtocolClient (GrpcClientProtocolClient.java:onNext(264)) - client-E41C008B94D2->cb20f782-9136-4144-a2ef-e44461d35697: receive RaftClientReply:client-E41C008B94D2->cb20f782-9136-4144-a2ef-e44461d35697@group-EF222054BC57, cid=495, SUCCESS, logIndex=733, commits[cb20f782-9136-4144-a2ef-e44461d35697:c734]
2019-09-17 12:48:23,690 [grpc-default-executor-1] INFO  client.GrpcClientProtocolClient (GrpcClientProtocolClient.java:onNext(264)) - client-E41C008B94D2->cb20f782-9136-4144-a2ef-e44461d35697: receive RaftClientReply:client-E41C008B94D2->cb20f782-9136-4144-a2ef-e44461d35697@group-EF222054BC57, cid=496, SUCCESS, logIndex=734, commits[cb20f782-9136-4144-a2ef-e44461d35697:c735]
2019-09-17 12:48:23,721 [grpc-default-executor-2] INFO  client.GrpcClientProtocolClient (GrpcClientProtocolClient.java:onNext(264)) - client-E41C008B94D2->cb20f782-9136-4144-a2ef-e44461d35697: receive RaftClientReply:client-E41C008B94D2->cb20f782-9136-4144-a2ef-e44461d35697@group-EF222054BC57, cid=497, SUCCESS, logIndex=737, commits[cb20f782-9136-4144-a2ef-e44461d35697:c740]
2019-09-17 12:48:23,722 [grpc-default-executor-2] INFO  client.GrpcClientProtocolClient (GrpcClientProtocolClient.java:onNext(264)) - client-E41C008B94D2->cb20f782-9136-4144-a2ef-e44461d35697: receive RaftClientReply:client-E41C008B94D2->cb20f782-9136-4144-a2ef-e44461d35697@group-EF222054BC57, cid=498, SUCCESS, logIndex=738, commits[cb20f782-9136-4144-a2ef-e44461d35697:c741]
2019-09-17 12:48:23,722 [grpc-default-executor-2] INFO  client.GrpcClientProtocolClient (GrpcClientProtocolClient.java:onNext(264)) - client-E41C008B94D2->cb20f782-9136-4144-a2ef-e44461d35697: receive RaftClientReply:client-E41C008B94D2->cb20f782-9136-4144-a2ef-e44461d35697@group-EF222054BC57, cid=499, SUCCESS, logIndex=739, commits[cb20f782-9136-4144-a2ef-e44461d35697:c741]
2019-09-17 12:48:23,723 [grpc-default-executor-2] INFO  client.GrpcClientProtocolClient (GrpcClientProtocolClient.java:onNext(264)) - client-E41C008B94D2->cb20f782-9136-4144-a2ef-e44461d35697: receive RaftClientReply:client-E41C008B94D2->cb20f782-9136-4144-a2ef-e44461d35697@group-EF222054BC57, cid=500, SUCCESS, logIndex=740, commits[cb20f782-9136-4144-a2ef-e44461d35697:c741]
2019-09-17 12:48:23,748 [grpc-default-executor-1] INFO  client.GrpcClientProtocolClient (GrpcClientProtocolClient.java:onNext(264)) - client-E41C008B94D2->cb20f782-9136-4144-a2ef-e44461d35697: receive RaftClientReply:client-E41C008B94D2->cb20f782-9136-4144-a2ef-e44461d35697@group-EF222054BC57, cid=501, SUCCESS, logIndex=742, commits[cb20f782-9136-4144-a2ef-e44461d35697:c745]
2019-09-17 12:48:23,749 [grpc-default-executor-1] INFO  client.GrpcClientProtocolClient (GrpcClientProtocolClient.java:onNext(264)) - client-E41C008B94D2->cb20f782-9136-4144-a2ef-e44461d35697: receive RaftClientReply:client-E41C008B94D2->cb20f782-9136-4144-a2ef-e44461d35697@group-EF222054BC57, cid=502, SUCCESS, logIndex=743, commits[cb20f782-9136-4144-a2ef-e44461d35697:c746]
2019-09-17 12:48:23,749 [grpc-default-executor-1] INFO  client.GrpcClientProtocolClient (GrpcClientProtocolClient.java:onNext(264)) - client-E41C008B94D2->cb20f782-9136-4144-a2ef-e44461d35697: receive RaftClientReply:client-E41C008B94D2->cb20f782-9136-4144-a2ef-e44461d35697@group-EF222054BC57, cid=503, SUCCESS, logIndex=744, commits[cb20f782-9136-4144-a2ef-e44461d35697:c746]
2019-09-17 12:48:23,749 [grpc-default-executor-1] INFO  client.GrpcClientProtocolClient (GrpcClientProtocolClient.java:onNext(264)) - client-E41C008B94D2->cb20f782-9136-4144-a2ef-e44461d35697: receive RaftClientReply:client-E41C008B94D2->cb20f782-9136-4144-a2ef-e44461d35697@group-EF222054BC57, cid=504, SUCCESS, logIndex=745, commits[cb20f782-9136-4144-a2ef-e44461d35697:c746]
2019-09-17 12:48:23,755 [SCMBlockDeletingService#0] DEBUG block.SCMBlockDeletingService (SCMBlockDeletingService.java:call(138)) - Running DeletedBlockTransactionScanner
2019-09-17 12:48:23,756 [SCMBlockDeletingService#0] DEBUG block.SCMBlockDeletingService (SCMBlockDeletingService.java:call(155)) - Scanned deleted blocks log and got 0 delTX to process.
2019-09-17 12:48:23,781 [grpc-default-executor-2] INFO  client.GrpcClientProtocolClient (GrpcClientProtocolClient.java:onNext(264)) - client-E41C008B94D2->cb20f782-9136-4144-a2ef-e44461d35697: receive RaftClientReply:client-E41C008B94D2->cb20f782-9136-4144-a2ef-e44461d35697@group-EF222054BC57, cid=505, SUCCESS, logIndex=747, commits[cb20f782-9136-4144-a2ef-e44461d35697:c750]
2019-09-17 12:48:23,782 [grpc-default-executor-2] INFO  client.GrpcClientProtocolClient (GrpcClientProtocolClient.java:onNext(264)) - client-E41C008B94D2->cb20f782-9136-4144-a2ef-e44461d35697: receive RaftClientReply:client-E41C008B94D2->cb20f782-9136-4144-a2ef-e44461d35697@group-EF222054BC57, cid=506, SUCCESS, logIndex=748, commits[cb20f782-9136-4144-a2ef-e44461d35697:c750]
2019-09-17 12:48:23,785 [grpc-default-executor-2] INFO  client.GrpcClientProtocolClient (GrpcClientProtocolClient.java:onNext(264)) - client-E41C008B94D2->cb20f782-9136-4144-a2ef-e44461d35697: receive RaftClientReply:client-E41C008B94D2->cb20f782-9136-4144-a2ef-e44461d35697@group-EF222054BC57, cid=507, SUCCESS, logIndex=749, commits[cb20f782-9136-4144-a2ef-e44461d35697:c750]
2019-09-17 12:48:23,786 [grpc-default-executor-2] INFO  client.GrpcClientProtocolClient (GrpcClientProtocolClient.java:onNext(264)) - client-E41C008B94D2->cb20f782-9136-4144-a2ef-e44461d35697: receive RaftClientReply:client-E41C008B94D2->cb20f782-9136-4144-a2ef-e44461d35697@group-EF222054BC57, cid=508, SUCCESS, logIndex=750, commits[cb20f782-9136-4144-a2ef-e44461d35697:c750]
2019-09-17 12:48:23,810 [grpc-default-executor-2] INFO  client.GrpcClientProtocolClient (GrpcClientProtocolClient.java:onNext(264)) - client-E41C008B94D2->cb20f782-9136-4144-a2ef-e44461d35697: receive RaftClientReply:client-E41C008B94D2->cb20f782-9136-4144-a2ef-e44461d35697@group-EF222054BC57, cid=509, SUCCESS, logIndex=752, commits[cb20f782-9136-4144-a2ef-e44461d35697:c753]
2019-09-17 12:48:23,812 [grpc-default-executor-2] INFO  client.GrpcClientProtocolClient (GrpcClientProtocolClient.java:onNext(264)) - client-E41C008B94D2->cb20f782-9136-4144-a2ef-e44461d35697: receive RaftClientReply:client-E41C008B94D2->cb20f782-9136-4144-a2ef-e44461d35697@group-EF222054BC57, cid=510, SUCCESS, logIndex=753, commits[cb20f782-9136-4144-a2ef-e44461d35697:c756]
2019-09-17 12:48:23,812 [grpc-default-executor-2] INFO  client.GrpcClientProtocolClient (GrpcClientProtocolClient.java:onNext(264)) - client-E41C008B94D2->cb20f782-9136-4144-a2ef-e44461d35697: receive RaftClientReply:client-E41C008B94D2->cb20f782-9136-4144-a2ef-e44461d35697@group-EF222054BC57, cid=511, SUCCESS, logIndex=754, commits[cb20f782-9136-4144-a2ef-e44461d35697:c757]
2019-09-17 12:48:23,813 [grpc-default-executor-2] INFO  client.GrpcClientProtocolClient (GrpcClientProtocolClient.java:onNext(264)) - client-E41C008B94D2->cb20f782-9136-4144-a2ef-e44461d35697: receive RaftClientReply:client-E41C008B94D2->cb20f782-9136-4144-a2ef-e44461d35697@group-EF222054BC57, cid=512, SUCCESS, logIndex=755, commits[cb20f782-9136-4144-a2ef-e44461d35697:c757]
2019-09-17 12:48:23,842 [grpc-default-executor-1] INFO  client.GrpcClientProtocolClient (GrpcClientProtocolClient.java:onNext(264)) - client-E41C008B94D2->cb20f782-9136-4144-a2ef-e44461d35697: receive RaftClientReply:client-E41C008B94D2->cb20f782-9136-4144-a2ef-e44461d35697@group-EF222054BC57, cid=513, SUCCESS, logIndex=758, commits[cb20f782-9136-4144-a2ef-e44461d35697:c759]
2019-09-17 12:48:23,842 [grpc-default-executor-1] INFO  client.GrpcClientProtocolClient (GrpcClientProtocolClient.java:onNext(264)) - client-E41C008B94D2->cb20f782-9136-4144-a2ef-e44461d35697: receive RaftClientReply:client-E41C008B94D2->cb20f782-9136-4144-a2ef-e44461d35697@group-EF222054BC57, cid=514, SUCCESS, logIndex=759, commits[cb20f782-9136-4144-a2ef-e44461d35697:c761]
2019-09-17 12:48:23,843 [grpc-default-executor-1] INFO  client.GrpcClientProtocolClient (GrpcClientProtocolClient.java:onNext(264)) - client-E41C008B94D2->cb20f782-9136-4144-a2ef-e44461d35697: receive RaftClientReply:client-E41C008B94D2->cb20f782-9136-4144-a2ef-e44461d35697@group-EF222054BC57, cid=515, SUCCESS, logIndex=760, commits[cb20f782-9136-4144-a2ef-e44461d35697:c762]
2019-09-17 12:48:23,843 [grpc-default-executor-1] INFO  client.GrpcClientProtocolClient (GrpcClientProtocolClient.java:onNext(264)) - client-E41C008B94D2->cb20f782-9136-4144-a2ef-e44461d35697: receive RaftClientReply:client-E41C008B94D2->cb20f782-9136-4144-a2ef-e44461d35697@group-EF222054BC57, cid=516, SUCCESS, logIndex=761, commits[cb20f782-9136-4144-a2ef-e44461d35697:c762]
2019-09-17 12:48:23,856 [SCMBlockDeletingService#0] DEBUG block.SCMBlockDeletingService (SCMBlockDeletingService.java:call(138)) - Running DeletedBlockTransactionScanner
2019-09-17 12:48:23,856 [SCMBlockDeletingService#0] DEBUG block.SCMBlockDeletingService (SCMBlockDeletingService.java:call(155)) - Scanned deleted blocks log and got 0 delTX to process.
2019-09-17 12:48:23,862 [grpc-default-executor-1] INFO  client.GrpcClientProtocolClient (GrpcClientProtocolClient.java:onNext(264)) - client-E41C008B94D2->cb20f782-9136-4144-a2ef-e44461d35697: receive RaftClientReply:client-E41C008B94D2->cb20f782-9136-4144-a2ef-e44461d35697@group-EF222054BC57, cid=517, SUCCESS, logIndex=764, commits[cb20f782-9136-4144-a2ef-e44461d35697:c765]
2019-09-17 12:48:23,862 [grpc-default-executor-1] INFO  client.GrpcClientProtocolClient (GrpcClientProtocolClient.java:onNext(264)) - client-E41C008B94D2->cb20f782-9136-4144-a2ef-e44461d35697: receive RaftClientReply:client-E41C008B94D2->cb20f782-9136-4144-a2ef-e44461d35697@group-EF222054BC57, cid=518, SUCCESS, logIndex=765, commits[cb20f782-9136-4144-a2ef-e44461d35697:c767]
2019-09-17 12:48:23,863 [grpc-default-executor-1] INFO  client.GrpcClientProtocolClient (GrpcClientProtocolClient.java:onNext(264)) - client-E41C008B94D2->cb20f782-9136-4144-a2ef-e44461d35697: receive RaftClientReply:client-E41C008B94D2->cb20f782-9136-4144-a2ef-e44461d35697@group-EF222054BC57, cid=519, SUCCESS, logIndex=766, commits[cb20f782-9136-4144-a2ef-e44461d35697:c768]
2019-09-17 12:48:23,863 [grpc-default-executor-1] INFO  client.GrpcClientProtocolClient (GrpcClientProtocolClient.java:onNext(264)) - client-E41C008B94D2->cb20f782-9136-4144-a2ef-e44461d35697: receive RaftClientReply:client-E41C008B94D2->cb20f782-9136-4144-a2ef-e44461d35697@group-EF222054BC57, cid=520, SUCCESS, logIndex=767, commits[cb20f782-9136-4144-a2ef-e44461d35697:c768]
2019-09-17 12:48:23,890 [grpc-default-executor-2] INFO  client.GrpcClientProtocolClient (GrpcClientProtocolClient.java:onNext(264)) - client-E41C008B94D2->cb20f782-9136-4144-a2ef-e44461d35697: receive RaftClientReply:client-E41C008B94D2->cb20f782-9136-4144-a2ef-e44461d35697@group-EF222054BC57, cid=521, SUCCESS, logIndex=770, commits[cb20f782-9136-4144-a2ef-e44461d35697:c771]
2019-09-17 12:48:23,891 [grpc-default-executor-2] INFO  client.GrpcClientProtocolClient (GrpcClientProtocolClient.java:onNext(264)) - client-E41C008B94D2->cb20f782-9136-4144-a2ef-e44461d35697: receive RaftClientReply:client-E41C008B94D2->cb20f782-9136-4144-a2ef-e44461d35697@group-EF222054BC57, cid=522, SUCCESS, logIndex=771, commits[cb20f782-9136-4144-a2ef-e44461d35697:c773]
2019-09-17 12:48:23,892 [grpc-default-executor-2] INFO  client.GrpcClientProtocolClient (GrpcClientProtocolClient.java:onNext(264)) - client-E41C008B94D2->cb20f782-9136-4144-a2ef-e44461d35697: receive RaftClientReply:client-E41C008B94D2->cb20f782-9136-4144-a2ef-e44461d35697@group-EF222054BC57, cid=523, SUCCESS, logIndex=772, commits[cb20f782-9136-4144-a2ef-e44461d35697:c773]
2019-09-17 12:48:23,892 [grpc-default-executor-2] INFO  client.GrpcClientProtocolClient (GrpcClientProtocolClient.java:onNext(264)) - client-E41C008B94D2->cb20f782-9136-4144-a2ef-e44461d35697: receive RaftClientReply:client-E41C008B94D2->cb20f782-9136-4144-a2ef-e44461d35697@group-EF222054BC57, cid=524, SUCCESS, logIndex=773, commits[cb20f782-9136-4144-a2ef-e44461d35697:c774]
2019-09-17 12:48:23,914 [grpc-default-executor-2] INFO  client.GrpcClientProtocolClient (GrpcClientProtocolClient.java:onNext(264)) - client-E41C008B94D2->cb20f782-9136-4144-a2ef-e44461d35697: receive RaftClientReply:client-E41C008B94D2->cb20f782-9136-4144-a2ef-e44461d35697@group-EF222054BC57, cid=525, SUCCESS, logIndex=776, commits[cb20f782-9136-4144-a2ef-e44461d35697:c779]
2019-09-17 12:48:23,915 [grpc-default-executor-2] INFO  client.GrpcClientProtocolClient (GrpcClientProtocolClient.java:onNext(264)) - client-E41C008B94D2->cb20f782-9136-4144-a2ef-e44461d35697: receive RaftClientReply:client-E41C008B94D2->cb20f782-9136-4144-a2ef-e44461d35697@group-EF222054BC57, cid=526, SUCCESS, logIndex=777, commits[cb20f782-9136-4144-a2ef-e44461d35697:c780]
2019-09-17 12:48:23,915 [grpc-default-executor-2] INFO  client.GrpcClientProtocolClient (GrpcClientProtocolClient.java:onNext(264)) - client-E41C008B94D2->cb20f782-9136-4144-a2ef-e44461d35697: receive RaftClientReply:client-E41C008B94D2->cb20f782-9136-4144-a2ef-e44461d35697@group-EF222054BC57, cid=527, SUCCESS, logIndex=778, commits[cb20f782-9136-4144-a2ef-e44461d35697:c780]
2019-09-17 12:48:23,915 [grpc-default-executor-2] INFO  client.GrpcClientProtocolClient (GrpcClientProtocolClient.java:onNext(264)) - client-E41C008B94D2->cb20f782-9136-4144-a2ef-e44461d35697: receive RaftClientReply:client-E41C008B94D2->cb20f782-9136-4144-a2ef-e44461d35697@group-EF222054BC57, cid=528, SUCCESS, logIndex=779, commits[cb20f782-9136-4144-a2ef-e44461d35697:c780]
2019-09-17 12:48:23,945 [grpc-default-executor-2] INFO  client.GrpcClientProtocolClient (GrpcClientProtocolClient.java:onNext(264)) - client-E41C008B94D2->cb20f782-9136-4144-a2ef-e44461d35697: receive RaftClientReply:client-E41C008B94D2->cb20f782-9136-4144-a2ef-e44461d35697@group-EF222054BC57, cid=529, SUCCESS, logIndex=781, commits[cb20f782-9136-4144-a2ef-e44461d35697:c782]
2019-09-17 12:48:23,946 [grpc-default-executor-2] INFO  client.GrpcClientProtocolClient (GrpcClientProtocolClient.java:onNext(264)) - client-E41C008B94D2->cb20f782-9136-4144-a2ef-e44461d35697: receive RaftClientReply:client-E41C008B94D2->cb20f782-9136-4144-a2ef-e44461d35697@group-EF222054BC57, cid=530, SUCCESS, logIndex=782, commits[cb20f782-9136-4144-a2ef-e44461d35697:c782]
2019-09-17 12:48:23,956 [SCMBlockDeletingService#0] DEBUG block.SCMBlockDeletingService (SCMBlockDeletingService.java:call(138)) - Running DeletedBlockTransactionScanner
2019-09-17 12:48:23,957 [SCMBlockDeletingService#0] DEBUG block.SCMBlockDeletingService (SCMBlockDeletingService.java:call(155)) - Scanned deleted blocks log and got 0 delTX to process.
2019-09-17 12:48:24,035 [grpc-default-executor-1] INFO  client.GrpcClientProtocolClient (GrpcClientProtocolClient.java:onNext(264)) - client-E41C008B94D2->cb20f782-9136-4144-a2ef-e44461d35697: receive RaftClientReply:client-E41C008B94D2->cb20f782-9136-4144-a2ef-e44461d35697@group-EF222054BC57, cid=531, SUCCESS, logIndex=784, commits[cb20f782-9136-4144-a2ef-e44461d35697:c785]
2019-09-17 12:48:24,036 [grpc-default-executor-1] INFO  client.GrpcClientProtocolClient (GrpcClientProtocolClient.java:onNext(264)) - client-E41C008B94D2->cb20f782-9136-4144-a2ef-e44461d35697: receive RaftClientReply:client-E41C008B94D2->cb20f782-9136-4144-a2ef-e44461d35697@group-EF222054BC57, cid=532, SUCCESS, logIndex=785, commits[cb20f782-9136-4144-a2ef-e44461d35697:c785]
2019-09-17 12:48:24,057 [SCMBlockDeletingService#0] DEBUG block.SCMBlockDeletingService (SCMBlockDeletingService.java:call(138)) - Running DeletedBlockTransactionScanner
2019-09-17 12:48:24,057 [SCMBlockDeletingService#0] DEBUG block.SCMBlockDeletingService (SCMBlockDeletingService.java:call(155)) - Scanned deleted blocks log and got 0 delTX to process.
2019-09-17 12:48:24,057 [grpc-default-executor-2] INFO  client.GrpcClientProtocolClient (GrpcClientProtocolClient.java:onNext(264)) - client-E41C008B94D2->cb20f782-9136-4144-a2ef-e44461d35697: receive RaftClientReply:client-E41C008B94D2->cb20f782-9136-4144-a2ef-e44461d35697@group-EF222054BC57, cid=533, SUCCESS, logIndex=787, commits[cb20f782-9136-4144-a2ef-e44461d35697:c790]
2019-09-17 12:48:24,058 [grpc-default-executor-2] INFO  client.GrpcClientProtocolClient (GrpcClientProtocolClient.java:onNext(264)) - client-E41C008B94D2->cb20f782-9136-4144-a2ef-e44461d35697: receive RaftClientReply:client-E41C008B94D2->cb20f782-9136-4144-a2ef-e44461d35697@group-EF222054BC57, cid=534, SUCCESS, logIndex=788, commits[cb20f782-9136-4144-a2ef-e44461d35697:c790]
2019-09-17 12:48:24,058 [grpc-default-executor-2] INFO  client.GrpcClientProtocolClient (GrpcClientProtocolClient.java:onNext(264)) - client-E41C008B94D2->cb20f782-9136-4144-a2ef-e44461d35697: receive RaftClientReply:client-E41C008B94D2->cb20f782-9136-4144-a2ef-e44461d35697@group-EF222054BC57, cid=535, SUCCESS, logIndex=789, commits[cb20f782-9136-4144-a2ef-e44461d35697:c791]
2019-09-17 12:48:24,058 [grpc-default-executor-2] INFO  client.GrpcClientProtocolClient (GrpcClientProtocolClient.java:onNext(264)) - client-E41C008B94D2->cb20f782-9136-4144-a2ef-e44461d35697: receive RaftClientReply:client-E41C008B94D2->cb20f782-9136-4144-a2ef-e44461d35697@group-EF222054BC57, cid=536, SUCCESS, logIndex=790, commits[cb20f782-9136-4144-a2ef-e44461d35697:c791]
2019-09-17 12:48:24,238 [SCMBlockDeletingService#0] DEBUG block.SCMBlockDeletingService (SCMBlockDeletingService.java:call(138)) - Running DeletedBlockTransactionScanner
2019-09-17 12:48:24,239 [SCMBlockDeletingService#0] DEBUG block.SCMBlockDeletingService (SCMBlockDeletingService.java:call(155)) - Scanned deleted blocks log and got 0 delTX to process.
2019-09-17 12:48:24,256 [grpc-default-executor-2] INFO  client.GrpcClientProtocolClient (GrpcClientProtocolClient.java:onNext(264)) - client-E41C008B94D2->cb20f782-9136-4144-a2ef-e44461d35697: receive RaftClientReply:client-E41C008B94D2->cb20f782-9136-4144-a2ef-e44461d35697@group-EF222054BC57, cid=537, SUCCESS, logIndex=792, commits[cb20f782-9136-4144-a2ef-e44461d35697:c795]
2019-09-17 12:48:24,257 [grpc-default-executor-2] INFO  client.GrpcClientProtocolClient (GrpcClientProtocolClient.java:onNext(264)) - client-E41C008B94D2->cb20f782-9136-4144-a2ef-e44461d35697: receive RaftClientReply:client-E41C008B94D2->cb20f782-9136-4144-a2ef-e44461d35697@group-EF222054BC57, cid=538, SUCCESS, logIndex=793, commits[cb20f782-9136-4144-a2ef-e44461d35697:c795]
2019-09-17 12:48:24,257 [grpc-default-executor-2] INFO  client.GrpcClientProtocolClient (GrpcClientProtocolClient.java:onNext(264)) - client-E41C008B94D2->cb20f782-9136-4144-a2ef-e44461d35697: receive RaftClientReply:client-E41C008B94D2->cb20f782-9136-4144-a2ef-e44461d35697@group-EF222054BC57, cid=539, SUCCESS, logIndex=794, commits[cb20f782-9136-4144-a2ef-e44461d35697:c795]
2019-09-17 12:48:24,259 [grpc-default-executor-2] INFO  client.GrpcClientProtocolClient (GrpcClientProtocolClient.java:onNext(264)) - client-E41C008B94D2->cb20f782-9136-4144-a2ef-e44461d35697: receive RaftClientReply:client-E41C008B94D2->cb20f782-9136-4144-a2ef-e44461d35697@group-EF222054BC57, cid=540, SUCCESS, logIndex=795, commits[cb20f782-9136-4144-a2ef-e44461d35697:c795]
2019-09-17 12:48:24,284 [grpc-default-executor-1] INFO  client.GrpcClientProtocolClient (GrpcClientProtocolClient.java:onNext(264)) - client-E41C008B94D2->cb20f782-9136-4144-a2ef-e44461d35697: receive RaftClientReply:client-E41C008B94D2->cb20f782-9136-4144-a2ef-e44461d35697@group-EF222054BC57, cid=541, SUCCESS, logIndex=797, commits[cb20f782-9136-4144-a2ef-e44461d35697:c798]
2019-09-17 12:48:24,285 [grpc-default-executor-1] INFO  client.GrpcClientProtocolClient (GrpcClientProtocolClient.java:onNext(264)) - client-E41C008B94D2->cb20f782-9136-4144-a2ef-e44461d35697: receive RaftClientReply:client-E41C008B94D2->cb20f782-9136-4144-a2ef-e44461d35697@group-EF222054BC57, cid=542, SUCCESS, logIndex=798, commits[cb20f782-9136-4144-a2ef-e44461d35697:c800]
2019-09-17 12:48:24,285 [grpc-default-executor-1] INFO  client.GrpcClientProtocolClient (GrpcClientProtocolClient.java:onNext(264)) - client-E41C008B94D2->cb20f782-9136-4144-a2ef-e44461d35697: receive RaftClientReply:client-E41C008B94D2->cb20f782-9136-4144-a2ef-e44461d35697@group-EF222054BC57, cid=543, SUCCESS, logIndex=799, commits[cb20f782-9136-4144-a2ef-e44461d35697:c801]
2019-09-17 12:48:24,285 [grpc-default-executor-1] INFO  client.GrpcClientProtocolClient (GrpcClientProtocolClient.java:onNext(264)) - client-E41C008B94D2->cb20f782-9136-4144-a2ef-e44461d35697: receive RaftClientReply:client-E41C008B94D2->cb20f782-9136-4144-a2ef-e44461d35697@group-EF222054BC57, cid=544, SUCCESS, logIndex=800, commits[cb20f782-9136-4144-a2ef-e44461d35697:c801]
2019-09-17 12:48:24,319 [grpc-default-executor-1] INFO  client.GrpcClientProtocolClient (GrpcClientProtocolClient.java:onNext(264)) - client-E41C008B94D2->cb20f782-9136-4144-a2ef-e44461d35697: receive RaftClientReply:client-E41C008B94D2->cb20f782-9136-4144-a2ef-e44461d35697@group-EF222054BC57, cid=545, SUCCESS, logIndex=803, commits[cb20f782-9136-4144-a2ef-e44461d35697:c806]
2019-09-17 12:48:24,320 [grpc-default-executor-1] INFO  client.GrpcClientProtocolClient (GrpcClientProtocolClient.java:onNext(264)) - client-E41C008B94D2->cb20f782-9136-4144-a2ef-e44461d35697: receive RaftClientReply:client-E41C008B94D2->cb20f782-9136-4144-a2ef-e44461d35697@group-EF222054BC57, cid=546, SUCCESS, logIndex=804, commits[cb20f782-9136-4144-a2ef-e44461d35697:c806]
2019-09-17 12:48:24,320 [grpc-default-executor-1] INFO  client.GrpcClientProtocolClient (GrpcClientProtocolClient.java:onNext(264)) - client-E41C008B94D2->cb20f782-9136-4144-a2ef-e44461d35697: receive RaftClientReply:client-E41C008B94D2->cb20f782-9136-4144-a2ef-e44461d35697@group-EF222054BC57, cid=547, SUCCESS, logIndex=805, commits[cb20f782-9136-4144-a2ef-e44461d35697:c806]
2019-09-17 12:48:24,321 [grpc-default-executor-1] INFO  client.GrpcClientProtocolClient (GrpcClientProtocolClient.java:onNext(264)) - client-E41C008B94D2->cb20f782-9136-4144-a2ef-e44461d35697: receive RaftClientReply:client-E41C008B94D2->cb20f782-9136-4144-a2ef-e44461d35697@group-EF222054BC57, cid=548, SUCCESS, logIndex=806, commits[cb20f782-9136-4144-a2ef-e44461d35697:c806]
2019-09-17 12:48:24,339 [SCMBlockDeletingService#0] DEBUG block.SCMBlockDeletingService (SCMBlockDeletingService.java:call(138)) - Running DeletedBlockTransactionScanner
2019-09-17 12:48:24,341 [SCMBlockDeletingService#0] DEBUG block.SCMBlockDeletingService (SCMBlockDeletingService.java:call(155)) - Scanned deleted blocks log and got 0 delTX to process.
2019-09-17 12:48:24,366 [grpc-default-executor-1] INFO  client.GrpcClientProtocolClient (GrpcClientProtocolClient.java:onNext(264)) - client-E41C008B94D2->cb20f782-9136-4144-a2ef-e44461d35697: receive RaftClientReply:client-E41C008B94D2->cb20f782-9136-4144-a2ef-e44461d35697@group-EF222054BC57, cid=549, SUCCESS, logIndex=808, commits[cb20f782-9136-4144-a2ef-e44461d35697:c811]
2019-09-17 12:48:24,367 [grpc-default-executor-1] INFO  client.GrpcClientProtocolClient (GrpcClientProtocolClient.java:onNext(264)) - client-E41C008B94D2->cb20f782-9136-4144-a2ef-e44461d35697: receive RaftClientReply:client-E41C008B94D2->cb20f782-9136-4144-a2ef-e44461d35697@group-EF222054BC57, cid=550, SUCCESS, logIndex=809, commits[cb20f782-9136-4144-a2ef-e44461d35697:c811]
2019-09-17 12:48:24,368 [grpc-default-executor-1] INFO  client.GrpcClientProtocolClient (GrpcClientProtocolClient.java:onNext(264)) - client-E41C008B94D2->cb20f782-9136-4144-a2ef-e44461d35697: receive RaftClientReply:client-E41C008B94D2->cb20f782-9136-4144-a2ef-e44461d35697@group-EF222054BC57, cid=551, SUCCESS, logIndex=810, commits[cb20f782-9136-4144-a2ef-e44461d35697:c811]
2019-09-17 12:48:24,368 [grpc-default-executor-1] INFO  client.GrpcClientProtocolClient (GrpcClientProtocolClient.java:onNext(264)) - client-E41C008B94D2->cb20f782-9136-4144-a2ef-e44461d35697: receive RaftClientReply:client-E41C008B94D2->cb20f782-9136-4144-a2ef-e44461d35697@group-EF222054BC57, cid=552, SUCCESS, logIndex=811, commits[cb20f782-9136-4144-a2ef-e44461d35697:c811]
2019-09-17 12:48:24,407 [grpc-default-executor-2] INFO  client.GrpcClientProtocolClient (GrpcClientProtocolClient.java:onNext(264)) - client-E41C008B94D2->cb20f782-9136-4144-a2ef-e44461d35697: receive RaftClientReply:client-E41C008B94D2->cb20f782-9136-4144-a2ef-e44461d35697@group-EF222054BC57, cid=553, SUCCESS, logIndex=813, commits[cb20f782-9136-4144-a2ef-e44461d35697:c814]
2019-09-17 12:48:24,408 [grpc-default-executor-2] INFO  client.GrpcClientProtocolClient (GrpcClientProtocolClient.java:onNext(264)) - client-E41C008B94D2->cb20f782-9136-4144-a2ef-e44461d35697: receive RaftClientReply:client-E41C008B94D2->cb20f782-9136-4144-a2ef-e44461d35697@group-EF222054BC57, cid=554, SUCCESS, logIndex=814, commits[cb20f782-9136-4144-a2ef-e44461d35697:c816]
2019-09-17 12:48:24,408 [grpc-default-executor-2] INFO  client.GrpcClientProtocolClient (GrpcClientProtocolClient.java:onNext(264)) - client-E41C008B94D2->cb20f782-9136-4144-a2ef-e44461d35697: receive RaftClientReply:client-E41C008B94D2->cb20f782-9136-4144-a2ef-e44461d35697@group-EF222054BC57, cid=555, SUCCESS, logIndex=815, commits[cb20f782-9136-4144-a2ef-e44461d35697:c817]
2019-09-17 12:48:24,409 [grpc-default-executor-2] INFO  client.GrpcClientProtocolClient (GrpcClientProtocolClient.java:onNext(264)) - client-E41C008B94D2->cb20f782-9136-4144-a2ef-e44461d35697: receive RaftClientReply:client-E41C008B94D2->cb20f782-9136-4144-a2ef-e44461d35697@group-EF222054BC57, cid=556, SUCCESS, logIndex=816, commits[cb20f782-9136-4144-a2ef-e44461d35697:c818]
2019-09-17 12:48:24,432 [grpc-default-executor-2] INFO  client.GrpcClientProtocolClient (GrpcClientProtocolClient.java:onNext(264)) - client-E41C008B94D2->cb20f782-9136-4144-a2ef-e44461d35697: receive RaftClientReply:client-E41C008B94D2->cb20f782-9136-4144-a2ef-e44461d35697@group-EF222054BC57, cid=557, SUCCESS, logIndex=819, commits[cb20f782-9136-4144-a2ef-e44461d35697:c822]
2019-09-17 12:48:24,433 [grpc-default-executor-2] INFO  client.GrpcClientProtocolClient (GrpcClientProtocolClient.java:onNext(264)) - client-E41C008B94D2->cb20f782-9136-4144-a2ef-e44461d35697: receive RaftClientReply:client-E41C008B94D2->cb20f782-9136-4144-a2ef-e44461d35697@group-EF222054BC57, cid=558, SUCCESS, logIndex=820, commits[cb20f782-9136-4144-a2ef-e44461d35697:c823]
2019-09-17 12:48:24,433 [grpc-default-executor-2] INFO  client.GrpcClientProtocolClient (GrpcClientProtocolClient.java:onNext(264)) - client-E41C008B94D2->cb20f782-9136-4144-a2ef-e44461d35697: receive RaftClientReply:client-E41C008B94D2->cb20f782-9136-4144-a2ef-e44461d35697@group-EF222054BC57, cid=559, SUCCESS, logIndex=821, commits[cb20f782-9136-4144-a2ef-e44461d35697:c823]
2019-09-17 12:48:24,434 [grpc-default-executor-2] INFO  client.GrpcClientProtocolClient (GrpcClientProtocolClient.java:onNext(264)) - client-E41C008B94D2->cb20f782-9136-4144-a2ef-e44461d35697: receive RaftClientReply:client-E41C008B94D2->cb20f782-9136-4144-a2ef-e44461d35697@group-EF222054BC57, cid=560, SUCCESS, logIndex=822, commits[cb20f782-9136-4144-a2ef-e44461d35697:c823]
2019-09-17 12:48:24,442 [SCMBlockDeletingService#0] DEBUG block.SCMBlockDeletingService (SCMBlockDeletingService.java:call(138)) - Running DeletedBlockTransactionScanner
2019-09-17 12:48:24,443 [SCMBlockDeletingService#0] DEBUG block.SCMBlockDeletingService (SCMBlockDeletingService.java:call(155)) - Scanned deleted blocks log and got 0 delTX to process.
2019-09-17 12:48:24,464 [grpc-default-executor-2] INFO  client.GrpcClientProtocolClient (GrpcClientProtocolClient.java:onNext(264)) - client-E41C008B94D2->cb20f782-9136-4144-a2ef-e44461d35697: receive RaftClientReply:client-E41C008B94D2->cb20f782-9136-4144-a2ef-e44461d35697@group-EF222054BC57, cid=561, SUCCESS, logIndex=824, commits[cb20f782-9136-4144-a2ef-e44461d35697:c825]
2019-09-17 12:48:24,464 [grpc-default-executor-2] INFO  client.GrpcClientProtocolClient (GrpcClientProtocolClient.java:onNext(264)) - client-E41C008B94D2->cb20f782-9136-4144-a2ef-e44461d35697: receive RaftClientReply:client-E41C008B94D2->cb20f782-9136-4144-a2ef-e44461d35697@group-EF222054BC57, cid=562, SUCCESS, logIndex=825, commits[cb20f782-9136-4144-a2ef-e44461d35697:c828]
2019-09-17 12:48:24,465 [grpc-default-executor-2] INFO  client.GrpcClientProtocolClient (GrpcClientProtocolClient.java:onNext(264)) - client-E41C008B94D2->cb20f782-9136-4144-a2ef-e44461d35697: receive RaftClientReply:client-E41C008B94D2->cb20f782-9136-4144-a2ef-e44461d35697@group-EF222054BC57, cid=563, SUCCESS, logIndex=826, commits[cb20f782-9136-4144-a2ef-e44461d35697:c828]
2019-09-17 12:48:24,465 [grpc-default-executor-2] INFO  client.GrpcClientProtocolClient (GrpcClientProtocolClient.java:onNext(264)) - client-E41C008B94D2->cb20f782-9136-4144-a2ef-e44461d35697: receive RaftClientReply:client-E41C008B94D2->cb20f782-9136-4144-a2ef-e44461d35697@group-EF222054BC57, cid=564, SUCCESS, logIndex=827, commits[cb20f782-9136-4144-a2ef-e44461d35697:c829]
2019-09-17 12:48:24,488 [grpc-default-executor-2] INFO  client.GrpcClientProtocolClient (GrpcClientProtocolClient.java:onNext(264)) - client-E41C008B94D2->cb20f782-9136-4144-a2ef-e44461d35697: receive RaftClientReply:client-E41C008B94D2->cb20f782-9136-4144-a2ef-e44461d35697@group-EF222054BC57, cid=565, SUCCESS, logIndex=830, commits[cb20f782-9136-4144-a2ef-e44461d35697:c833]
2019-09-17 12:48:24,489 [grpc-default-executor-2] INFO  client.GrpcClientProtocolClient (GrpcClientProtocolClient.java:onNext(264)) - client-E41C008B94D2->cb20f782-9136-4144-a2ef-e44461d35697: receive RaftClientReply:client-E41C008B94D2->cb20f782-9136-4144-a2ef-e44461d35697@group-EF222054BC57, cid=566, SUCCESS, logIndex=831, commits[cb20f782-9136-4144-a2ef-e44461d35697:c833]
2019-09-17 12:48:24,489 [grpc-default-executor-2] INFO  client.GrpcClientProtocolClient (GrpcClientProtocolClient.java:onNext(264)) - client-E41C008B94D2->cb20f782-9136-4144-a2ef-e44461d35697: receive RaftClientReply:client-E41C008B94D2->cb20f782-9136-4144-a2ef-e44461d35697@group-EF222054BC57, cid=567, SUCCESS, logIndex=832, commits[cb20f782-9136-4144-a2ef-e44461d35697:c833]
2019-09-17 12:48:24,490 [grpc-default-executor-2] INFO  client.GrpcClientProtocolClient (GrpcClientProtocolClient.java:onNext(264)) - client-E41C008B94D2->cb20f782-9136-4144-a2ef-e44461d35697: receive RaftClientReply:client-E41C008B94D2->cb20f782-9136-4144-a2ef-e44461d35697@group-EF222054BC57, cid=568, SUCCESS, logIndex=833, commits[cb20f782-9136-4144-a2ef-e44461d35697:c833]
2019-09-17 12:48:24,522 [grpc-default-executor-1] INFO  client.GrpcClientProtocolClient (GrpcClientProtocolClient.java:onNext(264)) - client-E41C008B94D2->cb20f782-9136-4144-a2ef-e44461d35697: receive RaftClientReply:client-E41C008B94D2->cb20f782-9136-4144-a2ef-e44461d35697@group-EF222054BC57, cid=569, SUCCESS, logIndex=835, commits[cb20f782-9136-4144-a2ef-e44461d35697:c838]
2019-09-17 12:48:24,523 [grpc-default-executor-1] INFO  client.GrpcClientProtocolClient (GrpcClientProtocolClient.java:onNext(264)) - client-E41C008B94D2->cb20f782-9136-4144-a2ef-e44461d35697: receive RaftClientReply:client-E41C008B94D2->cb20f782-9136-4144-a2ef-e44461d35697@group-EF222054BC57, cid=570, SUCCESS, logIndex=836, commits[cb20f782-9136-4144-a2ef-e44461d35697:c838]
2019-09-17 12:48:24,523 [grpc-default-executor-1] INFO  client.GrpcClientProtocolClient (GrpcClientProtocolClient.java:onNext(264)) - client-E41C008B94D2->cb20f782-9136-4144-a2ef-e44461d35697: receive RaftClientReply:client-E41C008B94D2->cb20f782-9136-4144-a2ef-e44461d35697@group-EF222054BC57, cid=571, SUCCESS, logIndex=837, commits[cb20f782-9136-4144-a2ef-e44461d35697:c838]
2019-09-17 12:48:24,523 [grpc-default-executor-1] INFO  client.GrpcClientProtocolClient (GrpcClientProtocolClient.java:onNext(264)) - client-E41C008B94D2->cb20f782-9136-4144-a2ef-e44461d35697: receive RaftClientReply:client-E41C008B94D2->cb20f782-9136-4144-a2ef-e44461d35697@group-EF222054BC57, cid=572, SUCCESS, logIndex=838, commits[cb20f782-9136-4144-a2ef-e44461d35697:c838]
2019-09-17 12:48:24,543 [SCMBlockDeletingService#0] DEBUG block.SCMBlockDeletingService (SCMBlockDeletingService.java:call(138)) - Running DeletedBlockTransactionScanner
2019-09-17 12:48:24,543 [grpc-default-executor-1] INFO  client.GrpcClientProtocolClient (GrpcClientProtocolClient.java:onNext(264)) - client-E41C008B94D2->cb20f782-9136-4144-a2ef-e44461d35697: receive RaftClientReply:client-E41C008B94D2->cb20f782-9136-4144-a2ef-e44461d35697@group-EF222054BC57, cid=573, SUCCESS, logIndex=840, commits[cb20f782-9136-4144-a2ef-e44461d35697:c841]
2019-09-17 12:48:24,543 [SCMBlockDeletingService#0] DEBUG block.SCMBlockDeletingService (SCMBlockDeletingService.java:call(155)) - Scanned deleted blocks log and got 0 delTX to process.
2019-09-17 12:48:24,544 [grpc-default-executor-1] INFO  client.GrpcClientProtocolClient (GrpcClientProtocolClient.java:onNext(264)) - client-E41C008B94D2->cb20f782-9136-4144-a2ef-e44461d35697: receive RaftClientReply:client-E41C008B94D2->cb20f782-9136-4144-a2ef-e44461d35697@group-EF222054BC57, cid=574, SUCCESS, logIndex=841, commits[cb20f782-9136-4144-a2ef-e44461d35697:c842]
2019-09-17 12:48:24,635 [grpc-default-executor-1] INFO  client.GrpcClientProtocolClient (GrpcClientProtocolClient.java:onNext(264)) - client-E41C008B94D2->cb20f782-9136-4144-a2ef-e44461d35697: receive RaftClientReply:client-E41C008B94D2->cb20f782-9136-4144-a2ef-e44461d35697@group-EF222054BC57, cid=575, SUCCESS, logIndex=843, commits[cb20f782-9136-4144-a2ef-e44461d35697:c844]
2019-09-17 12:48:24,635 [grpc-default-executor-1] INFO  client.GrpcClientProtocolClient (GrpcClientProtocolClient.java:onNext(264)) - client-E41C008B94D2->cb20f782-9136-4144-a2ef-e44461d35697: receive RaftClientReply:client-E41C008B94D2->cb20f782-9136-4144-a2ef-e44461d35697@group-EF222054BC57, cid=576, SUCCESS, logIndex=844, commits[cb20f782-9136-4144-a2ef-e44461d35697:c845]
2019-09-17 12:48:24,644 [SCMBlockDeletingService#0] DEBUG block.SCMBlockDeletingService (SCMBlockDeletingService.java:call(138)) - Running DeletedBlockTransactionScanner
2019-09-17 12:48:24,649 [SCMBlockDeletingService#0] DEBUG block.SCMBlockDeletingService (SCMBlockDeletingService.java:call(155)) - Scanned deleted blocks log and got 0 delTX to process.
2019-09-17 12:48:24,667 [grpc-default-executor-2] INFO  client.GrpcClientProtocolClient (GrpcClientProtocolClient.java:onNext(264)) - client-E41C008B94D2->cb20f782-9136-4144-a2ef-e44461d35697: receive RaftClientReply:client-E41C008B94D2->cb20f782-9136-4144-a2ef-e44461d35697@group-EF222054BC57, cid=577, SUCCESS, logIndex=846, commits[cb20f782-9136-4144-a2ef-e44461d35697:c849]
2019-09-17 12:48:24,668 [grpc-default-executor-2] INFO  client.GrpcClientProtocolClient (GrpcClientProtocolClient.java:onNext(264)) - client-E41C008B94D2->cb20f782-9136-4144-a2ef-e44461d35697: receive RaftClientReply:client-E41C008B94D2->cb20f782-9136-4144-a2ef-e44461d35697@group-EF222054BC57, cid=578, SUCCESS, logIndex=847, commits[cb20f782-9136-4144-a2ef-e44461d35697:c850]
2019-09-17 12:48:24,668 [grpc-default-executor-2] INFO  client.GrpcClientProtocolClient (GrpcClientProtocolClient.java:onNext(264)) - client-E41C008B94D2->cb20f782-9136-4144-a2ef-e44461d35697: receive RaftClientReply:client-E41C008B94D2->cb20f782-9136-4144-a2ef-e44461d35697@group-EF222054BC57, cid=579, SUCCESS, logIndex=848, commits[cb20f782-9136-4144-a2ef-e44461d35697:c850]
2019-09-17 12:48:24,669 [grpc-default-executor-2] INFO  client.GrpcClientProtocolClient (GrpcClientProtocolClient.java:onNext(264)) - client-E41C008B94D2->cb20f782-9136-4144-a2ef-e44461d35697: receive RaftClientReply:client-E41C008B94D2->cb20f782-9136-4144-a2ef-e44461d35697@group-EF222054BC57, cid=580, SUCCESS, logIndex=849, commits[cb20f782-9136-4144-a2ef-e44461d35697:c850]
2019-09-17 12:48:24,691 [grpc-default-executor-1] INFO  client.GrpcClientProtocolClient (GrpcClientProtocolClient.java:onNext(264)) - client-E41C008B94D2->cb20f782-9136-4144-a2ef-e44461d35697: receive RaftClientReply:client-E41C008B94D2->cb20f782-9136-4144-a2ef-e44461d35697@group-EF222054BC57, cid=581, SUCCESS, logIndex=851, commits[cb20f782-9136-4144-a2ef-e44461d35697:c854]
2019-09-17 12:48:24,691 [grpc-default-executor-1] INFO  client.GrpcClientProtocolClient (GrpcClientProtocolClient.java:onNext(264)) - client-E41C008B94D2->cb20f782-9136-4144-a2ef-e44461d35697: receive RaftClientReply:client-E41C008B94D2->cb20f782-9136-4144-a2ef-e44461d35697@group-EF222054BC57, cid=582, SUCCESS, logIndex=852, commits[cb20f782-9136-4144-a2ef-e44461d35697:c854]
2019-09-17 12:48:24,692 [grpc-default-executor-1] INFO  client.GrpcClientProtocolClient (GrpcClientProtocolClient.java:onNext(264)) - client-E41C008B94D2->cb20f782-9136-4144-a2ef-e44461d35697: receive RaftClientReply:client-E41C008B94D2->cb20f782-9136-4144-a2ef-e44461d35697@group-EF222054BC57, cid=583, SUCCESS, logIndex=853, commits[cb20f782-9136-4144-a2ef-e44461d35697:c855]
2019-09-17 12:48:24,692 [grpc-default-executor-1] INFO  client.GrpcClientProtocolClient (GrpcClientProtocolClient.java:onNext(264)) - client-E41C008B94D2->cb20f782-9136-4144-a2ef-e44461d35697: receive RaftClientReply:client-E41C008B94D2->cb20f782-9136-4144-a2ef-e44461d35697@group-EF222054BC57, cid=584, SUCCESS, logIndex=854, commits[cb20f782-9136-4144-a2ef-e44461d35697:c855]
2019-09-17 12:48:24,721 [grpc-default-executor-1] INFO  client.GrpcClientProtocolClient (GrpcClientProtocolClient.java:onNext(264)) - client-E41C008B94D2->cb20f782-9136-4144-a2ef-e44461d35697: receive RaftClientReply:client-E41C008B94D2->cb20f782-9136-4144-a2ef-e44461d35697@group-EF222054BC57, cid=585, SUCCESS, logIndex=856, commits[cb20f782-9136-4144-a2ef-e44461d35697:c857]
2019-09-17 12:48:24,722 [grpc-default-executor-1] INFO  client.GrpcClientProtocolClient (GrpcClientProtocolClient.java:onNext(264)) - client-E41C008B94D2->cb20f782-9136-4144-a2ef-e44461d35697: receive RaftClientReply:client-E41C008B94D2->cb20f782-9136-4144-a2ef-e44461d35697@group-EF222054BC57, cid=586, SUCCESS, logIndex=857, commits[cb20f782-9136-4144-a2ef-e44461d35697:c859]
2019-09-17 12:48:24,722 [grpc-default-executor-1] INFO  client.GrpcClientProtocolClient (GrpcClientProtocolClient.java:onNext(264)) - client-E41C008B94D2->cb20f782-9136-4144-a2ef-e44461d35697: receive RaftClientReply:client-E41C008B94D2->cb20f782-9136-4144-a2ef-e44461d35697@group-EF222054BC57, cid=587, SUCCESS, logIndex=858, commits[cb20f782-9136-4144-a2ef-e44461d35697:c860]
2019-09-17 12:48:24,722 [grpc-default-executor-1] INFO  client.GrpcClientProtocolClient (GrpcClientProtocolClient.java:onNext(264)) - client-E41C008B94D2->cb20f782-9136-4144-a2ef-e44461d35697: receive RaftClientReply:client-E41C008B94D2->cb20f782-9136-4144-a2ef-e44461d35697@group-EF222054BC57, cid=588, SUCCESS, logIndex=859, commits[cb20f782-9136-4144-a2ef-e44461d35697:c860]
2019-09-17 12:48:24,743 [grpc-default-executor-1] INFO  client.GrpcClientProtocolClient (GrpcClientProtocolClient.java:onNext(264)) - client-E41C008B94D2->cb20f782-9136-4144-a2ef-e44461d35697: receive RaftClientReply:client-E41C008B94D2->cb20f782-9136-4144-a2ef-e44461d35697@group-EF222054BC57, cid=589, SUCCESS, logIndex=862, commits[cb20f782-9136-4144-a2ef-e44461d35697:c863]
2019-09-17 12:48:24,743 [grpc-default-executor-1] INFO  client.GrpcClientProtocolClient (GrpcClientProtocolClient.java:onNext(264)) - client-E41C008B94D2->cb20f782-9136-4144-a2ef-e44461d35697: receive RaftClientReply:client-E41C008B94D2->cb20f782-9136-4144-a2ef-e44461d35697@group-EF222054BC57, cid=590, SUCCESS, logIndex=863, commits[cb20f782-9136-4144-a2ef-e44461d35697:c865]
2019-09-17 12:48:24,744 [grpc-default-executor-1] INFO  client.GrpcClientProtocolClient (GrpcClientProtocolClient.java:onNext(264)) - client-E41C008B94D2->cb20f782-9136-4144-a2ef-e44461d35697: receive RaftClientReply:client-E41C008B94D2->cb20f782-9136-4144-a2ef-e44461d35697@group-EF222054BC57, cid=591, SUCCESS, logIndex=864, commits[cb20f782-9136-4144-a2ef-e44461d35697:c865]
2019-09-17 12:48:24,744 [grpc-default-executor-1] INFO  client.GrpcClientProtocolClient (GrpcClientProtocolClient.java:onNext(264)) - client-E41C008B94D2->cb20f782-9136-4144-a2ef-e44461d35697: receive RaftClientReply:client-E41C008B94D2->cb20f782-9136-4144-a2ef-e44461d35697@group-EF222054BC57, cid=592, SUCCESS, logIndex=865, commits[cb20f782-9136-4144-a2ef-e44461d35697:c866]
2019-09-17 12:48:24,750 [SCMBlockDeletingService#0] DEBUG block.SCMBlockDeletingService (SCMBlockDeletingService.java:call(138)) - Running DeletedBlockTransactionScanner
2019-09-17 12:48:24,751 [SCMBlockDeletingService#0] DEBUG block.SCMBlockDeletingService (SCMBlockDeletingService.java:call(155)) - Scanned deleted blocks log and got 0 delTX to process.
2019-09-17 12:48:24,773 [grpc-default-executor-1] INFO  client.GrpcClientProtocolClient (GrpcClientProtocolClient.java:onNext(264)) - client-E41C008B94D2->cb20f782-9136-4144-a2ef-e44461d35697: receive RaftClientReply:client-E41C008B94D2->cb20f782-9136-4144-a2ef-e44461d35697@group-EF222054BC57, cid=593, SUCCESS, logIndex=868, commits[cb20f782-9136-4144-a2ef-e44461d35697:c869]
2019-09-17 12:48:24,774 [grpc-default-executor-1] INFO  client.GrpcClientProtocolClient (GrpcClientProtocolClient.java:onNext(264)) - client-E41C008B94D2->cb20f782-9136-4144-a2ef-e44461d35697: receive RaftClientReply:client-E41C008B94D2->cb20f782-9136-4144-a2ef-e44461d35697@group-EF222054BC57, cid=594, SUCCESS, logIndex=869, commits[cb20f782-9136-4144-a2ef-e44461d35697:c871]
2019-09-17 12:48:24,774 [grpc-default-executor-1] INFO  client.GrpcClientProtocolClient (GrpcClientProtocolClient.java:onNext(264)) - client-E41C008B94D2->cb20f782-9136-4144-a2ef-e44461d35697: receive RaftClientReply:client-E41C008B94D2->cb20f782-9136-4144-a2ef-e44461d35697@group-EF222054BC57, cid=595, SUCCESS, logIndex=870, commits[cb20f782-9136-4144-a2ef-e44461d35697:c871]
2019-09-17 12:48:24,775 [grpc-default-executor-1] INFO  client.GrpcClientProtocolClient (GrpcClientProtocolClient.java:onNext(264)) - client-E41C008B94D2->cb20f782-9136-4144-a2ef-e44461d35697: receive RaftClientReply:client-E41C008B94D2->cb20f782-9136-4144-a2ef-e44461d35697@group-EF222054BC57, cid=596, SUCCESS, logIndex=871, commits[cb20f782-9136-4144-a2ef-e44461d35697:c872]
2019-09-17 12:48:24,794 [grpc-default-executor-2] INFO  client.GrpcClientProtocolClient (GrpcClientProtocolClient.java:onNext(264)) - client-E41C008B94D2->cb20f782-9136-4144-a2ef-e44461d35697: receive RaftClientReply:client-E41C008B94D2->cb20f782-9136-4144-a2ef-e44461d35697@group-EF222054BC57, cid=597, SUCCESS, logIndex=874, commits[cb20f782-9136-4144-a2ef-e44461d35697:c875]
2019-09-17 12:48:24,795 [grpc-default-executor-2] INFO  client.GrpcClientProtocolClient (GrpcClientProtocolClient.java:onNext(264)) - client-E41C008B94D2->cb20f782-9136-4144-a2ef-e44461d35697: receive RaftClientReply:client-E41C008B94D2->cb20f782-9136-4144-a2ef-e44461d35697@group-EF222054BC57, cid=598, SUCCESS, logIndex=875, commits[cb20f782-9136-4144-a2ef-e44461d35697:c877]
2019-09-17 12:48:24,795 [grpc-default-executor-2] INFO  client.GrpcClientProtocolClient (GrpcClientProtocolClient.java:onNext(264)) - client-E41C008B94D2->cb20f782-9136-4144-a2ef-e44461d35697: receive RaftClientReply:client-E41C008B94D2->cb20f782-9136-4144-a2ef-e44461d35697@group-EF222054BC57, cid=599, SUCCESS, logIndex=876, commits[cb20f782-9136-4144-a2ef-e44461d35697:c878]
2019-09-17 12:48:24,795 [grpc-default-executor-2] INFO  client.GrpcClientProtocolClient (GrpcClientProtocolClient.java:onNext(264)) - client-E41C008B94D2->cb20f782-9136-4144-a2ef-e44461d35697: receive RaftClientReply:client-E41C008B94D2->cb20f782-9136-4144-a2ef-e44461d35697@group-EF222054BC57, cid=600, SUCCESS, logIndex=877, commits[cb20f782-9136-4144-a2ef-e44461d35697:c879]
2019-09-17 12:48:24,822 [grpc-default-executor-2] INFO  client.GrpcClientProtocolClient (GrpcClientProtocolClient.java:onNext(264)) - client-E41C008B94D2->cb20f782-9136-4144-a2ef-e44461d35697: receive RaftClientReply:client-E41C008B94D2->cb20f782-9136-4144-a2ef-e44461d35697@group-EF222054BC57, cid=601, SUCCESS, logIndex=880, commits[cb20f782-9136-4144-a2ef-e44461d35697:c881]
2019-09-17 12:48:24,822 [grpc-default-executor-2] INFO  client.GrpcClientProtocolClient (GrpcClientProtocolClient.java:onNext(264)) - client-E41C008B94D2->cb20f782-9136-4144-a2ef-e44461d35697: receive RaftClientReply:client-E41C008B94D2->cb20f782-9136-4144-a2ef-e44461d35697@group-EF222054BC57, cid=602, SUCCESS, logIndex=881, commits[cb20f782-9136-4144-a2ef-e44461d35697:c883]
2019-09-17 12:48:24,823 [grpc-default-executor-2] INFO  client.GrpcClientProtocolClient (GrpcClientProtocolClient.java:onNext(264)) - client-E41C008B94D2->cb20f782-9136-4144-a2ef-e44461d35697: receive RaftClientReply:client-E41C008B94D2->cb20f782-9136-4144-a2ef-e44461d35697@group-EF222054BC57, cid=603, SUCCESS, logIndex=882, commits[cb20f782-9136-4144-a2ef-e44461d35697:c884]
2019-09-17 12:48:24,823 [grpc-default-executor-2] INFO  client.GrpcClientProtocolClient (GrpcClientProtocolClient.java:onNext(264)) - client-E41C008B94D2->cb20f782-9136-4144-a2ef-e44461d35697: receive RaftClientReply:client-E41C008B94D2->cb20f782-9136-4144-a2ef-e44461d35697@group-EF222054BC57, cid=604, SUCCESS, logIndex=883, commits[cb20f782-9136-4144-a2ef-e44461d35697:c884]
2019-09-17 12:48:24,842 [grpc-default-executor-2] INFO  client.GrpcClientProtocolClient (GrpcClientProtocolClient.java:onNext(264)) - client-E41C008B94D2->cb20f782-9136-4144-a2ef-e44461d35697: receive RaftClientReply:client-E41C008B94D2->cb20f782-9136-4144-a2ef-e44461d35697@group-EF222054BC57, cid=605, SUCCESS, logIndex=886, commits[cb20f782-9136-4144-a2ef-e44461d35697:c887]
2019-09-17 12:48:24,843 [grpc-default-executor-2] INFO  client.GrpcClientProtocolClient (GrpcClientProtocolClient.java:onNext(264)) - client-E41C008B94D2->cb20f782-9136-4144-a2ef-e44461d35697: receive RaftClientReply:client-E41C008B94D2->cb20f782-9136-4144-a2ef-e44461d35697@group-EF222054BC57, cid=606, SUCCESS, logIndex=887, commits[cb20f782-9136-4144-a2ef-e44461d35697:c889]
2019-09-17 12:48:24,843 [grpc-default-executor-2] INFO  client.GrpcClientProtocolClient (GrpcClientProtocolClient.java:onNext(264)) - client-E41C008B94D2->cb20f782-9136-4144-a2ef-e44461d35697: receive RaftClientReply:client-E41C008B94D2->cb20f782-9136-4144-a2ef-e44461d35697@group-EF222054BC57, cid=607, SUCCESS, logIndex=888, commits[cb20f782-9136-4144-a2ef-e44461d35697:c890]
2019-09-17 12:48:24,844 [grpc-default-executor-2] INFO  client.GrpcClientProtocolClient (GrpcClientProtocolClient.java:onNext(264)) - client-E41C008B94D2->cb20f782-9136-4144-a2ef-e44461d35697: receive RaftClientReply:client-E41C008B94D2->cb20f782-9136-4144-a2ef-e44461d35697@group-EF222054BC57, cid=608, SUCCESS, logIndex=889, commits[cb20f782-9136-4144-a2ef-e44461d35697:c891]
2019-09-17 12:48:24,852 [SCMBlockDeletingService#0] DEBUG block.SCMBlockDeletingService (SCMBlockDeletingService.java:call(138)) - Running DeletedBlockTransactionScanner
2019-09-17 12:48:24,852 [SCMBlockDeletingService#0] DEBUG block.SCMBlockDeletingService (SCMBlockDeletingService.java:call(155)) - Scanned deleted blocks log and got 0 delTX to process.
2019-09-17 12:48:24,884 [grpc-default-executor-2] INFO  client.GrpcClientProtocolClient (GrpcClientProtocolClient.java:onNext(264)) - client-E41C008B94D2->cb20f782-9136-4144-a2ef-e44461d35697: receive RaftClientReply:client-E41C008B94D2->cb20f782-9136-4144-a2ef-e44461d35697@group-EF222054BC57, cid=609, SUCCESS, logIndex=892, commits[cb20f782-9136-4144-a2ef-e44461d35697:c895]
2019-09-17 12:48:24,885 [grpc-default-executor-2] INFO  client.GrpcClientProtocolClient (GrpcClientProtocolClient.java:onNext(264)) - client-E41C008B94D2->cb20f782-9136-4144-a2ef-e44461d35697: receive RaftClientReply:client-E41C008B94D2->cb20f782-9136-4144-a2ef-e44461d35697@group-EF222054BC57, cid=610, SUCCESS, logIndex=893, commits[cb20f782-9136-4144-a2ef-e44461d35697:c895]
2019-09-17 12:48:24,885 [grpc-default-executor-2] INFO  client.GrpcClientProtocolClient (GrpcClientProtocolClient.java:onNext(264)) - client-E41C008B94D2->cb20f782-9136-4144-a2ef-e44461d35697: receive RaftClientReply:client-E41C008B94D2->cb20f782-9136-4144-a2ef-e44461d35697@group-EF222054BC57, cid=611, SUCCESS, logIndex=894, commits[cb20f782-9136-4144-a2ef-e44461d35697:c895]
2019-09-17 12:48:24,886 [grpc-default-executor-2] INFO  client.GrpcClientProtocolClient (GrpcClientProtocolClient.java:onNext(264)) - client-E41C008B94D2->cb20f782-9136-4144-a2ef-e44461d35697: receive RaftClientReply:client-E41C008B94D2->cb20f782-9136-4144-a2ef-e44461d35697@group-EF222054BC57, cid=612, SUCCESS, logIndex=895, commits[cb20f782-9136-4144-a2ef-e44461d35697:c895]
2019-09-17 12:48:24,924 [grpc-default-executor-1] INFO  client.GrpcClientProtocolClient (GrpcClientProtocolClient.java:onNext(264)) - client-E41C008B94D2->cb20f782-9136-4144-a2ef-e44461d35697: receive RaftClientReply:client-E41C008B94D2->cb20f782-9136-4144-a2ef-e44461d35697@group-EF222054BC57, cid=613, SUCCESS, logIndex=897, commits[cb20f782-9136-4144-a2ef-e44461d35697:c898]
2019-09-17 12:48:24,925 [grpc-default-executor-1] INFO  client.GrpcClientProtocolClient (GrpcClientProtocolClient.java:onNext(264)) - client-E41C008B94D2->cb20f782-9136-4144-a2ef-e44461d35697: receive RaftClientReply:client-E41C008B94D2->cb20f782-9136-4144-a2ef-e44461d35697@group-EF222054BC57, cid=614, SUCCESS, logIndex=898, commits[cb20f782-9136-4144-a2ef-e44461d35697:c898]
2019-09-17 12:48:24,934 [grpc-default-executor-1] INFO  client.GrpcClientProtocolClient (GrpcClientProtocolClient.java:onNext(264)) - client-E41C008B94D2->cb20f782-9136-4144-a2ef-e44461d35697: receive RaftClientReply:client-E41C008B94D2->cb20f782-9136-4144-a2ef-e44461d35697@group-EF222054BC57, cid=615, SUCCESS, logIndex=899, commits[cb20f782-9136-4144-a2ef-e44461d35697:c900]
2019-09-17 12:48:24,934 [grpc-default-executor-1] INFO  client.GrpcClientProtocolClient (GrpcClientProtocolClient.java:onNext(264)) - client-E41C008B94D2->cb20f782-9136-4144-a2ef-e44461d35697: receive RaftClientReply:client-E41C008B94D2->cb20f782-9136-4144-a2ef-e44461d35697@group-EF222054BC57, cid=616, SUCCESS, logIndex=900, commits[cb20f782-9136-4144-a2ef-e44461d35697:c900]
2019-09-17 12:48:25,022 [SCMBlockDeletingService#0] DEBUG block.SCMBlockDeletingService (SCMBlockDeletingService.java:call(138)) - Running DeletedBlockTransactionScanner
2019-09-17 12:48:25,022 [SCMBlockDeletingService#0] DEBUG block.SCMBlockDeletingService (SCMBlockDeletingService.java:call(155)) - Scanned deleted blocks log and got 0 delTX to process.
2019-09-17 12:48:25,041 [grpc-default-executor-2] INFO  client.GrpcClientProtocolClient (GrpcClientProtocolClient.java:onNext(264)) - client-E41C008B94D2->cb20f782-9136-4144-a2ef-e44461d35697: receive RaftClientReply:client-E41C008B94D2->cb20f782-9136-4144-a2ef-e44461d35697@group-EF222054BC57, cid=617, SUCCESS, logIndex=903, commits[cb20f782-9136-4144-a2ef-e44461d35697:c904]
2019-09-17 12:48:25,051 [grpc-default-executor-2] INFO  client.GrpcClientProtocolClient (GrpcClientProtocolClient.java:onNext(264)) - client-E41C008B94D2->cb20f782-9136-4144-a2ef-e44461d35697: receive RaftClientReply:client-E41C008B94D2->cb20f782-9136-4144-a2ef-e44461d35697@group-EF222054BC57, cid=618, SUCCESS, logIndex=904, commits[cb20f782-9136-4144-a2ef-e44461d35697:c905]
2019-09-17 12:48:25,122 [SCMBlockDeletingService#0] DEBUG block.SCMBlockDeletingService (SCMBlockDeletingService.java:call(138)) - Running DeletedBlockTransactionScanner
2019-09-17 12:48:25,123 [SCMBlockDeletingService#0] DEBUG block.SCMBlockDeletingService (SCMBlockDeletingService.java:call(155)) - Scanned deleted blocks log and got 0 delTX to process.
2019-09-17 12:48:25,167 [grpc-default-executor-2] INFO  client.GrpcClientProtocolClient (GrpcClientProtocolClient.java:onNext(264)) - client-E41C008B94D2->cb20f782-9136-4144-a2ef-e44461d35697: receive RaftClientReply:client-E41C008B94D2->cb20f782-9136-4144-a2ef-e44461d35697@group-EF222054BC57, cid=619, SUCCESS, logIndex=906, commits[cb20f782-9136-4144-a2ef-e44461d35697:c907]
2019-09-17 12:48:25,168 [grpc-default-executor-2] INFO  client.GrpcClientProtocolClient (GrpcClientProtocolClient.java:onNext(264)) - client-E41C008B94D2->cb20f782-9136-4144-a2ef-e44461d35697: receive RaftClientReply:client-E41C008B94D2->cb20f782-9136-4144-a2ef-e44461d35697@group-EF222054BC57, cid=620, SUCCESS, logIndex=907, commits[cb20f782-9136-4144-a2ef-e44461d35697:c907]
2019-09-17 12:48:25,206 [grpc-default-executor-1] INFO  client.GrpcClientProtocolClient (GrpcClientProtocolClient.java:onNext(264)) - client-E41C008B94D2->cb20f782-9136-4144-a2ef-e44461d35697: receive RaftClientReply:client-E41C008B94D2->cb20f782-9136-4144-a2ef-e44461d35697@group-EF222054BC57, cid=621, SUCCESS, logIndex=909, commits[cb20f782-9136-4144-a2ef-e44461d35697:c912]
2019-09-17 12:48:25,206 [grpc-default-executor-1] INFO  client.GrpcClientProtocolClient (GrpcClientProtocolClient.java:onNext(264)) - client-E41C008B94D2->cb20f782-9136-4144-a2ef-e44461d35697: receive RaftClientReply:client-E41C008B94D2->cb20f782-9136-4144-a2ef-e44461d35697@group-EF222054BC57, cid=622, SUCCESS, logIndex=910, commits[cb20f782-9136-4144-a2ef-e44461d35697:c913]
2019-09-17 12:48:25,207 [grpc-default-executor-1] INFO  client.GrpcClientProtocolClient (GrpcClientProtocolClient.java:onNext(264)) - client-E41C008B94D2->cb20f782-9136-4144-a2ef-e44461d35697: receive RaftClientReply:client-E41C008B94D2->cb20f782-9136-4144-a2ef-e44461d35697@group-EF222054BC57, cid=623, SUCCESS, logIndex=911, commits[cb20f782-9136-4144-a2ef-e44461d35697:c913]
2019-09-17 12:48:25,207 [grpc-default-executor-1] INFO  client.GrpcClientProtocolClient (GrpcClientProtocolClient.java:onNext(264)) - client-E41C008B94D2->cb20f782-9136-4144-a2ef-e44461d35697: receive RaftClientReply:client-E41C008B94D2->cb20f782-9136-4144-a2ef-e44461d35697@group-EF222054BC57, cid=624, SUCCESS, logIndex=912, commits[cb20f782-9136-4144-a2ef-e44461d35697:c913]
2019-09-17 12:48:25,223 [SCMBlockDeletingService#0] DEBUG block.SCMBlockDeletingService (SCMBlockDeletingService.java:call(138)) - Running DeletedBlockTransactionScanner
2019-09-17 12:48:25,223 [SCMBlockDeletingService#0] DEBUG block.SCMBlockDeletingService (SCMBlockDeletingService.java:call(155)) - Scanned deleted blocks log and got 0 delTX to process.
2019-09-17 12:48:25,237 [grpc-default-executor-2] INFO  client.GrpcClientProtocolClient (GrpcClientProtocolClient.java:onNext(264)) - client-E41C008B94D2->cb20f782-9136-4144-a2ef-e44461d35697: receive RaftClientReply:client-E41C008B94D2->cb20f782-9136-4144-a2ef-e44461d35697@group-EF222054BC57, cid=625, SUCCESS, logIndex=914, commits[cb20f782-9136-4144-a2ef-e44461d35697:c917]
2019-09-17 12:48:25,238 [grpc-default-executor-2] INFO  client.GrpcClientProtocolClient (GrpcClientProtocolClient.java:onNext(264)) - client-E41C008B94D2->cb20f782-9136-4144-a2ef-e44461d35697: receive RaftClientReply:client-E41C008B94D2->cb20f782-9136-4144-a2ef-e44461d35697@group-EF222054BC57, cid=626, SUCCESS, logIndex=915, commits[cb20f782-9136-4144-a2ef-e44461d35697:c917]
2019-09-17 12:48:25,238 [grpc-default-executor-2] INFO  client.GrpcClientProtocolClient (GrpcClientProtocolClient.java:onNext(264)) - client-E41C008B94D2->cb20f782-9136-4144-a2ef-e44461d35697: receive RaftClientReply:client-E41C008B94D2->cb20f782-9136-4144-a2ef-e44461d35697@group-EF222054BC57, cid=627, SUCCESS, logIndex=916, commits[cb20f782-9136-4144-a2ef-e44461d35697:c918]
2019-09-17 12:48:25,239 [grpc-default-executor-2] INFO  client.GrpcClientProtocolClient (GrpcClientProtocolClient.java:onNext(264)) - client-E41C008B94D2->cb20f782-9136-4144-a2ef-e44461d35697: receive RaftClientReply:client-E41C008B94D2->cb20f782-9136-4144-a2ef-e44461d35697@group-EF222054BC57, cid=628, SUCCESS, logIndex=917, commits[cb20f782-9136-4144-a2ef-e44461d35697:c919]
2019-09-17 12:48:25,260 [grpc-default-executor-2] INFO  client.GrpcClientProtocolClient (GrpcClientProtocolClient.java:onNext(264)) - client-E41C008B94D2->cb20f782-9136-4144-a2ef-e44461d35697: receive RaftClientReply:client-E41C008B94D2->cb20f782-9136-4144-a2ef-e44461d35697@group-EF222054BC57, cid=629, SUCCESS, logIndex=920, commits[cb20f782-9136-4144-a2ef-e44461d35697:c923]
2019-09-17 12:48:25,260 [grpc-default-executor-2] INFO  client.GrpcClientProtocolClient (GrpcClientProtocolClient.java:onNext(264)) - client-E41C008B94D2->cb20f782-9136-4144-a2ef-e44461d35697: receive RaftClientReply:client-E41C008B94D2->cb20f782-9136-4144-a2ef-e44461d35697@group-EF222054BC57, cid=630, SUCCESS, logIndex=921, commits[cb20f782-9136-4144-a2ef-e44461d35697:c924]
2019-09-17 12:48:25,261 [grpc-default-executor-2] INFO  client.GrpcClientProtocolClient (GrpcClientProtocolClient.java:onNext(264)) - client-E41C008B94D2->cb20f782-9136-4144-a2ef-e44461d35697: receive RaftClientReply:client-E41C008B94D2->cb20f782-9136-4144-a2ef-e44461d35697@group-EF222054BC57, cid=631, SUCCESS, logIndex=922, commits[cb20f782-9136-4144-a2ef-e44461d35697:c924]
2019-09-17 12:48:25,261 [grpc-default-executor-2] INFO  client.GrpcClientProtocolClient (GrpcClientProtocolClient.java:onNext(264)) - client-E41C008B94D2->cb20f782-9136-4144-a2ef-e44461d35697: receive RaftClientReply:client-E41C008B94D2->cb20f782-9136-4144-a2ef-e44461d35697@group-EF222054BC57, cid=632, SUCCESS, logIndex=923, commits[cb20f782-9136-4144-a2ef-e44461d35697:c924]
2019-09-17 12:48:25,288 [grpc-default-executor-2] INFO  client.GrpcClientProtocolClient (GrpcClientProtocolClient.java:onNext(264)) - client-E41C008B94D2->cb20f782-9136-4144-a2ef-e44461d35697: receive RaftClientReply:client-E41C008B94D2->cb20f782-9136-4144-a2ef-e44461d35697@group-EF222054BC57, cid=633, SUCCESS, logIndex=925, commits[cb20f782-9136-4144-a2ef-e44461d35697:c926]
2019-09-17 12:48:25,289 [grpc-default-executor-2] INFO  client.GrpcClientProtocolClient (GrpcClientProtocolClient.java:onNext(264)) - client-E41C008B94D2->cb20f782-9136-4144-a2ef-e44461d35697: receive RaftClientReply:client-E41C008B94D2->cb20f782-9136-4144-a2ef-e44461d35697@group-EF222054BC57, cid=634, SUCCESS, logIndex=926, commits[cb20f782-9136-4144-a2ef-e44461d35697:c928]
2019-09-17 12:48:25,290 [grpc-default-executor-2] INFO  client.GrpcClientProtocolClient (GrpcClientProtocolClient.java:onNext(264)) - client-E41C008B94D2->cb20f782-9136-4144-a2ef-e44461d35697: receive RaftClientReply:client-E41C008B94D2->cb20f782-9136-4144-a2ef-e44461d35697@group-EF222054BC57, cid=635, SUCCESS, logIndex=927, commits[cb20f782-9136-4144-a2ef-e44461d35697:c929]
2019-09-17 12:48:25,290 [grpc-default-executor-2] INFO  client.GrpcClientProtocolClient (GrpcClientProtocolClient.java:onNext(264)) - client-E41C008B94D2->cb20f782-9136-4144-a2ef-e44461d35697: receive RaftClientReply:client-E41C008B94D2->cb20f782-9136-4144-a2ef-e44461d35697@group-EF222054BC57, cid=636, SUCCESS, logIndex=928, commits[cb20f782-9136-4144-a2ef-e44461d35697:c930]
2019-09-17 12:48:25,310 [grpc-default-executor-1] INFO  client.GrpcClientProtocolClient (GrpcClientProtocolClient.java:onNext(264)) - client-E41C008B94D2->cb20f782-9136-4144-a2ef-e44461d35697: receive RaftClientReply:client-E41C008B94D2->cb20f782-9136-4144-a2ef-e44461d35697@group-EF222054BC57, cid=637, SUCCESS, logIndex=931, commits[cb20f782-9136-4144-a2ef-e44461d35697:c932]
2019-09-17 12:48:25,311 [grpc-default-executor-1] INFO  client.GrpcClientProtocolClient (GrpcClientProtocolClient.java:onNext(264)) - client-E41C008B94D2->cb20f782-9136-4144-a2ef-e44461d35697: receive RaftClientReply:client-E41C008B94D2->cb20f782-9136-4144-a2ef-e44461d35697@group-EF222054BC57, cid=638, SUCCESS, logIndex=932, commits[cb20f782-9136-4144-a2ef-e44461d35697:c934]
2019-09-17 12:48:25,311 [grpc-default-executor-1] INFO  client.GrpcClientProtocolClient (GrpcClientProtocolClient.java:onNext(264)) - client-E41C008B94D2->cb20f782-9136-4144-a2ef-e44461d35697: receive RaftClientReply:client-E41C008B94D2->cb20f782-9136-4144-a2ef-e44461d35697@group-EF222054BC57, cid=639, SUCCESS, logIndex=933, commits[cb20f782-9136-4144-a2ef-e44461d35697:c934]
2019-09-17 12:48:25,311 [grpc-default-executor-1] INFO  client.GrpcClientProtocolClient (GrpcClientProtocolClient.java:onNext(264)) - client-E41C008B94D2->cb20f782-9136-4144-a2ef-e44461d35697: receive RaftClientReply:client-E41C008B94D2->cb20f782-9136-4144-a2ef-e44461d35697@group-EF222054BC57, cid=640, SUCCESS, logIndex=934, commits[cb20f782-9136-4144-a2ef-e44461d35697:c935]
2019-09-17 12:48:25,324 [SCMBlockDeletingService#0] DEBUG block.SCMBlockDeletingService (SCMBlockDeletingService.java:call(138)) - Running DeletedBlockTransactionScanner
2019-09-17 12:48:25,324 [SCMBlockDeletingService#0] DEBUG block.SCMBlockDeletingService (SCMBlockDeletingService.java:call(155)) - Scanned deleted blocks log and got 0 delTX to process.
2019-09-17 12:48:25,338 [grpc-default-executor-1] INFO  client.GrpcClientProtocolClient (GrpcClientProtocolClient.java:onNext(264)) - client-E41C008B94D2->cb20f782-9136-4144-a2ef-e44461d35697: receive RaftClientReply:client-E41C008B94D2->cb20f782-9136-4144-a2ef-e44461d35697@group-EF222054BC57, cid=641, SUCCESS, logIndex=937, commits[cb20f782-9136-4144-a2ef-e44461d35697:c940]
2019-09-17 12:48:25,339 [grpc-default-executor-1] INFO  client.GrpcClientProtocolClient (GrpcClientProtocolClient.java:onNext(264)) - client-E41C008B94D2->cb20f782-9136-4144-a2ef-e44461d35697: receive RaftClientReply:client-E41C008B94D2->cb20f782-9136-4144-a2ef-e44461d35697@group-EF222054BC57, cid=642, SUCCESS, logIndex=938, commits[cb20f782-9136-4144-a2ef-e44461d35697:c941]
2019-09-17 12:48:25,339 [grpc-default-executor-1] INFO  client.GrpcClientProtocolClient (GrpcClientProtocolClient.java:onNext(264)) - client-E41C008B94D2->cb20f782-9136-4144-a2ef-e44461d35697: receive RaftClientReply:client-E41C008B94D2->cb20f782-9136-4144-a2ef-e44461d35697@group-EF222054BC57, cid=643, SUCCESS, logIndex=939, commits[cb20f782-9136-4144-a2ef-e44461d35697:c941]
2019-09-17 12:48:25,340 [grpc-default-executor-1] INFO  client.GrpcClientProtocolClient (GrpcClientProtocolClient.java:onNext(264)) - client-E41C008B94D2->cb20f782-9136-4144-a2ef-e44461d35697: receive RaftClientReply:client-E41C008B94D2->cb20f782-9136-4144-a2ef-e44461d35697@group-EF222054BC57, cid=644, SUCCESS, logIndex=940, commits[cb20f782-9136-4144-a2ef-e44461d35697:c941]
2019-09-17 12:48:25,358 [grpc-default-executor-1] INFO  client.GrpcClientProtocolClient (GrpcClientProtocolClient.java:onNext(264)) - client-E41C008B94D2->cb20f782-9136-4144-a2ef-e44461d35697: receive RaftClientReply:client-E41C008B94D2->cb20f782-9136-4144-a2ef-e44461d35697@group-EF222054BC57, cid=645, SUCCESS, logIndex=942, commits[cb20f782-9136-4144-a2ef-e44461d35697:c943]
2019-09-17 12:48:25,358 [grpc-default-executor-1] INFO  client.GrpcClientProtocolClient (GrpcClientProtocolClient.java:onNext(264)) - client-E41C008B94D2->cb20f782-9136-4144-a2ef-e44461d35697: receive RaftClientReply:client-E41C008B94D2->cb20f782-9136-4144-a2ef-e44461d35697@group-EF222054BC57, cid=646, SUCCESS, logIndex=943, commits[cb20f782-9136-4144-a2ef-e44461d35697:c945]
2019-09-17 12:48:25,358 [grpc-default-executor-1] INFO  client.GrpcClientProtocolClient (GrpcClientProtocolClient.java:onNext(264)) - client-E41C008B94D2->cb20f782-9136-4144-a2ef-e44461d35697: receive RaftClientReply:client-E41C008B94D2->cb20f782-9136-4144-a2ef-e44461d35697@group-EF222054BC57, cid=647, SUCCESS, logIndex=944, commits[cb20f782-9136-4144-a2ef-e44461d35697:c946]
2019-09-17 12:48:25,359 [grpc-default-executor-1] INFO  client.GrpcClientProtocolClient (GrpcClientProtocolClient.java:onNext(264)) - client-E41C008B94D2->cb20f782-9136-4144-a2ef-e44461d35697: receive RaftClientReply:client-E41C008B94D2->cb20f782-9136-4144-a2ef-e44461d35697@group-EF222054BC57, cid=648, SUCCESS, logIndex=945, commits[cb20f782-9136-4144-a2ef-e44461d35697:c946]
2019-09-17 12:48:25,384 [grpc-default-executor-2] INFO  client.GrpcClientProtocolClient (GrpcClientProtocolClient.java:onNext(264)) - client-E41C008B94D2->cb20f782-9136-4144-a2ef-e44461d35697: receive RaftClientReply:client-E41C008B94D2->cb20f782-9136-4144-a2ef-e44461d35697@group-EF222054BC57, cid=649, SUCCESS, logIndex=948, commits[cb20f782-9136-4144-a2ef-e44461d35697:c949]
2019-09-17 12:48:25,385 [grpc-default-executor-2] INFO  client.GrpcClientProtocolClient (GrpcClientProtocolClient.java:onNext(264)) - client-E41C008B94D2->cb20f782-9136-4144-a2ef-e44461d35697: receive RaftClientReply:client-E41C008B94D2->cb20f782-9136-4144-a2ef-e44461d35697@group-EF222054BC57, cid=650, SUCCESS, logIndex=949, commits[cb20f782-9136-4144-a2ef-e44461d35697:c951]
2019-09-17 12:48:25,386 [grpc-default-executor-2] INFO  client.GrpcClientProtocolClient (GrpcClientProtocolClient.java:onNext(264)) - client-E41C008B94D2->cb20f782-9136-4144-a2ef-e44461d35697: receive RaftClientReply:client-E41C008B94D2->cb20f782-9136-4144-a2ef-e44461d35697@group-EF222054BC57, cid=651, SUCCESS, logIndex=950, commits[cb20f782-9136-4144-a2ef-e44461d35697:c951]
2019-09-17 12:48:25,386 [grpc-default-executor-2] INFO  client.GrpcClientProtocolClient (GrpcClientProtocolClient.java:onNext(264)) - client-E41C008B94D2->cb20f782-9136-4144-a2ef-e44461d35697: receive RaftClientReply:client-E41C008B94D2->cb20f782-9136-4144-a2ef-e44461d35697@group-EF222054BC57, cid=652, SUCCESS, logIndex=951, commits[cb20f782-9136-4144-a2ef-e44461d35697:c951]
2019-09-17 12:48:25,405 [grpc-default-executor-1] INFO  client.GrpcClientProtocolClient (GrpcClientProtocolClient.java:onNext(264)) - client-E41C008B94D2->cb20f782-9136-4144-a2ef-e44461d35697: receive RaftClientReply:client-E41C008B94D2->cb20f782-9136-4144-a2ef-e44461d35697@group-EF222054BC57, cid=653, SUCCESS, logIndex=954, commits[cb20f782-9136-4144-a2ef-e44461d35697:c955]
2019-09-17 12:48:25,405 [grpc-default-executor-1] INFO  client.GrpcClientProtocolClient (GrpcClientProtocolClient.java:onNext(264)) - client-E41C008B94D2->cb20f782-9136-4144-a2ef-e44461d35697: receive RaftClientReply:client-E41C008B94D2->cb20f782-9136-4144-a2ef-e44461d35697@group-EF222054BC57, cid=654, SUCCESS, logIndex=955, commits[cb20f782-9136-4144-a2ef-e44461d35697:c957]
2019-09-17 12:48:25,406 [grpc-default-executor-1] INFO  client.GrpcClientProtocolClient (GrpcClientProtocolClient.java:onNext(264)) - client-E41C008B94D2->cb20f782-9136-4144-a2ef-e44461d35697: receive RaftClientReply:client-E41C008B94D2->cb20f782-9136-4144-a2ef-e44461d35697@group-EF222054BC57, cid=655, SUCCESS, logIndex=956, commits[cb20f782-9136-4144-a2ef-e44461d35697:c957]
2019-09-17 12:48:25,406 [grpc-default-executor-1] INFO  client.GrpcClientProtocolClient (GrpcClientProtocolClient.java:onNext(264)) - client-E41C008B94D2->cb20f782-9136-4144-a2ef-e44461d35697: receive RaftClientReply:client-E41C008B94D2->cb20f782-9136-4144-a2ef-e44461d35697@group-EF222054BC57, cid=656, SUCCESS, logIndex=957, commits[cb20f782-9136-4144-a2ef-e44461d35697:c958]
2019-09-17 12:48:25,424 [SCMBlockDeletingService#0] DEBUG block.SCMBlockDeletingService (SCMBlockDeletingService.java:call(138)) - Running DeletedBlockTransactionScanner
2019-09-17 12:48:25,425 [SCMBlockDeletingService#0] DEBUG block.SCMBlockDeletingService (SCMBlockDeletingService.java:call(155)) - Scanned deleted blocks log and got 0 delTX to process.
2019-09-17 12:48:25,432 [grpc-default-executor-1] INFO  client.GrpcClientProtocolClient (GrpcClientProtocolClient.java:onNext(264)) - client-E41C008B94D2->cb20f782-9136-4144-a2ef-e44461d35697: receive RaftClientReply:client-E41C008B94D2->cb20f782-9136-4144-a2ef-e44461d35697@group-EF222054BC57, cid=657, SUCCESS, logIndex=960, commits[cb20f782-9136-4144-a2ef-e44461d35697:c961]
2019-09-17 12:48:25,433 [grpc-default-executor-1] INFO  client.GrpcClientProtocolClient (GrpcClientProtocolClient.java:onNext(264)) - client-E41C008B94D2->cb20f782-9136-4144-a2ef-e44461d35697: receive RaftClientReply:client-E41C008B94D2->cb20f782-9136-4144-a2ef-e44461d35697@group-EF222054BC57, cid=658, SUCCESS, logIndex=961, commits[cb20f782-9136-4144-a2ef-e44461d35697:c963]
2019-09-17 12:48:25,434 [grpc-default-executor-1] INFO  client.GrpcClientProtocolClient (GrpcClientProtocolClient.java:onNext(264)) - client-E41C008B94D2->cb20f782-9136-4144-a2ef-e44461d35697: receive RaftClientReply:client-E41C008B94D2->cb20f782-9136-4144-a2ef-e44461d35697@group-EF222054BC57, cid=659, SUCCESS, logIndex=962, commits[cb20f782-9136-4144-a2ef-e44461d35697:c963]
2019-09-17 12:48:25,434 [grpc-default-executor-1] INFO  client.GrpcClientProtocolClient (GrpcClientProtocolClient.java:onNext(264)) - client-E41C008B94D2->cb20f782-9136-4144-a2ef-e44461d35697: receive RaftClientReply:client-E41C008B94D2->cb20f782-9136-4144-a2ef-e44461d35697@group-EF222054BC57, cid=660, SUCCESS, logIndex=963, commits[cb20f782-9136-4144-a2ef-e44461d35697:c964]
2019-09-17 12:48:25,444 [grpc-default-executor-1] INFO  client.GrpcClientProtocolClient (GrpcClientProtocolClient.java:onNext(264)) - client-E41C008B94D2->cb20f782-9136-4144-a2ef-e44461d35697: receive RaftClientReply:client-E41C008B94D2->cb20f782-9136-4144-a2ef-e44461d35697@group-EF222054BC57, cid=661, SUCCESS, logIndex=966, commits[cb20f782-9136-4144-a2ef-e44461d35697:c968]
2019-09-17 12:48:25,444 [grpc-default-executor-1] INFO  client.GrpcClientProtocolClient (GrpcClientProtocolClient.java:onNext(264)) - client-E41C008B94D2->cb20f782-9136-4144-a2ef-e44461d35697: receive RaftClientReply:client-E41C008B94D2->cb20f782-9136-4144-a2ef-e44461d35697@group-EF222054BC57, cid=662, SUCCESS, logIndex=967, commits[cb20f782-9136-4144-a2ef-e44461d35697:c968]
2019-09-17 12:48:25,525 [SCMBlockDeletingService#0] DEBUG block.SCMBlockDeletingService (SCMBlockDeletingService.java:call(138)) - Running DeletedBlockTransactionScanner
2019-09-17 12:48:25,525 [SCMBlockDeletingService#0] DEBUG block.SCMBlockDeletingService (SCMBlockDeletingService.java:call(155)) - Scanned deleted blocks log and got 0 delTX to process.
2019-09-17 12:48:25,540 [grpc-default-executor-2] INFO  client.GrpcClientProtocolClient (GrpcClientProtocolClient.java:onNext(264)) - client-E41C008B94D2->cb20f782-9136-4144-a2ef-e44461d35697: receive RaftClientReply:client-E41C008B94D2->cb20f782-9136-4144-a2ef-e44461d35697@group-EF222054BC57, cid=663, SUCCESS, logIndex=969, commits[cb20f782-9136-4144-a2ef-e44461d35697:c970]
2019-09-17 12:48:25,541 [grpc-default-executor-2] INFO  client.GrpcClientProtocolClient (GrpcClientProtocolClient.java:onNext(264)) - client-E41C008B94D2->cb20f782-9136-4144-a2ef-e44461d35697: receive RaftClientReply:client-E41C008B94D2->cb20f782-9136-4144-a2ef-e44461d35697@group-EF222054BC57, cid=664, SUCCESS, logIndex=970, commits[cb20f782-9136-4144-a2ef-e44461d35697:c971]
2019-09-17 12:48:25,568 [grpc-default-executor-2] INFO  client.GrpcClientProtocolClient (GrpcClientProtocolClient.java:onNext(264)) - client-E41C008B94D2->cb20f782-9136-4144-a2ef-e44461d35697: receive RaftClientReply:client-E41C008B94D2->cb20f782-9136-4144-a2ef-e44461d35697@group-EF222054BC57, cid=665, SUCCESS, logIndex=972, commits[cb20f782-9136-4144-a2ef-e44461d35697:c973]
2019-09-17 12:48:25,568 [grpc-default-executor-2] INFO  client.GrpcClientProtocolClient (GrpcClientProtocolClient.java:onNext(264)) - client-E41C008B94D2->cb20f782-9136-4144-a2ef-e44461d35697: receive RaftClientReply:client-E41C008B94D2->cb20f782-9136-4144-a2ef-e44461d35697@group-EF222054BC57, cid=666, SUCCESS, logIndex=973, commits[cb20f782-9136-4144-a2ef-e44461d35697:c975]
2019-09-17 12:48:25,569 [grpc-default-executor-2] INFO  client.GrpcClientProtocolClient (GrpcClientProtocolClient.java:onNext(264)) - client-E41C008B94D2->cb20f782-9136-4144-a2ef-e44461d35697: receive RaftClientReply:client-E41C008B94D2->cb20f782-9136-4144-a2ef-e44461d35697@group-EF222054BC57, cid=667, SUCCESS, logIndex=974, commits[cb20f782-9136-4144-a2ef-e44461d35697:c976]
2019-09-17 12:48:25,569 [grpc-default-executor-2] INFO  client.GrpcClientProtocolClient (GrpcClientProtocolClient.java:onNext(264)) - client-E41C008B94D2->cb20f782-9136-4144-a2ef-e44461d35697: receive RaftClientReply:client-E41C008B94D2->cb20f782-9136-4144-a2ef-e44461d35697@group-EF222054BC57, cid=668, SUCCESS, logIndex=975, commits[cb20f782-9136-4144-a2ef-e44461d35697:c977]
2019-09-17 12:48:25,588 [grpc-default-executor-2] INFO  client.GrpcClientProtocolClient (GrpcClientProtocolClient.java:onNext(264)) - client-E41C008B94D2->cb20f782-9136-4144-a2ef-e44461d35697: receive RaftClientReply:client-E41C008B94D2->cb20f782-9136-4144-a2ef-e44461d35697@group-EF222054BC57, cid=669, SUCCESS, logIndex=978, commits[cb20f782-9136-4144-a2ef-e44461d35697:c979]
2019-09-17 12:48:25,616 [grpc-default-executor-2] INFO  client.GrpcClientProtocolClient (GrpcClientProtocolClient.java:onNext(264)) - client-E41C008B94D2->cb20f782-9136-4144-a2ef-e44461d35697: receive RaftClientReply:client-E41C008B94D2->cb20f782-9136-4144-a2ef-e44461d35697@group-EF222054BC57, cid=670, SUCCESS, logIndex=979, commits[cb20f782-9136-4144-a2ef-e44461d35697:c979]
2019-09-17 12:48:25,626 [SCMBlockDeletingService#0] DEBUG block.SCMBlockDeletingService (SCMBlockDeletingService.java:call(138)) - Running DeletedBlockTransactionScanner
2019-09-17 12:48:25,626 [SCMBlockDeletingService#0] DEBUG block.SCMBlockDeletingService (SCMBlockDeletingService.java:call(155)) - Scanned deleted blocks log and got 0 delTX to process.
2019-09-17 12:48:25,631 [grpc-default-executor-2] INFO  client.GrpcClientProtocolClient (GrpcClientProtocolClient.java:onNext(264)) - client-E41C008B94D2->cb20f782-9136-4144-a2ef-e44461d35697: receive RaftClientReply:client-E41C008B94D2->cb20f782-9136-4144-a2ef-e44461d35697@group-EF222054BC57, cid=671, SUCCESS, logIndex=980, commits[cb20f782-9136-4144-a2ef-e44461d35697:c982]
2019-09-17 12:48:25,632 [grpc-default-executor-2] INFO  client.GrpcClientProtocolClient (GrpcClientProtocolClient.java:onNext(264)) - client-E41C008B94D2->cb20f782-9136-4144-a2ef-e44461d35697: receive RaftClientReply:client-E41C008B94D2->cb20f782-9136-4144-a2ef-e44461d35697@group-EF222054BC57, cid=672, SUCCESS, logIndex=981, commits[cb20f782-9136-4144-a2ef-e44461d35697:c982]
2019-09-17 12:48:25,659 [grpc-default-executor-2] INFO  client.GrpcClientProtocolClient (GrpcClientProtocolClient.java:onNext(264)) - client-E41C008B94D2->cb20f782-9136-4144-a2ef-e44461d35697: receive RaftClientReply:client-E41C008B94D2->cb20f782-9136-4144-a2ef-e44461d35697@group-EF222054BC57, cid=673, SUCCESS, logIndex=983, commits[cb20f782-9136-4144-a2ef-e44461d35697:c984]
2019-09-17 12:48:25,660 [grpc-default-executor-2] INFO  client.GrpcClientProtocolClient (GrpcClientProtocolClient.java:onNext(264)) - client-E41C008B94D2->cb20f782-9136-4144-a2ef-e44461d35697: receive RaftClientReply:client-E41C008B94D2->cb20f782-9136-4144-a2ef-e44461d35697@group-EF222054BC57, cid=674, SUCCESS, logIndex=984, commits[cb20f782-9136-4144-a2ef-e44461d35697:c986]
2019-09-17 12:48:25,661 [grpc-default-executor-2] INFO  client.GrpcClientProtocolClient (GrpcClientProtocolClient.java:onNext(264)) - client-E41C008B94D2->cb20f782-9136-4144-a2ef-e44461d35697: receive RaftClientReply:client-E41C008B94D2->cb20f782-9136-4144-a2ef-e44461d35697@group-EF222054BC57, cid=675, SUCCESS, logIndex=985, commits[cb20f782-9136-4144-a2ef-e44461d35697:c987]
2019-09-17 12:48:25,661 [grpc-default-executor-2] INFO  client.GrpcClientProtocolClient (GrpcClientProtocolClient.java:onNext(264)) - client-E41C008B94D2->cb20f782-9136-4144-a2ef-e44461d35697: receive RaftClientReply:client-E41C008B94D2->cb20f782-9136-4144-a2ef-e44461d35697@group-EF222054BC57, cid=676, SUCCESS, logIndex=986, commits[cb20f782-9136-4144-a2ef-e44461d35697:c987]
2019-09-17 12:48:25,753 [SCMBlockDeletingService#0] DEBUG block.SCMBlockDeletingService (SCMBlockDeletingService.java:call(138)) - Running DeletedBlockTransactionScanner
2019-09-17 12:48:25,753 [SCMBlockDeletingService#0] DEBUG block.SCMBlockDeletingService (SCMBlockDeletingService.java:call(155)) - Scanned deleted blocks log and got 0 delTX to process.
2019-09-17 12:48:25,766 [grpc-default-executor-1] INFO  client.GrpcClientProtocolClient (GrpcClientProtocolClient.java:onNext(264)) - client-E41C008B94D2->cb20f782-9136-4144-a2ef-e44461d35697: receive RaftClientReply:client-E41C008B94D2->cb20f782-9136-4144-a2ef-e44461d35697@group-EF222054BC57, cid=677, SUCCESS, logIndex=989, commits[cb20f782-9136-4144-a2ef-e44461d35697:c990]
2019-09-17 12:48:25,766 [grpc-default-executor-1] INFO  client.GrpcClientProtocolClient (GrpcClientProtocolClient.java:onNext(264)) - client-E41C008B94D2->cb20f782-9136-4144-a2ef-e44461d35697: receive RaftClientReply:client-E41C008B94D2->cb20f782-9136-4144-a2ef-e44461d35697@group-EF222054BC57, cid=678, SUCCESS, logIndex=990, commits[cb20f782-9136-4144-a2ef-e44461d35697:c993]
2019-09-17 12:48:25,767 [grpc-default-executor-1] INFO  client.GrpcClientProtocolClient (GrpcClientProtocolClient.java:onNext(264)) - client-E41C008B94D2->cb20f782-9136-4144-a2ef-e44461d35697: receive RaftClientReply:client-E41C008B94D2->cb20f782-9136-4144-a2ef-e44461d35697@group-EF222054BC57, cid=679, SUCCESS, logIndex=991, commits[cb20f782-9136-4144-a2ef-e44461d35697:c993]
2019-09-17 12:48:25,768 [grpc-default-executor-1] INFO  client.GrpcClientProtocolClient (GrpcClientProtocolClient.java:onNext(264)) - client-E41C008B94D2->cb20f782-9136-4144-a2ef-e44461d35697: receive RaftClientReply:client-E41C008B94D2->cb20f782-9136-4144-a2ef-e44461d35697@group-EF222054BC57, cid=680, SUCCESS, logIndex=992, commits[cb20f782-9136-4144-a2ef-e44461d35697:c994]
2019-09-17 12:48:25,798 [grpc-default-executor-1] INFO  client.GrpcClientProtocolClient (GrpcClientProtocolClient.java:onNext(264)) - client-E41C008B94D2->cb20f782-9136-4144-a2ef-e44461d35697: receive RaftClientReply:client-E41C008B94D2->cb20f782-9136-4144-a2ef-e44461d35697@group-EF222054BC57, cid=681, SUCCESS, logIndex=995, commits[cb20f782-9136-4144-a2ef-e44461d35697:c996]
2019-09-17 12:48:25,799 [grpc-default-executor-1] INFO  client.GrpcClientProtocolClient (GrpcClientProtocolClient.java:onNext(264)) - client-E41C008B94D2->cb20f782-9136-4144-a2ef-e44461d35697: receive RaftClientReply:client-E41C008B94D2->cb20f782-9136-4144-a2ef-e44461d35697@group-EF222054BC57, cid=682, SUCCESS, logIndex=996, commits[cb20f782-9136-4144-a2ef-e44461d35697:c998]
2019-09-17 12:48:25,800 [grpc-default-executor-1] INFO  client.GrpcClientProtocolClient (GrpcClientProtocolClient.java:onNext(264)) - client-E41C008B94D2->cb20f782-9136-4144-a2ef-e44461d35697: receive RaftClientReply:client-E41C008B94D2->cb20f782-9136-4144-a2ef-e44461d35697@group-EF222054BC57, cid=683, SUCCESS, logIndex=997, commits[cb20f782-9136-4144-a2ef-e44461d35697:c998]
2019-09-17 12:48:25,800 [grpc-default-executor-1] INFO  client.GrpcClientProtocolClient (GrpcClientProtocolClient.java:onNext(264)) - client-E41C008B94D2->cb20f782-9136-4144-a2ef-e44461d35697: receive RaftClientReply:client-E41C008B94D2->cb20f782-9136-4144-a2ef-e44461d35697@group-EF222054BC57, cid=684, SUCCESS, logIndex=998, commits[cb20f782-9136-4144-a2ef-e44461d35697:c999]
2019-09-17 12:48:25,832 [grpc-default-executor-2] INFO  client.GrpcClientProtocolClient (GrpcClientProtocolClient.java:onNext(264)) - client-E41C008B94D2->cb20f782-9136-4144-a2ef-e44461d35697: receive RaftClientReply:client-E41C008B94D2->cb20f782-9136-4144-a2ef-e44461d35697@group-EF222054BC57, cid=685, SUCCESS, logIndex=1001, commits[cb20f782-9136-4144-a2ef-e44461d35697:c1002]
2019-09-17 12:48:25,833 [grpc-default-executor-2] INFO  client.GrpcClientProtocolClient (GrpcClientProtocolClient.java:onNext(264)) - client-E41C008B94D2->cb20f782-9136-4144-a2ef-e44461d35697: receive RaftClientReply:client-E41C008B94D2->cb20f782-9136-4144-a2ef-e44461d35697@group-EF222054BC57, cid=686, SUCCESS, logIndex=1002, commits[cb20f782-9136-4144-a2ef-e44461d35697:c1005]
2019-09-17 12:48:25,833 [grpc-default-executor-2] INFO  client.GrpcClientProtocolClient (GrpcClientProtocolClient.java:onNext(264)) - client-E41C008B94D2->cb20f782-9136-4144-a2ef-e44461d35697: receive RaftClientReply:client-E41C008B94D2->cb20f782-9136-4144-a2ef-e44461d35697@group-EF222054BC57, cid=687, SUCCESS, logIndex=1003, commits[cb20f782-9136-4144-a2ef-e44461d35697:c1006]
2019-09-17 12:48:25,834 [grpc-default-executor-2] INFO  client.GrpcClientProtocolClient (GrpcClientProtocolClient.java:onNext(264)) - client-E41C008B94D2->cb20f782-9136-4144-a2ef-e44461d35697: receive RaftClientReply:client-E41C008B94D2->cb20f782-9136-4144-a2ef-e44461d35697@group-EF222054BC57, cid=688, SUCCESS, logIndex=1004, commits[cb20f782-9136-4144-a2ef-e44461d35697:c1006]
2019-09-17 12:48:25,853 [SCMBlockDeletingService#0] DEBUG block.SCMBlockDeletingService (SCMBlockDeletingService.java:call(138)) - Running DeletedBlockTransactionScanner
2019-09-17 12:48:25,854 [SCMBlockDeletingService#0] DEBUG block.SCMBlockDeletingService (SCMBlockDeletingService.java:call(155)) - Scanned deleted blocks log and got 0 delTX to process.
2019-09-17 12:48:25,863 [grpc-default-executor-2] INFO  client.GrpcClientProtocolClient (GrpcClientProtocolClient.java:onNext(264)) - client-E41C008B94D2->cb20f782-9136-4144-a2ef-e44461d35697: receive RaftClientReply:client-E41C008B94D2->cb20f782-9136-4144-a2ef-e44461d35697@group-EF222054BC57, cid=689, SUCCESS, logIndex=1007, commits[cb20f782-9136-4144-a2ef-e44461d35697:c1008]
2019-09-17 12:48:25,863 [grpc-default-executor-2] INFO  client.GrpcClientProtocolClient (GrpcClientProtocolClient.java:onNext(264)) - client-E41C008B94D2->cb20f782-9136-4144-a2ef-e44461d35697: receive RaftClientReply:client-E41C008B94D2->cb20f782-9136-4144-a2ef-e44461d35697@group-EF222054BC57, cid=690, SUCCESS, logIndex=1008, commits[cb20f782-9136-4144-a2ef-e44461d35697:c1011]
2019-09-17 12:48:25,864 [grpc-default-executor-2] INFO  client.GrpcClientProtocolClient (GrpcClientProtocolClient.java:onNext(264)) - client-E41C008B94D2->cb20f782-9136-4144-a2ef-e44461d35697: receive RaftClientReply:client-E41C008B94D2->cb20f782-9136-4144-a2ef-e44461d35697@group-EF222054BC57, cid=691, SUCCESS, logIndex=1009, commits[cb20f782-9136-4144-a2ef-e44461d35697:c1012]
2019-09-17 12:48:25,864 [grpc-default-executor-2] INFO  client.GrpcClientProtocolClient (GrpcClientProtocolClient.java:onNext(264)) - client-E41C008B94D2->cb20f782-9136-4144-a2ef-e44461d35697: receive RaftClientReply:client-E41C008B94D2->cb20f782-9136-4144-a2ef-e44461d35697@group-EF222054BC57, cid=692, SUCCESS, logIndex=1010, commits[cb20f782-9136-4144-a2ef-e44461d35697:c1012]
2019-09-17 12:48:25,884 [grpc-default-executor-1] INFO  client.GrpcClientProtocolClient (GrpcClientProtocolClient.java:onNext(264)) - client-E41C008B94D2->cb20f782-9136-4144-a2ef-e44461d35697: receive RaftClientReply:client-E41C008B94D2->cb20f782-9136-4144-a2ef-e44461d35697@group-EF222054BC57, cid=693, SUCCESS, logIndex=1013, commits[cb20f782-9136-4144-a2ef-e44461d35697:c1014]
2019-09-17 12:48:25,885 [grpc-default-executor-1] INFO  client.GrpcClientProtocolClient (GrpcClientProtocolClient.java:onNext(264)) - client-E41C008B94D2->cb20f782-9136-4144-a2ef-e44461d35697: receive RaftClientReply:client-E41C008B94D2->cb20f782-9136-4144-a2ef-e44461d35697@group-EF222054BC57, cid=694, SUCCESS, logIndex=1014, commits[cb20f782-9136-4144-a2ef-e44461d35697:c1016]
2019-09-17 12:48:25,885 [grpc-default-executor-1] INFO  client.GrpcClientProtocolClient (GrpcClientProtocolClient.java:onNext(264)) - client-E41C008B94D2->cb20f782-9136-4144-a2ef-e44461d35697: receive RaftClientReply:client-E41C008B94D2->cb20f782-9136-4144-a2ef-e44461d35697@group-EF222054BC57, cid=695, SUCCESS, logIndex=1015, commits[cb20f782-9136-4144-a2ef-e44461d35697:c1017]
2019-09-17 12:48:25,886 [grpc-default-executor-1] INFO  client.GrpcClientProtocolClient (GrpcClientProtocolClient.java:onNext(264)) - client-E41C008B94D2->cb20f782-9136-4144-a2ef-e44461d35697: receive RaftClientReply:client-E41C008B94D2->cb20f782-9136-4144-a2ef-e44461d35697@group-EF222054BC57, cid=696, SUCCESS, logIndex=1016, commits[cb20f782-9136-4144-a2ef-e44461d35697:c1018]
2019-09-17 12:48:25,917 [grpc-default-executor-1] INFO  client.GrpcClientProtocolClient (GrpcClientProtocolClient.java:onNext(264)) - client-E41C008B94D2->cb20f782-9136-4144-a2ef-e44461d35697: receive RaftClientReply:client-E41C008B94D2->cb20f782-9136-4144-a2ef-e44461d35697@group-EF222054BC57, cid=697, SUCCESS, logIndex=1019, commits[cb20f782-9136-4144-a2ef-e44461d35697:c1020]
2019-09-17 12:48:25,918 [grpc-default-executor-1] INFO  client.GrpcClientProtocolClient (GrpcClientProtocolClient.java:onNext(264)) - client-E41C008B94D2->cb20f782-9136-4144-a2ef-e44461d35697: receive RaftClientReply:client-E41C008B94D2->cb20f782-9136-4144-a2ef-e44461d35697@group-EF222054BC57, cid=698, SUCCESS, logIndex=1020, commits[cb20f782-9136-4144-a2ef-e44461d35697:c1022]
2019-09-17 12:48:25,918 [grpc-default-executor-1] INFO  client.GrpcClientProtocolClient (GrpcClientProtocolClient.java:onNext(264)) - client-E41C008B94D2->cb20f782-9136-4144-a2ef-e44461d35697: receive RaftClientReply:client-E41C008B94D2->cb20f782-9136-4144-a2ef-e44461d35697@group-EF222054BC57, cid=699, SUCCESS, logIndex=1021, commits[cb20f782-9136-4144-a2ef-e44461d35697:c1024]
2019-09-17 12:48:25,918 [grpc-default-executor-1] INFO  client.GrpcClientProtocolClient (GrpcClientProtocolClient.java:onNext(264)) - client-E41C008B94D2->cb20f782-9136-4144-a2ef-e44461d35697: receive RaftClientReply:client-E41C008B94D2->cb20f782-9136-4144-a2ef-e44461d35697@group-EF222054BC57, cid=700, SUCCESS, logIndex=1022, commits[cb20f782-9136-4144-a2ef-e44461d35697:c1024]
2019-09-17 12:48:25,940 [grpc-default-executor-1] INFO  client.GrpcClientProtocolClient (GrpcClientProtocolClient.java:onNext(264)) - client-E41C008B94D2->cb20f782-9136-4144-a2ef-e44461d35697: receive RaftClientReply:client-E41C008B94D2->cb20f782-9136-4144-a2ef-e44461d35697@group-EF222054BC57, cid=701, SUCCESS, logIndex=1025, commits[cb20f782-9136-4144-a2ef-e44461d35697:c1026]
2019-09-17 12:48:25,941 [grpc-default-executor-1] INFO  client.GrpcClientProtocolClient (GrpcClientProtocolClient.java:onNext(264)) - client-E41C008B94D2->cb20f782-9136-4144-a2ef-e44461d35697: receive RaftClientReply:client-E41C008B94D2->cb20f782-9136-4144-a2ef-e44461d35697@group-EF222054BC57, cid=702, SUCCESS, logIndex=1026, commits[cb20f782-9136-4144-a2ef-e44461d35697:c1028]
2019-09-17 12:48:25,941 [grpc-default-executor-1] INFO  client.GrpcClientProtocolClient (GrpcClientProtocolClient.java:onNext(264)) - client-E41C008B94D2->cb20f782-9136-4144-a2ef-e44461d35697: receive RaftClientReply:client-E41C008B94D2->cb20f782-9136-4144-a2ef-e44461d35697@group-EF222054BC57, cid=703, SUCCESS, logIndex=1027, commits[cb20f782-9136-4144-a2ef-e44461d35697:c1030]
2019-09-17 12:48:25,941 [grpc-default-executor-1] INFO  client.GrpcClientProtocolClient (GrpcClientProtocolClient.java:onNext(264)) - client-E41C008B94D2->cb20f782-9136-4144-a2ef-e44461d35697: receive RaftClientReply:client-E41C008B94D2->cb20f782-9136-4144-a2ef-e44461d35697@group-EF222054BC57, cid=704, SUCCESS, logIndex=1028, commits[cb20f782-9136-4144-a2ef-e44461d35697:c1030]
2019-09-17 12:48:25,954 [SCMBlockDeletingService#0] DEBUG block.SCMBlockDeletingService (SCMBlockDeletingService.java:call(138)) - Running DeletedBlockTransactionScanner
2019-09-17 12:48:25,954 [SCMBlockDeletingService#0] DEBUG block.SCMBlockDeletingService (SCMBlockDeletingService.java:call(155)) - Scanned deleted blocks log and got 0 delTX to process.
2019-09-17 12:48:25,969 [grpc-default-executor-1] INFO  client.GrpcClientProtocolClient (GrpcClientProtocolClient.java:onNext(264)) - client-E41C008B94D2->cb20f782-9136-4144-a2ef-e44461d35697: receive RaftClientReply:client-E41C008B94D2->cb20f782-9136-4144-a2ef-e44461d35697@group-EF222054BC57, cid=705, SUCCESS, logIndex=1031, commits[cb20f782-9136-4144-a2ef-e44461d35697:c1032]
2019-09-17 12:48:25,970 [grpc-default-executor-1] INFO  client.GrpcClientProtocolClient (GrpcClientProtocolClient.java:onNext(264)) - client-E41C008B94D2->cb20f782-9136-4144-a2ef-e44461d35697: receive RaftClientReply:client-E41C008B94D2->cb20f782-9136-4144-a2ef-e44461d35697@group-EF222054BC57, cid=706, SUCCESS, logIndex=1032, commits[cb20f782-9136-4144-a2ef-e44461d35697:c1033]
2019-09-17 12:48:26,055 [SCMBlockDeletingService#0] DEBUG block.SCMBlockDeletingService (SCMBlockDeletingService.java:call(138)) - Running DeletedBlockTransactionScanner
2019-09-17 12:48:26,055 [SCMBlockDeletingService#0] DEBUG block.SCMBlockDeletingService (SCMBlockDeletingService.java:call(155)) - Scanned deleted blocks log and got 0 delTX to process.
2019-09-17 12:48:26,090 [grpc-default-executor-2] INFO  client.GrpcClientProtocolClient (GrpcClientProtocolClient.java:onNext(264)) - client-E41C008B94D2->cb20f782-9136-4144-a2ef-e44461d35697: receive RaftClientReply:client-E41C008B94D2->cb20f782-9136-4144-a2ef-e44461d35697@group-EF222054BC57, cid=707, SUCCESS, logIndex=1034, commits[cb20f782-9136-4144-a2ef-e44461d35697:c1035]
2019-09-17 12:48:26,091 [grpc-default-executor-2] INFO  client.GrpcClientProtocolClient (GrpcClientProtocolClient.java:onNext(264)) - client-E41C008B94D2->cb20f782-9136-4144-a2ef-e44461d35697: receive RaftClientReply:client-E41C008B94D2->cb20f782-9136-4144-a2ef-e44461d35697@group-EF222054BC57, cid=708, SUCCESS, logIndex=1035, commits[cb20f782-9136-4144-a2ef-e44461d35697:c1036]
2019-09-17 12:48:26,124 [grpc-default-executor-2] INFO  client.GrpcClientProtocolClient (GrpcClientProtocolClient.java:onNext(264)) - client-E41C008B94D2->cb20f782-9136-4144-a2ef-e44461d35697: receive RaftClientReply:client-E41C008B94D2->cb20f782-9136-4144-a2ef-e44461d35697@group-EF222054BC57, cid=709, SUCCESS, logIndex=1037, commits[cb20f782-9136-4144-a2ef-e44461d35697:c1038]
2019-09-17 12:48:26,125 [grpc-default-executor-2] INFO  client.GrpcClientProtocolClient (GrpcClientProtocolClient.java:onNext(264)) - client-E41C008B94D2->cb20f782-9136-4144-a2ef-e44461d35697: receive RaftClientReply:client-E41C008B94D2->cb20f782-9136-4144-a2ef-e44461d35697@group-EF222054BC57, cid=710, SUCCESS, logIndex=1038, commits[cb20f782-9136-4144-a2ef-e44461d35697:c1040]
2019-09-17 12:48:26,125 [grpc-default-executor-2] INFO  client.GrpcClientProtocolClient (GrpcClientProtocolClient.java:onNext(264)) - client-E41C008B94D2->cb20f782-9136-4144-a2ef-e44461d35697: receive RaftClientReply:client-E41C008B94D2->cb20f782-9136-4144-a2ef-e44461d35697@group-EF222054BC57, cid=711, SUCCESS, logIndex=1039, commits[cb20f782-9136-4144-a2ef-e44461d35697:c1041]
2019-09-17 12:48:26,127 [grpc-default-executor-2] INFO  client.GrpcClientProtocolClient (GrpcClientProtocolClient.java:onNext(264)) - client-E41C008B94D2->cb20f782-9136-4144-a2ef-e44461d35697: receive RaftClientReply:client-E41C008B94D2->cb20f782-9136-4144-a2ef-e44461d35697@group-EF222054BC57, cid=712, SUCCESS, logIndex=1040, commits[cb20f782-9136-4144-a2ef-e44461d35697:c1042]
2019-09-17 12:48:26,156 [SCMBlockDeletingService#0] DEBUG block.SCMBlockDeletingService (SCMBlockDeletingService.java:call(138)) - Running DeletedBlockTransactionScanner
2019-09-17 12:48:26,156 [SCMBlockDeletingService#0] DEBUG block.SCMBlockDeletingService (SCMBlockDeletingService.java:call(155)) - Scanned deleted blocks log and got 0 delTX to process.
2019-09-17 12:48:26,160 [grpc-default-executor-1] INFO  client.GrpcClientProtocolClient (GrpcClientProtocolClient.java:onNext(264)) - client-E41C008B94D2->cb20f782-9136-4144-a2ef-e44461d35697: receive RaftClientReply:client-E41C008B94D2->cb20f782-9136-4144-a2ef-e44461d35697@group-EF222054BC57, cid=713, SUCCESS, logIndex=1043, commits[cb20f782-9136-4144-a2ef-e44461d35697:c1044]
2019-09-17 12:48:26,161 [grpc-default-executor-1] INFO  client.GrpcClientProtocolClient (GrpcClientProtocolClient.java:onNext(264)) - client-E41C008B94D2->cb20f782-9136-4144-a2ef-e44461d35697: receive RaftClientReply:client-E41C008B94D2->cb20f782-9136-4144-a2ef-e44461d35697@group-EF222054BC57, cid=714, SUCCESS, logIndex=1044, commits[cb20f782-9136-4144-a2ef-e44461d35697:c1046]
2019-09-17 12:48:26,161 [grpc-default-executor-1] INFO  client.GrpcClientProtocolClient (GrpcClientProtocolClient.java:onNext(264)) - client-E41C008B94D2->cb20f782-9136-4144-a2ef-e44461d35697: receive RaftClientReply:client-E41C008B94D2->cb20f782-9136-4144-a2ef-e44461d35697@group-EF222054BC57, cid=715, SUCCESS, logIndex=1045, commits[cb20f782-9136-4144-a2ef-e44461d35697:c1047]
2019-09-17 12:48:26,162 [grpc-default-executor-1] INFO  client.GrpcClientProtocolClient (GrpcClientProtocolClient.java:onNext(264)) - client-E41C008B94D2->cb20f782-9136-4144-a2ef-e44461d35697: receive RaftClientReply:client-E41C008B94D2->cb20f782-9136-4144-a2ef-e44461d35697@group-EF222054BC57, cid=716, SUCCESS, logIndex=1046, commits[cb20f782-9136-4144-a2ef-e44461d35697:c1048]
2019-09-17 12:48:26,184 [grpc-default-executor-1] INFO  client.GrpcClientProtocolClient (GrpcClientProtocolClient.java:onNext(264)) - client-E41C008B94D2->cb20f782-9136-4144-a2ef-e44461d35697: receive RaftClientReply:client-E41C008B94D2->cb20f782-9136-4144-a2ef-e44461d35697@group-EF222054BC57, cid=717, SUCCESS, logIndex=1049, commits[cb20f782-9136-4144-a2ef-e44461d35697:c1050]
2019-09-17 12:48:26,185 [grpc-default-executor-1] INFO  client.GrpcClientProtocolClient (GrpcClientProtocolClient.java:onNext(264)) - client-E41C008B94D2->cb20f782-9136-4144-a2ef-e44461d35697: receive RaftClientReply:client-E41C008B94D2->cb20f782-9136-4144-a2ef-e44461d35697@group-EF222054BC57, cid=718, SUCCESS, logIndex=1050, commits[cb20f782-9136-4144-a2ef-e44461d35697:c1053]
2019-09-17 12:48:26,186 [grpc-default-executor-1] INFO  client.GrpcClientProtocolClient (GrpcClientProtocolClient.java:onNext(264)) - client-E41C008B94D2->cb20f782-9136-4144-a2ef-e44461d35697: receive RaftClientReply:client-E41C008B94D2->cb20f782-9136-4144-a2ef-e44461d35697@group-EF222054BC57, cid=719, SUCCESS, logIndex=1051, commits[cb20f782-9136-4144-a2ef-e44461d35697:c1053]
2019-09-17 12:48:26,186 [grpc-default-executor-1] INFO  client.GrpcClientProtocolClient (GrpcClientProtocolClient.java:onNext(264)) - client-E41C008B94D2->cb20f782-9136-4144-a2ef-e44461d35697: receive RaftClientReply:client-E41C008B94D2->cb20f782-9136-4144-a2ef-e44461d35697@group-EF222054BC57, cid=720, SUCCESS, logIndex=1052, commits[cb20f782-9136-4144-a2ef-e44461d35697:c1054]
2019-09-17 12:48:26,219 [grpc-default-executor-1] INFO  client.GrpcClientProtocolClient (GrpcClientProtocolClient.java:onNext(264)) - client-E41C008B94D2->cb20f782-9136-4144-a2ef-e44461d35697: receive RaftClientReply:client-E41C008B94D2->cb20f782-9136-4144-a2ef-e44461d35697@group-EF222054BC57, cid=721, SUCCESS, logIndex=1055, commits[cb20f782-9136-4144-a2ef-e44461d35697:c1056]
2019-09-17 12:48:26,219 [grpc-default-executor-1] INFO  client.GrpcClientProtocolClient (GrpcClientProtocolClient.java:onNext(264)) - client-E41C008B94D2->cb20f782-9136-4144-a2ef-e44461d35697: receive RaftClientReply:client-E41C008B94D2->cb20f782-9136-4144-a2ef-e44461d35697@group-EF222054BC57, cid=722, SUCCESS, logIndex=1056, commits[cb20f782-9136-4144-a2ef-e44461d35697:c1058]
2019-09-17 12:48:26,220 [grpc-default-executor-1] INFO  client.GrpcClientProtocolClient (GrpcClientProtocolClient.java:onNext(264)) - client-E41C008B94D2->cb20f782-9136-4144-a2ef-e44461d35697: receive RaftClientReply:client-E41C008B94D2->cb20f782-9136-4144-a2ef-e44461d35697@group-EF222054BC57, cid=723, SUCCESS, logIndex=1057, commits[cb20f782-9136-4144-a2ef-e44461d35697:c1058]
2019-09-17 12:48:26,220 [grpc-default-executor-1] INFO  client.GrpcClientProtocolClient (GrpcClientProtocolClient.java:onNext(264)) - client-E41C008B94D2->cb20f782-9136-4144-a2ef-e44461d35697: receive RaftClientReply:client-E41C008B94D2->cb20f782-9136-4144-a2ef-e44461d35697@group-EF222054BC57, cid=724, SUCCESS, logIndex=1058, commits[cb20f782-9136-4144-a2ef-e44461d35697:c1058]
2019-09-17 12:48:26,243 [grpc-default-executor-1] INFO  client.GrpcClientProtocolClient (GrpcClientProtocolClient.java:onNext(264)) - client-E41C008B94D2->cb20f782-9136-4144-a2ef-e44461d35697: receive RaftClientReply:client-E41C008B94D2->cb20f782-9136-4144-a2ef-e44461d35697@group-EF222054BC57, cid=725, SUCCESS, logIndex=1061, commits[cb20f782-9136-4144-a2ef-e44461d35697:c1062]
2019-09-17 12:48:26,244 [grpc-default-executor-1] INFO  client.GrpcClientProtocolClient (GrpcClientProtocolClient.java:onNext(264)) - client-E41C008B94D2->cb20f782-9136-4144-a2ef-e44461d35697: receive RaftClientReply:client-E41C008B94D2->cb20f782-9136-4144-a2ef-e44461d35697@group-EF222054BC57, cid=726, SUCCESS, logIndex=1062, commits[cb20f782-9136-4144-a2ef-e44461d35697:c1064]
2019-09-17 12:48:26,244 [grpc-default-executor-1] INFO  client.GrpcClientProtocolClient (GrpcClientProtocolClient.java:onNext(264)) - client-E41C008B94D2->cb20f782-9136-4144-a2ef-e44461d35697: receive RaftClientReply:client-E41C008B94D2->cb20f782-9136-4144-a2ef-e44461d35697@group-EF222054BC57, cid=727, SUCCESS, logIndex=1063, commits[cb20f782-9136-4144-a2ef-e44461d35697:c1065]
2019-09-17 12:48:26,245 [grpc-default-executor-1] INFO  client.GrpcClientProtocolClient (GrpcClientProtocolClient.java:onNext(264)) - client-E41C008B94D2->cb20f782-9136-4144-a2ef-e44461d35697: receive RaftClientReply:client-E41C008B94D2->cb20f782-9136-4144-a2ef-e44461d35697@group-EF222054BC57, cid=728, SUCCESS, logIndex=1064, commits[cb20f782-9136-4144-a2ef-e44461d35697:c1066]
2019-09-17 12:48:26,256 [SCMBlockDeletingService#0] DEBUG block.SCMBlockDeletingService (SCMBlockDeletingService.java:call(138)) - Running DeletedBlockTransactionScanner
2019-09-17 12:48:26,257 [SCMBlockDeletingService#0] DEBUG block.SCMBlockDeletingService (SCMBlockDeletingService.java:call(155)) - Scanned deleted blocks log and got 0 delTX to process.
2019-09-17 12:48:26,276 [grpc-default-executor-2] INFO  client.GrpcClientProtocolClient (GrpcClientProtocolClient.java:onNext(264)) - client-E41C008B94D2->cb20f782-9136-4144-a2ef-e44461d35697: receive RaftClientReply:client-E41C008B94D2->cb20f782-9136-4144-a2ef-e44461d35697@group-EF222054BC57, cid=729, SUCCESS, logIndex=1067, commits[cb20f782-9136-4144-a2ef-e44461d35697:c1068]
2019-09-17 12:48:26,282 [grpc-default-executor-2] INFO  client.GrpcClientProtocolClient (GrpcClientProtocolClient.java:onNext(264)) - client-E41C008B94D2->cb20f782-9136-4144-a2ef-e44461d35697: receive RaftClientReply:client-E41C008B94D2->cb20f782-9136-4144-a2ef-e44461d35697@group-EF222054BC57, cid=730, SUCCESS, logIndex=1068, commits[cb20f782-9136-4144-a2ef-e44461d35697:c1068]
2019-09-17 12:48:26,291 [grpc-default-executor-2] INFO  client.GrpcClientProtocolClient (GrpcClientProtocolClient.java:onNext(264)) - client-E41C008B94D2->cb20f782-9136-4144-a2ef-e44461d35697: receive RaftClientReply:client-E41C008B94D2->cb20f782-9136-4144-a2ef-e44461d35697@group-EF222054BC57, cid=731, SUCCESS, logIndex=1069, commits[cb20f782-9136-4144-a2ef-e44461d35697:c1070]
2019-09-17 12:48:26,291 [grpc-default-executor-2] INFO  client.GrpcClientProtocolClient (GrpcClientProtocolClient.java:onNext(264)) - client-E41C008B94D2->cb20f782-9136-4144-a2ef-e44461d35697: receive RaftClientReply:client-E41C008B94D2->cb20f782-9136-4144-a2ef-e44461d35697@group-EF222054BC57, cid=732, SUCCESS, logIndex=1070, commits[cb20f782-9136-4144-a2ef-e44461d35697:c1070]
2019-09-17 12:48:26,303 [grpc-default-executor-2] INFO  client.GrpcClientProtocolClient (GrpcClientProtocolClient.java:onNext(264)) - client-E41C008B94D2->cb20f782-9136-4144-a2ef-e44461d35697: receive RaftClientReply:client-E41C008B94D2->cb20f782-9136-4144-a2ef-e44461d35697@group-EF222054BC57, cid=733, SUCCESS, logIndex=1073, commits[cb20f782-9136-4144-a2ef-e44461d35697:c1074]
2019-09-17 12:48:26,303 [grpc-default-executor-2] INFO  client.GrpcClientProtocolClient (GrpcClientProtocolClient.java:onNext(264)) - client-E41C008B94D2->cb20f782-9136-4144-a2ef-e44461d35697: receive RaftClientReply:client-E41C008B94D2->cb20f782-9136-4144-a2ef-e44461d35697@group-EF222054BC57, cid=734, SUCCESS, logIndex=1074, commits[cb20f782-9136-4144-a2ef-e44461d35697:c1074]
2019-09-17 12:48:26,316 [grpc-default-executor-2] INFO  client.GrpcClientProtocolClient (GrpcClientProtocolClient.java:onNext(264)) - client-E41C008B94D2->cb20f782-9136-4144-a2ef-e44461d35697: receive RaftClientReply:client-E41C008B94D2->cb20f782-9136-4144-a2ef-e44461d35697@group-EF222054BC57, cid=735, SUCCESS, logIndex=1075, commits[cb20f782-9136-4144-a2ef-e44461d35697:c1077]
2019-09-17 12:48:26,316 [grpc-default-executor-2] INFO  client.GrpcClientProtocolClient (GrpcClientProtocolClient.java:onNext(264)) - client-E41C008B94D2->cb20f782-9136-4144-a2ef-e44461d35697: receive RaftClientReply:client-E41C008B94D2->cb20f782-9136-4144-a2ef-e44461d35697@group-EF222054BC57, cid=736, SUCCESS, logIndex=1077, commits[cb20f782-9136-4144-a2ef-e44461d35697:c1078]
2019-09-17 12:48:26,348 [grpc-default-executor-2] INFO  client.GrpcClientProtocolClient (GrpcClientProtocolClient.java:onNext(264)) - client-E41C008B94D2->cb20f782-9136-4144-a2ef-e44461d35697: receive RaftClientReply:client-E41C008B94D2->cb20f782-9136-4144-a2ef-e44461d35697@group-EF222054BC57, cid=737, SUCCESS, logIndex=1079, commits[cb20f782-9136-4144-a2ef-e44461d35697:c1080]
2019-09-17 12:48:26,349 [grpc-default-executor-2] INFO  client.GrpcClientProtocolClient (GrpcClientProtocolClient.java:onNext(264)) - client-E41C008B94D2->cb20f782-9136-4144-a2ef-e44461d35697: receive RaftClientReply:client-E41C008B94D2->cb20f782-9136-4144-a2ef-e44461d35697@group-EF222054BC57, cid=738, SUCCESS, logIndex=1080, commits[cb20f782-9136-4144-a2ef-e44461d35697:c1083]
2019-09-17 12:48:26,349 [grpc-default-executor-2] INFO  client.GrpcClientProtocolClient (GrpcClientProtocolClient.java:onNext(264)) - client-E41C008B94D2->cb20f782-9136-4144-a2ef-e44461d35697: receive RaftClientReply:client-E41C008B94D2->cb20f782-9136-4144-a2ef-e44461d35697@group-EF222054BC57, cid=739, SUCCESS, logIndex=1081, commits[cb20f782-9136-4144-a2ef-e44461d35697:c1083]
2019-09-17 12:48:26,350 [grpc-default-executor-2] INFO  client.GrpcClientProtocolClient (GrpcClientProtocolClient.java:onNext(264)) - client-E41C008B94D2->cb20f782-9136-4144-a2ef-e44461d35697: receive RaftClientReply:client-E41C008B94D2->cb20f782-9136-4144-a2ef-e44461d35697@group-EF222054BC57, cid=740, SUCCESS, logIndex=1082, commits[cb20f782-9136-4144-a2ef-e44461d35697:c1084]
2019-09-17 12:48:26,357 [SCMBlockDeletingService#0] DEBUG block.SCMBlockDeletingService (SCMBlockDeletingService.java:call(138)) - Running DeletedBlockTransactionScanner
2019-09-17 12:48:26,357 [SCMBlockDeletingService#0] DEBUG block.SCMBlockDeletingService (SCMBlockDeletingService.java:call(155)) - Scanned deleted blocks log and got 0 delTX to process.
2019-09-17 12:48:26,370 [grpc-default-executor-1] INFO  client.GrpcClientProtocolClient (GrpcClientProtocolClient.java:onNext(264)) - client-E41C008B94D2->cb20f782-9136-4144-a2ef-e44461d35697: receive RaftClientReply:client-E41C008B94D2->cb20f782-9136-4144-a2ef-e44461d35697@group-EF222054BC57, cid=741, SUCCESS, logIndex=1085, commits[cb20f782-9136-4144-a2ef-e44461d35697:c1086]
2019-09-17 12:48:26,371 [grpc-default-executor-1] INFO  client.GrpcClientProtocolClient (GrpcClientProtocolClient.java:onNext(264)) - client-E41C008B94D2->cb20f782-9136-4144-a2ef-e44461d35697: receive RaftClientReply:client-E41C008B94D2->cb20f782-9136-4144-a2ef-e44461d35697@group-EF222054BC57, cid=742, SUCCESS, logIndex=1086, commits[cb20f782-9136-4144-a2ef-e44461d35697:c1088]
2019-09-17 12:48:26,372 [grpc-default-executor-1] INFO  client.GrpcClientProtocolClient (GrpcClientProtocolClient.java:onNext(264)) - client-E41C008B94D2->cb20f782-9136-4144-a2ef-e44461d35697: receive RaftClientReply:client-E41C008B94D2->cb20f782-9136-4144-a2ef-e44461d35697@group-EF222054BC57, cid=743, SUCCESS, logIndex=1087, commits[cb20f782-9136-4144-a2ef-e44461d35697:c1089]
2019-09-17 12:48:26,373 [grpc-default-executor-1] INFO  client.GrpcClientProtocolClient (GrpcClientProtocolClient.java:onNext(264)) - client-E41C008B94D2->cb20f782-9136-4144-a2ef-e44461d35697: receive RaftClientReply:client-E41C008B94D2->cb20f782-9136-4144-a2ef-e44461d35697@group-EF222054BC57, cid=744, SUCCESS, logIndex=1088, commits[cb20f782-9136-4144-a2ef-e44461d35697:c1090]
2019-09-17 12:48:26,403 [grpc-default-executor-1] INFO  client.GrpcClientProtocolClient (GrpcClientProtocolClient.java:onNext(264)) - client-E41C008B94D2->cb20f782-9136-4144-a2ef-e44461d35697: receive RaftClientReply:client-E41C008B94D2->cb20f782-9136-4144-a2ef-e44461d35697@group-EF222054BC57, cid=745, SUCCESS, logIndex=1091, commits[cb20f782-9136-4144-a2ef-e44461d35697:c1092]
2019-09-17 12:48:26,404 [grpc-default-executor-1] INFO  client.GrpcClientProtocolClient (GrpcClientProtocolClient.java:onNext(264)) - client-E41C008B94D2->cb20f782-9136-4144-a2ef-e44461d35697: receive RaftClientReply:client-E41C008B94D2->cb20f782-9136-4144-a2ef-e44461d35697@group-EF222054BC57, cid=746, SUCCESS, logIndex=1092, commits[cb20f782-9136-4144-a2ef-e44461d35697:c1094]
2019-09-17 12:48:26,404 [grpc-default-executor-1] INFO  client.GrpcClientProtocolClient (GrpcClientProtocolClient.java:onNext(264)) - client-E41C008B94D2->cb20f782-9136-4144-a2ef-e44461d35697: receive RaftClientReply:client-E41C008B94D2->cb20f782-9136-4144-a2ef-e44461d35697@group-EF222054BC57, cid=747, SUCCESS, logIndex=1093, commits[cb20f782-9136-4144-a2ef-e44461d35697:c1095]
2019-09-17 12:48:26,405 [grpc-default-executor-1] INFO  client.GrpcClientProtocolClient (GrpcClientProtocolClient.java:onNext(264)) - client-E41C008B94D2->cb20f782-9136-4144-a2ef-e44461d35697: receive RaftClientReply:client-E41C008B94D2->cb20f782-9136-4144-a2ef-e44461d35697@group-EF222054BC57, cid=748, SUCCESS, logIndex=1094, commits[cb20f782-9136-4144-a2ef-e44461d35697:c1096]
2019-09-17 12:48:26,603 [SCMBlockDeletingService#0] DEBUG block.SCMBlockDeletingService (SCMBlockDeletingService.java:call(138)) - Running DeletedBlockTransactionScanner
2019-09-17 12:48:26,603 [grpc-default-executor-1] INFO  client.GrpcClientProtocolClient (GrpcClientProtocolClient.java:onNext(264)) - client-E41C008B94D2->cb20f782-9136-4144-a2ef-e44461d35697: receive RaftClientReply:client-E41C008B94D2->cb20f782-9136-4144-a2ef-e44461d35697@group-EF222054BC57, cid=749, SUCCESS, logIndex=1097, commits[cb20f782-9136-4144-a2ef-e44461d35697:c1098]
2019-09-17 12:48:26,604 [SCMBlockDeletingService#0] DEBUG block.SCMBlockDeletingService (SCMBlockDeletingService.java:call(155)) - Scanned deleted blocks log and got 0 delTX to process.
2019-09-17 12:48:26,604 [grpc-default-executor-1] INFO  client.GrpcClientProtocolClient (GrpcClientProtocolClient.java:onNext(264)) - client-E41C008B94D2->cb20f782-9136-4144-a2ef-e44461d35697: receive RaftClientReply:client-E41C008B94D2->cb20f782-9136-4144-a2ef-e44461d35697@group-EF222054BC57, cid=750, SUCCESS, logIndex=1098, commits[cb20f782-9136-4144-a2ef-e44461d35697:c1098]
2019-09-17 12:48:26,704 [SCMBlockDeletingService#0] DEBUG block.SCMBlockDeletingService (SCMBlockDeletingService.java:call(138)) - Running DeletedBlockTransactionScanner
2019-09-17 12:48:26,705 [SCMBlockDeletingService#0] DEBUG block.SCMBlockDeletingService (SCMBlockDeletingService.java:call(155)) - Scanned deleted blocks log and got 0 delTX to process.
2019-09-17 12:48:26,737 [grpc-default-executor-2] INFO  client.GrpcClientProtocolClient (GrpcClientProtocolClient.java:onNext(264)) - client-E41C008B94D2->cb20f782-9136-4144-a2ef-e44461d35697: receive RaftClientReply:client-E41C008B94D2->cb20f782-9136-4144-a2ef-e44461d35697@group-EF222054BC57, cid=751, SUCCESS, logIndex=1100, commits[cb20f782-9136-4144-a2ef-e44461d35697:c1101]
2019-09-17 12:48:26,738 [grpc-default-executor-2] INFO  client.GrpcClientProtocolClient (GrpcClientProtocolClient.java:onNext(264)) - client-E41C008B94D2->cb20f782-9136-4144-a2ef-e44461d35697: receive RaftClientReply:client-E41C008B94D2->cb20f782-9136-4144-a2ef-e44461d35697@group-EF222054BC57, cid=752, SUCCESS, logIndex=1101, commits[cb20f782-9136-4144-a2ef-e44461d35697:c1101]
2019-09-17 12:48:26,772 [grpc-default-executor-1] INFO  client.GrpcClientProtocolClient (GrpcClientProtocolClient.java:onNext(264)) - client-E41C008B94D2->cb20f782-9136-4144-a2ef-e44461d35697: receive RaftClientReply:client-E41C008B94D2->cb20f782-9136-4144-a2ef-e44461d35697@group-EF222054BC57, cid=753, SUCCESS, logIndex=1103, commits[cb20f782-9136-4144-a2ef-e44461d35697:c1104]
2019-09-17 12:48:26,772 [grpc-default-executor-1] INFO  client.GrpcClientProtocolClient (GrpcClientProtocolClient.java:onNext(264)) - client-E41C008B94D2->cb20f782-9136-4144-a2ef-e44461d35697: receive RaftClientReply:client-E41C008B94D2->cb20f782-9136-4144-a2ef-e44461d35697@group-EF222054BC57, cid=754, SUCCESS, logIndex=1104, commits[cb20f782-9136-4144-a2ef-e44461d35697:c1104]
2019-09-17 12:48:26,781 [grpc-default-executor-1] INFO  client.GrpcClientProtocolClient (GrpcClientProtocolClient.java:onNext(264)) - client-E41C008B94D2->cb20f782-9136-4144-a2ef-e44461d35697: receive RaftClientReply:client-E41C008B94D2->cb20f782-9136-4144-a2ef-e44461d35697@group-EF222054BC57, cid=755, SUCCESS, logIndex=1105, commits[cb20f782-9136-4144-a2ef-e44461d35697:c1106]
2019-09-17 12:48:26,782 [grpc-default-executor-1] INFO  client.GrpcClientProtocolClient (GrpcClientProtocolClient.java:onNext(264)) - client-E41C008B94D2->cb20f782-9136-4144-a2ef-e44461d35697: receive RaftClientReply:client-E41C008B94D2->cb20f782-9136-4144-a2ef-e44461d35697@group-EF222054BC57, cid=756, SUCCESS, logIndex=1106, commits[cb20f782-9136-4144-a2ef-e44461d35697:c1107]
2019-09-17 12:48:26,805 [SCMBlockDeletingService#0] DEBUG block.SCMBlockDeletingService (SCMBlockDeletingService.java:call(138)) - Running DeletedBlockTransactionScanner
2019-09-17 12:48:26,805 [SCMBlockDeletingService#0] DEBUG block.SCMBlockDeletingService (SCMBlockDeletingService.java:call(155)) - Scanned deleted blocks log and got 0 delTX to process.
2019-09-17 12:48:26,806 [grpc-default-executor-1] INFO  client.GrpcClientProtocolClient (GrpcClientProtocolClient.java:onNext(264)) - client-E41C008B94D2->cb20f782-9136-4144-a2ef-e44461d35697: receive RaftClientReply:client-E41C008B94D2->cb20f782-9136-4144-a2ef-e44461d35697@group-EF222054BC57, cid=757, SUCCESS, logIndex=1109, commits[cb20f782-9136-4144-a2ef-e44461d35697:c1112]
2019-09-17 12:48:26,806 [grpc-default-executor-1] INFO  client.GrpcClientProtocolClient (GrpcClientProtocolClient.java:onNext(264)) - client-E41C008B94D2->cb20f782-9136-4144-a2ef-e44461d35697: receive RaftClientReply:client-E41C008B94D2->cb20f782-9136-4144-a2ef-e44461d35697@group-EF222054BC57, cid=758, SUCCESS, logIndex=1110, commits[cb20f782-9136-4144-a2ef-e44461d35697:c1113]
2019-09-17 12:48:26,807 [grpc-default-executor-1] INFO  client.GrpcClientProtocolClient (GrpcClientProtocolClient.java:onNext(264)) - client-E41C008B94D2->cb20f782-9136-4144-a2ef-e44461d35697: receive RaftClientReply:client-E41C008B94D2->cb20f782-9136-4144-a2ef-e44461d35697@group-EF222054BC57, cid=759, SUCCESS, logIndex=1111, commits[cb20f782-9136-4144-a2ef-e44461d35697:c1113]
2019-09-17 12:48:26,807 [grpc-default-executor-1] INFO  client.GrpcClientProtocolClient (GrpcClientProtocolClient.java:onNext(264)) - client-E41C008B94D2->cb20f782-9136-4144-a2ef-e44461d35697: receive RaftClientReply:client-E41C008B94D2->cb20f782-9136-4144-a2ef-e44461d35697@group-EF222054BC57, cid=760, SUCCESS, logIndex=1112, commits[cb20f782-9136-4144-a2ef-e44461d35697:c1113]
2019-09-17 12:48:26,835 [grpc-default-executor-1] INFO  client.GrpcClientProtocolClient (GrpcClientProtocolClient.java:onNext(264)) - client-E41C008B94D2->cb20f782-9136-4144-a2ef-e44461d35697: receive RaftClientReply:client-E41C008B94D2->cb20f782-9136-4144-a2ef-e44461d35697@group-EF222054BC57, cid=761, SUCCESS, logIndex=1114, commits[cb20f782-9136-4144-a2ef-e44461d35697:c1115]
2019-09-17 12:48:26,836 [grpc-default-executor-1] INFO  client.GrpcClientProtocolClient (GrpcClientProtocolClient.java:onNext(264)) - client-E41C008B94D2->cb20f782-9136-4144-a2ef-e44461d35697: receive RaftClientReply:client-E41C008B94D2->cb20f782-9136-4144-a2ef-e44461d35697@group-EF222054BC57, cid=762, SUCCESS, logIndex=1115, commits[cb20f782-9136-4144-a2ef-e44461d35697:c1117]
2019-09-17 12:48:26,837 [grpc-default-executor-1] INFO  client.GrpcClientProtocolClient (GrpcClientProtocolClient.java:onNext(264)) - client-E41C008B94D2->cb20f782-9136-4144-a2ef-e44461d35697: receive RaftClientReply:client-E41C008B94D2->cb20f782-9136-4144-a2ef-e44461d35697@group-EF222054BC57, cid=763, SUCCESS, logIndex=1116, commits[cb20f782-9136-4144-a2ef-e44461d35697:c1118]
2019-09-17 12:48:26,837 [grpc-default-executor-1] INFO  client.GrpcClientProtocolClient (GrpcClientProtocolClient.java:onNext(264)) - client-E41C008B94D2->cb20f782-9136-4144-a2ef-e44461d35697: receive RaftClientReply:client-E41C008B94D2->cb20f782-9136-4144-a2ef-e44461d35697@group-EF222054BC57, cid=764, SUCCESS, logIndex=1117, commits[cb20f782-9136-4144-a2ef-e44461d35697:c1119]
2019-09-17 12:48:26,858 [grpc-default-executor-1] INFO  client.GrpcClientProtocolClient (GrpcClientProtocolClient.java:onNext(264)) - client-E41C008B94D2->cb20f782-9136-4144-a2ef-e44461d35697: receive RaftClientReply:client-E41C008B94D2->cb20f782-9136-4144-a2ef-e44461d35697@group-EF222054BC57, cid=765, SUCCESS, logIndex=1120, commits[cb20f782-9136-4144-a2ef-e44461d35697:c1123]
2019-09-17 12:48:26,859 [grpc-default-executor-1] INFO  client.GrpcClientProtocolClient (GrpcClientProtocolClient.java:onNext(264)) - client-E41C008B94D2->cb20f782-9136-4144-a2ef-e44461d35697: receive RaftClientReply:client-E41C008B94D2->cb20f782-9136-4144-a2ef-e44461d35697@group-EF222054BC57, cid=766, SUCCESS, logIndex=1121, commits[cb20f782-9136-4144-a2ef-e44461d35697:c1124]
2019-09-17 12:48:26,859 [grpc-default-executor-1] INFO  client.GrpcClientProtocolClient (GrpcClientProtocolClient.java:onNext(264)) - client-E41C008B94D2->cb20f782-9136-4144-a2ef-e44461d35697: receive RaftClientReply:client-E41C008B94D2->cb20f782-9136-4144-a2ef-e44461d35697@group-EF222054BC57, cid=767, SUCCESS, logIndex=1122, commits[cb20f782-9136-4144-a2ef-e44461d35697:c1124]
2019-09-17 12:48:26,860 [grpc-default-executor-1] INFO  client.GrpcClientProtocolClient (GrpcClientProtocolClient.java:onNext(264)) - client-E41C008B94D2->cb20f782-9136-4144-a2ef-e44461d35697: receive RaftClientReply:client-E41C008B94D2->cb20f782-9136-4144-a2ef-e44461d35697@group-EF222054BC57, cid=768, SUCCESS, logIndex=1123, commits[cb20f782-9136-4144-a2ef-e44461d35697:c1124]
2019-09-17 12:48:26,887 [grpc-default-executor-1] INFO  client.GrpcClientProtocolClient (GrpcClientProtocolClient.java:onNext(264)) - client-E41C008B94D2->cb20f782-9136-4144-a2ef-e44461d35697: receive RaftClientReply:client-E41C008B94D2->cb20f782-9136-4144-a2ef-e44461d35697@group-EF222054BC57, cid=769, SUCCESS, logIndex=1125, commits[cb20f782-9136-4144-a2ef-e44461d35697:c1128]
2019-09-17 12:48:26,887 [grpc-default-executor-1] INFO  client.GrpcClientProtocolClient (GrpcClientProtocolClient.java:onNext(264)) - client-E41C008B94D2->cb20f782-9136-4144-a2ef-e44461d35697: receive RaftClientReply:client-E41C008B94D2->cb20f782-9136-4144-a2ef-e44461d35697@group-EF222054BC57, cid=770, SUCCESS, logIndex=1126, commits[cb20f782-9136-4144-a2ef-e44461d35697:c1129]
2019-09-17 12:48:26,887 [grpc-default-executor-1] INFO  client.GrpcClientProtocolClient (GrpcClientProtocolClient.java:onNext(264)) - client-E41C008B94D2->cb20f782-9136-4144-a2ef-e44461d35697: receive RaftClientReply:client-E41C008B94D2->cb20f782-9136-4144-a2ef-e44461d35697@group-EF222054BC57, cid=771, SUCCESS, logIndex=1127, commits[cb20f782-9136-4144-a2ef-e44461d35697:c1129]
2019-09-17 12:48:26,888 [grpc-default-executor-1] INFO  client.GrpcClientProtocolClient (GrpcClientProtocolClient.java:onNext(264)) - client-E41C008B94D2->cb20f782-9136-4144-a2ef-e44461d35697: receive RaftClientReply:client-E41C008B94D2->cb20f782-9136-4144-a2ef-e44461d35697@group-EF222054BC57, cid=772, SUCCESS, logIndex=1128, commits[cb20f782-9136-4144-a2ef-e44461d35697:c1129]
2019-09-17 12:48:26,906 [SCMBlockDeletingService#0] DEBUG block.SCMBlockDeletingService (SCMBlockDeletingService.java:call(138)) - Running DeletedBlockTransactionScanner
2019-09-17 12:48:26,906 [SCMBlockDeletingService#0] DEBUG block.SCMBlockDeletingService (SCMBlockDeletingService.java:call(155)) - Scanned deleted blocks log and got 0 delTX to process.
2019-09-17 12:48:26,909 [grpc-default-executor-1] INFO  client.GrpcClientProtocolClient (GrpcClientProtocolClient.java:onNext(264)) - client-E41C008B94D2->cb20f782-9136-4144-a2ef-e44461d35697: receive RaftClientReply:client-E41C008B94D2->cb20f782-9136-4144-a2ef-e44461d35697@group-EF222054BC57, cid=773, SUCCESS, logIndex=1131, commits[cb20f782-9136-4144-a2ef-e44461d35697:c1134]
2019-09-17 12:48:26,910 [grpc-default-executor-1] INFO  client.GrpcClientProtocolClient (GrpcClientProtocolClient.java:onNext(264)) - client-E41C008B94D2->cb20f782-9136-4144-a2ef-e44461d35697: receive RaftClientReply:client-E41C008B94D2->cb20f782-9136-4144-a2ef-e44461d35697@group-EF222054BC57, cid=774, SUCCESS, logIndex=1132, commits[cb20f782-9136-4144-a2ef-e44461d35697:c1135]
2019-09-17 12:48:26,910 [grpc-default-executor-1] INFO  client.GrpcClientProtocolClient (GrpcClientProtocolClient.java:onNext(264)) - client-E41C008B94D2->cb20f782-9136-4144-a2ef-e44461d35697: receive RaftClientReply:client-E41C008B94D2->cb20f782-9136-4144-a2ef-e44461d35697@group-EF222054BC57, cid=775, SUCCESS, logIndex=1133, commits[cb20f782-9136-4144-a2ef-e44461d35697:c1135]
2019-09-17 12:48:26,910 [grpc-default-executor-1] INFO  client.GrpcClientProtocolClient (GrpcClientProtocolClient.java:onNext(264)) - client-E41C008B94D2->cb20f782-9136-4144-a2ef-e44461d35697: receive RaftClientReply:client-E41C008B94D2->cb20f782-9136-4144-a2ef-e44461d35697@group-EF222054BC57, cid=776, SUCCESS, logIndex=1134, commits[cb20f782-9136-4144-a2ef-e44461d35697:c1135]
2019-09-17 12:48:26,946 [grpc-default-executor-1] INFO  client.GrpcClientProtocolClient (GrpcClientProtocolClient.java:onNext(264)) - client-E41C008B94D2->cb20f782-9136-4144-a2ef-e44461d35697: receive RaftClientReply:client-E41C008B94D2->cb20f782-9136-4144-a2ef-e44461d35697@group-EF222054BC57, cid=777, SUCCESS, logIndex=1136, commits[cb20f782-9136-4144-a2ef-e44461d35697:c1139]
2019-09-17 12:48:26,947 [grpc-default-executor-1] INFO  client.GrpcClientProtocolClient (GrpcClientProtocolClient.java:onNext(264)) - client-E41C008B94D2->cb20f782-9136-4144-a2ef-e44461d35697: receive RaftClientReply:client-E41C008B94D2->cb20f782-9136-4144-a2ef-e44461d35697@group-EF222054BC57, cid=778, SUCCESS, logIndex=1137, commits[cb20f782-9136-4144-a2ef-e44461d35697:c1139]
2019-09-17 12:48:26,947 [grpc-default-executor-1] INFO  client.GrpcClientProtocolClient (GrpcClientProtocolClient.java:onNext(264)) - client-E41C008B94D2->cb20f782-9136-4144-a2ef-e44461d35697: receive RaftClientReply:client-E41C008B94D2->cb20f782-9136-4144-a2ef-e44461d35697@group-EF222054BC57, cid=779, SUCCESS, logIndex=1138, commits[cb20f782-9136-4144-a2ef-e44461d35697:c1139]
2019-09-17 12:48:26,947 [grpc-default-executor-1] INFO  client.GrpcClientProtocolClient (GrpcClientProtocolClient.java:onNext(264)) - client-E41C008B94D2->cb20f782-9136-4144-a2ef-e44461d35697: receive RaftClientReply:client-E41C008B94D2->cb20f782-9136-4144-a2ef-e44461d35697@group-EF222054BC57, cid=780, SUCCESS, logIndex=1139, commits[cb20f782-9136-4144-a2ef-e44461d35697:c1139]
2019-09-17 12:48:26,961 [grpc-default-executor-1] INFO  client.GrpcClientProtocolClient (GrpcClientProtocolClient.java:onNext(264)) - client-E41C008B94D2->cb20f782-9136-4144-a2ef-e44461d35697: receive RaftClientReply:client-E41C008B94D2->cb20f782-9136-4144-a2ef-e44461d35697@group-EF222054BC57, cid=781, SUCCESS, logIndex=1141, commits[cb20f782-9136-4144-a2ef-e44461d35697:c1144]
2019-09-17 12:48:26,962 [grpc-default-executor-1] INFO  client.GrpcClientProtocolClient (GrpcClientProtocolClient.java:onNext(264)) - client-E41C008B94D2->cb20f782-9136-4144-a2ef-e44461d35697: receive RaftClientReply:client-E41C008B94D2->cb20f782-9136-4144-a2ef-e44461d35697@group-EF222054BC57, cid=782, SUCCESS, logIndex=1142, commits[cb20f782-9136-4144-a2ef-e44461d35697:c1145]
2019-09-17 12:48:26,962 [grpc-default-executor-1] INFO  client.GrpcClientProtocolClient (GrpcClientProtocolClient.java:onNext(264)) - client-E41C008B94D2->cb20f782-9136-4144-a2ef-e44461d35697: receive RaftClientReply:client-E41C008B94D2->cb20f782-9136-4144-a2ef-e44461d35697@group-EF222054BC57, cid=783, SUCCESS, logIndex=1143, commits[cb20f782-9136-4144-a2ef-e44461d35697:c1145]
2019-09-17 12:48:26,962 [grpc-default-executor-1] INFO  client.GrpcClientProtocolClient (GrpcClientProtocolClient.java:onNext(264)) - client-E41C008B94D2->cb20f782-9136-4144-a2ef-e44461d35697: receive RaftClientReply:client-E41C008B94D2->cb20f782-9136-4144-a2ef-e44461d35697@group-EF222054BC57, cid=784, SUCCESS, logIndex=1144, commits[cb20f782-9136-4144-a2ef-e44461d35697:c1145]
2019-09-17 12:48:26,992 [grpc-default-executor-1] INFO  client.GrpcClientProtocolClient (GrpcClientProtocolClient.java:onNext(264)) - client-E41C008B94D2->cb20f782-9136-4144-a2ef-e44461d35697: receive RaftClientReply:client-E41C008B94D2->cb20f782-9136-4144-a2ef-e44461d35697@group-EF222054BC57, cid=785, SUCCESS, logIndex=1146, commits[cb20f782-9136-4144-a2ef-e44461d35697:c1149]
2019-09-17 12:48:26,995 [grpc-default-executor-1] INFO  client.GrpcClientProtocolClient (GrpcClientProtocolClient.java:onNext(264)) - client-E41C008B94D2->cb20f782-9136-4144-a2ef-e44461d35697: receive RaftClientReply:client-E41C008B94D2->cb20f782-9136-4144-a2ef-e44461d35697@group-EF222054BC57, cid=786, SUCCESS, logIndex=1147, commits[cb20f782-9136-4144-a2ef-e44461d35697:c1149]
2019-09-17 12:48:26,995 [grpc-default-executor-1] INFO  client.GrpcClientProtocolClient (GrpcClientProtocolClient.java:onNext(264)) - client-E41C008B94D2->cb20f782-9136-4144-a2ef-e44461d35697: receive RaftClientReply:client-E41C008B94D2->cb20f782-9136-4144-a2ef-e44461d35697@group-EF222054BC57, cid=787, SUCCESS, logIndex=1148, commits[cb20f782-9136-4144-a2ef-e44461d35697:c1149]
2019-09-17 12:48:26,996 [grpc-default-executor-1] INFO  client.GrpcClientProtocolClient (GrpcClientProtocolClient.java:onNext(264)) - client-E41C008B94D2->cb20f782-9136-4144-a2ef-e44461d35697: receive RaftClientReply:client-E41C008B94D2->cb20f782-9136-4144-a2ef-e44461d35697@group-EF222054BC57, cid=788, SUCCESS, logIndex=1149, commits[cb20f782-9136-4144-a2ef-e44461d35697:c1149]
2019-09-17 12:48:27,007 [SCMBlockDeletingService#0] DEBUG block.SCMBlockDeletingService (SCMBlockDeletingService.java:call(138)) - Running DeletedBlockTransactionScanner
2019-09-17 12:48:27,007 [SCMBlockDeletingService#0] DEBUG block.SCMBlockDeletingService (SCMBlockDeletingService.java:call(155)) - Scanned deleted blocks log and got 0 delTX to process.
2019-09-17 12:48:27,032 [grpc-default-executor-2] INFO  client.GrpcClientProtocolClient (GrpcClientProtocolClient.java:onNext(264)) - client-E41C008B94D2->cb20f782-9136-4144-a2ef-e44461d35697: receive RaftClientReply:client-E41C008B94D2->cb20f782-9136-4144-a2ef-e44461d35697@group-EF222054BC57, cid=789, SUCCESS, logIndex=1151, commits[cb20f782-9136-4144-a2ef-e44461d35697:c1152]
2019-09-17 12:48:27,033 [grpc-default-executor-2] INFO  client.GrpcClientProtocolClient (GrpcClientProtocolClient.java:onNext(264)) - client-E41C008B94D2->cb20f782-9136-4144-a2ef-e44461d35697: receive RaftClientReply:client-E41C008B94D2->cb20f782-9136-4144-a2ef-e44461d35697@group-EF222054BC57, cid=790, SUCCESS, logIndex=1152, commits[cb20f782-9136-4144-a2ef-e44461d35697:c1154]
2019-09-17 12:48:27,033 [grpc-default-executor-2] INFO  client.GrpcClientProtocolClient (GrpcClientProtocolClient.java:onNext(264)) - client-E41C008B94D2->cb20f782-9136-4144-a2ef-e44461d35697: receive RaftClientReply:client-E41C008B94D2->cb20f782-9136-4144-a2ef-e44461d35697@group-EF222054BC57, cid=791, SUCCESS, logIndex=1153, commits[cb20f782-9136-4144-a2ef-e44461d35697:c1154]
2019-09-17 12:48:27,040 [grpc-default-executor-2] INFO  client.GrpcClientProtocolClient (GrpcClientProtocolClient.java:onNext(264)) - client-E41C008B94D2->cb20f782-9136-4144-a2ef-e44461d35697: receive RaftClientReply:client-E41C008B94D2->cb20f782-9136-4144-a2ef-e44461d35697@group-EF222054BC57, cid=792, SUCCESS, logIndex=1154, commits[cb20f782-9136-4144-a2ef-e44461d35697:c1154]
2019-09-17 12:48:27,061 [grpc-default-executor-1] INFO  client.GrpcClientProtocolClient (GrpcClientProtocolClient.java:onNext(264)) - client-E41C008B94D2->cb20f782-9136-4144-a2ef-e44461d35697: receive RaftClientReply:client-E41C008B94D2->cb20f782-9136-4144-a2ef-e44461d35697@group-EF222054BC57, cid=793, SUCCESS, logIndex=1157, commits[cb20f782-9136-4144-a2ef-e44461d35697:c1158]
2019-09-17 12:48:27,062 [grpc-default-executor-1] INFO  client.GrpcClientProtocolClient (GrpcClientProtocolClient.java:onNext(264)) - client-E41C008B94D2->cb20f782-9136-4144-a2ef-e44461d35697: receive RaftClientReply:client-E41C008B94D2->cb20f782-9136-4144-a2ef-e44461d35697@group-EF222054BC57, cid=794, SUCCESS, logIndex=1158, commits[cb20f782-9136-4144-a2ef-e44461d35697:c1159]
2019-09-17 12:48:27,108 [SCMBlockDeletingService#0] DEBUG block.SCMBlockDeletingService (SCMBlockDeletingService.java:call(138)) - Running DeletedBlockTransactionScanner
2019-09-17 12:48:27,108 [SCMBlockDeletingService#0] DEBUG block.SCMBlockDeletingService (SCMBlockDeletingService.java:call(155)) - Scanned deleted blocks log and got 0 delTX to process.
2019-09-17 12:48:27,176 [grpc-default-executor-2] INFO  client.GrpcClientProtocolClient (GrpcClientProtocolClient.java:onNext(264)) - client-E41C008B94D2->cb20f782-9136-4144-a2ef-e44461d35697: receive RaftClientReply:client-E41C008B94D2->cb20f782-9136-4144-a2ef-e44461d35697@group-EF222054BC57, cid=795, SUCCESS, logIndex=1160, commits[cb20f782-9136-4144-a2ef-e44461d35697:c1161]
2019-09-17 12:48:27,178 [grpc-default-executor-2] INFO  client.GrpcClientProtocolClient (GrpcClientProtocolClient.java:onNext(264)) - client-E41C008B94D2->cb20f782-9136-4144-a2ef-e44461d35697: receive RaftClientReply:client-E41C008B94D2->cb20f782-9136-4144-a2ef-e44461d35697@group-EF222054BC57, cid=796, SUCCESS, logIndex=1161, commits[cb20f782-9136-4144-a2ef-e44461d35697:c1161]
2019-09-17 12:48:27,198 [grpc-default-executor-2] INFO  client.GrpcClientProtocolClient (GrpcClientProtocolClient.java:onNext(264)) - client-E41C008B94D2->cb20f782-9136-4144-a2ef-e44461d35697: receive RaftClientReply:client-E41C008B94D2->cb20f782-9136-4144-a2ef-e44461d35697@group-EF222054BC57, cid=797, SUCCESS, logIndex=1163, commits[cb20f782-9136-4144-a2ef-e44461d35697:c1166]
2019-09-17 12:48:27,199 [grpc-default-executor-2] INFO  client.GrpcClientProtocolClient (GrpcClientProtocolClient.java:onNext(264)) - client-E41C008B94D2->cb20f782-9136-4144-a2ef-e44461d35697: receive RaftClientReply:client-E41C008B94D2->cb20f782-9136-4144-a2ef-e44461d35697@group-EF222054BC57, cid=798, SUCCESS, logIndex=1164, commits[cb20f782-9136-4144-a2ef-e44461d35697:c1166]
2019-09-17 12:48:27,199 [grpc-default-executor-2] INFO  client.GrpcClientProtocolClient (GrpcClientProtocolClient.java:onNext(264)) - client-E41C008B94D2->cb20f782-9136-4144-a2ef-e44461d35697: receive RaftClientReply:client-E41C008B94D2->cb20f782-9136-4144-a2ef-e44461d35697@group-EF222054BC57, cid=799, SUCCESS, logIndex=1165, commits[cb20f782-9136-4144-a2ef-e44461d35697:c1166]
2019-09-17 12:48:27,199 [grpc-default-executor-2] INFO  client.GrpcClientProtocolClient (GrpcClientProtocolClient.java:onNext(264)) - client-E41C008B94D2->cb20f782-9136-4144-a2ef-e44461d35697: receive RaftClientReply:client-E41C008B94D2->cb20f782-9136-4144-a2ef-e44461d35697@group-EF222054BC57, cid=800, SUCCESS, logIndex=1166, commits[cb20f782-9136-4144-a2ef-e44461d35697:c1166]
2019-09-17 12:48:27,208 [SCMBlockDeletingService#0] DEBUG block.SCMBlockDeletingService (SCMBlockDeletingService.java:call(138)) - Running DeletedBlockTransactionScanner
2019-09-17 12:48:27,209 [SCMBlockDeletingService#0] DEBUG block.SCMBlockDeletingService (SCMBlockDeletingService.java:call(155)) - Scanned deleted blocks log and got 0 delTX to process.
2019-09-17 12:48:27,232 [grpc-default-executor-2] INFO  client.GrpcClientProtocolClient (GrpcClientProtocolClient.java:onNext(264)) - client-E41C008B94D2->cb20f782-9136-4144-a2ef-e44461d35697: receive RaftClientReply:client-E41C008B94D2->cb20f782-9136-4144-a2ef-e44461d35697@group-EF222054BC57, cid=801, SUCCESS, logIndex=1168, commits[cb20f782-9136-4144-a2ef-e44461d35697:c1171]
2019-09-17 12:48:27,232 [grpc-default-executor-2] INFO  client.GrpcClientProtocolClient (GrpcClientProtocolClient.java:onNext(264)) - client-E41C008B94D2->cb20f782-9136-4144-a2ef-e44461d35697: receive RaftClientReply:client-E41C008B94D2->cb20f782-9136-4144-a2ef-e44461d35697@group-EF222054BC57, cid=802, SUCCESS, logIndex=1169, commits[cb20f782-9136-4144-a2ef-e44461d35697:c1172]
2019-09-17 12:48:27,233 [grpc-default-executor-2] INFO  client.GrpcClientProtocolClient (GrpcClientProtocolClient.java:onNext(264)) - client-E41C008B94D2->cb20f782-9136-4144-a2ef-e44461d35697: receive RaftClientReply:client-E41C008B94D2->cb20f782-9136-4144-a2ef-e44461d35697@group-EF222054BC57, cid=803, SUCCESS, logIndex=1170, commits[cb20f782-9136-4144-a2ef-e44461d35697:c1172]
2019-09-17 12:48:27,233 [grpc-default-executor-2] INFO  client.GrpcClientProtocolClient (GrpcClientProtocolClient.java:onNext(264)) - client-E41C008B94D2->cb20f782-9136-4144-a2ef-e44461d35697: receive RaftClientReply:client-E41C008B94D2->cb20f782-9136-4144-a2ef-e44461d35697@group-EF222054BC57, cid=804, SUCCESS, logIndex=1171, commits[cb20f782-9136-4144-a2ef-e44461d35697:c1172]
2019-09-17 12:48:27,254 [grpc-default-executor-1] INFO  client.GrpcClientProtocolClient (GrpcClientProtocolClient.java:onNext(264)) - client-E41C008B94D2->cb20f782-9136-4144-a2ef-e44461d35697: receive RaftClientReply:client-E41C008B94D2->cb20f782-9136-4144-a2ef-e44461d35697@group-EF222054BC57, cid=805, SUCCESS, logIndex=1173, commits[cb20f782-9136-4144-a2ef-e44461d35697:c1174]
2019-09-17 12:48:27,256 [grpc-default-executor-1] INFO  client.GrpcClientProtocolClient (GrpcClientProtocolClient.java:onNext(264)) - client-E41C008B94D2->cb20f782-9136-4144-a2ef-e44461d35697: receive RaftClientReply:client-E41C008B94D2->cb20f782-9136-4144-a2ef-e44461d35697@group-EF222054BC57, cid=806, SUCCESS, logIndex=1174, commits[cb20f782-9136-4144-a2ef-e44461d35697:c1177]
2019-09-17 12:48:27,257 [grpc-default-executor-1] INFO  client.GrpcClientProtocolClient (GrpcClientProtocolClient.java:onNext(264)) - client-E41C008B94D2->cb20f782-9136-4144-a2ef-e44461d35697: receive RaftClientReply:client-E41C008B94D2->cb20f782-9136-4144-a2ef-e44461d35697@group-EF222054BC57, cid=807, SUCCESS, logIndex=1175, commits[cb20f782-9136-4144-a2ef-e44461d35697:c1178]
2019-09-17 12:48:27,257 [grpc-default-executor-1] INFO  client.GrpcClientProtocolClient (GrpcClientProtocolClient.java:onNext(264)) - client-E41C008B94D2->cb20f782-9136-4144-a2ef-e44461d35697: receive RaftClientReply:client-E41C008B94D2->cb20f782-9136-4144-a2ef-e44461d35697@group-EF222054BC57, cid=808, SUCCESS, logIndex=1176, commits[cb20f782-9136-4144-a2ef-e44461d35697:c1178]
2019-09-17 12:48:27,284 [grpc-default-executor-1] INFO  client.GrpcClientProtocolClient (GrpcClientProtocolClient.java:onNext(264)) - client-E41C008B94D2->cb20f782-9136-4144-a2ef-e44461d35697: receive RaftClientReply:client-E41C008B94D2->cb20f782-9136-4144-a2ef-e44461d35697@group-EF222054BC57, cid=809, SUCCESS, logIndex=1179, commits[cb20f782-9136-4144-a2ef-e44461d35697:c1182]
2019-09-17 12:48:27,284 [grpc-default-executor-1] INFO  client.GrpcClientProtocolClient (GrpcClientProtocolClient.java:onNext(264)) - client-E41C008B94D2->cb20f782-9136-4144-a2ef-e44461d35697: receive RaftClientReply:client-E41C008B94D2->cb20f782-9136-4144-a2ef-e44461d35697@group-EF222054BC57, cid=810, SUCCESS, logIndex=1180, commits[cb20f782-9136-4144-a2ef-e44461d35697:c1183]
2019-09-17 12:48:27,285 [grpc-default-executor-1] INFO  client.GrpcClientProtocolClient (GrpcClientProtocolClient.java:onNext(264)) - client-E41C008B94D2->cb20f782-9136-4144-a2ef-e44461d35697: receive RaftClientReply:client-E41C008B94D2->cb20f782-9136-4144-a2ef-e44461d35697@group-EF222054BC57, cid=811, SUCCESS, logIndex=1181, commits[cb20f782-9136-4144-a2ef-e44461d35697:c1183]
2019-09-17 12:48:27,285 [grpc-default-executor-1] INFO  client.GrpcClientProtocolClient (GrpcClientProtocolClient.java:onNext(264)) - client-E41C008B94D2->cb20f782-9136-4144-a2ef-e44461d35697: receive RaftClientReply:client-E41C008B94D2->cb20f782-9136-4144-a2ef-e44461d35697@group-EF222054BC57, cid=812, SUCCESS, logIndex=1182, commits[cb20f782-9136-4144-a2ef-e44461d35697:c1183]
2019-09-17 12:48:27,309 [SCMBlockDeletingService#0] DEBUG block.SCMBlockDeletingService (SCMBlockDeletingService.java:call(138)) - Running DeletedBlockTransactionScanner
2019-09-17 12:48:27,309 [SCMBlockDeletingService#0] DEBUG block.SCMBlockDeletingService (SCMBlockDeletingService.java:call(155)) - Scanned deleted blocks log and got 0 delTX to process.
2019-09-17 12:48:27,316 [grpc-default-executor-1] INFO  client.GrpcClientProtocolClient (GrpcClientProtocolClient.java:onNext(264)) - client-E41C008B94D2->cb20f782-9136-4144-a2ef-e44461d35697: receive RaftClientReply:client-E41C008B94D2->cb20f782-9136-4144-a2ef-e44461d35697@group-EF222054BC57, cid=813, SUCCESS, logIndex=1184, commits[cb20f782-9136-4144-a2ef-e44461d35697:c1185]
2019-09-17 12:48:27,316 [grpc-default-executor-1] INFO  client.GrpcClientProtocolClient (GrpcClientProtocolClient.java:onNext(264)) - client-E41C008B94D2->cb20f782-9136-4144-a2ef-e44461d35697: receive RaftClientReply:client-E41C008B94D2->cb20f782-9136-4144-a2ef-e44461d35697@group-EF222054BC57, cid=814, SUCCESS, logIndex=1185, commits[cb20f782-9136-4144-a2ef-e44461d35697:c1187]
2019-09-17 12:48:27,317 [grpc-default-executor-1] INFO  client.GrpcClientProtocolClient (GrpcClientProtocolClient.java:onNext(264)) - client-E41C008B94D2->cb20f782-9136-4144-a2ef-e44461d35697: receive RaftClientReply:client-E41C008B94D2->cb20f782-9136-4144-a2ef-e44461d35697@group-EF222054BC57, cid=815, SUCCESS, logIndex=1186, commits[cb20f782-9136-4144-a2ef-e44461d35697:c1188]
2019-09-17 12:48:27,317 [grpc-default-executor-1] INFO  client.GrpcClientProtocolClient (GrpcClientProtocolClient.java:onNext(264)) - client-E41C008B94D2->cb20f782-9136-4144-a2ef-e44461d35697: receive RaftClientReply:client-E41C008B94D2->cb20f782-9136-4144-a2ef-e44461d35697@group-EF222054BC57, cid=816, SUCCESS, logIndex=1187, commits[cb20f782-9136-4144-a2ef-e44461d35697:c1189]
2019-09-17 12:48:27,351 [grpc-default-executor-2] INFO  client.GrpcClientProtocolClient (GrpcClientProtocolClient.java:onNext(264)) - client-E41C008B94D2->cb20f782-9136-4144-a2ef-e44461d35697: receive RaftClientReply:client-E41C008B94D2->cb20f782-9136-4144-a2ef-e44461d35697@group-EF222054BC57, cid=817, SUCCESS, logIndex=1190, commits[cb20f782-9136-4144-a2ef-e44461d35697:c1191]
2019-09-17 12:48:27,351 [grpc-default-executor-2] INFO  client.GrpcClientProtocolClient (GrpcClientProtocolClient.java:onNext(264)) - client-E41C008B94D2->cb20f782-9136-4144-a2ef-e44461d35697: receive RaftClientReply:client-E41C008B94D2->cb20f782-9136-4144-a2ef-e44461d35697@group-EF222054BC57, cid=818, SUCCESS, logIndex=1191, commits[cb20f782-9136-4144-a2ef-e44461d35697:c1193]
2019-09-17 12:48:27,352 [grpc-default-executor-2] INFO  client.GrpcClientProtocolClient (GrpcClientProtocolClient.java:onNext(264)) - client-E41C008B94D2->cb20f782-9136-4144-a2ef-e44461d35697: receive RaftClientReply:client-E41C008B94D2->cb20f782-9136-4144-a2ef-e44461d35697@group-EF222054BC57, cid=819, SUCCESS, logIndex=1192, commits[cb20f782-9136-4144-a2ef-e44461d35697:c1194]
2019-09-17 12:48:27,352 [grpc-default-executor-2] INFO  client.GrpcClientProtocolClient (GrpcClientProtocolClient.java:onNext(264)) - client-E41C008B94D2->cb20f782-9136-4144-a2ef-e44461d35697: receive RaftClientReply:client-E41C008B94D2->cb20f782-9136-4144-a2ef-e44461d35697@group-EF222054BC57, cid=820, SUCCESS, logIndex=1193, commits[cb20f782-9136-4144-a2ef-e44461d35697:c1194]
2019-09-17 12:48:27,372 [grpc-default-executor-2] INFO  client.GrpcClientProtocolClient (GrpcClientProtocolClient.java:onNext(264)) - client-E41C008B94D2->cb20f782-9136-4144-a2ef-e44461d35697: receive RaftClientReply:client-E41C008B94D2->cb20f782-9136-4144-a2ef-e44461d35697@group-EF222054BC57, cid=821, SUCCESS, logIndex=1196, commits[cb20f782-9136-4144-a2ef-e44461d35697:c1197]
2019-09-17 12:48:27,373 [grpc-default-executor-2] INFO  client.GrpcClientProtocolClient (GrpcClientProtocolClient.java:onNext(264)) - client-E41C008B94D2->cb20f782-9136-4144-a2ef-e44461d35697: receive RaftClientReply:client-E41C008B94D2->cb20f782-9136-4144-a2ef-e44461d35697@group-EF222054BC57, cid=822, SUCCESS, logIndex=1197, commits[cb20f782-9136-4144-a2ef-e44461d35697:c1199]
2019-09-17 12:48:27,373 [grpc-default-executor-2] INFO  client.GrpcClientProtocolClient (GrpcClientProtocolClient.java:onNext(264)) - client-E41C008B94D2->cb20f782-9136-4144-a2ef-e44461d35697: receive RaftClientReply:client-E41C008B94D2->cb20f782-9136-4144-a2ef-e44461d35697@group-EF222054BC57, cid=823, SUCCESS, logIndex=1198, commits[cb20f782-9136-4144-a2ef-e44461d35697:c1200]
2019-09-17 12:48:27,373 [grpc-default-executor-2] INFO  client.GrpcClientProtocolClient (GrpcClientProtocolClient.java:onNext(264)) - client-E41C008B94D2->cb20f782-9136-4144-a2ef-e44461d35697: receive RaftClientReply:client-E41C008B94D2->cb20f782-9136-4144-a2ef-e44461d35697@group-EF222054BC57, cid=824, SUCCESS, logIndex=1199, commits[cb20f782-9136-4144-a2ef-e44461d35697:c1201]
2019-09-17 12:48:27,454 [SCMBlockDeletingService#0] DEBUG block.SCMBlockDeletingService (SCMBlockDeletingService.java:call(138)) - Running DeletedBlockTransactionScanner
2019-09-17 12:48:27,454 [SCMBlockDeletingService#0] DEBUG block.SCMBlockDeletingService (SCMBlockDeletingService.java:call(155)) - Scanned deleted blocks log and got 0 delTX to process.
2019-09-17 12:48:27,478 [grpc-default-executor-1] INFO  client.GrpcClientProtocolClient (GrpcClientProtocolClient.java:onNext(264)) - client-E41C008B94D2->cb20f782-9136-4144-a2ef-e44461d35697: receive RaftClientReply:client-E41C008B94D2->cb20f782-9136-4144-a2ef-e44461d35697@group-EF222054BC57, cid=825, SUCCESS, logIndex=1202, commits[cb20f782-9136-4144-a2ef-e44461d35697:c1203]
2019-09-17 12:48:27,479 [grpc-default-executor-1] INFO  client.GrpcClientProtocolClient (GrpcClientProtocolClient.java:onNext(264)) - client-E41C008B94D2->cb20f782-9136-4144-a2ef-e44461d35697: receive RaftClientReply:client-E41C008B94D2->cb20f782-9136-4144-a2ef-e44461d35697@group-EF222054BC57, cid=826, SUCCESS, logIndex=1203, commits[cb20f782-9136-4144-a2ef-e44461d35697:c1205]
2019-09-17 12:48:27,479 [grpc-default-executor-1] INFO  client.GrpcClientProtocolClient (GrpcClientProtocolClient.java:onNext(264)) - client-E41C008B94D2->cb20f782-9136-4144-a2ef-e44461d35697: receive RaftClientReply:client-E41C008B94D2->cb20f782-9136-4144-a2ef-e44461d35697@group-EF222054BC57, cid=827, SUCCESS, logIndex=1204, commits[cb20f782-9136-4144-a2ef-e44461d35697:c1206]
2019-09-17 12:48:27,479 [grpc-default-executor-1] INFO  client.GrpcClientProtocolClient (GrpcClientProtocolClient.java:onNext(264)) - client-E41C008B94D2->cb20f782-9136-4144-a2ef-e44461d35697: receive RaftClientReply:client-E41C008B94D2->cb20f782-9136-4144-a2ef-e44461d35697@group-EF222054BC57, cid=828, SUCCESS, logIndex=1205, commits[cb20f782-9136-4144-a2ef-e44461d35697:c1207]
2019-09-17 12:48:27,500 [grpc-default-executor-1] INFO  client.GrpcClientProtocolClient (GrpcClientProtocolClient.java:onNext(264)) - client-E41C008B94D2->cb20f782-9136-4144-a2ef-e44461d35697: receive RaftClientReply:client-E41C008B94D2->cb20f782-9136-4144-a2ef-e44461d35697@group-EF222054BC57, cid=829, SUCCESS, logIndex=1208, commits[cb20f782-9136-4144-a2ef-e44461d35697:c1211]
2019-09-17 12:48:27,501 [grpc-default-executor-1] INFO  client.GrpcClientProtocolClient (GrpcClientProtocolClient.java:onNext(264)) - client-E41C008B94D2->cb20f782-9136-4144-a2ef-e44461d35697: receive RaftClientReply:client-E41C008B94D2->cb20f782-9136-4144-a2ef-e44461d35697@group-EF222054BC57, cid=830, SUCCESS, logIndex=1209, commits[cb20f782-9136-4144-a2ef-e44461d35697:c1212]
2019-09-17 12:48:27,501 [grpc-default-executor-1] INFO  client.GrpcClientProtocolClient (GrpcClientProtocolClient.java:onNext(264)) - client-E41C008B94D2->cb20f782-9136-4144-a2ef-e44461d35697: receive RaftClientReply:client-E41C008B94D2->cb20f782-9136-4144-a2ef-e44461d35697@group-EF222054BC57, cid=831, SUCCESS, logIndex=1210, commits[cb20f782-9136-4144-a2ef-e44461d35697:c1212]
2019-09-17 12:48:27,501 [grpc-default-executor-1] INFO  client.GrpcClientProtocolClient (GrpcClientProtocolClient.java:onNext(264)) - client-E41C008B94D2->cb20f782-9136-4144-a2ef-e44461d35697: receive RaftClientReply:client-E41C008B94D2->cb20f782-9136-4144-a2ef-e44461d35697@group-EF222054BC57, cid=832, SUCCESS, logIndex=1211, commits[cb20f782-9136-4144-a2ef-e44461d35697:c1212]
2019-09-17 12:48:27,529 [grpc-default-executor-1] INFO  client.GrpcClientProtocolClient (GrpcClientProtocolClient.java:onNext(264)) - client-E41C008B94D2->cb20f782-9136-4144-a2ef-e44461d35697: receive RaftClientReply:client-E41C008B94D2->cb20f782-9136-4144-a2ef-e44461d35697@group-EF222054BC57, cid=833, SUCCESS, logIndex=1213, commits[cb20f782-9136-4144-a2ef-e44461d35697:c1214]
2019-09-17 12:48:27,529 [grpc-default-executor-1] INFO  client.GrpcClientProtocolClient (GrpcClientProtocolClient.java:onNext(264)) - client-E41C008B94D2->cb20f782-9136-4144-a2ef-e44461d35697: receive RaftClientReply:client-E41C008B94D2->cb20f782-9136-4144-a2ef-e44461d35697@group-EF222054BC57, cid=834, SUCCESS, logIndex=1214, commits[cb20f782-9136-4144-a2ef-e44461d35697:c1216]
2019-09-17 12:48:27,530 [grpc-default-executor-1] INFO  client.GrpcClientProtocolClient (GrpcClientProtocolClient.java:onNext(264)) - client-E41C008B94D2->cb20f782-9136-4144-a2ef-e44461d35697: receive RaftClientReply:client-E41C008B94D2->cb20f782-9136-4144-a2ef-e44461d35697@group-EF222054BC57, cid=835, SUCCESS, logIndex=1215, commits[cb20f782-9136-4144-a2ef-e44461d35697:c1216]
2019-09-17 12:48:27,530 [grpc-default-executor-1] INFO  client.GrpcClientProtocolClient (GrpcClientProtocolClient.java:onNext(264)) - client-E41C008B94D2->cb20f782-9136-4144-a2ef-e44461d35697: receive RaftClientReply:client-E41C008B94D2->cb20f782-9136-4144-a2ef-e44461d35697@group-EF222054BC57, cid=836, SUCCESS, logIndex=1216, commits[cb20f782-9136-4144-a2ef-e44461d35697:c1217]
2019-09-17 12:48:27,549 [grpc-default-executor-1] INFO  client.GrpcClientProtocolClient (GrpcClientProtocolClient.java:onNext(264)) - client-E41C008B94D2->cb20f782-9136-4144-a2ef-e44461d35697: receive RaftClientReply:client-E41C008B94D2->cb20f782-9136-4144-a2ef-e44461d35697@group-EF222054BC57, cid=837, SUCCESS, logIndex=1219, commits[cb20f782-9136-4144-a2ef-e44461d35697:c1220]
2019-09-17 12:48:27,549 [grpc-default-executor-1] INFO  client.GrpcClientProtocolClient (GrpcClientProtocolClient.java:onNext(264)) - client-E41C008B94D2->cb20f782-9136-4144-a2ef-e44461d35697: receive RaftClientReply:client-E41C008B94D2->cb20f782-9136-4144-a2ef-e44461d35697@group-EF222054BC57, cid=838, SUCCESS, logIndex=1220, commits[cb20f782-9136-4144-a2ef-e44461d35697:c1221]
2019-09-17 12:48:27,555 [SCMBlockDeletingService#0] DEBUG block.SCMBlockDeletingService (SCMBlockDeletingService.java:call(138)) - Running DeletedBlockTransactionScanner
2019-09-17 12:48:27,555 [SCMBlockDeletingService#0] DEBUG block.SCMBlockDeletingService (SCMBlockDeletingService.java:call(155)) - Scanned deleted blocks log and got 0 delTX to process.
2019-09-17 12:48:27,641 [grpc-default-executor-1] INFO  client.GrpcClientProtocolClient (GrpcClientProtocolClient.java:onNext(264)) - client-E41C008B94D2->cb20f782-9136-4144-a2ef-e44461d35697: receive RaftClientReply:client-E41C008B94D2->cb20f782-9136-4144-a2ef-e44461d35697@group-EF222054BC57, cid=839, SUCCESS, logIndex=1222, commits[cb20f782-9136-4144-a2ef-e44461d35697:c1223]
2019-09-17 12:48:27,642 [grpc-default-executor-1] INFO  client.GrpcClientProtocolClient (GrpcClientProtocolClient.java:onNext(264)) - client-E41C008B94D2->cb20f782-9136-4144-a2ef-e44461d35697: receive RaftClientReply:client-E41C008B94D2->cb20f782-9136-4144-a2ef-e44461d35697@group-EF222054BC57, cid=840, SUCCESS, logIndex=1223, commits[cb20f782-9136-4144-a2ef-e44461d35697:c1224]
2019-09-17 12:48:27,655 [SCMBlockDeletingService#0] DEBUG block.SCMBlockDeletingService (SCMBlockDeletingService.java:call(138)) - Running DeletedBlockTransactionScanner
2019-09-17 12:48:27,655 [SCMBlockDeletingService#0] DEBUG block.SCMBlockDeletingService (SCMBlockDeletingService.java:call(155)) - Scanned deleted blocks log and got 0 delTX to process.
2019-09-17 12:48:27,671 [grpc-default-executor-1] INFO  client.GrpcClientProtocolClient (GrpcClientProtocolClient.java:onNext(264)) - client-E41C008B94D2->cb20f782-9136-4144-a2ef-e44461d35697: receive RaftClientReply:client-E41C008B94D2->cb20f782-9136-4144-a2ef-e44461d35697@group-EF222054BC57, cid=841, SUCCESS, logIndex=1225, commits[cb20f782-9136-4144-a2ef-e44461d35697:c1228]
2019-09-17 12:48:27,672 [grpc-default-executor-1] INFO  client.GrpcClientProtocolClient (GrpcClientProtocolClient.java:onNext(264)) - client-E41C008B94D2->cb20f782-9136-4144-a2ef-e44461d35697: receive RaftClientReply:client-E41C008B94D2->cb20f782-9136-4144-a2ef-e44461d35697@group-EF222054BC57, cid=842, SUCCESS, logIndex=1226, commits[cb20f782-9136-4144-a2ef-e44461d35697:c1229]
2019-09-17 12:48:27,672 [grpc-default-executor-1] INFO  client.GrpcClientProtocolClient (GrpcClientProtocolClient.java:onNext(264)) - client-E41C008B94D2->cb20f782-9136-4144-a2ef-e44461d35697: receive RaftClientReply:client-E41C008B94D2->cb20f782-9136-4144-a2ef-e44461d35697@group-EF222054BC57, cid=843, SUCCESS, logIndex=1227, commits[cb20f782-9136-4144-a2ef-e44461d35697:c1229]
2019-09-17 12:48:27,673 [grpc-default-executor-1] INFO  client.GrpcClientProtocolClient (GrpcClientProtocolClient.java:onNext(264)) - client-E41C008B94D2->cb20f782-9136-4144-a2ef-e44461d35697: receive RaftClientReply:client-E41C008B94D2->cb20f782-9136-4144-a2ef-e44461d35697@group-EF222054BC57, cid=844, SUCCESS, logIndex=1228, commits[cb20f782-9136-4144-a2ef-e44461d35697:c1229]
2019-09-17 12:48:27,693 [grpc-default-executor-1] INFO  client.GrpcClientProtocolClient (GrpcClientProtocolClient.java:onNext(264)) - client-E41C008B94D2->cb20f782-9136-4144-a2ef-e44461d35697: receive RaftClientReply:client-E41C008B94D2->cb20f782-9136-4144-a2ef-e44461d35697@group-EF222054BC57, cid=845, SUCCESS, logIndex=1230, commits[cb20f782-9136-4144-a2ef-e44461d35697:c1233]
2019-09-17 12:48:27,694 [grpc-default-executor-1] INFO  client.GrpcClientProtocolClient (GrpcClientProtocolClient.java:onNext(264)) - client-E41C008B94D2->cb20f782-9136-4144-a2ef-e44461d35697: receive RaftClientReply:client-E41C008B94D2->cb20f782-9136-4144-a2ef-e44461d35697@group-EF222054BC57, cid=846, SUCCESS, logIndex=1231, commits[cb20f782-9136-4144-a2ef-e44461d35697:c1234]
2019-09-17 12:48:27,694 [grpc-default-executor-1] INFO  client.GrpcClientProtocolClient (GrpcClientProtocolClient.java:onNext(264)) - client-E41C008B94D2->cb20f782-9136-4144-a2ef-e44461d35697: receive RaftClientReply:client-E41C008B94D2->cb20f782-9136-4144-a2ef-e44461d35697@group-EF222054BC57, cid=847, SUCCESS, logIndex=1232, commits[cb20f782-9136-4144-a2ef-e44461d35697:c1234]
2019-09-17 12:48:27,695 [grpc-default-executor-1] INFO  client.GrpcClientProtocolClient (GrpcClientProtocolClient.java:onNext(264)) - client-E41C008B94D2->cb20f782-9136-4144-a2ef-e44461d35697: receive RaftClientReply:client-E41C008B94D2->cb20f782-9136-4144-a2ef-e44461d35697@group-EF222054BC57, cid=848, SUCCESS, logIndex=1233, commits[cb20f782-9136-4144-a2ef-e44461d35697:c1234]
2019-09-17 12:48:27,720 [grpc-default-executor-2] INFO  client.GrpcClientProtocolClient (GrpcClientProtocolClient.java:onNext(264)) - client-E41C008B94D2->cb20f782-9136-4144-a2ef-e44461d35697: receive RaftClientReply:client-E41C008B94D2->cb20f782-9136-4144-a2ef-e44461d35697@group-EF222054BC57, cid=849, SUCCESS, logIndex=1235, commits[cb20f782-9136-4144-a2ef-e44461d35697:c1238]
2019-09-17 12:48:27,721 [grpc-default-executor-2] INFO  client.GrpcClientProtocolClient (GrpcClientProtocolClient.java:onNext(264)) - client-E41C008B94D2->cb20f782-9136-4144-a2ef-e44461d35697: receive RaftClientReply:client-E41C008B94D2->cb20f782-9136-4144-a2ef-e44461d35697@group-EF222054BC57, cid=850, SUCCESS, logIndex=1236, commits[cb20f782-9136-4144-a2ef-e44461d35697:c1239]
2019-09-17 12:48:27,721 [grpc-default-executor-2] INFO  client.GrpcClientProtocolClient (GrpcClientProtocolClient.java:onNext(264)) - client-E41C008B94D2->cb20f782-9136-4144-a2ef-e44461d35697: receive RaftClientReply:client-E41C008B94D2->cb20f782-9136-4144-a2ef-e44461d35697@group-EF222054BC57, cid=851, SUCCESS, logIndex=1237, commits[cb20f782-9136-4144-a2ef-e44461d35697:c1239]
2019-09-17 12:48:27,721 [grpc-default-executor-2] INFO  client.GrpcClientProtocolClient (GrpcClientProtocolClient.java:onNext(264)) - client-E41C008B94D2->cb20f782-9136-4144-a2ef-e44461d35697: receive RaftClientReply:client-E41C008B94D2->cb20f782-9136-4144-a2ef-e44461d35697@group-EF222054BC57, cid=852, SUCCESS, logIndex=1238, commits[cb20f782-9136-4144-a2ef-e44461d35697:c1239]
2019-09-17 12:48:27,756 [SCMBlockDeletingService#0] DEBUG block.SCMBlockDeletingService (SCMBlockDeletingService.java:call(138)) - Running DeletedBlockTransactionScanner
2019-09-17 12:48:27,756 [SCMBlockDeletingService#0] DEBUG block.SCMBlockDeletingService (SCMBlockDeletingService.java:call(155)) - Scanned deleted blocks log and got 0 delTX to process.
2019-09-17 12:48:27,758 [grpc-default-executor-2] INFO  client.GrpcClientProtocolClient (GrpcClientProtocolClient.java:onNext(264)) - client-E41C008B94D2->cb20f782-9136-4144-a2ef-e44461d35697: receive RaftClientReply:client-E41C008B94D2->cb20f782-9136-4144-a2ef-e44461d35697@group-EF222054BC57, cid=853, SUCCESS, logIndex=1240, commits[cb20f782-9136-4144-a2ef-e44461d35697:c1241]
2019-09-17 12:48:27,759 [grpc-default-executor-2] INFO  client.GrpcClientProtocolClient (GrpcClientProtocolClient.java:onNext(264)) - client-E41C008B94D2->cb20f782-9136-4144-a2ef-e44461d35697: receive RaftClientReply:client-E41C008B94D2->cb20f782-9136-4144-a2ef-e44461d35697@group-EF222054BC57, cid=854, SUCCESS, logIndex=1241, commits[cb20f782-9136-4144-a2ef-e44461d35697:c1241]
2019-09-17 12:48:27,769 [grpc-default-executor-2] INFO  client.GrpcClientProtocolClient (GrpcClientProtocolClient.java:onNext(264)) - client-E41C008B94D2->cb20f782-9136-4144-a2ef-e44461d35697: receive RaftClientReply:client-E41C008B94D2->cb20f782-9136-4144-a2ef-e44461d35697@group-EF222054BC57, cid=855, SUCCESS, logIndex=1242, commits[cb20f782-9136-4144-a2ef-e44461d35697:c1243]
2019-09-17 12:48:27,770 [grpc-default-executor-2] INFO  client.GrpcClientProtocolClient (GrpcClientProtocolClient.java:onNext(264)) - client-E41C008B94D2->cb20f782-9136-4144-a2ef-e44461d35697: receive RaftClientReply:client-E41C008B94D2->cb20f782-9136-4144-a2ef-e44461d35697@group-EF222054BC57, cid=856, SUCCESS, logIndex=1243, commits[cb20f782-9136-4144-a2ef-e44461d35697:c1244]
2019-09-17 12:48:27,799 [grpc-default-executor-2] INFO  client.GrpcClientProtocolClient (GrpcClientProtocolClient.java:onNext(264)) - client-E41C008B94D2->cb20f782-9136-4144-a2ef-e44461d35697: receive RaftClientReply:client-E41C008B94D2->cb20f782-9136-4144-a2ef-e44461d35697@group-EF222054BC57, cid=857, SUCCESS, logIndex=1246, commits[cb20f782-9136-4144-a2ef-e44461d35697:c1249]
2019-09-17 12:48:27,800 [grpc-default-executor-2] INFO  client.GrpcClientProtocolClient (GrpcClientProtocolClient.java:onNext(264)) - client-E41C008B94D2->cb20f782-9136-4144-a2ef-e44461d35697: receive RaftClientReply:client-E41C008B94D2->cb20f782-9136-4144-a2ef-e44461d35697@group-EF222054BC57, cid=858, SUCCESS, logIndex=1247, commits[cb20f782-9136-4144-a2ef-e44461d35697:c1249]
2019-09-17 12:48:27,800 [grpc-default-executor-2] INFO  client.GrpcClientProtocolClient (GrpcClientProtocolClient.java:onNext(264)) - client-E41C008B94D2->cb20f782-9136-4144-a2ef-e44461d35697: receive RaftClientReply:client-E41C008B94D2->cb20f782-9136-4144-a2ef-e44461d35697@group-EF222054BC57, cid=859, SUCCESS, logIndex=1248, commits[cb20f782-9136-4144-a2ef-e44461d35697:c1249]
2019-09-17 12:48:27,800 [grpc-default-executor-2] INFO  client.GrpcClientProtocolClient (GrpcClientProtocolClient.java:onNext(264)) - client-E41C008B94D2->cb20f782-9136-4144-a2ef-e44461d35697: receive RaftClientReply:client-E41C008B94D2->cb20f782-9136-4144-a2ef-e44461d35697@group-EF222054BC57, cid=860, SUCCESS, logIndex=1249, commits[cb20f782-9136-4144-a2ef-e44461d35697:c1249]
2019-09-17 12:48:27,822 [grpc-default-executor-2] INFO  client.GrpcClientProtocolClient (GrpcClientProtocolClient.java:onNext(264)) - client-E41C008B94D2->cb20f782-9136-4144-a2ef-e44461d35697: receive RaftClientReply:client-E41C008B94D2->cb20f782-9136-4144-a2ef-e44461d35697@group-EF222054BC57, cid=861, SUCCESS, logIndex=1251, commits[cb20f782-9136-4144-a2ef-e44461d35697:c1254]
2019-09-17 12:48:27,823 [grpc-default-executor-2] INFO  client.GrpcClientProtocolClient (GrpcClientProtocolClient.java:onNext(264)) - client-E41C008B94D2->cb20f782-9136-4144-a2ef-e44461d35697: receive RaftClientReply:client-E41C008B94D2->cb20f782-9136-4144-a2ef-e44461d35697@group-EF222054BC57, cid=862, SUCCESS, logIndex=1252, commits[cb20f782-9136-4144-a2ef-e44461d35697:c1255]
2019-09-17 12:48:27,823 [grpc-default-executor-2] INFO  client.GrpcClientProtocolClient (GrpcClientProtocolClient.java:onNext(264)) - client-E41C008B94D2->cb20f782-9136-4144-a2ef-e44461d35697: receive RaftClientReply:client-E41C008B94D2->cb20f782-9136-4144-a2ef-e44461d35697@group-EF222054BC57, cid=863, SUCCESS, logIndex=1253, commits[cb20f782-9136-4144-a2ef-e44461d35697:c1255]
2019-09-17 12:48:27,823 [grpc-default-executor-2] INFO  client.GrpcClientProtocolClient (GrpcClientProtocolClient.java:onNext(264)) - client-E41C008B94D2->cb20f782-9136-4144-a2ef-e44461d35697: receive RaftClientReply:client-E41C008B94D2->cb20f782-9136-4144-a2ef-e44461d35697@group-EF222054BC57, cid=864, SUCCESS, logIndex=1254, commits[cb20f782-9136-4144-a2ef-e44461d35697:c1255]
2019-09-17 12:48:27,851 [grpc-default-executor-1] INFO  client.GrpcClientProtocolClient (GrpcClientProtocolClient.java:onNext(264)) - client-E41C008B94D2->cb20f782-9136-4144-a2ef-e44461d35697: receive RaftClientReply:client-E41C008B94D2->cb20f782-9136-4144-a2ef-e44461d35697@group-EF222054BC57, cid=865, SUCCESS, logIndex=1256, commits[cb20f782-9136-4144-a2ef-e44461d35697:c1259]
2019-09-17 12:48:27,851 [grpc-default-executor-1] INFO  client.GrpcClientProtocolClient (GrpcClientProtocolClient.java:onNext(264)) - client-E41C008B94D2->cb20f782-9136-4144-a2ef-e44461d35697: receive RaftClientReply:client-E41C008B94D2->cb20f782-9136-4144-a2ef-e44461d35697@group-EF222054BC57, cid=866, SUCCESS, logIndex=1257, commits[cb20f782-9136-4144-a2ef-e44461d35697:c1260]
2019-09-17 12:48:27,852 [grpc-default-executor-1] INFO  client.GrpcClientProtocolClient (GrpcClientProtocolClient.java:onNext(264)) - client-E41C008B94D2->cb20f782-9136-4144-a2ef-e44461d35697: receive RaftClientReply:client-E41C008B94D2->cb20f782-9136-4144-a2ef-e44461d35697@group-EF222054BC57, cid=867, SUCCESS, logIndex=1258, commits[cb20f782-9136-4144-a2ef-e44461d35697:c1260]
2019-09-17 12:48:27,852 [grpc-default-executor-1] INFO  client.GrpcClientProtocolClient (GrpcClientProtocolClient.java:onNext(264)) - client-E41C008B94D2->cb20f782-9136-4144-a2ef-e44461d35697: receive RaftClientReply:client-E41C008B94D2->cb20f782-9136-4144-a2ef-e44461d35697@group-EF222054BC57, cid=868, SUCCESS, logIndex=1259, commits[cb20f782-9136-4144-a2ef-e44461d35697:c1260]
2019-09-17 12:48:27,856 [SCMBlockDeletingService#0] DEBUG block.SCMBlockDeletingService (SCMBlockDeletingService.java:call(138)) - Running DeletedBlockTransactionScanner
2019-09-17 12:48:27,857 [SCMBlockDeletingService#0] DEBUG block.SCMBlockDeletingService (SCMBlockDeletingService.java:call(155)) - Scanned deleted blocks log and got 0 delTX to process.
2019-09-17 12:48:27,871 [grpc-default-executor-1] INFO  client.GrpcClientProtocolClient (GrpcClientProtocolClient.java:onNext(264)) - client-E41C008B94D2->cb20f782-9136-4144-a2ef-e44461d35697: receive RaftClientReply:client-E41C008B94D2->cb20f782-9136-4144-a2ef-e44461d35697@group-EF222054BC57, cid=869, SUCCESS, logIndex=1261, commits[cb20f782-9136-4144-a2ef-e44461d35697:c1264]
2019-09-17 12:48:27,872 [grpc-default-executor-1] INFO  client.GrpcClientProtocolClient (GrpcClientProtocolClient.java:onNext(264)) - client-E41C008B94D2->cb20f782-9136-4144-a2ef-e44461d35697: receive RaftClientReply:client-E41C008B94D2->cb20f782-9136-4144-a2ef-e44461d35697@group-EF222054BC57, cid=870, SUCCESS, logIndex=1262, commits[cb20f782-9136-4144-a2ef-e44461d35697:c1265]
2019-09-17 12:48:27,872 [grpc-default-executor-1] INFO  client.GrpcClientProtocolClient (GrpcClientProtocolClient.java:onNext(264)) - client-E41C008B94D2->cb20f782-9136-4144-a2ef-e44461d35697: receive RaftClientReply:client-E41C008B94D2->cb20f782-9136-4144-a2ef-e44461d35697@group-EF222054BC57, cid=871, SUCCESS, logIndex=1263, commits[cb20f782-9136-4144-a2ef-e44461d35697:c1265]
2019-09-17 12:48:27,873 [grpc-default-executor-1] INFO  client.GrpcClientProtocolClient (GrpcClientProtocolClient.java:onNext(264)) - client-E41C008B94D2->cb20f782-9136-4144-a2ef-e44461d35697: receive RaftClientReply:client-E41C008B94D2->cb20f782-9136-4144-a2ef-e44461d35697@group-EF222054BC57, cid=872, SUCCESS, logIndex=1264, commits[cb20f782-9136-4144-a2ef-e44461d35697:c1265]
2019-09-17 12:48:27,897 [grpc-default-executor-1] INFO  client.GrpcClientProtocolClient (GrpcClientProtocolClient.java:onNext(264)) - client-E41C008B94D2->cb20f782-9136-4144-a2ef-e44461d35697: receive RaftClientReply:client-E41C008B94D2->cb20f782-9136-4144-a2ef-e44461d35697@group-EF222054BC57, cid=873, SUCCESS, logIndex=1266, commits[cb20f782-9136-4144-a2ef-e44461d35697:c1267]
2019-09-17 12:48:27,898 [grpc-default-executor-1] INFO  client.GrpcClientProtocolClient (GrpcClientProtocolClient.java:onNext(264)) - client-E41C008B94D2->cb20f782-9136-4144-a2ef-e44461d35697: receive RaftClientReply:client-E41C008B94D2->cb20f782-9136-4144-a2ef-e44461d35697@group-EF222054BC57, cid=874, SUCCESS, logIndex=1267, commits[cb20f782-9136-4144-a2ef-e44461d35697:c1269]
2019-09-17 12:48:27,898 [grpc-default-executor-1] INFO  client.GrpcClientProtocolClient (GrpcClientProtocolClient.java:onNext(264)) - client-E41C008B94D2->cb20f782-9136-4144-a2ef-e44461d35697: receive RaftClientReply:client-E41C008B94D2->cb20f782-9136-4144-a2ef-e44461d35697@group-EF222054BC57, cid=875, SUCCESS, logIndex=1268, commits[cb20f782-9136-4144-a2ef-e44461d35697:c1270]
2019-09-17 12:48:27,899 [grpc-default-executor-1] INFO  client.GrpcClientProtocolClient (GrpcClientProtocolClient.java:onNext(264)) - client-E41C008B94D2->cb20f782-9136-4144-a2ef-e44461d35697: receive RaftClientReply:client-E41C008B94D2->cb20f782-9136-4144-a2ef-e44461d35697@group-EF222054BC57, cid=876, SUCCESS, logIndex=1269, commits[cb20f782-9136-4144-a2ef-e44461d35697:c1271]
2019-09-17 12:48:27,932 [grpc-default-executor-1] INFO  client.GrpcClientProtocolClient (GrpcClientProtocolClient.java:onNext(264)) - client-E41C008B94D2->cb20f782-9136-4144-a2ef-e44461d35697: receive RaftClientReply:client-E41C008B94D2->cb20f782-9136-4144-a2ef-e44461d35697@group-EF222054BC57, cid=877, SUCCESS, logIndex=1272, commits[cb20f782-9136-4144-a2ef-e44461d35697:c1273]
2019-09-17 12:48:27,932 [grpc-default-executor-1] INFO  client.GrpcClientProtocolClient (GrpcClientProtocolClient.java:onNext(264)) - client-E41C008B94D2->cb20f782-9136-4144-a2ef-e44461d35697: receive RaftClientReply:client-E41C008B94D2->cb20f782-9136-4144-a2ef-e44461d35697@group-EF222054BC57, cid=878, SUCCESS, logIndex=1273, commits[cb20f782-9136-4144-a2ef-e44461d35697:c1275]
2019-09-17 12:48:27,933 [grpc-default-executor-1] INFO  client.GrpcClientProtocolClient (GrpcClientProtocolClient.java:onNext(264)) - client-E41C008B94D2->cb20f782-9136-4144-a2ef-e44461d35697: receive RaftClientReply:client-E41C008B94D2->cb20f782-9136-4144-a2ef-e44461d35697@group-EF222054BC57, cid=879, SUCCESS, logIndex=1274, commits[cb20f782-9136-4144-a2ef-e44461d35697:c1276]
2019-09-17 12:48:27,933 [grpc-default-executor-1] INFO  client.GrpcClientProtocolClient (GrpcClientProtocolClient.java:onNext(264)) - client-E41C008B94D2->cb20f782-9136-4144-a2ef-e44461d35697: receive RaftClientReply:client-E41C008B94D2->cb20f782-9136-4144-a2ef-e44461d35697@group-EF222054BC57, cid=880, SUCCESS, logIndex=1275, commits[cb20f782-9136-4144-a2ef-e44461d35697:c1276]
2019-09-17 12:48:27,957 [SCMBlockDeletingService#0] DEBUG block.SCMBlockDeletingService (SCMBlockDeletingService.java:call(138)) - Running DeletedBlockTransactionScanner
2019-09-17 12:48:27,957 [SCMBlockDeletingService#0] DEBUG block.SCMBlockDeletingService (SCMBlockDeletingService.java:call(155)) - Scanned deleted blocks log and got 0 delTX to process.
2019-09-17 12:48:27,960 [grpc-default-executor-1] INFO  client.GrpcClientProtocolClient (GrpcClientProtocolClient.java:onNext(264)) - client-E41C008B94D2->cb20f782-9136-4144-a2ef-e44461d35697: receive RaftClientReply:client-E41C008B94D2->cb20f782-9136-4144-a2ef-e44461d35697@group-EF222054BC57, cid=881, SUCCESS, logIndex=1278, commits[cb20f782-9136-4144-a2ef-e44461d35697:c1279]
2019-09-17 12:48:27,961 [grpc-default-executor-1] INFO  client.GrpcClientProtocolClient (GrpcClientProtocolClient.java:onNext(264)) - client-E41C008B94D2->cb20f782-9136-4144-a2ef-e44461d35697: receive RaftClientReply:client-E41C008B94D2->cb20f782-9136-4144-a2ef-e44461d35697@group-EF222054BC57, cid=882, SUCCESS, logIndex=1279, commits[cb20f782-9136-4144-a2ef-e44461d35697:c1281]
2019-09-17 12:48:27,961 [grpc-default-executor-1] INFO  client.GrpcClientProtocolClient (GrpcClientProtocolClient.java:onNext(264)) - client-E41C008B94D2->cb20f782-9136-4144-a2ef-e44461d35697: receive RaftClientReply:client-E41C008B94D2->cb20f782-9136-4144-a2ef-e44461d35697@group-EF222054BC57, cid=883, SUCCESS, logIndex=1280, commits[cb20f782-9136-4144-a2ef-e44461d35697:c1281]
2019-09-17 12:48:27,962 [grpc-default-executor-1] INFO  client.GrpcClientProtocolClient (GrpcClientProtocolClient.java:onNext(264)) - client-E41C008B94D2->cb20f782-9136-4144-a2ef-e44461d35697: receive RaftClientReply:client-E41C008B94D2->cb20f782-9136-4144-a2ef-e44461d35697@group-EF222054BC57, cid=884, SUCCESS, logIndex=1281, commits[cb20f782-9136-4144-a2ef-e44461d35697:c1282]
2019-09-17 12:48:28,100 [SCMBlockDeletingService#0] DEBUG block.SCMBlockDeletingService (SCMBlockDeletingService.java:call(138)) - Running DeletedBlockTransactionScanner
2019-09-17 12:48:28,101 [SCMBlockDeletingService#0] DEBUG block.SCMBlockDeletingService (SCMBlockDeletingService.java:call(155)) - Scanned deleted blocks log and got 0 delTX to process.
2019-09-17 12:48:28,118 [grpc-default-executor-1] INFO  client.GrpcClientProtocolClient (GrpcClientProtocolClient.java:onNext(264)) - client-E41C008B94D2->cb20f782-9136-4144-a2ef-e44461d35697: receive RaftClientReply:client-E41C008B94D2->cb20f782-9136-4144-a2ef-e44461d35697@group-EF222054BC57, cid=885, SUCCESS, logIndex=1284, commits[cb20f782-9136-4144-a2ef-e44461d35697:c1285]
2019-09-17 12:48:28,118 [grpc-default-executor-1] INFO  client.GrpcClientProtocolClient (GrpcClientProtocolClient.java:onNext(264)) - client-E41C008B94D2->cb20f782-9136-4144-a2ef-e44461d35697: receive RaftClientReply:client-E41C008B94D2->cb20f782-9136-4144-a2ef-e44461d35697@group-EF222054BC57, cid=886, SUCCESS, logIndex=1285, commits[cb20f782-9136-4144-a2ef-e44461d35697:c1288]
2019-09-17 12:48:28,119 [grpc-default-executor-1] INFO  client.GrpcClientProtocolClient (GrpcClientProtocolClient.java:onNext(264)) - client-E41C008B94D2->cb20f782-9136-4144-a2ef-e44461d35697: receive RaftClientReply:client-E41C008B94D2->cb20f782-9136-4144-a2ef-e44461d35697@group-EF222054BC57, cid=887, SUCCESS, logIndex=1286, commits[cb20f782-9136-4144-a2ef-e44461d35697:c1289]
2019-09-17 12:48:28,119 [grpc-default-executor-1] INFO  client.GrpcClientProtocolClient (GrpcClientProtocolClient.java:onNext(264)) - client-E41C008B94D2->cb20f782-9136-4144-a2ef-e44461d35697: receive RaftClientReply:client-E41C008B94D2->cb20f782-9136-4144-a2ef-e44461d35697@group-EF222054BC57, cid=888, SUCCESS, logIndex=1287, commits[cb20f782-9136-4144-a2ef-e44461d35697:c1289]
2019-09-17 12:48:28,147 [grpc-default-executor-1] INFO  client.GrpcClientProtocolClient (GrpcClientProtocolClient.java:onNext(264)) - client-E41C008B94D2->cb20f782-9136-4144-a2ef-e44461d35697: receive RaftClientReply:client-E41C008B94D2->cb20f782-9136-4144-a2ef-e44461d35697@group-EF222054BC57, cid=889, SUCCESS, logIndex=1290, commits[cb20f782-9136-4144-a2ef-e44461d35697:c1291]
2019-09-17 12:48:28,147 [grpc-default-executor-1] INFO  client.GrpcClientProtocolClient (GrpcClientProtocolClient.java:onNext(264)) - client-E41C008B94D2->cb20f782-9136-4144-a2ef-e44461d35697: receive RaftClientReply:client-E41C008B94D2->cb20f782-9136-4144-a2ef-e44461d35697@group-EF222054BC57, cid=890, SUCCESS, logIndex=1291, commits[cb20f782-9136-4144-a2ef-e44461d35697:c1293]
2019-09-17 12:48:28,148 [grpc-default-executor-1] INFO  client.GrpcClientProtocolClient (GrpcClientProtocolClient.java:onNext(264)) - client-E41C008B94D2->cb20f782-9136-4144-a2ef-e44461d35697: receive RaftClientReply:client-E41C008B94D2->cb20f782-9136-4144-a2ef-e44461d35697@group-EF222054BC57, cid=891, SUCCESS, logIndex=1292, commits[cb20f782-9136-4144-a2ef-e44461d35697:c1293]
2019-09-17 12:48:28,148 [grpc-default-executor-1] INFO  client.GrpcClientProtocolClient (GrpcClientProtocolClient.java:onNext(264)) - client-E41C008B94D2->cb20f782-9136-4144-a2ef-e44461d35697: receive RaftClientReply:client-E41C008B94D2->cb20f782-9136-4144-a2ef-e44461d35697@group-EF222054BC57, cid=892, SUCCESS, logIndex=1293, commits[cb20f782-9136-4144-a2ef-e44461d35697:c1294]
2019-09-17 12:48:28,168 [grpc-default-executor-1] INFO  client.GrpcClientProtocolClient (GrpcClientProtocolClient.java:onNext(264)) - client-E41C008B94D2->cb20f782-9136-4144-a2ef-e44461d35697: receive RaftClientReply:client-E41C008B94D2->cb20f782-9136-4144-a2ef-e44461d35697@group-EF222054BC57, cid=893, SUCCESS, logIndex=1296, commits[cb20f782-9136-4144-a2ef-e44461d35697:c1297]
2019-09-17 12:48:28,169 [grpc-default-executor-1] INFO  client.GrpcClientProtocolClient (GrpcClientProtocolClient.java:onNext(264)) - client-E41C008B94D2->cb20f782-9136-4144-a2ef-e44461d35697: receive RaftClientReply:client-E41C008B94D2->cb20f782-9136-4144-a2ef-e44461d35697@group-EF222054BC57, cid=894, SUCCESS, logIndex=1297, commits[cb20f782-9136-4144-a2ef-e44461d35697:c1299]
2019-09-17 12:48:28,169 [grpc-default-executor-1] INFO  client.GrpcClientProtocolClient (GrpcClientProtocolClient.java:onNext(264)) - client-E41C008B94D2->cb20f782-9136-4144-a2ef-e44461d35697: receive RaftClientReply:client-E41C008B94D2->cb20f782-9136-4144-a2ef-e44461d35697@group-EF222054BC57, cid=895, SUCCESS, logIndex=1298, commits[cb20f782-9136-4144-a2ef-e44461d35697:c1300]
2019-09-17 12:48:28,170 [grpc-default-executor-1] INFO  client.GrpcClientProtocolClient (GrpcClientProtocolClient.java:onNext(264)) - client-E41C008B94D2->cb20f782-9136-4144-a2ef-e44461d35697: receive RaftClientReply:client-E41C008B94D2->cb20f782-9136-4144-a2ef-e44461d35697@group-EF222054BC57, cid=896, SUCCESS, logIndex=1299, commits[cb20f782-9136-4144-a2ef-e44461d35697:c1300]
2019-09-17 12:48:28,196 [grpc-default-executor-1] INFO  client.GrpcClientProtocolClient (GrpcClientProtocolClient.java:onNext(264)) - client-E41C008B94D2->cb20f782-9136-4144-a2ef-e44461d35697: receive RaftClientReply:client-E41C008B94D2->cb20f782-9136-4144-a2ef-e44461d35697@group-EF222054BC57, cid=897, SUCCESS, logIndex=1302, commits[cb20f782-9136-4144-a2ef-e44461d35697:c1303]
2019-09-17 12:48:28,197 [grpc-default-executor-1] INFO  client.GrpcClientProtocolClient (GrpcClientProtocolClient.java:onNext(264)) - client-E41C008B94D2->cb20f782-9136-4144-a2ef-e44461d35697: receive RaftClientReply:client-E41C008B94D2->cb20f782-9136-4144-a2ef-e44461d35697@group-EF222054BC57, cid=898, SUCCESS, logIndex=1303, commits[cb20f782-9136-4144-a2ef-e44461d35697:c1305]
2019-09-17 12:48:28,197 [grpc-default-executor-1] INFO  client.GrpcClientProtocolClient (GrpcClientProtocolClient.java:onNext(264)) - client-E41C008B94D2->cb20f782-9136-4144-a2ef-e44461d35697: receive RaftClientReply:client-E41C008B94D2->cb20f782-9136-4144-a2ef-e44461d35697@group-EF222054BC57, cid=899, SUCCESS, logIndex=1304, commits[cb20f782-9136-4144-a2ef-e44461d35697:c1306]
2019-09-17 12:48:28,197 [grpc-default-executor-1] INFO  client.GrpcClientProtocolClient (GrpcClientProtocolClient.java:onNext(264)) - client-E41C008B94D2->cb20f782-9136-4144-a2ef-e44461d35697: receive RaftClientReply:client-E41C008B94D2->cb20f782-9136-4144-a2ef-e44461d35697@group-EF222054BC57, cid=900, SUCCESS, logIndex=1305, commits[cb20f782-9136-4144-a2ef-e44461d35697:c1306]
2019-09-17 12:48:28,201 [SCMBlockDeletingService#0] DEBUG block.SCMBlockDeletingService (SCMBlockDeletingService.java:call(138)) - Running DeletedBlockTransactionScanner
2019-09-17 12:48:28,202 [SCMBlockDeletingService#0] DEBUG block.SCMBlockDeletingService (SCMBlockDeletingService.java:call(155)) - Scanned deleted blocks log and got 0 delTX to process.
2019-09-17 12:48:28,224 [grpc-default-executor-1] INFO  client.GrpcClientProtocolClient (GrpcClientProtocolClient.java:onNext(264)) - client-E41C008B94D2->cb20f782-9136-4144-a2ef-e44461d35697: receive RaftClientReply:client-E41C008B94D2->cb20f782-9136-4144-a2ef-e44461d35697@group-EF222054BC57, cid=901, SUCCESS, logIndex=1308, commits[cb20f782-9136-4144-a2ef-e44461d35697:c1309]
2019-09-17 12:48:28,224 [grpc-default-executor-1] INFO  client.GrpcClientProtocolClient (GrpcClientProtocolClient.java:onNext(264)) - client-E41C008B94D2->cb20f782-9136-4144-a2ef-e44461d35697: receive RaftClientReply:client-E41C008B94D2->cb20f782-9136-4144-a2ef-e44461d35697@group-EF222054BC57, cid=902, SUCCESS, logIndex=1309, commits[cb20f782-9136-4144-a2ef-e44461d35697:c1311]
2019-09-17 12:48:28,225 [grpc-default-executor-1] INFO  client.GrpcClientProtocolClient (GrpcClientProtocolClient.java:onNext(264)) - client-E41C008B94D2->cb20f782-9136-4144-a2ef-e44461d35697: receive RaftClientReply:client-E41C008B94D2->cb20f782-9136-4144-a2ef-e44461d35697@group-EF222054BC57, cid=903, SUCCESS, logIndex=1310, commits[cb20f782-9136-4144-a2ef-e44461d35697:c1312]
2019-09-17 12:48:28,225 [grpc-default-executor-1] INFO  client.GrpcClientProtocolClient (GrpcClientProtocolClient.java:onNext(264)) - client-E41C008B94D2->cb20f782-9136-4144-a2ef-e44461d35697: receive RaftClientReply:client-E41C008B94D2->cb20f782-9136-4144-a2ef-e44461d35697@group-EF222054BC57, cid=904, SUCCESS, logIndex=1311, commits[cb20f782-9136-4144-a2ef-e44461d35697:c1313]
2019-09-17 12:48:28,252 [grpc-default-executor-2] INFO  client.GrpcClientProtocolClient (GrpcClientProtocolClient.java:onNext(264)) - client-E41C008B94D2->cb20f782-9136-4144-a2ef-e44461d35697: receive RaftClientReply:client-E41C008B94D2->cb20f782-9136-4144-a2ef-e44461d35697@group-EF222054BC57, cid=905, SUCCESS, logIndex=1314, commits[cb20f782-9136-4144-a2ef-e44461d35697:c1315]
2019-09-17 12:48:28,252 [grpc-default-executor-2] INFO  client.GrpcClientProtocolClient (GrpcClientProtocolClient.java:onNext(264)) - client-E41C008B94D2->cb20f782-9136-4144-a2ef-e44461d35697: receive RaftClientReply:client-E41C008B94D2->cb20f782-9136-4144-a2ef-e44461d35697@group-EF222054BC57, cid=906, SUCCESS, logIndex=1315, commits[cb20f782-9136-4144-a2ef-e44461d35697:c1317]
2019-09-17 12:48:28,253 [grpc-default-executor-2] INFO  client.GrpcClientProtocolClient (GrpcClientProtocolClient.java:onNext(264)) - client-E41C008B94D2->cb20f782-9136-4144-a2ef-e44461d35697: receive RaftClientReply:client-E41C008B94D2->cb20f782-9136-4144-a2ef-e44461d35697@group-EF222054BC57, cid=907, SUCCESS, logIndex=1316, commits[cb20f782-9136-4144-a2ef-e44461d35697:c1318]
2019-09-17 12:48:28,253 [grpc-default-executor-2] INFO  client.GrpcClientProtocolClient (GrpcClientProtocolClient.java:onNext(264)) - client-E41C008B94D2->cb20f782-9136-4144-a2ef-e44461d35697: receive RaftClientReply:client-E41C008B94D2->cb20f782-9136-4144-a2ef-e44461d35697@group-EF222054BC57, cid=908, SUCCESS, logIndex=1317, commits[cb20f782-9136-4144-a2ef-e44461d35697:c1319]
2019-09-17 12:48:28,271 [grpc-default-executor-2] INFO  client.GrpcClientProtocolClient (GrpcClientProtocolClient.java:onNext(264)) - client-E41C008B94D2->cb20f782-9136-4144-a2ef-e44461d35697: receive RaftClientReply:client-E41C008B94D2->cb20f782-9136-4144-a2ef-e44461d35697@group-EF222054BC57, cid=909, SUCCESS, logIndex=1320, commits[cb20f782-9136-4144-a2ef-e44461d35697:c1321]
2019-09-17 12:48:28,272 [grpc-default-executor-2] INFO  client.GrpcClientProtocolClient (GrpcClientProtocolClient.java:onNext(264)) - client-E41C008B94D2->cb20f782-9136-4144-a2ef-e44461d35697: receive RaftClientReply:client-E41C008B94D2->cb20f782-9136-4144-a2ef-e44461d35697@group-EF222054BC57, cid=910, SUCCESS, logIndex=1321, commits[cb20f782-9136-4144-a2ef-e44461d35697:c1323]
2019-09-17 12:48:28,272 [grpc-default-executor-2] INFO  client.GrpcClientProtocolClient (GrpcClientProtocolClient.java:onNext(264)) - client-E41C008B94D2->cb20f782-9136-4144-a2ef-e44461d35697: receive RaftClientReply:client-E41C008B94D2->cb20f782-9136-4144-a2ef-e44461d35697@group-EF222054BC57, cid=911, SUCCESS, logIndex=1322, commits[cb20f782-9136-4144-a2ef-e44461d35697:c1323]
2019-09-17 12:48:28,273 [grpc-default-executor-2] INFO  client.GrpcClientProtocolClient (GrpcClientProtocolClient.java:onNext(264)) - client-E41C008B94D2->cb20f782-9136-4144-a2ef-e44461d35697: receive RaftClientReply:client-E41C008B94D2->cb20f782-9136-4144-a2ef-e44461d35697@group-EF222054BC57, cid=912, SUCCESS, logIndex=1323, commits[cb20f782-9136-4144-a2ef-e44461d35697:c1324]
2019-09-17 12:48:28,297 [grpc-default-executor-1] INFO  client.GrpcClientProtocolClient (GrpcClientProtocolClient.java:onNext(264)) - client-E41C008B94D2->cb20f782-9136-4144-a2ef-e44461d35697: receive RaftClientReply:client-E41C008B94D2->cb20f782-9136-4144-a2ef-e44461d35697@group-EF222054BC57, cid=913, SUCCESS, logIndex=1326, commits[cb20f782-9136-4144-a2ef-e44461d35697:c1327]
2019-09-17 12:48:28,298 [grpc-default-executor-1] INFO  client.GrpcClientProtocolClient (GrpcClientProtocolClient.java:onNext(264)) - client-E41C008B94D2->cb20f782-9136-4144-a2ef-e44461d35697: receive RaftClientReply:client-E41C008B94D2->cb20f782-9136-4144-a2ef-e44461d35697@group-EF222054BC57, cid=914, SUCCESS, logIndex=1327, commits[cb20f782-9136-4144-a2ef-e44461d35697:c1327]
2019-09-17 12:48:28,302 [SCMBlockDeletingService#0] DEBUG block.SCMBlockDeletingService (SCMBlockDeletingService.java:call(138)) - Running DeletedBlockTransactionScanner
2019-09-17 12:48:28,302 [SCMBlockDeletingService#0] DEBUG block.SCMBlockDeletingService (SCMBlockDeletingService.java:call(155)) - Scanned deleted blocks log and got 0 delTX to process.
2019-09-17 12:48:28,317 [grpc-default-executor-1] INFO  client.GrpcClientProtocolClient (GrpcClientProtocolClient.java:onNext(264)) - client-E41C008B94D2->cb20f782-9136-4144-a2ef-e44461d35697: receive RaftClientReply:client-E41C008B94D2->cb20f782-9136-4144-a2ef-e44461d35697@group-EF222054BC57, cid=915, SUCCESS, logIndex=1328, commits[cb20f782-9136-4144-a2ef-e44461d35697:c1329]
2019-09-17 12:48:28,318 [grpc-default-executor-1] INFO  client.GrpcClientProtocolClient (GrpcClientProtocolClient.java:onNext(264)) - client-E41C008B94D2->cb20f782-9136-4144-a2ef-e44461d35697: receive RaftClientReply:client-E41C008B94D2->cb20f782-9136-4144-a2ef-e44461d35697@group-EF222054BC57, cid=916, SUCCESS, logIndex=1329, commits[cb20f782-9136-4144-a2ef-e44461d35697:c1329]
2019-09-17 12:48:28,340 [grpc-default-executor-1] INFO  client.GrpcClientProtocolClient (GrpcClientProtocolClient.java:onNext(264)) - client-E41C008B94D2->cb20f782-9136-4144-a2ef-e44461d35697: receive RaftClientReply:client-E41C008B94D2->cb20f782-9136-4144-a2ef-e44461d35697@group-EF222054BC57, cid=917, SUCCESS, logIndex=1332, commits[cb20f782-9136-4144-a2ef-e44461d35697:c1335]
2019-09-17 12:48:28,340 [grpc-default-executor-1] INFO  client.GrpcClientProtocolClient (GrpcClientProtocolClient.java:onNext(264)) - client-E41C008B94D2->cb20f782-9136-4144-a2ef-e44461d35697: receive RaftClientReply:client-E41C008B94D2->cb20f782-9136-4144-a2ef-e44461d35697@group-EF222054BC57, cid=918, SUCCESS, logIndex=1333, commits[cb20f782-9136-4144-a2ef-e44461d35697:c1336]
2019-09-17 12:48:28,341 [grpc-default-executor-1] INFO  client.GrpcClientProtocolClient (GrpcClientProtocolClient.java:onNext(264)) - client-E41C008B94D2->cb20f782-9136-4144-a2ef-e44461d35697: receive RaftClientReply:client-E41C008B94D2->cb20f782-9136-4144-a2ef-e44461d35697@group-EF222054BC57, cid=919, SUCCESS, logIndex=1334, commits[cb20f782-9136-4144-a2ef-e44461d35697:c1336]
2019-09-17 12:48:28,341 [grpc-default-executor-1] INFO  client.GrpcClientProtocolClient (GrpcClientProtocolClient.java:onNext(264)) - client-E41C008B94D2->cb20f782-9136-4144-a2ef-e44461d35697: receive RaftClientReply:client-E41C008B94D2->cb20f782-9136-4144-a2ef-e44461d35697@group-EF222054BC57, cid=920, SUCCESS, logIndex=1335, commits[cb20f782-9136-4144-a2ef-e44461d35697:c1336]
2019-09-17 12:48:28,369 [grpc-default-executor-2] INFO  client.GrpcClientProtocolClient (GrpcClientProtocolClient.java:onNext(264)) - client-E41C008B94D2->cb20f782-9136-4144-a2ef-e44461d35697: receive RaftClientReply:client-E41C008B94D2->cb20f782-9136-4144-a2ef-e44461d35697@group-EF222054BC57, cid=921, SUCCESS, logIndex=1337, commits[cb20f782-9136-4144-a2ef-e44461d35697:c1338]
2019-09-17 12:48:28,369 [grpc-default-executor-2] INFO  client.GrpcClientProtocolClient (GrpcClientProtocolClient.java:onNext(264)) - client-E41C008B94D2->cb20f782-9136-4144-a2ef-e44461d35697: receive RaftClientReply:client-E41C008B94D2->cb20f782-9136-4144-a2ef-e44461d35697@group-EF222054BC57, cid=922, SUCCESS, logIndex=1338, commits[cb20f782-9136-4144-a2ef-e44461d35697:c1340]
2019-09-17 12:48:28,370 [grpc-default-executor-2] INFO  client.GrpcClientProtocolClient (GrpcClientProtocolClient.java:onNext(264)) - client-E41C008B94D2->cb20f782-9136-4144-a2ef-e44461d35697: receive RaftClientReply:client-E41C008B94D2->cb20f782-9136-4144-a2ef-e44461d35697@group-EF222054BC57, cid=923, SUCCESS, logIndex=1339, commits[cb20f782-9136-4144-a2ef-e44461d35697:c1340]
2019-09-17 12:48:28,370 [grpc-default-executor-2] INFO  client.GrpcClientProtocolClient (GrpcClientProtocolClient.java:onNext(264)) - client-E41C008B94D2->cb20f782-9136-4144-a2ef-e44461d35697: receive RaftClientReply:client-E41C008B94D2->cb20f782-9136-4144-a2ef-e44461d35697@group-EF222054BC57, cid=924, SUCCESS, logIndex=1340, commits[cb20f782-9136-4144-a2ef-e44461d35697:c1340]
2019-09-17 12:48:28,390 [grpc-default-executor-1] INFO  client.GrpcClientProtocolClient (GrpcClientProtocolClient.java:onNext(264)) - client-E41C008B94D2->cb20f782-9136-4144-a2ef-e44461d35697: receive RaftClientReply:client-E41C008B94D2->cb20f782-9136-4144-a2ef-e44461d35697@group-EF222054BC57, cid=925, SUCCESS, logIndex=1343, commits[cb20f782-9136-4144-a2ef-e44461d35697:c1344]
2019-09-17 12:48:28,391 [grpc-default-executor-1] INFO  client.GrpcClientProtocolClient (GrpcClientProtocolClient.java:onNext(264)) - client-E41C008B94D2->cb20f782-9136-4144-a2ef-e44461d35697: receive RaftClientReply:client-E41C008B94D2->cb20f782-9136-4144-a2ef-e44461d35697@group-EF222054BC57, cid=926, SUCCESS, logIndex=1344, commits[cb20f782-9136-4144-a2ef-e44461d35697:c1346]
2019-09-17 12:48:28,391 [grpc-default-executor-1] INFO  client.GrpcClientProtocolClient (GrpcClientProtocolClient.java:onNext(264)) - client-E41C008B94D2->cb20f782-9136-4144-a2ef-e44461d35697: receive RaftClientReply:client-E41C008B94D2->cb20f782-9136-4144-a2ef-e44461d35697@group-EF222054BC57, cid=927, SUCCESS, logIndex=1345, commits[cb20f782-9136-4144-a2ef-e44461d35697:c1347]
2019-09-17 12:48:28,392 [grpc-default-executor-1] INFO  client.GrpcClientProtocolClient (GrpcClientProtocolClient.java:onNext(264)) - client-E41C008B94D2->cb20f782-9136-4144-a2ef-e44461d35697: receive RaftClientReply:client-E41C008B94D2->cb20f782-9136-4144-a2ef-e44461d35697@group-EF222054BC57, cid=928, SUCCESS, logIndex=1346, commits[cb20f782-9136-4144-a2ef-e44461d35697:c1347]
2019-09-17 12:48:28,403 [SCMBlockDeletingService#0] DEBUG block.SCMBlockDeletingService (SCMBlockDeletingService.java:call(138)) - Running DeletedBlockTransactionScanner
2019-09-17 12:48:28,403 [SCMBlockDeletingService#0] DEBUG block.SCMBlockDeletingService (SCMBlockDeletingService.java:call(155)) - Scanned deleted blocks log and got 0 delTX to process.
2019-09-17 12:48:28,503 [SCMBlockDeletingService#0] DEBUG block.SCMBlockDeletingService (SCMBlockDeletingService.java:call(138)) - Running DeletedBlockTransactionScanner
2019-09-17 12:48:28,504 [SCMBlockDeletingService#0] DEBUG block.SCMBlockDeletingService (SCMBlockDeletingService.java:call(155)) - Scanned deleted blocks log and got 0 delTX to process.
2019-09-17 12:48:28,533 [grpc-default-executor-1] INFO  client.GrpcClientProtocolClient (GrpcClientProtocolClient.java:onNext(264)) - client-E41C008B94D2->cb20f782-9136-4144-a2ef-e44461d35697: receive RaftClientReply:client-E41C008B94D2->cb20f782-9136-4144-a2ef-e44461d35697@group-EF222054BC57, cid=929, SUCCESS, logIndex=1349, commits[cb20f782-9136-4144-a2ef-e44461d35697:c1350]
2019-09-17 12:48:28,534 [grpc-default-executor-1] INFO  client.GrpcClientProtocolClient (GrpcClientProtocolClient.java:onNext(264)) - client-E41C008B94D2->cb20f782-9136-4144-a2ef-e44461d35697: receive RaftClientReply:client-E41C008B94D2->cb20f782-9136-4144-a2ef-e44461d35697@group-EF222054BC57, cid=930, SUCCESS, logIndex=1350, commits[cb20f782-9136-4144-a2ef-e44461d35697:c1352]
2019-09-17 12:48:28,534 [grpc-default-executor-1] INFO  client.GrpcClientProtocolClient (GrpcClientProtocolClient.java:onNext(264)) - client-E41C008B94D2->cb20f782-9136-4144-a2ef-e44461d35697: receive RaftClientReply:client-E41C008B94D2->cb20f782-9136-4144-a2ef-e44461d35697@group-EF222054BC57, cid=931, SUCCESS, logIndex=1351, commits[cb20f782-9136-4144-a2ef-e44461d35697:c1352]
2019-09-17 12:48:28,535 [grpc-default-executor-1] INFO  client.GrpcClientProtocolClient (GrpcClientProtocolClient.java:onNext(264)) - client-E41C008B94D2->cb20f782-9136-4144-a2ef-e44461d35697: receive RaftClientReply:client-E41C008B94D2->cb20f782-9136-4144-a2ef-e44461d35697@group-EF222054BC57, cid=932, SUCCESS, logIndex=1352, commits[cb20f782-9136-4144-a2ef-e44461d35697:c1353]
2019-09-17 12:48:28,553 [grpc-default-executor-2] INFO  client.GrpcClientProtocolClient (GrpcClientProtocolClient.java:onNext(264)) - client-E41C008B94D2->cb20f782-9136-4144-a2ef-e44461d35697: receive RaftClientReply:client-E41C008B94D2->cb20f782-9136-4144-a2ef-e44461d35697@group-EF222054BC57, cid=933, SUCCESS, logIndex=1355, commits[cb20f782-9136-4144-a2ef-e44461d35697:c1356]
2019-09-17 12:48:28,553 [grpc-default-executor-2] INFO  client.GrpcClientProtocolClient (GrpcClientProtocolClient.java:onNext(264)) - client-E41C008B94D2->cb20f782-9136-4144-a2ef-e44461d35697: receive RaftClientReply:client-E41C008B94D2->cb20f782-9136-4144-a2ef-e44461d35697@group-EF222054BC57, cid=934, SUCCESS, logIndex=1356, commits[cb20f782-9136-4144-a2ef-e44461d35697:c1358]
2019-09-17 12:48:28,554 [grpc-default-executor-2] INFO  client.GrpcClientProtocolClient (GrpcClientProtocolClient.java:onNext(264)) - client-E41C008B94D2->cb20f782-9136-4144-a2ef-e44461d35697: receive RaftClientReply:client-E41C008B94D2->cb20f782-9136-4144-a2ef-e44461d35697@group-EF222054BC57, cid=935, SUCCESS, logIndex=1357, commits[cb20f782-9136-4144-a2ef-e44461d35697:c1358]
2019-09-17 12:48:28,554 [grpc-default-executor-2] INFO  client.GrpcClientProtocolClient (GrpcClientProtocolClient.java:onNext(264)) - client-E41C008B94D2->cb20f782-9136-4144-a2ef-e44461d35697: receive RaftClientReply:client-E41C008B94D2->cb20f782-9136-4144-a2ef-e44461d35697@group-EF222054BC57, cid=936, SUCCESS, logIndex=1358, commits[cb20f782-9136-4144-a2ef-e44461d35697:c1359]
2019-09-17 12:48:28,580 [grpc-default-executor-2] INFO  client.GrpcClientProtocolClient (GrpcClientProtocolClient.java:onNext(264)) - client-E41C008B94D2->cb20f782-9136-4144-a2ef-e44461d35697: receive RaftClientReply:client-E41C008B94D2->cb20f782-9136-4144-a2ef-e44461d35697@group-EF222054BC57, cid=937, SUCCESS, logIndex=1361, commits[cb20f782-9136-4144-a2ef-e44461d35697:c1362]
2019-09-17 12:48:28,581 [grpc-default-executor-2] INFO  client.GrpcClientProtocolClient (GrpcClientProtocolClient.java:onNext(264)) - client-E41C008B94D2->cb20f782-9136-4144-a2ef-e44461d35697: receive RaftClientReply:client-E41C008B94D2->cb20f782-9136-4144-a2ef-e44461d35697@group-EF222054BC57, cid=938, SUCCESS, logIndex=1362, commits[cb20f782-9136-4144-a2ef-e44461d35697:c1364]
2019-09-17 12:48:28,581 [grpc-default-executor-2] INFO  client.GrpcClientProtocolClient (GrpcClientProtocolClient.java:onNext(264)) - client-E41C008B94D2->cb20f782-9136-4144-a2ef-e44461d35697: receive RaftClientReply:client-E41C008B94D2->cb20f782-9136-4144-a2ef-e44461d35697@group-EF222054BC57, cid=939, SUCCESS, logIndex=1363, commits[cb20f782-9136-4144-a2ef-e44461d35697:c1365]
2019-09-17 12:48:28,582 [grpc-default-executor-2] INFO  client.GrpcClientProtocolClient (GrpcClientProtocolClient.java:onNext(264)) - client-E41C008B94D2->cb20f782-9136-4144-a2ef-e44461d35697: receive RaftClientReply:client-E41C008B94D2->cb20f782-9136-4144-a2ef-e44461d35697@group-EF222054BC57, cid=940, SUCCESS, logIndex=1364, commits[cb20f782-9136-4144-a2ef-e44461d35697:c1366]
2019-09-17 12:48:28,600 [grpc-default-executor-2] INFO  client.GrpcClientProtocolClient (GrpcClientProtocolClient.java:onNext(264)) - client-E41C008B94D2->cb20f782-9136-4144-a2ef-e44461d35697: receive RaftClientReply:client-E41C008B94D2->cb20f782-9136-4144-a2ef-e44461d35697@group-EF222054BC57, cid=941, SUCCESS, logIndex=1367, commits[cb20f782-9136-4144-a2ef-e44461d35697:c1368]
2019-09-17 12:48:28,601 [grpc-default-executor-2] INFO  client.GrpcClientProtocolClient (GrpcClientProtocolClient.java:onNext(264)) - client-E41C008B94D2->cb20f782-9136-4144-a2ef-e44461d35697: receive RaftClientReply:client-E41C008B94D2->cb20f782-9136-4144-a2ef-e44461d35697@group-EF222054BC57, cid=942, SUCCESS, logIndex=1368, commits[cb20f782-9136-4144-a2ef-e44461d35697:c1370]
2019-09-17 12:48:28,601 [grpc-default-executor-2] INFO  client.GrpcClientProtocolClient (GrpcClientProtocolClient.java:onNext(264)) - client-E41C008B94D2->cb20f782-9136-4144-a2ef-e44461d35697: receive RaftClientReply:client-E41C008B94D2->cb20f782-9136-4144-a2ef-e44461d35697@group-EF222054BC57, cid=943, SUCCESS, logIndex=1369, commits[cb20f782-9136-4144-a2ef-e44461d35697:c1371]
2019-09-17 12:48:28,602 [grpc-default-executor-2] INFO  client.GrpcClientProtocolClient (GrpcClientProtocolClient.java:onNext(264)) - client-E41C008B94D2->cb20f782-9136-4144-a2ef-e44461d35697: receive RaftClientReply:client-E41C008B94D2->cb20f782-9136-4144-a2ef-e44461d35697@group-EF222054BC57, cid=944, SUCCESS, logIndex=1370, commits[cb20f782-9136-4144-a2ef-e44461d35697:c1372]
2019-09-17 12:48:28,604 [SCMBlockDeletingService#0] DEBUG block.SCMBlockDeletingService (SCMBlockDeletingService.java:call(138)) - Running DeletedBlockTransactionScanner
2019-09-17 12:48:28,604 [SCMBlockDeletingService#0] DEBUG block.SCMBlockDeletingService (SCMBlockDeletingService.java:call(155)) - Scanned deleted blocks log and got 0 delTX to process.
2019-09-17 12:48:28,630 [grpc-default-executor-2] INFO  client.GrpcClientProtocolClient (GrpcClientProtocolClient.java:onNext(264)) - client-E41C008B94D2->cb20f782-9136-4144-a2ef-e44461d35697: receive RaftClientReply:client-E41C008B94D2->cb20f782-9136-4144-a2ef-e44461d35697@group-EF222054BC57, cid=945, SUCCESS, logIndex=1373, commits[cb20f782-9136-4144-a2ef-e44461d35697:c1376]
2019-09-17 12:48:28,630 [grpc-default-executor-2] INFO  client.GrpcClientProtocolClient (GrpcClientProtocolClient.java:onNext(264)) - client-E41C008B94D2->cb20f782-9136-4144-a2ef-e44461d35697: receive RaftClientReply:client-E41C008B94D2->cb20f782-9136-4144-a2ef-e44461d35697@group-EF222054BC57, cid=946, SUCCESS, logIndex=1374, commits[cb20f782-9136-4144-a2ef-e44461d35697:c1377]
2019-09-17 12:48:28,631 [grpc-default-executor-2] INFO  client.GrpcClientProtocolClient (GrpcClientProtocolClient.java:onNext(264)) - client-E41C008B94D2->cb20f782-9136-4144-a2ef-e44461d35697: receive RaftClientReply:client-E41C008B94D2->cb20f782-9136-4144-a2ef-e44461d35697@group-EF222054BC57, cid=947, SUCCESS, logIndex=1375, commits[cb20f782-9136-4144-a2ef-e44461d35697:c1377]
2019-09-17 12:48:28,631 [grpc-default-executor-2] INFO  client.GrpcClientProtocolClient (GrpcClientProtocolClient.java:onNext(264)) - client-E41C008B94D2->cb20f782-9136-4144-a2ef-e44461d35697: receive RaftClientReply:client-E41C008B94D2->cb20f782-9136-4144-a2ef-e44461d35697@group-EF222054BC57, cid=948, SUCCESS, logIndex=1376, commits[cb20f782-9136-4144-a2ef-e44461d35697:c1377]
2019-09-17 12:48:28,653 [grpc-default-executor-2] INFO  client.GrpcClientProtocolClient (GrpcClientProtocolClient.java:onNext(264)) - client-E41C008B94D2->cb20f782-9136-4144-a2ef-e44461d35697: receive RaftClientReply:client-E41C008B94D2->cb20f782-9136-4144-a2ef-e44461d35697@group-EF222054BC57, cid=949, SUCCESS, logIndex=1378, commits[cb20f782-9136-4144-a2ef-e44461d35697:c1381]
2019-09-17 12:48:28,654 [grpc-default-executor-2] INFO  client.GrpcClientProtocolClient (GrpcClientProtocolClient.java:onNext(264)) - client-E41C008B94D2->cb20f782-9136-4144-a2ef-e44461d35697: receive RaftClientReply:client-E41C008B94D2->cb20f782-9136-4144-a2ef-e44461d35697@group-EF222054BC57, cid=950, SUCCESS, logIndex=1379, commits[cb20f782-9136-4144-a2ef-e44461d35697:c1382]
2019-09-17 12:48:28,654 [grpc-default-executor-2] INFO  client.GrpcClientProtocolClient (GrpcClientProtocolClient.java:onNext(264)) - client-E41C008B94D2->cb20f782-9136-4144-a2ef-e44461d35697: receive RaftClientReply:client-E41C008B94D2->cb20f782-9136-4144-a2ef-e44461d35697@group-EF222054BC57, cid=951, SUCCESS, logIndex=1380, commits[cb20f782-9136-4144-a2ef-e44461d35697:c1382]
2019-09-17 12:48:28,654 [grpc-default-executor-2] INFO  client.GrpcClientProtocolClient (GrpcClientProtocolClient.java:onNext(264)) - client-E41C008B94D2->cb20f782-9136-4144-a2ef-e44461d35697: receive RaftClientReply:client-E41C008B94D2->cb20f782-9136-4144-a2ef-e44461d35697@group-EF222054BC57, cid=952, SUCCESS, logIndex=1381, commits[cb20f782-9136-4144-a2ef-e44461d35697:c1382]
2019-09-17 12:48:28,681 [grpc-default-executor-2] INFO  client.GrpcClientProtocolClient (GrpcClientProtocolClient.java:onNext(264)) - client-E41C008B94D2->cb20f782-9136-4144-a2ef-e44461d35697: receive RaftClientReply:client-E41C008B94D2->cb20f782-9136-4144-a2ef-e44461d35697@group-EF222054BC57, cid=953, SUCCESS, logIndex=1383, commits[cb20f782-9136-4144-a2ef-e44461d35697:c1384]
2019-09-17 12:48:28,682 [grpc-default-executor-2] INFO  client.GrpcClientProtocolClient (GrpcClientProtocolClient.java:onNext(264)) - client-E41C008B94D2->cb20f782-9136-4144-a2ef-e44461d35697: receive RaftClientReply:client-E41C008B94D2->cb20f782-9136-4144-a2ef-e44461d35697@group-EF222054BC57, cid=954, SUCCESS, logIndex=1384, commits[cb20f782-9136-4144-a2ef-e44461d35697:c1386]
2019-09-17 12:48:28,682 [grpc-default-executor-2] INFO  client.GrpcClientProtocolClient (GrpcClientProtocolClient.java:onNext(264)) - client-E41C008B94D2->cb20f782-9136-4144-a2ef-e44461d35697: receive RaftClientReply:client-E41C008B94D2->cb20f782-9136-4144-a2ef-e44461d35697@group-EF222054BC57, cid=955, SUCCESS, logIndex=1385, commits[cb20f782-9136-4144-a2ef-e44461d35697:c1387]
2019-09-17 12:48:28,682 [grpc-default-executor-2] INFO  client.GrpcClientProtocolClient (GrpcClientProtocolClient.java:onNext(264)) - client-E41C008B94D2->cb20f782-9136-4144-a2ef-e44461d35697: receive RaftClientReply:client-E41C008B94D2->cb20f782-9136-4144-a2ef-e44461d35697@group-EF222054BC57, cid=956, SUCCESS, logIndex=1386, commits[cb20f782-9136-4144-a2ef-e44461d35697:c1387]
2019-09-17 12:48:28,701 [grpc-default-executor-2] INFO  client.GrpcClientProtocolClient (GrpcClientProtocolClient.java:onNext(264)) - client-E41C008B94D2->cb20f782-9136-4144-a2ef-e44461d35697: receive RaftClientReply:client-E41C008B94D2->cb20f782-9136-4144-a2ef-e44461d35697@group-EF222054BC57, cid=957, SUCCESS, logIndex=1389, commits[cb20f782-9136-4144-a2ef-e44461d35697:c1390]
2019-09-17 12:48:28,702 [grpc-default-executor-2] INFO  client.GrpcClientProtocolClient (GrpcClientProtocolClient.java:onNext(264)) - client-E41C008B94D2->cb20f782-9136-4144-a2ef-e44461d35697: receive RaftClientReply:client-E41C008B94D2->cb20f782-9136-4144-a2ef-e44461d35697@group-EF222054BC57, cid=958, SUCCESS, logIndex=1390, commits[cb20f782-9136-4144-a2ef-e44461d35697:c1392]
2019-09-17 12:48:28,702 [grpc-default-executor-2] INFO  client.GrpcClientProtocolClient (GrpcClientProtocolClient.java:onNext(264)) - client-E41C008B94D2->cb20f782-9136-4144-a2ef-e44461d35697: receive RaftClientReply:client-E41C008B94D2->cb20f782-9136-4144-a2ef-e44461d35697@group-EF222054BC57, cid=959, SUCCESS, logIndex=1391, commits[cb20f782-9136-4144-a2ef-e44461d35697:c1393]
2019-09-17 12:48:28,703 [grpc-default-executor-2] INFO  client.GrpcClientProtocolClient (GrpcClientProtocolClient.java:onNext(264)) - client-E41C008B94D2->cb20f782-9136-4144-a2ef-e44461d35697: receive RaftClientReply:client-E41C008B94D2->cb20f782-9136-4144-a2ef-e44461d35697@group-EF222054BC57, cid=960, SUCCESS, logIndex=1392, commits[cb20f782-9136-4144-a2ef-e44461d35697:c1394]
2019-09-17 12:48:28,705 [SCMBlockDeletingService#0] DEBUG block.SCMBlockDeletingService (SCMBlockDeletingService.java:call(138)) - Running DeletedBlockTransactionScanner
2019-09-17 12:48:28,705 [SCMBlockDeletingService#0] DEBUG block.SCMBlockDeletingService (SCMBlockDeletingService.java:call(155)) - Scanned deleted blocks log and got 0 delTX to process.
2019-09-17 12:48:28,728 [grpc-default-executor-2] INFO  client.GrpcClientProtocolClient (GrpcClientProtocolClient.java:onNext(264)) - client-E41C008B94D2->cb20f782-9136-4144-a2ef-e44461d35697: receive RaftClientReply:client-E41C008B94D2->cb20f782-9136-4144-a2ef-e44461d35697@group-EF222054BC57, cid=961, SUCCESS, logIndex=1395, commits[cb20f782-9136-4144-a2ef-e44461d35697:c1396]
2019-09-17 12:48:28,729 [grpc-default-executor-2] INFO  client.GrpcClientProtocolClient (GrpcClientProtocolClient.java:onNext(264)) - client-E41C008B94D2->cb20f782-9136-4144-a2ef-e44461d35697: receive RaftClientReply:client-E41C008B94D2->cb20f782-9136-4144-a2ef-e44461d35697@group-EF222054BC57, cid=962, SUCCESS, logIndex=1396, commits[cb20f782-9136-4144-a2ef-e44461d35697:c1398]
2019-09-17 12:48:28,729 [grpc-default-executor-2] INFO  client.GrpcClientProtocolClient (GrpcClientProtocolClient.java:onNext(264)) - client-E41C008B94D2->cb20f782-9136-4144-a2ef-e44461d35697: receive RaftClientReply:client-E41C008B94D2->cb20f782-9136-4144-a2ef-e44461d35697@group-EF222054BC57, cid=963, SUCCESS, logIndex=1397, commits[cb20f782-9136-4144-a2ef-e44461d35697:c1398]
2019-09-17 12:48:28,730 [grpc-default-executor-2] INFO  client.GrpcClientProtocolClient (GrpcClientProtocolClient.java:onNext(264)) - client-E41C008B94D2->cb20f782-9136-4144-a2ef-e44461d35697: receive RaftClientReply:client-E41C008B94D2->cb20f782-9136-4144-a2ef-e44461d35697@group-EF222054BC57, cid=964, SUCCESS, logIndex=1398, commits[cb20f782-9136-4144-a2ef-e44461d35697:c1399]
2019-09-17 12:48:28,748 [grpc-default-executor-2] INFO  client.GrpcClientProtocolClient (GrpcClientProtocolClient.java:onNext(264)) - client-E41C008B94D2->cb20f782-9136-4144-a2ef-e44461d35697: receive RaftClientReply:client-E41C008B94D2->cb20f782-9136-4144-a2ef-e44461d35697@group-EF222054BC57, cid=965, SUCCESS, logIndex=1401, commits[cb20f782-9136-4144-a2ef-e44461d35697:c1402]
2019-09-17 12:48:28,749 [grpc-default-executor-2] INFO  client.GrpcClientProtocolClient (GrpcClientProtocolClient.java:onNext(264)) - client-E41C008B94D2->cb20f782-9136-4144-a2ef-e44461d35697: receive RaftClientReply:client-E41C008B94D2->cb20f782-9136-4144-a2ef-e44461d35697@group-EF222054BC57, cid=966, SUCCESS, logIndex=1402, commits[cb20f782-9136-4144-a2ef-e44461d35697:c1404]
2019-09-17 12:48:28,749 [grpc-default-executor-2] INFO  client.GrpcClientProtocolClient (GrpcClientProtocolClient.java:onNext(264)) - client-E41C008B94D2->cb20f782-9136-4144-a2ef-e44461d35697: receive RaftClientReply:client-E41C008B94D2->cb20f782-9136-4144-a2ef-e44461d35697@group-EF222054BC57, cid=967, SUCCESS, logIndex=1403, commits[cb20f782-9136-4144-a2ef-e44461d35697:c1404]
2019-09-17 12:48:28,749 [grpc-default-executor-2] INFO  client.GrpcClientProtocolClient (GrpcClientProtocolClient.java:onNext(264)) - client-E41C008B94D2->cb20f782-9136-4144-a2ef-e44461d35697: receive RaftClientReply:client-E41C008B94D2->cb20f782-9136-4144-a2ef-e44461d35697@group-EF222054BC57, cid=968, SUCCESS, logIndex=1404, commits[cb20f782-9136-4144-a2ef-e44461d35697:c1405]
2019-09-17 12:48:28,773 [grpc-default-executor-1] INFO  client.GrpcClientProtocolClient (GrpcClientProtocolClient.java:onNext(264)) - client-E41C008B94D2->cb20f782-9136-4144-a2ef-e44461d35697: receive RaftClientReply:client-E41C008B94D2->cb20f782-9136-4144-a2ef-e44461d35697@group-EF222054BC57, cid=969, SUCCESS, logIndex=1407, commits[cb20f782-9136-4144-a2ef-e44461d35697:c1408]
2019-09-17 12:48:28,773 [grpc-default-executor-1] INFO  client.GrpcClientProtocolClient (GrpcClientProtocolClient.java:onNext(264)) - client-E41C008B94D2->cb20f782-9136-4144-a2ef-e44461d35697: receive RaftClientReply:client-E41C008B94D2->cb20f782-9136-4144-a2ef-e44461d35697@group-EF222054BC57, cid=970, SUCCESS, logIndex=1408, commits[cb20f782-9136-4144-a2ef-e44461d35697:c1410]
2019-09-17 12:48:28,774 [grpc-default-executor-1] INFO  client.GrpcClientProtocolClient (GrpcClientProtocolClient.java:onNext(264)) - client-E41C008B94D2->cb20f782-9136-4144-a2ef-e44461d35697: receive RaftClientReply:client-E41C008B94D2->cb20f782-9136-4144-a2ef-e44461d35697@group-EF222054BC57, cid=971, SUCCESS, logIndex=1409, commits[cb20f782-9136-4144-a2ef-e44461d35697:c1410]
2019-09-17 12:48:28,774 [grpc-default-executor-1] INFO  client.GrpcClientProtocolClient (GrpcClientProtocolClient.java:onNext(264)) - client-E41C008B94D2->cb20f782-9136-4144-a2ef-e44461d35697: receive RaftClientReply:client-E41C008B94D2->cb20f782-9136-4144-a2ef-e44461d35697@group-EF222054BC57, cid=972, SUCCESS, logIndex=1410, commits[cb20f782-9136-4144-a2ef-e44461d35697:c1411]
2019-09-17 12:48:28,842 [SCMBlockDeletingService#0] DEBUG block.SCMBlockDeletingService (SCMBlockDeletingService.java:call(138)) - Running DeletedBlockTransactionScanner
2019-09-17 12:48:28,842 [SCMBlockDeletingService#0] DEBUG block.SCMBlockDeletingService (SCMBlockDeletingService.java:call(155)) - Scanned deleted blocks log and got 0 delTX to process.
2019-09-17 12:48:28,942 [SCMBlockDeletingService#0] DEBUG block.SCMBlockDeletingService (SCMBlockDeletingService.java:call(138)) - Running DeletedBlockTransactionScanner
2019-09-17 12:48:28,943 [SCMBlockDeletingService#0] DEBUG block.SCMBlockDeletingService (SCMBlockDeletingService.java:call(155)) - Scanned deleted blocks log and got 0 delTX to process.
2019-09-17 12:48:28,960 [grpc-default-executor-1] INFO  client.GrpcClientProtocolClient (GrpcClientProtocolClient.java:onNext(264)) - client-E41C008B94D2->cb20f782-9136-4144-a2ef-e44461d35697: receive RaftClientReply:client-E41C008B94D2->cb20f782-9136-4144-a2ef-e44461d35697@group-EF222054BC57, cid=973, SUCCESS, logIndex=1413, commits[cb20f782-9136-4144-a2ef-e44461d35697:c1414]
2019-09-17 12:48:28,967 [grpc-default-executor-1] INFO  client.GrpcClientProtocolClient (GrpcClientProtocolClient.java:onNext(264)) - client-E41C008B94D2->cb20f782-9136-4144-a2ef-e44461d35697: receive RaftClientReply:client-E41C008B94D2->cb20f782-9136-4144-a2ef-e44461d35697@group-EF222054BC57, cid=974, SUCCESS, logIndex=1414, commits[cb20f782-9136-4144-a2ef-e44461d35697:c1414]
2019-09-17 12:48:28,976 [grpc-default-executor-1] INFO  client.GrpcClientProtocolClient (GrpcClientProtocolClient.java:onNext(264)) - client-E41C008B94D2->cb20f782-9136-4144-a2ef-e44461d35697: receive RaftClientReply:client-E41C008B94D2->cb20f782-9136-4144-a2ef-e44461d35697@group-EF222054BC57, cid=975, SUCCESS, logIndex=1415, commits[cb20f782-9136-4144-a2ef-e44461d35697:c1416]
2019-09-17 12:48:28,976 [grpc-default-executor-1] INFO  client.GrpcClientProtocolClient (GrpcClientProtocolClient.java:onNext(264)) - client-E41C008B94D2->cb20f782-9136-4144-a2ef-e44461d35697: receive RaftClientReply:client-E41C008B94D2->cb20f782-9136-4144-a2ef-e44461d35697@group-EF222054BC57, cid=976, SUCCESS, logIndex=1416, commits[cb20f782-9136-4144-a2ef-e44461d35697:c1416]
2019-09-17 12:48:29,004 [grpc-default-executor-1] INFO  client.GrpcClientProtocolClient (GrpcClientProtocolClient.java:onNext(264)) - client-E41C008B94D2->cb20f782-9136-4144-a2ef-e44461d35697: receive RaftClientReply:client-E41C008B94D2->cb20f782-9136-4144-a2ef-e44461d35697@group-EF222054BC57, cid=977, SUCCESS, logIndex=1419, commits[cb20f782-9136-4144-a2ef-e44461d35697:c1422]
2019-09-17 12:48:29,004 [grpc-default-executor-1] INFO  client.GrpcClientProtocolClient (GrpcClientProtocolClient.java:onNext(264)) - client-E41C008B94D2->cb20f782-9136-4144-a2ef-e44461d35697: receive RaftClientReply:client-E41C008B94D2->cb20f782-9136-4144-a2ef-e44461d35697@group-EF222054BC57, cid=978, SUCCESS, logIndex=1420, commits[cb20f782-9136-4144-a2ef-e44461d35697:c1423]
2019-09-17 12:48:29,004 [grpc-default-executor-1] INFO  client.GrpcClientProtocolClient (GrpcClientProtocolClient.java:onNext(264)) - client-E41C008B94D2->cb20f782-9136-4144-a2ef-e44461d35697: receive RaftClientReply:client-E41C008B94D2->cb20f782-9136-4144-a2ef-e44461d35697@group-EF222054BC57, cid=979, SUCCESS, logIndex=1421, commits[cb20f782-9136-4144-a2ef-e44461d35697:c1423]
2019-09-17 12:48:29,005 [grpc-default-executor-1] INFO  client.GrpcClientProtocolClient (GrpcClientProtocolClient.java:onNext(264)) - client-E41C008B94D2->cb20f782-9136-4144-a2ef-e44461d35697: receive RaftClientReply:client-E41C008B94D2->cb20f782-9136-4144-a2ef-e44461d35697@group-EF222054BC57, cid=980, SUCCESS, logIndex=1422, commits[cb20f782-9136-4144-a2ef-e44461d35697:c1423]
2019-09-17 12:48:29,023 [grpc-default-executor-2] INFO  client.GrpcClientProtocolClient (GrpcClientProtocolClient.java:onNext(264)) - client-E41C008B94D2->cb20f782-9136-4144-a2ef-e44461d35697: receive RaftClientReply:client-E41C008B94D2->cb20f782-9136-4144-a2ef-e44461d35697@group-EF222054BC57, cid=981, SUCCESS, logIndex=1424, commits[cb20f782-9136-4144-a2ef-e44461d35697:c1425]
2019-09-17 12:48:29,023 [grpc-default-executor-2] INFO  client.GrpcClientProtocolClient (GrpcClientProtocolClient.java:onNext(264)) - client-E41C008B94D2->cb20f782-9136-4144-a2ef-e44461d35697: receive RaftClientReply:client-E41C008B94D2->cb20f782-9136-4144-a2ef-e44461d35697@group-EF222054BC57, cid=982, SUCCESS, logIndex=1425, commits[cb20f782-9136-4144-a2ef-e44461d35697:c1427]
2019-09-17 12:48:29,023 [grpc-default-executor-2] INFO  client.GrpcClientProtocolClient (GrpcClientProtocolClient.java:onNext(264)) - client-E41C008B94D2->cb20f782-9136-4144-a2ef-e44461d35697: receive RaftClientReply:client-E41C008B94D2->cb20f782-9136-4144-a2ef-e44461d35697@group-EF222054BC57, cid=983, SUCCESS, logIndex=1426, commits[cb20f782-9136-4144-a2ef-e44461d35697:c1427]
2019-09-17 12:48:29,024 [grpc-default-executor-2] INFO  client.GrpcClientProtocolClient (GrpcClientProtocolClient.java:onNext(264)) - client-E41C008B94D2->cb20f782-9136-4144-a2ef-e44461d35697: receive RaftClientReply:client-E41C008B94D2->cb20f782-9136-4144-a2ef-e44461d35697@group-EF222054BC57, cid=984, SUCCESS, logIndex=1427, commits[cb20f782-9136-4144-a2ef-e44461d35697:c1427]
2019-09-17 12:48:29,043 [SCMBlockDeletingService#0] DEBUG block.SCMBlockDeletingService (SCMBlockDeletingService.java:call(138)) - Running DeletedBlockTransactionScanner
2019-09-17 12:48:29,043 [SCMBlockDeletingService#0] DEBUG block.SCMBlockDeletingService (SCMBlockDeletingService.java:call(155)) - Scanned deleted blocks log and got 0 delTX to process.
2019-09-17 12:48:29,049 [grpc-default-executor-1] INFO  client.GrpcClientProtocolClient (GrpcClientProtocolClient.java:onNext(264)) - client-E41C008B94D2->cb20f782-9136-4144-a2ef-e44461d35697: receive RaftClientReply:client-E41C008B94D2->cb20f782-9136-4144-a2ef-e44461d35697@group-EF222054BC57, cid=985, SUCCESS, logIndex=1430, commits[cb20f782-9136-4144-a2ef-e44461d35697:c1433]
2019-09-17 12:48:29,049 [grpc-default-executor-1] INFO  client.GrpcClientProtocolClient (GrpcClientProtocolClient.java:onNext(264)) - client-E41C008B94D2->cb20f782-9136-4144-a2ef-e44461d35697: receive RaftClientReply:client-E41C008B94D2->cb20f782-9136-4144-a2ef-e44461d35697@group-EF222054BC57, cid=986, SUCCESS, logIndex=1431, commits[cb20f782-9136-4144-a2ef-e44461d35697:c1434]
2019-09-17 12:48:29,050 [grpc-default-executor-1] INFO  client.GrpcClientProtocolClient (GrpcClientProtocolClient.java:onNext(264)) - client-E41C008B94D2->cb20f782-9136-4144-a2ef-e44461d35697: receive RaftClientReply:client-E41C008B94D2->cb20f782-9136-4144-a2ef-e44461d35697@group-EF222054BC57, cid=987, SUCCESS, logIndex=1432, commits[cb20f782-9136-4144-a2ef-e44461d35697:c1434]
2019-09-17 12:48:29,050 [grpc-default-executor-1] INFO  client.GrpcClientProtocolClient (GrpcClientProtocolClient.java:onNext(264)) - client-E41C008B94D2->cb20f782-9136-4144-a2ef-e44461d35697: receive RaftClientReply:client-E41C008B94D2->cb20f782-9136-4144-a2ef-e44461d35697@group-EF222054BC57, cid=988, SUCCESS, logIndex=1433, commits[cb20f782-9136-4144-a2ef-e44461d35697:c1434]
2019-09-17 12:48:29,069 [grpc-default-executor-1] INFO  client.GrpcClientProtocolClient (GrpcClientProtocolClient.java:onNext(264)) - client-E41C008B94D2->cb20f782-9136-4144-a2ef-e44461d35697: receive RaftClientReply:client-E41C008B94D2->cb20f782-9136-4144-a2ef-e44461d35697@group-EF222054BC57, cid=989, SUCCESS, logIndex=1435, commits[cb20f782-9136-4144-a2ef-e44461d35697:c1438]
2019-09-17 12:48:29,070 [grpc-default-executor-1] INFO  client.GrpcClientProtocolClient (GrpcClientProtocolClient.java:onNext(264)) - client-E41C008B94D2->cb20f782-9136-4144-a2ef-e44461d35697: receive RaftClientReply:client-E41C008B94D2->cb20f782-9136-4144-a2ef-e44461d35697@group-EF222054BC57, cid=990, SUCCESS, logIndex=1436, commits[cb20f782-9136-4144-a2ef-e44461d35697:c1439]
2019-09-17 12:48:29,070 [grpc-default-executor-1] INFO  client.GrpcClientProtocolClient (GrpcClientProtocolClient.java:onNext(264)) - client-E41C008B94D2->cb20f782-9136-4144-a2ef-e44461d35697: receive RaftClientReply:client-E41C008B94D2->cb20f782-9136-4144-a2ef-e44461d35697@group-EF222054BC57, cid=991, SUCCESS, logIndex=1437, commits[cb20f782-9136-4144-a2ef-e44461d35697:c1439]
2019-09-17 12:48:29,070 [grpc-default-executor-1] INFO  client.GrpcClientProtocolClient (GrpcClientProtocolClient.java:onNext(264)) - client-E41C008B94D2->cb20f782-9136-4144-a2ef-e44461d35697: receive RaftClientReply:client-E41C008B94D2->cb20f782-9136-4144-a2ef-e44461d35697@group-EF222054BC57, cid=992, SUCCESS, logIndex=1438, commits[cb20f782-9136-4144-a2ef-e44461d35697:c1439]
2019-09-17 12:48:29,094 [grpc-default-executor-1] INFO  client.GrpcClientProtocolClient (GrpcClientProtocolClient.java:onNext(264)) - client-E41C008B94D2->cb20f782-9136-4144-a2ef-e44461d35697: receive RaftClientReply:client-E41C008B94D2->cb20f782-9136-4144-a2ef-e44461d35697@group-EF222054BC57, cid=993, SUCCESS, logIndex=1440, commits[cb20f782-9136-4144-a2ef-e44461d35697:c1441]
2019-09-17 12:48:29,094 [grpc-default-executor-1] INFO  client.GrpcClientProtocolClient (GrpcClientProtocolClient.java:onNext(264)) - client-E41C008B94D2->cb20f782-9136-4144-a2ef-e44461d35697: receive RaftClientReply:client-E41C008B94D2->cb20f782-9136-4144-a2ef-e44461d35697@group-EF222054BC57, cid=994, SUCCESS, logIndex=1441, commits[cb20f782-9136-4144-a2ef-e44461d35697:c1443]
2019-09-17 12:48:29,095 [grpc-default-executor-1] INFO  client.GrpcClientProtocolClient (GrpcClientProtocolClient.java:onNext(264)) - client-E41C008B94D2->cb20f782-9136-4144-a2ef-e44461d35697: receive RaftClientReply:client-E41C008B94D2->cb20f782-9136-4144-a2ef-e44461d35697@group-EF222054BC57, cid=995, SUCCESS, logIndex=1442, commits[cb20f782-9136-4144-a2ef-e44461d35697:c1443]
2019-09-17 12:48:29,095 [grpc-default-executor-1] INFO  client.GrpcClientProtocolClient (GrpcClientProtocolClient.java:onNext(264)) - client-E41C008B94D2->cb20f782-9136-4144-a2ef-e44461d35697: receive RaftClientReply:client-E41C008B94D2->cb20f782-9136-4144-a2ef-e44461d35697@group-EF222054BC57, cid=996, SUCCESS, logIndex=1443, commits[cb20f782-9136-4144-a2ef-e44461d35697:c1444]
2019-09-17 12:48:29,112 [grpc-default-executor-2] INFO  client.GrpcClientProtocolClient (GrpcClientProtocolClient.java:onNext(264)) - client-E41C008B94D2->cb20f782-9136-4144-a2ef-e44461d35697: receive RaftClientReply:client-E41C008B94D2->cb20f782-9136-4144-a2ef-e44461d35697@group-EF222054BC57, cid=997, SUCCESS, logIndex=1446, commits[cb20f782-9136-4144-a2ef-e44461d35697:c1447]
2019-09-17 12:48:29,112 [grpc-default-executor-2] INFO  client.GrpcClientProtocolClient (GrpcClientProtocolClient.java:onNext(264)) - client-E41C008B94D2->cb20f782-9136-4144-a2ef-e44461d35697: receive RaftClientReply:client-E41C008B94D2->cb20f782-9136-4144-a2ef-e44461d35697@group-EF222054BC57, cid=998, SUCCESS, logIndex=1447, commits[cb20f782-9136-4144-a2ef-e44461d35697:c1449]
2019-09-17 12:48:29,112 [grpc-default-executor-2] INFO  client.GrpcClientProtocolClient (GrpcClientProtocolClient.java:onNext(264)) - client-E41C008B94D2->cb20f782-9136-4144-a2ef-e44461d35697: receive RaftClientReply:client-E41C008B94D2->cb20f782-9136-4144-a2ef-e44461d35697@group-EF222054BC57, cid=999, SUCCESS, logIndex=1448, commits[cb20f782-9136-4144-a2ef-e44461d35697:c1449]
2019-09-17 12:48:29,113 [grpc-default-executor-2] INFO  client.GrpcClientProtocolClient (GrpcClientProtocolClient.java:onNext(264)) - client-E41C008B94D2->cb20f782-9136-4144-a2ef-e44461d35697: receive RaftClientReply:client-E41C008B94D2->cb20f782-9136-4144-a2ef-e44461d35697@group-EF222054BC57, cid=1000, SUCCESS, logIndex=1449, commits[cb20f782-9136-4144-a2ef-e44461d35697:c1450]
2019-09-17 12:48:29,139 [grpc-default-executor-2] INFO  client.GrpcClientProtocolClient (GrpcClientProtocolClient.java:onNext(264)) - client-E41C008B94D2->cb20f782-9136-4144-a2ef-e44461d35697: receive RaftClientReply:client-E41C008B94D2->cb20f782-9136-4144-a2ef-e44461d35697@group-EF222054BC57, cid=1001, SUCCESS, logIndex=1452, commits[cb20f782-9136-4144-a2ef-e44461d35697:c1453]
2019-09-17 12:48:29,140 [grpc-default-executor-2] INFO  client.GrpcClientProtocolClient (GrpcClientProtocolClient.java:onNext(264)) - client-E41C008B94D2->cb20f782-9136-4144-a2ef-e44461d35697: receive RaftClientReply:client-E41C008B94D2->cb20f782-9136-4144-a2ef-e44461d35697@group-EF222054BC57, cid=1002, SUCCESS, logIndex=1453, commits[cb20f782-9136-4144-a2ef-e44461d35697:c1455]
2019-09-17 12:48:29,140 [grpc-default-executor-2] INFO  client.GrpcClientProtocolClient (GrpcClientProtocolClient.java:onNext(264)) - client-E41C008B94D2->cb20f782-9136-4144-a2ef-e44461d35697: receive RaftClientReply:client-E41C008B94D2->cb20f782-9136-4144-a2ef-e44461d35697@group-EF222054BC57, cid=1003, SUCCESS, logIndex=1454, commits[cb20f782-9136-4144-a2ef-e44461d35697:c1456]
2019-09-17 12:48:29,140 [grpc-default-executor-2] INFO  client.GrpcClientProtocolClient (GrpcClientProtocolClient.java:onNext(264)) - client-E41C008B94D2->cb20f782-9136-4144-a2ef-e44461d35697: receive RaftClientReply:client-E41C008B94D2->cb20f782-9136-4144-a2ef-e44461d35697@group-EF222054BC57, cid=1004, SUCCESS, logIndex=1455, commits[cb20f782-9136-4144-a2ef-e44461d35697:c1456]
2019-09-17 12:48:29,144 [SCMBlockDeletingService#0] DEBUG block.SCMBlockDeletingService (SCMBlockDeletingService.java:call(138)) - Running DeletedBlockTransactionScanner
2019-09-17 12:48:29,144 [SCMBlockDeletingService#0] DEBUG block.SCMBlockDeletingService (SCMBlockDeletingService.java:call(155)) - Scanned deleted blocks log and got 0 delTX to process.
2019-09-17 12:48:29,163 [grpc-default-executor-1] INFO  client.GrpcClientProtocolClient (GrpcClientProtocolClient.java:onNext(264)) - client-E41C008B94D2->cb20f782-9136-4144-a2ef-e44461d35697: receive RaftClientReply:client-E41C008B94D2->cb20f782-9136-4144-a2ef-e44461d35697@group-EF222054BC57, cid=1005, SUCCESS, logIndex=1458, commits[cb20f782-9136-4144-a2ef-e44461d35697:c1461]
2019-09-17 12:48:29,164 [grpc-default-executor-1] INFO  client.GrpcClientProtocolClient (GrpcClientProtocolClient.java:onNext(264)) - client-E41C008B94D2->cb20f782-9136-4144-a2ef-e44461d35697: receive RaftClientReply:client-E41C008B94D2->cb20f782-9136-4144-a2ef-e44461d35697@group-EF222054BC57, cid=1006, SUCCESS, logIndex=1459, commits[cb20f782-9136-4144-a2ef-e44461d35697:c1462]
2019-09-17 12:48:29,164 [grpc-default-executor-1] INFO  client.GrpcClientProtocolClient (GrpcClientProtocolClient.java:onNext(264)) - client-E41C008B94D2->cb20f782-9136-4144-a2ef-e44461d35697: receive RaftClientReply:client-E41C008B94D2->cb20f782-9136-4144-a2ef-e44461d35697@group-EF222054BC57, cid=1007, SUCCESS, logIndex=1460, commits[cb20f782-9136-4144-a2ef-e44461d35697:c1462]
2019-09-17 12:48:29,164 [grpc-default-executor-1] INFO  client.GrpcClientProtocolClient (GrpcClientProtocolClient.java:onNext(264)) - client-E41C008B94D2->cb20f782-9136-4144-a2ef-e44461d35697: receive RaftClientReply:client-E41C008B94D2->cb20f782-9136-4144-a2ef-e44461d35697@group-EF222054BC57, cid=1008, SUCCESS, logIndex=1461, commits[cb20f782-9136-4144-a2ef-e44461d35697:c1462]
2019-09-17 12:48:29,187 [grpc-default-executor-2] INFO  client.GrpcClientProtocolClient (GrpcClientProtocolClient.java:onNext(264)) - client-E41C008B94D2->cb20f782-9136-4144-a2ef-e44461d35697: receive RaftClientReply:client-E41C008B94D2->cb20f782-9136-4144-a2ef-e44461d35697@group-EF222054BC57, cid=1009, SUCCESS, logIndex=1463, commits[cb20f782-9136-4144-a2ef-e44461d35697:c1466]
2019-09-17 12:48:29,188 [grpc-default-executor-2] INFO  client.GrpcClientProtocolClient (GrpcClientProtocolClient.java:onNext(264)) - client-E41C008B94D2->cb20f782-9136-4144-a2ef-e44461d35697: receive RaftClientReply:client-E41C008B94D2->cb20f782-9136-4144-a2ef-e44461d35697@group-EF222054BC57, cid=1010, SUCCESS, logIndex=1464, commits[cb20f782-9136-4144-a2ef-e44461d35697:c1467]
2019-09-17 12:48:29,188 [grpc-default-executor-2] INFO  client.GrpcClientProtocolClient (GrpcClientProtocolClient.java:onNext(264)) - client-E41C008B94D2->cb20f782-9136-4144-a2ef-e44461d35697: receive RaftClientReply:client-E41C008B94D2->cb20f782-9136-4144-a2ef-e44461d35697@group-EF222054BC57, cid=1011, SUCCESS, logIndex=1465, commits[cb20f782-9136-4144-a2ef-e44461d35697:c1467]
2019-09-17 12:48:29,188 [grpc-default-executor-2] INFO  client.GrpcClientProtocolClient (GrpcClientProtocolClient.java:onNext(264)) - client-E41C008B94D2->cb20f782-9136-4144-a2ef-e44461d35697: receive RaftClientReply:client-E41C008B94D2->cb20f782-9136-4144-a2ef-e44461d35697@group-EF222054BC57, cid=1012, SUCCESS, logIndex=1466, commits[cb20f782-9136-4144-a2ef-e44461d35697:c1467]
2019-09-17 12:48:29,204 [grpc-default-executor-2] INFO  client.GrpcClientProtocolClient (GrpcClientProtocolClient.java:onNext(264)) - client-E41C008B94D2->cb20f782-9136-4144-a2ef-e44461d35697: receive RaftClientReply:client-E41C008B94D2->cb20f782-9136-4144-a2ef-e44461d35697@group-EF222054BC57, cid=1013, SUCCESS, logIndex=1468, commits[cb20f782-9136-4144-a2ef-e44461d35697:c1469]
2019-09-17 12:48:29,205 [grpc-default-executor-2] INFO  client.GrpcClientProtocolClient (GrpcClientProtocolClient.java:onNext(264)) - client-E41C008B94D2->cb20f782-9136-4144-a2ef-e44461d35697: receive RaftClientReply:client-E41C008B94D2->cb20f782-9136-4144-a2ef-e44461d35697@group-EF222054BC57, cid=1014, SUCCESS, logIndex=1469, commits[cb20f782-9136-4144-a2ef-e44461d35697:c1471]
2019-09-17 12:48:29,205 [grpc-default-executor-2] INFO  client.GrpcClientProtocolClient (GrpcClientProtocolClient.java:onNext(264)) - client-E41C008B94D2->cb20f782-9136-4144-a2ef-e44461d35697: receive RaftClientReply:client-E41C008B94D2->cb20f782-9136-4144-a2ef-e44461d35697@group-EF222054BC57, cid=1015, SUCCESS, logIndex=1470, commits[cb20f782-9136-4144-a2ef-e44461d35697:c1471]
2019-09-17 12:48:29,206 [grpc-default-executor-2] INFO  client.GrpcClientProtocolClient (GrpcClientProtocolClient.java:onNext(264)) - client-E41C008B94D2->cb20f782-9136-4144-a2ef-e44461d35697: receive RaftClientReply:client-E41C008B94D2->cb20f782-9136-4144-a2ef-e44461d35697@group-EF222054BC57, cid=1016, SUCCESS, logIndex=1471, commits[cb20f782-9136-4144-a2ef-e44461d35697:c1472]
2019-09-17 12:48:29,244 [SCMBlockDeletingService#0] DEBUG block.SCMBlockDeletingService (SCMBlockDeletingService.java:call(138)) - Running DeletedBlockTransactionScanner
2019-09-17 12:48:29,244 [SCMBlockDeletingService#0] DEBUG block.SCMBlockDeletingService (SCMBlockDeletingService.java:call(155)) - Scanned deleted blocks log and got 0 delTX to process.
2019-09-17 12:48:29,320 [grpc-default-executor-2] INFO  client.GrpcClientProtocolClient (GrpcClientProtocolClient.java:onNext(264)) - client-E41C008B94D2->cb20f782-9136-4144-a2ef-e44461d35697: receive RaftClientReply:client-E41C008B94D2->cb20f782-9136-4144-a2ef-e44461d35697@group-EF222054BC57, cid=1017, SUCCESS, logIndex=1474, commits[cb20f782-9136-4144-a2ef-e44461d35697:c1475]
2019-09-17 12:48:29,321 [grpc-default-executor-2] INFO  client.GrpcClientProtocolClient (GrpcClientProtocolClient.java:onNext(264)) - client-E41C008B94D2->cb20f782-9136-4144-a2ef-e44461d35697: receive RaftClientReply:client-E41C008B94D2->cb20f782-9136-4144-a2ef-e44461d35697@group-EF222054BC57, cid=1018, SUCCESS, logIndex=1475, commits[cb20f782-9136-4144-a2ef-e44461d35697:c1477]
2019-09-17 12:48:29,321 [grpc-default-executor-2] INFO  client.GrpcClientProtocolClient (GrpcClientProtocolClient.java:onNext(264)) - client-E41C008B94D2->cb20f782-9136-4144-a2ef-e44461d35697: receive RaftClientReply:client-E41C008B94D2->cb20f782-9136-4144-a2ef-e44461d35697@group-EF222054BC57, cid=1019, SUCCESS, logIndex=1476, commits[cb20f782-9136-4144-a2ef-e44461d35697:c1478]
2019-09-17 12:48:29,321 [grpc-default-executor-2] INFO  client.GrpcClientProtocolClient (GrpcClientProtocolClient.java:onNext(264)) - client-E41C008B94D2->cb20f782-9136-4144-a2ef-e44461d35697: receive RaftClientReply:client-E41C008B94D2->cb20f782-9136-4144-a2ef-e44461d35697@group-EF222054BC57, cid=1020, SUCCESS, logIndex=1477, commits[cb20f782-9136-4144-a2ef-e44461d35697:c1478]
2019-09-17 12:48:29,340 [grpc-default-executor-2] INFO  client.GrpcClientProtocolClient (GrpcClientProtocolClient.java:onNext(264)) - client-E41C008B94D2->cb20f782-9136-4144-a2ef-e44461d35697: receive RaftClientReply:client-E41C008B94D2->cb20f782-9136-4144-a2ef-e44461d35697@group-EF222054BC57, cid=1021, SUCCESS, logIndex=1480, commits[cb20f782-9136-4144-a2ef-e44461d35697:c1481]
2019-09-17 12:48:29,341 [grpc-default-executor-2] INFO  client.GrpcClientProtocolClient (GrpcClientProtocolClient.java:onNext(264)) - client-E41C008B94D2->cb20f782-9136-4144-a2ef-e44461d35697: receive RaftClientReply:client-E41C008B94D2->cb20f782-9136-4144-a2ef-e44461d35697@group-EF222054BC57, cid=1022, SUCCESS, logIndex=1481, commits[cb20f782-9136-4144-a2ef-e44461d35697:c1483]
2019-09-17 12:48:29,341 [grpc-default-executor-2] INFO  client.GrpcClientProtocolClient (GrpcClientProtocolClient.java:onNext(264)) - client-E41C008B94D2->cb20f782-9136-4144-a2ef-e44461d35697: receive RaftClientReply:client-E41C008B94D2->cb20f782-9136-4144-a2ef-e44461d35697@group-EF222054BC57, cid=1023, SUCCESS, logIndex=1482, commits[cb20f782-9136-4144-a2ef-e44461d35697:c1484]
2019-09-17 12:48:29,342 [grpc-default-executor-2] INFO  client.GrpcClientProtocolClient (GrpcClientProtocolClient.java:onNext(264)) - client-E41C008B94D2->cb20f782-9136-4144-a2ef-e44461d35697: receive RaftClientReply:client-E41C008B94D2->cb20f782-9136-4144-a2ef-e44461d35697@group-EF222054BC57, cid=1024, SUCCESS, logIndex=1483, commits[cb20f782-9136-4144-a2ef-e44461d35697:c1485]
2019-09-17 12:48:29,345 [SCMBlockDeletingService#0] DEBUG block.SCMBlockDeletingService (SCMBlockDeletingService.java:call(138)) - Running DeletedBlockTransactionScanner
2019-09-17 12:48:29,345 [SCMBlockDeletingService#0] DEBUG block.SCMBlockDeletingService (SCMBlockDeletingService.java:call(155)) - Scanned deleted blocks log and got 0 delTX to process.
2019-09-17 12:48:29,371 [grpc-default-executor-2] INFO  client.GrpcClientProtocolClient (GrpcClientProtocolClient.java:onNext(264)) - client-E41C008B94D2->cb20f782-9136-4144-a2ef-e44461d35697: receive RaftClientReply:client-E41C008B94D2->cb20f782-9136-4144-a2ef-e44461d35697@group-EF222054BC57, cid=1025, SUCCESS, logIndex=1486, commits[cb20f782-9136-4144-a2ef-e44461d35697:c1487]
2019-09-17 12:48:29,372 [grpc-default-executor-2] INFO  client.GrpcClientProtocolClient (GrpcClientProtocolClient.java:onNext(264)) - client-E41C008B94D2->cb20f782-9136-4144-a2ef-e44461d35697: receive RaftClientReply:client-E41C008B94D2->cb20f782-9136-4144-a2ef-e44461d35697@group-EF222054BC57, cid=1026, SUCCESS, logIndex=1487, commits[cb20f782-9136-4144-a2ef-e44461d35697:c1489]
2019-09-17 12:48:29,372 [grpc-default-executor-2] INFO  client.GrpcClientProtocolClient (GrpcClientProtocolClient.java:onNext(264)) - client-E41C008B94D2->cb20f782-9136-4144-a2ef-e44461d35697: receive RaftClientReply:client-E41C008B94D2->cb20f782-9136-4144-a2ef-e44461d35697@group-EF222054BC57, cid=1027, SUCCESS, logIndex=1488, commits[cb20f782-9136-4144-a2ef-e44461d35697:c1490]
2019-09-17 12:48:29,373 [grpc-default-executor-2] INFO  client.GrpcClientProtocolClient (GrpcClientProtocolClient.java:onNext(264)) - client-E41C008B94D2->cb20f782-9136-4144-a2ef-e44461d35697: receive RaftClientReply:client-E41C008B94D2->cb20f782-9136-4144-a2ef-e44461d35697@group-EF222054BC57, cid=1028, SUCCESS, logIndex=1489, commits[cb20f782-9136-4144-a2ef-e44461d35697:c1491]
2019-09-17 12:48:29,391 [grpc-default-executor-2] INFO  client.GrpcClientProtocolClient (GrpcClientProtocolClient.java:onNext(264)) - client-E41C008B94D2->cb20f782-9136-4144-a2ef-e44461d35697: receive RaftClientReply:client-E41C008B94D2->cb20f782-9136-4144-a2ef-e44461d35697@group-EF222054BC57, cid=1029, SUCCESS, logIndex=1492, commits[cb20f782-9136-4144-a2ef-e44461d35697:c1493]
2019-09-17 12:48:29,391 [grpc-default-executor-2] INFO  client.GrpcClientProtocolClient (GrpcClientProtocolClient.java:onNext(264)) - client-E41C008B94D2->cb20f782-9136-4144-a2ef-e44461d35697: receive RaftClientReply:client-E41C008B94D2->cb20f782-9136-4144-a2ef-e44461d35697@group-EF222054BC57, cid=1030, SUCCESS, logIndex=1493, commits[cb20f782-9136-4144-a2ef-e44461d35697:c1495]
2019-09-17 12:48:29,391 [grpc-default-executor-2] INFO  client.GrpcClientProtocolClient (GrpcClientProtocolClient.java:onNext(264)) - client-E41C008B94D2->cb20f782-9136-4144-a2ef-e44461d35697: receive RaftClientReply:client-E41C008B94D2->cb20f782-9136-4144-a2ef-e44461d35697@group-EF222054BC57, cid=1031, SUCCESS, logIndex=1494, commits[cb20f782-9136-4144-a2ef-e44461d35697:c1495]
2019-09-17 12:48:29,391 [grpc-default-executor-2] INFO  client.GrpcClientProtocolClient (GrpcClientProtocolClient.java:onNext(264)) - client-E41C008B94D2->cb20f782-9136-4144-a2ef-e44461d35697: receive RaftClientReply:client-E41C008B94D2->cb20f782-9136-4144-a2ef-e44461d35697@group-EF222054BC57, cid=1032, SUCCESS, logIndex=1495, commits[cb20f782-9136-4144-a2ef-e44461d35697:c1495]
2019-09-17 12:48:29,464 [SCMBlockDeletingService#0] DEBUG block.SCMBlockDeletingService (SCMBlockDeletingService.java:call(138)) - Running DeletedBlockTransactionScanner
2019-09-17 12:48:29,465 [SCMBlockDeletingService#0] DEBUG block.SCMBlockDeletingService (SCMBlockDeletingService.java:call(155)) - Scanned deleted blocks log and got 0 delTX to process.
2019-09-17 12:48:29,480 [grpc-default-executor-2] INFO  client.GrpcClientProtocolClient (GrpcClientProtocolClient.java:onNext(264)) - client-E41C008B94D2->cb20f782-9136-4144-a2ef-e44461d35697: receive RaftClientReply:client-E41C008B94D2->cb20f782-9136-4144-a2ef-e44461d35697@group-EF222054BC57, cid=1033, SUCCESS, logIndex=1498, commits[cb20f782-9136-4144-a2ef-e44461d35697:c1499]
2019-09-17 12:48:29,483 [grpc-default-executor-2] INFO  client.GrpcClientProtocolClient (GrpcClientProtocolClient.java:onNext(264)) - client-E41C008B94D2->cb20f782-9136-4144-a2ef-e44461d35697: receive RaftClientReply:client-E41C008B94D2->cb20f782-9136-4144-a2ef-e44461d35697@group-EF222054BC57, cid=1034, SUCCESS, logIndex=1499, commits[cb20f782-9136-4144-a2ef-e44461d35697:c1501]
2019-09-17 12:48:29,484 [grpc-default-executor-2] INFO  client.GrpcClientProtocolClient (GrpcClientProtocolClient.java:onNext(264)) - client-E41C008B94D2->cb20f782-9136-4144-a2ef-e44461d35697: receive RaftClientReply:client-E41C008B94D2->cb20f782-9136-4144-a2ef-e44461d35697@group-EF222054BC57, cid=1035, SUCCESS, logIndex=1500, commits[cb20f782-9136-4144-a2ef-e44461d35697:c1502]
2019-09-17 12:48:29,484 [grpc-default-executor-2] INFO  client.GrpcClientProtocolClient (GrpcClientProtocolClient.java:onNext(264)) - client-E41C008B94D2->cb20f782-9136-4144-a2ef-e44461d35697: receive RaftClientReply:client-E41C008B94D2->cb20f782-9136-4144-a2ef-e44461d35697@group-EF222054BC57, cid=1036, SUCCESS, logIndex=1501, commits[cb20f782-9136-4144-a2ef-e44461d35697:c1503]
2019-09-17 12:48:29,519 [grpc-default-executor-1] INFO  client.GrpcClientProtocolClient (GrpcClientProtocolClient.java:onNext(264)) - client-E41C008B94D2->cb20f782-9136-4144-a2ef-e44461d35697: receive RaftClientReply:client-E41C008B94D2->cb20f782-9136-4144-a2ef-e44461d35697@group-EF222054BC57, cid=1037, SUCCESS, logIndex=1504, commits[cb20f782-9136-4144-a2ef-e44461d35697:c1505]
2019-09-17 12:48:29,519 [grpc-default-executor-1] INFO  client.GrpcClientProtocolClient (GrpcClientProtocolClient.java:onNext(264)) - client-E41C008B94D2->cb20f782-9136-4144-a2ef-e44461d35697: receive RaftClientReply:client-E41C008B94D2->cb20f782-9136-4144-a2ef-e44461d35697@group-EF222054BC57, cid=1038, SUCCESS, logIndex=1505, commits[cb20f782-9136-4144-a2ef-e44461d35697:c1505]
2019-09-17 12:48:29,529 [grpc-default-executor-1] INFO  client.GrpcClientProtocolClient (GrpcClientProtocolClient.java:onNext(264)) - client-E41C008B94D2->cb20f782-9136-4144-a2ef-e44461d35697: receive RaftClientReply:client-E41C008B94D2->cb20f782-9136-4144-a2ef-e44461d35697@group-EF222054BC57, cid=1039, SUCCESS, logIndex=1506, commits[cb20f782-9136-4144-a2ef-e44461d35697:c1507]
2019-09-17 12:48:29,530 [grpc-default-executor-1] INFO  client.GrpcClientProtocolClient (GrpcClientProtocolClient.java:onNext(264)) - client-E41C008B94D2->cb20f782-9136-4144-a2ef-e44461d35697: receive RaftClientReply:client-E41C008B94D2->cb20f782-9136-4144-a2ef-e44461d35697@group-EF222054BC57, cid=1040, SUCCESS, logIndex=1507, commits[cb20f782-9136-4144-a2ef-e44461d35697:c1508]
2019-09-17 12:48:29,560 [grpc-default-executor-1] INFO  client.GrpcClientProtocolClient (GrpcClientProtocolClient.java:onNext(264)) - client-E41C008B94D2->cb20f782-9136-4144-a2ef-e44461d35697: receive RaftClientReply:client-E41C008B94D2->cb20f782-9136-4144-a2ef-e44461d35697@group-EF222054BC57, cid=1041, SUCCESS, logIndex=1510, commits[cb20f782-9136-4144-a2ef-e44461d35697:c1511]
2019-09-17 12:48:29,561 [grpc-default-executor-1] INFO  client.GrpcClientProtocolClient (GrpcClientProtocolClient.java:onNext(264)) - client-E41C008B94D2->cb20f782-9136-4144-a2ef-e44461d35697: receive RaftClientReply:client-E41C008B94D2->cb20f782-9136-4144-a2ef-e44461d35697@group-EF222054BC57, cid=1042, SUCCESS, logIndex=1511, commits[cb20f782-9136-4144-a2ef-e44461d35697:c1513]
2019-09-17 12:48:29,562 [grpc-default-executor-1] INFO  client.GrpcClientProtocolClient (GrpcClientProtocolClient.java:onNext(264)) - client-E41C008B94D2->cb20f782-9136-4144-a2ef-e44461d35697: receive RaftClientReply:client-E41C008B94D2->cb20f782-9136-4144-a2ef-e44461d35697@group-EF222054BC57, cid=1043, SUCCESS, logIndex=1512, commits[cb20f782-9136-4144-a2ef-e44461d35697:c1514]
2019-09-17 12:48:29,562 [grpc-default-executor-1] INFO  client.GrpcClientProtocolClient (GrpcClientProtocolClient.java:onNext(264)) - client-E41C008B94D2->cb20f782-9136-4144-a2ef-e44461d35697: receive RaftClientReply:client-E41C008B94D2->cb20f782-9136-4144-a2ef-e44461d35697@group-EF222054BC57, cid=1044, SUCCESS, logIndex=1513, commits[cb20f782-9136-4144-a2ef-e44461d35697:c1514]
2019-09-17 12:48:29,565 [SCMBlockDeletingService#0] DEBUG block.SCMBlockDeletingService (SCMBlockDeletingService.java:call(138)) - Running DeletedBlockTransactionScanner
2019-09-17 12:48:29,565 [SCMBlockDeletingService#0] DEBUG block.SCMBlockDeletingService (SCMBlockDeletingService.java:call(155)) - Scanned deleted blocks log and got 0 delTX to process.
2019-09-17 12:48:29,582 [grpc-default-executor-1] INFO  client.GrpcClientProtocolClient (GrpcClientProtocolClient.java:onNext(264)) - client-E41C008B94D2->cb20f782-9136-4144-a2ef-e44461d35697: receive RaftClientReply:client-E41C008B94D2->cb20f782-9136-4144-a2ef-e44461d35697@group-EF222054BC57, cid=1045, SUCCESS, logIndex=1516, commits[cb20f782-9136-4144-a2ef-e44461d35697:c1517]
2019-09-17 12:48:29,583 [grpc-default-executor-1] INFO  client.GrpcClientProtocolClient (GrpcClientProtocolClient.java:onNext(264)) - client-E41C008B94D2->cb20f782-9136-4144-a2ef-e44461d35697: receive RaftClientReply:client-E41C008B94D2->cb20f782-9136-4144-a2ef-e44461d35697@group-EF222054BC57, cid=1046, SUCCESS, logIndex=1517, commits[cb20f782-9136-4144-a2ef-e44461d35697:c1519]
2019-09-17 12:48:29,583 [grpc-default-executor-1] INFO  client.GrpcClientProtocolClient (GrpcClientProtocolClient.java:onNext(264)) - client-E41C008B94D2->cb20f782-9136-4144-a2ef-e44461d35697: receive RaftClientReply:client-E41C008B94D2->cb20f782-9136-4144-a2ef-e44461d35697@group-EF222054BC57, cid=1047, SUCCESS, logIndex=1518, commits[cb20f782-9136-4144-a2ef-e44461d35697:c1519]
2019-09-17 12:48:29,583 [grpc-default-executor-1] INFO  client.GrpcClientProtocolClient (GrpcClientProtocolClient.java:onNext(264)) - client-E41C008B94D2->cb20f782-9136-4144-a2ef-e44461d35697: receive RaftClientReply:client-E41C008B94D2->cb20f782-9136-4144-a2ef-e44461d35697@group-EF222054BC57, cid=1048, SUCCESS, logIndex=1519, commits[cb20f782-9136-4144-a2ef-e44461d35697:c1520]
2019-09-17 12:48:29,616 [grpc-default-executor-2] INFO  client.GrpcClientProtocolClient (GrpcClientProtocolClient.java:onNext(264)) - client-E41C008B94D2->cb20f782-9136-4144-a2ef-e44461d35697: receive RaftClientReply:client-E41C008B94D2->cb20f782-9136-4144-a2ef-e44461d35697@group-EF222054BC57, cid=1049, SUCCESS, logIndex=1522, commits[cb20f782-9136-4144-a2ef-e44461d35697:c1523]
2019-09-17 12:48:29,616 [grpc-default-executor-2] INFO  client.GrpcClientProtocolClient (GrpcClientProtocolClient.java:onNext(264)) - client-E41C008B94D2->cb20f782-9136-4144-a2ef-e44461d35697: receive RaftClientReply:client-E41C008B94D2->cb20f782-9136-4144-a2ef-e44461d35697@group-EF222054BC57, cid=1050, SUCCESS, logIndex=1523, commits[cb20f782-9136-4144-a2ef-e44461d35697:c1523]
2019-09-17 12:48:29,616 [grpc-default-executor-2] INFO  client.GrpcClientProtocolClient (GrpcClientProtocolClient.java:onNext(264)) - client-E41C008B94D2->cb20f782-9136-4144-a2ef-e44461d35697: receive RaftClientReply:client-E41C008B94D2->cb20f782-9136-4144-a2ef-e44461d35697@group-EF222054BC57, cid=1051, SUCCESS, logIndex=1524, commits[cb20f782-9136-4144-a2ef-e44461d35697:c1525]
2019-09-17 12:48:29,617 [grpc-default-executor-2] INFO  client.GrpcClientProtocolClient (GrpcClientProtocolClient.java:onNext(264)) - client-E41C008B94D2->cb20f782-9136-4144-a2ef-e44461d35697: receive RaftClientReply:client-E41C008B94D2->cb20f782-9136-4144-a2ef-e44461d35697@group-EF222054BC57, cid=1052, SUCCESS, logIndex=1525, commits[cb20f782-9136-4144-a2ef-e44461d35697:c1526]
2019-09-17 12:48:29,637 [grpc-default-executor-2] INFO  client.GrpcClientProtocolClient (GrpcClientProtocolClient.java:onNext(264)) - client-E41C008B94D2->cb20f782-9136-4144-a2ef-e44461d35697: receive RaftClientReply:client-E41C008B94D2->cb20f782-9136-4144-a2ef-e44461d35697@group-EF222054BC57, cid=1053, SUCCESS, logIndex=1528, commits[cb20f782-9136-4144-a2ef-e44461d35697:c1529]
2019-09-17 12:48:29,637 [grpc-default-executor-2] INFO  client.GrpcClientProtocolClient (GrpcClientProtocolClient.java:onNext(264)) - client-E41C008B94D2->cb20f782-9136-4144-a2ef-e44461d35697: receive RaftClientReply:client-E41C008B94D2->cb20f782-9136-4144-a2ef-e44461d35697@group-EF222054BC57, cid=1054, SUCCESS, logIndex=1529, commits[cb20f782-9136-4144-a2ef-e44461d35697:c1531]
2019-09-17 12:48:29,637 [grpc-default-executor-2] INFO  client.GrpcClientProtocolClient (GrpcClientProtocolClient.java:onNext(264)) - client-E41C008B94D2->cb20f782-9136-4144-a2ef-e44461d35697: receive RaftClientReply:client-E41C008B94D2->cb20f782-9136-4144-a2ef-e44461d35697@group-EF222054BC57, cid=1055, SUCCESS, logIndex=1530, commits[cb20f782-9136-4144-a2ef-e44461d35697:c1532]
2019-09-17 12:48:29,638 [grpc-default-executor-2] INFO  client.GrpcClientProtocolClient (GrpcClientProtocolClient.java:onNext(264)) - client-E41C008B94D2->cb20f782-9136-4144-a2ef-e44461d35697: receive RaftClientReply:client-E41C008B94D2->cb20f782-9136-4144-a2ef-e44461d35697@group-EF222054BC57, cid=1056, SUCCESS, logIndex=1531, commits[cb20f782-9136-4144-a2ef-e44461d35697:c1532]
2019-09-17 12:48:29,666 [SCMBlockDeletingService#0] DEBUG block.SCMBlockDeletingService (SCMBlockDeletingService.java:call(138)) - Running DeletedBlockTransactionScanner
2019-09-17 12:48:29,666 [grpc-default-executor-1] INFO  client.GrpcClientProtocolClient (GrpcClientProtocolClient.java:onNext(264)) - client-E41C008B94D2->cb20f782-9136-4144-a2ef-e44461d35697: receive RaftClientReply:client-E41C008B94D2->cb20f782-9136-4144-a2ef-e44461d35697@group-EF222054BC57, cid=1057, SUCCESS, logIndex=1534, commits[cb20f782-9136-4144-a2ef-e44461d35697:c1535]
2019-09-17 12:48:29,666 [SCMBlockDeletingService#0] DEBUG block.SCMBlockDeletingService (SCMBlockDeletingService.java:call(155)) - Scanned deleted blocks log and got 0 delTX to process.
2019-09-17 12:48:29,666 [grpc-default-executor-1] INFO  client.GrpcClientProtocolClient (GrpcClientProtocolClient.java:onNext(264)) - client-E41C008B94D2->cb20f782-9136-4144-a2ef-e44461d35697: receive RaftClientReply:client-E41C008B94D2->cb20f782-9136-4144-a2ef-e44461d35697@group-EF222054BC57, cid=1058, SUCCESS, logIndex=1535, commits[cb20f782-9136-4144-a2ef-e44461d35697:c1538]
2019-09-17 12:48:29,667 [grpc-default-executor-1] INFO  client.GrpcClientProtocolClient (GrpcClientProtocolClient.java:onNext(264)) - client-E41C008B94D2->cb20f782-9136-4144-a2ef-e44461d35697: receive RaftClientReply:client-E41C008B94D2->cb20f782-9136-4144-a2ef-e44461d35697@group-EF222054BC57, cid=1059, SUCCESS, logIndex=1536, commits[cb20f782-9136-4144-a2ef-e44461d35697:c1538]
2019-09-17 12:48:29,667 [grpc-default-executor-1] INFO  client.GrpcClientProtocolClient (GrpcClientProtocolClient.java:onNext(264)) - client-E41C008B94D2->cb20f782-9136-4144-a2ef-e44461d35697: receive RaftClientReply:client-E41C008B94D2->cb20f782-9136-4144-a2ef-e44461d35697@group-EF222054BC57, cid=1060, SUCCESS, logIndex=1537, commits[cb20f782-9136-4144-a2ef-e44461d35697:c1538]
2019-09-17 12:48:29,766 [SCMBlockDeletingService#0] DEBUG block.SCMBlockDeletingService (SCMBlockDeletingService.java:call(138)) - Running DeletedBlockTransactionScanner
2019-09-17 12:48:29,767 [SCMBlockDeletingService#0] DEBUG block.SCMBlockDeletingService (SCMBlockDeletingService.java:call(155)) - Scanned deleted blocks log and got 0 delTX to process.
2019-09-17 12:48:29,784 [grpc-default-executor-1] INFO  client.GrpcClientProtocolClient (GrpcClientProtocolClient.java:onNext(264)) - client-E41C008B94D2->cb20f782-9136-4144-a2ef-e44461d35697: receive RaftClientReply:client-E41C008B94D2->cb20f782-9136-4144-a2ef-e44461d35697@group-EF222054BC57, cid=1061, SUCCESS, logIndex=1539, commits[cb20f782-9136-4144-a2ef-e44461d35697:c1542]
2019-09-17 12:48:29,784 [grpc-default-executor-1] INFO  client.GrpcClientProtocolClient (GrpcClientProtocolClient.java:onNext(264)) - client-E41C008B94D2->cb20f782-9136-4144-a2ef-e44461d35697: receive RaftClientReply:client-E41C008B94D2->cb20f782-9136-4144-a2ef-e44461d35697@group-EF222054BC57, cid=1062, SUCCESS, logIndex=1540, commits[cb20f782-9136-4144-a2ef-e44461d35697:c1543]
2019-09-17 12:48:29,785 [grpc-default-executor-1] INFO  client.GrpcClientProtocolClient (GrpcClientProtocolClient.java:onNext(264)) - client-E41C008B94D2->cb20f782-9136-4144-a2ef-e44461d35697: receive RaftClientReply:client-E41C008B94D2->cb20f782-9136-4144-a2ef-e44461d35697@group-EF222054BC57, cid=1063, SUCCESS, logIndex=1541, commits[cb20f782-9136-4144-a2ef-e44461d35697:c1543]
2019-09-17 12:48:29,785 [grpc-default-executor-1] INFO  client.GrpcClientProtocolClient (GrpcClientProtocolClient.java:onNext(264)) - client-E41C008B94D2->cb20f782-9136-4144-a2ef-e44461d35697: receive RaftClientReply:client-E41C008B94D2->cb20f782-9136-4144-a2ef-e44461d35697@group-EF222054BC57, cid=1064, SUCCESS, logIndex=1542, commits[cb20f782-9136-4144-a2ef-e44461d35697:c1543]
2019-09-17 12:48:29,814 [grpc-default-executor-1] INFO  client.GrpcClientProtocolClient (GrpcClientProtocolClient.java:onNext(264)) - client-E41C008B94D2->cb20f782-9136-4144-a2ef-e44461d35697: receive RaftClientReply:client-E41C008B94D2->cb20f782-9136-4144-a2ef-e44461d35697@group-EF222054BC57, cid=1065, SUCCESS, logIndex=1544, commits[cb20f782-9136-4144-a2ef-e44461d35697:c1547]
2019-09-17 12:48:29,815 [grpc-default-executor-1] INFO  client.GrpcClientProtocolClient (GrpcClientProtocolClient.java:onNext(264)) - client-E41C008B94D2->cb20f782-9136-4144-a2ef-e44461d35697: receive RaftClientReply:client-E41C008B94D2->cb20f782-9136-4144-a2ef-e44461d35697@group-EF222054BC57, cid=1066, SUCCESS, logIndex=1545, commits[cb20f782-9136-4144-a2ef-e44461d35697:c1548]
2019-09-17 12:48:29,815 [grpc-default-executor-1] INFO  client.GrpcClientProtocolClient (GrpcClientProtocolClient.java:onNext(264)) - client-E41C008B94D2->cb20f782-9136-4144-a2ef-e44461d35697: receive RaftClientReply:client-E41C008B94D2->cb20f782-9136-4144-a2ef-e44461d35697@group-EF222054BC57, cid=1067, SUCCESS, logIndex=1546, commits[cb20f782-9136-4144-a2ef-e44461d35697:c1548]
2019-09-17 12:48:29,815 [grpc-default-executor-1] INFO  client.GrpcClientProtocolClient (GrpcClientProtocolClient.java:onNext(264)) - client-E41C008B94D2->cb20f782-9136-4144-a2ef-e44461d35697: receive RaftClientReply:client-E41C008B94D2->cb20f782-9136-4144-a2ef-e44461d35697@group-EF222054BC57, cid=1068, SUCCESS, logIndex=1547, commits[cb20f782-9136-4144-a2ef-e44461d35697:c1548]
2019-09-17 12:48:29,835 [grpc-default-executor-1] INFO  client.GrpcClientProtocolClient (GrpcClientProtocolClient.java:onNext(264)) - client-E41C008B94D2->cb20f782-9136-4144-a2ef-e44461d35697: receive RaftClientReply:client-E41C008B94D2->cb20f782-9136-4144-a2ef-e44461d35697@group-EF222054BC57, cid=1069, SUCCESS, logIndex=1549, commits[cb20f782-9136-4144-a2ef-e44461d35697:c1552]
2019-09-17 12:48:29,836 [grpc-default-executor-1] INFO  client.GrpcClientProtocolClient (GrpcClientProtocolClient.java:onNext(264)) - client-E41C008B94D2->cb20f782-9136-4144-a2ef-e44461d35697: receive RaftClientReply:client-E41C008B94D2->cb20f782-9136-4144-a2ef-e44461d35697@group-EF222054BC57, cid=1070, SUCCESS, logIndex=1550, commits[cb20f782-9136-4144-a2ef-e44461d35697:c1552]
2019-09-17 12:48:29,837 [grpc-default-executor-1] INFO  client.GrpcClientProtocolClient (GrpcClientProtocolClient.java:onNext(264)) - client-E41C008B94D2->cb20f782-9136-4144-a2ef-e44461d35697: receive RaftClientReply:client-E41C008B94D2->cb20f782-9136-4144-a2ef-e44461d35697@group-EF222054BC57, cid=1071, SUCCESS, logIndex=1551, commits[cb20f782-9136-4144-a2ef-e44461d35697:c1553]
2019-09-17 12:48:29,837 [grpc-default-executor-1] INFO  client.GrpcClientProtocolClient (GrpcClientProtocolClient.java:onNext(264)) - client-E41C008B94D2->cb20f782-9136-4144-a2ef-e44461d35697: receive RaftClientReply:client-E41C008B94D2->cb20f782-9136-4144-a2ef-e44461d35697@group-EF222054BC57, cid=1072, SUCCESS, logIndex=1552, commits[cb20f782-9136-4144-a2ef-e44461d35697:c1553]
2019-09-17 12:48:29,866 [grpc-default-executor-1] INFO  client.GrpcClientProtocolClient (GrpcClientProtocolClient.java:onNext(264)) - client-E41C008B94D2->cb20f782-9136-4144-a2ef-e44461d35697: receive RaftClientReply:client-E41C008B94D2->cb20f782-9136-4144-a2ef-e44461d35697@group-EF222054BC57, cid=1073, SUCCESS, logIndex=1554, commits[cb20f782-9136-4144-a2ef-e44461d35697:c1555]
2019-09-17 12:48:29,867 [grpc-default-executor-1] INFO  client.GrpcClientProtocolClient (GrpcClientProtocolClient.java:onNext(264)) - client-E41C008B94D2->cb20f782-9136-4144-a2ef-e44461d35697: receive RaftClientReply:client-E41C008B94D2->cb20f782-9136-4144-a2ef-e44461d35697@group-EF222054BC57, cid=1074, SUCCESS, logIndex=1555, commits[cb20f782-9136-4144-a2ef-e44461d35697:c1557]
2019-09-17 12:48:29,867 [SCMBlockDeletingService#0] DEBUG block.SCMBlockDeletingService (SCMBlockDeletingService.java:call(138)) - Running DeletedBlockTransactionScanner
2019-09-17 12:48:29,868 [grpc-default-executor-1] INFO  client.GrpcClientProtocolClient (GrpcClientProtocolClient.java:onNext(264)) - client-E41C008B94D2->cb20f782-9136-4144-a2ef-e44461d35697: receive RaftClientReply:client-E41C008B94D2->cb20f782-9136-4144-a2ef-e44461d35697@group-EF222054BC57, cid=1075, SUCCESS, logIndex=1556, commits[cb20f782-9136-4144-a2ef-e44461d35697:c1558]
2019-09-17 12:48:29,868 [SCMBlockDeletingService#0] DEBUG block.SCMBlockDeletingService (SCMBlockDeletingService.java:call(155)) - Scanned deleted blocks log and got 0 delTX to process.
2019-09-17 12:48:29,868 [grpc-default-executor-1] INFO  client.GrpcClientProtocolClient (GrpcClientProtocolClient.java:onNext(264)) - client-E41C008B94D2->cb20f782-9136-4144-a2ef-e44461d35697: receive RaftClientReply:client-E41C008B94D2->cb20f782-9136-4144-a2ef-e44461d35697@group-EF222054BC57, cid=1076, SUCCESS, logIndex=1557, commits[cb20f782-9136-4144-a2ef-e44461d35697:c1559]
2019-09-17 12:48:29,900 [grpc-default-executor-2] INFO  client.GrpcClientProtocolClient (GrpcClientProtocolClient.java:onNext(264)) - client-E41C008B94D2->cb20f782-9136-4144-a2ef-e44461d35697: receive RaftClientReply:client-E41C008B94D2->cb20f782-9136-4144-a2ef-e44461d35697@group-EF222054BC57, cid=1077, SUCCESS, logIndex=1560, commits[cb20f782-9136-4144-a2ef-e44461d35697:c1561]
2019-09-17 12:48:29,900 [grpc-default-executor-2] INFO  client.GrpcClientProtocolClient (GrpcClientProtocolClient.java:onNext(264)) - client-E41C008B94D2->cb20f782-9136-4144-a2ef-e44461d35697: receive RaftClientReply:client-E41C008B94D2->cb20f782-9136-4144-a2ef-e44461d35697@group-EF222054BC57, cid=1078, SUCCESS, logIndex=1561, commits[cb20f782-9136-4144-a2ef-e44461d35697:c1564]
2019-09-17 12:48:29,901 [grpc-default-executor-2] INFO  client.GrpcClientProtocolClient (GrpcClientProtocolClient.java:onNext(264)) - client-E41C008B94D2->cb20f782-9136-4144-a2ef-e44461d35697: receive RaftClientReply:client-E41C008B94D2->cb20f782-9136-4144-a2ef-e44461d35697@group-EF222054BC57, cid=1079, SUCCESS, logIndex=1562, commits[cb20f782-9136-4144-a2ef-e44461d35697:c1565]
2019-09-17 12:48:29,902 [grpc-default-executor-2] INFO  client.GrpcClientProtocolClient (GrpcClientProtocolClient.java:onNext(264)) - client-E41C008B94D2->cb20f782-9136-4144-a2ef-e44461d35697: receive RaftClientReply:client-E41C008B94D2->cb20f782-9136-4144-a2ef-e44461d35697@group-EF222054BC57, cid=1080, SUCCESS, logIndex=1563, commits[cb20f782-9136-4144-a2ef-e44461d35697:c1565]
2019-09-17 12:48:29,933 [grpc-default-executor-1] INFO  client.GrpcClientProtocolClient (GrpcClientProtocolClient.java:onNext(264)) - client-E41C008B94D2->cb20f782-9136-4144-a2ef-e44461d35697: receive RaftClientReply:client-E41C008B94D2->cb20f782-9136-4144-a2ef-e44461d35697@group-EF222054BC57, cid=1081, SUCCESS, logIndex=1566, commits[cb20f782-9136-4144-a2ef-e44461d35697:c1567]
2019-09-17 12:48:29,934 [grpc-default-executor-1] INFO  client.GrpcClientProtocolClient (GrpcClientProtocolClient.java:onNext(264)) - client-E41C008B94D2->cb20f782-9136-4144-a2ef-e44461d35697: receive RaftClientReply:client-E41C008B94D2->cb20f782-9136-4144-a2ef-e44461d35697@group-EF222054BC57, cid=1082, SUCCESS, logIndex=1567, commits[cb20f782-9136-4144-a2ef-e44461d35697:c1567]
2019-09-17 12:48:29,934 [grpc-default-executor-1] INFO  client.GrpcClientProtocolClient (GrpcClientProtocolClient.java:onNext(264)) - client-E41C008B94D2->cb20f782-9136-4144-a2ef-e44461d35697: receive RaftClientReply:client-E41C008B94D2->cb20f782-9136-4144-a2ef-e44461d35697@group-EF222054BC57, cid=1083, SUCCESS, logIndex=1568, commits[cb20f782-9136-4144-a2ef-e44461d35697:c1569]
2019-09-17 12:48:29,935 [grpc-default-executor-1] INFO  client.GrpcClientProtocolClient (GrpcClientProtocolClient.java:onNext(264)) - client-E41C008B94D2->cb20f782-9136-4144-a2ef-e44461d35697: receive RaftClientReply:client-E41C008B94D2->cb20f782-9136-4144-a2ef-e44461d35697@group-EF222054BC57, cid=1084, SUCCESS, logIndex=1569, commits[cb20f782-9136-4144-a2ef-e44461d35697:c1570]
2019-09-17 12:48:29,956 [grpc-default-executor-1] INFO  client.GrpcClientProtocolClient (GrpcClientProtocolClient.java:onNext(264)) - client-E41C008B94D2->cb20f782-9136-4144-a2ef-e44461d35697: receive RaftClientReply:client-E41C008B94D2->cb20f782-9136-4144-a2ef-e44461d35697@group-EF222054BC57, cid=1085, SUCCESS, logIndex=1572, commits[cb20f782-9136-4144-a2ef-e44461d35697:c1573]
2019-09-17 12:48:29,957 [grpc-default-executor-1] INFO  client.GrpcClientProtocolClient (GrpcClientProtocolClient.java:onNext(264)) - client-E41C008B94D2->cb20f782-9136-4144-a2ef-e44461d35697: receive RaftClientReply:client-E41C008B94D2->cb20f782-9136-4144-a2ef-e44461d35697@group-EF222054BC57, cid=1086, SUCCESS, logIndex=1573, commits[cb20f782-9136-4144-a2ef-e44461d35697:c1575]
2019-09-17 12:48:29,957 [grpc-default-executor-1] INFO  client.GrpcClientProtocolClient (GrpcClientProtocolClient.java:onNext(264)) - client-E41C008B94D2->cb20f782-9136-4144-a2ef-e44461d35697: receive RaftClientReply:client-E41C008B94D2->cb20f782-9136-4144-a2ef-e44461d35697@group-EF222054BC57, cid=1087, SUCCESS, logIndex=1574, commits[cb20f782-9136-4144-a2ef-e44461d35697:c1575]
2019-09-17 12:48:29,958 [grpc-default-executor-1] INFO  client.GrpcClientProtocolClient (GrpcClientProtocolClient.java:onNext(264)) - client-E41C008B94D2->cb20f782-9136-4144-a2ef-e44461d35697: receive RaftClientReply:client-E41C008B94D2->cb20f782-9136-4144-a2ef-e44461d35697@group-EF222054BC57, cid=1088, SUCCESS, logIndex=1575, commits[cb20f782-9136-4144-a2ef-e44461d35697:c1575]
2019-09-17 12:48:29,968 [SCMBlockDeletingService#0] DEBUG block.SCMBlockDeletingService (SCMBlockDeletingService.java:call(138)) - Running DeletedBlockTransactionScanner
2019-09-17 12:48:29,968 [SCMBlockDeletingService#0] DEBUG block.SCMBlockDeletingService (SCMBlockDeletingService.java:call(155)) - Scanned deleted blocks log and got 0 delTX to process.
2019-09-17 12:48:29,984 [grpc-default-executor-1] INFO  client.GrpcClientProtocolClient (GrpcClientProtocolClient.java:onNext(264)) - client-E41C008B94D2->cb20f782-9136-4144-a2ef-e44461d35697: receive RaftClientReply:client-E41C008B94D2->cb20f782-9136-4144-a2ef-e44461d35697@group-EF222054BC57, cid=1089, SUCCESS, logIndex=1578, commits[cb20f782-9136-4144-a2ef-e44461d35697:c1579]
2019-09-17 12:48:29,985 [grpc-default-executor-1] INFO  client.GrpcClientProtocolClient (GrpcClientProtocolClient.java:onNext(264)) - client-E41C008B94D2->cb20f782-9136-4144-a2ef-e44461d35697: receive RaftClientReply:client-E41C008B94D2->cb20f782-9136-4144-a2ef-e44461d35697@group-EF222054BC57, cid=1090, SUCCESS, logIndex=1579, commits[cb20f782-9136-4144-a2ef-e44461d35697:c1581]
2019-09-17 12:48:29,985 [grpc-default-executor-1] INFO  client.GrpcClientProtocolClient (GrpcClientProtocolClient.java:onNext(264)) - client-E41C008B94D2->cb20f782-9136-4144-a2ef-e44461d35697: receive RaftClientReply:client-E41C008B94D2->cb20f782-9136-4144-a2ef-e44461d35697@group-EF222054BC57, cid=1091, SUCCESS, logIndex=1580, commits[cb20f782-9136-4144-a2ef-e44461d35697:c1581]
2019-09-17 12:48:29,986 [grpc-default-executor-1] INFO  client.GrpcClientProtocolClient (GrpcClientProtocolClient.java:onNext(264)) - client-E41C008B94D2->cb20f782-9136-4144-a2ef-e44461d35697: receive RaftClientReply:client-E41C008B94D2->cb20f782-9136-4144-a2ef-e44461d35697@group-EF222054BC57, cid=1092, SUCCESS, logIndex=1581, commits[cb20f782-9136-4144-a2ef-e44461d35697:c1582]
2019-09-17 12:48:30,005 [grpc-default-executor-1] INFO  client.GrpcClientProtocolClient (GrpcClientProtocolClient.java:onNext(264)) - client-E41C008B94D2->cb20f782-9136-4144-a2ef-e44461d35697: receive RaftClientReply:client-E41C008B94D2->cb20f782-9136-4144-a2ef-e44461d35697@group-EF222054BC57, cid=1093, SUCCESS, logIndex=1584, commits[cb20f782-9136-4144-a2ef-e44461d35697:c1585]
2019-09-17 12:48:30,005 [grpc-default-executor-1] INFO  client.GrpcClientProtocolClient (GrpcClientProtocolClient.java:onNext(264)) - client-E41C008B94D2->cb20f782-9136-4144-a2ef-e44461d35697: receive RaftClientReply:client-E41C008B94D2->cb20f782-9136-4144-a2ef-e44461d35697@group-EF222054BC57, cid=1094, SUCCESS, logIndex=1585, commits[cb20f782-9136-4144-a2ef-e44461d35697:c1587]
2019-09-17 12:48:30,005 [grpc-default-executor-1] INFO  client.GrpcClientProtocolClient (GrpcClientProtocolClient.java:onNext(264)) - client-E41C008B94D2->cb20f782-9136-4144-a2ef-e44461d35697: receive RaftClientReply:client-E41C008B94D2->cb20f782-9136-4144-a2ef-e44461d35697@group-EF222054BC57, cid=1095, SUCCESS, logIndex=1586, commits[cb20f782-9136-4144-a2ef-e44461d35697:c1587]
2019-09-17 12:48:30,006 [grpc-default-executor-1] INFO  client.GrpcClientProtocolClient (GrpcClientProtocolClient.java:onNext(264)) - client-E41C008B94D2->cb20f782-9136-4144-a2ef-e44461d35697: receive RaftClientReply:client-E41C008B94D2->cb20f782-9136-4144-a2ef-e44461d35697@group-EF222054BC57, cid=1096, SUCCESS, logIndex=1587, commits[cb20f782-9136-4144-a2ef-e44461d35697:c1588]
2019-09-17 12:48:30,045 [grpc-default-executor-1] INFO  client.GrpcClientProtocolClient (GrpcClientProtocolClient.java:onNext(264)) - client-E41C008B94D2->cb20f782-9136-4144-a2ef-e44461d35697: receive RaftClientReply:client-E41C008B94D2->cb20f782-9136-4144-a2ef-e44461d35697@group-EF222054BC57, cid=1097, SUCCESS, logIndex=1590, commits[cb20f782-9136-4144-a2ef-e44461d35697:c1591]
2019-09-17 12:48:30,046 [grpc-default-executor-1] INFO  client.GrpcClientProtocolClient (GrpcClientProtocolClient.java:onNext(264)) - client-E41C008B94D2->cb20f782-9136-4144-a2ef-e44461d35697: receive RaftClientReply:client-E41C008B94D2->cb20f782-9136-4144-a2ef-e44461d35697@group-EF222054BC57, cid=1098, SUCCESS, logIndex=1591, commits[cb20f782-9136-4144-a2ef-e44461d35697:c1591]
2019-09-17 12:48:30,056 [grpc-default-executor-1] INFO  client.GrpcClientProtocolClient (GrpcClientProtocolClient.java:onNext(264)) - client-E41C008B94D2->cb20f782-9136-4144-a2ef-e44461d35697: receive RaftClientReply:client-E41C008B94D2->cb20f782-9136-4144-a2ef-e44461d35697@group-EF222054BC57, cid=1099, SUCCESS, logIndex=1592, commits[cb20f782-9136-4144-a2ef-e44461d35697:c1593]
2019-09-17 12:48:30,056 [grpc-default-executor-1] INFO  client.GrpcClientProtocolClient (GrpcClientProtocolClient.java:onNext(264)) - client-E41C008B94D2->cb20f782-9136-4144-a2ef-e44461d35697: receive RaftClientReply:client-E41C008B94D2->cb20f782-9136-4144-a2ef-e44461d35697@group-EF222054BC57, cid=1100, SUCCESS, logIndex=1593, commits[cb20f782-9136-4144-a2ef-e44461d35697:c1593]
2019-09-17 12:48:30,069 [SCMBlockDeletingService#0] DEBUG block.SCMBlockDeletingService (SCMBlockDeletingService.java:call(138)) - Running DeletedBlockTransactionScanner
2019-09-17 12:48:30,069 [SCMBlockDeletingService#0] DEBUG block.SCMBlockDeletingService (SCMBlockDeletingService.java:call(155)) - Scanned deleted blocks log and got 0 delTX to process.
2019-09-17 12:48:30,076 [grpc-default-executor-1] INFO  client.GrpcClientProtocolClient (GrpcClientProtocolClient.java:onNext(264)) - client-E41C008B94D2->cb20f782-9136-4144-a2ef-e44461d35697: receive RaftClientReply:client-E41C008B94D2->cb20f782-9136-4144-a2ef-e44461d35697@group-EF222054BC57, cid=1101, SUCCESS, logIndex=1596, commits[cb20f782-9136-4144-a2ef-e44461d35697:c1597]
2019-09-17 12:48:30,076 [grpc-default-executor-1] INFO  client.GrpcClientProtocolClient (GrpcClientProtocolClient.java:onNext(264)) - client-E41C008B94D2->cb20f782-9136-4144-a2ef-e44461d35697: receive RaftClientReply:client-E41C008B94D2->cb20f782-9136-4144-a2ef-e44461d35697@group-EF222054BC57, cid=1102, SUCCESS, logIndex=1597, commits[cb20f782-9136-4144-a2ef-e44461d35697:c1597]
2019-09-17 12:48:30,077 [grpc-default-executor-1] INFO  client.GrpcClientProtocolClient (GrpcClientProtocolClient.java:onNext(264)) - client-E41C008B94D2->cb20f782-9136-4144-a2ef-e44461d35697: receive RaftClientReply:client-E41C008B94D2->cb20f782-9136-4144-a2ef-e44461d35697@group-EF222054BC57, cid=1103, SUCCESS, logIndex=1598, commits[cb20f782-9136-4144-a2ef-e44461d35697:c1600]
2019-09-17 12:48:30,077 [grpc-default-executor-1] INFO  client.GrpcClientProtocolClient (GrpcClientProtocolClient.java:onNext(264)) - client-E41C008B94D2->cb20f782-9136-4144-a2ef-e44461d35697: receive RaftClientReply:client-E41C008B94D2->cb20f782-9136-4144-a2ef-e44461d35697@group-EF222054BC57, cid=1104, SUCCESS, logIndex=1599, commits[cb20f782-9136-4144-a2ef-e44461d35697:c1600]
2019-09-17 12:48:30,169 [SCMBlockDeletingService#0] DEBUG block.SCMBlockDeletingService (SCMBlockDeletingService.java:call(138)) - Running DeletedBlockTransactionScanner
2019-09-17 12:48:30,169 [SCMBlockDeletingService#0] DEBUG block.SCMBlockDeletingService (SCMBlockDeletingService.java:call(155)) - Scanned deleted blocks log and got 0 delTX to process.
2019-09-17 12:48:30,300 [SCMBlockDeletingService#0] DEBUG block.SCMBlockDeletingService (SCMBlockDeletingService.java:call(138)) - Running DeletedBlockTransactionScanner
2019-09-17 12:48:30,301 [SCMBlockDeletingService#0] DEBUG block.SCMBlockDeletingService (SCMBlockDeletingService.java:call(155)) - Scanned deleted blocks log and got 0 delTX to process.
2019-09-17 12:48:30,333 [grpc-default-executor-1] INFO  client.GrpcClientProtocolClient (GrpcClientProtocolClient.java:onNext(264)) - client-E41C008B94D2->cb20f782-9136-4144-a2ef-e44461d35697: receive RaftClientReply:client-E41C008B94D2->cb20f782-9136-4144-a2ef-e44461d35697@group-EF222054BC57, cid=1105, SUCCESS, logIndex=1601, commits[cb20f782-9136-4144-a2ef-e44461d35697:c1602]
2019-09-17 12:48:30,334 [grpc-default-executor-1] INFO  client.GrpcClientProtocolClient (GrpcClientProtocolClient.java:onNext(264)) - client-E41C008B94D2->cb20f782-9136-4144-a2ef-e44461d35697: receive RaftClientReply:client-E41C008B94D2->cb20f782-9136-4144-a2ef-e44461d35697@group-EF222054BC57, cid=1106, SUCCESS, logIndex=1602, commits[cb20f782-9136-4144-a2ef-e44461d35697:c1604]
2019-09-17 12:48:30,334 [grpc-default-executor-1] INFO  client.GrpcClientProtocolClient (GrpcClientProtocolClient.java:onNext(264)) - client-E41C008B94D2->cb20f782-9136-4144-a2ef-e44461d35697: receive RaftClientReply:client-E41C008B94D2->cb20f782-9136-4144-a2ef-e44461d35697@group-EF222054BC57, cid=1107, SUCCESS, logIndex=1603, commits[cb20f782-9136-4144-a2ef-e44461d35697:c1605]
2019-09-17 12:48:30,335 [grpc-default-executor-1] INFO  client.GrpcClientProtocolClient (GrpcClientProtocolClient.java:onNext(264)) - client-E41C008B94D2->cb20f782-9136-4144-a2ef-e44461d35697: receive RaftClientReply:client-E41C008B94D2->cb20f782-9136-4144-a2ef-e44461d35697@group-EF222054BC57, cid=1108, SUCCESS, logIndex=1604, commits[cb20f782-9136-4144-a2ef-e44461d35697:c1605]
2019-09-17 12:48:30,356 [grpc-default-executor-1] INFO  client.GrpcClientProtocolClient (GrpcClientProtocolClient.java:onNext(264)) - client-E41C008B94D2->cb20f782-9136-4144-a2ef-e44461d35697: receive RaftClientReply:client-E41C008B94D2->cb20f782-9136-4144-a2ef-e44461d35697@group-EF222054BC57, cid=1109, SUCCESS, logIndex=1607, commits[cb20f782-9136-4144-a2ef-e44461d35697:c1608]
2019-09-17 12:48:30,357 [grpc-default-executor-1] INFO  client.GrpcClientProtocolClient (GrpcClientProtocolClient.java:onNext(264)) - client-E41C008B94D2->cb20f782-9136-4144-a2ef-e44461d35697: receive RaftClientReply:client-E41C008B94D2->cb20f782-9136-4144-a2ef-e44461d35697@group-EF222054BC57, cid=1110, SUCCESS, logIndex=1608, commits[cb20f782-9136-4144-a2ef-e44461d35697:c1610]
2019-09-17 12:48:30,357 [grpc-default-executor-1] INFO  client.GrpcClientProtocolClient (GrpcClientProtocolClient.java:onNext(264)) - client-E41C008B94D2->cb20f782-9136-4144-a2ef-e44461d35697: receive RaftClientReply:client-E41C008B94D2->cb20f782-9136-4144-a2ef-e44461d35697@group-EF222054BC57, cid=1111, SUCCESS, logIndex=1609, commits[cb20f782-9136-4144-a2ef-e44461d35697:c1610]
2019-09-17 12:48:30,358 [grpc-default-executor-1] INFO  client.GrpcClientProtocolClient (GrpcClientProtocolClient.java:onNext(264)) - client-E41C008B94D2->cb20f782-9136-4144-a2ef-e44461d35697: receive RaftClientReply:client-E41C008B94D2->cb20f782-9136-4144-a2ef-e44461d35697@group-EF222054BC57, cid=1112, SUCCESS, logIndex=1610, commits[cb20f782-9136-4144-a2ef-e44461d35697:c1611]
2019-09-17 12:48:30,386 [grpc-default-executor-1] INFO  client.GrpcClientProtocolClient (GrpcClientProtocolClient.java:onNext(264)) - client-E41C008B94D2->cb20f782-9136-4144-a2ef-e44461d35697: receive RaftClientReply:client-E41C008B94D2->cb20f782-9136-4144-a2ef-e44461d35697@group-EF222054BC57, cid=1113, SUCCESS, logIndex=1613, commits[cb20f782-9136-4144-a2ef-e44461d35697:c1614]
2019-09-17 12:48:30,386 [grpc-default-executor-1] INFO  client.GrpcClientProtocolClient (GrpcClientProtocolClient.java:onNext(264)) - client-E41C008B94D2->cb20f782-9136-4144-a2ef-e44461d35697: receive RaftClientReply:client-E41C008B94D2->cb20f782-9136-4144-a2ef-e44461d35697@group-EF222054BC57, cid=1114, SUCCESS, logIndex=1614, commits[cb20f782-9136-4144-a2ef-e44461d35697:c1616]
2019-09-17 12:48:30,386 [grpc-default-executor-1] INFO  client.GrpcClientProtocolClient (GrpcClientProtocolClient.java:onNext(264)) - client-E41C008B94D2->cb20f782-9136-4144-a2ef-e44461d35697: receive RaftClientReply:client-E41C008B94D2->cb20f782-9136-4144-a2ef-e44461d35697@group-EF222054BC57, cid=1115, SUCCESS, logIndex=1615, commits[cb20f782-9136-4144-a2ef-e44461d35697:c1616]
2019-09-17 12:48:30,387 [grpc-default-executor-1] INFO  client.GrpcClientProtocolClient (GrpcClientProtocolClient.java:onNext(264)) - client-E41C008B94D2->cb20f782-9136-4144-a2ef-e44461d35697: receive RaftClientReply:client-E41C008B94D2->cb20f782-9136-4144-a2ef-e44461d35697@group-EF222054BC57, cid=1116, SUCCESS, logIndex=1616, commits[cb20f782-9136-4144-a2ef-e44461d35697:c1617]
2019-09-17 12:48:30,401 [SCMBlockDeletingService#0] DEBUG block.SCMBlockDeletingService (SCMBlockDeletingService.java:call(138)) - Running DeletedBlockTransactionScanner
2019-09-17 12:48:30,401 [SCMBlockDeletingService#0] DEBUG block.SCMBlockDeletingService (SCMBlockDeletingService.java:call(155)) - Scanned deleted blocks log and got 0 delTX to process.
2019-09-17 12:48:30,407 [grpc-default-executor-1] INFO  client.GrpcClientProtocolClient (GrpcClientProtocolClient.java:onNext(264)) - client-E41C008B94D2->cb20f782-9136-4144-a2ef-e44461d35697: receive RaftClientReply:client-E41C008B94D2->cb20f782-9136-4144-a2ef-e44461d35697@group-EF222054BC57, cid=1117, SUCCESS, logIndex=1619, commits[cb20f782-9136-4144-a2ef-e44461d35697:c1620]
2019-09-17 12:48:30,407 [grpc-default-executor-1] INFO  client.GrpcClientProtocolClient (GrpcClientProtocolClient.java:onNext(264)) - client-E41C008B94D2->cb20f782-9136-4144-a2ef-e44461d35697: receive RaftClientReply:client-E41C008B94D2->cb20f782-9136-4144-a2ef-e44461d35697@group-EF222054BC57, cid=1118, SUCCESS, logIndex=1620, commits[cb20f782-9136-4144-a2ef-e44461d35697:c1622]
2019-09-17 12:48:30,407 [grpc-default-executor-1] INFO  client.GrpcClientProtocolClient (GrpcClientProtocolClient.java:onNext(264)) - client-E41C008B94D2->cb20f782-9136-4144-a2ef-e44461d35697: receive RaftClientReply:client-E41C008B94D2->cb20f782-9136-4144-a2ef-e44461d35697@group-EF222054BC57, cid=1119, SUCCESS, logIndex=1621, commits[cb20f782-9136-4144-a2ef-e44461d35697:c1622]
2019-09-17 12:48:30,408 [grpc-default-executor-1] INFO  client.GrpcClientProtocolClient (GrpcClientProtocolClient.java:onNext(264)) - client-E41C008B94D2->cb20f782-9136-4144-a2ef-e44461d35697: receive RaftClientReply:client-E41C008B94D2->cb20f782-9136-4144-a2ef-e44461d35697@group-EF222054BC57, cid=1120, SUCCESS, logIndex=1622, commits[cb20f782-9136-4144-a2ef-e44461d35697:c1622]
2019-09-17 12:48:30,442 [grpc-default-executor-1] INFO  client.GrpcClientProtocolClient (GrpcClientProtocolClient.java:onNext(264)) - client-E41C008B94D2->cb20f782-9136-4144-a2ef-e44461d35697: receive RaftClientReply:client-E41C008B94D2->cb20f782-9136-4144-a2ef-e44461d35697@group-EF222054BC57, cid=1121, SUCCESS, logIndex=1625, commits[cb20f782-9136-4144-a2ef-e44461d35697:c1626]
2019-09-17 12:48:30,443 [grpc-default-executor-1] INFO  client.GrpcClientProtocolClient (GrpcClientProtocolClient.java:onNext(264)) - client-E41C008B94D2->cb20f782-9136-4144-a2ef-e44461d35697: receive RaftClientReply:client-E41C008B94D2->cb20f782-9136-4144-a2ef-e44461d35697@group-EF222054BC57, cid=1122, SUCCESS, logIndex=1626, commits[cb20f782-9136-4144-a2ef-e44461d35697:c1628]
2019-09-17 12:48:30,443 [grpc-default-executor-1] INFO  client.GrpcClientProtocolClient (GrpcClientProtocolClient.java:onNext(264)) - client-E41C008B94D2->cb20f782-9136-4144-a2ef-e44461d35697: receive RaftClientReply:client-E41C008B94D2->cb20f782-9136-4144-a2ef-e44461d35697@group-EF222054BC57, cid=1123, SUCCESS, logIndex=1627, commits[cb20f782-9136-4144-a2ef-e44461d35697:c1629]
2019-09-17 12:48:30,443 [grpc-default-executor-1] INFO  client.GrpcClientProtocolClient (GrpcClientProtocolClient.java:onNext(264)) - client-E41C008B94D2->cb20f782-9136-4144-a2ef-e44461d35697: receive RaftClientReply:client-E41C008B94D2->cb20f782-9136-4144-a2ef-e44461d35697@group-EF222054BC57, cid=1124, SUCCESS, logIndex=1628, commits[cb20f782-9136-4144-a2ef-e44461d35697:c1630]
2019-09-17 12:48:30,465 [grpc-default-executor-1] INFO  client.GrpcClientProtocolClient (GrpcClientProtocolClient.java:onNext(264)) - client-E41C008B94D2->cb20f782-9136-4144-a2ef-e44461d35697: receive RaftClientReply:client-E41C008B94D2->cb20f782-9136-4144-a2ef-e44461d35697@group-EF222054BC57, cid=1125, SUCCESS, logIndex=1631, commits[cb20f782-9136-4144-a2ef-e44461d35697:c1632]
2019-09-17 12:48:30,466 [grpc-default-executor-1] INFO  client.GrpcClientProtocolClient (GrpcClientProtocolClient.java:onNext(264)) - client-E41C008B94D2->cb20f782-9136-4144-a2ef-e44461d35697: receive RaftClientReply:client-E41C008B94D2->cb20f782-9136-4144-a2ef-e44461d35697@group-EF222054BC57, cid=1126, SUCCESS, logIndex=1632, commits[cb20f782-9136-4144-a2ef-e44461d35697:c1634]
2019-09-17 12:48:30,466 [grpc-default-executor-1] INFO  client.GrpcClientProtocolClient (GrpcClientProtocolClient.java:onNext(264)) - client-E41C008B94D2->cb20f782-9136-4144-a2ef-e44461d35697: receive RaftClientReply:client-E41C008B94D2->cb20f782-9136-4144-a2ef-e44461d35697@group-EF222054BC57, cid=1127, SUCCESS, logIndex=1633, commits[cb20f782-9136-4144-a2ef-e44461d35697:c1635]
2019-09-17 12:48:30,467 [grpc-default-executor-1] INFO  client.GrpcClientProtocolClient (GrpcClientProtocolClient.java:onNext(264)) - client-E41C008B94D2->cb20f782-9136-4144-a2ef-e44461d35697: receive RaftClientReply:client-E41C008B94D2->cb20f782-9136-4144-a2ef-e44461d35697@group-EF222054BC57, cid=1128, SUCCESS, logIndex=1634, commits[cb20f782-9136-4144-a2ef-e44461d35697:c1636]
2019-09-17 12:48:30,496 [grpc-default-executor-1] INFO  client.GrpcClientProtocolClient (GrpcClientProtocolClient.java:onNext(264)) - client-E41C008B94D2->cb20f782-9136-4144-a2ef-e44461d35697: receive RaftClientReply:client-E41C008B94D2->cb20f782-9136-4144-a2ef-e44461d35697@group-EF222054BC57, cid=1129, SUCCESS, logIndex=1637, commits[cb20f782-9136-4144-a2ef-e44461d35697:c1638]
2019-09-17 12:48:30,496 [grpc-default-executor-1] INFO  client.GrpcClientProtocolClient (GrpcClientProtocolClient.java:onNext(264)) - client-E41C008B94D2->cb20f782-9136-4144-a2ef-e44461d35697: receive RaftClientReply:client-E41C008B94D2->cb20f782-9136-4144-a2ef-e44461d35697@group-EF222054BC57, cid=1130, SUCCESS, logIndex=1638, commits[cb20f782-9136-4144-a2ef-e44461d35697:c1640]
2019-09-17 12:48:30,497 [grpc-default-executor-1] INFO  client.GrpcClientProtocolClient (GrpcClientProtocolClient.java:onNext(264)) - client-E41C008B94D2->cb20f782-9136-4144-a2ef-e44461d35697: receive RaftClientReply:client-E41C008B94D2->cb20f782-9136-4144-a2ef-e44461d35697@group-EF222054BC57, cid=1131, SUCCESS, logIndex=1639, commits[cb20f782-9136-4144-a2ef-e44461d35697:c1641]
2019-09-17 12:48:30,497 [grpc-default-executor-1] INFO  client.GrpcClientProtocolClient (GrpcClientProtocolClient.java:onNext(264)) - client-E41C008B94D2->cb20f782-9136-4144-a2ef-e44461d35697: receive RaftClientReply:client-E41C008B94D2->cb20f782-9136-4144-a2ef-e44461d35697@group-EF222054BC57, cid=1132, SUCCESS, logIndex=1640, commits[cb20f782-9136-4144-a2ef-e44461d35697:c1641]
2019-09-17 12:48:30,502 [SCMBlockDeletingService#0] DEBUG block.SCMBlockDeletingService (SCMBlockDeletingService.java:call(138)) - Running DeletedBlockTransactionScanner
2019-09-17 12:48:30,502 [SCMBlockDeletingService#0] DEBUG block.SCMBlockDeletingService (SCMBlockDeletingService.java:call(155)) - Scanned deleted blocks log and got 0 delTX to process.
2019-09-17 12:48:30,520 [grpc-default-executor-2] INFO  client.GrpcClientProtocolClient (GrpcClientProtocolClient.java:onNext(264)) - client-E41C008B94D2->cb20f782-9136-4144-a2ef-e44461d35697: receive RaftClientReply:client-E41C008B94D2->cb20f782-9136-4144-a2ef-e44461d35697@group-EF222054BC57, cid=1133, SUCCESS, logIndex=1643, commits[cb20f782-9136-4144-a2ef-e44461d35697:c1644]
2019-09-17 12:48:30,521 [grpc-default-executor-2] INFO  client.GrpcClientProtocolClient (GrpcClientProtocolClient.java:onNext(264)) - client-E41C008B94D2->cb20f782-9136-4144-a2ef-e44461d35697: receive RaftClientReply:client-E41C008B94D2->cb20f782-9136-4144-a2ef-e44461d35697@group-EF222054BC57, cid=1134, SUCCESS, logIndex=1644, commits[cb20f782-9136-4144-a2ef-e44461d35697:c1646]
2019-09-17 12:48:30,521 [grpc-default-executor-2] INFO  client.GrpcClientProtocolClient (GrpcClientProtocolClient.java:onNext(264)) - client-E41C008B94D2->cb20f782-9136-4144-a2ef-e44461d35697: receive RaftClientReply:client-E41C008B94D2->cb20f782-9136-4144-a2ef-e44461d35697@group-EF222054BC57, cid=1135, SUCCESS, logIndex=1645, commits[cb20f782-9136-4144-a2ef-e44461d35697:c1646]
2019-09-17 12:48:30,522 [grpc-default-executor-2] INFO  client.GrpcClientProtocolClient (GrpcClientProtocolClient.java:onNext(264)) - client-E41C008B94D2->cb20f782-9136-4144-a2ef-e44461d35697: receive RaftClientReply:client-E41C008B94D2->cb20f782-9136-4144-a2ef-e44461d35697@group-EF222054BC57, cid=1136, SUCCESS, logIndex=1646, commits[cb20f782-9136-4144-a2ef-e44461d35697:c1647]
2019-09-17 12:48:30,549 [grpc-default-executor-1] INFO  client.GrpcClientProtocolClient (GrpcClientProtocolClient.java:onNext(264)) - client-E41C008B94D2->cb20f782-9136-4144-a2ef-e44461d35697: receive RaftClientReply:client-E41C008B94D2->cb20f782-9136-4144-a2ef-e44461d35697@group-EF222054BC57, cid=1137, SUCCESS, logIndex=1649, commits[cb20f782-9136-4144-a2ef-e44461d35697:c1650]
2019-09-17 12:48:30,550 [grpc-default-executor-1] INFO  client.GrpcClientProtocolClient (GrpcClientProtocolClient.java:onNext(264)) - client-E41C008B94D2->cb20f782-9136-4144-a2ef-e44461d35697: receive RaftClientReply:client-E41C008B94D2->cb20f782-9136-4144-a2ef-e44461d35697@group-EF222054BC57, cid=1138, SUCCESS, logIndex=1650, commits[cb20f782-9136-4144-a2ef-e44461d35697:c1652]
2019-09-17 12:48:30,550 [grpc-default-executor-1] INFO  client.GrpcClientProtocolClient (GrpcClientProtocolClient.java:onNext(264)) - client-E41C008B94D2->cb20f782-9136-4144-a2ef-e44461d35697: receive RaftClientReply:client-E41C008B94D2->cb20f782-9136-4144-a2ef-e44461d35697@group-EF222054BC57, cid=1139, SUCCESS, logIndex=1651, commits[cb20f782-9136-4144-a2ef-e44461d35697:c1653]
2019-09-17 12:48:30,550 [grpc-default-executor-1] INFO  client.GrpcClientProtocolClient (GrpcClientProtocolClient.java:onNext(264)) - client-E41C008B94D2->cb20f782-9136-4144-a2ef-e44461d35697: receive RaftClientReply:client-E41C008B94D2->cb20f782-9136-4144-a2ef-e44461d35697@group-EF222054BC57, cid=1140, SUCCESS, logIndex=1652, commits[cb20f782-9136-4144-a2ef-e44461d35697:c1653]
2019-09-17 12:48:30,571 [grpc-default-executor-1] INFO  client.GrpcClientProtocolClient (GrpcClientProtocolClient.java:onNext(264)) - client-E41C008B94D2->cb20f782-9136-4144-a2ef-e44461d35697: receive RaftClientReply:client-E41C008B94D2->cb20f782-9136-4144-a2ef-e44461d35697@group-EF222054BC57, cid=1141, SUCCESS, logIndex=1655, commits[cb20f782-9136-4144-a2ef-e44461d35697:c1658]
2019-09-17 12:48:30,572 [grpc-default-executor-1] INFO  client.GrpcClientProtocolClient (GrpcClientProtocolClient.java:onNext(264)) - client-E41C008B94D2->cb20f782-9136-4144-a2ef-e44461d35697: receive RaftClientReply:client-E41C008B94D2->cb20f782-9136-4144-a2ef-e44461d35697@group-EF222054BC57, cid=1142, SUCCESS, logIndex=1656, commits[cb20f782-9136-4144-a2ef-e44461d35697:c1659]
2019-09-17 12:48:30,572 [grpc-default-executor-1] INFO  client.GrpcClientProtocolClient (GrpcClientProtocolClient.java:onNext(264)) - client-E41C008B94D2->cb20f782-9136-4144-a2ef-e44461d35697: receive RaftClientReply:client-E41C008B94D2->cb20f782-9136-4144-a2ef-e44461d35697@group-EF222054BC57, cid=1143, SUCCESS, logIndex=1657, commits[cb20f782-9136-4144-a2ef-e44461d35697:c1659]
2019-09-17 12:48:30,573 [grpc-default-executor-1] INFO  client.GrpcClientProtocolClient (GrpcClientProtocolClient.java:onNext(264)) - client-E41C008B94D2->cb20f782-9136-4144-a2ef-e44461d35697: receive RaftClientReply:client-E41C008B94D2->cb20f782-9136-4144-a2ef-e44461d35697@group-EF222054BC57, cid=1144, SUCCESS, logIndex=1658, commits[cb20f782-9136-4144-a2ef-e44461d35697:c1659]
2019-09-17 12:48:30,599 [grpc-default-executor-1] INFO  client.GrpcClientProtocolClient (GrpcClientProtocolClient.java:onNext(264)) - client-E41C008B94D2->cb20f782-9136-4144-a2ef-e44461d35697: receive RaftClientReply:client-E41C008B94D2->cb20f782-9136-4144-a2ef-e44461d35697@group-EF222054BC57, cid=1145, SUCCESS, logIndex=1660, commits[cb20f782-9136-4144-a2ef-e44461d35697:c1663]
2019-09-17 12:48:30,599 [grpc-default-executor-1] INFO  client.GrpcClientProtocolClient (GrpcClientProtocolClient.java:onNext(264)) - client-E41C008B94D2->cb20f782-9136-4144-a2ef-e44461d35697: receive RaftClientReply:client-E41C008B94D2->cb20f782-9136-4144-a2ef-e44461d35697@group-EF222054BC57, cid=1146, SUCCESS, logIndex=1661, commits[cb20f782-9136-4144-a2ef-e44461d35697:c1664]
2019-09-17 12:48:30,600 [grpc-default-executor-1] INFO  client.GrpcClientProtocolClient (GrpcClientProtocolClient.java:onNext(264)) - client-E41C008B94D2->cb20f782-9136-4144-a2ef-e44461d35697: receive RaftClientReply:client-E41C008B94D2->cb20f782-9136-4144-a2ef-e44461d35697@group-EF222054BC57, cid=1147, SUCCESS, logIndex=1662, commits[cb20f782-9136-4144-a2ef-e44461d35697:c1664]
2019-09-17 12:48:30,600 [grpc-default-executor-1] INFO  client.GrpcClientProtocolClient (GrpcClientProtocolClient.java:onNext(264)) - client-E41C008B94D2->cb20f782-9136-4144-a2ef-e44461d35697: receive RaftClientReply:client-E41C008B94D2->cb20f782-9136-4144-a2ef-e44461d35697@group-EF222054BC57, cid=1148, SUCCESS, logIndex=1663, commits[cb20f782-9136-4144-a2ef-e44461d35697:c1664]
2019-09-17 12:48:30,602 [SCMBlockDeletingService#0] DEBUG block.SCMBlockDeletingService (SCMBlockDeletingService.java:call(138)) - Running DeletedBlockTransactionScanner
2019-09-17 12:48:30,603 [SCMBlockDeletingService#0] DEBUG block.SCMBlockDeletingService (SCMBlockDeletingService.java:call(155)) - Scanned deleted blocks log and got 0 delTX to process.
2019-09-17 12:48:30,703 [SCMBlockDeletingService#0] DEBUG block.SCMBlockDeletingService (SCMBlockDeletingService.java:call(138)) - Running DeletedBlockTransactionScanner
2019-09-17 12:48:30,703 [SCMBlockDeletingService#0] DEBUG block.SCMBlockDeletingService (SCMBlockDeletingService.java:call(155)) - Scanned deleted blocks log and got 0 delTX to process.
2019-09-17 12:48:30,706 [grpc-default-executor-1] INFO  client.GrpcClientProtocolClient (GrpcClientProtocolClient.java:onNext(264)) - client-E41C008B94D2->cb20f782-9136-4144-a2ef-e44461d35697: receive RaftClientReply:client-E41C008B94D2->cb20f782-9136-4144-a2ef-e44461d35697@group-EF222054BC57, cid=1149, SUCCESS, logIndex=1665, commits[cb20f782-9136-4144-a2ef-e44461d35697:c1666]
2019-09-17 12:48:30,706 [grpc-default-executor-1] INFO  client.GrpcClientProtocolClient (GrpcClientProtocolClient.java:onNext(264)) - client-E41C008B94D2->cb20f782-9136-4144-a2ef-e44461d35697: receive RaftClientReply:client-E41C008B94D2->cb20f782-9136-4144-a2ef-e44461d35697@group-EF222054BC57, cid=1150, SUCCESS, logIndex=1666, commits[cb20f782-9136-4144-a2ef-e44461d35697:c1668]
2019-09-17 12:48:30,707 [grpc-default-executor-1] INFO  client.GrpcClientProtocolClient (GrpcClientProtocolClient.java:onNext(264)) - client-E41C008B94D2->cb20f782-9136-4144-a2ef-e44461d35697: receive RaftClientReply:client-E41C008B94D2->cb20f782-9136-4144-a2ef-e44461d35697@group-EF222054BC57, cid=1151, SUCCESS, logIndex=1667, commits[cb20f782-9136-4144-a2ef-e44461d35697:c1668]
2019-09-17 12:48:30,707 [grpc-default-executor-1] INFO  client.GrpcClientProtocolClient (GrpcClientProtocolClient.java:onNext(264)) - client-E41C008B94D2->cb20f782-9136-4144-a2ef-e44461d35697: receive RaftClientReply:client-E41C008B94D2->cb20f782-9136-4144-a2ef-e44461d35697@group-EF222054BC57, cid=1152, SUCCESS, logIndex=1668, commits[cb20f782-9136-4144-a2ef-e44461d35697:c1668]
2019-09-17 12:48:30,735 [grpc-default-executor-1] INFO  client.GrpcClientProtocolClient (GrpcClientProtocolClient.java:onNext(264)) - client-E41C008B94D2->cb20f782-9136-4144-a2ef-e44461d35697: receive RaftClientReply:client-E41C008B94D2->cb20f782-9136-4144-a2ef-e44461d35697@group-EF222054BC57, cid=1153, SUCCESS, logIndex=1671, commits[cb20f782-9136-4144-a2ef-e44461d35697:c1672]
2019-09-17 12:48:30,735 [grpc-default-executor-1] INFO  client.GrpcClientProtocolClient (GrpcClientProtocolClient.java:onNext(264)) - client-E41C008B94D2->cb20f782-9136-4144-a2ef-e44461d35697: receive RaftClientReply:client-E41C008B94D2->cb20f782-9136-4144-a2ef-e44461d35697@group-EF222054BC57, cid=1154, SUCCESS, logIndex=1672, commits[cb20f782-9136-4144-a2ef-e44461d35697:c1674]
2019-09-17 12:48:30,736 [grpc-default-executor-1] INFO  client.GrpcClientProtocolClient (GrpcClientProtocolClient.java:onNext(264)) - client-E41C008B94D2->cb20f782-9136-4144-a2ef-e44461d35697: receive RaftClientReply:client-E41C008B94D2->cb20f782-9136-4144-a2ef-e44461d35697@group-EF222054BC57, cid=1155, SUCCESS, logIndex=1673, commits[cb20f782-9136-4144-a2ef-e44461d35697:c1675]
2019-09-17 12:48:30,736 [grpc-default-executor-1] INFO  client.GrpcClientProtocolClient (GrpcClientProtocolClient.java:onNext(264)) - client-E41C008B94D2->cb20f782-9136-4144-a2ef-e44461d35697: receive RaftClientReply:client-E41C008B94D2->cb20f782-9136-4144-a2ef-e44461d35697@group-EF222054BC57, cid=1156, SUCCESS, logIndex=1674, commits[cb20f782-9136-4144-a2ef-e44461d35697:c1676]
2019-09-17 12:48:30,756 [grpc-default-executor-2] INFO  client.GrpcClientProtocolClient (GrpcClientProtocolClient.java:onNext(264)) - client-E41C008B94D2->cb20f782-9136-4144-a2ef-e44461d35697: receive RaftClientReply:client-E41C008B94D2->cb20f782-9136-4144-a2ef-e44461d35697@group-EF222054BC57, cid=1157, SUCCESS, logIndex=1677, commits[cb20f782-9136-4144-a2ef-e44461d35697:c1678]
2019-09-17 12:48:30,762 [grpc-default-executor-2] INFO  client.GrpcClientProtocolClient (GrpcClientProtocolClient.java:onNext(264)) - client-E41C008B94D2->cb20f782-9136-4144-a2ef-e44461d35697: receive RaftClientReply:client-E41C008B94D2->cb20f782-9136-4144-a2ef-e44461d35697@group-EF222054BC57, cid=1158, SUCCESS, logIndex=1678, commits[cb20f782-9136-4144-a2ef-e44461d35697:c1678]
2019-09-17 12:48:30,771 [grpc-default-executor-2] INFO  client.GrpcClientProtocolClient (GrpcClientProtocolClient.java:onNext(264)) - client-E41C008B94D2->cb20f782-9136-4144-a2ef-e44461d35697: receive RaftClientReply:client-E41C008B94D2->cb20f782-9136-4144-a2ef-e44461d35697@group-EF222054BC57, cid=1159, SUCCESS, logIndex=1679, commits[cb20f782-9136-4144-a2ef-e44461d35697:c1680]
2019-09-17 12:48:30,771 [grpc-default-executor-2] INFO  client.GrpcClientProtocolClient (GrpcClientProtocolClient.java:onNext(264)) - client-E41C008B94D2->cb20f782-9136-4144-a2ef-e44461d35697: receive RaftClientReply:client-E41C008B94D2->cb20f782-9136-4144-a2ef-e44461d35697@group-EF222054BC57, cid=1160, SUCCESS, logIndex=1680, commits[cb20f782-9136-4144-a2ef-e44461d35697:c1680]
2019-09-17 12:48:30,804 [SCMBlockDeletingService#0] DEBUG block.SCMBlockDeletingService (SCMBlockDeletingService.java:call(138)) - Running DeletedBlockTransactionScanner
2019-09-17 12:48:30,804 [SCMBlockDeletingService#0] DEBUG block.SCMBlockDeletingService (SCMBlockDeletingService.java:call(155)) - Scanned deleted blocks log and got 0 delTX to process.
2019-09-17 12:48:30,808 [grpc-default-executor-1] INFO  client.GrpcClientProtocolClient (GrpcClientProtocolClient.java:onNext(264)) - client-E41C008B94D2->cb20f782-9136-4144-a2ef-e44461d35697: receive RaftClientReply:client-E41C008B94D2->cb20f782-9136-4144-a2ef-e44461d35697@group-EF222054BC57, cid=1161, SUCCESS, logIndex=1683, commits[cb20f782-9136-4144-a2ef-e44461d35697:c1686]
2019-09-17 12:48:30,808 [grpc-default-executor-1] INFO  client.GrpcClientProtocolClient (GrpcClientProtocolClient.java:onNext(264)) - client-E41C008B94D2->cb20f782-9136-4144-a2ef-e44461d35697: receive RaftClientReply:client-E41C008B94D2->cb20f782-9136-4144-a2ef-e44461d35697@group-EF222054BC57, cid=1162, SUCCESS, logIndex=1684, commits[cb20f782-9136-4144-a2ef-e44461d35697:c1687]
2019-09-17 12:48:30,809 [grpc-default-executor-1] INFO  client.GrpcClientProtocolClient (GrpcClientProtocolClient.java:onNext(264)) - client-E41C008B94D2->cb20f782-9136-4144-a2ef-e44461d35697: receive RaftClientReply:client-E41C008B94D2->cb20f782-9136-4144-a2ef-e44461d35697@group-EF222054BC57, cid=1163, SUCCESS, logIndex=1685, commits[cb20f782-9136-4144-a2ef-e44461d35697:c1687]
2019-09-17 12:48:30,809 [grpc-default-executor-1] INFO  client.GrpcClientProtocolClient (GrpcClientProtocolClient.java:onNext(264)) - client-E41C008B94D2->cb20f782-9136-4144-a2ef-e44461d35697: receive RaftClientReply:client-E41C008B94D2->cb20f782-9136-4144-a2ef-e44461d35697@group-EF222054BC57, cid=1164, SUCCESS, logIndex=1686, commits[cb20f782-9136-4144-a2ef-e44461d35697:c1687]
2019-09-17 12:48:30,830 [grpc-default-executor-2] INFO  client.GrpcClientProtocolClient (GrpcClientProtocolClient.java:onNext(264)) - client-E41C008B94D2->cb20f782-9136-4144-a2ef-e44461d35697: receive RaftClientReply:client-E41C008B94D2->cb20f782-9136-4144-a2ef-e44461d35697@group-EF222054BC57, cid=1165, SUCCESS, logIndex=1688, commits[cb20f782-9136-4144-a2ef-e44461d35697:c1691]
2019-09-17 12:48:30,831 [grpc-default-executor-2] INFO  client.GrpcClientProtocolClient (GrpcClientProtocolClient.java:onNext(264)) - client-E41C008B94D2->cb20f782-9136-4144-a2ef-e44461d35697: receive RaftClientReply:client-E41C008B94D2->cb20f782-9136-4144-a2ef-e44461d35697@group-EF222054BC57, cid=1166, SUCCESS, logIndex=1689, commits[cb20f782-9136-4144-a2ef-e44461d35697:c1692]
2019-09-17 12:48:30,831 [grpc-default-executor-2] INFO  client.GrpcClientProtocolClient (GrpcClientProtocolClient.java:onNext(264)) - client-E41C008B94D2->cb20f782-9136-4144-a2ef-e44461d35697: receive RaftClientReply:client-E41C008B94D2->cb20f782-9136-4144-a2ef-e44461d35697@group-EF222054BC57, cid=1167, SUCCESS, logIndex=1690, commits[cb20f782-9136-4144-a2ef-e44461d35697:c1692]
2019-09-17 12:48:30,832 [grpc-default-executor-2] INFO  client.GrpcClientProtocolClient (GrpcClientProtocolClient.java:onNext(264)) - client-E41C008B94D2->cb20f782-9136-4144-a2ef-e44461d35697: receive RaftClientReply:client-E41C008B94D2->cb20f782-9136-4144-a2ef-e44461d35697@group-EF222054BC57, cid=1168, SUCCESS, logIndex=1691, commits[cb20f782-9136-4144-a2ef-e44461d35697:c1692]
2019-09-17 12:48:30,863 [grpc-default-executor-2] INFO  client.GrpcClientProtocolClient (GrpcClientProtocolClient.java:onNext(264)) - client-E41C008B94D2->cb20f782-9136-4144-a2ef-e44461d35697: receive RaftClientReply:client-E41C008B94D2->cb20f782-9136-4144-a2ef-e44461d35697@group-EF222054BC57, cid=1169, SUCCESS, logIndex=1693, commits[cb20f782-9136-4144-a2ef-e44461d35697:c1696]
2019-09-17 12:48:30,864 [grpc-default-executor-2] INFO  client.GrpcClientProtocolClient (GrpcClientProtocolClient.java:onNext(264)) - client-E41C008B94D2->cb20f782-9136-4144-a2ef-e44461d35697: receive RaftClientReply:client-E41C008B94D2->cb20f782-9136-4144-a2ef-e44461d35697@group-EF222054BC57, cid=1170, SUCCESS, logIndex=1694, commits[cb20f782-9136-4144-a2ef-e44461d35697:c1696]
2019-09-17 12:48:30,864 [grpc-default-executor-2] INFO  client.GrpcClientProtocolClient (GrpcClientProtocolClient.java:onNext(264)) - client-E41C008B94D2->cb20f782-9136-4144-a2ef-e44461d35697: receive RaftClientReply:client-E41C008B94D2->cb20f782-9136-4144-a2ef-e44461d35697@group-EF222054BC57, cid=1171, SUCCESS, logIndex=1695, commits[cb20f782-9136-4144-a2ef-e44461d35697:c1696]
2019-09-17 12:48:30,864 [grpc-default-executor-2] INFO  client.GrpcClientProtocolClient (GrpcClientProtocolClient.java:onNext(264)) - client-E41C008B94D2->cb20f782-9136-4144-a2ef-e44461d35697: receive RaftClientReply:client-E41C008B94D2->cb20f782-9136-4144-a2ef-e44461d35697@group-EF222054BC57, cid=1172, SUCCESS, logIndex=1696, commits[cb20f782-9136-4144-a2ef-e44461d35697:c1697]
2019-09-17 12:48:30,887 [grpc-default-executor-2] INFO  client.GrpcClientProtocolClient (GrpcClientProtocolClient.java:onNext(264)) - client-E41C008B94D2->cb20f782-9136-4144-a2ef-e44461d35697: receive RaftClientReply:client-E41C008B94D2->cb20f782-9136-4144-a2ef-e44461d35697@group-EF222054BC57, cid=1173, SUCCESS, logIndex=1698, commits[cb20f782-9136-4144-a2ef-e44461d35697:c1699]
2019-09-17 12:48:30,887 [grpc-default-executor-2] INFO  client.GrpcClientProtocolClient (GrpcClientProtocolClient.java:onNext(264)) - client-E41C008B94D2->cb20f782-9136-4144-a2ef-e44461d35697: receive RaftClientReply:client-E41C008B94D2->cb20f782-9136-4144-a2ef-e44461d35697@group-EF222054BC57, cid=1174, SUCCESS, logIndex=1699, commits[cb20f782-9136-4144-a2ef-e44461d35697:c1701]
2019-09-17 12:48:30,887 [grpc-default-executor-2] INFO  client.GrpcClientProtocolClient (GrpcClientProtocolClient.java:onNext(264)) - client-E41C008B94D2->cb20f782-9136-4144-a2ef-e44461d35697: receive RaftClientReply:client-E41C008B94D2->cb20f782-9136-4144-a2ef-e44461d35697@group-EF222054BC57, cid=1175, SUCCESS, logIndex=1700, commits[cb20f782-9136-4144-a2ef-e44461d35697:c1702]
2019-09-17 12:48:30,888 [grpc-default-executor-2] INFO  client.GrpcClientProtocolClient (GrpcClientProtocolClient.java:onNext(264)) - client-E41C008B94D2->cb20f782-9136-4144-a2ef-e44461d35697: receive RaftClientReply:client-E41C008B94D2->cb20f782-9136-4144-a2ef-e44461d35697@group-EF222054BC57, cid=1176, SUCCESS, logIndex=1701, commits[cb20f782-9136-4144-a2ef-e44461d35697:c1703]
2019-09-17 12:48:30,905 [SCMBlockDeletingService#0] DEBUG block.SCMBlockDeletingService (SCMBlockDeletingService.java:call(138)) - Running DeletedBlockTransactionScanner
2019-09-17 12:48:30,905 [SCMBlockDeletingService#0] DEBUG block.SCMBlockDeletingService (SCMBlockDeletingService.java:call(155)) - Scanned deleted blocks log and got 0 delTX to process.
2019-09-17 12:48:30,917 [grpc-default-executor-2] INFO  client.GrpcClientProtocolClient (GrpcClientProtocolClient.java:onNext(264)) - client-E41C008B94D2->cb20f782-9136-4144-a2ef-e44461d35697: receive RaftClientReply:client-E41C008B94D2->cb20f782-9136-4144-a2ef-e44461d35697@group-EF222054BC57, cid=1177, SUCCESS, logIndex=1704, commits[cb20f782-9136-4144-a2ef-e44461d35697:c1707]
2019-09-17 12:48:31,064 [SCMBlockDeletingService#0] DEBUG block.SCMBlockDeletingService (SCMBlockDeletingService.java:call(138)) - Running DeletedBlockTransactionScanner
2019-09-17 12:48:31,064 [SCMBlockDeletingService#0] DEBUG block.SCMBlockDeletingService (SCMBlockDeletingService.java:call(155)) - Scanned deleted blocks log and got 0 delTX to process.
2019-09-17 12:48:31,064 [grpc-default-executor-2] INFO  client.GrpcClientProtocolClient (GrpcClientProtocolClient.java:onNext(264)) - client-E41C008B94D2->cb20f782-9136-4144-a2ef-e44461d35697: receive RaftClientReply:client-E41C008B94D2->cb20f782-9136-4144-a2ef-e44461d35697@group-EF222054BC57, cid=1178, SUCCESS, logIndex=1705, commits[cb20f782-9136-4144-a2ef-e44461d35697:c1708]
2019-09-17 12:48:31,065 [grpc-default-executor-2] INFO  client.GrpcClientProtocolClient (GrpcClientProtocolClient.java:onNext(264)) - client-E41C008B94D2->cb20f782-9136-4144-a2ef-e44461d35697: receive RaftClientReply:client-E41C008B94D2->cb20f782-9136-4144-a2ef-e44461d35697@group-EF222054BC57, cid=1179, SUCCESS, logIndex=1706, commits[cb20f782-9136-4144-a2ef-e44461d35697:c1708]
2019-09-17 12:48:31,065 [grpc-default-executor-2] INFO  client.GrpcClientProtocolClient (GrpcClientProtocolClient.java:onNext(264)) - client-E41C008B94D2->cb20f782-9136-4144-a2ef-e44461d35697: receive RaftClientReply:client-E41C008B94D2->cb20f782-9136-4144-a2ef-e44461d35697@group-EF222054BC57, cid=1180, SUCCESS, logIndex=1707, commits[cb20f782-9136-4144-a2ef-e44461d35697:c1708]
2019-09-17 12:48:31,088 [grpc-default-executor-2] INFO  client.GrpcClientProtocolClient (GrpcClientProtocolClient.java:onNext(264)) - client-E41C008B94D2->cb20f782-9136-4144-a2ef-e44461d35697: receive RaftClientReply:client-E41C008B94D2->cb20f782-9136-4144-a2ef-e44461d35697@group-EF222054BC57, cid=1181, SUCCESS, logIndex=1709, commits[cb20f782-9136-4144-a2ef-e44461d35697:c1712]
2019-09-17 12:48:31,088 [grpc-default-executor-2] INFO  client.GrpcClientProtocolClient (GrpcClientProtocolClient.java:onNext(264)) - client-E41C008B94D2->cb20f782-9136-4144-a2ef-e44461d35697: receive RaftClientReply:client-E41C008B94D2->cb20f782-9136-4144-a2ef-e44461d35697@group-EF222054BC57, cid=1182, SUCCESS, logIndex=1710, commits[cb20f782-9136-4144-a2ef-e44461d35697:c1713]
2019-09-17 12:48:31,089 [grpc-default-executor-2] INFO  client.GrpcClientProtocolClient (GrpcClientProtocolClient.java:onNext(264)) - client-E41C008B94D2->cb20f782-9136-4144-a2ef-e44461d35697: receive RaftClientReply:client-E41C008B94D2->cb20f782-9136-4144-a2ef-e44461d35697@group-EF222054BC57, cid=1183, SUCCESS, logIndex=1711, commits[cb20f782-9136-4144-a2ef-e44461d35697:c1713]
2019-09-17 12:48:31,089 [grpc-default-executor-2] INFO  client.GrpcClientProtocolClient (GrpcClientProtocolClient.java:onNext(264)) - client-E41C008B94D2->cb20f782-9136-4144-a2ef-e44461d35697: receive RaftClientReply:client-E41C008B94D2->cb20f782-9136-4144-a2ef-e44461d35697@group-EF222054BC57, cid=1184, SUCCESS, logIndex=1712, commits[cb20f782-9136-4144-a2ef-e44461d35697:c1713]
2019-09-17 12:48:31,120 [grpc-default-executor-1] INFO  client.GrpcClientProtocolClient (GrpcClientProtocolClient.java:onNext(264)) - client-E41C008B94D2->cb20f782-9136-4144-a2ef-e44461d35697: receive RaftClientReply:client-E41C008B94D2->cb20f782-9136-4144-a2ef-e44461d35697@group-EF222054BC57, cid=1185, SUCCESS, logIndex=1714, commits[cb20f782-9136-4144-a2ef-e44461d35697:c1717]
2019-09-17 12:48:31,121 [grpc-default-executor-1] INFO  client.GrpcClientProtocolClient (GrpcClientProtocolClient.java:onNext(264)) - client-E41C008B94D2->cb20f782-9136-4144-a2ef-e44461d35697: receive RaftClientReply:client-E41C008B94D2->cb20f782-9136-4144-a2ef-e44461d35697@group-EF222054BC57, cid=1186, SUCCESS, logIndex=1715, commits[cb20f782-9136-4144-a2ef-e44461d35697:c1718]
2019-09-17 12:48:31,121 [grpc-default-executor-1] INFO  client.GrpcClientProtocolClient (GrpcClientProtocolClient.java:onNext(264)) - client-E41C008B94D2->cb20f782-9136-4144-a2ef-e44461d35697: receive RaftClientReply:client-E41C008B94D2->cb20f782-9136-4144-a2ef-e44461d35697@group-EF222054BC57, cid=1187, SUCCESS, logIndex=1716, commits[cb20f782-9136-4144-a2ef-e44461d35697:c1718]
2019-09-17 12:48:31,122 [grpc-default-executor-1] INFO  client.GrpcClientProtocolClient (GrpcClientProtocolClient.java:onNext(264)) - client-E41C008B94D2->cb20f782-9136-4144-a2ef-e44461d35697: receive RaftClientReply:client-E41C008B94D2->cb20f782-9136-4144-a2ef-e44461d35697@group-EF222054BC57, cid=1188, SUCCESS, logIndex=1717, commits[cb20f782-9136-4144-a2ef-e44461d35697:c1718]
2019-09-17 12:48:31,144 [grpc-default-executor-2] INFO  client.GrpcClientProtocolClient (GrpcClientProtocolClient.java:onNext(264)) - client-E41C008B94D2->cb20f782-9136-4144-a2ef-e44461d35697: receive RaftClientReply:client-E41C008B94D2->cb20f782-9136-4144-a2ef-e44461d35697@group-EF222054BC57, cid=1189, SUCCESS, logIndex=1719, commits[cb20f782-9136-4144-a2ef-e44461d35697:c1722]
2019-09-17 12:48:31,145 [grpc-default-executor-2] INFO  client.GrpcClientProtocolClient (GrpcClientProtocolClient.java:onNext(264)) - client-E41C008B94D2->cb20f782-9136-4144-a2ef-e44461d35697: receive RaftClientReply:client-E41C008B94D2->cb20f782-9136-4144-a2ef-e44461d35697@group-EF222054BC57, cid=1190, SUCCESS, logIndex=1720, commits[cb20f782-9136-4144-a2ef-e44461d35697:c1723]
2019-09-17 12:48:31,145 [grpc-default-executor-2] INFO  client.GrpcClientProtocolClient (GrpcClientProtocolClient.java:onNext(264)) - client-E41C008B94D2->cb20f782-9136-4144-a2ef-e44461d35697: receive RaftClientReply:client-E41C008B94D2->cb20f782-9136-4144-a2ef-e44461d35697@group-EF222054BC57, cid=1191, SUCCESS, logIndex=1721, commits[cb20f782-9136-4144-a2ef-e44461d35697:c1723]
2019-09-17 12:48:31,145 [grpc-default-executor-2] INFO  client.GrpcClientProtocolClient (GrpcClientProtocolClient.java:onNext(264)) - client-E41C008B94D2->cb20f782-9136-4144-a2ef-e44461d35697: receive RaftClientReply:client-E41C008B94D2->cb20f782-9136-4144-a2ef-e44461d35697@group-EF222054BC57, cid=1192, SUCCESS, logIndex=1722, commits[cb20f782-9136-4144-a2ef-e44461d35697:c1723]
2019-09-17 12:48:31,165 [SCMBlockDeletingService#0] DEBUG block.SCMBlockDeletingService (SCMBlockDeletingService.java:call(138)) - Running DeletedBlockTransactionScanner
2019-09-17 12:48:31,165 [SCMBlockDeletingService#0] DEBUG block.SCMBlockDeletingService (SCMBlockDeletingService.java:call(155)) - Scanned deleted blocks log and got 0 delTX to process.
2019-09-17 12:48:31,266 [SCMBlockDeletingService#0] DEBUG block.SCMBlockDeletingService (SCMBlockDeletingService.java:call(138)) - Running DeletedBlockTransactionScanner
2019-09-17 12:48:31,266 [SCMBlockDeletingService#0] DEBUG block.SCMBlockDeletingService (SCMBlockDeletingService.java:call(155)) - Scanned deleted blocks log and got 0 delTX to process.
2019-09-17 12:48:31,269 [grpc-default-executor-2] INFO  client.GrpcClientProtocolClient (GrpcClientProtocolClient.java:onNext(264)) - client-E41C008B94D2->cb20f782-9136-4144-a2ef-e44461d35697: receive RaftClientReply:client-E41C008B94D2->cb20f782-9136-4144-a2ef-e44461d35697@group-EF222054BC57, cid=1193, SUCCESS, logIndex=1724, commits[cb20f782-9136-4144-a2ef-e44461d35697:c1725]
2019-09-17 12:48:31,270 [grpc-default-executor-2] INFO  client.GrpcClientProtocolClient (GrpcClientProtocolClient.java:onNext(264)) - client-E41C008B94D2->cb20f782-9136-4144-a2ef-e44461d35697: receive RaftClientReply:client-E41C008B94D2->cb20f782-9136-4144-a2ef-e44461d35697@group-EF222054BC57, cid=1194, SUCCESS, logIndex=1725, commits[cb20f782-9136-4144-a2ef-e44461d35697:c1727]
2019-09-17 12:48:31,270 [grpc-default-executor-2] INFO  client.GrpcClientProtocolClient (GrpcClientProtocolClient.java:onNext(264)) - client-E41C008B94D2->cb20f782-9136-4144-a2ef-e44461d35697: receive RaftClientReply:client-E41C008B94D2->cb20f782-9136-4144-a2ef-e44461d35697@group-EF222054BC57, cid=1195, SUCCESS, logIndex=1726, commits[cb20f782-9136-4144-a2ef-e44461d35697:c1728]
2019-09-17 12:48:31,271 [grpc-default-executor-2] INFO  client.GrpcClientProtocolClient (GrpcClientProtocolClient.java:onNext(264)) - client-E41C008B94D2->cb20f782-9136-4144-a2ef-e44461d35697: receive RaftClientReply:client-E41C008B94D2->cb20f782-9136-4144-a2ef-e44461d35697@group-EF222054BC57, cid=1196, SUCCESS, logIndex=1727, commits[cb20f782-9136-4144-a2ef-e44461d35697:c1728]
2019-09-17 12:48:31,292 [grpc-default-executor-2] INFO  client.GrpcClientProtocolClient (GrpcClientProtocolClient.java:onNext(264)) - client-E41C008B94D2->cb20f782-9136-4144-a2ef-e44461d35697: receive RaftClientReply:client-E41C008B94D2->cb20f782-9136-4144-a2ef-e44461d35697@group-EF222054BC57, cid=1197, SUCCESS, logIndex=1730, commits[cb20f782-9136-4144-a2ef-e44461d35697:c1733]
2019-09-17 12:48:31,292 [grpc-default-executor-2] INFO  client.GrpcClientProtocolClient (GrpcClientProtocolClient.java:onNext(264)) - client-E41C008B94D2->cb20f782-9136-4144-a2ef-e44461d35697: receive RaftClientReply:client-E41C008B94D2->cb20f782-9136-4144-a2ef-e44461d35697@group-EF222054BC57, cid=1198, SUCCESS, logIndex=1731, commits[cb20f782-9136-4144-a2ef-e44461d35697:c1734]
2019-09-17 12:48:31,293 [grpc-default-executor-2] INFO  client.GrpcClientProtocolClient (GrpcClientProtocolClient.java:onNext(264)) - client-E41C008B94D2->cb20f782-9136-4144-a2ef-e44461d35697: receive RaftClientReply:client-E41C008B94D2->cb20f782-9136-4144-a2ef-e44461d35697@group-EF222054BC57, cid=1199, SUCCESS, logIndex=1732, commits[cb20f782-9136-4144-a2ef-e44461d35697:c1734]
2019-09-17 12:48:31,293 [grpc-default-executor-2] INFO  client.GrpcClientProtocolClient (GrpcClientProtocolClient.java:onNext(264)) - client-E41C008B94D2->cb20f782-9136-4144-a2ef-e44461d35697: receive RaftClientReply:client-E41C008B94D2->cb20f782-9136-4144-a2ef-e44461d35697@group-EF222054BC57, cid=1200, SUCCESS, logIndex=1733, commits[cb20f782-9136-4144-a2ef-e44461d35697:c1734]
2019-09-17 12:48:31,319 [grpc-default-executor-2] INFO  client.GrpcClientProtocolClient (GrpcClientProtocolClient.java:onNext(264)) - client-E41C008B94D2->cb20f782-9136-4144-a2ef-e44461d35697: receive RaftClientReply:client-E41C008B94D2->cb20f782-9136-4144-a2ef-e44461d35697@group-EF222054BC57, cid=1201, SUCCESS, logIndex=1735, commits[cb20f782-9136-4144-a2ef-e44461d35697:c1736]
2019-09-17 12:48:31,319 [grpc-default-executor-2] INFO  client.GrpcClientProtocolClient (GrpcClientProtocolClient.java:onNext(264)) - client-E41C008B94D2->cb20f782-9136-4144-a2ef-e44461d35697: receive RaftClientReply:client-E41C008B94D2->cb20f782-9136-4144-a2ef-e44461d35697@group-EF222054BC57, cid=1202, SUCCESS, logIndex=1736, commits[cb20f782-9136-4144-a2ef-e44461d35697:c1738]
2019-09-17 12:48:31,320 [grpc-default-executor-2] INFO  client.GrpcClientProtocolClient (GrpcClientProtocolClient.java:onNext(264)) - client-E41C008B94D2->cb20f782-9136-4144-a2ef-e44461d35697: receive RaftClientReply:client-E41C008B94D2->cb20f782-9136-4144-a2ef-e44461d35697@group-EF222054BC57, cid=1203, SUCCESS, logIndex=1737, commits[cb20f782-9136-4144-a2ef-e44461d35697:c1738]
2019-09-17 12:48:31,320 [grpc-default-executor-2] INFO  client.GrpcClientProtocolClient (GrpcClientProtocolClient.java:onNext(264)) - client-E41C008B94D2->cb20f782-9136-4144-a2ef-e44461d35697: receive RaftClientReply:client-E41C008B94D2->cb20f782-9136-4144-a2ef-e44461d35697@group-EF222054BC57, cid=1204, SUCCESS, logIndex=1738, commits[cb20f782-9136-4144-a2ef-e44461d35697:c1739]
2019-09-17 12:48:31,338 [grpc-default-executor-2] INFO  client.GrpcClientProtocolClient (GrpcClientProtocolClient.java:onNext(264)) - client-E41C008B94D2->cb20f782-9136-4144-a2ef-e44461d35697: receive RaftClientReply:client-E41C008B94D2->cb20f782-9136-4144-a2ef-e44461d35697@group-EF222054BC57, cid=1205, SUCCESS, logIndex=1741, commits[cb20f782-9136-4144-a2ef-e44461d35697:c1742]
2019-09-17 12:48:31,338 [grpc-default-executor-2] INFO  client.GrpcClientProtocolClient (GrpcClientProtocolClient.java:onNext(264)) - client-E41C008B94D2->cb20f782-9136-4144-a2ef-e44461d35697: receive RaftClientReply:client-E41C008B94D2->cb20f782-9136-4144-a2ef-e44461d35697@group-EF222054BC57, cid=1206, SUCCESS, logIndex=1742, commits[cb20f782-9136-4144-a2ef-e44461d35697:c1744]
2019-09-17 12:48:31,339 [grpc-default-executor-2] INFO  client.GrpcClientProtocolClient (GrpcClientProtocolClient.java:onNext(264)) - client-E41C008B94D2->cb20f782-9136-4144-a2ef-e44461d35697: receive RaftClientReply:client-E41C008B94D2->cb20f782-9136-4144-a2ef-e44461d35697@group-EF222054BC57, cid=1207, SUCCESS, logIndex=1743, commits[cb20f782-9136-4144-a2ef-e44461d35697:c1744]
2019-09-17 12:48:31,339 [grpc-default-executor-2] INFO  client.GrpcClientProtocolClient (GrpcClientProtocolClient.java:onNext(264)) - client-E41C008B94D2->cb20f782-9136-4144-a2ef-e44461d35697: receive RaftClientReply:client-E41C008B94D2->cb20f782-9136-4144-a2ef-e44461d35697@group-EF222054BC57, cid=1208, SUCCESS, logIndex=1744, commits[cb20f782-9136-4144-a2ef-e44461d35697:c1745]
2019-09-17 12:48:31,366 [SCMBlockDeletingService#0] DEBUG block.SCMBlockDeletingService (SCMBlockDeletingService.java:call(138)) - Running DeletedBlockTransactionScanner
2019-09-17 12:48:31,366 [SCMBlockDeletingService#0] DEBUG block.SCMBlockDeletingService (SCMBlockDeletingService.java:call(155)) - Scanned deleted blocks log and got 0 delTX to process.
2019-09-17 12:48:31,374 [grpc-default-executor-2] INFO  client.GrpcClientProtocolClient (GrpcClientProtocolClient.java:onNext(264)) - client-E41C008B94D2->cb20f782-9136-4144-a2ef-e44461d35697: receive RaftClientReply:client-E41C008B94D2->cb20f782-9136-4144-a2ef-e44461d35697@group-EF222054BC57, cid=1209, SUCCESS, logIndex=1747, commits[cb20f782-9136-4144-a2ef-e44461d35697:c1750]
2019-09-17 12:48:31,375 [grpc-default-executor-2] INFO  client.GrpcClientProtocolClient (GrpcClientProtocolClient.java:onNext(264)) - client-E41C008B94D2->cb20f782-9136-4144-a2ef-e44461d35697: receive RaftClientReply:client-E41C008B94D2->cb20f782-9136-4144-a2ef-e44461d35697@group-EF222054BC57, cid=1210, SUCCESS, logIndex=1748, commits[cb20f782-9136-4144-a2ef-e44461d35697:c1751]
2019-09-17 12:48:31,375 [grpc-default-executor-2] INFO  client.GrpcClientProtocolClient (GrpcClientProtocolClient.java:onNext(264)) - client-E41C008B94D2->cb20f782-9136-4144-a2ef-e44461d35697: receive RaftClientReply:client-E41C008B94D2->cb20f782-9136-4144-a2ef-e44461d35697@group-EF222054BC57, cid=1211, SUCCESS, logIndex=1749, commits[cb20f782-9136-4144-a2ef-e44461d35697:c1751]
2019-09-17 12:48:31,375 [grpc-default-executor-2] INFO  client.GrpcClientProtocolClient (GrpcClientProtocolClient.java:onNext(264)) - client-E41C008B94D2->cb20f782-9136-4144-a2ef-e44461d35697: receive RaftClientReply:client-E41C008B94D2->cb20f782-9136-4144-a2ef-e44461d35697@group-EF222054BC57, cid=1212, SUCCESS, logIndex=1750, commits[cb20f782-9136-4144-a2ef-e44461d35697:c1751]
2019-09-17 12:48:31,397 [grpc-default-executor-1] INFO  client.GrpcClientProtocolClient (GrpcClientProtocolClient.java:onNext(264)) - client-E41C008B94D2->cb20f782-9136-4144-a2ef-e44461d35697: receive RaftClientReply:client-E41C008B94D2->cb20f782-9136-4144-a2ef-e44461d35697@group-EF222054BC57, cid=1213, SUCCESS, logIndex=1752, commits[cb20f782-9136-4144-a2ef-e44461d35697:c1755]
2019-09-17 12:48:31,397 [grpc-default-executor-1] INFO  client.GrpcClientProtocolClient (GrpcClientProtocolClient.java:onNext(264)) - client-E41C008B94D2->cb20f782-9136-4144-a2ef-e44461d35697: receive RaftClientReply:client-E41C008B94D2->cb20f782-9136-4144-a2ef-e44461d35697@group-EF222054BC57, cid=1214, SUCCESS, logIndex=1753, commits[cb20f782-9136-4144-a2ef-e44461d35697:c1756]
2019-09-17 12:48:31,397 [grpc-default-executor-1] INFO  client.GrpcClientProtocolClient (GrpcClientProtocolClient.java:onNext(264)) - client-E41C008B94D2->cb20f782-9136-4144-a2ef-e44461d35697: receive RaftClientReply:client-E41C008B94D2->cb20f782-9136-4144-a2ef-e44461d35697@group-EF222054BC57, cid=1215, SUCCESS, logIndex=1754, commits[cb20f782-9136-4144-a2ef-e44461d35697:c1756]
2019-09-17 12:48:31,398 [grpc-default-executor-1] INFO  client.GrpcClientProtocolClient (GrpcClientProtocolClient.java:onNext(264)) - client-E41C008B94D2->cb20f782-9136-4144-a2ef-e44461d35697: receive RaftClientReply:client-E41C008B94D2->cb20f782-9136-4144-a2ef-e44461d35697@group-EF222054BC57, cid=1216, SUCCESS, logIndex=1755, commits[cb20f782-9136-4144-a2ef-e44461d35697:c1756]
2019-09-17 12:48:31,424 [grpc-default-executor-2] INFO  client.GrpcClientProtocolClient (GrpcClientProtocolClient.java:onNext(264)) - client-E41C008B94D2->cb20f782-9136-4144-a2ef-e44461d35697: receive RaftClientReply:client-E41C008B94D2->cb20f782-9136-4144-a2ef-e44461d35697@group-EF222054BC57, cid=1217, SUCCESS, logIndex=1757, commits[cb20f782-9136-4144-a2ef-e44461d35697:c1758]
2019-09-17 12:48:31,425 [grpc-default-executor-2] INFO  client.GrpcClientProtocolClient (GrpcClientProtocolClient.java:onNext(264)) - client-E41C008B94D2->cb20f782-9136-4144-a2ef-e44461d35697: receive RaftClientReply:client-E41C008B94D2->cb20f782-9136-4144-a2ef-e44461d35697@group-EF222054BC57, cid=1218, SUCCESS, logIndex=1758, commits[cb20f782-9136-4144-a2ef-e44461d35697:c1758]
2019-09-17 12:48:31,455 [grpc-default-executor-2] INFO  client.GrpcClientProtocolClient (GrpcClientProtocolClient.java:onNext(264)) - client-E41C008B94D2->cb20f782-9136-4144-a2ef-e44461d35697: receive RaftClientReply:client-E41C008B94D2->cb20f782-9136-4144-a2ef-e44461d35697@group-EF222054BC57, cid=1219, SUCCESS, logIndex=1759, commits[cb20f782-9136-4144-a2ef-e44461d35697:c1760]
2019-09-17 12:48:31,455 [grpc-default-executor-2] INFO  client.GrpcClientProtocolClient (GrpcClientProtocolClient.java:onNext(264)) - client-E41C008B94D2->cb20f782-9136-4144-a2ef-e44461d35697: receive RaftClientReply:client-E41C008B94D2->cb20f782-9136-4144-a2ef-e44461d35697@group-EF222054BC57, cid=1220, SUCCESS, logIndex=1760, commits[cb20f782-9136-4144-a2ef-e44461d35697:c1760]
2019-09-17 12:48:31,467 [SCMBlockDeletingService#0] DEBUG block.SCMBlockDeletingService (SCMBlockDeletingService.java:call(138)) - Running DeletedBlockTransactionScanner
2019-09-17 12:48:31,467 [SCMBlockDeletingService#0] DEBUG block.SCMBlockDeletingService (SCMBlockDeletingService.java:call(155)) - Scanned deleted blocks log and got 0 delTX to process.
2019-09-17 12:48:31,479 [grpc-default-executor-1] INFO  client.GrpcClientProtocolClient (GrpcClientProtocolClient.java:onNext(264)) - client-E41C008B94D2->cb20f782-9136-4144-a2ef-e44461d35697: receive RaftClientReply:client-E41C008B94D2->cb20f782-9136-4144-a2ef-e44461d35697@group-EF222054BC57, cid=1221, SUCCESS, logIndex=1763, commits[cb20f782-9136-4144-a2ef-e44461d35697:c1766]
2019-09-17 12:48:31,480 [grpc-default-executor-1] INFO  client.GrpcClientProtocolClient (GrpcClientProtocolClient.java:onNext(264)) - client-E41C008B94D2->cb20f782-9136-4144-a2ef-e44461d35697: receive RaftClientReply:client-E41C008B94D2->cb20f782-9136-4144-a2ef-e44461d35697@group-EF222054BC57, cid=1222, SUCCESS, logIndex=1764, commits[cb20f782-9136-4144-a2ef-e44461d35697:c1767]
2019-09-17 12:48:31,480 [grpc-default-executor-1] INFO  client.GrpcClientProtocolClient (GrpcClientProtocolClient.java:onNext(264)) - client-E41C008B94D2->cb20f782-9136-4144-a2ef-e44461d35697: receive RaftClientReply:client-E41C008B94D2->cb20f782-9136-4144-a2ef-e44461d35697@group-EF222054BC57, cid=1223, SUCCESS, logIndex=1765, commits[cb20f782-9136-4144-a2ef-e44461d35697:c1767]
2019-09-17 12:48:31,481 [grpc-default-executor-1] INFO  client.GrpcClientProtocolClient (GrpcClientProtocolClient.java:onNext(264)) - client-E41C008B94D2->cb20f782-9136-4144-a2ef-e44461d35697: receive RaftClientReply:client-E41C008B94D2->cb20f782-9136-4144-a2ef-e44461d35697@group-EF222054BC57, cid=1224, SUCCESS, logIndex=1766, commits[cb20f782-9136-4144-a2ef-e44461d35697:c1767]
2019-09-17 12:48:31,511 [grpc-default-executor-2] INFO  client.GrpcClientProtocolClient (GrpcClientProtocolClient.java:onNext(264)) - client-E41C008B94D2->cb20f782-9136-4144-a2ef-e44461d35697: receive RaftClientReply:client-E41C008B94D2->cb20f782-9136-4144-a2ef-e44461d35697@group-EF222054BC57, cid=1225, SUCCESS, logIndex=1768, commits[cb20f782-9136-4144-a2ef-e44461d35697:c1771]
2019-09-17 12:48:31,512 [grpc-default-executor-2] INFO  client.GrpcClientProtocolClient (GrpcClientProtocolClient.java:onNext(264)) - client-E41C008B94D2->cb20f782-9136-4144-a2ef-e44461d35697: receive RaftClientReply:client-E41C008B94D2->cb20f782-9136-4144-a2ef-e44461d35697@group-EF222054BC57, cid=1226, SUCCESS, logIndex=1769, commits[cb20f782-9136-4144-a2ef-e44461d35697:c1772]
2019-09-17 12:48:31,512 [grpc-default-executor-2] INFO  client.GrpcClientProtocolClient (GrpcClientProtocolClient.java:onNext(264)) - client-E41C008B94D2->cb20f782-9136-4144-a2ef-e44461d35697: receive RaftClientReply:client-E41C008B94D2->cb20f782-9136-4144-a2ef-e44461d35697@group-EF222054BC57, cid=1227, SUCCESS, logIndex=1770, commits[cb20f782-9136-4144-a2ef-e44461d35697:c1772]
2019-09-17 12:48:31,512 [grpc-default-executor-2] INFO  client.GrpcClientProtocolClient (GrpcClientProtocolClient.java:onNext(264)) - client-E41C008B94D2->cb20f782-9136-4144-a2ef-e44461d35697: receive RaftClientReply:client-E41C008B94D2->cb20f782-9136-4144-a2ef-e44461d35697@group-EF222054BC57, cid=1228, SUCCESS, logIndex=1771, commits[cb20f782-9136-4144-a2ef-e44461d35697:c1772]
2019-09-17 12:48:31,533 [grpc-default-executor-2] INFO  client.GrpcClientProtocolClient (GrpcClientProtocolClient.java:onNext(264)) - client-E41C008B94D2->cb20f782-9136-4144-a2ef-e44461d35697: receive RaftClientReply:client-E41C008B94D2->cb20f782-9136-4144-a2ef-e44461d35697@group-EF222054BC57, cid=1229, SUCCESS, logIndex=1773, commits[cb20f782-9136-4144-a2ef-e44461d35697:c1774]
2019-09-17 12:48:31,533 [grpc-default-executor-2] INFO  client.GrpcClientProtocolClient (GrpcClientProtocolClient.java:onNext(264)) - client-E41C008B94D2->cb20f782-9136-4144-a2ef-e44461d35697: receive RaftClientReply:client-E41C008B94D2->cb20f782-9136-4144-a2ef-e44461d35697@group-EF222054BC57, cid=1230, SUCCESS, logIndex=1774, commits[cb20f782-9136-4144-a2ef-e44461d35697:c1776]
2019-09-17 12:48:31,534 [grpc-default-executor-2] INFO  client.GrpcClientProtocolClient (GrpcClientProtocolClient.java:onNext(264)) - client-E41C008B94D2->cb20f782-9136-4144-a2ef-e44461d35697: receive RaftClientReply:client-E41C008B94D2->cb20f782-9136-4144-a2ef-e44461d35697@group-EF222054BC57, cid=1231, SUCCESS, logIndex=1775, commits[cb20f782-9136-4144-a2ef-e44461d35697:c1777]
2019-09-17 12:48:31,534 [grpc-default-executor-2] INFO  client.GrpcClientProtocolClient (GrpcClientProtocolClient.java:onNext(264)) - client-E41C008B94D2->cb20f782-9136-4144-a2ef-e44461d35697: receive RaftClientReply:client-E41C008B94D2->cb20f782-9136-4144-a2ef-e44461d35697@group-EF222054BC57, cid=1232, SUCCESS, logIndex=1776, commits[cb20f782-9136-4144-a2ef-e44461d35697:c1778]
2019-09-17 12:48:31,562 [grpc-default-executor-1] INFO  client.GrpcClientProtocolClient (GrpcClientProtocolClient.java:onNext(264)) - client-E41C008B94D2->cb20f782-9136-4144-a2ef-e44461d35697: receive RaftClientReply:client-E41C008B94D2->cb20f782-9136-4144-a2ef-e44461d35697@group-EF222054BC57, cid=1233, SUCCESS, logIndex=1779, commits[cb20f782-9136-4144-a2ef-e44461d35697:c1780]
2019-09-17 12:48:31,563 [grpc-default-executor-1] INFO  client.GrpcClientProtocolClient (GrpcClientProtocolClient.java:onNext(264)) - client-E41C008B94D2->cb20f782-9136-4144-a2ef-e44461d35697: receive RaftClientReply:client-E41C008B94D2->cb20f782-9136-4144-a2ef-e44461d35697@group-EF222054BC57, cid=1234, SUCCESS, logIndex=1780, commits[cb20f782-9136-4144-a2ef-e44461d35697:c1782]
2019-09-17 12:48:31,563 [grpc-default-executor-1] INFO  client.GrpcClientProtocolClient (GrpcClientProtocolClient.java:onNext(264)) - client-E41C008B94D2->cb20f782-9136-4144-a2ef-e44461d35697: receive RaftClientReply:client-E41C008B94D2->cb20f782-9136-4144-a2ef-e44461d35697@group-EF222054BC57, cid=1235, SUCCESS, logIndex=1781, commits[cb20f782-9136-4144-a2ef-e44461d35697:c1783]
2019-09-17 12:48:31,563 [grpc-default-executor-1] INFO  client.GrpcClientProtocolClient (GrpcClientProtocolClient.java:onNext(264)) - client-E41C008B94D2->cb20f782-9136-4144-a2ef-e44461d35697: receive RaftClientReply:client-E41C008B94D2->cb20f782-9136-4144-a2ef-e44461d35697@group-EF222054BC57, cid=1236, SUCCESS, logIndex=1782, commits[cb20f782-9136-4144-a2ef-e44461d35697:c1783]
2019-09-17 12:48:31,568 [SCMBlockDeletingService#0] DEBUG block.SCMBlockDeletingService (SCMBlockDeletingService.java:call(138)) - Running DeletedBlockTransactionScanner
2019-09-17 12:48:31,568 [SCMBlockDeletingService#0] DEBUG block.SCMBlockDeletingService (SCMBlockDeletingService.java:call(155)) - Scanned deleted blocks log and got 0 delTX to process.
2019-09-17 12:48:31,668 [SCMBlockDeletingService#0] DEBUG block.SCMBlockDeletingService (SCMBlockDeletingService.java:call(138)) - Running DeletedBlockTransactionScanner
2019-09-17 12:48:31,669 [SCMBlockDeletingService#0] DEBUG block.SCMBlockDeletingService (SCMBlockDeletingService.java:call(155)) - Scanned deleted blocks log and got 0 delTX to process.
2019-09-17 12:48:31,688 [grpc-default-executor-1] INFO  client.GrpcClientProtocolClient (GrpcClientProtocolClient.java:onNext(264)) - client-E41C008B94D2->cb20f782-9136-4144-a2ef-e44461d35697: receive RaftClientReply:client-E41C008B94D2->cb20f782-9136-4144-a2ef-e44461d35697@group-EF222054BC57, cid=1237, SUCCESS, logIndex=1785, commits[cb20f782-9136-4144-a2ef-e44461d35697:c1788]
2019-09-17 12:48:31,688 [grpc-default-executor-1] INFO  client.GrpcClientProtocolClient (GrpcClientProtocolClient.java:onNext(264)) - client-E41C008B94D2->cb20f782-9136-4144-a2ef-e44461d35697: receive RaftClientReply:client-E41C008B94D2->cb20f782-9136-4144-a2ef-e44461d35697@group-EF222054BC57, cid=1238, SUCCESS, logIndex=1786, commits[cb20f782-9136-4144-a2ef-e44461d35697:c1789]
2019-09-17 12:48:31,689 [grpc-default-executor-1] INFO  client.GrpcClientProtocolClient (GrpcClientProtocolClient.java:onNext(264)) - client-E41C008B94D2->cb20f782-9136-4144-a2ef-e44461d35697: receive RaftClientReply:client-E41C008B94D2->cb20f782-9136-4144-a2ef-e44461d35697@group-EF222054BC57, cid=1239, SUCCESS, logIndex=1787, commits[cb20f782-9136-4144-a2ef-e44461d35697:c1789]
2019-09-17 12:48:31,689 [grpc-default-executor-1] INFO  client.GrpcClientProtocolClient (GrpcClientProtocolClient.java:onNext(264)) - client-E41C008B94D2->cb20f782-9136-4144-a2ef-e44461d35697: receive RaftClientReply:client-E41C008B94D2->cb20f782-9136-4144-a2ef-e44461d35697@group-EF222054BC57, cid=1240, SUCCESS, logIndex=1788, commits[cb20f782-9136-4144-a2ef-e44461d35697:c1789]
2019-09-17 12:48:31,794 [SCMBlockDeletingService#0] DEBUG block.SCMBlockDeletingService (SCMBlockDeletingService.java:call(138)) - Running DeletedBlockTransactionScanner
2019-09-17 12:48:31,794 [SCMBlockDeletingService#0] DEBUG block.SCMBlockDeletingService (SCMBlockDeletingService.java:call(155)) - Scanned deleted blocks log and got 0 delTX to process.
2019-09-17 12:48:31,811 [grpc-default-executor-1] INFO  client.GrpcClientProtocolClient (GrpcClientProtocolClient.java:onNext(264)) - client-E41C008B94D2->cb20f782-9136-4144-a2ef-e44461d35697: receive RaftClientReply:client-E41C008B94D2->cb20f782-9136-4144-a2ef-e44461d35697@group-EF222054BC57, cid=1241, SUCCESS, logIndex=1790, commits[cb20f782-9136-4144-a2ef-e44461d35697:c1793]
2019-09-17 12:48:31,811 [grpc-default-executor-1] INFO  client.GrpcClientProtocolClient (GrpcClientProtocolClient.java:onNext(264)) - client-E41C008B94D2->cb20f782-9136-4144-a2ef-e44461d35697: receive RaftClientReply:client-E41C008B94D2->cb20f782-9136-4144-a2ef-e44461d35697@group-EF222054BC57, cid=1242, SUCCESS, logIndex=1791, commits[cb20f782-9136-4144-a2ef-e44461d35697:c1794]
2019-09-17 12:48:31,812 [grpc-default-executor-1] INFO  client.GrpcClientProtocolClient (GrpcClientProtocolClient.java:onNext(264)) - client-E41C008B94D2->cb20f782-9136-4144-a2ef-e44461d35697: receive RaftClientReply:client-E41C008B94D2->cb20f782-9136-4144-a2ef-e44461d35697@group-EF222054BC57, cid=1243, SUCCESS, logIndex=1792, commits[cb20f782-9136-4144-a2ef-e44461d35697:c1794]
2019-09-17 12:48:31,812 [grpc-default-executor-1] INFO  client.GrpcClientProtocolClient (GrpcClientProtocolClient.java:onNext(264)) - client-E41C008B94D2->cb20f782-9136-4144-a2ef-e44461d35697: receive RaftClientReply:client-E41C008B94D2->cb20f782-9136-4144-a2ef-e44461d35697@group-EF222054BC57, cid=1244, SUCCESS, logIndex=1793, commits[cb20f782-9136-4144-a2ef-e44461d35697:c1795]
2019-09-17 12:48:31,836 [grpc-default-executor-2] INFO  client.GrpcClientProtocolClient (GrpcClientProtocolClient.java:onNext(264)) - client-E41C008B94D2->cb20f782-9136-4144-a2ef-e44461d35697: receive RaftClientReply:client-E41C008B94D2->cb20f782-9136-4144-a2ef-e44461d35697@group-EF222054BC57, cid=1245, SUCCESS, logIndex=1796, commits[cb20f782-9136-4144-a2ef-e44461d35697:c1799]
2019-09-17 12:48:31,836 [grpc-default-executor-2] INFO  client.GrpcClientProtocolClient (GrpcClientProtocolClient.java:onNext(264)) - client-E41C008B94D2->cb20f782-9136-4144-a2ef-e44461d35697: receive RaftClientReply:client-E41C008B94D2->cb20f782-9136-4144-a2ef-e44461d35697@group-EF222054BC57, cid=1246, SUCCESS, logIndex=1797, commits[cb20f782-9136-4144-a2ef-e44461d35697:c1800]
2019-09-17 12:48:31,837 [grpc-default-executor-2] INFO  client.GrpcClientProtocolClient (GrpcClientProtocolClient.java:onNext(264)) - client-E41C008B94D2->cb20f782-9136-4144-a2ef-e44461d35697: receive RaftClientReply:client-E41C008B94D2->cb20f782-9136-4144-a2ef-e44461d35697@group-EF222054BC57, cid=1247, SUCCESS, logIndex=1798, commits[cb20f782-9136-4144-a2ef-e44461d35697:c1800]
2019-09-17 12:48:31,837 [grpc-default-executor-2] INFO  client.GrpcClientProtocolClient (GrpcClientProtocolClient.java:onNext(264)) - client-E41C008B94D2->cb20f782-9136-4144-a2ef-e44461d35697: receive RaftClientReply:client-E41C008B94D2->cb20f782-9136-4144-a2ef-e44461d35697@group-EF222054BC57, cid=1248, SUCCESS, logIndex=1799, commits[cb20f782-9136-4144-a2ef-e44461d35697:c1800]
2019-09-17 12:48:31,866 [grpc-default-executor-2] INFO  client.GrpcClientProtocolClient (GrpcClientProtocolClient.java:onNext(264)) - client-E41C008B94D2->cb20f782-9136-4144-a2ef-e44461d35697: receive RaftClientReply:client-E41C008B94D2->cb20f782-9136-4144-a2ef-e44461d35697@group-EF222054BC57, cid=1249, SUCCESS, logIndex=1801, commits[cb20f782-9136-4144-a2ef-e44461d35697:c1802]
2019-09-17 12:48:31,866 [grpc-default-executor-2] INFO  client.GrpcClientProtocolClient (GrpcClientProtocolClient.java:onNext(264)) - client-E41C008B94D2->cb20f782-9136-4144-a2ef-e44461d35697: receive RaftClientReply:client-E41C008B94D2->cb20f782-9136-4144-a2ef-e44461d35697@group-EF222054BC57, cid=1250, SUCCESS, logIndex=1802, commits[cb20f782-9136-4144-a2ef-e44461d35697:c1804]
2019-09-17 12:48:31,867 [grpc-default-executor-2] INFO  client.GrpcClientProtocolClient (GrpcClientProtocolClient.java:onNext(264)) - client-E41C008B94D2->cb20f782-9136-4144-a2ef-e44461d35697: receive RaftClientReply:client-E41C008B94D2->cb20f782-9136-4144-a2ef-e44461d35697@group-EF222054BC57, cid=1251, SUCCESS, logIndex=1803, commits[cb20f782-9136-4144-a2ef-e44461d35697:c1805]
2019-09-17 12:48:31,867 [grpc-default-executor-2] INFO  client.GrpcClientProtocolClient (GrpcClientProtocolClient.java:onNext(264)) - client-E41C008B94D2->cb20f782-9136-4144-a2ef-e44461d35697: receive RaftClientReply:client-E41C008B94D2->cb20f782-9136-4144-a2ef-e44461d35697@group-EF222054BC57, cid=1252, SUCCESS, logIndex=1804, commits[cb20f782-9136-4144-a2ef-e44461d35697:c1806]
2019-09-17 12:48:31,892 [grpc-default-executor-2] INFO  client.GrpcClientProtocolClient (GrpcClientProtocolClient.java:onNext(264)) - client-E41C008B94D2->cb20f782-9136-4144-a2ef-e44461d35697: receive RaftClientReply:client-E41C008B94D2->cb20f782-9136-4144-a2ef-e44461d35697@group-EF222054BC57, cid=1253, SUCCESS, logIndex=1807, commits[cb20f782-9136-4144-a2ef-e44461d35697:c1810]
2019-09-17 12:48:31,892 [grpc-default-executor-2] INFO  client.GrpcClientProtocolClient (GrpcClientProtocolClient.java:onNext(264)) - client-E41C008B94D2->cb20f782-9136-4144-a2ef-e44461d35697: receive RaftClientReply:client-E41C008B94D2->cb20f782-9136-4144-a2ef-e44461d35697@group-EF222054BC57, cid=1254, SUCCESS, logIndex=1808, commits[cb20f782-9136-4144-a2ef-e44461d35697:c1811]
2019-09-17 12:48:31,893 [grpc-default-executor-2] INFO  client.GrpcClientProtocolClient (GrpcClientProtocolClient.java:onNext(264)) - client-E41C008B94D2->cb20f782-9136-4144-a2ef-e44461d35697: receive RaftClientReply:client-E41C008B94D2->cb20f782-9136-4144-a2ef-e44461d35697@group-EF222054BC57, cid=1255, SUCCESS, logIndex=1809, commits[cb20f782-9136-4144-a2ef-e44461d35697:c1811]
2019-09-17 12:48:31,893 [grpc-default-executor-2] INFO  client.GrpcClientProtocolClient (GrpcClientProtocolClient.java:onNext(264)) - client-E41C008B94D2->cb20f782-9136-4144-a2ef-e44461d35697: receive RaftClientReply:client-E41C008B94D2->cb20f782-9136-4144-a2ef-e44461d35697@group-EF222054BC57, cid=1256, SUCCESS, logIndex=1810, commits[cb20f782-9136-4144-a2ef-e44461d35697:c1811]
2019-09-17 12:48:31,895 [SCMBlockDeletingService#0] DEBUG block.SCMBlockDeletingService (SCMBlockDeletingService.java:call(138)) - Running DeletedBlockTransactionScanner
2019-09-17 12:48:31,895 [SCMBlockDeletingService#0] DEBUG block.SCMBlockDeletingService (SCMBlockDeletingService.java:call(155)) - Scanned deleted blocks log and got 0 delTX to process.
2019-09-17 12:48:31,924 [grpc-default-executor-2] INFO  client.GrpcClientProtocolClient (GrpcClientProtocolClient.java:onNext(264)) - client-E41C008B94D2->cb20f782-9136-4144-a2ef-e44461d35697: receive RaftClientReply:client-E41C008B94D2->cb20f782-9136-4144-a2ef-e44461d35697@group-EF222054BC57, cid=1257, SUCCESS, logIndex=1812, commits[cb20f782-9136-4144-a2ef-e44461d35697:c1815]
2019-09-17 12:48:31,924 [grpc-default-executor-2] INFO  client.GrpcClientProtocolClient (GrpcClientProtocolClient.java:onNext(264)) - client-E41C008B94D2->cb20f782-9136-4144-a2ef-e44461d35697: receive RaftClientReply:client-E41C008B94D2->cb20f782-9136-4144-a2ef-e44461d35697@group-EF222054BC57, cid=1258, SUCCESS, logIndex=1813, commits[cb20f782-9136-4144-a2ef-e44461d35697:c1816]
2019-09-17 12:48:31,925 [grpc-default-executor-2] INFO  client.GrpcClientProtocolClient (GrpcClientProtocolClient.java:onNext(264)) - client-E41C008B94D2->cb20f782-9136-4144-a2ef-e44461d35697: receive RaftClientReply:client-E41C008B94D2->cb20f782-9136-4144-a2ef-e44461d35697@group-EF222054BC57, cid=1259, SUCCESS, logIndex=1814, commits[cb20f782-9136-4144-a2ef-e44461d35697:c1817]
2019-09-17 12:48:31,925 [grpc-default-executor-2] INFO  client.GrpcClientProtocolClient (GrpcClientProtocolClient.java:onNext(264)) - client-E41C008B94D2->cb20f782-9136-4144-a2ef-e44461d35697: receive RaftClientReply:client-E41C008B94D2->cb20f782-9136-4144-a2ef-e44461d35697@group-EF222054BC57, cid=1260, SUCCESS, logIndex=1815, commits[cb20f782-9136-4144-a2ef-e44461d35697:c1817]
2019-09-17 12:48:31,948 [grpc-default-executor-2] INFO  client.GrpcClientProtocolClient (GrpcClientProtocolClient.java:onNext(264)) - client-E41C008B94D2->cb20f782-9136-4144-a2ef-e44461d35697: receive RaftClientReply:client-E41C008B94D2->cb20f782-9136-4144-a2ef-e44461d35697@group-EF222054BC57, cid=1261, SUCCESS, logIndex=1818, commits[cb20f782-9136-4144-a2ef-e44461d35697:c1821]
2019-09-17 12:48:31,948 [grpc-default-executor-2] INFO  client.GrpcClientProtocolClient (GrpcClientProtocolClient.java:onNext(264)) - client-E41C008B94D2->cb20f782-9136-4144-a2ef-e44461d35697: receive RaftClientReply:client-E41C008B94D2->cb20f782-9136-4144-a2ef-e44461d35697@group-EF222054BC57, cid=1262, SUCCESS, logIndex=1819, commits[cb20f782-9136-4144-a2ef-e44461d35697:c1821]
2019-09-17 12:48:31,949 [grpc-default-executor-2] INFO  client.GrpcClientProtocolClient (GrpcClientProtocolClient.java:onNext(264)) - client-E41C008B94D2->cb20f782-9136-4144-a2ef-e44461d35697: receive RaftClientReply:client-E41C008B94D2->cb20f782-9136-4144-a2ef-e44461d35697@group-EF222054BC57, cid=1263, SUCCESS, logIndex=1820, commits[cb20f782-9136-4144-a2ef-e44461d35697:c1821]
2019-09-17 12:48:31,949 [grpc-default-executor-2] INFO  client.GrpcClientProtocolClient (GrpcClientProtocolClient.java:onNext(264)) - client-E41C008B94D2->cb20f782-9136-4144-a2ef-e44461d35697: receive RaftClientReply:client-E41C008B94D2->cb20f782-9136-4144-a2ef-e44461d35697@group-EF222054BC57, cid=1264, SUCCESS, logIndex=1821, commits[cb20f782-9136-4144-a2ef-e44461d35697:c1821]
2019-09-17 12:48:31,991 [grpc-default-executor-2] INFO  client.GrpcClientProtocolClient (GrpcClientProtocolClient.java:onNext(264)) - client-E41C008B94D2->cb20f782-9136-4144-a2ef-e44461d35697: receive RaftClientReply:client-E41C008B94D2->cb20f782-9136-4144-a2ef-e44461d35697@group-EF222054BC57, cid=1265, SUCCESS, logIndex=1823, commits[cb20f782-9136-4144-a2ef-e44461d35697:c1824]
2019-09-17 12:48:31,992 [grpc-default-executor-2] INFO  client.GrpcClientProtocolClient (GrpcClientProtocolClient.java:onNext(264)) - client-E41C008B94D2->cb20f782-9136-4144-a2ef-e44461d35697: receive RaftClientReply:client-E41C008B94D2->cb20f782-9136-4144-a2ef-e44461d35697@group-EF222054BC57, cid=1266, SUCCESS, logIndex=1824, commits[cb20f782-9136-4144-a2ef-e44461d35697:c1826]
2019-09-17 12:48:31,992 [grpc-default-executor-1] INFO  client.GrpcClientProtocolClient (GrpcClientProtocolClient.java:onNext(264)) - client-E41C008B94D2->cb20f782-9136-4144-a2ef-e44461d35697: receive RaftClientReply:client-E41C008B94D2->cb20f782-9136-4144-a2ef-e44461d35697@group-EF222054BC57, cid=1267, SUCCESS, logIndex=1825, commits[cb20f782-9136-4144-a2ef-e44461d35697:c1827]
2019-09-17 12:48:31,992 [grpc-default-executor-1] INFO  client.GrpcClientProtocolClient (GrpcClientProtocolClient.java:onNext(264)) - client-E41C008B94D2->cb20f782-9136-4144-a2ef-e44461d35697: receive RaftClientReply:client-E41C008B94D2->cb20f782-9136-4144-a2ef-e44461d35697@group-EF222054BC57, cid=1268, SUCCESS, logIndex=1826, commits[cb20f782-9136-4144-a2ef-e44461d35697:c1828]
2019-09-17 12:48:31,996 [SCMBlockDeletingService#0] DEBUG block.SCMBlockDeletingService (SCMBlockDeletingService.java:call(138)) - Running DeletedBlockTransactionScanner
2019-09-17 12:48:31,996 [SCMBlockDeletingService#0] DEBUG block.SCMBlockDeletingService (SCMBlockDeletingService.java:call(155)) - Scanned deleted blocks log and got 0 delTX to process.
2019-09-17 12:48:32,013 [grpc-default-executor-1] INFO  client.GrpcClientProtocolClient (GrpcClientProtocolClient.java:onNext(264)) - client-E41C008B94D2->cb20f782-9136-4144-a2ef-e44461d35697: receive RaftClientReply:client-E41C008B94D2->cb20f782-9136-4144-a2ef-e44461d35697@group-EF222054BC57, cid=1269, SUCCESS, logIndex=1829, commits[cb20f782-9136-4144-a2ef-e44461d35697:c1830]
2019-09-17 12:48:32,013 [grpc-default-executor-1] INFO  client.GrpcClientProtocolClient (GrpcClientProtocolClient.java:onNext(264)) - client-E41C008B94D2->cb20f782-9136-4144-a2ef-e44461d35697: receive RaftClientReply:client-E41C008B94D2->cb20f782-9136-4144-a2ef-e44461d35697@group-EF222054BC57, cid=1270, SUCCESS, logIndex=1830, commits[cb20f782-9136-4144-a2ef-e44461d35697:c1832]
2019-09-17 12:48:32,014 [grpc-default-executor-1] INFO  client.GrpcClientProtocolClient (GrpcClientProtocolClient.java:onNext(264)) - client-E41C008B94D2->cb20f782-9136-4144-a2ef-e44461d35697: receive RaftClientReply:client-E41C008B94D2->cb20f782-9136-4144-a2ef-e44461d35697@group-EF222054BC57, cid=1271, SUCCESS, logIndex=1831, commits[cb20f782-9136-4144-a2ef-e44461d35697:c1833]
2019-09-17 12:48:32,014 [grpc-default-executor-1] INFO  client.GrpcClientProtocolClient (GrpcClientProtocolClient.java:onNext(264)) - client-E41C008B94D2->cb20f782-9136-4144-a2ef-e44461d35697: receive RaftClientReply:client-E41C008B94D2->cb20f782-9136-4144-a2ef-e44461d35697@group-EF222054BC57, cid=1272, SUCCESS, logIndex=1832, commits[cb20f782-9136-4144-a2ef-e44461d35697:c1834]
2019-09-17 12:48:32,042 [grpc-default-executor-2] INFO  client.GrpcClientProtocolClient (GrpcClientProtocolClient.java:onNext(264)) - client-E41C008B94D2->cb20f782-9136-4144-a2ef-e44461d35697: receive RaftClientReply:client-E41C008B94D2->cb20f782-9136-4144-a2ef-e44461d35697@group-EF222054BC57, cid=1273, SUCCESS, logIndex=1835, commits[cb20f782-9136-4144-a2ef-e44461d35697:c1836]
2019-09-17 12:48:32,042 [grpc-default-executor-2] INFO  client.GrpcClientProtocolClient (GrpcClientProtocolClient.java:onNext(264)) - client-E41C008B94D2->cb20f782-9136-4144-a2ef-e44461d35697: receive RaftClientReply:client-E41C008B94D2->cb20f782-9136-4144-a2ef-e44461d35697@group-EF222054BC57, cid=1274, SUCCESS, logIndex=1836, commits[cb20f782-9136-4144-a2ef-e44461d35697:c1838]
2019-09-17 12:48:32,043 [grpc-default-executor-2] INFO  client.GrpcClientProtocolClient (GrpcClientProtocolClient.java:onNext(264)) - client-E41C008B94D2->cb20f782-9136-4144-a2ef-e44461d35697: receive RaftClientReply:client-E41C008B94D2->cb20f782-9136-4144-a2ef-e44461d35697@group-EF222054BC57, cid=1275, SUCCESS, logIndex=1837, commits[cb20f782-9136-4144-a2ef-e44461d35697:c1839]
2019-09-17 12:48:32,043 [grpc-default-executor-2] INFO  client.GrpcClientProtocolClient (GrpcClientProtocolClient.java:onNext(264)) - client-E41C008B94D2->cb20f782-9136-4144-a2ef-e44461d35697: receive RaftClientReply:client-E41C008B94D2->cb20f782-9136-4144-a2ef-e44461d35697@group-EF222054BC57, cid=1276, SUCCESS, logIndex=1838, commits[cb20f782-9136-4144-a2ef-e44461d35697:c1839]
2019-09-17 12:48:32,063 [grpc-default-executor-2] INFO  client.GrpcClientProtocolClient (GrpcClientProtocolClient.java:onNext(264)) - client-E41C008B94D2->cb20f782-9136-4144-a2ef-e44461d35697: receive RaftClientReply:client-E41C008B94D2->cb20f782-9136-4144-a2ef-e44461d35697@group-EF222054BC57, cid=1277, SUCCESS, logIndex=1841, commits[cb20f782-9136-4144-a2ef-e44461d35697:c1842]
2019-09-17 12:48:32,063 [grpc-default-executor-2] INFO  client.GrpcClientProtocolClient (GrpcClientProtocolClient.java:onNext(264)) - client-E41C008B94D2->cb20f782-9136-4144-a2ef-e44461d35697: receive RaftClientReply:client-E41C008B94D2->cb20f782-9136-4144-a2ef-e44461d35697@group-EF222054BC57, cid=1278, SUCCESS, logIndex=1842, commits[cb20f782-9136-4144-a2ef-e44461d35697:c1844]
2019-09-17 12:48:32,064 [grpc-default-executor-2] INFO  client.GrpcClientProtocolClient (GrpcClientProtocolClient.java:onNext(264)) - client-E41C008B94D2->cb20f782-9136-4144-a2ef-e44461d35697: receive RaftClientReply:client-E41C008B94D2->cb20f782-9136-4144-a2ef-e44461d35697@group-EF222054BC57, cid=1279, SUCCESS, logIndex=1843, commits[cb20f782-9136-4144-a2ef-e44461d35697:c1845]
2019-09-17 12:48:32,064 [grpc-default-executor-2] INFO  client.GrpcClientProtocolClient (GrpcClientProtocolClient.java:onNext(264)) - client-E41C008B94D2->cb20f782-9136-4144-a2ef-e44461d35697: receive RaftClientReply:client-E41C008B94D2->cb20f782-9136-4144-a2ef-e44461d35697@group-EF222054BC57, cid=1280, SUCCESS, logIndex=1844, commits[cb20f782-9136-4144-a2ef-e44461d35697:c1845]
2019-09-17 12:48:32,096 [SCMBlockDeletingService#0] DEBUG block.SCMBlockDeletingService (SCMBlockDeletingService.java:call(138)) - Running DeletedBlockTransactionScanner
2019-09-17 12:48:32,096 [SCMBlockDeletingService#0] DEBUG block.SCMBlockDeletingService (SCMBlockDeletingService.java:call(155)) - Scanned deleted blocks log and got 0 delTX to process.
2019-09-17 12:48:32,197 [SCMBlockDeletingService#0] DEBUG block.SCMBlockDeletingService (SCMBlockDeletingService.java:call(138)) - Running DeletedBlockTransactionScanner
2019-09-17 12:48:32,197 [SCMBlockDeletingService#0] DEBUG block.SCMBlockDeletingService (SCMBlockDeletingService.java:call(155)) - Scanned deleted blocks log and got 0 delTX to process.
2019-09-17 12:48:32,202 [grpc-default-executor-1] INFO  client.GrpcClientProtocolClient (GrpcClientProtocolClient.java:onNext(264)) - client-E41C008B94D2->cb20f782-9136-4144-a2ef-e44461d35697: receive RaftClientReply:client-E41C008B94D2->cb20f782-9136-4144-a2ef-e44461d35697@group-EF222054BC57, cid=1281, SUCCESS, logIndex=1847, commits[cb20f782-9136-4144-a2ef-e44461d35697:c1850]
2019-09-17 12:48:32,202 [grpc-default-executor-1] INFO  client.GrpcClientProtocolClient (GrpcClientProtocolClient.java:onNext(264)) - client-E41C008B94D2->cb20f782-9136-4144-a2ef-e44461d35697: receive RaftClientReply:client-E41C008B94D2->cb20f782-9136-4144-a2ef-e44461d35697@group-EF222054BC57, cid=1282, SUCCESS, logIndex=1848, commits[cb20f782-9136-4144-a2ef-e44461d35697:c1851]
2019-09-17 12:48:32,203 [grpc-default-executor-1] INFO  client.GrpcClientProtocolClient (GrpcClientProtocolClient.java:onNext(264)) - client-E41C008B94D2->cb20f782-9136-4144-a2ef-e44461d35697: receive RaftClientReply:client-E41C008B94D2->cb20f782-9136-4144-a2ef-e44461d35697@group-EF222054BC57, cid=1283, SUCCESS, logIndex=1849, commits[cb20f782-9136-4144-a2ef-e44461d35697:c1851]
2019-09-17 12:48:32,203 [grpc-default-executor-1] INFO  client.GrpcClientProtocolClient (GrpcClientProtocolClient.java:onNext(264)) - client-E41C008B94D2->cb20f782-9136-4144-a2ef-e44461d35697: receive RaftClientReply:client-E41C008B94D2->cb20f782-9136-4144-a2ef-e44461d35697@group-EF222054BC57, cid=1284, SUCCESS, logIndex=1850, commits[cb20f782-9136-4144-a2ef-e44461d35697:c1851]
2019-09-17 12:48:32,224 [grpc-default-executor-1] INFO  client.GrpcClientProtocolClient (GrpcClientProtocolClient.java:onNext(264)) - client-E41C008B94D2->cb20f782-9136-4144-a2ef-e44461d35697: receive RaftClientReply:client-E41C008B94D2->cb20f782-9136-4144-a2ef-e44461d35697@group-EF222054BC57, cid=1285, SUCCESS, logIndex=1852, commits[cb20f782-9136-4144-a2ef-e44461d35697:c1855]
2019-09-17 12:48:32,225 [grpc-default-executor-1] INFO  client.GrpcClientProtocolClient (GrpcClientProtocolClient.java:onNext(264)) - client-E41C008B94D2->cb20f782-9136-4144-a2ef-e44461d35697: receive RaftClientReply:client-E41C008B94D2->cb20f782-9136-4144-a2ef-e44461d35697@group-EF222054BC57, cid=1286, SUCCESS, logIndex=1853, commits[cb20f782-9136-4144-a2ef-e44461d35697:c1856]
2019-09-17 12:48:32,225 [grpc-default-executor-1] INFO  client.GrpcClientProtocolClient (GrpcClientProtocolClient.java:onNext(264)) - client-E41C008B94D2->cb20f782-9136-4144-a2ef-e44461d35697: receive RaftClientReply:client-E41C008B94D2->cb20f782-9136-4144-a2ef-e44461d35697@group-EF222054BC57, cid=1287, SUCCESS, logIndex=1854, commits[cb20f782-9136-4144-a2ef-e44461d35697:c1856]
2019-09-17 12:48:32,226 [grpc-default-executor-1] INFO  client.GrpcClientProtocolClient (GrpcClientProtocolClient.java:onNext(264)) - client-E41C008B94D2->cb20f782-9136-4144-a2ef-e44461d35697: receive RaftClientReply:client-E41C008B94D2->cb20f782-9136-4144-a2ef-e44461d35697@group-EF222054BC57, cid=1288, SUCCESS, logIndex=1855, commits[cb20f782-9136-4144-a2ef-e44461d35697:c1856]
2019-09-17 12:48:32,253 [grpc-default-executor-2] INFO  client.GrpcClientProtocolClient (GrpcClientProtocolClient.java:onNext(264)) - client-E41C008B94D2->cb20f782-9136-4144-a2ef-e44461d35697: receive RaftClientReply:client-E41C008B94D2->cb20f782-9136-4144-a2ef-e44461d35697@group-EF222054BC57, cid=1289, SUCCESS, logIndex=1857, commits[cb20f782-9136-4144-a2ef-e44461d35697:c1860]
2019-09-17 12:48:32,253 [grpc-default-executor-2] INFO  client.GrpcClientProtocolClient (GrpcClientProtocolClient.java:onNext(264)) - client-E41C008B94D2->cb20f782-9136-4144-a2ef-e44461d35697: receive RaftClientReply:client-E41C008B94D2->cb20f782-9136-4144-a2ef-e44461d35697@group-EF222054BC57, cid=1290, SUCCESS, logIndex=1858, commits[cb20f782-9136-4144-a2ef-e44461d35697:c1860]
2019-09-17 12:48:32,253 [grpc-default-executor-2] INFO  client.GrpcClientProtocolClient (GrpcClientProtocolClient.java:onNext(264)) - client-E41C008B94D2->cb20f782-9136-4144-a2ef-e44461d35697: receive RaftClientReply:client-E41C008B94D2->cb20f782-9136-4144-a2ef-e44461d35697@group-EF222054BC57, cid=1291, SUCCESS, logIndex=1859, commits[cb20f782-9136-4144-a2ef-e44461d35697:c1861]
2019-09-17 12:48:32,254 [grpc-default-executor-2] INFO  client.GrpcClientProtocolClient (GrpcClientProtocolClient.java:onNext(264)) - client-E41C008B94D2->cb20f782-9136-4144-a2ef-e44461d35697: receive RaftClientReply:client-E41C008B94D2->cb20f782-9136-4144-a2ef-e44461d35697@group-EF222054BC57, cid=1292, SUCCESS, logIndex=1860, commits[cb20f782-9136-4144-a2ef-e44461d35697:c1861]
2019-09-17 12:48:32,283 [grpc-default-executor-2] INFO  client.GrpcClientProtocolClient (GrpcClientProtocolClient.java:onNext(264)) - client-E41C008B94D2->cb20f782-9136-4144-a2ef-e44461d35697: receive RaftClientReply:client-E41C008B94D2->cb20f782-9136-4144-a2ef-e44461d35697@group-EF222054BC57, cid=1293, SUCCESS, logIndex=1862, commits[cb20f782-9136-4144-a2ef-e44461d35697:c1865]
2019-09-17 12:48:32,283 [grpc-default-executor-2] INFO  client.GrpcClientProtocolClient (GrpcClientProtocolClient.java:onNext(264)) - client-E41C008B94D2->cb20f782-9136-4144-a2ef-e44461d35697: receive RaftClientReply:client-E41C008B94D2->cb20f782-9136-4144-a2ef-e44461d35697@group-EF222054BC57, cid=1294, SUCCESS, logIndex=1863, commits[cb20f782-9136-4144-a2ef-e44461d35697:c1866]
2019-09-17 12:48:32,283 [grpc-default-executor-2] INFO  client.GrpcClientProtocolClient (GrpcClientProtocolClient.java:onNext(264)) - client-E41C008B94D2->cb20f782-9136-4144-a2ef-e44461d35697: receive RaftClientReply:client-E41C008B94D2->cb20f782-9136-4144-a2ef-e44461d35697@group-EF222054BC57, cid=1295, SUCCESS, logIndex=1864, commits[cb20f782-9136-4144-a2ef-e44461d35697:c1866]
2019-09-17 12:48:32,284 [grpc-default-executor-2] INFO  client.GrpcClientProtocolClient (GrpcClientProtocolClient.java:onNext(264)) - client-E41C008B94D2->cb20f782-9136-4144-a2ef-e44461d35697: receive RaftClientReply:client-E41C008B94D2->cb20f782-9136-4144-a2ef-e44461d35697@group-EF222054BC57, cid=1296, SUCCESS, logIndex=1865, commits[cb20f782-9136-4144-a2ef-e44461d35697:c1866]
2019-09-17 12:48:32,297 [SCMBlockDeletingService#0] DEBUG block.SCMBlockDeletingService (SCMBlockDeletingService.java:call(138)) - Running DeletedBlockTransactionScanner
2019-09-17 12:48:32,298 [SCMBlockDeletingService#0] DEBUG block.SCMBlockDeletingService (SCMBlockDeletingService.java:call(155)) - Scanned deleted blocks log and got 0 delTX to process.
2019-09-17 12:48:32,311 [grpc-default-executor-2] INFO  client.GrpcClientProtocolClient (GrpcClientProtocolClient.java:onNext(264)) - client-E41C008B94D2->cb20f782-9136-4144-a2ef-e44461d35697: receive RaftClientReply:client-E41C008B94D2->cb20f782-9136-4144-a2ef-e44461d35697@group-EF222054BC57, cid=1297, SUCCESS, logIndex=1867, commits[cb20f782-9136-4144-a2ef-e44461d35697:c1870]
2019-09-17 12:48:32,311 [grpc-default-executor-2] INFO  client.GrpcClientProtocolClient (GrpcClientProtocolClient.java:onNext(264)) - client-E41C008B94D2->cb20f782-9136-4144-a2ef-e44461d35697: receive RaftClientReply:client-E41C008B94D2->cb20f782-9136-4144-a2ef-e44461d35697@group-EF222054BC57, cid=1298, SUCCESS, logIndex=1868, commits[cb20f782-9136-4144-a2ef-e44461d35697:c1871]
2019-09-17 12:48:32,312 [grpc-default-executor-2] INFO  client.GrpcClientProtocolClient (GrpcClientProtocolClient.java:onNext(264)) - client-E41C008B94D2->cb20f782-9136-4144-a2ef-e44461d35697: receive RaftClientReply:client-E41C008B94D2->cb20f782-9136-4144-a2ef-e44461d35697@group-EF222054BC57, cid=1299, SUCCESS, logIndex=1869, commits[cb20f782-9136-4144-a2ef-e44461d35697:c1871]
2019-09-17 12:48:32,312 [grpc-default-executor-2] INFO  client.GrpcClientProtocolClient (GrpcClientProtocolClient.java:onNext(264)) - client-E41C008B94D2->cb20f782-9136-4144-a2ef-e44461d35697: receive RaftClientReply:client-E41C008B94D2->cb20f782-9136-4144-a2ef-e44461d35697@group-EF222054BC57, cid=1300, SUCCESS, logIndex=1870, commits[cb20f782-9136-4144-a2ef-e44461d35697:c1871]
2019-09-17 12:48:32,332 [grpc-default-executor-2] INFO  client.GrpcClientProtocolClient (GrpcClientProtocolClient.java:onNext(264)) - client-E41C008B94D2->cb20f782-9136-4144-a2ef-e44461d35697: receive RaftClientReply:client-E41C008B94D2->cb20f782-9136-4144-a2ef-e44461d35697@group-EF222054BC57, cid=1301, SUCCESS, logIndex=1872, commits[cb20f782-9136-4144-a2ef-e44461d35697:c1875]
2019-09-17 12:48:32,332 [grpc-default-executor-2] INFO  client.GrpcClientProtocolClient (GrpcClientProtocolClient.java:onNext(264)) - client-E41C008B94D2->cb20f782-9136-4144-a2ef-e44461d35697: receive RaftClientReply:client-E41C008B94D2->cb20f782-9136-4144-a2ef-e44461d35697@group-EF222054BC57, cid=1302, SUCCESS, logIndex=1873, commits[cb20f782-9136-4144-a2ef-e44461d35697:c1876]
2019-09-17 12:48:32,332 [grpc-default-executor-2] INFO  client.GrpcClientProtocolClient (GrpcClientProtocolClient.java:onNext(264)) - client-E41C008B94D2->cb20f782-9136-4144-a2ef-e44461d35697: receive RaftClientReply:client-E41C008B94D2->cb20f782-9136-4144-a2ef-e44461d35697@group-EF222054BC57, cid=1303, SUCCESS, logIndex=1874, commits[cb20f782-9136-4144-a2ef-e44461d35697:c1876]
2019-09-17 12:48:32,333 [grpc-default-executor-2] INFO  client.GrpcClientProtocolClient (GrpcClientProtocolClient.java:onNext(264)) - client-E41C008B94D2->cb20f782-9136-4144-a2ef-e44461d35697: receive RaftClientReply:client-E41C008B94D2->cb20f782-9136-4144-a2ef-e44461d35697@group-EF222054BC57, cid=1304, SUCCESS, logIndex=1875, commits[cb20f782-9136-4144-a2ef-e44461d35697:c1876]
2019-09-17 12:48:32,361 [grpc-default-executor-2] INFO  client.GrpcClientProtocolClient (GrpcClientProtocolClient.java:onNext(264)) - client-E41C008B94D2->cb20f782-9136-4144-a2ef-e44461d35697: receive RaftClientReply:client-E41C008B94D2->cb20f782-9136-4144-a2ef-e44461d35697@group-EF222054BC57, cid=1305, SUCCESS, logIndex=1877, commits[cb20f782-9136-4144-a2ef-e44461d35697:c1880]
2019-09-17 12:48:32,361 [grpc-default-executor-2] INFO  client.GrpcClientProtocolClient (GrpcClientProtocolClient.java:onNext(264)) - client-E41C008B94D2->cb20f782-9136-4144-a2ef-e44461d35697: receive RaftClientReply:client-E41C008B94D2->cb20f782-9136-4144-a2ef-e44461d35697@group-EF222054BC57, cid=1306, SUCCESS, logIndex=1878, commits[cb20f782-9136-4144-a2ef-e44461d35697:c1880]
2019-09-17 12:48:32,361 [grpc-default-executor-2] INFO  client.GrpcClientProtocolClient (GrpcClientProtocolClient.java:onNext(264)) - client-E41C008B94D2->cb20f782-9136-4144-a2ef-e44461d35697: receive RaftClientReply:client-E41C008B94D2->cb20f782-9136-4144-a2ef-e44461d35697@group-EF222054BC57, cid=1307, SUCCESS, logIndex=1879, commits[cb20f782-9136-4144-a2ef-e44461d35697:c1881]
2019-09-17 12:48:32,362 [grpc-default-executor-2] INFO  client.GrpcClientProtocolClient (GrpcClientProtocolClient.java:onNext(264)) - client-E41C008B94D2->cb20f782-9136-4144-a2ef-e44461d35697: receive RaftClientReply:client-E41C008B94D2->cb20f782-9136-4144-a2ef-e44461d35697@group-EF222054BC57, cid=1308, SUCCESS, logIndex=1880, commits[cb20f782-9136-4144-a2ef-e44461d35697:c1881]
2019-09-17 12:48:32,380 [grpc-default-executor-1] INFO  client.GrpcClientProtocolClient (GrpcClientProtocolClient.java:onNext(264)) - client-E41C008B94D2->cb20f782-9136-4144-a2ef-e44461d35697: receive RaftClientReply:client-E41C008B94D2->cb20f782-9136-4144-a2ef-e44461d35697@group-EF222054BC57, cid=1309, SUCCESS, logIndex=1882, commits[cb20f782-9136-4144-a2ef-e44461d35697:c1883]
2019-09-17 12:48:32,380 [grpc-default-executor-1] INFO  client.GrpcClientProtocolClient (GrpcClientProtocolClient.java:onNext(264)) - client-E41C008B94D2->cb20f782-9136-4144-a2ef-e44461d35697: receive RaftClientReply:client-E41C008B94D2->cb20f782-9136-4144-a2ef-e44461d35697@group-EF222054BC57, cid=1310, SUCCESS, logIndex=1883, commits[cb20f782-9136-4144-a2ef-e44461d35697:c1885]
2019-09-17 12:48:32,380 [grpc-default-executor-1] INFO  client.GrpcClientProtocolClient (GrpcClientProtocolClient.java:onNext(264)) - client-E41C008B94D2->cb20f782-9136-4144-a2ef-e44461d35697: receive RaftClientReply:client-E41C008B94D2->cb20f782-9136-4144-a2ef-e44461d35697@group-EF222054BC57, cid=1311, SUCCESS, logIndex=1884, commits[cb20f782-9136-4144-a2ef-e44461d35697:c1885]
2019-09-17 12:48:32,381 [grpc-default-executor-1] INFO  client.GrpcClientProtocolClient (GrpcClientProtocolClient.java:onNext(264)) - client-E41C008B94D2->cb20f782-9136-4144-a2ef-e44461d35697: receive RaftClientReply:client-E41C008B94D2->cb20f782-9136-4144-a2ef-e44461d35697@group-EF222054BC57, cid=1312, SUCCESS, logIndex=1885, commits[cb20f782-9136-4144-a2ef-e44461d35697:c1886]
2019-09-17 12:48:32,398 [SCMBlockDeletingService#0] DEBUG block.SCMBlockDeletingService (SCMBlockDeletingService.java:call(138)) - Running DeletedBlockTransactionScanner
2019-09-17 12:48:32,398 [SCMBlockDeletingService#0] DEBUG block.SCMBlockDeletingService (SCMBlockDeletingService.java:call(155)) - Scanned deleted blocks log and got 0 delTX to process.
2019-09-17 12:48:32,406 [grpc-default-executor-1] INFO  client.GrpcClientProtocolClient (GrpcClientProtocolClient.java:onNext(264)) - client-E41C008B94D2->cb20f782-9136-4144-a2ef-e44461d35697: receive RaftClientReply:client-E41C008B94D2->cb20f782-9136-4144-a2ef-e44461d35697@group-EF222054BC57, cid=1313, SUCCESS, logIndex=1888, commits[cb20f782-9136-4144-a2ef-e44461d35697:c1891]
2019-09-17 12:48:32,406 [grpc-default-executor-1] INFO  client.GrpcClientProtocolClient (GrpcClientProtocolClient.java:onNext(264)) - client-E41C008B94D2->cb20f782-9136-4144-a2ef-e44461d35697: receive RaftClientReply:client-E41C008B94D2->cb20f782-9136-4144-a2ef-e44461d35697@group-EF222054BC57, cid=1314, SUCCESS, logIndex=1889, commits[cb20f782-9136-4144-a2ef-e44461d35697:c1891]
2019-09-17 12:48:32,406 [grpc-default-executor-1] INFO  client.GrpcClientProtocolClient (GrpcClientProtocolClient.java:onNext(264)) - client-E41C008B94D2->cb20f782-9136-4144-a2ef-e44461d35697: receive RaftClientReply:client-E41C008B94D2->cb20f782-9136-4144-a2ef-e44461d35697@group-EF222054BC57, cid=1315, SUCCESS, logIndex=1890, commits[cb20f782-9136-4144-a2ef-e44461d35697:c1892]
2019-09-17 12:48:32,407 [grpc-default-executor-1] INFO  client.GrpcClientProtocolClient (GrpcClientProtocolClient.java:onNext(264)) - client-E41C008B94D2->cb20f782-9136-4144-a2ef-e44461d35697: receive RaftClientReply:client-E41C008B94D2->cb20f782-9136-4144-a2ef-e44461d35697@group-EF222054BC57, cid=1316, SUCCESS, logIndex=1891, commits[cb20f782-9136-4144-a2ef-e44461d35697:c1893]
2019-09-17 12:48:32,425 [grpc-default-executor-1] INFO  client.GrpcClientProtocolClient (GrpcClientProtocolClient.java:onNext(264)) - client-E41C008B94D2->cb20f782-9136-4144-a2ef-e44461d35697: receive RaftClientReply:client-E41C008B94D2->cb20f782-9136-4144-a2ef-e44461d35697@group-EF222054BC57, cid=1317, SUCCESS, logIndex=1894, commits[cb20f782-9136-4144-a2ef-e44461d35697:c1895]
2019-09-17 12:48:32,425 [grpc-default-executor-1] INFO  client.GrpcClientProtocolClient (GrpcClientProtocolClient.java:onNext(264)) - client-E41C008B94D2->cb20f782-9136-4144-a2ef-e44461d35697: receive RaftClientReply:client-E41C008B94D2->cb20f782-9136-4144-a2ef-e44461d35697@group-EF222054BC57, cid=1318, SUCCESS, logIndex=1895, commits[cb20f782-9136-4144-a2ef-e44461d35697:c1897]
2019-09-17 12:48:32,425 [grpc-default-executor-1] INFO  client.GrpcClientProtocolClient (GrpcClientProtocolClient.java:onNext(264)) - client-E41C008B94D2->cb20f782-9136-4144-a2ef-e44461d35697: receive RaftClientReply:client-E41C008B94D2->cb20f782-9136-4144-a2ef-e44461d35697@group-EF222054BC57, cid=1319, SUCCESS, logIndex=1896, commits[cb20f782-9136-4144-a2ef-e44461d35697:c1898]
2019-09-17 12:48:32,426 [grpc-default-executor-1] INFO  client.GrpcClientProtocolClient (GrpcClientProtocolClient.java:onNext(264)) - client-E41C008B94D2->cb20f782-9136-4144-a2ef-e44461d35697: receive RaftClientReply:client-E41C008B94D2->cb20f782-9136-4144-a2ef-e44461d35697@group-EF222054BC57, cid=1320, SUCCESS, logIndex=1897, commits[cb20f782-9136-4144-a2ef-e44461d35697:c1898]
2019-09-17 12:48:32,457 [grpc-default-executor-1] INFO  client.GrpcClientProtocolClient (GrpcClientProtocolClient.java:onNext(264)) - client-E41C008B94D2->cb20f782-9136-4144-a2ef-e44461d35697: receive RaftClientReply:client-E41C008B94D2->cb20f782-9136-4144-a2ef-e44461d35697@group-EF222054BC57, cid=1321, SUCCESS, logIndex=1900, commits[cb20f782-9136-4144-a2ef-e44461d35697:c1901]
2019-09-17 12:48:32,458 [grpc-default-executor-1] INFO  client.GrpcClientProtocolClient (GrpcClientProtocolClient.java:onNext(264)) - client-E41C008B94D2->cb20f782-9136-4144-a2ef-e44461d35697: receive RaftClientReply:client-E41C008B94D2->cb20f782-9136-4144-a2ef-e44461d35697@group-EF222054BC57, cid=1322, SUCCESS, logIndex=1901, commits[cb20f782-9136-4144-a2ef-e44461d35697:c1901]
2019-09-17 12:48:32,465 [grpc-default-executor-1] INFO  client.GrpcClientProtocolClient (GrpcClientProtocolClient.java:onNext(264)) - client-E41C008B94D2->cb20f782-9136-4144-a2ef-e44461d35697: receive RaftClientReply:client-E41C008B94D2->cb20f782-9136-4144-a2ef-e44461d35697@group-EF222054BC57, cid=1323, SUCCESS, logIndex=1902, commits[cb20f782-9136-4144-a2ef-e44461d35697:c1903]
2019-09-17 12:48:32,465 [grpc-default-executor-1] INFO  client.GrpcClientProtocolClient (GrpcClientProtocolClient.java:onNext(264)) - client-E41C008B94D2->cb20f782-9136-4144-a2ef-e44461d35697: receive RaftClientReply:client-E41C008B94D2->cb20f782-9136-4144-a2ef-e44461d35697@group-EF222054BC57, cid=1324, SUCCESS, logIndex=1903, commits[cb20f782-9136-4144-a2ef-e44461d35697:c1904]
2019-09-17 12:48:32,546 [SCMBlockDeletingService#0] DEBUG block.SCMBlockDeletingService (SCMBlockDeletingService.java:call(138)) - Running DeletedBlockTransactionScanner
2019-09-17 12:48:32,547 [SCMBlockDeletingService#0] DEBUG block.SCMBlockDeletingService (SCMBlockDeletingService.java:call(155)) - Scanned deleted blocks log and got 0 delTX to process.
2019-09-17 12:48:32,565 [grpc-default-executor-2] INFO  client.GrpcClientProtocolClient (GrpcClientProtocolClient.java:onNext(264)) - client-E41C008B94D2->cb20f782-9136-4144-a2ef-e44461d35697: receive RaftClientReply:client-E41C008B94D2->cb20f782-9136-4144-a2ef-e44461d35697@group-EF222054BC57, cid=1325, SUCCESS, logIndex=1906, commits[cb20f782-9136-4144-a2ef-e44461d35697:c1907]
2019-09-17 12:48:32,566 [grpc-default-executor-2] INFO  client.GrpcClientProtocolClient (GrpcClientProtocolClient.java:onNext(264)) - client-E41C008B94D2->cb20f782-9136-4144-a2ef-e44461d35697: receive RaftClientReply:client-E41C008B94D2->cb20f782-9136-4144-a2ef-e44461d35697@group-EF222054BC57, cid=1326, SUCCESS, logIndex=1907, commits[cb20f782-9136-4144-a2ef-e44461d35697:c1908]
2019-09-17 12:48:32,647 [SCMBlockDeletingService#0] DEBUG block.SCMBlockDeletingService (SCMBlockDeletingService.java:call(138)) - Running DeletedBlockTransactionScanner
2019-09-17 12:48:32,647 [SCMBlockDeletingService#0] DEBUG block.SCMBlockDeletingService (SCMBlockDeletingService.java:call(155)) - Scanned deleted blocks log and got 0 delTX to process.
2019-09-17 12:48:32,652 [grpc-default-executor-1] INFO  client.GrpcClientProtocolClient (GrpcClientProtocolClient.java:onNext(264)) - client-E41C008B94D2->cb20f782-9136-4144-a2ef-e44461d35697: receive RaftClientReply:client-E41C008B94D2->cb20f782-9136-4144-a2ef-e44461d35697@group-EF222054BC57, cid=1327, SUCCESS, logIndex=1909, commits[cb20f782-9136-4144-a2ef-e44461d35697:c1910]
2019-09-17 12:48:32,652 [grpc-default-executor-1] INFO  client.GrpcClientProtocolClient (GrpcClientProtocolClient.java:onNext(264)) - client-E41C008B94D2->cb20f782-9136-4144-a2ef-e44461d35697: receive RaftClientReply:client-E41C008B94D2->cb20f782-9136-4144-a2ef-e44461d35697@group-EF222054BC57, cid=1328, SUCCESS, logIndex=1910, commits[cb20f782-9136-4144-a2ef-e44461d35697:c1911]
2019-09-17 12:48:32,685 [grpc-default-executor-2] INFO  client.GrpcClientProtocolClient (GrpcClientProtocolClient.java:onNext(264)) - client-E41C008B94D2->cb20f782-9136-4144-a2ef-e44461d35697: receive RaftClientReply:client-E41C008B94D2->cb20f782-9136-4144-a2ef-e44461d35697@group-EF222054BC57, cid=1329, SUCCESS, logIndex=1912, commits[cb20f782-9136-4144-a2ef-e44461d35697:c1915]
2019-09-17 12:48:32,685 [grpc-default-executor-2] INFO  client.GrpcClientProtocolClient (GrpcClientProtocolClient.java:onNext(264)) - client-E41C008B94D2->cb20f782-9136-4144-a2ef-e44461d35697: receive RaftClientReply:client-E41C008B94D2->cb20f782-9136-4144-a2ef-e44461d35697@group-EF222054BC57, cid=1330, SUCCESS, logIndex=1913, commits[cb20f782-9136-4144-a2ef-e44461d35697:c1916]
2019-09-17 12:48:32,686 [grpc-default-executor-2] INFO  client.GrpcClientProtocolClient (GrpcClientProtocolClient.java:onNext(264)) - client-E41C008B94D2->cb20f782-9136-4144-a2ef-e44461d35697: receive RaftClientReply:client-E41C008B94D2->cb20f782-9136-4144-a2ef-e44461d35697@group-EF222054BC57, cid=1331, SUCCESS, logIndex=1914, commits[cb20f782-9136-4144-a2ef-e44461d35697:c1916]
2019-09-17 12:48:32,686 [grpc-default-executor-2] INFO  client.GrpcClientProtocolClient (GrpcClientProtocolClient.java:onNext(264)) - client-E41C008B94D2->cb20f782-9136-4144-a2ef-e44461d35697: receive RaftClientReply:client-E41C008B94D2->cb20f782-9136-4144-a2ef-e44461d35697@group-EF222054BC57, cid=1332, SUCCESS, logIndex=1915, commits[cb20f782-9136-4144-a2ef-e44461d35697:c1916]
2019-09-17 12:48:32,709 [grpc-default-executor-2] INFO  client.GrpcClientProtocolClient (GrpcClientProtocolClient.java:onNext(264)) - client-E41C008B94D2->cb20f782-9136-4144-a2ef-e44461d35697: receive RaftClientReply:client-E41C008B94D2->cb20f782-9136-4144-a2ef-e44461d35697@group-EF222054BC57, cid=1333, SUCCESS, logIndex=1917, commits[cb20f782-9136-4144-a2ef-e44461d35697:c1920]
2019-09-17 12:48:32,709 [grpc-default-executor-2] INFO  client.GrpcClientProtocolClient (GrpcClientProtocolClient.java:onNext(264)) - client-E41C008B94D2->cb20f782-9136-4144-a2ef-e44461d35697: receive RaftClientReply:client-E41C008B94D2->cb20f782-9136-4144-a2ef-e44461d35697@group-EF222054BC57, cid=1334, SUCCESS, logIndex=1918, commits[cb20f782-9136-4144-a2ef-e44461d35697:c1921]
2019-09-17 12:48:32,710 [grpc-default-executor-2] INFO  client.GrpcClientProtocolClient (GrpcClientProtocolClient.java:onNext(264)) - client-E41C008B94D2->cb20f782-9136-4144-a2ef-e44461d35697: receive RaftClientReply:client-E41C008B94D2->cb20f782-9136-4144-a2ef-e44461d35697@group-EF222054BC57, cid=1335, SUCCESS, logIndex=1919, commits[cb20f782-9136-4144-a2ef-e44461d35697:c1921]
2019-09-17 12:48:32,710 [grpc-default-executor-2] INFO  client.GrpcClientProtocolClient (GrpcClientProtocolClient.java:onNext(264)) - client-E41C008B94D2->cb20f782-9136-4144-a2ef-e44461d35697: receive RaftClientReply:client-E41C008B94D2->cb20f782-9136-4144-a2ef-e44461d35697@group-EF222054BC57, cid=1336, SUCCESS, logIndex=1920, commits[cb20f782-9136-4144-a2ef-e44461d35697:c1921]
2019-09-17 12:48:32,736 [grpc-default-executor-2] INFO  client.GrpcClientProtocolClient (GrpcClientProtocolClient.java:onNext(264)) - client-E41C008B94D2->cb20f782-9136-4144-a2ef-e44461d35697: receive RaftClientReply:client-E41C008B94D2->cb20f782-9136-4144-a2ef-e44461d35697@group-EF222054BC57, cid=1337, SUCCESS, logIndex=1922, commits[cb20f782-9136-4144-a2ef-e44461d35697:c1923]
2019-09-17 12:48:32,737 [grpc-default-executor-2] INFO  client.GrpcClientProtocolClient (GrpcClientProtocolClient.java:onNext(264)) - client-E41C008B94D2->cb20f782-9136-4144-a2ef-e44461d35697: receive RaftClientReply:client-E41C008B94D2->cb20f782-9136-4144-a2ef-e44461d35697@group-EF222054BC57, cid=1338, SUCCESS, logIndex=1923, commits[cb20f782-9136-4144-a2ef-e44461d35697:c1925]
2019-09-17 12:48:32,737 [grpc-default-executor-2] INFO  client.GrpcClientProtocolClient (GrpcClientProtocolClient.java:onNext(264)) - client-E41C008B94D2->cb20f782-9136-4144-a2ef-e44461d35697: receive RaftClientReply:client-E41C008B94D2->cb20f782-9136-4144-a2ef-e44461d35697@group-EF222054BC57, cid=1339, SUCCESS, logIndex=1924, commits[cb20f782-9136-4144-a2ef-e44461d35697:c1926]
2019-09-17 12:48:32,737 [grpc-default-executor-2] INFO  client.GrpcClientProtocolClient (GrpcClientProtocolClient.java:onNext(264)) - client-E41C008B94D2->cb20f782-9136-4144-a2ef-e44461d35697: receive RaftClientReply:client-E41C008B94D2->cb20f782-9136-4144-a2ef-e44461d35697@group-EF222054BC57, cid=1340, SUCCESS, logIndex=1925, commits[cb20f782-9136-4144-a2ef-e44461d35697:c1926]
2019-09-17 12:48:32,748 [SCMBlockDeletingService#0] DEBUG block.SCMBlockDeletingService (SCMBlockDeletingService.java:call(138)) - Running DeletedBlockTransactionScanner
2019-09-17 12:48:32,748 [SCMBlockDeletingService#0] DEBUG block.SCMBlockDeletingService (SCMBlockDeletingService.java:call(155)) - Scanned deleted blocks log and got 0 delTX to process.
2019-09-17 12:48:32,773 [grpc-default-executor-2] INFO  client.GrpcClientProtocolClient (GrpcClientProtocolClient.java:onNext(264)) - client-E41C008B94D2->cb20f782-9136-4144-a2ef-e44461d35697: receive RaftClientReply:client-E41C008B94D2->cb20f782-9136-4144-a2ef-e44461d35697@group-EF222054BC57, cid=1341, SUCCESS, logIndex=1928, commits[cb20f782-9136-4144-a2ef-e44461d35697:c1929]
2019-09-17 12:48:32,774 [grpc-default-executor-2] INFO  client.GrpcClientProtocolClient (GrpcClientProtocolClient.java:onNext(264)) - client-E41C008B94D2->cb20f782-9136-4144-a2ef-e44461d35697: receive RaftClientReply:client-E41C008B94D2->cb20f782-9136-4144-a2ef-e44461d35697@group-EF222054BC57, cid=1342, SUCCESS, logIndex=1929, commits[cb20f782-9136-4144-a2ef-e44461d35697:c1929]
2019-09-17 12:48:32,784 [grpc-default-executor-2] INFO  client.GrpcClientProtocolClient (GrpcClientProtocolClient.java:onNext(264)) - client-E41C008B94D2->cb20f782-9136-4144-a2ef-e44461d35697: receive RaftClientReply:client-E41C008B94D2->cb20f782-9136-4144-a2ef-e44461d35697@group-EF222054BC57, cid=1343, SUCCESS, logIndex=1930, commits[cb20f782-9136-4144-a2ef-e44461d35697:c1931]
2019-09-17 12:48:32,785 [grpc-default-executor-2] INFO  client.GrpcClientProtocolClient (GrpcClientProtocolClient.java:onNext(264)) - client-E41C008B94D2->cb20f782-9136-4144-a2ef-e44461d35697: receive RaftClientReply:client-E41C008B94D2->cb20f782-9136-4144-a2ef-e44461d35697@group-EF222054BC57, cid=1344, SUCCESS, logIndex=1931, commits[cb20f782-9136-4144-a2ef-e44461d35697:c1932]
2019-09-17 12:48:32,813 [grpc-default-executor-2] INFO  client.GrpcClientProtocolClient (GrpcClientProtocolClient.java:onNext(264)) - client-E41C008B94D2->cb20f782-9136-4144-a2ef-e44461d35697: receive RaftClientReply:client-E41C008B94D2->cb20f782-9136-4144-a2ef-e44461d35697@group-EF222054BC57, cid=1345, SUCCESS, logIndex=1934, commits[cb20f782-9136-4144-a2ef-e44461d35697:c1935]
2019-09-17 12:48:32,814 [grpc-default-executor-2] INFO  client.GrpcClientProtocolClient (GrpcClientProtocolClient.java:onNext(264)) - client-E41C008B94D2->cb20f782-9136-4144-a2ef-e44461d35697: receive RaftClientReply:client-E41C008B94D2->cb20f782-9136-4144-a2ef-e44461d35697@group-EF222054BC57, cid=1346, SUCCESS, logIndex=1935, commits[cb20f782-9136-4144-a2ef-e44461d35697:c1935]
2019-09-17 12:48:32,814 [grpc-default-executor-2] INFO  client.GrpcClientProtocolClient (GrpcClientProtocolClient.java:onNext(264)) - client-E41C008B94D2->cb20f782-9136-4144-a2ef-e44461d35697: receive RaftClientReply:client-E41C008B94D2->cb20f782-9136-4144-a2ef-e44461d35697@group-EF222054BC57, cid=1347, SUCCESS, logIndex=1936, commits[cb20f782-9136-4144-a2ef-e44461d35697:c1937]
2019-09-17 12:48:32,814 [grpc-default-executor-2] INFO  client.GrpcClientProtocolClient (GrpcClientProtocolClient.java:onNext(264)) - client-E41C008B94D2->cb20f782-9136-4144-a2ef-e44461d35697: receive RaftClientReply:client-E41C008B94D2->cb20f782-9136-4144-a2ef-e44461d35697@group-EF222054BC57, cid=1348, SUCCESS, logIndex=1937, commits[cb20f782-9136-4144-a2ef-e44461d35697:c1938]
2019-09-17 12:48:32,834 [grpc-default-executor-2] INFO  client.GrpcClientProtocolClient (GrpcClientProtocolClient.java:onNext(264)) - client-E41C008B94D2->cb20f782-9136-4144-a2ef-e44461d35697: receive RaftClientReply:client-E41C008B94D2->cb20f782-9136-4144-a2ef-e44461d35697@group-EF222054BC57, cid=1349, SUCCESS, logIndex=1940, commits[cb20f782-9136-4144-a2ef-e44461d35697:c1941]
2019-09-17 12:48:32,834 [grpc-default-executor-2] INFO  client.GrpcClientProtocolClient (GrpcClientProtocolClient.java:onNext(264)) - client-E41C008B94D2->cb20f782-9136-4144-a2ef-e44461d35697: receive RaftClientReply:client-E41C008B94D2->cb20f782-9136-4144-a2ef-e44461d35697@group-EF222054BC57, cid=1350, SUCCESS, logIndex=1941, commits[cb20f782-9136-4144-a2ef-e44461d35697:c1943]
2019-09-17 12:48:32,835 [grpc-default-executor-2] INFO  client.GrpcClientProtocolClient (GrpcClientProtocolClient.java:onNext(264)) - client-E41C008B94D2->cb20f782-9136-4144-a2ef-e44461d35697: receive RaftClientReply:client-E41C008B94D2->cb20f782-9136-4144-a2ef-e44461d35697@group-EF222054BC57, cid=1351, SUCCESS, logIndex=1942, commits[cb20f782-9136-4144-a2ef-e44461d35697:c1944]
2019-09-17 12:48:32,835 [grpc-default-executor-2] INFO  client.GrpcClientProtocolClient (GrpcClientProtocolClient.java:onNext(264)) - client-E41C008B94D2->cb20f782-9136-4144-a2ef-e44461d35697: receive RaftClientReply:client-E41C008B94D2->cb20f782-9136-4144-a2ef-e44461d35697@group-EF222054BC57, cid=1352, SUCCESS, logIndex=1943, commits[cb20f782-9136-4144-a2ef-e44461d35697:c1944]
2019-09-17 12:48:32,848 [SCMBlockDeletingService#0] DEBUG block.SCMBlockDeletingService (SCMBlockDeletingService.java:call(138)) - Running DeletedBlockTransactionScanner
2019-09-17 12:48:32,849 [SCMBlockDeletingService#0] DEBUG block.SCMBlockDeletingService (SCMBlockDeletingService.java:call(155)) - Scanned deleted blocks log and got 0 delTX to process.
2019-09-17 12:48:32,863 [grpc-default-executor-2] INFO  client.GrpcClientProtocolClient (GrpcClientProtocolClient.java:onNext(264)) - client-E41C008B94D2->cb20f782-9136-4144-a2ef-e44461d35697: receive RaftClientReply:client-E41C008B94D2->cb20f782-9136-4144-a2ef-e44461d35697@group-EF222054BC57, cid=1353, SUCCESS, logIndex=1946, commits[cb20f782-9136-4144-a2ef-e44461d35697:c1949]
2019-09-17 12:48:32,863 [grpc-default-executor-2] INFO  client.GrpcClientProtocolClient (GrpcClientProtocolClient.java:onNext(264)) - client-E41C008B94D2->cb20f782-9136-4144-a2ef-e44461d35697: receive RaftClientReply:client-E41C008B94D2->cb20f782-9136-4144-a2ef-e44461d35697@group-EF222054BC57, cid=1354, SUCCESS, logIndex=1947, commits[cb20f782-9136-4144-a2ef-e44461d35697:c1950]
2019-09-17 12:48:32,863 [grpc-default-executor-2] INFO  client.GrpcClientProtocolClient (GrpcClientProtocolClient.java:onNext(264)) - client-E41C008B94D2->cb20f782-9136-4144-a2ef-e44461d35697: receive RaftClientReply:client-E41C008B94D2->cb20f782-9136-4144-a2ef-e44461d35697@group-EF222054BC57, cid=1355, SUCCESS, logIndex=1948, commits[cb20f782-9136-4144-a2ef-e44461d35697:c1950]
2019-09-17 12:48:32,864 [grpc-default-executor-2] INFO  client.GrpcClientProtocolClient (GrpcClientProtocolClient.java:onNext(264)) - client-E41C008B94D2->cb20f782-9136-4144-a2ef-e44461d35697: receive RaftClientReply:client-E41C008B94D2->cb20f782-9136-4144-a2ef-e44461d35697@group-EF222054BC57, cid=1356, SUCCESS, logIndex=1949, commits[cb20f782-9136-4144-a2ef-e44461d35697:c1950]
2019-09-17 12:48:32,925 [grpc-default-executor-1] INFO  client.GrpcClientProtocolClient (GrpcClientProtocolClient.java:onNext(264)) - client-E41C008B94D2->cb20f782-9136-4144-a2ef-e44461d35697: receive RaftClientReply:client-E41C008B94D2->cb20f782-9136-4144-a2ef-e44461d35697@group-EF222054BC57, cid=1357, SUCCESS, logIndex=1951, commits[cb20f782-9136-4144-a2ef-e44461d35697:c1954]
2019-09-17 12:48:32,925 [grpc-default-executor-1] INFO  client.GrpcClientProtocolClient (GrpcClientProtocolClient.java:onNext(264)) - client-E41C008B94D2->cb20f782-9136-4144-a2ef-e44461d35697: receive RaftClientReply:client-E41C008B94D2->cb20f782-9136-4144-a2ef-e44461d35697@group-EF222054BC57, cid=1358, SUCCESS, logIndex=1952, commits[cb20f782-9136-4144-a2ef-e44461d35697:c1955]
2019-09-17 12:48:32,925 [grpc-default-executor-1] INFO  client.GrpcClientProtocolClient (GrpcClientProtocolClient.java:onNext(264)) - client-E41C008B94D2->cb20f782-9136-4144-a2ef-e44461d35697: receive RaftClientReply:client-E41C008B94D2->cb20f782-9136-4144-a2ef-e44461d35697@group-EF222054BC57, cid=1359, SUCCESS, logIndex=1953, commits[cb20f782-9136-4144-a2ef-e44461d35697:c1955]
2019-09-17 12:48:32,926 [grpc-default-executor-1] INFO  client.GrpcClientProtocolClient (GrpcClientProtocolClient.java:onNext(264)) - client-E41C008B94D2->cb20f782-9136-4144-a2ef-e44461d35697: receive RaftClientReply:client-E41C008B94D2->cb20f782-9136-4144-a2ef-e44461d35697@group-EF222054BC57, cid=1360, SUCCESS, logIndex=1954, commits[cb20f782-9136-4144-a2ef-e44461d35697:c1955]
2019-09-17 12:48:32,949 [SCMBlockDeletingService#0] DEBUG block.SCMBlockDeletingService (SCMBlockDeletingService.java:call(138)) - Running DeletedBlockTransactionScanner
2019-09-17 12:48:32,949 [SCMBlockDeletingService#0] DEBUG block.SCMBlockDeletingService (SCMBlockDeletingService.java:call(155)) - Scanned deleted blocks log and got 0 delTX to process.
2019-09-17 12:48:32,952 [grpc-default-executor-2] INFO  client.GrpcClientProtocolClient (GrpcClientProtocolClient.java:onNext(264)) - client-E41C008B94D2->cb20f782-9136-4144-a2ef-e44461d35697: receive RaftClientReply:client-E41C008B94D2->cb20f782-9136-4144-a2ef-e44461d35697@group-EF222054BC57, cid=1361, SUCCESS, logIndex=1956, commits[cb20f782-9136-4144-a2ef-e44461d35697:c1957]
2019-09-17 12:48:32,953 [grpc-default-executor-2] INFO  client.GrpcClientProtocolClient (GrpcClientProtocolClient.java:onNext(264)) - client-E41C008B94D2->cb20f782-9136-4144-a2ef-e44461d35697: receive RaftClientReply:client-E41C008B94D2->cb20f782-9136-4144-a2ef-e44461d35697@group-EF222054BC57, cid=1362, SUCCESS, logIndex=1957, commits[cb20f782-9136-4144-a2ef-e44461d35697:c1959]
2019-09-17 12:48:32,953 [grpc-default-executor-2] INFO  client.GrpcClientProtocolClient (GrpcClientProtocolClient.java:onNext(264)) - client-E41C008B94D2->cb20f782-9136-4144-a2ef-e44461d35697: receive RaftClientReply:client-E41C008B94D2->cb20f782-9136-4144-a2ef-e44461d35697@group-EF222054BC57, cid=1363, SUCCESS, logIndex=1958, commits[cb20f782-9136-4144-a2ef-e44461d35697:c1959]
2019-09-17 12:48:32,954 [grpc-default-executor-2] INFO  client.GrpcClientProtocolClient (GrpcClientProtocolClient.java:onNext(264)) - client-E41C008B94D2->cb20f782-9136-4144-a2ef-e44461d35697: receive RaftClientReply:client-E41C008B94D2->cb20f782-9136-4144-a2ef-e44461d35697@group-EF222054BC57, cid=1364, SUCCESS, logIndex=1959, commits[cb20f782-9136-4144-a2ef-e44461d35697:c1960]
2019-09-17 12:48:32,974 [grpc-default-executor-1] INFO  client.GrpcClientProtocolClient (GrpcClientProtocolClient.java:onNext(264)) - client-E41C008B94D2->cb20f782-9136-4144-a2ef-e44461d35697: receive RaftClientReply:client-E41C008B94D2->cb20f782-9136-4144-a2ef-e44461d35697@group-EF222054BC57, cid=1365, SUCCESS, logIndex=1962, commits[cb20f782-9136-4144-a2ef-e44461d35697:c1965]
2019-09-17 12:48:32,975 [grpc-default-executor-1] INFO  client.GrpcClientProtocolClient (GrpcClientProtocolClient.java:onNext(264)) - client-E41C008B94D2->cb20f782-9136-4144-a2ef-e44461d35697: receive RaftClientReply:client-E41C008B94D2->cb20f782-9136-4144-a2ef-e44461d35697@group-EF222054BC57, cid=1366, SUCCESS, logIndex=1963, commits[cb20f782-9136-4144-a2ef-e44461d35697:c1966]
2019-09-17 12:48:32,975 [grpc-default-executor-1] INFO  client.GrpcClientProtocolClient (GrpcClientProtocolClient.java:onNext(264)) - client-E41C008B94D2->cb20f782-9136-4144-a2ef-e44461d35697: receive RaftClientReply:client-E41C008B94D2->cb20f782-9136-4144-a2ef-e44461d35697@group-EF222054BC57, cid=1367, SUCCESS, logIndex=1964, commits[cb20f782-9136-4144-a2ef-e44461d35697:c1966]
2019-09-17 12:48:32,976 [grpc-default-executor-1] INFO  client.GrpcClientProtocolClient (GrpcClientProtocolClient.java:onNext(264)) - client-E41C008B94D2->cb20f782-9136-4144-a2ef-e44461d35697: receive RaftClientReply:client-E41C008B94D2->cb20f782-9136-4144-a2ef-e44461d35697@group-EF222054BC57, cid=1368, SUCCESS, logIndex=1965, commits[cb20f782-9136-4144-a2ef-e44461d35697:c1966]
2019-09-17 12:48:33,002 [grpc-default-executor-1] INFO  client.GrpcClientProtocolClient (GrpcClientProtocolClient.java:onNext(264)) - client-E41C008B94D2->cb20f782-9136-4144-a2ef-e44461d35697: receive RaftClientReply:client-E41C008B94D2->cb20f782-9136-4144-a2ef-e44461d35697@group-EF222054BC57, cid=1369, SUCCESS, logIndex=1967, commits[cb20f782-9136-4144-a2ef-e44461d35697:c1968]
2019-09-17 12:48:33,002 [grpc-default-executor-1] INFO  client.GrpcClientProtocolClient (GrpcClientProtocolClient.java:onNext(264)) - client-E41C008B94D2->cb20f782-9136-4144-a2ef-e44461d35697: receive RaftClientReply:client-E41C008B94D2->cb20f782-9136-4144-a2ef-e44461d35697@group-EF222054BC57, cid=1370, SUCCESS, logIndex=1968, commits[cb20f782-9136-4144-a2ef-e44461d35697:c1969]
2019-09-17 12:48:33,050 [SCMBlockDeletingService#0] DEBUG block.SCMBlockDeletingService (SCMBlockDeletingService.java:call(138)) - Running DeletedBlockTransactionScanner
2019-09-17 12:48:33,050 [SCMBlockDeletingService#0] DEBUG block.SCMBlockDeletingService (SCMBlockDeletingService.java:call(155)) - Scanned deleted blocks log and got 0 delTX to process.
2019-09-17 12:48:33,102 [grpc-default-executor-2] INFO  client.GrpcClientProtocolClient (GrpcClientProtocolClient.java:onNext(264)) - client-E41C008B94D2->cb20f782-9136-4144-a2ef-e44461d35697: receive RaftClientReply:client-E41C008B94D2->cb20f782-9136-4144-a2ef-e44461d35697@group-EF222054BC57, cid=1371, SUCCESS, logIndex=1970, commits[cb20f782-9136-4144-a2ef-e44461d35697:c1971]
2019-09-17 12:48:33,103 [grpc-default-executor-2] INFO  client.GrpcClientProtocolClient (GrpcClientProtocolClient.java:onNext(264)) - client-E41C008B94D2->cb20f782-9136-4144-a2ef-e44461d35697: receive RaftClientReply:client-E41C008B94D2->cb20f782-9136-4144-a2ef-e44461d35697@group-EF222054BC57, cid=1372, SUCCESS, logIndex=1971, commits[cb20f782-9136-4144-a2ef-e44461d35697:c1972]
2019-09-17 12:48:33,121 [grpc-default-executor-1] INFO  client.GrpcClientProtocolClient (GrpcClientProtocolClient.java:onNext(264)) - client-E41C008B94D2->cb20f782-9136-4144-a2ef-e44461d35697: receive RaftClientReply:client-E41C008B94D2->cb20f782-9136-4144-a2ef-e44461d35697@group-EF222054BC57, cid=1373, SUCCESS, logIndex=1973, commits[cb20f782-9136-4144-a2ef-e44461d35697:c1974]
2019-09-17 12:48:33,121 [grpc-default-executor-1] INFO  client.GrpcClientProtocolClient (GrpcClientProtocolClient.java:onNext(264)) - client-E41C008B94D2->cb20f782-9136-4144-a2ef-e44461d35697: receive RaftClientReply:client-E41C008B94D2->cb20f782-9136-4144-a2ef-e44461d35697@group-EF222054BC57, cid=1374, SUCCESS, logIndex=1974, commits[cb20f782-9136-4144-a2ef-e44461d35697:c1976]
2019-09-17 12:48:33,121 [grpc-default-executor-1] INFO  client.GrpcClientProtocolClient (GrpcClientProtocolClient.java:onNext(264)) - client-E41C008B94D2->cb20f782-9136-4144-a2ef-e44461d35697: receive RaftClientReply:client-E41C008B94D2->cb20f782-9136-4144-a2ef-e44461d35697@group-EF222054BC57, cid=1375, SUCCESS, logIndex=1975, commits[cb20f782-9136-4144-a2ef-e44461d35697:c1976]
2019-09-17 12:48:33,122 [grpc-default-executor-1] INFO  client.GrpcClientProtocolClient (GrpcClientProtocolClient.java:onNext(264)) - client-E41C008B94D2->cb20f782-9136-4144-a2ef-e44461d35697: receive RaftClientReply:client-E41C008B94D2->cb20f782-9136-4144-a2ef-e44461d35697@group-EF222054BC57, cid=1376, SUCCESS, logIndex=1976, commits[cb20f782-9136-4144-a2ef-e44461d35697:c1977]
2019-09-17 12:48:33,148 [grpc-default-executor-1] INFO  client.GrpcClientProtocolClient (GrpcClientProtocolClient.java:onNext(264)) - client-E41C008B94D2->cb20f782-9136-4144-a2ef-e44461d35697: receive RaftClientReply:client-E41C008B94D2->cb20f782-9136-4144-a2ef-e44461d35697@group-EF222054BC57, cid=1377, SUCCESS, logIndex=1979, commits[cb20f782-9136-4144-a2ef-e44461d35697:c1982]
2019-09-17 12:48:33,148 [grpc-default-executor-1] INFO  client.GrpcClientProtocolClient (GrpcClientProtocolClient.java:onNext(264)) - client-E41C008B94D2->cb20f782-9136-4144-a2ef-e44461d35697: receive RaftClientReply:client-E41C008B94D2->cb20f782-9136-4144-a2ef-e44461d35697@group-EF222054BC57, cid=1378, SUCCESS, logIndex=1980, commits[cb20f782-9136-4144-a2ef-e44461d35697:c1983]
2019-09-17 12:48:33,148 [grpc-default-executor-1] INFO  client.GrpcClientProtocolClient (GrpcClientProtocolClient.java:onNext(264)) - client-E41C008B94D2->cb20f782-9136-4144-a2ef-e44461d35697: receive RaftClientReply:client-E41C008B94D2->cb20f782-9136-4144-a2ef-e44461d35697@group-EF222054BC57, cid=1379, SUCCESS, logIndex=1981, commits[cb20f782-9136-4144-a2ef-e44461d35697:c1983]
2019-09-17 12:48:33,149 [grpc-default-executor-1] INFO  client.GrpcClientProtocolClient (GrpcClientProtocolClient.java:onNext(264)) - client-E41C008B94D2->cb20f782-9136-4144-a2ef-e44461d35697: receive RaftClientReply:client-E41C008B94D2->cb20f782-9136-4144-a2ef-e44461d35697@group-EF222054BC57, cid=1380, SUCCESS, logIndex=1982, commits[cb20f782-9136-4144-a2ef-e44461d35697:c1983]
2019-09-17 12:48:33,150 [SCMBlockDeletingService#0] DEBUG block.SCMBlockDeletingService (SCMBlockDeletingService.java:call(138)) - Running DeletedBlockTransactionScanner
2019-09-17 12:48:33,150 [SCMBlockDeletingService#0] DEBUG block.SCMBlockDeletingService (SCMBlockDeletingService.java:call(155)) - Scanned deleted blocks log and got 0 delTX to process.
2019-09-17 12:48:33,167 [grpc-default-executor-1] INFO  client.GrpcClientProtocolClient (GrpcClientProtocolClient.java:onNext(264)) - client-E41C008B94D2->cb20f782-9136-4144-a2ef-e44461d35697: receive RaftClientReply:client-E41C008B94D2->cb20f782-9136-4144-a2ef-e44461d35697@group-EF222054BC57, cid=1381, SUCCESS, logIndex=1984, commits[cb20f782-9136-4144-a2ef-e44461d35697:c1985]
2019-09-17 12:48:33,167 [grpc-default-executor-1] INFO  client.GrpcClientProtocolClient (GrpcClientProtocolClient.java:onNext(264)) - client-E41C008B94D2->cb20f782-9136-4144-a2ef-e44461d35697: receive RaftClientReply:client-E41C008B94D2->cb20f782-9136-4144-a2ef-e44461d35697@group-EF222054BC57, cid=1382, SUCCESS, logIndex=1985, commits[cb20f782-9136-4144-a2ef-e44461d35697:c1987]
2019-09-17 12:48:33,167 [grpc-default-executor-1] INFO  client.GrpcClientProtocolClient (GrpcClientProtocolClient.java:onNext(264)) - client-E41C008B94D2->cb20f782-9136-4144-a2ef-e44461d35697: receive RaftClientReply:client-E41C008B94D2->cb20f782-9136-4144-a2ef-e44461d35697@group-EF222054BC57, cid=1383, SUCCESS, logIndex=1986, commits[cb20f782-9136-4144-a2ef-e44461d35697:c1988]
2019-09-17 12:48:33,167 [grpc-default-executor-1] INFO  client.GrpcClientProtocolClient (GrpcClientProtocolClient.java:onNext(264)) - client-E41C008B94D2->cb20f782-9136-4144-a2ef-e44461d35697: receive RaftClientReply:client-E41C008B94D2->cb20f782-9136-4144-a2ef-e44461d35697@group-EF222054BC57, cid=1384, SUCCESS, logIndex=1987, commits[cb20f782-9136-4144-a2ef-e44461d35697:c1988]
2019-09-17 12:48:33,251 [SCMBlockDeletingService#0] DEBUG block.SCMBlockDeletingService (SCMBlockDeletingService.java:call(138)) - Running DeletedBlockTransactionScanner
2019-09-17 12:48:33,251 [SCMBlockDeletingService#0] DEBUG block.SCMBlockDeletingService (SCMBlockDeletingService.java:call(155)) - Scanned deleted blocks log and got 0 delTX to process.
2019-09-17 12:48:33,265 [grpc-default-executor-1] INFO  client.GrpcClientProtocolClient (GrpcClientProtocolClient.java:onNext(264)) - client-E41C008B94D2->cb20f782-9136-4144-a2ef-e44461d35697: receive RaftClientReply:client-E41C008B94D2->cb20f782-9136-4144-a2ef-e44461d35697@group-EF222054BC57, cid=1385, SUCCESS, logIndex=1990, commits[cb20f782-9136-4144-a2ef-e44461d35697:c1993]
2019-09-17 12:48:33,266 [grpc-default-executor-1] INFO  client.GrpcClientProtocolClient (GrpcClientProtocolClient.java:onNext(264)) - client-E41C008B94D2->cb20f782-9136-4144-a2ef-e44461d35697: receive RaftClientReply:client-E41C008B94D2->cb20f782-9136-4144-a2ef-e44461d35697@group-EF222054BC57, cid=1386, SUCCESS, logIndex=1991, commits[cb20f782-9136-4144-a2ef-e44461d35697:c1994]
2019-09-17 12:48:33,266 [grpc-default-executor-1] INFO  client.GrpcClientProtocolClient (GrpcClientProtocolClient.java:onNext(264)) - client-E41C008B94D2->cb20f782-9136-4144-a2ef-e44461d35697: receive RaftClientReply:client-E41C008B94D2->cb20f782-9136-4144-a2ef-e44461d35697@group-EF222054BC57, cid=1387, SUCCESS, logIndex=1992, commits[cb20f782-9136-4144-a2ef-e44461d35697:c1994]
2019-09-17 12:48:33,267 [grpc-default-executor-1] INFO  client.GrpcClientProtocolClient (GrpcClientProtocolClient.java:onNext(264)) - client-E41C008B94D2->cb20f782-9136-4144-a2ef-e44461d35697: receive RaftClientReply:client-E41C008B94D2->cb20f782-9136-4144-a2ef-e44461d35697@group-EF222054BC57, cid=1388, SUCCESS, logIndex=1993, commits[cb20f782-9136-4144-a2ef-e44461d35697:c1994]
2019-09-17 12:48:33,288 [grpc-default-executor-2] INFO  client.GrpcClientProtocolClient (GrpcClientProtocolClient.java:onNext(264)) - client-E41C008B94D2->cb20f782-9136-4144-a2ef-e44461d35697: receive RaftClientReply:client-E41C008B94D2->cb20f782-9136-4144-a2ef-e44461d35697@group-EF222054BC57, cid=1389, SUCCESS, logIndex=1995, commits[cb20f782-9136-4144-a2ef-e44461d35697:c1996]
2019-09-17 12:48:33,288 [grpc-default-executor-2] INFO  client.GrpcClientProtocolClient (GrpcClientProtocolClient.java:onNext(264)) - client-E41C008B94D2->cb20f782-9136-4144-a2ef-e44461d35697: receive RaftClientReply:client-E41C008B94D2->cb20f782-9136-4144-a2ef-e44461d35697@group-EF222054BC57, cid=1390, SUCCESS, logIndex=1996, commits[cb20f782-9136-4144-a2ef-e44461d35697:c1998]
2019-09-17 12:48:33,289 [grpc-default-executor-2] INFO  client.GrpcClientProtocolClient (GrpcClientProtocolClient.java:onNext(264)) - client-E41C008B94D2->cb20f782-9136-4144-a2ef-e44461d35697: receive RaftClientReply:client-E41C008B94D2->cb20f782-9136-4144-a2ef-e44461d35697@group-EF222054BC57, cid=1391, SUCCESS, logIndex=1997, commits[cb20f782-9136-4144-a2ef-e44461d35697:c1999]
2019-09-17 12:48:33,289 [grpc-default-executor-2] INFO  client.GrpcClientProtocolClient (GrpcClientProtocolClient.java:onNext(264)) - client-E41C008B94D2->cb20f782-9136-4144-a2ef-e44461d35697: receive RaftClientReply:client-E41C008B94D2->cb20f782-9136-4144-a2ef-e44461d35697@group-EF222054BC57, cid=1392, SUCCESS, logIndex=1998, commits[cb20f782-9136-4144-a2ef-e44461d35697:c1999]
2019-09-17 12:48:33,315 [grpc-default-executor-1] INFO  client.GrpcClientProtocolClient (GrpcClientProtocolClient.java:onNext(264)) - client-E41C008B94D2->cb20f782-9136-4144-a2ef-e44461d35697: receive RaftClientReply:client-E41C008B94D2->cb20f782-9136-4144-a2ef-e44461d35697@group-EF222054BC57, cid=1393, SUCCESS, logIndex=2001, commits[cb20f782-9136-4144-a2ef-e44461d35697:c2002]
2019-09-17 12:48:33,316 [grpc-default-executor-1] INFO  client.GrpcClientProtocolClient (GrpcClientProtocolClient.java:onNext(264)) - client-E41C008B94D2->cb20f782-9136-4144-a2ef-e44461d35697: receive RaftClientReply:client-E41C008B94D2->cb20f782-9136-4144-a2ef-e44461d35697@group-EF222054BC57, cid=1394, SUCCESS, logIndex=2002, commits[cb20f782-9136-4144-a2ef-e44461d35697:c2004]
2019-09-17 12:48:33,316 [grpc-default-executor-1] INFO  client.GrpcClientProtocolClient (GrpcClientProtocolClient.java:onNext(264)) - client-E41C008B94D2->cb20f782-9136-4144-a2ef-e44461d35697: receive RaftClientReply:client-E41C008B94D2->cb20f782-9136-4144-a2ef-e44461d35697@group-EF222054BC57, cid=1395, SUCCESS, logIndex=2003, commits[cb20f782-9136-4144-a2ef-e44461d35697:c2005]
2019-09-17 12:48:33,316 [grpc-default-executor-1] INFO  client.GrpcClientProtocolClient (GrpcClientProtocolClient.java:onNext(264)) - client-E41C008B94D2->cb20f782-9136-4144-a2ef-e44461d35697: receive RaftClientReply:client-E41C008B94D2->cb20f782-9136-4144-a2ef-e44461d35697@group-EF222054BC57, cid=1396, SUCCESS, logIndex=2004, commits[cb20f782-9136-4144-a2ef-e44461d35697:c2005]
2019-09-17 12:48:33,335 [grpc-default-executor-1] INFO  client.GrpcClientProtocolClient (GrpcClientProtocolClient.java:onNext(264)) - client-E41C008B94D2->cb20f782-9136-4144-a2ef-e44461d35697: receive RaftClientReply:client-E41C008B94D2->cb20f782-9136-4144-a2ef-e44461d35697@group-EF222054BC57, cid=1397, SUCCESS, logIndex=2007, commits[cb20f782-9136-4144-a2ef-e44461d35697:c2008]
2019-09-17 12:48:33,335 [grpc-default-executor-1] INFO  client.GrpcClientProtocolClient (GrpcClientProtocolClient.java:onNext(264)) - client-E41C008B94D2->cb20f782-9136-4144-a2ef-e44461d35697: receive RaftClientReply:client-E41C008B94D2->cb20f782-9136-4144-a2ef-e44461d35697@group-EF222054BC57, cid=1398, SUCCESS, logIndex=2008, commits[cb20f782-9136-4144-a2ef-e44461d35697:c2010]
2019-09-17 12:48:33,335 [grpc-default-executor-1] INFO  client.GrpcClientProtocolClient (GrpcClientProtocolClient.java:onNext(264)) - client-E41C008B94D2->cb20f782-9136-4144-a2ef-e44461d35697: receive RaftClientReply:client-E41C008B94D2->cb20f782-9136-4144-a2ef-e44461d35697@group-EF222054BC57, cid=1399, SUCCESS, logIndex=2009, commits[cb20f782-9136-4144-a2ef-e44461d35697:c2010]
2019-09-17 12:48:33,336 [grpc-default-executor-1] INFO  client.GrpcClientProtocolClient (GrpcClientProtocolClient.java:onNext(264)) - client-E41C008B94D2->cb20f782-9136-4144-a2ef-e44461d35697: receive RaftClientReply:client-E41C008B94D2->cb20f782-9136-4144-a2ef-e44461d35697@group-EF222054BC57, cid=1400, SUCCESS, logIndex=2010, commits[cb20f782-9136-4144-a2ef-e44461d35697:c2011]
2019-09-17 12:48:33,352 [SCMBlockDeletingService#0] DEBUG block.SCMBlockDeletingService (SCMBlockDeletingService.java:call(138)) - Running DeletedBlockTransactionScanner
2019-09-17 12:48:33,352 [SCMBlockDeletingService#0] DEBUG block.SCMBlockDeletingService (SCMBlockDeletingService.java:call(155)) - Scanned deleted blocks log and got 0 delTX to process.
2019-09-17 12:48:33,363 [grpc-default-executor-1] INFO  client.GrpcClientProtocolClient (GrpcClientProtocolClient.java:onNext(264)) - client-E41C008B94D2->cb20f782-9136-4144-a2ef-e44461d35697: receive RaftClientReply:client-E41C008B94D2->cb20f782-9136-4144-a2ef-e44461d35697@group-EF222054BC57, cid=1401, SUCCESS, logIndex=2013, commits[cb20f782-9136-4144-a2ef-e44461d35697:c2014]
2019-09-17 12:48:33,363 [grpc-default-executor-1] INFO  client.GrpcClientProtocolClient (GrpcClientProtocolClient.java:onNext(264)) - client-E41C008B94D2->cb20f782-9136-4144-a2ef-e44461d35697: receive RaftClientReply:client-E41C008B94D2->cb20f782-9136-4144-a2ef-e44461d35697@group-EF222054BC57, cid=1402, SUCCESS, logIndex=2014, commits[cb20f782-9136-4144-a2ef-e44461d35697:c2014]
2019-09-17 12:48:33,376 [grpc-default-executor-1] INFO  client.GrpcClientProtocolClient (GrpcClientProtocolClient.java:onNext(264)) - client-E41C008B94D2->cb20f782-9136-4144-a2ef-e44461d35697: receive RaftClientReply:client-E41C008B94D2->cb20f782-9136-4144-a2ef-e44461d35697@group-EF222054BC57, cid=1403, SUCCESS, logIndex=2015, commits[cb20f782-9136-4144-a2ef-e44461d35697:c2017]
2019-09-17 12:48:33,376 [grpc-default-executor-1] INFO  client.GrpcClientProtocolClient (GrpcClientProtocolClient.java:onNext(264)) - client-E41C008B94D2->cb20f782-9136-4144-a2ef-e44461d35697: receive RaftClientReply:client-E41C008B94D2->cb20f782-9136-4144-a2ef-e44461d35697@group-EF222054BC57, cid=1404, SUCCESS, logIndex=2016, commits[cb20f782-9136-4144-a2ef-e44461d35697:c2017]
2019-09-17 12:48:33,395 [grpc-default-executor-1] INFO  client.GrpcClientProtocolClient (GrpcClientProtocolClient.java:onNext(264)) - client-E41C008B94D2->cb20f782-9136-4144-a2ef-e44461d35697: receive RaftClientReply:client-E41C008B94D2->cb20f782-9136-4144-a2ef-e44461d35697@group-EF222054BC57, cid=1405, SUCCESS, logIndex=2018, commits[cb20f782-9136-4144-a2ef-e44461d35697:c2019]
2019-09-17 12:48:33,395 [grpc-default-executor-1] INFO  client.GrpcClientProtocolClient (GrpcClientProtocolClient.java:onNext(264)) - client-E41C008B94D2->cb20f782-9136-4144-a2ef-e44461d35697: receive RaftClientReply:client-E41C008B94D2->cb20f782-9136-4144-a2ef-e44461d35697@group-EF222054BC57, cid=1406, SUCCESS, logIndex=2019, commits[cb20f782-9136-4144-a2ef-e44461d35697:c2021]
2019-09-17 12:48:33,396 [grpc-default-executor-1] INFO  client.GrpcClientProtocolClient (GrpcClientProtocolClient.java:onNext(264)) - client-E41C008B94D2->cb20f782-9136-4144-a2ef-e44461d35697: receive RaftClientReply:client-E41C008B94D2->cb20f782-9136-4144-a2ef-e44461d35697@group-EF222054BC57, cid=1407, SUCCESS, logIndex=2020, commits[cb20f782-9136-4144-a2ef-e44461d35697:c2021]
2019-09-17 12:48:33,396 [grpc-default-executor-1] INFO  client.GrpcClientProtocolClient (GrpcClientProtocolClient.java:onNext(264)) - client-E41C008B94D2->cb20f782-9136-4144-a2ef-e44461d35697: receive RaftClientReply:client-E41C008B94D2->cb20f782-9136-4144-a2ef-e44461d35697@group-EF222054BC57, cid=1408, SUCCESS, logIndex=2021, commits[cb20f782-9136-4144-a2ef-e44461d35697:c2022]
2019-09-17 12:48:33,422 [grpc-default-executor-2] INFO  client.GrpcClientProtocolClient (GrpcClientProtocolClient.java:onNext(264)) - client-E41C008B94D2->cb20f782-9136-4144-a2ef-e44461d35697: receive RaftClientReply:client-E41C008B94D2->cb20f782-9136-4144-a2ef-e44461d35697@group-EF222054BC57, cid=1409, SUCCESS, logIndex=2024, commits[cb20f782-9136-4144-a2ef-e44461d35697:c2025]
2019-09-17 12:48:33,423 [grpc-default-executor-2] INFO  client.GrpcClientProtocolClient (GrpcClientProtocolClient.java:onNext(264)) - client-E41C008B94D2->cb20f782-9136-4144-a2ef-e44461d35697: receive RaftClientReply:client-E41C008B94D2->cb20f782-9136-4144-a2ef-e44461d35697@group-EF222054BC57, cid=1410, SUCCESS, logIndex=2025, commits[cb20f782-9136-4144-a2ef-e44461d35697:c2027]
2019-09-17 12:48:33,423 [grpc-default-executor-2] INFO  client.GrpcClientProtocolClient (GrpcClientProtocolClient.java:onNext(264)) - client-E41C008B94D2->cb20f782-9136-4144-a2ef-e44461d35697: receive RaftClientReply:client-E41C008B94D2->cb20f782-9136-4144-a2ef-e44461d35697@group-EF222054BC57, cid=1411, SUCCESS, logIndex=2026, commits[cb20f782-9136-4144-a2ef-e44461d35697:c2028]
2019-09-17 12:48:33,423 [grpc-default-executor-2] INFO  client.GrpcClientProtocolClient (GrpcClientProtocolClient.java:onNext(264)) - client-E41C008B94D2->cb20f782-9136-4144-a2ef-e44461d35697: receive RaftClientReply:client-E41C008B94D2->cb20f782-9136-4144-a2ef-e44461d35697@group-EF222054BC57, cid=1412, SUCCESS, logIndex=2027, commits[cb20f782-9136-4144-a2ef-e44461d35697:c2029]
2019-09-17 12:48:33,452 [SCMBlockDeletingService#0] DEBUG block.SCMBlockDeletingService (SCMBlockDeletingService.java:call(138)) - Running DeletedBlockTransactionScanner
2019-09-17 12:48:33,453 [SCMBlockDeletingService#0] DEBUG block.SCMBlockDeletingService (SCMBlockDeletingService.java:call(155)) - Scanned deleted blocks log and got 0 delTX to process.
2019-09-17 12:48:33,454 [grpc-default-executor-1] INFO  client.GrpcClientProtocolClient (GrpcClientProtocolClient.java:onNext(264)) - client-E41C008B94D2->cb20f782-9136-4144-a2ef-e44461d35697: receive RaftClientReply:client-E41C008B94D2->cb20f782-9136-4144-a2ef-e44461d35697@group-EF222054BC57, cid=1413, SUCCESS, logIndex=2030, commits[cb20f782-9136-4144-a2ef-e44461d35697:c2031]
2019-09-17 12:48:33,455 [grpc-default-executor-1] INFO  client.GrpcClientProtocolClient (GrpcClientProtocolClient.java:onNext(264)) - client-E41C008B94D2->cb20f782-9136-4144-a2ef-e44461d35697: receive RaftClientReply:client-E41C008B94D2->cb20f782-9136-4144-a2ef-e44461d35697@group-EF222054BC57, cid=1414, SUCCESS, logIndex=2031, commits[cb20f782-9136-4144-a2ef-e44461d35697:c2032]
2019-09-17 12:48:33,553 [SCMBlockDeletingService#0] DEBUG block.SCMBlockDeletingService (SCMBlockDeletingService.java:call(138)) - Running DeletedBlockTransactionScanner
2019-09-17 12:48:33,554 [SCMBlockDeletingService#0] DEBUG block.SCMBlockDeletingService (SCMBlockDeletingService.java:call(155)) - Scanned deleted blocks log and got 0 delTX to process.
2019-09-17 12:48:33,560 [grpc-default-executor-2] INFO  client.GrpcClientProtocolClient (GrpcClientProtocolClient.java:onNext(264)) - client-E41C008B94D2->cb20f782-9136-4144-a2ef-e44461d35697: receive RaftClientReply:client-E41C008B94D2->cb20f782-9136-4144-a2ef-e44461d35697@group-EF222054BC57, cid=1415, SUCCESS, logIndex=2033, commits[cb20f782-9136-4144-a2ef-e44461d35697:c2034]
2019-09-17 12:48:33,560 [grpc-default-executor-2] INFO  client.GrpcClientProtocolClient (GrpcClientProtocolClient.java:onNext(264)) - client-E41C008B94D2->cb20f782-9136-4144-a2ef-e44461d35697: receive RaftClientReply:client-E41C008B94D2->cb20f782-9136-4144-a2ef-e44461d35697@group-EF222054BC57, cid=1416, SUCCESS, logIndex=2034, commits[cb20f782-9136-4144-a2ef-e44461d35697:c2035]
2019-09-17 12:48:33,586 [grpc-default-executor-2] INFO  client.GrpcClientProtocolClient (GrpcClientProtocolClient.java:onNext(264)) - client-E41C008B94D2->cb20f782-9136-4144-a2ef-e44461d35697: receive RaftClientReply:client-E41C008B94D2->cb20f782-9136-4144-a2ef-e44461d35697@group-EF222054BC57, cid=1417, SUCCESS, logIndex=2036, commits[cb20f782-9136-4144-a2ef-e44461d35697:c2037]
2019-09-17 12:48:33,586 [grpc-default-executor-2] INFO  client.GrpcClientProtocolClient (GrpcClientProtocolClient.java:onNext(264)) - client-E41C008B94D2->cb20f782-9136-4144-a2ef-e44461d35697: receive RaftClientReply:client-E41C008B94D2->cb20f782-9136-4144-a2ef-e44461d35697@group-EF222054BC57, cid=1418, SUCCESS, logIndex=2037, commits[cb20f782-9136-4144-a2ef-e44461d35697:c2039]
2019-09-17 12:48:33,587 [grpc-default-executor-2] INFO  client.GrpcClientProtocolClient (GrpcClientProtocolClient.java:onNext(264)) - client-E41C008B94D2->cb20f782-9136-4144-a2ef-e44461d35697: receive RaftClientReply:client-E41C008B94D2->cb20f782-9136-4144-a2ef-e44461d35697@group-EF222054BC57, cid=1419, SUCCESS, logIndex=2038, commits[cb20f782-9136-4144-a2ef-e44461d35697:c2039]
2019-09-17 12:48:33,587 [grpc-default-executor-2] INFO  client.GrpcClientProtocolClient (GrpcClientProtocolClient.java:onNext(264)) - client-E41C008B94D2->cb20f782-9136-4144-a2ef-e44461d35697: receive RaftClientReply:client-E41C008B94D2->cb20f782-9136-4144-a2ef-e44461d35697@group-EF222054BC57, cid=1420, SUCCESS, logIndex=2039, commits[cb20f782-9136-4144-a2ef-e44461d35697:c2040]
2019-09-17 12:48:33,606 [grpc-default-executor-2] INFO  client.GrpcClientProtocolClient (GrpcClientProtocolClient.java:onNext(264)) - client-E41C008B94D2->cb20f782-9136-4144-a2ef-e44461d35697: receive RaftClientReply:client-E41C008B94D2->cb20f782-9136-4144-a2ef-e44461d35697@group-EF222054BC57, cid=1421, SUCCESS, logIndex=2042, commits[cb20f782-9136-4144-a2ef-e44461d35697:c2045]
2019-09-17 12:48:33,606 [grpc-default-executor-2] INFO  client.GrpcClientProtocolClient (GrpcClientProtocolClient.java:onNext(264)) - client-E41C008B94D2->cb20f782-9136-4144-a2ef-e44461d35697: receive RaftClientReply:client-E41C008B94D2->cb20f782-9136-4144-a2ef-e44461d35697@group-EF222054BC57, cid=1422, SUCCESS, logIndex=2043, commits[cb20f782-9136-4144-a2ef-e44461d35697:c2045]
2019-09-17 12:48:33,606 [grpc-default-executor-2] INFO  client.GrpcClientProtocolClient (GrpcClientProtocolClient.java:onNext(264)) - client-E41C008B94D2->cb20f782-9136-4144-a2ef-e44461d35697: receive RaftClientReply:client-E41C008B94D2->cb20f782-9136-4144-a2ef-e44461d35697@group-EF222054BC57, cid=1423, SUCCESS, logIndex=2044, commits[cb20f782-9136-4144-a2ef-e44461d35697:c2045]
2019-09-17 12:48:33,607 [grpc-default-executor-2] INFO  client.GrpcClientProtocolClient (GrpcClientProtocolClient.java:onNext(264)) - client-E41C008B94D2->cb20f782-9136-4144-a2ef-e44461d35697: receive RaftClientReply:client-E41C008B94D2->cb20f782-9136-4144-a2ef-e44461d35697@group-EF222054BC57, cid=1424, SUCCESS, logIndex=2045, commits[cb20f782-9136-4144-a2ef-e44461d35697:c2046]
2019-09-17 12:48:33,630 [grpc-default-executor-1] INFO  client.GrpcClientProtocolClient (GrpcClientProtocolClient.java:onNext(264)) - client-E41C008B94D2->cb20f782-9136-4144-a2ef-e44461d35697: receive RaftClientReply:client-E41C008B94D2->cb20f782-9136-4144-a2ef-e44461d35697@group-EF222054BC57, cid=1425, SUCCESS, logIndex=2047, commits[cb20f782-9136-4144-a2ef-e44461d35697:c2048]
2019-09-17 12:48:33,631 [grpc-default-executor-1] INFO  client.GrpcClientProtocolClient (GrpcClientProtocolClient.java:onNext(264)) - client-E41C008B94D2->cb20f782-9136-4144-a2ef-e44461d35697: receive RaftClientReply:client-E41C008B94D2->cb20f782-9136-4144-a2ef-e44461d35697@group-EF222054BC57, cid=1426, SUCCESS, logIndex=2048, commits[cb20f782-9136-4144-a2ef-e44461d35697:c2050]
2019-09-17 12:48:33,631 [grpc-default-executor-1] INFO  client.GrpcClientProtocolClient (GrpcClientProtocolClient.java:onNext(264)) - client-E41C008B94D2->cb20f782-9136-4144-a2ef-e44461d35697: receive RaftClientReply:client-E41C008B94D2->cb20f782-9136-4144-a2ef-e44461d35697@group-EF222054BC57, cid=1427, SUCCESS, logIndex=2049, commits[cb20f782-9136-4144-a2ef-e44461d35697:c2051]
2019-09-17 12:48:33,631 [grpc-default-executor-1] INFO  client.GrpcClientProtocolClient (GrpcClientProtocolClient.java:onNext(264)) - client-E41C008B94D2->cb20f782-9136-4144-a2ef-e44461d35697: receive RaftClientReply:client-E41C008B94D2->cb20f782-9136-4144-a2ef-e44461d35697@group-EF222054BC57, cid=1428, SUCCESS, logIndex=2050, commits[cb20f782-9136-4144-a2ef-e44461d35697:c2051]
2019-09-17 12:48:33,650 [grpc-default-executor-1] INFO  client.GrpcClientProtocolClient (GrpcClientProtocolClient.java:onNext(264)) - client-E41C008B94D2->cb20f782-9136-4144-a2ef-e44461d35697: receive RaftClientReply:client-E41C008B94D2->cb20f782-9136-4144-a2ef-e44461d35697@group-EF222054BC57, cid=1429, SUCCESS, logIndex=2053, commits[cb20f782-9136-4144-a2ef-e44461d35697:c2056]
2019-09-17 12:48:33,651 [grpc-default-executor-1] INFO  client.GrpcClientProtocolClient (GrpcClientProtocolClient.java:onNext(264)) - client-E41C008B94D2->cb20f782-9136-4144-a2ef-e44461d35697: receive RaftClientReply:client-E41C008B94D2->cb20f782-9136-4144-a2ef-e44461d35697@group-EF222054BC57, cid=1430, SUCCESS, logIndex=2054, commits[cb20f782-9136-4144-a2ef-e44461d35697:c2057]
2019-09-17 12:48:33,652 [grpc-default-executor-1] INFO  client.GrpcClientProtocolClient (GrpcClientProtocolClient.java:onNext(264)) - client-E41C008B94D2->cb20f782-9136-4144-a2ef-e44461d35697: receive RaftClientReply:client-E41C008B94D2->cb20f782-9136-4144-a2ef-e44461d35697@group-EF222054BC57, cid=1431, SUCCESS, logIndex=2055, commits[cb20f782-9136-4144-a2ef-e44461d35697:c2057]
2019-09-17 12:48:33,652 [grpc-default-executor-1] INFO  client.GrpcClientProtocolClient (GrpcClientProtocolClient.java:onNext(264)) - client-E41C008B94D2->cb20f782-9136-4144-a2ef-e44461d35697: receive RaftClientReply:client-E41C008B94D2->cb20f782-9136-4144-a2ef-e44461d35697@group-EF222054BC57, cid=1432, SUCCESS, logIndex=2056, commits[cb20f782-9136-4144-a2ef-e44461d35697:c2057]
2019-09-17 12:48:33,654 [SCMBlockDeletingService#0] DEBUG block.SCMBlockDeletingService (SCMBlockDeletingService.java:call(138)) - Running DeletedBlockTransactionScanner
2019-09-17 12:48:33,654 [SCMBlockDeletingService#0] DEBUG block.SCMBlockDeletingService (SCMBlockDeletingService.java:call(155)) - Scanned deleted blocks log and got 0 delTX to process.
2019-09-17 12:48:33,679 [grpc-default-executor-1] INFO  client.GrpcClientProtocolClient (GrpcClientProtocolClient.java:onNext(264)) - client-E41C008B94D2->cb20f782-9136-4144-a2ef-e44461d35697: receive RaftClientReply:client-E41C008B94D2->cb20f782-9136-4144-a2ef-e44461d35697@group-EF222054BC57, cid=1433, SUCCESS, logIndex=2058, commits[cb20f782-9136-4144-a2ef-e44461d35697:c2059]
2019-09-17 12:48:33,679 [grpc-default-executor-1] INFO  client.GrpcClientProtocolClient (GrpcClientProtocolClient.java:onNext(264)) - client-E41C008B94D2->cb20f782-9136-4144-a2ef-e44461d35697: receive RaftClientReply:client-E41C008B94D2->cb20f782-9136-4144-a2ef-e44461d35697@group-EF222054BC57, cid=1434, SUCCESS, logIndex=2059, commits[cb20f782-9136-4144-a2ef-e44461d35697:c2061]
2019-09-17 12:48:33,680 [grpc-default-executor-1] INFO  client.GrpcClientProtocolClient (GrpcClientProtocolClient.java:onNext(264)) - client-E41C008B94D2->cb20f782-9136-4144-a2ef-e44461d35697: receive RaftClientReply:client-E41C008B94D2->cb20f782-9136-4144-a2ef-e44461d35697@group-EF222054BC57, cid=1435, SUCCESS, logIndex=2060, commits[cb20f782-9136-4144-a2ef-e44461d35697:c2062]
2019-09-17 12:48:33,680 [grpc-default-executor-1] INFO  client.GrpcClientProtocolClient (GrpcClientProtocolClient.java:onNext(264)) - client-E41C008B94D2->cb20f782-9136-4144-a2ef-e44461d35697: receive RaftClientReply:client-E41C008B94D2->cb20f782-9136-4144-a2ef-e44461d35697@group-EF222054BC57, cid=1436, SUCCESS, logIndex=2061, commits[cb20f782-9136-4144-a2ef-e44461d35697:c2062]
2019-09-17 12:48:33,698 [grpc-default-executor-1] INFO  client.GrpcClientProtocolClient (GrpcClientProtocolClient.java:onNext(264)) - client-E41C008B94D2->cb20f782-9136-4144-a2ef-e44461d35697: receive RaftClientReply:client-E41C008B94D2->cb20f782-9136-4144-a2ef-e44461d35697@group-EF222054BC57, cid=1437, SUCCESS, logIndex=2064, commits[cb20f782-9136-4144-a2ef-e44461d35697:c2065]
2019-09-17 12:48:33,699 [grpc-default-executor-1] INFO  client.GrpcClientProtocolClient (GrpcClientProtocolClient.java:onNext(264)) - client-E41C008B94D2->cb20f782-9136-4144-a2ef-e44461d35697: receive RaftClientReply:client-E41C008B94D2->cb20f782-9136-4144-a2ef-e44461d35697@group-EF222054BC57, cid=1438, SUCCESS, logIndex=2065, commits[cb20f782-9136-4144-a2ef-e44461d35697:c2067]
2019-09-17 12:48:33,699 [grpc-default-executor-1] INFO  client.GrpcClientProtocolClient (GrpcClientProtocolClient.java:onNext(264)) - client-E41C008B94D2->cb20f782-9136-4144-a2ef-e44461d35697: receive RaftClientReply:client-E41C008B94D2->cb20f782-9136-4144-a2ef-e44461d35697@group-EF222054BC57, cid=1439, SUCCESS, logIndex=2066, commits[cb20f782-9136-4144-a2ef-e44461d35697:c2068]
2019-09-17 12:48:33,700 [grpc-default-executor-1] INFO  client.GrpcClientProtocolClient (GrpcClientProtocolClient.java:onNext(264)) - client-E41C008B94D2->cb20f782-9136-4144-a2ef-e44461d35697: receive RaftClientReply:client-E41C008B94D2->cb20f782-9136-4144-a2ef-e44461d35697@group-EF222054BC57, cid=1440, SUCCESS, logIndex=2067, commits[cb20f782-9136-4144-a2ef-e44461d35697:c2068]
2019-09-17 12:48:33,727 [grpc-default-executor-1] INFO  client.GrpcClientProtocolClient (GrpcClientProtocolClient.java:onNext(264)) - client-E41C008B94D2->cb20f782-9136-4144-a2ef-e44461d35697: receive RaftClientReply:client-E41C008B94D2->cb20f782-9136-4144-a2ef-e44461d35697@group-EF222054BC57, cid=1441, SUCCESS, logIndex=2070, commits[cb20f782-9136-4144-a2ef-e44461d35697:c2071]
2019-09-17 12:48:33,727 [grpc-default-executor-1] INFO  client.GrpcClientProtocolClient (GrpcClientProtocolClient.java:onNext(264)) - client-E41C008B94D2->cb20f782-9136-4144-a2ef-e44461d35697: receive RaftClientReply:client-E41C008B94D2->cb20f782-9136-4144-a2ef-e44461d35697@group-EF222054BC57, cid=1442, SUCCESS, logIndex=2071, commits[cb20f782-9136-4144-a2ef-e44461d35697:c2073]
2019-09-17 12:48:33,727 [grpc-default-executor-1] INFO  client.GrpcClientProtocolClient (GrpcClientProtocolClient.java:onNext(264)) - client-E41C008B94D2->cb20f782-9136-4144-a2ef-e44461d35697: receive RaftClientReply:client-E41C008B94D2->cb20f782-9136-4144-a2ef-e44461d35697@group-EF222054BC57, cid=1443, SUCCESS, logIndex=2072, commits[cb20f782-9136-4144-a2ef-e44461d35697:c2074]
2019-09-17 12:48:33,728 [grpc-default-executor-1] INFO  client.GrpcClientProtocolClient (GrpcClientProtocolClient.java:onNext(264)) - client-E41C008B94D2->cb20f782-9136-4144-a2ef-e44461d35697: receive RaftClientReply:client-E41C008B94D2->cb20f782-9136-4144-a2ef-e44461d35697@group-EF222054BC57, cid=1444, SUCCESS, logIndex=2073, commits[cb20f782-9136-4144-a2ef-e44461d35697:c2074]
2019-09-17 12:48:33,746 [grpc-default-executor-1] INFO  client.GrpcClientProtocolClient (GrpcClientProtocolClient.java:onNext(264)) - client-E41C008B94D2->cb20f782-9136-4144-a2ef-e44461d35697: receive RaftClientReply:client-E41C008B94D2->cb20f782-9136-4144-a2ef-e44461d35697@group-EF222054BC57, cid=1445, SUCCESS, logIndex=2076, commits[cb20f782-9136-4144-a2ef-e44461d35697:c2079]
2019-09-17 12:48:33,747 [grpc-default-executor-1] INFO  client.GrpcClientProtocolClient (GrpcClientProtocolClient.java:onNext(264)) - client-E41C008B94D2->cb20f782-9136-4144-a2ef-e44461d35697: receive RaftClientReply:client-E41C008B94D2->cb20f782-9136-4144-a2ef-e44461d35697@group-EF222054BC57, cid=1446, SUCCESS, logIndex=2077, commits[cb20f782-9136-4144-a2ef-e44461d35697:c2079]
2019-09-17 12:48:33,747 [grpc-default-executor-1] INFO  client.GrpcClientProtocolClient (GrpcClientProtocolClient.java:onNext(264)) - client-E41C008B94D2->cb20f782-9136-4144-a2ef-e44461d35697: receive RaftClientReply:client-E41C008B94D2->cb20f782-9136-4144-a2ef-e44461d35697@group-EF222054BC57, cid=1447, SUCCESS, logIndex=2078, commits[cb20f782-9136-4144-a2ef-e44461d35697:c2080]
2019-09-17 12:48:33,747 [grpc-default-executor-1] INFO  client.GrpcClientProtocolClient (GrpcClientProtocolClient.java:onNext(264)) - client-E41C008B94D2->cb20f782-9136-4144-a2ef-e44461d35697: receive RaftClientReply:client-E41C008B94D2->cb20f782-9136-4144-a2ef-e44461d35697@group-EF222054BC57, cid=1448, SUCCESS, logIndex=2079, commits[cb20f782-9136-4144-a2ef-e44461d35697:c2081]
2019-09-17 12:48:33,754 [SCMBlockDeletingService#0] DEBUG block.SCMBlockDeletingService (SCMBlockDeletingService.java:call(138)) - Running DeletedBlockTransactionScanner
2019-09-17 12:48:33,755 [SCMBlockDeletingService#0] DEBUG block.SCMBlockDeletingService (SCMBlockDeletingService.java:call(155)) - Scanned deleted blocks log and got 0 delTX to process.
2019-09-17 12:48:33,774 [grpc-default-executor-2] INFO  client.GrpcClientProtocolClient (GrpcClientProtocolClient.java:onNext(264)) - client-E41C008B94D2->cb20f782-9136-4144-a2ef-e44461d35697: receive RaftClientReply:client-E41C008B94D2->cb20f782-9136-4144-a2ef-e44461d35697@group-EF222054BC57, cid=1449, SUCCESS, logIndex=2082, commits[cb20f782-9136-4144-a2ef-e44461d35697:c2083]
2019-09-17 12:48:33,775 [grpc-default-executor-2] INFO  client.GrpcClientProtocolClient (GrpcClientProtocolClient.java:onNext(264)) - client-E41C008B94D2->cb20f782-9136-4144-a2ef-e44461d35697: receive RaftClientReply:client-E41C008B94D2->cb20f782-9136-4144-a2ef-e44461d35697@group-EF222054BC57, cid=1450, SUCCESS, logIndex=2083, commits[cb20f782-9136-4144-a2ef-e44461d35697:c2085]
2019-09-17 12:48:33,775 [grpc-default-executor-2] INFO  client.GrpcClientProtocolClient (GrpcClientProtocolClient.java:onNext(264)) - client-E41C008B94D2->cb20f782-9136-4144-a2ef-e44461d35697: receive RaftClientReply:client-E41C008B94D2->cb20f782-9136-4144-a2ef-e44461d35697@group-EF222054BC57, cid=1451, SUCCESS, logIndex=2084, commits[cb20f782-9136-4144-a2ef-e44461d35697:c2085]
2019-09-17 12:48:33,776 [grpc-default-executor-2] INFO  client.GrpcClientProtocolClient (GrpcClientProtocolClient.java:onNext(264)) - client-E41C008B94D2->cb20f782-9136-4144-a2ef-e44461d35697: receive RaftClientReply:client-E41C008B94D2->cb20f782-9136-4144-a2ef-e44461d35697@group-EF222054BC57, cid=1452, SUCCESS, logIndex=2085, commits[cb20f782-9136-4144-a2ef-e44461d35697:c2086]
2019-09-17 12:48:33,794 [grpc-default-executor-2] INFO  client.GrpcClientProtocolClient (GrpcClientProtocolClient.java:onNext(264)) - client-E41C008B94D2->cb20f782-9136-4144-a2ef-e44461d35697: receive RaftClientReply:client-E41C008B94D2->cb20f782-9136-4144-a2ef-e44461d35697@group-EF222054BC57, cid=1453, SUCCESS, logIndex=2088, commits[cb20f782-9136-4144-a2ef-e44461d35697:c2089]
2019-09-17 12:48:33,795 [grpc-default-executor-2] INFO  client.GrpcClientProtocolClient (GrpcClientProtocolClient.java:onNext(264)) - client-E41C008B94D2->cb20f782-9136-4144-a2ef-e44461d35697: receive RaftClientReply:client-E41C008B94D2->cb20f782-9136-4144-a2ef-e44461d35697@group-EF222054BC57, cid=1454, SUCCESS, logIndex=2089, commits[cb20f782-9136-4144-a2ef-e44461d35697:c2091]
2019-09-17 12:48:33,795 [grpc-default-executor-2] INFO  client.GrpcClientProtocolClient (GrpcClientProtocolClient.java:onNext(264)) - client-E41C008B94D2->cb20f782-9136-4144-a2ef-e44461d35697: receive RaftClientReply:client-E41C008B94D2->cb20f782-9136-4144-a2ef-e44461d35697@group-EF222054BC57, cid=1455, SUCCESS, logIndex=2090, commits[cb20f782-9136-4144-a2ef-e44461d35697:c2091]
2019-09-17 12:48:33,795 [grpc-default-executor-2] INFO  client.GrpcClientProtocolClient (GrpcClientProtocolClient.java:onNext(264)) - client-E41C008B94D2->cb20f782-9136-4144-a2ef-e44461d35697: receive RaftClientReply:client-E41C008B94D2->cb20f782-9136-4144-a2ef-e44461d35697@group-EF222054BC57, cid=1456, SUCCESS, logIndex=2091, commits[cb20f782-9136-4144-a2ef-e44461d35697:c2092]
2019-09-17 12:48:33,866 [SCMBlockDeletingService#0] DEBUG block.SCMBlockDeletingService (SCMBlockDeletingService.java:call(138)) - Running DeletedBlockTransactionScanner
2019-09-17 12:48:33,866 [SCMBlockDeletingService#0] DEBUG block.SCMBlockDeletingService (SCMBlockDeletingService.java:call(155)) - Scanned deleted blocks log and got 0 delTX to process.
2019-09-17 12:48:33,883 [grpc-default-executor-2] INFO  client.GrpcClientProtocolClient (GrpcClientProtocolClient.java:onNext(264)) - client-E41C008B94D2->cb20f782-9136-4144-a2ef-e44461d35697: receive RaftClientReply:client-E41C008B94D2->cb20f782-9136-4144-a2ef-e44461d35697@group-EF222054BC57, cid=1457, SUCCESS, logIndex=2094, commits[cb20f782-9136-4144-a2ef-e44461d35697:c2095]
2019-09-17 12:48:33,883 [grpc-default-executor-2] INFO  client.GrpcClientProtocolClient (GrpcClientProtocolClient.java:onNext(264)) - client-E41C008B94D2->cb20f782-9136-4144-a2ef-e44461d35697: receive RaftClientReply:client-E41C008B94D2->cb20f782-9136-4144-a2ef-e44461d35697@group-EF222054BC57, cid=1458, SUCCESS, logIndex=2095, commits[cb20f782-9136-4144-a2ef-e44461d35697:c2096]
2019-09-17 12:48:33,966 [SCMBlockDeletingService#0] DEBUG block.SCMBlockDeletingService (SCMBlockDeletingService.java:call(138)) - Running DeletedBlockTransactionScanner
2019-09-17 12:48:33,967 [SCMBlockDeletingService#0] DEBUG block.SCMBlockDeletingService (SCMBlockDeletingService.java:call(155)) - Scanned deleted blocks log and got 0 delTX to process.
2019-09-17 12:48:33,977 [grpc-default-executor-1] INFO  client.GrpcClientProtocolClient (GrpcClientProtocolClient.java:onNext(264)) - client-E41C008B94D2->cb20f782-9136-4144-a2ef-e44461d35697: receive RaftClientReply:client-E41C008B94D2->cb20f782-9136-4144-a2ef-e44461d35697@group-EF222054BC57, cid=1459, SUCCESS, logIndex=2097, commits[cb20f782-9136-4144-a2ef-e44461d35697:c2098]
2019-09-17 12:48:33,978 [grpc-default-executor-1] INFO  client.GrpcClientProtocolClient (GrpcClientProtocolClient.java:onNext(264)) - client-E41C008B94D2->cb20f782-9136-4144-a2ef-e44461d35697: receive RaftClientReply:client-E41C008B94D2->cb20f782-9136-4144-a2ef-e44461d35697@group-EF222054BC57, cid=1460, SUCCESS, logIndex=2098, commits[cb20f782-9136-4144-a2ef-e44461d35697:c2098]
2019-09-17 12:48:34,010 [grpc-default-executor-1] INFO  client.GrpcClientProtocolClient (GrpcClientProtocolClient.java:onNext(264)) - client-E41C008B94D2->cb20f782-9136-4144-a2ef-e44461d35697: receive RaftClientReply:client-E41C008B94D2->cb20f782-9136-4144-a2ef-e44461d35697@group-EF222054BC57, cid=1461, SUCCESS, logIndex=2100, commits[cb20f782-9136-4144-a2ef-e44461d35697:c2103]
2019-09-17 12:48:34,011 [grpc-default-executor-1] INFO  client.GrpcClientProtocolClient (GrpcClientProtocolClient.java:onNext(264)) - client-E41C008B94D2->cb20f782-9136-4144-a2ef-e44461d35697: receive RaftClientReply:client-E41C008B94D2->cb20f782-9136-4144-a2ef-e44461d35697@group-EF222054BC57, cid=1462, SUCCESS, logIndex=2101, commits[cb20f782-9136-4144-a2ef-e44461d35697:c2103]
2019-09-17 12:48:34,011 [grpc-default-executor-1] INFO  client.GrpcClientProtocolClient (GrpcClientProtocolClient.java:onNext(264)) - client-E41C008B94D2->cb20f782-9136-4144-a2ef-e44461d35697: receive RaftClientReply:client-E41C008B94D2->cb20f782-9136-4144-a2ef-e44461d35697@group-EF222054BC57, cid=1463, SUCCESS, logIndex=2102, commits[cb20f782-9136-4144-a2ef-e44461d35697:c2103]
2019-09-17 12:48:34,011 [grpc-default-executor-1] INFO  client.GrpcClientProtocolClient (GrpcClientProtocolClient.java:onNext(264)) - client-E41C008B94D2->cb20f782-9136-4144-a2ef-e44461d35697: receive RaftClientReply:client-E41C008B94D2->cb20f782-9136-4144-a2ef-e44461d35697@group-EF222054BC57, cid=1464, SUCCESS, logIndex=2103, commits[cb20f782-9136-4144-a2ef-e44461d35697:c2103]
2019-09-17 12:48:34,038 [grpc-default-executor-2] INFO  client.GrpcClientProtocolClient (GrpcClientProtocolClient.java:onNext(264)) - client-E41C008B94D2->cb20f782-9136-4144-a2ef-e44461d35697: receive RaftClientReply:client-E41C008B94D2->cb20f782-9136-4144-a2ef-e44461d35697@group-EF222054BC57, cid=1465, SUCCESS, logIndex=2105, commits[cb20f782-9136-4144-a2ef-e44461d35697:c2106]
2019-09-17 12:48:34,038 [grpc-default-executor-2] INFO  client.GrpcClientProtocolClient (GrpcClientProtocolClient.java:onNext(264)) - client-E41C008B94D2->cb20f782-9136-4144-a2ef-e44461d35697: receive RaftClientReply:client-E41C008B94D2->cb20f782-9136-4144-a2ef-e44461d35697@group-EF222054BC57, cid=1466, SUCCESS, logIndex=2106, commits[cb20f782-9136-4144-a2ef-e44461d35697:c2108]
2019-09-17 12:48:34,039 [grpc-default-executor-2] INFO  client.GrpcClientProtocolClient (GrpcClientProtocolClient.java:onNext(264)) - client-E41C008B94D2->cb20f782-9136-4144-a2ef-e44461d35697: receive RaftClientReply:client-E41C008B94D2->cb20f782-9136-4144-a2ef-e44461d35697@group-EF222054BC57, cid=1467, SUCCESS, logIndex=2107, commits[cb20f782-9136-4144-a2ef-e44461d35697:c2109]
2019-09-17 12:48:34,039 [grpc-default-executor-2] INFO  client.GrpcClientProtocolClient (GrpcClientProtocolClient.java:onNext(264)) - client-E41C008B94D2->cb20f782-9136-4144-a2ef-e44461d35697: receive RaftClientReply:client-E41C008B94D2->cb20f782-9136-4144-a2ef-e44461d35697@group-EF222054BC57, cid=1468, SUCCESS, logIndex=2108, commits[cb20f782-9136-4144-a2ef-e44461d35697:c2109]
2019-09-17 12:48:34,057 [grpc-default-executor-1] INFO  client.GrpcClientProtocolClient (GrpcClientProtocolClient.java:onNext(264)) - client-E41C008B94D2->cb20f782-9136-4144-a2ef-e44461d35697: receive RaftClientReply:client-E41C008B94D2->cb20f782-9136-4144-a2ef-e44461d35697@group-EF222054BC57, cid=1469, SUCCESS, logIndex=2111, commits[cb20f782-9136-4144-a2ef-e44461d35697:c2112]
2019-09-17 12:48:34,058 [grpc-default-executor-1] INFO  client.GrpcClientProtocolClient (GrpcClientProtocolClient.java:onNext(264)) - client-E41C008B94D2->cb20f782-9136-4144-a2ef-e44461d35697: receive RaftClientReply:client-E41C008B94D2->cb20f782-9136-4144-a2ef-e44461d35697@group-EF222054BC57, cid=1470, SUCCESS, logIndex=2112, commits[cb20f782-9136-4144-a2ef-e44461d35697:c2114]
2019-09-17 12:48:34,058 [grpc-default-executor-1] INFO  client.GrpcClientProtocolClient (GrpcClientProtocolClient.java:onNext(264)) - client-E41C008B94D2->cb20f782-9136-4144-a2ef-e44461d35697: receive RaftClientReply:client-E41C008B94D2->cb20f782-9136-4144-a2ef-e44461d35697@group-EF222054BC57, cid=1471, SUCCESS, logIndex=2113, commits[cb20f782-9136-4144-a2ef-e44461d35697:c2114]
2019-09-17 12:48:34,058 [grpc-default-executor-1] INFO  client.GrpcClientProtocolClient (GrpcClientProtocolClient.java:onNext(264)) - client-E41C008B94D2->cb20f782-9136-4144-a2ef-e44461d35697: receive RaftClientReply:client-E41C008B94D2->cb20f782-9136-4144-a2ef-e44461d35697@group-EF222054BC57, cid=1472, SUCCESS, logIndex=2114, commits[cb20f782-9136-4144-a2ef-e44461d35697:c2115]
2019-09-17 12:48:34,067 [SCMBlockDeletingService#0] DEBUG block.SCMBlockDeletingService (SCMBlockDeletingService.java:call(138)) - Running DeletedBlockTransactionScanner
2019-09-17 12:48:34,067 [SCMBlockDeletingService#0] DEBUG block.SCMBlockDeletingService (SCMBlockDeletingService.java:call(155)) - Scanned deleted blocks log and got 0 delTX to process.
2019-09-17 12:48:34,083 [grpc-default-executor-1] INFO  client.GrpcClientProtocolClient (GrpcClientProtocolClient.java:onNext(264)) - client-E41C008B94D2->cb20f782-9136-4144-a2ef-e44461d35697: receive RaftClientReply:client-E41C008B94D2->cb20f782-9136-4144-a2ef-e44461d35697@group-EF222054BC57, cid=1473, SUCCESS, logIndex=2117, commits[cb20f782-9136-4144-a2ef-e44461d35697:c2118]
2019-09-17 12:48:34,083 [grpc-default-executor-1] INFO  client.GrpcClientProtocolClient (GrpcClientProtocolClient.java:onNext(264)) - client-E41C008B94D2->cb20f782-9136-4144-a2ef-e44461d35697: receive RaftClientReply:client-E41C008B94D2->cb20f782-9136-4144-a2ef-e44461d35697@group-EF222054BC57, cid=1474, SUCCESS, logIndex=2118, commits[cb20f782-9136-4144-a2ef-e44461d35697:c2118]
2019-09-17 12:48:34,084 [grpc-default-executor-1] INFO  client.GrpcClientProtocolClient (GrpcClientProtocolClient.java:onNext(264)) - client-E41C008B94D2->cb20f782-9136-4144-a2ef-e44461d35697: receive RaftClientReply:client-E41C008B94D2->cb20f782-9136-4144-a2ef-e44461d35697@group-EF222054BC57, cid=1475, SUCCESS, logIndex=2119, commits[cb20f782-9136-4144-a2ef-e44461d35697:c2120]
2019-09-17 12:48:34,084 [grpc-default-executor-1] INFO  client.GrpcClientProtocolClient (GrpcClientProtocolClient.java:onNext(264)) - client-E41C008B94D2->cb20f782-9136-4144-a2ef-e44461d35697: receive RaftClientReply:client-E41C008B94D2->cb20f782-9136-4144-a2ef-e44461d35697@group-EF222054BC57, cid=1476, SUCCESS, logIndex=2120, commits[cb20f782-9136-4144-a2ef-e44461d35697:c2121]
2019-09-17 12:48:34,104 [grpc-default-executor-1] INFO  client.GrpcClientProtocolClient (GrpcClientProtocolClient.java:onNext(264)) - client-E41C008B94D2->cb20f782-9136-4144-a2ef-e44461d35697: receive RaftClientReply:client-E41C008B94D2->cb20f782-9136-4144-a2ef-e44461d35697@group-EF222054BC57, cid=1477, SUCCESS, logIndex=2123, commits[cb20f782-9136-4144-a2ef-e44461d35697:c2126]
2019-09-17 12:48:34,105 [grpc-default-executor-1] INFO  client.GrpcClientProtocolClient (GrpcClientProtocolClient.java:onNext(264)) - client-E41C008B94D2->cb20f782-9136-4144-a2ef-e44461d35697: receive RaftClientReply:client-E41C008B94D2->cb20f782-9136-4144-a2ef-e44461d35697@group-EF222054BC57, cid=1478, SUCCESS, logIndex=2124, commits[cb20f782-9136-4144-a2ef-e44461d35697:c2127]
2019-09-17 12:48:34,105 [grpc-default-executor-1] INFO  client.GrpcClientProtocolClient (GrpcClientProtocolClient.java:onNext(264)) - client-E41C008B94D2->cb20f782-9136-4144-a2ef-e44461d35697: receive RaftClientReply:client-E41C008B94D2->cb20f782-9136-4144-a2ef-e44461d35697@group-EF222054BC57, cid=1479, SUCCESS, logIndex=2125, commits[cb20f782-9136-4144-a2ef-e44461d35697:c2127]
2019-09-17 12:48:34,106 [grpc-default-executor-1] INFO  client.GrpcClientProtocolClient (GrpcClientProtocolClient.java:onNext(264)) - client-E41C008B94D2->cb20f782-9136-4144-a2ef-e44461d35697: receive RaftClientReply:client-E41C008B94D2->cb20f782-9136-4144-a2ef-e44461d35697@group-EF222054BC57, cid=1480, SUCCESS, logIndex=2126, commits[cb20f782-9136-4144-a2ef-e44461d35697:c2127]
2019-09-17 12:48:34,130 [grpc-default-executor-1] INFO  client.GrpcClientProtocolClient (GrpcClientProtocolClient.java:onNext(264)) - client-E41C008B94D2->cb20f782-9136-4144-a2ef-e44461d35697: receive RaftClientReply:client-E41C008B94D2->cb20f782-9136-4144-a2ef-e44461d35697@group-EF222054BC57, cid=1481, SUCCESS, logIndex=2128, commits[cb20f782-9136-4144-a2ef-e44461d35697:c2129]
2019-09-17 12:48:34,130 [grpc-default-executor-1] INFO  client.GrpcClientProtocolClient (GrpcClientProtocolClient.java:onNext(264)) - client-E41C008B94D2->cb20f782-9136-4144-a2ef-e44461d35697: receive RaftClientReply:client-E41C008B94D2->cb20f782-9136-4144-a2ef-e44461d35697@group-EF222054BC57, cid=1482, SUCCESS, logIndex=2129, commits[cb20f782-9136-4144-a2ef-e44461d35697:c2129]
2019-09-17 12:48:34,131 [grpc-default-executor-1] INFO  client.GrpcClientProtocolClient (GrpcClientProtocolClient.java:onNext(264)) - client-E41C008B94D2->cb20f782-9136-4144-a2ef-e44461d35697: receive RaftClientReply:client-E41C008B94D2->cb20f782-9136-4144-a2ef-e44461d35697@group-EF222054BC57, cid=1483, SUCCESS, logIndex=2130, commits[cb20f782-9136-4144-a2ef-e44461d35697:c2131]
2019-09-17 12:48:34,131 [grpc-default-executor-1] INFO  client.GrpcClientProtocolClient (GrpcClientProtocolClient.java:onNext(264)) - client-E41C008B94D2->cb20f782-9136-4144-a2ef-e44461d35697: receive RaftClientReply:client-E41C008B94D2->cb20f782-9136-4144-a2ef-e44461d35697@group-EF222054BC57, cid=1484, SUCCESS, logIndex=2131, commits[cb20f782-9136-4144-a2ef-e44461d35697:c2132]
2019-09-17 12:48:34,151 [grpc-default-executor-1] INFO  client.GrpcClientProtocolClient (GrpcClientProtocolClient.java:onNext(264)) - client-E41C008B94D2->cb20f782-9136-4144-a2ef-e44461d35697: receive RaftClientReply:client-E41C008B94D2->cb20f782-9136-4144-a2ef-e44461d35697@group-EF222054BC57, cid=1485, SUCCESS, logIndex=2134, commits[cb20f782-9136-4144-a2ef-e44461d35697:c2137]
2019-09-17 12:48:34,152 [grpc-default-executor-1] INFO  client.GrpcClientProtocolClient (GrpcClientProtocolClient.java:onNext(264)) - client-E41C008B94D2->cb20f782-9136-4144-a2ef-e44461d35697: receive RaftClientReply:client-E41C008B94D2->cb20f782-9136-4144-a2ef-e44461d35697@group-EF222054BC57, cid=1486, SUCCESS, logIndex=2135, commits[cb20f782-9136-4144-a2ef-e44461d35697:c2138]
2019-09-17 12:48:34,152 [grpc-default-executor-1] INFO  client.GrpcClientProtocolClient (GrpcClientProtocolClient.java:onNext(264)) - client-E41C008B94D2->cb20f782-9136-4144-a2ef-e44461d35697: receive RaftClientReply:client-E41C008B94D2->cb20f782-9136-4144-a2ef-e44461d35697@group-EF222054BC57, cid=1487, SUCCESS, logIndex=2136, commits[cb20f782-9136-4144-a2ef-e44461d35697:c2138]
2019-09-17 12:48:34,152 [grpc-default-executor-1] INFO  client.GrpcClientProtocolClient (GrpcClientProtocolClient.java:onNext(264)) - client-E41C008B94D2->cb20f782-9136-4144-a2ef-e44461d35697: receive RaftClientReply:client-E41C008B94D2->cb20f782-9136-4144-a2ef-e44461d35697@group-EF222054BC57, cid=1488, SUCCESS, logIndex=2137, commits[cb20f782-9136-4144-a2ef-e44461d35697:c2138]
2019-09-17 12:48:34,167 [SCMBlockDeletingService#0] DEBUG block.SCMBlockDeletingService (SCMBlockDeletingService.java:call(138)) - Running DeletedBlockTransactionScanner
2019-09-17 12:48:34,168 [SCMBlockDeletingService#0] DEBUG block.SCMBlockDeletingService (SCMBlockDeletingService.java:call(155)) - Scanned deleted blocks log and got 0 delTX to process.
2019-09-17 12:48:34,177 [grpc-default-executor-2] INFO  client.GrpcClientProtocolClient (GrpcClientProtocolClient.java:onNext(264)) - client-E41C008B94D2->cb20f782-9136-4144-a2ef-e44461d35697: receive RaftClientReply:client-E41C008B94D2->cb20f782-9136-4144-a2ef-e44461d35697@group-EF222054BC57, cid=1489, SUCCESS, logIndex=2139, commits[cb20f782-9136-4144-a2ef-e44461d35697:c2140]
2019-09-17 12:48:34,178 [grpc-default-executor-2] INFO  client.GrpcClientProtocolClient (GrpcClientProtocolClient.java:onNext(264)) - client-E41C008B94D2->cb20f782-9136-4144-a2ef-e44461d35697: receive RaftClientReply:client-E41C008B94D2->cb20f782-9136-4144-a2ef-e44461d35697@group-EF222054BC57, cid=1490, SUCCESS, logIndex=2140, commits[cb20f782-9136-4144-a2ef-e44461d35697:c2142]
2019-09-17 12:48:34,178 [grpc-default-executor-2] INFO  client.GrpcClientProtocolClient (GrpcClientProtocolClient.java:onNext(264)) - client-E41C008B94D2->cb20f782-9136-4144-a2ef-e44461d35697: receive RaftClientReply:client-E41C008B94D2->cb20f782-9136-4144-a2ef-e44461d35697@group-EF222054BC57, cid=1491, SUCCESS, logIndex=2141, commits[cb20f782-9136-4144-a2ef-e44461d35697:c2142]
2019-09-17 12:48:34,179 [grpc-default-executor-2] INFO  client.GrpcClientProtocolClient (GrpcClientProtocolClient.java:onNext(264)) - client-E41C008B94D2->cb20f782-9136-4144-a2ef-e44461d35697: receive RaftClientReply:client-E41C008B94D2->cb20f782-9136-4144-a2ef-e44461d35697@group-EF222054BC57, cid=1492, SUCCESS, logIndex=2142, commits[cb20f782-9136-4144-a2ef-e44461d35697:c2143]
2019-09-17 12:48:34,195 [grpc-default-executor-1] INFO  client.GrpcClientProtocolClient (GrpcClientProtocolClient.java:onNext(264)) - client-E41C008B94D2->cb20f782-9136-4144-a2ef-e44461d35697: receive RaftClientReply:client-E41C008B94D2->cb20f782-9136-4144-a2ef-e44461d35697@group-EF222054BC57, cid=1493, SUCCESS, logIndex=2145, commits[cb20f782-9136-4144-a2ef-e44461d35697:c2146]
2019-09-17 12:48:34,196 [grpc-default-executor-1] INFO  client.GrpcClientProtocolClient (GrpcClientProtocolClient.java:onNext(264)) - client-E41C008B94D2->cb20f782-9136-4144-a2ef-e44461d35697: receive RaftClientReply:client-E41C008B94D2->cb20f782-9136-4144-a2ef-e44461d35697@group-EF222054BC57, cid=1494, SUCCESS, logIndex=2146, commits[cb20f782-9136-4144-a2ef-e44461d35697:c2148]
2019-09-17 12:48:34,196 [grpc-default-executor-1] INFO  client.GrpcClientProtocolClient (GrpcClientProtocolClient.java:onNext(264)) - client-E41C008B94D2->cb20f782-9136-4144-a2ef-e44461d35697: receive RaftClientReply:client-E41C008B94D2->cb20f782-9136-4144-a2ef-e44461d35697@group-EF222054BC57, cid=1495, SUCCESS, logIndex=2147, commits[cb20f782-9136-4144-a2ef-e44461d35697:c2149]
2019-09-17 12:48:34,197 [grpc-default-executor-1] INFO  client.GrpcClientProtocolClient (GrpcClientProtocolClient.java:onNext(264)) - client-E41C008B94D2->cb20f782-9136-4144-a2ef-e44461d35697: receive RaftClientReply:client-E41C008B94D2->cb20f782-9136-4144-a2ef-e44461d35697@group-EF222054BC57, cid=1496, SUCCESS, logIndex=2148, commits[cb20f782-9136-4144-a2ef-e44461d35697:c2149]
2019-09-17 12:48:34,221 [grpc-default-executor-2] INFO  client.GrpcClientProtocolClient (GrpcClientProtocolClient.java:onNext(264)) - client-E41C008B94D2->cb20f782-9136-4144-a2ef-e44461d35697: receive RaftClientReply:client-E41C008B94D2->cb20f782-9136-4144-a2ef-e44461d35697@group-EF222054BC57, cid=1497, SUCCESS, logIndex=2151, commits[cb20f782-9136-4144-a2ef-e44461d35697:c2152]
2019-09-17 12:48:34,221 [grpc-default-executor-2] INFO  client.GrpcClientProtocolClient (GrpcClientProtocolClient.java:onNext(264)) - client-E41C008B94D2->cb20f782-9136-4144-a2ef-e44461d35697: receive RaftClientReply:client-E41C008B94D2->cb20f782-9136-4144-a2ef-e44461d35697@group-EF222054BC57, cid=1498, SUCCESS, logIndex=2152, commits[cb20f782-9136-4144-a2ef-e44461d35697:c2154]
2019-09-17 12:48:34,222 [grpc-default-executor-2] INFO  client.GrpcClientProtocolClient (GrpcClientProtocolClient.java:onNext(264)) - client-E41C008B94D2->cb20f782-9136-4144-a2ef-e44461d35697: receive RaftClientReply:client-E41C008B94D2->cb20f782-9136-4144-a2ef-e44461d35697@group-EF222054BC57, cid=1499, SUCCESS, logIndex=2153, commits[cb20f782-9136-4144-a2ef-e44461d35697:c2154]
2019-09-17 12:48:34,222 [grpc-default-executor-2] INFO  client.GrpcClientProtocolClient (GrpcClientProtocolClient.java:onNext(264)) - client-E41C008B94D2->cb20f782-9136-4144-a2ef-e44461d35697: receive RaftClientReply:client-E41C008B94D2->cb20f782-9136-4144-a2ef-e44461d35697@group-EF222054BC57, cid=1500, SUCCESS, logIndex=2154, commits[cb20f782-9136-4144-a2ef-e44461d35697:c2155]
2019-09-17 12:48:34,250 [grpc-default-executor-2] INFO  client.GrpcClientProtocolClient (GrpcClientProtocolClient.java:onNext(264)) - client-E41C008B94D2->cb20f782-9136-4144-a2ef-e44461d35697: receive RaftClientReply:client-E41C008B94D2->cb20f782-9136-4144-a2ef-e44461d35697@group-EF222054BC57, cid=1501, SUCCESS, logIndex=2157, commits[cb20f782-9136-4144-a2ef-e44461d35697:c2158]
2019-09-17 12:48:34,250 [grpc-default-executor-2] INFO  client.GrpcClientProtocolClient (GrpcClientProtocolClient.java:onNext(264)) - client-E41C008B94D2->cb20f782-9136-4144-a2ef-e44461d35697: receive RaftClientReply:client-E41C008B94D2->cb20f782-9136-4144-a2ef-e44461d35697@group-EF222054BC57, cid=1502, SUCCESS, logIndex=2158, commits[cb20f782-9136-4144-a2ef-e44461d35697:c2159]
2019-09-17 12:48:34,268 [SCMBlockDeletingService#0] DEBUG block.SCMBlockDeletingService (SCMBlockDeletingService.java:call(138)) - Running DeletedBlockTransactionScanner
2019-09-17 12:48:34,268 [SCMBlockDeletingService#0] DEBUG block.SCMBlockDeletingService (SCMBlockDeletingService.java:call(155)) - Scanned deleted blocks log and got 0 delTX to process.
2019-09-17 12:48:34,332 [grpc-default-executor-2] INFO  client.GrpcClientProtocolClient (GrpcClientProtocolClient.java:onNext(264)) - client-E41C008B94D2->cb20f782-9136-4144-a2ef-e44461d35697: receive RaftClientReply:client-E41C008B94D2->cb20f782-9136-4144-a2ef-e44461d35697@group-EF222054BC57, cid=1503, SUCCESS, logIndex=2160, commits[cb20f782-9136-4144-a2ef-e44461d35697:c2161]
2019-09-17 12:48:34,332 [grpc-default-executor-2] INFO  client.GrpcClientProtocolClient (GrpcClientProtocolClient.java:onNext(264)) - client-E41C008B94D2->cb20f782-9136-4144-a2ef-e44461d35697: receive RaftClientReply:client-E41C008B94D2->cb20f782-9136-4144-a2ef-e44461d35697@group-EF222054BC57, cid=1504, SUCCESS, logIndex=2161, commits[cb20f782-9136-4144-a2ef-e44461d35697:c2162]
2019-09-17 12:48:34,360 [grpc-default-executor-1] INFO  client.GrpcClientProtocolClient (GrpcClientProtocolClient.java:onNext(264)) - client-E41C008B94D2->cb20f782-9136-4144-a2ef-e44461d35697: receive RaftClientReply:client-E41C008B94D2->cb20f782-9136-4144-a2ef-e44461d35697@group-EF222054BC57, cid=1505, SUCCESS, logIndex=2163, commits[cb20f782-9136-4144-a2ef-e44461d35697:c2166]
2019-09-17 12:48:34,361 [grpc-default-executor-1] INFO  client.GrpcClientProtocolClient (GrpcClientProtocolClient.java:onNext(264)) - client-E41C008B94D2->cb20f782-9136-4144-a2ef-e44461d35697: receive RaftClientReply:client-E41C008B94D2->cb20f782-9136-4144-a2ef-e44461d35697@group-EF222054BC57, cid=1506, SUCCESS, logIndex=2164, commits[cb20f782-9136-4144-a2ef-e44461d35697:c2167]
2019-09-17 12:48:34,361 [grpc-default-executor-1] INFO  client.GrpcClientProtocolClient (GrpcClientProtocolClient.java:onNext(264)) - client-E41C008B94D2->cb20f782-9136-4144-a2ef-e44461d35697: receive RaftClientReply:client-E41C008B94D2->cb20f782-9136-4144-a2ef-e44461d35697@group-EF222054BC57, cid=1507, SUCCESS, logIndex=2165, commits[cb20f782-9136-4144-a2ef-e44461d35697:c2167]
2019-09-17 12:48:34,361 [grpc-default-executor-1] INFO  client.GrpcClientProtocolClient (GrpcClientProtocolClient.java:onNext(264)) - client-E41C008B94D2->cb20f782-9136-4144-a2ef-e44461d35697: receive RaftClientReply:client-E41C008B94D2->cb20f782-9136-4144-a2ef-e44461d35697@group-EF222054BC57, cid=1508, SUCCESS, logIndex=2166, commits[cb20f782-9136-4144-a2ef-e44461d35697:c2167]
2019-09-17 12:48:34,368 [SCMBlockDeletingService#0] DEBUG block.SCMBlockDeletingService (SCMBlockDeletingService.java:call(138)) - Running DeletedBlockTransactionScanner
2019-09-17 12:48:34,369 [SCMBlockDeletingService#0] DEBUG block.SCMBlockDeletingService (SCMBlockDeletingService.java:call(155)) - Scanned deleted blocks log and got 0 delTX to process.
2019-09-17 12:48:34,379 [grpc-default-executor-1] INFO  client.GrpcClientProtocolClient (GrpcClientProtocolClient.java:onNext(264)) - client-E41C008B94D2->cb20f782-9136-4144-a2ef-e44461d35697: receive RaftClientReply:client-E41C008B94D2->cb20f782-9136-4144-a2ef-e44461d35697@group-EF222054BC57, cid=1509, SUCCESS, logIndex=2168, commits[cb20f782-9136-4144-a2ef-e44461d35697:c2169]
2019-09-17 12:48:34,380 [grpc-default-executor-1] INFO  client.GrpcClientProtocolClient (GrpcClientProtocolClient.java:onNext(264)) - client-E41C008B94D2->cb20f782-9136-4144-a2ef-e44461d35697: receive RaftClientReply:client-E41C008B94D2->cb20f782-9136-4144-a2ef-e44461d35697@group-EF222054BC57, cid=1510, SUCCESS, logIndex=2169, commits[cb20f782-9136-4144-a2ef-e44461d35697:c2171]
2019-09-17 12:48:34,380 [grpc-default-executor-1] INFO  client.GrpcClientProtocolClient (GrpcClientProtocolClient.java:onNext(264)) - client-E41C008B94D2->cb20f782-9136-4144-a2ef-e44461d35697: receive RaftClientReply:client-E41C008B94D2->cb20f782-9136-4144-a2ef-e44461d35697@group-EF222054BC57, cid=1511, SUCCESS, logIndex=2170, commits[cb20f782-9136-4144-a2ef-e44461d35697:c2171]
2019-09-17 12:48:34,380 [grpc-default-executor-1] INFO  client.GrpcClientProtocolClient (GrpcClientProtocolClient.java:onNext(264)) - client-E41C008B94D2->cb20f782-9136-4144-a2ef-e44461d35697: receive RaftClientReply:client-E41C008B94D2->cb20f782-9136-4144-a2ef-e44461d35697@group-EF222054BC57, cid=1512, SUCCESS, logIndex=2171, commits[cb20f782-9136-4144-a2ef-e44461d35697:c2172]
2019-09-17 12:48:34,406 [grpc-default-executor-1] INFO  client.GrpcClientProtocolClient (GrpcClientProtocolClient.java:onNext(264)) - client-E41C008B94D2->cb20f782-9136-4144-a2ef-e44461d35697: receive RaftClientReply:client-E41C008B94D2->cb20f782-9136-4144-a2ef-e44461d35697@group-EF222054BC57, cid=1513, SUCCESS, logIndex=2174, commits[cb20f782-9136-4144-a2ef-e44461d35697:c2177]
2019-09-17 12:48:34,407 [grpc-default-executor-1] INFO  client.GrpcClientProtocolClient (GrpcClientProtocolClient.java:onNext(264)) - client-E41C008B94D2->cb20f782-9136-4144-a2ef-e44461d35697: receive RaftClientReply:client-E41C008B94D2->cb20f782-9136-4144-a2ef-e44461d35697@group-EF222054BC57, cid=1514, SUCCESS, logIndex=2175, commits[cb20f782-9136-4144-a2ef-e44461d35697:c2178]
2019-09-17 12:48:34,407 [grpc-default-executor-1] INFO  client.GrpcClientProtocolClient (GrpcClientProtocolClient.java:onNext(264)) - client-E41C008B94D2->cb20f782-9136-4144-a2ef-e44461d35697: receive RaftClientReply:client-E41C008B94D2->cb20f782-9136-4144-a2ef-e44461d35697@group-EF222054BC57, cid=1515, SUCCESS, logIndex=2176, commits[cb20f782-9136-4144-a2ef-e44461d35697:c2178]
2019-09-17 12:48:34,407 [grpc-default-executor-1] INFO  client.GrpcClientProtocolClient (GrpcClientProtocolClient.java:onNext(264)) - client-E41C008B94D2->cb20f782-9136-4144-a2ef-e44461d35697: receive RaftClientReply:client-E41C008B94D2->cb20f782-9136-4144-a2ef-e44461d35697@group-EF222054BC57, cid=1516, SUCCESS, logIndex=2177, commits[cb20f782-9136-4144-a2ef-e44461d35697:c2178]
2019-09-17 12:48:34,478 [SCMBlockDeletingService#0] DEBUG block.SCMBlockDeletingService (SCMBlockDeletingService.java:call(138)) - Running DeletedBlockTransactionScanner
2019-09-17 12:48:34,478 [SCMBlockDeletingService#0] DEBUG block.SCMBlockDeletingService (SCMBlockDeletingService.java:call(155)) - Scanned deleted blocks log and got 0 delTX to process.
2019-09-17 12:48:34,500 [grpc-default-executor-1] INFO  client.GrpcClientProtocolClient (GrpcClientProtocolClient.java:onNext(264)) - client-E41C008B94D2->cb20f782-9136-4144-a2ef-e44461d35697: receive RaftClientReply:client-E41C008B94D2->cb20f782-9136-4144-a2ef-e44461d35697@group-EF222054BC57, cid=1517, SUCCESS, logIndex=2179, commits[cb20f782-9136-4144-a2ef-e44461d35697:c2180]
2019-09-17 12:48:34,501 [grpc-default-executor-1] INFO  client.GrpcClientProtocolClient (GrpcClientProtocolClient.java:onNext(264)) - client-E41C008B94D2->cb20f782-9136-4144-a2ef-e44461d35697: receive RaftClientReply:client-E41C008B94D2->cb20f782-9136-4144-a2ef-e44461d35697@group-EF222054BC57, cid=1518, SUCCESS, logIndex=2180, commits[cb20f782-9136-4144-a2ef-e44461d35697:c2182]
2019-09-17 12:48:34,501 [grpc-default-executor-1] INFO  client.GrpcClientProtocolClient (GrpcClientProtocolClient.java:onNext(264)) - client-E41C008B94D2->cb20f782-9136-4144-a2ef-e44461d35697: receive RaftClientReply:client-E41C008B94D2->cb20f782-9136-4144-a2ef-e44461d35697@group-EF222054BC57, cid=1519, SUCCESS, logIndex=2181, commits[cb20f782-9136-4144-a2ef-e44461d35697:c2183]
2019-09-17 12:48:34,501 [grpc-default-executor-1] INFO  client.GrpcClientProtocolClient (GrpcClientProtocolClient.java:onNext(264)) - client-E41C008B94D2->cb20f782-9136-4144-a2ef-e44461d35697: receive RaftClientReply:client-E41C008B94D2->cb20f782-9136-4144-a2ef-e44461d35697@group-EF222054BC57, cid=1520, SUCCESS, logIndex=2182, commits[cb20f782-9136-4144-a2ef-e44461d35697:c2184]
2019-09-17 12:48:34,533 [grpc-default-executor-1] INFO  client.GrpcClientProtocolClient (GrpcClientProtocolClient.java:onNext(264)) - client-E41C008B94D2->cb20f782-9136-4144-a2ef-e44461d35697: receive RaftClientReply:client-E41C008B94D2->cb20f782-9136-4144-a2ef-e44461d35697@group-EF222054BC57, cid=1521, SUCCESS, logIndex=2185, commits[cb20f782-9136-4144-a2ef-e44461d35697:c2186]
2019-09-17 12:48:34,534 [grpc-default-executor-1] INFO  client.GrpcClientProtocolClient (GrpcClientProtocolClient.java:onNext(264)) - client-E41C008B94D2->cb20f782-9136-4144-a2ef-e44461d35697: receive RaftClientReply:client-E41C008B94D2->cb20f782-9136-4144-a2ef-e44461d35697@group-EF222054BC57, cid=1522, SUCCESS, logIndex=2186, commits[cb20f782-9136-4144-a2ef-e44461d35697:c2188]
2019-09-17 12:48:34,534 [grpc-default-executor-1] INFO  client.GrpcClientProtocolClient (GrpcClientProtocolClient.java:onNext(264)) - client-E41C008B94D2->cb20f782-9136-4144-a2ef-e44461d35697: receive RaftClientReply:client-E41C008B94D2->cb20f782-9136-4144-a2ef-e44461d35697@group-EF222054BC57, cid=1523, SUCCESS, logIndex=2187, commits[cb20f782-9136-4144-a2ef-e44461d35697:c2188]
2019-09-17 12:48:34,535 [grpc-default-executor-1] INFO  client.GrpcClientProtocolClient (GrpcClientProtocolClient.java:onNext(264)) - client-E41C008B94D2->cb20f782-9136-4144-a2ef-e44461d35697: receive RaftClientReply:client-E41C008B94D2->cb20f782-9136-4144-a2ef-e44461d35697@group-EF222054BC57, cid=1524, SUCCESS, logIndex=2188, commits[cb20f782-9136-4144-a2ef-e44461d35697:c2189]
2019-09-17 12:48:34,565 [grpc-default-executor-1] INFO  client.GrpcClientProtocolClient (GrpcClientProtocolClient.java:onNext(264)) - client-E41C008B94D2->cb20f782-9136-4144-a2ef-e44461d35697: receive RaftClientReply:client-E41C008B94D2->cb20f782-9136-4144-a2ef-e44461d35697@group-EF222054BC57, cid=1525, SUCCESS, logIndex=2191, commits[cb20f782-9136-4144-a2ef-e44461d35697:c2192]
2019-09-17 12:48:34,565 [grpc-default-executor-1] INFO  client.GrpcClientProtocolClient (GrpcClientProtocolClient.java:onNext(264)) - client-E41C008B94D2->cb20f782-9136-4144-a2ef-e44461d35697: receive RaftClientReply:client-E41C008B94D2->cb20f782-9136-4144-a2ef-e44461d35697@group-EF222054BC57, cid=1526, SUCCESS, logIndex=2192, commits[cb20f782-9136-4144-a2ef-e44461d35697:c2192]
2019-09-17 12:48:34,575 [grpc-default-executor-1] INFO  client.GrpcClientProtocolClient (GrpcClientProtocolClient.java:onNext(264)) - client-E41C008B94D2->cb20f782-9136-4144-a2ef-e44461d35697: receive RaftClientReply:client-E41C008B94D2->cb20f782-9136-4144-a2ef-e44461d35697@group-EF222054BC57, cid=1527, SUCCESS, logIndex=2193, commits[cb20f782-9136-4144-a2ef-e44461d35697:c2194]
2019-09-17 12:48:34,576 [grpc-default-executor-1] INFO  client.GrpcClientProtocolClient (GrpcClientProtocolClient.java:onNext(264)) - client-E41C008B94D2->cb20f782-9136-4144-a2ef-e44461d35697: receive RaftClientReply:client-E41C008B94D2->cb20f782-9136-4144-a2ef-e44461d35697@group-EF222054BC57, cid=1528, SUCCESS, logIndex=2194, commits[cb20f782-9136-4144-a2ef-e44461d35697:c2195]
2019-09-17 12:48:34,578 [SCMBlockDeletingService#0] DEBUG block.SCMBlockDeletingService (SCMBlockDeletingService.java:call(138)) - Running DeletedBlockTransactionScanner
2019-09-17 12:48:34,578 [SCMBlockDeletingService#0] DEBUG block.SCMBlockDeletingService (SCMBlockDeletingService.java:call(155)) - Scanned deleted blocks log and got 0 delTX to process.
2019-09-17 12:48:34,601 [grpc-default-executor-1] INFO  client.GrpcClientProtocolClient (GrpcClientProtocolClient.java:onNext(264)) - client-E41C008B94D2->cb20f782-9136-4144-a2ef-e44461d35697: receive RaftClientReply:client-E41C008B94D2->cb20f782-9136-4144-a2ef-e44461d35697@group-EF222054BC57, cid=1529, SUCCESS, logIndex=2197, commits[cb20f782-9136-4144-a2ef-e44461d35697:c2200]
2019-09-17 12:48:34,601 [grpc-default-executor-1] INFO  client.GrpcClientProtocolClient (GrpcClientProtocolClient.java:onNext(264)) - client-E41C008B94D2->cb20f782-9136-4144-a2ef-e44461d35697: receive RaftClientReply:client-E41C008B94D2->cb20f782-9136-4144-a2ef-e44461d35697@group-EF222054BC57, cid=1530, SUCCESS, logIndex=2198, commits[cb20f782-9136-4144-a2ef-e44461d35697:c2201]
2019-09-17 12:48:34,602 [grpc-default-executor-1] INFO  client.GrpcClientProtocolClient (GrpcClientProtocolClient.java:onNext(264)) - client-E41C008B94D2->cb20f782-9136-4144-a2ef-e44461d35697: receive RaftClientReply:client-E41C008B94D2->cb20f782-9136-4144-a2ef-e44461d35697@group-EF222054BC57, cid=1531, SUCCESS, logIndex=2199, commits[cb20f782-9136-4144-a2ef-e44461d35697:c2201]
2019-09-17 12:48:34,602 [grpc-default-executor-1] INFO  client.GrpcClientProtocolClient (GrpcClientProtocolClient.java:onNext(264)) - client-E41C008B94D2->cb20f782-9136-4144-a2ef-e44461d35697: receive RaftClientReply:client-E41C008B94D2->cb20f782-9136-4144-a2ef-e44461d35697@group-EF222054BC57, cid=1532, SUCCESS, logIndex=2200, commits[cb20f782-9136-4144-a2ef-e44461d35697:c2201]
2019-09-17 12:48:34,620 [grpc-default-executor-1] INFO  client.GrpcClientProtocolClient (GrpcClientProtocolClient.java:onNext(264)) - client-E41C008B94D2->cb20f782-9136-4144-a2ef-e44461d35697: receive RaftClientReply:client-E41C008B94D2->cb20f782-9136-4144-a2ef-e44461d35697@group-EF222054BC57, cid=1533, SUCCESS, logIndex=2202, commits[cb20f782-9136-4144-a2ef-e44461d35697:c2203]
2019-09-17 12:48:34,620 [grpc-default-executor-1] INFO  client.GrpcClientProtocolClient (GrpcClientProtocolClient.java:onNext(264)) - client-E41C008B94D2->cb20f782-9136-4144-a2ef-e44461d35697: receive RaftClientReply:client-E41C008B94D2->cb20f782-9136-4144-a2ef-e44461d35697@group-EF222054BC57, cid=1534, SUCCESS, logIndex=2203, commits[cb20f782-9136-4144-a2ef-e44461d35697:c2203]
2019-09-17 12:48:34,621 [grpc-default-executor-1] INFO  client.GrpcClientProtocolClient (GrpcClientProtocolClient.java:onNext(264)) - client-E41C008B94D2->cb20f782-9136-4144-a2ef-e44461d35697: receive RaftClientReply:client-E41C008B94D2->cb20f782-9136-4144-a2ef-e44461d35697@group-EF222054BC57, cid=1535, SUCCESS, logIndex=2204, commits[cb20f782-9136-4144-a2ef-e44461d35697:c2205]
2019-09-17 12:48:34,621 [grpc-default-executor-1] INFO  client.GrpcClientProtocolClient (GrpcClientProtocolClient.java:onNext(264)) - client-E41C008B94D2->cb20f782-9136-4144-a2ef-e44461d35697: receive RaftClientReply:client-E41C008B94D2->cb20f782-9136-4144-a2ef-e44461d35697@group-EF222054BC57, cid=1536, SUCCESS, logIndex=2205, commits[cb20f782-9136-4144-a2ef-e44461d35697:c2206]
2019-09-17 12:48:34,646 [grpc-default-executor-1] INFO  client.GrpcClientProtocolClient (GrpcClientProtocolClient.java:onNext(264)) - client-E41C008B94D2->cb20f782-9136-4144-a2ef-e44461d35697: receive RaftClientReply:client-E41C008B94D2->cb20f782-9136-4144-a2ef-e44461d35697@group-EF222054BC57, cid=1537, SUCCESS, logIndex=2208, commits[cb20f782-9136-4144-a2ef-e44461d35697:c2209]
2019-09-17 12:48:34,647 [grpc-default-executor-1] INFO  client.GrpcClientProtocolClient (GrpcClientProtocolClient.java:onNext(264)) - client-E41C008B94D2->cb20f782-9136-4144-a2ef-e44461d35697: receive RaftClientReply:client-E41C008B94D2->cb20f782-9136-4144-a2ef-e44461d35697@group-EF222054BC57, cid=1538, SUCCESS, logIndex=2209, commits[cb20f782-9136-4144-a2ef-e44461d35697:c2211]
2019-09-17 12:48:34,647 [grpc-default-executor-1] INFO  client.GrpcClientProtocolClient (GrpcClientProtocolClient.java:onNext(264)) - client-E41C008B94D2->cb20f782-9136-4144-a2ef-e44461d35697: receive RaftClientReply:client-E41C008B94D2->cb20f782-9136-4144-a2ef-e44461d35697@group-EF222054BC57, cid=1539, SUCCESS, logIndex=2210, commits[cb20f782-9136-4144-a2ef-e44461d35697:c2211]
2019-09-17 12:48:34,647 [grpc-default-executor-1] INFO  client.GrpcClientProtocolClient (GrpcClientProtocolClient.java:onNext(264)) - client-E41C008B94D2->cb20f782-9136-4144-a2ef-e44461d35697: receive RaftClientReply:client-E41C008B94D2->cb20f782-9136-4144-a2ef-e44461d35697@group-EF222054BC57, cid=1540, SUCCESS, logIndex=2211, commits[cb20f782-9136-4144-a2ef-e44461d35697:c2212]
2019-09-17 12:48:34,665 [grpc-default-executor-2] INFO  client.GrpcClientProtocolClient (GrpcClientProtocolClient.java:onNext(264)) - client-E41C008B94D2->cb20f782-9136-4144-a2ef-e44461d35697: receive RaftClientReply:client-E41C008B94D2->cb20f782-9136-4144-a2ef-e44461d35697@group-EF222054BC57, cid=1541, SUCCESS, logIndex=2214, commits[cb20f782-9136-4144-a2ef-e44461d35697:c2215]
2019-09-17 12:48:34,666 [grpc-default-executor-2] INFO  client.GrpcClientProtocolClient (GrpcClientProtocolClient.java:onNext(264)) - client-E41C008B94D2->cb20f782-9136-4144-a2ef-e44461d35697: receive RaftClientReply:client-E41C008B94D2->cb20f782-9136-4144-a2ef-e44461d35697@group-EF222054BC57, cid=1542, SUCCESS, logIndex=2215, commits[cb20f782-9136-4144-a2ef-e44461d35697:c2215]
2019-09-17 12:48:34,666 [grpc-default-executor-2] INFO  client.GrpcClientProtocolClient (GrpcClientProtocolClient.java:onNext(264)) - client-E41C008B94D2->cb20f782-9136-4144-a2ef-e44461d35697: receive RaftClientReply:client-E41C008B94D2->cb20f782-9136-4144-a2ef-e44461d35697@group-EF222054BC57, cid=1543, SUCCESS, logIndex=2216, commits[cb20f782-9136-4144-a2ef-e44461d35697:c2217]
2019-09-17 12:48:34,666 [grpc-default-executor-2] INFO  client.GrpcClientProtocolClient (GrpcClientProtocolClient.java:onNext(264)) - client-E41C008B94D2->cb20f782-9136-4144-a2ef-e44461d35697: receive RaftClientReply:client-E41C008B94D2->cb20f782-9136-4144-a2ef-e44461d35697@group-EF222054BC57, cid=1544, SUCCESS, logIndex=2217, commits[cb20f782-9136-4144-a2ef-e44461d35697:c2218]
2019-09-17 12:48:34,679 [SCMBlockDeletingService#0] DEBUG block.SCMBlockDeletingService (SCMBlockDeletingService.java:call(138)) - Running DeletedBlockTransactionScanner
2019-09-17 12:48:34,679 [SCMBlockDeletingService#0] DEBUG block.SCMBlockDeletingService (SCMBlockDeletingService.java:call(155)) - Scanned deleted blocks log and got 0 delTX to process.
2019-09-17 12:48:34,691 [grpc-default-executor-1] INFO  client.GrpcClientProtocolClient (GrpcClientProtocolClient.java:onNext(264)) - client-E41C008B94D2->cb20f782-9136-4144-a2ef-e44461d35697: receive RaftClientReply:client-E41C008B94D2->cb20f782-9136-4144-a2ef-e44461d35697@group-EF222054BC57, cid=1545, SUCCESS, logIndex=2220, commits[cb20f782-9136-4144-a2ef-e44461d35697:c2221]
2019-09-17 12:48:34,692 [grpc-default-executor-1] INFO  client.GrpcClientProtocolClient (GrpcClientProtocolClient.java:onNext(264)) - client-E41C008B94D2->cb20f782-9136-4144-a2ef-e44461d35697: receive RaftClientReply:client-E41C008B94D2->cb20f782-9136-4144-a2ef-e44461d35697@group-EF222054BC57, cid=1546, SUCCESS, logIndex=2221, commits[cb20f782-9136-4144-a2ef-e44461d35697:c2222]
2019-09-17 12:48:34,779 [SCMBlockDeletingService#0] DEBUG block.SCMBlockDeletingService (SCMBlockDeletingService.java:call(138)) - Running DeletedBlockTransactionScanner
2019-09-17 12:48:34,779 [SCMBlockDeletingService#0] DEBUG block.SCMBlockDeletingService (SCMBlockDeletingService.java:call(155)) - Scanned deleted blocks log and got 0 delTX to process.
2019-09-17 12:48:34,782 [grpc-default-executor-1] INFO  client.GrpcClientProtocolClient (GrpcClientProtocolClient.java:onNext(264)) - client-E41C008B94D2->cb20f782-9136-4144-a2ef-e44461d35697: receive RaftClientReply:client-E41C008B94D2->cb20f782-9136-4144-a2ef-e44461d35697@group-EF222054BC57, cid=1547, SUCCESS, logIndex=2223, commits[cb20f782-9136-4144-a2ef-e44461d35697:c2224]
2019-09-17 12:48:34,782 [grpc-default-executor-1] INFO  client.GrpcClientProtocolClient (GrpcClientProtocolClient.java:onNext(264)) - client-E41C008B94D2->cb20f782-9136-4144-a2ef-e44461d35697: receive RaftClientReply:client-E41C008B94D2->cb20f782-9136-4144-a2ef-e44461d35697@group-EF222054BC57, cid=1548, SUCCESS, logIndex=2224, commits[cb20f782-9136-4144-a2ef-e44461d35697:c2225]
2019-09-17 12:48:34,802 [grpc-default-executor-1] INFO  client.GrpcClientProtocolClient (GrpcClientProtocolClient.java:onNext(264)) - client-E41C008B94D2->cb20f782-9136-4144-a2ef-e44461d35697: receive RaftClientReply:client-E41C008B94D2->cb20f782-9136-4144-a2ef-e44461d35697@group-EF222054BC57, cid=1549, SUCCESS, logIndex=2226, commits[cb20f782-9136-4144-a2ef-e44461d35697:c2229]
2019-09-17 12:48:34,802 [grpc-default-executor-1] INFO  client.GrpcClientProtocolClient (GrpcClientProtocolClient.java:onNext(264)) - client-E41C008B94D2->cb20f782-9136-4144-a2ef-e44461d35697: receive RaftClientReply:client-E41C008B94D2->cb20f782-9136-4144-a2ef-e44461d35697@group-EF222054BC57, cid=1550, SUCCESS, logIndex=2227, commits[cb20f782-9136-4144-a2ef-e44461d35697:c2230]
2019-09-17 12:48:34,803 [grpc-default-executor-1] INFO  client.GrpcClientProtocolClient (GrpcClientProtocolClient.java:onNext(264)) - client-E41C008B94D2->cb20f782-9136-4144-a2ef-e44461d35697: receive RaftClientReply:client-E41C008B94D2->cb20f782-9136-4144-a2ef-e44461d35697@group-EF222054BC57, cid=1551, SUCCESS, logIndex=2228, commits[cb20f782-9136-4144-a2ef-e44461d35697:c2230]
2019-09-17 12:48:34,803 [grpc-default-executor-1] INFO  client.GrpcClientProtocolClient (GrpcClientProtocolClient.java:onNext(264)) - client-E41C008B94D2->cb20f782-9136-4144-a2ef-e44461d35697: receive RaftClientReply:client-E41C008B94D2->cb20f782-9136-4144-a2ef-e44461d35697@group-EF222054BC57, cid=1552, SUCCESS, logIndex=2229, commits[cb20f782-9136-4144-a2ef-e44461d35697:c2230]
2019-09-17 12:48:34,834 [grpc-default-executor-1] INFO  client.GrpcClientProtocolClient (GrpcClientProtocolClient.java:onNext(264)) - client-E41C008B94D2->cb20f782-9136-4144-a2ef-e44461d35697: receive RaftClientReply:client-E41C008B94D2->cb20f782-9136-4144-a2ef-e44461d35697@group-EF222054BC57, cid=1553, SUCCESS, logIndex=2231, commits[cb20f782-9136-4144-a2ef-e44461d35697:c2234]
2019-09-17 12:48:34,835 [grpc-default-executor-1] INFO  client.GrpcClientProtocolClient (GrpcClientProtocolClient.java:onNext(264)) - client-E41C008B94D2->cb20f782-9136-4144-a2ef-e44461d35697: receive RaftClientReply:client-E41C008B94D2->cb20f782-9136-4144-a2ef-e44461d35697@group-EF222054BC57, cid=1554, SUCCESS, logIndex=2232, commits[cb20f782-9136-4144-a2ef-e44461d35697:c2234]
2019-09-17 12:48:34,835 [grpc-default-executor-1] INFO  client.GrpcClientProtocolClient (GrpcClientProtocolClient.java:onNext(264)) - client-E41C008B94D2->cb20f782-9136-4144-a2ef-e44461d35697: receive RaftClientReply:client-E41C008B94D2->cb20f782-9136-4144-a2ef-e44461d35697@group-EF222054BC57, cid=1555, SUCCESS, logIndex=2233, commits[cb20f782-9136-4144-a2ef-e44461d35697:c2234]
2019-09-17 12:48:34,835 [grpc-default-executor-1] INFO  client.GrpcClientProtocolClient (GrpcClientProtocolClient.java:onNext(264)) - client-E41C008B94D2->cb20f782-9136-4144-a2ef-e44461d35697: receive RaftClientReply:client-E41C008B94D2->cb20f782-9136-4144-a2ef-e44461d35697@group-EF222054BC57, cid=1556, SUCCESS, logIndex=2234, commits[cb20f782-9136-4144-a2ef-e44461d35697:c2234]
2019-09-17 12:48:34,858 [grpc-default-executor-1] INFO  client.GrpcClientProtocolClient (GrpcClientProtocolClient.java:onNext(264)) - client-E41C008B94D2->cb20f782-9136-4144-a2ef-e44461d35697: receive RaftClientReply:client-E41C008B94D2->cb20f782-9136-4144-a2ef-e44461d35697@group-EF222054BC57, cid=1557, SUCCESS, logIndex=2236, commits[cb20f782-9136-4144-a2ef-e44461d35697:c2239]
2019-09-17 12:48:34,858 [grpc-default-executor-1] INFO  client.GrpcClientProtocolClient (GrpcClientProtocolClient.java:onNext(264)) - client-E41C008B94D2->cb20f782-9136-4144-a2ef-e44461d35697: receive RaftClientReply:client-E41C008B94D2->cb20f782-9136-4144-a2ef-e44461d35697@group-EF222054BC57, cid=1558, SUCCESS, logIndex=2237, commits[cb20f782-9136-4144-a2ef-e44461d35697:c2240]
2019-09-17 12:48:34,858 [grpc-default-executor-1] INFO  client.GrpcClientProtocolClient (GrpcClientProtocolClient.java:onNext(264)) - client-E41C008B94D2->cb20f782-9136-4144-a2ef-e44461d35697: receive RaftClientReply:client-E41C008B94D2->cb20f782-9136-4144-a2ef-e44461d35697@group-EF222054BC57, cid=1559, SUCCESS, logIndex=2238, commits[cb20f782-9136-4144-a2ef-e44461d35697:c2240]
2019-09-17 12:48:34,859 [grpc-default-executor-1] INFO  client.GrpcClientProtocolClient (GrpcClientProtocolClient.java:onNext(264)) - client-E41C008B94D2->cb20f782-9136-4144-a2ef-e44461d35697: receive RaftClientReply:client-E41C008B94D2->cb20f782-9136-4144-a2ef-e44461d35697@group-EF222054BC57, cid=1560, SUCCESS, logIndex=2239, commits[cb20f782-9136-4144-a2ef-e44461d35697:c2240]
2019-09-17 12:48:34,880 [SCMBlockDeletingService#0] DEBUG block.SCMBlockDeletingService (SCMBlockDeletingService.java:call(138)) - Running DeletedBlockTransactionScanner
2019-09-17 12:48:34,880 [SCMBlockDeletingService#0] DEBUG block.SCMBlockDeletingService (SCMBlockDeletingService.java:call(155)) - Scanned deleted blocks log and got 0 delTX to process.
2019-09-17 12:48:34,884 [grpc-default-executor-1] INFO  client.GrpcClientProtocolClient (GrpcClientProtocolClient.java:onNext(264)) - client-E41C008B94D2->cb20f782-9136-4144-a2ef-e44461d35697: receive RaftClientReply:client-E41C008B94D2->cb20f782-9136-4144-a2ef-e44461d35697@group-EF222054BC57, cid=1561, SUCCESS, logIndex=2241, commits[cb20f782-9136-4144-a2ef-e44461d35697:c2244]
2019-09-17 12:48:34,884 [grpc-default-executor-1] INFO  client.GrpcClientProtocolClient (GrpcClientProtocolClient.java:onNext(264)) - client-E41C008B94D2->cb20f782-9136-4144-a2ef-e44461d35697: receive RaftClientReply:client-E41C008B94D2->cb20f782-9136-4144-a2ef-e44461d35697@group-EF222054BC57, cid=1562, SUCCESS, logIndex=2242, commits[cb20f782-9136-4144-a2ef-e44461d35697:c2244]
2019-09-17 12:48:34,885 [grpc-default-executor-1] INFO  client.GrpcClientProtocolClient (GrpcClientProtocolClient.java:onNext(264)) - client-E41C008B94D2->cb20f782-9136-4144-a2ef-e44461d35697: receive RaftClientReply:client-E41C008B94D2->cb20f782-9136-4144-a2ef-e44461d35697@group-EF222054BC57, cid=1563, SUCCESS, logIndex=2243, commits[cb20f782-9136-4144-a2ef-e44461d35697:c2245]
2019-09-17 12:48:34,885 [grpc-default-executor-1] INFO  client.GrpcClientProtocolClient (GrpcClientProtocolClient.java:onNext(264)) - client-E41C008B94D2->cb20f782-9136-4144-a2ef-e44461d35697: receive RaftClientReply:client-E41C008B94D2->cb20f782-9136-4144-a2ef-e44461d35697@group-EF222054BC57, cid=1564, SUCCESS, logIndex=2244, commits[cb20f782-9136-4144-a2ef-e44461d35697:c2245]
2019-09-17 12:48:34,903 [grpc-default-executor-2] INFO  client.GrpcClientProtocolClient (GrpcClientProtocolClient.java:onNext(264)) - client-E41C008B94D2->cb20f782-9136-4144-a2ef-e44461d35697: receive RaftClientReply:client-E41C008B94D2->cb20f782-9136-4144-a2ef-e44461d35697@group-EF222054BC57, cid=1565, SUCCESS, logIndex=2246, commits[cb20f782-9136-4144-a2ef-e44461d35697:c2247]
2019-09-17 12:48:34,903 [grpc-default-executor-2] INFO  client.GrpcClientProtocolClient (GrpcClientProtocolClient.java:onNext(264)) - client-E41C008B94D2->cb20f782-9136-4144-a2ef-e44461d35697: receive RaftClientReply:client-E41C008B94D2->cb20f782-9136-4144-a2ef-e44461d35697@group-EF222054BC57, cid=1566, SUCCESS, logIndex=2247, commits[cb20f782-9136-4144-a2ef-e44461d35697:c2247]
2019-09-17 12:48:34,904 [grpc-default-executor-2] INFO  client.GrpcClientProtocolClient (GrpcClientProtocolClient.java:onNext(264)) - client-E41C008B94D2->cb20f782-9136-4144-a2ef-e44461d35697: receive RaftClientReply:client-E41C008B94D2->cb20f782-9136-4144-a2ef-e44461d35697@group-EF222054BC57, cid=1567, SUCCESS, logIndex=2248, commits[cb20f782-9136-4144-a2ef-e44461d35697:c2249]
2019-09-17 12:48:34,904 [grpc-default-executor-2] INFO  client.GrpcClientProtocolClient (GrpcClientProtocolClient.java:onNext(264)) - client-E41C008B94D2->cb20f782-9136-4144-a2ef-e44461d35697: receive RaftClientReply:client-E41C008B94D2->cb20f782-9136-4144-a2ef-e44461d35697@group-EF222054BC57, cid=1568, SUCCESS, logIndex=2249, commits[cb20f782-9136-4144-a2ef-e44461d35697:c2249]
2019-09-17 12:48:34,927 [grpc-default-executor-2] INFO  client.GrpcClientProtocolClient (GrpcClientProtocolClient.java:onNext(264)) - client-E41C008B94D2->cb20f782-9136-4144-a2ef-e44461d35697: receive RaftClientReply:client-E41C008B94D2->cb20f782-9136-4144-a2ef-e44461d35697@group-EF222054BC57, cid=1569, SUCCESS, logIndex=2252, commits[cb20f782-9136-4144-a2ef-e44461d35697:c2253]
2019-09-17 12:48:34,928 [grpc-default-executor-2] INFO  client.GrpcClientProtocolClient (GrpcClientProtocolClient.java:onNext(264)) - client-E41C008B94D2->cb20f782-9136-4144-a2ef-e44461d35697: receive RaftClientReply:client-E41C008B94D2->cb20f782-9136-4144-a2ef-e44461d35697@group-EF222054BC57, cid=1570, SUCCESS, logIndex=2253, commits[cb20f782-9136-4144-a2ef-e44461d35697:c2255]
2019-09-17 12:48:34,928 [grpc-default-executor-2] INFO  client.GrpcClientProtocolClient (GrpcClientProtocolClient.java:onNext(264)) - client-E41C008B94D2->cb20f782-9136-4144-a2ef-e44461d35697: receive RaftClientReply:client-E41C008B94D2->cb20f782-9136-4144-a2ef-e44461d35697@group-EF222054BC57, cid=1571, SUCCESS, logIndex=2254, commits[cb20f782-9136-4144-a2ef-e44461d35697:c2255]
2019-09-17 12:48:34,928 [grpc-default-executor-2] INFO  client.GrpcClientProtocolClient (GrpcClientProtocolClient.java:onNext(264)) - client-E41C008B94D2->cb20f782-9136-4144-a2ef-e44461d35697: receive RaftClientReply:client-E41C008B94D2->cb20f782-9136-4144-a2ef-e44461d35697@group-EF222054BC57, cid=1572, SUCCESS, logIndex=2255, commits[cb20f782-9136-4144-a2ef-e44461d35697:c2255]
2019-09-17 12:48:34,945 [grpc-default-executor-2] INFO  client.GrpcClientProtocolClient (GrpcClientProtocolClient.java:onNext(264)) - client-E41C008B94D2->cb20f782-9136-4144-a2ef-e44461d35697: receive RaftClientReply:client-E41C008B94D2->cb20f782-9136-4144-a2ef-e44461d35697@group-EF222054BC57, cid=1573, SUCCESS, logIndex=2258, commits[cb20f782-9136-4144-a2ef-e44461d35697:c2259]
2019-09-17 12:48:34,945 [grpc-default-executor-2] INFO  client.GrpcClientProtocolClient (GrpcClientProtocolClient.java:onNext(264)) - client-E41C008B94D2->cb20f782-9136-4144-a2ef-e44461d35697: receive RaftClientReply:client-E41C008B94D2->cb20f782-9136-4144-a2ef-e44461d35697@group-EF222054BC57, cid=1574, SUCCESS, logIndex=2259, commits[cb20f782-9136-4144-a2ef-e44461d35697:c2261]
2019-09-17 12:48:34,945 [grpc-default-executor-2] INFO  client.GrpcClientProtocolClient (GrpcClientProtocolClient.java:onNext(264)) - client-E41C008B94D2->cb20f782-9136-4144-a2ef-e44461d35697: receive RaftClientReply:client-E41C008B94D2->cb20f782-9136-4144-a2ef-e44461d35697@group-EF222054BC57, cid=1575, SUCCESS, logIndex=2260, commits[cb20f782-9136-4144-a2ef-e44461d35697:c2261]
2019-09-17 12:48:34,946 [grpc-default-executor-2] INFO  client.GrpcClientProtocolClient (GrpcClientProtocolClient.java:onNext(264)) - client-E41C008B94D2->cb20f782-9136-4144-a2ef-e44461d35697: receive RaftClientReply:client-E41C008B94D2->cb20f782-9136-4144-a2ef-e44461d35697@group-EF222054BC57, cid=1576, SUCCESS, logIndex=2261, commits[cb20f782-9136-4144-a2ef-e44461d35697:c2261]
2019-09-17 12:48:34,969 [grpc-default-executor-1] INFO  client.GrpcClientProtocolClient (GrpcClientProtocolClient.java:onNext(264)) - client-E41C008B94D2->cb20f782-9136-4144-a2ef-e44461d35697: receive RaftClientReply:client-E41C008B94D2->cb20f782-9136-4144-a2ef-e44461d35697@group-EF222054BC57, cid=1577, SUCCESS, logIndex=2264, commits[cb20f782-9136-4144-a2ef-e44461d35697:c2267]
2019-09-17 12:48:34,970 [grpc-default-executor-1] INFO  client.GrpcClientProtocolClient (GrpcClientProtocolClient.java:onNext(264)) - client-E41C008B94D2->cb20f782-9136-4144-a2ef-e44461d35697: receive RaftClientReply:client-E41C008B94D2->cb20f782-9136-4144-a2ef-e44461d35697@group-EF222054BC57, cid=1578, SUCCESS, logIndex=2265, commits[cb20f782-9136-4144-a2ef-e44461d35697:c2267]
2019-09-17 12:48:34,970 [grpc-default-executor-1] INFO  client.GrpcClientProtocolClient (GrpcClientProtocolClient.java:onNext(264)) - client-E41C008B94D2->cb20f782-9136-4144-a2ef-e44461d35697: receive RaftClientReply:client-E41C008B94D2->cb20f782-9136-4144-a2ef-e44461d35697@group-EF222054BC57, cid=1579, SUCCESS, logIndex=2266, commits[cb20f782-9136-4144-a2ef-e44461d35697:c2268]
2019-09-17 12:48:34,970 [grpc-default-executor-1] INFO  client.GrpcClientProtocolClient (GrpcClientProtocolClient.java:onNext(264)) - client-E41C008B94D2->cb20f782-9136-4144-a2ef-e44461d35697: receive RaftClientReply:client-E41C008B94D2->cb20f782-9136-4144-a2ef-e44461d35697@group-EF222054BC57, cid=1580, SUCCESS, logIndex=2267, commits[cb20f782-9136-4144-a2ef-e44461d35697:c2268]
2019-09-17 12:48:34,980 [SCMBlockDeletingService#0] DEBUG block.SCMBlockDeletingService (SCMBlockDeletingService.java:call(138)) - Running DeletedBlockTransactionScanner
2019-09-17 12:48:34,980 [SCMBlockDeletingService#0] DEBUG block.SCMBlockDeletingService (SCMBlockDeletingService.java:call(155)) - Scanned deleted blocks log and got 0 delTX to process.
2019-09-17 12:48:34,989 [grpc-default-executor-1] INFO  client.GrpcClientProtocolClient (GrpcClientProtocolClient.java:onNext(264)) - client-E41C008B94D2->cb20f782-9136-4144-a2ef-e44461d35697: receive RaftClientReply:client-E41C008B94D2->cb20f782-9136-4144-a2ef-e44461d35697@group-EF222054BC57, cid=1581, SUCCESS, logIndex=2269, commits[cb20f782-9136-4144-a2ef-e44461d35697:c2270]
2019-09-17 12:48:34,989 [grpc-default-executor-1] INFO  client.GrpcClientProtocolClient (GrpcClientProtocolClient.java:onNext(264)) - client-E41C008B94D2->cb20f782-9136-4144-a2ef-e44461d35697: receive RaftClientReply:client-E41C008B94D2->cb20f782-9136-4144-a2ef-e44461d35697@group-EF222054BC57, cid=1582, SUCCESS, logIndex=2270, commits[cb20f782-9136-4144-a2ef-e44461d35697:c2272]
2019-09-17 12:48:34,989 [grpc-default-executor-1] INFO  client.GrpcClientProtocolClient (GrpcClientProtocolClient.java:onNext(264)) - client-E41C008B94D2->cb20f782-9136-4144-a2ef-e44461d35697: receive RaftClientReply:client-E41C008B94D2->cb20f782-9136-4144-a2ef-e44461d35697@group-EF222054BC57, cid=1583, SUCCESS, logIndex=2271, commits[cb20f782-9136-4144-a2ef-e44461d35697:c2272]
2019-09-17 12:48:34,989 [grpc-default-executor-1] INFO  client.GrpcClientProtocolClient (GrpcClientProtocolClient.java:onNext(264)) - client-E41C008B94D2->cb20f782-9136-4144-a2ef-e44461d35697: receive RaftClientReply:client-E41C008B94D2->cb20f782-9136-4144-a2ef-e44461d35697@group-EF222054BC57, cid=1584, SUCCESS, logIndex=2272, commits[cb20f782-9136-4144-a2ef-e44461d35697:c2272]
2019-09-17 12:48:35,027 [grpc-default-executor-1] INFO  client.GrpcClientProtocolClient (GrpcClientProtocolClient.java:onNext(264)) - client-E41C008B94D2->cb20f782-9136-4144-a2ef-e44461d35697: receive RaftClientReply:client-E41C008B94D2->cb20f782-9136-4144-a2ef-e44461d35697@group-EF222054BC57, cid=1585, SUCCESS, logIndex=2275, commits[cb20f782-9136-4144-a2ef-e44461d35697:c2278]
2019-09-17 12:48:35,028 [grpc-default-executor-1] INFO  client.GrpcClientProtocolClient (GrpcClientProtocolClient.java:onNext(264)) - client-E41C008B94D2->cb20f782-9136-4144-a2ef-e44461d35697: receive RaftClientReply:client-E41C008B94D2->cb20f782-9136-4144-a2ef-e44461d35697@group-EF222054BC57, cid=1586, SUCCESS, logIndex=2276, commits[cb20f782-9136-4144-a2ef-e44461d35697:c2278]
2019-09-17 12:48:35,028 [grpc-default-executor-1] INFO  client.GrpcClientProtocolClient (GrpcClientProtocolClient.java:onNext(264)) - client-E41C008B94D2->cb20f782-9136-4144-a2ef-e44461d35697: receive RaftClientReply:client-E41C008B94D2->cb20f782-9136-4144-a2ef-e44461d35697@group-EF222054BC57, cid=1587, SUCCESS, logIndex=2277, commits[cb20f782-9136-4144-a2ef-e44461d35697:c2278]
2019-09-17 12:48:35,029 [grpc-default-executor-1] INFO  client.GrpcClientProtocolClient (GrpcClientProtocolClient.java:onNext(264)) - client-E41C008B94D2->cb20f782-9136-4144-a2ef-e44461d35697: receive RaftClientReply:client-E41C008B94D2->cb20f782-9136-4144-a2ef-e44461d35697@group-EF222054BC57, cid=1588, SUCCESS, logIndex=2278, commits[cb20f782-9136-4144-a2ef-e44461d35697:c2278]
2019-09-17 12:48:35,047 [grpc-default-executor-1] INFO  client.GrpcClientProtocolClient (GrpcClientProtocolClient.java:onNext(264)) - client-E41C008B94D2->cb20f782-9136-4144-a2ef-e44461d35697: receive RaftClientReply:client-E41C008B94D2->cb20f782-9136-4144-a2ef-e44461d35697@group-EF222054BC57, cid=1589, SUCCESS, logIndex=2280, commits[cb20f782-9136-4144-a2ef-e44461d35697:c2281]
2019-09-17 12:48:35,048 [grpc-default-executor-1] INFO  client.GrpcClientProtocolClient (GrpcClientProtocolClient.java:onNext(264)) - client-E41C008B94D2->cb20f782-9136-4144-a2ef-e44461d35697: receive RaftClientReply:client-E41C008B94D2->cb20f782-9136-4144-a2ef-e44461d35697@group-EF222054BC57, cid=1590, SUCCESS, logIndex=2281, commits[cb20f782-9136-4144-a2ef-e44461d35697:c2282]
2019-09-17 12:48:35,081 [SCMBlockDeletingService#0] DEBUG block.SCMBlockDeletingService (SCMBlockDeletingService.java:call(138)) - Running DeletedBlockTransactionScanner
2019-09-17 12:48:35,081 [SCMBlockDeletingService#0] DEBUG block.SCMBlockDeletingService (SCMBlockDeletingService.java:call(155)) - Scanned deleted blocks log and got 0 delTX to process.
2019-09-17 12:48:35,614 [SCMBlockDeletingService#0] DEBUG block.SCMBlockDeletingService (SCMBlockDeletingService.java:call(138)) - Running DeletedBlockTransactionScanner
2019-09-17 12:48:35,615 [SCMBlockDeletingService#0] DEBUG block.SCMBlockDeletingService (SCMBlockDeletingService.java:call(155)) - Scanned deleted blocks log and got 0 delTX to process.
2019-09-17 12:48:35,636 [grpc-default-executor-2] INFO  client.GrpcClientProtocolClient (GrpcClientProtocolClient.java:onNext(264)) - client-E41C008B94D2->cb20f782-9136-4144-a2ef-e44461d35697: receive RaftClientReply:client-E41C008B94D2->cb20f782-9136-4144-a2ef-e44461d35697@group-EF222054BC57, cid=1591, SUCCESS, logIndex=2283, commits[cb20f782-9136-4144-a2ef-e44461d35697:c2284]
2019-09-17 12:48:35,636 [grpc-default-executor-2] INFO  client.GrpcClientProtocolClient (GrpcClientProtocolClient.java:onNext(264)) - client-E41C008B94D2->cb20f782-9136-4144-a2ef-e44461d35697: receive RaftClientReply:client-E41C008B94D2->cb20f782-9136-4144-a2ef-e44461d35697@group-EF222054BC57, cid=1592, SUCCESS, logIndex=2284, commits[cb20f782-9136-4144-a2ef-e44461d35697:c2285]
2019-09-17 12:48:35,666 [grpc-default-executor-1] INFO  client.GrpcClientProtocolClient (GrpcClientProtocolClient.java:onNext(264)) - client-E41C008B94D2->cb20f782-9136-4144-a2ef-e44461d35697: receive RaftClientReply:client-E41C008B94D2->cb20f782-9136-4144-a2ef-e44461d35697@group-EF222054BC57, cid=1593, SUCCESS, logIndex=2286, commits[cb20f782-9136-4144-a2ef-e44461d35697:c2287]
2019-09-17 12:48:35,667 [grpc-default-executor-1] INFO  client.GrpcClientProtocolClient (GrpcClientProtocolClient.java:onNext(264)) - client-E41C008B94D2->cb20f782-9136-4144-a2ef-e44461d35697: receive RaftClientReply:client-E41C008B94D2->cb20f782-9136-4144-a2ef-e44461d35697@group-EF222054BC57, cid=1594, SUCCESS, logIndex=2287, commits[cb20f782-9136-4144-a2ef-e44461d35697:c2289]
2019-09-17 12:48:35,667 [grpc-default-executor-1] INFO  client.GrpcClientProtocolClient (GrpcClientProtocolClient.java:onNext(264)) - client-E41C008B94D2->cb20f782-9136-4144-a2ef-e44461d35697: receive RaftClientReply:client-E41C008B94D2->cb20f782-9136-4144-a2ef-e44461d35697@group-EF222054BC57, cid=1595, SUCCESS, logIndex=2288, commits[cb20f782-9136-4144-a2ef-e44461d35697:c2290]
2019-09-17 12:48:35,668 [grpc-default-executor-1] INFO  client.GrpcClientProtocolClient (GrpcClientProtocolClient.java:onNext(264)) - client-E41C008B94D2->cb20f782-9136-4144-a2ef-e44461d35697: receive RaftClientReply:client-E41C008B94D2->cb20f782-9136-4144-a2ef-e44461d35697@group-EF222054BC57, cid=1596, SUCCESS, logIndex=2289, commits[cb20f782-9136-4144-a2ef-e44461d35697:c2291]
2019-09-17 12:48:35,688 [grpc-default-executor-2] INFO  client.GrpcClientProtocolClient (GrpcClientProtocolClient.java:onNext(264)) - client-E41C008B94D2->cb20f782-9136-4144-a2ef-e44461d35697: receive RaftClientReply:client-E41C008B94D2->cb20f782-9136-4144-a2ef-e44461d35697@group-EF222054BC57, cid=1597, SUCCESS, logIndex=2292, commits[cb20f782-9136-4144-a2ef-e44461d35697:c2293]
2019-09-17 12:48:35,689 [grpc-default-executor-2] INFO  client.GrpcClientProtocolClient (GrpcClientProtocolClient.java:onNext(264)) - client-E41C008B94D2->cb20f782-9136-4144-a2ef-e44461d35697: receive RaftClientReply:client-E41C008B94D2->cb20f782-9136-4144-a2ef-e44461d35697@group-EF222054BC57, cid=1598, SUCCESS, logIndex=2293, commits[cb20f782-9136-4144-a2ef-e44461d35697:c2295]
2019-09-17 12:48:35,689 [grpc-default-executor-2] INFO  client.GrpcClientProtocolClient (GrpcClientProtocolClient.java:onNext(264)) - client-E41C008B94D2->cb20f782-9136-4144-a2ef-e44461d35697: receive RaftClientReply:client-E41C008B94D2->cb20f782-9136-4144-a2ef-e44461d35697@group-EF222054BC57, cid=1599, SUCCESS, logIndex=2294, commits[cb20f782-9136-4144-a2ef-e44461d35697:c2296]
2019-09-17 12:48:35,689 [grpc-default-executor-2] INFO  client.GrpcClientProtocolClient (GrpcClientProtocolClient.java:onNext(264)) - client-E41C008B94D2->cb20f782-9136-4144-a2ef-e44461d35697: receive RaftClientReply:client-E41C008B94D2->cb20f782-9136-4144-a2ef-e44461d35697@group-EF222054BC57, cid=1600, SUCCESS, logIndex=2295, commits[cb20f782-9136-4144-a2ef-e44461d35697:c2296]
2019-09-17 12:48:35,715 [SCMBlockDeletingService#0] DEBUG block.SCMBlockDeletingService (SCMBlockDeletingService.java:call(138)) - Running DeletedBlockTransactionScanner
2019-09-17 12:48:35,716 [SCMBlockDeletingService#0] DEBUG block.SCMBlockDeletingService (SCMBlockDeletingService.java:call(155)) - Scanned deleted blocks log and got 0 delTX to process.
2019-09-17 12:48:35,716 [grpc-default-executor-2] INFO  client.GrpcClientProtocolClient (GrpcClientProtocolClient.java:onNext(264)) - client-E41C008B94D2->cb20f782-9136-4144-a2ef-e44461d35697: receive RaftClientReply:client-E41C008B94D2->cb20f782-9136-4144-a2ef-e44461d35697@group-EF222054BC57, cid=1601, SUCCESS, logIndex=2298, commits[cb20f782-9136-4144-a2ef-e44461d35697:c2299]
2019-09-17 12:48:35,717 [grpc-default-executor-2] INFO  client.GrpcClientProtocolClient (GrpcClientProtocolClient.java:onNext(264)) - client-E41C008B94D2->cb20f782-9136-4144-a2ef-e44461d35697: receive RaftClientReply:client-E41C008B94D2->cb20f782-9136-4144-a2ef-e44461d35697@group-EF222054BC57, cid=1602, SUCCESS, logIndex=2299, commits[cb20f782-9136-4144-a2ef-e44461d35697:c2299]
2019-09-17 12:48:35,718 [grpc-default-executor-2] INFO  client.GrpcClientProtocolClient (GrpcClientProtocolClient.java:onNext(264)) - client-E41C008B94D2->cb20f782-9136-4144-a2ef-e44461d35697: receive RaftClientReply:client-E41C008B94D2->cb20f782-9136-4144-a2ef-e44461d35697@group-EF222054BC57, cid=1603, SUCCESS, logIndex=2300, commits[cb20f782-9136-4144-a2ef-e44461d35697:c2301]
2019-09-17 12:48:35,718 [grpc-default-executor-2] INFO  client.GrpcClientProtocolClient (GrpcClientProtocolClient.java:onNext(264)) - client-E41C008B94D2->cb20f782-9136-4144-a2ef-e44461d35697: receive RaftClientReply:client-E41C008B94D2->cb20f782-9136-4144-a2ef-e44461d35697@group-EF222054BC57, cid=1604, SUCCESS, logIndex=2301, commits[cb20f782-9136-4144-a2ef-e44461d35697:c2302]
2019-09-17 12:48:35,738 [grpc-default-executor-2] INFO  client.GrpcClientProtocolClient (GrpcClientProtocolClient.java:onNext(264)) - client-E41C008B94D2->cb20f782-9136-4144-a2ef-e44461d35697: receive RaftClientReply:client-E41C008B94D2->cb20f782-9136-4144-a2ef-e44461d35697@group-EF222054BC57, cid=1605, SUCCESS, logIndex=2304, commits[cb20f782-9136-4144-a2ef-e44461d35697:c2305]
2019-09-17 12:48:35,738 [grpc-default-executor-2] INFO  client.GrpcClientProtocolClient (GrpcClientProtocolClient.java:onNext(264)) - client-E41C008B94D2->cb20f782-9136-4144-a2ef-e44461d35697: receive RaftClientReply:client-E41C008B94D2->cb20f782-9136-4144-a2ef-e44461d35697@group-EF222054BC57, cid=1606, SUCCESS, logIndex=2305, commits[cb20f782-9136-4144-a2ef-e44461d35697:c2307]
2019-09-17 12:48:35,739 [grpc-default-executor-2] INFO  client.GrpcClientProtocolClient (GrpcClientProtocolClient.java:onNext(264)) - client-E41C008B94D2->cb20f782-9136-4144-a2ef-e44461d35697: receive RaftClientReply:client-E41C008B94D2->cb20f782-9136-4144-a2ef-e44461d35697@group-EF222054BC57, cid=1607, SUCCESS, logIndex=2306, commits[cb20f782-9136-4144-a2ef-e44461d35697:c2307]
2019-09-17 12:48:35,739 [grpc-default-executor-2] INFO  client.GrpcClientProtocolClient (GrpcClientProtocolClient.java:onNext(264)) - client-E41C008B94D2->cb20f782-9136-4144-a2ef-e44461d35697: receive RaftClientReply:client-E41C008B94D2->cb20f782-9136-4144-a2ef-e44461d35697@group-EF222054BC57, cid=1608, SUCCESS, logIndex=2307, commits[cb20f782-9136-4144-a2ef-e44461d35697:c2308]
2019-09-17 12:48:35,767 [grpc-default-executor-2] INFO  client.GrpcClientProtocolClient (GrpcClientProtocolClient.java:onNext(264)) - client-E41C008B94D2->cb20f782-9136-4144-a2ef-e44461d35697: receive RaftClientReply:client-E41C008B94D2->cb20f782-9136-4144-a2ef-e44461d35697@group-EF222054BC57, cid=1609, SUCCESS, logIndex=2310, commits[cb20f782-9136-4144-a2ef-e44461d35697:c2311]
2019-09-17 12:48:35,768 [grpc-default-executor-2] INFO  client.GrpcClientProtocolClient (GrpcClientProtocolClient.java:onNext(264)) - client-E41C008B94D2->cb20f782-9136-4144-a2ef-e44461d35697: receive RaftClientReply:client-E41C008B94D2->cb20f782-9136-4144-a2ef-e44461d35697@group-EF222054BC57, cid=1610, SUCCESS, logIndex=2311, commits[cb20f782-9136-4144-a2ef-e44461d35697:c2313]
2019-09-17 12:48:35,768 [grpc-default-executor-2] INFO  client.GrpcClientProtocolClient (GrpcClientProtocolClient.java:onNext(264)) - client-E41C008B94D2->cb20f782-9136-4144-a2ef-e44461d35697: receive RaftClientReply:client-E41C008B94D2->cb20f782-9136-4144-a2ef-e44461d35697@group-EF222054BC57, cid=1611, SUCCESS, logIndex=2312, commits[cb20f782-9136-4144-a2ef-e44461d35697:c2314]
2019-09-17 12:48:35,769 [grpc-default-executor-2] INFO  client.GrpcClientProtocolClient (GrpcClientProtocolClient.java:onNext(264)) - client-E41C008B94D2->cb20f782-9136-4144-a2ef-e44461d35697: receive RaftClientReply:client-E41C008B94D2->cb20f782-9136-4144-a2ef-e44461d35697@group-EF222054BC57, cid=1612, SUCCESS, logIndex=2313, commits[cb20f782-9136-4144-a2ef-e44461d35697:c2314]
2019-09-17 12:48:35,787 [grpc-default-executor-2] INFO  client.GrpcClientProtocolClient (GrpcClientProtocolClient.java:onNext(264)) - client-E41C008B94D2->cb20f782-9136-4144-a2ef-e44461d35697: receive RaftClientReply:client-E41C008B94D2->cb20f782-9136-4144-a2ef-e44461d35697@group-EF222054BC57, cid=1613, SUCCESS, logIndex=2316, commits[cb20f782-9136-4144-a2ef-e44461d35697:c2317]
2019-09-17 12:48:35,788 [grpc-default-executor-2] INFO  client.GrpcClientProtocolClient (GrpcClientProtocolClient.java:onNext(264)) - client-E41C008B94D2->cb20f782-9136-4144-a2ef-e44461d35697: receive RaftClientReply:client-E41C008B94D2->cb20f782-9136-4144-a2ef-e44461d35697@group-EF222054BC57, cid=1614, SUCCESS, logIndex=2317, commits[cb20f782-9136-4144-a2ef-e44461d35697:c2319]
2019-09-17 12:48:35,788 [grpc-default-executor-2] INFO  client.GrpcClientProtocolClient (GrpcClientProtocolClient.java:onNext(264)) - client-E41C008B94D2->cb20f782-9136-4144-a2ef-e44461d35697: receive RaftClientReply:client-E41C008B94D2->cb20f782-9136-4144-a2ef-e44461d35697@group-EF222054BC57, cid=1615, SUCCESS, logIndex=2318, commits[cb20f782-9136-4144-a2ef-e44461d35697:c2320]
2019-09-17 12:48:35,788 [grpc-default-executor-2] INFO  client.GrpcClientProtocolClient (GrpcClientProtocolClient.java:onNext(264)) - client-E41C008B94D2->cb20f782-9136-4144-a2ef-e44461d35697: receive RaftClientReply:client-E41C008B94D2->cb20f782-9136-4144-a2ef-e44461d35697@group-EF222054BC57, cid=1616, SUCCESS, logIndex=2319, commits[cb20f782-9136-4144-a2ef-e44461d35697:c2320]
2019-09-17 12:48:35,816 [SCMBlockDeletingService#0] DEBUG block.SCMBlockDeletingService (SCMBlockDeletingService.java:call(138)) - Running DeletedBlockTransactionScanner
2019-09-17 12:48:35,816 [grpc-default-executor-1] INFO  client.GrpcClientProtocolClient (GrpcClientProtocolClient.java:onNext(264)) - client-E41C008B94D2->cb20f782-9136-4144-a2ef-e44461d35697: receive RaftClientReply:client-E41C008B94D2->cb20f782-9136-4144-a2ef-e44461d35697@group-EF222054BC57, cid=1617, SUCCESS, logIndex=2322, commits[cb20f782-9136-4144-a2ef-e44461d35697:c2325]
2019-09-17 12:48:35,816 [SCMBlockDeletingService#0] DEBUG block.SCMBlockDeletingService (SCMBlockDeletingService.java:call(155)) - Scanned deleted blocks log and got 0 delTX to process.
2019-09-17 12:48:35,817 [grpc-default-executor-1] INFO  client.GrpcClientProtocolClient (GrpcClientProtocolClient.java:onNext(264)) - client-E41C008B94D2->cb20f782-9136-4144-a2ef-e44461d35697: receive RaftClientReply:client-E41C008B94D2->cb20f782-9136-4144-a2ef-e44461d35697@group-EF222054BC57, cid=1618, SUCCESS, logIndex=2323, commits[cb20f782-9136-4144-a2ef-e44461d35697:c2326]
2019-09-17 12:48:35,817 [grpc-default-executor-1] INFO  client.GrpcClientProtocolClient (GrpcClientProtocolClient.java:onNext(264)) - client-E41C008B94D2->cb20f782-9136-4144-a2ef-e44461d35697: receive RaftClientReply:client-E41C008B94D2->cb20f782-9136-4144-a2ef-e44461d35697@group-EF222054BC57, cid=1619, SUCCESS, logIndex=2324, commits[cb20f782-9136-4144-a2ef-e44461d35697:c2326]
2019-09-17 12:48:35,818 [grpc-default-executor-1] INFO  client.GrpcClientProtocolClient (GrpcClientProtocolClient.java:onNext(264)) - client-E41C008B94D2->cb20f782-9136-4144-a2ef-e44461d35697: receive RaftClientReply:client-E41C008B94D2->cb20f782-9136-4144-a2ef-e44461d35697@group-EF222054BC57, cid=1620, SUCCESS, logIndex=2325, commits[cb20f782-9136-4144-a2ef-e44461d35697:c2326]
2019-09-17 12:48:35,838 [grpc-default-executor-2] INFO  client.GrpcClientProtocolClient (GrpcClientProtocolClient.java:onNext(264)) - client-E41C008B94D2->cb20f782-9136-4144-a2ef-e44461d35697: receive RaftClientReply:client-E41C008B94D2->cb20f782-9136-4144-a2ef-e44461d35697@group-EF222054BC57, cid=1621, SUCCESS, logIndex=2327, commits[cb20f782-9136-4144-a2ef-e44461d35697:c2330]
2019-09-17 12:48:35,838 [grpc-default-executor-2] INFO  client.GrpcClientProtocolClient (GrpcClientProtocolClient.java:onNext(264)) - client-E41C008B94D2->cb20f782-9136-4144-a2ef-e44461d35697: receive RaftClientReply:client-E41C008B94D2->cb20f782-9136-4144-a2ef-e44461d35697@group-EF222054BC57, cid=1622, SUCCESS, logIndex=2328, commits[cb20f782-9136-4144-a2ef-e44461d35697:c2330]
2019-09-17 12:48:35,839 [grpc-default-executor-2] INFO  client.GrpcClientProtocolClient (GrpcClientProtocolClient.java:onNext(264)) - client-E41C008B94D2->cb20f782-9136-4144-a2ef-e44461d35697: receive RaftClientReply:client-E41C008B94D2->cb20f782-9136-4144-a2ef-e44461d35697@group-EF222054BC57, cid=1623, SUCCESS, logIndex=2329, commits[cb20f782-9136-4144-a2ef-e44461d35697:c2331]
2019-09-17 12:48:35,839 [grpc-default-executor-2] INFO  client.GrpcClientProtocolClient (GrpcClientProtocolClient.java:onNext(264)) - client-E41C008B94D2->cb20f782-9136-4144-a2ef-e44461d35697: receive RaftClientReply:client-E41C008B94D2->cb20f782-9136-4144-a2ef-e44461d35697@group-EF222054BC57, cid=1624, SUCCESS, logIndex=2330, commits[cb20f782-9136-4144-a2ef-e44461d35697:c2331]
2019-09-17 12:48:35,866 [grpc-default-executor-1] INFO  client.GrpcClientProtocolClient (GrpcClientProtocolClient.java:onNext(264)) - client-E41C008B94D2->cb20f782-9136-4144-a2ef-e44461d35697: receive RaftClientReply:client-E41C008B94D2->cb20f782-9136-4144-a2ef-e44461d35697@group-EF222054BC57, cid=1625, SUCCESS, logIndex=2332, commits[cb20f782-9136-4144-a2ef-e44461d35697:c2333]
2019-09-17 12:48:35,866 [grpc-default-executor-1] INFO  client.GrpcClientProtocolClient (GrpcClientProtocolClient.java:onNext(264)) - client-E41C008B94D2->cb20f782-9136-4144-a2ef-e44461d35697: receive RaftClientReply:client-E41C008B94D2->cb20f782-9136-4144-a2ef-e44461d35697@group-EF222054BC57, cid=1626, SUCCESS, logIndex=2333, commits[cb20f782-9136-4144-a2ef-e44461d35697:c2335]
2019-09-17 12:48:35,866 [grpc-default-executor-1] INFO  client.GrpcClientProtocolClient (GrpcClientProtocolClient.java:onNext(264)) - client-E41C008B94D2->cb20f782-9136-4144-a2ef-e44461d35697: receive RaftClientReply:client-E41C008B94D2->cb20f782-9136-4144-a2ef-e44461d35697@group-EF222054BC57, cid=1627, SUCCESS, logIndex=2334, commits[cb20f782-9136-4144-a2ef-e44461d35697:c2336]
2019-09-17 12:48:35,867 [grpc-default-executor-1] INFO  client.GrpcClientProtocolClient (GrpcClientProtocolClient.java:onNext(264)) - client-E41C008B94D2->cb20f782-9136-4144-a2ef-e44461d35697: receive RaftClientReply:client-E41C008B94D2->cb20f782-9136-4144-a2ef-e44461d35697@group-EF222054BC57, cid=1628, SUCCESS, logIndex=2335, commits[cb20f782-9136-4144-a2ef-e44461d35697:c2336]
2019-09-17 12:48:35,883 [grpc-default-executor-1] INFO  client.GrpcClientProtocolClient (GrpcClientProtocolClient.java:onNext(264)) - client-E41C008B94D2->cb20f782-9136-4144-a2ef-e44461d35697: receive RaftClientReply:client-E41C008B94D2->cb20f782-9136-4144-a2ef-e44461d35697@group-EF222054BC57, cid=1629, SUCCESS, logIndex=2338, commits[cb20f782-9136-4144-a2ef-e44461d35697:c2339]
2019-09-17 12:48:35,884 [grpc-default-executor-1] INFO  client.GrpcClientProtocolClient (GrpcClientProtocolClient.java:onNext(264)) - client-E41C008B94D2->cb20f782-9136-4144-a2ef-e44461d35697: receive RaftClientReply:client-E41C008B94D2->cb20f782-9136-4144-a2ef-e44461d35697@group-EF222054BC57, cid=1630, SUCCESS, logIndex=2339, commits[cb20f782-9136-4144-a2ef-e44461d35697:c2341]
2019-09-17 12:48:35,884 [grpc-default-executor-1] INFO  client.GrpcClientProtocolClient (GrpcClientProtocolClient.java:onNext(264)) - client-E41C008B94D2->cb20f782-9136-4144-a2ef-e44461d35697: receive RaftClientReply:client-E41C008B94D2->cb20f782-9136-4144-a2ef-e44461d35697@group-EF222054BC57, cid=1631, SUCCESS, logIndex=2340, commits[cb20f782-9136-4144-a2ef-e44461d35697:c2342]
2019-09-17 12:48:35,884 [grpc-default-executor-1] INFO  client.GrpcClientProtocolClient (GrpcClientProtocolClient.java:onNext(264)) - client-E41C008B94D2->cb20f782-9136-4144-a2ef-e44461d35697: receive RaftClientReply:client-E41C008B94D2->cb20f782-9136-4144-a2ef-e44461d35697@group-EF222054BC57, cid=1632, SUCCESS, logIndex=2341, commits[cb20f782-9136-4144-a2ef-e44461d35697:c2342]
2019-09-17 12:48:35,914 [grpc-default-executor-2] INFO  client.GrpcClientProtocolClient (GrpcClientProtocolClient.java:onNext(264)) - client-E41C008B94D2->cb20f782-9136-4144-a2ef-e44461d35697: receive RaftClientReply:client-E41C008B94D2->cb20f782-9136-4144-a2ef-e44461d35697@group-EF222054BC57, cid=1633, SUCCESS, logIndex=2344, commits[cb20f782-9136-4144-a2ef-e44461d35697:c2345]
2019-09-17 12:48:35,914 [grpc-default-executor-2] INFO  client.GrpcClientProtocolClient (GrpcClientProtocolClient.java:onNext(264)) - client-E41C008B94D2->cb20f782-9136-4144-a2ef-e44461d35697: receive RaftClientReply:client-E41C008B94D2->cb20f782-9136-4144-a2ef-e44461d35697@group-EF222054BC57, cid=1634, SUCCESS, logIndex=2345, commits[cb20f782-9136-4144-a2ef-e44461d35697:c2345]
2019-09-17 12:48:35,917 [SCMBlockDeletingService#0] DEBUG block.SCMBlockDeletingService (SCMBlockDeletingService.java:call(138)) - Running DeletedBlockTransactionScanner
2019-09-17 12:48:35,917 [SCMBlockDeletingService#0] DEBUG block.SCMBlockDeletingService (SCMBlockDeletingService.java:call(155)) - Scanned deleted blocks log and got 0 delTX to process.
2019-09-17 12:48:36,016 [grpc-default-executor-2] INFO  client.GrpcClientProtocolClient (GrpcClientProtocolClient.java:onNext(264)) - client-E41C008B94D2->cb20f782-9136-4144-a2ef-e44461d35697: receive RaftClientReply:client-E41C008B94D2->cb20f782-9136-4144-a2ef-e44461d35697@group-EF222054BC57, cid=1635, SUCCESS, logIndex=2347, commits[cb20f782-9136-4144-a2ef-e44461d35697:c2348]
2019-09-17 12:48:36,017 [grpc-default-executor-2] INFO  client.GrpcClientProtocolClient (GrpcClientProtocolClient.java:onNext(264)) - client-E41C008B94D2->cb20f782-9136-4144-a2ef-e44461d35697: receive RaftClientReply:client-E41C008B94D2->cb20f782-9136-4144-a2ef-e44461d35697@group-EF222054BC57, cid=1636, SUCCESS, logIndex=2348, commits[cb20f782-9136-4144-a2ef-e44461d35697:c2349]
2019-09-17 12:48:36,017 [SCMBlockDeletingService#0] DEBUG block.SCMBlockDeletingService (SCMBlockDeletingService.java:call(138)) - Running DeletedBlockTransactionScanner
2019-09-17 12:48:36,017 [SCMBlockDeletingService#0] DEBUG block.SCMBlockDeletingService (SCMBlockDeletingService.java:call(155)) - Scanned deleted blocks log and got 0 delTX to process.
2019-09-17 12:48:36,037 [grpc-default-executor-2] INFO  client.GrpcClientProtocolClient (GrpcClientProtocolClient.java:onNext(264)) - client-E41C008B94D2->cb20f782-9136-4144-a2ef-e44461d35697: receive RaftClientReply:client-E41C008B94D2->cb20f782-9136-4144-a2ef-e44461d35697@group-EF222054BC57, cid=1637, SUCCESS, logIndex=2350, commits[cb20f782-9136-4144-a2ef-e44461d35697:c2353]
2019-09-17 12:48:36,037 [grpc-default-executor-2] INFO  client.GrpcClientProtocolClient (GrpcClientProtocolClient.java:onNext(264)) - client-E41C008B94D2->cb20f782-9136-4144-a2ef-e44461d35697: receive RaftClientReply:client-E41C008B94D2->cb20f782-9136-4144-a2ef-e44461d35697@group-EF222054BC57, cid=1638, SUCCESS, logIndex=2351, commits[cb20f782-9136-4144-a2ef-e44461d35697:c2354]
2019-09-17 12:48:36,038 [grpc-default-executor-2] INFO  client.GrpcClientProtocolClient (GrpcClientProtocolClient.java:onNext(264)) - client-E41C008B94D2->cb20f782-9136-4144-a2ef-e44461d35697: receive RaftClientReply:client-E41C008B94D2->cb20f782-9136-4144-a2ef-e44461d35697@group-EF222054BC57, cid=1639, SUCCESS, logIndex=2352, commits[cb20f782-9136-4144-a2ef-e44461d35697:c2354]
2019-09-17 12:48:36,038 [grpc-default-executor-2] INFO  client.GrpcClientProtocolClient (GrpcClientProtocolClient.java:onNext(264)) - client-E41C008B94D2->cb20f782-9136-4144-a2ef-e44461d35697: receive RaftClientReply:client-E41C008B94D2->cb20f782-9136-4144-a2ef-e44461d35697@group-EF222054BC57, cid=1640, SUCCESS, logIndex=2353, commits[cb20f782-9136-4144-a2ef-e44461d35697:c2354]
2019-09-17 12:48:36,063 [grpc-default-executor-1] INFO  client.GrpcClientProtocolClient (GrpcClientProtocolClient.java:onNext(264)) - client-E41C008B94D2->cb20f782-9136-4144-a2ef-e44461d35697: receive RaftClientReply:client-E41C008B94D2->cb20f782-9136-4144-a2ef-e44461d35697@group-EF222054BC57, cid=1641, SUCCESS, logIndex=2355, commits[cb20f782-9136-4144-a2ef-e44461d35697:c2356]
2019-09-17 12:48:36,063 [grpc-default-executor-1] INFO  client.GrpcClientProtocolClient (GrpcClientProtocolClient.java:onNext(264)) - client-E41C008B94D2->cb20f782-9136-4144-a2ef-e44461d35697: receive RaftClientReply:client-E41C008B94D2->cb20f782-9136-4144-a2ef-e44461d35697@group-EF222054BC57, cid=1642, SUCCESS, logIndex=2356, commits[cb20f782-9136-4144-a2ef-e44461d35697:c2358]
2019-09-17 12:48:36,063 [grpc-default-executor-1] INFO  client.GrpcClientProtocolClient (GrpcClientProtocolClient.java:onNext(264)) - client-E41C008B94D2->cb20f782-9136-4144-a2ef-e44461d35697: receive RaftClientReply:client-E41C008B94D2->cb20f782-9136-4144-a2ef-e44461d35697@group-EF222054BC57, cid=1643, SUCCESS, logIndex=2357, commits[cb20f782-9136-4144-a2ef-e44461d35697:c2358]
2019-09-17 12:48:36,064 [grpc-default-executor-1] INFO  client.GrpcClientProtocolClient (GrpcClientProtocolClient.java:onNext(264)) - client-E41C008B94D2->cb20f782-9136-4144-a2ef-e44461d35697: receive RaftClientReply:client-E41C008B94D2->cb20f782-9136-4144-a2ef-e44461d35697@group-EF222054BC57, cid=1644, SUCCESS, logIndex=2358, commits[cb20f782-9136-4144-a2ef-e44461d35697:c2359]
2019-09-17 12:48:36,096 [grpc-default-executor-1] INFO  client.GrpcClientProtocolClient (GrpcClientProtocolClient.java:onNext(264)) - client-E41C008B94D2->cb20f782-9136-4144-a2ef-e44461d35697: receive RaftClientReply:client-E41C008B94D2->cb20f782-9136-4144-a2ef-e44461d35697@group-EF222054BC57, cid=1645, SUCCESS, logIndex=2361, commits[cb20f782-9136-4144-a2ef-e44461d35697:c2364]
2019-09-17 12:48:36,097 [grpc-default-executor-1] INFO  client.GrpcClientProtocolClient (GrpcClientProtocolClient.java:onNext(264)) - client-E41C008B94D2->cb20f782-9136-4144-a2ef-e44461d35697: receive RaftClientReply:client-E41C008B94D2->cb20f782-9136-4144-a2ef-e44461d35697@group-EF222054BC57, cid=1646, SUCCESS, logIndex=2362, commits[cb20f782-9136-4144-a2ef-e44461d35697:c2364]
2019-09-17 12:48:36,097 [grpc-default-executor-1] INFO  client.GrpcClientProtocolClient (GrpcClientProtocolClient.java:onNext(264)) - client-E41C008B94D2->cb20f782-9136-4144-a2ef-e44461d35697: receive RaftClientReply:client-E41C008B94D2->cb20f782-9136-4144-a2ef-e44461d35697@group-EF222054BC57, cid=1647, SUCCESS, logIndex=2363, commits[cb20f782-9136-4144-a2ef-e44461d35697:c2364]
2019-09-17 12:48:36,097 [grpc-default-executor-1] INFO  client.GrpcClientProtocolClient (GrpcClientProtocolClient.java:onNext(264)) - client-E41C008B94D2->cb20f782-9136-4144-a2ef-e44461d35697: receive RaftClientReply:client-E41C008B94D2->cb20f782-9136-4144-a2ef-e44461d35697@group-EF222054BC57, cid=1648, SUCCESS, logIndex=2364, commits[cb20f782-9136-4144-a2ef-e44461d35697:c2364]
2019-09-17 12:48:36,118 [SCMBlockDeletingService#0] DEBUG block.SCMBlockDeletingService (SCMBlockDeletingService.java:call(138)) - Running DeletedBlockTransactionScanner
2019-09-17 12:48:36,118 [SCMBlockDeletingService#0] DEBUG block.SCMBlockDeletingService (SCMBlockDeletingService.java:call(155)) - Scanned deleted blocks log and got 0 delTX to process.
2019-09-17 12:48:36,124 [grpc-default-executor-1] INFO  client.GrpcClientProtocolClient (GrpcClientProtocolClient.java:onNext(264)) - client-E41C008B94D2->cb20f782-9136-4144-a2ef-e44461d35697: receive RaftClientReply:client-E41C008B94D2->cb20f782-9136-4144-a2ef-e44461d35697@group-EF222054BC57, cid=1649, SUCCESS, logIndex=2366, commits[cb20f782-9136-4144-a2ef-e44461d35697:c2367]
2019-09-17 12:48:36,125 [grpc-default-executor-1] INFO  client.GrpcClientProtocolClient (GrpcClientProtocolClient.java:onNext(264)) - client-E41C008B94D2->cb20f782-9136-4144-a2ef-e44461d35697: receive RaftClientReply:client-E41C008B94D2->cb20f782-9136-4144-a2ef-e44461d35697@group-EF222054BC57, cid=1650, SUCCESS, logIndex=2367, commits[cb20f782-9136-4144-a2ef-e44461d35697:c2369]
2019-09-17 12:48:36,125 [grpc-default-executor-1] INFO  client.GrpcClientProtocolClient (GrpcClientProtocolClient.java:onNext(264)) - client-E41C008B94D2->cb20f782-9136-4144-a2ef-e44461d35697: receive RaftClientReply:client-E41C008B94D2->cb20f782-9136-4144-a2ef-e44461d35697@group-EF222054BC57, cid=1651, SUCCESS, logIndex=2368, commits[cb20f782-9136-4144-a2ef-e44461d35697:c2369]
2019-09-17 12:48:36,126 [grpc-default-executor-1] INFO  client.GrpcClientProtocolClient (GrpcClientProtocolClient.java:onNext(264)) - client-E41C008B94D2->cb20f782-9136-4144-a2ef-e44461d35697: receive RaftClientReply:client-E41C008B94D2->cb20f782-9136-4144-a2ef-e44461d35697@group-EF222054BC57, cid=1652, SUCCESS, logIndex=2369, commits[cb20f782-9136-4144-a2ef-e44461d35697:c2370]
2019-09-17 12:48:36,145 [grpc-default-executor-2] INFO  client.GrpcClientProtocolClient (GrpcClientProtocolClient.java:onNext(264)) - client-E41C008B94D2->cb20f782-9136-4144-a2ef-e44461d35697: receive RaftClientReply:client-E41C008B94D2->cb20f782-9136-4144-a2ef-e44461d35697@group-EF222054BC57, cid=1653, SUCCESS, logIndex=2372, commits[cb20f782-9136-4144-a2ef-e44461d35697:c2375]
2019-09-17 12:48:36,145 [grpc-default-executor-2] INFO  client.GrpcClientProtocolClient (GrpcClientProtocolClient.java:onNext(264)) - client-E41C008B94D2->cb20f782-9136-4144-a2ef-e44461d35697: receive RaftClientReply:client-E41C008B94D2->cb20f782-9136-4144-a2ef-e44461d35697@group-EF222054BC57, cid=1654, SUCCESS, logIndex=2373, commits[cb20f782-9136-4144-a2ef-e44461d35697:c2376]
2019-09-17 12:48:36,146 [grpc-default-executor-2] INFO  client.GrpcClientProtocolClient (GrpcClientProtocolClient.java:onNext(264)) - client-E41C008B94D2->cb20f782-9136-4144-a2ef-e44461d35697: receive RaftClientReply:client-E41C008B94D2->cb20f782-9136-4144-a2ef-e44461d35697@group-EF222054BC57, cid=1655, SUCCESS, logIndex=2374, commits[cb20f782-9136-4144-a2ef-e44461d35697:c2376]
2019-09-17 12:48:36,146 [grpc-default-executor-2] INFO  client.GrpcClientProtocolClient (GrpcClientProtocolClient.java:onNext(264)) - client-E41C008B94D2->cb20f782-9136-4144-a2ef-e44461d35697: receive RaftClientReply:client-E41C008B94D2->cb20f782-9136-4144-a2ef-e44461d35697@group-EF222054BC57, cid=1656, SUCCESS, logIndex=2375, commits[cb20f782-9136-4144-a2ef-e44461d35697:c2376]
2019-09-17 12:48:36,172 [grpc-default-executor-2] INFO  client.GrpcClientProtocolClient (GrpcClientProtocolClient.java:onNext(264)) - client-E41C008B94D2->cb20f782-9136-4144-a2ef-e44461d35697: receive RaftClientReply:client-E41C008B94D2->cb20f782-9136-4144-a2ef-e44461d35697@group-EF222054BC57, cid=1657, SUCCESS, logIndex=2377, commits[cb20f782-9136-4144-a2ef-e44461d35697:c2378]
2019-09-17 12:48:36,173 [grpc-default-executor-2] INFO  client.GrpcClientProtocolClient (GrpcClientProtocolClient.java:onNext(264)) - client-E41C008B94D2->cb20f782-9136-4144-a2ef-e44461d35697: receive RaftClientReply:client-E41C008B94D2->cb20f782-9136-4144-a2ef-e44461d35697@group-EF222054BC57, cid=1658, SUCCESS, logIndex=2378, commits[cb20f782-9136-4144-a2ef-e44461d35697:c2380]
2019-09-17 12:48:36,173 [grpc-default-executor-2] INFO  client.GrpcClientProtocolClient (GrpcClientProtocolClient.java:onNext(264)) - client-E41C008B94D2->cb20f782-9136-4144-a2ef-e44461d35697: receive RaftClientReply:client-E41C008B94D2->cb20f782-9136-4144-a2ef-e44461d35697@group-EF222054BC57, cid=1659, SUCCESS, logIndex=2379, commits[cb20f782-9136-4144-a2ef-e44461d35697:c2381]
2019-09-17 12:48:36,174 [grpc-default-executor-2] INFO  client.GrpcClientProtocolClient (GrpcClientProtocolClient.java:onNext(264)) - client-E41C008B94D2->cb20f782-9136-4144-a2ef-e44461d35697: receive RaftClientReply:client-E41C008B94D2->cb20f782-9136-4144-a2ef-e44461d35697@group-EF222054BC57, cid=1660, SUCCESS, logIndex=2380, commits[cb20f782-9136-4144-a2ef-e44461d35697:c2382]
2019-09-17 12:48:36,195 [grpc-default-executor-1] INFO  client.GrpcClientProtocolClient (GrpcClientProtocolClient.java:onNext(264)) - client-E41C008B94D2->cb20f782-9136-4144-a2ef-e44461d35697: receive RaftClientReply:client-E41C008B94D2->cb20f782-9136-4144-a2ef-e44461d35697@group-EF222054BC57, cid=1661, SUCCESS, logIndex=2383, commits[cb20f782-9136-4144-a2ef-e44461d35697:c2386]
2019-09-17 12:48:36,196 [grpc-default-executor-1] INFO  client.GrpcClientProtocolClient (GrpcClientProtocolClient.java:onNext(264)) - client-E41C008B94D2->cb20f782-9136-4144-a2ef-e44461d35697: receive RaftClientReply:client-E41C008B94D2->cb20f782-9136-4144-a2ef-e44461d35697@group-EF222054BC57, cid=1662, SUCCESS, logIndex=2384, commits[cb20f782-9136-4144-a2ef-e44461d35697:c2387]
2019-09-17 12:48:36,196 [grpc-default-executor-1] INFO  client.GrpcClientProtocolClient (GrpcClientProtocolClient.java:onNext(264)) - client-E41C008B94D2->cb20f782-9136-4144-a2ef-e44461d35697: receive RaftClientReply:client-E41C008B94D2->cb20f782-9136-4144-a2ef-e44461d35697@group-EF222054BC57, cid=1663, SUCCESS, logIndex=2385, commits[cb20f782-9136-4144-a2ef-e44461d35697:c2387]
2019-09-17 12:48:36,197 [grpc-default-executor-1] INFO  client.GrpcClientProtocolClient (GrpcClientProtocolClient.java:onNext(264)) - client-E41C008B94D2->cb20f782-9136-4144-a2ef-e44461d35697: receive RaftClientReply:client-E41C008B94D2->cb20f782-9136-4144-a2ef-e44461d35697@group-EF222054BC57, cid=1664, SUCCESS, logIndex=2386, commits[cb20f782-9136-4144-a2ef-e44461d35697:c2387]
2019-09-17 12:48:36,283 [SCMBlockDeletingService#0] DEBUG block.SCMBlockDeletingService (SCMBlockDeletingService.java:call(138)) - Running DeletedBlockTransactionScanner
2019-09-17 12:48:36,284 [SCMBlockDeletingService#0] DEBUG block.SCMBlockDeletingService (SCMBlockDeletingService.java:call(155)) - Scanned deleted blocks log and got 0 delTX to process.
2019-09-17 12:48:36,296 [grpc-default-executor-1] INFO  client.GrpcClientProtocolClient (GrpcClientProtocolClient.java:onNext(264)) - client-E41C008B94D2->cb20f782-9136-4144-a2ef-e44461d35697: receive RaftClientReply:client-E41C008B94D2->cb20f782-9136-4144-a2ef-e44461d35697@group-EF222054BC57, cid=1665, SUCCESS, logIndex=2388, commits[cb20f782-9136-4144-a2ef-e44461d35697:c2389]
2019-09-17 12:48:36,297 [grpc-default-executor-1] INFO  client.GrpcClientProtocolClient (GrpcClientProtocolClient.java:onNext(264)) - client-E41C008B94D2->cb20f782-9136-4144-a2ef-e44461d35697: receive RaftClientReply:client-E41C008B94D2->cb20f782-9136-4144-a2ef-e44461d35697@group-EF222054BC57, cid=1666, SUCCESS, logIndex=2389, commits[cb20f782-9136-4144-a2ef-e44461d35697:c2391]
2019-09-17 12:48:36,297 [grpc-default-executor-1] INFO  client.GrpcClientProtocolClient (GrpcClientProtocolClient.java:onNext(264)) - client-E41C008B94D2->cb20f782-9136-4144-a2ef-e44461d35697: receive RaftClientReply:client-E41C008B94D2->cb20f782-9136-4144-a2ef-e44461d35697@group-EF222054BC57, cid=1667, SUCCESS, logIndex=2390, commits[cb20f782-9136-4144-a2ef-e44461d35697:c2392]
2019-09-17 12:48:36,298 [grpc-default-executor-1] INFO  client.GrpcClientProtocolClient (GrpcClientProtocolClient.java:onNext(264)) - client-E41C008B94D2->cb20f782-9136-4144-a2ef-e44461d35697: receive RaftClientReply:client-E41C008B94D2->cb20f782-9136-4144-a2ef-e44461d35697@group-EF222054BC57, cid=1668, SUCCESS, logIndex=2391, commits[cb20f782-9136-4144-a2ef-e44461d35697:c2393]
2019-09-17 12:48:36,325 [grpc-default-executor-2] INFO  client.GrpcClientProtocolClient (GrpcClientProtocolClient.java:onNext(264)) - client-E41C008B94D2->cb20f782-9136-4144-a2ef-e44461d35697: receive RaftClientReply:client-E41C008B94D2->cb20f782-9136-4144-a2ef-e44461d35697@group-EF222054BC57, cid=1669, SUCCESS, logIndex=2394, commits[cb20f782-9136-4144-a2ef-e44461d35697:c2395]
2019-09-17 12:48:36,326 [grpc-default-executor-2] INFO  client.GrpcClientProtocolClient (GrpcClientProtocolClient.java:onNext(264)) - client-E41C008B94D2->cb20f782-9136-4144-a2ef-e44461d35697: receive RaftClientReply:client-E41C008B94D2->cb20f782-9136-4144-a2ef-e44461d35697@group-EF222054BC57, cid=1670, SUCCESS, logIndex=2395, commits[cb20f782-9136-4144-a2ef-e44461d35697:c2397]
2019-09-17 12:48:36,326 [grpc-default-executor-2] INFO  client.GrpcClientProtocolClient (GrpcClientProtocolClient.java:onNext(264)) - client-E41C008B94D2->cb20f782-9136-4144-a2ef-e44461d35697: receive RaftClientReply:client-E41C008B94D2->cb20f782-9136-4144-a2ef-e44461d35697@group-EF222054BC57, cid=1671, SUCCESS, logIndex=2396, commits[cb20f782-9136-4144-a2ef-e44461d35697:c2398]
2019-09-17 12:48:36,327 [grpc-default-executor-2] INFO  client.GrpcClientProtocolClient (GrpcClientProtocolClient.java:onNext(264)) - client-E41C008B94D2->cb20f782-9136-4144-a2ef-e44461d35697: receive RaftClientReply:client-E41C008B94D2->cb20f782-9136-4144-a2ef-e44461d35697@group-EF222054BC57, cid=1672, SUCCESS, logIndex=2397, commits[cb20f782-9136-4144-a2ef-e44461d35697:c2399]
2019-09-17 12:48:36,356 [grpc-default-executor-1] INFO  client.GrpcClientProtocolClient (GrpcClientProtocolClient.java:onNext(264)) - client-E41C008B94D2->cb20f782-9136-4144-a2ef-e44461d35697: receive RaftClientReply:client-E41C008B94D2->cb20f782-9136-4144-a2ef-e44461d35697@group-EF222054BC57, cid=1673, SUCCESS, logIndex=2400, commits[cb20f782-9136-4144-a2ef-e44461d35697:c2401]
2019-09-17 12:48:36,357 [grpc-default-executor-1] INFO  client.GrpcClientProtocolClient (GrpcClientProtocolClient.java:onNext(264)) - client-E41C008B94D2->cb20f782-9136-4144-a2ef-e44461d35697: receive RaftClientReply:client-E41C008B94D2->cb20f782-9136-4144-a2ef-e44461d35697@group-EF222054BC57, cid=1674, SUCCESS, logIndex=2401, commits[cb20f782-9136-4144-a2ef-e44461d35697:c2403]
2019-09-17 12:48:36,357 [grpc-default-executor-1] INFO  client.GrpcClientProtocolClient (GrpcClientProtocolClient.java:onNext(264)) - client-E41C008B94D2->cb20f782-9136-4144-a2ef-e44461d35697: receive RaftClientReply:client-E41C008B94D2->cb20f782-9136-4144-a2ef-e44461d35697@group-EF222054BC57, cid=1675, SUCCESS, logIndex=2402, commits[cb20f782-9136-4144-a2ef-e44461d35697:c2403]
2019-09-17 12:48:36,357 [grpc-default-executor-1] INFO  client.GrpcClientProtocolClient (GrpcClientProtocolClient.java:onNext(264)) - client-E41C008B94D2->cb20f782-9136-4144-a2ef-e44461d35697: receive RaftClientReply:client-E41C008B94D2->cb20f782-9136-4144-a2ef-e44461d35697@group-EF222054BC57, cid=1676, SUCCESS, logIndex=2403, commits[cb20f782-9136-4144-a2ef-e44461d35697:c2404]
2019-09-17 12:48:36,377 [grpc-default-executor-1] INFO  client.GrpcClientProtocolClient (GrpcClientProtocolClient.java:onNext(264)) - client-E41C008B94D2->cb20f782-9136-4144-a2ef-e44461d35697: receive RaftClientReply:client-E41C008B94D2->cb20f782-9136-4144-a2ef-e44461d35697@group-EF222054BC57, cid=1677, SUCCESS, logIndex=2406, commits[cb20f782-9136-4144-a2ef-e44461d35697:c2407]
2019-09-17 12:48:36,378 [grpc-default-executor-1] INFO  client.GrpcClientProtocolClient (GrpcClientProtocolClient.java:onNext(264)) - client-E41C008B94D2->cb20f782-9136-4144-a2ef-e44461d35697: receive RaftClientReply:client-E41C008B94D2->cb20f782-9136-4144-a2ef-e44461d35697@group-EF222054BC57, cid=1678, SUCCESS, logIndex=2407, commits[cb20f782-9136-4144-a2ef-e44461d35697:c2408]
2019-09-17 12:48:36,384 [SCMBlockDeletingService#0] DEBUG block.SCMBlockDeletingService (SCMBlockDeletingService.java:call(138)) - Running DeletedBlockTransactionScanner
2019-09-17 12:48:36,384 [SCMBlockDeletingService#0] DEBUG block.SCMBlockDeletingService (SCMBlockDeletingService.java:call(155)) - Scanned deleted blocks log and got 0 delTX to process.
2019-09-17 12:48:36,485 [SCMBlockDeletingService#0] DEBUG block.SCMBlockDeletingService (SCMBlockDeletingService.java:call(138)) - Running DeletedBlockTransactionScanner
2019-09-17 12:48:36,485 [SCMBlockDeletingService#0] DEBUG block.SCMBlockDeletingService (SCMBlockDeletingService.java:call(155)) - Scanned deleted blocks log and got 0 delTX to process.
2019-09-17 12:48:36,489 [grpc-default-executor-1] INFO  client.GrpcClientProtocolClient (GrpcClientProtocolClient.java:onNext(264)) - client-E41C008B94D2->cb20f782-9136-4144-a2ef-e44461d35697: receive RaftClientReply:client-E41C008B94D2->cb20f782-9136-4144-a2ef-e44461d35697@group-EF222054BC57, cid=1679, SUCCESS, logIndex=2409, commits[cb20f782-9136-4144-a2ef-e44461d35697:c2410]
2019-09-17 12:48:36,490 [grpc-default-executor-1] INFO  client.GrpcClientProtocolClient (GrpcClientProtocolClient.java:onNext(264)) - client-E41C008B94D2->cb20f782-9136-4144-a2ef-e44461d35697: receive RaftClientReply:client-E41C008B94D2->cb20f782-9136-4144-a2ef-e44461d35697@group-EF222054BC57, cid=1680, SUCCESS, logIndex=2410, commits[cb20f782-9136-4144-a2ef-e44461d35697:c2411]
2019-09-17 12:48:36,518 [grpc-default-executor-1] INFO  client.GrpcClientProtocolClient (GrpcClientProtocolClient.java:onNext(264)) - client-E41C008B94D2->cb20f782-9136-4144-a2ef-e44461d35697: receive RaftClientReply:client-E41C008B94D2->cb20f782-9136-4144-a2ef-e44461d35697@group-EF222054BC57, cid=1681, SUCCESS, logIndex=2412, commits[cb20f782-9136-4144-a2ef-e44461d35697:c2413]
2019-09-17 12:48:36,519 [grpc-default-executor-1] INFO  client.GrpcClientProtocolClient (GrpcClientProtocolClient.java:onNext(264)) - client-E41C008B94D2->cb20f782-9136-4144-a2ef-e44461d35697: receive RaftClientReply:client-E41C008B94D2->cb20f782-9136-4144-a2ef-e44461d35697@group-EF222054BC57, cid=1682, SUCCESS, logIndex=2413, commits[cb20f782-9136-4144-a2ef-e44461d35697:c2415]
2019-09-17 12:48:36,519 [grpc-default-executor-1] INFO  client.GrpcClientProtocolClient (GrpcClientProtocolClient.java:onNext(264)) - client-E41C008B94D2->cb20f782-9136-4144-a2ef-e44461d35697: receive RaftClientReply:client-E41C008B94D2->cb20f782-9136-4144-a2ef-e44461d35697@group-EF222054BC57, cid=1683, SUCCESS, logIndex=2414, commits[cb20f782-9136-4144-a2ef-e44461d35697:c2416]
2019-09-17 12:48:36,520 [grpc-default-executor-1] INFO  client.GrpcClientProtocolClient (GrpcClientProtocolClient.java:onNext(264)) - client-E41C008B94D2->cb20f782-9136-4144-a2ef-e44461d35697: receive RaftClientReply:client-E41C008B94D2->cb20f782-9136-4144-a2ef-e44461d35697@group-EF222054BC57, cid=1684, SUCCESS, logIndex=2415, commits[cb20f782-9136-4144-a2ef-e44461d35697:c2416]
2019-09-17 12:48:36,539 [grpc-default-executor-1] INFO  client.GrpcClientProtocolClient (GrpcClientProtocolClient.java:onNext(264)) - client-E41C008B94D2->cb20f782-9136-4144-a2ef-e44461d35697: receive RaftClientReply:client-E41C008B94D2->cb20f782-9136-4144-a2ef-e44461d35697@group-EF222054BC57, cid=1685, SUCCESS, logIndex=2418, commits[cb20f782-9136-4144-a2ef-e44461d35697:c2419]
2019-09-17 12:48:36,539 [grpc-default-executor-1] INFO  client.GrpcClientProtocolClient (GrpcClientProtocolClient.java:onNext(264)) - client-E41C008B94D2->cb20f782-9136-4144-a2ef-e44461d35697: receive RaftClientReply:client-E41C008B94D2->cb20f782-9136-4144-a2ef-e44461d35697@group-EF222054BC57, cid=1686, SUCCESS, logIndex=2419, commits[cb20f782-9136-4144-a2ef-e44461d35697:c2421]
2019-09-17 12:48:36,540 [grpc-default-executor-1] INFO  client.GrpcClientProtocolClient (GrpcClientProtocolClient.java:onNext(264)) - client-E41C008B94D2->cb20f782-9136-4144-a2ef-e44461d35697: receive RaftClientReply:client-E41C008B94D2->cb20f782-9136-4144-a2ef-e44461d35697@group-EF222054BC57, cid=1687, SUCCESS, logIndex=2420, commits[cb20f782-9136-4144-a2ef-e44461d35697:c2421]
2019-09-17 12:48:36,540 [grpc-default-executor-1] INFO  client.GrpcClientProtocolClient (GrpcClientProtocolClient.java:onNext(264)) - client-E41C008B94D2->cb20f782-9136-4144-a2ef-e44461d35697: receive RaftClientReply:client-E41C008B94D2->cb20f782-9136-4144-a2ef-e44461d35697@group-EF222054BC57, cid=1688, SUCCESS, logIndex=2421, commits[cb20f782-9136-4144-a2ef-e44461d35697:c2422]
2019-09-17 12:48:36,567 [grpc-default-executor-1] INFO  client.GrpcClientProtocolClient (GrpcClientProtocolClient.java:onNext(264)) - client-E41C008B94D2->cb20f782-9136-4144-a2ef-e44461d35697: receive RaftClientReply:client-E41C008B94D2->cb20f782-9136-4144-a2ef-e44461d35697@group-EF222054BC57, cid=1689, SUCCESS, logIndex=2424, commits[cb20f782-9136-4144-a2ef-e44461d35697:c2425]
2019-09-17 12:48:36,568 [grpc-default-executor-1] INFO  client.GrpcClientProtocolClient (GrpcClientProtocolClient.java:onNext(264)) - client-E41C008B94D2->cb20f782-9136-4144-a2ef-e44461d35697: receive RaftClientReply:client-E41C008B94D2->cb20f782-9136-4144-a2ef-e44461d35697@group-EF222054BC57, cid=1690, SUCCESS, logIndex=2425, commits[cb20f782-9136-4144-a2ef-e44461d35697:c2427]
2019-09-17 12:48:36,568 [grpc-default-executor-1] INFO  client.GrpcClientProtocolClient (GrpcClientProtocolClient.java:onNext(264)) - client-E41C008B94D2->cb20f782-9136-4144-a2ef-e44461d35697: receive RaftClientReply:client-E41C008B94D2->cb20f782-9136-4144-a2ef-e44461d35697@group-EF222054BC57, cid=1691, SUCCESS, logIndex=2426, commits[cb20f782-9136-4144-a2ef-e44461d35697:c2428]
2019-09-17 12:48:36,568 [grpc-default-executor-1] INFO  client.GrpcClientProtocolClient (GrpcClientProtocolClient.java:onNext(264)) - client-E41C008B94D2->cb20f782-9136-4144-a2ef-e44461d35697: receive RaftClientReply:client-E41C008B94D2->cb20f782-9136-4144-a2ef-e44461d35697@group-EF222054BC57, cid=1692, SUCCESS, logIndex=2427, commits[cb20f782-9136-4144-a2ef-e44461d35697:c2428]
2019-09-17 12:48:36,585 [SCMBlockDeletingService#0] DEBUG block.SCMBlockDeletingService (SCMBlockDeletingService.java:call(138)) - Running DeletedBlockTransactionScanner
2019-09-17 12:48:36,586 [SCMBlockDeletingService#0] DEBUG block.SCMBlockDeletingService (SCMBlockDeletingService.java:call(155)) - Scanned deleted blocks log and got 0 delTX to process.
2019-09-17 12:48:36,587 [grpc-default-executor-2] INFO  client.GrpcClientProtocolClient (GrpcClientProtocolClient.java:onNext(264)) - client-E41C008B94D2->cb20f782-9136-4144-a2ef-e44461d35697: receive RaftClientReply:client-E41C008B94D2->cb20f782-9136-4144-a2ef-e44461d35697@group-EF222054BC57, cid=1693, SUCCESS, logIndex=2430, commits[cb20f782-9136-4144-a2ef-e44461d35697:c2431]
2019-09-17 12:48:36,587 [grpc-default-executor-2] INFO  client.GrpcClientProtocolClient (GrpcClientProtocolClient.java:onNext(264)) - client-E41C008B94D2->cb20f782-9136-4144-a2ef-e44461d35697: receive RaftClientReply:client-E41C008B94D2->cb20f782-9136-4144-a2ef-e44461d35697@group-EF222054BC57, cid=1694, SUCCESS, logIndex=2431, commits[cb20f782-9136-4144-a2ef-e44461d35697:c2433]
2019-09-17 12:48:36,588 [grpc-default-executor-2] INFO  client.GrpcClientProtocolClient (GrpcClientProtocolClient.java:onNext(264)) - client-E41C008B94D2->cb20f782-9136-4144-a2ef-e44461d35697: receive RaftClientReply:client-E41C008B94D2->cb20f782-9136-4144-a2ef-e44461d35697@group-EF222054BC57, cid=1695, SUCCESS, logIndex=2432, commits[cb20f782-9136-4144-a2ef-e44461d35697:c2433]
2019-09-17 12:48:36,588 [grpc-default-executor-2] INFO  client.GrpcClientProtocolClient (GrpcClientProtocolClient.java:onNext(264)) - client-E41C008B94D2->cb20f782-9136-4144-a2ef-e44461d35697: receive RaftClientReply:client-E41C008B94D2->cb20f782-9136-4144-a2ef-e44461d35697@group-EF222054BC57, cid=1696, SUCCESS, logIndex=2433, commits[cb20f782-9136-4144-a2ef-e44461d35697:c2434]
2019-09-17 12:48:36,617 [grpc-default-executor-2] INFO  client.GrpcClientProtocolClient (GrpcClientProtocolClient.java:onNext(264)) - client-E41C008B94D2->cb20f782-9136-4144-a2ef-e44461d35697: receive RaftClientReply:client-E41C008B94D2->cb20f782-9136-4144-a2ef-e44461d35697@group-EF222054BC57, cid=1697, SUCCESS, logIndex=2436, commits[cb20f782-9136-4144-a2ef-e44461d35697:c2437]
2019-09-17 12:48:36,617 [grpc-default-executor-2] INFO  client.GrpcClientProtocolClient (GrpcClientProtocolClient.java:onNext(264)) - client-E41C008B94D2->cb20f782-9136-4144-a2ef-e44461d35697: receive RaftClientReply:client-E41C008B94D2->cb20f782-9136-4144-a2ef-e44461d35697@group-EF222054BC57, cid=1698, SUCCESS, logIndex=2437, commits[cb20f782-9136-4144-a2ef-e44461d35697:c2439]
2019-09-17 12:48:36,618 [grpc-default-executor-2] INFO  client.GrpcClientProtocolClient (GrpcClientProtocolClient.java:onNext(264)) - client-E41C008B94D2->cb20f782-9136-4144-a2ef-e44461d35697: receive RaftClientReply:client-E41C008B94D2->cb20f782-9136-4144-a2ef-e44461d35697@group-EF222054BC57, cid=1699, SUCCESS, logIndex=2438, commits[cb20f782-9136-4144-a2ef-e44461d35697:c2439]
2019-09-17 12:48:36,618 [grpc-default-executor-2] INFO  client.GrpcClientProtocolClient (GrpcClientProtocolClient.java:onNext(264)) - client-E41C008B94D2->cb20f782-9136-4144-a2ef-e44461d35697: receive RaftClientReply:client-E41C008B94D2->cb20f782-9136-4144-a2ef-e44461d35697@group-EF222054BC57, cid=1700, SUCCESS, logIndex=2439, commits[cb20f782-9136-4144-a2ef-e44461d35697:c2440]
2019-09-17 12:48:36,638 [grpc-default-executor-2] INFO  client.GrpcClientProtocolClient (GrpcClientProtocolClient.java:onNext(264)) - client-E41C008B94D2->cb20f782-9136-4144-a2ef-e44461d35697: receive RaftClientReply:client-E41C008B94D2->cb20f782-9136-4144-a2ef-e44461d35697@group-EF222054BC57, cid=1701, SUCCESS, logIndex=2442, commits[cb20f782-9136-4144-a2ef-e44461d35697:c2445]
2019-09-17 12:48:36,638 [grpc-default-executor-2] INFO  client.GrpcClientProtocolClient (GrpcClientProtocolClient.java:onNext(264)) - client-E41C008B94D2->cb20f782-9136-4144-a2ef-e44461d35697: receive RaftClientReply:client-E41C008B94D2->cb20f782-9136-4144-a2ef-e44461d35697@group-EF222054BC57, cid=1702, SUCCESS, logIndex=2443, commits[cb20f782-9136-4144-a2ef-e44461d35697:c2446]
2019-09-17 12:48:36,639 [grpc-default-executor-2] INFO  client.GrpcClientProtocolClient (GrpcClientProtocolClient.java:onNext(264)) - client-E41C008B94D2->cb20f782-9136-4144-a2ef-e44461d35697: receive RaftClientReply:client-E41C008B94D2->cb20f782-9136-4144-a2ef-e44461d35697@group-EF222054BC57, cid=1703, SUCCESS, logIndex=2444, commits[cb20f782-9136-4144-a2ef-e44461d35697:c2446]
2019-09-17 12:48:36,639 [grpc-default-executor-2] INFO  client.GrpcClientProtocolClient (GrpcClientProtocolClient.java:onNext(264)) - client-E41C008B94D2->cb20f782-9136-4144-a2ef-e44461d35697: receive RaftClientReply:client-E41C008B94D2->cb20f782-9136-4144-a2ef-e44461d35697@group-EF222054BC57, cid=1704, SUCCESS, logIndex=2445, commits[cb20f782-9136-4144-a2ef-e44461d35697:c2446]
2019-09-17 12:48:36,680 [grpc-default-executor-2] INFO  client.GrpcClientProtocolClient (GrpcClientProtocolClient.java:onNext(264)) - client-E41C008B94D2->cb20f782-9136-4144-a2ef-e44461d35697: receive RaftClientReply:client-E41C008B94D2->cb20f782-9136-4144-a2ef-e44461d35697@group-EF222054BC57, cid=1705, SUCCESS, logIndex=2447, commits[cb20f782-9136-4144-a2ef-e44461d35697:c2450]
2019-09-17 12:48:36,680 [grpc-default-executor-2] INFO  client.GrpcClientProtocolClient (GrpcClientProtocolClient.java:onNext(264)) - client-E41C008B94D2->cb20f782-9136-4144-a2ef-e44461d35697: receive RaftClientReply:client-E41C008B94D2->cb20f782-9136-4144-a2ef-e44461d35697@group-EF222054BC57, cid=1706, SUCCESS, logIndex=2448, commits[cb20f782-9136-4144-a2ef-e44461d35697:c2450]
2019-09-17 12:48:36,681 [grpc-default-executor-2] INFO  client.GrpcClientProtocolClient (GrpcClientProtocolClient.java:onNext(264)) - client-E41C008B94D2->cb20f782-9136-4144-a2ef-e44461d35697: receive RaftClientReply:client-E41C008B94D2->cb20f782-9136-4144-a2ef-e44461d35697@group-EF222054BC57, cid=1707, SUCCESS, logIndex=2449, commits[cb20f782-9136-4144-a2ef-e44461d35697:c2450]
2019-09-17 12:48:36,681 [grpc-default-executor-2] INFO  client.GrpcClientProtocolClient (GrpcClientProtocolClient.java:onNext(264)) - client-E41C008B94D2->cb20f782-9136-4144-a2ef-e44461d35697: receive RaftClientReply:client-E41C008B94D2->cb20f782-9136-4144-a2ef-e44461d35697@group-EF222054BC57, cid=1708, SUCCESS, logIndex=2450, commits[cb20f782-9136-4144-a2ef-e44461d35697:c2450]
2019-09-17 12:48:36,686 [SCMBlockDeletingService#0] DEBUG block.SCMBlockDeletingService (SCMBlockDeletingService.java:call(138)) - Running DeletedBlockTransactionScanner
2019-09-17 12:48:36,686 [SCMBlockDeletingService#0] DEBUG block.SCMBlockDeletingService (SCMBlockDeletingService.java:call(155)) - Scanned deleted blocks log and got 0 delTX to process.
2019-09-17 12:48:36,701 [grpc-default-executor-2] INFO  client.GrpcClientProtocolClient (GrpcClientProtocolClient.java:onNext(264)) - client-E41C008B94D2->cb20f782-9136-4144-a2ef-e44461d35697: receive RaftClientReply:client-E41C008B94D2->cb20f782-9136-4144-a2ef-e44461d35697@group-EF222054BC57, cid=1709, SUCCESS, logIndex=2452, commits[cb20f782-9136-4144-a2ef-e44461d35697:c2455]
2019-09-17 12:48:36,702 [grpc-default-executor-2] INFO  client.GrpcClientProtocolClient (GrpcClientProtocolClient.java:onNext(264)) - client-E41C008B94D2->cb20f782-9136-4144-a2ef-e44461d35697: receive RaftClientReply:client-E41C008B94D2->cb20f782-9136-4144-a2ef-e44461d35697@group-EF222054BC57, cid=1710, SUCCESS, logIndex=2453, commits[cb20f782-9136-4144-a2ef-e44461d35697:c2456]
2019-09-17 12:48:36,702 [grpc-default-executor-2] INFO  client.GrpcClientProtocolClient (GrpcClientProtocolClient.java:onNext(264)) - client-E41C008B94D2->cb20f782-9136-4144-a2ef-e44461d35697: receive RaftClientReply:client-E41C008B94D2->cb20f782-9136-4144-a2ef-e44461d35697@group-EF222054BC57, cid=1711, SUCCESS, logIndex=2454, commits[cb20f782-9136-4144-a2ef-e44461d35697:c2456]
2019-09-17 12:48:36,702 [grpc-default-executor-2] INFO  client.GrpcClientProtocolClient (GrpcClientProtocolClient.java:onNext(264)) - client-E41C008B94D2->cb20f782-9136-4144-a2ef-e44461d35697: receive RaftClientReply:client-E41C008B94D2->cb20f782-9136-4144-a2ef-e44461d35697@group-EF222054BC57, cid=1712, SUCCESS, logIndex=2455, commits[cb20f782-9136-4144-a2ef-e44461d35697:c2456]
2019-09-17 12:48:36,727 [grpc-default-executor-1] INFO  client.GrpcClientProtocolClient (GrpcClientProtocolClient.java:onNext(264)) - client-E41C008B94D2->cb20f782-9136-4144-a2ef-e44461d35697: receive RaftClientReply:client-E41C008B94D2->cb20f782-9136-4144-a2ef-e44461d35697@group-EF222054BC57, cid=1713, SUCCESS, logIndex=2457, commits[cb20f782-9136-4144-a2ef-e44461d35697:c2458]
2019-09-17 12:48:36,727 [grpc-default-executor-1] INFO  client.GrpcClientProtocolClient (GrpcClientProtocolClient.java:onNext(264)) - client-E41C008B94D2->cb20f782-9136-4144-a2ef-e44461d35697: receive RaftClientReply:client-E41C008B94D2->cb20f782-9136-4144-a2ef-e44461d35697@group-EF222054BC57, cid=1714, SUCCESS, logIndex=2458, commits[cb20f782-9136-4144-a2ef-e44461d35697:c2460]
2019-09-17 12:48:36,727 [grpc-default-executor-1] INFO  client.GrpcClientProtocolClient (GrpcClientProtocolClient.java:onNext(264)) - client-E41C008B94D2->cb20f782-9136-4144-a2ef-e44461d35697: receive RaftClientReply:client-E41C008B94D2->cb20f782-9136-4144-a2ef-e44461d35697@group-EF222054BC57, cid=1715, SUCCESS, logIndex=2459, commits[cb20f782-9136-4144-a2ef-e44461d35697:c2461]
2019-09-17 12:48:36,728 [grpc-default-executor-1] INFO  client.GrpcClientProtocolClient (GrpcClientProtocolClient.java:onNext(264)) - client-E41C008B94D2->cb20f782-9136-4144-a2ef-e44461d35697: receive RaftClientReply:client-E41C008B94D2->cb20f782-9136-4144-a2ef-e44461d35697@group-EF222054BC57, cid=1716, SUCCESS, logIndex=2460, commits[cb20f782-9136-4144-a2ef-e44461d35697:c2461]
2019-09-17 12:48:36,745 [grpc-default-executor-1] INFO  client.GrpcClientProtocolClient (GrpcClientProtocolClient.java:onNext(264)) - client-E41C008B94D2->cb20f782-9136-4144-a2ef-e44461d35697: receive RaftClientReply:client-E41C008B94D2->cb20f782-9136-4144-a2ef-e44461d35697@group-EF222054BC57, cid=1717, SUCCESS, logIndex=2463, commits[cb20f782-9136-4144-a2ef-e44461d35697:c2464]
2019-09-17 12:48:36,745 [grpc-default-executor-1] INFO  client.GrpcClientProtocolClient (GrpcClientProtocolClient.java:onNext(264)) - client-E41C008B94D2->cb20f782-9136-4144-a2ef-e44461d35697: receive RaftClientReply:client-E41C008B94D2->cb20f782-9136-4144-a2ef-e44461d35697@group-EF222054BC57, cid=1718, SUCCESS, logIndex=2464, commits[cb20f782-9136-4144-a2ef-e44461d35697:c2466]
2019-09-17 12:48:36,746 [grpc-default-executor-1] INFO  client.GrpcClientProtocolClient (GrpcClientProtocolClient.java:onNext(264)) - client-E41C008B94D2->cb20f782-9136-4144-a2ef-e44461d35697: receive RaftClientReply:client-E41C008B94D2->cb20f782-9136-4144-a2ef-e44461d35697@group-EF222054BC57, cid=1719, SUCCESS, logIndex=2465, commits[cb20f782-9136-4144-a2ef-e44461d35697:c2467]
2019-09-17 12:48:36,746 [grpc-default-executor-1] INFO  client.GrpcClientProtocolClient (GrpcClientProtocolClient.java:onNext(264)) - client-E41C008B94D2->cb20f782-9136-4144-a2ef-e44461d35697: receive RaftClientReply:client-E41C008B94D2->cb20f782-9136-4144-a2ef-e44461d35697@group-EF222054BC57, cid=1720, SUCCESS, logIndex=2466, commits[cb20f782-9136-4144-a2ef-e44461d35697:c2467]
2019-09-17 12:48:36,773 [grpc-default-executor-2] INFO  client.GrpcClientProtocolClient (GrpcClientProtocolClient.java:onNext(264)) - client-E41C008B94D2->cb20f782-9136-4144-a2ef-e44461d35697: receive RaftClientReply:client-E41C008B94D2->cb20f782-9136-4144-a2ef-e44461d35697@group-EF222054BC57, cid=1721, SUCCESS, logIndex=2469, commits[cb20f782-9136-4144-a2ef-e44461d35697:c2472]
2019-09-17 12:48:36,774 [grpc-default-executor-2] INFO  client.GrpcClientProtocolClient (GrpcClientProtocolClient.java:onNext(264)) - client-E41C008B94D2->cb20f782-9136-4144-a2ef-e44461d35697: receive RaftClientReply:client-E41C008B94D2->cb20f782-9136-4144-a2ef-e44461d35697@group-EF222054BC57, cid=1722, SUCCESS, logIndex=2470, commits[cb20f782-9136-4144-a2ef-e44461d35697:c2473]
2019-09-17 12:48:36,774 [grpc-default-executor-2] INFO  client.GrpcClientProtocolClient (GrpcClientProtocolClient.java:onNext(264)) - client-E41C008B94D2->cb20f782-9136-4144-a2ef-e44461d35697: receive RaftClientReply:client-E41C008B94D2->cb20f782-9136-4144-a2ef-e44461d35697@group-EF222054BC57, cid=1723, SUCCESS, logIndex=2471, commits[cb20f782-9136-4144-a2ef-e44461d35697:c2473]
2019-09-17 12:48:36,774 [grpc-default-executor-2] INFO  client.GrpcClientProtocolClient (GrpcClientProtocolClient.java:onNext(264)) - client-E41C008B94D2->cb20f782-9136-4144-a2ef-e44461d35697: receive RaftClientReply:client-E41C008B94D2->cb20f782-9136-4144-a2ef-e44461d35697@group-EF222054BC57, cid=1724, SUCCESS, logIndex=2472, commits[cb20f782-9136-4144-a2ef-e44461d35697:c2473]
2019-09-17 12:48:36,786 [SCMBlockDeletingService#0] DEBUG block.SCMBlockDeletingService (SCMBlockDeletingService.java:call(138)) - Running DeletedBlockTransactionScanner
2019-09-17 12:48:36,787 [SCMBlockDeletingService#0] DEBUG block.SCMBlockDeletingService (SCMBlockDeletingService.java:call(155)) - Scanned deleted blocks log and got 0 delTX to process.
2019-09-17 12:48:36,882 [grpc-default-executor-2] INFO  client.GrpcClientProtocolClient (GrpcClientProtocolClient.java:onNext(264)) - client-E41C008B94D2->cb20f782-9136-4144-a2ef-e44461d35697: receive RaftClientReply:client-E41C008B94D2->cb20f782-9136-4144-a2ef-e44461d35697@group-EF222054BC57, cid=1725, SUCCESS, logIndex=2474, commits[cb20f782-9136-4144-a2ef-e44461d35697:c2477]
2019-09-17 12:48:36,882 [grpc-default-executor-2] INFO  client.GrpcClientProtocolClient (GrpcClientProtocolClient.java:onNext(264)) - client-E41C008B94D2->cb20f782-9136-4144-a2ef-e44461d35697: receive RaftClientReply:client-E41C008B94D2->cb20f782-9136-4144-a2ef-e44461d35697@group-EF222054BC57, cid=1726, SUCCESS, logIndex=2475, commits[cb20f782-9136-4144-a2ef-e44461d35697:c2478]
2019-09-17 12:48:36,882 [grpc-default-executor-2] INFO  client.GrpcClientProtocolClient (GrpcClientProtocolClient.java:onNext(264)) - client-E41C008B94D2->cb20f782-9136-4144-a2ef-e44461d35697: receive RaftClientReply:client-E41C008B94D2->cb20f782-9136-4144-a2ef-e44461d35697@group-EF222054BC57, cid=1727, SUCCESS, logIndex=2476, commits[cb20f782-9136-4144-a2ef-e44461d35697:c2478]
2019-09-17 12:48:36,883 [grpc-default-executor-2] INFO  client.GrpcClientProtocolClient (GrpcClientProtocolClient.java:onNext(264)) - client-E41C008B94D2->cb20f782-9136-4144-a2ef-e44461d35697: receive RaftClientReply:client-E41C008B94D2->cb20f782-9136-4144-a2ef-e44461d35697@group-EF222054BC57, cid=1728, SUCCESS, logIndex=2477, commits[cb20f782-9136-4144-a2ef-e44461d35697:c2478]
2019-09-17 12:48:36,887 [SCMBlockDeletingService#0] DEBUG block.SCMBlockDeletingService (SCMBlockDeletingService.java:call(138)) - Running DeletedBlockTransactionScanner
2019-09-17 12:48:36,887 [SCMBlockDeletingService#0] DEBUG block.SCMBlockDeletingService (SCMBlockDeletingService.java:call(155)) - Scanned deleted blocks log and got 0 delTX to process.
2019-09-17 12:48:36,917 [grpc-default-executor-1] INFO  client.GrpcClientProtocolClient (GrpcClientProtocolClient.java:onNext(264)) - client-E41C008B94D2->cb20f782-9136-4144-a2ef-e44461d35697: receive RaftClientReply:client-E41C008B94D2->cb20f782-9136-4144-a2ef-e44461d35697@group-EF222054BC57, cid=1729, SUCCESS, logIndex=2479, commits[cb20f782-9136-4144-a2ef-e44461d35697:c2482]
2019-09-17 12:48:36,917 [grpc-default-executor-1] INFO  client.GrpcClientProtocolClient (GrpcClientProtocolClient.java:onNext(264)) - client-E41C008B94D2->cb20f782-9136-4144-a2ef-e44461d35697: receive RaftClientReply:client-E41C008B94D2->cb20f782-9136-4144-a2ef-e44461d35697@group-EF222054BC57, cid=1730, SUCCESS, logIndex=2480, commits[cb20f782-9136-4144-a2ef-e44461d35697:c2483]
2019-09-17 12:48:36,918 [grpc-default-executor-1] INFO  client.GrpcClientProtocolClient (GrpcClientProtocolClient.java:onNext(264)) - client-E41C008B94D2->cb20f782-9136-4144-a2ef-e44461d35697: receive RaftClientReply:client-E41C008B94D2->cb20f782-9136-4144-a2ef-e44461d35697@group-EF222054BC57, cid=1731, SUCCESS, logIndex=2481, commits[cb20f782-9136-4144-a2ef-e44461d35697:c2483]
2019-09-17 12:48:36,918 [grpc-default-executor-1] INFO  client.GrpcClientProtocolClient (GrpcClientProtocolClient.java:onNext(264)) - client-E41C008B94D2->cb20f782-9136-4144-a2ef-e44461d35697: receive RaftClientReply:client-E41C008B94D2->cb20f782-9136-4144-a2ef-e44461d35697@group-EF222054BC57, cid=1732, SUCCESS, logIndex=2482, commits[cb20f782-9136-4144-a2ef-e44461d35697:c2483]
2019-09-17 12:48:36,939 [grpc-default-executor-2] INFO  client.GrpcClientProtocolClient (GrpcClientProtocolClient.java:onNext(264)) - client-E41C008B94D2->cb20f782-9136-4144-a2ef-e44461d35697: receive RaftClientReply:client-E41C008B94D2->cb20f782-9136-4144-a2ef-e44461d35697@group-EF222054BC57, cid=1733, SUCCESS, logIndex=2484, commits[cb20f782-9136-4144-a2ef-e44461d35697:c2487]
2019-09-17 12:48:36,939 [grpc-default-executor-2] INFO  client.GrpcClientProtocolClient (GrpcClientProtocolClient.java:onNext(264)) - client-E41C008B94D2->cb20f782-9136-4144-a2ef-e44461d35697: receive RaftClientReply:client-E41C008B94D2->cb20f782-9136-4144-a2ef-e44461d35697@group-EF222054BC57, cid=1734, SUCCESS, logIndex=2485, commits[cb20f782-9136-4144-a2ef-e44461d35697:c2488]
2019-09-17 12:48:36,939 [grpc-default-executor-2] INFO  client.GrpcClientProtocolClient (GrpcClientProtocolClient.java:onNext(264)) - client-E41C008B94D2->cb20f782-9136-4144-a2ef-e44461d35697: receive RaftClientReply:client-E41C008B94D2->cb20f782-9136-4144-a2ef-e44461d35697@group-EF222054BC57, cid=1735, SUCCESS, logIndex=2486, commits[cb20f782-9136-4144-a2ef-e44461d35697:c2488]
2019-09-17 12:48:36,940 [grpc-default-executor-2] INFO  client.GrpcClientProtocolClient (GrpcClientProtocolClient.java:onNext(264)) - client-E41C008B94D2->cb20f782-9136-4144-a2ef-e44461d35697: receive RaftClientReply:client-E41C008B94D2->cb20f782-9136-4144-a2ef-e44461d35697@group-EF222054BC57, cid=1736, SUCCESS, logIndex=2487, commits[cb20f782-9136-4144-a2ef-e44461d35697:c2488]
2019-09-17 12:48:36,967 [grpc-default-executor-1] INFO  client.GrpcClientProtocolClient (GrpcClientProtocolClient.java:onNext(264)) - client-E41C008B94D2->cb20f782-9136-4144-a2ef-e44461d35697: receive RaftClientReply:client-E41C008B94D2->cb20f782-9136-4144-a2ef-e44461d35697@group-EF222054BC57, cid=1737, SUCCESS, logIndex=2489, commits[cb20f782-9136-4144-a2ef-e44461d35697:c2490]
2019-09-17 12:48:36,968 [grpc-default-executor-1] INFO  client.GrpcClientProtocolClient (GrpcClientProtocolClient.java:onNext(264)) - client-E41C008B94D2->cb20f782-9136-4144-a2ef-e44461d35697: receive RaftClientReply:client-E41C008B94D2->cb20f782-9136-4144-a2ef-e44461d35697@group-EF222054BC57, cid=1738, SUCCESS, logIndex=2490, commits[cb20f782-9136-4144-a2ef-e44461d35697:c2492]
2019-09-17 12:48:36,969 [grpc-default-executor-1] INFO  client.GrpcClientProtocolClient (GrpcClientProtocolClient.java:onNext(264)) - client-E41C008B94D2->cb20f782-9136-4144-a2ef-e44461d35697: receive RaftClientReply:client-E41C008B94D2->cb20f782-9136-4144-a2ef-e44461d35697@group-EF222054BC57, cid=1739, SUCCESS, logIndex=2491, commits[cb20f782-9136-4144-a2ef-e44461d35697:c2493]
2019-09-17 12:48:36,969 [grpc-default-executor-1] INFO  client.GrpcClientProtocolClient (GrpcClientProtocolClient.java:onNext(264)) - client-E41C008B94D2->cb20f782-9136-4144-a2ef-e44461d35697: receive RaftClientReply:client-E41C008B94D2->cb20f782-9136-4144-a2ef-e44461d35697@group-EF222054BC57, cid=1740, SUCCESS, logIndex=2492, commits[cb20f782-9136-4144-a2ef-e44461d35697:c2493]
2019-09-17 12:48:36,987 [SCMBlockDeletingService#0] DEBUG block.SCMBlockDeletingService (SCMBlockDeletingService.java:call(138)) - Running DeletedBlockTransactionScanner
2019-09-17 12:48:36,988 [SCMBlockDeletingService#0] DEBUG block.SCMBlockDeletingService (SCMBlockDeletingService.java:call(155)) - Scanned deleted blocks log and got 0 delTX to process.
2019-09-17 12:48:36,989 [grpc-default-executor-2] INFO  client.GrpcClientProtocolClient (GrpcClientProtocolClient.java:onNext(264)) - client-E41C008B94D2->cb20f782-9136-4144-a2ef-e44461d35697: receive RaftClientReply:client-E41C008B94D2->cb20f782-9136-4144-a2ef-e44461d35697@group-EF222054BC57, cid=1741, SUCCESS, logIndex=2495, commits[cb20f782-9136-4144-a2ef-e44461d35697:c2496]
2019-09-17 12:48:36,990 [grpc-default-executor-2] INFO  client.GrpcClientProtocolClient (GrpcClientProtocolClient.java:onNext(264)) - client-E41C008B94D2->cb20f782-9136-4144-a2ef-e44461d35697: receive RaftClientReply:client-E41C008B94D2->cb20f782-9136-4144-a2ef-e44461d35697@group-EF222054BC57, cid=1742, SUCCESS, logIndex=2496, commits[cb20f782-9136-4144-a2ef-e44461d35697:c2496]
2019-09-17 12:48:36,990 [grpc-default-executor-2] INFO  client.GrpcClientProtocolClient (GrpcClientProtocolClient.java:onNext(264)) - client-E41C008B94D2->cb20f782-9136-4144-a2ef-e44461d35697: receive RaftClientReply:client-E41C008B94D2->cb20f782-9136-4144-a2ef-e44461d35697@group-EF222054BC57, cid=1743, SUCCESS, logIndex=2497, commits[cb20f782-9136-4144-a2ef-e44461d35697:c2498]
2019-09-17 12:48:36,990 [grpc-default-executor-2] INFO  client.GrpcClientProtocolClient (GrpcClientProtocolClient.java:onNext(264)) - client-E41C008B94D2->cb20f782-9136-4144-a2ef-e44461d35697: receive RaftClientReply:client-E41C008B94D2->cb20f782-9136-4144-a2ef-e44461d35697@group-EF222054BC57, cid=1744, SUCCESS, logIndex=2498, commits[cb20f782-9136-4144-a2ef-e44461d35697:c2499]
2019-09-17 12:48:37,088 [SCMBlockDeletingService#0] DEBUG block.SCMBlockDeletingService (SCMBlockDeletingService.java:call(138)) - Running DeletedBlockTransactionScanner
2019-09-17 12:48:37,088 [SCMBlockDeletingService#0] DEBUG block.SCMBlockDeletingService (SCMBlockDeletingService.java:call(155)) - Scanned deleted blocks log and got 0 delTX to process.
2019-09-17 12:48:37,100 [grpc-default-executor-2] INFO  client.GrpcClientProtocolClient (GrpcClientProtocolClient.java:onNext(264)) - client-E41C008B94D2->cb20f782-9136-4144-a2ef-e44461d35697: receive RaftClientReply:client-E41C008B94D2->cb20f782-9136-4144-a2ef-e44461d35697@group-EF222054BC57, cid=1745, SUCCESS, logIndex=2501, commits[cb20f782-9136-4144-a2ef-e44461d35697:c2502]
2019-09-17 12:48:37,101 [grpc-default-executor-2] INFO  client.GrpcClientProtocolClient (GrpcClientProtocolClient.java:onNext(264)) - client-E41C008B94D2->cb20f782-9136-4144-a2ef-e44461d35697: receive RaftClientReply:client-E41C008B94D2->cb20f782-9136-4144-a2ef-e44461d35697@group-EF222054BC57, cid=1746, SUCCESS, logIndex=2502, commits[cb20f782-9136-4144-a2ef-e44461d35697:c2504]
2019-09-17 12:48:37,101 [grpc-default-executor-2] INFO  client.GrpcClientProtocolClient (GrpcClientProtocolClient.java:onNext(264)) - client-E41C008B94D2->cb20f782-9136-4144-a2ef-e44461d35697: receive RaftClientReply:client-E41C008B94D2->cb20f782-9136-4144-a2ef-e44461d35697@group-EF222054BC57, cid=1747, SUCCESS, logIndex=2503, commits[cb20f782-9136-4144-a2ef-e44461d35697:c2505]
2019-09-17 12:48:37,101 [grpc-default-executor-2] INFO  client.GrpcClientProtocolClient (GrpcClientProtocolClient.java:onNext(264)) - client-E41C008B94D2->cb20f782-9136-4144-a2ef-e44461d35697: receive RaftClientReply:client-E41C008B94D2->cb20f782-9136-4144-a2ef-e44461d35697@group-EF222054BC57, cid=1748, SUCCESS, logIndex=2504, commits[cb20f782-9136-4144-a2ef-e44461d35697:c2506]
2019-09-17 12:48:37,124 [grpc-default-executor-2] INFO  client.GrpcClientProtocolClient (GrpcClientProtocolClient.java:onNext(264)) - client-E41C008B94D2->cb20f782-9136-4144-a2ef-e44461d35697: receive RaftClientReply:client-E41C008B94D2->cb20f782-9136-4144-a2ef-e44461d35697@group-EF222054BC57, cid=1749, SUCCESS, logIndex=2507, commits[cb20f782-9136-4144-a2ef-e44461d35697:c2510]
2019-09-17 12:48:37,124 [grpc-default-executor-2] INFO  client.GrpcClientProtocolClient (GrpcClientProtocolClient.java:onNext(264)) - client-E41C008B94D2->cb20f782-9136-4144-a2ef-e44461d35697: receive RaftClientReply:client-E41C008B94D2->cb20f782-9136-4144-a2ef-e44461d35697@group-EF222054BC57, cid=1750, SUCCESS, logIndex=2508, commits[cb20f782-9136-4144-a2ef-e44461d35697:c2511]
2019-09-17 12:48:37,124 [grpc-default-executor-2] INFO  client.GrpcClientProtocolClient (GrpcClientProtocolClient.java:onNext(264)) - client-E41C008B94D2->cb20f782-9136-4144-a2ef-e44461d35697: receive RaftClientReply:client-E41C008B94D2->cb20f782-9136-4144-a2ef-e44461d35697@group-EF222054BC57, cid=1751, SUCCESS, logIndex=2509, commits[cb20f782-9136-4144-a2ef-e44461d35697:c2511]
2019-09-17 12:48:37,125 [grpc-default-executor-2] INFO  client.GrpcClientProtocolClient (GrpcClientProtocolClient.java:onNext(264)) - client-E41C008B94D2->cb20f782-9136-4144-a2ef-e44461d35697: receive RaftClientReply:client-E41C008B94D2->cb20f782-9136-4144-a2ef-e44461d35697@group-EF222054BC57, cid=1752, SUCCESS, logIndex=2510, commits[cb20f782-9136-4144-a2ef-e44461d35697:c2511]
2019-09-17 12:48:37,151 [grpc-default-executor-1] INFO  client.GrpcClientProtocolClient (GrpcClientProtocolClient.java:onNext(264)) - client-E41C008B94D2->cb20f782-9136-4144-a2ef-e44461d35697: receive RaftClientReply:client-E41C008B94D2->cb20f782-9136-4144-a2ef-e44461d35697@group-EF222054BC57, cid=1753, SUCCESS, logIndex=2512, commits[cb20f782-9136-4144-a2ef-e44461d35697:c2513]
2019-09-17 12:48:37,152 [grpc-default-executor-1] INFO  client.GrpcClientProtocolClient (GrpcClientProtocolClient.java:onNext(264)) - client-E41C008B94D2->cb20f782-9136-4144-a2ef-e44461d35697: receive RaftClientReply:client-E41C008B94D2->cb20f782-9136-4144-a2ef-e44461d35697@group-EF222054BC57, cid=1754, SUCCESS, logIndex=2513, commits[cb20f782-9136-4144-a2ef-e44461d35697:c2515]
2019-09-17 12:48:37,152 [grpc-default-executor-1] INFO  client.GrpcClientProtocolClient (GrpcClientProtocolClient.java:onNext(264)) - client-E41C008B94D2->cb20f782-9136-4144-a2ef-e44461d35697: receive RaftClientReply:client-E41C008B94D2->cb20f782-9136-4144-a2ef-e44461d35697@group-EF222054BC57, cid=1755, SUCCESS, logIndex=2514, commits[cb20f782-9136-4144-a2ef-e44461d35697:c2515]
2019-09-17 12:48:37,153 [grpc-default-executor-1] INFO  client.GrpcClientProtocolClient (GrpcClientProtocolClient.java:onNext(264)) - client-E41C008B94D2->cb20f782-9136-4144-a2ef-e44461d35697: receive RaftClientReply:client-E41C008B94D2->cb20f782-9136-4144-a2ef-e44461d35697@group-EF222054BC57, cid=1756, SUCCESS, logIndex=2515, commits[cb20f782-9136-4144-a2ef-e44461d35697:c2516]
2019-09-17 12:48:37,177 [grpc-default-executor-2] INFO  client.GrpcClientProtocolClient (GrpcClientProtocolClient.java:onNext(264)) - client-E41C008B94D2->cb20f782-9136-4144-a2ef-e44461d35697: receive RaftClientReply:client-E41C008B94D2->cb20f782-9136-4144-a2ef-e44461d35697@group-EF222054BC57, cid=1757, SUCCESS, logIndex=2518, commits[cb20f782-9136-4144-a2ef-e44461d35697:c2521]
2019-09-17 12:48:37,177 [grpc-default-executor-2] INFO  client.GrpcClientProtocolClient (GrpcClientProtocolClient.java:onNext(264)) - client-E41C008B94D2->cb20f782-9136-4144-a2ef-e44461d35697: receive RaftClientReply:client-E41C008B94D2->cb20f782-9136-4144-a2ef-e44461d35697@group-EF222054BC57, cid=1758, SUCCESS, logIndex=2519, commits[cb20f782-9136-4144-a2ef-e44461d35697:c2521]
2019-09-17 12:48:37,177 [grpc-default-executor-2] INFO  client.GrpcClientProtocolClient (GrpcClientProtocolClient.java:onNext(264)) - client-E41C008B94D2->cb20f782-9136-4144-a2ef-e44461d35697: receive RaftClientReply:client-E41C008B94D2->cb20f782-9136-4144-a2ef-e44461d35697@group-EF222054BC57, cid=1759, SUCCESS, logIndex=2520, commits[cb20f782-9136-4144-a2ef-e44461d35697:c2521]
2019-09-17 12:48:37,178 [grpc-default-executor-2] INFO  client.GrpcClientProtocolClient (GrpcClientProtocolClient.java:onNext(264)) - client-E41C008B94D2->cb20f782-9136-4144-a2ef-e44461d35697: receive RaftClientReply:client-E41C008B94D2->cb20f782-9136-4144-a2ef-e44461d35697@group-EF222054BC57, cid=1760, SUCCESS, logIndex=2521, commits[cb20f782-9136-4144-a2ef-e44461d35697:c2521]
2019-09-17 12:48:37,189 [SCMBlockDeletingService#0] DEBUG block.SCMBlockDeletingService (SCMBlockDeletingService.java:call(138)) - Running DeletedBlockTransactionScanner
2019-09-17 12:48:37,189 [SCMBlockDeletingService#0] DEBUG block.SCMBlockDeletingService (SCMBlockDeletingService.java:call(155)) - Scanned deleted blocks log and got 0 delTX to process.
2019-09-17 12:48:37,217 [grpc-default-executor-1] INFO  client.GrpcClientProtocolClient (GrpcClientProtocolClient.java:onNext(264)) - client-E41C008B94D2->cb20f782-9136-4144-a2ef-e44461d35697: receive RaftClientReply:client-E41C008B94D2->cb20f782-9136-4144-a2ef-e44461d35697@group-EF222054BC57, cid=1761, SUCCESS, logIndex=2523, commits[cb20f782-9136-4144-a2ef-e44461d35697:c2526]
2019-09-17 12:48:37,218 [grpc-default-executor-1] INFO  client.GrpcClientProtocolClient (GrpcClientProtocolClient.java:onNext(264)) - client-E41C008B94D2->cb20f782-9136-4144-a2ef-e44461d35697: receive RaftClientReply:client-E41C008B94D2->cb20f782-9136-4144-a2ef-e44461d35697@group-EF222054BC57, cid=1762, SUCCESS, logIndex=2524, commits[cb20f782-9136-4144-a2ef-e44461d35697:c2527]
2019-09-17 12:48:37,218 [grpc-default-executor-1] INFO  client.GrpcClientProtocolClient (GrpcClientProtocolClient.java:onNext(264)) - client-E41C008B94D2->cb20f782-9136-4144-a2ef-e44461d35697: receive RaftClientReply:client-E41C008B94D2->cb20f782-9136-4144-a2ef-e44461d35697@group-EF222054BC57, cid=1763, SUCCESS, logIndex=2525, commits[cb20f782-9136-4144-a2ef-e44461d35697:c2527]
2019-09-17 12:48:37,218 [grpc-default-executor-1] INFO  client.GrpcClientProtocolClient (GrpcClientProtocolClient.java:onNext(264)) - client-E41C008B94D2->cb20f782-9136-4144-a2ef-e44461d35697: receive RaftClientReply:client-E41C008B94D2->cb20f782-9136-4144-a2ef-e44461d35697@group-EF222054BC57, cid=1764, SUCCESS, logIndex=2526, commits[cb20f782-9136-4144-a2ef-e44461d35697:c2527]
2019-09-17 12:48:37,236 [grpc-default-executor-2] INFO  client.GrpcClientProtocolClient (GrpcClientProtocolClient.java:onNext(264)) - client-E41C008B94D2->cb20f782-9136-4144-a2ef-e44461d35697: receive RaftClientReply:client-E41C008B94D2->cb20f782-9136-4144-a2ef-e44461d35697@group-EF222054BC57, cid=1765, SUCCESS, logIndex=2528, commits[cb20f782-9136-4144-a2ef-e44461d35697:c2529]
2019-09-17 12:48:37,236 [grpc-default-executor-2] INFO  client.GrpcClientProtocolClient (GrpcClientProtocolClient.java:onNext(264)) - client-E41C008B94D2->cb20f782-9136-4144-a2ef-e44461d35697: receive RaftClientReply:client-E41C008B94D2->cb20f782-9136-4144-a2ef-e44461d35697@group-EF222054BC57, cid=1766, SUCCESS, logIndex=2529, commits[cb20f782-9136-4144-a2ef-e44461d35697:c2531]
2019-09-17 12:48:37,237 [grpc-default-executor-2] INFO  client.GrpcClientProtocolClient (GrpcClientProtocolClient.java:onNext(264)) - client-E41C008B94D2->cb20f782-9136-4144-a2ef-e44461d35697: receive RaftClientReply:client-E41C008B94D2->cb20f782-9136-4144-a2ef-e44461d35697@group-EF222054BC57, cid=1767, SUCCESS, logIndex=2530, commits[cb20f782-9136-4144-a2ef-e44461d35697:c2531]
2019-09-17 12:48:37,237 [grpc-default-executor-2] INFO  client.GrpcClientProtocolClient (GrpcClientProtocolClient.java:onNext(264)) - client-E41C008B94D2->cb20f782-9136-4144-a2ef-e44461d35697: receive RaftClientReply:client-E41C008B94D2->cb20f782-9136-4144-a2ef-e44461d35697@group-EF222054BC57, cid=1768, SUCCESS, logIndex=2531, commits[cb20f782-9136-4144-a2ef-e44461d35697:c2531]
2019-09-17 12:48:37,289 [SCMBlockDeletingService#0] DEBUG block.SCMBlockDeletingService (SCMBlockDeletingService.java:call(138)) - Running DeletedBlockTransactionScanner
2019-09-17 12:48:37,290 [SCMBlockDeletingService#0] DEBUG block.SCMBlockDeletingService (SCMBlockDeletingService.java:call(155)) - Scanned deleted blocks log and got 0 delTX to process.
2019-09-17 12:48:37,361 [grpc-default-executor-2] INFO  client.GrpcClientProtocolClient (GrpcClientProtocolClient.java:onNext(264)) - client-E41C008B94D2->cb20f782-9136-4144-a2ef-e44461d35697: receive RaftClientReply:client-E41C008B94D2->cb20f782-9136-4144-a2ef-e44461d35697@group-EF222054BC57, cid=1769, SUCCESS, logIndex=2534, commits[cb20f782-9136-4144-a2ef-e44461d35697:c2537]
2019-09-17 12:48:37,362 [grpc-default-executor-2] INFO  client.GrpcClientProtocolClient (GrpcClientProtocolClient.java:onNext(264)) - client-E41C008B94D2->cb20f782-9136-4144-a2ef-e44461d35697: receive RaftClientReply:client-E41C008B94D2->cb20f782-9136-4144-a2ef-e44461d35697@group-EF222054BC57, cid=1770, SUCCESS, logIndex=2535, commits[cb20f782-9136-4144-a2ef-e44461d35697:c2537]
2019-09-17 12:48:37,362 [grpc-default-executor-2] INFO  client.GrpcClientProtocolClient (GrpcClientProtocolClient.java:onNext(264)) - client-E41C008B94D2->cb20f782-9136-4144-a2ef-e44461d35697: receive RaftClientReply:client-E41C008B94D2->cb20f782-9136-4144-a2ef-e44461d35697@group-EF222054BC57, cid=1771, SUCCESS, logIndex=2536, commits[cb20f782-9136-4144-a2ef-e44461d35697:c2537]
2019-09-17 12:48:37,363 [grpc-default-executor-2] INFO  client.GrpcClientProtocolClient (GrpcClientProtocolClient.java:onNext(264)) - client-E41C008B94D2->cb20f782-9136-4144-a2ef-e44461d35697: receive RaftClientReply:client-E41C008B94D2->cb20f782-9136-4144-a2ef-e44461d35697@group-EF222054BC57, cid=1772, SUCCESS, logIndex=2537, commits[cb20f782-9136-4144-a2ef-e44461d35697:c2537]
2019-09-17 12:48:37,384 [grpc-default-executor-2] INFO  client.GrpcClientProtocolClient (GrpcClientProtocolClient.java:onNext(264)) - client-E41C008B94D2->cb20f782-9136-4144-a2ef-e44461d35697: receive RaftClientReply:client-E41C008B94D2->cb20f782-9136-4144-a2ef-e44461d35697@group-EF222054BC57, cid=1773, SUCCESS, logIndex=2539, commits[cb20f782-9136-4144-a2ef-e44461d35697:c2540]
2019-09-17 12:48:37,385 [grpc-default-executor-2] INFO  client.GrpcClientProtocolClient (GrpcClientProtocolClient.java:onNext(264)) - client-E41C008B94D2->cb20f782-9136-4144-a2ef-e44461d35697: receive RaftClientReply:client-E41C008B94D2->cb20f782-9136-4144-a2ef-e44461d35697@group-EF222054BC57, cid=1774, SUCCESS, logIndex=2540, commits[cb20f782-9136-4144-a2ef-e44461d35697:c2542]
2019-09-17 12:48:37,385 [grpc-default-executor-2] INFO  client.GrpcClientProtocolClient (GrpcClientProtocolClient.java:onNext(264)) - client-E41C008B94D2->cb20f782-9136-4144-a2ef-e44461d35697: receive RaftClientReply:client-E41C008B94D2->cb20f782-9136-4144-a2ef-e44461d35697@group-EF222054BC57, cid=1775, SUCCESS, logIndex=2541, commits[cb20f782-9136-4144-a2ef-e44461d35697:c2543]
2019-09-17 12:48:37,385 [grpc-default-executor-2] INFO  client.GrpcClientProtocolClient (GrpcClientProtocolClient.java:onNext(264)) - client-E41C008B94D2->cb20f782-9136-4144-a2ef-e44461d35697: receive RaftClientReply:client-E41C008B94D2->cb20f782-9136-4144-a2ef-e44461d35697@group-EF222054BC57, cid=1776, SUCCESS, logIndex=2542, commits[cb20f782-9136-4144-a2ef-e44461d35697:c2544]
2019-09-17 12:48:37,390 [SCMBlockDeletingService#0] DEBUG block.SCMBlockDeletingService (SCMBlockDeletingService.java:call(138)) - Running DeletedBlockTransactionScanner
2019-09-17 12:48:37,390 [SCMBlockDeletingService#0] DEBUG block.SCMBlockDeletingService (SCMBlockDeletingService.java:call(155)) - Scanned deleted blocks log and got 0 delTX to process.
2019-09-17 12:48:37,413 [grpc-default-executor-2] INFO  client.GrpcClientProtocolClient (GrpcClientProtocolClient.java:onNext(264)) - client-E41C008B94D2->cb20f782-9136-4144-a2ef-e44461d35697: receive RaftClientReply:client-E41C008B94D2->cb20f782-9136-4144-a2ef-e44461d35697@group-EF222054BC57, cid=1777, SUCCESS, logIndex=2545, commits[cb20f782-9136-4144-a2ef-e44461d35697:c2546]
2019-09-17 12:48:37,414 [grpc-default-executor-2] INFO  client.GrpcClientProtocolClient (GrpcClientProtocolClient.java:onNext(264)) - client-E41C008B94D2->cb20f782-9136-4144-a2ef-e44461d35697: receive RaftClientReply:client-E41C008B94D2->cb20f782-9136-4144-a2ef-e44461d35697@group-EF222054BC57, cid=1778, SUCCESS, logIndex=2546, commits[cb20f782-9136-4144-a2ef-e44461d35697:c2548]
2019-09-17 12:48:37,414 [grpc-default-executor-2] INFO  client.GrpcClientProtocolClient (GrpcClientProtocolClient.java:onNext(264)) - client-E41C008B94D2->cb20f782-9136-4144-a2ef-e44461d35697: receive RaftClientReply:client-E41C008B94D2->cb20f782-9136-4144-a2ef-e44461d35697@group-EF222054BC57, cid=1779, SUCCESS, logIndex=2547, commits[cb20f782-9136-4144-a2ef-e44461d35697:c2549]
2019-09-17 12:48:37,414 [grpc-default-executor-2] INFO  client.GrpcClientProtocolClient (GrpcClientProtocolClient.java:onNext(264)) - client-E41C008B94D2->cb20f782-9136-4144-a2ef-e44461d35697: receive RaftClientReply:client-E41C008B94D2->cb20f782-9136-4144-a2ef-e44461d35697@group-EF222054BC57, cid=1780, SUCCESS, logIndex=2548, commits[cb20f782-9136-4144-a2ef-e44461d35697:c2549]
2019-09-17 12:48:37,434 [grpc-default-executor-2] INFO  client.GrpcClientProtocolClient (GrpcClientProtocolClient.java:onNext(264)) - client-E41C008B94D2->cb20f782-9136-4144-a2ef-e44461d35697: receive RaftClientReply:client-E41C008B94D2->cb20f782-9136-4144-a2ef-e44461d35697@group-EF222054BC57, cid=1781, SUCCESS, logIndex=2551, commits[cb20f782-9136-4144-a2ef-e44461d35697:c2552]
2019-09-17 12:48:37,434 [grpc-default-executor-2] INFO  client.GrpcClientProtocolClient (GrpcClientProtocolClient.java:onNext(264)) - client-E41C008B94D2->cb20f782-9136-4144-a2ef-e44461d35697: receive RaftClientReply:client-E41C008B94D2->cb20f782-9136-4144-a2ef-e44461d35697@group-EF222054BC57, cid=1782, SUCCESS, logIndex=2552, commits[cb20f782-9136-4144-a2ef-e44461d35697:c2552]
2019-09-17 12:48:37,434 [grpc-default-executor-2] INFO  client.GrpcClientProtocolClient (GrpcClientProtocolClient.java:onNext(264)) - client-E41C008B94D2->cb20f782-9136-4144-a2ef-e44461d35697: receive RaftClientReply:client-E41C008B94D2->cb20f782-9136-4144-a2ef-e44461d35697@group-EF222054BC57, cid=1783, SUCCESS, logIndex=2553, commits[cb20f782-9136-4144-a2ef-e44461d35697:c2554]
2019-09-17 12:48:37,435 [grpc-default-executor-2] INFO  client.GrpcClientProtocolClient (GrpcClientProtocolClient.java:onNext(264)) - client-E41C008B94D2->cb20f782-9136-4144-a2ef-e44461d35697: receive RaftClientReply:client-E41C008B94D2->cb20f782-9136-4144-a2ef-e44461d35697@group-EF222054BC57, cid=1784, SUCCESS, logIndex=2554, commits[cb20f782-9136-4144-a2ef-e44461d35697:c2555]
2019-09-17 12:48:37,462 [grpc-default-executor-2] INFO  client.GrpcClientProtocolClient (GrpcClientProtocolClient.java:onNext(264)) - client-E41C008B94D2->cb20f782-9136-4144-a2ef-e44461d35697: receive RaftClientReply:client-E41C008B94D2->cb20f782-9136-4144-a2ef-e44461d35697@group-EF222054BC57, cid=1785, SUCCESS, logIndex=2557, commits[cb20f782-9136-4144-a2ef-e44461d35697:c2558]
2019-09-17 12:48:37,462 [grpc-default-executor-2] INFO  client.GrpcClientProtocolClient (GrpcClientProtocolClient.java:onNext(264)) - client-E41C008B94D2->cb20f782-9136-4144-a2ef-e44461d35697: receive RaftClientReply:client-E41C008B94D2->cb20f782-9136-4144-a2ef-e44461d35697@group-EF222054BC57, cid=1786, SUCCESS, logIndex=2558, commits[cb20f782-9136-4144-a2ef-e44461d35697:c2560]
2019-09-17 12:48:37,462 [grpc-default-executor-2] INFO  client.GrpcClientProtocolClient (GrpcClientProtocolClient.java:onNext(264)) - client-E41C008B94D2->cb20f782-9136-4144-a2ef-e44461d35697: receive RaftClientReply:client-E41C008B94D2->cb20f782-9136-4144-a2ef-e44461d35697@group-EF222054BC57, cid=1787, SUCCESS, logIndex=2559, commits[cb20f782-9136-4144-a2ef-e44461d35697:c2560]
2019-09-17 12:48:37,462 [grpc-default-executor-2] INFO  client.GrpcClientProtocolClient (GrpcClientProtocolClient.java:onNext(264)) - client-E41C008B94D2->cb20f782-9136-4144-a2ef-e44461d35697: receive RaftClientReply:client-E41C008B94D2->cb20f782-9136-4144-a2ef-e44461d35697@group-EF222054BC57, cid=1788, SUCCESS, logIndex=2560, commits[cb20f782-9136-4144-a2ef-e44461d35697:c2561]
2019-09-17 12:48:37,481 [grpc-default-executor-2] INFO  client.GrpcClientProtocolClient (GrpcClientProtocolClient.java:onNext(264)) - client-E41C008B94D2->cb20f782-9136-4144-a2ef-e44461d35697: receive RaftClientReply:client-E41C008B94D2->cb20f782-9136-4144-a2ef-e44461d35697@group-EF222054BC57, cid=1789, SUCCESS, logIndex=2563, commits[cb20f782-9136-4144-a2ef-e44461d35697:c2564]
2019-09-17 12:48:37,482 [grpc-default-executor-2] INFO  client.GrpcClientProtocolClient (GrpcClientProtocolClient.java:onNext(264)) - client-E41C008B94D2->cb20f782-9136-4144-a2ef-e44461d35697: receive RaftClientReply:client-E41C008B94D2->cb20f782-9136-4144-a2ef-e44461d35697@group-EF222054BC57, cid=1790, SUCCESS, logIndex=2564, commits[cb20f782-9136-4144-a2ef-e44461d35697:c2566]
2019-09-17 12:48:37,482 [grpc-default-executor-2] INFO  client.GrpcClientProtocolClient (GrpcClientProtocolClient.java:onNext(264)) - client-E41C008B94D2->cb20f782-9136-4144-a2ef-e44461d35697: receive RaftClientReply:client-E41C008B94D2->cb20f782-9136-4144-a2ef-e44461d35697@group-EF222054BC57, cid=1791, SUCCESS, logIndex=2565, commits[cb20f782-9136-4144-a2ef-e44461d35697:c2566]
2019-09-17 12:48:37,483 [grpc-default-executor-2] INFO  client.GrpcClientProtocolClient (GrpcClientProtocolClient.java:onNext(264)) - client-E41C008B94D2->cb20f782-9136-4144-a2ef-e44461d35697: receive RaftClientReply:client-E41C008B94D2->cb20f782-9136-4144-a2ef-e44461d35697@group-EF222054BC57, cid=1792, SUCCESS, logIndex=2566, commits[cb20f782-9136-4144-a2ef-e44461d35697:c2567]
2019-09-17 12:48:37,490 [SCMBlockDeletingService#0] DEBUG block.SCMBlockDeletingService (SCMBlockDeletingService.java:call(138)) - Running DeletedBlockTransactionScanner
2019-09-17 12:48:37,491 [SCMBlockDeletingService#0] DEBUG block.SCMBlockDeletingService (SCMBlockDeletingService.java:call(155)) - Scanned deleted blocks log and got 0 delTX to process.
2019-09-17 12:48:37,517 [grpc-default-executor-2] INFO  client.GrpcClientProtocolClient (GrpcClientProtocolClient.java:onNext(264)) - client-E41C008B94D2->cb20f782-9136-4144-a2ef-e44461d35697: receive RaftClientReply:client-E41C008B94D2->cb20f782-9136-4144-a2ef-e44461d35697@group-EF222054BC57, cid=1793, SUCCESS, logIndex=2569, commits[cb20f782-9136-4144-a2ef-e44461d35697:c2572]
2019-09-17 12:48:37,518 [grpc-default-executor-2] INFO  client.GrpcClientProtocolClient (GrpcClientProtocolClient.java:onNext(264)) - client-E41C008B94D2->cb20f782-9136-4144-a2ef-e44461d35697: receive RaftClientReply:client-E41C008B94D2->cb20f782-9136-4144-a2ef-e44461d35697@group-EF222054BC57, cid=1794, SUCCESS, logIndex=2570, commits[cb20f782-9136-4144-a2ef-e44461d35697:c2572]
2019-09-17 12:48:37,518 [grpc-default-executor-2] INFO  client.GrpcClientProtocolClient (GrpcClientProtocolClient.java:onNext(264)) - client-E41C008B94D2->cb20f782-9136-4144-a2ef-e44461d35697: receive RaftClientReply:client-E41C008B94D2->cb20f782-9136-4144-a2ef-e44461d35697@group-EF222054BC57, cid=1795, SUCCESS, logIndex=2571, commits[cb20f782-9136-4144-a2ef-e44461d35697:c2572]
2019-09-17 12:48:37,518 [grpc-default-executor-2] INFO  client.GrpcClientProtocolClient (GrpcClientProtocolClient.java:onNext(264)) - client-E41C008B94D2->cb20f782-9136-4144-a2ef-e44461d35697: receive RaftClientReply:client-E41C008B94D2->cb20f782-9136-4144-a2ef-e44461d35697@group-EF222054BC57, cid=1796, SUCCESS, logIndex=2572, commits[cb20f782-9136-4144-a2ef-e44461d35697:c2572]
2019-09-17 12:48:37,540 [grpc-default-executor-2] INFO  client.GrpcClientProtocolClient (GrpcClientProtocolClient.java:onNext(264)) - client-E41C008B94D2->cb20f782-9136-4144-a2ef-e44461d35697: receive RaftClientReply:client-E41C008B94D2->cb20f782-9136-4144-a2ef-e44461d35697@group-EF222054BC57, cid=1797, SUCCESS, logIndex=2574, commits[cb20f782-9136-4144-a2ef-e44461d35697:c2577]
2019-09-17 12:48:37,540 [grpc-default-executor-2] INFO  client.GrpcClientProtocolClient (GrpcClientProtocolClient.java:onNext(264)) - client-E41C008B94D2->cb20f782-9136-4144-a2ef-e44461d35697: receive RaftClientReply:client-E41C008B94D2->cb20f782-9136-4144-a2ef-e44461d35697@group-EF222054BC57, cid=1798, SUCCESS, logIndex=2575, commits[cb20f782-9136-4144-a2ef-e44461d35697:c2577]
2019-09-17 12:48:37,541 [grpc-default-executor-2] INFO  client.GrpcClientProtocolClient (GrpcClientProtocolClient.java:onNext(264)) - client-E41C008B94D2->cb20f782-9136-4144-a2ef-e44461d35697: receive RaftClientReply:client-E41C008B94D2->cb20f782-9136-4144-a2ef-e44461d35697@group-EF222054BC57, cid=1799, SUCCESS, logIndex=2576, commits[cb20f782-9136-4144-a2ef-e44461d35697:c2578]
2019-09-17 12:48:37,541 [grpc-default-executor-2] INFO  client.GrpcClientProtocolClient (GrpcClientProtocolClient.java:onNext(264)) - client-E41C008B94D2->cb20f782-9136-4144-a2ef-e44461d35697: receive RaftClientReply:client-E41C008B94D2->cb20f782-9136-4144-a2ef-e44461d35697@group-EF222054BC57, cid=1800, SUCCESS, logIndex=2577, commits[cb20f782-9136-4144-a2ef-e44461d35697:c2578]
2019-09-17 12:48:37,568 [grpc-default-executor-2] INFO  client.GrpcClientProtocolClient (GrpcClientProtocolClient.java:onNext(264)) - client-E41C008B94D2->cb20f782-9136-4144-a2ef-e44461d35697: receive RaftClientReply:client-E41C008B94D2->cb20f782-9136-4144-a2ef-e44461d35697@group-EF222054BC57, cid=1801, SUCCESS, logIndex=2579, commits[cb20f782-9136-4144-a2ef-e44461d35697:c2580]
2019-09-17 12:48:37,568 [grpc-default-executor-2] INFO  client.GrpcClientProtocolClient (GrpcClientProtocolClient.java:onNext(264)) - client-E41C008B94D2->cb20f782-9136-4144-a2ef-e44461d35697: receive RaftClientReply:client-E41C008B94D2->cb20f782-9136-4144-a2ef-e44461d35697@group-EF222054BC57, cid=1802, SUCCESS, logIndex=2580, commits[cb20f782-9136-4144-a2ef-e44461d35697:c2580]
2019-09-17 12:48:37,568 [grpc-default-executor-2] INFO  client.GrpcClientProtocolClient (GrpcClientProtocolClient.java:onNext(264)) - client-E41C008B94D2->cb20f782-9136-4144-a2ef-e44461d35697: receive RaftClientReply:client-E41C008B94D2->cb20f782-9136-4144-a2ef-e44461d35697@group-EF222054BC57, cid=1803, SUCCESS, logIndex=2581, commits[cb20f782-9136-4144-a2ef-e44461d35697:c2582]
2019-09-17 12:48:37,569 [grpc-default-executor-2] INFO  client.GrpcClientProtocolClient (GrpcClientProtocolClient.java:onNext(264)) - client-E41C008B94D2->cb20f782-9136-4144-a2ef-e44461d35697: receive RaftClientReply:client-E41C008B94D2->cb20f782-9136-4144-a2ef-e44461d35697@group-EF222054BC57, cid=1804, SUCCESS, logIndex=2582, commits[cb20f782-9136-4144-a2ef-e44461d35697:c2582]
2019-09-17 12:48:37,587 [grpc-default-executor-2] INFO  client.GrpcClientProtocolClient (GrpcClientProtocolClient.java:onNext(264)) - client-E41C008B94D2->cb20f782-9136-4144-a2ef-e44461d35697: receive RaftClientReply:client-E41C008B94D2->cb20f782-9136-4144-a2ef-e44461d35697@group-EF222054BC57, cid=1805, SUCCESS, logIndex=2585, commits[cb20f782-9136-4144-a2ef-e44461d35697:c2586]
2019-09-17 12:48:37,588 [grpc-default-executor-2] INFO  client.GrpcClientProtocolClient (GrpcClientProtocolClient.java:onNext(264)) - client-E41C008B94D2->cb20f782-9136-4144-a2ef-e44461d35697: receive RaftClientReply:client-E41C008B94D2->cb20f782-9136-4144-a2ef-e44461d35697@group-EF222054BC57, cid=1806, SUCCESS, logIndex=2586, commits[cb20f782-9136-4144-a2ef-e44461d35697:c2586]
2019-09-17 12:48:37,588 [grpc-default-executor-2] INFO  client.GrpcClientProtocolClient (GrpcClientProtocolClient.java:onNext(264)) - client-E41C008B94D2->cb20f782-9136-4144-a2ef-e44461d35697: receive RaftClientReply:client-E41C008B94D2->cb20f782-9136-4144-a2ef-e44461d35697@group-EF222054BC57, cid=1807, SUCCESS, logIndex=2587, commits[cb20f782-9136-4144-a2ef-e44461d35697:c2588]
2019-09-17 12:48:37,588 [grpc-default-executor-2] INFO  client.GrpcClientProtocolClient (GrpcClientProtocolClient.java:onNext(264)) - client-E41C008B94D2->cb20f782-9136-4144-a2ef-e44461d35697: receive RaftClientReply:client-E41C008B94D2->cb20f782-9136-4144-a2ef-e44461d35697@group-EF222054BC57, cid=1808, SUCCESS, logIndex=2588, commits[cb20f782-9136-4144-a2ef-e44461d35697:c2589]
2019-09-17 12:48:37,591 [SCMBlockDeletingService#0] DEBUG block.SCMBlockDeletingService (SCMBlockDeletingService.java:call(138)) - Running DeletedBlockTransactionScanner
2019-09-17 12:48:37,591 [SCMBlockDeletingService#0] DEBUG block.SCMBlockDeletingService (SCMBlockDeletingService.java:call(155)) - Scanned deleted blocks log and got 0 delTX to process.
2019-09-17 12:48:37,614 [grpc-default-executor-2] INFO  client.GrpcClientProtocolClient (GrpcClientProtocolClient.java:onNext(264)) - client-E41C008B94D2->cb20f782-9136-4144-a2ef-e44461d35697: receive RaftClientReply:client-E41C008B94D2->cb20f782-9136-4144-a2ef-e44461d35697@group-EF222054BC57, cid=1809, SUCCESS, logIndex=2591, commits[cb20f782-9136-4144-a2ef-e44461d35697:c2594]
2019-09-17 12:48:37,615 [grpc-default-executor-2] INFO  client.GrpcClientProtocolClient (GrpcClientProtocolClient.java:onNext(264)) - client-E41C008B94D2->cb20f782-9136-4144-a2ef-e44461d35697: receive RaftClientReply:client-E41C008B94D2->cb20f782-9136-4144-a2ef-e44461d35697@group-EF222054BC57, cid=1810, SUCCESS, logIndex=2592, commits[cb20f782-9136-4144-a2ef-e44461d35697:c2595]
2019-09-17 12:48:37,615 [grpc-default-executor-2] INFO  client.GrpcClientProtocolClient (GrpcClientProtocolClient.java:onNext(264)) - client-E41C008B94D2->cb20f782-9136-4144-a2ef-e44461d35697: receive RaftClientReply:client-E41C008B94D2->cb20f782-9136-4144-a2ef-e44461d35697@group-EF222054BC57, cid=1811, SUCCESS, logIndex=2593, commits[cb20f782-9136-4144-a2ef-e44461d35697:c2595]
2019-09-17 12:48:37,615 [grpc-default-executor-2] INFO  client.GrpcClientProtocolClient (GrpcClientProtocolClient.java:onNext(264)) - client-E41C008B94D2->cb20f782-9136-4144-a2ef-e44461d35697: receive RaftClientReply:client-E41C008B94D2->cb20f782-9136-4144-a2ef-e44461d35697@group-EF222054BC57, cid=1812, SUCCESS, logIndex=2594, commits[cb20f782-9136-4144-a2ef-e44461d35697:c2595]
2019-09-17 12:48:37,692 [SCMBlockDeletingService#0] DEBUG block.SCMBlockDeletingService (SCMBlockDeletingService.java:call(138)) - Running DeletedBlockTransactionScanner
2019-09-17 12:48:37,692 [SCMBlockDeletingService#0] DEBUG block.SCMBlockDeletingService (SCMBlockDeletingService.java:call(155)) - Scanned deleted blocks log and got 0 delTX to process.
2019-09-17 12:48:37,721 [grpc-default-executor-2] INFO  client.GrpcClientProtocolClient (GrpcClientProtocolClient.java:onNext(264)) - client-E41C008B94D2->cb20f782-9136-4144-a2ef-e44461d35697: receive RaftClientReply:client-E41C008B94D2->cb20f782-9136-4144-a2ef-e44461d35697@group-EF222054BC57, cid=1813, SUCCESS, logIndex=2596, commits[cb20f782-9136-4144-a2ef-e44461d35697:c2599]
2019-09-17 12:48:37,722 [grpc-default-executor-2] INFO  client.GrpcClientProtocolClient (GrpcClientProtocolClient.java:onNext(264)) - client-E41C008B94D2->cb20f782-9136-4144-a2ef-e44461d35697: receive RaftClientReply:client-E41C008B94D2->cb20f782-9136-4144-a2ef-e44461d35697@group-EF222054BC57, cid=1814, SUCCESS, logIndex=2597, commits[cb20f782-9136-4144-a2ef-e44461d35697:c2600]
2019-09-17 12:48:37,722 [grpc-default-executor-2] INFO  client.GrpcClientProtocolClient (GrpcClientProtocolClient.java:onNext(264)) - client-E41C008B94D2->cb20f782-9136-4144-a2ef-e44461d35697: receive RaftClientReply:client-E41C008B94D2->cb20f782-9136-4144-a2ef-e44461d35697@group-EF222054BC57, cid=1815, SUCCESS, logIndex=2598, commits[cb20f782-9136-4144-a2ef-e44461d35697:c2600]
2019-09-17 12:48:37,723 [grpc-default-executor-2] INFO  client.GrpcClientProtocolClient (GrpcClientProtocolClient.java:onNext(264)) - client-E41C008B94D2->cb20f782-9136-4144-a2ef-e44461d35697: receive RaftClientReply:client-E41C008B94D2->cb20f782-9136-4144-a2ef-e44461d35697@group-EF222054BC57, cid=1816, SUCCESS, logIndex=2599, commits[cb20f782-9136-4144-a2ef-e44461d35697:c2600]
2019-09-17 12:48:37,750 [grpc-default-executor-2] INFO  client.GrpcClientProtocolClient (GrpcClientProtocolClient.java:onNext(264)) - client-E41C008B94D2->cb20f782-9136-4144-a2ef-e44461d35697: receive RaftClientReply:client-E41C008B94D2->cb20f782-9136-4144-a2ef-e44461d35697@group-EF222054BC57, cid=1817, SUCCESS, logIndex=2601, commits[cb20f782-9136-4144-a2ef-e44461d35697:c2604]
2019-09-17 12:48:37,751 [grpc-default-executor-2] INFO  client.GrpcClientProtocolClient (GrpcClientProtocolClient.java:onNext(264)) - client-E41C008B94D2->cb20f782-9136-4144-a2ef-e44461d35697: receive RaftClientReply:client-E41C008B94D2->cb20f782-9136-4144-a2ef-e44461d35697@group-EF222054BC57, cid=1818, SUCCESS, logIndex=2602, commits[cb20f782-9136-4144-a2ef-e44461d35697:c2604]
2019-09-17 12:48:37,751 [grpc-default-executor-2] INFO  client.GrpcClientProtocolClient (GrpcClientProtocolClient.java:onNext(264)) - client-E41C008B94D2->cb20f782-9136-4144-a2ef-e44461d35697: receive RaftClientReply:client-E41C008B94D2->cb20f782-9136-4144-a2ef-e44461d35697@group-EF222054BC57, cid=1819, SUCCESS, logIndex=2603, commits[cb20f782-9136-4144-a2ef-e44461d35697:c2604]
2019-09-17 12:48:37,751 [grpc-default-executor-2] INFO  client.GrpcClientProtocolClient (GrpcClientProtocolClient.java:onNext(264)) - client-E41C008B94D2->cb20f782-9136-4144-a2ef-e44461d35697: receive RaftClientReply:client-E41C008B94D2->cb20f782-9136-4144-a2ef-e44461d35697@group-EF222054BC57, cid=1820, SUCCESS, logIndex=2604, commits[cb20f782-9136-4144-a2ef-e44461d35697:c2605]
2019-09-17 12:48:37,772 [grpc-default-executor-2] INFO  client.GrpcClientProtocolClient (GrpcClientProtocolClient.java:onNext(264)) - client-E41C008B94D2->cb20f782-9136-4144-a2ef-e44461d35697: receive RaftClientReply:client-E41C008B94D2->cb20f782-9136-4144-a2ef-e44461d35697@group-EF222054BC57, cid=1821, SUCCESS, logIndex=2606, commits[cb20f782-9136-4144-a2ef-e44461d35697:c2609]
2019-09-17 12:48:37,772 [grpc-default-executor-2] INFO  client.GrpcClientProtocolClient (GrpcClientProtocolClient.java:onNext(264)) - client-E41C008B94D2->cb20f782-9136-4144-a2ef-e44461d35697: receive RaftClientReply:client-E41C008B94D2->cb20f782-9136-4144-a2ef-e44461d35697@group-EF222054BC57, cid=1822, SUCCESS, logIndex=2607, commits[cb20f782-9136-4144-a2ef-e44461d35697:c2609]
2019-09-17 12:48:37,772 [grpc-default-executor-2] INFO  client.GrpcClientProtocolClient (GrpcClientProtocolClient.java:onNext(264)) - client-E41C008B94D2->cb20f782-9136-4144-a2ef-e44461d35697: receive RaftClientReply:client-E41C008B94D2->cb20f782-9136-4144-a2ef-e44461d35697@group-EF222054BC57, cid=1823, SUCCESS, logIndex=2608, commits[cb20f782-9136-4144-a2ef-e44461d35697:c2610]
2019-09-17 12:48:37,772 [grpc-default-executor-2] INFO  client.GrpcClientProtocolClient (GrpcClientProtocolClient.java:onNext(264)) - client-E41C008B94D2->cb20f782-9136-4144-a2ef-e44461d35697: receive RaftClientReply:client-E41C008B94D2->cb20f782-9136-4144-a2ef-e44461d35697@group-EF222054BC57, cid=1824, SUCCESS, logIndex=2609, commits[cb20f782-9136-4144-a2ef-e44461d35697:c2610]
2019-09-17 12:48:37,855 [SCMBlockDeletingService#0] DEBUG block.SCMBlockDeletingService (SCMBlockDeletingService.java:call(138)) - Running DeletedBlockTransactionScanner
2019-09-17 12:48:37,855 [SCMBlockDeletingService#0] DEBUG block.SCMBlockDeletingService (SCMBlockDeletingService.java:call(155)) - Scanned deleted blocks log and got 0 delTX to process.
2019-09-17 12:48:37,882 [grpc-default-executor-2] INFO  client.GrpcClientProtocolClient (GrpcClientProtocolClient.java:onNext(264)) - client-E41C008B94D2->cb20f782-9136-4144-a2ef-e44461d35697: receive RaftClientReply:client-E41C008B94D2->cb20f782-9136-4144-a2ef-e44461d35697@group-EF222054BC57, cid=1825, SUCCESS, logIndex=2611, commits[cb20f782-9136-4144-a2ef-e44461d35697:c2614]
2019-09-17 12:48:37,883 [grpc-default-executor-2] INFO  client.GrpcClientProtocolClient (GrpcClientProtocolClient.java:onNext(264)) - client-E41C008B94D2->cb20f782-9136-4144-a2ef-e44461d35697: receive RaftClientReply:client-E41C008B94D2->cb20f782-9136-4144-a2ef-e44461d35697@group-EF222054BC57, cid=1826, SUCCESS, logIndex=2612, commits[cb20f782-9136-4144-a2ef-e44461d35697:c2615]
2019-09-17 12:48:37,883 [grpc-default-executor-2] INFO  client.GrpcClientProtocolClient (GrpcClientProtocolClient.java:onNext(264)) - client-E41C008B94D2->cb20f782-9136-4144-a2ef-e44461d35697: receive RaftClientReply:client-E41C008B94D2->cb20f782-9136-4144-a2ef-e44461d35697@group-EF222054BC57, cid=1827, SUCCESS, logIndex=2613, commits[cb20f782-9136-4144-a2ef-e44461d35697:c2615]
2019-09-17 12:48:37,883 [grpc-default-executor-2] INFO  client.GrpcClientProtocolClient (GrpcClientProtocolClient.java:onNext(264)) - client-E41C008B94D2->cb20f782-9136-4144-a2ef-e44461d35697: receive RaftClientReply:client-E41C008B94D2->cb20f782-9136-4144-a2ef-e44461d35697@group-EF222054BC57, cid=1828, SUCCESS, logIndex=2614, commits[cb20f782-9136-4144-a2ef-e44461d35697:c2615]
2019-09-17 12:48:37,915 [grpc-default-executor-2] INFO  client.GrpcClientProtocolClient (GrpcClientProtocolClient.java:onNext(264)) - client-E41C008B94D2->cb20f782-9136-4144-a2ef-e44461d35697: receive RaftClientReply:client-E41C008B94D2->cb20f782-9136-4144-a2ef-e44461d35697@group-EF222054BC57, cid=1829, SUCCESS, logIndex=2617, commits[cb20f782-9136-4144-a2ef-e44461d35697:c2618]
2019-09-17 12:48:37,916 [grpc-default-executor-2] INFO  client.GrpcClientProtocolClient (GrpcClientProtocolClient.java:onNext(264)) - client-E41C008B94D2->cb20f782-9136-4144-a2ef-e44461d35697: receive RaftClientReply:client-E41C008B94D2->cb20f782-9136-4144-a2ef-e44461d35697@group-EF222054BC57, cid=1830, SUCCESS, logIndex=2618, commits[cb20f782-9136-4144-a2ef-e44461d35697:c2618]
2019-09-17 12:48:37,926 [grpc-default-executor-2] INFO  client.GrpcClientProtocolClient (GrpcClientProtocolClient.java:onNext(264)) - client-E41C008B94D2->cb20f782-9136-4144-a2ef-e44461d35697: receive RaftClientReply:client-E41C008B94D2->cb20f782-9136-4144-a2ef-e44461d35697@group-EF222054BC57, cid=1831, SUCCESS, logIndex=2619, commits[cb20f782-9136-4144-a2ef-e44461d35697:c2620]
2019-09-17 12:48:37,926 [grpc-default-executor-2] INFO  client.GrpcClientProtocolClient (GrpcClientProtocolClient.java:onNext(264)) - client-E41C008B94D2->cb20f782-9136-4144-a2ef-e44461d35697: receive RaftClientReply:client-E41C008B94D2->cb20f782-9136-4144-a2ef-e44461d35697@group-EF222054BC57, cid=1832, SUCCESS, logIndex=2620, commits[cb20f782-9136-4144-a2ef-e44461d35697:c2621]
2019-09-17 12:48:37,954 [grpc-default-executor-1] INFO  client.GrpcClientProtocolClient (GrpcClientProtocolClient.java:onNext(264)) - client-E41C008B94D2->cb20f782-9136-4144-a2ef-e44461d35697: receive RaftClientReply:client-E41C008B94D2->cb20f782-9136-4144-a2ef-e44461d35697@group-EF222054BC57, cid=1833, SUCCESS, logIndex=2623, commits[cb20f782-9136-4144-a2ef-e44461d35697:c2624]
2019-09-17 12:48:37,954 [grpc-default-executor-1] INFO  client.GrpcClientProtocolClient (GrpcClientProtocolClient.java:onNext(264)) - client-E41C008B94D2->cb20f782-9136-4144-a2ef-e44461d35697: receive RaftClientReply:client-E41C008B94D2->cb20f782-9136-4144-a2ef-e44461d35697@group-EF222054BC57, cid=1834, SUCCESS, logIndex=2624, commits[cb20f782-9136-4144-a2ef-e44461d35697:c2626]
2019-09-17 12:48:37,955 [grpc-default-executor-1] INFO  client.GrpcClientProtocolClient (GrpcClientProtocolClient.java:onNext(264)) - client-E41C008B94D2->cb20f782-9136-4144-a2ef-e44461d35697: receive RaftClientReply:client-E41C008B94D2->cb20f782-9136-4144-a2ef-e44461d35697@group-EF222054BC57, cid=1835, SUCCESS, logIndex=2625, commits[cb20f782-9136-4144-a2ef-e44461d35697:c2627]
2019-09-17 12:48:37,955 [grpc-default-executor-1] INFO  client.GrpcClientProtocolClient (GrpcClientProtocolClient.java:onNext(264)) - client-E41C008B94D2->cb20f782-9136-4144-a2ef-e44461d35697: receive RaftClientReply:client-E41C008B94D2->cb20f782-9136-4144-a2ef-e44461d35697@group-EF222054BC57, cid=1836, SUCCESS, logIndex=2626, commits[cb20f782-9136-4144-a2ef-e44461d35697:c2627]
2019-09-17 12:48:37,955 [SCMBlockDeletingService#0] DEBUG block.SCMBlockDeletingService (SCMBlockDeletingService.java:call(138)) - Running DeletedBlockTransactionScanner
2019-09-17 12:48:37,956 [SCMBlockDeletingService#0] DEBUG block.SCMBlockDeletingService (SCMBlockDeletingService.java:call(155)) - Scanned deleted blocks log and got 0 delTX to process.
2019-09-17 12:48:37,975 [grpc-default-executor-1] INFO  client.GrpcClientProtocolClient (GrpcClientProtocolClient.java:onNext(264)) - client-E41C008B94D2->cb20f782-9136-4144-a2ef-e44461d35697: receive RaftClientReply:client-E41C008B94D2->cb20f782-9136-4144-a2ef-e44461d35697@group-EF222054BC57, cid=1837, SUCCESS, logIndex=2629, commits[cb20f782-9136-4144-a2ef-e44461d35697:c2630]
2019-09-17 12:48:37,975 [grpc-default-executor-1] INFO  client.GrpcClientProtocolClient (GrpcClientProtocolClient.java:onNext(264)) - client-E41C008B94D2->cb20f782-9136-4144-a2ef-e44461d35697: receive RaftClientReply:client-E41C008B94D2->cb20f782-9136-4144-a2ef-e44461d35697@group-EF222054BC57, cid=1838, SUCCESS, logIndex=2630, commits[cb20f782-9136-4144-a2ef-e44461d35697:c2632]
2019-09-17 12:48:37,976 [grpc-default-executor-1] INFO  client.GrpcClientProtocolClient (GrpcClientProtocolClient.java:onNext(264)) - client-E41C008B94D2->cb20f782-9136-4144-a2ef-e44461d35697: receive RaftClientReply:client-E41C008B94D2->cb20f782-9136-4144-a2ef-e44461d35697@group-EF222054BC57, cid=1839, SUCCESS, logIndex=2631, commits[cb20f782-9136-4144-a2ef-e44461d35697:c2632]
2019-09-17 12:48:37,976 [grpc-default-executor-1] INFO  client.GrpcClientProtocolClient (GrpcClientProtocolClient.java:onNext(264)) - client-E41C008B94D2->cb20f782-9136-4144-a2ef-e44461d35697: receive RaftClientReply:client-E41C008B94D2->cb20f782-9136-4144-a2ef-e44461d35697@group-EF222054BC57, cid=1840, SUCCESS, logIndex=2632, commits[cb20f782-9136-4144-a2ef-e44461d35697:c2633]
2019-09-17 12:48:38,004 [grpc-default-executor-1] INFO  client.GrpcClientProtocolClient (GrpcClientProtocolClient.java:onNext(264)) - client-E41C008B94D2->cb20f782-9136-4144-a2ef-e44461d35697: receive RaftClientReply:client-E41C008B94D2->cb20f782-9136-4144-a2ef-e44461d35697@group-EF222054BC57, cid=1841, SUCCESS, logIndex=2635, commits[cb20f782-9136-4144-a2ef-e44461d35697:c2636]
2019-09-17 12:48:38,005 [grpc-default-executor-1] INFO  client.GrpcClientProtocolClient (GrpcClientProtocolClient.java:onNext(264)) - client-E41C008B94D2->cb20f782-9136-4144-a2ef-e44461d35697: receive RaftClientReply:client-E41C008B94D2->cb20f782-9136-4144-a2ef-e44461d35697@group-EF222054BC57, cid=1842, SUCCESS, logIndex=2636, commits[cb20f782-9136-4144-a2ef-e44461d35697:c2638]
2019-09-17 12:48:38,005 [grpc-default-executor-1] INFO  client.GrpcClientProtocolClient (GrpcClientProtocolClient.java:onNext(264)) - client-E41C008B94D2->cb20f782-9136-4144-a2ef-e44461d35697: receive RaftClientReply:client-E41C008B94D2->cb20f782-9136-4144-a2ef-e44461d35697@group-EF222054BC57, cid=1843, SUCCESS, logIndex=2637, commits[cb20f782-9136-4144-a2ef-e44461d35697:c2639]
2019-09-17 12:48:38,005 [grpc-default-executor-1] INFO  client.GrpcClientProtocolClient (GrpcClientProtocolClient.java:onNext(264)) - client-E41C008B94D2->cb20f782-9136-4144-a2ef-e44461d35697: receive RaftClientReply:client-E41C008B94D2->cb20f782-9136-4144-a2ef-e44461d35697@group-EF222054BC57, cid=1844, SUCCESS, logIndex=2638, commits[cb20f782-9136-4144-a2ef-e44461d35697:c2639]
2019-09-17 12:48:38,024 [grpc-default-executor-2] INFO  client.GrpcClientProtocolClient (GrpcClientProtocolClient.java:onNext(264)) - client-E41C008B94D2->cb20f782-9136-4144-a2ef-e44461d35697: receive RaftClientReply:client-E41C008B94D2->cb20f782-9136-4144-a2ef-e44461d35697@group-EF222054BC57, cid=1845, SUCCESS, logIndex=2641, commits[cb20f782-9136-4144-a2ef-e44461d35697:c2642]
2019-09-17 12:48:38,025 [grpc-default-executor-2] INFO  client.GrpcClientProtocolClient (GrpcClientProtocolClient.java:onNext(264)) - client-E41C008B94D2->cb20f782-9136-4144-a2ef-e44461d35697: receive RaftClientReply:client-E41C008B94D2->cb20f782-9136-4144-a2ef-e44461d35697@group-EF222054BC57, cid=1846, SUCCESS, logIndex=2642, commits[cb20f782-9136-4144-a2ef-e44461d35697:c2642]
2019-09-17 12:48:38,025 [grpc-default-executor-2] INFO  client.GrpcClientProtocolClient (GrpcClientProtocolClient.java:onNext(264)) - client-E41C008B94D2->cb20f782-9136-4144-a2ef-e44461d35697: receive RaftClientReply:client-E41C008B94D2->cb20f782-9136-4144-a2ef-e44461d35697@group-EF222054BC57, cid=1847, SUCCESS, logIndex=2643, commits[cb20f782-9136-4144-a2ef-e44461d35697:c2644]
2019-09-17 12:48:38,026 [grpc-default-executor-2] INFO  client.GrpcClientProtocolClient (GrpcClientProtocolClient.java:onNext(264)) - client-E41C008B94D2->cb20f782-9136-4144-a2ef-e44461d35697: receive RaftClientReply:client-E41C008B94D2->cb20f782-9136-4144-a2ef-e44461d35697@group-EF222054BC57, cid=1848, SUCCESS, logIndex=2644, commits[cb20f782-9136-4144-a2ef-e44461d35697:c2644]
2019-09-17 12:48:38,053 [grpc-default-executor-2] INFO  client.GrpcClientProtocolClient (GrpcClientProtocolClient.java:onNext(264)) - client-E41C008B94D2->cb20f782-9136-4144-a2ef-e44461d35697: receive RaftClientReply:client-E41C008B94D2->cb20f782-9136-4144-a2ef-e44461d35697@group-EF222054BC57, cid=1849, SUCCESS, logIndex=2647, commits[cb20f782-9136-4144-a2ef-e44461d35697:c2648]
2019-09-17 12:48:38,053 [grpc-default-executor-2] INFO  client.GrpcClientProtocolClient (GrpcClientProtocolClient.java:onNext(264)) - client-E41C008B94D2->cb20f782-9136-4144-a2ef-e44461d35697: receive RaftClientReply:client-E41C008B94D2->cb20f782-9136-4144-a2ef-e44461d35697@group-EF222054BC57, cid=1850, SUCCESS, logIndex=2648, commits[cb20f782-9136-4144-a2ef-e44461d35697:c2650]
2019-09-17 12:48:38,053 [grpc-default-executor-2] INFO  client.GrpcClientProtocolClient (GrpcClientProtocolClient.java:onNext(264)) - client-E41C008B94D2->cb20f782-9136-4144-a2ef-e44461d35697: receive RaftClientReply:client-E41C008B94D2->cb20f782-9136-4144-a2ef-e44461d35697@group-EF222054BC57, cid=1851, SUCCESS, logIndex=2649, commits[cb20f782-9136-4144-a2ef-e44461d35697:c2651]
2019-09-17 12:48:38,054 [grpc-default-executor-2] INFO  client.GrpcClientProtocolClient (GrpcClientProtocolClient.java:onNext(264)) - client-E41C008B94D2->cb20f782-9136-4144-a2ef-e44461d35697: receive RaftClientReply:client-E41C008B94D2->cb20f782-9136-4144-a2ef-e44461d35697@group-EF222054BC57, cid=1852, SUCCESS, logIndex=2650, commits[cb20f782-9136-4144-a2ef-e44461d35697:c2651]
2019-09-17 12:48:38,056 [SCMBlockDeletingService#0] DEBUG block.SCMBlockDeletingService (SCMBlockDeletingService.java:call(138)) - Running DeletedBlockTransactionScanner
2019-09-17 12:48:38,056 [SCMBlockDeletingService#0] DEBUG block.SCMBlockDeletingService (SCMBlockDeletingService.java:call(155)) - Scanned deleted blocks log and got 0 delTX to process.
2019-09-17 12:48:38,073 [grpc-default-executor-2] INFO  client.GrpcClientProtocolClient (GrpcClientProtocolClient.java:onNext(264)) - client-E41C008B94D2->cb20f782-9136-4144-a2ef-e44461d35697: receive RaftClientReply:client-E41C008B94D2->cb20f782-9136-4144-a2ef-e44461d35697@group-EF222054BC57, cid=1853, SUCCESS, logIndex=2653, commits[cb20f782-9136-4144-a2ef-e44461d35697:c2654]
2019-09-17 12:48:38,074 [grpc-default-executor-2] INFO  client.GrpcClientProtocolClient (GrpcClientProtocolClient.java:onNext(264)) - client-E41C008B94D2->cb20f782-9136-4144-a2ef-e44461d35697: receive RaftClientReply:client-E41C008B94D2->cb20f782-9136-4144-a2ef-e44461d35697@group-EF222054BC57, cid=1854, SUCCESS, logIndex=2654, commits[cb20f782-9136-4144-a2ef-e44461d35697:c2656]
2019-09-17 12:48:38,074 [grpc-default-executor-2] INFO  client.GrpcClientProtocolClient (GrpcClientProtocolClient.java:onNext(264)) - client-E41C008B94D2->cb20f782-9136-4144-a2ef-e44461d35697: receive RaftClientReply:client-E41C008B94D2->cb20f782-9136-4144-a2ef-e44461d35697@group-EF222054BC57, cid=1855, SUCCESS, logIndex=2655, commits[cb20f782-9136-4144-a2ef-e44461d35697:c2657]
2019-09-17 12:48:38,074 [grpc-default-executor-2] INFO  client.GrpcClientProtocolClient (GrpcClientProtocolClient.java:onNext(264)) - client-E41C008B94D2->cb20f782-9136-4144-a2ef-e44461d35697: receive RaftClientReply:client-E41C008B94D2->cb20f782-9136-4144-a2ef-e44461d35697@group-EF222054BC57, cid=1856, SUCCESS, logIndex=2656, commits[cb20f782-9136-4144-a2ef-e44461d35697:c2657]
2019-09-17 12:48:38,157 [SCMBlockDeletingService#0] DEBUG block.SCMBlockDeletingService (SCMBlockDeletingService.java:call(138)) - Running DeletedBlockTransactionScanner
2019-09-17 12:48:38,157 [SCMBlockDeletingService#0] DEBUG block.SCMBlockDeletingService (SCMBlockDeletingService.java:call(155)) - Scanned deleted blocks log and got 0 delTX to process.
2019-09-17 12:48:38,204 [grpc-default-executor-2] INFO  client.GrpcClientProtocolClient (GrpcClientProtocolClient.java:onNext(264)) - client-E41C008B94D2->cb20f782-9136-4144-a2ef-e44461d35697: receive RaftClientReply:client-E41C008B94D2->cb20f782-9136-4144-a2ef-e44461d35697@group-EF222054BC57, cid=1857, SUCCESS, logIndex=2659, commits[cb20f782-9136-4144-a2ef-e44461d35697:c2660]
2019-09-17 12:48:38,204 [grpc-default-executor-2] INFO  client.GrpcClientProtocolClient (GrpcClientProtocolClient.java:onNext(264)) - client-E41C008B94D2->cb20f782-9136-4144-a2ef-e44461d35697: receive RaftClientReply:client-E41C008B94D2->cb20f782-9136-4144-a2ef-e44461d35697@group-EF222054BC57, cid=1858, SUCCESS, logIndex=2660, commits[cb20f782-9136-4144-a2ef-e44461d35697:c2662]
2019-09-17 12:48:38,204 [grpc-default-executor-2] INFO  client.GrpcClientProtocolClient (GrpcClientProtocolClient.java:onNext(264)) - client-E41C008B94D2->cb20f782-9136-4144-a2ef-e44461d35697: receive RaftClientReply:client-E41C008B94D2->cb20f782-9136-4144-a2ef-e44461d35697@group-EF222054BC57, cid=1859, SUCCESS, logIndex=2661, commits[cb20f782-9136-4144-a2ef-e44461d35697:c2663]
2019-09-17 12:48:38,204 [grpc-default-executor-2] INFO  client.GrpcClientProtocolClient (GrpcClientProtocolClient.java:onNext(264)) - client-E41C008B94D2->cb20f782-9136-4144-a2ef-e44461d35697: receive RaftClientReply:client-E41C008B94D2->cb20f782-9136-4144-a2ef-e44461d35697@group-EF222054BC57, cid=1860, SUCCESS, logIndex=2662, commits[cb20f782-9136-4144-a2ef-e44461d35697:c2663]
2019-09-17 12:48:38,224 [grpc-default-executor-1] INFO  client.GrpcClientProtocolClient (GrpcClientProtocolClient.java:onNext(264)) - client-E41C008B94D2->cb20f782-9136-4144-a2ef-e44461d35697: receive RaftClientReply:client-E41C008B94D2->cb20f782-9136-4144-a2ef-e44461d35697@group-EF222054BC57, cid=1861, SUCCESS, logIndex=2665, commits[cb20f782-9136-4144-a2ef-e44461d35697:c2668]
2019-09-17 12:48:38,224 [grpc-default-executor-1] INFO  client.GrpcClientProtocolClient (GrpcClientProtocolClient.java:onNext(264)) - client-E41C008B94D2->cb20f782-9136-4144-a2ef-e44461d35697: receive RaftClientReply:client-E41C008B94D2->cb20f782-9136-4144-a2ef-e44461d35697@group-EF222054BC57, cid=1862, SUCCESS, logIndex=2666, commits[cb20f782-9136-4144-a2ef-e44461d35697:c2669]
2019-09-17 12:48:38,224 [grpc-default-executor-1] INFO  client.GrpcClientProtocolClient (GrpcClientProtocolClient.java:onNext(264)) - client-E41C008B94D2->cb20f782-9136-4144-a2ef-e44461d35697: receive RaftClientReply:client-E41C008B94D2->cb20f782-9136-4144-a2ef-e44461d35697@group-EF222054BC57, cid=1863, SUCCESS, logIndex=2667, commits[cb20f782-9136-4144-a2ef-e44461d35697:c2669]
2019-09-17 12:48:38,225 [grpc-default-executor-1] INFO  client.GrpcClientProtocolClient (GrpcClientProtocolClient.java:onNext(264)) - client-E41C008B94D2->cb20f782-9136-4144-a2ef-e44461d35697: receive RaftClientReply:client-E41C008B94D2->cb20f782-9136-4144-a2ef-e44461d35697@group-EF222054BC57, cid=1864, SUCCESS, logIndex=2668, commits[cb20f782-9136-4144-a2ef-e44461d35697:c2669]
2019-09-17 12:48:38,254 [grpc-default-executor-1] INFO  client.GrpcClientProtocolClient (GrpcClientProtocolClient.java:onNext(264)) - client-E41C008B94D2->cb20f782-9136-4144-a2ef-e44461d35697: receive RaftClientReply:client-E41C008B94D2->cb20f782-9136-4144-a2ef-e44461d35697@group-EF222054BC57, cid=1865, SUCCESS, logIndex=2670, commits[cb20f782-9136-4144-a2ef-e44461d35697:c2673]
2019-09-17 12:48:38,254 [grpc-default-executor-1] INFO  client.GrpcClientProtocolClient (GrpcClientProtocolClient.java:onNext(264)) - client-E41C008B94D2->cb20f782-9136-4144-a2ef-e44461d35697: receive RaftClientReply:client-E41C008B94D2->cb20f782-9136-4144-a2ef-e44461d35697@group-EF222054BC57, cid=1866, SUCCESS, logIndex=2671, commits[cb20f782-9136-4144-a2ef-e44461d35697:c2674]
2019-09-17 12:48:38,254 [grpc-default-executor-1] INFO  client.GrpcClientProtocolClient (GrpcClientProtocolClient.java:onNext(264)) - client-E41C008B94D2->cb20f782-9136-4144-a2ef-e44461d35697: receive RaftClientReply:client-E41C008B94D2->cb20f782-9136-4144-a2ef-e44461d35697@group-EF222054BC57, cid=1867, SUCCESS, logIndex=2672, commits[cb20f782-9136-4144-a2ef-e44461d35697:c2674]
2019-09-17 12:48:38,255 [grpc-default-executor-1] INFO  client.GrpcClientProtocolClient (GrpcClientProtocolClient.java:onNext(264)) - client-E41C008B94D2->cb20f782-9136-4144-a2ef-e44461d35697: receive RaftClientReply:client-E41C008B94D2->cb20f782-9136-4144-a2ef-e44461d35697@group-EF222054BC57, cid=1868, SUCCESS, logIndex=2673, commits[cb20f782-9136-4144-a2ef-e44461d35697:c2674]
2019-09-17 12:48:38,257 [SCMBlockDeletingService#0] DEBUG block.SCMBlockDeletingService (SCMBlockDeletingService.java:call(138)) - Running DeletedBlockTransactionScanner
2019-09-17 12:48:38,258 [SCMBlockDeletingService#0] DEBUG block.SCMBlockDeletingService (SCMBlockDeletingService.java:call(155)) - Scanned deleted blocks log and got 0 delTX to process.
2019-09-17 12:48:38,272 [grpc-default-executor-1] INFO  client.GrpcClientProtocolClient (GrpcClientProtocolClient.java:onNext(264)) - client-E41C008B94D2->cb20f782-9136-4144-a2ef-e44461d35697: receive RaftClientReply:client-E41C008B94D2->cb20f782-9136-4144-a2ef-e44461d35697@group-EF222054BC57, cid=1869, SUCCESS, logIndex=2675, commits[cb20f782-9136-4144-a2ef-e44461d35697:c2676]
2019-09-17 12:48:38,272 [grpc-default-executor-1] INFO  client.GrpcClientProtocolClient (GrpcClientProtocolClient.java:onNext(264)) - client-E41C008B94D2->cb20f782-9136-4144-a2ef-e44461d35697: receive RaftClientReply:client-E41C008B94D2->cb20f782-9136-4144-a2ef-e44461d35697@group-EF222054BC57, cid=1870, SUCCESS, logIndex=2676, commits[cb20f782-9136-4144-a2ef-e44461d35697:c2676]
2019-09-17 12:48:38,273 [grpc-default-executor-1] INFO  client.GrpcClientProtocolClient (GrpcClientProtocolClient.java:onNext(264)) - client-E41C008B94D2->cb20f782-9136-4144-a2ef-e44461d35697: receive RaftClientReply:client-E41C008B94D2->cb20f782-9136-4144-a2ef-e44461d35697@group-EF222054BC57, cid=1871, SUCCESS, logIndex=2677, commits[cb20f782-9136-4144-a2ef-e44461d35697:c2678]
2019-09-17 12:48:38,273 [grpc-default-executor-1] INFO  client.GrpcClientProtocolClient (GrpcClientProtocolClient.java:onNext(264)) - client-E41C008B94D2->cb20f782-9136-4144-a2ef-e44461d35697: receive RaftClientReply:client-E41C008B94D2->cb20f782-9136-4144-a2ef-e44461d35697@group-EF222054BC57, cid=1872, SUCCESS, logIndex=2678, commits[cb20f782-9136-4144-a2ef-e44461d35697:c2678]
2019-09-17 12:48:38,296 [grpc-default-executor-1] INFO  client.GrpcClientProtocolClient (GrpcClientProtocolClient.java:onNext(264)) - client-E41C008B94D2->cb20f782-9136-4144-a2ef-e44461d35697: receive RaftClientReply:client-E41C008B94D2->cb20f782-9136-4144-a2ef-e44461d35697@group-EF222054BC57, cid=1873, SUCCESS, logIndex=2681, commits[cb20f782-9136-4144-a2ef-e44461d35697:c2682]
2019-09-17 12:48:38,297 [grpc-default-executor-1] INFO  client.GrpcClientProtocolClient (GrpcClientProtocolClient.java:onNext(264)) - client-E41C008B94D2->cb20f782-9136-4144-a2ef-e44461d35697: receive RaftClientReply:client-E41C008B94D2->cb20f782-9136-4144-a2ef-e44461d35697@group-EF222054BC57, cid=1874, SUCCESS, logIndex=2682, commits[cb20f782-9136-4144-a2ef-e44461d35697:c2682]
2019-09-17 12:48:38,297 [grpc-default-executor-1] INFO  client.GrpcClientProtocolClient (GrpcClientProtocolClient.java:onNext(264)) - client-E41C008B94D2->cb20f782-9136-4144-a2ef-e44461d35697: receive RaftClientReply:client-E41C008B94D2->cb20f782-9136-4144-a2ef-e44461d35697@group-EF222054BC57, cid=1875, SUCCESS, logIndex=2683, commits[cb20f782-9136-4144-a2ef-e44461d35697:c2684]
2019-09-17 12:48:38,297 [grpc-default-executor-1] INFO  client.GrpcClientProtocolClient (GrpcClientProtocolClient.java:onNext(264)) - client-E41C008B94D2->cb20f782-9136-4144-a2ef-e44461d35697: receive RaftClientReply:client-E41C008B94D2->cb20f782-9136-4144-a2ef-e44461d35697@group-EF222054BC57, cid=1876, SUCCESS, logIndex=2684, commits[cb20f782-9136-4144-a2ef-e44461d35697:c2685]
2019-09-17 12:48:38,315 [grpc-default-executor-2] INFO  client.GrpcClientProtocolClient (GrpcClientProtocolClient.java:onNext(264)) - client-E41C008B94D2->cb20f782-9136-4144-a2ef-e44461d35697: receive RaftClientReply:client-E41C008B94D2->cb20f782-9136-4144-a2ef-e44461d35697@group-EF222054BC57, cid=1877, SUCCESS, logIndex=2687, commits[cb20f782-9136-4144-a2ef-e44461d35697:c2688]
2019-09-17 12:48:38,315 [grpc-default-executor-2] INFO  client.GrpcClientProtocolClient (GrpcClientProtocolClient.java:onNext(264)) - client-E41C008B94D2->cb20f782-9136-4144-a2ef-e44461d35697: receive RaftClientReply:client-E41C008B94D2->cb20f782-9136-4144-a2ef-e44461d35697@group-EF222054BC57, cid=1878, SUCCESS, logIndex=2688, commits[cb20f782-9136-4144-a2ef-e44461d35697:c2690]
2019-09-17 12:48:38,316 [grpc-default-executor-2] INFO  client.GrpcClientProtocolClient (GrpcClientProtocolClient.java:onNext(264)) - client-E41C008B94D2->cb20f782-9136-4144-a2ef-e44461d35697: receive RaftClientReply:client-E41C008B94D2->cb20f782-9136-4144-a2ef-e44461d35697@group-EF222054BC57, cid=1879, SUCCESS, logIndex=2689, commits[cb20f782-9136-4144-a2ef-e44461d35697:c2690]
2019-09-17 12:48:38,316 [grpc-default-executor-2] INFO  client.GrpcClientProtocolClient (GrpcClientProtocolClient.java:onNext(264)) - client-E41C008B94D2->cb20f782-9136-4144-a2ef-e44461d35697: receive RaftClientReply:client-E41C008B94D2->cb20f782-9136-4144-a2ef-e44461d35697@group-EF222054BC57, cid=1880, SUCCESS, logIndex=2690, commits[cb20f782-9136-4144-a2ef-e44461d35697:c2691]
2019-09-17 12:48:38,342 [grpc-default-executor-1] INFO  client.GrpcClientProtocolClient (GrpcClientProtocolClient.java:onNext(264)) - client-E41C008B94D2->cb20f782-9136-4144-a2ef-e44461d35697: receive RaftClientReply:client-E41C008B94D2->cb20f782-9136-4144-a2ef-e44461d35697@group-EF222054BC57, cid=1881, SUCCESS, logIndex=2693, commits[cb20f782-9136-4144-a2ef-e44461d35697:c2696]
2019-09-17 12:48:38,343 [grpc-default-executor-1] INFO  client.GrpcClientProtocolClient (GrpcClientProtocolClient.java:onNext(264)) - client-E41C008B94D2->cb20f782-9136-4144-a2ef-e44461d35697: receive RaftClientReply:client-E41C008B94D2->cb20f782-9136-4144-a2ef-e44461d35697@group-EF222054BC57, cid=1882, SUCCESS, logIndex=2694, commits[cb20f782-9136-4144-a2ef-e44461d35697:c2697]
2019-09-17 12:48:38,343 [grpc-default-executor-1] INFO  client.GrpcClientProtocolClient (GrpcClientProtocolClient.java:onNext(264)) - client-E41C008B94D2->cb20f782-9136-4144-a2ef-e44461d35697: receive RaftClientReply:client-E41C008B94D2->cb20f782-9136-4144-a2ef-e44461d35697@group-EF222054BC57, cid=1883, SUCCESS, logIndex=2695, commits[cb20f782-9136-4144-a2ef-e44461d35697:c2697]
2019-09-17 12:48:38,344 [grpc-default-executor-1] INFO  client.GrpcClientProtocolClient (GrpcClientProtocolClient.java:onNext(264)) - client-E41C008B94D2->cb20f782-9136-4144-a2ef-e44461d35697: receive RaftClientReply:client-E41C008B94D2->cb20f782-9136-4144-a2ef-e44461d35697@group-EF222054BC57, cid=1884, SUCCESS, logIndex=2696, commits[cb20f782-9136-4144-a2ef-e44461d35697:c2697]
2019-09-17 12:48:38,358 [SCMBlockDeletingService#0] DEBUG block.SCMBlockDeletingService (SCMBlockDeletingService.java:call(138)) - Running DeletedBlockTransactionScanner
2019-09-17 12:48:38,358 [SCMBlockDeletingService#0] DEBUG block.SCMBlockDeletingService (SCMBlockDeletingService.java:call(155)) - Scanned deleted blocks log and got 0 delTX to process.
2019-09-17 12:48:38,363 [grpc-default-executor-1] INFO  client.GrpcClientProtocolClient (GrpcClientProtocolClient.java:onNext(264)) - client-E41C008B94D2->cb20f782-9136-4144-a2ef-e44461d35697: receive RaftClientReply:client-E41C008B94D2->cb20f782-9136-4144-a2ef-e44461d35697@group-EF222054BC57, cid=1885, SUCCESS, logIndex=2698, commits[cb20f782-9136-4144-a2ef-e44461d35697:c2701]
2019-09-17 12:48:38,363 [grpc-default-executor-1] INFO  client.GrpcClientProtocolClient (GrpcClientProtocolClient.java:onNext(264)) - client-E41C008B94D2->cb20f782-9136-4144-a2ef-e44461d35697: receive RaftClientReply:client-E41C008B94D2->cb20f782-9136-4144-a2ef-e44461d35697@group-EF222054BC57, cid=1886, SUCCESS, logIndex=2699, commits[cb20f782-9136-4144-a2ef-e44461d35697:c2702]
2019-09-17 12:48:38,364 [grpc-default-executor-1] INFO  client.GrpcClientProtocolClient (GrpcClientProtocolClient.java:onNext(264)) - client-E41C008B94D2->cb20f782-9136-4144-a2ef-e44461d35697: receive RaftClientReply:client-E41C008B94D2->cb20f782-9136-4144-a2ef-e44461d35697@group-EF222054BC57, cid=1887, SUCCESS, logIndex=2700, commits[cb20f782-9136-4144-a2ef-e44461d35697:c2702]
2019-09-17 12:48:38,364 [grpc-default-executor-1] INFO  client.GrpcClientProtocolClient (GrpcClientProtocolClient.java:onNext(264)) - client-E41C008B94D2->cb20f782-9136-4144-a2ef-e44461d35697: receive RaftClientReply:client-E41C008B94D2->cb20f782-9136-4144-a2ef-e44461d35697@group-EF222054BC57, cid=1888, SUCCESS, logIndex=2701, commits[cb20f782-9136-4144-a2ef-e44461d35697:c2702]
2019-09-17 12:48:38,459 [SCMBlockDeletingService#0] DEBUG block.SCMBlockDeletingService (SCMBlockDeletingService.java:call(138)) - Running DeletedBlockTransactionScanner
2019-09-17 12:48:38,459 [SCMBlockDeletingService#0] DEBUG block.SCMBlockDeletingService (SCMBlockDeletingService.java:call(155)) - Scanned deleted blocks log and got 0 delTX to process.
2019-09-17 12:48:38,559 [SCMBlockDeletingService#0] DEBUG block.SCMBlockDeletingService (SCMBlockDeletingService.java:call(138)) - Running DeletedBlockTransactionScanner
2019-09-17 12:48:38,560 [SCMBlockDeletingService#0] DEBUG block.SCMBlockDeletingService (SCMBlockDeletingService.java:call(155)) - Scanned deleted blocks log and got 0 delTX to process.
2019-09-17 12:48:38,660 [SCMBlockDeletingService#0] DEBUG block.SCMBlockDeletingService (SCMBlockDeletingService.java:call(138)) - Running DeletedBlockTransactionScanner
2019-09-17 12:48:38,660 [SCMBlockDeletingService#0] DEBUG block.SCMBlockDeletingService (SCMBlockDeletingService.java:call(155)) - Scanned deleted blocks log and got 0 delTX to process.
2019-09-17 12:48:38,761 [SCMBlockDeletingService#0] DEBUG block.SCMBlockDeletingService (SCMBlockDeletingService.java:call(138)) - Running DeletedBlockTransactionScanner
2019-09-17 12:48:38,761 [SCMBlockDeletingService#0] DEBUG block.SCMBlockDeletingService (SCMBlockDeletingService.java:call(155)) - Scanned deleted blocks log and got 0 delTX to process.
2019-09-17 12:48:38,861 [SCMBlockDeletingService#0] DEBUG block.SCMBlockDeletingService (SCMBlockDeletingService.java:call(138)) - Running DeletedBlockTransactionScanner
2019-09-17 12:48:38,862 [SCMBlockDeletingService#0] DEBUG block.SCMBlockDeletingService (SCMBlockDeletingService.java:call(155)) - Scanned deleted blocks log and got 0 delTX to process.
2019-09-17 12:48:38,962 [SCMBlockDeletingService#0] DEBUG block.SCMBlockDeletingService (SCMBlockDeletingService.java:call(138)) - Running DeletedBlockTransactionScanner
2019-09-17 12:48:38,962 [SCMBlockDeletingService#0] DEBUG block.SCMBlockDeletingService (SCMBlockDeletingService.java:call(155)) - Scanned deleted blocks log and got 0 delTX to process.
2019-09-17 12:48:39,063 [SCMBlockDeletingService#0] DEBUG block.SCMBlockDeletingService (SCMBlockDeletingService.java:call(138)) - Running DeletedBlockTransactionScanner
2019-09-17 12:48:39,063 [SCMBlockDeletingService#0] DEBUG block.SCMBlockDeletingService (SCMBlockDeletingService.java:call(155)) - Scanned deleted blocks log and got 0 delTX to process.
2019-09-17 12:48:39,164 [SCMBlockDeletingService#0] DEBUG block.SCMBlockDeletingService (SCMBlockDeletingService.java:call(138)) - Running DeletedBlockTransactionScanner
2019-09-17 12:48:39,164 [SCMBlockDeletingService#0] DEBUG block.SCMBlockDeletingService (SCMBlockDeletingService.java:call(155)) - Scanned deleted blocks log and got 0 delTX to process.
2019-09-17 12:48:39,264 [SCMBlockDeletingService#0] DEBUG block.SCMBlockDeletingService (SCMBlockDeletingService.java:call(138)) - Running DeletedBlockTransactionScanner
2019-09-17 12:48:39,265 [SCMBlockDeletingService#0] DEBUG block.SCMBlockDeletingService (SCMBlockDeletingService.java:call(155)) - Scanned deleted blocks log and got 0 delTX to process.
2019-09-17 12:48:39,365 [SCMBlockDeletingService#0] DEBUG block.SCMBlockDeletingService (SCMBlockDeletingService.java:call(138)) - Running DeletedBlockTransactionScanner
2019-09-17 12:48:39,365 [SCMBlockDeletingService#0] DEBUG block.SCMBlockDeletingService (SCMBlockDeletingService.java:call(155)) - Scanned deleted blocks log and got 0 delTX to process.
2019-09-17 12:48:39,437 [grpc-default-executor-1] INFO  client.GrpcClientProtocolClient (GrpcClientProtocolClient.java:onNext(264)) - client-E41C008B94D2->cb20f782-9136-4144-a2ef-e44461d35697: receive RaftClientReply:client-E41C008B94D2->cb20f782-9136-4144-a2ef-e44461d35697@group-EF222054BC57, cid=1889, SUCCESS, logIndex=2703, commits[cb20f782-9136-4144-a2ef-e44461d35697:c2706]
2019-09-17 12:48:39,438 [grpc-default-executor-1] INFO  client.GrpcClientProtocolClient (GrpcClientProtocolClient.java:onNext(264)) - client-E41C008B94D2->cb20f782-9136-4144-a2ef-e44461d35697: receive RaftClientReply:client-E41C008B94D2->cb20f782-9136-4144-a2ef-e44461d35697@group-EF222054BC57, cid=1890, SUCCESS, logIndex=2704, commits[cb20f782-9136-4144-a2ef-e44461d35697:c2706]
2019-09-17 12:48:39,438 [grpc-default-executor-1] INFO  client.GrpcClientProtocolClient (GrpcClientProtocolClient.java:onNext(264)) - client-E41C008B94D2->cb20f782-9136-4144-a2ef-e44461d35697: receive RaftClientReply:client-E41C008B94D2->cb20f782-9136-4144-a2ef-e44461d35697@group-EF222054BC57, cid=1891, SUCCESS, logIndex=2705, commits[cb20f782-9136-4144-a2ef-e44461d35697:c2706]
2019-09-17 12:48:39,438 [grpc-default-executor-1] INFO  client.GrpcClientProtocolClient (GrpcClientProtocolClient.java:onNext(264)) - client-E41C008B94D2->cb20f782-9136-4144-a2ef-e44461d35697: receive RaftClientReply:client-E41C008B94D2->cb20f782-9136-4144-a2ef-e44461d35697@group-EF222054BC57, cid=1892, SUCCESS, logIndex=2706, commits[cb20f782-9136-4144-a2ef-e44461d35697:c2706]
2019-09-17 12:48:39,466 [SCMBlockDeletingService#0] DEBUG block.SCMBlockDeletingService (SCMBlockDeletingService.java:call(138)) - Running DeletedBlockTransactionScanner
2019-09-17 12:48:39,466 [SCMBlockDeletingService#0] DEBUG block.SCMBlockDeletingService (SCMBlockDeletingService.java:call(155)) - Scanned deleted blocks log and got 0 delTX to process.
2019-09-17 12:48:39,566 [SCMBlockDeletingService#0] DEBUG block.SCMBlockDeletingService (SCMBlockDeletingService.java:call(138)) - Running DeletedBlockTransactionScanner
2019-09-17 12:48:39,567 [SCMBlockDeletingService#0] DEBUG block.SCMBlockDeletingService (SCMBlockDeletingService.java:call(155)) - Scanned deleted blocks log and got 0 delTX to process.
2019-09-17 12:48:39,667 [SCMBlockDeletingService#0] DEBUG block.SCMBlockDeletingService (SCMBlockDeletingService.java:call(138)) - Running DeletedBlockTransactionScanner
2019-09-17 12:48:39,667 [SCMBlockDeletingService#0] DEBUG block.SCMBlockDeletingService (SCMBlockDeletingService.java:call(155)) - Scanned deleted blocks log and got 0 delTX to process.
2019-09-17 12:48:39,724 [grpc-default-executor-1] INFO  client.GrpcClientProtocolClient (GrpcClientProtocolClient.java:onNext(264)) - client-E41C008B94D2->cb20f782-9136-4144-a2ef-e44461d35697: receive RaftClientReply:client-E41C008B94D2->cb20f782-9136-4144-a2ef-e44461d35697@group-EF222054BC57, cid=1893, SUCCESS, logIndex=2708, commits[cb20f782-9136-4144-a2ef-e44461d35697:c2711]
2019-09-17 12:48:39,724 [grpc-default-executor-1] INFO  client.GrpcClientProtocolClient (GrpcClientProtocolClient.java:onNext(264)) - client-E41C008B94D2->cb20f782-9136-4144-a2ef-e44461d35697: receive RaftClientReply:client-E41C008B94D2->cb20f782-9136-4144-a2ef-e44461d35697@group-EF222054BC57, cid=1894, SUCCESS, logIndex=2709, commits[cb20f782-9136-4144-a2ef-e44461d35697:c2712]
2019-09-17 12:48:39,725 [grpc-default-executor-1] INFO  client.GrpcClientProtocolClient (GrpcClientProtocolClient.java:onNext(264)) - client-E41C008B94D2->cb20f782-9136-4144-a2ef-e44461d35697: receive RaftClientReply:client-E41C008B94D2->cb20f782-9136-4144-a2ef-e44461d35697@group-EF222054BC57, cid=1895, SUCCESS, logIndex=2710, commits[cb20f782-9136-4144-a2ef-e44461d35697:c2712]
2019-09-17 12:48:39,725 [grpc-default-executor-1] INFO  client.GrpcClientProtocolClient (GrpcClientProtocolClient.java:onNext(264)) - client-E41C008B94D2->cb20f782-9136-4144-a2ef-e44461d35697: receive RaftClientReply:client-E41C008B94D2->cb20f782-9136-4144-a2ef-e44461d35697@group-EF222054BC57, cid=1896, SUCCESS, logIndex=2711, commits[cb20f782-9136-4144-a2ef-e44461d35697:c2712]
2019-09-17 12:48:39,750 [grpc-default-executor-1] INFO  client.GrpcClientProtocolClient (GrpcClientProtocolClient.java:onNext(264)) - client-E41C008B94D2->cb20f782-9136-4144-a2ef-e44461d35697: receive RaftClientReply:client-E41C008B94D2->cb20f782-9136-4144-a2ef-e44461d35697@group-EF222054BC57, cid=1897, SUCCESS, logIndex=2713, commits[cb20f782-9136-4144-a2ef-e44461d35697:c2716]
2019-09-17 12:48:39,750 [grpc-default-executor-1] INFO  client.GrpcClientProtocolClient (GrpcClientProtocolClient.java:onNext(264)) - client-E41C008B94D2->cb20f782-9136-4144-a2ef-e44461d35697: receive RaftClientReply:client-E41C008B94D2->cb20f782-9136-4144-a2ef-e44461d35697@group-EF222054BC57, cid=1898, SUCCESS, logIndex=2714, commits[cb20f782-9136-4144-a2ef-e44461d35697:c2717]
2019-09-17 12:48:39,751 [grpc-default-executor-1] INFO  client.GrpcClientProtocolClient (GrpcClientProtocolClient.java:onNext(264)) - client-E41C008B94D2->cb20f782-9136-4144-a2ef-e44461d35697: receive RaftClientReply:client-E41C008B94D2->cb20f782-9136-4144-a2ef-e44461d35697@group-EF222054BC57, cid=1899, SUCCESS, logIndex=2715, commits[cb20f782-9136-4144-a2ef-e44461d35697:c2717]
2019-09-17 12:48:39,751 [grpc-default-executor-1] INFO  client.GrpcClientProtocolClient (GrpcClientProtocolClient.java:onNext(264)) - client-E41C008B94D2->cb20f782-9136-4144-a2ef-e44461d35697: receive RaftClientReply:client-E41C008B94D2->cb20f782-9136-4144-a2ef-e44461d35697@group-EF222054BC57, cid=1900, SUCCESS, logIndex=2716, commits[cb20f782-9136-4144-a2ef-e44461d35697:c2717]
2019-09-17 12:48:39,768 [SCMBlockDeletingService#0] DEBUG block.SCMBlockDeletingService (SCMBlockDeletingService.java:call(138)) - Running DeletedBlockTransactionScanner
2019-09-17 12:48:39,768 [SCMBlockDeletingService#0] DEBUG block.SCMBlockDeletingService (SCMBlockDeletingService.java:call(155)) - Scanned deleted blocks log and got 0 delTX to process.
2019-09-17 12:48:39,857 [grpc-default-executor-1] INFO  client.GrpcClientProtocolClient (GrpcClientProtocolClient.java:onNext(264)) - client-E41C008B94D2->cb20f782-9136-4144-a2ef-e44461d35697: receive RaftClientReply:client-E41C008B94D2->cb20f782-9136-4144-a2ef-e44461d35697@group-EF222054BC57, cid=1901, SUCCESS, logIndex=2718, commits[cb20f782-9136-4144-a2ef-e44461d35697:c2721]
2019-09-17 12:48:39,857 [grpc-default-executor-1] INFO  client.GrpcClientProtocolClient (GrpcClientProtocolClient.java:onNext(264)) - client-E41C008B94D2->cb20f782-9136-4144-a2ef-e44461d35697: receive RaftClientReply:client-E41C008B94D2->cb20f782-9136-4144-a2ef-e44461d35697@group-EF222054BC57, cid=1902, SUCCESS, logIndex=2719, commits[cb20f782-9136-4144-a2ef-e44461d35697:c2722]
2019-09-17 12:48:39,858 [grpc-default-executor-1] INFO  client.GrpcClientProtocolClient (GrpcClientProtocolClient.java:onNext(264)) - client-E41C008B94D2->cb20f782-9136-4144-a2ef-e44461d35697: receive RaftClientReply:client-E41C008B94D2->cb20f782-9136-4144-a2ef-e44461d35697@group-EF222054BC57, cid=1903, SUCCESS, logIndex=2720, commits[cb20f782-9136-4144-a2ef-e44461d35697:c2722]
2019-09-17 12:48:39,858 [grpc-default-executor-1] INFO  client.GrpcClientProtocolClient (GrpcClientProtocolClient.java:onNext(264)) - client-E41C008B94D2->cb20f782-9136-4144-a2ef-e44461d35697: receive RaftClientReply:client-E41C008B94D2->cb20f782-9136-4144-a2ef-e44461d35697@group-EF222054BC57, cid=1904, SUCCESS, logIndex=2721, commits[cb20f782-9136-4144-a2ef-e44461d35697:c2722]
2019-09-17 12:48:39,868 [SCMBlockDeletingService#0] DEBUG block.SCMBlockDeletingService (SCMBlockDeletingService.java:call(138)) - Running DeletedBlockTransactionScanner
2019-09-17 12:48:39,869 [SCMBlockDeletingService#0] DEBUG block.SCMBlockDeletingService (SCMBlockDeletingService.java:call(155)) - Scanned deleted blocks log and got 0 delTX to process.
2019-09-17 12:48:39,883 [grpc-default-executor-1] INFO  client.GrpcClientProtocolClient (GrpcClientProtocolClient.java:onNext(264)) - client-E41C008B94D2->cb20f782-9136-4144-a2ef-e44461d35697: receive RaftClientReply:client-E41C008B94D2->cb20f782-9136-4144-a2ef-e44461d35697@group-EF222054BC57, cid=1905, SUCCESS, logIndex=2723, commits[cb20f782-9136-4144-a2ef-e44461d35697:c2724]
2019-09-17 12:48:39,884 [grpc-default-executor-1] INFO  client.GrpcClientProtocolClient (GrpcClientProtocolClient.java:onNext(264)) - client-E41C008B94D2->cb20f782-9136-4144-a2ef-e44461d35697: receive RaftClientReply:client-E41C008B94D2->cb20f782-9136-4144-a2ef-e44461d35697@group-EF222054BC57, cid=1906, SUCCESS, logIndex=2724, commits[cb20f782-9136-4144-a2ef-e44461d35697:c2726]
2019-09-17 12:48:39,884 [grpc-default-executor-1] INFO  client.GrpcClientProtocolClient (GrpcClientProtocolClient.java:onNext(264)) - client-E41C008B94D2->cb20f782-9136-4144-a2ef-e44461d35697: receive RaftClientReply:client-E41C008B94D2->cb20f782-9136-4144-a2ef-e44461d35697@group-EF222054BC57, cid=1907, SUCCESS, logIndex=2725, commits[cb20f782-9136-4144-a2ef-e44461d35697:c2726]
2019-09-17 12:48:39,884 [grpc-default-executor-1] INFO  client.GrpcClientProtocolClient (GrpcClientProtocolClient.java:onNext(264)) - client-E41C008B94D2->cb20f782-9136-4144-a2ef-e44461d35697: receive RaftClientReply:client-E41C008B94D2->cb20f782-9136-4144-a2ef-e44461d35697@group-EF222054BC57, cid=1908, SUCCESS, logIndex=2726, commits[cb20f782-9136-4144-a2ef-e44461d35697:c2727]
2019-09-17 12:48:39,902 [grpc-default-executor-1] INFO  client.GrpcClientProtocolClient (GrpcClientProtocolClient.java:onNext(264)) - client-E41C008B94D2->cb20f782-9136-4144-a2ef-e44461d35697: receive RaftClientReply:client-E41C008B94D2->cb20f782-9136-4144-a2ef-e44461d35697@group-EF222054BC57, cid=1909, SUCCESS, logIndex=2729, commits[cb20f782-9136-4144-a2ef-e44461d35697:c2732]
2019-09-17 12:48:39,903 [grpc-default-executor-1] INFO  client.GrpcClientProtocolClient (GrpcClientProtocolClient.java:onNext(264)) - client-E41C008B94D2->cb20f782-9136-4144-a2ef-e44461d35697: receive RaftClientReply:client-E41C008B94D2->cb20f782-9136-4144-a2ef-e44461d35697@group-EF222054BC57, cid=1910, SUCCESS, logIndex=2730, commits[cb20f782-9136-4144-a2ef-e44461d35697:c2733]
2019-09-17 12:48:39,903 [grpc-default-executor-1] INFO  client.GrpcClientProtocolClient (GrpcClientProtocolClient.java:onNext(264)) - client-E41C008B94D2->cb20f782-9136-4144-a2ef-e44461d35697: receive RaftClientReply:client-E41C008B94D2->cb20f782-9136-4144-a2ef-e44461d35697@group-EF222054BC57, cid=1911, SUCCESS, logIndex=2731, commits[cb20f782-9136-4144-a2ef-e44461d35697:c2733]
2019-09-17 12:48:39,904 [grpc-default-executor-1] INFO  client.GrpcClientProtocolClient (GrpcClientProtocolClient.java:onNext(264)) - client-E41C008B94D2->cb20f782-9136-4144-a2ef-e44461d35697: receive RaftClientReply:client-E41C008B94D2->cb20f782-9136-4144-a2ef-e44461d35697@group-EF222054BC57, cid=1912, SUCCESS, logIndex=2732, commits[cb20f782-9136-4144-a2ef-e44461d35697:c2733]
2019-09-17 12:48:40,011 [SCMBlockDeletingService#0] DEBUG block.SCMBlockDeletingService (SCMBlockDeletingService.java:call(138)) - Running DeletedBlockTransactionScanner
2019-09-17 12:48:40,011 [SCMBlockDeletingService#0] DEBUG block.SCMBlockDeletingService (SCMBlockDeletingService.java:call(155)) - Scanned deleted blocks log and got 0 delTX to process.
2019-09-17 12:48:40,034 [grpc-default-executor-1] INFO  client.GrpcClientProtocolClient (GrpcClientProtocolClient.java:onNext(264)) - client-E41C008B94D2->cb20f782-9136-4144-a2ef-e44461d35697: receive RaftClientReply:client-E41C008B94D2->cb20f782-9136-4144-a2ef-e44461d35697@group-EF222054BC57, cid=1913, SUCCESS, logIndex=2734, commits[cb20f782-9136-4144-a2ef-e44461d35697:c2735]
2019-09-17 12:48:40,035 [grpc-default-executor-1] INFO  client.GrpcClientProtocolClient (GrpcClientProtocolClient.java:onNext(264)) - client-E41C008B94D2->cb20f782-9136-4144-a2ef-e44461d35697: receive RaftClientReply:client-E41C008B94D2->cb20f782-9136-4144-a2ef-e44461d35697@group-EF222054BC57, cid=1914, SUCCESS, logIndex=2735, commits[cb20f782-9136-4144-a2ef-e44461d35697:c2737]
2019-09-17 12:48:40,035 [grpc-default-executor-1] INFO  client.GrpcClientProtocolClient (GrpcClientProtocolClient.java:onNext(264)) - client-E41C008B94D2->cb20f782-9136-4144-a2ef-e44461d35697: receive RaftClientReply:client-E41C008B94D2->cb20f782-9136-4144-a2ef-e44461d35697@group-EF222054BC57, cid=1915, SUCCESS, logIndex=2736, commits[cb20f782-9136-4144-a2ef-e44461d35697:c2738]
2019-09-17 12:48:40,035 [grpc-default-executor-1] INFO  client.GrpcClientProtocolClient (GrpcClientProtocolClient.java:onNext(264)) - client-E41C008B94D2->cb20f782-9136-4144-a2ef-e44461d35697: receive RaftClientReply:client-E41C008B94D2->cb20f782-9136-4144-a2ef-e44461d35697@group-EF222054BC57, cid=1916, SUCCESS, logIndex=2737, commits[cb20f782-9136-4144-a2ef-e44461d35697:c2739]
2019-09-17 12:48:40,055 [grpc-default-executor-1] INFO  client.GrpcClientProtocolClient (GrpcClientProtocolClient.java:onNext(264)) - client-E41C008B94D2->cb20f782-9136-4144-a2ef-e44461d35697: receive RaftClientReply:client-E41C008B94D2->cb20f782-9136-4144-a2ef-e44461d35697@group-EF222054BC57, cid=1917, SUCCESS, logIndex=2740, commits[cb20f782-9136-4144-a2ef-e44461d35697:c2740]
2019-09-17 12:48:40,056 [grpc-default-executor-1] INFO  client.GrpcClientProtocolClient (GrpcClientProtocolClient.java:onNext(264)) - client-E41C008B94D2->cb20f782-9136-4144-a2ef-e44461d35697: receive RaftClientReply:client-E41C008B94D2->cb20f782-9136-4144-a2ef-e44461d35697@group-EF222054BC57, cid=1918, SUCCESS, logIndex=2741, commits[cb20f782-9136-4144-a2ef-e44461d35697:c2743]
2019-09-17 12:48:40,056 [grpc-default-executor-1] INFO  client.GrpcClientProtocolClient (GrpcClientProtocolClient.java:onNext(264)) - client-E41C008B94D2->cb20f782-9136-4144-a2ef-e44461d35697: receive RaftClientReply:client-E41C008B94D2->cb20f782-9136-4144-a2ef-e44461d35697@group-EF222054BC57, cid=1919, SUCCESS, logIndex=2742, commits[cb20f782-9136-4144-a2ef-e44461d35697:c2744]
2019-09-17 12:48:40,056 [grpc-default-executor-1] INFO  client.GrpcClientProtocolClient (GrpcClientProtocolClient.java:onNext(264)) - client-E41C008B94D2->cb20f782-9136-4144-a2ef-e44461d35697: receive RaftClientReply:client-E41C008B94D2->cb20f782-9136-4144-a2ef-e44461d35697@group-EF222054BC57, cid=1920, SUCCESS, logIndex=2743, commits[cb20f782-9136-4144-a2ef-e44461d35697:c2744]
2019-09-17 12:48:40,084 [grpc-default-executor-1] INFO  client.GrpcClientProtocolClient (GrpcClientProtocolClient.java:onNext(264)) - client-E41C008B94D2->cb20f782-9136-4144-a2ef-e44461d35697: receive RaftClientReply:client-E41C008B94D2->cb20f782-9136-4144-a2ef-e44461d35697@group-EF222054BC57, cid=1921, SUCCESS, logIndex=2746, commits[cb20f782-9136-4144-a2ef-e44461d35697:c2747]
2019-09-17 12:48:40,085 [grpc-default-executor-1] INFO  client.GrpcClientProtocolClient (GrpcClientProtocolClient.java:onNext(264)) - client-E41C008B94D2->cb20f782-9136-4144-a2ef-e44461d35697: receive RaftClientReply:client-E41C008B94D2->cb20f782-9136-4144-a2ef-e44461d35697@group-EF222054BC57, cid=1922, SUCCESS, logIndex=2747, commits[cb20f782-9136-4144-a2ef-e44461d35697:c2749]
2019-09-17 12:48:40,086 [grpc-default-executor-1] INFO  client.GrpcClientProtocolClient (GrpcClientProtocolClient.java:onNext(264)) - client-E41C008B94D2->cb20f782-9136-4144-a2ef-e44461d35697: receive RaftClientReply:client-E41C008B94D2->cb20f782-9136-4144-a2ef-e44461d35697@group-EF222054BC57, cid=1923, SUCCESS, logIndex=2748, commits[cb20f782-9136-4144-a2ef-e44461d35697:c2750]
2019-09-17 12:48:40,086 [grpc-default-executor-1] INFO  client.GrpcClientProtocolClient (GrpcClientProtocolClient.java:onNext(264)) - client-E41C008B94D2->cb20f782-9136-4144-a2ef-e44461d35697: receive RaftClientReply:client-E41C008B94D2->cb20f782-9136-4144-a2ef-e44461d35697@group-EF222054BC57, cid=1924, SUCCESS, logIndex=2749, commits[cb20f782-9136-4144-a2ef-e44461d35697:c2750]
2019-09-17 12:48:40,105 [grpc-default-executor-1] INFO  client.GrpcClientProtocolClient (GrpcClientProtocolClient.java:onNext(264)) - client-E41C008B94D2->cb20f782-9136-4144-a2ef-e44461d35697: receive RaftClientReply:client-E41C008B94D2->cb20f782-9136-4144-a2ef-e44461d35697@group-EF222054BC57, cid=1925, SUCCESS, logIndex=2752, commits[cb20f782-9136-4144-a2ef-e44461d35697:c2753]
2019-09-17 12:48:40,106 [grpc-default-executor-1] INFO  client.GrpcClientProtocolClient (GrpcClientProtocolClient.java:onNext(264)) - client-E41C008B94D2->cb20f782-9136-4144-a2ef-e44461d35697: receive RaftClientReply:client-E41C008B94D2->cb20f782-9136-4144-a2ef-e44461d35697@group-EF222054BC57, cid=1926, SUCCESS, logIndex=2753, commits[cb20f782-9136-4144-a2ef-e44461d35697:c2755]
2019-09-17 12:48:40,106 [grpc-default-executor-1] INFO  client.GrpcClientProtocolClient (GrpcClientProtocolClient.java:onNext(264)) - client-E41C008B94D2->cb20f782-9136-4144-a2ef-e44461d35697: receive RaftClientReply:client-E41C008B94D2->cb20f782-9136-4144-a2ef-e44461d35697@group-EF222054BC57, cid=1927, SUCCESS, logIndex=2754, commits[cb20f782-9136-4144-a2ef-e44461d35697:c2756]
2019-09-17 12:48:40,106 [grpc-default-executor-1] INFO  client.GrpcClientProtocolClient (GrpcClientProtocolClient.java:onNext(264)) - client-E41C008B94D2->cb20f782-9136-4144-a2ef-e44461d35697: receive RaftClientReply:client-E41C008B94D2->cb20f782-9136-4144-a2ef-e44461d35697@group-EF222054BC57, cid=1928, SUCCESS, logIndex=2755, commits[cb20f782-9136-4144-a2ef-e44461d35697:c2756]
2019-09-17 12:48:40,112 [SCMBlockDeletingService#0] DEBUG block.SCMBlockDeletingService (SCMBlockDeletingService.java:call(138)) - Running DeletedBlockTransactionScanner
2019-09-17 12:48:40,112 [SCMBlockDeletingService#0] DEBUG block.SCMBlockDeletingService (SCMBlockDeletingService.java:call(155)) - Scanned deleted blocks log and got 0 delTX to process.
2019-09-17 12:48:40,134 [grpc-default-executor-1] INFO  client.GrpcClientProtocolClient (GrpcClientProtocolClient.java:onNext(264)) - client-E41C008B94D2->cb20f782-9136-4144-a2ef-e44461d35697: receive RaftClientReply:client-E41C008B94D2->cb20f782-9136-4144-a2ef-e44461d35697@group-EF222054BC57, cid=1929, SUCCESS, logIndex=2758, commits[cb20f782-9136-4144-a2ef-e44461d35697:c2759]
2019-09-17 12:48:40,135 [grpc-default-executor-1] INFO  client.GrpcClientProtocolClient (GrpcClientProtocolClient.java:onNext(264)) - client-E41C008B94D2->cb20f782-9136-4144-a2ef-e44461d35697: receive RaftClientReply:client-E41C008B94D2->cb20f782-9136-4144-a2ef-e44461d35697@group-EF222054BC57, cid=1930, SUCCESS, logIndex=2759, commits[cb20f782-9136-4144-a2ef-e44461d35697:c2762]
2019-09-17 12:48:40,135 [grpc-default-executor-1] INFO  client.GrpcClientProtocolClient (GrpcClientProtocolClient.java:onNext(264)) - client-E41C008B94D2->cb20f782-9136-4144-a2ef-e44461d35697: receive RaftClientReply:client-E41C008B94D2->cb20f782-9136-4144-a2ef-e44461d35697@group-EF222054BC57, cid=1931, SUCCESS, logIndex=2760, commits[cb20f782-9136-4144-a2ef-e44461d35697:c2762]
2019-09-17 12:48:40,135 [grpc-default-executor-1] INFO  client.GrpcClientProtocolClient (GrpcClientProtocolClient.java:onNext(264)) - client-E41C008B94D2->cb20f782-9136-4144-a2ef-e44461d35697: receive RaftClientReply:client-E41C008B94D2->cb20f782-9136-4144-a2ef-e44461d35697@group-EF222054BC57, cid=1932, SUCCESS, logIndex=2761, commits[cb20f782-9136-4144-a2ef-e44461d35697:c2763]
2019-09-17 12:48:40,154 [grpc-default-executor-1] INFO  client.GrpcClientProtocolClient (GrpcClientProtocolClient.java:onNext(264)) - client-E41C008B94D2->cb20f782-9136-4144-a2ef-e44461d35697: receive RaftClientReply:client-E41C008B94D2->cb20f782-9136-4144-a2ef-e44461d35697@group-EF222054BC57, cid=1933, SUCCESS, logIndex=2764, commits[cb20f782-9136-4144-a2ef-e44461d35697:c2765]
2019-09-17 12:48:40,155 [grpc-default-executor-1] INFO  client.GrpcClientProtocolClient (GrpcClientProtocolClient.java:onNext(264)) - client-E41C008B94D2->cb20f782-9136-4144-a2ef-e44461d35697: receive RaftClientReply:client-E41C008B94D2->cb20f782-9136-4144-a2ef-e44461d35697@group-EF222054BC57, cid=1934, SUCCESS, logIndex=2765, commits[cb20f782-9136-4144-a2ef-e44461d35697:c2767]
2019-09-17 12:48:40,155 [grpc-default-executor-1] INFO  client.GrpcClientProtocolClient (GrpcClientProtocolClient.java:onNext(264)) - client-E41C008B94D2->cb20f782-9136-4144-a2ef-e44461d35697: receive RaftClientReply:client-E41C008B94D2->cb20f782-9136-4144-a2ef-e44461d35697@group-EF222054BC57, cid=1935, SUCCESS, logIndex=2766, commits[cb20f782-9136-4144-a2ef-e44461d35697:c2767]
2019-09-17 12:48:40,155 [grpc-default-executor-1] INFO  client.GrpcClientProtocolClient (GrpcClientProtocolClient.java:onNext(264)) - client-E41C008B94D2->cb20f782-9136-4144-a2ef-e44461d35697: receive RaftClientReply:client-E41C008B94D2->cb20f782-9136-4144-a2ef-e44461d35697@group-EF222054BC57, cid=1936, SUCCESS, logIndex=2767, commits[cb20f782-9136-4144-a2ef-e44461d35697:c2768]
2019-09-17 12:48:40,182 [grpc-default-executor-2] INFO  client.GrpcClientProtocolClient (GrpcClientProtocolClient.java:onNext(264)) - client-E41C008B94D2->cb20f782-9136-4144-a2ef-e44461d35697: receive RaftClientReply:client-E41C008B94D2->cb20f782-9136-4144-a2ef-e44461d35697@group-EF222054BC57, cid=1937, SUCCESS, logIndex=2770, commits[cb20f782-9136-4144-a2ef-e44461d35697:c2773]
2019-09-17 12:48:40,183 [grpc-default-executor-2] INFO  client.GrpcClientProtocolClient (GrpcClientProtocolClient.java:onNext(264)) - client-E41C008B94D2->cb20f782-9136-4144-a2ef-e44461d35697: receive RaftClientReply:client-E41C008B94D2->cb20f782-9136-4144-a2ef-e44461d35697@group-EF222054BC57, cid=1938, SUCCESS, logIndex=2771, commits[cb20f782-9136-4144-a2ef-e44461d35697:c2773]
2019-09-17 12:48:40,183 [grpc-default-executor-2] INFO  client.GrpcClientProtocolClient (GrpcClientProtocolClient.java:onNext(264)) - client-E41C008B94D2->cb20f782-9136-4144-a2ef-e44461d35697: receive RaftClientReply:client-E41C008B94D2->cb20f782-9136-4144-a2ef-e44461d35697@group-EF222054BC57, cid=1939, SUCCESS, logIndex=2772, commits[cb20f782-9136-4144-a2ef-e44461d35697:c2774]
2019-09-17 12:48:40,183 [grpc-default-executor-2] INFO  client.GrpcClientProtocolClient (GrpcClientProtocolClient.java:onNext(264)) - client-E41C008B94D2->cb20f782-9136-4144-a2ef-e44461d35697: receive RaftClientReply:client-E41C008B94D2->cb20f782-9136-4144-a2ef-e44461d35697@group-EF222054BC57, cid=1940, SUCCESS, logIndex=2773, commits[cb20f782-9136-4144-a2ef-e44461d35697:c2774]
2019-09-17 12:48:40,201 [grpc-default-executor-2] INFO  client.GrpcClientProtocolClient (GrpcClientProtocolClient.java:onNext(264)) - client-E41C008B94D2->cb20f782-9136-4144-a2ef-e44461d35697: receive RaftClientReply:client-E41C008B94D2->cb20f782-9136-4144-a2ef-e44461d35697@group-EF222054BC57, cid=1941, SUCCESS, logIndex=2776, commits[cb20f782-9136-4144-a2ef-e44461d35697:c2779]
2019-09-17 12:48:40,202 [grpc-default-executor-2] INFO  client.GrpcClientProtocolClient (GrpcClientProtocolClient.java:onNext(264)) - client-E41C008B94D2->cb20f782-9136-4144-a2ef-e44461d35697: receive RaftClientReply:client-E41C008B94D2->cb20f782-9136-4144-a2ef-e44461d35697@group-EF222054BC57, cid=1942, SUCCESS, logIndex=2777, commits[cb20f782-9136-4144-a2ef-e44461d35697:c2779]
2019-09-17 12:48:40,202 [grpc-default-executor-2] INFO  client.GrpcClientProtocolClient (GrpcClientProtocolClient.java:onNext(264)) - client-E41C008B94D2->cb20f782-9136-4144-a2ef-e44461d35697: receive RaftClientReply:client-E41C008B94D2->cb20f782-9136-4144-a2ef-e44461d35697@group-EF222054BC57, cid=1943, SUCCESS, logIndex=2778, commits[cb20f782-9136-4144-a2ef-e44461d35697:c2780]
2019-09-17 12:48:40,203 [grpc-default-executor-2] INFO  client.GrpcClientProtocolClient (GrpcClientProtocolClient.java:onNext(264)) - client-E41C008B94D2->cb20f782-9136-4144-a2ef-e44461d35697: receive RaftClientReply:client-E41C008B94D2->cb20f782-9136-4144-a2ef-e44461d35697@group-EF222054BC57, cid=1944, SUCCESS, logIndex=2779, commits[cb20f782-9136-4144-a2ef-e44461d35697:c2780]
2019-09-17 12:48:40,212 [SCMBlockDeletingService#0] DEBUG block.SCMBlockDeletingService (SCMBlockDeletingService.java:call(138)) - Running DeletedBlockTransactionScanner
2019-09-17 12:48:40,213 [SCMBlockDeletingService#0] DEBUG block.SCMBlockDeletingService (SCMBlockDeletingService.java:call(155)) - Scanned deleted blocks log and got 0 delTX to process.
2019-09-17 12:48:40,313 [SCMBlockDeletingService#0] DEBUG block.SCMBlockDeletingService (SCMBlockDeletingService.java:call(138)) - Running DeletedBlockTransactionScanner
2019-09-17 12:48:40,313 [SCMBlockDeletingService#0] DEBUG block.SCMBlockDeletingService (SCMBlockDeletingService.java:call(155)) - Scanned deleted blocks log and got 0 delTX to process.
2019-09-17 12:48:40,334 [grpc-default-executor-1] INFO  client.GrpcClientProtocolClient (GrpcClientProtocolClient.java:onNext(264)) - client-E41C008B94D2->cb20f782-9136-4144-a2ef-e44461d35697: receive RaftClientReply:client-E41C008B94D2->cb20f782-9136-4144-a2ef-e44461d35697@group-EF222054BC57, cid=1945, SUCCESS, logIndex=2782, commits[cb20f782-9136-4144-a2ef-e44461d35697:c2785]
2019-09-17 12:48:40,335 [grpc-default-executor-1] INFO  client.GrpcClientProtocolClient (GrpcClientProtocolClient.java:onNext(264)) - client-E41C008B94D2->cb20f782-9136-4144-a2ef-e44461d35697: receive RaftClientReply:client-E41C008B94D2->cb20f782-9136-4144-a2ef-e44461d35697@group-EF222054BC57, cid=1946, SUCCESS, logIndex=2783, commits[cb20f782-9136-4144-a2ef-e44461d35697:c2786]
2019-09-17 12:48:40,335 [grpc-default-executor-1] INFO  client.GrpcClientProtocolClient (GrpcClientProtocolClient.java:onNext(264)) - client-E41C008B94D2->cb20f782-9136-4144-a2ef-e44461d35697: receive RaftClientReply:client-E41C008B94D2->cb20f782-9136-4144-a2ef-e44461d35697@group-EF222054BC57, cid=1947, SUCCESS, logIndex=2784, commits[cb20f782-9136-4144-a2ef-e44461d35697:c2786]
2019-09-17 12:48:40,335 [grpc-default-executor-1] INFO  client.GrpcClientProtocolClient (GrpcClientProtocolClient.java:onNext(264)) - client-E41C008B94D2->cb20f782-9136-4144-a2ef-e44461d35697: receive RaftClientReply:client-E41C008B94D2->cb20f782-9136-4144-a2ef-e44461d35697@group-EF222054BC57, cid=1948, SUCCESS, logIndex=2785, commits[cb20f782-9136-4144-a2ef-e44461d35697:c2786]
2019-09-17 12:48:40,414 [SCMBlockDeletingService#0] DEBUG block.SCMBlockDeletingService (SCMBlockDeletingService.java:call(138)) - Running DeletedBlockTransactionScanner
2019-09-17 12:48:40,414 [SCMBlockDeletingService#0] DEBUG block.SCMBlockDeletingService (SCMBlockDeletingService.java:call(155)) - Scanned deleted blocks log and got 0 delTX to process.
2019-09-17 12:48:40,515 [SCMBlockDeletingService#0] DEBUG block.SCMBlockDeletingService (SCMBlockDeletingService.java:call(138)) - Running DeletedBlockTransactionScanner
2019-09-17 12:48:40,515 [SCMBlockDeletingService#0] DEBUG block.SCMBlockDeletingService (SCMBlockDeletingService.java:call(155)) - Scanned deleted blocks log and got 0 delTX to process.
2019-09-17 12:48:40,615 [SCMBlockDeletingService#0] DEBUG block.SCMBlockDeletingService (SCMBlockDeletingService.java:call(138)) - Running DeletedBlockTransactionScanner
2019-09-17 12:48:40,615 [SCMBlockDeletingService#0] DEBUG block.SCMBlockDeletingService (SCMBlockDeletingService.java:call(155)) - Scanned deleted blocks log and got 0 delTX to process.
2019-09-17 12:48:40,716 [SCMBlockDeletingService#0] DEBUG block.SCMBlockDeletingService (SCMBlockDeletingService.java:call(138)) - Running DeletedBlockTransactionScanner
2019-09-17 12:48:40,716 [SCMBlockDeletingService#0] DEBUG block.SCMBlockDeletingService (SCMBlockDeletingService.java:call(155)) - Scanned deleted blocks log and got 0 delTX to process.
2019-09-17 12:48:40,816 [SCMBlockDeletingService#0] DEBUG block.SCMBlockDeletingService (SCMBlockDeletingService.java:call(138)) - Running DeletedBlockTransactionScanner
2019-09-17 12:48:40,817 [SCMBlockDeletingService#0] DEBUG block.SCMBlockDeletingService (SCMBlockDeletingService.java:call(155)) - Scanned deleted blocks log and got 0 delTX to process.
2019-09-17 12:48:40,917 [SCMBlockDeletingService#0] DEBUG block.SCMBlockDeletingService (SCMBlockDeletingService.java:call(138)) - Running DeletedBlockTransactionScanner
2019-09-17 12:48:40,917 [SCMBlockDeletingService#0] DEBUG block.SCMBlockDeletingService (SCMBlockDeletingService.java:call(155)) - Scanned deleted blocks log and got 0 delTX to process.
2019-09-17 12:48:41,018 [SCMBlockDeletingService#0] DEBUG block.SCMBlockDeletingService (SCMBlockDeletingService.java:call(138)) - Running DeletedBlockTransactionScanner
2019-09-17 12:48:41,018 [SCMBlockDeletingService#0] DEBUG block.SCMBlockDeletingService (SCMBlockDeletingService.java:call(155)) - Scanned deleted blocks log and got 0 delTX to process.
2019-09-17 12:48:41,119 [SCMBlockDeletingService#0] DEBUG block.SCMBlockDeletingService (SCMBlockDeletingService.java:call(138)) - Running DeletedBlockTransactionScanner
2019-09-17 12:48:41,119 [SCMBlockDeletingService#0] DEBUG block.SCMBlockDeletingService (SCMBlockDeletingService.java:call(155)) - Scanned deleted blocks log and got 0 delTX to process.
2019-09-17 12:48:41,219 [SCMBlockDeletingService#0] DEBUG block.SCMBlockDeletingService (SCMBlockDeletingService.java:call(138)) - Running DeletedBlockTransactionScanner
2019-09-17 12:48:41,220 [SCMBlockDeletingService#0] DEBUG block.SCMBlockDeletingService (SCMBlockDeletingService.java:call(155)) - Scanned deleted blocks log and got 0 delTX to process.
2019-09-17 12:48:41,320 [SCMBlockDeletingService#0] DEBUG block.SCMBlockDeletingService (SCMBlockDeletingService.java:call(138)) - Running DeletedBlockTransactionScanner
2019-09-17 12:48:41,321 [SCMBlockDeletingService#0] DEBUG block.SCMBlockDeletingService (SCMBlockDeletingService.java:call(155)) - Scanned deleted blocks log and got 0 delTX to process.
2019-09-17 12:48:41,421 [SCMBlockDeletingService#0] DEBUG block.SCMBlockDeletingService (SCMBlockDeletingService.java:call(138)) - Running DeletedBlockTransactionScanner
2019-09-17 12:48:41,421 [SCMBlockDeletingService#0] DEBUG block.SCMBlockDeletingService (SCMBlockDeletingService.java:call(155)) - Scanned deleted blocks log and got 0 delTX to process.
2019-09-17 12:48:41,522 [SCMBlockDeletingService#0] DEBUG block.SCMBlockDeletingService (SCMBlockDeletingService.java:call(138)) - Running DeletedBlockTransactionScanner
2019-09-17 12:48:41,522 [SCMBlockDeletingService#0] DEBUG block.SCMBlockDeletingService (SCMBlockDeletingService.java:call(155)) - Scanned deleted blocks log and got 0 delTX to process.
2019-09-17 12:48:41,623 [SCMBlockDeletingService#0] DEBUG block.SCMBlockDeletingService (SCMBlockDeletingService.java:call(138)) - Running DeletedBlockTransactionScanner
2019-09-17 12:48:41,623 [SCMBlockDeletingService#0] DEBUG block.SCMBlockDeletingService (SCMBlockDeletingService.java:call(155)) - Scanned deleted blocks log and got 0 delTX to process.
2019-09-17 12:48:41,723 [SCMBlockDeletingService#0] DEBUG block.SCMBlockDeletingService (SCMBlockDeletingService.java:call(138)) - Running DeletedBlockTransactionScanner
2019-09-17 12:48:41,723 [SCMBlockDeletingService#0] DEBUG block.SCMBlockDeletingService (SCMBlockDeletingService.java:call(155)) - Scanned deleted blocks log and got 0 delTX to process.
2019-09-17 12:48:41,824 [SCMBlockDeletingService#0] DEBUG block.SCMBlockDeletingService (SCMBlockDeletingService.java:call(138)) - Running DeletedBlockTransactionScanner
2019-09-17 12:48:41,824 [SCMBlockDeletingService#0] DEBUG block.SCMBlockDeletingService (SCMBlockDeletingService.java:call(155)) - Scanned deleted blocks log and got 0 delTX to process.
2019-09-17 12:48:41,925 [SCMBlockDeletingService#0] DEBUG block.SCMBlockDeletingService (SCMBlockDeletingService.java:call(138)) - Running DeletedBlockTransactionScanner
2019-09-17 12:48:41,925 [SCMBlockDeletingService#0] DEBUG block.SCMBlockDeletingService (SCMBlockDeletingService.java:call(155)) - Scanned deleted blocks log and got 0 delTX to process.
2019-09-17 12:48:42,026 [SCMBlockDeletingService#0] DEBUG block.SCMBlockDeletingService (SCMBlockDeletingService.java:call(138)) - Running DeletedBlockTransactionScanner
2019-09-17 12:48:42,026 [SCMBlockDeletingService#0] DEBUG block.SCMBlockDeletingService (SCMBlockDeletingService.java:call(155)) - Scanned deleted blocks log and got 0 delTX to process.
2019-09-17 12:48:42,126 [SCMBlockDeletingService#0] DEBUG block.SCMBlockDeletingService (SCMBlockDeletingService.java:call(138)) - Running DeletedBlockTransactionScanner
2019-09-17 12:48:42,127 [SCMBlockDeletingService#0] DEBUG block.SCMBlockDeletingService (SCMBlockDeletingService.java:call(155)) - Scanned deleted blocks log and got 0 delTX to process.
2019-09-17 12:48:42,227 [SCMBlockDeletingService#0] DEBUG block.SCMBlockDeletingService (SCMBlockDeletingService.java:call(138)) - Running DeletedBlockTransactionScanner
2019-09-17 12:48:42,227 [SCMBlockDeletingService#0] DEBUG block.SCMBlockDeletingService (SCMBlockDeletingService.java:call(155)) - Scanned deleted blocks log and got 0 delTX to process.
2019-09-17 12:48:42,328 [SCMBlockDeletingService#0] DEBUG block.SCMBlockDeletingService (SCMBlockDeletingService.java:call(138)) - Running DeletedBlockTransactionScanner
2019-09-17 12:48:42,328 [SCMBlockDeletingService#0] DEBUG block.SCMBlockDeletingService (SCMBlockDeletingService.java:call(155)) - Scanned deleted blocks log and got 0 delTX to process.
2019-09-17 12:48:42,428 [SCMBlockDeletingService#0] DEBUG block.SCMBlockDeletingService (SCMBlockDeletingService.java:call(138)) - Running DeletedBlockTransactionScanner
2019-09-17 12:48:42,428 [SCMBlockDeletingService#0] DEBUG block.SCMBlockDeletingService (SCMBlockDeletingService.java:call(155)) - Scanned deleted blocks log and got 0 delTX to process.
2019-09-17 12:48:42,476 [grpc-default-executor-1] INFO  client.GrpcClientProtocolClient (GrpcClientProtocolClient.java:onNext(264)) - client-E41C008B94D2->cb20f782-9136-4144-a2ef-e44461d35697: receive RaftClientReply:client-E41C008B94D2->cb20f782-9136-4144-a2ef-e44461d35697@group-EF222054BC57, cid=1949, SUCCESS, logIndex=2787, commits[cb20f782-9136-4144-a2ef-e44461d35697:c2790]
2019-09-17 12:48:42,477 [grpc-default-executor-1] INFO  client.GrpcClientProtocolClient (GrpcClientProtocolClient.java:onNext(264)) - client-E41C008B94D2->cb20f782-9136-4144-a2ef-e44461d35697: receive RaftClientReply:client-E41C008B94D2->cb20f782-9136-4144-a2ef-e44461d35697@group-EF222054BC57, cid=1950, SUCCESS, logIndex=2788, commits[cb20f782-9136-4144-a2ef-e44461d35697:c2790]
2019-09-17 12:48:42,478 [grpc-default-executor-1] INFO  client.GrpcClientProtocolClient (GrpcClientProtocolClient.java:onNext(264)) - client-E41C008B94D2->cb20f782-9136-4144-a2ef-e44461d35697: receive RaftClientReply:client-E41C008B94D2->cb20f782-9136-4144-a2ef-e44461d35697@group-EF222054BC57, cid=1951, SUCCESS, logIndex=2789, commits[cb20f782-9136-4144-a2ef-e44461d35697:c2790]
2019-09-17 12:48:42,478 [grpc-default-executor-1] INFO  client.GrpcClientProtocolClient (GrpcClientProtocolClient.java:onNext(264)) - client-E41C008B94D2->cb20f782-9136-4144-a2ef-e44461d35697: receive RaftClientReply:client-E41C008B94D2->cb20f782-9136-4144-a2ef-e44461d35697@group-EF222054BC57, cid=1952, SUCCESS, logIndex=2790, commits[cb20f782-9136-4144-a2ef-e44461d35697:c2790]
2019-09-17 12:48:42,529 [SCMBlockDeletingService#0] DEBUG block.SCMBlockDeletingService (SCMBlockDeletingService.java:call(138)) - Running DeletedBlockTransactionScanner
2019-09-17 12:48:42,529 [SCMBlockDeletingService#0] DEBUG block.SCMBlockDeletingService (SCMBlockDeletingService.java:call(155)) - Scanned deleted blocks log and got 0 delTX to process.
2019-09-17 12:48:42,531 [grpc-default-executor-1] INFO  client.GrpcClientProtocolClient (GrpcClientProtocolClient.java:onNext(264)) - client-E41C008B94D2->cb20f782-9136-4144-a2ef-e44461d35697: receive RaftClientReply:client-E41C008B94D2->cb20f782-9136-4144-a2ef-e44461d35697@group-EF222054BC57, cid=1953, SUCCESS, logIndex=2792, commits[cb20f782-9136-4144-a2ef-e44461d35697:c2793]
2019-09-17 12:48:42,531 [grpc-default-executor-1] INFO  client.GrpcClientProtocolClient (GrpcClientProtocolClient.java:onNext(264)) - client-E41C008B94D2->cb20f782-9136-4144-a2ef-e44461d35697: receive RaftClientReply:client-E41C008B94D2->cb20f782-9136-4144-a2ef-e44461d35697@group-EF222054BC57, cid=1954, SUCCESS, logIndex=2793, commits[cb20f782-9136-4144-a2ef-e44461d35697:c2795]
2019-09-17 12:48:42,532 [grpc-default-executor-1] INFO  client.GrpcClientProtocolClient (GrpcClientProtocolClient.java:onNext(264)) - client-E41C008B94D2->cb20f782-9136-4144-a2ef-e44461d35697: receive RaftClientReply:client-E41C008B94D2->cb20f782-9136-4144-a2ef-e44461d35697@group-EF222054BC57, cid=1955, SUCCESS, logIndex=2794, commits[cb20f782-9136-4144-a2ef-e44461d35697:c2796]
2019-09-17 12:48:42,532 [grpc-default-executor-1] INFO  client.GrpcClientProtocolClient (GrpcClientProtocolClient.java:onNext(264)) - client-E41C008B94D2->cb20f782-9136-4144-a2ef-e44461d35697: receive RaftClientReply:client-E41C008B94D2->cb20f782-9136-4144-a2ef-e44461d35697@group-EF222054BC57, cid=1956, SUCCESS, logIndex=2795, commits[cb20f782-9136-4144-a2ef-e44461d35697:c2796]
2019-09-17 12:48:42,554 [grpc-default-executor-1] INFO  client.GrpcClientProtocolClient (GrpcClientProtocolClient.java:onNext(264)) - client-E41C008B94D2->cb20f782-9136-4144-a2ef-e44461d35697: receive RaftClientReply:client-E41C008B94D2->cb20f782-9136-4144-a2ef-e44461d35697@group-EF222054BC57, cid=1957, SUCCESS, logIndex=2798, commits[cb20f782-9136-4144-a2ef-e44461d35697:c2799]
2019-09-17 12:48:42,554 [grpc-default-executor-1] INFO  client.GrpcClientProtocolClient (GrpcClientProtocolClient.java:onNext(264)) - client-E41C008B94D2->cb20f782-9136-4144-a2ef-e44461d35697: receive RaftClientReply:client-E41C008B94D2->cb20f782-9136-4144-a2ef-e44461d35697@group-EF222054BC57, cid=1958, SUCCESS, logIndex=2799, commits[cb20f782-9136-4144-a2ef-e44461d35697:c2801]
2019-09-17 12:48:42,555 [grpc-default-executor-1] INFO  client.GrpcClientProtocolClient (GrpcClientProtocolClient.java:onNext(264)) - client-E41C008B94D2->cb20f782-9136-4144-a2ef-e44461d35697: receive RaftClientReply:client-E41C008B94D2->cb20f782-9136-4144-a2ef-e44461d35697@group-EF222054BC57, cid=1959, SUCCESS, logIndex=2800, commits[cb20f782-9136-4144-a2ef-e44461d35697:c2801]
2019-09-17 12:48:42,556 [grpc-default-executor-1] INFO  client.GrpcClientProtocolClient (GrpcClientProtocolClient.java:onNext(264)) - client-E41C008B94D2->cb20f782-9136-4144-a2ef-e44461d35697: receive RaftClientReply:client-E41C008B94D2->cb20f782-9136-4144-a2ef-e44461d35697@group-EF222054BC57, cid=1960, SUCCESS, logIndex=2801, commits[cb20f782-9136-4144-a2ef-e44461d35697:c2802]
2019-09-17 12:48:42,589 [grpc-default-executor-2] INFO  client.GrpcClientProtocolClient (GrpcClientProtocolClient.java:onNext(264)) - client-E41C008B94D2->cb20f782-9136-4144-a2ef-e44461d35697: receive RaftClientReply:client-E41C008B94D2->cb20f782-9136-4144-a2ef-e44461d35697@group-EF222054BC57, cid=1961, SUCCESS, logIndex=2804, commits[cb20f782-9136-4144-a2ef-e44461d35697:c2805]
2019-09-17 12:48:42,590 [grpc-default-executor-2] INFO  client.GrpcClientProtocolClient (GrpcClientProtocolClient.java:onNext(264)) - client-E41C008B94D2->cb20f782-9136-4144-a2ef-e44461d35697: receive RaftClientReply:client-E41C008B94D2->cb20f782-9136-4144-a2ef-e44461d35697@group-EF222054BC57, cid=1962, SUCCESS, logIndex=2805, commits[cb20f782-9136-4144-a2ef-e44461d35697:c2807]
2019-09-17 12:48:42,591 [grpc-default-executor-2] INFO  client.GrpcClientProtocolClient (GrpcClientProtocolClient.java:onNext(264)) - client-E41C008B94D2->cb20f782-9136-4144-a2ef-e44461d35697: receive RaftClientReply:client-E41C008B94D2->cb20f782-9136-4144-a2ef-e44461d35697@group-EF222054BC57, cid=1963, SUCCESS, logIndex=2806, commits[cb20f782-9136-4144-a2ef-e44461d35697:c2808]
2019-09-17 12:48:42,591 [grpc-default-executor-2] INFO  client.GrpcClientProtocolClient (GrpcClientProtocolClient.java:onNext(264)) - client-E41C008B94D2->cb20f782-9136-4144-a2ef-e44461d35697: receive RaftClientReply:client-E41C008B94D2->cb20f782-9136-4144-a2ef-e44461d35697@group-EF222054BC57, cid=1964, SUCCESS, logIndex=2807, commits[cb20f782-9136-4144-a2ef-e44461d35697:c2809]
2019-09-17 12:48:42,614 [grpc-default-executor-1] INFO  client.GrpcClientProtocolClient (GrpcClientProtocolClient.java:onNext(264)) - client-E41C008B94D2->cb20f782-9136-4144-a2ef-e44461d35697: receive RaftClientReply:client-E41C008B94D2->cb20f782-9136-4144-a2ef-e44461d35697@group-EF222054BC57, cid=1965, SUCCESS, logIndex=2810, commits[cb20f782-9136-4144-a2ef-e44461d35697:c2811]
2019-09-17 12:48:42,615 [grpc-default-executor-1] INFO  client.GrpcClientProtocolClient (GrpcClientProtocolClient.java:onNext(264)) - client-E41C008B94D2->cb20f782-9136-4144-a2ef-e44461d35697: receive RaftClientReply:client-E41C008B94D2->cb20f782-9136-4144-a2ef-e44461d35697@group-EF222054BC57, cid=1966, SUCCESS, logIndex=2811, commits[cb20f782-9136-4144-a2ef-e44461d35697:c2813]
2019-09-17 12:48:42,615 [grpc-default-executor-1] INFO  client.GrpcClientProtocolClient (GrpcClientProtocolClient.java:onNext(264)) - client-E41C008B94D2->cb20f782-9136-4144-a2ef-e44461d35697: receive RaftClientReply:client-E41C008B94D2->cb20f782-9136-4144-a2ef-e44461d35697@group-EF222054BC57, cid=1967, SUCCESS, logIndex=2812, commits[cb20f782-9136-4144-a2ef-e44461d35697:c2813]
2019-09-17 12:48:42,615 [grpc-default-executor-1] INFO  client.GrpcClientProtocolClient (GrpcClientProtocolClient.java:onNext(264)) - client-E41C008B94D2->cb20f782-9136-4144-a2ef-e44461d35697: receive RaftClientReply:client-E41C008B94D2->cb20f782-9136-4144-a2ef-e44461d35697@group-EF222054BC57, cid=1968, SUCCESS, logIndex=2813, commits[cb20f782-9136-4144-a2ef-e44461d35697:c2814]
2019-09-17 12:48:42,630 [SCMBlockDeletingService#0] DEBUG block.SCMBlockDeletingService (SCMBlockDeletingService.java:call(138)) - Running DeletedBlockTransactionScanner
2019-09-17 12:48:42,630 [SCMBlockDeletingService#0] DEBUG block.SCMBlockDeletingService (SCMBlockDeletingService.java:call(155)) - Scanned deleted blocks log and got 0 delTX to process.
2019-09-17 12:48:42,651 [grpc-default-executor-1] INFO  client.GrpcClientProtocolClient (GrpcClientProtocolClient.java:onNext(264)) - client-E41C008B94D2->cb20f782-9136-4144-a2ef-e44461d35697: receive RaftClientReply:client-E41C008B94D2->cb20f782-9136-4144-a2ef-e44461d35697@group-EF222054BC57, cid=1969, SUCCESS, logIndex=2816, commits[cb20f782-9136-4144-a2ef-e44461d35697:c2817]
2019-09-17 12:48:42,651 [grpc-default-executor-1] INFO  client.GrpcClientProtocolClient (GrpcClientProtocolClient.java:onNext(264)) - client-E41C008B94D2->cb20f782-9136-4144-a2ef-e44461d35697: receive RaftClientReply:client-E41C008B94D2->cb20f782-9136-4144-a2ef-e44461d35697@group-EF222054BC57, cid=1970, SUCCESS, logIndex=2817, commits[cb20f782-9136-4144-a2ef-e44461d35697:c2819]
2019-09-17 12:48:42,652 [grpc-default-executor-1] INFO  client.GrpcClientProtocolClient (GrpcClientProtocolClient.java:onNext(264)) - client-E41C008B94D2->cb20f782-9136-4144-a2ef-e44461d35697: receive RaftClientReply:client-E41C008B94D2->cb20f782-9136-4144-a2ef-e44461d35697@group-EF222054BC57, cid=1971, SUCCESS, logIndex=2818, commits[cb20f782-9136-4144-a2ef-e44461d35697:c2819]
2019-09-17 12:48:42,652 [grpc-default-executor-1] INFO  client.GrpcClientProtocolClient (GrpcClientProtocolClient.java:onNext(264)) - client-E41C008B94D2->cb20f782-9136-4144-a2ef-e44461d35697: receive RaftClientReply:client-E41C008B94D2->cb20f782-9136-4144-a2ef-e44461d35697@group-EF222054BC57, cid=1972, SUCCESS, logIndex=2819, commits[cb20f782-9136-4144-a2ef-e44461d35697:c2820]
2019-09-17 12:48:42,675 [grpc-default-executor-1] INFO  client.GrpcClientProtocolClient (GrpcClientProtocolClient.java:onNext(264)) - client-E41C008B94D2->cb20f782-9136-4144-a2ef-e44461d35697: receive RaftClientReply:client-E41C008B94D2->cb20f782-9136-4144-a2ef-e44461d35697@group-EF222054BC57, cid=1973, SUCCESS, logIndex=2822, commits[cb20f782-9136-4144-a2ef-e44461d35697:c2825]
2019-09-17 12:48:42,676 [grpc-default-executor-1] INFO  client.GrpcClientProtocolClient (GrpcClientProtocolClient.java:onNext(264)) - client-E41C008B94D2->cb20f782-9136-4144-a2ef-e44461d35697: receive RaftClientReply:client-E41C008B94D2->cb20f782-9136-4144-a2ef-e44461d35697@group-EF222054BC57, cid=1974, SUCCESS, logIndex=2823, commits[cb20f782-9136-4144-a2ef-e44461d35697:c2826]
2019-09-17 12:48:42,677 [grpc-default-executor-1] INFO  client.GrpcClientProtocolClient (GrpcClientProtocolClient.java:onNext(264)) - client-E41C008B94D2->cb20f782-9136-4144-a2ef-e44461d35697: receive RaftClientReply:client-E41C008B94D2->cb20f782-9136-4144-a2ef-e44461d35697@group-EF222054BC57, cid=1975, SUCCESS, logIndex=2824, commits[cb20f782-9136-4144-a2ef-e44461d35697:c2826]
2019-09-17 12:48:42,677 [grpc-default-executor-1] INFO  client.GrpcClientProtocolClient (GrpcClientProtocolClient.java:onNext(264)) - client-E41C008B94D2->cb20f782-9136-4144-a2ef-e44461d35697: receive RaftClientReply:client-E41C008B94D2->cb20f782-9136-4144-a2ef-e44461d35697@group-EF222054BC57, cid=1976, SUCCESS, logIndex=2825, commits[cb20f782-9136-4144-a2ef-e44461d35697:c2827]
2019-09-17 12:48:42,710 [grpc-default-executor-2] INFO  client.GrpcClientProtocolClient (GrpcClientProtocolClient.java:onNext(264)) - client-E41C008B94D2->cb20f782-9136-4144-a2ef-e44461d35697: receive RaftClientReply:client-E41C008B94D2->cb20f782-9136-4144-a2ef-e44461d35697@group-EF222054BC57, cid=1977, SUCCESS, logIndex=2828, commits[cb20f782-9136-4144-a2ef-e44461d35697:c2829]
2019-09-17 12:48:42,711 [grpc-default-executor-2] INFO  client.GrpcClientProtocolClient (GrpcClientProtocolClient.java:onNext(264)) - client-E41C008B94D2->cb20f782-9136-4144-a2ef-e44461d35697: receive RaftClientReply:client-E41C008B94D2->cb20f782-9136-4144-a2ef-e44461d35697@group-EF222054BC57, cid=1978, SUCCESS, logIndex=2829, commits[cb20f782-9136-4144-a2ef-e44461d35697:c2831]
2019-09-17 12:48:42,712 [grpc-default-executor-2] INFO  client.GrpcClientProtocolClient (GrpcClientProtocolClient.java:onNext(264)) - client-E41C008B94D2->cb20f782-9136-4144-a2ef-e44461d35697: receive RaftClientReply:client-E41C008B94D2->cb20f782-9136-4144-a2ef-e44461d35697@group-EF222054BC57, cid=1979, SUCCESS, logIndex=2830, commits[cb20f782-9136-4144-a2ef-e44461d35697:c2831]
2019-09-17 12:48:42,712 [grpc-default-executor-2] INFO  client.GrpcClientProtocolClient (GrpcClientProtocolClient.java:onNext(264)) - client-E41C008B94D2->cb20f782-9136-4144-a2ef-e44461d35697: receive RaftClientReply:client-E41C008B94D2->cb20f782-9136-4144-a2ef-e44461d35697@group-EF222054BC57, cid=1980, SUCCESS, logIndex=2831, commits[cb20f782-9136-4144-a2ef-e44461d35697:c2832]
2019-09-17 12:48:42,730 [SCMBlockDeletingService#0] DEBUG block.SCMBlockDeletingService (SCMBlockDeletingService.java:call(138)) - Running DeletedBlockTransactionScanner
2019-09-17 12:48:42,731 [SCMBlockDeletingService#0] DEBUG block.SCMBlockDeletingService (SCMBlockDeletingService.java:call(155)) - Scanned deleted blocks log and got 0 delTX to process.
2019-09-17 12:48:42,733 [grpc-default-executor-2] INFO  client.GrpcClientProtocolClient (GrpcClientProtocolClient.java:onNext(264)) - client-E41C008B94D2->cb20f782-9136-4144-a2ef-e44461d35697: receive RaftClientReply:client-E41C008B94D2->cb20f782-9136-4144-a2ef-e44461d35697@group-EF222054BC57, cid=1981, SUCCESS, logIndex=2834, commits[cb20f782-9136-4144-a2ef-e44461d35697:c2835]
2019-09-17 12:48:42,734 [grpc-default-executor-2] INFO  client.GrpcClientProtocolClient (GrpcClientProtocolClient.java:onNext(264)) - client-E41C008B94D2->cb20f782-9136-4144-a2ef-e44461d35697: receive RaftClientReply:client-E41C008B94D2->cb20f782-9136-4144-a2ef-e44461d35697@group-EF222054BC57, cid=1982, SUCCESS, logIndex=2835, commits[cb20f782-9136-4144-a2ef-e44461d35697:c2837]
2019-09-17 12:48:42,734 [grpc-default-executor-2] INFO  client.GrpcClientProtocolClient (GrpcClientProtocolClient.java:onNext(264)) - client-E41C008B94D2->cb20f782-9136-4144-a2ef-e44461d35697: receive RaftClientReply:client-E41C008B94D2->cb20f782-9136-4144-a2ef-e44461d35697@group-EF222054BC57, cid=1983, SUCCESS, logIndex=2836, commits[cb20f782-9136-4144-a2ef-e44461d35697:c2838]
2019-09-17 12:48:42,735 [grpc-default-executor-2] INFO  client.GrpcClientProtocolClient (GrpcClientProtocolClient.java:onNext(264)) - client-E41C008B94D2->cb20f782-9136-4144-a2ef-e44461d35697: receive RaftClientReply:client-E41C008B94D2->cb20f782-9136-4144-a2ef-e44461d35697@group-EF222054BC57, cid=1984, SUCCESS, logIndex=2837, commits[cb20f782-9136-4144-a2ef-e44461d35697:c2839]
2019-09-17 12:48:42,772 [grpc-default-executor-1] INFO  client.GrpcClientProtocolClient (GrpcClientProtocolClient.java:onNext(264)) - client-E41C008B94D2->cb20f782-9136-4144-a2ef-e44461d35697: receive RaftClientReply:client-E41C008B94D2->cb20f782-9136-4144-a2ef-e44461d35697@group-EF222054BC57, cid=1985, SUCCESS, logIndex=2840, commits[cb20f782-9136-4144-a2ef-e44461d35697:c2843]
2019-09-17 12:48:42,772 [grpc-default-executor-1] INFO  client.GrpcClientProtocolClient (GrpcClientProtocolClient.java:onNext(264)) - client-E41C008B94D2->cb20f782-9136-4144-a2ef-e44461d35697: receive RaftClientReply:client-E41C008B94D2->cb20f782-9136-4144-a2ef-e44461d35697@group-EF222054BC57, cid=1986, SUCCESS, logIndex=2841, commits[cb20f782-9136-4144-a2ef-e44461d35697:c2844]
2019-09-17 12:48:42,773 [grpc-default-executor-1] INFO  client.GrpcClientProtocolClient (GrpcClientProtocolClient.java:onNext(264)) - client-E41C008B94D2->cb20f782-9136-4144-a2ef-e44461d35697: receive RaftClientReply:client-E41C008B94D2->cb20f782-9136-4144-a2ef-e44461d35697@group-EF222054BC57, cid=1987, SUCCESS, logIndex=2842, commits[cb20f782-9136-4144-a2ef-e44461d35697:c2844]
2019-09-17 12:48:42,773 [grpc-default-executor-1] INFO  client.GrpcClientProtocolClient (GrpcClientProtocolClient.java:onNext(264)) - client-E41C008B94D2->cb20f782-9136-4144-a2ef-e44461d35697: receive RaftClientReply:client-E41C008B94D2->cb20f782-9136-4144-a2ef-e44461d35697@group-EF222054BC57, cid=1988, SUCCESS, logIndex=2843, commits[cb20f782-9136-4144-a2ef-e44461d35697:c2844]
2019-09-17 12:48:42,831 [SCMBlockDeletingService#0] DEBUG block.SCMBlockDeletingService (SCMBlockDeletingService.java:call(138)) - Running DeletedBlockTransactionScanner
2019-09-17 12:48:42,831 [SCMBlockDeletingService#0] DEBUG block.SCMBlockDeletingService (SCMBlockDeletingService.java:call(155)) - Scanned deleted blocks log and got 0 delTX to process.
2019-09-17 12:48:42,907 [grpc-default-executor-2] INFO  client.GrpcClientProtocolClient (GrpcClientProtocolClient.java:onNext(264)) - client-E41C008B94D2->cb20f782-9136-4144-a2ef-e44461d35697: receive RaftClientReply:client-E41C008B94D2->cb20f782-9136-4144-a2ef-e44461d35697@group-EF222054BC57, cid=1989, SUCCESS, logIndex=2845, commits[cb20f782-9136-4144-a2ef-e44461d35697:c2846]
2019-09-17 12:48:42,908 [grpc-default-executor-2] INFO  client.GrpcClientProtocolClient (GrpcClientProtocolClient.java:onNext(264)) - client-E41C008B94D2->cb20f782-9136-4144-a2ef-e44461d35697: receive RaftClientReply:client-E41C008B94D2->cb20f782-9136-4144-a2ef-e44461d35697@group-EF222054BC57, cid=1990, SUCCESS, logIndex=2846, commits[cb20f782-9136-4144-a2ef-e44461d35697:c2848]
2019-09-17 12:48:42,908 [grpc-default-executor-2] INFO  client.GrpcClientProtocolClient (GrpcClientProtocolClient.java:onNext(264)) - client-E41C008B94D2->cb20f782-9136-4144-a2ef-e44461d35697: receive RaftClientReply:client-E41C008B94D2->cb20f782-9136-4144-a2ef-e44461d35697@group-EF222054BC57, cid=1991, SUCCESS, logIndex=2847, commits[cb20f782-9136-4144-a2ef-e44461d35697:c2849]
2019-09-17 12:48:42,908 [grpc-default-executor-2] INFO  client.GrpcClientProtocolClient (GrpcClientProtocolClient.java:onNext(264)) - client-E41C008B94D2->cb20f782-9136-4144-a2ef-e44461d35697: receive RaftClientReply:client-E41C008B94D2->cb20f782-9136-4144-a2ef-e44461d35697@group-EF222054BC57, cid=1992, SUCCESS, logIndex=2848, commits[cb20f782-9136-4144-a2ef-e44461d35697:c2849]
2019-09-17 12:48:42,932 [SCMBlockDeletingService#0] DEBUG block.SCMBlockDeletingService (SCMBlockDeletingService.java:call(138)) - Running DeletedBlockTransactionScanner
2019-09-17 12:48:42,932 [SCMBlockDeletingService#0] DEBUG block.SCMBlockDeletingService (SCMBlockDeletingService.java:call(155)) - Scanned deleted blocks log and got 0 delTX to process.
2019-09-17 12:48:42,940 [grpc-default-executor-2] INFO  client.GrpcClientProtocolClient (GrpcClientProtocolClient.java:onNext(264)) - client-E41C008B94D2->cb20f782-9136-4144-a2ef-e44461d35697: receive RaftClientReply:client-E41C008B94D2->cb20f782-9136-4144-a2ef-e44461d35697@group-EF222054BC57, cid=1993, SUCCESS, logIndex=2851, commits[cb20f782-9136-4144-a2ef-e44461d35697:c2852]
2019-09-17 12:48:42,940 [grpc-default-executor-2] INFO  client.GrpcClientProtocolClient (GrpcClientProtocolClient.java:onNext(264)) - client-E41C008B94D2->cb20f782-9136-4144-a2ef-e44461d35697: receive RaftClientReply:client-E41C008B94D2->cb20f782-9136-4144-a2ef-e44461d35697@group-EF222054BC57, cid=1994, SUCCESS, logIndex=2852, commits[cb20f782-9136-4144-a2ef-e44461d35697:c2854]
2019-09-17 12:48:42,941 [grpc-default-executor-2] INFO  client.GrpcClientProtocolClient (GrpcClientProtocolClient.java:onNext(264)) - client-E41C008B94D2->cb20f782-9136-4144-a2ef-e44461d35697: receive RaftClientReply:client-E41C008B94D2->cb20f782-9136-4144-a2ef-e44461d35697@group-EF222054BC57, cid=1995, SUCCESS, logIndex=2853, commits[cb20f782-9136-4144-a2ef-e44461d35697:c2855]
2019-09-17 12:48:42,941 [grpc-default-executor-2] INFO  client.GrpcClientProtocolClient (GrpcClientProtocolClient.java:onNext(264)) - client-E41C008B94D2->cb20f782-9136-4144-a2ef-e44461d35697: receive RaftClientReply:client-E41C008B94D2->cb20f782-9136-4144-a2ef-e44461d35697@group-EF222054BC57, cid=1996, SUCCESS, logIndex=2854, commits[cb20f782-9136-4144-a2ef-e44461d35697:c2856]
2019-09-17 12:48:42,964 [grpc-default-executor-1] INFO  client.GrpcClientProtocolClient (GrpcClientProtocolClient.java:onNext(264)) - client-E41C008B94D2->cb20f782-9136-4144-a2ef-e44461d35697: receive RaftClientReply:client-E41C008B94D2->cb20f782-9136-4144-a2ef-e44461d35697@group-EF222054BC57, cid=1997, SUCCESS, logIndex=2857, commits[cb20f782-9136-4144-a2ef-e44461d35697:c2860]
2019-09-17 12:48:42,965 [grpc-default-executor-1] INFO  client.GrpcClientProtocolClient (GrpcClientProtocolClient.java:onNext(264)) - client-E41C008B94D2->cb20f782-9136-4144-a2ef-e44461d35697: receive RaftClientReply:client-E41C008B94D2->cb20f782-9136-4144-a2ef-e44461d35697@group-EF222054BC57, cid=1998, SUCCESS, logIndex=2858, commits[cb20f782-9136-4144-a2ef-e44461d35697:c2861]
2019-09-17 12:48:42,965 [grpc-default-executor-1] INFO  client.GrpcClientProtocolClient (GrpcClientProtocolClient.java:onNext(264)) - client-E41C008B94D2->cb20f782-9136-4144-a2ef-e44461d35697: receive RaftClientReply:client-E41C008B94D2->cb20f782-9136-4144-a2ef-e44461d35697@group-EF222054BC57, cid=1999, SUCCESS, logIndex=2859, commits[cb20f782-9136-4144-a2ef-e44461d35697:c2861]
2019-09-17 12:48:42,966 [grpc-default-executor-1] INFO  client.GrpcClientProtocolClient (GrpcClientProtocolClient.java:onNext(264)) - client-E41C008B94D2->cb20f782-9136-4144-a2ef-e44461d35697: receive RaftClientReply:client-E41C008B94D2->cb20f782-9136-4144-a2ef-e44461d35697@group-EF222054BC57, cid=2000, SUCCESS, logIndex=2860, commits[cb20f782-9136-4144-a2ef-e44461d35697:c2861]
2019-09-17 12:48:43,006 [grpc-default-executor-1] INFO  client.GrpcClientProtocolClient (GrpcClientProtocolClient.java:onNext(264)) - client-E41C008B94D2->cb20f782-9136-4144-a2ef-e44461d35697: receive RaftClientReply:client-E41C008B94D2->cb20f782-9136-4144-a2ef-e44461d35697@group-EF222054BC57, cid=2001, SUCCESS, logIndex=2862, commits[cb20f782-9136-4144-a2ef-e44461d35697:c2865]
2019-09-17 12:48:43,007 [grpc-default-executor-1] INFO  client.GrpcClientProtocolClient (GrpcClientProtocolClient.java:onNext(264)) - client-E41C008B94D2->cb20f782-9136-4144-a2ef-e44461d35697: receive RaftClientReply:client-E41C008B94D2->cb20f782-9136-4144-a2ef-e44461d35697@group-EF222054BC57, cid=2002, SUCCESS, logIndex=2863, commits[cb20f782-9136-4144-a2ef-e44461d35697:c2866]
2019-09-17 12:48:43,007 [grpc-default-executor-1] INFO  client.GrpcClientProtocolClient (GrpcClientProtocolClient.java:onNext(264)) - client-E41C008B94D2->cb20f782-9136-4144-a2ef-e44461d35697: receive RaftClientReply:client-E41C008B94D2->cb20f782-9136-4144-a2ef-e44461d35697@group-EF222054BC57, cid=2003, SUCCESS, logIndex=2864, commits[cb20f782-9136-4144-a2ef-e44461d35697:c2866]
2019-09-17 12:48:43,007 [grpc-default-executor-1] INFO  client.GrpcClientProtocolClient (GrpcClientProtocolClient.java:onNext(264)) - client-E41C008B94D2->cb20f782-9136-4144-a2ef-e44461d35697: receive RaftClientReply:client-E41C008B94D2->cb20f782-9136-4144-a2ef-e44461d35697@group-EF222054BC57, cid=2004, SUCCESS, logIndex=2865, commits[cb20f782-9136-4144-a2ef-e44461d35697:c2866]
2019-09-17 12:48:43,164 [SCMBlockDeletingService#0] DEBUG block.SCMBlockDeletingService (SCMBlockDeletingService.java:call(138)) - Running DeletedBlockTransactionScanner
2019-09-17 12:48:43,164 [SCMBlockDeletingService#0] DEBUG block.SCMBlockDeletingService (SCMBlockDeletingService.java:call(155)) - Scanned deleted blocks log and got 0 delTX to process.
2019-09-17 12:48:43,180 [grpc-default-executor-2] INFO  client.GrpcClientProtocolClient (GrpcClientProtocolClient.java:onNext(264)) - client-E41C008B94D2->cb20f782-9136-4144-a2ef-e44461d35697: receive RaftClientReply:client-E41C008B94D2->cb20f782-9136-4144-a2ef-e44461d35697@group-EF222054BC57, cid=2005, SUCCESS, logIndex=2867, commits[cb20f782-9136-4144-a2ef-e44461d35697:c2870]
2019-09-17 12:48:43,181 [grpc-default-executor-2] INFO  client.GrpcClientProtocolClient (GrpcClientProtocolClient.java:onNext(264)) - client-E41C008B94D2->cb20f782-9136-4144-a2ef-e44461d35697: receive RaftClientReply:client-E41C008B94D2->cb20f782-9136-4144-a2ef-e44461d35697@group-EF222054BC57, cid=2006, SUCCESS, logIndex=2868, commits[cb20f782-9136-4144-a2ef-e44461d35697:c2871]
2019-09-17 12:48:43,181 [grpc-default-executor-2] INFO  client.GrpcClientProtocolClient (GrpcClientProtocolClient.java:onNext(264)) - client-E41C008B94D2->cb20f782-9136-4144-a2ef-e44461d35697: receive RaftClientReply:client-E41C008B94D2->cb20f782-9136-4144-a2ef-e44461d35697@group-EF222054BC57, cid=2007, SUCCESS, logIndex=2869, commits[cb20f782-9136-4144-a2ef-e44461d35697:c2871]
2019-09-17 12:48:43,181 [grpc-default-executor-2] INFO  client.GrpcClientProtocolClient (GrpcClientProtocolClient.java:onNext(264)) - client-E41C008B94D2->cb20f782-9136-4144-a2ef-e44461d35697: receive RaftClientReply:client-E41C008B94D2->cb20f782-9136-4144-a2ef-e44461d35697@group-EF222054BC57, cid=2008, SUCCESS, logIndex=2870, commits[cb20f782-9136-4144-a2ef-e44461d35697:c2871]
2019-09-17 12:48:43,213 [grpc-default-executor-2] INFO  client.GrpcClientProtocolClient (GrpcClientProtocolClient.java:onNext(264)) - client-E41C008B94D2->cb20f782-9136-4144-a2ef-e44461d35697: receive RaftClientReply:client-E41C008B94D2->cb20f782-9136-4144-a2ef-e44461d35697@group-EF222054BC57, cid=2009, SUCCESS, logIndex=2872, commits[cb20f782-9136-4144-a2ef-e44461d35697:c2875]
2019-09-17 12:48:43,214 [grpc-default-executor-2] INFO  client.GrpcClientProtocolClient (GrpcClientProtocolClient.java:onNext(264)) - client-E41C008B94D2->cb20f782-9136-4144-a2ef-e44461d35697: receive RaftClientReply:client-E41C008B94D2->cb20f782-9136-4144-a2ef-e44461d35697@group-EF222054BC57, cid=2010, SUCCESS, logIndex=2873, commits[cb20f782-9136-4144-a2ef-e44461d35697:c2876]
2019-09-17 12:48:43,214 [grpc-default-executor-2] INFO  client.GrpcClientProtocolClient (GrpcClientProtocolClient.java:onNext(264)) - client-E41C008B94D2->cb20f782-9136-4144-a2ef-e44461d35697: receive RaftClientReply:client-E41C008B94D2->cb20f782-9136-4144-a2ef-e44461d35697@group-EF222054BC57, cid=2011, SUCCESS, logIndex=2874, commits[cb20f782-9136-4144-a2ef-e44461d35697:c2876]
2019-09-17 12:48:43,215 [grpc-default-executor-2] INFO  client.GrpcClientProtocolClient (GrpcClientProtocolClient.java:onNext(264)) - client-E41C008B94D2->cb20f782-9136-4144-a2ef-e44461d35697: receive RaftClientReply:client-E41C008B94D2->cb20f782-9136-4144-a2ef-e44461d35697@group-EF222054BC57, cid=2012, SUCCESS, logIndex=2875, commits[cb20f782-9136-4144-a2ef-e44461d35697:c2876]
2019-09-17 12:48:43,249 [grpc-default-executor-2] INFO  client.GrpcClientProtocolClient (GrpcClientProtocolClient.java:onNext(264)) - client-E41C008B94D2->cb20f782-9136-4144-a2ef-e44461d35697: receive RaftClientReply:client-E41C008B94D2->cb20f782-9136-4144-a2ef-e44461d35697@group-EF222054BC57, cid=2013, SUCCESS, logIndex=2877, commits[cb20f782-9136-4144-a2ef-e44461d35697:c2878]
2019-09-17 12:48:43,249 [grpc-default-executor-2] INFO  client.GrpcClientProtocolClient (GrpcClientProtocolClient.java:onNext(264)) - client-E41C008B94D2->cb20f782-9136-4144-a2ef-e44461d35697: receive RaftClientReply:client-E41C008B94D2->cb20f782-9136-4144-a2ef-e44461d35697@group-EF222054BC57, cid=2014, SUCCESS, logIndex=2878, commits[cb20f782-9136-4144-a2ef-e44461d35697:c2878]
2019-09-17 12:48:43,259 [grpc-default-executor-2] INFO  client.GrpcClientProtocolClient (GrpcClientProtocolClient.java:onNext(264)) - client-E41C008B94D2->cb20f782-9136-4144-a2ef-e44461d35697: receive RaftClientReply:client-E41C008B94D2->cb20f782-9136-4144-a2ef-e44461d35697@group-EF222054BC57, cid=2015, SUCCESS, logIndex=2879, commits[cb20f782-9136-4144-a2ef-e44461d35697:c2881]
2019-09-17 12:48:43,260 [grpc-default-executor-2] INFO  client.GrpcClientProtocolClient (GrpcClientProtocolClient.java:onNext(264)) - client-E41C008B94D2->cb20f782-9136-4144-a2ef-e44461d35697: receive RaftClientReply:client-E41C008B94D2->cb20f782-9136-4144-a2ef-e44461d35697@group-EF222054BC57, cid=2016, SUCCESS, logIndex=2880, commits[cb20f782-9136-4144-a2ef-e44461d35697:c2881]
2019-09-17 12:48:43,264 [SCMBlockDeletingService#0] DEBUG block.SCMBlockDeletingService (SCMBlockDeletingService.java:call(138)) - Running DeletedBlockTransactionScanner
2019-09-17 12:48:43,265 [SCMBlockDeletingService#0] DEBUG block.SCMBlockDeletingService (SCMBlockDeletingService.java:call(155)) - Scanned deleted blocks log and got 0 delTX to process.
2019-09-17 12:48:43,290 [grpc-default-executor-1] INFO  client.GrpcClientProtocolClient (GrpcClientProtocolClient.java:onNext(264)) - client-E41C008B94D2->cb20f782-9136-4144-a2ef-e44461d35697: receive RaftClientReply:client-E41C008B94D2->cb20f782-9136-4144-a2ef-e44461d35697@group-EF222054BC57, cid=2017, SUCCESS, logIndex=2883, commits[cb20f782-9136-4144-a2ef-e44461d35697:c2884]
2019-09-17 12:48:43,291 [grpc-default-executor-1] INFO  client.GrpcClientProtocolClient (GrpcClientProtocolClient.java:onNext(264)) - client-E41C008B94D2->cb20f782-9136-4144-a2ef-e44461d35697: receive RaftClientReply:client-E41C008B94D2->cb20f782-9136-4144-a2ef-e44461d35697@group-EF222054BC57, cid=2018, SUCCESS, logIndex=2884, commits[cb20f782-9136-4144-a2ef-e44461d35697:c2886]
2019-09-17 12:48:43,291 [grpc-default-executor-1] INFO  client.GrpcClientProtocolClient (GrpcClientProtocolClient.java:onNext(264)) - client-E41C008B94D2->cb20f782-9136-4144-a2ef-e44461d35697: receive RaftClientReply:client-E41C008B94D2->cb20f782-9136-4144-a2ef-e44461d35697@group-EF222054BC57, cid=2019, SUCCESS, logIndex=2885, commits[cb20f782-9136-4144-a2ef-e44461d35697:c2887]
2019-09-17 12:48:43,291 [grpc-default-executor-1] INFO  client.GrpcClientProtocolClient (GrpcClientProtocolClient.java:onNext(264)) - client-E41C008B94D2->cb20f782-9136-4144-a2ef-e44461d35697: receive RaftClientReply:client-E41C008B94D2->cb20f782-9136-4144-a2ef-e44461d35697@group-EF222054BC57, cid=2020, SUCCESS, logIndex=2886, commits[cb20f782-9136-4144-a2ef-e44461d35697:c2887]
2019-09-17 12:48:43,314 [grpc-default-executor-2] INFO  client.GrpcClientProtocolClient (GrpcClientProtocolClient.java:onNext(264)) - client-E41C008B94D2->cb20f782-9136-4144-a2ef-e44461d35697: receive RaftClientReply:client-E41C008B94D2->cb20f782-9136-4144-a2ef-e44461d35697@group-EF222054BC57, cid=2021, SUCCESS, logIndex=2889, commits[cb20f782-9136-4144-a2ef-e44461d35697:c2893]
2019-09-17 12:48:43,315 [grpc-default-executor-2] INFO  client.GrpcClientProtocolClient (GrpcClientProtocolClient.java:onNext(264)) - client-E41C008B94D2->cb20f782-9136-4144-a2ef-e44461d35697: receive RaftClientReply:client-E41C008B94D2->cb20f782-9136-4144-a2ef-e44461d35697@group-EF222054BC57, cid=2022, SUCCESS, logIndex=2890, commits[cb20f782-9136-4144-a2ef-e44461d35697:c2893]
2019-09-17 12:48:43,315 [grpc-default-executor-2] INFO  client.GrpcClientProtocolClient (GrpcClientProtocolClient.java:onNext(264)) - client-E41C008B94D2->cb20f782-9136-4144-a2ef-e44461d35697: receive RaftClientReply:client-E41C008B94D2->cb20f782-9136-4144-a2ef-e44461d35697@group-EF222054BC57, cid=2023, SUCCESS, logIndex=2891, commits[cb20f782-9136-4144-a2ef-e44461d35697:c2893]
2019-09-17 12:48:43,315 [grpc-default-executor-2] INFO  client.GrpcClientProtocolClient (GrpcClientProtocolClient.java:onNext(264)) - client-E41C008B94D2->cb20f782-9136-4144-a2ef-e44461d35697: receive RaftClientReply:client-E41C008B94D2->cb20f782-9136-4144-a2ef-e44461d35697@group-EF222054BC57, cid=2024, SUCCESS, logIndex=2892, commits[cb20f782-9136-4144-a2ef-e44461d35697:c2893]
2019-09-17 12:48:43,350 [grpc-default-executor-1] INFO  client.GrpcClientProtocolClient (GrpcClientProtocolClient.java:onNext(264)) - client-E41C008B94D2->cb20f782-9136-4144-a2ef-e44461d35697: receive RaftClientReply:client-E41C008B94D2->cb20f782-9136-4144-a2ef-e44461d35697@group-EF222054BC57, cid=2025, SUCCESS, logIndex=2894, commits[cb20f782-9136-4144-a2ef-e44461d35697:c2897]
2019-09-17 12:48:43,350 [grpc-default-executor-1] INFO  client.GrpcClientProtocolClient (GrpcClientProtocolClient.java:onNext(264)) - client-E41C008B94D2->cb20f782-9136-4144-a2ef-e44461d35697: receive RaftClientReply:client-E41C008B94D2->cb20f782-9136-4144-a2ef-e44461d35697@group-EF222054BC57, cid=2026, SUCCESS, logIndex=2895, commits[cb20f782-9136-4144-a2ef-e44461d35697:c2898]
2019-09-17 12:48:43,350 [grpc-default-executor-1] INFO  client.GrpcClientProtocolClient (GrpcClientProtocolClient.java:onNext(264)) - client-E41C008B94D2->cb20f782-9136-4144-a2ef-e44461d35697: receive RaftClientReply:client-E41C008B94D2->cb20f782-9136-4144-a2ef-e44461d35697@group-EF222054BC57, cid=2027, SUCCESS, logIndex=2896, commits[cb20f782-9136-4144-a2ef-e44461d35697:c2898]
2019-09-17 12:48:43,351 [grpc-default-executor-1] INFO  client.GrpcClientProtocolClient (GrpcClientProtocolClient.java:onNext(264)) - client-E41C008B94D2->cb20f782-9136-4144-a2ef-e44461d35697: receive RaftClientReply:client-E41C008B94D2->cb20f782-9136-4144-a2ef-e44461d35697@group-EF222054BC57, cid=2028, SUCCESS, logIndex=2897, commits[cb20f782-9136-4144-a2ef-e44461d35697:c2898]
2019-09-17 12:48:43,365 [SCMBlockDeletingService#0] DEBUG block.SCMBlockDeletingService (SCMBlockDeletingService.java:call(138)) - Running DeletedBlockTransactionScanner
2019-09-17 12:48:43,365 [SCMBlockDeletingService#0] DEBUG block.SCMBlockDeletingService (SCMBlockDeletingService.java:call(155)) - Scanned deleted blocks log and got 0 delTX to process.
2019-09-17 12:48:43,372 [grpc-default-executor-2] INFO  client.GrpcClientProtocolClient (GrpcClientProtocolClient.java:onNext(264)) - client-E41C008B94D2->cb20f782-9136-4144-a2ef-e44461d35697: receive RaftClientReply:client-E41C008B94D2->cb20f782-9136-4144-a2ef-e44461d35697@group-EF222054BC57, cid=2029, SUCCESS, logIndex=2899, commits[cb20f782-9136-4144-a2ef-e44461d35697:c2902]
2019-09-17 12:48:43,372 [grpc-default-executor-2] INFO  client.GrpcClientProtocolClient (GrpcClientProtocolClient.java:onNext(264)) - client-E41C008B94D2->cb20f782-9136-4144-a2ef-e44461d35697: receive RaftClientReply:client-E41C008B94D2->cb20f782-9136-4144-a2ef-e44461d35697@group-EF222054BC57, cid=2030, SUCCESS, logIndex=2900, commits[cb20f782-9136-4144-a2ef-e44461d35697:c2903]
2019-09-17 12:48:43,372 [grpc-default-executor-2] INFO  client.GrpcClientProtocolClient (GrpcClientProtocolClient.java:onNext(264)) - client-E41C008B94D2->cb20f782-9136-4144-a2ef-e44461d35697: receive RaftClientReply:client-E41C008B94D2->cb20f782-9136-4144-a2ef-e44461d35697@group-EF222054BC57, cid=2031, SUCCESS, logIndex=2901, commits[cb20f782-9136-4144-a2ef-e44461d35697:c2903]
2019-09-17 12:48:43,373 [grpc-default-executor-2] INFO  client.GrpcClientProtocolClient (GrpcClientProtocolClient.java:onNext(264)) - client-E41C008B94D2->cb20f782-9136-4144-a2ef-e44461d35697: receive RaftClientReply:client-E41C008B94D2->cb20f782-9136-4144-a2ef-e44461d35697@group-EF222054BC57, cid=2032, SUCCESS, logIndex=2902, commits[cb20f782-9136-4144-a2ef-e44461d35697:c2903]
2019-09-17 12:48:43,466 [SCMBlockDeletingService#0] DEBUG block.SCMBlockDeletingService (SCMBlockDeletingService.java:call(138)) - Running DeletedBlockTransactionScanner
2019-09-17 12:48:43,466 [SCMBlockDeletingService#0] DEBUG block.SCMBlockDeletingService (SCMBlockDeletingService.java:call(155)) - Scanned deleted blocks log and got 0 delTX to process.
2019-09-17 12:48:43,502 [grpc-default-executor-1] INFO  client.GrpcClientProtocolClient (GrpcClientProtocolClient.java:onNext(264)) - client-E41C008B94D2->cb20f782-9136-4144-a2ef-e44461d35697: receive RaftClientReply:client-E41C008B94D2->cb20f782-9136-4144-a2ef-e44461d35697@group-EF222054BC57, cid=2033, SUCCESS, logIndex=2904, commits[cb20f782-9136-4144-a2ef-e44461d35697:c2907]
2019-09-17 12:48:43,502 [grpc-default-executor-1] INFO  client.GrpcClientProtocolClient (GrpcClientProtocolClient.java:onNext(264)) - client-E41C008B94D2->cb20f782-9136-4144-a2ef-e44461d35697: receive RaftClientReply:client-E41C008B94D2->cb20f782-9136-4144-a2ef-e44461d35697@group-EF222054BC57, cid=2034, SUCCESS, logIndex=2905, commits[cb20f782-9136-4144-a2ef-e44461d35697:c2908]
2019-09-17 12:48:43,503 [grpc-default-executor-1] INFO  client.GrpcClientProtocolClient (GrpcClientProtocolClient.java:onNext(264)) - client-E41C008B94D2->cb20f782-9136-4144-a2ef-e44461d35697: receive RaftClientReply:client-E41C008B94D2->cb20f782-9136-4144-a2ef-e44461d35697@group-EF222054BC57, cid=2035, SUCCESS, logIndex=2906, commits[cb20f782-9136-4144-a2ef-e44461d35697:c2908]
2019-09-17 12:48:43,503 [grpc-default-executor-1] INFO  client.GrpcClientProtocolClient (GrpcClientProtocolClient.java:onNext(264)) - client-E41C008B94D2->cb20f782-9136-4144-a2ef-e44461d35697: receive RaftClientReply:client-E41C008B94D2->cb20f782-9136-4144-a2ef-e44461d35697@group-EF222054BC57, cid=2036, SUCCESS, logIndex=2907, commits[cb20f782-9136-4144-a2ef-e44461d35697:c2908]
2019-09-17 12:48:43,527 [grpc-default-executor-1] INFO  client.GrpcClientProtocolClient (GrpcClientProtocolClient.java:onNext(264)) - client-E41C008B94D2->cb20f782-9136-4144-a2ef-e44461d35697: receive RaftClientReply:client-E41C008B94D2->cb20f782-9136-4144-a2ef-e44461d35697@group-EF222054BC57, cid=2037, SUCCESS, logIndex=2909, commits[cb20f782-9136-4144-a2ef-e44461d35697:c2912]
2019-09-17 12:48:43,527 [grpc-default-executor-1] INFO  client.GrpcClientProtocolClient (GrpcClientProtocolClient.java:onNext(264)) - client-E41C008B94D2->cb20f782-9136-4144-a2ef-e44461d35697: receive RaftClientReply:client-E41C008B94D2->cb20f782-9136-4144-a2ef-e44461d35697@group-EF222054BC57, cid=2038, SUCCESS, logIndex=2910, commits[cb20f782-9136-4144-a2ef-e44461d35697:c2913]
2019-09-17 12:48:43,528 [grpc-default-executor-1] INFO  client.GrpcClientProtocolClient (GrpcClientProtocolClient.java:onNext(264)) - client-E41C008B94D2->cb20f782-9136-4144-a2ef-e44461d35697: receive RaftClientReply:client-E41C008B94D2->cb20f782-9136-4144-a2ef-e44461d35697@group-EF222054BC57, cid=2039, SUCCESS, logIndex=2911, commits[cb20f782-9136-4144-a2ef-e44461d35697:c2913]
2019-09-17 12:48:43,528 [grpc-default-executor-1] INFO  client.GrpcClientProtocolClient (GrpcClientProtocolClient.java:onNext(264)) - client-E41C008B94D2->cb20f782-9136-4144-a2ef-e44461d35697: receive RaftClientReply:client-E41C008B94D2->cb20f782-9136-4144-a2ef-e44461d35697@group-EF222054BC57, cid=2040, SUCCESS, logIndex=2912, commits[cb20f782-9136-4144-a2ef-e44461d35697:c2913]
2019-09-17 12:48:43,559 [grpc-default-executor-1] INFO  client.GrpcClientProtocolClient (GrpcClientProtocolClient.java:onNext(264)) - client-E41C008B94D2->cb20f782-9136-4144-a2ef-e44461d35697: receive RaftClientReply:client-E41C008B94D2->cb20f782-9136-4144-a2ef-e44461d35697@group-EF222054BC57, cid=2041, SUCCESS, logIndex=2914, commits[cb20f782-9136-4144-a2ef-e44461d35697:c2917]
2019-09-17 12:48:43,560 [grpc-default-executor-1] INFO  client.GrpcClientProtocolClient (GrpcClientProtocolClient.java:onNext(264)) - client-E41C008B94D2->cb20f782-9136-4144-a2ef-e44461d35697: receive RaftClientReply:client-E41C008B94D2->cb20f782-9136-4144-a2ef-e44461d35697@group-EF222054BC57, cid=2042, SUCCESS, logIndex=2915, commits[cb20f782-9136-4144-a2ef-e44461d35697:c2918]
2019-09-17 12:48:43,560 [grpc-default-executor-1] INFO  client.GrpcClientProtocolClient (GrpcClientProtocolClient.java:onNext(264)) - client-E41C008B94D2->cb20f782-9136-4144-a2ef-e44461d35697: receive RaftClientReply:client-E41C008B94D2->cb20f782-9136-4144-a2ef-e44461d35697@group-EF222054BC57, cid=2043, SUCCESS, logIndex=2916, commits[cb20f782-9136-4144-a2ef-e44461d35697:c2918]
2019-09-17 12:48:43,561 [grpc-default-executor-1] INFO  client.GrpcClientProtocolClient (GrpcClientProtocolClient.java:onNext(264)) - client-E41C008B94D2->cb20f782-9136-4144-a2ef-e44461d35697: receive RaftClientReply:client-E41C008B94D2->cb20f782-9136-4144-a2ef-e44461d35697@group-EF222054BC57, cid=2044, SUCCESS, logIndex=2917, commits[cb20f782-9136-4144-a2ef-e44461d35697:c2918]
2019-09-17 12:48:43,567 [SCMBlockDeletingService#0] DEBUG block.SCMBlockDeletingService (SCMBlockDeletingService.java:call(138)) - Running DeletedBlockTransactionScanner
2019-09-17 12:48:43,567 [SCMBlockDeletingService#0] DEBUG block.SCMBlockDeletingService (SCMBlockDeletingService.java:call(155)) - Scanned deleted blocks log and got 0 delTX to process.
2019-09-17 12:48:43,582 [grpc-default-executor-1] INFO  client.GrpcClientProtocolClient (GrpcClientProtocolClient.java:onNext(264)) - client-E41C008B94D2->cb20f782-9136-4144-a2ef-e44461d35697: receive RaftClientReply:client-E41C008B94D2->cb20f782-9136-4144-a2ef-e44461d35697@group-EF222054BC57, cid=2045, SUCCESS, logIndex=2919, commits[cb20f782-9136-4144-a2ef-e44461d35697:c2922]
2019-09-17 12:48:43,582 [grpc-default-executor-1] INFO  client.GrpcClientProtocolClient (GrpcClientProtocolClient.java:onNext(264)) - client-E41C008B94D2->cb20f782-9136-4144-a2ef-e44461d35697: receive RaftClientReply:client-E41C008B94D2->cb20f782-9136-4144-a2ef-e44461d35697@group-EF222054BC57, cid=2046, SUCCESS, logIndex=2920, commits[cb20f782-9136-4144-a2ef-e44461d35697:c2923]
2019-09-17 12:48:43,583 [grpc-default-executor-1] INFO  client.GrpcClientProtocolClient (GrpcClientProtocolClient.java:onNext(264)) - client-E41C008B94D2->cb20f782-9136-4144-a2ef-e44461d35697: receive RaftClientReply:client-E41C008B94D2->cb20f782-9136-4144-a2ef-e44461d35697@group-EF222054BC57, cid=2047, SUCCESS, logIndex=2921, commits[cb20f782-9136-4144-a2ef-e44461d35697:c2923]
2019-09-17 12:48:43,583 [grpc-default-executor-1] INFO  client.GrpcClientProtocolClient (GrpcClientProtocolClient.java:onNext(264)) - client-E41C008B94D2->cb20f782-9136-4144-a2ef-e44461d35697: receive RaftClientReply:client-E41C008B94D2->cb20f782-9136-4144-a2ef-e44461d35697@group-EF222054BC57, cid=2048, SUCCESS, logIndex=2922, commits[cb20f782-9136-4144-a2ef-e44461d35697:c2923]
2019-09-17 12:48:43,614 [grpc-default-executor-1] INFO  client.GrpcClientProtocolClient (GrpcClientProtocolClient.java:onNext(264)) - client-E41C008B94D2->cb20f782-9136-4144-a2ef-e44461d35697: receive RaftClientReply:client-E41C008B94D2->cb20f782-9136-4144-a2ef-e44461d35697@group-EF222054BC57, cid=2049, SUCCESS, logIndex=2924, commits[cb20f782-9136-4144-a2ef-e44461d35697:c2927]
2019-09-17 12:48:43,615 [grpc-default-executor-1] INFO  client.GrpcClientProtocolClient (GrpcClientProtocolClient.java:onNext(264)) - client-E41C008B94D2->cb20f782-9136-4144-a2ef-e44461d35697: receive RaftClientReply:client-E41C008B94D2->cb20f782-9136-4144-a2ef-e44461d35697@group-EF222054BC57, cid=2050, SUCCESS, logIndex=2925, commits[cb20f782-9136-4144-a2ef-e44461d35697:c2928]
2019-09-17 12:48:43,615 [grpc-default-executor-1] INFO  client.GrpcClientProtocolClient (GrpcClientProtocolClient.java:onNext(264)) - client-E41C008B94D2->cb20f782-9136-4144-a2ef-e44461d35697: receive RaftClientReply:client-E41C008B94D2->cb20f782-9136-4144-a2ef-e44461d35697@group-EF222054BC57, cid=2051, SUCCESS, logIndex=2926, commits[cb20f782-9136-4144-a2ef-e44461d35697:c2928]
2019-09-17 12:48:43,615 [grpc-default-executor-1] INFO  client.GrpcClientProtocolClient (GrpcClientProtocolClient.java:onNext(264)) - client-E41C008B94D2->cb20f782-9136-4144-a2ef-e44461d35697: receive RaftClientReply:client-E41C008B94D2->cb20f782-9136-4144-a2ef-e44461d35697@group-EF222054BC57, cid=2052, SUCCESS, logIndex=2927, commits[cb20f782-9136-4144-a2ef-e44461d35697:c2928]
2019-09-17 12:48:43,636 [grpc-default-executor-1] INFO  client.GrpcClientProtocolClient (GrpcClientProtocolClient.java:onNext(264)) - client-E41C008B94D2->cb20f782-9136-4144-a2ef-e44461d35697: receive RaftClientReply:client-E41C008B94D2->cb20f782-9136-4144-a2ef-e44461d35697@group-EF222054BC57, cid=2053, SUCCESS, logIndex=2929, commits[cb20f782-9136-4144-a2ef-e44461d35697:c2932]
2019-09-17 12:48:43,637 [grpc-default-executor-1] INFO  client.GrpcClientProtocolClient (GrpcClientProtocolClient.java:onNext(264)) - client-E41C008B94D2->cb20f782-9136-4144-a2ef-e44461d35697: receive RaftClientReply:client-E41C008B94D2->cb20f782-9136-4144-a2ef-e44461d35697@group-EF222054BC57, cid=2054, SUCCESS, logIndex=2930, commits[cb20f782-9136-4144-a2ef-e44461d35697:c2932]
2019-09-17 12:48:43,637 [grpc-default-executor-1] INFO  client.GrpcClientProtocolClient (GrpcClientProtocolClient.java:onNext(264)) - client-E41C008B94D2->cb20f782-9136-4144-a2ef-e44461d35697: receive RaftClientReply:client-E41C008B94D2->cb20f782-9136-4144-a2ef-e44461d35697@group-EF222054BC57, cid=2055, SUCCESS, logIndex=2931, commits[cb20f782-9136-4144-a2ef-e44461d35697:c2933]
2019-09-17 12:48:43,638 [grpc-default-executor-1] INFO  client.GrpcClientProtocolClient (GrpcClientProtocolClient.java:onNext(264)) - client-E41C008B94D2->cb20f782-9136-4144-a2ef-e44461d35697: receive RaftClientReply:client-E41C008B94D2->cb20f782-9136-4144-a2ef-e44461d35697@group-EF222054BC57, cid=2056, SUCCESS, logIndex=2932, commits[cb20f782-9136-4144-a2ef-e44461d35697:c2933]
2019-09-17 12:48:43,665 [grpc-default-executor-2] INFO  client.GrpcClientProtocolClient (GrpcClientProtocolClient.java:onNext(264)) - client-E41C008B94D2->cb20f782-9136-4144-a2ef-e44461d35697: receive RaftClientReply:client-E41C008B94D2->cb20f782-9136-4144-a2ef-e44461d35697@group-EF222054BC57, cid=2057, SUCCESS, logIndex=2934, commits[cb20f782-9136-4144-a2ef-e44461d35697:c2935]
2019-09-17 12:48:43,665 [grpc-default-executor-2] INFO  client.GrpcClientProtocolClient (GrpcClientProtocolClient.java:onNext(264)) - client-E41C008B94D2->cb20f782-9136-4144-a2ef-e44461d35697: receive RaftClientReply:client-E41C008B94D2->cb20f782-9136-4144-a2ef-e44461d35697@group-EF222054BC57, cid=2058, SUCCESS, logIndex=2935, commits[cb20f782-9136-4144-a2ef-e44461d35697:c2937]
2019-09-17 12:48:43,666 [grpc-default-executor-2] INFO  client.GrpcClientProtocolClient (GrpcClientProtocolClient.java:onNext(264)) - client-E41C008B94D2->cb20f782-9136-4144-a2ef-e44461d35697: receive RaftClientReply:client-E41C008B94D2->cb20f782-9136-4144-a2ef-e44461d35697@group-EF222054BC57, cid=2059, SUCCESS, logIndex=2936, commits[cb20f782-9136-4144-a2ef-e44461d35697:c2938]
2019-09-17 12:48:43,666 [grpc-default-executor-2] INFO  client.GrpcClientProtocolClient (GrpcClientProtocolClient.java:onNext(264)) - client-E41C008B94D2->cb20f782-9136-4144-a2ef-e44461d35697: receive RaftClientReply:client-E41C008B94D2->cb20f782-9136-4144-a2ef-e44461d35697@group-EF222054BC57, cid=2060, SUCCESS, logIndex=2937, commits[cb20f782-9136-4144-a2ef-e44461d35697:c2938]
2019-09-17 12:48:43,667 [SCMBlockDeletingService#0] DEBUG block.SCMBlockDeletingService (SCMBlockDeletingService.java:call(138)) - Running DeletedBlockTransactionScanner
2019-09-17 12:48:43,667 [SCMBlockDeletingService#0] DEBUG block.SCMBlockDeletingService (SCMBlockDeletingService.java:call(155)) - Scanned deleted blocks log and got 0 delTX to process.
2019-09-17 12:48:43,687 [grpc-default-executor-1] INFO  client.GrpcClientProtocolClient (GrpcClientProtocolClient.java:onNext(264)) - client-E41C008B94D2->cb20f782-9136-4144-a2ef-e44461d35697: receive RaftClientReply:client-E41C008B94D2->cb20f782-9136-4144-a2ef-e44461d35697@group-EF222054BC57, cid=2061, SUCCESS, logIndex=2940, commits[cb20f782-9136-4144-a2ef-e44461d35697:c2943]
2019-09-17 12:48:43,688 [grpc-default-executor-1] INFO  client.GrpcClientProtocolClient (GrpcClientProtocolClient.java:onNext(264)) - client-E41C008B94D2->cb20f782-9136-4144-a2ef-e44461d35697: receive RaftClientReply:client-E41C008B94D2->cb20f782-9136-4144-a2ef-e44461d35697@group-EF222054BC57, cid=2062, SUCCESS, logIndex=2941, commits[cb20f782-9136-4144-a2ef-e44461d35697:c2944]
2019-09-17 12:48:43,688 [grpc-default-executor-1] INFO  client.GrpcClientProtocolClient (GrpcClientProtocolClient.java:onNext(264)) - client-E41C008B94D2->cb20f782-9136-4144-a2ef-e44461d35697: receive RaftClientReply:client-E41C008B94D2->cb20f782-9136-4144-a2ef-e44461d35697@group-EF222054BC57, cid=2063, SUCCESS, logIndex=2942, commits[cb20f782-9136-4144-a2ef-e44461d35697:c2944]
2019-09-17 12:48:43,688 [grpc-default-executor-1] INFO  client.GrpcClientProtocolClient (GrpcClientProtocolClient.java:onNext(264)) - client-E41C008B94D2->cb20f782-9136-4144-a2ef-e44461d35697: receive RaftClientReply:client-E41C008B94D2->cb20f782-9136-4144-a2ef-e44461d35697@group-EF222054BC57, cid=2064, SUCCESS, logIndex=2943, commits[cb20f782-9136-4144-a2ef-e44461d35697:c2944]
2019-09-17 12:48:43,719 [grpc-default-executor-2] INFO  client.GrpcClientProtocolClient (GrpcClientProtocolClient.java:onNext(264)) - client-E41C008B94D2->cb20f782-9136-4144-a2ef-e44461d35697: receive RaftClientReply:client-E41C008B94D2->cb20f782-9136-4144-a2ef-e44461d35697@group-EF222054BC57, cid=2065, SUCCESS, logIndex=2945, commits[cb20f782-9136-4144-a2ef-e44461d35697:c2948]
2019-09-17 12:48:43,719 [grpc-default-executor-2] INFO  client.GrpcClientProtocolClient (GrpcClientProtocolClient.java:onNext(264)) - client-E41C008B94D2->cb20f782-9136-4144-a2ef-e44461d35697: receive RaftClientReply:client-E41C008B94D2->cb20f782-9136-4144-a2ef-e44461d35697@group-EF222054BC57, cid=2066, SUCCESS, logIndex=2946, commits[cb20f782-9136-4144-a2ef-e44461d35697:c2949]
2019-09-17 12:48:43,719 [grpc-default-executor-2] INFO  client.GrpcClientProtocolClient (GrpcClientProtocolClient.java:onNext(264)) - client-E41C008B94D2->cb20f782-9136-4144-a2ef-e44461d35697: receive RaftClientReply:client-E41C008B94D2->cb20f782-9136-4144-a2ef-e44461d35697@group-EF222054BC57, cid=2067, SUCCESS, logIndex=2947, commits[cb20f782-9136-4144-a2ef-e44461d35697:c2949]
2019-09-17 12:48:43,720 [grpc-default-executor-2] INFO  client.GrpcClientProtocolClient (GrpcClientProtocolClient.java:onNext(264)) - client-E41C008B94D2->cb20f782-9136-4144-a2ef-e44461d35697: receive RaftClientReply:client-E41C008B94D2->cb20f782-9136-4144-a2ef-e44461d35697@group-EF222054BC57, cid=2068, SUCCESS, logIndex=2948, commits[cb20f782-9136-4144-a2ef-e44461d35697:c2949]
2019-09-17 12:48:43,739 [grpc-default-executor-2] INFO  client.GrpcClientProtocolClient (GrpcClientProtocolClient.java:onNext(264)) - client-E41C008B94D2->cb20f782-9136-4144-a2ef-e44461d35697: receive RaftClientReply:client-E41C008B94D2->cb20f782-9136-4144-a2ef-e44461d35697@group-EF222054BC57, cid=2069, SUCCESS, logIndex=2950, commits[cb20f782-9136-4144-a2ef-e44461d35697:c2953]
2019-09-17 12:48:43,740 [grpc-default-executor-2] INFO  client.GrpcClientProtocolClient (GrpcClientProtocolClient.java:onNext(264)) - client-E41C008B94D2->cb20f782-9136-4144-a2ef-e44461d35697: receive RaftClientReply:client-E41C008B94D2->cb20f782-9136-4144-a2ef-e44461d35697@group-EF222054BC57, cid=2070, SUCCESS, logIndex=2951, commits[cb20f782-9136-4144-a2ef-e44461d35697:c2953]
2019-09-17 12:48:43,740 [grpc-default-executor-2] INFO  client.GrpcClientProtocolClient (GrpcClientProtocolClient.java:onNext(264)) - client-E41C008B94D2->cb20f782-9136-4144-a2ef-e44461d35697: receive RaftClientReply:client-E41C008B94D2->cb20f782-9136-4144-a2ef-e44461d35697@group-EF222054BC57, cid=2071, SUCCESS, logIndex=2952, commits[cb20f782-9136-4144-a2ef-e44461d35697:c2954]
2019-09-17 12:48:43,740 [grpc-default-executor-2] INFO  client.GrpcClientProtocolClient (GrpcClientProtocolClient.java:onNext(264)) - client-E41C008B94D2->cb20f782-9136-4144-a2ef-e44461d35697: receive RaftClientReply:client-E41C008B94D2->cb20f782-9136-4144-a2ef-e44461d35697@group-EF222054BC57, cid=2072, SUCCESS, logIndex=2953, commits[cb20f782-9136-4144-a2ef-e44461d35697:c2954]
2019-09-17 12:48:43,768 [SCMBlockDeletingService#0] DEBUG block.SCMBlockDeletingService (SCMBlockDeletingService.java:call(138)) - Running DeletedBlockTransactionScanner
2019-09-17 12:48:43,768 [SCMBlockDeletingService#0] DEBUG block.SCMBlockDeletingService (SCMBlockDeletingService.java:call(155)) - Scanned deleted blocks log and got 0 delTX to process.
2019-09-17 12:48:43,797 [grpc-default-executor-2] INFO  client.GrpcClientProtocolClient (GrpcClientProtocolClient.java:onNext(264)) - client-E41C008B94D2->cb20f782-9136-4144-a2ef-e44461d35697: receive RaftClientReply:client-E41C008B94D2->cb20f782-9136-4144-a2ef-e44461d35697@group-EF222054BC57, cid=2073, SUCCESS, logIndex=2955, commits[cb20f782-9136-4144-a2ef-e44461d35697:c2958]
2019-09-17 12:48:43,797 [grpc-default-executor-2] INFO  client.GrpcClientProtocolClient (GrpcClientProtocolClient.java:onNext(264)) - client-E41C008B94D2->cb20f782-9136-4144-a2ef-e44461d35697: receive RaftClientReply:client-E41C008B94D2->cb20f782-9136-4144-a2ef-e44461d35697@group-EF222054BC57, cid=2074, SUCCESS, logIndex=2956, commits[cb20f782-9136-4144-a2ef-e44461d35697:c2958]
2019-09-17 12:48:43,798 [grpc-default-executor-2] INFO  client.GrpcClientProtocolClient (GrpcClientProtocolClient.java:onNext(264)) - client-E41C008B94D2->cb20f782-9136-4144-a2ef-e44461d35697: receive RaftClientReply:client-E41C008B94D2->cb20f782-9136-4144-a2ef-e44461d35697@group-EF222054BC57, cid=2075, SUCCESS, logIndex=2957, commits[cb20f782-9136-4144-a2ef-e44461d35697:c2958]
2019-09-17 12:48:43,798 [grpc-default-executor-2] INFO  client.GrpcClientProtocolClient (GrpcClientProtocolClient.java:onNext(264)) - client-E41C008B94D2->cb20f782-9136-4144-a2ef-e44461d35697: receive RaftClientReply:client-E41C008B94D2->cb20f782-9136-4144-a2ef-e44461d35697@group-EF222054BC57, cid=2076, SUCCESS, logIndex=2958, commits[cb20f782-9136-4144-a2ef-e44461d35697:c2958]
2019-09-17 12:48:43,868 [SCMBlockDeletingService#0] DEBUG block.SCMBlockDeletingService (SCMBlockDeletingService.java:call(138)) - Running DeletedBlockTransactionScanner
2019-09-17 12:48:43,869 [SCMBlockDeletingService#0] DEBUG block.SCMBlockDeletingService (SCMBlockDeletingService.java:call(155)) - Scanned deleted blocks log and got 0 delTX to process.
2019-09-17 12:48:43,937 [grpc-default-executor-2] INFO  client.GrpcClientProtocolClient (GrpcClientProtocolClient.java:onNext(264)) - client-E41C008B94D2->cb20f782-9136-4144-a2ef-e44461d35697: receive RaftClientReply:client-E41C008B94D2->cb20f782-9136-4144-a2ef-e44461d35697@group-EF222054BC57, cid=2077, SUCCESS, logIndex=2960, commits[cb20f782-9136-4144-a2ef-e44461d35697:c2963]
2019-09-17 12:48:43,938 [grpc-default-executor-2] INFO  client.GrpcClientProtocolClient (GrpcClientProtocolClient.java:onNext(264)) - client-E41C008B94D2->cb20f782-9136-4144-a2ef-e44461d35697: receive RaftClientReply:client-E41C008B94D2->cb20f782-9136-4144-a2ef-e44461d35697@group-EF222054BC57, cid=2078, SUCCESS, logIndex=2961, commits[cb20f782-9136-4144-a2ef-e44461d35697:c2964]
2019-09-17 12:48:43,938 [grpc-default-executor-2] INFO  client.GrpcClientProtocolClient (GrpcClientProtocolClient.java:onNext(264)) - client-E41C008B94D2->cb20f782-9136-4144-a2ef-e44461d35697: receive RaftClientReply:client-E41C008B94D2->cb20f782-9136-4144-a2ef-e44461d35697@group-EF222054BC57, cid=2079, SUCCESS, logIndex=2962, commits[cb20f782-9136-4144-a2ef-e44461d35697:c2964]
2019-09-17 12:48:43,938 [grpc-default-executor-2] INFO  client.GrpcClientProtocolClient (GrpcClientProtocolClient.java:onNext(264)) - client-E41C008B94D2->cb20f782-9136-4144-a2ef-e44461d35697: receive RaftClientReply:client-E41C008B94D2->cb20f782-9136-4144-a2ef-e44461d35697@group-EF222054BC57, cid=2080, SUCCESS, logIndex=2963, commits[cb20f782-9136-4144-a2ef-e44461d35697:c2964]
2019-09-17 12:48:43,966 [grpc-default-executor-2] INFO  client.GrpcClientProtocolClient (GrpcClientProtocolClient.java:onNext(264)) - client-E41C008B94D2->cb20f782-9136-4144-a2ef-e44461d35697: receive RaftClientReply:client-E41C008B94D2->cb20f782-9136-4144-a2ef-e44461d35697@group-EF222054BC57, cid=2081, SUCCESS, logIndex=2965, commits[cb20f782-9136-4144-a2ef-e44461d35697:c2966]
2019-09-17 12:48:43,966 [grpc-default-executor-2] INFO  client.GrpcClientProtocolClient (GrpcClientProtocolClient.java:onNext(264)) - client-E41C008B94D2->cb20f782-9136-4144-a2ef-e44461d35697: receive RaftClientReply:client-E41C008B94D2->cb20f782-9136-4144-a2ef-e44461d35697@group-EF222054BC57, cid=2082, SUCCESS, logIndex=2966, commits[cb20f782-9136-4144-a2ef-e44461d35697:c2968]
2019-09-17 12:48:43,966 [grpc-default-executor-2] INFO  client.GrpcClientProtocolClient (GrpcClientProtocolClient.java:onNext(264)) - client-E41C008B94D2->cb20f782-9136-4144-a2ef-e44461d35697: receive RaftClientReply:client-E41C008B94D2->cb20f782-9136-4144-a2ef-e44461d35697@group-EF222054BC57, cid=2083, SUCCESS, logIndex=2967, commits[cb20f782-9136-4144-a2ef-e44461d35697:c2969]
2019-09-17 12:48:43,967 [grpc-default-executor-2] INFO  client.GrpcClientProtocolClient (GrpcClientProtocolClient.java:onNext(264)) - client-E41C008B94D2->cb20f782-9136-4144-a2ef-e44461d35697: receive RaftClientReply:client-E41C008B94D2->cb20f782-9136-4144-a2ef-e44461d35697@group-EF222054BC57, cid=2084, SUCCESS, logIndex=2968, commits[cb20f782-9136-4144-a2ef-e44461d35697:c2969]
2019-09-17 12:48:43,969 [SCMBlockDeletingService#0] DEBUG block.SCMBlockDeletingService (SCMBlockDeletingService.java:call(138)) - Running DeletedBlockTransactionScanner
2019-09-17 12:48:43,969 [SCMBlockDeletingService#0] DEBUG block.SCMBlockDeletingService (SCMBlockDeletingService.java:call(155)) - Scanned deleted blocks log and got 0 delTX to process.
2019-09-17 12:48:43,985 [grpc-default-executor-2] INFO  client.GrpcClientProtocolClient (GrpcClientProtocolClient.java:onNext(264)) - client-E41C008B94D2->cb20f782-9136-4144-a2ef-e44461d35697: receive RaftClientReply:client-E41C008B94D2->cb20f782-9136-4144-a2ef-e44461d35697@group-EF222054BC57, cid=2085, SUCCESS, logIndex=2971, commits[cb20f782-9136-4144-a2ef-e44461d35697:c2972]
2019-09-17 12:48:43,985 [grpc-default-executor-2] INFO  client.GrpcClientProtocolClient (GrpcClientProtocolClient.java:onNext(264)) - client-E41C008B94D2->cb20f782-9136-4144-a2ef-e44461d35697: receive RaftClientReply:client-E41C008B94D2->cb20f782-9136-4144-a2ef-e44461d35697@group-EF222054BC57, cid=2086, SUCCESS, logIndex=2972, commits[cb20f782-9136-4144-a2ef-e44461d35697:c2974]
2019-09-17 12:48:43,985 [grpc-default-executor-2] INFO  client.GrpcClientProtocolClient (GrpcClientProtocolClient.java:onNext(264)) - client-E41C008B94D2->cb20f782-9136-4144-a2ef-e44461d35697: receive RaftClientReply:client-E41C008B94D2->cb20f782-9136-4144-a2ef-e44461d35697@group-EF222054BC57, cid=2087, SUCCESS, logIndex=2973, commits[cb20f782-9136-4144-a2ef-e44461d35697:c2975]
2019-09-17 12:48:43,986 [grpc-default-executor-2] INFO  client.GrpcClientProtocolClient (GrpcClientProtocolClient.java:onNext(264)) - client-E41C008B94D2->cb20f782-9136-4144-a2ef-e44461d35697: receive RaftClientReply:client-E41C008B94D2->cb20f782-9136-4144-a2ef-e44461d35697@group-EF222054BC57, cid=2088, SUCCESS, logIndex=2974, commits[cb20f782-9136-4144-a2ef-e44461d35697:c2975]
2019-09-17 12:48:44,012 [grpc-default-executor-2] INFO  client.GrpcClientProtocolClient (GrpcClientProtocolClient.java:onNext(264)) - client-E41C008B94D2->cb20f782-9136-4144-a2ef-e44461d35697: receive RaftClientReply:client-E41C008B94D2->cb20f782-9136-4144-a2ef-e44461d35697@group-EF222054BC57, cid=2089, SUCCESS, logIndex=2977, commits[cb20f782-9136-4144-a2ef-e44461d35697:c2978]
2019-09-17 12:48:44,013 [grpc-default-executor-2] INFO  client.GrpcClientProtocolClient (GrpcClientProtocolClient.java:onNext(264)) - client-E41C008B94D2->cb20f782-9136-4144-a2ef-e44461d35697: receive RaftClientReply:client-E41C008B94D2->cb20f782-9136-4144-a2ef-e44461d35697@group-EF222054BC57, cid=2090, SUCCESS, logIndex=2978, commits[cb20f782-9136-4144-a2ef-e44461d35697:c2978]
2019-09-17 12:48:44,013 [grpc-default-executor-2] INFO  client.GrpcClientProtocolClient (GrpcClientProtocolClient.java:onNext(264)) - client-E41C008B94D2->cb20f782-9136-4144-a2ef-e44461d35697: receive RaftClientReply:client-E41C008B94D2->cb20f782-9136-4144-a2ef-e44461d35697@group-EF222054BC57, cid=2091, SUCCESS, logIndex=2979, commits[cb20f782-9136-4144-a2ef-e44461d35697:c2981]
2019-09-17 12:48:44,013 [grpc-default-executor-2] INFO  client.GrpcClientProtocolClient (GrpcClientProtocolClient.java:onNext(264)) - client-E41C008B94D2->cb20f782-9136-4144-a2ef-e44461d35697: receive RaftClientReply:client-E41C008B94D2->cb20f782-9136-4144-a2ef-e44461d35697@group-EF222054BC57, cid=2092, SUCCESS, logIndex=2980, commits[cb20f782-9136-4144-a2ef-e44461d35697:c2981]
2019-09-17 12:48:44,033 [grpc-default-executor-2] INFO  client.GrpcClientProtocolClient (GrpcClientProtocolClient.java:onNext(264)) - client-E41C008B94D2->cb20f782-9136-4144-a2ef-e44461d35697: receive RaftClientReply:client-E41C008B94D2->cb20f782-9136-4144-a2ef-e44461d35697@group-EF222054BC57, cid=2093, SUCCESS, logIndex=2983, commits[cb20f782-9136-4144-a2ef-e44461d35697:c2986]
2019-09-17 12:48:44,033 [grpc-default-executor-2] INFO  client.GrpcClientProtocolClient (GrpcClientProtocolClient.java:onNext(264)) - client-E41C008B94D2->cb20f782-9136-4144-a2ef-e44461d35697: receive RaftClientReply:client-E41C008B94D2->cb20f782-9136-4144-a2ef-e44461d35697@group-EF222054BC57, cid=2094, SUCCESS, logIndex=2984, commits[cb20f782-9136-4144-a2ef-e44461d35697:c2986]
2019-09-17 12:48:44,033 [grpc-default-executor-2] INFO  client.GrpcClientProtocolClient (GrpcClientProtocolClient.java:onNext(264)) - client-E41C008B94D2->cb20f782-9136-4144-a2ef-e44461d35697: receive RaftClientReply:client-E41C008B94D2->cb20f782-9136-4144-a2ef-e44461d35697@group-EF222054BC57, cid=2095, SUCCESS, logIndex=2985, commits[cb20f782-9136-4144-a2ef-e44461d35697:c2987]
2019-09-17 12:48:44,034 [grpc-default-executor-2] INFO  client.GrpcClientProtocolClient (GrpcClientProtocolClient.java:onNext(264)) - client-E41C008B94D2->cb20f782-9136-4144-a2ef-e44461d35697: receive RaftClientReply:client-E41C008B94D2->cb20f782-9136-4144-a2ef-e44461d35697@group-EF222054BC57, cid=2096, SUCCESS, logIndex=2986, commits[cb20f782-9136-4144-a2ef-e44461d35697:c2987]
2019-09-17 12:48:44,061 [grpc-default-executor-2] INFO  client.GrpcClientProtocolClient (GrpcClientProtocolClient.java:onNext(264)) - client-E41C008B94D2->cb20f782-9136-4144-a2ef-e44461d35697: receive RaftClientReply:client-E41C008B94D2->cb20f782-9136-4144-a2ef-e44461d35697@group-EF222054BC57, cid=2097, SUCCESS, logIndex=2988, commits[cb20f782-9136-4144-a2ef-e44461d35697:c2989]
2019-09-17 12:48:44,062 [grpc-default-executor-2] INFO  client.GrpcClientProtocolClient (GrpcClientProtocolClient.java:onNext(264)) - client-E41C008B94D2->cb20f782-9136-4144-a2ef-e44461d35697: receive RaftClientReply:client-E41C008B94D2->cb20f782-9136-4144-a2ef-e44461d35697@group-EF222054BC57, cid=2098, SUCCESS, logIndex=2989, commits[cb20f782-9136-4144-a2ef-e44461d35697:c2989]
2019-09-17 12:48:44,062 [grpc-default-executor-2] INFO  client.GrpcClientProtocolClient (GrpcClientProtocolClient.java:onNext(264)) - client-E41C008B94D2->cb20f782-9136-4144-a2ef-e44461d35697: receive RaftClientReply:client-E41C008B94D2->cb20f782-9136-4144-a2ef-e44461d35697@group-EF222054BC57, cid=2099, SUCCESS, logIndex=2990, commits[cb20f782-9136-4144-a2ef-e44461d35697:c2991]
2019-09-17 12:48:44,062 [grpc-default-executor-2] INFO  client.GrpcClientProtocolClient (GrpcClientProtocolClient.java:onNext(264)) - client-E41C008B94D2->cb20f782-9136-4144-a2ef-e44461d35697: receive RaftClientReply:client-E41C008B94D2->cb20f782-9136-4144-a2ef-e44461d35697@group-EF222054BC57, cid=2100, SUCCESS, logIndex=2991, commits[cb20f782-9136-4144-a2ef-e44461d35697:c2992]
2019-09-17 12:48:44,193 [SCMBlockDeletingService#0] DEBUG block.SCMBlockDeletingService (SCMBlockDeletingService.java:call(138)) - Running DeletedBlockTransactionScanner
2019-09-17 12:48:44,194 [SCMBlockDeletingService#0] DEBUG block.SCMBlockDeletingService (SCMBlockDeletingService.java:call(155)) - Scanned deleted blocks log and got 0 delTX to process.
2019-09-17 12:48:44,205 [grpc-default-executor-2] INFO  client.GrpcClientProtocolClient (GrpcClientProtocolClient.java:onNext(264)) - client-E41C008B94D2->cb20f782-9136-4144-a2ef-e44461d35697: receive RaftClientReply:client-E41C008B94D2->cb20f782-9136-4144-a2ef-e44461d35697@group-EF222054BC57, cid=2101, SUCCESS, logIndex=2994, commits[cb20f782-9136-4144-a2ef-e44461d35697:c2995]
2019-09-17 12:48:44,206 [grpc-default-executor-2] INFO  client.GrpcClientProtocolClient (GrpcClientProtocolClient.java:onNext(264)) - client-E41C008B94D2->cb20f782-9136-4144-a2ef-e44461d35697: receive RaftClientReply:client-E41C008B94D2->cb20f782-9136-4144-a2ef-e44461d35697@group-EF222054BC57, cid=2102, SUCCESS, logIndex=2995, commits[cb20f782-9136-4144-a2ef-e44461d35697:c2997]
2019-09-17 12:48:44,206 [grpc-default-executor-2] INFO  client.GrpcClientProtocolClient (GrpcClientProtocolClient.java:onNext(264)) - client-E41C008B94D2->cb20f782-9136-4144-a2ef-e44461d35697: receive RaftClientReply:client-E41C008B94D2->cb20f782-9136-4144-a2ef-e44461d35697@group-EF222054BC57, cid=2103, SUCCESS, logIndex=2996, commits[cb20f782-9136-4144-a2ef-e44461d35697:c2997]
2019-09-17 12:48:44,206 [grpc-default-executor-2] INFO  client.GrpcClientProtocolClient (GrpcClientProtocolClient.java:onNext(264)) - client-E41C008B94D2->cb20f782-9136-4144-a2ef-e44461d35697: receive RaftClientReply:client-E41C008B94D2->cb20f782-9136-4144-a2ef-e44461d35697@group-EF222054BC57, cid=2104, SUCCESS, logIndex=2997, commits[cb20f782-9136-4144-a2ef-e44461d35697:c2998]
2019-09-17 12:48:44,233 [grpc-default-executor-2] INFO  client.GrpcClientProtocolClient (GrpcClientProtocolClient.java:onNext(264)) - client-E41C008B94D2->cb20f782-9136-4144-a2ef-e44461d35697: receive RaftClientReply:client-E41C008B94D2->cb20f782-9136-4144-a2ef-e44461d35697@group-EF222054BC57, cid=2105, SUCCESS, logIndex=3000, commits[cb20f782-9136-4144-a2ef-e44461d35697:c3001]
2019-09-17 12:48:44,234 [grpc-default-executor-2] INFO  client.GrpcClientProtocolClient (GrpcClientProtocolClient.java:onNext(264)) - client-E41C008B94D2->cb20f782-9136-4144-a2ef-e44461d35697: receive RaftClientReply:client-E41C008B94D2->cb20f782-9136-4144-a2ef-e44461d35697@group-EF222054BC57, cid=2106, SUCCESS, logIndex=3001, commits[cb20f782-9136-4144-a2ef-e44461d35697:c3003]
2019-09-17 12:48:44,234 [grpc-default-executor-2] INFO  client.GrpcClientProtocolClient (GrpcClientProtocolClient.java:onNext(264)) - client-E41C008B94D2->cb20f782-9136-4144-a2ef-e44461d35697: receive RaftClientReply:client-E41C008B94D2->cb20f782-9136-4144-a2ef-e44461d35697@group-EF222054BC57, cid=2107, SUCCESS, logIndex=3002, commits[cb20f782-9136-4144-a2ef-e44461d35697:c3003]
2019-09-17 12:48:44,234 [grpc-default-executor-2] INFO  client.GrpcClientProtocolClient (GrpcClientProtocolClient.java:onNext(264)) - client-E41C008B94D2->cb20f782-9136-4144-a2ef-e44461d35697: receive RaftClientReply:client-E41C008B94D2->cb20f782-9136-4144-a2ef-e44461d35697@group-EF222054BC57, cid=2108, SUCCESS, logIndex=3003, commits[cb20f782-9136-4144-a2ef-e44461d35697:c3004]
2019-09-17 12:48:44,252 [grpc-default-executor-1] INFO  client.GrpcClientProtocolClient (GrpcClientProtocolClient.java:onNext(264)) - client-E41C008B94D2->cb20f782-9136-4144-a2ef-e44461d35697: receive RaftClientReply:client-E41C008B94D2->cb20f782-9136-4144-a2ef-e44461d35697@group-EF222054BC57, cid=2109, SUCCESS, logIndex=3006, commits[cb20f782-9136-4144-a2ef-e44461d35697:c3007]
2019-09-17 12:48:44,252 [grpc-default-executor-1] INFO  client.GrpcClientProtocolClient (GrpcClientProtocolClient.java:onNext(264)) - client-E41C008B94D2->cb20f782-9136-4144-a2ef-e44461d35697: receive RaftClientReply:client-E41C008B94D2->cb20f782-9136-4144-a2ef-e44461d35697@group-EF222054BC57, cid=2110, SUCCESS, logIndex=3007, commits[cb20f782-9136-4144-a2ef-e44461d35697:c3009]
2019-09-17 12:48:44,252 [grpc-default-executor-1] INFO  client.GrpcClientProtocolClient (GrpcClientProtocolClient.java:onNext(264)) - client-E41C008B94D2->cb20f782-9136-4144-a2ef-e44461d35697: receive RaftClientReply:client-E41C008B94D2->cb20f782-9136-4144-a2ef-e44461d35697@group-EF222054BC57, cid=2111, SUCCESS, logIndex=3008, commits[cb20f782-9136-4144-a2ef-e44461d35697:c3009]
2019-09-17 12:48:44,253 [grpc-default-executor-1] INFO  client.GrpcClientProtocolClient (GrpcClientProtocolClient.java:onNext(264)) - client-E41C008B94D2->cb20f782-9136-4144-a2ef-e44461d35697: receive RaftClientReply:client-E41C008B94D2->cb20f782-9136-4144-a2ef-e44461d35697@group-EF222054BC57, cid=2112, SUCCESS, logIndex=3009, commits[cb20f782-9136-4144-a2ef-e44461d35697:c3010]
2019-09-17 12:48:44,277 [grpc-default-executor-1] INFO  client.GrpcClientProtocolClient (GrpcClientProtocolClient.java:onNext(264)) - client-E41C008B94D2->cb20f782-9136-4144-a2ef-e44461d35697: receive RaftClientReply:client-E41C008B94D2->cb20f782-9136-4144-a2ef-e44461d35697@group-EF222054BC57, cid=2113, SUCCESS, logIndex=3012, commits[cb20f782-9136-4144-a2ef-e44461d35697:c3013]
2019-09-17 12:48:44,277 [grpc-default-executor-1] INFO  client.GrpcClientProtocolClient (GrpcClientProtocolClient.java:onNext(264)) - client-E41C008B94D2->cb20f782-9136-4144-a2ef-e44461d35697: receive RaftClientReply:client-E41C008B94D2->cb20f782-9136-4144-a2ef-e44461d35697@group-EF222054BC57, cid=2114, SUCCESS, logIndex=3013, commits[cb20f782-9136-4144-a2ef-e44461d35697:c3013]
2019-09-17 12:48:44,278 [grpc-default-executor-1] INFO  client.GrpcClientProtocolClient (GrpcClientProtocolClient.java:onNext(264)) - client-E41C008B94D2->cb20f782-9136-4144-a2ef-e44461d35697: receive RaftClientReply:client-E41C008B94D2->cb20f782-9136-4144-a2ef-e44461d35697@group-EF222054BC57, cid=2115, SUCCESS, logIndex=3014, commits[cb20f782-9136-4144-a2ef-e44461d35697:c3015]
2019-09-17 12:48:44,278 [grpc-default-executor-1] INFO  client.GrpcClientProtocolClient (GrpcClientProtocolClient.java:onNext(264)) - client-E41C008B94D2->cb20f782-9136-4144-a2ef-e44461d35697: receive RaftClientReply:client-E41C008B94D2->cb20f782-9136-4144-a2ef-e44461d35697@group-EF222054BC57, cid=2116, SUCCESS, logIndex=3015, commits[cb20f782-9136-4144-a2ef-e44461d35697:c3015]
2019-09-17 12:48:44,294 [SCMBlockDeletingService#0] DEBUG block.SCMBlockDeletingService (SCMBlockDeletingService.java:call(138)) - Running DeletedBlockTransactionScanner
2019-09-17 12:48:44,294 [SCMBlockDeletingService#0] DEBUG block.SCMBlockDeletingService (SCMBlockDeletingService.java:call(155)) - Scanned deleted blocks log and got 0 delTX to process.
2019-09-17 12:48:44,295 [grpc-default-executor-1] INFO  client.GrpcClientProtocolClient (GrpcClientProtocolClient.java:onNext(264)) - client-E41C008B94D2->cb20f782-9136-4144-a2ef-e44461d35697: receive RaftClientReply:client-E41C008B94D2->cb20f782-9136-4144-a2ef-e44461d35697@group-EF222054BC57, cid=2117, SUCCESS, logIndex=3018, commits[cb20f782-9136-4144-a2ef-e44461d35697:c3019]
2019-09-17 12:48:44,295 [grpc-default-executor-1] INFO  client.GrpcClientProtocolClient (GrpcClientProtocolClient.java:onNext(264)) - client-E41C008B94D2->cb20f782-9136-4144-a2ef-e44461d35697: receive RaftClientReply:client-E41C008B94D2->cb20f782-9136-4144-a2ef-e44461d35697@group-EF222054BC57, cid=2118, SUCCESS, logIndex=3019, commits[cb20f782-9136-4144-a2ef-e44461d35697:c3021]
2019-09-17 12:48:44,296 [grpc-default-executor-1] INFO  client.GrpcClientProtocolClient (GrpcClientProtocolClient.java:onNext(264)) - client-E41C008B94D2->cb20f782-9136-4144-a2ef-e44461d35697: receive RaftClientReply:client-E41C008B94D2->cb20f782-9136-4144-a2ef-e44461d35697@group-EF222054BC57, cid=2119, SUCCESS, logIndex=3020, commits[cb20f782-9136-4144-a2ef-e44461d35697:c3021]
2019-09-17 12:48:44,296 [grpc-default-executor-1] INFO  client.GrpcClientProtocolClient (GrpcClientProtocolClient.java:onNext(264)) - client-E41C008B94D2->cb20f782-9136-4144-a2ef-e44461d35697: receive RaftClientReply:client-E41C008B94D2->cb20f782-9136-4144-a2ef-e44461d35697@group-EF222054BC57, cid=2120, SUCCESS, logIndex=3021, commits[cb20f782-9136-4144-a2ef-e44461d35697:c3021]
2019-09-17 12:48:44,394 [SCMBlockDeletingService#1] DEBUG block.SCMBlockDeletingService (SCMBlockDeletingService.java:call(138)) - Running DeletedBlockTransactionScanner
2019-09-17 12:48:44,395 [SCMBlockDeletingService#1] DEBUG block.SCMBlockDeletingService (SCMBlockDeletingService.java:call(155)) - Scanned deleted blocks log and got 0 delTX to process.
2019-09-17 12:48:44,409 [grpc-default-executor-2] INFO  client.GrpcClientProtocolClient (GrpcClientProtocolClient.java:onNext(264)) - client-E41C008B94D2->cb20f782-9136-4144-a2ef-e44461d35697: receive RaftClientReply:client-E41C008B94D2->cb20f782-9136-4144-a2ef-e44461d35697@group-EF222054BC57, cid=2121, SUCCESS, logIndex=3024, commits[cb20f782-9136-4144-a2ef-e44461d35697:c3025]
2019-09-17 12:48:44,409 [grpc-default-executor-2] INFO  client.GrpcClientProtocolClient (GrpcClientProtocolClient.java:onNext(264)) - client-E41C008B94D2->cb20f782-9136-4144-a2ef-e44461d35697: receive RaftClientReply:client-E41C008B94D2->cb20f782-9136-4144-a2ef-e44461d35697@group-EF222054BC57, cid=2122, SUCCESS, logIndex=3025, commits[cb20f782-9136-4144-a2ef-e44461d35697:c3027]
2019-09-17 12:48:44,409 [grpc-default-executor-2] INFO  client.GrpcClientProtocolClient (GrpcClientProtocolClient.java:onNext(264)) - client-E41C008B94D2->cb20f782-9136-4144-a2ef-e44461d35697: receive RaftClientReply:client-E41C008B94D2->cb20f782-9136-4144-a2ef-e44461d35697@group-EF222054BC57, cid=2123, SUCCESS, logIndex=3026, commits[cb20f782-9136-4144-a2ef-e44461d35697:c3028]
2019-09-17 12:48:44,410 [grpc-default-executor-2] INFO  client.GrpcClientProtocolClient (GrpcClientProtocolClient.java:onNext(264)) - client-E41C008B94D2->cb20f782-9136-4144-a2ef-e44461d35697: receive RaftClientReply:client-E41C008B94D2->cb20f782-9136-4144-a2ef-e44461d35697@group-EF222054BC57, cid=2124, SUCCESS, logIndex=3027, commits[cb20f782-9136-4144-a2ef-e44461d35697:c3029]
2019-09-17 12:48:44,429 [grpc-default-executor-2] INFO  client.GrpcClientProtocolClient (GrpcClientProtocolClient.java:onNext(264)) - client-E41C008B94D2->cb20f782-9136-4144-a2ef-e44461d35697: receive RaftClientReply:client-E41C008B94D2->cb20f782-9136-4144-a2ef-e44461d35697@group-EF222054BC57, cid=2125, SUCCESS, logIndex=3030, commits[cb20f782-9136-4144-a2ef-e44461d35697:c3033]
2019-09-17 12:48:44,430 [grpc-default-executor-2] INFO  client.GrpcClientProtocolClient (GrpcClientProtocolClient.java:onNext(264)) - client-E41C008B94D2->cb20f782-9136-4144-a2ef-e44461d35697: receive RaftClientReply:client-E41C008B94D2->cb20f782-9136-4144-a2ef-e44461d35697@group-EF222054BC57, cid=2126, SUCCESS, logIndex=3031, commits[cb20f782-9136-4144-a2ef-e44461d35697:c3034]
2019-09-17 12:48:44,430 [grpc-default-executor-2] INFO  client.GrpcClientProtocolClient (GrpcClientProtocolClient.java:onNext(264)) - client-E41C008B94D2->cb20f782-9136-4144-a2ef-e44461d35697: receive RaftClientReply:client-E41C008B94D2->cb20f782-9136-4144-a2ef-e44461d35697@group-EF222054BC57, cid=2127, SUCCESS, logIndex=3032, commits[cb20f782-9136-4144-a2ef-e44461d35697:c3034]
2019-09-17 12:48:44,431 [grpc-default-executor-2] INFO  client.GrpcClientProtocolClient (GrpcClientProtocolClient.java:onNext(264)) - client-E41C008B94D2->cb20f782-9136-4144-a2ef-e44461d35697: receive RaftClientReply:client-E41C008B94D2->cb20f782-9136-4144-a2ef-e44461d35697@group-EF222054BC57, cid=2128, SUCCESS, logIndex=3033, commits[cb20f782-9136-4144-a2ef-e44461d35697:c3034]
2019-09-17 12:48:44,459 [grpc-default-executor-1] INFO  client.GrpcClientProtocolClient (GrpcClientProtocolClient.java:onNext(264)) - client-E41C008B94D2->cb20f782-9136-4144-a2ef-e44461d35697: receive RaftClientReply:client-E41C008B94D2->cb20f782-9136-4144-a2ef-e44461d35697@group-EF222054BC57, cid=2129, SUCCESS, logIndex=3035, commits[cb20f782-9136-4144-a2ef-e44461d35697:c3036]
2019-09-17 12:48:44,460 [grpc-default-executor-1] INFO  client.GrpcClientProtocolClient (GrpcClientProtocolClient.java:onNext(264)) - client-E41C008B94D2->cb20f782-9136-4144-a2ef-e44461d35697: receive RaftClientReply:client-E41C008B94D2->cb20f782-9136-4144-a2ef-e44461d35697@group-EF222054BC57, cid=2130, SUCCESS, logIndex=3036, commits[cb20f782-9136-4144-a2ef-e44461d35697:c3038]
2019-09-17 12:48:44,460 [grpc-default-executor-1] INFO  client.GrpcClientProtocolClient (GrpcClientProtocolClient.java:onNext(264)) - client-E41C008B94D2->cb20f782-9136-4144-a2ef-e44461d35697: receive RaftClientReply:client-E41C008B94D2->cb20f782-9136-4144-a2ef-e44461d35697@group-EF222054BC57, cid=2131, SUCCESS, logIndex=3037, commits[cb20f782-9136-4144-a2ef-e44461d35697:c3038]
2019-09-17 12:48:44,460 [grpc-default-executor-1] INFO  client.GrpcClientProtocolClient (GrpcClientProtocolClient.java:onNext(264)) - client-E41C008B94D2->cb20f782-9136-4144-a2ef-e44461d35697: receive RaftClientReply:client-E41C008B94D2->cb20f782-9136-4144-a2ef-e44461d35697@group-EF222054BC57, cid=2132, SUCCESS, logIndex=3038, commits[cb20f782-9136-4144-a2ef-e44461d35697:c3039]
2019-09-17 12:48:44,493 [grpc-default-executor-1] INFO  client.GrpcClientProtocolClient (GrpcClientProtocolClient.java:onNext(264)) - client-E41C008B94D2->cb20f782-9136-4144-a2ef-e44461d35697: receive RaftClientReply:client-E41C008B94D2->cb20f782-9136-4144-a2ef-e44461d35697@group-EF222054BC57, cid=2133, SUCCESS, logIndex=3041, commits[cb20f782-9136-4144-a2ef-e44461d35697:c3042]
2019-09-17 12:48:44,493 [grpc-default-executor-1] INFO  client.GrpcClientProtocolClient (GrpcClientProtocolClient.java:onNext(264)) - client-E41C008B94D2->cb20f782-9136-4144-a2ef-e44461d35697: receive RaftClientReply:client-E41C008B94D2->cb20f782-9136-4144-a2ef-e44461d35697@group-EF222054BC57, cid=2134, SUCCESS, logIndex=3042, commits[cb20f782-9136-4144-a2ef-e44461d35697:c3042]
2019-09-17 12:48:44,495 [SCMBlockDeletingService#0] DEBUG block.SCMBlockDeletingService (SCMBlockDeletingService.java:call(138)) - Running DeletedBlockTransactionScanner
2019-09-17 12:48:44,495 [SCMBlockDeletingService#0] DEBUG block.SCMBlockDeletingService (SCMBlockDeletingService.java:call(155)) - Scanned deleted blocks log and got 0 delTX to process.
2019-09-17 12:48:44,514 [grpc-default-executor-1] INFO  client.GrpcClientProtocolClient (GrpcClientProtocolClient.java:onNext(264)) - client-E41C008B94D2->cb20f782-9136-4144-a2ef-e44461d35697: receive RaftClientReply:client-E41C008B94D2->cb20f782-9136-4144-a2ef-e44461d35697@group-EF222054BC57, cid=2135, SUCCESS, logIndex=3043, commits[cb20f782-9136-4144-a2ef-e44461d35697:c3044]
2019-09-17 12:48:44,514 [grpc-default-executor-1] INFO  client.GrpcClientProtocolClient (GrpcClientProtocolClient.java:onNext(264)) - client-E41C008B94D2->cb20f782-9136-4144-a2ef-e44461d35697: receive RaftClientReply:client-E41C008B94D2->cb20f782-9136-4144-a2ef-e44461d35697@group-EF222054BC57, cid=2136, SUCCESS, logIndex=3044, commits[cb20f782-9136-4144-a2ef-e44461d35697:c3044]
2019-09-17 12:48:44,540 [grpc-default-executor-1] INFO  client.GrpcClientProtocolClient (GrpcClientProtocolClient.java:onNext(264)) - client-E41C008B94D2->cb20f782-9136-4144-a2ef-e44461d35697: receive RaftClientReply:client-E41C008B94D2->cb20f782-9136-4144-a2ef-e44461d35697@group-EF222054BC57, cid=2137, SUCCESS, logIndex=3047, commits[cb20f782-9136-4144-a2ef-e44461d35697:c3048]
2019-09-17 12:48:44,541 [grpc-default-executor-1] INFO  client.GrpcClientProtocolClient (GrpcClientProtocolClient.java:onNext(264)) - client-E41C008B94D2->cb20f782-9136-4144-a2ef-e44461d35697: receive RaftClientReply:client-E41C008B94D2->cb20f782-9136-4144-a2ef-e44461d35697@group-EF222054BC57, cid=2138, SUCCESS, logIndex=3048, commits[cb20f782-9136-4144-a2ef-e44461d35697:c3050]
2019-09-17 12:48:44,541 [grpc-default-executor-1] INFO  client.GrpcClientProtocolClient (GrpcClientProtocolClient.java:onNext(264)) - client-E41C008B94D2->cb20f782-9136-4144-a2ef-e44461d35697: receive RaftClientReply:client-E41C008B94D2->cb20f782-9136-4144-a2ef-e44461d35697@group-EF222054BC57, cid=2139, SUCCESS, logIndex=3049, commits[cb20f782-9136-4144-a2ef-e44461d35697:c3051]
2019-09-17 12:48:44,541 [grpc-default-executor-1] INFO  client.GrpcClientProtocolClient (GrpcClientProtocolClient.java:onNext(264)) - client-E41C008B94D2->cb20f782-9136-4144-a2ef-e44461d35697: receive RaftClientReply:client-E41C008B94D2->cb20f782-9136-4144-a2ef-e44461d35697@group-EF222054BC57, cid=2140, SUCCESS, logIndex=3050, commits[cb20f782-9136-4144-a2ef-e44461d35697:c3051]
2019-09-17 12:48:44,558 [grpc-default-executor-2] INFO  client.GrpcClientProtocolClient (GrpcClientProtocolClient.java:onNext(264)) - client-E41C008B94D2->cb20f782-9136-4144-a2ef-e44461d35697: receive RaftClientReply:client-E41C008B94D2->cb20f782-9136-4144-a2ef-e44461d35697@group-EF222054BC57, cid=2141, SUCCESS, logIndex=3053, commits[cb20f782-9136-4144-a2ef-e44461d35697:c3054]
2019-09-17 12:48:44,558 [grpc-default-executor-2] INFO  client.GrpcClientProtocolClient (GrpcClientProtocolClient.java:onNext(264)) - client-E41C008B94D2->cb20f782-9136-4144-a2ef-e44461d35697: receive RaftClientReply:client-E41C008B94D2->cb20f782-9136-4144-a2ef-e44461d35697@group-EF222054BC57, cid=2142, SUCCESS, logIndex=3054, commits[cb20f782-9136-4144-a2ef-e44461d35697:c3056]
2019-09-17 12:48:44,559 [grpc-default-executor-2] INFO  client.GrpcClientProtocolClient (GrpcClientProtocolClient.java:onNext(264)) - client-E41C008B94D2->cb20f782-9136-4144-a2ef-e44461d35697: receive RaftClientReply:client-E41C008B94D2->cb20f782-9136-4144-a2ef-e44461d35697@group-EF222054BC57, cid=2143, SUCCESS, logIndex=3055, commits[cb20f782-9136-4144-a2ef-e44461d35697:c3057]
2019-09-17 12:48:44,559 [grpc-default-executor-2] INFO  client.GrpcClientProtocolClient (GrpcClientProtocolClient.java:onNext(264)) - client-E41C008B94D2->cb20f782-9136-4144-a2ef-e44461d35697: receive RaftClientReply:client-E41C008B94D2->cb20f782-9136-4144-a2ef-e44461d35697@group-EF222054BC57, cid=2144, SUCCESS, logIndex=3056, commits[cb20f782-9136-4144-a2ef-e44461d35697:c3057]
2019-09-17 12:48:44,582 [grpc-default-executor-1] INFO  client.GrpcClientProtocolClient (GrpcClientProtocolClient.java:onNext(264)) - client-E41C008B94D2->cb20f782-9136-4144-a2ef-e44461d35697: receive RaftClientReply:client-E41C008B94D2->cb20f782-9136-4144-a2ef-e44461d35697@group-EF222054BC57, cid=2145, SUCCESS, logIndex=3059, commits[cb20f782-9136-4144-a2ef-e44461d35697:c3060]
2019-09-17 12:48:44,582 [grpc-default-executor-1] INFO  client.GrpcClientProtocolClient (GrpcClientProtocolClient.java:onNext(264)) - client-E41C008B94D2->cb20f782-9136-4144-a2ef-e44461d35697: receive RaftClientReply:client-E41C008B94D2->cb20f782-9136-4144-a2ef-e44461d35697@group-EF222054BC57, cid=2146, SUCCESS, logIndex=3060, commits[cb20f782-9136-4144-a2ef-e44461d35697:c3062]
2019-09-17 12:48:44,583 [grpc-default-executor-1] INFO  client.GrpcClientProtocolClient (GrpcClientProtocolClient.java:onNext(264)) - client-E41C008B94D2->cb20f782-9136-4144-a2ef-e44461d35697: receive RaftClientReply:client-E41C008B94D2->cb20f782-9136-4144-a2ef-e44461d35697@group-EF222054BC57, cid=2147, SUCCESS, logIndex=3061, commits[cb20f782-9136-4144-a2ef-e44461d35697:c3062]
2019-09-17 12:48:44,583 [grpc-default-executor-1] INFO  client.GrpcClientProtocolClient (GrpcClientProtocolClient.java:onNext(264)) - client-E41C008B94D2->cb20f782-9136-4144-a2ef-e44461d35697: receive RaftClientReply:client-E41C008B94D2->cb20f782-9136-4144-a2ef-e44461d35697@group-EF222054BC57, cid=2148, SUCCESS, logIndex=3062, commits[cb20f782-9136-4144-a2ef-e44461d35697:c3063]
2019-09-17 12:48:44,595 [SCMBlockDeletingService#0] DEBUG block.SCMBlockDeletingService (SCMBlockDeletingService.java:call(138)) - Running DeletedBlockTransactionScanner
2019-09-17 12:48:44,596 [SCMBlockDeletingService#0] DEBUG block.SCMBlockDeletingService (SCMBlockDeletingService.java:call(155)) - Scanned deleted blocks log and got 0 delTX to process.
2019-09-17 12:48:44,602 [grpc-default-executor-2] INFO  client.GrpcClientProtocolClient (GrpcClientProtocolClient.java:onNext(264)) - client-E41C008B94D2->cb20f782-9136-4144-a2ef-e44461d35697: receive RaftClientReply:client-E41C008B94D2->cb20f782-9136-4144-a2ef-e44461d35697@group-EF222054BC57, cid=2149, SUCCESS, logIndex=3065, commits[cb20f782-9136-4144-a2ef-e44461d35697:c3068]
2019-09-17 12:48:44,603 [grpc-default-executor-2] INFO  client.GrpcClientProtocolClient (GrpcClientProtocolClient.java:onNext(264)) - client-E41C008B94D2->cb20f782-9136-4144-a2ef-e44461d35697: receive RaftClientReply:client-E41C008B94D2->cb20f782-9136-4144-a2ef-e44461d35697@group-EF222054BC57, cid=2150, SUCCESS, logIndex=3066, commits[cb20f782-9136-4144-a2ef-e44461d35697:c3068]
2019-09-17 12:48:44,603 [grpc-default-executor-2] INFO  client.GrpcClientProtocolClient (GrpcClientProtocolClient.java:onNext(264)) - client-E41C008B94D2->cb20f782-9136-4144-a2ef-e44461d35697: receive RaftClientReply:client-E41C008B94D2->cb20f782-9136-4144-a2ef-e44461d35697@group-EF222054BC57, cid=2151, SUCCESS, logIndex=3067, commits[cb20f782-9136-4144-a2ef-e44461d35697:c3068]
2019-09-17 12:48:44,603 [grpc-default-executor-2] INFO  client.GrpcClientProtocolClient (GrpcClientProtocolClient.java:onNext(264)) - client-E41C008B94D2->cb20f782-9136-4144-a2ef-e44461d35697: receive RaftClientReply:client-E41C008B94D2->cb20f782-9136-4144-a2ef-e44461d35697@group-EF222054BC57, cid=2152, SUCCESS, logIndex=3068, commits[cb20f782-9136-4144-a2ef-e44461d35697:c3068]
2019-09-17 12:48:44,627 [grpc-default-executor-1] INFO  client.GrpcClientProtocolClient (GrpcClientProtocolClient.java:onNext(264)) - client-E41C008B94D2->cb20f782-9136-4144-a2ef-e44461d35697: receive RaftClientReply:client-E41C008B94D2->cb20f782-9136-4144-a2ef-e44461d35697@group-EF222054BC57, cid=2153, SUCCESS, logIndex=3070, commits[cb20f782-9136-4144-a2ef-e44461d35697:c3071]
2019-09-17 12:48:44,628 [grpc-default-executor-1] INFO  client.GrpcClientProtocolClient (GrpcClientProtocolClient.java:onNext(264)) - client-E41C008B94D2->cb20f782-9136-4144-a2ef-e44461d35697: receive RaftClientReply:client-E41C008B94D2->cb20f782-9136-4144-a2ef-e44461d35697@group-EF222054BC57, cid=2154, SUCCESS, logIndex=3071, commits[cb20f782-9136-4144-a2ef-e44461d35697:c3071]
2019-09-17 12:48:44,628 [grpc-default-executor-1] INFO  client.GrpcClientProtocolClient (GrpcClientProtocolClient.java:onNext(264)) - client-E41C008B94D2->cb20f782-9136-4144-a2ef-e44461d35697: receive RaftClientReply:client-E41C008B94D2->cb20f782-9136-4144-a2ef-e44461d35697@group-EF222054BC57, cid=2155, SUCCESS, logIndex=3072, commits[cb20f782-9136-4144-a2ef-e44461d35697:c3073]
2019-09-17 12:48:44,629 [grpc-default-executor-1] INFO  client.GrpcClientProtocolClient (GrpcClientProtocolClient.java:onNext(264)) - client-E41C008B94D2->cb20f782-9136-4144-a2ef-e44461d35697: receive RaftClientReply:client-E41C008B94D2->cb20f782-9136-4144-a2ef-e44461d35697@group-EF222054BC57, cid=2156, SUCCESS, logIndex=3073, commits[cb20f782-9136-4144-a2ef-e44461d35697:c3073]
2019-09-17 12:48:44,648 [grpc-default-executor-1] INFO  client.GrpcClientProtocolClient (GrpcClientProtocolClient.java:onNext(264)) - client-E41C008B94D2->cb20f782-9136-4144-a2ef-e44461d35697: receive RaftClientReply:client-E41C008B94D2->cb20f782-9136-4144-a2ef-e44461d35697@group-EF222054BC57, cid=2157, SUCCESS, logIndex=3076, commits[cb20f782-9136-4144-a2ef-e44461d35697:c3079]
2019-09-17 12:48:44,648 [grpc-default-executor-1] INFO  client.GrpcClientProtocolClient (GrpcClientProtocolClient.java:onNext(264)) - client-E41C008B94D2->cb20f782-9136-4144-a2ef-e44461d35697: receive RaftClientReply:client-E41C008B94D2->cb20f782-9136-4144-a2ef-e44461d35697@group-EF222054BC57, cid=2158, SUCCESS, logIndex=3077, commits[cb20f782-9136-4144-a2ef-e44461d35697:c3079]
2019-09-17 12:48:44,648 [grpc-default-executor-1] INFO  client.GrpcClientProtocolClient (GrpcClientProtocolClient.java:onNext(264)) - client-E41C008B94D2->cb20f782-9136-4144-a2ef-e44461d35697: receive RaftClientReply:client-E41C008B94D2->cb20f782-9136-4144-a2ef-e44461d35697@group-EF222054BC57, cid=2159, SUCCESS, logIndex=3078, commits[cb20f782-9136-4144-a2ef-e44461d35697:c3080]
2019-09-17 12:48:44,649 [grpc-default-executor-1] INFO  client.GrpcClientProtocolClient (GrpcClientProtocolClient.java:onNext(264)) - client-E41C008B94D2->cb20f782-9136-4144-a2ef-e44461d35697: receive RaftClientReply:client-E41C008B94D2->cb20f782-9136-4144-a2ef-e44461d35697@group-EF222054BC57, cid=2160, SUCCESS, logIndex=3079, commits[cb20f782-9136-4144-a2ef-e44461d35697:c3080]
2019-09-17 12:48:44,677 [grpc-default-executor-1] INFO  client.GrpcClientProtocolClient (GrpcClientProtocolClient.java:onNext(264)) - client-E41C008B94D2->cb20f782-9136-4144-a2ef-e44461d35697: receive RaftClientReply:client-E41C008B94D2->cb20f782-9136-4144-a2ef-e44461d35697@group-EF222054BC57, cid=2161, SUCCESS, logIndex=3081, commits[cb20f782-9136-4144-a2ef-e44461d35697:c3084]
2019-09-17 12:48:44,678 [grpc-default-executor-1] INFO  client.GrpcClientProtocolClient (GrpcClientProtocolClient.java:onNext(264)) - client-E41C008B94D2->cb20f782-9136-4144-a2ef-e44461d35697: receive RaftClientReply:client-E41C008B94D2->cb20f782-9136-4144-a2ef-e44461d35697@group-EF222054BC57, cid=2162, SUCCESS, logIndex=3082, commits[cb20f782-9136-4144-a2ef-e44461d35697:c3085]
2019-09-17 12:48:44,678 [grpc-default-executor-1] INFO  client.GrpcClientProtocolClient (GrpcClientProtocolClient.java:onNext(264)) - client-E41C008B94D2->cb20f782-9136-4144-a2ef-e44461d35697: receive RaftClientReply:client-E41C008B94D2->cb20f782-9136-4144-a2ef-e44461d35697@group-EF222054BC57, cid=2163, SUCCESS, logIndex=3083, commits[cb20f782-9136-4144-a2ef-e44461d35697:c3085]
2019-09-17 12:48:44,678 [grpc-default-executor-1] INFO  client.GrpcClientProtocolClient (GrpcClientProtocolClient.java:onNext(264)) - client-E41C008B94D2->cb20f782-9136-4144-a2ef-e44461d35697: receive RaftClientReply:client-E41C008B94D2->cb20f782-9136-4144-a2ef-e44461d35697@group-EF222054BC57, cid=2164, SUCCESS, logIndex=3084, commits[cb20f782-9136-4144-a2ef-e44461d35697:c3085]
2019-09-17 12:48:44,696 [SCMBlockDeletingService#0] DEBUG block.SCMBlockDeletingService (SCMBlockDeletingService.java:call(138)) - Running DeletedBlockTransactionScanner
2019-09-17 12:48:44,696 [SCMBlockDeletingService#0] DEBUG block.SCMBlockDeletingService (SCMBlockDeletingService.java:call(155)) - Scanned deleted blocks log and got 0 delTX to process.
2019-09-17 12:48:44,697 [grpc-default-executor-2] INFO  client.GrpcClientProtocolClient (GrpcClientProtocolClient.java:onNext(264)) - client-E41C008B94D2->cb20f782-9136-4144-a2ef-e44461d35697: receive RaftClientReply:client-E41C008B94D2->cb20f782-9136-4144-a2ef-e44461d35697@group-EF222054BC57, cid=2165, SUCCESS, logIndex=3086, commits[cb20f782-9136-4144-a2ef-e44461d35697:c3087]
2019-09-17 12:48:44,698 [grpc-default-executor-2] INFO  client.GrpcClientProtocolClient (GrpcClientProtocolClient.java:onNext(264)) - client-E41C008B94D2->cb20f782-9136-4144-a2ef-e44461d35697: receive RaftClientReply:client-E41C008B94D2->cb20f782-9136-4144-a2ef-e44461d35697@group-EF222054BC57, cid=2166, SUCCESS, logIndex=3087, commits[cb20f782-9136-4144-a2ef-e44461d35697:c3088]
2019-09-17 12:48:44,794 [grpc-default-executor-1] INFO  client.GrpcClientProtocolClient (GrpcClientProtocolClient.java:onNext(264)) - client-E41C008B94D2->cb20f782-9136-4144-a2ef-e44461d35697: receive RaftClientReply:client-E41C008B94D2->cb20f782-9136-4144-a2ef-e44461d35697@group-EF222054BC57, cid=2167, SUCCESS, logIndex=3089, commits[cb20f782-9136-4144-a2ef-e44461d35697:c3090]
2019-09-17 12:48:44,794 [grpc-default-executor-1] INFO  client.GrpcClientProtocolClient (GrpcClientProtocolClient.java:onNext(264)) - client-E41C008B94D2->cb20f782-9136-4144-a2ef-e44461d35697: receive RaftClientReply:client-E41C008B94D2->cb20f782-9136-4144-a2ef-e44461d35697@group-EF222054BC57, cid=2168, SUCCESS, logIndex=3090, commits[cb20f782-9136-4144-a2ef-e44461d35697:c3091]
2019-09-17 12:48:44,797 [SCMBlockDeletingService#1] DEBUG block.SCMBlockDeletingService (SCMBlockDeletingService.java:call(138)) - Running DeletedBlockTransactionScanner
2019-09-17 12:48:44,797 [SCMBlockDeletingService#1] DEBUG block.SCMBlockDeletingService (SCMBlockDeletingService.java:call(155)) - Scanned deleted blocks log and got 0 delTX to process.
2019-09-17 12:48:44,823 [grpc-default-executor-1] INFO  client.GrpcClientProtocolClient (GrpcClientProtocolClient.java:onNext(264)) - client-E41C008B94D2->cb20f782-9136-4144-a2ef-e44461d35697: receive RaftClientReply:client-E41C008B94D2->cb20f782-9136-4144-a2ef-e44461d35697@group-EF222054BC57, cid=2169, SUCCESS, logIndex=3092, commits[cb20f782-9136-4144-a2ef-e44461d35697:c3095]
2019-09-17 12:48:44,823 [grpc-default-executor-1] INFO  client.GrpcClientProtocolClient (GrpcClientProtocolClient.java:onNext(264)) - client-E41C008B94D2->cb20f782-9136-4144-a2ef-e44461d35697: receive RaftClientReply:client-E41C008B94D2->cb20f782-9136-4144-a2ef-e44461d35697@group-EF222054BC57, cid=2170, SUCCESS, logIndex=3093, commits[cb20f782-9136-4144-a2ef-e44461d35697:c3095]
2019-09-17 12:48:44,824 [grpc-default-executor-1] INFO  client.GrpcClientProtocolClient (GrpcClientProtocolClient.java:onNext(264)) - client-E41C008B94D2->cb20f782-9136-4144-a2ef-e44461d35697: receive RaftClientReply:client-E41C008B94D2->cb20f782-9136-4144-a2ef-e44461d35697@group-EF222054BC57, cid=2171, SUCCESS, logIndex=3094, commits[cb20f782-9136-4144-a2ef-e44461d35697:c3096]
2019-09-17 12:48:44,824 [grpc-default-executor-1] INFO  client.GrpcClientProtocolClient (GrpcClientProtocolClient.java:onNext(264)) - client-E41C008B94D2->cb20f782-9136-4144-a2ef-e44461d35697: receive RaftClientReply:client-E41C008B94D2->cb20f782-9136-4144-a2ef-e44461d35697@group-EF222054BC57, cid=2172, SUCCESS, logIndex=3095, commits[cb20f782-9136-4144-a2ef-e44461d35697:c3096]
2019-09-17 12:48:44,842 [grpc-default-executor-2] INFO  client.GrpcClientProtocolClient (GrpcClientProtocolClient.java:onNext(264)) - client-E41C008B94D2->cb20f782-9136-4144-a2ef-e44461d35697: receive RaftClientReply:client-E41C008B94D2->cb20f782-9136-4144-a2ef-e44461d35697@group-EF222054BC57, cid=2173, SUCCESS, logIndex=3097, commits[cb20f782-9136-4144-a2ef-e44461d35697:c3100]
2019-09-17 12:48:44,843 [grpc-default-executor-2] INFO  client.GrpcClientProtocolClient (GrpcClientProtocolClient.java:onNext(264)) - client-E41C008B94D2->cb20f782-9136-4144-a2ef-e44461d35697: receive RaftClientReply:client-E41C008B94D2->cb20f782-9136-4144-a2ef-e44461d35697@group-EF222054BC57, cid=2174, SUCCESS, logIndex=3098, commits[cb20f782-9136-4144-a2ef-e44461d35697:c3100]
2019-09-17 12:48:44,843 [grpc-default-executor-2] INFO  client.GrpcClientProtocolClient (GrpcClientProtocolClient.java:onNext(264)) - client-E41C008B94D2->cb20f782-9136-4144-a2ef-e44461d35697: receive RaftClientReply:client-E41C008B94D2->cb20f782-9136-4144-a2ef-e44461d35697@group-EF222054BC57, cid=2175, SUCCESS, logIndex=3099, commits[cb20f782-9136-4144-a2ef-e44461d35697:c3101]
2019-09-17 12:48:44,843 [grpc-default-executor-2] INFO  client.GrpcClientProtocolClient (GrpcClientProtocolClient.java:onNext(264)) - client-E41C008B94D2->cb20f782-9136-4144-a2ef-e44461d35697: receive RaftClientReply:client-E41C008B94D2->cb20f782-9136-4144-a2ef-e44461d35697@group-EF222054BC57, cid=2176, SUCCESS, logIndex=3100, commits[cb20f782-9136-4144-a2ef-e44461d35697:c3101]
2019-09-17 12:48:44,868 [grpc-default-executor-1] INFO  client.GrpcClientProtocolClient (GrpcClientProtocolClient.java:onNext(264)) - client-E41C008B94D2->cb20f782-9136-4144-a2ef-e44461d35697: receive RaftClientReply:client-E41C008B94D2->cb20f782-9136-4144-a2ef-e44461d35697@group-EF222054BC57, cid=2177, SUCCESS, logIndex=3102, commits[cb20f782-9136-4144-a2ef-e44461d35697:c3103]
2019-09-17 12:48:44,869 [grpc-default-executor-1] INFO  client.GrpcClientProtocolClient (GrpcClientProtocolClient.java:onNext(264)) - client-E41C008B94D2->cb20f782-9136-4144-a2ef-e44461d35697: receive RaftClientReply:client-E41C008B94D2->cb20f782-9136-4144-a2ef-e44461d35697@group-EF222054BC57, cid=2178, SUCCESS, logIndex=3103, commits[cb20f782-9136-4144-a2ef-e44461d35697:c3103]
2019-09-17 12:48:44,869 [grpc-default-executor-1] INFO  client.GrpcClientProtocolClient (GrpcClientProtocolClient.java:onNext(264)) - client-E41C008B94D2->cb20f782-9136-4144-a2ef-e44461d35697: receive RaftClientReply:client-E41C008B94D2->cb20f782-9136-4144-a2ef-e44461d35697@group-EF222054BC57, cid=2179, SUCCESS, logIndex=3104, commits[cb20f782-9136-4144-a2ef-e44461d35697:c3105]
2019-09-17 12:48:44,869 [grpc-default-executor-1] INFO  client.GrpcClientProtocolClient (GrpcClientProtocolClient.java:onNext(264)) - client-E41C008B94D2->cb20f782-9136-4144-a2ef-e44461d35697: receive RaftClientReply:client-E41C008B94D2->cb20f782-9136-4144-a2ef-e44461d35697@group-EF222054BC57, cid=2180, SUCCESS, logIndex=3105, commits[cb20f782-9136-4144-a2ef-e44461d35697:c3106]
2019-09-17 12:48:44,888 [grpc-default-executor-1] INFO  client.GrpcClientProtocolClient (GrpcClientProtocolClient.java:onNext(264)) - client-E41C008B94D2->cb20f782-9136-4144-a2ef-e44461d35697: receive RaftClientReply:client-E41C008B94D2->cb20f782-9136-4144-a2ef-e44461d35697@group-EF222054BC57, cid=2181, SUCCESS, logIndex=3108, commits[cb20f782-9136-4144-a2ef-e44461d35697:c3111]
2019-09-17 12:48:44,889 [grpc-default-executor-1] INFO  client.GrpcClientProtocolClient (GrpcClientProtocolClient.java:onNext(264)) - client-E41C008B94D2->cb20f782-9136-4144-a2ef-e44461d35697: receive RaftClientReply:client-E41C008B94D2->cb20f782-9136-4144-a2ef-e44461d35697@group-EF222054BC57, cid=2182, SUCCESS, logIndex=3109, commits[cb20f782-9136-4144-a2ef-e44461d35697:c3111]
2019-09-17 12:48:44,889 [grpc-default-executor-1] INFO  client.GrpcClientProtocolClient (GrpcClientProtocolClient.java:onNext(264)) - client-E41C008B94D2->cb20f782-9136-4144-a2ef-e44461d35697: receive RaftClientReply:client-E41C008B94D2->cb20f782-9136-4144-a2ef-e44461d35697@group-EF222054BC57, cid=2183, SUCCESS, logIndex=3110, commits[cb20f782-9136-4144-a2ef-e44461d35697:c3111]
2019-09-17 12:48:44,889 [grpc-default-executor-1] INFO  client.GrpcClientProtocolClient (GrpcClientProtocolClient.java:onNext(264)) - client-E41C008B94D2->cb20f782-9136-4144-a2ef-e44461d35697: receive RaftClientReply:client-E41C008B94D2->cb20f782-9136-4144-a2ef-e44461d35697@group-EF222054BC57, cid=2184, SUCCESS, logIndex=3111, commits[cb20f782-9136-4144-a2ef-e44461d35697:c3112]
2019-09-17 12:48:44,897 [SCMBlockDeletingService#1] DEBUG block.SCMBlockDeletingService (SCMBlockDeletingService.java:call(138)) - Running DeletedBlockTransactionScanner
2019-09-17 12:48:44,897 [SCMBlockDeletingService#1] DEBUG block.SCMBlockDeletingService (SCMBlockDeletingService.java:call(155)) - Scanned deleted blocks log and got 0 delTX to process.
2019-09-17 12:48:44,915 [grpc-default-executor-2] INFO  client.GrpcClientProtocolClient (GrpcClientProtocolClient.java:onNext(264)) - client-E41C008B94D2->cb20f782-9136-4144-a2ef-e44461d35697: receive RaftClientReply:client-E41C008B94D2->cb20f782-9136-4144-a2ef-e44461d35697@group-EF222054BC57, cid=2185, SUCCESS, logIndex=3113, commits[cb20f782-9136-4144-a2ef-e44461d35697:c3114]
2019-09-17 12:48:44,915 [grpc-default-executor-2] INFO  client.GrpcClientProtocolClient (GrpcClientProtocolClient.java:onNext(264)) - client-E41C008B94D2->cb20f782-9136-4144-a2ef-e44461d35697: receive RaftClientReply:client-E41C008B94D2->cb20f782-9136-4144-a2ef-e44461d35697@group-EF222054BC57, cid=2186, SUCCESS, logIndex=3114, commits[cb20f782-9136-4144-a2ef-e44461d35697:c3116]
2019-09-17 12:48:44,915 [grpc-default-executor-2] INFO  client.GrpcClientProtocolClient (GrpcClientProtocolClient.java:onNext(264)) - client-E41C008B94D2->cb20f782-9136-4144-a2ef-e44461d35697: receive RaftClientReply:client-E41C008B94D2->cb20f782-9136-4144-a2ef-e44461d35697@group-EF222054BC57, cid=2187, SUCCESS, logIndex=3115, commits[cb20f782-9136-4144-a2ef-e44461d35697:c3116]
2019-09-17 12:48:44,916 [grpc-default-executor-2] INFO  client.GrpcClientProtocolClient (GrpcClientProtocolClient.java:onNext(264)) - client-E41C008B94D2->cb20f782-9136-4144-a2ef-e44461d35697: receive RaftClientReply:client-E41C008B94D2->cb20f782-9136-4144-a2ef-e44461d35697@group-EF222054BC57, cid=2188, SUCCESS, logIndex=3116, commits[cb20f782-9136-4144-a2ef-e44461d35697:c3116]
2019-09-17 12:48:44,934 [grpc-default-executor-2] INFO  client.GrpcClientProtocolClient (GrpcClientProtocolClient.java:onNext(264)) - client-E41C008B94D2->cb20f782-9136-4144-a2ef-e44461d35697: receive RaftClientReply:client-E41C008B94D2->cb20f782-9136-4144-a2ef-e44461d35697@group-EF222054BC57, cid=2189, SUCCESS, logIndex=3119, commits[cb20f782-9136-4144-a2ef-e44461d35697:c3122]
2019-09-17 12:48:44,934 [grpc-default-executor-2] INFO  client.GrpcClientProtocolClient (GrpcClientProtocolClient.java:onNext(264)) - client-E41C008B94D2->cb20f782-9136-4144-a2ef-e44461d35697: receive RaftClientReply:client-E41C008B94D2->cb20f782-9136-4144-a2ef-e44461d35697@group-EF222054BC57, cid=2190, SUCCESS, logIndex=3120, commits[cb20f782-9136-4144-a2ef-e44461d35697:c3123]
2019-09-17 12:48:44,935 [grpc-default-executor-2] INFO  client.GrpcClientProtocolClient (GrpcClientProtocolClient.java:onNext(264)) - client-E41C008B94D2->cb20f782-9136-4144-a2ef-e44461d35697: receive RaftClientReply:client-E41C008B94D2->cb20f782-9136-4144-a2ef-e44461d35697@group-EF222054BC57, cid=2191, SUCCESS, logIndex=3121, commits[cb20f782-9136-4144-a2ef-e44461d35697:c3123]
2019-09-17 12:48:44,935 [grpc-default-executor-2] INFO  client.GrpcClientProtocolClient (GrpcClientProtocolClient.java:onNext(264)) - client-E41C008B94D2->cb20f782-9136-4144-a2ef-e44461d35697: receive RaftClientReply:client-E41C008B94D2->cb20f782-9136-4144-a2ef-e44461d35697@group-EF222054BC57, cid=2192, SUCCESS, logIndex=3122, commits[cb20f782-9136-4144-a2ef-e44461d35697:c3123]
2019-09-17 12:48:44,961 [grpc-default-executor-2] INFO  client.GrpcClientProtocolClient (GrpcClientProtocolClient.java:onNext(264)) - client-E41C008B94D2->cb20f782-9136-4144-a2ef-e44461d35697: receive RaftClientReply:client-E41C008B94D2->cb20f782-9136-4144-a2ef-e44461d35697@group-EF222054BC57, cid=2193, SUCCESS, logIndex=3124, commits[cb20f782-9136-4144-a2ef-e44461d35697:c3125]
2019-09-17 12:48:44,962 [grpc-default-executor-2] INFO  client.GrpcClientProtocolClient (GrpcClientProtocolClient.java:onNext(264)) - client-E41C008B94D2->cb20f782-9136-4144-a2ef-e44461d35697: receive RaftClientReply:client-E41C008B94D2->cb20f782-9136-4144-a2ef-e44461d35697@group-EF222054BC57, cid=2194, SUCCESS, logIndex=3125, commits[cb20f782-9136-4144-a2ef-e44461d35697:c3125]
2019-09-17 12:48:44,962 [grpc-default-executor-2] INFO  client.GrpcClientProtocolClient (GrpcClientProtocolClient.java:onNext(264)) - client-E41C008B94D2->cb20f782-9136-4144-a2ef-e44461d35697: receive RaftClientReply:client-E41C008B94D2->cb20f782-9136-4144-a2ef-e44461d35697@group-EF222054BC57, cid=2195, SUCCESS, logIndex=3126, commits[cb20f782-9136-4144-a2ef-e44461d35697:c3127]
2019-09-17 12:48:44,962 [grpc-default-executor-2] INFO  client.GrpcClientProtocolClient (GrpcClientProtocolClient.java:onNext(264)) - client-E41C008B94D2->cb20f782-9136-4144-a2ef-e44461d35697: receive RaftClientReply:client-E41C008B94D2->cb20f782-9136-4144-a2ef-e44461d35697@group-EF222054BC57, cid=2196, SUCCESS, logIndex=3127, commits[cb20f782-9136-4144-a2ef-e44461d35697:c3128]
2019-09-17 12:48:44,993 [grpc-default-executor-2] INFO  client.GrpcClientProtocolClient (GrpcClientProtocolClient.java:onNext(264)) - client-E41C008B94D2->cb20f782-9136-4144-a2ef-e44461d35697: receive RaftClientReply:client-E41C008B94D2->cb20f782-9136-4144-a2ef-e44461d35697@group-EF222054BC57, cid=2197, SUCCESS, logIndex=3130, commits[cb20f782-9136-4144-a2ef-e44461d35697:c3131]
2019-09-17 12:48:44,994 [grpc-default-executor-2] INFO  client.GrpcClientProtocolClient (GrpcClientProtocolClient.java:onNext(264)) - client-E41C008B94D2->cb20f782-9136-4144-a2ef-e44461d35697: receive RaftClientReply:client-E41C008B94D2->cb20f782-9136-4144-a2ef-e44461d35697@group-EF222054BC57, cid=2198, SUCCESS, logIndex=3131, commits[cb20f782-9136-4144-a2ef-e44461d35697:c3131]
2019-09-17 12:48:44,998 [SCMBlockDeletingService#0] DEBUG block.SCMBlockDeletingService (SCMBlockDeletingService.java:call(138)) - Running DeletedBlockTransactionScanner
2019-09-17 12:48:44,998 [SCMBlockDeletingService#0] DEBUG block.SCMBlockDeletingService (SCMBlockDeletingService.java:call(155)) - Scanned deleted blocks log and got 0 delTX to process.
2019-09-17 12:48:45,003 [grpc-default-executor-2] INFO  client.GrpcClientProtocolClient (GrpcClientProtocolClient.java:onNext(264)) - client-E41C008B94D2->cb20f782-9136-4144-a2ef-e44461d35697: receive RaftClientReply:client-E41C008B94D2->cb20f782-9136-4144-a2ef-e44461d35697@group-EF222054BC57, cid=2199, SUCCESS, logIndex=3132, commits[cb20f782-9136-4144-a2ef-e44461d35697:c3133]
2019-09-17 12:48:45,004 [grpc-default-executor-2] INFO  client.GrpcClientProtocolClient (GrpcClientProtocolClient.java:onNext(264)) - client-E41C008B94D2->cb20f782-9136-4144-a2ef-e44461d35697: receive RaftClientReply:client-E41C008B94D2->cb20f782-9136-4144-a2ef-e44461d35697@group-EF222054BC57, cid=2200, SUCCESS, logIndex=3133, commits[cb20f782-9136-4144-a2ef-e44461d35697:c3134]
2019-09-17 12:48:45,098 [SCMBlockDeletingService#1] DEBUG block.SCMBlockDeletingService (SCMBlockDeletingService.java:call(138)) - Running DeletedBlockTransactionScanner
2019-09-17 12:48:45,099 [SCMBlockDeletingService#1] DEBUG block.SCMBlockDeletingService (SCMBlockDeletingService.java:call(155)) - Scanned deleted blocks log and got 0 delTX to process.
2019-09-17 12:48:45,128 [grpc-default-executor-1] INFO  client.GrpcClientProtocolClient (GrpcClientProtocolClient.java:onNext(264)) - client-E41C008B94D2->cb20f782-9136-4144-a2ef-e44461d35697: receive RaftClientReply:client-E41C008B94D2->cb20f782-9136-4144-a2ef-e44461d35697@group-EF222054BC57, cid=2201, SUCCESS, logIndex=3136, commits[cb20f782-9136-4144-a2ef-e44461d35697:c3137]
2019-09-17 12:48:45,129 [grpc-default-executor-1] INFO  client.GrpcClientProtocolClient (GrpcClientProtocolClient.java:onNext(264)) - client-E41C008B94D2->cb20f782-9136-4144-a2ef-e44461d35697: receive RaftClientReply:client-E41C008B94D2->cb20f782-9136-4144-a2ef-e44461d35697@group-EF222054BC57, cid=2202, SUCCESS, logIndex=3137, commits[cb20f782-9136-4144-a2ef-e44461d35697:c3139]
2019-09-17 12:48:45,129 [grpc-default-executor-1] INFO  client.GrpcClientProtocolClient (GrpcClientProtocolClient.java:onNext(264)) - client-E41C008B94D2->cb20f782-9136-4144-a2ef-e44461d35697: receive RaftClientReply:client-E41C008B94D2->cb20f782-9136-4144-a2ef-e44461d35697@group-EF222054BC57, cid=2203, SUCCESS, logIndex=3138, commits[cb20f782-9136-4144-a2ef-e44461d35697:c3139]
2019-09-17 12:48:45,129 [grpc-default-executor-1] INFO  client.GrpcClientProtocolClient (GrpcClientProtocolClient.java:onNext(264)) - client-E41C008B94D2->cb20f782-9136-4144-a2ef-e44461d35697: receive RaftClientReply:client-E41C008B94D2->cb20f782-9136-4144-a2ef-e44461d35697@group-EF222054BC57, cid=2204, SUCCESS, logIndex=3139, commits[cb20f782-9136-4144-a2ef-e44461d35697:c3140]
2019-09-17 12:48:45,147 [grpc-default-executor-1] INFO  client.GrpcClientProtocolClient (GrpcClientProtocolClient.java:onNext(264)) - client-E41C008B94D2->cb20f782-9136-4144-a2ef-e44461d35697: receive RaftClientReply:client-E41C008B94D2->cb20f782-9136-4144-a2ef-e44461d35697@group-EF222054BC57, cid=2205, SUCCESS, logIndex=3142, commits[cb20f782-9136-4144-a2ef-e44461d35697:c3143]
2019-09-17 12:48:45,147 [grpc-default-executor-1] INFO  client.GrpcClientProtocolClient (GrpcClientProtocolClient.java:onNext(264)) - client-E41C008B94D2->cb20f782-9136-4144-a2ef-e44461d35697: receive RaftClientReply:client-E41C008B94D2->cb20f782-9136-4144-a2ef-e44461d35697@group-EF222054BC57, cid=2206, SUCCESS, logIndex=3143, commits[cb20f782-9136-4144-a2ef-e44461d35697:c3145]
2019-09-17 12:48:45,147 [grpc-default-executor-1] INFO  client.GrpcClientProtocolClient (GrpcClientProtocolClient.java:onNext(264)) - client-E41C008B94D2->cb20f782-9136-4144-a2ef-e44461d35697: receive RaftClientReply:client-E41C008B94D2->cb20f782-9136-4144-a2ef-e44461d35697@group-EF222054BC57, cid=2207, SUCCESS, logIndex=3144, commits[cb20f782-9136-4144-a2ef-e44461d35697:c3145]
2019-09-17 12:48:45,148 [grpc-default-executor-1] INFO  client.GrpcClientProtocolClient (GrpcClientProtocolClient.java:onNext(264)) - client-E41C008B94D2->cb20f782-9136-4144-a2ef-e44461d35697: receive RaftClientReply:client-E41C008B94D2->cb20f782-9136-4144-a2ef-e44461d35697@group-EF222054BC57, cid=2208, SUCCESS, logIndex=3145, commits[cb20f782-9136-4144-a2ef-e44461d35697:c3146]
2019-09-17 12:48:45,172 [grpc-default-executor-2] INFO  client.GrpcClientProtocolClient (GrpcClientProtocolClient.java:onNext(264)) - client-E41C008B94D2->cb20f782-9136-4144-a2ef-e44461d35697: receive RaftClientReply:client-E41C008B94D2->cb20f782-9136-4144-a2ef-e44461d35697@group-EF222054BC57, cid=2209, SUCCESS, logIndex=3148, commits[cb20f782-9136-4144-a2ef-e44461d35697:c3149]
2019-09-17 12:48:45,172 [grpc-default-executor-2] INFO  client.GrpcClientProtocolClient (GrpcClientProtocolClient.java:onNext(264)) - client-E41C008B94D2->cb20f782-9136-4144-a2ef-e44461d35697: receive RaftClientReply:client-E41C008B94D2->cb20f782-9136-4144-a2ef-e44461d35697@group-EF222054BC57, cid=2210, SUCCESS, logIndex=3149, commits[cb20f782-9136-4144-a2ef-e44461d35697:c3150]
2019-09-17 12:48:45,199 [SCMBlockDeletingService#1] DEBUG block.SCMBlockDeletingService (SCMBlockDeletingService.java:call(138)) - Running DeletedBlockTransactionScanner
2019-09-17 12:48:45,199 [SCMBlockDeletingService#1] DEBUG block.SCMBlockDeletingService (SCMBlockDeletingService.java:call(155)) - Scanned deleted blocks log and got 0 delTX to process.
2019-09-17 12:48:45,273 [grpc-default-executor-2] INFO  client.GrpcClientProtocolClient (GrpcClientProtocolClient.java:onNext(264)) - client-E41C008B94D2->cb20f782-9136-4144-a2ef-e44461d35697: receive RaftClientReply:client-E41C008B94D2->cb20f782-9136-4144-a2ef-e44461d35697@group-EF222054BC57, cid=2211, SUCCESS, logIndex=3151, commits[cb20f782-9136-4144-a2ef-e44461d35697:c3152]
2019-09-17 12:48:45,274 [grpc-default-executor-2] INFO  client.GrpcClientProtocolClient (GrpcClientProtocolClient.java:onNext(264)) - client-E41C008B94D2->cb20f782-9136-4144-a2ef-e44461d35697: receive RaftClientReply:client-E41C008B94D2->cb20f782-9136-4144-a2ef-e44461d35697@group-EF222054BC57, cid=2212, SUCCESS, logIndex=3152, commits[cb20f782-9136-4144-a2ef-e44461d35697:c3153]
2019-09-17 12:48:45,291 [grpc-default-executor-1] INFO  client.GrpcClientProtocolClient (GrpcClientProtocolClient.java:onNext(264)) - client-E41C008B94D2->cb20f782-9136-4144-a2ef-e44461d35697: receive RaftClientReply:client-E41C008B94D2->cb20f782-9136-4144-a2ef-e44461d35697@group-EF222054BC57, cid=2213, SUCCESS, logIndex=3154, commits[cb20f782-9136-4144-a2ef-e44461d35697:c3157]
2019-09-17 12:48:45,292 [grpc-default-executor-1] INFO  client.GrpcClientProtocolClient (GrpcClientProtocolClient.java:onNext(264)) - client-E41C008B94D2->cb20f782-9136-4144-a2ef-e44461d35697: receive RaftClientReply:client-E41C008B94D2->cb20f782-9136-4144-a2ef-e44461d35697@group-EF222054BC57, cid=2214, SUCCESS, logIndex=3155, commits[cb20f782-9136-4144-a2ef-e44461d35697:c3157]
2019-09-17 12:48:45,292 [grpc-default-executor-1] INFO  client.GrpcClientProtocolClient (GrpcClientProtocolClient.java:onNext(264)) - client-E41C008B94D2->cb20f782-9136-4144-a2ef-e44461d35697: receive RaftClientReply:client-E41C008B94D2->cb20f782-9136-4144-a2ef-e44461d35697@group-EF222054BC57, cid=2215, SUCCESS, logIndex=3156, commits[cb20f782-9136-4144-a2ef-e44461d35697:c3158]
2019-09-17 12:48:45,293 [grpc-default-executor-1] INFO  client.GrpcClientProtocolClient (GrpcClientProtocolClient.java:onNext(264)) - client-E41C008B94D2->cb20f782-9136-4144-a2ef-e44461d35697: receive RaftClientReply:client-E41C008B94D2->cb20f782-9136-4144-a2ef-e44461d35697@group-EF222054BC57, cid=2216, SUCCESS, logIndex=3157, commits[cb20f782-9136-4144-a2ef-e44461d35697:c3158]
2019-09-17 12:48:45,300 [SCMBlockDeletingService#1] DEBUG block.SCMBlockDeletingService (SCMBlockDeletingService.java:call(138)) - Running DeletedBlockTransactionScanner
2019-09-17 12:48:45,300 [SCMBlockDeletingService#1] DEBUG block.SCMBlockDeletingService (SCMBlockDeletingService.java:call(155)) - Scanned deleted blocks log and got 0 delTX to process.
2019-09-17 12:48:45,318 [grpc-default-executor-1] INFO  client.GrpcClientProtocolClient (GrpcClientProtocolClient.java:onNext(264)) - client-E41C008B94D2->cb20f782-9136-4144-a2ef-e44461d35697: receive RaftClientReply:client-E41C008B94D2->cb20f782-9136-4144-a2ef-e44461d35697@group-EF222054BC57, cid=2217, SUCCESS, logIndex=3159, commits[cb20f782-9136-4144-a2ef-e44461d35697:c3162]
2019-09-17 12:48:45,319 [grpc-default-executor-1] INFO  client.GrpcClientProtocolClient (GrpcClientProtocolClient.java:onNext(264)) - client-E41C008B94D2->cb20f782-9136-4144-a2ef-e44461d35697: receive RaftClientReply:client-E41C008B94D2->cb20f782-9136-4144-a2ef-e44461d35697@group-EF222054BC57, cid=2218, SUCCESS, logIndex=3160, commits[cb20f782-9136-4144-a2ef-e44461d35697:c3162]
2019-09-17 12:48:45,319 [grpc-default-executor-1] INFO  client.GrpcClientProtocolClient (GrpcClientProtocolClient.java:onNext(264)) - client-E41C008B94D2->cb20f782-9136-4144-a2ef-e44461d35697: receive RaftClientReply:client-E41C008B94D2->cb20f782-9136-4144-a2ef-e44461d35697@group-EF222054BC57, cid=2219, SUCCESS, logIndex=3161, commits[cb20f782-9136-4144-a2ef-e44461d35697:c3163]
2019-09-17 12:48:45,319 [grpc-default-executor-1] INFO  client.GrpcClientProtocolClient (GrpcClientProtocolClient.java:onNext(264)) - client-E41C008B94D2->cb20f782-9136-4144-a2ef-e44461d35697: receive RaftClientReply:client-E41C008B94D2->cb20f782-9136-4144-a2ef-e44461d35697@group-EF222054BC57, cid=2220, SUCCESS, logIndex=3162, commits[cb20f782-9136-4144-a2ef-e44461d35697:c3163]
2019-09-17 12:48:45,336 [grpc-default-executor-1] INFO  client.GrpcClientProtocolClient (GrpcClientProtocolClient.java:onNext(264)) - client-E41C008B94D2->cb20f782-9136-4144-a2ef-e44461d35697: receive RaftClientReply:client-E41C008B94D2->cb20f782-9136-4144-a2ef-e44461d35697@group-EF222054BC57, cid=2221, SUCCESS, logIndex=3164, commits[cb20f782-9136-4144-a2ef-e44461d35697:c3167]
2019-09-17 12:48:45,336 [grpc-default-executor-1] INFO  client.GrpcClientProtocolClient (GrpcClientProtocolClient.java:onNext(264)) - client-E41C008B94D2->cb20f782-9136-4144-a2ef-e44461d35697: receive RaftClientReply:client-E41C008B94D2->cb20f782-9136-4144-a2ef-e44461d35697@group-EF222054BC57, cid=2222, SUCCESS, logIndex=3165, commits[cb20f782-9136-4144-a2ef-e44461d35697:c3167]
2019-09-17 12:48:45,336 [grpc-default-executor-1] INFO  client.GrpcClientProtocolClient (GrpcClientProtocolClient.java:onNext(264)) - client-E41C008B94D2->cb20f782-9136-4144-a2ef-e44461d35697: receive RaftClientReply:client-E41C008B94D2->cb20f782-9136-4144-a2ef-e44461d35697@group-EF222054BC57, cid=2223, SUCCESS, logIndex=3166, commits[cb20f782-9136-4144-a2ef-e44461d35697:c3168]
2019-09-17 12:48:45,337 [grpc-default-executor-1] INFO  client.GrpcClientProtocolClient (GrpcClientProtocolClient.java:onNext(264)) - client-E41C008B94D2->cb20f782-9136-4144-a2ef-e44461d35697: receive RaftClientReply:client-E41C008B94D2->cb20f782-9136-4144-a2ef-e44461d35697@group-EF222054BC57, cid=2224, SUCCESS, logIndex=3167, commits[cb20f782-9136-4144-a2ef-e44461d35697:c3168]
2019-09-17 12:48:45,362 [grpc-default-executor-2] INFO  client.GrpcClientProtocolClient (GrpcClientProtocolClient.java:onNext(264)) - client-E41C008B94D2->cb20f782-9136-4144-a2ef-e44461d35697: receive RaftClientReply:client-E41C008B94D2->cb20f782-9136-4144-a2ef-e44461d35697@group-EF222054BC57, cid=2225, SUCCESS, logIndex=3169, commits[cb20f782-9136-4144-a2ef-e44461d35697:c3170]
2019-09-17 12:48:45,362 [grpc-default-executor-2] INFO  client.GrpcClientProtocolClient (GrpcClientProtocolClient.java:onNext(264)) - client-E41C008B94D2->cb20f782-9136-4144-a2ef-e44461d35697: receive RaftClientReply:client-E41C008B94D2->cb20f782-9136-4144-a2ef-e44461d35697@group-EF222054BC57, cid=2226, SUCCESS, logIndex=3170, commits[cb20f782-9136-4144-a2ef-e44461d35697:c3172]
2019-09-17 12:48:45,362 [grpc-default-executor-2] INFO  client.GrpcClientProtocolClient (GrpcClientProtocolClient.java:onNext(264)) - client-E41C008B94D2->cb20f782-9136-4144-a2ef-e44461d35697: receive RaftClientReply:client-E41C008B94D2->cb20f782-9136-4144-a2ef-e44461d35697@group-EF222054BC57, cid=2227, SUCCESS, logIndex=3171, commits[cb20f782-9136-4144-a2ef-e44461d35697:c3172]
2019-09-17 12:48:45,362 [grpc-default-executor-2] INFO  client.GrpcClientProtocolClient (GrpcClientProtocolClient.java:onNext(264)) - client-E41C008B94D2->cb20f782-9136-4144-a2ef-e44461d35697: receive RaftClientReply:client-E41C008B94D2->cb20f782-9136-4144-a2ef-e44461d35697@group-EF222054BC57, cid=2228, SUCCESS, logIndex=3172, commits[cb20f782-9136-4144-a2ef-e44461d35697:c3172]
2019-09-17 12:48:45,380 [grpc-default-executor-2] INFO  client.GrpcClientProtocolClient (GrpcClientProtocolClient.java:onNext(264)) - client-E41C008B94D2->cb20f782-9136-4144-a2ef-e44461d35697: receive RaftClientReply:client-E41C008B94D2->cb20f782-9136-4144-a2ef-e44461d35697@group-EF222054BC57, cid=2229, SUCCESS, logIndex=3175, commits[cb20f782-9136-4144-a2ef-e44461d35697:c3178]
2019-09-17 12:48:45,380 [grpc-default-executor-2] INFO  client.GrpcClientProtocolClient (GrpcClientProtocolClient.java:onNext(264)) - client-E41C008B94D2->cb20f782-9136-4144-a2ef-e44461d35697: receive RaftClientReply:client-E41C008B94D2->cb20f782-9136-4144-a2ef-e44461d35697@group-EF222054BC57, cid=2230, SUCCESS, logIndex=3176, commits[cb20f782-9136-4144-a2ef-e44461d35697:c3179]
2019-09-17 12:48:45,380 [grpc-default-executor-2] INFO  client.GrpcClientProtocolClient (GrpcClientProtocolClient.java:onNext(264)) - client-E41C008B94D2->cb20f782-9136-4144-a2ef-e44461d35697: receive RaftClientReply:client-E41C008B94D2->cb20f782-9136-4144-a2ef-e44461d35697@group-EF222054BC57, cid=2231, SUCCESS, logIndex=3177, commits[cb20f782-9136-4144-a2ef-e44461d35697:c3179]
2019-09-17 12:48:45,381 [grpc-default-executor-2] INFO  client.GrpcClientProtocolClient (GrpcClientProtocolClient.java:onNext(264)) - client-E41C008B94D2->cb20f782-9136-4144-a2ef-e44461d35697: receive RaftClientReply:client-E41C008B94D2->cb20f782-9136-4144-a2ef-e44461d35697@group-EF222054BC57, cid=2232, SUCCESS, logIndex=3178, commits[cb20f782-9136-4144-a2ef-e44461d35697:c3179]
2019-09-17 12:48:45,400 [SCMBlockDeletingService#1] DEBUG block.SCMBlockDeletingService (SCMBlockDeletingService.java:call(138)) - Running DeletedBlockTransactionScanner
2019-09-17 12:48:45,401 [SCMBlockDeletingService#1] DEBUG block.SCMBlockDeletingService (SCMBlockDeletingService.java:call(155)) - Scanned deleted blocks log and got 0 delTX to process.
2019-09-17 12:48:45,409 [grpc-default-executor-1] INFO  client.GrpcClientProtocolClient (GrpcClientProtocolClient.java:onNext(264)) - client-E41C008B94D2->cb20f782-9136-4144-a2ef-e44461d35697: receive RaftClientReply:client-E41C008B94D2->cb20f782-9136-4144-a2ef-e44461d35697@group-EF222054BC57, cid=2233, SUCCESS, logIndex=3180, commits[cb20f782-9136-4144-a2ef-e44461d35697:c3183]
2019-09-17 12:48:45,410 [grpc-default-executor-1] INFO  client.GrpcClientProtocolClient (GrpcClientProtocolClient.java:onNext(264)) - client-E41C008B94D2->cb20f782-9136-4144-a2ef-e44461d35697: receive RaftClientReply:client-E41C008B94D2->cb20f782-9136-4144-a2ef-e44461d35697@group-EF222054BC57, cid=2234, SUCCESS, logIndex=3181, commits[cb20f782-9136-4144-a2ef-e44461d35697:c3183]
2019-09-17 12:48:45,410 [grpc-default-executor-1] INFO  client.GrpcClientProtocolClient (GrpcClientProtocolClient.java:onNext(264)) - client-E41C008B94D2->cb20f782-9136-4144-a2ef-e44461d35697: receive RaftClientReply:client-E41C008B94D2->cb20f782-9136-4144-a2ef-e44461d35697@group-EF222054BC57, cid=2235, SUCCESS, logIndex=3182, commits[cb20f782-9136-4144-a2ef-e44461d35697:c3184]
2019-09-17 12:48:45,411 [grpc-default-executor-1] INFO  client.GrpcClientProtocolClient (GrpcClientProtocolClient.java:onNext(264)) - client-E41C008B94D2->cb20f782-9136-4144-a2ef-e44461d35697: receive RaftClientReply:client-E41C008B94D2->cb20f782-9136-4144-a2ef-e44461d35697@group-EF222054BC57, cid=2236, SUCCESS, logIndex=3183, commits[cb20f782-9136-4144-a2ef-e44461d35697:c3184]
2019-09-17 12:48:45,430 [grpc-default-executor-1] INFO  client.GrpcClientProtocolClient (GrpcClientProtocolClient.java:onNext(264)) - client-E41C008B94D2->cb20f782-9136-4144-a2ef-e44461d35697: receive RaftClientReply:client-E41C008B94D2->cb20f782-9136-4144-a2ef-e44461d35697@group-EF222054BC57, cid=2237, SUCCESS, logIndex=3185, commits[cb20f782-9136-4144-a2ef-e44461d35697:c3188]
2019-09-17 12:48:45,431 [grpc-default-executor-1] INFO  client.GrpcClientProtocolClient (GrpcClientProtocolClient.java:onNext(264)) - client-E41C008B94D2->cb20f782-9136-4144-a2ef-e44461d35697: receive RaftClientReply:client-E41C008B94D2->cb20f782-9136-4144-a2ef-e44461d35697@group-EF222054BC57, cid=2238, SUCCESS, logIndex=3186, commits[cb20f782-9136-4144-a2ef-e44461d35697:c3189]
2019-09-17 12:48:45,431 [grpc-default-executor-1] INFO  client.GrpcClientProtocolClient (GrpcClientProtocolClient.java:onNext(264)) - client-E41C008B94D2->cb20f782-9136-4144-a2ef-e44461d35697: receive RaftClientReply:client-E41C008B94D2->cb20f782-9136-4144-a2ef-e44461d35697@group-EF222054BC57, cid=2239, SUCCESS, logIndex=3187, commits[cb20f782-9136-4144-a2ef-e44461d35697:c3189]
2019-09-17 12:48:45,431 [grpc-default-executor-1] INFO  client.GrpcClientProtocolClient (GrpcClientProtocolClient.java:onNext(264)) - client-E41C008B94D2->cb20f782-9136-4144-a2ef-e44461d35697: receive RaftClientReply:client-E41C008B94D2->cb20f782-9136-4144-a2ef-e44461d35697@group-EF222054BC57, cid=2240, SUCCESS, logIndex=3188, commits[cb20f782-9136-4144-a2ef-e44461d35697:c3189]
2019-09-17 12:48:45,460 [grpc-default-executor-1] INFO  client.GrpcClientProtocolClient (GrpcClientProtocolClient.java:onNext(264)) - client-E41C008B94D2->cb20f782-9136-4144-a2ef-e44461d35697: receive RaftClientReply:client-E41C008B94D2->cb20f782-9136-4144-a2ef-e44461d35697@group-EF222054BC57, cid=2241, SUCCESS, logIndex=3190, commits[cb20f782-9136-4144-a2ef-e44461d35697:c3193]
2019-09-17 12:48:45,460 [grpc-default-executor-1] INFO  client.GrpcClientProtocolClient (GrpcClientProtocolClient.java:onNext(264)) - client-E41C008B94D2->cb20f782-9136-4144-a2ef-e44461d35697: receive RaftClientReply:client-E41C008B94D2->cb20f782-9136-4144-a2ef-e44461d35697@group-EF222054BC57, cid=2242, SUCCESS, logIndex=3191, commits[cb20f782-9136-4144-a2ef-e44461d35697:c3194]
2019-09-17 12:48:45,461 [grpc-default-executor-1] INFO  client.GrpcClientProtocolClient (GrpcClientProtocolClient.java:onNext(264)) - client-E41C008B94D2->cb20f782-9136-4144-a2ef-e44461d35697: receive RaftClientReply:client-E41C008B94D2->cb20f782-9136-4144-a2ef-e44461d35697@group-EF222054BC57, cid=2243, SUCCESS, logIndex=3192, commits[cb20f782-9136-4144-a2ef-e44461d35697:c3194]
2019-09-17 12:48:45,461 [grpc-default-executor-1] INFO  client.GrpcClientProtocolClient (GrpcClientProtocolClient.java:onNext(264)) - client-E41C008B94D2->cb20f782-9136-4144-a2ef-e44461d35697: receive RaftClientReply:client-E41C008B94D2->cb20f782-9136-4144-a2ef-e44461d35697@group-EF222054BC57, cid=2244, SUCCESS, logIndex=3193, commits[cb20f782-9136-4144-a2ef-e44461d35697:c3194]
2019-09-17 12:48:45,480 [grpc-default-executor-1] INFO  client.GrpcClientProtocolClient (GrpcClientProtocolClient.java:onNext(264)) - client-E41C008B94D2->cb20f782-9136-4144-a2ef-e44461d35697: receive RaftClientReply:client-E41C008B94D2->cb20f782-9136-4144-a2ef-e44461d35697@group-EF222054BC57, cid=2245, SUCCESS, logIndex=3195, commits[cb20f782-9136-4144-a2ef-e44461d35697:c3198]
2019-09-17 12:48:45,480 [grpc-default-executor-1] INFO  client.GrpcClientProtocolClient (GrpcClientProtocolClient.java:onNext(264)) - client-E41C008B94D2->cb20f782-9136-4144-a2ef-e44461d35697: receive RaftClientReply:client-E41C008B94D2->cb20f782-9136-4144-a2ef-e44461d35697@group-EF222054BC57, cid=2246, SUCCESS, logIndex=3196, commits[cb20f782-9136-4144-a2ef-e44461d35697:c3199]
2019-09-17 12:48:45,480 [grpc-default-executor-1] INFO  client.GrpcClientProtocolClient (GrpcClientProtocolClient.java:onNext(264)) - client-E41C008B94D2->cb20f782-9136-4144-a2ef-e44461d35697: receive RaftClientReply:client-E41C008B94D2->cb20f782-9136-4144-a2ef-e44461d35697@group-EF222054BC57, cid=2247, SUCCESS, logIndex=3197, commits[cb20f782-9136-4144-a2ef-e44461d35697:c3199]
2019-09-17 12:48:45,481 [grpc-default-executor-1] INFO  client.GrpcClientProtocolClient (GrpcClientProtocolClient.java:onNext(264)) - client-E41C008B94D2->cb20f782-9136-4144-a2ef-e44461d35697: receive RaftClientReply:client-E41C008B94D2->cb20f782-9136-4144-a2ef-e44461d35697@group-EF222054BC57, cid=2248, SUCCESS, logIndex=3198, commits[cb20f782-9136-4144-a2ef-e44461d35697:c3199]
2019-09-17 12:48:45,501 [SCMBlockDeletingService#1] DEBUG block.SCMBlockDeletingService (SCMBlockDeletingService.java:call(138)) - Running DeletedBlockTransactionScanner
2019-09-17 12:48:45,501 [SCMBlockDeletingService#1] DEBUG block.SCMBlockDeletingService (SCMBlockDeletingService.java:call(155)) - Scanned deleted blocks log and got 0 delTX to process.
2019-09-17 12:48:45,508 [grpc-default-executor-1] INFO  client.GrpcClientProtocolClient (GrpcClientProtocolClient.java:onNext(264)) - client-E41C008B94D2->cb20f782-9136-4144-a2ef-e44461d35697: receive RaftClientReply:client-E41C008B94D2->cb20f782-9136-4144-a2ef-e44461d35697@group-EF222054BC57, cid=2249, SUCCESS, logIndex=3200, commits[cb20f782-9136-4144-a2ef-e44461d35697:c3203]
2019-09-17 12:48:45,508 [grpc-default-executor-1] INFO  client.GrpcClientProtocolClient (GrpcClientProtocolClient.java:onNext(264)) - client-E41C008B94D2->cb20f782-9136-4144-a2ef-e44461d35697: receive RaftClientReply:client-E41C008B94D2->cb20f782-9136-4144-a2ef-e44461d35697@group-EF222054BC57, cid=2250, SUCCESS, logIndex=3201, commits[cb20f782-9136-4144-a2ef-e44461d35697:c3203]
2019-09-17 12:48:45,509 [grpc-default-executor-1] INFO  client.GrpcClientProtocolClient (GrpcClientProtocolClient.java:onNext(264)) - client-E41C008B94D2->cb20f782-9136-4144-a2ef-e44461d35697: receive RaftClientReply:client-E41C008B94D2->cb20f782-9136-4144-a2ef-e44461d35697@group-EF222054BC57, cid=2251, SUCCESS, logIndex=3202, commits[cb20f782-9136-4144-a2ef-e44461d35697:c3204]
2019-09-17 12:48:45,509 [grpc-default-executor-1] INFO  client.GrpcClientProtocolClient (GrpcClientProtocolClient.java:onNext(264)) - client-E41C008B94D2->cb20f782-9136-4144-a2ef-e44461d35697: receive RaftClientReply:client-E41C008B94D2->cb20f782-9136-4144-a2ef-e44461d35697@group-EF222054BC57, cid=2252, SUCCESS, logIndex=3203, commits[cb20f782-9136-4144-a2ef-e44461d35697:c3204]
2019-09-17 12:48:45,528 [grpc-default-executor-2] INFO  client.GrpcClientProtocolClient (GrpcClientProtocolClient.java:onNext(264)) - client-E41C008B94D2->cb20f782-9136-4144-a2ef-e44461d35697: receive RaftClientReply:client-E41C008B94D2->cb20f782-9136-4144-a2ef-e44461d35697@group-EF222054BC57, cid=2253, SUCCESS, logIndex=3205, commits[cb20f782-9136-4144-a2ef-e44461d35697:c3206]
2019-09-17 12:48:45,529 [grpc-default-executor-2] INFO  client.GrpcClientProtocolClient (GrpcClientProtocolClient.java:onNext(264)) - client-E41C008B94D2->cb20f782-9136-4144-a2ef-e44461d35697: receive RaftClientReply:client-E41C008B94D2->cb20f782-9136-4144-a2ef-e44461d35697@group-EF222054BC57, cid=2254, SUCCESS, logIndex=3206, commits[cb20f782-9136-4144-a2ef-e44461d35697:c3207]
2019-09-17 12:48:45,602 [SCMBlockDeletingService#1] DEBUG block.SCMBlockDeletingService (SCMBlockDeletingService.java:call(138)) - Running DeletedBlockTransactionScanner
2019-09-17 12:48:45,602 [SCMBlockDeletingService#1] DEBUG block.SCMBlockDeletingService (SCMBlockDeletingService.java:call(155)) - Scanned deleted blocks log and got 0 delTX to process.
2019-09-17 12:48:45,615 [grpc-default-executor-1] INFO  client.GrpcClientProtocolClient (GrpcClientProtocolClient.java:onNext(264)) - client-E41C008B94D2->cb20f782-9136-4144-a2ef-e44461d35697: receive RaftClientReply:client-E41C008B94D2->cb20f782-9136-4144-a2ef-e44461d35697@group-EF222054BC57, cid=2255, SUCCESS, logIndex=3208, commits[cb20f782-9136-4144-a2ef-e44461d35697:c3209]
2019-09-17 12:48:45,616 [grpc-default-executor-1] INFO  client.GrpcClientProtocolClient (GrpcClientProtocolClient.java:onNext(264)) - client-E41C008B94D2->cb20f782-9136-4144-a2ef-e44461d35697: receive RaftClientReply:client-E41C008B94D2->cb20f782-9136-4144-a2ef-e44461d35697@group-EF222054BC57, cid=2256, SUCCESS, logIndex=3209, commits[cb20f782-9136-4144-a2ef-e44461d35697:c3209]
2019-09-17 12:48:45,659 [grpc-default-executor-1] INFO  client.GrpcClientProtocolClient (GrpcClientProtocolClient.java:onNext(264)) - client-E41C008B94D2->cb20f782-9136-4144-a2ef-e44461d35697: receive RaftClientReply:client-E41C008B94D2->cb20f782-9136-4144-a2ef-e44461d35697@group-EF222054BC57, cid=2257, SUCCESS, logIndex=3211, commits[cb20f782-9136-4144-a2ef-e44461d35697:c3214]
2019-09-17 12:48:45,659 [grpc-default-executor-1] INFO  client.GrpcClientProtocolClient (GrpcClientProtocolClient.java:onNext(264)) - client-E41C008B94D2->cb20f782-9136-4144-a2ef-e44461d35697: receive RaftClientReply:client-E41C008B94D2->cb20f782-9136-4144-a2ef-e44461d35697@group-EF222054BC57, cid=2258, SUCCESS, logIndex=3212, commits[cb20f782-9136-4144-a2ef-e44461d35697:c3214]
2019-09-17 12:48:45,660 [grpc-default-executor-1] INFO  client.GrpcClientProtocolClient (GrpcClientProtocolClient.java:onNext(264)) - client-E41C008B94D2->cb20f782-9136-4144-a2ef-e44461d35697: receive RaftClientReply:client-E41C008B94D2->cb20f782-9136-4144-a2ef-e44461d35697@group-EF222054BC57, cid=2259, SUCCESS, logIndex=3213, commits[cb20f782-9136-4144-a2ef-e44461d35697:c3214]
2019-09-17 12:48:45,660 [grpc-default-executor-1] INFO  client.GrpcClientProtocolClient (GrpcClientProtocolClient.java:onNext(264)) - client-E41C008B94D2->cb20f782-9136-4144-a2ef-e44461d35697: receive RaftClientReply:client-E41C008B94D2->cb20f782-9136-4144-a2ef-e44461d35697@group-EF222054BC57, cid=2260, SUCCESS, logIndex=3214, commits[cb20f782-9136-4144-a2ef-e44461d35697:c3214]
2019-09-17 12:48:45,701 [grpc-default-executor-2] INFO  client.GrpcClientProtocolClient (GrpcClientProtocolClient.java:onNext(264)) - client-E41C008B94D2->cb20f782-9136-4144-a2ef-e44461d35697: receive RaftClientReply:client-E41C008B94D2->cb20f782-9136-4144-a2ef-e44461d35697@group-EF222054BC57, cid=2261, SUCCESS, logIndex=3216, commits[cb20f782-9136-4144-a2ef-e44461d35697:c3219]
2019-09-17 12:48:45,702 [grpc-default-executor-2] INFO  client.GrpcClientProtocolClient (GrpcClientProtocolClient.java:onNext(264)) - client-E41C008B94D2->cb20f782-9136-4144-a2ef-e44461d35697: receive RaftClientReply:client-E41C008B94D2->cb20f782-9136-4144-a2ef-e44461d35697@group-EF222054BC57, cid=2262, SUCCESS, logIndex=3217, commits[cb20f782-9136-4144-a2ef-e44461d35697:c3219]
2019-09-17 12:48:45,702 [grpc-default-executor-2] INFO  client.GrpcClientProtocolClient (GrpcClientProtocolClient.java:onNext(264)) - client-E41C008B94D2->cb20f782-9136-4144-a2ef-e44461d35697: receive RaftClientReply:client-E41C008B94D2->cb20f782-9136-4144-a2ef-e44461d35697@group-EF222054BC57, cid=2263, SUCCESS, logIndex=3218, commits[cb20f782-9136-4144-a2ef-e44461d35697:c3220]
2019-09-17 12:48:45,702 [grpc-default-executor-2] INFO  client.GrpcClientProtocolClient (GrpcClientProtocolClient.java:onNext(264)) - client-E41C008B94D2->cb20f782-9136-4144-a2ef-e44461d35697: receive RaftClientReply:client-E41C008B94D2->cb20f782-9136-4144-a2ef-e44461d35697@group-EF222054BC57, cid=2264, SUCCESS, logIndex=3219, commits[cb20f782-9136-4144-a2ef-e44461d35697:c3220]
2019-09-17 12:48:45,702 [SCMBlockDeletingService#1] DEBUG block.SCMBlockDeletingService (SCMBlockDeletingService.java:call(138)) - Running DeletedBlockTransactionScanner
2019-09-17 12:48:45,703 [SCMBlockDeletingService#1] DEBUG block.SCMBlockDeletingService (SCMBlockDeletingService.java:call(155)) - Scanned deleted blocks log and got 0 delTX to process.
2019-09-17 12:48:45,729 [grpc-default-executor-1] INFO  client.GrpcClientProtocolClient (GrpcClientProtocolClient.java:onNext(264)) - client-E41C008B94D2->cb20f782-9136-4144-a2ef-e44461d35697: receive RaftClientReply:client-E41C008B94D2->cb20f782-9136-4144-a2ef-e44461d35697@group-EF222054BC57, cid=2265, SUCCESS, logIndex=3221, commits[cb20f782-9136-4144-a2ef-e44461d35697:c3222]
2019-09-17 12:48:45,730 [grpc-default-executor-1] INFO  client.GrpcClientProtocolClient (GrpcClientProtocolClient.java:onNext(264)) - client-E41C008B94D2->cb20f782-9136-4144-a2ef-e44461d35697: receive RaftClientReply:client-E41C008B94D2->cb20f782-9136-4144-a2ef-e44461d35697@group-EF222054BC57, cid=2266, SUCCESS, logIndex=3222, commits[cb20f782-9136-4144-a2ef-e44461d35697:c3222]
2019-09-17 12:48:45,730 [grpc-default-executor-1] INFO  client.GrpcClientProtocolClient (GrpcClientProtocolClient.java:onNext(264)) - client-E41C008B94D2->cb20f782-9136-4144-a2ef-e44461d35697: receive RaftClientReply:client-E41C008B94D2->cb20f782-9136-4144-a2ef-e44461d35697@group-EF222054BC57, cid=2267, SUCCESS, logIndex=3223, commits[cb20f782-9136-4144-a2ef-e44461d35697:c3224]
2019-09-17 12:48:45,731 [grpc-default-executor-1] INFO  client.GrpcClientProtocolClient (GrpcClientProtocolClient.java:onNext(264)) - client-E41C008B94D2->cb20f782-9136-4144-a2ef-e44461d35697: receive RaftClientReply:client-E41C008B94D2->cb20f782-9136-4144-a2ef-e44461d35697@group-EF222054BC57, cid=2268, SUCCESS, logIndex=3224, commits[cb20f782-9136-4144-a2ef-e44461d35697:c3225]
2019-09-17 12:48:45,749 [grpc-default-executor-1] INFO  client.GrpcClientProtocolClient (GrpcClientProtocolClient.java:onNext(264)) - client-E41C008B94D2->cb20f782-9136-4144-a2ef-e44461d35697: receive RaftClientReply:client-E41C008B94D2->cb20f782-9136-4144-a2ef-e44461d35697@group-EF222054BC57, cid=2269, SUCCESS, logIndex=3227, commits[cb20f782-9136-4144-a2ef-e44461d35697:c3228]
2019-09-17 12:48:45,749 [grpc-default-executor-1] INFO  client.GrpcClientProtocolClient (GrpcClientProtocolClient.java:onNext(264)) - client-E41C008B94D2->cb20f782-9136-4144-a2ef-e44461d35697: receive RaftClientReply:client-E41C008B94D2->cb20f782-9136-4144-a2ef-e44461d35697@group-EF222054BC57, cid=2270, SUCCESS, logIndex=3228, commits[cb20f782-9136-4144-a2ef-e44461d35697:c3230]
2019-09-17 12:48:45,749 [grpc-default-executor-1] INFO  client.GrpcClientProtocolClient (GrpcClientProtocolClient.java:onNext(264)) - client-E41C008B94D2->cb20f782-9136-4144-a2ef-e44461d35697: receive RaftClientReply:client-E41C008B94D2->cb20f782-9136-4144-a2ef-e44461d35697@group-EF222054BC57, cid=2271, SUCCESS, logIndex=3229, commits[cb20f782-9136-4144-a2ef-e44461d35697:c3231]
2019-09-17 12:48:45,750 [grpc-default-executor-1] INFO  client.GrpcClientProtocolClient (GrpcClientProtocolClient.java:onNext(264)) - client-E41C008B94D2->cb20f782-9136-4144-a2ef-e44461d35697: receive RaftClientReply:client-E41C008B94D2->cb20f782-9136-4144-a2ef-e44461d35697@group-EF222054BC57, cid=2272, SUCCESS, logIndex=3230, commits[cb20f782-9136-4144-a2ef-e44461d35697:c3231]
2019-09-17 12:48:45,779 [grpc-default-executor-1] INFO  client.GrpcClientProtocolClient (GrpcClientProtocolClient.java:onNext(264)) - client-E41C008B94D2->cb20f782-9136-4144-a2ef-e44461d35697: receive RaftClientReply:client-E41C008B94D2->cb20f782-9136-4144-a2ef-e44461d35697@group-EF222054BC57, cid=2273, SUCCESS, logIndex=3233, commits[cb20f782-9136-4144-a2ef-e44461d35697:c3236]
2019-09-17 12:48:45,779 [grpc-default-executor-1] INFO  client.GrpcClientProtocolClient (GrpcClientProtocolClient.java:onNext(264)) - client-E41C008B94D2->cb20f782-9136-4144-a2ef-e44461d35697: receive RaftClientReply:client-E41C008B94D2->cb20f782-9136-4144-a2ef-e44461d35697@group-EF222054BC57, cid=2274, SUCCESS, logIndex=3234, commits[cb20f782-9136-4144-a2ef-e44461d35697:c3236]
2019-09-17 12:48:45,780 [grpc-default-executor-1] INFO  client.GrpcClientProtocolClient (GrpcClientProtocolClient.java:onNext(264)) - client-E41C008B94D2->cb20f782-9136-4144-a2ef-e44461d35697: receive RaftClientReply:client-E41C008B94D2->cb20f782-9136-4144-a2ef-e44461d35697@group-EF222054BC57, cid=2275, SUCCESS, logIndex=3235, commits[cb20f782-9136-4144-a2ef-e44461d35697:c3237]
2019-09-17 12:48:45,780 [grpc-default-executor-1] INFO  client.GrpcClientProtocolClient (GrpcClientProtocolClient.java:onNext(264)) - client-E41C008B94D2->cb20f782-9136-4144-a2ef-e44461d35697: receive RaftClientReply:client-E41C008B94D2->cb20f782-9136-4144-a2ef-e44461d35697@group-EF222054BC57, cid=2276, SUCCESS, logIndex=3236, commits[cb20f782-9136-4144-a2ef-e44461d35697:c3237]
2019-09-17 12:48:45,798 [grpc-default-executor-2] INFO  client.GrpcClientProtocolClient (GrpcClientProtocolClient.java:onNext(264)) - client-E41C008B94D2->cb20f782-9136-4144-a2ef-e44461d35697: receive RaftClientReply:client-E41C008B94D2->cb20f782-9136-4144-a2ef-e44461d35697@group-EF222054BC57, cid=2277, SUCCESS, logIndex=3238, commits[cb20f782-9136-4144-a2ef-e44461d35697:c3239]
2019-09-17 12:48:45,799 [grpc-default-executor-2] INFO  client.GrpcClientProtocolClient (GrpcClientProtocolClient.java:onNext(264)) - client-E41C008B94D2->cb20f782-9136-4144-a2ef-e44461d35697: receive RaftClientReply:client-E41C008B94D2->cb20f782-9136-4144-a2ef-e44461d35697@group-EF222054BC57, cid=2278, SUCCESS, logIndex=3239, commits[cb20f782-9136-4144-a2ef-e44461d35697:c3239]
2019-09-17 12:48:45,799 [grpc-default-executor-2] INFO  client.GrpcClientProtocolClient (GrpcClientProtocolClient.java:onNext(264)) - client-E41C008B94D2->cb20f782-9136-4144-a2ef-e44461d35697: receive RaftClientReply:client-E41C008B94D2->cb20f782-9136-4144-a2ef-e44461d35697@group-EF222054BC57, cid=2279, SUCCESS, logIndex=3240, commits[cb20f782-9136-4144-a2ef-e44461d35697:c3241]
2019-09-17 12:48:45,799 [grpc-default-executor-2] INFO  client.GrpcClientProtocolClient (GrpcClientProtocolClient.java:onNext(264)) - client-E41C008B94D2->cb20f782-9136-4144-a2ef-e44461d35697: receive RaftClientReply:client-E41C008B94D2->cb20f782-9136-4144-a2ef-e44461d35697@group-EF222054BC57, cid=2280, SUCCESS, logIndex=3241, commits[cb20f782-9136-4144-a2ef-e44461d35697:c3242]
2019-09-17 12:48:45,803 [SCMBlockDeletingService#1] DEBUG block.SCMBlockDeletingService (SCMBlockDeletingService.java:call(138)) - Running DeletedBlockTransactionScanner
2019-09-17 12:48:45,803 [SCMBlockDeletingService#1] DEBUG block.SCMBlockDeletingService (SCMBlockDeletingService.java:call(155)) - Scanned deleted blocks log and got 0 delTX to process.
2019-09-17 12:48:45,826 [grpc-default-executor-2] INFO  client.GrpcClientProtocolClient (GrpcClientProtocolClient.java:onNext(264)) - client-E41C008B94D2->cb20f782-9136-4144-a2ef-e44461d35697: receive RaftClientReply:client-E41C008B94D2->cb20f782-9136-4144-a2ef-e44461d35697@group-EF222054BC57, cid=2281, SUCCESS, logIndex=3244, commits[cb20f782-9136-4144-a2ef-e44461d35697:c3245]
2019-09-17 12:48:45,827 [grpc-default-executor-2] INFO  client.GrpcClientProtocolClient (GrpcClientProtocolClient.java:onNext(264)) - client-E41C008B94D2->cb20f782-9136-4144-a2ef-e44461d35697: receive RaftClientReply:client-E41C008B94D2->cb20f782-9136-4144-a2ef-e44461d35697@group-EF222054BC57, cid=2282, SUCCESS, logIndex=3245, commits[cb20f782-9136-4144-a2ef-e44461d35697:c3247]
2019-09-17 12:48:45,827 [grpc-default-executor-2] INFO  client.GrpcClientProtocolClient (GrpcClientProtocolClient.java:onNext(264)) - client-E41C008B94D2->cb20f782-9136-4144-a2ef-e44461d35697: receive RaftClientReply:client-E41C008B94D2->cb20f782-9136-4144-a2ef-e44461d35697@group-EF222054BC57, cid=2283, SUCCESS, logIndex=3246, commits[cb20f782-9136-4144-a2ef-e44461d35697:c3248]
2019-09-17 12:48:45,827 [grpc-default-executor-2] INFO  client.GrpcClientProtocolClient (GrpcClientProtocolClient.java:onNext(264)) - client-E41C008B94D2->cb20f782-9136-4144-a2ef-e44461d35697: receive RaftClientReply:client-E41C008B94D2->cb20f782-9136-4144-a2ef-e44461d35697@group-EF222054BC57, cid=2284, SUCCESS, logIndex=3247, commits[cb20f782-9136-4144-a2ef-e44461d35697:c3248]
2019-09-17 12:48:45,845 [grpc-default-executor-1] INFO  client.GrpcClientProtocolClient (GrpcClientProtocolClient.java:onNext(264)) - client-E41C008B94D2->cb20f782-9136-4144-a2ef-e44461d35697: receive RaftClientReply:client-E41C008B94D2->cb20f782-9136-4144-a2ef-e44461d35697@group-EF222054BC57, cid=2285, SUCCESS, logIndex=3250, commits[cb20f782-9136-4144-a2ef-e44461d35697:c3251]
2019-09-17 12:48:45,845 [grpc-default-executor-1] INFO  client.GrpcClientProtocolClient (GrpcClientProtocolClient.java:onNext(264)) - client-E41C008B94D2->cb20f782-9136-4144-a2ef-e44461d35697: receive RaftClientReply:client-E41C008B94D2->cb20f782-9136-4144-a2ef-e44461d35697@group-EF222054BC57, cid=2286, SUCCESS, logIndex=3251, commits[cb20f782-9136-4144-a2ef-e44461d35697:c3253]
2019-09-17 12:48:45,846 [grpc-default-executor-1] INFO  client.GrpcClientProtocolClient (GrpcClientProtocolClient.java:onNext(264)) - client-E41C008B94D2->cb20f782-9136-4144-a2ef-e44461d35697: receive RaftClientReply:client-E41C008B94D2->cb20f782-9136-4144-a2ef-e44461d35697@group-EF222054BC57, cid=2287, SUCCESS, logIndex=3252, commits[cb20f782-9136-4144-a2ef-e44461d35697:c3253]
2019-09-17 12:48:45,846 [grpc-default-executor-1] INFO  client.GrpcClientProtocolClient (GrpcClientProtocolClient.java:onNext(264)) - client-E41C008B94D2->cb20f782-9136-4144-a2ef-e44461d35697: receive RaftClientReply:client-E41C008B94D2->cb20f782-9136-4144-a2ef-e44461d35697@group-EF222054BC57, cid=2288, SUCCESS, logIndex=3253, commits[cb20f782-9136-4144-a2ef-e44461d35697:c3254]
2019-09-17 12:48:45,873 [grpc-default-executor-1] INFO  client.GrpcClientProtocolClient (GrpcClientProtocolClient.java:onNext(264)) - client-E41C008B94D2->cb20f782-9136-4144-a2ef-e44461d35697: receive RaftClientReply:client-E41C008B94D2->cb20f782-9136-4144-a2ef-e44461d35697@group-EF222054BC57, cid=2289, SUCCESS, logIndex=3256, commits[cb20f782-9136-4144-a2ef-e44461d35697:c3259]
2019-09-17 12:48:45,874 [grpc-default-executor-1] INFO  client.GrpcClientProtocolClient (GrpcClientProtocolClient.java:onNext(264)) - client-E41C008B94D2->cb20f782-9136-4144-a2ef-e44461d35697: receive RaftClientReply:client-E41C008B94D2->cb20f782-9136-4144-a2ef-e44461d35697@group-EF222054BC57, cid=2290, SUCCESS, logIndex=3257, commits[cb20f782-9136-4144-a2ef-e44461d35697:c3260]
2019-09-17 12:48:45,874 [grpc-default-executor-1] INFO  client.GrpcClientProtocolClient (GrpcClientProtocolClient.java:onNext(264)) - client-E41C008B94D2->cb20f782-9136-4144-a2ef-e44461d35697: receive RaftClientReply:client-E41C008B94D2->cb20f782-9136-4144-a2ef-e44461d35697@group-EF222054BC57, cid=2291, SUCCESS, logIndex=3258, commits[cb20f782-9136-4144-a2ef-e44461d35697:c3260]
2019-09-17 12:48:45,874 [grpc-default-executor-1] INFO  client.GrpcClientProtocolClient (GrpcClientProtocolClient.java:onNext(264)) - client-E41C008B94D2->cb20f782-9136-4144-a2ef-e44461d35697: receive RaftClientReply:client-E41C008B94D2->cb20f782-9136-4144-a2ef-e44461d35697@group-EF222054BC57, cid=2292, SUCCESS, logIndex=3259, commits[cb20f782-9136-4144-a2ef-e44461d35697:c3260]
2019-09-17 12:48:45,893 [grpc-default-executor-2] INFO  client.GrpcClientProtocolClient (GrpcClientProtocolClient.java:onNext(264)) - client-E41C008B94D2->cb20f782-9136-4144-a2ef-e44461d35697: receive RaftClientReply:client-E41C008B94D2->cb20f782-9136-4144-a2ef-e44461d35697@group-EF222054BC57, cid=2293, SUCCESS, logIndex=3261, commits[cb20f782-9136-4144-a2ef-e44461d35697:c3264]
2019-09-17 12:48:45,894 [grpc-default-executor-2] INFO  client.GrpcClientProtocolClient (GrpcClientProtocolClient.java:onNext(264)) - client-E41C008B94D2->cb20f782-9136-4144-a2ef-e44461d35697: receive RaftClientReply:client-E41C008B94D2->cb20f782-9136-4144-a2ef-e44461d35697@group-EF222054BC57, cid=2294, SUCCESS, logIndex=3262, commits[cb20f782-9136-4144-a2ef-e44461d35697:c3265]
2019-09-17 12:48:45,894 [grpc-default-executor-2] INFO  client.GrpcClientProtocolClient (GrpcClientProtocolClient.java:onNext(264)) - client-E41C008B94D2->cb20f782-9136-4144-a2ef-e44461d35697: receive RaftClientReply:client-E41C008B94D2->cb20f782-9136-4144-a2ef-e44461d35697@group-EF222054BC57, cid=2295, SUCCESS, logIndex=3263, commits[cb20f782-9136-4144-a2ef-e44461d35697:c3265]
2019-09-17 12:48:45,894 [grpc-default-executor-2] INFO  client.GrpcClientProtocolClient (GrpcClientProtocolClient.java:onNext(264)) - client-E41C008B94D2->cb20f782-9136-4144-a2ef-e44461d35697: receive RaftClientReply:client-E41C008B94D2->cb20f782-9136-4144-a2ef-e44461d35697@group-EF222054BC57, cid=2296, SUCCESS, logIndex=3264, commits[cb20f782-9136-4144-a2ef-e44461d35697:c3265]
2019-09-17 12:48:45,904 [SCMBlockDeletingService#1] DEBUG block.SCMBlockDeletingService (SCMBlockDeletingService.java:call(138)) - Running DeletedBlockTransactionScanner
2019-09-17 12:48:45,904 [SCMBlockDeletingService#1] DEBUG block.SCMBlockDeletingService (SCMBlockDeletingService.java:call(155)) - Scanned deleted blocks log and got 0 delTX to process.
2019-09-17 12:48:46,005 [SCMBlockDeletingService#1] DEBUG block.SCMBlockDeletingService (SCMBlockDeletingService.java:call(138)) - Running DeletedBlockTransactionScanner
2019-09-17 12:48:46,005 [SCMBlockDeletingService#1] DEBUG block.SCMBlockDeletingService (SCMBlockDeletingService.java:call(155)) - Scanned deleted blocks log and got 0 delTX to process.
2019-09-17 12:48:46,008 [grpc-default-executor-2] INFO  client.GrpcClientProtocolClient (GrpcClientProtocolClient.java:onNext(264)) - client-E41C008B94D2->cb20f782-9136-4144-a2ef-e44461d35697: receive RaftClientReply:client-E41C008B94D2->cb20f782-9136-4144-a2ef-e44461d35697@group-EF222054BC57, cid=2297, SUCCESS, logIndex=3266, commits[cb20f782-9136-4144-a2ef-e44461d35697:c3267]
2019-09-17 12:48:46,008 [grpc-default-executor-2] INFO  client.GrpcClientProtocolClient (GrpcClientProtocolClient.java:onNext(264)) - client-E41C008B94D2->cb20f782-9136-4144-a2ef-e44461d35697: receive RaftClientReply:client-E41C008B94D2->cb20f782-9136-4144-a2ef-e44461d35697@group-EF222054BC57, cid=2298, SUCCESS, logIndex=3267, commits[cb20f782-9136-4144-a2ef-e44461d35697:c3268]
2019-09-17 12:48:46,105 [SCMBlockDeletingService#1] DEBUG block.SCMBlockDeletingService (SCMBlockDeletingService.java:call(138)) - Running DeletedBlockTransactionScanner
2019-09-17 12:48:46,106 [SCMBlockDeletingService#1] DEBUG block.SCMBlockDeletingService (SCMBlockDeletingService.java:call(155)) - Scanned deleted blocks log and got 0 delTX to process.
2019-09-17 12:48:46,128 [grpc-default-executor-2] INFO  client.GrpcClientProtocolClient (GrpcClientProtocolClient.java:onNext(264)) - client-E41C008B94D2->cb20f782-9136-4144-a2ef-e44461d35697: receive RaftClientReply:client-E41C008B94D2->cb20f782-9136-4144-a2ef-e44461d35697@group-EF222054BC57, cid=2299, SUCCESS, logIndex=3269, commits[cb20f782-9136-4144-a2ef-e44461d35697:c3270]
2019-09-17 12:48:46,128 [grpc-default-executor-2] INFO  client.GrpcClientProtocolClient (GrpcClientProtocolClient.java:onNext(264)) - client-E41C008B94D2->cb20f782-9136-4144-a2ef-e44461d35697: receive RaftClientReply:client-E41C008B94D2->cb20f782-9136-4144-a2ef-e44461d35697@group-EF222054BC57, cid=2300, SUCCESS, logIndex=3270, commits[cb20f782-9136-4144-a2ef-e44461d35697:c3271]
2019-09-17 12:48:46,149 [grpc-default-executor-2] INFO  client.GrpcClientProtocolClient (GrpcClientProtocolClient.java:onNext(264)) - client-E41C008B94D2->cb20f782-9136-4144-a2ef-e44461d35697: receive RaftClientReply:client-E41C008B94D2->cb20f782-9136-4144-a2ef-e44461d35697@group-EF222054BC57, cid=2301, SUCCESS, logIndex=3272, commits[cb20f782-9136-4144-a2ef-e44461d35697:c3273]
2019-09-17 12:48:46,149 [grpc-default-executor-2] INFO  client.GrpcClientProtocolClient (GrpcClientProtocolClient.java:onNext(264)) - client-E41C008B94D2->cb20f782-9136-4144-a2ef-e44461d35697: receive RaftClientReply:client-E41C008B94D2->cb20f782-9136-4144-a2ef-e44461d35697@group-EF222054BC57, cid=2302, SUCCESS, logIndex=3273, commits[cb20f782-9136-4144-a2ef-e44461d35697:c3275]
2019-09-17 12:48:46,150 [grpc-default-executor-2] INFO  client.GrpcClientProtocolClient (GrpcClientProtocolClient.java:onNext(264)) - client-E41C008B94D2->cb20f782-9136-4144-a2ef-e44461d35697: receive RaftClientReply:client-E41C008B94D2->cb20f782-9136-4144-a2ef-e44461d35697@group-EF222054BC57, cid=2303, SUCCESS, logIndex=3274, commits[cb20f782-9136-4144-a2ef-e44461d35697:c3276]
2019-09-17 12:48:46,150 [grpc-default-executor-2] INFO  client.GrpcClientProtocolClient (GrpcClientProtocolClient.java:onNext(264)) - client-E41C008B94D2->cb20f782-9136-4144-a2ef-e44461d35697: receive RaftClientReply:client-E41C008B94D2->cb20f782-9136-4144-a2ef-e44461d35697@group-EF222054BC57, cid=2304, SUCCESS, logIndex=3275, commits[cb20f782-9136-4144-a2ef-e44461d35697:c3277]
2019-09-17 12:48:46,180 [grpc-default-executor-2] INFO  client.GrpcClientProtocolClient (GrpcClientProtocolClient.java:onNext(264)) - client-E41C008B94D2->cb20f782-9136-4144-a2ef-e44461d35697: receive RaftClientReply:client-E41C008B94D2->cb20f782-9136-4144-a2ef-e44461d35697@group-EF222054BC57, cid=2305, SUCCESS, logIndex=3278, commits[cb20f782-9136-4144-a2ef-e44461d35697:c3279]
2019-09-17 12:48:46,180 [grpc-default-executor-2] INFO  client.GrpcClientProtocolClient (GrpcClientProtocolClient.java:onNext(264)) - client-E41C008B94D2->cb20f782-9136-4144-a2ef-e44461d35697: receive RaftClientReply:client-E41C008B94D2->cb20f782-9136-4144-a2ef-e44461d35697@group-EF222054BC57, cid=2306, SUCCESS, logIndex=3279, commits[cb20f782-9136-4144-a2ef-e44461d35697:c3281]
2019-09-17 12:48:46,181 [grpc-default-executor-2] INFO  client.GrpcClientProtocolClient (GrpcClientProtocolClient.java:onNext(264)) - client-E41C008B94D2->cb20f782-9136-4144-a2ef-e44461d35697: receive RaftClientReply:client-E41C008B94D2->cb20f782-9136-4144-a2ef-e44461d35697@group-EF222054BC57, cid=2307, SUCCESS, logIndex=3280, commits[cb20f782-9136-4144-a2ef-e44461d35697:c3282]
2019-09-17 12:48:46,181 [grpc-default-executor-2] INFO  client.GrpcClientProtocolClient (GrpcClientProtocolClient.java:onNext(264)) - client-E41C008B94D2->cb20f782-9136-4144-a2ef-e44461d35697: receive RaftClientReply:client-E41C008B94D2->cb20f782-9136-4144-a2ef-e44461d35697@group-EF222054BC57, cid=2308, SUCCESS, logIndex=3281, commits[cb20f782-9136-4144-a2ef-e44461d35697:c3283]
2019-09-17 12:48:46,202 [grpc-default-executor-2] INFO  client.GrpcClientProtocolClient (GrpcClientProtocolClient.java:onNext(264)) - client-E41C008B94D2->cb20f782-9136-4144-a2ef-e44461d35697: receive RaftClientReply:client-E41C008B94D2->cb20f782-9136-4144-a2ef-e44461d35697@group-EF222054BC57, cid=2309, SUCCESS, logIndex=3284, commits[cb20f782-9136-4144-a2ef-e44461d35697:c3287]
2019-09-17 12:48:46,202 [grpc-default-executor-2] INFO  client.GrpcClientProtocolClient (GrpcClientProtocolClient.java:onNext(264)) - client-E41C008B94D2->cb20f782-9136-4144-a2ef-e44461d35697: receive RaftClientReply:client-E41C008B94D2->cb20f782-9136-4144-a2ef-e44461d35697@group-EF222054BC57, cid=2310, SUCCESS, logIndex=3285, commits[cb20f782-9136-4144-a2ef-e44461d35697:c3288]
2019-09-17 12:48:46,202 [grpc-default-executor-2] INFO  client.GrpcClientProtocolClient (GrpcClientProtocolClient.java:onNext(264)) - client-E41C008B94D2->cb20f782-9136-4144-a2ef-e44461d35697: receive RaftClientReply:client-E41C008B94D2->cb20f782-9136-4144-a2ef-e44461d35697@group-EF222054BC57, cid=2311, SUCCESS, logIndex=3286, commits[cb20f782-9136-4144-a2ef-e44461d35697:c3288]
2019-09-17 12:48:46,203 [grpc-default-executor-2] INFO  client.GrpcClientProtocolClient (GrpcClientProtocolClient.java:onNext(264)) - client-E41C008B94D2->cb20f782-9136-4144-a2ef-e44461d35697: receive RaftClientReply:client-E41C008B94D2->cb20f782-9136-4144-a2ef-e44461d35697@group-EF222054BC57, cid=2312, SUCCESS, logIndex=3287, commits[cb20f782-9136-4144-a2ef-e44461d35697:c3288]
2019-09-17 12:48:46,206 [SCMBlockDeletingService#1] DEBUG block.SCMBlockDeletingService (SCMBlockDeletingService.java:call(138)) - Running DeletedBlockTransactionScanner
2019-09-17 12:48:46,206 [SCMBlockDeletingService#1] DEBUG block.SCMBlockDeletingService (SCMBlockDeletingService.java:call(155)) - Scanned deleted blocks log and got 0 delTX to process.
2019-09-17 12:48:46,229 [grpc-default-executor-2] INFO  client.GrpcClientProtocolClient (GrpcClientProtocolClient.java:onNext(264)) - client-E41C008B94D2->cb20f782-9136-4144-a2ef-e44461d35697: receive RaftClientReply:client-E41C008B94D2->cb20f782-9136-4144-a2ef-e44461d35697@group-EF222054BC57, cid=2313, SUCCESS, logIndex=3289, commits[cb20f782-9136-4144-a2ef-e44461d35697:c3290]
2019-09-17 12:48:46,229 [grpc-default-executor-2] INFO  client.GrpcClientProtocolClient (GrpcClientProtocolClient.java:onNext(264)) - client-E41C008B94D2->cb20f782-9136-4144-a2ef-e44461d35697: receive RaftClientReply:client-E41C008B94D2->cb20f782-9136-4144-a2ef-e44461d35697@group-EF222054BC57, cid=2314, SUCCESS, logIndex=3290, commits[cb20f782-9136-4144-a2ef-e44461d35697:c3292]
2019-09-17 12:48:46,230 [grpc-default-executor-2] INFO  client.GrpcClientProtocolClient (GrpcClientProtocolClient.java:onNext(264)) - client-E41C008B94D2->cb20f782-9136-4144-a2ef-e44461d35697: receive RaftClientReply:client-E41C008B94D2->cb20f782-9136-4144-a2ef-e44461d35697@group-EF222054BC57, cid=2315, SUCCESS, logIndex=3291, commits[cb20f782-9136-4144-a2ef-e44461d35697:c3292]
2019-09-17 12:48:46,230 [grpc-default-executor-2] INFO  client.GrpcClientProtocolClient (GrpcClientProtocolClient.java:onNext(264)) - client-E41C008B94D2->cb20f782-9136-4144-a2ef-e44461d35697: receive RaftClientReply:client-E41C008B94D2->cb20f782-9136-4144-a2ef-e44461d35697@group-EF222054BC57, cid=2316, SUCCESS, logIndex=3292, commits[cb20f782-9136-4144-a2ef-e44461d35697:c3292]
2019-09-17 12:48:46,248 [grpc-default-executor-1] INFO  client.GrpcClientProtocolClient (GrpcClientProtocolClient.java:onNext(264)) - client-E41C008B94D2->cb20f782-9136-4144-a2ef-e44461d35697: receive RaftClientReply:client-E41C008B94D2->cb20f782-9136-4144-a2ef-e44461d35697@group-EF222054BC57, cid=2317, SUCCESS, logIndex=3295, commits[cb20f782-9136-4144-a2ef-e44461d35697:c3296]
2019-09-17 12:48:46,248 [grpc-default-executor-1] INFO  client.GrpcClientProtocolClient (GrpcClientProtocolClient.java:onNext(264)) - client-E41C008B94D2->cb20f782-9136-4144-a2ef-e44461d35697: receive RaftClientReply:client-E41C008B94D2->cb20f782-9136-4144-a2ef-e44461d35697@group-EF222054BC57, cid=2318, SUCCESS, logIndex=3296, commits[cb20f782-9136-4144-a2ef-e44461d35697:c3296]
2019-09-17 12:48:46,260 [grpc-default-executor-1] INFO  client.GrpcClientProtocolClient (GrpcClientProtocolClient.java:onNext(264)) - client-E41C008B94D2->cb20f782-9136-4144-a2ef-e44461d35697: receive RaftClientReply:client-E41C008B94D2->cb20f782-9136-4144-a2ef-e44461d35697@group-EF222054BC57, cid=2319, SUCCESS, logIndex=3297, commits[cb20f782-9136-4144-a2ef-e44461d35697:c3299]
2019-09-17 12:48:46,260 [grpc-default-executor-1] INFO  client.GrpcClientProtocolClient (GrpcClientProtocolClient.java:onNext(264)) - client-E41C008B94D2->cb20f782-9136-4144-a2ef-e44461d35697: receive RaftClientReply:client-E41C008B94D2->cb20f782-9136-4144-a2ef-e44461d35697@group-EF222054BC57, cid=2320, SUCCESS, logIndex=3298, commits[cb20f782-9136-4144-a2ef-e44461d35697:c3299]
2019-09-17 12:48:46,288 [grpc-default-executor-1] INFO  client.GrpcClientProtocolClient (GrpcClientProtocolClient.java:onNext(264)) - client-E41C008B94D2->cb20f782-9136-4144-a2ef-e44461d35697: receive RaftClientReply:client-E41C008B94D2->cb20f782-9136-4144-a2ef-e44461d35697@group-EF222054BC57, cid=2321, SUCCESS, logIndex=3300, commits[cb20f782-9136-4144-a2ef-e44461d35697:c3303]
2019-09-17 12:48:46,288 [grpc-default-executor-1] INFO  client.GrpcClientProtocolClient (GrpcClientProtocolClient.java:onNext(264)) - client-E41C008B94D2->cb20f782-9136-4144-a2ef-e44461d35697: receive RaftClientReply:client-E41C008B94D2->cb20f782-9136-4144-a2ef-e44461d35697@group-EF222054BC57, cid=2322, SUCCESS, logIndex=3301, commits[cb20f782-9136-4144-a2ef-e44461d35697:c3304]
2019-09-17 12:48:46,288 [grpc-default-executor-1] INFO  client.GrpcClientProtocolClient (GrpcClientProtocolClient.java:onNext(264)) - client-E41C008B94D2->cb20f782-9136-4144-a2ef-e44461d35697: receive RaftClientReply:client-E41C008B94D2->cb20f782-9136-4144-a2ef-e44461d35697@group-EF222054BC57, cid=2323, SUCCESS, logIndex=3302, commits[cb20f782-9136-4144-a2ef-e44461d35697:c3304]
2019-09-17 12:48:46,289 [grpc-default-executor-1] INFO  client.GrpcClientProtocolClient (GrpcClientProtocolClient.java:onNext(264)) - client-E41C008B94D2->cb20f782-9136-4144-a2ef-e44461d35697: receive RaftClientReply:client-E41C008B94D2->cb20f782-9136-4144-a2ef-e44461d35697@group-EF222054BC57, cid=2324, SUCCESS, logIndex=3303, commits[cb20f782-9136-4144-a2ef-e44461d35697:c3304]
2019-09-17 12:48:46,307 [SCMBlockDeletingService#1] DEBUG block.SCMBlockDeletingService (SCMBlockDeletingService.java:call(138)) - Running DeletedBlockTransactionScanner
2019-09-17 12:48:46,307 [SCMBlockDeletingService#1] DEBUG block.SCMBlockDeletingService (SCMBlockDeletingService.java:call(155)) - Scanned deleted blocks log and got 0 delTX to process.
2019-09-17 12:48:46,318 [grpc-default-executor-2] INFO  client.GrpcClientProtocolClient (GrpcClientProtocolClient.java:onNext(264)) - client-E41C008B94D2->cb20f782-9136-4144-a2ef-e44461d35697: receive RaftClientReply:client-E41C008B94D2->cb20f782-9136-4144-a2ef-e44461d35697@group-EF222054BC57, cid=2325, SUCCESS, logIndex=3305, commits[cb20f782-9136-4144-a2ef-e44461d35697:c3308]
2019-09-17 12:48:46,319 [grpc-default-executor-2] INFO  client.GrpcClientProtocolClient (GrpcClientProtocolClient.java:onNext(264)) - client-E41C008B94D2->cb20f782-9136-4144-a2ef-e44461d35697: receive RaftClientReply:client-E41C008B94D2->cb20f782-9136-4144-a2ef-e44461d35697@group-EF222054BC57, cid=2326, SUCCESS, logIndex=3306, commits[cb20f782-9136-4144-a2ef-e44461d35697:c3309]
2019-09-17 12:48:46,319 [grpc-default-executor-2] INFO  client.GrpcClientProtocolClient (GrpcClientProtocolClient.java:onNext(264)) - client-E41C008B94D2->cb20f782-9136-4144-a2ef-e44461d35697: receive RaftClientReply:client-E41C008B94D2->cb20f782-9136-4144-a2ef-e44461d35697@group-EF222054BC57, cid=2327, SUCCESS, logIndex=3307, commits[cb20f782-9136-4144-a2ef-e44461d35697:c3309]
2019-09-17 12:48:46,320 [grpc-default-executor-2] INFO  client.GrpcClientProtocolClient (GrpcClientProtocolClient.java:onNext(264)) - client-E41C008B94D2->cb20f782-9136-4144-a2ef-e44461d35697: receive RaftClientReply:client-E41C008B94D2->cb20f782-9136-4144-a2ef-e44461d35697@group-EF222054BC57, cid=2328, SUCCESS, logIndex=3308, commits[cb20f782-9136-4144-a2ef-e44461d35697:c3309]
2019-09-17 12:48:46,346 [grpc-default-executor-1] INFO  client.GrpcClientProtocolClient (GrpcClientProtocolClient.java:onNext(264)) - client-E41C008B94D2->cb20f782-9136-4144-a2ef-e44461d35697: receive RaftClientReply:client-E41C008B94D2->cb20f782-9136-4144-a2ef-e44461d35697@group-EF222054BC57, cid=2329, SUCCESS, logIndex=3310, commits[cb20f782-9136-4144-a2ef-e44461d35697:c3311]
2019-09-17 12:48:46,346 [grpc-default-executor-1] INFO  client.GrpcClientProtocolClient (GrpcClientProtocolClient.java:onNext(264)) - client-E41C008B94D2->cb20f782-9136-4144-a2ef-e44461d35697: receive RaftClientReply:client-E41C008B94D2->cb20f782-9136-4144-a2ef-e44461d35697@group-EF222054BC57, cid=2330, SUCCESS, logIndex=3311, commits[cb20f782-9136-4144-a2ef-e44461d35697:c3313]
2019-09-17 12:48:46,347 [grpc-default-executor-1] INFO  client.GrpcClientProtocolClient (GrpcClientProtocolClient.java:onNext(264)) - client-E41C008B94D2->cb20f782-9136-4144-a2ef-e44461d35697: receive RaftClientReply:client-E41C008B94D2->cb20f782-9136-4144-a2ef-e44461d35697@group-EF222054BC57, cid=2331, SUCCESS, logIndex=3312, commits[cb20f782-9136-4144-a2ef-e44461d35697:c3313]
2019-09-17 12:48:46,348 [grpc-default-executor-1] INFO  client.GrpcClientProtocolClient (GrpcClientProtocolClient.java:onNext(264)) - client-E41C008B94D2->cb20f782-9136-4144-a2ef-e44461d35697: receive RaftClientReply:client-E41C008B94D2->cb20f782-9136-4144-a2ef-e44461d35697@group-EF222054BC57, cid=2332, SUCCESS, logIndex=3313, commits[cb20f782-9136-4144-a2ef-e44461d35697:c3313]
2019-09-17 12:48:46,366 [grpc-default-executor-1] INFO  client.GrpcClientProtocolClient (GrpcClientProtocolClient.java:onNext(264)) - client-E41C008B94D2->cb20f782-9136-4144-a2ef-e44461d35697: receive RaftClientReply:client-E41C008B94D2->cb20f782-9136-4144-a2ef-e44461d35697@group-EF222054BC57, cid=2333, SUCCESS, logIndex=3316, commits[cb20f782-9136-4144-a2ef-e44461d35697:c3317]
2019-09-17 12:48:46,366 [grpc-default-executor-1] INFO  client.GrpcClientProtocolClient (GrpcClientProtocolClient.java:onNext(264)) - client-E41C008B94D2->cb20f782-9136-4144-a2ef-e44461d35697: receive RaftClientReply:client-E41C008B94D2->cb20f782-9136-4144-a2ef-e44461d35697@group-EF222054BC57, cid=2334, SUCCESS, logIndex=3317, commits[cb20f782-9136-4144-a2ef-e44461d35697:c3319]
2019-09-17 12:48:46,367 [grpc-default-executor-1] INFO  client.GrpcClientProtocolClient (GrpcClientProtocolClient.java:onNext(264)) - client-E41C008B94D2->cb20f782-9136-4144-a2ef-e44461d35697: receive RaftClientReply:client-E41C008B94D2->cb20f782-9136-4144-a2ef-e44461d35697@group-EF222054BC57, cid=2335, SUCCESS, logIndex=3318, commits[cb20f782-9136-4144-a2ef-e44461d35697:c3320]
2019-09-17 12:48:46,367 [grpc-default-executor-1] INFO  client.GrpcClientProtocolClient (GrpcClientProtocolClient.java:onNext(264)) - client-E41C008B94D2->cb20f782-9136-4144-a2ef-e44461d35697: receive RaftClientReply:client-E41C008B94D2->cb20f782-9136-4144-a2ef-e44461d35697@group-EF222054BC57, cid=2336, SUCCESS, logIndex=3319, commits[cb20f782-9136-4144-a2ef-e44461d35697:c3320]
2019-09-17 12:48:46,394 [grpc-default-executor-1] INFO  client.GrpcClientProtocolClient (GrpcClientProtocolClient.java:onNext(264)) - client-E41C008B94D2->cb20f782-9136-4144-a2ef-e44461d35697: receive RaftClientReply:client-E41C008B94D2->cb20f782-9136-4144-a2ef-e44461d35697@group-EF222054BC57, cid=2337, SUCCESS, logIndex=3322, commits[cb20f782-9136-4144-a2ef-e44461d35697:c3323]
2019-09-17 12:48:46,394 [grpc-default-executor-1] INFO  client.GrpcClientProtocolClient (GrpcClientProtocolClient.java:onNext(264)) - client-E41C008B94D2->cb20f782-9136-4144-a2ef-e44461d35697: receive RaftClientReply:client-E41C008B94D2->cb20f782-9136-4144-a2ef-e44461d35697@group-EF222054BC57, cid=2338, SUCCESS, logIndex=3323, commits[cb20f782-9136-4144-a2ef-e44461d35697:c3325]
2019-09-17 12:48:46,395 [grpc-default-executor-1] INFO  client.GrpcClientProtocolClient (GrpcClientProtocolClient.java:onNext(264)) - client-E41C008B94D2->cb20f782-9136-4144-a2ef-e44461d35697: receive RaftClientReply:client-E41C008B94D2->cb20f782-9136-4144-a2ef-e44461d35697@group-EF222054BC57, cid=2339, SUCCESS, logIndex=3324, commits[cb20f782-9136-4144-a2ef-e44461d35697:c3326]
2019-09-17 12:48:46,395 [grpc-default-executor-1] INFO  client.GrpcClientProtocolClient (GrpcClientProtocolClient.java:onNext(264)) - client-E41C008B94D2->cb20f782-9136-4144-a2ef-e44461d35697: receive RaftClientReply:client-E41C008B94D2->cb20f782-9136-4144-a2ef-e44461d35697@group-EF222054BC57, cid=2340, SUCCESS, logIndex=3325, commits[cb20f782-9136-4144-a2ef-e44461d35697:c3326]
2019-09-17 12:48:46,408 [SCMBlockDeletingService#1] DEBUG block.SCMBlockDeletingService (SCMBlockDeletingService.java:call(138)) - Running DeletedBlockTransactionScanner
2019-09-17 12:48:46,408 [SCMBlockDeletingService#1] DEBUG block.SCMBlockDeletingService (SCMBlockDeletingService.java:call(155)) - Scanned deleted blocks log and got 0 delTX to process.
2019-09-17 12:48:46,414 [grpc-default-executor-2] INFO  client.GrpcClientProtocolClient (GrpcClientProtocolClient.java:onNext(264)) - client-E41C008B94D2->cb20f782-9136-4144-a2ef-e44461d35697: receive RaftClientReply:client-E41C008B94D2->cb20f782-9136-4144-a2ef-e44461d35697@group-EF222054BC57, cid=2341, SUCCESS, logIndex=3328, commits[cb20f782-9136-4144-a2ef-e44461d35697:c3329]
2019-09-17 12:48:46,415 [grpc-default-executor-2] INFO  client.GrpcClientProtocolClient (GrpcClientProtocolClient.java:onNext(264)) - client-E41C008B94D2->cb20f782-9136-4144-a2ef-e44461d35697: receive RaftClientReply:client-E41C008B94D2->cb20f782-9136-4144-a2ef-e44461d35697@group-EF222054BC57, cid=2342, SUCCESS, logIndex=3329, commits[cb20f782-9136-4144-a2ef-e44461d35697:c3330]
2019-09-17 12:48:46,508 [SCMBlockDeletingService#1] DEBUG block.SCMBlockDeletingService (SCMBlockDeletingService.java:call(138)) - Running DeletedBlockTransactionScanner
2019-09-17 12:48:46,509 [SCMBlockDeletingService#1] DEBUG block.SCMBlockDeletingService (SCMBlockDeletingService.java:call(155)) - Scanned deleted blocks log and got 0 delTX to process.
2019-09-17 12:48:46,532 [grpc-default-executor-2] INFO  client.GrpcClientProtocolClient (GrpcClientProtocolClient.java:onNext(264)) - client-E41C008B94D2->cb20f782-9136-4144-a2ef-e44461d35697: receive RaftClientReply:client-E41C008B94D2->cb20f782-9136-4144-a2ef-e44461d35697@group-EF222054BC57, cid=2343, SUCCESS, logIndex=3331, commits[cb20f782-9136-4144-a2ef-e44461d35697:c3332]
2019-09-17 12:48:46,532 [grpc-default-executor-2] INFO  client.GrpcClientProtocolClient (GrpcClientProtocolClient.java:onNext(264)) - client-E41C008B94D2->cb20f782-9136-4144-a2ef-e44461d35697: receive RaftClientReply:client-E41C008B94D2->cb20f782-9136-4144-a2ef-e44461d35697@group-EF222054BC57, cid=2344, SUCCESS, logIndex=3332, commits[cb20f782-9136-4144-a2ef-e44461d35697:c3333]
2019-09-17 12:48:46,562 [grpc-default-executor-2] INFO  client.GrpcClientProtocolClient (GrpcClientProtocolClient.java:onNext(264)) - client-E41C008B94D2->cb20f782-9136-4144-a2ef-e44461d35697: receive RaftClientReply:client-E41C008B94D2->cb20f782-9136-4144-a2ef-e44461d35697@group-EF222054BC57, cid=2345, SUCCESS, logIndex=3334, commits[cb20f782-9136-4144-a2ef-e44461d35697:c3335]
2019-09-17 12:48:46,563 [grpc-default-executor-2] INFO  client.GrpcClientProtocolClient (GrpcClientProtocolClient.java:onNext(264)) - client-E41C008B94D2->cb20f782-9136-4144-a2ef-e44461d35697: receive RaftClientReply:client-E41C008B94D2->cb20f782-9136-4144-a2ef-e44461d35697@group-EF222054BC57, cid=2346, SUCCESS, logIndex=3335, commits[cb20f782-9136-4144-a2ef-e44461d35697:c3335]
2019-09-17 12:48:46,563 [grpc-default-executor-2] INFO  client.GrpcClientProtocolClient (GrpcClientProtocolClient.java:onNext(264)) - client-E41C008B94D2->cb20f782-9136-4144-a2ef-e44461d35697: receive RaftClientReply:client-E41C008B94D2->cb20f782-9136-4144-a2ef-e44461d35697@group-EF222054BC57, cid=2347, SUCCESS, logIndex=3336, commits[cb20f782-9136-4144-a2ef-e44461d35697:c3337]
2019-09-17 12:48:46,564 [grpc-default-executor-2] INFO  client.GrpcClientProtocolClient (GrpcClientProtocolClient.java:onNext(264)) - client-E41C008B94D2->cb20f782-9136-4144-a2ef-e44461d35697: receive RaftClientReply:client-E41C008B94D2->cb20f782-9136-4144-a2ef-e44461d35697@group-EF222054BC57, cid=2348, SUCCESS, logIndex=3337, commits[cb20f782-9136-4144-a2ef-e44461d35697:c3338]
2019-09-17 12:48:46,583 [grpc-default-executor-2] INFO  client.GrpcClientProtocolClient (GrpcClientProtocolClient.java:onNext(264)) - client-E41C008B94D2->cb20f782-9136-4144-a2ef-e44461d35697: receive RaftClientReply:client-E41C008B94D2->cb20f782-9136-4144-a2ef-e44461d35697@group-EF222054BC57, cid=2349, SUCCESS, logIndex=3340, commits[cb20f782-9136-4144-a2ef-e44461d35697:c3341]
2019-09-17 12:48:46,584 [grpc-default-executor-2] INFO  client.GrpcClientProtocolClient (GrpcClientProtocolClient.java:onNext(264)) - client-E41C008B94D2->cb20f782-9136-4144-a2ef-e44461d35697: receive RaftClientReply:client-E41C008B94D2->cb20f782-9136-4144-a2ef-e44461d35697@group-EF222054BC57, cid=2350, SUCCESS, logIndex=3341, commits[cb20f782-9136-4144-a2ef-e44461d35697:c3343]
2019-09-17 12:48:46,584 [grpc-default-executor-2] INFO  client.GrpcClientProtocolClient (GrpcClientProtocolClient.java:onNext(264)) - client-E41C008B94D2->cb20f782-9136-4144-a2ef-e44461d35697: receive RaftClientReply:client-E41C008B94D2->cb20f782-9136-4144-a2ef-e44461d35697@group-EF222054BC57, cid=2351, SUCCESS, logIndex=3342, commits[cb20f782-9136-4144-a2ef-e44461d35697:c3344]
2019-09-17 12:48:46,585 [grpc-default-executor-2] INFO  client.GrpcClientProtocolClient (GrpcClientProtocolClient.java:onNext(264)) - client-E41C008B94D2->cb20f782-9136-4144-a2ef-e44461d35697: receive RaftClientReply:client-E41C008B94D2->cb20f782-9136-4144-a2ef-e44461d35697@group-EF222054BC57, cid=2352, SUCCESS, logIndex=3343, commits[cb20f782-9136-4144-a2ef-e44461d35697:c3345]
2019-09-17 12:48:46,609 [SCMBlockDeletingService#1] DEBUG block.SCMBlockDeletingService (SCMBlockDeletingService.java:call(138)) - Running DeletedBlockTransactionScanner
2019-09-17 12:48:46,610 [SCMBlockDeletingService#1] DEBUG block.SCMBlockDeletingService (SCMBlockDeletingService.java:call(155)) - Scanned deleted blocks log and got 0 delTX to process.
2019-09-17 12:48:46,622 [grpc-default-executor-1] INFO  client.GrpcClientProtocolClient (GrpcClientProtocolClient.java:onNext(264)) - client-E41C008B94D2->cb20f782-9136-4144-a2ef-e44461d35697: receive RaftClientReply:client-E41C008B94D2->cb20f782-9136-4144-a2ef-e44461d35697@group-EF222054BC57, cid=2353, SUCCESS, logIndex=3346, commits[cb20f782-9136-4144-a2ef-e44461d35697:c3347]
2019-09-17 12:48:46,623 [grpc-default-executor-1] INFO  client.GrpcClientProtocolClient (GrpcClientProtocolClient.java:onNext(264)) - client-E41C008B94D2->cb20f782-9136-4144-a2ef-e44461d35697: receive RaftClientReply:client-E41C008B94D2->cb20f782-9136-4144-a2ef-e44461d35697@group-EF222054BC57, cid=2354, SUCCESS, logIndex=3347, commits[cb20f782-9136-4144-a2ef-e44461d35697:c3349]
2019-09-17 12:48:46,624 [grpc-default-executor-1] INFO  client.GrpcClientProtocolClient (GrpcClientProtocolClient.java:onNext(264)) - client-E41C008B94D2->cb20f782-9136-4144-a2ef-e44461d35697: receive RaftClientReply:client-E41C008B94D2->cb20f782-9136-4144-a2ef-e44461d35697@group-EF222054BC57, cid=2355, SUCCESS, logIndex=3348, commits[cb20f782-9136-4144-a2ef-e44461d35697:c3349]
2019-09-17 12:48:46,624 [grpc-default-executor-1] INFO  client.GrpcClientProtocolClient (GrpcClientProtocolClient.java:onNext(264)) - client-E41C008B94D2->cb20f782-9136-4144-a2ef-e44461d35697: receive RaftClientReply:client-E41C008B94D2->cb20f782-9136-4144-a2ef-e44461d35697@group-EF222054BC57, cid=2356, SUCCESS, logIndex=3349, commits[cb20f782-9136-4144-a2ef-e44461d35697:c3350]
2019-09-17 12:48:46,651 [grpc-default-executor-1] INFO  client.GrpcClientProtocolClient (GrpcClientProtocolClient.java:onNext(264)) - client-E41C008B94D2->cb20f782-9136-4144-a2ef-e44461d35697: receive RaftClientReply:client-E41C008B94D2->cb20f782-9136-4144-a2ef-e44461d35697@group-EF222054BC57, cid=2357, SUCCESS, logIndex=3352, commits[cb20f782-9136-4144-a2ef-e44461d35697:c3353]
2019-09-17 12:48:46,651 [grpc-default-executor-1] INFO  client.GrpcClientProtocolClient (GrpcClientProtocolClient.java:onNext(264)) - client-E41C008B94D2->cb20f782-9136-4144-a2ef-e44461d35697: receive RaftClientReply:client-E41C008B94D2->cb20f782-9136-4144-a2ef-e44461d35697@group-EF222054BC57, cid=2358, SUCCESS, logIndex=3353, commits[cb20f782-9136-4144-a2ef-e44461d35697:c3353]
2019-09-17 12:48:46,652 [grpc-default-executor-1] INFO  client.GrpcClientProtocolClient (GrpcClientProtocolClient.java:onNext(264)) - client-E41C008B94D2->cb20f782-9136-4144-a2ef-e44461d35697: receive RaftClientReply:client-E41C008B94D2->cb20f782-9136-4144-a2ef-e44461d35697@group-EF222054BC57, cid=2359, SUCCESS, logIndex=3354, commits[cb20f782-9136-4144-a2ef-e44461d35697:c3355]
2019-09-17 12:48:46,652 [grpc-default-executor-1] INFO  client.GrpcClientProtocolClient (GrpcClientProtocolClient.java:onNext(264)) - client-E41C008B94D2->cb20f782-9136-4144-a2ef-e44461d35697: receive RaftClientReply:client-E41C008B94D2->cb20f782-9136-4144-a2ef-e44461d35697@group-EF222054BC57, cid=2360, SUCCESS, logIndex=3355, commits[cb20f782-9136-4144-a2ef-e44461d35697:c3356]
2019-09-17 12:48:46,690 [grpc-default-executor-1] INFO  client.GrpcClientProtocolClient (GrpcClientProtocolClient.java:onNext(264)) - client-E41C008B94D2->cb20f782-9136-4144-a2ef-e44461d35697: receive RaftClientReply:client-E41C008B94D2->cb20f782-9136-4144-a2ef-e44461d35697@group-EF222054BC57, cid=2361, SUCCESS, logIndex=3358, commits[cb20f782-9136-4144-a2ef-e44461d35697:c3361]
2019-09-17 12:48:46,691 [grpc-default-executor-1] INFO  client.GrpcClientProtocolClient (GrpcClientProtocolClient.java:onNext(264)) - client-E41C008B94D2->cb20f782-9136-4144-a2ef-e44461d35697: receive RaftClientReply:client-E41C008B94D2->cb20f782-9136-4144-a2ef-e44461d35697@group-EF222054BC57, cid=2362, SUCCESS, logIndex=3359, commits[cb20f782-9136-4144-a2ef-e44461d35697:c3361]
2019-09-17 12:48:46,691 [grpc-default-executor-1] INFO  client.GrpcClientProtocolClient (GrpcClientProtocolClient.java:onNext(264)) - client-E41C008B94D2->cb20f782-9136-4144-a2ef-e44461d35697: receive RaftClientReply:client-E41C008B94D2->cb20f782-9136-4144-a2ef-e44461d35697@group-EF222054BC57, cid=2363, SUCCESS, logIndex=3360, commits[cb20f782-9136-4144-a2ef-e44461d35697:c3362]
2019-09-17 12:48:46,691 [grpc-default-executor-1] INFO  client.GrpcClientProtocolClient (GrpcClientProtocolClient.java:onNext(264)) - client-E41C008B94D2->cb20f782-9136-4144-a2ef-e44461d35697: receive RaftClientReply:client-E41C008B94D2->cb20f782-9136-4144-a2ef-e44461d35697@group-EF222054BC57, cid=2364, SUCCESS, logIndex=3361, commits[cb20f782-9136-4144-a2ef-e44461d35697:c3362]
2019-09-17 12:48:46,710 [SCMBlockDeletingService#1] DEBUG block.SCMBlockDeletingService (SCMBlockDeletingService.java:call(138)) - Running DeletedBlockTransactionScanner
2019-09-17 12:48:46,711 [SCMBlockDeletingService#1] DEBUG block.SCMBlockDeletingService (SCMBlockDeletingService.java:call(155)) - Scanned deleted blocks log and got 0 delTX to process.
2019-09-17 12:48:46,712 [grpc-default-executor-1] INFO  client.GrpcClientProtocolClient (GrpcClientProtocolClient.java:onNext(264)) - client-E41C008B94D2->cb20f782-9136-4144-a2ef-e44461d35697: receive RaftClientReply:client-E41C008B94D2->cb20f782-9136-4144-a2ef-e44461d35697@group-EF222054BC57, cid=2365, SUCCESS, logIndex=3363, commits[cb20f782-9136-4144-a2ef-e44461d35697:c3364]
2019-09-17 12:48:46,712 [grpc-default-executor-1] INFO  client.GrpcClientProtocolClient (GrpcClientProtocolClient.java:onNext(264)) - client-E41C008B94D2->cb20f782-9136-4144-a2ef-e44461d35697: receive RaftClientReply:client-E41C008B94D2->cb20f782-9136-4144-a2ef-e44461d35697@group-EF222054BC57, cid=2366, SUCCESS, logIndex=3364, commits[cb20f782-9136-4144-a2ef-e44461d35697:c3364]
2019-09-17 12:48:46,713 [grpc-default-executor-1] INFO  client.GrpcClientProtocolClient (GrpcClientProtocolClient.java:onNext(264)) - client-E41C008B94D2->cb20f782-9136-4144-a2ef-e44461d35697: receive RaftClientReply:client-E41C008B94D2->cb20f782-9136-4144-a2ef-e44461d35697@group-EF222054BC57, cid=2367, SUCCESS, logIndex=3365, commits[cb20f782-9136-4144-a2ef-e44461d35697:c3366]
2019-09-17 12:48:46,713 [grpc-default-executor-1] INFO  client.GrpcClientProtocolClient (GrpcClientProtocolClient.java:onNext(264)) - client-E41C008B94D2->cb20f782-9136-4144-a2ef-e44461d35697: receive RaftClientReply:client-E41C008B94D2->cb20f782-9136-4144-a2ef-e44461d35697@group-EF222054BC57, cid=2368, SUCCESS, logIndex=3366, commits[cb20f782-9136-4144-a2ef-e44461d35697:c3367]
2019-09-17 12:48:46,748 [grpc-default-executor-1] INFO  client.GrpcClientProtocolClient (GrpcClientProtocolClient.java:onNext(264)) - client-E41C008B94D2->cb20f782-9136-4144-a2ef-e44461d35697: receive RaftClientReply:client-E41C008B94D2->cb20f782-9136-4144-a2ef-e44461d35697@group-EF222054BC57, cid=2369, SUCCESS, logIndex=3369, commits[cb20f782-9136-4144-a2ef-e44461d35697:c3370]
2019-09-17 12:48:46,748 [grpc-default-executor-1] INFO  client.GrpcClientProtocolClient (GrpcClientProtocolClient.java:onNext(264)) - client-E41C008B94D2->cb20f782-9136-4144-a2ef-e44461d35697: receive RaftClientReply:client-E41C008B94D2->cb20f782-9136-4144-a2ef-e44461d35697@group-EF222054BC57, cid=2370, SUCCESS, logIndex=3370, commits[cb20f782-9136-4144-a2ef-e44461d35697:c3372]
2019-09-17 12:48:46,748 [grpc-default-executor-1] INFO  client.GrpcClientProtocolClient (GrpcClientProtocolClient.java:onNext(264)) - client-E41C008B94D2->cb20f782-9136-4144-a2ef-e44461d35697: receive RaftClientReply:client-E41C008B94D2->cb20f782-9136-4144-a2ef-e44461d35697@group-EF222054BC57, cid=2371, SUCCESS, logIndex=3371, commits[cb20f782-9136-4144-a2ef-e44461d35697:c3373]
2019-09-17 12:48:46,749 [grpc-default-executor-1] INFO  client.GrpcClientProtocolClient (GrpcClientProtocolClient.java:onNext(264)) - client-E41C008B94D2->cb20f782-9136-4144-a2ef-e44461d35697: receive RaftClientReply:client-E41C008B94D2->cb20f782-9136-4144-a2ef-e44461d35697@group-EF222054BC57, cid=2372, SUCCESS, logIndex=3372, commits[cb20f782-9136-4144-a2ef-e44461d35697:c3374]
2019-09-17 12:48:46,772 [grpc-default-executor-1] INFO  client.GrpcClientProtocolClient (GrpcClientProtocolClient.java:onNext(264)) - client-E41C008B94D2->cb20f782-9136-4144-a2ef-e44461d35697: receive RaftClientReply:client-E41C008B94D2->cb20f782-9136-4144-a2ef-e44461d35697@group-EF222054BC57, cid=2373, SUCCESS, logIndex=3375, commits[cb20f782-9136-4144-a2ef-e44461d35697:c3376]
2019-09-17 12:48:46,772 [grpc-default-executor-1] INFO  client.GrpcClientProtocolClient (GrpcClientProtocolClient.java:onNext(264)) - client-E41C008B94D2->cb20f782-9136-4144-a2ef-e44461d35697: receive RaftClientReply:client-E41C008B94D2->cb20f782-9136-4144-a2ef-e44461d35697@group-EF222054BC57, cid=2374, SUCCESS, logIndex=3376, commits[cb20f782-9136-4144-a2ef-e44461d35697:c3376]
2019-09-17 12:48:46,772 [grpc-default-executor-1] INFO  client.GrpcClientProtocolClient (GrpcClientProtocolClient.java:onNext(264)) - client-E41C008B94D2->cb20f782-9136-4144-a2ef-e44461d35697: receive RaftClientReply:client-E41C008B94D2->cb20f782-9136-4144-a2ef-e44461d35697@group-EF222054BC57, cid=2375, SUCCESS, logIndex=3377, commits[cb20f782-9136-4144-a2ef-e44461d35697:c3378]
2019-09-17 12:48:46,773 [grpc-default-executor-1] INFO  client.GrpcClientProtocolClient (GrpcClientProtocolClient.java:onNext(264)) - client-E41C008B94D2->cb20f782-9136-4144-a2ef-e44461d35697: receive RaftClientReply:client-E41C008B94D2->cb20f782-9136-4144-a2ef-e44461d35697@group-EF222054BC57, cid=2376, SUCCESS, logIndex=3378, commits[cb20f782-9136-4144-a2ef-e44461d35697:c3378]
2019-09-17 12:48:46,811 [SCMBlockDeletingService#1] DEBUG block.SCMBlockDeletingService (SCMBlockDeletingService.java:call(138)) - Running DeletedBlockTransactionScanner
2019-09-17 12:48:46,811 [SCMBlockDeletingService#1] DEBUG block.SCMBlockDeletingService (SCMBlockDeletingService.java:call(155)) - Scanned deleted blocks log and got 0 delTX to process.
2019-09-17 12:48:46,818 [grpc-default-executor-1] INFO  client.GrpcClientProtocolClient (GrpcClientProtocolClient.java:onNext(264)) - client-E41C008B94D2->cb20f782-9136-4144-a2ef-e44461d35697: receive RaftClientReply:client-E41C008B94D2->cb20f782-9136-4144-a2ef-e44461d35697@group-EF222054BC57, cid=2377, SUCCESS, logIndex=3381, commits[cb20f782-9136-4144-a2ef-e44461d35697:c3384]
2019-09-17 12:48:46,819 [grpc-default-executor-1] INFO  client.GrpcClientProtocolClient (GrpcClientProtocolClient.java:onNext(264)) - client-E41C008B94D2->cb20f782-9136-4144-a2ef-e44461d35697: receive RaftClientReply:client-E41C008B94D2->cb20f782-9136-4144-a2ef-e44461d35697@group-EF222054BC57, cid=2378, SUCCESS, logIndex=3382, commits[cb20f782-9136-4144-a2ef-e44461d35697:c3384]
2019-09-17 12:48:46,819 [grpc-default-executor-1] INFO  client.GrpcClientProtocolClient (GrpcClientProtocolClient.java:onNext(264)) - client-E41C008B94D2->cb20f782-9136-4144-a2ef-e44461d35697: receive RaftClientReply:client-E41C008B94D2->cb20f782-9136-4144-a2ef-e44461d35697@group-EF222054BC57, cid=2379, SUCCESS, logIndex=3383, commits[cb20f782-9136-4144-a2ef-e44461d35697:c3384]
2019-09-17 12:48:46,820 [grpc-default-executor-1] INFO  client.GrpcClientProtocolClient (GrpcClientProtocolClient.java:onNext(264)) - client-E41C008B94D2->cb20f782-9136-4144-a2ef-e44461d35697: receive RaftClientReply:client-E41C008B94D2->cb20f782-9136-4144-a2ef-e44461d35697@group-EF222054BC57, cid=2380, SUCCESS, logIndex=3384, commits[cb20f782-9136-4144-a2ef-e44461d35697:c3384]
2019-09-17 12:48:46,842 [grpc-default-executor-2] INFO  client.GrpcClientProtocolClient (GrpcClientProtocolClient.java:onNext(264)) - client-E41C008B94D2->cb20f782-9136-4144-a2ef-e44461d35697: receive RaftClientReply:client-E41C008B94D2->cb20f782-9136-4144-a2ef-e44461d35697@group-EF222054BC57, cid=2381, SUCCESS, logIndex=3386, commits[cb20f782-9136-4144-a2ef-e44461d35697:c3387]
2019-09-17 12:48:46,843 [grpc-default-executor-2] INFO  client.GrpcClientProtocolClient (GrpcClientProtocolClient.java:onNext(264)) - client-E41C008B94D2->cb20f782-9136-4144-a2ef-e44461d35697: receive RaftClientReply:client-E41C008B94D2->cb20f782-9136-4144-a2ef-e44461d35697@group-EF222054BC57, cid=2382, SUCCESS, logIndex=3387, commits[cb20f782-9136-4144-a2ef-e44461d35697:c3389]
2019-09-17 12:48:46,843 [grpc-default-executor-2] INFO  client.GrpcClientProtocolClient (GrpcClientProtocolClient.java:onNext(264)) - client-E41C008B94D2->cb20f782-9136-4144-a2ef-e44461d35697: receive RaftClientReply:client-E41C008B94D2->cb20f782-9136-4144-a2ef-e44461d35697@group-EF222054BC57, cid=2383, SUCCESS, logIndex=3388, commits[cb20f782-9136-4144-a2ef-e44461d35697:c3390]
2019-09-17 12:48:46,844 [grpc-default-executor-2] INFO  client.GrpcClientProtocolClient (GrpcClientProtocolClient.java:onNext(264)) - client-E41C008B94D2->cb20f782-9136-4144-a2ef-e44461d35697: receive RaftClientReply:client-E41C008B94D2->cb20f782-9136-4144-a2ef-e44461d35697@group-EF222054BC57, cid=2384, SUCCESS, logIndex=3389, commits[cb20f782-9136-4144-a2ef-e44461d35697:c3390]
2019-09-17 12:48:46,978 [SCMBlockDeletingService#1] DEBUG block.SCMBlockDeletingService (SCMBlockDeletingService.java:call(138)) - Running DeletedBlockTransactionScanner
2019-09-17 12:48:46,978 [SCMBlockDeletingService#1] DEBUG block.SCMBlockDeletingService (SCMBlockDeletingService.java:call(155)) - Scanned deleted blocks log and got 0 delTX to process.
2019-09-17 12:48:46,996 [grpc-default-executor-2] INFO  client.GrpcClientProtocolClient (GrpcClientProtocolClient.java:onNext(264)) - client-E41C008B94D2->cb20f782-9136-4144-a2ef-e44461d35697: receive RaftClientReply:client-E41C008B94D2->cb20f782-9136-4144-a2ef-e44461d35697@group-EF222054BC57, cid=2385, SUCCESS, logIndex=3392, commits[cb20f782-9136-4144-a2ef-e44461d35697:c3394]
2019-09-17 12:48:46,996 [grpc-default-executor-2] INFO  client.GrpcClientProtocolClient (GrpcClientProtocolClient.java:onNext(264)) - client-E41C008B94D2->cb20f782-9136-4144-a2ef-e44461d35697: receive RaftClientReply:client-E41C008B94D2->cb20f782-9136-4144-a2ef-e44461d35697@group-EF222054BC57, cid=2386, SUCCESS, logIndex=3393, commits[cb20f782-9136-4144-a2ef-e44461d35697:c3394]
2019-09-17 12:48:47,079 [SCMBlockDeletingService#1] DEBUG block.SCMBlockDeletingService (SCMBlockDeletingService.java:call(138)) - Running DeletedBlockTransactionScanner
2019-09-17 12:48:47,080 [SCMBlockDeletingService#1] DEBUG block.SCMBlockDeletingService (SCMBlockDeletingService.java:call(155)) - Scanned deleted blocks log and got 0 delTX to process.
2019-09-17 12:48:47,105 [grpc-default-executor-1] INFO  client.GrpcClientProtocolClient (GrpcClientProtocolClient.java:onNext(264)) - client-E41C008B94D2->cb20f782-9136-4144-a2ef-e44461d35697: receive RaftClientReply:client-E41C008B94D2->cb20f782-9136-4144-a2ef-e44461d35697@group-EF222054BC57, cid=2387, SUCCESS, logIndex=3395, commits[cb20f782-9136-4144-a2ef-e44461d35697:c3396]
2019-09-17 12:48:47,105 [grpc-default-executor-1] INFO  client.GrpcClientProtocolClient (GrpcClientProtocolClient.java:onNext(264)) - client-E41C008B94D2->cb20f782-9136-4144-a2ef-e44461d35697: receive RaftClientReply:client-E41C008B94D2->cb20f782-9136-4144-a2ef-e44461d35697@group-EF222054BC57, cid=2388, SUCCESS, logIndex=3396, commits[cb20f782-9136-4144-a2ef-e44461d35697:c3396]
2019-09-17 12:48:47,126 [grpc-default-executor-1] INFO  client.GrpcClientProtocolClient (GrpcClientProtocolClient.java:onNext(264)) - client-E41C008B94D2->cb20f782-9136-4144-a2ef-e44461d35697: receive RaftClientReply:client-E41C008B94D2->cb20f782-9136-4144-a2ef-e44461d35697@group-EF222054BC57, cid=2389, SUCCESS, logIndex=3398, commits[cb20f782-9136-4144-a2ef-e44461d35697:c3401]
2019-09-17 12:48:47,126 [grpc-default-executor-1] INFO  client.GrpcClientProtocolClient (GrpcClientProtocolClient.java:onNext(264)) - client-E41C008B94D2->cb20f782-9136-4144-a2ef-e44461d35697: receive RaftClientReply:client-E41C008B94D2->cb20f782-9136-4144-a2ef-e44461d35697@group-EF222054BC57, cid=2390, SUCCESS, logIndex=3399, commits[cb20f782-9136-4144-a2ef-e44461d35697:c3402]
2019-09-17 12:48:47,126 [grpc-default-executor-1] INFO  client.GrpcClientProtocolClient (GrpcClientProtocolClient.java:onNext(264)) - client-E41C008B94D2->cb20f782-9136-4144-a2ef-e44461d35697: receive RaftClientReply:client-E41C008B94D2->cb20f782-9136-4144-a2ef-e44461d35697@group-EF222054BC57, cid=2391, SUCCESS, logIndex=3400, commits[cb20f782-9136-4144-a2ef-e44461d35697:c3402]
2019-09-17 12:48:47,127 [grpc-default-executor-1] INFO  client.GrpcClientProtocolClient (GrpcClientProtocolClient.java:onNext(264)) - client-E41C008B94D2->cb20f782-9136-4144-a2ef-e44461d35697: receive RaftClientReply:client-E41C008B94D2->cb20f782-9136-4144-a2ef-e44461d35697@group-EF222054BC57, cid=2392, SUCCESS, logIndex=3401, commits[cb20f782-9136-4144-a2ef-e44461d35697:c3402]
2019-09-17 12:48:47,163 [grpc-default-executor-2] INFO  client.GrpcClientProtocolClient (GrpcClientProtocolClient.java:onNext(264)) - client-E41C008B94D2->cb20f782-9136-4144-a2ef-e44461d35697: receive RaftClientReply:client-E41C008B94D2->cb20f782-9136-4144-a2ef-e44461d35697@group-EF222054BC57, cid=2393, SUCCESS, logIndex=3403, commits[cb20f782-9136-4144-a2ef-e44461d35697:c3406]
2019-09-17 12:48:47,164 [grpc-default-executor-2] INFO  client.GrpcClientProtocolClient (GrpcClientProtocolClient.java:onNext(264)) - client-E41C008B94D2->cb20f782-9136-4144-a2ef-e44461d35697: receive RaftClientReply:client-E41C008B94D2->cb20f782-9136-4144-a2ef-e44461d35697@group-EF222054BC57, cid=2394, SUCCESS, logIndex=3404, commits[cb20f782-9136-4144-a2ef-e44461d35697:c3407]
2019-09-17 12:48:47,164 [grpc-default-executor-2] INFO  client.GrpcClientProtocolClient (GrpcClientProtocolClient.java:onNext(264)) - client-E41C008B94D2->cb20f782-9136-4144-a2ef-e44461d35697: receive RaftClientReply:client-E41C008B94D2->cb20f782-9136-4144-a2ef-e44461d35697@group-EF222054BC57, cid=2395, SUCCESS, logIndex=3405, commits[cb20f782-9136-4144-a2ef-e44461d35697:c3407]
2019-09-17 12:48:47,164 [grpc-default-executor-2] INFO  client.GrpcClientProtocolClient (GrpcClientProtocolClient.java:onNext(264)) - client-E41C008B94D2->cb20f782-9136-4144-a2ef-e44461d35697: receive RaftClientReply:client-E41C008B94D2->cb20f782-9136-4144-a2ef-e44461d35697@group-EF222054BC57, cid=2396, SUCCESS, logIndex=3406, commits[cb20f782-9136-4144-a2ef-e44461d35697:c3407]
2019-09-17 12:48:47,180 [SCMBlockDeletingService#1] DEBUG block.SCMBlockDeletingService (SCMBlockDeletingService.java:call(138)) - Running DeletedBlockTransactionScanner
2019-09-17 12:48:47,180 [SCMBlockDeletingService#1] DEBUG block.SCMBlockDeletingService (SCMBlockDeletingService.java:call(155)) - Scanned deleted blocks log and got 0 delTX to process.
2019-09-17 12:48:47,183 [grpc-default-executor-2] INFO  client.GrpcClientProtocolClient (GrpcClientProtocolClient.java:onNext(264)) - client-E41C008B94D2->cb20f782-9136-4144-a2ef-e44461d35697: receive RaftClientReply:client-E41C008B94D2->cb20f782-9136-4144-a2ef-e44461d35697@group-EF222054BC57, cid=2397, SUCCESS, logIndex=3408, commits[cb20f782-9136-4144-a2ef-e44461d35697:c3409]
2019-09-17 12:48:47,184 [grpc-default-executor-2] INFO  client.GrpcClientProtocolClient (GrpcClientProtocolClient.java:onNext(264)) - client-E41C008B94D2->cb20f782-9136-4144-a2ef-e44461d35697: receive RaftClientReply:client-E41C008B94D2->cb20f782-9136-4144-a2ef-e44461d35697@group-EF222054BC57, cid=2398, SUCCESS, logIndex=3409, commits[cb20f782-9136-4144-a2ef-e44461d35697:c3411]
2019-09-17 12:48:47,184 [grpc-default-executor-2] INFO  client.GrpcClientProtocolClient (GrpcClientProtocolClient.java:onNext(264)) - client-E41C008B94D2->cb20f782-9136-4144-a2ef-e44461d35697: receive RaftClientReply:client-E41C008B94D2->cb20f782-9136-4144-a2ef-e44461d35697@group-EF222054BC57, cid=2399, SUCCESS, logIndex=3410, commits[cb20f782-9136-4144-a2ef-e44461d35697:c3412]
2019-09-17 12:48:47,184 [grpc-default-executor-2] INFO  client.GrpcClientProtocolClient (GrpcClientProtocolClient.java:onNext(264)) - client-E41C008B94D2->cb20f782-9136-4144-a2ef-e44461d35697: receive RaftClientReply:client-E41C008B94D2->cb20f782-9136-4144-a2ef-e44461d35697@group-EF222054BC57, cid=2400, SUCCESS, logIndex=3411, commits[cb20f782-9136-4144-a2ef-e44461d35697:c3412]
2019-09-17 12:48:47,213 [grpc-default-executor-1] INFO  client.GrpcClientProtocolClient (GrpcClientProtocolClient.java:onNext(264)) - client-E41C008B94D2->cb20f782-9136-4144-a2ef-e44461d35697: receive RaftClientReply:client-E41C008B94D2->cb20f782-9136-4144-a2ef-e44461d35697@group-EF222054BC57, cid=2401, SUCCESS, logIndex=3414, commits[cb20f782-9136-4144-a2ef-e44461d35697:c3417]
2019-09-17 12:48:47,213 [grpc-default-executor-1] INFO  client.GrpcClientProtocolClient (GrpcClientProtocolClient.java:onNext(264)) - client-E41C008B94D2->cb20f782-9136-4144-a2ef-e44461d35697: receive RaftClientReply:client-E41C008B94D2->cb20f782-9136-4144-a2ef-e44461d35697@group-EF222054BC57, cid=2402, SUCCESS, logIndex=3415, commits[cb20f782-9136-4144-a2ef-e44461d35697:c3417]
2019-09-17 12:48:47,214 [grpc-default-executor-1] INFO  client.GrpcClientProtocolClient (GrpcClientProtocolClient.java:onNext(264)) - client-E41C008B94D2->cb20f782-9136-4144-a2ef-e44461d35697: receive RaftClientReply:client-E41C008B94D2->cb20f782-9136-4144-a2ef-e44461d35697@group-EF222054BC57, cid=2403, SUCCESS, logIndex=3416, commits[cb20f782-9136-4144-a2ef-e44461d35697:c3418]
2019-09-17 12:48:47,214 [grpc-default-executor-1] INFO  client.GrpcClientProtocolClient (GrpcClientProtocolClient.java:onNext(264)) - client-E41C008B94D2->cb20f782-9136-4144-a2ef-e44461d35697: receive RaftClientReply:client-E41C008B94D2->cb20f782-9136-4144-a2ef-e44461d35697@group-EF222054BC57, cid=2404, SUCCESS, logIndex=3417, commits[cb20f782-9136-4144-a2ef-e44461d35697:c3418]
2019-09-17 12:48:47,234 [grpc-default-executor-1] INFO  client.GrpcClientProtocolClient (GrpcClientProtocolClient.java:onNext(264)) - client-E41C008B94D2->cb20f782-9136-4144-a2ef-e44461d35697: receive RaftClientReply:client-E41C008B94D2->cb20f782-9136-4144-a2ef-e44461d35697@group-EF222054BC57, cid=2405, SUCCESS, logIndex=3419, commits[cb20f782-9136-4144-a2ef-e44461d35697:c3420]
2019-09-17 12:48:47,234 [grpc-default-executor-1] INFO  client.GrpcClientProtocolClient (GrpcClientProtocolClient.java:onNext(264)) - client-E41C008B94D2->cb20f782-9136-4144-a2ef-e44461d35697: receive RaftClientReply:client-E41C008B94D2->cb20f782-9136-4144-a2ef-e44461d35697@group-EF222054BC57, cid=2406, SUCCESS, logIndex=3420, commits[cb20f782-9136-4144-a2ef-e44461d35697:c3422]
2019-09-17 12:48:47,234 [grpc-default-executor-1] INFO  client.GrpcClientProtocolClient (GrpcClientProtocolClient.java:onNext(264)) - client-E41C008B94D2->cb20f782-9136-4144-a2ef-e44461d35697: receive RaftClientReply:client-E41C008B94D2->cb20f782-9136-4144-a2ef-e44461d35697@group-EF222054BC57, cid=2407, SUCCESS, logIndex=3421, commits[cb20f782-9136-4144-a2ef-e44461d35697:c3423]
2019-09-17 12:48:47,235 [grpc-default-executor-1] INFO  client.GrpcClientProtocolClient (GrpcClientProtocolClient.java:onNext(264)) - client-E41C008B94D2->cb20f782-9136-4144-a2ef-e44461d35697: receive RaftClientReply:client-E41C008B94D2->cb20f782-9136-4144-a2ef-e44461d35697@group-EF222054BC57, cid=2408, SUCCESS, logIndex=3422, commits[cb20f782-9136-4144-a2ef-e44461d35697:c3423]
2019-09-17 12:48:47,266 [grpc-default-executor-2] INFO  client.GrpcClientProtocolClient (GrpcClientProtocolClient.java:onNext(264)) - client-E41C008B94D2->cb20f782-9136-4144-a2ef-e44461d35697: receive RaftClientReply:client-E41C008B94D2->cb20f782-9136-4144-a2ef-e44461d35697@group-EF222054BC57, cid=2409, SUCCESS, logIndex=3425, commits[cb20f782-9136-4144-a2ef-e44461d35697:c3428]
2019-09-17 12:48:47,266 [grpc-default-executor-2] INFO  client.GrpcClientProtocolClient (GrpcClientProtocolClient.java:onNext(264)) - client-E41C008B94D2->cb20f782-9136-4144-a2ef-e44461d35697: receive RaftClientReply:client-E41C008B94D2->cb20f782-9136-4144-a2ef-e44461d35697@group-EF222054BC57, cid=2410, SUCCESS, logIndex=3426, commits[cb20f782-9136-4144-a2ef-e44461d35697:c3428]
2019-09-17 12:48:47,267 [grpc-default-executor-2] INFO  client.GrpcClientProtocolClient (GrpcClientProtocolClient.java:onNext(264)) - client-E41C008B94D2->cb20f782-9136-4144-a2ef-e44461d35697: receive RaftClientReply:client-E41C008B94D2->cb20f782-9136-4144-a2ef-e44461d35697@group-EF222054BC57, cid=2411, SUCCESS, logIndex=3427, commits[cb20f782-9136-4144-a2ef-e44461d35697:c3429]
2019-09-17 12:48:47,267 [grpc-default-executor-2] INFO  client.GrpcClientProtocolClient (GrpcClientProtocolClient.java:onNext(264)) - client-E41C008B94D2->cb20f782-9136-4144-a2ef-e44461d35697: receive RaftClientReply:client-E41C008B94D2->cb20f782-9136-4144-a2ef-e44461d35697@group-EF222054BC57, cid=2412, SUCCESS, logIndex=3428, commits[cb20f782-9136-4144-a2ef-e44461d35697:c3429]
2019-09-17 12:48:47,281 [SCMBlockDeletingService#1] DEBUG block.SCMBlockDeletingService (SCMBlockDeletingService.java:call(138)) - Running DeletedBlockTransactionScanner
2019-09-17 12:48:47,281 [SCMBlockDeletingService#1] DEBUG block.SCMBlockDeletingService (SCMBlockDeletingService.java:call(155)) - Scanned deleted blocks log and got 0 delTX to process.
2019-09-17 12:48:47,294 [grpc-default-executor-2] INFO  client.GrpcClientProtocolClient (GrpcClientProtocolClient.java:onNext(264)) - client-E41C008B94D2->cb20f782-9136-4144-a2ef-e44461d35697: receive RaftClientReply:client-E41C008B94D2->cb20f782-9136-4144-a2ef-e44461d35697@group-EF222054BC57, cid=2413, SUCCESS, logIndex=3430, commits[cb20f782-9136-4144-a2ef-e44461d35697:c3433]
2019-09-17 12:48:47,294 [grpc-default-executor-2] INFO  client.GrpcClientProtocolClient (GrpcClientProtocolClient.java:onNext(264)) - client-E41C008B94D2->cb20f782-9136-4144-a2ef-e44461d35697: receive RaftClientReply:client-E41C008B94D2->cb20f782-9136-4144-a2ef-e44461d35697@group-EF222054BC57, cid=2414, SUCCESS, logIndex=3431, commits[cb20f782-9136-4144-a2ef-e44461d35697:c3434]
2019-09-17 12:48:47,294 [grpc-default-executor-2] INFO  client.GrpcClientProtocolClient (GrpcClientProtocolClient.java:onNext(264)) - client-E41C008B94D2->cb20f782-9136-4144-a2ef-e44461d35697: receive RaftClientReply:client-E41C008B94D2->cb20f782-9136-4144-a2ef-e44461d35697@group-EF222054BC57, cid=2415, SUCCESS, logIndex=3432, commits[cb20f782-9136-4144-a2ef-e44461d35697:c3434]
2019-09-17 12:48:47,294 [grpc-default-executor-2] INFO  client.GrpcClientProtocolClient (GrpcClientProtocolClient.java:onNext(264)) - client-E41C008B94D2->cb20f782-9136-4144-a2ef-e44461d35697: receive RaftClientReply:client-E41C008B94D2->cb20f782-9136-4144-a2ef-e44461d35697@group-EF222054BC57, cid=2416, SUCCESS, logIndex=3433, commits[cb20f782-9136-4144-a2ef-e44461d35697:c3434]
2019-09-17 12:48:47,320 [grpc-default-executor-2] INFO  client.GrpcClientProtocolClient (GrpcClientProtocolClient.java:onNext(264)) - client-E41C008B94D2->cb20f782-9136-4144-a2ef-e44461d35697: receive RaftClientReply:client-E41C008B94D2->cb20f782-9136-4144-a2ef-e44461d35697@group-EF222054BC57, cid=2417, SUCCESS, logIndex=3435, commits[cb20f782-9136-4144-a2ef-e44461d35697:c3438]
2019-09-17 12:48:47,321 [grpc-default-executor-2] INFO  client.GrpcClientProtocolClient (GrpcClientProtocolClient.java:onNext(264)) - client-E41C008B94D2->cb20f782-9136-4144-a2ef-e44461d35697: receive RaftClientReply:client-E41C008B94D2->cb20f782-9136-4144-a2ef-e44461d35697@group-EF222054BC57, cid=2418, SUCCESS, logIndex=3436, commits[cb20f782-9136-4144-a2ef-e44461d35697:c3439]
2019-09-17 12:48:47,321 [grpc-default-executor-2] INFO  client.GrpcClientProtocolClient (GrpcClientProtocolClient.java:onNext(264)) - client-E41C008B94D2->cb20f782-9136-4144-a2ef-e44461d35697: receive RaftClientReply:client-E41C008B94D2->cb20f782-9136-4144-a2ef-e44461d35697@group-EF222054BC57, cid=2419, SUCCESS, logIndex=3437, commits[cb20f782-9136-4144-a2ef-e44461d35697:c3439]
2019-09-17 12:48:47,322 [grpc-default-executor-2] INFO  client.GrpcClientProtocolClient (GrpcClientProtocolClient.java:onNext(264)) - client-E41C008B94D2->cb20f782-9136-4144-a2ef-e44461d35697: receive RaftClientReply:client-E41C008B94D2->cb20f782-9136-4144-a2ef-e44461d35697@group-EF222054BC57, cid=2420, SUCCESS, logIndex=3438, commits[cb20f782-9136-4144-a2ef-e44461d35697:c3439]
2019-09-17 12:48:47,341 [grpc-default-executor-2] INFO  client.GrpcClientProtocolClient (GrpcClientProtocolClient.java:onNext(264)) - client-E41C008B94D2->cb20f782-9136-4144-a2ef-e44461d35697: receive RaftClientReply:client-E41C008B94D2->cb20f782-9136-4144-a2ef-e44461d35697@group-EF222054BC57, cid=2421, SUCCESS, logIndex=3440, commits[cb20f782-9136-4144-a2ef-e44461d35697:c3443]
2019-09-17 12:48:47,342 [grpc-default-executor-2] INFO  client.GrpcClientProtocolClient (GrpcClientProtocolClient.java:onNext(264)) - client-E41C008B94D2->cb20f782-9136-4144-a2ef-e44461d35697: receive RaftClientReply:client-E41C008B94D2->cb20f782-9136-4144-a2ef-e44461d35697@group-EF222054BC57, cid=2422, SUCCESS, logIndex=3441, commits[cb20f782-9136-4144-a2ef-e44461d35697:c3444]
2019-09-17 12:48:47,342 [grpc-default-executor-2] INFO  client.GrpcClientProtocolClient (GrpcClientProtocolClient.java:onNext(264)) - client-E41C008B94D2->cb20f782-9136-4144-a2ef-e44461d35697: receive RaftClientReply:client-E41C008B94D2->cb20f782-9136-4144-a2ef-e44461d35697@group-EF222054BC57, cid=2423, SUCCESS, logIndex=3442, commits[cb20f782-9136-4144-a2ef-e44461d35697:c3444]
2019-09-17 12:48:47,342 [grpc-default-executor-2] INFO  client.GrpcClientProtocolClient (GrpcClientProtocolClient.java:onNext(264)) - client-E41C008B94D2->cb20f782-9136-4144-a2ef-e44461d35697: receive RaftClientReply:client-E41C008B94D2->cb20f782-9136-4144-a2ef-e44461d35697@group-EF222054BC57, cid=2424, SUCCESS, logIndex=3443, commits[cb20f782-9136-4144-a2ef-e44461d35697:c3444]
2019-09-17 12:48:47,368 [grpc-default-executor-2] INFO  client.GrpcClientProtocolClient (GrpcClientProtocolClient.java:onNext(264)) - client-E41C008B94D2->cb20f782-9136-4144-a2ef-e44461d35697: receive RaftClientReply:client-E41C008B94D2->cb20f782-9136-4144-a2ef-e44461d35697@group-EF222054BC57, cid=2425, SUCCESS, logIndex=3445, commits[cb20f782-9136-4144-a2ef-e44461d35697:c3448]
2019-09-17 12:48:47,369 [grpc-default-executor-2] INFO  client.GrpcClientProtocolClient (GrpcClientProtocolClient.java:onNext(264)) - client-E41C008B94D2->cb20f782-9136-4144-a2ef-e44461d35697: receive RaftClientReply:client-E41C008B94D2->cb20f782-9136-4144-a2ef-e44461d35697@group-EF222054BC57, cid=2426, SUCCESS, logIndex=3446, commits[cb20f782-9136-4144-a2ef-e44461d35697:c3448]
2019-09-17 12:48:47,369 [grpc-default-executor-2] INFO  client.GrpcClientProtocolClient (GrpcClientProtocolClient.java:onNext(264)) - client-E41C008B94D2->cb20f782-9136-4144-a2ef-e44461d35697: receive RaftClientReply:client-E41C008B94D2->cb20f782-9136-4144-a2ef-e44461d35697@group-EF222054BC57, cid=2427, SUCCESS, logIndex=3447, commits[cb20f782-9136-4144-a2ef-e44461d35697:c3449]
2019-09-17 12:48:47,369 [grpc-default-executor-2] INFO  client.GrpcClientProtocolClient (GrpcClientProtocolClient.java:onNext(264)) - client-E41C008B94D2->cb20f782-9136-4144-a2ef-e44461d35697: receive RaftClientReply:client-E41C008B94D2->cb20f782-9136-4144-a2ef-e44461d35697@group-EF222054BC57, cid=2428, SUCCESS, logIndex=3448, commits[cb20f782-9136-4144-a2ef-e44461d35697:c3449]
2019-09-17 12:48:47,381 [SCMBlockDeletingService#1] DEBUG block.SCMBlockDeletingService (SCMBlockDeletingService.java:call(138)) - Running DeletedBlockTransactionScanner
2019-09-17 12:48:47,382 [SCMBlockDeletingService#1] DEBUG block.SCMBlockDeletingService (SCMBlockDeletingService.java:call(155)) - Scanned deleted blocks log and got 0 delTX to process.
2019-09-17 12:48:47,388 [grpc-default-executor-1] INFO  client.GrpcClientProtocolClient (GrpcClientProtocolClient.java:onNext(264)) - client-E41C008B94D2->cb20f782-9136-4144-a2ef-e44461d35697: receive RaftClientReply:client-E41C008B94D2->cb20f782-9136-4144-a2ef-e44461d35697@group-EF222054BC57, cid=2429, SUCCESS, logIndex=3450, commits[cb20f782-9136-4144-a2ef-e44461d35697:c3451]
2019-09-17 12:48:47,389 [grpc-default-executor-1] INFO  client.GrpcClientProtocolClient (GrpcClientProtocolClient.java:onNext(264)) - client-E41C008B94D2->cb20f782-9136-4144-a2ef-e44461d35697: receive RaftClientReply:client-E41C008B94D2->cb20f782-9136-4144-a2ef-e44461d35697@group-EF222054BC57, cid=2430, SUCCESS, logIndex=3451, commits[cb20f782-9136-4144-a2ef-e44461d35697:c3452]
2019-09-17 12:48:47,475 [grpc-default-executor-1] INFO  client.GrpcClientProtocolClient (GrpcClientProtocolClient.java:onNext(264)) - client-E41C008B94D2->cb20f782-9136-4144-a2ef-e44461d35697: receive RaftClientReply:client-E41C008B94D2->cb20f782-9136-4144-a2ef-e44461d35697@group-EF222054BC57, cid=2431, SUCCESS, logIndex=3453, commits[cb20f782-9136-4144-a2ef-e44461d35697:c3454]
2019-09-17 12:48:47,476 [grpc-default-executor-1] INFO  client.GrpcClientProtocolClient (GrpcClientProtocolClient.java:onNext(264)) - client-E41C008B94D2->cb20f782-9136-4144-a2ef-e44461d35697: receive RaftClientReply:client-E41C008B94D2->cb20f782-9136-4144-a2ef-e44461d35697@group-EF222054BC57, cid=2432, SUCCESS, logIndex=3454, commits[cb20f782-9136-4144-a2ef-e44461d35697:c3455]
2019-09-17 12:48:47,482 [SCMBlockDeletingService#1] DEBUG block.SCMBlockDeletingService (SCMBlockDeletingService.java:call(138)) - Running DeletedBlockTransactionScanner
2019-09-17 12:48:47,482 [SCMBlockDeletingService#1] DEBUG block.SCMBlockDeletingService (SCMBlockDeletingService.java:call(155)) - Scanned deleted blocks log and got 0 delTX to process.
2019-09-17 12:48:47,506 [grpc-default-executor-2] INFO  client.GrpcClientProtocolClient (GrpcClientProtocolClient.java:onNext(264)) - client-E41C008B94D2->cb20f782-9136-4144-a2ef-e44461d35697: receive RaftClientReply:client-E41C008B94D2->cb20f782-9136-4144-a2ef-e44461d35697@group-EF222054BC57, cid=2433, SUCCESS, logIndex=3456, commits[cb20f782-9136-4144-a2ef-e44461d35697:c3459]
2019-09-17 12:48:47,507 [grpc-default-executor-2] INFO  client.GrpcClientProtocolClient (GrpcClientProtocolClient.java:onNext(264)) - client-E41C008B94D2->cb20f782-9136-4144-a2ef-e44461d35697: receive RaftClientReply:client-E41C008B94D2->cb20f782-9136-4144-a2ef-e44461d35697@group-EF222054BC57, cid=2434, SUCCESS, logIndex=3457, commits[cb20f782-9136-4144-a2ef-e44461d35697:c3460]
2019-09-17 12:48:47,507 [grpc-default-executor-2] INFO  client.GrpcClientProtocolClient (GrpcClientProtocolClient.java:onNext(264)) - client-E41C008B94D2->cb20f782-9136-4144-a2ef-e44461d35697: receive RaftClientReply:client-E41C008B94D2->cb20f782-9136-4144-a2ef-e44461d35697@group-EF222054BC57, cid=2435, SUCCESS, logIndex=3458, commits[cb20f782-9136-4144-a2ef-e44461d35697:c3460]
2019-09-17 12:48:47,507 [grpc-default-executor-2] INFO  client.GrpcClientProtocolClient (GrpcClientProtocolClient.java:onNext(264)) - client-E41C008B94D2->cb20f782-9136-4144-a2ef-e44461d35697: receive RaftClientReply:client-E41C008B94D2->cb20f782-9136-4144-a2ef-e44461d35697@group-EF222054BC57, cid=2436, SUCCESS, logIndex=3459, commits[cb20f782-9136-4144-a2ef-e44461d35697:c3460]
2019-09-17 12:48:47,529 [grpc-default-executor-2] INFO  client.GrpcClientProtocolClient (GrpcClientProtocolClient.java:onNext(264)) - client-E41C008B94D2->cb20f782-9136-4144-a2ef-e44461d35697: receive RaftClientReply:client-E41C008B94D2->cb20f782-9136-4144-a2ef-e44461d35697@group-EF222054BC57, cid=2437, SUCCESS, logIndex=3461, commits[cb20f782-9136-4144-a2ef-e44461d35697:c3464]
2019-09-17 12:48:47,529 [grpc-default-executor-2] INFO  client.GrpcClientProtocolClient (GrpcClientProtocolClient.java:onNext(264)) - client-E41C008B94D2->cb20f782-9136-4144-a2ef-e44461d35697: receive RaftClientReply:client-E41C008B94D2->cb20f782-9136-4144-a2ef-e44461d35697@group-EF222054BC57, cid=2438, SUCCESS, logIndex=3462, commits[cb20f782-9136-4144-a2ef-e44461d35697:c3464]
2019-09-17 12:48:47,530 [grpc-default-executor-2] INFO  client.GrpcClientProtocolClient (GrpcClientProtocolClient.java:onNext(264)) - client-E41C008B94D2->cb20f782-9136-4144-a2ef-e44461d35697: receive RaftClientReply:client-E41C008B94D2->cb20f782-9136-4144-a2ef-e44461d35697@group-EF222054BC57, cid=2439, SUCCESS, logIndex=3463, commits[cb20f782-9136-4144-a2ef-e44461d35697:c3465]
2019-09-17 12:48:47,530 [grpc-default-executor-2] INFO  client.GrpcClientProtocolClient (GrpcClientProtocolClient.java:onNext(264)) - client-E41C008B94D2->cb20f782-9136-4144-a2ef-e44461d35697: receive RaftClientReply:client-E41C008B94D2->cb20f782-9136-4144-a2ef-e44461d35697@group-EF222054BC57, cid=2440, SUCCESS, logIndex=3464, commits[cb20f782-9136-4144-a2ef-e44461d35697:c3465]
2019-09-17 12:48:47,572 [grpc-default-executor-2] INFO  client.GrpcClientProtocolClient (GrpcClientProtocolClient.java:onNext(264)) - client-E41C008B94D2->cb20f782-9136-4144-a2ef-e44461d35697: receive RaftClientReply:client-E41C008B94D2->cb20f782-9136-4144-a2ef-e44461d35697@group-EF222054BC57, cid=2441, SUCCESS, logIndex=3466, commits[cb20f782-9136-4144-a2ef-e44461d35697:c3469]
2019-09-17 12:48:47,572 [grpc-default-executor-2] INFO  client.GrpcClientProtocolClient (GrpcClientProtocolClient.java:onNext(264)) - client-E41C008B94D2->cb20f782-9136-4144-a2ef-e44461d35697: receive RaftClientReply:client-E41C008B94D2->cb20f782-9136-4144-a2ef-e44461d35697@group-EF222054BC57, cid=2442, SUCCESS, logIndex=3467, commits[cb20f782-9136-4144-a2ef-e44461d35697:c3469]
2019-09-17 12:48:47,573 [grpc-default-executor-2] INFO  client.GrpcClientProtocolClient (GrpcClientProtocolClient.java:onNext(264)) - client-E41C008B94D2->cb20f782-9136-4144-a2ef-e44461d35697: receive RaftClientReply:client-E41C008B94D2->cb20f782-9136-4144-a2ef-e44461d35697@group-EF222054BC57, cid=2443, SUCCESS, logIndex=3468, commits[cb20f782-9136-4144-a2ef-e44461d35697:c3469]
2019-09-17 12:48:47,573 [grpc-default-executor-2] INFO  client.GrpcClientProtocolClient (GrpcClientProtocolClient.java:onNext(264)) - client-E41C008B94D2->cb20f782-9136-4144-a2ef-e44461d35697: receive RaftClientReply:client-E41C008B94D2->cb20f782-9136-4144-a2ef-e44461d35697@group-EF222054BC57, cid=2444, SUCCESS, logIndex=3469, commits[cb20f782-9136-4144-a2ef-e44461d35697:c3469]
2019-09-17 12:48:47,582 [SCMBlockDeletingService#1] DEBUG block.SCMBlockDeletingService (SCMBlockDeletingService.java:call(138)) - Running DeletedBlockTransactionScanner
2019-09-17 12:48:47,583 [SCMBlockDeletingService#1] DEBUG block.SCMBlockDeletingService (SCMBlockDeletingService.java:call(155)) - Scanned deleted blocks log and got 0 delTX to process.
2019-09-17 12:48:47,603 [grpc-default-executor-2] INFO  client.GrpcClientProtocolClient (GrpcClientProtocolClient.java:onNext(264)) - client-E41C008B94D2->cb20f782-9136-4144-a2ef-e44461d35697: receive RaftClientReply:client-E41C008B94D2->cb20f782-9136-4144-a2ef-e44461d35697@group-EF222054BC57, cid=2445, SUCCESS, logIndex=3471, commits[cb20f782-9136-4144-a2ef-e44461d35697:c3474]
2019-09-17 12:48:47,603 [grpc-default-executor-2] INFO  client.GrpcClientProtocolClient (GrpcClientProtocolClient.java:onNext(264)) - client-E41C008B94D2->cb20f782-9136-4144-a2ef-e44461d35697: receive RaftClientReply:client-E41C008B94D2->cb20f782-9136-4144-a2ef-e44461d35697@group-EF222054BC57, cid=2446, SUCCESS, logIndex=3472, commits[cb20f782-9136-4144-a2ef-e44461d35697:c3475]
2019-09-17 12:48:47,603 [grpc-default-executor-2] INFO  client.GrpcClientProtocolClient (GrpcClientProtocolClient.java:onNext(264)) - client-E41C008B94D2->cb20f782-9136-4144-a2ef-e44461d35697: receive RaftClientReply:client-E41C008B94D2->cb20f782-9136-4144-a2ef-e44461d35697@group-EF222054BC57, cid=2447, SUCCESS, logIndex=3473, commits[cb20f782-9136-4144-a2ef-e44461d35697:c3475]
2019-09-17 12:48:47,604 [grpc-default-executor-2] INFO  client.GrpcClientProtocolClient (GrpcClientProtocolClient.java:onNext(264)) - client-E41C008B94D2->cb20f782-9136-4144-a2ef-e44461d35697: receive RaftClientReply:client-E41C008B94D2->cb20f782-9136-4144-a2ef-e44461d35697@group-EF222054BC57, cid=2448, SUCCESS, logIndex=3474, commits[cb20f782-9136-4144-a2ef-e44461d35697:c3475]
2019-09-17 12:48:47,635 [grpc-default-executor-2] INFO  client.GrpcClientProtocolClient (GrpcClientProtocolClient.java:onNext(264)) - client-E41C008B94D2->cb20f782-9136-4144-a2ef-e44461d35697: receive RaftClientReply:client-E41C008B94D2->cb20f782-9136-4144-a2ef-e44461d35697@group-EF222054BC57, cid=2449, SUCCESS, logIndex=3476, commits[cb20f782-9136-4144-a2ef-e44461d35697:c3479]
2019-09-17 12:48:47,636 [grpc-default-executor-2] INFO  client.GrpcClientProtocolClient (GrpcClientProtocolClient.java:onNext(264)) - client-E41C008B94D2->cb20f782-9136-4144-a2ef-e44461d35697: receive RaftClientReply:client-E41C008B94D2->cb20f782-9136-4144-a2ef-e44461d35697@group-EF222054BC57, cid=2450, SUCCESS, logIndex=3477, commits[cb20f782-9136-4144-a2ef-e44461d35697:c3480]
2019-09-17 12:48:47,636 [grpc-default-executor-2] INFO  client.GrpcClientProtocolClient (GrpcClientProtocolClient.java:onNext(264)) - client-E41C008B94D2->cb20f782-9136-4144-a2ef-e44461d35697: receive RaftClientReply:client-E41C008B94D2->cb20f782-9136-4144-a2ef-e44461d35697@group-EF222054BC57, cid=2451, SUCCESS, logIndex=3478, commits[cb20f782-9136-4144-a2ef-e44461d35697:c3480]
2019-09-17 12:48:47,636 [grpc-default-executor-2] INFO  client.GrpcClientProtocolClient (GrpcClientProtocolClient.java:onNext(264)) - client-E41C008B94D2->cb20f782-9136-4144-a2ef-e44461d35697: receive RaftClientReply:client-E41C008B94D2->cb20f782-9136-4144-a2ef-e44461d35697@group-EF222054BC57, cid=2452, SUCCESS, logIndex=3479, commits[cb20f782-9136-4144-a2ef-e44461d35697:c3480]
2019-09-17 12:48:47,657 [grpc-default-executor-2] INFO  client.GrpcClientProtocolClient (GrpcClientProtocolClient.java:onNext(264)) - client-E41C008B94D2->cb20f782-9136-4144-a2ef-e44461d35697: receive RaftClientReply:client-E41C008B94D2->cb20f782-9136-4144-a2ef-e44461d35697@group-EF222054BC57, cid=2453, SUCCESS, logIndex=3481, commits[cb20f782-9136-4144-a2ef-e44461d35697:c3484]
2019-09-17 12:48:47,658 [grpc-default-executor-2] INFO  client.GrpcClientProtocolClient (GrpcClientProtocolClient.java:onNext(264)) - client-E41C008B94D2->cb20f782-9136-4144-a2ef-e44461d35697: receive RaftClientReply:client-E41C008B94D2->cb20f782-9136-4144-a2ef-e44461d35697@group-EF222054BC57, cid=2454, SUCCESS, logIndex=3482, commits[cb20f782-9136-4144-a2ef-e44461d35697:c3484]
2019-09-17 12:48:47,659 [grpc-default-executor-2] INFO  client.GrpcClientProtocolClient (GrpcClientProtocolClient.java:onNext(264)) - client-E41C008B94D2->cb20f782-9136-4144-a2ef-e44461d35697: receive RaftClientReply:client-E41C008B94D2->cb20f782-9136-4144-a2ef-e44461d35697@group-EF222054BC57, cid=2455, SUCCESS, logIndex=3483, commits[cb20f782-9136-4144-a2ef-e44461d35697:c3485]
2019-09-17 12:48:47,659 [grpc-default-executor-2] INFO  client.GrpcClientProtocolClient (GrpcClientProtocolClient.java:onNext(264)) - client-E41C008B94D2->cb20f782-9136-4144-a2ef-e44461d35697: receive RaftClientReply:client-E41C008B94D2->cb20f782-9136-4144-a2ef-e44461d35697@group-EF222054BC57, cid=2456, SUCCESS, logIndex=3484, commits[cb20f782-9136-4144-a2ef-e44461d35697:c3485]
2019-09-17 12:48:47,683 [SCMBlockDeletingService#1] DEBUG block.SCMBlockDeletingService (SCMBlockDeletingService.java:call(138)) - Running DeletedBlockTransactionScanner
2019-09-17 12:48:47,683 [SCMBlockDeletingService#1] DEBUG block.SCMBlockDeletingService (SCMBlockDeletingService.java:call(155)) - Scanned deleted blocks log and got 0 delTX to process.
2019-09-17 12:48:47,688 [grpc-default-executor-1] INFO  client.GrpcClientProtocolClient (GrpcClientProtocolClient.java:onNext(264)) - client-E41C008B94D2->cb20f782-9136-4144-a2ef-e44461d35697: receive RaftClientReply:client-E41C008B94D2->cb20f782-9136-4144-a2ef-e44461d35697@group-EF222054BC57, cid=2457, SUCCESS, logIndex=3486, commits[cb20f782-9136-4144-a2ef-e44461d35697:c3487]
2019-09-17 12:48:47,688 [grpc-default-executor-1] INFO  client.GrpcClientProtocolClient (GrpcClientProtocolClient.java:onNext(264)) - client-E41C008B94D2->cb20f782-9136-4144-a2ef-e44461d35697: receive RaftClientReply:client-E41C008B94D2->cb20f782-9136-4144-a2ef-e44461d35697@group-EF222054BC57, cid=2458, SUCCESS, logIndex=3487, commits[cb20f782-9136-4144-a2ef-e44461d35697:c3487]
2019-09-17 12:48:47,689 [grpc-default-executor-1] INFO  client.GrpcClientProtocolClient (GrpcClientProtocolClient.java:onNext(264)) - client-E41C008B94D2->cb20f782-9136-4144-a2ef-e44461d35697: receive RaftClientReply:client-E41C008B94D2->cb20f782-9136-4144-a2ef-e44461d35697@group-EF222054BC57, cid=2459, SUCCESS, logIndex=3488, commits[cb20f782-9136-4144-a2ef-e44461d35697:c3489]
2019-09-17 12:48:47,689 [grpc-default-executor-1] INFO  client.GrpcClientProtocolClient (GrpcClientProtocolClient.java:onNext(264)) - client-E41C008B94D2->cb20f782-9136-4144-a2ef-e44461d35697: receive RaftClientReply:client-E41C008B94D2->cb20f782-9136-4144-a2ef-e44461d35697@group-EF222054BC57, cid=2460, SUCCESS, logIndex=3489, commits[cb20f782-9136-4144-a2ef-e44461d35697:c3490]
2019-09-17 12:48:47,708 [grpc-default-executor-1] INFO  client.GrpcClientProtocolClient (GrpcClientProtocolClient.java:onNext(264)) - client-E41C008B94D2->cb20f782-9136-4144-a2ef-e44461d35697: receive RaftClientReply:client-E41C008B94D2->cb20f782-9136-4144-a2ef-e44461d35697@group-EF222054BC57, cid=2461, SUCCESS, logIndex=3492, commits[cb20f782-9136-4144-a2ef-e44461d35697:c3493]
2019-09-17 12:48:47,709 [grpc-default-executor-1] INFO  client.GrpcClientProtocolClient (GrpcClientProtocolClient.java:onNext(264)) - client-E41C008B94D2->cb20f782-9136-4144-a2ef-e44461d35697: receive RaftClientReply:client-E41C008B94D2->cb20f782-9136-4144-a2ef-e44461d35697@group-EF222054BC57, cid=2462, SUCCESS, logIndex=3493, commits[cb20f782-9136-4144-a2ef-e44461d35697:c3495]
2019-09-17 12:48:47,709 [grpc-default-executor-1] INFO  client.GrpcClientProtocolClient (GrpcClientProtocolClient.java:onNext(264)) - client-E41C008B94D2->cb20f782-9136-4144-a2ef-e44461d35697: receive RaftClientReply:client-E41C008B94D2->cb20f782-9136-4144-a2ef-e44461d35697@group-EF222054BC57, cid=2463, SUCCESS, logIndex=3494, commits[cb20f782-9136-4144-a2ef-e44461d35697:c3496]
2019-09-17 12:48:47,709 [grpc-default-executor-1] INFO  client.GrpcClientProtocolClient (GrpcClientProtocolClient.java:onNext(264)) - client-E41C008B94D2->cb20f782-9136-4144-a2ef-e44461d35697: receive RaftClientReply:client-E41C008B94D2->cb20f782-9136-4144-a2ef-e44461d35697@group-EF222054BC57, cid=2464, SUCCESS, logIndex=3495, commits[cb20f782-9136-4144-a2ef-e44461d35697:c3497]
2019-09-17 12:48:47,738 [grpc-default-executor-1] INFO  client.GrpcClientProtocolClient (GrpcClientProtocolClient.java:onNext(264)) - client-E41C008B94D2->cb20f782-9136-4144-a2ef-e44461d35697: receive RaftClientReply:client-E41C008B94D2->cb20f782-9136-4144-a2ef-e44461d35697@group-EF222054BC57, cid=2465, SUCCESS, logIndex=3498, commits[cb20f782-9136-4144-a2ef-e44461d35697:c3501]
2019-09-17 12:48:47,739 [grpc-default-executor-1] INFO  client.GrpcClientProtocolClient (GrpcClientProtocolClient.java:onNext(264)) - client-E41C008B94D2->cb20f782-9136-4144-a2ef-e44461d35697: receive RaftClientReply:client-E41C008B94D2->cb20f782-9136-4144-a2ef-e44461d35697@group-EF222054BC57, cid=2466, SUCCESS, logIndex=3499, commits[cb20f782-9136-4144-a2ef-e44461d35697:c3501]
2019-09-17 12:48:47,739 [grpc-default-executor-1] INFO  client.GrpcClientProtocolClient (GrpcClientProtocolClient.java:onNext(264)) - client-E41C008B94D2->cb20f782-9136-4144-a2ef-e44461d35697: receive RaftClientReply:client-E41C008B94D2->cb20f782-9136-4144-a2ef-e44461d35697@group-EF222054BC57, cid=2467, SUCCESS, logIndex=3500, commits[cb20f782-9136-4144-a2ef-e44461d35697:c3502]
2019-09-17 12:48:47,739 [grpc-default-executor-1] INFO  client.GrpcClientProtocolClient (GrpcClientProtocolClient.java:onNext(264)) - client-E41C008B94D2->cb20f782-9136-4144-a2ef-e44461d35697: receive RaftClientReply:client-E41C008B94D2->cb20f782-9136-4144-a2ef-e44461d35697@group-EF222054BC57, cid=2468, SUCCESS, logIndex=3501, commits[cb20f782-9136-4144-a2ef-e44461d35697:c3503]
2019-09-17 12:48:47,760 [grpc-default-executor-1] INFO  client.GrpcClientProtocolClient (GrpcClientProtocolClient.java:onNext(264)) - client-E41C008B94D2->cb20f782-9136-4144-a2ef-e44461d35697: receive RaftClientReply:client-E41C008B94D2->cb20f782-9136-4144-a2ef-e44461d35697@group-EF222054BC57, cid=2469, SUCCESS, logIndex=3504, commits[cb20f782-9136-4144-a2ef-e44461d35697:c3507]
2019-09-17 12:48:47,761 [grpc-default-executor-1] INFO  client.GrpcClientProtocolClient (GrpcClientProtocolClient.java:onNext(264)) - client-E41C008B94D2->cb20f782-9136-4144-a2ef-e44461d35697: receive RaftClientReply:client-E41C008B94D2->cb20f782-9136-4144-a2ef-e44461d35697@group-EF222054BC57, cid=2470, SUCCESS, logIndex=3505, commits[cb20f782-9136-4144-a2ef-e44461d35697:c3508]
2019-09-17 12:48:47,761 [grpc-default-executor-1] INFO  client.GrpcClientProtocolClient (GrpcClientProtocolClient.java:onNext(264)) - client-E41C008B94D2->cb20f782-9136-4144-a2ef-e44461d35697: receive RaftClientReply:client-E41C008B94D2->cb20f782-9136-4144-a2ef-e44461d35697@group-EF222054BC57, cid=2471, SUCCESS, logIndex=3506, commits[cb20f782-9136-4144-a2ef-e44461d35697:c3508]
2019-09-17 12:48:47,761 [grpc-default-executor-1] INFO  client.GrpcClientProtocolClient (GrpcClientProtocolClient.java:onNext(264)) - client-E41C008B94D2->cb20f782-9136-4144-a2ef-e44461d35697: receive RaftClientReply:client-E41C008B94D2->cb20f782-9136-4144-a2ef-e44461d35697@group-EF222054BC57, cid=2472, SUCCESS, logIndex=3507, commits[cb20f782-9136-4144-a2ef-e44461d35697:c3508]
2019-09-17 12:48:47,899 [SCMBlockDeletingService#1] DEBUG block.SCMBlockDeletingService (SCMBlockDeletingService.java:call(138)) - Running DeletedBlockTransactionScanner
2019-09-17 12:48:47,899 [SCMBlockDeletingService#1] DEBUG block.SCMBlockDeletingService (SCMBlockDeletingService.java:call(155)) - Scanned deleted blocks log and got 0 delTX to process.
2019-09-17 12:48:47,915 [grpc-default-executor-2] INFO  client.GrpcClientProtocolClient (GrpcClientProtocolClient.java:onNext(264)) - client-E41C008B94D2->cb20f782-9136-4144-a2ef-e44461d35697: receive RaftClientReply:client-E41C008B94D2->cb20f782-9136-4144-a2ef-e44461d35697@group-EF222054BC57, cid=2473, SUCCESS, logIndex=3509, commits[cb20f782-9136-4144-a2ef-e44461d35697:c3510]
2019-09-17 12:48:47,916 [grpc-default-executor-2] INFO  client.GrpcClientProtocolClient (GrpcClientProtocolClient.java:onNext(264)) - client-E41C008B94D2->cb20f782-9136-4144-a2ef-e44461d35697: receive RaftClientReply:client-E41C008B94D2->cb20f782-9136-4144-a2ef-e44461d35697@group-EF222054BC57, cid=2474, SUCCESS, logIndex=3510, commits[cb20f782-9136-4144-a2ef-e44461d35697:c3511]
2019-09-17 12:48:48,000 [SCMBlockDeletingService#0] DEBUG block.SCMBlockDeletingService (SCMBlockDeletingService.java:call(138)) - Running DeletedBlockTransactionScanner
2019-09-17 12:48:48,000 [SCMBlockDeletingService#0] DEBUG block.SCMBlockDeletingService (SCMBlockDeletingService.java:call(155)) - Scanned deleted blocks log and got 0 delTX to process.
2019-09-17 12:48:48,035 [grpc-default-executor-2] INFO  client.GrpcClientProtocolClient (GrpcClientProtocolClient.java:onNext(264)) - client-E41C008B94D2->cb20f782-9136-4144-a2ef-e44461d35697: receive RaftClientReply:client-E41C008B94D2->cb20f782-9136-4144-a2ef-e44461d35697@group-EF222054BC57, cid=2475, SUCCESS, logIndex=3512, commits[cb20f782-9136-4144-a2ef-e44461d35697:c3513]
2019-09-17 12:48:48,035 [grpc-default-executor-2] INFO  client.GrpcClientProtocolClient (GrpcClientProtocolClient.java:onNext(264)) - client-E41C008B94D2->cb20f782-9136-4144-a2ef-e44461d35697: receive RaftClientReply:client-E41C008B94D2->cb20f782-9136-4144-a2ef-e44461d35697@group-EF222054BC57, cid=2476, SUCCESS, logIndex=3513, commits[cb20f782-9136-4144-a2ef-e44461d35697:c3514]
2019-09-17 12:48:48,055 [grpc-default-executor-2] INFO  client.GrpcClientProtocolClient (GrpcClientProtocolClient.java:onNext(264)) - client-E41C008B94D2->cb20f782-9136-4144-a2ef-e44461d35697: receive RaftClientReply:client-E41C008B94D2->cb20f782-9136-4144-a2ef-e44461d35697@group-EF222054BC57, cid=2477, SUCCESS, logIndex=3515, commits[cb20f782-9136-4144-a2ef-e44461d35697:c3518]
2019-09-17 12:48:48,056 [grpc-default-executor-2] INFO  client.GrpcClientProtocolClient (GrpcClientProtocolClient.java:onNext(264)) - client-E41C008B94D2->cb20f782-9136-4144-a2ef-e44461d35697: receive RaftClientReply:client-E41C008B94D2->cb20f782-9136-4144-a2ef-e44461d35697@group-EF222054BC57, cid=2478, SUCCESS, logIndex=3516, commits[cb20f782-9136-4144-a2ef-e44461d35697:c3519]
2019-09-17 12:48:48,056 [grpc-default-executor-2] INFO  client.GrpcClientProtocolClient (GrpcClientProtocolClient.java:onNext(264)) - client-E41C008B94D2->cb20f782-9136-4144-a2ef-e44461d35697: receive RaftClientReply:client-E41C008B94D2->cb20f782-9136-4144-a2ef-e44461d35697@group-EF222054BC57, cid=2479, SUCCESS, logIndex=3517, commits[cb20f782-9136-4144-a2ef-e44461d35697:c3519]
2019-09-17 12:48:48,056 [grpc-default-executor-2] INFO  client.GrpcClientProtocolClient (GrpcClientProtocolClient.java:onNext(264)) - client-E41C008B94D2->cb20f782-9136-4144-a2ef-e44461d35697: receive RaftClientReply:client-E41C008B94D2->cb20f782-9136-4144-a2ef-e44461d35697@group-EF222054BC57, cid=2480, SUCCESS, logIndex=3518, commits[cb20f782-9136-4144-a2ef-e44461d35697:c3519]
2019-09-17 12:48:48,084 [grpc-default-executor-2] INFO  client.GrpcClientProtocolClient (GrpcClientProtocolClient.java:onNext(264)) - client-E41C008B94D2->cb20f782-9136-4144-a2ef-e44461d35697: receive RaftClientReply:client-E41C008B94D2->cb20f782-9136-4144-a2ef-e44461d35697@group-EF222054BC57, cid=2481, SUCCESS, logIndex=3520, commits[cb20f782-9136-4144-a2ef-e44461d35697:c3521]
2019-09-17 12:48:48,085 [grpc-default-executor-2] INFO  client.GrpcClientProtocolClient (GrpcClientProtocolClient.java:onNext(264)) - client-E41C008B94D2->cb20f782-9136-4144-a2ef-e44461d35697: receive RaftClientReply:client-E41C008B94D2->cb20f782-9136-4144-a2ef-e44461d35697@group-EF222054BC57, cid=2482, SUCCESS, logIndex=3521, commits[cb20f782-9136-4144-a2ef-e44461d35697:c3521]
2019-09-17 12:48:48,085 [grpc-default-executor-2] INFO  client.GrpcClientProtocolClient (GrpcClientProtocolClient.java:onNext(264)) - client-E41C008B94D2->cb20f782-9136-4144-a2ef-e44461d35697: receive RaftClientReply:client-E41C008B94D2->cb20f782-9136-4144-a2ef-e44461d35697@group-EF222054BC57, cid=2483, SUCCESS, logIndex=3522, commits[cb20f782-9136-4144-a2ef-e44461d35697:c3523]
2019-09-17 12:48:48,086 [grpc-default-executor-2] INFO  client.GrpcClientProtocolClient (GrpcClientProtocolClient.java:onNext(264)) - client-E41C008B94D2->cb20f782-9136-4144-a2ef-e44461d35697: receive RaftClientReply:client-E41C008B94D2->cb20f782-9136-4144-a2ef-e44461d35697@group-EF222054BC57, cid=2484, SUCCESS, logIndex=3523, commits[cb20f782-9136-4144-a2ef-e44461d35697:c3524]
2019-09-17 12:48:48,100 [SCMBlockDeletingService#0] DEBUG block.SCMBlockDeletingService (SCMBlockDeletingService.java:call(138)) - Running DeletedBlockTransactionScanner
2019-09-17 12:48:48,101 [SCMBlockDeletingService#0] DEBUG block.SCMBlockDeletingService (SCMBlockDeletingService.java:call(155)) - Scanned deleted blocks log and got 0 delTX to process.
2019-09-17 12:48:48,104 [grpc-default-executor-2] INFO  client.GrpcClientProtocolClient (GrpcClientProtocolClient.java:onNext(264)) - client-E41C008B94D2->cb20f782-9136-4144-a2ef-e44461d35697: receive RaftClientReply:client-E41C008B94D2->cb20f782-9136-4144-a2ef-e44461d35697@group-EF222054BC57, cid=2485, SUCCESS, logIndex=3526, commits[cb20f782-9136-4144-a2ef-e44461d35697:c3527]
2019-09-17 12:48:48,105 [grpc-default-executor-2] INFO  client.GrpcClientProtocolClient (GrpcClientProtocolClient.java:onNext(264)) - client-E41C008B94D2->cb20f782-9136-4144-a2ef-e44461d35697: receive RaftClientReply:client-E41C008B94D2->cb20f782-9136-4144-a2ef-e44461d35697@group-EF222054BC57, cid=2486, SUCCESS, logIndex=3527, commits[cb20f782-9136-4144-a2ef-e44461d35697:c3527]
2019-09-17 12:48:48,105 [grpc-default-executor-2] INFO  client.GrpcClientProtocolClient (GrpcClientProtocolClient.java:onNext(264)) - client-E41C008B94D2->cb20f782-9136-4144-a2ef-e44461d35697: receive RaftClientReply:client-E41C008B94D2->cb20f782-9136-4144-a2ef-e44461d35697@group-EF222054BC57, cid=2487, SUCCESS, logIndex=3528, commits[cb20f782-9136-4144-a2ef-e44461d35697:c3529]
2019-09-17 12:48:48,105 [grpc-default-executor-2] INFO  client.GrpcClientProtocolClient (GrpcClientProtocolClient.java:onNext(264)) - client-E41C008B94D2->cb20f782-9136-4144-a2ef-e44461d35697: receive RaftClientReply:client-E41C008B94D2->cb20f782-9136-4144-a2ef-e44461d35697@group-EF222054BC57, cid=2488, SUCCESS, logIndex=3529, commits[cb20f782-9136-4144-a2ef-e44461d35697:c3529]
2019-09-17 12:48:48,134 [grpc-default-executor-2] INFO  client.GrpcClientProtocolClient (GrpcClientProtocolClient.java:onNext(264)) - client-E41C008B94D2->cb20f782-9136-4144-a2ef-e44461d35697: receive RaftClientReply:client-E41C008B94D2->cb20f782-9136-4144-a2ef-e44461d35697@group-EF222054BC57, cid=2489, SUCCESS, logIndex=3532, commits[cb20f782-9136-4144-a2ef-e44461d35697:c3535]
2019-09-17 12:48:48,134 [grpc-default-executor-2] INFO  client.GrpcClientProtocolClient (GrpcClientProtocolClient.java:onNext(264)) - client-E41C008B94D2->cb20f782-9136-4144-a2ef-e44461d35697: receive RaftClientReply:client-E41C008B94D2->cb20f782-9136-4144-a2ef-e44461d35697@group-EF222054BC57, cid=2490, SUCCESS, logIndex=3533, commits[cb20f782-9136-4144-a2ef-e44461d35697:c3536]
2019-09-17 12:48:48,135 [grpc-default-executor-2] INFO  client.GrpcClientProtocolClient (GrpcClientProtocolClient.java:onNext(264)) - client-E41C008B94D2->cb20f782-9136-4144-a2ef-e44461d35697: receive RaftClientReply:client-E41C008B94D2->cb20f782-9136-4144-a2ef-e44461d35697@group-EF222054BC57, cid=2491, SUCCESS, logIndex=3534, commits[cb20f782-9136-4144-a2ef-e44461d35697:c3536]
2019-09-17 12:48:48,135 [grpc-default-executor-2] INFO  client.GrpcClientProtocolClient (GrpcClientProtocolClient.java:onNext(264)) - client-E41C008B94D2->cb20f782-9136-4144-a2ef-e44461d35697: receive RaftClientReply:client-E41C008B94D2->cb20f782-9136-4144-a2ef-e44461d35697@group-EF222054BC57, cid=2492, SUCCESS, logIndex=3535, commits[cb20f782-9136-4144-a2ef-e44461d35697:c3536]
2019-09-17 12:48:48,155 [grpc-default-executor-2] INFO  client.GrpcClientProtocolClient (GrpcClientProtocolClient.java:onNext(264)) - client-E41C008B94D2->cb20f782-9136-4144-a2ef-e44461d35697: receive RaftClientReply:client-E41C008B94D2->cb20f782-9136-4144-a2ef-e44461d35697@group-EF222054BC57, cid=2493, SUCCESS, logIndex=3537, commits[cb20f782-9136-4144-a2ef-e44461d35697:c3540]
2019-09-17 12:48:48,155 [grpc-default-executor-2] INFO  client.GrpcClientProtocolClient (GrpcClientProtocolClient.java:onNext(264)) - client-E41C008B94D2->cb20f782-9136-4144-a2ef-e44461d35697: receive RaftClientReply:client-E41C008B94D2->cb20f782-9136-4144-a2ef-e44461d35697@group-EF222054BC57, cid=2494, SUCCESS, logIndex=3538, commits[cb20f782-9136-4144-a2ef-e44461d35697:c3541]
2019-09-17 12:48:48,155 [grpc-default-executor-2] INFO  client.GrpcClientProtocolClient (GrpcClientProtocolClient.java:onNext(264)) - client-E41C008B94D2->cb20f782-9136-4144-a2ef-e44461d35697: receive RaftClientReply:client-E41C008B94D2->cb20f782-9136-4144-a2ef-e44461d35697@group-EF222054BC57, cid=2495, SUCCESS, logIndex=3539, commits[cb20f782-9136-4144-a2ef-e44461d35697:c3541]
2019-09-17 12:48:48,156 [grpc-default-executor-2] INFO  client.GrpcClientProtocolClient (GrpcClientProtocolClient.java:onNext(264)) - client-E41C008B94D2->cb20f782-9136-4144-a2ef-e44461d35697: receive RaftClientReply:client-E41C008B94D2->cb20f782-9136-4144-a2ef-e44461d35697@group-EF222054BC57, cid=2496, SUCCESS, logIndex=3540, commits[cb20f782-9136-4144-a2ef-e44461d35697:c3541]
2019-09-17 12:48:48,182 [grpc-default-executor-2] INFO  client.GrpcClientProtocolClient (GrpcClientProtocolClient.java:onNext(264)) - client-E41C008B94D2->cb20f782-9136-4144-a2ef-e44461d35697: receive RaftClientReply:client-E41C008B94D2->cb20f782-9136-4144-a2ef-e44461d35697@group-EF222054BC57, cid=2497, SUCCESS, logIndex=3542, commits[cb20f782-9136-4144-a2ef-e44461d35697:c3543]
2019-09-17 12:48:48,183 [grpc-default-executor-2] INFO  client.GrpcClientProtocolClient (GrpcClientProtocolClient.java:onNext(264)) - client-E41C008B94D2->cb20f782-9136-4144-a2ef-e44461d35697: receive RaftClientReply:client-E41C008B94D2->cb20f782-9136-4144-a2ef-e44461d35697@group-EF222054BC57, cid=2498, SUCCESS, logIndex=3543, commits[cb20f782-9136-4144-a2ef-e44461d35697:c3545]
2019-09-17 12:48:48,183 [grpc-default-executor-2] INFO  client.GrpcClientProtocolClient (GrpcClientProtocolClient.java:onNext(264)) - client-E41C008B94D2->cb20f782-9136-4144-a2ef-e44461d35697: receive RaftClientReply:client-E41C008B94D2->cb20f782-9136-4144-a2ef-e44461d35697@group-EF222054BC57, cid=2499, SUCCESS, logIndex=3544, commits[cb20f782-9136-4144-a2ef-e44461d35697:c3546]
2019-09-17 12:48:48,183 [grpc-default-executor-2] INFO  client.GrpcClientProtocolClient (GrpcClientProtocolClient.java:onNext(264)) - client-E41C008B94D2->cb20f782-9136-4144-a2ef-e44461d35697: receive RaftClientReply:client-E41C008B94D2->cb20f782-9136-4144-a2ef-e44461d35697@group-EF222054BC57, cid=2500, SUCCESS, logIndex=3545, commits[cb20f782-9136-4144-a2ef-e44461d35697:c3546]
2019-09-17 12:48:48,201 [SCMBlockDeletingService#0] DEBUG block.SCMBlockDeletingService (SCMBlockDeletingService.java:call(138)) - Running DeletedBlockTransactionScanner
2019-09-17 12:48:48,201 [SCMBlockDeletingService#0] DEBUG block.SCMBlockDeletingService (SCMBlockDeletingService.java:call(155)) - Scanned deleted blocks log and got 0 delTX to process.
2019-09-17 12:48:48,223 [grpc-default-executor-1] INFO  client.GrpcClientProtocolClient (GrpcClientProtocolClient.java:onNext(264)) - client-E41C008B94D2->cb20f782-9136-4144-a2ef-e44461d35697: receive RaftClientReply:client-E41C008B94D2->cb20f782-9136-4144-a2ef-e44461d35697@group-EF222054BC57, cid=2501, SUCCESS, logIndex=3548, commits[cb20f782-9136-4144-a2ef-e44461d35697:c3551]
2019-09-17 12:48:48,224 [grpc-default-executor-1] INFO  client.GrpcClientProtocolClient (GrpcClientProtocolClient.java:onNext(264)) - client-E41C008B94D2->cb20f782-9136-4144-a2ef-e44461d35697: receive RaftClientReply:client-E41C008B94D2->cb20f782-9136-4144-a2ef-e44461d35697@group-EF222054BC57, cid=2502, SUCCESS, logIndex=3549, commits[cb20f782-9136-4144-a2ef-e44461d35697:c3551]
2019-09-17 12:48:48,224 [grpc-default-executor-1] INFO  client.GrpcClientProtocolClient (GrpcClientProtocolClient.java:onNext(264)) - client-E41C008B94D2->cb20f782-9136-4144-a2ef-e44461d35697: receive RaftClientReply:client-E41C008B94D2->cb20f782-9136-4144-a2ef-e44461d35697@group-EF222054BC57, cid=2503, SUCCESS, logIndex=3550, commits[cb20f782-9136-4144-a2ef-e44461d35697:c3551]
2019-09-17 12:48:48,224 [grpc-default-executor-1] INFO  client.GrpcClientProtocolClient (GrpcClientProtocolClient.java:onNext(264)) - client-E41C008B94D2->cb20f782-9136-4144-a2ef-e44461d35697: receive RaftClientReply:client-E41C008B94D2->cb20f782-9136-4144-a2ef-e44461d35697@group-EF222054BC57, cid=2504, SUCCESS, logIndex=3551, commits[cb20f782-9136-4144-a2ef-e44461d35697:c3551]
2019-09-17 12:48:48,252 [grpc-default-executor-1] INFO  client.GrpcClientProtocolClient (GrpcClientProtocolClient.java:onNext(264)) - client-E41C008B94D2->cb20f782-9136-4144-a2ef-e44461d35697: receive RaftClientReply:client-E41C008B94D2->cb20f782-9136-4144-a2ef-e44461d35697@group-EF222054BC57, cid=2505, SUCCESS, logIndex=3553, commits[cb20f782-9136-4144-a2ef-e44461d35697:c3556]
2019-09-17 12:48:48,252 [grpc-default-executor-1] INFO  client.GrpcClientProtocolClient (GrpcClientProtocolClient.java:onNext(264)) - client-E41C008B94D2->cb20f782-9136-4144-a2ef-e44461d35697: receive RaftClientReply:client-E41C008B94D2->cb20f782-9136-4144-a2ef-e44461d35697@group-EF222054BC57, cid=2506, SUCCESS, logIndex=3554, commits[cb20f782-9136-4144-a2ef-e44461d35697:c3556]
2019-09-17 12:48:48,253 [grpc-default-executor-1] INFO  client.GrpcClientProtocolClient (GrpcClientProtocolClient.java:onNext(264)) - client-E41C008B94D2->cb20f782-9136-4144-a2ef-e44461d35697: receive RaftClientReply:client-E41C008B94D2->cb20f782-9136-4144-a2ef-e44461d35697@group-EF222054BC57, cid=2507, SUCCESS, logIndex=3555, commits[cb20f782-9136-4144-a2ef-e44461d35697:c3557]
2019-09-17 12:48:48,253 [grpc-default-executor-1] INFO  client.GrpcClientProtocolClient (GrpcClientProtocolClient.java:onNext(264)) - client-E41C008B94D2->cb20f782-9136-4144-a2ef-e44461d35697: receive RaftClientReply:client-E41C008B94D2->cb20f782-9136-4144-a2ef-e44461d35697@group-EF222054BC57, cid=2508, SUCCESS, logIndex=3556, commits[cb20f782-9136-4144-a2ef-e44461d35697:c3558]
2019-09-17 12:48:48,271 [grpc-default-executor-2] INFO  client.GrpcClientProtocolClient (GrpcClientProtocolClient.java:onNext(264)) - client-E41C008B94D2->cb20f782-9136-4144-a2ef-e44461d35697: receive RaftClientReply:client-E41C008B94D2->cb20f782-9136-4144-a2ef-e44461d35697@group-EF222054BC57, cid=2509, SUCCESS, logIndex=3559, commits[cb20f782-9136-4144-a2ef-e44461d35697:c3560]
2019-09-17 12:48:48,272 [grpc-default-executor-2] INFO  client.GrpcClientProtocolClient (GrpcClientProtocolClient.java:onNext(264)) - client-E41C008B94D2->cb20f782-9136-4144-a2ef-e44461d35697: receive RaftClientReply:client-E41C008B94D2->cb20f782-9136-4144-a2ef-e44461d35697@group-EF222054BC57, cid=2510, SUCCESS, logIndex=3560, commits[cb20f782-9136-4144-a2ef-e44461d35697:c3562]
2019-09-17 12:48:48,272 [grpc-default-executor-2] INFO  client.GrpcClientProtocolClient (GrpcClientProtocolClient.java:onNext(264)) - client-E41C008B94D2->cb20f782-9136-4144-a2ef-e44461d35697: receive RaftClientReply:client-E41C008B94D2->cb20f782-9136-4144-a2ef-e44461d35697@group-EF222054BC57, cid=2511, SUCCESS, logIndex=3561, commits[cb20f782-9136-4144-a2ef-e44461d35697:c3563]
2019-09-17 12:48:48,273 [grpc-default-executor-2] INFO  client.GrpcClientProtocolClient (GrpcClientProtocolClient.java:onNext(264)) - client-E41C008B94D2->cb20f782-9136-4144-a2ef-e44461d35697: receive RaftClientReply:client-E41C008B94D2->cb20f782-9136-4144-a2ef-e44461d35697@group-EF222054BC57, cid=2512, SUCCESS, logIndex=3562, commits[cb20f782-9136-4144-a2ef-e44461d35697:c3563]
2019-09-17 12:48:48,301 [grpc-default-executor-1] INFO  client.GrpcClientProtocolClient (GrpcClientProtocolClient.java:onNext(264)) - client-E41C008B94D2->cb20f782-9136-4144-a2ef-e44461d35697: receive RaftClientReply:client-E41C008B94D2->cb20f782-9136-4144-a2ef-e44461d35697@group-EF222054BC57, cid=2513, SUCCESS, logIndex=3565, commits[cb20f782-9136-4144-a2ef-e44461d35697:c3566]
2019-09-17 12:48:48,301 [grpc-default-executor-1] INFO  client.GrpcClientProtocolClient (GrpcClientProtocolClient.java:onNext(264)) - client-E41C008B94D2->cb20f782-9136-4144-a2ef-e44461d35697: receive RaftClientReply:client-E41C008B94D2->cb20f782-9136-4144-a2ef-e44461d35697@group-EF222054BC57, cid=2514, SUCCESS, logIndex=3566, commits[cb20f782-9136-4144-a2ef-e44461d35697:c3568]
2019-09-17 12:48:48,301 [grpc-default-executor-1] INFO  client.GrpcClientProtocolClient (GrpcClientProtocolClient.java:onNext(264)) - client-E41C008B94D2->cb20f782-9136-4144-a2ef-e44461d35697: receive RaftClientReply:client-E41C008B94D2->cb20f782-9136-4144-a2ef-e44461d35697@group-EF222054BC57, cid=2515, SUCCESS, logIndex=3567, commits[cb20f782-9136-4144-a2ef-e44461d35697:c3568]
2019-09-17 12:48:48,302 [SCMBlockDeletingService#0] DEBUG block.SCMBlockDeletingService (SCMBlockDeletingService.java:call(138)) - Running DeletedBlockTransactionScanner
2019-09-17 12:48:48,302 [grpc-default-executor-1] INFO  client.GrpcClientProtocolClient (GrpcClientProtocolClient.java:onNext(264)) - client-E41C008B94D2->cb20f782-9136-4144-a2ef-e44461d35697: receive RaftClientReply:client-E41C008B94D2->cb20f782-9136-4144-a2ef-e44461d35697@group-EF222054BC57, cid=2516, SUCCESS, logIndex=3568, commits[cb20f782-9136-4144-a2ef-e44461d35697:c3569]
2019-09-17 12:48:48,302 [SCMBlockDeletingService#0] DEBUG block.SCMBlockDeletingService (SCMBlockDeletingService.java:call(155)) - Scanned deleted blocks log and got 0 delTX to process.
2019-09-17 12:48:48,322 [grpc-default-executor-1] INFO  client.GrpcClientProtocolClient (GrpcClientProtocolClient.java:onNext(264)) - client-E41C008B94D2->cb20f782-9136-4144-a2ef-e44461d35697: receive RaftClientReply:client-E41C008B94D2->cb20f782-9136-4144-a2ef-e44461d35697@group-EF222054BC57, cid=2517, SUCCESS, logIndex=3571, commits[cb20f782-9136-4144-a2ef-e44461d35697:c3572]
2019-09-17 12:48:48,322 [grpc-default-executor-1] INFO  client.GrpcClientProtocolClient (GrpcClientProtocolClient.java:onNext(264)) - client-E41C008B94D2->cb20f782-9136-4144-a2ef-e44461d35697: receive RaftClientReply:client-E41C008B94D2->cb20f782-9136-4144-a2ef-e44461d35697@group-EF222054BC57, cid=2518, SUCCESS, logIndex=3572, commits[cb20f782-9136-4144-a2ef-e44461d35697:c3573]
2019-09-17 12:48:48,402 [SCMBlockDeletingService#0] DEBUG block.SCMBlockDeletingService (SCMBlockDeletingService.java:call(138)) - Running DeletedBlockTransactionScanner
2019-09-17 12:48:48,403 [SCMBlockDeletingService#0] DEBUG block.SCMBlockDeletingService (SCMBlockDeletingService.java:call(155)) - Scanned deleted blocks log and got 0 delTX to process.
2019-09-17 12:48:48,424 [grpc-default-executor-1] INFO  client.GrpcClientProtocolClient (GrpcClientProtocolClient.java:onNext(264)) - client-E41C008B94D2->cb20f782-9136-4144-a2ef-e44461d35697: receive RaftClientReply:client-E41C008B94D2->cb20f782-9136-4144-a2ef-e44461d35697@group-EF222054BC57, cid=2519, SUCCESS, logIndex=3574, commits[cb20f782-9136-4144-a2ef-e44461d35697:c3575]
2019-09-17 12:48:48,425 [grpc-default-executor-1] INFO  client.GrpcClientProtocolClient (GrpcClientProtocolClient.java:onNext(264)) - client-E41C008B94D2->cb20f782-9136-4144-a2ef-e44461d35697: receive RaftClientReply:client-E41C008B94D2->cb20f782-9136-4144-a2ef-e44461d35697@group-EF222054BC57, cid=2520, SUCCESS, logIndex=3575, commits[cb20f782-9136-4144-a2ef-e44461d35697:c3576]
2019-09-17 12:48:48,452 [grpc-default-executor-1] INFO  client.GrpcClientProtocolClient (GrpcClientProtocolClient.java:onNext(264)) - client-E41C008B94D2->cb20f782-9136-4144-a2ef-e44461d35697: receive RaftClientReply:client-E41C008B94D2->cb20f782-9136-4144-a2ef-e44461d35697@group-EF222054BC57, cid=2521, SUCCESS, logIndex=3577, commits[cb20f782-9136-4144-a2ef-e44461d35697:c3580]
2019-09-17 12:48:48,452 [grpc-default-executor-1] INFO  client.GrpcClientProtocolClient (GrpcClientProtocolClient.java:onNext(264)) - client-E41C008B94D2->cb20f782-9136-4144-a2ef-e44461d35697: receive RaftClientReply:client-E41C008B94D2->cb20f782-9136-4144-a2ef-e44461d35697@group-EF222054BC57, cid=2522, SUCCESS, logIndex=3578, commits[cb20f782-9136-4144-a2ef-e44461d35697:c3580]
2019-09-17 12:48:48,452 [grpc-default-executor-1] INFO  client.GrpcClientProtocolClient (GrpcClientProtocolClient.java:onNext(264)) - client-E41C008B94D2->cb20f782-9136-4144-a2ef-e44461d35697: receive RaftClientReply:client-E41C008B94D2->cb20f782-9136-4144-a2ef-e44461d35697@group-EF222054BC57, cid=2523, SUCCESS, logIndex=3579, commits[cb20f782-9136-4144-a2ef-e44461d35697:c3581]
2019-09-17 12:48:48,453 [grpc-default-executor-1] INFO  client.GrpcClientProtocolClient (GrpcClientProtocolClient.java:onNext(264)) - client-E41C008B94D2->cb20f782-9136-4144-a2ef-e44461d35697: receive RaftClientReply:client-E41C008B94D2->cb20f782-9136-4144-a2ef-e44461d35697@group-EF222054BC57, cid=2524, SUCCESS, logIndex=3580, commits[cb20f782-9136-4144-a2ef-e44461d35697:c3581]
2019-09-17 12:48:48,471 [grpc-default-executor-1] INFO  client.GrpcClientProtocolClient (GrpcClientProtocolClient.java:onNext(264)) - client-E41C008B94D2->cb20f782-9136-4144-a2ef-e44461d35697: receive RaftClientReply:client-E41C008B94D2->cb20f782-9136-4144-a2ef-e44461d35697@group-EF222054BC57, cid=2525, SUCCESS, logIndex=3582, commits[cb20f782-9136-4144-a2ef-e44461d35697:c3585]
2019-09-17 12:48:48,472 [grpc-default-executor-1] INFO  client.GrpcClientProtocolClient (GrpcClientProtocolClient.java:onNext(264)) - client-E41C008B94D2->cb20f782-9136-4144-a2ef-e44461d35697: receive RaftClientReply:client-E41C008B94D2->cb20f782-9136-4144-a2ef-e44461d35697@group-EF222054BC57, cid=2526, SUCCESS, logIndex=3583, commits[cb20f782-9136-4144-a2ef-e44461d35697:c3585]
2019-09-17 12:48:48,472 [grpc-default-executor-1] INFO  client.GrpcClientProtocolClient (GrpcClientProtocolClient.java:onNext(264)) - client-E41C008B94D2->cb20f782-9136-4144-a2ef-e44461d35697: receive RaftClientReply:client-E41C008B94D2->cb20f782-9136-4144-a2ef-e44461d35697@group-EF222054BC57, cid=2527, SUCCESS, logIndex=3584, commits[cb20f782-9136-4144-a2ef-e44461d35697:c3586]
2019-09-17 12:48:48,472 [grpc-default-executor-1] INFO  client.GrpcClientProtocolClient (GrpcClientProtocolClient.java:onNext(264)) - client-E41C008B94D2->cb20f782-9136-4144-a2ef-e44461d35697: receive RaftClientReply:client-E41C008B94D2->cb20f782-9136-4144-a2ef-e44461d35697@group-EF222054BC57, cid=2528, SUCCESS, logIndex=3585, commits[cb20f782-9136-4144-a2ef-e44461d35697:c3586]
2019-09-17 12:48:48,502 [grpc-default-executor-2] INFO  client.GrpcClientProtocolClient (GrpcClientProtocolClient.java:onNext(264)) - client-E41C008B94D2->cb20f782-9136-4144-a2ef-e44461d35697: receive RaftClientReply:client-E41C008B94D2->cb20f782-9136-4144-a2ef-e44461d35697@group-EF222054BC57, cid=2529, SUCCESS, logIndex=3587, commits[cb20f782-9136-4144-a2ef-e44461d35697:c3588]
2019-09-17 12:48:48,503 [grpc-default-executor-2] INFO  client.GrpcClientProtocolClient (GrpcClientProtocolClient.java:onNext(264)) - client-E41C008B94D2->cb20f782-9136-4144-a2ef-e44461d35697: receive RaftClientReply:client-E41C008B94D2->cb20f782-9136-4144-a2ef-e44461d35697@group-EF222054BC57, cid=2530, SUCCESS, logIndex=3588, commits[cb20f782-9136-4144-a2ef-e44461d35697:c3588]
2019-09-17 12:48:48,503 [SCMBlockDeletingService#0] DEBUG block.SCMBlockDeletingService (SCMBlockDeletingService.java:call(138)) - Running DeletedBlockTransactionScanner
2019-09-17 12:48:48,503 [grpc-default-executor-2] INFO  client.GrpcClientProtocolClient (GrpcClientProtocolClient.java:onNext(264)) - client-E41C008B94D2->cb20f782-9136-4144-a2ef-e44461d35697: receive RaftClientReply:client-E41C008B94D2->cb20f782-9136-4144-a2ef-e44461d35697@group-EF222054BC57, cid=2531, SUCCESS, logIndex=3589, commits[cb20f782-9136-4144-a2ef-e44461d35697:c3590]
2019-09-17 12:48:48,503 [SCMBlockDeletingService#0] DEBUG block.SCMBlockDeletingService (SCMBlockDeletingService.java:call(155)) - Scanned deleted blocks log and got 0 delTX to process.
2019-09-17 12:48:48,503 [grpc-default-executor-2] INFO  client.GrpcClientProtocolClient (GrpcClientProtocolClient.java:onNext(264)) - client-E41C008B94D2->cb20f782-9136-4144-a2ef-e44461d35697: receive RaftClientReply:client-E41C008B94D2->cb20f782-9136-4144-a2ef-e44461d35697@group-EF222054BC57, cid=2532, SUCCESS, logIndex=3590, commits[cb20f782-9136-4144-a2ef-e44461d35697:c3591]
2019-09-17 12:48:48,521 [grpc-default-executor-1] INFO  client.GrpcClientProtocolClient (GrpcClientProtocolClient.java:onNext(264)) - client-E41C008B94D2->cb20f782-9136-4144-a2ef-e44461d35697: receive RaftClientReply:client-E41C008B94D2->cb20f782-9136-4144-a2ef-e44461d35697@group-EF222054BC57, cid=2533, SUCCESS, logIndex=3593, commits[cb20f782-9136-4144-a2ef-e44461d35697:c3594]
2019-09-17 12:48:48,521 [grpc-default-executor-1] INFO  client.GrpcClientProtocolClient (GrpcClientProtocolClient.java:onNext(264)) - client-E41C008B94D2->cb20f782-9136-4144-a2ef-e44461d35697: receive RaftClientReply:client-E41C008B94D2->cb20f782-9136-4144-a2ef-e44461d35697@group-EF222054BC57, cid=2534, SUCCESS, logIndex=3594, commits[cb20f782-9136-4144-a2ef-e44461d35697:c3596]
2019-09-17 12:48:48,521 [grpc-default-executor-1] INFO  client.GrpcClientProtocolClient (GrpcClientProtocolClient.java:onNext(264)) - client-E41C008B94D2->cb20f782-9136-4144-a2ef-e44461d35697: receive RaftClientReply:client-E41C008B94D2->cb20f782-9136-4144-a2ef-e44461d35697@group-EF222054BC57, cid=2535, SUCCESS, logIndex=3595, commits[cb20f782-9136-4144-a2ef-e44461d35697:c3596]
2019-09-17 12:48:48,522 [grpc-default-executor-1] INFO  client.GrpcClientProtocolClient (GrpcClientProtocolClient.java:onNext(264)) - client-E41C008B94D2->cb20f782-9136-4144-a2ef-e44461d35697: receive RaftClientReply:client-E41C008B94D2->cb20f782-9136-4144-a2ef-e44461d35697@group-EF222054BC57, cid=2536, SUCCESS, logIndex=3596, commits[cb20f782-9136-4144-a2ef-e44461d35697:c3597]
2019-09-17 12:48:48,548 [grpc-default-executor-1] INFO  client.GrpcClientProtocolClient (GrpcClientProtocolClient.java:onNext(264)) - client-E41C008B94D2->cb20f782-9136-4144-a2ef-e44461d35697: receive RaftClientReply:client-E41C008B94D2->cb20f782-9136-4144-a2ef-e44461d35697@group-EF222054BC57, cid=2537, SUCCESS, logIndex=3599, commits[cb20f782-9136-4144-a2ef-e44461d35697:c3602]
2019-09-17 12:48:48,549 [grpc-default-executor-1] INFO  client.GrpcClientProtocolClient (GrpcClientProtocolClient.java:onNext(264)) - client-E41C008B94D2->cb20f782-9136-4144-a2ef-e44461d35697: receive RaftClientReply:client-E41C008B94D2->cb20f782-9136-4144-a2ef-e44461d35697@group-EF222054BC57, cid=2538, SUCCESS, logIndex=3600, commits[cb20f782-9136-4144-a2ef-e44461d35697:c3603]
2019-09-17 12:48:48,549 [grpc-default-executor-1] INFO  client.GrpcClientProtocolClient (GrpcClientProtocolClient.java:onNext(264)) - client-E41C008B94D2->cb20f782-9136-4144-a2ef-e44461d35697: receive RaftClientReply:client-E41C008B94D2->cb20f782-9136-4144-a2ef-e44461d35697@group-EF222054BC57, cid=2539, SUCCESS, logIndex=3601, commits[cb20f782-9136-4144-a2ef-e44461d35697:c3603]
2019-09-17 12:48:48,549 [grpc-default-executor-1] INFO  client.GrpcClientProtocolClient (GrpcClientProtocolClient.java:onNext(264)) - client-E41C008B94D2->cb20f782-9136-4144-a2ef-e44461d35697: receive RaftClientReply:client-E41C008B94D2->cb20f782-9136-4144-a2ef-e44461d35697@group-EF222054BC57, cid=2540, SUCCESS, logIndex=3602, commits[cb20f782-9136-4144-a2ef-e44461d35697:c3603]
2019-09-17 12:48:48,570 [grpc-default-executor-1] INFO  client.GrpcClientProtocolClient (GrpcClientProtocolClient.java:onNext(264)) - client-E41C008B94D2->cb20f782-9136-4144-a2ef-e44461d35697: receive RaftClientReply:client-E41C008B94D2->cb20f782-9136-4144-a2ef-e44461d35697@group-EF222054BC57, cid=2541, SUCCESS, logIndex=3604, commits[cb20f782-9136-4144-a2ef-e44461d35697:c3607]
2019-09-17 12:48:48,571 [grpc-default-executor-1] INFO  client.GrpcClientProtocolClient (GrpcClientProtocolClient.java:onNext(264)) - client-E41C008B94D2->cb20f782-9136-4144-a2ef-e44461d35697: receive RaftClientReply:client-E41C008B94D2->cb20f782-9136-4144-a2ef-e44461d35697@group-EF222054BC57, cid=2542, SUCCESS, logIndex=3605, commits[cb20f782-9136-4144-a2ef-e44461d35697:c3607]
2019-09-17 12:48:48,571 [grpc-default-executor-1] INFO  client.GrpcClientProtocolClient (GrpcClientProtocolClient.java:onNext(264)) - client-E41C008B94D2->cb20f782-9136-4144-a2ef-e44461d35697: receive RaftClientReply:client-E41C008B94D2->cb20f782-9136-4144-a2ef-e44461d35697@group-EF222054BC57, cid=2543, SUCCESS, logIndex=3606, commits[cb20f782-9136-4144-a2ef-e44461d35697:c3607]
2019-09-17 12:48:48,571 [grpc-default-executor-1] INFO  client.GrpcClientProtocolClient (GrpcClientProtocolClient.java:onNext(264)) - client-E41C008B94D2->cb20f782-9136-4144-a2ef-e44461d35697: receive RaftClientReply:client-E41C008B94D2->cb20f782-9136-4144-a2ef-e44461d35697@group-EF222054BC57, cid=2544, SUCCESS, logIndex=3607, commits[cb20f782-9136-4144-a2ef-e44461d35697:c3608]
2019-09-17 12:48:48,601 [grpc-default-executor-2] INFO  client.GrpcClientProtocolClient (GrpcClientProtocolClient.java:onNext(264)) - client-E41C008B94D2->cb20f782-9136-4144-a2ef-e44461d35697: receive RaftClientReply:client-E41C008B94D2->cb20f782-9136-4144-a2ef-e44461d35697@group-EF222054BC57, cid=2545, SUCCESS, logIndex=3609, commits[cb20f782-9136-4144-a2ef-e44461d35697:c3612]
2019-09-17 12:48:48,602 [grpc-default-executor-2] INFO  client.GrpcClientProtocolClient (GrpcClientProtocolClient.java:onNext(264)) - client-E41C008B94D2->cb20f782-9136-4144-a2ef-e44461d35697: receive RaftClientReply:client-E41C008B94D2->cb20f782-9136-4144-a2ef-e44461d35697@group-EF222054BC57, cid=2546, SUCCESS, logIndex=3610, commits[cb20f782-9136-4144-a2ef-e44461d35697:c3613]
2019-09-17 12:48:48,602 [grpc-default-executor-2] INFO  client.GrpcClientProtocolClient (GrpcClientProtocolClient.java:onNext(264)) - client-E41C008B94D2->cb20f782-9136-4144-a2ef-e44461d35697: receive RaftClientReply:client-E41C008B94D2->cb20f782-9136-4144-a2ef-e44461d35697@group-EF222054BC57, cid=2547, SUCCESS, logIndex=3611, commits[cb20f782-9136-4144-a2ef-e44461d35697:c3613]
2019-09-17 12:48:48,602 [grpc-default-executor-2] INFO  client.GrpcClientProtocolClient (GrpcClientProtocolClient.java:onNext(264)) - client-E41C008B94D2->cb20f782-9136-4144-a2ef-e44461d35697: receive RaftClientReply:client-E41C008B94D2->cb20f782-9136-4144-a2ef-e44461d35697@group-EF222054BC57, cid=2548, SUCCESS, logIndex=3612, commits[cb20f782-9136-4144-a2ef-e44461d35697:c3613]
2019-09-17 12:48:48,604 [SCMBlockDeletingService#0] DEBUG block.SCMBlockDeletingService (SCMBlockDeletingService.java:call(138)) - Running DeletedBlockTransactionScanner
2019-09-17 12:48:48,604 [SCMBlockDeletingService#0] DEBUG block.SCMBlockDeletingService (SCMBlockDeletingService.java:call(155)) - Scanned deleted blocks log and got 0 delTX to process.
2019-09-17 12:48:48,622 [grpc-default-executor-2] INFO  client.GrpcClientProtocolClient (GrpcClientProtocolClient.java:onNext(264)) - client-E41C008B94D2->cb20f782-9136-4144-a2ef-e44461d35697: receive RaftClientReply:client-E41C008B94D2->cb20f782-9136-4144-a2ef-e44461d35697@group-EF222054BC57, cid=2549, SUCCESS, logIndex=3614, commits[cb20f782-9136-4144-a2ef-e44461d35697:c3617]
2019-09-17 12:48:48,623 [grpc-default-executor-2] INFO  client.GrpcClientProtocolClient (GrpcClientProtocolClient.java:onNext(264)) - client-E41C008B94D2->cb20f782-9136-4144-a2ef-e44461d35697: receive RaftClientReply:client-E41C008B94D2->cb20f782-9136-4144-a2ef-e44461d35697@group-EF222054BC57, cid=2550, SUCCESS, logIndex=3615, commits[cb20f782-9136-4144-a2ef-e44461d35697:c3618]
2019-09-17 12:48:48,623 [grpc-default-executor-2] INFO  client.GrpcClientProtocolClient (GrpcClientProtocolClient.java:onNext(264)) - client-E41C008B94D2->cb20f782-9136-4144-a2ef-e44461d35697: receive RaftClientReply:client-E41C008B94D2->cb20f782-9136-4144-a2ef-e44461d35697@group-EF222054BC57, cid=2551, SUCCESS, logIndex=3616, commits[cb20f782-9136-4144-a2ef-e44461d35697:c3618]
2019-09-17 12:48:48,623 [grpc-default-executor-2] INFO  client.GrpcClientProtocolClient (GrpcClientProtocolClient.java:onNext(264)) - client-E41C008B94D2->cb20f782-9136-4144-a2ef-e44461d35697: receive RaftClientReply:client-E41C008B94D2->cb20f782-9136-4144-a2ef-e44461d35697@group-EF222054BC57, cid=2552, SUCCESS, logIndex=3617, commits[cb20f782-9136-4144-a2ef-e44461d35697:c3618]
2019-09-17 12:48:48,652 [grpc-default-executor-2] INFO  client.GrpcClientProtocolClient (GrpcClientProtocolClient.java:onNext(264)) - client-E41C008B94D2->cb20f782-9136-4144-a2ef-e44461d35697: receive RaftClientReply:client-E41C008B94D2->cb20f782-9136-4144-a2ef-e44461d35697@group-EF222054BC57, cid=2553, SUCCESS, logIndex=3619, commits[cb20f782-9136-4144-a2ef-e44461d35697:c3622]
2019-09-17 12:48:48,653 [grpc-default-executor-2] INFO  client.GrpcClientProtocolClient (GrpcClientProtocolClient.java:onNext(264)) - client-E41C008B94D2->cb20f782-9136-4144-a2ef-e44461d35697: receive RaftClientReply:client-E41C008B94D2->cb20f782-9136-4144-a2ef-e44461d35697@group-EF222054BC57, cid=2554, SUCCESS, logIndex=3620, commits[cb20f782-9136-4144-a2ef-e44461d35697:c3623]
2019-09-17 12:48:48,653 [grpc-default-executor-2] INFO  client.GrpcClientProtocolClient (GrpcClientProtocolClient.java:onNext(264)) - client-E41C008B94D2->cb20f782-9136-4144-a2ef-e44461d35697: receive RaftClientReply:client-E41C008B94D2->cb20f782-9136-4144-a2ef-e44461d35697@group-EF222054BC57, cid=2555, SUCCESS, logIndex=3621, commits[cb20f782-9136-4144-a2ef-e44461d35697:c3623]
2019-09-17 12:48:48,653 [grpc-default-executor-2] INFO  client.GrpcClientProtocolClient (GrpcClientProtocolClient.java:onNext(264)) - client-E41C008B94D2->cb20f782-9136-4144-a2ef-e44461d35697: receive RaftClientReply:client-E41C008B94D2->cb20f782-9136-4144-a2ef-e44461d35697@group-EF222054BC57, cid=2556, SUCCESS, logIndex=3622, commits[cb20f782-9136-4144-a2ef-e44461d35697:c3623]
2019-09-17 12:48:48,671 [grpc-default-executor-1] INFO  client.GrpcClientProtocolClient (GrpcClientProtocolClient.java:onNext(264)) - client-E41C008B94D2->cb20f782-9136-4144-a2ef-e44461d35697: receive RaftClientReply:client-E41C008B94D2->cb20f782-9136-4144-a2ef-e44461d35697@group-EF222054BC57, cid=2557, SUCCESS, logIndex=3624, commits[cb20f782-9136-4144-a2ef-e44461d35697:c3625]
2019-09-17 12:48:48,672 [grpc-default-executor-1] INFO  client.GrpcClientProtocolClient (GrpcClientProtocolClient.java:onNext(264)) - client-E41C008B94D2->cb20f782-9136-4144-a2ef-e44461d35697: receive RaftClientReply:client-E41C008B94D2->cb20f782-9136-4144-a2ef-e44461d35697@group-EF222054BC57, cid=2558, SUCCESS, logIndex=3625, commits[cb20f782-9136-4144-a2ef-e44461d35697:c3627]
2019-09-17 12:48:48,672 [grpc-default-executor-1] INFO  client.GrpcClientProtocolClient (GrpcClientProtocolClient.java:onNext(264)) - client-E41C008B94D2->cb20f782-9136-4144-a2ef-e44461d35697: receive RaftClientReply:client-E41C008B94D2->cb20f782-9136-4144-a2ef-e44461d35697@group-EF222054BC57, cid=2559, SUCCESS, logIndex=3626, commits[cb20f782-9136-4144-a2ef-e44461d35697:c3627]
2019-09-17 12:48:48,673 [grpc-default-executor-1] INFO  client.GrpcClientProtocolClient (GrpcClientProtocolClient.java:onNext(264)) - client-E41C008B94D2->cb20f782-9136-4144-a2ef-e44461d35697: receive RaftClientReply:client-E41C008B94D2->cb20f782-9136-4144-a2ef-e44461d35697@group-EF222054BC57, cid=2560, SUCCESS, logIndex=3627, commits[cb20f782-9136-4144-a2ef-e44461d35697:c3628]
2019-09-17 12:48:48,768 [SCMBlockDeletingService#0] DEBUG block.SCMBlockDeletingService (SCMBlockDeletingService.java:call(138)) - Running DeletedBlockTransactionScanner
2019-09-17 12:48:48,768 [SCMBlockDeletingService#0] DEBUG block.SCMBlockDeletingService (SCMBlockDeletingService.java:call(155)) - Scanned deleted blocks log and got 0 delTX to process.
2019-09-17 12:48:48,786 [grpc-default-executor-1] INFO  client.GrpcClientProtocolClient (GrpcClientProtocolClient.java:onNext(264)) - client-E41C008B94D2->cb20f782-9136-4144-a2ef-e44461d35697: receive RaftClientReply:client-E41C008B94D2->cb20f782-9136-4144-a2ef-e44461d35697@group-EF222054BC57, cid=2561, SUCCESS, logIndex=3630, commits[cb20f782-9136-4144-a2ef-e44461d35697:c3631]
2019-09-17 12:48:48,786 [grpc-default-executor-1] INFO  client.GrpcClientProtocolClient (GrpcClientProtocolClient.java:onNext(264)) - client-E41C008B94D2->cb20f782-9136-4144-a2ef-e44461d35697: receive RaftClientReply:client-E41C008B94D2->cb20f782-9136-4144-a2ef-e44461d35697@group-EF222054BC57, cid=2562, SUCCESS, logIndex=3631, commits[cb20f782-9136-4144-a2ef-e44461d35697:c3632]
2019-09-17 12:48:48,869 [SCMBlockDeletingService#0] DEBUG block.SCMBlockDeletingService (SCMBlockDeletingService.java:call(138)) - Running DeletedBlockTransactionScanner
2019-09-17 12:48:48,869 [SCMBlockDeletingService#0] DEBUG block.SCMBlockDeletingService (SCMBlockDeletingService.java:call(155)) - Scanned deleted blocks log and got 0 delTX to process.
2019-09-17 12:48:48,928 [grpc-default-executor-2] INFO  client.GrpcClientProtocolClient (GrpcClientProtocolClient.java:onNext(264)) - client-E41C008B94D2->cb20f782-9136-4144-a2ef-e44461d35697: receive RaftClientReply:client-E41C008B94D2->cb20f782-9136-4144-a2ef-e44461d35697@group-EF222054BC57, cid=2563, SUCCESS, logIndex=3633, commits[cb20f782-9136-4144-a2ef-e44461d35697:c3634]
2019-09-17 12:48:48,929 [grpc-default-executor-2] INFO  client.GrpcClientProtocolClient (GrpcClientProtocolClient.java:onNext(264)) - client-E41C008B94D2->cb20f782-9136-4144-a2ef-e44461d35697: receive RaftClientReply:client-E41C008B94D2->cb20f782-9136-4144-a2ef-e44461d35697@group-EF222054BC57, cid=2564, SUCCESS, logIndex=3634, commits[cb20f782-9136-4144-a2ef-e44461d35697:c3634]
2019-09-17 12:48:48,952 [grpc-default-executor-1] INFO  client.GrpcClientProtocolClient (GrpcClientProtocolClient.java:onNext(264)) - client-E41C008B94D2->cb20f782-9136-4144-a2ef-e44461d35697: receive RaftClientReply:client-E41C008B94D2->cb20f782-9136-4144-a2ef-e44461d35697@group-EF222054BC57, cid=2565, SUCCESS, logIndex=3636, commits[cb20f782-9136-4144-a2ef-e44461d35697:c3639]
2019-09-17 12:48:48,952 [grpc-default-executor-1] INFO  client.GrpcClientProtocolClient (GrpcClientProtocolClient.java:onNext(264)) - client-E41C008B94D2->cb20f782-9136-4144-a2ef-e44461d35697: receive RaftClientReply:client-E41C008B94D2->cb20f782-9136-4144-a2ef-e44461d35697@group-EF222054BC57, cid=2566, SUCCESS, logIndex=3637, commits[cb20f782-9136-4144-a2ef-e44461d35697:c3640]
2019-09-17 12:48:48,953 [grpc-default-executor-1] INFO  client.GrpcClientProtocolClient (GrpcClientProtocolClient.java:onNext(264)) - client-E41C008B94D2->cb20f782-9136-4144-a2ef-e44461d35697: receive RaftClientReply:client-E41C008B94D2->cb20f782-9136-4144-a2ef-e44461d35697@group-EF222054BC57, cid=2567, SUCCESS, logIndex=3638, commits[cb20f782-9136-4144-a2ef-e44461d35697:c3640]
2019-09-17 12:48:48,953 [grpc-default-executor-1] INFO  client.GrpcClientProtocolClient (GrpcClientProtocolClient.java:onNext(264)) - client-E41C008B94D2->cb20f782-9136-4144-a2ef-e44461d35697: receive RaftClientReply:client-E41C008B94D2->cb20f782-9136-4144-a2ef-e44461d35697@group-EF222054BC57, cid=2568, SUCCESS, logIndex=3639, commits[cb20f782-9136-4144-a2ef-e44461d35697:c3640]
2019-09-17 12:48:48,970 [SCMBlockDeletingService#0] DEBUG block.SCMBlockDeletingService (SCMBlockDeletingService.java:call(138)) - Running DeletedBlockTransactionScanner
2019-09-17 12:48:48,970 [SCMBlockDeletingService#0] DEBUG block.SCMBlockDeletingService (SCMBlockDeletingService.java:call(155)) - Scanned deleted blocks log and got 0 delTX to process.
2019-09-17 12:48:48,981 [grpc-default-executor-2] INFO  client.GrpcClientProtocolClient (GrpcClientProtocolClient.java:onNext(264)) - client-E41C008B94D2->cb20f782-9136-4144-a2ef-e44461d35697: receive RaftClientReply:client-E41C008B94D2->cb20f782-9136-4144-a2ef-e44461d35697@group-EF222054BC57, cid=2569, SUCCESS, logIndex=3641, commits[cb20f782-9136-4144-a2ef-e44461d35697:c3642]
2019-09-17 12:48:48,982 [grpc-default-executor-2] INFO  client.GrpcClientProtocolClient (GrpcClientProtocolClient.java:onNext(264)) - client-E41C008B94D2->cb20f782-9136-4144-a2ef-e44461d35697: receive RaftClientReply:client-E41C008B94D2->cb20f782-9136-4144-a2ef-e44461d35697@group-EF222054BC57, cid=2570, SUCCESS, logIndex=3642, commits[cb20f782-9136-4144-a2ef-e44461d35697:c3644]
2019-09-17 12:48:48,982 [grpc-default-executor-2] INFO  client.GrpcClientProtocolClient (GrpcClientProtocolClient.java:onNext(264)) - client-E41C008B94D2->cb20f782-9136-4144-a2ef-e44461d35697: receive RaftClientReply:client-E41C008B94D2->cb20f782-9136-4144-a2ef-e44461d35697@group-EF222054BC57, cid=2571, SUCCESS, logIndex=3643, commits[cb20f782-9136-4144-a2ef-e44461d35697:c3645]
2019-09-17 12:48:48,982 [grpc-default-executor-2] INFO  client.GrpcClientProtocolClient (GrpcClientProtocolClient.java:onNext(264)) - client-E41C008B94D2->cb20f782-9136-4144-a2ef-e44461d35697: receive RaftClientReply:client-E41C008B94D2->cb20f782-9136-4144-a2ef-e44461d35697@group-EF222054BC57, cid=2572, SUCCESS, logIndex=3644, commits[cb20f782-9136-4144-a2ef-e44461d35697:c3645]
2019-09-17 12:48:49,003 [grpc-default-executor-1] INFO  client.GrpcClientProtocolClient (GrpcClientProtocolClient.java:onNext(264)) - client-E41C008B94D2->cb20f782-9136-4144-a2ef-e44461d35697: receive RaftClientReply:client-E41C008B94D2->cb20f782-9136-4144-a2ef-e44461d35697@group-EF222054BC57, cid=2573, SUCCESS, logIndex=3647, commits[cb20f782-9136-4144-a2ef-e44461d35697:c3648]
2019-09-17 12:48:49,003 [grpc-default-executor-1] INFO  client.GrpcClientProtocolClient (GrpcClientProtocolClient.java:onNext(264)) - client-E41C008B94D2->cb20f782-9136-4144-a2ef-e44461d35697: receive RaftClientReply:client-E41C008B94D2->cb20f782-9136-4144-a2ef-e44461d35697@group-EF222054BC57, cid=2574, SUCCESS, logIndex=3648, commits[cb20f782-9136-4144-a2ef-e44461d35697:c3650]
2019-09-17 12:48:49,003 [grpc-default-executor-1] INFO  client.GrpcClientProtocolClient (GrpcClientProtocolClient.java:onNext(264)) - client-E41C008B94D2->cb20f782-9136-4144-a2ef-e44461d35697: receive RaftClientReply:client-E41C008B94D2->cb20f782-9136-4144-a2ef-e44461d35697@group-EF222054BC57, cid=2575, SUCCESS, logIndex=3649, commits[cb20f782-9136-4144-a2ef-e44461d35697:c3651]
2019-09-17 12:48:49,004 [grpc-default-executor-1] INFO  client.GrpcClientProtocolClient (GrpcClientProtocolClient.java:onNext(264)) - client-E41C008B94D2->cb20f782-9136-4144-a2ef-e44461d35697: receive RaftClientReply:client-E41C008B94D2->cb20f782-9136-4144-a2ef-e44461d35697@group-EF222054BC57, cid=2576, SUCCESS, logIndex=3650, commits[cb20f782-9136-4144-a2ef-e44461d35697:c3651]
2019-09-17 12:48:49,032 [grpc-default-executor-2] INFO  client.GrpcClientProtocolClient (GrpcClientProtocolClient.java:onNext(264)) - client-E41C008B94D2->cb20f782-9136-4144-a2ef-e44461d35697: receive RaftClientReply:client-E41C008B94D2->cb20f782-9136-4144-a2ef-e44461d35697@group-EF222054BC57, cid=2577, SUCCESS, logIndex=3653, commits[cb20f782-9136-4144-a2ef-e44461d35697:c3656]
2019-09-17 12:48:49,033 [grpc-default-executor-2] INFO  client.GrpcClientProtocolClient (GrpcClientProtocolClient.java:onNext(264)) - client-E41C008B94D2->cb20f782-9136-4144-a2ef-e44461d35697: receive RaftClientReply:client-E41C008B94D2->cb20f782-9136-4144-a2ef-e44461d35697@group-EF222054BC57, cid=2578, SUCCESS, logIndex=3654, commits[cb20f782-9136-4144-a2ef-e44461d35697:c3656]
2019-09-17 12:48:49,033 [grpc-default-executor-2] INFO  client.GrpcClientProtocolClient (GrpcClientProtocolClient.java:onNext(264)) - client-E41C008B94D2->cb20f782-9136-4144-a2ef-e44461d35697: receive RaftClientReply:client-E41C008B94D2->cb20f782-9136-4144-a2ef-e44461d35697@group-EF222054BC57, cid=2579, SUCCESS, logIndex=3655, commits[cb20f782-9136-4144-a2ef-e44461d35697:c3656]
2019-09-17 12:48:49,033 [grpc-default-executor-2] INFO  client.GrpcClientProtocolClient (GrpcClientProtocolClient.java:onNext(264)) - client-E41C008B94D2->cb20f782-9136-4144-a2ef-e44461d35697: receive RaftClientReply:client-E41C008B94D2->cb20f782-9136-4144-a2ef-e44461d35697@group-EF222054BC57, cid=2580, SUCCESS, logIndex=3656, commits[cb20f782-9136-4144-a2ef-e44461d35697:c3656]
2019-09-17 12:48:49,051 [grpc-default-executor-2] INFO  client.GrpcClientProtocolClient (GrpcClientProtocolClient.java:onNext(264)) - client-E41C008B94D2->cb20f782-9136-4144-a2ef-e44461d35697: receive RaftClientReply:client-E41C008B94D2->cb20f782-9136-4144-a2ef-e44461d35697@group-EF222054BC57, cid=2581, SUCCESS, logIndex=3659, commits[cb20f782-9136-4144-a2ef-e44461d35697:c3660]
2019-09-17 12:48:49,052 [grpc-default-executor-2] INFO  client.GrpcClientProtocolClient (GrpcClientProtocolClient.java:onNext(264)) - client-E41C008B94D2->cb20f782-9136-4144-a2ef-e44461d35697: receive RaftClientReply:client-E41C008B94D2->cb20f782-9136-4144-a2ef-e44461d35697@group-EF222054BC57, cid=2582, SUCCESS, logIndex=3660, commits[cb20f782-9136-4144-a2ef-e44461d35697:c3662]
2019-09-17 12:48:49,052 [grpc-default-executor-2] INFO  client.GrpcClientProtocolClient (GrpcClientProtocolClient.java:onNext(264)) - client-E41C008B94D2->cb20f782-9136-4144-a2ef-e44461d35697: receive RaftClientReply:client-E41C008B94D2->cb20f782-9136-4144-a2ef-e44461d35697@group-EF222054BC57, cid=2583, SUCCESS, logIndex=3661, commits[cb20f782-9136-4144-a2ef-e44461d35697:c3663]
2019-09-17 12:48:49,052 [grpc-default-executor-2] INFO  client.GrpcClientProtocolClient (GrpcClientProtocolClient.java:onNext(264)) - client-E41C008B94D2->cb20f782-9136-4144-a2ef-e44461d35697: receive RaftClientReply:client-E41C008B94D2->cb20f782-9136-4144-a2ef-e44461d35697@group-EF222054BC57, cid=2584, SUCCESS, logIndex=3662, commits[cb20f782-9136-4144-a2ef-e44461d35697:c3663]
2019-09-17 12:48:49,070 [SCMBlockDeletingService#0] DEBUG block.SCMBlockDeletingService (SCMBlockDeletingService.java:call(138)) - Running DeletedBlockTransactionScanner
2019-09-17 12:48:49,070 [SCMBlockDeletingService#0] DEBUG block.SCMBlockDeletingService (SCMBlockDeletingService.java:call(155)) - Scanned deleted blocks log and got 0 delTX to process.
2019-09-17 12:48:49,083 [grpc-default-executor-2] INFO  client.GrpcClientProtocolClient (GrpcClientProtocolClient.java:onNext(264)) - client-E41C008B94D2->cb20f782-9136-4144-a2ef-e44461d35697: receive RaftClientReply:client-E41C008B94D2->cb20f782-9136-4144-a2ef-e44461d35697@group-EF222054BC57, cid=2585, SUCCESS, logIndex=3665, commits[cb20f782-9136-4144-a2ef-e44461d35697:c3668]
2019-09-17 12:48:49,084 [grpc-default-executor-2] INFO  client.GrpcClientProtocolClient (GrpcClientProtocolClient.java:onNext(264)) - client-E41C008B94D2->cb20f782-9136-4144-a2ef-e44461d35697: receive RaftClientReply:client-E41C008B94D2->cb20f782-9136-4144-a2ef-e44461d35697@group-EF222054BC57, cid=2586, SUCCESS, logIndex=3666, commits[cb20f782-9136-4144-a2ef-e44461d35697:c3669]
2019-09-17 12:48:49,084 [grpc-default-executor-2] INFO  client.GrpcClientProtocolClient (GrpcClientProtocolClient.java:onNext(264)) - client-E41C008B94D2->cb20f782-9136-4144-a2ef-e44461d35697: receive RaftClientReply:client-E41C008B94D2->cb20f782-9136-4144-a2ef-e44461d35697@group-EF222054BC57, cid=2587, SUCCESS, logIndex=3667, commits[cb20f782-9136-4144-a2ef-e44461d35697:c3669]
2019-09-17 12:48:49,085 [grpc-default-executor-2] INFO  client.GrpcClientProtocolClient (GrpcClientProtocolClient.java:onNext(264)) - client-E41C008B94D2->cb20f782-9136-4144-a2ef-e44461d35697: receive RaftClientReply:client-E41C008B94D2->cb20f782-9136-4144-a2ef-e44461d35697@group-EF222054BC57, cid=2588, SUCCESS, logIndex=3668, commits[cb20f782-9136-4144-a2ef-e44461d35697:c3669]
2019-09-17 12:48:49,104 [grpc-default-executor-2] INFO  client.GrpcClientProtocolClient (GrpcClientProtocolClient.java:onNext(264)) - client-E41C008B94D2->cb20f782-9136-4144-a2ef-e44461d35697: receive RaftClientReply:client-E41C008B94D2->cb20f782-9136-4144-a2ef-e44461d35697@group-EF222054BC57, cid=2589, SUCCESS, logIndex=3670, commits[cb20f782-9136-4144-a2ef-e44461d35697:c3671]
2019-09-17 12:48:49,105 [grpc-default-executor-2] INFO  client.GrpcClientProtocolClient (GrpcClientProtocolClient.java:onNext(264)) - client-E41C008B94D2->cb20f782-9136-4144-a2ef-e44461d35697: receive RaftClientReply:client-E41C008B94D2->cb20f782-9136-4144-a2ef-e44461d35697@group-EF222054BC57, cid=2590, SUCCESS, logIndex=3671, commits[cb20f782-9136-4144-a2ef-e44461d35697:c3673]
2019-09-17 12:48:49,105 [grpc-default-executor-2] INFO  client.GrpcClientProtocolClient (GrpcClientProtocolClient.java:onNext(264)) - client-E41C008B94D2->cb20f782-9136-4144-a2ef-e44461d35697: receive RaftClientReply:client-E41C008B94D2->cb20f782-9136-4144-a2ef-e44461d35697@group-EF222054BC57, cid=2591, SUCCESS, logIndex=3672, commits[cb20f782-9136-4144-a2ef-e44461d35697:c3673]
2019-09-17 12:48:49,105 [grpc-default-executor-2] INFO  client.GrpcClientProtocolClient (GrpcClientProtocolClient.java:onNext(264)) - client-E41C008B94D2->cb20f782-9136-4144-a2ef-e44461d35697: receive RaftClientReply:client-E41C008B94D2->cb20f782-9136-4144-a2ef-e44461d35697@group-EF222054BC57, cid=2592, SUCCESS, logIndex=3673, commits[cb20f782-9136-4144-a2ef-e44461d35697:c3674]
2019-09-17 12:48:49,132 [grpc-default-executor-2] INFO  client.GrpcClientProtocolClient (GrpcClientProtocolClient.java:onNext(264)) - client-E41C008B94D2->cb20f782-9136-4144-a2ef-e44461d35697: receive RaftClientReply:client-E41C008B94D2->cb20f782-9136-4144-a2ef-e44461d35697@group-EF222054BC57, cid=2593, SUCCESS, logIndex=3676, commits[cb20f782-9136-4144-a2ef-e44461d35697:c3677]
2019-09-17 12:48:49,133 [grpc-default-executor-2] INFO  client.GrpcClientProtocolClient (GrpcClientProtocolClient.java:onNext(264)) - client-E41C008B94D2->cb20f782-9136-4144-a2ef-e44461d35697: receive RaftClientReply:client-E41C008B94D2->cb20f782-9136-4144-a2ef-e44461d35697@group-EF222054BC57, cid=2594, SUCCESS, logIndex=3677, commits[cb20f782-9136-4144-a2ef-e44461d35697:c3679]
2019-09-17 12:48:49,133 [grpc-default-executor-2] INFO  client.GrpcClientProtocolClient (GrpcClientProtocolClient.java:onNext(264)) - client-E41C008B94D2->cb20f782-9136-4144-a2ef-e44461d35697: receive RaftClientReply:client-E41C008B94D2->cb20f782-9136-4144-a2ef-e44461d35697@group-EF222054BC57, cid=2595, SUCCESS, logIndex=3678, commits[cb20f782-9136-4144-a2ef-e44461d35697:c3680]
2019-09-17 12:48:49,133 [grpc-default-executor-2] INFO  client.GrpcClientProtocolClient (GrpcClientProtocolClient.java:onNext(264)) - client-E41C008B94D2->cb20f782-9136-4144-a2ef-e44461d35697: receive RaftClientReply:client-E41C008B94D2->cb20f782-9136-4144-a2ef-e44461d35697@group-EF222054BC57, cid=2596, SUCCESS, logIndex=3679, commits[cb20f782-9136-4144-a2ef-e44461d35697:c3680]
2019-09-17 12:48:49,149 [grpc-default-executor-1] INFO  client.GrpcClientProtocolClient (GrpcClientProtocolClient.java:onNext(264)) - client-E41C008B94D2->cb20f782-9136-4144-a2ef-e44461d35697: receive RaftClientReply:client-E41C008B94D2->cb20f782-9136-4144-a2ef-e44461d35697@group-EF222054BC57, cid=2597, SUCCESS, logIndex=3682, commits[cb20f782-9136-4144-a2ef-e44461d35697:c3683]
2019-09-17 12:48:49,149 [grpc-default-executor-1] INFO  client.GrpcClientProtocolClient (GrpcClientProtocolClient.java:onNext(264)) - client-E41C008B94D2->cb20f782-9136-4144-a2ef-e44461d35697: receive RaftClientReply:client-E41C008B94D2->cb20f782-9136-4144-a2ef-e44461d35697@group-EF222054BC57, cid=2598, SUCCESS, logIndex=3683, commits[cb20f782-9136-4144-a2ef-e44461d35697:c3685]
2019-09-17 12:48:49,149 [grpc-default-executor-1] INFO  client.GrpcClientProtocolClient (GrpcClientProtocolClient.java:onNext(264)) - client-E41C008B94D2->cb20f782-9136-4144-a2ef-e44461d35697: receive RaftClientReply:client-E41C008B94D2->cb20f782-9136-4144-a2ef-e44461d35697@group-EF222054BC57, cid=2599, SUCCESS, logIndex=3684, commits[cb20f782-9136-4144-a2ef-e44461d35697:c3685]
2019-09-17 12:48:49,150 [grpc-default-executor-1] INFO  client.GrpcClientProtocolClient (GrpcClientProtocolClient.java:onNext(264)) - client-E41C008B94D2->cb20f782-9136-4144-a2ef-e44461d35697: receive RaftClientReply:client-E41C008B94D2->cb20f782-9136-4144-a2ef-e44461d35697@group-EF222054BC57, cid=2600, SUCCESS, logIndex=3685, commits[cb20f782-9136-4144-a2ef-e44461d35697:c3685]
2019-09-17 12:48:49,171 [SCMBlockDeletingService#0] DEBUG block.SCMBlockDeletingService (SCMBlockDeletingService.java:call(138)) - Running DeletedBlockTransactionScanner
2019-09-17 12:48:49,171 [SCMBlockDeletingService#0] DEBUG block.SCMBlockDeletingService (SCMBlockDeletingService.java:call(155)) - Scanned deleted blocks log and got 0 delTX to process.
2019-09-17 12:48:49,174 [grpc-default-executor-1] INFO  client.GrpcClientProtocolClient (GrpcClientProtocolClient.java:onNext(264)) - client-E41C008B94D2->cb20f782-9136-4144-a2ef-e44461d35697: receive RaftClientReply:client-E41C008B94D2->cb20f782-9136-4144-a2ef-e44461d35697@group-EF222054BC57, cid=2601, SUCCESS, logIndex=3688, commits[cb20f782-9136-4144-a2ef-e44461d35697:c3691]
2019-09-17 12:48:49,175 [grpc-default-executor-1] INFO  client.GrpcClientProtocolClient (GrpcClientProtocolClient.java:onNext(264)) - client-E41C008B94D2->cb20f782-9136-4144-a2ef-e44461d35697: receive RaftClientReply:client-E41C008B94D2->cb20f782-9136-4144-a2ef-e44461d35697@group-EF222054BC57, cid=2602, SUCCESS, logIndex=3689, commits[cb20f782-9136-4144-a2ef-e44461d35697:c3691]
2019-09-17 12:48:49,175 [grpc-default-executor-1] INFO  client.GrpcClientProtocolClient (GrpcClientProtocolClient.java:onNext(264)) - client-E41C008B94D2->cb20f782-9136-4144-a2ef-e44461d35697: receive RaftClientReply:client-E41C008B94D2->cb20f782-9136-4144-a2ef-e44461d35697@group-EF222054BC57, cid=2603, SUCCESS, logIndex=3690, commits[cb20f782-9136-4144-a2ef-e44461d35697:c3691]
2019-09-17 12:48:49,175 [grpc-default-executor-1] INFO  client.GrpcClientProtocolClient (GrpcClientProtocolClient.java:onNext(264)) - client-E41C008B94D2->cb20f782-9136-4144-a2ef-e44461d35697: receive RaftClientReply:client-E41C008B94D2->cb20f782-9136-4144-a2ef-e44461d35697@group-EF222054BC57, cid=2604, SUCCESS, logIndex=3691, commits[cb20f782-9136-4144-a2ef-e44461d35697:c3692]
2019-09-17 12:48:49,202 [grpc-default-executor-1] INFO  client.GrpcClientProtocolClient (GrpcClientProtocolClient.java:onNext(264)) - client-E41C008B94D2->cb20f782-9136-4144-a2ef-e44461d35697: receive RaftClientReply:client-E41C008B94D2->cb20f782-9136-4144-a2ef-e44461d35697@group-EF222054BC57, cid=2605, SUCCESS, logIndex=3693, commits[cb20f782-9136-4144-a2ef-e44461d35697:c3694]
2019-09-17 12:48:49,202 [grpc-default-executor-1] INFO  client.GrpcClientProtocolClient (GrpcClientProtocolClient.java:onNext(264)) - client-E41C008B94D2->cb20f782-9136-4144-a2ef-e44461d35697: receive RaftClientReply:client-E41C008B94D2->cb20f782-9136-4144-a2ef-e44461d35697@group-EF222054BC57, cid=2606, SUCCESS, logIndex=3694, commits[cb20f782-9136-4144-a2ef-e44461d35697:c3696]
2019-09-17 12:48:49,202 [grpc-default-executor-1] INFO  client.GrpcClientProtocolClient (GrpcClientProtocolClient.java:onNext(264)) - client-E41C008B94D2->cb20f782-9136-4144-a2ef-e44461d35697: receive RaftClientReply:client-E41C008B94D2->cb20f782-9136-4144-a2ef-e44461d35697@group-EF222054BC57, cid=2607, SUCCESS, logIndex=3695, commits[cb20f782-9136-4144-a2ef-e44461d35697:c3696]
2019-09-17 12:48:49,202 [grpc-default-executor-1] INFO  client.GrpcClientProtocolClient (GrpcClientProtocolClient.java:onNext(264)) - client-E41C008B94D2->cb20f782-9136-4144-a2ef-e44461d35697: receive RaftClientReply:client-E41C008B94D2->cb20f782-9136-4144-a2ef-e44461d35697@group-EF222054BC57, cid=2608, SUCCESS, logIndex=3696, commits[cb20f782-9136-4144-a2ef-e44461d35697:c3697]
2019-09-17 12:48:49,271 [SCMBlockDeletingService#0] DEBUG block.SCMBlockDeletingService (SCMBlockDeletingService.java:call(138)) - Running DeletedBlockTransactionScanner
2019-09-17 12:48:49,272 [SCMBlockDeletingService#0] DEBUG block.SCMBlockDeletingService (SCMBlockDeletingService.java:call(155)) - Scanned deleted blocks log and got 0 delTX to process.
2019-09-17 12:48:49,315 [grpc-default-executor-1] INFO  client.GrpcClientProtocolClient (GrpcClientProtocolClient.java:onNext(264)) - client-E41C008B94D2->cb20f782-9136-4144-a2ef-e44461d35697: receive RaftClientReply:client-E41C008B94D2->cb20f782-9136-4144-a2ef-e44461d35697@group-EF222054BC57, cid=2609, SUCCESS, logIndex=3699, commits[cb20f782-9136-4144-a2ef-e44461d35697:c3702]
2019-09-17 12:48:49,315 [grpc-default-executor-2] INFO  client.GrpcClientProtocolClient (GrpcClientProtocolClient.java:onNext(264)) - client-E41C008B94D2->cb20f782-9136-4144-a2ef-e44461d35697: receive RaftClientReply:client-E41C008B94D2->cb20f782-9136-4144-a2ef-e44461d35697@group-EF222054BC57, cid=2610, SUCCESS, logIndex=3700, commits[cb20f782-9136-4144-a2ef-e44461d35697:c3703]
2019-09-17 12:48:49,315 [grpc-default-executor-2] INFO  client.GrpcClientProtocolClient (GrpcClientProtocolClient.java:onNext(264)) - client-E41C008B94D2->cb20f782-9136-4144-a2ef-e44461d35697: receive RaftClientReply:client-E41C008B94D2->cb20f782-9136-4144-a2ef-e44461d35697@group-EF222054BC57, cid=2611, SUCCESS, logIndex=3701, commits[cb20f782-9136-4144-a2ef-e44461d35697:c3703]
2019-09-17 12:48:49,316 [grpc-default-executor-2] INFO  client.GrpcClientProtocolClient (GrpcClientProtocolClient.java:onNext(264)) - client-E41C008B94D2->cb20f782-9136-4144-a2ef-e44461d35697: receive RaftClientReply:client-E41C008B94D2->cb20f782-9136-4144-a2ef-e44461d35697@group-EF222054BC57, cid=2612, SUCCESS, logIndex=3702, commits[cb20f782-9136-4144-a2ef-e44461d35697:c3703]
2019-09-17 12:48:49,335 [grpc-default-executor-1] INFO  client.GrpcClientProtocolClient (GrpcClientProtocolClient.java:onNext(264)) - client-E41C008B94D2->cb20f782-9136-4144-a2ef-e44461d35697: receive RaftClientReply:client-E41C008B94D2->cb20f782-9136-4144-a2ef-e44461d35697@group-EF222054BC57, cid=2613, SUCCESS, logIndex=3704, commits[cb20f782-9136-4144-a2ef-e44461d35697:c3707]
2019-09-17 12:48:49,336 [grpc-default-executor-1] INFO  client.GrpcClientProtocolClient (GrpcClientProtocolClient.java:onNext(264)) - client-E41C008B94D2->cb20f782-9136-4144-a2ef-e44461d35697: receive RaftClientReply:client-E41C008B94D2->cb20f782-9136-4144-a2ef-e44461d35697@group-EF222054BC57, cid=2614, SUCCESS, logIndex=3705, commits[cb20f782-9136-4144-a2ef-e44461d35697:c3708]
2019-09-17 12:48:49,336 [grpc-default-executor-1] INFO  client.GrpcClientProtocolClient (GrpcClientProtocolClient.java:onNext(264)) - client-E41C008B94D2->cb20f782-9136-4144-a2ef-e44461d35697: receive RaftClientReply:client-E41C008B94D2->cb20f782-9136-4144-a2ef-e44461d35697@group-EF222054BC57, cid=2615, SUCCESS, logIndex=3706, commits[cb20f782-9136-4144-a2ef-e44461d35697:c3708]
2019-09-17 12:48:49,336 [grpc-default-executor-1] INFO  client.GrpcClientProtocolClient (GrpcClientProtocolClient.java:onNext(264)) - client-E41C008B94D2->cb20f782-9136-4144-a2ef-e44461d35697: receive RaftClientReply:client-E41C008B94D2->cb20f782-9136-4144-a2ef-e44461d35697@group-EF222054BC57, cid=2616, SUCCESS, logIndex=3707, commits[cb20f782-9136-4144-a2ef-e44461d35697:c3708]
2019-09-17 12:48:49,364 [grpc-default-executor-1] INFO  client.GrpcClientProtocolClient (GrpcClientProtocolClient.java:onNext(264)) - client-E41C008B94D2->cb20f782-9136-4144-a2ef-e44461d35697: receive RaftClientReply:client-E41C008B94D2->cb20f782-9136-4144-a2ef-e44461d35697@group-EF222054BC57, cid=2617, SUCCESS, logIndex=3709, commits[cb20f782-9136-4144-a2ef-e44461d35697:c3710]
2019-09-17 12:48:49,365 [grpc-default-executor-1] INFO  client.GrpcClientProtocolClient (GrpcClientProtocolClient.java:onNext(264)) - client-E41C008B94D2->cb20f782-9136-4144-a2ef-e44461d35697: receive RaftClientReply:client-E41C008B94D2->cb20f782-9136-4144-a2ef-e44461d35697@group-EF222054BC57, cid=2618, SUCCESS, logIndex=3710, commits[cb20f782-9136-4144-a2ef-e44461d35697:c3712]
2019-09-17 12:48:49,366 [grpc-default-executor-1] INFO  client.GrpcClientProtocolClient (GrpcClientProtocolClient.java:onNext(264)) - client-E41C008B94D2->cb20f782-9136-4144-a2ef-e44461d35697: receive RaftClientReply:client-E41C008B94D2->cb20f782-9136-4144-a2ef-e44461d35697@group-EF222054BC57, cid=2619, SUCCESS, logIndex=3711, commits[cb20f782-9136-4144-a2ef-e44461d35697:c3713]
2019-09-17 12:48:49,366 [grpc-default-executor-1] INFO  client.GrpcClientProtocolClient (GrpcClientProtocolClient.java:onNext(264)) - client-E41C008B94D2->cb20f782-9136-4144-a2ef-e44461d35697: receive RaftClientReply:client-E41C008B94D2->cb20f782-9136-4144-a2ef-e44461d35697@group-EF222054BC57, cid=2620, SUCCESS, logIndex=3712, commits[cb20f782-9136-4144-a2ef-e44461d35697:c3714]
2019-09-17 12:48:49,372 [SCMBlockDeletingService#0] DEBUG block.SCMBlockDeletingService (SCMBlockDeletingService.java:call(138)) - Running DeletedBlockTransactionScanner
2019-09-17 12:48:49,372 [SCMBlockDeletingService#0] DEBUG block.SCMBlockDeletingService (SCMBlockDeletingService.java:call(155)) - Scanned deleted blocks log and got 0 delTX to process.
2019-09-17 12:48:49,387 [grpc-default-executor-1] INFO  client.GrpcClientProtocolClient (GrpcClientProtocolClient.java:onNext(264)) - client-E41C008B94D2->cb20f782-9136-4144-a2ef-e44461d35697: receive RaftClientReply:client-E41C008B94D2->cb20f782-9136-4144-a2ef-e44461d35697@group-EF222054BC57, cid=2621, SUCCESS, logIndex=3715, commits[cb20f782-9136-4144-a2ef-e44461d35697:c3716]
2019-09-17 12:48:49,387 [grpc-default-executor-1] INFO  client.GrpcClientProtocolClient (GrpcClientProtocolClient.java:onNext(264)) - client-E41C008B94D2->cb20f782-9136-4144-a2ef-e44461d35697: receive RaftClientReply:client-E41C008B94D2->cb20f782-9136-4144-a2ef-e44461d35697@group-EF222054BC57, cid=2622, SUCCESS, logIndex=3716, commits[cb20f782-9136-4144-a2ef-e44461d35697:c3716]
2019-09-17 12:48:49,404 [grpc-default-executor-1] INFO  client.GrpcClientProtocolClient (GrpcClientProtocolClient.java:onNext(264)) - client-E41C008B94D2->cb20f782-9136-4144-a2ef-e44461d35697: receive RaftClientReply:client-E41C008B94D2->cb20f782-9136-4144-a2ef-e44461d35697@group-EF222054BC57, cid=2623, SUCCESS, logIndex=3717, commits[cb20f782-9136-4144-a2ef-e44461d35697:c3719]
2019-09-17 12:48:49,404 [grpc-default-executor-1] INFO  client.GrpcClientProtocolClient (GrpcClientProtocolClient.java:onNext(264)) - client-E41C008B94D2->cb20f782-9136-4144-a2ef-e44461d35697: receive RaftClientReply:client-E41C008B94D2->cb20f782-9136-4144-a2ef-e44461d35697@group-EF222054BC57, cid=2624, SUCCESS, logIndex=3718, commits[cb20f782-9136-4144-a2ef-e44461d35697:c3719]
2019-09-17 12:48:49,433 [grpc-default-executor-2] INFO  client.GrpcClientProtocolClient (GrpcClientProtocolClient.java:onNext(264)) - client-E41C008B94D2->cb20f782-9136-4144-a2ef-e44461d35697: receive RaftClientReply:client-E41C008B94D2->cb20f782-9136-4144-a2ef-e44461d35697@group-EF222054BC57, cid=2625, SUCCESS, logIndex=3720, commits[cb20f782-9136-4144-a2ef-e44461d35697:c3721]
2019-09-17 12:48:49,433 [grpc-default-executor-2] INFO  client.GrpcClientProtocolClient (GrpcClientProtocolClient.java:onNext(264)) - client-E41C008B94D2->cb20f782-9136-4144-a2ef-e44461d35697: receive RaftClientReply:client-E41C008B94D2->cb20f782-9136-4144-a2ef-e44461d35697@group-EF222054BC57, cid=2626, SUCCESS, logIndex=3721, commits[cb20f782-9136-4144-a2ef-e44461d35697:c3723]
2019-09-17 12:48:49,433 [grpc-default-executor-2] INFO  client.GrpcClientProtocolClient (GrpcClientProtocolClient.java:onNext(264)) - client-E41C008B94D2->cb20f782-9136-4144-a2ef-e44461d35697: receive RaftClientReply:client-E41C008B94D2->cb20f782-9136-4144-a2ef-e44461d35697@group-EF222054BC57, cid=2627, SUCCESS, logIndex=3722, commits[cb20f782-9136-4144-a2ef-e44461d35697:c3723]
2019-09-17 12:48:49,434 [grpc-default-executor-2] INFO  client.GrpcClientProtocolClient (GrpcClientProtocolClient.java:onNext(264)) - client-E41C008B94D2->cb20f782-9136-4144-a2ef-e44461d35697: receive RaftClientReply:client-E41C008B94D2->cb20f782-9136-4144-a2ef-e44461d35697@group-EF222054BC57, cid=2628, SUCCESS, logIndex=3723, commits[cb20f782-9136-4144-a2ef-e44461d35697:c3724]
2019-09-17 12:48:49,451 [grpc-default-executor-2] INFO  client.GrpcClientProtocolClient (GrpcClientProtocolClient.java:onNext(264)) - client-E41C008B94D2->cb20f782-9136-4144-a2ef-e44461d35697: receive RaftClientReply:client-E41C008B94D2->cb20f782-9136-4144-a2ef-e44461d35697@group-EF222054BC57, cid=2629, SUCCESS, logIndex=3726, commits[cb20f782-9136-4144-a2ef-e44461d35697:c3727]
2019-09-17 12:48:49,451 [grpc-default-executor-2] INFO  client.GrpcClientProtocolClient (GrpcClientProtocolClient.java:onNext(264)) - client-E41C008B94D2->cb20f782-9136-4144-a2ef-e44461d35697: receive RaftClientReply:client-E41C008B94D2->cb20f782-9136-4144-a2ef-e44461d35697@group-EF222054BC57, cid=2630, SUCCESS, logIndex=3727, commits[cb20f782-9136-4144-a2ef-e44461d35697:c3729]
2019-09-17 12:48:49,452 [grpc-default-executor-2] INFO  client.GrpcClientProtocolClient (GrpcClientProtocolClient.java:onNext(264)) - client-E41C008B94D2->cb20f782-9136-4144-a2ef-e44461d35697: receive RaftClientReply:client-E41C008B94D2->cb20f782-9136-4144-a2ef-e44461d35697@group-EF222054BC57, cid=2631, SUCCESS, logIndex=3728, commits[cb20f782-9136-4144-a2ef-e44461d35697:c3729]
2019-09-17 12:48:49,452 [grpc-default-executor-2] INFO  client.GrpcClientProtocolClient (GrpcClientProtocolClient.java:onNext(264)) - client-E41C008B94D2->cb20f782-9136-4144-a2ef-e44461d35697: receive RaftClientReply:client-E41C008B94D2->cb20f782-9136-4144-a2ef-e44461d35697@group-EF222054BC57, cid=2632, SUCCESS, logIndex=3729, commits[cb20f782-9136-4144-a2ef-e44461d35697:c3730]
2019-09-17 12:48:49,473 [SCMBlockDeletingService#0] DEBUG block.SCMBlockDeletingService (SCMBlockDeletingService.java:call(138)) - Running DeletedBlockTransactionScanner
2019-09-17 12:48:49,473 [SCMBlockDeletingService#0] DEBUG block.SCMBlockDeletingService (SCMBlockDeletingService.java:call(155)) - Scanned deleted blocks log and got 0 delTX to process.
2019-09-17 12:48:49,486 [grpc-default-executor-2] INFO  client.GrpcClientProtocolClient (GrpcClientProtocolClient.java:onNext(264)) - client-E41C008B94D2->cb20f782-9136-4144-a2ef-e44461d35697: receive RaftClientReply:client-E41C008B94D2->cb20f782-9136-4144-a2ef-e44461d35697@group-EF222054BC57, cid=2633, SUCCESS, logIndex=3732, commits[cb20f782-9136-4144-a2ef-e44461d35697:c3733]
2019-09-17 12:48:49,486 [grpc-default-executor-2] INFO  client.GrpcClientProtocolClient (GrpcClientProtocolClient.java:onNext(264)) - client-E41C008B94D2->cb20f782-9136-4144-a2ef-e44461d35697: receive RaftClientReply:client-E41C008B94D2->cb20f782-9136-4144-a2ef-e44461d35697@group-EF222054BC57, cid=2634, SUCCESS, logIndex=3733, commits[cb20f782-9136-4144-a2ef-e44461d35697:c3735]
2019-09-17 12:48:49,487 [grpc-default-executor-2] INFO  client.GrpcClientProtocolClient (GrpcClientProtocolClient.java:onNext(264)) - client-E41C008B94D2->cb20f782-9136-4144-a2ef-e44461d35697: receive RaftClientReply:client-E41C008B94D2->cb20f782-9136-4144-a2ef-e44461d35697@group-EF222054BC57, cid=2635, SUCCESS, logIndex=3734, commits[cb20f782-9136-4144-a2ef-e44461d35697:c3736]
2019-09-17 12:48:49,487 [grpc-default-executor-2] INFO  client.GrpcClientProtocolClient (GrpcClientProtocolClient.java:onNext(264)) - client-E41C008B94D2->cb20f782-9136-4144-a2ef-e44461d35697: receive RaftClientReply:client-E41C008B94D2->cb20f782-9136-4144-a2ef-e44461d35697@group-EF222054BC57, cid=2636, SUCCESS, logIndex=3735, commits[cb20f782-9136-4144-a2ef-e44461d35697:c3737]
2019-09-17 12:48:49,506 [grpc-default-executor-2] INFO  client.GrpcClientProtocolClient (GrpcClientProtocolClient.java:onNext(264)) - client-E41C008B94D2->cb20f782-9136-4144-a2ef-e44461d35697: receive RaftClientReply:client-E41C008B94D2->cb20f782-9136-4144-a2ef-e44461d35697@group-EF222054BC57, cid=2637, SUCCESS, logIndex=3738, commits[cb20f782-9136-4144-a2ef-e44461d35697:c3739]
2019-09-17 12:48:49,506 [grpc-default-executor-2] INFO  client.GrpcClientProtocolClient (GrpcClientProtocolClient.java:onNext(264)) - client-E41C008B94D2->cb20f782-9136-4144-a2ef-e44461d35697: receive RaftClientReply:client-E41C008B94D2->cb20f782-9136-4144-a2ef-e44461d35697@group-EF222054BC57, cid=2638, SUCCESS, logIndex=3739, commits[cb20f782-9136-4144-a2ef-e44461d35697:c3741]
2019-09-17 12:48:49,507 [grpc-default-executor-2] INFO  client.GrpcClientProtocolClient (GrpcClientProtocolClient.java:onNext(264)) - client-E41C008B94D2->cb20f782-9136-4144-a2ef-e44461d35697: receive RaftClientReply:client-E41C008B94D2->cb20f782-9136-4144-a2ef-e44461d35697@group-EF222054BC57, cid=2639, SUCCESS, logIndex=3740, commits[cb20f782-9136-4144-a2ef-e44461d35697:c3741]
2019-09-17 12:48:49,507 [grpc-default-executor-2] INFO  client.GrpcClientProtocolClient (GrpcClientProtocolClient.java:onNext(264)) - client-E41C008B94D2->cb20f782-9136-4144-a2ef-e44461d35697: receive RaftClientReply:client-E41C008B94D2->cb20f782-9136-4144-a2ef-e44461d35697@group-EF222054BC57, cid=2640, SUCCESS, logIndex=3741, commits[cb20f782-9136-4144-a2ef-e44461d35697:c3742]
2019-09-17 12:48:49,532 [grpc-default-executor-2] INFO  client.GrpcClientProtocolClient (GrpcClientProtocolClient.java:onNext(264)) - client-E41C008B94D2->cb20f782-9136-4144-a2ef-e44461d35697: receive RaftClientReply:client-E41C008B94D2->cb20f782-9136-4144-a2ef-e44461d35697@group-EF222054BC57, cid=2641, SUCCESS, logIndex=3744, commits[cb20f782-9136-4144-a2ef-e44461d35697:c3745]
2019-09-17 12:48:49,533 [grpc-default-executor-2] INFO  client.GrpcClientProtocolClient (GrpcClientProtocolClient.java:onNext(264)) - client-E41C008B94D2->cb20f782-9136-4144-a2ef-e44461d35697: receive RaftClientReply:client-E41C008B94D2->cb20f782-9136-4144-a2ef-e44461d35697@group-EF222054BC57, cid=2642, SUCCESS, logIndex=3745, commits[cb20f782-9136-4144-a2ef-e44461d35697:c3747]
2019-09-17 12:48:49,533 [grpc-default-executor-2] INFO  client.GrpcClientProtocolClient (GrpcClientProtocolClient.java:onNext(264)) - client-E41C008B94D2->cb20f782-9136-4144-a2ef-e44461d35697: receive RaftClientReply:client-E41C008B94D2->cb20f782-9136-4144-a2ef-e44461d35697@group-EF222054BC57, cid=2643, SUCCESS, logIndex=3746, commits[cb20f782-9136-4144-a2ef-e44461d35697:c3747]
2019-09-17 12:48:49,533 [grpc-default-executor-2] INFO  client.GrpcClientProtocolClient (GrpcClientProtocolClient.java:onNext(264)) - client-E41C008B94D2->cb20f782-9136-4144-a2ef-e44461d35697: receive RaftClientReply:client-E41C008B94D2->cb20f782-9136-4144-a2ef-e44461d35697@group-EF222054BC57, cid=2644, SUCCESS, logIndex=3747, commits[cb20f782-9136-4144-a2ef-e44461d35697:c3748]
2019-09-17 12:48:49,551 [grpc-default-executor-1] INFO  client.GrpcClientProtocolClient (GrpcClientProtocolClient.java:onNext(264)) - client-E41C008B94D2->cb20f782-9136-4144-a2ef-e44461d35697: receive RaftClientReply:client-E41C008B94D2->cb20f782-9136-4144-a2ef-e44461d35697@group-EF222054BC57, cid=2645, SUCCESS, logIndex=3750, commits[cb20f782-9136-4144-a2ef-e44461d35697:c3751]
2019-09-17 12:48:49,552 [grpc-default-executor-1] INFO  client.GrpcClientProtocolClient (GrpcClientProtocolClient.java:onNext(264)) - client-E41C008B94D2->cb20f782-9136-4144-a2ef-e44461d35697: receive RaftClientReply:client-E41C008B94D2->cb20f782-9136-4144-a2ef-e44461d35697@group-EF222054BC57, cid=2646, SUCCESS, logIndex=3751, commits[cb20f782-9136-4144-a2ef-e44461d35697:c3753]
2019-09-17 12:48:49,552 [grpc-default-executor-1] INFO  client.GrpcClientProtocolClient (GrpcClientProtocolClient.java:onNext(264)) - client-E41C008B94D2->cb20f782-9136-4144-a2ef-e44461d35697: receive RaftClientReply:client-E41C008B94D2->cb20f782-9136-4144-a2ef-e44461d35697@group-EF222054BC57, cid=2647, SUCCESS, logIndex=3752, commits[cb20f782-9136-4144-a2ef-e44461d35697:c3753]
2019-09-17 12:48:49,552 [grpc-default-executor-1] INFO  client.GrpcClientProtocolClient (GrpcClientProtocolClient.java:onNext(264)) - client-E41C008B94D2->cb20f782-9136-4144-a2ef-e44461d35697: receive RaftClientReply:client-E41C008B94D2->cb20f782-9136-4144-a2ef-e44461d35697@group-EF222054BC57, cid=2648, SUCCESS, logIndex=3753, commits[cb20f782-9136-4144-a2ef-e44461d35697:c3754]
2019-09-17 12:48:49,573 [SCMBlockDeletingService#1] DEBUG block.SCMBlockDeletingService (SCMBlockDeletingService.java:call(138)) - Running DeletedBlockTransactionScanner
2019-09-17 12:48:49,574 [SCMBlockDeletingService#1] DEBUG block.SCMBlockDeletingService (SCMBlockDeletingService.java:call(155)) - Scanned deleted blocks log and got 0 delTX to process.
2019-09-17 12:48:49,583 [grpc-default-executor-1] INFO  client.GrpcClientProtocolClient (GrpcClientProtocolClient.java:onNext(264)) - client-E41C008B94D2->cb20f782-9136-4144-a2ef-e44461d35697: receive RaftClientReply:client-E41C008B94D2->cb20f782-9136-4144-a2ef-e44461d35697@group-EF222054BC57, cid=2649, SUCCESS, logIndex=3756, commits[cb20f782-9136-4144-a2ef-e44461d35697:c3757]
2019-09-17 12:48:49,583 [grpc-default-executor-1] INFO  client.GrpcClientProtocolClient (GrpcClientProtocolClient.java:onNext(264)) - client-E41C008B94D2->cb20f782-9136-4144-a2ef-e44461d35697: receive RaftClientReply:client-E41C008B94D2->cb20f782-9136-4144-a2ef-e44461d35697@group-EF222054BC57, cid=2650, SUCCESS, logIndex=3757, commits[cb20f782-9136-4144-a2ef-e44461d35697:c3759]
2019-09-17 12:48:49,584 [grpc-default-executor-1] INFO  client.GrpcClientProtocolClient (GrpcClientProtocolClient.java:onNext(264)) - client-E41C008B94D2->cb20f782-9136-4144-a2ef-e44461d35697: receive RaftClientReply:client-E41C008B94D2->cb20f782-9136-4144-a2ef-e44461d35697@group-EF222054BC57, cid=2651, SUCCESS, logIndex=3758, commits[cb20f782-9136-4144-a2ef-e44461d35697:c3760]
2019-09-17 12:48:49,584 [grpc-default-executor-1] INFO  client.GrpcClientProtocolClient (GrpcClientProtocolClient.java:onNext(264)) - client-E41C008B94D2->cb20f782-9136-4144-a2ef-e44461d35697: receive RaftClientReply:client-E41C008B94D2->cb20f782-9136-4144-a2ef-e44461d35697@group-EF222054BC57, cid=2652, SUCCESS, logIndex=3759, commits[cb20f782-9136-4144-a2ef-e44461d35697:c3761]
2019-09-17 12:48:49,674 [SCMBlockDeletingService#1] DEBUG block.SCMBlockDeletingService (SCMBlockDeletingService.java:call(138)) - Running DeletedBlockTransactionScanner
2019-09-17 12:48:49,674 [SCMBlockDeletingService#1] DEBUG block.SCMBlockDeletingService (SCMBlockDeletingService.java:call(155)) - Scanned deleted blocks log and got 0 delTX to process.
2019-09-17 12:48:49,775 [SCMBlockDeletingService#1] DEBUG block.SCMBlockDeletingService (SCMBlockDeletingService.java:call(138)) - Running DeletedBlockTransactionScanner
2019-09-17 12:48:49,775 [SCMBlockDeletingService#1] DEBUG block.SCMBlockDeletingService (SCMBlockDeletingService.java:call(155)) - Scanned deleted blocks log and got 0 delTX to process.
2019-09-17 12:48:49,789 [grpc-default-executor-1] INFO  client.GrpcClientProtocolClient (GrpcClientProtocolClient.java:onNext(264)) - client-E41C008B94D2->cb20f782-9136-4144-a2ef-e44461d35697: receive RaftClientReply:client-E41C008B94D2->cb20f782-9136-4144-a2ef-e44461d35697@group-EF222054BC57, cid=2653, SUCCESS, logIndex=3762, commits[cb20f782-9136-4144-a2ef-e44461d35697:c3765]
2019-09-17 12:48:49,789 [grpc-default-executor-1] INFO  client.GrpcClientProtocolClient (GrpcClientProtocolClient.java:onNext(264)) - client-E41C008B94D2->cb20f782-9136-4144-a2ef-e44461d35697: receive RaftClientReply:client-E41C008B94D2->cb20f782-9136-4144-a2ef-e44461d35697@group-EF222054BC57, cid=2654, SUCCESS, logIndex=3763, commits[cb20f782-9136-4144-a2ef-e44461d35697:c3765]
2019-09-17 12:48:49,789 [grpc-default-executor-1] INFO  client.GrpcClientProtocolClient (GrpcClientProtocolClient.java:onNext(264)) - client-E41C008B94D2->cb20f782-9136-4144-a2ef-e44461d35697: receive RaftClientReply:client-E41C008B94D2->cb20f782-9136-4144-a2ef-e44461d35697@group-EF222054BC57, cid=2655, SUCCESS, logIndex=3764, commits[cb20f782-9136-4144-a2ef-e44461d35697:c3766]
2019-09-17 12:48:49,790 [grpc-default-executor-1] INFO  client.GrpcClientProtocolClient (GrpcClientProtocolClient.java:onNext(264)) - client-E41C008B94D2->cb20f782-9136-4144-a2ef-e44461d35697: receive RaftClientReply:client-E41C008B94D2->cb20f782-9136-4144-a2ef-e44461d35697@group-EF222054BC57, cid=2656, SUCCESS, logIndex=3765, commits[cb20f782-9136-4144-a2ef-e44461d35697:c3766]
2019-09-17 12:48:49,818 [grpc-default-executor-1] INFO  client.GrpcClientProtocolClient (GrpcClientProtocolClient.java:onNext(264)) - client-E41C008B94D2->cb20f782-9136-4144-a2ef-e44461d35697: receive RaftClientReply:client-E41C008B94D2->cb20f782-9136-4144-a2ef-e44461d35697@group-EF222054BC57, cid=2657, SUCCESS, logIndex=3767, commits[cb20f782-9136-4144-a2ef-e44461d35697:c3770]
2019-09-17 12:48:49,818 [grpc-default-executor-1] INFO  client.GrpcClientProtocolClient (GrpcClientProtocolClient.java:onNext(264)) - client-E41C008B94D2->cb20f782-9136-4144-a2ef-e44461d35697: receive RaftClientReply:client-E41C008B94D2->cb20f782-9136-4144-a2ef-e44461d35697@group-EF222054BC57, cid=2658, SUCCESS, logIndex=3768, commits[cb20f782-9136-4144-a2ef-e44461d35697:c3771]
2019-09-17 12:48:49,818 [grpc-default-executor-1] INFO  client.GrpcClientProtocolClient (GrpcClientProtocolClient.java:onNext(264)) - client-E41C008B94D2->cb20f782-9136-4144-a2ef-e44461d35697: receive RaftClientReply:client-E41C008B94D2->cb20f782-9136-4144-a2ef-e44461d35697@group-EF222054BC57, cid=2659, SUCCESS, logIndex=3769, commits[cb20f782-9136-4144-a2ef-e44461d35697:c3771]
2019-09-17 12:48:49,819 [grpc-default-executor-1] INFO  client.GrpcClientProtocolClient (GrpcClientProtocolClient.java:onNext(264)) - client-E41C008B94D2->cb20f782-9136-4144-a2ef-e44461d35697: receive RaftClientReply:client-E41C008B94D2->cb20f782-9136-4144-a2ef-e44461d35697@group-EF222054BC57, cid=2660, SUCCESS, logIndex=3770, commits[cb20f782-9136-4144-a2ef-e44461d35697:c3771]
2019-09-17 12:48:49,838 [grpc-default-executor-1] INFO  client.GrpcClientProtocolClient (GrpcClientProtocolClient.java:onNext(264)) - client-E41C008B94D2->cb20f782-9136-4144-a2ef-e44461d35697: receive RaftClientReply:client-E41C008B94D2->cb20f782-9136-4144-a2ef-e44461d35697@group-EF222054BC57, cid=2661, SUCCESS, logIndex=3772, commits[cb20f782-9136-4144-a2ef-e44461d35697:c3776]
2019-09-17 12:48:49,838 [grpc-default-executor-1] INFO  client.GrpcClientProtocolClient (GrpcClientProtocolClient.java:onNext(264)) - client-E41C008B94D2->cb20f782-9136-4144-a2ef-e44461d35697: receive RaftClientReply:client-E41C008B94D2->cb20f782-9136-4144-a2ef-e44461d35697@group-EF222054BC57, cid=2662, SUCCESS, logIndex=3773, commits[cb20f782-9136-4144-a2ef-e44461d35697:c3776]
2019-09-17 12:48:49,839 [grpc-default-executor-1] INFO  client.GrpcClientProtocolClient (GrpcClientProtocolClient.java:onNext(264)) - client-E41C008B94D2->cb20f782-9136-4144-a2ef-e44461d35697: receive RaftClientReply:client-E41C008B94D2->cb20f782-9136-4144-a2ef-e44461d35697@group-EF222054BC57, cid=2663, SUCCESS, logIndex=3774, commits[cb20f782-9136-4144-a2ef-e44461d35697:c3776]
2019-09-17 12:48:49,839 [grpc-default-executor-1] INFO  client.GrpcClientProtocolClient (GrpcClientProtocolClient.java:onNext(264)) - client-E41C008B94D2->cb20f782-9136-4144-a2ef-e44461d35697: receive RaftClientReply:client-E41C008B94D2->cb20f782-9136-4144-a2ef-e44461d35697@group-EF222054BC57, cid=2664, SUCCESS, logIndex=3775, commits[cb20f782-9136-4144-a2ef-e44461d35697:c3776]
2019-09-17 12:48:49,864 [grpc-default-executor-1] INFO  client.GrpcClientProtocolClient (GrpcClientProtocolClient.java:onNext(264)) - client-E41C008B94D2->cb20f782-9136-4144-a2ef-e44461d35697: receive RaftClientReply:client-E41C008B94D2->cb20f782-9136-4144-a2ef-e44461d35697@group-EF222054BC57, cid=2665, SUCCESS, logIndex=3777, commits[cb20f782-9136-4144-a2ef-e44461d35697:c3780]
2019-09-17 12:48:49,864 [grpc-default-executor-1] INFO  client.GrpcClientProtocolClient (GrpcClientProtocolClient.java:onNext(264)) - client-E41C008B94D2->cb20f782-9136-4144-a2ef-e44461d35697: receive RaftClientReply:client-E41C008B94D2->cb20f782-9136-4144-a2ef-e44461d35697@group-EF222054BC57, cid=2666, SUCCESS, logIndex=3778, commits[cb20f782-9136-4144-a2ef-e44461d35697:c3781]
2019-09-17 12:48:49,865 [grpc-default-executor-1] INFO  client.GrpcClientProtocolClient (GrpcClientProtocolClient.java:onNext(264)) - client-E41C008B94D2->cb20f782-9136-4144-a2ef-e44461d35697: receive RaftClientReply:client-E41C008B94D2->cb20f782-9136-4144-a2ef-e44461d35697@group-EF222054BC57, cid=2667, SUCCESS, logIndex=3779, commits[cb20f782-9136-4144-a2ef-e44461d35697:c3781]
2019-09-17 12:48:49,865 [grpc-default-executor-1] INFO  client.GrpcClientProtocolClient (GrpcClientProtocolClient.java:onNext(264)) - client-E41C008B94D2->cb20f782-9136-4144-a2ef-e44461d35697: receive RaftClientReply:client-E41C008B94D2->cb20f782-9136-4144-a2ef-e44461d35697@group-EF222054BC57, cid=2668, SUCCESS, logIndex=3780, commits[cb20f782-9136-4144-a2ef-e44461d35697:c3781]
2019-09-17 12:48:49,875 [SCMBlockDeletingService#1] DEBUG block.SCMBlockDeletingService (SCMBlockDeletingService.java:call(138)) - Running DeletedBlockTransactionScanner
2019-09-17 12:48:49,876 [SCMBlockDeletingService#1] DEBUG block.SCMBlockDeletingService (SCMBlockDeletingService.java:call(155)) - Scanned deleted blocks log and got 0 delTX to process.
2019-09-17 12:48:49,883 [grpc-default-executor-1] INFO  client.GrpcClientProtocolClient (GrpcClientProtocolClient.java:onNext(264)) - client-E41C008B94D2->cb20f782-9136-4144-a2ef-e44461d35697: receive RaftClientReply:client-E41C008B94D2->cb20f782-9136-4144-a2ef-e44461d35697@group-EF222054BC57, cid=2669, SUCCESS, logIndex=3782, commits[cb20f782-9136-4144-a2ef-e44461d35697:c3783]
2019-09-17 12:48:49,883 [grpc-default-executor-1] INFO  client.GrpcClientProtocolClient (GrpcClientProtocolClient.java:onNext(264)) - client-E41C008B94D2->cb20f782-9136-4144-a2ef-e44461d35697: receive RaftClientReply:client-E41C008B94D2->cb20f782-9136-4144-a2ef-e44461d35697@group-EF222054BC57, cid=2670, SUCCESS, logIndex=3783, commits[cb20f782-9136-4144-a2ef-e44461d35697:c3785]
2019-09-17 12:48:49,884 [grpc-default-executor-1] INFO  client.GrpcClientProtocolClient (GrpcClientProtocolClient.java:onNext(264)) - client-E41C008B94D2->cb20f782-9136-4144-a2ef-e44461d35697: receive RaftClientReply:client-E41C008B94D2->cb20f782-9136-4144-a2ef-e44461d35697@group-EF222054BC57, cid=2671, SUCCESS, logIndex=3784, commits[cb20f782-9136-4144-a2ef-e44461d35697:c3785]
2019-09-17 12:48:49,884 [grpc-default-executor-1] INFO  client.GrpcClientProtocolClient (GrpcClientProtocolClient.java:onNext(264)) - client-E41C008B94D2->cb20f782-9136-4144-a2ef-e44461d35697: receive RaftClientReply:client-E41C008B94D2->cb20f782-9136-4144-a2ef-e44461d35697@group-EF222054BC57, cid=2672, SUCCESS, logIndex=3785, commits[cb20f782-9136-4144-a2ef-e44461d35697:c3786]
2019-09-17 12:48:49,912 [grpc-default-executor-1] INFO  client.GrpcClientProtocolClient (GrpcClientProtocolClient.java:onNext(264)) - client-E41C008B94D2->cb20f782-9136-4144-a2ef-e44461d35697: receive RaftClientReply:client-E41C008B94D2->cb20f782-9136-4144-a2ef-e44461d35697@group-EF222054BC57, cid=2673, SUCCESS, logIndex=3788, commits[cb20f782-9136-4144-a2ef-e44461d35697:c3789]
2019-09-17 12:48:49,912 [grpc-default-executor-1] INFO  client.GrpcClientProtocolClient (GrpcClientProtocolClient.java:onNext(264)) - client-E41C008B94D2->cb20f782-9136-4144-a2ef-e44461d35697: receive RaftClientReply:client-E41C008B94D2->cb20f782-9136-4144-a2ef-e44461d35697@group-EF222054BC57, cid=2674, SUCCESS, logIndex=3789, commits[cb20f782-9136-4144-a2ef-e44461d35697:c3791]
2019-09-17 12:48:49,913 [grpc-default-executor-1] INFO  client.GrpcClientProtocolClient (GrpcClientProtocolClient.java:onNext(264)) - client-E41C008B94D2->cb20f782-9136-4144-a2ef-e44461d35697: receive RaftClientReply:client-E41C008B94D2->cb20f782-9136-4144-a2ef-e44461d35697@group-EF222054BC57, cid=2675, SUCCESS, logIndex=3790, commits[cb20f782-9136-4144-a2ef-e44461d35697:c3792]
2019-09-17 12:48:49,913 [grpc-default-executor-1] INFO  client.GrpcClientProtocolClient (GrpcClientProtocolClient.java:onNext(264)) - client-E41C008B94D2->cb20f782-9136-4144-a2ef-e44461d35697: receive RaftClientReply:client-E41C008B94D2->cb20f782-9136-4144-a2ef-e44461d35697@group-EF222054BC57, cid=2676, SUCCESS, logIndex=3791, commits[cb20f782-9136-4144-a2ef-e44461d35697:c3792]
2019-09-17 12:48:49,931 [grpc-default-executor-2] INFO  client.GrpcClientProtocolClient (GrpcClientProtocolClient.java:onNext(264)) - client-E41C008B94D2->cb20f782-9136-4144-a2ef-e44461d35697: receive RaftClientReply:client-E41C008B94D2->cb20f782-9136-4144-a2ef-e44461d35697@group-EF222054BC57, cid=2677, SUCCESS, logIndex=3794, commits[cb20f782-9136-4144-a2ef-e44461d35697:c3795]
2019-09-17 12:48:49,931 [grpc-default-executor-2] INFO  client.GrpcClientProtocolClient (GrpcClientProtocolClient.java:onNext(264)) - client-E41C008B94D2->cb20f782-9136-4144-a2ef-e44461d35697: receive RaftClientReply:client-E41C008B94D2->cb20f782-9136-4144-a2ef-e44461d35697@group-EF222054BC57, cid=2678, SUCCESS, logIndex=3795, commits[cb20f782-9136-4144-a2ef-e44461d35697:c3797]
2019-09-17 12:48:49,932 [grpc-default-executor-2] INFO  client.GrpcClientProtocolClient (GrpcClientProtocolClient.java:onNext(264)) - client-E41C008B94D2->cb20f782-9136-4144-a2ef-e44461d35697: receive RaftClientReply:client-E41C008B94D2->cb20f782-9136-4144-a2ef-e44461d35697@group-EF222054BC57, cid=2679, SUCCESS, logIndex=3796, commits[cb20f782-9136-4144-a2ef-e44461d35697:c3798]
2019-09-17 12:48:49,932 [grpc-default-executor-2] INFO  client.GrpcClientProtocolClient (GrpcClientProtocolClient.java:onNext(264)) - client-E41C008B94D2->cb20f782-9136-4144-a2ef-e44461d35697: receive RaftClientReply:client-E41C008B94D2->cb20f782-9136-4144-a2ef-e44461d35697@group-EF222054BC57, cid=2680, SUCCESS, logIndex=3797, commits[cb20f782-9136-4144-a2ef-e44461d35697:c3798]
2019-09-17 12:48:49,960 [grpc-default-executor-1] INFO  client.GrpcClientProtocolClient (GrpcClientProtocolClient.java:onNext(264)) - client-E41C008B94D2->cb20f782-9136-4144-a2ef-e44461d35697: receive RaftClientReply:client-E41C008B94D2->cb20f782-9136-4144-a2ef-e44461d35697@group-EF222054BC57, cid=2681, SUCCESS, logIndex=3800, commits[cb20f782-9136-4144-a2ef-e44461d35697:c3803]
2019-09-17 12:48:49,961 [grpc-default-executor-1] INFO  client.GrpcClientProtocolClient (GrpcClientProtocolClient.java:onNext(264)) - client-E41C008B94D2->cb20f782-9136-4144-a2ef-e44461d35697: receive RaftClientReply:client-E41C008B94D2->cb20f782-9136-4144-a2ef-e44461d35697@group-EF222054BC57, cid=2682, SUCCESS, logIndex=3801, commits[cb20f782-9136-4144-a2ef-e44461d35697:c3804]
2019-09-17 12:48:49,961 [grpc-default-executor-1] INFO  client.GrpcClientProtocolClient (GrpcClientProtocolClient.java:onNext(264)) - client-E41C008B94D2->cb20f782-9136-4144-a2ef-e44461d35697: receive RaftClientReply:client-E41C008B94D2->cb20f782-9136-4144-a2ef-e44461d35697@group-EF222054BC57, cid=2683, SUCCESS, logIndex=3802, commits[cb20f782-9136-4144-a2ef-e44461d35697:c3804]
2019-09-17 12:48:49,961 [grpc-default-executor-1] INFO  client.GrpcClientProtocolClient (GrpcClientProtocolClient.java:onNext(264)) - client-E41C008B94D2->cb20f782-9136-4144-a2ef-e44461d35697: receive RaftClientReply:client-E41C008B94D2->cb20f782-9136-4144-a2ef-e44461d35697@group-EF222054BC57, cid=2684, SUCCESS, logIndex=3803, commits[cb20f782-9136-4144-a2ef-e44461d35697:c3804]
2019-09-17 12:48:49,976 [SCMBlockDeletingService#1] DEBUG block.SCMBlockDeletingService (SCMBlockDeletingService.java:call(138)) - Running DeletedBlockTransactionScanner
2019-09-17 12:48:49,976 [SCMBlockDeletingService#1] DEBUG block.SCMBlockDeletingService (SCMBlockDeletingService.java:call(155)) - Scanned deleted blocks log and got 0 delTX to process.
2019-09-17 12:48:49,998 [grpc-default-executor-2] INFO  client.GrpcClientProtocolClient (GrpcClientProtocolClient.java:onNext(264)) - client-E41C008B94D2->cb20f782-9136-4144-a2ef-e44461d35697: receive RaftClientReply:client-E41C008B94D2->cb20f782-9136-4144-a2ef-e44461d35697@group-EF222054BC57, cid=2685, SUCCESS, logIndex=3805, commits[cb20f782-9136-4144-a2ef-e44461d35697:c3806]
2019-09-17 12:48:49,998 [grpc-default-executor-2] INFO  client.GrpcClientProtocolClient (GrpcClientProtocolClient.java:onNext(264)) - client-E41C008B94D2->cb20f782-9136-4144-a2ef-e44461d35697: receive RaftClientReply:client-E41C008B94D2->cb20f782-9136-4144-a2ef-e44461d35697@group-EF222054BC57, cid=2686, SUCCESS, logIndex=3806, commits[cb20f782-9136-4144-a2ef-e44461d35697:c3806]
2019-09-17 12:48:50,009 [grpc-default-executor-2] INFO  client.GrpcClientProtocolClient (GrpcClientProtocolClient.java:onNext(264)) - client-E41C008B94D2->cb20f782-9136-4144-a2ef-e44461d35697: receive RaftClientReply:client-E41C008B94D2->cb20f782-9136-4144-a2ef-e44461d35697@group-EF222054BC57, cid=2687, SUCCESS, logIndex=3807, commits[cb20f782-9136-4144-a2ef-e44461d35697:c3808]
2019-09-17 12:48:50,009 [grpc-default-executor-2] INFO  client.GrpcClientProtocolClient (GrpcClientProtocolClient.java:onNext(264)) - client-E41C008B94D2->cb20f782-9136-4144-a2ef-e44461d35697: receive RaftClientReply:client-E41C008B94D2->cb20f782-9136-4144-a2ef-e44461d35697@group-EF222054BC57, cid=2688, SUCCESS, logIndex=3808, commits[cb20f782-9136-4144-a2ef-e44461d35697:c3810]
2019-09-17 12:48:50,036 [grpc-default-executor-1] INFO  client.GrpcClientProtocolClient (GrpcClientProtocolClient.java:onNext(264)) - client-E41C008B94D2->cb20f782-9136-4144-a2ef-e44461d35697: receive RaftClientReply:client-E41C008B94D2->cb20f782-9136-4144-a2ef-e44461d35697@group-EF222054BC57, cid=2689, SUCCESS, logIndex=3811, commits[cb20f782-9136-4144-a2ef-e44461d35697:c3814]
2019-09-17 12:48:50,037 [grpc-default-executor-1] INFO  client.GrpcClientProtocolClient (GrpcClientProtocolClient.java:onNext(264)) - client-E41C008B94D2->cb20f782-9136-4144-a2ef-e44461d35697: receive RaftClientReply:client-E41C008B94D2->cb20f782-9136-4144-a2ef-e44461d35697@group-EF222054BC57, cid=2690, SUCCESS, logIndex=3812, commits[cb20f782-9136-4144-a2ef-e44461d35697:c3815]
2019-09-17 12:48:50,037 [grpc-default-executor-1] INFO  client.GrpcClientProtocolClient (GrpcClientProtocolClient.java:onNext(264)) - client-E41C008B94D2->cb20f782-9136-4144-a2ef-e44461d35697: receive RaftClientReply:client-E41C008B94D2->cb20f782-9136-4144-a2ef-e44461d35697@group-EF222054BC57, cid=2691, SUCCESS, logIndex=3813, commits[cb20f782-9136-4144-a2ef-e44461d35697:c3815]
2019-09-17 12:48:50,037 [grpc-default-executor-1] INFO  client.GrpcClientProtocolClient (GrpcClientProtocolClient.java:onNext(264)) - client-E41C008B94D2->cb20f782-9136-4144-a2ef-e44461d35697: receive RaftClientReply:client-E41C008B94D2->cb20f782-9136-4144-a2ef-e44461d35697@group-EF222054BC57, cid=2692, SUCCESS, logIndex=3814, commits[cb20f782-9136-4144-a2ef-e44461d35697:c3815]
2019-09-17 12:48:50,054 [grpc-default-executor-1] INFO  client.GrpcClientProtocolClient (GrpcClientProtocolClient.java:onNext(264)) - client-E41C008B94D2->cb20f782-9136-4144-a2ef-e44461d35697: receive RaftClientReply:client-E41C008B94D2->cb20f782-9136-4144-a2ef-e44461d35697@group-EF222054BC57, cid=2693, SUCCESS, logIndex=3816, commits[cb20f782-9136-4144-a2ef-e44461d35697:c3817]
2019-09-17 12:48:50,058 [grpc-default-executor-1] INFO  client.GrpcClientProtocolClient (GrpcClientProtocolClient.java:onNext(264)) - client-E41C008B94D2->cb20f782-9136-4144-a2ef-e44461d35697: receive RaftClientReply:client-E41C008B94D2->cb20f782-9136-4144-a2ef-e44461d35697@group-EF222054BC57, cid=2694, SUCCESS, logIndex=3817, commits[cb20f782-9136-4144-a2ef-e44461d35697:c3819]
2019-09-17 12:48:50,058 [grpc-default-executor-1] INFO  client.GrpcClientProtocolClient (GrpcClientProtocolClient.java:onNext(264)) - client-E41C008B94D2->cb20f782-9136-4144-a2ef-e44461d35697: receive RaftClientReply:client-E41C008B94D2->cb20f782-9136-4144-a2ef-e44461d35697@group-EF222054BC57, cid=2695, SUCCESS, logIndex=3818, commits[cb20f782-9136-4144-a2ef-e44461d35697:c3819]
2019-09-17 12:48:50,058 [grpc-default-executor-1] INFO  client.GrpcClientProtocolClient (GrpcClientProtocolClient.java:onNext(264)) - client-E41C008B94D2->cb20f782-9136-4144-a2ef-e44461d35697: receive RaftClientReply:client-E41C008B94D2->cb20f782-9136-4144-a2ef-e44461d35697@group-EF222054BC57, cid=2696, SUCCESS, logIndex=3819, commits[cb20f782-9136-4144-a2ef-e44461d35697:c3820]
2019-09-17 12:48:50,077 [SCMBlockDeletingService#1] DEBUG block.SCMBlockDeletingService (SCMBlockDeletingService.java:call(138)) - Running DeletedBlockTransactionScanner
2019-09-17 12:48:50,077 [SCMBlockDeletingService#1] DEBUG block.SCMBlockDeletingService (SCMBlockDeletingService.java:call(155)) - Scanned deleted blocks log and got 0 delTX to process.
2019-09-17 12:48:50,177 [SCMBlockDeletingService#1] DEBUG block.SCMBlockDeletingService (SCMBlockDeletingService.java:call(138)) - Running DeletedBlockTransactionScanner
2019-09-17 12:48:50,177 [SCMBlockDeletingService#1] DEBUG block.SCMBlockDeletingService (SCMBlockDeletingService.java:call(155)) - Scanned deleted blocks log and got 0 delTX to process.
2019-09-17 12:48:50,186 [grpc-default-executor-1] INFO  client.GrpcClientProtocolClient (GrpcClientProtocolClient.java:onNext(264)) - client-E41C008B94D2->cb20f782-9136-4144-a2ef-e44461d35697: receive RaftClientReply:client-E41C008B94D2->cb20f782-9136-4144-a2ef-e44461d35697@group-EF222054BC57, cid=2697, SUCCESS, logIndex=3822, commits[cb20f782-9136-4144-a2ef-e44461d35697:c3825]
2019-09-17 12:48:50,187 [grpc-default-executor-1] INFO  client.GrpcClientProtocolClient (GrpcClientProtocolClient.java:onNext(264)) - client-E41C008B94D2->cb20f782-9136-4144-a2ef-e44461d35697: receive RaftClientReply:client-E41C008B94D2->cb20f782-9136-4144-a2ef-e44461d35697@group-EF222054BC57, cid=2698, SUCCESS, logIndex=3823, commits[cb20f782-9136-4144-a2ef-e44461d35697:c3826]
2019-09-17 12:48:50,187 [grpc-default-executor-1] INFO  client.GrpcClientProtocolClient (GrpcClientProtocolClient.java:onNext(264)) - client-E41C008B94D2->cb20f782-9136-4144-a2ef-e44461d35697: receive RaftClientReply:client-E41C008B94D2->cb20f782-9136-4144-a2ef-e44461d35697@group-EF222054BC57, cid=2699, SUCCESS, logIndex=3824, commits[cb20f782-9136-4144-a2ef-e44461d35697:c3826]
2019-09-17 12:48:50,187 [grpc-default-executor-1] INFO  client.GrpcClientProtocolClient (GrpcClientProtocolClient.java:onNext(264)) - client-E41C008B94D2->cb20f782-9136-4144-a2ef-e44461d35697: receive RaftClientReply:client-E41C008B94D2->cb20f782-9136-4144-a2ef-e44461d35697@group-EF222054BC57, cid=2700, SUCCESS, logIndex=3825, commits[cb20f782-9136-4144-a2ef-e44461d35697:c3826]
2019-09-17 12:48:50,207 [grpc-default-executor-2] INFO  client.GrpcClientProtocolClient (GrpcClientProtocolClient.java:onNext(264)) - client-E41C008B94D2->cb20f782-9136-4144-a2ef-e44461d35697: receive RaftClientReply:client-E41C008B94D2->cb20f782-9136-4144-a2ef-e44461d35697@group-EF222054BC57, cid=2701, SUCCESS, logIndex=3827, commits[cb20f782-9136-4144-a2ef-e44461d35697:c3830]
2019-09-17 12:48:50,208 [grpc-default-executor-2] INFO  client.GrpcClientProtocolClient (GrpcClientProtocolClient.java:onNext(264)) - client-E41C008B94D2->cb20f782-9136-4144-a2ef-e44461d35697: receive RaftClientReply:client-E41C008B94D2->cb20f782-9136-4144-a2ef-e44461d35697@group-EF222054BC57, cid=2702, SUCCESS, logIndex=3828, commits[cb20f782-9136-4144-a2ef-e44461d35697:c3831]
2019-09-17 12:48:50,208 [grpc-default-executor-2] INFO  client.GrpcClientProtocolClient (GrpcClientProtocolClient.java:onNext(264)) - client-E41C008B94D2->cb20f782-9136-4144-a2ef-e44461d35697: receive RaftClientReply:client-E41C008B94D2->cb20f782-9136-4144-a2ef-e44461d35697@group-EF222054BC57, cid=2703, SUCCESS, logIndex=3829, commits[cb20f782-9136-4144-a2ef-e44461d35697:c3831]
2019-09-17 12:48:50,208 [grpc-default-executor-2] INFO  client.GrpcClientProtocolClient (GrpcClientProtocolClient.java:onNext(264)) - client-E41C008B94D2->cb20f782-9136-4144-a2ef-e44461d35697: receive RaftClientReply:client-E41C008B94D2->cb20f782-9136-4144-a2ef-e44461d35697@group-EF222054BC57, cid=2704, SUCCESS, logIndex=3830, commits[cb20f782-9136-4144-a2ef-e44461d35697:c3831]
2019-09-17 12:48:50,235 [grpc-default-executor-2] INFO  client.GrpcClientProtocolClient (GrpcClientProtocolClient.java:onNext(264)) - client-E41C008B94D2->cb20f782-9136-4144-a2ef-e44461d35697: receive RaftClientReply:client-E41C008B94D2->cb20f782-9136-4144-a2ef-e44461d35697@group-EF222054BC57, cid=2705, SUCCESS, logIndex=3832, commits[cb20f782-9136-4144-a2ef-e44461d35697:c3833]
2019-09-17 12:48:50,236 [grpc-default-executor-2] INFO  client.GrpcClientProtocolClient (GrpcClientProtocolClient.java:onNext(264)) - client-E41C008B94D2->cb20f782-9136-4144-a2ef-e44461d35697: receive RaftClientReply:client-E41C008B94D2->cb20f782-9136-4144-a2ef-e44461d35697@group-EF222054BC57, cid=2706, SUCCESS, logIndex=3833, commits[cb20f782-9136-4144-a2ef-e44461d35697:c3835]
2019-09-17 12:48:50,236 [grpc-default-executor-2] INFO  client.GrpcClientProtocolClient (GrpcClientProtocolClient.java:onNext(264)) - client-E41C008B94D2->cb20f782-9136-4144-a2ef-e44461d35697: receive RaftClientReply:client-E41C008B94D2->cb20f782-9136-4144-a2ef-e44461d35697@group-EF222054BC57, cid=2707, SUCCESS, logIndex=3834, commits[cb20f782-9136-4144-a2ef-e44461d35697:c3835]
2019-09-17 12:48:50,236 [grpc-default-executor-2] INFO  client.GrpcClientProtocolClient (GrpcClientProtocolClient.java:onNext(264)) - client-E41C008B94D2->cb20f782-9136-4144-a2ef-e44461d35697: receive RaftClientReply:client-E41C008B94D2->cb20f782-9136-4144-a2ef-e44461d35697@group-EF222054BC57, cid=2708, SUCCESS, logIndex=3835, commits[cb20f782-9136-4144-a2ef-e44461d35697:c3836]
2019-09-17 12:48:50,254 [grpc-default-executor-2] INFO  client.GrpcClientProtocolClient (GrpcClientProtocolClient.java:onNext(264)) - client-E41C008B94D2->cb20f782-9136-4144-a2ef-e44461d35697: receive RaftClientReply:client-E41C008B94D2->cb20f782-9136-4144-a2ef-e44461d35697@group-EF222054BC57, cid=2709, SUCCESS, logIndex=3838, commits[cb20f782-9136-4144-a2ef-e44461d35697:c3839]
2019-09-17 12:48:50,255 [grpc-default-executor-2] INFO  client.GrpcClientProtocolClient (GrpcClientProtocolClient.java:onNext(264)) - client-E41C008B94D2->cb20f782-9136-4144-a2ef-e44461d35697: receive RaftClientReply:client-E41C008B94D2->cb20f782-9136-4144-a2ef-e44461d35697@group-EF222054BC57, cid=2710, SUCCESS, logIndex=3839, commits[cb20f782-9136-4144-a2ef-e44461d35697:c3841]
2019-09-17 12:48:50,255 [grpc-default-executor-2] INFO  client.GrpcClientProtocolClient (GrpcClientProtocolClient.java:onNext(264)) - client-E41C008B94D2->cb20f782-9136-4144-a2ef-e44461d35697: receive RaftClientReply:client-E41C008B94D2->cb20f782-9136-4144-a2ef-e44461d35697@group-EF222054BC57, cid=2711, SUCCESS, logIndex=3840, commits[cb20f782-9136-4144-a2ef-e44461d35697:c3841]
2019-09-17 12:48:50,255 [grpc-default-executor-2] INFO  client.GrpcClientProtocolClient (GrpcClientProtocolClient.java:onNext(264)) - client-E41C008B94D2->cb20f782-9136-4144-a2ef-e44461d35697: receive RaftClientReply:client-E41C008B94D2->cb20f782-9136-4144-a2ef-e44461d35697@group-EF222054BC57, cid=2712, SUCCESS, logIndex=3841, commits[cb20f782-9136-4144-a2ef-e44461d35697:c3842]
2019-09-17 12:48:50,278 [SCMBlockDeletingService#1] DEBUG block.SCMBlockDeletingService (SCMBlockDeletingService.java:call(138)) - Running DeletedBlockTransactionScanner
2019-09-17 12:48:50,278 [SCMBlockDeletingService#1] DEBUG block.SCMBlockDeletingService (SCMBlockDeletingService.java:call(155)) - Scanned deleted blocks log and got 0 delTX to process.
2019-09-17 12:48:50,284 [grpc-default-executor-1] INFO  client.GrpcClientProtocolClient (GrpcClientProtocolClient.java:onNext(264)) - client-E41C008B94D2->cb20f782-9136-4144-a2ef-e44461d35697: receive RaftClientReply:client-E41C008B94D2->cb20f782-9136-4144-a2ef-e44461d35697@group-EF222054BC57, cid=2713, SUCCESS, logIndex=3844, commits[cb20f782-9136-4144-a2ef-e44461d35697:c3847]
2019-09-17 12:48:50,284 [grpc-default-executor-1] INFO  client.GrpcClientProtocolClient (GrpcClientProtocolClient.java:onNext(264)) - client-E41C008B94D2->cb20f782-9136-4144-a2ef-e44461d35697: receive RaftClientReply:client-E41C008B94D2->cb20f782-9136-4144-a2ef-e44461d35697@group-EF222054BC57, cid=2714, SUCCESS, logIndex=3845, commits[cb20f782-9136-4144-a2ef-e44461d35697:c3847]
2019-09-17 12:48:50,284 [grpc-default-executor-1] INFO  client.GrpcClientProtocolClient (GrpcClientProtocolClient.java:onNext(264)) - client-E41C008B94D2->cb20f782-9136-4144-a2ef-e44461d35697: receive RaftClientReply:client-E41C008B94D2->cb20f782-9136-4144-a2ef-e44461d35697@group-EF222054BC57, cid=2715, SUCCESS, logIndex=3846, commits[cb20f782-9136-4144-a2ef-e44461d35697:c3847]
2019-09-17 12:48:50,284 [grpc-default-executor-1] INFO  client.GrpcClientProtocolClient (GrpcClientProtocolClient.java:onNext(264)) - client-E41C008B94D2->cb20f782-9136-4144-a2ef-e44461d35697: receive RaftClientReply:client-E41C008B94D2->cb20f782-9136-4144-a2ef-e44461d35697@group-EF222054BC57, cid=2716, SUCCESS, logIndex=3847, commits[cb20f782-9136-4144-a2ef-e44461d35697:c3847]
2019-09-17 12:48:50,295 [grpc-default-executor-1] INFO  client.GrpcClientProtocolClient (GrpcClientProtocolClient.java:onNext(264)) - client-E41C008B94D2->cb20f782-9136-4144-a2ef-e44461d35697: receive RaftClientReply:client-E41C008B94D2->cb20f782-9136-4144-a2ef-e44461d35697@group-EF222054BC57, cid=2717, SUCCESS, logIndex=3849, commits[cb20f782-9136-4144-a2ef-e44461d35697:c3852]
2019-09-17 12:48:50,295 [grpc-default-executor-1] INFO  client.GrpcClientProtocolClient (GrpcClientProtocolClient.java:onNext(264)) - client-E41C008B94D2->cb20f782-9136-4144-a2ef-e44461d35697: receive RaftClientReply:client-E41C008B94D2->cb20f782-9136-4144-a2ef-e44461d35697@group-EF222054BC57, cid=2718, SUCCESS, logIndex=3850, commits[cb20f782-9136-4144-a2ef-e44461d35697:c3853]
2019-09-17 12:48:50,296 [grpc-default-executor-1] INFO  client.GrpcClientProtocolClient (GrpcClientProtocolClient.java:onNext(264)) - client-E41C008B94D2->cb20f782-9136-4144-a2ef-e44461d35697: receive RaftClientReply:client-E41C008B94D2->cb20f782-9136-4144-a2ef-e44461d35697@group-EF222054BC57, cid=2719, SUCCESS, logIndex=3851, commits[cb20f782-9136-4144-a2ef-e44461d35697:c3853]
2019-09-17 12:48:50,296 [grpc-default-executor-1] INFO  client.GrpcClientProtocolClient (GrpcClientProtocolClient.java:onNext(264)) - client-E41C008B94D2->cb20f782-9136-4144-a2ef-e44461d35697: receive RaftClientReply:client-E41C008B94D2->cb20f782-9136-4144-a2ef-e44461d35697@group-EF222054BC57, cid=2720, SUCCESS, logIndex=3852, commits[cb20f782-9136-4144-a2ef-e44461d35697:c3853]
2019-09-17 12:48:50,322 [grpc-default-executor-2] INFO  client.GrpcClientProtocolClient (GrpcClientProtocolClient.java:onNext(264)) - client-E41C008B94D2->cb20f782-9136-4144-a2ef-e44461d35697: receive RaftClientReply:client-E41C008B94D2->cb20f782-9136-4144-a2ef-e44461d35697@group-EF222054BC57, cid=2721, SUCCESS, logIndex=3854, commits[cb20f782-9136-4144-a2ef-e44461d35697:c3855]
2019-09-17 12:48:50,323 [grpc-default-executor-2] INFO  client.GrpcClientProtocolClient (GrpcClientProtocolClient.java:onNext(264)) - client-E41C008B94D2->cb20f782-9136-4144-a2ef-e44461d35697: receive RaftClientReply:client-E41C008B94D2->cb20f782-9136-4144-a2ef-e44461d35697@group-EF222054BC57, cid=2722, SUCCESS, logIndex=3855, commits[cb20f782-9136-4144-a2ef-e44461d35697:c3858]
2019-09-17 12:48:50,323 [grpc-default-executor-2] INFO  client.GrpcClientProtocolClient (GrpcClientProtocolClient.java:onNext(264)) - client-E41C008B94D2->cb20f782-9136-4144-a2ef-e44461d35697: receive RaftClientReply:client-E41C008B94D2->cb20f782-9136-4144-a2ef-e44461d35697@group-EF222054BC57, cid=2723, SUCCESS, logIndex=3856, commits[cb20f782-9136-4144-a2ef-e44461d35697:c3858]
2019-09-17 12:48:50,323 [grpc-default-executor-2] INFO  client.GrpcClientProtocolClient (GrpcClientProtocolClient.java:onNext(264)) - client-E41C008B94D2->cb20f782-9136-4144-a2ef-e44461d35697: receive RaftClientReply:client-E41C008B94D2->cb20f782-9136-4144-a2ef-e44461d35697@group-EF222054BC57, cid=2724, SUCCESS, logIndex=3857, commits[cb20f782-9136-4144-a2ef-e44461d35697:c3858]
2019-09-17 12:48:50,343 [grpc-default-executor-2] INFO  client.GrpcClientProtocolClient (GrpcClientProtocolClient.java:onNext(264)) - client-E41C008B94D2->cb20f782-9136-4144-a2ef-e44461d35697: receive RaftClientReply:client-E41C008B94D2->cb20f782-9136-4144-a2ef-e44461d35697@group-EF222054BC57, cid=2725, SUCCESS, logIndex=3859, commits[cb20f782-9136-4144-a2ef-e44461d35697:c3862]
2019-09-17 12:48:50,343 [grpc-default-executor-2] INFO  client.GrpcClientProtocolClient (GrpcClientProtocolClient.java:onNext(264)) - client-E41C008B94D2->cb20f782-9136-4144-a2ef-e44461d35697: receive RaftClientReply:client-E41C008B94D2->cb20f782-9136-4144-a2ef-e44461d35697@group-EF222054BC57, cid=2726, SUCCESS, logIndex=3860, commits[cb20f782-9136-4144-a2ef-e44461d35697:c3862]
2019-09-17 12:48:50,343 [grpc-default-executor-2] INFO  client.GrpcClientProtocolClient (GrpcClientProtocolClient.java:onNext(264)) - client-E41C008B94D2->cb20f782-9136-4144-a2ef-e44461d35697: receive RaftClientReply:client-E41C008B94D2->cb20f782-9136-4144-a2ef-e44461d35697@group-EF222054BC57, cid=2727, SUCCESS, logIndex=3861, commits[cb20f782-9136-4144-a2ef-e44461d35697:c3862]
2019-09-17 12:48:50,344 [grpc-default-executor-2] INFO  client.GrpcClientProtocolClient (GrpcClientProtocolClient.java:onNext(264)) - client-E41C008B94D2->cb20f782-9136-4144-a2ef-e44461d35697: receive RaftClientReply:client-E41C008B94D2->cb20f782-9136-4144-a2ef-e44461d35697@group-EF222054BC57, cid=2728, SUCCESS, logIndex=3862, commits[cb20f782-9136-4144-a2ef-e44461d35697:c3863]
2019-09-17 12:48:50,370 [grpc-default-executor-1] INFO  client.GrpcClientProtocolClient (GrpcClientProtocolClient.java:onNext(264)) - client-E41C008B94D2->cb20f782-9136-4144-a2ef-e44461d35697: receive RaftClientReply:client-E41C008B94D2->cb20f782-9136-4144-a2ef-e44461d35697@group-EF222054BC57, cid=2729, SUCCESS, logIndex=3864, commits[cb20f782-9136-4144-a2ef-e44461d35697:c3865]
2019-09-17 12:48:50,371 [grpc-default-executor-1] INFO  client.GrpcClientProtocolClient (GrpcClientProtocolClient.java:onNext(264)) - client-E41C008B94D2->cb20f782-9136-4144-a2ef-e44461d35697: receive RaftClientReply:client-E41C008B94D2->cb20f782-9136-4144-a2ef-e44461d35697@group-EF222054BC57, cid=2730, SUCCESS, logIndex=3865, commits[cb20f782-9136-4144-a2ef-e44461d35697:c3867]
2019-09-17 12:48:50,371 [grpc-default-executor-1] INFO  client.GrpcClientProtocolClient (GrpcClientProtocolClient.java:onNext(264)) - client-E41C008B94D2->cb20f782-9136-4144-a2ef-e44461d35697: receive RaftClientReply:client-E41C008B94D2->cb20f782-9136-4144-a2ef-e44461d35697@group-EF222054BC57, cid=2731, SUCCESS, logIndex=3866, commits[cb20f782-9136-4144-a2ef-e44461d35697:c3868]
2019-09-17 12:48:50,371 [grpc-default-executor-1] INFO  client.GrpcClientProtocolClient (GrpcClientProtocolClient.java:onNext(264)) - client-E41C008B94D2->cb20f782-9136-4144-a2ef-e44461d35697: receive RaftClientReply:client-E41C008B94D2->cb20f782-9136-4144-a2ef-e44461d35697@group-EF222054BC57, cid=2732, SUCCESS, logIndex=3867, commits[cb20f782-9136-4144-a2ef-e44461d35697:c3868]
2019-09-17 12:48:50,378 [SCMBlockDeletingService#1] DEBUG block.SCMBlockDeletingService (SCMBlockDeletingService.java:call(138)) - Running DeletedBlockTransactionScanner
2019-09-17 12:48:50,379 [SCMBlockDeletingService#1] DEBUG block.SCMBlockDeletingService (SCMBlockDeletingService.java:call(155)) - Scanned deleted blocks log and got 0 delTX to process.
2019-09-17 12:48:50,389 [grpc-default-executor-2] INFO  client.GrpcClientProtocolClient (GrpcClientProtocolClient.java:onNext(264)) - client-E41C008B94D2->cb20f782-9136-4144-a2ef-e44461d35697: receive RaftClientReply:client-E41C008B94D2->cb20f782-9136-4144-a2ef-e44461d35697@group-EF222054BC57, cid=2733, SUCCESS, logIndex=3870, commits[cb20f782-9136-4144-a2ef-e44461d35697:c3871]
2019-09-17 12:48:50,389 [grpc-default-executor-2] INFO  client.GrpcClientProtocolClient (GrpcClientProtocolClient.java:onNext(264)) - client-E41C008B94D2->cb20f782-9136-4144-a2ef-e44461d35697: receive RaftClientReply:client-E41C008B94D2->cb20f782-9136-4144-a2ef-e44461d35697@group-EF222054BC57, cid=2734, SUCCESS, logIndex=3871, commits[cb20f782-9136-4144-a2ef-e44461d35697:c3873]
2019-09-17 12:48:50,389 [grpc-default-executor-2] INFO  client.GrpcClientProtocolClient (GrpcClientProtocolClient.java:onNext(264)) - client-E41C008B94D2->cb20f782-9136-4144-a2ef-e44461d35697: receive RaftClientReply:client-E41C008B94D2->cb20f782-9136-4144-a2ef-e44461d35697@group-EF222054BC57, cid=2735, SUCCESS, logIndex=3872, commits[cb20f782-9136-4144-a2ef-e44461d35697:c3874]
2019-09-17 12:48:50,390 [grpc-default-executor-2] INFO  client.GrpcClientProtocolClient (GrpcClientProtocolClient.java:onNext(264)) - client-E41C008B94D2->cb20f782-9136-4144-a2ef-e44461d35697: receive RaftClientReply:client-E41C008B94D2->cb20f782-9136-4144-a2ef-e44461d35697@group-EF222054BC57, cid=2736, SUCCESS, logIndex=3873, commits[cb20f782-9136-4144-a2ef-e44461d35697:c3874]
2019-09-17 12:48:50,413 [grpc-default-executor-1] INFO  client.GrpcClientProtocolClient (GrpcClientProtocolClient.java:onNext(264)) - client-E41C008B94D2->cb20f782-9136-4144-a2ef-e44461d35697: receive RaftClientReply:client-E41C008B94D2->cb20f782-9136-4144-a2ef-e44461d35697@group-EF222054BC57, cid=2737, SUCCESS, logIndex=3876, commits[cb20f782-9136-4144-a2ef-e44461d35697:c3877]
2019-09-17 12:48:50,414 [grpc-default-executor-1] INFO  client.GrpcClientProtocolClient (GrpcClientProtocolClient.java:onNext(264)) - client-E41C008B94D2->cb20f782-9136-4144-a2ef-e44461d35697: receive RaftClientReply:client-E41C008B94D2->cb20f782-9136-4144-a2ef-e44461d35697@group-EF222054BC57, cid=2738, SUCCESS, logIndex=3877, commits[cb20f782-9136-4144-a2ef-e44461d35697:c3879]
2019-09-17 12:48:50,414 [grpc-default-executor-1] INFO  client.GrpcClientProtocolClient (GrpcClientProtocolClient.java:onNext(264)) - client-E41C008B94D2->cb20f782-9136-4144-a2ef-e44461d35697: receive RaftClientReply:client-E41C008B94D2->cb20f782-9136-4144-a2ef-e44461d35697@group-EF222054BC57, cid=2739, SUCCESS, logIndex=3878, commits[cb20f782-9136-4144-a2ef-e44461d35697:c3879]
2019-09-17 12:48:50,415 [grpc-default-executor-1] INFO  client.GrpcClientProtocolClient (GrpcClientProtocolClient.java:onNext(264)) - client-E41C008B94D2->cb20f782-9136-4144-a2ef-e44461d35697: receive RaftClientReply:client-E41C008B94D2->cb20f782-9136-4144-a2ef-e44461d35697@group-EF222054BC57, cid=2740, SUCCESS, logIndex=3879, commits[cb20f782-9136-4144-a2ef-e44461d35697:c3880]
2019-09-17 12:48:50,494 [SCMBlockDeletingService#1] DEBUG block.SCMBlockDeletingService (SCMBlockDeletingService.java:call(138)) - Running DeletedBlockTransactionScanner
2019-09-17 12:48:50,494 [SCMBlockDeletingService#1] DEBUG block.SCMBlockDeletingService (SCMBlockDeletingService.java:call(155)) - Scanned deleted blocks log and got 0 delTX to process.
2019-09-17 12:48:50,594 [SCMBlockDeletingService#1] DEBUG block.SCMBlockDeletingService (SCMBlockDeletingService.java:call(138)) - Running DeletedBlockTransactionScanner
2019-09-17 12:48:50,595 [SCMBlockDeletingService#1] DEBUG block.SCMBlockDeletingService (SCMBlockDeletingService.java:call(155)) - Scanned deleted blocks log and got 0 delTX to process.
2019-09-17 12:48:50,626 [grpc-default-executor-1] INFO  client.GrpcClientProtocolClient (GrpcClientProtocolClient.java:onNext(264)) - client-E41C008B94D2->cb20f782-9136-4144-a2ef-e44461d35697: receive RaftClientReply:client-E41C008B94D2->cb20f782-9136-4144-a2ef-e44461d35697@group-EF222054BC57, cid=2741, SUCCESS, logIndex=3882, commits[cb20f782-9136-4144-a2ef-e44461d35697:c3885]
2019-09-17 12:48:50,627 [grpc-default-executor-1] INFO  client.GrpcClientProtocolClient (GrpcClientProtocolClient.java:onNext(264)) - client-E41C008B94D2->cb20f782-9136-4144-a2ef-e44461d35697: receive RaftClientReply:client-E41C008B94D2->cb20f782-9136-4144-a2ef-e44461d35697@group-EF222054BC57, cid=2742, SUCCESS, logIndex=3883, commits[cb20f782-9136-4144-a2ef-e44461d35697:c3885]
2019-09-17 12:48:50,627 [grpc-default-executor-1] INFO  client.GrpcClientProtocolClient (GrpcClientProtocolClient.java:onNext(264)) - client-E41C008B94D2->cb20f782-9136-4144-a2ef-e44461d35697: receive RaftClientReply:client-E41C008B94D2->cb20f782-9136-4144-a2ef-e44461d35697@group-EF222054BC57, cid=2743, SUCCESS, logIndex=3884, commits[cb20f782-9136-4144-a2ef-e44461d35697:c3886]
2019-09-17 12:48:50,627 [grpc-default-executor-1] INFO  client.GrpcClientProtocolClient (GrpcClientProtocolClient.java:onNext(264)) - client-E41C008B94D2->cb20f782-9136-4144-a2ef-e44461d35697: receive RaftClientReply:client-E41C008B94D2->cb20f782-9136-4144-a2ef-e44461d35697@group-EF222054BC57, cid=2744, SUCCESS, logIndex=3885, commits[cb20f782-9136-4144-a2ef-e44461d35697:c3886]
2019-09-17 12:48:50,669 [grpc-default-executor-1] INFO  client.GrpcClientProtocolClient (GrpcClientProtocolClient.java:onNext(264)) - client-E41C008B94D2->cb20f782-9136-4144-a2ef-e44461d35697: receive RaftClientReply:client-E41C008B94D2->cb20f782-9136-4144-a2ef-e44461d35697@group-EF222054BC57, cid=2745, SUCCESS, logIndex=3887, commits[cb20f782-9136-4144-a2ef-e44461d35697:c3888]
2019-09-17 12:48:50,670 [grpc-default-executor-1] INFO  client.GrpcClientProtocolClient (GrpcClientProtocolClient.java:onNext(264)) - client-E41C008B94D2->cb20f782-9136-4144-a2ef-e44461d35697: receive RaftClientReply:client-E41C008B94D2->cb20f782-9136-4144-a2ef-e44461d35697@group-EF222054BC57, cid=2746, SUCCESS, logIndex=3888, commits[cb20f782-9136-4144-a2ef-e44461d35697:c3888]
2019-09-17 12:48:50,679 [grpc-default-executor-1] INFO  client.GrpcClientProtocolClient (GrpcClientProtocolClient.java:onNext(264)) - client-E41C008B94D2->cb20f782-9136-4144-a2ef-e44461d35697: receive RaftClientReply:client-E41C008B94D2->cb20f782-9136-4144-a2ef-e44461d35697@group-EF222054BC57, cid=2747, SUCCESS, logIndex=3889, commits[cb20f782-9136-4144-a2ef-e44461d35697:c3890]
2019-09-17 12:48:50,680 [grpc-default-executor-1] INFO  client.GrpcClientProtocolClient (GrpcClientProtocolClient.java:onNext(264)) - client-E41C008B94D2->cb20f782-9136-4144-a2ef-e44461d35697: receive RaftClientReply:client-E41C008B94D2->cb20f782-9136-4144-a2ef-e44461d35697@group-EF222054BC57, cid=2748, SUCCESS, logIndex=3890, commits[cb20f782-9136-4144-a2ef-e44461d35697:c3891]
2019-09-17 12:48:50,695 [SCMBlockDeletingService#1] DEBUG block.SCMBlockDeletingService (SCMBlockDeletingService.java:call(138)) - Running DeletedBlockTransactionScanner
2019-09-17 12:48:50,695 [SCMBlockDeletingService#1] DEBUG block.SCMBlockDeletingService (SCMBlockDeletingService.java:call(155)) - Scanned deleted blocks log and got 0 delTX to process.
2019-09-17 12:48:50,698 [grpc-default-executor-1] INFO  client.GrpcClientProtocolClient (GrpcClientProtocolClient.java:onNext(264)) - client-E41C008B94D2->cb20f782-9136-4144-a2ef-e44461d35697: receive RaftClientReply:client-E41C008B94D2->cb20f782-9136-4144-a2ef-e44461d35697@group-EF222054BC57, cid=2749, SUCCESS, logIndex=3893, commits[cb20f782-9136-4144-a2ef-e44461d35697:c3894]
2019-09-17 12:48:50,699 [grpc-default-executor-1] INFO  client.GrpcClientProtocolClient (GrpcClientProtocolClient.java:onNext(264)) - client-E41C008B94D2->cb20f782-9136-4144-a2ef-e44461d35697: receive RaftClientReply:client-E41C008B94D2->cb20f782-9136-4144-a2ef-e44461d35697@group-EF222054BC57, cid=2750, SUCCESS, logIndex=3894, commits[cb20f782-9136-4144-a2ef-e44461d35697:c3896]
2019-09-17 12:48:50,699 [grpc-default-executor-1] INFO  client.GrpcClientProtocolClient (GrpcClientProtocolClient.java:onNext(264)) - client-E41C008B94D2->cb20f782-9136-4144-a2ef-e44461d35697: receive RaftClientReply:client-E41C008B94D2->cb20f782-9136-4144-a2ef-e44461d35697@group-EF222054BC57, cid=2751, SUCCESS, logIndex=3895, commits[cb20f782-9136-4144-a2ef-e44461d35697:c3897]
2019-09-17 12:48:50,699 [grpc-default-executor-1] INFO  client.GrpcClientProtocolClient (GrpcClientProtocolClient.java:onNext(264)) - client-E41C008B94D2->cb20f782-9136-4144-a2ef-e44461d35697: receive RaftClientReply:client-E41C008B94D2->cb20f782-9136-4144-a2ef-e44461d35697@group-EF222054BC57, cid=2752, SUCCESS, logIndex=3896, commits[cb20f782-9136-4144-a2ef-e44461d35697:c3897]
2019-09-17 12:48:50,727 [grpc-default-executor-2] INFO  client.GrpcClientProtocolClient (GrpcClientProtocolClient.java:onNext(264)) - client-E41C008B94D2->cb20f782-9136-4144-a2ef-e44461d35697: receive RaftClientReply:client-E41C008B94D2->cb20f782-9136-4144-a2ef-e44461d35697@group-EF222054BC57, cid=2753, SUCCESS, logIndex=3899, commits[cb20f782-9136-4144-a2ef-e44461d35697:c3900]
2019-09-17 12:48:50,727 [grpc-default-executor-2] INFO  client.GrpcClientProtocolClient (GrpcClientProtocolClient.java:onNext(264)) - client-E41C008B94D2->cb20f782-9136-4144-a2ef-e44461d35697: receive RaftClientReply:client-E41C008B94D2->cb20f782-9136-4144-a2ef-e44461d35697@group-EF222054BC57, cid=2754, SUCCESS, logIndex=3900, commits[cb20f782-9136-4144-a2ef-e44461d35697:c3902]
2019-09-17 12:48:50,728 [grpc-default-executor-2] INFO  client.GrpcClientProtocolClient (GrpcClientProtocolClient.java:onNext(264)) - client-E41C008B94D2->cb20f782-9136-4144-a2ef-e44461d35697: receive RaftClientReply:client-E41C008B94D2->cb20f782-9136-4144-a2ef-e44461d35697@group-EF222054BC57, cid=2755, SUCCESS, logIndex=3901, commits[cb20f782-9136-4144-a2ef-e44461d35697:c3903]
2019-09-17 12:48:50,728 [grpc-default-executor-2] INFO  client.GrpcClientProtocolClient (GrpcClientProtocolClient.java:onNext(264)) - client-E41C008B94D2->cb20f782-9136-4144-a2ef-e44461d35697: receive RaftClientReply:client-E41C008B94D2->cb20f782-9136-4144-a2ef-e44461d35697@group-EF222054BC57, cid=2756, SUCCESS, logIndex=3902, commits[cb20f782-9136-4144-a2ef-e44461d35697:c3903]
2019-09-17 12:48:50,749 [grpc-default-executor-1] INFO  client.GrpcClientProtocolClient (GrpcClientProtocolClient.java:onNext(264)) - client-E41C008B94D2->cb20f782-9136-4144-a2ef-e44461d35697: receive RaftClientReply:client-E41C008B94D2->cb20f782-9136-4144-a2ef-e44461d35697@group-EF222054BC57, cid=2757, SUCCESS, logIndex=3905, commits[cb20f782-9136-4144-a2ef-e44461d35697:c3906]
2019-09-17 12:48:50,749 [grpc-default-executor-1] INFO  client.GrpcClientProtocolClient (GrpcClientProtocolClient.java:onNext(264)) - client-E41C008B94D2->cb20f782-9136-4144-a2ef-e44461d35697: receive RaftClientReply:client-E41C008B94D2->cb20f782-9136-4144-a2ef-e44461d35697@group-EF222054BC57, cid=2758, SUCCESS, logIndex=3906, commits[cb20f782-9136-4144-a2ef-e44461d35697:c3908]
2019-09-17 12:48:50,749 [grpc-default-executor-1] INFO  client.GrpcClientProtocolClient (GrpcClientProtocolClient.java:onNext(264)) - client-E41C008B94D2->cb20f782-9136-4144-a2ef-e44461d35697: receive RaftClientReply:client-E41C008B94D2->cb20f782-9136-4144-a2ef-e44461d35697@group-EF222054BC57, cid=2759, SUCCESS, logIndex=3907, commits[cb20f782-9136-4144-a2ef-e44461d35697:c3908]
2019-09-17 12:48:50,750 [grpc-default-executor-1] INFO  client.GrpcClientProtocolClient (GrpcClientProtocolClient.java:onNext(264)) - client-E41C008B94D2->cb20f782-9136-4144-a2ef-e44461d35697: receive RaftClientReply:client-E41C008B94D2->cb20f782-9136-4144-a2ef-e44461d35697@group-EF222054BC57, cid=2760, SUCCESS, logIndex=3908, commits[cb20f782-9136-4144-a2ef-e44461d35697:c3909]
2019-09-17 12:48:50,784 [grpc-default-executor-1] INFO  client.GrpcClientProtocolClient (GrpcClientProtocolClient.java:onNext(264)) - client-E41C008B94D2->cb20f782-9136-4144-a2ef-e44461d35697: receive RaftClientReply:client-E41C008B94D2->cb20f782-9136-4144-a2ef-e44461d35697@group-EF222054BC57, cid=2761, SUCCESS, logIndex=3911, commits[cb20f782-9136-4144-a2ef-e44461d35697:c3912]
2019-09-17 12:48:50,784 [grpc-default-executor-1] INFO  client.GrpcClientProtocolClient (GrpcClientProtocolClient.java:onNext(264)) - client-E41C008B94D2->cb20f782-9136-4144-a2ef-e44461d35697: receive RaftClientReply:client-E41C008B94D2->cb20f782-9136-4144-a2ef-e44461d35697@group-EF222054BC57, cid=2762, SUCCESS, logIndex=3912, commits[cb20f782-9136-4144-a2ef-e44461d35697:c3912]
2019-09-17 12:48:50,785 [grpc-default-executor-1] INFO  client.GrpcClientProtocolClient (GrpcClientProtocolClient.java:onNext(264)) - client-E41C008B94D2->cb20f782-9136-4144-a2ef-e44461d35697: receive RaftClientReply:client-E41C008B94D2->cb20f782-9136-4144-a2ef-e44461d35697@group-EF222054BC57, cid=2763, SUCCESS, logIndex=3913, commits[cb20f782-9136-4144-a2ef-e44461d35697:c3914]
2019-09-17 12:48:50,785 [grpc-default-executor-1] INFO  client.GrpcClientProtocolClient (GrpcClientProtocolClient.java:onNext(264)) - client-E41C008B94D2->cb20f782-9136-4144-a2ef-e44461d35697: receive RaftClientReply:client-E41C008B94D2->cb20f782-9136-4144-a2ef-e44461d35697@group-EF222054BC57, cid=2764, SUCCESS, logIndex=3914, commits[cb20f782-9136-4144-a2ef-e44461d35697:c3915]
2019-09-17 12:48:50,796 [SCMBlockDeletingService#1] DEBUG block.SCMBlockDeletingService (SCMBlockDeletingService.java:call(138)) - Running DeletedBlockTransactionScanner
2019-09-17 12:48:50,796 [SCMBlockDeletingService#1] DEBUG block.SCMBlockDeletingService (SCMBlockDeletingService.java:call(155)) - Scanned deleted blocks log and got 0 delTX to process.
2019-09-17 12:48:50,807 [grpc-default-executor-2] INFO  client.GrpcClientProtocolClient (GrpcClientProtocolClient.java:onNext(264)) - client-E41C008B94D2->cb20f782-9136-4144-a2ef-e44461d35697: receive RaftClientReply:client-E41C008B94D2->cb20f782-9136-4144-a2ef-e44461d35697@group-EF222054BC57, cid=2765, SUCCESS, logIndex=3917, commits[cb20f782-9136-4144-a2ef-e44461d35697:c3918]
2019-09-17 12:48:50,807 [grpc-default-executor-2] INFO  client.GrpcClientProtocolClient (GrpcClientProtocolClient.java:onNext(264)) - client-E41C008B94D2->cb20f782-9136-4144-a2ef-e44461d35697: receive RaftClientReply:client-E41C008B94D2->cb20f782-9136-4144-a2ef-e44461d35697@group-EF222054BC57, cid=2766, SUCCESS, logIndex=3918, commits[cb20f782-9136-4144-a2ef-e44461d35697:c3920]
2019-09-17 12:48:50,807 [grpc-default-executor-2] INFO  client.GrpcClientProtocolClient (GrpcClientProtocolClient.java:onNext(264)) - client-E41C008B94D2->cb20f782-9136-4144-a2ef-e44461d35697: receive RaftClientReply:client-E41C008B94D2->cb20f782-9136-4144-a2ef-e44461d35697@group-EF222054BC57, cid=2767, SUCCESS, logIndex=3919, commits[cb20f782-9136-4144-a2ef-e44461d35697:c3921]
2019-09-17 12:48:50,808 [grpc-default-executor-2] INFO  client.GrpcClientProtocolClient (GrpcClientProtocolClient.java:onNext(264)) - client-E41C008B94D2->cb20f782-9136-4144-a2ef-e44461d35697: receive RaftClientReply:client-E41C008B94D2->cb20f782-9136-4144-a2ef-e44461d35697@group-EF222054BC57, cid=2768, SUCCESS, logIndex=3920, commits[cb20f782-9136-4144-a2ef-e44461d35697:c3922]
2019-09-17 12:48:50,843 [grpc-default-executor-2] INFO  client.GrpcClientProtocolClient (GrpcClientProtocolClient.java:onNext(264)) - client-E41C008B94D2->cb20f782-9136-4144-a2ef-e44461d35697: receive RaftClientReply:client-E41C008B94D2->cb20f782-9136-4144-a2ef-e44461d35697@group-EF222054BC57, cid=2769, SUCCESS, logIndex=3923, commits[cb20f782-9136-4144-a2ef-e44461d35697:c3924]
2019-09-17 12:48:50,843 [grpc-default-executor-2] INFO  client.GrpcClientProtocolClient (GrpcClientProtocolClient.java:onNext(264)) - client-E41C008B94D2->cb20f782-9136-4144-a2ef-e44461d35697: receive RaftClientReply:client-E41C008B94D2->cb20f782-9136-4144-a2ef-e44461d35697@group-EF222054BC57, cid=2770, SUCCESS, logIndex=3924, commits[cb20f782-9136-4144-a2ef-e44461d35697:c3926]
2019-09-17 12:48:50,843 [grpc-default-executor-2] INFO  client.GrpcClientProtocolClient (GrpcClientProtocolClient.java:onNext(264)) - client-E41C008B94D2->cb20f782-9136-4144-a2ef-e44461d35697: receive RaftClientReply:client-E41C008B94D2->cb20f782-9136-4144-a2ef-e44461d35697@group-EF222054BC57, cid=2771, SUCCESS, logIndex=3925, commits[cb20f782-9136-4144-a2ef-e44461d35697:c3927]
2019-09-17 12:48:50,844 [grpc-default-executor-2] INFO  client.GrpcClientProtocolClient (GrpcClientProtocolClient.java:onNext(264)) - client-E41C008B94D2->cb20f782-9136-4144-a2ef-e44461d35697: receive RaftClientReply:client-E41C008B94D2->cb20f782-9136-4144-a2ef-e44461d35697@group-EF222054BC57, cid=2772, SUCCESS, logIndex=3926, commits[cb20f782-9136-4144-a2ef-e44461d35697:c3927]
2019-09-17 12:48:50,864 [grpc-default-executor-1] INFO  client.GrpcClientProtocolClient (GrpcClientProtocolClient.java:onNext(264)) - client-E41C008B94D2->cb20f782-9136-4144-a2ef-e44461d35697: receive RaftClientReply:client-E41C008B94D2->cb20f782-9136-4144-a2ef-e44461d35697@group-EF222054BC57, cid=2773, SUCCESS, logIndex=3929, commits[cb20f782-9136-4144-a2ef-e44461d35697:c3930]
2019-09-17 12:48:50,865 [grpc-default-executor-1] INFO  client.GrpcClientProtocolClient (GrpcClientProtocolClient.java:onNext(264)) - client-E41C008B94D2->cb20f782-9136-4144-a2ef-e44461d35697: receive RaftClientReply:client-E41C008B94D2->cb20f782-9136-4144-a2ef-e44461d35697@group-EF222054BC57, cid=2774, SUCCESS, logIndex=3930, commits[cb20f782-9136-4144-a2ef-e44461d35697:c3932]
2019-09-17 12:48:50,865 [grpc-default-executor-1] INFO  client.GrpcClientProtocolClient (GrpcClientProtocolClient.java:onNext(264)) - client-E41C008B94D2->cb20f782-9136-4144-a2ef-e44461d35697: receive RaftClientReply:client-E41C008B94D2->cb20f782-9136-4144-a2ef-e44461d35697@group-EF222054BC57, cid=2775, SUCCESS, logIndex=3931, commits[cb20f782-9136-4144-a2ef-e44461d35697:c3932]
2019-09-17 12:48:50,865 [grpc-default-executor-1] INFO  client.GrpcClientProtocolClient (GrpcClientProtocolClient.java:onNext(264)) - client-E41C008B94D2->cb20f782-9136-4144-a2ef-e44461d35697: receive RaftClientReply:client-E41C008B94D2->cb20f782-9136-4144-a2ef-e44461d35697@group-EF222054BC57, cid=2776, SUCCESS, logIndex=3932, commits[cb20f782-9136-4144-a2ef-e44461d35697:c3933]
2019-09-17 12:48:50,895 [grpc-default-executor-2] INFO  client.GrpcClientProtocolClient (GrpcClientProtocolClient.java:onNext(264)) - client-E41C008B94D2->cb20f782-9136-4144-a2ef-e44461d35697: receive RaftClientReply:client-E41C008B94D2->cb20f782-9136-4144-a2ef-e44461d35697@group-EF222054BC57, cid=2777, SUCCESS, logIndex=3935, commits[cb20f782-9136-4144-a2ef-e44461d35697:c3936]
2019-09-17 12:48:50,896 [grpc-default-executor-2] INFO  client.GrpcClientProtocolClient (GrpcClientProtocolClient.java:onNext(264)) - client-E41C008B94D2->cb20f782-9136-4144-a2ef-e44461d35697: receive RaftClientReply:client-E41C008B94D2->cb20f782-9136-4144-a2ef-e44461d35697@group-EF222054BC57, cid=2778, SUCCESS, logIndex=3936, commits[cb20f782-9136-4144-a2ef-e44461d35697:c3938]
2019-09-17 12:48:50,896 [grpc-default-executor-2] INFO  client.GrpcClientProtocolClient (GrpcClientProtocolClient.java:onNext(264)) - client-E41C008B94D2->cb20f782-9136-4144-a2ef-e44461d35697: receive RaftClientReply:client-E41C008B94D2->cb20f782-9136-4144-a2ef-e44461d35697@group-EF222054BC57, cid=2779, SUCCESS, logIndex=3937, commits[cb20f782-9136-4144-a2ef-e44461d35697:c3938]
2019-09-17 12:48:50,896 [SCMBlockDeletingService#1] DEBUG block.SCMBlockDeletingService (SCMBlockDeletingService.java:call(138)) - Running DeletedBlockTransactionScanner
2019-09-17 12:48:50,896 [grpc-default-executor-2] INFO  client.GrpcClientProtocolClient (GrpcClientProtocolClient.java:onNext(264)) - client-E41C008B94D2->cb20f782-9136-4144-a2ef-e44461d35697: receive RaftClientReply:client-E41C008B94D2->cb20f782-9136-4144-a2ef-e44461d35697@group-EF222054BC57, cid=2780, SUCCESS, logIndex=3938, commits[cb20f782-9136-4144-a2ef-e44461d35697:c3939]
2019-09-17 12:48:50,897 [SCMBlockDeletingService#1] DEBUG block.SCMBlockDeletingService (SCMBlockDeletingService.java:call(155)) - Scanned deleted blocks log and got 0 delTX to process.
2019-09-17 12:48:50,928 [grpc-default-executor-2] INFO  client.GrpcClientProtocolClient (GrpcClientProtocolClient.java:onNext(264)) - client-E41C008B94D2->cb20f782-9136-4144-a2ef-e44461d35697: receive RaftClientReply:client-E41C008B94D2->cb20f782-9136-4144-a2ef-e44461d35697@group-EF222054BC57, cid=2781, SUCCESS, logIndex=3941, commits[cb20f782-9136-4144-a2ef-e44461d35697:c3942]
2019-09-17 12:48:50,928 [grpc-default-executor-2] INFO  client.GrpcClientProtocolClient (GrpcClientProtocolClient.java:onNext(264)) - client-E41C008B94D2->cb20f782-9136-4144-a2ef-e44461d35697: receive RaftClientReply:client-E41C008B94D2->cb20f782-9136-4144-a2ef-e44461d35697@group-EF222054BC57, cid=2782, SUCCESS, logIndex=3942, commits[cb20f782-9136-4144-a2ef-e44461d35697:c3942]
2019-09-17 12:48:50,940 [grpc-default-executor-2] INFO  client.GrpcClientProtocolClient (GrpcClientProtocolClient.java:onNext(264)) - client-E41C008B94D2->cb20f782-9136-4144-a2ef-e44461d35697: receive RaftClientReply:client-E41C008B94D2->cb20f782-9136-4144-a2ef-e44461d35697@group-EF222054BC57, cid=2783, SUCCESS, logIndex=3943, commits[cb20f782-9136-4144-a2ef-e44461d35697:c3944]
2019-09-17 12:48:50,941 [grpc-default-executor-2] INFO  client.GrpcClientProtocolClient (GrpcClientProtocolClient.java:onNext(264)) - client-E41C008B94D2->cb20f782-9136-4144-a2ef-e44461d35697: receive RaftClientReply:client-E41C008B94D2->cb20f782-9136-4144-a2ef-e44461d35697@group-EF222054BC57, cid=2784, SUCCESS, logIndex=3944, commits[cb20f782-9136-4144-a2ef-e44461d35697:c3945]
2019-09-17 12:48:50,997 [SCMBlockDeletingService#1] DEBUG block.SCMBlockDeletingService (SCMBlockDeletingService.java:call(138)) - Running DeletedBlockTransactionScanner
2019-09-17 12:48:50,997 [SCMBlockDeletingService#1] DEBUG block.SCMBlockDeletingService (SCMBlockDeletingService.java:call(155)) - Scanned deleted blocks log and got 0 delTX to process.
2019-09-17 12:48:51,091 [grpc-default-executor-2] INFO  client.GrpcClientProtocolClient (GrpcClientProtocolClient.java:onNext(264)) - client-E41C008B94D2->cb20f782-9136-4144-a2ef-e44461d35697: receive RaftClientReply:client-E41C008B94D2->cb20f782-9136-4144-a2ef-e44461d35697@group-EF222054BC57, cid=2785, SUCCESS, logIndex=3947, commits[cb20f782-9136-4144-a2ef-e44461d35697:c3948]
2019-09-17 12:48:51,092 [grpc-default-executor-2] INFO  client.GrpcClientProtocolClient (GrpcClientProtocolClient.java:onNext(264)) - client-E41C008B94D2->cb20f782-9136-4144-a2ef-e44461d35697: receive RaftClientReply:client-E41C008B94D2->cb20f782-9136-4144-a2ef-e44461d35697@group-EF222054BC57, cid=2786, SUCCESS, logIndex=3948, commits[cb20f782-9136-4144-a2ef-e44461d35697:c3950]
2019-09-17 12:48:51,092 [grpc-default-executor-2] INFO  client.GrpcClientProtocolClient (GrpcClientProtocolClient.java:onNext(264)) - client-E41C008B94D2->cb20f782-9136-4144-a2ef-e44461d35697: receive RaftClientReply:client-E41C008B94D2->cb20f782-9136-4144-a2ef-e44461d35697@group-EF222054BC57, cid=2787, SUCCESS, logIndex=3949, commits[cb20f782-9136-4144-a2ef-e44461d35697:c3951]
2019-09-17 12:48:51,092 [grpc-default-executor-2] INFO  client.GrpcClientProtocolClient (GrpcClientProtocolClient.java:onNext(264)) - client-E41C008B94D2->cb20f782-9136-4144-a2ef-e44461d35697: receive RaftClientReply:client-E41C008B94D2->cb20f782-9136-4144-a2ef-e44461d35697@group-EF222054BC57, cid=2788, SUCCESS, logIndex=3950, commits[cb20f782-9136-4144-a2ef-e44461d35697:c3951]
2019-09-17 12:48:51,098 [SCMBlockDeletingService#1] DEBUG block.SCMBlockDeletingService (SCMBlockDeletingService.java:call(138)) - Running DeletedBlockTransactionScanner
2019-09-17 12:48:51,098 [SCMBlockDeletingService#1] DEBUG block.SCMBlockDeletingService (SCMBlockDeletingService.java:call(155)) - Scanned deleted blocks log and got 0 delTX to process.
2019-09-17 12:48:51,112 [grpc-default-executor-2] INFO  client.GrpcClientProtocolClient (GrpcClientProtocolClient.java:onNext(264)) - client-E41C008B94D2->cb20f782-9136-4144-a2ef-e44461d35697: receive RaftClientReply:client-E41C008B94D2->cb20f782-9136-4144-a2ef-e44461d35697@group-EF222054BC57, cid=2789, SUCCESS, logIndex=3953, commits[cb20f782-9136-4144-a2ef-e44461d35697:c3954]
2019-09-17 12:48:51,113 [grpc-default-executor-2] INFO  client.GrpcClientProtocolClient (GrpcClientProtocolClient.java:onNext(264)) - client-E41C008B94D2->cb20f782-9136-4144-a2ef-e44461d35697: receive RaftClientReply:client-E41C008B94D2->cb20f782-9136-4144-a2ef-e44461d35697@group-EF222054BC57, cid=2790, SUCCESS, logIndex=3954, commits[cb20f782-9136-4144-a2ef-e44461d35697:c3956]
2019-09-17 12:48:51,113 [grpc-default-executor-2] INFO  client.GrpcClientProtocolClient (GrpcClientProtocolClient.java:onNext(264)) - client-E41C008B94D2->cb20f782-9136-4144-a2ef-e44461d35697: receive RaftClientReply:client-E41C008B94D2->cb20f782-9136-4144-a2ef-e44461d35697@group-EF222054BC57, cid=2791, SUCCESS, logIndex=3955, commits[cb20f782-9136-4144-a2ef-e44461d35697:c3957]
2019-09-17 12:48:51,113 [grpc-default-executor-2] INFO  client.GrpcClientProtocolClient (GrpcClientProtocolClient.java:onNext(264)) - client-E41C008B94D2->cb20f782-9136-4144-a2ef-e44461d35697: receive RaftClientReply:client-E41C008B94D2->cb20f782-9136-4144-a2ef-e44461d35697@group-EF222054BC57, cid=2792, SUCCESS, logIndex=3956, commits[cb20f782-9136-4144-a2ef-e44461d35697:c3957]
2019-09-17 12:48:51,143 [grpc-default-executor-2] INFO  client.GrpcClientProtocolClient (GrpcClientProtocolClient.java:onNext(264)) - client-E41C008B94D2->cb20f782-9136-4144-a2ef-e44461d35697: receive RaftClientReply:client-E41C008B94D2->cb20f782-9136-4144-a2ef-e44461d35697@group-EF222054BC57, cid=2793, SUCCESS, logIndex=3959, commits[cb20f782-9136-4144-a2ef-e44461d35697:c3960]
2019-09-17 12:48:51,144 [grpc-default-executor-2] INFO  client.GrpcClientProtocolClient (GrpcClientProtocolClient.java:onNext(264)) - client-E41C008B94D2->cb20f782-9136-4144-a2ef-e44461d35697: receive RaftClientReply:client-E41C008B94D2->cb20f782-9136-4144-a2ef-e44461d35697@group-EF222054BC57, cid=2794, SUCCESS, logIndex=3960, commits[cb20f782-9136-4144-a2ef-e44461d35697:c3960]
2019-09-17 12:48:51,144 [grpc-default-executor-2] INFO  client.GrpcClientProtocolClient (GrpcClientProtocolClient.java:onNext(264)) - client-E41C008B94D2->cb20f782-9136-4144-a2ef-e44461d35697: receive RaftClientReply:client-E41C008B94D2->cb20f782-9136-4144-a2ef-e44461d35697@group-EF222054BC57, cid=2795, SUCCESS, logIndex=3961, commits[cb20f782-9136-4144-a2ef-e44461d35697:c3962]
2019-09-17 12:48:51,144 [grpc-default-executor-2] INFO  client.GrpcClientProtocolClient (GrpcClientProtocolClient.java:onNext(264)) - client-E41C008B94D2->cb20f782-9136-4144-a2ef-e44461d35697: receive RaftClientReply:client-E41C008B94D2->cb20f782-9136-4144-a2ef-e44461d35697@group-EF222054BC57, cid=2796, SUCCESS, logIndex=3962, commits[cb20f782-9136-4144-a2ef-e44461d35697:c3963]
2019-09-17 12:48:51,163 [grpc-default-executor-2] INFO  client.GrpcClientProtocolClient (GrpcClientProtocolClient.java:onNext(264)) - client-E41C008B94D2->cb20f782-9136-4144-a2ef-e44461d35697: receive RaftClientReply:client-E41C008B94D2->cb20f782-9136-4144-a2ef-e44461d35697@group-EF222054BC57, cid=2797, SUCCESS, logIndex=3965, commits[cb20f782-9136-4144-a2ef-e44461d35697:c3966]
2019-09-17 12:48:51,163 [grpc-default-executor-2] INFO  client.GrpcClientProtocolClient (GrpcClientProtocolClient.java:onNext(264)) - client-E41C008B94D2->cb20f782-9136-4144-a2ef-e44461d35697: receive RaftClientReply:client-E41C008B94D2->cb20f782-9136-4144-a2ef-e44461d35697@group-EF222054BC57, cid=2798, SUCCESS, logIndex=3966, commits[cb20f782-9136-4144-a2ef-e44461d35697:c3968]
2019-09-17 12:48:51,164 [grpc-default-executor-2] INFO  client.GrpcClientProtocolClient (GrpcClientProtocolClient.java:onNext(264)) - client-E41C008B94D2->cb20f782-9136-4144-a2ef-e44461d35697: receive RaftClientReply:client-E41C008B94D2->cb20f782-9136-4144-a2ef-e44461d35697@group-EF222054BC57, cid=2799, SUCCESS, logIndex=3967, commits[cb20f782-9136-4144-a2ef-e44461d35697:c3969]
2019-09-17 12:48:51,164 [grpc-default-executor-2] INFO  client.GrpcClientProtocolClient (GrpcClientProtocolClient.java:onNext(264)) - client-E41C008B94D2->cb20f782-9136-4144-a2ef-e44461d35697: receive RaftClientReply:client-E41C008B94D2->cb20f782-9136-4144-a2ef-e44461d35697@group-EF222054BC57, cid=2800, SUCCESS, logIndex=3968, commits[cb20f782-9136-4144-a2ef-e44461d35697:c3969]
2019-09-17 12:48:51,191 [grpc-default-executor-1] INFO  client.GrpcClientProtocolClient (GrpcClientProtocolClient.java:onNext(264)) - client-E41C008B94D2->cb20f782-9136-4144-a2ef-e44461d35697: receive RaftClientReply:client-E41C008B94D2->cb20f782-9136-4144-a2ef-e44461d35697@group-EF222054BC57, cid=2801, SUCCESS, logIndex=3971, commits[cb20f782-9136-4144-a2ef-e44461d35697:c3972]
2019-09-17 12:48:51,192 [grpc-default-executor-1] INFO  client.GrpcClientProtocolClient (GrpcClientProtocolClient.java:onNext(264)) - client-E41C008B94D2->cb20f782-9136-4144-a2ef-e44461d35697: receive RaftClientReply:client-E41C008B94D2->cb20f782-9136-4144-a2ef-e44461d35697@group-EF222054BC57, cid=2802, SUCCESS, logIndex=3972, commits[cb20f782-9136-4144-a2ef-e44461d35697:c3974]
2019-09-17 12:48:51,192 [grpc-default-executor-1] INFO  client.GrpcClientProtocolClient (GrpcClientProtocolClient.java:onNext(264)) - client-E41C008B94D2->cb20f782-9136-4144-a2ef-e44461d35697: receive RaftClientReply:client-E41C008B94D2->cb20f782-9136-4144-a2ef-e44461d35697@group-EF222054BC57, cid=2803, SUCCESS, logIndex=3973, commits[cb20f782-9136-4144-a2ef-e44461d35697:c3975]
2019-09-17 12:48:51,192 [grpc-default-executor-1] INFO  client.GrpcClientProtocolClient (GrpcClientProtocolClient.java:onNext(264)) - client-E41C008B94D2->cb20f782-9136-4144-a2ef-e44461d35697: receive RaftClientReply:client-E41C008B94D2->cb20f782-9136-4144-a2ef-e44461d35697@group-EF222054BC57, cid=2804, SUCCESS, logIndex=3974, commits[cb20f782-9136-4144-a2ef-e44461d35697:c3975]
2019-09-17 12:48:51,198 [SCMBlockDeletingService#1] DEBUG block.SCMBlockDeletingService (SCMBlockDeletingService.java:call(138)) - Running DeletedBlockTransactionScanner
2019-09-17 12:48:51,199 [SCMBlockDeletingService#1] DEBUG block.SCMBlockDeletingService (SCMBlockDeletingService.java:call(155)) - Scanned deleted blocks log and got 0 delTX to process.
2019-09-17 12:48:51,219 [grpc-default-executor-1] INFO  client.GrpcClientProtocolClient (GrpcClientProtocolClient.java:onNext(264)) - client-E41C008B94D2->cb20f782-9136-4144-a2ef-e44461d35697: receive RaftClientReply:client-E41C008B94D2->cb20f782-9136-4144-a2ef-e44461d35697@group-EF222054BC57, cid=2805, SUCCESS, logIndex=3977, commits[cb20f782-9136-4144-a2ef-e44461d35697:c3978]
2019-09-17 12:48:51,219 [grpc-default-executor-1] INFO  client.GrpcClientProtocolClient (GrpcClientProtocolClient.java:onNext(264)) - client-E41C008B94D2->cb20f782-9136-4144-a2ef-e44461d35697: receive RaftClientReply:client-E41C008B94D2->cb20f782-9136-4144-a2ef-e44461d35697@group-EF222054BC57, cid=2806, SUCCESS, logIndex=3978, commits[cb20f782-9136-4144-a2ef-e44461d35697:c3978]
2019-09-17 12:48:51,231 [grpc-default-executor-1] INFO  client.GrpcClientProtocolClient (GrpcClientProtocolClient.java:onNext(264)) - client-E41C008B94D2->cb20f782-9136-4144-a2ef-e44461d35697: receive RaftClientReply:client-E41C008B94D2->cb20f782-9136-4144-a2ef-e44461d35697@group-EF222054BC57, cid=2807, SUCCESS, logIndex=3979, commits[cb20f782-9136-4144-a2ef-e44461d35697:c3981]
2019-09-17 12:48:51,232 [grpc-default-executor-1] INFO  client.GrpcClientProtocolClient (GrpcClientProtocolClient.java:onNext(264)) - client-E41C008B94D2->cb20f782-9136-4144-a2ef-e44461d35697: receive RaftClientReply:client-E41C008B94D2->cb20f782-9136-4144-a2ef-e44461d35697@group-EF222054BC57, cid=2808, SUCCESS, logIndex=3980, commits[cb20f782-9136-4144-a2ef-e44461d35697:c3981]
2019-09-17 12:48:51,264 [grpc-default-executor-1] INFO  client.GrpcClientProtocolClient (GrpcClientProtocolClient.java:onNext(264)) - client-E41C008B94D2->cb20f782-9136-4144-a2ef-e44461d35697: receive RaftClientReply:client-E41C008B94D2->cb20f782-9136-4144-a2ef-e44461d35697@group-EF222054BC57, cid=2809, SUCCESS, logIndex=3982, commits[cb20f782-9136-4144-a2ef-e44461d35697:c3983]
2019-09-17 12:48:51,265 [grpc-default-executor-1] INFO  client.GrpcClientProtocolClient (GrpcClientProtocolClient.java:onNext(264)) - client-E41C008B94D2->cb20f782-9136-4144-a2ef-e44461d35697: receive RaftClientReply:client-E41C008B94D2->cb20f782-9136-4144-a2ef-e44461d35697@group-EF222054BC57, cid=2810, SUCCESS, logIndex=3983, commits[cb20f782-9136-4144-a2ef-e44461d35697:c3985]
2019-09-17 12:48:51,265 [grpc-default-executor-1] INFO  client.GrpcClientProtocolClient (GrpcClientProtocolClient.java:onNext(264)) - client-E41C008B94D2->cb20f782-9136-4144-a2ef-e44461d35697: receive RaftClientReply:client-E41C008B94D2->cb20f782-9136-4144-a2ef-e44461d35697@group-EF222054BC57, cid=2811, SUCCESS, logIndex=3984, commits[cb20f782-9136-4144-a2ef-e44461d35697:c3986]
2019-09-17 12:48:51,265 [grpc-default-executor-1] INFO  client.GrpcClientProtocolClient (GrpcClientProtocolClient.java:onNext(264)) - client-E41C008B94D2->cb20f782-9136-4144-a2ef-e44461d35697: receive RaftClientReply:client-E41C008B94D2->cb20f782-9136-4144-a2ef-e44461d35697@group-EF222054BC57, cid=2812, SUCCESS, logIndex=3985, commits[cb20f782-9136-4144-a2ef-e44461d35697:c3986]
2019-09-17 12:48:51,286 [grpc-default-executor-2] INFO  client.GrpcClientProtocolClient (GrpcClientProtocolClient.java:onNext(264)) - client-E41C008B94D2->cb20f782-9136-4144-a2ef-e44461d35697: receive RaftClientReply:client-E41C008B94D2->cb20f782-9136-4144-a2ef-e44461d35697@group-EF222054BC57, cid=2813, SUCCESS, logIndex=3988, commits[cb20f782-9136-4144-a2ef-e44461d35697:c3989]
2019-09-17 12:48:51,286 [grpc-default-executor-2] INFO  client.GrpcClientProtocolClient (GrpcClientProtocolClient.java:onNext(264)) - client-E41C008B94D2->cb20f782-9136-4144-a2ef-e44461d35697: receive RaftClientReply:client-E41C008B94D2->cb20f782-9136-4144-a2ef-e44461d35697@group-EF222054BC57, cid=2814, SUCCESS, logIndex=3989, commits[cb20f782-9136-4144-a2ef-e44461d35697:c3991]
2019-09-17 12:48:51,287 [grpc-default-executor-2] INFO  client.GrpcClientProtocolClient (GrpcClientProtocolClient.java:onNext(264)) - client-E41C008B94D2->cb20f782-9136-4144-a2ef-e44461d35697: receive RaftClientReply:client-E41C008B94D2->cb20f782-9136-4144-a2ef-e44461d35697@group-EF222054BC57, cid=2815, SUCCESS, logIndex=3990, commits[cb20f782-9136-4144-a2ef-e44461d35697:c3992]
2019-09-17 12:48:51,287 [grpc-default-executor-2] INFO  client.GrpcClientProtocolClient (GrpcClientProtocolClient.java:onNext(264)) - client-E41C008B94D2->cb20f782-9136-4144-a2ef-e44461d35697: receive RaftClientReply:client-E41C008B94D2->cb20f782-9136-4144-a2ef-e44461d35697@group-EF222054BC57, cid=2816, SUCCESS, logIndex=3991, commits[cb20f782-9136-4144-a2ef-e44461d35697:c3993]
2019-09-17 12:48:51,299 [SCMBlockDeletingService#1] DEBUG block.SCMBlockDeletingService (SCMBlockDeletingService.java:call(138)) - Running DeletedBlockTransactionScanner
2019-09-17 12:48:51,299 [SCMBlockDeletingService#1] DEBUG block.SCMBlockDeletingService (SCMBlockDeletingService.java:call(155)) - Scanned deleted blocks log and got 0 delTX to process.
2019-09-17 12:48:51,324 [grpc-default-executor-2] INFO  client.GrpcClientProtocolClient (GrpcClientProtocolClient.java:onNext(264)) - client-E41C008B94D2->cb20f782-9136-4144-a2ef-e44461d35697: receive RaftClientReply:client-E41C008B94D2->cb20f782-9136-4144-a2ef-e44461d35697@group-EF222054BC57, cid=2817, SUCCESS, logIndex=3994, commits[cb20f782-9136-4144-a2ef-e44461d35697:c3997]
2019-09-17 12:48:51,325 [grpc-default-executor-2] INFO  client.GrpcClientProtocolClient (GrpcClientProtocolClient.java:onNext(264)) - client-E41C008B94D2->cb20f782-9136-4144-a2ef-e44461d35697: receive RaftClientReply:client-E41C008B94D2->cb20f782-9136-4144-a2ef-e44461d35697@group-EF222054BC57, cid=2818, SUCCESS, logIndex=3995, commits[cb20f782-9136-4144-a2ef-e44461d35697:c3997]
2019-09-17 12:48:51,325 [grpc-default-executor-2] INFO  client.GrpcClientProtocolClient (GrpcClientProtocolClient.java:onNext(264)) - client-E41C008B94D2->cb20f782-9136-4144-a2ef-e44461d35697: receive RaftClientReply:client-E41C008B94D2->cb20f782-9136-4144-a2ef-e44461d35697@group-EF222054BC57, cid=2819, SUCCESS, logIndex=3996, commits[cb20f782-9136-4144-a2ef-e44461d35697:c3998]
2019-09-17 12:48:51,326 [grpc-default-executor-2] INFO  client.GrpcClientProtocolClient (GrpcClientProtocolClient.java:onNext(264)) - client-E41C008B94D2->cb20f782-9136-4144-a2ef-e44461d35697: receive RaftClientReply:client-E41C008B94D2->cb20f782-9136-4144-a2ef-e44461d35697@group-EF222054BC57, cid=2820, SUCCESS, logIndex=3997, commits[cb20f782-9136-4144-a2ef-e44461d35697:c3999]
2019-09-17 12:48:51,346 [grpc-default-executor-1] INFO  client.GrpcClientProtocolClient (GrpcClientProtocolClient.java:onNext(264)) - client-E41C008B94D2->cb20f782-9136-4144-a2ef-e44461d35697: receive RaftClientReply:client-E41C008B94D2->cb20f782-9136-4144-a2ef-e44461d35697@group-EF222054BC57, cid=2821, SUCCESS, logIndex=4000, commits[cb20f782-9136-4144-a2ef-e44461d35697:c4001]
2019-09-17 12:48:51,346 [grpc-default-executor-1] INFO  client.GrpcClientProtocolClient (GrpcClientProtocolClient.java:onNext(264)) - client-E41C008B94D2->cb20f782-9136-4144-a2ef-e44461d35697: receive RaftClientReply:client-E41C008B94D2->cb20f782-9136-4144-a2ef-e44461d35697@group-EF222054BC57, cid=2822, SUCCESS, logIndex=4001, commits[cb20f782-9136-4144-a2ef-e44461d35697:c4003]
2019-09-17 12:48:51,347 [grpc-default-executor-1] INFO  client.GrpcClientProtocolClient (GrpcClientProtocolClient.java:onNext(264)) - client-E41C008B94D2->cb20f782-9136-4144-a2ef-e44461d35697: receive RaftClientReply:client-E41C008B94D2->cb20f782-9136-4144-a2ef-e44461d35697@group-EF222054BC57, cid=2823, SUCCESS, logIndex=4002, commits[cb20f782-9136-4144-a2ef-e44461d35697:c4004]
2019-09-17 12:48:51,347 [grpc-default-executor-1] INFO  client.GrpcClientProtocolClient (GrpcClientProtocolClient.java:onNext(264)) - client-E41C008B94D2->cb20f782-9136-4144-a2ef-e44461d35697: receive RaftClientReply:client-E41C008B94D2->cb20f782-9136-4144-a2ef-e44461d35697@group-EF222054BC57, cid=2824, SUCCESS, logIndex=4003, commits[cb20f782-9136-4144-a2ef-e44461d35697:c4004]
2019-09-17 12:48:51,379 [grpc-default-executor-1] INFO  client.GrpcClientProtocolClient (GrpcClientProtocolClient.java:onNext(264)) - client-E41C008B94D2->cb20f782-9136-4144-a2ef-e44461d35697: receive RaftClientReply:client-E41C008B94D2->cb20f782-9136-4144-a2ef-e44461d35697@group-EF222054BC57, cid=2825, SUCCESS, logIndex=4006, commits[cb20f782-9136-4144-a2ef-e44461d35697:c4007]
2019-09-17 12:48:51,379 [grpc-default-executor-1] INFO  client.GrpcClientProtocolClient (GrpcClientProtocolClient.java:onNext(264)) - client-E41C008B94D2->cb20f782-9136-4144-a2ef-e44461d35697: receive RaftClientReply:client-E41C008B94D2->cb20f782-9136-4144-a2ef-e44461d35697@group-EF222054BC57, cid=2826, SUCCESS, logIndex=4007, commits[cb20f782-9136-4144-a2ef-e44461d35697:c4009]
2019-09-17 12:48:51,380 [grpc-default-executor-1] INFO  client.GrpcClientProtocolClient (GrpcClientProtocolClient.java:onNext(264)) - client-E41C008B94D2->cb20f782-9136-4144-a2ef-e44461d35697: receive RaftClientReply:client-E41C008B94D2->cb20f782-9136-4144-a2ef-e44461d35697@group-EF222054BC57, cid=2827, SUCCESS, logIndex=4008, commits[cb20f782-9136-4144-a2ef-e44461d35697:c4009]
2019-09-17 12:48:51,380 [grpc-default-executor-1] INFO  client.GrpcClientProtocolClient (GrpcClientProtocolClient.java:onNext(264)) - client-E41C008B94D2->cb20f782-9136-4144-a2ef-e44461d35697: receive RaftClientReply:client-E41C008B94D2->cb20f782-9136-4144-a2ef-e44461d35697@group-EF222054BC57, cid=2828, SUCCESS, logIndex=4009, commits[cb20f782-9136-4144-a2ef-e44461d35697:c4010]
2019-09-17 12:48:51,400 [SCMBlockDeletingService#1] DEBUG block.SCMBlockDeletingService (SCMBlockDeletingService.java:call(138)) - Running DeletedBlockTransactionScanner
2019-09-17 12:48:51,400 [SCMBlockDeletingService#1] DEBUG block.SCMBlockDeletingService (SCMBlockDeletingService.java:call(155)) - Scanned deleted blocks log and got 0 delTX to process.
2019-09-17 12:48:51,655 [SCMBlockDeletingService#1] DEBUG block.SCMBlockDeletingService (SCMBlockDeletingService.java:call(138)) - Running DeletedBlockTransactionScanner
2019-09-17 12:48:51,655 [SCMBlockDeletingService#1] DEBUG block.SCMBlockDeletingService (SCMBlockDeletingService.java:call(155)) - Scanned deleted blocks log and got 0 delTX to process.
2019-09-17 12:48:51,704 [grpc-default-executor-1] INFO  client.GrpcClientProtocolClient (GrpcClientProtocolClient.java:onNext(264)) - client-E41C008B94D2->cb20f782-9136-4144-a2ef-e44461d35697: receive RaftClientReply:client-E41C008B94D2->cb20f782-9136-4144-a2ef-e44461d35697@group-EF222054BC57, cid=2829, SUCCESS, logIndex=4012, commits[cb20f782-9136-4144-a2ef-e44461d35697:c4013]
2019-09-17 12:48:51,705 [grpc-default-executor-1] INFO  client.GrpcClientProtocolClient (GrpcClientProtocolClient.java:onNext(264)) - client-E41C008B94D2->cb20f782-9136-4144-a2ef-e44461d35697: receive RaftClientReply:client-E41C008B94D2->cb20f782-9136-4144-a2ef-e44461d35697@group-EF222054BC57, cid=2830, SUCCESS, logIndex=4013, commits[cb20f782-9136-4144-a2ef-e44461d35697:c4015]
2019-09-17 12:48:51,705 [grpc-default-executor-1] INFO  client.GrpcClientProtocolClient (GrpcClientProtocolClient.java:onNext(264)) - client-E41C008B94D2->cb20f782-9136-4144-a2ef-e44461d35697: receive RaftClientReply:client-E41C008B94D2->cb20f782-9136-4144-a2ef-e44461d35697@group-EF222054BC57, cid=2831, SUCCESS, logIndex=4014, commits[cb20f782-9136-4144-a2ef-e44461d35697:c4016]
2019-09-17 12:48:51,706 [grpc-default-executor-1] INFO  client.GrpcClientProtocolClient (GrpcClientProtocolClient.java:onNext(264)) - client-E41C008B94D2->cb20f782-9136-4144-a2ef-e44461d35697: receive RaftClientReply:client-E41C008B94D2->cb20f782-9136-4144-a2ef-e44461d35697@group-EF222054BC57, cid=2832, SUCCESS, logIndex=4015, commits[cb20f782-9136-4144-a2ef-e44461d35697:c4017]
2019-09-17 12:48:51,737 [grpc-default-executor-2] INFO  client.GrpcClientProtocolClient (GrpcClientProtocolClient.java:onNext(264)) - client-E41C008B94D2->cb20f782-9136-4144-a2ef-e44461d35697: receive RaftClientReply:client-E41C008B94D2->cb20f782-9136-4144-a2ef-e44461d35697@group-EF222054BC57, cid=2833, SUCCESS, logIndex=4018, commits[cb20f782-9136-4144-a2ef-e44461d35697:c4019]
2019-09-17 12:48:51,737 [grpc-default-executor-2] INFO  client.GrpcClientProtocolClient (GrpcClientProtocolClient.java:onNext(264)) - client-E41C008B94D2->cb20f782-9136-4144-a2ef-e44461d35697: receive RaftClientReply:client-E41C008B94D2->cb20f782-9136-4144-a2ef-e44461d35697@group-EF222054BC57, cid=2834, SUCCESS, logIndex=4019, commits[cb20f782-9136-4144-a2ef-e44461d35697:c4021]
2019-09-17 12:48:51,738 [grpc-default-executor-2] INFO  client.GrpcClientProtocolClient (GrpcClientProtocolClient.java:onNext(264)) - client-E41C008B94D2->cb20f782-9136-4144-a2ef-e44461d35697: receive RaftClientReply:client-E41C008B94D2->cb20f782-9136-4144-a2ef-e44461d35697@group-EF222054BC57, cid=2835, SUCCESS, logIndex=4020, commits[cb20f782-9136-4144-a2ef-e44461d35697:c4021]
2019-09-17 12:48:51,738 [grpc-default-executor-2] INFO  client.GrpcClientProtocolClient (GrpcClientProtocolClient.java:onNext(264)) - client-E41C008B94D2->cb20f782-9136-4144-a2ef-e44461d35697: receive RaftClientReply:client-E41C008B94D2->cb20f782-9136-4144-a2ef-e44461d35697@group-EF222054BC57, cid=2836, SUCCESS, logIndex=4021, commits[cb20f782-9136-4144-a2ef-e44461d35697:c4022]
2019-09-17 12:48:51,756 [SCMBlockDeletingService#1] DEBUG block.SCMBlockDeletingService (SCMBlockDeletingService.java:call(138)) - Running DeletedBlockTransactionScanner
2019-09-17 12:48:51,756 [SCMBlockDeletingService#1] DEBUG block.SCMBlockDeletingService (SCMBlockDeletingService.java:call(155)) - Scanned deleted blocks log and got 0 delTX to process.
2019-09-17 12:48:51,757 [grpc-default-executor-2] INFO  client.GrpcClientProtocolClient (GrpcClientProtocolClient.java:onNext(264)) - client-E41C008B94D2->cb20f782-9136-4144-a2ef-e44461d35697: receive RaftClientReply:client-E41C008B94D2->cb20f782-9136-4144-a2ef-e44461d35697@group-EF222054BC57, cid=2837, SUCCESS, logIndex=4024, commits[cb20f782-9136-4144-a2ef-e44461d35697:c4027]
2019-09-17 12:48:51,758 [grpc-default-executor-2] INFO  client.GrpcClientProtocolClient (GrpcClientProtocolClient.java:onNext(264)) - client-E41C008B94D2->cb20f782-9136-4144-a2ef-e44461d35697: receive RaftClientReply:client-E41C008B94D2->cb20f782-9136-4144-a2ef-e44461d35697@group-EF222054BC57, cid=2838, SUCCESS, logIndex=4025, commits[cb20f782-9136-4144-a2ef-e44461d35697:c4027]
2019-09-17 12:48:51,758 [grpc-default-executor-2] INFO  client.GrpcClientProtocolClient (GrpcClientProtocolClient.java:onNext(264)) - client-E41C008B94D2->cb20f782-9136-4144-a2ef-e44461d35697: receive RaftClientReply:client-E41C008B94D2->cb20f782-9136-4144-a2ef-e44461d35697@group-EF222054BC57, cid=2839, SUCCESS, logIndex=4026, commits[cb20f782-9136-4144-a2ef-e44461d35697:c4027]
2019-09-17 12:48:51,758 [grpc-default-executor-2] INFO  client.GrpcClientProtocolClient (GrpcClientProtocolClient.java:onNext(264)) - client-E41C008B94D2->cb20f782-9136-4144-a2ef-e44461d35697: receive RaftClientReply:client-E41C008B94D2->cb20f782-9136-4144-a2ef-e44461d35697@group-EF222054BC57, cid=2840, SUCCESS, logIndex=4027, commits[cb20f782-9136-4144-a2ef-e44461d35697:c4027]
2019-09-17 12:48:51,786 [grpc-default-executor-2] INFO  client.GrpcClientProtocolClient (GrpcClientProtocolClient.java:onNext(264)) - client-E41C008B94D2->cb20f782-9136-4144-a2ef-e44461d35697: receive RaftClientReply:client-E41C008B94D2->cb20f782-9136-4144-a2ef-e44461d35697@group-EF222054BC57, cid=2841, SUCCESS, logIndex=4029, commits[cb20f782-9136-4144-a2ef-e44461d35697:c4030]
2019-09-17 12:48:51,787 [grpc-default-executor-2] INFO  client.GrpcClientProtocolClient (GrpcClientProtocolClient.java:onNext(264)) - client-E41C008B94D2->cb20f782-9136-4144-a2ef-e44461d35697: receive RaftClientReply:client-E41C008B94D2->cb20f782-9136-4144-a2ef-e44461d35697@group-EF222054BC57, cid=2842, SUCCESS, logIndex=4030, commits[cb20f782-9136-4144-a2ef-e44461d35697:c4030]
2019-09-17 12:48:51,788 [grpc-default-executor-2] INFO  client.GrpcClientProtocolClient (GrpcClientProtocolClient.java:onNext(264)) - client-E41C008B94D2->cb20f782-9136-4144-a2ef-e44461d35697: receive RaftClientReply:client-E41C008B94D2->cb20f782-9136-4144-a2ef-e44461d35697@group-EF222054BC57, cid=2843, SUCCESS, logIndex=4031, commits[cb20f782-9136-4144-a2ef-e44461d35697:c4032]
2019-09-17 12:48:51,789 [grpc-default-executor-2] INFO  client.GrpcClientProtocolClient (GrpcClientProtocolClient.java:onNext(264)) - client-E41C008B94D2->cb20f782-9136-4144-a2ef-e44461d35697: receive RaftClientReply:client-E41C008B94D2->cb20f782-9136-4144-a2ef-e44461d35697@group-EF222054BC57, cid=2844, SUCCESS, logIndex=4032, commits[cb20f782-9136-4144-a2ef-e44461d35697:c4032]
2019-09-17 12:48:51,800 [grpc-default-executor-1] INFO  client.GrpcClientProtocolClient (GrpcClientProtocolClient.java:onNext(264)) - client-E41C008B94D2->cb20f782-9136-4144-a2ef-e44461d35697: receive RaftClientReply:client-E41C008B94D2->cb20f782-9136-4144-a2ef-e44461d35697@group-EF222054BC57, cid=2845, SUCCESS, logIndex=4035, commits[cb20f782-9136-4144-a2ef-e44461d35697:c4038]
2019-09-17 12:48:51,801 [grpc-default-executor-1] INFO  client.GrpcClientProtocolClient (GrpcClientProtocolClient.java:onNext(264)) - client-E41C008B94D2->cb20f782-9136-4144-a2ef-e44461d35697: receive RaftClientReply:client-E41C008B94D2->cb20f782-9136-4144-a2ef-e44461d35697@group-EF222054BC57, cid=2846, SUCCESS, logIndex=4036, commits[cb20f782-9136-4144-a2ef-e44461d35697:c4039]
2019-09-17 12:48:51,801 [grpc-default-executor-1] INFO  client.GrpcClientProtocolClient (GrpcClientProtocolClient.java:onNext(264)) - client-E41C008B94D2->cb20f782-9136-4144-a2ef-e44461d35697: receive RaftClientReply:client-E41C008B94D2->cb20f782-9136-4144-a2ef-e44461d35697@group-EF222054BC57, cid=2847, SUCCESS, logIndex=4037, commits[cb20f782-9136-4144-a2ef-e44461d35697:c4039]
2019-09-17 12:48:51,801 [grpc-default-executor-1] INFO  client.GrpcClientProtocolClient (GrpcClientProtocolClient.java:onNext(264)) - client-E41C008B94D2->cb20f782-9136-4144-a2ef-e44461d35697: receive RaftClientReply:client-E41C008B94D2->cb20f782-9136-4144-a2ef-e44461d35697@group-EF222054BC57, cid=2848, SUCCESS, logIndex=4038, commits[cb20f782-9136-4144-a2ef-e44461d35697:c4039]
2019-09-17 12:48:51,831 [grpc-default-executor-1] INFO  client.GrpcClientProtocolClient (GrpcClientProtocolClient.java:onNext(264)) - client-E41C008B94D2->cb20f782-9136-4144-a2ef-e44461d35697: receive RaftClientReply:client-E41C008B94D2->cb20f782-9136-4144-a2ef-e44461d35697@group-EF222054BC57, cid=2849, SUCCESS, logIndex=4040, commits[cb20f782-9136-4144-a2ef-e44461d35697:c4041]
2019-09-17 12:48:51,831 [grpc-default-executor-1] INFO  client.GrpcClientProtocolClient (GrpcClientProtocolClient.java:onNext(264)) - client-E41C008B94D2->cb20f782-9136-4144-a2ef-e44461d35697: receive RaftClientReply:client-E41C008B94D2->cb20f782-9136-4144-a2ef-e44461d35697@group-EF222054BC57, cid=2850, SUCCESS, logIndex=4041, commits[cb20f782-9136-4144-a2ef-e44461d35697:c4044]
2019-09-17 12:48:51,832 [grpc-default-executor-1] INFO  client.GrpcClientProtocolClient (GrpcClientProtocolClient.java:onNext(264)) - client-E41C008B94D2->cb20f782-9136-4144-a2ef-e44461d35697: receive RaftClientReply:client-E41C008B94D2->cb20f782-9136-4144-a2ef-e44461d35697@group-EF222054BC57, cid=2851, SUCCESS, logIndex=4042, commits[cb20f782-9136-4144-a2ef-e44461d35697:c4044]
2019-09-17 12:48:51,832 [grpc-default-executor-1] INFO  client.GrpcClientProtocolClient (GrpcClientProtocolClient.java:onNext(264)) - client-E41C008B94D2->cb20f782-9136-4144-a2ef-e44461d35697: receive RaftClientReply:client-E41C008B94D2->cb20f782-9136-4144-a2ef-e44461d35697@group-EF222054BC57, cid=2852, SUCCESS, logIndex=4043, commits[cb20f782-9136-4144-a2ef-e44461d35697:c4045]
2019-09-17 12:48:51,851 [grpc-default-executor-2] INFO  client.GrpcClientProtocolClient (GrpcClientProtocolClient.java:onNext(264)) - client-E41C008B94D2->cb20f782-9136-4144-a2ef-e44461d35697: receive RaftClientReply:client-E41C008B94D2->cb20f782-9136-4144-a2ef-e44461d35697@group-EF222054BC57, cid=2853, SUCCESS, logIndex=4046, commits[cb20f782-9136-4144-a2ef-e44461d35697:c4047]
2019-09-17 12:48:51,851 [grpc-default-executor-2] INFO  client.GrpcClientProtocolClient (GrpcClientProtocolClient.java:onNext(264)) - client-E41C008B94D2->cb20f782-9136-4144-a2ef-e44461d35697: receive RaftClientReply:client-E41C008B94D2->cb20f782-9136-4144-a2ef-e44461d35697@group-EF222054BC57, cid=2854, SUCCESS, logIndex=4047, commits[cb20f782-9136-4144-a2ef-e44461d35697:c4049]
2019-09-17 12:48:51,851 [grpc-default-executor-2] INFO  client.GrpcClientProtocolClient (GrpcClientProtocolClient.java:onNext(264)) - client-E41C008B94D2->cb20f782-9136-4144-a2ef-e44461d35697: receive RaftClientReply:client-E41C008B94D2->cb20f782-9136-4144-a2ef-e44461d35697@group-EF222054BC57, cid=2855, SUCCESS, logIndex=4048, commits[cb20f782-9136-4144-a2ef-e44461d35697:c4050]
2019-09-17 12:48:51,852 [grpc-default-executor-2] INFO  client.GrpcClientProtocolClient (GrpcClientProtocolClient.java:onNext(264)) - client-E41C008B94D2->cb20f782-9136-4144-a2ef-e44461d35697: receive RaftClientReply:client-E41C008B94D2->cb20f782-9136-4144-a2ef-e44461d35697@group-EF222054BC57, cid=2856, SUCCESS, logIndex=4049, commits[cb20f782-9136-4144-a2ef-e44461d35697:c4050]
2019-09-17 12:48:51,856 [SCMBlockDeletingService#1] DEBUG block.SCMBlockDeletingService (SCMBlockDeletingService.java:call(138)) - Running DeletedBlockTransactionScanner
2019-09-17 12:48:51,857 [SCMBlockDeletingService#1] DEBUG block.SCMBlockDeletingService (SCMBlockDeletingService.java:call(155)) - Scanned deleted blocks log and got 0 delTX to process.
2019-09-17 12:48:51,879 [grpc-default-executor-2] INFO  client.GrpcClientProtocolClient (GrpcClientProtocolClient.java:onNext(264)) - client-E41C008B94D2->cb20f782-9136-4144-a2ef-e44461d35697: receive RaftClientReply:client-E41C008B94D2->cb20f782-9136-4144-a2ef-e44461d35697@group-EF222054BC57, cid=2857, SUCCESS, logIndex=4052, commits[cb20f782-9136-4144-a2ef-e44461d35697:c4055]
2019-09-17 12:48:51,879 [grpc-default-executor-2] INFO  client.GrpcClientProtocolClient (GrpcClientProtocolClient.java:onNext(264)) - client-E41C008B94D2->cb20f782-9136-4144-a2ef-e44461d35697: receive RaftClientReply:client-E41C008B94D2->cb20f782-9136-4144-a2ef-e44461d35697@group-EF222054BC57, cid=2858, SUCCESS, logIndex=4053, commits[cb20f782-9136-4144-a2ef-e44461d35697:c4055]
2019-09-17 12:48:51,880 [grpc-default-executor-2] INFO  client.GrpcClientProtocolClient (GrpcClientProtocolClient.java:onNext(264)) - client-E41C008B94D2->cb20f782-9136-4144-a2ef-e44461d35697: receive RaftClientReply:client-E41C008B94D2->cb20f782-9136-4144-a2ef-e44461d35697@group-EF222054BC57, cid=2859, SUCCESS, logIndex=4054, commits[cb20f782-9136-4144-a2ef-e44461d35697:c4056]
2019-09-17 12:48:51,880 [grpc-default-executor-2] INFO  client.GrpcClientProtocolClient (GrpcClientProtocolClient.java:onNext(264)) - client-E41C008B94D2->cb20f782-9136-4144-a2ef-e44461d35697: receive RaftClientReply:client-E41C008B94D2->cb20f782-9136-4144-a2ef-e44461d35697@group-EF222054BC57, cid=2860, SUCCESS, logIndex=4055, commits[cb20f782-9136-4144-a2ef-e44461d35697:c4056]
2019-09-17 12:48:51,899 [grpc-default-executor-2] INFO  client.GrpcClientProtocolClient (GrpcClientProtocolClient.java:onNext(264)) - client-E41C008B94D2->cb20f782-9136-4144-a2ef-e44461d35697: receive RaftClientReply:client-E41C008B94D2->cb20f782-9136-4144-a2ef-e44461d35697@group-EF222054BC57, cid=2861, SUCCESS, logIndex=4058, commits[cb20f782-9136-4144-a2ef-e44461d35697:c4061]
2019-09-17 12:48:51,899 [grpc-default-executor-2] INFO  client.GrpcClientProtocolClient (GrpcClientProtocolClient.java:onNext(264)) - client-E41C008B94D2->cb20f782-9136-4144-a2ef-e44461d35697: receive RaftClientReply:client-E41C008B94D2->cb20f782-9136-4144-a2ef-e44461d35697@group-EF222054BC57, cid=2862, SUCCESS, logIndex=4059, commits[cb20f782-9136-4144-a2ef-e44461d35697:c4062]
2019-09-17 12:48:51,899 [grpc-default-executor-2] INFO  client.GrpcClientProtocolClient (GrpcClientProtocolClient.java:onNext(264)) - client-E41C008B94D2->cb20f782-9136-4144-a2ef-e44461d35697: receive RaftClientReply:client-E41C008B94D2->cb20f782-9136-4144-a2ef-e44461d35697@group-EF222054BC57, cid=2863, SUCCESS, logIndex=4060, commits[cb20f782-9136-4144-a2ef-e44461d35697:c4062]
2019-09-17 12:48:51,900 [grpc-default-executor-2] INFO  client.GrpcClientProtocolClient (GrpcClientProtocolClient.java:onNext(264)) - client-E41C008B94D2->cb20f782-9136-4144-a2ef-e44461d35697: receive RaftClientReply:client-E41C008B94D2->cb20f782-9136-4144-a2ef-e44461d35697@group-EF222054BC57, cid=2864, SUCCESS, logIndex=4061, commits[cb20f782-9136-4144-a2ef-e44461d35697:c4062]
2019-09-17 12:48:51,945 [grpc-default-executor-2] INFO  client.GrpcClientProtocolClient (GrpcClientProtocolClient.java:onNext(264)) - client-E41C008B94D2->cb20f782-9136-4144-a2ef-e44461d35697: receive RaftClientReply:client-E41C008B94D2->cb20f782-9136-4144-a2ef-e44461d35697@group-EF222054BC57, cid=2865, SUCCESS, logIndex=4063, commits[cb20f782-9136-4144-a2ef-e44461d35697:c4066]
2019-09-17 12:48:51,946 [grpc-default-executor-2] INFO  client.GrpcClientProtocolClient (GrpcClientProtocolClient.java:onNext(264)) - client-E41C008B94D2->cb20f782-9136-4144-a2ef-e44461d35697: receive RaftClientReply:client-E41C008B94D2->cb20f782-9136-4144-a2ef-e44461d35697@group-EF222054BC57, cid=2866, SUCCESS, logIndex=4064, commits[cb20f782-9136-4144-a2ef-e44461d35697:c4066]
2019-09-17 12:48:51,946 [grpc-default-executor-2] INFO  client.GrpcClientProtocolClient (GrpcClientProtocolClient.java:onNext(264)) - client-E41C008B94D2->cb20f782-9136-4144-a2ef-e44461d35697: receive RaftClientReply:client-E41C008B94D2->cb20f782-9136-4144-a2ef-e44461d35697@group-EF222054BC57, cid=2867, SUCCESS, logIndex=4065, commits[cb20f782-9136-4144-a2ef-e44461d35697:c4066]
2019-09-17 12:48:51,946 [grpc-default-executor-2] INFO  client.GrpcClientProtocolClient (GrpcClientProtocolClient.java:onNext(264)) - client-E41C008B94D2->cb20f782-9136-4144-a2ef-e44461d35697: receive RaftClientReply:client-E41C008B94D2->cb20f782-9136-4144-a2ef-e44461d35697@group-EF222054BC57, cid=2868, SUCCESS, logIndex=4066, commits[cb20f782-9136-4144-a2ef-e44461d35697:c4066]
2019-09-17 12:48:51,957 [SCMBlockDeletingService#0] DEBUG block.SCMBlockDeletingService (SCMBlockDeletingService.java:call(138)) - Running DeletedBlockTransactionScanner
2019-09-17 12:48:51,957 [SCMBlockDeletingService#0] DEBUG block.SCMBlockDeletingService (SCMBlockDeletingService.java:call(155)) - Scanned deleted blocks log and got 0 delTX to process.
2019-09-17 12:48:51,964 [grpc-default-executor-1] INFO  client.GrpcClientProtocolClient (GrpcClientProtocolClient.java:onNext(264)) - client-E41C008B94D2->cb20f782-9136-4144-a2ef-e44461d35697: receive RaftClientReply:client-E41C008B94D2->cb20f782-9136-4144-a2ef-e44461d35697@group-EF222054BC57, cid=2869, SUCCESS, logIndex=4068, commits[cb20f782-9136-4144-a2ef-e44461d35697:c4071]
2019-09-17 12:48:51,965 [grpc-default-executor-1] INFO  client.GrpcClientProtocolClient (GrpcClientProtocolClient.java:onNext(264)) - client-E41C008B94D2->cb20f782-9136-4144-a2ef-e44461d35697: receive RaftClientReply:client-E41C008B94D2->cb20f782-9136-4144-a2ef-e44461d35697@group-EF222054BC57, cid=2870, SUCCESS, logIndex=4069, commits[cb20f782-9136-4144-a2ef-e44461d35697:c4072]
2019-09-17 12:48:51,965 [grpc-default-executor-1] INFO  client.GrpcClientProtocolClient (GrpcClientProtocolClient.java:onNext(264)) - client-E41C008B94D2->cb20f782-9136-4144-a2ef-e44461d35697: receive RaftClientReply:client-E41C008B94D2->cb20f782-9136-4144-a2ef-e44461d35697@group-EF222054BC57, cid=2871, SUCCESS, logIndex=4070, commits[cb20f782-9136-4144-a2ef-e44461d35697:c4072]
2019-09-17 12:48:51,965 [grpc-default-executor-1] INFO  client.GrpcClientProtocolClient (GrpcClientProtocolClient.java:onNext(264)) - client-E41C008B94D2->cb20f782-9136-4144-a2ef-e44461d35697: receive RaftClientReply:client-E41C008B94D2->cb20f782-9136-4144-a2ef-e44461d35697@group-EF222054BC57, cid=2872, SUCCESS, logIndex=4071, commits[cb20f782-9136-4144-a2ef-e44461d35697:c4072]
2019-09-17 12:48:52,058 [SCMBlockDeletingService#0] DEBUG block.SCMBlockDeletingService (SCMBlockDeletingService.java:call(138)) - Running DeletedBlockTransactionScanner
2019-09-17 12:48:52,058 [SCMBlockDeletingService#0] DEBUG block.SCMBlockDeletingService (SCMBlockDeletingService.java:call(155)) - Scanned deleted blocks log and got 0 delTX to process.
2019-09-17 12:48:52,077 [grpc-default-executor-1] INFO  client.GrpcClientProtocolClient (GrpcClientProtocolClient.java:onNext(264)) - client-E41C008B94D2->cb20f782-9136-4144-a2ef-e44461d35697: receive RaftClientReply:client-E41C008B94D2->cb20f782-9136-4144-a2ef-e44461d35697@group-EF222054BC57, cid=2873, SUCCESS, logIndex=4073, commits[cb20f782-9136-4144-a2ef-e44461d35697:c4076]
2019-09-17 12:48:52,078 [grpc-default-executor-1] INFO  client.GrpcClientProtocolClient (GrpcClientProtocolClient.java:onNext(264)) - client-E41C008B94D2->cb20f782-9136-4144-a2ef-e44461d35697: receive RaftClientReply:client-E41C008B94D2->cb20f782-9136-4144-a2ef-e44461d35697@group-EF222054BC57, cid=2874, SUCCESS, logIndex=4074, commits[cb20f782-9136-4144-a2ef-e44461d35697:c4076]
2019-09-17 12:48:52,078 [grpc-default-executor-1] INFO  client.GrpcClientProtocolClient (GrpcClientProtocolClient.java:onNext(264)) - client-E41C008B94D2->cb20f782-9136-4144-a2ef-e44461d35697: receive RaftClientReply:client-E41C008B94D2->cb20f782-9136-4144-a2ef-e44461d35697@group-EF222054BC57, cid=2875, SUCCESS, logIndex=4075, commits[cb20f782-9136-4144-a2ef-e44461d35697:c4077]
2019-09-17 12:48:52,079 [grpc-default-executor-1] INFO  client.GrpcClientProtocolClient (GrpcClientProtocolClient.java:onNext(264)) - client-E41C008B94D2->cb20f782-9136-4144-a2ef-e44461d35697: receive RaftClientReply:client-E41C008B94D2->cb20f782-9136-4144-a2ef-e44461d35697@group-EF222054BC57, cid=2876, SUCCESS, logIndex=4076, commits[cb20f782-9136-4144-a2ef-e44461d35697:c4077]
2019-09-17 12:48:52,098 [grpc-default-executor-2] INFO  client.GrpcClientProtocolClient (GrpcClientProtocolClient.java:onNext(264)) - client-E41C008B94D2->cb20f782-9136-4144-a2ef-e44461d35697: receive RaftClientReply:client-E41C008B94D2->cb20f782-9136-4144-a2ef-e44461d35697@group-EF222054BC57, cid=2877, SUCCESS, logIndex=4078, commits[cb20f782-9136-4144-a2ef-e44461d35697:c4081]
2019-09-17 12:48:52,099 [grpc-default-executor-1] INFO  client.GrpcClientProtocolClient (GrpcClientProtocolClient.java:onNext(264)) - client-E41C008B94D2->cb20f782-9136-4144-a2ef-e44461d35697: receive RaftClientReply:client-E41C008B94D2->cb20f782-9136-4144-a2ef-e44461d35697@group-EF222054BC57, cid=2878, SUCCESS, logIndex=4079, commits[cb20f782-9136-4144-a2ef-e44461d35697:c4081]
2019-09-17 12:48:52,099 [grpc-default-executor-1] INFO  client.GrpcClientProtocolClient (GrpcClientProtocolClient.java:onNext(264)) - client-E41C008B94D2->cb20f782-9136-4144-a2ef-e44461d35697: receive RaftClientReply:client-E41C008B94D2->cb20f782-9136-4144-a2ef-e44461d35697@group-EF222054BC57, cid=2879, SUCCESS, logIndex=4080, commits[cb20f782-9136-4144-a2ef-e44461d35697:c4082]
2019-09-17 12:48:52,099 [grpc-default-executor-1] INFO  client.GrpcClientProtocolClient (GrpcClientProtocolClient.java:onNext(264)) - client-E41C008B94D2->cb20f782-9136-4144-a2ef-e44461d35697: receive RaftClientReply:client-E41C008B94D2->cb20f782-9136-4144-a2ef-e44461d35697@group-EF222054BC57, cid=2880, SUCCESS, logIndex=4081, commits[cb20f782-9136-4144-a2ef-e44461d35697:c4082]
2019-09-17 12:48:52,128 [grpc-default-executor-2] INFO  client.GrpcClientProtocolClient (GrpcClientProtocolClient.java:onNext(264)) - client-E41C008B94D2->cb20f782-9136-4144-a2ef-e44461d35697: receive RaftClientReply:client-E41C008B94D2->cb20f782-9136-4144-a2ef-e44461d35697@group-EF222054BC57, cid=2881, SUCCESS, logIndex=4083, commits[cb20f782-9136-4144-a2ef-e44461d35697:c4086]
2019-09-17 12:48:52,128 [grpc-default-executor-2] INFO  client.GrpcClientProtocolClient (GrpcClientProtocolClient.java:onNext(264)) - client-E41C008B94D2->cb20f782-9136-4144-a2ef-e44461d35697: receive RaftClientReply:client-E41C008B94D2->cb20f782-9136-4144-a2ef-e44461d35697@group-EF222054BC57, cid=2882, SUCCESS, logIndex=4084, commits[cb20f782-9136-4144-a2ef-e44461d35697:c4086]
2019-09-17 12:48:52,128 [grpc-default-executor-2] INFO  client.GrpcClientProtocolClient (GrpcClientProtocolClient.java:onNext(264)) - client-E41C008B94D2->cb20f782-9136-4144-a2ef-e44461d35697: receive RaftClientReply:client-E41C008B94D2->cb20f782-9136-4144-a2ef-e44461d35697@group-EF222054BC57, cid=2883, SUCCESS, logIndex=4085, commits[cb20f782-9136-4144-a2ef-e44461d35697:c4087]
2019-09-17 12:48:52,129 [grpc-default-executor-2] INFO  client.GrpcClientProtocolClient (GrpcClientProtocolClient.java:onNext(264)) - client-E41C008B94D2->cb20f782-9136-4144-a2ef-e44461d35697: receive RaftClientReply:client-E41C008B94D2->cb20f782-9136-4144-a2ef-e44461d35697@group-EF222054BC57, cid=2884, SUCCESS, logIndex=4086, commits[cb20f782-9136-4144-a2ef-e44461d35697:c4087]
2019-09-17 12:48:52,151 [grpc-default-executor-1] INFO  client.GrpcClientProtocolClient (GrpcClientProtocolClient.java:onNext(264)) - client-E41C008B94D2->cb20f782-9136-4144-a2ef-e44461d35697: receive RaftClientReply:client-E41C008B94D2->cb20f782-9136-4144-a2ef-e44461d35697@group-EF222054BC57, cid=2885, SUCCESS, logIndex=4088, commits[cb20f782-9136-4144-a2ef-e44461d35697:c4091]
2019-09-17 12:48:52,152 [grpc-default-executor-1] INFO  client.GrpcClientProtocolClient (GrpcClientProtocolClient.java:onNext(264)) - client-E41C008B94D2->cb20f782-9136-4144-a2ef-e44461d35697: receive RaftClientReply:client-E41C008B94D2->cb20f782-9136-4144-a2ef-e44461d35697@group-EF222054BC57, cid=2886, SUCCESS, logIndex=4089, commits[cb20f782-9136-4144-a2ef-e44461d35697:c4091]
2019-09-17 12:48:52,152 [grpc-default-executor-1] INFO  client.GrpcClientProtocolClient (GrpcClientProtocolClient.java:onNext(264)) - client-E41C008B94D2->cb20f782-9136-4144-a2ef-e44461d35697: receive RaftClientReply:client-E41C008B94D2->cb20f782-9136-4144-a2ef-e44461d35697@group-EF222054BC57, cid=2887, SUCCESS, logIndex=4090, commits[cb20f782-9136-4144-a2ef-e44461d35697:c4091]
2019-09-17 12:48:52,152 [grpc-default-executor-1] INFO  client.GrpcClientProtocolClient (GrpcClientProtocolClient.java:onNext(264)) - client-E41C008B94D2->cb20f782-9136-4144-a2ef-e44461d35697: receive RaftClientReply:client-E41C008B94D2->cb20f782-9136-4144-a2ef-e44461d35697@group-EF222054BC57, cid=2888, SUCCESS, logIndex=4091, commits[cb20f782-9136-4144-a2ef-e44461d35697:c4091]
2019-09-17 12:48:52,158 [SCMBlockDeletingService#0] DEBUG block.SCMBlockDeletingService (SCMBlockDeletingService.java:call(138)) - Running DeletedBlockTransactionScanner
2019-09-17 12:48:52,158 [SCMBlockDeletingService#0] DEBUG block.SCMBlockDeletingService (SCMBlockDeletingService.java:call(155)) - Scanned deleted blocks log and got 0 delTX to process.
2019-09-17 12:48:52,180 [grpc-default-executor-1] INFO  client.GrpcClientProtocolClient (GrpcClientProtocolClient.java:onNext(264)) - client-E41C008B94D2->cb20f782-9136-4144-a2ef-e44461d35697: receive RaftClientReply:client-E41C008B94D2->cb20f782-9136-4144-a2ef-e44461d35697@group-EF222054BC57, cid=2889, SUCCESS, logIndex=4093, commits[cb20f782-9136-4144-a2ef-e44461d35697:c4096]
2019-09-17 12:48:52,181 [grpc-default-executor-1] INFO  client.GrpcClientProtocolClient (GrpcClientProtocolClient.java:onNext(264)) - client-E41C008B94D2->cb20f782-9136-4144-a2ef-e44461d35697: receive RaftClientReply:client-E41C008B94D2->cb20f782-9136-4144-a2ef-e44461d35697@group-EF222054BC57, cid=2890, SUCCESS, logIndex=4094, commits[cb20f782-9136-4144-a2ef-e44461d35697:c4097]
2019-09-17 12:48:52,181 [grpc-default-executor-1] INFO  client.GrpcClientProtocolClient (GrpcClientProtocolClient.java:onNext(264)) - client-E41C008B94D2->cb20f782-9136-4144-a2ef-e44461d35697: receive RaftClientReply:client-E41C008B94D2->cb20f782-9136-4144-a2ef-e44461d35697@group-EF222054BC57, cid=2891, SUCCESS, logIndex=4095, commits[cb20f782-9136-4144-a2ef-e44461d35697:c4097]
2019-09-17 12:48:52,182 [grpc-default-executor-1] INFO  client.GrpcClientProtocolClient (GrpcClientProtocolClient.java:onNext(264)) - client-E41C008B94D2->cb20f782-9136-4144-a2ef-e44461d35697: receive RaftClientReply:client-E41C008B94D2->cb20f782-9136-4144-a2ef-e44461d35697@group-EF222054BC57, cid=2892, SUCCESS, logIndex=4096, commits[cb20f782-9136-4144-a2ef-e44461d35697:c4097]
2019-09-17 12:48:52,201 [grpc-default-executor-1] INFO  client.GrpcClientProtocolClient (GrpcClientProtocolClient.java:onNext(264)) - client-E41C008B94D2->cb20f782-9136-4144-a2ef-e44461d35697: receive RaftClientReply:client-E41C008B94D2->cb20f782-9136-4144-a2ef-e44461d35697@group-EF222054BC57, cid=2893, SUCCESS, logIndex=4098, commits[cb20f782-9136-4144-a2ef-e44461d35697:c4101]
2019-09-17 12:48:52,201 [grpc-default-executor-1] INFO  client.GrpcClientProtocolClient (GrpcClientProtocolClient.java:onNext(264)) - client-E41C008B94D2->cb20f782-9136-4144-a2ef-e44461d35697: receive RaftClientReply:client-E41C008B94D2->cb20f782-9136-4144-a2ef-e44461d35697@group-EF222054BC57, cid=2894, SUCCESS, logIndex=4099, commits[cb20f782-9136-4144-a2ef-e44461d35697:c4102]
2019-09-17 12:48:52,202 [grpc-default-executor-1] INFO  client.GrpcClientProtocolClient (GrpcClientProtocolClient.java:onNext(264)) - client-E41C008B94D2->cb20f782-9136-4144-a2ef-e44461d35697: receive RaftClientReply:client-E41C008B94D2->cb20f782-9136-4144-a2ef-e44461d35697@group-EF222054BC57, cid=2895, SUCCESS, logIndex=4100, commits[cb20f782-9136-4144-a2ef-e44461d35697:c4102]
2019-09-17 12:48:52,202 [grpc-default-executor-1] INFO  client.GrpcClientProtocolClient (GrpcClientProtocolClient.java:onNext(264)) - client-E41C008B94D2->cb20f782-9136-4144-a2ef-e44461d35697: receive RaftClientReply:client-E41C008B94D2->cb20f782-9136-4144-a2ef-e44461d35697@group-EF222054BC57, cid=2896, SUCCESS, logIndex=4101, commits[cb20f782-9136-4144-a2ef-e44461d35697:c4102]
2019-09-17 12:48:52,228 [grpc-default-executor-1] INFO  client.GrpcClientProtocolClient (GrpcClientProtocolClient.java:onNext(264)) - client-E41C008B94D2->cb20f782-9136-4144-a2ef-e44461d35697: receive RaftClientReply:client-E41C008B94D2->cb20f782-9136-4144-a2ef-e44461d35697@group-EF222054BC57, cid=2897, SUCCESS, logIndex=4103, commits[cb20f782-9136-4144-a2ef-e44461d35697:c4106]
2019-09-17 12:48:52,229 [grpc-default-executor-1] INFO  client.GrpcClientProtocolClient (GrpcClientProtocolClient.java:onNext(264)) - client-E41C008B94D2->cb20f782-9136-4144-a2ef-e44461d35697: receive RaftClientReply:client-E41C008B94D2->cb20f782-9136-4144-a2ef-e44461d35697@group-EF222054BC57, cid=2898, SUCCESS, logIndex=4104, commits[cb20f782-9136-4144-a2ef-e44461d35697:c4106]
2019-09-17 12:48:52,229 [grpc-default-executor-1] INFO  client.GrpcClientProtocolClient (GrpcClientProtocolClient.java:onNext(264)) - client-E41C008B94D2->cb20f782-9136-4144-a2ef-e44461d35697: receive RaftClientReply:client-E41C008B94D2->cb20f782-9136-4144-a2ef-e44461d35697@group-EF222054BC57, cid=2899, SUCCESS, logIndex=4105, commits[cb20f782-9136-4144-a2ef-e44461d35697:c4107]
2019-09-17 12:48:52,229 [grpc-default-executor-1] INFO  client.GrpcClientProtocolClient (GrpcClientProtocolClient.java:onNext(264)) - client-E41C008B94D2->cb20f782-9136-4144-a2ef-e44461d35697: receive RaftClientReply:client-E41C008B94D2->cb20f782-9136-4144-a2ef-e44461d35697@group-EF222054BC57, cid=2900, SUCCESS, logIndex=4106, commits[cb20f782-9136-4144-a2ef-e44461d35697:c4107]
2019-09-17 12:48:52,248 [grpc-default-executor-1] INFO  client.GrpcClientProtocolClient (GrpcClientProtocolClient.java:onNext(264)) - client-E41C008B94D2->cb20f782-9136-4144-a2ef-e44461d35697: receive RaftClientReply:client-E41C008B94D2->cb20f782-9136-4144-a2ef-e44461d35697@group-EF222054BC57, cid=2901, SUCCESS, logIndex=4108, commits[cb20f782-9136-4144-a2ef-e44461d35697:c4111]
2019-09-17 12:48:52,248 [grpc-default-executor-1] INFO  client.GrpcClientProtocolClient (GrpcClientProtocolClient.java:onNext(264)) - client-E41C008B94D2->cb20f782-9136-4144-a2ef-e44461d35697: receive RaftClientReply:client-E41C008B94D2->cb20f782-9136-4144-a2ef-e44461d35697@group-EF222054BC57, cid=2902, SUCCESS, logIndex=4109, commits[cb20f782-9136-4144-a2ef-e44461d35697:c4111]
2019-09-17 12:48:52,249 [grpc-default-executor-1] INFO  client.GrpcClientProtocolClient (GrpcClientProtocolClient.java:onNext(264)) - client-E41C008B94D2->cb20f782-9136-4144-a2ef-e44461d35697: receive RaftClientReply:client-E41C008B94D2->cb20f782-9136-4144-a2ef-e44461d35697@group-EF222054BC57, cid=2903, SUCCESS, logIndex=4110, commits[cb20f782-9136-4144-a2ef-e44461d35697:c4112]
2019-09-17 12:48:52,249 [grpc-default-executor-1] INFO  client.GrpcClientProtocolClient (GrpcClientProtocolClient.java:onNext(264)) - client-E41C008B94D2->cb20f782-9136-4144-a2ef-e44461d35697: receive RaftClientReply:client-E41C008B94D2->cb20f782-9136-4144-a2ef-e44461d35697@group-EF222054BC57, cid=2904, SUCCESS, logIndex=4111, commits[cb20f782-9136-4144-a2ef-e44461d35697:c4112]
2019-09-17 12:48:52,259 [SCMBlockDeletingService#0] DEBUG block.SCMBlockDeletingService (SCMBlockDeletingService.java:call(138)) - Running DeletedBlockTransactionScanner
2019-09-17 12:48:52,259 [SCMBlockDeletingService#0] DEBUG block.SCMBlockDeletingService (SCMBlockDeletingService.java:call(155)) - Scanned deleted blocks log and got 0 delTX to process.
2019-09-17 12:48:52,275 [grpc-default-executor-1] INFO  client.GrpcClientProtocolClient (GrpcClientProtocolClient.java:onNext(264)) - client-E41C008B94D2->cb20f782-9136-4144-a2ef-e44461d35697: receive RaftClientReply:client-E41C008B94D2->cb20f782-9136-4144-a2ef-e44461d35697@group-EF222054BC57, cid=2905, SUCCESS, logIndex=4113, commits[cb20f782-9136-4144-a2ef-e44461d35697:c4116]
2019-09-17 12:48:52,276 [grpc-default-executor-1] INFO  client.GrpcClientProtocolClient (GrpcClientProtocolClient.java:onNext(264)) - client-E41C008B94D2->cb20f782-9136-4144-a2ef-e44461d35697: receive RaftClientReply:client-E41C008B94D2->cb20f782-9136-4144-a2ef-e44461d35697@group-EF222054BC57, cid=2906, SUCCESS, logIndex=4114, commits[cb20f782-9136-4144-a2ef-e44461d35697:c4116]
2019-09-17 12:48:52,276 [grpc-default-executor-1] INFO  client.GrpcClientProtocolClient (GrpcClientProtocolClient.java:onNext(264)) - client-E41C008B94D2->cb20f782-9136-4144-a2ef-e44461d35697: receive RaftClientReply:client-E41C008B94D2->cb20f782-9136-4144-a2ef-e44461d35697@group-EF222054BC57, cid=2907, SUCCESS, logIndex=4115, commits[cb20f782-9136-4144-a2ef-e44461d35697:c4117]
2019-09-17 12:48:52,276 [grpc-default-executor-1] INFO  client.GrpcClientProtocolClient (GrpcClientProtocolClient.java:onNext(264)) - client-E41C008B94D2->cb20f782-9136-4144-a2ef-e44461d35697: receive RaftClientReply:client-E41C008B94D2->cb20f782-9136-4144-a2ef-e44461d35697@group-EF222054BC57, cid=2908, SUCCESS, logIndex=4116, commits[cb20f782-9136-4144-a2ef-e44461d35697:c4117]
2019-09-17 12:48:52,294 [grpc-default-executor-1] INFO  client.GrpcClientProtocolClient (GrpcClientProtocolClient.java:onNext(264)) - client-E41C008B94D2->cb20f782-9136-4144-a2ef-e44461d35697: receive RaftClientReply:client-E41C008B94D2->cb20f782-9136-4144-a2ef-e44461d35697@group-EF222054BC57, cid=2909, SUCCESS, logIndex=4118, commits[cb20f782-9136-4144-a2ef-e44461d35697:c4121]
2019-09-17 12:48:52,294 [grpc-default-executor-1] INFO  client.GrpcClientProtocolClient (GrpcClientProtocolClient.java:onNext(264)) - client-E41C008B94D2->cb20f782-9136-4144-a2ef-e44461d35697: receive RaftClientReply:client-E41C008B94D2->cb20f782-9136-4144-a2ef-e44461d35697@group-EF222054BC57, cid=2910, SUCCESS, logIndex=4119, commits[cb20f782-9136-4144-a2ef-e44461d35697:c4121]
2019-09-17 12:48:52,294 [grpc-default-executor-1] INFO  client.GrpcClientProtocolClient (GrpcClientProtocolClient.java:onNext(264)) - client-E41C008B94D2->cb20f782-9136-4144-a2ef-e44461d35697: receive RaftClientReply:client-E41C008B94D2->cb20f782-9136-4144-a2ef-e44461d35697@group-EF222054BC57, cid=2911, SUCCESS, logIndex=4120, commits[cb20f782-9136-4144-a2ef-e44461d35697:c4122]
2019-09-17 12:48:52,295 [grpc-default-executor-1] INFO  client.GrpcClientProtocolClient (GrpcClientProtocolClient.java:onNext(264)) - client-E41C008B94D2->cb20f782-9136-4144-a2ef-e44461d35697: receive RaftClientReply:client-E41C008B94D2->cb20f782-9136-4144-a2ef-e44461d35697@group-EF222054BC57, cid=2912, SUCCESS, logIndex=4121, commits[cb20f782-9136-4144-a2ef-e44461d35697:c4122]
2019-09-17 12:48:52,319 [grpc-default-executor-1] INFO  client.GrpcClientProtocolClient (GrpcClientProtocolClient.java:onNext(264)) - client-E41C008B94D2->cb20f782-9136-4144-a2ef-e44461d35697: receive RaftClientReply:client-E41C008B94D2->cb20f782-9136-4144-a2ef-e44461d35697@group-EF222054BC57, cid=2913, SUCCESS, logIndex=4123, commits[cb20f782-9136-4144-a2ef-e44461d35697:c4126]
2019-09-17 12:48:52,320 [grpc-default-executor-1] INFO  client.GrpcClientProtocolClient (GrpcClientProtocolClient.java:onNext(264)) - client-E41C008B94D2->cb20f782-9136-4144-a2ef-e44461d35697: receive RaftClientReply:client-E41C008B94D2->cb20f782-9136-4144-a2ef-e44461d35697@group-EF222054BC57, cid=2914, SUCCESS, logIndex=4124, commits[cb20f782-9136-4144-a2ef-e44461d35697:c4126]
2019-09-17 12:48:52,320 [grpc-default-executor-1] INFO  client.GrpcClientProtocolClient (GrpcClientProtocolClient.java:onNext(264)) - client-E41C008B94D2->cb20f782-9136-4144-a2ef-e44461d35697: receive RaftClientReply:client-E41C008B94D2->cb20f782-9136-4144-a2ef-e44461d35697@group-EF222054BC57, cid=2915, SUCCESS, logIndex=4125, commits[cb20f782-9136-4144-a2ef-e44461d35697:c4127]
2019-09-17 12:48:52,320 [grpc-default-executor-1] INFO  client.GrpcClientProtocolClient (GrpcClientProtocolClient.java:onNext(264)) - client-E41C008B94D2->cb20f782-9136-4144-a2ef-e44461d35697: receive RaftClientReply:client-E41C008B94D2->cb20f782-9136-4144-a2ef-e44461d35697@group-EF222054BC57, cid=2916, SUCCESS, logIndex=4126, commits[cb20f782-9136-4144-a2ef-e44461d35697:c4127]
2019-09-17 12:48:52,359 [SCMBlockDeletingService#0] DEBUG block.SCMBlockDeletingService (SCMBlockDeletingService.java:call(138)) - Running DeletedBlockTransactionScanner
2019-09-17 12:48:52,360 [SCMBlockDeletingService#0] DEBUG block.SCMBlockDeletingService (SCMBlockDeletingService.java:call(155)) - Scanned deleted blocks log and got 0 delTX to process.
2019-09-17 12:48:52,432 [grpc-default-executor-2] INFO  client.GrpcClientProtocolClient (GrpcClientProtocolClient.java:onNext(264)) - client-E41C008B94D2->cb20f782-9136-4144-a2ef-e44461d35697: receive RaftClientReply:client-E41C008B94D2->cb20f782-9136-4144-a2ef-e44461d35697@group-EF222054BC57, cid=2917, SUCCESS, logIndex=4128, commits[cb20f782-9136-4144-a2ef-e44461d35697:c4131]
2019-09-17 12:48:52,432 [grpc-default-executor-2] INFO  client.GrpcClientProtocolClient (GrpcClientProtocolClient.java:onNext(264)) - client-E41C008B94D2->cb20f782-9136-4144-a2ef-e44461d35697: receive RaftClientReply:client-E41C008B94D2->cb20f782-9136-4144-a2ef-e44461d35697@group-EF222054BC57, cid=2918, SUCCESS, logIndex=4129, commits[cb20f782-9136-4144-a2ef-e44461d35697:c4131]
2019-09-17 12:48:52,433 [grpc-default-executor-2] INFO  client.GrpcClientProtocolClient (GrpcClientProtocolClient.java:onNext(264)) - client-E41C008B94D2->cb20f782-9136-4144-a2ef-e44461d35697: receive RaftClientReply:client-E41C008B94D2->cb20f782-9136-4144-a2ef-e44461d35697@group-EF222054BC57, cid=2919, SUCCESS, logIndex=4130, commits[cb20f782-9136-4144-a2ef-e44461d35697:c4131]
2019-09-17 12:48:52,433 [grpc-default-executor-2] INFO  client.GrpcClientProtocolClient (GrpcClientProtocolClient.java:onNext(264)) - client-E41C008B94D2->cb20f782-9136-4144-a2ef-e44461d35697: receive RaftClientReply:client-E41C008B94D2->cb20f782-9136-4144-a2ef-e44461d35697@group-EF222054BC57, cid=2920, SUCCESS, logIndex=4131, commits[cb20f782-9136-4144-a2ef-e44461d35697:c4131]
2019-09-17 12:48:52,576 [SCMBlockDeletingService#0] DEBUG block.SCMBlockDeletingService (SCMBlockDeletingService.java:call(138)) - Running DeletedBlockTransactionScanner
2019-09-17 12:48:52,577 [SCMBlockDeletingService#0] DEBUG block.SCMBlockDeletingService (SCMBlockDeletingService.java:call(155)) - Scanned deleted blocks log and got 0 delTX to process.
2019-09-17 12:48:52,591 [grpc-default-executor-2] INFO  client.GrpcClientProtocolClient (GrpcClientProtocolClient.java:onNext(264)) - client-E41C008B94D2->cb20f782-9136-4144-a2ef-e44461d35697: receive RaftClientReply:client-E41C008B94D2->cb20f782-9136-4144-a2ef-e44461d35697@group-EF222054BC57, cid=2921, SUCCESS, logIndex=4133, commits[cb20f782-9136-4144-a2ef-e44461d35697:c4134]
2019-09-17 12:48:52,591 [grpc-default-executor-2] INFO  client.GrpcClientProtocolClient (GrpcClientProtocolClient.java:onNext(264)) - client-E41C008B94D2->cb20f782-9136-4144-a2ef-e44461d35697: receive RaftClientReply:client-E41C008B94D2->cb20f782-9136-4144-a2ef-e44461d35697@group-EF222054BC57, cid=2922, SUCCESS, logIndex=4134, commits[cb20f782-9136-4144-a2ef-e44461d35697:c4134]
2019-09-17 12:48:52,599 [grpc-default-executor-2] INFO  client.GrpcClientProtocolClient (GrpcClientProtocolClient.java:onNext(264)) - client-E41C008B94D2->cb20f782-9136-4144-a2ef-e44461d35697: receive RaftClientReply:client-E41C008B94D2->cb20f782-9136-4144-a2ef-e44461d35697@group-EF222054BC57, cid=2923, SUCCESS, logIndex=4135, commits[cb20f782-9136-4144-a2ef-e44461d35697:c4136]
2019-09-17 12:48:52,600 [grpc-default-executor-2] INFO  client.GrpcClientProtocolClient (GrpcClientProtocolClient.java:onNext(264)) - client-E41C008B94D2->cb20f782-9136-4144-a2ef-e44461d35697: receive RaftClientReply:client-E41C008B94D2->cb20f782-9136-4144-a2ef-e44461d35697@group-EF222054BC57, cid=2924, SUCCESS, logIndex=4136, commits[cb20f782-9136-4144-a2ef-e44461d35697:c4137]
2019-09-17 12:48:52,623 [grpc-default-executor-2] INFO  client.GrpcClientProtocolClient (GrpcClientProtocolClient.java:onNext(264)) - client-E41C008B94D2->cb20f782-9136-4144-a2ef-e44461d35697: receive RaftClientReply:client-E41C008B94D2->cb20f782-9136-4144-a2ef-e44461d35697@group-EF222054BC57, cid=2925, SUCCESS, logIndex=4139, commits[cb20f782-9136-4144-a2ef-e44461d35697:c4142]
2019-09-17 12:48:52,623 [grpc-default-executor-2] INFO  client.GrpcClientProtocolClient (GrpcClientProtocolClient.java:onNext(264)) - client-E41C008B94D2->cb20f782-9136-4144-a2ef-e44461d35697: receive RaftClientReply:client-E41C008B94D2->cb20f782-9136-4144-a2ef-e44461d35697@group-EF222054BC57, cid=2926, SUCCESS, logIndex=4140, commits[cb20f782-9136-4144-a2ef-e44461d35697:c4143]
2019-09-17 12:48:52,623 [grpc-default-executor-2] INFO  client.GrpcClientProtocolClient (GrpcClientProtocolClient.java:onNext(264)) - client-E41C008B94D2->cb20f782-9136-4144-a2ef-e44461d35697: receive RaftClientReply:client-E41C008B94D2->cb20f782-9136-4144-a2ef-e44461d35697@group-EF222054BC57, cid=2927, SUCCESS, logIndex=4141, commits[cb20f782-9136-4144-a2ef-e44461d35697:c4143]
2019-09-17 12:48:52,624 [grpc-default-executor-2] INFO  client.GrpcClientProtocolClient (GrpcClientProtocolClient.java:onNext(264)) - client-E41C008B94D2->cb20f782-9136-4144-a2ef-e44461d35697: receive RaftClientReply:client-E41C008B94D2->cb20f782-9136-4144-a2ef-e44461d35697@group-EF222054BC57, cid=2928, SUCCESS, logIndex=4142, commits[cb20f782-9136-4144-a2ef-e44461d35697:c4143]
2019-09-17 12:48:52,677 [SCMBlockDeletingService#0] DEBUG block.SCMBlockDeletingService (SCMBlockDeletingService.java:call(138)) - Running DeletedBlockTransactionScanner
2019-09-17 12:48:52,677 [SCMBlockDeletingService#0] DEBUG block.SCMBlockDeletingService (SCMBlockDeletingService.java:call(155)) - Scanned deleted blocks log and got 0 delTX to process.
2019-09-17 12:48:52,677 [grpc-default-executor-2] INFO  client.GrpcClientProtocolClient (GrpcClientProtocolClient.java:onNext(264)) - client-E41C008B94D2->cb20f782-9136-4144-a2ef-e44461d35697: receive RaftClientReply:client-E41C008B94D2->cb20f782-9136-4144-a2ef-e44461d35697@group-EF222054BC57, cid=2929, SUCCESS, logIndex=4144, commits[cb20f782-9136-4144-a2ef-e44461d35697:c4145]
2019-09-17 12:48:52,678 [grpc-default-executor-2] INFO  client.GrpcClientProtocolClient (GrpcClientProtocolClient.java:onNext(264)) - client-E41C008B94D2->cb20f782-9136-4144-a2ef-e44461d35697: receive RaftClientReply:client-E41C008B94D2->cb20f782-9136-4144-a2ef-e44461d35697@group-EF222054BC57, cid=2930, SUCCESS, logIndex=4145, commits[cb20f782-9136-4144-a2ef-e44461d35697:c4145]
2019-09-17 12:48:52,688 [grpc-default-executor-2] INFO  client.GrpcClientProtocolClient (GrpcClientProtocolClient.java:onNext(264)) - client-E41C008B94D2->cb20f782-9136-4144-a2ef-e44461d35697: receive RaftClientReply:client-E41C008B94D2->cb20f782-9136-4144-a2ef-e44461d35697@group-EF222054BC57, cid=2931, SUCCESS, logIndex=4146, commits[cb20f782-9136-4144-a2ef-e44461d35697:c4147]
2019-09-17 12:48:52,689 [grpc-default-executor-2] INFO  client.GrpcClientProtocolClient (GrpcClientProtocolClient.java:onNext(264)) - client-E41C008B94D2->cb20f782-9136-4144-a2ef-e44461d35697: receive RaftClientReply:client-E41C008B94D2->cb20f782-9136-4144-a2ef-e44461d35697@group-EF222054BC57, cid=2932, SUCCESS, logIndex=4147, commits[cb20f782-9136-4144-a2ef-e44461d35697:c4148]
2019-09-17 12:48:52,719 [grpc-default-executor-1] INFO  client.GrpcClientProtocolClient (GrpcClientProtocolClient.java:onNext(264)) - client-E41C008B94D2->cb20f782-9136-4144-a2ef-e44461d35697: receive RaftClientReply:client-E41C008B94D2->cb20f782-9136-4144-a2ef-e44461d35697@group-EF222054BC57, cid=2933, SUCCESS, logIndex=4150, commits[cb20f782-9136-4144-a2ef-e44461d35697:c4153]
2019-09-17 12:48:52,720 [grpc-default-executor-1] INFO  client.GrpcClientProtocolClient (GrpcClientProtocolClient.java:onNext(264)) - client-E41C008B94D2->cb20f782-9136-4144-a2ef-e44461d35697: receive RaftClientReply:client-E41C008B94D2->cb20f782-9136-4144-a2ef-e44461d35697@group-EF222054BC57, cid=2934, SUCCESS, logIndex=4151, commits[cb20f782-9136-4144-a2ef-e44461d35697:c4154]
2019-09-17 12:48:52,720 [grpc-default-executor-1] INFO  client.GrpcClientProtocolClient (GrpcClientProtocolClient.java:onNext(264)) - client-E41C008B94D2->cb20f782-9136-4144-a2ef-e44461d35697: receive RaftClientReply:client-E41C008B94D2->cb20f782-9136-4144-a2ef-e44461d35697@group-EF222054BC57, cid=2935, SUCCESS, logIndex=4152, commits[cb20f782-9136-4144-a2ef-e44461d35697:c4154]
2019-09-17 12:48:52,721 [grpc-default-executor-1] INFO  client.GrpcClientProtocolClient (GrpcClientProtocolClient.java:onNext(264)) - client-E41C008B94D2->cb20f782-9136-4144-a2ef-e44461d35697: receive RaftClientReply:client-E41C008B94D2->cb20f782-9136-4144-a2ef-e44461d35697@group-EF222054BC57, cid=2936, SUCCESS, logIndex=4153, commits[cb20f782-9136-4144-a2ef-e44461d35697:c4154]
2019-09-17 12:48:52,751 [grpc-default-executor-1] INFO  client.GrpcClientProtocolClient (GrpcClientProtocolClient.java:onNext(264)) - client-E41C008B94D2->cb20f782-9136-4144-a2ef-e44461d35697: receive RaftClientReply:client-E41C008B94D2->cb20f782-9136-4144-a2ef-e44461d35697@group-EF222054BC57, cid=2937, SUCCESS, logIndex=4155, commits[cb20f782-9136-4144-a2ef-e44461d35697:c4158]
2019-09-17 12:48:52,752 [grpc-default-executor-1] INFO  client.GrpcClientProtocolClient (GrpcClientProtocolClient.java:onNext(264)) - client-E41C008B94D2->cb20f782-9136-4144-a2ef-e44461d35697: receive RaftClientReply:client-E41C008B94D2->cb20f782-9136-4144-a2ef-e44461d35697@group-EF222054BC57, cid=2938, SUCCESS, logIndex=4156, commits[cb20f782-9136-4144-a2ef-e44461d35697:c4159]
2019-09-17 12:48:52,752 [grpc-default-executor-1] INFO  client.GrpcClientProtocolClient (GrpcClientProtocolClient.java:onNext(264)) - client-E41C008B94D2->cb20f782-9136-4144-a2ef-e44461d35697: receive RaftClientReply:client-E41C008B94D2->cb20f782-9136-4144-a2ef-e44461d35697@group-EF222054BC57, cid=2939, SUCCESS, logIndex=4157, commits[cb20f782-9136-4144-a2ef-e44461d35697:c4159]
2019-09-17 12:48:52,753 [grpc-default-executor-1] INFO  client.GrpcClientProtocolClient (GrpcClientProtocolClient.java:onNext(264)) - client-E41C008B94D2->cb20f782-9136-4144-a2ef-e44461d35697: receive RaftClientReply:client-E41C008B94D2->cb20f782-9136-4144-a2ef-e44461d35697@group-EF222054BC57, cid=2940, SUCCESS, logIndex=4158, commits[cb20f782-9136-4144-a2ef-e44461d35697:c4159]
2019-09-17 12:48:52,770 [grpc-default-executor-2] INFO  client.GrpcClientProtocolClient (GrpcClientProtocolClient.java:onNext(264)) - client-E41C008B94D2->cb20f782-9136-4144-a2ef-e44461d35697: receive RaftClientReply:client-E41C008B94D2->cb20f782-9136-4144-a2ef-e44461d35697@group-EF222054BC57, cid=2941, SUCCESS, logIndex=4160, commits[cb20f782-9136-4144-a2ef-e44461d35697:c4161]
2019-09-17 12:48:52,770 [grpc-default-executor-2] INFO  client.GrpcClientProtocolClient (GrpcClientProtocolClient.java:onNext(264)) - client-E41C008B94D2->cb20f782-9136-4144-a2ef-e44461d35697: receive RaftClientReply:client-E41C008B94D2->cb20f782-9136-4144-a2ef-e44461d35697@group-EF222054BC57, cid=2942, SUCCESS, logIndex=4161, commits[cb20f782-9136-4144-a2ef-e44461d35697:c4163]
2019-09-17 12:48:52,771 [grpc-default-executor-2] INFO  client.GrpcClientProtocolClient (GrpcClientProtocolClient.java:onNext(264)) - client-E41C008B94D2->cb20f782-9136-4144-a2ef-e44461d35697: receive RaftClientReply:client-E41C008B94D2->cb20f782-9136-4144-a2ef-e44461d35697@group-EF222054BC57, cid=2943, SUCCESS, logIndex=4162, commits[cb20f782-9136-4144-a2ef-e44461d35697:c4164]
2019-09-17 12:48:52,771 [grpc-default-executor-2] INFO  client.GrpcClientProtocolClient (GrpcClientProtocolClient.java:onNext(264)) - client-E41C008B94D2->cb20f782-9136-4144-a2ef-e44461d35697: receive RaftClientReply:client-E41C008B94D2->cb20f782-9136-4144-a2ef-e44461d35697@group-EF222054BC57, cid=2944, SUCCESS, logIndex=4163, commits[cb20f782-9136-4144-a2ef-e44461d35697:c4164]
2019-09-17 12:48:52,778 [SCMBlockDeletingService#1] DEBUG block.SCMBlockDeletingService (SCMBlockDeletingService.java:call(138)) - Running DeletedBlockTransactionScanner
2019-09-17 12:48:52,778 [SCMBlockDeletingService#1] DEBUG block.SCMBlockDeletingService (SCMBlockDeletingService.java:call(155)) - Scanned deleted blocks log and got 0 delTX to process.
2019-09-17 12:48:52,798 [grpc-default-executor-2] INFO  client.GrpcClientProtocolClient (GrpcClientProtocolClient.java:onNext(264)) - client-E41C008B94D2->cb20f782-9136-4144-a2ef-e44461d35697: receive RaftClientReply:client-E41C008B94D2->cb20f782-9136-4144-a2ef-e44461d35697@group-EF222054BC57, cid=2945, SUCCESS, logIndex=4166, commits[cb20f782-9136-4144-a2ef-e44461d35697:c4169]
2019-09-17 12:48:52,798 [grpc-default-executor-2] INFO  client.GrpcClientProtocolClient (GrpcClientProtocolClient.java:onNext(264)) - client-E41C008B94D2->cb20f782-9136-4144-a2ef-e44461d35697: receive RaftClientReply:client-E41C008B94D2->cb20f782-9136-4144-a2ef-e44461d35697@group-EF222054BC57, cid=2946, SUCCESS, logIndex=4167, commits[cb20f782-9136-4144-a2ef-e44461d35697:c4170]
2019-09-17 12:48:52,799 [grpc-default-executor-2] INFO  client.GrpcClientProtocolClient (GrpcClientProtocolClient.java:onNext(264)) - client-E41C008B94D2->cb20f782-9136-4144-a2ef-e44461d35697: receive RaftClientReply:client-E41C008B94D2->cb20f782-9136-4144-a2ef-e44461d35697@group-EF222054BC57, cid=2947, SUCCESS, logIndex=4168, commits[cb20f782-9136-4144-a2ef-e44461d35697:c4170]
2019-09-17 12:48:52,799 [grpc-default-executor-2] INFO  client.GrpcClientProtocolClient (GrpcClientProtocolClient.java:onNext(264)) - client-E41C008B94D2->cb20f782-9136-4144-a2ef-e44461d35697: receive RaftClientReply:client-E41C008B94D2->cb20f782-9136-4144-a2ef-e44461d35697@group-EF222054BC57, cid=2948, SUCCESS, logIndex=4169, commits[cb20f782-9136-4144-a2ef-e44461d35697:c4170]
2019-09-17 12:48:52,819 [grpc-default-executor-2] INFO  client.GrpcClientProtocolClient (GrpcClientProtocolClient.java:onNext(264)) - client-E41C008B94D2->cb20f782-9136-4144-a2ef-e44461d35697: receive RaftClientReply:client-E41C008B94D2->cb20f782-9136-4144-a2ef-e44461d35697@group-EF222054BC57, cid=2949, SUCCESS, logIndex=4171, commits[cb20f782-9136-4144-a2ef-e44461d35697:c4174]
2019-09-17 12:48:52,820 [grpc-default-executor-2] INFO  client.GrpcClientProtocolClient (GrpcClientProtocolClient.java:onNext(264)) - client-E41C008B94D2->cb20f782-9136-4144-a2ef-e44461d35697: receive RaftClientReply:client-E41C008B94D2->cb20f782-9136-4144-a2ef-e44461d35697@group-EF222054BC57, cid=2950, SUCCESS, logIndex=4172, commits[cb20f782-9136-4144-a2ef-e44461d35697:c4175]
2019-09-17 12:48:52,820 [grpc-default-executor-2] INFO  client.GrpcClientProtocolClient (GrpcClientProtocolClient.java:onNext(264)) - client-E41C008B94D2->cb20f782-9136-4144-a2ef-e44461d35697: receive RaftClientReply:client-E41C008B94D2->cb20f782-9136-4144-a2ef-e44461d35697@group-EF222054BC57, cid=2951, SUCCESS, logIndex=4173, commits[cb20f782-9136-4144-a2ef-e44461d35697:c4175]
2019-09-17 12:48:52,820 [grpc-default-executor-2] INFO  client.GrpcClientProtocolClient (GrpcClientProtocolClient.java:onNext(264)) - client-E41C008B94D2->cb20f782-9136-4144-a2ef-e44461d35697: receive RaftClientReply:client-E41C008B94D2->cb20f782-9136-4144-a2ef-e44461d35697@group-EF222054BC57, cid=2952, SUCCESS, logIndex=4174, commits[cb20f782-9136-4144-a2ef-e44461d35697:c4175]
2019-09-17 12:48:52,850 [grpc-default-executor-2] INFO  client.GrpcClientProtocolClient (GrpcClientProtocolClient.java:onNext(264)) - client-E41C008B94D2->cb20f782-9136-4144-a2ef-e44461d35697: receive RaftClientReply:client-E41C008B94D2->cb20f782-9136-4144-a2ef-e44461d35697@group-EF222054BC57, cid=2953, SUCCESS, logIndex=4176, commits[cb20f782-9136-4144-a2ef-e44461d35697:c4179]
2019-09-17 12:48:52,850 [grpc-default-executor-2] INFO  client.GrpcClientProtocolClient (GrpcClientProtocolClient.java:onNext(264)) - client-E41C008B94D2->cb20f782-9136-4144-a2ef-e44461d35697: receive RaftClientReply:client-E41C008B94D2->cb20f782-9136-4144-a2ef-e44461d35697@group-EF222054BC57, cid=2954, SUCCESS, logIndex=4177, commits[cb20f782-9136-4144-a2ef-e44461d35697:c4180]
2019-09-17 12:48:52,850 [grpc-default-executor-2] INFO  client.GrpcClientProtocolClient (GrpcClientProtocolClient.java:onNext(264)) - client-E41C008B94D2->cb20f782-9136-4144-a2ef-e44461d35697: receive RaftClientReply:client-E41C008B94D2->cb20f782-9136-4144-a2ef-e44461d35697@group-EF222054BC57, cid=2955, SUCCESS, logIndex=4178, commits[cb20f782-9136-4144-a2ef-e44461d35697:c4180]
2019-09-17 12:48:52,850 [grpc-default-executor-2] INFO  client.GrpcClientProtocolClient (GrpcClientProtocolClient.java:onNext(264)) - client-E41C008B94D2->cb20f782-9136-4144-a2ef-e44461d35697: receive RaftClientReply:client-E41C008B94D2->cb20f782-9136-4144-a2ef-e44461d35697@group-EF222054BC57, cid=2956, SUCCESS, logIndex=4179, commits[cb20f782-9136-4144-a2ef-e44461d35697:c4180]
2019-09-17 12:48:52,871 [grpc-default-executor-2] INFO  client.GrpcClientProtocolClient (GrpcClientProtocolClient.java:onNext(264)) - client-E41C008B94D2->cb20f782-9136-4144-a2ef-e44461d35697: receive RaftClientReply:client-E41C008B94D2->cb20f782-9136-4144-a2ef-e44461d35697@group-EF222054BC57, cid=2957, SUCCESS, logIndex=4181, commits[cb20f782-9136-4144-a2ef-e44461d35697:c4184]
2019-09-17 12:48:52,872 [grpc-default-executor-2] INFO  client.GrpcClientProtocolClient (GrpcClientProtocolClient.java:onNext(264)) - client-E41C008B94D2->cb20f782-9136-4144-a2ef-e44461d35697: receive RaftClientReply:client-E41C008B94D2->cb20f782-9136-4144-a2ef-e44461d35697@group-EF222054BC57, cid=2958, SUCCESS, logIndex=4182, commits[cb20f782-9136-4144-a2ef-e44461d35697:c4184]
2019-09-17 12:48:52,872 [grpc-default-executor-2] INFO  client.GrpcClientProtocolClient (GrpcClientProtocolClient.java:onNext(264)) - client-E41C008B94D2->cb20f782-9136-4144-a2ef-e44461d35697: receive RaftClientReply:client-E41C008B94D2->cb20f782-9136-4144-a2ef-e44461d35697@group-EF222054BC57, cid=2959, SUCCESS, logIndex=4183, commits[cb20f782-9136-4144-a2ef-e44461d35697:c4184]
2019-09-17 12:48:52,872 [grpc-default-executor-2] INFO  client.GrpcClientProtocolClient (GrpcClientProtocolClient.java:onNext(264)) - client-E41C008B94D2->cb20f782-9136-4144-a2ef-e44461d35697: receive RaftClientReply:client-E41C008B94D2->cb20f782-9136-4144-a2ef-e44461d35697@group-EF222054BC57, cid=2960, SUCCESS, logIndex=4184, commits[cb20f782-9136-4144-a2ef-e44461d35697:c4185]
2019-09-17 12:48:52,878 [SCMBlockDeletingService#1] DEBUG block.SCMBlockDeletingService (SCMBlockDeletingService.java:call(138)) - Running DeletedBlockTransactionScanner
2019-09-17 12:48:52,878 [SCMBlockDeletingService#1] DEBUG block.SCMBlockDeletingService (SCMBlockDeletingService.java:call(155)) - Scanned deleted blocks log and got 0 delTX to process.
2019-09-17 12:48:52,978 [SCMBlockDeletingService#0] DEBUG block.SCMBlockDeletingService (SCMBlockDeletingService.java:call(138)) - Running DeletedBlockTransactionScanner
2019-09-17 12:48:52,979 [SCMBlockDeletingService#0] DEBUG block.SCMBlockDeletingService (SCMBlockDeletingService.java:call(155)) - Scanned deleted blocks log and got 0 delTX to process.
2019-09-17 12:48:52,997 [grpc-default-executor-1] INFO  client.GrpcClientProtocolClient (GrpcClientProtocolClient.java:onNext(264)) - client-E41C008B94D2->cb20f782-9136-4144-a2ef-e44461d35697: receive RaftClientReply:client-E41C008B94D2->cb20f782-9136-4144-a2ef-e44461d35697@group-EF222054BC57, cid=2961, SUCCESS, logIndex=4186, commits[cb20f782-9136-4144-a2ef-e44461d35697:c4189]
2019-09-17 12:48:52,998 [grpc-default-executor-1] INFO  client.GrpcClientProtocolClient (GrpcClientProtocolClient.java:onNext(264)) - client-E41C008B94D2->cb20f782-9136-4144-a2ef-e44461d35697: receive RaftClientReply:client-E41C008B94D2->cb20f782-9136-4144-a2ef-e44461d35697@group-EF222054BC57, cid=2962, SUCCESS, logIndex=4187, commits[cb20f782-9136-4144-a2ef-e44461d35697:c4190]
2019-09-17 12:48:52,998 [grpc-default-executor-1] INFO  client.GrpcClientProtocolClient (GrpcClientProtocolClient.java:onNext(264)) - client-E41C008B94D2->cb20f782-9136-4144-a2ef-e44461d35697: receive RaftClientReply:client-E41C008B94D2->cb20f782-9136-4144-a2ef-e44461d35697@group-EF222054BC57, cid=2963, SUCCESS, logIndex=4188, commits[cb20f782-9136-4144-a2ef-e44461d35697:c4190]
2019-09-17 12:48:52,999 [grpc-default-executor-1] INFO  client.GrpcClientProtocolClient (GrpcClientProtocolClient.java:onNext(264)) - client-E41C008B94D2->cb20f782-9136-4144-a2ef-e44461d35697: receive RaftClientReply:client-E41C008B94D2->cb20f782-9136-4144-a2ef-e44461d35697@group-EF222054BC57, cid=2964, SUCCESS, logIndex=4189, commits[cb20f782-9136-4144-a2ef-e44461d35697:c4190]
2019-09-17 12:48:53,028 [grpc-default-executor-1] INFO  client.GrpcClientProtocolClient (GrpcClientProtocolClient.java:onNext(264)) - client-E41C008B94D2->cb20f782-9136-4144-a2ef-e44461d35697: receive RaftClientReply:client-E41C008B94D2->cb20f782-9136-4144-a2ef-e44461d35697@group-EF222054BC57, cid=2965, SUCCESS, logIndex=4191, commits[cb20f782-9136-4144-a2ef-e44461d35697:c4194]
2019-09-17 12:48:53,029 [grpc-default-executor-1] INFO  client.GrpcClientProtocolClient (GrpcClientProtocolClient.java:onNext(264)) - client-E41C008B94D2->cb20f782-9136-4144-a2ef-e44461d35697: receive RaftClientReply:client-E41C008B94D2->cb20f782-9136-4144-a2ef-e44461d35697@group-EF222054BC57, cid=2966, SUCCESS, logIndex=4192, commits[cb20f782-9136-4144-a2ef-e44461d35697:c4194]
2019-09-17 12:48:53,029 [grpc-default-executor-1] INFO  client.GrpcClientProtocolClient (GrpcClientProtocolClient.java:onNext(264)) - client-E41C008B94D2->cb20f782-9136-4144-a2ef-e44461d35697: receive RaftClientReply:client-E41C008B94D2->cb20f782-9136-4144-a2ef-e44461d35697@group-EF222054BC57, cid=2967, SUCCESS, logIndex=4193, commits[cb20f782-9136-4144-a2ef-e44461d35697:c4195]
2019-09-17 12:48:53,029 [grpc-default-executor-1] INFO  client.GrpcClientProtocolClient (GrpcClientProtocolClient.java:onNext(264)) - client-E41C008B94D2->cb20f782-9136-4144-a2ef-e44461d35697: receive RaftClientReply:client-E41C008B94D2->cb20f782-9136-4144-a2ef-e44461d35697@group-EF222054BC57, cid=2968, SUCCESS, logIndex=4194, commits[cb20f782-9136-4144-a2ef-e44461d35697:c4195]
2019-09-17 12:48:53,056 [grpc-default-executor-2] INFO  client.GrpcClientProtocolClient (GrpcClientProtocolClient.java:onNext(264)) - client-E41C008B94D2->cb20f782-9136-4144-a2ef-e44461d35697: receive RaftClientReply:client-E41C008B94D2->cb20f782-9136-4144-a2ef-e44461d35697@group-EF222054BC57, cid=2969, SUCCESS, logIndex=4196, commits[cb20f782-9136-4144-a2ef-e44461d35697:c4199]
2019-09-17 12:48:53,057 [grpc-default-executor-2] INFO  client.GrpcClientProtocolClient (GrpcClientProtocolClient.java:onNext(264)) - client-E41C008B94D2->cb20f782-9136-4144-a2ef-e44461d35697: receive RaftClientReply:client-E41C008B94D2->cb20f782-9136-4144-a2ef-e44461d35697@group-EF222054BC57, cid=2970, SUCCESS, logIndex=4197, commits[cb20f782-9136-4144-a2ef-e44461d35697:c4200]
2019-09-17 12:48:53,057 [grpc-default-executor-2] INFO  client.GrpcClientProtocolClient (GrpcClientProtocolClient.java:onNext(264)) - client-E41C008B94D2->cb20f782-9136-4144-a2ef-e44461d35697: receive RaftClientReply:client-E41C008B94D2->cb20f782-9136-4144-a2ef-e44461d35697@group-EF222054BC57, cid=2971, SUCCESS, logIndex=4198, commits[cb20f782-9136-4144-a2ef-e44461d35697:c4200]
2019-09-17 12:48:53,057 [grpc-default-executor-2] INFO  client.GrpcClientProtocolClient (GrpcClientProtocolClient.java:onNext(264)) - client-E41C008B94D2->cb20f782-9136-4144-a2ef-e44461d35697: receive RaftClientReply:client-E41C008B94D2->cb20f782-9136-4144-a2ef-e44461d35697@group-EF222054BC57, cid=2972, SUCCESS, logIndex=4199, commits[cb20f782-9136-4144-a2ef-e44461d35697:c4200]
2019-09-17 12:48:53,078 [grpc-default-executor-1] INFO  client.GrpcClientProtocolClient (GrpcClientProtocolClient.java:onNext(264)) - client-E41C008B94D2->cb20f782-9136-4144-a2ef-e44461d35697: receive RaftClientReply:client-E41C008B94D2->cb20f782-9136-4144-a2ef-e44461d35697@group-EF222054BC57, cid=2973, SUCCESS, logIndex=4201, commits[cb20f782-9136-4144-a2ef-e44461d35697:c4204]
2019-09-17 12:48:53,078 [grpc-default-executor-1] INFO  client.GrpcClientProtocolClient (GrpcClientProtocolClient.java:onNext(264)) - client-E41C008B94D2->cb20f782-9136-4144-a2ef-e44461d35697: receive RaftClientReply:client-E41C008B94D2->cb20f782-9136-4144-a2ef-e44461d35697@group-EF222054BC57, cid=2974, SUCCESS, logIndex=4202, commits[cb20f782-9136-4144-a2ef-e44461d35697:c4205]
2019-09-17 12:48:53,079 [grpc-default-executor-1] INFO  client.GrpcClientProtocolClient (GrpcClientProtocolClient.java:onNext(264)) - client-E41C008B94D2->cb20f782-9136-4144-a2ef-e44461d35697: receive RaftClientReply:client-E41C008B94D2->cb20f782-9136-4144-a2ef-e44461d35697@group-EF222054BC57, cid=2975, SUCCESS, logIndex=4203, commits[cb20f782-9136-4144-a2ef-e44461d35697:c4205]
2019-09-17 12:48:53,079 [grpc-default-executor-1] INFO  client.GrpcClientProtocolClient (GrpcClientProtocolClient.java:onNext(264)) - client-E41C008B94D2->cb20f782-9136-4144-a2ef-e44461d35697: receive RaftClientReply:client-E41C008B94D2->cb20f782-9136-4144-a2ef-e44461d35697@group-EF222054BC57, cid=2976, SUCCESS, logIndex=4204, commits[cb20f782-9136-4144-a2ef-e44461d35697:c4205]
2019-09-17 12:48:53,079 [SCMBlockDeletingService#0] DEBUG block.SCMBlockDeletingService (SCMBlockDeletingService.java:call(138)) - Running DeletedBlockTransactionScanner
2019-09-17 12:48:53,079 [SCMBlockDeletingService#0] DEBUG block.SCMBlockDeletingService (SCMBlockDeletingService.java:call(155)) - Scanned deleted blocks log and got 0 delTX to process.
2019-09-17 12:48:53,103 [grpc-default-executor-1] INFO  client.GrpcClientProtocolClient (GrpcClientProtocolClient.java:onNext(264)) - client-E41C008B94D2->cb20f782-9136-4144-a2ef-e44461d35697: receive RaftClientReply:client-E41C008B94D2->cb20f782-9136-4144-a2ef-e44461d35697@group-EF222054BC57, cid=2977, SUCCESS, logIndex=4206, commits[cb20f782-9136-4144-a2ef-e44461d35697:c4207]
2019-09-17 12:48:53,104 [grpc-default-executor-1] INFO  client.GrpcClientProtocolClient (GrpcClientProtocolClient.java:onNext(264)) - client-E41C008B94D2->cb20f782-9136-4144-a2ef-e44461d35697: receive RaftClientReply:client-E41C008B94D2->cb20f782-9136-4144-a2ef-e44461d35697@group-EF222054BC57, cid=2978, SUCCESS, logIndex=4207, commits[cb20f782-9136-4144-a2ef-e44461d35697:c4209]
2019-09-17 12:48:53,104 [grpc-default-executor-1] INFO  client.GrpcClientProtocolClient (GrpcClientProtocolClient.java:onNext(264)) - client-E41C008B94D2->cb20f782-9136-4144-a2ef-e44461d35697: receive RaftClientReply:client-E41C008B94D2->cb20f782-9136-4144-a2ef-e44461d35697@group-EF222054BC57, cid=2979, SUCCESS, logIndex=4208, commits[cb20f782-9136-4144-a2ef-e44461d35697:c4209]
2019-09-17 12:48:53,104 [grpc-default-executor-1] INFO  client.GrpcClientProtocolClient (GrpcClientProtocolClient.java:onNext(264)) - client-E41C008B94D2->cb20f782-9136-4144-a2ef-e44461d35697: receive RaftClientReply:client-E41C008B94D2->cb20f782-9136-4144-a2ef-e44461d35697@group-EF222054BC57, cid=2980, SUCCESS, logIndex=4209, commits[cb20f782-9136-4144-a2ef-e44461d35697:c4209]
2019-09-17 12:48:53,121 [grpc-default-executor-1] INFO  client.GrpcClientProtocolClient (GrpcClientProtocolClient.java:onNext(264)) - client-E41C008B94D2->cb20f782-9136-4144-a2ef-e44461d35697: receive RaftClientReply:client-E41C008B94D2->cb20f782-9136-4144-a2ef-e44461d35697@group-EF222054BC57, cid=2981, SUCCESS, logIndex=4212, commits[cb20f782-9136-4144-a2ef-e44461d35697:c4213]
2019-09-17 12:48:53,121 [grpc-default-executor-1] INFO  client.GrpcClientProtocolClient (GrpcClientProtocolClient.java:onNext(264)) - client-E41C008B94D2->cb20f782-9136-4144-a2ef-e44461d35697: receive RaftClientReply:client-E41C008B94D2->cb20f782-9136-4144-a2ef-e44461d35697@group-EF222054BC57, cid=2982, SUCCESS, logIndex=4213, commits[cb20f782-9136-4144-a2ef-e44461d35697:c4215]
2019-09-17 12:48:53,122 [grpc-default-executor-1] INFO  client.GrpcClientProtocolClient (GrpcClientProtocolClient.java:onNext(264)) - client-E41C008B94D2->cb20f782-9136-4144-a2ef-e44461d35697: receive RaftClientReply:client-E41C008B94D2->cb20f782-9136-4144-a2ef-e44461d35697@group-EF222054BC57, cid=2983, SUCCESS, logIndex=4214, commits[cb20f782-9136-4144-a2ef-e44461d35697:c4215]
2019-09-17 12:48:53,122 [grpc-default-executor-1] INFO  client.GrpcClientProtocolClient (GrpcClientProtocolClient.java:onNext(264)) - client-E41C008B94D2->cb20f782-9136-4144-a2ef-e44461d35697: receive RaftClientReply:client-E41C008B94D2->cb20f782-9136-4144-a2ef-e44461d35697@group-EF222054BC57, cid=2984, SUCCESS, logIndex=4215, commits[cb20f782-9136-4144-a2ef-e44461d35697:c4216]
2019-09-17 12:48:53,149 [grpc-default-executor-2] INFO  client.GrpcClientProtocolClient (GrpcClientProtocolClient.java:onNext(264)) - client-E41C008B94D2->cb20f782-9136-4144-a2ef-e44461d35697: receive RaftClientReply:client-E41C008B94D2->cb20f782-9136-4144-a2ef-e44461d35697@group-EF222054BC57, cid=2985, SUCCESS, logIndex=4218, commits[cb20f782-9136-4144-a2ef-e44461d35697:c4219]
2019-09-17 12:48:53,149 [grpc-default-executor-2] INFO  client.GrpcClientProtocolClient (GrpcClientProtocolClient.java:onNext(264)) - client-E41C008B94D2->cb20f782-9136-4144-a2ef-e44461d35697: receive RaftClientReply:client-E41C008B94D2->cb20f782-9136-4144-a2ef-e44461d35697@group-EF222054BC57, cid=2986, SUCCESS, logIndex=4219, commits[cb20f782-9136-4144-a2ef-e44461d35697:c4219]
2019-09-17 12:48:53,150 [grpc-default-executor-2] INFO  client.GrpcClientProtocolClient (GrpcClientProtocolClient.java:onNext(264)) - client-E41C008B94D2->cb20f782-9136-4144-a2ef-e44461d35697: receive RaftClientReply:client-E41C008B94D2->cb20f782-9136-4144-a2ef-e44461d35697@group-EF222054BC57, cid=2987, SUCCESS, logIndex=4220, commits[cb20f782-9136-4144-a2ef-e44461d35697:c4221]
2019-09-17 12:48:53,150 [grpc-default-executor-2] INFO  client.GrpcClientProtocolClient (GrpcClientProtocolClient.java:onNext(264)) - client-E41C008B94D2->cb20f782-9136-4144-a2ef-e44461d35697: receive RaftClientReply:client-E41C008B94D2->cb20f782-9136-4144-a2ef-e44461d35697@group-EF222054BC57, cid=2988, SUCCESS, logIndex=4221, commits[cb20f782-9136-4144-a2ef-e44461d35697:c4221]
2019-09-17 12:48:53,180 [SCMBlockDeletingService#0] DEBUG block.SCMBlockDeletingService (SCMBlockDeletingService.java:call(138)) - Running DeletedBlockTransactionScanner
2019-09-17 12:48:53,180 [SCMBlockDeletingService#0] DEBUG block.SCMBlockDeletingService (SCMBlockDeletingService.java:call(155)) - Scanned deleted blocks log and got 0 delTX to process.
2019-09-17 12:48:53,187 [grpc-default-executor-2] INFO  client.GrpcClientProtocolClient (GrpcClientProtocolClient.java:onNext(264)) - client-E41C008B94D2->cb20f782-9136-4144-a2ef-e44461d35697: receive RaftClientReply:client-E41C008B94D2->cb20f782-9136-4144-a2ef-e44461d35697@group-EF222054BC57, cid=2989, SUCCESS, logIndex=4224, commits[cb20f782-9136-4144-a2ef-e44461d35697:c4227]
2019-09-17 12:48:53,187 [grpc-default-executor-2] INFO  client.GrpcClientProtocolClient (GrpcClientProtocolClient.java:onNext(264)) - client-E41C008B94D2->cb20f782-9136-4144-a2ef-e44461d35697: receive RaftClientReply:client-E41C008B94D2->cb20f782-9136-4144-a2ef-e44461d35697@group-EF222054BC57, cid=2990, SUCCESS, logIndex=4225, commits[cb20f782-9136-4144-a2ef-e44461d35697:c4227]
2019-09-17 12:48:53,188 [grpc-default-executor-2] INFO  client.GrpcClientProtocolClient (GrpcClientProtocolClient.java:onNext(264)) - client-E41C008B94D2->cb20f782-9136-4144-a2ef-e44461d35697: receive RaftClientReply:client-E41C008B94D2->cb20f782-9136-4144-a2ef-e44461d35697@group-EF222054BC57, cid=2991, SUCCESS, logIndex=4226, commits[cb20f782-9136-4144-a2ef-e44461d35697:c4227]
2019-09-17 12:48:53,188 [grpc-default-executor-2] INFO  client.GrpcClientProtocolClient (GrpcClientProtocolClient.java:onNext(264)) - client-E41C008B94D2->cb20f782-9136-4144-a2ef-e44461d35697: receive RaftClientReply:client-E41C008B94D2->cb20f782-9136-4144-a2ef-e44461d35697@group-EF222054BC57, cid=2992, SUCCESS, logIndex=4227, commits[cb20f782-9136-4144-a2ef-e44461d35697:c4227]
2019-09-17 12:48:53,218 [grpc-default-executor-2] INFO  client.GrpcClientProtocolClient (GrpcClientProtocolClient.java:onNext(264)) - client-E41C008B94D2->cb20f782-9136-4144-a2ef-e44461d35697: receive RaftClientReply:client-E41C008B94D2->cb20f782-9136-4144-a2ef-e44461d35697@group-EF222054BC57, cid=2993, SUCCESS, logIndex=4229, commits[cb20f782-9136-4144-a2ef-e44461d35697:c4232]
2019-09-17 12:48:53,219 [grpc-default-executor-2] INFO  client.GrpcClientProtocolClient (GrpcClientProtocolClient.java:onNext(264)) - client-E41C008B94D2->cb20f782-9136-4144-a2ef-e44461d35697: receive RaftClientReply:client-E41C008B94D2->cb20f782-9136-4144-a2ef-e44461d35697@group-EF222054BC57, cid=2994, SUCCESS, logIndex=4230, commits[cb20f782-9136-4144-a2ef-e44461d35697:c4233]
2019-09-17 12:48:53,219 [grpc-default-executor-2] INFO  client.GrpcClientProtocolClient (GrpcClientProtocolClient.java:onNext(264)) - client-E41C008B94D2->cb20f782-9136-4144-a2ef-e44461d35697: receive RaftClientReply:client-E41C008B94D2->cb20f782-9136-4144-a2ef-e44461d35697@group-EF222054BC57, cid=2995, SUCCESS, logIndex=4231, commits[cb20f782-9136-4144-a2ef-e44461d35697:c4233]
2019-09-17 12:48:53,219 [grpc-default-executor-2] INFO  client.GrpcClientProtocolClient (GrpcClientProtocolClient.java:onNext(264)) - client-E41C008B94D2->cb20f782-9136-4144-a2ef-e44461d35697: receive RaftClientReply:client-E41C008B94D2->cb20f782-9136-4144-a2ef-e44461d35697@group-EF222054BC57, cid=2996, SUCCESS, logIndex=4232, commits[cb20f782-9136-4144-a2ef-e44461d35697:c4233]
2019-09-17 12:48:53,239 [grpc-default-executor-2] INFO  client.GrpcClientProtocolClient (GrpcClientProtocolClient.java:onNext(264)) - client-E41C008B94D2->cb20f782-9136-4144-a2ef-e44461d35697: receive RaftClientReply:client-E41C008B94D2->cb20f782-9136-4144-a2ef-e44461d35697@group-EF222054BC57, cid=2997, SUCCESS, logIndex=4234, commits[cb20f782-9136-4144-a2ef-e44461d35697:c4237]
2019-09-17 12:48:53,239 [grpc-default-executor-2] INFO  client.GrpcClientProtocolClient (GrpcClientProtocolClient.java:onNext(264)) - client-E41C008B94D2->cb20f782-9136-4144-a2ef-e44461d35697: receive RaftClientReply:client-E41C008B94D2->cb20f782-9136-4144-a2ef-e44461d35697@group-EF222054BC57, cid=2998, SUCCESS, logIndex=4235, commits[cb20f782-9136-4144-a2ef-e44461d35697:c4238]
2019-09-17 12:48:53,239 [grpc-default-executor-2] INFO  client.GrpcClientProtocolClient (GrpcClientProtocolClient.java:onNext(264)) - client-E41C008B94D2->cb20f782-9136-4144-a2ef-e44461d35697: receive RaftClientReply:client-E41C008B94D2->cb20f782-9136-4144-a2ef-e44461d35697@group-EF222054BC57, cid=2999, SUCCESS, logIndex=4236, commits[cb20f782-9136-4144-a2ef-e44461d35697:c4238]
2019-09-17 12:48:53,240 [grpc-default-executor-2] INFO  client.GrpcClientProtocolClient (GrpcClientProtocolClient.java:onNext(264)) - client-E41C008B94D2->cb20f782-9136-4144-a2ef-e44461d35697: receive RaftClientReply:client-E41C008B94D2->cb20f782-9136-4144-a2ef-e44461d35697@group-EF222054BC57, cid=3000, SUCCESS, logIndex=4237, commits[cb20f782-9136-4144-a2ef-e44461d35697:c4238]
2019-09-17 12:48:53,268 [grpc-default-executor-2] INFO  client.GrpcClientProtocolClient (GrpcClientProtocolClient.java:onNext(264)) - client-E41C008B94D2->cb20f782-9136-4144-a2ef-e44461d35697: receive RaftClientReply:client-E41C008B94D2->cb20f782-9136-4144-a2ef-e44461d35697@group-EF222054BC57, cid=3001, SUCCESS, logIndex=4239, commits[cb20f782-9136-4144-a2ef-e44461d35697:c4242]
2019-09-17 12:48:53,268 [grpc-default-executor-2] INFO  client.GrpcClientProtocolClient (GrpcClientProtocolClient.java:onNext(264)) - client-E41C008B94D2->cb20f782-9136-4144-a2ef-e44461d35697: receive RaftClientReply:client-E41C008B94D2->cb20f782-9136-4144-a2ef-e44461d35697@group-EF222054BC57, cid=3002, SUCCESS, logIndex=4240, commits[cb20f782-9136-4144-a2ef-e44461d35697:c4242]
2019-09-17 12:48:53,269 [grpc-default-executor-2] INFO  client.GrpcClientProtocolClient (GrpcClientProtocolClient.java:onNext(264)) - client-E41C008B94D2->cb20f782-9136-4144-a2ef-e44461d35697: receive RaftClientReply:client-E41C008B94D2->cb20f782-9136-4144-a2ef-e44461d35697@group-EF222054BC57, cid=3003, SUCCESS, logIndex=4241, commits[cb20f782-9136-4144-a2ef-e44461d35697:c4243]
2019-09-17 12:48:53,269 [grpc-default-executor-2] INFO  client.GrpcClientProtocolClient (GrpcClientProtocolClient.java:onNext(264)) - client-E41C008B94D2->cb20f782-9136-4144-a2ef-e44461d35697: receive RaftClientReply:client-E41C008B94D2->cb20f782-9136-4144-a2ef-e44461d35697@group-EF222054BC57, cid=3004, SUCCESS, logIndex=4242, commits[cb20f782-9136-4144-a2ef-e44461d35697:c4243]
2019-09-17 12:48:53,279 [grpc-default-executor-1] INFO  client.GrpcClientProtocolClient (GrpcClientProtocolClient.java:onNext(264)) - client-E41C008B94D2->cb20f782-9136-4144-a2ef-e44461d35697: receive RaftClientReply:client-E41C008B94D2->cb20f782-9136-4144-a2ef-e44461d35697@group-EF222054BC57, cid=3005, SUCCESS, logIndex=4244, commits[cb20f782-9136-4144-a2ef-e44461d35697:c4245]
2019-09-17 12:48:53,279 [grpc-default-executor-1] INFO  client.GrpcClientProtocolClient (GrpcClientProtocolClient.java:onNext(264)) - client-E41C008B94D2->cb20f782-9136-4144-a2ef-e44461d35697: receive RaftClientReply:client-E41C008B94D2->cb20f782-9136-4144-a2ef-e44461d35697@group-EF222054BC57, cid=3006, SUCCESS, logIndex=4245, commits[cb20f782-9136-4144-a2ef-e44461d35697:c4246]
2019-09-17 12:48:53,280 [SCMBlockDeletingService#0] DEBUG block.SCMBlockDeletingService (SCMBlockDeletingService.java:call(138)) - Running DeletedBlockTransactionScanner
2019-09-17 12:48:53,281 [SCMBlockDeletingService#0] DEBUG block.SCMBlockDeletingService (SCMBlockDeletingService.java:call(155)) - Scanned deleted blocks log and got 0 delTX to process.
2019-09-17 12:48:53,381 [SCMBlockDeletingService#0] DEBUG block.SCMBlockDeletingService (SCMBlockDeletingService.java:call(138)) - Running DeletedBlockTransactionScanner
2019-09-17 12:48:53,381 [SCMBlockDeletingService#0] DEBUG block.SCMBlockDeletingService (SCMBlockDeletingService.java:call(155)) - Scanned deleted blocks log and got 0 delTX to process.
2019-09-17 12:48:53,383 [grpc-default-executor-2] INFO  client.GrpcClientProtocolClient (GrpcClientProtocolClient.java:onNext(264)) - client-E41C008B94D2->cb20f782-9136-4144-a2ef-e44461d35697: receive RaftClientReply:client-E41C008B94D2->cb20f782-9136-4144-a2ef-e44461d35697@group-EF222054BC57, cid=3007, SUCCESS, logIndex=4247, commits[cb20f782-9136-4144-a2ef-e44461d35697:c4248]
2019-09-17 12:48:53,383 [grpc-default-executor-2] INFO  client.GrpcClientProtocolClient (GrpcClientProtocolClient.java:onNext(264)) - client-E41C008B94D2->cb20f782-9136-4144-a2ef-e44461d35697: receive RaftClientReply:client-E41C008B94D2->cb20f782-9136-4144-a2ef-e44461d35697@group-EF222054BC57, cid=3008, SUCCESS, logIndex=4248, commits[cb20f782-9136-4144-a2ef-e44461d35697:c4249]
2019-09-17 12:48:53,411 [grpc-default-executor-2] INFO  client.GrpcClientProtocolClient (GrpcClientProtocolClient.java:onNext(264)) - client-E41C008B94D2->cb20f782-9136-4144-a2ef-e44461d35697: receive RaftClientReply:client-E41C008B94D2->cb20f782-9136-4144-a2ef-e44461d35697@group-EF222054BC57, cid=3009, SUCCESS, logIndex=4250, commits[cb20f782-9136-4144-a2ef-e44461d35697:c4251]
2019-09-17 12:48:53,411 [grpc-default-executor-2] INFO  client.GrpcClientProtocolClient (GrpcClientProtocolClient.java:onNext(264)) - client-E41C008B94D2->cb20f782-9136-4144-a2ef-e44461d35697: receive RaftClientReply:client-E41C008B94D2->cb20f782-9136-4144-a2ef-e44461d35697@group-EF222054BC57, cid=3010, SUCCESS, logIndex=4251, commits[cb20f782-9136-4144-a2ef-e44461d35697:c4251]
2019-09-17 12:48:53,411 [grpc-default-executor-2] INFO  client.GrpcClientProtocolClient (GrpcClientProtocolClient.java:onNext(264)) - client-E41C008B94D2->cb20f782-9136-4144-a2ef-e44461d35697: receive RaftClientReply:client-E41C008B94D2->cb20f782-9136-4144-a2ef-e44461d35697@group-EF222054BC57, cid=3011, SUCCESS, logIndex=4252, commits[cb20f782-9136-4144-a2ef-e44461d35697:c4253]
2019-09-17 12:48:53,412 [grpc-default-executor-2] INFO  client.GrpcClientProtocolClient (GrpcClientProtocolClient.java:onNext(264)) - client-E41C008B94D2->cb20f782-9136-4144-a2ef-e44461d35697: receive RaftClientReply:client-E41C008B94D2->cb20f782-9136-4144-a2ef-e44461d35697@group-EF222054BC57, cid=3012, SUCCESS, logIndex=4253, commits[cb20f782-9136-4144-a2ef-e44461d35697:c4253]
2019-09-17 12:48:53,431 [grpc-default-executor-2] INFO  client.GrpcClientProtocolClient (GrpcClientProtocolClient.java:onNext(264)) - client-E41C008B94D2->cb20f782-9136-4144-a2ef-e44461d35697: receive RaftClientReply:client-E41C008B94D2->cb20f782-9136-4144-a2ef-e44461d35697@group-EF222054BC57, cid=3013, SUCCESS, logIndex=4256, commits[cb20f782-9136-4144-a2ef-e44461d35697:c4259]
2019-09-17 12:48:53,432 [grpc-default-executor-2] INFO  client.GrpcClientProtocolClient (GrpcClientProtocolClient.java:onNext(264)) - client-E41C008B94D2->cb20f782-9136-4144-a2ef-e44461d35697: receive RaftClientReply:client-E41C008B94D2->cb20f782-9136-4144-a2ef-e44461d35697@group-EF222054BC57, cid=3014, SUCCESS, logIndex=4257, commits[cb20f782-9136-4144-a2ef-e44461d35697:c4259]
2019-09-17 12:48:53,432 [grpc-default-executor-2] INFO  client.GrpcClientProtocolClient (GrpcClientProtocolClient.java:onNext(264)) - client-E41C008B94D2->cb20f782-9136-4144-a2ef-e44461d35697: receive RaftClientReply:client-E41C008B94D2->cb20f782-9136-4144-a2ef-e44461d35697@group-EF222054BC57, cid=3015, SUCCESS, logIndex=4258, commits[cb20f782-9136-4144-a2ef-e44461d35697:c4259]
2019-09-17 12:48:53,432 [grpc-default-executor-2] INFO  client.GrpcClientProtocolClient (GrpcClientProtocolClient.java:onNext(264)) - client-E41C008B94D2->cb20f782-9136-4144-a2ef-e44461d35697: receive RaftClientReply:client-E41C008B94D2->cb20f782-9136-4144-a2ef-e44461d35697@group-EF222054BC57, cid=3016, SUCCESS, logIndex=4259, commits[cb20f782-9136-4144-a2ef-e44461d35697:c4260]
2019-09-17 12:48:53,457 [grpc-default-executor-2] INFO  client.GrpcClientProtocolClient (GrpcClientProtocolClient.java:onNext(264)) - client-E41C008B94D2->cb20f782-9136-4144-a2ef-e44461d35697: receive RaftClientReply:client-E41C008B94D2->cb20f782-9136-4144-a2ef-e44461d35697@group-EF222054BC57, cid=3017, SUCCESS, logIndex=4261, commits[cb20f782-9136-4144-a2ef-e44461d35697:c4264]
2019-09-17 12:48:53,457 [grpc-default-executor-2] INFO  client.GrpcClientProtocolClient (GrpcClientProtocolClient.java:onNext(264)) - client-E41C008B94D2->cb20f782-9136-4144-a2ef-e44461d35697: receive RaftClientReply:client-E41C008B94D2->cb20f782-9136-4144-a2ef-e44461d35697@group-EF222054BC57, cid=3018, SUCCESS, logIndex=4262, commits[cb20f782-9136-4144-a2ef-e44461d35697:c4264]
2019-09-17 12:48:53,457 [grpc-default-executor-2] INFO  client.GrpcClientProtocolClient (GrpcClientProtocolClient.java:onNext(264)) - client-E41C008B94D2->cb20f782-9136-4144-a2ef-e44461d35697: receive RaftClientReply:client-E41C008B94D2->cb20f782-9136-4144-a2ef-e44461d35697@group-EF222054BC57, cid=3019, SUCCESS, logIndex=4263, commits[cb20f782-9136-4144-a2ef-e44461d35697:c4264]
2019-09-17 12:48:53,458 [grpc-default-executor-2] INFO  client.GrpcClientProtocolClient (GrpcClientProtocolClient.java:onNext(264)) - client-E41C008B94D2->cb20f782-9136-4144-a2ef-e44461d35697: receive RaftClientReply:client-E41C008B94D2->cb20f782-9136-4144-a2ef-e44461d35697@group-EF222054BC57, cid=3020, SUCCESS, logIndex=4264, commits[cb20f782-9136-4144-a2ef-e44461d35697:c4264]
2019-09-17 12:48:53,477 [grpc-default-executor-2] INFO  client.GrpcClientProtocolClient (GrpcClientProtocolClient.java:onNext(264)) - client-E41C008B94D2->cb20f782-9136-4144-a2ef-e44461d35697: receive RaftClientReply:client-E41C008B94D2->cb20f782-9136-4144-a2ef-e44461d35697@group-EF222054BC57, cid=3021, SUCCESS, logIndex=4266, commits[cb20f782-9136-4144-a2ef-e44461d35697:c4269]
2019-09-17 12:48:53,477 [grpc-default-executor-2] INFO  client.GrpcClientProtocolClient (GrpcClientProtocolClient.java:onNext(264)) - client-E41C008B94D2->cb20f782-9136-4144-a2ef-e44461d35697: receive RaftClientReply:client-E41C008B94D2->cb20f782-9136-4144-a2ef-e44461d35697@group-EF222054BC57, cid=3022, SUCCESS, logIndex=4267, commits[cb20f782-9136-4144-a2ef-e44461d35697:c4269]
2019-09-17 12:48:53,478 [grpc-default-executor-2] INFO  client.GrpcClientProtocolClient (GrpcClientProtocolClient.java:onNext(264)) - client-E41C008B94D2->cb20f782-9136-4144-a2ef-e44461d35697: receive RaftClientReply:client-E41C008B94D2->cb20f782-9136-4144-a2ef-e44461d35697@group-EF222054BC57, cid=3023, SUCCESS, logIndex=4268, commits[cb20f782-9136-4144-a2ef-e44461d35697:c4270]
2019-09-17 12:48:53,478 [grpc-default-executor-2] INFO  client.GrpcClientProtocolClient (GrpcClientProtocolClient.java:onNext(264)) - client-E41C008B94D2->cb20f782-9136-4144-a2ef-e44461d35697: receive RaftClientReply:client-E41C008B94D2->cb20f782-9136-4144-a2ef-e44461d35697@group-EF222054BC57, cid=3024, SUCCESS, logIndex=4269, commits[cb20f782-9136-4144-a2ef-e44461d35697:c4270]
2019-09-17 12:48:53,482 [SCMBlockDeletingService#0] DEBUG block.SCMBlockDeletingService (SCMBlockDeletingService.java:call(138)) - Running DeletedBlockTransactionScanner
2019-09-17 12:48:53,482 [SCMBlockDeletingService#0] DEBUG block.SCMBlockDeletingService (SCMBlockDeletingService.java:call(155)) - Scanned deleted blocks log and got 0 delTX to process.
2019-09-17 12:48:53,599 [SCMBlockDeletingService#0] DEBUG block.SCMBlockDeletingService (SCMBlockDeletingService.java:call(138)) - Running DeletedBlockTransactionScanner
2019-09-17 12:48:53,599 [SCMBlockDeletingService#0] DEBUG block.SCMBlockDeletingService (SCMBlockDeletingService.java:call(155)) - Scanned deleted blocks log and got 0 delTX to process.
2019-09-17 12:48:53,601 [grpc-default-executor-2] INFO  client.GrpcClientProtocolClient (GrpcClientProtocolClient.java:onNext(264)) - client-E41C008B94D2->cb20f782-9136-4144-a2ef-e44461d35697: receive RaftClientReply:client-E41C008B94D2->cb20f782-9136-4144-a2ef-e44461d35697@group-EF222054BC57, cid=3025, SUCCESS, logIndex=4271, commits[cb20f782-9136-4144-a2ef-e44461d35697:c4272]
2019-09-17 12:48:53,601 [grpc-default-executor-2] INFO  client.GrpcClientProtocolClient (GrpcClientProtocolClient.java:onNext(264)) - client-E41C008B94D2->cb20f782-9136-4144-a2ef-e44461d35697: receive RaftClientReply:client-E41C008B94D2->cb20f782-9136-4144-a2ef-e44461d35697@group-EF222054BC57, cid=3026, SUCCESS, logIndex=4272, commits[cb20f782-9136-4144-a2ef-e44461d35697:c4272]
2019-09-17 12:48:53,612 [grpc-default-executor-2] INFO  client.GrpcClientProtocolClient (GrpcClientProtocolClient.java:onNext(264)) - client-E41C008B94D2->cb20f782-9136-4144-a2ef-e44461d35697: receive RaftClientReply:client-E41C008B94D2->cb20f782-9136-4144-a2ef-e44461d35697@group-EF222054BC57, cid=3027, SUCCESS, logIndex=4274, commits[cb20f782-9136-4144-a2ef-e44461d35697:c4275]
2019-09-17 12:48:53,612 [grpc-default-executor-2] INFO  client.GrpcClientProtocolClient (GrpcClientProtocolClient.java:onNext(264)) - client-E41C008B94D2->cb20f782-9136-4144-a2ef-e44461d35697: receive RaftClientReply:client-E41C008B94D2->cb20f782-9136-4144-a2ef-e44461d35697@group-EF222054BC57, cid=3028, SUCCESS, logIndex=4275, commits[cb20f782-9136-4144-a2ef-e44461d35697:c4276]
2019-09-17 12:48:53,631 [grpc-default-executor-1] INFO  client.GrpcClientProtocolClient (GrpcClientProtocolClient.java:onNext(264)) - client-E41C008B94D2->cb20f782-9136-4144-a2ef-e44461d35697: receive RaftClientReply:client-E41C008B94D2->cb20f782-9136-4144-a2ef-e44461d35697@group-EF222054BC57, cid=3029, SUCCESS, logIndex=4277, commits[cb20f782-9136-4144-a2ef-e44461d35697:c4278]
2019-09-17 12:48:53,632 [grpc-default-executor-1] INFO  client.GrpcClientProtocolClient (GrpcClientProtocolClient.java:onNext(264)) - client-E41C008B94D2->cb20f782-9136-4144-a2ef-e44461d35697: receive RaftClientReply:client-E41C008B94D2->cb20f782-9136-4144-a2ef-e44461d35697@group-EF222054BC57, cid=3030, SUCCESS, logIndex=4278, commits[cb20f782-9136-4144-a2ef-e44461d35697:c4280]
2019-09-17 12:48:53,632 [grpc-default-executor-1] INFO  client.GrpcClientProtocolClient (GrpcClientProtocolClient.java:onNext(264)) - client-E41C008B94D2->cb20f782-9136-4144-a2ef-e44461d35697: receive RaftClientReply:client-E41C008B94D2->cb20f782-9136-4144-a2ef-e44461d35697@group-EF222054BC57, cid=3031, SUCCESS, logIndex=4279, commits[cb20f782-9136-4144-a2ef-e44461d35697:c4281]
2019-09-17 12:48:53,632 [grpc-default-executor-1] INFO  client.GrpcClientProtocolClient (GrpcClientProtocolClient.java:onNext(264)) - client-E41C008B94D2->cb20f782-9136-4144-a2ef-e44461d35697: receive RaftClientReply:client-E41C008B94D2->cb20f782-9136-4144-a2ef-e44461d35697@group-EF222054BC57, cid=3032, SUCCESS, logIndex=4280, commits[cb20f782-9136-4144-a2ef-e44461d35697:c4281]
2019-09-17 12:48:53,661 [grpc-default-executor-1] INFO  client.GrpcClientProtocolClient (GrpcClientProtocolClient.java:onNext(264)) - client-E41C008B94D2->cb20f782-9136-4144-a2ef-e44461d35697: receive RaftClientReply:client-E41C008B94D2->cb20f782-9136-4144-a2ef-e44461d35697@group-EF222054BC57, cid=3033, SUCCESS, logIndex=4283, commits[cb20f782-9136-4144-a2ef-e44461d35697:c4284]
2019-09-17 12:48:53,662 [grpc-default-executor-1] INFO  client.GrpcClientProtocolClient (GrpcClientProtocolClient.java:onNext(264)) - client-E41C008B94D2->cb20f782-9136-4144-a2ef-e44461d35697: receive RaftClientReply:client-E41C008B94D2->cb20f782-9136-4144-a2ef-e44461d35697@group-EF222054BC57, cid=3034, SUCCESS, logIndex=4284, commits[cb20f782-9136-4144-a2ef-e44461d35697:c4286]
2019-09-17 12:48:53,662 [grpc-default-executor-1] INFO  client.GrpcClientProtocolClient (GrpcClientProtocolClient.java:onNext(264)) - client-E41C008B94D2->cb20f782-9136-4144-a2ef-e44461d35697: receive RaftClientReply:client-E41C008B94D2->cb20f782-9136-4144-a2ef-e44461d35697@group-EF222054BC57, cid=3035, SUCCESS, logIndex=4285, commits[cb20f782-9136-4144-a2ef-e44461d35697:c4286]
2019-09-17 12:48:53,662 [grpc-default-executor-1] INFO  client.GrpcClientProtocolClient (GrpcClientProtocolClient.java:onNext(264)) - client-E41C008B94D2->cb20f782-9136-4144-a2ef-e44461d35697: receive RaftClientReply:client-E41C008B94D2->cb20f782-9136-4144-a2ef-e44461d35697@group-EF222054BC57, cid=3036, SUCCESS, logIndex=4286, commits[cb20f782-9136-4144-a2ef-e44461d35697:c4287]
2019-09-17 12:48:53,682 [grpc-default-executor-1] INFO  client.GrpcClientProtocolClient (GrpcClientProtocolClient.java:onNext(264)) - client-E41C008B94D2->cb20f782-9136-4144-a2ef-e44461d35697: receive RaftClientReply:client-E41C008B94D2->cb20f782-9136-4144-a2ef-e44461d35697@group-EF222054BC57, cid=3037, SUCCESS, logIndex=4289, commits[cb20f782-9136-4144-a2ef-e44461d35697:c4290]
2019-09-17 12:48:53,683 [grpc-default-executor-1] INFO  client.GrpcClientProtocolClient (GrpcClientProtocolClient.java:onNext(264)) - client-E41C008B94D2->cb20f782-9136-4144-a2ef-e44461d35697: receive RaftClientReply:client-E41C008B94D2->cb20f782-9136-4144-a2ef-e44461d35697@group-EF222054BC57, cid=3038, SUCCESS, logIndex=4290, commits[cb20f782-9136-4144-a2ef-e44461d35697:c4290]
2019-09-17 12:48:53,692 [grpc-default-executor-1] INFO  client.GrpcClientProtocolClient (GrpcClientProtocolClient.java:onNext(264)) - client-E41C008B94D2->cb20f782-9136-4144-a2ef-e44461d35697: receive RaftClientReply:client-E41C008B94D2->cb20f782-9136-4144-a2ef-e44461d35697@group-EF222054BC57, cid=3039, SUCCESS, logIndex=4291, commits[cb20f782-9136-4144-a2ef-e44461d35697:c4292]
2019-09-17 12:48:53,692 [grpc-default-executor-1] INFO  client.GrpcClientProtocolClient (GrpcClientProtocolClient.java:onNext(264)) - client-E41C008B94D2->cb20f782-9136-4144-a2ef-e44461d35697: receive RaftClientReply:client-E41C008B94D2->cb20f782-9136-4144-a2ef-e44461d35697@group-EF222054BC57, cid=3040, SUCCESS, logIndex=4292, commits[cb20f782-9136-4144-a2ef-e44461d35697:c4293]
2019-09-17 12:48:53,700 [SCMBlockDeletingService#0] DEBUG block.SCMBlockDeletingService (SCMBlockDeletingService.java:call(138)) - Running DeletedBlockTransactionScanner
2019-09-17 12:48:53,700 [SCMBlockDeletingService#0] DEBUG block.SCMBlockDeletingService (SCMBlockDeletingService.java:call(155)) - Scanned deleted blocks log and got 0 delTX to process.
2019-09-17 12:48:53,718 [grpc-default-executor-2] INFO  client.GrpcClientProtocolClient (GrpcClientProtocolClient.java:onNext(264)) - client-E41C008B94D2->cb20f782-9136-4144-a2ef-e44461d35697: receive RaftClientReply:client-E41C008B94D2->cb20f782-9136-4144-a2ef-e44461d35697@group-EF222054BC57, cid=3041, SUCCESS, logIndex=4295, commits[cb20f782-9136-4144-a2ef-e44461d35697:c4298]
2019-09-17 12:48:53,718 [grpc-default-executor-2] INFO  client.GrpcClientProtocolClient (GrpcClientProtocolClient.java:onNext(264)) - client-E41C008B94D2->cb20f782-9136-4144-a2ef-e44461d35697: receive RaftClientReply:client-E41C008B94D2->cb20f782-9136-4144-a2ef-e44461d35697@group-EF222054BC57, cid=3042, SUCCESS, logIndex=4296, commits[cb20f782-9136-4144-a2ef-e44461d35697:c4298]
2019-09-17 12:48:53,718 [grpc-default-executor-2] INFO  client.GrpcClientProtocolClient (GrpcClientProtocolClient.java:onNext(264)) - client-E41C008B94D2->cb20f782-9136-4144-a2ef-e44461d35697: receive RaftClientReply:client-E41C008B94D2->cb20f782-9136-4144-a2ef-e44461d35697@group-EF222054BC57, cid=3043, SUCCESS, logIndex=4297, commits[cb20f782-9136-4144-a2ef-e44461d35697:c4299]
2019-09-17 12:48:53,719 [grpc-default-executor-2] INFO  client.GrpcClientProtocolClient (GrpcClientProtocolClient.java:onNext(264)) - client-E41C008B94D2->cb20f782-9136-4144-a2ef-e44461d35697: receive RaftClientReply:client-E41C008B94D2->cb20f782-9136-4144-a2ef-e44461d35697@group-EF222054BC57, cid=3044, SUCCESS, logIndex=4298, commits[cb20f782-9136-4144-a2ef-e44461d35697:c4299]
2019-09-17 12:48:53,737 [grpc-default-executor-1] INFO  client.GrpcClientProtocolClient (GrpcClientProtocolClient.java:onNext(264)) - client-E41C008B94D2->cb20f782-9136-4144-a2ef-e44461d35697: receive RaftClientReply:client-E41C008B94D2->cb20f782-9136-4144-a2ef-e44461d35697@group-EF222054BC57, cid=3045, SUCCESS, logIndex=4300, commits[cb20f782-9136-4144-a2ef-e44461d35697:c4303]
2019-09-17 12:48:53,737 [grpc-default-executor-1] INFO  client.GrpcClientProtocolClient (GrpcClientProtocolClient.java:onNext(264)) - client-E41C008B94D2->cb20f782-9136-4144-a2ef-e44461d35697: receive RaftClientReply:client-E41C008B94D2->cb20f782-9136-4144-a2ef-e44461d35697@group-EF222054BC57, cid=3046, SUCCESS, logIndex=4301, commits[cb20f782-9136-4144-a2ef-e44461d35697:c4304]
2019-09-17 12:48:53,738 [grpc-default-executor-1] INFO  client.GrpcClientProtocolClient (GrpcClientProtocolClient.java:onNext(264)) - client-E41C008B94D2->cb20f782-9136-4144-a2ef-e44461d35697: receive RaftClientReply:client-E41C008B94D2->cb20f782-9136-4144-a2ef-e44461d35697@group-EF222054BC57, cid=3047, SUCCESS, logIndex=4302, commits[cb20f782-9136-4144-a2ef-e44461d35697:c4304]
2019-09-17 12:48:53,738 [grpc-default-executor-1] INFO  client.GrpcClientProtocolClient (GrpcClientProtocolClient.java:onNext(264)) - client-E41C008B94D2->cb20f782-9136-4144-a2ef-e44461d35697: receive RaftClientReply:client-E41C008B94D2->cb20f782-9136-4144-a2ef-e44461d35697@group-EF222054BC57, cid=3048, SUCCESS, logIndex=4303, commits[cb20f782-9136-4144-a2ef-e44461d35697:c4304]
2019-09-17 12:48:53,762 [grpc-default-executor-2] INFO  client.GrpcClientProtocolClient (GrpcClientProtocolClient.java:onNext(264)) - client-E41C008B94D2->cb20f782-9136-4144-a2ef-e44461d35697: receive RaftClientReply:client-E41C008B94D2->cb20f782-9136-4144-a2ef-e44461d35697@group-EF222054BC57, cid=3049, SUCCESS, logIndex=4305, commits[cb20f782-9136-4144-a2ef-e44461d35697:c4306]
2019-09-17 12:48:53,762 [grpc-default-executor-2] INFO  client.GrpcClientProtocolClient (GrpcClientProtocolClient.java:onNext(264)) - client-E41C008B94D2->cb20f782-9136-4144-a2ef-e44461d35697: receive RaftClientReply:client-E41C008B94D2->cb20f782-9136-4144-a2ef-e44461d35697@group-EF222054BC57, cid=3050, SUCCESS, logIndex=4306, commits[cb20f782-9136-4144-a2ef-e44461d35697:c4307]
2019-09-17 12:48:53,800 [SCMBlockDeletingService#0] DEBUG block.SCMBlockDeletingService (SCMBlockDeletingService.java:call(138)) - Running DeletedBlockTransactionScanner
2019-09-17 12:48:53,801 [SCMBlockDeletingService#0] DEBUG block.SCMBlockDeletingService (SCMBlockDeletingService.java:call(155)) - Scanned deleted blocks log and got 0 delTX to process.
2019-09-17 12:48:53,871 [grpc-default-executor-2] INFO  client.GrpcClientProtocolClient (GrpcClientProtocolClient.java:onNext(264)) - client-E41C008B94D2->cb20f782-9136-4144-a2ef-e44461d35697: receive RaftClientReply:client-E41C008B94D2->cb20f782-9136-4144-a2ef-e44461d35697@group-EF222054BC57, cid=3051, SUCCESS, logIndex=4308, commits[cb20f782-9136-4144-a2ef-e44461d35697:c4309]
2019-09-17 12:48:53,871 [grpc-default-executor-2] INFO  client.GrpcClientProtocolClient (GrpcClientProtocolClient.java:onNext(264)) - client-E41C008B94D2->cb20f782-9136-4144-a2ef-e44461d35697: receive RaftClientReply:client-E41C008B94D2->cb20f782-9136-4144-a2ef-e44461d35697@group-EF222054BC57, cid=3052, SUCCESS, logIndex=4309, commits[cb20f782-9136-4144-a2ef-e44461d35697:c4309]
2019-09-17 12:48:53,883 [grpc-default-executor-1] INFO  client.GrpcClientProtocolClient (GrpcClientProtocolClient.java:onNext(264)) - client-E41C008B94D2->cb20f782-9136-4144-a2ef-e44461d35697: receive RaftClientReply:client-E41C008B94D2->cb20f782-9136-4144-a2ef-e44461d35697@group-EF222054BC57, cid=3053, SUCCESS, logIndex=4311, commits[cb20f782-9136-4144-a2ef-e44461d35697:c4314]
2019-09-17 12:48:53,883 [grpc-default-executor-1] INFO  client.GrpcClientProtocolClient (GrpcClientProtocolClient.java:onNext(264)) - client-E41C008B94D2->cb20f782-9136-4144-a2ef-e44461d35697: receive RaftClientReply:client-E41C008B94D2->cb20f782-9136-4144-a2ef-e44461d35697@group-EF222054BC57, cid=3054, SUCCESS, logIndex=4312, commits[cb20f782-9136-4144-a2ef-e44461d35697:c4315]
2019-09-17 12:48:53,883 [grpc-default-executor-1] INFO  client.GrpcClientProtocolClient (GrpcClientProtocolClient.java:onNext(264)) - client-E41C008B94D2->cb20f782-9136-4144-a2ef-e44461d35697: receive RaftClientReply:client-E41C008B94D2->cb20f782-9136-4144-a2ef-e44461d35697@group-EF222054BC57, cid=3055, SUCCESS, logIndex=4313, commits[cb20f782-9136-4144-a2ef-e44461d35697:c4315]
2019-09-17 12:48:53,884 [grpc-default-executor-1] INFO  client.GrpcClientProtocolClient (GrpcClientProtocolClient.java:onNext(264)) - client-E41C008B94D2->cb20f782-9136-4144-a2ef-e44461d35697: receive RaftClientReply:client-E41C008B94D2->cb20f782-9136-4144-a2ef-e44461d35697@group-EF222054BC57, cid=3056, SUCCESS, logIndex=4314, commits[cb20f782-9136-4144-a2ef-e44461d35697:c4315]
2019-09-17 12:48:53,901 [SCMBlockDeletingService#0] DEBUG block.SCMBlockDeletingService (SCMBlockDeletingService.java:call(138)) - Running DeletedBlockTransactionScanner
2019-09-17 12:48:53,901 [SCMBlockDeletingService#0] DEBUG block.SCMBlockDeletingService (SCMBlockDeletingService.java:call(155)) - Scanned deleted blocks log and got 0 delTX to process.
2019-09-17 12:48:53,907 [grpc-default-executor-2] INFO  client.GrpcClientProtocolClient (GrpcClientProtocolClient.java:onNext(264)) - client-E41C008B94D2->cb20f782-9136-4144-a2ef-e44461d35697: receive RaftClientReply:client-E41C008B94D2->cb20f782-9136-4144-a2ef-e44461d35697@group-EF222054BC57, cid=3057, SUCCESS, logIndex=4316, commits[cb20f782-9136-4144-a2ef-e44461d35697:c4317]
2019-09-17 12:48:53,908 [grpc-default-executor-2] INFO  client.GrpcClientProtocolClient (GrpcClientProtocolClient.java:onNext(264)) - client-E41C008B94D2->cb20f782-9136-4144-a2ef-e44461d35697: receive RaftClientReply:client-E41C008B94D2->cb20f782-9136-4144-a2ef-e44461d35697@group-EF222054BC57, cid=3058, SUCCESS, logIndex=4317, commits[cb20f782-9136-4144-a2ef-e44461d35697:c4319]
2019-09-17 12:48:53,908 [grpc-default-executor-2] INFO  client.GrpcClientProtocolClient (GrpcClientProtocolClient.java:onNext(264)) - client-E41C008B94D2->cb20f782-9136-4144-a2ef-e44461d35697: receive RaftClientReply:client-E41C008B94D2->cb20f782-9136-4144-a2ef-e44461d35697@group-EF222054BC57, cid=3059, SUCCESS, logIndex=4318, commits[cb20f782-9136-4144-a2ef-e44461d35697:c4319]
2019-09-17 12:48:53,908 [grpc-default-executor-2] INFO  client.GrpcClientProtocolClient (GrpcClientProtocolClient.java:onNext(264)) - client-E41C008B94D2->cb20f782-9136-4144-a2ef-e44461d35697: receive RaftClientReply:client-E41C008B94D2->cb20f782-9136-4144-a2ef-e44461d35697@group-EF222054BC57, cid=3060, SUCCESS, logIndex=4319, commits[cb20f782-9136-4144-a2ef-e44461d35697:c4319]
2019-09-17 12:48:53,924 [grpc-default-executor-2] INFO  client.GrpcClientProtocolClient (GrpcClientProtocolClient.java:onNext(264)) - client-E41C008B94D2->cb20f782-9136-4144-a2ef-e44461d35697: receive RaftClientReply:client-E41C008B94D2->cb20f782-9136-4144-a2ef-e44461d35697@group-EF222054BC57, cid=3061, SUCCESS, logIndex=4322, commits[cb20f782-9136-4144-a2ef-e44461d35697:c4323]
2019-09-17 12:48:53,924 [grpc-default-executor-2] INFO  client.GrpcClientProtocolClient (GrpcClientProtocolClient.java:onNext(264)) - client-E41C008B94D2->cb20f782-9136-4144-a2ef-e44461d35697: receive RaftClientReply:client-E41C008B94D2->cb20f782-9136-4144-a2ef-e44461d35697@group-EF222054BC57, cid=3062, SUCCESS, logIndex=4323, commits[cb20f782-9136-4144-a2ef-e44461d35697:c4325]
2019-09-17 12:48:53,925 [grpc-default-executor-2] INFO  client.GrpcClientProtocolClient (GrpcClientProtocolClient.java:onNext(264)) - client-E41C008B94D2->cb20f782-9136-4144-a2ef-e44461d35697: receive RaftClientReply:client-E41C008B94D2->cb20f782-9136-4144-a2ef-e44461d35697@group-EF222054BC57, cid=3063, SUCCESS, logIndex=4324, commits[cb20f782-9136-4144-a2ef-e44461d35697:c4325]
2019-09-17 12:48:53,925 [grpc-default-executor-2] INFO  client.GrpcClientProtocolClient (GrpcClientProtocolClient.java:onNext(264)) - client-E41C008B94D2->cb20f782-9136-4144-a2ef-e44461d35697: receive RaftClientReply:client-E41C008B94D2->cb20f782-9136-4144-a2ef-e44461d35697@group-EF222054BC57, cid=3064, SUCCESS, logIndex=4325, commits[cb20f782-9136-4144-a2ef-e44461d35697:c4325]
2019-09-17 12:48:53,953 [grpc-default-executor-2] INFO  client.GrpcClientProtocolClient (GrpcClientProtocolClient.java:onNext(264)) - client-E41C008B94D2->cb20f782-9136-4144-a2ef-e44461d35697: receive RaftClientReply:client-E41C008B94D2->cb20f782-9136-4144-a2ef-e44461d35697@group-EF222054BC57, cid=3065, SUCCESS, logIndex=4328, commits[cb20f782-9136-4144-a2ef-e44461d35697:c4331]
2019-09-17 12:48:53,953 [grpc-default-executor-2] INFO  client.GrpcClientProtocolClient (GrpcClientProtocolClient.java:onNext(264)) - client-E41C008B94D2->cb20f782-9136-4144-a2ef-e44461d35697: receive RaftClientReply:client-E41C008B94D2->cb20f782-9136-4144-a2ef-e44461d35697@group-EF222054BC57, cid=3066, SUCCESS, logIndex=4329, commits[cb20f782-9136-4144-a2ef-e44461d35697:c4332]
2019-09-17 12:48:53,953 [grpc-default-executor-2] INFO  client.GrpcClientProtocolClient (GrpcClientProtocolClient.java:onNext(264)) - client-E41C008B94D2->cb20f782-9136-4144-a2ef-e44461d35697: receive RaftClientReply:client-E41C008B94D2->cb20f782-9136-4144-a2ef-e44461d35697@group-EF222054BC57, cid=3067, SUCCESS, logIndex=4330, commits[cb20f782-9136-4144-a2ef-e44461d35697:c4332]
2019-09-17 12:48:53,954 [grpc-default-executor-2] INFO  client.GrpcClientProtocolClient (GrpcClientProtocolClient.java:onNext(264)) - client-E41C008B94D2->cb20f782-9136-4144-a2ef-e44461d35697: receive RaftClientReply:client-E41C008B94D2->cb20f782-9136-4144-a2ef-e44461d35697@group-EF222054BC57, cid=3068, SUCCESS, logIndex=4331, commits[cb20f782-9136-4144-a2ef-e44461d35697:c4332]
2019-09-17 12:48:53,971 [grpc-default-executor-2] INFO  client.GrpcClientProtocolClient (GrpcClientProtocolClient.java:onNext(264)) - client-E41C008B94D2->cb20f782-9136-4144-a2ef-e44461d35697: receive RaftClientReply:client-E41C008B94D2->cb20f782-9136-4144-a2ef-e44461d35697@group-EF222054BC57, cid=3069, SUCCESS, logIndex=4333, commits[cb20f782-9136-4144-a2ef-e44461d35697:c4336]
2019-09-17 12:48:53,972 [grpc-default-executor-2] INFO  client.GrpcClientProtocolClient (GrpcClientProtocolClient.java:onNext(264)) - client-E41C008B94D2->cb20f782-9136-4144-a2ef-e44461d35697: receive RaftClientReply:client-E41C008B94D2->cb20f782-9136-4144-a2ef-e44461d35697@group-EF222054BC57, cid=3070, SUCCESS, logIndex=4334, commits[cb20f782-9136-4144-a2ef-e44461d35697:c4336]
2019-09-17 12:48:53,972 [grpc-default-executor-2] INFO  client.GrpcClientProtocolClient (GrpcClientProtocolClient.java:onNext(264)) - client-E41C008B94D2->cb20f782-9136-4144-a2ef-e44461d35697: receive RaftClientReply:client-E41C008B94D2->cb20f782-9136-4144-a2ef-e44461d35697@group-EF222054BC57, cid=3071, SUCCESS, logIndex=4335, commits[cb20f782-9136-4144-a2ef-e44461d35697:c4337]
2019-09-17 12:48:53,972 [grpc-default-executor-2] INFO  client.GrpcClientProtocolClient (GrpcClientProtocolClient.java:onNext(264)) - client-E41C008B94D2->cb20f782-9136-4144-a2ef-e44461d35697: receive RaftClientReply:client-E41C008B94D2->cb20f782-9136-4144-a2ef-e44461d35697@group-EF222054BC57, cid=3072, SUCCESS, logIndex=4336, commits[cb20f782-9136-4144-a2ef-e44461d35697:c4337]
2019-09-17 12:48:53,995 [grpc-default-executor-1] INFO  client.GrpcClientProtocolClient (GrpcClientProtocolClient.java:onNext(264)) - client-E41C008B94D2->cb20f782-9136-4144-a2ef-e44461d35697: receive RaftClientReply:client-E41C008B94D2->cb20f782-9136-4144-a2ef-e44461d35697@group-EF222054BC57, cid=3073, SUCCESS, logIndex=4338, commits[cb20f782-9136-4144-a2ef-e44461d35697:c4339]
2019-09-17 12:48:53,996 [grpc-default-executor-1] INFO  client.GrpcClientProtocolClient (GrpcClientProtocolClient.java:onNext(264)) - client-E41C008B94D2->cb20f782-9136-4144-a2ef-e44461d35697: receive RaftClientReply:client-E41C008B94D2->cb20f782-9136-4144-a2ef-e44461d35697@group-EF222054BC57, cid=3074, SUCCESS, logIndex=4339, commits[cb20f782-9136-4144-a2ef-e44461d35697:c4341]
2019-09-17 12:48:53,996 [grpc-default-executor-1] INFO  client.GrpcClientProtocolClient (GrpcClientProtocolClient.java:onNext(264)) - client-E41C008B94D2->cb20f782-9136-4144-a2ef-e44461d35697: receive RaftClientReply:client-E41C008B94D2->cb20f782-9136-4144-a2ef-e44461d35697@group-EF222054BC57, cid=3075, SUCCESS, logIndex=4340, commits[cb20f782-9136-4144-a2ef-e44461d35697:c4342]
2019-09-17 12:48:53,996 [grpc-default-executor-1] INFO  client.GrpcClientProtocolClient (GrpcClientProtocolClient.java:onNext(264)) - client-E41C008B94D2->cb20f782-9136-4144-a2ef-e44461d35697: receive RaftClientReply:client-E41C008B94D2->cb20f782-9136-4144-a2ef-e44461d35697@group-EF222054BC57, cid=3076, SUCCESS, logIndex=4341, commits[cb20f782-9136-4144-a2ef-e44461d35697:c4342]
2019-09-17 12:48:54,001 [SCMBlockDeletingService#0] DEBUG block.SCMBlockDeletingService (SCMBlockDeletingService.java:call(138)) - Running DeletedBlockTransactionScanner
2019-09-17 12:48:54,001 [SCMBlockDeletingService#0] DEBUG block.SCMBlockDeletingService (SCMBlockDeletingService.java:call(155)) - Scanned deleted blocks log and got 0 delTX to process.
2019-09-17 12:48:54,012 [grpc-default-executor-1] INFO  client.GrpcClientProtocolClient (GrpcClientProtocolClient.java:onNext(264)) - client-E41C008B94D2->cb20f782-9136-4144-a2ef-e44461d35697: receive RaftClientReply:client-E41C008B94D2->cb20f782-9136-4144-a2ef-e44461d35697@group-EF222054BC57, cid=3077, SUCCESS, logIndex=4344, commits[cb20f782-9136-4144-a2ef-e44461d35697:c4345]
2019-09-17 12:48:54,012 [grpc-default-executor-1] INFO  client.GrpcClientProtocolClient (GrpcClientProtocolClient.java:onNext(264)) - client-E41C008B94D2->cb20f782-9136-4144-a2ef-e44461d35697: receive RaftClientReply:client-E41C008B94D2->cb20f782-9136-4144-a2ef-e44461d35697@group-EF222054BC57, cid=3078, SUCCESS, logIndex=4345, commits[cb20f782-9136-4144-a2ef-e44461d35697:c4347]
2019-09-17 12:48:54,013 [grpc-default-executor-1] INFO  client.GrpcClientProtocolClient (GrpcClientProtocolClient.java:onNext(264)) - client-E41C008B94D2->cb20f782-9136-4144-a2ef-e44461d35697: receive RaftClientReply:client-E41C008B94D2->cb20f782-9136-4144-a2ef-e44461d35697@group-EF222054BC57, cid=3079, SUCCESS, logIndex=4346, commits[cb20f782-9136-4144-a2ef-e44461d35697:c4348]
2019-09-17 12:48:54,013 [grpc-default-executor-1] INFO  client.GrpcClientProtocolClient (GrpcClientProtocolClient.java:onNext(264)) - client-E41C008B94D2->cb20f782-9136-4144-a2ef-e44461d35697: receive RaftClientReply:client-E41C008B94D2->cb20f782-9136-4144-a2ef-e44461d35697@group-EF222054BC57, cid=3080, SUCCESS, logIndex=4347, commits[cb20f782-9136-4144-a2ef-e44461d35697:c4348]
2019-09-17 12:48:54,036 [grpc-default-executor-2] INFO  client.GrpcClientProtocolClient (GrpcClientProtocolClient.java:onNext(264)) - client-E41C008B94D2->cb20f782-9136-4144-a2ef-e44461d35697: receive RaftClientReply:client-E41C008B94D2->cb20f782-9136-4144-a2ef-e44461d35697@group-EF222054BC57, cid=3081, SUCCESS, logIndex=4350, commits[cb20f782-9136-4144-a2ef-e44461d35697:c4351]
2019-09-17 12:48:54,036 [grpc-default-executor-2] INFO  client.GrpcClientProtocolClient (GrpcClientProtocolClient.java:onNext(264)) - client-E41C008B94D2->cb20f782-9136-4144-a2ef-e44461d35697: receive RaftClientReply:client-E41C008B94D2->cb20f782-9136-4144-a2ef-e44461d35697@group-EF222054BC57, cid=3082, SUCCESS, logIndex=4351, commits[cb20f782-9136-4144-a2ef-e44461d35697:c4351]
2019-09-17 12:48:54,037 [grpc-default-executor-2] INFO  client.GrpcClientProtocolClient (GrpcClientProtocolClient.java:onNext(264)) - client-E41C008B94D2->cb20f782-9136-4144-a2ef-e44461d35697: receive RaftClientReply:client-E41C008B94D2->cb20f782-9136-4144-a2ef-e44461d35697@group-EF222054BC57, cid=3083, SUCCESS, logIndex=4352, commits[cb20f782-9136-4144-a2ef-e44461d35697:c4353]
2019-09-17 12:48:54,037 [grpc-default-executor-2] INFO  client.GrpcClientProtocolClient (GrpcClientProtocolClient.java:onNext(264)) - client-E41C008B94D2->cb20f782-9136-4144-a2ef-e44461d35697: receive RaftClientReply:client-E41C008B94D2->cb20f782-9136-4144-a2ef-e44461d35697@group-EF222054BC57, cid=3084, SUCCESS, logIndex=4353, commits[cb20f782-9136-4144-a2ef-e44461d35697:c4353]
2019-09-17 12:48:54,055 [grpc-default-executor-1] INFO  client.GrpcClientProtocolClient (GrpcClientProtocolClient.java:onNext(264)) - client-E41C008B94D2->cb20f782-9136-4144-a2ef-e44461d35697: receive RaftClientReply:client-E41C008B94D2->cb20f782-9136-4144-a2ef-e44461d35697@group-EF222054BC57, cid=3085, SUCCESS, logIndex=4356, commits[cb20f782-9136-4144-a2ef-e44461d35697:c4359]
2019-09-17 12:48:54,055 [grpc-default-executor-1] INFO  client.GrpcClientProtocolClient (GrpcClientProtocolClient.java:onNext(264)) - client-E41C008B94D2->cb20f782-9136-4144-a2ef-e44461d35697: receive RaftClientReply:client-E41C008B94D2->cb20f782-9136-4144-a2ef-e44461d35697@group-EF222054BC57, cid=3086, SUCCESS, logIndex=4357, commits[cb20f782-9136-4144-a2ef-e44461d35697:c4359]
2019-09-17 12:48:54,055 [grpc-default-executor-1] INFO  client.GrpcClientProtocolClient (GrpcClientProtocolClient.java:onNext(264)) - client-E41C008B94D2->cb20f782-9136-4144-a2ef-e44461d35697: receive RaftClientReply:client-E41C008B94D2->cb20f782-9136-4144-a2ef-e44461d35697@group-EF222054BC57, cid=3087, SUCCESS, logIndex=4358, commits[cb20f782-9136-4144-a2ef-e44461d35697:c4360]
2019-09-17 12:48:54,055 [grpc-default-executor-1] INFO  client.GrpcClientProtocolClient (GrpcClientProtocolClient.java:onNext(264)) - client-E41C008B94D2->cb20f782-9136-4144-a2ef-e44461d35697: receive RaftClientReply:client-E41C008B94D2->cb20f782-9136-4144-a2ef-e44461d35697@group-EF222054BC57, cid=3088, SUCCESS, logIndex=4359, commits[cb20f782-9136-4144-a2ef-e44461d35697:c4360]
2019-09-17 12:48:54,079 [grpc-default-executor-1] INFO  client.GrpcClientProtocolClient (GrpcClientProtocolClient.java:onNext(264)) - client-E41C008B94D2->cb20f782-9136-4144-a2ef-e44461d35697: receive RaftClientReply:client-E41C008B94D2->cb20f782-9136-4144-a2ef-e44461d35697@group-EF222054BC57, cid=3089, SUCCESS, logIndex=4361, commits[cb20f782-9136-4144-a2ef-e44461d35697:c4362]
2019-09-17 12:48:54,079 [grpc-default-executor-1] INFO  client.GrpcClientProtocolClient (GrpcClientProtocolClient.java:onNext(264)) - client-E41C008B94D2->cb20f782-9136-4144-a2ef-e44461d35697: receive RaftClientReply:client-E41C008B94D2->cb20f782-9136-4144-a2ef-e44461d35697@group-EF222054BC57, cid=3090, SUCCESS, logIndex=4362, commits[cb20f782-9136-4144-a2ef-e44461d35697:c4364]
2019-09-17 12:48:54,080 [grpc-default-executor-1] INFO  client.GrpcClientProtocolClient (GrpcClientProtocolClient.java:onNext(264)) - client-E41C008B94D2->cb20f782-9136-4144-a2ef-e44461d35697: receive RaftClientReply:client-E41C008B94D2->cb20f782-9136-4144-a2ef-e44461d35697@group-EF222054BC57, cid=3091, SUCCESS, logIndex=4363, commits[cb20f782-9136-4144-a2ef-e44461d35697:c4364]
2019-09-17 12:48:54,080 [grpc-default-executor-1] INFO  client.GrpcClientProtocolClient (GrpcClientProtocolClient.java:onNext(264)) - client-E41C008B94D2->cb20f782-9136-4144-a2ef-e44461d35697: receive RaftClientReply:client-E41C008B94D2->cb20f782-9136-4144-a2ef-e44461d35697@group-EF222054BC57, cid=3092, SUCCESS, logIndex=4364, commits[cb20f782-9136-4144-a2ef-e44461d35697:c4364]
2019-09-17 12:48:54,097 [grpc-default-executor-1] INFO  client.GrpcClientProtocolClient (GrpcClientProtocolClient.java:onNext(264)) - client-E41C008B94D2->cb20f782-9136-4144-a2ef-e44461d35697: receive RaftClientReply:client-E41C008B94D2->cb20f782-9136-4144-a2ef-e44461d35697@group-EF222054BC57, cid=3093, SUCCESS, logIndex=4367, commits[cb20f782-9136-4144-a2ef-e44461d35697:c4368]
2019-09-17 12:48:54,097 [grpc-default-executor-1] INFO  client.GrpcClientProtocolClient (GrpcClientProtocolClient.java:onNext(264)) - client-E41C008B94D2->cb20f782-9136-4144-a2ef-e44461d35697: receive RaftClientReply:client-E41C008B94D2->cb20f782-9136-4144-a2ef-e44461d35697@group-EF222054BC57, cid=3094, SUCCESS, logIndex=4368, commits[cb20f782-9136-4144-a2ef-e44461d35697:c4369]
2019-09-17 12:48:54,102 [SCMBlockDeletingService#0] DEBUG block.SCMBlockDeletingService (SCMBlockDeletingService.java:call(138)) - Running DeletedBlockTransactionScanner
2019-09-17 12:48:54,102 [SCMBlockDeletingService#0] DEBUG block.SCMBlockDeletingService (SCMBlockDeletingService.java:call(155)) - Scanned deleted blocks log and got 0 delTX to process.
2019-09-17 12:48:54,185 [grpc-default-executor-2] INFO  client.GrpcClientProtocolClient (GrpcClientProtocolClient.java:onNext(264)) - client-E41C008B94D2->cb20f782-9136-4144-a2ef-e44461d35697: receive RaftClientReply:client-E41C008B94D2->cb20f782-9136-4144-a2ef-e44461d35697@group-EF222054BC57, cid=3095, SUCCESS, logIndex=4370, commits[cb20f782-9136-4144-a2ef-e44461d35697:c4371]
2019-09-17 12:48:54,185 [grpc-default-executor-2] INFO  client.GrpcClientProtocolClient (GrpcClientProtocolClient.java:onNext(264)) - client-E41C008B94D2->cb20f782-9136-4144-a2ef-e44461d35697: receive RaftClientReply:client-E41C008B94D2->cb20f782-9136-4144-a2ef-e44461d35697@group-EF222054BC57, cid=3096, SUCCESS, logIndex=4371, commits[cb20f782-9136-4144-a2ef-e44461d35697:c4372]
2019-09-17 12:48:54,202 [SCMBlockDeletingService#0] DEBUG block.SCMBlockDeletingService (SCMBlockDeletingService.java:call(138)) - Running DeletedBlockTransactionScanner
2019-09-17 12:48:54,202 [SCMBlockDeletingService#0] DEBUG block.SCMBlockDeletingService (SCMBlockDeletingService.java:call(155)) - Scanned deleted blocks log and got 0 delTX to process.
2019-09-17 12:48:54,211 [grpc-default-executor-2] INFO  client.GrpcClientProtocolClient (GrpcClientProtocolClient.java:onNext(264)) - client-E41C008B94D2->cb20f782-9136-4144-a2ef-e44461d35697: receive RaftClientReply:client-E41C008B94D2->cb20f782-9136-4144-a2ef-e44461d35697@group-EF222054BC57, cid=3097, SUCCESS, logIndex=4373, commits[cb20f782-9136-4144-a2ef-e44461d35697:c4374]
2019-09-17 12:48:54,212 [grpc-default-executor-2] INFO  client.GrpcClientProtocolClient (GrpcClientProtocolClient.java:onNext(264)) - client-E41C008B94D2->cb20f782-9136-4144-a2ef-e44461d35697: receive RaftClientReply:client-E41C008B94D2->cb20f782-9136-4144-a2ef-e44461d35697@group-EF222054BC57, cid=3098, SUCCESS, logIndex=4374, commits[cb20f782-9136-4144-a2ef-e44461d35697:c4376]
2019-09-17 12:48:54,212 [grpc-default-executor-2] INFO  client.GrpcClientProtocolClient (GrpcClientProtocolClient.java:onNext(264)) - client-E41C008B94D2->cb20f782-9136-4144-a2ef-e44461d35697: receive RaftClientReply:client-E41C008B94D2->cb20f782-9136-4144-a2ef-e44461d35697@group-EF222054BC57, cid=3099, SUCCESS, logIndex=4375, commits[cb20f782-9136-4144-a2ef-e44461d35697:c4376]
2019-09-17 12:48:54,212 [grpc-default-executor-2] INFO  client.GrpcClientProtocolClient (GrpcClientProtocolClient.java:onNext(264)) - client-E41C008B94D2->cb20f782-9136-4144-a2ef-e44461d35697: receive RaftClientReply:client-E41C008B94D2->cb20f782-9136-4144-a2ef-e44461d35697@group-EF222054BC57, cid=3100, SUCCESS, logIndex=4376, commits[cb20f782-9136-4144-a2ef-e44461d35697:c4377]
2019-09-17 12:48:54,245 [grpc-default-executor-2] INFO  client.GrpcClientProtocolClient (GrpcClientProtocolClient.java:onNext(264)) - client-E41C008B94D2->cb20f782-9136-4144-a2ef-e44461d35697: receive RaftClientReply:client-E41C008B94D2->cb20f782-9136-4144-a2ef-e44461d35697@group-EF222054BC57, cid=3101, SUCCESS, logIndex=4379, commits[cb20f782-9136-4144-a2ef-e44461d35697:c4380]
2019-09-17 12:48:54,245 [grpc-default-executor-2] INFO  client.GrpcClientProtocolClient (GrpcClientProtocolClient.java:onNext(264)) - client-E41C008B94D2->cb20f782-9136-4144-a2ef-e44461d35697: receive RaftClientReply:client-E41C008B94D2->cb20f782-9136-4144-a2ef-e44461d35697@group-EF222054BC57, cid=3102, SUCCESS, logIndex=4380, commits[cb20f782-9136-4144-a2ef-e44461d35697:c4382]
2019-09-17 12:48:54,246 [grpc-default-executor-2] INFO  client.GrpcClientProtocolClient (GrpcClientProtocolClient.java:onNext(264)) - client-E41C008B94D2->cb20f782-9136-4144-a2ef-e44461d35697: receive RaftClientReply:client-E41C008B94D2->cb20f782-9136-4144-a2ef-e44461d35697@group-EF222054BC57, cid=3103, SUCCESS, logIndex=4381, commits[cb20f782-9136-4144-a2ef-e44461d35697:c4382]
2019-09-17 12:48:54,246 [grpc-default-executor-2] INFO  client.GrpcClientProtocolClient (GrpcClientProtocolClient.java:onNext(264)) - client-E41C008B94D2->cb20f782-9136-4144-a2ef-e44461d35697: receive RaftClientReply:client-E41C008B94D2->cb20f782-9136-4144-a2ef-e44461d35697@group-EF222054BC57, cid=3104, SUCCESS, logIndex=4382, commits[cb20f782-9136-4144-a2ef-e44461d35697:c4383]
2019-09-17 12:48:54,271 [grpc-default-executor-2] INFO  client.GrpcClientProtocolClient (GrpcClientProtocolClient.java:onNext(264)) - client-E41C008B94D2->cb20f782-9136-4144-a2ef-e44461d35697: receive RaftClientReply:client-E41C008B94D2->cb20f782-9136-4144-a2ef-e44461d35697@group-EF222054BC57, cid=3105, SUCCESS, logIndex=4385, commits[cb20f782-9136-4144-a2ef-e44461d35697:c4386]
2019-09-17 12:48:54,272 [grpc-default-executor-2] INFO  client.GrpcClientProtocolClient (GrpcClientProtocolClient.java:onNext(264)) - client-E41C008B94D2->cb20f782-9136-4144-a2ef-e44461d35697: receive RaftClientReply:client-E41C008B94D2->cb20f782-9136-4144-a2ef-e44461d35697@group-EF222054BC57, cid=3106, SUCCESS, logIndex=4386, commits[cb20f782-9136-4144-a2ef-e44461d35697:c4388]
2019-09-17 12:48:54,272 [grpc-default-executor-2] INFO  client.GrpcClientProtocolClient (GrpcClientProtocolClient.java:onNext(264)) - client-E41C008B94D2->cb20f782-9136-4144-a2ef-e44461d35697: receive RaftClientReply:client-E41C008B94D2->cb20f782-9136-4144-a2ef-e44461d35697@group-EF222054BC57, cid=3107, SUCCESS, logIndex=4387, commits[cb20f782-9136-4144-a2ef-e44461d35697:c4388]
2019-09-17 12:48:54,272 [grpc-default-executor-2] INFO  client.GrpcClientProtocolClient (GrpcClientProtocolClient.java:onNext(264)) - client-E41C008B94D2->cb20f782-9136-4144-a2ef-e44461d35697: receive RaftClientReply:client-E41C008B94D2->cb20f782-9136-4144-a2ef-e44461d35697@group-EF222054BC57, cid=3108, SUCCESS, logIndex=4388, commits[cb20f782-9136-4144-a2ef-e44461d35697:c4388]
2019-09-17 12:48:54,290 [grpc-default-executor-1] INFO  client.GrpcClientProtocolClient (GrpcClientProtocolClient.java:onNext(264)) - client-E41C008B94D2->cb20f782-9136-4144-a2ef-e44461d35697: receive RaftClientReply:client-E41C008B94D2->cb20f782-9136-4144-a2ef-e44461d35697@group-EF222054BC57, cid=3109, SUCCESS, logIndex=4391, commits[cb20f782-9136-4144-a2ef-e44461d35697:c4394]
2019-09-17 12:48:54,290 [grpc-default-executor-1] INFO  client.GrpcClientProtocolClient (GrpcClientProtocolClient.java:onNext(264)) - client-E41C008B94D2->cb20f782-9136-4144-a2ef-e44461d35697: receive RaftClientReply:client-E41C008B94D2->cb20f782-9136-4144-a2ef-e44461d35697@group-EF222054BC57, cid=3110, SUCCESS, logIndex=4392, commits[cb20f782-9136-4144-a2ef-e44461d35697:c4395]
2019-09-17 12:48:54,291 [grpc-default-executor-1] INFO  client.GrpcClientProtocolClient (GrpcClientProtocolClient.java:onNext(264)) - client-E41C008B94D2->cb20f782-9136-4144-a2ef-e44461d35697: receive RaftClientReply:client-E41C008B94D2->cb20f782-9136-4144-a2ef-e44461d35697@group-EF222054BC57, cid=3111, SUCCESS, logIndex=4393, commits[cb20f782-9136-4144-a2ef-e44461d35697:c4395]
2019-09-17 12:48:54,291 [grpc-default-executor-1] INFO  client.GrpcClientProtocolClient (GrpcClientProtocolClient.java:onNext(264)) - client-E41C008B94D2->cb20f782-9136-4144-a2ef-e44461d35697: receive RaftClientReply:client-E41C008B94D2->cb20f782-9136-4144-a2ef-e44461d35697@group-EF222054BC57, cid=3112, SUCCESS, logIndex=4394, commits[cb20f782-9136-4144-a2ef-e44461d35697:c4395]
2019-09-17 12:48:54,303 [SCMBlockDeletingService#0] DEBUG block.SCMBlockDeletingService (SCMBlockDeletingService.java:call(138)) - Running DeletedBlockTransactionScanner
2019-09-17 12:48:54,303 [SCMBlockDeletingService#0] DEBUG block.SCMBlockDeletingService (SCMBlockDeletingService.java:call(155)) - Scanned deleted blocks log and got 0 delTX to process.
2019-09-17 12:48:54,331 [grpc-default-executor-2] INFO  client.GrpcClientProtocolClient (GrpcClientProtocolClient.java:onNext(264)) - client-E41C008B94D2->cb20f782-9136-4144-a2ef-e44461d35697: receive RaftClientReply:client-E41C008B94D2->cb20f782-9136-4144-a2ef-e44461d35697@group-EF222054BC57, cid=3113, SUCCESS, logIndex=4396, commits[cb20f782-9136-4144-a2ef-e44461d35697:c4399]
2019-09-17 12:48:54,332 [grpc-default-executor-2] INFO  client.GrpcClientProtocolClient (GrpcClientProtocolClient.java:onNext(264)) - client-E41C008B94D2->cb20f782-9136-4144-a2ef-e44461d35697: receive RaftClientReply:client-E41C008B94D2->cb20f782-9136-4144-a2ef-e44461d35697@group-EF222054BC57, cid=3114, SUCCESS, logIndex=4397, commits[cb20f782-9136-4144-a2ef-e44461d35697:c4399]
2019-09-17 12:48:54,332 [grpc-default-executor-2] INFO  client.GrpcClientProtocolClient (GrpcClientProtocolClient.java:onNext(264)) - client-E41C008B94D2->cb20f782-9136-4144-a2ef-e44461d35697: receive RaftClientReply:client-E41C008B94D2->cb20f782-9136-4144-a2ef-e44461d35697@group-EF222054BC57, cid=3115, SUCCESS, logIndex=4398, commits[cb20f782-9136-4144-a2ef-e44461d35697:c4399]
2019-09-17 12:48:54,332 [grpc-default-executor-2] INFO  client.GrpcClientProtocolClient (GrpcClientProtocolClient.java:onNext(264)) - client-E41C008B94D2->cb20f782-9136-4144-a2ef-e44461d35697: receive RaftClientReply:client-E41C008B94D2->cb20f782-9136-4144-a2ef-e44461d35697@group-EF222054BC57, cid=3116, SUCCESS, logIndex=4399, commits[cb20f782-9136-4144-a2ef-e44461d35697:c4399]
2019-09-17 12:48:54,343 [grpc-default-executor-2] INFO  client.GrpcClientProtocolClient (GrpcClientProtocolClient.java:onNext(264)) - client-E41C008B94D2->cb20f782-9136-4144-a2ef-e44461d35697: receive RaftClientReply:client-E41C008B94D2->cb20f782-9136-4144-a2ef-e44461d35697@group-EF222054BC57, cid=3117, SUCCESS, logIndex=4401, commits[cb20f782-9136-4144-a2ef-e44461d35697:c4404]
2019-09-17 12:48:54,343 [grpc-default-executor-2] INFO  client.GrpcClientProtocolClient (GrpcClientProtocolClient.java:onNext(264)) - client-E41C008B94D2->cb20f782-9136-4144-a2ef-e44461d35697: receive RaftClientReply:client-E41C008B94D2->cb20f782-9136-4144-a2ef-e44461d35697@group-EF222054BC57, cid=3118, SUCCESS, logIndex=4402, commits[cb20f782-9136-4144-a2ef-e44461d35697:c4405]
2019-09-17 12:48:54,344 [grpc-default-executor-2] INFO  client.GrpcClientProtocolClient (GrpcClientProtocolClient.java:onNext(264)) - client-E41C008B94D2->cb20f782-9136-4144-a2ef-e44461d35697: receive RaftClientReply:client-E41C008B94D2->cb20f782-9136-4144-a2ef-e44461d35697@group-EF222054BC57, cid=3119, SUCCESS, logIndex=4403, commits[cb20f782-9136-4144-a2ef-e44461d35697:c4405]
2019-09-17 12:48:54,344 [grpc-default-executor-2] INFO  client.GrpcClientProtocolClient (GrpcClientProtocolClient.java:onNext(264)) - client-E41C008B94D2->cb20f782-9136-4144-a2ef-e44461d35697: receive RaftClientReply:client-E41C008B94D2->cb20f782-9136-4144-a2ef-e44461d35697@group-EF222054BC57, cid=3120, SUCCESS, logIndex=4404, commits[cb20f782-9136-4144-a2ef-e44461d35697:c4405]
2019-09-17 12:48:54,370 [grpc-default-executor-2] INFO  client.GrpcClientProtocolClient (GrpcClientProtocolClient.java:onNext(264)) - client-E41C008B94D2->cb20f782-9136-4144-a2ef-e44461d35697: receive RaftClientReply:client-E41C008B94D2->cb20f782-9136-4144-a2ef-e44461d35697@group-EF222054BC57, cid=3121, SUCCESS, logIndex=4406, commits[cb20f782-9136-4144-a2ef-e44461d35697:c4409]
2019-09-17 12:48:54,371 [grpc-default-executor-2] INFO  client.GrpcClientProtocolClient (GrpcClientProtocolClient.java:onNext(264)) - client-E41C008B94D2->cb20f782-9136-4144-a2ef-e44461d35697: receive RaftClientReply:client-E41C008B94D2->cb20f782-9136-4144-a2ef-e44461d35697@group-EF222054BC57, cid=3122, SUCCESS, logIndex=4407, commits[cb20f782-9136-4144-a2ef-e44461d35697:c4409]
2019-09-17 12:48:54,371 [grpc-default-executor-2] INFO  client.GrpcClientProtocolClient (GrpcClientProtocolClient.java:onNext(264)) - client-E41C008B94D2->cb20f782-9136-4144-a2ef-e44461d35697: receive RaftClientReply:client-E41C008B94D2->cb20f782-9136-4144-a2ef-e44461d35697@group-EF222054BC57, cid=3123, SUCCESS, logIndex=4408, commits[cb20f782-9136-4144-a2ef-e44461d35697:c4410]
2019-09-17 12:48:54,371 [grpc-default-executor-2] INFO  client.GrpcClientProtocolClient (GrpcClientProtocolClient.java:onNext(264)) - client-E41C008B94D2->cb20f782-9136-4144-a2ef-e44461d35697: receive RaftClientReply:client-E41C008B94D2->cb20f782-9136-4144-a2ef-e44461d35697@group-EF222054BC57, cid=3124, SUCCESS, logIndex=4409, commits[cb20f782-9136-4144-a2ef-e44461d35697:c4410]
2019-09-17 12:48:54,389 [grpc-default-executor-2] INFO  client.GrpcClientProtocolClient (GrpcClientProtocolClient.java:onNext(264)) - client-E41C008B94D2->cb20f782-9136-4144-a2ef-e44461d35697: receive RaftClientReply:client-E41C008B94D2->cb20f782-9136-4144-a2ef-e44461d35697@group-EF222054BC57, cid=3125, SUCCESS, logIndex=4411, commits[cb20f782-9136-4144-a2ef-e44461d35697:c4414]
2019-09-17 12:48:54,389 [grpc-default-executor-2] INFO  client.GrpcClientProtocolClient (GrpcClientProtocolClient.java:onNext(264)) - client-E41C008B94D2->cb20f782-9136-4144-a2ef-e44461d35697: receive RaftClientReply:client-E41C008B94D2->cb20f782-9136-4144-a2ef-e44461d35697@group-EF222054BC57, cid=3126, SUCCESS, logIndex=4412, commits[cb20f782-9136-4144-a2ef-e44461d35697:c4414]
2019-09-17 12:48:54,389 [grpc-default-executor-2] INFO  client.GrpcClientProtocolClient (GrpcClientProtocolClient.java:onNext(264)) - client-E41C008B94D2->cb20f782-9136-4144-a2ef-e44461d35697: receive RaftClientReply:client-E41C008B94D2->cb20f782-9136-4144-a2ef-e44461d35697@group-EF222054BC57, cid=3127, SUCCESS, logIndex=4413, commits[cb20f782-9136-4144-a2ef-e44461d35697:c4415]
2019-09-17 12:48:54,390 [grpc-default-executor-2] INFO  client.GrpcClientProtocolClient (GrpcClientProtocolClient.java:onNext(264)) - client-E41C008B94D2->cb20f782-9136-4144-a2ef-e44461d35697: receive RaftClientReply:client-E41C008B94D2->cb20f782-9136-4144-a2ef-e44461d35697@group-EF222054BC57, cid=3128, SUCCESS, logIndex=4414, commits[cb20f782-9136-4144-a2ef-e44461d35697:c4415]
2019-09-17 12:48:54,485 [SCMBlockDeletingService#0] DEBUG block.SCMBlockDeletingService (SCMBlockDeletingService.java:call(138)) - Running DeletedBlockTransactionScanner
2019-09-17 12:48:54,486 [SCMBlockDeletingService#0] DEBUG block.SCMBlockDeletingService (SCMBlockDeletingService.java:call(155)) - Scanned deleted blocks log and got 0 delTX to process.
2019-09-17 12:48:54,500 [grpc-default-executor-1] INFO  client.GrpcClientProtocolClient (GrpcClientProtocolClient.java:onNext(264)) - client-E41C008B94D2->cb20f782-9136-4144-a2ef-e44461d35697: receive RaftClientReply:client-E41C008B94D2->cb20f782-9136-4144-a2ef-e44461d35697@group-EF222054BC57, cid=3129, SUCCESS, logIndex=4416, commits[cb20f782-9136-4144-a2ef-e44461d35697:c4417]
2019-09-17 12:48:54,501 [grpc-default-executor-1] INFO  client.GrpcClientProtocolClient (GrpcClientProtocolClient.java:onNext(264)) - client-E41C008B94D2->cb20f782-9136-4144-a2ef-e44461d35697: receive RaftClientReply:client-E41C008B94D2->cb20f782-9136-4144-a2ef-e44461d35697@group-EF222054BC57, cid=3130, SUCCESS, logIndex=4417, commits[cb20f782-9136-4144-a2ef-e44461d35697:c4419]
2019-09-17 12:48:54,501 [grpc-default-executor-1] INFO  client.GrpcClientProtocolClient (GrpcClientProtocolClient.java:onNext(264)) - client-E41C008B94D2->cb20f782-9136-4144-a2ef-e44461d35697: receive RaftClientReply:client-E41C008B94D2->cb20f782-9136-4144-a2ef-e44461d35697@group-EF222054BC57, cid=3131, SUCCESS, logIndex=4418, commits[cb20f782-9136-4144-a2ef-e44461d35697:c4420]
2019-09-17 12:48:54,501 [grpc-default-executor-1] INFO  client.GrpcClientProtocolClient (GrpcClientProtocolClient.java:onNext(264)) - client-E41C008B94D2->cb20f782-9136-4144-a2ef-e44461d35697: receive RaftClientReply:client-E41C008B94D2->cb20f782-9136-4144-a2ef-e44461d35697@group-EF222054BC57, cid=3132, SUCCESS, logIndex=4419, commits[cb20f782-9136-4144-a2ef-e44461d35697:c4420]
2019-09-17 12:48:54,529 [grpc-default-executor-1] INFO  client.GrpcClientProtocolClient (GrpcClientProtocolClient.java:onNext(264)) - client-E41C008B94D2->cb20f782-9136-4144-a2ef-e44461d35697: receive RaftClientReply:client-E41C008B94D2->cb20f782-9136-4144-a2ef-e44461d35697@group-EF222054BC57, cid=3133, SUCCESS, logIndex=4422, commits[cb20f782-9136-4144-a2ef-e44461d35697:c4423]
2019-09-17 12:48:54,529 [grpc-default-executor-1] INFO  client.GrpcClientProtocolClient (GrpcClientProtocolClient.java:onNext(264)) - client-E41C008B94D2->cb20f782-9136-4144-a2ef-e44461d35697: receive RaftClientReply:client-E41C008B94D2->cb20f782-9136-4144-a2ef-e44461d35697@group-EF222054BC57, cid=3134, SUCCESS, logIndex=4423, commits[cb20f782-9136-4144-a2ef-e44461d35697:c4425]
2019-09-17 12:48:54,530 [grpc-default-executor-1] INFO  client.GrpcClientProtocolClient (GrpcClientProtocolClient.java:onNext(264)) - client-E41C008B94D2->cb20f782-9136-4144-a2ef-e44461d35697: receive RaftClientReply:client-E41C008B94D2->cb20f782-9136-4144-a2ef-e44461d35697@group-EF222054BC57, cid=3135, SUCCESS, logIndex=4424, commits[cb20f782-9136-4144-a2ef-e44461d35697:c4426]
2019-09-17 12:48:54,530 [grpc-default-executor-1] INFO  client.GrpcClientProtocolClient (GrpcClientProtocolClient.java:onNext(264)) - client-E41C008B94D2->cb20f782-9136-4144-a2ef-e44461d35697: receive RaftClientReply:client-E41C008B94D2->cb20f782-9136-4144-a2ef-e44461d35697@group-EF222054BC57, cid=3136, SUCCESS, logIndex=4425, commits[cb20f782-9136-4144-a2ef-e44461d35697:c4426]
2019-09-17 12:48:54,557 [grpc-default-executor-2] INFO  client.GrpcClientProtocolClient (GrpcClientProtocolClient.java:onNext(264)) - client-E41C008B94D2->cb20f782-9136-4144-a2ef-e44461d35697: receive RaftClientReply:client-E41C008B94D2->cb20f782-9136-4144-a2ef-e44461d35697@group-EF222054BC57, cid=3137, SUCCESS, logIndex=4428, commits[cb20f782-9136-4144-a2ef-e44461d35697:c4429]
2019-09-17 12:48:54,558 [grpc-default-executor-2] INFO  client.GrpcClientProtocolClient (GrpcClientProtocolClient.java:onNext(264)) - client-E41C008B94D2->cb20f782-9136-4144-a2ef-e44461d35697: receive RaftClientReply:client-E41C008B94D2->cb20f782-9136-4144-a2ef-e44461d35697@group-EF222054BC57, cid=3138, SUCCESS, logIndex=4429, commits[cb20f782-9136-4144-a2ef-e44461d35697:c4430]
2019-09-17 12:48:54,586 [SCMBlockDeletingService#0] DEBUG block.SCMBlockDeletingService (SCMBlockDeletingService.java:call(138)) - Running DeletedBlockTransactionScanner
2019-09-17 12:48:54,586 [SCMBlockDeletingService#0] DEBUG block.SCMBlockDeletingService (SCMBlockDeletingService.java:call(155)) - Scanned deleted blocks log and got 0 delTX to process.
2019-09-17 12:48:54,647 [grpc-default-executor-1] INFO  client.GrpcClientProtocolClient (GrpcClientProtocolClient.java:onNext(264)) - client-E41C008B94D2->cb20f782-9136-4144-a2ef-e44461d35697: receive RaftClientReply:client-E41C008B94D2->cb20f782-9136-4144-a2ef-e44461d35697@group-EF222054BC57, cid=3139, SUCCESS, logIndex=4431, commits[cb20f782-9136-4144-a2ef-e44461d35697:c4432]
2019-09-17 12:48:54,647 [grpc-default-executor-1] INFO  client.GrpcClientProtocolClient (GrpcClientProtocolClient.java:onNext(264)) - client-E41C008B94D2->cb20f782-9136-4144-a2ef-e44461d35697: receive RaftClientReply:client-E41C008B94D2->cb20f782-9136-4144-a2ef-e44461d35697@group-EF222054BC57, cid=3140, SUCCESS, logIndex=4432, commits[cb20f782-9136-4144-a2ef-e44461d35697:c4432]
2019-09-17 12:48:54,667 [grpc-default-executor-1] INFO  client.GrpcClientProtocolClient (GrpcClientProtocolClient.java:onNext(264)) - client-E41C008B94D2->cb20f782-9136-4144-a2ef-e44461d35697: receive RaftClientReply:client-E41C008B94D2->cb20f782-9136-4144-a2ef-e44461d35697@group-EF222054BC57, cid=3141, SUCCESS, logIndex=4434, commits[cb20f782-9136-4144-a2ef-e44461d35697:c4437]
2019-09-17 12:48:54,667 [grpc-default-executor-1] INFO  client.GrpcClientProtocolClient (GrpcClientProtocolClient.java:onNext(264)) - client-E41C008B94D2->cb20f782-9136-4144-a2ef-e44461d35697: receive RaftClientReply:client-E41C008B94D2->cb20f782-9136-4144-a2ef-e44461d35697@group-EF222054BC57, cid=3142, SUCCESS, logIndex=4435, commits[cb20f782-9136-4144-a2ef-e44461d35697:c4438]
2019-09-17 12:48:54,667 [grpc-default-executor-1] INFO  client.GrpcClientProtocolClient (GrpcClientProtocolClient.java:onNext(264)) - client-E41C008B94D2->cb20f782-9136-4144-a2ef-e44461d35697: receive RaftClientReply:client-E41C008B94D2->cb20f782-9136-4144-a2ef-e44461d35697@group-EF222054BC57, cid=3143, SUCCESS, logIndex=4436, commits[cb20f782-9136-4144-a2ef-e44461d35697:c4438]
2019-09-17 12:48:54,668 [grpc-default-executor-1] INFO  client.GrpcClientProtocolClient (GrpcClientProtocolClient.java:onNext(264)) - client-E41C008B94D2->cb20f782-9136-4144-a2ef-e44461d35697: receive RaftClientReply:client-E41C008B94D2->cb20f782-9136-4144-a2ef-e44461d35697@group-EF222054BC57, cid=3144, SUCCESS, logIndex=4437, commits[cb20f782-9136-4144-a2ef-e44461d35697:c4438]
2019-09-17 12:48:54,687 [SCMBlockDeletingService#0] DEBUG block.SCMBlockDeletingService (SCMBlockDeletingService.java:call(138)) - Running DeletedBlockTransactionScanner
2019-09-17 12:48:54,687 [SCMBlockDeletingService#0] DEBUG block.SCMBlockDeletingService (SCMBlockDeletingService.java:call(155)) - Scanned deleted blocks log and got 0 delTX to process.
2019-09-17 12:48:54,695 [grpc-default-executor-1] INFO  client.GrpcClientProtocolClient (GrpcClientProtocolClient.java:onNext(264)) - client-E41C008B94D2->cb20f782-9136-4144-a2ef-e44461d35697: receive RaftClientReply:client-E41C008B94D2->cb20f782-9136-4144-a2ef-e44461d35697@group-EF222054BC57, cid=3145, SUCCESS, logIndex=4439, commits[cb20f782-9136-4144-a2ef-e44461d35697:c4442]
2019-09-17 12:48:54,696 [grpc-default-executor-1] INFO  client.GrpcClientProtocolClient (GrpcClientProtocolClient.java:onNext(264)) - client-E41C008B94D2->cb20f782-9136-4144-a2ef-e44461d35697: receive RaftClientReply:client-E41C008B94D2->cb20f782-9136-4144-a2ef-e44461d35697@group-EF222054BC57, cid=3146, SUCCESS, logIndex=4440, commits[cb20f782-9136-4144-a2ef-e44461d35697:c4442]
2019-09-17 12:48:54,696 [grpc-default-executor-1] INFO  client.GrpcClientProtocolClient (GrpcClientProtocolClient.java:onNext(264)) - client-E41C008B94D2->cb20f782-9136-4144-a2ef-e44461d35697: receive RaftClientReply:client-E41C008B94D2->cb20f782-9136-4144-a2ef-e44461d35697@group-EF222054BC57, cid=3147, SUCCESS, logIndex=4441, commits[cb20f782-9136-4144-a2ef-e44461d35697:c4443]
2019-09-17 12:48:54,696 [grpc-default-executor-1] INFO  client.GrpcClientProtocolClient (GrpcClientProtocolClient.java:onNext(264)) - client-E41C008B94D2->cb20f782-9136-4144-a2ef-e44461d35697: receive RaftClientReply:client-E41C008B94D2->cb20f782-9136-4144-a2ef-e44461d35697@group-EF222054BC57, cid=3148, SUCCESS, logIndex=4442, commits[cb20f782-9136-4144-a2ef-e44461d35697:c4443]
2019-09-17 12:48:54,714 [grpc-default-executor-2] INFO  client.GrpcClientProtocolClient (GrpcClientProtocolClient.java:onNext(264)) - client-E41C008B94D2->cb20f782-9136-4144-a2ef-e44461d35697: receive RaftClientReply:client-E41C008B94D2->cb20f782-9136-4144-a2ef-e44461d35697@group-EF222054BC57, cid=3149, SUCCESS, logIndex=4444, commits[cb20f782-9136-4144-a2ef-e44461d35697:c4445]
2019-09-17 12:48:54,714 [grpc-default-executor-2] INFO  client.GrpcClientProtocolClient (GrpcClientProtocolClient.java:onNext(264)) - client-E41C008B94D2->cb20f782-9136-4144-a2ef-e44461d35697: receive RaftClientReply:client-E41C008B94D2->cb20f782-9136-4144-a2ef-e44461d35697@group-EF222054BC57, cid=3150, SUCCESS, logIndex=4445, commits[cb20f782-9136-4144-a2ef-e44461d35697:c4447]
2019-09-17 12:48:54,715 [grpc-default-executor-2] INFO  client.GrpcClientProtocolClient (GrpcClientProtocolClient.java:onNext(264)) - client-E41C008B94D2->cb20f782-9136-4144-a2ef-e44461d35697: receive RaftClientReply:client-E41C008B94D2->cb20f782-9136-4144-a2ef-e44461d35697@group-EF222054BC57, cid=3151, SUCCESS, logIndex=4446, commits[cb20f782-9136-4144-a2ef-e44461d35697:c4447]
2019-09-17 12:48:54,715 [grpc-default-executor-2] INFO  client.GrpcClientProtocolClient (GrpcClientProtocolClient.java:onNext(264)) - client-E41C008B94D2->cb20f782-9136-4144-a2ef-e44461d35697: receive RaftClientReply:client-E41C008B94D2->cb20f782-9136-4144-a2ef-e44461d35697@group-EF222054BC57, cid=3152, SUCCESS, logIndex=4447, commits[cb20f782-9136-4144-a2ef-e44461d35697:c4447]
2019-09-17 12:48:54,744 [grpc-default-executor-2] INFO  client.GrpcClientProtocolClient (GrpcClientProtocolClient.java:onNext(264)) - client-E41C008B94D2->cb20f782-9136-4144-a2ef-e44461d35697: receive RaftClientReply:client-E41C008B94D2->cb20f782-9136-4144-a2ef-e44461d35697@group-EF222054BC57, cid=3153, SUCCESS, logIndex=4450, commits[cb20f782-9136-4144-a2ef-e44461d35697:c4451]
2019-09-17 12:48:54,745 [grpc-default-executor-2] INFO  client.GrpcClientProtocolClient (GrpcClientProtocolClient.java:onNext(264)) - client-E41C008B94D2->cb20f782-9136-4144-a2ef-e44461d35697: receive RaftClientReply:client-E41C008B94D2->cb20f782-9136-4144-a2ef-e44461d35697@group-EF222054BC57, cid=3154, SUCCESS, logIndex=4451, commits[cb20f782-9136-4144-a2ef-e44461d35697:c4453]
2019-09-17 12:48:54,745 [grpc-default-executor-2] INFO  client.GrpcClientProtocolClient (GrpcClientProtocolClient.java:onNext(264)) - client-E41C008B94D2->cb20f782-9136-4144-a2ef-e44461d35697: receive RaftClientReply:client-E41C008B94D2->cb20f782-9136-4144-a2ef-e44461d35697@group-EF222054BC57, cid=3155, SUCCESS, logIndex=4452, commits[cb20f782-9136-4144-a2ef-e44461d35697:c4454]
2019-09-17 12:48:54,745 [grpc-default-executor-2] INFO  client.GrpcClientProtocolClient (GrpcClientProtocolClient.java:onNext(264)) - client-E41C008B94D2->cb20f782-9136-4144-a2ef-e44461d35697: receive RaftClientReply:client-E41C008B94D2->cb20f782-9136-4144-a2ef-e44461d35697@group-EF222054BC57, cid=3156, SUCCESS, logIndex=4453, commits[cb20f782-9136-4144-a2ef-e44461d35697:c4454]
2019-09-17 12:48:54,762 [grpc-default-executor-2] INFO  client.GrpcClientProtocolClient (GrpcClientProtocolClient.java:onNext(264)) - client-E41C008B94D2->cb20f782-9136-4144-a2ef-e44461d35697: receive RaftClientReply:client-E41C008B94D2->cb20f782-9136-4144-a2ef-e44461d35697@group-EF222054BC57, cid=3157, SUCCESS, logIndex=4456, commits[cb20f782-9136-4144-a2ef-e44461d35697:c4457]
2019-09-17 12:48:54,762 [grpc-default-executor-2] INFO  client.GrpcClientProtocolClient (GrpcClientProtocolClient.java:onNext(264)) - client-E41C008B94D2->cb20f782-9136-4144-a2ef-e44461d35697: receive RaftClientReply:client-E41C008B94D2->cb20f782-9136-4144-a2ef-e44461d35697@group-EF222054BC57, cid=3158, SUCCESS, logIndex=4457, commits[cb20f782-9136-4144-a2ef-e44461d35697:c4457]
2019-09-17 12:48:54,764 [grpc-default-executor-2] INFO  client.GrpcClientProtocolClient (GrpcClientProtocolClient.java:onNext(264)) - client-E41C008B94D2->cb20f782-9136-4144-a2ef-e44461d35697: receive RaftClientReply:client-E41C008B94D2->cb20f782-9136-4144-a2ef-e44461d35697@group-EF222054BC57, cid=3159, SUCCESS, logIndex=4458, commits[cb20f782-9136-4144-a2ef-e44461d35697:c4459]
2019-09-17 12:48:54,764 [grpc-default-executor-2] INFO  client.GrpcClientProtocolClient (GrpcClientProtocolClient.java:onNext(264)) - client-E41C008B94D2->cb20f782-9136-4144-a2ef-e44461d35697: receive RaftClientReply:client-E41C008B94D2->cb20f782-9136-4144-a2ef-e44461d35697@group-EF222054BC57, cid=3160, SUCCESS, logIndex=4459, commits[cb20f782-9136-4144-a2ef-e44461d35697:c4459]
2019-09-17 12:48:54,787 [SCMBlockDeletingService#0] DEBUG block.SCMBlockDeletingService (SCMBlockDeletingService.java:call(138)) - Running DeletedBlockTransactionScanner
2019-09-17 12:48:54,787 [SCMBlockDeletingService#0] DEBUG block.SCMBlockDeletingService (SCMBlockDeletingService.java:call(155)) - Scanned deleted blocks log and got 0 delTX to process.
2019-09-17 12:48:54,790 [grpc-default-executor-2] INFO  client.GrpcClientProtocolClient (GrpcClientProtocolClient.java:onNext(264)) - client-E41C008B94D2->cb20f782-9136-4144-a2ef-e44461d35697: receive RaftClientReply:client-E41C008B94D2->cb20f782-9136-4144-a2ef-e44461d35697@group-EF222054BC57, cid=3161, SUCCESS, logIndex=4462, commits[cb20f782-9136-4144-a2ef-e44461d35697:c4465]
2019-09-17 12:48:54,790 [grpc-default-executor-2] INFO  client.GrpcClientProtocolClient (GrpcClientProtocolClient.java:onNext(264)) - client-E41C008B94D2->cb20f782-9136-4144-a2ef-e44461d35697: receive RaftClientReply:client-E41C008B94D2->cb20f782-9136-4144-a2ef-e44461d35697@group-EF222054BC57, cid=3162, SUCCESS, logIndex=4463, commits[cb20f782-9136-4144-a2ef-e44461d35697:c4465]
2019-09-17 12:48:54,791 [grpc-default-executor-2] INFO  client.GrpcClientProtocolClient (GrpcClientProtocolClient.java:onNext(264)) - client-E41C008B94D2->cb20f782-9136-4144-a2ef-e44461d35697: receive RaftClientReply:client-E41C008B94D2->cb20f782-9136-4144-a2ef-e44461d35697@group-EF222054BC57, cid=3163, SUCCESS, logIndex=4464, commits[cb20f782-9136-4144-a2ef-e44461d35697:c4465]
2019-09-17 12:48:54,791 [grpc-default-executor-2] INFO  client.GrpcClientProtocolClient (GrpcClientProtocolClient.java:onNext(264)) - client-E41C008B94D2->cb20f782-9136-4144-a2ef-e44461d35697: receive RaftClientReply:client-E41C008B94D2->cb20f782-9136-4144-a2ef-e44461d35697@group-EF222054BC57, cid=3164, SUCCESS, logIndex=4465, commits[cb20f782-9136-4144-a2ef-e44461d35697:c4466]
2019-09-17 12:48:54,820 [grpc-default-executor-2] INFO  client.GrpcClientProtocolClient (GrpcClientProtocolClient.java:onNext(264)) - client-E41C008B94D2->cb20f782-9136-4144-a2ef-e44461d35697: receive RaftClientReply:client-E41C008B94D2->cb20f782-9136-4144-a2ef-e44461d35697@group-EF222054BC57, cid=3165, SUCCESS, logIndex=4467, commits[cb20f782-9136-4144-a2ef-e44461d35697:c4470]
2019-09-17 12:48:54,821 [grpc-default-executor-2] INFO  client.GrpcClientProtocolClient (GrpcClientProtocolClient.java:onNext(264)) - client-E41C008B94D2->cb20f782-9136-4144-a2ef-e44461d35697: receive RaftClientReply:client-E41C008B94D2->cb20f782-9136-4144-a2ef-e44461d35697@group-EF222054BC57, cid=3166, SUCCESS, logIndex=4468, commits[cb20f782-9136-4144-a2ef-e44461d35697:c4470]
2019-09-17 12:48:54,821 [grpc-default-executor-2] INFO  client.GrpcClientProtocolClient (GrpcClientProtocolClient.java:onNext(264)) - client-E41C008B94D2->cb20f782-9136-4144-a2ef-e44461d35697: receive RaftClientReply:client-E41C008B94D2->cb20f782-9136-4144-a2ef-e44461d35697@group-EF222054BC57, cid=3167, SUCCESS, logIndex=4469, commits[cb20f782-9136-4144-a2ef-e44461d35697:c4471]
2019-09-17 12:48:54,821 [grpc-default-executor-2] INFO  client.GrpcClientProtocolClient (GrpcClientProtocolClient.java:onNext(264)) - client-E41C008B94D2->cb20f782-9136-4144-a2ef-e44461d35697: receive RaftClientReply:client-E41C008B94D2->cb20f782-9136-4144-a2ef-e44461d35697@group-EF222054BC57, cid=3168, SUCCESS, logIndex=4470, commits[cb20f782-9136-4144-a2ef-e44461d35697:c4471]
2019-09-17 12:48:54,849 [grpc-default-executor-2] INFO  client.GrpcClientProtocolClient (GrpcClientProtocolClient.java:onNext(264)) - client-E41C008B94D2->cb20f782-9136-4144-a2ef-e44461d35697: receive RaftClientReply:client-E41C008B94D2->cb20f782-9136-4144-a2ef-e44461d35697@group-EF222054BC57, cid=3169, SUCCESS, logIndex=4472, commits[cb20f782-9136-4144-a2ef-e44461d35697:c4473]
2019-09-17 12:48:54,850 [grpc-default-executor-2] INFO  client.GrpcClientProtocolClient (GrpcClientProtocolClient.java:onNext(264)) - client-E41C008B94D2->cb20f782-9136-4144-a2ef-e44461d35697: receive RaftClientReply:client-E41C008B94D2->cb20f782-9136-4144-a2ef-e44461d35697@group-EF222054BC57, cid=3170, SUCCESS, logIndex=4473, commits[cb20f782-9136-4144-a2ef-e44461d35697:c4475]
2019-09-17 12:48:54,850 [grpc-default-executor-2] INFO  client.GrpcClientProtocolClient (GrpcClientProtocolClient.java:onNext(264)) - client-E41C008B94D2->cb20f782-9136-4144-a2ef-e44461d35697: receive RaftClientReply:client-E41C008B94D2->cb20f782-9136-4144-a2ef-e44461d35697@group-EF222054BC57, cid=3171, SUCCESS, logIndex=4474, commits[cb20f782-9136-4144-a2ef-e44461d35697:c4476]
2019-09-17 12:48:54,850 [grpc-default-executor-2] INFO  client.GrpcClientProtocolClient (GrpcClientProtocolClient.java:onNext(264)) - client-E41C008B94D2->cb20f782-9136-4144-a2ef-e44461d35697: receive RaftClientReply:client-E41C008B94D2->cb20f782-9136-4144-a2ef-e44461d35697@group-EF222054BC57, cid=3172, SUCCESS, logIndex=4475, commits[cb20f782-9136-4144-a2ef-e44461d35697:c4476]
2019-09-17 12:48:54,883 [grpc-default-executor-2] INFO  client.GrpcClientProtocolClient (GrpcClientProtocolClient.java:onNext(264)) - client-E41C008B94D2->cb20f782-9136-4144-a2ef-e44461d35697: receive RaftClientReply:client-E41C008B94D2->cb20f782-9136-4144-a2ef-e44461d35697@group-EF222054BC57, cid=3173, SUCCESS, logIndex=4478, commits[cb20f782-9136-4144-a2ef-e44461d35697:c4479]
2019-09-17 12:48:54,884 [grpc-default-executor-2] INFO  client.GrpcClientProtocolClient (GrpcClientProtocolClient.java:onNext(264)) - client-E41C008B94D2->cb20f782-9136-4144-a2ef-e44461d35697: receive RaftClientReply:client-E41C008B94D2->cb20f782-9136-4144-a2ef-e44461d35697@group-EF222054BC57, cid=3174, SUCCESS, logIndex=4479, commits[cb20f782-9136-4144-a2ef-e44461d35697:c4479]
2019-09-17 12:48:54,888 [SCMBlockDeletingService#0] DEBUG block.SCMBlockDeletingService (SCMBlockDeletingService.java:call(138)) - Running DeletedBlockTransactionScanner
2019-09-17 12:48:54,888 [SCMBlockDeletingService#0] DEBUG block.SCMBlockDeletingService (SCMBlockDeletingService.java:call(155)) - Scanned deleted blocks log and got 0 delTX to process.
2019-09-17 12:48:54,893 [grpc-default-executor-2] INFO  client.GrpcClientProtocolClient (GrpcClientProtocolClient.java:onNext(264)) - client-E41C008B94D2->cb20f782-9136-4144-a2ef-e44461d35697: receive RaftClientReply:client-E41C008B94D2->cb20f782-9136-4144-a2ef-e44461d35697@group-EF222054BC57, cid=3175, SUCCESS, logIndex=4480, commits[cb20f782-9136-4144-a2ef-e44461d35697:c4481]
2019-09-17 12:48:54,894 [grpc-default-executor-2] INFO  client.GrpcClientProtocolClient (GrpcClientProtocolClient.java:onNext(264)) - client-E41C008B94D2->cb20f782-9136-4144-a2ef-e44461d35697: receive RaftClientReply:client-E41C008B94D2->cb20f782-9136-4144-a2ef-e44461d35697@group-EF222054BC57, cid=3176, SUCCESS, logIndex=4481, commits[cb20f782-9136-4144-a2ef-e44461d35697:c4482]
2019-09-17 12:48:54,923 [grpc-default-executor-2] INFO  client.GrpcClientProtocolClient (GrpcClientProtocolClient.java:onNext(264)) - client-E41C008B94D2->cb20f782-9136-4144-a2ef-e44461d35697: receive RaftClientReply:client-E41C008B94D2->cb20f782-9136-4144-a2ef-e44461d35697@group-EF222054BC57, cid=3177, SUCCESS, logIndex=4484, commits[cb20f782-9136-4144-a2ef-e44461d35697:c4487]
2019-09-17 12:48:54,924 [grpc-default-executor-2] INFO  client.GrpcClientProtocolClient (GrpcClientProtocolClient.java:onNext(264)) - client-E41C008B94D2->cb20f782-9136-4144-a2ef-e44461d35697: receive RaftClientReply:client-E41C008B94D2->cb20f782-9136-4144-a2ef-e44461d35697@group-EF222054BC57, cid=3178, SUCCESS, logIndex=4485, commits[cb20f782-9136-4144-a2ef-e44461d35697:c4487]
2019-09-17 12:48:54,924 [grpc-default-executor-2] INFO  client.GrpcClientProtocolClient (GrpcClientProtocolClient.java:onNext(264)) - client-E41C008B94D2->cb20f782-9136-4144-a2ef-e44461d35697: receive RaftClientReply:client-E41C008B94D2->cb20f782-9136-4144-a2ef-e44461d35697@group-EF222054BC57, cid=3179, SUCCESS, logIndex=4486, commits[cb20f782-9136-4144-a2ef-e44461d35697:c4488]
2019-09-17 12:48:54,924 [grpc-default-executor-2] INFO  client.GrpcClientProtocolClient (GrpcClientProtocolClient.java:onNext(264)) - client-E41C008B94D2->cb20f782-9136-4144-a2ef-e44461d35697: receive RaftClientReply:client-E41C008B94D2->cb20f782-9136-4144-a2ef-e44461d35697@group-EF222054BC57, cid=3180, SUCCESS, logIndex=4487, commits[cb20f782-9136-4144-a2ef-e44461d35697:c4488]
2019-09-17 12:48:54,942 [grpc-default-executor-2] INFO  client.GrpcClientProtocolClient (GrpcClientProtocolClient.java:onNext(264)) - client-E41C008B94D2->cb20f782-9136-4144-a2ef-e44461d35697: receive RaftClientReply:client-E41C008B94D2->cb20f782-9136-4144-a2ef-e44461d35697@group-EF222054BC57, cid=3181, SUCCESS, logIndex=4489, commits[cb20f782-9136-4144-a2ef-e44461d35697:c4490]
2019-09-17 12:48:54,943 [grpc-default-executor-2] INFO  client.GrpcClientProtocolClient (GrpcClientProtocolClient.java:onNext(264)) - client-E41C008B94D2->cb20f782-9136-4144-a2ef-e44461d35697: receive RaftClientReply:client-E41C008B94D2->cb20f782-9136-4144-a2ef-e44461d35697@group-EF222054BC57, cid=3182, SUCCESS, logIndex=4490, commits[cb20f782-9136-4144-a2ef-e44461d35697:c4491]
2019-09-17 12:48:54,988 [SCMBlockDeletingService#0] DEBUG block.SCMBlockDeletingService (SCMBlockDeletingService.java:call(138)) - Running DeletedBlockTransactionScanner
2019-09-17 12:48:54,988 [SCMBlockDeletingService#0] DEBUG block.SCMBlockDeletingService (SCMBlockDeletingService.java:call(155)) - Scanned deleted blocks log and got 0 delTX to process.
2019-09-17 12:48:55,043 [grpc-default-executor-1] INFO  client.GrpcClientProtocolClient (GrpcClientProtocolClient.java:onNext(264)) - client-E41C008B94D2->cb20f782-9136-4144-a2ef-e44461d35697: receive RaftClientReply:client-E41C008B94D2->cb20f782-9136-4144-a2ef-e44461d35697@group-EF222054BC57, cid=3183, SUCCESS, logIndex=4492, commits[cb20f782-9136-4144-a2ef-e44461d35697:c4493]
2019-09-17 12:48:55,044 [grpc-default-executor-1] INFO  client.GrpcClientProtocolClient (GrpcClientProtocolClient.java:onNext(264)) - client-E41C008B94D2->cb20f782-9136-4144-a2ef-e44461d35697: receive RaftClientReply:client-E41C008B94D2->cb20f782-9136-4144-a2ef-e44461d35697@group-EF222054BC57, cid=3184, SUCCESS, logIndex=4493, commits[cb20f782-9136-4144-a2ef-e44461d35697:c4493]
2019-09-17 12:48:55,077 [grpc-default-executor-2] INFO  client.GrpcClientProtocolClient (GrpcClientProtocolClient.java:onNext(264)) - client-E41C008B94D2->cb20f782-9136-4144-a2ef-e44461d35697: receive RaftClientReply:client-E41C008B94D2->cb20f782-9136-4144-a2ef-e44461d35697@group-EF222054BC57, cid=3185, SUCCESS, logIndex=4495, commits[cb20f782-9136-4144-a2ef-e44461d35697:c4498]
2019-09-17 12:48:55,078 [grpc-default-executor-2] INFO  client.GrpcClientProtocolClient (GrpcClientProtocolClient.java:onNext(264)) - client-E41C008B94D2->cb20f782-9136-4144-a2ef-e44461d35697: receive RaftClientReply:client-E41C008B94D2->cb20f782-9136-4144-a2ef-e44461d35697@group-EF222054BC57, cid=3186, SUCCESS, logIndex=4496, commits[cb20f782-9136-4144-a2ef-e44461d35697:c4498]
2019-09-17 12:48:55,078 [grpc-default-executor-2] INFO  client.GrpcClientProtocolClient (GrpcClientProtocolClient.java:onNext(264)) - client-E41C008B94D2->cb20f782-9136-4144-a2ef-e44461d35697: receive RaftClientReply:client-E41C008B94D2->cb20f782-9136-4144-a2ef-e44461d35697@group-EF222054BC57, cid=3187, SUCCESS, logIndex=4497, commits[cb20f782-9136-4144-a2ef-e44461d35697:c4498]
2019-09-17 12:48:55,079 [grpc-default-executor-2] INFO  client.GrpcClientProtocolClient (GrpcClientProtocolClient.java:onNext(264)) - client-E41C008B94D2->cb20f782-9136-4144-a2ef-e44461d35697: receive RaftClientReply:client-E41C008B94D2->cb20f782-9136-4144-a2ef-e44461d35697@group-EF222054BC57, cid=3188, SUCCESS, logIndex=4498, commits[cb20f782-9136-4144-a2ef-e44461d35697:c4498]
2019-09-17 12:48:55,089 [SCMBlockDeletingService#0] DEBUG block.SCMBlockDeletingService (SCMBlockDeletingService.java:call(138)) - Running DeletedBlockTransactionScanner
2019-09-17 12:48:55,089 [SCMBlockDeletingService#0] DEBUG block.SCMBlockDeletingService (SCMBlockDeletingService.java:call(155)) - Scanned deleted blocks log and got 0 delTX to process.
2019-09-17 12:48:55,111 [grpc-default-executor-1] INFO  client.GrpcClientProtocolClient (GrpcClientProtocolClient.java:onNext(264)) - client-E41C008B94D2->cb20f782-9136-4144-a2ef-e44461d35697: receive RaftClientReply:client-E41C008B94D2->cb20f782-9136-4144-a2ef-e44461d35697@group-EF222054BC57, cid=3189, SUCCESS, logIndex=4500, commits[cb20f782-9136-4144-a2ef-e44461d35697:c4501]
2019-09-17 12:48:55,112 [grpc-default-executor-1] INFO  client.GrpcClientProtocolClient (GrpcClientProtocolClient.java:onNext(264)) - client-E41C008B94D2->cb20f782-9136-4144-a2ef-e44461d35697: receive RaftClientReply:client-E41C008B94D2->cb20f782-9136-4144-a2ef-e44461d35697@group-EF222054BC57, cid=3190, SUCCESS, logIndex=4501, commits[cb20f782-9136-4144-a2ef-e44461d35697:c4503]
2019-09-17 12:48:55,112 [grpc-default-executor-1] INFO  client.GrpcClientProtocolClient (GrpcClientProtocolClient.java:onNext(264)) - client-E41C008B94D2->cb20f782-9136-4144-a2ef-e44461d35697: receive RaftClientReply:client-E41C008B94D2->cb20f782-9136-4144-a2ef-e44461d35697@group-EF222054BC57, cid=3191, SUCCESS, logIndex=4502, commits[cb20f782-9136-4144-a2ef-e44461d35697:c4503]
2019-09-17 12:48:55,112 [grpc-default-executor-1] INFO  client.GrpcClientProtocolClient (GrpcClientProtocolClient.java:onNext(264)) - client-E41C008B94D2->cb20f782-9136-4144-a2ef-e44461d35697: receive RaftClientReply:client-E41C008B94D2->cb20f782-9136-4144-a2ef-e44461d35697@group-EF222054BC57, cid=3192, SUCCESS, logIndex=4503, commits[cb20f782-9136-4144-a2ef-e44461d35697:c4503]
2019-09-17 12:48:55,136 [grpc-default-executor-2] INFO  client.GrpcClientProtocolClient (GrpcClientProtocolClient.java:onNext(264)) - client-E41C008B94D2->cb20f782-9136-4144-a2ef-e44461d35697: receive RaftClientReply:client-E41C008B94D2->cb20f782-9136-4144-a2ef-e44461d35697@group-EF222054BC57, cid=3193, SUCCESS, logIndex=4506, commits[cb20f782-9136-4144-a2ef-e44461d35697:c4507]
2019-09-17 12:48:55,137 [grpc-default-executor-2] INFO  client.GrpcClientProtocolClient (GrpcClientProtocolClient.java:onNext(264)) - client-E41C008B94D2->cb20f782-9136-4144-a2ef-e44461d35697: receive RaftClientReply:client-E41C008B94D2->cb20f782-9136-4144-a2ef-e44461d35697@group-EF222054BC57, cid=3194, SUCCESS, logIndex=4507, commits[cb20f782-9136-4144-a2ef-e44461d35697:c4509]
2019-09-17 12:48:55,137 [grpc-default-executor-2] INFO  client.GrpcClientProtocolClient (GrpcClientProtocolClient.java:onNext(264)) - client-E41C008B94D2->cb20f782-9136-4144-a2ef-e44461d35697: receive RaftClientReply:client-E41C008B94D2->cb20f782-9136-4144-a2ef-e44461d35697@group-EF222054BC57, cid=3195, SUCCESS, logIndex=4508, commits[cb20f782-9136-4144-a2ef-e44461d35697:c4509]
2019-09-17 12:48:55,137 [grpc-default-executor-2] INFO  client.GrpcClientProtocolClient (GrpcClientProtocolClient.java:onNext(264)) - client-E41C008B94D2->cb20f782-9136-4144-a2ef-e44461d35697: receive RaftClientReply:client-E41C008B94D2->cb20f782-9136-4144-a2ef-e44461d35697@group-EF222054BC57, cid=3196, SUCCESS, logIndex=4509, commits[cb20f782-9136-4144-a2ef-e44461d35697:c4509]
2019-09-17 12:48:55,156 [grpc-default-executor-2] INFO  client.GrpcClientProtocolClient (GrpcClientProtocolClient.java:onNext(264)) - client-E41C008B94D2->cb20f782-9136-4144-a2ef-e44461d35697: receive RaftClientReply:client-E41C008B94D2->cb20f782-9136-4144-a2ef-e44461d35697@group-EF222054BC57, cid=3197, SUCCESS, logIndex=4512, commits[cb20f782-9136-4144-a2ef-e44461d35697:c4515]
2019-09-17 12:48:55,157 [grpc-default-executor-2] INFO  client.GrpcClientProtocolClient (GrpcClientProtocolClient.java:onNext(264)) - client-E41C008B94D2->cb20f782-9136-4144-a2ef-e44461d35697: receive RaftClientReply:client-E41C008B94D2->cb20f782-9136-4144-a2ef-e44461d35697@group-EF222054BC57, cid=3198, SUCCESS, logIndex=4513, commits[cb20f782-9136-4144-a2ef-e44461d35697:c4515]
2019-09-17 12:48:55,157 [grpc-default-executor-2] INFO  client.GrpcClientProtocolClient (GrpcClientProtocolClient.java:onNext(264)) - client-E41C008B94D2->cb20f782-9136-4144-a2ef-e44461d35697: receive RaftClientReply:client-E41C008B94D2->cb20f782-9136-4144-a2ef-e44461d35697@group-EF222054BC57, cid=3199, SUCCESS, logIndex=4514, commits[cb20f782-9136-4144-a2ef-e44461d35697:c4515]
2019-09-17 12:48:55,157 [grpc-default-executor-2] INFO  client.GrpcClientProtocolClient (GrpcClientProtocolClient.java:onNext(264)) - client-E41C008B94D2->cb20f782-9136-4144-a2ef-e44461d35697: receive RaftClientReply:client-E41C008B94D2->cb20f782-9136-4144-a2ef-e44461d35697@group-EF222054BC57, cid=3200, SUCCESS, logIndex=4515, commits[cb20f782-9136-4144-a2ef-e44461d35697:c4515]
2019-09-17 12:48:55,184 [grpc-default-executor-2] INFO  client.GrpcClientProtocolClient (GrpcClientProtocolClient.java:onNext(264)) - client-E41C008B94D2->cb20f782-9136-4144-a2ef-e44461d35697: receive RaftClientReply:client-E41C008B94D2->cb20f782-9136-4144-a2ef-e44461d35697@group-EF222054BC57, cid=3201, SUCCESS, logIndex=4517, commits[cb20f782-9136-4144-a2ef-e44461d35697:c4520]
2019-09-17 12:48:55,185 [grpc-default-executor-2] INFO  client.GrpcClientProtocolClient (GrpcClientProtocolClient.java:onNext(264)) - client-E41C008B94D2->cb20f782-9136-4144-a2ef-e44461d35697: receive RaftClientReply:client-E41C008B94D2->cb20f782-9136-4144-a2ef-e44461d35697@group-EF222054BC57, cid=3202, SUCCESS, logIndex=4518, commits[cb20f782-9136-4144-a2ef-e44461d35697:c4520]
2019-09-17 12:48:55,185 [grpc-default-executor-2] INFO  client.GrpcClientProtocolClient (GrpcClientProtocolClient.java:onNext(264)) - client-E41C008B94D2->cb20f782-9136-4144-a2ef-e44461d35697: receive RaftClientReply:client-E41C008B94D2->cb20f782-9136-4144-a2ef-e44461d35697@group-EF222054BC57, cid=3203, SUCCESS, logIndex=4519, commits[cb20f782-9136-4144-a2ef-e44461d35697:c4521]
2019-09-17 12:48:55,185 [grpc-default-executor-2] INFO  client.GrpcClientProtocolClient (GrpcClientProtocolClient.java:onNext(264)) - client-E41C008B94D2->cb20f782-9136-4144-a2ef-e44461d35697: receive RaftClientReply:client-E41C008B94D2->cb20f782-9136-4144-a2ef-e44461d35697@group-EF222054BC57, cid=3204, SUCCESS, logIndex=4520, commits[cb20f782-9136-4144-a2ef-e44461d35697:c4521]
2019-09-17 12:48:55,189 [SCMBlockDeletingService#1] DEBUG block.SCMBlockDeletingService (SCMBlockDeletingService.java:call(138)) - Running DeletedBlockTransactionScanner
2019-09-17 12:48:55,189 [SCMBlockDeletingService#1] DEBUG block.SCMBlockDeletingService (SCMBlockDeletingService.java:call(155)) - Scanned deleted blocks log and got 0 delTX to process.
2019-09-17 12:48:55,204 [grpc-default-executor-1] INFO  client.GrpcClientProtocolClient (GrpcClientProtocolClient.java:onNext(264)) - client-E41C008B94D2->cb20f782-9136-4144-a2ef-e44461d35697: receive RaftClientReply:client-E41C008B94D2->cb20f782-9136-4144-a2ef-e44461d35697@group-EF222054BC57, cid=3205, SUCCESS, logIndex=4522, commits[cb20f782-9136-4144-a2ef-e44461d35697:c4523]
2019-09-17 12:48:55,205 [grpc-default-executor-1] INFO  client.GrpcClientProtocolClient (GrpcClientProtocolClient.java:onNext(264)) - client-E41C008B94D2->cb20f782-9136-4144-a2ef-e44461d35697: receive RaftClientReply:client-E41C008B94D2->cb20f782-9136-4144-a2ef-e44461d35697@group-EF222054BC57, cid=3206, SUCCESS, logIndex=4523, commits[cb20f782-9136-4144-a2ef-e44461d35697:c4525]
2019-09-17 12:48:55,205 [grpc-default-executor-1] INFO  client.GrpcClientProtocolClient (GrpcClientProtocolClient.java:onNext(264)) - client-E41C008B94D2->cb20f782-9136-4144-a2ef-e44461d35697: receive RaftClientReply:client-E41C008B94D2->cb20f782-9136-4144-a2ef-e44461d35697@group-EF222054BC57, cid=3207, SUCCESS, logIndex=4524, commits[cb20f782-9136-4144-a2ef-e44461d35697:c4525]
2019-09-17 12:48:55,205 [grpc-default-executor-1] INFO  client.GrpcClientProtocolClient (GrpcClientProtocolClient.java:onNext(264)) - client-E41C008B94D2->cb20f782-9136-4144-a2ef-e44461d35697: receive RaftClientReply:client-E41C008B94D2->cb20f782-9136-4144-a2ef-e44461d35697@group-EF222054BC57, cid=3208, SUCCESS, logIndex=4525, commits[cb20f782-9136-4144-a2ef-e44461d35697:c4526]
2019-09-17 12:48:55,232 [grpc-default-executor-2] INFO  client.GrpcClientProtocolClient (GrpcClientProtocolClient.java:onNext(264)) - client-E41C008B94D2->cb20f782-9136-4144-a2ef-e44461d35697: receive RaftClientReply:client-E41C008B94D2->cb20f782-9136-4144-a2ef-e44461d35697@group-EF222054BC57, cid=3209, SUCCESS, logIndex=4528, commits[cb20f782-9136-4144-a2ef-e44461d35697:c4529]
2019-09-17 12:48:55,232 [grpc-default-executor-2] INFO  client.GrpcClientProtocolClient (GrpcClientProtocolClient.java:onNext(264)) - client-E41C008B94D2->cb20f782-9136-4144-a2ef-e44461d35697: receive RaftClientReply:client-E41C008B94D2->cb20f782-9136-4144-a2ef-e44461d35697@group-EF222054BC57, cid=3210, SUCCESS, logIndex=4529, commits[cb20f782-9136-4144-a2ef-e44461d35697:c4531]
2019-09-17 12:48:55,232 [grpc-default-executor-2] INFO  client.GrpcClientProtocolClient (GrpcClientProtocolClient.java:onNext(264)) - client-E41C008B94D2->cb20f782-9136-4144-a2ef-e44461d35697: receive RaftClientReply:client-E41C008B94D2->cb20f782-9136-4144-a2ef-e44461d35697@group-EF222054BC57, cid=3211, SUCCESS, logIndex=4530, commits[cb20f782-9136-4144-a2ef-e44461d35697:c4531]
2019-09-17 12:48:55,233 [grpc-default-executor-2] INFO  client.GrpcClientProtocolClient (GrpcClientProtocolClient.java:onNext(264)) - client-E41C008B94D2->cb20f782-9136-4144-a2ef-e44461d35697: receive RaftClientReply:client-E41C008B94D2->cb20f782-9136-4144-a2ef-e44461d35697@group-EF222054BC57, cid=3212, SUCCESS, logIndex=4531, commits[cb20f782-9136-4144-a2ef-e44461d35697:c4532]
2019-09-17 12:48:55,251 [grpc-default-executor-2] INFO  client.GrpcClientProtocolClient (GrpcClientProtocolClient.java:onNext(264)) - client-E41C008B94D2->cb20f782-9136-4144-a2ef-e44461d35697: receive RaftClientReply:client-E41C008B94D2->cb20f782-9136-4144-a2ef-e44461d35697@group-EF222054BC57, cid=3213, SUCCESS, logIndex=4534, commits[cb20f782-9136-4144-a2ef-e44461d35697:c4537]
2019-09-17 12:48:55,252 [grpc-default-executor-2] INFO  client.GrpcClientProtocolClient (GrpcClientProtocolClient.java:onNext(264)) - client-E41C008B94D2->cb20f782-9136-4144-a2ef-e44461d35697: receive RaftClientReply:client-E41C008B94D2->cb20f782-9136-4144-a2ef-e44461d35697@group-EF222054BC57, cid=3214, SUCCESS, logIndex=4535, commits[cb20f782-9136-4144-a2ef-e44461d35697:c4537]
2019-09-17 12:48:55,252 [grpc-default-executor-2] INFO  client.GrpcClientProtocolClient (GrpcClientProtocolClient.java:onNext(264)) - client-E41C008B94D2->cb20f782-9136-4144-a2ef-e44461d35697: receive RaftClientReply:client-E41C008B94D2->cb20f782-9136-4144-a2ef-e44461d35697@group-EF222054BC57, cid=3215, SUCCESS, logIndex=4536, commits[cb20f782-9136-4144-a2ef-e44461d35697:c4538]
2019-09-17 12:48:55,252 [grpc-default-executor-2] INFO  client.GrpcClientProtocolClient (GrpcClientProtocolClient.java:onNext(264)) - client-E41C008B94D2->cb20f782-9136-4144-a2ef-e44461d35697: receive RaftClientReply:client-E41C008B94D2->cb20f782-9136-4144-a2ef-e44461d35697@group-EF222054BC57, cid=3216, SUCCESS, logIndex=4537, commits[cb20f782-9136-4144-a2ef-e44461d35697:c4538]
2019-09-17 12:48:55,278 [grpc-default-executor-2] INFO  client.GrpcClientProtocolClient (GrpcClientProtocolClient.java:onNext(264)) - client-E41C008B94D2->cb20f782-9136-4144-a2ef-e44461d35697: receive RaftClientReply:client-E41C008B94D2->cb20f782-9136-4144-a2ef-e44461d35697@group-EF222054BC57, cid=3217, SUCCESS, logIndex=4539, commits[cb20f782-9136-4144-a2ef-e44461d35697:c4540]
2019-09-17 12:48:55,279 [grpc-default-executor-2] INFO  client.GrpcClientProtocolClient (GrpcClientProtocolClient.java:onNext(264)) - client-E41C008B94D2->cb20f782-9136-4144-a2ef-e44461d35697: receive RaftClientReply:client-E41C008B94D2->cb20f782-9136-4144-a2ef-e44461d35697@group-EF222054BC57, cid=3218, SUCCESS, logIndex=4540, commits[cb20f782-9136-4144-a2ef-e44461d35697:c4540]
2019-09-17 12:48:55,279 [grpc-default-executor-2] INFO  client.GrpcClientProtocolClient (GrpcClientProtocolClient.java:onNext(264)) - client-E41C008B94D2->cb20f782-9136-4144-a2ef-e44461d35697: receive RaftClientReply:client-E41C008B94D2->cb20f782-9136-4144-a2ef-e44461d35697@group-EF222054BC57, cid=3219, SUCCESS, logIndex=4541, commits[cb20f782-9136-4144-a2ef-e44461d35697:c4542]
2019-09-17 12:48:55,279 [grpc-default-executor-2] INFO  client.GrpcClientProtocolClient (GrpcClientProtocolClient.java:onNext(264)) - client-E41C008B94D2->cb20f782-9136-4144-a2ef-e44461d35697: receive RaftClientReply:client-E41C008B94D2->cb20f782-9136-4144-a2ef-e44461d35697@group-EF222054BC57, cid=3220, SUCCESS, logIndex=4542, commits[cb20f782-9136-4144-a2ef-e44461d35697:c4543]
2019-09-17 12:48:55,290 [SCMBlockDeletingService#1] DEBUG block.SCMBlockDeletingService (SCMBlockDeletingService.java:call(138)) - Running DeletedBlockTransactionScanner
2019-09-17 12:48:55,290 [SCMBlockDeletingService#1] DEBUG block.SCMBlockDeletingService (SCMBlockDeletingService.java:call(155)) - Scanned deleted blocks log and got 0 delTX to process.
2019-09-17 12:48:55,298 [grpc-default-executor-2] INFO  client.GrpcClientProtocolClient (GrpcClientProtocolClient.java:onNext(264)) - client-E41C008B94D2->cb20f782-9136-4144-a2ef-e44461d35697: receive RaftClientReply:client-E41C008B94D2->cb20f782-9136-4144-a2ef-e44461d35697@group-EF222054BC57, cid=3221, SUCCESS, logIndex=4545, commits[cb20f782-9136-4144-a2ef-e44461d35697:c4546]
2019-09-17 12:48:55,298 [grpc-default-executor-2] INFO  client.GrpcClientProtocolClient (GrpcClientProtocolClient.java:onNext(264)) - client-E41C008B94D2->cb20f782-9136-4144-a2ef-e44461d35697: receive RaftClientReply:client-E41C008B94D2->cb20f782-9136-4144-a2ef-e44461d35697@group-EF222054BC57, cid=3222, SUCCESS, logIndex=4546, commits[cb20f782-9136-4144-a2ef-e44461d35697:c4548]
2019-09-17 12:48:55,298 [grpc-default-executor-2] INFO  client.GrpcClientProtocolClient (GrpcClientProtocolClient.java:onNext(264)) - client-E41C008B94D2->cb20f782-9136-4144-a2ef-e44461d35697: receive RaftClientReply:client-E41C008B94D2->cb20f782-9136-4144-a2ef-e44461d35697@group-EF222054BC57, cid=3223, SUCCESS, logIndex=4547, commits[cb20f782-9136-4144-a2ef-e44461d35697:c4548]
2019-09-17 12:48:55,299 [grpc-default-executor-2] INFO  client.GrpcClientProtocolClient (GrpcClientProtocolClient.java:onNext(264)) - client-E41C008B94D2->cb20f782-9136-4144-a2ef-e44461d35697: receive RaftClientReply:client-E41C008B94D2->cb20f782-9136-4144-a2ef-e44461d35697@group-EF222054BC57, cid=3224, SUCCESS, logIndex=4548, commits[cb20f782-9136-4144-a2ef-e44461d35697:c4549]
2019-09-17 12:48:55,390 [SCMBlockDeletingService#0] DEBUG block.SCMBlockDeletingService (SCMBlockDeletingService.java:call(138)) - Running DeletedBlockTransactionScanner
2019-09-17 12:48:55,391 [SCMBlockDeletingService#0] DEBUG block.SCMBlockDeletingService (SCMBlockDeletingService.java:call(155)) - Scanned deleted blocks log and got 0 delTX to process.
2019-09-17 12:48:55,406 [grpc-default-executor-2] INFO  client.GrpcClientProtocolClient (GrpcClientProtocolClient.java:onNext(264)) - client-E41C008B94D2->cb20f782-9136-4144-a2ef-e44461d35697: receive RaftClientReply:client-E41C008B94D2->cb20f782-9136-4144-a2ef-e44461d35697@group-EF222054BC57, cid=3225, SUCCESS, logIndex=4551, commits[cb20f782-9136-4144-a2ef-e44461d35697:c4552]
2019-09-17 12:48:55,407 [grpc-default-executor-2] INFO  client.GrpcClientProtocolClient (GrpcClientProtocolClient.java:onNext(264)) - client-E41C008B94D2->cb20f782-9136-4144-a2ef-e44461d35697: receive RaftClientReply:client-E41C008B94D2->cb20f782-9136-4144-a2ef-e44461d35697@group-EF222054BC57, cid=3226, SUCCESS, logIndex=4552, commits[cb20f782-9136-4144-a2ef-e44461d35697:c4552]
2019-09-17 12:48:55,491 [SCMBlockDeletingService#0] DEBUG block.SCMBlockDeletingService (SCMBlockDeletingService.java:call(138)) - Running DeletedBlockTransactionScanner
2019-09-17 12:48:55,491 [SCMBlockDeletingService#0] DEBUG block.SCMBlockDeletingService (SCMBlockDeletingService.java:call(155)) - Scanned deleted blocks log and got 0 delTX to process.
2019-09-17 12:48:55,506 [grpc-default-executor-1] INFO  client.GrpcClientProtocolClient (GrpcClientProtocolClient.java:onNext(264)) - client-E41C008B94D2->cb20f782-9136-4144-a2ef-e44461d35697: receive RaftClientReply:client-E41C008B94D2->cb20f782-9136-4144-a2ef-e44461d35697@group-EF222054BC57, cid=3227, SUCCESS, logIndex=4554, commits[cb20f782-9136-4144-a2ef-e44461d35697:c4555]
2019-09-17 12:48:55,506 [grpc-default-executor-1] INFO  client.GrpcClientProtocolClient (GrpcClientProtocolClient.java:onNext(264)) - client-E41C008B94D2->cb20f782-9136-4144-a2ef-e44461d35697: receive RaftClientReply:client-E41C008B94D2->cb20f782-9136-4144-a2ef-e44461d35697@group-EF222054BC57, cid=3228, SUCCESS, logIndex=4555, commits[cb20f782-9136-4144-a2ef-e44461d35697:c4555]
2019-09-17 12:48:55,526 [grpc-default-executor-1] INFO  client.GrpcClientProtocolClient (GrpcClientProtocolClient.java:onNext(264)) - client-E41C008B94D2->cb20f782-9136-4144-a2ef-e44461d35697: receive RaftClientReply:client-E41C008B94D2->cb20f782-9136-4144-a2ef-e44461d35697@group-EF222054BC57, cid=3229, SUCCESS, logIndex=4557, commits[cb20f782-9136-4144-a2ef-e44461d35697:c4560]
2019-09-17 12:48:55,526 [grpc-default-executor-1] INFO  client.GrpcClientProtocolClient (GrpcClientProtocolClient.java:onNext(264)) - client-E41C008B94D2->cb20f782-9136-4144-a2ef-e44461d35697: receive RaftClientReply:client-E41C008B94D2->cb20f782-9136-4144-a2ef-e44461d35697@group-EF222054BC57, cid=3230, SUCCESS, logIndex=4558, commits[cb20f782-9136-4144-a2ef-e44461d35697:c4560]
2019-09-17 12:48:55,527 [grpc-default-executor-1] INFO  client.GrpcClientProtocolClient (GrpcClientProtocolClient.java:onNext(264)) - client-E41C008B94D2->cb20f782-9136-4144-a2ef-e44461d35697: receive RaftClientReply:client-E41C008B94D2->cb20f782-9136-4144-a2ef-e44461d35697@group-EF222054BC57, cid=3231, SUCCESS, logIndex=4559, commits[cb20f782-9136-4144-a2ef-e44461d35697:c4560]
2019-09-17 12:48:55,527 [grpc-default-executor-1] INFO  client.GrpcClientProtocolClient (GrpcClientProtocolClient.java:onNext(264)) - client-E41C008B94D2->cb20f782-9136-4144-a2ef-e44461d35697: receive RaftClientReply:client-E41C008B94D2->cb20f782-9136-4144-a2ef-e44461d35697@group-EF222054BC57, cid=3232, SUCCESS, logIndex=4560, commits[cb20f782-9136-4144-a2ef-e44461d35697:c4561]
2019-09-17 12:48:55,584 [grpc-default-executor-1] INFO  client.GrpcClientProtocolClient (GrpcClientProtocolClient.java:onNext(264)) - client-E41C008B94D2->cb20f782-9136-4144-a2ef-e44461d35697: receive RaftClientReply:client-E41C008B94D2->cb20f782-9136-4144-a2ef-e44461d35697@group-EF222054BC57, cid=3233, SUCCESS, logIndex=4562, commits[cb20f782-9136-4144-a2ef-e44461d35697:c4565]
2019-09-17 12:48:55,585 [grpc-default-executor-1] INFO  client.GrpcClientProtocolClient (GrpcClientProtocolClient.java:onNext(264)) - client-E41C008B94D2->cb20f782-9136-4144-a2ef-e44461d35697: receive RaftClientReply:client-E41C008B94D2->cb20f782-9136-4144-a2ef-e44461d35697@group-EF222054BC57, cid=3234, SUCCESS, logIndex=4563, commits[cb20f782-9136-4144-a2ef-e44461d35697:c4565]
2019-09-17 12:48:55,585 [grpc-default-executor-1] INFO  client.GrpcClientProtocolClient (GrpcClientProtocolClient.java:onNext(264)) - client-E41C008B94D2->cb20f782-9136-4144-a2ef-e44461d35697: receive RaftClientReply:client-E41C008B94D2->cb20f782-9136-4144-a2ef-e44461d35697@group-EF222054BC57, cid=3235, SUCCESS, logIndex=4564, commits[cb20f782-9136-4144-a2ef-e44461d35697:c4565]
2019-09-17 12:48:55,586 [grpc-default-executor-1] INFO  client.GrpcClientProtocolClient (GrpcClientProtocolClient.java:onNext(264)) - client-E41C008B94D2->cb20f782-9136-4144-a2ef-e44461d35697: receive RaftClientReply:client-E41C008B94D2->cb20f782-9136-4144-a2ef-e44461d35697@group-EF222054BC57, cid=3236, SUCCESS, logIndex=4565, commits[cb20f782-9136-4144-a2ef-e44461d35697:c4565]
2019-09-17 12:48:55,592 [SCMBlockDeletingService#0] DEBUG block.SCMBlockDeletingService (SCMBlockDeletingService.java:call(138)) - Running DeletedBlockTransactionScanner
2019-09-17 12:48:55,592 [SCMBlockDeletingService#0] DEBUG block.SCMBlockDeletingService (SCMBlockDeletingService.java:call(155)) - Scanned deleted blocks log and got 0 delTX to process.
2019-09-17 12:48:55,607 [grpc-default-executor-2] INFO  client.GrpcClientProtocolClient (GrpcClientProtocolClient.java:onNext(264)) - client-E41C008B94D2->cb20f782-9136-4144-a2ef-e44461d35697: receive RaftClientReply:client-E41C008B94D2->cb20f782-9136-4144-a2ef-e44461d35697@group-EF222054BC57, cid=3237, SUCCESS, logIndex=4567, commits[cb20f782-9136-4144-a2ef-e44461d35697:c4570]
2019-09-17 12:48:55,607 [grpc-default-executor-2] INFO  client.GrpcClientProtocolClient (GrpcClientProtocolClient.java:onNext(264)) - client-E41C008B94D2->cb20f782-9136-4144-a2ef-e44461d35697: receive RaftClientReply:client-E41C008B94D2->cb20f782-9136-4144-a2ef-e44461d35697@group-EF222054BC57, cid=3238, SUCCESS, logIndex=4568, commits[cb20f782-9136-4144-a2ef-e44461d35697:c4571]
2019-09-17 12:48:55,607 [grpc-default-executor-2] INFO  client.GrpcClientProtocolClient (GrpcClientProtocolClient.java:onNext(264)) - client-E41C008B94D2->cb20f782-9136-4144-a2ef-e44461d35697: receive RaftClientReply:client-E41C008B94D2->cb20f782-9136-4144-a2ef-e44461d35697@group-EF222054BC57, cid=3239, SUCCESS, logIndex=4569, commits[cb20f782-9136-4144-a2ef-e44461d35697:c4571]
2019-09-17 12:48:55,608 [grpc-default-executor-2] INFO  client.GrpcClientProtocolClient (GrpcClientProtocolClient.java:onNext(264)) - client-E41C008B94D2->cb20f782-9136-4144-a2ef-e44461d35697: receive RaftClientReply:client-E41C008B94D2->cb20f782-9136-4144-a2ef-e44461d35697@group-EF222054BC57, cid=3240, SUCCESS, logIndex=4570, commits[cb20f782-9136-4144-a2ef-e44461d35697:c4571]
2019-09-17 12:48:55,635 [grpc-default-executor-1] INFO  client.GrpcClientProtocolClient (GrpcClientProtocolClient.java:onNext(264)) - client-E41C008B94D2->cb20f782-9136-4144-a2ef-e44461d35697: receive RaftClientReply:client-E41C008B94D2->cb20f782-9136-4144-a2ef-e44461d35697@group-EF222054BC57, cid=3241, SUCCESS, logIndex=4572, commits[cb20f782-9136-4144-a2ef-e44461d35697:c4573]
2019-09-17 12:48:55,636 [grpc-default-executor-1] INFO  client.GrpcClientProtocolClient (GrpcClientProtocolClient.java:onNext(264)) - client-E41C008B94D2->cb20f782-9136-4144-a2ef-e44461d35697: receive RaftClientReply:client-E41C008B94D2->cb20f782-9136-4144-a2ef-e44461d35697@group-EF222054BC57, cid=3242, SUCCESS, logIndex=4573, commits[cb20f782-9136-4144-a2ef-e44461d35697:c4575]
2019-09-17 12:48:55,636 [grpc-default-executor-1] INFO  client.GrpcClientProtocolClient (GrpcClientProtocolClient.java:onNext(264)) - client-E41C008B94D2->cb20f782-9136-4144-a2ef-e44461d35697: receive RaftClientReply:client-E41C008B94D2->cb20f782-9136-4144-a2ef-e44461d35697@group-EF222054BC57, cid=3243, SUCCESS, logIndex=4574, commits[cb20f782-9136-4144-a2ef-e44461d35697:c4575]
2019-09-17 12:48:55,637 [grpc-default-executor-1] INFO  client.GrpcClientProtocolClient (GrpcClientProtocolClient.java:onNext(264)) - client-E41C008B94D2->cb20f782-9136-4144-a2ef-e44461d35697: receive RaftClientReply:client-E41C008B94D2->cb20f782-9136-4144-a2ef-e44461d35697@group-EF222054BC57, cid=3244, SUCCESS, logIndex=4575, commits[cb20f782-9136-4144-a2ef-e44461d35697:c4576]
2019-09-17 12:48:55,654 [grpc-default-executor-1] INFO  client.GrpcClientProtocolClient (GrpcClientProtocolClient.java:onNext(264)) - client-E41C008B94D2->cb20f782-9136-4144-a2ef-e44461d35697: receive RaftClientReply:client-E41C008B94D2->cb20f782-9136-4144-a2ef-e44461d35697@group-EF222054BC57, cid=3245, SUCCESS, logIndex=4578, commits[cb20f782-9136-4144-a2ef-e44461d35697:c4579]
2019-09-17 12:48:55,654 [grpc-default-executor-1] INFO  client.GrpcClientProtocolClient (GrpcClientProtocolClient.java:onNext(264)) - client-E41C008B94D2->cb20f782-9136-4144-a2ef-e44461d35697: receive RaftClientReply:client-E41C008B94D2->cb20f782-9136-4144-a2ef-e44461d35697@group-EF222054BC57, cid=3246, SUCCESS, logIndex=4579, commits[cb20f782-9136-4144-a2ef-e44461d35697:c4581]
2019-09-17 12:48:55,655 [grpc-default-executor-1] INFO  client.GrpcClientProtocolClient (GrpcClientProtocolClient.java:onNext(264)) - client-E41C008B94D2->cb20f782-9136-4144-a2ef-e44461d35697: receive RaftClientReply:client-E41C008B94D2->cb20f782-9136-4144-a2ef-e44461d35697@group-EF222054BC57, cid=3247, SUCCESS, logIndex=4580, commits[cb20f782-9136-4144-a2ef-e44461d35697:c4582]
2019-09-17 12:48:55,655 [grpc-default-executor-1] INFO  client.GrpcClientProtocolClient (GrpcClientProtocolClient.java:onNext(264)) - client-E41C008B94D2->cb20f782-9136-4144-a2ef-e44461d35697: receive RaftClientReply:client-E41C008B94D2->cb20f782-9136-4144-a2ef-e44461d35697@group-EF222054BC57, cid=3248, SUCCESS, logIndex=4581, commits[cb20f782-9136-4144-a2ef-e44461d35697:c4582]
2019-09-17 12:48:55,683 [grpc-default-executor-2] INFO  client.GrpcClientProtocolClient (GrpcClientProtocolClient.java:onNext(264)) - client-E41C008B94D2->cb20f782-9136-4144-a2ef-e44461d35697: receive RaftClientReply:client-E41C008B94D2->cb20f782-9136-4144-a2ef-e44461d35697@group-EF222054BC57, cid=3249, SUCCESS, logIndex=4584, commits[cb20f782-9136-4144-a2ef-e44461d35697:c4587]
2019-09-17 12:48:55,684 [grpc-default-executor-2] INFO  client.GrpcClientProtocolClient (GrpcClientProtocolClient.java:onNext(264)) - client-E41C008B94D2->cb20f782-9136-4144-a2ef-e44461d35697: receive RaftClientReply:client-E41C008B94D2->cb20f782-9136-4144-a2ef-e44461d35697@group-EF222054BC57, cid=3250, SUCCESS, logIndex=4585, commits[cb20f782-9136-4144-a2ef-e44461d35697:c4588]
2019-09-17 12:48:55,684 [grpc-default-executor-2] INFO  client.GrpcClientProtocolClient (GrpcClientProtocolClient.java:onNext(264)) - client-E41C008B94D2->cb20f782-9136-4144-a2ef-e44461d35697: receive RaftClientReply:client-E41C008B94D2->cb20f782-9136-4144-a2ef-e44461d35697@group-EF222054BC57, cid=3251, SUCCESS, logIndex=4586, commits[cb20f782-9136-4144-a2ef-e44461d35697:c4588]
2019-09-17 12:48:55,684 [grpc-default-executor-2] INFO  client.GrpcClientProtocolClient (GrpcClientProtocolClient.java:onNext(264)) - client-E41C008B94D2->cb20f782-9136-4144-a2ef-e44461d35697: receive RaftClientReply:client-E41C008B94D2->cb20f782-9136-4144-a2ef-e44461d35697@group-EF222054BC57, cid=3252, SUCCESS, logIndex=4587, commits[cb20f782-9136-4144-a2ef-e44461d35697:c4588]
2019-09-17 12:48:55,692 [SCMBlockDeletingService#0] DEBUG block.SCMBlockDeletingService (SCMBlockDeletingService.java:call(138)) - Running DeletedBlockTransactionScanner
2019-09-17 12:48:55,692 [SCMBlockDeletingService#0] DEBUG block.SCMBlockDeletingService (SCMBlockDeletingService.java:call(155)) - Scanned deleted blocks log and got 0 delTX to process.
2019-09-17 12:48:55,704 [grpc-default-executor-2] INFO  client.GrpcClientProtocolClient (GrpcClientProtocolClient.java:onNext(264)) - client-E41C008B94D2->cb20f782-9136-4144-a2ef-e44461d35697: receive RaftClientReply:client-E41C008B94D2->cb20f782-9136-4144-a2ef-e44461d35697@group-EF222054BC57, cid=3253, SUCCESS, logIndex=4589, commits[cb20f782-9136-4144-a2ef-e44461d35697:c4592]
2019-09-17 12:48:55,704 [grpc-default-executor-2] INFO  client.GrpcClientProtocolClient (GrpcClientProtocolClient.java:onNext(264)) - client-E41C008B94D2->cb20f782-9136-4144-a2ef-e44461d35697: receive RaftClientReply:client-E41C008B94D2->cb20f782-9136-4144-a2ef-e44461d35697@group-EF222054BC57, cid=3254, SUCCESS, logIndex=4590, commits[cb20f782-9136-4144-a2ef-e44461d35697:c4593]
2019-09-17 12:48:55,704 [grpc-default-executor-2] INFO  client.GrpcClientProtocolClient (GrpcClientProtocolClient.java:onNext(264)) - client-E41C008B94D2->cb20f782-9136-4144-a2ef-e44461d35697: receive RaftClientReply:client-E41C008B94D2->cb20f782-9136-4144-a2ef-e44461d35697@group-EF222054BC57, cid=3255, SUCCESS, logIndex=4591, commits[cb20f782-9136-4144-a2ef-e44461d35697:c4593]
2019-09-17 12:48:55,705 [grpc-default-executor-2] INFO  client.GrpcClientProtocolClient (GrpcClientProtocolClient.java:onNext(264)) - client-E41C008B94D2->cb20f782-9136-4144-a2ef-e44461d35697: receive RaftClientReply:client-E41C008B94D2->cb20f782-9136-4144-a2ef-e44461d35697@group-EF222054BC57, cid=3256, SUCCESS, logIndex=4592, commits[cb20f782-9136-4144-a2ef-e44461d35697:c4593]
2019-09-17 12:48:55,732 [grpc-default-executor-1] INFO  client.GrpcClientProtocolClient (GrpcClientProtocolClient.java:onNext(264)) - client-E41C008B94D2->cb20f782-9136-4144-a2ef-e44461d35697: receive RaftClientReply:client-E41C008B94D2->cb20f782-9136-4144-a2ef-e44461d35697@group-EF222054BC57, cid=3257, SUCCESS, logIndex=4594, commits[cb20f782-9136-4144-a2ef-e44461d35697:c4595]
2019-09-17 12:48:55,732 [grpc-default-executor-1] INFO  client.GrpcClientProtocolClient (GrpcClientProtocolClient.java:onNext(264)) - client-E41C008B94D2->cb20f782-9136-4144-a2ef-e44461d35697: receive RaftClientReply:client-E41C008B94D2->cb20f782-9136-4144-a2ef-e44461d35697@group-EF222054BC57, cid=3258, SUCCESS, logIndex=4595, commits[cb20f782-9136-4144-a2ef-e44461d35697:c4597]
2019-09-17 12:48:55,732 [grpc-default-executor-1] INFO  client.GrpcClientProtocolClient (GrpcClientProtocolClient.java:onNext(264)) - client-E41C008B94D2->cb20f782-9136-4144-a2ef-e44461d35697: receive RaftClientReply:client-E41C008B94D2->cb20f782-9136-4144-a2ef-e44461d35697@group-EF222054BC57, cid=3259, SUCCESS, logIndex=4596, commits[cb20f782-9136-4144-a2ef-e44461d35697:c4597]
2019-09-17 12:48:55,733 [grpc-default-executor-1] INFO  client.GrpcClientProtocolClient (GrpcClientProtocolClient.java:onNext(264)) - client-E41C008B94D2->cb20f782-9136-4144-a2ef-e44461d35697: receive RaftClientReply:client-E41C008B94D2->cb20f782-9136-4144-a2ef-e44461d35697@group-EF222054BC57, cid=3260, SUCCESS, logIndex=4597, commits[cb20f782-9136-4144-a2ef-e44461d35697:c4598]
2019-09-17 12:48:55,750 [grpc-default-executor-1] INFO  client.GrpcClientProtocolClient (GrpcClientProtocolClient.java:onNext(264)) - client-E41C008B94D2->cb20f782-9136-4144-a2ef-e44461d35697: receive RaftClientReply:client-E41C008B94D2->cb20f782-9136-4144-a2ef-e44461d35697@group-EF222054BC57, cid=3261, SUCCESS, logIndex=4600, commits[cb20f782-9136-4144-a2ef-e44461d35697:c4603]
2019-09-17 12:48:55,750 [grpc-default-executor-1] INFO  client.GrpcClientProtocolClient (GrpcClientProtocolClient.java:onNext(264)) - client-E41C008B94D2->cb20f782-9136-4144-a2ef-e44461d35697: receive RaftClientReply:client-E41C008B94D2->cb20f782-9136-4144-a2ef-e44461d35697@group-EF222054BC57, cid=3262, SUCCESS, logIndex=4601, commits[cb20f782-9136-4144-a2ef-e44461d35697:c4604]
2019-09-17 12:48:55,750 [grpc-default-executor-1] INFO  client.GrpcClientProtocolClient (GrpcClientProtocolClient.java:onNext(264)) - client-E41C008B94D2->cb20f782-9136-4144-a2ef-e44461d35697: receive RaftClientReply:client-E41C008B94D2->cb20f782-9136-4144-a2ef-e44461d35697@group-EF222054BC57, cid=3263, SUCCESS, logIndex=4602, commits[cb20f782-9136-4144-a2ef-e44461d35697:c4604]
2019-09-17 12:48:55,751 [grpc-default-executor-1] INFO  client.GrpcClientProtocolClient (GrpcClientProtocolClient.java:onNext(264)) - client-E41C008B94D2->cb20f782-9136-4144-a2ef-e44461d35697: receive RaftClientReply:client-E41C008B94D2->cb20f782-9136-4144-a2ef-e44461d35697@group-EF222054BC57, cid=3264, SUCCESS, logIndex=4603, commits[cb20f782-9136-4144-a2ef-e44461d35697:c4604]
2019-09-17 12:48:55,774 [grpc-default-executor-1] INFO  client.GrpcClientProtocolClient (GrpcClientProtocolClient.java:onNext(264)) - client-E41C008B94D2->cb20f782-9136-4144-a2ef-e44461d35697: receive RaftClientReply:client-E41C008B94D2->cb20f782-9136-4144-a2ef-e44461d35697@group-EF222054BC57, cid=3265, SUCCESS, logIndex=4605, commits[cb20f782-9136-4144-a2ef-e44461d35697:c4606]
2019-09-17 12:48:55,775 [grpc-default-executor-1] INFO  client.GrpcClientProtocolClient (GrpcClientProtocolClient.java:onNext(264)) - client-E41C008B94D2->cb20f782-9136-4144-a2ef-e44461d35697: receive RaftClientReply:client-E41C008B94D2->cb20f782-9136-4144-a2ef-e44461d35697@group-EF222054BC57, cid=3266, SUCCESS, logIndex=4606, commits[cb20f782-9136-4144-a2ef-e44461d35697:c4608]
2019-09-17 12:48:55,775 [grpc-default-executor-1] INFO  client.GrpcClientProtocolClient (GrpcClientProtocolClient.java:onNext(264)) - client-E41C008B94D2->cb20f782-9136-4144-a2ef-e44461d35697: receive RaftClientReply:client-E41C008B94D2->cb20f782-9136-4144-a2ef-e44461d35697@group-EF222054BC57, cid=3267, SUCCESS, logIndex=4607, commits[cb20f782-9136-4144-a2ef-e44461d35697:c4609]
2019-09-17 12:48:55,775 [grpc-default-executor-1] INFO  client.GrpcClientProtocolClient (GrpcClientProtocolClient.java:onNext(264)) - client-E41C008B94D2->cb20f782-9136-4144-a2ef-e44461d35697: receive RaftClientReply:client-E41C008B94D2->cb20f782-9136-4144-a2ef-e44461d35697@group-EF222054BC57, cid=3268, SUCCESS, logIndex=4608, commits[cb20f782-9136-4144-a2ef-e44461d35697:c4609]
2019-09-17 12:48:55,793 [SCMBlockDeletingService#0] DEBUG block.SCMBlockDeletingService (SCMBlockDeletingService.java:call(138)) - Running DeletedBlockTransactionScanner
2019-09-17 12:48:55,793 [SCMBlockDeletingService#0] DEBUG block.SCMBlockDeletingService (SCMBlockDeletingService.java:call(155)) - Scanned deleted blocks log and got 0 delTX to process.
2019-09-17 12:48:55,803 [grpc-default-executor-2] INFO  client.GrpcClientProtocolClient (GrpcClientProtocolClient.java:onNext(264)) - client-E41C008B94D2->cb20f782-9136-4144-a2ef-e44461d35697: receive RaftClientReply:client-E41C008B94D2->cb20f782-9136-4144-a2ef-e44461d35697@group-EF222054BC57, cid=3269, SUCCESS, logIndex=4611, commits[cb20f782-9136-4144-a2ef-e44461d35697:c4612]
2019-09-17 12:48:55,804 [grpc-default-executor-2] INFO  client.GrpcClientProtocolClient (GrpcClientProtocolClient.java:onNext(264)) - client-E41C008B94D2->cb20f782-9136-4144-a2ef-e44461d35697: receive RaftClientReply:client-E41C008B94D2->cb20f782-9136-4144-a2ef-e44461d35697@group-EF222054BC57, cid=3270, SUCCESS, logIndex=4612, commits[cb20f782-9136-4144-a2ef-e44461d35697:c4613]
2019-09-17 12:48:55,878 [grpc-default-executor-1] INFO  client.GrpcClientProtocolClient (GrpcClientProtocolClient.java:onNext(264)) - client-E41C008B94D2->cb20f782-9136-4144-a2ef-e44461d35697: receive RaftClientReply:client-E41C008B94D2->cb20f782-9136-4144-a2ef-e44461d35697@group-EF222054BC57, cid=3271, SUCCESS, logIndex=4614, commits[cb20f782-9136-4144-a2ef-e44461d35697:c4615]
2019-09-17 12:48:55,878 [grpc-default-executor-1] INFO  client.GrpcClientProtocolClient (GrpcClientProtocolClient.java:onNext(264)) - client-E41C008B94D2->cb20f782-9136-4144-a2ef-e44461d35697: receive RaftClientReply:client-E41C008B94D2->cb20f782-9136-4144-a2ef-e44461d35697@group-EF222054BC57, cid=3272, SUCCESS, logIndex=4615, commits[cb20f782-9136-4144-a2ef-e44461d35697:c4616]
2019-09-17 12:48:55,893 [SCMBlockDeletingService#0] DEBUG block.SCMBlockDeletingService (SCMBlockDeletingService.java:call(138)) - Running DeletedBlockTransactionScanner
2019-09-17 12:48:55,894 [SCMBlockDeletingService#0] DEBUG block.SCMBlockDeletingService (SCMBlockDeletingService.java:call(155)) - Scanned deleted blocks log and got 0 delTX to process.
2019-09-17 12:48:55,911 [grpc-default-executor-1] INFO  client.GrpcClientProtocolClient (GrpcClientProtocolClient.java:onNext(264)) - client-E41C008B94D2->cb20f782-9136-4144-a2ef-e44461d35697: receive RaftClientReply:client-E41C008B94D2->cb20f782-9136-4144-a2ef-e44461d35697@group-EF222054BC57, cid=3273, SUCCESS, logIndex=4617, commits[cb20f782-9136-4144-a2ef-e44461d35697:c4620]
2019-09-17 12:48:55,912 [grpc-default-executor-1] INFO  client.GrpcClientProtocolClient (GrpcClientProtocolClient.java:onNext(264)) - client-E41C008B94D2->cb20f782-9136-4144-a2ef-e44461d35697: receive RaftClientReply:client-E41C008B94D2->cb20f782-9136-4144-a2ef-e44461d35697@group-EF222054BC57, cid=3274, SUCCESS, logIndex=4618, commits[cb20f782-9136-4144-a2ef-e44461d35697:c4620]
2019-09-17 12:48:55,912 [grpc-default-executor-1] INFO  client.GrpcClientProtocolClient (GrpcClientProtocolClient.java:onNext(264)) - client-E41C008B94D2->cb20f782-9136-4144-a2ef-e44461d35697: receive RaftClientReply:client-E41C008B94D2->cb20f782-9136-4144-a2ef-e44461d35697@group-EF222054BC57, cid=3275, SUCCESS, logIndex=4619, commits[cb20f782-9136-4144-a2ef-e44461d35697:c4621]
2019-09-17 12:48:55,913 [grpc-default-executor-1] INFO  client.GrpcClientProtocolClient (GrpcClientProtocolClient.java:onNext(264)) - client-E41C008B94D2->cb20f782-9136-4144-a2ef-e44461d35697: receive RaftClientReply:client-E41C008B94D2->cb20f782-9136-4144-a2ef-e44461d35697@group-EF222054BC57, cid=3276, SUCCESS, logIndex=4620, commits[cb20f782-9136-4144-a2ef-e44461d35697:c4621]
2019-09-17 12:48:55,931 [grpc-default-executor-2] INFO  client.GrpcClientProtocolClient (GrpcClientProtocolClient.java:onNext(264)) - client-E41C008B94D2->cb20f782-9136-4144-a2ef-e44461d35697: receive RaftClientReply:client-E41C008B94D2->cb20f782-9136-4144-a2ef-e44461d35697@group-EF222054BC57, cid=3277, SUCCESS, logIndex=4622, commits[cb20f782-9136-4144-a2ef-e44461d35697:c4625]
2019-09-17 12:48:55,932 [grpc-default-executor-2] INFO  client.GrpcClientProtocolClient (GrpcClientProtocolClient.java:onNext(264)) - client-E41C008B94D2->cb20f782-9136-4144-a2ef-e44461d35697: receive RaftClientReply:client-E41C008B94D2->cb20f782-9136-4144-a2ef-e44461d35697@group-EF222054BC57, cid=3278, SUCCESS, logIndex=4623, commits[cb20f782-9136-4144-a2ef-e44461d35697:c4626]
2019-09-17 12:48:55,932 [grpc-default-executor-2] INFO  client.GrpcClientProtocolClient (GrpcClientProtocolClient.java:onNext(264)) - client-E41C008B94D2->cb20f782-9136-4144-a2ef-e44461d35697: receive RaftClientReply:client-E41C008B94D2->cb20f782-9136-4144-a2ef-e44461d35697@group-EF222054BC57, cid=3279, SUCCESS, logIndex=4624, commits[cb20f782-9136-4144-a2ef-e44461d35697:c4626]
2019-09-17 12:48:55,932 [grpc-default-executor-2] INFO  client.GrpcClientProtocolClient (GrpcClientProtocolClient.java:onNext(264)) - client-E41C008B94D2->cb20f782-9136-4144-a2ef-e44461d35697: receive RaftClientReply:client-E41C008B94D2->cb20f782-9136-4144-a2ef-e44461d35697@group-EF222054BC57, cid=3280, SUCCESS, logIndex=4625, commits[cb20f782-9136-4144-a2ef-e44461d35697:c4626]
2019-09-17 12:48:55,960 [grpc-default-executor-2] INFO  client.GrpcClientProtocolClient (GrpcClientProtocolClient.java:onNext(264)) - client-E41C008B94D2->cb20f782-9136-4144-a2ef-e44461d35697: receive RaftClientReply:client-E41C008B94D2->cb20f782-9136-4144-a2ef-e44461d35697@group-EF222054BC57, cid=3281, SUCCESS, logIndex=4627, commits[cb20f782-9136-4144-a2ef-e44461d35697:c4628]
2019-09-17 12:48:55,960 [grpc-default-executor-2] INFO  client.GrpcClientProtocolClient (GrpcClientProtocolClient.java:onNext(264)) - client-E41C008B94D2->cb20f782-9136-4144-a2ef-e44461d35697: receive RaftClientReply:client-E41C008B94D2->cb20f782-9136-4144-a2ef-e44461d35697@group-EF222054BC57, cid=3282, SUCCESS, logIndex=4628, commits[cb20f782-9136-4144-a2ef-e44461d35697:c4630]
2019-09-17 12:48:55,960 [grpc-default-executor-2] INFO  client.GrpcClientProtocolClient (GrpcClientProtocolClient.java:onNext(264)) - client-E41C008B94D2->cb20f782-9136-4144-a2ef-e44461d35697: receive RaftClientReply:client-E41C008B94D2->cb20f782-9136-4144-a2ef-e44461d35697@group-EF222054BC57, cid=3283, SUCCESS, logIndex=4629, commits[cb20f782-9136-4144-a2ef-e44461d35697:c4631]
2019-09-17 12:48:55,961 [grpc-default-executor-2] INFO  client.GrpcClientProtocolClient (GrpcClientProtocolClient.java:onNext(264)) - client-E41C008B94D2->cb20f782-9136-4144-a2ef-e44461d35697: receive RaftClientReply:client-E41C008B94D2->cb20f782-9136-4144-a2ef-e44461d35697@group-EF222054BC57, cid=3284, SUCCESS, logIndex=4630, commits[cb20f782-9136-4144-a2ef-e44461d35697:c4631]
2019-09-17 12:48:55,980 [grpc-default-executor-1] INFO  client.GrpcClientProtocolClient (GrpcClientProtocolClient.java:onNext(264)) - client-E41C008B94D2->cb20f782-9136-4144-a2ef-e44461d35697: receive RaftClientReply:client-E41C008B94D2->cb20f782-9136-4144-a2ef-e44461d35697@group-EF222054BC57, cid=3285, SUCCESS, logIndex=4633, commits[cb20f782-9136-4144-a2ef-e44461d35697:c4636]
2019-09-17 12:48:55,981 [grpc-default-executor-1] INFO  client.GrpcClientProtocolClient (GrpcClientProtocolClient.java:onNext(264)) - client-E41C008B94D2->cb20f782-9136-4144-a2ef-e44461d35697: receive RaftClientReply:client-E41C008B94D2->cb20f782-9136-4144-a2ef-e44461d35697@group-EF222054BC57, cid=3286, SUCCESS, logIndex=4634, commits[cb20f782-9136-4144-a2ef-e44461d35697:c4637]
2019-09-17 12:48:55,981 [grpc-default-executor-1] INFO  client.GrpcClientProtocolClient (GrpcClientProtocolClient.java:onNext(264)) - client-E41C008B94D2->cb20f782-9136-4144-a2ef-e44461d35697: receive RaftClientReply:client-E41C008B94D2->cb20f782-9136-4144-a2ef-e44461d35697@group-EF222054BC57, cid=3287, SUCCESS, logIndex=4635, commits[cb20f782-9136-4144-a2ef-e44461d35697:c4637]
2019-09-17 12:48:55,981 [grpc-default-executor-1] INFO  client.GrpcClientProtocolClient (GrpcClientProtocolClient.java:onNext(264)) - client-E41C008B94D2->cb20f782-9136-4144-a2ef-e44461d35697: receive RaftClientReply:client-E41C008B94D2->cb20f782-9136-4144-a2ef-e44461d35697@group-EF222054BC57, cid=3288, SUCCESS, logIndex=4636, commits[cb20f782-9136-4144-a2ef-e44461d35697:c4637]
2019-09-17 12:48:55,994 [SCMBlockDeletingService#0] DEBUG block.SCMBlockDeletingService (SCMBlockDeletingService.java:call(138)) - Running DeletedBlockTransactionScanner
2019-09-17 12:48:55,994 [SCMBlockDeletingService#0] DEBUG block.SCMBlockDeletingService (SCMBlockDeletingService.java:call(155)) - Scanned deleted blocks log and got 0 delTX to process.
2019-09-17 12:48:56,008 [grpc-default-executor-2] INFO  client.GrpcClientProtocolClient (GrpcClientProtocolClient.java:onNext(264)) - client-E41C008B94D2->cb20f782-9136-4144-a2ef-e44461d35697: receive RaftClientReply:client-E41C008B94D2->cb20f782-9136-4144-a2ef-e44461d35697@group-EF222054BC57, cid=3289, SUCCESS, logIndex=4638, commits[cb20f782-9136-4144-a2ef-e44461d35697:c4641]
2019-09-17 12:48:56,008 [grpc-default-executor-2] INFO  client.GrpcClientProtocolClient (GrpcClientProtocolClient.java:onNext(264)) - client-E41C008B94D2->cb20f782-9136-4144-a2ef-e44461d35697: receive RaftClientReply:client-E41C008B94D2->cb20f782-9136-4144-a2ef-e44461d35697@group-EF222054BC57, cid=3290, SUCCESS, logIndex=4639, commits[cb20f782-9136-4144-a2ef-e44461d35697:c4641]
2019-09-17 12:48:56,009 [grpc-default-executor-2] INFO  client.GrpcClientProtocolClient (GrpcClientProtocolClient.java:onNext(264)) - client-E41C008B94D2->cb20f782-9136-4144-a2ef-e44461d35697: receive RaftClientReply:client-E41C008B94D2->cb20f782-9136-4144-a2ef-e44461d35697@group-EF222054BC57, cid=3291, SUCCESS, logIndex=4640, commits[cb20f782-9136-4144-a2ef-e44461d35697:c4642]
2019-09-17 12:48:56,009 [grpc-default-executor-2] INFO  client.GrpcClientProtocolClient (GrpcClientProtocolClient.java:onNext(264)) - client-E41C008B94D2->cb20f782-9136-4144-a2ef-e44461d35697: receive RaftClientReply:client-E41C008B94D2->cb20f782-9136-4144-a2ef-e44461d35697@group-EF222054BC57, cid=3292, SUCCESS, logIndex=4641, commits[cb20f782-9136-4144-a2ef-e44461d35697:c4642]
2019-09-17 12:48:56,044 [grpc-default-executor-2] INFO  client.GrpcClientProtocolClient (GrpcClientProtocolClient.java:onNext(264)) - client-E41C008B94D2->cb20f782-9136-4144-a2ef-e44461d35697: receive RaftClientReply:client-E41C008B94D2->cb20f782-9136-4144-a2ef-e44461d35697@group-EF222054BC57, cid=3293, SUCCESS, logIndex=4643, commits[cb20f782-9136-4144-a2ef-e44461d35697:c4646]
2019-09-17 12:48:56,044 [grpc-default-executor-2] INFO  client.GrpcClientProtocolClient (GrpcClientProtocolClient.java:onNext(264)) - client-E41C008B94D2->cb20f782-9136-4144-a2ef-e44461d35697: receive RaftClientReply:client-E41C008B94D2->cb20f782-9136-4144-a2ef-e44461d35697@group-EF222054BC57, cid=3294, SUCCESS, logIndex=4644, commits[cb20f782-9136-4144-a2ef-e44461d35697:c4646]
2019-09-17 12:48:56,044 [grpc-default-executor-2] INFO  client.GrpcClientProtocolClient (GrpcClientProtocolClient.java:onNext(264)) - client-E41C008B94D2->cb20f782-9136-4144-a2ef-e44461d35697: receive RaftClientReply:client-E41C008B94D2->cb20f782-9136-4144-a2ef-e44461d35697@group-EF222054BC57, cid=3295, SUCCESS, logIndex=4645, commits[cb20f782-9136-4144-a2ef-e44461d35697:c4646]
2019-09-17 12:48:56,045 [grpc-default-executor-2] INFO  client.GrpcClientProtocolClient (GrpcClientProtocolClient.java:onNext(264)) - client-E41C008B94D2->cb20f782-9136-4144-a2ef-e44461d35697: receive RaftClientReply:client-E41C008B94D2->cb20f782-9136-4144-a2ef-e44461d35697@group-EF222054BC57, cid=3296, SUCCESS, logIndex=4646, commits[cb20f782-9136-4144-a2ef-e44461d35697:c4646]
2019-09-17 12:48:56,087 [grpc-default-executor-2] INFO  client.GrpcClientProtocolClient (GrpcClientProtocolClient.java:onNext(264)) - client-E41C008B94D2->cb20f782-9136-4144-a2ef-e44461d35697: receive RaftClientReply:client-E41C008B94D2->cb20f782-9136-4144-a2ef-e44461d35697@group-EF222054BC57, cid=3297, SUCCESS, logIndex=4648, commits[cb20f782-9136-4144-a2ef-e44461d35697:c4651]
2019-09-17 12:48:56,088 [grpc-default-executor-2] INFO  client.GrpcClientProtocolClient (GrpcClientProtocolClient.java:onNext(264)) - client-E41C008B94D2->cb20f782-9136-4144-a2ef-e44461d35697: receive RaftClientReply:client-E41C008B94D2->cb20f782-9136-4144-a2ef-e44461d35697@group-EF222054BC57, cid=3298, SUCCESS, logIndex=4649, commits[cb20f782-9136-4144-a2ef-e44461d35697:c4652]
2019-09-17 12:48:56,088 [grpc-default-executor-2] INFO  client.GrpcClientProtocolClient (GrpcClientProtocolClient.java:onNext(264)) - client-E41C008B94D2->cb20f782-9136-4144-a2ef-e44461d35697: receive RaftClientReply:client-E41C008B94D2->cb20f782-9136-4144-a2ef-e44461d35697@group-EF222054BC57, cid=3299, SUCCESS, logIndex=4650, commits[cb20f782-9136-4144-a2ef-e44461d35697:c4652]
2019-09-17 12:48:56,088 [grpc-default-executor-2] INFO  client.GrpcClientProtocolClient (GrpcClientProtocolClient.java:onNext(264)) - client-E41C008B94D2->cb20f782-9136-4144-a2ef-e44461d35697: receive RaftClientReply:client-E41C008B94D2->cb20f782-9136-4144-a2ef-e44461d35697@group-EF222054BC57, cid=3300, SUCCESS, logIndex=4651, commits[cb20f782-9136-4144-a2ef-e44461d35697:c4652]
2019-09-17 12:48:56,094 [SCMBlockDeletingService#1] DEBUG block.SCMBlockDeletingService (SCMBlockDeletingService.java:call(138)) - Running DeletedBlockTransactionScanner
2019-09-17 12:48:56,095 [SCMBlockDeletingService#1] DEBUG block.SCMBlockDeletingService (SCMBlockDeletingService.java:call(155)) - Scanned deleted blocks log and got 0 delTX to process.
2019-09-17 12:48:56,107 [grpc-default-executor-2] INFO  client.GrpcClientProtocolClient (GrpcClientProtocolClient.java:onNext(264)) - client-E41C008B94D2->cb20f782-9136-4144-a2ef-e44461d35697: receive RaftClientReply:client-E41C008B94D2->cb20f782-9136-4144-a2ef-e44461d35697@group-EF222054BC57, cid=3301, SUCCESS, logIndex=4653, commits[cb20f782-9136-4144-a2ef-e44461d35697:c4654]
2019-09-17 12:48:56,107 [grpc-default-executor-2] INFO  client.GrpcClientProtocolClient (GrpcClientProtocolClient.java:onNext(264)) - client-E41C008B94D2->cb20f782-9136-4144-a2ef-e44461d35697: receive RaftClientReply:client-E41C008B94D2->cb20f782-9136-4144-a2ef-e44461d35697@group-EF222054BC57, cid=3302, SUCCESS, logIndex=4654, commits[cb20f782-9136-4144-a2ef-e44461d35697:c4654]
2019-09-17 12:48:56,109 [grpc-default-executor-2] INFO  client.GrpcClientProtocolClient (GrpcClientProtocolClient.java:onNext(264)) - client-E41C008B94D2->cb20f782-9136-4144-a2ef-e44461d35697: receive RaftClientReply:client-E41C008B94D2->cb20f782-9136-4144-a2ef-e44461d35697@group-EF222054BC57, cid=3303, SUCCESS, logIndex=4655, commits[cb20f782-9136-4144-a2ef-e44461d35697:c4656]
2019-09-17 12:48:56,109 [grpc-default-executor-2] INFO  client.GrpcClientProtocolClient (GrpcClientProtocolClient.java:onNext(264)) - client-E41C008B94D2->cb20f782-9136-4144-a2ef-e44461d35697: receive RaftClientReply:client-E41C008B94D2->cb20f782-9136-4144-a2ef-e44461d35697@group-EF222054BC57, cid=3304, SUCCESS, logIndex=4656, commits[cb20f782-9136-4144-a2ef-e44461d35697:c4656]
2019-09-17 12:48:56,138 [grpc-default-executor-1] INFO  client.GrpcClientProtocolClient (GrpcClientProtocolClient.java:onNext(264)) - client-E41C008B94D2->cb20f782-9136-4144-a2ef-e44461d35697: receive RaftClientReply:client-E41C008B94D2->cb20f782-9136-4144-a2ef-e44461d35697@group-EF222054BC57, cid=3305, SUCCESS, logIndex=4659, commits[cb20f782-9136-4144-a2ef-e44461d35697:c4660]
2019-09-17 12:48:56,138 [grpc-default-executor-1] INFO  client.GrpcClientProtocolClient (GrpcClientProtocolClient.java:onNext(264)) - client-E41C008B94D2->cb20f782-9136-4144-a2ef-e44461d35697: receive RaftClientReply:client-E41C008B94D2->cb20f782-9136-4144-a2ef-e44461d35697@group-EF222054BC57, cid=3306, SUCCESS, logIndex=4660, commits[cb20f782-9136-4144-a2ef-e44461d35697:c4662]
2019-09-17 12:48:56,139 [grpc-default-executor-1] INFO  client.GrpcClientProtocolClient (GrpcClientProtocolClient.java:onNext(264)) - client-E41C008B94D2->cb20f782-9136-4144-a2ef-e44461d35697: receive RaftClientReply:client-E41C008B94D2->cb20f782-9136-4144-a2ef-e44461d35697@group-EF222054BC57, cid=3307, SUCCESS, logIndex=4661, commits[cb20f782-9136-4144-a2ef-e44461d35697:c4663]
2019-09-17 12:48:56,139 [grpc-default-executor-1] INFO  client.GrpcClientProtocolClient (GrpcClientProtocolClient.java:onNext(264)) - client-E41C008B94D2->cb20f782-9136-4144-a2ef-e44461d35697: receive RaftClientReply:client-E41C008B94D2->cb20f782-9136-4144-a2ef-e44461d35697@group-EF222054BC57, cid=3308, SUCCESS, logIndex=4662, commits[cb20f782-9136-4144-a2ef-e44461d35697:c4663]
2019-09-17 12:48:56,160 [grpc-default-executor-2] INFO  client.GrpcClientProtocolClient (GrpcClientProtocolClient.java:onNext(264)) - client-E41C008B94D2->cb20f782-9136-4144-a2ef-e44461d35697: receive RaftClientReply:client-E41C008B94D2->cb20f782-9136-4144-a2ef-e44461d35697@group-EF222054BC57, cid=3309, SUCCESS, logIndex=4665, commits[cb20f782-9136-4144-a2ef-e44461d35697:c4668]
2019-09-17 12:48:56,160 [grpc-default-executor-2] INFO  client.GrpcClientProtocolClient (GrpcClientProtocolClient.java:onNext(264)) - client-E41C008B94D2->cb20f782-9136-4144-a2ef-e44461d35697: receive RaftClientReply:client-E41C008B94D2->cb20f782-9136-4144-a2ef-e44461d35697@group-EF222054BC57, cid=3310, SUCCESS, logIndex=4666, commits[cb20f782-9136-4144-a2ef-e44461d35697:c4668]
2019-09-17 12:48:56,160 [grpc-default-executor-2] INFO  client.GrpcClientProtocolClient (GrpcClientProtocolClient.java:onNext(264)) - client-E41C008B94D2->cb20f782-9136-4144-a2ef-e44461d35697: receive RaftClientReply:client-E41C008B94D2->cb20f782-9136-4144-a2ef-e44461d35697@group-EF222054BC57, cid=3311, SUCCESS, logIndex=4667, commits[cb20f782-9136-4144-a2ef-e44461d35697:c4669]
2019-09-17 12:48:56,161 [grpc-default-executor-2] INFO  client.GrpcClientProtocolClient (GrpcClientProtocolClient.java:onNext(264)) - client-E41C008B94D2->cb20f782-9136-4144-a2ef-e44461d35697: receive RaftClientReply:client-E41C008B94D2->cb20f782-9136-4144-a2ef-e44461d35697@group-EF222054BC57, cid=3312, SUCCESS, logIndex=4668, commits[cb20f782-9136-4144-a2ef-e44461d35697:c4669]
2019-09-17 12:48:56,668 [SCMBlockDeletingService#1] DEBUG block.SCMBlockDeletingService (SCMBlockDeletingService.java:call(138)) - Running DeletedBlockTransactionScanner
2019-09-17 12:48:56,668 [SCMBlockDeletingService#1] DEBUG block.SCMBlockDeletingService (SCMBlockDeletingService.java:call(155)) - Scanned deleted blocks log and got 0 delTX to process.
2019-09-17 12:48:56,686 [grpc-default-executor-1] INFO  client.GrpcClientProtocolClient (GrpcClientProtocolClient.java:onNext(264)) - client-E41C008B94D2->cb20f782-9136-4144-a2ef-e44461d35697: receive RaftClientReply:client-E41C008B94D2->cb20f782-9136-4144-a2ef-e44461d35697@group-EF222054BC57, cid=3313, SUCCESS, logIndex=4670, commits[cb20f782-9136-4144-a2ef-e44461d35697:c4671]
2019-09-17 12:48:56,686 [grpc-default-executor-1] INFO  client.GrpcClientProtocolClient (GrpcClientProtocolClient.java:onNext(264)) - client-E41C008B94D2->cb20f782-9136-4144-a2ef-e44461d35697: receive RaftClientReply:client-E41C008B94D2->cb20f782-9136-4144-a2ef-e44461d35697@group-EF222054BC57, cid=3314, SUCCESS, logIndex=4671, commits[cb20f782-9136-4144-a2ef-e44461d35697:c4672]
2019-09-17 12:48:56,769 [SCMBlockDeletingService#1] DEBUG block.SCMBlockDeletingService (SCMBlockDeletingService.java:call(138)) - Running DeletedBlockTransactionScanner
2019-09-17 12:48:56,769 [SCMBlockDeletingService#1] DEBUG block.SCMBlockDeletingService (SCMBlockDeletingService.java:call(155)) - Scanned deleted blocks log and got 0 delTX to process.
2019-09-17 12:48:56,818 [grpc-default-executor-2] INFO  client.GrpcClientProtocolClient (GrpcClientProtocolClient.java:onNext(264)) - client-E41C008B94D2->cb20f782-9136-4144-a2ef-e44461d35697: receive RaftClientReply:client-E41C008B94D2->cb20f782-9136-4144-a2ef-e44461d35697@group-EF222054BC57, cid=3315, SUCCESS, logIndex=4673, commits[cb20f782-9136-4144-a2ef-e44461d35697:c4674]
2019-09-17 12:48:56,818 [grpc-default-executor-2] INFO  client.GrpcClientProtocolClient (GrpcClientProtocolClient.java:onNext(264)) - client-E41C008B94D2->cb20f782-9136-4144-a2ef-e44461d35697: receive RaftClientReply:client-E41C008B94D2->cb20f782-9136-4144-a2ef-e44461d35697@group-EF222054BC57, cid=3316, SUCCESS, logIndex=4674, commits[cb20f782-9136-4144-a2ef-e44461d35697:c4675]
2019-09-17 12:48:56,838 [grpc-default-executor-2] INFO  client.GrpcClientProtocolClient (GrpcClientProtocolClient.java:onNext(264)) - client-E41C008B94D2->cb20f782-9136-4144-a2ef-e44461d35697: receive RaftClientReply:client-E41C008B94D2->cb20f782-9136-4144-a2ef-e44461d35697@group-EF222054BC57, cid=3317, SUCCESS, logIndex=4676, commits[cb20f782-9136-4144-a2ef-e44461d35697:c4679]
2019-09-17 12:48:56,838 [grpc-default-executor-2] INFO  client.GrpcClientProtocolClient (GrpcClientProtocolClient.java:onNext(264)) - client-E41C008B94D2->cb20f782-9136-4144-a2ef-e44461d35697: receive RaftClientReply:client-E41C008B94D2->cb20f782-9136-4144-a2ef-e44461d35697@group-EF222054BC57, cid=3318, SUCCESS, logIndex=4677, commits[cb20f782-9136-4144-a2ef-e44461d35697:c4679]
2019-09-17 12:48:56,839 [grpc-default-executor-2] INFO  client.GrpcClientProtocolClient (GrpcClientProtocolClient.java:onNext(264)) - client-E41C008B94D2->cb20f782-9136-4144-a2ef-e44461d35697: receive RaftClientReply:client-E41C008B94D2->cb20f782-9136-4144-a2ef-e44461d35697@group-EF222054BC57, cid=3319, SUCCESS, logIndex=4678, commits[cb20f782-9136-4144-a2ef-e44461d35697:c4680]
2019-09-17 12:48:56,839 [grpc-default-executor-2] INFO  client.GrpcClientProtocolClient (GrpcClientProtocolClient.java:onNext(264)) - client-E41C008B94D2->cb20f782-9136-4144-a2ef-e44461d35697: receive RaftClientReply:client-E41C008B94D2->cb20f782-9136-4144-a2ef-e44461d35697@group-EF222054BC57, cid=3320, SUCCESS, logIndex=4679, commits[cb20f782-9136-4144-a2ef-e44461d35697:c4680]
2019-09-17 12:48:56,866 [grpc-default-executor-1] INFO  client.GrpcClientProtocolClient (GrpcClientProtocolClient.java:onNext(264)) - client-E41C008B94D2->cb20f782-9136-4144-a2ef-e44461d35697: receive RaftClientReply:client-E41C008B94D2->cb20f782-9136-4144-a2ef-e44461d35697@group-EF222054BC57, cid=3321, SUCCESS, logIndex=4681, commits[cb20f782-9136-4144-a2ef-e44461d35697:c4682]
2019-09-17 12:48:56,867 [grpc-default-executor-1] INFO  client.GrpcClientProtocolClient (GrpcClientProtocolClient.java:onNext(264)) - client-E41C008B94D2->cb20f782-9136-4144-a2ef-e44461d35697: receive RaftClientReply:client-E41C008B94D2->cb20f782-9136-4144-a2ef-e44461d35697@group-EF222054BC57, cid=3322, SUCCESS, logIndex=4682, commits[cb20f782-9136-4144-a2ef-e44461d35697:c4684]
2019-09-17 12:48:56,867 [grpc-default-executor-1] INFO  client.GrpcClientProtocolClient (GrpcClientProtocolClient.java:onNext(264)) - client-E41C008B94D2->cb20f782-9136-4144-a2ef-e44461d35697: receive RaftClientReply:client-E41C008B94D2->cb20f782-9136-4144-a2ef-e44461d35697@group-EF222054BC57, cid=3323, SUCCESS, logIndex=4683, commits[cb20f782-9136-4144-a2ef-e44461d35697:c4685]
2019-09-17 12:48:56,867 [grpc-default-executor-1] INFO  client.GrpcClientProtocolClient (GrpcClientProtocolClient.java:onNext(264)) - client-E41C008B94D2->cb20f782-9136-4144-a2ef-e44461d35697: receive RaftClientReply:client-E41C008B94D2->cb20f782-9136-4144-a2ef-e44461d35697@group-EF222054BC57, cid=3324, SUCCESS, logIndex=4684, commits[cb20f782-9136-4144-a2ef-e44461d35697:c4685]
2019-09-17 12:48:56,873 [SCMBlockDeletingService#1] DEBUG block.SCMBlockDeletingService (SCMBlockDeletingService.java:call(138)) - Running DeletedBlockTransactionScanner
2019-09-17 12:48:56,873 [SCMBlockDeletingService#1] DEBUG block.SCMBlockDeletingService (SCMBlockDeletingService.java:call(155)) - Scanned deleted blocks log and got 0 delTX to process.
2019-09-17 12:48:56,892 [grpc-default-executor-1] INFO  client.GrpcClientProtocolClient (GrpcClientProtocolClient.java:onNext(264)) - client-E41C008B94D2->cb20f782-9136-4144-a2ef-e44461d35697: receive RaftClientReply:client-E41C008B94D2->cb20f782-9136-4144-a2ef-e44461d35697@group-EF222054BC57, cid=3325, SUCCESS, logIndex=4687, commits[cb20f782-9136-4144-a2ef-e44461d35697:c4689]
2019-09-17 12:48:56,893 [grpc-default-executor-1] INFO  client.GrpcClientProtocolClient (GrpcClientProtocolClient.java:onNext(264)) - client-E41C008B94D2->cb20f782-9136-4144-a2ef-e44461d35697: receive RaftClientReply:client-E41C008B94D2->cb20f782-9136-4144-a2ef-e44461d35697@group-EF222054BC57, cid=3326, SUCCESS, logIndex=4688, commits[cb20f782-9136-4144-a2ef-e44461d35697:c4689]
2019-09-17 12:48:56,893 [grpc-default-executor-1] INFO  client.GrpcClientProtocolClient (GrpcClientProtocolClient.java:onNext(264)) - client-E41C008B94D2->cb20f782-9136-4144-a2ef-e44461d35697: receive RaftClientReply:client-E41C008B94D2->cb20f782-9136-4144-a2ef-e44461d35697@group-EF222054BC57, cid=3327, SUCCESS, logIndex=4689, commits[cb20f782-9136-4144-a2ef-e44461d35697:c4689]
2019-09-17 12:48:56,893 [grpc-default-executor-1] INFO  client.GrpcClientProtocolClient (GrpcClientProtocolClient.java:onNext(264)) - client-E41C008B94D2->cb20f782-9136-4144-a2ef-e44461d35697: receive RaftClientReply:client-E41C008B94D2->cb20f782-9136-4144-a2ef-e44461d35697@group-EF222054BC57, cid=3328, SUCCESS, logIndex=4690, commits[cb20f782-9136-4144-a2ef-e44461d35697:c4690]
2019-09-17 12:48:56,922 [grpc-default-executor-1] INFO  client.GrpcClientProtocolClient (GrpcClientProtocolClient.java:onNext(264)) - client-E41C008B94D2->cb20f782-9136-4144-a2ef-e44461d35697: receive RaftClientReply:client-E41C008B94D2->cb20f782-9136-4144-a2ef-e44461d35697@group-EF222054BC57, cid=3329, SUCCESS, logIndex=4693, commits[cb20f782-9136-4144-a2ef-e44461d35697:c4694]
2019-09-17 12:48:56,922 [grpc-default-executor-1] INFO  client.GrpcClientProtocolClient (GrpcClientProtocolClient.java:onNext(264)) - client-E41C008B94D2->cb20f782-9136-4144-a2ef-e44461d35697: receive RaftClientReply:client-E41C008B94D2->cb20f782-9136-4144-a2ef-e44461d35697@group-EF222054BC57, cid=3330, SUCCESS, logIndex=4694, commits[cb20f782-9136-4144-a2ef-e44461d35697:c4696]
2019-09-17 12:48:56,923 [grpc-default-executor-1] INFO  client.GrpcClientProtocolClient (GrpcClientProtocolClient.java:onNext(264)) - client-E41C008B94D2->cb20f782-9136-4144-a2ef-e44461d35697: receive RaftClientReply:client-E41C008B94D2->cb20f782-9136-4144-a2ef-e44461d35697@group-EF222054BC57, cid=3331, SUCCESS, logIndex=4695, commits[cb20f782-9136-4144-a2ef-e44461d35697:c4697]
2019-09-17 12:48:56,923 [grpc-default-executor-1] INFO  client.GrpcClientProtocolClient (GrpcClientProtocolClient.java:onNext(264)) - client-E41C008B94D2->cb20f782-9136-4144-a2ef-e44461d35697: receive RaftClientReply:client-E41C008B94D2->cb20f782-9136-4144-a2ef-e44461d35697@group-EF222054BC57, cid=3332, SUCCESS, logIndex=4696, commits[cb20f782-9136-4144-a2ef-e44461d35697:c4697]
2019-09-17 12:48:56,940 [grpc-default-executor-1] INFO  client.GrpcClientProtocolClient (GrpcClientProtocolClient.java:onNext(264)) - client-E41C008B94D2->cb20f782-9136-4144-a2ef-e44461d35697: receive RaftClientReply:client-E41C008B94D2->cb20f782-9136-4144-a2ef-e44461d35697@group-EF222054BC57, cid=3333, SUCCESS, logIndex=4699, commits[cb20f782-9136-4144-a2ef-e44461d35697:c4700]
2019-09-17 12:48:56,941 [grpc-default-executor-1] INFO  client.GrpcClientProtocolClient (GrpcClientProtocolClient.java:onNext(264)) - client-E41C008B94D2->cb20f782-9136-4144-a2ef-e44461d35697: receive RaftClientReply:client-E41C008B94D2->cb20f782-9136-4144-a2ef-e44461d35697@group-EF222054BC57, cid=3334, SUCCESS, logIndex=4700, commits[cb20f782-9136-4144-a2ef-e44461d35697:c4702]
2019-09-17 12:48:56,941 [grpc-default-executor-1] INFO  client.GrpcClientProtocolClient (GrpcClientProtocolClient.java:onNext(264)) - client-E41C008B94D2->cb20f782-9136-4144-a2ef-e44461d35697: receive RaftClientReply:client-E41C008B94D2->cb20f782-9136-4144-a2ef-e44461d35697@group-EF222054BC57, cid=3335, SUCCESS, logIndex=4701, commits[cb20f782-9136-4144-a2ef-e44461d35697:c4702]
2019-09-17 12:48:56,941 [grpc-default-executor-1] INFO  client.GrpcClientProtocolClient (GrpcClientProtocolClient.java:onNext(264)) - client-E41C008B94D2->cb20f782-9136-4144-a2ef-e44461d35697: receive RaftClientReply:client-E41C008B94D2->cb20f782-9136-4144-a2ef-e44461d35697@group-EF222054BC57, cid=3336, SUCCESS, logIndex=4702, commits[cb20f782-9136-4144-a2ef-e44461d35697:c4703]
2019-09-17 12:48:56,971 [grpc-default-executor-1] INFO  client.GrpcClientProtocolClient (GrpcClientProtocolClient.java:onNext(264)) - client-E41C008B94D2->cb20f782-9136-4144-a2ef-e44461d35697: receive RaftClientReply:client-E41C008B94D2->cb20f782-9136-4144-a2ef-e44461d35697@group-EF222054BC57, cid=3337, SUCCESS, logIndex=4705, commits[cb20f782-9136-4144-a2ef-e44461d35697:c4708]
2019-09-17 12:48:56,971 [grpc-default-executor-1] INFO  client.GrpcClientProtocolClient (GrpcClientProtocolClient.java:onNext(264)) - client-E41C008B94D2->cb20f782-9136-4144-a2ef-e44461d35697: receive RaftClientReply:client-E41C008B94D2->cb20f782-9136-4144-a2ef-e44461d35697@group-EF222054BC57, cid=3338, SUCCESS, logIndex=4706, commits[cb20f782-9136-4144-a2ef-e44461d35697:c4709]
2019-09-17 12:48:56,971 [grpc-default-executor-1] INFO  client.GrpcClientProtocolClient (GrpcClientProtocolClient.java:onNext(264)) - client-E41C008B94D2->cb20f782-9136-4144-a2ef-e44461d35697: receive RaftClientReply:client-E41C008B94D2->cb20f782-9136-4144-a2ef-e44461d35697@group-EF222054BC57, cid=3339, SUCCESS, logIndex=4707, commits[cb20f782-9136-4144-a2ef-e44461d35697:c4709]
2019-09-17 12:48:56,972 [grpc-default-executor-1] INFO  client.GrpcClientProtocolClient (GrpcClientProtocolClient.java:onNext(264)) - client-E41C008B94D2->cb20f782-9136-4144-a2ef-e44461d35697: receive RaftClientReply:client-E41C008B94D2->cb20f782-9136-4144-a2ef-e44461d35697@group-EF222054BC57, cid=3340, SUCCESS, logIndex=4708, commits[cb20f782-9136-4144-a2ef-e44461d35697:c4709]
2019-09-17 12:48:56,974 [SCMBlockDeletingService#1] DEBUG block.SCMBlockDeletingService (SCMBlockDeletingService.java:call(138)) - Running DeletedBlockTransactionScanner
2019-09-17 12:48:56,974 [SCMBlockDeletingService#1] DEBUG block.SCMBlockDeletingService (SCMBlockDeletingService.java:call(155)) - Scanned deleted blocks log and got 0 delTX to process.
2019-09-17 12:48:56,989 [grpc-default-executor-2] INFO  client.GrpcClientProtocolClient (GrpcClientProtocolClient.java:onNext(264)) - client-E41C008B94D2->cb20f782-9136-4144-a2ef-e44461d35697: receive RaftClientReply:client-E41C008B94D2->cb20f782-9136-4144-a2ef-e44461d35697@group-EF222054BC57, cid=3341, SUCCESS, logIndex=4710, commits[cb20f782-9136-4144-a2ef-e44461d35697:c4711]
2019-09-17 12:48:56,989 [grpc-default-executor-2] INFO  client.GrpcClientProtocolClient (GrpcClientProtocolClient.java:onNext(264)) - client-E41C008B94D2->cb20f782-9136-4144-a2ef-e44461d35697: receive RaftClientReply:client-E41C008B94D2->cb20f782-9136-4144-a2ef-e44461d35697@group-EF222054BC57, cid=3342, SUCCESS, logIndex=4711, commits[cb20f782-9136-4144-a2ef-e44461d35697:c4713]
2019-09-17 12:48:56,990 [grpc-default-executor-2] INFO  client.GrpcClientProtocolClient (GrpcClientProtocolClient.java:onNext(264)) - client-E41C008B94D2->cb20f782-9136-4144-a2ef-e44461d35697: receive RaftClientReply:client-E41C008B94D2->cb20f782-9136-4144-a2ef-e44461d35697@group-EF222054BC57, cid=3343, SUCCESS, logIndex=4712, commits[cb20f782-9136-4144-a2ef-e44461d35697:c4713]
2019-09-17 12:48:56,990 [grpc-default-executor-2] INFO  client.GrpcClientProtocolClient (GrpcClientProtocolClient.java:onNext(264)) - client-E41C008B94D2->cb20f782-9136-4144-a2ef-e44461d35697: receive RaftClientReply:client-E41C008B94D2->cb20f782-9136-4144-a2ef-e44461d35697@group-EF222054BC57, cid=3344, SUCCESS, logIndex=4713, commits[cb20f782-9136-4144-a2ef-e44461d35697:c4713]
2019-09-17 12:48:57,015 [grpc-default-executor-2] INFO  client.GrpcClientProtocolClient (GrpcClientProtocolClient.java:onNext(264)) - client-E41C008B94D2->cb20f782-9136-4144-a2ef-e44461d35697: receive RaftClientReply:client-E41C008B94D2->cb20f782-9136-4144-a2ef-e44461d35697@group-EF222054BC57, cid=3345, SUCCESS, logIndex=4716, commits[cb20f782-9136-4144-a2ef-e44461d35697:c4719]
2019-09-17 12:48:57,016 [grpc-default-executor-2] INFO  client.GrpcClientProtocolClient (GrpcClientProtocolClient.java:onNext(264)) - client-E41C008B94D2->cb20f782-9136-4144-a2ef-e44461d35697: receive RaftClientReply:client-E41C008B94D2->cb20f782-9136-4144-a2ef-e44461d35697@group-EF222054BC57, cid=3346, SUCCESS, logIndex=4717, commits[cb20f782-9136-4144-a2ef-e44461d35697:c4719]
2019-09-17 12:48:57,016 [grpc-default-executor-2] INFO  client.GrpcClientProtocolClient (GrpcClientProtocolClient.java:onNext(264)) - client-E41C008B94D2->cb20f782-9136-4144-a2ef-e44461d35697: receive RaftClientReply:client-E41C008B94D2->cb20f782-9136-4144-a2ef-e44461d35697@group-EF222054BC57, cid=3347, SUCCESS, logIndex=4718, commits[cb20f782-9136-4144-a2ef-e44461d35697:c4720]
2019-09-17 12:48:57,016 [grpc-default-executor-2] INFO  client.GrpcClientProtocolClient (GrpcClientProtocolClient.java:onNext(264)) - client-E41C008B94D2->cb20f782-9136-4144-a2ef-e44461d35697: receive RaftClientReply:client-E41C008B94D2->cb20f782-9136-4144-a2ef-e44461d35697@group-EF222054BC57, cid=3348, SUCCESS, logIndex=4719, commits[cb20f782-9136-4144-a2ef-e44461d35697:c4720]
2019-09-17 12:48:57,035 [grpc-default-executor-1] INFO  client.GrpcClientProtocolClient (GrpcClientProtocolClient.java:onNext(264)) - client-E41C008B94D2->cb20f782-9136-4144-a2ef-e44461d35697: receive RaftClientReply:client-E41C008B94D2->cb20f782-9136-4144-a2ef-e44461d35697@group-EF222054BC57, cid=3349, SUCCESS, logIndex=4722, commits[cb20f782-9136-4144-a2ef-e44461d35697:c4725]
2019-09-17 12:48:57,035 [grpc-default-executor-1] INFO  client.GrpcClientProtocolClient (GrpcClientProtocolClient.java:onNext(264)) - client-E41C008B94D2->cb20f782-9136-4144-a2ef-e44461d35697: receive RaftClientReply:client-E41C008B94D2->cb20f782-9136-4144-a2ef-e44461d35697@group-EF222054BC57, cid=3350, SUCCESS, logIndex=4723, commits[cb20f782-9136-4144-a2ef-e44461d35697:c4725]
2019-09-17 12:48:57,036 [grpc-default-executor-1] INFO  client.GrpcClientProtocolClient (GrpcClientProtocolClient.java:onNext(264)) - client-E41C008B94D2->cb20f782-9136-4144-a2ef-e44461d35697: receive RaftClientReply:client-E41C008B94D2->cb20f782-9136-4144-a2ef-e44461d35697@group-EF222054BC57, cid=3351, SUCCESS, logIndex=4724, commits[cb20f782-9136-4144-a2ef-e44461d35697:c4726]
2019-09-17 12:48:57,036 [grpc-default-executor-1] INFO  client.GrpcClientProtocolClient (GrpcClientProtocolClient.java:onNext(264)) - client-E41C008B94D2->cb20f782-9136-4144-a2ef-e44461d35697: receive RaftClientReply:client-E41C008B94D2->cb20f782-9136-4144-a2ef-e44461d35697@group-EF222054BC57, cid=3352, SUCCESS, logIndex=4725, commits[cb20f782-9136-4144-a2ef-e44461d35697:c4726]
2019-09-17 12:48:57,065 [grpc-default-executor-1] INFO  client.GrpcClientProtocolClient (GrpcClientProtocolClient.java:onNext(264)) - client-E41C008B94D2->cb20f782-9136-4144-a2ef-e44461d35697: receive RaftClientReply:client-E41C008B94D2->cb20f782-9136-4144-a2ef-e44461d35697@group-EF222054BC57, cid=3353, SUCCESS, logIndex=4727, commits[cb20f782-9136-4144-a2ef-e44461d35697:c4730]
2019-09-17 12:48:57,066 [grpc-default-executor-1] INFO  client.GrpcClientProtocolClient (GrpcClientProtocolClient.java:onNext(264)) - client-E41C008B94D2->cb20f782-9136-4144-a2ef-e44461d35697: receive RaftClientReply:client-E41C008B94D2->cb20f782-9136-4144-a2ef-e44461d35697@group-EF222054BC57, cid=3354, SUCCESS, logIndex=4728, commits[cb20f782-9136-4144-a2ef-e44461d35697:c4731]
2019-09-17 12:48:57,066 [grpc-default-executor-1] INFO  client.GrpcClientProtocolClient (GrpcClientProtocolClient.java:onNext(264)) - client-E41C008B94D2->cb20f782-9136-4144-a2ef-e44461d35697: receive RaftClientReply:client-E41C008B94D2->cb20f782-9136-4144-a2ef-e44461d35697@group-EF222054BC57, cid=3355, SUCCESS, logIndex=4729, commits[cb20f782-9136-4144-a2ef-e44461d35697:c4731]
2019-09-17 12:48:57,066 [grpc-default-executor-1] INFO  client.GrpcClientProtocolClient (GrpcClientProtocolClient.java:onNext(264)) - client-E41C008B94D2->cb20f782-9136-4144-a2ef-e44461d35697: receive RaftClientReply:client-E41C008B94D2->cb20f782-9136-4144-a2ef-e44461d35697@group-EF222054BC57, cid=3356, SUCCESS, logIndex=4730, commits[cb20f782-9136-4144-a2ef-e44461d35697:c4731]
2019-09-17 12:48:57,075 [SCMBlockDeletingService#1] DEBUG block.SCMBlockDeletingService (SCMBlockDeletingService.java:call(138)) - Running DeletedBlockTransactionScanner
2019-09-17 12:48:57,075 [SCMBlockDeletingService#1] DEBUG block.SCMBlockDeletingService (SCMBlockDeletingService.java:call(155)) - Scanned deleted blocks log and got 0 delTX to process.
2019-09-17 12:48:57,112 [grpc-default-executor-2] INFO  client.GrpcClientProtocolClient (GrpcClientProtocolClient.java:onNext(264)) - client-E41C008B94D2->cb20f782-9136-4144-a2ef-e44461d35697: receive RaftClientReply:client-E41C008B94D2->cb20f782-9136-4144-a2ef-e44461d35697@group-EF222054BC57, cid=3357, SUCCESS, logIndex=4732, commits[cb20f782-9136-4144-a2ef-e44461d35697:c4733]
2019-09-17 12:48:57,112 [grpc-default-executor-2] INFO  client.GrpcClientProtocolClient (GrpcClientProtocolClient.java:onNext(264)) - client-E41C008B94D2->cb20f782-9136-4144-a2ef-e44461d35697: receive RaftClientReply:client-E41C008B94D2->cb20f782-9136-4144-a2ef-e44461d35697@group-EF222054BC57, cid=3358, SUCCESS, logIndex=4733, commits[cb20f782-9136-4144-a2ef-e44461d35697:c4733]
2019-09-17 12:48:57,174 [grpc-default-executor-1] INFO  client.GrpcClientProtocolClient (GrpcClientProtocolClient.java:onNext(264)) - client-E41C008B94D2->cb20f782-9136-4144-a2ef-e44461d35697: receive RaftClientReply:client-E41C008B94D2->cb20f782-9136-4144-a2ef-e44461d35697@group-EF222054BC57, cid=3359, SUCCESS, logIndex=4735, commits[cb20f782-9136-4144-a2ef-e44461d35697:c4736]
2019-09-17 12:48:57,175 [grpc-default-executor-1] INFO  client.GrpcClientProtocolClient (GrpcClientProtocolClient.java:onNext(264)) - client-E41C008B94D2->cb20f782-9136-4144-a2ef-e44461d35697: receive RaftClientReply:client-E41C008B94D2->cb20f782-9136-4144-a2ef-e44461d35697@group-EF222054BC57, cid=3360, SUCCESS, logIndex=4736, commits[cb20f782-9136-4144-a2ef-e44461d35697:c4736]
2019-09-17 12:48:57,175 [SCMBlockDeletingService#1] DEBUG block.SCMBlockDeletingService (SCMBlockDeletingService.java:call(138)) - Running DeletedBlockTransactionScanner
2019-09-17 12:48:57,175 [SCMBlockDeletingService#1] DEBUG block.SCMBlockDeletingService (SCMBlockDeletingService.java:call(155)) - Scanned deleted blocks log and got 0 delTX to process.
2019-09-17 12:48:57,207 [grpc-default-executor-2] INFO  client.GrpcClientProtocolClient (GrpcClientProtocolClient.java:onNext(264)) - client-E41C008B94D2->cb20f782-9136-4144-a2ef-e44461d35697: receive RaftClientReply:client-E41C008B94D2->cb20f782-9136-4144-a2ef-e44461d35697@group-EF222054BC57, cid=3361, SUCCESS, logIndex=4738, commits[cb20f782-9136-4144-a2ef-e44461d35697:c4741]
2019-09-17 12:48:57,207 [grpc-default-executor-2] INFO  client.GrpcClientProtocolClient (GrpcClientProtocolClient.java:onNext(264)) - client-E41C008B94D2->cb20f782-9136-4144-a2ef-e44461d35697: receive RaftClientReply:client-E41C008B94D2->cb20f782-9136-4144-a2ef-e44461d35697@group-EF222054BC57, cid=3362, SUCCESS, logIndex=4739, commits[cb20f782-9136-4144-a2ef-e44461d35697:c4741]
2019-09-17 12:48:57,207 [grpc-default-executor-2] INFO  client.GrpcClientProtocolClient (GrpcClientProtocolClient.java:onNext(264)) - client-E41C008B94D2->cb20f782-9136-4144-a2ef-e44461d35697: receive RaftClientReply:client-E41C008B94D2->cb20f782-9136-4144-a2ef-e44461d35697@group-EF222054BC57, cid=3363, SUCCESS, logIndex=4740, commits[cb20f782-9136-4144-a2ef-e44461d35697:c4742]
2019-09-17 12:48:57,208 [grpc-default-executor-2] INFO  client.GrpcClientProtocolClient (GrpcClientProtocolClient.java:onNext(264)) - client-E41C008B94D2->cb20f782-9136-4144-a2ef-e44461d35697: receive RaftClientReply:client-E41C008B94D2->cb20f782-9136-4144-a2ef-e44461d35697@group-EF222054BC57, cid=3364, SUCCESS, logIndex=4741, commits[cb20f782-9136-4144-a2ef-e44461d35697:c4742]
2019-09-17 12:48:57,225 [grpc-default-executor-2] INFO  client.GrpcClientProtocolClient (GrpcClientProtocolClient.java:onNext(264)) - client-E41C008B94D2->cb20f782-9136-4144-a2ef-e44461d35697: receive RaftClientReply:client-E41C008B94D2->cb20f782-9136-4144-a2ef-e44461d35697@group-EF222054BC57, cid=3365, SUCCESS, logIndex=4743, commits[cb20f782-9136-4144-a2ef-e44461d35697:c4746]
2019-09-17 12:48:57,226 [grpc-default-executor-2] INFO  client.GrpcClientProtocolClient (GrpcClientProtocolClient.java:onNext(264)) - client-E41C008B94D2->cb20f782-9136-4144-a2ef-e44461d35697: receive RaftClientReply:client-E41C008B94D2->cb20f782-9136-4144-a2ef-e44461d35697@group-EF222054BC57, cid=3366, SUCCESS, logIndex=4744, commits[cb20f782-9136-4144-a2ef-e44461d35697:c4747]
2019-09-17 12:48:57,226 [grpc-default-executor-2] INFO  client.GrpcClientProtocolClient (GrpcClientProtocolClient.java:onNext(264)) - client-E41C008B94D2->cb20f782-9136-4144-a2ef-e44461d35697: receive RaftClientReply:client-E41C008B94D2->cb20f782-9136-4144-a2ef-e44461d35697@group-EF222054BC57, cid=3367, SUCCESS, logIndex=4745, commits[cb20f782-9136-4144-a2ef-e44461d35697:c4747]
2019-09-17 12:48:57,226 [grpc-default-executor-2] INFO  client.GrpcClientProtocolClient (GrpcClientProtocolClient.java:onNext(264)) - client-E41C008B94D2->cb20f782-9136-4144-a2ef-e44461d35697: receive RaftClientReply:client-E41C008B94D2->cb20f782-9136-4144-a2ef-e44461d35697@group-EF222054BC57, cid=3368, SUCCESS, logIndex=4746, commits[cb20f782-9136-4144-a2ef-e44461d35697:c4747]
2019-09-17 12:48:57,254 [grpc-default-executor-2] INFO  client.GrpcClientProtocolClient (GrpcClientProtocolClient.java:onNext(264)) - client-E41C008B94D2->cb20f782-9136-4144-a2ef-e44461d35697: receive RaftClientReply:client-E41C008B94D2->cb20f782-9136-4144-a2ef-e44461d35697@group-EF222054BC57, cid=3369, SUCCESS, logIndex=4748, commits[cb20f782-9136-4144-a2ef-e44461d35697:c4751]
2019-09-17 12:48:57,255 [grpc-default-executor-2] INFO  client.GrpcClientProtocolClient (GrpcClientProtocolClient.java:onNext(264)) - client-E41C008B94D2->cb20f782-9136-4144-a2ef-e44461d35697: receive RaftClientReply:client-E41C008B94D2->cb20f782-9136-4144-a2ef-e44461d35697@group-EF222054BC57, cid=3370, SUCCESS, logIndex=4749, commits[cb20f782-9136-4144-a2ef-e44461d35697:c4751]
2019-09-17 12:48:57,255 [grpc-default-executor-2] INFO  client.GrpcClientProtocolClient (GrpcClientProtocolClient.java:onNext(264)) - client-E41C008B94D2->cb20f782-9136-4144-a2ef-e44461d35697: receive RaftClientReply:client-E41C008B94D2->cb20f782-9136-4144-a2ef-e44461d35697@group-EF222054BC57, cid=3371, SUCCESS, logIndex=4750, commits[cb20f782-9136-4144-a2ef-e44461d35697:c4751]
2019-09-17 12:48:57,255 [grpc-default-executor-2] INFO  client.GrpcClientProtocolClient (GrpcClientProtocolClient.java:onNext(264)) - client-E41C008B94D2->cb20f782-9136-4144-a2ef-e44461d35697: receive RaftClientReply:client-E41C008B94D2->cb20f782-9136-4144-a2ef-e44461d35697@group-EF222054BC57, cid=3372, SUCCESS, logIndex=4751, commits[cb20f782-9136-4144-a2ef-e44461d35697:c4752]
2019-09-17 12:48:57,273 [grpc-default-executor-2] INFO  client.GrpcClientProtocolClient (GrpcClientProtocolClient.java:onNext(264)) - client-E41C008B94D2->cb20f782-9136-4144-a2ef-e44461d35697: receive RaftClientReply:client-E41C008B94D2->cb20f782-9136-4144-a2ef-e44461d35697@group-EF222054BC57, cid=3373, SUCCESS, logIndex=4753, commits[cb20f782-9136-4144-a2ef-e44461d35697:c4754]
2019-09-17 12:48:57,273 [grpc-default-executor-2] INFO  client.GrpcClientProtocolClient (GrpcClientProtocolClient.java:onNext(264)) - client-E41C008B94D2->cb20f782-9136-4144-a2ef-e44461d35697: receive RaftClientReply:client-E41C008B94D2->cb20f782-9136-4144-a2ef-e44461d35697@group-EF222054BC57, cid=3374, SUCCESS, logIndex=4754, commits[cb20f782-9136-4144-a2ef-e44461d35697:c4756]
2019-09-17 12:48:57,273 [grpc-default-executor-2] INFO  client.GrpcClientProtocolClient (GrpcClientProtocolClient.java:onNext(264)) - client-E41C008B94D2->cb20f782-9136-4144-a2ef-e44461d35697: receive RaftClientReply:client-E41C008B94D2->cb20f782-9136-4144-a2ef-e44461d35697@group-EF222054BC57, cid=3375, SUCCESS, logIndex=4755, commits[cb20f782-9136-4144-a2ef-e44461d35697:c4756]
2019-09-17 12:48:57,273 [grpc-default-executor-2] INFO  client.GrpcClientProtocolClient (GrpcClientProtocolClient.java:onNext(264)) - client-E41C008B94D2->cb20f782-9136-4144-a2ef-e44461d35697: receive RaftClientReply:client-E41C008B94D2->cb20f782-9136-4144-a2ef-e44461d35697@group-EF222054BC57, cid=3376, SUCCESS, logIndex=4756, commits[cb20f782-9136-4144-a2ef-e44461d35697:c4756]
2019-09-17 12:48:57,276 [SCMBlockDeletingService#1] DEBUG block.SCMBlockDeletingService (SCMBlockDeletingService.java:call(138)) - Running DeletedBlockTransactionScanner
2019-09-17 12:48:57,276 [SCMBlockDeletingService#1] DEBUG block.SCMBlockDeletingService (SCMBlockDeletingService.java:call(155)) - Scanned deleted blocks log and got 0 delTX to process.
2019-09-17 12:48:57,299 [grpc-default-executor-1] INFO  client.GrpcClientProtocolClient (GrpcClientProtocolClient.java:onNext(264)) - client-E41C008B94D2->cb20f782-9136-4144-a2ef-e44461d35697: receive RaftClientReply:client-E41C008B94D2->cb20f782-9136-4144-a2ef-e44461d35697@group-EF222054BC57, cid=3377, SUCCESS, logIndex=4759, commits[cb20f782-9136-4144-a2ef-e44461d35697:c4762]
2019-09-17 12:48:57,300 [grpc-default-executor-1] INFO  client.GrpcClientProtocolClient (GrpcClientProtocolClient.java:onNext(264)) - client-E41C008B94D2->cb20f782-9136-4144-a2ef-e44461d35697: receive RaftClientReply:client-E41C008B94D2->cb20f782-9136-4144-a2ef-e44461d35697@group-EF222054BC57, cid=3378, SUCCESS, logIndex=4760, commits[cb20f782-9136-4144-a2ef-e44461d35697:c4763]
2019-09-17 12:48:57,300 [grpc-default-executor-1] INFO  client.GrpcClientProtocolClient (GrpcClientProtocolClient.java:onNext(264)) - client-E41C008B94D2->cb20f782-9136-4144-a2ef-e44461d35697: receive RaftClientReply:client-E41C008B94D2->cb20f782-9136-4144-a2ef-e44461d35697@group-EF222054BC57, cid=3379, SUCCESS, logIndex=4761, commits[cb20f782-9136-4144-a2ef-e44461d35697:c4763]
2019-09-17 12:48:57,300 [grpc-default-executor-1] INFO  client.GrpcClientProtocolClient (GrpcClientProtocolClient.java:onNext(264)) - client-E41C008B94D2->cb20f782-9136-4144-a2ef-e44461d35697: receive RaftClientReply:client-E41C008B94D2->cb20f782-9136-4144-a2ef-e44461d35697@group-EF222054BC57, cid=3380, SUCCESS, logIndex=4762, commits[cb20f782-9136-4144-a2ef-e44461d35697:c4763]
2019-09-17 12:48:57,317 [grpc-default-executor-1] INFO  client.GrpcClientProtocolClient (GrpcClientProtocolClient.java:onNext(264)) - client-E41C008B94D2->cb20f782-9136-4144-a2ef-e44461d35697: receive RaftClientReply:client-E41C008B94D2->cb20f782-9136-4144-a2ef-e44461d35697@group-EF222054BC57, cid=3381, SUCCESS, logIndex=4764, commits[cb20f782-9136-4144-a2ef-e44461d35697:c4765]
2019-09-17 12:48:57,317 [grpc-default-executor-1] INFO  client.GrpcClientProtocolClient (GrpcClientProtocolClient.java:onNext(264)) - client-E41C008B94D2->cb20f782-9136-4144-a2ef-e44461d35697: receive RaftClientReply:client-E41C008B94D2->cb20f782-9136-4144-a2ef-e44461d35697@group-EF222054BC57, cid=3382, SUCCESS, logIndex=4765, commits[cb20f782-9136-4144-a2ef-e44461d35697:c4767]
2019-09-17 12:48:57,317 [grpc-default-executor-1] INFO  client.GrpcClientProtocolClient (GrpcClientProtocolClient.java:onNext(264)) - client-E41C008B94D2->cb20f782-9136-4144-a2ef-e44461d35697: receive RaftClientReply:client-E41C008B94D2->cb20f782-9136-4144-a2ef-e44461d35697@group-EF222054BC57, cid=3383, SUCCESS, logIndex=4766, commits[cb20f782-9136-4144-a2ef-e44461d35697:c4767]
2019-09-17 12:48:57,317 [grpc-default-executor-1] INFO  client.GrpcClientProtocolClient (GrpcClientProtocolClient.java:onNext(264)) - client-E41C008B94D2->cb20f782-9136-4144-a2ef-e44461d35697: receive RaftClientReply:client-E41C008B94D2->cb20f782-9136-4144-a2ef-e44461d35697@group-EF222054BC57, cid=3384, SUCCESS, logIndex=4767, commits[cb20f782-9136-4144-a2ef-e44461d35697:c4768]
2019-09-17 12:48:57,348 [grpc-default-executor-1] INFO  client.GrpcClientProtocolClient (GrpcClientProtocolClient.java:onNext(264)) - client-E41C008B94D2->cb20f782-9136-4144-a2ef-e44461d35697: receive RaftClientReply:client-E41C008B94D2->cb20f782-9136-4144-a2ef-e44461d35697@group-EF222054BC57, cid=3385, SUCCESS, logIndex=4770, commits[cb20f782-9136-4144-a2ef-e44461d35697:c4773]
2019-09-17 12:48:57,348 [grpc-default-executor-1] INFO  client.GrpcClientProtocolClient (GrpcClientProtocolClient.java:onNext(264)) - client-E41C008B94D2->cb20f782-9136-4144-a2ef-e44461d35697: receive RaftClientReply:client-E41C008B94D2->cb20f782-9136-4144-a2ef-e44461d35697@group-EF222054BC57, cid=3386, SUCCESS, logIndex=4771, commits[cb20f782-9136-4144-a2ef-e44461d35697:c4773]
2019-09-17 12:48:57,348 [grpc-default-executor-1] INFO  client.GrpcClientProtocolClient (GrpcClientProtocolClient.java:onNext(264)) - client-E41C008B94D2->cb20f782-9136-4144-a2ef-e44461d35697: receive RaftClientReply:client-E41C008B94D2->cb20f782-9136-4144-a2ef-e44461d35697@group-EF222054BC57, cid=3387, SUCCESS, logIndex=4772, commits[cb20f782-9136-4144-a2ef-e44461d35697:c4773]
2019-09-17 12:48:57,349 [grpc-default-executor-1] INFO  client.GrpcClientProtocolClient (GrpcClientProtocolClient.java:onNext(264)) - client-E41C008B94D2->cb20f782-9136-4144-a2ef-e44461d35697: receive RaftClientReply:client-E41C008B94D2->cb20f782-9136-4144-a2ef-e44461d35697@group-EF222054BC57, cid=3388, SUCCESS, logIndex=4773, commits[cb20f782-9136-4144-a2ef-e44461d35697:c4774]
2019-09-17 12:48:57,369 [grpc-default-executor-1] INFO  client.GrpcClientProtocolClient (GrpcClientProtocolClient.java:onNext(264)) - client-E41C008B94D2->cb20f782-9136-4144-a2ef-e44461d35697: receive RaftClientReply:client-E41C008B94D2->cb20f782-9136-4144-a2ef-e44461d35697@group-EF222054BC57, cid=3389, SUCCESS, logIndex=4775, commits[cb20f782-9136-4144-a2ef-e44461d35697:c4778]
2019-09-17 12:48:57,369 [grpc-default-executor-1] INFO  client.GrpcClientProtocolClient (GrpcClientProtocolClient.java:onNext(264)) - client-E41C008B94D2->cb20f782-9136-4144-a2ef-e44461d35697: receive RaftClientReply:client-E41C008B94D2->cb20f782-9136-4144-a2ef-e44461d35697@group-EF222054BC57, cid=3390, SUCCESS, logIndex=4776, commits[cb20f782-9136-4144-a2ef-e44461d35697:c4779]
2019-09-17 12:48:57,369 [grpc-default-executor-1] INFO  client.GrpcClientProtocolClient (GrpcClientProtocolClient.java:onNext(264)) - client-E41C008B94D2->cb20f782-9136-4144-a2ef-e44461d35697: receive RaftClientReply:client-E41C008B94D2->cb20f782-9136-4144-a2ef-e44461d35697@group-EF222054BC57, cid=3391, SUCCESS, logIndex=4777, commits[cb20f782-9136-4144-a2ef-e44461d35697:c4779]
2019-09-17 12:48:57,369 [grpc-default-executor-1] INFO  client.GrpcClientProtocolClient (GrpcClientProtocolClient.java:onNext(264)) - client-E41C008B94D2->cb20f782-9136-4144-a2ef-e44461d35697: receive RaftClientReply:client-E41C008B94D2->cb20f782-9136-4144-a2ef-e44461d35697@group-EF222054BC57, cid=3392, SUCCESS, logIndex=4778, commits[cb20f782-9136-4144-a2ef-e44461d35697:c4779]
2019-09-17 12:48:57,376 [SCMBlockDeletingService#1] DEBUG block.SCMBlockDeletingService (SCMBlockDeletingService.java:call(138)) - Running DeletedBlockTransactionScanner
2019-09-17 12:48:57,376 [SCMBlockDeletingService#1] DEBUG block.SCMBlockDeletingService (SCMBlockDeletingService.java:call(155)) - Scanned deleted blocks log and got 0 delTX to process.
2019-09-17 12:48:57,396 [grpc-default-executor-1] INFO  client.GrpcClientProtocolClient (GrpcClientProtocolClient.java:onNext(264)) - client-E41C008B94D2->cb20f782-9136-4144-a2ef-e44461d35697: receive RaftClientReply:client-E41C008B94D2->cb20f782-9136-4144-a2ef-e44461d35697@group-EF222054BC57, cid=3393, SUCCESS, logIndex=4780, commits[cb20f782-9136-4144-a2ef-e44461d35697:c4783]
2019-09-17 12:48:57,397 [grpc-default-executor-1] INFO  client.GrpcClientProtocolClient (GrpcClientProtocolClient.java:onNext(264)) - client-E41C008B94D2->cb20f782-9136-4144-a2ef-e44461d35697: receive RaftClientReply:client-E41C008B94D2->cb20f782-9136-4144-a2ef-e44461d35697@group-EF222054BC57, cid=3394, SUCCESS, logIndex=4781, commits[cb20f782-9136-4144-a2ef-e44461d35697:c4783]
2019-09-17 12:48:57,397 [grpc-default-executor-1] INFO  client.GrpcClientProtocolClient (GrpcClientProtocolClient.java:onNext(264)) - client-E41C008B94D2->cb20f782-9136-4144-a2ef-e44461d35697: receive RaftClientReply:client-E41C008B94D2->cb20f782-9136-4144-a2ef-e44461d35697@group-EF222054BC57, cid=3395, SUCCESS, logIndex=4782, commits[cb20f782-9136-4144-a2ef-e44461d35697:c4783]
2019-09-17 12:48:57,397 [grpc-default-executor-1] INFO  client.GrpcClientProtocolClient (GrpcClientProtocolClient.java:onNext(264)) - client-E41C008B94D2->cb20f782-9136-4144-a2ef-e44461d35697: receive RaftClientReply:client-E41C008B94D2->cb20f782-9136-4144-a2ef-e44461d35697@group-EF222054BC57, cid=3396, SUCCESS, logIndex=4783, commits[cb20f782-9136-4144-a2ef-e44461d35697:c4784]
2019-09-17 12:48:57,415 [grpc-default-executor-1] INFO  client.GrpcClientProtocolClient (GrpcClientProtocolClient.java:onNext(264)) - client-E41C008B94D2->cb20f782-9136-4144-a2ef-e44461d35697: receive RaftClientReply:client-E41C008B94D2->cb20f782-9136-4144-a2ef-e44461d35697@group-EF222054BC57, cid=3397, SUCCESS, logIndex=4785, commits[cb20f782-9136-4144-a2ef-e44461d35697:c4786]
2019-09-17 12:48:57,415 [grpc-default-executor-1] INFO  client.GrpcClientProtocolClient (GrpcClientProtocolClient.java:onNext(264)) - client-E41C008B94D2->cb20f782-9136-4144-a2ef-e44461d35697: receive RaftClientReply:client-E41C008B94D2->cb20f782-9136-4144-a2ef-e44461d35697@group-EF222054BC57, cid=3398, SUCCESS, logIndex=4786, commits[cb20f782-9136-4144-a2ef-e44461d35697:c4786]
2019-09-17 12:48:57,415 [grpc-default-executor-1] INFO  client.GrpcClientProtocolClient (GrpcClientProtocolClient.java:onNext(264)) - client-E41C008B94D2->cb20f782-9136-4144-a2ef-e44461d35697: receive RaftClientReply:client-E41C008B94D2->cb20f782-9136-4144-a2ef-e44461d35697@group-EF222054BC57, cid=3399, SUCCESS, logIndex=4787, commits[cb20f782-9136-4144-a2ef-e44461d35697:c4788]
2019-09-17 12:48:57,415 [grpc-default-executor-1] INFO  client.GrpcClientProtocolClient (GrpcClientProtocolClient.java:onNext(264)) - client-E41C008B94D2->cb20f782-9136-4144-a2ef-e44461d35697: receive RaftClientReply:client-E41C008B94D2->cb20f782-9136-4144-a2ef-e44461d35697@group-EF222054BC57, cid=3400, SUCCESS, logIndex=4788, commits[cb20f782-9136-4144-a2ef-e44461d35697:c4788]
2019-09-17 12:48:57,477 [SCMBlockDeletingService#1] DEBUG block.SCMBlockDeletingService (SCMBlockDeletingService.java:call(138)) - Running DeletedBlockTransactionScanner
2019-09-17 12:48:57,477 [SCMBlockDeletingService#1] DEBUG block.SCMBlockDeletingService (SCMBlockDeletingService.java:call(155)) - Scanned deleted blocks log and got 0 delTX to process.
2019-09-17 12:48:57,490 [grpc-default-executor-2] INFO  client.GrpcClientProtocolClient (GrpcClientProtocolClient.java:onNext(264)) - client-E41C008B94D2->cb20f782-9136-4144-a2ef-e44461d35697: receive RaftClientReply:client-E41C008B94D2->cb20f782-9136-4144-a2ef-e44461d35697@group-EF222054BC57, cid=3401, SUCCESS, logIndex=4791, commits[cb20f782-9136-4144-a2ef-e44461d35697:c4792]
2019-09-17 12:48:57,491 [grpc-default-executor-2] INFO  client.GrpcClientProtocolClient (GrpcClientProtocolClient.java:onNext(264)) - client-E41C008B94D2->cb20f782-9136-4144-a2ef-e44461d35697: receive RaftClientReply:client-E41C008B94D2->cb20f782-9136-4144-a2ef-e44461d35697@group-EF222054BC57, cid=3402, SUCCESS, logIndex=4792, commits[cb20f782-9136-4144-a2ef-e44461d35697:c4793]
2019-09-17 12:48:57,577 [SCMBlockDeletingService#1] DEBUG block.SCMBlockDeletingService (SCMBlockDeletingService.java:call(138)) - Running DeletedBlockTransactionScanner
2019-09-17 12:48:57,578 [SCMBlockDeletingService#1] DEBUG block.SCMBlockDeletingService (SCMBlockDeletingService.java:call(155)) - Scanned deleted blocks log and got 0 delTX to process.
2019-09-17 12:48:57,638 [grpc-default-executor-1] INFO  client.GrpcClientProtocolClient (GrpcClientProtocolClient.java:onNext(264)) - client-E41C008B94D2->cb20f782-9136-4144-a2ef-e44461d35697: receive RaftClientReply:client-E41C008B94D2->cb20f782-9136-4144-a2ef-e44461d35697@group-EF222054BC57, cid=3403, SUCCESS, logIndex=4794, commits[cb20f782-9136-4144-a2ef-e44461d35697:c4795]
2019-09-17 12:48:57,639 [grpc-default-executor-1] INFO  client.GrpcClientProtocolClient (GrpcClientProtocolClient.java:onNext(264)) - client-E41C008B94D2->cb20f782-9136-4144-a2ef-e44461d35697: receive RaftClientReply:client-E41C008B94D2->cb20f782-9136-4144-a2ef-e44461d35697@group-EF222054BC57, cid=3404, SUCCESS, logIndex=4795, commits[cb20f782-9136-4144-a2ef-e44461d35697:c4796]
2019-09-17 12:48:57,661 [grpc-default-executor-1] INFO  client.GrpcClientProtocolClient (GrpcClientProtocolClient.java:onNext(264)) - client-E41C008B94D2->cb20f782-9136-4144-a2ef-e44461d35697: receive RaftClientReply:client-E41C008B94D2->cb20f782-9136-4144-a2ef-e44461d35697@group-EF222054BC57, cid=3405, SUCCESS, logIndex=4797, commits[cb20f782-9136-4144-a2ef-e44461d35697:c4800]
2019-09-17 12:48:57,662 [grpc-default-executor-1] INFO  client.GrpcClientProtocolClient (GrpcClientProtocolClient.java:onNext(264)) - client-E41C008B94D2->cb20f782-9136-4144-a2ef-e44461d35697: receive RaftClientReply:client-E41C008B94D2->cb20f782-9136-4144-a2ef-e44461d35697@group-EF222054BC57, cid=3406, SUCCESS, logIndex=4798, commits[cb20f782-9136-4144-a2ef-e44461d35697:c4800]
2019-09-17 12:48:57,663 [grpc-default-executor-1] INFO  client.GrpcClientProtocolClient (GrpcClientProtocolClient.java:onNext(264)) - client-E41C008B94D2->cb20f782-9136-4144-a2ef-e44461d35697: receive RaftClientReply:client-E41C008B94D2->cb20f782-9136-4144-a2ef-e44461d35697@group-EF222054BC57, cid=3407, SUCCESS, logIndex=4799, commits[cb20f782-9136-4144-a2ef-e44461d35697:c4801]
2019-09-17 12:48:57,663 [grpc-default-executor-1] INFO  client.GrpcClientProtocolClient (GrpcClientProtocolClient.java:onNext(264)) - client-E41C008B94D2->cb20f782-9136-4144-a2ef-e44461d35697: receive RaftClientReply:client-E41C008B94D2->cb20f782-9136-4144-a2ef-e44461d35697@group-EF222054BC57, cid=3408, SUCCESS, logIndex=4800, commits[cb20f782-9136-4144-a2ef-e44461d35697:c4802]
2019-09-17 12:48:57,678 [SCMBlockDeletingService#1] DEBUG block.SCMBlockDeletingService (SCMBlockDeletingService.java:call(138)) - Running DeletedBlockTransactionScanner
2019-09-17 12:48:57,678 [SCMBlockDeletingService#1] DEBUG block.SCMBlockDeletingService (SCMBlockDeletingService.java:call(155)) - Scanned deleted blocks log and got 0 delTX to process.
2019-09-17 12:48:57,697 [grpc-default-executor-1] INFO  client.GrpcClientProtocolClient (GrpcClientProtocolClient.java:onNext(264)) - client-E41C008B94D2->cb20f782-9136-4144-a2ef-e44461d35697: receive RaftClientReply:client-E41C008B94D2->cb20f782-9136-4144-a2ef-e44461d35697@group-EF222054BC57, cid=3409, SUCCESS, logIndex=4803, commits[cb20f782-9136-4144-a2ef-e44461d35697:c4804]
2019-09-17 12:48:57,698 [grpc-default-executor-1] INFO  client.GrpcClientProtocolClient (GrpcClientProtocolClient.java:onNext(264)) - client-E41C008B94D2->cb20f782-9136-4144-a2ef-e44461d35697: receive RaftClientReply:client-E41C008B94D2->cb20f782-9136-4144-a2ef-e44461d35697@group-EF222054BC57, cid=3410, SUCCESS, logIndex=4804, commits[cb20f782-9136-4144-a2ef-e44461d35697:c4806]
2019-09-17 12:48:57,698 [grpc-default-executor-1] INFO  client.GrpcClientProtocolClient (GrpcClientProtocolClient.java:onNext(264)) - client-E41C008B94D2->cb20f782-9136-4144-a2ef-e44461d35697: receive RaftClientReply:client-E41C008B94D2->cb20f782-9136-4144-a2ef-e44461d35697@group-EF222054BC57, cid=3411, SUCCESS, logIndex=4805, commits[cb20f782-9136-4144-a2ef-e44461d35697:c4807]
2019-09-17 12:48:57,698 [grpc-default-executor-1] INFO  client.GrpcClientProtocolClient (GrpcClientProtocolClient.java:onNext(264)) - client-E41C008B94D2->cb20f782-9136-4144-a2ef-e44461d35697: receive RaftClientReply:client-E41C008B94D2->cb20f782-9136-4144-a2ef-e44461d35697@group-EF222054BC57, cid=3412, SUCCESS, logIndex=4806, commits[cb20f782-9136-4144-a2ef-e44461d35697:c4807]
2019-09-17 12:48:57,719 [grpc-default-executor-1] INFO  client.GrpcClientProtocolClient (GrpcClientProtocolClient.java:onNext(264)) - client-E41C008B94D2->cb20f782-9136-4144-a2ef-e44461d35697: receive RaftClientReply:client-E41C008B94D2->cb20f782-9136-4144-a2ef-e44461d35697@group-EF222054BC57, cid=3413, SUCCESS, logIndex=4809, commits[cb20f782-9136-4144-a2ef-e44461d35697:c4810]
2019-09-17 12:48:57,719 [grpc-default-executor-1] INFO  client.GrpcClientProtocolClient (GrpcClientProtocolClient.java:onNext(264)) - client-E41C008B94D2->cb20f782-9136-4144-a2ef-e44461d35697: receive RaftClientReply:client-E41C008B94D2->cb20f782-9136-4144-a2ef-e44461d35697@group-EF222054BC57, cid=3414, SUCCESS, logIndex=4810, commits[cb20f782-9136-4144-a2ef-e44461d35697:c4812]
2019-09-17 12:48:57,720 [grpc-default-executor-1] INFO  client.GrpcClientProtocolClient (GrpcClientProtocolClient.java:onNext(264)) - client-E41C008B94D2->cb20f782-9136-4144-a2ef-e44461d35697: receive RaftClientReply:client-E41C008B94D2->cb20f782-9136-4144-a2ef-e44461d35697@group-EF222054BC57, cid=3415, SUCCESS, logIndex=4811, commits[cb20f782-9136-4144-a2ef-e44461d35697:c4813]
2019-09-17 12:48:57,721 [grpc-default-executor-1] INFO  client.GrpcClientProtocolClient (GrpcClientProtocolClient.java:onNext(264)) - client-E41C008B94D2->cb20f782-9136-4144-a2ef-e44461d35697: receive RaftClientReply:client-E41C008B94D2->cb20f782-9136-4144-a2ef-e44461d35697@group-EF222054BC57, cid=3416, SUCCESS, logIndex=4812, commits[cb20f782-9136-4144-a2ef-e44461d35697:c4813]
2019-09-17 12:48:57,753 [grpc-default-executor-1] INFO  client.GrpcClientProtocolClient (GrpcClientProtocolClient.java:onNext(264)) - client-E41C008B94D2->cb20f782-9136-4144-a2ef-e44461d35697: receive RaftClientReply:client-E41C008B94D2->cb20f782-9136-4144-a2ef-e44461d35697@group-EF222054BC57, cid=3417, SUCCESS, logIndex=4815, commits[cb20f782-9136-4144-a2ef-e44461d35697:c4816]
2019-09-17 12:48:57,762 [grpc-default-executor-1] INFO  client.GrpcClientProtocolClient (GrpcClientProtocolClient.java:onNext(264)) - client-E41C008B94D2->cb20f782-9136-4144-a2ef-e44461d35697: receive RaftClientReply:client-E41C008B94D2->cb20f782-9136-4144-a2ef-e44461d35697@group-EF222054BC57, cid=3418, SUCCESS, logIndex=4816, commits[cb20f782-9136-4144-a2ef-e44461d35697:c4816]
2019-09-17 12:48:57,771 [grpc-default-executor-1] INFO  client.GrpcClientProtocolClient (GrpcClientProtocolClient.java:onNext(264)) - client-E41C008B94D2->cb20f782-9136-4144-a2ef-e44461d35697: receive RaftClientReply:client-E41C008B94D2->cb20f782-9136-4144-a2ef-e44461d35697@group-EF222054BC57, cid=3419, SUCCESS, logIndex=4817, commits[cb20f782-9136-4144-a2ef-e44461d35697:c4819]
2019-09-17 12:48:57,772 [grpc-default-executor-1] INFO  client.GrpcClientProtocolClient (GrpcClientProtocolClient.java:onNext(264)) - client-E41C008B94D2->cb20f782-9136-4144-a2ef-e44461d35697: receive RaftClientReply:client-E41C008B94D2->cb20f782-9136-4144-a2ef-e44461d35697@group-EF222054BC57, cid=3420, SUCCESS, logIndex=4818, commits[cb20f782-9136-4144-a2ef-e44461d35697:c4819]
2019-09-17 12:48:57,779 [SCMBlockDeletingService#1] DEBUG block.SCMBlockDeletingService (SCMBlockDeletingService.java:call(138)) - Running DeletedBlockTransactionScanner
2019-09-17 12:48:57,779 [SCMBlockDeletingService#1] DEBUG block.SCMBlockDeletingService (SCMBlockDeletingService.java:call(155)) - Scanned deleted blocks log and got 0 delTX to process.
2019-09-17 12:48:57,792 [grpc-default-executor-1] INFO  client.GrpcClientProtocolClient (GrpcClientProtocolClient.java:onNext(264)) - client-E41C008B94D2->cb20f782-9136-4144-a2ef-e44461d35697: receive RaftClientReply:client-E41C008B94D2->cb20f782-9136-4144-a2ef-e44461d35697@group-EF222054BC57, cid=3421, SUCCESS, logIndex=4820, commits[cb20f782-9136-4144-a2ef-e44461d35697:c4821]
2019-09-17 12:48:57,792 [grpc-default-executor-1] INFO  client.GrpcClientProtocolClient (GrpcClientProtocolClient.java:onNext(264)) - client-E41C008B94D2->cb20f782-9136-4144-a2ef-e44461d35697: receive RaftClientReply:client-E41C008B94D2->cb20f782-9136-4144-a2ef-e44461d35697@group-EF222054BC57, cid=3422, SUCCESS, logIndex=4821, commits[cb20f782-9136-4144-a2ef-e44461d35697:c4823]
2019-09-17 12:48:57,793 [grpc-default-executor-1] INFO  client.GrpcClientProtocolClient (GrpcClientProtocolClient.java:onNext(264)) - client-E41C008B94D2->cb20f782-9136-4144-a2ef-e44461d35697: receive RaftClientReply:client-E41C008B94D2->cb20f782-9136-4144-a2ef-e44461d35697@group-EF222054BC57, cid=3423, SUCCESS, logIndex=4822, commits[cb20f782-9136-4144-a2ef-e44461d35697:c4823]
2019-09-17 12:48:57,793 [grpc-default-executor-1] INFO  client.GrpcClientProtocolClient (GrpcClientProtocolClient.java:onNext(264)) - client-E41C008B94D2->cb20f782-9136-4144-a2ef-e44461d35697: receive RaftClientReply:client-E41C008B94D2->cb20f782-9136-4144-a2ef-e44461d35697@group-EF222054BC57, cid=3424, SUCCESS, logIndex=4823, commits[cb20f782-9136-4144-a2ef-e44461d35697:c4824]
2019-09-17 12:48:57,826 [grpc-default-executor-1] INFO  client.GrpcClientProtocolClient (GrpcClientProtocolClient.java:onNext(264)) - client-E41C008B94D2->cb20f782-9136-4144-a2ef-e44461d35697: receive RaftClientReply:client-E41C008B94D2->cb20f782-9136-4144-a2ef-e44461d35697@group-EF222054BC57, cid=3425, SUCCESS, logIndex=4826, commits[cb20f782-9136-4144-a2ef-e44461d35697:c4827]
2019-09-17 12:48:57,826 [grpc-default-executor-1] INFO  client.GrpcClientProtocolClient (GrpcClientProtocolClient.java:onNext(264)) - client-E41C008B94D2->cb20f782-9136-4144-a2ef-e44461d35697: receive RaftClientReply:client-E41C008B94D2->cb20f782-9136-4144-a2ef-e44461d35697@group-EF222054BC57, cid=3426, SUCCESS, logIndex=4827, commits[cb20f782-9136-4144-a2ef-e44461d35697:c4829]
2019-09-17 12:48:57,827 [grpc-default-executor-1] INFO  client.GrpcClientProtocolClient (GrpcClientProtocolClient.java:onNext(264)) - client-E41C008B94D2->cb20f782-9136-4144-a2ef-e44461d35697: receive RaftClientReply:client-E41C008B94D2->cb20f782-9136-4144-a2ef-e44461d35697@group-EF222054BC57, cid=3427, SUCCESS, logIndex=4828, commits[cb20f782-9136-4144-a2ef-e44461d35697:c4829]
2019-09-17 12:48:57,827 [grpc-default-executor-1] INFO  client.GrpcClientProtocolClient (GrpcClientProtocolClient.java:onNext(264)) - client-E41C008B94D2->cb20f782-9136-4144-a2ef-e44461d35697: receive RaftClientReply:client-E41C008B94D2->cb20f782-9136-4144-a2ef-e44461d35697@group-EF222054BC57, cid=3428, SUCCESS, logIndex=4829, commits[cb20f782-9136-4144-a2ef-e44461d35697:c4830]
2019-09-17 12:48:57,848 [grpc-default-executor-2] INFO  client.GrpcClientProtocolClient (GrpcClientProtocolClient.java:onNext(264)) - client-E41C008B94D2->cb20f782-9136-4144-a2ef-e44461d35697: receive RaftClientReply:client-E41C008B94D2->cb20f782-9136-4144-a2ef-e44461d35697@group-EF222054BC57, cid=3429, SUCCESS, logIndex=4832, commits[cb20f782-9136-4144-a2ef-e44461d35697:c4833]
2019-09-17 12:48:57,848 [grpc-default-executor-2] INFO  client.GrpcClientProtocolClient (GrpcClientProtocolClient.java:onNext(264)) - client-E41C008B94D2->cb20f782-9136-4144-a2ef-e44461d35697: receive RaftClientReply:client-E41C008B94D2->cb20f782-9136-4144-a2ef-e44461d35697@group-EF222054BC57, cid=3430, SUCCESS, logIndex=4833, commits[cb20f782-9136-4144-a2ef-e44461d35697:c4835]
2019-09-17 12:48:57,849 [grpc-default-executor-2] INFO  client.GrpcClientProtocolClient (GrpcClientProtocolClient.java:onNext(264)) - client-E41C008B94D2->cb20f782-9136-4144-a2ef-e44461d35697: receive RaftClientReply:client-E41C008B94D2->cb20f782-9136-4144-a2ef-e44461d35697@group-EF222054BC57, cid=3431, SUCCESS, logIndex=4834, commits[cb20f782-9136-4144-a2ef-e44461d35697:c4835]
2019-09-17 12:48:57,850 [grpc-default-executor-2] INFO  client.GrpcClientProtocolClient (GrpcClientProtocolClient.java:onNext(264)) - client-E41C008B94D2->cb20f782-9136-4144-a2ef-e44461d35697: receive RaftClientReply:client-E41C008B94D2->cb20f782-9136-4144-a2ef-e44461d35697@group-EF222054BC57, cid=3432, SUCCESS, logIndex=4835, commits[cb20f782-9136-4144-a2ef-e44461d35697:c4836]
2019-09-17 12:48:57,879 [SCMBlockDeletingService#0] DEBUG block.SCMBlockDeletingService (SCMBlockDeletingService.java:call(138)) - Running DeletedBlockTransactionScanner
2019-09-17 12:48:57,880 [SCMBlockDeletingService#0] DEBUG block.SCMBlockDeletingService (SCMBlockDeletingService.java:call(155)) - Scanned deleted blocks log and got 0 delTX to process.
2019-09-17 12:48:57,891 [grpc-default-executor-1] INFO  client.GrpcClientProtocolClient (GrpcClientProtocolClient.java:onNext(264)) - client-E41C008B94D2->cb20f782-9136-4144-a2ef-e44461d35697: receive RaftClientReply:client-E41C008B94D2->cb20f782-9136-4144-a2ef-e44461d35697@group-EF222054BC57, cid=3433, SUCCESS, logIndex=4838, commits[cb20f782-9136-4144-a2ef-e44461d35697:c4839]
2019-09-17 12:48:57,892 [grpc-default-executor-1] INFO  client.GrpcClientProtocolClient (GrpcClientProtocolClient.java:onNext(264)) - client-E41C008B94D2->cb20f782-9136-4144-a2ef-e44461d35697: receive RaftClientReply:client-E41C008B94D2->cb20f782-9136-4144-a2ef-e44461d35697@group-EF222054BC57, cid=3434, SUCCESS, logIndex=4839, commits[cb20f782-9136-4144-a2ef-e44461d35697:c4842]
2019-09-17 12:48:57,892 [grpc-default-executor-1] INFO  client.GrpcClientProtocolClient (GrpcClientProtocolClient.java:onNext(264)) - client-E41C008B94D2->cb20f782-9136-4144-a2ef-e44461d35697: receive RaftClientReply:client-E41C008B94D2->cb20f782-9136-4144-a2ef-e44461d35697@group-EF222054BC57, cid=3435, SUCCESS, logIndex=4840, commits[cb20f782-9136-4144-a2ef-e44461d35697:c4842]
2019-09-17 12:48:57,892 [grpc-default-executor-1] INFO  client.GrpcClientProtocolClient (GrpcClientProtocolClient.java:onNext(264)) - client-E41C008B94D2->cb20f782-9136-4144-a2ef-e44461d35697: receive RaftClientReply:client-E41C008B94D2->cb20f782-9136-4144-a2ef-e44461d35697@group-EF222054BC57, cid=3436, SUCCESS, logIndex=4841, commits[cb20f782-9136-4144-a2ef-e44461d35697:c4843]
2019-09-17 12:48:57,920 [grpc-default-executor-2] INFO  client.GrpcClientProtocolClient (GrpcClientProtocolClient.java:onNext(264)) - client-E41C008B94D2->cb20f782-9136-4144-a2ef-e44461d35697: receive RaftClientReply:client-E41C008B94D2->cb20f782-9136-4144-a2ef-e44461d35697@group-EF222054BC57, cid=3437, SUCCESS, logIndex=4844, commits[cb20f782-9136-4144-a2ef-e44461d35697:c4847]
2019-09-17 12:48:57,921 [grpc-default-executor-2] INFO  client.GrpcClientProtocolClient (GrpcClientProtocolClient.java:onNext(264)) - client-E41C008B94D2->cb20f782-9136-4144-a2ef-e44461d35697: receive RaftClientReply:client-E41C008B94D2->cb20f782-9136-4144-a2ef-e44461d35697@group-EF222054BC57, cid=3438, SUCCESS, logIndex=4845, commits[cb20f782-9136-4144-a2ef-e44461d35697:c4848]
2019-09-17 12:48:57,921 [grpc-default-executor-2] INFO  client.GrpcClientProtocolClient (GrpcClientProtocolClient.java:onNext(264)) - client-E41C008B94D2->cb20f782-9136-4144-a2ef-e44461d35697: receive RaftClientReply:client-E41C008B94D2->cb20f782-9136-4144-a2ef-e44461d35697@group-EF222054BC57, cid=3439, SUCCESS, logIndex=4846, commits[cb20f782-9136-4144-a2ef-e44461d35697:c4848]
2019-09-17 12:48:57,922 [grpc-default-executor-2] INFO  client.GrpcClientProtocolClient (GrpcClientProtocolClient.java:onNext(264)) - client-E41C008B94D2->cb20f782-9136-4144-a2ef-e44461d35697: receive RaftClientReply:client-E41C008B94D2->cb20f782-9136-4144-a2ef-e44461d35697@group-EF222054BC57, cid=3440, SUCCESS, logIndex=4847, commits[cb20f782-9136-4144-a2ef-e44461d35697:c4848]
2019-09-17 12:48:57,958 [grpc-default-executor-1] INFO  client.GrpcClientProtocolClient (GrpcClientProtocolClient.java:onNext(264)) - client-E41C008B94D2->cb20f782-9136-4144-a2ef-e44461d35697: receive RaftClientReply:client-E41C008B94D2->cb20f782-9136-4144-a2ef-e44461d35697@group-EF222054BC57, cid=3441, SUCCESS, logIndex=4849, commits[cb20f782-9136-4144-a2ef-e44461d35697:c4852]
2019-09-17 12:48:57,959 [grpc-default-executor-1] INFO  client.GrpcClientProtocolClient (GrpcClientProtocolClient.java:onNext(264)) - client-E41C008B94D2->cb20f782-9136-4144-a2ef-e44461d35697: receive RaftClientReply:client-E41C008B94D2->cb20f782-9136-4144-a2ef-e44461d35697@group-EF222054BC57, cid=3442, SUCCESS, logIndex=4850, commits[cb20f782-9136-4144-a2ef-e44461d35697:c4852]
2019-09-17 12:48:57,959 [grpc-default-executor-1] INFO  client.GrpcClientProtocolClient (GrpcClientProtocolClient.java:onNext(264)) - client-E41C008B94D2->cb20f782-9136-4144-a2ef-e44461d35697: receive RaftClientReply:client-E41C008B94D2->cb20f782-9136-4144-a2ef-e44461d35697@group-EF222054BC57, cid=3443, SUCCESS, logIndex=4851, commits[cb20f782-9136-4144-a2ef-e44461d35697:c4853]
2019-09-17 12:48:57,960 [grpc-default-executor-1] INFO  client.GrpcClientProtocolClient (GrpcClientProtocolClient.java:onNext(264)) - client-E41C008B94D2->cb20f782-9136-4144-a2ef-e44461d35697: receive RaftClientReply:client-E41C008B94D2->cb20f782-9136-4144-a2ef-e44461d35697@group-EF222054BC57, cid=3444, SUCCESS, logIndex=4852, commits[cb20f782-9136-4144-a2ef-e44461d35697:c4853]
2019-09-17 12:48:57,980 [SCMBlockDeletingService#0] DEBUG block.SCMBlockDeletingService (SCMBlockDeletingService.java:call(138)) - Running DeletedBlockTransactionScanner
2019-09-17 12:48:57,980 [SCMBlockDeletingService#0] DEBUG block.SCMBlockDeletingService (SCMBlockDeletingService.java:call(155)) - Scanned deleted blocks log and got 0 delTX to process.
2019-09-17 12:48:57,982 [grpc-default-executor-1] INFO  client.GrpcClientProtocolClient (GrpcClientProtocolClient.java:onNext(264)) - client-E41C008B94D2->cb20f782-9136-4144-a2ef-e44461d35697: receive RaftClientReply:client-E41C008B94D2->cb20f782-9136-4144-a2ef-e44461d35697@group-EF222054BC57, cid=3445, SUCCESS, logIndex=4854, commits[cb20f782-9136-4144-a2ef-e44461d35697:c4857]
2019-09-17 12:48:57,982 [grpc-default-executor-1] INFO  client.GrpcClientProtocolClient (GrpcClientProtocolClient.java:onNext(264)) - client-E41C008B94D2->cb20f782-9136-4144-a2ef-e44461d35697: receive RaftClientReply:client-E41C008B94D2->cb20f782-9136-4144-a2ef-e44461d35697@group-EF222054BC57, cid=3446, SUCCESS, logIndex=4855, commits[cb20f782-9136-4144-a2ef-e44461d35697:c4858]
2019-09-17 12:48:57,983 [grpc-default-executor-1] INFO  client.GrpcClientProtocolClient (GrpcClientProtocolClient.java:onNext(264)) - client-E41C008B94D2->cb20f782-9136-4144-a2ef-e44461d35697: receive RaftClientReply:client-E41C008B94D2->cb20f782-9136-4144-a2ef-e44461d35697@group-EF222054BC57, cid=3447, SUCCESS, logIndex=4856, commits[cb20f782-9136-4144-a2ef-e44461d35697:c4858]
2019-09-17 12:48:57,983 [grpc-default-executor-1] INFO  client.GrpcClientProtocolClient (GrpcClientProtocolClient.java:onNext(264)) - client-E41C008B94D2->cb20f782-9136-4144-a2ef-e44461d35697: receive RaftClientReply:client-E41C008B94D2->cb20f782-9136-4144-a2ef-e44461d35697@group-EF222054BC57, cid=3448, SUCCESS, logIndex=4857, commits[cb20f782-9136-4144-a2ef-e44461d35697:c4858]
2019-09-17 12:48:58,081 [SCMBlockDeletingService#0] DEBUG block.SCMBlockDeletingService (SCMBlockDeletingService.java:call(138)) - Running DeletedBlockTransactionScanner
2019-09-17 12:48:58,081 [SCMBlockDeletingService#0] DEBUG block.SCMBlockDeletingService (SCMBlockDeletingService.java:call(155)) - Scanned deleted blocks log and got 0 delTX to process.
2019-09-17 12:48:58,131 [grpc-default-executor-1] INFO  client.GrpcClientProtocolClient (GrpcClientProtocolClient.java:onNext(264)) - client-E41C008B94D2->cb20f782-9136-4144-a2ef-e44461d35697: receive RaftClientReply:client-E41C008B94D2->cb20f782-9136-4144-a2ef-e44461d35697@group-EF222054BC57, cid=3449, SUCCESS, logIndex=4859, commits[cb20f782-9136-4144-a2ef-e44461d35697:c4862]
2019-09-17 12:48:58,132 [grpc-default-executor-1] INFO  client.GrpcClientProtocolClient (GrpcClientProtocolClient.java:onNext(264)) - client-E41C008B94D2->cb20f782-9136-4144-a2ef-e44461d35697: receive RaftClientReply:client-E41C008B94D2->cb20f782-9136-4144-a2ef-e44461d35697@group-EF222054BC57, cid=3450, SUCCESS, logIndex=4860, commits[cb20f782-9136-4144-a2ef-e44461d35697:c4863]
2019-09-17 12:48:58,132 [grpc-default-executor-1] INFO  client.GrpcClientProtocolClient (GrpcClientProtocolClient.java:onNext(264)) - client-E41C008B94D2->cb20f782-9136-4144-a2ef-e44461d35697: receive RaftClientReply:client-E41C008B94D2->cb20f782-9136-4144-a2ef-e44461d35697@group-EF222054BC57, cid=3451, SUCCESS, logIndex=4861, commits[cb20f782-9136-4144-a2ef-e44461d35697:c4863]
2019-09-17 12:48:58,133 [grpc-default-executor-1] INFO  client.GrpcClientProtocolClient (GrpcClientProtocolClient.java:onNext(264)) - client-E41C008B94D2->cb20f782-9136-4144-a2ef-e44461d35697: receive RaftClientReply:client-E41C008B94D2->cb20f782-9136-4144-a2ef-e44461d35697@group-EF222054BC57, cid=3452, SUCCESS, logIndex=4862, commits[cb20f782-9136-4144-a2ef-e44461d35697:c4863]
2019-09-17 12:48:58,155 [grpc-default-executor-1] INFO  client.GrpcClientProtocolClient (GrpcClientProtocolClient.java:onNext(264)) - client-E41C008B94D2->cb20f782-9136-4144-a2ef-e44461d35697: receive RaftClientReply:client-E41C008B94D2->cb20f782-9136-4144-a2ef-e44461d35697@group-EF222054BC57, cid=3453, SUCCESS, logIndex=4864, commits[cb20f782-9136-4144-a2ef-e44461d35697:c4867]
2019-09-17 12:48:58,156 [grpc-default-executor-1] INFO  client.GrpcClientProtocolClient (GrpcClientProtocolClient.java:onNext(264)) - client-E41C008B94D2->cb20f782-9136-4144-a2ef-e44461d35697: receive RaftClientReply:client-E41C008B94D2->cb20f782-9136-4144-a2ef-e44461d35697@group-EF222054BC57, cid=3454, SUCCESS, logIndex=4865, commits[cb20f782-9136-4144-a2ef-e44461d35697:c4868]
2019-09-17 12:48:58,156 [grpc-default-executor-1] INFO  client.GrpcClientProtocolClient (GrpcClientProtocolClient.java:onNext(264)) - client-E41C008B94D2->cb20f782-9136-4144-a2ef-e44461d35697: receive RaftClientReply:client-E41C008B94D2->cb20f782-9136-4144-a2ef-e44461d35697@group-EF222054BC57, cid=3455, SUCCESS, logIndex=4866, commits[cb20f782-9136-4144-a2ef-e44461d35697:c4868]
2019-09-17 12:48:58,157 [grpc-default-executor-1] INFO  client.GrpcClientProtocolClient (GrpcClientProtocolClient.java:onNext(264)) - client-E41C008B94D2->cb20f782-9136-4144-a2ef-e44461d35697: receive RaftClientReply:client-E41C008B94D2->cb20f782-9136-4144-a2ef-e44461d35697@group-EF222054BC57, cid=3456, SUCCESS, logIndex=4867, commits[cb20f782-9136-4144-a2ef-e44461d35697:c4868]
2019-09-17 12:48:58,182 [SCMBlockDeletingService#0] DEBUG block.SCMBlockDeletingService (SCMBlockDeletingService.java:call(138)) - Running DeletedBlockTransactionScanner
2019-09-17 12:48:58,182 [SCMBlockDeletingService#0] DEBUG block.SCMBlockDeletingService (SCMBlockDeletingService.java:call(155)) - Scanned deleted blocks log and got 0 delTX to process.
2019-09-17 12:48:58,202 [grpc-default-executor-1] INFO  client.GrpcClientProtocolClient (GrpcClientProtocolClient.java:onNext(264)) - client-E41C008B94D2->cb20f782-9136-4144-a2ef-e44461d35697: receive RaftClientReply:client-E41C008B94D2->cb20f782-9136-4144-a2ef-e44461d35697@group-EF222054BC57, cid=3457, SUCCESS, logIndex=4869, commits[cb20f782-9136-4144-a2ef-e44461d35697:c4872]
2019-09-17 12:48:58,203 [grpc-default-executor-1] INFO  client.GrpcClientProtocolClient (GrpcClientProtocolClient.java:onNext(264)) - client-E41C008B94D2->cb20f782-9136-4144-a2ef-e44461d35697: receive RaftClientReply:client-E41C008B94D2->cb20f782-9136-4144-a2ef-e44461d35697@group-EF222054BC57, cid=3458, SUCCESS, logIndex=4870, commits[cb20f782-9136-4144-a2ef-e44461d35697:c4873]
2019-09-17 12:48:58,203 [grpc-default-executor-1] INFO  client.GrpcClientProtocolClient (GrpcClientProtocolClient.java:onNext(264)) - client-E41C008B94D2->cb20f782-9136-4144-a2ef-e44461d35697: receive RaftClientReply:client-E41C008B94D2->cb20f782-9136-4144-a2ef-e44461d35697@group-EF222054BC57, cid=3459, SUCCESS, logIndex=4871, commits[cb20f782-9136-4144-a2ef-e44461d35697:c4873]
2019-09-17 12:48:58,203 [grpc-default-executor-1] INFO  client.GrpcClientProtocolClient (GrpcClientProtocolClient.java:onNext(264)) - client-E41C008B94D2->cb20f782-9136-4144-a2ef-e44461d35697: receive RaftClientReply:client-E41C008B94D2->cb20f782-9136-4144-a2ef-e44461d35697@group-EF222054BC57, cid=3460, SUCCESS, logIndex=4872, commits[cb20f782-9136-4144-a2ef-e44461d35697:c4873]
2019-09-17 12:48:58,229 [grpc-default-executor-2] INFO  client.GrpcClientProtocolClient (GrpcClientProtocolClient.java:onNext(264)) - client-E41C008B94D2->cb20f782-9136-4144-a2ef-e44461d35697: receive RaftClientReply:client-E41C008B94D2->cb20f782-9136-4144-a2ef-e44461d35697@group-EF222054BC57, cid=3461, SUCCESS, logIndex=4874, commits[cb20f782-9136-4144-a2ef-e44461d35697:c4875]
2019-09-17 12:48:58,230 [grpc-default-executor-2] INFO  client.GrpcClientProtocolClient (GrpcClientProtocolClient.java:onNext(264)) - client-E41C008B94D2->cb20f782-9136-4144-a2ef-e44461d35697: receive RaftClientReply:client-E41C008B94D2->cb20f782-9136-4144-a2ef-e44461d35697@group-EF222054BC57, cid=3462, SUCCESS, logIndex=4875, commits[cb20f782-9136-4144-a2ef-e44461d35697:c4877]
2019-09-17 12:48:58,230 [grpc-default-executor-2] INFO  client.GrpcClientProtocolClient (GrpcClientProtocolClient.java:onNext(264)) - client-E41C008B94D2->cb20f782-9136-4144-a2ef-e44461d35697: receive RaftClientReply:client-E41C008B94D2->cb20f782-9136-4144-a2ef-e44461d35697@group-EF222054BC57, cid=3463, SUCCESS, logIndex=4876, commits[cb20f782-9136-4144-a2ef-e44461d35697:c4877]
2019-09-17 12:48:58,230 [grpc-default-executor-2] INFO  client.GrpcClientProtocolClient (GrpcClientProtocolClient.java:onNext(264)) - client-E41C008B94D2->cb20f782-9136-4144-a2ef-e44461d35697: receive RaftClientReply:client-E41C008B94D2->cb20f782-9136-4144-a2ef-e44461d35697@group-EF222054BC57, cid=3464, SUCCESS, logIndex=4877, commits[cb20f782-9136-4144-a2ef-e44461d35697:c4878]
2019-09-17 12:48:58,265 [grpc-default-executor-2] INFO  client.GrpcClientProtocolClient (GrpcClientProtocolClient.java:onNext(264)) - client-E41C008B94D2->cb20f782-9136-4144-a2ef-e44461d35697: receive RaftClientReply:client-E41C008B94D2->cb20f782-9136-4144-a2ef-e44461d35697@group-EF222054BC57, cid=3465, SUCCESS, logIndex=4880, commits[cb20f782-9136-4144-a2ef-e44461d35697:c4883]
2019-09-17 12:48:58,266 [grpc-default-executor-2] INFO  client.GrpcClientProtocolClient (GrpcClientProtocolClient.java:onNext(264)) - client-E41C008B94D2->cb20f782-9136-4144-a2ef-e44461d35697: receive RaftClientReply:client-E41C008B94D2->cb20f782-9136-4144-a2ef-e44461d35697@group-EF222054BC57, cid=3466, SUCCESS, logIndex=4881, commits[cb20f782-9136-4144-a2ef-e44461d35697:c4884]
2019-09-17 12:48:58,266 [grpc-default-executor-2] INFO  client.GrpcClientProtocolClient (GrpcClientProtocolClient.java:onNext(264)) - client-E41C008B94D2->cb20f782-9136-4144-a2ef-e44461d35697: receive RaftClientReply:client-E41C008B94D2->cb20f782-9136-4144-a2ef-e44461d35697@group-EF222054BC57, cid=3467, SUCCESS, logIndex=4882, commits[cb20f782-9136-4144-a2ef-e44461d35697:c4884]
2019-09-17 12:48:58,266 [grpc-default-executor-2] INFO  client.GrpcClientProtocolClient (GrpcClientProtocolClient.java:onNext(264)) - client-E41C008B94D2->cb20f782-9136-4144-a2ef-e44461d35697: receive RaftClientReply:client-E41C008B94D2->cb20f782-9136-4144-a2ef-e44461d35697@group-EF222054BC57, cid=3468, SUCCESS, logIndex=4883, commits[cb20f782-9136-4144-a2ef-e44461d35697:c4885]
2019-09-17 12:48:58,283 [SCMBlockDeletingService#0] DEBUG block.SCMBlockDeletingService (SCMBlockDeletingService.java:call(138)) - Running DeletedBlockTransactionScanner
2019-09-17 12:48:58,283 [SCMBlockDeletingService#0] DEBUG block.SCMBlockDeletingService (SCMBlockDeletingService.java:call(155)) - Scanned deleted blocks log and got 0 delTX to process.
2019-09-17 12:48:58,289 [grpc-default-executor-1] INFO  client.GrpcClientProtocolClient (GrpcClientProtocolClient.java:onNext(264)) - client-E41C008B94D2->cb20f782-9136-4144-a2ef-e44461d35697: receive RaftClientReply:client-E41C008B94D2->cb20f782-9136-4144-a2ef-e44461d35697@group-EF222054BC57, cid=3469, SUCCESS, logIndex=4886, commits[cb20f782-9136-4144-a2ef-e44461d35697:c4889]
2019-09-17 12:48:58,289 [grpc-default-executor-1] INFO  client.GrpcClientProtocolClient (GrpcClientProtocolClient.java:onNext(264)) - client-E41C008B94D2->cb20f782-9136-4144-a2ef-e44461d35697: receive RaftClientReply:client-E41C008B94D2->cb20f782-9136-4144-a2ef-e44461d35697@group-EF222054BC57, cid=3470, SUCCESS, logIndex=4887, commits[cb20f782-9136-4144-a2ef-e44461d35697:c4889]
2019-09-17 12:48:58,290 [grpc-default-executor-1] INFO  client.GrpcClientProtocolClient (GrpcClientProtocolClient.java:onNext(264)) - client-E41C008B94D2->cb20f782-9136-4144-a2ef-e44461d35697: receive RaftClientReply:client-E41C008B94D2->cb20f782-9136-4144-a2ef-e44461d35697@group-EF222054BC57, cid=3471, SUCCESS, logIndex=4888, commits[cb20f782-9136-4144-a2ef-e44461d35697:c4890]
2019-09-17 12:48:58,291 [grpc-default-executor-1] INFO  client.GrpcClientProtocolClient (GrpcClientProtocolClient.java:onNext(264)) - client-E41C008B94D2->cb20f782-9136-4144-a2ef-e44461d35697: receive RaftClientReply:client-E41C008B94D2->cb20f782-9136-4144-a2ef-e44461d35697@group-EF222054BC57, cid=3472, SUCCESS, logIndex=4889, commits[cb20f782-9136-4144-a2ef-e44461d35697:c4890]
2019-09-17 12:48:58,332 [grpc-default-executor-2] INFO  client.GrpcClientProtocolClient (GrpcClientProtocolClient.java:onNext(264)) - client-E41C008B94D2->cb20f782-9136-4144-a2ef-e44461d35697: receive RaftClientReply:client-E41C008B94D2->cb20f782-9136-4144-a2ef-e44461d35697@group-EF222054BC57, cid=3473, SUCCESS, logIndex=4891, commits[cb20f782-9136-4144-a2ef-e44461d35697:c4894]
2019-09-17 12:48:58,333 [grpc-default-executor-2] INFO  client.GrpcClientProtocolClient (GrpcClientProtocolClient.java:onNext(264)) - client-E41C008B94D2->cb20f782-9136-4144-a2ef-e44461d35697: receive RaftClientReply:client-E41C008B94D2->cb20f782-9136-4144-a2ef-e44461d35697@group-EF222054BC57, cid=3474, SUCCESS, logIndex=4892, commits[cb20f782-9136-4144-a2ef-e44461d35697:c4895]
2019-09-17 12:48:58,334 [grpc-default-executor-2] INFO  client.GrpcClientProtocolClient (GrpcClientProtocolClient.java:onNext(264)) - client-E41C008B94D2->cb20f782-9136-4144-a2ef-e44461d35697: receive RaftClientReply:client-E41C008B94D2->cb20f782-9136-4144-a2ef-e44461d35697@group-EF222054BC57, cid=3475, SUCCESS, logIndex=4893, commits[cb20f782-9136-4144-a2ef-e44461d35697:c4895]
2019-09-17 12:48:58,334 [grpc-default-executor-2] INFO  client.GrpcClientProtocolClient (GrpcClientProtocolClient.java:onNext(264)) - client-E41C008B94D2->cb20f782-9136-4144-a2ef-e44461d35697: receive RaftClientReply:client-E41C008B94D2->cb20f782-9136-4144-a2ef-e44461d35697@group-EF222054BC57, cid=3476, SUCCESS, logIndex=4894, commits[cb20f782-9136-4144-a2ef-e44461d35697:c4895]
2019-09-17 12:48:58,357 [grpc-default-executor-2] INFO  client.GrpcClientProtocolClient (GrpcClientProtocolClient.java:onNext(264)) - client-E41C008B94D2->cb20f782-9136-4144-a2ef-e44461d35697: receive RaftClientReply:client-E41C008B94D2->cb20f782-9136-4144-a2ef-e44461d35697@group-EF222054BC57, cid=3477, SUCCESS, logIndex=4896, commits[cb20f782-9136-4144-a2ef-e44461d35697:c4897]
2019-09-17 12:48:58,363 [grpc-default-executor-2] INFO  client.GrpcClientProtocolClient (GrpcClientProtocolClient.java:onNext(264)) - client-E41C008B94D2->cb20f782-9136-4144-a2ef-e44461d35697: receive RaftClientReply:client-E41C008B94D2->cb20f782-9136-4144-a2ef-e44461d35697@group-EF222054BC57, cid=3478, SUCCESS, logIndex=4897, commits[cb20f782-9136-4144-a2ef-e44461d35697:c4897]
2019-09-17 12:48:58,372 [grpc-default-executor-2] INFO  client.GrpcClientProtocolClient (GrpcClientProtocolClient.java:onNext(264)) - client-E41C008B94D2->cb20f782-9136-4144-a2ef-e44461d35697: receive RaftClientReply:client-E41C008B94D2->cb20f782-9136-4144-a2ef-e44461d35697@group-EF222054BC57, cid=3479, SUCCESS, logIndex=4898, commits[cb20f782-9136-4144-a2ef-e44461d35697:c4900]
2019-09-17 12:48:58,372 [grpc-default-executor-2] INFO  client.GrpcClientProtocolClient (GrpcClientProtocolClient.java:onNext(264)) - client-E41C008B94D2->cb20f782-9136-4144-a2ef-e44461d35697: receive RaftClientReply:client-E41C008B94D2->cb20f782-9136-4144-a2ef-e44461d35697@group-EF222054BC57, cid=3480, SUCCESS, logIndex=4899, commits[cb20f782-9136-4144-a2ef-e44461d35697:c4900]
2019-09-17 12:48:58,383 [SCMBlockDeletingService#0] DEBUG block.SCMBlockDeletingService (SCMBlockDeletingService.java:call(138)) - Running DeletedBlockTransactionScanner
2019-09-17 12:48:58,384 [SCMBlockDeletingService#0] DEBUG block.SCMBlockDeletingService (SCMBlockDeletingService.java:call(155)) - Scanned deleted blocks log and got 0 delTX to process.
2019-09-17 12:48:58,408 [grpc-default-executor-1] INFO  client.GrpcClientProtocolClient (GrpcClientProtocolClient.java:onNext(264)) - client-E41C008B94D2->cb20f782-9136-4144-a2ef-e44461d35697: receive RaftClientReply:client-E41C008B94D2->cb20f782-9136-4144-a2ef-e44461d35697@group-EF222054BC57, cid=3481, SUCCESS, logIndex=4901, commits[cb20f782-9136-4144-a2ef-e44461d35697:c4904]
2019-09-17 12:48:58,408 [grpc-default-executor-1] INFO  client.GrpcClientProtocolClient (GrpcClientProtocolClient.java:onNext(264)) - client-E41C008B94D2->cb20f782-9136-4144-a2ef-e44461d35697: receive RaftClientReply:client-E41C008B94D2->cb20f782-9136-4144-a2ef-e44461d35697@group-EF222054BC57, cid=3482, SUCCESS, logIndex=4902, commits[cb20f782-9136-4144-a2ef-e44461d35697:c4905]
2019-09-17 12:48:58,409 [grpc-default-executor-1] INFO  client.GrpcClientProtocolClient (GrpcClientProtocolClient.java:onNext(264)) - client-E41C008B94D2->cb20f782-9136-4144-a2ef-e44461d35697: receive RaftClientReply:client-E41C008B94D2->cb20f782-9136-4144-a2ef-e44461d35697@group-EF222054BC57, cid=3483, SUCCESS, logIndex=4903, commits[cb20f782-9136-4144-a2ef-e44461d35697:c4905]
2019-09-17 12:48:58,409 [grpc-default-executor-1] INFO  client.GrpcClientProtocolClient (GrpcClientProtocolClient.java:onNext(264)) - client-E41C008B94D2->cb20f782-9136-4144-a2ef-e44461d35697: receive RaftClientReply:client-E41C008B94D2->cb20f782-9136-4144-a2ef-e44461d35697@group-EF222054BC57, cid=3484, SUCCESS, logIndex=4904, commits[cb20f782-9136-4144-a2ef-e44461d35697:c4905]
2019-09-17 12:48:58,429 [grpc-default-executor-2] INFO  client.GrpcClientProtocolClient (GrpcClientProtocolClient.java:onNext(264)) - client-E41C008B94D2->cb20f782-9136-4144-a2ef-e44461d35697: receive RaftClientReply:client-E41C008B94D2->cb20f782-9136-4144-a2ef-e44461d35697@group-EF222054BC57, cid=3485, SUCCESS, logIndex=4906, commits[cb20f782-9136-4144-a2ef-e44461d35697:c4907]
2019-09-17 12:48:58,430 [grpc-default-executor-2] INFO  client.GrpcClientProtocolClient (GrpcClientProtocolClient.java:onNext(264)) - client-E41C008B94D2->cb20f782-9136-4144-a2ef-e44461d35697: receive RaftClientReply:client-E41C008B94D2->cb20f782-9136-4144-a2ef-e44461d35697@group-EF222054BC57, cid=3486, SUCCESS, logIndex=4907, commits[cb20f782-9136-4144-a2ef-e44461d35697:c4909]
2019-09-17 12:48:58,430 [grpc-default-executor-2] INFO  client.GrpcClientProtocolClient (GrpcClientProtocolClient.java:onNext(264)) - client-E41C008B94D2->cb20f782-9136-4144-a2ef-e44461d35697: receive RaftClientReply:client-E41C008B94D2->cb20f782-9136-4144-a2ef-e44461d35697@group-EF222054BC57, cid=3487, SUCCESS, logIndex=4908, commits[cb20f782-9136-4144-a2ef-e44461d35697:c4910]
2019-09-17 12:48:58,430 [grpc-default-executor-2] INFO  client.GrpcClientProtocolClient (GrpcClientProtocolClient.java:onNext(264)) - client-E41C008B94D2->cb20f782-9136-4144-a2ef-e44461d35697: receive RaftClientReply:client-E41C008B94D2->cb20f782-9136-4144-a2ef-e44461d35697@group-EF222054BC57, cid=3488, SUCCESS, logIndex=4909, commits[cb20f782-9136-4144-a2ef-e44461d35697:c4910]
2019-09-17 12:48:58,466 [grpc-default-executor-2] INFO  client.GrpcClientProtocolClient (GrpcClientProtocolClient.java:onNext(264)) - client-E41C008B94D2->cb20f782-9136-4144-a2ef-e44461d35697: receive RaftClientReply:client-E41C008B94D2->cb20f782-9136-4144-a2ef-e44461d35697@group-EF222054BC57, cid=3489, SUCCESS, logIndex=4912, commits[cb20f782-9136-4144-a2ef-e44461d35697:c4913]
2019-09-17 12:48:58,466 [grpc-default-executor-2] INFO  client.GrpcClientProtocolClient (GrpcClientProtocolClient.java:onNext(264)) - client-E41C008B94D2->cb20f782-9136-4144-a2ef-e44461d35697: receive RaftClientReply:client-E41C008B94D2->cb20f782-9136-4144-a2ef-e44461d35697@group-EF222054BC57, cid=3490, SUCCESS, logIndex=4913, commits[cb20f782-9136-4144-a2ef-e44461d35697:c4915]
2019-09-17 12:48:58,466 [grpc-default-executor-2] INFO  client.GrpcClientProtocolClient (GrpcClientProtocolClient.java:onNext(264)) - client-E41C008B94D2->cb20f782-9136-4144-a2ef-e44461d35697: receive RaftClientReply:client-E41C008B94D2->cb20f782-9136-4144-a2ef-e44461d35697@group-EF222054BC57, cid=3491, SUCCESS, logIndex=4914, commits[cb20f782-9136-4144-a2ef-e44461d35697:c4916]
2019-09-17 12:48:58,467 [grpc-default-executor-2] INFO  client.GrpcClientProtocolClient (GrpcClientProtocolClient.java:onNext(264)) - client-E41C008B94D2->cb20f782-9136-4144-a2ef-e44461d35697: receive RaftClientReply:client-E41C008B94D2->cb20f782-9136-4144-a2ef-e44461d35697@group-EF222054BC57, cid=3492, SUCCESS, logIndex=4915, commits[cb20f782-9136-4144-a2ef-e44461d35697:c4916]
2019-09-17 12:48:58,621 [SCMBlockDeletingService#0] DEBUG block.SCMBlockDeletingService (SCMBlockDeletingService.java:call(138)) - Running DeletedBlockTransactionScanner
2019-09-17 12:48:58,622 [SCMBlockDeletingService#0] DEBUG block.SCMBlockDeletingService (SCMBlockDeletingService.java:call(155)) - Scanned deleted blocks log and got 0 delTX to process.
2019-09-17 12:48:58,722 [SCMBlockDeletingService#0] DEBUG block.SCMBlockDeletingService (SCMBlockDeletingService.java:call(138)) - Running DeletedBlockTransactionScanner
2019-09-17 12:48:58,722 [SCMBlockDeletingService#0] DEBUG block.SCMBlockDeletingService (SCMBlockDeletingService.java:call(155)) - Scanned deleted blocks log and got 0 delTX to process.
2019-09-17 12:48:58,759 [grpc-default-executor-1] INFO  client.GrpcClientProtocolClient (GrpcClientProtocolClient.java:onNext(264)) - client-E41C008B94D2->cb20f782-9136-4144-a2ef-e44461d35697: receive RaftClientReply:client-E41C008B94D2->cb20f782-9136-4144-a2ef-e44461d35697@group-EF222054BC57, cid=3493, SUCCESS, logIndex=4918, commits[cb20f782-9136-4144-a2ef-e44461d35697:c4921]
2019-09-17 12:48:58,759 [grpc-default-executor-1] INFO  client.GrpcClientProtocolClient (GrpcClientProtocolClient.java:onNext(264)) - client-E41C008B94D2->cb20f782-9136-4144-a2ef-e44461d35697: receive RaftClientReply:client-E41C008B94D2->cb20f782-9136-4144-a2ef-e44461d35697@group-EF222054BC57, cid=3494, SUCCESS, logIndex=4919, commits[cb20f782-9136-4144-a2ef-e44461d35697:c4922]
2019-09-17 12:48:58,760 [grpc-default-executor-1] INFO  client.GrpcClientProtocolClient (GrpcClientProtocolClient.java:onNext(264)) - client-E41C008B94D2->cb20f782-9136-4144-a2ef-e44461d35697: receive RaftClientReply:client-E41C008B94D2->cb20f782-9136-4144-a2ef-e44461d35697@group-EF222054BC57, cid=3495, SUCCESS, logIndex=4920, commits[cb20f782-9136-4144-a2ef-e44461d35697:c4922]
2019-09-17 12:48:58,760 [grpc-default-executor-1] INFO  client.GrpcClientProtocolClient (GrpcClientProtocolClient.java:onNext(264)) - client-E41C008B94D2->cb20f782-9136-4144-a2ef-e44461d35697: receive RaftClientReply:client-E41C008B94D2->cb20f782-9136-4144-a2ef-e44461d35697@group-EF222054BC57, cid=3496, SUCCESS, logIndex=4921, commits[cb20f782-9136-4144-a2ef-e44461d35697:c4922]
2019-09-17 12:48:58,788 [grpc-default-executor-2] INFO  client.GrpcClientProtocolClient (GrpcClientProtocolClient.java:onNext(264)) - client-E41C008B94D2->cb20f782-9136-4144-a2ef-e44461d35697: receive RaftClientReply:client-E41C008B94D2->cb20f782-9136-4144-a2ef-e44461d35697@group-EF222054BC57, cid=3497, SUCCESS, logIndex=4923, commits[cb20f782-9136-4144-a2ef-e44461d35697:c4926]
2019-09-17 12:48:58,789 [grpc-default-executor-2] INFO  client.GrpcClientProtocolClient (GrpcClientProtocolClient.java:onNext(264)) - client-E41C008B94D2->cb20f782-9136-4144-a2ef-e44461d35697: receive RaftClientReply:client-E41C008B94D2->cb20f782-9136-4144-a2ef-e44461d35697@group-EF222054BC57, cid=3498, SUCCESS, logIndex=4924, commits[cb20f782-9136-4144-a2ef-e44461d35697:c4927]
2019-09-17 12:48:58,789 [grpc-default-executor-2] INFO  client.GrpcClientProtocolClient (GrpcClientProtocolClient.java:onNext(264)) - client-E41C008B94D2->cb20f782-9136-4144-a2ef-e44461d35697: receive RaftClientReply:client-E41C008B94D2->cb20f782-9136-4144-a2ef-e44461d35697@group-EF222054BC57, cid=3499, SUCCESS, logIndex=4925, commits[cb20f782-9136-4144-a2ef-e44461d35697:c4927]
2019-09-17 12:48:58,790 [grpc-default-executor-2] INFO  client.GrpcClientProtocolClient (GrpcClientProtocolClient.java:onNext(264)) - client-E41C008B94D2->cb20f782-9136-4144-a2ef-e44461d35697: receive RaftClientReply:client-E41C008B94D2->cb20f782-9136-4144-a2ef-e44461d35697@group-EF222054BC57, cid=3500, SUCCESS, logIndex=4926, commits[cb20f782-9136-4144-a2ef-e44461d35697:c4927]
2019-09-17 12:48:58,809 [grpc-default-executor-1] INFO  client.GrpcClientProtocolClient (GrpcClientProtocolClient.java:onNext(264)) - client-E41C008B94D2->cb20f782-9136-4144-a2ef-e44461d35697: receive RaftClientReply:client-E41C008B94D2->cb20f782-9136-4144-a2ef-e44461d35697@group-EF222054BC57, cid=3501, SUCCESS, logIndex=4928, commits[cb20f782-9136-4144-a2ef-e44461d35697:c4931]
2019-09-17 12:48:58,809 [grpc-default-executor-1] INFO  client.GrpcClientProtocolClient (GrpcClientProtocolClient.java:onNext(264)) - client-E41C008B94D2->cb20f782-9136-4144-a2ef-e44461d35697: receive RaftClientReply:client-E41C008B94D2->cb20f782-9136-4144-a2ef-e44461d35697@group-EF222054BC57, cid=3502, SUCCESS, logIndex=4929, commits[cb20f782-9136-4144-a2ef-e44461d35697:c4931]
2019-09-17 12:48:58,810 [grpc-default-executor-1] INFO  client.GrpcClientProtocolClient (GrpcClientProtocolClient.java:onNext(264)) - client-E41C008B94D2->cb20f782-9136-4144-a2ef-e44461d35697: receive RaftClientReply:client-E41C008B94D2->cb20f782-9136-4144-a2ef-e44461d35697@group-EF222054BC57, cid=3503, SUCCESS, logIndex=4930, commits[cb20f782-9136-4144-a2ef-e44461d35697:c4931]
2019-09-17 12:48:58,810 [grpc-default-executor-1] INFO  client.GrpcClientProtocolClient (GrpcClientProtocolClient.java:onNext(264)) - client-E41C008B94D2->cb20f782-9136-4144-a2ef-e44461d35697: receive RaftClientReply:client-E41C008B94D2->cb20f782-9136-4144-a2ef-e44461d35697@group-EF222054BC57, cid=3504, SUCCESS, logIndex=4931, commits[cb20f782-9136-4144-a2ef-e44461d35697:c4931]
2019-09-17 12:48:58,823 [SCMBlockDeletingService#0] DEBUG block.SCMBlockDeletingService (SCMBlockDeletingService.java:call(138)) - Running DeletedBlockTransactionScanner
2019-09-17 12:48:58,823 [SCMBlockDeletingService#0] DEBUG block.SCMBlockDeletingService (SCMBlockDeletingService.java:call(155)) - Scanned deleted blocks log and got 0 delTX to process.
2019-09-17 12:48:58,836 [grpc-default-executor-1] INFO  client.GrpcClientProtocolClient (GrpcClientProtocolClient.java:onNext(264)) - client-E41C008B94D2->cb20f782-9136-4144-a2ef-e44461d35697: receive RaftClientReply:client-E41C008B94D2->cb20f782-9136-4144-a2ef-e44461d35697@group-EF222054BC57, cid=3505, SUCCESS, logIndex=4933, commits[cb20f782-9136-4144-a2ef-e44461d35697:c4936]
2019-09-17 12:48:58,837 [grpc-default-executor-1] INFO  client.GrpcClientProtocolClient (GrpcClientProtocolClient.java:onNext(264)) - client-E41C008B94D2->cb20f782-9136-4144-a2ef-e44461d35697: receive RaftClientReply:client-E41C008B94D2->cb20f782-9136-4144-a2ef-e44461d35697@group-EF222054BC57, cid=3506, SUCCESS, logIndex=4934, commits[cb20f782-9136-4144-a2ef-e44461d35697:c4936]
2019-09-17 12:48:58,837 [grpc-default-executor-1] INFO  client.GrpcClientProtocolClient (GrpcClientProtocolClient.java:onNext(264)) - client-E41C008B94D2->cb20f782-9136-4144-a2ef-e44461d35697: receive RaftClientReply:client-E41C008B94D2->cb20f782-9136-4144-a2ef-e44461d35697@group-EF222054BC57, cid=3507, SUCCESS, logIndex=4935, commits[cb20f782-9136-4144-a2ef-e44461d35697:c4937]
2019-09-17 12:48:58,837 [grpc-default-executor-1] INFO  client.GrpcClientProtocolClient (GrpcClientProtocolClient.java:onNext(264)) - client-E41C008B94D2->cb20f782-9136-4144-a2ef-e44461d35697: receive RaftClientReply:client-E41C008B94D2->cb20f782-9136-4144-a2ef-e44461d35697@group-EF222054BC57, cid=3508, SUCCESS, logIndex=4936, commits[cb20f782-9136-4144-a2ef-e44461d35697:c4937]
2019-09-17 12:48:58,857 [grpc-default-executor-1] INFO  client.GrpcClientProtocolClient (GrpcClientProtocolClient.java:onNext(264)) - client-E41C008B94D2->cb20f782-9136-4144-a2ef-e44461d35697: receive RaftClientReply:client-E41C008B94D2->cb20f782-9136-4144-a2ef-e44461d35697@group-EF222054BC57, cid=3509, SUCCESS, logIndex=4938, commits[cb20f782-9136-4144-a2ef-e44461d35697:c4941]
2019-09-17 12:48:58,857 [grpc-default-executor-1] INFO  client.GrpcClientProtocolClient (GrpcClientProtocolClient.java:onNext(264)) - client-E41C008B94D2->cb20f782-9136-4144-a2ef-e44461d35697: receive RaftClientReply:client-E41C008B94D2->cb20f782-9136-4144-a2ef-e44461d35697@group-EF222054BC57, cid=3510, SUCCESS, logIndex=4939, commits[cb20f782-9136-4144-a2ef-e44461d35697:c4941]
2019-09-17 12:48:58,857 [grpc-default-executor-1] INFO  client.GrpcClientProtocolClient (GrpcClientProtocolClient.java:onNext(264)) - client-E41C008B94D2->cb20f782-9136-4144-a2ef-e44461d35697: receive RaftClientReply:client-E41C008B94D2->cb20f782-9136-4144-a2ef-e44461d35697@group-EF222054BC57, cid=3511, SUCCESS, logIndex=4940, commits[cb20f782-9136-4144-a2ef-e44461d35697:c4942]
2019-09-17 12:48:58,858 [grpc-default-executor-1] INFO  client.GrpcClientProtocolClient (GrpcClientProtocolClient.java:onNext(264)) - client-E41C008B94D2->cb20f782-9136-4144-a2ef-e44461d35697: receive RaftClientReply:client-E41C008B94D2->cb20f782-9136-4144-a2ef-e44461d35697@group-EF222054BC57, cid=3512, SUCCESS, logIndex=4941, commits[cb20f782-9136-4144-a2ef-e44461d35697:c4942]
2019-09-17 12:48:58,888 [grpc-default-executor-2] INFO  client.GrpcClientProtocolClient (GrpcClientProtocolClient.java:onNext(264)) - client-E41C008B94D2->cb20f782-9136-4144-a2ef-e44461d35697: receive RaftClientReply:client-E41C008B94D2->cb20f782-9136-4144-a2ef-e44461d35697@group-EF222054BC57, cid=3513, SUCCESS, logIndex=4943, commits[cb20f782-9136-4144-a2ef-e44461d35697:c4946]
2019-09-17 12:48:58,888 [grpc-default-executor-2] INFO  client.GrpcClientProtocolClient (GrpcClientProtocolClient.java:onNext(264)) - client-E41C008B94D2->cb20f782-9136-4144-a2ef-e44461d35697: receive RaftClientReply:client-E41C008B94D2->cb20f782-9136-4144-a2ef-e44461d35697@group-EF222054BC57, cid=3514, SUCCESS, logIndex=4944, commits[cb20f782-9136-4144-a2ef-e44461d35697:c4947]
2019-09-17 12:48:58,888 [grpc-default-executor-2] INFO  client.GrpcClientProtocolClient (GrpcClientProtocolClient.java:onNext(264)) - client-E41C008B94D2->cb20f782-9136-4144-a2ef-e44461d35697: receive RaftClientReply:client-E41C008B94D2->cb20f782-9136-4144-a2ef-e44461d35697@group-EF222054BC57, cid=3515, SUCCESS, logIndex=4945, commits[cb20f782-9136-4144-a2ef-e44461d35697:c4947]
2019-09-17 12:48:58,889 [grpc-default-executor-2] INFO  client.GrpcClientProtocolClient (GrpcClientProtocolClient.java:onNext(264)) - client-E41C008B94D2->cb20f782-9136-4144-a2ef-e44461d35697: receive RaftClientReply:client-E41C008B94D2->cb20f782-9136-4144-a2ef-e44461d35697@group-EF222054BC57, cid=3516, SUCCESS, logIndex=4946, commits[cb20f782-9136-4144-a2ef-e44461d35697:c4947]
2019-09-17 12:48:58,908 [grpc-default-executor-2] INFO  client.GrpcClientProtocolClient (GrpcClientProtocolClient.java:onNext(264)) - client-E41C008B94D2->cb20f782-9136-4144-a2ef-e44461d35697: receive RaftClientReply:client-E41C008B94D2->cb20f782-9136-4144-a2ef-e44461d35697@group-EF222054BC57, cid=3517, SUCCESS, logIndex=4948, commits[cb20f782-9136-4144-a2ef-e44461d35697:c4951]
2019-09-17 12:48:58,908 [grpc-default-executor-2] INFO  client.GrpcClientProtocolClient (GrpcClientProtocolClient.java:onNext(264)) - client-E41C008B94D2->cb20f782-9136-4144-a2ef-e44461d35697: receive RaftClientReply:client-E41C008B94D2->cb20f782-9136-4144-a2ef-e44461d35697@group-EF222054BC57, cid=3518, SUCCESS, logIndex=4949, commits[cb20f782-9136-4144-a2ef-e44461d35697:c4952]
2019-09-17 12:48:58,909 [grpc-default-executor-2] INFO  client.GrpcClientProtocolClient (GrpcClientProtocolClient.java:onNext(264)) - client-E41C008B94D2->cb20f782-9136-4144-a2ef-e44461d35697: receive RaftClientReply:client-E41C008B94D2->cb20f782-9136-4144-a2ef-e44461d35697@group-EF222054BC57, cid=3519, SUCCESS, logIndex=4950, commits[cb20f782-9136-4144-a2ef-e44461d35697:c4952]
2019-09-17 12:48:58,909 [grpc-default-executor-2] INFO  client.GrpcClientProtocolClient (GrpcClientProtocolClient.java:onNext(264)) - client-E41C008B94D2->cb20f782-9136-4144-a2ef-e44461d35697: receive RaftClientReply:client-E41C008B94D2->cb20f782-9136-4144-a2ef-e44461d35697@group-EF222054BC57, cid=3520, SUCCESS, logIndex=4951, commits[cb20f782-9136-4144-a2ef-e44461d35697:c4952]
2019-09-17 12:48:58,923 [SCMBlockDeletingService#0] DEBUG block.SCMBlockDeletingService (SCMBlockDeletingService.java:call(138)) - Running DeletedBlockTransactionScanner
2019-09-17 12:48:58,923 [SCMBlockDeletingService#0] DEBUG block.SCMBlockDeletingService (SCMBlockDeletingService.java:call(155)) - Scanned deleted blocks log and got 0 delTX to process.
2019-09-17 12:48:58,937 [grpc-default-executor-2] INFO  client.GrpcClientProtocolClient (GrpcClientProtocolClient.java:onNext(264)) - client-E41C008B94D2->cb20f782-9136-4144-a2ef-e44461d35697: receive RaftClientReply:client-E41C008B94D2->cb20f782-9136-4144-a2ef-e44461d35697@group-EF222054BC57, cid=3521, SUCCESS, logIndex=4953, commits[cb20f782-9136-4144-a2ef-e44461d35697:c4956]
2019-09-17 12:48:58,938 [grpc-default-executor-2] INFO  client.GrpcClientProtocolClient (GrpcClientProtocolClient.java:onNext(264)) - client-E41C008B94D2->cb20f782-9136-4144-a2ef-e44461d35697: receive RaftClientReply:client-E41C008B94D2->cb20f782-9136-4144-a2ef-e44461d35697@group-EF222054BC57, cid=3522, SUCCESS, logIndex=4954, commits[cb20f782-9136-4144-a2ef-e44461d35697:c4957]
2019-09-17 12:48:58,938 [grpc-default-executor-2] INFO  client.GrpcClientProtocolClient (GrpcClientProtocolClient.java:onNext(264)) - client-E41C008B94D2->cb20f782-9136-4144-a2ef-e44461d35697: receive RaftClientReply:client-E41C008B94D2->cb20f782-9136-4144-a2ef-e44461d35697@group-EF222054BC57, cid=3523, SUCCESS, logIndex=4955, commits[cb20f782-9136-4144-a2ef-e44461d35697:c4957]
2019-09-17 12:48:58,938 [grpc-default-executor-2] INFO  client.GrpcClientProtocolClient (GrpcClientProtocolClient.java:onNext(264)) - client-E41C008B94D2->cb20f782-9136-4144-a2ef-e44461d35697: receive RaftClientReply:client-E41C008B94D2->cb20f782-9136-4144-a2ef-e44461d35697@group-EF222054BC57, cid=3524, SUCCESS, logIndex=4956, commits[cb20f782-9136-4144-a2ef-e44461d35697:c4957]
2019-09-17 12:48:58,960 [grpc-default-executor-1] INFO  client.GrpcClientProtocolClient (GrpcClientProtocolClient.java:onNext(264)) - client-E41C008B94D2->cb20f782-9136-4144-a2ef-e44461d35697: receive RaftClientReply:client-E41C008B94D2->cb20f782-9136-4144-a2ef-e44461d35697@group-EF222054BC57, cid=3525, SUCCESS, logIndex=4958, commits[cb20f782-9136-4144-a2ef-e44461d35697:c4961]
2019-09-17 12:48:58,960 [grpc-default-executor-1] INFO  client.GrpcClientProtocolClient (GrpcClientProtocolClient.java:onNext(264)) - client-E41C008B94D2->cb20f782-9136-4144-a2ef-e44461d35697: receive RaftClientReply:client-E41C008B94D2->cb20f782-9136-4144-a2ef-e44461d35697@group-EF222054BC57, cid=3526, SUCCESS, logIndex=4959, commits[cb20f782-9136-4144-a2ef-e44461d35697:c4962]
2019-09-17 12:48:58,960 [grpc-default-executor-1] INFO  client.GrpcClientProtocolClient (GrpcClientProtocolClient.java:onNext(264)) - client-E41C008B94D2->cb20f782-9136-4144-a2ef-e44461d35697: receive RaftClientReply:client-E41C008B94D2->cb20f782-9136-4144-a2ef-e44461d35697@group-EF222054BC57, cid=3527, SUCCESS, logIndex=4960, commits[cb20f782-9136-4144-a2ef-e44461d35697:c4962]
2019-09-17 12:48:58,961 [grpc-default-executor-1] INFO  client.GrpcClientProtocolClient (GrpcClientProtocolClient.java:onNext(264)) - client-E41C008B94D2->cb20f782-9136-4144-a2ef-e44461d35697: receive RaftClientReply:client-E41C008B94D2->cb20f782-9136-4144-a2ef-e44461d35697@group-EF222054BC57, cid=3528, SUCCESS, logIndex=4961, commits[cb20f782-9136-4144-a2ef-e44461d35697:c4962]
2019-09-17 12:48:58,989 [grpc-default-executor-1] INFO  client.GrpcClientProtocolClient (GrpcClientProtocolClient.java:onNext(264)) - client-E41C008B94D2->cb20f782-9136-4144-a2ef-e44461d35697: receive RaftClientReply:client-E41C008B94D2->cb20f782-9136-4144-a2ef-e44461d35697@group-EF222054BC57, cid=3529, SUCCESS, logIndex=4963, commits[cb20f782-9136-4144-a2ef-e44461d35697:c4966]
2019-09-17 12:48:58,989 [grpc-default-executor-1] INFO  client.GrpcClientProtocolClient (GrpcClientProtocolClient.java:onNext(264)) - client-E41C008B94D2->cb20f782-9136-4144-a2ef-e44461d35697: receive RaftClientReply:client-E41C008B94D2->cb20f782-9136-4144-a2ef-e44461d35697@group-EF222054BC57, cid=3530, SUCCESS, logIndex=4964, commits[cb20f782-9136-4144-a2ef-e44461d35697:c4967]
2019-09-17 12:48:58,990 [grpc-default-executor-1] INFO  client.GrpcClientProtocolClient (GrpcClientProtocolClient.java:onNext(264)) - client-E41C008B94D2->cb20f782-9136-4144-a2ef-e44461d35697: receive RaftClientReply:client-E41C008B94D2->cb20f782-9136-4144-a2ef-e44461d35697@group-EF222054BC57, cid=3531, SUCCESS, logIndex=4965, commits[cb20f782-9136-4144-a2ef-e44461d35697:c4967]
2019-09-17 12:48:58,990 [grpc-default-executor-1] INFO  client.GrpcClientProtocolClient (GrpcClientProtocolClient.java:onNext(264)) - client-E41C008B94D2->cb20f782-9136-4144-a2ef-e44461d35697: receive RaftClientReply:client-E41C008B94D2->cb20f782-9136-4144-a2ef-e44461d35697@group-EF222054BC57, cid=3532, SUCCESS, logIndex=4966, commits[cb20f782-9136-4144-a2ef-e44461d35697:c4967]
2019-09-17 12:48:58,999 [grpc-default-executor-1] INFO  client.GrpcClientProtocolClient (GrpcClientProtocolClient.java:onNext(264)) - client-E41C008B94D2->cb20f782-9136-4144-a2ef-e44461d35697: receive RaftClientReply:client-E41C008B94D2->cb20f782-9136-4144-a2ef-e44461d35697@group-EF222054BC57, cid=3533, SUCCESS, logIndex=4968, commits[cb20f782-9136-4144-a2ef-e44461d35697:c4969]
2019-09-17 12:48:58,999 [grpc-default-executor-1] INFO  client.GrpcClientProtocolClient (GrpcClientProtocolClient.java:onNext(264)) - client-E41C008B94D2->cb20f782-9136-4144-a2ef-e44461d35697: receive RaftClientReply:client-E41C008B94D2->cb20f782-9136-4144-a2ef-e44461d35697@group-EF222054BC57, cid=3534, SUCCESS, logIndex=4969, commits[cb20f782-9136-4144-a2ef-e44461d35697:c4969]
2019-09-17 12:48:59,010 [grpc-default-executor-1] INFO  client.GrpcClientProtocolClient (GrpcClientProtocolClient.java:onNext(264)) - client-E41C008B94D2->cb20f782-9136-4144-a2ef-e44461d35697: receive RaftClientReply:client-E41C008B94D2->cb20f782-9136-4144-a2ef-e44461d35697@group-EF222054BC57, cid=3535, SUCCESS, logIndex=4970, commits[cb20f782-9136-4144-a2ef-e44461d35697:c4972]
2019-09-17 12:48:59,010 [grpc-default-executor-1] INFO  client.GrpcClientProtocolClient (GrpcClientProtocolClient.java:onNext(264)) - client-E41C008B94D2->cb20f782-9136-4144-a2ef-e44461d35697: receive RaftClientReply:client-E41C008B94D2->cb20f782-9136-4144-a2ef-e44461d35697@group-EF222054BC57, cid=3536, SUCCESS, logIndex=4971, commits[cb20f782-9136-4144-a2ef-e44461d35697:c4972]
2019-09-17 12:48:59,024 [SCMBlockDeletingService#0] DEBUG block.SCMBlockDeletingService (SCMBlockDeletingService.java:call(138)) - Running DeletedBlockTransactionScanner
2019-09-17 12:48:59,024 [SCMBlockDeletingService#0] DEBUG block.SCMBlockDeletingService (SCMBlockDeletingService.java:call(155)) - Scanned deleted blocks log and got 0 delTX to process.
2019-09-17 12:48:59,124 [SCMBlockDeletingService#0] DEBUG block.SCMBlockDeletingService (SCMBlockDeletingService.java:call(138)) - Running DeletedBlockTransactionScanner
2019-09-17 12:48:59,124 [SCMBlockDeletingService#0] DEBUG block.SCMBlockDeletingService (SCMBlockDeletingService.java:call(155)) - Scanned deleted blocks log and got 0 delTX to process.
2019-09-17 12:48:59,154 [grpc-default-executor-1] INFO  client.GrpcClientProtocolClient (GrpcClientProtocolClient.java:onNext(264)) - client-E41C008B94D2->cb20f782-9136-4144-a2ef-e44461d35697: receive RaftClientReply:client-E41C008B94D2->cb20f782-9136-4144-a2ef-e44461d35697@group-EF222054BC57, cid=3537, SUCCESS, logIndex=4973, commits[cb20f782-9136-4144-a2ef-e44461d35697:c4976]
2019-09-17 12:48:59,155 [grpc-default-executor-1] INFO  client.GrpcClientProtocolClient (GrpcClientProtocolClient.java:onNext(264)) - client-E41C008B94D2->cb20f782-9136-4144-a2ef-e44461d35697: receive RaftClientReply:client-E41C008B94D2->cb20f782-9136-4144-a2ef-e44461d35697@group-EF222054BC57, cid=3538, SUCCESS, logIndex=4974, commits[cb20f782-9136-4144-a2ef-e44461d35697:c4977]
2019-09-17 12:48:59,155 [grpc-default-executor-1] INFO  client.GrpcClientProtocolClient (GrpcClientProtocolClient.java:onNext(264)) - client-E41C008B94D2->cb20f782-9136-4144-a2ef-e44461d35697: receive RaftClientReply:client-E41C008B94D2->cb20f782-9136-4144-a2ef-e44461d35697@group-EF222054BC57, cid=3539, SUCCESS, logIndex=4975, commits[cb20f782-9136-4144-a2ef-e44461d35697:c4977]
2019-09-17 12:48:59,155 [grpc-default-executor-1] INFO  client.GrpcClientProtocolClient (GrpcClientProtocolClient.java:onNext(264)) - client-E41C008B94D2->cb20f782-9136-4144-a2ef-e44461d35697: receive RaftClientReply:client-E41C008B94D2->cb20f782-9136-4144-a2ef-e44461d35697@group-EF222054BC57, cid=3540, SUCCESS, logIndex=4976, commits[cb20f782-9136-4144-a2ef-e44461d35697:c4977]
2019-09-17 12:48:59,183 [grpc-default-executor-1] INFO  client.GrpcClientProtocolClient (GrpcClientProtocolClient.java:onNext(264)) - client-E41C008B94D2->cb20f782-9136-4144-a2ef-e44461d35697: receive RaftClientReply:client-E41C008B94D2->cb20f782-9136-4144-a2ef-e44461d35697@group-EF222054BC57, cid=3541, SUCCESS, logIndex=4978, commits[cb20f782-9136-4144-a2ef-e44461d35697:c4981]
2019-09-17 12:48:59,183 [grpc-default-executor-1] INFO  client.GrpcClientProtocolClient (GrpcClientProtocolClient.java:onNext(264)) - client-E41C008B94D2->cb20f782-9136-4144-a2ef-e44461d35697: receive RaftClientReply:client-E41C008B94D2->cb20f782-9136-4144-a2ef-e44461d35697@group-EF222054BC57, cid=3542, SUCCESS, logIndex=4979, commits[cb20f782-9136-4144-a2ef-e44461d35697:c4981]
2019-09-17 12:48:59,184 [grpc-default-executor-1] INFO  client.GrpcClientProtocolClient (GrpcClientProtocolClient.java:onNext(264)) - client-E41C008B94D2->cb20f782-9136-4144-a2ef-e44461d35697: receive RaftClientReply:client-E41C008B94D2->cb20f782-9136-4144-a2ef-e44461d35697@group-EF222054BC57, cid=3543, SUCCESS, logIndex=4980, commits[cb20f782-9136-4144-a2ef-e44461d35697:c4981]
2019-09-17 12:48:59,184 [grpc-default-executor-1] INFO  client.GrpcClientProtocolClient (GrpcClientProtocolClient.java:onNext(264)) - client-E41C008B94D2->cb20f782-9136-4144-a2ef-e44461d35697: receive RaftClientReply:client-E41C008B94D2->cb20f782-9136-4144-a2ef-e44461d35697@group-EF222054BC57, cid=3544, SUCCESS, logIndex=4981, commits[cb20f782-9136-4144-a2ef-e44461d35697:c4981]
2019-09-17 12:48:59,215 [grpc-default-executor-2] INFO  client.GrpcClientProtocolClient (GrpcClientProtocolClient.java:onNext(264)) - client-E41C008B94D2->cb20f782-9136-4144-a2ef-e44461d35697: receive RaftClientReply:client-E41C008B94D2->cb20f782-9136-4144-a2ef-e44461d35697@group-EF222054BC57, cid=3545, SUCCESS, logIndex=4983, commits[cb20f782-9136-4144-a2ef-e44461d35697:c4986]
2019-09-17 12:48:59,216 [grpc-default-executor-2] INFO  client.GrpcClientProtocolClient (GrpcClientProtocolClient.java:onNext(264)) - client-E41C008B94D2->cb20f782-9136-4144-a2ef-e44461d35697: receive RaftClientReply:client-E41C008B94D2->cb20f782-9136-4144-a2ef-e44461d35697@group-EF222054BC57, cid=3546, SUCCESS, logIndex=4984, commits[cb20f782-9136-4144-a2ef-e44461d35697:c4986]
2019-09-17 12:48:59,216 [grpc-default-executor-2] INFO  client.GrpcClientProtocolClient (GrpcClientProtocolClient.java:onNext(264)) - client-E41C008B94D2->cb20f782-9136-4144-a2ef-e44461d35697: receive RaftClientReply:client-E41C008B94D2->cb20f782-9136-4144-a2ef-e44461d35697@group-EF222054BC57, cid=3547, SUCCESS, logIndex=4985, commits[cb20f782-9136-4144-a2ef-e44461d35697:c4987]
2019-09-17 12:48:59,216 [grpc-default-executor-2] INFO  client.GrpcClientProtocolClient (GrpcClientProtocolClient.java:onNext(264)) - client-E41C008B94D2->cb20f782-9136-4144-a2ef-e44461d35697: receive RaftClientReply:client-E41C008B94D2->cb20f782-9136-4144-a2ef-e44461d35697@group-EF222054BC57, cid=3548, SUCCESS, logIndex=4986, commits[cb20f782-9136-4144-a2ef-e44461d35697:c4987]
2019-09-17 12:48:59,225 [SCMBlockDeletingService#0] DEBUG block.SCMBlockDeletingService (SCMBlockDeletingService.java:call(138)) - Running DeletedBlockTransactionScanner
2019-09-17 12:48:59,225 [SCMBlockDeletingService#0] DEBUG block.SCMBlockDeletingService (SCMBlockDeletingService.java:call(155)) - Scanned deleted blocks log and got 0 delTX to process.
2019-09-17 12:48:59,236 [grpc-default-executor-2] INFO  client.GrpcClientProtocolClient (GrpcClientProtocolClient.java:onNext(264)) - client-E41C008B94D2->cb20f782-9136-4144-a2ef-e44461d35697: receive RaftClientReply:client-E41C008B94D2->cb20f782-9136-4144-a2ef-e44461d35697@group-EF222054BC57, cid=3549, SUCCESS, logIndex=4988, commits[cb20f782-9136-4144-a2ef-e44461d35697:c4989]
2019-09-17 12:48:59,236 [grpc-default-executor-2] INFO  client.GrpcClientProtocolClient (GrpcClientProtocolClient.java:onNext(264)) - client-E41C008B94D2->cb20f782-9136-4144-a2ef-e44461d35697: receive RaftClientReply:client-E41C008B94D2->cb20f782-9136-4144-a2ef-e44461d35697@group-EF222054BC57, cid=3550, SUCCESS, logIndex=4989, commits[cb20f782-9136-4144-a2ef-e44461d35697:c4991]
2019-09-17 12:48:59,236 [grpc-default-executor-2] INFO  client.GrpcClientProtocolClient (GrpcClientProtocolClient.java:onNext(264)) - client-E41C008B94D2->cb20f782-9136-4144-a2ef-e44461d35697: receive RaftClientReply:client-E41C008B94D2->cb20f782-9136-4144-a2ef-e44461d35697@group-EF222054BC57, cid=3551, SUCCESS, logIndex=4990, commits[cb20f782-9136-4144-a2ef-e44461d35697:c4992]
2019-09-17 12:48:59,237 [grpc-default-executor-2] INFO  client.GrpcClientProtocolClient (GrpcClientProtocolClient.java:onNext(264)) - client-E41C008B94D2->cb20f782-9136-4144-a2ef-e44461d35697: receive RaftClientReply:client-E41C008B94D2->cb20f782-9136-4144-a2ef-e44461d35697@group-EF222054BC57, cid=3552, SUCCESS, logIndex=4991, commits[cb20f782-9136-4144-a2ef-e44461d35697:c4992]
2019-09-17 12:48:59,270 [grpc-default-executor-2] INFO  client.GrpcClientProtocolClient (GrpcClientProtocolClient.java:onNext(264)) - client-E41C008B94D2->cb20f782-9136-4144-a2ef-e44461d35697: receive RaftClientReply:client-E41C008B94D2->cb20f782-9136-4144-a2ef-e44461d35697@group-EF222054BC57, cid=3553, SUCCESS, logIndex=4994, commits[cb20f782-9136-4144-a2ef-e44461d35697:c4995]
2019-09-17 12:48:59,271 [grpc-default-executor-2] INFO  client.GrpcClientProtocolClient (GrpcClientProtocolClient.java:onNext(264)) - client-E41C008B94D2->cb20f782-9136-4144-a2ef-e44461d35697: receive RaftClientReply:client-E41C008B94D2->cb20f782-9136-4144-a2ef-e44461d35697@group-EF222054BC57, cid=3554, SUCCESS, logIndex=4995, commits[cb20f782-9136-4144-a2ef-e44461d35697:c4998]
2019-09-17 12:48:59,271 [grpc-default-executor-2] INFO  client.GrpcClientProtocolClient (GrpcClientProtocolClient.java:onNext(264)) - client-E41C008B94D2->cb20f782-9136-4144-a2ef-e44461d35697: receive RaftClientReply:client-E41C008B94D2->cb20f782-9136-4144-a2ef-e44461d35697@group-EF222054BC57, cid=3555, SUCCESS, logIndex=4996, commits[cb20f782-9136-4144-a2ef-e44461d35697:c4998]
2019-09-17 12:48:59,271 [grpc-default-executor-2] INFO  client.GrpcClientProtocolClient (GrpcClientProtocolClient.java:onNext(264)) - client-E41C008B94D2->cb20f782-9136-4144-a2ef-e44461d35697: receive RaftClientReply:client-E41C008B94D2->cb20f782-9136-4144-a2ef-e44461d35697@group-EF222054BC57, cid=3556, SUCCESS, logIndex=4997, commits[cb20f782-9136-4144-a2ef-e44461d35697:c4998]
2019-09-17 12:48:59,292 [grpc-default-executor-2] INFO  client.GrpcClientProtocolClient (GrpcClientProtocolClient.java:onNext(264)) - client-E41C008B94D2->cb20f782-9136-4144-a2ef-e44461d35697: receive RaftClientReply:client-E41C008B94D2->cb20f782-9136-4144-a2ef-e44461d35697@group-EF222054BC57, cid=3557, SUCCESS, logIndex=4999, commits[cb20f782-9136-4144-a2ef-e44461d35697:c5000]
2019-09-17 12:48:59,292 [grpc-default-executor-2] INFO  client.GrpcClientProtocolClient (GrpcClientProtocolClient.java:onNext(264)) - client-E41C008B94D2->cb20f782-9136-4144-a2ef-e44461d35697: receive RaftClientReply:client-E41C008B94D2->cb20f782-9136-4144-a2ef-e44461d35697@group-EF222054BC57, cid=3558, SUCCESS, logIndex=5000, commits[cb20f782-9136-4144-a2ef-e44461d35697:c5002]
2019-09-17 12:48:59,293 [grpc-default-executor-2] INFO  client.GrpcClientProtocolClient (GrpcClientProtocolClient.java:onNext(264)) - client-E41C008B94D2->cb20f782-9136-4144-a2ef-e44461d35697: receive RaftClientReply:client-E41C008B94D2->cb20f782-9136-4144-a2ef-e44461d35697@group-EF222054BC57, cid=3559, SUCCESS, logIndex=5001, commits[cb20f782-9136-4144-a2ef-e44461d35697:c5003]
2019-09-17 12:48:59,293 [grpc-default-executor-2] INFO  client.GrpcClientProtocolClient (GrpcClientProtocolClient.java:onNext(264)) - client-E41C008B94D2->cb20f782-9136-4144-a2ef-e44461d35697: receive RaftClientReply:client-E41C008B94D2->cb20f782-9136-4144-a2ef-e44461d35697@group-EF222054BC57, cid=3560, SUCCESS, logIndex=5002, commits[cb20f782-9136-4144-a2ef-e44461d35697:c5003]
2019-09-17 12:48:59,322 [grpc-default-executor-1] INFO  client.GrpcClientProtocolClient (GrpcClientProtocolClient.java:onNext(264)) - client-E41C008B94D2->cb20f782-9136-4144-a2ef-e44461d35697: receive RaftClientReply:client-E41C008B94D2->cb20f782-9136-4144-a2ef-e44461d35697@group-EF222054BC57, cid=3561, SUCCESS, logIndex=5005, commits[cb20f782-9136-4144-a2ef-e44461d35697:c5008]
2019-09-17 12:48:59,322 [grpc-default-executor-1] INFO  client.GrpcClientProtocolClient (GrpcClientProtocolClient.java:onNext(264)) - client-E41C008B94D2->cb20f782-9136-4144-a2ef-e44461d35697: receive RaftClientReply:client-E41C008B94D2->cb20f782-9136-4144-a2ef-e44461d35697@group-EF222054BC57, cid=3562, SUCCESS, logIndex=5006, commits[cb20f782-9136-4144-a2ef-e44461d35697:c5008]
2019-09-17 12:48:59,323 [grpc-default-executor-1] INFO  client.GrpcClientProtocolClient (GrpcClientProtocolClient.java:onNext(264)) - client-E41C008B94D2->cb20f782-9136-4144-a2ef-e44461d35697: receive RaftClientReply:client-E41C008B94D2->cb20f782-9136-4144-a2ef-e44461d35697@group-EF222054BC57, cid=3563, SUCCESS, logIndex=5007, commits[cb20f782-9136-4144-a2ef-e44461d35697:c5009]
2019-09-17 12:48:59,323 [grpc-default-executor-1] INFO  client.GrpcClientProtocolClient (GrpcClientProtocolClient.java:onNext(264)) - client-E41C008B94D2->cb20f782-9136-4144-a2ef-e44461d35697: receive RaftClientReply:client-E41C008B94D2->cb20f782-9136-4144-a2ef-e44461d35697@group-EF222054BC57, cid=3564, SUCCESS, logIndex=5008, commits[cb20f782-9136-4144-a2ef-e44461d35697:c5009]
2019-09-17 12:48:59,326 [SCMBlockDeletingService#0] DEBUG block.SCMBlockDeletingService (SCMBlockDeletingService.java:call(138)) - Running DeletedBlockTransactionScanner
2019-09-17 12:48:59,326 [SCMBlockDeletingService#0] DEBUG block.SCMBlockDeletingService (SCMBlockDeletingService.java:call(155)) - Scanned deleted blocks log and got 0 delTX to process.
2019-09-17 12:48:59,343 [grpc-default-executor-1] INFO  client.GrpcClientProtocolClient (GrpcClientProtocolClient.java:onNext(264)) - client-E41C008B94D2->cb20f782-9136-4144-a2ef-e44461d35697: receive RaftClientReply:client-E41C008B94D2->cb20f782-9136-4144-a2ef-e44461d35697@group-EF222054BC57, cid=3565, SUCCESS, logIndex=5010, commits[cb20f782-9136-4144-a2ef-e44461d35697:c5013]
2019-09-17 12:48:59,343 [grpc-default-executor-1] INFO  client.GrpcClientProtocolClient (GrpcClientProtocolClient.java:onNext(264)) - client-E41C008B94D2->cb20f782-9136-4144-a2ef-e44461d35697: receive RaftClientReply:client-E41C008B94D2->cb20f782-9136-4144-a2ef-e44461d35697@group-EF222054BC57, cid=3566, SUCCESS, logIndex=5011, commits[cb20f782-9136-4144-a2ef-e44461d35697:c5014]
2019-09-17 12:48:59,343 [grpc-default-executor-1] INFO  client.GrpcClientProtocolClient (GrpcClientProtocolClient.java:onNext(264)) - client-E41C008B94D2->cb20f782-9136-4144-a2ef-e44461d35697: receive RaftClientReply:client-E41C008B94D2->cb20f782-9136-4144-a2ef-e44461d35697@group-EF222054BC57, cid=3567, SUCCESS, logIndex=5012, commits[cb20f782-9136-4144-a2ef-e44461d35697:c5014]
2019-09-17 12:48:59,343 [grpc-default-executor-1] INFO  client.GrpcClientProtocolClient (GrpcClientProtocolClient.java:onNext(264)) - client-E41C008B94D2->cb20f782-9136-4144-a2ef-e44461d35697: receive RaftClientReply:client-E41C008B94D2->cb20f782-9136-4144-a2ef-e44461d35697@group-EF222054BC57, cid=3568, SUCCESS, logIndex=5013, commits[cb20f782-9136-4144-a2ef-e44461d35697:c5014]
2019-09-17 12:48:59,372 [grpc-default-executor-1] INFO  client.GrpcClientProtocolClient (GrpcClientProtocolClient.java:onNext(264)) - client-E41C008B94D2->cb20f782-9136-4144-a2ef-e44461d35697: receive RaftClientReply:client-E41C008B94D2->cb20f782-9136-4144-a2ef-e44461d35697@group-EF222054BC57, cid=3569, SUCCESS, logIndex=5015, commits[cb20f782-9136-4144-a2ef-e44461d35697:c5018]
2019-09-17 12:48:59,372 [grpc-default-executor-1] INFO  client.GrpcClientProtocolClient (GrpcClientProtocolClient.java:onNext(264)) - client-E41C008B94D2->cb20f782-9136-4144-a2ef-e44461d35697: receive RaftClientReply:client-E41C008B94D2->cb20f782-9136-4144-a2ef-e44461d35697@group-EF222054BC57, cid=3570, SUCCESS, logIndex=5016, commits[cb20f782-9136-4144-a2ef-e44461d35697:c5018]
2019-09-17 12:48:59,373 [grpc-default-executor-1] INFO  client.GrpcClientProtocolClient (GrpcClientProtocolClient.java:onNext(264)) - client-E41C008B94D2->cb20f782-9136-4144-a2ef-e44461d35697: receive RaftClientReply:client-E41C008B94D2->cb20f782-9136-4144-a2ef-e44461d35697@group-EF222054BC57, cid=3571, SUCCESS, logIndex=5017, commits[cb20f782-9136-4144-a2ef-e44461d35697:c5019]
2019-09-17 12:48:59,373 [grpc-default-executor-1] INFO  client.GrpcClientProtocolClient (GrpcClientProtocolClient.java:onNext(264)) - client-E41C008B94D2->cb20f782-9136-4144-a2ef-e44461d35697: receive RaftClientReply:client-E41C008B94D2->cb20f782-9136-4144-a2ef-e44461d35697@group-EF222054BC57, cid=3572, SUCCESS, logIndex=5018, commits[cb20f782-9136-4144-a2ef-e44461d35697:c5019]
2019-09-17 12:48:59,387 [grpc-default-executor-1] INFO  client.GrpcClientProtocolClient (GrpcClientProtocolClient.java:onNext(264)) - client-E41C008B94D2->cb20f782-9136-4144-a2ef-e44461d35697: receive RaftClientReply:client-E41C008B94D2->cb20f782-9136-4144-a2ef-e44461d35697@group-EF222054BC57, cid=3573, SUCCESS, logIndex=5020, commits[cb20f782-9136-4144-a2ef-e44461d35697:c5021]
2019-09-17 12:48:59,388 [grpc-default-executor-1] INFO  client.GrpcClientProtocolClient (GrpcClientProtocolClient.java:onNext(264)) - client-E41C008B94D2->cb20f782-9136-4144-a2ef-e44461d35697: receive RaftClientReply:client-E41C008B94D2->cb20f782-9136-4144-a2ef-e44461d35697@group-EF222054BC57, cid=3574, SUCCESS, logIndex=5021, commits[cb20f782-9136-4144-a2ef-e44461d35697:c5023]
2019-09-17 12:48:59,388 [grpc-default-executor-1] INFO  client.GrpcClientProtocolClient (GrpcClientProtocolClient.java:onNext(264)) - client-E41C008B94D2->cb20f782-9136-4144-a2ef-e44461d35697: receive RaftClientReply:client-E41C008B94D2->cb20f782-9136-4144-a2ef-e44461d35697@group-EF222054BC57, cid=3575, SUCCESS, logIndex=5022, commits[cb20f782-9136-4144-a2ef-e44461d35697:c5023]
2019-09-17 12:48:59,388 [grpc-default-executor-1] INFO  client.GrpcClientProtocolClient (GrpcClientProtocolClient.java:onNext(264)) - client-E41C008B94D2->cb20f782-9136-4144-a2ef-e44461d35697: receive RaftClientReply:client-E41C008B94D2->cb20f782-9136-4144-a2ef-e44461d35697@group-EF222054BC57, cid=3576, SUCCESS, logIndex=5023, commits[cb20f782-9136-4144-a2ef-e44461d35697:c5023]
2019-09-17 12:48:59,411 [grpc-default-executor-2] INFO  client.GrpcClientProtocolClient (GrpcClientProtocolClient.java:onNext(264)) - client-E41C008B94D2->cb20f782-9136-4144-a2ef-e44461d35697: receive RaftClientReply:client-E41C008B94D2->cb20f782-9136-4144-a2ef-e44461d35697@group-EF222054BC57, cid=3577, SUCCESS, logIndex=5026, commits[cb20f782-9136-4144-a2ef-e44461d35697:c5027]
2019-09-17 12:48:59,412 [grpc-default-executor-2] INFO  client.GrpcClientProtocolClient (GrpcClientProtocolClient.java:onNext(264)) - client-E41C008B94D2->cb20f782-9136-4144-a2ef-e44461d35697: receive RaftClientReply:client-E41C008B94D2->cb20f782-9136-4144-a2ef-e44461d35697@group-EF222054BC57, cid=3578, SUCCESS, logIndex=5027, commits[cb20f782-9136-4144-a2ef-e44461d35697:c5029]
2019-09-17 12:48:59,412 [grpc-default-executor-2] INFO  client.GrpcClientProtocolClient (GrpcClientProtocolClient.java:onNext(264)) - client-E41C008B94D2->cb20f782-9136-4144-a2ef-e44461d35697: receive RaftClientReply:client-E41C008B94D2->cb20f782-9136-4144-a2ef-e44461d35697@group-EF222054BC57, cid=3579, SUCCESS, logIndex=5028, commits[cb20f782-9136-4144-a2ef-e44461d35697:c5029]
2019-09-17 12:48:59,412 [grpc-default-executor-2] INFO  client.GrpcClientProtocolClient (GrpcClientProtocolClient.java:onNext(264)) - client-E41C008B94D2->cb20f782-9136-4144-a2ef-e44461d35697: receive RaftClientReply:client-E41C008B94D2->cb20f782-9136-4144-a2ef-e44461d35697@group-EF222054BC57, cid=3580, SUCCESS, logIndex=5029, commits[cb20f782-9136-4144-a2ef-e44461d35697:c5030]
2019-09-17 12:48:59,574 [SCMBlockDeletingService#0] DEBUG block.SCMBlockDeletingService (SCMBlockDeletingService.java:call(138)) - Running DeletedBlockTransactionScanner
2019-09-17 12:48:59,574 [SCMBlockDeletingService#0] DEBUG block.SCMBlockDeletingService (SCMBlockDeletingService.java:call(155)) - Scanned deleted blocks log and got 0 delTX to process.
2019-09-17 12:48:59,675 [SCMBlockDeletingService#0] DEBUG block.SCMBlockDeletingService (SCMBlockDeletingService.java:call(138)) - Running DeletedBlockTransactionScanner
2019-09-17 12:48:59,675 [SCMBlockDeletingService#0] DEBUG block.SCMBlockDeletingService (SCMBlockDeletingService.java:call(155)) - Scanned deleted blocks log and got 0 delTX to process.
2019-09-17 12:48:59,739 [grpc-default-executor-2] INFO  client.GrpcClientProtocolClient (GrpcClientProtocolClient.java:onNext(264)) - client-E41C008B94D2->cb20f782-9136-4144-a2ef-e44461d35697: receive RaftClientReply:client-E41C008B94D2->cb20f782-9136-4144-a2ef-e44461d35697@group-EF222054BC57, cid=3581, SUCCESS, logIndex=5032, commits[cb20f782-9136-4144-a2ef-e44461d35697:c5033]
2019-09-17 12:48:59,739 [grpc-default-executor-2] INFO  client.GrpcClientProtocolClient (GrpcClientProtocolClient.java:onNext(264)) - client-E41C008B94D2->cb20f782-9136-4144-a2ef-e44461d35697: receive RaftClientReply:client-E41C008B94D2->cb20f782-9136-4144-a2ef-e44461d35697@group-EF222054BC57, cid=3582, SUCCESS, logIndex=5033, commits[cb20f782-9136-4144-a2ef-e44461d35697:c5035]
2019-09-17 12:48:59,740 [grpc-default-executor-2] INFO  client.GrpcClientProtocolClient (GrpcClientProtocolClient.java:onNext(264)) - client-E41C008B94D2->cb20f782-9136-4144-a2ef-e44461d35697: receive RaftClientReply:client-E41C008B94D2->cb20f782-9136-4144-a2ef-e44461d35697@group-EF222054BC57, cid=3583, SUCCESS, logIndex=5034, commits[cb20f782-9136-4144-a2ef-e44461d35697:c5036]
2019-09-17 12:48:59,740 [grpc-default-executor-2] INFO  client.GrpcClientProtocolClient (GrpcClientProtocolClient.java:onNext(264)) - client-E41C008B94D2->cb20f782-9136-4144-a2ef-e44461d35697: receive RaftClientReply:client-E41C008B94D2->cb20f782-9136-4144-a2ef-e44461d35697@group-EF222054BC57, cid=3584, SUCCESS, logIndex=5035, commits[cb20f782-9136-4144-a2ef-e44461d35697:c5036]
2019-09-17 12:48:59,771 [grpc-default-executor-1] INFO  client.GrpcClientProtocolClient (GrpcClientProtocolClient.java:onNext(264)) - client-E41C008B94D2->cb20f782-9136-4144-a2ef-e44461d35697: receive RaftClientReply:client-E41C008B94D2->cb20f782-9136-4144-a2ef-e44461d35697@group-EF222054BC57, cid=3585, SUCCESS, logIndex=5038, commits[cb20f782-9136-4144-a2ef-e44461d35697:c5039]
2019-09-17 12:48:59,772 [grpc-default-executor-1] INFO  client.GrpcClientProtocolClient (GrpcClientProtocolClient.java:onNext(264)) - client-E41C008B94D2->cb20f782-9136-4144-a2ef-e44461d35697: receive RaftClientReply:client-E41C008B94D2->cb20f782-9136-4144-a2ef-e44461d35697@group-EF222054BC57, cid=3586, SUCCESS, logIndex=5039, commits[cb20f782-9136-4144-a2ef-e44461d35697:c5041]
2019-09-17 12:48:59,773 [grpc-default-executor-1] INFO  client.GrpcClientProtocolClient (GrpcClientProtocolClient.java:onNext(264)) - client-E41C008B94D2->cb20f782-9136-4144-a2ef-e44461d35697: receive RaftClientReply:client-E41C008B94D2->cb20f782-9136-4144-a2ef-e44461d35697@group-EF222054BC57, cid=3587, SUCCESS, logIndex=5040, commits[cb20f782-9136-4144-a2ef-e44461d35697:c5042]
2019-09-17 12:48:59,773 [grpc-default-executor-1] INFO  client.GrpcClientProtocolClient (GrpcClientProtocolClient.java:onNext(264)) - client-E41C008B94D2->cb20f782-9136-4144-a2ef-e44461d35697: receive RaftClientReply:client-E41C008B94D2->cb20f782-9136-4144-a2ef-e44461d35697@group-EF222054BC57, cid=3588, SUCCESS, logIndex=5041, commits[cb20f782-9136-4144-a2ef-e44461d35697:c5043]
2019-09-17 12:48:59,775 [SCMBlockDeletingService#0] DEBUG block.SCMBlockDeletingService (SCMBlockDeletingService.java:call(138)) - Running DeletedBlockTransactionScanner
2019-09-17 12:48:59,776 [SCMBlockDeletingService#0] DEBUG block.SCMBlockDeletingService (SCMBlockDeletingService.java:call(155)) - Scanned deleted blocks log and got 0 delTX to process.
2019-09-17 12:48:59,793 [grpc-default-executor-1] INFO  client.GrpcClientProtocolClient (GrpcClientProtocolClient.java:onNext(264)) - client-E41C008B94D2->cb20f782-9136-4144-a2ef-e44461d35697: receive RaftClientReply:client-E41C008B94D2->cb20f782-9136-4144-a2ef-e44461d35697@group-EF222054BC57, cid=3589, SUCCESS, logIndex=5044, commits[cb20f782-9136-4144-a2ef-e44461d35697:c5045]
2019-09-17 12:48:59,794 [grpc-default-executor-1] INFO  client.GrpcClientProtocolClient (GrpcClientProtocolClient.java:onNext(264)) - client-E41C008B94D2->cb20f782-9136-4144-a2ef-e44461d35697: receive RaftClientReply:client-E41C008B94D2->cb20f782-9136-4144-a2ef-e44461d35697@group-EF222054BC57, cid=3590, SUCCESS, logIndex=5045, commits[cb20f782-9136-4144-a2ef-e44461d35697:c5047]
2019-09-17 12:48:59,794 [grpc-default-executor-1] INFO  client.GrpcClientProtocolClient (GrpcClientProtocolClient.java:onNext(264)) - client-E41C008B94D2->cb20f782-9136-4144-a2ef-e44461d35697: receive RaftClientReply:client-E41C008B94D2->cb20f782-9136-4144-a2ef-e44461d35697@group-EF222054BC57, cid=3591, SUCCESS, logIndex=5046, commits[cb20f782-9136-4144-a2ef-e44461d35697:c5047]
2019-09-17 12:48:59,794 [grpc-default-executor-1] INFO  client.GrpcClientProtocolClient (GrpcClientProtocolClient.java:onNext(264)) - client-E41C008B94D2->cb20f782-9136-4144-a2ef-e44461d35697: receive RaftClientReply:client-E41C008B94D2->cb20f782-9136-4144-a2ef-e44461d35697@group-EF222054BC57, cid=3592, SUCCESS, logIndex=5047, commits[cb20f782-9136-4144-a2ef-e44461d35697:c5048]
2019-09-17 12:48:59,823 [grpc-default-executor-2] INFO  client.GrpcClientProtocolClient (GrpcClientProtocolClient.java:onNext(264)) - client-E41C008B94D2->cb20f782-9136-4144-a2ef-e44461d35697: receive RaftClientReply:client-E41C008B94D2->cb20f782-9136-4144-a2ef-e44461d35697@group-EF222054BC57, cid=3593, SUCCESS, logIndex=5050, commits[cb20f782-9136-4144-a2ef-e44461d35697:c5051]
2019-09-17 12:48:59,823 [grpc-default-executor-2] INFO  client.GrpcClientProtocolClient (GrpcClientProtocolClient.java:onNext(264)) - client-E41C008B94D2->cb20f782-9136-4144-a2ef-e44461d35697: receive RaftClientReply:client-E41C008B94D2->cb20f782-9136-4144-a2ef-e44461d35697@group-EF222054BC57, cid=3594, SUCCESS, logIndex=5051, commits[cb20f782-9136-4144-a2ef-e44461d35697:c5053]
2019-09-17 12:48:59,824 [grpc-default-executor-2] INFO  client.GrpcClientProtocolClient (GrpcClientProtocolClient.java:onNext(264)) - client-E41C008B94D2->cb20f782-9136-4144-a2ef-e44461d35697: receive RaftClientReply:client-E41C008B94D2->cb20f782-9136-4144-a2ef-e44461d35697@group-EF222054BC57, cid=3595, SUCCESS, logIndex=5052, commits[cb20f782-9136-4144-a2ef-e44461d35697:c5053]
2019-09-17 12:48:59,824 [grpc-default-executor-2] INFO  client.GrpcClientProtocolClient (GrpcClientProtocolClient.java:onNext(264)) - client-E41C008B94D2->cb20f782-9136-4144-a2ef-e44461d35697: receive RaftClientReply:client-E41C008B94D2->cb20f782-9136-4144-a2ef-e44461d35697@group-EF222054BC57, cid=3596, SUCCESS, logIndex=5053, commits[cb20f782-9136-4144-a2ef-e44461d35697:c5054]
2019-09-17 12:48:59,843 [grpc-default-executor-2] INFO  client.GrpcClientProtocolClient (GrpcClientProtocolClient.java:onNext(264)) - client-E41C008B94D2->cb20f782-9136-4144-a2ef-e44461d35697: receive RaftClientReply:client-E41C008B94D2->cb20f782-9136-4144-a2ef-e44461d35697@group-EF222054BC57, cid=3597, SUCCESS, logIndex=5056, commits[cb20f782-9136-4144-a2ef-e44461d35697:c5057]
2019-09-17 12:48:59,843 [grpc-default-executor-2] INFO  client.GrpcClientProtocolClient (GrpcClientProtocolClient.java:onNext(264)) - client-E41C008B94D2->cb20f782-9136-4144-a2ef-e44461d35697: receive RaftClientReply:client-E41C008B94D2->cb20f782-9136-4144-a2ef-e44461d35697@group-EF222054BC57, cid=3598, SUCCESS, logIndex=5057, commits[cb20f782-9136-4144-a2ef-e44461d35697:c5059]
2019-09-17 12:48:59,843 [grpc-default-executor-2] INFO  client.GrpcClientProtocolClient (GrpcClientProtocolClient.java:onNext(264)) - client-E41C008B94D2->cb20f782-9136-4144-a2ef-e44461d35697: receive RaftClientReply:client-E41C008B94D2->cb20f782-9136-4144-a2ef-e44461d35697@group-EF222054BC57, cid=3599, SUCCESS, logIndex=5058, commits[cb20f782-9136-4144-a2ef-e44461d35697:c5060]
2019-09-17 12:48:59,844 [grpc-default-executor-2] INFO  client.GrpcClientProtocolClient (GrpcClientProtocolClient.java:onNext(264)) - client-E41C008B94D2->cb20f782-9136-4144-a2ef-e44461d35697: receive RaftClientReply:client-E41C008B94D2->cb20f782-9136-4144-a2ef-e44461d35697@group-EF222054BC57, cid=3600, SUCCESS, logIndex=5059, commits[cb20f782-9136-4144-a2ef-e44461d35697:c5060]
2019-09-17 12:48:59,876 [SCMBlockDeletingService#0] DEBUG block.SCMBlockDeletingService (SCMBlockDeletingService.java:call(138)) - Running DeletedBlockTransactionScanner
2019-09-17 12:48:59,876 [SCMBlockDeletingService#0] DEBUG block.SCMBlockDeletingService (SCMBlockDeletingService.java:call(155)) - Scanned deleted blocks log and got 0 delTX to process.
2019-09-17 12:48:59,895 [grpc-default-executor-2] INFO  client.GrpcClientProtocolClient (GrpcClientProtocolClient.java:onNext(264)) - client-E41C008B94D2->cb20f782-9136-4144-a2ef-e44461d35697: receive RaftClientReply:client-E41C008B94D2->cb20f782-9136-4144-a2ef-e44461d35697@group-EF222054BC57, cid=3601, SUCCESS, logIndex=5062, commits[cb20f782-9136-4144-a2ef-e44461d35697:c5063]
2019-09-17 12:48:59,895 [grpc-default-executor-2] INFO  client.GrpcClientProtocolClient (GrpcClientProtocolClient.java:onNext(264)) - client-E41C008B94D2->cb20f782-9136-4144-a2ef-e44461d35697: receive RaftClientReply:client-E41C008B94D2->cb20f782-9136-4144-a2ef-e44461d35697@group-EF222054BC57, cid=3602, SUCCESS, logIndex=5063, commits[cb20f782-9136-4144-a2ef-e44461d35697:c5063]
2019-09-17 12:48:59,903 [grpc-default-executor-2] INFO  client.GrpcClientProtocolClient (GrpcClientProtocolClient.java:onNext(264)) - client-E41C008B94D2->cb20f782-9136-4144-a2ef-e44461d35697: receive RaftClientReply:client-E41C008B94D2->cb20f782-9136-4144-a2ef-e44461d35697@group-EF222054BC57, cid=3603, SUCCESS, logIndex=5064, commits[cb20f782-9136-4144-a2ef-e44461d35697:c5065]
2019-09-17 12:48:59,904 [grpc-default-executor-2] INFO  client.GrpcClientProtocolClient (GrpcClientProtocolClient.java:onNext(264)) - client-E41C008B94D2->cb20f782-9136-4144-a2ef-e44461d35697: receive RaftClientReply:client-E41C008B94D2->cb20f782-9136-4144-a2ef-e44461d35697@group-EF222054BC57, cid=3604, SUCCESS, logIndex=5065, commits[cb20f782-9136-4144-a2ef-e44461d35697:c5066]
2019-09-17 12:48:59,926 [grpc-default-executor-2] INFO  client.GrpcClientProtocolClient (GrpcClientProtocolClient.java:onNext(264)) - client-E41C008B94D2->cb20f782-9136-4144-a2ef-e44461d35697: receive RaftClientReply:client-E41C008B94D2->cb20f782-9136-4144-a2ef-e44461d35697@group-EF222054BC57, cid=3605, SUCCESS, logIndex=5068, commits[cb20f782-9136-4144-a2ef-e44461d35697:c5069]
2019-09-17 12:48:59,926 [grpc-default-executor-2] INFO  client.GrpcClientProtocolClient (GrpcClientProtocolClient.java:onNext(264)) - client-E41C008B94D2->cb20f782-9136-4144-a2ef-e44461d35697: receive RaftClientReply:client-E41C008B94D2->cb20f782-9136-4144-a2ef-e44461d35697@group-EF222054BC57, cid=3606, SUCCESS, logIndex=5069, commits[cb20f782-9136-4144-a2ef-e44461d35697:c5069]
2019-09-17 12:48:59,926 [grpc-default-executor-2] INFO  client.GrpcClientProtocolClient (GrpcClientProtocolClient.java:onNext(264)) - client-E41C008B94D2->cb20f782-9136-4144-a2ef-e44461d35697: receive RaftClientReply:client-E41C008B94D2->cb20f782-9136-4144-a2ef-e44461d35697@group-EF222054BC57, cid=3607, SUCCESS, logIndex=5070, commits[cb20f782-9136-4144-a2ef-e44461d35697:c5071]
2019-09-17 12:48:59,927 [grpc-default-executor-2] INFO  client.GrpcClientProtocolClient (GrpcClientProtocolClient.java:onNext(264)) - client-E41C008B94D2->cb20f782-9136-4144-a2ef-e44461d35697: receive RaftClientReply:client-E41C008B94D2->cb20f782-9136-4144-a2ef-e44461d35697@group-EF222054BC57, cid=3608, SUCCESS, logIndex=5071, commits[cb20f782-9136-4144-a2ef-e44461d35697:c5072]
2019-09-17 12:48:59,963 [grpc-default-executor-2] INFO  client.GrpcClientProtocolClient (GrpcClientProtocolClient.java:onNext(264)) - client-E41C008B94D2->cb20f782-9136-4144-a2ef-e44461d35697: receive RaftClientReply:client-E41C008B94D2->cb20f782-9136-4144-a2ef-e44461d35697@group-EF222054BC57, cid=3609, SUCCESS, logIndex=5074, commits[cb20f782-9136-4144-a2ef-e44461d35697:c5077]
2019-09-17 12:48:59,963 [grpc-default-executor-2] INFO  client.GrpcClientProtocolClient (GrpcClientProtocolClient.java:onNext(264)) - client-E41C008B94D2->cb20f782-9136-4144-a2ef-e44461d35697: receive RaftClientReply:client-E41C008B94D2->cb20f782-9136-4144-a2ef-e44461d35697@group-EF222054BC57, cid=3610, SUCCESS, logIndex=5075, commits[cb20f782-9136-4144-a2ef-e44461d35697:c5077]
2019-09-17 12:48:59,964 [grpc-default-executor-2] INFO  client.GrpcClientProtocolClient (GrpcClientProtocolClient.java:onNext(264)) - client-E41C008B94D2->cb20f782-9136-4144-a2ef-e44461d35697: receive RaftClientReply:client-E41C008B94D2->cb20f782-9136-4144-a2ef-e44461d35697@group-EF222054BC57, cid=3611, SUCCESS, logIndex=5076, commits[cb20f782-9136-4144-a2ef-e44461d35697:c5078]
2019-09-17 12:48:59,964 [grpc-default-executor-2] INFO  client.GrpcClientProtocolClient (GrpcClientProtocolClient.java:onNext(264)) - client-E41C008B94D2->cb20f782-9136-4144-a2ef-e44461d35697: receive RaftClientReply:client-E41C008B94D2->cb20f782-9136-4144-a2ef-e44461d35697@group-EF222054BC57, cid=3612, SUCCESS, logIndex=5077, commits[cb20f782-9136-4144-a2ef-e44461d35697:c5078]
2019-09-17 12:48:59,976 [SCMBlockDeletingService#0] DEBUG block.SCMBlockDeletingService (SCMBlockDeletingService.java:call(138)) - Running DeletedBlockTransactionScanner
2019-09-17 12:48:59,977 [SCMBlockDeletingService#0] DEBUG block.SCMBlockDeletingService (SCMBlockDeletingService.java:call(155)) - Scanned deleted blocks log and got 0 delTX to process.
2019-09-17 12:48:59,984 [grpc-default-executor-2] INFO  client.GrpcClientProtocolClient (GrpcClientProtocolClient.java:onNext(264)) - client-E41C008B94D2->cb20f782-9136-4144-a2ef-e44461d35697: receive RaftClientReply:client-E41C008B94D2->cb20f782-9136-4144-a2ef-e44461d35697@group-EF222054BC57, cid=3613, SUCCESS, logIndex=5079, commits[cb20f782-9136-4144-a2ef-e44461d35697:c5080]
2019-09-17 12:48:59,984 [grpc-default-executor-2] INFO  client.GrpcClientProtocolClient (GrpcClientProtocolClient.java:onNext(264)) - client-E41C008B94D2->cb20f782-9136-4144-a2ef-e44461d35697: receive RaftClientReply:client-E41C008B94D2->cb20f782-9136-4144-a2ef-e44461d35697@group-EF222054BC57, cid=3614, SUCCESS, logIndex=5080, commits[cb20f782-9136-4144-a2ef-e44461d35697:c5080]
2019-09-17 12:48:59,985 [grpc-default-executor-2] INFO  client.GrpcClientProtocolClient (GrpcClientProtocolClient.java:onNext(264)) - client-E41C008B94D2->cb20f782-9136-4144-a2ef-e44461d35697: receive RaftClientReply:client-E41C008B94D2->cb20f782-9136-4144-a2ef-e44461d35697@group-EF222054BC57, cid=3615, SUCCESS, logIndex=5081, commits[cb20f782-9136-4144-a2ef-e44461d35697:c5082]
2019-09-17 12:48:59,985 [grpc-default-executor-2] INFO  client.GrpcClientProtocolClient (GrpcClientProtocolClient.java:onNext(264)) - client-E41C008B94D2->cb20f782-9136-4144-a2ef-e44461d35697: receive RaftClientReply:client-E41C008B94D2->cb20f782-9136-4144-a2ef-e44461d35697@group-EF222054BC57, cid=3616, SUCCESS, logIndex=5082, commits[cb20f782-9136-4144-a2ef-e44461d35697:c5083]
2019-09-17 12:49:00,038 [grpc-default-executor-1] INFO  client.GrpcClientProtocolClient (GrpcClientProtocolClient.java:onNext(264)) - client-E41C008B94D2->cb20f782-9136-4144-a2ef-e44461d35697: receive RaftClientReply:client-E41C008B94D2->cb20f782-9136-4144-a2ef-e44461d35697@group-EF222054BC57, cid=3617, SUCCESS, logIndex=5085, commits[cb20f782-9136-4144-a2ef-e44461d35697:c5088]
2019-09-17 12:49:00,039 [grpc-default-executor-1] INFO  client.GrpcClientProtocolClient (GrpcClientProtocolClient.java:onNext(264)) - client-E41C008B94D2->cb20f782-9136-4144-a2ef-e44461d35697: receive RaftClientReply:client-E41C008B94D2->cb20f782-9136-4144-a2ef-e44461d35697@group-EF222054BC57, cid=3618, SUCCESS, logIndex=5086, commits[cb20f782-9136-4144-a2ef-e44461d35697:c5089]
2019-09-17 12:49:00,039 [grpc-default-executor-1] INFO  client.GrpcClientProtocolClient (GrpcClientProtocolClient.java:onNext(264)) - client-E41C008B94D2->cb20f782-9136-4144-a2ef-e44461d35697: receive RaftClientReply:client-E41C008B94D2->cb20f782-9136-4144-a2ef-e44461d35697@group-EF222054BC57, cid=3619, SUCCESS, logIndex=5087, commits[cb20f782-9136-4144-a2ef-e44461d35697:c5089]
2019-09-17 12:49:00,039 [grpc-default-executor-1] INFO  client.GrpcClientProtocolClient (GrpcClientProtocolClient.java:onNext(264)) - client-E41C008B94D2->cb20f782-9136-4144-a2ef-e44461d35697: receive RaftClientReply:client-E41C008B94D2->cb20f782-9136-4144-a2ef-e44461d35697@group-EF222054BC57, cid=3620, SUCCESS, logIndex=5088, commits[cb20f782-9136-4144-a2ef-e44461d35697:c5089]
2019-09-17 12:49:00,060 [grpc-default-executor-2] INFO  client.GrpcClientProtocolClient (GrpcClientProtocolClient.java:onNext(264)) - client-E41C008B94D2->cb20f782-9136-4144-a2ef-e44461d35697: receive RaftClientReply:client-E41C008B94D2->cb20f782-9136-4144-a2ef-e44461d35697@group-EF222054BC57, cid=3621, SUCCESS, logIndex=5090, commits[cb20f782-9136-4144-a2ef-e44461d35697:c5091]
2019-09-17 12:49:00,061 [grpc-default-executor-2] INFO  client.GrpcClientProtocolClient (GrpcClientProtocolClient.java:onNext(264)) - client-E41C008B94D2->cb20f782-9136-4144-a2ef-e44461d35697: receive RaftClientReply:client-E41C008B94D2->cb20f782-9136-4144-a2ef-e44461d35697@group-EF222054BC57, cid=3622, SUCCESS, logIndex=5091, commits[cb20f782-9136-4144-a2ef-e44461d35697:c5093]
2019-09-17 12:49:00,061 [grpc-default-executor-2] INFO  client.GrpcClientProtocolClient (GrpcClientProtocolClient.java:onNext(264)) - client-E41C008B94D2->cb20f782-9136-4144-a2ef-e44461d35697: receive RaftClientReply:client-E41C008B94D2->cb20f782-9136-4144-a2ef-e44461d35697@group-EF222054BC57, cid=3623, SUCCESS, logIndex=5092, commits[cb20f782-9136-4144-a2ef-e44461d35697:c5093]
2019-09-17 12:49:00,061 [grpc-default-executor-2] INFO  client.GrpcClientProtocolClient (GrpcClientProtocolClient.java:onNext(264)) - client-E41C008B94D2->cb20f782-9136-4144-a2ef-e44461d35697: receive RaftClientReply:client-E41C008B94D2->cb20f782-9136-4144-a2ef-e44461d35697@group-EF222054BC57, cid=3624, SUCCESS, logIndex=5093, commits[cb20f782-9136-4144-a2ef-e44461d35697:c5094]
2019-09-17 12:49:00,077 [SCMBlockDeletingService#0] DEBUG block.SCMBlockDeletingService (SCMBlockDeletingService.java:call(138)) - Running DeletedBlockTransactionScanner
2019-09-17 12:49:00,077 [SCMBlockDeletingService#0] DEBUG block.SCMBlockDeletingService (SCMBlockDeletingService.java:call(155)) - Scanned deleted blocks log and got 0 delTX to process.
2019-09-17 12:49:00,178 [SCMBlockDeletingService#0] DEBUG block.SCMBlockDeletingService (SCMBlockDeletingService.java:call(138)) - Running DeletedBlockTransactionScanner
2019-09-17 12:49:00,178 [SCMBlockDeletingService#0] DEBUG block.SCMBlockDeletingService (SCMBlockDeletingService.java:call(155)) - Scanned deleted blocks log and got 0 delTX to process.
2019-09-17 12:49:00,220 [grpc-default-executor-2] INFO  client.GrpcClientProtocolClient (GrpcClientProtocolClient.java:onNext(264)) - client-E41C008B94D2->cb20f782-9136-4144-a2ef-e44461d35697: receive RaftClientReply:client-E41C008B94D2->cb20f782-9136-4144-a2ef-e44461d35697@group-EF222054BC57, cid=3625, SUCCESS, logIndex=5096, commits[cb20f782-9136-4144-a2ef-e44461d35697:c5099]
2019-09-17 12:49:00,221 [grpc-default-executor-2] INFO  client.GrpcClientProtocolClient (GrpcClientProtocolClient.java:onNext(264)) - client-E41C008B94D2->cb20f782-9136-4144-a2ef-e44461d35697: receive RaftClientReply:client-E41C008B94D2->cb20f782-9136-4144-a2ef-e44461d35697@group-EF222054BC57, cid=3626, SUCCESS, logIndex=5097, commits[cb20f782-9136-4144-a2ef-e44461d35697:c5100]
2019-09-17 12:49:00,221 [grpc-default-executor-2] INFO  client.GrpcClientProtocolClient (GrpcClientProtocolClient.java:onNext(264)) - client-E41C008B94D2->cb20f782-9136-4144-a2ef-e44461d35697: receive RaftClientReply:client-E41C008B94D2->cb20f782-9136-4144-a2ef-e44461d35697@group-EF222054BC57, cid=3627, SUCCESS, logIndex=5098, commits[cb20f782-9136-4144-a2ef-e44461d35697:c5100]
2019-09-17 12:49:00,221 [grpc-default-executor-2] INFO  client.GrpcClientProtocolClient (GrpcClientProtocolClient.java:onNext(264)) - client-E41C008B94D2->cb20f782-9136-4144-a2ef-e44461d35697: receive RaftClientReply:client-E41C008B94D2->cb20f782-9136-4144-a2ef-e44461d35697@group-EF222054BC57, cid=3628, SUCCESS, logIndex=5099, commits[cb20f782-9136-4144-a2ef-e44461d35697:c5100]
2019-09-17 12:49:00,242 [grpc-default-executor-2] INFO  client.GrpcClientProtocolClient (GrpcClientProtocolClient.java:onNext(264)) - client-E41C008B94D2->cb20f782-9136-4144-a2ef-e44461d35697: receive RaftClientReply:client-E41C008B94D2->cb20f782-9136-4144-a2ef-e44461d35697@group-EF222054BC57, cid=3629, SUCCESS, logIndex=5101, commits[cb20f782-9136-4144-a2ef-e44461d35697:c5104]
2019-09-17 12:49:00,242 [grpc-default-executor-2] INFO  client.GrpcClientProtocolClient (GrpcClientProtocolClient.java:onNext(264)) - client-E41C008B94D2->cb20f782-9136-4144-a2ef-e44461d35697: receive RaftClientReply:client-E41C008B94D2->cb20f782-9136-4144-a2ef-e44461d35697@group-EF222054BC57, cid=3630, SUCCESS, logIndex=5102, commits[cb20f782-9136-4144-a2ef-e44461d35697:c5104]
2019-09-17 12:49:00,243 [grpc-default-executor-2] INFO  client.GrpcClientProtocolClient (GrpcClientProtocolClient.java:onNext(264)) - client-E41C008B94D2->cb20f782-9136-4144-a2ef-e44461d35697: receive RaftClientReply:client-E41C008B94D2->cb20f782-9136-4144-a2ef-e44461d35697@group-EF222054BC57, cid=3631, SUCCESS, logIndex=5103, commits[cb20f782-9136-4144-a2ef-e44461d35697:c5105]
2019-09-17 12:49:00,243 [grpc-default-executor-2] INFO  client.GrpcClientProtocolClient (GrpcClientProtocolClient.java:onNext(264)) - client-E41C008B94D2->cb20f782-9136-4144-a2ef-e44461d35697: receive RaftClientReply:client-E41C008B94D2->cb20f782-9136-4144-a2ef-e44461d35697@group-EF222054BC57, cid=3632, SUCCESS, logIndex=5104, commits[cb20f782-9136-4144-a2ef-e44461d35697:c5105]
2019-09-17 12:49:00,277 [grpc-default-executor-2] INFO  client.GrpcClientProtocolClient (GrpcClientProtocolClient.java:onNext(264)) - client-E41C008B94D2->cb20f782-9136-4144-a2ef-e44461d35697: receive RaftClientReply:client-E41C008B94D2->cb20f782-9136-4144-a2ef-e44461d35697@group-EF222054BC57, cid=3633, SUCCESS, logIndex=5106, commits[cb20f782-9136-4144-a2ef-e44461d35697:c5109]
2019-09-17 12:49:00,277 [grpc-default-executor-2] INFO  client.GrpcClientProtocolClient (GrpcClientProtocolClient.java:onNext(264)) - client-E41C008B94D2->cb20f782-9136-4144-a2ef-e44461d35697: receive RaftClientReply:client-E41C008B94D2->cb20f782-9136-4144-a2ef-e44461d35697@group-EF222054BC57, cid=3634, SUCCESS, logIndex=5107, commits[cb20f782-9136-4144-a2ef-e44461d35697:c5110]
2019-09-17 12:49:00,278 [grpc-default-executor-2] INFO  client.GrpcClientProtocolClient (GrpcClientProtocolClient.java:onNext(264)) - client-E41C008B94D2->cb20f782-9136-4144-a2ef-e44461d35697: receive RaftClientReply:client-E41C008B94D2->cb20f782-9136-4144-a2ef-e44461d35697@group-EF222054BC57, cid=3635, SUCCESS, logIndex=5108, commits[cb20f782-9136-4144-a2ef-e44461d35697:c5110]
2019-09-17 12:49:00,278 [grpc-default-executor-2] INFO  client.GrpcClientProtocolClient (GrpcClientProtocolClient.java:onNext(264)) - client-E41C008B94D2->cb20f782-9136-4144-a2ef-e44461d35697: receive RaftClientReply:client-E41C008B94D2->cb20f782-9136-4144-a2ef-e44461d35697@group-EF222054BC57, cid=3636, SUCCESS, logIndex=5109, commits[cb20f782-9136-4144-a2ef-e44461d35697:c5110]
2019-09-17 12:49:00,279 [SCMBlockDeletingService#0] DEBUG block.SCMBlockDeletingService (SCMBlockDeletingService.java:call(138)) - Running DeletedBlockTransactionScanner
2019-09-17 12:49:00,279 [SCMBlockDeletingService#0] DEBUG block.SCMBlockDeletingService (SCMBlockDeletingService.java:call(155)) - Scanned deleted blocks log and got 0 delTX to process.
2019-09-17 12:49:00,298 [grpc-default-executor-2] INFO  client.GrpcClientProtocolClient (GrpcClientProtocolClient.java:onNext(264)) - client-E41C008B94D2->cb20f782-9136-4144-a2ef-e44461d35697: receive RaftClientReply:client-E41C008B94D2->cb20f782-9136-4144-a2ef-e44461d35697@group-EF222054BC57, cid=3637, SUCCESS, logIndex=5111, commits[cb20f782-9136-4144-a2ef-e44461d35697:c5112]
2019-09-17 12:49:00,298 [grpc-default-executor-2] INFO  client.GrpcClientProtocolClient (GrpcClientProtocolClient.java:onNext(264)) - client-E41C008B94D2->cb20f782-9136-4144-a2ef-e44461d35697: receive RaftClientReply:client-E41C008B94D2->cb20f782-9136-4144-a2ef-e44461d35697@group-EF222054BC57, cid=3638, SUCCESS, logIndex=5112, commits[cb20f782-9136-4144-a2ef-e44461d35697:c5112]
2019-09-17 12:49:00,299 [grpc-default-executor-2] INFO  client.GrpcClientProtocolClient (GrpcClientProtocolClient.java:onNext(264)) - client-E41C008B94D2->cb20f782-9136-4144-a2ef-e44461d35697: receive RaftClientReply:client-E41C008B94D2->cb20f782-9136-4144-a2ef-e44461d35697@group-EF222054BC57, cid=3639, SUCCESS, logIndex=5113, commits[cb20f782-9136-4144-a2ef-e44461d35697:c5114]
2019-09-17 12:49:00,299 [grpc-default-executor-2] INFO  client.GrpcClientProtocolClient (GrpcClientProtocolClient.java:onNext(264)) - client-E41C008B94D2->cb20f782-9136-4144-a2ef-e44461d35697: receive RaftClientReply:client-E41C008B94D2->cb20f782-9136-4144-a2ef-e44461d35697@group-EF222054BC57, cid=3640, SUCCESS, logIndex=5114, commits[cb20f782-9136-4144-a2ef-e44461d35697:c5114]
2019-09-17 12:49:00,332 [grpc-default-executor-1] INFO  client.GrpcClientProtocolClient (GrpcClientProtocolClient.java:onNext(264)) - client-E41C008B94D2->cb20f782-9136-4144-a2ef-e44461d35697: receive RaftClientReply:client-E41C008B94D2->cb20f782-9136-4144-a2ef-e44461d35697@group-EF222054BC57, cid=3641, SUCCESS, logIndex=5117, commits[cb20f782-9136-4144-a2ef-e44461d35697:c5118]
2019-09-17 12:49:00,332 [grpc-default-executor-1] INFO  client.GrpcClientProtocolClient (GrpcClientProtocolClient.java:onNext(264)) - client-E41C008B94D2->cb20f782-9136-4144-a2ef-e44461d35697: receive RaftClientReply:client-E41C008B94D2->cb20f782-9136-4144-a2ef-e44461d35697@group-EF222054BC57, cid=3642, SUCCESS, logIndex=5118, commits[cb20f782-9136-4144-a2ef-e44461d35697:c5118]
2019-09-17 12:49:00,334 [grpc-default-executor-1] INFO  client.GrpcClientProtocolClient (GrpcClientProtocolClient.java:onNext(264)) - client-E41C008B94D2->cb20f782-9136-4144-a2ef-e44461d35697: receive RaftClientReply:client-E41C008B94D2->cb20f782-9136-4144-a2ef-e44461d35697@group-EF222054BC57, cid=3643, SUCCESS, logIndex=5119, commits[cb20f782-9136-4144-a2ef-e44461d35697:c5120]
2019-09-17 12:49:00,334 [grpc-default-executor-1] INFO  client.GrpcClientProtocolClient (GrpcClientProtocolClient.java:onNext(264)) - client-E41C008B94D2->cb20f782-9136-4144-a2ef-e44461d35697: receive RaftClientReply:client-E41C008B94D2->cb20f782-9136-4144-a2ef-e44461d35697@group-EF222054BC57, cid=3644, SUCCESS, logIndex=5120, commits[cb20f782-9136-4144-a2ef-e44461d35697:c5120]
2019-09-17 12:49:00,345 [grpc-default-executor-1] INFO  client.GrpcClientProtocolClient (GrpcClientProtocolClient.java:onNext(264)) - client-E41C008B94D2->cb20f782-9136-4144-a2ef-e44461d35697: receive RaftClientReply:client-E41C008B94D2->cb20f782-9136-4144-a2ef-e44461d35697@group-EF222054BC57, cid=3645, SUCCESS, logIndex=5123, commits[cb20f782-9136-4144-a2ef-e44461d35697:c5126]
2019-09-17 12:49:00,345 [grpc-default-executor-1] INFO  client.GrpcClientProtocolClient (GrpcClientProtocolClient.java:onNext(264)) - client-E41C008B94D2->cb20f782-9136-4144-a2ef-e44461d35697: receive RaftClientReply:client-E41C008B94D2->cb20f782-9136-4144-a2ef-e44461d35697@group-EF222054BC57, cid=3646, SUCCESS, logIndex=5124, commits[cb20f782-9136-4144-a2ef-e44461d35697:c5127]
2019-09-17 12:49:00,346 [grpc-default-executor-1] INFO  client.GrpcClientProtocolClient (GrpcClientProtocolClient.java:onNext(264)) - client-E41C008B94D2->cb20f782-9136-4144-a2ef-e44461d35697: receive RaftClientReply:client-E41C008B94D2->cb20f782-9136-4144-a2ef-e44461d35697@group-EF222054BC57, cid=3647, SUCCESS, logIndex=5125, commits[cb20f782-9136-4144-a2ef-e44461d35697:c5127]
2019-09-17 12:49:00,346 [grpc-default-executor-1] INFO  client.GrpcClientProtocolClient (GrpcClientProtocolClient.java:onNext(264)) - client-E41C008B94D2->cb20f782-9136-4144-a2ef-e44461d35697: receive RaftClientReply:client-E41C008B94D2->cb20f782-9136-4144-a2ef-e44461d35697@group-EF222054BC57, cid=3648, SUCCESS, logIndex=5126, commits[cb20f782-9136-4144-a2ef-e44461d35697:c5127]
2019-09-17 12:49:00,375 [grpc-default-executor-2] INFO  client.GrpcClientProtocolClient (GrpcClientProtocolClient.java:onNext(264)) - client-E41C008B94D2->cb20f782-9136-4144-a2ef-e44461d35697: receive RaftClientReply:client-E41C008B94D2->cb20f782-9136-4144-a2ef-e44461d35697@group-EF222054BC57, cid=3649, SUCCESS, logIndex=5128, commits[cb20f782-9136-4144-a2ef-e44461d35697:c5129]
2019-09-17 12:49:00,376 [grpc-default-executor-2] INFO  client.GrpcClientProtocolClient (GrpcClientProtocolClient.java:onNext(264)) - client-E41C008B94D2->cb20f782-9136-4144-a2ef-e44461d35697: receive RaftClientReply:client-E41C008B94D2->cb20f782-9136-4144-a2ef-e44461d35697@group-EF222054BC57, cid=3650, SUCCESS, logIndex=5129, commits[cb20f782-9136-4144-a2ef-e44461d35697:c5129]
2019-09-17 12:49:00,376 [grpc-default-executor-2] INFO  client.GrpcClientProtocolClient (GrpcClientProtocolClient.java:onNext(264)) - client-E41C008B94D2->cb20f782-9136-4144-a2ef-e44461d35697: receive RaftClientReply:client-E41C008B94D2->cb20f782-9136-4144-a2ef-e44461d35697@group-EF222054BC57, cid=3651, SUCCESS, logIndex=5130, commits[cb20f782-9136-4144-a2ef-e44461d35697:c5131]
2019-09-17 12:49:00,376 [grpc-default-executor-2] INFO  client.GrpcClientProtocolClient (GrpcClientProtocolClient.java:onNext(264)) - client-E41C008B94D2->cb20f782-9136-4144-a2ef-e44461d35697: receive RaftClientReply:client-E41C008B94D2->cb20f782-9136-4144-a2ef-e44461d35697@group-EF222054BC57, cid=3652, SUCCESS, logIndex=5131, commits[cb20f782-9136-4144-a2ef-e44461d35697:c5131]
2019-09-17 12:49:00,379 [SCMBlockDeletingService#0] DEBUG block.SCMBlockDeletingService (SCMBlockDeletingService.java:call(138)) - Running DeletedBlockTransactionScanner
2019-09-17 12:49:00,380 [SCMBlockDeletingService#0] DEBUG block.SCMBlockDeletingService (SCMBlockDeletingService.java:call(155)) - Scanned deleted blocks log and got 0 delTX to process.
2019-09-17 12:49:00,399 [grpc-default-executor-1] INFO  client.GrpcClientProtocolClient (GrpcClientProtocolClient.java:onNext(264)) - client-E41C008B94D2->cb20f782-9136-4144-a2ef-e44461d35697: receive RaftClientReply:client-E41C008B94D2->cb20f782-9136-4144-a2ef-e44461d35697@group-EF222054BC57, cid=3653, SUCCESS, logIndex=5134, commits[cb20f782-9136-4144-a2ef-e44461d35697:c5135]
2019-09-17 12:49:00,400 [grpc-default-executor-1] INFO  client.GrpcClientProtocolClient (GrpcClientProtocolClient.java:onNext(264)) - client-E41C008B94D2->cb20f782-9136-4144-a2ef-e44461d35697: receive RaftClientReply:client-E41C008B94D2->cb20f782-9136-4144-a2ef-e44461d35697@group-EF222054BC57, cid=3654, SUCCESS, logIndex=5135, commits[cb20f782-9136-4144-a2ef-e44461d35697:c5135]
2019-09-17 12:49:00,407 [grpc-default-executor-1] INFO  client.GrpcClientProtocolClient (GrpcClientProtocolClient.java:onNext(264)) - client-E41C008B94D2->cb20f782-9136-4144-a2ef-e44461d35697: receive RaftClientReply:client-E41C008B94D2->cb20f782-9136-4144-a2ef-e44461d35697@group-EF222054BC57, cid=3655, SUCCESS, logIndex=5136, commits[cb20f782-9136-4144-a2ef-e44461d35697:c5137]
2019-09-17 12:49:00,407 [grpc-default-executor-1] INFO  client.GrpcClientProtocolClient (GrpcClientProtocolClient.java:onNext(264)) - client-E41C008B94D2->cb20f782-9136-4144-a2ef-e44461d35697: receive RaftClientReply:client-E41C008B94D2->cb20f782-9136-4144-a2ef-e44461d35697@group-EF222054BC57, cid=3656, SUCCESS, logIndex=5137, commits[cb20f782-9136-4144-a2ef-e44461d35697:c5138]
2019-09-17 12:49:00,447 [grpc-default-executor-1] INFO  client.GrpcClientProtocolClient (GrpcClientProtocolClient.java:onNext(264)) - client-E41C008B94D2->cb20f782-9136-4144-a2ef-e44461d35697: receive RaftClientReply:client-E41C008B94D2->cb20f782-9136-4144-a2ef-e44461d35697@group-EF222054BC57, cid=3657, SUCCESS, logIndex=5140, commits[cb20f782-9136-4144-a2ef-e44461d35697:c5143]
2019-09-17 12:49:00,447 [grpc-default-executor-1] INFO  client.GrpcClientProtocolClient (GrpcClientProtocolClient.java:onNext(264)) - client-E41C008B94D2->cb20f782-9136-4144-a2ef-e44461d35697: receive RaftClientReply:client-E41C008B94D2->cb20f782-9136-4144-a2ef-e44461d35697@group-EF222054BC57, cid=3658, SUCCESS, logIndex=5141, commits[cb20f782-9136-4144-a2ef-e44461d35697:c5144]
2019-09-17 12:49:00,447 [grpc-default-executor-1] INFO  client.GrpcClientProtocolClient (GrpcClientProtocolClient.java:onNext(264)) - client-E41C008B94D2->cb20f782-9136-4144-a2ef-e44461d35697: receive RaftClientReply:client-E41C008B94D2->cb20f782-9136-4144-a2ef-e44461d35697@group-EF222054BC57, cid=3659, SUCCESS, logIndex=5142, commits[cb20f782-9136-4144-a2ef-e44461d35697:c5144]
2019-09-17 12:49:00,448 [grpc-default-executor-1] INFO  client.GrpcClientProtocolClient (GrpcClientProtocolClient.java:onNext(264)) - client-E41C008B94D2->cb20f782-9136-4144-a2ef-e44461d35697: receive RaftClientReply:client-E41C008B94D2->cb20f782-9136-4144-a2ef-e44461d35697@group-EF222054BC57, cid=3660, SUCCESS, logIndex=5143, commits[cb20f782-9136-4144-a2ef-e44461d35697:c5144]
2019-09-17 12:49:00,480 [SCMBlockDeletingService#0] DEBUG block.SCMBlockDeletingService (SCMBlockDeletingService.java:call(138)) - Running DeletedBlockTransactionScanner
2019-09-17 12:49:00,480 [SCMBlockDeletingService#0] DEBUG block.SCMBlockDeletingService (SCMBlockDeletingService.java:call(155)) - Scanned deleted blocks log and got 0 delTX to process.
2019-09-17 12:49:00,485 [grpc-default-executor-1] INFO  client.GrpcClientProtocolClient (GrpcClientProtocolClient.java:onNext(264)) - client-E41C008B94D2->cb20f782-9136-4144-a2ef-e44461d35697: receive RaftClientReply:client-E41C008B94D2->cb20f782-9136-4144-a2ef-e44461d35697@group-EF222054BC57, cid=3661, SUCCESS, logIndex=5145, commits[cb20f782-9136-4144-a2ef-e44461d35697:c5148]
2019-09-17 12:49:00,486 [grpc-default-executor-1] INFO  client.GrpcClientProtocolClient (GrpcClientProtocolClient.java:onNext(264)) - client-E41C008B94D2->cb20f782-9136-4144-a2ef-e44461d35697: receive RaftClientReply:client-E41C008B94D2->cb20f782-9136-4144-a2ef-e44461d35697@group-EF222054BC57, cid=3662, SUCCESS, logIndex=5146, commits[cb20f782-9136-4144-a2ef-e44461d35697:c5148]
2019-09-17 12:49:00,486 [grpc-default-executor-1] INFO  client.GrpcClientProtocolClient (GrpcClientProtocolClient.java:onNext(264)) - client-E41C008B94D2->cb20f782-9136-4144-a2ef-e44461d35697: receive RaftClientReply:client-E41C008B94D2->cb20f782-9136-4144-a2ef-e44461d35697@group-EF222054BC57, cid=3663, SUCCESS, logIndex=5147, commits[cb20f782-9136-4144-a2ef-e44461d35697:c5148]
2019-09-17 12:49:00,486 [grpc-default-executor-1] INFO  client.GrpcClientProtocolClient (GrpcClientProtocolClient.java:onNext(264)) - client-E41C008B94D2->cb20f782-9136-4144-a2ef-e44461d35697: receive RaftClientReply:client-E41C008B94D2->cb20f782-9136-4144-a2ef-e44461d35697@group-EF222054BC57, cid=3664, SUCCESS, logIndex=5148, commits[cb20f782-9136-4144-a2ef-e44461d35697:c5148]
2019-09-17 12:49:00,519 [grpc-default-executor-2] INFO  client.GrpcClientProtocolClient (GrpcClientProtocolClient.java:onNext(264)) - client-E41C008B94D2->cb20f782-9136-4144-a2ef-e44461d35697: receive RaftClientReply:client-E41C008B94D2->cb20f782-9136-4144-a2ef-e44461d35697@group-EF222054BC57, cid=3665, SUCCESS, logIndex=5150, commits[cb20f782-9136-4144-a2ef-e44461d35697:c5151]
2019-09-17 12:49:00,519 [grpc-default-executor-2] INFO  client.GrpcClientProtocolClient (GrpcClientProtocolClient.java:onNext(264)) - client-E41C008B94D2->cb20f782-9136-4144-a2ef-e44461d35697: receive RaftClientReply:client-E41C008B94D2->cb20f782-9136-4144-a2ef-e44461d35697@group-EF222054BC57, cid=3666, SUCCESS, logIndex=5151, commits[cb20f782-9136-4144-a2ef-e44461d35697:c5153]
2019-09-17 12:49:00,519 [grpc-default-executor-2] INFO  client.GrpcClientProtocolClient (GrpcClientProtocolClient.java:onNext(264)) - client-E41C008B94D2->cb20f782-9136-4144-a2ef-e44461d35697: receive RaftClientReply:client-E41C008B94D2->cb20f782-9136-4144-a2ef-e44461d35697@group-EF222054BC57, cid=3667, SUCCESS, logIndex=5152, commits[cb20f782-9136-4144-a2ef-e44461d35697:c5153]
2019-09-17 12:49:00,520 [grpc-default-executor-2] INFO  client.GrpcClientProtocolClient (GrpcClientProtocolClient.java:onNext(264)) - client-E41C008B94D2->cb20f782-9136-4144-a2ef-e44461d35697: receive RaftClientReply:client-E41C008B94D2->cb20f782-9136-4144-a2ef-e44461d35697@group-EF222054BC57, cid=3668, SUCCESS, logIndex=5153, commits[cb20f782-9136-4144-a2ef-e44461d35697:c5154]
2019-09-17 12:49:00,653 [SCMBlockDeletingService#0] DEBUG block.SCMBlockDeletingService (SCMBlockDeletingService.java:call(138)) - Running DeletedBlockTransactionScanner
2019-09-17 12:49:00,654 [SCMBlockDeletingService#0] DEBUG block.SCMBlockDeletingService (SCMBlockDeletingService.java:call(155)) - Scanned deleted blocks log and got 0 delTX to process.
2019-09-17 12:49:00,754 [SCMBlockDeletingService#0] DEBUG block.SCMBlockDeletingService (SCMBlockDeletingService.java:call(138)) - Running DeletedBlockTransactionScanner
2019-09-17 12:49:00,754 [SCMBlockDeletingService#0] DEBUG block.SCMBlockDeletingService (SCMBlockDeletingService.java:call(155)) - Scanned deleted blocks log and got 0 delTX to process.
2019-09-17 12:49:00,786 [grpc-default-executor-1] INFO  client.GrpcClientProtocolClient (GrpcClientProtocolClient.java:onNext(264)) - client-E41C008B94D2->cb20f782-9136-4144-a2ef-e44461d35697: receive RaftClientReply:client-E41C008B94D2->cb20f782-9136-4144-a2ef-e44461d35697@group-EF222054BC57, cid=3669, SUCCESS, logIndex=5156, commits[cb20f782-9136-4144-a2ef-e44461d35697:c5159]
2019-09-17 12:49:00,786 [grpc-default-executor-1] INFO  client.GrpcClientProtocolClient (GrpcClientProtocolClient.java:onNext(264)) - client-E41C008B94D2->cb20f782-9136-4144-a2ef-e44461d35697: receive RaftClientReply:client-E41C008B94D2->cb20f782-9136-4144-a2ef-e44461d35697@group-EF222054BC57, cid=3670, SUCCESS, logIndex=5157, commits[cb20f782-9136-4144-a2ef-e44461d35697:c5159]
2019-09-17 12:49:00,787 [grpc-default-executor-1] INFO  client.GrpcClientProtocolClient (GrpcClientProtocolClient.java:onNext(264)) - client-E41C008B94D2->cb20f782-9136-4144-a2ef-e44461d35697: receive RaftClientReply:client-E41C008B94D2->cb20f782-9136-4144-a2ef-e44461d35697@group-EF222054BC57, cid=3671, SUCCESS, logIndex=5158, commits[cb20f782-9136-4144-a2ef-e44461d35697:c5159]
2019-09-17 12:49:00,787 [grpc-default-executor-1] INFO  client.GrpcClientProtocolClient (GrpcClientProtocolClient.java:onNext(264)) - client-E41C008B94D2->cb20f782-9136-4144-a2ef-e44461d35697: receive RaftClientReply:client-E41C008B94D2->cb20f782-9136-4144-a2ef-e44461d35697@group-EF222054BC57, cid=3672, SUCCESS, logIndex=5159, commits[cb20f782-9136-4144-a2ef-e44461d35697:c5159]
2019-09-17 12:49:00,818 [grpc-default-executor-1] INFO  client.GrpcClientProtocolClient (GrpcClientProtocolClient.java:onNext(264)) - client-E41C008B94D2->cb20f782-9136-4144-a2ef-e44461d35697: receive RaftClientReply:client-E41C008B94D2->cb20f782-9136-4144-a2ef-e44461d35697@group-EF222054BC57, cid=3673, SUCCESS, logIndex=5161, commits[cb20f782-9136-4144-a2ef-e44461d35697:c5164]
2019-09-17 12:49:00,818 [grpc-default-executor-1] INFO  client.GrpcClientProtocolClient (GrpcClientProtocolClient.java:onNext(264)) - client-E41C008B94D2->cb20f782-9136-4144-a2ef-e44461d35697: receive RaftClientReply:client-E41C008B94D2->cb20f782-9136-4144-a2ef-e44461d35697@group-EF222054BC57, cid=3674, SUCCESS, logIndex=5162, commits[cb20f782-9136-4144-a2ef-e44461d35697:c5164]
2019-09-17 12:49:00,818 [grpc-default-executor-1] INFO  client.GrpcClientProtocolClient (GrpcClientProtocolClient.java:onNext(264)) - client-E41C008B94D2->cb20f782-9136-4144-a2ef-e44461d35697: receive RaftClientReply:client-E41C008B94D2->cb20f782-9136-4144-a2ef-e44461d35697@group-EF222054BC57, cid=3675, SUCCESS, logIndex=5163, commits[cb20f782-9136-4144-a2ef-e44461d35697:c5165]
2019-09-17 12:49:00,819 [grpc-default-executor-1] INFO  client.GrpcClientProtocolClient (GrpcClientProtocolClient.java:onNext(264)) - client-E41C008B94D2->cb20f782-9136-4144-a2ef-e44461d35697: receive RaftClientReply:client-E41C008B94D2->cb20f782-9136-4144-a2ef-e44461d35697@group-EF222054BC57, cid=3676, SUCCESS, logIndex=5164, commits[cb20f782-9136-4144-a2ef-e44461d35697:c5165]
2019-09-17 12:49:00,838 [grpc-default-executor-1] INFO  client.GrpcClientProtocolClient (GrpcClientProtocolClient.java:onNext(264)) - client-E41C008B94D2->cb20f782-9136-4144-a2ef-e44461d35697: receive RaftClientReply:client-E41C008B94D2->cb20f782-9136-4144-a2ef-e44461d35697@group-EF222054BC57, cid=3677, SUCCESS, logIndex=5166, commits[cb20f782-9136-4144-a2ef-e44461d35697:c5169]
2019-09-17 12:49:00,839 [grpc-default-executor-1] INFO  client.GrpcClientProtocolClient (GrpcClientProtocolClient.java:onNext(264)) - client-E41C008B94D2->cb20f782-9136-4144-a2ef-e44461d35697: receive RaftClientReply:client-E41C008B94D2->cb20f782-9136-4144-a2ef-e44461d35697@group-EF222054BC57, cid=3678, SUCCESS, logIndex=5167, commits[cb20f782-9136-4144-a2ef-e44461d35697:c5169]
2019-09-17 12:49:00,839 [grpc-default-executor-1] INFO  client.GrpcClientProtocolClient (GrpcClientProtocolClient.java:onNext(264)) - client-E41C008B94D2->cb20f782-9136-4144-a2ef-e44461d35697: receive RaftClientReply:client-E41C008B94D2->cb20f782-9136-4144-a2ef-e44461d35697@group-EF222054BC57, cid=3679, SUCCESS, logIndex=5168, commits[cb20f782-9136-4144-a2ef-e44461d35697:c5170]
2019-09-17 12:49:00,839 [grpc-default-executor-1] INFO  client.GrpcClientProtocolClient (GrpcClientProtocolClient.java:onNext(264)) - client-E41C008B94D2->cb20f782-9136-4144-a2ef-e44461d35697: receive RaftClientReply:client-E41C008B94D2->cb20f782-9136-4144-a2ef-e44461d35697@group-EF222054BC57, cid=3680, SUCCESS, logIndex=5169, commits[cb20f782-9136-4144-a2ef-e44461d35697:c5170]
2019-09-17 12:49:00,855 [SCMBlockDeletingService#0] DEBUG block.SCMBlockDeletingService (SCMBlockDeletingService.java:call(138)) - Running DeletedBlockTransactionScanner
2019-09-17 12:49:00,855 [SCMBlockDeletingService#0] DEBUG block.SCMBlockDeletingService (SCMBlockDeletingService.java:call(155)) - Scanned deleted blocks log and got 0 delTX to process.
2019-09-17 12:49:00,869 [grpc-default-executor-1] INFO  client.GrpcClientProtocolClient (GrpcClientProtocolClient.java:onNext(264)) - client-E41C008B94D2->cb20f782-9136-4144-a2ef-e44461d35697: receive RaftClientReply:client-E41C008B94D2->cb20f782-9136-4144-a2ef-e44461d35697@group-EF222054BC57, cid=3681, SUCCESS, logIndex=5171, commits[cb20f782-9136-4144-a2ef-e44461d35697:c5174]
2019-09-17 12:49:00,869 [grpc-default-executor-1] INFO  client.GrpcClientProtocolClient (GrpcClientProtocolClient.java:onNext(264)) - client-E41C008B94D2->cb20f782-9136-4144-a2ef-e44461d35697: receive RaftClientReply:client-E41C008B94D2->cb20f782-9136-4144-a2ef-e44461d35697@group-EF222054BC57, cid=3682, SUCCESS, logIndex=5172, commits[cb20f782-9136-4144-a2ef-e44461d35697:c5175]
2019-09-17 12:49:00,870 [grpc-default-executor-1] INFO  client.GrpcClientProtocolClient (GrpcClientProtocolClient.java:onNext(264)) - client-E41C008B94D2->cb20f782-9136-4144-a2ef-e44461d35697: receive RaftClientReply:client-E41C008B94D2->cb20f782-9136-4144-a2ef-e44461d35697@group-EF222054BC57, cid=3683, SUCCESS, logIndex=5173, commits[cb20f782-9136-4144-a2ef-e44461d35697:c5175]
2019-09-17 12:49:00,870 [grpc-default-executor-1] INFO  client.GrpcClientProtocolClient (GrpcClientProtocolClient.java:onNext(264)) - client-E41C008B94D2->cb20f782-9136-4144-a2ef-e44461d35697: receive RaftClientReply:client-E41C008B94D2->cb20f782-9136-4144-a2ef-e44461d35697@group-EF222054BC57, cid=3684, SUCCESS, logIndex=5174, commits[cb20f782-9136-4144-a2ef-e44461d35697:c5175]
2019-09-17 12:49:00,888 [grpc-default-executor-2] INFO  client.GrpcClientProtocolClient (GrpcClientProtocolClient.java:onNext(264)) - client-E41C008B94D2->cb20f782-9136-4144-a2ef-e44461d35697: receive RaftClientReply:client-E41C008B94D2->cb20f782-9136-4144-a2ef-e44461d35697@group-EF222054BC57, cid=3685, SUCCESS, logIndex=5176, commits[cb20f782-9136-4144-a2ef-e44461d35697:c5177]
2019-09-17 12:49:00,888 [grpc-default-executor-2] INFO  client.GrpcClientProtocolClient (GrpcClientProtocolClient.java:onNext(264)) - client-E41C008B94D2->cb20f782-9136-4144-a2ef-e44461d35697: receive RaftClientReply:client-E41C008B94D2->cb20f782-9136-4144-a2ef-e44461d35697@group-EF222054BC57, cid=3686, SUCCESS, logIndex=5177, commits[cb20f782-9136-4144-a2ef-e44461d35697:c5179]
2019-09-17 12:49:00,888 [grpc-default-executor-2] INFO  client.GrpcClientProtocolClient (GrpcClientProtocolClient.java:onNext(264)) - client-E41C008B94D2->cb20f782-9136-4144-a2ef-e44461d35697: receive RaftClientReply:client-E41C008B94D2->cb20f782-9136-4144-a2ef-e44461d35697@group-EF222054BC57, cid=3687, SUCCESS, logIndex=5178, commits[cb20f782-9136-4144-a2ef-e44461d35697:c5179]
2019-09-17 12:49:00,889 [grpc-default-executor-2] INFO  client.GrpcClientProtocolClient (GrpcClientProtocolClient.java:onNext(264)) - client-E41C008B94D2->cb20f782-9136-4144-a2ef-e44461d35697: receive RaftClientReply:client-E41C008B94D2->cb20f782-9136-4144-a2ef-e44461d35697@group-EF222054BC57, cid=3688, SUCCESS, logIndex=5179, commits[cb20f782-9136-4144-a2ef-e44461d35697:c5180]
2019-09-17 12:49:00,918 [grpc-default-executor-1] INFO  client.GrpcClientProtocolClient (GrpcClientProtocolClient.java:onNext(264)) - client-E41C008B94D2->cb20f782-9136-4144-a2ef-e44461d35697: receive RaftClientReply:client-E41C008B94D2->cb20f782-9136-4144-a2ef-e44461d35697@group-EF222054BC57, cid=3689, SUCCESS, logIndex=5182, commits[cb20f782-9136-4144-a2ef-e44461d35697:c5185]
2019-09-17 12:49:00,918 [grpc-default-executor-1] INFO  client.GrpcClientProtocolClient (GrpcClientProtocolClient.java:onNext(264)) - client-E41C008B94D2->cb20f782-9136-4144-a2ef-e44461d35697: receive RaftClientReply:client-E41C008B94D2->cb20f782-9136-4144-a2ef-e44461d35697@group-EF222054BC57, cid=3690, SUCCESS, logIndex=5183, commits[cb20f782-9136-4144-a2ef-e44461d35697:c5185]
2019-09-17 12:49:00,918 [grpc-default-executor-1] INFO  client.GrpcClientProtocolClient (GrpcClientProtocolClient.java:onNext(264)) - client-E41C008B94D2->cb20f782-9136-4144-a2ef-e44461d35697: receive RaftClientReply:client-E41C008B94D2->cb20f782-9136-4144-a2ef-e44461d35697@group-EF222054BC57, cid=3691, SUCCESS, logIndex=5184, commits[cb20f782-9136-4144-a2ef-e44461d35697:c5186]
2019-09-17 12:49:00,918 [grpc-default-executor-1] INFO  client.GrpcClientProtocolClient (GrpcClientProtocolClient.java:onNext(264)) - client-E41C008B94D2->cb20f782-9136-4144-a2ef-e44461d35697: receive RaftClientReply:client-E41C008B94D2->cb20f782-9136-4144-a2ef-e44461d35697@group-EF222054BC57, cid=3692, SUCCESS, logIndex=5185, commits[cb20f782-9136-4144-a2ef-e44461d35697:c5186]
2019-09-17 12:49:00,936 [grpc-default-executor-1] INFO  client.GrpcClientProtocolClient (GrpcClientProtocolClient.java:onNext(264)) - client-E41C008B94D2->cb20f782-9136-4144-a2ef-e44461d35697: receive RaftClientReply:client-E41C008B94D2->cb20f782-9136-4144-a2ef-e44461d35697@group-EF222054BC57, cid=3693, SUCCESS, logIndex=5187, commits[cb20f782-9136-4144-a2ef-e44461d35697:c5188]
2019-09-17 12:49:00,936 [grpc-default-executor-1] INFO  client.GrpcClientProtocolClient (GrpcClientProtocolClient.java:onNext(264)) - client-E41C008B94D2->cb20f782-9136-4144-a2ef-e44461d35697: receive RaftClientReply:client-E41C008B94D2->cb20f782-9136-4144-a2ef-e44461d35697@group-EF222054BC57, cid=3694, SUCCESS, logIndex=5188, commits[cb20f782-9136-4144-a2ef-e44461d35697:c5190]
2019-09-17 12:49:00,937 [grpc-default-executor-1] INFO  client.GrpcClientProtocolClient (GrpcClientProtocolClient.java:onNext(264)) - client-E41C008B94D2->cb20f782-9136-4144-a2ef-e44461d35697: receive RaftClientReply:client-E41C008B94D2->cb20f782-9136-4144-a2ef-e44461d35697@group-EF222054BC57, cid=3695, SUCCESS, logIndex=5189, commits[cb20f782-9136-4144-a2ef-e44461d35697:c5190]
2019-09-17 12:49:00,937 [grpc-default-executor-1] INFO  client.GrpcClientProtocolClient (GrpcClientProtocolClient.java:onNext(264)) - client-E41C008B94D2->cb20f782-9136-4144-a2ef-e44461d35697: receive RaftClientReply:client-E41C008B94D2->cb20f782-9136-4144-a2ef-e44461d35697@group-EF222054BC57, cid=3696, SUCCESS, logIndex=5190, commits[cb20f782-9136-4144-a2ef-e44461d35697:c5191]
2019-09-17 12:49:00,955 [SCMBlockDeletingService#0] DEBUG block.SCMBlockDeletingService (SCMBlockDeletingService.java:call(138)) - Running DeletedBlockTransactionScanner
2019-09-17 12:49:00,956 [SCMBlockDeletingService#0] DEBUG block.SCMBlockDeletingService (SCMBlockDeletingService.java:call(155)) - Scanned deleted blocks log and got 0 delTX to process.
2019-09-17 12:49:00,963 [grpc-default-executor-2] INFO  client.GrpcClientProtocolClient (GrpcClientProtocolClient.java:onNext(264)) - client-E41C008B94D2->cb20f782-9136-4144-a2ef-e44461d35697: receive RaftClientReply:client-E41C008B94D2->cb20f782-9136-4144-a2ef-e44461d35697@group-EF222054BC57, cid=3697, SUCCESS, logIndex=5193, commits[cb20f782-9136-4144-a2ef-e44461d35697:c5194]
2019-09-17 12:49:00,964 [grpc-default-executor-2] INFO  client.GrpcClientProtocolClient (GrpcClientProtocolClient.java:onNext(264)) - client-E41C008B94D2->cb20f782-9136-4144-a2ef-e44461d35697: receive RaftClientReply:client-E41C008B94D2->cb20f782-9136-4144-a2ef-e44461d35697@group-EF222054BC57, cid=3698, SUCCESS, logIndex=5194, commits[cb20f782-9136-4144-a2ef-e44461d35697:c5196]
2019-09-17 12:49:00,964 [grpc-default-executor-2] INFO  client.GrpcClientProtocolClient (GrpcClientProtocolClient.java:onNext(264)) - client-E41C008B94D2->cb20f782-9136-4144-a2ef-e44461d35697: receive RaftClientReply:client-E41C008B94D2->cb20f782-9136-4144-a2ef-e44461d35697@group-EF222054BC57, cid=3699, SUCCESS, logIndex=5195, commits[cb20f782-9136-4144-a2ef-e44461d35697:c5196]
2019-09-17 12:49:00,964 [grpc-default-executor-2] INFO  client.GrpcClientProtocolClient (GrpcClientProtocolClient.java:onNext(264)) - client-E41C008B94D2->cb20f782-9136-4144-a2ef-e44461d35697: receive RaftClientReply:client-E41C008B94D2->cb20f782-9136-4144-a2ef-e44461d35697@group-EF222054BC57, cid=3700, SUCCESS, logIndex=5196, commits[cb20f782-9136-4144-a2ef-e44461d35697:c5197]
2019-09-17 12:49:00,984 [grpc-default-executor-2] INFO  client.GrpcClientProtocolClient (GrpcClientProtocolClient.java:onNext(264)) - client-E41C008B94D2->cb20f782-9136-4144-a2ef-e44461d35697: receive RaftClientReply:client-E41C008B94D2->cb20f782-9136-4144-a2ef-e44461d35697@group-EF222054BC57, cid=3701, SUCCESS, logIndex=5199, commits[cb20f782-9136-4144-a2ef-e44461d35697:c5202]
2019-09-17 12:49:00,986 [grpc-default-executor-2] INFO  client.GrpcClientProtocolClient (GrpcClientProtocolClient.java:onNext(264)) - client-E41C008B94D2->cb20f782-9136-4144-a2ef-e44461d35697: receive RaftClientReply:client-E41C008B94D2->cb20f782-9136-4144-a2ef-e44461d35697@group-EF222054BC57, cid=3702, SUCCESS, logIndex=5200, commits[cb20f782-9136-4144-a2ef-e44461d35697:c5202]
2019-09-17 12:49:00,986 [grpc-default-executor-2] INFO  client.GrpcClientProtocolClient (GrpcClientProtocolClient.java:onNext(264)) - client-E41C008B94D2->cb20f782-9136-4144-a2ef-e44461d35697: receive RaftClientReply:client-E41C008B94D2->cb20f782-9136-4144-a2ef-e44461d35697@group-EF222054BC57, cid=3703, SUCCESS, logIndex=5201, commits[cb20f782-9136-4144-a2ef-e44461d35697:c5203]
2019-09-17 12:49:00,986 [grpc-default-executor-2] INFO  client.GrpcClientProtocolClient (GrpcClientProtocolClient.java:onNext(264)) - client-E41C008B94D2->cb20f782-9136-4144-a2ef-e44461d35697: receive RaftClientReply:client-E41C008B94D2->cb20f782-9136-4144-a2ef-e44461d35697@group-EF222054BC57, cid=3704, SUCCESS, logIndex=5202, commits[cb20f782-9136-4144-a2ef-e44461d35697:c5204]
2019-09-17 12:49:01,016 [grpc-default-executor-2] INFO  client.GrpcClientProtocolClient (GrpcClientProtocolClient.java:onNext(264)) - client-E41C008B94D2->cb20f782-9136-4144-a2ef-e44461d35697: receive RaftClientReply:client-E41C008B94D2->cb20f782-9136-4144-a2ef-e44461d35697@group-EF222054BC57, cid=3705, SUCCESS, logIndex=5205, commits[cb20f782-9136-4144-a2ef-e44461d35697:c5208]
2019-09-17 12:49:01,017 [grpc-default-executor-2] INFO  client.GrpcClientProtocolClient (GrpcClientProtocolClient.java:onNext(264)) - client-E41C008B94D2->cb20f782-9136-4144-a2ef-e44461d35697: receive RaftClientReply:client-E41C008B94D2->cb20f782-9136-4144-a2ef-e44461d35697@group-EF222054BC57, cid=3706, SUCCESS, logIndex=5206, commits[cb20f782-9136-4144-a2ef-e44461d35697:c5208]
2019-09-17 12:49:01,017 [grpc-default-executor-2] INFO  client.GrpcClientProtocolClient (GrpcClientProtocolClient.java:onNext(264)) - client-E41C008B94D2->cb20f782-9136-4144-a2ef-e44461d35697: receive RaftClientReply:client-E41C008B94D2->cb20f782-9136-4144-a2ef-e44461d35697@group-EF222054BC57, cid=3707, SUCCESS, logIndex=5207, commits[cb20f782-9136-4144-a2ef-e44461d35697:c5209]
2019-09-17 12:49:01,017 [grpc-default-executor-2] INFO  client.GrpcClientProtocolClient (GrpcClientProtocolClient.java:onNext(264)) - client-E41C008B94D2->cb20f782-9136-4144-a2ef-e44461d35697: receive RaftClientReply:client-E41C008B94D2->cb20f782-9136-4144-a2ef-e44461d35697@group-EF222054BC57, cid=3708, SUCCESS, logIndex=5208, commits[cb20f782-9136-4144-a2ef-e44461d35697:c5209]
2019-09-17 12:49:01,034 [grpc-default-executor-1] INFO  client.GrpcClientProtocolClient (GrpcClientProtocolClient.java:onNext(264)) - client-E41C008B94D2->cb20f782-9136-4144-a2ef-e44461d35697: receive RaftClientReply:client-E41C008B94D2->cb20f782-9136-4144-a2ef-e44461d35697@group-EF222054BC57, cid=3709, SUCCESS, logIndex=5210, commits[cb20f782-9136-4144-a2ef-e44461d35697:c5213]
2019-09-17 12:49:01,034 [grpc-default-executor-1] INFO  client.GrpcClientProtocolClient (GrpcClientProtocolClient.java:onNext(264)) - client-E41C008B94D2->cb20f782-9136-4144-a2ef-e44461d35697: receive RaftClientReply:client-E41C008B94D2->cb20f782-9136-4144-a2ef-e44461d35697@group-EF222054BC57, cid=3710, SUCCESS, logIndex=5211, commits[cb20f782-9136-4144-a2ef-e44461d35697:c5214]
2019-09-17 12:49:01,034 [grpc-default-executor-1] INFO  client.GrpcClientProtocolClient (GrpcClientProtocolClient.java:onNext(264)) - client-E41C008B94D2->cb20f782-9136-4144-a2ef-e44461d35697: receive RaftClientReply:client-E41C008B94D2->cb20f782-9136-4144-a2ef-e44461d35697@group-EF222054BC57, cid=3711, SUCCESS, logIndex=5212, commits[cb20f782-9136-4144-a2ef-e44461d35697:c5214]
2019-09-17 12:49:01,035 [grpc-default-executor-1] INFO  client.GrpcClientProtocolClient (GrpcClientProtocolClient.java:onNext(264)) - client-E41C008B94D2->cb20f782-9136-4144-a2ef-e44461d35697: receive RaftClientReply:client-E41C008B94D2->cb20f782-9136-4144-a2ef-e44461d35697@group-EF222054BC57, cid=3712, SUCCESS, logIndex=5213, commits[cb20f782-9136-4144-a2ef-e44461d35697:c5214]
2019-09-17 12:49:01,056 [SCMBlockDeletingService#0] DEBUG block.SCMBlockDeletingService (SCMBlockDeletingService.java:call(138)) - Running DeletedBlockTransactionScanner
2019-09-17 12:49:01,056 [SCMBlockDeletingService#0] DEBUG block.SCMBlockDeletingService (SCMBlockDeletingService.java:call(155)) - Scanned deleted blocks log and got 0 delTX to process.
2019-09-17 12:49:01,152 [grpc-default-executor-1] INFO  client.GrpcClientProtocolClient (GrpcClientProtocolClient.java:onNext(264)) - client-E41C008B94D2->cb20f782-9136-4144-a2ef-e44461d35697: receive RaftClientReply:client-E41C008B94D2->cb20f782-9136-4144-a2ef-e44461d35697@group-EF222054BC57, cid=3713, SUCCESS, logIndex=5215, commits[cb20f782-9136-4144-a2ef-e44461d35697:c5218]
2019-09-17 12:49:01,153 [grpc-default-executor-1] INFO  client.GrpcClientProtocolClient (GrpcClientProtocolClient.java:onNext(264)) - client-E41C008B94D2->cb20f782-9136-4144-a2ef-e44461d35697: receive RaftClientReply:client-E41C008B94D2->cb20f782-9136-4144-a2ef-e44461d35697@group-EF222054BC57, cid=3714, SUCCESS, logIndex=5216, commits[cb20f782-9136-4144-a2ef-e44461d35697:c5219]
2019-09-17 12:49:01,153 [grpc-default-executor-1] INFO  client.GrpcClientProtocolClient (GrpcClientProtocolClient.java:onNext(264)) - client-E41C008B94D2->cb20f782-9136-4144-a2ef-e44461d35697: receive RaftClientReply:client-E41C008B94D2->cb20f782-9136-4144-a2ef-e44461d35697@group-EF222054BC57, cid=3715, SUCCESS, logIndex=5217, commits[cb20f782-9136-4144-a2ef-e44461d35697:c5219]
2019-09-17 12:49:01,153 [grpc-default-executor-1] INFO  client.GrpcClientProtocolClient (GrpcClientProtocolClient.java:onNext(264)) - client-E41C008B94D2->cb20f782-9136-4144-a2ef-e44461d35697: receive RaftClientReply:client-E41C008B94D2->cb20f782-9136-4144-a2ef-e44461d35697@group-EF222054BC57, cid=3716, SUCCESS, logIndex=5218, commits[cb20f782-9136-4144-a2ef-e44461d35697:c5219]
2019-09-17 12:49:01,156 [SCMBlockDeletingService#0] DEBUG block.SCMBlockDeletingService (SCMBlockDeletingService.java:call(138)) - Running DeletedBlockTransactionScanner
2019-09-17 12:49:01,156 [SCMBlockDeletingService#0] DEBUG block.SCMBlockDeletingService (SCMBlockDeletingService.java:call(155)) - Scanned deleted blocks log and got 0 delTX to process.
2019-09-17 12:49:01,180 [grpc-default-executor-1] INFO  client.GrpcClientProtocolClient (GrpcClientProtocolClient.java:onNext(264)) - client-E41C008B94D2->cb20f782-9136-4144-a2ef-e44461d35697: receive RaftClientReply:client-E41C008B94D2->cb20f782-9136-4144-a2ef-e44461d35697@group-EF222054BC57, cid=3717, SUCCESS, logIndex=5220, commits[cb20f782-9136-4144-a2ef-e44461d35697:c5223]
2019-09-17 12:49:01,180 [grpc-default-executor-1] INFO  client.GrpcClientProtocolClient (GrpcClientProtocolClient.java:onNext(264)) - client-E41C008B94D2->cb20f782-9136-4144-a2ef-e44461d35697: receive RaftClientReply:client-E41C008B94D2->cb20f782-9136-4144-a2ef-e44461d35697@group-EF222054BC57, cid=3718, SUCCESS, logIndex=5221, commits[cb20f782-9136-4144-a2ef-e44461d35697:c5224]
2019-09-17 12:49:01,181 [grpc-default-executor-1] INFO  client.GrpcClientProtocolClient (GrpcClientProtocolClient.java:onNext(264)) - client-E41C008B94D2->cb20f782-9136-4144-a2ef-e44461d35697: receive RaftClientReply:client-E41C008B94D2->cb20f782-9136-4144-a2ef-e44461d35697@group-EF222054BC57, cid=3719, SUCCESS, logIndex=5222, commits[cb20f782-9136-4144-a2ef-e44461d35697:c5224]
2019-09-17 12:49:01,181 [grpc-default-executor-1] INFO  client.GrpcClientProtocolClient (GrpcClientProtocolClient.java:onNext(264)) - client-E41C008B94D2->cb20f782-9136-4144-a2ef-e44461d35697: receive RaftClientReply:client-E41C008B94D2->cb20f782-9136-4144-a2ef-e44461d35697@group-EF222054BC57, cid=3720, SUCCESS, logIndex=5223, commits[cb20f782-9136-4144-a2ef-e44461d35697:c5225]
2019-09-17 12:49:01,212 [grpc-default-executor-1] INFO  client.GrpcClientProtocolClient (GrpcClientProtocolClient.java:onNext(264)) - client-E41C008B94D2->cb20f782-9136-4144-a2ef-e44461d35697: receive RaftClientReply:client-E41C008B94D2->cb20f782-9136-4144-a2ef-e44461d35697@group-EF222054BC57, cid=3721, SUCCESS, logIndex=5226, commits[cb20f782-9136-4144-a2ef-e44461d35697:c5229]
2019-09-17 12:49:01,213 [grpc-default-executor-1] INFO  client.GrpcClientProtocolClient (GrpcClientProtocolClient.java:onNext(264)) - client-E41C008B94D2->cb20f782-9136-4144-a2ef-e44461d35697: receive RaftClientReply:client-E41C008B94D2->cb20f782-9136-4144-a2ef-e44461d35697@group-EF222054BC57, cid=3722, SUCCESS, logIndex=5227, commits[cb20f782-9136-4144-a2ef-e44461d35697:c5230]
2019-09-17 12:49:01,213 [grpc-default-executor-1] INFO  client.GrpcClientProtocolClient (GrpcClientProtocolClient.java:onNext(264)) - client-E41C008B94D2->cb20f782-9136-4144-a2ef-e44461d35697: receive RaftClientReply:client-E41C008B94D2->cb20f782-9136-4144-a2ef-e44461d35697@group-EF222054BC57, cid=3723, SUCCESS, logIndex=5228, commits[cb20f782-9136-4144-a2ef-e44461d35697:c5230]
2019-09-17 12:49:01,213 [grpc-default-executor-1] INFO  client.GrpcClientProtocolClient (GrpcClientProtocolClient.java:onNext(264)) - client-E41C008B94D2->cb20f782-9136-4144-a2ef-e44461d35697: receive RaftClientReply:client-E41C008B94D2->cb20f782-9136-4144-a2ef-e44461d35697@group-EF222054BC57, cid=3724, SUCCESS, logIndex=5229, commits[cb20f782-9136-4144-a2ef-e44461d35697:c5230]
2019-09-17 12:49:01,257 [SCMBlockDeletingService#0] DEBUG block.SCMBlockDeletingService (SCMBlockDeletingService.java:call(138)) - Running DeletedBlockTransactionScanner
2019-09-17 12:49:01,257 [SCMBlockDeletingService#0] DEBUG block.SCMBlockDeletingService (SCMBlockDeletingService.java:call(155)) - Scanned deleted blocks log and got 0 delTX to process.
2019-09-17 12:49:01,262 [grpc-default-executor-1] INFO  client.GrpcClientProtocolClient (GrpcClientProtocolClient.java:onNext(264)) - client-E41C008B94D2->cb20f782-9136-4144-a2ef-e44461d35697: receive RaftClientReply:client-E41C008B94D2->cb20f782-9136-4144-a2ef-e44461d35697@group-EF222054BC57, cid=3725, SUCCESS, logIndex=5231, commits[cb20f782-9136-4144-a2ef-e44461d35697:c5232]
2019-09-17 12:49:01,262 [grpc-default-executor-1] INFO  client.GrpcClientProtocolClient (GrpcClientProtocolClient.java:onNext(264)) - client-E41C008B94D2->cb20f782-9136-4144-a2ef-e44461d35697: receive RaftClientReply:client-E41C008B94D2->cb20f782-9136-4144-a2ef-e44461d35697@group-EF222054BC57, cid=3726, SUCCESS, logIndex=5232, commits[cb20f782-9136-4144-a2ef-e44461d35697:c5232]
2019-09-17 12:49:01,272 [grpc-default-executor-1] INFO  client.GrpcClientProtocolClient (GrpcClientProtocolClient.java:onNext(264)) - client-E41C008B94D2->cb20f782-9136-4144-a2ef-e44461d35697: receive RaftClientReply:client-E41C008B94D2->cb20f782-9136-4144-a2ef-e44461d35697@group-EF222054BC57, cid=3727, SUCCESS, logIndex=5233, commits[cb20f782-9136-4144-a2ef-e44461d35697:c5234]
2019-09-17 12:49:01,273 [grpc-default-executor-1] INFO  client.GrpcClientProtocolClient (GrpcClientProtocolClient.java:onNext(264)) - client-E41C008B94D2->cb20f782-9136-4144-a2ef-e44461d35697: receive RaftClientReply:client-E41C008B94D2->cb20f782-9136-4144-a2ef-e44461d35697@group-EF222054BC57, cid=3728, SUCCESS, logIndex=5234, commits[cb20f782-9136-4144-a2ef-e44461d35697:c5235]
2019-09-17 12:49:01,303 [grpc-default-executor-1] INFO  client.GrpcClientProtocolClient (GrpcClientProtocolClient.java:onNext(264)) - client-E41C008B94D2->cb20f782-9136-4144-a2ef-e44461d35697: receive RaftClientReply:client-E41C008B94D2->cb20f782-9136-4144-a2ef-e44461d35697@group-EF222054BC57, cid=3729, SUCCESS, logIndex=5237, commits[cb20f782-9136-4144-a2ef-e44461d35697:c5240]
2019-09-17 12:49:01,304 [grpc-default-executor-1] INFO  client.GrpcClientProtocolClient (GrpcClientProtocolClient.java:onNext(264)) - client-E41C008B94D2->cb20f782-9136-4144-a2ef-e44461d35697: receive RaftClientReply:client-E41C008B94D2->cb20f782-9136-4144-a2ef-e44461d35697@group-EF222054BC57, cid=3730, SUCCESS, logIndex=5238, commits[cb20f782-9136-4144-a2ef-e44461d35697:c5241]
2019-09-17 12:49:01,304 [grpc-default-executor-1] INFO  client.GrpcClientProtocolClient (GrpcClientProtocolClient.java:onNext(264)) - client-E41C008B94D2->cb20f782-9136-4144-a2ef-e44461d35697: receive RaftClientReply:client-E41C008B94D2->cb20f782-9136-4144-a2ef-e44461d35697@group-EF222054BC57, cid=3731, SUCCESS, logIndex=5239, commits[cb20f782-9136-4144-a2ef-e44461d35697:c5241]
2019-09-17 12:49:01,304 [grpc-default-executor-1] INFO  client.GrpcClientProtocolClient (GrpcClientProtocolClient.java:onNext(264)) - client-E41C008B94D2->cb20f782-9136-4144-a2ef-e44461d35697: receive RaftClientReply:client-E41C008B94D2->cb20f782-9136-4144-a2ef-e44461d35697@group-EF222054BC57, cid=3732, SUCCESS, logIndex=5240, commits[cb20f782-9136-4144-a2ef-e44461d35697:c5241]
2019-09-17 12:49:01,321 [grpc-default-executor-2] INFO  client.GrpcClientProtocolClient (GrpcClientProtocolClient.java:onNext(264)) - client-E41C008B94D2->cb20f782-9136-4144-a2ef-e44461d35697: receive RaftClientReply:client-E41C008B94D2->cb20f782-9136-4144-a2ef-e44461d35697@group-EF222054BC57, cid=3733, SUCCESS, logIndex=5242, commits[cb20f782-9136-4144-a2ef-e44461d35697:c5243]
2019-09-17 12:49:01,322 [grpc-default-executor-2] INFO  client.GrpcClientProtocolClient (GrpcClientProtocolClient.java:onNext(264)) - client-E41C008B94D2->cb20f782-9136-4144-a2ef-e44461d35697: receive RaftClientReply:client-E41C008B94D2->cb20f782-9136-4144-a2ef-e44461d35697@group-EF222054BC57, cid=3734, SUCCESS, logIndex=5243, commits[cb20f782-9136-4144-a2ef-e44461d35697:c5245]
2019-09-17 12:49:01,322 [grpc-default-executor-2] INFO  client.GrpcClientProtocolClient (GrpcClientProtocolClient.java:onNext(264)) - client-E41C008B94D2->cb20f782-9136-4144-a2ef-e44461d35697: receive RaftClientReply:client-E41C008B94D2->cb20f782-9136-4144-a2ef-e44461d35697@group-EF222054BC57, cid=3735, SUCCESS, logIndex=5244, commits[cb20f782-9136-4144-a2ef-e44461d35697:c5245]
2019-09-17 12:49:01,322 [grpc-default-executor-2] INFO  client.GrpcClientProtocolClient (GrpcClientProtocolClient.java:onNext(264)) - client-E41C008B94D2->cb20f782-9136-4144-a2ef-e44461d35697: receive RaftClientReply:client-E41C008B94D2->cb20f782-9136-4144-a2ef-e44461d35697@group-EF222054BC57, cid=3736, SUCCESS, logIndex=5245, commits[cb20f782-9136-4144-a2ef-e44461d35697:c5246]
2019-09-17 12:49:01,347 [grpc-default-executor-1] INFO  client.GrpcClientProtocolClient (GrpcClientProtocolClient.java:onNext(264)) - client-E41C008B94D2->cb20f782-9136-4144-a2ef-e44461d35697: receive RaftClientReply:client-E41C008B94D2->cb20f782-9136-4144-a2ef-e44461d35697@group-EF222054BC57, cid=3737, SUCCESS, logIndex=5248, commits[cb20f782-9136-4144-a2ef-e44461d35697:c5249]
2019-09-17 12:49:01,348 [grpc-default-executor-1] INFO  client.GrpcClientProtocolClient (GrpcClientProtocolClient.java:onNext(264)) - client-E41C008B94D2->cb20f782-9136-4144-a2ef-e44461d35697: receive RaftClientReply:client-E41C008B94D2->cb20f782-9136-4144-a2ef-e44461d35697@group-EF222054BC57, cid=3738, SUCCESS, logIndex=5249, commits[cb20f782-9136-4144-a2ef-e44461d35697:c5251]
2019-09-17 12:49:01,348 [grpc-default-executor-1] INFO  client.GrpcClientProtocolClient (GrpcClientProtocolClient.java:onNext(264)) - client-E41C008B94D2->cb20f782-9136-4144-a2ef-e44461d35697: receive RaftClientReply:client-E41C008B94D2->cb20f782-9136-4144-a2ef-e44461d35697@group-EF222054BC57, cid=3739, SUCCESS, logIndex=5250, commits[cb20f782-9136-4144-a2ef-e44461d35697:c5251]
2019-09-17 12:49:01,348 [grpc-default-executor-1] INFO  client.GrpcClientProtocolClient (GrpcClientProtocolClient.java:onNext(264)) - client-E41C008B94D2->cb20f782-9136-4144-a2ef-e44461d35697: receive RaftClientReply:client-E41C008B94D2->cb20f782-9136-4144-a2ef-e44461d35697@group-EF222054BC57, cid=3740, SUCCESS, logIndex=5251, commits[cb20f782-9136-4144-a2ef-e44461d35697:c5252]
2019-09-17 12:49:01,357 [SCMBlockDeletingService#0] DEBUG block.SCMBlockDeletingService (SCMBlockDeletingService.java:call(138)) - Running DeletedBlockTransactionScanner
2019-09-17 12:49:01,358 [SCMBlockDeletingService#0] DEBUG block.SCMBlockDeletingService (SCMBlockDeletingService.java:call(155)) - Scanned deleted blocks log and got 0 delTX to process.
2019-09-17 12:49:01,365 [grpc-default-executor-1] INFO  client.GrpcClientProtocolClient (GrpcClientProtocolClient.java:onNext(264)) - client-E41C008B94D2->cb20f782-9136-4144-a2ef-e44461d35697: receive RaftClientReply:client-E41C008B94D2->cb20f782-9136-4144-a2ef-e44461d35697@group-EF222054BC57, cid=3741, SUCCESS, logIndex=5254, commits[cb20f782-9136-4144-a2ef-e44461d35697:c5257]
2019-09-17 12:49:01,366 [grpc-default-executor-1] INFO  client.GrpcClientProtocolClient (GrpcClientProtocolClient.java:onNext(264)) - client-E41C008B94D2->cb20f782-9136-4144-a2ef-e44461d35697: receive RaftClientReply:client-E41C008B94D2->cb20f782-9136-4144-a2ef-e44461d35697@group-EF222054BC57, cid=3742, SUCCESS, logIndex=5255, commits[cb20f782-9136-4144-a2ef-e44461d35697:c5257]
2019-09-17 12:49:01,366 [grpc-default-executor-1] INFO  client.GrpcClientProtocolClient (GrpcClientProtocolClient.java:onNext(264)) - client-E41C008B94D2->cb20f782-9136-4144-a2ef-e44461d35697: receive RaftClientReply:client-E41C008B94D2->cb20f782-9136-4144-a2ef-e44461d35697@group-EF222054BC57, cid=3743, SUCCESS, logIndex=5256, commits[cb20f782-9136-4144-a2ef-e44461d35697:c5258]
2019-09-17 12:49:01,366 [grpc-default-executor-1] INFO  client.GrpcClientProtocolClient (GrpcClientProtocolClient.java:onNext(264)) - client-E41C008B94D2->cb20f782-9136-4144-a2ef-e44461d35697: receive RaftClientReply:client-E41C008B94D2->cb20f782-9136-4144-a2ef-e44461d35697@group-EF222054BC57, cid=3744, SUCCESS, logIndex=5257, commits[cb20f782-9136-4144-a2ef-e44461d35697:c5258]
2019-09-17 12:49:01,391 [grpc-default-executor-2] INFO  client.GrpcClientProtocolClient (GrpcClientProtocolClient.java:onNext(264)) - client-E41C008B94D2->cb20f782-9136-4144-a2ef-e44461d35697: receive RaftClientReply:client-E41C008B94D2->cb20f782-9136-4144-a2ef-e44461d35697@group-EF222054BC57, cid=3745, SUCCESS, logIndex=5259, commits[cb20f782-9136-4144-a2ef-e44461d35697:c5262]
2019-09-17 12:49:01,391 [grpc-default-executor-2] INFO  client.GrpcClientProtocolClient (GrpcClientProtocolClient.java:onNext(264)) - client-E41C008B94D2->cb20f782-9136-4144-a2ef-e44461d35697: receive RaftClientReply:client-E41C008B94D2->cb20f782-9136-4144-a2ef-e44461d35697@group-EF222054BC57, cid=3746, SUCCESS, logIndex=5260, commits[cb20f782-9136-4144-a2ef-e44461d35697:c5263]
2019-09-17 12:49:01,392 [grpc-default-executor-2] INFO  client.GrpcClientProtocolClient (GrpcClientProtocolClient.java:onNext(264)) - client-E41C008B94D2->cb20f782-9136-4144-a2ef-e44461d35697: receive RaftClientReply:client-E41C008B94D2->cb20f782-9136-4144-a2ef-e44461d35697@group-EF222054BC57, cid=3747, SUCCESS, logIndex=5261, commits[cb20f782-9136-4144-a2ef-e44461d35697:c5263]
2019-09-17 12:49:01,392 [grpc-default-executor-2] INFO  client.GrpcClientProtocolClient (GrpcClientProtocolClient.java:onNext(264)) - client-E41C008B94D2->cb20f782-9136-4144-a2ef-e44461d35697: receive RaftClientReply:client-E41C008B94D2->cb20f782-9136-4144-a2ef-e44461d35697@group-EF222054BC57, cid=3748, SUCCESS, logIndex=5262, commits[cb20f782-9136-4144-a2ef-e44461d35697:c5263]
2019-09-17 12:49:01,409 [grpc-default-executor-2] INFO  client.GrpcClientProtocolClient (GrpcClientProtocolClient.java:onNext(264)) - client-E41C008B94D2->cb20f782-9136-4144-a2ef-e44461d35697: receive RaftClientReply:client-E41C008B94D2->cb20f782-9136-4144-a2ef-e44461d35697@group-EF222054BC57, cid=3749, SUCCESS, logIndex=5264, commits[cb20f782-9136-4144-a2ef-e44461d35697:c5267]
2019-09-17 12:49:01,409 [grpc-default-executor-2] INFO  client.GrpcClientProtocolClient (GrpcClientProtocolClient.java:onNext(264)) - client-E41C008B94D2->cb20f782-9136-4144-a2ef-e44461d35697: receive RaftClientReply:client-E41C008B94D2->cb20f782-9136-4144-a2ef-e44461d35697@group-EF222054BC57, cid=3750, SUCCESS, logIndex=5265, commits[cb20f782-9136-4144-a2ef-e44461d35697:c5267]
2019-09-17 12:49:01,410 [grpc-default-executor-2] INFO  client.GrpcClientProtocolClient (GrpcClientProtocolClient.java:onNext(264)) - client-E41C008B94D2->cb20f782-9136-4144-a2ef-e44461d35697: receive RaftClientReply:client-E41C008B94D2->cb20f782-9136-4144-a2ef-e44461d35697@group-EF222054BC57, cid=3751, SUCCESS, logIndex=5266, commits[cb20f782-9136-4144-a2ef-e44461d35697:c5268]
2019-09-17 12:49:01,410 [grpc-default-executor-2] INFO  client.GrpcClientProtocolClient (GrpcClientProtocolClient.java:onNext(264)) - client-E41C008B94D2->cb20f782-9136-4144-a2ef-e44461d35697: receive RaftClientReply:client-E41C008B94D2->cb20f782-9136-4144-a2ef-e44461d35697@group-EF222054BC57, cid=3752, SUCCESS, logIndex=5267, commits[cb20f782-9136-4144-a2ef-e44461d35697:c5268]
2019-09-17 12:49:01,441 [grpc-default-executor-2] INFO  client.GrpcClientProtocolClient (GrpcClientProtocolClient.java:onNext(264)) - client-E41C008B94D2->cb20f782-9136-4144-a2ef-e44461d35697: receive RaftClientReply:client-E41C008B94D2->cb20f782-9136-4144-a2ef-e44461d35697@group-EF222054BC57, cid=3753, SUCCESS, logIndex=5269, commits[cb20f782-9136-4144-a2ef-e44461d35697:c5272]
2019-09-17 12:49:01,442 [grpc-default-executor-2] INFO  client.GrpcClientProtocolClient (GrpcClientProtocolClient.java:onNext(264)) - client-E41C008B94D2->cb20f782-9136-4144-a2ef-e44461d35697: receive RaftClientReply:client-E41C008B94D2->cb20f782-9136-4144-a2ef-e44461d35697@group-EF222054BC57, cid=3754, SUCCESS, logIndex=5270, commits[cb20f782-9136-4144-a2ef-e44461d35697:c5273]
2019-09-17 12:49:01,442 [grpc-default-executor-2] INFO  client.GrpcClientProtocolClient (GrpcClientProtocolClient.java:onNext(264)) - client-E41C008B94D2->cb20f782-9136-4144-a2ef-e44461d35697: receive RaftClientReply:client-E41C008B94D2->cb20f782-9136-4144-a2ef-e44461d35697@group-EF222054BC57, cid=3755, SUCCESS, logIndex=5271, commits[cb20f782-9136-4144-a2ef-e44461d35697:c5273]
2019-09-17 12:49:01,442 [grpc-default-executor-2] INFO  client.GrpcClientProtocolClient (GrpcClientProtocolClient.java:onNext(264)) - client-E41C008B94D2->cb20f782-9136-4144-a2ef-e44461d35697: receive RaftClientReply:client-E41C008B94D2->cb20f782-9136-4144-a2ef-e44461d35697@group-EF222054BC57, cid=3756, SUCCESS, logIndex=5272, commits[cb20f782-9136-4144-a2ef-e44461d35697:c5273]
2019-09-17 12:49:01,533 [SCMBlockDeletingService#0] DEBUG block.SCMBlockDeletingService (SCMBlockDeletingService.java:call(138)) - Running DeletedBlockTransactionScanner
2019-09-17 12:49:01,533 [SCMBlockDeletingService#0] DEBUG block.SCMBlockDeletingService (SCMBlockDeletingService.java:call(155)) - Scanned deleted blocks log and got 0 delTX to process.
2019-09-17 12:49:01,633 [SCMBlockDeletingService#0] DEBUG block.SCMBlockDeletingService (SCMBlockDeletingService.java:call(138)) - Running DeletedBlockTransactionScanner
2019-09-17 12:49:01,634 [SCMBlockDeletingService#0] DEBUG block.SCMBlockDeletingService (SCMBlockDeletingService.java:call(155)) - Scanned deleted blocks log and got 0 delTX to process.
2019-09-17 12:49:01,676 [grpc-default-executor-1] INFO  client.GrpcClientProtocolClient (GrpcClientProtocolClient.java:onNext(264)) - client-E41C008B94D2->cb20f782-9136-4144-a2ef-e44461d35697: receive RaftClientReply:client-E41C008B94D2->cb20f782-9136-4144-a2ef-e44461d35697@group-EF222054BC57, cid=3757, SUCCESS, logIndex=5274, commits[cb20f782-9136-4144-a2ef-e44461d35697:c5277]
2019-09-17 12:49:01,676 [grpc-default-executor-1] INFO  client.GrpcClientProtocolClient (GrpcClientProtocolClient.java:onNext(264)) - client-E41C008B94D2->cb20f782-9136-4144-a2ef-e44461d35697: receive RaftClientReply:client-E41C008B94D2->cb20f782-9136-4144-a2ef-e44461d35697@group-EF222054BC57, cid=3758, SUCCESS, logIndex=5275, commits[cb20f782-9136-4144-a2ef-e44461d35697:c5277]
2019-09-17 12:49:01,676 [grpc-default-executor-1] INFO  client.GrpcClientProtocolClient (GrpcClientProtocolClient.java:onNext(264)) - client-E41C008B94D2->cb20f782-9136-4144-a2ef-e44461d35697: receive RaftClientReply:client-E41C008B94D2->cb20f782-9136-4144-a2ef-e44461d35697@group-EF222054BC57, cid=3759, SUCCESS, logIndex=5276, commits[cb20f782-9136-4144-a2ef-e44461d35697:c5278]
2019-09-17 12:49:01,676 [grpc-default-executor-1] INFO  client.GrpcClientProtocolClient (GrpcClientProtocolClient.java:onNext(264)) - client-E41C008B94D2->cb20f782-9136-4144-a2ef-e44461d35697: receive RaftClientReply:client-E41C008B94D2->cb20f782-9136-4144-a2ef-e44461d35697@group-EF222054BC57, cid=3760, SUCCESS, logIndex=5277, commits[cb20f782-9136-4144-a2ef-e44461d35697:c5278]
2019-09-17 12:49:01,705 [grpc-default-executor-2] INFO  client.GrpcClientProtocolClient (GrpcClientProtocolClient.java:onNext(264)) - client-E41C008B94D2->cb20f782-9136-4144-a2ef-e44461d35697: receive RaftClientReply:client-E41C008B94D2->cb20f782-9136-4144-a2ef-e44461d35697@group-EF222054BC57, cid=3761, SUCCESS, logIndex=5279, commits[cb20f782-9136-4144-a2ef-e44461d35697:c5280]
2019-09-17 12:49:01,706 [grpc-default-executor-2] INFO  client.GrpcClientProtocolClient (GrpcClientProtocolClient.java:onNext(264)) - client-E41C008B94D2->cb20f782-9136-4144-a2ef-e44461d35697: receive RaftClientReply:client-E41C008B94D2->cb20f782-9136-4144-a2ef-e44461d35697@group-EF222054BC57, cid=3762, SUCCESS, logIndex=5280, commits[cb20f782-9136-4144-a2ef-e44461d35697:c5282]
2019-09-17 12:49:01,706 [grpc-default-executor-2] INFO  client.GrpcClientProtocolClient (GrpcClientProtocolClient.java:onNext(264)) - client-E41C008B94D2->cb20f782-9136-4144-a2ef-e44461d35697: receive RaftClientReply:client-E41C008B94D2->cb20f782-9136-4144-a2ef-e44461d35697@group-EF222054BC57, cid=3763, SUCCESS, logIndex=5281, commits[cb20f782-9136-4144-a2ef-e44461d35697:c5283]
2019-09-17 12:49:01,706 [grpc-default-executor-2] INFO  client.GrpcClientProtocolClient (GrpcClientProtocolClient.java:onNext(264)) - client-E41C008B94D2->cb20f782-9136-4144-a2ef-e44461d35697: receive RaftClientReply:client-E41C008B94D2->cb20f782-9136-4144-a2ef-e44461d35697@group-EF222054BC57, cid=3764, SUCCESS, logIndex=5282, commits[cb20f782-9136-4144-a2ef-e44461d35697:c5283]
2019-09-17 12:49:01,729 [grpc-default-executor-2] INFO  client.GrpcClientProtocolClient (GrpcClientProtocolClient.java:onNext(264)) - client-E41C008B94D2->cb20f782-9136-4144-a2ef-e44461d35697: receive RaftClientReply:client-E41C008B94D2->cb20f782-9136-4144-a2ef-e44461d35697@group-EF222054BC57, cid=3765, SUCCESS, logIndex=5285, commits[cb20f782-9136-4144-a2ef-e44461d35697:c5286]
2019-09-17 12:49:01,730 [grpc-default-executor-2] INFO  client.GrpcClientProtocolClient (GrpcClientProtocolClient.java:onNext(264)) - client-E41C008B94D2->cb20f782-9136-4144-a2ef-e44461d35697: receive RaftClientReply:client-E41C008B94D2->cb20f782-9136-4144-a2ef-e44461d35697@group-EF222054BC57, cid=3766, SUCCESS, logIndex=5286, commits[cb20f782-9136-4144-a2ef-e44461d35697:c5286]
2019-09-17 12:49:01,730 [grpc-default-executor-2] INFO  client.GrpcClientProtocolClient (GrpcClientProtocolClient.java:onNext(264)) - client-E41C008B94D2->cb20f782-9136-4144-a2ef-e44461d35697: receive RaftClientReply:client-E41C008B94D2->cb20f782-9136-4144-a2ef-e44461d35697@group-EF222054BC57, cid=3767, SUCCESS, logIndex=5287, commits[cb20f782-9136-4144-a2ef-e44461d35697:c5288]
2019-09-17 12:49:01,730 [grpc-default-executor-2] INFO  client.GrpcClientProtocolClient (GrpcClientProtocolClient.java:onNext(264)) - client-E41C008B94D2->cb20f782-9136-4144-a2ef-e44461d35697: receive RaftClientReply:client-E41C008B94D2->cb20f782-9136-4144-a2ef-e44461d35697@group-EF222054BC57, cid=3768, SUCCESS, logIndex=5288, commits[cb20f782-9136-4144-a2ef-e44461d35697:c5289]
2019-09-17 12:49:01,734 [SCMBlockDeletingService#0] DEBUG block.SCMBlockDeletingService (SCMBlockDeletingService.java:call(138)) - Running DeletedBlockTransactionScanner
2019-09-17 12:49:01,734 [SCMBlockDeletingService#0] DEBUG block.SCMBlockDeletingService (SCMBlockDeletingService.java:call(155)) - Scanned deleted blocks log and got 0 delTX to process.
2019-09-17 12:49:01,758 [grpc-default-executor-1] INFO  client.GrpcClientProtocolClient (GrpcClientProtocolClient.java:onNext(264)) - client-E41C008B94D2->cb20f782-9136-4144-a2ef-e44461d35697: receive RaftClientReply:client-E41C008B94D2->cb20f782-9136-4144-a2ef-e44461d35697@group-EF222054BC57, cid=3769, SUCCESS, logIndex=5291, commits[cb20f782-9136-4144-a2ef-e44461d35697:c5292]
2019-09-17 12:49:01,758 [grpc-default-executor-1] INFO  client.GrpcClientProtocolClient (GrpcClientProtocolClient.java:onNext(264)) - client-E41C008B94D2->cb20f782-9136-4144-a2ef-e44461d35697: receive RaftClientReply:client-E41C008B94D2->cb20f782-9136-4144-a2ef-e44461d35697@group-EF222054BC57, cid=3770, SUCCESS, logIndex=5292, commits[cb20f782-9136-4144-a2ef-e44461d35697:c5294]
2019-09-17 12:49:01,759 [grpc-default-executor-1] INFO  client.GrpcClientProtocolClient (GrpcClientProtocolClient.java:onNext(264)) - client-E41C008B94D2->cb20f782-9136-4144-a2ef-e44461d35697: receive RaftClientReply:client-E41C008B94D2->cb20f782-9136-4144-a2ef-e44461d35697@group-EF222054BC57, cid=3771, SUCCESS, logIndex=5293, commits[cb20f782-9136-4144-a2ef-e44461d35697:c5294]
2019-09-17 12:49:01,759 [grpc-default-executor-1] INFO  client.GrpcClientProtocolClient (GrpcClientProtocolClient.java:onNext(264)) - client-E41C008B94D2->cb20f782-9136-4144-a2ef-e44461d35697: receive RaftClientReply:client-E41C008B94D2->cb20f782-9136-4144-a2ef-e44461d35697@group-EF222054BC57, cid=3772, SUCCESS, logIndex=5294, commits[cb20f782-9136-4144-a2ef-e44461d35697:c5295]
2019-09-17 12:49:01,781 [grpc-default-executor-1] INFO  client.GrpcClientProtocolClient (GrpcClientProtocolClient.java:onNext(264)) - client-E41C008B94D2->cb20f782-9136-4144-a2ef-e44461d35697: receive RaftClientReply:client-E41C008B94D2->cb20f782-9136-4144-a2ef-e44461d35697@group-EF222054BC57, cid=3773, SUCCESS, logIndex=5297, commits[cb20f782-9136-4144-a2ef-e44461d35697:c5298]
2019-09-17 12:49:01,781 [grpc-default-executor-1] INFO  client.GrpcClientProtocolClient (GrpcClientProtocolClient.java:onNext(264)) - client-E41C008B94D2->cb20f782-9136-4144-a2ef-e44461d35697: receive RaftClientReply:client-E41C008B94D2->cb20f782-9136-4144-a2ef-e44461d35697@group-EF222054BC57, cid=3774, SUCCESS, logIndex=5298, commits[cb20f782-9136-4144-a2ef-e44461d35697:c5300]
2019-09-17 12:49:01,781 [grpc-default-executor-1] INFO  client.GrpcClientProtocolClient (GrpcClientProtocolClient.java:onNext(264)) - client-E41C008B94D2->cb20f782-9136-4144-a2ef-e44461d35697: receive RaftClientReply:client-E41C008B94D2->cb20f782-9136-4144-a2ef-e44461d35697@group-EF222054BC57, cid=3775, SUCCESS, logIndex=5299, commits[cb20f782-9136-4144-a2ef-e44461d35697:c5301]
2019-09-17 12:49:01,782 [grpc-default-executor-1] INFO  client.GrpcClientProtocolClient (GrpcClientProtocolClient.java:onNext(264)) - client-E41C008B94D2->cb20f782-9136-4144-a2ef-e44461d35697: receive RaftClientReply:client-E41C008B94D2->cb20f782-9136-4144-a2ef-e44461d35697@group-EF222054BC57, cid=3776, SUCCESS, logIndex=5300, commits[cb20f782-9136-4144-a2ef-e44461d35697:c5301]
2019-09-17 12:49:01,816 [grpc-default-executor-1] INFO  client.GrpcClientProtocolClient (GrpcClientProtocolClient.java:onNext(264)) - client-E41C008B94D2->cb20f782-9136-4144-a2ef-e44461d35697: receive RaftClientReply:client-E41C008B94D2->cb20f782-9136-4144-a2ef-e44461d35697@group-EF222054BC57, cid=3777, SUCCESS, logIndex=5303, commits[cb20f782-9136-4144-a2ef-e44461d35697:c5306]
2019-09-17 12:49:01,817 [grpc-default-executor-1] INFO  client.GrpcClientProtocolClient (GrpcClientProtocolClient.java:onNext(264)) - client-E41C008B94D2->cb20f782-9136-4144-a2ef-e44461d35697: receive RaftClientReply:client-E41C008B94D2->cb20f782-9136-4144-a2ef-e44461d35697@group-EF222054BC57, cid=3778, SUCCESS, logIndex=5304, commits[cb20f782-9136-4144-a2ef-e44461d35697:c5306]
2019-09-17 12:49:01,818 [grpc-default-executor-1] INFO  client.GrpcClientProtocolClient (GrpcClientProtocolClient.java:onNext(264)) - client-E41C008B94D2->cb20f782-9136-4144-a2ef-e44461d35697: receive RaftClientReply:client-E41C008B94D2->cb20f782-9136-4144-a2ef-e44461d35697@group-EF222054BC57, cid=3779, SUCCESS, logIndex=5305, commits[cb20f782-9136-4144-a2ef-e44461d35697:c5307]
2019-09-17 12:49:01,818 [grpc-default-executor-1] INFO  client.GrpcClientProtocolClient (GrpcClientProtocolClient.java:onNext(264)) - client-E41C008B94D2->cb20f782-9136-4144-a2ef-e44461d35697: receive RaftClientReply:client-E41C008B94D2->cb20f782-9136-4144-a2ef-e44461d35697@group-EF222054BC57, cid=3780, SUCCESS, logIndex=5306, commits[cb20f782-9136-4144-a2ef-e44461d35697:c5308]
2019-09-17 12:49:01,834 [SCMBlockDeletingService#0] DEBUG block.SCMBlockDeletingService (SCMBlockDeletingService.java:call(138)) - Running DeletedBlockTransactionScanner
2019-09-17 12:49:01,835 [SCMBlockDeletingService#0] DEBUG block.SCMBlockDeletingService (SCMBlockDeletingService.java:call(155)) - Scanned deleted blocks log and got 0 delTX to process.
2019-09-17 12:49:01,839 [grpc-default-executor-1] INFO  client.GrpcClientProtocolClient (GrpcClientProtocolClient.java:onNext(264)) - client-E41C008B94D2->cb20f782-9136-4144-a2ef-e44461d35697: receive RaftClientReply:client-E41C008B94D2->cb20f782-9136-4144-a2ef-e44461d35697@group-EF222054BC57, cid=3781, SUCCESS, logIndex=5309, commits[cb20f782-9136-4144-a2ef-e44461d35697:c5310]
2019-09-17 12:49:01,839 [grpc-default-executor-1] INFO  client.GrpcClientProtocolClient (GrpcClientProtocolClient.java:onNext(264)) - client-E41C008B94D2->cb20f782-9136-4144-a2ef-e44461d35697: receive RaftClientReply:client-E41C008B94D2->cb20f782-9136-4144-a2ef-e44461d35697@group-EF222054BC57, cid=3782, SUCCESS, logIndex=5310, commits[cb20f782-9136-4144-a2ef-e44461d35697:c5312]
2019-09-17 12:49:01,839 [grpc-default-executor-1] INFO  client.GrpcClientProtocolClient (GrpcClientProtocolClient.java:onNext(264)) - client-E41C008B94D2->cb20f782-9136-4144-a2ef-e44461d35697: receive RaftClientReply:client-E41C008B94D2->cb20f782-9136-4144-a2ef-e44461d35697@group-EF222054BC57, cid=3783, SUCCESS, logIndex=5311, commits[cb20f782-9136-4144-a2ef-e44461d35697:c5313]
2019-09-17 12:49:01,840 [grpc-default-executor-1] INFO  client.GrpcClientProtocolClient (GrpcClientProtocolClient.java:onNext(264)) - client-E41C008B94D2->cb20f782-9136-4144-a2ef-e44461d35697: receive RaftClientReply:client-E41C008B94D2->cb20f782-9136-4144-a2ef-e44461d35697@group-EF222054BC57, cid=3784, SUCCESS, logIndex=5312, commits[cb20f782-9136-4144-a2ef-e44461d35697:c5314]
2019-09-17 12:49:01,888 [grpc-default-executor-1] INFO  client.GrpcClientProtocolClient (GrpcClientProtocolClient.java:onNext(264)) - client-E41C008B94D2->cb20f782-9136-4144-a2ef-e44461d35697: receive RaftClientReply:client-E41C008B94D2->cb20f782-9136-4144-a2ef-e44461d35697@group-EF222054BC57, cid=3785, SUCCESS, logIndex=5315, commits[cb20f782-9136-4144-a2ef-e44461d35697:c5316]
2019-09-17 12:49:01,888 [grpc-default-executor-1] INFO  client.GrpcClientProtocolClient (GrpcClientProtocolClient.java:onNext(264)) - client-E41C008B94D2->cb20f782-9136-4144-a2ef-e44461d35697: receive RaftClientReply:client-E41C008B94D2->cb20f782-9136-4144-a2ef-e44461d35697@group-EF222054BC57, cid=3786, SUCCESS, logIndex=5316, commits[cb20f782-9136-4144-a2ef-e44461d35697:c5316]
2019-09-17 12:49:01,898 [grpc-default-executor-1] INFO  client.GrpcClientProtocolClient (GrpcClientProtocolClient.java:onNext(264)) - client-E41C008B94D2->cb20f782-9136-4144-a2ef-e44461d35697: receive RaftClientReply:client-E41C008B94D2->cb20f782-9136-4144-a2ef-e44461d35697@group-EF222054BC57, cid=3787, SUCCESS, logIndex=5317, commits[cb20f782-9136-4144-a2ef-e44461d35697:c5318]
2019-09-17 12:49:01,899 [grpc-default-executor-1] INFO  client.GrpcClientProtocolClient (GrpcClientProtocolClient.java:onNext(264)) - client-E41C008B94D2->cb20f782-9136-4144-a2ef-e44461d35697: receive RaftClientReply:client-E41C008B94D2->cb20f782-9136-4144-a2ef-e44461d35697@group-EF222054BC57, cid=3788, SUCCESS, logIndex=5318, commits[cb20f782-9136-4144-a2ef-e44461d35697:c5319]
2019-09-17 12:49:01,920 [grpc-default-executor-2] INFO  client.GrpcClientProtocolClient (GrpcClientProtocolClient.java:onNext(264)) - client-E41C008B94D2->cb20f782-9136-4144-a2ef-e44461d35697: receive RaftClientReply:client-E41C008B94D2->cb20f782-9136-4144-a2ef-e44461d35697@group-EF222054BC57, cid=3789, SUCCESS, logIndex=5321, commits[cb20f782-9136-4144-a2ef-e44461d35697:c5322]
2019-09-17 12:49:01,921 [grpc-default-executor-2] INFO  client.GrpcClientProtocolClient (GrpcClientProtocolClient.java:onNext(264)) - client-E41C008B94D2->cb20f782-9136-4144-a2ef-e44461d35697: receive RaftClientReply:client-E41C008B94D2->cb20f782-9136-4144-a2ef-e44461d35697@group-EF222054BC57, cid=3790, SUCCESS, logIndex=5322, commits[cb20f782-9136-4144-a2ef-e44461d35697:c5324]
2019-09-17 12:49:01,921 [grpc-default-executor-2] INFO  client.GrpcClientProtocolClient (GrpcClientProtocolClient.java:onNext(264)) - client-E41C008B94D2->cb20f782-9136-4144-a2ef-e44461d35697: receive RaftClientReply:client-E41C008B94D2->cb20f782-9136-4144-a2ef-e44461d35697@group-EF222054BC57, cid=3791, SUCCESS, logIndex=5323, commits[cb20f782-9136-4144-a2ef-e44461d35697:c5325]
2019-09-17 12:49:01,922 [grpc-default-executor-2] INFO  client.GrpcClientProtocolClient (GrpcClientProtocolClient.java:onNext(264)) - client-E41C008B94D2->cb20f782-9136-4144-a2ef-e44461d35697: receive RaftClientReply:client-E41C008B94D2->cb20f782-9136-4144-a2ef-e44461d35697@group-EF222054BC57, cid=3792, SUCCESS, logIndex=5324, commits[cb20f782-9136-4144-a2ef-e44461d35697:c5325]
2019-09-17 12:49:01,935 [SCMBlockDeletingService#0] DEBUG block.SCMBlockDeletingService (SCMBlockDeletingService.java:call(138)) - Running DeletedBlockTransactionScanner
2019-09-17 12:49:01,935 [SCMBlockDeletingService#0] DEBUG block.SCMBlockDeletingService (SCMBlockDeletingService.java:call(155)) - Scanned deleted blocks log and got 0 delTX to process.
2019-09-17 12:49:01,955 [grpc-default-executor-1] INFO  client.GrpcClientProtocolClient (GrpcClientProtocolClient.java:onNext(264)) - client-E41C008B94D2->cb20f782-9136-4144-a2ef-e44461d35697: receive RaftClientReply:client-E41C008B94D2->cb20f782-9136-4144-a2ef-e44461d35697@group-EF222054BC57, cid=3793, SUCCESS, logIndex=5327, commits[cb20f782-9136-4144-a2ef-e44461d35697:c5328]
2019-09-17 12:49:01,956 [grpc-default-executor-1] INFO  client.GrpcClientProtocolClient (GrpcClientProtocolClient.java:onNext(264)) - client-E41C008B94D2->cb20f782-9136-4144-a2ef-e44461d35697: receive RaftClientReply:client-E41C008B94D2->cb20f782-9136-4144-a2ef-e44461d35697@group-EF222054BC57, cid=3794, SUCCESS, logIndex=5328, commits[cb20f782-9136-4144-a2ef-e44461d35697:c5330]
2019-09-17 12:49:01,956 [grpc-default-executor-1] INFO  client.GrpcClientProtocolClient (GrpcClientProtocolClient.java:onNext(264)) - client-E41C008B94D2->cb20f782-9136-4144-a2ef-e44461d35697: receive RaftClientReply:client-E41C008B94D2->cb20f782-9136-4144-a2ef-e44461d35697@group-EF222054BC57, cid=3795, SUCCESS, logIndex=5329, commits[cb20f782-9136-4144-a2ef-e44461d35697:c5331]
2019-09-17 12:49:01,957 [grpc-default-executor-1] INFO  client.GrpcClientProtocolClient (GrpcClientProtocolClient.java:onNext(264)) - client-E41C008B94D2->cb20f782-9136-4144-a2ef-e44461d35697: receive RaftClientReply:client-E41C008B94D2->cb20f782-9136-4144-a2ef-e44461d35697@group-EF222054BC57, cid=3796, SUCCESS, logIndex=5330, commits[cb20f782-9136-4144-a2ef-e44461d35697:c5331]
2019-09-17 12:49:01,979 [grpc-default-executor-1] INFO  client.GrpcClientProtocolClient (GrpcClientProtocolClient.java:onNext(264)) - client-E41C008B94D2->cb20f782-9136-4144-a2ef-e44461d35697: receive RaftClientReply:client-E41C008B94D2->cb20f782-9136-4144-a2ef-e44461d35697@group-EF222054BC57, cid=3797, SUCCESS, logIndex=5333, commits[cb20f782-9136-4144-a2ef-e44461d35697:c5334]
2019-09-17 12:49:01,979 [grpc-default-executor-1] INFO  client.GrpcClientProtocolClient (GrpcClientProtocolClient.java:onNext(264)) - client-E41C008B94D2->cb20f782-9136-4144-a2ef-e44461d35697: receive RaftClientReply:client-E41C008B94D2->cb20f782-9136-4144-a2ef-e44461d35697@group-EF222054BC57, cid=3798, SUCCESS, logIndex=5334, commits[cb20f782-9136-4144-a2ef-e44461d35697:c5336]
2019-09-17 12:49:01,980 [grpc-default-executor-1] INFO  client.GrpcClientProtocolClient (GrpcClientProtocolClient.java:onNext(264)) - client-E41C008B94D2->cb20f782-9136-4144-a2ef-e44461d35697: receive RaftClientReply:client-E41C008B94D2->cb20f782-9136-4144-a2ef-e44461d35697@group-EF222054BC57, cid=3799, SUCCESS, logIndex=5335, commits[cb20f782-9136-4144-a2ef-e44461d35697:c5337]
2019-09-17 12:49:01,980 [grpc-default-executor-1] INFO  client.GrpcClientProtocolClient (GrpcClientProtocolClient.java:onNext(264)) - client-E41C008B94D2->cb20f782-9136-4144-a2ef-e44461d35697: receive RaftClientReply:client-E41C008B94D2->cb20f782-9136-4144-a2ef-e44461d35697@group-EF222054BC57, cid=3800, SUCCESS, logIndex=5336, commits[cb20f782-9136-4144-a2ef-e44461d35697:c5338]
2019-09-17 12:49:02,035 [SCMBlockDeletingService#0] DEBUG block.SCMBlockDeletingService (SCMBlockDeletingService.java:call(138)) - Running DeletedBlockTransactionScanner
2019-09-17 12:49:02,036 [SCMBlockDeletingService#0] DEBUG block.SCMBlockDeletingService (SCMBlockDeletingService.java:call(155)) - Scanned deleted blocks log and got 0 delTX to process.
2019-09-17 12:49:02,138 [SCMBlockDeletingService#0] DEBUG block.SCMBlockDeletingService (SCMBlockDeletingService.java:call(138)) - Running DeletedBlockTransactionScanner
2019-09-17 12:49:02,139 [SCMBlockDeletingService#0] DEBUG block.SCMBlockDeletingService (SCMBlockDeletingService.java:call(155)) - Scanned deleted blocks log and got 0 delTX to process.
2019-09-17 12:49:02,139 [grpc-default-executor-2] INFO  client.GrpcClientProtocolClient (GrpcClientProtocolClient.java:onNext(264)) - client-E41C008B94D2->cb20f782-9136-4144-a2ef-e44461d35697: receive RaftClientReply:client-E41C008B94D2->cb20f782-9136-4144-a2ef-e44461d35697@group-EF222054BC57, cid=3801, SUCCESS, logIndex=5339, commits[cb20f782-9136-4144-a2ef-e44461d35697:c5340]
2019-09-17 12:49:02,140 [grpc-default-executor-2] INFO  client.GrpcClientProtocolClient (GrpcClientProtocolClient.java:onNext(264)) - client-E41C008B94D2->cb20f782-9136-4144-a2ef-e44461d35697: receive RaftClientReply:client-E41C008B94D2->cb20f782-9136-4144-a2ef-e44461d35697@group-EF222054BC57, cid=3802, SUCCESS, logIndex=5340, commits[cb20f782-9136-4144-a2ef-e44461d35697:c5343]
2019-09-17 12:49:02,141 [grpc-default-executor-2] INFO  client.GrpcClientProtocolClient (GrpcClientProtocolClient.java:onNext(264)) - client-E41C008B94D2->cb20f782-9136-4144-a2ef-e44461d35697: receive RaftClientReply:client-E41C008B94D2->cb20f782-9136-4144-a2ef-e44461d35697@group-EF222054BC57, cid=3803, SUCCESS, logIndex=5341, commits[cb20f782-9136-4144-a2ef-e44461d35697:c5344]
2019-09-17 12:49:02,143 [grpc-default-executor-2] INFO  client.GrpcClientProtocolClient (GrpcClientProtocolClient.java:onNext(264)) - client-E41C008B94D2->cb20f782-9136-4144-a2ef-e44461d35697: receive RaftClientReply:client-E41C008B94D2->cb20f782-9136-4144-a2ef-e44461d35697@group-EF222054BC57, cid=3804, SUCCESS, logIndex=5342, commits[cb20f782-9136-4144-a2ef-e44461d35697:c5344]
2019-09-17 12:49:02,165 [grpc-default-executor-1] INFO  client.GrpcClientProtocolClient (GrpcClientProtocolClient.java:onNext(264)) - client-E41C008B94D2->cb20f782-9136-4144-a2ef-e44461d35697: receive RaftClientReply:client-E41C008B94D2->cb20f782-9136-4144-a2ef-e44461d35697@group-EF222054BC57, cid=3805, SUCCESS, logIndex=5345, commits[cb20f782-9136-4144-a2ef-e44461d35697:c5346]
2019-09-17 12:49:02,165 [grpc-default-executor-1] INFO  client.GrpcClientProtocolClient (GrpcClientProtocolClient.java:onNext(264)) - client-E41C008B94D2->cb20f782-9136-4144-a2ef-e44461d35697: receive RaftClientReply:client-E41C008B94D2->cb20f782-9136-4144-a2ef-e44461d35697@group-EF222054BC57, cid=3806, SUCCESS, logIndex=5346, commits[cb20f782-9136-4144-a2ef-e44461d35697:c5348]
2019-09-17 12:49:02,165 [grpc-default-executor-1] INFO  client.GrpcClientProtocolClient (GrpcClientProtocolClient.java:onNext(264)) - client-E41C008B94D2->cb20f782-9136-4144-a2ef-e44461d35697: receive RaftClientReply:client-E41C008B94D2->cb20f782-9136-4144-a2ef-e44461d35697@group-EF222054BC57, cid=3807, SUCCESS, logIndex=5347, commits[cb20f782-9136-4144-a2ef-e44461d35697:c5349]
2019-09-17 12:49:02,166 [grpc-default-executor-1] INFO  client.GrpcClientProtocolClient (GrpcClientProtocolClient.java:onNext(264)) - client-E41C008B94D2->cb20f782-9136-4144-a2ef-e44461d35697: receive RaftClientReply:client-E41C008B94D2->cb20f782-9136-4144-a2ef-e44461d35697@group-EF222054BC57, cid=3808, SUCCESS, logIndex=5348, commits[cb20f782-9136-4144-a2ef-e44461d35697:c5350]
2019-09-17 12:49:02,198 [grpc-default-executor-1] INFO  client.GrpcClientProtocolClient (GrpcClientProtocolClient.java:onNext(264)) - client-E41C008B94D2->cb20f782-9136-4144-a2ef-e44461d35697: receive RaftClientReply:client-E41C008B94D2->cb20f782-9136-4144-a2ef-e44461d35697@group-EF222054BC57, cid=3809, SUCCESS, logIndex=5351, commits[cb20f782-9136-4144-a2ef-e44461d35697:c5354]
2019-09-17 12:49:02,198 [grpc-default-executor-1] INFO  client.GrpcClientProtocolClient (GrpcClientProtocolClient.java:onNext(264)) - client-E41C008B94D2->cb20f782-9136-4144-a2ef-e44461d35697: receive RaftClientReply:client-E41C008B94D2->cb20f782-9136-4144-a2ef-e44461d35697@group-EF222054BC57, cid=3810, SUCCESS, logIndex=5352, commits[cb20f782-9136-4144-a2ef-e44461d35697:c5355]
2019-09-17 12:49:02,199 [grpc-default-executor-1] INFO  client.GrpcClientProtocolClient (GrpcClientProtocolClient.java:onNext(264)) - client-E41C008B94D2->cb20f782-9136-4144-a2ef-e44461d35697: receive RaftClientReply:client-E41C008B94D2->cb20f782-9136-4144-a2ef-e44461d35697@group-EF222054BC57, cid=3811, SUCCESS, logIndex=5353, commits[cb20f782-9136-4144-a2ef-e44461d35697:c5355]
2019-09-17 12:49:02,199 [grpc-default-executor-1] INFO  client.GrpcClientProtocolClient (GrpcClientProtocolClient.java:onNext(264)) - client-E41C008B94D2->cb20f782-9136-4144-a2ef-e44461d35697: receive RaftClientReply:client-E41C008B94D2->cb20f782-9136-4144-a2ef-e44461d35697@group-EF222054BC57, cid=3812, SUCCESS, logIndex=5354, commits[cb20f782-9136-4144-a2ef-e44461d35697:c5355]
2019-09-17 12:49:02,218 [grpc-default-executor-2] INFO  client.GrpcClientProtocolClient (GrpcClientProtocolClient.java:onNext(264)) - client-E41C008B94D2->cb20f782-9136-4144-a2ef-e44461d35697: receive RaftClientReply:client-E41C008B94D2->cb20f782-9136-4144-a2ef-e44461d35697@group-EF222054BC57, cid=3813, SUCCESS, logIndex=5356, commits[cb20f782-9136-4144-a2ef-e44461d35697:c5357]
2019-09-17 12:49:02,218 [grpc-default-executor-2] INFO  client.GrpcClientProtocolClient (GrpcClientProtocolClient.java:onNext(264)) - client-E41C008B94D2->cb20f782-9136-4144-a2ef-e44461d35697: receive RaftClientReply:client-E41C008B94D2->cb20f782-9136-4144-a2ef-e44461d35697@group-EF222054BC57, cid=3814, SUCCESS, logIndex=5357, commits[cb20f782-9136-4144-a2ef-e44461d35697:c5359]
2019-09-17 12:49:02,218 [grpc-default-executor-2] INFO  client.GrpcClientProtocolClient (GrpcClientProtocolClient.java:onNext(264)) - client-E41C008B94D2->cb20f782-9136-4144-a2ef-e44461d35697: receive RaftClientReply:client-E41C008B94D2->cb20f782-9136-4144-a2ef-e44461d35697@group-EF222054BC57, cid=3815, SUCCESS, logIndex=5358, commits[cb20f782-9136-4144-a2ef-e44461d35697:c5359]
2019-09-17 12:49:02,219 [grpc-default-executor-2] INFO  client.GrpcClientProtocolClient (GrpcClientProtocolClient.java:onNext(264)) - client-E41C008B94D2->cb20f782-9136-4144-a2ef-e44461d35697: receive RaftClientReply:client-E41C008B94D2->cb20f782-9136-4144-a2ef-e44461d35697@group-EF222054BC57, cid=3816, SUCCESS, logIndex=5359, commits[cb20f782-9136-4144-a2ef-e44461d35697:c5360]
2019-09-17 12:49:02,239 [SCMBlockDeletingService#0] DEBUG block.SCMBlockDeletingService (SCMBlockDeletingService.java:call(138)) - Running DeletedBlockTransactionScanner
2019-09-17 12:49:02,239 [SCMBlockDeletingService#0] DEBUG block.SCMBlockDeletingService (SCMBlockDeletingService.java:call(155)) - Scanned deleted blocks log and got 0 delTX to process.
2019-09-17 12:49:02,251 [grpc-default-executor-2] INFO  client.GrpcClientProtocolClient (GrpcClientProtocolClient.java:onNext(264)) - client-E41C008B94D2->cb20f782-9136-4144-a2ef-e44461d35697: receive RaftClientReply:client-E41C008B94D2->cb20f782-9136-4144-a2ef-e44461d35697@group-EF222054BC57, cid=3817, SUCCESS, logIndex=5362, commits[cb20f782-9136-4144-a2ef-e44461d35697:c5363]
2019-09-17 12:49:02,251 [grpc-default-executor-2] INFO  client.GrpcClientProtocolClient (GrpcClientProtocolClient.java:onNext(264)) - client-E41C008B94D2->cb20f782-9136-4144-a2ef-e44461d35697: receive RaftClientReply:client-E41C008B94D2->cb20f782-9136-4144-a2ef-e44461d35697@group-EF222054BC57, cid=3818, SUCCESS, logIndex=5363, commits[cb20f782-9136-4144-a2ef-e44461d35697:c5365]
2019-09-17 12:49:02,251 [grpc-default-executor-2] INFO  client.GrpcClientProtocolClient (GrpcClientProtocolClient.java:onNext(264)) - client-E41C008B94D2->cb20f782-9136-4144-a2ef-e44461d35697: receive RaftClientReply:client-E41C008B94D2->cb20f782-9136-4144-a2ef-e44461d35697@group-EF222054BC57, cid=3819, SUCCESS, logIndex=5364, commits[cb20f782-9136-4144-a2ef-e44461d35697:c5366]
2019-09-17 12:49:02,252 [grpc-default-executor-2] INFO  client.GrpcClientProtocolClient (GrpcClientProtocolClient.java:onNext(264)) - client-E41C008B94D2->cb20f782-9136-4144-a2ef-e44461d35697: receive RaftClientReply:client-E41C008B94D2->cb20f782-9136-4144-a2ef-e44461d35697@group-EF222054BC57, cid=3820, SUCCESS, logIndex=5365, commits[cb20f782-9136-4144-a2ef-e44461d35697:c5366]
2019-09-17 12:49:02,273 [grpc-default-executor-2] INFO  client.GrpcClientProtocolClient (GrpcClientProtocolClient.java:onNext(264)) - client-E41C008B94D2->cb20f782-9136-4144-a2ef-e44461d35697: receive RaftClientReply:client-E41C008B94D2->cb20f782-9136-4144-a2ef-e44461d35697@group-EF222054BC57, cid=3821, SUCCESS, logIndex=5368, commits[cb20f782-9136-4144-a2ef-e44461d35697:c5369]
2019-09-17 12:49:02,273 [grpc-default-executor-2] INFO  client.GrpcClientProtocolClient (GrpcClientProtocolClient.java:onNext(264)) - client-E41C008B94D2->cb20f782-9136-4144-a2ef-e44461d35697: receive RaftClientReply:client-E41C008B94D2->cb20f782-9136-4144-a2ef-e44461d35697@group-EF222054BC57, cid=3822, SUCCESS, logIndex=5369, commits[cb20f782-9136-4144-a2ef-e44461d35697:c5371]
2019-09-17 12:49:02,274 [grpc-default-executor-2] INFO  client.GrpcClientProtocolClient (GrpcClientProtocolClient.java:onNext(264)) - client-E41C008B94D2->cb20f782-9136-4144-a2ef-e44461d35697: receive RaftClientReply:client-E41C008B94D2->cb20f782-9136-4144-a2ef-e44461d35697@group-EF222054BC57, cid=3823, SUCCESS, logIndex=5370, commits[cb20f782-9136-4144-a2ef-e44461d35697:c5371]
2019-09-17 12:49:02,274 [grpc-default-executor-2] INFO  client.GrpcClientProtocolClient (GrpcClientProtocolClient.java:onNext(264)) - client-E41C008B94D2->cb20f782-9136-4144-a2ef-e44461d35697: receive RaftClientReply:client-E41C008B94D2->cb20f782-9136-4144-a2ef-e44461d35697@group-EF222054BC57, cid=3824, SUCCESS, logIndex=5371, commits[cb20f782-9136-4144-a2ef-e44461d35697:c5371]
2019-09-17 12:49:02,305 [grpc-default-executor-2] INFO  client.GrpcClientProtocolClient (GrpcClientProtocolClient.java:onNext(264)) - client-E41C008B94D2->cb20f782-9136-4144-a2ef-e44461d35697: receive RaftClientReply:client-E41C008B94D2->cb20f782-9136-4144-a2ef-e44461d35697@group-EF222054BC57, cid=3825, SUCCESS, logIndex=5374, commits[cb20f782-9136-4144-a2ef-e44461d35697:c5375]
2019-09-17 12:49:02,306 [grpc-default-executor-2] INFO  client.GrpcClientProtocolClient (GrpcClientProtocolClient.java:onNext(264)) - client-E41C008B94D2->cb20f782-9136-4144-a2ef-e44461d35697: receive RaftClientReply:client-E41C008B94D2->cb20f782-9136-4144-a2ef-e44461d35697@group-EF222054BC57, cid=3826, SUCCESS, logIndex=5375, commits[cb20f782-9136-4144-a2ef-e44461d35697:c5377]
2019-09-17 12:49:02,306 [grpc-default-executor-2] INFO  client.GrpcClientProtocolClient (GrpcClientProtocolClient.java:onNext(264)) - client-E41C008B94D2->cb20f782-9136-4144-a2ef-e44461d35697: receive RaftClientReply:client-E41C008B94D2->cb20f782-9136-4144-a2ef-e44461d35697@group-EF222054BC57, cid=3827, SUCCESS, logIndex=5376, commits[cb20f782-9136-4144-a2ef-e44461d35697:c5378]
2019-09-17 12:49:02,307 [grpc-default-executor-2] INFO  client.GrpcClientProtocolClient (GrpcClientProtocolClient.java:onNext(264)) - client-E41C008B94D2->cb20f782-9136-4144-a2ef-e44461d35697: receive RaftClientReply:client-E41C008B94D2->cb20f782-9136-4144-a2ef-e44461d35697@group-EF222054BC57, cid=3828, SUCCESS, logIndex=5377, commits[cb20f782-9136-4144-a2ef-e44461d35697:c5378]
2019-09-17 12:49:02,329 [grpc-default-executor-2] INFO  client.GrpcClientProtocolClient (GrpcClientProtocolClient.java:onNext(264)) - client-E41C008B94D2->cb20f782-9136-4144-a2ef-e44461d35697: receive RaftClientReply:client-E41C008B94D2->cb20f782-9136-4144-a2ef-e44461d35697@group-EF222054BC57, cid=3829, SUCCESS, logIndex=5380, commits[cb20f782-9136-4144-a2ef-e44461d35697:c5383]
2019-09-17 12:49:02,330 [grpc-default-executor-2] INFO  client.GrpcClientProtocolClient (GrpcClientProtocolClient.java:onNext(264)) - client-E41C008B94D2->cb20f782-9136-4144-a2ef-e44461d35697: receive RaftClientReply:client-E41C008B94D2->cb20f782-9136-4144-a2ef-e44461d35697@group-EF222054BC57, cid=3830, SUCCESS, logIndex=5381, commits[cb20f782-9136-4144-a2ef-e44461d35697:c5384]
2019-09-17 12:49:02,330 [grpc-default-executor-2] INFO  client.GrpcClientProtocolClient (GrpcClientProtocolClient.java:onNext(264)) - client-E41C008B94D2->cb20f782-9136-4144-a2ef-e44461d35697: receive RaftClientReply:client-E41C008B94D2->cb20f782-9136-4144-a2ef-e44461d35697@group-EF222054BC57, cid=3831, SUCCESS, logIndex=5382, commits[cb20f782-9136-4144-a2ef-e44461d35697:c5384]
2019-09-17 12:49:02,331 [grpc-default-executor-2] INFO  client.GrpcClientProtocolClient (GrpcClientProtocolClient.java:onNext(264)) - client-E41C008B94D2->cb20f782-9136-4144-a2ef-e44461d35697: receive RaftClientReply:client-E41C008B94D2->cb20f782-9136-4144-a2ef-e44461d35697@group-EF222054BC57, cid=3832, SUCCESS, logIndex=5383, commits[cb20f782-9136-4144-a2ef-e44461d35697:c5384]
2019-09-17 12:49:02,339 [SCMBlockDeletingService#0] DEBUG block.SCMBlockDeletingService (SCMBlockDeletingService.java:call(138)) - Running DeletedBlockTransactionScanner
2019-09-17 12:49:02,340 [SCMBlockDeletingService#0] DEBUG block.SCMBlockDeletingService (SCMBlockDeletingService.java:call(155)) - Scanned deleted blocks log and got 0 delTX to process.
2019-09-17 12:49:02,366 [grpc-default-executor-2] INFO  client.GrpcClientProtocolClient (GrpcClientProtocolClient.java:onNext(264)) - client-E41C008B94D2->cb20f782-9136-4144-a2ef-e44461d35697: receive RaftClientReply:client-E41C008B94D2->cb20f782-9136-4144-a2ef-e44461d35697@group-EF222054BC57, cid=3833, SUCCESS, logIndex=5385, commits[cb20f782-9136-4144-a2ef-e44461d35697:c5386]
2019-09-17 12:49:02,367 [grpc-default-executor-2] INFO  client.GrpcClientProtocolClient (GrpcClientProtocolClient.java:onNext(264)) - client-E41C008B94D2->cb20f782-9136-4144-a2ef-e44461d35697: receive RaftClientReply:client-E41C008B94D2->cb20f782-9136-4144-a2ef-e44461d35697@group-EF222054BC57, cid=3834, SUCCESS, logIndex=5386, commits[cb20f782-9136-4144-a2ef-e44461d35697:c5388]
2019-09-17 12:49:02,368 [grpc-default-executor-2] INFO  client.GrpcClientProtocolClient (GrpcClientProtocolClient.java:onNext(264)) - client-E41C008B94D2->cb20f782-9136-4144-a2ef-e44461d35697: receive RaftClientReply:client-E41C008B94D2->cb20f782-9136-4144-a2ef-e44461d35697@group-EF222054BC57, cid=3835, SUCCESS, logIndex=5387, commits[cb20f782-9136-4144-a2ef-e44461d35697:c5389]
2019-09-17 12:49:02,368 [grpc-default-executor-2] INFO  client.GrpcClientProtocolClient (GrpcClientProtocolClient.java:onNext(264)) - client-E41C008B94D2->cb20f782-9136-4144-a2ef-e44461d35697: receive RaftClientReply:client-E41C008B94D2->cb20f782-9136-4144-a2ef-e44461d35697@group-EF222054BC57, cid=3836, SUCCESS, logIndex=5388, commits[cb20f782-9136-4144-a2ef-e44461d35697:c5389]
2019-09-17 12:49:02,386 [grpc-default-executor-2] INFO  client.GrpcClientProtocolClient (GrpcClientProtocolClient.java:onNext(264)) - client-E41C008B94D2->cb20f782-9136-4144-a2ef-e44461d35697: receive RaftClientReply:client-E41C008B94D2->cb20f782-9136-4144-a2ef-e44461d35697@group-EF222054BC57, cid=3837, SUCCESS, logIndex=5391, commits[cb20f782-9136-4144-a2ef-e44461d35697:c5394]
2019-09-17 12:49:02,387 [grpc-default-executor-2] INFO  client.GrpcClientProtocolClient (GrpcClientProtocolClient.java:onNext(264)) - client-E41C008B94D2->cb20f782-9136-4144-a2ef-e44461d35697: receive RaftClientReply:client-E41C008B94D2->cb20f782-9136-4144-a2ef-e44461d35697@group-EF222054BC57, cid=3838, SUCCESS, logIndex=5392, commits[cb20f782-9136-4144-a2ef-e44461d35697:c5394]
2019-09-17 12:49:02,387 [grpc-default-executor-2] INFO  client.GrpcClientProtocolClient (GrpcClientProtocolClient.java:onNext(264)) - client-E41C008B94D2->cb20f782-9136-4144-a2ef-e44461d35697: receive RaftClientReply:client-E41C008B94D2->cb20f782-9136-4144-a2ef-e44461d35697@group-EF222054BC57, cid=3839, SUCCESS, logIndex=5393, commits[cb20f782-9136-4144-a2ef-e44461d35697:c5395]
2019-09-17 12:49:02,387 [grpc-default-executor-2] INFO  client.GrpcClientProtocolClient (GrpcClientProtocolClient.java:onNext(264)) - client-E41C008B94D2->cb20f782-9136-4144-a2ef-e44461d35697: receive RaftClientReply:client-E41C008B94D2->cb20f782-9136-4144-a2ef-e44461d35697@group-EF222054BC57, cid=3840, SUCCESS, logIndex=5394, commits[cb20f782-9136-4144-a2ef-e44461d35697:c5395]
2019-09-17 12:49:02,422 [grpc-default-executor-2] INFO  client.GrpcClientProtocolClient (GrpcClientProtocolClient.java:onNext(264)) - client-E41C008B94D2->cb20f782-9136-4144-a2ef-e44461d35697: receive RaftClientReply:client-E41C008B94D2->cb20f782-9136-4144-a2ef-e44461d35697@group-EF222054BC57, cid=3841, SUCCESS, logIndex=5397, commits[cb20f782-9136-4144-a2ef-e44461d35697:c5398]
2019-09-17 12:49:02,423 [grpc-default-executor-2] INFO  client.GrpcClientProtocolClient (GrpcClientProtocolClient.java:onNext(264)) - client-E41C008B94D2->cb20f782-9136-4144-a2ef-e44461d35697: receive RaftClientReply:client-E41C008B94D2->cb20f782-9136-4144-a2ef-e44461d35697@group-EF222054BC57, cid=3842, SUCCESS, logIndex=5398, commits[cb20f782-9136-4144-a2ef-e44461d35697:c5400]
2019-09-17 12:49:02,423 [grpc-default-executor-2] INFO  client.GrpcClientProtocolClient (GrpcClientProtocolClient.java:onNext(264)) - client-E41C008B94D2->cb20f782-9136-4144-a2ef-e44461d35697: receive RaftClientReply:client-E41C008B94D2->cb20f782-9136-4144-a2ef-e44461d35697@group-EF222054BC57, cid=3843, SUCCESS, logIndex=5399, commits[cb20f782-9136-4144-a2ef-e44461d35697:c5401]
2019-09-17 12:49:02,424 [grpc-default-executor-2] INFO  client.GrpcClientProtocolClient (GrpcClientProtocolClient.java:onNext(264)) - client-E41C008B94D2->cb20f782-9136-4144-a2ef-e44461d35697: receive RaftClientReply:client-E41C008B94D2->cb20f782-9136-4144-a2ef-e44461d35697@group-EF222054BC57, cid=3844, SUCCESS, logIndex=5400, commits[cb20f782-9136-4144-a2ef-e44461d35697:c5401]
2019-09-17 12:49:02,579 [SCMBlockDeletingService#0] DEBUG block.SCMBlockDeletingService (SCMBlockDeletingService.java:call(138)) - Running DeletedBlockTransactionScanner
2019-09-17 12:49:02,580 [SCMBlockDeletingService#0] DEBUG block.SCMBlockDeletingService (SCMBlockDeletingService.java:call(155)) - Scanned deleted blocks log and got 0 delTX to process.
2019-09-17 12:49:02,680 [SCMBlockDeletingService#0] DEBUG block.SCMBlockDeletingService (SCMBlockDeletingService.java:call(138)) - Running DeletedBlockTransactionScanner
2019-09-17 12:49:02,681 [SCMBlockDeletingService#0] DEBUG block.SCMBlockDeletingService (SCMBlockDeletingService.java:call(155)) - Scanned deleted blocks log and got 0 delTX to process.
2019-09-17 12:49:02,781 [SCMBlockDeletingService#0] DEBUG block.SCMBlockDeletingService (SCMBlockDeletingService.java:call(138)) - Running DeletedBlockTransactionScanner
2019-09-17 12:49:02,781 [SCMBlockDeletingService#0] DEBUG block.SCMBlockDeletingService (SCMBlockDeletingService.java:call(155)) - Scanned deleted blocks log and got 0 delTX to process.
2019-09-17 12:49:02,806 [grpc-default-executor-2] INFO  client.GrpcClientProtocolClient (GrpcClientProtocolClient.java:onNext(264)) - client-E41C008B94D2->cb20f782-9136-4144-a2ef-e44461d35697: receive RaftClientReply:client-E41C008B94D2->cb20f782-9136-4144-a2ef-e44461d35697@group-EF222054BC57, cid=3845, SUCCESS, logIndex=5403, commits[cb20f782-9136-4144-a2ef-e44461d35697:c5406]
2019-09-17 12:49:02,807 [grpc-default-executor-2] INFO  client.GrpcClientProtocolClient (GrpcClientProtocolClient.java:onNext(264)) - client-E41C008B94D2->cb20f782-9136-4144-a2ef-e44461d35697: receive RaftClientReply:client-E41C008B94D2->cb20f782-9136-4144-a2ef-e44461d35697@group-EF222054BC57, cid=3846, SUCCESS, logIndex=5404, commits[cb20f782-9136-4144-a2ef-e44461d35697:c5406]
2019-09-17 12:49:02,807 [grpc-default-executor-2] INFO  client.GrpcClientProtocolClient (GrpcClientProtocolClient.java:onNext(264)) - client-E41C008B94D2->cb20f782-9136-4144-a2ef-e44461d35697: receive RaftClientReply:client-E41C008B94D2->cb20f782-9136-4144-a2ef-e44461d35697@group-EF222054BC57, cid=3847, SUCCESS, logIndex=5405, commits[cb20f782-9136-4144-a2ef-e44461d35697:c5406]
2019-09-17 12:49:02,808 [grpc-default-executor-2] INFO  client.GrpcClientProtocolClient (GrpcClientProtocolClient.java:onNext(264)) - client-E41C008B94D2->cb20f782-9136-4144-a2ef-e44461d35697: receive RaftClientReply:client-E41C008B94D2->cb20f782-9136-4144-a2ef-e44461d35697@group-EF222054BC57, cid=3848, SUCCESS, logIndex=5406, commits[cb20f782-9136-4144-a2ef-e44461d35697:c5406]
2019-09-17 12:49:02,843 [grpc-default-executor-1] INFO  client.GrpcClientProtocolClient (GrpcClientProtocolClient.java:onNext(264)) - client-E41C008B94D2->cb20f782-9136-4144-a2ef-e44461d35697: receive RaftClientReply:client-E41C008B94D2->cb20f782-9136-4144-a2ef-e44461d35697@group-EF222054BC57, cid=3849, SUCCESS, logIndex=5408, commits[cb20f782-9136-4144-a2ef-e44461d35697:c5411]
2019-09-17 12:49:02,843 [grpc-default-executor-1] INFO  client.GrpcClientProtocolClient (GrpcClientProtocolClient.java:onNext(264)) - client-E41C008B94D2->cb20f782-9136-4144-a2ef-e44461d35697: receive RaftClientReply:client-E41C008B94D2->cb20f782-9136-4144-a2ef-e44461d35697@group-EF222054BC57, cid=3850, SUCCESS, logIndex=5409, commits[cb20f782-9136-4144-a2ef-e44461d35697:c5411]
2019-09-17 12:49:02,844 [grpc-default-executor-1] INFO  client.GrpcClientProtocolClient (GrpcClientProtocolClient.java:onNext(264)) - client-E41C008B94D2->cb20f782-9136-4144-a2ef-e44461d35697: receive RaftClientReply:client-E41C008B94D2->cb20f782-9136-4144-a2ef-e44461d35697@group-EF222054BC57, cid=3851, SUCCESS, logIndex=5410, commits[cb20f782-9136-4144-a2ef-e44461d35697:c5411]
2019-09-17 12:49:02,844 [grpc-default-executor-1] INFO  client.GrpcClientProtocolClient (GrpcClientProtocolClient.java:onNext(264)) - client-E41C008B94D2->cb20f782-9136-4144-a2ef-e44461d35697: receive RaftClientReply:client-E41C008B94D2->cb20f782-9136-4144-a2ef-e44461d35697@group-EF222054BC57, cid=3852, SUCCESS, logIndex=5411, commits[cb20f782-9136-4144-a2ef-e44461d35697:c5411]
2019-09-17 12:49:02,865 [grpc-default-executor-2] INFO  client.GrpcClientProtocolClient (GrpcClientProtocolClient.java:onNext(264)) - client-E41C008B94D2->cb20f782-9136-4144-a2ef-e44461d35697: receive RaftClientReply:client-E41C008B94D2->cb20f782-9136-4144-a2ef-e44461d35697@group-EF222054BC57, cid=3853, SUCCESS, logIndex=5413, commits[cb20f782-9136-4144-a2ef-e44461d35697:c5416]
2019-09-17 12:49:02,866 [grpc-default-executor-2] INFO  client.GrpcClientProtocolClient (GrpcClientProtocolClient.java:onNext(264)) - client-E41C008B94D2->cb20f782-9136-4144-a2ef-e44461d35697: receive RaftClientReply:client-E41C008B94D2->cb20f782-9136-4144-a2ef-e44461d35697@group-EF222054BC57, cid=3854, SUCCESS, logIndex=5414, commits[cb20f782-9136-4144-a2ef-e44461d35697:c5416]
2019-09-17 12:49:02,866 [grpc-default-executor-2] INFO  client.GrpcClientProtocolClient (GrpcClientProtocolClient.java:onNext(264)) - client-E41C008B94D2->cb20f782-9136-4144-a2ef-e44461d35697: receive RaftClientReply:client-E41C008B94D2->cb20f782-9136-4144-a2ef-e44461d35697@group-EF222054BC57, cid=3855, SUCCESS, logIndex=5415, commits[cb20f782-9136-4144-a2ef-e44461d35697:c5417]
2019-09-17 12:49:02,866 [grpc-default-executor-2] INFO  client.GrpcClientProtocolClient (GrpcClientProtocolClient.java:onNext(264)) - client-E41C008B94D2->cb20f782-9136-4144-a2ef-e44461d35697: receive RaftClientReply:client-E41C008B94D2->cb20f782-9136-4144-a2ef-e44461d35697@group-EF222054BC57, cid=3856, SUCCESS, logIndex=5416, commits[cb20f782-9136-4144-a2ef-e44461d35697:c5417]
2019-09-17 12:49:02,882 [SCMBlockDeletingService#0] DEBUG block.SCMBlockDeletingService (SCMBlockDeletingService.java:call(138)) - Running DeletedBlockTransactionScanner
2019-09-17 12:49:02,882 [SCMBlockDeletingService#0] DEBUG block.SCMBlockDeletingService (SCMBlockDeletingService.java:call(155)) - Scanned deleted blocks log and got 0 delTX to process.
2019-09-17 12:49:02,894 [grpc-default-executor-1] INFO  client.GrpcClientProtocolClient (GrpcClientProtocolClient.java:onNext(264)) - client-E41C008B94D2->cb20f782-9136-4144-a2ef-e44461d35697: receive RaftClientReply:client-E41C008B94D2->cb20f782-9136-4144-a2ef-e44461d35697@group-EF222054BC57, cid=3857, SUCCESS, logIndex=5418, commits[cb20f782-9136-4144-a2ef-e44461d35697:c5419]
2019-09-17 12:49:02,895 [grpc-default-executor-1] INFO  client.GrpcClientProtocolClient (GrpcClientProtocolClient.java:onNext(264)) - client-E41C008B94D2->cb20f782-9136-4144-a2ef-e44461d35697: receive RaftClientReply:client-E41C008B94D2->cb20f782-9136-4144-a2ef-e44461d35697@group-EF222054BC57, cid=3858, SUCCESS, logIndex=5419, commits[cb20f782-9136-4144-a2ef-e44461d35697:c5421]
2019-09-17 12:49:02,895 [grpc-default-executor-1] INFO  client.GrpcClientProtocolClient (GrpcClientProtocolClient.java:onNext(264)) - client-E41C008B94D2->cb20f782-9136-4144-a2ef-e44461d35697: receive RaftClientReply:client-E41C008B94D2->cb20f782-9136-4144-a2ef-e44461d35697@group-EF222054BC57, cid=3859, SUCCESS, logIndex=5420, commits[cb20f782-9136-4144-a2ef-e44461d35697:c5422]
2019-09-17 12:49:02,896 [grpc-default-executor-1] INFO  client.GrpcClientProtocolClient (GrpcClientProtocolClient.java:onNext(264)) - client-E41C008B94D2->cb20f782-9136-4144-a2ef-e44461d35697: receive RaftClientReply:client-E41C008B94D2->cb20f782-9136-4144-a2ef-e44461d35697@group-EF222054BC57, cid=3860, SUCCESS, logIndex=5421, commits[cb20f782-9136-4144-a2ef-e44461d35697:c5422]
2019-09-17 12:49:02,915 [grpc-default-executor-2] INFO  client.GrpcClientProtocolClient (GrpcClientProtocolClient.java:onNext(264)) - client-E41C008B94D2->cb20f782-9136-4144-a2ef-e44461d35697: receive RaftClientReply:client-E41C008B94D2->cb20f782-9136-4144-a2ef-e44461d35697@group-EF222054BC57, cid=3861, SUCCESS, logIndex=5424, commits[cb20f782-9136-4144-a2ef-e44461d35697:c5425]
2019-09-17 12:49:02,915 [grpc-default-executor-2] INFO  client.GrpcClientProtocolClient (GrpcClientProtocolClient.java:onNext(264)) - client-E41C008B94D2->cb20f782-9136-4144-a2ef-e44461d35697: receive RaftClientReply:client-E41C008B94D2->cb20f782-9136-4144-a2ef-e44461d35697@group-EF222054BC57, cid=3862, SUCCESS, logIndex=5425, commits[cb20f782-9136-4144-a2ef-e44461d35697:c5427]
2019-09-17 12:49:02,916 [grpc-default-executor-2] INFO  client.GrpcClientProtocolClient (GrpcClientProtocolClient.java:onNext(264)) - client-E41C008B94D2->cb20f782-9136-4144-a2ef-e44461d35697: receive RaftClientReply:client-E41C008B94D2->cb20f782-9136-4144-a2ef-e44461d35697@group-EF222054BC57, cid=3863, SUCCESS, logIndex=5426, commits[cb20f782-9136-4144-a2ef-e44461d35697:c5428]
2019-09-17 12:49:02,916 [grpc-default-executor-2] INFO  client.GrpcClientProtocolClient (GrpcClientProtocolClient.java:onNext(264)) - client-E41C008B94D2->cb20f782-9136-4144-a2ef-e44461d35697: receive RaftClientReply:client-E41C008B94D2->cb20f782-9136-4144-a2ef-e44461d35697@group-EF222054BC57, cid=3864, SUCCESS, logIndex=5427, commits[cb20f782-9136-4144-a2ef-e44461d35697:c5428]
2019-09-17 12:49:02,946 [grpc-default-executor-2] INFO  client.GrpcClientProtocolClient (GrpcClientProtocolClient.java:onNext(264)) - client-E41C008B94D2->cb20f782-9136-4144-a2ef-e44461d35697: receive RaftClientReply:client-E41C008B94D2->cb20f782-9136-4144-a2ef-e44461d35697@group-EF222054BC57, cid=3865, SUCCESS, logIndex=5430, commits[cb20f782-9136-4144-a2ef-e44461d35697:c5431]
2019-09-17 12:49:02,946 [grpc-default-executor-2] INFO  client.GrpcClientProtocolClient (GrpcClientProtocolClient.java:onNext(264)) - client-E41C008B94D2->cb20f782-9136-4144-a2ef-e44461d35697: receive RaftClientReply:client-E41C008B94D2->cb20f782-9136-4144-a2ef-e44461d35697@group-EF222054BC57, cid=3866, SUCCESS, logIndex=5431, commits[cb20f782-9136-4144-a2ef-e44461d35697:c5433]
2019-09-17 12:49:02,946 [grpc-default-executor-2] INFO  client.GrpcClientProtocolClient (GrpcClientProtocolClient.java:onNext(264)) - client-E41C008B94D2->cb20f782-9136-4144-a2ef-e44461d35697: receive RaftClientReply:client-E41C008B94D2->cb20f782-9136-4144-a2ef-e44461d35697@group-EF222054BC57, cid=3867, SUCCESS, logIndex=5432, commits[cb20f782-9136-4144-a2ef-e44461d35697:c5434]
2019-09-17 12:49:02,947 [grpc-default-executor-2] INFO  client.GrpcClientProtocolClient (GrpcClientProtocolClient.java:onNext(264)) - client-E41C008B94D2->cb20f782-9136-4144-a2ef-e44461d35697: receive RaftClientReply:client-E41C008B94D2->cb20f782-9136-4144-a2ef-e44461d35697@group-EF222054BC57, cid=3868, SUCCESS, logIndex=5433, commits[cb20f782-9136-4144-a2ef-e44461d35697:c5434]
2019-09-17 12:49:02,965 [grpc-default-executor-2] INFO  client.GrpcClientProtocolClient (GrpcClientProtocolClient.java:onNext(264)) - client-E41C008B94D2->cb20f782-9136-4144-a2ef-e44461d35697: receive RaftClientReply:client-E41C008B94D2->cb20f782-9136-4144-a2ef-e44461d35697@group-EF222054BC57, cid=3869, SUCCESS, logIndex=5436, commits[cb20f782-9136-4144-a2ef-e44461d35697:c5437]
2019-09-17 12:49:02,966 [grpc-default-executor-2] INFO  client.GrpcClientProtocolClient (GrpcClientProtocolClient.java:onNext(264)) - client-E41C008B94D2->cb20f782-9136-4144-a2ef-e44461d35697: receive RaftClientReply:client-E41C008B94D2->cb20f782-9136-4144-a2ef-e44461d35697@group-EF222054BC57, cid=3870, SUCCESS, logIndex=5437, commits[cb20f782-9136-4144-a2ef-e44461d35697:c5439]
2019-09-17 12:49:02,966 [grpc-default-executor-2] INFO  client.GrpcClientProtocolClient (GrpcClientProtocolClient.java:onNext(264)) - client-E41C008B94D2->cb20f782-9136-4144-a2ef-e44461d35697: receive RaftClientReply:client-E41C008B94D2->cb20f782-9136-4144-a2ef-e44461d35697@group-EF222054BC57, cid=3871, SUCCESS, logIndex=5438, commits[cb20f782-9136-4144-a2ef-e44461d35697:c5439]
2019-09-17 12:49:02,966 [grpc-default-executor-2] INFO  client.GrpcClientProtocolClient (GrpcClientProtocolClient.java:onNext(264)) - client-E41C008B94D2->cb20f782-9136-4144-a2ef-e44461d35697: receive RaftClientReply:client-E41C008B94D2->cb20f782-9136-4144-a2ef-e44461d35697@group-EF222054BC57, cid=3872, SUCCESS, logIndex=5439, commits[cb20f782-9136-4144-a2ef-e44461d35697:c5440]
2019-09-17 12:49:02,982 [SCMBlockDeletingService#0] DEBUG block.SCMBlockDeletingService (SCMBlockDeletingService.java:call(138)) - Running DeletedBlockTransactionScanner
2019-09-17 12:49:02,982 [SCMBlockDeletingService#0] DEBUG block.SCMBlockDeletingService (SCMBlockDeletingService.java:call(155)) - Scanned deleted blocks log and got 0 delTX to process.
2019-09-17 12:49:02,997 [grpc-default-executor-2] INFO  client.GrpcClientProtocolClient (GrpcClientProtocolClient.java:onNext(264)) - client-E41C008B94D2->cb20f782-9136-4144-a2ef-e44461d35697: receive RaftClientReply:client-E41C008B94D2->cb20f782-9136-4144-a2ef-e44461d35697@group-EF222054BC57, cid=3873, SUCCESS, logIndex=5442, commits[cb20f782-9136-4144-a2ef-e44461d35697:c5445]
2019-09-17 12:49:02,998 [grpc-default-executor-2] INFO  client.GrpcClientProtocolClient (GrpcClientProtocolClient.java:onNext(264)) - client-E41C008B94D2->cb20f782-9136-4144-a2ef-e44461d35697: receive RaftClientReply:client-E41C008B94D2->cb20f782-9136-4144-a2ef-e44461d35697@group-EF222054BC57, cid=3874, SUCCESS, logIndex=5443, commits[cb20f782-9136-4144-a2ef-e44461d35697:c5446]
2019-09-17 12:49:02,998 [grpc-default-executor-2] INFO  client.GrpcClientProtocolClient (GrpcClientProtocolClient.java:onNext(264)) - client-E41C008B94D2->cb20f782-9136-4144-a2ef-e44461d35697: receive RaftClientReply:client-E41C008B94D2->cb20f782-9136-4144-a2ef-e44461d35697@group-EF222054BC57, cid=3875, SUCCESS, logIndex=5444, commits[cb20f782-9136-4144-a2ef-e44461d35697:c5446]
2019-09-17 12:49:02,998 [grpc-default-executor-2] INFO  client.GrpcClientProtocolClient (GrpcClientProtocolClient.java:onNext(264)) - client-E41C008B94D2->cb20f782-9136-4144-a2ef-e44461d35697: receive RaftClientReply:client-E41C008B94D2->cb20f782-9136-4144-a2ef-e44461d35697@group-EF222054BC57, cid=3876, SUCCESS, logIndex=5445, commits[cb20f782-9136-4144-a2ef-e44461d35697:c5446]
2019-09-17 12:49:03,019 [grpc-default-executor-2] INFO  client.GrpcClientProtocolClient (GrpcClientProtocolClient.java:onNext(264)) - client-E41C008B94D2->cb20f782-9136-4144-a2ef-e44461d35697: receive RaftClientReply:client-E41C008B94D2->cb20f782-9136-4144-a2ef-e44461d35697@group-EF222054BC57, cid=3877, SUCCESS, logIndex=5447, commits[cb20f782-9136-4144-a2ef-e44461d35697:c5450]
2019-09-17 12:49:03,024 [grpc-default-executor-2] INFO  client.GrpcClientProtocolClient (GrpcClientProtocolClient.java:onNext(264)) - client-E41C008B94D2->cb20f782-9136-4144-a2ef-e44461d35697: receive RaftClientReply:client-E41C008B94D2->cb20f782-9136-4144-a2ef-e44461d35697@group-EF222054BC57, cid=3878, SUCCESS, logIndex=5448, commits[cb20f782-9136-4144-a2ef-e44461d35697:c5451]
2019-09-17 12:49:03,025 [grpc-default-executor-2] INFO  client.GrpcClientProtocolClient (GrpcClientProtocolClient.java:onNext(264)) - client-E41C008B94D2->cb20f782-9136-4144-a2ef-e44461d35697: receive RaftClientReply:client-E41C008B94D2->cb20f782-9136-4144-a2ef-e44461d35697@group-EF222054BC57, cid=3879, SUCCESS, logIndex=5449, commits[cb20f782-9136-4144-a2ef-e44461d35697:c5451]
2019-09-17 12:49:03,025 [grpc-default-executor-2] INFO  client.GrpcClientProtocolClient (GrpcClientProtocolClient.java:onNext(264)) - client-E41C008B94D2->cb20f782-9136-4144-a2ef-e44461d35697: receive RaftClientReply:client-E41C008B94D2->cb20f782-9136-4144-a2ef-e44461d35697@group-EF222054BC57, cid=3880, SUCCESS, logIndex=5450, commits[cb20f782-9136-4144-a2ef-e44461d35697:c5451]
2019-09-17 12:49:03,055 [grpc-default-executor-1] INFO  client.GrpcClientProtocolClient (GrpcClientProtocolClient.java:onNext(264)) - client-E41C008B94D2->cb20f782-9136-4144-a2ef-e44461d35697: receive RaftClientReply:client-E41C008B94D2->cb20f782-9136-4144-a2ef-e44461d35697@group-EF222054BC57, cid=3881, SUCCESS, logIndex=5452, commits[cb20f782-9136-4144-a2ef-e44461d35697:c5453]
2019-09-17 12:49:03,055 [grpc-default-executor-1] INFO  client.GrpcClientProtocolClient (GrpcClientProtocolClient.java:onNext(264)) - client-E41C008B94D2->cb20f782-9136-4144-a2ef-e44461d35697: receive RaftClientReply:client-E41C008B94D2->cb20f782-9136-4144-a2ef-e44461d35697@group-EF222054BC57, cid=3882, SUCCESS, logIndex=5453, commits[cb20f782-9136-4144-a2ef-e44461d35697:c5455]
2019-09-17 12:49:03,055 [grpc-default-executor-1] INFO  client.GrpcClientProtocolClient (GrpcClientProtocolClient.java:onNext(264)) - client-E41C008B94D2->cb20f782-9136-4144-a2ef-e44461d35697: receive RaftClientReply:client-E41C008B94D2->cb20f782-9136-4144-a2ef-e44461d35697@group-EF222054BC57, cid=3883, SUCCESS, logIndex=5454, commits[cb20f782-9136-4144-a2ef-e44461d35697:c5456]
2019-09-17 12:49:03,056 [grpc-default-executor-1] INFO  client.GrpcClientProtocolClient (GrpcClientProtocolClient.java:onNext(264)) - client-E41C008B94D2->cb20f782-9136-4144-a2ef-e44461d35697: receive RaftClientReply:client-E41C008B94D2->cb20f782-9136-4144-a2ef-e44461d35697@group-EF222054BC57, cid=3884, SUCCESS, logIndex=5455, commits[cb20f782-9136-4144-a2ef-e44461d35697:c5456]
2019-09-17 12:49:03,083 [SCMBlockDeletingService#0] DEBUG block.SCMBlockDeletingService (SCMBlockDeletingService.java:call(138)) - Running DeletedBlockTransactionScanner
2019-09-17 12:49:03,083 [SCMBlockDeletingService#0] DEBUG block.SCMBlockDeletingService (SCMBlockDeletingService.java:call(155)) - Scanned deleted blocks log and got 0 delTX to process.
2019-09-17 12:49:03,088 [grpc-default-executor-1] INFO  client.GrpcClientProtocolClient (GrpcClientProtocolClient.java:onNext(264)) - client-E41C008B94D2->cb20f782-9136-4144-a2ef-e44461d35697: receive RaftClientReply:client-E41C008B94D2->cb20f782-9136-4144-a2ef-e44461d35697@group-EF222054BC57, cid=3885, SUCCESS, logIndex=5458, commits[cb20f782-9136-4144-a2ef-e44461d35697:c5459]
2019-09-17 12:49:03,088 [grpc-default-executor-1] INFO  client.GrpcClientProtocolClient (GrpcClientProtocolClient.java:onNext(264)) - client-E41C008B94D2->cb20f782-9136-4144-a2ef-e44461d35697: receive RaftClientReply:client-E41C008B94D2->cb20f782-9136-4144-a2ef-e44461d35697@group-EF222054BC57, cid=3886, SUCCESS, logIndex=5459, commits[cb20f782-9136-4144-a2ef-e44461d35697:c5459]
2019-09-17 12:49:03,089 [grpc-default-executor-1] INFO  client.GrpcClientProtocolClient (GrpcClientProtocolClient.java:onNext(264)) - client-E41C008B94D2->cb20f782-9136-4144-a2ef-e44461d35697: receive RaftClientReply:client-E41C008B94D2->cb20f782-9136-4144-a2ef-e44461d35697@group-EF222054BC57, cid=3887, SUCCESS, logIndex=5460, commits[cb20f782-9136-4144-a2ef-e44461d35697:c5461]
2019-09-17 12:49:03,089 [grpc-default-executor-1] INFO  client.GrpcClientProtocolClient (GrpcClientProtocolClient.java:onNext(264)) - client-E41C008B94D2->cb20f782-9136-4144-a2ef-e44461d35697: receive RaftClientReply:client-E41C008B94D2->cb20f782-9136-4144-a2ef-e44461d35697@group-EF222054BC57, cid=3888, SUCCESS, logIndex=5461, commits[cb20f782-9136-4144-a2ef-e44461d35697:c5462]
2019-09-17 12:49:03,117 [grpc-default-executor-2] INFO  client.GrpcClientProtocolClient (GrpcClientProtocolClient.java:onNext(264)) - client-E41C008B94D2->cb20f782-9136-4144-a2ef-e44461d35697: receive RaftClientReply:client-E41C008B94D2->cb20f782-9136-4144-a2ef-e44461d35697@group-EF222054BC57, cid=3889, SUCCESS, logIndex=5464, commits[cb20f782-9136-4144-a2ef-e44461d35697:c5465]
2019-09-17 12:49:03,117 [grpc-default-executor-2] INFO  client.GrpcClientProtocolClient (GrpcClientProtocolClient.java:onNext(264)) - client-E41C008B94D2->cb20f782-9136-4144-a2ef-e44461d35697: receive RaftClientReply:client-E41C008B94D2->cb20f782-9136-4144-a2ef-e44461d35697@group-EF222054BC57, cid=3890, SUCCESS, logIndex=5465, commits[cb20f782-9136-4144-a2ef-e44461d35697:c5466]
2019-09-17 12:49:03,183 [SCMBlockDeletingService#0] DEBUG block.SCMBlockDeletingService (SCMBlockDeletingService.java:call(138)) - Running DeletedBlockTransactionScanner
2019-09-17 12:49:03,183 [SCMBlockDeletingService#0] DEBUG block.SCMBlockDeletingService (SCMBlockDeletingService.java:call(155)) - Scanned deleted blocks log and got 0 delTX to process.
2019-09-17 12:49:03,204 [grpc-default-executor-1] INFO  client.GrpcClientProtocolClient (GrpcClientProtocolClient.java:onNext(264)) - client-E41C008B94D2->cb20f782-9136-4144-a2ef-e44461d35697: receive RaftClientReply:client-E41C008B94D2->cb20f782-9136-4144-a2ef-e44461d35697@group-EF222054BC57, cid=3891, SUCCESS, logIndex=5467, commits[cb20f782-9136-4144-a2ef-e44461d35697:c5468]
2019-09-17 12:49:03,205 [grpc-default-executor-1] INFO  client.GrpcClientProtocolClient (GrpcClientProtocolClient.java:onNext(264)) - client-E41C008B94D2->cb20f782-9136-4144-a2ef-e44461d35697: receive RaftClientReply:client-E41C008B94D2->cb20f782-9136-4144-a2ef-e44461d35697@group-EF222054BC57, cid=3892, SUCCESS, logIndex=5468, commits[cb20f782-9136-4144-a2ef-e44461d35697:c5468]
2019-09-17 12:49:03,224 [grpc-default-executor-1] INFO  client.GrpcClientProtocolClient (GrpcClientProtocolClient.java:onNext(264)) - client-E41C008B94D2->cb20f782-9136-4144-a2ef-e44461d35697: receive RaftClientReply:client-E41C008B94D2->cb20f782-9136-4144-a2ef-e44461d35697@group-EF222054BC57, cid=3893, SUCCESS, logIndex=5470, commits[cb20f782-9136-4144-a2ef-e44461d35697:c5473]
2019-09-17 12:49:03,225 [grpc-default-executor-1] INFO  client.GrpcClientProtocolClient (GrpcClientProtocolClient.java:onNext(264)) - client-E41C008B94D2->cb20f782-9136-4144-a2ef-e44461d35697: receive RaftClientReply:client-E41C008B94D2->cb20f782-9136-4144-a2ef-e44461d35697@group-EF222054BC57, cid=3894, SUCCESS, logIndex=5471, commits[cb20f782-9136-4144-a2ef-e44461d35697:c5474]
2019-09-17 12:49:03,225 [grpc-default-executor-1] INFO  client.GrpcClientProtocolClient (GrpcClientProtocolClient.java:onNext(264)) - client-E41C008B94D2->cb20f782-9136-4144-a2ef-e44461d35697: receive RaftClientReply:client-E41C008B94D2->cb20f782-9136-4144-a2ef-e44461d35697@group-EF222054BC57, cid=3895, SUCCESS, logIndex=5472, commits[cb20f782-9136-4144-a2ef-e44461d35697:c5474]
2019-09-17 12:49:03,225 [grpc-default-executor-1] INFO  client.GrpcClientProtocolClient (GrpcClientProtocolClient.java:onNext(264)) - client-E41C008B94D2->cb20f782-9136-4144-a2ef-e44461d35697: receive RaftClientReply:client-E41C008B94D2->cb20f782-9136-4144-a2ef-e44461d35697@group-EF222054BC57, cid=3896, SUCCESS, logIndex=5473, commits[cb20f782-9136-4144-a2ef-e44461d35697:c5474]
2019-09-17 12:49:03,256 [grpc-default-executor-1] INFO  client.GrpcClientProtocolClient (GrpcClientProtocolClient.java:onNext(264)) - client-E41C008B94D2->cb20f782-9136-4144-a2ef-e44461d35697: receive RaftClientReply:client-E41C008B94D2->cb20f782-9136-4144-a2ef-e44461d35697@group-EF222054BC57, cid=3897, SUCCESS, logIndex=5475, commits[cb20f782-9136-4144-a2ef-e44461d35697:c5478]
2019-09-17 12:49:03,256 [grpc-default-executor-1] INFO  client.GrpcClientProtocolClient (GrpcClientProtocolClient.java:onNext(264)) - client-E41C008B94D2->cb20f782-9136-4144-a2ef-e44461d35697: receive RaftClientReply:client-E41C008B94D2->cb20f782-9136-4144-a2ef-e44461d35697@group-EF222054BC57, cid=3898, SUCCESS, logIndex=5476, commits[cb20f782-9136-4144-a2ef-e44461d35697:c5479]
2019-09-17 12:49:03,256 [grpc-default-executor-1] INFO  client.GrpcClientProtocolClient (GrpcClientProtocolClient.java:onNext(264)) - client-E41C008B94D2->cb20f782-9136-4144-a2ef-e44461d35697: receive RaftClientReply:client-E41C008B94D2->cb20f782-9136-4144-a2ef-e44461d35697@group-EF222054BC57, cid=3899, SUCCESS, logIndex=5477, commits[cb20f782-9136-4144-a2ef-e44461d35697:c5479]
2019-09-17 12:49:03,256 [grpc-default-executor-1] INFO  client.GrpcClientProtocolClient (GrpcClientProtocolClient.java:onNext(264)) - client-E41C008B94D2->cb20f782-9136-4144-a2ef-e44461d35697: receive RaftClientReply:client-E41C008B94D2->cb20f782-9136-4144-a2ef-e44461d35697@group-EF222054BC57, cid=3900, SUCCESS, logIndex=5478, commits[cb20f782-9136-4144-a2ef-e44461d35697:c5479]
2019-09-17 12:49:03,274 [grpc-default-executor-1] INFO  client.GrpcClientProtocolClient (GrpcClientProtocolClient.java:onNext(264)) - client-E41C008B94D2->cb20f782-9136-4144-a2ef-e44461d35697: receive RaftClientReply:client-E41C008B94D2->cb20f782-9136-4144-a2ef-e44461d35697@group-EF222054BC57, cid=3901, SUCCESS, logIndex=5480, commits[cb20f782-9136-4144-a2ef-e44461d35697:c5481]
2019-09-17 12:49:03,275 [grpc-default-executor-1] INFO  client.GrpcClientProtocolClient (GrpcClientProtocolClient.java:onNext(264)) - client-E41C008B94D2->cb20f782-9136-4144-a2ef-e44461d35697: receive RaftClientReply:client-E41C008B94D2->cb20f782-9136-4144-a2ef-e44461d35697@group-EF222054BC57, cid=3902, SUCCESS, logIndex=5481, commits[cb20f782-9136-4144-a2ef-e44461d35697:c5483]
2019-09-17 12:49:03,276 [grpc-default-executor-1] INFO  client.GrpcClientProtocolClient (GrpcClientProtocolClient.java:onNext(264)) - client-E41C008B94D2->cb20f782-9136-4144-a2ef-e44461d35697: receive RaftClientReply:client-E41C008B94D2->cb20f782-9136-4144-a2ef-e44461d35697@group-EF222054BC57, cid=3903, SUCCESS, logIndex=5482, commits[cb20f782-9136-4144-a2ef-e44461d35697:c5484]
2019-09-17 12:49:03,276 [grpc-default-executor-1] INFO  client.GrpcClientProtocolClient (GrpcClientProtocolClient.java:onNext(264)) - client-E41C008B94D2->cb20f782-9136-4144-a2ef-e44461d35697: receive RaftClientReply:client-E41C008B94D2->cb20f782-9136-4144-a2ef-e44461d35697@group-EF222054BC57, cid=3904, SUCCESS, logIndex=5483, commits[cb20f782-9136-4144-a2ef-e44461d35697:c5484]
2019-09-17 12:49:03,284 [SCMBlockDeletingService#0] DEBUG block.SCMBlockDeletingService (SCMBlockDeletingService.java:call(138)) - Running DeletedBlockTransactionScanner
2019-09-17 12:49:03,284 [SCMBlockDeletingService#0] DEBUG block.SCMBlockDeletingService (SCMBlockDeletingService.java:call(155)) - Scanned deleted blocks log and got 0 delTX to process.
2019-09-17 12:49:03,296 [grpc-default-executor-1] INFO  segmented.SegmentedRaftLogWorker (SegmentedRaftLogWorker.java:rollLogSegment(385)) - cb20f782-9136-4144-a2ef-e44461d35697@group-EF222054BC57-SegmentedRaftLogWorker: Rolling segment log-0_5488 to index:5488
2019-09-17 12:49:03,307 [grpc-default-executor-1] INFO  client.GrpcClientProtocolClient (GrpcClientProtocolClient.java:onNext(264)) - client-E41C008B94D2->cb20f782-9136-4144-a2ef-e44461d35697: receive RaftClientReply:client-E41C008B94D2->cb20f782-9136-4144-a2ef-e44461d35697@group-EF222054BC57, cid=3905, SUCCESS, logIndex=5486, commits[cb20f782-9136-4144-a2ef-e44461d35697:c5488]
2019-09-17 12:49:03,307 [grpc-default-executor-1] INFO  client.GrpcClientProtocolClient (GrpcClientProtocolClient.java:onNext(264)) - client-E41C008B94D2->cb20f782-9136-4144-a2ef-e44461d35697: receive RaftClientReply:client-E41C008B94D2->cb20f782-9136-4144-a2ef-e44461d35697@group-EF222054BC57, cid=3906, SUCCESS, logIndex=5487, commits[cb20f782-9136-4144-a2ef-e44461d35697:c5488]
2019-09-17 12:49:03,307 [grpc-default-executor-1] INFO  client.GrpcClientProtocolClient (GrpcClientProtocolClient.java:onNext(264)) - client-E41C008B94D2->cb20f782-9136-4144-a2ef-e44461d35697: receive RaftClientReply:client-E41C008B94D2->cb20f782-9136-4144-a2ef-e44461d35697@group-EF222054BC57, cid=3907, SUCCESS, logIndex=5488, commits[cb20f782-9136-4144-a2ef-e44461d35697:c5488]
2019-09-17 12:49:03,308 [cb20f782-9136-4144-a2ef-e44461d35697@group-EF222054BC57-SegmentedRaftLogWorker] INFO  segmented.SegmentedRaftLogWorker (SegmentedRaftLogWorker.java:execute(526)) - cb20f782-9136-4144-a2ef-e44461d35697@group-EF222054BC57-SegmentedRaftLogWorker: Rolled log segment from /workdir/hadoop-ozone/integration-test/target/test-dir/MiniOzoneClusterImpl-c23a8398-3c1b-4fe5-9bc4-5abc7f29ee92/datanode-0/data/ratis/30c69085-8df5-4d18-8bee-ef222054bc57/current/log_inprogress_0 to /workdir/hadoop-ozone/integration-test/target/test-dir/MiniOzoneClusterImpl-c23a8398-3c1b-4fe5-9bc4-5abc7f29ee92/datanode-0/data/ratis/30c69085-8df5-4d18-8bee-ef222054bc57/current/log_0-5488
2019-09-17 12:49:03,373 [cb20f782-9136-4144-a2ef-e44461d35697@group-EF222054BC57-SegmentedRaftLogWorker] INFO  segmented.SegmentedRaftLogWorker (SegmentedRaftLogWorker.java:execute(569)) - cb20f782-9136-4144-a2ef-e44461d35697@group-EF222054BC57-SegmentedRaftLogWorker: created new log segment /workdir/hadoop-ozone/integration-test/target/test-dir/MiniOzoneClusterImpl-c23a8398-3c1b-4fe5-9bc4-5abc7f29ee92/datanode-0/data/ratis/30c69085-8df5-4d18-8bee-ef222054bc57/current/log_inprogress_5489
2019-09-17 12:49:03,384 [SCMBlockDeletingService#0] DEBUG block.SCMBlockDeletingService (SCMBlockDeletingService.java:call(138)) - Running DeletedBlockTransactionScanner
2019-09-17 12:49:03,386 [SCMBlockDeletingService#0] DEBUG block.SCMBlockDeletingService (SCMBlockDeletingService.java:call(155)) - Scanned deleted blocks log and got 0 delTX to process.
2019-09-17 12:49:03,388 [grpc-default-executor-1] INFO  client.GrpcClientProtocolClient (GrpcClientProtocolClient.java:onNext(264)) - client-E41C008B94D2->cb20f782-9136-4144-a2ef-e44461d35697: receive RaftClientReply:client-E41C008B94D2->cb20f782-9136-4144-a2ef-e44461d35697@group-EF222054BC57, cid=3908, SUCCESS, logIndex=5489, commits[cb20f782-9136-4144-a2ef-e44461d35697:c5490]
2019-09-17 12:49:03,410 [grpc-default-executor-1] INFO  client.GrpcClientProtocolClient (GrpcClientProtocolClient.java:onNext(264)) - client-E41C008B94D2->cb20f782-9136-4144-a2ef-e44461d35697: receive RaftClientReply:client-E41C008B94D2->cb20f782-9136-4144-a2ef-e44461d35697@group-EF222054BC57, cid=3909, SUCCESS, logIndex=5491, commits[cb20f782-9136-4144-a2ef-e44461d35697:c5494]
2019-09-17 12:49:03,410 [grpc-default-executor-1] INFO  client.GrpcClientProtocolClient (GrpcClientProtocolClient.java:onNext(264)) - client-E41C008B94D2->cb20f782-9136-4144-a2ef-e44461d35697: receive RaftClientReply:client-E41C008B94D2->cb20f782-9136-4144-a2ef-e44461d35697@group-EF222054BC57, cid=3910, SUCCESS, logIndex=5492, commits[cb20f782-9136-4144-a2ef-e44461d35697:c5495]
2019-09-17 12:49:03,411 [grpc-default-executor-1] INFO  client.GrpcClientProtocolClient (GrpcClientProtocolClient.java:onNext(264)) - client-E41C008B94D2->cb20f782-9136-4144-a2ef-e44461d35697: receive RaftClientReply:client-E41C008B94D2->cb20f782-9136-4144-a2ef-e44461d35697@group-EF222054BC57, cid=3911, SUCCESS, logIndex=5493, commits[cb20f782-9136-4144-a2ef-e44461d35697:c5495]
2019-09-17 12:49:03,411 [grpc-default-executor-1] INFO  client.GrpcClientProtocolClient (GrpcClientProtocolClient.java:onNext(264)) - client-E41C008B94D2->cb20f782-9136-4144-a2ef-e44461d35697: receive RaftClientReply:client-E41C008B94D2->cb20f782-9136-4144-a2ef-e44461d35697@group-EF222054BC57, cid=3912, SUCCESS, logIndex=5494, commits[cb20f782-9136-4144-a2ef-e44461d35697:c5495]
2019-09-17 12:49:03,443 [grpc-default-executor-1] INFO  client.GrpcClientProtocolClient (GrpcClientProtocolClient.java:onNext(264)) - client-E41C008B94D2->cb20f782-9136-4144-a2ef-e44461d35697: receive RaftClientReply:client-E41C008B94D2->cb20f782-9136-4144-a2ef-e44461d35697@group-EF222054BC57, cid=3913, SUCCESS, logIndex=5496, commits[cb20f782-9136-4144-a2ef-e44461d35697:c5499]
2019-09-17 12:49:03,444 [grpc-default-executor-1] INFO  client.GrpcClientProtocolClient (GrpcClientProtocolClient.java:onNext(264)) - client-E41C008B94D2->cb20f782-9136-4144-a2ef-e44461d35697: receive RaftClientReply:client-E41C008B94D2->cb20f782-9136-4144-a2ef-e44461d35697@group-EF222054BC57, cid=3914, SUCCESS, logIndex=5497, commits[cb20f782-9136-4144-a2ef-e44461d35697:c5499]
2019-09-17 12:49:03,444 [grpc-default-executor-1] INFO  client.GrpcClientProtocolClient (GrpcClientProtocolClient.java:onNext(264)) - client-E41C008B94D2->cb20f782-9136-4144-a2ef-e44461d35697: receive RaftClientReply:client-E41C008B94D2->cb20f782-9136-4144-a2ef-e44461d35697@group-EF222054BC57, cid=3915, SUCCESS, logIndex=5498, commits[cb20f782-9136-4144-a2ef-e44461d35697:c5499]
2019-09-17 12:49:03,445 [grpc-default-executor-1] INFO  client.GrpcClientProtocolClient (GrpcClientProtocolClient.java:onNext(264)) - client-E41C008B94D2->cb20f782-9136-4144-a2ef-e44461d35697: receive RaftClientReply:client-E41C008B94D2->cb20f782-9136-4144-a2ef-e44461d35697@group-EF222054BC57, cid=3916, SUCCESS, logIndex=5499, commits[cb20f782-9136-4144-a2ef-e44461d35697:c5500]
2019-09-17 12:49:03,465 [grpc-default-executor-1] INFO  client.GrpcClientProtocolClient (GrpcClientProtocolClient.java:onNext(264)) - client-E41C008B94D2->cb20f782-9136-4144-a2ef-e44461d35697: receive RaftClientReply:client-E41C008B94D2->cb20f782-9136-4144-a2ef-e44461d35697@group-EF222054BC57, cid=3917, SUCCESS, logIndex=5501, commits[cb20f782-9136-4144-a2ef-e44461d35697:c5504]
2019-09-17 12:49:03,466 [grpc-default-executor-1] INFO  client.GrpcClientProtocolClient (GrpcClientProtocolClient.java:onNext(264)) - client-E41C008B94D2->cb20f782-9136-4144-a2ef-e44461d35697: receive RaftClientReply:client-E41C008B94D2->cb20f782-9136-4144-a2ef-e44461d35697@group-EF222054BC57, cid=3918, SUCCESS, logIndex=5502, commits[cb20f782-9136-4144-a2ef-e44461d35697:c5504]
2019-09-17 12:49:03,466 [grpc-default-executor-1] INFO  client.GrpcClientProtocolClient (GrpcClientProtocolClient.java:onNext(264)) - client-E41C008B94D2->cb20f782-9136-4144-a2ef-e44461d35697: receive RaftClientReply:client-E41C008B94D2->cb20f782-9136-4144-a2ef-e44461d35697@group-EF222054BC57, cid=3919, SUCCESS, logIndex=5503, commits[cb20f782-9136-4144-a2ef-e44461d35697:c5504]
2019-09-17 12:49:03,466 [grpc-default-executor-1] INFO  client.GrpcClientProtocolClient (GrpcClientProtocolClient.java:onNext(264)) - client-E41C008B94D2->cb20f782-9136-4144-a2ef-e44461d35697: receive RaftClientReply:client-E41C008B94D2->cb20f782-9136-4144-a2ef-e44461d35697@group-EF222054BC57, cid=3920, SUCCESS, logIndex=5504, commits[cb20f782-9136-4144-a2ef-e44461d35697:c5504]
2019-09-17 12:49:03,487 [SCMBlockDeletingService#0] DEBUG block.SCMBlockDeletingService (SCMBlockDeletingService.java:call(138)) - Running DeletedBlockTransactionScanner
2019-09-17 12:49:03,488 [SCMBlockDeletingService#0] DEBUG block.SCMBlockDeletingService (SCMBlockDeletingService.java:call(155)) - Scanned deleted blocks log and got 0 delTX to process.
2019-09-17 12:49:03,500 [grpc-default-executor-2] INFO  client.GrpcClientProtocolClient (GrpcClientProtocolClient.java:onNext(264)) - client-E41C008B94D2->cb20f782-9136-4144-a2ef-e44461d35697: receive RaftClientReply:client-E41C008B94D2->cb20f782-9136-4144-a2ef-e44461d35697@group-EF222054BC57, cid=3921, SUCCESS, logIndex=5506, commits[cb20f782-9136-4144-a2ef-e44461d35697:c5509]
2019-09-17 12:49:03,501 [grpc-default-executor-2] INFO  client.GrpcClientProtocolClient (GrpcClientProtocolClient.java:onNext(264)) - client-E41C008B94D2->cb20f782-9136-4144-a2ef-e44461d35697: receive RaftClientReply:client-E41C008B94D2->cb20f782-9136-4144-a2ef-e44461d35697@group-EF222054BC57, cid=3922, SUCCESS, logIndex=5507, commits[cb20f782-9136-4144-a2ef-e44461d35697:c5509]
2019-09-17 12:49:03,502 [grpc-default-executor-2] INFO  client.GrpcClientProtocolClient (GrpcClientProtocolClient.java:onNext(264)) - client-E41C008B94D2->cb20f782-9136-4144-a2ef-e44461d35697: receive RaftClientReply:client-E41C008B94D2->cb20f782-9136-4144-a2ef-e44461d35697@group-EF222054BC57, cid=3923, SUCCESS, logIndex=5508, commits[cb20f782-9136-4144-a2ef-e44461d35697:c5509]
2019-09-17 12:49:03,502 [grpc-default-executor-2] INFO  client.GrpcClientProtocolClient (GrpcClientProtocolClient.java:onNext(264)) - client-E41C008B94D2->cb20f782-9136-4144-a2ef-e44461d35697: receive RaftClientReply:client-E41C008B94D2->cb20f782-9136-4144-a2ef-e44461d35697@group-EF222054BC57, cid=3924, SUCCESS, logIndex=5509, commits[cb20f782-9136-4144-a2ef-e44461d35697:c5509]
2019-09-17 12:49:03,512 [grpc-default-executor-2] INFO  client.GrpcClientProtocolClient (GrpcClientProtocolClient.java:onNext(264)) - client-E41C008B94D2->cb20f782-9136-4144-a2ef-e44461d35697: receive RaftClientReply:client-E41C008B94D2->cb20f782-9136-4144-a2ef-e44461d35697@group-EF222054BC57, cid=3925, SUCCESS, logIndex=5511, commits[cb20f782-9136-4144-a2ef-e44461d35697:c5514]
2019-09-17 12:49:03,512 [grpc-default-executor-2] INFO  client.GrpcClientProtocolClient (GrpcClientProtocolClient.java:onNext(264)) - client-E41C008B94D2->cb20f782-9136-4144-a2ef-e44461d35697: receive RaftClientReply:client-E41C008B94D2->cb20f782-9136-4144-a2ef-e44461d35697@group-EF222054BC57, cid=3926, SUCCESS, logIndex=5512, commits[cb20f782-9136-4144-a2ef-e44461d35697:c5515]
2019-09-17 12:49:03,512 [grpc-default-executor-2] INFO  client.GrpcClientProtocolClient (GrpcClientProtocolClient.java:onNext(264)) - client-E41C008B94D2->cb20f782-9136-4144-a2ef-e44461d35697: receive RaftClientReply:client-E41C008B94D2->cb20f782-9136-4144-a2ef-e44461d35697@group-EF222054BC57, cid=3927, SUCCESS, logIndex=5513, commits[cb20f782-9136-4144-a2ef-e44461d35697:c5515]
2019-09-17 12:49:03,512 [grpc-default-executor-2] INFO  client.GrpcClientProtocolClient (GrpcClientProtocolClient.java:onNext(264)) - client-E41C008B94D2->cb20f782-9136-4144-a2ef-e44461d35697: receive RaftClientReply:client-E41C008B94D2->cb20f782-9136-4144-a2ef-e44461d35697@group-EF222054BC57, cid=3928, SUCCESS, logIndex=5514, commits[cb20f782-9136-4144-a2ef-e44461d35697:c5515]
2019-09-17 12:49:03,543 [grpc-default-executor-1] INFO  client.GrpcClientProtocolClient (GrpcClientProtocolClient.java:onNext(264)) - client-E41C008B94D2->cb20f782-9136-4144-a2ef-e44461d35697: receive RaftClientReply:client-E41C008B94D2->cb20f782-9136-4144-a2ef-e44461d35697@group-EF222054BC57, cid=3929, SUCCESS, logIndex=5516, commits[cb20f782-9136-4144-a2ef-e44461d35697:c5519]
2019-09-17 12:49:03,544 [grpc-default-executor-1] INFO  client.GrpcClientProtocolClient (GrpcClientProtocolClient.java:onNext(264)) - client-E41C008B94D2->cb20f782-9136-4144-a2ef-e44461d35697: receive RaftClientReply:client-E41C008B94D2->cb20f782-9136-4144-a2ef-e44461d35697@group-EF222054BC57, cid=3930, SUCCESS, logIndex=5517, commits[cb20f782-9136-4144-a2ef-e44461d35697:c5519]
2019-09-17 12:49:03,544 [grpc-default-executor-1] INFO  client.GrpcClientProtocolClient (GrpcClientProtocolClient.java:onNext(264)) - client-E41C008B94D2->cb20f782-9136-4144-a2ef-e44461d35697: receive RaftClientReply:client-E41C008B94D2->cb20f782-9136-4144-a2ef-e44461d35697@group-EF222054BC57, cid=3931, SUCCESS, logIndex=5518, commits[cb20f782-9136-4144-a2ef-e44461d35697:c5520]
2019-09-17 12:49:03,545 [grpc-default-executor-1] INFO  client.GrpcClientProtocolClient (GrpcClientProtocolClient.java:onNext(264)) - client-E41C008B94D2->cb20f782-9136-4144-a2ef-e44461d35697: receive RaftClientReply:client-E41C008B94D2->cb20f782-9136-4144-a2ef-e44461d35697@group-EF222054BC57, cid=3932, SUCCESS, logIndex=5519, commits[cb20f782-9136-4144-a2ef-e44461d35697:c5520]
2019-09-17 12:49:03,695 [grpc-default-executor-1] INFO  client.GrpcClientProtocolClient (GrpcClientProtocolClient.java:onNext(264)) - client-E41C008B94D2->cb20f782-9136-4144-a2ef-e44461d35697: receive RaftClientReply:client-E41C008B94D2->cb20f782-9136-4144-a2ef-e44461d35697@group-EF222054BC57, cid=3933, SUCCESS, logIndex=5522, commits[cb20f782-9136-4144-a2ef-e44461d35697:c5523]
2019-09-17 12:49:03,695 [SCMBlockDeletingService#0] DEBUG block.SCMBlockDeletingService (SCMBlockDeletingService.java:call(138)) - Running DeletedBlockTransactionScanner
2019-09-17 12:49:03,696 [SCMBlockDeletingService#0] DEBUG block.SCMBlockDeletingService (SCMBlockDeletingService.java:call(155)) - Scanned deleted blocks log and got 0 delTX to process.
2019-09-17 12:49:03,696 [grpc-default-executor-1] INFO  client.GrpcClientProtocolClient (GrpcClientProtocolClient.java:onNext(264)) - client-E41C008B94D2->cb20f782-9136-4144-a2ef-e44461d35697: receive RaftClientReply:client-E41C008B94D2->cb20f782-9136-4144-a2ef-e44461d35697@group-EF222054BC57, cid=3934, SUCCESS, logIndex=5523, commits[cb20f782-9136-4144-a2ef-e44461d35697:c5524]
2019-09-17 12:49:03,796 [SCMBlockDeletingService#0] DEBUG block.SCMBlockDeletingService (SCMBlockDeletingService.java:call(138)) - Running DeletedBlockTransactionScanner
2019-09-17 12:49:03,796 [SCMBlockDeletingService#0] DEBUG block.SCMBlockDeletingService (SCMBlockDeletingService.java:call(155)) - Scanned deleted blocks log and got 0 delTX to process.
2019-09-17 12:49:03,830 [grpc-default-executor-2] INFO  client.GrpcClientProtocolClient (GrpcClientProtocolClient.java:onNext(264)) - client-E41C008B94D2->cb20f782-9136-4144-a2ef-e44461d35697: receive RaftClientReply:client-E41C008B94D2->cb20f782-9136-4144-a2ef-e44461d35697@group-EF222054BC57, cid=3935, SUCCESS, logIndex=5525, commits[cb20f782-9136-4144-a2ef-e44461d35697:c5526]
2019-09-17 12:49:03,830 [grpc-default-executor-2] INFO  client.GrpcClientProtocolClient (GrpcClientProtocolClient.java:onNext(264)) - client-E41C008B94D2->cb20f782-9136-4144-a2ef-e44461d35697: receive RaftClientReply:client-E41C008B94D2->cb20f782-9136-4144-a2ef-e44461d35697@group-EF222054BC57, cid=3936, SUCCESS, logIndex=5526, commits[cb20f782-9136-4144-a2ef-e44461d35697:c5527]
2019-09-17 12:49:03,858 [grpc-default-executor-2] INFO  client.GrpcClientProtocolClient (GrpcClientProtocolClient.java:onNext(264)) - client-E41C008B94D2->cb20f782-9136-4144-a2ef-e44461d35697: receive RaftClientReply:client-E41C008B94D2->cb20f782-9136-4144-a2ef-e44461d35697@group-EF222054BC57, cid=3937, SUCCESS, logIndex=5528, commits[cb20f782-9136-4144-a2ef-e44461d35697:c5531]
2019-09-17 12:49:03,859 [grpc-default-executor-2] INFO  client.GrpcClientProtocolClient (GrpcClientProtocolClient.java:onNext(264)) - client-E41C008B94D2->cb20f782-9136-4144-a2ef-e44461d35697: receive RaftClientReply:client-E41C008B94D2->cb20f782-9136-4144-a2ef-e44461d35697@group-EF222054BC57, cid=3938, SUCCESS, logIndex=5529, commits[cb20f782-9136-4144-a2ef-e44461d35697:c5531]
2019-09-17 12:49:03,859 [grpc-default-executor-2] INFO  client.GrpcClientProtocolClient (GrpcClientProtocolClient.java:onNext(264)) - client-E41C008B94D2->cb20f782-9136-4144-a2ef-e44461d35697: receive RaftClientReply:client-E41C008B94D2->cb20f782-9136-4144-a2ef-e44461d35697@group-EF222054BC57, cid=3939, SUCCESS, logIndex=5530, commits[cb20f782-9136-4144-a2ef-e44461d35697:c5532]
2019-09-17 12:49:03,859 [grpc-default-executor-2] INFO  client.GrpcClientProtocolClient (GrpcClientProtocolClient.java:onNext(264)) - client-E41C008B94D2->cb20f782-9136-4144-a2ef-e44461d35697: receive RaftClientReply:client-E41C008B94D2->cb20f782-9136-4144-a2ef-e44461d35697@group-EF222054BC57, cid=3940, SUCCESS, logIndex=5531, commits[cb20f782-9136-4144-a2ef-e44461d35697:c5532]
2019-09-17 12:49:03,880 [grpc-default-executor-2] INFO  client.GrpcClientProtocolClient (GrpcClientProtocolClient.java:onNext(264)) - client-E41C008B94D2->cb20f782-9136-4144-a2ef-e44461d35697: receive RaftClientReply:client-E41C008B94D2->cb20f782-9136-4144-a2ef-e44461d35697@group-EF222054BC57, cid=3941, SUCCESS, logIndex=5533, commits[cb20f782-9136-4144-a2ef-e44461d35697:c5536]
2019-09-17 12:49:03,880 [grpc-default-executor-2] INFO  client.GrpcClientProtocolClient (GrpcClientProtocolClient.java:onNext(264)) - client-E41C008B94D2->cb20f782-9136-4144-a2ef-e44461d35697: receive RaftClientReply:client-E41C008B94D2->cb20f782-9136-4144-a2ef-e44461d35697@group-EF222054BC57, cid=3942, SUCCESS, logIndex=5534, commits[cb20f782-9136-4144-a2ef-e44461d35697:c5536]
2019-09-17 12:49:03,881 [grpc-default-executor-2] INFO  client.GrpcClientProtocolClient (GrpcClientProtocolClient.java:onNext(264)) - client-E41C008B94D2->cb20f782-9136-4144-a2ef-e44461d35697: receive RaftClientReply:client-E41C008B94D2->cb20f782-9136-4144-a2ef-e44461d35697@group-EF222054BC57, cid=3943, SUCCESS, logIndex=5535, commits[cb20f782-9136-4144-a2ef-e44461d35697:c5536]
2019-09-17 12:49:03,881 [grpc-default-executor-2] INFO  client.GrpcClientProtocolClient (GrpcClientProtocolClient.java:onNext(264)) - client-E41C008B94D2->cb20f782-9136-4144-a2ef-e44461d35697: receive RaftClientReply:client-E41C008B94D2->cb20f782-9136-4144-a2ef-e44461d35697@group-EF222054BC57, cid=3944, SUCCESS, logIndex=5536, commits[cb20f782-9136-4144-a2ef-e44461d35697:c5537]
2019-09-17 12:49:03,897 [SCMBlockDeletingService#0] DEBUG block.SCMBlockDeletingService (SCMBlockDeletingService.java:call(138)) - Running DeletedBlockTransactionScanner
2019-09-17 12:49:03,897 [SCMBlockDeletingService#0] DEBUG block.SCMBlockDeletingService (SCMBlockDeletingService.java:call(155)) - Scanned deleted blocks log and got 0 delTX to process.
2019-09-17 12:49:03,911 [grpc-default-executor-2] INFO  client.GrpcClientProtocolClient (GrpcClientProtocolClient.java:onNext(264)) - client-E41C008B94D2->cb20f782-9136-4144-a2ef-e44461d35697: receive RaftClientReply:client-E41C008B94D2->cb20f782-9136-4144-a2ef-e44461d35697@group-EF222054BC57, cid=3945, SUCCESS, logIndex=5538, commits[cb20f782-9136-4144-a2ef-e44461d35697:c5541]
2019-09-17 12:49:03,912 [grpc-default-executor-2] INFO  client.GrpcClientProtocolClient (GrpcClientProtocolClient.java:onNext(264)) - client-E41C008B94D2->cb20f782-9136-4144-a2ef-e44461d35697: receive RaftClientReply:client-E41C008B94D2->cb20f782-9136-4144-a2ef-e44461d35697@group-EF222054BC57, cid=3946, SUCCESS, logIndex=5539, commits[cb20f782-9136-4144-a2ef-e44461d35697:c5541]
2019-09-17 12:49:03,912 [grpc-default-executor-2] INFO  client.GrpcClientProtocolClient (GrpcClientProtocolClient.java:onNext(264)) - client-E41C008B94D2->cb20f782-9136-4144-a2ef-e44461d35697: receive RaftClientReply:client-E41C008B94D2->cb20f782-9136-4144-a2ef-e44461d35697@group-EF222054BC57, cid=3947, SUCCESS, logIndex=5540, commits[cb20f782-9136-4144-a2ef-e44461d35697:c5542]
2019-09-17 12:49:03,912 [grpc-default-executor-2] INFO  client.GrpcClientProtocolClient (GrpcClientProtocolClient.java:onNext(264)) - client-E41C008B94D2->cb20f782-9136-4144-a2ef-e44461d35697: receive RaftClientReply:client-E41C008B94D2->cb20f782-9136-4144-a2ef-e44461d35697@group-EF222054BC57, cid=3948, SUCCESS, logIndex=5541, commits[cb20f782-9136-4144-a2ef-e44461d35697:c5542]
2019-09-17 12:49:03,929 [grpc-default-executor-1] INFO  client.GrpcClientProtocolClient (GrpcClientProtocolClient.java:onNext(264)) - client-E41C008B94D2->cb20f782-9136-4144-a2ef-e44461d35697: receive RaftClientReply:client-E41C008B94D2->cb20f782-9136-4144-a2ef-e44461d35697@group-EF222054BC57, cid=3949, SUCCESS, logIndex=5543, commits[cb20f782-9136-4144-a2ef-e44461d35697:c5544]
2019-09-17 12:49:03,929 [grpc-default-executor-1] INFO  client.GrpcClientProtocolClient (GrpcClientProtocolClient.java:onNext(264)) - client-E41C008B94D2->cb20f782-9136-4144-a2ef-e44461d35697: receive RaftClientReply:client-E41C008B94D2->cb20f782-9136-4144-a2ef-e44461d35697@group-EF222054BC57, cid=3950, SUCCESS, logIndex=5544, commits[cb20f782-9136-4144-a2ef-e44461d35697:c5544]
2019-09-17 12:49:03,930 [grpc-default-executor-1] INFO  client.GrpcClientProtocolClient (GrpcClientProtocolClient.java:onNext(264)) - client-E41C008B94D2->cb20f782-9136-4144-a2ef-e44461d35697: receive RaftClientReply:client-E41C008B94D2->cb20f782-9136-4144-a2ef-e44461d35697@group-EF222054BC57, cid=3951, SUCCESS, logIndex=5545, commits[cb20f782-9136-4144-a2ef-e44461d35697:c5546]
2019-09-17 12:49:03,930 [grpc-default-executor-1] INFO  client.GrpcClientProtocolClient (GrpcClientProtocolClient.java:onNext(264)) - client-E41C008B94D2->cb20f782-9136-4144-a2ef-e44461d35697: receive RaftClientReply:client-E41C008B94D2->cb20f782-9136-4144-a2ef-e44461d35697@group-EF222054BC57, cid=3952, SUCCESS, logIndex=5546, commits[cb20f782-9136-4144-a2ef-e44461d35697:c5546]
2019-09-17 12:49:03,959 [grpc-default-executor-1] INFO  client.GrpcClientProtocolClient (GrpcClientProtocolClient.java:onNext(264)) - client-E41C008B94D2->cb20f782-9136-4144-a2ef-e44461d35697: receive RaftClientReply:client-E41C008B94D2->cb20f782-9136-4144-a2ef-e44461d35697@group-EF222054BC57, cid=3953, SUCCESS, logIndex=5549, commits[cb20f782-9136-4144-a2ef-e44461d35697:c5552]
2019-09-17 12:49:03,959 [grpc-default-executor-1] INFO  client.GrpcClientProtocolClient (GrpcClientProtocolClient.java:onNext(264)) - client-E41C008B94D2->cb20f782-9136-4144-a2ef-e44461d35697: receive RaftClientReply:client-E41C008B94D2->cb20f782-9136-4144-a2ef-e44461d35697@group-EF222054BC57, cid=3954, SUCCESS, logIndex=5550, commits[cb20f782-9136-4144-a2ef-e44461d35697:c5553]
2019-09-17 12:49:03,960 [grpc-default-executor-1] INFO  client.GrpcClientProtocolClient (GrpcClientProtocolClient.java:onNext(264)) - client-E41C008B94D2->cb20f782-9136-4144-a2ef-e44461d35697: receive RaftClientReply:client-E41C008B94D2->cb20f782-9136-4144-a2ef-e44461d35697@group-EF222054BC57, cid=3955, SUCCESS, logIndex=5551, commits[cb20f782-9136-4144-a2ef-e44461d35697:c5553]
2019-09-17 12:49:03,960 [grpc-default-executor-1] INFO  client.GrpcClientProtocolClient (GrpcClientProtocolClient.java:onNext(264)) - client-E41C008B94D2->cb20f782-9136-4144-a2ef-e44461d35697: receive RaftClientReply:client-E41C008B94D2->cb20f782-9136-4144-a2ef-e44461d35697@group-EF222054BC57, cid=3956, SUCCESS, logIndex=5552, commits[cb20f782-9136-4144-a2ef-e44461d35697:c5553]
2019-09-17 12:49:03,977 [grpc-default-executor-2] INFO  client.GrpcClientProtocolClient (GrpcClientProtocolClient.java:onNext(264)) - client-E41C008B94D2->cb20f782-9136-4144-a2ef-e44461d35697: receive RaftClientReply:client-E41C008B94D2->cb20f782-9136-4144-a2ef-e44461d35697@group-EF222054BC57, cid=3957, SUCCESS, logIndex=5554, commits[cb20f782-9136-4144-a2ef-e44461d35697:c5555]
2019-09-17 12:49:03,977 [grpc-default-executor-2] INFO  client.GrpcClientProtocolClient (GrpcClientProtocolClient.java:onNext(264)) - client-E41C008B94D2->cb20f782-9136-4144-a2ef-e44461d35697: receive RaftClientReply:client-E41C008B94D2->cb20f782-9136-4144-a2ef-e44461d35697@group-EF222054BC57, cid=3958, SUCCESS, logIndex=5555, commits[cb20f782-9136-4144-a2ef-e44461d35697:c5557]
2019-09-17 12:49:03,978 [grpc-default-executor-2] INFO  client.GrpcClientProtocolClient (GrpcClientProtocolClient.java:onNext(264)) - client-E41C008B94D2->cb20f782-9136-4144-a2ef-e44461d35697: receive RaftClientReply:client-E41C008B94D2->cb20f782-9136-4144-a2ef-e44461d35697@group-EF222054BC57, cid=3959, SUCCESS, logIndex=5556, commits[cb20f782-9136-4144-a2ef-e44461d35697:c5557]
2019-09-17 12:49:03,978 [grpc-default-executor-2] INFO  client.GrpcClientProtocolClient (GrpcClientProtocolClient.java:onNext(264)) - client-E41C008B94D2->cb20f782-9136-4144-a2ef-e44461d35697: receive RaftClientReply:client-E41C008B94D2->cb20f782-9136-4144-a2ef-e44461d35697@group-EF222054BC57, cid=3960, SUCCESS, logIndex=5557, commits[cb20f782-9136-4144-a2ef-e44461d35697:c5558]
2019-09-17 12:49:03,997 [SCMBlockDeletingService#0] DEBUG block.SCMBlockDeletingService (SCMBlockDeletingService.java:call(138)) - Running DeletedBlockTransactionScanner
2019-09-17 12:49:03,997 [SCMBlockDeletingService#0] DEBUG block.SCMBlockDeletingService (SCMBlockDeletingService.java:call(155)) - Scanned deleted blocks log and got 0 delTX to process.
2019-09-17 12:49:04,004 [grpc-default-executor-2] INFO  client.GrpcClientProtocolClient (GrpcClientProtocolClient.java:onNext(264)) - client-E41C008B94D2->cb20f782-9136-4144-a2ef-e44461d35697: receive RaftClientReply:client-E41C008B94D2->cb20f782-9136-4144-a2ef-e44461d35697@group-EF222054BC57, cid=3961, SUCCESS, logIndex=5560, commits[cb20f782-9136-4144-a2ef-e44461d35697:c5563]
2019-09-17 12:49:04,005 [grpc-default-executor-2] INFO  client.GrpcClientProtocolClient (GrpcClientProtocolClient.java:onNext(264)) - client-E41C008B94D2->cb20f782-9136-4144-a2ef-e44461d35697: receive RaftClientReply:client-E41C008B94D2->cb20f782-9136-4144-a2ef-e44461d35697@group-EF222054BC57, cid=3962, SUCCESS, logIndex=5561, commits[cb20f782-9136-4144-a2ef-e44461d35697:c5563]
2019-09-17 12:49:04,005 [grpc-default-executor-2] INFO  client.GrpcClientProtocolClient (GrpcClientProtocolClient.java:onNext(264)) - client-E41C008B94D2->cb20f782-9136-4144-a2ef-e44461d35697: receive RaftClientReply:client-E41C008B94D2->cb20f782-9136-4144-a2ef-e44461d35697@group-EF222054BC57, cid=3963, SUCCESS, logIndex=5562, commits[cb20f782-9136-4144-a2ef-e44461d35697:c5563]
2019-09-17 12:49:04,005 [grpc-default-executor-2] INFO  client.GrpcClientProtocolClient (GrpcClientProtocolClient.java:onNext(264)) - client-E41C008B94D2->cb20f782-9136-4144-a2ef-e44461d35697: receive RaftClientReply:client-E41C008B94D2->cb20f782-9136-4144-a2ef-e44461d35697@group-EF222054BC57, cid=3964, SUCCESS, logIndex=5563, commits[cb20f782-9136-4144-a2ef-e44461d35697:c5563]
2019-09-17 12:49:04,022 [grpc-default-executor-2] INFO  client.GrpcClientProtocolClient (GrpcClientProtocolClient.java:onNext(264)) - client-E41C008B94D2->cb20f782-9136-4144-a2ef-e44461d35697: receive RaftClientReply:client-E41C008B94D2->cb20f782-9136-4144-a2ef-e44461d35697@group-EF222054BC57, cid=3965, SUCCESS, logIndex=5565, commits[cb20f782-9136-4144-a2ef-e44461d35697:c5566]
2019-09-17 12:49:04,022 [grpc-default-executor-2] INFO  client.GrpcClientProtocolClient (GrpcClientProtocolClient.java:onNext(264)) - client-E41C008B94D2->cb20f782-9136-4144-a2ef-e44461d35697: receive RaftClientReply:client-E41C008B94D2->cb20f782-9136-4144-a2ef-e44461d35697@group-EF222054BC57, cid=3966, SUCCESS, logIndex=5566, commits[cb20f782-9136-4144-a2ef-e44461d35697:c5566]
2019-09-17 12:49:04,036 [grpc-default-executor-2] INFO  client.GrpcClientProtocolClient (GrpcClientProtocolClient.java:onNext(264)) - client-E41C008B94D2->cb20f782-9136-4144-a2ef-e44461d35697: receive RaftClientReply:client-E41C008B94D2->cb20f782-9136-4144-a2ef-e44461d35697@group-EF222054BC57, cid=3967, SUCCESS, logIndex=5567, commits[cb20f782-9136-4144-a2ef-e44461d35697:c5569]
2019-09-17 12:49:04,036 [grpc-default-executor-2] INFO  client.GrpcClientProtocolClient (GrpcClientProtocolClient.java:onNext(264)) - client-E41C008B94D2->cb20f782-9136-4144-a2ef-e44461d35697: receive RaftClientReply:client-E41C008B94D2->cb20f782-9136-4144-a2ef-e44461d35697@group-EF222054BC57, cid=3968, SUCCESS, logIndex=5568, commits[cb20f782-9136-4144-a2ef-e44461d35697:c5569]
2019-09-17 12:49:04,052 [grpc-default-executor-1] INFO  client.GrpcClientProtocolClient (GrpcClientProtocolClient.java:onNext(264)) - client-E41C008B94D2->cb20f782-9136-4144-a2ef-e44461d35697: receive RaftClientReply:client-E41C008B94D2->cb20f782-9136-4144-a2ef-e44461d35697@group-EF222054BC57, cid=3969, SUCCESS, logIndex=5570, commits[cb20f782-9136-4144-a2ef-e44461d35697:c5571]
2019-09-17 12:49:04,052 [grpc-default-executor-1] INFO  client.GrpcClientProtocolClient (GrpcClientProtocolClient.java:onNext(264)) - client-E41C008B94D2->cb20f782-9136-4144-a2ef-e44461d35697: receive RaftClientReply:client-E41C008B94D2->cb20f782-9136-4144-a2ef-e44461d35697@group-EF222054BC57, cid=3970, SUCCESS, logIndex=5571, commits[cb20f782-9136-4144-a2ef-e44461d35697:c5571]
2019-09-17 12:49:04,053 [grpc-default-executor-1] INFO  client.GrpcClientProtocolClient (GrpcClientProtocolClient.java:onNext(264)) - client-E41C008B94D2->cb20f782-9136-4144-a2ef-e44461d35697: receive RaftClientReply:client-E41C008B94D2->cb20f782-9136-4144-a2ef-e44461d35697@group-EF222054BC57, cid=3971, SUCCESS, logIndex=5572, commits[cb20f782-9136-4144-a2ef-e44461d35697:c5573]
2019-09-17 12:49:04,053 [grpc-default-executor-1] INFO  client.GrpcClientProtocolClient (GrpcClientProtocolClient.java:onNext(264)) - client-E41C008B94D2->cb20f782-9136-4144-a2ef-e44461d35697: receive RaftClientReply:client-E41C008B94D2->cb20f782-9136-4144-a2ef-e44461d35697@group-EF222054BC57, cid=3972, SUCCESS, logIndex=5573, commits[cb20f782-9136-4144-a2ef-e44461d35697:c5573]
2019-09-17 12:49:04,063 [grpc-default-executor-1] INFO  client.GrpcClientProtocolClient (GrpcClientProtocolClient.java:onNext(264)) - client-E41C008B94D2->cb20f782-9136-4144-a2ef-e44461d35697: receive RaftClientReply:client-E41C008B94D2->cb20f782-9136-4144-a2ef-e44461d35697@group-EF222054BC57, cid=3973, SUCCESS, logIndex=5576, commits[cb20f782-9136-4144-a2ef-e44461d35697:c5579]
2019-09-17 12:49:04,063 [grpc-default-executor-1] INFO  client.GrpcClientProtocolClient (GrpcClientProtocolClient.java:onNext(264)) - client-E41C008B94D2->cb20f782-9136-4144-a2ef-e44461d35697: receive RaftClientReply:client-E41C008B94D2->cb20f782-9136-4144-a2ef-e44461d35697@group-EF222054BC57, cid=3974, SUCCESS, logIndex=5577, commits[cb20f782-9136-4144-a2ef-e44461d35697:c5579]
2019-09-17 12:49:04,063 [grpc-default-executor-1] INFO  client.GrpcClientProtocolClient (GrpcClientProtocolClient.java:onNext(264)) - client-E41C008B94D2->cb20f782-9136-4144-a2ef-e44461d35697: receive RaftClientReply:client-E41C008B94D2->cb20f782-9136-4144-a2ef-e44461d35697@group-EF222054BC57, cid=3975, SUCCESS, logIndex=5578, commits[cb20f782-9136-4144-a2ef-e44461d35697:c5579]
2019-09-17 12:49:04,063 [grpc-default-executor-1] INFO  client.GrpcClientProtocolClient (GrpcClientProtocolClient.java:onNext(264)) - client-E41C008B94D2->cb20f782-9136-4144-a2ef-e44461d35697: receive RaftClientReply:client-E41C008B94D2->cb20f782-9136-4144-a2ef-e44461d35697@group-EF222054BC57, cid=3976, SUCCESS, logIndex=5579, commits[cb20f782-9136-4144-a2ef-e44461d35697:c5579]
2019-09-17 12:49:04,080 [grpc-default-executor-2] INFO  client.GrpcClientProtocolClient (GrpcClientProtocolClient.java:onNext(264)) - client-E41C008B94D2->cb20f782-9136-4144-a2ef-e44461d35697: receive RaftClientReply:client-E41C008B94D2->cb20f782-9136-4144-a2ef-e44461d35697@group-EF222054BC57, cid=3977, SUCCESS, logIndex=5581, commits[cb20f782-9136-4144-a2ef-e44461d35697:c5582]
2019-09-17 12:49:04,081 [grpc-default-executor-2] INFO  client.GrpcClientProtocolClient (GrpcClientProtocolClient.java:onNext(264)) - client-E41C008B94D2->cb20f782-9136-4144-a2ef-e44461d35697: receive RaftClientReply:client-E41C008B94D2->cb20f782-9136-4144-a2ef-e44461d35697@group-EF222054BC57, cid=3978, SUCCESS, logIndex=5582, commits[cb20f782-9136-4144-a2ef-e44461d35697:c5583]
2019-09-17 12:49:04,098 [SCMBlockDeletingService#0] DEBUG block.SCMBlockDeletingService (SCMBlockDeletingService.java:call(138)) - Running DeletedBlockTransactionScanner
2019-09-17 12:49:04,098 [SCMBlockDeletingService#0] DEBUG block.SCMBlockDeletingService (SCMBlockDeletingService.java:call(155)) - Scanned deleted blocks log and got 0 delTX to process.
2019-09-17 12:49:04,180 [grpc-default-executor-1] INFO  client.GrpcClientProtocolClient (GrpcClientProtocolClient.java:onNext(264)) - client-E41C008B94D2->cb20f782-9136-4144-a2ef-e44461d35697: receive RaftClientReply:client-E41C008B94D2->cb20f782-9136-4144-a2ef-e44461d35697@group-EF222054BC57, cid=3979, SUCCESS, logIndex=5584, commits[cb20f782-9136-4144-a2ef-e44461d35697:c5585]
2019-09-17 12:49:04,180 [grpc-default-executor-1] INFO  client.GrpcClientProtocolClient (GrpcClientProtocolClient.java:onNext(264)) - client-E41C008B94D2->cb20f782-9136-4144-a2ef-e44461d35697: receive RaftClientReply:client-E41C008B94D2->cb20f782-9136-4144-a2ef-e44461d35697@group-EF222054BC57, cid=3980, SUCCESS, logIndex=5585, commits[cb20f782-9136-4144-a2ef-e44461d35697:c5586]
2019-09-17 12:49:04,197 [grpc-default-executor-2] INFO  client.GrpcClientProtocolClient (GrpcClientProtocolClient.java:onNext(264)) - client-E41C008B94D2->cb20f782-9136-4144-a2ef-e44461d35697: receive RaftClientReply:client-E41C008B94D2->cb20f782-9136-4144-a2ef-e44461d35697@group-EF222054BC57, cid=3981, SUCCESS, logIndex=5587, commits[cb20f782-9136-4144-a2ef-e44461d35697:c5588]
2019-09-17 12:49:04,197 [grpc-default-executor-2] INFO  client.GrpcClientProtocolClient (GrpcClientProtocolClient.java:onNext(264)) - client-E41C008B94D2->cb20f782-9136-4144-a2ef-e44461d35697: receive RaftClientReply:client-E41C008B94D2->cb20f782-9136-4144-a2ef-e44461d35697@group-EF222054BC57, cid=3982, SUCCESS, logIndex=5588, commits[cb20f782-9136-4144-a2ef-e44461d35697:c5590]
2019-09-17 12:49:04,198 [grpc-default-executor-2] INFO  client.GrpcClientProtocolClient (GrpcClientProtocolClient.java:onNext(264)) - client-E41C008B94D2->cb20f782-9136-4144-a2ef-e44461d35697: receive RaftClientReply:client-E41C008B94D2->cb20f782-9136-4144-a2ef-e44461d35697@group-EF222054BC57, cid=3983, SUCCESS, logIndex=5589, commits[cb20f782-9136-4144-a2ef-e44461d35697:c5590]
2019-09-17 12:49:04,198 [grpc-default-executor-2] INFO  client.GrpcClientProtocolClient (GrpcClientProtocolClient.java:onNext(264)) - client-E41C008B94D2->cb20f782-9136-4144-a2ef-e44461d35697: receive RaftClientReply:client-E41C008B94D2->cb20f782-9136-4144-a2ef-e44461d35697@group-EF222054BC57, cid=3984, SUCCESS, logIndex=5590, commits[cb20f782-9136-4144-a2ef-e44461d35697:c5591]
2019-09-17 12:49:04,198 [SCMBlockDeletingService#0] DEBUG block.SCMBlockDeletingService (SCMBlockDeletingService.java:call(138)) - Running DeletedBlockTransactionScanner
2019-09-17 12:49:04,198 [SCMBlockDeletingService#0] DEBUG block.SCMBlockDeletingService (SCMBlockDeletingService.java:call(155)) - Scanned deleted blocks log and got 0 delTX to process.
2019-09-17 12:49:04,225 [grpc-default-executor-2] INFO  client.GrpcClientProtocolClient (GrpcClientProtocolClient.java:onNext(264)) - client-E41C008B94D2->cb20f782-9136-4144-a2ef-e44461d35697: receive RaftClientReply:client-E41C008B94D2->cb20f782-9136-4144-a2ef-e44461d35697@group-EF222054BC57, cid=3985, SUCCESS, logIndex=5593, commits[cb20f782-9136-4144-a2ef-e44461d35697:c5596]
2019-09-17 12:49:04,226 [grpc-default-executor-2] INFO  client.GrpcClientProtocolClient (GrpcClientProtocolClient.java:onNext(264)) - client-E41C008B94D2->cb20f782-9136-4144-a2ef-e44461d35697: receive RaftClientReply:client-E41C008B94D2->cb20f782-9136-4144-a2ef-e44461d35697@group-EF222054BC57, cid=3986, SUCCESS, logIndex=5594, commits[cb20f782-9136-4144-a2ef-e44461d35697:c5596]
2019-09-17 12:49:04,226 [grpc-default-executor-2] INFO  client.GrpcClientProtocolClient (GrpcClientProtocolClient.java:onNext(264)) - client-E41C008B94D2->cb20f782-9136-4144-a2ef-e44461d35697: receive RaftClientReply:client-E41C008B94D2->cb20f782-9136-4144-a2ef-e44461d35697@group-EF222054BC57, cid=3987, SUCCESS, logIndex=5595, commits[cb20f782-9136-4144-a2ef-e44461d35697:c5597]
2019-09-17 12:49:04,226 [grpc-default-executor-2] INFO  client.GrpcClientProtocolClient (GrpcClientProtocolClient.java:onNext(264)) - client-E41C008B94D2->cb20f782-9136-4144-a2ef-e44461d35697: receive RaftClientReply:client-E41C008B94D2->cb20f782-9136-4144-a2ef-e44461d35697@group-EF222054BC57, cid=3988, SUCCESS, logIndex=5596, commits[cb20f782-9136-4144-a2ef-e44461d35697:c5597]
2019-09-17 12:49:04,243 [grpc-default-executor-2] INFO  client.GrpcClientProtocolClient (GrpcClientProtocolClient.java:onNext(264)) - client-E41C008B94D2->cb20f782-9136-4144-a2ef-e44461d35697: receive RaftClientReply:client-E41C008B94D2->cb20f782-9136-4144-a2ef-e44461d35697@group-EF222054BC57, cid=3989, SUCCESS, logIndex=5598, commits[cb20f782-9136-4144-a2ef-e44461d35697:c5599]
2019-09-17 12:49:04,243 [grpc-default-executor-2] INFO  client.GrpcClientProtocolClient (GrpcClientProtocolClient.java:onNext(264)) - client-E41C008B94D2->cb20f782-9136-4144-a2ef-e44461d35697: receive RaftClientReply:client-E41C008B94D2->cb20f782-9136-4144-a2ef-e44461d35697@group-EF222054BC57, cid=3990, SUCCESS, logIndex=5599, commits[cb20f782-9136-4144-a2ef-e44461d35697:c5601]
2019-09-17 12:49:04,244 [grpc-default-executor-2] INFO  client.GrpcClientProtocolClient (GrpcClientProtocolClient.java:onNext(264)) - client-E41C008B94D2->cb20f782-9136-4144-a2ef-e44461d35697: receive RaftClientReply:client-E41C008B94D2->cb20f782-9136-4144-a2ef-e44461d35697@group-EF222054BC57, cid=3991, SUCCESS, logIndex=5600, commits[cb20f782-9136-4144-a2ef-e44461d35697:c5601]
2019-09-17 12:49:04,244 [grpc-default-executor-2] INFO  client.GrpcClientProtocolClient (GrpcClientProtocolClient.java:onNext(264)) - client-E41C008B94D2->cb20f782-9136-4144-a2ef-e44461d35697: receive RaftClientReply:client-E41C008B94D2->cb20f782-9136-4144-a2ef-e44461d35697@group-EF222054BC57, cid=3992, SUCCESS, logIndex=5601, commits[cb20f782-9136-4144-a2ef-e44461d35697:c5601]
2019-09-17 12:49:04,269 [grpc-default-executor-2] INFO  client.GrpcClientProtocolClient (GrpcClientProtocolClient.java:onNext(264)) - client-E41C008B94D2->cb20f782-9136-4144-a2ef-e44461d35697: receive RaftClientReply:client-E41C008B94D2->cb20f782-9136-4144-a2ef-e44461d35697@group-EF222054BC57, cid=3993, SUCCESS, logIndex=5604, commits[cb20f782-9136-4144-a2ef-e44461d35697:c5607]
2019-09-17 12:49:04,270 [grpc-default-executor-2] INFO  client.GrpcClientProtocolClient (GrpcClientProtocolClient.java:onNext(264)) - client-E41C008B94D2->cb20f782-9136-4144-a2ef-e44461d35697: receive RaftClientReply:client-E41C008B94D2->cb20f782-9136-4144-a2ef-e44461d35697@group-EF222054BC57, cid=3994, SUCCESS, logIndex=5605, commits[cb20f782-9136-4144-a2ef-e44461d35697:c5607]
2019-09-17 12:49:04,270 [grpc-default-executor-2] INFO  client.GrpcClientProtocolClient (GrpcClientProtocolClient.java:onNext(264)) - client-E41C008B94D2->cb20f782-9136-4144-a2ef-e44461d35697: receive RaftClientReply:client-E41C008B94D2->cb20f782-9136-4144-a2ef-e44461d35697@group-EF222054BC57, cid=3995, SUCCESS, logIndex=5606, commits[cb20f782-9136-4144-a2ef-e44461d35697:c5608]
2019-09-17 12:49:04,270 [grpc-default-executor-2] INFO  client.GrpcClientProtocolClient (GrpcClientProtocolClient.java:onNext(264)) - client-E41C008B94D2->cb20f782-9136-4144-a2ef-e44461d35697: receive RaftClientReply:client-E41C008B94D2->cb20f782-9136-4144-a2ef-e44461d35697@group-EF222054BC57, cid=3996, SUCCESS, logIndex=5607, commits[cb20f782-9136-4144-a2ef-e44461d35697:c5609]
2019-09-17 12:49:04,289 [grpc-default-executor-1] INFO  client.GrpcClientProtocolClient (GrpcClientProtocolClient.java:onNext(264)) - client-E41C008B94D2->cb20f782-9136-4144-a2ef-e44461d35697: receive RaftClientReply:client-E41C008B94D2->cb20f782-9136-4144-a2ef-e44461d35697@group-EF222054BC57, cid=3997, SUCCESS, logIndex=5610, commits[cb20f782-9136-4144-a2ef-e44461d35697:c5613]
2019-09-17 12:49:04,289 [grpc-default-executor-1] INFO  client.GrpcClientProtocolClient (GrpcClientProtocolClient.java:onNext(264)) - client-E41C008B94D2->cb20f782-9136-4144-a2ef-e44461d35697: receive RaftClientReply:client-E41C008B94D2->cb20f782-9136-4144-a2ef-e44461d35697@group-EF222054BC57, cid=3998, SUCCESS, logIndex=5611, commits[cb20f782-9136-4144-a2ef-e44461d35697:c5614]
2019-09-17 12:49:04,290 [grpc-default-executor-1] INFO  client.GrpcClientProtocolClient (GrpcClientProtocolClient.java:onNext(264)) - client-E41C008B94D2->cb20f782-9136-4144-a2ef-e44461d35697: receive RaftClientReply:client-E41C008B94D2->cb20f782-9136-4144-a2ef-e44461d35697@group-EF222054BC57, cid=3999, SUCCESS, logIndex=5612, commits[cb20f782-9136-4144-a2ef-e44461d35697:c5614]
2019-09-17 12:49:04,290 [grpc-default-executor-1] INFO  client.GrpcClientProtocolClient (GrpcClientProtocolClient.java:onNext(264)) - client-E41C008B94D2->cb20f782-9136-4144-a2ef-e44461d35697: receive RaftClientReply:client-E41C008B94D2->cb20f782-9136-4144-a2ef-e44461d35697@group-EF222054BC57, cid=4000, SUCCESS, logIndex=5613, commits[cb20f782-9136-4144-a2ef-e44461d35697:c5614]
2019-09-17 12:49:04,299 [SCMBlockDeletingService#0] DEBUG block.SCMBlockDeletingService (SCMBlockDeletingService.java:call(138)) - Running DeletedBlockTransactionScanner
2019-09-17 12:49:04,299 [SCMBlockDeletingService#0] DEBUG block.SCMBlockDeletingService (SCMBlockDeletingService.java:call(155)) - Scanned deleted blocks log and got 0 delTX to process.
2019-09-17 12:49:04,317 [grpc-default-executor-1] INFO  client.GrpcClientProtocolClient (GrpcClientProtocolClient.java:onNext(264)) - client-E41C008B94D2->cb20f782-9136-4144-a2ef-e44461d35697: receive RaftClientReply:client-E41C008B94D2->cb20f782-9136-4144-a2ef-e44461d35697@group-EF222054BC57, cid=4001, SUCCESS, logIndex=5615, commits[cb20f782-9136-4144-a2ef-e44461d35697:c5618]
2019-09-17 12:49:04,318 [grpc-default-executor-1] INFO  client.GrpcClientProtocolClient (GrpcClientProtocolClient.java:onNext(264)) - client-E41C008B94D2->cb20f782-9136-4144-a2ef-e44461d35697: receive RaftClientReply:client-E41C008B94D2->cb20f782-9136-4144-a2ef-e44461d35697@group-EF222054BC57, cid=4002, SUCCESS, logIndex=5616, commits[cb20f782-9136-4144-a2ef-e44461d35697:c5618]
2019-09-17 12:49:04,318 [grpc-default-executor-1] INFO  client.GrpcClientProtocolClient (GrpcClientProtocolClient.java:onNext(264)) - client-E41C008B94D2->cb20f782-9136-4144-a2ef-e44461d35697: receive RaftClientReply:client-E41C008B94D2->cb20f782-9136-4144-a2ef-e44461d35697@group-EF222054BC57, cid=4003, SUCCESS, logIndex=5617, commits[cb20f782-9136-4144-a2ef-e44461d35697:c5619]
2019-09-17 12:49:04,318 [grpc-default-executor-1] INFO  client.GrpcClientProtocolClient (GrpcClientProtocolClient.java:onNext(264)) - client-E41C008B94D2->cb20f782-9136-4144-a2ef-e44461d35697: receive RaftClientReply:client-E41C008B94D2->cb20f782-9136-4144-a2ef-e44461d35697@group-EF222054BC57, cid=4004, SUCCESS, logIndex=5618, commits[cb20f782-9136-4144-a2ef-e44461d35697:c5619]
2019-09-17 12:49:04,338 [grpc-default-executor-1] INFO  client.GrpcClientProtocolClient (GrpcClientProtocolClient.java:onNext(264)) - client-E41C008B94D2->cb20f782-9136-4144-a2ef-e44461d35697: receive RaftClientReply:client-E41C008B94D2->cb20f782-9136-4144-a2ef-e44461d35697@group-EF222054BC57, cid=4005, SUCCESS, logIndex=5620, commits[cb20f782-9136-4144-a2ef-e44461d35697:c5623]
2019-09-17 12:49:04,338 [grpc-default-executor-1] INFO  client.GrpcClientProtocolClient (GrpcClientProtocolClient.java:onNext(264)) - client-E41C008B94D2->cb20f782-9136-4144-a2ef-e44461d35697: receive RaftClientReply:client-E41C008B94D2->cb20f782-9136-4144-a2ef-e44461d35697@group-EF222054BC57, cid=4006, SUCCESS, logIndex=5621, commits[cb20f782-9136-4144-a2ef-e44461d35697:c5624]
2019-09-17 12:49:04,338 [grpc-default-executor-1] INFO  client.GrpcClientProtocolClient (GrpcClientProtocolClient.java:onNext(264)) - client-E41C008B94D2->cb20f782-9136-4144-a2ef-e44461d35697: receive RaftClientReply:client-E41C008B94D2->cb20f782-9136-4144-a2ef-e44461d35697@group-EF222054BC57, cid=4007, SUCCESS, logIndex=5622, commits[cb20f782-9136-4144-a2ef-e44461d35697:c5624]
2019-09-17 12:49:04,338 [grpc-default-executor-1] INFO  client.GrpcClientProtocolClient (GrpcClientProtocolClient.java:onNext(264)) - client-E41C008B94D2->cb20f782-9136-4144-a2ef-e44461d35697: receive RaftClientReply:client-E41C008B94D2->cb20f782-9136-4144-a2ef-e44461d35697@group-EF222054BC57, cid=4008, SUCCESS, logIndex=5623, commits[cb20f782-9136-4144-a2ef-e44461d35697:c5624]
2019-09-17 12:49:04,368 [grpc-default-executor-1] INFO  client.GrpcClientProtocolClient (GrpcClientProtocolClient.java:onNext(264)) - client-E41C008B94D2->cb20f782-9136-4144-a2ef-e44461d35697: receive RaftClientReply:client-E41C008B94D2->cb20f782-9136-4144-a2ef-e44461d35697@group-EF222054BC57, cid=4009, SUCCESS, logIndex=5625, commits[cb20f782-9136-4144-a2ef-e44461d35697:c5628]
2019-09-17 12:49:04,368 [grpc-default-executor-1] INFO  client.GrpcClientProtocolClient (GrpcClientProtocolClient.java:onNext(264)) - client-E41C008B94D2->cb20f782-9136-4144-a2ef-e44461d35697: receive RaftClientReply:client-E41C008B94D2->cb20f782-9136-4144-a2ef-e44461d35697@group-EF222054BC57, cid=4010, SUCCESS, logIndex=5626, commits[cb20f782-9136-4144-a2ef-e44461d35697:c5628]
2019-09-17 12:49:04,368 [grpc-default-executor-1] INFO  client.GrpcClientProtocolClient (GrpcClientProtocolClient.java:onNext(264)) - client-E41C008B94D2->cb20f782-9136-4144-a2ef-e44461d35697: receive RaftClientReply:client-E41C008B94D2->cb20f782-9136-4144-a2ef-e44461d35697@group-EF222054BC57, cid=4011, SUCCESS, logIndex=5627, commits[cb20f782-9136-4144-a2ef-e44461d35697:c5629]
2019-09-17 12:49:04,369 [grpc-default-executor-1] INFO  client.GrpcClientProtocolClient (GrpcClientProtocolClient.java:onNext(264)) - client-E41C008B94D2->cb20f782-9136-4144-a2ef-e44461d35697: receive RaftClientReply:client-E41C008B94D2->cb20f782-9136-4144-a2ef-e44461d35697@group-EF222054BC57, cid=4012, SUCCESS, logIndex=5628, commits[cb20f782-9136-4144-a2ef-e44461d35697:c5629]
2019-09-17 12:49:04,387 [grpc-default-executor-1] INFO  client.GrpcClientProtocolClient (GrpcClientProtocolClient.java:onNext(264)) - client-E41C008B94D2->cb20f782-9136-4144-a2ef-e44461d35697: receive RaftClientReply:client-E41C008B94D2->cb20f782-9136-4144-a2ef-e44461d35697@group-EF222054BC57, cid=4013, SUCCESS, logIndex=5630, commits[cb20f782-9136-4144-a2ef-e44461d35697:c5633]
2019-09-17 12:49:04,387 [grpc-default-executor-1] INFO  client.GrpcClientProtocolClient (GrpcClientProtocolClient.java:onNext(264)) - client-E41C008B94D2->cb20f782-9136-4144-a2ef-e44461d35697: receive RaftClientReply:client-E41C008B94D2->cb20f782-9136-4144-a2ef-e44461d35697@group-EF222054BC57, cid=4014, SUCCESS, logIndex=5631, commits[cb20f782-9136-4144-a2ef-e44461d35697:c5633]
2019-09-17 12:49:04,388 [grpc-default-executor-1] INFO  client.GrpcClientProtocolClient (GrpcClientProtocolClient.java:onNext(264)) - client-E41C008B94D2->cb20f782-9136-4144-a2ef-e44461d35697: receive RaftClientReply:client-E41C008B94D2->cb20f782-9136-4144-a2ef-e44461d35697@group-EF222054BC57, cid=4015, SUCCESS, logIndex=5632, commits[cb20f782-9136-4144-a2ef-e44461d35697:c5634]
2019-09-17 12:49:04,388 [grpc-default-executor-1] INFO  client.GrpcClientProtocolClient (GrpcClientProtocolClient.java:onNext(264)) - client-E41C008B94D2->cb20f782-9136-4144-a2ef-e44461d35697: receive RaftClientReply:client-E41C008B94D2->cb20f782-9136-4144-a2ef-e44461d35697@group-EF222054BC57, cid=4016, SUCCESS, logIndex=5633, commits[cb20f782-9136-4144-a2ef-e44461d35697:c5634]
2019-09-17 12:49:04,399 [SCMBlockDeletingService#0] DEBUG block.SCMBlockDeletingService (SCMBlockDeletingService.java:call(138)) - Running DeletedBlockTransactionScanner
2019-09-17 12:49:04,399 [SCMBlockDeletingService#0] DEBUG block.SCMBlockDeletingService (SCMBlockDeletingService.java:call(155)) - Scanned deleted blocks log and got 0 delTX to process.
2019-09-17 12:49:04,419 [grpc-default-executor-1] INFO  client.GrpcClientProtocolClient (GrpcClientProtocolClient.java:onNext(264)) - client-E41C008B94D2->cb20f782-9136-4144-a2ef-e44461d35697: receive RaftClientReply:client-E41C008B94D2->cb20f782-9136-4144-a2ef-e44461d35697@group-EF222054BC57, cid=4017, SUCCESS, logIndex=5635, commits[cb20f782-9136-4144-a2ef-e44461d35697:c5638]
2019-09-17 12:49:04,420 [grpc-default-executor-1] INFO  client.GrpcClientProtocolClient (GrpcClientProtocolClient.java:onNext(264)) - client-E41C008B94D2->cb20f782-9136-4144-a2ef-e44461d35697: receive RaftClientReply:client-E41C008B94D2->cb20f782-9136-4144-a2ef-e44461d35697@group-EF222054BC57, cid=4018, SUCCESS, logIndex=5636, commits[cb20f782-9136-4144-a2ef-e44461d35697:c5639]
2019-09-17 12:49:04,420 [grpc-default-executor-1] INFO  client.GrpcClientProtocolClient (GrpcClientProtocolClient.java:onNext(264)) - client-E41C008B94D2->cb20f782-9136-4144-a2ef-e44461d35697: receive RaftClientReply:client-E41C008B94D2->cb20f782-9136-4144-a2ef-e44461d35697@group-EF222054BC57, cid=4019, SUCCESS, logIndex=5637, commits[cb20f782-9136-4144-a2ef-e44461d35697:c5639]
2019-09-17 12:49:04,420 [grpc-default-executor-1] INFO  client.GrpcClientProtocolClient (GrpcClientProtocolClient.java:onNext(264)) - client-E41C008B94D2->cb20f782-9136-4144-a2ef-e44461d35697: receive RaftClientReply:client-E41C008B94D2->cb20f782-9136-4144-a2ef-e44461d35697@group-EF222054BC57, cid=4020, SUCCESS, logIndex=5638, commits[cb20f782-9136-4144-a2ef-e44461d35697:c5639]
2019-09-17 12:49:04,438 [grpc-default-executor-2] INFO  client.GrpcClientProtocolClient (GrpcClientProtocolClient.java:onNext(264)) - client-E41C008B94D2->cb20f782-9136-4144-a2ef-e44461d35697: receive RaftClientReply:client-E41C008B94D2->cb20f782-9136-4144-a2ef-e44461d35697@group-EF222054BC57, cid=4021, SUCCESS, logIndex=5640, commits[cb20f782-9136-4144-a2ef-e44461d35697:c5641]
2019-09-17 12:49:04,438 [grpc-default-executor-2] INFO  client.GrpcClientProtocolClient (GrpcClientProtocolClient.java:onNext(264)) - client-E41C008B94D2->cb20f782-9136-4144-a2ef-e44461d35697: receive RaftClientReply:client-E41C008B94D2->cb20f782-9136-4144-a2ef-e44461d35697@group-EF222054BC57, cid=4022, SUCCESS, logIndex=5641, commits[cb20f782-9136-4144-a2ef-e44461d35697:c5642]
2019-09-17 12:49:04,500 [SCMBlockDeletingService#0] DEBUG block.SCMBlockDeletingService (SCMBlockDeletingService.java:call(138)) - Running DeletedBlockTransactionScanner
2019-09-17 12:49:04,500 [SCMBlockDeletingService#0] DEBUG block.SCMBlockDeletingService (SCMBlockDeletingService.java:call(155)) - Scanned deleted blocks log and got 0 delTX to process.
2019-09-17 12:49:04,624 [SCMBlockDeletingService#0] DEBUG block.SCMBlockDeletingService (SCMBlockDeletingService.java:call(138)) - Running DeletedBlockTransactionScanner
2019-09-17 12:49:04,625 [SCMBlockDeletingService#0] DEBUG block.SCMBlockDeletingService (SCMBlockDeletingService.java:call(155)) - Scanned deleted blocks log and got 0 delTX to process.
2019-09-17 12:49:04,652 [grpc-default-executor-1] INFO  client.GrpcClientProtocolClient (GrpcClientProtocolClient.java:onNext(264)) - client-E41C008B94D2->cb20f782-9136-4144-a2ef-e44461d35697: receive RaftClientReply:client-E41C008B94D2->cb20f782-9136-4144-a2ef-e44461d35697@group-EF222054BC57, cid=4023, SUCCESS, logIndex=5643, commits[cb20f782-9136-4144-a2ef-e44461d35697:c5644]
2019-09-17 12:49:04,652 [grpc-default-executor-1] INFO  client.GrpcClientProtocolClient (GrpcClientProtocolClient.java:onNext(264)) - client-E41C008B94D2->cb20f782-9136-4144-a2ef-e44461d35697: receive RaftClientReply:client-E41C008B94D2->cb20f782-9136-4144-a2ef-e44461d35697@group-EF222054BC57, cid=4024, SUCCESS, logIndex=5644, commits[cb20f782-9136-4144-a2ef-e44461d35697:c5645]
2019-09-17 12:49:04,683 [grpc-default-executor-1] INFO  client.GrpcClientProtocolClient (GrpcClientProtocolClient.java:onNext(264)) - client-E41C008B94D2->cb20f782-9136-4144-a2ef-e44461d35697: receive RaftClientReply:client-E41C008B94D2->cb20f782-9136-4144-a2ef-e44461d35697@group-EF222054BC57, cid=4025, SUCCESS, logIndex=5646, commits[cb20f782-9136-4144-a2ef-e44461d35697:c5647]
2019-09-17 12:49:04,683 [grpc-default-executor-1] INFO  client.GrpcClientProtocolClient (GrpcClientProtocolClient.java:onNext(264)) - client-E41C008B94D2->cb20f782-9136-4144-a2ef-e44461d35697: receive RaftClientReply:client-E41C008B94D2->cb20f782-9136-4144-a2ef-e44461d35697@group-EF222054BC57, cid=4026, SUCCESS, logIndex=5647, commits[cb20f782-9136-4144-a2ef-e44461d35697:c5647]
2019-09-17 12:49:04,691 [grpc-default-executor-1] INFO  client.GrpcClientProtocolClient (GrpcClientProtocolClient.java:onNext(264)) - client-E41C008B94D2->cb20f782-9136-4144-a2ef-e44461d35697: receive RaftClientReply:client-E41C008B94D2->cb20f782-9136-4144-a2ef-e44461d35697@group-EF222054BC57, cid=4027, SUCCESS, logIndex=5648, commits[cb20f782-9136-4144-a2ef-e44461d35697:c5649]
2019-09-17 12:49:04,692 [grpc-default-executor-1] INFO  client.GrpcClientProtocolClient (GrpcClientProtocolClient.java:onNext(264)) - client-E41C008B94D2->cb20f782-9136-4144-a2ef-e44461d35697: receive RaftClientReply:client-E41C008B94D2->cb20f782-9136-4144-a2ef-e44461d35697@group-EF222054BC57, cid=4028, SUCCESS, logIndex=5649, commits[cb20f782-9136-4144-a2ef-e44461d35697:c5650]
2019-09-17 12:49:04,713 [grpc-default-executor-2] INFO  client.GrpcClientProtocolClient (GrpcClientProtocolClient.java:onNext(264)) - client-E41C008B94D2->cb20f782-9136-4144-a2ef-e44461d35697: receive RaftClientReply:client-E41C008B94D2->cb20f782-9136-4144-a2ef-e44461d35697@group-EF222054BC57, cid=4029, SUCCESS, logIndex=5652, commits[cb20f782-9136-4144-a2ef-e44461d35697:c5653]
2019-09-17 12:49:04,714 [grpc-default-executor-2] INFO  client.GrpcClientProtocolClient (GrpcClientProtocolClient.java:onNext(264)) - client-E41C008B94D2->cb20f782-9136-4144-a2ef-e44461d35697: receive RaftClientReply:client-E41C008B94D2->cb20f782-9136-4144-a2ef-e44461d35697@group-EF222054BC57, cid=4030, SUCCESS, logIndex=5653, commits[cb20f782-9136-4144-a2ef-e44461d35697:c5655]
2019-09-17 12:49:04,714 [grpc-default-executor-2] INFO  client.GrpcClientProtocolClient (GrpcClientProtocolClient.java:onNext(264)) - client-E41C008B94D2->cb20f782-9136-4144-a2ef-e44461d35697: receive RaftClientReply:client-E41C008B94D2->cb20f782-9136-4144-a2ef-e44461d35697@group-EF222054BC57, cid=4031, SUCCESS, logIndex=5654, commits[cb20f782-9136-4144-a2ef-e44461d35697:c5656]
2019-09-17 12:49:04,714 [grpc-default-executor-2] INFO  client.GrpcClientProtocolClient (GrpcClientProtocolClient.java:onNext(264)) - client-E41C008B94D2->cb20f782-9136-4144-a2ef-e44461d35697: receive RaftClientReply:client-E41C008B94D2->cb20f782-9136-4144-a2ef-e44461d35697@group-EF222054BC57, cid=4032, SUCCESS, logIndex=5655, commits[cb20f782-9136-4144-a2ef-e44461d35697:c5656]
2019-09-17 12:49:04,725 [SCMBlockDeletingService#0] DEBUG block.SCMBlockDeletingService (SCMBlockDeletingService.java:call(138)) - Running DeletedBlockTransactionScanner
2019-09-17 12:49:04,725 [SCMBlockDeletingService#0] DEBUG block.SCMBlockDeletingService (SCMBlockDeletingService.java:call(155)) - Scanned deleted blocks log and got 0 delTX to process.
2019-09-17 12:49:04,745 [grpc-default-executor-1] INFO  client.GrpcClientProtocolClient (GrpcClientProtocolClient.java:onNext(264)) - client-E41C008B94D2->cb20f782-9136-4144-a2ef-e44461d35697: receive RaftClientReply:client-E41C008B94D2->cb20f782-9136-4144-a2ef-e44461d35697@group-EF222054BC57, cid=4033, SUCCESS, logIndex=5658, commits[cb20f782-9136-4144-a2ef-e44461d35697:c5659]
2019-09-17 12:49:04,745 [grpc-default-executor-1] INFO  client.GrpcClientProtocolClient (GrpcClientProtocolClient.java:onNext(264)) - client-E41C008B94D2->cb20f782-9136-4144-a2ef-e44461d35697: receive RaftClientReply:client-E41C008B94D2->cb20f782-9136-4144-a2ef-e44461d35697@group-EF222054BC57, cid=4034, SUCCESS, logIndex=5659, commits[cb20f782-9136-4144-a2ef-e44461d35697:c5661]
2019-09-17 12:49:04,745 [grpc-default-executor-1] INFO  client.GrpcClientProtocolClient (GrpcClientProtocolClient.java:onNext(264)) - client-E41C008B94D2->cb20f782-9136-4144-a2ef-e44461d35697: receive RaftClientReply:client-E41C008B94D2->cb20f782-9136-4144-a2ef-e44461d35697@group-EF222054BC57, cid=4035, SUCCESS, logIndex=5660, commits[cb20f782-9136-4144-a2ef-e44461d35697:c5661]
2019-09-17 12:49:04,746 [grpc-default-executor-1] INFO  client.GrpcClientProtocolClient (GrpcClientProtocolClient.java:onNext(264)) - client-E41C008B94D2->cb20f782-9136-4144-a2ef-e44461d35697: receive RaftClientReply:client-E41C008B94D2->cb20f782-9136-4144-a2ef-e44461d35697@group-EF222054BC57, cid=4036, SUCCESS, logIndex=5661, commits[cb20f782-9136-4144-a2ef-e44461d35697:c5661]
2019-09-17 12:49:04,764 [grpc-default-executor-1] INFO  client.GrpcClientProtocolClient (GrpcClientProtocolClient.java:onNext(264)) - client-E41C008B94D2->cb20f782-9136-4144-a2ef-e44461d35697: receive RaftClientReply:client-E41C008B94D2->cb20f782-9136-4144-a2ef-e44461d35697@group-EF222054BC57, cid=4037, SUCCESS, logIndex=5664, commits[cb20f782-9136-4144-a2ef-e44461d35697:c5665]
2019-09-17 12:49:04,764 [grpc-default-executor-1] INFO  client.GrpcClientProtocolClient (GrpcClientProtocolClient.java:onNext(264)) - client-E41C008B94D2->cb20f782-9136-4144-a2ef-e44461d35697: receive RaftClientReply:client-E41C008B94D2->cb20f782-9136-4144-a2ef-e44461d35697@group-EF222054BC57, cid=4038, SUCCESS, logIndex=5665, commits[cb20f782-9136-4144-a2ef-e44461d35697:c5667]
2019-09-17 12:49:04,765 [grpc-default-executor-1] INFO  client.GrpcClientProtocolClient (GrpcClientProtocolClient.java:onNext(264)) - client-E41C008B94D2->cb20f782-9136-4144-a2ef-e44461d35697: receive RaftClientReply:client-E41C008B94D2->cb20f782-9136-4144-a2ef-e44461d35697@group-EF222054BC57, cid=4039, SUCCESS, logIndex=5666, commits[cb20f782-9136-4144-a2ef-e44461d35697:c5668]
2019-09-17 12:49:04,765 [grpc-default-executor-1] INFO  client.GrpcClientProtocolClient (GrpcClientProtocolClient.java:onNext(264)) - client-E41C008B94D2->cb20f782-9136-4144-a2ef-e44461d35697: receive RaftClientReply:client-E41C008B94D2->cb20f782-9136-4144-a2ef-e44461d35697@group-EF222054BC57, cid=4040, SUCCESS, logIndex=5667, commits[cb20f782-9136-4144-a2ef-e44461d35697:c5668]
2019-09-17 12:49:04,794 [grpc-default-executor-1] INFO  client.GrpcClientProtocolClient (GrpcClientProtocolClient.java:onNext(264)) - client-E41C008B94D2->cb20f782-9136-4144-a2ef-e44461d35697: receive RaftClientReply:client-E41C008B94D2->cb20f782-9136-4144-a2ef-e44461d35697@group-EF222054BC57, cid=4041, SUCCESS, logIndex=5670, commits[cb20f782-9136-4144-a2ef-e44461d35697:c5671]
2019-09-17 12:49:04,795 [grpc-default-executor-1] INFO  client.GrpcClientProtocolClient (GrpcClientProtocolClient.java:onNext(264)) - client-E41C008B94D2->cb20f782-9136-4144-a2ef-e44461d35697: receive RaftClientReply:client-E41C008B94D2->cb20f782-9136-4144-a2ef-e44461d35697@group-EF222054BC57, cid=4042, SUCCESS, logIndex=5671, commits[cb20f782-9136-4144-a2ef-e44461d35697:c5673]
2019-09-17 12:49:04,795 [grpc-default-executor-1] INFO  client.GrpcClientProtocolClient (GrpcClientProtocolClient.java:onNext(264)) - client-E41C008B94D2->cb20f782-9136-4144-a2ef-e44461d35697: receive RaftClientReply:client-E41C008B94D2->cb20f782-9136-4144-a2ef-e44461d35697@group-EF222054BC57, cid=4043, SUCCESS, logIndex=5672, commits[cb20f782-9136-4144-a2ef-e44461d35697:c5674]
2019-09-17 12:49:04,795 [grpc-default-executor-1] INFO  client.GrpcClientProtocolClient (GrpcClientProtocolClient.java:onNext(264)) - client-E41C008B94D2->cb20f782-9136-4144-a2ef-e44461d35697: receive RaftClientReply:client-E41C008B94D2->cb20f782-9136-4144-a2ef-e44461d35697@group-EF222054BC57, cid=4044, SUCCESS, logIndex=5673, commits[cb20f782-9136-4144-a2ef-e44461d35697:c5674]
2019-09-17 12:49:04,813 [grpc-default-executor-2] INFO  client.GrpcClientProtocolClient (GrpcClientProtocolClient.java:onNext(264)) - client-E41C008B94D2->cb20f782-9136-4144-a2ef-e44461d35697: receive RaftClientReply:client-E41C008B94D2->cb20f782-9136-4144-a2ef-e44461d35697@group-EF222054BC57, cid=4045, SUCCESS, logIndex=5676, commits[cb20f782-9136-4144-a2ef-e44461d35697:c5679]
2019-09-17 12:49:04,813 [grpc-default-executor-2] INFO  client.GrpcClientProtocolClient (GrpcClientProtocolClient.java:onNext(264)) - client-E41C008B94D2->cb20f782-9136-4144-a2ef-e44461d35697: receive RaftClientReply:client-E41C008B94D2->cb20f782-9136-4144-a2ef-e44461d35697@group-EF222054BC57, cid=4046, SUCCESS, logIndex=5677, commits[cb20f782-9136-4144-a2ef-e44461d35697:c5679]
2019-09-17 12:49:04,813 [grpc-default-executor-2] INFO  client.GrpcClientProtocolClient (GrpcClientProtocolClient.java:onNext(264)) - client-E41C008B94D2->cb20f782-9136-4144-a2ef-e44461d35697: receive RaftClientReply:client-E41C008B94D2->cb20f782-9136-4144-a2ef-e44461d35697@group-EF222054BC57, cid=4047, SUCCESS, logIndex=5678, commits[cb20f782-9136-4144-a2ef-e44461d35697:c5680]
2019-09-17 12:49:04,814 [grpc-default-executor-2] INFO  client.GrpcClientProtocolClient (GrpcClientProtocolClient.java:onNext(264)) - client-E41C008B94D2->cb20f782-9136-4144-a2ef-e44461d35697: receive RaftClientReply:client-E41C008B94D2->cb20f782-9136-4144-a2ef-e44461d35697@group-EF222054BC57, cid=4048, SUCCESS, logIndex=5679, commits[cb20f782-9136-4144-a2ef-e44461d35697:c5680]
2019-09-17 12:49:04,826 [SCMBlockDeletingService#0] DEBUG block.SCMBlockDeletingService (SCMBlockDeletingService.java:call(138)) - Running DeletedBlockTransactionScanner
2019-09-17 12:49:04,826 [SCMBlockDeletingService#0] DEBUG block.SCMBlockDeletingService (SCMBlockDeletingService.java:call(155)) - Scanned deleted blocks log and got 0 delTX to process.
2019-09-17 12:49:04,843 [grpc-default-executor-2] INFO  client.GrpcClientProtocolClient (GrpcClientProtocolClient.java:onNext(264)) - client-E41C008B94D2->cb20f782-9136-4144-a2ef-e44461d35697: receive RaftClientReply:client-E41C008B94D2->cb20f782-9136-4144-a2ef-e44461d35697@group-EF222054BC57, cid=4049, SUCCESS, logIndex=5682, commits[cb20f782-9136-4144-a2ef-e44461d35697:c5683]
2019-09-17 12:49:04,844 [grpc-default-executor-2] INFO  client.GrpcClientProtocolClient (GrpcClientProtocolClient.java:onNext(264)) - client-E41C008B94D2->cb20f782-9136-4144-a2ef-e44461d35697: receive RaftClientReply:client-E41C008B94D2->cb20f782-9136-4144-a2ef-e44461d35697@group-EF222054BC57, cid=4050, SUCCESS, logIndex=5683, commits[cb20f782-9136-4144-a2ef-e44461d35697:c5685]
2019-09-17 12:49:04,844 [grpc-default-executor-2] INFO  client.GrpcClientProtocolClient (GrpcClientProtocolClient.java:onNext(264)) - client-E41C008B94D2->cb20f782-9136-4144-a2ef-e44461d35697: receive RaftClientReply:client-E41C008B94D2->cb20f782-9136-4144-a2ef-e44461d35697@group-EF222054BC57, cid=4051, SUCCESS, logIndex=5684, commits[cb20f782-9136-4144-a2ef-e44461d35697:c5686]
2019-09-17 12:49:04,844 [grpc-default-executor-2] INFO  client.GrpcClientProtocolClient (GrpcClientProtocolClient.java:onNext(264)) - client-E41C008B94D2->cb20f782-9136-4144-a2ef-e44461d35697: receive RaftClientReply:client-E41C008B94D2->cb20f782-9136-4144-a2ef-e44461d35697@group-EF222054BC57, cid=4052, SUCCESS, logIndex=5685, commits[cb20f782-9136-4144-a2ef-e44461d35697:c5686]
2019-09-17 12:49:04,862 [grpc-default-executor-2] INFO  client.GrpcClientProtocolClient (GrpcClientProtocolClient.java:onNext(264)) - client-E41C008B94D2->cb20f782-9136-4144-a2ef-e44461d35697: receive RaftClientReply:client-E41C008B94D2->cb20f782-9136-4144-a2ef-e44461d35697@group-EF222054BC57, cid=4053, SUCCESS, logIndex=5688, commits[cb20f782-9136-4144-a2ef-e44461d35697:c5689]
2019-09-17 12:49:04,863 [grpc-default-executor-2] INFO  client.GrpcClientProtocolClient (GrpcClientProtocolClient.java:onNext(264)) - client-E41C008B94D2->cb20f782-9136-4144-a2ef-e44461d35697: receive RaftClientReply:client-E41C008B94D2->cb20f782-9136-4144-a2ef-e44461d35697@group-EF222054BC57, cid=4054, SUCCESS, logIndex=5689, commits[cb20f782-9136-4144-a2ef-e44461d35697:c5691]
2019-09-17 12:49:04,863 [grpc-default-executor-2] INFO  client.GrpcClientProtocolClient (GrpcClientProtocolClient.java:onNext(264)) - client-E41C008B94D2->cb20f782-9136-4144-a2ef-e44461d35697: receive RaftClientReply:client-E41C008B94D2->cb20f782-9136-4144-a2ef-e44461d35697@group-EF222054BC57, cid=4055, SUCCESS, logIndex=5690, commits[cb20f782-9136-4144-a2ef-e44461d35697:c5692]
2019-09-17 12:49:04,863 [grpc-default-executor-2] INFO  client.GrpcClientProtocolClient (GrpcClientProtocolClient.java:onNext(264)) - client-E41C008B94D2->cb20f782-9136-4144-a2ef-e44461d35697: receive RaftClientReply:client-E41C008B94D2->cb20f782-9136-4144-a2ef-e44461d35697@group-EF222054BC57, cid=4056, SUCCESS, logIndex=5691, commits[cb20f782-9136-4144-a2ef-e44461d35697:c5692]
2019-09-17 12:49:04,893 [grpc-default-executor-1] INFO  client.GrpcClientProtocolClient (GrpcClientProtocolClient.java:onNext(264)) - client-E41C008B94D2->cb20f782-9136-4144-a2ef-e44461d35697: receive RaftClientReply:client-E41C008B94D2->cb20f782-9136-4144-a2ef-e44461d35697@group-EF222054BC57, cid=4057, SUCCESS, logIndex=5694, commits[cb20f782-9136-4144-a2ef-e44461d35697:c5697]
2019-09-17 12:49:04,894 [grpc-default-executor-1] INFO  client.GrpcClientProtocolClient (GrpcClientProtocolClient.java:onNext(264)) - client-E41C008B94D2->cb20f782-9136-4144-a2ef-e44461d35697: receive RaftClientReply:client-E41C008B94D2->cb20f782-9136-4144-a2ef-e44461d35697@group-EF222054BC57, cid=4058, SUCCESS, logIndex=5695, commits[cb20f782-9136-4144-a2ef-e44461d35697:c5697]
2019-09-17 12:49:04,894 [grpc-default-executor-1] INFO  client.GrpcClientProtocolClient (GrpcClientProtocolClient.java:onNext(264)) - client-E41C008B94D2->cb20f782-9136-4144-a2ef-e44461d35697: receive RaftClientReply:client-E41C008B94D2->cb20f782-9136-4144-a2ef-e44461d35697@group-EF222054BC57, cid=4059, SUCCESS, logIndex=5696, commits[cb20f782-9136-4144-a2ef-e44461d35697:c5698]
2019-09-17 12:49:04,894 [grpc-default-executor-1] INFO  client.GrpcClientProtocolClient (GrpcClientProtocolClient.java:onNext(264)) - client-E41C008B94D2->cb20f782-9136-4144-a2ef-e44461d35697: receive RaftClientReply:client-E41C008B94D2->cb20f782-9136-4144-a2ef-e44461d35697@group-EF222054BC57, cid=4060, SUCCESS, logIndex=5697, commits[cb20f782-9136-4144-a2ef-e44461d35697:c5698]
2019-09-17 12:49:04,903 [grpc-default-executor-1] INFO  client.GrpcClientProtocolClient (GrpcClientProtocolClient.java:onNext(264)) - client-E41C008B94D2->cb20f782-9136-4144-a2ef-e44461d35697: receive RaftClientReply:client-E41C008B94D2->cb20f782-9136-4144-a2ef-e44461d35697@group-EF222054BC57, cid=4061, SUCCESS, logIndex=5699, commits[cb20f782-9136-4144-a2ef-e44461d35697:c5700]
2019-09-17 12:49:04,903 [grpc-default-executor-1] INFO  client.GrpcClientProtocolClient (GrpcClientProtocolClient.java:onNext(264)) - client-E41C008B94D2->cb20f782-9136-4144-a2ef-e44461d35697: receive RaftClientReply:client-E41C008B94D2->cb20f782-9136-4144-a2ef-e44461d35697@group-EF222054BC57, cid=4062, SUCCESS, logIndex=5700, commits[cb20f782-9136-4144-a2ef-e44461d35697:c5702]
2019-09-17 12:49:04,903 [grpc-default-executor-1] INFO  client.GrpcClientProtocolClient (GrpcClientProtocolClient.java:onNext(264)) - client-E41C008B94D2->cb20f782-9136-4144-a2ef-e44461d35697: receive RaftClientReply:client-E41C008B94D2->cb20f782-9136-4144-a2ef-e44461d35697@group-EF222054BC57, cid=4063, SUCCESS, logIndex=5701, commits[cb20f782-9136-4144-a2ef-e44461d35697:c5702]
2019-09-17 12:49:04,903 [grpc-default-executor-1] INFO  client.GrpcClientProtocolClient (GrpcClientProtocolClient.java:onNext(264)) - client-E41C008B94D2->cb20f782-9136-4144-a2ef-e44461d35697: receive RaftClientReply:client-E41C008B94D2->cb20f782-9136-4144-a2ef-e44461d35697@group-EF222054BC57, cid=4064, SUCCESS, logIndex=5702, commits[cb20f782-9136-4144-a2ef-e44461d35697:c5703]
2019-09-17 12:49:04,926 [grpc-default-executor-2] INFO  client.GrpcClientProtocolClient (GrpcClientProtocolClient.java:onNext(264)) - client-E41C008B94D2->cb20f782-9136-4144-a2ef-e44461d35697: receive RaftClientReply:client-E41C008B94D2->cb20f782-9136-4144-a2ef-e44461d35697@group-EF222054BC57, cid=4065, SUCCESS, logIndex=5705, commits[cb20f782-9136-4144-a2ef-e44461d35697:c5706]
2019-09-17 12:49:04,926 [SCMBlockDeletingService#0] DEBUG block.SCMBlockDeletingService (SCMBlockDeletingService.java:call(138)) - Running DeletedBlockTransactionScanner
2019-09-17 12:49:04,926 [grpc-default-executor-2] INFO  client.GrpcClientProtocolClient (GrpcClientProtocolClient.java:onNext(264)) - client-E41C008B94D2->cb20f782-9136-4144-a2ef-e44461d35697: receive RaftClientReply:client-E41C008B94D2->cb20f782-9136-4144-a2ef-e44461d35697@group-EF222054BC57, cid=4066, SUCCESS, logIndex=5706, commits[cb20f782-9136-4144-a2ef-e44461d35697:c5707]
2019-09-17 12:49:04,926 [SCMBlockDeletingService#0] DEBUG block.SCMBlockDeletingService (SCMBlockDeletingService.java:call(155)) - Scanned deleted blocks log and got 0 delTX to process.
2019-09-17 12:49:05,027 [SCMBlockDeletingService#0] DEBUG block.SCMBlockDeletingService (SCMBlockDeletingService.java:call(138)) - Running DeletedBlockTransactionScanner
2019-09-17 12:49:05,027 [SCMBlockDeletingService#0] DEBUG block.SCMBlockDeletingService (SCMBlockDeletingService.java:call(155)) - Scanned deleted blocks log and got 0 delTX to process.
2019-09-17 12:49:05,030 [grpc-default-executor-1] INFO  client.GrpcClientProtocolClient (GrpcClientProtocolClient.java:onNext(264)) - client-E41C008B94D2->cb20f782-9136-4144-a2ef-e44461d35697: receive RaftClientReply:client-E41C008B94D2->cb20f782-9136-4144-a2ef-e44461d35697@group-EF222054BC57, cid=4067, SUCCESS, logIndex=5708, commits[cb20f782-9136-4144-a2ef-e44461d35697:c5709]
2019-09-17 12:49:05,031 [grpc-default-executor-1] INFO  client.GrpcClientProtocolClient (GrpcClientProtocolClient.java:onNext(264)) - client-E41C008B94D2->cb20f782-9136-4144-a2ef-e44461d35697: receive RaftClientReply:client-E41C008B94D2->cb20f782-9136-4144-a2ef-e44461d35697@group-EF222054BC57, cid=4068, SUCCESS, logIndex=5709, commits[cb20f782-9136-4144-a2ef-e44461d35697:c5710]
2019-09-17 12:49:05,053 [grpc-default-executor-2] INFO  client.GrpcClientProtocolClient (GrpcClientProtocolClient.java:onNext(264)) - client-E41C008B94D2->cb20f782-9136-4144-a2ef-e44461d35697: receive RaftClientReply:client-E41C008B94D2->cb20f782-9136-4144-a2ef-e44461d35697@group-EF222054BC57, cid=4069, SUCCESS, logIndex=5711, commits[cb20f782-9136-4144-a2ef-e44461d35697:c5714]
2019-09-17 12:49:05,054 [grpc-default-executor-2] INFO  client.GrpcClientProtocolClient (GrpcClientProtocolClient.java:onNext(264)) - client-E41C008B94D2->cb20f782-9136-4144-a2ef-e44461d35697: receive RaftClientReply:client-E41C008B94D2->cb20f782-9136-4144-a2ef-e44461d35697@group-EF222054BC57, cid=4070, SUCCESS, logIndex=5712, commits[cb20f782-9136-4144-a2ef-e44461d35697:c5714]
2019-09-17 12:49:05,054 [grpc-default-executor-2] INFO  client.GrpcClientProtocolClient (GrpcClientProtocolClient.java:onNext(264)) - client-E41C008B94D2->cb20f782-9136-4144-a2ef-e44461d35697: receive RaftClientReply:client-E41C008B94D2->cb20f782-9136-4144-a2ef-e44461d35697@group-EF222054BC57, cid=4071, SUCCESS, logIndex=5713, commits[cb20f782-9136-4144-a2ef-e44461d35697:c5714]
2019-09-17 12:49:05,055 [grpc-default-executor-2] INFO  client.GrpcClientProtocolClient (GrpcClientProtocolClient.java:onNext(264)) - client-E41C008B94D2->cb20f782-9136-4144-a2ef-e44461d35697: receive RaftClientReply:client-E41C008B94D2->cb20f782-9136-4144-a2ef-e44461d35697@group-EF222054BC57, cid=4072, SUCCESS, logIndex=5714, commits[cb20f782-9136-4144-a2ef-e44461d35697:c5714]
2019-09-17 12:49:05,083 [grpc-default-executor-1] INFO  client.GrpcClientProtocolClient (GrpcClientProtocolClient.java:onNext(264)) - client-E41C008B94D2->cb20f782-9136-4144-a2ef-e44461d35697: receive RaftClientReply:client-E41C008B94D2->cb20f782-9136-4144-a2ef-e44461d35697@group-EF222054BC57, cid=4073, SUCCESS, logIndex=5716, commits[cb20f782-9136-4144-a2ef-e44461d35697:c5719]
2019-09-17 12:49:05,083 [grpc-default-executor-1] INFO  client.GrpcClientProtocolClient (GrpcClientProtocolClient.java:onNext(264)) - client-E41C008B94D2->cb20f782-9136-4144-a2ef-e44461d35697: receive RaftClientReply:client-E41C008B94D2->cb20f782-9136-4144-a2ef-e44461d35697@group-EF222054BC57, cid=4074, SUCCESS, logIndex=5717, commits[cb20f782-9136-4144-a2ef-e44461d35697:c5720]
2019-09-17 12:49:05,084 [grpc-default-executor-1] INFO  client.GrpcClientProtocolClient (GrpcClientProtocolClient.java:onNext(264)) - client-E41C008B94D2->cb20f782-9136-4144-a2ef-e44461d35697: receive RaftClientReply:client-E41C008B94D2->cb20f782-9136-4144-a2ef-e44461d35697@group-EF222054BC57, cid=4075, SUCCESS, logIndex=5718, commits[cb20f782-9136-4144-a2ef-e44461d35697:c5720]
2019-09-17 12:49:05,084 [grpc-default-executor-1] INFO  client.GrpcClientProtocolClient (GrpcClientProtocolClient.java:onNext(264)) - client-E41C008B94D2->cb20f782-9136-4144-a2ef-e44461d35697: receive RaftClientReply:client-E41C008B94D2->cb20f782-9136-4144-a2ef-e44461d35697@group-EF222054BC57, cid=4076, SUCCESS, logIndex=5719, commits[cb20f782-9136-4144-a2ef-e44461d35697:c5720]
2019-09-17 12:49:05,101 [grpc-default-executor-2] INFO  client.GrpcClientProtocolClient (GrpcClientProtocolClient.java:onNext(264)) - client-E41C008B94D2->cb20f782-9136-4144-a2ef-e44461d35697: receive RaftClientReply:client-E41C008B94D2->cb20f782-9136-4144-a2ef-e44461d35697@group-EF222054BC57, cid=4077, SUCCESS, logIndex=5721, commits[cb20f782-9136-4144-a2ef-e44461d35697:c5722]
2019-09-17 12:49:05,101 [grpc-default-executor-2] INFO  client.GrpcClientProtocolClient (GrpcClientProtocolClient.java:onNext(264)) - client-E41C008B94D2->cb20f782-9136-4144-a2ef-e44461d35697: receive RaftClientReply:client-E41C008B94D2->cb20f782-9136-4144-a2ef-e44461d35697@group-EF222054BC57, cid=4078, SUCCESS, logIndex=5722, commits[cb20f782-9136-4144-a2ef-e44461d35697:c5722]
2019-09-17 12:49:05,101 [grpc-default-executor-2] INFO  client.GrpcClientProtocolClient (GrpcClientProtocolClient.java:onNext(264)) - client-E41C008B94D2->cb20f782-9136-4144-a2ef-e44461d35697: receive RaftClientReply:client-E41C008B94D2->cb20f782-9136-4144-a2ef-e44461d35697@group-EF222054BC57, cid=4079, SUCCESS, logIndex=5723, commits[cb20f782-9136-4144-a2ef-e44461d35697:c5724]
2019-09-17 12:49:05,102 [grpc-default-executor-2] INFO  client.GrpcClientProtocolClient (GrpcClientProtocolClient.java:onNext(264)) - client-E41C008B94D2->cb20f782-9136-4144-a2ef-e44461d35697: receive RaftClientReply:client-E41C008B94D2->cb20f782-9136-4144-a2ef-e44461d35697@group-EF222054BC57, cid=4080, SUCCESS, logIndex=5724, commits[cb20f782-9136-4144-a2ef-e44461d35697:c5724]
2019-09-17 12:49:05,127 [SCMBlockDeletingService#0] DEBUG block.SCMBlockDeletingService (SCMBlockDeletingService.java:call(138)) - Running DeletedBlockTransactionScanner
2019-09-17 12:49:05,128 [SCMBlockDeletingService#0] DEBUG block.SCMBlockDeletingService (SCMBlockDeletingService.java:call(155)) - Scanned deleted blocks log and got 0 delTX to process.
2019-09-17 12:49:05,129 [grpc-default-executor-2] INFO  client.GrpcClientProtocolClient (GrpcClientProtocolClient.java:onNext(264)) - client-E41C008B94D2->cb20f782-9136-4144-a2ef-e44461d35697: receive RaftClientReply:client-E41C008B94D2->cb20f782-9136-4144-a2ef-e44461d35697@group-EF222054BC57, cid=4081, SUCCESS, logIndex=5727, commits[cb20f782-9136-4144-a2ef-e44461d35697:c5730]
2019-09-17 12:49:05,129 [grpc-default-executor-2] INFO  client.GrpcClientProtocolClient (GrpcClientProtocolClient.java:onNext(264)) - client-E41C008B94D2->cb20f782-9136-4144-a2ef-e44461d35697: receive RaftClientReply:client-E41C008B94D2->cb20f782-9136-4144-a2ef-e44461d35697@group-EF222054BC57, cid=4082, SUCCESS, logIndex=5728, commits[cb20f782-9136-4144-a2ef-e44461d35697:c5730]
2019-09-17 12:49:05,129 [grpc-default-executor-2] INFO  client.GrpcClientProtocolClient (GrpcClientProtocolClient.java:onNext(264)) - client-E41C008B94D2->cb20f782-9136-4144-a2ef-e44461d35697: receive RaftClientReply:client-E41C008B94D2->cb20f782-9136-4144-a2ef-e44461d35697@group-EF222054BC57, cid=4083, SUCCESS, logIndex=5729, commits[cb20f782-9136-4144-a2ef-e44461d35697:c5731]
2019-09-17 12:49:05,129 [grpc-default-executor-2] INFO  client.GrpcClientProtocolClient (GrpcClientProtocolClient.java:onNext(264)) - client-E41C008B94D2->cb20f782-9136-4144-a2ef-e44461d35697: receive RaftClientReply:client-E41C008B94D2->cb20f782-9136-4144-a2ef-e44461d35697@group-EF222054BC57, cid=4084, SUCCESS, logIndex=5730, commits[cb20f782-9136-4144-a2ef-e44461d35697:c5731]
2019-09-17 12:49:05,147 [grpc-default-executor-2] INFO  client.GrpcClientProtocolClient (GrpcClientProtocolClient.java:onNext(264)) - client-E41C008B94D2->cb20f782-9136-4144-a2ef-e44461d35697: receive RaftClientReply:client-E41C008B94D2->cb20f782-9136-4144-a2ef-e44461d35697@group-EF222054BC57, cid=4085, SUCCESS, logIndex=5732, commits[cb20f782-9136-4144-a2ef-e44461d35697:c5735]
2019-09-17 12:49:05,147 [grpc-default-executor-2] INFO  client.GrpcClientProtocolClient (GrpcClientProtocolClient.java:onNext(264)) - client-E41C008B94D2->cb20f782-9136-4144-a2ef-e44461d35697: receive RaftClientReply:client-E41C008B94D2->cb20f782-9136-4144-a2ef-e44461d35697@group-EF222054BC57, cid=4086, SUCCESS, logIndex=5733, commits[cb20f782-9136-4144-a2ef-e44461d35697:c5735]
2019-09-17 12:49:05,148 [grpc-default-executor-2] INFO  client.GrpcClientProtocolClient (GrpcClientProtocolClient.java:onNext(264)) - client-E41C008B94D2->cb20f782-9136-4144-a2ef-e44461d35697: receive RaftClientReply:client-E41C008B94D2->cb20f782-9136-4144-a2ef-e44461d35697@group-EF222054BC57, cid=4087, SUCCESS, logIndex=5734, commits[cb20f782-9136-4144-a2ef-e44461d35697:c5736]
2019-09-17 12:49:05,148 [grpc-default-executor-2] INFO  client.GrpcClientProtocolClient (GrpcClientProtocolClient.java:onNext(264)) - client-E41C008B94D2->cb20f782-9136-4144-a2ef-e44461d35697: receive RaftClientReply:client-E41C008B94D2->cb20f782-9136-4144-a2ef-e44461d35697@group-EF222054BC57, cid=4088, SUCCESS, logIndex=5735, commits[cb20f782-9136-4144-a2ef-e44461d35697:c5736]
2019-09-17 12:49:05,179 [grpc-default-executor-1] INFO  client.GrpcClientProtocolClient (GrpcClientProtocolClient.java:onNext(264)) - client-E41C008B94D2->cb20f782-9136-4144-a2ef-e44461d35697: receive RaftClientReply:client-E41C008B94D2->cb20f782-9136-4144-a2ef-e44461d35697@group-EF222054BC57, cid=4089, SUCCESS, logIndex=5737, commits[cb20f782-9136-4144-a2ef-e44461d35697:c5740]
2019-09-17 12:49:05,180 [grpc-default-executor-1] INFO  client.GrpcClientProtocolClient (GrpcClientProtocolClient.java:onNext(264)) - client-E41C008B94D2->cb20f782-9136-4144-a2ef-e44461d35697: receive RaftClientReply:client-E41C008B94D2->cb20f782-9136-4144-a2ef-e44461d35697@group-EF222054BC57, cid=4090, SUCCESS, logIndex=5738, commits[cb20f782-9136-4144-a2ef-e44461d35697:c5741]
2019-09-17 12:49:05,180 [grpc-default-executor-1] INFO  client.GrpcClientProtocolClient (GrpcClientProtocolClient.java:onNext(264)) - client-E41C008B94D2->cb20f782-9136-4144-a2ef-e44461d35697: receive RaftClientReply:client-E41C008B94D2->cb20f782-9136-4144-a2ef-e44461d35697@group-EF222054BC57, cid=4091, SUCCESS, logIndex=5739, commits[cb20f782-9136-4144-a2ef-e44461d35697:c5741]
2019-09-17 12:49:05,180 [grpc-default-executor-1] INFO  client.GrpcClientProtocolClient (GrpcClientProtocolClient.java:onNext(264)) - client-E41C008B94D2->cb20f782-9136-4144-a2ef-e44461d35697: receive RaftClientReply:client-E41C008B94D2->cb20f782-9136-4144-a2ef-e44461d35697@group-EF222054BC57, cid=4092, SUCCESS, logIndex=5740, commits[cb20f782-9136-4144-a2ef-e44461d35697:c5741]
2019-09-17 12:49:05,199 [grpc-default-executor-1] INFO  client.GrpcClientProtocolClient (GrpcClientProtocolClient.java:onNext(264)) - client-E41C008B94D2->cb20f782-9136-4144-a2ef-e44461d35697: receive RaftClientReply:client-E41C008B94D2->cb20f782-9136-4144-a2ef-e44461d35697@group-EF222054BC57, cid=4093, SUCCESS, logIndex=5742, commits[cb20f782-9136-4144-a2ef-e44461d35697:c5745]
2019-09-17 12:49:05,199 [grpc-default-executor-1] INFO  client.GrpcClientProtocolClient (GrpcClientProtocolClient.java:onNext(264)) - client-E41C008B94D2->cb20f782-9136-4144-a2ef-e44461d35697: receive RaftClientReply:client-E41C008B94D2->cb20f782-9136-4144-a2ef-e44461d35697@group-EF222054BC57, cid=4094, SUCCESS, logIndex=5743, commits[cb20f782-9136-4144-a2ef-e44461d35697:c5745]
2019-09-17 12:49:05,199 [grpc-default-executor-1] INFO  client.GrpcClientProtocolClient (GrpcClientProtocolClient.java:onNext(264)) - client-E41C008B94D2->cb20f782-9136-4144-a2ef-e44461d35697: receive RaftClientReply:client-E41C008B94D2->cb20f782-9136-4144-a2ef-e44461d35697@group-EF222054BC57, cid=4095, SUCCESS, logIndex=5744, commits[cb20f782-9136-4144-a2ef-e44461d35697:c5745]
2019-09-17 12:49:05,200 [grpc-default-executor-1] INFO  client.GrpcClientProtocolClient (GrpcClientProtocolClient.java:onNext(264)) - client-E41C008B94D2->cb20f782-9136-4144-a2ef-e44461d35697: receive RaftClientReply:client-E41C008B94D2->cb20f782-9136-4144-a2ef-e44461d35697@group-EF222054BC57, cid=4096, SUCCESS, logIndex=5745, commits[cb20f782-9136-4144-a2ef-e44461d35697:c5745]
2019-09-17 12:49:05,228 [SCMBlockDeletingService#1] DEBUG block.SCMBlockDeletingService (SCMBlockDeletingService.java:call(138)) - Running DeletedBlockTransactionScanner
2019-09-17 12:49:05,228 [grpc-default-executor-2] INFO  client.GrpcClientProtocolClient (GrpcClientProtocolClient.java:onNext(264)) - client-E41C008B94D2->cb20f782-9136-4144-a2ef-e44461d35697: receive RaftClientReply:client-E41C008B94D2->cb20f782-9136-4144-a2ef-e44461d35697@group-EF222054BC57, cid=4097, SUCCESS, logIndex=5747, commits[cb20f782-9136-4144-a2ef-e44461d35697:c5750]
2019-09-17 12:49:05,228 [SCMBlockDeletingService#1] DEBUG block.SCMBlockDeletingService (SCMBlockDeletingService.java:call(155)) - Scanned deleted blocks log and got 0 delTX to process.
2019-09-17 12:49:05,229 [grpc-default-executor-2] INFO  client.GrpcClientProtocolClient (GrpcClientProtocolClient.java:onNext(264)) - client-E41C008B94D2->cb20f782-9136-4144-a2ef-e44461d35697: receive RaftClientReply:client-E41C008B94D2->cb20f782-9136-4144-a2ef-e44461d35697@group-EF222054BC57, cid=4098, SUCCESS, logIndex=5748, commits[cb20f782-9136-4144-a2ef-e44461d35697:c5750]
2019-09-17 12:49:05,229 [grpc-default-executor-2] INFO  client.GrpcClientProtocolClient (GrpcClientProtocolClient.java:onNext(264)) - client-E41C008B94D2->cb20f782-9136-4144-a2ef-e44461d35697: receive RaftClientReply:client-E41C008B94D2->cb20f782-9136-4144-a2ef-e44461d35697@group-EF222054BC57, cid=4099, SUCCESS, logIndex=5749, commits[cb20f782-9136-4144-a2ef-e44461d35697:c5750]
2019-09-17 12:49:05,229 [grpc-default-executor-2] INFO  client.GrpcClientProtocolClient (GrpcClientProtocolClient.java:onNext(264)) - client-E41C008B94D2->cb20f782-9136-4144-a2ef-e44461d35697: receive RaftClientReply:client-E41C008B94D2->cb20f782-9136-4144-a2ef-e44461d35697@group-EF222054BC57, cid=4100, SUCCESS, logIndex=5750, commits[cb20f782-9136-4144-a2ef-e44461d35697:c5750]
2019-09-17 12:49:05,248 [grpc-default-executor-1] INFO  client.GrpcClientProtocolClient (GrpcClientProtocolClient.java:onNext(264)) - client-E41C008B94D2->cb20f782-9136-4144-a2ef-e44461d35697: receive RaftClientReply:client-E41C008B94D2->cb20f782-9136-4144-a2ef-e44461d35697@group-EF222054BC57, cid=4101, SUCCESS, logIndex=5752, commits[cb20f782-9136-4144-a2ef-e44461d35697:c5755]
2019-09-17 12:49:05,249 [grpc-default-executor-1] INFO  client.GrpcClientProtocolClient (GrpcClientProtocolClient.java:onNext(264)) - client-E41C008B94D2->cb20f782-9136-4144-a2ef-e44461d35697: receive RaftClientReply:client-E41C008B94D2->cb20f782-9136-4144-a2ef-e44461d35697@group-EF222054BC57, cid=4102, SUCCESS, logIndex=5753, commits[cb20f782-9136-4144-a2ef-e44461d35697:c5755]
2019-09-17 12:49:05,249 [grpc-default-executor-1] INFO  client.GrpcClientProtocolClient (GrpcClientProtocolClient.java:onNext(264)) - client-E41C008B94D2->cb20f782-9136-4144-a2ef-e44461d35697: receive RaftClientReply:client-E41C008B94D2->cb20f782-9136-4144-a2ef-e44461d35697@group-EF222054BC57, cid=4103, SUCCESS, logIndex=5754, commits[cb20f782-9136-4144-a2ef-e44461d35697:c5755]
2019-09-17 12:49:05,249 [grpc-default-executor-1] INFO  client.GrpcClientProtocolClient (GrpcClientProtocolClient.java:onNext(264)) - client-E41C008B94D2->cb20f782-9136-4144-a2ef-e44461d35697: receive RaftClientReply:client-E41C008B94D2->cb20f782-9136-4144-a2ef-e44461d35697@group-EF222054BC57, cid=4104, SUCCESS, logIndex=5755, commits[cb20f782-9136-4144-a2ef-e44461d35697:c5755]
2019-09-17 12:49:05,282 [grpc-default-executor-1] INFO  client.GrpcClientProtocolClient (GrpcClientProtocolClient.java:onNext(264)) - client-E41C008B94D2->cb20f782-9136-4144-a2ef-e44461d35697: receive RaftClientReply:client-E41C008B94D2->cb20f782-9136-4144-a2ef-e44461d35697@group-EF222054BC57, cid=4105, SUCCESS, logIndex=5757, commits[cb20f782-9136-4144-a2ef-e44461d35697:c5760]
2019-09-17 12:49:05,282 [grpc-default-executor-1] INFO  client.GrpcClientProtocolClient (GrpcClientProtocolClient.java:onNext(264)) - client-E41C008B94D2->cb20f782-9136-4144-a2ef-e44461d35697: receive RaftClientReply:client-E41C008B94D2->cb20f782-9136-4144-a2ef-e44461d35697@group-EF222054BC57, cid=4106, SUCCESS, logIndex=5758, commits[cb20f782-9136-4144-a2ef-e44461d35697:c5761]
2019-09-17 12:49:05,283 [grpc-default-executor-1] INFO  client.GrpcClientProtocolClient (GrpcClientProtocolClient.java:onNext(264)) - client-E41C008B94D2->cb20f782-9136-4144-a2ef-e44461d35697: receive RaftClientReply:client-E41C008B94D2->cb20f782-9136-4144-a2ef-e44461d35697@group-EF222054BC57, cid=4107, SUCCESS, logIndex=5759, commits[cb20f782-9136-4144-a2ef-e44461d35697:c5761]
2019-09-17 12:49:05,283 [grpc-default-executor-1] INFO  client.GrpcClientProtocolClient (GrpcClientProtocolClient.java:onNext(264)) - client-E41C008B94D2->cb20f782-9136-4144-a2ef-e44461d35697: receive RaftClientReply:client-E41C008B94D2->cb20f782-9136-4144-a2ef-e44461d35697@group-EF222054BC57, cid=4108, SUCCESS, logIndex=5760, commits[cb20f782-9136-4144-a2ef-e44461d35697:c5761]
2019-09-17 12:49:05,300 [grpc-default-executor-2] INFO  client.GrpcClientProtocolClient (GrpcClientProtocolClient.java:onNext(264)) - client-E41C008B94D2->cb20f782-9136-4144-a2ef-e44461d35697: receive RaftClientReply:client-E41C008B94D2->cb20f782-9136-4144-a2ef-e44461d35697@group-EF222054BC57, cid=4109, SUCCESS, logIndex=5762, commits[cb20f782-9136-4144-a2ef-e44461d35697:c5763]
2019-09-17 12:49:05,300 [grpc-default-executor-2] INFO  client.GrpcClientProtocolClient (GrpcClientProtocolClient.java:onNext(264)) - client-E41C008B94D2->cb20f782-9136-4144-a2ef-e44461d35697: receive RaftClientReply:client-E41C008B94D2->cb20f782-9136-4144-a2ef-e44461d35697@group-EF222054BC57, cid=4110, SUCCESS, logIndex=5763, commits[cb20f782-9136-4144-a2ef-e44461d35697:c5763]
2019-09-17 12:49:05,329 [SCMBlockDeletingService#0] DEBUG block.SCMBlockDeletingService (SCMBlockDeletingService.java:call(138)) - Running DeletedBlockTransactionScanner
2019-09-17 12:49:05,329 [SCMBlockDeletingService#0] DEBUG block.SCMBlockDeletingService (SCMBlockDeletingService.java:call(155)) - Scanned deleted blocks log and got 0 delTX to process.
2019-09-17 12:49:05,387 [grpc-default-executor-1] INFO  client.GrpcClientProtocolClient (GrpcClientProtocolClient.java:onNext(264)) - client-E41C008B94D2->cb20f782-9136-4144-a2ef-e44461d35697: receive RaftClientReply:client-E41C008B94D2->cb20f782-9136-4144-a2ef-e44461d35697@group-EF222054BC57, cid=4111, SUCCESS, logIndex=5765, commits[cb20f782-9136-4144-a2ef-e44461d35697:c5766]
2019-09-17 12:49:05,387 [grpc-default-executor-1] INFO  client.GrpcClientProtocolClient (GrpcClientProtocolClient.java:onNext(264)) - client-E41C008B94D2->cb20f782-9136-4144-a2ef-e44461d35697: receive RaftClientReply:client-E41C008B94D2->cb20f782-9136-4144-a2ef-e44461d35697@group-EF222054BC57, cid=4112, SUCCESS, logIndex=5766, commits[cb20f782-9136-4144-a2ef-e44461d35697:c5766]
2019-09-17 12:49:05,458 [SCMBlockDeletingService#0] DEBUG block.SCMBlockDeletingService (SCMBlockDeletingService.java:call(138)) - Running DeletedBlockTransactionScanner
2019-09-17 12:49:05,458 [SCMBlockDeletingService#0] DEBUG block.SCMBlockDeletingService (SCMBlockDeletingService.java:call(155)) - Scanned deleted blocks log and got 0 delTX to process.
2019-09-17 12:49:05,499 [grpc-default-executor-1] INFO  client.GrpcClientProtocolClient (GrpcClientProtocolClient.java:onNext(264)) - client-E41C008B94D2->cb20f782-9136-4144-a2ef-e44461d35697: receive RaftClientReply:client-E41C008B94D2->cb20f782-9136-4144-a2ef-e44461d35697@group-EF222054BC57, cid=4113, SUCCESS, logIndex=5768, commits[cb20f782-9136-4144-a2ef-e44461d35697:c5769]
2019-09-17 12:49:05,499 [grpc-default-executor-1] INFO  client.GrpcClientProtocolClient (GrpcClientProtocolClient.java:onNext(264)) - client-E41C008B94D2->cb20f782-9136-4144-a2ef-e44461d35697: receive RaftClientReply:client-E41C008B94D2->cb20f782-9136-4144-a2ef-e44461d35697@group-EF222054BC57, cid=4114, SUCCESS, logIndex=5769, commits[cb20f782-9136-4144-a2ef-e44461d35697:c5771]
2019-09-17 12:49:05,500 [grpc-default-executor-1] INFO  client.GrpcClientProtocolClient (GrpcClientProtocolClient.java:onNext(264)) - client-E41C008B94D2->cb20f782-9136-4144-a2ef-e44461d35697: receive RaftClientReply:client-E41C008B94D2->cb20f782-9136-4144-a2ef-e44461d35697@group-EF222054BC57, cid=4115, SUCCESS, logIndex=5770, commits[cb20f782-9136-4144-a2ef-e44461d35697:c5771]
2019-09-17 12:49:05,500 [grpc-default-executor-1] INFO  client.GrpcClientProtocolClient (GrpcClientProtocolClient.java:onNext(264)) - client-E41C008B94D2->cb20f782-9136-4144-a2ef-e44461d35697: receive RaftClientReply:client-E41C008B94D2->cb20f782-9136-4144-a2ef-e44461d35697@group-EF222054BC57, cid=4116, SUCCESS, logIndex=5771, commits[cb20f782-9136-4144-a2ef-e44461d35697:c5771]
2019-09-17 12:49:05,519 [grpc-default-executor-1] INFO  client.GrpcClientProtocolClient (GrpcClientProtocolClient.java:onNext(264)) - client-E41C008B94D2->cb20f782-9136-4144-a2ef-e44461d35697: receive RaftClientReply:client-E41C008B94D2->cb20f782-9136-4144-a2ef-e44461d35697@group-EF222054BC57, cid=4117, SUCCESS, logIndex=5774, commits[cb20f782-9136-4144-a2ef-e44461d35697:c5775]
2019-09-17 12:49:05,519 [grpc-default-executor-1] INFO  client.GrpcClientProtocolClient (GrpcClientProtocolClient.java:onNext(264)) - client-E41C008B94D2->cb20f782-9136-4144-a2ef-e44461d35697: receive RaftClientReply:client-E41C008B94D2->cb20f782-9136-4144-a2ef-e44461d35697@group-EF222054BC57, cid=4118, SUCCESS, logIndex=5775, commits[cb20f782-9136-4144-a2ef-e44461d35697:c5777]
2019-09-17 12:49:05,520 [grpc-default-executor-1] INFO  client.GrpcClientProtocolClient (GrpcClientProtocolClient.java:onNext(264)) - client-E41C008B94D2->cb20f782-9136-4144-a2ef-e44461d35697: receive RaftClientReply:client-E41C008B94D2->cb20f782-9136-4144-a2ef-e44461d35697@group-EF222054BC57, cid=4119, SUCCESS, logIndex=5776, commits[cb20f782-9136-4144-a2ef-e44461d35697:c5778]
2019-09-17 12:49:05,520 [grpc-default-executor-1] INFO  client.GrpcClientProtocolClient (GrpcClientProtocolClient.java:onNext(264)) - client-E41C008B94D2->cb20f782-9136-4144-a2ef-e44461d35697: receive RaftClientReply:client-E41C008B94D2->cb20f782-9136-4144-a2ef-e44461d35697@group-EF222054BC57, cid=4120, SUCCESS, logIndex=5777, commits[cb20f782-9136-4144-a2ef-e44461d35697:c5778]
2019-09-17 12:49:05,554 [grpc-default-executor-2] INFO  client.GrpcClientProtocolClient (GrpcClientProtocolClient.java:onNext(264)) - client-E41C008B94D2->cb20f782-9136-4144-a2ef-e44461d35697: receive RaftClientReply:client-E41C008B94D2->cb20f782-9136-4144-a2ef-e44461d35697@group-EF222054BC57, cid=4121, SUCCESS, logIndex=5780, commits[cb20f782-9136-4144-a2ef-e44461d35697:c5783]
2019-09-17 12:49:05,554 [grpc-default-executor-2] INFO  client.GrpcClientProtocolClient (GrpcClientProtocolClient.java:onNext(264)) - client-E41C008B94D2->cb20f782-9136-4144-a2ef-e44461d35697: receive RaftClientReply:client-E41C008B94D2->cb20f782-9136-4144-a2ef-e44461d35697@group-EF222054BC57, cid=4122, SUCCESS, logIndex=5781, commits[cb20f782-9136-4144-a2ef-e44461d35697:c5783]
2019-09-17 12:49:05,554 [grpc-default-executor-2] INFO  client.GrpcClientProtocolClient (GrpcClientProtocolClient.java:onNext(264)) - client-E41C008B94D2->cb20f782-9136-4144-a2ef-e44461d35697: receive RaftClientReply:client-E41C008B94D2->cb20f782-9136-4144-a2ef-e44461d35697@group-EF222054BC57, cid=4123, SUCCESS, logIndex=5782, commits[cb20f782-9136-4144-a2ef-e44461d35697:c5784]
2019-09-17 12:49:05,554 [grpc-default-executor-2] INFO  client.GrpcClientProtocolClient (GrpcClientProtocolClient.java:onNext(264)) - client-E41C008B94D2->cb20f782-9136-4144-a2ef-e44461d35697: receive RaftClientReply:client-E41C008B94D2->cb20f782-9136-4144-a2ef-e44461d35697@group-EF222054BC57, cid=4124, SUCCESS, logIndex=5783, commits[cb20f782-9136-4144-a2ef-e44461d35697:c5784]
2019-09-17 12:49:05,558 [SCMBlockDeletingService#0] DEBUG block.SCMBlockDeletingService (SCMBlockDeletingService.java:call(138)) - Running DeletedBlockTransactionScanner
2019-09-17 12:49:05,559 [SCMBlockDeletingService#0] DEBUG block.SCMBlockDeletingService (SCMBlockDeletingService.java:call(155)) - Scanned deleted blocks log and got 0 delTX to process.
2019-09-17 12:49:05,573 [grpc-default-executor-1] INFO  client.GrpcClientProtocolClient (GrpcClientProtocolClient.java:onNext(264)) - client-E41C008B94D2->cb20f782-9136-4144-a2ef-e44461d35697: receive RaftClientReply:client-E41C008B94D2->cb20f782-9136-4144-a2ef-e44461d35697@group-EF222054BC57, cid=4125, SUCCESS, logIndex=5785, commits[cb20f782-9136-4144-a2ef-e44461d35697:c5786]
2019-09-17 12:49:05,573 [grpc-default-executor-1] INFO  client.GrpcClientProtocolClient (GrpcClientProtocolClient.java:onNext(264)) - client-E41C008B94D2->cb20f782-9136-4144-a2ef-e44461d35697: receive RaftClientReply:client-E41C008B94D2->cb20f782-9136-4144-a2ef-e44461d35697@group-EF222054BC57, cid=4126, SUCCESS, logIndex=5786, commits[cb20f782-9136-4144-a2ef-e44461d35697:c5788]
2019-09-17 12:49:05,574 [grpc-default-executor-1] INFO  client.GrpcClientProtocolClient (GrpcClientProtocolClient.java:onNext(264)) - client-E41C008B94D2->cb20f782-9136-4144-a2ef-e44461d35697: receive RaftClientReply:client-E41C008B94D2->cb20f782-9136-4144-a2ef-e44461d35697@group-EF222054BC57, cid=4127, SUCCESS, logIndex=5787, commits[cb20f782-9136-4144-a2ef-e44461d35697:c5788]
2019-09-17 12:49:05,574 [grpc-default-executor-1] INFO  client.GrpcClientProtocolClient (GrpcClientProtocolClient.java:onNext(264)) - client-E41C008B94D2->cb20f782-9136-4144-a2ef-e44461d35697: receive RaftClientReply:client-E41C008B94D2->cb20f782-9136-4144-a2ef-e44461d35697@group-EF222054BC57, cid=4128, SUCCESS, logIndex=5788, commits[cb20f782-9136-4144-a2ef-e44461d35697:c5789]
2019-09-17 12:49:05,605 [grpc-default-executor-1] INFO  client.GrpcClientProtocolClient (GrpcClientProtocolClient.java:onNext(264)) - client-E41C008B94D2->cb20f782-9136-4144-a2ef-e44461d35697: receive RaftClientReply:client-E41C008B94D2->cb20f782-9136-4144-a2ef-e44461d35697@group-EF222054BC57, cid=4129, SUCCESS, logIndex=5791, commits[cb20f782-9136-4144-a2ef-e44461d35697:c5792]
2019-09-17 12:49:05,606 [grpc-default-executor-1] INFO  client.GrpcClientProtocolClient (GrpcClientProtocolClient.java:onNext(264)) - client-E41C008B94D2->cb20f782-9136-4144-a2ef-e44461d35697: receive RaftClientReply:client-E41C008B94D2->cb20f782-9136-4144-a2ef-e44461d35697@group-EF222054BC57, cid=4130, SUCCESS, logIndex=5792, commits[cb20f782-9136-4144-a2ef-e44461d35697:c5794]
2019-09-17 12:49:05,606 [grpc-default-executor-1] INFO  client.GrpcClientProtocolClient (GrpcClientProtocolClient.java:onNext(264)) - client-E41C008B94D2->cb20f782-9136-4144-a2ef-e44461d35697: receive RaftClientReply:client-E41C008B94D2->cb20f782-9136-4144-a2ef-e44461d35697@group-EF222054BC57, cid=4131, SUCCESS, logIndex=5793, commits[cb20f782-9136-4144-a2ef-e44461d35697:c5794]
2019-09-17 12:49:05,606 [grpc-default-executor-1] INFO  client.GrpcClientProtocolClient (GrpcClientProtocolClient.java:onNext(264)) - client-E41C008B94D2->cb20f782-9136-4144-a2ef-e44461d35697: receive RaftClientReply:client-E41C008B94D2->cb20f782-9136-4144-a2ef-e44461d35697@group-EF222054BC57, cid=4132, SUCCESS, logIndex=5794, commits[cb20f782-9136-4144-a2ef-e44461d35697:c5795]
2019-09-17 12:49:05,626 [grpc-default-executor-1] INFO  client.GrpcClientProtocolClient (GrpcClientProtocolClient.java:onNext(264)) - client-E41C008B94D2->cb20f782-9136-4144-a2ef-e44461d35697: receive RaftClientReply:client-E41C008B94D2->cb20f782-9136-4144-a2ef-e44461d35697@group-EF222054BC57, cid=4133, SUCCESS, logIndex=5797, commits[cb20f782-9136-4144-a2ef-e44461d35697:c5798]
2019-09-17 12:49:05,626 [grpc-default-executor-1] INFO  client.GrpcClientProtocolClient (GrpcClientProtocolClient.java:onNext(264)) - client-E41C008B94D2->cb20f782-9136-4144-a2ef-e44461d35697: receive RaftClientReply:client-E41C008B94D2->cb20f782-9136-4144-a2ef-e44461d35697@group-EF222054BC57, cid=4134, SUCCESS, logIndex=5798, commits[cb20f782-9136-4144-a2ef-e44461d35697:c5800]
2019-09-17 12:49:05,626 [grpc-default-executor-1] INFO  client.GrpcClientProtocolClient (GrpcClientProtocolClient.java:onNext(264)) - client-E41C008B94D2->cb20f782-9136-4144-a2ef-e44461d35697: receive RaftClientReply:client-E41C008B94D2->cb20f782-9136-4144-a2ef-e44461d35697@group-EF222054BC57, cid=4135, SUCCESS, logIndex=5799, commits[cb20f782-9136-4144-a2ef-e44461d35697:c5800]
2019-09-17 12:49:05,626 [grpc-default-executor-1] INFO  client.GrpcClientProtocolClient (GrpcClientProtocolClient.java:onNext(264)) - client-E41C008B94D2->cb20f782-9136-4144-a2ef-e44461d35697: receive RaftClientReply:client-E41C008B94D2->cb20f782-9136-4144-a2ef-e44461d35697@group-EF222054BC57, cid=4136, SUCCESS, logIndex=5800, commits[cb20f782-9136-4144-a2ef-e44461d35697:c5801]
2019-09-17 12:49:05,656 [grpc-default-executor-1] INFO  client.GrpcClientProtocolClient (GrpcClientProtocolClient.java:onNext(264)) - client-E41C008B94D2->cb20f782-9136-4144-a2ef-e44461d35697: receive RaftClientReply:client-E41C008B94D2->cb20f782-9136-4144-a2ef-e44461d35697@group-EF222054BC57, cid=4137, SUCCESS, logIndex=5803, commits[cb20f782-9136-4144-a2ef-e44461d35697:c5804]
2019-09-17 12:49:05,657 [grpc-default-executor-1] INFO  client.GrpcClientProtocolClient (GrpcClientProtocolClient.java:onNext(264)) - client-E41C008B94D2->cb20f782-9136-4144-a2ef-e44461d35697: receive RaftClientReply:client-E41C008B94D2->cb20f782-9136-4144-a2ef-e44461d35697@group-EF222054BC57, cid=4138, SUCCESS, logIndex=5804, commits[cb20f782-9136-4144-a2ef-e44461d35697:c5806]
2019-09-17 12:49:05,657 [grpc-default-executor-1] INFO  client.GrpcClientProtocolClient (GrpcClientProtocolClient.java:onNext(264)) - client-E41C008B94D2->cb20f782-9136-4144-a2ef-e44461d35697: receive RaftClientReply:client-E41C008B94D2->cb20f782-9136-4144-a2ef-e44461d35697@group-EF222054BC57, cid=4139, SUCCESS, logIndex=5805, commits[cb20f782-9136-4144-a2ef-e44461d35697:c5807]
2019-09-17 12:49:05,657 [grpc-default-executor-1] INFO  client.GrpcClientProtocolClient (GrpcClientProtocolClient.java:onNext(264)) - client-E41C008B94D2->cb20f782-9136-4144-a2ef-e44461d35697: receive RaftClientReply:client-E41C008B94D2->cb20f782-9136-4144-a2ef-e44461d35697@group-EF222054BC57, cid=4140, SUCCESS, logIndex=5806, commits[cb20f782-9136-4144-a2ef-e44461d35697:c5807]
2019-09-17 12:49:05,659 [SCMBlockDeletingService#0] DEBUG block.SCMBlockDeletingService (SCMBlockDeletingService.java:call(138)) - Running DeletedBlockTransactionScanner
2019-09-17 12:49:05,659 [SCMBlockDeletingService#0] DEBUG block.SCMBlockDeletingService (SCMBlockDeletingService.java:call(155)) - Scanned deleted blocks log and got 0 delTX to process.
2019-09-17 12:49:05,676 [grpc-default-executor-1] INFO  client.GrpcClientProtocolClient (GrpcClientProtocolClient.java:onNext(264)) - client-E41C008B94D2->cb20f782-9136-4144-a2ef-e44461d35697: receive RaftClientReply:client-E41C008B94D2->cb20f782-9136-4144-a2ef-e44461d35697@group-EF222054BC57, cid=4141, SUCCESS, logIndex=5809, commits[cb20f782-9136-4144-a2ef-e44461d35697:c5810]
2019-09-17 12:49:05,676 [grpc-default-executor-1] INFO  client.GrpcClientProtocolClient (GrpcClientProtocolClient.java:onNext(264)) - client-E41C008B94D2->cb20f782-9136-4144-a2ef-e44461d35697: receive RaftClientReply:client-E41C008B94D2->cb20f782-9136-4144-a2ef-e44461d35697@group-EF222054BC57, cid=4142, SUCCESS, logIndex=5810, commits[cb20f782-9136-4144-a2ef-e44461d35697:c5812]
2019-09-17 12:49:05,676 [grpc-default-executor-1] INFO  client.GrpcClientProtocolClient (GrpcClientProtocolClient.java:onNext(264)) - client-E41C008B94D2->cb20f782-9136-4144-a2ef-e44461d35697: receive RaftClientReply:client-E41C008B94D2->cb20f782-9136-4144-a2ef-e44461d35697@group-EF222054BC57, cid=4143, SUCCESS, logIndex=5811, commits[cb20f782-9136-4144-a2ef-e44461d35697:c5812]
2019-09-17 12:49:05,677 [grpc-default-executor-1] INFO  client.GrpcClientProtocolClient (GrpcClientProtocolClient.java:onNext(264)) - client-E41C008B94D2->cb20f782-9136-4144-a2ef-e44461d35697: receive RaftClientReply:client-E41C008B94D2->cb20f782-9136-4144-a2ef-e44461d35697@group-EF222054BC57, cid=4144, SUCCESS, logIndex=5812, commits[cb20f782-9136-4144-a2ef-e44461d35697:c5812]
2019-09-17 12:49:05,703 [grpc-default-executor-1] INFO  client.GrpcClientProtocolClient (GrpcClientProtocolClient.java:onNext(264)) - client-E41C008B94D2->cb20f782-9136-4144-a2ef-e44461d35697: receive RaftClientReply:client-E41C008B94D2->cb20f782-9136-4144-a2ef-e44461d35697@group-EF222054BC57, cid=4145, SUCCESS, logIndex=5815, commits[cb20f782-9136-4144-a2ef-e44461d35697:c5816]
2019-09-17 12:49:05,704 [grpc-default-executor-1] INFO  client.GrpcClientProtocolClient (GrpcClientProtocolClient.java:onNext(264)) - client-E41C008B94D2->cb20f782-9136-4144-a2ef-e44461d35697: receive RaftClientReply:client-E41C008B94D2->cb20f782-9136-4144-a2ef-e44461d35697@group-EF222054BC57, cid=4146, SUCCESS, logIndex=5816, commits[cb20f782-9136-4144-a2ef-e44461d35697:c5818]
2019-09-17 12:49:05,704 [grpc-default-executor-1] INFO  client.GrpcClientProtocolClient (GrpcClientProtocolClient.java:onNext(264)) - client-E41C008B94D2->cb20f782-9136-4144-a2ef-e44461d35697: receive RaftClientReply:client-E41C008B94D2->cb20f782-9136-4144-a2ef-e44461d35697@group-EF222054BC57, cid=4147, SUCCESS, logIndex=5817, commits[cb20f782-9136-4144-a2ef-e44461d35697:c5819]
2019-09-17 12:49:05,704 [grpc-default-executor-1] INFO  client.GrpcClientProtocolClient (GrpcClientProtocolClient.java:onNext(264)) - client-E41C008B94D2->cb20f782-9136-4144-a2ef-e44461d35697: receive RaftClientReply:client-E41C008B94D2->cb20f782-9136-4144-a2ef-e44461d35697@group-EF222054BC57, cid=4148, SUCCESS, logIndex=5818, commits[cb20f782-9136-4144-a2ef-e44461d35697:c5820]
2019-09-17 12:49:05,722 [grpc-default-executor-2] INFO  client.GrpcClientProtocolClient (GrpcClientProtocolClient.java:onNext(264)) - client-E41C008B94D2->cb20f782-9136-4144-a2ef-e44461d35697: receive RaftClientReply:client-E41C008B94D2->cb20f782-9136-4144-a2ef-e44461d35697@group-EF222054BC57, cid=4149, SUCCESS, logIndex=5821, commits[cb20f782-9136-4144-a2ef-e44461d35697:c5822]
2019-09-17 12:49:05,723 [grpc-default-executor-2] INFO  client.GrpcClientProtocolClient (GrpcClientProtocolClient.java:onNext(264)) - client-E41C008B94D2->cb20f782-9136-4144-a2ef-e44461d35697: receive RaftClientReply:client-E41C008B94D2->cb20f782-9136-4144-a2ef-e44461d35697@group-EF222054BC57, cid=4150, SUCCESS, logIndex=5822, commits[cb20f782-9136-4144-a2ef-e44461d35697:c5822]
2019-09-17 12:49:05,745 [grpc-default-executor-2] INFO  client.GrpcClientProtocolClient (GrpcClientProtocolClient.java:onNext(264)) - client-E41C008B94D2->cb20f782-9136-4144-a2ef-e44461d35697: receive RaftClientReply:client-E41C008B94D2->cb20f782-9136-4144-a2ef-e44461d35697@group-EF222054BC57, cid=4151, SUCCESS, logIndex=5823, commits[cb20f782-9136-4144-a2ef-e44461d35697:c5825]
2019-09-17 12:49:05,746 [grpc-default-executor-2] INFO  client.GrpcClientProtocolClient (GrpcClientProtocolClient.java:onNext(264)) - client-E41C008B94D2->cb20f782-9136-4144-a2ef-e44461d35697: receive RaftClientReply:client-E41C008B94D2->cb20f782-9136-4144-a2ef-e44461d35697@group-EF222054BC57, cid=4152, SUCCESS, logIndex=5824, commits[cb20f782-9136-4144-a2ef-e44461d35697:c5825]
2019-09-17 12:49:05,759 [SCMBlockDeletingService#0] DEBUG block.SCMBlockDeletingService (SCMBlockDeletingService.java:call(138)) - Running DeletedBlockTransactionScanner
2019-09-17 12:49:05,759 [SCMBlockDeletingService#0] DEBUG block.SCMBlockDeletingService (SCMBlockDeletingService.java:call(155)) - Scanned deleted blocks log and got 0 delTX to process.
2019-09-17 12:49:05,772 [grpc-default-executor-1] INFO  client.GrpcClientProtocolClient (GrpcClientProtocolClient.java:onNext(264)) - client-E41C008B94D2->cb20f782-9136-4144-a2ef-e44461d35697: receive RaftClientReply:client-E41C008B94D2->cb20f782-9136-4144-a2ef-e44461d35697@group-EF222054BC57, cid=4153, SUCCESS, logIndex=5826, commits[cb20f782-9136-4144-a2ef-e44461d35697:c5827]
2019-09-17 12:49:05,773 [grpc-default-executor-1] INFO  client.GrpcClientProtocolClient (GrpcClientProtocolClient.java:onNext(264)) - client-E41C008B94D2->cb20f782-9136-4144-a2ef-e44461d35697: receive RaftClientReply:client-E41C008B94D2->cb20f782-9136-4144-a2ef-e44461d35697@group-EF222054BC57, cid=4154, SUCCESS, logIndex=5827, commits[cb20f782-9136-4144-a2ef-e44461d35697:c5827]
2019-09-17 12:49:05,860 [SCMBlockDeletingService#1] DEBUG block.SCMBlockDeletingService (SCMBlockDeletingService.java:call(138)) - Running DeletedBlockTransactionScanner
2019-09-17 12:49:05,860 [SCMBlockDeletingService#1] DEBUG block.SCMBlockDeletingService (SCMBlockDeletingService.java:call(155)) - Scanned deleted blocks log and got 0 delTX to process.
2019-09-17 12:49:05,887 [grpc-default-executor-2] INFO  client.GrpcClientProtocolClient (GrpcClientProtocolClient.java:onNext(264)) - client-E41C008B94D2->cb20f782-9136-4144-a2ef-e44461d35697: receive RaftClientReply:client-E41C008B94D2->cb20f782-9136-4144-a2ef-e44461d35697@group-EF222054BC57, cid=4155, SUCCESS, logIndex=5829, commits[cb20f782-9136-4144-a2ef-e44461d35697:c5830]
2019-09-17 12:49:05,887 [grpc-default-executor-2] INFO  client.GrpcClientProtocolClient (GrpcClientProtocolClient.java:onNext(264)) - client-E41C008B94D2->cb20f782-9136-4144-a2ef-e44461d35697: receive RaftClientReply:client-E41C008B94D2->cb20f782-9136-4144-a2ef-e44461d35697@group-EF222054BC57, cid=4156, SUCCESS, logIndex=5830, commits[cb20f782-9136-4144-a2ef-e44461d35697:c5830]
2019-09-17 12:49:05,904 [grpc-default-executor-1] INFO  client.GrpcClientProtocolClient (GrpcClientProtocolClient.java:onNext(264)) - client-E41C008B94D2->cb20f782-9136-4144-a2ef-e44461d35697: receive RaftClientReply:client-E41C008B94D2->cb20f782-9136-4144-a2ef-e44461d35697@group-EF222054BC57, cid=4157, SUCCESS, logIndex=5832, commits[cb20f782-9136-4144-a2ef-e44461d35697:c5833]
2019-09-17 12:49:05,905 [grpc-default-executor-1] INFO  client.GrpcClientProtocolClient (GrpcClientProtocolClient.java:onNext(264)) - client-E41C008B94D2->cb20f782-9136-4144-a2ef-e44461d35697: receive RaftClientReply:client-E41C008B94D2->cb20f782-9136-4144-a2ef-e44461d35697@group-EF222054BC57, cid=4158, SUCCESS, logIndex=5833, commits[cb20f782-9136-4144-a2ef-e44461d35697:c5835]
2019-09-17 12:49:05,905 [grpc-default-executor-1] INFO  client.GrpcClientProtocolClient (GrpcClientProtocolClient.java:onNext(264)) - client-E41C008B94D2->cb20f782-9136-4144-a2ef-e44461d35697: receive RaftClientReply:client-E41C008B94D2->cb20f782-9136-4144-a2ef-e44461d35697@group-EF222054BC57, cid=4159, SUCCESS, logIndex=5834, commits[cb20f782-9136-4144-a2ef-e44461d35697:c5835]
2019-09-17 12:49:05,905 [grpc-default-executor-1] INFO  client.GrpcClientProtocolClient (GrpcClientProtocolClient.java:onNext(264)) - client-E41C008B94D2->cb20f782-9136-4144-a2ef-e44461d35697: receive RaftClientReply:client-E41C008B94D2->cb20f782-9136-4144-a2ef-e44461d35697@group-EF222054BC57, cid=4160, SUCCESS, logIndex=5835, commits[cb20f782-9136-4144-a2ef-e44461d35697:c5835]
2019-09-17 12:49:05,932 [grpc-default-executor-1] INFO  client.GrpcClientProtocolClient (GrpcClientProtocolClient.java:onNext(264)) - client-E41C008B94D2->cb20f782-9136-4144-a2ef-e44461d35697: receive RaftClientReply:client-E41C008B94D2->cb20f782-9136-4144-a2ef-e44461d35697@group-EF222054BC57, cid=4161, SUCCESS, logIndex=5838, commits[cb20f782-9136-4144-a2ef-e44461d35697:c5839]
2019-09-17 12:49:05,932 [grpc-default-executor-1] INFO  client.GrpcClientProtocolClient (GrpcClientProtocolClient.java:onNext(264)) - client-E41C008B94D2->cb20f782-9136-4144-a2ef-e44461d35697: receive RaftClientReply:client-E41C008B94D2->cb20f782-9136-4144-a2ef-e44461d35697@group-EF222054BC57, cid=4162, SUCCESS, logIndex=5839, commits[cb20f782-9136-4144-a2ef-e44461d35697:c5841]
2019-09-17 12:49:05,933 [grpc-default-executor-1] INFO  client.GrpcClientProtocolClient (GrpcClientProtocolClient.java:onNext(264)) - client-E41C008B94D2->cb20f782-9136-4144-a2ef-e44461d35697: receive RaftClientReply:client-E41C008B94D2->cb20f782-9136-4144-a2ef-e44461d35697@group-EF222054BC57, cid=4163, SUCCESS, logIndex=5840, commits[cb20f782-9136-4144-a2ef-e44461d35697:c5841]
2019-09-17 12:49:05,933 [grpc-default-executor-1] INFO  client.GrpcClientProtocolClient (GrpcClientProtocolClient.java:onNext(264)) - client-E41C008B94D2->cb20f782-9136-4144-a2ef-e44461d35697: receive RaftClientReply:client-E41C008B94D2->cb20f782-9136-4144-a2ef-e44461d35697@group-EF222054BC57, cid=4164, SUCCESS, logIndex=5841, commits[cb20f782-9136-4144-a2ef-e44461d35697:c5841]
2019-09-17 12:49:05,951 [grpc-default-executor-1] INFO  client.GrpcClientProtocolClient (GrpcClientProtocolClient.java:onNext(264)) - client-E41C008B94D2->cb20f782-9136-4144-a2ef-e44461d35697: receive RaftClientReply:client-E41C008B94D2->cb20f782-9136-4144-a2ef-e44461d35697@group-EF222054BC57, cid=4165, SUCCESS, logIndex=5844, commits[cb20f782-9136-4144-a2ef-e44461d35697:c5845]
2019-09-17 12:49:05,951 [grpc-default-executor-1] INFO  client.GrpcClientProtocolClient (GrpcClientProtocolClient.java:onNext(264)) - client-E41C008B94D2->cb20f782-9136-4144-a2ef-e44461d35697: receive RaftClientReply:client-E41C008B94D2->cb20f782-9136-4144-a2ef-e44461d35697@group-EF222054BC57, cid=4166, SUCCESS, logIndex=5845, commits[cb20f782-9136-4144-a2ef-e44461d35697:c5847]
2019-09-17 12:49:05,951 [grpc-default-executor-1] INFO  client.GrpcClientProtocolClient (GrpcClientProtocolClient.java:onNext(264)) - client-E41C008B94D2->cb20f782-9136-4144-a2ef-e44461d35697: receive RaftClientReply:client-E41C008B94D2->cb20f782-9136-4144-a2ef-e44461d35697@group-EF222054BC57, cid=4167, SUCCESS, logIndex=5846, commits[cb20f782-9136-4144-a2ef-e44461d35697:c5847]
2019-09-17 12:49:05,951 [grpc-default-executor-1] INFO  client.GrpcClientProtocolClient (GrpcClientProtocolClient.java:onNext(264)) - client-E41C008B94D2->cb20f782-9136-4144-a2ef-e44461d35697: receive RaftClientReply:client-E41C008B94D2->cb20f782-9136-4144-a2ef-e44461d35697@group-EF222054BC57, cid=4168, SUCCESS, logIndex=5847, commits[cb20f782-9136-4144-a2ef-e44461d35697:c5847]
2019-09-17 12:49:05,960 [SCMBlockDeletingService#1] DEBUG block.SCMBlockDeletingService (SCMBlockDeletingService.java:call(138)) - Running DeletedBlockTransactionScanner
2019-09-17 12:49:05,960 [SCMBlockDeletingService#1] DEBUG block.SCMBlockDeletingService (SCMBlockDeletingService.java:call(155)) - Scanned deleted blocks log and got 0 delTX to process.
2019-09-17 12:49:05,978 [grpc-default-executor-1] INFO  client.GrpcClientProtocolClient (GrpcClientProtocolClient.java:onNext(264)) - client-E41C008B94D2->cb20f782-9136-4144-a2ef-e44461d35697: receive RaftClientReply:client-E41C008B94D2->cb20f782-9136-4144-a2ef-e44461d35697@group-EF222054BC57, cid=4169, SUCCESS, logIndex=5850, commits[cb20f782-9136-4144-a2ef-e44461d35697:c5851]
2019-09-17 12:49:05,979 [grpc-default-executor-1] INFO  client.GrpcClientProtocolClient (GrpcClientProtocolClient.java:onNext(264)) - client-E41C008B94D2->cb20f782-9136-4144-a2ef-e44461d35697: receive RaftClientReply:client-E41C008B94D2->cb20f782-9136-4144-a2ef-e44461d35697@group-EF222054BC57, cid=4170, SUCCESS, logIndex=5851, commits[cb20f782-9136-4144-a2ef-e44461d35697:c5853]
2019-09-17 12:49:05,979 [grpc-default-executor-1] INFO  client.GrpcClientProtocolClient (GrpcClientProtocolClient.java:onNext(264)) - client-E41C008B94D2->cb20f782-9136-4144-a2ef-e44461d35697: receive RaftClientReply:client-E41C008B94D2->cb20f782-9136-4144-a2ef-e44461d35697@group-EF222054BC57, cid=4171, SUCCESS, logIndex=5852, commits[cb20f782-9136-4144-a2ef-e44461d35697:c5853]
2019-09-17 12:49:05,979 [grpc-default-executor-1] INFO  client.GrpcClientProtocolClient (GrpcClientProtocolClient.java:onNext(264)) - client-E41C008B94D2->cb20f782-9136-4144-a2ef-e44461d35697: receive RaftClientReply:client-E41C008B94D2->cb20f782-9136-4144-a2ef-e44461d35697@group-EF222054BC57, cid=4172, SUCCESS, logIndex=5853, commits[cb20f782-9136-4144-a2ef-e44461d35697:c5854]
2019-09-17 12:49:05,998 [grpc-default-executor-1] INFO  client.GrpcClientProtocolClient (GrpcClientProtocolClient.java:onNext(264)) - client-E41C008B94D2->cb20f782-9136-4144-a2ef-e44461d35697: receive RaftClientReply:client-E41C008B94D2->cb20f782-9136-4144-a2ef-e44461d35697@group-EF222054BC57, cid=4173, SUCCESS, logIndex=5856, commits[cb20f782-9136-4144-a2ef-e44461d35697:c5859]
2019-09-17 12:49:05,998 [grpc-default-executor-1] INFO  client.GrpcClientProtocolClient (GrpcClientProtocolClient.java:onNext(264)) - client-E41C008B94D2->cb20f782-9136-4144-a2ef-e44461d35697: receive RaftClientReply:client-E41C008B94D2->cb20f782-9136-4144-a2ef-e44461d35697@group-EF222054BC57, cid=4174, SUCCESS, logIndex=5857, commits[cb20f782-9136-4144-a2ef-e44461d35697:c5859]
2019-09-17 12:49:05,998 [grpc-default-executor-1] INFO  client.GrpcClientProtocolClient (GrpcClientProtocolClient.java:onNext(264)) - client-E41C008B94D2->cb20f782-9136-4144-a2ef-e44461d35697: receive RaftClientReply:client-E41C008B94D2->cb20f782-9136-4144-a2ef-e44461d35697@group-EF222054BC57, cid=4175, SUCCESS, logIndex=5858, commits[cb20f782-9136-4144-a2ef-e44461d35697:c5860]
2019-09-17 12:49:05,998 [grpc-default-executor-1] INFO  client.GrpcClientProtocolClient (GrpcClientProtocolClient.java:onNext(264)) - client-E41C008B94D2->cb20f782-9136-4144-a2ef-e44461d35697: receive RaftClientReply:client-E41C008B94D2->cb20f782-9136-4144-a2ef-e44461d35697@group-EF222054BC57, cid=4176, SUCCESS, logIndex=5859, commits[cb20f782-9136-4144-a2ef-e44461d35697:c5860]
2019-09-17 12:49:06,030 [grpc-default-executor-1] INFO  client.GrpcClientProtocolClient (GrpcClientProtocolClient.java:onNext(264)) - client-E41C008B94D2->cb20f782-9136-4144-a2ef-e44461d35697: receive RaftClientReply:client-E41C008B94D2->cb20f782-9136-4144-a2ef-e44461d35697@group-EF222054BC57, cid=4177, SUCCESS, logIndex=5861, commits[cb20f782-9136-4144-a2ef-e44461d35697:c5862]
2019-09-17 12:49:06,030 [grpc-default-executor-1] INFO  client.GrpcClientProtocolClient (GrpcClientProtocolClient.java:onNext(264)) - client-E41C008B94D2->cb20f782-9136-4144-a2ef-e44461d35697: receive RaftClientReply:client-E41C008B94D2->cb20f782-9136-4144-a2ef-e44461d35697@group-EF222054BC57, cid=4178, SUCCESS, logIndex=5862, commits[cb20f782-9136-4144-a2ef-e44461d35697:c5862]
2019-09-17 12:49:06,030 [grpc-default-executor-1] INFO  client.GrpcClientProtocolClient (GrpcClientProtocolClient.java:onNext(264)) - client-E41C008B94D2->cb20f782-9136-4144-a2ef-e44461d35697: receive RaftClientReply:client-E41C008B94D2->cb20f782-9136-4144-a2ef-e44461d35697@group-EF222054BC57, cid=4179, SUCCESS, logIndex=5863, commits[cb20f782-9136-4144-a2ef-e44461d35697:c5864]
2019-09-17 12:49:06,031 [grpc-default-executor-1] INFO  client.GrpcClientProtocolClient (GrpcClientProtocolClient.java:onNext(264)) - client-E41C008B94D2->cb20f782-9136-4144-a2ef-e44461d35697: receive RaftClientReply:client-E41C008B94D2->cb20f782-9136-4144-a2ef-e44461d35697@group-EF222054BC57, cid=4180, SUCCESS, logIndex=5864, commits[cb20f782-9136-4144-a2ef-e44461d35697:c5865]
2019-09-17 12:49:06,048 [grpc-default-executor-1] INFO  client.GrpcClientProtocolClient (GrpcClientProtocolClient.java:onNext(264)) - client-E41C008B94D2->cb20f782-9136-4144-a2ef-e44461d35697: receive RaftClientReply:client-E41C008B94D2->cb20f782-9136-4144-a2ef-e44461d35697@group-EF222054BC57, cid=4181, SUCCESS, logIndex=5867, commits[cb20f782-9136-4144-a2ef-e44461d35697:c5868]
2019-09-17 12:49:06,048 [grpc-default-executor-1] INFO  client.GrpcClientProtocolClient (GrpcClientProtocolClient.java:onNext(264)) - client-E41C008B94D2->cb20f782-9136-4144-a2ef-e44461d35697: receive RaftClientReply:client-E41C008B94D2->cb20f782-9136-4144-a2ef-e44461d35697@group-EF222054BC57, cid=4182, SUCCESS, logIndex=5868, commits[cb20f782-9136-4144-a2ef-e44461d35697:c5870]
2019-09-17 12:49:06,049 [grpc-default-executor-1] INFO  client.GrpcClientProtocolClient (GrpcClientProtocolClient.java:onNext(264)) - client-E41C008B94D2->cb20f782-9136-4144-a2ef-e44461d35697: receive RaftClientReply:client-E41C008B94D2->cb20f782-9136-4144-a2ef-e44461d35697@group-EF222054BC57, cid=4183, SUCCESS, logIndex=5869, commits[cb20f782-9136-4144-a2ef-e44461d35697:c5871]
2019-09-17 12:49:06,049 [grpc-default-executor-1] INFO  client.GrpcClientProtocolClient (GrpcClientProtocolClient.java:onNext(264)) - client-E41C008B94D2->cb20f782-9136-4144-a2ef-e44461d35697: receive RaftClientReply:client-E41C008B94D2->cb20f782-9136-4144-a2ef-e44461d35697@group-EF222054BC57, cid=4184, SUCCESS, logIndex=5870, commits[cb20f782-9136-4144-a2ef-e44461d35697:c5871]
2019-09-17 12:49:06,061 [SCMBlockDeletingService#1] DEBUG block.SCMBlockDeletingService (SCMBlockDeletingService.java:call(138)) - Running DeletedBlockTransactionScanner
2019-09-17 12:49:06,061 [SCMBlockDeletingService#1] DEBUG block.SCMBlockDeletingService (SCMBlockDeletingService.java:call(155)) - Scanned deleted blocks log and got 0 delTX to process.
2019-09-17 12:49:06,083 [grpc-default-executor-2] INFO  client.GrpcClientProtocolClient (GrpcClientProtocolClient.java:onNext(264)) - client-E41C008B94D2->cb20f782-9136-4144-a2ef-e44461d35697: receive RaftClientReply:client-E41C008B94D2->cb20f782-9136-4144-a2ef-e44461d35697@group-EF222054BC57, cid=4185, SUCCESS, logIndex=5873, commits[cb20f782-9136-4144-a2ef-e44461d35697:c5874]
2019-09-17 12:49:06,084 [grpc-default-executor-2] INFO  client.GrpcClientProtocolClient (GrpcClientProtocolClient.java:onNext(264)) - client-E41C008B94D2->cb20f782-9136-4144-a2ef-e44461d35697: receive RaftClientReply:client-E41C008B94D2->cb20f782-9136-4144-a2ef-e44461d35697@group-EF222054BC57, cid=4186, SUCCESS, logIndex=5874, commits[cb20f782-9136-4144-a2ef-e44461d35697:c5876]
2019-09-17 12:49:06,084 [grpc-default-executor-2] INFO  client.GrpcClientProtocolClient (GrpcClientProtocolClient.java:onNext(264)) - client-E41C008B94D2->cb20f782-9136-4144-a2ef-e44461d35697: receive RaftClientReply:client-E41C008B94D2->cb20f782-9136-4144-a2ef-e44461d35697@group-EF222054BC57, cid=4187, SUCCESS, logIndex=5875, commits[cb20f782-9136-4144-a2ef-e44461d35697:c5877]
2019-09-17 12:49:06,084 [grpc-default-executor-2] INFO  client.GrpcClientProtocolClient (GrpcClientProtocolClient.java:onNext(264)) - client-E41C008B94D2->cb20f782-9136-4144-a2ef-e44461d35697: receive RaftClientReply:client-E41C008B94D2->cb20f782-9136-4144-a2ef-e44461d35697@group-EF222054BC57, cid=4188, SUCCESS, logIndex=5876, commits[cb20f782-9136-4144-a2ef-e44461d35697:c5877]
2019-09-17 12:49:06,102 [grpc-default-executor-1] INFO  client.GrpcClientProtocolClient (GrpcClientProtocolClient.java:onNext(264)) - client-E41C008B94D2->cb20f782-9136-4144-a2ef-e44461d35697: receive RaftClientReply:client-E41C008B94D2->cb20f782-9136-4144-a2ef-e44461d35697@group-EF222054BC57, cid=4189, SUCCESS, logIndex=5879, commits[cb20f782-9136-4144-a2ef-e44461d35697:c5882]
2019-09-17 12:49:06,102 [grpc-default-executor-1] INFO  client.GrpcClientProtocolClient (GrpcClientProtocolClient.java:onNext(264)) - client-E41C008B94D2->cb20f782-9136-4144-a2ef-e44461d35697: receive RaftClientReply:client-E41C008B94D2->cb20f782-9136-4144-a2ef-e44461d35697@group-EF222054BC57, cid=4190, SUCCESS, logIndex=5880, commits[cb20f782-9136-4144-a2ef-e44461d35697:c5883]
2019-09-17 12:49:06,102 [grpc-default-executor-1] INFO  client.GrpcClientProtocolClient (GrpcClientProtocolClient.java:onNext(264)) - client-E41C008B94D2->cb20f782-9136-4144-a2ef-e44461d35697: receive RaftClientReply:client-E41C008B94D2->cb20f782-9136-4144-a2ef-e44461d35697@group-EF222054BC57, cid=4191, SUCCESS, logIndex=5881, commits[cb20f782-9136-4144-a2ef-e44461d35697:c5883]
2019-09-17 12:49:06,102 [grpc-default-executor-1] INFO  client.GrpcClientProtocolClient (GrpcClientProtocolClient.java:onNext(264)) - client-E41C008B94D2->cb20f782-9136-4144-a2ef-e44461d35697: receive RaftClientReply:client-E41C008B94D2->cb20f782-9136-4144-a2ef-e44461d35697@group-EF222054BC57, cid=4192, SUCCESS, logIndex=5882, commits[cb20f782-9136-4144-a2ef-e44461d35697:c5883]
2019-09-17 12:49:06,130 [grpc-default-executor-1] INFO  client.GrpcClientProtocolClient (GrpcClientProtocolClient.java:onNext(264)) - client-E41C008B94D2->cb20f782-9136-4144-a2ef-e44461d35697: receive RaftClientReply:client-E41C008B94D2->cb20f782-9136-4144-a2ef-e44461d35697@group-EF222054BC57, cid=4193, SUCCESS, logIndex=5884, commits[cb20f782-9136-4144-a2ef-e44461d35697:c5885]
2019-09-17 12:49:06,130 [grpc-default-executor-1] INFO  client.GrpcClientProtocolClient (GrpcClientProtocolClient.java:onNext(264)) - client-E41C008B94D2->cb20f782-9136-4144-a2ef-e44461d35697: receive RaftClientReply:client-E41C008B94D2->cb20f782-9136-4144-a2ef-e44461d35697@group-EF222054BC57, cid=4194, SUCCESS, logIndex=5885, commits[cb20f782-9136-4144-a2ef-e44461d35697:c5887]
2019-09-17 12:49:06,130 [grpc-default-executor-1] INFO  client.GrpcClientProtocolClient (GrpcClientProtocolClient.java:onNext(264)) - client-E41C008B94D2->cb20f782-9136-4144-a2ef-e44461d35697: receive RaftClientReply:client-E41C008B94D2->cb20f782-9136-4144-a2ef-e44461d35697@group-EF222054BC57, cid=4195, SUCCESS, logIndex=5886, commits[cb20f782-9136-4144-a2ef-e44461d35697:c5887]
2019-09-17 12:49:06,130 [grpc-default-executor-1] INFO  client.GrpcClientProtocolClient (GrpcClientProtocolClient.java:onNext(264)) - client-E41C008B94D2->cb20f782-9136-4144-a2ef-e44461d35697: receive RaftClientReply:client-E41C008B94D2->cb20f782-9136-4144-a2ef-e44461d35697@group-EF222054BC57, cid=4196, SUCCESS, logIndex=5887, commits[cb20f782-9136-4144-a2ef-e44461d35697:c5887]
2019-09-17 12:49:06,148 [grpc-default-executor-1] INFO  client.GrpcClientProtocolClient (GrpcClientProtocolClient.java:onNext(264)) - client-E41C008B94D2->cb20f782-9136-4144-a2ef-e44461d35697: receive RaftClientReply:client-E41C008B94D2->cb20f782-9136-4144-a2ef-e44461d35697@group-EF222054BC57, cid=4197, SUCCESS, logIndex=5890, commits[cb20f782-9136-4144-a2ef-e44461d35697:c5891]
2019-09-17 12:49:06,148 [grpc-default-executor-1] INFO  client.GrpcClientProtocolClient (GrpcClientProtocolClient.java:onNext(264)) - client-E41C008B94D2->cb20f782-9136-4144-a2ef-e44461d35697: receive RaftClientReply:client-E41C008B94D2->cb20f782-9136-4144-a2ef-e44461d35697@group-EF222054BC57, cid=4198, SUCCESS, logIndex=5891, commits[cb20f782-9136-4144-a2ef-e44461d35697:c5892]
2019-09-17 12:49:06,161 [SCMBlockDeletingService#0] DEBUG block.SCMBlockDeletingService (SCMBlockDeletingService.java:call(138)) - Running DeletedBlockTransactionScanner
2019-09-17 12:49:06,161 [SCMBlockDeletingService#0] DEBUG block.SCMBlockDeletingService (SCMBlockDeletingService.java:call(155)) - Scanned deleted blocks log and got 0 delTX to process.
2019-09-17 12:49:06,234 [grpc-default-executor-2] INFO  client.GrpcClientProtocolClient (GrpcClientProtocolClient.java:onNext(264)) - client-E41C008B94D2->cb20f782-9136-4144-a2ef-e44461d35697: receive RaftClientReply:client-E41C008B94D2->cb20f782-9136-4144-a2ef-e44461d35697@group-EF222054BC57, cid=4199, SUCCESS, logIndex=5893, commits[cb20f782-9136-4144-a2ef-e44461d35697:c5894]
2019-09-17 12:49:06,235 [grpc-default-executor-2] INFO  client.GrpcClientProtocolClient (GrpcClientProtocolClient.java:onNext(264)) - client-E41C008B94D2->cb20f782-9136-4144-a2ef-e44461d35697: receive RaftClientReply:client-E41C008B94D2->cb20f782-9136-4144-a2ef-e44461d35697@group-EF222054BC57, cid=4200, SUCCESS, logIndex=5894, commits[cb20f782-9136-4144-a2ef-e44461d35697:c5894]
2019-09-17 12:49:06,311 [SCMBlockDeletingService#0] DEBUG block.SCMBlockDeletingService (SCMBlockDeletingService.java:call(138)) - Running DeletedBlockTransactionScanner
2019-09-17 12:49:06,311 [SCMBlockDeletingService#0] DEBUG block.SCMBlockDeletingService (SCMBlockDeletingService.java:call(155)) - Scanned deleted blocks log and got 0 delTX to process.
2019-09-17 12:49:06,330 [grpc-default-executor-1] INFO  client.GrpcClientProtocolClient (GrpcClientProtocolClient.java:onNext(264)) - client-E41C008B94D2->cb20f782-9136-4144-a2ef-e44461d35697: receive RaftClientReply:client-E41C008B94D2->cb20f782-9136-4144-a2ef-e44461d35697@group-EF222054BC57, cid=4201, SUCCESS, logIndex=5896, commits[cb20f782-9136-4144-a2ef-e44461d35697:c5897]
2019-09-17 12:49:06,330 [grpc-default-executor-1] INFO  client.GrpcClientProtocolClient (GrpcClientProtocolClient.java:onNext(264)) - client-E41C008B94D2->cb20f782-9136-4144-a2ef-e44461d35697: receive RaftClientReply:client-E41C008B94D2->cb20f782-9136-4144-a2ef-e44461d35697@group-EF222054BC57, cid=4202, SUCCESS, logIndex=5897, commits[cb20f782-9136-4144-a2ef-e44461d35697:c5899]
2019-09-17 12:49:06,331 [grpc-default-executor-1] INFO  client.GrpcClientProtocolClient (GrpcClientProtocolClient.java:onNext(264)) - client-E41C008B94D2->cb20f782-9136-4144-a2ef-e44461d35697: receive RaftClientReply:client-E41C008B94D2->cb20f782-9136-4144-a2ef-e44461d35697@group-EF222054BC57, cid=4203, SUCCESS, logIndex=5898, commits[cb20f782-9136-4144-a2ef-e44461d35697:c5900]
2019-09-17 12:49:06,331 [grpc-default-executor-1] INFO  client.GrpcClientProtocolClient (GrpcClientProtocolClient.java:onNext(264)) - client-E41C008B94D2->cb20f782-9136-4144-a2ef-e44461d35697: receive RaftClientReply:client-E41C008B94D2->cb20f782-9136-4144-a2ef-e44461d35697@group-EF222054BC57, cid=4204, SUCCESS, logIndex=5899, commits[cb20f782-9136-4144-a2ef-e44461d35697:c5900]
2019-09-17 12:49:06,351 [grpc-default-executor-2] INFO  client.GrpcClientProtocolClient (GrpcClientProtocolClient.java:onNext(264)) - client-E41C008B94D2->cb20f782-9136-4144-a2ef-e44461d35697: receive RaftClientReply:client-E41C008B94D2->cb20f782-9136-4144-a2ef-e44461d35697@group-EF222054BC57, cid=4205, SUCCESS, logIndex=5902, commits[cb20f782-9136-4144-a2ef-e44461d35697:c5905]
2019-09-17 12:49:06,351 [grpc-default-executor-2] INFO  client.GrpcClientProtocolClient (GrpcClientProtocolClient.java:onNext(264)) - client-E41C008B94D2->cb20f782-9136-4144-a2ef-e44461d35697: receive RaftClientReply:client-E41C008B94D2->cb20f782-9136-4144-a2ef-e44461d35697@group-EF222054BC57, cid=4206, SUCCESS, logIndex=5903, commits[cb20f782-9136-4144-a2ef-e44461d35697:c5905]
2019-09-17 12:49:06,352 [grpc-default-executor-2] INFO  client.GrpcClientProtocolClient (GrpcClientProtocolClient.java:onNext(264)) - client-E41C008B94D2->cb20f782-9136-4144-a2ef-e44461d35697: receive RaftClientReply:client-E41C008B94D2->cb20f782-9136-4144-a2ef-e44461d35697@group-EF222054BC57, cid=4207, SUCCESS, logIndex=5904, commits[cb20f782-9136-4144-a2ef-e44461d35697:c5906]
2019-09-17 12:49:06,352 [grpc-default-executor-2] INFO  client.GrpcClientProtocolClient (GrpcClientProtocolClient.java:onNext(264)) - client-E41C008B94D2->cb20f782-9136-4144-a2ef-e44461d35697: receive RaftClientReply:client-E41C008B94D2->cb20f782-9136-4144-a2ef-e44461d35697@group-EF222054BC57, cid=4208, SUCCESS, logIndex=5905, commits[cb20f782-9136-4144-a2ef-e44461d35697:c5906]
2019-09-17 12:49:06,380 [grpc-default-executor-1] INFO  client.GrpcClientProtocolClient (GrpcClientProtocolClient.java:onNext(264)) - client-E41C008B94D2->cb20f782-9136-4144-a2ef-e44461d35697: receive RaftClientReply:client-E41C008B94D2->cb20f782-9136-4144-a2ef-e44461d35697@group-EF222054BC57, cid=4209, SUCCESS, logIndex=5907, commits[cb20f782-9136-4144-a2ef-e44461d35697:c5908]
2019-09-17 12:49:06,381 [grpc-default-executor-1] INFO  client.GrpcClientProtocolClient (GrpcClientProtocolClient.java:onNext(264)) - client-E41C008B94D2->cb20f782-9136-4144-a2ef-e44461d35697: receive RaftClientReply:client-E41C008B94D2->cb20f782-9136-4144-a2ef-e44461d35697@group-EF222054BC57, cid=4210, SUCCESS, logIndex=5908, commits[cb20f782-9136-4144-a2ef-e44461d35697:c5910]
2019-09-17 12:49:06,381 [grpc-default-executor-1] INFO  client.GrpcClientProtocolClient (GrpcClientProtocolClient.java:onNext(264)) - client-E41C008B94D2->cb20f782-9136-4144-a2ef-e44461d35697: receive RaftClientReply:client-E41C008B94D2->cb20f782-9136-4144-a2ef-e44461d35697@group-EF222054BC57, cid=4211, SUCCESS, logIndex=5909, commits[cb20f782-9136-4144-a2ef-e44461d35697:c5911]
2019-09-17 12:49:06,382 [grpc-default-executor-1] INFO  client.GrpcClientProtocolClient (GrpcClientProtocolClient.java:onNext(264)) - client-E41C008B94D2->cb20f782-9136-4144-a2ef-e44461d35697: receive RaftClientReply:client-E41C008B94D2->cb20f782-9136-4144-a2ef-e44461d35697@group-EF222054BC57, cid=4212, SUCCESS, logIndex=5910, commits[cb20f782-9136-4144-a2ef-e44461d35697:c5911]
2019-09-17 12:49:06,411 [SCMBlockDeletingService#0] DEBUG block.SCMBlockDeletingService (SCMBlockDeletingService.java:call(138)) - Running DeletedBlockTransactionScanner
2019-09-17 12:49:06,412 [grpc-default-executor-2] INFO  client.GrpcClientProtocolClient (GrpcClientProtocolClient.java:onNext(264)) - client-E41C008B94D2->cb20f782-9136-4144-a2ef-e44461d35697: receive RaftClientReply:client-E41C008B94D2->cb20f782-9136-4144-a2ef-e44461d35697@group-EF222054BC57, cid=4213, SUCCESS, logIndex=5913, commits[cb20f782-9136-4144-a2ef-e44461d35697:c5914]
2019-09-17 12:49:06,412 [SCMBlockDeletingService#0] DEBUG block.SCMBlockDeletingService (SCMBlockDeletingService.java:call(155)) - Scanned deleted blocks log and got 0 delTX to process.
2019-09-17 12:49:06,412 [grpc-default-executor-2] INFO  client.GrpcClientProtocolClient (GrpcClientProtocolClient.java:onNext(264)) - client-E41C008B94D2->cb20f782-9136-4144-a2ef-e44461d35697: receive RaftClientReply:client-E41C008B94D2->cb20f782-9136-4144-a2ef-e44461d35697@group-EF222054BC57, cid=4214, SUCCESS, logIndex=5914, commits[cb20f782-9136-4144-a2ef-e44461d35697:c5914]
2019-09-17 12:49:06,422 [grpc-default-executor-2] INFO  client.GrpcClientProtocolClient (GrpcClientProtocolClient.java:onNext(264)) - client-E41C008B94D2->cb20f782-9136-4144-a2ef-e44461d35697: receive RaftClientReply:client-E41C008B94D2->cb20f782-9136-4144-a2ef-e44461d35697@group-EF222054BC57, cid=4215, SUCCESS, logIndex=5915, commits[cb20f782-9136-4144-a2ef-e44461d35697:c5916]
2019-09-17 12:49:06,423 [grpc-default-executor-2] INFO  client.GrpcClientProtocolClient (GrpcClientProtocolClient.java:onNext(264)) - client-E41C008B94D2->cb20f782-9136-4144-a2ef-e44461d35697: receive RaftClientReply:client-E41C008B94D2->cb20f782-9136-4144-a2ef-e44461d35697@group-EF222054BC57, cid=4216, SUCCESS, logIndex=5916, commits[cb20f782-9136-4144-a2ef-e44461d35697:c5917]
2019-09-17 12:49:06,451 [grpc-default-executor-1] INFO  client.GrpcClientProtocolClient (GrpcClientProtocolClient.java:onNext(264)) - client-E41C008B94D2->cb20f782-9136-4144-a2ef-e44461d35697: receive RaftClientReply:client-E41C008B94D2->cb20f782-9136-4144-a2ef-e44461d35697@group-EF222054BC57, cid=4217, SUCCESS, logIndex=5919, commits[cb20f782-9136-4144-a2ef-e44461d35697:c5920]
2019-09-17 12:49:06,452 [grpc-default-executor-1] INFO  client.GrpcClientProtocolClient (GrpcClientProtocolClient.java:onNext(264)) - client-E41C008B94D2->cb20f782-9136-4144-a2ef-e44461d35697: receive RaftClientReply:client-E41C008B94D2->cb20f782-9136-4144-a2ef-e44461d35697@group-EF222054BC57, cid=4218, SUCCESS, logIndex=5920, commits[cb20f782-9136-4144-a2ef-e44461d35697:c5922]
2019-09-17 12:49:06,452 [grpc-default-executor-1] INFO  client.GrpcClientProtocolClient (GrpcClientProtocolClient.java:onNext(264)) - client-E41C008B94D2->cb20f782-9136-4144-a2ef-e44461d35697: receive RaftClientReply:client-E41C008B94D2->cb20f782-9136-4144-a2ef-e44461d35697@group-EF222054BC57, cid=4219, SUCCESS, logIndex=5921, commits[cb20f782-9136-4144-a2ef-e44461d35697:c5922]
2019-09-17 12:49:06,452 [grpc-default-executor-1] INFO  client.GrpcClientProtocolClient (GrpcClientProtocolClient.java:onNext(264)) - client-E41C008B94D2->cb20f782-9136-4144-a2ef-e44461d35697: receive RaftClientReply:client-E41C008B94D2->cb20f782-9136-4144-a2ef-e44461d35697@group-EF222054BC57, cid=4220, SUCCESS, logIndex=5922, commits[cb20f782-9136-4144-a2ef-e44461d35697:c5922]
2019-09-17 12:49:06,469 [grpc-default-executor-1] INFO  client.GrpcClientProtocolClient (GrpcClientProtocolClient.java:onNext(264)) - client-E41C008B94D2->cb20f782-9136-4144-a2ef-e44461d35697: receive RaftClientReply:client-E41C008B94D2->cb20f782-9136-4144-a2ef-e44461d35697@group-EF222054BC57, cid=4221, SUCCESS, logIndex=5925, commits[cb20f782-9136-4144-a2ef-e44461d35697:c5926]
2019-09-17 12:49:06,470 [grpc-default-executor-1] INFO  client.GrpcClientProtocolClient (GrpcClientProtocolClient.java:onNext(264)) - client-E41C008B94D2->cb20f782-9136-4144-a2ef-e44461d35697: receive RaftClientReply:client-E41C008B94D2->cb20f782-9136-4144-a2ef-e44461d35697@group-EF222054BC57, cid=4222, SUCCESS, logIndex=5926, commits[cb20f782-9136-4144-a2ef-e44461d35697:c5928]
2019-09-17 12:49:06,470 [grpc-default-executor-1] INFO  client.GrpcClientProtocolClient (GrpcClientProtocolClient.java:onNext(264)) - client-E41C008B94D2->cb20f782-9136-4144-a2ef-e44461d35697: receive RaftClientReply:client-E41C008B94D2->cb20f782-9136-4144-a2ef-e44461d35697@group-EF222054BC57, cid=4223, SUCCESS, logIndex=5927, commits[cb20f782-9136-4144-a2ef-e44461d35697:c5928]
2019-09-17 12:49:06,470 [grpc-default-executor-1] INFO  client.GrpcClientProtocolClient (GrpcClientProtocolClient.java:onNext(264)) - client-E41C008B94D2->cb20f782-9136-4144-a2ef-e44461d35697: receive RaftClientReply:client-E41C008B94D2->cb20f782-9136-4144-a2ef-e44461d35697@group-EF222054BC57, cid=4224, SUCCESS, logIndex=5928, commits[cb20f782-9136-4144-a2ef-e44461d35697:c5928]
2019-09-17 12:49:06,499 [grpc-default-executor-1] INFO  client.GrpcClientProtocolClient (GrpcClientProtocolClient.java:onNext(264)) - client-E41C008B94D2->cb20f782-9136-4144-a2ef-e44461d35697: receive RaftClientReply:client-E41C008B94D2->cb20f782-9136-4144-a2ef-e44461d35697@group-EF222054BC57, cid=4225, SUCCESS, logIndex=5931, commits[cb20f782-9136-4144-a2ef-e44461d35697:c5932]
2019-09-17 12:49:06,499 [grpc-default-executor-1] INFO  client.GrpcClientProtocolClient (GrpcClientProtocolClient.java:onNext(264)) - client-E41C008B94D2->cb20f782-9136-4144-a2ef-e44461d35697: receive RaftClientReply:client-E41C008B94D2->cb20f782-9136-4144-a2ef-e44461d35697@group-EF222054BC57, cid=4226, SUCCESS, logIndex=5932, commits[cb20f782-9136-4144-a2ef-e44461d35697:c5934]
2019-09-17 12:49:06,500 [grpc-default-executor-1] INFO  client.GrpcClientProtocolClient (GrpcClientProtocolClient.java:onNext(264)) - client-E41C008B94D2->cb20f782-9136-4144-a2ef-e44461d35697: receive RaftClientReply:client-E41C008B94D2->cb20f782-9136-4144-a2ef-e44461d35697@group-EF222054BC57, cid=4227, SUCCESS, logIndex=5933, commits[cb20f782-9136-4144-a2ef-e44461d35697:c5934]
2019-09-17 12:49:06,500 [grpc-default-executor-1] INFO  client.GrpcClientProtocolClient (GrpcClientProtocolClient.java:onNext(264)) - client-E41C008B94D2->cb20f782-9136-4144-a2ef-e44461d35697: receive RaftClientReply:client-E41C008B94D2->cb20f782-9136-4144-a2ef-e44461d35697@group-EF222054BC57, cid=4228, SUCCESS, logIndex=5934, commits[cb20f782-9136-4144-a2ef-e44461d35697:c5935]
2019-09-17 12:49:06,512 [SCMBlockDeletingService#0] DEBUG block.SCMBlockDeletingService (SCMBlockDeletingService.java:call(138)) - Running DeletedBlockTransactionScanner
2019-09-17 12:49:06,512 [SCMBlockDeletingService#0] DEBUG block.SCMBlockDeletingService (SCMBlockDeletingService.java:call(155)) - Scanned deleted blocks log and got 0 delTX to process.
2019-09-17 12:49:06,519 [grpc-default-executor-1] INFO  client.GrpcClientProtocolClient (GrpcClientProtocolClient.java:onNext(264)) - client-E41C008B94D2->cb20f782-9136-4144-a2ef-e44461d35697: receive RaftClientReply:client-E41C008B94D2->cb20f782-9136-4144-a2ef-e44461d35697@group-EF222054BC57, cid=4229, SUCCESS, logIndex=5937, commits[cb20f782-9136-4144-a2ef-e44461d35697:c5940]
2019-09-17 12:49:06,519 [grpc-default-executor-1] INFO  client.GrpcClientProtocolClient (GrpcClientProtocolClient.java:onNext(264)) - client-E41C008B94D2->cb20f782-9136-4144-a2ef-e44461d35697: receive RaftClientReply:client-E41C008B94D2->cb20f782-9136-4144-a2ef-e44461d35697@group-EF222054BC57, cid=4230, SUCCESS, logIndex=5938, commits[cb20f782-9136-4144-a2ef-e44461d35697:c5940]
2019-09-17 12:49:06,520 [grpc-default-executor-1] INFO  client.GrpcClientProtocolClient (GrpcClientProtocolClient.java:onNext(264)) - client-E41C008B94D2->cb20f782-9136-4144-a2ef-e44461d35697: receive RaftClientReply:client-E41C008B94D2->cb20f782-9136-4144-a2ef-e44461d35697@group-EF222054BC57, cid=4231, SUCCESS, logIndex=5939, commits[cb20f782-9136-4144-a2ef-e44461d35697:c5941]
2019-09-17 12:49:06,520 [grpc-default-executor-1] INFO  client.GrpcClientProtocolClient (GrpcClientProtocolClient.java:onNext(264)) - client-E41C008B94D2->cb20f782-9136-4144-a2ef-e44461d35697: receive RaftClientReply:client-E41C008B94D2->cb20f782-9136-4144-a2ef-e44461d35697@group-EF222054BC57, cid=4232, SUCCESS, logIndex=5940, commits[cb20f782-9136-4144-a2ef-e44461d35697:c5941]
2019-09-17 12:49:06,547 [grpc-default-executor-2] INFO  client.GrpcClientProtocolClient (GrpcClientProtocolClient.java:onNext(264)) - client-E41C008B94D2->cb20f782-9136-4144-a2ef-e44461d35697: receive RaftClientReply:client-E41C008B94D2->cb20f782-9136-4144-a2ef-e44461d35697@group-EF222054BC57, cid=4233, SUCCESS, logIndex=5942, commits[cb20f782-9136-4144-a2ef-e44461d35697:c5943]
2019-09-17 12:49:06,547 [grpc-default-executor-2] INFO  client.GrpcClientProtocolClient (GrpcClientProtocolClient.java:onNext(264)) - client-E41C008B94D2->cb20f782-9136-4144-a2ef-e44461d35697: receive RaftClientReply:client-E41C008B94D2->cb20f782-9136-4144-a2ef-e44461d35697@group-EF222054BC57, cid=4234, SUCCESS, logIndex=5943, commits[cb20f782-9136-4144-a2ef-e44461d35697:c5945]
2019-09-17 12:49:06,547 [grpc-default-executor-2] INFO  client.GrpcClientProtocolClient (GrpcClientProtocolClient.java:onNext(264)) - client-E41C008B94D2->cb20f782-9136-4144-a2ef-e44461d35697: receive RaftClientReply:client-E41C008B94D2->cb20f782-9136-4144-a2ef-e44461d35697@group-EF222054BC57, cid=4235, SUCCESS, logIndex=5944, commits[cb20f782-9136-4144-a2ef-e44461d35697:c5946]
2019-09-17 12:49:06,547 [grpc-default-executor-2] INFO  client.GrpcClientProtocolClient (GrpcClientProtocolClient.java:onNext(264)) - client-E41C008B94D2->cb20f782-9136-4144-a2ef-e44461d35697: receive RaftClientReply:client-E41C008B94D2->cb20f782-9136-4144-a2ef-e44461d35697@group-EF222054BC57, cid=4236, SUCCESS, logIndex=5945, commits[cb20f782-9136-4144-a2ef-e44461d35697:c5946]
2019-09-17 12:49:06,564 [grpc-default-executor-2] INFO  client.GrpcClientProtocolClient (GrpcClientProtocolClient.java:onNext(264)) - client-E41C008B94D2->cb20f782-9136-4144-a2ef-e44461d35697: receive RaftClientReply:client-E41C008B94D2->cb20f782-9136-4144-a2ef-e44461d35697@group-EF222054BC57, cid=4237, SUCCESS, logIndex=5948, commits[cb20f782-9136-4144-a2ef-e44461d35697:c5951]
2019-09-17 12:49:06,565 [grpc-default-executor-2] INFO  client.GrpcClientProtocolClient (GrpcClientProtocolClient.java:onNext(264)) - client-E41C008B94D2->cb20f782-9136-4144-a2ef-e44461d35697: receive RaftClientReply:client-E41C008B94D2->cb20f782-9136-4144-a2ef-e44461d35697@group-EF222054BC57, cid=4238, SUCCESS, logIndex=5949, commits[cb20f782-9136-4144-a2ef-e44461d35697:c5951]
2019-09-17 12:49:06,565 [grpc-default-executor-2] INFO  client.GrpcClientProtocolClient (GrpcClientProtocolClient.java:onNext(264)) - client-E41C008B94D2->cb20f782-9136-4144-a2ef-e44461d35697: receive RaftClientReply:client-E41C008B94D2->cb20f782-9136-4144-a2ef-e44461d35697@group-EF222054BC57, cid=4239, SUCCESS, logIndex=5950, commits[cb20f782-9136-4144-a2ef-e44461d35697:c5952]
2019-09-17 12:49:06,565 [grpc-default-executor-2] INFO  client.GrpcClientProtocolClient (GrpcClientProtocolClient.java:onNext(264)) - client-E41C008B94D2->cb20f782-9136-4144-a2ef-e44461d35697: receive RaftClientReply:client-E41C008B94D2->cb20f782-9136-4144-a2ef-e44461d35697@group-EF222054BC57, cid=4240, SUCCESS, logIndex=5951, commits[cb20f782-9136-4144-a2ef-e44461d35697:c5952]
2019-09-17 12:49:06,591 [grpc-default-executor-2] INFO  client.GrpcClientProtocolClient (GrpcClientProtocolClient.java:onNext(264)) - client-E41C008B94D2->cb20f782-9136-4144-a2ef-e44461d35697: receive RaftClientReply:client-E41C008B94D2->cb20f782-9136-4144-a2ef-e44461d35697@group-EF222054BC57, cid=4241, SUCCESS, logIndex=5953, commits[cb20f782-9136-4144-a2ef-e44461d35697:c5954]
2019-09-17 12:49:06,592 [grpc-default-executor-2] INFO  client.GrpcClientProtocolClient (GrpcClientProtocolClient.java:onNext(264)) - client-E41C008B94D2->cb20f782-9136-4144-a2ef-e44461d35697: receive RaftClientReply:client-E41C008B94D2->cb20f782-9136-4144-a2ef-e44461d35697@group-EF222054BC57, cid=4242, SUCCESS, logIndex=5954, commits[cb20f782-9136-4144-a2ef-e44461d35697:c5955]
2019-09-17 12:49:06,613 [SCMBlockDeletingService#0] DEBUG block.SCMBlockDeletingService (SCMBlockDeletingService.java:call(138)) - Running DeletedBlockTransactionScanner
2019-09-17 12:49:06,613 [SCMBlockDeletingService#0] DEBUG block.SCMBlockDeletingService (SCMBlockDeletingService.java:call(155)) - Scanned deleted blocks log and got 0 delTX to process.
2019-09-17 12:49:06,679 [grpc-default-executor-2] INFO  client.GrpcClientProtocolClient (GrpcClientProtocolClient.java:onNext(264)) - client-E41C008B94D2->cb20f782-9136-4144-a2ef-e44461d35697: receive RaftClientReply:client-E41C008B94D2->cb20f782-9136-4144-a2ef-e44461d35697@group-EF222054BC57, cid=4243, SUCCESS, logIndex=5956, commits[cb20f782-9136-4144-a2ef-e44461d35697:c5957]
2019-09-17 12:49:06,679 [grpc-default-executor-2] INFO  client.GrpcClientProtocolClient (GrpcClientProtocolClient.java:onNext(264)) - client-E41C008B94D2->cb20f782-9136-4144-a2ef-e44461d35697: receive RaftClientReply:client-E41C008B94D2->cb20f782-9136-4144-a2ef-e44461d35697@group-EF222054BC57, cid=4244, SUCCESS, logIndex=5957, commits[cb20f782-9136-4144-a2ef-e44461d35697:c5957]
2019-09-17 12:49:06,698 [grpc-default-executor-2] INFO  client.GrpcClientProtocolClient (GrpcClientProtocolClient.java:onNext(264)) - client-E41C008B94D2->cb20f782-9136-4144-a2ef-e44461d35697: receive RaftClientReply:client-E41C008B94D2->cb20f782-9136-4144-a2ef-e44461d35697@group-EF222054BC57, cid=4245, SUCCESS, logIndex=5959, commits[cb20f782-9136-4144-a2ef-e44461d35697:c5962]
2019-09-17 12:49:06,698 [grpc-default-executor-2] INFO  client.GrpcClientProtocolClient (GrpcClientProtocolClient.java:onNext(264)) - client-E41C008B94D2->cb20f782-9136-4144-a2ef-e44461d35697: receive RaftClientReply:client-E41C008B94D2->cb20f782-9136-4144-a2ef-e44461d35697@group-EF222054BC57, cid=4246, SUCCESS, logIndex=5960, commits[cb20f782-9136-4144-a2ef-e44461d35697:c5962]
2019-09-17 12:49:06,698 [grpc-default-executor-2] INFO  client.GrpcClientProtocolClient (GrpcClientProtocolClient.java:onNext(264)) - client-E41C008B94D2->cb20f782-9136-4144-a2ef-e44461d35697: receive RaftClientReply:client-E41C008B94D2->cb20f782-9136-4144-a2ef-e44461d35697@group-EF222054BC57, cid=4247, SUCCESS, logIndex=5961, commits[cb20f782-9136-4144-a2ef-e44461d35697:c5963]
2019-09-17 12:49:06,698 [grpc-default-executor-2] INFO  client.GrpcClientProtocolClient (GrpcClientProtocolClient.java:onNext(264)) - client-E41C008B94D2->cb20f782-9136-4144-a2ef-e44461d35697: receive RaftClientReply:client-E41C008B94D2->cb20f782-9136-4144-a2ef-e44461d35697@group-EF222054BC57, cid=4248, SUCCESS, logIndex=5962, commits[cb20f782-9136-4144-a2ef-e44461d35697:c5963]
2019-09-17 12:49:06,713 [SCMBlockDeletingService#0] DEBUG block.SCMBlockDeletingService (SCMBlockDeletingService.java:call(138)) - Running DeletedBlockTransactionScanner
2019-09-17 12:49:06,713 [SCMBlockDeletingService#0] DEBUG block.SCMBlockDeletingService (SCMBlockDeletingService.java:call(155)) - Scanned deleted blocks log and got 0 delTX to process.
2019-09-17 12:49:06,726 [grpc-default-executor-2] INFO  client.GrpcClientProtocolClient (GrpcClientProtocolClient.java:onNext(264)) - client-E41C008B94D2->cb20f782-9136-4144-a2ef-e44461d35697: receive RaftClientReply:client-E41C008B94D2->cb20f782-9136-4144-a2ef-e44461d35697@group-EF222054BC57, cid=4249, SUCCESS, logIndex=5964, commits[cb20f782-9136-4144-a2ef-e44461d35697:c5965]
2019-09-17 12:49:06,727 [grpc-default-executor-2] INFO  client.GrpcClientProtocolClient (GrpcClientProtocolClient.java:onNext(264)) - client-E41C008B94D2->cb20f782-9136-4144-a2ef-e44461d35697: receive RaftClientReply:client-E41C008B94D2->cb20f782-9136-4144-a2ef-e44461d35697@group-EF222054BC57, cid=4250, SUCCESS, logIndex=5965, commits[cb20f782-9136-4144-a2ef-e44461d35697:c5967]
2019-09-17 12:49:06,727 [grpc-default-executor-2] INFO  client.GrpcClientProtocolClient (GrpcClientProtocolClient.java:onNext(264)) - client-E41C008B94D2->cb20f782-9136-4144-a2ef-e44461d35697: receive RaftClientReply:client-E41C008B94D2->cb20f782-9136-4144-a2ef-e44461d35697@group-EF222054BC57, cid=4251, SUCCESS, logIndex=5966, commits[cb20f782-9136-4144-a2ef-e44461d35697:c5967]
2019-09-17 12:49:06,727 [grpc-default-executor-2] INFO  client.GrpcClientProtocolClient (GrpcClientProtocolClient.java:onNext(264)) - client-E41C008B94D2->cb20f782-9136-4144-a2ef-e44461d35697: receive RaftClientReply:client-E41C008B94D2->cb20f782-9136-4144-a2ef-e44461d35697@group-EF222054BC57, cid=4252, SUCCESS, logIndex=5967, commits[cb20f782-9136-4144-a2ef-e44461d35697:c5968]
2019-09-17 12:49:06,745 [grpc-default-executor-1] INFO  client.GrpcClientProtocolClient (GrpcClientProtocolClient.java:onNext(264)) - client-E41C008B94D2->cb20f782-9136-4144-a2ef-e44461d35697: receive RaftClientReply:client-E41C008B94D2->cb20f782-9136-4144-a2ef-e44461d35697@group-EF222054BC57, cid=4253, SUCCESS, logIndex=5970, commits[cb20f782-9136-4144-a2ef-e44461d35697:c5973]
2019-09-17 12:49:06,745 [grpc-default-executor-1] INFO  client.GrpcClientProtocolClient (GrpcClientProtocolClient.java:onNext(264)) - client-E41C008B94D2->cb20f782-9136-4144-a2ef-e44461d35697: receive RaftClientReply:client-E41C008B94D2->cb20f782-9136-4144-a2ef-e44461d35697@group-EF222054BC57, cid=4254, SUCCESS, logIndex=5971, commits[cb20f782-9136-4144-a2ef-e44461d35697:c5974]
2019-09-17 12:49:06,746 [grpc-default-executor-1] INFO  client.GrpcClientProtocolClient (GrpcClientProtocolClient.java:onNext(264)) - client-E41C008B94D2->cb20f782-9136-4144-a2ef-e44461d35697: receive RaftClientReply:client-E41C008B94D2->cb20f782-9136-4144-a2ef-e44461d35697@group-EF222054BC57, cid=4255, SUCCESS, logIndex=5972, commits[cb20f782-9136-4144-a2ef-e44461d35697:c5974]
2019-09-17 12:49:06,746 [grpc-default-executor-1] INFO  client.GrpcClientProtocolClient (GrpcClientProtocolClient.java:onNext(264)) - client-E41C008B94D2->cb20f782-9136-4144-a2ef-e44461d35697: receive RaftClientReply:client-E41C008B94D2->cb20f782-9136-4144-a2ef-e44461d35697@group-EF222054BC57, cid=4256, SUCCESS, logIndex=5973, commits[cb20f782-9136-4144-a2ef-e44461d35697:c5974]
2019-09-17 12:49:06,775 [grpc-default-executor-1] INFO  client.GrpcClientProtocolClient (GrpcClientProtocolClient.java:onNext(264)) - client-E41C008B94D2->cb20f782-9136-4144-a2ef-e44461d35697: receive RaftClientReply:client-E41C008B94D2->cb20f782-9136-4144-a2ef-e44461d35697@group-EF222054BC57, cid=4257, SUCCESS, logIndex=5975, commits[cb20f782-9136-4144-a2ef-e44461d35697:c5978]
2019-09-17 12:49:06,775 [grpc-default-executor-1] INFO  client.GrpcClientProtocolClient (GrpcClientProtocolClient.java:onNext(264)) - client-E41C008B94D2->cb20f782-9136-4144-a2ef-e44461d35697: receive RaftClientReply:client-E41C008B94D2->cb20f782-9136-4144-a2ef-e44461d35697@group-EF222054BC57, cid=4258, SUCCESS, logIndex=5976, commits[cb20f782-9136-4144-a2ef-e44461d35697:c5978]
2019-09-17 12:49:06,776 [grpc-default-executor-1] INFO  client.GrpcClientProtocolClient (GrpcClientProtocolClient.java:onNext(264)) - client-E41C008B94D2->cb20f782-9136-4144-a2ef-e44461d35697: receive RaftClientReply:client-E41C008B94D2->cb20f782-9136-4144-a2ef-e44461d35697@group-EF222054BC57, cid=4259, SUCCESS, logIndex=5977, commits[cb20f782-9136-4144-a2ef-e44461d35697:c5979]
2019-09-17 12:49:06,776 [grpc-default-executor-1] INFO  client.GrpcClientProtocolClient (GrpcClientProtocolClient.java:onNext(264)) - client-E41C008B94D2->cb20f782-9136-4144-a2ef-e44461d35697: receive RaftClientReply:client-E41C008B94D2->cb20f782-9136-4144-a2ef-e44461d35697@group-EF222054BC57, cid=4260, SUCCESS, logIndex=5978, commits[cb20f782-9136-4144-a2ef-e44461d35697:c5979]
2019-09-17 12:49:06,792 [grpc-default-executor-1] INFO  client.GrpcClientProtocolClient (GrpcClientProtocolClient.java:onNext(264)) - client-E41C008B94D2->cb20f782-9136-4144-a2ef-e44461d35697: receive RaftClientReply:client-E41C008B94D2->cb20f782-9136-4144-a2ef-e44461d35697@group-EF222054BC57, cid=4261, SUCCESS, logIndex=5980, commits[cb20f782-9136-4144-a2ef-e44461d35697:c5981]
2019-09-17 12:49:06,793 [grpc-default-executor-1] INFO  client.GrpcClientProtocolClient (GrpcClientProtocolClient.java:onNext(264)) - client-E41C008B94D2->cb20f782-9136-4144-a2ef-e44461d35697: receive RaftClientReply:client-E41C008B94D2->cb20f782-9136-4144-a2ef-e44461d35697@group-EF222054BC57, cid=4262, SUCCESS, logIndex=5981, commits[cb20f782-9136-4144-a2ef-e44461d35697:c5983]
2019-09-17 12:49:06,793 [grpc-default-executor-1] INFO  client.GrpcClientProtocolClient (GrpcClientProtocolClient.java:onNext(264)) - client-E41C008B94D2->cb20f782-9136-4144-a2ef-e44461d35697: receive RaftClientReply:client-E41C008B94D2->cb20f782-9136-4144-a2ef-e44461d35697@group-EF222054BC57, cid=4263, SUCCESS, logIndex=5982, commits[cb20f782-9136-4144-a2ef-e44461d35697:c5983]
2019-09-17 12:49:06,793 [grpc-default-executor-1] INFO  client.GrpcClientProtocolClient (GrpcClientProtocolClient.java:onNext(264)) - client-E41C008B94D2->cb20f782-9136-4144-a2ef-e44461d35697: receive RaftClientReply:client-E41C008B94D2->cb20f782-9136-4144-a2ef-e44461d35697@group-EF222054BC57, cid=4264, SUCCESS, logIndex=5983, commits[cb20f782-9136-4144-a2ef-e44461d35697:c5984]
2019-09-17 12:49:06,814 [SCMBlockDeletingService#0] DEBUG block.SCMBlockDeletingService (SCMBlockDeletingService.java:call(138)) - Running DeletedBlockTransactionScanner
2019-09-17 12:49:06,814 [SCMBlockDeletingService#0] DEBUG block.SCMBlockDeletingService (SCMBlockDeletingService.java:call(155)) - Scanned deleted blocks log and got 0 delTX to process.
2019-09-17 12:49:06,822 [grpc-default-executor-2] INFO  client.GrpcClientProtocolClient (GrpcClientProtocolClient.java:onNext(264)) - client-E41C008B94D2->cb20f782-9136-4144-a2ef-e44461d35697: receive RaftClientReply:client-E41C008B94D2->cb20f782-9136-4144-a2ef-e44461d35697@group-EF222054BC57, cid=4265, SUCCESS, logIndex=5986, commits[cb20f782-9136-4144-a2ef-e44461d35697:c5989]
2019-09-17 12:49:06,822 [grpc-default-executor-2] INFO  client.GrpcClientProtocolClient (GrpcClientProtocolClient.java:onNext(264)) - client-E41C008B94D2->cb20f782-9136-4144-a2ef-e44461d35697: receive RaftClientReply:client-E41C008B94D2->cb20f782-9136-4144-a2ef-e44461d35697@group-EF222054BC57, cid=4266, SUCCESS, logIndex=5987, commits[cb20f782-9136-4144-a2ef-e44461d35697:c5989]
2019-09-17 12:49:06,822 [grpc-default-executor-2] INFO  client.GrpcClientProtocolClient (GrpcClientProtocolClient.java:onNext(264)) - client-E41C008B94D2->cb20f782-9136-4144-a2ef-e44461d35697: receive RaftClientReply:client-E41C008B94D2->cb20f782-9136-4144-a2ef-e44461d35697@group-EF222054BC57, cid=4267, SUCCESS, logIndex=5988, commits[cb20f782-9136-4144-a2ef-e44461d35697:c5990]
2019-09-17 12:49:06,822 [grpc-default-executor-2] INFO  client.GrpcClientProtocolClient (GrpcClientProtocolClient.java:onNext(264)) - client-E41C008B94D2->cb20f782-9136-4144-a2ef-e44461d35697: receive RaftClientReply:client-E41C008B94D2->cb20f782-9136-4144-a2ef-e44461d35697@group-EF222054BC57, cid=4268, SUCCESS, logIndex=5989, commits[cb20f782-9136-4144-a2ef-e44461d35697:c5990]
2019-09-17 12:49:06,839 [grpc-default-executor-2] INFO  client.GrpcClientProtocolClient (GrpcClientProtocolClient.java:onNext(264)) - client-E41C008B94D2->cb20f782-9136-4144-a2ef-e44461d35697: receive RaftClientReply:client-E41C008B94D2->cb20f782-9136-4144-a2ef-e44461d35697@group-EF222054BC57, cid=4269, SUCCESS, logIndex=5991, commits[cb20f782-9136-4144-a2ef-e44461d35697:c5992]
2019-09-17 12:49:06,840 [grpc-default-executor-2] INFO  client.GrpcClientProtocolClient (GrpcClientProtocolClient.java:onNext(264)) - client-E41C008B94D2->cb20f782-9136-4144-a2ef-e44461d35697: receive RaftClientReply:client-E41C008B94D2->cb20f782-9136-4144-a2ef-e44461d35697@group-EF222054BC57, cid=4270, SUCCESS, logIndex=5992, commits[cb20f782-9136-4144-a2ef-e44461d35697:c5994]
2019-09-17 12:49:06,840 [grpc-default-executor-2] INFO  client.GrpcClientProtocolClient (GrpcClientProtocolClient.java:onNext(264)) - client-E41C008B94D2->cb20f782-9136-4144-a2ef-e44461d35697: receive RaftClientReply:client-E41C008B94D2->cb20f782-9136-4144-a2ef-e44461d35697@group-EF222054BC57, cid=4271, SUCCESS, logIndex=5993, commits[cb20f782-9136-4144-a2ef-e44461d35697:c5994]
2019-09-17 12:49:06,840 [grpc-default-executor-2] INFO  client.GrpcClientProtocolClient (GrpcClientProtocolClient.java:onNext(264)) - client-E41C008B94D2->cb20f782-9136-4144-a2ef-e44461d35697: receive RaftClientReply:client-E41C008B94D2->cb20f782-9136-4144-a2ef-e44461d35697@group-EF222054BC57, cid=4272, SUCCESS, logIndex=5994, commits[cb20f782-9136-4144-a2ef-e44461d35697:c5994]
2019-09-17 12:49:06,878 [grpc-default-executor-2] INFO  client.GrpcClientProtocolClient (GrpcClientProtocolClient.java:onNext(264)) - client-E41C008B94D2->cb20f782-9136-4144-a2ef-e44461d35697: receive RaftClientReply:client-E41C008B94D2->cb20f782-9136-4144-a2ef-e44461d35697@group-EF222054BC57, cid=4273, SUCCESS, logIndex=5997, commits[cb20f782-9136-4144-a2ef-e44461d35697:c5998]
2019-09-17 12:49:06,878 [grpc-default-executor-2] INFO  client.GrpcClientProtocolClient (GrpcClientProtocolClient.java:onNext(264)) - client-E41C008B94D2->cb20f782-9136-4144-a2ef-e44461d35697: receive RaftClientReply:client-E41C008B94D2->cb20f782-9136-4144-a2ef-e44461d35697@group-EF222054BC57, cid=4274, SUCCESS, logIndex=5998, commits[cb20f782-9136-4144-a2ef-e44461d35697:c5998]
2019-09-17 12:49:06,888 [grpc-default-executor-2] INFO  client.GrpcClientProtocolClient (GrpcClientProtocolClient.java:onNext(264)) - client-E41C008B94D2->cb20f782-9136-4144-a2ef-e44461d35697: receive RaftClientReply:client-E41C008B94D2->cb20f782-9136-4144-a2ef-e44461d35697@group-EF222054BC57, cid=4275, SUCCESS, logIndex=5999, commits[cb20f782-9136-4144-a2ef-e44461d35697:c6000]
2019-09-17 12:49:06,889 [grpc-default-executor-2] INFO  client.GrpcClientProtocolClient (GrpcClientProtocolClient.java:onNext(264)) - client-E41C008B94D2->cb20f782-9136-4144-a2ef-e44461d35697: receive RaftClientReply:client-E41C008B94D2->cb20f782-9136-4144-a2ef-e44461d35697@group-EF222054BC57, cid=4276, SUCCESS, logIndex=6000, commits[cb20f782-9136-4144-a2ef-e44461d35697:c6000]
2019-09-17 12:49:06,906 [grpc-default-executor-2] INFO  client.GrpcClientProtocolClient (GrpcClientProtocolClient.java:onNext(264)) - client-E41C008B94D2->cb20f782-9136-4144-a2ef-e44461d35697: receive RaftClientReply:client-E41C008B94D2->cb20f782-9136-4144-a2ef-e44461d35697@group-EF222054BC57, cid=4277, SUCCESS, logIndex=6003, commits[cb20f782-9136-4144-a2ef-e44461d35697:c6006]
2019-09-17 12:49:06,906 [grpc-default-executor-2] INFO  client.GrpcClientProtocolClient (GrpcClientProtocolClient.java:onNext(264)) - client-E41C008B94D2->cb20f782-9136-4144-a2ef-e44461d35697: receive RaftClientReply:client-E41C008B94D2->cb20f782-9136-4144-a2ef-e44461d35697@group-EF222054BC57, cid=4278, SUCCESS, logIndex=6004, commits[cb20f782-9136-4144-a2ef-e44461d35697:c6007]
2019-09-17 12:49:06,907 [grpc-default-executor-2] INFO  client.GrpcClientProtocolClient (GrpcClientProtocolClient.java:onNext(264)) - client-E41C008B94D2->cb20f782-9136-4144-a2ef-e44461d35697: receive RaftClientReply:client-E41C008B94D2->cb20f782-9136-4144-a2ef-e44461d35697@group-EF222054BC57, cid=4279, SUCCESS, logIndex=6005, commits[cb20f782-9136-4144-a2ef-e44461d35697:c6007]
2019-09-17 12:49:06,907 [grpc-default-executor-2] INFO  client.GrpcClientProtocolClient (GrpcClientProtocolClient.java:onNext(264)) - client-E41C008B94D2->cb20f782-9136-4144-a2ef-e44461d35697: receive RaftClientReply:client-E41C008B94D2->cb20f782-9136-4144-a2ef-e44461d35697@group-EF222054BC57, cid=4280, SUCCESS, logIndex=6006, commits[cb20f782-9136-4144-a2ef-e44461d35697:c6007]
2019-09-17 12:49:06,915 [SCMBlockDeletingService#0] DEBUG block.SCMBlockDeletingService (SCMBlockDeletingService.java:call(138)) - Running DeletedBlockTransactionScanner
2019-09-17 12:49:06,915 [SCMBlockDeletingService#0] DEBUG block.SCMBlockDeletingService (SCMBlockDeletingService.java:call(155)) - Scanned deleted blocks log and got 0 delTX to process.
2019-09-17 12:49:06,933 [grpc-default-executor-1] INFO  client.GrpcClientProtocolClient (GrpcClientProtocolClient.java:onNext(264)) - client-E41C008B94D2->cb20f782-9136-4144-a2ef-e44461d35697: receive RaftClientReply:client-E41C008B94D2->cb20f782-9136-4144-a2ef-e44461d35697@group-EF222054BC57, cid=4281, SUCCESS, logIndex=6008, commits[cb20f782-9136-4144-a2ef-e44461d35697:c6011]
2019-09-17 12:49:06,934 [grpc-default-executor-1] INFO  client.GrpcClientProtocolClient (GrpcClientProtocolClient.java:onNext(264)) - client-E41C008B94D2->cb20f782-9136-4144-a2ef-e44461d35697: receive RaftClientReply:client-E41C008B94D2->cb20f782-9136-4144-a2ef-e44461d35697@group-EF222054BC57, cid=4282, SUCCESS, logIndex=6009, commits[cb20f782-9136-4144-a2ef-e44461d35697:c6011]
2019-09-17 12:49:06,934 [grpc-default-executor-1] INFO  client.GrpcClientProtocolClient (GrpcClientProtocolClient.java:onNext(264)) - client-E41C008B94D2->cb20f782-9136-4144-a2ef-e44461d35697: receive RaftClientReply:client-E41C008B94D2->cb20f782-9136-4144-a2ef-e44461d35697@group-EF222054BC57, cid=4283, SUCCESS, logIndex=6010, commits[cb20f782-9136-4144-a2ef-e44461d35697:c6012]
2019-09-17 12:49:06,934 [grpc-default-executor-1] INFO  client.GrpcClientProtocolClient (GrpcClientProtocolClient.java:onNext(264)) - client-E41C008B94D2->cb20f782-9136-4144-a2ef-e44461d35697: receive RaftClientReply:client-E41C008B94D2->cb20f782-9136-4144-a2ef-e44461d35697@group-EF222054BC57, cid=4284, SUCCESS, logIndex=6011, commits[cb20f782-9136-4144-a2ef-e44461d35697:c6012]
2019-09-17 12:49:06,965 [grpc-default-executor-2] INFO  client.GrpcClientProtocolClient (GrpcClientProtocolClient.java:onNext(264)) - client-E41C008B94D2->cb20f782-9136-4144-a2ef-e44461d35697: receive RaftClientReply:client-E41C008B94D2->cb20f782-9136-4144-a2ef-e44461d35697@group-EF222054BC57, cid=4285, SUCCESS, logIndex=6013, commits[cb20f782-9136-4144-a2ef-e44461d35697:c6014]
2019-09-17 12:49:06,965 [grpc-default-executor-2] INFO  client.GrpcClientProtocolClient (GrpcClientProtocolClient.java:onNext(264)) - client-E41C008B94D2->cb20f782-9136-4144-a2ef-e44461d35697: receive RaftClientReply:client-E41C008B94D2->cb20f782-9136-4144-a2ef-e44461d35697@group-EF222054BC57, cid=4286, SUCCESS, logIndex=6014, commits[cb20f782-9136-4144-a2ef-e44461d35697:c6015]
2019-09-17 12:49:07,015 [SCMBlockDeletingService#0] DEBUG block.SCMBlockDeletingService (SCMBlockDeletingService.java:call(138)) - Running DeletedBlockTransactionScanner
2019-09-17 12:49:07,016 [SCMBlockDeletingService#0] DEBUG block.SCMBlockDeletingService (SCMBlockDeletingService.java:call(155)) - Scanned deleted blocks log and got 0 delTX to process.
2019-09-17 12:49:07,038 [grpc-default-executor-1] INFO  client.GrpcClientProtocolClient (GrpcClientProtocolClient.java:onNext(264)) - client-E41C008B94D2->cb20f782-9136-4144-a2ef-e44461d35697: receive RaftClientReply:client-E41C008B94D2->cb20f782-9136-4144-a2ef-e44461d35697@group-EF222054BC57, cid=4287, SUCCESS, logIndex=6016, commits[cb20f782-9136-4144-a2ef-e44461d35697:c6017]
2019-09-17 12:49:07,038 [grpc-default-executor-1] INFO  client.GrpcClientProtocolClient (GrpcClientProtocolClient.java:onNext(264)) - client-E41C008B94D2->cb20f782-9136-4144-a2ef-e44461d35697: receive RaftClientReply:client-E41C008B94D2->cb20f782-9136-4144-a2ef-e44461d35697@group-EF222054BC57, cid=4288, SUCCESS, logIndex=6017, commits[cb20f782-9136-4144-a2ef-e44461d35697:c6018]
2019-09-17 12:49:07,067 [grpc-default-executor-1] INFO  client.GrpcClientProtocolClient (GrpcClientProtocolClient.java:onNext(264)) - client-E41C008B94D2->cb20f782-9136-4144-a2ef-e44461d35697: receive RaftClientReply:client-E41C008B94D2->cb20f782-9136-4144-a2ef-e44461d35697@group-EF222054BC57, cid=4289, SUCCESS, logIndex=6019, commits[cb20f782-9136-4144-a2ef-e44461d35697:c6020]
2019-09-17 12:49:07,067 [grpc-default-executor-1] INFO  client.GrpcClientProtocolClient (GrpcClientProtocolClient.java:onNext(264)) - client-E41C008B94D2->cb20f782-9136-4144-a2ef-e44461d35697: receive RaftClientReply:client-E41C008B94D2->cb20f782-9136-4144-a2ef-e44461d35697@group-EF222054BC57, cid=4290, SUCCESS, logIndex=6020, commits[cb20f782-9136-4144-a2ef-e44461d35697:c6022]
2019-09-17 12:49:07,067 [grpc-default-executor-1] INFO  client.GrpcClientProtocolClient (GrpcClientProtocolClient.java:onNext(264)) - client-E41C008B94D2->cb20f782-9136-4144-a2ef-e44461d35697: receive RaftClientReply:client-E41C008B94D2->cb20f782-9136-4144-a2ef-e44461d35697@group-EF222054BC57, cid=4291, SUCCESS, logIndex=6021, commits[cb20f782-9136-4144-a2ef-e44461d35697:c6023]
2019-09-17 12:49:07,068 [grpc-default-executor-1] INFO  client.GrpcClientProtocolClient (GrpcClientProtocolClient.java:onNext(264)) - client-E41C008B94D2->cb20f782-9136-4144-a2ef-e44461d35697: receive RaftClientReply:client-E41C008B94D2->cb20f782-9136-4144-a2ef-e44461d35697@group-EF222054BC57, cid=4292, SUCCESS, logIndex=6022, commits[cb20f782-9136-4144-a2ef-e44461d35697:c6023]
2019-09-17 12:49:07,086 [grpc-default-executor-1] INFO  client.GrpcClientProtocolClient (GrpcClientProtocolClient.java:onNext(264)) - client-E41C008B94D2->cb20f782-9136-4144-a2ef-e44461d35697: receive RaftClientReply:client-E41C008B94D2->cb20f782-9136-4144-a2ef-e44461d35697@group-EF222054BC57, cid=4293, SUCCESS, logIndex=6025, commits[cb20f782-9136-4144-a2ef-e44461d35697:c6028]
2019-09-17 12:49:07,087 [grpc-default-executor-1] INFO  client.GrpcClientProtocolClient (GrpcClientProtocolClient.java:onNext(264)) - client-E41C008B94D2->cb20f782-9136-4144-a2ef-e44461d35697: receive RaftClientReply:client-E41C008B94D2->cb20f782-9136-4144-a2ef-e44461d35697@group-EF222054BC57, cid=4294, SUCCESS, logIndex=6026, commits[cb20f782-9136-4144-a2ef-e44461d35697:c6028]
2019-09-17 12:49:07,087 [grpc-default-executor-1] INFO  client.GrpcClientProtocolClient (GrpcClientProtocolClient.java:onNext(264)) - client-E41C008B94D2->cb20f782-9136-4144-a2ef-e44461d35697: receive RaftClientReply:client-E41C008B94D2->cb20f782-9136-4144-a2ef-e44461d35697@group-EF222054BC57, cid=4295, SUCCESS, logIndex=6027, commits[cb20f782-9136-4144-a2ef-e44461d35697:c6029]
2019-09-17 12:49:07,087 [grpc-default-executor-1] INFO  client.GrpcClientProtocolClient (GrpcClientProtocolClient.java:onNext(264)) - client-E41C008B94D2->cb20f782-9136-4144-a2ef-e44461d35697: receive RaftClientReply:client-E41C008B94D2->cb20f782-9136-4144-a2ef-e44461d35697@group-EF222054BC57, cid=4296, SUCCESS, logIndex=6028, commits[cb20f782-9136-4144-a2ef-e44461d35697:c6029]
2019-09-17 12:49:07,115 [grpc-default-executor-1] INFO  client.GrpcClientProtocolClient (GrpcClientProtocolClient.java:onNext(264)) - client-E41C008B94D2->cb20f782-9136-4144-a2ef-e44461d35697: receive RaftClientReply:client-E41C008B94D2->cb20f782-9136-4144-a2ef-e44461d35697@group-EF222054BC57, cid=4297, SUCCESS, logIndex=6030, commits[cb20f782-9136-4144-a2ef-e44461d35697:c6033]
2019-09-17 12:49:07,116 [grpc-default-executor-1] INFO  client.GrpcClientProtocolClient (GrpcClientProtocolClient.java:onNext(264)) - client-E41C008B94D2->cb20f782-9136-4144-a2ef-e44461d35697: receive RaftClientReply:client-E41C008B94D2->cb20f782-9136-4144-a2ef-e44461d35697@group-EF222054BC57, cid=4298, SUCCESS, logIndex=6031, commits[cb20f782-9136-4144-a2ef-e44461d35697:c6034]
2019-09-17 12:49:07,116 [grpc-default-executor-1] INFO  client.GrpcClientProtocolClient (GrpcClientProtocolClient.java:onNext(264)) - client-E41C008B94D2->cb20f782-9136-4144-a2ef-e44461d35697: receive RaftClientReply:client-E41C008B94D2->cb20f782-9136-4144-a2ef-e44461d35697@group-EF222054BC57, cid=4299, SUCCESS, logIndex=6032, commits[cb20f782-9136-4144-a2ef-e44461d35697:c6034]
2019-09-17 12:49:07,116 [SCMBlockDeletingService#0] DEBUG block.SCMBlockDeletingService (SCMBlockDeletingService.java:call(138)) - Running DeletedBlockTransactionScanner
2019-09-17 12:49:07,116 [grpc-default-executor-1] INFO  client.GrpcClientProtocolClient (GrpcClientProtocolClient.java:onNext(264)) - client-E41C008B94D2->cb20f782-9136-4144-a2ef-e44461d35697: receive RaftClientReply:client-E41C008B94D2->cb20f782-9136-4144-a2ef-e44461d35697@group-EF222054BC57, cid=4300, SUCCESS, logIndex=6033, commits[cb20f782-9136-4144-a2ef-e44461d35697:c6034]
2019-09-17 12:49:07,116 [SCMBlockDeletingService#0] DEBUG block.SCMBlockDeletingService (SCMBlockDeletingService.java:call(155)) - Scanned deleted blocks log and got 0 delTX to process.
2019-09-17 12:49:07,190 [grpc-default-executor-1] INFO  client.GrpcClientProtocolClient (GrpcClientProtocolClient.java:onNext(264)) - client-E41C008B94D2->cb20f782-9136-4144-a2ef-e44461d35697: receive RaftClientReply:client-E41C008B94D2->cb20f782-9136-4144-a2ef-e44461d35697@group-EF222054BC57, cid=4301, SUCCESS, logIndex=6035, commits[cb20f782-9136-4144-a2ef-e44461d35697:c6036]
2019-09-17 12:49:07,190 [grpc-default-executor-1] INFO  client.GrpcClientProtocolClient (GrpcClientProtocolClient.java:onNext(264)) - client-E41C008B94D2->cb20f782-9136-4144-a2ef-e44461d35697: receive RaftClientReply:client-E41C008B94D2->cb20f782-9136-4144-a2ef-e44461d35697@group-EF222054BC57, cid=4302, SUCCESS, logIndex=6036, commits[cb20f782-9136-4144-a2ef-e44461d35697:c6036]
2019-09-17 12:49:07,200 [grpc-default-executor-1] INFO  client.GrpcClientProtocolClient (GrpcClientProtocolClient.java:onNext(264)) - client-E41C008B94D2->cb20f782-9136-4144-a2ef-e44461d35697: receive RaftClientReply:client-E41C008B94D2->cb20f782-9136-4144-a2ef-e44461d35697@group-EF222054BC57, cid=4303, SUCCESS, logIndex=6038, commits[cb20f782-9136-4144-a2ef-e44461d35697:c6039]
2019-09-17 12:49:07,200 [grpc-default-executor-1] INFO  client.GrpcClientProtocolClient (GrpcClientProtocolClient.java:onNext(264)) - client-E41C008B94D2->cb20f782-9136-4144-a2ef-e44461d35697: receive RaftClientReply:client-E41C008B94D2->cb20f782-9136-4144-a2ef-e44461d35697@group-EF222054BC57, cid=4304, SUCCESS, logIndex=6039, commits[cb20f782-9136-4144-a2ef-e44461d35697:c6039]
2019-09-17 12:49:07,217 [SCMBlockDeletingService#1] DEBUG block.SCMBlockDeletingService (SCMBlockDeletingService.java:call(138)) - Running DeletedBlockTransactionScanner
2019-09-17 12:49:07,217 [SCMBlockDeletingService#1] DEBUG block.SCMBlockDeletingService (SCMBlockDeletingService.java:call(155)) - Scanned deleted blocks log and got 0 delTX to process.
2019-09-17 12:49:07,229 [grpc-default-executor-1] INFO  client.GrpcClientProtocolClient (GrpcClientProtocolClient.java:onNext(264)) - client-E41C008B94D2->cb20f782-9136-4144-a2ef-e44461d35697: receive RaftClientReply:client-E41C008B94D2->cb20f782-9136-4144-a2ef-e44461d35697@group-EF222054BC57, cid=4305, SUCCESS, logIndex=6041, commits[cb20f782-9136-4144-a2ef-e44461d35697:c6044]
2019-09-17 12:49:07,230 [grpc-default-executor-1] INFO  client.GrpcClientProtocolClient (GrpcClientProtocolClient.java:onNext(264)) - client-E41C008B94D2->cb20f782-9136-4144-a2ef-e44461d35697: receive RaftClientReply:client-E41C008B94D2->cb20f782-9136-4144-a2ef-e44461d35697@group-EF222054BC57, cid=4306, SUCCESS, logIndex=6042, commits[cb20f782-9136-4144-a2ef-e44461d35697:c6045]
2019-09-17 12:49:07,230 [grpc-default-executor-1] INFO  client.GrpcClientProtocolClient (GrpcClientProtocolClient.java:onNext(264)) - client-E41C008B94D2->cb20f782-9136-4144-a2ef-e44461d35697: receive RaftClientReply:client-E41C008B94D2->cb20f782-9136-4144-a2ef-e44461d35697@group-EF222054BC57, cid=4307, SUCCESS, logIndex=6043, commits[cb20f782-9136-4144-a2ef-e44461d35697:c6045]
2019-09-17 12:49:07,230 [grpc-default-executor-1] INFO  client.GrpcClientProtocolClient (GrpcClientProtocolClient.java:onNext(264)) - client-E41C008B94D2->cb20f782-9136-4144-a2ef-e44461d35697: receive RaftClientReply:client-E41C008B94D2->cb20f782-9136-4144-a2ef-e44461d35697@group-EF222054BC57, cid=4308, SUCCESS, logIndex=6044, commits[cb20f782-9136-4144-a2ef-e44461d35697:c6045]
2019-09-17 12:49:07,265 [grpc-default-executor-2] INFO  client.GrpcClientProtocolClient (GrpcClientProtocolClient.java:onNext(264)) - client-E41C008B94D2->cb20f782-9136-4144-a2ef-e44461d35697: receive RaftClientReply:client-E41C008B94D2->cb20f782-9136-4144-a2ef-e44461d35697@group-EF222054BC57, cid=4309, SUCCESS, logIndex=6046, commits[cb20f782-9136-4144-a2ef-e44461d35697:c6047]
2019-09-17 12:49:07,265 [grpc-default-executor-2] INFO  client.GrpcClientProtocolClient (GrpcClientProtocolClient.java:onNext(264)) - client-E41C008B94D2->cb20f782-9136-4144-a2ef-e44461d35697: receive RaftClientReply:client-E41C008B94D2->cb20f782-9136-4144-a2ef-e44461d35697@group-EF222054BC57, cid=4310, SUCCESS, logIndex=6047, commits[cb20f782-9136-4144-a2ef-e44461d35697:c6049]
2019-09-17 12:49:07,265 [grpc-default-executor-2] INFO  client.GrpcClientProtocolClient (GrpcClientProtocolClient.java:onNext(264)) - client-E41C008B94D2->cb20f782-9136-4144-a2ef-e44461d35697: receive RaftClientReply:client-E41C008B94D2->cb20f782-9136-4144-a2ef-e44461d35697@group-EF222054BC57, cid=4311, SUCCESS, logIndex=6048, commits[cb20f782-9136-4144-a2ef-e44461d35697:c6049]
2019-09-17 12:49:07,265 [grpc-default-executor-2] INFO  client.GrpcClientProtocolClient (GrpcClientProtocolClient.java:onNext(264)) - client-E41C008B94D2->cb20f782-9136-4144-a2ef-e44461d35697: receive RaftClientReply:client-E41C008B94D2->cb20f782-9136-4144-a2ef-e44461d35697@group-EF222054BC57, cid=4312, SUCCESS, logIndex=6049, commits[cb20f782-9136-4144-a2ef-e44461d35697:c6050]
2019-09-17 12:49:07,291 [grpc-default-executor-2] INFO  client.GrpcClientProtocolClient (GrpcClientProtocolClient.java:onNext(264)) - client-E41C008B94D2->cb20f782-9136-4144-a2ef-e44461d35697: receive RaftClientReply:client-E41C008B94D2->cb20f782-9136-4144-a2ef-e44461d35697@group-EF222054BC57, cid=4313, SUCCESS, logIndex=6052, commits[cb20f782-9136-4144-a2ef-e44461d35697:c6053]
2019-09-17 12:49:07,291 [grpc-default-executor-2] INFO  client.GrpcClientProtocolClient (GrpcClientProtocolClient.java:onNext(264)) - client-E41C008B94D2->cb20f782-9136-4144-a2ef-e44461d35697: receive RaftClientReply:client-E41C008B94D2->cb20f782-9136-4144-a2ef-e44461d35697@group-EF222054BC57, cid=4314, SUCCESS, logIndex=6053, commits[cb20f782-9136-4144-a2ef-e44461d35697:c6055]
2019-09-17 12:49:07,291 [grpc-default-executor-2] INFO  client.GrpcClientProtocolClient (GrpcClientProtocolClient.java:onNext(264)) - client-E41C008B94D2->cb20f782-9136-4144-a2ef-e44461d35697: receive RaftClientReply:client-E41C008B94D2->cb20f782-9136-4144-a2ef-e44461d35697@group-EF222054BC57, cid=4315, SUCCESS, logIndex=6054, commits[cb20f782-9136-4144-a2ef-e44461d35697:c6055]
2019-09-17 12:49:07,291 [grpc-default-executor-2] INFO  client.GrpcClientProtocolClient (GrpcClientProtocolClient.java:onNext(264)) - client-E41C008B94D2->cb20f782-9136-4144-a2ef-e44461d35697: receive RaftClientReply:client-E41C008B94D2->cb20f782-9136-4144-a2ef-e44461d35697@group-EF222054BC57, cid=4316, SUCCESS, logIndex=6055, commits[cb20f782-9136-4144-a2ef-e44461d35697:c6056]
2019-09-17 12:49:07,309 [grpc-default-executor-2] INFO  client.GrpcClientProtocolClient (GrpcClientProtocolClient.java:onNext(264)) - client-E41C008B94D2->cb20f782-9136-4144-a2ef-e44461d35697: receive RaftClientReply:client-E41C008B94D2->cb20f782-9136-4144-a2ef-e44461d35697@group-EF222054BC57, cid=4317, SUCCESS, logIndex=6058, commits[cb20f782-9136-4144-a2ef-e44461d35697:c6059]
2019-09-17 12:49:07,309 [grpc-default-executor-2] INFO  client.GrpcClientProtocolClient (GrpcClientProtocolClient.java:onNext(264)) - client-E41C008B94D2->cb20f782-9136-4144-a2ef-e44461d35697: receive RaftClientReply:client-E41C008B94D2->cb20f782-9136-4144-a2ef-e44461d35697@group-EF222054BC57, cid=4318, SUCCESS, logIndex=6059, commits[cb20f782-9136-4144-a2ef-e44461d35697:c6059]
2019-09-17 12:49:07,317 [SCMBlockDeletingService#1] DEBUG block.SCMBlockDeletingService (SCMBlockDeletingService.java:call(138)) - Running DeletedBlockTransactionScanner
2019-09-17 12:49:07,317 [grpc-default-executor-2] INFO  client.GrpcClientProtocolClient (GrpcClientProtocolClient.java:onNext(264)) - client-E41C008B94D2->cb20f782-9136-4144-a2ef-e44461d35697: receive RaftClientReply:client-E41C008B94D2->cb20f782-9136-4144-a2ef-e44461d35697@group-EF222054BC57, cid=4319, SUCCESS, logIndex=6060, commits[cb20f782-9136-4144-a2ef-e44461d35697:c6061]
2019-09-17 12:49:07,317 [SCMBlockDeletingService#1] DEBUG block.SCMBlockDeletingService (SCMBlockDeletingService.java:call(155)) - Scanned deleted blocks log and got 0 delTX to process.
2019-09-17 12:49:07,317 [grpc-default-executor-2] INFO  client.GrpcClientProtocolClient (GrpcClientProtocolClient.java:onNext(264)) - client-E41C008B94D2->cb20f782-9136-4144-a2ef-e44461d35697: receive RaftClientReply:client-E41C008B94D2->cb20f782-9136-4144-a2ef-e44461d35697@group-EF222054BC57, cid=4320, SUCCESS, logIndex=6061, commits[cb20f782-9136-4144-a2ef-e44461d35697:c6061]
2019-09-17 12:49:07,344 [grpc-default-executor-1] INFO  client.GrpcClientProtocolClient (GrpcClientProtocolClient.java:onNext(264)) - client-E41C008B94D2->cb20f782-9136-4144-a2ef-e44461d35697: receive RaftClientReply:client-E41C008B94D2->cb20f782-9136-4144-a2ef-e44461d35697@group-EF222054BC57, cid=4321, SUCCESS, logIndex=6064, commits[cb20f782-9136-4144-a2ef-e44461d35697:c6067]
2019-09-17 12:49:07,345 [grpc-default-executor-1] INFO  client.GrpcClientProtocolClient (GrpcClientProtocolClient.java:onNext(264)) - client-E41C008B94D2->cb20f782-9136-4144-a2ef-e44461d35697: receive RaftClientReply:client-E41C008B94D2->cb20f782-9136-4144-a2ef-e44461d35697@group-EF222054BC57, cid=4322, SUCCESS, logIndex=6065, commits[cb20f782-9136-4144-a2ef-e44461d35697:c6067]
2019-09-17 12:49:07,345 [grpc-default-executor-1] INFO  client.GrpcClientProtocolClient (GrpcClientProtocolClient.java:onNext(264)) - client-E41C008B94D2->cb20f782-9136-4144-a2ef-e44461d35697: receive RaftClientReply:client-E41C008B94D2->cb20f782-9136-4144-a2ef-e44461d35697@group-EF222054BC57, cid=4323, SUCCESS, logIndex=6066, commits[cb20f782-9136-4144-a2ef-e44461d35697:c6068]
2019-09-17 12:49:07,345 [grpc-default-executor-1] INFO  client.GrpcClientProtocolClient (GrpcClientProtocolClient.java:onNext(264)) - client-E41C008B94D2->cb20f782-9136-4144-a2ef-e44461d35697: receive RaftClientReply:client-E41C008B94D2->cb20f782-9136-4144-a2ef-e44461d35697@group-EF222054BC57, cid=4324, SUCCESS, logIndex=6067, commits[cb20f782-9136-4144-a2ef-e44461d35697:c6068]
2019-09-17 12:49:07,363 [grpc-default-executor-1] INFO  client.GrpcClientProtocolClient (GrpcClientProtocolClient.java:onNext(264)) - client-E41C008B94D2->cb20f782-9136-4144-a2ef-e44461d35697: receive RaftClientReply:client-E41C008B94D2->cb20f782-9136-4144-a2ef-e44461d35697@group-EF222054BC57, cid=4325, SUCCESS, logIndex=6069, commits[cb20f782-9136-4144-a2ef-e44461d35697:c6070]
2019-09-17 12:49:07,363 [grpc-default-executor-1] INFO  client.GrpcClientProtocolClient (GrpcClientProtocolClient.java:onNext(264)) - client-E41C008B94D2->cb20f782-9136-4144-a2ef-e44461d35697: receive RaftClientReply:client-E41C008B94D2->cb20f782-9136-4144-a2ef-e44461d35697@group-EF222054BC57, cid=4326, SUCCESS, logIndex=6070, commits[cb20f782-9136-4144-a2ef-e44461d35697:c6072]
2019-09-17 12:49:07,363 [grpc-default-executor-1] INFO  client.GrpcClientProtocolClient (GrpcClientProtocolClient.java:onNext(264)) - client-E41C008B94D2->cb20f782-9136-4144-a2ef-e44461d35697: receive RaftClientReply:client-E41C008B94D2->cb20f782-9136-4144-a2ef-e44461d35697@group-EF222054BC57, cid=4327, SUCCESS, logIndex=6071, commits[cb20f782-9136-4144-a2ef-e44461d35697:c6072]
2019-09-17 12:49:07,364 [grpc-default-executor-1] INFO  client.GrpcClientProtocolClient (GrpcClientProtocolClient.java:onNext(264)) - client-E41C008B94D2->cb20f782-9136-4144-a2ef-e44461d35697: receive RaftClientReply:client-E41C008B94D2->cb20f782-9136-4144-a2ef-e44461d35697@group-EF222054BC57, cid=4328, SUCCESS, logIndex=6072, commits[cb20f782-9136-4144-a2ef-e44461d35697:c6072]
2019-09-17 12:49:07,389 [grpc-default-executor-2] INFO  client.GrpcClientProtocolClient (GrpcClientProtocolClient.java:onNext(264)) - client-E41C008B94D2->cb20f782-9136-4144-a2ef-e44461d35697: receive RaftClientReply:client-E41C008B94D2->cb20f782-9136-4144-a2ef-e44461d35697@group-EF222054BC57, cid=4329, SUCCESS, logIndex=6075, commits[cb20f782-9136-4144-a2ef-e44461d35697:c6076]
2019-09-17 12:49:07,390 [grpc-default-executor-2] INFO  client.GrpcClientProtocolClient (GrpcClientProtocolClient.java:onNext(264)) - client-E41C008B94D2->cb20f782-9136-4144-a2ef-e44461d35697: receive RaftClientReply:client-E41C008B94D2->cb20f782-9136-4144-a2ef-e44461d35697@group-EF222054BC57, cid=4330, SUCCESS, logIndex=6076, commits[cb20f782-9136-4144-a2ef-e44461d35697:c6078]
2019-09-17 12:49:07,390 [grpc-default-executor-2] INFO  client.GrpcClientProtocolClient (GrpcClientProtocolClient.java:onNext(264)) - client-E41C008B94D2->cb20f782-9136-4144-a2ef-e44461d35697: receive RaftClientReply:client-E41C008B94D2->cb20f782-9136-4144-a2ef-e44461d35697@group-EF222054BC57, cid=4331, SUCCESS, logIndex=6077, commits[cb20f782-9136-4144-a2ef-e44461d35697:c6078]
2019-09-17 12:49:07,390 [grpc-default-executor-2] INFO  client.GrpcClientProtocolClient (GrpcClientProtocolClient.java:onNext(264)) - client-E41C008B94D2->cb20f782-9136-4144-a2ef-e44461d35697: receive RaftClientReply:client-E41C008B94D2->cb20f782-9136-4144-a2ef-e44461d35697@group-EF222054BC57, cid=4332, SUCCESS, logIndex=6078, commits[cb20f782-9136-4144-a2ef-e44461d35697:c6078]
2019-09-17 12:49:07,418 [SCMBlockDeletingService#1] DEBUG block.SCMBlockDeletingService (SCMBlockDeletingService.java:call(138)) - Running DeletedBlockTransactionScanner
2019-09-17 12:49:07,418 [SCMBlockDeletingService#1] DEBUG block.SCMBlockDeletingService (SCMBlockDeletingService.java:call(155)) - Scanned deleted blocks log and got 0 delTX to process.
2019-09-17 12:49:07,517 [grpc-default-executor-2] INFO  client.GrpcClientProtocolClient (GrpcClientProtocolClient.java:onNext(264)) - client-E41C008B94D2->cb20f782-9136-4144-a2ef-e44461d35697: receive RaftClientReply:client-E41C008B94D2->cb20f782-9136-4144-a2ef-e44461d35697@group-EF222054BC57, cid=4333, SUCCESS, logIndex=6081, commits[cb20f782-9136-4144-a2ef-e44461d35697:c6084]
2019-09-17 12:49:07,517 [grpc-default-executor-2] INFO  client.GrpcClientProtocolClient (GrpcClientProtocolClient.java:onNext(264)) - client-E41C008B94D2->cb20f782-9136-4144-a2ef-e44461d35697: receive RaftClientReply:client-E41C008B94D2->cb20f782-9136-4144-a2ef-e44461d35697@group-EF222054BC57, cid=4334, SUCCESS, logIndex=6082, commits[cb20f782-9136-4144-a2ef-e44461d35697:c6084]
2019-09-17 12:49:07,518 [grpc-default-executor-2] INFO  client.GrpcClientProtocolClient (GrpcClientProtocolClient.java:onNext(264)) - client-E41C008B94D2->cb20f782-9136-4144-a2ef-e44461d35697: receive RaftClientReply:client-E41C008B94D2->cb20f782-9136-4144-a2ef-e44461d35697@group-EF222054BC57, cid=4335, SUCCESS, logIndex=6083, commits[cb20f782-9136-4144-a2ef-e44461d35697:c6084]
2019-09-17 12:49:07,518 [grpc-default-executor-2] INFO  client.GrpcClientProtocolClient (GrpcClientProtocolClient.java:onNext(264)) - client-E41C008B94D2->cb20f782-9136-4144-a2ef-e44461d35697: receive RaftClientReply:client-E41C008B94D2->cb20f782-9136-4144-a2ef-e44461d35697@group-EF222054BC57, cid=4336, SUCCESS, logIndex=6084, commits[cb20f782-9136-4144-a2ef-e44461d35697:c6084]
2019-09-17 12:49:07,518 [SCMBlockDeletingService#1] DEBUG block.SCMBlockDeletingService (SCMBlockDeletingService.java:call(138)) - Running DeletedBlockTransactionScanner
2019-09-17 12:49:07,518 [SCMBlockDeletingService#1] DEBUG block.SCMBlockDeletingService (SCMBlockDeletingService.java:call(155)) - Scanned deleted blocks log and got 0 delTX to process.
2019-09-17 12:49:07,558 [grpc-default-executor-1] INFO  client.GrpcClientProtocolClient (GrpcClientProtocolClient.java:onNext(264)) - client-E41C008B94D2->cb20f782-9136-4144-a2ef-e44461d35697: receive RaftClientReply:client-E41C008B94D2->cb20f782-9136-4144-a2ef-e44461d35697@group-EF222054BC57, cid=4337, SUCCESS, logIndex=6086, commits[cb20f782-9136-4144-a2ef-e44461d35697:c6090]
2019-09-17 12:49:07,560 [grpc-default-executor-1] INFO  client.GrpcClientProtocolClient (GrpcClientProtocolClient.java:onNext(264)) - client-E41C008B94D2->cb20f782-9136-4144-a2ef-e44461d35697: receive RaftClientReply:client-E41C008B94D2->cb20f782-9136-4144-a2ef-e44461d35697@group-EF222054BC57, cid=4338, SUCCESS, logIndex=6087, commits[cb20f782-9136-4144-a2ef-e44461d35697:c6090]
2019-09-17 12:49:07,561 [grpc-default-executor-1] INFO  client.GrpcClientProtocolClient (GrpcClientProtocolClient.java:onNext(264)) - client-E41C008B94D2->cb20f782-9136-4144-a2ef-e44461d35697: receive RaftClientReply:client-E41C008B94D2->cb20f782-9136-4144-a2ef-e44461d35697@group-EF222054BC57, cid=4339, SUCCESS, logIndex=6088, commits[cb20f782-9136-4144-a2ef-e44461d35697:c6091]
2019-09-17 12:49:07,561 [grpc-default-executor-1] INFO  client.GrpcClientProtocolClient (GrpcClientProtocolClient.java:onNext(264)) - client-E41C008B94D2->cb20f782-9136-4144-a2ef-e44461d35697: receive RaftClientReply:client-E41C008B94D2->cb20f782-9136-4144-a2ef-e44461d35697@group-EF222054BC57, cid=4340, SUCCESS, logIndex=6089, commits[cb20f782-9136-4144-a2ef-e44461d35697:c6091]
2019-09-17 12:49:07,582 [grpc-default-executor-2] INFO  client.GrpcClientProtocolClient (GrpcClientProtocolClient.java:onNext(264)) - client-E41C008B94D2->cb20f782-9136-4144-a2ef-e44461d35697: receive RaftClientReply:client-E41C008B94D2->cb20f782-9136-4144-a2ef-e44461d35697@group-EF222054BC57, cid=4341, SUCCESS, logIndex=6092, commits[cb20f782-9136-4144-a2ef-e44461d35697:c6093]
2019-09-17 12:49:07,582 [grpc-default-executor-2] INFO  client.GrpcClientProtocolClient (GrpcClientProtocolClient.java:onNext(264)) - client-E41C008B94D2->cb20f782-9136-4144-a2ef-e44461d35697: receive RaftClientReply:client-E41C008B94D2->cb20f782-9136-4144-a2ef-e44461d35697@group-EF222054BC57, cid=4342, SUCCESS, logIndex=6093, commits[cb20f782-9136-4144-a2ef-e44461d35697:c6095]
2019-09-17 12:49:07,582 [grpc-default-executor-2] INFO  client.GrpcClientProtocolClient (GrpcClientProtocolClient.java:onNext(264)) - client-E41C008B94D2->cb20f782-9136-4144-a2ef-e44461d35697: receive RaftClientReply:client-E41C008B94D2->cb20f782-9136-4144-a2ef-e44461d35697@group-EF222054BC57, cid=4343, SUCCESS, logIndex=6094, commits[cb20f782-9136-4144-a2ef-e44461d35697:c6095]
2019-09-17 12:49:07,583 [grpc-default-executor-2] INFO  client.GrpcClientProtocolClient (GrpcClientProtocolClient.java:onNext(264)) - client-E41C008B94D2->cb20f782-9136-4144-a2ef-e44461d35697: receive RaftClientReply:client-E41C008B94D2->cb20f782-9136-4144-a2ef-e44461d35697@group-EF222054BC57, cid=4344, SUCCESS, logIndex=6095, commits[cb20f782-9136-4144-a2ef-e44461d35697:c6095]
2019-09-17 12:49:07,609 [grpc-default-executor-2] INFO  client.GrpcClientProtocolClient (GrpcClientProtocolClient.java:onNext(264)) - client-E41C008B94D2->cb20f782-9136-4144-a2ef-e44461d35697: receive RaftClientReply:client-E41C008B94D2->cb20f782-9136-4144-a2ef-e44461d35697@group-EF222054BC57, cid=4345, SUCCESS, logIndex=6098, commits[cb20f782-9136-4144-a2ef-e44461d35697:c6101]
2019-09-17 12:49:07,609 [grpc-default-executor-2] INFO  client.GrpcClientProtocolClient (GrpcClientProtocolClient.java:onNext(264)) - client-E41C008B94D2->cb20f782-9136-4144-a2ef-e44461d35697: receive RaftClientReply:client-E41C008B94D2->cb20f782-9136-4144-a2ef-e44461d35697@group-EF222054BC57, cid=4346, SUCCESS, logIndex=6099, commits[cb20f782-9136-4144-a2ef-e44461d35697:c6101]
2019-09-17 12:49:07,610 [grpc-default-executor-2] INFO  client.GrpcClientProtocolClient (GrpcClientProtocolClient.java:onNext(264)) - client-E41C008B94D2->cb20f782-9136-4144-a2ef-e44461d35697: receive RaftClientReply:client-E41C008B94D2->cb20f782-9136-4144-a2ef-e44461d35697@group-EF222054BC57, cid=4347, SUCCESS, logIndex=6100, commits[cb20f782-9136-4144-a2ef-e44461d35697:c6102]
2019-09-17 12:49:07,610 [grpc-default-executor-2] INFO  client.GrpcClientProtocolClient (GrpcClientProtocolClient.java:onNext(264)) - client-E41C008B94D2->cb20f782-9136-4144-a2ef-e44461d35697: receive RaftClientReply:client-E41C008B94D2->cb20f782-9136-4144-a2ef-e44461d35697@group-EF222054BC57, cid=4348, SUCCESS, logIndex=6101, commits[cb20f782-9136-4144-a2ef-e44461d35697:c6102]
2019-09-17 12:49:07,619 [SCMBlockDeletingService#1] DEBUG block.SCMBlockDeletingService (SCMBlockDeletingService.java:call(138)) - Running DeletedBlockTransactionScanner
2019-09-17 12:49:07,619 [SCMBlockDeletingService#1] DEBUG block.SCMBlockDeletingService (SCMBlockDeletingService.java:call(155)) - Scanned deleted blocks log and got 0 delTX to process.
2019-09-17 12:49:07,629 [grpc-default-executor-1] INFO  client.GrpcClientProtocolClient (GrpcClientProtocolClient.java:onNext(264)) - client-E41C008B94D2->cb20f782-9136-4144-a2ef-e44461d35697: receive RaftClientReply:client-E41C008B94D2->cb20f782-9136-4144-a2ef-e44461d35697@group-EF222054BC57, cid=4349, SUCCESS, logIndex=6104, commits[cb20f782-9136-4144-a2ef-e44461d35697:c6107]
2019-09-17 12:49:07,629 [grpc-default-executor-1] INFO  client.GrpcClientProtocolClient (GrpcClientProtocolClient.java:onNext(264)) - client-E41C008B94D2->cb20f782-9136-4144-a2ef-e44461d35697: receive RaftClientReply:client-E41C008B94D2->cb20f782-9136-4144-a2ef-e44461d35697@group-EF222054BC57, cid=4350, SUCCESS, logIndex=6105, commits[cb20f782-9136-4144-a2ef-e44461d35697:c6107]
2019-09-17 12:49:07,629 [grpc-default-executor-1] INFO  client.GrpcClientProtocolClient (GrpcClientProtocolClient.java:onNext(264)) - client-E41C008B94D2->cb20f782-9136-4144-a2ef-e44461d35697: receive RaftClientReply:client-E41C008B94D2->cb20f782-9136-4144-a2ef-e44461d35697@group-EF222054BC57, cid=4351, SUCCESS, logIndex=6106, commits[cb20f782-9136-4144-a2ef-e44461d35697:c6108]
2019-09-17 12:49:07,630 [grpc-default-executor-1] INFO  client.GrpcClientProtocolClient (GrpcClientProtocolClient.java:onNext(264)) - client-E41C008B94D2->cb20f782-9136-4144-a2ef-e44461d35697: receive RaftClientReply:client-E41C008B94D2->cb20f782-9136-4144-a2ef-e44461d35697@group-EF222054BC57, cid=4352, SUCCESS, logIndex=6107, commits[cb20f782-9136-4144-a2ef-e44461d35697:c6108]
2019-09-17 12:49:07,655 [grpc-default-executor-1] INFO  client.GrpcClientProtocolClient (GrpcClientProtocolClient.java:onNext(264)) - client-E41C008B94D2->cb20f782-9136-4144-a2ef-e44461d35697: receive RaftClientReply:client-E41C008B94D2->cb20f782-9136-4144-a2ef-e44461d35697@group-EF222054BC57, cid=4353, SUCCESS, logIndex=6109, commits[cb20f782-9136-4144-a2ef-e44461d35697:c6110]
2019-09-17 12:49:07,655 [grpc-default-executor-1] INFO  client.GrpcClientProtocolClient (GrpcClientProtocolClient.java:onNext(264)) - client-E41C008B94D2->cb20f782-9136-4144-a2ef-e44461d35697: receive RaftClientReply:client-E41C008B94D2->cb20f782-9136-4144-a2ef-e44461d35697@group-EF222054BC57, cid=4354, SUCCESS, logIndex=6110, commits[cb20f782-9136-4144-a2ef-e44461d35697:c6110]
2019-09-17 12:49:07,656 [grpc-default-executor-1] INFO  client.GrpcClientProtocolClient (GrpcClientProtocolClient.java:onNext(264)) - client-E41C008B94D2->cb20f782-9136-4144-a2ef-e44461d35697: receive RaftClientReply:client-E41C008B94D2->cb20f782-9136-4144-a2ef-e44461d35697@group-EF222054BC57, cid=4355, SUCCESS, logIndex=6111, commits[cb20f782-9136-4144-a2ef-e44461d35697:c6112]
2019-09-17 12:49:07,656 [grpc-default-executor-1] INFO  client.GrpcClientProtocolClient (GrpcClientProtocolClient.java:onNext(264)) - client-E41C008B94D2->cb20f782-9136-4144-a2ef-e44461d35697: receive RaftClientReply:client-E41C008B94D2->cb20f782-9136-4144-a2ef-e44461d35697@group-EF222054BC57, cid=4356, SUCCESS, logIndex=6112, commits[cb20f782-9136-4144-a2ef-e44461d35697:c6112]
2019-09-17 12:49:07,674 [grpc-default-executor-2] INFO  client.GrpcClientProtocolClient (GrpcClientProtocolClient.java:onNext(264)) - client-E41C008B94D2->cb20f782-9136-4144-a2ef-e44461d35697: receive RaftClientReply:client-E41C008B94D2->cb20f782-9136-4144-a2ef-e44461d35697@group-EF222054BC57, cid=4357, SUCCESS, logIndex=6115, commits[cb20f782-9136-4144-a2ef-e44461d35697:c6118]
2019-09-17 12:49:07,674 [grpc-default-executor-2] INFO  client.GrpcClientProtocolClient (GrpcClientProtocolClient.java:onNext(264)) - client-E41C008B94D2->cb20f782-9136-4144-a2ef-e44461d35697: receive RaftClientReply:client-E41C008B94D2->cb20f782-9136-4144-a2ef-e44461d35697@group-EF222054BC57, cid=4358, SUCCESS, logIndex=6116, commits[cb20f782-9136-4144-a2ef-e44461d35697:c6119]
2019-09-17 12:49:07,675 [grpc-default-executor-2] INFO  client.GrpcClientProtocolClient (GrpcClientProtocolClient.java:onNext(264)) - client-E41C008B94D2->cb20f782-9136-4144-a2ef-e44461d35697: receive RaftClientReply:client-E41C008B94D2->cb20f782-9136-4144-a2ef-e44461d35697@group-EF222054BC57, cid=4359, SUCCESS, logIndex=6117, commits[cb20f782-9136-4144-a2ef-e44461d35697:c6119]
2019-09-17 12:49:07,675 [grpc-default-executor-2] INFO  client.GrpcClientProtocolClient (GrpcClientProtocolClient.java:onNext(264)) - client-E41C008B94D2->cb20f782-9136-4144-a2ef-e44461d35697: receive RaftClientReply:client-E41C008B94D2->cb20f782-9136-4144-a2ef-e44461d35697@group-EF222054BC57, cid=4360, SUCCESS, logIndex=6118, commits[cb20f782-9136-4144-a2ef-e44461d35697:c6119]
2019-09-17 12:49:07,699 [grpc-default-executor-2] INFO  client.GrpcClientProtocolClient (GrpcClientProtocolClient.java:onNext(264)) - client-E41C008B94D2->cb20f782-9136-4144-a2ef-e44461d35697: receive RaftClientReply:client-E41C008B94D2->cb20f782-9136-4144-a2ef-e44461d35697@group-EF222054BC57, cid=4361, SUCCESS, logIndex=6120, commits[cb20f782-9136-4144-a2ef-e44461d35697:c6121]
2019-09-17 12:49:07,699 [grpc-default-executor-2] INFO  client.GrpcClientProtocolClient (GrpcClientProtocolClient.java:onNext(264)) - client-E41C008B94D2->cb20f782-9136-4144-a2ef-e44461d35697: receive RaftClientReply:client-E41C008B94D2->cb20f782-9136-4144-a2ef-e44461d35697@group-EF222054BC57, cid=4362, SUCCESS, logIndex=6121, commits[cb20f782-9136-4144-a2ef-e44461d35697:c6121]
2019-09-17 12:49:07,701 [grpc-default-executor-2] INFO  client.GrpcClientProtocolClient (GrpcClientProtocolClient.java:onNext(264)) - client-E41C008B94D2->cb20f782-9136-4144-a2ef-e44461d35697: receive RaftClientReply:client-E41C008B94D2->cb20f782-9136-4144-a2ef-e44461d35697@group-EF222054BC57, cid=4363, SUCCESS, logIndex=6122, commits[cb20f782-9136-4144-a2ef-e44461d35697:c6123]
2019-09-17 12:49:07,701 [grpc-default-executor-2] INFO  client.GrpcClientProtocolClient (GrpcClientProtocolClient.java:onNext(264)) - client-E41C008B94D2->cb20f782-9136-4144-a2ef-e44461d35697: receive RaftClientReply:client-E41C008B94D2->cb20f782-9136-4144-a2ef-e44461d35697@group-EF222054BC57, cid=4364, SUCCESS, logIndex=6123, commits[cb20f782-9136-4144-a2ef-e44461d35697:c6123]
2019-09-17 12:49:07,712 [grpc-default-executor-1] INFO  client.GrpcClientProtocolClient (GrpcClientProtocolClient.java:onNext(264)) - client-E41C008B94D2->cb20f782-9136-4144-a2ef-e44461d35697: receive RaftClientReply:client-E41C008B94D2->cb20f782-9136-4144-a2ef-e44461d35697@group-EF222054BC57, cid=4365, SUCCESS, logIndex=6126, commits[cb20f782-9136-4144-a2ef-e44461d35697:c6129]
2019-09-17 12:49:07,713 [grpc-default-executor-1] INFO  client.GrpcClientProtocolClient (GrpcClientProtocolClient.java:onNext(264)) - client-E41C008B94D2->cb20f782-9136-4144-a2ef-e44461d35697: receive RaftClientReply:client-E41C008B94D2->cb20f782-9136-4144-a2ef-e44461d35697@group-EF222054BC57, cid=4366, SUCCESS, logIndex=6127, commits[cb20f782-9136-4144-a2ef-e44461d35697:c6130]
2019-09-17 12:49:07,713 [grpc-default-executor-1] INFO  client.GrpcClientProtocolClient (GrpcClientProtocolClient.java:onNext(264)) - client-E41C008B94D2->cb20f782-9136-4144-a2ef-e44461d35697: receive RaftClientReply:client-E41C008B94D2->cb20f782-9136-4144-a2ef-e44461d35697@group-EF222054BC57, cid=4367, SUCCESS, logIndex=6128, commits[cb20f782-9136-4144-a2ef-e44461d35697:c6130]
2019-09-17 12:49:07,713 [grpc-default-executor-1] INFO  client.GrpcClientProtocolClient (GrpcClientProtocolClient.java:onNext(264)) - client-E41C008B94D2->cb20f782-9136-4144-a2ef-e44461d35697: receive RaftClientReply:client-E41C008B94D2->cb20f782-9136-4144-a2ef-e44461d35697@group-EF222054BC57, cid=4368, SUCCESS, logIndex=6129, commits[cb20f782-9136-4144-a2ef-e44461d35697:c6130]
2019-09-17 12:49:07,719 [SCMBlockDeletingService#1] DEBUG block.SCMBlockDeletingService (SCMBlockDeletingService.java:call(138)) - Running DeletedBlockTransactionScanner
2019-09-17 12:49:07,719 [SCMBlockDeletingService#1] DEBUG block.SCMBlockDeletingService (SCMBlockDeletingService.java:call(155)) - Scanned deleted blocks log and got 0 delTX to process.
2019-09-17 12:49:07,741 [grpc-default-executor-2] INFO  client.GrpcClientProtocolClient (GrpcClientProtocolClient.java:onNext(264)) - client-E41C008B94D2->cb20f782-9136-4144-a2ef-e44461d35697: receive RaftClientReply:client-E41C008B94D2->cb20f782-9136-4144-a2ef-e44461d35697@group-EF222054BC57, cid=4369, SUCCESS, logIndex=6131, commits[cb20f782-9136-4144-a2ef-e44461d35697:c6134]
2019-09-17 12:49:07,742 [grpc-default-executor-2] INFO  client.GrpcClientProtocolClient (GrpcClientProtocolClient.java:onNext(264)) - client-E41C008B94D2->cb20f782-9136-4144-a2ef-e44461d35697: receive RaftClientReply:client-E41C008B94D2->cb20f782-9136-4144-a2ef-e44461d35697@group-EF222054BC57, cid=4370, SUCCESS, logIndex=6132, commits[cb20f782-9136-4144-a2ef-e44461d35697:c6135]
2019-09-17 12:49:07,742 [grpc-default-executor-2] INFO  client.GrpcClientProtocolClient (GrpcClientProtocolClient.java:onNext(264)) - client-E41C008B94D2->cb20f782-9136-4144-a2ef-e44461d35697: receive RaftClientReply:client-E41C008B94D2->cb20f782-9136-4144-a2ef-e44461d35697@group-EF222054BC57, cid=4371, SUCCESS, logIndex=6133, commits[cb20f782-9136-4144-a2ef-e44461d35697:c6135]
2019-09-17 12:49:07,742 [grpc-default-executor-2] INFO  client.GrpcClientProtocolClient (GrpcClientProtocolClient.java:onNext(264)) - client-E41C008B94D2->cb20f782-9136-4144-a2ef-e44461d35697: receive RaftClientReply:client-E41C008B94D2->cb20f782-9136-4144-a2ef-e44461d35697@group-EF222054BC57, cid=4372, SUCCESS, logIndex=6134, commits[cb20f782-9136-4144-a2ef-e44461d35697:c6135]
2019-09-17 12:49:07,760 [grpc-default-executor-2] INFO  client.GrpcClientProtocolClient (GrpcClientProtocolClient.java:onNext(264)) - client-E41C008B94D2->cb20f782-9136-4144-a2ef-e44461d35697: receive RaftClientReply:client-E41C008B94D2->cb20f782-9136-4144-a2ef-e44461d35697@group-EF222054BC57, cid=4373, SUCCESS, logIndex=6136, commits[cb20f782-9136-4144-a2ef-e44461d35697:c6137]
2019-09-17 12:49:07,760 [grpc-default-executor-2] INFO  client.GrpcClientProtocolClient (GrpcClientProtocolClient.java:onNext(264)) - client-E41C008B94D2->cb20f782-9136-4144-a2ef-e44461d35697: receive RaftClientReply:client-E41C008B94D2->cb20f782-9136-4144-a2ef-e44461d35697@group-EF222054BC57, cid=4374, SUCCESS, logIndex=6137, commits[cb20f782-9136-4144-a2ef-e44461d35697:c6139]
2019-09-17 12:49:07,760 [grpc-default-executor-2] INFO  client.GrpcClientProtocolClient (GrpcClientProtocolClient.java:onNext(264)) - client-E41C008B94D2->cb20f782-9136-4144-a2ef-e44461d35697: receive RaftClientReply:client-E41C008B94D2->cb20f782-9136-4144-a2ef-e44461d35697@group-EF222054BC57, cid=4375, SUCCESS, logIndex=6138, commits[cb20f782-9136-4144-a2ef-e44461d35697:c6140]
2019-09-17 12:49:07,760 [grpc-default-executor-2] INFO  client.GrpcClientProtocolClient (GrpcClientProtocolClient.java:onNext(264)) - client-E41C008B94D2->cb20f782-9136-4144-a2ef-e44461d35697: receive RaftClientReply:client-E41C008B94D2->cb20f782-9136-4144-a2ef-e44461d35697@group-EF222054BC57, cid=4376, SUCCESS, logIndex=6139, commits[cb20f782-9136-4144-a2ef-e44461d35697:c6140]
2019-09-17 12:49:07,820 [SCMBlockDeletingService#1] DEBUG block.SCMBlockDeletingService (SCMBlockDeletingService.java:call(138)) - Running DeletedBlockTransactionScanner
2019-09-17 12:49:07,820 [SCMBlockDeletingService#1] DEBUG block.SCMBlockDeletingService (SCMBlockDeletingService.java:call(155)) - Scanned deleted blocks log and got 0 delTX to process.
2019-09-17 12:49:07,906 [grpc-default-executor-1] INFO  client.GrpcClientProtocolClient (GrpcClientProtocolClient.java:onNext(264)) - client-E41C008B94D2->cb20f782-9136-4144-a2ef-e44461d35697: receive RaftClientReply:client-E41C008B94D2->cb20f782-9136-4144-a2ef-e44461d35697@group-EF222054BC57, cid=4377, SUCCESS, logIndex=6142, commits[cb20f782-9136-4144-a2ef-e44461d35697:c6145]
2019-09-17 12:49:07,907 [grpc-default-executor-1] INFO  client.GrpcClientProtocolClient (GrpcClientProtocolClient.java:onNext(264)) - client-E41C008B94D2->cb20f782-9136-4144-a2ef-e44461d35697: receive RaftClientReply:client-E41C008B94D2->cb20f782-9136-4144-a2ef-e44461d35697@group-EF222054BC57, cid=4378, SUCCESS, logIndex=6143, commits[cb20f782-9136-4144-a2ef-e44461d35697:c6145]
2019-09-17 12:49:07,907 [grpc-default-executor-1] INFO  client.GrpcClientProtocolClient (GrpcClientProtocolClient.java:onNext(264)) - client-E41C008B94D2->cb20f782-9136-4144-a2ef-e44461d35697: receive RaftClientReply:client-E41C008B94D2->cb20f782-9136-4144-a2ef-e44461d35697@group-EF222054BC57, cid=4379, SUCCESS, logIndex=6144, commits[cb20f782-9136-4144-a2ef-e44461d35697:c6145]
2019-09-17 12:49:07,907 [grpc-default-executor-1] INFO  client.GrpcClientProtocolClient (GrpcClientProtocolClient.java:onNext(264)) - client-E41C008B94D2->cb20f782-9136-4144-a2ef-e44461d35697: receive RaftClientReply:client-E41C008B94D2->cb20f782-9136-4144-a2ef-e44461d35697@group-EF222054BC57, cid=4380, SUCCESS, logIndex=6145, commits[cb20f782-9136-4144-a2ef-e44461d35697:c6145]
2019-09-17 12:49:07,920 [SCMBlockDeletingService#1] DEBUG block.SCMBlockDeletingService (SCMBlockDeletingService.java:call(138)) - Running DeletedBlockTransactionScanner
2019-09-17 12:49:07,920 [SCMBlockDeletingService#1] DEBUG block.SCMBlockDeletingService (SCMBlockDeletingService.java:call(155)) - Scanned deleted blocks log and got 0 delTX to process.
2019-09-17 12:49:07,931 [grpc-default-executor-1] INFO  client.GrpcClientProtocolClient (GrpcClientProtocolClient.java:onNext(264)) - client-E41C008B94D2->cb20f782-9136-4144-a2ef-e44461d35697: receive RaftClientReply:client-E41C008B94D2->cb20f782-9136-4144-a2ef-e44461d35697@group-EF222054BC57, cid=4381, SUCCESS, logIndex=6147, commits[cb20f782-9136-4144-a2ef-e44461d35697:c6150]
2019-09-17 12:49:07,931 [grpc-default-executor-1] INFO  client.GrpcClientProtocolClient (GrpcClientProtocolClient.java:onNext(264)) - client-E41C008B94D2->cb20f782-9136-4144-a2ef-e44461d35697: receive RaftClientReply:client-E41C008B94D2->cb20f782-9136-4144-a2ef-e44461d35697@group-EF222054BC57, cid=4382, SUCCESS, logIndex=6148, commits[cb20f782-9136-4144-a2ef-e44461d35697:c6151]
2019-09-17 12:49:07,931 [grpc-default-executor-1] INFO  client.GrpcClientProtocolClient (GrpcClientProtocolClient.java:onNext(264)) - client-E41C008B94D2->cb20f782-9136-4144-a2ef-e44461d35697: receive RaftClientReply:client-E41C008B94D2->cb20f782-9136-4144-a2ef-e44461d35697@group-EF222054BC57, cid=4383, SUCCESS, logIndex=6149, commits[cb20f782-9136-4144-a2ef-e44461d35697:c6151]
2019-09-17 12:49:07,932 [grpc-default-executor-1] INFO  client.GrpcClientProtocolClient (GrpcClientProtocolClient.java:onNext(264)) - client-E41C008B94D2->cb20f782-9136-4144-a2ef-e44461d35697: receive RaftClientReply:client-E41C008B94D2->cb20f782-9136-4144-a2ef-e44461d35697@group-EF222054BC57, cid=4384, SUCCESS, logIndex=6150, commits[cb20f782-9136-4144-a2ef-e44461d35697:c6151]
2019-09-17 12:49:07,960 [grpc-default-executor-2] INFO  client.GrpcClientProtocolClient (GrpcClientProtocolClient.java:onNext(264)) - client-E41C008B94D2->cb20f782-9136-4144-a2ef-e44461d35697: receive RaftClientReply:client-E41C008B94D2->cb20f782-9136-4144-a2ef-e44461d35697@group-EF222054BC57, cid=4385, SUCCESS, logIndex=6152, commits[cb20f782-9136-4144-a2ef-e44461d35697:c6153]
2019-09-17 12:49:07,961 [grpc-default-executor-2] INFO  client.GrpcClientProtocolClient (GrpcClientProtocolClient.java:onNext(264)) - client-E41C008B94D2->cb20f782-9136-4144-a2ef-e44461d35697: receive RaftClientReply:client-E41C008B94D2->cb20f782-9136-4144-a2ef-e44461d35697@group-EF222054BC57, cid=4386, SUCCESS, logIndex=6153, commits[cb20f782-9136-4144-a2ef-e44461d35697:c6153]
2019-09-17 12:49:07,961 [grpc-default-executor-2] INFO  client.GrpcClientProtocolClient (GrpcClientProtocolClient.java:onNext(264)) - client-E41C008B94D2->cb20f782-9136-4144-a2ef-e44461d35697: receive RaftClientReply:client-E41C008B94D2->cb20f782-9136-4144-a2ef-e44461d35697@group-EF222054BC57, cid=4387, SUCCESS, logIndex=6154, commits[cb20f782-9136-4144-a2ef-e44461d35697:c6155]
2019-09-17 12:49:07,961 [grpc-default-executor-2] INFO  client.GrpcClientProtocolClient (GrpcClientProtocolClient.java:onNext(264)) - client-E41C008B94D2->cb20f782-9136-4144-a2ef-e44461d35697: receive RaftClientReply:client-E41C008B94D2->cb20f782-9136-4144-a2ef-e44461d35697@group-EF222054BC57, cid=4388, SUCCESS, logIndex=6155, commits[cb20f782-9136-4144-a2ef-e44461d35697:c6156]
2019-09-17 12:49:07,979 [grpc-default-executor-2] INFO  client.GrpcClientProtocolClient (GrpcClientProtocolClient.java:onNext(264)) - client-E41C008B94D2->cb20f782-9136-4144-a2ef-e44461d35697: receive RaftClientReply:client-E41C008B94D2->cb20f782-9136-4144-a2ef-e44461d35697@group-EF222054BC57, cid=4389, SUCCESS, logIndex=6158, commits[cb20f782-9136-4144-a2ef-e44461d35697:c6159]
2019-09-17 12:49:07,979 [grpc-default-executor-2] INFO  client.GrpcClientProtocolClient (GrpcClientProtocolClient.java:onNext(264)) - client-E41C008B94D2->cb20f782-9136-4144-a2ef-e44461d35697: receive RaftClientReply:client-E41C008B94D2->cb20f782-9136-4144-a2ef-e44461d35697@group-EF222054BC57, cid=4390, SUCCESS, logIndex=6159, commits[cb20f782-9136-4144-a2ef-e44461d35697:c6161]
2019-09-17 12:49:07,980 [grpc-default-executor-2] INFO  client.GrpcClientProtocolClient (GrpcClientProtocolClient.java:onNext(264)) - client-E41C008B94D2->cb20f782-9136-4144-a2ef-e44461d35697: receive RaftClientReply:client-E41C008B94D2->cb20f782-9136-4144-a2ef-e44461d35697@group-EF222054BC57, cid=4391, SUCCESS, logIndex=6160, commits[cb20f782-9136-4144-a2ef-e44461d35697:c6162]
2019-09-17 12:49:07,980 [grpc-default-executor-2] INFO  client.GrpcClientProtocolClient (GrpcClientProtocolClient.java:onNext(264)) - client-E41C008B94D2->cb20f782-9136-4144-a2ef-e44461d35697: receive RaftClientReply:client-E41C008B94D2->cb20f782-9136-4144-a2ef-e44461d35697@group-EF222054BC57, cid=4392, SUCCESS, logIndex=6161, commits[cb20f782-9136-4144-a2ef-e44461d35697:c6162]
2019-09-17 12:49:08,021 [SCMBlockDeletingService#1] DEBUG block.SCMBlockDeletingService (SCMBlockDeletingService.java:call(138)) - Running DeletedBlockTransactionScanner
2019-09-17 12:49:08,021 [SCMBlockDeletingService#1] DEBUG block.SCMBlockDeletingService (SCMBlockDeletingService.java:call(155)) - Scanned deleted blocks log and got 0 delTX to process.
2019-09-17 12:49:08,122 [SCMBlockDeletingService#1] DEBUG block.SCMBlockDeletingService (SCMBlockDeletingService.java:call(138)) - Running DeletedBlockTransactionScanner
2019-09-17 12:49:08,122 [SCMBlockDeletingService#1] DEBUG block.SCMBlockDeletingService (SCMBlockDeletingService.java:call(155)) - Scanned deleted blocks log and got 0 delTX to process.
2019-09-17 12:49:08,222 [SCMBlockDeletingService#1] DEBUG block.SCMBlockDeletingService (SCMBlockDeletingService.java:call(138)) - Running DeletedBlockTransactionScanner
2019-09-17 12:49:08,222 [SCMBlockDeletingService#1] DEBUG block.SCMBlockDeletingService (SCMBlockDeletingService.java:call(155)) - Scanned deleted blocks log and got 0 delTX to process.
2019-09-17 12:49:08,323 [SCMBlockDeletingService#1] DEBUG block.SCMBlockDeletingService (SCMBlockDeletingService.java:call(138)) - Running DeletedBlockTransactionScanner
2019-09-17 12:49:08,323 [SCMBlockDeletingService#1] DEBUG block.SCMBlockDeletingService (SCMBlockDeletingService.java:call(155)) - Scanned deleted blocks log and got 0 delTX to process.
2019-09-17 12:49:08,423 [SCMBlockDeletingService#1] DEBUG block.SCMBlockDeletingService (SCMBlockDeletingService.java:call(138)) - Running DeletedBlockTransactionScanner
2019-09-17 12:49:08,424 [SCMBlockDeletingService#1] DEBUG block.SCMBlockDeletingService (SCMBlockDeletingService.java:call(155)) - Scanned deleted blocks log and got 0 delTX to process.
2019-09-17 12:49:08,524 [SCMBlockDeletingService#1] DEBUG block.SCMBlockDeletingService (SCMBlockDeletingService.java:call(138)) - Running DeletedBlockTransactionScanner
2019-09-17 12:49:08,524 [SCMBlockDeletingService#1] DEBUG block.SCMBlockDeletingService (SCMBlockDeletingService.java:call(155)) - Scanned deleted blocks log and got 0 delTX to process.
2019-09-17 12:49:08,624 [SCMBlockDeletingService#1] DEBUG block.SCMBlockDeletingService (SCMBlockDeletingService.java:call(138)) - Running DeletedBlockTransactionScanner
2019-09-17 12:49:08,625 [SCMBlockDeletingService#1] DEBUG block.SCMBlockDeletingService (SCMBlockDeletingService.java:call(155)) - Scanned deleted blocks log and got 0 delTX to process.
2019-09-17 12:49:08,725 [SCMBlockDeletingService#1] DEBUG block.SCMBlockDeletingService (SCMBlockDeletingService.java:call(138)) - Running DeletedBlockTransactionScanner
2019-09-17 12:49:08,726 [SCMBlockDeletingService#1] DEBUG block.SCMBlockDeletingService (SCMBlockDeletingService.java:call(155)) - Scanned deleted blocks log and got 0 delTX to process.
2019-09-17 12:49:08,826 [SCMBlockDeletingService#1] DEBUG block.SCMBlockDeletingService (SCMBlockDeletingService.java:call(138)) - Running DeletedBlockTransactionScanner
2019-09-17 12:49:08,826 [SCMBlockDeletingService#1] DEBUG block.SCMBlockDeletingService (SCMBlockDeletingService.java:call(155)) - Scanned deleted blocks log and got 0 delTX to process.
2019-09-17 12:49:08,927 [SCMBlockDeletingService#1] DEBUG block.SCMBlockDeletingService (SCMBlockDeletingService.java:call(138)) - Running DeletedBlockTransactionScanner
2019-09-17 12:49:08,927 [SCMBlockDeletingService#1] DEBUG block.SCMBlockDeletingService (SCMBlockDeletingService.java:call(155)) - Scanned deleted blocks log and got 0 delTX to process.
2019-09-17 12:49:09,027 [SCMBlockDeletingService#1] DEBUG block.SCMBlockDeletingService (SCMBlockDeletingService.java:call(138)) - Running DeletedBlockTransactionScanner
2019-09-17 12:49:09,028 [SCMBlockDeletingService#1] DEBUG block.SCMBlockDeletingService (SCMBlockDeletingService.java:call(155)) - Scanned deleted blocks log and got 0 delTX to process.
2019-09-17 12:49:09,128 [SCMBlockDeletingService#1] DEBUG block.SCMBlockDeletingService (SCMBlockDeletingService.java:call(138)) - Running DeletedBlockTransactionScanner
2019-09-17 12:49:09,129 [SCMBlockDeletingService#1] DEBUG block.SCMBlockDeletingService (SCMBlockDeletingService.java:call(155)) - Scanned deleted blocks log and got 0 delTX to process.
2019-09-17 12:49:09,229 [SCMBlockDeletingService#1] DEBUG block.SCMBlockDeletingService (SCMBlockDeletingService.java:call(138)) - Running DeletedBlockTransactionScanner
2019-09-17 12:49:09,229 [SCMBlockDeletingService#1] DEBUG block.SCMBlockDeletingService (SCMBlockDeletingService.java:call(155)) - Scanned deleted blocks log and got 0 delTX to process.
2019-09-17 12:49:09,330 [SCMBlockDeletingService#1] DEBUG block.SCMBlockDeletingService (SCMBlockDeletingService.java:call(138)) - Running DeletedBlockTransactionScanner
2019-09-17 12:49:09,330 [SCMBlockDeletingService#1] DEBUG block.SCMBlockDeletingService (SCMBlockDeletingService.java:call(155)) - Scanned deleted blocks log and got 0 delTX to process.
2019-09-17 12:49:09,430 [SCMBlockDeletingService#1] DEBUG block.SCMBlockDeletingService (SCMBlockDeletingService.java:call(138)) - Running DeletedBlockTransactionScanner
2019-09-17 12:49:09,430 [SCMBlockDeletingService#1] DEBUG block.SCMBlockDeletingService (SCMBlockDeletingService.java:call(155)) - Scanned deleted blocks log and got 0 delTX to process.
2019-09-17 12:49:09,531 [SCMBlockDeletingService#1] DEBUG block.SCMBlockDeletingService (SCMBlockDeletingService.java:call(138)) - Running DeletedBlockTransactionScanner
2019-09-17 12:49:09,531 [SCMBlockDeletingService#1] DEBUG block.SCMBlockDeletingService (SCMBlockDeletingService.java:call(155)) - Scanned deleted blocks log and got 0 delTX to process.
2019-09-17 12:49:09,631 [SCMBlockDeletingService#1] DEBUG block.SCMBlockDeletingService (SCMBlockDeletingService.java:call(138)) - Running DeletedBlockTransactionScanner
2019-09-17 12:49:09,632 [SCMBlockDeletingService#1] DEBUG block.SCMBlockDeletingService (SCMBlockDeletingService.java:call(155)) - Scanned deleted blocks log and got 0 delTX to process.
2019-09-17 12:49:09,732 [SCMBlockDeletingService#1] DEBUG block.SCMBlockDeletingService (SCMBlockDeletingService.java:call(138)) - Running DeletedBlockTransactionScanner
2019-09-17 12:49:09,732 [SCMBlockDeletingService#1] DEBUG block.SCMBlockDeletingService (SCMBlockDeletingService.java:call(155)) - Scanned deleted blocks log and got 0 delTX to process.
2019-09-17 12:49:09,833 [SCMBlockDeletingService#1] DEBUG block.SCMBlockDeletingService (SCMBlockDeletingService.java:call(138)) - Running DeletedBlockTransactionScanner
2019-09-17 12:49:09,833 [SCMBlockDeletingService#1] DEBUG block.SCMBlockDeletingService (SCMBlockDeletingService.java:call(155)) - Scanned deleted blocks log and got 0 delTX to process.
2019-09-17 12:49:09,933 [SCMBlockDeletingService#1] DEBUG block.SCMBlockDeletingService (SCMBlockDeletingService.java:call(138)) - Running DeletedBlockTransactionScanner
2019-09-17 12:49:09,933 [SCMBlockDeletingService#1] DEBUG block.SCMBlockDeletingService (SCMBlockDeletingService.java:call(155)) - Scanned deleted blocks log and got 0 delTX to process.
2019-09-17 12:49:10,034 [SCMBlockDeletingService#1] DEBUG block.SCMBlockDeletingService (SCMBlockDeletingService.java:call(138)) - Running DeletedBlockTransactionScanner
2019-09-17 12:49:10,034 [SCMBlockDeletingService#1] DEBUG block.SCMBlockDeletingService (SCMBlockDeletingService.java:call(155)) - Scanned deleted blocks log and got 0 delTX to process.
2019-09-17 12:49:10,044 [grpc-default-executor-1] INFO  client.GrpcClientProtocolClient (GrpcClientProtocolClient.java:onNext(264)) - client-E41C008B94D2->cb20f782-9136-4144-a2ef-e44461d35697: receive RaftClientReply:client-E41C008B94D2->cb20f782-9136-4144-a2ef-e44461d35697@group-EF222054BC57, cid=4393, SUCCESS, logIndex=6164, commits[cb20f782-9136-4144-a2ef-e44461d35697:c6167]
2019-09-17 12:49:10,045 [grpc-default-executor-1] INFO  client.GrpcClientProtocolClient (GrpcClientProtocolClient.java:onNext(264)) - client-E41C008B94D2->cb20f782-9136-4144-a2ef-e44461d35697: receive RaftClientReply:client-E41C008B94D2->cb20f782-9136-4144-a2ef-e44461d35697@group-EF222054BC57, cid=4394, SUCCESS, logIndex=6165, commits[cb20f782-9136-4144-a2ef-e44461d35697:c6167]
2019-09-17 12:49:10,046 [grpc-default-executor-1] INFO  client.GrpcClientProtocolClient (GrpcClientProtocolClient.java:onNext(264)) - client-E41C008B94D2->cb20f782-9136-4144-a2ef-e44461d35697: receive RaftClientReply:client-E41C008B94D2->cb20f782-9136-4144-a2ef-e44461d35697@group-EF222054BC57, cid=4395, SUCCESS, logIndex=6166, commits[cb20f782-9136-4144-a2ef-e44461d35697:c6167]
2019-09-17 12:49:10,046 [grpc-default-executor-1] INFO  client.GrpcClientProtocolClient (GrpcClientProtocolClient.java:onNext(264)) - client-E41C008B94D2->cb20f782-9136-4144-a2ef-e44461d35697: receive RaftClientReply:client-E41C008B94D2->cb20f782-9136-4144-a2ef-e44461d35697@group-EF222054BC57, cid=4396, SUCCESS, logIndex=6167, commits[cb20f782-9136-4144-a2ef-e44461d35697:c6167]
2019-09-17 12:49:10,071 [grpc-default-executor-1] INFO  client.GrpcClientProtocolClient (GrpcClientProtocolClient.java:onNext(264)) - client-E41C008B94D2->cb20f782-9136-4144-a2ef-e44461d35697: receive RaftClientReply:client-E41C008B94D2->cb20f782-9136-4144-a2ef-e44461d35697@group-EF222054BC57, cid=4397, SUCCESS, logIndex=6169, commits[cb20f782-9136-4144-a2ef-e44461d35697:c6170]
2019-09-17 12:49:10,072 [grpc-default-executor-1] INFO  client.GrpcClientProtocolClient (GrpcClientProtocolClient.java:onNext(264)) - client-E41C008B94D2->cb20f782-9136-4144-a2ef-e44461d35697: receive RaftClientReply:client-E41C008B94D2->cb20f782-9136-4144-a2ef-e44461d35697@group-EF222054BC57, cid=4398, SUCCESS, logIndex=6170, commits[cb20f782-9136-4144-a2ef-e44461d35697:c6172]
2019-09-17 12:49:10,072 [grpc-default-executor-1] INFO  client.GrpcClientProtocolClient (GrpcClientProtocolClient.java:onNext(264)) - client-E41C008B94D2->cb20f782-9136-4144-a2ef-e44461d35697: receive RaftClientReply:client-E41C008B94D2->cb20f782-9136-4144-a2ef-e44461d35697@group-EF222054BC57, cid=4399, SUCCESS, logIndex=6171, commits[cb20f782-9136-4144-a2ef-e44461d35697:c6172]
2019-09-17 12:49:10,072 [grpc-default-executor-1] INFO  client.GrpcClientProtocolClient (GrpcClientProtocolClient.java:onNext(264)) - client-E41C008B94D2->cb20f782-9136-4144-a2ef-e44461d35697: receive RaftClientReply:client-E41C008B94D2->cb20f782-9136-4144-a2ef-e44461d35697@group-EF222054BC57, cid=4400, SUCCESS, logIndex=6172, commits[cb20f782-9136-4144-a2ef-e44461d35697:c6173]
2019-09-17 12:49:10,229 [SCMBlockDeletingService#1] DEBUG block.SCMBlockDeletingService (SCMBlockDeletingService.java:call(138)) - Running DeletedBlockTransactionScanner
2019-09-17 12:49:10,230 [SCMBlockDeletingService#1] DEBUG block.SCMBlockDeletingService (SCMBlockDeletingService.java:call(155)) - Scanned deleted blocks log and got 0 delTX to process.
2019-09-17 12:49:10,261 [grpc-default-executor-2] INFO  client.GrpcClientProtocolClient (GrpcClientProtocolClient.java:onNext(264)) - client-E41C008B94D2->cb20f782-9136-4144-a2ef-e44461d35697: receive RaftClientReply:client-E41C008B94D2->cb20f782-9136-4144-a2ef-e44461d35697@group-EF222054BC57, cid=4401, SUCCESS, logIndex=6175, commits[cb20f782-9136-4144-a2ef-e44461d35697:c6176]
2019-09-17 12:49:10,261 [grpc-default-executor-2] INFO  client.GrpcClientProtocolClient (GrpcClientProtocolClient.java:onNext(264)) - client-E41C008B94D2->cb20f782-9136-4144-a2ef-e44461d35697: receive RaftClientReply:client-E41C008B94D2->cb20f782-9136-4144-a2ef-e44461d35697@group-EF222054BC57, cid=4402, SUCCESS, logIndex=6176, commits[cb20f782-9136-4144-a2ef-e44461d35697:c6178]
2019-09-17 12:49:10,262 [grpc-default-executor-2] INFO  client.GrpcClientProtocolClient (GrpcClientProtocolClient.java:onNext(264)) - client-E41C008B94D2->cb20f782-9136-4144-a2ef-e44461d35697: receive RaftClientReply:client-E41C008B94D2->cb20f782-9136-4144-a2ef-e44461d35697@group-EF222054BC57, cid=4403, SUCCESS, logIndex=6177, commits[cb20f782-9136-4144-a2ef-e44461d35697:c6179]
2019-09-17 12:49:10,262 [grpc-default-executor-2] INFO  client.GrpcClientProtocolClient (GrpcClientProtocolClient.java:onNext(264)) - client-E41C008B94D2->cb20f782-9136-4144-a2ef-e44461d35697: receive RaftClientReply:client-E41C008B94D2->cb20f782-9136-4144-a2ef-e44461d35697@group-EF222054BC57, cid=4404, SUCCESS, logIndex=6178, commits[cb20f782-9136-4144-a2ef-e44461d35697:c6179]
2019-09-17 12:49:10,284 [grpc-default-executor-1] INFO  client.GrpcClientProtocolClient (GrpcClientProtocolClient.java:onNext(264)) - client-E41C008B94D2->cb20f782-9136-4144-a2ef-e44461d35697: receive RaftClientReply:client-E41C008B94D2->cb20f782-9136-4144-a2ef-e44461d35697@group-EF222054BC57, cid=4405, SUCCESS, logIndex=6181, commits[cb20f782-9136-4144-a2ef-e44461d35697:c6184]
2019-09-17 12:49:10,284 [grpc-default-executor-1] INFO  client.GrpcClientProtocolClient (GrpcClientProtocolClient.java:onNext(264)) - client-E41C008B94D2->cb20f782-9136-4144-a2ef-e44461d35697: receive RaftClientReply:client-E41C008B94D2->cb20f782-9136-4144-a2ef-e44461d35697@group-EF222054BC57, cid=4406, SUCCESS, logIndex=6182, commits[cb20f782-9136-4144-a2ef-e44461d35697:c6185]
2019-09-17 12:49:10,284 [grpc-default-executor-1] INFO  client.GrpcClientProtocolClient (GrpcClientProtocolClient.java:onNext(264)) - client-E41C008B94D2->cb20f782-9136-4144-a2ef-e44461d35697: receive RaftClientReply:client-E41C008B94D2->cb20f782-9136-4144-a2ef-e44461d35697@group-EF222054BC57, cid=4407, SUCCESS, logIndex=6183, commits[cb20f782-9136-4144-a2ef-e44461d35697:c6185]
2019-09-17 12:49:10,285 [grpc-default-executor-1] INFO  client.GrpcClientProtocolClient (GrpcClientProtocolClient.java:onNext(264)) - client-E41C008B94D2->cb20f782-9136-4144-a2ef-e44461d35697: receive RaftClientReply:client-E41C008B94D2->cb20f782-9136-4144-a2ef-e44461d35697@group-EF222054BC57, cid=4408, SUCCESS, logIndex=6184, commits[cb20f782-9136-4144-a2ef-e44461d35697:c6185]
2019-09-17 12:49:10,330 [SCMBlockDeletingService#1] DEBUG block.SCMBlockDeletingService (SCMBlockDeletingService.java:call(138)) - Running DeletedBlockTransactionScanner
2019-09-17 12:49:10,330 [grpc-default-executor-1] INFO  client.GrpcClientProtocolClient (GrpcClientProtocolClient.java:onNext(264)) - client-E41C008B94D2->cb20f782-9136-4144-a2ef-e44461d35697: receive RaftClientReply:client-E41C008B94D2->cb20f782-9136-4144-a2ef-e44461d35697@group-EF222054BC57, cid=4409, SUCCESS, logIndex=6186, commits[cb20f782-9136-4144-a2ef-e44461d35697:c6187]
2019-09-17 12:49:10,330 [SCMBlockDeletingService#1] DEBUG block.SCMBlockDeletingService (SCMBlockDeletingService.java:call(155)) - Scanned deleted blocks log and got 0 delTX to process.
2019-09-17 12:49:10,331 [grpc-default-executor-1] INFO  client.GrpcClientProtocolClient (GrpcClientProtocolClient.java:onNext(264)) - client-E41C008B94D2->cb20f782-9136-4144-a2ef-e44461d35697: receive RaftClientReply:client-E41C008B94D2->cb20f782-9136-4144-a2ef-e44461d35697@group-EF222054BC57, cid=4410, SUCCESS, logIndex=6187, commits[cb20f782-9136-4144-a2ef-e44461d35697:c6189]
2019-09-17 12:49:10,331 [grpc-default-executor-1] INFO  client.GrpcClientProtocolClient (GrpcClientProtocolClient.java:onNext(264)) - client-E41C008B94D2->cb20f782-9136-4144-a2ef-e44461d35697: receive RaftClientReply:client-E41C008B94D2->cb20f782-9136-4144-a2ef-e44461d35697@group-EF222054BC57, cid=4411, SUCCESS, logIndex=6188, commits[cb20f782-9136-4144-a2ef-e44461d35697:c6189]
2019-09-17 12:49:10,332 [grpc-default-executor-1] INFO  client.GrpcClientProtocolClient (GrpcClientProtocolClient.java:onNext(264)) - client-E41C008B94D2->cb20f782-9136-4144-a2ef-e44461d35697: receive RaftClientReply:client-E41C008B94D2->cb20f782-9136-4144-a2ef-e44461d35697@group-EF222054BC57, cid=4412, SUCCESS, logIndex=6189, commits[cb20f782-9136-4144-a2ef-e44461d35697:c6190]
2019-09-17 12:49:10,351 [grpc-default-executor-1] INFO  client.GrpcClientProtocolClient (GrpcClientProtocolClient.java:onNext(264)) - client-E41C008B94D2->cb20f782-9136-4144-a2ef-e44461d35697: receive RaftClientReply:client-E41C008B94D2->cb20f782-9136-4144-a2ef-e44461d35697@group-EF222054BC57, cid=4413, SUCCESS, logIndex=6192, commits[cb20f782-9136-4144-a2ef-e44461d35697:c6193]
2019-09-17 12:49:10,351 [grpc-default-executor-1] INFO  client.GrpcClientProtocolClient (GrpcClientProtocolClient.java:onNext(264)) - client-E41C008B94D2->cb20f782-9136-4144-a2ef-e44461d35697: receive RaftClientReply:client-E41C008B94D2->cb20f782-9136-4144-a2ef-e44461d35697@group-EF222054BC57, cid=4414, SUCCESS, logIndex=6193, commits[cb20f782-9136-4144-a2ef-e44461d35697:c6195]
2019-09-17 12:49:10,351 [grpc-default-executor-1] INFO  client.GrpcClientProtocolClient (GrpcClientProtocolClient.java:onNext(264)) - client-E41C008B94D2->cb20f782-9136-4144-a2ef-e44461d35697: receive RaftClientReply:client-E41C008B94D2->cb20f782-9136-4144-a2ef-e44461d35697@group-EF222054BC57, cid=4415, SUCCESS, logIndex=6194, commits[cb20f782-9136-4144-a2ef-e44461d35697:c6196]
2019-09-17 12:49:10,352 [grpc-default-executor-1] INFO  client.GrpcClientProtocolClient (GrpcClientProtocolClient.java:onNext(264)) - client-E41C008B94D2->cb20f782-9136-4144-a2ef-e44461d35697: receive RaftClientReply:client-E41C008B94D2->cb20f782-9136-4144-a2ef-e44461d35697@group-EF222054BC57, cid=4416, SUCCESS, logIndex=6195, commits[cb20f782-9136-4144-a2ef-e44461d35697:c6196]
2019-09-17 12:49:10,381 [grpc-default-executor-1] INFO  client.GrpcClientProtocolClient (GrpcClientProtocolClient.java:onNext(264)) - client-E41C008B94D2->cb20f782-9136-4144-a2ef-e44461d35697: receive RaftClientReply:client-E41C008B94D2->cb20f782-9136-4144-a2ef-e44461d35697@group-EF222054BC57, cid=4417, SUCCESS, logIndex=6198, commits[cb20f782-9136-4144-a2ef-e44461d35697:c6199]
2019-09-17 12:49:10,382 [grpc-default-executor-1] INFO  client.GrpcClientProtocolClient (GrpcClientProtocolClient.java:onNext(264)) - client-E41C008B94D2->cb20f782-9136-4144-a2ef-e44461d35697: receive RaftClientReply:client-E41C008B94D2->cb20f782-9136-4144-a2ef-e44461d35697@group-EF222054BC57, cid=4418, SUCCESS, logIndex=6199, commits[cb20f782-9136-4144-a2ef-e44461d35697:c6201]
2019-09-17 12:49:10,382 [grpc-default-executor-1] INFO  client.GrpcClientProtocolClient (GrpcClientProtocolClient.java:onNext(264)) - client-E41C008B94D2->cb20f782-9136-4144-a2ef-e44461d35697: receive RaftClientReply:client-E41C008B94D2->cb20f782-9136-4144-a2ef-e44461d35697@group-EF222054BC57, cid=4419, SUCCESS, logIndex=6200, commits[cb20f782-9136-4144-a2ef-e44461d35697:c6201]
2019-09-17 12:49:10,383 [grpc-default-executor-1] INFO  client.GrpcClientProtocolClient (GrpcClientProtocolClient.java:onNext(264)) - client-E41C008B94D2->cb20f782-9136-4144-a2ef-e44461d35697: receive RaftClientReply:client-E41C008B94D2->cb20f782-9136-4144-a2ef-e44461d35697@group-EF222054BC57, cid=4420, SUCCESS, logIndex=6201, commits[cb20f782-9136-4144-a2ef-e44461d35697:c6202]
2019-09-17 12:49:10,399 [grpc-default-executor-2] INFO  client.GrpcClientProtocolClient (GrpcClientProtocolClient.java:onNext(264)) - client-E41C008B94D2->cb20f782-9136-4144-a2ef-e44461d35697: receive RaftClientReply:client-E41C008B94D2->cb20f782-9136-4144-a2ef-e44461d35697@group-EF222054BC57, cid=4421, SUCCESS, logIndex=6204, commits[cb20f782-9136-4144-a2ef-e44461d35697:c6205]
2019-09-17 12:49:10,400 [grpc-default-executor-2] INFO  client.GrpcClientProtocolClient (GrpcClientProtocolClient.java:onNext(264)) - client-E41C008B94D2->cb20f782-9136-4144-a2ef-e44461d35697: receive RaftClientReply:client-E41C008B94D2->cb20f782-9136-4144-a2ef-e44461d35697@group-EF222054BC57, cid=4422, SUCCESS, logIndex=6205, commits[cb20f782-9136-4144-a2ef-e44461d35697:c6206]
2019-09-17 12:49:10,431 [SCMBlockDeletingService#1] DEBUG block.SCMBlockDeletingService (SCMBlockDeletingService.java:call(138)) - Running DeletedBlockTransactionScanner
2019-09-17 12:49:10,431 [SCMBlockDeletingService#1] DEBUG block.SCMBlockDeletingService (SCMBlockDeletingService.java:call(155)) - Scanned deleted blocks log and got 0 delTX to process.
2019-09-17 12:49:10,531 [SCMBlockDeletingService#1] DEBUG block.SCMBlockDeletingService (SCMBlockDeletingService.java:call(138)) - Running DeletedBlockTransactionScanner
2019-09-17 12:49:10,532 [SCMBlockDeletingService#1] DEBUG block.SCMBlockDeletingService (SCMBlockDeletingService.java:call(155)) - Scanned deleted blocks log and got 0 delTX to process.
2019-09-17 12:49:10,632 [SCMBlockDeletingService#1] DEBUG block.SCMBlockDeletingService (SCMBlockDeletingService.java:call(138)) - Running DeletedBlockTransactionScanner
2019-09-17 12:49:10,632 [SCMBlockDeletingService#1] DEBUG block.SCMBlockDeletingService (SCMBlockDeletingService.java:call(155)) - Scanned deleted blocks log and got 0 delTX to process.
2019-09-17 12:49:10,733 [SCMBlockDeletingService#1] DEBUG block.SCMBlockDeletingService (SCMBlockDeletingService.java:call(138)) - Running DeletedBlockTransactionScanner
2019-09-17 12:49:10,733 [SCMBlockDeletingService#1] DEBUG block.SCMBlockDeletingService (SCMBlockDeletingService.java:call(155)) - Scanned deleted blocks log and got 0 delTX to process.
2019-09-17 12:49:10,834 [SCMBlockDeletingService#1] DEBUG block.SCMBlockDeletingService (SCMBlockDeletingService.java:call(138)) - Running DeletedBlockTransactionScanner
2019-09-17 12:49:10,834 [SCMBlockDeletingService#1] DEBUG block.SCMBlockDeletingService (SCMBlockDeletingService.java:call(155)) - Scanned deleted blocks log and got 0 delTX to process.
2019-09-17 12:49:10,934 [SCMBlockDeletingService#1] DEBUG block.SCMBlockDeletingService (SCMBlockDeletingService.java:call(138)) - Running DeletedBlockTransactionScanner
2019-09-17 12:49:10,935 [SCMBlockDeletingService#1] DEBUG block.SCMBlockDeletingService (SCMBlockDeletingService.java:call(155)) - Scanned deleted blocks log and got 0 delTX to process.
2019-09-17 12:49:11,035 [SCMBlockDeletingService#1] DEBUG block.SCMBlockDeletingService (SCMBlockDeletingService.java:call(138)) - Running DeletedBlockTransactionScanner
2019-09-17 12:49:11,035 [SCMBlockDeletingService#1] DEBUG block.SCMBlockDeletingService (SCMBlockDeletingService.java:call(155)) - Scanned deleted blocks log and got 0 delTX to process.
2019-09-17 12:49:11,065 [IPC Server handler 19 on 40129] INFO  server.SCMBlockProtocolServer (SCMBlockProtocolServer.java:deleteKeyBlocks(212)) - SCM is informed by OM to delete 1 blocks
2019-09-17 12:49:11,068 [IPC Server handler 19 on 40129] INFO  block.BlockManagerImpl (BlockManagerImpl.java:deleteBlocks(269)) - Deleting blocks conID: 1 locID: 102807928454119424 bcsId: 0,conID: 2 locID: 102807928454381569 bcsId: 0,conID: 3 locID: 102807928454381570 bcsId: 0,conID: 1 locID: 102807928454578179 bcsId: 0,conID: 2 locID: 102807928454578180 bcsId: 0,conID: 3 locID: 102807928454643717 bcsId: 0,conID: 1 locID: 102807928729239559 bcsId: 0,conID: 2 locID: 102807928734416904 bcsId: 0,conID: 3 locID: 102807928739921929 bcsId: 0,conID: 1 locID: 102807928745099274 bcsId: 0,conID: 2 locID: 102807928749555723 bcsId: 0,conID: 3 locID: 102807928754077708 bcsId: 0,conID: 1 locID: 102807928767971341 bcsId: 0,conID: 2 locID: 102807928773148686 bcsId: 0,conID: 3 locID: 102807928777277455 bcsId: 0,conID: 1 locID: 102807928793333776 bcsId: 0,conID: 2 locID: 102807928799100945 bcsId: 0,conID: 3 locID: 102807928809914386 bcsId: 0,conID: 1 locID: 102807928815353875 bcsId: 0,conID: 2 locID: 102807928819613716 bcsId: 0,conID: 3 locID: 102807928823939093 bcsId: 0,conID: 1 locID: 102807928828133398 bcsId: 0,conID: 2 locID: 102807928832327703 bcsId: 0,conID: 3 locID: 102807928842223640 bcsId: 0,conID: 1 locID: 102807928845762585 bcsId: 0,conID: 2 locID: 102807928849629210 bcsId: 0,conID: 3 locID: 102807928852774939 bcsId: 0,conID: 1 locID: 102807928856576028 bcsId: 0,conID: 2 locID: 102807928865751069 bcsId: 0,conID: 3 locID: 102807928869814302 bcsId: 0,conID: 1 locID: 102807928873418783 bcsId: 0,conID: 2 locID: 102807928877940768 bcsId: 0,conID: 3 locID: 102807928881938465 bcsId: 0,conID: 1 locID: 102807928885542946 bcsId: 0,conID: 2 locID: 102807928908546083 bcsId: 0,conID: 3 locID: 102807928912674852 bcsId: 0,conID: 1 locID: 102807928916213797 bcsId: 0,conID: 2 locID: 102807928919883814 bcsId: 0,conID: 3 locID: 102807928923422759 bcsId: 0,conID: 1 locID: 102807928936202280 bcsId: 0,conID: 2 locID: 102807928939610153 bcsId: 0,conID: 3 locID: 102807928943083562 bcsId: 0,conID: 1 locID: 102807928946622507 bcsId: 0,conID: 2 locID: 102807928949964844 bcsId: 0,conID: 3 locID: 102807928953241645 bcsId: 0,conID: 1 locID: 102807928962613294 bcsId: 0,conID: 2 locID: 102807928967266351 bcsId: 0,conID: 3 locID: 102807928970608688 bcsId: 0,conID: 1 locID: 102807928973885489 bcsId: 0,conID: 2 locID: 102807928977096754 bcsId: 0,conID: 3 locID: 102807928988958771 bcsId: 0,conID: 1 locID: 102807929002983476 bcsId: 0,conID: 2 locID: 102807929006981173 bcsId: 0,conID: 3 locID: 102807929010716726 bcsId: 0,conID: 1 locID: 102807929016287287 bcsId: 0,conID: 2 locID: 102807929020219448 bcsId: 0,conID: 3 locID: 102807929032278073 bcsId: 0,conID: 1 locID: 102807929036275770 bcsId: 0,conID: 2 locID: 102807929039683643 bcsId: 0,conID: 3 locID: 102807929043222588 bcsId: 0,conID: 1 locID: 102807929046827069 bcsId: 0,conID: 2 locID: 102807929067929662 bcsId: 0,conID: 3 locID: 102807929074024511 bcsId: 0,conID: 1 locID: 102807929077891136 bcsId: 0,conID: 2 locID: 102807929082019905 bcsId: 0,conID: 3 locID: 102807929085362242 bcsId: 0,conID: 1 locID: 102807929088770115 bcsId: 0,conID: 2 locID: 102807929098076228 bcsId: 0,conID: 3 locID: 102807929113083973 bcsId: 0,conID: 1 locID: 102807929118654534 bcsId: 0,conID: 2 locID: 102807929122783303 bcsId: 0,conID: 3 locID: 102807929126453320 bcsId: 0,conID: 1 locID: 102807929135956041 bcsId: 0,conID: 2 locID: 102807929139691594 bcsId: 0,conID: 3 locID: 102807929143099467 bcsId: 0,conID: 1 locID: 102807929146441804 bcsId: 0,conID: 2 locID: 102807929149587533 bcsId: 0,conID: 3 locID: 102807929155616846 bcsId: 0,conID: 1 locID: 102807929173442639 bcsId: 0,conID: 2 locID: 102807929176981584 bcsId: 0,conID: 3 locID: 102807929180192849 bcsId: 0,conID: 1 locID: 102807929183338578 bcsId: 0,conID: 2 locID: 102807929186418771 bcsId: 0,conID: 3 locID: 102807929195266132 bcsId: 0,conID: 1 locID: 102807929201295445 bcsId: 0,conID: 2 locID: 102807929210208342 bcsId: 0,conID: 3 locID: 102807929214533719 bcsId: 0,conID: 1 locID: 102807929217876056 bcsId: 0,conID: 2 locID: 102807929221546073 bcsId: 0,conID: 3 locID: 102807929233735770 bcsId: 0,conID: 1 locID: 102807929237602395 bcsId: 0,conID: 2 locID: 102807929241469020 bcsId: 0,conID: 3 locID: 102807929246122077 bcsId: 0,conID: 1 locID: 102807929249857630 bcsId: 0,conID: 2 locID: 102807929273843807 bcsId: 0,conID: 3 locID: 102807929278300256 bcsId: 0,conID: 1 locID: 102807929281708129 bcsId: 0,conID: 2 locID: 102807929285050466 bcsId: 0,conID: 3 locID: 102807929288523875 bcsId: 0,conID: 1 locID: 102807929293570148 bcsId: 0,conID: 2 locID: 102807929304055909 bcsId: 0,conID: 3 locID: 102807929307791462 bcsId: 0,conID: 1 locID: 102807929311723623 bcsId: 0,conID: 2 locID: 102807929315393640 bcsId: 0,conID: 3 locID: 102807929323782249 bcsId: 0,conID: 1 locID: 102807929333022826 bcsId: 0,conID: 2 locID: 102807929336430699 bcsId: 0,conID: 3 locID: 102807929341345900 bcsId: 0,conID: 1 locID: 102807929344819309 bcsId: 0,conID: 2 locID: 102807929348096110 bcsId: 0,conID: 3 locID: 102807929352093807 bcsId: 0,conID: 1 locID: 102807929364349040 bcsId: 0,conID: 2 locID: 102807929367560305 bcsId: 0,conID: 3 locID: 102807929371230322 bcsId: 0,conID: 1 locID: 102807929374310515 bcsId: 0,conID: 2 locID: 102807929378832500 bcsId: 0,conID: 3 locID: 102807929382109301 bcsId: 0,conID: 1 locID: 102807929392791670 bcsId: 0,conID: 2 locID: 102807929395871863 bcsId: 0,conID: 3 locID: 102807929399279736 bcsId: 0,conID: 1 locID: 102807929402491001 bcsId: 0,conID: 2 locID: 102807929405571194 bcsId: 0,conID: 3 locID: 102807929420447867 bcsId: 0,conID: 1 locID: 102807929423528060 bcsId: 0,conID: 2 locID: 102807929426542717 bcsId: 0,conID: 3 locID: 102807929429295230 bcsId: 0,conID: 1 locID: 102807929432703103 bcsId: 0,conID: 2 locID: 102807929435455616 bcsId: 0,conID: 3 locID: 102807929444565121 bcsId: 0,conID: 1 locID: 102807929447645314 bcsId: 0,conID: 2 locID: 102807929456754819 bcsId: 0,conID: 3 locID: 102807929460228228 bcsId: 0,conID: 1 locID: 102807929463832709 bcsId: 0,conID: 2 locID: 102807929473400966 bcsId: 0,conID: 3 locID: 102807929476874375 bcsId: 0,conID: 1 locID: 102807929481068680 bcsId: 0,conID: 2 locID: 102807929484738697 bcsId: 0,conID: 3 locID: 102807929487884426 bcsId: 0,conID: 1 locID: 102807929492537483 bcsId: 0,conID: 2 locID: 102807929510953100 bcsId: 0,conID: 3 locID: 102807929514295437 bcsId: 0,conID: 1 locID: 102807929518096526 bcsId: 0,conID: 2 locID: 102807929521701007 bcsId: 0,conID: 3 locID: 102807929525108880 bcsId: 0,conID: 1 locID: 102807929533890705 bcsId: 0,conID: 2 locID: 102807929538085010 bcsId: 0,conID: 3 locID: 102807929542148243 bcsId: 0,conID: 1 locID: 102807929545752724 bcsId: 0,conID: 2 locID: 102807929558925461 bcsId: 0,conID: 3 locID: 102807929562595478 bcsId: 0,conID: 1 locID: 102807929572229271 bcsId: 0,conID: 2 locID: 102807929575243928 bcsId: 0,conID: 3 locID: 102807929579110553 bcsId: 0,conID: 1 locID: 102807929584615578 bcsId: 0,conID: 2 locID: 102807929588088987 bcsId: 0,conID: 3 locID: 102807929598247068 bcsId: 0,conID: 1 locID: 102807929607946397 bcsId: 0,conID: 2 locID: 102807929611616414 bcsId: 0,conID: 3 locID: 102807929615417503 bcsId: 0,conID: 1 locID: 102807929619546272 bcsId: 0,conID: 2 locID: 102807929622757537 bcsId: 0,conID: 3 locID: 102807929633439906 bcsId: 0,conID: 1 locID: 102807929637175459 bcsId: 0,conID: 2 locID: 102807929640386724 bcsId: 0,conID: 3 locID: 102807929643532453 bcsId: 0,conID: 1 locID: 102807929646481574 bcsId: 0,conID: 2 locID: 102807929661423783 bcsId: 0,conID: 3 locID: 102807929665093800 bcsId: 0,conID: 1 locID: 102807929670074537 bcsId: 0,conID: 2 locID: 102807929673285802 bcsId: 0,conID: 3 locID: 102807929679249579 bcsId: 0,conID: 1 locID: 102807929682526380 bcsId: 0,conID: 2 locID: 102807929692094637 bcsId: 0,conID: 3 locID: 102807929695109294 bcsId: 0,conID: 1 locID: 102807929703104687 bcsId: 0,conID: 2 locID: 102807929706119344 bcsId: 0,conID: 3 locID: 102807929710051505 bcsId: 0,conID: 1 locID: 102807929720864946 bcsId: 0,conID: 2 locID: 102807929723879603 bcsId: 0,conID: 3 locID: 102807929726894260 bcsId: 0,conID: 1 locID: 102807929729974453 bcsId: 0,conID: 2 locID: 102807929733120182 bcsId: 0,conID: 3 locID: 102807929736200375 bcsId: 0,conID: 1 locID: 102807929750421688 bcsId: 0,conID: 2 locID: 102807929753501881 bcsId: 0,conID: 3 locID: 102807929756582074 bcsId: 0,conID: 1 locID: 102807929759596731 bcsId: 0,conID: 2 locID: 102807929762545852 bcsId: 0,conID: 3 locID: 102807929771458749 bcsId: 0,conID: 1 locID: 102807929774538942 bcsId: 0,conID: 2 locID: 102807929782534335 bcsId: 0,conID: 3 locID: 102807929787384000 bcsId: 0,conID: 1 locID: 102807929790333121 bcsId: 0,conID: 2 locID: 102807929793282242 bcsId: 0,conID: 3 locID: 102807929802326211 bcsId: 0,conID: 1 locID: 102807929805930692 bcsId: 0,conID: 2 locID: 102807929808879813 bcsId: 0,conID: 3 locID: 102807929811566790 bcsId: 0,conID: 1 locID: 102807929814515911 bcsId: 0,conID: 2 locID: 102807929856983240 bcsId: 0,conID: 3 locID: 102807929860391113 bcsId: 0,conID: 1 locID: 102807929863667914 bcsId: 0,conID: 2 locID: 102807929866879179 bcsId: 0,conID: 3 locID: 102807929870155980 bcsId: 0,conID: 1 locID: 102807929873432781 bcsId: 0,conID: 2 locID: 102807929883197646 bcsId: 0,conID: 3 locID: 102807929887129807 bcsId: 0,conID: 1 locID: 102807929890275536 bcsId: 0,conID: 2 locID: 102807929893617873 bcsId: 0,conID: 3 locID: 102807929902203090 bcsId: 0,conID: 1 locID: 102807929912819923 bcsId: 0,conID: 2 locID: 102807929916162260 bcsId: 0,conID: 3 locID: 102807929919242453 bcsId: 0,conID: 1 locID: 102807929922584790 bcsId: 0,conID: 2 locID: 102807929926779095 bcsId: 0,conID: 3 locID: 102807929929597144 bcsId: 0,conID: 1 locID: 102807929938575577 bcsId: 0,conID: 2 locID: 102807929942311130 bcsId: 0,conID: 3 locID: 102807929945653467 bcsId: 0,conID: 1 locID: 102807929954435292 bcsId: 0,conID: 2 locID: 102807929957908701 bcsId: 0,conID: 3 locID: 102807929961775326 bcsId: 0,conID: 1 locID: 102807929971540191 bcsId: 0,conID: 2 locID: 102807929974751456 bcsId: 0,conID: 3 locID: 102807929977897185 bcsId: 0,conID: 1 locID: 102807929981698274 bcsId: 0,conID: 2 locID: 102807929984778467 bcsId: 0,conID: 3 locID: 102807929993625828 bcsId: 0,conID: 1 locID: 102807929996902629 bcsId: 0,conID: 2 locID: 102807930006929638 bcsId: 0,conID: 3 locID: 102807930010271975 bcsId: 0,conID: 1 locID: 102807930013483240 bcsId: 0,conID: 2 locID: 102807930016628969 bcsId: 0,conID: 3 locID: 102807930026524906 bcsId: 0,conID: 1 locID: 102807930029605099 bcsId: 0,conID: 2 locID: 102807930032488684 bcsId: 0,conID: 3 locID: 102807930035634413 bcsId: 0,conID: 1 locID: 102807930124828910 bcsId: 0,conID: 2 locID: 102807930133545199 bcsId: 0,conID: 3 locID: 102807930136494320 bcsId: 0,conID: 1 locID: 102807930146586865 bcsId: 0,conID: 2 locID: 102807930149863666 bcsId: 0,conID: 3 locID: 102807930153074931 bcsId: 0,conID: 1 locID: 102807930156155124 bcsId: 0,conID: 2 locID: 102807930305642741 bcsId: 0,conID: 3 locID: 102807930310361334 bcsId: 0,conID: 1 locID: 102807930314293495 bcsId: 0,conID: 2 locID: 102807930318291192 bcsId: 0,conID: 3 locID: 102807930322157817 bcsId: 0,conID: 1 locID: 102807930333495546 bcsId: 0,conID: 2 locID: 102807930337296635 bcsId: 0,conID: 3 locID: 102807930351386876 bcsId: 0,conID: 1 locID: 102807930356498685 bcsId: 0,conID: 2 locID: 102807930360168702 bcsId: 0,conID: 3 locID: 102807930363904255 bcsId: 0,conID: 1 locID: 102807930374062336 bcsId: 0,conID: 2 locID: 102807930377732353 bcsId: 0,conID: 3 locID: 102807930381271298 bcsId: 0,conID: 1 locID: 102807930384548099 bcsId: 0,conID: 2 locID: 102807930387955972 bcsId: 0,conID: 3 locID: 102807930400997637 bcsId: 0,conID: 1 locID: 102807930404143366 bcsId: 0,conID: 2 locID: 102807930407223559 bcsId: 0,conID: 3 locID: 102807930418495752 bcsId: 0,conID: 1 locID: 102807930421575945 bcsId: 0,conID: 2 locID: 102807930424393994 bcsId: 0,conID: 3 locID: 102807930433241355 bcsId: 0,conID: 1 locID: 102807930438680844 bcsId: 0,conID: 2 locID: 102807930441564429 bcsId: 0,conID: 3 locID: 102807930444513550 bcsId: 0,conID: 1 locID: 102807930447462671 bcsId: 0,conID: 2 locID: 102807930457096464 bcsId: 0,conID: 3 locID: 102807930460242193 bcsId: 0,conID: 1 locID: 102807930463256850 bcsId: 0,conID: 2 locID: 102807930466271507 bcsId: 0,conID: 3 locID: 102807930470793492 bcsId: 0,conID: 1 locID: 102807930480165141 bcsId: 0,conID: 2 locID: 102807930489733398 bcsId: 0,conID: 3 locID: 102807930492616983 bcsId: 0,conID: 1 locID: 102807930495435032 bcsId: 0,conID: 2 locID: 102807930498777369 bcsId: 0,conID: 3 locID: 102807930501988634 bcsId: 0,conID: 1 locID: 102807930510901531 bcsId: 0,conID: 2 locID: 102807930516537628 bcsId: 0,conID: 3 locID: 102807930519683357 bcsId: 0,conID: 1 locID: 102807930522894622 bcsId: 0,conID: 2 locID: 102807930525974815 bcsId: 0,conID: 3 locID: 102807930529120544 bcsId: 0,conID: 1 locID: 102807930545897761 bcsId: 0,conID: 2 locID: 102807930549305634 bcsId: 0,conID: 3 locID: 102807930553106723 bcsId: 0,conID: 1 locID: 102807930556973348 bcsId: 0,conID: 2 locID: 102807930560119077 bcsId: 0,conID: 3 locID: 102807930570998054 bcsId: 0,conID: 1 locID: 102807930574405927 bcsId: 0,conID: 2 locID: 102807930578862376 bcsId: 0,conID: 3 locID: 102807930582794537 bcsId: 0,conID: 1 locID: 102807930586792234 bcsId: 0,conID: 2 locID: 102807930591379755 bcsId: 0,conID: 3 locID: 102807930610123052 bcsId: 0,conID: 1 locID: 102807930613727533 bcsId: 0,conID: 2 locID: 102807930617004334 bcsId: 0,conID: 3 locID: 102807930620936495 bcsId: 0,conID: 1 locID: 102807930624016688 bcsId: 0,conID: 2 locID: 102807930632798513 bcsId: 0,conID: 3 locID: 102807930636337458 bcsId: 0,conID: 1 locID: 102807930641187123 bcsId: 0,conID: 2 locID: 102807930644857140 bcsId: 0,conID: 3 locID: 102807930648133941 bcsId: 0,conID: 1 locID: 102807930651541814 bcsId: 0,conID: 2 locID: 102807930670874935 bcsId: 0,conID: 3 locID: 102807930674020664 bcsId: 0,conID: 1 locID: 102807930677363001 bcsId: 0,conID: 2 locID: 102807930681819450 bcsId: 0,conID: 3 locID: 102807930685030715 bcsId: 0,conID: 1 locID: 102807930694992188 bcsId: 0,conID: 2 locID: 102807930698072381 bcsId: 0,conID: 3 locID: 102807930701283646 bcsId: 0,conID: 1 locID: 102807930704560447 bcsId: 0,conID: 2 locID: 102807930708033856 bcsId: 0,conID: 3 locID: 102807930711245121 bcsId: 0,conID: 1 locID: 102807930729595202 bcsId: 0,conID: 2 locID: 102807930732937539 bcsId: 0,conID: 3 locID: 102807930736083268 bcsId: 0,conID: 1 locID: 102807930739556677 bcsId: 0,conID: 2 locID: 102807930742505798 bcsId: 0,conID: 3 locID: 102807930745913671 bcsId: 0,conID: 1 locID: 102807930754695496 bcsId: 0,conID: 2 locID: 102807930759217481 bcsId: 0,conID: 3 locID: 102807930762297674 bcsId: 0,conID: 1 locID: 102807930765902155 bcsId: 0,conID: 2 locID: 102807930768851276 bcsId: 0,conID: 3 locID: 102807930784448845 bcsId: 0,conID: 1 locID: 102807930787594574 bcsId: 0,conID: 2 locID: 102807930790609231 bcsId: 0,conID: 3 locID: 102807930793754960 bcsId: 0,conID: 1 locID: 102807930798801233 bcsId: 0,conID: 2 locID: 102807930802012498 bcsId: 0,conID: 3 locID: 102807930811842899 bcsId: 0,conID: 1 locID: 102807930814923092 bcsId: 0,conID: 2 locID: 102807930817544533 bcsId: 0,conID: 3 locID: 102807930820690262 bcsId: 0,conID: 1 locID: 102807930823704919 bcsId: 0,conID: 2 locID: 102807930839302488 bcsId: 0,conID: 3 locID: 102807930844021081 bcsId: 0,conID: 1 locID: 102807930847363418 bcsId: 0,conID: 2 locID: 102807930851098971 bcsId: 0,conID: 3 locID: 102807930854965596 bcsId: 0,conID: 1 locID: 102807930859880797 bcsId: 0,conID: 2 locID: 102807930871152990 bcsId: 0,conID: 3 locID: 102807930874495327 bcsId: 0,conID: 1 locID: 102807930878951776 bcsId: 0,conID: 2 locID: 102807930882621793 bcsId: 0,conID: 3 locID: 102807930886488418 bcsId: 0,conID: 1 locID: 102807930910015843 bcsId: 0,conID: 2 locID: 102807930913423716 bcsId: 0,conID: 3 locID: 102807930916241765 bcsId: 0,conID: 1 locID: 102807930919584102 bcsId: 0,conID: 2 locID: 102807930922664295 bcsId: 0,conID: 3 locID: 102807930926989672 bcsId: 0,conID: 1 locID: 102807930935771497 bcsId: 0,conID: 2 locID: 102807930939244906 bcsId: 0,conID: 3 locID: 102807930942521707 bcsId: 0,conID: 1 locID: 102807930945601900 bcsId: 0,conID: 2 locID: 102807930948551021 bcsId: 0,conID: 3 locID: 102807930957857134 bcsId: 0,conID: 1 locID: 102807930970177903 bcsId: 0,conID: 2 locID: 102807930976534896 bcsId: 0,conID: 3 locID: 102807930979811697 bcsId: 0,conID: 1 locID: 102807930983022962 bcsId: 0,conID: 2 locID: 102807930986430835 bcsId: 0,conID: 3 locID: 102807930996719988 bcsId: 0,conID: 1 locID: 102807930999996789 bcsId: 0,conID: 2 locID: 102807931002814838 bcsId: 0,conID: 3 locID: 102807931007140215 bcsId: 0,conID: 1 locID: 102807931010548088 bcsId: 0,conID: 2 locID: 102807931019919737 bcsId: 0,conID: 3 locID: 102807931023065466 bcsId: 0,conID: 1 locID: 102807931026145659 bcsId: 0,conID: 2 locID: 102807931036238204 bcsId: 0,conID: 3 locID: 102807931040170365 bcsId: 0,conID: 1 locID: 102807931043119486 bcsId: 0,conID: 2 locID: 102807931052687743 bcsId: 0,conID: 3 locID: 102807931055440256 bcsId: 0,conID: 1 locID: 102807931058520449 bcsId: 0,conID: 2 locID: 102807931061141890 bcsId: 0,conID: 3 locID: 102807931063959939 bcsId: 0,conID: 1 locID: 102807931072479620 bcsId: 0,conID: 2 locID: 102807931076477317 bcsId: 0,conID: 3 locID: 102807931079360902 bcsId: 0,conID: 1 locID: 102807931082899847 bcsId: 0,conID: 2 locID: 102807931085848968 bcsId: 0,conID: 3 locID: 102807931095089545 bcsId: 0,conID: 1 locID: 102807931104067978 bcsId: 0,conID: 2 locID: 102807931107148171 bcsId: 0,conID: 3 locID: 102807931110424972 bcsId: 0,conID: 1 locID: 102807931114160525 bcsId: 0,conID: 2 locID: 102807931118879118 bcsId: 0,conID: 3 locID: 102807931128775055 bcsId: 0,conID: 1 locID: 102807931133231504 bcsId: 0,conID: 2 locID: 102807931136180625 bcsId: 0,conID: 3 locID: 102807931139326354 bcsId: 0,conID: 1 locID: 102807931142406547 bcsId: 0,conID: 2 locID: 102807931145421204 bcsId: 0,conID: 3 locID: 102807931160428949 bcsId: 0,conID: 1 locID: 102807931165737366 bcsId: 0,conID: 2 locID: 102807931168752023 bcsId: 0,conID: 3 locID: 102807931172028824 bcsId: 0,conID: 1 locID: 102807931175043481 bcsId: 0,conID: 2 locID: 102807931183432090 bcsId: 0,conID: 3 locID: 102807931186971035 bcsId: 0,conID: 1 locID: 102807931190182300 bcsId: 0,conID: 2 locID: 102807931194311069 bcsId: 0,conID: 3 locID: 102807931198570910 bcsId: 0,conID: 1 locID: 102807931201913247 bcsId: 0,conID: 2 locID: 102807931246412192 bcsId: 0,conID: 3 locID: 102807931249951137 bcsId: 0,conID: 1 locID: 102807931253096866 bcsId: 0,conID: 2 locID: 102807931256242595 bcsId: 0,conID: 3 locID: 102807931259322788 bcsId: 0,conID: 1 locID: 102807931268432293 bcsId: 0,conID: 2 locID: 102807931271774630 bcsId: 0,conID: 3 locID: 102807931274854823 bcsId: 0,conID: 1 locID: 102807931277738408 bcsId: 0,conID: 2 locID: 102807931281146281 bcsId: 0,conID: 3 locID: 102807931284160938 bcsId: 0,conID: 1 locID: 102807931300413867 bcsId: 0,conID: 2 locID: 102807931304214956 bcsId: 0,conID: 3 locID: 102807931308933549 bcsId: 0,conID: 1 locID: 102807931312669102 bcsId: 0,conID: 2 locID: 102807931317387695 bcsId: 0,conID: 3 locID: 102807931321319856 bcsId: 0,conID: 1 locID: 102807931333116337 bcsId: 0,conID: 2 locID: 102807931337572786 bcsId: 0,conID: 3 locID: 102807931341570483 bcsId: 0,conID: 1 locID: 102807931346944436 bcsId: 0,conID: 2 locID: 102807931350679989 bcsId: 0,conID: 3 locID: 102807931372241334 bcsId: 0,conID: 1 locID: 102807931375518135 bcsId: 0,conID: 2 locID: 102807931378663864 bcsId: 0,conID: 3 locID: 102807931382071737 bcsId: 0,conID: 1 locID: 102807931385414074 bcsId: 0,conID: 2 locID: 102807931388690875 bcsId: 0,conID: 3 locID: 102807931400094140 bcsId: 0,conID: 1 locID: 102807931403567549 bcsId: 0,conID: 2 locID: 102807931407237566 bcsId: 0,conID: 3 locID: 102807931410514367 bcsId: 0,conID: 1 locID: 102807931413463488 bcsId: 0,conID: 2 locID: 102807931436532161 bcsId: 0,conID: 3 locID: 102807931440071106 bcsId: 0,conID: 1 locID: 102807931443282371 bcsId: 0,conID: 2 locID: 102807931448852932 bcsId: 0,conID: 3 locID: 102807931452522949 bcsId: 0,conID: 1 locID: 102807931457569222 bcsId: 0,conID: 2 locID: 102807931469496775 bcsId: 0,conID: 3 locID: 102807931473166792 bcsId: 0,conID: 1 locID: 102807931476246985 bcsId: 0,conID: 2 locID: 102807931480375754 bcsId: 0,conID: 3 locID: 102807931485422027 bcsId: 0,conID: 1 locID: 102807931505148364 bcsId: 0,conID: 2 locID: 102807931508556237 bcsId: 0,conID: 3 locID: 102807931511767502 bcsId: 0,conID: 1 locID: 102807931514978767 bcsId: 0,conID: 2 locID: 102807931518190032 bcsId: 0,conID: 3 locID: 102807931521335761 bcsId: 0,conID: 1 locID: 102807931530969554 bcsId: 0,conID: 2 locID: 102807931536933331 bcsId: 0,conID: 3 locID: 102807931540210132 bcsId: 0,conID: 1 locID: 102807931543093717 bcsId: 0,conID: 2 locID: 102807931545911766 bcsId: 0,conID: 3 locID: 102807931563409879 bcsId: 0,conID: 1 locID: 102807931566948824 bcsId: 0,conID: 2 locID: 102807931570356697 bcsId: 0,conID: 3 locID: 102807931574092250 bcsId: 0,conID: 1 locID: 102807931579466203 bcsId: 0,conID: 2 locID: 102807931583332828 bcsId: 0,conID: 3 locID: 102807931595522525 bcsId: 0,conID: 1 locID: 102807931598995934 bcsId: 0,conID: 2 locID: 102807931602534879 bcsId: 0,conID: 3 locID: 102807931606270432 bcsId: 0,conID: 1 locID: 102807931610005985 bcsId: 0,conID: 2 locID: 102807931637662178 bcsId: 0,conID: 3 locID: 102807931641397731 bcsId: 0,conID: 1 locID: 102807931644674532 bcsId: 0,conID: 2 locID: 102807931647951333 bcsId: 0,conID: 3 locID: 102807931651817958 bcsId: 0,conID: 1 locID: 102807931656012263 bcsId: 0,conID: 2 locID: 102807931664925160 bcsId: 0,conID: 3 locID: 102807931668267497 bcsId: 0,conID: 1 locID: 102807931677114858 bcsId: 0,conID: 2 locID: 102807931680719339 bcsId: 0,conID: 3 locID: 102807931683733996 bcsId: 0,conID: 1 locID: 102807931704574445 bcsId: 0,conID: 2 locID: 102807931707851246 bcsId: 0,conID: 3 locID: 102807931711062511 bcsId: 0,conID: 1 locID: 102807931714208240 bcsId: 0,conID: 2 locID: 102807931718009329 bcsId: 0,conID: 3 locID: 102807931719844338 bcsId: 0,conID: 1 locID: 102807931728626163 bcsId: 0,conID: 2 locID: 102807931731640820 bcsId: 0,conID: 3 locID: 102807931734655477 bcsId: 0,conID: 1 locID: 102807931737866742 bcsId: 0,conID: 2 locID: 102807931741143543 bcsId: 0,conID: 3 locID: 102807931758445048 bcsId: 0,conID: 1 locID: 102807931762508281 bcsId: 0,conID: 2 locID: 102807931765850618 bcsId: 0,conID: 3 locID: 102807931768996347 bcsId: 0,conID: 1 locID: 102807931772273148 bcsId: 0,conID: 2 locID: 102807931774894589 bcsId: 0,conID: 3 locID: 102807931784790526 bcsId: 0,conID: 1 locID: 102807931787870719 bcsId: 0,conID: 2 locID: 102807931790950912 bcsId: 0,conID: 3 locID: 102807931794358785 bcsId: 0,conID: 1 locID: 102807931797570050 bcsId: 0,conID: 2 locID: 102807931806614019 bcsId: 0,conID: 3 locID: 102807931815395844 bcsId: 0,conID: 1 locID: 102807931818869253 bcsId: 0,conID: 2 locID: 102807931822342662 bcsId: 0,conID: 3 locID: 102807931825553927 bcsId: 0,conID: 1 locID: 102807931830075912 bcsId: 0,conID: 2 locID: 102807931840561673 bcsId: 0,conID: 3 locID: 102807931843576330 bcsId: 0,conID: 1 locID: 102807931846656523 bcsId: 0,conID: 2 locID: 102807931850261004 bcsId: 0,conID: 3 locID: 102807931853472269 bcsId: 0,conID: 1 locID: 102807931862123022 bcsId: 0,conID: 2 locID: 102807931869856271 bcsId: 0,conID: 3 locID: 102807931874443792 bcsId: 0,conID: 1 locID: 102807931877589521 bcsId: 0,conID: 2 locID: 102807931880800786 bcsId: 0,conID: 3 locID: 102807931883815443 bcsId: 0,conID: 1 locID: 102807931892531732 bcsId: 0,conID: 2 locID: 102807931895611925 bcsId: 0,conID: 3 locID: 102807931898757654 bcsId: 0,conID: 1 locID: 102807931901837847 bcsId: 0,conID: 2 locID: 102807931906163224 bcsId: 0,conID: 3 locID: 102807931914813977 bcsId: 0,conID: 1 locID: 102807931918025242 bcsId: 0,conID: 2 locID: 102807931925430811 bcsId: 0,conID: 3 locID: 102807931929690652 bcsId: 0,conID: 1 locID: 102807931933098525 bcsId: 0,conID: 2 locID: 102807931936113182 bcsId: 0,conID: 3 locID: 102807931946271263 bcsId: 0,conID: 1 locID: 102807931950465568 bcsId: 0,conID: 2 locID: 102807931953545761 bcsId: 0,conID: 3 locID: 102807931956494882 bcsId: 0,conID: 1 locID: 102807931958985251 bcsId: 0,conID: 2 locID: 102807931962130980 bcsId: 0,conID: 3 locID: 102807931973337637 bcsId: 0,conID: 1 locID: 102807931976483366 bcsId: 0,conID: 2 locID: 102807932113781287 bcsId: 0,conID: 3 locID: 102807932127609384 bcsId: 0,conID: 1 locID: 102807932131934761 bcsId: 0
2019-09-17 12:49:11,136 [SCMBlockDeletingService#1] DEBUG block.SCMBlockDeletingService (SCMBlockDeletingService.java:call(138)) - Running DeletedBlockTransactionScanner
2019-09-17 12:49:11,137 [SCMBlockDeletingService#1] DEBUG block.SCMBlockDeletingService (SCMBlockDeletingService.java:call(155)) - Scanned deleted blocks log and got 0 delTX to process.
2019-09-17 12:49:11,237 [SCMBlockDeletingService#1] DEBUG block.SCMBlockDeletingService (SCMBlockDeletingService.java:call(138)) - Running DeletedBlockTransactionScanner
2019-09-17 12:49:11,238 [SCMBlockDeletingService#1] DEBUG block.SCMBlockDeletingService (SCMBlockDeletingService.java:call(155)) - Scanned deleted blocks log and got 0 delTX to process.
2019-09-17 12:49:11,338 [SCMBlockDeletingService#1] DEBUG block.SCMBlockDeletingService (SCMBlockDeletingService.java:call(138)) - Running DeletedBlockTransactionScanner
2019-09-17 12:49:11,339 [SCMBlockDeletingService#1] DEBUG block.SCMBlockDeletingService (SCMBlockDeletingService.java:call(155)) - Scanned deleted blocks log and got 0 delTX to process.
2019-09-17 12:49:11,439 [SCMBlockDeletingService#1] DEBUG block.SCMBlockDeletingService (SCMBlockDeletingService.java:call(138)) - Running DeletedBlockTransactionScanner
2019-09-17 12:49:11,440 [SCMBlockDeletingService#1] DEBUG block.SCMBlockDeletingService (SCMBlockDeletingService.java:call(155)) - Scanned deleted blocks log and got 0 delTX to process.
2019-09-17 12:49:11,540 [SCMBlockDeletingService#1] DEBUG block.SCMBlockDeletingService (SCMBlockDeletingService.java:call(138)) - Running DeletedBlockTransactionScanner
2019-09-17 12:49:11,541 [SCMBlockDeletingService#1] DEBUG block.SCMBlockDeletingService (SCMBlockDeletingService.java:call(155)) - Scanned deleted blocks log and got 0 delTX to process.
2019-09-17 12:49:11,641 [SCMBlockDeletingService#1] DEBUG block.SCMBlockDeletingService (SCMBlockDeletingService.java:call(138)) - Running DeletedBlockTransactionScanner
2019-09-17 12:49:11,642 [SCMBlockDeletingService#1] DEBUG block.SCMBlockDeletingService (SCMBlockDeletingService.java:call(155)) - Scanned deleted blocks log and got 0 delTX to process.
2019-09-17 12:49:11,742 [SCMBlockDeletingService#1] DEBUG block.SCMBlockDeletingService (SCMBlockDeletingService.java:call(138)) - Running DeletedBlockTransactionScanner
2019-09-17 12:49:11,743 [SCMBlockDeletingService#1] DEBUG block.SCMBlockDeletingService (SCMBlockDeletingService.java:call(155)) - Scanned deleted blocks log and got 0 delTX to process.
2019-09-17 12:49:11,843 [SCMBlockDeletingService#1] DEBUG block.SCMBlockDeletingService (SCMBlockDeletingService.java:call(138)) - Running DeletedBlockTransactionScanner
2019-09-17 12:49:11,844 [SCMBlockDeletingService#1] DEBUG block.SCMBlockDeletingService (SCMBlockDeletingService.java:call(155)) - Scanned deleted blocks log and got 0 delTX to process.
2019-09-17 12:49:11,944 [SCMBlockDeletingService#1] DEBUG block.SCMBlockDeletingService (SCMBlockDeletingService.java:call(138)) - Running DeletedBlockTransactionScanner
2019-09-17 12:49:11,945 [SCMBlockDeletingService#1] DEBUG block.SCMBlockDeletingService (SCMBlockDeletingService.java:call(155)) - Scanned deleted blocks log and got 0 delTX to process.
2019-09-17 12:49:12,045 [SCMBlockDeletingService#1] DEBUG block.SCMBlockDeletingService (SCMBlockDeletingService.java:call(138)) - Running DeletedBlockTransactionScanner
2019-09-17 12:49:12,046 [SCMBlockDeletingService#1] DEBUG block.SCMBlockDeletingService (SCMBlockDeletingService.java:call(155)) - Scanned deleted blocks log and got 0 delTX to process.
2019-09-17 12:49:12,146 [SCMBlockDeletingService#1] DEBUG block.SCMBlockDeletingService (SCMBlockDeletingService.java:call(138)) - Running DeletedBlockTransactionScanner
2019-09-17 12:49:12,147 [SCMBlockDeletingService#1] DEBUG block.SCMBlockDeletingService (SCMBlockDeletingService.java:call(155)) - Scanned deleted blocks log and got 0 delTX to process.
2019-09-17 12:49:12,247 [SCMBlockDeletingService#1] DEBUG block.SCMBlockDeletingService (SCMBlockDeletingService.java:call(138)) - Running DeletedBlockTransactionScanner
2019-09-17 12:49:12,248 [SCMBlockDeletingService#1] DEBUG block.SCMBlockDeletingService (SCMBlockDeletingService.java:call(155)) - Scanned deleted blocks log and got 0 delTX to process.
2019-09-17 12:49:12,348 [SCMBlockDeletingService#1] DEBUG block.SCMBlockDeletingService (SCMBlockDeletingService.java:call(138)) - Running DeletedBlockTransactionScanner
2019-09-17 12:49:12,349 [SCMBlockDeletingService#1] DEBUG block.SCMBlockDeletingService (SCMBlockDeletingService.java:call(155)) - Scanned deleted blocks log and got 0 delTX to process.
2019-09-17 12:49:12,450 [SCMBlockDeletingService#1] DEBUG block.SCMBlockDeletingService (SCMBlockDeletingService.java:call(138)) - Running DeletedBlockTransactionScanner
2019-09-17 12:49:12,451 [SCMBlockDeletingService#1] DEBUG block.SCMBlockDeletingService (SCMBlockDeletingService.java:call(155)) - Scanned deleted blocks log and got 0 delTX to process.
2019-09-17 12:49:12,551 [SCMBlockDeletingService#1] DEBUG block.SCMBlockDeletingService (SCMBlockDeletingService.java:call(138)) - Running DeletedBlockTransactionScanner
2019-09-17 12:49:12,551 [SCMBlockDeletingService#1] DEBUG block.SCMBlockDeletingService (SCMBlockDeletingService.java:call(155)) - Scanned deleted blocks log and got 0 delTX to process.
2019-09-17 12:49:12,652 [SCMBlockDeletingService#1] DEBUG block.SCMBlockDeletingService (SCMBlockDeletingService.java:call(138)) - Running DeletedBlockTransactionScanner
2019-09-17 12:49:12,653 [SCMBlockDeletingService#1] DEBUG block.SCMBlockDeletingService (SCMBlockDeletingService.java:call(155)) - Scanned deleted blocks log and got 0 delTX to process.
2019-09-17 12:49:12,753 [SCMBlockDeletingService#1] DEBUG block.SCMBlockDeletingService (SCMBlockDeletingService.java:call(138)) - Running DeletedBlockTransactionScanner
2019-09-17 12:49:12,754 [SCMBlockDeletingService#1] DEBUG block.SCMBlockDeletingService (SCMBlockDeletingService.java:call(155)) - Scanned deleted blocks log and got 0 delTX to process.
2019-09-17 12:49:12,855 [SCMBlockDeletingService#1] DEBUG block.SCMBlockDeletingService (SCMBlockDeletingService.java:call(138)) - Running DeletedBlockTransactionScanner
2019-09-17 12:49:12,855 [SCMBlockDeletingService#1] DEBUG block.SCMBlockDeletingService (SCMBlockDeletingService.java:call(155)) - Scanned deleted blocks log and got 0 delTX to process.
2019-09-17 12:49:12,956 [SCMBlockDeletingService#1] DEBUG block.SCMBlockDeletingService (SCMBlockDeletingService.java:call(138)) - Running DeletedBlockTransactionScanner
2019-09-17 12:49:12,956 [SCMBlockDeletingService#1] DEBUG block.SCMBlockDeletingService (SCMBlockDeletingService.java:call(155)) - Scanned deleted blocks log and got 0 delTX to process.
2019-09-17 12:49:13,057 [SCMBlockDeletingService#1] DEBUG block.SCMBlockDeletingService (SCMBlockDeletingService.java:call(138)) - Running DeletedBlockTransactionScanner
2019-09-17 12:49:13,058 [SCMBlockDeletingService#1] DEBUG block.SCMBlockDeletingService (SCMBlockDeletingService.java:call(155)) - Scanned deleted blocks log and got 0 delTX to process.
2019-09-17 12:49:13,158 [SCMBlockDeletingService#1] DEBUG block.SCMBlockDeletingService (SCMBlockDeletingService.java:call(138)) - Running DeletedBlockTransactionScanner
2019-09-17 12:49:13,159 [SCMBlockDeletingService#1] DEBUG block.SCMBlockDeletingService (SCMBlockDeletingService.java:call(155)) - Scanned deleted blocks log and got 0 delTX to process.
2019-09-17 12:49:13,259 [SCMBlockDeletingService#1] DEBUG block.SCMBlockDeletingService (SCMBlockDeletingService.java:call(138)) - Running DeletedBlockTransactionScanner
2019-09-17 12:49:13,260 [SCMBlockDeletingService#1] DEBUG block.SCMBlockDeletingService (SCMBlockDeletingService.java:call(155)) - Scanned deleted blocks log and got 0 delTX to process.
2019-09-17 12:49:13,360 [SCMBlockDeletingService#1] DEBUG block.SCMBlockDeletingService (SCMBlockDeletingService.java:call(138)) - Running DeletedBlockTransactionScanner
2019-09-17 12:49:13,361 [SCMBlockDeletingService#1] DEBUG block.SCMBlockDeletingService (SCMBlockDeletingService.java:call(155)) - Scanned deleted blocks log and got 0 delTX to process.
2019-09-17 12:49:13,461 [SCMBlockDeletingService#1] DEBUG block.SCMBlockDeletingService (SCMBlockDeletingService.java:call(138)) - Running DeletedBlockTransactionScanner
2019-09-17 12:49:13,462 [SCMBlockDeletingService#1] DEBUG block.SCMBlockDeletingService (SCMBlockDeletingService.java:call(155)) - Scanned deleted blocks log and got 0 delTX to process.
2019-09-17 12:49:13,562 [SCMBlockDeletingService#1] DEBUG block.SCMBlockDeletingService (SCMBlockDeletingService.java:call(138)) - Running DeletedBlockTransactionScanner
2019-09-17 12:49:13,563 [SCMBlockDeletingService#1] DEBUG block.SCMBlockDeletingService (SCMBlockDeletingService.java:call(155)) - Scanned deleted blocks log and got 0 delTX to process.
2019-09-17 12:49:13,663 [SCMBlockDeletingService#0] DEBUG block.SCMBlockDeletingService (SCMBlockDeletingService.java:call(138)) - Running DeletedBlockTransactionScanner
2019-09-17 12:49:13,667 [SCMBlockDeletingService#0] DEBUG block.SCMBlockDeletingService (SCMBlockDeletingService.java:call(155)) - Scanned deleted blocks log and got 0 delTX to process.
2019-09-17 12:49:13,767 [SCMBlockDeletingService#0] DEBUG block.SCMBlockDeletingService (SCMBlockDeletingService.java:call(138)) - Running DeletedBlockTransactionScanner
2019-09-17 12:49:13,768 [SCMBlockDeletingService#0] DEBUG block.SCMBlockDeletingService (SCMBlockDeletingService.java:call(155)) - Scanned deleted blocks log and got 0 delTX to process.
2019-09-17 12:49:13,868 [SCMBlockDeletingService#0] DEBUG block.SCMBlockDeletingService (SCMBlockDeletingService.java:call(138)) - Running DeletedBlockTransactionScanner
2019-09-17 12:49:13,869 [SCMBlockDeletingService#0] DEBUG block.SCMBlockDeletingService (SCMBlockDeletingService.java:call(155)) - Scanned deleted blocks log and got 0 delTX to process.
2019-09-17 12:49:13,970 [SCMBlockDeletingService#0] DEBUG block.SCMBlockDeletingService (SCMBlockDeletingService.java:call(138)) - Running DeletedBlockTransactionScanner
2019-09-17 12:49:13,971 [SCMBlockDeletingService#0] DEBUG block.SCMBlockDeletingService (SCMBlockDeletingService.java:call(155)) - Scanned deleted blocks log and got 0 delTX to process.
2019-09-17 12:49:14,071 [SCMBlockDeletingService#0] DEBUG block.SCMBlockDeletingService (SCMBlockDeletingService.java:call(138)) - Running DeletedBlockTransactionScanner
2019-09-17 12:49:14,072 [SCMBlockDeletingService#0] DEBUG block.SCMBlockDeletingService (SCMBlockDeletingService.java:call(155)) - Scanned deleted blocks log and got 0 delTX to process.
2019-09-17 12:49:14,172 [SCMBlockDeletingService#0] DEBUG block.SCMBlockDeletingService (SCMBlockDeletingService.java:call(138)) - Running DeletedBlockTransactionScanner
2019-09-17 12:49:14,173 [SCMBlockDeletingService#0] DEBUG block.SCMBlockDeletingService (SCMBlockDeletingService.java:call(155)) - Scanned deleted blocks log and got 0 delTX to process.
2019-09-17 12:49:14,273 [SCMBlockDeletingService#0] DEBUG block.SCMBlockDeletingService (SCMBlockDeletingService.java:call(138)) - Running DeletedBlockTransactionScanner
2019-09-17 12:49:14,274 [SCMBlockDeletingService#0] DEBUG block.SCMBlockDeletingService (SCMBlockDeletingService.java:call(155)) - Scanned deleted blocks log and got 0 delTX to process.
2019-09-17 12:49:14,374 [SCMBlockDeletingService#0] DEBUG block.SCMBlockDeletingService (SCMBlockDeletingService.java:call(138)) - Running DeletedBlockTransactionScanner
2019-09-17 12:49:14,375 [SCMBlockDeletingService#0] DEBUG block.SCMBlockDeletingService (SCMBlockDeletingService.java:call(155)) - Scanned deleted blocks log and got 0 delTX to process.
2019-09-17 12:49:14,475 [SCMBlockDeletingService#0] DEBUG block.SCMBlockDeletingService (SCMBlockDeletingService.java:call(138)) - Running DeletedBlockTransactionScanner
2019-09-17 12:49:14,476 [SCMBlockDeletingService#0] DEBUG block.SCMBlockDeletingService (SCMBlockDeletingService.java:call(155)) - Scanned deleted blocks log and got 0 delTX to process.
2019-09-17 12:49:14,576 [SCMBlockDeletingService#0] DEBUG block.SCMBlockDeletingService (SCMBlockDeletingService.java:call(138)) - Running DeletedBlockTransactionScanner
2019-09-17 12:49:14,577 [SCMBlockDeletingService#0] DEBUG block.SCMBlockDeletingService (SCMBlockDeletingService.java:call(155)) - Scanned deleted blocks log and got 0 delTX to process.
2019-09-17 12:49:14,678 [SCMBlockDeletingService#0] DEBUG block.SCMBlockDeletingService (SCMBlockDeletingService.java:call(138)) - Running DeletedBlockTransactionScanner
2019-09-17 12:49:14,678 [SCMBlockDeletingService#0] DEBUG block.SCMBlockDeletingService (SCMBlockDeletingService.java:call(155)) - Scanned deleted blocks log and got 0 delTX to process.
2019-09-17 12:49:14,779 [SCMBlockDeletingService#0] DEBUG block.SCMBlockDeletingService (SCMBlockDeletingService.java:call(138)) - Running DeletedBlockTransactionScanner
2019-09-17 12:49:14,779 [SCMBlockDeletingService#0] DEBUG block.SCMBlockDeletingService (SCMBlockDeletingService.java:call(155)) - Scanned deleted blocks log and got 0 delTX to process.
2019-09-17 12:49:14,879 [SCMBlockDeletingService#0] DEBUG block.SCMBlockDeletingService (SCMBlockDeletingService.java:call(138)) - Running DeletedBlockTransactionScanner
2019-09-17 12:49:14,880 [SCMBlockDeletingService#0] DEBUG block.SCMBlockDeletingService (SCMBlockDeletingService.java:call(155)) - Scanned deleted blocks log and got 0 delTX to process.
2019-09-17 12:49:14,980 [SCMBlockDeletingService#0] DEBUG block.SCMBlockDeletingService (SCMBlockDeletingService.java:call(138)) - Running DeletedBlockTransactionScanner
2019-09-17 12:49:14,981 [SCMBlockDeletingService#0] DEBUG block.SCMBlockDeletingService (SCMBlockDeletingService.java:call(155)) - Scanned deleted blocks log and got 0 delTX to process.
2019-09-17 12:49:15,081 [SCMBlockDeletingService#0] DEBUG block.SCMBlockDeletingService (SCMBlockDeletingService.java:call(138)) - Running DeletedBlockTransactionScanner
2019-09-17 12:49:15,082 [SCMBlockDeletingService#0] DEBUG block.SCMBlockDeletingService (SCMBlockDeletingService.java:call(155)) - Scanned deleted blocks log and got 0 delTX to process.
2019-09-17 12:49:15,182 [SCMBlockDeletingService#0] DEBUG block.SCMBlockDeletingService (SCMBlockDeletingService.java:call(138)) - Running DeletedBlockTransactionScanner
2019-09-17 12:49:15,183 [SCMBlockDeletingService#0] DEBUG block.SCMBlockDeletingService (SCMBlockDeletingService.java:call(155)) - Scanned deleted blocks log and got 0 delTX to process.
2019-09-17 12:49:15,283 [SCMBlockDeletingService#0] DEBUG block.SCMBlockDeletingService (SCMBlockDeletingService.java:call(138)) - Running DeletedBlockTransactionScanner
2019-09-17 12:49:15,283 [SCMBlockDeletingService#0] DEBUG block.SCMBlockDeletingService (SCMBlockDeletingService.java:call(155)) - Scanned deleted blocks log and got 0 delTX to process.
2019-09-17 12:49:15,384 [SCMBlockDeletingService#0] DEBUG block.SCMBlockDeletingService (SCMBlockDeletingService.java:call(138)) - Running DeletedBlockTransactionScanner
2019-09-17 12:49:15,386 [SCMBlockDeletingService#0] DEBUG block.SCMBlockDeletingService (SCMBlockDeletingService.java:call(155)) - Scanned deleted blocks log and got 0 delTX to process.
2019-09-17 12:49:15,486 [SCMBlockDeletingService#0] DEBUG block.SCMBlockDeletingService (SCMBlockDeletingService.java:call(138)) - Running DeletedBlockTransactionScanner
2019-09-17 12:49:15,487 [SCMBlockDeletingService#0] DEBUG block.SCMBlockDeletingService (SCMBlockDeletingService.java:call(155)) - Scanned deleted blocks log and got 0 delTX to process.
2019-09-17 12:49:15,587 [SCMBlockDeletingService#0] DEBUG block.SCMBlockDeletingService (SCMBlockDeletingService.java:call(138)) - Running DeletedBlockTransactionScanner
2019-09-17 12:49:15,588 [SCMBlockDeletingService#0] DEBUG block.SCMBlockDeletingService (SCMBlockDeletingService.java:call(155)) - Scanned deleted blocks log and got 0 delTX to process.
2019-09-17 12:49:15,688 [SCMBlockDeletingService#1] DEBUG block.SCMBlockDeletingService (SCMBlockDeletingService.java:call(138)) - Running DeletedBlockTransactionScanner
2019-09-17 12:49:15,689 [SCMBlockDeletingService#1] DEBUG block.SCMBlockDeletingService (SCMBlockDeletingService.java:call(155)) - Scanned deleted blocks log and got 0 delTX to process.
2019-09-17 12:49:15,789 [SCMBlockDeletingService#1] DEBUG block.SCMBlockDeletingService (SCMBlockDeletingService.java:call(138)) - Running DeletedBlockTransactionScanner
2019-09-17 12:49:15,790 [SCMBlockDeletingService#1] DEBUG block.SCMBlockDeletingService (SCMBlockDeletingService.java:call(155)) - Scanned deleted blocks log and got 0 delTX to process.
2019-09-17 12:49:15,891 [SCMBlockDeletingService#1] DEBUG block.SCMBlockDeletingService (SCMBlockDeletingService.java:call(138)) - Running DeletedBlockTransactionScanner
2019-09-17 12:49:15,892 [SCMBlockDeletingService#1] DEBUG block.SCMBlockDeletingService (SCMBlockDeletingService.java:call(155)) - Scanned deleted blocks log and got 0 delTX to process.
2019-09-17 12:49:15,992 [SCMBlockDeletingService#1] DEBUG block.SCMBlockDeletingService (SCMBlockDeletingService.java:call(138)) - Running DeletedBlockTransactionScanner
2019-09-17 12:49:15,998 [SCMBlockDeletingService#1] DEBUG block.SCMBlockDeletingService (SCMBlockDeletingService.java:call(155)) - Scanned deleted blocks log and got 3 delTX to process.
2019-09-17 12:49:16,007 [SCMBlockDeletingService#1] DEBUG block.SCMBlockDeletingService (SCMBlockDeletingService.java:call(171)) - Added delete block command for datanode cb20f782-9136-4144-a2ef-e44461d35697 in the queue, number of delete block transactions: 3, TxID list: 1,2,3
2019-09-17 12:49:16,008 [SCMBlockDeletingService#1] INFO  block.SCMBlockDeletingService (SCMBlockDeletingService.java:call(182)) - Totally added 3 delete blocks command for 1 datanodes, task elapsed time: 16ms
2019-09-17 12:49:16,033 [Datanode State Machine Thread - 0] INFO  statemachine.DatanodeStateMachine (DatanodeStateMachine.java:lambda$startDaemon$0(350)) - Ozone container server started.
2019-09-17 12:49:16,109 [SCMBlockDeletingService#1] DEBUG block.SCMBlockDeletingService (SCMBlockDeletingService.java:call(138)) - Running DeletedBlockTransactionScanner
2019-09-17 12:49:16,109 [SCMBlockDeletingService#1] DEBUG block.SCMBlockDeletingService (SCMBlockDeletingService.java:call(155)) - Scanned deleted blocks log and got 3 delTX to process.
2019-09-17 12:49:16,110 [SCMBlockDeletingService#1] DEBUG block.SCMBlockDeletingService (SCMBlockDeletingService.java:call(171)) - Added delete block command for datanode cb20f782-9136-4144-a2ef-e44461d35697 in the queue, number of delete block transactions: 3, TxID list: 1,2,3
2019-09-17 12:49:16,110 [SCMBlockDeletingService#1] INFO  block.SCMBlockDeletingService (SCMBlockDeletingService.java:call(182)) - Totally added 3 delete blocks command for 1 datanodes, task elapsed time: 1ms
2019-09-17 12:49:16,210 [SCMBlockDeletingService#1] DEBUG block.SCMBlockDeletingService (SCMBlockDeletingService.java:call(138)) - Running DeletedBlockTransactionScanner
2019-09-17 12:49:16,211 [SCMBlockDeletingService#1] DEBUG block.SCMBlockDeletingService (SCMBlockDeletingService.java:call(155)) - Scanned deleted blocks log and got 3 delTX to process.
2019-09-17 12:49:16,211 [SCMBlockDeletingService#1] DEBUG block.SCMBlockDeletingService (SCMBlockDeletingService.java:call(171)) - Added delete block command for datanode cb20f782-9136-4144-a2ef-e44461d35697 in the queue, number of delete block transactions: 3, TxID list: 1,2,3
2019-09-17 12:49:16,211 [SCMBlockDeletingService#1] INFO  block.SCMBlockDeletingService (SCMBlockDeletingService.java:call(182)) - Totally added 3 delete blocks command for 1 datanodes, task elapsed time: 1ms
2019-09-17 12:49:16,312 [SCMBlockDeletingService#1] DEBUG block.SCMBlockDeletingService (SCMBlockDeletingService.java:call(138)) - Running DeletedBlockTransactionScanner
2019-09-17 12:49:16,312 [SCMBlockDeletingService#1] DEBUG block.SCMBlockDeletingService (SCMBlockDeletingService.java:call(155)) - Scanned deleted blocks log and got 3 delTX to process.
2019-09-17 12:49:16,313 [SCMBlockDeletingService#1] DEBUG block.SCMBlockDeletingService (SCMBlockDeletingService.java:call(171)) - Added delete block command for datanode cb20f782-9136-4144-a2ef-e44461d35697 in the queue, number of delete block transactions: 3, TxID list: 1,2,3
2019-09-17 12:49:16,313 [SCMBlockDeletingService#1] INFO  block.SCMBlockDeletingService (SCMBlockDeletingService.java:call(182)) - Totally added 3 delete blocks command for 1 datanodes, task elapsed time: 2ms
2019-09-17 12:49:16,414 [SCMBlockDeletingService#1] DEBUG block.SCMBlockDeletingService (SCMBlockDeletingService.java:call(138)) - Running DeletedBlockTransactionScanner
2019-09-17 12:49:16,414 [SCMBlockDeletingService#1] DEBUG block.SCMBlockDeletingService (SCMBlockDeletingService.java:call(155)) - Scanned deleted blocks log and got 3 delTX to process.
2019-09-17 12:49:16,415 [SCMBlockDeletingService#1] DEBUG block.SCMBlockDeletingService (SCMBlockDeletingService.java:call(171)) - Added delete block command for datanode cb20f782-9136-4144-a2ef-e44461d35697 in the queue, number of delete block transactions: 3, TxID list: 1,2,3
2019-09-17 12:49:16,415 [SCMBlockDeletingService#1] INFO  block.SCMBlockDeletingService (SCMBlockDeletingService.java:call(182)) - Totally added 3 delete blocks command for 1 datanodes, task elapsed time: 1ms
2019-09-17 12:49:16,515 [SCMBlockDeletingService#1] DEBUG block.SCMBlockDeletingService (SCMBlockDeletingService.java:call(138)) - Running DeletedBlockTransactionScanner
2019-09-17 12:49:16,516 [SCMBlockDeletingService#1] DEBUG block.SCMBlockDeletingService (SCMBlockDeletingService.java:call(155)) - Scanned deleted blocks log and got 3 delTX to process.
2019-09-17 12:49:16,516 [SCMBlockDeletingService#1] DEBUG block.SCMBlockDeletingService (SCMBlockDeletingService.java:call(171)) - Added delete block command for datanode cb20f782-9136-4144-a2ef-e44461d35697 in the queue, number of delete block transactions: 3, TxID list: 1,2,3
2019-09-17 12:49:16,517 [SCMBlockDeletingService#1] INFO  block.SCMBlockDeletingService (SCMBlockDeletingService.java:call(182)) - Totally added 3 delete blocks command for 1 datanodes, task elapsed time: 1ms
2019-09-17 12:49:16,617 [SCMBlockDeletingService#0] DEBUG block.SCMBlockDeletingService (SCMBlockDeletingService.java:call(138)) - Running DeletedBlockTransactionScanner
2019-09-17 12:49:16,618 [SCMBlockDeletingService#0] DEBUG block.SCMBlockDeletingService (SCMBlockDeletingService.java:call(155)) - Scanned deleted blocks log and got 3 delTX to process.
2019-09-17 12:49:16,618 [SCMBlockDeletingService#0] DEBUG block.SCMBlockDeletingService (SCMBlockDeletingService.java:call(171)) - Added delete block command for datanode cb20f782-9136-4144-a2ef-e44461d35697 in the queue, number of delete block transactions: 3, TxID list: 1,2,3
2019-09-17 12:49:16,619 [SCMBlockDeletingService#0] INFO  block.SCMBlockDeletingService (SCMBlockDeletingService.java:call(182)) - Totally added 3 delete blocks command for 1 datanodes, task elapsed time: 1ms
2019-09-17 12:49:16,719 [SCMBlockDeletingService#0] DEBUG block.SCMBlockDeletingService (SCMBlockDeletingService.java:call(138)) - Running DeletedBlockTransactionScanner
2019-09-17 12:49:16,719 [SCMBlockDeletingService#0] DEBUG block.SCMBlockDeletingService (SCMBlockDeletingService.java:call(155)) - Scanned deleted blocks log and got 3 delTX to process.
2019-09-17 12:49:16,720 [SCMBlockDeletingService#0] DEBUG block.SCMBlockDeletingService (SCMBlockDeletingService.java:call(171)) - Added delete block command for datanode cb20f782-9136-4144-a2ef-e44461d35697 in the queue, number of delete block transactions: 3, TxID list: 1,2,3
2019-09-17 12:49:16,720 [SCMBlockDeletingService#0] INFO  block.SCMBlockDeletingService (SCMBlockDeletingService.java:call(182)) - Totally added 3 delete blocks command for 1 datanodes, task elapsed time: 1ms
2019-09-17 12:49:16,820 [SCMBlockDeletingService#0] DEBUG block.SCMBlockDeletingService (SCMBlockDeletingService.java:call(138)) - Running DeletedBlockTransactionScanner
2019-09-17 12:49:16,821 [SCMBlockDeletingService#0] DEBUG block.SCMBlockDeletingService (SCMBlockDeletingService.java:call(155)) - Scanned deleted blocks log and got 3 delTX to process.
2019-09-17 12:49:16,821 [SCMBlockDeletingService#0] DEBUG block.SCMBlockDeletingService (SCMBlockDeletingService.java:call(171)) - Added delete block command for datanode cb20f782-9136-4144-a2ef-e44461d35697 in the queue, number of delete block transactions: 3, TxID list: 1,2,3
2019-09-17 12:49:16,822 [SCMBlockDeletingService#0] INFO  block.SCMBlockDeletingService (SCMBlockDeletingService.java:call(182)) - Totally added 3 delete blocks command for 1 datanodes, task elapsed time: 1ms
2019-09-17 12:49:16,922 [SCMBlockDeletingService#1] DEBUG block.SCMBlockDeletingService (SCMBlockDeletingService.java:call(138)) - Running DeletedBlockTransactionScanner
2019-09-17 12:49:16,923 [SCMBlockDeletingService#1] DEBUG block.SCMBlockDeletingService (SCMBlockDeletingService.java:call(155)) - Scanned deleted blocks log and got 3 delTX to process.
2019-09-17 12:49:16,923 [SCMBlockDeletingService#1] DEBUG block.SCMBlockDeletingService (SCMBlockDeletingService.java:call(171)) - Added delete block command for datanode cb20f782-9136-4144-a2ef-e44461d35697 in the queue, number of delete block transactions: 3, TxID list: 1,2,3
2019-09-17 12:49:16,923 [SCMBlockDeletingService#1] INFO  block.SCMBlockDeletingService (SCMBlockDeletingService.java:call(182)) - Totally added 3 delete blocks command for 1 datanodes, task elapsed time: 2ms
2019-09-17 12:49:17,009 [pool-7-thread-1] INFO  commands.RetriableDatanodeEventWatcher (RetriableDatanodeEventWatcher.java:onTimeout(47)) - RetriableDatanodeCommand type=deleteBlocksCommand with id=1568724556005 timed out. Retrying.
2019-09-17 12:49:17,024 [SCMBlockDeletingService#1] DEBUG block.SCMBlockDeletingService (SCMBlockDeletingService.java:call(138)) - Running DeletedBlockTransactionScanner
2019-09-17 12:49:17,024 [SCMBlockDeletingService#1] DEBUG block.SCMBlockDeletingService (SCMBlockDeletingService.java:call(155)) - Scanned deleted blocks log and got 3 delTX to process.
2019-09-17 12:49:17,025 [SCMBlockDeletingService#1] DEBUG block.SCMBlockDeletingService (SCMBlockDeletingService.java:call(171)) - Added delete block command for datanode cb20f782-9136-4144-a2ef-e44461d35697 in the queue, number of delete block transactions: 3, TxID list: 1,2,3
2019-09-17 12:49:17,025 [SCMBlockDeletingService#1] INFO  block.SCMBlockDeletingService (SCMBlockDeletingService.java:call(182)) - Totally added 3 delete blocks command for 1 datanodes, task elapsed time: 1ms
2019-09-17 12:49:17,110 [pool-7-thread-1] INFO  commands.RetriableDatanodeEventWatcher (RetriableDatanodeEventWatcher.java:onTimeout(47)) - RetriableDatanodeCommand type=deleteBlocksCommand with id=1568724556006 timed out. Retrying.
2019-09-17 12:49:17,125 [SCMBlockDeletingService#1] DEBUG block.SCMBlockDeletingService (SCMBlockDeletingService.java:call(138)) - Running DeletedBlockTransactionScanner
2019-09-17 12:49:17,126 [SCMBlockDeletingService#1] DEBUG block.SCMBlockDeletingService (SCMBlockDeletingService.java:call(155)) - Scanned deleted blocks log and got 3 delTX to process.
2019-09-17 12:49:17,126 [SCMBlockDeletingService#1] DEBUG block.SCMBlockDeletingService (SCMBlockDeletingService.java:call(171)) - Added delete block command for datanode cb20f782-9136-4144-a2ef-e44461d35697 in the queue, number of delete block transactions: 3, TxID list: 1,2,3
2019-09-17 12:49:17,127 [SCMBlockDeletingService#1] INFO  block.SCMBlockDeletingService (SCMBlockDeletingService.java:call(182)) - Totally added 3 delete blocks command for 1 datanodes, task elapsed time: 1ms
2019-09-17 12:49:17,211 [pool-7-thread-1] INFO  commands.RetriableDatanodeEventWatcher (RetriableDatanodeEventWatcher.java:onTimeout(47)) - RetriableDatanodeCommand type=deleteBlocksCommand with id=1568724556007 timed out. Retrying.
2019-09-17 12:49:17,227 [SCMBlockDeletingService#1] DEBUG block.SCMBlockDeletingService (SCMBlockDeletingService.java:call(138)) - Running DeletedBlockTransactionScanner
2019-09-17 12:49:17,228 [SCMBlockDeletingService#1] DEBUG block.SCMBlockDeletingService (SCMBlockDeletingService.java:call(155)) - Scanned deleted blocks log and got 3 delTX to process.
2019-09-17 12:49:17,228 [SCMBlockDeletingService#1] DEBUG block.SCMBlockDeletingService (SCMBlockDeletingService.java:call(171)) - Added delete block command for datanode cb20f782-9136-4144-a2ef-e44461d35697 in the queue, number of delete block transactions: 3, TxID list: 1,2,3
2019-09-17 12:49:17,229 [SCMBlockDeletingService#1] INFO  block.SCMBlockDeletingService (SCMBlockDeletingService.java:call(182)) - Totally added 3 delete blocks command for 1 datanodes, task elapsed time: 2ms
2019-09-17 12:49:17,313 [pool-7-thread-1] INFO  commands.RetriableDatanodeEventWatcher (RetriableDatanodeEventWatcher.java:onTimeout(47)) - RetriableDatanodeCommand type=deleteBlocksCommand with id=1568724556008 timed out. Retrying.
2019-09-17 12:49:17,330 [SCMBlockDeletingService#1] DEBUG block.SCMBlockDeletingService (SCMBlockDeletingService.java:call(138)) - Running DeletedBlockTransactionScanner
2019-09-17 12:49:17,330 [SCMBlockDeletingService#1] DEBUG block.SCMBlockDeletingService (SCMBlockDeletingService.java:call(155)) - Scanned deleted blocks log and got 3 delTX to process.
2019-09-17 12:49:17,330 [SCMBlockDeletingService#1] DEBUG block.SCMBlockDeletingService (SCMBlockDeletingService.java:call(171)) - Added delete block command for datanode cb20f782-9136-4144-a2ef-e44461d35697 in the queue, number of delete block transactions: 3, TxID list: 1,2,3
2019-09-17 12:49:17,331 [SCMBlockDeletingService#1] INFO  block.SCMBlockDeletingService (SCMBlockDeletingService.java:call(182)) - Totally added 3 delete blocks command for 1 datanodes, task elapsed time: 1ms
2019-09-17 12:49:17,415 [pool-7-thread-1] INFO  commands.RetriableDatanodeEventWatcher (RetriableDatanodeEventWatcher.java:onTimeout(47)) - RetriableDatanodeCommand type=deleteBlocksCommand with id=1568724556009 timed out. Retrying.
2019-09-17 12:49:17,432 [SCMBlockDeletingService#1] DEBUG block.SCMBlockDeletingService (SCMBlockDeletingService.java:call(138)) - Running DeletedBlockTransactionScanner
2019-09-17 12:49:17,432 [SCMBlockDeletingService#1] DEBUG block.SCMBlockDeletingService (SCMBlockDeletingService.java:call(155)) - Scanned deleted blocks log and got 3 delTX to process.
2019-09-17 12:49:17,432 [SCMBlockDeletingService#1] DEBUG block.SCMBlockDeletingService (SCMBlockDeletingService.java:call(171)) - Added delete block command for datanode cb20f782-9136-4144-a2ef-e44461d35697 in the queue, number of delete block transactions: 3, TxID list: 1,2,3
2019-09-17 12:49:17,433 [SCMBlockDeletingService#1] INFO  block.SCMBlockDeletingService (SCMBlockDeletingService.java:call(182)) - Totally added 3 delete blocks command for 1 datanodes, task elapsed time: 2ms
2019-09-17 12:49:17,517 [pool-7-thread-1] INFO  commands.RetriableDatanodeEventWatcher (RetriableDatanodeEventWatcher.java:onTimeout(47)) - RetriableDatanodeCommand type=deleteBlocksCommand with id=1568724556010 timed out. Retrying.
2019-09-17 12:49:17,534 [SCMBlockDeletingService#1] DEBUG block.SCMBlockDeletingService (SCMBlockDeletingService.java:call(138)) - Running DeletedBlockTransactionScanner
2019-09-17 12:49:17,534 [SCMBlockDeletingService#1] DEBUG block.SCMBlockDeletingService (SCMBlockDeletingService.java:call(155)) - Scanned deleted blocks log and got 3 delTX to process.
2019-09-17 12:49:17,534 [SCMBlockDeletingService#1] DEBUG block.SCMBlockDeletingService (SCMBlockDeletingService.java:call(171)) - Added delete block command for datanode cb20f782-9136-4144-a2ef-e44461d35697 in the queue, number of delete block transactions: 3, TxID list: 1,2,3
2019-09-17 12:49:17,535 [SCMBlockDeletingService#1] INFO  block.SCMBlockDeletingService (SCMBlockDeletingService.java:call(182)) - Totally added 3 delete blocks command for 1 datanodes, task elapsed time: 1ms
2019-09-17 12:49:17,619 [pool-7-thread-1] INFO  commands.RetriableDatanodeEventWatcher (RetriableDatanodeEventWatcher.java:onTimeout(47)) - RetriableDatanodeCommand type=deleteBlocksCommand with id=1568724556011 timed out. Retrying.
2019-09-17 12:49:17,635 [SCMBlockDeletingService#1] DEBUG block.SCMBlockDeletingService (SCMBlockDeletingService.java:call(138)) - Running DeletedBlockTransactionScanner
2019-09-17 12:49:17,637 [SCMBlockDeletingService#1] DEBUG block.SCMBlockDeletingService (SCMBlockDeletingService.java:call(155)) - Scanned deleted blocks log and got 3 delTX to process.
2019-09-17 12:49:17,637 [SCMBlockDeletingService#1] DEBUG block.SCMBlockDeletingService (SCMBlockDeletingService.java:call(171)) - Added delete block command for datanode cb20f782-9136-4144-a2ef-e44461d35697 in the queue, number of delete block transactions: 3, TxID list: 1,2,3
2019-09-17 12:49:17,638 [SCMBlockDeletingService#1] INFO  block.SCMBlockDeletingService (SCMBlockDeletingService.java:call(182)) - Totally added 3 delete blocks command for 1 datanodes, task elapsed time: 2ms
2019-09-17 12:49:17,720 [pool-7-thread-1] INFO  commands.RetriableDatanodeEventWatcher (RetriableDatanodeEventWatcher.java:onTimeout(47)) - RetriableDatanodeCommand type=deleteBlocksCommand with id=1568724556012 timed out. Retrying.
2019-09-17 12:49:17,738 [SCMBlockDeletingService#1] DEBUG block.SCMBlockDeletingService (SCMBlockDeletingService.java:call(138)) - Running DeletedBlockTransactionScanner
2019-09-17 12:49:17,739 [SCMBlockDeletingService#1] DEBUG block.SCMBlockDeletingService (SCMBlockDeletingService.java:call(155)) - Scanned deleted blocks log and got 3 delTX to process.
2019-09-17 12:49:17,739 [SCMBlockDeletingService#1] DEBUG block.SCMBlockDeletingService (SCMBlockDeletingService.java:call(171)) - Added delete block command for datanode cb20f782-9136-4144-a2ef-e44461d35697 in the queue, number of delete block transactions: 3, TxID list: 1,2,3
2019-09-17 12:49:17,739 [SCMBlockDeletingService#1] INFO  block.SCMBlockDeletingService (SCMBlockDeletingService.java:call(182)) - Totally added 3 delete blocks command for 1 datanodes, task elapsed time: 1ms
2019-09-17 12:49:17,822 [pool-7-thread-1] INFO  commands.RetriableDatanodeEventWatcher (RetriableDatanodeEventWatcher.java:onTimeout(47)) - RetriableDatanodeCommand type=deleteBlocksCommand with id=1568724556013 timed out. Retrying.
2019-09-17 12:49:17,840 [SCMBlockDeletingService#1] DEBUG block.SCMBlockDeletingService (SCMBlockDeletingService.java:call(138)) - Running DeletedBlockTransactionScanner
2019-09-17 12:49:17,840 [SCMBlockDeletingService#1] DEBUG block.SCMBlockDeletingService (SCMBlockDeletingService.java:call(155)) - Scanned deleted blocks log and got 3 delTX to process.
2019-09-17 12:49:17,841 [SCMBlockDeletingService#1] DEBUG block.SCMBlockDeletingService (SCMBlockDeletingService.java:call(171)) - Added delete block command for datanode cb20f782-9136-4144-a2ef-e44461d35697 in the queue, number of delete block transactions: 3, TxID list: 1,2,3
2019-09-17 12:49:17,841 [SCMBlockDeletingService#1] INFO  block.SCMBlockDeletingService (SCMBlockDeletingService.java:call(182)) - Totally added 3 delete blocks command for 1 datanodes, task elapsed time: 2ms
2019-09-17 12:49:17,923 [pool-7-thread-1] INFO  commands.RetriableDatanodeEventWatcher (RetriableDatanodeEventWatcher.java:onTimeout(47)) - RetriableDatanodeCommand type=deleteBlocksCommand with id=1568724556014 timed out. Retrying.
2019-09-17 12:49:17,942 [SCMBlockDeletingService#1] DEBUG block.SCMBlockDeletingService (SCMBlockDeletingService.java:call(138)) - Running DeletedBlockTransactionScanner
2019-09-17 12:49:17,942 [SCMBlockDeletingService#1] DEBUG block.SCMBlockDeletingService (SCMBlockDeletingService.java:call(155)) - Scanned deleted blocks log and got 3 delTX to process.
2019-09-17 12:49:17,943 [SCMBlockDeletingService#1] DEBUG block.SCMBlockDeletingService (SCMBlockDeletingService.java:call(171)) - Added delete block command for datanode cb20f782-9136-4144-a2ef-e44461d35697 in the queue, number of delete block transactions: 3, TxID list: 1,2,3
2019-09-17 12:49:17,943 [SCMBlockDeletingService#1] INFO  block.SCMBlockDeletingService (SCMBlockDeletingService.java:call(182)) - Totally added 3 delete blocks command for 1 datanodes, task elapsed time: 1ms
2019-09-17 12:49:18,009 [pool-7-thread-1] INFO  commands.RetriableDatanodeEventWatcher (RetriableDatanodeEventWatcher.java:onTimeout(47)) - RetriableDatanodeCommand type=deleteBlocksCommand with id=1568724556005 timed out. Retrying.
2019-09-17 12:49:18,025 [pool-7-thread-1] INFO  commands.RetriableDatanodeEventWatcher (RetriableDatanodeEventWatcher.java:onTimeout(47)) - RetriableDatanodeCommand type=deleteBlocksCommand with id=1568724556015 timed out. Retrying.
2019-09-17 12:49:18,043 [SCMBlockDeletingService#1] DEBUG block.SCMBlockDeletingService (SCMBlockDeletingService.java:call(138)) - Running DeletedBlockTransactionScanner
2019-09-17 12:49:18,044 [SCMBlockDeletingService#1] DEBUG block.SCMBlockDeletingService (SCMBlockDeletingService.java:call(155)) - Scanned deleted blocks log and got 3 delTX to process.
2019-09-17 12:49:18,044 [SCMBlockDeletingService#1] DEBUG block.SCMBlockDeletingService (SCMBlockDeletingService.java:call(171)) - Added delete block command for datanode cb20f782-9136-4144-a2ef-e44461d35697 in the queue, number of delete block transactions: 3, TxID list: 1,2,3
2019-09-17 12:49:18,045 [SCMBlockDeletingService#1] INFO  block.SCMBlockDeletingService (SCMBlockDeletingService.java:call(182)) - Totally added 3 delete blocks command for 1 datanodes, task elapsed time: 1ms
2019-09-17 12:49:18,111 [pool-7-thread-1] INFO  commands.RetriableDatanodeEventWatcher (RetriableDatanodeEventWatcher.java:onTimeout(47)) - RetriableDatanodeCommand type=deleteBlocksCommand with id=1568724556006 timed out. Retrying.
2019-09-17 12:49:18,127 [pool-7-thread-1] INFO  commands.RetriableDatanodeEventWatcher (RetriableDatanodeEventWatcher.java:onTimeout(47)) - RetriableDatanodeCommand type=deleteBlocksCommand with id=1568724556016 timed out. Retrying.
2019-09-17 12:49:18,145 [SCMBlockDeletingService#1] DEBUG block.SCMBlockDeletingService (SCMBlockDeletingService.java:call(138)) - Running DeletedBlockTransactionScanner
2019-09-17 12:49:18,146 [SCMBlockDeletingService#1] DEBUG block.SCMBlockDeletingService (SCMBlockDeletingService.java:call(155)) - Scanned deleted blocks log and got 3 delTX to process.
2019-09-17 12:49:18,146 [SCMBlockDeletingService#1] DEBUG block.SCMBlockDeletingService (SCMBlockDeletingService.java:call(171)) - Added delete block command for datanode cb20f782-9136-4144-a2ef-e44461d35697 in the queue, number of delete block transactions: 3, TxID list: 1,2,3
2019-09-17 12:49:18,147 [SCMBlockDeletingService#1] INFO  block.SCMBlockDeletingService (SCMBlockDeletingService.java:call(182)) - Totally added 3 delete blocks command for 1 datanodes, task elapsed time: 2ms
2019-09-17 12:49:18,211 [pool-7-thread-1] INFO  commands.RetriableDatanodeEventWatcher (RetriableDatanodeEventWatcher.java:onTimeout(47)) - RetriableDatanodeCommand type=deleteBlocksCommand with id=1568724556007 timed out. Retrying.
2019-09-17 12:49:18,229 [pool-7-thread-1] INFO  commands.RetriableDatanodeEventWatcher (RetriableDatanodeEventWatcher.java:onTimeout(47)) - RetriableDatanodeCommand type=deleteBlocksCommand with id=1568724556017 timed out. Retrying.
2019-09-17 12:49:18,247 [SCMBlockDeletingService#1] DEBUG block.SCMBlockDeletingService (SCMBlockDeletingService.java:call(138)) - Running DeletedBlockTransactionScanner
2019-09-17 12:49:18,248 [SCMBlockDeletingService#1] DEBUG block.SCMBlockDeletingService (SCMBlockDeletingService.java:call(155)) - Scanned deleted blocks log and got 3 delTX to process.
2019-09-17 12:49:18,248 [SCMBlockDeletingService#1] DEBUG block.SCMBlockDeletingService (SCMBlockDeletingService.java:call(171)) - Added delete block command for datanode cb20f782-9136-4144-a2ef-e44461d35697 in the queue, number of delete block transactions: 3, TxID list: 1,2,3
2019-09-17 12:49:18,248 [SCMBlockDeletingService#1] INFO  block.SCMBlockDeletingService (SCMBlockDeletingService.java:call(182)) - Totally added 3 delete blocks command for 1 datanodes, task elapsed time: 2ms
2019-09-17 12:49:18,314 [pool-7-thread-1] INFO  commands.RetriableDatanodeEventWatcher (RetriableDatanodeEventWatcher.java:onTimeout(47)) - RetriableDatanodeCommand type=deleteBlocksCommand with id=1568724556008 timed out. Retrying.
2019-09-17 12:49:18,331 [pool-7-thread-1] INFO  commands.RetriableDatanodeEventWatcher (RetriableDatanodeEventWatcher.java:onTimeout(47)) - RetriableDatanodeCommand type=deleteBlocksCommand with id=1568724556018 timed out. Retrying.
2019-09-17 12:49:18,349 [SCMBlockDeletingService#1] DEBUG block.SCMBlockDeletingService (SCMBlockDeletingService.java:call(138)) - Running DeletedBlockTransactionScanner
2019-09-17 12:49:18,350 [SCMBlockDeletingService#1] DEBUG block.SCMBlockDeletingService (SCMBlockDeletingService.java:call(155)) - Scanned deleted blocks log and got 3 delTX to process.
2019-09-17 12:49:18,350 [SCMBlockDeletingService#1] DEBUG block.SCMBlockDeletingService (SCMBlockDeletingService.java:call(171)) - Added delete block command for datanode cb20f782-9136-4144-a2ef-e44461d35697 in the queue, number of delete block transactions: 3, TxID list: 1,2,3
2019-09-17 12:49:18,350 [SCMBlockDeletingService#1] INFO  block.SCMBlockDeletingService (SCMBlockDeletingService.java:call(182)) - Totally added 3 delete blocks command for 1 datanodes, task elapsed time: 2ms
2019-09-17 12:49:18,416 [pool-7-thread-1] INFO  commands.RetriableDatanodeEventWatcher (RetriableDatanodeEventWatcher.java:onTimeout(47)) - RetriableDatanodeCommand type=deleteBlocksCommand with id=1568724556009 timed out. Retrying.
2019-09-17 12:49:18,433 [pool-7-thread-1] INFO  commands.RetriableDatanodeEventWatcher (RetriableDatanodeEventWatcher.java:onTimeout(47)) - RetriableDatanodeCommand type=deleteBlocksCommand with id=1568724556019 timed out. Retrying.
2019-09-17 12:49:18,451 [SCMBlockDeletingService#1] DEBUG block.SCMBlockDeletingService (SCMBlockDeletingService.java:call(138)) - Running DeletedBlockTransactionScanner
2019-09-17 12:49:18,451 [SCMBlockDeletingService#1] DEBUG block.SCMBlockDeletingService (SCMBlockDeletingService.java:call(155)) - Scanned deleted blocks log and got 3 delTX to process.
2019-09-17 12:49:18,452 [SCMBlockDeletingService#1] DEBUG block.SCMBlockDeletingService (SCMBlockDeletingService.java:call(171)) - Added delete block command for datanode cb20f782-9136-4144-a2ef-e44461d35697 in the queue, number of delete block transactions: 3, TxID list: 1,2,3
2019-09-17 12:49:18,452 [SCMBlockDeletingService#1] INFO  block.SCMBlockDeletingService (SCMBlockDeletingService.java:call(182)) - Totally added 3 delete blocks command for 1 datanodes, task elapsed time: 1ms
2019-09-17 12:49:18,518 [pool-7-thread-1] INFO  commands.RetriableDatanodeEventWatcher (RetriableDatanodeEventWatcher.java:onTimeout(47)) - RetriableDatanodeCommand type=deleteBlocksCommand with id=1568724556010 timed out. Retrying.
2019-09-17 12:49:18,535 [pool-7-thread-1] INFO  commands.RetriableDatanodeEventWatcher (RetriableDatanodeEventWatcher.java:onTimeout(47)) - RetriableDatanodeCommand type=deleteBlocksCommand with id=1568724556020 timed out. Retrying.
2019-09-17 12:49:18,552 [SCMBlockDeletingService#1] DEBUG block.SCMBlockDeletingService (SCMBlockDeletingService.java:call(138)) - Running DeletedBlockTransactionScanner
2019-09-17 12:49:18,553 [SCMBlockDeletingService#1] DEBUG block.SCMBlockDeletingService (SCMBlockDeletingService.java:call(155)) - Scanned deleted blocks log and got 3 delTX to process.
2019-09-17 12:49:18,553 [SCMBlockDeletingService#1] DEBUG block.SCMBlockDeletingService (SCMBlockDeletingService.java:call(171)) - Added delete block command for datanode cb20f782-9136-4144-a2ef-e44461d35697 in the queue, number of delete block transactions: 3, TxID list: 1,2,3
2019-09-17 12:49:18,554 [SCMBlockDeletingService#1] INFO  block.SCMBlockDeletingService (SCMBlockDeletingService.java:call(182)) - Totally added 3 delete blocks command for 1 datanodes, task elapsed time: 1ms
2019-09-17 12:49:18,621 [pool-7-thread-1] INFO  commands.RetriableDatanodeEventWatcher (RetriableDatanodeEventWatcher.java:onTimeout(47)) - RetriableDatanodeCommand type=deleteBlocksCommand with id=1568724556011 timed out. Retrying.
2019-09-17 12:49:18,637 [pool-7-thread-1] INFO  commands.RetriableDatanodeEventWatcher (RetriableDatanodeEventWatcher.java:onTimeout(47)) - RetriableDatanodeCommand type=deleteBlocksCommand with id=1568724556021 timed out. Retrying.
2019-09-17 12:49:18,654 [SCMBlockDeletingService#1] DEBUG block.SCMBlockDeletingService (SCMBlockDeletingService.java:call(138)) - Running DeletedBlockTransactionScanner
2019-09-17 12:49:18,655 [SCMBlockDeletingService#1] DEBUG block.SCMBlockDeletingService (SCMBlockDeletingService.java:call(155)) - Scanned deleted blocks log and got 3 delTX to process.
2019-09-17 12:49:18,655 [SCMBlockDeletingService#1] DEBUG block.SCMBlockDeletingService (SCMBlockDeletingService.java:call(171)) - Added delete block command for datanode cb20f782-9136-4144-a2ef-e44461d35697 in the queue, number of delete block transactions: 3, TxID list: 1,2,3
2019-09-17 12:49:18,656 [SCMBlockDeletingService#1] INFO  block.SCMBlockDeletingService (SCMBlockDeletingService.java:call(182)) - Totally added 3 delete blocks command for 1 datanodes, task elapsed time: 1ms
2019-09-17 12:49:18,720 [pool-7-thread-1] INFO  commands.RetriableDatanodeEventWatcher (RetriableDatanodeEventWatcher.java:onTimeout(47)) - RetriableDatanodeCommand type=deleteBlocksCommand with id=1568724556012 timed out. Retrying.
2019-09-17 12:49:18,739 [pool-7-thread-1] INFO  commands.RetriableDatanodeEventWatcher (RetriableDatanodeEventWatcher.java:onTimeout(47)) - RetriableDatanodeCommand type=deleteBlocksCommand with id=1568724556022 timed out. Retrying.
2019-09-17 12:49:18,756 [SCMBlockDeletingService#1] DEBUG block.SCMBlockDeletingService (SCMBlockDeletingService.java:call(138)) - Running DeletedBlockTransactionScanner
2019-09-17 12:49:18,757 [SCMBlockDeletingService#1] DEBUG block.SCMBlockDeletingService (SCMBlockDeletingService.java:call(155)) - Scanned deleted blocks log and got 3 delTX to process.
2019-09-17 12:49:18,757 [SCMBlockDeletingService#1] DEBUG block.SCMBlockDeletingService (SCMBlockDeletingService.java:call(171)) - Added delete block command for datanode cb20f782-9136-4144-a2ef-e44461d35697 in the queue, number of delete block transactions: 3, TxID list: 1,2,3
2019-09-17 12:49:18,758 [SCMBlockDeletingService#1] INFO  block.SCMBlockDeletingService (SCMBlockDeletingService.java:call(182)) - Totally added 3 delete blocks command for 1 datanodes, task elapsed time: 1ms
2019-09-17 12:49:18,823 [pool-7-thread-1] INFO  commands.RetriableDatanodeEventWatcher (RetriableDatanodeEventWatcher.java:onTimeout(47)) - RetriableDatanodeCommand type=deleteBlocksCommand with id=1568724556013 timed out. Retrying.
2019-09-17 12:49:18,840 [pool-7-thread-1] INFO  commands.RetriableDatanodeEventWatcher (RetriableDatanodeEventWatcher.java:onTimeout(47)) - RetriableDatanodeCommand type=deleteBlocksCommand with id=1568724556023 timed out. Retrying.
2019-09-17 12:49:18,843 [EventQueue-StaleNodeForStaleNodeHandler] INFO  node.StaleNodeHandler (StaleNodeHandler.java:onMessage(58)) - Datanode cb20f782-9136-4144-a2ef-e44461d35697{ip: 192.168.34.33, host: pr-hdds-2142-clczg-3805722443, networkLocation: /default-rack, certSerialId: null} moved to stale state. Finalizing its pipelines [PipelineID=30c69085-8df5-4d18-8bee-ef222054bc57]
2019-09-17 12:49:18,844 [EventQueue-StaleNodeForStaleNodeHandler] INFO  pipeline.SCMPipelineManager (SCMPipelineManager.java:finalizeAndDestroyPipeline(311)) - destroying pipeline:Pipeline[ Id: 30c69085-8df5-4d18-8bee-ef222054bc57, Nodes: cb20f782-9136-4144-a2ef-e44461d35697{ip: 192.168.34.33, host: pr-hdds-2142-clczg-3805722443, networkLocation: /default-rack, certSerialId: null}, Type:RATIS, Factor:ONE, State:OPEN]
2019-09-17 12:49:18,847 [EventQueue-StaleNodeForStaleNodeHandler] INFO  pipeline.PipelineStateManager (PipelineStateManager.java:finalizePipeline(123)) - Pipeline Pipeline[ Id: 30c69085-8df5-4d18-8bee-ef222054bc57, Nodes: cb20f782-9136-4144-a2ef-e44461d35697{ip: 192.168.34.33, host: pr-hdds-2142-clczg-3805722443, networkLocation: /default-rack, certSerialId: null}, Type:RATIS, Factor:ONE, State:CLOSED] moved to CLOSED state
2019-09-17 12:49:18,858 [SCMBlockDeletingService#1] DEBUG block.SCMBlockDeletingService (SCMBlockDeletingService.java:call(138)) - Running DeletedBlockTransactionScanner
2019-09-17 12:49:18,859 [SCMBlockDeletingService#1] DEBUG block.SCMBlockDeletingService (SCMBlockDeletingService.java:call(155)) - Scanned deleted blocks log and got 3 delTX to process.
2019-09-17 12:49:18,859 [SCMBlockDeletingService#1] DEBUG block.SCMBlockDeletingService (SCMBlockDeletingService.java:call(171)) - Added delete block command for datanode cb20f782-9136-4144-a2ef-e44461d35697 in the queue, number of delete block transactions: 3, TxID list: 1,2,3
2019-09-17 12:49:18,860 [SCMBlockDeletingService#1] INFO  block.SCMBlockDeletingService (SCMBlockDeletingService.java:call(182)) - Totally added 3 delete blocks command for 1 datanodes, task elapsed time: 1ms
2019-09-17 12:49:18,923 [pool-7-thread-1] INFO  commands.RetriableDatanodeEventWatcher (RetriableDatanodeEventWatcher.java:onTimeout(47)) - RetriableDatanodeCommand type=deleteBlocksCommand with id=1568724556014 timed out. Retrying.
2019-09-17 12:49:18,943 [pool-7-thread-1] INFO  commands.RetriableDatanodeEventWatcher (RetriableDatanodeEventWatcher.java:onTimeout(47)) - RetriableDatanodeCommand type=deleteBlocksCommand with id=1568724556024 timed out. Retrying.
2019-09-17 12:49:18,960 [SCMBlockDeletingService#1] DEBUG block.SCMBlockDeletingService (SCMBlockDeletingService.java:call(138)) - Running DeletedBlockTransactionScanner
2019-09-17 12:49:18,960 [SCMBlockDeletingService#1] DEBUG block.SCMBlockDeletingService (SCMBlockDeletingService.java:call(155)) - Scanned deleted blocks log and got 3 delTX to process.
2019-09-17 12:49:18,961 [SCMBlockDeletingService#1] DEBUG block.SCMBlockDeletingService (SCMBlockDeletingService.java:call(171)) - Added delete block command for datanode cb20f782-9136-4144-a2ef-e44461d35697 in the queue, number of delete block transactions: 3, TxID list: 1,2,3
2019-09-17 12:49:18,961 [SCMBlockDeletingService#1] INFO  block.SCMBlockDeletingService (SCMBlockDeletingService.java:call(182)) - Totally added 3 delete blocks command for 1 datanodes, task elapsed time: 2ms
2019-09-17 12:49:19,010 [pool-7-thread-1] INFO  commands.RetriableDatanodeEventWatcher (RetriableDatanodeEventWatcher.java:onTimeout(47)) - RetriableDatanodeCommand type=deleteBlocksCommand with id=1568724556005 timed out. Retrying.
2019-09-17 12:49:19,025 [pool-7-thread-1] INFO  commands.RetriableDatanodeEventWatcher (RetriableDatanodeEventWatcher.java:onTimeout(47)) - RetriableDatanodeCommand type=deleteBlocksCommand with id=1568724556015 timed out. Retrying.
2019-09-17 12:49:19,045 [pool-7-thread-1] INFO  commands.RetriableDatanodeEventWatcher (RetriableDatanodeEventWatcher.java:onTimeout(47)) - RetriableDatanodeCommand type=deleteBlocksCommand with id=1568724556025 timed out. Retrying.
2019-09-17 12:49:19,062 [SCMBlockDeletingService#1] DEBUG block.SCMBlockDeletingService (SCMBlockDeletingService.java:call(138)) - Running DeletedBlockTransactionScanner
2019-09-17 12:49:19,062 [SCMBlockDeletingService#1] DEBUG block.SCMBlockDeletingService (SCMBlockDeletingService.java:call(155)) - Scanned deleted blocks log and got 3 delTX to process.
2019-09-17 12:49:19,063 [SCMBlockDeletingService#1] DEBUG block.SCMBlockDeletingService (SCMBlockDeletingService.java:call(171)) - Added delete block command for datanode cb20f782-9136-4144-a2ef-e44461d35697 in the queue, number of delete block transactions: 3, TxID list: 1,2,3
2019-09-17 12:49:19,063 [SCMBlockDeletingService#1] INFO  block.SCMBlockDeletingService (SCMBlockDeletingService.java:call(182)) - Totally added 3 delete blocks command for 1 datanodes, task elapsed time: 2ms
2019-09-17 12:49:19,111 [pool-7-thread-1] INFO  commands.RetriableDatanodeEventWatcher (RetriableDatanodeEventWatcher.java:onTimeout(47)) - RetriableDatanodeCommand type=deleteBlocksCommand with id=1568724556006 timed out. Retrying.
2019-09-17 12:49:19,128 [pool-7-thread-1] INFO  commands.RetriableDatanodeEventWatcher (RetriableDatanodeEventWatcher.java:onTimeout(47)) - RetriableDatanodeCommand type=deleteBlocksCommand with id=1568724556016 timed out. Retrying.
2019-09-17 12:49:19,146 [pool-7-thread-1] INFO  commands.RetriableDatanodeEventWatcher (RetriableDatanodeEventWatcher.java:onTimeout(47)) - RetriableDatanodeCommand type=deleteBlocksCommand with id=1568724556026 timed out. Retrying.
2019-09-17 12:49:19,164 [SCMBlockDeletingService#1] DEBUG block.SCMBlockDeletingService (SCMBlockDeletingService.java:call(138)) - Running DeletedBlockTransactionScanner
2019-09-17 12:49:19,164 [SCMBlockDeletingService#1] DEBUG block.SCMBlockDeletingService (SCMBlockDeletingService.java:call(155)) - Scanned deleted blocks log and got 3 delTX to process.
2019-09-17 12:49:19,164 [SCMBlockDeletingService#1] DEBUG block.SCMBlockDeletingService (SCMBlockDeletingService.java:call(171)) - Added delete block command for datanode cb20f782-9136-4144-a2ef-e44461d35697 in the queue, number of delete block transactions: 3, TxID list: 1,2,3
2019-09-17 12:49:19,165 [SCMBlockDeletingService#1] INFO  block.SCMBlockDeletingService (SCMBlockDeletingService.java:call(182)) - Totally added 3 delete blocks command for 1 datanodes, task elapsed time: 1ms
2019-09-17 12:49:19,212 [pool-7-thread-1] INFO  commands.RetriableDatanodeEventWatcher (RetriableDatanodeEventWatcher.java:onTimeout(47)) - RetriableDatanodeCommand type=deleteBlocksCommand with id=1568724556007 timed out. Retrying.
2019-09-17 12:49:19,230 [pool-7-thread-1] INFO  commands.RetriableDatanodeEventWatcher (RetriableDatanodeEventWatcher.java:onTimeout(47)) - RetriableDatanodeCommand type=deleteBlocksCommand with id=1568724556017 timed out. Retrying.
2019-09-17 12:49:19,248 [pool-7-thread-1] INFO  commands.RetriableDatanodeEventWatcher (RetriableDatanodeEventWatcher.java:onTimeout(47)) - RetriableDatanodeCommand type=deleteBlocksCommand with id=1568724556027 timed out. Retrying.
2019-09-17 12:49:19,265 [SCMBlockDeletingService#1] DEBUG block.SCMBlockDeletingService (SCMBlockDeletingService.java:call(138)) - Running DeletedBlockTransactionScanner
2019-09-17 12:49:19,266 [SCMBlockDeletingService#1] DEBUG block.SCMBlockDeletingService (SCMBlockDeletingService.java:call(155)) - Scanned deleted blocks log and got 3 delTX to process.
2019-09-17 12:49:19,266 [SCMBlockDeletingService#1] DEBUG block.SCMBlockDeletingService (SCMBlockDeletingService.java:call(171)) - Added delete block command for datanode cb20f782-9136-4144-a2ef-e44461d35697 in the queue, number of delete block transactions: 3, TxID list: 1,2,3
2019-09-17 12:49:19,266 [SCMBlockDeletingService#1] INFO  block.SCMBlockDeletingService (SCMBlockDeletingService.java:call(182)) - Totally added 3 delete blocks command for 1 datanodes, task elapsed time: 1ms
2019-09-17 12:49:19,316 [pool-7-thread-1] INFO  commands.RetriableDatanodeEventWatcher (RetriableDatanodeEventWatcher.java:onTimeout(47)) - RetriableDatanodeCommand type=deleteBlocksCommand with id=1568724556008 timed out. Retrying.
2019-09-17 12:49:19,332 [pool-7-thread-1] INFO  commands.RetriableDatanodeEventWatcher (RetriableDatanodeEventWatcher.java:onTimeout(47)) - RetriableDatanodeCommand type=deleteBlocksCommand with id=1568724556018 timed out. Retrying.
2019-09-17 12:49:19,349 [pool-7-thread-1] INFO  commands.RetriableDatanodeEventWatcher (RetriableDatanodeEventWatcher.java:onTimeout(47)) - RetriableDatanodeCommand type=deleteBlocksCommand with id=1568724556028 timed out. Retrying.
2019-09-17 12:49:19,366 [SCMBlockDeletingService#1] DEBUG block.SCMBlockDeletingService (SCMBlockDeletingService.java:call(138)) - Running DeletedBlockTransactionScanner
2019-09-17 12:49:19,367 [SCMBlockDeletingService#1] DEBUG block.SCMBlockDeletingService (SCMBlockDeletingService.java:call(155)) - Scanned deleted blocks log and got 3 delTX to process.
2019-09-17 12:49:19,368 [SCMBlockDeletingService#1] DEBUG block.SCMBlockDeletingService (SCMBlockDeletingService.java:call(171)) - Added delete block command for datanode cb20f782-9136-4144-a2ef-e44461d35697 in the queue, number of delete block transactions: 3, TxID list: 1,2,3
2019-09-17 12:49:19,368 [SCMBlockDeletingService#1] INFO  block.SCMBlockDeletingService (SCMBlockDeletingService.java:call(182)) - Totally added 3 delete blocks command for 1 datanodes, task elapsed time: 2ms
2019-09-17 12:49:19,417 [pool-7-thread-1] INFO  commands.RetriableDatanodeEventWatcher (RetriableDatanodeEventWatcher.java:onTimeout(47)) - RetriableDatanodeCommand type=deleteBlocksCommand with id=1568724556009 timed out. Retrying.
2019-09-17 12:49:19,433 [pool-7-thread-1] INFO  commands.RetriableDatanodeEventWatcher (RetriableDatanodeEventWatcher.java:onTimeout(47)) - RetriableDatanodeCommand type=deleteBlocksCommand with id=1568724556019 timed out. Retrying.
2019-09-17 12:49:19,452 [pool-7-thread-1] INFO  commands.RetriableDatanodeEventWatcher (RetriableDatanodeEventWatcher.java:onTimeout(47)) - RetriableDatanodeCommand type=deleteBlocksCommand with id=1568724556029 timed out. Retrying.
2019-09-17 12:49:19,469 [SCMBlockDeletingService#1] DEBUG block.SCMBlockDeletingService (SCMBlockDeletingService.java:call(138)) - Running DeletedBlockTransactionScanner
2019-09-17 12:49:19,469 [SCMBlockDeletingService#1] DEBUG block.SCMBlockDeletingService (SCMBlockDeletingService.java:call(155)) - Scanned deleted blocks log and got 3 delTX to process.
2019-09-17 12:49:19,470 [SCMBlockDeletingService#1] DEBUG block.SCMBlockDeletingService (SCMBlockDeletingService.java:call(171)) - Added delete block command for datanode cb20f782-9136-4144-a2ef-e44461d35697 in the queue, number of delete block transactions: 3, TxID list: 1,2,3
2019-09-17 12:49:19,470 [SCMBlockDeletingService#1] INFO  block.SCMBlockDeletingService (SCMBlockDeletingService.java:call(182)) - Totally added 3 delete blocks command for 1 datanodes, task elapsed time: 2ms
2019-09-17 12:49:19,519 [pool-7-thread-1] INFO  commands.RetriableDatanodeEventWatcher (RetriableDatanodeEventWatcher.java:onTimeout(47)) - RetriableDatanodeCommand type=deleteBlocksCommand with id=1568724556010 timed out. Retrying.
2019-09-17 12:49:19,535 [pool-7-thread-1] INFO  commands.RetriableDatanodeEventWatcher (RetriableDatanodeEventWatcher.java:onTimeout(47)) - RetriableDatanodeCommand type=deleteBlocksCommand with id=1568724556020 timed out. Retrying.
2019-09-17 12:49:19,554 [pool-7-thread-1] INFO  commands.RetriableDatanodeEventWatcher (RetriableDatanodeEventWatcher.java:onTimeout(47)) - RetriableDatanodeCommand type=deleteBlocksCommand with id=1568724556030 timed out. Retrying.
2019-09-17 12:49:19,571 [SCMBlockDeletingService#1] DEBUG block.SCMBlockDeletingService (SCMBlockDeletingService.java:call(138)) - Running DeletedBlockTransactionScanner
2019-09-17 12:49:19,571 [SCMBlockDeletingService#1] DEBUG block.SCMBlockDeletingService (SCMBlockDeletingService.java:call(155)) - Scanned deleted blocks log and got 3 delTX to process.
2019-09-17 12:49:19,572 [SCMBlockDeletingService#1] DEBUG block.SCMBlockDeletingService (SCMBlockDeletingService.java:call(171)) - Added delete block command for datanode cb20f782-9136-4144-a2ef-e44461d35697 in the queue, number of delete block transactions: 3, TxID list: 1,2,3
2019-09-17 12:49:19,572 [SCMBlockDeletingService#1] INFO  block.SCMBlockDeletingService (SCMBlockDeletingService.java:call(182)) - Totally added 3 delete blocks command for 1 datanodes, task elapsed time: 2ms
2019-09-17 12:49:19,621 [pool-7-thread-1] INFO  commands.RetriableDatanodeEventWatcher (RetriableDatanodeEventWatcher.java:onTimeout(47)) - RetriableDatanodeCommand type=deleteBlocksCommand with id=1568724556011 timed out. Retrying.
2019-09-17 12:49:19,638 [pool-7-thread-1] INFO  commands.RetriableDatanodeEventWatcher (RetriableDatanodeEventWatcher.java:onTimeout(47)) - RetriableDatanodeCommand type=deleteBlocksCommand with id=1568724556021 timed out. Retrying.
2019-09-17 12:49:19,655 [pool-7-thread-1] INFO  commands.RetriableDatanodeEventWatcher (RetriableDatanodeEventWatcher.java:onTimeout(47)) - RetriableDatanodeCommand type=deleteBlocksCommand with id=1568724556031 timed out. Retrying.
2019-09-17 12:49:19,673 [SCMBlockDeletingService#1] DEBUG block.SCMBlockDeletingService (SCMBlockDeletingService.java:call(138)) - Running DeletedBlockTransactionScanner
2019-09-17 12:49:19,673 [SCMBlockDeletingService#1] DEBUG block.SCMBlockDeletingService (SCMBlockDeletingService.java:call(155)) - Scanned deleted blocks log and got 3 delTX to process.
2019-09-17 12:49:19,673 [SCMBlockDeletingService#1] DEBUG block.SCMBlockDeletingService (SCMBlockDeletingService.java:call(171)) - Added delete block command for datanode cb20f782-9136-4144-a2ef-e44461d35697 in the queue, number of delete block transactions: 3, TxID list: 1,2,3
2019-09-17 12:49:19,674 [SCMBlockDeletingService#1] INFO  block.SCMBlockDeletingService (SCMBlockDeletingService.java:call(182)) - Totally added 3 delete blocks command for 1 datanodes, task elapsed time: 1ms
2019-09-17 12:49:19,721 [pool-7-thread-1] INFO  commands.RetriableDatanodeEventWatcher (RetriableDatanodeEventWatcher.java:onTimeout(47)) - RetriableDatanodeCommand type=deleteBlocksCommand with id=1568724556012 timed out. Retrying.
2019-09-17 12:49:19,739 [pool-7-thread-1] INFO  commands.RetriableDatanodeEventWatcher (RetriableDatanodeEventWatcher.java:onTimeout(47)) - RetriableDatanodeCommand type=deleteBlocksCommand with id=1568724556022 timed out. Retrying.
2019-09-17 12:49:19,758 [pool-7-thread-1] INFO  commands.RetriableDatanodeEventWatcher (RetriableDatanodeEventWatcher.java:onTimeout(47)) - RetriableDatanodeCommand type=deleteBlocksCommand with id=1568724556032 timed out. Retrying.
2019-09-17 12:49:19,774 [SCMBlockDeletingService#1] DEBUG block.SCMBlockDeletingService (SCMBlockDeletingService.java:call(138)) - Running DeletedBlockTransactionScanner
2019-09-17 12:49:19,775 [SCMBlockDeletingService#1] DEBUG block.SCMBlockDeletingService (SCMBlockDeletingService.java:call(155)) - Scanned deleted blocks log and got 3 delTX to process.
2019-09-17 12:49:19,775 [SCMBlockDeletingService#1] DEBUG block.SCMBlockDeletingService (SCMBlockDeletingService.java:call(171)) - Added delete block command for datanode cb20f782-9136-4144-a2ef-e44461d35697 in the queue, number of delete block transactions: 3, TxID list: 1,2,3
2019-09-17 12:49:19,776 [SCMBlockDeletingService#1] INFO  block.SCMBlockDeletingService (SCMBlockDeletingService.java:call(182)) - Totally added 3 delete blocks command for 1 datanodes, task elapsed time: 1ms
2019-09-17 12:49:19,823 [pool-7-thread-1] INFO  commands.RetriableDatanodeEventWatcher (RetriableDatanodeEventWatcher.java:onTimeout(47)) - RetriableDatanodeCommand type=deleteBlocksCommand with id=1568724556013 timed out. Retrying.
2019-09-17 12:49:19,843 [pool-7-thread-1] INFO  commands.RetriableDatanodeEventWatcher (RetriableDatanodeEventWatcher.java:onTimeout(47)) - RetriableDatanodeCommand type=deleteBlocksCommand with id=1568724556023 timed out. Retrying.
2019-09-17 12:49:19,859 [pool-7-thread-1] INFO  commands.RetriableDatanodeEventWatcher (RetriableDatanodeEventWatcher.java:onTimeout(47)) - RetriableDatanodeCommand type=deleteBlocksCommand with id=1568724556033 timed out. Retrying.
2019-09-17 12:49:19,876 [SCMBlockDeletingService#1] DEBUG block.SCMBlockDeletingService (SCMBlockDeletingService.java:call(138)) - Running DeletedBlockTransactionScanner
2019-09-17 12:49:19,877 [SCMBlockDeletingService#1] DEBUG block.SCMBlockDeletingService (SCMBlockDeletingService.java:call(155)) - Scanned deleted blocks log and got 3 delTX to process.
2019-09-17 12:49:19,877 [SCMBlockDeletingService#1] DEBUG block.SCMBlockDeletingService (SCMBlockDeletingService.java:call(171)) - Added delete block command for datanode cb20f782-9136-4144-a2ef-e44461d35697 in the queue, number of delete block transactions: 3, TxID list: 1,2,3
2019-09-17 12:49:19,877 [SCMBlockDeletingService#1] INFO  block.SCMBlockDeletingService (SCMBlockDeletingService.java:call(182)) - Totally added 3 delete blocks command for 1 datanodes, task elapsed time: 2ms
2019-09-17 12:49:19,924 [pool-7-thread-1] INFO  commands.RetriableDatanodeEventWatcher (RetriableDatanodeEventWatcher.java:onTimeout(47)) - RetriableDatanodeCommand type=deleteBlocksCommand with id=1568724556014 timed out. Retrying.
2019-09-17 12:49:19,944 [pool-7-thread-1] INFO  commands.RetriableDatanodeEventWatcher (RetriableDatanodeEventWatcher.java:onTimeout(47)) - RetriableDatanodeCommand type=deleteBlocksCommand with id=1568724556024 timed out. Retrying.
2019-09-17 12:49:19,960 [pool-7-thread-1] INFO  commands.RetriableDatanodeEventWatcher (RetriableDatanodeEventWatcher.java:onTimeout(47)) - RetriableDatanodeCommand type=deleteBlocksCommand with id=1568724556034 timed out. Retrying.
2019-09-17 12:49:19,978 [SCMBlockDeletingService#1] DEBUG block.SCMBlockDeletingService (SCMBlockDeletingService.java:call(138)) - Running DeletedBlockTransactionScanner
2019-09-17 12:49:19,978 [SCMBlockDeletingService#1] DEBUG block.SCMBlockDeletingService (SCMBlockDeletingService.java:call(155)) - Scanned deleted blocks log and got 3 delTX to process.
2019-09-17 12:49:19,978 [SCMBlockDeletingService#1] DEBUG block.SCMBlockDeletingService (SCMBlockDeletingService.java:call(171)) - Added delete block command for datanode cb20f782-9136-4144-a2ef-e44461d35697 in the queue, number of delete block transactions: 3, TxID list: 1,2,3
2019-09-17 12:49:19,979 [SCMBlockDeletingService#1] INFO  block.SCMBlockDeletingService (SCMBlockDeletingService.java:call(182)) - Totally added 3 delete blocks command for 1 datanodes, task elapsed time: 1ms
2019-09-17 12:49:20,011 [pool-7-thread-1] INFO  commands.RetriableDatanodeEventWatcher (RetriableDatanodeEventWatcher.java:onTimeout(47)) - RetriableDatanodeCommand type=deleteBlocksCommand with id=1568724556005 timed out. Retrying.
2019-09-17 12:49:20,026 [pool-7-thread-1] INFO  commands.RetriableDatanodeEventWatcher (RetriableDatanodeEventWatcher.java:onTimeout(47)) - RetriableDatanodeCommand type=deleteBlocksCommand with id=1568724556015 timed out. Retrying.
2019-09-17 12:49:20,046 [pool-7-thread-1] INFO  commands.RetriableDatanodeEventWatcher (RetriableDatanodeEventWatcher.java:onTimeout(47)) - RetriableDatanodeCommand type=deleteBlocksCommand with id=1568724556025 timed out. Retrying.
2019-09-17 12:49:20,063 [pool-7-thread-1] INFO  commands.RetriableDatanodeEventWatcher (RetriableDatanodeEventWatcher.java:onTimeout(47)) - RetriableDatanodeCommand type=deleteBlocksCommand with id=1568724556035 timed out. Retrying.
2019-09-17 12:49:20,079 [SCMBlockDeletingService#1] DEBUG block.SCMBlockDeletingService (SCMBlockDeletingService.java:call(138)) - Running DeletedBlockTransactionScanner
2019-09-17 12:49:20,080 [SCMBlockDeletingService#1] DEBUG block.SCMBlockDeletingService (SCMBlockDeletingService.java:call(155)) - Scanned deleted blocks log and got 3 delTX to process.
2019-09-17 12:49:20,081 [SCMBlockDeletingService#1] DEBUG block.SCMBlockDeletingService (SCMBlockDeletingService.java:call(171)) - Added delete block command for datanode cb20f782-9136-4144-a2ef-e44461d35697 in the queue, number of delete block transactions: 3, TxID list: 1,2,3
2019-09-17 12:49:20,081 [SCMBlockDeletingService#1] INFO  block.SCMBlockDeletingService (SCMBlockDeletingService.java:call(182)) - Totally added 3 delete blocks command for 1 datanodes, task elapsed time: 2ms
2019-09-17 12:49:20,112 [pool-7-thread-1] INFO  commands.RetriableDatanodeEventWatcher (RetriableDatanodeEventWatcher.java:onTimeout(47)) - RetriableDatanodeCommand type=deleteBlocksCommand with id=1568724556006 timed out. Retrying.
2019-09-17 12:49:20,128 [pool-7-thread-1] INFO  commands.RetriableDatanodeEventWatcher (RetriableDatanodeEventWatcher.java:onTimeout(47)) - RetriableDatanodeCommand type=deleteBlocksCommand with id=1568724556016 timed out. Retrying.
2019-09-17 12:49:20,146 [pool-7-thread-1] INFO  commands.RetriableDatanodeEventWatcher (RetriableDatanodeEventWatcher.java:onTimeout(47)) - RetriableDatanodeCommand type=deleteBlocksCommand with id=1568724556026 timed out. Retrying.
2019-09-17 12:49:20,164 [pool-7-thread-1] INFO  commands.RetriableDatanodeEventWatcher (RetriableDatanodeEventWatcher.java:onTimeout(47)) - RetriableDatanodeCommand type=deleteBlocksCommand with id=1568724556036 timed out. Retrying.
2019-09-17 12:49:20,182 [SCMBlockDeletingService#1] DEBUG block.SCMBlockDeletingService (SCMBlockDeletingService.java:call(138)) - Running DeletedBlockTransactionScanner
2019-09-17 12:49:20,182 [SCMBlockDeletingService#1] DEBUG block.SCMBlockDeletingService (SCMBlockDeletingService.java:call(155)) - Scanned deleted blocks log and got 3 delTX to process.
2019-09-17 12:49:20,182 [SCMBlockDeletingService#1] DEBUG block.SCMBlockDeletingService (SCMBlockDeletingService.java:call(171)) - Added delete block command for datanode cb20f782-9136-4144-a2ef-e44461d35697 in the queue, number of delete block transactions: 3, TxID list: 1,2,3
2019-09-17 12:49:20,183 [SCMBlockDeletingService#1] INFO  block.SCMBlockDeletingService (SCMBlockDeletingService.java:call(182)) - Totally added 3 delete blocks command for 1 datanodes, task elapsed time: 1ms
2019-09-17 12:49:20,213 [pool-7-thread-1] INFO  commands.RetriableDatanodeEventWatcher (RetriableDatanodeEventWatcher.java:onTimeout(47)) - RetriableDatanodeCommand type=deleteBlocksCommand with id=1568724556007 timed out. Retrying.
2019-09-17 12:49:20,229 [pool-7-thread-1] INFO  commands.RetriableDatanodeEventWatcher (RetriableDatanodeEventWatcher.java:onTimeout(47)) - RetriableDatanodeCommand type=deleteBlocksCommand with id=1568724556017 timed out. Retrying.
2019-09-17 12:49:20,249 [pool-7-thread-1] INFO  commands.RetriableDatanodeEventWatcher (RetriableDatanodeEventWatcher.java:onTimeout(47)) - RetriableDatanodeCommand type=deleteBlocksCommand with id=1568724556027 timed out. Retrying.
2019-09-17 12:49:20,266 [pool-7-thread-1] INFO  commands.RetriableDatanodeEventWatcher (RetriableDatanodeEventWatcher.java:onTimeout(47)) - RetriableDatanodeCommand type=deleteBlocksCommand with id=1568724556037 timed out. Retrying.
2019-09-17 12:49:20,283 [SCMBlockDeletingService#1] DEBUG block.SCMBlockDeletingService (SCMBlockDeletingService.java:call(138)) - Running DeletedBlockTransactionScanner
2019-09-17 12:49:20,284 [SCMBlockDeletingService#1] DEBUG block.SCMBlockDeletingService (SCMBlockDeletingService.java:call(155)) - Scanned deleted blocks log and got 3 delTX to process.
2019-09-17 12:49:20,284 [SCMBlockDeletingService#1] DEBUG block.SCMBlockDeletingService (SCMBlockDeletingService.java:call(171)) - Added delete block command for datanode cb20f782-9136-4144-a2ef-e44461d35697 in the queue, number of delete block transactions: 3, TxID list: 1,2,3
2019-09-17 12:49:20,284 [SCMBlockDeletingService#1] INFO  block.SCMBlockDeletingService (SCMBlockDeletingService.java:call(182)) - Totally added 3 delete blocks command for 1 datanodes, task elapsed time: 1ms
2019-09-17 12:49:20,316 [pool-7-thread-1] INFO  commands.RetriableDatanodeEventWatcher (RetriableDatanodeEventWatcher.java:onTimeout(47)) - RetriableDatanodeCommand type=deleteBlocksCommand with id=1568724556008 timed out. Retrying.
2019-09-17 12:49:20,332 [pool-7-thread-1] INFO  commands.RetriableDatanodeEventWatcher (RetriableDatanodeEventWatcher.java:onTimeout(47)) - RetriableDatanodeCommand type=deleteBlocksCommand with id=1568724556018 timed out. Retrying.
2019-09-17 12:49:20,350 [pool-7-thread-1] INFO  commands.RetriableDatanodeEventWatcher (RetriableDatanodeEventWatcher.java:onTimeout(47)) - RetriableDatanodeCommand type=deleteBlocksCommand with id=1568724556028 timed out. Retrying.
2019-09-17 12:49:20,368 [pool-7-thread-1] INFO  commands.RetriableDatanodeEventWatcher (RetriableDatanodeEventWatcher.java:onTimeout(47)) - RetriableDatanodeCommand type=deleteBlocksCommand with id=1568724556038 timed out. Retrying.
2019-09-17 12:49:20,385 [SCMBlockDeletingService#1] DEBUG block.SCMBlockDeletingService (SCMBlockDeletingService.java:call(138)) - Running DeletedBlockTransactionScanner
2019-09-17 12:49:20,385 [SCMBlockDeletingService#1] DEBUG block.SCMBlockDeletingService (SCMBlockDeletingService.java:call(155)) - Scanned deleted blocks log and got 3 delTX to process.
2019-09-17 12:49:20,386 [SCMBlockDeletingService#1] DEBUG block.SCMBlockDeletingService (SCMBlockDeletingService.java:call(171)) - Added delete block command for datanode cb20f782-9136-4144-a2ef-e44461d35697 in the queue, number of delete block transactions: 3, TxID list: 1,2,3
2019-09-17 12:49:20,386 [SCMBlockDeletingService#1] INFO  block.SCMBlockDeletingService (SCMBlockDeletingService.java:call(182)) - Totally added 3 delete blocks command for 1 datanodes, task elapsed time: 1ms
2019-09-17 12:49:20,417 [pool-7-thread-1] INFO  commands.RetriableDatanodeEventWatcher (RetriableDatanodeEventWatcher.java:onTimeout(47)) - RetriableDatanodeCommand type=deleteBlocksCommand with id=1568724556009 timed out. Retrying.
2019-09-17 12:49:20,433 [pool-7-thread-1] INFO  commands.RetriableDatanodeEventWatcher (RetriableDatanodeEventWatcher.java:onTimeout(47)) - RetriableDatanodeCommand type=deleteBlocksCommand with id=1568724556019 timed out. Retrying.
2019-09-17 12:49:20,453 [pool-7-thread-1] INFO  commands.RetriableDatanodeEventWatcher (RetriableDatanodeEventWatcher.java:onTimeout(47)) - RetriableDatanodeCommand type=deleteBlocksCommand with id=1568724556029 timed out. Retrying.
2019-09-17 12:49:20,470 [pool-7-thread-1] INFO  commands.RetriableDatanodeEventWatcher (RetriableDatanodeEventWatcher.java:onTimeout(47)) - RetriableDatanodeCommand type=deleteBlocksCommand with id=1568724556039 timed out. Retrying.
2019-09-17 12:49:20,486 [SCMBlockDeletingService#1] DEBUG block.SCMBlockDeletingService (SCMBlockDeletingService.java:call(138)) - Running DeletedBlockTransactionScanner
2019-09-17 12:49:20,487 [SCMBlockDeletingService#1] DEBUG block.SCMBlockDeletingService (SCMBlockDeletingService.java:call(155)) - Scanned deleted blocks log and got 3 delTX to process.
2019-09-17 12:49:20,487 [SCMBlockDeletingService#1] DEBUG block.SCMBlockDeletingService (SCMBlockDeletingService.java:call(171)) - Added delete block command for datanode cb20f782-9136-4144-a2ef-e44461d35697 in the queue, number of delete block transactions: 3, TxID list: 1,2,3
2019-09-17 12:49:20,487 [SCMBlockDeletingService#1] INFO  block.SCMBlockDeletingService (SCMBlockDeletingService.java:call(182)) - Totally added 3 delete blocks command for 1 datanodes, task elapsed time: 1ms
2019-09-17 12:49:20,520 [pool-7-thread-1] INFO  commands.RetriableDatanodeEventWatcher (RetriableDatanodeEventWatcher.java:onTimeout(47)) - RetriableDatanodeCommand type=deleteBlocksCommand with id=1568724556010 timed out. Retrying.
2019-09-17 12:49:20,536 [pool-7-thread-1] INFO  commands.RetriableDatanodeEventWatcher (RetriableDatanodeEventWatcher.java:onTimeout(47)) - RetriableDatanodeCommand type=deleteBlocksCommand with id=1568724556020 timed out. Retrying.
2019-09-17 12:49:20,555 [pool-7-thread-1] INFO  commands.RetriableDatanodeEventWatcher (RetriableDatanodeEventWatcher.java:onTimeout(47)) - RetriableDatanodeCommand type=deleteBlocksCommand with id=1568724556030 timed out. Retrying.
2019-09-17 12:49:20,572 [pool-7-thread-1] INFO  commands.RetriableDatanodeEventWatcher (RetriableDatanodeEventWatcher.java:onTimeout(47)) - RetriableDatanodeCommand type=deleteBlocksCommand with id=1568724556040 timed out. Retrying.
2019-09-17 12:49:20,588 [SCMBlockDeletingService#1] DEBUG block.SCMBlockDeletingService (SCMBlockDeletingService.java:call(138)) - Running DeletedBlockTransactionScanner
2019-09-17 12:49:20,588 [SCMBlockDeletingService#1] DEBUG block.SCMBlockDeletingService (SCMBlockDeletingService.java:call(155)) - Scanned deleted blocks log and got 3 delTX to process.
2019-09-17 12:49:20,588 [SCMBlockDeletingService#1] DEBUG block.SCMBlockDeletingService (SCMBlockDeletingService.java:call(171)) - Added delete block command for datanode cb20f782-9136-4144-a2ef-e44461d35697 in the queue, number of delete block transactions: 3, TxID list: 1,2,3
2019-09-17 12:49:20,589 [SCMBlockDeletingService#1] INFO  block.SCMBlockDeletingService (SCMBlockDeletingService.java:call(182)) - Totally added 3 delete blocks command for 1 datanodes, task elapsed time: 1ms
2019-09-17 12:49:20,622 [pool-7-thread-1] INFO  commands.RetriableDatanodeEventWatcher (RetriableDatanodeEventWatcher.java:onTimeout(47)) - RetriableDatanodeCommand type=deleteBlocksCommand with id=1568724556011 timed out. Retrying.
2019-09-17 12:49:20,638 [pool-7-thread-1] INFO  commands.RetriableDatanodeEventWatcher (RetriableDatanodeEventWatcher.java:onTimeout(47)) - RetriableDatanodeCommand type=deleteBlocksCommand with id=1568724556021 timed out. Retrying.
2019-09-17 12:49:20,656 [pool-7-thread-1] INFO  commands.RetriableDatanodeEventWatcher (RetriableDatanodeEventWatcher.java:onTimeout(47)) - RetriableDatanodeCommand type=deleteBlocksCommand with id=1568724556031 timed out. Retrying.
2019-09-17 12:49:20,674 [pool-7-thread-1] INFO  commands.RetriableDatanodeEventWatcher (RetriableDatanodeEventWatcher.java:onTimeout(47)) - RetriableDatanodeCommand type=deleteBlocksCommand with id=1568724556041 timed out. Retrying.
2019-09-17 12:49:20,689 [SCMBlockDeletingService#1] DEBUG block.SCMBlockDeletingService (SCMBlockDeletingService.java:call(138)) - Running DeletedBlockTransactionScanner
2019-09-17 12:49:20,689 [SCMBlockDeletingService#1] DEBUG block.SCMBlockDeletingService (SCMBlockDeletingService.java:call(155)) - Scanned deleted blocks log and got 3 delTX to process.
2019-09-17 12:49:20,690 [SCMBlockDeletingService#1] DEBUG block.SCMBlockDeletingService (SCMBlockDeletingService.java:call(171)) - Added delete block command for datanode cb20f782-9136-4144-a2ef-e44461d35697 in the queue, number of delete block transactions: 3, TxID list: 1,2,3
2019-09-17 12:49:20,690 [SCMBlockDeletingService#1] INFO  block.SCMBlockDeletingService (SCMBlockDeletingService.java:call(182)) - Totally added 3 delete blocks command for 1 datanodes, task elapsed time: 1ms
2019-09-17 12:49:20,721 [pool-7-thread-1] INFO  commands.RetriableDatanodeEventWatcher (RetriableDatanodeEventWatcher.java:onTimeout(47)) - RetriableDatanodeCommand type=deleteBlocksCommand with id=1568724556012 timed out. Retrying.
2019-09-17 12:49:20,740 [pool-7-thread-1] INFO  commands.RetriableDatanodeEventWatcher (RetriableDatanodeEventWatcher.java:onTimeout(47)) - RetriableDatanodeCommand type=deleteBlocksCommand with id=1568724556022 timed out. Retrying.
2019-09-17 12:49:20,759 [pool-7-thread-1] INFO  commands.RetriableDatanodeEventWatcher (RetriableDatanodeEventWatcher.java:onTimeout(47)) - RetriableDatanodeCommand type=deleteBlocksCommand with id=1568724556032 timed out. Retrying.
2019-09-17 12:49:20,776 [pool-7-thread-1] INFO  commands.RetriableDatanodeEventWatcher (RetriableDatanodeEventWatcher.java:onTimeout(47)) - RetriableDatanodeCommand type=deleteBlocksCommand with id=1568724556042 timed out. Retrying.
2019-09-17 12:49:20,790 [SCMBlockDeletingService#1] DEBUG block.SCMBlockDeletingService (SCMBlockDeletingService.java:call(138)) - Running DeletedBlockTransactionScanner
2019-09-17 12:49:20,791 [SCMBlockDeletingService#1] DEBUG block.SCMBlockDeletingService (SCMBlockDeletingService.java:call(155)) - Scanned deleted blocks log and got 3 delTX to process.
2019-09-17 12:49:20,791 [SCMBlockDeletingService#1] DEBUG block.SCMBlockDeletingService (SCMBlockDeletingService.java:call(171)) - Added delete block command for datanode cb20f782-9136-4144-a2ef-e44461d35697 in the queue, number of delete block transactions: 3, TxID list: 1,2,3
2019-09-17 12:49:20,791 [SCMBlockDeletingService#1] INFO  block.SCMBlockDeletingService (SCMBlockDeletingService.java:call(182)) - Totally added 3 delete blocks command for 1 datanodes, task elapsed time: 1ms
2019-09-17 12:49:20,824 [pool-7-thread-1] INFO  commands.RetriableDatanodeEventWatcher (RetriableDatanodeEventWatcher.java:onTimeout(47)) - RetriableDatanodeCommand type=deleteBlocksCommand with id=1568724556013 timed out. Retrying.
2019-09-17 12:49:20,844 [pool-7-thread-1] INFO  commands.RetriableDatanodeEventWatcher (RetriableDatanodeEventWatcher.java:onTimeout(47)) - RetriableDatanodeCommand type=deleteBlocksCommand with id=1568724556023 timed out. Retrying.
2019-09-17 12:49:20,860 [pool-7-thread-1] INFO  commands.RetriableDatanodeEventWatcher (RetriableDatanodeEventWatcher.java:onTimeout(47)) - RetriableDatanodeCommand type=deleteBlocksCommand with id=1568724556033 timed out. Retrying.
2019-09-17 12:49:20,876 [pool-7-thread-1] INFO  commands.RetriableDatanodeEventWatcher (RetriableDatanodeEventWatcher.java:onTimeout(47)) - RetriableDatanodeCommand type=deleteBlocksCommand with id=1568724556043 timed out. Retrying.
2019-09-17 12:49:20,892 [SCMBlockDeletingService#1] DEBUG block.SCMBlockDeletingService (SCMBlockDeletingService.java:call(138)) - Running DeletedBlockTransactionScanner
2019-09-17 12:49:20,892 [SCMBlockDeletingService#1] DEBUG block.SCMBlockDeletingService (SCMBlockDeletingService.java:call(155)) - Scanned deleted blocks log and got 3 delTX to process.
2019-09-17 12:49:20,892 [SCMBlockDeletingService#1] DEBUG block.SCMBlockDeletingService (SCMBlockDeletingService.java:call(171)) - Added delete block command for datanode cb20f782-9136-4144-a2ef-e44461d35697 in the queue, number of delete block transactions: 3, TxID list: 1,2,3
2019-09-17 12:49:20,893 [SCMBlockDeletingService#1] INFO  block.SCMBlockDeletingService (SCMBlockDeletingService.java:call(182)) - Totally added 3 delete blocks command for 1 datanodes, task elapsed time: 1ms
2019-09-17 12:49:20,925 [pool-7-thread-1] INFO  commands.RetriableDatanodeEventWatcher (RetriableDatanodeEventWatcher.java:onTimeout(47)) - RetriableDatanodeCommand type=deleteBlocksCommand with id=1568724556014 timed out. Retrying.
2019-09-17 12:49:20,943 [pool-7-thread-1] INFO  commands.RetriableDatanodeEventWatcher (RetriableDatanodeEventWatcher.java:onTimeout(47)) - RetriableDatanodeCommand type=deleteBlocksCommand with id=1568724556024 timed out. Retrying.
2019-09-17 12:49:20,955 [main] INFO  ozoneimpl.OzoneContainer (OzoneContainer.java:stop(231)) - Attempting to stop container services.
2019-09-17 12:49:20,958 [main] INFO  impl.RaftServerProxy (RaftServerProxy.java:lambda$close$4(314)) - cb20f782-9136-4144-a2ef-e44461d35697: close
2019-09-17 12:49:20,961 [main] INFO  impl.RaftServerImpl (RaftServerImpl.java:lambda$shutdown$3(251)) - cb20f782-9136-4144-a2ef-e44461d35697@group-EF222054BC57: shutdown
2019-09-17 12:49:20,961 [pool-7-thread-1] INFO  commands.RetriableDatanodeEventWatcher (RetriableDatanodeEventWatcher.java:onTimeout(47)) - RetriableDatanodeCommand type=deleteBlocksCommand with id=1568724556034 timed out. Retrying.
2019-09-17 12:49:20,961 [main] INFO  util.JmxRegister (JmxRegister.java:unregister(73)) - Successfully un-registered JMX Bean with object name Ratis:service=RaftServer,group=group-EF222054BC57,id=cb20f782-9136-4144-a2ef-e44461d35697
2019-09-17 12:49:20,963 [main] INFO  impl.RoleInfo (RoleInfo.java:shutdownLeaderState(104)) - cb20f782-9136-4144-a2ef-e44461d35697: shutdown LeaderState
2019-09-17 12:49:20,964 [main] INFO  impl.PendingRequests (PendingRequests.java:sendNotLeaderResponses(202)) - cb20f782-9136-4144-a2ef-e44461d35697-PendingRequests: sendNotLeaderResponses
2019-09-17 12:49:20,972 [main] INFO  impl.StateMachineUpdater (StateMachineUpdater.java:stopAndJoin(125)) - cb20f782-9136-4144-a2ef-e44461d35697@group-EF222054BC57-StateMachineUpdater: set stopIndex = 6206
2019-09-17 12:49:20,974 [cb20f782-9136-4144-a2ef-e44461d35697@group-EF222054BC57-StateMachineUpdater] INFO  ratis.ContainerStateMachine (ContainerStateMachine.java:takeSnapshot(289)) - group-EF222054BC57: Taking a snapshot at:(t:1, i:6206) file /workdir/hadoop-ozone/integration-test/target/test-dir/MiniOzoneClusterImpl-c23a8398-3c1b-4fe5-9bc4-5abc7f29ee92/datanode-0/data/ratis/30c69085-8df5-4d18-8bee-ef222054bc57/sm/snapshot.1_6206
2019-09-17 12:49:20,979 [pool-7-thread-1] INFO  commands.RetriableDatanodeEventWatcher (RetriableDatanodeEventWatcher.java:onTimeout(47)) - RetriableDatanodeCommand type=deleteBlocksCommand with id=1568724556044 timed out. Retrying.
2019-09-17 12:49:20,993 [SCMBlockDeletingService#1] DEBUG block.SCMBlockDeletingService (SCMBlockDeletingService.java:call(138)) - Running DeletedBlockTransactionScanner
2019-09-17 12:49:20,994 [SCMBlockDeletingService#1] DEBUG block.SCMBlockDeletingService (SCMBlockDeletingService.java:call(155)) - Scanned deleted blocks log and got 3 delTX to process.
2019-09-17 12:49:20,994 [SCMBlockDeletingService#1] DEBUG block.SCMBlockDeletingService (SCMBlockDeletingService.java:call(171)) - Added delete block command for datanode cb20f782-9136-4144-a2ef-e44461d35697 in the queue, number of delete block transactions: 3, TxID list: 1,2,3
2019-09-17 12:49:20,995 [SCMBlockDeletingService#1] INFO  block.SCMBlockDeletingService (SCMBlockDeletingService.java:call(182)) - Totally added 3 delete blocks command for 1 datanodes, task elapsed time: 1ms
2019-09-17 12:49:21,011 [pool-7-thread-1] INFO  commands.RetriableDatanodeEventWatcher (RetriableDatanodeEventWatcher.java:onTimeout(47)) - RetriableDatanodeCommand type=deleteBlocksCommand with id=1568724556005 timed out. Retrying.
2019-09-17 12:49:21,026 [pool-7-thread-1] INFO  commands.RetriableDatanodeEventWatcher (RetriableDatanodeEventWatcher.java:onTimeout(47)) - RetriableDatanodeCommand type=deleteBlocksCommand with id=1568724556015 timed out. Retrying.
2019-09-17 12:49:21,036 [cb20f782-9136-4144-a2ef-e44461d35697@group-EF222054BC57-StateMachineUpdater] INFO  ratis.ContainerStateMachine (ContainerStateMachine.java:takeSnapshot(300)) - group-EF222054BC57: Finished taking a snapshot at:(t:1, i:6206) file:/workdir/hadoop-ozone/integration-test/target/test-dir/MiniOzoneClusterImpl-c23a8398-3c1b-4fe5-9bc4-5abc7f29ee92/datanode-0/data/ratis/30c69085-8df5-4d18-8bee-ef222054bc57/sm/snapshot.1_6206 time:63
2019-09-17 12:49:21,038 [cb20f782-9136-4144-a2ef-e44461d35697@group-EF222054BC57-StateMachineUpdater] INFO  impl.StateMachineUpdater (StateMachineUpdater.java:takeSnapshot(258)) - cb20f782-9136-4144-a2ef-e44461d35697@group-EF222054BC57-StateMachineUpdater: Took a snapshot at index 6206
2019-09-17 12:49:21,039 [cb20f782-9136-4144-a2ef-e44461d35697@group-EF222054BC57-StateMachineUpdater] INFO  impl.StateMachineUpdater (StateMachineUpdater.java:lambda$new$0(83)) - cb20f782-9136-4144-a2ef-e44461d35697@group-EF222054BC57-StateMachineUpdater: snapshotIndex: updateIncreasingly -1 -> 6206
2019-09-17 12:49:21,050 [pool-7-thread-1] INFO  commands.RetriableDatanodeEventWatcher (RetriableDatanodeEventWatcher.java:onTimeout(47)) - RetriableDatanodeCommand type=deleteBlocksCommand with id=1568724556025 timed out. Retrying.
2019-09-17 12:49:21,054 [main] INFO  impl.RaftServerImpl (ServerState.java:close(385)) - cb20f782-9136-4144-a2ef-e44461d35697@group-EF222054BC57: closes. applyIndex: 6206
2019-09-17 12:49:21,058 [cb20f782-9136-4144-a2ef-e44461d35697@group-EF222054BC57-SegmentedRaftLogWorker] INFO  segmented.SegmentedRaftLogWorker (SegmentedRaftLogWorker.java:run(313)) - cb20f782-9136-4144-a2ef-e44461d35697@group-EF222054BC57-SegmentedRaftLogWorker was interrupted, exiting. There are 0 tasks remaining in the queue.
2019-09-17 12:49:21,059 [main] INFO  segmented.SegmentedRaftLogWorker (SegmentedRaftLogWorker.java:close(228)) - cb20f782-9136-4144-a2ef-e44461d35697@group-EF222054BC57-SegmentedRaftLogWorker close()
2019-09-17 12:49:21,062 [main] INFO  server.GrpcService (GrpcService.java:closeImpl(164)) - cb20f782-9136-4144-a2ef-e44461d35697: shutdown server with port 44783 now
2019-09-17 12:49:21,063 [pool-7-thread-1] INFO  commands.RetriableDatanodeEventWatcher (RetriableDatanodeEventWatcher.java:onTimeout(47)) - RetriableDatanodeCommand type=deleteBlocksCommand with id=1568724556035 timed out. Retrying.
2019-09-17 12:49:21,066 [main] INFO  server.GrpcService (GrpcService.java:closeImpl(172)) - cb20f782-9136-4144-a2ef-e44461d35697: shutdown server with port 44783 successfully
2019-09-17 12:49:21,069 [refreshUsed-/workdir/hadoop-ozone/integration-test/target/test-dir/MiniOzoneClusterImpl-c23a8398-3c1b-4fe5-9bc4-5abc7f29ee92/datanode-0/data/containers] WARN  fs.CachingGetSpaceUsed (CachingGetSpaceUsed.java:run(183)) - Thread Interrupted waiting to refresh disk information: sleep interrupted
2019-09-17 12:49:21,081 [pool-7-thread-1] INFO  commands.RetriableDatanodeEventWatcher (RetriableDatanodeEventWatcher.java:onTimeout(47)) - RetriableDatanodeCommand type=deleteBlocksCommand with id=1568724556045 timed out. Retrying.
2019-09-17 12:49:21,094 [main] INFO  utils.BackgroundService (BackgroundService.java:shutdown(148)) - Shutting down service BlockDeletingService
2019-09-17 12:49:21,095 [SCMBlockDeletingService#1] DEBUG block.SCMBlockDeletingService (SCMBlockDeletingService.java:call(138)) - Running DeletedBlockTransactionScanner
2019-09-17 12:49:21,098 [main] INFO  statemachine.DatanodeStateMachine (DatanodeStateMachine.java:stopDaemon(395)) - Ozone container server stopped.
2019-09-17 12:49:21,099 [SCMBlockDeletingService#1] DEBUG block.SCMBlockDeletingService (SCMBlockDeletingService.java:call(155)) - Scanned deleted blocks log and got 3 delTX to process.
2019-09-17 12:49:21,099 [SCMBlockDeletingService#1] DEBUG block.SCMBlockDeletingService (SCMBlockDeletingService.java:call(171)) - Added delete block command for datanode cb20f782-9136-4144-a2ef-e44461d35697 in the queue, number of delete block transactions: 3, TxID list: 1,2,3
2019-09-17 12:49:21,102 [SCMBlockDeletingService#1] INFO  block.SCMBlockDeletingService (SCMBlockDeletingService.java:call(182)) - Totally added 3 delete blocks command for 1 datanodes, task elapsed time: 6ms
2019-09-17 12:49:21,106 [main] INFO  handler.ContextHandler (ContextHandler.java:doStop(910)) - Stopped o.e.j.w.WebAppContext@70228253{/,null,UNAVAILABLE}{/hddsDatanode}
2019-09-17 12:49:21,111 [pool-7-thread-1] INFO  commands.RetriableDatanodeEventWatcher (RetriableDatanodeEventWatcher.java:onTimeout(47)) - RetriableDatanodeCommand type=deleteBlocksCommand with id=1568724556006 timed out. Retrying.
2019-09-17 12:49:21,112 [main] INFO  server.AbstractConnector (AbstractConnector.java:doStop(318)) - Stopped ServerConnector@63c12e52{HTTP/1.1,[http/1.1]}{0.0.0.0:0}
2019-09-17 12:49:21,113 [main] INFO  handler.ContextHandler (ContextHandler.java:doStop(910)) - Stopped o.e.j.s.ServletContextHandler@51c959a4{/static,jar:file:/home/user/.m2/repository/org/apache/hadoop/hadoop-hdds-container-service/0.5.0-SNAPSHOT/hadoop-hdds-container-service-0.5.0-SNAPSHOT.jar!/webapps/static,UNAVAILABLE}
2019-09-17 12:49:21,113 [main] INFO  handler.ContextHandler (ContextHandler.java:doStop(910)) - Stopped o.e.j.s.ServletContextHandler@1229a2b7{/logs,file:///workdir/hadoop-ozone/integration-test/target/log,UNAVAILABLE}
2019-09-17 12:49:21,129 [pool-7-thread-1] INFO  commands.RetriableDatanodeEventWatcher (RetriableDatanodeEventWatcher.java:onTimeout(47)) - RetriableDatanodeCommand type=deleteBlocksCommand with id=1568724556016 timed out. Retrying.
2019-09-17 12:49:21,147 [pool-7-thread-1] INFO  commands.RetriableDatanodeEventWatcher (RetriableDatanodeEventWatcher.java:onTimeout(47)) - RetriableDatanodeCommand type=deleteBlocksCommand with id=1568724556026 timed out. Retrying.
2019-09-17 12:49:21,165 [pool-7-thread-1] INFO  commands.RetriableDatanodeEventWatcher (RetriableDatanodeEventWatcher.java:onTimeout(47)) - RetriableDatanodeCommand type=deleteBlocksCommand with id=1568724556036 timed out. Retrying.
2019-09-17 12:49:21,183 [pool-7-thread-1] INFO  commands.RetriableDatanodeEventWatcher (RetriableDatanodeEventWatcher.java:onTimeout(47)) - RetriableDatanodeCommand type=deleteBlocksCommand with id=1568724556046 timed out. Retrying.
2019-09-17 12:49:21,202 [SCMBlockDeletingService#1] DEBUG block.SCMBlockDeletingService (SCMBlockDeletingService.java:call(138)) - Running DeletedBlockTransactionScanner
2019-09-17 12:49:21,202 [SCMBlockDeletingService#1] DEBUG block.SCMBlockDeletingService (SCMBlockDeletingService.java:call(155)) - Scanned deleted blocks log and got 3 delTX to process.
2019-09-17 12:49:21,203 [SCMBlockDeletingService#1] DEBUG block.SCMBlockDeletingService (SCMBlockDeletingService.java:call(171)) - Added delete block command for datanode cb20f782-9136-4144-a2ef-e44461d35697 in the queue, number of delete block transactions: 3, TxID list: 1,2,3
2019-09-17 12:49:21,203 [SCMBlockDeletingService#1] INFO  block.SCMBlockDeletingService (SCMBlockDeletingService.java:call(182)) - Totally added 3 delete blocks command for 1 datanodes, task elapsed time: 1ms
2019-09-17 12:49:21,214 [pool-7-thread-1] INFO  commands.RetriableDatanodeEventWatcher (RetriableDatanodeEventWatcher.java:onTimeout(47)) - RetriableDatanodeCommand type=deleteBlocksCommand with id=1568724556007 timed out. Retrying.
2019-09-17 12:49:21,230 [pool-7-thread-1] INFO  commands.RetriableDatanodeEventWatcher (RetriableDatanodeEventWatcher.java:onTimeout(47)) - RetriableDatanodeCommand type=deleteBlocksCommand with id=1568724556017 timed out. Retrying.
2019-09-17 12:49:21,250 [pool-7-thread-1] INFO  commands.RetriableDatanodeEventWatcher (RetriableDatanodeEventWatcher.java:onTimeout(47)) - RetriableDatanodeCommand type=deleteBlocksCommand with id=1568724556027 timed out. Retrying.
2019-09-17 12:49:21,266 [pool-7-thread-1] INFO  commands.RetriableDatanodeEventWatcher (RetriableDatanodeEventWatcher.java:onTimeout(47)) - RetriableDatanodeCommand type=deleteBlocksCommand with id=1568724556037 timed out. Retrying.
2019-09-17 12:49:21,284 [pool-7-thread-1] INFO  commands.RetriableDatanodeEventWatcher (RetriableDatanodeEventWatcher.java:onTimeout(47)) - RetriableDatanodeCommand type=deleteBlocksCommand with id=1568724556047 timed out. Retrying.
2019-09-17 12:49:21,303 [SCMBlockDeletingService#1] DEBUG block.SCMBlockDeletingService (SCMBlockDeletingService.java:call(138)) - Running DeletedBlockTransactionScanner
2019-09-17 12:49:21,304 [SCMBlockDeletingService#1] DEBUG block.SCMBlockDeletingService (SCMBlockDeletingService.java:call(155)) - Scanned deleted blocks log and got 3 delTX to process.
2019-09-17 12:49:21,304 [SCMBlockDeletingService#1] DEBUG block.SCMBlockDeletingService (SCMBlockDeletingService.java:call(171)) - Added delete block command for datanode cb20f782-9136-4144-a2ef-e44461d35697 in the queue, number of delete block transactions: 3, TxID list: 1,2,3
2019-09-17 12:49:21,305 [SCMBlockDeletingService#1] INFO  block.SCMBlockDeletingService (SCMBlockDeletingService.java:call(182)) - Totally added 3 delete blocks command for 1 datanodes, task elapsed time: 1ms
2019-09-17 12:49:21,316 [pool-7-thread-1] INFO  commands.RetriableDatanodeEventWatcher (RetriableDatanodeEventWatcher.java:onTimeout(47)) - RetriableDatanodeCommand type=deleteBlocksCommand with id=1568724556008 timed out. Retrying.
2019-09-17 12:49:21,333 [pool-7-thread-1] INFO  commands.RetriableDatanodeEventWatcher (RetriableDatanodeEventWatcher.java:onTimeout(47)) - RetriableDatanodeCommand type=deleteBlocksCommand with id=1568724556018 timed out. Retrying.
2019-09-17 12:49:21,349 [pool-7-thread-1] INFO  commands.RetriableDatanodeEventWatcher (RetriableDatanodeEventWatcher.java:onTimeout(47)) - RetriableDatanodeCommand type=deleteBlocksCommand with id=1568724556028 timed out. Retrying.
2019-09-17 12:49:21,369 [pool-7-thread-1] INFO  commands.RetriableDatanodeEventWatcher (RetriableDatanodeEventWatcher.java:onTimeout(47)) - RetriableDatanodeCommand type=deleteBlocksCommand with id=1568724556038 timed out. Retrying.
2019-09-17 12:49:21,385 [pool-7-thread-1] INFO  commands.RetriableDatanodeEventWatcher (RetriableDatanodeEventWatcher.java:onTimeout(47)) - RetriableDatanodeCommand type=deleteBlocksCommand with id=1568724556048 timed out. Retrying.
2019-09-17 12:49:21,405 [SCMBlockDeletingService#1] DEBUG block.SCMBlockDeletingService (SCMBlockDeletingService.java:call(138)) - Running DeletedBlockTransactionScanner
2019-09-17 12:49:21,405 [SCMBlockDeletingService#1] DEBUG block.SCMBlockDeletingService (SCMBlockDeletingService.java:call(155)) - Scanned deleted blocks log and got 3 delTX to process.
2019-09-17 12:49:21,405 [SCMBlockDeletingService#1] DEBUG block.SCMBlockDeletingService (SCMBlockDeletingService.java:call(171)) - Added delete block command for datanode cb20f782-9136-4144-a2ef-e44461d35697 in the queue, number of delete block transactions: 3, TxID list: 1,2,3
2019-09-17 12:49:21,406 [SCMBlockDeletingService#1] INFO  block.SCMBlockDeletingService (SCMBlockDeletingService.java:call(182)) - Totally added 3 delete blocks command for 1 datanodes, task elapsed time: 1ms
2019-09-17 12:49:21,418 [pool-7-thread-1] INFO  commands.RetriableDatanodeEventWatcher (RetriableDatanodeEventWatcher.java:onTimeout(47)) - RetriableDatanodeCommand type=deleteBlocksCommand with id=1568724556009 timed out. Retrying.
2019-09-17 12:49:21,433 [pool-7-thread-1] INFO  commands.RetriableDatanodeEventWatcher (RetriableDatanodeEventWatcher.java:onTimeout(47)) - RetriableDatanodeCommand type=deleteBlocksCommand with id=1568724556019 timed out. Retrying.
2019-09-17 12:49:21,454 [pool-7-thread-1] INFO  commands.RetriableDatanodeEventWatcher (RetriableDatanodeEventWatcher.java:onTimeout(47)) - RetriableDatanodeCommand type=deleteBlocksCommand with id=1568724556029 timed out. Retrying.
2019-09-17 12:49:21,470 [pool-7-thread-1] INFO  commands.RetriableDatanodeEventWatcher (RetriableDatanodeEventWatcher.java:onTimeout(47)) - RetriableDatanodeCommand type=deleteBlocksCommand with id=1568724556039 timed out. Retrying.
2019-09-17 12:49:21,487 [pool-7-thread-1] INFO  commands.RetriableDatanodeEventWatcher (RetriableDatanodeEventWatcher.java:onTimeout(47)) - RetriableDatanodeCommand type=deleteBlocksCommand with id=1568724556049 timed out. Retrying.
2019-09-17 12:49:21,506 [SCMBlockDeletingService#1] DEBUG block.SCMBlockDeletingService (SCMBlockDeletingService.java:call(138)) - Running DeletedBlockTransactionScanner
2019-09-17 12:49:21,506 [SCMBlockDeletingService#1] DEBUG block.SCMBlockDeletingService (SCMBlockDeletingService.java:call(155)) - Scanned deleted blocks log and got 3 delTX to process.
2019-09-17 12:49:21,507 [SCMBlockDeletingService#1] DEBUG block.SCMBlockDeletingService (SCMBlockDeletingService.java:call(171)) - Added delete block command for datanode cb20f782-9136-4144-a2ef-e44461d35697 in the queue, number of delete block transactions: 3, TxID list: 1,2,3
2019-09-17 12:49:21,507 [SCMBlockDeletingService#1] INFO  block.SCMBlockDeletingService (SCMBlockDeletingService.java:call(182)) - Totally added 3 delete blocks command for 1 datanodes, task elapsed time: 2ms
2019-09-17 12:49:21,521 [pool-7-thread-1] INFO  commands.RetriableDatanodeEventWatcher (RetriableDatanodeEventWatcher.java:onTimeout(47)) - RetriableDatanodeCommand type=deleteBlocksCommand with id=1568724556010 timed out. Retrying.
2019-09-17 12:49:21,537 [pool-7-thread-1] INFO  commands.RetriableDatanodeEventWatcher (RetriableDatanodeEventWatcher.java:onTimeout(47)) - RetriableDatanodeCommand type=deleteBlocksCommand with id=1568724556020 timed out. Retrying.
2019-09-17 12:49:21,555 [pool-7-thread-1] INFO  commands.RetriableDatanodeEventWatcher (RetriableDatanodeEventWatcher.java:onTimeout(47)) - RetriableDatanodeCommand type=deleteBlocksCommand with id=1568724556030 timed out. Retrying.
2019-09-17 12:49:21,573 [pool-7-thread-1] INFO  commands.RetriableDatanodeEventWatcher (RetriableDatanodeEventWatcher.java:onTimeout(47)) - RetriableDatanodeCommand type=deleteBlocksCommand with id=1568724556040 timed out. Retrying.
2019-09-17 12:49:21,589 [pool-7-thread-1] INFO  commands.RetriableDatanodeEventWatcher (RetriableDatanodeEventWatcher.java:onTimeout(47)) - RetriableDatanodeCommand type=deleteBlocksCommand with id=1568724556050 timed out. Retrying.
2019-09-17 12:49:21,608 [SCMBlockDeletingService#1] DEBUG block.SCMBlockDeletingService (SCMBlockDeletingService.java:call(138)) - Running DeletedBlockTransactionScanner
2019-09-17 12:49:21,608 [SCMBlockDeletingService#1] DEBUG block.SCMBlockDeletingService (SCMBlockDeletingService.java:call(155)) - Scanned deleted blocks log and got 3 delTX to process.
2019-09-17 12:49:21,608 [SCMBlockDeletingService#1] DEBUG block.SCMBlockDeletingService (SCMBlockDeletingService.java:call(171)) - Added delete block command for datanode cb20f782-9136-4144-a2ef-e44461d35697 in the queue, number of delete block transactions: 3, TxID list: 1,2,3
2019-09-17 12:49:21,609 [SCMBlockDeletingService#1] INFO  block.SCMBlockDeletingService (SCMBlockDeletingService.java:call(182)) - Totally added 3 delete blocks command for 1 datanodes, task elapsed time: 1ms
2019-09-17 12:49:21,617 [main] INFO  ozone.MiniOzoneClusterImpl (MiniOzoneClusterImpl.java:lambda$waitForClusterToBeReady$0(145)) - Cluster is ready. Got 0 of 0 DN Heartbeats.
2019-09-17 12:49:21,622 [pool-7-thread-1] INFO  commands.RetriableDatanodeEventWatcher (RetriableDatanodeEventWatcher.java:onTimeout(47)) - RetriableDatanodeCommand type=deleteBlocksCommand with id=1568724556011 timed out. Retrying.
2019-09-17 12:49:21,622 [main] INFO  impl.MetricsSystemImpl (MetricsSystemImpl.java:init(158)) - HddsDatanode metrics system started (again)
2019-09-17 12:49:21,639 [pool-7-thread-1] INFO  commands.RetriableDatanodeEventWatcher (RetriableDatanodeEventWatcher.java:onTimeout(47)) - RetriableDatanodeCommand type=deleteBlocksCommand with id=1568724556021 timed out. Retrying.
2019-09-17 12:49:21,658 [pool-7-thread-1] INFO  commands.RetriableDatanodeEventWatcher (RetriableDatanodeEventWatcher.java:onTimeout(47)) - RetriableDatanodeCommand type=deleteBlocksCommand with id=1568724556031 timed out. Retrying.
2019-09-17 12:49:21,663 [main] INFO  ozone.HddsDatanodeService (HddsDatanodeService.java:start(184)) - HddsDatanodeService host:pr-hdds-2142-clczg-3805722443 ip:192.168.34.33
2019-09-17 12:49:21,666 [main] INFO  volume.VolumeUsage (VolumeUsage.java:loadScmUsed(144)) - Cached ScmUsed found for /workdir/hadoop-ozone/integration-test/target/test-dir/MiniOzoneClusterImpl-c23a8398-3c1b-4fe5-9bc4-5abc7f29ee92/datanode-0/data/containers : 4096 
2019-09-17 12:49:21,667 [main] INFO  volume.HddsVolume (HddsVolume.java:<init>(176)) - Creating Volume: /workdir/hadoop-ozone/integration-test/target/test-dir/MiniOzoneClusterImpl-c23a8398-3c1b-4fe5-9bc4-5abc7f29ee92/datanode-0/data/containers/hdds of  storage type : DISK and capacity : 1482555576320
2019-09-17 12:49:21,667 [main] INFO  volume.VolumeSet (VolumeSet.java:initializeVolumeSet(170)) - Added Volume : /workdir/hadoop-ozone/integration-test/target/test-dir/MiniOzoneClusterImpl-c23a8398-3c1b-4fe5-9bc4-5abc7f29ee92/datanode-0/data/containers/hdds to VolumeSet
2019-09-17 12:49:21,668 [main] INFO  volume.ThrottledAsyncChecker (ThrottledAsyncChecker.java:schedule(139)) - Scheduling a check for org.apache.hadoop.ozone.container.common.volume.HddsVolume@6801b414
2019-09-17 12:49:21,668 [main] INFO  volume.HddsVolumeChecker (HddsVolumeChecker.java:checkAllVolumes(202)) - Scheduled health check for volume org.apache.hadoop.ozone.container.common.volume.HddsVolume@6801b414
2019-09-17 12:49:21,674 [pool-7-thread-1] INFO  commands.RetriableDatanodeEventWatcher (RetriableDatanodeEventWatcher.java:onTimeout(47)) - RetriableDatanodeCommand type=deleteBlocksCommand with id=1568724556041 timed out. Retrying.
2019-09-17 12:49:21,690 [pool-7-thread-1] INFO  commands.RetriableDatanodeEventWatcher (RetriableDatanodeEventWatcher.java:onTimeout(47)) - RetriableDatanodeCommand type=deleteBlocksCommand with id=1568724556051 timed out. Retrying.
2019-09-17 12:49:21,709 [SCMBlockDeletingService#1] DEBUG block.SCMBlockDeletingService (SCMBlockDeletingService.java:call(138)) - Running DeletedBlockTransactionScanner
2019-09-17 12:49:21,709 [SCMBlockDeletingService#1] DEBUG block.SCMBlockDeletingService (SCMBlockDeletingService.java:call(155)) - Scanned deleted blocks log and got 3 delTX to process.
2019-09-17 12:49:21,710 [SCMBlockDeletingService#1] DEBUG block.SCMBlockDeletingService (SCMBlockDeletingService.java:call(171)) - Added delete block command for datanode cb20f782-9136-4144-a2ef-e44461d35697 in the queue, number of delete block transactions: 3, TxID list: 1,2,3
2019-09-17 12:49:21,710 [SCMBlockDeletingService#1] INFO  block.SCMBlockDeletingService (SCMBlockDeletingService.java:call(182)) - Totally added 3 delete blocks command for 1 datanodes, task elapsed time: 1ms
2019-09-17 12:49:21,722 [pool-7-thread-1] INFO  commands.RetriableDatanodeEventWatcher (RetriableDatanodeEventWatcher.java:onTimeout(47)) - RetriableDatanodeCommand type=deleteBlocksCommand with id=1568724556012 timed out. Retrying.
2019-09-17 12:49:21,739 [pool-7-thread-1] INFO  commands.RetriableDatanodeEventWatcher (RetriableDatanodeEventWatcher.java:onTimeout(47)) - RetriableDatanodeCommand type=deleteBlocksCommand with id=1568724556022 timed out. Retrying.
2019-09-17 12:49:21,760 [pool-7-thread-1] INFO  commands.RetriableDatanodeEventWatcher (RetriableDatanodeEventWatcher.java:onTimeout(47)) - RetriableDatanodeCommand type=deleteBlocksCommand with id=1568724556032 timed out. Retrying.
2019-09-17 12:49:21,763 [main] INFO  impl.RaftServerProxy (ConfUtils.java:logGet(43)) - raft.rpc.type = GRPC (default)
2019-09-17 12:49:21,764 [main] INFO  grpc.GrpcFactory (GrpcFactory.java:checkPooledByteBufAllocatorUseCacheForAllThreads(45)) - PERFORMANCE WARNING: useCacheForAllThreads is true that may cause Netty to create a lot garbage objects and, as a result, trigger GC.
	It is recommended to disable useCacheForAllThreads by setting -Dorg.apache.ratis.thirdparty.io.netty.allocator.useCacheForAllThreads=false in command line.
2019-09-17 12:49:21,764 [main] INFO  grpc.GrpcConfigKeys$Server (ConfUtils.java:logGet(43)) - raft.grpc.server.port = 44783 (custom)
2019-09-17 12:49:21,764 [main] INFO  server.GrpcService (ConfUtils.java:logGet(43)) - raft.grpc.message.size.max = 33570816 (custom)
2019-09-17 12:49:21,765 [main] INFO  server.RaftServerConfigKeys (ConfUtils.java:logGet(43)) - raft.server.log.appender.buffer.byte-limit = 33554432 (custom)
2019-09-17 12:49:21,765 [main] INFO  server.GrpcService (ConfUtils.java:logGet(43)) - raft.grpc.flow.control.window = 1MB (=1048576) (default)
2019-09-17 12:49:21,765 [main] INFO  server.RaftServerConfigKeys (ConfUtils.java:logGet(43)) - raft.server.rpc.request.timeout = 3000ms (default)
2019-09-17 12:49:21,766 [main] INFO  server.RaftServerConfigKeys (ConfUtils.java:logGet(43)) - raft.server.storage.dir = [/workdir/hadoop-ozone/integration-test/target/test-dir/MiniOzoneClusterImpl-c23a8398-3c1b-4fe5-9bc4-5abc7f29ee92/datanode-0/data/ratis] (custom)
2019-09-17 12:49:21,767 [main] INFO  impl.RaftServerProxy (RaftServerProxy.java:lambda$null$0(191)) - cb20f782-9136-4144-a2ef-e44461d35697: found a subdirectory /workdir/hadoop-ozone/integration-test/target/test-dir/MiniOzoneClusterImpl-c23a8398-3c1b-4fe5-9bc4-5abc7f29ee92/datanode-0/data/ratis/30c69085-8df5-4d18-8bee-ef222054bc57
2019-09-17 12:49:21,769 [main] INFO  impl.RaftServerProxy (RaftServerProxy.java:addNew(89)) - cb20f782-9136-4144-a2ef-e44461d35697: addNew group-EF222054BC57:[] returns group-EF222054BC57:java.util.concurrent.CompletableFuture@436bd4df[Not completed]
2019-09-17 12:49:21,772 [pool-592-thread-1] INFO  impl.RaftServerImpl (RaftServerImpl.java:<init>(95)) - cb20f782-9136-4144-a2ef-e44461d35697: new RaftServerImpl for group-EF222054BC57:[] with ContainerStateMachine:uninitialized
2019-09-17 12:49:21,773 [pool-592-thread-1] INFO  server.RaftServerConfigKeys (ConfUtils.java:logGet(43)) - raft.server.rpc.timeout.min = 5s (custom)
2019-09-17 12:49:21,773 [pool-592-thread-1] INFO  server.RaftServerConfigKeys (ConfUtils.java:logGet(43)) - raft.server.rpc.timeout.max = 5200ms (custom)
2019-09-17 12:49:21,773 [pool-592-thread-1] INFO  server.RaftServerConfigKeys (ConfUtils.java:logGet(43)) - raft.server.rpcslowness.timeout = 120s (custom)
2019-09-17 12:49:21,773 [pool-592-thread-1] INFO  server.RaftServerConfigKeys (ConfUtils.java:logGet(43)) - raft.server.sleep.deviation.threshold = 300 (default)
2019-09-17 12:49:21,773 [pool-592-thread-1] INFO  server.RaftServerConfigKeys (ConfUtils.java:logGet(43)) - raft.server.log.appender.install.snapshot.enabled = false (custom)
2019-09-17 12:49:21,774 [pool-592-thread-1] INFO  impl.RaftServerImpl (ServerState.java:<init>(103)) - cb20f782-9136-4144-a2ef-e44461d35697@group-EF222054BC57: ConfigurationManager, init=-1: [], old=null, confs=<EMPTY_MAP>
2019-09-17 12:49:21,774 [pool-592-thread-1] INFO  server.RaftServerConfigKeys (ConfUtils.java:logGet(43)) - raft.server.storage.dir = [/workdir/hadoop-ozone/integration-test/target/test-dir/MiniOzoneClusterImpl-c23a8398-3c1b-4fe5-9bc4-5abc7f29ee92/datanode-0/data/ratis] (custom)
2019-09-17 12:49:21,774 [main] INFO  hdfs.DFSUtil (DFSUtil.java:httpServerTemplateForNNAndJN(1641)) - Starting Web-server for hddsDatanode at: http://0.0.0.0:41532
2019-09-17 12:49:21,776 [pool-7-thread-1] INFO  commands.RetriableDatanodeEventWatcher (RetriableDatanodeEventWatcher.java:onTimeout(47)) - RetriableDatanodeCommand type=deleteBlocksCommand with id=1568724556042 timed out. Retrying.
2019-09-17 12:49:21,776 [main] INFO  server.AuthenticationFilter (AuthenticationFilter.java:constructSecretProvider(240)) - Unable to initialize FileSignerSecretProvider, falling back to use random secrets.
2019-09-17 12:49:21,777 [main] WARN  http.HttpRequestLog (HttpRequestLog.java:getRequestLog(97)) - Jetty request log can only be enabled using Log4j
2019-09-17 12:49:21,780 [main] INFO  http.HttpServer2 (HttpServer2.java:addGlobalFilter(975)) - Added global filter 'safety' (class=org.apache.hadoop.http.HttpServer2$QuotingInputFilter)
2019-09-17 12:49:21,780 [main] INFO  http.HttpServer2 (HttpServer2.java:addFilter(948)) - Added filter static_user_filter (class=org.apache.hadoop.http.lib.StaticUserWebFilter$StaticUserFilter) to context hddsDatanode
2019-09-17 12:49:21,781 [main] INFO  http.HttpServer2 (HttpServer2.java:addFilter(958)) - Added filter static_user_filter (class=org.apache.hadoop.http.lib.StaticUserWebFilter$StaticUserFilter) to context static
2019-09-17 12:49:21,781 [main] INFO  http.HttpServer2 (HttpServer2.java:addFilter(958)) - Added filter static_user_filter (class=org.apache.hadoop.http.lib.StaticUserWebFilter$StaticUserFilter) to context logs
2019-09-17 12:49:21,782 [main] INFO  http.HttpServer2 (HttpServer2.java:bindListener(1191)) - Jetty bound to port 41532
2019-09-17 12:49:21,782 [main] INFO  server.Server (Server.java:doStart(351)) - jetty-9.3.24.v20180605, build timestamp: 2018-06-05T17:11:56Z, git hash: 84205aa28f11a4f31f2a3b86d1bba2cc8ab69827
2019-09-17 12:49:21,784 [main] INFO  handler.ContextHandler (ContextHandler.java:doStart(781)) - Started o.e.j.s.ServletContextHandler@7be1ce6a{/logs,file:///workdir/hadoop-ozone/integration-test/target/log,AVAILABLE}
2019-09-17 12:49:21,785 [main] INFO  handler.ContextHandler (ContextHandler.java:doStart(781)) - Started o.e.j.s.ServletContextHandler@6dc9da2d{/static,jar:file:/home/user/.m2/repository/org/apache/hadoop/hadoop-hdds-container-service/0.5.0-SNAPSHOT/hadoop-hdds-container-service-0.5.0-SNAPSHOT.jar!/webapps/static,AVAILABLE}
2019-09-17 12:49:21,791 [pool-7-thread-1] INFO  commands.RetriableDatanodeEventWatcher (RetriableDatanodeEventWatcher.java:onTimeout(47)) - RetriableDatanodeCommand type=deleteBlocksCommand with id=1568724556052 timed out. Retrying.
2019-09-17 12:49:21,810 [SCMBlockDeletingService#1] DEBUG block.SCMBlockDeletingService (SCMBlockDeletingService.java:call(138)) - Running DeletedBlockTransactionScanner
2019-09-17 12:49:21,811 [SCMBlockDeletingService#1] DEBUG block.SCMBlockDeletingService (SCMBlockDeletingService.java:call(155)) - Scanned deleted blocks log and got 3 delTX to process.
2019-09-17 12:49:21,811 [SCMBlockDeletingService#1] DEBUG block.SCMBlockDeletingService (SCMBlockDeletingService.java:call(171)) - Added delete block command for datanode cb20f782-9136-4144-a2ef-e44461d35697 in the queue, number of delete block transactions: 3, TxID list: 1,2,3
2019-09-17 12:49:21,811 [SCMBlockDeletingService#1] INFO  block.SCMBlockDeletingService (SCMBlockDeletingService.java:call(182)) - Totally added 3 delete blocks command for 1 datanodes, task elapsed time: 1ms
2019-09-17 12:49:21,822 [main] INFO  handler.ContextHandler (ContextHandler.java:doStart(781)) - Started o.e.j.w.WebAppContext@52b3bf03{/,file:///tmp/jetty-0.0.0.0-41532-hddsDatanode-_-any-5680667680839108088.dir/webapp/,AVAILABLE}{/hddsDatanode}
2019-09-17 12:49:21,823 [main] INFO  server.AbstractConnector (AbstractConnector.java:doStart(278)) - Started ServerConnector@7cca01a8{HTTP/1.1,[http/1.1]}{0.0.0.0:41532}
2019-09-17 12:49:21,824 [main] INFO  server.Server (Server.java:doStart(419)) - Started @80931ms
2019-09-17 12:49:21,824 [main] WARN  impl.MetricsSystemImpl (MetricsSystemImpl.java:register(276)) - Sink prometheus already exists!
2019-09-17 12:49:21,825 [main] INFO  server.BaseHttpServer (BaseHttpServer.java:updateConnectorAddress(215)) - HTTP server of HDDSDATANODE is listening at http://0.0.0.0:41532
2019-09-17 12:49:21,825 [pool-7-thread-1] INFO  commands.RetriableDatanodeEventWatcher (RetriableDatanodeEventWatcher.java:onTimeout(47)) - RetriableDatanodeCommand type=deleteBlocksCommand with id=1568724556013 timed out. Retrying.
2019-09-17 12:49:21,825 [main] INFO  ozone.MiniOzoneClusterImpl (MiniOzoneClusterImpl.java:lambda$waitForClusterToBeReady$0(145)) - Waiting for cluster to be ready. Got 0 of 1 DN Heartbeats.
2019-09-17 12:49:21,827 [org.apache.hadoop.util.JvmPauseMonitor$Monitor@41007150] INFO  util.JvmPauseMonitor (JvmPauseMonitor.java:run(188)) - Starting JVM pause monitor
2019-09-17 12:49:21,845 [pool-7-thread-1] INFO  commands.RetriableDatanodeEventWatcher (RetriableDatanodeEventWatcher.java:onTimeout(47)) - RetriableDatanodeCommand type=deleteBlocksCommand with id=1568724556023 timed out. Retrying.
2019-09-17 12:49:21,860 [pool-7-thread-1] INFO  commands.RetriableDatanodeEventWatcher (RetriableDatanodeEventWatcher.java:onTimeout(47)) - RetriableDatanodeCommand type=deleteBlocksCommand with id=1568724556033 timed out. Retrying.
2019-09-17 12:49:21,877 [pool-7-thread-1] INFO  commands.RetriableDatanodeEventWatcher (RetriableDatanodeEventWatcher.java:onTimeout(47)) - RetriableDatanodeCommand type=deleteBlocksCommand with id=1568724556043 timed out. Retrying.
2019-09-17 12:49:21,893 [pool-7-thread-1] INFO  commands.RetriableDatanodeEventWatcher (RetriableDatanodeEventWatcher.java:onTimeout(47)) - RetriableDatanodeCommand type=deleteBlocksCommand with id=1568724556053 timed out. Retrying.
2019-09-17 12:49:21,912 [SCMBlockDeletingService#1] DEBUG block.SCMBlockDeletingService (SCMBlockDeletingService.java:call(138)) - Running DeletedBlockTransactionScanner
2019-09-17 12:49:21,912 [SCMBlockDeletingService#1] DEBUG block.SCMBlockDeletingService (SCMBlockDeletingService.java:call(155)) - Scanned deleted blocks log and got 3 delTX to process.
2019-09-17 12:49:21,912 [SCMBlockDeletingService#1] DEBUG block.SCMBlockDeletingService (SCMBlockDeletingService.java:call(171)) - Added delete block command for datanode cb20f782-9136-4144-a2ef-e44461d35697 in the queue, number of delete block transactions: 3, TxID list: 1,2,3
2019-09-17 12:49:21,913 [SCMBlockDeletingService#1] INFO  block.SCMBlockDeletingService (SCMBlockDeletingService.java:call(182)) - Totally added 3 delete blocks command for 1 datanodes, task elapsed time: 1ms
2019-09-17 12:49:21,926 [pool-7-thread-1] INFO  commands.RetriableDatanodeEventWatcher (RetriableDatanodeEventWatcher.java:onTimeout(47)) - RetriableDatanodeCommand type=deleteBlocksCommand with id=1568724556014 timed out. Retrying.
2019-09-17 12:49:21,944 [pool-7-thread-1] INFO  commands.RetriableDatanodeEventWatcher (RetriableDatanodeEventWatcher.java:onTimeout(47)) - RetriableDatanodeCommand type=deleteBlocksCommand with id=1568724556024 timed out. Retrying.
2019-09-17 12:49:21,963 [pool-7-thread-1] INFO  commands.RetriableDatanodeEventWatcher (RetriableDatanodeEventWatcher.java:onTimeout(47)) - RetriableDatanodeCommand type=deleteBlocksCommand with id=1568724556034 timed out. Retrying.
2019-09-17 12:49:21,979 [pool-7-thread-1] INFO  commands.RetriableDatanodeEventWatcher (RetriableDatanodeEventWatcher.java:onTimeout(47)) - RetriableDatanodeCommand type=deleteBlocksCommand with id=1568724556044 timed out. Retrying.
2019-09-17 12:49:21,995 [pool-7-thread-1] INFO  commands.RetriableDatanodeEventWatcher (RetriableDatanodeEventWatcher.java:onTimeout(47)) - RetriableDatanodeCommand type=deleteBlocksCommand with id=1568724556054 timed out. Retrying.
2019-09-17 12:49:22,010 [pool-7-thread-1] INFO  commands.RetriableDatanodeEventWatcher (RetriableDatanodeEventWatcher.java:onTimeout(47)) - RetriableDatanodeCommand type=deleteBlocksCommand with id=1568724556005 timed out. Retrying.
2019-09-17 12:49:22,013 [SCMBlockDeletingService#1] DEBUG block.SCMBlockDeletingService (SCMBlockDeletingService.java:call(138)) - Running DeletedBlockTransactionScanner
2019-09-17 12:49:22,014 [SCMBlockDeletingService#1] DEBUG block.SCMBlockDeletingService (SCMBlockDeletingService.java:call(155)) - Scanned deleted blocks log and got 3 delTX to process.
2019-09-17 12:49:22,014 [SCMBlockDeletingService#1] DEBUG block.SCMBlockDeletingService (SCMBlockDeletingService.java:call(171)) - Added delete block command for datanode cb20f782-9136-4144-a2ef-e44461d35697 in the queue, number of delete block transactions: 3, TxID list: 1,2,3
2019-09-17 12:49:22,014 [SCMBlockDeletingService#1] INFO  block.SCMBlockDeletingService (SCMBlockDeletingService.java:call(182)) - Totally added 3 delete blocks command for 1 datanodes, task elapsed time: 2ms
2019-09-17 12:49:22,027 [pool-7-thread-1] INFO  commands.RetriableDatanodeEventWatcher (RetriableDatanodeEventWatcher.java:onTimeout(47)) - RetriableDatanodeCommand type=deleteBlocksCommand with id=1568724556015 timed out. Retrying.
2019-09-17 12:49:22,050 [pool-7-thread-1] INFO  commands.RetriableDatanodeEventWatcher (RetriableDatanodeEventWatcher.java:onTimeout(47)) - RetriableDatanodeCommand type=deleteBlocksCommand with id=1568724556025 timed out. Retrying.
2019-09-17 12:49:22,063 [pool-7-thread-1] INFO  commands.RetriableDatanodeEventWatcher (RetriableDatanodeEventWatcher.java:onTimeout(47)) - RetriableDatanodeCommand type=deleteBlocksCommand with id=1568724556035 timed out. Retrying.
2019-09-17 12:49:22,082 [pool-7-thread-1] INFO  commands.RetriableDatanodeEventWatcher (RetriableDatanodeEventWatcher.java:onTimeout(47)) - RetriableDatanodeCommand type=deleteBlocksCommand with id=1568724556045 timed out. Retrying.
2019-09-17 12:49:22,099 [pool-7-thread-1] INFO  commands.RetriableDatanodeEventWatcher (RetriableDatanodeEventWatcher.java:onTimeout(47)) - RetriableDatanodeCommand type=deleteBlocksCommand with id=1568724556055 timed out. Retrying.
2019-09-17 12:49:22,112 [pool-7-thread-1] INFO  commands.RetriableDatanodeEventWatcher (RetriableDatanodeEventWatcher.java:onTimeout(47)) - RetriableDatanodeCommand type=deleteBlocksCommand with id=1568724556006 timed out. Retrying.
2019-09-17 12:49:22,115 [SCMBlockDeletingService#1] DEBUG block.SCMBlockDeletingService (SCMBlockDeletingService.java:call(138)) - Running DeletedBlockTransactionScanner
2019-09-17 12:49:22,115 [SCMBlockDeletingService#1] DEBUG block.SCMBlockDeletingService (SCMBlockDeletingService.java:call(155)) - Scanned deleted blocks log and got 3 delTX to process.
2019-09-17 12:49:22,115 [SCMBlockDeletingService#1] DEBUG block.SCMBlockDeletingService (SCMBlockDeletingService.java:call(171)) - Added delete block command for datanode cb20f782-9136-4144-a2ef-e44461d35697 in the queue, number of delete block transactions: 3, TxID list: 1,2,3
2019-09-17 12:49:22,116 [SCMBlockDeletingService#1] INFO  block.SCMBlockDeletingService (SCMBlockDeletingService.java:call(182)) - Totally added 3 delete blocks command for 1 datanodes, task elapsed time: 1ms
2019-09-17 12:49:22,132 [pool-7-thread-1] INFO  commands.RetriableDatanodeEventWatcher (RetriableDatanodeEventWatcher.java:onTimeout(47)) - RetriableDatanodeCommand type=deleteBlocksCommand with id=1568724556016 timed out. Retrying.
2019-09-17 12:49:22,147 [pool-7-thread-1] INFO  commands.RetriableDatanodeEventWatcher (RetriableDatanodeEventWatcher.java:onTimeout(47)) - RetriableDatanodeCommand type=deleteBlocksCommand with id=1568724556026 timed out. Retrying.
2019-09-17 12:49:22,165 [pool-7-thread-1] INFO  commands.RetriableDatanodeEventWatcher (RetriableDatanodeEventWatcher.java:onTimeout(47)) - RetriableDatanodeCommand type=deleteBlocksCommand with id=1568724556036 timed out. Retrying.
2019-09-17 12:49:22,184 [pool-7-thread-1] INFO  commands.RetriableDatanodeEventWatcher (RetriableDatanodeEventWatcher.java:onTimeout(47)) - RetriableDatanodeCommand type=deleteBlocksCommand with id=1568724556046 timed out. Retrying.
2019-09-17 12:49:22,203 [pool-7-thread-1] INFO  commands.RetriableDatanodeEventWatcher (RetriableDatanodeEventWatcher.java:onTimeout(47)) - RetriableDatanodeCommand type=deleteBlocksCommand with id=1568724556056 timed out. Retrying.
2019-09-17 12:49:22,215 [pool-7-thread-1] INFO  commands.RetriableDatanodeEventWatcher (RetriableDatanodeEventWatcher.java:onTimeout(47)) - RetriableDatanodeCommand type=deleteBlocksCommand with id=1568724556007 timed out. Retrying.
2019-09-17 12:49:22,216 [SCMBlockDeletingService#1] DEBUG block.SCMBlockDeletingService (SCMBlockDeletingService.java:call(138)) - Running DeletedBlockTransactionScanner
2019-09-17 12:49:22,217 [SCMBlockDeletingService#1] DEBUG block.SCMBlockDeletingService (SCMBlockDeletingService.java:call(155)) - Scanned deleted blocks log and got 3 delTX to process.
2019-09-17 12:49:22,217 [SCMBlockDeletingService#1] DEBUG block.SCMBlockDeletingService (SCMBlockDeletingService.java:call(171)) - Added delete block command for datanode cb20f782-9136-4144-a2ef-e44461d35697 in the queue, number of delete block transactions: 3, TxID list: 1,2,3
2019-09-17 12:49:22,217 [SCMBlockDeletingService#1] INFO  block.SCMBlockDeletingService (SCMBlockDeletingService.java:call(182)) - Totally added 3 delete blocks command for 1 datanodes, task elapsed time: 1ms
2019-09-17 12:49:22,230 [pool-7-thread-1] INFO  commands.RetriableDatanodeEventWatcher (RetriableDatanodeEventWatcher.java:onTimeout(47)) - RetriableDatanodeCommand type=deleteBlocksCommand with id=1568724556017 timed out. Retrying.
2019-09-17 12:49:22,251 [pool-7-thread-1] INFO  commands.RetriableDatanodeEventWatcher (RetriableDatanodeEventWatcher.java:onTimeout(47)) - RetriableDatanodeCommand type=deleteBlocksCommand with id=1568724556027 timed out. Retrying.
2019-09-17 12:49:22,266 [pool-7-thread-1] INFO  commands.RetriableDatanodeEventWatcher (RetriableDatanodeEventWatcher.java:onTimeout(47)) - RetriableDatanodeCommand type=deleteBlocksCommand with id=1568724556037 timed out. Retrying.
2019-09-17 12:49:22,285 [pool-7-thread-1] INFO  commands.RetriableDatanodeEventWatcher (RetriableDatanodeEventWatcher.java:onTimeout(47)) - RetriableDatanodeCommand type=deleteBlocksCommand with id=1568724556047 timed out. Retrying.
2019-09-17 12:49:22,305 [pool-7-thread-1] INFO  commands.RetriableDatanodeEventWatcher (RetriableDatanodeEventWatcher.java:onTimeout(47)) - RetriableDatanodeCommand type=deleteBlocksCommand with id=1568724556057 timed out. Retrying.
2019-09-17 12:49:22,317 [pool-7-thread-1] INFO  commands.RetriableDatanodeEventWatcher (RetriableDatanodeEventWatcher.java:onTimeout(47)) - RetriableDatanodeCommand type=deleteBlocksCommand with id=1568724556008 timed out. Retrying.
2019-09-17 12:49:22,318 [SCMBlockDeletingService#1] DEBUG block.SCMBlockDeletingService (SCMBlockDeletingService.java:call(138)) - Running DeletedBlockTransactionScanner
2019-09-17 12:49:22,318 [SCMBlockDeletingService#1] DEBUG block.SCMBlockDeletingService (SCMBlockDeletingService.java:call(155)) - Scanned deleted blocks log and got 3 delTX to process.
2019-09-17 12:49:22,318 [SCMBlockDeletingService#1] DEBUG block.SCMBlockDeletingService (SCMBlockDeletingService.java:call(171)) - Added delete block command for datanode cb20f782-9136-4144-a2ef-e44461d35697 in the queue, number of delete block transactions: 3, TxID list: 1,2,3
2019-09-17 12:49:22,319 [SCMBlockDeletingService#1] INFO  block.SCMBlockDeletingService (SCMBlockDeletingService.java:call(182)) - Totally added 3 delete blocks command for 1 datanodes, task elapsed time: 1ms
2019-09-17 12:49:22,334 [pool-7-thread-1] INFO  commands.RetriableDatanodeEventWatcher (RetriableDatanodeEventWatcher.java:onTimeout(47)) - RetriableDatanodeCommand type=deleteBlocksCommand with id=1568724556018 timed out. Retrying.
2019-09-17 12:49:22,350 [pool-7-thread-1] INFO  commands.RetriableDatanodeEventWatcher (RetriableDatanodeEventWatcher.java:onTimeout(47)) - RetriableDatanodeCommand type=deleteBlocksCommand with id=1568724556028 timed out. Retrying.
2019-09-17 12:49:22,370 [pool-7-thread-1] INFO  commands.RetriableDatanodeEventWatcher (RetriableDatanodeEventWatcher.java:onTimeout(47)) - RetriableDatanodeCommand type=deleteBlocksCommand with id=1568724556038 timed out. Retrying.
2019-09-17 12:49:22,385 [pool-7-thread-1] INFO  commands.RetriableDatanodeEventWatcher (RetriableDatanodeEventWatcher.java:onTimeout(47)) - RetriableDatanodeCommand type=deleteBlocksCommand with id=1568724556048 timed out. Retrying.
2019-09-17 12:49:22,406 [pool-7-thread-1] INFO  commands.RetriableDatanodeEventWatcher (RetriableDatanodeEventWatcher.java:onTimeout(47)) - RetriableDatanodeCommand type=deleteBlocksCommand with id=1568724556058 timed out. Retrying.
2019-09-17 12:49:22,418 [pool-7-thread-1] INFO  commands.RetriableDatanodeEventWatcher (RetriableDatanodeEventWatcher.java:onTimeout(47)) - RetriableDatanodeCommand type=deleteBlocksCommand with id=1568724556009 timed out. Retrying.
2019-09-17 12:49:22,419 [SCMBlockDeletingService#1] DEBUG block.SCMBlockDeletingService (SCMBlockDeletingService.java:call(138)) - Running DeletedBlockTransactionScanner
2019-09-17 12:49:22,420 [SCMBlockDeletingService#1] DEBUG block.SCMBlockDeletingService (SCMBlockDeletingService.java:call(155)) - Scanned deleted blocks log and got 3 delTX to process.
2019-09-17 12:49:22,420 [SCMBlockDeletingService#1] DEBUG block.SCMBlockDeletingService (SCMBlockDeletingService.java:call(171)) - Added delete block command for datanode cb20f782-9136-4144-a2ef-e44461d35697 in the queue, number of delete block transactions: 3, TxID list: 1,2,3
2019-09-17 12:49:22,420 [SCMBlockDeletingService#1] INFO  block.SCMBlockDeletingService (SCMBlockDeletingService.java:call(182)) - Totally added 3 delete blocks command for 1 datanodes, task elapsed time: 1ms
2019-09-17 12:49:22,434 [pool-7-thread-1] INFO  commands.RetriableDatanodeEventWatcher (RetriableDatanodeEventWatcher.java:onTimeout(47)) - RetriableDatanodeCommand type=deleteBlocksCommand with id=1568724556019 timed out. Retrying.
2019-09-17 12:49:22,454 [pool-7-thread-1] INFO  commands.RetriableDatanodeEventWatcher (RetriableDatanodeEventWatcher.java:onTimeout(47)) - RetriableDatanodeCommand type=deleteBlocksCommand with id=1568724556029 timed out. Retrying.
2019-09-17 12:49:22,470 [pool-7-thread-1] INFO  commands.RetriableDatanodeEventWatcher (RetriableDatanodeEventWatcher.java:onTimeout(47)) - RetriableDatanodeCommand type=deleteBlocksCommand with id=1568724556039 timed out. Retrying.
2019-09-17 12:49:22,487 [pool-7-thread-1] INFO  commands.RetriableDatanodeEventWatcher (RetriableDatanodeEventWatcher.java:onTimeout(47)) - RetriableDatanodeCommand type=deleteBlocksCommand with id=1568724556049 timed out. Retrying.
2019-09-17 12:49:22,507 [pool-7-thread-1] INFO  commands.RetriableDatanodeEventWatcher (RetriableDatanodeEventWatcher.java:onTimeout(47)) - RetriableDatanodeCommand type=deleteBlocksCommand with id=1568724556059 timed out. Retrying.
2019-09-17 12:49:22,521 [SCMBlockDeletingService#1] DEBUG block.SCMBlockDeletingService (SCMBlockDeletingService.java:call(138)) - Running DeletedBlockTransactionScanner
2019-09-17 12:49:22,521 [pool-7-thread-1] INFO  commands.RetriableDatanodeEventWatcher (RetriableDatanodeEventWatcher.java:onTimeout(47)) - RetriableDatanodeCommand type=deleteBlocksCommand with id=1568724556010 timed out. Retrying.
2019-09-17 12:49:22,522 [SCMBlockDeletingService#1] DEBUG block.SCMBlockDeletingService (SCMBlockDeletingService.java:call(155)) - Scanned deleted blocks log and got 3 delTX to process.
2019-09-17 12:49:22,522 [SCMBlockDeletingService#1] DEBUG block.SCMBlockDeletingService (SCMBlockDeletingService.java:call(171)) - Added delete block command for datanode cb20f782-9136-4144-a2ef-e44461d35697 in the queue, number of delete block transactions: 3, TxID list: 1,2,3
2019-09-17 12:49:22,522 [SCMBlockDeletingService#1] INFO  block.SCMBlockDeletingService (SCMBlockDeletingService.java:call(182)) - Totally added 3 delete blocks command for 1 datanodes, task elapsed time: 2ms
2019-09-17 12:49:22,537 [pool-7-thread-1] INFO  commands.RetriableDatanodeEventWatcher (RetriableDatanodeEventWatcher.java:onTimeout(47)) - RetriableDatanodeCommand type=deleteBlocksCommand with id=1568724556020 timed out. Retrying.
2019-09-17 12:49:22,556 [pool-7-thread-1] INFO  commands.RetriableDatanodeEventWatcher (RetriableDatanodeEventWatcher.java:onTimeout(47)) - RetriableDatanodeCommand type=deleteBlocksCommand with id=1568724556030 timed out. Retrying.
2019-09-17 12:49:22,573 [pool-7-thread-1] INFO  commands.RetriableDatanodeEventWatcher (RetriableDatanodeEventWatcher.java:onTimeout(47)) - RetriableDatanodeCommand type=deleteBlocksCommand with id=1568724556040 timed out. Retrying.
2019-09-17 12:49:22,590 [pool-7-thread-1] INFO  commands.RetriableDatanodeEventWatcher (RetriableDatanodeEventWatcher.java:onTimeout(47)) - RetriableDatanodeCommand type=deleteBlocksCommand with id=1568724556050 timed out. Retrying.
2019-09-17 12:49:22,608 [pool-7-thread-1] INFO  commands.RetriableDatanodeEventWatcher (RetriableDatanodeEventWatcher.java:onTimeout(47)) - RetriableDatanodeCommand type=deleteBlocksCommand with id=1568724556060 timed out. Retrying.
2019-09-17 12:49:22,622 [pool-7-thread-1] INFO  commands.RetriableDatanodeEventWatcher (RetriableDatanodeEventWatcher.java:onTimeout(47)) - RetriableDatanodeCommand type=deleteBlocksCommand with id=1568724556011 timed out. Retrying.
2019-09-17 12:49:22,623 [SCMBlockDeletingService#1] DEBUG block.SCMBlockDeletingService (SCMBlockDeletingService.java:call(138)) - Running DeletedBlockTransactionScanner
2019-09-17 12:49:22,623 [SCMBlockDeletingService#1] DEBUG block.SCMBlockDeletingService (SCMBlockDeletingService.java:call(155)) - Scanned deleted blocks log and got 3 delTX to process.
2019-09-17 12:49:22,623 [SCMBlockDeletingService#1] DEBUG block.SCMBlockDeletingService (SCMBlockDeletingService.java:call(171)) - Added delete block command for datanode cb20f782-9136-4144-a2ef-e44461d35697 in the queue, number of delete block transactions: 3, TxID list: 1,2,3
2019-09-17 12:49:22,624 [SCMBlockDeletingService#1] INFO  block.SCMBlockDeletingService (SCMBlockDeletingService.java:call(182)) - Totally added 3 delete blocks command for 1 datanodes, task elapsed time: 2ms
2019-09-17 12:49:22,640 [pool-7-thread-1] INFO  commands.RetriableDatanodeEventWatcher (RetriableDatanodeEventWatcher.java:onTimeout(47)) - RetriableDatanodeCommand type=deleteBlocksCommand with id=1568724556021 timed out. Retrying.
2019-09-17 12:49:22,657 [pool-7-thread-1] INFO  commands.RetriableDatanodeEventWatcher (RetriableDatanodeEventWatcher.java:onTimeout(47)) - RetriableDatanodeCommand type=deleteBlocksCommand with id=1568724556031 timed out. Retrying.
2019-09-17 12:49:22,675 [pool-7-thread-1] INFO  commands.RetriableDatanodeEventWatcher (RetriableDatanodeEventWatcher.java:onTimeout(47)) - RetriableDatanodeCommand type=deleteBlocksCommand with id=1568724556041 timed out. Retrying.
2019-09-17 12:49:22,690 [pool-7-thread-1] INFO  commands.RetriableDatanodeEventWatcher (RetriableDatanodeEventWatcher.java:onTimeout(47)) - RetriableDatanodeCommand type=deleteBlocksCommand with id=1568724556051 timed out. Retrying.
2019-09-17 12:49:22,709 [pool-7-thread-1] INFO  commands.RetriableDatanodeEventWatcher (RetriableDatanodeEventWatcher.java:onTimeout(47)) - RetriableDatanodeCommand type=deleteBlocksCommand with id=1568724556061 timed out. Retrying.
2019-09-17 12:49:22,722 [pool-7-thread-1] INFO  commands.RetriableDatanodeEventWatcher (RetriableDatanodeEventWatcher.java:onTimeout(47)) - RetriableDatanodeCommand type=deleteBlocksCommand with id=1568724556012 timed out. Retrying.
2019-09-17 12:49:22,725 [SCMBlockDeletingService#1] DEBUG block.SCMBlockDeletingService (SCMBlockDeletingService.java:call(138)) - Running DeletedBlockTransactionScanner
2019-09-17 12:49:22,725 [SCMBlockDeletingService#1] DEBUG block.SCMBlockDeletingService (SCMBlockDeletingService.java:call(155)) - Scanned deleted blocks log and got 3 delTX to process.
2019-09-17 12:49:22,725 [SCMBlockDeletingService#1] DEBUG block.SCMBlockDeletingService (SCMBlockDeletingService.java:call(171)) - Added delete block command for datanode cb20f782-9136-4144-a2ef-e44461d35697 in the queue, number of delete block transactions: 3, TxID list: 1,2,3
2019-09-17 12:49:22,726 [SCMBlockDeletingService#1] INFO  block.SCMBlockDeletingService (SCMBlockDeletingService.java:call(182)) - Totally added 3 delete blocks command for 1 datanodes, task elapsed time: 1ms
2019-09-17 12:49:22,740 [pool-7-thread-1] INFO  commands.RetriableDatanodeEventWatcher (RetriableDatanodeEventWatcher.java:onTimeout(47)) - RetriableDatanodeCommand type=deleteBlocksCommand with id=1568724556022 timed out. Retrying.
2019-09-17 12:49:22,761 [pool-7-thread-1] INFO  commands.RetriableDatanodeEventWatcher (RetriableDatanodeEventWatcher.java:onTimeout(47)) - RetriableDatanodeCommand type=deleteBlocksCommand with id=1568724556032 timed out. Retrying.
2019-09-17 12:49:22,776 [pool-7-thread-1] INFO  commands.RetriableDatanodeEventWatcher (RetriableDatanodeEventWatcher.java:onTimeout(47)) - RetriableDatanodeCommand type=deleteBlocksCommand with id=1568724556042 timed out. Retrying.
2019-09-17 12:49:22,791 [pool-7-thread-1] INFO  commands.RetriableDatanodeEventWatcher (RetriableDatanodeEventWatcher.java:onTimeout(47)) - RetriableDatanodeCommand type=deleteBlocksCommand with id=1568724556052 timed out. Retrying.
2019-09-17 12:49:22,811 [pool-7-thread-1] INFO  commands.RetriableDatanodeEventWatcher (RetriableDatanodeEventWatcher.java:onTimeout(47)) - RetriableDatanodeCommand type=deleteBlocksCommand with id=1568724556062 timed out. Retrying.
2019-09-17 12:49:22,826 [main] INFO  ozone.MiniOzoneClusterImpl (RetriableDatanodeEventWatcher.java:onTimeout(47)) - RetriableDatanodeCommand type=deleteBlocksCommand with id=1568724556013 timed out. Retrying.
MiniOzoneClusterImpl.java:lambda$waitForClusterToBeReady$0(145)) - Waiting for cluster to be ready. Got 0 of 1 DN Heartbeats.
2019-09-17 12:49:22,826 [SCMBlockDeletingService#1] DEBUG block.SCMBlockDeletingService (SCMBlockDeletingService.java:call(138)) - Running DeletedBlockTransactionScanner
2019-09-17 12:49:22,826 [pool-7-thread-1] INFO  commands.RetriableDatanodeEventWatcher (RetriableDatanodeEventWatcher.java:onTimeout(47)) - RetriableDatanodeCommand type=deleteBlocksCommand with id=1568724556013 timed out. Retrying.
2019-09-17 12:49:22,826 [SCMBlockDeletingService#1] DEBUG block.SCMBlockDeletingService (SCMBlockDeletingService.java:call(155)) - Scanned deleted blocks log and got 3 delTX to process.
2019-09-17 12:49:22,827 [SCMBlockDeletingService#1] DEBUG block.SCMBlockDeletingService (SCMBlockDeletingService.java:call(171)) - Added delete block command for datanode cb20f782-9136-4144-a2ef-e44461d35697 in the queue, number of delete block transactions: 3, TxID list: 1,2,3
2019-09-17 12:49:22,827 [SCMBlockDeletingService#1] INFO  block.SCMBlockDeletingService (SCMBlockDeletingService.java:call(182)) - Totally added 3 delete blocks command for 1 datanodes, task elapsed time: 1ms
2019-09-17 12:49:22,845 [pool-7-thread-1] INFO  commands.RetriableDatanodeEventWatcher (RetriableDatanodeEventWatcher.java:onTimeout(47)) - RetriableDatanodeCommand type=deleteBlocksCommand with id=1568724556023 timed out. Retrying.
2019-09-17 12:49:22,861 [pool-7-thread-1] INFO  commands.RetriableDatanodeEventWatcher (RetriableDatanodeEventWatcher.java:onTimeout(47)) - RetriableDatanodeCommand type=deleteBlocksCommand with id=1568724556033 timed out. Retrying.
2019-09-17 12:49:22,877 [pool-7-thread-1] INFO  commands.RetriableDatanodeEventWatcher (RetriableDatanodeEventWatcher.java:onTimeout(47)) - RetriableDatanodeCommand type=deleteBlocksCommand with id=1568724556043 timed out. Retrying.
2019-09-17 12:49:22,894 [pool-7-thread-1] INFO  commands.RetriableDatanodeEventWatcher (RetriableDatanodeEventWatcher.java:onTimeout(47)) - RetriableDatanodeCommand type=deleteBlocksCommand with id=1568724556053 timed out. Retrying.
2019-09-17 12:49:22,912 [pool-7-thread-1] INFO  commands.RetriableDatanodeEventWatcher (RetriableDatanodeEventWatcher.java:onTimeout(47)) - RetriableDatanodeCommand type=deleteBlocksCommand with id=1568724556063 timed out. Retrying.
2019-09-17 12:49:22,926 [pool-7-thread-1] INFO  commands.RetriableDatanodeEventWatcher (RetriableDatanodeEventWatcher.java:onTimeout(47)) - RetriableDatanodeCommand type=deleteBlocksCommand with id=1568724556014 timed out. Retrying.
2019-09-17 12:49:22,927 [SCMBlockDeletingService#1] DEBUG block.SCMBlockDeletingService (SCMBlockDeletingService.java:call(138)) - Running DeletedBlockTransactionScanner
2019-09-17 12:49:22,928 [SCMBlockDeletingService#1] DEBUG block.SCMBlockDeletingService (SCMBlockDeletingService.java:call(155)) - Scanned deleted blocks log and got 3 delTX to process.
2019-09-17 12:49:22,928 [SCMBlockDeletingService#1] DEBUG block.SCMBlockDeletingService (SCMBlockDeletingService.java:call(171)) - Added delete block command for datanode cb20f782-9136-4144-a2ef-e44461d35697 in the queue, number of delete block transactions: 3, TxID list: 1,2,3
2019-09-17 12:49:22,944 [pool-7-thread-1] INFO  commands.RetriableDatanodeEventWatcher (RetriableDatanodeEventWatcher.java:onTimeout(47)) - RetriableDatanodeCommand type=deleteBlocksCommand with id=1568724556024 timed out. Retrying.
2019-09-17 12:49:22,963 [pool-7-thread-1] INFO  commands.RetriableDatanodeEventWatcher (RetriableDatanodeEventWatcher.java:onTimeout(47)) - RetriableDatanodeCommand type=deleteBlocksCommand with id=1568724556034 timed out. Retrying.
2019-09-17 12:49:22,980 [pool-7-thread-1] INFO  commands.RetriableDatanodeEventWatcher (RetriableDatanodeEventWatcher.java:onTimeout(47)) - RetriableDatanodeCommand type=deleteBlocksCommand with id=1568724556044 timed out. Retrying.
2019-09-17 12:49:22,992 [SCMBlockDeletingService#1] INFO  block.SCMBlockDeletingService (SCMBlockDeletingService.java:call(182)) - Totally added 3 delete blocks command for 1 datanodes, task elapsed time: 64ms
2019-09-17 12:49:22,994 [pool-7-thread-1] INFO  commands.RetriableDatanodeEventWatcher (RetriableDatanodeEventWatcher.java:onTimeout(47)) - RetriableDatanodeCommand type=deleteBlocksCommand with id=1568724556054 timed out. Retrying.
2019-09-17 12:49:23,011 [pool-7-thread-1] INFO  commands.RetriableDatanodeEventWatcher (RetriableDatanodeEventWatcher.java:onTimeout(47)) - RetriableDatanodeCommand type=deleteBlocksCommand with id=1568724556005 timed out. Retrying.
2019-09-17 12:49:23,014 [pool-7-thread-1] INFO  commands.RetriableDatanodeEventWatcher (RetriableDatanodeEventWatcher.java:onTimeout(47)) - RetriableDatanodeCommand type=deleteBlocksCommand with id=1568724556064 timed out. Retrying.
2019-09-17 12:49:23,028 [pool-7-thread-1] INFO  commands.RetriableDatanodeEventWatcher (RetriableDatanodeEventWatcher.java:onTimeout(47)) - RetriableDatanodeCommand type=deleteBlocksCommand with id=1568724556015 timed out. Retrying.
2019-09-17 12:49:23,050 [pool-7-thread-1] INFO  commands.RetriableDatanodeEventWatcher (RetriableDatanodeEventWatcher.java:onTimeout(47)) - RetriableDatanodeCommand type=deleteBlocksCommand with id=1568724556025 timed out. Retrying.
2019-09-17 12:49:23,064 [pool-7-thread-1] INFO  commands.RetriableDatanodeEventWatcher (RetriableDatanodeEventWatcher.java:onTimeout(47)) - RetriableDatanodeCommand type=deleteBlocksCommand with id=1568724556035 timed out. Retrying.
2019-09-17 12:49:23,083 [pool-7-thread-1] INFO  commands.RetriableDatanodeEventWatcher (RetriableDatanodeEventWatcher.java:onTimeout(47)) - RetriableDatanodeCommand type=deleteBlocksCommand with id=1568724556045 timed out. Retrying.
2019-09-17 12:49:23,092 [SCMBlockDeletingService#1] DEBUG block.SCMBlockDeletingService (SCMBlockDeletingService.java:call(138)) - Running DeletedBlockTransactionScanner
2019-09-17 12:49:23,093 [SCMBlockDeletingService#1] DEBUG block.SCMBlockDeletingService (SCMBlockDeletingService.java:call(155)) - Scanned deleted blocks log and got 3 delTX to process.
2019-09-17 12:49:23,093 [SCMBlockDeletingService#1] DEBUG block.SCMBlockDeletingService (SCMBlockDeletingService.java:call(171)) - Added delete block command for datanode cb20f782-9136-4144-a2ef-e44461d35697 in the queue, number of delete block transactions: 3, TxID list: 1,2,3
2019-09-17 12:49:23,093 [SCMBlockDeletingService#1] INFO  block.SCMBlockDeletingService (SCMBlockDeletingService.java:call(182)) - Totally added 3 delete blocks command for 1 datanodes, task elapsed time: 1ms
2019-09-17 12:49:23,099 [pool-7-thread-1] INFO  commands.RetriableDatanodeEventWatcher (RetriableDatanodeEventWatcher.java:onTimeout(47)) - RetriableDatanodeCommand type=deleteBlocksCommand with id=1568724556055 timed out. Retrying.
2019-09-17 12:49:23,113 [pool-7-thread-1] INFO  commands.RetriableDatanodeEventWatcher (RetriableDatanodeEventWatcher.java:onTimeout(47)) - RetriableDatanodeCommand type=deleteBlocksCommand with id=1568724556006 timed out. Retrying.
2019-09-17 12:49:23,115 [pool-7-thread-1] INFO  commands.RetriableDatanodeEventWatcher (RetriableDatanodeEventWatcher.java:onTimeout(47)) - RetriableDatanodeCommand type=deleteBlocksCommand with id=1568724556065 timed out. Retrying.
2019-09-17 12:49:23,132 [pool-7-thread-1] INFO  commands.RetriableDatanodeEventWatcher (RetriableDatanodeEventWatcher.java:onTimeout(47)) - RetriableDatanodeCommand type=deleteBlocksCommand with id=1568724556016 timed out. Retrying.
2019-09-17 12:49:23,148 [pool-7-thread-1] INFO  commands.RetriableDatanodeEventWatcher (RetriableDatanodeEventWatcher.java:onTimeout(47)) - RetriableDatanodeCommand type=deleteBlocksCommand with id=1568724556026 timed out. Retrying.
2019-09-17 12:49:23,165 [pool-7-thread-1] INFO  commands.RetriableDatanodeEventWatcher (RetriableDatanodeEventWatcher.java:onTimeout(47)) - RetriableDatanodeCommand type=deleteBlocksCommand with id=1568724556036 timed out. Retrying.
2019-09-17 12:49:23,185 [pool-7-thread-1] INFO  commands.RetriableDatanodeEventWatcher (RetriableDatanodeEventWatcher.java:onTimeout(47)) - RetriableDatanodeCommand type=deleteBlocksCommand with id=1568724556046 timed out. Retrying.
2019-09-17 12:49:23,194 [SCMBlockDeletingService#1] DEBUG block.SCMBlockDeletingService (SCMBlockDeletingService.java:call(138)) - Running DeletedBlockTransactionScanner
2019-09-17 12:49:23,194 [SCMBlockDeletingService#1] DEBUG block.SCMBlockDeletingService (SCMBlockDeletingService.java:call(155)) - Scanned deleted blocks log and got 3 delTX to process.
2019-09-17 12:49:23,194 [SCMBlockDeletingService#1] DEBUG block.SCMBlockDeletingService (SCMBlockDeletingService.java:call(171)) - Added delete block command for datanode cb20f782-9136-4144-a2ef-e44461d35697 in the queue, number of delete block transactions: 3, TxID list: 1,2,3
2019-09-17 12:49:23,195 [SCMBlockDeletingService#1] INFO  block.SCMBlockDeletingService (SCMBlockDeletingService.java:call(182)) - Totally added 3 delete blocks command for 1 datanodes, task elapsed time: 1ms
2019-09-17 12:49:23,203 [pool-7-thread-1] INFO  commands.RetriableDatanodeEventWatcher (RetriableDatanodeEventWatcher.java:onTimeout(47)) - RetriableDatanodeCommand type=deleteBlocksCommand with id=1568724556056 timed out. Retrying.
2019-09-17 12:49:23,216 [pool-7-thread-1] INFO  commands.RetriableDatanodeEventWatcher (RetriableDatanodeEventWatcher.java:onTimeout(47)) - RetriableDatanodeCommand type=deleteBlocksCommand with id=1568724556007 timed out. Retrying.
2019-09-17 12:49:23,216 [pool-7-thread-1] INFO  commands.RetriableDatanodeEventWatcher (RetriableDatanodeEventWatcher.java:onTimeout(47)) - RetriableDatanodeCommand type=deleteBlocksCommand with id=1568724556066 timed out. Retrying.
2019-09-17 12:49:23,231 [pool-7-thread-1] INFO  commands.RetriableDatanodeEventWatcher (RetriableDatanodeEventWatcher.java:onTimeout(47)) - RetriableDatanodeCommand type=deleteBlocksCommand with id=1568724556017 timed out. Retrying.
2019-09-17 12:49:23,251 [pool-7-thread-1] INFO  commands.RetriableDatanodeEventWatcher (RetriableDatanodeEventWatcher.java:onTimeout(47)) - RetriableDatanodeCommand type=deleteBlocksCommand with id=1568724556027 timed out. Retrying.
2019-09-17 12:49:23,267 [pool-7-thread-1] INFO  commands.RetriableDatanodeEventWatcher (RetriableDatanodeEventWatcher.java:onTimeout(47)) - RetriableDatanodeCommand type=deleteBlocksCommand with id=1568724556037 timed out. Retrying.
2019-09-17 12:49:23,286 [pool-7-thread-1] INFO  commands.RetriableDatanodeEventWatcher (RetriableDatanodeEventWatcher.java:onTimeout(47)) - RetriableDatanodeCommand type=deleteBlocksCommand with id=1568724556047 timed out. Retrying.
2019-09-17 12:49:23,295 [SCMBlockDeletingService#1] DEBUG block.SCMBlockDeletingService (SCMBlockDeletingService.java:call(138)) - Running DeletedBlockTransactionScanner
2019-09-17 12:49:23,295 [SCMBlockDeletingService#1] DEBUG block.SCMBlockDeletingService (SCMBlockDeletingService.java:call(155)) - Scanned deleted blocks log and got 3 delTX to process.
2019-09-17 12:49:23,296 [SCMBlockDeletingService#1] DEBUG block.SCMBlockDeletingService (SCMBlockDeletingService.java:call(171)) - Added delete block command for datanode cb20f782-9136-4144-a2ef-e44461d35697 in the queue, number of delete block transactions: 3, TxID list: 1,2,3
2019-09-17 12:49:23,296 [SCMBlockDeletingService#1] INFO  block.SCMBlockDeletingService (SCMBlockDeletingService.java:call(182)) - Totally added 3 delete blocks command for 1 datanodes, task elapsed time: 1ms
2019-09-17 12:49:23,305 [pool-7-thread-1] INFO  commands.RetriableDatanodeEventWatcher (RetriableDatanodeEventWatcher.java:onTimeout(47)) - RetriableDatanodeCommand type=deleteBlocksCommand with id=1568724556057 timed out. Retrying.
2019-09-17 12:49:23,317 [pool-7-thread-1] INFO  commands.RetriableDatanodeEventWatcher (RetriableDatanodeEventWatcher.java:onTimeout(47)) - RetriableDatanodeCommand type=deleteBlocksCommand with id=1568724556008 timed out. Retrying.
2019-09-17 12:49:23,319 [pool-7-thread-1] INFO  commands.RetriableDatanodeEventWatcher (RetriableDatanodeEventWatcher.java:onTimeout(47)) - RetriableDatanodeCommand type=deleteBlocksCommand with id=1568724556067 timed out. Retrying.
2019-09-17 12:49:23,334 [pool-7-thread-1] INFO  commands.RetriableDatanodeEventWatcher (RetriableDatanodeEventWatcher.java:onTimeout(47)) - RetriableDatanodeCommand type=deleteBlocksCommand with id=1568724556018 timed out. Retrying.
2019-09-17 12:49:23,351 [pool-7-thread-1] INFO  commands.RetriableDatanodeEventWatcher (RetriableDatanodeEventWatcher.java:onTimeout(47)) - RetriableDatanodeCommand type=deleteBlocksCommand with id=1568724556028 timed out. Retrying.
2019-09-17 12:49:23,370 [pool-7-thread-1] INFO  commands.RetriableDatanodeEventWatcher (RetriableDatanodeEventWatcher.java:onTimeout(47)) - RetriableDatanodeCommand type=deleteBlocksCommand with id=1568724556038 timed out. Retrying.
2019-09-17 12:49:23,386 [pool-7-thread-1] INFO  commands.RetriableDatanodeEventWatcher (RetriableDatanodeEventWatcher.java:onTimeout(47)) - RetriableDatanodeCommand type=deleteBlocksCommand with id=1568724556048 timed out. Retrying.
2019-09-17 12:49:23,396 [SCMBlockDeletingService#1] DEBUG block.SCMBlockDeletingService (SCMBlockDeletingService.java:call(138)) - Running DeletedBlockTransactionScanner
2019-09-17 12:49:23,396 [SCMBlockDeletingService#1] DEBUG block.SCMBlockDeletingService (SCMBlockDeletingService.java:call(155)) - Scanned deleted blocks log and got 3 delTX to process.
2019-09-17 12:49:23,397 [SCMBlockDeletingService#1] DEBUG block.SCMBlockDeletingService (SCMBlockDeletingService.java:call(171)) - Added delete block command for datanode cb20f782-9136-4144-a2ef-e44461d35697 in the queue, number of delete block transactions: 3, TxID list: 1,2,3
2019-09-17 12:49:23,397 [SCMBlockDeletingService#1] INFO  block.SCMBlockDeletingService (SCMBlockDeletingService.java:call(182)) - Totally added 3 delete blocks command for 1 datanodes, task elapsed time: 0ms
2019-09-17 12:49:23,407 [pool-7-thread-1] INFO  commands.RetriableDatanodeEventWatcher (RetriableDatanodeEventWatcher.java:onTimeout(47)) - RetriableDatanodeCommand type=deleteBlocksCommand with id=1568724556058 timed out. Retrying.
2019-09-17 12:49:23,417 [pool-7-thread-1] INFO  commands.RetriableDatanodeEventWatcher (RetriableDatanodeEventWatcher.java:onTimeout(47)) - RetriableDatanodeCommand type=deleteBlocksCommand with id=1568724556009 timed out. Retrying.
2019-09-17 12:49:23,420 [pool-7-thread-1] INFO  commands.RetriableDatanodeEventWatcher (RetriableDatanodeEventWatcher.java:onTimeout(47)) - RetriableDatanodeCommand type=deleteBlocksCommand with id=1568724556068 timed out. Retrying.
2019-09-17 12:49:23,434 [pool-7-thread-1] INFO  commands.RetriableDatanodeEventWatcher (RetriableDatanodeEventWatcher.java:onTimeout(47)) - RetriableDatanodeCommand type=deleteBlocksCommand with id=1568724556019 timed out. Retrying.
2019-09-17 12:49:23,455 [pool-7-thread-1] INFO  commands.RetriableDatanodeEventWatcher (RetriableDatanodeEventWatcher.java:onTimeout(47)) - RetriableDatanodeCommand type=deleteBlocksCommand with id=1568724556029 timed out. Retrying.
2019-09-17 12:49:23,471 [pool-7-thread-1] INFO  commands.RetriableDatanodeEventWatcher (RetriableDatanodeEventWatcher.java:onTimeout(47)) - RetriableDatanodeCommand type=deleteBlocksCommand with id=1568724556039 timed out. Retrying.
2019-09-17 12:49:23,488 [pool-7-thread-1] INFO  commands.RetriableDatanodeEventWatcher (RetriableDatanodeEventWatcher.java:onTimeout(47)) - RetriableDatanodeCommand type=deleteBlocksCommand with id=1568724556049 timed out. Retrying.
2019-09-17 12:49:23,497 [SCMBlockDeletingService#1] DEBUG block.SCMBlockDeletingService (SCMBlockDeletingService.java:call(138)) - Running DeletedBlockTransactionScanner
2019-09-17 12:49:23,498 [SCMBlockDeletingService#1] DEBUG block.SCMBlockDeletingService (SCMBlockDeletingService.java:call(155)) - Scanned deleted blocks log and got 3 delTX to process.
2019-09-17 12:49:23,498 [SCMBlockDeletingService#1] DEBUG block.SCMBlockDeletingService (SCMBlockDeletingService.java:call(171)) - Added delete block command for datanode cb20f782-9136-4144-a2ef-e44461d35697 in the queue, number of delete block transactions: 3, TxID list: 1,2,3
2019-09-17 12:49:23,499 [SCMBlockDeletingService#1] INFO  block.SCMBlockDeletingService (SCMBlockDeletingService.java:call(182)) - Totally added 3 delete blocks command for 1 datanodes, task elapsed time: 1ms
2019-09-17 12:49:23,507 [pool-7-thread-1] INFO  commands.RetriableDatanodeEventWatcher (RetriableDatanodeEventWatcher.java:onTimeout(47)) - RetriableDatanodeCommand type=deleteBlocksCommand with id=1568724556059 timed out. Retrying.
2019-09-17 12:49:23,522 [pool-7-thread-1] INFO  commands.RetriableDatanodeEventWatcher (RetriableDatanodeEventWatcher.java:onTimeout(47)) - RetriableDatanodeCommand type=deleteBlocksCommand with id=1568724556069 timed out. Retrying.
2019-09-17 12:49:23,522 [pool-7-thread-2] INFO  commands.RetriableDatanodeEventWatcher (RetriableDatanodeEventWatcher.java:onTimeout(47)) - RetriableDatanodeCommand type=deleteBlocksCommand with id=1568724556010 timed out. Retrying.
2019-09-17 12:49:23,538 [pool-7-thread-2] INFO  commands.RetriableDatanodeEventWatcher (RetriableDatanodeEventWatcher.java:onTimeout(47)) - RetriableDatanodeCommand type=deleteBlocksCommand with id=1568724556020 timed out. Retrying.
2019-09-17 12:49:23,555 [pool-7-thread-2] INFO  commands.RetriableDatanodeEventWatcher (RetriableDatanodeEventWatcher.java:onTimeout(47)) - RetriableDatanodeCommand type=deleteBlocksCommand with id=1568724556030 timed out. Retrying.
2019-09-17 12:49:23,574 [pool-7-thread-2] INFO  commands.RetriableDatanodeEventWatcher (RetriableDatanodeEventWatcher.java:onTimeout(47)) - RetriableDatanodeCommand type=deleteBlocksCommand with id=1568724556040 timed out. Retrying.
2019-09-17 12:49:23,589 [pool-7-thread-2] INFO  commands.RetriableDatanodeEventWatcher (RetriableDatanodeEventWatcher.java:onTimeout(47)) - RetriableDatanodeCommand type=deleteBlocksCommand with id=1568724556050 timed out. Retrying.
2019-09-17 12:49:23,599 [SCMBlockDeletingService#1] DEBUG block.SCMBlockDeletingService (SCMBlockDeletingService.java:call(138)) - Running DeletedBlockTransactionScanner
2019-09-17 12:49:23,600 [SCMBlockDeletingService#1] DEBUG block.SCMBlockDeletingService (SCMBlockDeletingService.java:call(155)) - Scanned deleted blocks log and got 3 delTX to process.
2019-09-17 12:49:23,600 [SCMBlockDeletingService#1] DEBUG block.SCMBlockDeletingService (SCMBlockDeletingService.java:call(171)) - Added delete block command for datanode cb20f782-9136-4144-a2ef-e44461d35697 in the queue, number of delete block transactions: 3, TxID list: 1,2,3
2019-09-17 12:49:23,600 [SCMBlockDeletingService#1] INFO  block.SCMBlockDeletingService (SCMBlockDeletingService.java:call(182)) - Totally added 3 delete blocks command for 1 datanodes, task elapsed time: 1ms
2019-09-17 12:49:23,609 [pool-7-thread-2] INFO  commands.RetriableDatanodeEventWatcher (RetriableDatanodeEventWatcher.java:onTimeout(47)) - RetriableDatanodeCommand type=deleteBlocksCommand with id=1568724556060 timed out. Retrying.
2019-09-17 12:49:23,623 [pool-7-thread-2] INFO  commands.RetriableDatanodeEventWatcher (RetriableDatanodeEventWatcher.java:onTimeout(47)) - RetriableDatanodeCommand type=deleteBlocksCommand with id=1568724556011 timed out. Retrying.
2019-09-17 12:49:23,623 [pool-7-thread-2] INFO  commands.RetriableDatanodeEventWatcher (RetriableDatanodeEventWatcher.java:onTimeout(47)) - RetriableDatanodeCommand type=deleteBlocksCommand with id=1568724556070 timed out. Retrying.
2019-09-17 12:49:23,641 [pool-7-thread-2] INFO  commands.RetriableDatanodeEventWatcher (RetriableDatanodeEventWatcher.java:onTimeout(47)) - RetriableDatanodeCommand type=deleteBlocksCommand with id=1568724556021 timed out. Retrying.
2019-09-17 12:49:23,658 [pool-7-thread-2] INFO  commands.RetriableDatanodeEventWatcher (RetriableDatanodeEventWatcher.java:onTimeout(47)) - RetriableDatanodeCommand type=deleteBlocksCommand with id=1568724556031 timed out. Retrying.
2019-09-17 12:49:23,676 [pool-7-thread-2] INFO  commands.RetriableDatanodeEventWatcher (RetriableDatanodeEventWatcher.java:onTimeout(47)) - RetriableDatanodeCommand type=deleteBlocksCommand with id=1568724556041 timed out. Retrying.
2019-09-17 12:49:23,690 [pool-7-thread-2] INFO  commands.RetriableDatanodeEventWatcher (RetriableDatanodeEventWatcher.java:onTimeout(47)) - RetriableDatanodeCommand type=deleteBlocksCommand with id=1568724556051 timed out. Retrying.
2019-09-17 12:49:23,701 [SCMBlockDeletingService#1] DEBUG block.SCMBlockDeletingService (SCMBlockDeletingService.java:call(138)) - Running DeletedBlockTransactionScanner
2019-09-17 12:49:23,701 [SCMBlockDeletingService#1] DEBUG block.SCMBlockDeletingService (SCMBlockDeletingService.java:call(155)) - Scanned deleted blocks log and got 3 delTX to process.
2019-09-17 12:49:23,701 [SCMBlockDeletingService#1] DEBUG block.SCMBlockDeletingService (SCMBlockDeletingService.java:call(171)) - Added delete block command for datanode cb20f782-9136-4144-a2ef-e44461d35697 in the queue, number of delete block transactions: 3, TxID list: 1,2,3
2019-09-17 12:49:23,701 [SCMBlockDeletingService#1] INFO  block.SCMBlockDeletingService (SCMBlockDeletingService.java:call(182)) - Totally added 3 delete blocks command for 1 datanodes, task elapsed time: 1ms
2019-09-17 12:49:23,709 [pool-7-thread-2] INFO  commands.RetriableDatanodeEventWatcher (RetriableDatanodeEventWatcher.java:onTimeout(47)) - RetriableDatanodeCommand type=deleteBlocksCommand with id=1568724556061 timed out. Retrying.
2019-09-17 12:49:23,723 [pool-7-thread-2] INFO  commands.RetriableDatanodeEventWatcher (RetriableDatanodeEventWatcher.java:onTimeout(47)) - RetriableDatanodeCommand type=deleteBlocksCommand with id=1568724556012 timed out. Retrying.
2019-09-17 12:49:23,726 [pool-7-thread-2] INFO  commands.RetriableDatanodeEventWatcher (RetriableDatanodeEventWatcher.java:onTimeout(47)) - RetriableDatanodeCommand type=deleteBlocksCommand with id=1568724556071 timed out. Retrying.
2019-09-17 12:49:23,739 [pool-7-thread-2] INFO  commands.RetriableDatanodeEventWatcher (RetriableDatanodeEventWatcher.java:onTimeout(47)) - RetriableDatanodeCommand type=deleteBlocksCommand with id=1568724556022 timed out. Retrying.
2019-09-17 12:49:23,762 [pool-7-thread-2] INFO  commands.RetriableDatanodeEventWatcher (RetriableDatanodeEventWatcher.java:onTimeout(47)) - RetriableDatanodeCommand type=deleteBlocksCommand with id=1568724556032 timed out. Retrying.
2019-09-17 12:49:23,777 [pool-7-thread-2] INFO  commands.RetriableDatanodeEventWatcher (RetriableDatanodeEventWatcher.java:onTimeout(47)) - RetriableDatanodeCommand type=deleteBlocksCommand with id=1568724556042 timed out. Retrying.
2019-09-17 12:49:23,792 [pool-7-thread-2] INFO  commands.RetriableDatanodeEventWatcher (RetriableDatanodeEventWatcher.java:onTimeout(47)) - RetriableDatanodeCommand type=deleteBlocksCommand with id=1568724556052 timed out. Retrying.
2019-09-17 12:49:23,802 [SCMBlockDeletingService#0] DEBUG block.SCMBlockDeletingService (SCMBlockDeletingService.java:call(138)) - Running DeletedBlockTransactionScanner
2019-09-17 12:49:23,802 [SCMBlockDeletingService#0] DEBUG block.SCMBlockDeletingService (SCMBlockDeletingService.java:call(155)) - Scanned deleted blocks log and got 3 delTX to process.
2019-09-17 12:49:23,802 [SCMBlockDeletingService#0] DEBUG block.SCMBlockDeletingService (SCMBlockDeletingService.java:call(171)) - Added delete block command for datanode cb20f782-9136-4144-a2ef-e44461d35697 in the queue, number of delete block transactions: 3, TxID list: 1,2,3
2019-09-17 12:49:23,803 [SCMBlockDeletingService#0] INFO  block.SCMBlockDeletingService (SCMBlockDeletingService.java:call(182)) - Totally added 3 delete blocks command for 1 datanodes, task elapsed time: 1ms
2019-09-17 12:49:23,812 [pool-7-thread-2] INFO  commands.RetriableDatanodeEventWatcher (RetriableDatanodeEventWatcher.java:onTimeout(47)) - RetriableDatanodeCommand type=deleteBlocksCommand with id=1568724556062 timed out. Retrying.
2019-09-17 12:49:23,826 [main] INFO  ozone.MiniOzoneClusterImpl (MiniOzoneClusterImpl.java:lambda$waitForClusterToBeReady$0(145)) - Waiting for cluster to be ready. Got 0 of 1 DN Heartbeats.
2019-09-17 12:49:23,827 [pool-7-thread-2] INFO  commands.RetriableDatanodeEventWatcher (RetriableDatanodeEventWatcher.java:onTimeout(47)) - RetriableDatanodeCommand type=deleteBlocksCommand with id=1568724556072 timed out. Retrying.
2019-09-17 12:49:23,827 [pool-7-thread-1] INFO  commands.RetriableDatanodeEventWatcher (RetriableDatanodeEventWatcher.java:onTimeout(47)) - RetriableDatanodeCommand type=deleteBlocksCommand with id=1568724556013 timed out. Retrying.
2019-09-17 12:49:23,829 [Datanode State Machine Thread - 0] INFO  ozoneimpl.OzoneContainer (OzoneContainer.java:start(217)) - Attempting to start container services.
2019-09-17 12:49:23,829 [Datanode State Machine Thread - 0] INFO  ozoneimpl.OzoneContainer (OzoneContainer.java:startContainerScrub(179)) - Background container scanner has been disabled.
2019-09-17 12:49:23,829 [Datanode State Machine Thread - 0] INFO  ratis.XceiverServerRatis (XceiverServerRatis.java:start(411)) - Starting XceiverServerRatis cb20f782-9136-4144-a2ef-e44461d35697 at port 44783
2019-09-17 12:49:23,846 [pool-7-thread-1] INFO  commands.RetriableDatanodeEventWatcher (RetriableDatanodeEventWatcher.java:onTimeout(47)) - RetriableDatanodeCommand type=deleteBlocksCommand with id=1568724556023 timed out. Retrying.
2019-09-17 12:49:23,860 [pool-7-thread-1] INFO  commands.RetriableDatanodeEventWatcher (RetriableDatanodeEventWatcher.java:onTimeout(47)) - RetriableDatanodeCommand type=deleteBlocksCommand with id=1568724556033 timed out. Retrying.
2019-09-17 12:49:23,878 [pool-7-thread-1] INFO  commands.RetriableDatanodeEventWatcher (RetriableDatanodeEventWatcher.java:onTimeout(47)) - RetriableDatanodeCommand type=deleteBlocksCommand with id=1568724556043 timed out. Retrying.
2019-09-17 12:49:23,894 [pool-7-thread-1] INFO  commands.RetriableDatanodeEventWatcher (RetriableDatanodeEventWatcher.java:onTimeout(47)) - RetriableDatanodeCommand type=deleteBlocksCommand with id=1568724556053 timed out. Retrying.
2019-09-17 12:49:23,903 [SCMBlockDeletingService#0] DEBUG block.SCMBlockDeletingService (SCMBlockDeletingService.java:call(138)) - Running DeletedBlockTransactionScanner
2019-09-17 12:49:23,903 [SCMBlockDeletingService#0] DEBUG block.SCMBlockDeletingService (SCMBlockDeletingService.java:call(155)) - Scanned deleted blocks log and got 3 delTX to process.
2019-09-17 12:49:23,904 [SCMBlockDeletingService#0] DEBUG block.SCMBlockDeletingService (SCMBlockDeletingService.java:call(171)) - Added delete block command for datanode cb20f782-9136-4144-a2ef-e44461d35697 in the queue, number of delete block transactions: 3, TxID list: 1,2,3
2019-09-17 12:49:23,904 [SCMBlockDeletingService#0] INFO  block.SCMBlockDeletingService (SCMBlockDeletingService.java:call(182)) - Totally added 3 delete blocks command for 1 datanodes, task elapsed time: 1ms
2019-09-17 12:49:23,913 [pool-7-thread-1] INFO  commands.RetriableDatanodeEventWatcher (RetriableDatanodeEventWatcher.java:onTimeout(47)) - RetriableDatanodeCommand type=deleteBlocksCommand with id=1568724556063 timed out. Retrying.
2019-09-17 12:49:23,926 [pool-7-thread-1] INFO  commands.RetriableDatanodeEventWatcher (RetriableDatanodeEventWatcher.java:onTimeout(47)) - RetriableDatanodeCommand type=deleteBlocksCommand with id=1568724556014 timed out. Retrying.
2019-09-17 12:49:23,928 [pool-7-thread-1] INFO  commands.RetriableDatanodeEventWatcher (RetriableDatanodeEventWatcher.java:onTimeout(47)) - RetriableDatanodeCommand type=deleteBlocksCommand with id=1568724556073 timed out. Retrying.
2019-09-17 12:49:23,944 [pool-7-thread-1] INFO  commands.RetriableDatanodeEventWatcher (RetriableDatanodeEventWatcher.java:onTimeout(47)) - RetriableDatanodeCommand type=deleteBlocksCommand with id=1568724556024 timed out. Retrying.
2019-09-17 12:49:23,964 [pool-7-thread-1] INFO  commands.RetriableDatanodeEventWatcher (RetriableDatanodeEventWatcher.java:onTimeout(47)) - RetriableDatanodeCommand type=deleteBlocksCommand with id=1568724556034 timed out. Retrying.
2019-09-17 12:49:23,979 [pool-7-thread-1] INFO  commands.RetriableDatanodeEventWatcher (RetriableDatanodeEventWatcher.java:onTimeout(47)) - RetriableDatanodeCommand type=deleteBlocksCommand with id=1568724556044 timed out. Retrying.
2019-09-17 12:49:23,995 [pool-7-thread-1] INFO  commands.RetriableDatanodeEventWatcher (RetriableDatanodeEventWatcher.java:onTimeout(47)) - RetriableDatanodeCommand type=deleteBlocksCommand with id=1568724556054 timed out. Retrying.
2019-09-17 12:49:24,004 [SCMBlockDeletingService#0] DEBUG block.SCMBlockDeletingService (SCMBlockDeletingService.java:call(138)) - Running DeletedBlockTransactionScanner
2019-09-17 12:49:24,005 [SCMBlockDeletingService#0] DEBUG block.SCMBlockDeletingService (SCMBlockDeletingService.java:call(155)) - Scanned deleted blocks log and got 3 delTX to process.
2019-09-17 12:49:24,005 [SCMBlockDeletingService#0] DEBUG block.SCMBlockDeletingService (SCMBlockDeletingService.java:call(171)) - Added delete block command for datanode cb20f782-9136-4144-a2ef-e44461d35697 in the queue, number of delete block transactions: 3, TxID list: 1,2,3
2019-09-17 12:49:24,005 [SCMBlockDeletingService#0] INFO  block.SCMBlockDeletingService (SCMBlockDeletingService.java:call(182)) - Totally added 3 delete blocks command for 1 datanodes, task elapsed time: 1ms
2019-09-17 12:49:24,012 [pool-7-thread-1] INFO  commands.RetriableDatanodeEventWatcher (RetriableDatanodeEventWatcher.java:onTimeout(47)) - RetriableDatanodeCommand type=deleteBlocksCommand with id=1568724556005 timed out. Retrying.
2019-09-17 12:49:24,014 [pool-7-thread-1] INFO  commands.RetriableDatanodeEventWatcher (RetriableDatanodeEventWatcher.java:onTimeout(47)) - RetriableDatanodeCommand type=deleteBlocksCommand with id=1568724556064 timed out. Retrying.
2019-09-17 12:49:24,029 [pool-7-thread-1] INFO  commands.RetriableDatanodeEventWatcher (RetriableDatanodeEventWatcher.java:onTimeout(47)) - RetriableDatanodeCommand type=deleteBlocksCommand with id=1568724556015 timed out. Retrying.
2019-09-17 12:49:24,050 [pool-7-thread-1] INFO  commands.RetriableDatanodeEventWatcher (RetriableDatanodeEventWatcher.java:onTimeout(47)) - RetriableDatanodeCommand type=deleteBlocksCommand with id=1568724556025 timed out. Retrying.
2019-09-17 12:49:24,064 [pool-7-thread-1] INFO  commands.RetriableDatanodeEventWatcher (RetriableDatanodeEventWatcher.java:onTimeout(47)) - RetriableDatanodeCommand type=deleteBlocksCommand with id=1568724556035 timed out. Retrying.
2019-09-17 12:49:24,084 [pool-7-thread-1] INFO  commands.RetriableDatanodeEventWatcher (RetriableDatanodeEventWatcher.java:onTimeout(47)) - RetriableDatanodeCommand type=deleteBlocksCommand with id=1568724556045 timed out. Retrying.
2019-09-17 12:49:24,093 [pool-7-thread-1] INFO  commands.RetriableDatanodeEventWatcher (RetriableDatanodeEventWatcher.java:onTimeout(47)) - RetriableDatanodeCommand type=deleteBlocksCommand with id=1568724556074 timed out. Retrying.
2019-09-17 12:49:24,100 [pool-7-thread-1] INFO  commands.RetriableDatanodeEventWatcher (RetriableDatanodeEventWatcher.java:onTimeout(47)) - RetriableDatanodeCommand type=deleteBlocksCommand with id=1568724556055 timed out. Retrying.
2019-09-17 12:49:24,106 [SCMBlockDeletingService#0] DEBUG block.SCMBlockDeletingService (SCMBlockDeletingService.java:call(138)) - Running DeletedBlockTransactionScanner
2019-09-17 12:49:24,106 [SCMBlockDeletingService#0] DEBUG block.SCMBlockDeletingService (SCMBlockDeletingService.java:call(155)) - Scanned deleted blocks log and got 3 delTX to process.
2019-09-17 12:49:24,106 [SCMBlockDeletingService#0] DEBUG block.SCMBlockDeletingService (SCMBlockDeletingService.java:call(171)) - Added delete block command for datanode cb20f782-9136-4144-a2ef-e44461d35697 in the queue, number of delete block transactions: 3, TxID list: 1,2,3
2019-09-17 12:49:24,107 [SCMBlockDeletingService#0] INFO  block.SCMBlockDeletingService (SCMBlockDeletingService.java:call(182)) - Totally added 3 delete blocks command for 1 datanodes, task elapsed time: 1ms
2019-09-17 12:49:24,112 [pool-7-thread-1] INFO  commands.RetriableDatanodeEventWatcher (RetriableDatanodeEventWatcher.java:onTimeout(47)) - RetriableDatanodeCommand type=deleteBlocksCommand with id=1568724556006 timed out. Retrying.
2019-09-17 12:49:24,116 [pool-7-thread-1] INFO  commands.RetriableDatanodeEventWatcher (RetriableDatanodeEventWatcher.java:onTimeout(47)) - RetriableDatanodeCommand type=deleteBlocksCommand with id=1568724556065 timed out. Retrying.
2019-09-17 12:49:24,133 [pool-7-thread-1] INFO  commands.RetriableDatanodeEventWatcher (RetriableDatanodeEventWatcher.java:onTimeout(47)) - RetriableDatanodeCommand type=deleteBlocksCommand with id=1568724556016 timed out. Retrying.
2019-09-17 12:49:24,136 [pool-592-thread-1] INFO  storage.RaftStorageDirectory (RaftStorageDirectory.java:tryLock(328)) - Lock on /workdir/hadoop-ozone/integration-test/target/test-dir/MiniOzoneClusterImpl-c23a8398-3c1b-4fe5-9bc4-5abc7f29ee92/datanode-0/data/ratis/30c69085-8df5-4d18-8bee-ef222054bc57/in_use.lock acquired by nodename 17201@pr-hdds-2142-clczg-3805722443
2019-09-17 12:49:24,141 [pool-592-thread-1] INFO  ratis.ContainerStateMachine (ContainerStateMachine.java:loadSnapshot(239)) - group-EF222054BC57: Setting the last applied index to (t:1, i:6206)
2019-09-17 12:49:24,148 [pool-7-thread-1] INFO  commands.RetriableDatanodeEventWatcher (RetriableDatanodeEventWatcher.java:onTimeout(47)) - RetriableDatanodeCommand type=deleteBlocksCommand with id=1568724556026 timed out. Retrying.
2019-09-17 12:49:24,151 [pool-592-thread-1] INFO  impl.RaftServerImpl (ServerState.java:setRaftConf(354)) - cb20f782-9136-4144-a2ef-e44461d35697@group-EF222054BC57: set configuration 0: [cb20f782-9136-4144-a2ef-e44461d35697:192.168.34.33:44783], old=null at 0
2019-09-17 12:49:24,151 [pool-592-thread-1] INFO  server.RaftServerConfigKeys (ConfUtils.java:logGet(43)) - raft.server.notification.no-leader.timeout = 120s (custom)
2019-09-17 12:49:24,151 [pool-592-thread-1] INFO  server.RaftServerConfigKeys (ConfUtils.java:logGet(43)) - raft.server.log.use.memory = false (default)
2019-09-17 12:49:24,151 [pool-592-thread-1] INFO  server.RaftServerConfigKeys (ConfUtils.java:logGet(43)) - raft.server.log.purge.gap = 1000000 (custom)
2019-09-17 12:49:24,152 [pool-592-thread-1] INFO  server.RaftServerConfigKeys (ConfUtils.java:logGet(43)) - raft.server.log.appender.buffer.byte-limit = 33554432 (custom)
2019-09-17 12:49:24,152 [pool-592-thread-1] INFO  server.RaftServerConfigKeys (ConfUtils.java:logGet(43)) - raft.server.log.segment.size.max = 1048576 (custom)
2019-09-17 12:49:24,152 [pool-592-thread-1] INFO  server.RaftServerConfigKeys (ConfUtils.java:logGet(43)) - raft.server.log.segment.cache.num.max = 2 (custom)
2019-09-17 12:49:24,152 [pool-592-thread-1] INFO  segmented.SegmentedRaftLogWorker (SegmentedRaftLogWorker.java:<init>(172)) - new cb20f782-9136-4144-a2ef-e44461d35697@group-EF222054BC57-SegmentedRaftLogWorker for RaftStorage:Storage Directory /workdir/hadoop-ozone/integration-test/target/test-dir/MiniOzoneClusterImpl-c23a8398-3c1b-4fe5-9bc4-5abc7f29ee92/datanode-0/data/ratis/30c69085-8df5-4d18-8bee-ef222054bc57
2019-09-17 12:49:24,152 [pool-592-thread-1] INFO  server.RaftServerConfigKeys (ConfUtils.java:logGet(43)) - raft.server.log.queue.byte-limit = 2147483647 (custom)
2019-09-17 12:49:24,153 [pool-592-thread-1] INFO  server.RaftServerConfigKeys (ConfUtils.java:logGet(43)) - raft.server.log.queue.element-limit = 1024 (custom)
2019-09-17 12:49:24,153 [pool-592-thread-1] INFO  server.RaftServerConfigKeys (ConfUtils.java:logGet(43)) - raft.server.log.segment.size.max = 1048576 (custom)
2019-09-17 12:49:24,153 [pool-592-thread-1] INFO  server.RaftServerConfigKeys (ConfUtils.java:logGet(43)) - raft.server.log.preallocated.size = 16384 (custom)
2019-09-17 12:49:24,153 [pool-592-thread-1] INFO  server.RaftServerConfigKeys (ConfUtils.java:logGet(43)) - raft.server.log.write.buffer.size = 33554432 (custom)
2019-09-17 12:49:24,153 [pool-592-thread-1] INFO  server.RaftServerConfigKeys (ConfUtils.java:logGet(43)) - raft.server.log.force.sync.num = 128 (default)
2019-09-17 12:49:24,153 [pool-592-thread-1] INFO  server.RaftServerConfigKeys (ConfUtils.java:logGet(43)) - raft.server.log.statemachine.data.sync = true (default)
2019-09-17 12:49:24,154 [pool-592-thread-1] INFO  server.RaftServerConfigKeys (ConfUtils.java:logGet(43)) - raft.server.log.statemachine.data.sync.timeout = 10s (default)
2019-09-17 12:49:24,154 [pool-592-thread-1] INFO  server.RaftServerConfigKeys (ConfUtils.java:logGet(43)) - raft.server.log.statemachine.data.sync.timeout.retry = -1 (default)
2019-09-17 12:49:24,154 [pool-592-thread-1] INFO  server.RaftServerConfigKeys (ConfUtils.java:logGet(43)) - raft.server.log.statemachine.data.caching.enabled = true (custom)
2019-09-17 12:49:24,162 [pool-592-thread-1] INFO  impl.RaftServerImpl (ServerState.java:setRaftConf(354)) - cb20f782-9136-4144-a2ef-e44461d35697@group-EF222054BC57: set configuration 0: [cb20f782-9136-4144-a2ef-e44461d35697:192.168.34.33:44783], old=null at 0
2019-09-17 12:49:24,165 [pool-7-thread-1] INFO  commands.RetriableDatanodeEventWatcher (RetriableDatanodeEventWatcher.java:onTimeout(47)) - RetriableDatanodeCommand type=deleteBlocksCommand with id=1568724556036 timed out. Retrying.
2019-09-17 12:49:24,185 [pool-7-thread-1] INFO  commands.RetriableDatanodeEventWatcher (RetriableDatanodeEventWatcher.java:onTimeout(47)) - RetriableDatanodeCommand type=deleteBlocksCommand with id=1568724556046 timed out. Retrying.
2019-09-17 12:49:24,195 [pool-7-thread-1] INFO  commands.RetriableDatanodeEventWatcher (RetriableDatanodeEventWatcher.java:onTimeout(47)) - RetriableDatanodeCommand type=deleteBlocksCommand with id=1568724556075 timed out. Retrying.
2019-09-17 12:49:24,203 [pool-7-thread-1] INFO  commands.RetriableDatanodeEventWatcher (RetriableDatanodeEventWatcher.java:onTimeout(47)) - RetriableDatanodeCommand type=deleteBlocksCommand with id=1568724556056 timed out. Retrying.
2019-09-17 12:49:24,207 [SCMBlockDeletingService#0] DEBUG block.SCMBlockDeletingService (SCMBlockDeletingService.java:call(138)) - Running DeletedBlockTransactionScanner
2019-09-17 12:49:24,207 [SCMBlockDeletingService#0] DEBUG block.SCMBlockDeletingService (SCMBlockDeletingService.java:call(155)) - Scanned deleted blocks log and got 3 delTX to process.
2019-09-17 12:49:24,207 [SCMBlockDeletingService#0] DEBUG block.SCMBlockDeletingService (SCMBlockDeletingService.java:call(171)) - Added delete block command for datanode cb20f782-9136-4144-a2ef-e44461d35697 in the queue, number of delete block transactions: 3, TxID list: 1,2,3
2019-09-17 12:49:24,208 [SCMBlockDeletingService#0] INFO  block.SCMBlockDeletingService (SCMBlockDeletingService.java:call(182)) - Totally added 3 delete blocks command for 1 datanodes, task elapsed time: 1ms
2019-09-17 12:49:24,214 [pool-592-thread-1] INFO  segmented.LogSegment (LogSegment.java:loadSegment(123)) - Successfully read 5489 entries from segment file /workdir/hadoop-ozone/integration-test/target/test-dir/MiniOzoneClusterImpl-c23a8398-3c1b-4fe5-9bc4-5abc7f29ee92/datanode-0/data/ratis/30c69085-8df5-4d18-8bee-ef222054bc57/current/log_0-5488
2019-09-17 12:49:24,217 [pool-7-thread-1] INFO  commands.RetriableDatanodeEventWatcher (RetriableDatanodeEventWatcher.java:onTimeout(47)) - RetriableDatanodeCommand type=deleteBlocksCommand with id=1568724556066 timed out. Retrying.
2019-09-17 12:49:24,217 [pool-7-thread-2] INFO  commands.RetriableDatanodeEventWatcher (RetriableDatanodeEventWatcher.java:onTimeout(47)) - RetriableDatanodeCommand type=deleteBlocksCommand with id=1568724556007 timed out. Retrying.
2019-09-17 12:49:24,217 [pool-592-thread-1] INFO  segmented.LogSegment (LogSegment.java:loadSegment(123)) - Successfully read 718 entries from segment file /workdir/hadoop-ozone/integration-test/target/test-dir/MiniOzoneClusterImpl-c23a8398-3c1b-4fe5-9bc4-5abc7f29ee92/datanode-0/data/ratis/30c69085-8df5-4d18-8bee-ef222054bc57/current/log_inprogress_5489
2019-09-17 12:49:24,218 [pool-592-thread-1] INFO  segmented.SegmentedRaftLogWorker (SegmentedRaftLogWorker.java:lambda$new$0(132)) - cb20f782-9136-4144-a2ef-e44461d35697@group-EF222054BC57-SegmentedRaftLogWorker: flushIndex: setUnconditionally 0 -> 6206
2019-09-17 12:49:24,231 [pool-7-thread-2] INFO  commands.RetriableDatanodeEventWatcher (RetriableDatanodeEventWatcher.java:onTimeout(47)) - RetriableDatanodeCommand type=deleteBlocksCommand with id=1568724556017 timed out. Retrying.
2019-09-17 12:49:24,245 [pool-592-thread-1] INFO  raftlog.RaftLog (RaftLog.java:lambda$new$0(61)) - cb20f782-9136-4144-a2ef-e44461d35697@group-EF222054BC57-SegmentedRaftLog: commitIndex: updateToMax old=6206, new=6205, updated? false
2019-09-17 12:49:24,246 [pool-592-thread-1] INFO  server.RaftServerConfigKeys (ConfUtils.java:logGet(43)) - raft.server.snapshot.auto.trigger.enabled = true (custom)
2019-09-17 12:49:24,246 [pool-592-thread-1] INFO  server.RaftServerConfigKeys (ConfUtils.java:logGet(43)) - raft.server.snapshot.auto.trigger.threshold = 10000 (custom)
2019-09-17 12:49:24,246 [pool-592-thread-1] INFO  server.RaftServerConfigKeys (ConfUtils.java:logGet(43)) - raft.server.snapshot.retention.num.files = 5 (custom)
2019-09-17 12:49:24,246 [pool-592-thread-1] INFO  server.RaftServerConfigKeys (ConfUtils.java:logGet(43)) - raft.server.retrycache.expirytime = 600000ms (custom)
2019-09-17 12:49:24,248 [Datanode State Machine Thread - 0] INFO  impl.RaftServerImpl (RaftServerImpl.java:start(185)) - cb20f782-9136-4144-a2ef-e44461d35697@group-EF222054BC57: start as a follower, conf=0: [cb20f782-9136-4144-a2ef-e44461d35697:192.168.34.33:44783], old=null
2019-09-17 12:49:24,248 [Datanode State Machine Thread - 0] INFO  impl.RaftServerImpl (RaftServerImpl.java:setRole(174)) - cb20f782-9136-4144-a2ef-e44461d35697@group-EF222054BC57: changes role from      null to FOLLOWER at term 1 for startAsFollower
2019-09-17 12:49:24,248 [Datanode State Machine Thread - 0] INFO  impl.RoleInfo (RoleInfo.java:updateAndGet(143)) - cb20f782-9136-4144-a2ef-e44461d35697: start FollowerState
2019-09-17 12:49:24,249 [Datanode State Machine Thread - 0] INFO  util.JmxRegister (JmxRegister.java:tryRegister(44)) - Successfully registered JMX Bean with object name Ratis:service=RaftServer,group=group-EF222054BC57,id=cb20f782-9136-4144-a2ef-e44461d35697
2019-09-17 12:49:24,250 [Datanode State Machine Thread - 0] INFO  impl.RaftServerProxy (RaftServerProxy.java:lambda$start$3(299)) - cb20f782-9136-4144-a2ef-e44461d35697: start RPC server
2019-09-17 12:49:24,251 [pool-7-thread-2] INFO  commands.RetriableDatanodeEventWatcher (RetriableDatanodeEventWatcher.java:onTimeout(47)) - RetriableDatanodeCommand type=deleteBlocksCommand with id=1568724556027 timed out. Retrying.
2019-09-17 12:49:24,255 [Datanode State Machine Thread - 0] INFO  server.GrpcService (GrpcService.java:startImpl(158)) - cb20f782-9136-4144-a2ef-e44461d35697: GrpcService started, listening on 0.0.0.0/0.0.0.0:44783
2019-09-17 12:49:24,268 [pool-7-thread-2] INFO  commands.RetriableDatanodeEventWatcher (RetriableDatanodeEventWatcher.java:onTimeout(47)) - RetriableDatanodeCommand type=deleteBlocksCommand with id=1568724556037 timed out. Retrying.
2019-09-17 12:49:24,286 [pool-7-thread-2] INFO  commands.RetriableDatanodeEventWatcher (RetriableDatanodeEventWatcher.java:onTimeout(47)) - RetriableDatanodeCommand type=deleteBlocksCommand with id=1568724556047 timed out. Retrying.
2019-09-17 12:49:24,296 [pool-7-thread-2] INFO  commands.RetriableDatanodeEventWatcher (RetriableDatanodeEventWatcher.java:onTimeout(47)) - RetriableDatanodeCommand type=deleteBlocksCommand with id=1568724556076 timed out. Retrying.
2019-09-17 12:49:24,305 [pool-7-thread-2] INFO  commands.RetriableDatanodeEventWatcher (RetriableDatanodeEventWatcher.java:onTimeout(47)) - RetriableDatanodeCommand type=deleteBlocksCommand with id=1568724556057 timed out. Retrying.
2019-09-17 12:49:24,308 [SCMBlockDeletingService#0] DEBUG block.SCMBlockDeletingService (SCMBlockDeletingService.java:call(138)) - Running DeletedBlockTransactionScanner
2019-09-17 12:49:24,308 [SCMBlockDeletingService#0] DEBUG block.SCMBlockDeletingService (SCMBlockDeletingService.java:call(155)) - Scanned deleted blocks log and got 3 delTX to process.
2019-09-17 12:49:24,309 [SCMBlockDeletingService#0] DEBUG block.SCMBlockDeletingService (SCMBlockDeletingService.java:call(171)) - Added delete block command for datanode cb20f782-9136-4144-a2ef-e44461d35697 in the queue, number of delete block transactions: 3, TxID list: 1,2,3
2019-09-17 12:49:24,309 [SCMBlockDeletingService#0] INFO  block.SCMBlockDeletingService (SCMBlockDeletingService.java:call(182)) - Totally added 3 delete blocks command for 1 datanodes, task elapsed time: 1ms
2019-09-17 12:49:24,318 [pool-7-thread-2] INFO  commands.RetriableDatanodeEventWatcher (RetriableDatanodeEventWatcher.java:onTimeout(47)) - RetriableDatanodeCommand type=deleteBlocksCommand with id=1568724556008 timed out. Retrying.
2019-09-17 12:49:24,319 [pool-7-thread-2] INFO  commands.RetriableDatanodeEventWatcher (RetriableDatanodeEventWatcher.java:onTimeout(47)) - RetriableDatanodeCommand type=deleteBlocksCommand with id=1568724556067 timed out. Retrying.
2019-09-17 12:49:24,334 [pool-7-thread-2] INFO  commands.RetriableDatanodeEventWatcher (RetriableDatanodeEventWatcher.java:onTimeout(47)) - RetriableDatanodeCommand type=deleteBlocksCommand with id=1568724556018 timed out. Retrying.
2019-09-17 12:49:24,352 [pool-7-thread-2] INFO  commands.RetriableDatanodeEventWatcher (RetriableDatanodeEventWatcher.java:onTimeout(47)) - RetriableDatanodeCommand type=deleteBlocksCommand with id=1568724556028 timed out. Retrying.
2019-09-17 12:49:24,370 [pool-7-thread-2] INFO  commands.RetriableDatanodeEventWatcher (RetriableDatanodeEventWatcher.java:onTimeout(47)) - RetriableDatanodeCommand type=deleteBlocksCommand with id=1568724556038 timed out. Retrying.
2019-09-17 12:49:24,387 [pool-7-thread-2] INFO  commands.RetriableDatanodeEventWatcher (RetriableDatanodeEventWatcher.java:onTimeout(47)) - RetriableDatanodeCommand type=deleteBlocksCommand with id=1568724556048 timed out. Retrying.
2019-09-17 12:49:24,397 [pool-7-thread-2] INFO  commands.RetriableDatanodeEventWatcher (RetriableDatanodeEventWatcher.java:onTimeout(47)) - RetriableDatanodeCommand type=deleteBlocksCommand with id=1568724556077 timed out. Retrying.
2019-09-17 12:49:24,408 [pool-7-thread-2] INFO  commands.RetriableDatanodeEventWatcher (RetriableDatanodeEventWatcher.java:onTimeout(47)) - RetriableDatanodeCommand type=deleteBlocksCommand with id=1568724556058 timed out. Retrying.
2019-09-17 12:49:24,409 [SCMBlockDeletingService#0] DEBUG block.SCMBlockDeletingService (SCMBlockDeletingService.java:call(138)) - Running DeletedBlockTransactionScanner
2019-09-17 12:49:24,410 [SCMBlockDeletingService#0] DEBUG block.SCMBlockDeletingService (SCMBlockDeletingService.java:call(155)) - Scanned deleted blocks log and got 3 delTX to process.
2019-09-17 12:49:24,410 [SCMBlockDeletingService#0] DEBUG block.SCMBlockDeletingService (SCMBlockDeletingService.java:call(171)) - Added delete block command for datanode cb20f782-9136-4144-a2ef-e44461d35697 in the queue, number of delete block transactions: 3, TxID list: 1,2,3
2019-09-17 12:49:24,410 [SCMBlockDeletingService#0] INFO  block.SCMBlockDeletingService (SCMBlockDeletingService.java:call(182)) - Totally added 3 delete blocks command for 1 datanodes, task elapsed time: 2ms
2019-09-17 12:49:24,418 [pool-7-thread-2] INFO  commands.RetriableDatanodeEventWatcher (RetriableDatanodeEventWatcher.java:onTimeout(47)) - RetriableDatanodeCommand type=deleteBlocksCommand with id=1568724556009 timed out. Retrying.
2019-09-17 12:49:24,420 [pool-7-thread-2] INFO  commands.RetriableDatanodeEventWatcher (RetriableDatanodeEventWatcher.java:onTimeout(47)) - RetriableDatanodeCommand type=deleteBlocksCommand with id=1568724556068 timed out. Retrying.
2019-09-17 12:49:24,435 [pool-7-thread-2] INFO  commands.RetriableDatanodeEventWatcher (RetriableDatanodeEventWatcher.java:onTimeout(47)) - RetriableDatanodeCommand type=deleteBlocksCommand with id=1568724556019 timed out. Retrying.
2019-09-17 12:49:24,456 [pool-7-thread-2] INFO  commands.RetriableDatanodeEventWatcher (RetriableDatanodeEventWatcher.java:onTimeout(47)) - RetriableDatanodeCommand type=deleteBlocksCommand with id=1568724556029 timed out. Retrying.
2019-09-17 12:49:24,471 [pool-7-thread-2] INFO  commands.RetriableDatanodeEventWatcher (RetriableDatanodeEventWatcher.java:onTimeout(47)) - RetriableDatanodeCommand type=deleteBlocksCommand with id=1568724556039 timed out. Retrying.
2019-09-17 12:49:24,489 [pool-7-thread-2] INFO  commands.RetriableDatanodeEventWatcher (RetriableDatanodeEventWatcher.java:onTimeout(47)) - RetriableDatanodeCommand type=deleteBlocksCommand with id=1568724556049 timed out. Retrying.
2019-09-17 12:49:24,498 [pool-7-thread-2] INFO  commands.RetriableDatanodeEventWatcher (RetriableDatanodeEventWatcher.java:onTimeout(47)) - RetriableDatanodeCommand type=deleteBlocksCommand with id=1568724556078 timed out. Retrying.
2019-09-17 12:49:24,507 [pool-7-thread-2] INFO  commands.RetriableDatanodeEventWatcher (RetriableDatanodeEventWatcher.java:onTimeout(47)) - RetriableDatanodeCommand type=deleteBlocksCommand with id=1568724556059 timed out. Retrying.
2019-09-17 12:49:24,511 [SCMBlockDeletingService#0] DEBUG block.SCMBlockDeletingService (SCMBlockDeletingService.java:call(138)) - Running DeletedBlockTransactionScanner
2019-09-17 12:49:24,511 [SCMBlockDeletingService#0] DEBUG block.SCMBlockDeletingService (SCMBlockDeletingService.java:call(155)) - Scanned deleted blocks log and got 3 delTX to process.
2019-09-17 12:49:24,511 [SCMBlockDeletingService#0] DEBUG block.SCMBlockDeletingService (SCMBlockDeletingService.java:call(171)) - Added delete block command for datanode cb20f782-9136-4144-a2ef-e44461d35697 in the queue, number of delete block transactions: 3, TxID list: 1,2,3
2019-09-17 12:49:24,512 [SCMBlockDeletingService#0] INFO  block.SCMBlockDeletingService (SCMBlockDeletingService.java:call(182)) - Totally added 3 delete blocks command for 1 datanodes, task elapsed time: 1ms
2019-09-17 12:49:24,523 [pool-7-thread-2] INFO  commands.RetriableDatanodeEventWatcher (RetriableDatanodeEventWatcher.java:onTimeout(47)) - RetriableDatanodeCommand type=deleteBlocksCommand with id=1568724556069 timed out. Retrying.
2019-09-17 12:49:24,523 [pool-7-thread-1] INFO  commands.RetriableDatanodeEventWatcher (RetriableDatanodeEventWatcher.java:onTimeout(47)) - RetriableDatanodeCommand type=deleteBlocksCommand with id=1568724556010 timed out. Retrying.
2019-09-17 12:49:24,538 [pool-7-thread-1] INFO  commands.RetriableDatanodeEventWatcher (RetriableDatanodeEventWatcher.java:onTimeout(47)) - RetriableDatanodeCommand type=deleteBlocksCommand with id=1568724556020 timed out. Retrying.
2019-09-17 12:49:24,556 [pool-7-thread-1] INFO  commands.RetriableDatanodeEventWatcher (RetriableDatanodeEventWatcher.java:onTimeout(47)) - RetriableDatanodeCommand type=deleteBlocksCommand with id=1568724556030 timed out. Retrying.
2019-09-17 12:49:24,575 [pool-7-thread-1] INFO  commands.RetriableDatanodeEventWatcher (RetriableDatanodeEventWatcher.java:onTimeout(47)) - RetriableDatanodeCommand type=deleteBlocksCommand with id=1568724556040 timed out. Retrying.
2019-09-17 12:49:24,590 [pool-7-thread-1] INFO  commands.RetriableDatanodeEventWatcher (RetriableDatanodeEventWatcher.java:onTimeout(47)) - RetriableDatanodeCommand type=deleteBlocksCommand with id=1568724556050 timed out. Retrying.
2019-09-17 12:49:24,600 [pool-7-thread-1] INFO  commands.RetriableDatanodeEventWatcher (RetriableDatanodeEventWatcher.java:onTimeout(47)) - RetriableDatanodeCommand type=deleteBlocksCommand with id=1568724556079 timed out. Retrying.
2019-09-17 12:49:24,610 [pool-7-thread-1] INFO  commands.RetriableDatanodeEventWatcher (RetriableDatanodeEventWatcher.java:onTimeout(47)) - RetriableDatanodeCommand type=deleteBlocksCommand with id=1568724556060 timed out. Retrying.
2019-09-17 12:49:24,612 [SCMBlockDeletingService#0] DEBUG block.SCMBlockDeletingService (SCMBlockDeletingService.java:call(138)) - Running DeletedBlockTransactionScanner
2019-09-17 12:49:24,613 [SCMBlockDeletingService#0] DEBUG block.SCMBlockDeletingService (SCMBlockDeletingService.java:call(155)) - Scanned deleted blocks log and got 3 delTX to process.
2019-09-17 12:49:24,613 [SCMBlockDeletingService#0] DEBUG block.SCMBlockDeletingService (SCMBlockDeletingService.java:call(171)) - Added delete block command for datanode cb20f782-9136-4144-a2ef-e44461d35697 in the queue, number of delete block transactions: 3, TxID list: 1,2,3
2019-09-17 12:49:24,613 [SCMBlockDeletingService#0] INFO  block.SCMBlockDeletingService (SCMBlockDeletingService.java:call(182)) - Totally added 3 delete blocks command for 1 datanodes, task elapsed time: 1ms
2019-09-17 12:49:24,623 [pool-7-thread-1] INFO  commands.RetriableDatanodeEventWatcher (RetriableDatanodeEventWatcher.java:onTimeout(47)) - RetriableDatanodeCommand type=deleteBlocksCommand with id=1568724556070 timed out. Retrying.
2019-09-17 12:49:24,623 [pool-7-thread-2] INFO  commands.RetriableDatanodeEventWatcher (RetriableDatanodeEventWatcher.java:onTimeout(47)) - RetriableDatanodeCommand type=deleteBlocksCommand with id=1568724556011 timed out. Retrying.
2019-09-17 12:49:24,642 [pool-7-thread-2] INFO  commands.RetriableDatanodeEventWatcher (RetriableDatanodeEventWatcher.java:onTimeout(47)) - RetriableDatanodeCommand type=deleteBlocksCommand with id=1568724556021 timed out. Retrying.
2019-09-17 12:49:24,659 [pool-7-thread-2] INFO  commands.RetriableDatanodeEventWatcher (RetriableDatanodeEventWatcher.java:onTimeout(47)) - RetriableDatanodeCommand type=deleteBlocksCommand with id=1568724556031 timed out. Retrying.
2019-09-17 12:49:24,676 [pool-7-thread-2] INFO  commands.RetriableDatanodeEventWatcher (RetriableDatanodeEventWatcher.java:onTimeout(47)) - RetriableDatanodeCommand type=deleteBlocksCommand with id=1568724556041 timed out. Retrying.
2019-09-17 12:49:24,691 [pool-7-thread-2] INFO  commands.RetriableDatanodeEventWatcher (RetriableDatanodeEventWatcher.java:onTimeout(47)) - RetriableDatanodeCommand type=deleteBlocksCommand with id=1568724556051 timed out. Retrying.
2019-09-17 12:49:24,701 [pool-7-thread-2] INFO  commands.RetriableDatanodeEventWatcher (RetriableDatanodeEventWatcher.java:onTimeout(47)) - RetriableDatanodeCommand type=deleteBlocksCommand with id=1568724556080 timed out. Retrying.
2019-09-17 12:49:24,710 [pool-7-thread-2] INFO  commands.RetriableDatanodeEventWatcher (RetriableDatanodeEventWatcher.java:onTimeout(47)) - RetriableDatanodeCommand type=deleteBlocksCommand with id=1568724556061 timed out. Retrying.
2019-09-17 12:49:24,714 [SCMBlockDeletingService#0] DEBUG block.SCMBlockDeletingService (SCMBlockDeletingService.java:call(138)) - Running DeletedBlockTransactionScanner
2019-09-17 12:49:24,714 [SCMBlockDeletingService#0] DEBUG block.SCMBlockDeletingService (SCMBlockDeletingService.java:call(155)) - Scanned deleted blocks log and got 3 delTX to process.
2019-09-17 12:49:24,714 [SCMBlockDeletingService#0] DEBUG block.SCMBlockDeletingService (SCMBlockDeletingService.java:call(171)) - Added delete block command for datanode cb20f782-9136-4144-a2ef-e44461d35697 in the queue, number of delete block transactions: 3, TxID list: 1,2,3
2019-09-17 12:49:24,715 [SCMBlockDeletingService#0] INFO  block.SCMBlockDeletingService (SCMBlockDeletingService.java:call(182)) - Totally added 3 delete blocks command for 1 datanodes, task elapsed time: 1ms
2019-09-17 12:49:24,723 [pool-7-thread-2] INFO  commands.RetriableDatanodeEventWatcher (RetriableDatanodeEventWatcher.java:onTimeout(47)) - RetriableDatanodeCommand type=deleteBlocksCommand with id=1568724556012 timed out. Retrying.
2019-09-17 12:49:24,727 [pool-7-thread-2] INFO  commands.RetriableDatanodeEventWatcher (RetriableDatanodeEventWatcher.java:onTimeout(47)) - RetriableDatanodeCommand type=deleteBlocksCommand with id=1568724556071 timed out. Retrying.
2019-09-17 12:49:24,740 [pool-7-thread-2] INFO  commands.RetriableDatanodeEventWatcher (RetriableDatanodeEventWatcher.java:onTimeout(47)) - RetriableDatanodeCommand type=deleteBlocksCommand with id=1568724556022 timed out. Retrying.
2019-09-17 12:49:24,762 [pool-7-thread-2] INFO  commands.RetriableDatanodeEventWatcher (RetriableDatanodeEventWatcher.java:onTimeout(47)) - RetriableDatanodeCommand type=deleteBlocksCommand with id=1568724556032 timed out. Retrying.
2019-09-17 12:49:24,778 [pool-7-thread-2] INFO  commands.RetriableDatanodeEventWatcher (RetriableDatanodeEventWatcher.java:onTimeout(47)) - RetriableDatanodeCommand type=deleteBlocksCommand with id=1568724556042 timed out. Retrying.
2019-09-17 12:49:24,792 [pool-7-thread-2] INFO  commands.RetriableDatanodeEventWatcher (RetriableDatanodeEventWatcher.java:onTimeout(47)) - RetriableDatanodeCommand type=deleteBlocksCommand with id=1568724556052 timed out. Retrying.
2019-09-17 12:49:24,803 [pool-7-thread-2] INFO  commands.RetriableDatanodeEventWatcher (RetriableDatanodeEventWatcher.java:onTimeout(47)) - RetriableDatanodeCommand type=deleteBlocksCommand with id=1568724556081 timed out. Retrying.
2019-09-17 12:49:24,812 [pool-7-thread-2] INFO  commands.RetriableDatanodeEventWatcher (RetriableDatanodeEventWatcher.java:onTimeout(47)) - RetriableDatanodeCommand type=deleteBlocksCommand with id=1568724556062 timed out. Retrying.
2019-09-17 12:49:24,815 [SCMBlockDeletingService#0] DEBUG block.SCMBlockDeletingService (SCMBlockDeletingService.java:call(138)) - Running DeletedBlockTransactionScanner
2019-09-17 12:49:24,815 [SCMBlockDeletingService#0] DEBUG block.SCMBlockDeletingService (SCMBlockDeletingService.java:call(155)) - Scanned deleted blocks log and got 3 delTX to process.
2019-09-17 12:49:24,816 [SCMBlockDeletingService#0] DEBUG block.SCMBlockDeletingService (SCMBlockDeletingService.java:call(171)) - Added delete block command for datanode cb20f782-9136-4144-a2ef-e44461d35697 in the queue, number of delete block transactions: 3, TxID list: 1,2,3
2019-09-17 12:49:24,816 [SCMBlockDeletingService#0] INFO  block.SCMBlockDeletingService (SCMBlockDeletingService.java:call(182)) - Totally added 3 delete blocks command for 1 datanodes, task elapsed time: 2ms
2019-09-17 12:49:24,827 [main] INFO  ozone.MiniOzoneClusterImpl (MiniOzoneClusterImpl.java:lambda$waitForClusterToBeReady$0(145)) - Waiting for cluster to be ready. Got 0 of 1 DN Heartbeats.
2019-09-17 12:49:24,828 [pool-7-thread-2] INFO  commands.RetriableDatanodeEventWatcher (RetriableDatanodeEventWatcher.java:onTimeout(47)) - RetriableDatanodeCommand type=deleteBlocksCommand with id=1568724556072 timed out. Retrying.
2019-09-17 12:49:24,828 [pool-7-thread-1] INFO  commands.RetriableDatanodeEventWatcher (RetriableDatanodeEventWatcher.java:onTimeout(47)) - RetriableDatanodeCommand type=deleteBlocksCommand with id=1568724556013 timed out. Retrying.
2019-09-17 12:49:24,846 [pool-7-thread-1] INFO  commands.RetriableDatanodeEventWatcher (RetriableDatanodeEventWatcher.java:onTimeout(47)) - RetriableDatanodeCommand type=deleteBlocksCommand with id=1568724556023 timed out. Retrying.
2019-09-17 12:49:24,861 [pool-7-thread-1] INFO  commands.RetriableDatanodeEventWatcher (RetriableDatanodeEventWatcher.java:onTimeout(47)) - RetriableDatanodeCommand type=deleteBlocksCommand with id=1568724556033 timed out. Retrying.
2019-09-17 12:49:24,878 [pool-7-thread-1] INFO  commands.RetriableDatanodeEventWatcher (RetriableDatanodeEventWatcher.java:onTimeout(47)) - RetriableDatanodeCommand type=deleteBlocksCommand with id=1568724556043 timed out. Retrying.
2019-09-17 12:49:24,894 [pool-7-thread-1] INFO  commands.RetriableDatanodeEventWatcher (RetriableDatanodeEventWatcher.java:onTimeout(47)) - RetriableDatanodeCommand type=deleteBlocksCommand with id=1568724556053 timed out. Retrying.
2019-09-17 12:49:24,904 [pool-7-thread-1] INFO  commands.RetriableDatanodeEventWatcher (RetriableDatanodeEventWatcher.java:onTimeout(47)) - RetriableDatanodeCommand type=deleteBlocksCommand with id=1568724556082 timed out. Retrying.
2019-09-17 12:49:24,913 [pool-7-thread-1] INFO  commands.RetriableDatanodeEventWatcher (RetriableDatanodeEventWatcher.java:onTimeout(47)) - RetriableDatanodeCommand type=deleteBlocksCommand with id=1568724556063 timed out. Retrying.
2019-09-17 12:49:24,917 [SCMBlockDeletingService#0] DEBUG block.SCMBlockDeletingService (SCMBlockDeletingService.java:call(138)) - Running DeletedBlockTransactionScanner
2019-09-17 12:49:24,917 [SCMBlockDeletingService#0] DEBUG block.SCMBlockDeletingService (SCMBlockDeletingService.java:call(155)) - Scanned deleted blocks log and got 3 delTX to process.
2019-09-17 12:49:24,917 [SCMBlockDeletingService#0] DEBUG block.SCMBlockDeletingService (SCMBlockDeletingService.java:call(171)) - Added delete block command for datanode cb20f782-9136-4144-a2ef-e44461d35697 in the queue, number of delete block transactions: 3, TxID list: 1,2,3
2019-09-17 12:49:24,918 [SCMBlockDeletingService#0] INFO  block.SCMBlockDeletingService (SCMBlockDeletingService.java:call(182)) - Totally added 3 delete blocks command for 1 datanodes, task elapsed time: 1ms
2019-09-17 12:49:24,927 [pool-7-thread-1] INFO  commands.RetriableDatanodeEventWatcher (RetriableDatanodeEventWatcher.java:onTimeout(47)) - RetriableDatanodeCommand type=deleteBlocksCommand with id=1568724556014 timed out. Retrying.
2019-09-17 12:49:24,928 [pool-7-thread-1] INFO  commands.RetriableDatanodeEventWatcher (RetriableDatanodeEventWatcher.java:onTimeout(47)) - RetriableDatanodeCommand type=deleteBlocksCommand with id=1568724556073 timed out. Retrying.
2019-09-17 12:49:24,945 [pool-7-thread-1] INFO  commands.RetriableDatanodeEventWatcher (RetriableDatanodeEventWatcher.java:onTimeout(47)) - RetriableDatanodeCommand type=deleteBlocksCommand with id=1568724556024 timed out. Retrying.
2019-09-17 12:49:24,964 [pool-7-thread-1] INFO  commands.RetriableDatanodeEventWatcher (RetriableDatanodeEventWatcher.java:onTimeout(47)) - RetriableDatanodeCommand type=deleteBlocksCommand with id=1568724556034 timed out. Retrying.
2019-09-17 12:49:24,979 [pool-7-thread-1] INFO  commands.RetriableDatanodeEventWatcher (RetriableDatanodeEventWatcher.java:onTimeout(47)) - RetriableDatanodeCommand type=deleteBlocksCommand with id=1568724556044 timed out. Retrying.
2019-09-17 12:49:24,995 [pool-7-thread-1] INFO  commands.RetriableDatanodeEventWatcher (RetriableDatanodeEventWatcher.java:onTimeout(47)) - RetriableDatanodeCommand type=deleteBlocksCommand with id=1568724556054 timed out. Retrying.
2019-09-17 12:49:25,004 [pool-7-thread-1] INFO  commands.RetriableDatanodeEventWatcher (RetriableDatanodeEventWatcher.java:onTimeout(47)) - RetriableDatanodeCommand type=deleteBlocksCommand with id=1568724556083 timed out. Retrying.
2019-09-17 12:49:25,013 [pool-7-thread-1] INFO  commands.RetriableDatanodeEventWatcher (RetriableDatanodeEventWatcher.java:onTimeout(47)) - RetriableDatanodeCommand type=deleteBlocksCommand with id=1568724556005 timed out. Retrying.
2019-09-17 12:49:25,014 [pool-7-thread-1] INFO  commands.RetriableDatanodeEventWatcher (RetriableDatanodeEventWatcher.java:onTimeout(47)) - RetriableDatanodeCommand type=deleteBlocksCommand with id=1568724556064 timed out. Retrying.
2019-09-17 12:49:25,018 [SCMBlockDeletingService#0] DEBUG block.SCMBlockDeletingService (SCMBlockDeletingService.java:call(138)) - Running DeletedBlockTransactionScanner
2019-09-17 12:49:25,019 [SCMBlockDeletingService#0] DEBUG block.SCMBlockDeletingService (SCMBlockDeletingService.java:call(155)) - Scanned deleted blocks log and got 3 delTX to process.
2019-09-17 12:49:25,019 [SCMBlockDeletingService#0] DEBUG block.SCMBlockDeletingService (SCMBlockDeletingService.java:call(171)) - Added delete block command for datanode cb20f782-9136-4144-a2ef-e44461d35697 in the queue, number of delete block transactions: 3, TxID list: 1,2,3
2019-09-17 12:49:25,019 [SCMBlockDeletingService#0] INFO  block.SCMBlockDeletingService (SCMBlockDeletingService.java:call(182)) - Totally added 3 delete blocks command for 1 datanodes, task elapsed time: 1ms
2019-09-17 12:49:25,030 [pool-7-thread-1] INFO  commands.RetriableDatanodeEventWatcher (RetriableDatanodeEventWatcher.java:onTimeout(47)) - RetriableDatanodeCommand type=deleteBlocksCommand with id=1568724556015 timed out. Retrying.
2019-09-17 12:49:25,050 [pool-7-thread-1] INFO  commands.RetriableDatanodeEventWatcher (RetriableDatanodeEventWatcher.java:onTimeout(47)) - RetriableDatanodeCommand type=deleteBlocksCommand with id=1568724556025 timed out. Retrying.
2019-09-17 12:49:25,065 [pool-7-thread-1] INFO  commands.RetriableDatanodeEventWatcher (RetriableDatanodeEventWatcher.java:onTimeout(47)) - RetriableDatanodeCommand type=deleteBlocksCommand with id=1568724556035 timed out. Retrying.
2019-09-17 12:49:25,084 [pool-7-thread-1] INFO  commands.RetriableDatanodeEventWatcher (RetriableDatanodeEventWatcher.java:onTimeout(47)) - RetriableDatanodeCommand type=deleteBlocksCommand with id=1568724556045 timed out. Retrying.
2019-09-17 12:49:25,094 [pool-7-thread-1] INFO  commands.RetriableDatanodeEventWatcher (RetriableDatanodeEventWatcher.java:onTimeout(47)) - RetriableDatanodeCommand type=deleteBlocksCommand with id=1568724556074 timed out. Retrying.
2019-09-17 12:49:25,100 [pool-7-thread-1] INFO  commands.RetriableDatanodeEventWatcher (RetriableDatanodeEventWatcher.java:onTimeout(47)) - RetriableDatanodeCommand type=deleteBlocksCommand with id=1568724556055 timed out. Retrying.
2019-09-17 12:49:25,107 [pool-7-thread-1] INFO  commands.RetriableDatanodeEventWatcher (RetriableDatanodeEventWatcher.java:onTimeout(47)) - RetriableDatanodeCommand type=deleteBlocksCommand with id=1568724556084 timed out. Retrying.
2019-09-17 12:49:25,113 [pool-7-thread-1] INFO  commands.RetriableDatanodeEventWatcher (RetriableDatanodeEventWatcher.java:onTimeout(47)) - RetriableDatanodeCommand type=deleteBlocksCommand with id=1568724556006 timed out. Retrying.
2019-09-17 12:49:25,117 [pool-7-thread-1] INFO  commands.RetriableDatanodeEventWatcher (RetriableDatanodeEventWatcher.java:onTimeout(47)) - RetriableDatanodeCommand type=deleteBlocksCommand with id=1568724556065 timed out. Retrying.
2019-09-17 12:49:25,120 [SCMBlockDeletingService#0] DEBUG block.SCMBlockDeletingService (SCMBlockDeletingService.java:call(138)) - Running DeletedBlockTransactionScanner
2019-09-17 12:49:25,120 [SCMBlockDeletingService#0] DEBUG block.SCMBlockDeletingService (SCMBlockDeletingService.java:call(155)) - Scanned deleted blocks log and got 3 delTX to process.
2019-09-17 12:49:25,120 [SCMBlockDeletingService#0] DEBUG block.SCMBlockDeletingService (SCMBlockDeletingService.java:call(171)) - Added delete block command for datanode cb20f782-9136-4144-a2ef-e44461d35697 in the queue, number of delete block transactions: 3, TxID list: 1,2,3
2019-09-17 12:49:25,121 [SCMBlockDeletingService#0] INFO  block.SCMBlockDeletingService (SCMBlockDeletingService.java:call(182)) - Totally added 3 delete blocks command for 1 datanodes, task elapsed time: 1ms
2019-09-17 12:49:25,133 [pool-7-thread-1] INFO  commands.RetriableDatanodeEventWatcher (RetriableDatanodeEventWatcher.java:onTimeout(47)) - RetriableDatanodeCommand type=deleteBlocksCommand with id=1568724556016 timed out. Retrying.
2019-09-17 12:49:25,149 [pool-7-thread-1] INFO  commands.RetriableDatanodeEventWatcher (RetriableDatanodeEventWatcher.java:onTimeout(47)) - RetriableDatanodeCommand type=deleteBlocksCommand with id=1568724556026 timed out. Retrying.
2019-09-17 12:49:25,166 [pool-7-thread-1] INFO  commands.RetriableDatanodeEventWatcher (RetriableDatanodeEventWatcher.java:onTimeout(47)) - RetriableDatanodeCommand type=deleteBlocksCommand with id=1568724556036 timed out. Retrying.
2019-09-17 12:49:25,184 [pool-7-thread-1] INFO  commands.RetriableDatanodeEventWatcher (RetriableDatanodeEventWatcher.java:onTimeout(47)) - RetriableDatanodeCommand type=deleteBlocksCommand with id=1568724556046 timed out. Retrying.
2019-09-17 12:49:25,196 [pool-7-thread-1] INFO  commands.RetriableDatanodeEventWatcher (RetriableDatanodeEventWatcher.java:onTimeout(47)) - RetriableDatanodeCommand type=deleteBlocksCommand with id=1568724556075 timed out. Retrying.
2019-09-17 12:49:25,203 [pool-7-thread-1] INFO  commands.RetriableDatanodeEventWatcher (RetriableDatanodeEventWatcher.java:onTimeout(47)) - RetriableDatanodeCommand type=deleteBlocksCommand with id=1568724556056 timed out. Retrying.
2019-09-17 12:49:25,208 [pool-7-thread-1] INFO  commands.RetriableDatanodeEventWatcher (RetriableDatanodeEventWatcher.java:onTimeout(47)) - RetriableDatanodeCommand type=deleteBlocksCommand with id=1568724556085 timed out. Retrying.
2019-09-17 12:49:25,217 [pool-7-thread-1] INFO  commands.RetriableDatanodeEventWatcher (RetriableDatanodeEventWatcher.java:onTimeout(47)) - RetriableDatanodeCommand type=deleteBlocksCommand with id=1568724556066 timed out. Retrying.
2019-09-17 12:49:25,217 [pool-7-thread-2] INFO  commands.RetriableDatanodeEventWatcher (RetriableDatanodeEventWatcher.java:onTimeout(47)) - RetriableDatanodeCommand type=deleteBlocksCommand with id=1568724556007 timed out. Retrying.
2019-09-17 12:49:25,221 [SCMBlockDeletingService#0] DEBUG block.SCMBlockDeletingService (SCMBlockDeletingService.java:call(138)) - Running DeletedBlockTransactionScanner
2019-09-17 12:49:25,222 [SCMBlockDeletingService#0] DEBUG block.SCMBlockDeletingService (SCMBlockDeletingService.java:call(155)) - Scanned deleted blocks log and got 3 delTX to process.
2019-09-17 12:49:25,222 [SCMBlockDeletingService#0] DEBUG block.SCMBlockDeletingService (SCMBlockDeletingService.java:call(171)) - Added delete block command for datanode cb20f782-9136-4144-a2ef-e44461d35697 in the queue, number of delete block transactions: 3, TxID list: 1,2,3
2019-09-17 12:49:25,222 [SCMBlockDeletingService#0] INFO  block.SCMBlockDeletingService (SCMBlockDeletingService.java:call(182)) - Totally added 3 delete blocks command for 1 datanodes, task elapsed time: 1ms
2019-09-17 12:49:25,231 [pool-7-thread-2] INFO  commands.RetriableDatanodeEventWatcher (RetriableDatanodeEventWatcher.java:onTimeout(47)) - RetriableDatanodeCommand type=deleteBlocksCommand with id=1568724556017 timed out. Retrying.
2019-09-17 12:49:25,252 [pool-7-thread-2] INFO  commands.RetriableDatanodeEventWatcher (RetriableDatanodeEventWatcher.java:onTimeout(47)) - RetriableDatanodeCommand type=deleteBlocksCommand with id=1568724556027 timed out. Retrying.
2019-09-17 12:49:25,267 [pool-7-thread-2] INFO  commands.RetriableDatanodeEventWatcher (RetriableDatanodeEventWatcher.java:onTimeout(47)) - RetriableDatanodeCommand type=deleteBlocksCommand with id=1568724556037 timed out. Retrying.
2019-09-17 12:49:25,287 [pool-7-thread-2] INFO  commands.RetriableDatanodeEventWatcher (RetriableDatanodeEventWatcher.java:onTimeout(47)) - RetriableDatanodeCommand type=deleteBlocksCommand with id=1568724556047 timed out. Retrying.
2019-09-17 12:49:25,296 [pool-7-thread-2] INFO  commands.RetriableDatanodeEventWatcher (RetriableDatanodeEventWatcher.java:onTimeout(47)) - RetriableDatanodeCommand type=deleteBlocksCommand with id=1568724556076 timed out. Retrying.
2019-09-17 12:49:25,305 [pool-7-thread-2] INFO  commands.RetriableDatanodeEventWatcher (RetriableDatanodeEventWatcher.java:onTimeout(47)) - RetriableDatanodeCommand type=deleteBlocksCommand with id=1568724556057 timed out. Retrying.
2019-09-17 12:49:25,309 [pool-7-thread-2] INFO  commands.RetriableDatanodeEventWatcher (RetriableDatanodeEventWatcher.java:onTimeout(47)) - RetriableDatanodeCommand type=deleteBlocksCommand with id=1568724556086 timed out. Retrying.
2019-09-17 12:49:25,319 [pool-7-thread-2] INFO  commands.RetriableDatanodeEventWatcher (RetriableDatanodeEventWatcher.java:onTimeout(47)) - RetriableDatanodeCommand type=deleteBlocksCommand with id=1568724556008 timed out. Retrying.
2019-09-17 12:49:25,320 [pool-7-thread-2] INFO  commands.RetriableDatanodeEventWatcher (RetriableDatanodeEventWatcher.java:onTimeout(47)) - RetriableDatanodeCommand type=deleteBlocksCommand with id=1568724556067 timed out. Retrying.
2019-09-17 12:49:25,323 [SCMBlockDeletingService#0] DEBUG block.SCMBlockDeletingService (SCMBlockDeletingService.java:call(138)) - Running DeletedBlockTransactionScanner
2019-09-17 12:49:25,323 [SCMBlockDeletingService#0] DEBUG block.SCMBlockDeletingService (SCMBlockDeletingService.java:call(155)) - Scanned deleted blocks log and got 3 delTX to process.
2019-09-17 12:49:25,323 [SCMBlockDeletingService#0] DEBUG block.SCMBlockDeletingService (SCMBlockDeletingService.java:call(171)) - Added delete block command for datanode cb20f782-9136-4144-a2ef-e44461d35697 in the queue, number of delete block transactions: 3, TxID list: 1,2,3
2019-09-17 12:49:25,324 [SCMBlockDeletingService#0] INFO  block.SCMBlockDeletingService (SCMBlockDeletingService.java:call(182)) - Totally added 3 delete blocks command for 1 datanodes, task elapsed time: 1ms
2019-09-17 12:49:25,334 [pool-7-thread-2] INFO  commands.RetriableDatanodeEventWatcher (RetriableDatanodeEventWatcher.java:onTimeout(47)) - RetriableDatanodeCommand type=deleteBlocksCommand with id=1568724556018 timed out. Retrying.
2019-09-17 12:49:25,352 [pool-7-thread-2] INFO  commands.RetriableDatanodeEventWatcher (RetriableDatanodeEventWatcher.java:onTimeout(47)) - RetriableDatanodeCommand type=deleteBlocksCommand with id=1568724556028 timed out. Retrying.
2019-09-17 12:49:25,370 [pool-7-thread-2] INFO  commands.RetriableDatanodeEventWatcher (RetriableDatanodeEventWatcher.java:onTimeout(47)) - RetriableDatanodeCommand type=deleteBlocksCommand with id=1568724556038 timed out. Retrying.
2019-09-17 12:49:25,388 [pool-7-thread-2] INFO  commands.RetriableDatanodeEventWatcher (RetriableDatanodeEventWatcher.java:onTimeout(47)) - RetriableDatanodeCommand type=deleteBlocksCommand with id=1568724556048 timed out. Retrying.
2019-09-17 12:49:25,397 [pool-7-thread-2] INFO  commands.RetriableDatanodeEventWatcher (RetriableDatanodeEventWatcher.java:onTimeout(47)) - RetriableDatanodeCommand type=deleteBlocksCommand with id=1568724556077 timed out. Retrying.
2019-09-17 12:49:25,409 [pool-7-thread-2] INFO  commands.RetriableDatanodeEventWatcher (RetriableDatanodeEventWatcher.java:onTimeout(47)) - RetriableDatanodeCommand type=deleteBlocksCommand with id=1568724556058 timed out. Retrying.
2019-09-17 12:49:25,410 [pool-7-thread-2] INFO  commands.RetriableDatanodeEventWatcher (RetriableDatanodeEventWatcher.java:onTimeout(47)) - RetriableDatanodeCommand type=deleteBlocksCommand with id=1568724556087 timed out. Retrying.
2019-09-17 12:49:25,419 [pool-7-thread-2] INFO  commands.RetriableDatanodeEventWatcher (RetriableDatanodeEventWatcher.java:onTimeout(47)) - RetriableDatanodeCommand type=deleteBlocksCommand with id=1568724556009 timed out. Retrying.
2019-09-17 12:49:25,420 [pool-7-thread-2] INFO  commands.RetriableDatanodeEventWatcher (RetriableDatanodeEventWatcher.java:onTimeout(47)) - RetriableDatanodeCommand type=deleteBlocksCommand with id=1568724556068 timed out. Retrying.
2019-09-17 12:49:25,424 [SCMBlockDeletingService#0] DEBUG block.SCMBlockDeletingService (SCMBlockDeletingService.java:call(138)) - Running DeletedBlockTransactionScanner
2019-09-17 12:49:25,424 [SCMBlockDeletingService#0] DEBUG block.SCMBlockDeletingService (SCMBlockDeletingService.java:call(155)) - Scanned deleted blocks log and got 3 delTX to process.
2019-09-17 12:49:25,425 [SCMBlockDeletingService#0] DEBUG block.SCMBlockDeletingService (SCMBlockDeletingService.java:call(171)) - Added delete block command for datanode cb20f782-9136-4144-a2ef-e44461d35697 in the queue, number of delete block transactions: 3, TxID list: 1,2,3
2019-09-17 12:49:25,425 [SCMBlockDeletingService#0] INFO  block.SCMBlockDeletingService (SCMBlockDeletingService.java:call(182)) - Totally added 3 delete blocks command for 1 datanodes, task elapsed time: 1ms
2019-09-17 12:49:25,436 [pool-7-thread-2] INFO  commands.RetriableDatanodeEventWatcher (RetriableDatanodeEventWatcher.java:onTimeout(47)) - RetriableDatanodeCommand type=deleteBlocksCommand with id=1568724556019 timed out. Retrying.
2019-09-17 12:49:25,456 [pool-7-thread-2] INFO  commands.RetriableDatanodeEventWatcher (RetriableDatanodeEventWatcher.java:onTimeout(47)) - RetriableDatanodeCommand type=deleteBlocksCommand with id=1568724556029 timed out. Retrying.
2019-09-17 12:49:25,472 [pool-7-thread-2] INFO  commands.RetriableDatanodeEventWatcher (RetriableDatanodeEventWatcher.java:onTimeout(47)) - RetriableDatanodeCommand type=deleteBlocksCommand with id=1568724556039 timed out. Retrying.
2019-09-17 12:49:25,490 [pool-7-thread-2] INFO  commands.RetriableDatanodeEventWatcher (RetriableDatanodeEventWatcher.java:onTimeout(47)) - RetriableDatanodeCommand type=deleteBlocksCommand with id=1568724556049 timed out. Retrying.
2019-09-17 12:49:25,498 [pool-7-thread-2] INFO  commands.RetriableDatanodeEventWatcher (RetriableDatanodeEventWatcher.java:onTimeout(47)) - RetriableDatanodeCommand type=deleteBlocksCommand with id=1568724556078 timed out. Retrying.
2019-09-17 12:49:25,508 [pool-7-thread-2] INFO  commands.RetriableDatanodeEventWatcher (RetriableDatanodeEventWatcher.java:onTimeout(47)) - RetriableDatanodeCommand type=deleteBlocksCommand with id=1568724556059 timed out. Retrying.
2019-09-17 12:49:25,511 [pool-7-thread-2] INFO  commands.RetriableDatanodeEventWatcher (RetriableDatanodeEventWatcher.java:onTimeout(47)) - RetriableDatanodeCommand type=deleteBlocksCommand with id=1568724556088 timed out. Retrying.
2019-09-17 12:49:25,524 [pool-7-thread-2] INFO  commands.RetriableDatanodeEventWatcher (RetriableDatanodeEventWatcher.java:onTimeout(47)) - RetriableDatanodeCommand type=deleteBlocksCommand with id=1568724556069 timed out. Retrying.
2019-09-17 12:49:25,524 [pool-7-thread-1] INFO  commands.RetriableDatanodeEventWatcher (RetriableDatanodeEventWatcher.java:onTimeout(47)) - RetriableDatanodeCommand type=deleteBlocksCommand with id=1568724556010 timed out. Retrying.
2019-09-17 12:49:25,525 [SCMBlockDeletingService#0] DEBUG block.SCMBlockDeletingService (SCMBlockDeletingService.java:call(138)) - Running DeletedBlockTransactionScanner
2019-09-17 12:49:25,526 [SCMBlockDeletingService#0] DEBUG block.SCMBlockDeletingService (SCMBlockDeletingService.java:call(155)) - Scanned deleted blocks log and got 3 delTX to process.
2019-09-17 12:49:25,526 [SCMBlockDeletingService#0] DEBUG block.SCMBlockDeletingService (SCMBlockDeletingService.java:call(171)) - Added delete block command for datanode cb20f782-9136-4144-a2ef-e44461d35697 in the queue, number of delete block transactions: 3, TxID list: 1,2,3
2019-09-17 12:49:25,526 [SCMBlockDeletingService#0] INFO  block.SCMBlockDeletingService (SCMBlockDeletingService.java:call(182)) - Totally added 3 delete blocks command for 1 datanodes, task elapsed time: 1ms
2019-09-17 12:49:25,538 [pool-7-thread-1] INFO  commands.RetriableDatanodeEventWatcher (RetriableDatanodeEventWatcher.java:onTimeout(47)) - RetriableDatanodeCommand type=deleteBlocksCommand with id=1568724556020 timed out. Retrying.
2019-09-17 12:49:25,557 [pool-7-thread-1] INFO  commands.RetriableDatanodeEventWatcher (RetriableDatanodeEventWatcher.java:onTimeout(47)) - RetriableDatanodeCommand type=deleteBlocksCommand with id=1568724556030 timed out. Retrying.
2019-09-17 12:49:25,574 [pool-7-thread-1] INFO  commands.RetriableDatanodeEventWatcher (RetriableDatanodeEventWatcher.java:onTimeout(47)) - RetriableDatanodeCommand type=deleteBlocksCommand with id=1568724556040 timed out. Retrying.
2019-09-17 12:49:25,591 [pool-7-thread-1] INFO  commands.RetriableDatanodeEventWatcher (RetriableDatanodeEventWatcher.java:onTimeout(47)) - RetriableDatanodeCommand type=deleteBlocksCommand with id=1568724556050 timed out. Retrying.
2019-09-17 12:49:25,599 [pool-7-thread-1] INFO  commands.RetriableDatanodeEventWatcher (RetriableDatanodeEventWatcher.java:onTimeout(47)) - RetriableDatanodeCommand type=deleteBlocksCommand with id=1568724556079 timed out. Retrying.
2019-09-17 12:49:25,611 [pool-7-thread-1] INFO  commands.RetriableDatanodeEventWatcher (RetriableDatanodeEventWatcher.java:onTimeout(47)) - RetriableDatanodeCommand type=deleteBlocksCommand with id=1568724556060 timed out. Retrying.
2019-09-17 12:49:25,613 [pool-7-thread-1] INFO  commands.RetriableDatanodeEventWatcher (RetriableDatanodeEventWatcher.java:onTimeout(47)) - RetriableDatanodeCommand type=deleteBlocksCommand with id=1568724556089 timed out. Retrying.
2019-09-17 12:49:25,624 [pool-7-thread-1] INFO  commands.RetriableDatanodeEventWatcher (RetriableDatanodeEventWatcher.java:onTimeout(47)) - RetriableDatanodeCommand type=deleteBlocksCommand with id=1568724556070 timed out. Retrying.
2019-09-17 12:49:25,624 [pool-7-thread-2] INFO  commands.RetriableDatanodeEventWatcher (RetriableDatanodeEventWatcher.java:onTimeout(47)) - RetriableDatanodeCommand type=deleteBlocksCommand with id=1568724556011 timed out. Retrying.
2019-09-17 12:49:25,627 [SCMBlockDeletingService#0] DEBUG block.SCMBlockDeletingService (SCMBlockDeletingService.java:call(138)) - Running DeletedBlockTransactionScanner
2019-09-17 12:49:25,627 [SCMBlockDeletingService#0] DEBUG block.SCMBlockDeletingService (SCMBlockDeletingService.java:call(155)) - Scanned deleted blocks log and got 3 delTX to process.
2019-09-17 12:49:25,627 [SCMBlockDeletingService#0] DEBUG block.SCMBlockDeletingService (SCMBlockDeletingService.java:call(171)) - Added delete block command for datanode cb20f782-9136-4144-a2ef-e44461d35697 in the queue, number of delete block transactions: 3, TxID list: 1,2,3
2019-09-17 12:49:25,628 [SCMBlockDeletingService#0] INFO  block.SCMBlockDeletingService (SCMBlockDeletingService.java:call(182)) - Totally added 3 delete blocks command for 1 datanodes, task elapsed time: 1ms
2019-09-17 12:49:25,643 [pool-7-thread-2] INFO  commands.RetriableDatanodeEventWatcher (RetriableDatanodeEventWatcher.java:onTimeout(47)) - RetriableDatanodeCommand type=deleteBlocksCommand with id=1568724556021 timed out. Retrying.
2019-09-17 12:49:25,659 [pool-7-thread-2] INFO  commands.RetriableDatanodeEventWatcher (RetriableDatanodeEventWatcher.java:onTimeout(47)) - RetriableDatanodeCommand type=deleteBlocksCommand with id=1568724556031 timed out. Retrying.
2019-09-17 12:49:25,677 [pool-7-thread-2] INFO  commands.RetriableDatanodeEventWatcher (RetriableDatanodeEventWatcher.java:onTimeout(47)) - RetriableDatanodeCommand type=deleteBlocksCommand with id=1568724556041 timed out. Retrying.
2019-09-17 12:49:25,691 [pool-7-thread-2] INFO  commands.RetriableDatanodeEventWatcher (RetriableDatanodeEventWatcher.java:onTimeout(47)) - RetriableDatanodeCommand type=deleteBlocksCommand with id=1568724556051 timed out. Retrying.
2019-09-17 12:49:25,702 [pool-7-thread-2] INFO  commands.RetriableDatanodeEventWatcher (RetriableDatanodeEventWatcher.java:onTimeout(47)) - RetriableDatanodeCommand type=deleteBlocksCommand with id=1568724556080 timed out. Retrying.
2019-09-17 12:49:25,710 [pool-7-thread-2] INFO  commands.RetriableDatanodeEventWatcher (RetriableDatanodeEventWatcher.java:onTimeout(47)) - RetriableDatanodeCommand type=deleteBlocksCommand with id=1568724556061 timed out. Retrying.
2019-09-17 12:49:25,715 [pool-7-thread-2] INFO  commands.RetriableDatanodeEventWatcher (RetriableDatanodeEventWatcher.java:onTimeout(47)) - RetriableDatanodeCommand type=deleteBlocksCommand with id=1568724556090 timed out. Retrying.
2019-09-17 12:49:25,723 [pool-7-thread-2] INFO  commands.RetriableDatanodeEventWatcher (RetriableDatanodeEventWatcher.java:onTimeout(47)) - RetriableDatanodeCommand type=deleteBlocksCommand with id=1568724556012 timed out. Retrying.
2019-09-17 12:49:25,728 [pool-7-thread-2] INFO  commands.RetriableDatanodeEventWatcher (RetriableDatanodeEventWatcher.java:onTimeout(47)) - RetriableDatanodeCommand type=deleteBlocksCommand with id=1568724556071 timed out. Retrying.
2019-09-17 12:49:25,728 [SCMBlockDeletingService#0] DEBUG block.SCMBlockDeletingService (SCMBlockDeletingService.java:call(138)) - Running DeletedBlockTransactionScanner
2019-09-17 12:49:25,728 [SCMBlockDeletingService#0] DEBUG block.SCMBlockDeletingService (SCMBlockDeletingService.java:call(155)) - Scanned deleted blocks log and got 3 delTX to process.
2019-09-17 12:49:25,729 [SCMBlockDeletingService#0] DEBUG block.SCMBlockDeletingService (SCMBlockDeletingService.java:call(171)) - Added delete block command for datanode cb20f782-9136-4144-a2ef-e44461d35697 in the queue, number of delete block transactions: 3, TxID list: 1,2,3
2019-09-17 12:49:25,729 [SCMBlockDeletingService#0] INFO  block.SCMBlockDeletingService (SCMBlockDeletingService.java:call(182)) - Totally added 3 delete blocks command for 1 datanodes, task elapsed time: 1ms
2019-09-17 12:49:25,740 [pool-7-thread-2] INFO  commands.RetriableDatanodeEventWatcher (RetriableDatanodeEventWatcher.java:onTimeout(47)) - RetriableDatanodeCommand type=deleteBlocksCommand with id=1568724556022 timed out. Retrying.
2019-09-17 12:49:25,763 [pool-7-thread-2] INFO  commands.RetriableDatanodeEventWatcher (RetriableDatanodeEventWatcher.java:onTimeout(47)) - RetriableDatanodeCommand type=deleteBlocksCommand with id=1568724556032 timed out. Retrying.
2019-09-17 12:49:25,778 [pool-7-thread-2] INFO  commands.RetriableDatanodeEventWatcher (RetriableDatanodeEventWatcher.java:onTimeout(47)) - RetriableDatanodeCommand type=deleteBlocksCommand with id=1568724556042 timed out. Retrying.
2019-09-17 12:49:25,793 [pool-7-thread-2] INFO  commands.RetriableDatanodeEventWatcher (RetriableDatanodeEventWatcher.java:onTimeout(47)) - RetriableDatanodeCommand type=deleteBlocksCommand with id=1568724556052 timed out. Retrying.
2019-09-17 12:49:25,803 [pool-7-thread-2] INFO  commands.RetriableDatanodeEventWatcher (RetriableDatanodeEventWatcher.java:onTimeout(47)) - RetriableDatanodeCommand type=deleteBlocksCommand with id=1568724556081 timed out. Retrying.
2019-09-17 12:49:25,813 [pool-7-thread-2] INFO  commands.RetriableDatanodeEventWatcher (RetriableDatanodeEventWatcher.java:onTimeout(47)) - RetriableDatanodeCommand type=deleteBlocksCommand with id=1568724556062 timed out. Retrying.
2019-09-17 12:49:25,816 [pool-7-thread-2] INFO  commands.RetriableDatanodeEventWatcher (RetriableDatanodeEventWatcher.java:onTimeout(47)) - RetriableDatanodeCommand type=deleteBlocksCommand with id=1568724556091 timed out. Retrying.
2019-09-17 12:49:25,827 [main] INFO  ozone.MiniOzoneClusterImpl (MiniOzoneClusterImpl.java:lambda$waitForClusterToBeReady$0(145)) - Waiting for cluster to be ready. Got 0 of 1 DN Heartbeats.
2019-09-17 12:49:25,829 [pool-7-thread-2] INFO  commands.RetriableDatanodeEventWatcher (RetriableDatanodeEventWatcher.java:onTimeout(47)) - RetriableDatanodeCommand type=deleteBlocksCommand with id=1568724556072 timed out. Retrying.
2019-09-17 12:49:25,829 [pool-7-thread-1] INFO  commands.RetriableDatanodeEventWatcher (RetriableDatanodeEventWatcher.java:onTimeout(47)) - RetriableDatanodeCommand type=deleteBlocksCommand with id=1568724556013 timed out. Retrying.
2019-09-17 12:49:25,829 [SCMBlockDeletingService#0] DEBUG block.SCMBlockDeletingService (SCMBlockDeletingService.java:call(138)) - Running DeletedBlockTransactionScanner
2019-09-17 12:49:25,830 [SCMBlockDeletingService#0] DEBUG block.SCMBlockDeletingService (SCMBlockDeletingService.java:call(155)) - Scanned deleted blocks log and got 3 delTX to process.
2019-09-17 12:49:25,830 [SCMBlockDeletingService#0] DEBUG block.SCMBlockDeletingService (SCMBlockDeletingService.java:call(171)) - Added delete block command for datanode cb20f782-9136-4144-a2ef-e44461d35697 in the queue, number of delete block transactions: 3, TxID list: 1,2,3
2019-09-17 12:49:25,830 [SCMBlockDeletingService#0] INFO  block.SCMBlockDeletingService (SCMBlockDeletingService.java:call(182)) - Totally added 3 delete blocks command for 1 datanodes, task elapsed time: 1ms
2019-09-17 12:49:25,836 [EventQueue-PendingDeleteStatusForPendingDeleteHandler] INFO  block.SCMBlockDeletingService (SCMBlockDeletingService.java:handlePendingDeletes(115)) - Block deletion txnID mismatch in datanode cb20f782-9136-4144-a2ef-e44461d35697 for containerID 1. Datanode delete txnID: 0, SCM txnID: 1
2019-09-17 12:49:25,836 [EventQueue-PendingDeleteStatusForPendingDeleteHandler] INFO  block.SCMBlockDeletingService (SCMBlockDeletingService.java:handlePendingDeletes(115)) - Block deletion txnID mismatch in datanode cb20f782-9136-4144-a2ef-e44461d35697 for containerID 2. Datanode delete txnID: 0, SCM txnID: 2
2019-09-17 12:49:25,836 [EventQueue-PendingDeleteStatusForPendingDeleteHandler] INFO  block.SCMBlockDeletingService (SCMBlockDeletingService.java:handlePendingDeletes(115)) - Block deletion txnID mismatch in datanode cb20f782-9136-4144-a2ef-e44461d35697 for containerID 3. Datanode delete txnID: 0, SCM txnID: 3
2019-09-17 12:49:25,846 [pool-7-thread-1] INFO  commands.RetriableDatanodeEventWatcher (RetriableDatanodeEventWatcher.java:onTimeout(47)) - RetriableDatanodeCommand type=deleteBlocksCommand with id=1568724556023 timed out. Retrying.
2019-09-17 12:49:25,862 [pool-7-thread-1] INFO  commands.RetriableDatanodeEventWatcher (RetriableDatanodeEventWatcher.java:onTimeout(47)) - RetriableDatanodeCommand type=deleteBlocksCommand with id=1568724556033 timed out. Retrying.
2019-09-17 12:49:25,878 [pool-7-thread-1] INFO  commands.RetriableDatanodeEventWatcher (RetriableDatanodeEventWatcher.java:onTimeout(47)) - RetriableDatanodeCommand type=deleteBlocksCommand with id=1568724556043 timed out. Retrying.
2019-09-17 12:49:25,895 [pool-7-thread-1] INFO  commands.RetriableDatanodeEventWatcher (RetriableDatanodeEventWatcher.java:onTimeout(47)) - RetriableDatanodeCommand type=deleteBlocksCommand with id=1568724556053 timed out. Retrying.
2019-09-17 12:49:25,905 [pool-7-thread-1] INFO  commands.RetriableDatanodeEventWatcher (RetriableDatanodeEventWatcher.java:onTimeout(47)) - RetriableDatanodeCommand type=deleteBlocksCommand with id=1568724556082 timed out. Retrying.
2019-09-17 12:49:25,913 [pool-7-thread-1] INFO  commands.RetriableDatanodeEventWatcher (RetriableDatanodeEventWatcher.java:onTimeout(47)) - RetriableDatanodeCommand type=deleteBlocksCommand with id=1568724556063 timed out. Retrying.
2019-09-17 12:49:25,918 [pool-7-thread-1] INFO  commands.RetriableDatanodeEventWatcher (RetriableDatanodeEventWatcher.java:onTimeout(47)) - RetriableDatanodeCommand type=deleteBlocksCommand with id=1568724556092 timed out. Retrying.
2019-09-17 12:49:25,927 [pool-7-thread-1] INFO  commands.RetriableDatanodeEventWatcher (RetriableDatanodeEventWatcher.java:onTimeout(47)) - RetriableDatanodeCommand type=deleteBlocksCommand with id=1568724556014 timed out. Retrying.
2019-09-17 12:49:25,929 [pool-7-thread-1] INFO  commands.RetriableDatanodeEventWatcher (RetriableDatanodeEventWatcher.java:onTimeout(47)) - RetriableDatanodeCommand type=deleteBlocksCommand with id=1568724556073 timed out. Retrying.
2019-09-17 12:49:25,931 [SCMBlockDeletingService#0] DEBUG block.SCMBlockDeletingService (SCMBlockDeletingService.java:call(138)) - Running DeletedBlockTransactionScanner
2019-09-17 12:49:25,931 [SCMBlockDeletingService#0] DEBUG block.SCMBlockDeletingService (SCMBlockDeletingService.java:call(155)) - Scanned deleted blocks log and got 3 delTX to process.
2019-09-17 12:49:25,931 [SCMBlockDeletingService#0] DEBUG block.SCMBlockDeletingService (SCMBlockDeletingService.java:call(171)) - Added delete block command for datanode cb20f782-9136-4144-a2ef-e44461d35697 in the queue, number of delete block transactions: 3, TxID list: 1,2,3
2019-09-17 12:49:25,932 [SCMBlockDeletingService#0] INFO  block.SCMBlockDeletingService (SCMBlockDeletingService.java:call(182)) - Totally added 3 delete blocks command for 1 datanodes, task elapsed time: 1ms
2019-09-17 12:49:25,945 [pool-7-thread-1] INFO  commands.RetriableDatanodeEventWatcher (RetriableDatanodeEventWatcher.java:onTimeout(47)) - RetriableDatanodeCommand type=deleteBlocksCommand with id=1568724556024 timed out. Retrying.
2019-09-17 12:49:25,964 [pool-7-thread-1] INFO  commands.RetriableDatanodeEventWatcher (RetriableDatanodeEventWatcher.java:onTimeout(47)) - RetriableDatanodeCommand type=deleteBlocksCommand with id=1568724556034 timed out. Retrying.
2019-09-17 12:49:25,980 [pool-7-thread-1] INFO  commands.RetriableDatanodeEventWatcher (RetriableDatanodeEventWatcher.java:onTimeout(47)) - RetriableDatanodeCommand type=deleteBlocksCommand with id=1568724556044 timed out. Retrying.
2019-09-17 12:49:25,994 [pool-7-thread-1] INFO  commands.RetriableDatanodeEventWatcher (RetriableDatanodeEventWatcher.java:onTimeout(47)) - RetriableDatanodeCommand type=deleteBlocksCommand with id=1568724556054 timed out. Retrying.
2019-09-17 12:49:26,005 [pool-7-thread-1] INFO  commands.RetriableDatanodeEventWatcher (RetriableDatanodeEventWatcher.java:onTimeout(47)) - RetriableDatanodeCommand type=deleteBlocksCommand with id=1568724556083 timed out. Retrying.
2019-09-17 12:49:26,013 [pool-7-thread-1] INFO  commands.RetriableDatanodeEventWatcher (RetriableDatanodeEventWatcher.java:onTimeout(47)) - RetriableDatanodeCommand type=deleteBlocksCommand with id=1568724556005 timed out. Retrying.
2019-09-17 12:49:26,015 [pool-7-thread-1] INFO  commands.RetriableDatanodeEventWatcher (RetriableDatanodeEventWatcher.java:onTimeout(47)) - RetriableDatanodeCommand type=deleteBlocksCommand with id=1568724556064 timed out. Retrying.
2019-09-17 12:49:26,019 [pool-7-thread-1] INFO  commands.RetriableDatanodeEventWatcher (RetriableDatanodeEventWatcher.java:onTimeout(47)) - RetriableDatanodeCommand type=deleteBlocksCommand with id=1568724556093 timed out. Retrying.
2019-09-17 12:49:26,031 [pool-7-thread-1] INFO  commands.RetriableDatanodeEventWatcher (RetriableDatanodeEventWatcher.java:onTimeout(47)) - RetriableDatanodeCommand type=deleteBlocksCommand with id=1568724556015 timed out. Retrying.
2019-09-17 12:49:26,032 [SCMBlockDeletingService#0] DEBUG block.SCMBlockDeletingService (SCMBlockDeletingService.java:call(138)) - Running DeletedBlockTransactionScanner
2019-09-17 12:49:26,033 [SCMBlockDeletingService#0] DEBUG block.SCMBlockDeletingService (SCMBlockDeletingService.java:call(155)) - Scanned deleted blocks log and got 3 delTX to process.
2019-09-17 12:49:26,033 [SCMBlockDeletingService#0] DEBUG block.SCMBlockDeletingService (SCMBlockDeletingService.java:call(171)) - Added delete block command for datanode cb20f782-9136-4144-a2ef-e44461d35697 in the queue, number of delete block transactions: 3, TxID list: 1,2,3
2019-09-17 12:49:26,033 [SCMBlockDeletingService#0] INFO  block.SCMBlockDeletingService (SCMBlockDeletingService.java:call(182)) - Totally added 3 delete blocks command for 1 datanodes, task elapsed time: 1ms
2019-09-17 12:49:26,050 [pool-7-thread-1] INFO  commands.RetriableDatanodeEventWatcher (RetriableDatanodeEventWatcher.java:onTimeout(47)) - RetriableDatanodeCommand type=deleteBlocksCommand with id=1568724556025 timed out. Retrying.
2019-09-17 12:49:26,066 [pool-7-thread-1] INFO  commands.RetriableDatanodeEventWatcher (RetriableDatanodeEventWatcher.java:onTimeout(47)) - RetriableDatanodeCommand type=deleteBlocksCommand with id=1568724556035 timed out. Retrying.
2019-09-17 12:49:26,085 [pool-7-thread-1] INFO  commands.RetriableDatanodeEventWatcher (RetriableDatanodeEventWatcher.java:onTimeout(47)) - RetriableDatanodeCommand type=deleteBlocksCommand with id=1568724556045 timed out. Retrying.
2019-09-17 12:49:26,094 [pool-7-thread-1] INFO  commands.RetriableDatanodeEventWatcher (RetriableDatanodeEventWatcher.java:onTimeout(47)) - RetriableDatanodeCommand type=deleteBlocksCommand with id=1568724556074 timed out. Retrying.
2019-09-17 12:49:26,100 [pool-7-thread-1] INFO  commands.RetriableDatanodeEventWatcher (RetriableDatanodeEventWatcher.java:onTimeout(47)) - RetriableDatanodeCommand type=deleteBlocksCommand with id=1568724556055 timed out. Retrying.
2019-09-17 12:49:26,107 [pool-7-thread-1] INFO  commands.RetriableDatanodeEventWatcher (RetriableDatanodeEventWatcher.java:onTimeout(47)) - RetriableDatanodeCommand type=deleteBlocksCommand with id=1568724556084 timed out. Retrying.
2019-09-17 12:49:26,113 [pool-7-thread-1] INFO  commands.RetriableDatanodeEventWatcher (RetriableDatanodeEventWatcher.java:onTimeout(47)) - RetriableDatanodeCommand type=deleteBlocksCommand with id=1568724556006 timed out. Retrying.
2019-09-17 12:49:26,117 [pool-7-thread-1] INFO  commands.RetriableDatanodeEventWatcher (RetriableDatanodeEventWatcher.java:onTimeout(47)) - RetriableDatanodeCommand type=deleteBlocksCommand with id=1568724556065 timed out. Retrying.
2019-09-17 12:49:26,121 [pool-7-thread-1] INFO  commands.RetriableDatanodeEventWatcher (RetriableDatanodeEventWatcher.java:onTimeout(47)) - RetriableDatanodeCommand type=deleteBlocksCommand with id=1568724556094 timed out. Retrying.
2019-09-17 12:49:26,134 [SCMBlockDeletingService#0] DEBUG block.SCMBlockDeletingService (SCMBlockDeletingService.java:call(138)) - Running DeletedBlockTransactionScanner
2019-09-17 12:49:26,134 [pool-7-thread-1] INFO  commands.RetriableDatanodeEventWatcher (SCMBlockDeletingService.java:call(155)) - Scanned deleted blocks log and got 3 delTX to process.
2019-09-17 12:49:26,134 [pool-7-thread-1] INFO  commands.RetriableDatanodeEventWatcher (RetriableDatanodeEventWatcher.java:onTimeout(47)) - RetriableDatanodeCommand type=deleteBlocksCommand with id=1568724556016 timed out. Retrying.
2019-09-17 12:49:26,134 [SCMBlockDeletingService#0] DEBUG block.SCMBlockDeletingService (SCMBlockDeletingService.java:call(171)) - Added delete block command for datanode cb20f782-9136-4144-a2ef-e44461d35697 in the queue, number of delete block transactions: 3, TxID list: 1,2,3
2019-09-17 12:49:26,135 [SCMBlockDeletingService#0] INFO  block.SCMBlockDeletingService (SCMBlockDeletingService.java:call(182)) - Totally added 3 delete blocks command for 1 datanodes, task elapsed time: 1ms
2019-09-17 12:49:26,149 [pool-7-thread-1] INFO  commands.RetriableDatanodeEventWatcher (RetriableDatanodeEventWatcher.java:onTimeout(47)) - RetriableDatanodeCommand type=deleteBlocksCommand with id=1568724556026 timed out. Retrying.
2019-09-17 12:49:26,167 [pool-7-thread-1] INFO  commands.RetriableDatanodeEventWatcher (RetriableDatanodeEventWatcher.java:onTimeout(47)) - RetriableDatanodeCommand type=deleteBlocksCommand with id=1568724556036 timed out. Retrying.
2019-09-17 12:49:26,185 [pool-7-thread-1] INFO  commands.RetriableDatanodeEventWatcher (RetriableDatanodeEventWatcher.java:onTimeout(47)) - RetriableDatanodeCommand type=deleteBlocksCommand with id=1568724556046 timed out. Retrying.
2019-09-17 12:49:26,196 [pool-7-thread-1] INFO  commands.RetriableDatanodeEventWatcher (RetriableDatanodeEventWatcher.java:onTimeout(47)) - RetriableDatanodeCommand type=deleteBlocksCommand with id=1568724556075 timed out. Retrying.
2019-09-17 12:49:26,204 [pool-7-thread-1] INFO  commands.RetriableDatanodeEventWatcher (RetriableDatanodeEventWatcher.java:onTimeout(47)) - RetriableDatanodeCommand type=deleteBlocksCommand with id=1568724556056 timed out. Retrying.
2019-09-17 12:49:26,207 [pool-7-thread-1] INFO  commands.RetriableDatanodeEventWatcher (RetriableDatanodeEventWatcher.java:onTimeout(47)) - RetriableDatanodeCommand type=deleteBlocksCommand with id=1568724556085 timed out. Retrying.
2019-09-17 12:49:26,218 [pool-7-thread-1] INFO  commands.RetriableDatanodeEventWatcher (RetriableDatanodeEventWatcher.java:onTimeout(47)) - RetriableDatanodeCommand type=deleteBlocksCommand with id=1568724556066 timed out. Retrying.
2019-09-17 12:49:26,218 [pool-7-thread-2] INFO  commands.RetriableDatanodeEventWatcher (RetriableDatanodeEventWatcher.java:onTimeout(47)) - RetriableDatanodeCommand type=deleteBlocksCommand with id=1568724556007 timed out. Retrying.
2019-09-17 12:49:26,222 [pool-7-thread-2] INFO  commands.RetriableDatanodeEventWatcher (RetriableDatanodeEventWatcher.java:onTimeout(47)) - RetriableDatanodeCommand type=deleteBlocksCommand with id=1568724556095 timed out. Retrying.
2019-09-17 12:49:26,232 [pool-7-thread-2] INFO  commands.RetriableDatanodeEventWatcher (RetriableDatanodeEventWatcher.java:onTimeout(47)) - RetriableDatanodeCommand type=deleteBlocksCommand with id=1568724556017 timed out. Retrying.
2019-09-17 12:49:26,235 [SCMBlockDeletingService#0] DEBUG block.SCMBlockDeletingService (SCMBlockDeletingService.java:call(138)) - Running DeletedBlockTransactionScanner
2019-09-17 12:49:26,235 [SCMBlockDeletingService#0] DEBUG block.SCMBlockDeletingService (SCMBlockDeletingService.java:call(155)) - Scanned deleted blocks log and got 3 delTX to process.
2019-09-17 12:49:26,236 [SCMBlockDeletingService#0] DEBUG block.SCMBlockDeletingService (SCMBlockDeletingService.java:call(171)) - Added delete block command for datanode cb20f782-9136-4144-a2ef-e44461d35697 in the queue, number of delete block transactions: 3, TxID list: 1,2,3
2019-09-17 12:49:26,236 [SCMBlockDeletingService#0] INFO  block.SCMBlockDeletingService (SCMBlockDeletingService.java:call(182)) - Totally added 3 delete blocks command for 1 datanodes, task elapsed time: 1ms
2019-09-17 12:49:26,253 [pool-7-thread-2] INFO  commands.RetriableDatanodeEventWatcher (RetriableDatanodeEventWatcher.java:onTimeout(47)) - RetriableDatanodeCommand type=deleteBlocksCommand with id=1568724556027 timed out. Retrying.
2019-09-17 12:49:26,268 [pool-7-thread-2] INFO  commands.RetriableDatanodeEventWatcher (RetriableDatanodeEventWatcher.java:onTimeout(47)) - RetriableDatanodeCommand type=deleteBlocksCommand with id=1568724556037 timed out. Retrying.
2019-09-17 12:49:26,288 [pool-7-thread-2] INFO  commands.RetriableDatanodeEventWatcher (RetriableDatanodeEventWatcher.java:onTimeout(47)) - RetriableDatanodeCommand type=deleteBlocksCommand with id=1568724556047 timed out. Retrying.
2019-09-17 12:49:26,296 [pool-7-thread-2] INFO  commands.RetriableDatanodeEventWatcher (RetriableDatanodeEventWatcher.java:onTimeout(47)) - RetriableDatanodeCommand type=deleteBlocksCommand with id=1568724556076 timed out. Retrying.
2019-09-17 12:49:26,306 [pool-7-thread-2] INFO  commands.RetriableDatanodeEventWatcher (RetriableDatanodeEventWatcher.java:onTimeout(47)) - RetriableDatanodeCommand type=deleteBlocksCommand with id=1568724556057 timed out. Retrying.
2019-09-17 12:49:26,309 [pool-7-thread-2] INFO  commands.RetriableDatanodeEventWatcher (RetriableDatanodeEventWatcher.java:onTimeout(47)) - RetriableDatanodeCommand type=deleteBlocksCommand with id=1568724556086 timed out. Retrying.
2019-09-17 12:49:26,318 [pool-7-thread-2] INFO  commands.RetriableDatanodeEventWatcher (RetriableDatanodeEventWatcher.java:onTimeout(47)) - RetriableDatanodeCommand type=deleteBlocksCommand with id=1568724556008 timed out. Retrying.
2019-09-17 12:49:26,321 [pool-7-thread-2] INFO  commands.RetriableDatanodeEventWatcher (RetriableDatanodeEventWatcher.java:onTimeout(47)) - RetriableDatanodeCommand type=deleteBlocksCommand with id=1568724556067 timed out. Retrying.
2019-09-17 12:49:26,323 [pool-7-thread-2] INFO  commands.RetriableDatanodeEventWatcher (RetriableDatanodeEventWatcher.java:onTimeout(47)) - RetriableDatanodeCommand type=deleteBlocksCommand with id=1568724556096 timed out. Retrying.
2019-09-17 12:49:26,334 [pool-7-thread-2] INFO  commands.RetriableDatanodeEventWatcher (RetriableDatanodeEventWatcher.java:onTimeout(47)) - RetriableDatanodeCommand type=deleteBlocksCommand with id=1568724556018 timed out. Retrying.
2019-09-17 12:49:26,336 [SCMBlockDeletingService#1] DEBUG block.SCMBlockDeletingService (SCMBlockDeletingService.java:call(138)) - Running DeletedBlockTransactionScanner
2019-09-17 12:49:26,337 [SCMBlockDeletingService#1] DEBUG block.SCMBlockDeletingService (SCMBlockDeletingService.java:call(155)) - Scanned deleted blocks log and got 3 delTX to process.
2019-09-17 12:49:26,337 [SCMBlockDeletingService#1] DEBUG block.SCMBlockDeletingService (SCMBlockDeletingService.java:call(171)) - Added delete block command for datanode cb20f782-9136-4144-a2ef-e44461d35697 in the queue, number of delete block transactions: 3, TxID list: 1,2,3
2019-09-17 12:49:26,337 [SCMBlockDeletingService#1] INFO  block.SCMBlockDeletingService (SCMBlockDeletingService.java:call(182)) - Totally added 3 delete blocks command for 1 datanodes, task elapsed time: 1ms
2019-09-17 12:49:26,353 [pool-7-thread-2] INFO  commands.RetriableDatanodeEventWatcher (RetriableDatanodeEventWatcher.java:onTimeout(47)) - RetriableDatanodeCommand type=deleteBlocksCommand with id=1568724556028 timed out. Retrying.
2019-09-17 12:49:26,371 [pool-7-thread-2] INFO  commands.RetriableDatanodeEventWatcher (RetriableDatanodeEventWatcher.java:onTimeout(47)) - RetriableDatanodeCommand type=deleteBlocksCommand with id=1568724556038 timed out. Retrying.
2019-09-17 12:49:26,387 [pool-7-thread-2] INFO  commands.RetriableDatanodeEventWatcher (RetriableDatanodeEventWatcher.java:onTimeout(47)) - RetriableDatanodeCommand type=deleteBlocksCommand with id=1568724556048 timed out. Retrying.
2019-09-17 12:49:26,398 [pool-7-thread-2] INFO  commands.RetriableDatanodeEventWatcher (RetriableDatanodeEventWatcher.java:onTimeout(47)) - RetriableDatanodeCommand type=deleteBlocksCommand with id=1568724556077 timed out. Retrying.
2019-09-17 12:49:26,409 [pool-7-thread-2] INFO  commands.RetriableDatanodeEventWatcher (RetriableDatanodeEventWatcher.java:onTimeout(47)) - RetriableDatanodeCommand type=deleteBlocksCommand with id=1568724556058 timed out. Retrying.
2019-09-17 12:49:26,411 [pool-7-thread-2] INFO  commands.RetriableDatanodeEventWatcher (RetriableDatanodeEventWatcher.java:onTimeout(47)) - RetriableDatanodeCommand type=deleteBlocksCommand with id=1568724556087 timed out. Retrying.
2019-09-17 12:49:26,419 [pool-7-thread-2] INFO  commands.RetriableDatanodeEventWatcher (RetriableDatanodeEventWatcher.java:onTimeout(47)) - RetriableDatanodeCommand type=deleteBlocksCommand with id=1568724556009 timed out. Retrying.
2019-09-17 12:49:26,421 [pool-7-thread-2] INFO  commands.RetriableDatanodeEventWatcher (RetriableDatanodeEventWatcher.java:onTimeout(47)) - RetriableDatanodeCommand type=deleteBlocksCommand with id=1568724556068 timed out. Retrying.
2019-09-17 12:49:26,425 [pool-7-thread-2] INFO  commands.RetriableDatanodeEventWatcher (RetriableDatanodeEventWatcher.java:onTimeout(47)) - RetriableDatanodeCommand type=deleteBlocksCommand with id=1568724556097 timed out. Retrying.
2019-09-17 12:49:26,437 [pool-7-thread-2] INFO  commands.RetriableDatanodeEventWatcher (RetriableDatanodeEventWatcher.java:onTimeout(47)) - RetriableDatanodeCommand type=deleteBlocksCommand with id=1568724556019 timed out. Retrying.
2019-09-17 12:49:26,438 [SCMBlockDeletingService#1] DEBUG block.SCMBlockDeletingService (SCMBlockDeletingService.java:call(138)) - Running DeletedBlockTransactionScanner
2019-09-17 12:49:26,438 [SCMBlockDeletingService#1] DEBUG block.SCMBlockDeletingService (SCMBlockDeletingService.java:call(155)) - Scanned deleted blocks log and got 3 delTX to process.
2019-09-17 12:49:26,438 [SCMBlockDeletingService#1] DEBUG block.SCMBlockDeletingService (SCMBlockDeletingService.java:call(171)) - Added delete block command for datanode cb20f782-9136-4144-a2ef-e44461d35697 in the queue, number of delete block transactions: 3, TxID list: 1,2,3
2019-09-17 12:49:26,439 [SCMBlockDeletingService#1] INFO  block.SCMBlockDeletingService (SCMBlockDeletingService.java:call(182)) - Totally added 3 delete blocks command for 1 datanodes, task elapsed time: 1ms
2019-09-17 12:49:26,456 [pool-7-thread-2] INFO  commands.RetriableDatanodeEventWatcher (RetriableDatanodeEventWatcher.java:onTimeout(47)) - RetriableDatanodeCommand type=deleteBlocksCommand with id=1568724556029 timed out. Retrying.
2019-09-17 12:49:26,472 [pool-7-thread-2] INFO  commands.RetriableDatanodeEventWatcher (RetriableDatanodeEventWatcher.java:onTimeout(47)) - RetriableDatanodeCommand type=deleteBlocksCommand with id=1568724556039 timed out. Retrying.
2019-09-17 12:49:26,490 [pool-7-thread-2] INFO  commands.RetriableDatanodeEventWatcher (RetriableDatanodeEventWatcher.java:onTimeout(47)) - RetriableDatanodeCommand type=deleteBlocksCommand with id=1568724556049 timed out. Retrying.
2019-09-17 12:49:26,499 [pool-7-thread-2] INFO  commands.RetriableDatanodeEventWatcher (RetriableDatanodeEventWatcher.java:onTimeout(47)) - RetriableDatanodeCommand type=deleteBlocksCommand with id=1568724556078 timed out. Retrying.
2019-09-17 12:49:26,508 [pool-7-thread-2] INFO  commands.RetriableDatanodeEventWatcher (RetriableDatanodeEventWatcher.java:onTimeout(47)) - RetriableDatanodeCommand type=deleteBlocksCommand with id=1568724556059 timed out. Retrying.
2019-09-17 12:49:26,512 [pool-7-thread-2] INFO  commands.RetriableDatanodeEventWatcher (RetriableDatanodeEventWatcher.java:onTimeout(47)) - RetriableDatanodeCommand type=deleteBlocksCommand with id=1568724556088 timed out. Retrying.
2019-09-17 12:49:26,525 [pool-7-thread-2] INFO  commands.RetriableDatanodeEventWatcher (RetriableDatanodeEventWatcher.java:onTimeout(47)) - RetriableDatanodeCommand type=deleteBlocksCommand with id=1568724556069 timed out. Retrying.
2019-09-17 12:49:26,525 [pool-7-thread-1] INFO  commands.RetriableDatanodeEventWatcher (RetriableDatanodeEventWatcher.java:onTimeout(47)) - RetriableDatanodeCommand type=deleteBlocksCommand with id=1568724556010 timed out. Retrying.
2019-09-17 12:49:26,525 [pool-7-thread-1] INFO  commands.RetriableDatanodeEventWatcher (RetriableDatanodeEventWatcher.java:onTimeout(47)) - RetriableDatanodeCommand type=deleteBlocksCommand with id=1568724556098 timed out. Retrying.
2019-09-17 12:49:26,539 [SCMBlockDeletingService#1] DEBUG block.SCMBlockDeletingService (RetriableDatanodeEventWatcher.java:onTimeout(47)) - RetriableDatanodeCommand type=deleteBlocksCommand with id=1568724556020 timed out. Retrying.
SCMBlockDeletingService.java:call(138)) - Running DeletedBlockTransactionScanner
2019-09-17 12:49:26,539 [pool-7-thread-1] INFO  commands.RetriableDatanodeEventWatcher (RetriableDatanodeEventWatcher.java:onTimeout(47)) - RetriableDatanodeCommand type=deleteBlocksCommand with id=1568724556020 timed out. Retrying.
2019-09-17 12:49:26,540 [SCMBlockDeletingService#1] DEBUG block.SCMBlockDeletingService (SCMBlockDeletingService.java:call(155)) - Scanned deleted blocks log and got 3 delTX to process.
2019-09-17 12:49:26,540 [SCMBlockDeletingService#1] DEBUG block.SCMBlockDeletingService (SCMBlockDeletingService.java:call(171)) - Added delete block command for datanode cb20f782-9136-4144-a2ef-e44461d35697 in the queue, number of delete block transactions: 3, TxID list: 1,2,3
2019-09-17 12:49:26,540 [SCMBlockDeletingService#1] INFO  block.SCMBlockDeletingService (SCMBlockDeletingService.java:call(182)) - Totally added 3 delete blocks command for 1 datanodes, task elapsed time: 2ms
2019-09-17 12:49:26,557 [pool-7-thread-1] INFO  commands.RetriableDatanodeEventWatcher (RetriableDatanodeEventWatcher.java:onTimeout(47)) - RetriableDatanodeCommand type=deleteBlocksCommand with id=1568724556030 timed out. Retrying.
2019-09-17 12:49:26,575 [pool-7-thread-1] INFO  commands.RetriableDatanodeEventWatcher (RetriableDatanodeEventWatcher.java:onTimeout(47)) - RetriableDatanodeCommand type=deleteBlocksCommand with id=1568724556040 timed out. Retrying.
2019-09-17 12:49:26,591 [pool-7-thread-1] INFO  commands.RetriableDatanodeEventWatcher (RetriableDatanodeEventWatcher.java:onTimeout(47)) - RetriableDatanodeCommand type=deleteBlocksCommand with id=1568724556050 timed out. Retrying.
2019-09-17 12:49:26,600 [pool-7-thread-1] INFO  commands.RetriableDatanodeEventWatcher (RetriableDatanodeEventWatcher.java:onTimeout(47)) - RetriableDatanodeCommand type=deleteBlocksCommand with id=1568724556079 timed out. Retrying.
2019-09-17 12:49:26,611 [pool-7-thread-1] INFO  commands.RetriableDatanodeEventWatcher (RetriableDatanodeEventWatcher.java:onTimeout(47)) - RetriableDatanodeCommand type=deleteBlocksCommand with id=1568724556060 timed out. Retrying.
2019-09-17 12:49:26,614 [pool-7-thread-1] INFO  commands.RetriableDatanodeEventWatcher (RetriableDatanodeEventWatcher.java:onTimeout(47)) - RetriableDatanodeCommand type=deleteBlocksCommand with id=1568724556089 timed out. Retrying.
2019-09-17 12:49:26,624 [pool-7-thread-1] INFO  commands.RetriableDatanodeEventWatcher (RetriableDatanodeEventWatcher.java:onTimeout(47)) - RetriableDatanodeCommand type=deleteBlocksCommand with id=1568724556070 timed out. Retrying.
2019-09-17 12:49:26,624 [pool-7-thread-2] INFO  commands.RetriableDatanodeEventWatcher (RetriableDatanodeEventWatcher.java:onTimeout(47)) - RetriableDatanodeCommand type=deleteBlocksCommand with id=1568724556011 timed out. Retrying.
2019-09-17 12:49:26,628 [pool-7-thread-2] INFO  commands.RetriableDatanodeEventWatcher (RetriableDatanodeEventWatcher.java:onTimeout(47)) - RetriableDatanodeCommand type=deleteBlocksCommand with id=1568724556099 timed out. Retrying.
2019-09-17 12:49:26,641 [SCMBlockDeletingService#1] DEBUG block.SCMBlockDeletingService (SCMBlockDeletingService.java:call(138)) - Running DeletedBlockTransactionScanner
2019-09-17 12:49:26,641 [SCMBlockDeletingService#1] DEBUG block.SCMBlockDeletingService (SCMBlockDeletingService.java:call(155)) - Scanned deleted blocks log and got 3 delTX to process.
2019-09-17 12:49:26,641 [SCMBlockDeletingService#1] DEBUG block.SCMBlockDeletingService (SCMBlockDeletingService.java:call(171)) - Added delete block command for datanode cb20f782-9136-4144-a2ef-e44461d35697 in the queue, number of delete block transactions: 3, TxID list: 1,2,3
2019-09-17 12:49:26,642 [SCMBlockDeletingService#1] INFO  block.SCMBlockDeletingService (SCMBlockDeletingService.java:call(182)) - Totally added 3 delete blocks command for 1 datanodes, task elapsed time: 1ms
2019-09-17 12:49:26,643 [pool-7-thread-2] INFO  commands.RetriableDatanodeEventWatcher (RetriableDatanodeEventWatcher.java:onTimeout(47)) - RetriableDatanodeCommand type=deleteBlocksCommand with id=1568724556021 timed out. Retrying.
2019-09-17 12:49:26,660 [pool-7-thread-2] INFO  commands.RetriableDatanodeEventWatcher (RetriableDatanodeEventWatcher.java:onTimeout(47)) - RetriableDatanodeCommand type=deleteBlocksCommand with id=1568724556031 timed out. Retrying.
2019-09-17 12:49:26,678 [pool-7-thread-2] INFO  commands.RetriableDatanodeEventWatcher (RetriableDatanodeEventWatcher.java:onTimeout(47)) - RetriableDatanodeCommand type=deleteBlocksCommand with id=1568724556041 timed out. Retrying.
2019-09-17 12:49:26,691 [pool-7-thread-2] INFO  commands.RetriableDatanodeEventWatcher (RetriableDatanodeEventWatcher.java:onTimeout(47)) - RetriableDatanodeCommand type=deleteBlocksCommand with id=1568724556051 timed out. Retrying.
2019-09-17 12:49:26,703 [pool-7-thread-2] INFO  commands.RetriableDatanodeEventWatcher (RetriableDatanodeEventWatcher.java:onTimeout(47)) - RetriableDatanodeCommand type=deleteBlocksCommand with id=1568724556080 timed out. Retrying.
2019-09-17 12:49:26,711 [pool-7-thread-2] INFO  commands.RetriableDatanodeEventWatcher (RetriableDatanodeEventWatcher.java:onTimeout(47)) - RetriableDatanodeCommand type=deleteBlocksCommand with id=1568724556061 timed out. Retrying.
2019-09-17 12:49:26,715 [pool-7-thread-2] INFO  commands.RetriableDatanodeEventWatcher (RetriableDatanodeEventWatcher.java:onTimeout(47)) - RetriableDatanodeCommand type=deleteBlocksCommand with id=1568724556090 timed out. Retrying.
2019-09-17 12:49:26,724 [pool-7-thread-2] INFO  commands.RetriableDatanodeEventWatcher (RetriableDatanodeEventWatcher.java:onTimeout(47)) - RetriableDatanodeCommand type=deleteBlocksCommand with id=1568724556012 timed out. Retrying.
2019-09-17 12:49:26,728 [pool-7-thread-2] INFO  commands.RetriableDatanodeEventWatcher (RetriableDatanodeEventWatcher.java:onTimeout(47)) - RetriableDatanodeCommand type=deleteBlocksCommand with id=1568724556071 timed out. Retrying.
2019-09-17 12:49:26,729 [pool-7-thread-2] INFO  commands.RetriableDatanodeEventWatcher (RetriableDatanodeEventWatcher.java:onTimeout(47)) - RetriableDatanodeCommand type=deleteBlocksCommand with id=1568724556100 timed out. Retrying.
2019-09-17 12:49:26,741 [pool-7-thread-2] INFO  commands.RetriableDatanodeEventWatcher (RetriableDatanodeEventWatcher.java:onTimeout(47)) - RetriableDatanodeCommand type=deleteBlocksCommand with id=1568724556022 timed out. Retrying.
2019-09-17 12:49:26,742 [SCMBlockDeletingService#1] DEBUG block.SCMBlockDeletingService (SCMBlockDeletingService.java:call(138)) - Running DeletedBlockTransactionScanner
2019-09-17 12:49:26,743 [SCMBlockDeletingService#1] DEBUG block.SCMBlockDeletingService (SCMBlockDeletingService.java:call(155)) - Scanned deleted blocks log and got 3 delTX to process.
2019-09-17 12:49:26,743 [SCMBlockDeletingService#1] DEBUG block.SCMBlockDeletingService (SCMBlockDeletingService.java:call(171)) - Added delete block command for datanode cb20f782-9136-4144-a2ef-e44461d35697 in the queue, number of delete block transactions: 3, TxID list: 1,2,3
2019-09-17 12:49:26,743 [SCMBlockDeletingService#1] INFO  block.SCMBlockDeletingService (SCMBlockDeletingService.java:call(182)) - Totally added 3 delete blocks command for 1 datanodes, task elapsed time: 2ms
2019-09-17 12:49:26,763 [pool-7-thread-2] INFO  commands.RetriableDatanodeEventWatcher (RetriableDatanodeEventWatcher.java:onTimeout(47)) - RetriableDatanodeCommand type=deleteBlocksCommand with id=1568724556032 timed out. Retrying.
2019-09-17 12:49:26,779 [pool-7-thread-2] INFO  commands.RetriableDatanodeEventWatcher (RetriableDatanodeEventWatcher.java:onTimeout(47)) - RetriableDatanodeCommand type=deleteBlocksCommand with id=1568724556042 timed out. Retrying.
2019-09-17 12:49:26,793 [pool-7-thread-2] INFO  commands.RetriableDatanodeEventWatcher (RetriableDatanodeEventWatcher.java:onTimeout(47)) - RetriableDatanodeCommand type=deleteBlocksCommand with id=1568724556052 timed out. Retrying.
2019-09-17 12:49:26,804 [pool-7-thread-2] INFO  commands.RetriableDatanodeEventWatcher (RetriableDatanodeEventWatcher.java:onTimeout(47)) - RetriableDatanodeCommand type=deleteBlocksCommand with id=1568724556081 timed out. Retrying.
2019-09-17 12:49:26,813 [pool-7-thread-2] INFO  commands.RetriableDatanodeEventWatcher (RetriableDatanodeEventWatcher.java:onTimeout(47)) - RetriableDatanodeCommand type=deleteBlocksCommand with id=1568724556062 timed out. Retrying.
2019-09-17 12:49:26,817 [pool-7-thread-2] INFO  commands.RetriableDatanodeEventWatcher (RetriableDatanodeEventWatcher.java:onTimeout(47)) - RetriableDatanodeCommand type=deleteBlocksCommand with id=1568724556091 timed out. Retrying.
2019-09-17 12:49:26,828 [main] INFO  ozone.MiniOzoneClusterImpl (MiniOzoneClusterImpl.java:lambda$waitForClusterToBeReady$0(145)) - Waiting for cluster to be ready. Got 0 of 1 DN Heartbeats.
2019-09-17 12:49:26,830 [pool-7-thread-2] INFO  commands.RetriableDatanodeEventWatcher (RetriableDatanodeEventWatcher.java:onTimeout(47)) - RetriableDatanodeCommand type=deleteBlocksCommand with id=1568724556072 timed out. Retrying.
2019-09-17 12:49:26,830 [pool-7-thread-1] INFO  commands.RetriableDatanodeEventWatcher (RetriableDatanodeEventWatcher.java:onTimeout(47)) - RetriableDatanodeCommand type=deleteBlocksCommand with id=1568724556101 timed out. Retrying.
2019-09-17 12:49:26,831 [pool-7-thread-3] INFO  commands.RetriableDatanodeEventWatcher (RetriableDatanodeEventWatcher.java:onTimeout(47)) - RetriableDatanodeCommand type=deleteBlocksCommand with id=1568724556013 timed out. Retrying.
2019-09-17 12:49:26,843 [SCMBlockDeletingService#1] DEBUG block.SCMBlockDeletingService (SCMBlockDeletingService.java:call(138)) - Running DeletedBlockTransactionScanner
2019-09-17 12:49:26,844 [SCMBlockDeletingService#1] DEBUG block.SCMBlockDeletingService (SCMBlockDeletingService.java:call(155)) - Scanned deleted blocks log and got 3 delTX to process.
2019-09-17 12:49:26,844 [SCMBlockDeletingService#1] DEBUG block.SCMBlockDeletingService (SCMBlockDeletingService.java:call(171)) - Added delete block command for datanode cb20f782-9136-4144-a2ef-e44461d35697 in the queue, number of delete block transactions: 3, TxID list: 1,2,3
2019-09-17 12:49:26,845 [SCMBlockDeletingService#1] INFO  block.SCMBlockDeletingService (SCMBlockDeletingService.java:call(182)) - Totally added 3 delete blocks command for 1 datanodes, task elapsed time: 1ms
2019-09-17 12:49:26,846 [pool-7-thread-3] INFO  commands.RetriableDatanodeEventWatcher (RetriableDatanodeEventWatcher.java:onTimeout(47)) - RetriableDatanodeCommand type=deleteBlocksCommand with id=1568724556023 timed out. Retrying.
2019-09-17 12:49:26,862 [pool-7-thread-3] INFO  commands.RetriableDatanodeEventWatcher (RetriableDatanodeEventWatcher.java:onTimeout(47)) - RetriableDatanodeCommand type=deleteBlocksCommand with id=1568724556033 timed out. Retrying.
2019-09-17 12:49:26,878 [pool-7-thread-3] INFO  commands.RetriableDatanodeEventWatcher (RetriableDatanodeEventWatcher.java:onTimeout(47)) - RetriableDatanodeCommand type=deleteBlocksCommand with id=1568724556043 timed out. Retrying.
2019-09-17 12:49:26,896 [pool-7-thread-3] INFO  commands.RetriableDatanodeEventWatcher (RetriableDatanodeEventWatcher.java:onTimeout(47)) - RetriableDatanodeCommand type=deleteBlocksCommand with id=1568724556053 timed out. Retrying.
2019-09-17 12:49:26,905 [pool-7-thread-3] INFO  commands.RetriableDatanodeEventWatcher (RetriableDatanodeEventWatcher.java:onTimeout(47)) - RetriableDatanodeCommand type=deleteBlocksCommand with id=1568724556082 timed out. Retrying.
2019-09-17 12:49:26,914 [pool-7-thread-3] INFO  commands.RetriableDatanodeEventWatcher (RetriableDatanodeEventWatcher.java:onTimeout(47)) - RetriableDatanodeCommand type=deleteBlocksCommand with id=1568724556063 timed out. Retrying.
2019-09-17 12:49:26,917 [pool-7-thread-3] INFO  commands.RetriableDatanodeEventWatcher (RetriableDatanodeEventWatcher.java:onTimeout(47)) - RetriableDatanodeCommand type=deleteBlocksCommand with id=1568724556092 timed out. Retrying.
2019-09-17 12:49:26,928 [pool-7-thread-3] INFO  commands.RetriableDatanodeEventWatcher (RetriableDatanodeEventWatcher.java:onTimeout(47)) - RetriableDatanodeCommand type=deleteBlocksCommand with id=1568724556014 timed out. Retrying.
2019-09-17 12:49:26,928 [pool-7-thread-3] INFO  commands.RetriableDatanodeEventWatcher (RetriableDatanodeEventWatcher.java:onTimeout(47)) - RetriableDatanodeCommand type=deleteBlocksCommand with id=1568724556073 timed out. Retrying.
2019-09-17 12:49:26,932 [pool-7-thread-3] INFO  commands.RetriableDatanodeEventWatcher (RetriableDatanodeEventWatcher.java:onTimeout(47)) - RetriableDatanodeCommand type=deleteBlocksCommand with id=1568724556102 timed out. Retrying.
2019-09-17 12:49:26,945 [pool-7-thread-3] INFO  commands.RetriableDatanodeEventWatcher (SCMBlockDeletingService.java:call(138)) - Running DeletedBlockTransactionScanner
2019-09-17 12:49:26,945 [pool-7-thread-3] INFO  commands.RetriableDatanodeEventWatcher (RetriableDatanodeEventWatcher.java:onTimeout(47)) - RetriableDatanodeCommand type=deleteBlocksCommand with id=1568724556024 timed out. Retrying.
2019-09-17 12:49:26,945 [SCMBlockDeletingService#1] DEBUG block.SCMBlockDeletingService (SCMBlockDeletingService.java:call(155)) - Scanned deleted blocks log and got 3 delTX to process.
2019-09-17 12:49:26,946 [SCMBlockDeletingService#1] DEBUG block.SCMBlockDeletingService (SCMBlockDeletingService.java:call(171)) - Added delete block command for datanode cb20f782-9136-4144-a2ef-e44461d35697 in the queue, number of delete block transactions: 3, TxID list: 1,2,3
2019-09-17 12:49:26,946 [SCMBlockDeletingService#1] INFO  block.SCMBlockDeletingService (SCMBlockDeletingService.java:call(182)) - Totally added 3 delete blocks command for 1 datanodes, task elapsed time: 1ms
2019-09-17 12:49:26,965 [pool-7-thread-3] INFO  commands.RetriableDatanodeEventWatcher (RetriableDatanodeEventWatcher.java:onTimeout(47)) - RetriableDatanodeCommand type=deleteBlocksCommand with id=1568724556034 timed out. Retrying.
2019-09-17 12:49:26,980 [pool-7-thread-3] INFO  commands.RetriableDatanodeEventWatcher (RetriableDatanodeEventWatcher.java:onTimeout(47)) - RetriableDatanodeCommand type=deleteBlocksCommand with id=1568724556044 timed out. Retrying.
2019-09-17 12:49:26,995 [pool-7-thread-3] INFO  commands.RetriableDatanodeEventWatcher (RetriableDatanodeEventWatcher.java:onTimeout(47)) - RetriableDatanodeCommand type=deleteBlocksCommand with id=1568724556054 timed out. Retrying.
2019-09-17 12:49:27,006 [pool-7-thread-3] INFO  commands.RetriableDatanodeEventWatcher (RetriableDatanodeEventWatcher.java:onTimeout(47)) - RetriableDatanodeCommand type=deleteBlocksCommand with id=1568724556083 timed out. Retrying.
2019-09-17 12:49:27,013 [pool-7-thread-3] INFO  commands.RetriableDatanodeEventWatcher (RetriableDatanodeEventWatcher.java:onTimeout(47)) - RetriableDatanodeCommand type=deleteBlocksCommand with id=1568724556005 timed out. Retrying.
2019-09-17 12:49:27,016 [pool-7-thread-3] INFO  commands.RetriableDatanodeEventWatcher (RetriableDatanodeEventWatcher.java:onTimeout(47)) - RetriableDatanodeCommand type=deleteBlocksCommand with id=1568724556064 timed out. Retrying.
2019-09-17 12:49:27,019 [pool-7-thread-3] INFO  commands.RetriableDatanodeEventWatcher (RetriableDatanodeEventWatcher.java:onTimeout(47)) - RetriableDatanodeCommand type=deleteBlocksCommand with id=1568724556093 timed out. Retrying.
2019-09-17 12:49:27,032 [pool-7-thread-3] INFO  commands.RetriableDatanodeEventWatcher (RetriableDatanodeEventWatcher.java:onTimeout(47)) - RetriableDatanodeCommand type=deleteBlocksCommand with id=1568724556015 timed out. Retrying.
2019-09-17 12:49:27,032 [pool-7-thread-3] INFO  commands.RetriableDatanodeEventWatcher (RetriableDatanodeEventWatcher.java:onTimeout(47)) - RetriableDatanodeCommand type=deleteBlocksCommand with id=1568724556103 timed out. Retrying.
2019-09-17 12:49:27,046 [SCMBlockDeletingService#1] DEBUG block.SCMBlockDeletingService (SCMBlockDeletingService.java:call(138)) - Running DeletedBlockTransactionScanner
2019-09-17 12:49:27,047 [SCMBlockDeletingService#1] DEBUG block.SCMBlockDeletingService (SCMBlockDeletingService.java:call(155)) - Scanned deleted blocks log and got 3 delTX to process.
2019-09-17 12:49:27,047 [SCMBlockDeletingService#1] DEBUG block.SCMBlockDeletingService (SCMBlockDeletingService.java:call(171)) - Added delete block command for datanode cb20f782-9136-4144-a2ef-e44461d35697 in the queue, number of delete block transactions: 3, TxID list: 1,2,3
2019-09-17 12:49:27,048 [SCMBlockDeletingService#1] INFO  block.SCMBlockDeletingService (SCMBlockDeletingService.java:call(182)) - Totally added 3 delete blocks command for 1 datanodes, task elapsed time: 1ms
2019-09-17 12:49:27,050 [pool-7-thread-3] INFO  commands.RetriableDatanodeEventWatcher (RetriableDatanodeEventWatcher.java:onTimeout(47)) - RetriableDatanodeCommand type=deleteBlocksCommand with id=1568724556025 timed out. Retrying.
2019-09-17 12:49:27,066 [pool-7-thread-3] INFO  commands.RetriableDatanodeEventWatcher (RetriableDatanodeEventWatcher.java:onTimeout(47)) - RetriableDatanodeCommand type=deleteBlocksCommand with id=1568724556035 timed out. Retrying.
2019-09-17 12:49:27,086 [pool-7-thread-3] INFO  commands.RetriableDatanodeEventWatcher (RetriableDatanodeEventWatcher.java:onTimeout(47)) - RetriableDatanodeCommand type=deleteBlocksCommand with id=1568724556045 timed out. Retrying.
2019-09-17 12:49:27,094 [pool-7-thread-3] INFO  commands.RetriableDatanodeEventWatcher (RetriableDatanodeEventWatcher.java:onTimeout(47)) - RetriableDatanodeCommand type=deleteBlocksCommand with id=1568724556074 timed out. Retrying.
2019-09-17 12:49:27,100 [pool-7-thread-3] INFO  commands.RetriableDatanodeEventWatcher (RetriableDatanodeEventWatcher.java:onTimeout(47)) - RetriableDatanodeCommand type=deleteBlocksCommand with id=1568724556055 timed out. Retrying.
2019-09-17 12:49:27,108 [pool-7-thread-3] INFO  commands.RetriableDatanodeEventWatcher (RetriableDatanodeEventWatcher.java:onTimeout(47)) - RetriableDatanodeCommand type=deleteBlocksCommand with id=1568724556084 timed out. Retrying.
2019-09-17 12:49:27,114 [pool-7-thread-3] INFO  commands.RetriableDatanodeEventWatcher (RetriableDatanodeEventWatcher.java:onTimeout(47)) - RetriableDatanodeCommand type=deleteBlocksCommand with id=1568724556006 timed out. Retrying.
2019-09-17 12:49:27,118 [pool-7-thread-3] INFO  commands.RetriableDatanodeEventWatcher (RetriableDatanodeEventWatcher.java:onTimeout(47)) - RetriableDatanodeCommand type=deleteBlocksCommand with id=1568724556065 timed out. Retrying.
2019-09-17 12:49:27,121 [pool-7-thread-3] INFO  commands.RetriableDatanodeEventWatcher (RetriableDatanodeEventWatcher.java:onTimeout(47)) - RetriableDatanodeCommand type=deleteBlocksCommand with id=1568724556094 timed out. Retrying.
2019-09-17 12:49:27,135 [pool-7-thread-3] INFO  commands.RetriableDatanodeEventWatcher (RetriableDatanodeEventWatcher.java:onTimeout(47)) - RetriableDatanodeCommand type=deleteBlocksCommand with id=1568724556104 timed out. Retrying.
2019-09-17 12:49:27,135 [pool-7-thread-1] INFO  commands.RetriableDatanodeEventWatcher (RetriableDatanodeEventWatcher.java:onTimeout(47)) - RetriableDatanodeCommand type=deleteBlocksCommand with id=1568724556016 timed out. Retrying.
2019-09-17 12:49:27,148 [SCMBlockDeletingService#1] DEBUG block.SCMBlockDeletingService (SCMBlockDeletingService.java:call(138)) - Running DeletedBlockTransactionScanner
2019-09-17 12:49:27,148 [SCMBlockDeletingService#1] DEBUG block.SCMBlockDeletingService (SCMBlockDeletingService.java:call(155)) - Scanned deleted blocks log and got 3 delTX to process.
2019-09-17 12:49:27,148 [SCMBlockDeletingService#1] DEBUG block.SCMBlockDeletingService (SCMBlockDeletingService.java:call(171)) - Added delete block command for datanode cb20f782-9136-4144-a2ef-e44461d35697 in the queue, number of delete block transactions: 3, TxID list: 1,2,3
2019-09-17 12:49:27,149 [pool-7-thread-1] INFO  commands.RetriableDatanodeEventWatcher (RetriableDatanodeEventWatcher.java:onTimeout(47)) - RetriableDatanodeCommand type=deleteBlocksCommand with id=1568724556026 timed out. Retrying.
2019-09-17 12:49:27,149 [SCMBlockDeletingService#1] INFO  block.SCMBlockDeletingService (SCMBlockDeletingService.java:call(182)) - Totally added 3 delete blocks command for 1 datanodes, task elapsed time: 1ms
2019-09-17 12:49:27,168 [pool-7-thread-1] INFO  commands.RetriableDatanodeEventWatcher (RetriableDatanodeEventWatcher.java:onTimeout(47)) - RetriableDatanodeCommand type=deleteBlocksCommand with id=1568724556036 timed out. Retrying.
2019-09-17 12:49:27,185 [pool-7-thread-1] INFO  commands.RetriableDatanodeEventWatcher (RetriableDatanodeEventWatcher.java:onTimeout(47)) - RetriableDatanodeCommand type=deleteBlocksCommand with id=1568724556046 timed out. Retrying.
2019-09-17 12:49:27,197 [pool-7-thread-1] INFO  commands.RetriableDatanodeEventWatcher (RetriableDatanodeEventWatcher.java:onTimeout(47)) - RetriableDatanodeCommand type=deleteBlocksCommand with id=1568724556075 timed out. Retrying.
2019-09-17 12:49:27,203 [pool-7-thread-1] INFO  commands.RetriableDatanodeEventWatcher (RetriableDatanodeEventWatcher.java:onTimeout(47)) - RetriableDatanodeCommand type=deleteBlocksCommand with id=1568724556056 timed out. Retrying.
2019-09-17 12:49:27,208 [pool-7-thread-1] INFO  commands.RetriableDatanodeEventWatcher (RetriableDatanodeEventWatcher.java:onTimeout(47)) - RetriableDatanodeCommand type=deleteBlocksCommand with id=1568724556085 timed out. Retrying.
2019-09-17 12:49:27,218 [pool-7-thread-1] INFO  commands.RetriableDatanodeEventWatcher (RetriableDatanodeEventWatcher.java:onTimeout(47)) - RetriableDatanodeCommand type=deleteBlocksCommand with id=1568724556066 timed out. Retrying.
2019-09-17 12:49:27,219 [pool-7-thread-3] INFO  commands.RetriableDatanodeEventWatcher (RetriableDatanodeEventWatcher.java:onTimeout(47)) - RetriableDatanodeCommand type=deleteBlocksCommand with id=1568724556007 timed out. Retrying.
2019-09-17 12:49:27,222 [pool-7-thread-3] INFO  commands.RetriableDatanodeEventWatcher (RetriableDatanodeEventWatcher.java:onTimeout(47)) - RetriableDatanodeCommand type=deleteBlocksCommand with id=1568724556095 timed out. Retrying.
2019-09-17 12:49:27,233 [pool-7-thread-3] INFO  commands.RetriableDatanodeEventWatcher (RetriableDatanodeEventWatcher.java:onTimeout(47)) - RetriableDatanodeCommand type=deleteBlocksCommand with id=1568724556017 timed out. Retrying.
2019-09-17 12:49:27,236 [pool-7-thread-3] INFO  commands.RetriableDatanodeEventWatcher (RetriableDatanodeEventWatcher.java:onTimeout(47)) - RetriableDatanodeCommand type=deleteBlocksCommand with id=1568724556105 timed out. Retrying.
2019-09-17 12:49:27,249 [SCMBlockDeletingService#1] DEBUG block.SCMBlockDeletingService (SCMBlockDeletingService.java:call(138)) - Running DeletedBlockTransactionScanner
2019-09-17 12:49:27,249 [SCMBlockDeletingService#1] DEBUG block.SCMBlockDeletingService (SCMBlockDeletingService.java:call(155)) - Scanned deleted blocks log and got 3 delTX to process.
2019-09-17 12:49:27,250 [SCMBlockDeletingService#1] DEBUG block.SCMBlockDeletingService (SCMBlockDeletingService.java:call(171)) - Added delete block command for datanode cb20f782-9136-4144-a2ef-e44461d35697 in the queue, number of delete block transactions: 3, TxID list: 1,2,3
2019-09-17 12:49:27,250 [SCMBlockDeletingService#1] INFO  block.SCMBlockDeletingService (SCMBlockDeletingService.java:call(182)) - Totally added 3 delete blocks command for 1 datanodes, task elapsed time: 0ms
2019-09-17 12:49:27,254 [pool-7-thread-3] INFO  commands.RetriableDatanodeEventWatcher (RetriableDatanodeEventWatcher.java:onTimeout(47)) - RetriableDatanodeCommand type=deleteBlocksCommand with id=1568724556027 timed out. Retrying.
2019-09-17 12:49:27,267 [pool-7-thread-3] INFO  commands.RetriableDatanodeEventWatcher (RetriableDatanodeEventWatcher.java:onTimeout(47)) - RetriableDatanodeCommand type=deleteBlocksCommand with id=1568724556037 timed out. Retrying.
2019-09-17 12:49:27,289 [pool-7-thread-3] INFO  commands.RetriableDatanodeEventWatcher (RetriableDatanodeEventWatcher.java:onTimeout(47)) - RetriableDatanodeCommand type=deleteBlocksCommand with id=1568724556047 timed out. Retrying.
2019-09-17 12:49:27,295 [pool-7-thread-3] INFO  commands.RetriableDatanodeEventWatcher (RetriableDatanodeEventWatcher.java:onTimeout(47)) - RetriableDatanodeCommand type=deleteBlocksCommand with id=1568724556076 timed out. Retrying.
2019-09-17 12:49:27,307 [pool-7-thread-3] INFO  commands.RetriableDatanodeEventWatcher (RetriableDatanodeEventWatcher.java:onTimeout(47)) - RetriableDatanodeCommand type=deleteBlocksCommand with id=1568724556057 timed out. Retrying.
2019-09-17 12:49:27,309 [pool-7-thread-3] INFO  commands.RetriableDatanodeEventWatcher (RetriableDatanodeEventWatcher.java:onTimeout(47)) - RetriableDatanodeCommand type=deleteBlocksCommand with id=1568724556086 timed out. Retrying.
2019-09-17 12:49:27,319 [pool-7-thread-3] INFO  commands.RetriableDatanodeEventWatcher (RetriableDatanodeEventWatcher.java:onTimeout(47)) - RetriableDatanodeCommand type=deleteBlocksCommand with id=1568724556008 timed out. Retrying.
2019-09-17 12:49:27,320 [pool-7-thread-3] INFO  commands.RetriableDatanodeEventWatcher (RetriableDatanodeEventWatcher.java:onTimeout(47)) - RetriableDatanodeCommand type=deleteBlocksCommand with id=1568724556067 timed out. Retrying.
2019-09-17 12:49:27,324 [pool-7-thread-3] INFO  commands.RetriableDatanodeEventWatcher (RetriableDatanodeEventWatcher.java:onTimeout(47)) - RetriableDatanodeCommand type=deleteBlocksCommand with id=1568724556096 timed out. Retrying.
2019-09-17 12:49:27,335 [pool-7-thread-3] INFO  commands.RetriableDatanodeEventWatcher (RetriableDatanodeEventWatcher.java:onTimeout(47)) - RetriableDatanodeCommand type=deleteBlocksCommand with id=1568724556018 timed out. Retrying.
2019-09-17 12:49:27,337 [pool-7-thread-3] INFO  commands.RetriableDatanodeEventWatcher (RetriableDatanodeEventWatcher.java:onTimeout(47)) - RetriableDatanodeCommand type=deleteBlocksCommand with id=1568724556106 timed out. Retrying.
2019-09-17 12:49:27,350 [SCMBlockDeletingService#1] DEBUG block.SCMBlockDeletingService (SCMBlockDeletingService.java:call(138)) - Running DeletedBlockTransactionScanner
2019-09-17 12:49:27,351 [SCMBlockDeletingService#1] DEBUG block.SCMBlockDeletingService (SCMBlockDeletingService.java:call(155)) - Scanned deleted blocks log and got 3 delTX to process.
2019-09-17 12:49:27,351 [SCMBlockDeletingService#1] DEBUG block.SCMBlockDeletingService (SCMBlockDeletingService.java:call(171)) - Added delete block command for datanode cb20f782-9136-4144-a2ef-e44461d35697 in the queue, number of delete block transactions: 3, TxID list: 1,2,3
2019-09-17 12:49:27,351 [SCMBlockDeletingService#1] INFO  block.SCMBlockDeletingService (SCMBlockDeletingService.java:call(182)) - Totally added 3 delete blocks command for 1 datanodes, task elapsed time: 0ms
2019-09-17 12:49:27,354 [pool-7-thread-3] INFO  commands.RetriableDatanodeEventWatcher (RetriableDatanodeEventWatcher.java:onTimeout(47)) - RetriableDatanodeCommand type=deleteBlocksCommand with id=1568724556028 timed out. Retrying.
2019-09-17 12:49:27,370 [pool-7-thread-3] INFO  commands.RetriableDatanodeEventWatcher (RetriableDatanodeEventWatcher.java:onTimeout(47)) - RetriableDatanodeCommand type=deleteBlocksCommand with id=1568724556038 timed out. Retrying.
2019-09-17 12:49:27,388 [pool-7-thread-3] INFO  commands.RetriableDatanodeEventWatcher (RetriableDatanodeEventWatcher.java:onTimeout(47)) - RetriableDatanodeCommand type=deleteBlocksCommand with id=1568724556048 timed out. Retrying.
2019-09-17 12:49:27,399 [pool-7-thread-3] INFO  commands.RetriableDatanodeEventWatcher (RetriableDatanodeEventWatcher.java:onTimeout(47)) - RetriableDatanodeCommand type=deleteBlocksCommand with id=1568724556077 timed out. Retrying.
2019-09-17 12:49:27,408 [pool-7-thread-3] INFO  commands.RetriableDatanodeEventWatcher (RetriableDatanodeEventWatcher.java:onTimeout(47)) - RetriableDatanodeCommand type=deleteBlocksCommand with id=1568724556058 timed out. Retrying.
2019-09-17 12:49:27,412 [pool-7-thread-3] INFO  commands.RetriableDatanodeEventWatcher (RetriableDatanodeEventWatcher.java:onTimeout(47)) - RetriableDatanodeCommand type=deleteBlocksCommand with id=1568724556087 timed out. Retrying.
2019-09-17 12:49:27,419 [pool-7-thread-3] INFO  commands.RetriableDatanodeEventWatcher (RetriableDatanodeEventWatcher.java:onTimeout(47)) - RetriableDatanodeCommand type=deleteBlocksCommand with id=1568724556009 timed out. Retrying.
2019-09-17 12:49:27,422 [pool-7-thread-3] INFO  commands.RetriableDatanodeEventWatcher (RetriableDatanodeEventWatcher.java:onTimeout(47)) - RetriableDatanodeCommand type=deleteBlocksCommand with id=1568724556068 timed out. Retrying.
2019-09-17 12:49:27,425 [pool-7-thread-3] INFO  commands.RetriableDatanodeEventWatcher (RetriableDatanodeEventWatcher.java:onTimeout(47)) - RetriableDatanodeCommand type=deleteBlocksCommand with id=1568724556097 timed out. Retrying.
2019-09-17 12:49:27,437 [pool-7-thread-3] INFO  commands.RetriableDatanodeEventWatcher (RetriableDatanodeEventWatcher.java:onTimeout(47)) - RetriableDatanodeCommand type=deleteBlocksCommand with id=1568724556019 timed out. Retrying.
2019-09-17 12:49:27,439 [pool-7-thread-3] INFO  commands.RetriableDatanodeEventWatcher (RetriableDatanodeEventWatcher.java:onTimeout(47)) - RetriableDatanodeCommand type=deleteBlocksCommand with id=1568724556107 timed out. Retrying.
2019-09-17 12:49:27,451 [SCMBlockDeletingService#1] DEBUG block.SCMBlockDeletingService (SCMBlockDeletingService.java:call(138)) - Running DeletedBlockTransactionScanner
2019-09-17 12:49:27,452 [SCMBlockDeletingService#1] DEBUG block.SCMBlockDeletingService (SCMBlockDeletingService.java:call(155)) - Scanned deleted blocks log and got 3 delTX to process.
2019-09-17 12:49:27,452 [SCMBlockDeletingService#1] DEBUG block.SCMBlockDeletingService (SCMBlockDeletingService.java:call(171)) - Added delete block command for datanode cb20f782-9136-4144-a2ef-e44461d35697 in the queue, number of delete block transactions: 3, TxID list: 1,2,3
2019-09-17 12:49:27,452 [SCMBlockDeletingService#1] INFO  block.SCMBlockDeletingService (SCMBlockDeletingService.java:call(182)) - Totally added 3 delete blocks command for 1 datanodes, task elapsed time: 1ms
2019-09-17 12:49:27,456 [pool-7-thread-3] INFO  commands.RetriableDatanodeEventWatcher (RetriableDatanodeEventWatcher.java:onTimeout(47)) - RetriableDatanodeCommand type=deleteBlocksCommand with id=1568724556029 timed out. Retrying.
2019-09-17 12:49:27,473 [pool-7-thread-3] INFO  commands.RetriableDatanodeEventWatcher (RetriableDatanodeEventWatcher.java:onTimeout(47)) - RetriableDatanodeCommand type=deleteBlocksCommand with id=1568724556039 timed out. Retrying.
2019-09-17 12:49:27,491 [pool-7-thread-3] INFO  commands.RetriableDatanodeEventWatcher (RetriableDatanodeEventWatcher.java:onTimeout(47)) - RetriableDatanodeCommand type=deleteBlocksCommand with id=1568724556049 timed out. Retrying.
2019-09-17 12:49:27,499 [pool-7-thread-3] INFO  commands.RetriableDatanodeEventWatcher (RetriableDatanodeEventWatcher.java:onTimeout(47)) - RetriableDatanodeCommand type=deleteBlocksCommand with id=1568724556078 timed out. Retrying.
2019-09-17 12:49:27,509 [pool-7-thread-3] INFO  commands.RetriableDatanodeEventWatcher (RetriableDatanodeEventWatcher.java:onTimeout(47)) - RetriableDatanodeCommand type=deleteBlocksCommand with id=1568724556059 timed out. Retrying.
2019-09-17 12:49:27,512 [pool-7-thread-3] INFO  commands.RetriableDatanodeEventWatcher (RetriableDatanodeEventWatcher.java:onTimeout(47)) - RetriableDatanodeCommand type=deleteBlocksCommand with id=1568724556088 timed out. Retrying.
2019-09-17 12:49:27,526 [pool-7-thread-3] INFO  commands.RetriableDatanodeEventWatcher (RetriableDatanodeEventWatcher.java:onTimeout(47)) - RetriableDatanodeCommand type=deleteBlocksCommand with id=1568724556069 timed out. Retrying.
2019-09-17 12:49:27,526 [pool-7-thread-2] INFO  commands.RetriableDatanodeEventWatcher (RetriableDatanodeEventWatcher.java:onTimeout(47)) - RetriableDatanodeCommand type=deleteBlocksCommand with id=1568724556010 timed out. Retrying.
2019-09-17 12:49:27,527 [pool-7-thread-1] INFO  commands.RetriableDatanodeEventWatcher (RetriableDatanodeEventWatcher.java:onTimeout(47)) - RetriableDatanodeCommand type=deleteBlocksCommand with id=1568724556098 timed out. Retrying.
2019-09-17 12:49:27,540 [pool-7-thread-1] INFO  commands.RetriableDatanodeEventWatcher (RetriableDatanodeEventWatcher.java:onTimeout(47)) - RetriableDatanodeCommand type=deleteBlocksCommand with id=1568724556108 timed out. Retrying.
2019-09-17 12:49:27,540 [pool-7-thread-2] INFO  commands.RetriableDatanodeEventWatcher (RetriableDatanodeEventWatcher.java:onTimeout(47)) - RetriableDatanodeCommand type=deleteBlocksCommand with id=1568724556020 timed out. Retrying.
2019-09-17 12:49:27,553 [SCMBlockDeletingService#1] DEBUG block.SCMBlockDeletingService (SCMBlockDeletingService.java:call(138)) - Running DeletedBlockTransactionScanner
2019-09-17 12:49:27,553 [SCMBlockDeletingService#1] DEBUG block.SCMBlockDeletingService (SCMBlockDeletingService.java:call(155)) - Scanned deleted blocks log and got 3 delTX to process.
2019-09-17 12:49:27,553 [SCMBlockDeletingService#1] DEBUG block.SCMBlockDeletingService (SCMBlockDeletingService.java:call(171)) - Added delete block command for datanode cb20f782-9136-4144-a2ef-e44461d35697 in the queue, number of delete block transactions: 3, TxID list: 1,2,3
2019-09-17 12:49:27,554 [SCMBlockDeletingService#1] INFO  block.SCMBlockDeletingService (SCMBlockDeletingService.java:call(182)) - Totally added 3 delete blocks command for 1 datanodes, task elapsed time: 1ms
2019-09-17 12:49:27,558 [pool-7-thread-2] INFO  commands.RetriableDatanodeEventWatcher (RetriableDatanodeEventWatcher.java:onTimeout(47)) - RetriableDatanodeCommand type=deleteBlocksCommand with id=1568724556030 timed out. Retrying.
2019-09-17 12:49:27,575 [pool-7-thread-2] INFO  commands.RetriableDatanodeEventWatcher (RetriableDatanodeEventWatcher.java:onTimeout(47)) - RetriableDatanodeCommand type=deleteBlocksCommand with id=1568724556040 timed out. Retrying.
2019-09-17 12:49:27,592 [pool-7-thread-2] INFO  commands.RetriableDatanodeEventWatcher (RetriableDatanodeEventWatcher.java:onTimeout(47)) - RetriableDatanodeCommand type=deleteBlocksCommand with id=1568724556050 timed out. Retrying.
2019-09-17 12:49:27,599 [pool-7-thread-2] INFO  commands.RetriableDatanodeEventWatcher (RetriableDatanodeEventWatcher.java:onTimeout(47)) - RetriableDatanodeCommand type=deleteBlocksCommand with id=1568724556079 timed out. Retrying.
2019-09-17 12:49:27,612 [pool-7-thread-2] INFO  commands.RetriableDatanodeEventWatcher (RetriableDatanodeEventWatcher.java:onTimeout(47)) - RetriableDatanodeCommand type=deleteBlocksCommand with id=1568724556060 timed out. Retrying.
2019-09-17 12:49:27,613 [pool-7-thread-2] INFO  commands.RetriableDatanodeEventWatcher (RetriableDatanodeEventWatcher.java:onTimeout(47)) - RetriableDatanodeCommand type=deleteBlocksCommand with id=1568724556089 timed out. Retrying.
2019-09-17 12:49:27,625 [pool-7-thread-2] INFO  commands.RetriableDatanodeEventWatcher (RetriableDatanodeEventWatcher.java:onTimeout(47)) - RetriableDatanodeCommand type=deleteBlocksCommand with id=1568724556070 timed out. Retrying.
2019-09-17 12:49:27,625 [pool-7-thread-1] INFO  commands.RetriableDatanodeEventWatcher (RetriableDatanodeEventWatcher.java:onTimeout(47)) - RetriableDatanodeCommand type=deleteBlocksCommand with id=1568724556011 timed out. Retrying.
2019-09-17 12:49:27,628 [pool-7-thread-1] INFO  commands.RetriableDatanodeEventWatcher (RetriableDatanodeEventWatcher.java:onTimeout(47)) - RetriableDatanodeCommand type=deleteBlocksCommand with id=1568724556099 timed out. Retrying.
2019-09-17 12:49:27,642 [pool-7-thread-1] INFO  commands.RetriableDatanodeEventWatcher (RetriableDatanodeEventWatcher.java:onTimeout(47)) - RetriableDatanodeCommand type=deleteBlocksCommand with id=1568724556109 timed out. Retrying.
2019-09-17 12:49:27,642 [pool-7-thread-2] INFO  commands.RetriableDatanodeEventWatcher (RetriableDatanodeEventWatcher.java:onTimeout(47)) - RetriableDatanodeCommand type=deleteBlocksCommand with id=1568724556021 timed out. Retrying.
2019-09-17 12:49:27,654 [SCMBlockDeletingService#1] DEBUG block.SCMBlockDeletingService (SCMBlockDeletingService.java:call(138)) - Running DeletedBlockTransactionScanner
2019-09-17 12:49:27,654 [SCMBlockDeletingService#1] DEBUG block.SCMBlockDeletingService (SCMBlockDeletingService.java:call(155)) - Scanned deleted blocks log and got 3 delTX to process.
2019-09-17 12:49:27,655 [SCMBlockDeletingService#1] DEBUG block.SCMBlockDeletingService (SCMBlockDeletingService.java:call(171)) - Added delete block command for datanode cb20f782-9136-4144-a2ef-e44461d35697 in the queue, number of delete block transactions: 3, TxID list: 1,2,3
2019-09-17 12:49:27,655 [SCMBlockDeletingService#1] INFO  block.SCMBlockDeletingService (SCMBlockDeletingService.java:call(182)) - Totally added 3 delete blocks command for 1 datanodes, task elapsed time: 1ms
2019-09-17 12:49:27,661 [pool-7-thread-2] INFO  commands.RetriableDatanodeEventWatcher (RetriableDatanodeEventWatcher.java:onTimeout(47)) - RetriableDatanodeCommand type=deleteBlocksCommand with id=1568724556031 timed out. Retrying.
2019-09-17 12:49:27,677 [pool-7-thread-2] INFO  commands.RetriableDatanodeEventWatcher (RetriableDatanodeEventWatcher.java:onTimeout(47)) - RetriableDatanodeCommand type=deleteBlocksCommand with id=1568724556041 timed out. Retrying.
2019-09-17 12:49:27,692 [pool-7-thread-2] INFO  commands.RetriableDatanodeEventWatcher (RetriableDatanodeEventWatcher.java:onTimeout(47)) - RetriableDatanodeCommand type=deleteBlocksCommand with id=1568724556051 timed out. Retrying.
2019-09-17 12:49:27,704 [pool-7-thread-2] INFO  commands.RetriableDatanodeEventWatcher (RetriableDatanodeEventWatcher.java:onTimeout(47)) - RetriableDatanodeCommand type=deleteBlocksCommand with id=1568724556080 timed out. Retrying.
2019-09-17 12:49:27,711 [pool-7-thread-2] INFO  commands.RetriableDatanodeEventWatcher (RetriableDatanodeEventWatcher.java:onTimeout(47)) - RetriableDatanodeCommand type=deleteBlocksCommand with id=1568724556061 timed out. Retrying.
2019-09-17 12:49:27,716 [pool-7-thread-2] INFO  commands.RetriableDatanodeEventWatcher (RetriableDatanodeEventWatcher.java:onTimeout(47)) - RetriableDatanodeCommand type=deleteBlocksCommand with id=1568724556090 timed out. Retrying.
2019-09-17 12:49:27,724 [pool-7-thread-2] INFO  commands.RetriableDatanodeEventWatcher (RetriableDatanodeEventWatcher.java:onTimeout(47)) - RetriableDatanodeCommand type=deleteBlocksCommand with id=1568724556012 timed out. Retrying.
2019-09-17 12:49:27,729 [pool-7-thread-2] INFO  commands.RetriableDatanodeEventWatcher (RetriableDatanodeEventWatcher.java:onTimeout(47)) - RetriableDatanodeCommand type=deleteBlocksCommand with id=1568724556071 timed out. Retrying.
2019-09-17 12:49:27,729 [pool-7-thread-1] INFO  commands.RetriableDatanodeEventWatcher (RetriableDatanodeEventWatcher.java:onTimeout(47)) - RetriableDatanodeCommand type=deleteBlocksCommand with id=1568724556100 timed out. Retrying.
2019-09-17 12:49:27,742 [pool-7-thread-1] INFO  commands.RetriableDatanodeEventWatcher (RetriableDatanodeEventWatcher.java:onTimeout(47)) - RetriableDatanodeCommand type=deleteBlocksCommand with id=1568724556022 timed out. Retrying.
2019-09-17 12:49:27,742 [pool-7-thread-1] INFO  commands.RetriableDatanodeEventWatcher (RetriableDatanodeEventWatcher.java:onTimeout(47)) - RetriableDatanodeCommand type=deleteBlocksCommand with id=1568724556110 timed out. Retrying.
2019-09-17 12:49:27,755 [SCMBlockDeletingService#1] DEBUG block.SCMBlockDeletingService (SCMBlockDeletingService.java:call(138)) - Running DeletedBlockTransactionScanner
2019-09-17 12:49:27,756 [SCMBlockDeletingService#1] DEBUG block.SCMBlockDeletingService (SCMBlockDeletingService.java:call(155)) - Scanned deleted blocks log and got 3 delTX to process.
2019-09-17 12:49:27,756 [SCMBlockDeletingService#1] DEBUG block.SCMBlockDeletingService (SCMBlockDeletingService.java:call(171)) - Added delete block command for datanode cb20f782-9136-4144-a2ef-e44461d35697 in the queue, number of delete block transactions: 3, TxID list: 1,2,3
2019-09-17 12:49:27,756 [SCMBlockDeletingService#1] INFO  block.SCMBlockDeletingService (SCMBlockDeletingService.java:call(182)) - Totally added 3 delete blocks command for 1 datanodes, task elapsed time: 1ms
2019-09-17 12:49:27,764 [pool-7-thread-1] INFO  commands.RetriableDatanodeEventWatcher (RetriableDatanodeEventWatcher.java:onTimeout(47)) - RetriableDatanodeCommand type=deleteBlocksCommand with id=1568724556032 timed out. Retrying.
2019-09-17 12:49:27,779 [pool-7-thread-1] INFO  commands.RetriableDatanodeEventWatcher (RetriableDatanodeEventWatcher.java:onTimeout(47)) - RetriableDatanodeCommand type=deleteBlocksCommand with id=1568724556042 timed out. Retrying.
2019-09-17 12:49:27,794 [pool-7-thread-1] INFO  commands.RetriableDatanodeEventWatcher (RetriableDatanodeEventWatcher.java:onTimeout(47)) - RetriableDatanodeCommand type=deleteBlocksCommand with id=1568724556052 timed out. Retrying.
2019-09-17 12:49:27,804 [pool-7-thread-1] INFO  commands.RetriableDatanodeEventWatcher (RetriableDatanodeEventWatcher.java:onTimeout(47)) - RetriableDatanodeCommand type=deleteBlocksCommand with id=1568724556081 timed out. Retrying.
2019-09-17 12:49:27,814 [pool-7-thread-1] INFO  commands.RetriableDatanodeEventWatcher (RetriableDatanodeEventWatcher.java:onTimeout(47)) - RetriableDatanodeCommand type=deleteBlocksCommand with id=1568724556062 timed out. Retrying.
2019-09-17 12:49:27,817 [pool-7-thread-1] INFO  commands.RetriableDatanodeEventWatcher (RetriableDatanodeEventWatcher.java:onTimeout(47)) - RetriableDatanodeCommand type=deleteBlocksCommand with id=1568724556091 timed out. Retrying.
2019-09-17 12:49:27,828 [main] INFO  ozone.MiniOzoneClusterImpl (MiniOzoneClusterImpl.java:lambda$waitForClusterToBeReady$0(145)) - Waiting for cluster to be ready. Got 0 of 1 DN Heartbeats.
2019-09-17 12:49:27,830 [EventQueue-PendingDeleteStatusForPendingDeleteHandler] INFO  block.SCMBlockDeletingService (SCMBlockDeletingService.java:handlePendingDeletes(115)) - Block deletion txnID mismatch in datanode cb20f782-9136-4144-a2ef-e44461d35697 for containerID 1. Datanode delete txnID: 0, SCM txnID: 1
2019-09-17 12:49:27,830 [EventQueue-PendingDeleteStatusForPendingDeleteHandler] INFO  block.SCMBlockDeletingService (SCMBlockDeletingService.java:handlePendingDeletes(115)) - Block deletion txnID mismatch in datanode cb20f782-9136-4144-a2ef-e44461d35697 for containerID 2. Datanode delete txnID: 0, SCM txnID: 2
2019-09-17 12:49:27,830 [EventQueue-PendingDeleteStatusForPendingDeleteHandler] INFO  block.SCMBlockDeletingService (SCMBlockDeletingService.java:handlePendingDeletes(115)) - Block deletion txnID mismatch in datanode cb20f782-9136-4144-a2ef-e44461d35697 for containerID 3. Datanode delete txnID: 0, SCM txnID: 3
2019-09-17 12:49:27,831 [pool-7-thread-1] INFO  commands.RetriableDatanodeEventWatcher (RetriableDatanodeEventWatcher.java:onTimeout(47)) - RetriableDatanodeCommand type=deleteBlocksCommand with id=1568724556072 timed out. Retrying.
2019-09-17 12:49:27,831 [pool-7-thread-2] INFO  commands.RetriableDatanodeEventWatcher (RetriableDatanodeEventWatcher.java:onTimeout(47)) - RetriableDatanodeCommand type=deleteBlocksCommand with id=1568724556101 timed out. Retrying.
2019-09-17 12:49:27,832 [pool-7-thread-3] INFO  commands.RetriableDatanodeEventWatcher (RetriableDatanodeEventWatcher.java:onTimeout(47)) - RetriableDatanodeCommand type=deleteBlocksCommand with id=1568724556013 timed out. Retrying.
2019-09-17 12:49:27,845 [pool-7-thread-3] INFO  commands.RetriableDatanodeEventWatcher (RetriableDatanodeEventWatcher.java:onTimeout(47)) - RetriableDatanodeCommand type=deleteBlocksCommand with id=1568724556111 timed out. Retrying.
2019-09-17 12:49:27,847 [pool-7-thread-3] INFO  commands.RetriableDatanodeEventWatcher (RetriableDatanodeEventWatcher.java:onTimeout(47)) - RetriableDatanodeCommand type=deleteBlocksCommand with id=1568724556023 timed out. Retrying.
2019-09-17 12:49:27,856 [SCMBlockDeletingService#1] DEBUG block.SCMBlockDeletingService (SCMBlockDeletingService.java:call(138)) - Running DeletedBlockTransactionScanner
2019-09-17 12:49:27,857 [SCMBlockDeletingService#1] DEBUG block.SCMBlockDeletingService (SCMBlockDeletingService.java:call(155)) - Scanned deleted blocks log and got 3 delTX to process.
2019-09-17 12:49:27,857 [SCMBlockDeletingService#1] DEBUG block.SCMBlockDeletingService (SCMBlockDeletingService.java:call(171)) - Added delete block command for datanode cb20f782-9136-4144-a2ef-e44461d35697 in the queue, number of delete block transactions: 3, TxID list: 1,2,3
2019-09-17 12:49:27,858 [SCMBlockDeletingService#1] INFO  block.SCMBlockDeletingService (SCMBlockDeletingService.java:call(182)) - Totally added 3 delete blocks command for 1 datanodes, task elapsed time: 1ms
2019-09-17 12:49:27,863 [pool-7-thread-3] INFO  commands.RetriableDatanodeEventWatcher (RetriableDatanodeEventWatcher.java:onTimeout(47)) - RetriableDatanodeCommand type=deleteBlocksCommand with id=1568724556033 timed out. Retrying.
2019-09-17 12:49:27,880 [pool-7-thread-3] INFO  commands.RetriableDatanodeEventWatcher (RetriableDatanodeEventWatcher.java:onTimeout(47)) - RetriableDatanodeCommand type=deleteBlocksCommand with id=1568724556043 timed out. Retrying.
2019-09-17 12:49:27,880 [grpc-default-executor-1] INFO  impl.RaftServerProxy (RaftServerProxy.java:addNew(89)) - cb20f782-9136-4144-a2ef-e44461d35697: addNew group-1308E6FC8CB2:[cb20f782-9136-4144-a2ef-e44461d35697:192.168.34.33:44783] returns group-1308E6FC8CB2:java.util.concurrent.CompletableFuture@18bb9589[Not completed]
2019-09-17 12:49:27,882 [pool-592-thread-1] INFO  impl.RaftServerImpl (RaftServerImpl.java:<init>(95)) - cb20f782-9136-4144-a2ef-e44461d35697: new RaftServerImpl for group-1308E6FC8CB2:[cb20f782-9136-4144-a2ef-e44461d35697:192.168.34.33:44783] with ContainerStateMachine:uninitialized
2019-09-17 12:49:27,883 [pool-592-thread-1] INFO  server.RaftServerConfigKeys (ConfUtils.java:logGet(43)) - raft.server.rpc.timeout.min = 5s (custom)
2019-09-17 12:49:27,883 [pool-592-thread-1] INFO  server.RaftServerConfigKeys (ConfUtils.java:logGet(43)) - raft.server.rpc.timeout.max = 5200ms (custom)
2019-09-17 12:49:27,883 [pool-592-thread-1] INFO  server.RaftServerConfigKeys (ConfUtils.java:logGet(43)) - raft.server.rpcslowness.timeout = 120s (custom)
2019-09-17 12:49:27,883 [pool-592-thread-1] INFO  server.RaftServerConfigKeys (ConfUtils.java:logGet(43)) - raft.server.sleep.deviation.threshold = 300 (default)
2019-09-17 12:49:27,883 [pool-592-thread-1] INFO  server.RaftServerConfigKeys (ConfUtils.java:logGet(43)) - raft.server.log.appender.install.snapshot.enabled = false (custom)
2019-09-17 12:49:27,883 [pool-592-thread-1] INFO  impl.RaftServerImpl (ServerState.java:<init>(103)) - cb20f782-9136-4144-a2ef-e44461d35697@group-1308E6FC8CB2: ConfigurationManager, init=-1: [cb20f782-9136-4144-a2ef-e44461d35697:192.168.34.33:44783], old=null, confs=<EMPTY_MAP>
2019-09-17 12:49:27,884 [pool-592-thread-1] INFO  server.RaftServerConfigKeys (ConfUtils.java:logGet(43)) - raft.server.storage.dir = [/workdir/hadoop-ozone/integration-test/target/test-dir/MiniOzoneClusterImpl-c23a8398-3c1b-4fe5-9bc4-5abc7f29ee92/datanode-0/data/ratis] (custom)
2019-09-17 12:49:27,884 [pool-592-thread-1] INFO  storage.RaftStorageDirectory (RaftStorageDirectory.java:analyzeStorage(246)) - The storage directory /workdir/hadoop-ozone/integration-test/target/test-dir/MiniOzoneClusterImpl-c23a8398-3c1b-4fe5-9bc4-5abc7f29ee92/datanode-0/data/ratis/5ee61819-2608-4a5a-9a83-1308e6fc8cb2 does not exist. Creating ...
2019-09-17 12:49:27,897 [pool-7-thread-3] INFO  commands.RetriableDatanodeEventWatcher (RetriableDatanodeEventWatcher.java:onTimeout(47)) - RetriableDatanodeCommand type=deleteBlocksCommand with id=1568724556053 timed out. Retrying.
2019-09-17 12:49:27,905 [pool-7-thread-3] INFO  commands.RetriableDatanodeEventWatcher (RetriableDatanodeEventWatcher.java:onTimeout(47)) - RetriableDatanodeCommand type=deleteBlocksCommand with id=1568724556082 timed out. Retrying.
2019-09-17 12:49:27,915 [pool-7-thread-3] INFO  commands.RetriableDatanodeEventWatcher (RetriableDatanodeEventWatcher.java:onTimeout(47)) - RetriableDatanodeCommand type=deleteBlocksCommand with id=1568724556063 timed out. Retrying.
2019-09-17 12:49:27,917 [pool-7-thread-3] INFO  commands.RetriableDatanodeEventWatcher (RetriableDatanodeEventWatcher.java:onTimeout(47)) - RetriableDatanodeCommand type=deleteBlocksCommand with id=1568724556092 timed out. Retrying.
2019-09-17 12:49:27,926 [pool-592-thread-1] INFO  storage.RaftStorageDirectory (RaftStorageDirectory.java:tryLock(328)) - Lock on /workdir/hadoop-ozone/integration-test/target/test-dir/MiniOzoneClusterImpl-c23a8398-3c1b-4fe5-9bc4-5abc7f29ee92/datanode-0/data/ratis/5ee61819-2608-4a5a-9a83-1308e6fc8cb2/in_use.lock acquired by nodename 17201@pr-hdds-2142-clczg-3805722443
2019-09-17 12:49:27,928 [pool-7-thread-3] INFO  commands.RetriableDatanodeEventWatcher (RetriableDatanodeEventWatcher.java:onTimeout(47)) - RetriableDatanodeCommand type=deleteBlocksCommand with id=1568724556014 timed out. Retrying.
2019-09-17 12:49:27,928 [pool-7-thread-3] INFO  commands.RetriableDatanodeEventWatcher (RetriableDatanodeEventWatcher.java:onTimeout(47)) - RetriableDatanodeCommand type=deleteBlocksCommand with id=1568724556073 timed out. Retrying.
2019-09-17 12:49:27,932 [pool-7-thread-3] INFO  commands.RetriableDatanodeEventWatcher (RetriableDatanodeEventWatcher.java:onTimeout(47)) - RetriableDatanodeCommand type=deleteBlocksCommand with id=1568724556102 timed out. Retrying.
2019-09-17 12:49:27,939 [pool-592-thread-1] INFO  storage.RaftStorage (RaftStorage.java:format(72)) - Storage directory /workdir/hadoop-ozone/integration-test/target/test-dir/MiniOzoneClusterImpl-c23a8398-3c1b-4fe5-9bc4-5abc7f29ee92/datanode-0/data/ratis/5ee61819-2608-4a5a-9a83-1308e6fc8cb2 has been successfully formatted.
2019-09-17 12:49:27,941 [pool-592-thread-1] INFO  ratis.ContainerStateMachine (ContainerStateMachine.java:loadSnapshot(230)) - group-1308E6FC8CB2: The snapshot info is null. Setting the last applied indexto:(t:0, i:~)
2019-09-17 12:49:27,941 [pool-592-thread-1] INFO  server.RaftServerConfigKeys (ConfUtils.java:logGet(43)) - raft.server.notification.no-leader.timeout = 120s (custom)
2019-09-17 12:49:27,941 [pool-592-thread-1] INFO  server.RaftServerConfigKeys (ConfUtils.java:logGet(43)) - raft.server.log.use.memory = false (default)
2019-09-17 12:49:27,941 [pool-592-thread-1] INFO  server.RaftServerConfigKeys (ConfUtils.java:logGet(43)) - raft.server.log.purge.gap = 1000000 (custom)
2019-09-17 12:49:27,941 [pool-592-thread-1] INFO  server.RaftServerConfigKeys (ConfUtils.java:logGet(43)) - raft.server.log.appender.buffer.byte-limit = 33554432 (custom)
2019-09-17 12:49:27,941 [pool-592-thread-1] INFO  server.RaftServerConfigKeys (ConfUtils.java:logGet(43)) - raft.server.log.segment.size.max = 1048576 (custom)
2019-09-17 12:49:27,942 [pool-592-thread-1] INFO  server.RaftServerConfigKeys (ConfUtils.java:logGet(43)) - raft.server.log.segment.cache.num.max = 2 (custom)
2019-09-17 12:49:27,942 [pool-592-thread-1] INFO  segmented.SegmentedRaftLogWorker (SegmentedRaftLogWorker.java:<init>(172)) - new cb20f782-9136-4144-a2ef-e44461d35697@group-1308E6FC8CB2-SegmentedRaftLogWorker for RaftStorage:Storage Directory /workdir/hadoop-ozone/integration-test/target/test-dir/MiniOzoneClusterImpl-c23a8398-3c1b-4fe5-9bc4-5abc7f29ee92/datanode-0/data/ratis/5ee61819-2608-4a5a-9a83-1308e6fc8cb2
2019-09-17 12:49:27,942 [pool-592-thread-1] INFO  server.RaftServerConfigKeys (ConfUtils.java:logGet(43)) - raft.server.log.queue.byte-limit = 2147483647 (custom)
2019-09-17 12:49:27,942 [pool-592-thread-1] INFO  server.RaftServerConfigKeys (ConfUtils.java:logGet(43)) - raft.server.log.queue.element-limit = 1024 (custom)
2019-09-17 12:49:27,942 [pool-592-thread-1] INFO  server.RaftServerConfigKeys (ConfUtils.java:logGet(43)) - raft.server.log.segment.size.max = 1048576 (custom)
2019-09-17 12:49:27,942 [pool-592-thread-1] INFO  server.RaftServerConfigKeys (ConfUtils.java:logGet(43)) - raft.server.log.preallocated.size = 16384 (custom)
2019-09-17 12:49:27,942 [pool-592-thread-1] INFO  server.RaftServerConfigKeys (ConfUtils.java:logGet(43)) - raft.server.log.write.buffer.size = 33554432 (custom)
2019-09-17 12:49:27,943 [pool-592-thread-1] INFO  server.RaftServerConfigKeys (ConfUtils.java:logGet(43)) - raft.server.log.force.sync.num = 128 (default)
2019-09-17 12:49:27,943 [pool-592-thread-1] INFO  server.RaftServerConfigKeys (ConfUtils.java:logGet(43)) - raft.server.log.statemachine.data.sync = true (default)
2019-09-17 12:49:27,943 [pool-592-thread-1] INFO  server.RaftServerConfigKeys (ConfUtils.java:logGet(43)) - raft.server.log.statemachine.data.sync.timeout = 10s (default)
2019-09-17 12:49:27,943 [pool-592-thread-1] INFO  server.RaftServerConfigKeys (ConfUtils.java:logGet(43)) - raft.server.log.statemachine.data.sync.timeout.retry = -1 (default)
2019-09-17 12:49:27,943 [pool-592-thread-1] INFO  server.RaftServerConfigKeys (ConfUtils.java:logGet(43)) - raft.server.log.statemachine.data.caching.enabled = true (custom)
2019-09-17 12:49:27,943 [pool-592-thread-1] INFO  segmented.SegmentedRaftLogWorker (SegmentedRaftLogWorker.java:lambda$new$0(132)) - cb20f782-9136-4144-a2ef-e44461d35697@group-1308E6FC8CB2-SegmentedRaftLogWorker: flushIndex: setUnconditionally 0 -> -1
2019-09-17 12:49:27,944 [pool-592-thread-1] INFO  server.RaftServerConfigKeys (ConfUtils.java:logGet(43)) - raft.server.snapshot.auto.trigger.enabled = true (custom)
2019-09-17 12:49:27,944 [pool-592-thread-1] INFO  server.RaftServerConfigKeys (ConfUtils.java:logGet(43)) - raft.server.snapshot.auto.trigger.threshold = 10000 (custom)
2019-09-17 12:49:27,944 [pool-592-thread-1] INFO  server.RaftServerConfigKeys (ConfUtils.java:logGet(43)) - raft.server.snapshot.retention.num.files = 5 (custom)
2019-09-17 12:49:27,944 [pool-592-thread-1] INFO  server.RaftServerConfigKeys (ConfUtils.java:logGet(43)) - raft.server.retrycache.expirytime = 600000ms (custom)
2019-09-17 12:49:27,962 [SCMBlockDeletingService#1] DEBUG block.SCMBlockDeletingService (RetriableDatanodeEventWatcher.java:onTimeout(47)) - RetriableDatanodeCommand type=deleteBlocksCommand with id=1568724556112 timed out. Retrying.
SCMBlockDeletingService.java:call(138)) - Running DeletedBlockTransactionScanner
2019-09-17 12:49:27,958 [pool-7-thread-3] INFO  commands.RetriableDatanodeEventWatcher (RetriableDatanodeEventWatcher.java:onTimeout(47)) - RetriableDatanodeCommand type=deleteBlocksCommand with id=1568724556112 timed out. Retrying.
2019-09-17 12:49:27,969 [pool-7-thread-2] INFO  commands.RetriableDatanodeEventWatcher (RetriableDatanodeEventWatcher.java:onTimeout(47)) - RetriableDatanodeCommand type=deleteBlocksCommand with id=1568724556024 timed out. Retrying.
2019-09-17 12:49:27,969 [pool-7-thread-2] INFO  commands.RetriableDatanodeEventWatcher (RetriableDatanodeEventWatcher.java:onTimeout(47)) - RetriableDatanodeCommand type=deleteBlocksCommand with id=1568724556034 timed out. Retrying.
2019-09-17 12:49:27,970 [SCMBlockDeletingService#1] DEBUG block.SCMBlockDeletingService (SCMBlockDeletingService.java:call(155)) - Scanned deleted blocks log and got 3 delTX to process.
2019-09-17 12:49:27,970 [SCMBlockDeletingService#1] DEBUG block.SCMBlockDeletingService (SCMBlockDeletingService.java:call(171)) - Added delete block command for datanode cb20f782-9136-4144-a2ef-e44461d35697 in the queue, number of delete block transactions: 3, TxID list: 1,2,3
2019-09-17 12:49:27,970 [SCMBlockDeletingService#1] INFO  block.SCMBlockDeletingService (SCMBlockDeletingService.java:call(182)) - Totally added 3 delete blocks command for 1 datanodes, task elapsed time: 9ms
2019-09-17 12:49:27,973 [pool-592-thread-1] INFO  impl.RaftServerImpl (RaftServerImpl.java:start(185)) - cb20f782-9136-4144-a2ef-e44461d35697@group-1308E6FC8CB2: start as a follower, conf=-1: [cb20f782-9136-4144-a2ef-e44461d35697:192.168.34.33:44783], old=null
2019-09-17 12:49:27,973 [pool-592-thread-1] INFO  impl.RaftServerImpl (RaftServerImpl.java:setRole(174)) - cb20f782-9136-4144-a2ef-e44461d35697@group-1308E6FC8CB2: changes role from      null to FOLLOWER at term 0 for startAsFollower
2019-09-17 12:49:27,973 [pool-592-thread-1] INFO  impl.RoleInfo (RoleInfo.java:updateAndGet(143)) - cb20f782-9136-4144-a2ef-e44461d35697: start FollowerState
2019-09-17 12:49:27,974 [pool-592-thread-1] INFO  util.JmxRegister (JmxRegister.java:tryRegister(44)) - Successfully registered JMX Bean with object name Ratis:service=RaftServer,group=group-1308E6FC8CB2,id=cb20f782-9136-4144-a2ef-e44461d35697
2019-09-17 12:49:27,981 [pool-7-thread-2] INFO  commands.RetriableDatanodeEventWatcher (RetriableDatanodeEventWatcher.java:onTimeout(47)) - RetriableDatanodeCommand type=deleteBlocksCommand with id=1568724556044 timed out. Retrying.
2019-09-17 12:49:27,985 [RatisPipelineUtilsThread] INFO  pipeline.PipelineStateManager (PipelineStateManager.java:addPipeline(56)) - Created pipeline Pipeline[ Id: 5ee61819-2608-4a5a-9a83-1308e6fc8cb2, Nodes: cb20f782-9136-4144-a2ef-e44461d35697{ip: 192.168.34.33, host: pr-hdds-2142-clczg-3805722443, networkLocation: /default-rack, certSerialId: null}, Type:RATIS, Factor:ONE, State:OPEN]
2019-09-17 12:49:27,994 [pool-7-thread-2] INFO  commands.RetriableDatanodeEventWatcher (RetriableDatanodeEventWatcher.java:onTimeout(47)) - RetriableDatanodeCommand type=deleteBlocksCommand with id=1568724556054 timed out. Retrying.
2019-09-17 12:49:28,007 [pool-7-thread-2] INFO  commands.RetriableDatanodeEventWatcher (RetriableDatanodeEventWatcher.java:onTimeout(47)) - RetriableDatanodeCommand type=deleteBlocksCommand with id=1568724556083 timed out. Retrying.
2019-09-17 12:49:28,013 [pool-7-thread-2] INFO  commands.RetriableDatanodeEventWatcher (RetriableDatanodeEventWatcher.java:onTimeout(47)) - RetriableDatanodeCommand type=deleteBlocksCommand with id=1568724556005 timed out. Retrying.
2019-09-17 12:49:28,017 [pool-7-thread-2] INFO  commands.RetriableDatanodeEventWatcher (RetriableDatanodeEventWatcher.java:onTimeout(47)) - RetriableDatanodeCommand type=deleteBlocksCommand with id=1568724556064 timed out. Retrying.
2019-09-17 12:49:28,019 [pool-7-thread-2] INFO  commands.RetriableDatanodeEventWatcher (RetriableDatanodeEventWatcher.java:onTimeout(47)) - RetriableDatanodeCommand type=deleteBlocksCommand with id=1568724556093 timed out. Retrying.
2019-09-17 12:49:28,033 [pool-7-thread-2] INFO  commands.RetriableDatanodeEventWatcher (RetriableDatanodeEventWatcher.java:onTimeout(47)) - RetriableDatanodeCommand type=deleteBlocksCommand with id=1568724556103 timed out. Retrying.
2019-09-17 12:49:28,033 [pool-7-thread-3] INFO  commands.RetriableDatanodeEventWatcher (RetriableDatanodeEventWatcher.java:onTimeout(47)) - RetriableDatanodeCommand type=deleteBlocksCommand with id=1568724556015 timed out. Retrying.
2019-09-17 12:49:28,047 [pool-7-thread-3] INFO  commands.RetriableDatanodeEventWatcher (RetriableDatanodeEventWatcher.java:onTimeout(47)) - RetriableDatanodeCommand type=deleteBlocksCommand with id=1568724556113 timed out. Retrying.
2019-09-17 12:49:28,050 [pool-7-thread-3] INFO  commands.RetriableDatanodeEventWatcher (RetriableDatanodeEventWatcher.java:onTimeout(47)) - RetriableDatanodeCommand type=deleteBlocksCommand with id=1568724556025 timed out. Retrying.
2019-09-17 12:49:28,066 [pool-7-thread-3] INFO  commands.RetriableDatanodeEventWatcher (RetriableDatanodeEventWatcher.java:onTimeout(47)) - RetriableDatanodeCommand type=deleteBlocksCommand with id=1568724556035 timed out. Retrying.
2019-09-17 12:49:28,071 [SCMBlockDeletingService#1] DEBUG block.SCMBlockDeletingService (SCMBlockDeletingService.java:call(138)) - Running DeletedBlockTransactionScanner
2019-09-17 12:49:28,071 [SCMBlockDeletingService#1] DEBUG block.SCMBlockDeletingService (SCMBlockDeletingService.java:call(155)) - Scanned deleted blocks log and got 3 delTX to process.
2019-09-17 12:49:28,071 [SCMBlockDeletingService#1] DEBUG block.SCMBlockDeletingService (SCMBlockDeletingService.java:call(171)) - Added delete block command for datanode cb20f782-9136-4144-a2ef-e44461d35697 in the queue, number of delete block transactions: 3, TxID list: 1,2,3
2019-09-17 12:49:28,072 [SCMBlockDeletingService#1] INFO  block.SCMBlockDeletingService (SCMBlockDeletingService.java:call(182)) - Totally added 3 delete blocks command for 1 datanodes, task elapsed time: 1ms
2019-09-17 12:49:28,087 [pool-7-thread-3] INFO  commands.RetriableDatanodeEventWatcher (RetriableDatanodeEventWatcher.java:onTimeout(47)) - RetriableDatanodeCommand type=deleteBlocksCommand with id=1568724556045 timed out. Retrying.
2019-09-17 12:49:28,094 [pool-7-thread-3] INFO  commands.RetriableDatanodeEventWatcher (RetriableDatanodeEventWatcher.java:onTimeout(47)) - RetriableDatanodeCommand type=deleteBlocksCommand with id=1568724556074 timed out. Retrying.
2019-09-17 12:49:28,101 [pool-7-thread-3] INFO  commands.RetriableDatanodeEventWatcher (RetriableDatanodeEventWatcher.java:onTimeout(47)) - RetriableDatanodeCommand type=deleteBlocksCommand with id=1568724556055 timed out. Retrying.
2019-09-17 12:49:28,109 [pool-7-thread-3] INFO  commands.RetriableDatanodeEventWatcher (RetriableDatanodeEventWatcher.java:onTimeout(47)) - RetriableDatanodeCommand type=deleteBlocksCommand with id=1568724556084 timed out. Retrying.
2019-09-17 12:49:28,113 [pool-7-thread-3] INFO  commands.RetriableDatanodeEventWatcher (RetriableDatanodeEventWatcher.java:onTimeout(47)) - RetriableDatanodeCommand type=deleteBlocksCommand with id=1568724556006 timed out. Retrying.
2019-09-17 12:49:28,119 [pool-7-thread-3] INFO  commands.RetriableDatanodeEventWatcher (RetriableDatanodeEventWatcher.java:onTimeout(47)) - RetriableDatanodeCommand type=deleteBlocksCommand with id=1568724556065 timed out. Retrying.
2019-09-17 12:49:28,120 [pool-7-thread-3] INFO  commands.RetriableDatanodeEventWatcher (RetriableDatanodeEventWatcher.java:onTimeout(47)) - RetriableDatanodeCommand type=deleteBlocksCommand with id=1568724556094 timed out. Retrying.
2019-09-17 12:49:28,136 [pool-7-thread-3] INFO  commands.RetriableDatanodeEventWatcher (RetriableDatanodeEventWatcher.java:onTimeout(47)) - RetriableDatanodeCommand type=deleteBlocksCommand with id=1568724556104 timed out. Retrying.
2019-09-17 12:49:28,136 [pool-7-thread-2] INFO  commands.RetriableDatanodeEventWatcher (RetriableDatanodeEventWatcher.java:onTimeout(47)) - RetriableDatanodeCommand type=deleteBlocksCommand with id=1568724556016 timed out. Retrying.
2019-09-17 12:49:28,149 [pool-7-thread-2] INFO  commands.RetriableDatanodeEventWatcher (RetriableDatanodeEventWatcher.java:onTimeout(47)) - RetriableDatanodeCommand type=deleteBlocksCommand with id=1568724556114 timed out. Retrying.
2019-09-17 12:49:28,149 [pool-7-thread-3] INFO  commands.RetriableDatanodeEventWatcher (RetriableDatanodeEventWatcher.java:onTimeout(47)) - RetriableDatanodeCommand type=deleteBlocksCommand with id=1568724556026 timed out. Retrying.
2019-09-17 12:49:28,169 [pool-7-thread-3] INFO  commands.RetriableDatanodeEventWatcher (RetriableDatanodeEventWatcher.java:onTimeout(47)) - RetriableDatanodeCommand type=deleteBlocksCommand with id=1568724556036 timed out. Retrying.
2019-09-17 12:49:28,172 [SCMBlockDeletingService#1] DEBUG block.SCMBlockDeletingService (SCMBlockDeletingService.java:call(138)) - Running DeletedBlockTransactionScanner
2019-09-17 12:49:28,172 [SCMBlockDeletingService#1] DEBUG block.SCMBlockDeletingService (SCMBlockDeletingService.java:call(155)) - Scanned deleted blocks log and got 3 delTX to process.
2019-09-17 12:49:28,172 [SCMBlockDeletingService#1] DEBUG block.SCMBlockDeletingService (SCMBlockDeletingService.java:call(171)) - Added delete block command for datanode cb20f782-9136-4144-a2ef-e44461d35697 in the queue, number of delete block transactions: 3, TxID list: 1,2,3
2019-09-17 12:49:28,173 [SCMBlockDeletingService#1] INFO  block.SCMBlockDeletingService (SCMBlockDeletingService.java:call(182)) - Totally added 3 delete blocks command for 1 datanodes, task elapsed time: 1ms
2019-09-17 12:49:28,185 [pool-7-thread-3] INFO  commands.RetriableDatanodeEventWatcher (RetriableDatanodeEventWatcher.java:onTimeout(47)) - RetriableDatanodeCommand type=deleteBlocksCommand with id=1568724556046 timed out. Retrying.
2019-09-17 12:49:28,198 [pool-7-thread-3] INFO  commands.RetriableDatanodeEventWatcher (RetriableDatanodeEventWatcher.java:onTimeout(47)) - RetriableDatanodeCommand type=deleteBlocksCommand with id=1568724556075 timed out. Retrying.
2019-09-17 12:49:28,204 [pool-7-thread-3] INFO  commands.RetriableDatanodeEventWatcher (RetriableDatanodeEventWatcher.java:onTimeout(47)) - RetriableDatanodeCommand type=deleteBlocksCommand with id=1568724556056 timed out. Retrying.
2019-09-17 12:49:28,209 [pool-7-thread-3] INFO  commands.RetriableDatanodeEventWatcher (RetriableDatanodeEventWatcher.java:onTimeout(47)) - RetriableDatanodeCommand type=deleteBlocksCommand with id=1568724556085 timed out. Retrying.
2019-09-17 12:49:28,219 [pool-7-thread-3] INFO  commands.RetriableDatanodeEventWatcher (RetriableDatanodeEventWatcher.java:onTimeout(47)) - RetriableDatanodeCommand type=deleteBlocksCommand with id=1568724556066 timed out. Retrying.
2019-09-17 12:49:28,219 [pool-7-thread-2] INFO  commands.RetriableDatanodeEventWatcher (RetriableDatanodeEventWatcher.java:onTimeout(47)) - RetriableDatanodeCommand type=deleteBlocksCommand with id=1568724556007 timed out. Retrying.
2019-09-17 12:49:28,223 [pool-7-thread-2] INFO  commands.RetriableDatanodeEventWatcher (RetriableDatanodeEventWatcher.java:onTimeout(47)) - RetriableDatanodeCommand type=deleteBlocksCommand with id=1568724556095 timed out. Retrying.
2019-09-17 12:49:28,233 [pool-7-thread-2] INFO  commands.RetriableDatanodeEventWatcher (RetriableDatanodeEventWatcher.java:onTimeout(47)) - RetriableDatanodeCommand type=deleteBlocksCommand with id=1568724556017 timed out. Retrying.
2019-09-17 12:49:28,237 [pool-7-thread-2] INFO  commands.RetriableDatanodeEventWatcher (RetriableDatanodeEventWatcher.java:onTimeout(47)) - RetriableDatanodeCommand type=deleteBlocksCommand with id=1568724556105 timed out. Retrying.
2019-09-17 12:49:28,321 [pool-7-thread-2] INFO  commands.RetriableDatanodeEventWatcher (SCMBlockDeletingService.java:call(138)) - Running DeletedBlockTransactionScanner
2019-09-17 12:49:28,324 [SCMBlockDeletingService#1] DEBUG block.SCMBlockDeletingService (RetriableDatanodeEventWatcher.java:onTimeout(47)) - RetriableDatanodeCommand type=deleteBlocksCommand with id=1568724556076 timed out. Retrying.
SCMBlockDeletingService.java:call(155)) - Scanned deleted blocks log and got 3 delTX to process.
2019-09-17 12:49:28,321 [pool-7-thread-2] INFO  commands.RetriableDatanodeEventWatcher (RetriableDatanodeEventWatcher.java:onTimeout(47)) - RetriableDatanodeCommand type=deleteBlocksCommand with id=1568724556076 timed out. Retrying.
2019-09-17 12:49:28,324 [SCMBlockDeletingService#1] DEBUG block.SCMBlockDeletingService (RetriableDatanodeEventWatcher.java:onTimeout(47)) - RetriableDatanodeCommand type=deleteBlocksCommand with id=1568724556115 timed out. Retrying.
SCMBlockDeletingService.java:call(171)) - Added delete block command for datanode cb20f782-9136-4144-a2ef-e44461d35697 in the queue, number of delete block transactions: 3, TxID list: 1,2,3
2019-09-17 12:49:28,324 [pool-7-thread-8] INFO  commands.RetriableDatanodeEventWatcher (RetriableDatanodeEventWatcher.java:onTimeout(47)) - RetriableDatanodeCommand type=deleteBlocksCommand with id=1568724556115 timed out. Retrying.
2019-09-17 12:49:28,325 [pool-7-thread-9] INFO  commands.RetriableDatanodeEventWatcher (RetriableDatanodeEventWatcher.java:onTimeout(47)) - RetriableDatanodeCommand type=deleteBlocksCommand with id=1568724556008 timed out. Retrying.
2019-09-17 12:49:28,326 [SCMBlockDeletingService#1] INFO  block.SCMBlockDeletingService (RetriableDatanodeEventWatcher.java:onTimeout(47)) - RetriableDatanodeCommand type=deleteBlocksCommand with id=1568724556027 timed out. Retrying.
SCMBlockDeletingService.java:call(182)) - Totally added 3 delete blocks command for 1 datanodes, task elapsed time: 5ms
2019-09-17 12:49:28,326 [pool-7-thread-2] INFO  commands.RetriableDatanodeEventWatcher (RetriableDatanodeEventWatcher.java:onTimeout(47)) - RetriableDatanodeCommand type=deleteBlocksCommand with id=1568724556027 timed out. Retrying.
2019-09-17 12:49:28,326 [pool-7-thread-7] INFO  commands.RetriableDatanodeEventWatcher (RetriableDatanodeEventWatcher.java:onTimeout(47)) - RetriableDatanodeCommand type=deleteBlocksCommand with id=1568724556096 timed out. Retrying.
2019-09-17 12:49:28,326 [pool-7-thread-6] INFO  commands.RetriableDatanodeEventWatcher (RetriableDatanodeEventWatcher.java:onTimeout(47)) - RetriableDatanodeCommand type=deleteBlocksCommand with id=1568724556057 timed out. Retrying.
2019-09-17 12:49:28,326 [pool-7-thread-5] INFO  commands.RetriableDatanodeEventWatcher (RetriableDatanodeEventWatcher.java:onTimeout(47)) - RetriableDatanodeCommand type=deleteBlocksCommand with id=1568724556037 timed out. Retrying.
2019-09-17 12:49:28,327 [pool-7-thread-1] INFO  commands.RetriableDatanodeEventWatcher (RetriableDatanodeEventWatcher.java:onTimeout(47)) - RetriableDatanodeCommand type=deleteBlocksCommand with id=1568724556086 timed out. Retrying.
2019-09-17 12:49:28,327 [pool-7-thread-4] INFO  commands.RetriableDatanodeEventWatcher (RetriableDatanodeEventWatcher.java:onTimeout(47)) - RetriableDatanodeCommand type=deleteBlocksCommand with id=1568724556047 timed out. Retrying.
2019-09-17 12:49:28,327 [pool-7-thread-3] INFO  commands.RetriableDatanodeEventWatcher (RetriableDatanodeEventWatcher.java:onTimeout(47)) - RetriableDatanodeCommand type=deleteBlocksCommand with id=1568724556067 timed out. Retrying.
2019-09-17 12:49:28,335 [pool-7-thread-3] INFO  commands.RetriableDatanodeEventWatcher (RetriableDatanodeEventWatcher.java:onTimeout(47)) - RetriableDatanodeCommand type=deleteBlocksCommand with id=1568724556018 timed out. Retrying.
2019-09-17 12:49:28,337 [pool-7-thread-3] INFO  commands.RetriableDatanodeEventWatcher (RetriableDatanodeEventWatcher.java:onTimeout(47)) - RetriableDatanodeCommand type=deleteBlocksCommand with id=1568724556106 timed out. Retrying.
2019-09-17 12:49:28,351 [pool-7-thread-3] INFO  commands.RetriableDatanodeEventWatcher (RetriableDatanodeEventWatcher.java:onTimeout(47)) - RetriableDatanodeCommand type=deleteBlocksCommand with id=1568724556116 timed out. Retrying.
2019-09-17 12:49:28,354 [pool-7-thread-3] INFO  commands.RetriableDatanodeEventWatcher (RetriableDatanodeEventWatcher.java:onTimeout(47)) - RetriableDatanodeCommand type=deleteBlocksCommand with id=1568724556028 timed out. Retrying.
2019-09-17 12:49:28,371 [pool-7-thread-3] INFO  commands.RetriableDatanodeEventWatcher (RetriableDatanodeEventWatcher.java:onTimeout(47)) - RetriableDatanodeCommand type=deleteBlocksCommand with id=1568724556038 timed out. Retrying.
2019-09-17 12:49:28,387 [pool-7-thread-3] INFO  commands.RetriableDatanodeEventWatcher (RetriableDatanodeEventWatcher.java:onTimeout(47)) - RetriableDatanodeCommand type=deleteBlocksCommand with id=1568724556048 timed out. Retrying.
2019-09-17 12:49:28,400 [pool-7-thread-3] INFO  commands.RetriableDatanodeEventWatcher (RetriableDatanodeEventWatcher.java:onTimeout(47)) - RetriableDatanodeCommand type=deleteBlocksCommand with id=1568724556077 timed out. Retrying.
2019-09-17 12:49:28,408 [pool-7-thread-3] INFO  commands.RetriableDatanodeEventWatcher (RetriableDatanodeEventWatcher.java:onTimeout(47)) - RetriableDatanodeCommand type=deleteBlocksCommand with id=1568724556058 timed out. Retrying.
2019-09-17 12:49:28,412 [pool-7-thread-3] INFO  commands.RetriableDatanodeEventWatcher (RetriableDatanodeEventWatcher.java:onTimeout(47)) - RetriableDatanodeCommand type=deleteBlocksCommand with id=1568724556087 timed out. Retrying.
2019-09-17 12:49:28,419 [pool-7-thread-3] INFO  commands.RetriableDatanodeEventWatcher (RetriableDatanodeEventWatcher.java:onTimeout(47)) - RetriableDatanodeCommand type=deleteBlocksCommand with id=1568724556009 timed out. Retrying.
2019-09-17 12:49:28,422 [pool-7-thread-3] INFO  commands.RetriableDatanodeEventWatcher (RetriableDatanodeEventWatcher.java:onTimeout(47)) - RetriableDatanodeCommand type=deleteBlocksCommand with id=1568724556068 timed out. Retrying.
2019-09-17 12:49:28,425 [pool-7-thread-3] INFO  commands.RetriableDatanodeEventWatcher (RetriableDatanodeEventWatcher.java:onTimeout(47)) - RetriableDatanodeCommand type=deleteBlocksCommand with id=1568724556097 timed out. Retrying.
2019-09-17 12:49:28,426 [SCMBlockDeletingService#1] DEBUG block.SCMBlockDeletingService (SCMBlockDeletingService.java:call(138)) - Running DeletedBlockTransactionScanner
2019-09-17 12:49:28,427 [SCMBlockDeletingService#1] DEBUG block.SCMBlockDeletingService (SCMBlockDeletingService.java:call(155)) - Scanned deleted blocks log and got 3 delTX to process.
2019-09-17 12:49:28,427 [SCMBlockDeletingService#1] DEBUG block.SCMBlockDeletingService (SCMBlockDeletingService.java:call(171)) - Added delete block command for datanode cb20f782-9136-4144-a2ef-e44461d35697 in the queue, number of delete block transactions: 3, TxID list: 1,2,3
2019-09-17 12:49:28,427 [SCMBlockDeletingService#1] INFO  block.SCMBlockDeletingService (SCMBlockDeletingService.java:call(182)) - Totally added 3 delete blocks command for 1 datanodes, task elapsed time: 2ms
2019-09-17 12:49:28,438 [pool-7-thread-3] INFO  commands.RetriableDatanodeEventWatcher (RetriableDatanodeEventWatcher.java:onTimeout(47)) - RetriableDatanodeCommand type=deleteBlocksCommand with id=1568724556019 timed out. Retrying.
2019-09-17 12:49:28,439 [pool-7-thread-3] INFO  commands.RetriableDatanodeEventWatcher (RetriableDatanodeEventWatcher.java:onTimeout(47)) - RetriableDatanodeCommand type=deleteBlocksCommand with id=1568724556107 timed out. Retrying.
2019-09-17 12:49:28,452 [pool-7-thread-3] INFO  commands.RetriableDatanodeEventWatcher (RetriableDatanodeEventWatcher.java:onTimeout(47)) - RetriableDatanodeCommand type=deleteBlocksCommand with id=1568724556117 timed out. Retrying.
2019-09-17 12:49:28,457 [pool-7-thread-3] INFO  commands.RetriableDatanodeEventWatcher (RetriableDatanodeEventWatcher.java:onTimeout(47)) - RetriableDatanodeCommand type=deleteBlocksCommand with id=1568724556029 timed out. Retrying.
2019-09-17 12:49:28,473 [pool-7-thread-3] INFO  commands.RetriableDatanodeEventWatcher (RetriableDatanodeEventWatcher.java:onTimeout(47)) - RetriableDatanodeCommand type=deleteBlocksCommand with id=1568724556039 timed out. Retrying.
2019-09-17 12:49:28,492 [pool-7-thread-3] INFO  commands.RetriableDatanodeEventWatcher (RetriableDatanodeEventWatcher.java:onTimeout(47)) - RetriableDatanodeCommand type=deleteBlocksCommand with id=1568724556049 timed out. Retrying.
2019-09-17 12:49:28,498 [pool-7-thread-3] INFO  commands.RetriableDatanodeEventWatcher (RetriableDatanodeEventWatcher.java:onTimeout(47)) - RetriableDatanodeCommand type=deleteBlocksCommand with id=1568724556078 timed out. Retrying.
2019-09-17 12:49:28,510 [pool-7-thread-3] INFO  commands.RetriableDatanodeEventWatcher (RetriableDatanodeEventWatcher.java:onTimeout(47)) - RetriableDatanodeCommand type=deleteBlocksCommand with id=1568724556059 timed out. Retrying.
2019-09-17 12:49:28,512 [pool-7-thread-3] INFO  commands.RetriableDatanodeEventWatcher (RetriableDatanodeEventWatcher.java:onTimeout(47)) - RetriableDatanodeCommand type=deleteBlocksCommand with id=1568724556088 timed out. Retrying.
2019-09-17 12:49:28,527 [pool-7-thread-3] INFO  commands.RetriableDatanodeEventWatcher (RetriableDatanodeEventWatcher.java:onTimeout(47)) - RetriableDatanodeCommand type=deleteBlocksCommand with id=1568724556069 timed out. Retrying.
2019-09-17 12:49:28,527 [pool-7-thread-1] INFO  commands.RetriableDatanodeEventWatcher (RetriableDatanodeEventWatcher.java:onTimeout(47)) - RetriableDatanodeCommand type=deleteBlocksCommand with id=1568724556010 timed out. Retrying.
2019-09-17 12:49:28,527 [pool-7-thread-4] INFO  commands.RetriableDatanodeEventWatcher (RetriableDatanodeEventWatcher.java:onTimeout(47)) - RetriableDatanodeCommand type=deleteBlocksCommand with id=1568724556098 timed out. Retrying.
2019-09-17 12:49:28,528 [SCMBlockDeletingService#1] DEBUG block.SCMBlockDeletingService (SCMBlockDeletingService.java:call(138)) - Running DeletedBlockTransactionScanner
2019-09-17 12:49:28,528 [SCMBlockDeletingService#1] DEBUG block.SCMBlockDeletingService (SCMBlockDeletingService.java:call(155)) - Scanned deleted blocks log and got 3 delTX to process.
2019-09-17 12:49:28,528 [SCMBlockDeletingService#1] DEBUG block.SCMBlockDeletingService (SCMBlockDeletingService.java:call(171)) - Added delete block command for datanode cb20f782-9136-4144-a2ef-e44461d35697 in the queue, number of delete block transactions: 3, TxID list: 1,2,3
2019-09-17 12:49:28,529 [SCMBlockDeletingService#1] INFO  block.SCMBlockDeletingService (SCMBlockDeletingService.java:call(182)) - Totally added 3 delete blocks command for 1 datanodes, task elapsed time: 1ms
2019-09-17 12:49:28,541 [pool-7-thread-4] INFO  commands.RetriableDatanodeEventWatcher (RetriableDatanodeEventWatcher.java:onTimeout(47)) - RetriableDatanodeCommand type=deleteBlocksCommand with id=1568724556108 timed out. Retrying.
2019-09-17 12:49:28,541 [pool-7-thread-1] INFO  commands.RetriableDatanodeEventWatcher (RetriableDatanodeEventWatcher.java:onTimeout(47)) - RetriableDatanodeCommand type=deleteBlocksCommand with id=1568724556020 timed out. Retrying.
2019-09-17 12:49:28,554 [pool-7-thread-1] INFO  commands.RetriableDatanodeEventWatcher (RetriableDatanodeEventWatcher.java:onTimeout(47)) - RetriableDatanodeCommand type=deleteBlocksCommand with id=1568724556118 timed out. Retrying.
2019-09-17 12:49:28,558 [pool-7-thread-1] INFO  commands.RetriableDatanodeEventWatcher (RetriableDatanodeEventWatcher.java:onTimeout(47)) - RetriableDatanodeCommand type=deleteBlocksCommand with id=1568724556030 timed out. Retrying.
2019-09-17 12:49:28,576 [pool-7-thread-1] INFO  commands.RetriableDatanodeEventWatcher (RetriableDatanodeEventWatcher.java:onTimeout(47)) - RetriableDatanodeCommand type=deleteBlocksCommand with id=1568724556040 timed out. Retrying.
2019-09-17 12:49:28,591 [pool-7-thread-1] INFO  commands.RetriableDatanodeEventWatcher (RetriableDatanodeEventWatcher.java:onTimeout(47)) - RetriableDatanodeCommand type=deleteBlocksCommand with id=1568724556050 timed out. Retrying.
2019-09-17 12:49:28,600 [pool-7-thread-1] INFO  commands.RetriableDatanodeEventWatcher (RetriableDatanodeEventWatcher.java:onTimeout(47)) - RetriableDatanodeCommand type=deleteBlocksCommand with id=1568724556079 timed out. Retrying.
2019-09-17 12:49:28,613 [pool-7-thread-1] INFO  commands.RetriableDatanodeEventWatcher (RetriableDatanodeEventWatcher.java:onTimeout(47)) - RetriableDatanodeCommand type=deleteBlocksCommand with id=1568724556089 timed out. Retrying.
2019-09-17 12:49:28,613 [pool-7-thread-4] INFO  commands.RetriableDatanodeEventWatcher (RetriableDatanodeEventWatcher.java:onTimeout(47)) - RetriableDatanodeCommand type=deleteBlocksCommand with id=1568724556060 timed out. Retrying.
2019-09-17 12:49:28,626 [pool-7-thread-1] INFO  commands.RetriableDatanodeEventWatcher (RetriableDatanodeEventWatcher.java:onTimeout(47)) - RetriableDatanodeCommand type=deleteBlocksCommand with id=1568724556011 timed out. Retrying.
2019-09-17 12:49:28,626 [pool-7-thread-4] INFO  commands.RetriableDatanodeEventWatcher (RetriableDatanodeEventWatcher.java:onTimeout(47)) - RetriableDatanodeCommand type=deleteBlocksCommand with id=1568724556070 timed out. Retrying.
2019-09-17 12:49:28,627 [pool-7-thread-4] INFO  commands.RetriableDatanodeEventWatcher (RetriableDatanodeEventWatcher.java:onTimeout(47)) - RetriableDatanodeCommand type=deleteBlocksCommand with id=1568724556099 timed out. Retrying.
2019-09-17 12:49:28,629 [SCMBlockDeletingService#1] DEBUG block.SCMBlockDeletingService (SCMBlockDeletingService.java:call(138)) - Running DeletedBlockTransactionScanner
2019-09-17 12:49:28,630 [SCMBlockDeletingService#1] DEBUG block.SCMBlockDeletingService (SCMBlockDeletingService.java:call(155)) - Scanned deleted blocks log and got 3 delTX to process.
2019-09-17 12:49:28,630 [SCMBlockDeletingService#1] DEBUG block.SCMBlockDeletingService (SCMBlockDeletingService.java:call(171)) - Added delete block command for datanode cb20f782-9136-4144-a2ef-e44461d35697 in the queue, number of delete block transactions: 3, TxID list: 1,2,3
2019-09-17 12:49:28,631 [SCMBlockDeletingService#1] INFO  block.SCMBlockDeletingService (SCMBlockDeletingService.java:call(182)) - Totally added 3 delete blocks command for 1 datanodes, task elapsed time: 1ms
2019-09-17 12:49:28,643 [pool-7-thread-1] INFO  commands.RetriableDatanodeEventWatcher (RetriableDatanodeEventWatcher.java:onTimeout(47)) - RetriableDatanodeCommand type=deleteBlocksCommand with id=1568724556021 timed out. Retrying.
2019-09-17 12:49:28,643 [pool-7-thread-4] INFO  commands.RetriableDatanodeEventWatcher (RetriableDatanodeEventWatcher.java:onTimeout(47)) - RetriableDatanodeCommand type=deleteBlocksCommand with id=1568724556109 timed out. Retrying.
2019-09-17 12:49:28,655 [pool-7-thread-4] INFO  commands.RetriableDatanodeEventWatcher (RetriableDatanodeEventWatcher.java:onTimeout(47)) - RetriableDatanodeCommand type=deleteBlocksCommand with id=1568724556119 timed out. Retrying.
2019-09-17 12:49:28,662 [pool-7-thread-4] INFO  commands.RetriableDatanodeEventWatcher (RetriableDatanodeEventWatcher.java:onTimeout(47)) - RetriableDatanodeCommand type=deleteBlocksCommand with id=1568724556031 timed out. Retrying.
2019-09-17 12:49:28,678 [pool-7-thread-4] INFO  commands.RetriableDatanodeEventWatcher (RetriableDatanodeEventWatcher.java:onTimeout(47)) - RetriableDatanodeCommand type=deleteBlocksCommand with id=1568724556041 timed out. Retrying.
2019-09-17 12:49:28,692 [pool-7-thread-4] INFO  commands.RetriableDatanodeEventWatcher (RetriableDatanodeEventWatcher.java:onTimeout(47)) - RetriableDatanodeCommand type=deleteBlocksCommand with id=1568724556051 timed out. Retrying.
2019-09-17 12:49:28,704 [pool-7-thread-4] INFO  commands.RetriableDatanodeEventWatcher (RetriableDatanodeEventWatcher.java:onTimeout(47)) - RetriableDatanodeCommand type=deleteBlocksCommand with id=1568724556080 timed out. Retrying.
2019-09-17 12:49:28,711 [pool-7-thread-4] INFO  commands.RetriableDatanodeEventWatcher (RetriableDatanodeEventWatcher.java:onTimeout(47)) - RetriableDatanodeCommand type=deleteBlocksCommand with id=1568724556061 timed out. Retrying.
2019-09-17 12:49:28,716 [pool-7-thread-4] INFO  commands.RetriableDatanodeEventWatcher (RetriableDatanodeEventWatcher.java:onTimeout(47)) - RetriableDatanodeCommand type=deleteBlocksCommand with id=1568724556090 timed out. Retrying.
2019-09-17 12:49:28,725 [pool-7-thread-4] INFO  commands.RetriableDatanodeEventWatcher (RetriableDatanodeEventWatcher.java:onTimeout(47)) - RetriableDatanodeCommand type=deleteBlocksCommand with id=1568724556012 timed out. Retrying.
2019-09-17 12:49:28,730 [pool-7-thread-4] INFO  commands.RetriableDatanodeEventWatcher (RetriableDatanodeEventWatcher.java:onTimeout(47)) - RetriableDatanodeCommand type=deleteBlocksCommand with id=1568724556071 timed out. Retrying.
2019-09-17 12:49:28,730 [pool-7-thread-1] INFO  commands.RetriableDatanodeEventWatcher (RetriableDatanodeEventWatcher.java:onTimeout(47)) - RetriableDatanodeCommand type=deleteBlocksCommand with id=1568724556100 timed out. Retrying.
2019-09-17 12:49:28,731 [SCMBlockDeletingService#1] DEBUG block.SCMBlockDeletingService (SCMBlockDeletingService.java:call(138)) - Running DeletedBlockTransactionScanner
2019-09-17 12:49:28,731 [SCMBlockDeletingService#1] DEBUG block.SCMBlockDeletingService (SCMBlockDeletingService.java:call(155)) - Scanned deleted blocks log and got 3 delTX to process.
2019-09-17 12:49:28,732 [SCMBlockDeletingService#1] DEBUG block.SCMBlockDeletingService (SCMBlockDeletingService.java:call(171)) - Added delete block command for datanode cb20f782-9136-4144-a2ef-e44461d35697 in the queue, number of delete block transactions: 3, TxID list: 1,2,3
2019-09-17 12:49:28,732 [SCMBlockDeletingService#1] INFO  block.SCMBlockDeletingService (SCMBlockDeletingService.java:call(182)) - Totally added 3 delete blocks command for 1 datanodes, task elapsed time: 1ms
2019-09-17 12:49:28,742 [pool-7-thread-1] INFO  commands.RetriableDatanodeEventWatcher (RetriableDatanodeEventWatcher.java:onTimeout(47)) - RetriableDatanodeCommand type=deleteBlocksCommand with id=1568724556022 timed out. Retrying.
2019-09-17 12:49:28,743 [pool-7-thread-1] INFO  commands.RetriableDatanodeEventWatcher (RetriableDatanodeEventWatcher.java:onTimeout(47)) - RetriableDatanodeCommand type=deleteBlocksCommand with id=1568724556110 timed out. Retrying.
2019-09-17 12:49:28,756 [pool-7-thread-1] INFO  commands.RetriableDatanodeEventWatcher (RetriableDatanodeEventWatcher.java:onTimeout(47)) - RetriableDatanodeCommand type=deleteBlocksCommand with id=1568724556120 timed out. Retrying.
2019-09-17 12:49:28,765 [pool-7-thread-1] INFO  commands.RetriableDatanodeEventWatcher (RetriableDatanodeEventWatcher.java:onTimeout(47)) - RetriableDatanodeCommand type=deleteBlocksCommand with id=1568724556032 timed out. Retrying.
2019-09-17 12:49:28,778 [pool-7-thread-1] INFO  commands.RetriableDatanodeEventWatcher (RetriableDatanodeEventWatcher.java:onTimeout(47)) - RetriableDatanodeCommand type=deleteBlocksCommand with id=1568724556042 timed out. Retrying.
2019-09-17 12:49:28,795 [pool-7-thread-1] INFO  commands.RetriableDatanodeEventWatcher (RetriableDatanodeEventWatcher.java:onTimeout(47)) - RetriableDatanodeCommand type=deleteBlocksCommand with id=1568724556052 timed out. Retrying.
2019-09-17 12:49:28,803 [pool-7-thread-1] INFO  commands.RetriableDatanodeEventWatcher (RetriableDatanodeEventWatcher.java:onTimeout(47)) - RetriableDatanodeCommand type=deleteBlocksCommand with id=1568724556081 timed out. Retrying.
2019-09-17 12:49:28,815 [pool-7-thread-1] INFO  commands.RetriableDatanodeEventWatcher (RetriableDatanodeEventWatcher.java:onTimeout(47)) - RetriableDatanodeCommand type=deleteBlocksCommand with id=1568724556062 timed out. Retrying.
2019-09-17 12:49:28,816 [pool-7-thread-1] INFO  commands.RetriableDatanodeEventWatcher (RetriableDatanodeEventWatcher.java:onTimeout(47)) - RetriableDatanodeCommand type=deleteBlocksCommand with id=1568724556091 timed out. Retrying.
2019-09-17 12:49:28,828 [main] INFO  ozone.MiniOzoneClusterImpl (MiniOzoneClusterImpl.java:lambda$waitForClusterToBeReady$0(145)) - Cluster is ready. Got 1 of 1 DN Heartbeats.
2019-09-17 12:49:28,882 [pool-7-thread-1] INFO  commands.RetriableDatanodeEventWatcher (SCMBlockDeletingService.java:call(138)) - Running DeletedBlockTransactionScanner
2019-09-17 12:49:28,882 [pool-7-thread-1] INFO  commands.RetriableDatanodeEventWatcher (RetriableDatanodeEventWatcher.java:onTimeout(47)) - RetriableDatanodeCommand type=deleteBlocksCommand with id=1568724556072 timed out. Retrying.
2019-09-17 12:49:28,882 [pool-7-thread-7] INFO  commands.RetriableDatanodeEventWatcher (RetriableDatanodeEventWatcher.java:onTimeout(47)) - RetriableDatanodeCommand type=deleteBlocksCommand with id=1568724556121 timed out. Retrying.
2019-09-17 12:49:28,882 [pool-7-thread-2] INFO  commands.RetriableDatanodeEventWatcher (SCMBlockDeletingService.java:call(155)) - Scanned deleted blocks log and got 3 delTX to process.
2019-09-17 12:49:28,882 [pool-7-thread-2] INFO  commands.RetriableDatanodeEventWatcher (RetriableDatanodeEventWatcher.java:onTimeout(47)) - RetriableDatanodeCommand type=deleteBlocksCommand with id=1568724556013 timed out. Retrying.
2019-09-17 12:49:28,883 [SCMBlockDeletingService#1] DEBUG block.SCMBlockDeletingService (RetriableDatanodeEventWatcher.java:onTimeout(47)) - RetriableDatanodeCommand type=deleteBlocksCommand with id=1568724556111 timed out. Retrying.
SCMBlockDeletingService.java:call(171)) - Added delete block command for datanode cb20f782-9136-4144-a2ef-e44461d35697 in the queue, number of delete block transactions: 3, TxID list: 1,2,3
2019-09-17 12:49:28,883 [pool-7-thread-5] INFO  commands.RetriableDatanodeEventWatcher (RetriableDatanodeEventWatcher.java:onTimeout(47)) - RetriableDatanodeCommand type=deleteBlocksCommand with id=1568724556111 timed out. Retrying.
2019-09-17 12:49:28,883 [pool-7-thread-9] INFO  commands.RetriableDatanodeEventWatcher (RetriableDatanodeEventWatcher.java:onTimeout(47)) - RetriableDatanodeCommand type=deleteBlocksCommand with id=1568724556023 timed out. Retrying.
2019-09-17 12:49:28,883 [pool-7-thread-4] INFO  commands.RetriableDatanodeEventWatcher (RetriableDatanodeEventWatcher.java:onTimeout(47)) - RetriableDatanodeCommand type=deleteBlocksCommand with id=1568724556043 timed out. Retrying.
SCMBlockDeletingService.java:call(182)) - Totally added 3 delete blocks command for 1 datanodes, task elapsed time: 1ms
2019-09-17 12:49:28,883 [pool-7-thread-4] INFO  commands.RetriableDatanodeEventWatcher (RetriableDatanodeEventWatcher.java:onTimeout(47)) - RetriableDatanodeCommand type=deleteBlocksCommand with id=1568724556043 timed out. Retrying.
2019-09-17 12:49:28,883 [pool-7-thread-6] INFO  commands.RetriableDatanodeEventWatcher (RetriableDatanodeEventWatcher.java:onTimeout(47)) - RetriableDatanodeCommand type=deleteBlocksCommand with id=1568724556101 timed out. Retrying.
2019-09-17 12:49:28,883 [pool-7-thread-3] INFO  commands.RetriableDatanodeEventWatcher (RetriableDatanodeEventWatcher.java:onTimeout(47)) - RetriableDatanodeCommand type=deleteBlocksCommand with id=1568724556033 timed out. Retrying.
2019-09-17 12:49:28,885 [Datanode State Machine Thread - 0] ERROR statemachine.EndpointStateMachine (EndpointStateMachine.java:logIfNeeded(204)) - Unable to communicate to SCM server at 0.0.0.0:40863 for past 0 seconds.
java.net.SocketTimeoutException: Call From pr-hdds-2142-clczg-3805722443/192.168.34.33 to 0.0.0.0:40863 failed on socket timeout exception: java.net.SocketTimeoutException: 1000 millis timeout while waiting for channel to be ready for read. ch : java.nio.channels.SocketChannel[connected local=/192.168.34.33:58722 remote=/0.0.0.0:40863]; For more details see:  http://wiki.apache.org/hadoop/SocketTimeout
	at sun.reflect.NativeConstructorAccessorImpl.newInstance0(Native Method)
	at sun.reflect.NativeConstructorAccessorImpl.newInstance(NativeConstructorAccessorImpl.java:62)
	at sun.reflect.DelegatingConstructorAccessorImpl.newInstance(DelegatingConstructorAccessorImpl.java:45)
	at java.lang.reflect.Constructor.newInstance(Constructor.java:423)
	at org.apache.hadoop.net.NetUtils.wrapWithMessage(NetUtils.java:831)
	at org.apache.hadoop.net.NetUtils.wrapException(NetUtils.java:775)
	at org.apache.hadoop.ipc.Client.getRpcResponse(Client.java:1515)
	at org.apache.hadoop.ipc.Client.call(Client.java:1457)
	at org.apache.hadoop.ipc.Client.call(Client.java:1367)
	at org.apache.hadoop.ipc.ProtobufRpcEngine$Invoker.invoke(ProtobufRpcEngine.java:228)
	at org.apache.hadoop.ipc.ProtobufRpcEngine$Invoker.invoke(ProtobufRpcEngine.java:116)
	at com.sun.proxy.$Proxy32.sendHeartbeat(Unknown Source)
	at org.apache.hadoop.ozone.protocolPB.StorageContainerDatanodeProtocolClientSideTranslatorPB.sendHeartbeat(StorageContainerDatanodeProtocolClientSideTranslatorPB.java:131)
	at org.apache.hadoop.ozone.container.common.states.endpoint.HeartbeatEndpointTask.call(HeartbeatEndpointTask.java:143)
	at org.apache.hadoop.ozone.container.common.states.endpoint.HeartbeatEndpointTask.call(HeartbeatEndpointTask.java:74)
	at java.util.concurrent.FutureTask.run(FutureTask.java:266)
	at java.util.concurrent.Executors$RunnableAdapter.call(Executors.java:511)
	at java.util.concurrent.FutureTask.run(FutureTask.java:266)
	at java.util.concurrent.ThreadPoolExecutor.runWorker(ThreadPoolExecutor.java:1149)
	at java.util.concurrent.ThreadPoolExecutor$Worker.run(ThreadPoolExecutor.java:624)
	at java.lang.Thread.run(Thread.java:748)
Caused by: java.net.SocketTimeoutException: 1000 millis timeout while waiting for channel to be ready for read. ch : java.nio.channels.SocketChannel[connected local=/192.168.34.33:58722 remote=/0.0.0.0:40863]
	at org.apache.hadoop.net.SocketIOWithTimeout.doIO(SocketIOWithTimeout.java:164)
	at org.apache.hadoop.net.SocketInputStream.read(SocketInputStream.java:161)
	at org.apache.hadoop.net.SocketInputStream.read(SocketInputStream.java:131)
	at java.io.FilterInputStream.read(FilterInputStream.java:133)
	at java.io.BufferedInputStream.fill(BufferedInputStream.java:246)
	at java.io.BufferedInputStream.read(BufferedInputStream.java:265)
	at java.io.FilterInputStream.read(FilterInputStream.java:83)
	at java.io.FilterInputStream.read(FilterInputStream.java:83)
	at org.apache.hadoop.ipc.Client$Connection$PingInputStream.read(Client.java:557)
	at java.io.DataInputStream.readInt(DataInputStream.java:387)
	at org.apache.hadoop.ipc.Client$IpcStreams.readResponse(Client.java:1816)
	at org.apache.hadoop.ipc.Client$Connection.receiveRpcResponse(Client.java:1173)
	at org.apache.hadoop.ipc.Client$Connection.run(Client.java:1069)
2019-09-17 12:49:28,898 [pool-7-thread-3] INFO  commands.RetriableDatanodeEventWatcher (RetriableDatanodeEventWatcher.java:onTimeout(47)) - RetriableDatanodeCommand type=deleteBlocksCommand with id=1568724556053 timed out. Retrying.
2019-09-17 12:49:28,899 [EventQueue-PendingDeleteStatusForPendingDeleteHandler] INFO  block.SCMBlockDeletingService (SCMBlockDeletingService.java:handlePendingDeletes(115)) - Block deletion txnID mismatch in datanode cb20f782-9136-4144-a2ef-e44461d35697 for containerID 1. Datanode delete txnID: 0, SCM txnID: 1
2019-09-17 12:49:28,900 [EventQueue-PendingDeleteStatusForPendingDeleteHandler] INFO  block.SCMBlockDeletingService (SCMBlockDeletingService.java:handlePendingDeletes(115)) - Block deletion txnID mismatch in datanode cb20f782-9136-4144-a2ef-e44461d35697 for containerID 2. Datanode delete txnID: 0, SCM txnID: 2
2019-09-17 12:49:28,900 [EventQueue-PendingDeleteStatusForPendingDeleteHandler] INFO  block.SCMBlockDeletingService (SCMBlockDeletingService.java:handlePendingDeletes(115)) - Block deletion txnID mismatch in datanode cb20f782-9136-4144-a2ef-e44461d35697 for containerID 3. Datanode delete txnID: 0, SCM txnID: 3
2019-09-17 12:49:28,905 [pool-7-thread-3] INFO  commands.RetriableDatanodeEventWatcher (RetriableDatanodeEventWatcher.java:onTimeout(47)) - RetriableDatanodeCommand type=deleteBlocksCommand with id=1568724556082 timed out. Retrying.
2019-09-17 12:49:28,915 [pool-7-thread-3] INFO  commands.RetriableDatanodeEventWatcher (RetriableDatanodeEventWatcher.java:onTimeout(47)) - RetriableDatanodeCommand type=deleteBlocksCommand with id=1568724556063 timed out. Retrying.
2019-09-17 12:49:28,918 [pool-7-thread-3] INFO  commands.RetriableDatanodeEventWatcher (RetriableDatanodeEventWatcher.java:onTimeout(47)) - RetriableDatanodeCommand type=deleteBlocksCommand with id=1568724556092 timed out. Retrying.
2019-09-17 12:49:28,928 [pool-7-thread-3] INFO  commands.RetriableDatanodeEventWatcher (RetriableDatanodeEventWatcher.java:onTimeout(47)) - RetriableDatanodeCommand type=deleteBlocksCommand with id=1568724556073 timed out. Retrying.
2019-09-17 12:49:28,928 [pool-7-thread-6] INFO  commands.RetriableDatanodeEventWatcher (RetriableDatanodeEventWatcher.java:onTimeout(47)) - RetriableDatanodeCommand type=deleteBlocksCommand with id=1568724556014 timed out. Retrying.
2019-09-17 12:49:28,932 [pool-7-thread-6] INFO  commands.RetriableDatanodeEventWatcher (RetriableDatanodeEventWatcher.java:onTimeout(47)) - RetriableDatanodeCommand type=deleteBlocksCommand with id=1568724556102 timed out. Retrying.
2019-09-17 12:49:28,968 [pool-7-thread-3] INFO  commands.RetriableDatanodeEventWatcher (RetriableDatanodeEventWatcher.java:onTimeout(47)) - RetriableDatanodeCommand type=deleteBlocksCommand with id=1568724556024 timed out. Retrying.
2019-09-17 12:49:28,969 [pool-7-thread-6] INFO  commands.RetriableDatanodeEventWatcher (RetriableDatanodeEventWatcher.java:onTimeout(47)) - RetriableDatanodeCommand type=deleteBlocksCommand with id=1568724556112 timed out. Retrying.
2019-09-17 12:49:28,970 [pool-7-thread-6] INFO  commands.RetriableDatanodeEventWatcher (RetriableDatanodeEventWatcher.java:onTimeout(47)) - RetriableDatanodeCommand type=deleteBlocksCommand with id=1568724556034 timed out. Retrying.
2019-09-17 12:49:28,970 [pool-7-thread-3] INFO  commands.RetriableDatanodeEventWatcher (RetriableDatanodeEventWatcher.java:onTimeout(47)) - RetriableDatanodeCommand type=deleteBlocksCommand with id=1568724556122 timed out. Retrying.
2019-09-17 12:49:28,983 [pool-7-thread-3] INFO  commands.RetriableDatanodeEventWatcher (RetriableDatanodeEventWatcher.java:onTimeout(47)) - RetriableDatanodeCommand type=deleteBlocksCommand with id=1568724556044 timed out. Retrying.
2019-09-17 12:49:28,983 [SCMBlockDeletingService#1] DEBUG block.SCMBlockDeletingService (SCMBlockDeletingService.java:call(138)) - Running DeletedBlockTransactionScanner
2019-09-17 12:49:28,984 [SCMBlockDeletingService#1] DEBUG block.SCMBlockDeletingService (SCMBlockDeletingService.java:call(155)) - Scanned deleted blocks log and got 3 delTX to process.
2019-09-17 12:49:28,984 [SCMBlockDeletingService#1] DEBUG block.SCMBlockDeletingService (SCMBlockDeletingService.java:call(171)) - Added delete block command for datanode cb20f782-9136-4144-a2ef-e44461d35697 in the queue, number of delete block transactions: 3, TxID list: 1,2,3
2019-09-17 12:49:28,985 [SCMBlockDeletingService#1] INFO  block.SCMBlockDeletingService (SCMBlockDeletingService.java:call(182)) - Totally added 3 delete blocks command for 1 datanodes, task elapsed time: 1ms
2019-09-17 12:49:28,995 [pool-7-thread-3] INFO  commands.RetriableDatanodeEventWatcher (RetriableDatanodeEventWatcher.java:onTimeout(47)) - RetriableDatanodeCommand type=deleteBlocksCommand with id=1568724556054 timed out. Retrying.
2019-09-17 12:49:29,050 [pool-7-thread-3] INFO  commands.RetriableDatanodeEventWatcher (RetriableDatanodeEventWatcher.java:onTimeout(47)) - RetriableDatanodeCommand type=deleteBlocksCommand with id=1568724556064 timed out. Retrying.
2019-09-17 12:49:29,050 [pool-7-thread-2] INFO  commands.RetriableDatanodeEventWatcher (RetriableDatanodeEventWatcher.java:onTimeout(47)) - RetriableDatanodeCommand type=deleteBlocksCommand with id=1568724556015 timed out. Retrying.
2019-09-17 12:49:29,050 [pool-7-thread-7] INFO  commands.RetriableDatanodeEventWatcher (RetriableDatanodeEventWatcher.java:onTimeout(47)) - RetriableDatanodeCommand type=deleteBlocksCommand with id=1568724556005 timed out. Retrying.
2019-09-17 12:49:29,051 [pool-7-thread-5] INFO  commands.RetriableDatanodeEventWatcher (RetriableDatanodeEventWatcher.java:onTimeout(47)) - RetriableDatanodeCommand type=deleteBlocksCommand with id=1568724556113 timed out. Retrying.
2019-09-17 12:49:29,051 [pool-7-thread-9] INFO  commands.RetriableDatanodeEventWatcher (RetriableDatanodeEventWatcher.java:onTimeout(47)) - RetriableDatanodeCommand type=deleteBlocksCommand with id=1568724556103 timed out. Retrying.
2019-09-17 12:49:29,051 [pool-7-thread-4] INFO  commands.RetriableDatanodeEventWatcher (RetriableDatanodeEventWatcher.java:onTimeout(47)) - RetriableDatanodeCommand type=deleteBlocksCommand with id=1568724556083 timed out. Retrying.
2019-09-17 12:49:29,051 [pool-7-thread-6] INFO  commands.RetriableDatanodeEventWatcher (RetriableDatanodeEventWatcher.java:onTimeout(47)) - RetriableDatanodeCommand type=deleteBlocksCommand with id=1568724556093 timed out. Retrying.
2019-09-17 12:49:29,051 [pool-7-thread-9] INFO  commands.RetriableDatanodeEventWatcher (RetriableDatanodeEventWatcher.java:onTimeout(47)) - RetriableDatanodeCommand type=deleteBlocksCommand with id=1568724556025 timed out. Retrying.
2019-09-17 12:49:29,066 [pool-7-thread-9] INFO  commands.RetriableDatanodeEventWatcher (RetriableDatanodeEventWatcher.java:onTimeout(47)) - RetriableDatanodeCommand type=deleteBlocksCommand with id=1568724556035 timed out. Retrying.
2019-09-17 12:49:29,072 [pool-7-thread-9] INFO  commands.RetriableDatanodeEventWatcher (RetriableDatanodeEventWatcher.java:onTimeout(47)) - RetriableDatanodeCommand type=deleteBlocksCommand with id=1568724556123 timed out. Retrying.
2019-09-17 12:49:29,083 [IPC Server handler 4 on 40863] WARN  ipc.Server (Server.java:setupResponse(2950)) - Large response size 4162358 for call Call#1965 Retry#0 org.apache.hadoop.ozone.protocol.StorageContainerDatanodeProtocol.sendHeartbeat from 192.168.34.33:58722
2019-09-17 12:49:29,083 [IPC Server handler 4 on 40863] WARN  ipc.Server (Server.java:processResponse(1523)) - IPC Server handler 4 on 40863, call Call#1965 Retry#0 org.apache.hadoop.ozone.protocol.StorageContainerDatanodeProtocol.sendHeartbeat from 192.168.34.33:58722: output error
2019-09-17 12:49:29,083 [IPC Server handler 4 on 40863] INFO  ipc.Server (Server.java:run(2695)) - IPC Server handler 4 on 40863 caught an exception
java.nio.channels.ClosedChannelException
	at sun.nio.ch.SocketChannelImpl.ensureWriteOpen(SocketChannelImpl.java:270)
	at sun.nio.ch.SocketChannelImpl.write(SocketChannelImpl.java:461)
	at org.apache.hadoop.ipc.Server.channelIO(Server.java:3298)
	at org.apache.hadoop.ipc.Server.channelWrite(Server.java:3250)
	at org.apache.hadoop.ipc.Server.access$1700(Server.java:137)
	at org.apache.hadoop.ipc.Server$Responder.processResponse(Server.java:1473)
	at org.apache.hadoop.ipc.Server$Responder.doRespond(Server.java:1543)
	at org.apache.hadoop.ipc.Server$Connection.sendResponse(Server.java:2593)
	at org.apache.hadoop.ipc.Server$Connection.access$300(Server.java:1615)
	at org.apache.hadoop.ipc.Server$RpcCall.doResponse(Server.java:940)
	at org.apache.hadoop.ipc.Server$Call.sendResponse(Server.java:774)
	at org.apache.hadoop.ipc.Server$RpcCall.run(Server.java:885)
	at org.apache.hadoop.ipc.Server$RpcCall.run(Server.java:822)
	at java.security.AccessController.doPrivileged(Native Method)
	at javax.security.auth.Subject.doAs(Subject.java:422)
	at org.apache.hadoop.security.UserGroupInformation.doAs(UserGroupInformation.java:1730)
	at org.apache.hadoop.ipc.Server$Handler.run(Server.java:2682)
2019-09-17 12:49:29,085 [SCMBlockDeletingService#1] DEBUG block.SCMBlockDeletingService (SCMBlockDeletingService.java:call(138)) - Running DeletedBlockTransactionScanner
2019-09-17 12:49:29,086 [SCMBlockDeletingService#1] DEBUG block.SCMBlockDeletingService (SCMBlockDeletingService.java:call(155)) - Scanned deleted blocks log and got 3 delTX to process.
2019-09-17 12:49:29,086 [SCMBlockDeletingService#1] DEBUG block.SCMBlockDeletingService (SCMBlockDeletingService.java:call(171)) - Added delete block command for datanode cb20f782-9136-4144-a2ef-e44461d35697 in the queue, number of delete block transactions: 3, TxID list: 1,2,3
2019-09-17 12:49:29,087 [SCMBlockDeletingService#1] INFO  block.SCMBlockDeletingService (SCMBlockDeletingService.java:call(182)) - Totally added 3 delete blocks command for 1 datanodes, task elapsed time: 2ms
2019-09-17 12:49:29,087 [pool-7-thread-9] INFO  commands.RetriableDatanodeEventWatcher (RetriableDatanodeEventWatcher.java:onTimeout(47)) - RetriableDatanodeCommand type=deleteBlocksCommand with id=1568724556045 timed out. Retrying.
2019-09-17 12:49:29,095 [pool-7-thread-9] INFO  commands.RetriableDatanodeEventWatcher (RetriableDatanodeEventWatcher.java:onTimeout(47)) - RetriableDatanodeCommand type=deleteBlocksCommand with id=1568724556074 timed out. Retrying.
2019-09-17 12:49:29,101 [pool-7-thread-9] INFO  commands.RetriableDatanodeEventWatcher (RetriableDatanodeEventWatcher.java:onTimeout(47)) - RetriableDatanodeCommand type=deleteBlocksCommand with id=1568724556055 timed out. Retrying.
2019-09-17 12:49:29,110 [pool-7-thread-9] INFO  commands.RetriableDatanodeEventWatcher (RetriableDatanodeEventWatcher.java:onTimeout(47)) - RetriableDatanodeCommand type=deleteBlocksCommand with id=1568724556084 timed out. Retrying.
2019-09-17 12:49:29,114 [pool-7-thread-9] INFO  commands.RetriableDatanodeEventWatcher (RetriableDatanodeEventWatcher.java:onTimeout(47)) - RetriableDatanodeCommand type=deleteBlocksCommand with id=1568724556006 timed out. Retrying.
2019-09-17 12:49:29,120 [pool-7-thread-9] INFO  commands.RetriableDatanodeEventWatcher (RetriableDatanodeEventWatcher.java:onTimeout(47)) - RetriableDatanodeCommand type=deleteBlocksCommand with id=1568724556065 timed out. Retrying.
2019-09-17 12:49:29,120 [pool-7-thread-6] INFO  commands.RetriableDatanodeEventWatcher (RetriableDatanodeEventWatcher.java:onTimeout(47)) - RetriableDatanodeCommand type=deleteBlocksCommand with id=1568724556094 timed out. Retrying.
2019-09-17 12:49:29,137 [pool-7-thread-6] INFO  commands.RetriableDatanodeEventWatcher (RetriableDatanodeEventWatcher.java:onTimeout(47)) - RetriableDatanodeCommand type=deleteBlocksCommand with id=1568724556104 timed out. Retrying.
2019-09-17 12:49:29,137 [pool-7-thread-9] INFO  commands.RetriableDatanodeEventWatcher (RetriableDatanodeEventWatcher.java:onTimeout(47)) - RetriableDatanodeCommand type=deleteBlocksCommand with id=1568724556016 timed out. Retrying.
2019-09-17 12:49:29,150 [pool-7-thread-9] INFO  commands.RetriableDatanodeEventWatcher (RetriableDatanodeEventWatcher.java:onTimeout(47)) - RetriableDatanodeCommand type=deleteBlocksCommand with id=1568724556114 timed out. Retrying.
2019-09-17 12:49:29,150 [pool-7-thread-6] INFO  commands.RetriableDatanodeEventWatcher (RetriableDatanodeEventWatcher.java:onTimeout(47)) - RetriableDatanodeCommand type=deleteBlocksCommand with id=1568724556026 timed out. Retrying.
2019-09-17 12:49:29,170 [pool-7-thread-6] INFO  commands.RetriableDatanodeEventWatcher (RetriableDatanodeEventWatcher.java:onTimeout(47)) - RetriableDatanodeCommand type=deleteBlocksCommand with id=1568724556036 timed out. Retrying.
2019-09-17 12:49:29,173 [pool-7-thread-6] INFO  commands.RetriableDatanodeEventWatcher (RetriableDatanodeEventWatcher.java:onTimeout(47)) - RetriableDatanodeCommand type=deleteBlocksCommand with id=1568724556124 timed out. Retrying.
2019-09-17 12:49:29,176 [EventQueue-PendingDeleteStatusForPendingDeleteHandler] INFO  block.SCMBlockDeletingService (SCMBlockDeletingService.java:handlePendingDeletes(115)) - Block deletion txnID mismatch in datanode cb20f782-9136-4144-a2ef-e44461d35697 for containerID 1. Datanode delete txnID: 0, SCM txnID: 1
2019-09-17 12:49:29,176 [EventQueue-PendingDeleteStatusForPendingDeleteHandler] INFO  block.SCMBlockDeletingService (SCMBlockDeletingService.java:handlePendingDeletes(115)) - Block deletion txnID mismatch in datanode cb20f782-9136-4144-a2ef-e44461d35697 for containerID 2. Datanode delete txnID: 0, SCM txnID: 2
2019-09-17 12:49:29,176 [EventQueue-PendingDeleteStatusForPendingDeleteHandler] INFO  block.SCMBlockDeletingService (SCMBlockDeletingService.java:handlePendingDeletes(115)) - Block deletion txnID mismatch in datanode cb20f782-9136-4144-a2ef-e44461d35697 for containerID 3. Datanode delete txnID: 0, SCM txnID: 3
2019-09-17 12:49:29,185 [pool-7-thread-6] INFO  commands.RetriableDatanodeEventWatcher (RetriableDatanodeEventWatcher.java:onTimeout(47)) - RetriableDatanodeCommand type=deleteBlocksCommand with id=1568724556046 timed out. Retrying.
2019-09-17 12:49:29,187 [SCMBlockDeletingService#1] DEBUG block.SCMBlockDeletingService (SCMBlockDeletingService.java:call(138)) - Running DeletedBlockTransactionScanner
2019-09-17 12:49:29,188 [SCMBlockDeletingService#1] DEBUG block.SCMBlockDeletingService (SCMBlockDeletingService.java:call(155)) - Scanned deleted blocks log and got 3 delTX to process.
2019-09-17 12:49:29,188 [SCMBlockDeletingService#1] DEBUG block.SCMBlockDeletingService (SCMBlockDeletingService.java:call(171)) - Added delete block command for datanode cb20f782-9136-4144-a2ef-e44461d35697 in the queue, number of delete block transactions: 3, TxID list: 1,2,3
2019-09-17 12:49:29,189 [SCMBlockDeletingService#1] INFO  block.SCMBlockDeletingService (SCMBlockDeletingService.java:call(182)) - Totally added 3 delete blocks command for 1 datanodes, task elapsed time: 1ms
2019-09-17 12:49:29,198 [pool-7-thread-6] INFO  commands.RetriableDatanodeEventWatcher (RetriableDatanodeEventWatcher.java:onTimeout(47)) - RetriableDatanodeCommand type=deleteBlocksCommand with id=1568724556075 timed out. Retrying.
2019-09-17 12:49:29,204 [pool-7-thread-6] INFO  commands.RetriableDatanodeEventWatcher (RetriableDatanodeEventWatcher.java:onTimeout(47)) - RetriableDatanodeCommand type=deleteBlocksCommand with id=1568724556056 timed out. Retrying.
2019-09-17 12:49:29,209 [pool-7-thread-6] INFO  commands.RetriableDatanodeEventWatcher (RetriableDatanodeEventWatcher.java:onTimeout(47)) - RetriableDatanodeCommand type=deleteBlocksCommand with id=1568724556085 timed out. Retrying.
2019-09-17 12:49:29,219 [pool-7-thread-6] INFO  commands.RetriableDatanodeEventWatcher (RetriableDatanodeEventWatcher.java:onTimeout(47)) - RetriableDatanodeCommand type=deleteBlocksCommand with id=1568724556066 timed out. Retrying.
2019-09-17 12:49:29,219 [pool-7-thread-9] INFO  commands.RetriableDatanodeEventWatcher (RetriableDatanodeEventWatcher.java:onTimeout(47)) - RetriableDatanodeCommand type=deleteBlocksCommand with id=1568724556007 timed out. Retrying.
2019-09-17 12:49:29,224 [pool-7-thread-9] INFO  commands.RetriableDatanodeEventWatcher (RetriableDatanodeEventWatcher.java:onTimeout(47)) - RetriableDatanodeCommand type=deleteBlocksCommand with id=1568724556095 timed out. Retrying.
2019-09-17 12:49:29,233 [pool-7-thread-9] INFO  commands.RetriableDatanodeEventWatcher (RetriableDatanodeEventWatcher.java:onTimeout(47)) - RetriableDatanodeCommand type=deleteBlocksCommand with id=1568724556017 timed out. Retrying.
2019-09-17 12:49:29,238 [pool-7-thread-9] INFO  commands.RetriableDatanodeEventWatcher (RetriableDatanodeEventWatcher.java:onTimeout(47)) - RetriableDatanodeCommand type=deleteBlocksCommand with id=1568724556105 timed out. Retrying.
2019-09-17 12:49:29,289 [SCMBlockDeletingService#1] DEBUG block.SCMBlockDeletingService (SCMBlockDeletingService.java:call(138)) - Running DeletedBlockTransactionScanner
2019-09-17 12:49:29,289 [SCMBlockDeletingService#1] DEBUG block.SCMBlockDeletingService (SCMBlockDeletingService.java:call(155)) - Scanned deleted blocks log and got 3 delTX to process.
2019-09-17 12:49:29,290 [SCMBlockDeletingService#1] DEBUG block.SCMBlockDeletingService (SCMBlockDeletingService.java:call(171)) - Added delete block command for datanode cb20f782-9136-4144-a2ef-e44461d35697 in the queue, number of delete block transactions: 3, TxID list: 1,2,3
2019-09-17 12:49:29,290 [SCMBlockDeletingService#1] INFO  block.SCMBlockDeletingService (SCMBlockDeletingService.java:call(182)) - Totally added 3 delete blocks command for 1 datanodes, task elapsed time: 0ms
2019-09-17 12:49:29,326 [pool-7-thread-9] INFO  commands.RetriableDatanodeEventWatcher (RetriableDatanodeEventWatcher.java:onTimeout(47)) - RetriableDatanodeCommand type=deleteBlocksCommand with id=1568724556125 timed out. Retrying.
2019-09-17 12:49:29,327 [pool-7-thread-9] INFO  commands.RetriableDatanodeEventWatcher (RetriableDatanodeEventWatcher.java:onTimeout(47)) - RetriableDatanodeCommand type=deleteBlocksCommand with id=1568724556076 timed out. Retrying.
2019-09-17 12:49:29,328 [pool-7-thread-1] INFO  commands.RetriableDatanodeEventWatcher (RetriableDatanodeEventWatcher.java:onTimeout(47)) - RetriableDatanodeCommand type=deleteBlocksCommand with id=1568724556115 timed out. Retrying.
2019-09-17 12:49:29,328 [pool-7-thread-10] INFO  commands.RetriableDatanodeEventWatcher (RetriableDatanodeEventWatcher.java:onTimeout(47)) - RetriableDatanodeCommand type=deleteBlocksCommand with id=1568724556027 timed out. Retrying.
2019-09-17 12:49:29,328 [pool-7-thread-5] INFO  commands.RetriableDatanodeEventWatcher (RetriableDatanodeEventWatcher.java:onTimeout(47)) - RetriableDatanodeCommand type=deleteBlocksCommand with id=1568724556047 timed out. Retrying.
2019-09-17 12:49:29,328 [pool-7-thread-8] INFO  commands.RetriableDatanodeEventWatcher (RetriableDatanodeEventWatcher.java:onTimeout(47)) - RetriableDatanodeCommand type=deleteBlocksCommand with id=1568724556008 timed out. Retrying.
2019-09-17 12:49:29,328 [pool-7-thread-3] INFO  commands.RetriableDatanodeEventWatcher (RetriableDatanodeEventWatcher.java:onTimeout(47)) - RetriableDatanodeCommand type=deleteBlocksCommand with id=1568724556096 timed out. Retrying.
2019-09-17 12:49:29,329 [pool-7-thread-6] INFO  commands.RetriableDatanodeEventWatcher (RetriableDatanodeEventWatcher.java:onTimeout(47)) - RetriableDatanodeCommand type=deleteBlocksCommand with id=1568724556067 timed out. Retrying.
2019-09-17 12:49:29,329 [pool-7-thread-2] INFO  commands.RetriableDatanodeEventWatcher (RetriableDatanodeEventWatcher.java:onTimeout(47)) - RetriableDatanodeCommand type=deleteBlocksCommand with id=1568724556057 timed out. Retrying.
2019-09-17 12:49:29,329 [pool-7-thread-7] INFO  commands.RetriableDatanodeEventWatcher (RetriableDatanodeEventWatcher.java:onTimeout(47)) - RetriableDatanodeCommand type=deleteBlocksCommand with id=1568724556037 timed out. Retrying.
2019-09-17 12:49:29,329 [pool-7-thread-4] INFO  commands.RetriableDatanodeEventWatcher (RetriableDatanodeEventWatcher.java:onTimeout(47)) - RetriableDatanodeCommand type=deleteBlocksCommand with id=1568724556086 timed out. Retrying.
2019-09-17 12:49:29,336 [pool-7-thread-4] INFO  commands.RetriableDatanodeEventWatcher (RetriableDatanodeEventWatcher.java:onTimeout(47)) - RetriableDatanodeCommand type=deleteBlocksCommand with id=1568724556018 timed out. Retrying.
2019-09-17 12:49:29,336 [pool-7-thread-4] INFO  commands.RetriableDatanodeEventWatcher (RetriableDatanodeEventWatcher.java:onTimeout(47)) - RetriableDatanodeCommand type=deleteBlocksCommand with id=1568724556106 timed out. Retrying.
2019-09-17 12:49:29,352 [pool-7-thread-4] INFO  commands.RetriableDatanodeEventWatcher (RetriableDatanodeEventWatcher.java:onTimeout(47)) - RetriableDatanodeCommand type=deleteBlocksCommand with id=1568724556116 timed out. Retrying.
2019-09-17 12:49:29,354 [pool-7-thread-4] INFO  commands.RetriableDatanodeEventWatcher (RetriableDatanodeEventWatcher.java:onTimeout(47)) - RetriableDatanodeCommand type=deleteBlocksCommand with id=1568724556028 timed out. Retrying.
2019-09-17 12:49:29,371 [pool-7-thread-4] INFO  commands.RetriableDatanodeEventWatcher (RetriableDatanodeEventWatcher.java:onTimeout(47)) - RetriableDatanodeCommand type=deleteBlocksCommand with id=1568724556038 timed out. Retrying.
2019-09-17 12:49:29,387 [pool-7-thread-4] INFO  commands.RetriableDatanodeEventWatcher (RetriableDatanodeEventWatcher.java:onTimeout(47)) - RetriableDatanodeCommand type=deleteBlocksCommand with id=1568724556048 timed out. Retrying.
2019-09-17 12:49:29,390 [SCMBlockDeletingService#1] DEBUG block.SCMBlockDeletingService (SCMBlockDeletingService.java:call(138)) - Running DeletedBlockTransactionScanner
2019-09-17 12:49:29,391 [SCMBlockDeletingService#1] DEBUG block.SCMBlockDeletingService (SCMBlockDeletingService.java:call(155)) - Scanned deleted blocks log and got 3 delTX to process.
2019-09-17 12:49:29,391 [SCMBlockDeletingService#1] DEBUG block.SCMBlockDeletingService (SCMBlockDeletingService.java:call(171)) - Added delete block command for datanode cb20f782-9136-4144-a2ef-e44461d35697 in the queue, number of delete block transactions: 3, TxID list: 1,2,3
2019-09-17 12:49:29,391 [SCMBlockDeletingService#1] INFO  block.SCMBlockDeletingService (SCMBlockDeletingService.java:call(182)) - Totally added 3 delete blocks command for 1 datanodes, task elapsed time: 1ms
2019-09-17 12:49:29,400 [pool-7-thread-4] INFO  commands.RetriableDatanodeEventWatcher (RetriableDatanodeEventWatcher.java:onTimeout(47)) - RetriableDatanodeCommand type=deleteBlocksCommand with id=1568724556077 timed out. Retrying.
2019-09-17 12:49:29,408 [pool-7-thread-4] INFO  commands.RetriableDatanodeEventWatcher (RetriableDatanodeEventWatcher.java:onTimeout(47)) - RetriableDatanodeCommand type=deleteBlocksCommand with id=1568724556058 timed out. Retrying.
2019-09-17 12:49:29,413 [pool-7-thread-4] INFO  commands.RetriableDatanodeEventWatcher (RetriableDatanodeEventWatcher.java:onTimeout(47)) - RetriableDatanodeCommand type=deleteBlocksCommand with id=1568724556087 timed out. Retrying.
2019-09-17 12:49:29,420 [pool-7-thread-4] INFO  commands.RetriableDatanodeEventWatcher (RetriableDatanodeEventWatcher.java:onTimeout(47)) - RetriableDatanodeCommand type=deleteBlocksCommand with id=1568724556009 timed out. Retrying.
2019-09-17 12:49:29,423 [pool-7-thread-4] INFO  commands.RetriableDatanodeEventWatcher (RetriableDatanodeEventWatcher.java:onTimeout(47)) - RetriableDatanodeCommand type=deleteBlocksCommand with id=1568724556068 timed out. Retrying.
2019-09-17 12:49:29,425 [pool-7-thread-4] INFO  commands.RetriableDatanodeEventWatcher (RetriableDatanodeEventWatcher.java:onTimeout(47)) - RetriableDatanodeCommand type=deleteBlocksCommand with id=1568724556097 timed out. Retrying.
2019-09-17 12:49:29,426 [pool-7-thread-4] INFO  commands.RetriableDatanodeEventWatcher (RetriableDatanodeEventWatcher.java:onTimeout(47)) - RetriableDatanodeCommand type=deleteBlocksCommand with id=1568724556126 timed out. Retrying.
2019-09-17 12:49:29,429 [Thread-4614] INFO  impl.FollowerState (FollowerState.java:run(106)) - cb20f782-9136-4144-a2ef-e44461d35697:group-EF222054BC57 changes to CANDIDATE, lastRpcTime:5180, electionTimeout:5180ms
2019-09-17 12:49:29,430 [Thread-4614] INFO  impl.RoleInfo (RoleInfo.java:shutdownFollowerState(121)) - cb20f782-9136-4144-a2ef-e44461d35697: shutdown FollowerState
2019-09-17 12:49:29,431 [Thread-4614] INFO  impl.RaftServerImpl (RaftServerImpl.java:setRole(174)) - cb20f782-9136-4144-a2ef-e44461d35697@group-EF222054BC57: changes role from  FOLLOWER to CANDIDATE at term 1 for changeToCandidate
2019-09-17 12:49:29,431 [Thread-4614] INFO  impl.RoleInfo (RoleInfo.java:updateAndGet(143)) - cb20f782-9136-4144-a2ef-e44461d35697: start LeaderElection
2019-09-17 12:49:29,439 [pool-7-thread-4] INFO  commands.RetriableDatanodeEventWatcher (RetriableDatanodeEventWatcher.java:onTimeout(47)) - RetriableDatanodeCommand type=deleteBlocksCommand with id=1568724556107 timed out. Retrying.
2019-09-17 12:49:29,439 [pool-7-thread-7] INFO  commands.RetriableDatanodeEventWatcher (RetriableDatanodeEventWatcher.java:onTimeout(47)) - RetriableDatanodeCommand type=deleteBlocksCommand with id=1568724556019 timed out. Retrying.
2019-09-17 12:49:29,453 [pool-7-thread-7] INFO  commands.RetriableDatanodeEventWatcher (RetriableDatanodeEventWatcher.java:onTimeout(47)) - RetriableDatanodeCommand type=deleteBlocksCommand with id=1568724556117 timed out. Retrying.
2019-09-17 12:49:29,457 [pool-7-thread-7] INFO  commands.RetriableDatanodeEventWatcher (RetriableDatanodeEventWatcher.java:onTimeout(47)) - RetriableDatanodeCommand type=deleteBlocksCommand with id=1568724556029 timed out. Retrying.
2019-09-17 12:49:29,474 [pool-7-thread-7] INFO  commands.RetriableDatanodeEventWatcher (RetriableDatanodeEventWatcher.java:onTimeout(47)) - RetriableDatanodeCommand type=deleteBlocksCommand with id=1568724556039 timed out. Retrying.
2019-09-17 12:49:29,485 [EventQueue-PendingDeleteStatusForPendingDeleteHandler] INFO  block.SCMBlockDeletingService (SCMBlockDeletingService.java:handlePendingDeletes(115)) - Block deletion txnID mismatch in datanode cb20f782-9136-4144-a2ef-e44461d35697 for containerID 1. Datanode delete txnID: 0, SCM txnID: 1
2019-09-17 12:49:29,485 [EventQueue-PendingDeleteStatusForPendingDeleteHandler] INFO  block.SCMBlockDeletingService (SCMBlockDeletingService.java:handlePendingDeletes(115)) - Block deletion txnID mismatch in datanode cb20f782-9136-4144-a2ef-e44461d35697 for containerID 2. Datanode delete txnID: 0, SCM txnID: 2
2019-09-17 12:49:29,485 [EventQueue-PendingDeleteStatusForPendingDeleteHandler] INFO  block.SCMBlockDeletingService (SCMBlockDeletingService.java:handlePendingDeletes(115)) - Block deletion txnID mismatch in datanode cb20f782-9136-4144-a2ef-e44461d35697 for containerID 3. Datanode delete txnID: 0, SCM txnID: 3
2019-09-17 12:49:29,492 [SCMBlockDeletingService#1] DEBUG block.SCMBlockDeletingService (SCMBlockDeletingService.java:call(138)) - Running DeletedBlockTransactionScanner
2019-09-17 12:49:29,492 [SCMBlockDeletingService#1] DEBUG block.SCMBlockDeletingService (SCMBlockDeletingService.java:call(155)) - Scanned deleted blocks log and got 3 delTX to process.
2019-09-17 12:49:29,492 [pool-7-thread-7] INFO  commands.RetriableDatanodeEventWatcher (SCMBlockDeletingService.java:call(171)) - Added delete block command for datanode cb20f782-9136-4144-a2ef-e44461d35697 in the queue, number of delete block transactions: 3, TxID list: 1,2,3
2019-09-17 12:49:29,492 [pool-7-thread-7] INFO  commands.RetriableDatanodeEventWatcher (RetriableDatanodeEventWatcher.java:onTimeout(47)) - RetriableDatanodeCommand type=deleteBlocksCommand with id=1568724556049 timed out. Retrying.
2019-09-17 12:49:29,493 [SCMBlockDeletingService#1] INFO  block.SCMBlockDeletingService (SCMBlockDeletingService.java:call(182)) - Totally added 3 delete blocks command for 1 datanodes, task elapsed time: 1ms
2019-09-17 12:49:29,499 [pool-7-thread-7] INFO  commands.RetriableDatanodeEventWatcher (RetriableDatanodeEventWatcher.java:onTimeout(47)) - RetriableDatanodeCommand type=deleteBlocksCommand with id=1568724556078 timed out. Retrying.
2019-09-17 12:49:29,510 [pool-7-thread-7] INFO  commands.RetriableDatanodeEventWatcher (RetriableDatanodeEventWatcher.java:onTimeout(47)) - RetriableDatanodeCommand type=deleteBlocksCommand with id=1568724556059 timed out. Retrying.
2019-09-17 12:49:29,512 [pool-7-thread-7] INFO  commands.RetriableDatanodeEventWatcher (RetriableDatanodeEventWatcher.java:onTimeout(47)) - RetriableDatanodeCommand type=deleteBlocksCommand with id=1568724556088 timed out. Retrying.
2019-09-17 12:49:29,527 [pool-7-thread-7] INFO  commands.RetriableDatanodeEventWatcher (RetriableDatanodeEventWatcher.java:onTimeout(47)) - RetriableDatanodeCommand type=deleteBlocksCommand with id=1568724556069 timed out. Retrying.
2019-09-17 12:49:29,527 [pool-7-thread-2] INFO  commands.RetriableDatanodeEventWatcher (RetriableDatanodeEventWatcher.java:onTimeout(47)) - RetriableDatanodeCommand type=deleteBlocksCommand with id=1568724556010 timed out. Retrying.
2019-09-17 12:49:29,527 [pool-7-thread-4] INFO  commands.RetriableDatanodeEventWatcher (RetriableDatanodeEventWatcher.java:onTimeout(47)) - RetriableDatanodeCommand type=deleteBlocksCommand with id=1568724556098 timed out. Retrying.
2019-09-17 12:49:29,528 [pool-7-thread-4] INFO  commands.RetriableDatanodeEventWatcher (RetriableDatanodeEventWatcher.java:onTimeout(47)) - RetriableDatanodeCommand type=deleteBlocksCommand with id=1568724556127 timed out. Retrying.
2019-09-17 12:49:29,541 [pool-7-thread-2] INFO  commands.RetriableDatanodeEventWatcher (RetriableDatanodeEventWatcher.java:onTimeout(47)) - RetriableDatanodeCommand type=deleteBlocksCommand with id=1568724556020 timed out. Retrying.
2019-09-17 12:49:29,541 [pool-7-thread-4] INFO  commands.RetriableDatanodeEventWatcher (RetriableDatanodeEventWatcher.java:onTimeout(47)) - RetriableDatanodeCommand type=deleteBlocksCommand with id=1568724556108 timed out. Retrying.
2019-09-17 12:49:29,554 [pool-7-thread-4] INFO  commands.RetriableDatanodeEventWatcher (RetriableDatanodeEventWatcher.java:onTimeout(47)) - RetriableDatanodeCommand type=deleteBlocksCommand with id=1568724556118 timed out. Retrying.
2019-09-17 12:49:29,558 [pool-7-thread-4] INFO  commands.RetriableDatanodeEventWatcher (RetriableDatanodeEventWatcher.java:onTimeout(47)) - RetriableDatanodeCommand type=deleteBlocksCommand with id=1568724556030 timed out. Retrying.
2019-09-17 12:49:29,577 [pool-7-thread-4] INFO  commands.RetriableDatanodeEventWatcher (RetriableDatanodeEventWatcher.java:onTimeout(47)) - RetriableDatanodeCommand type=deleteBlocksCommand with id=1568724556040 timed out. Retrying.
2019-09-17 12:49:29,591 [pool-7-thread-4] INFO  commands.RetriableDatanodeEventWatcher (RetriableDatanodeEventWatcher.java:onTimeout(47)) - RetriableDatanodeCommand type=deleteBlocksCommand with id=1568724556050 timed out. Retrying.
2019-09-17 12:49:29,593 [SCMBlockDeletingService#1] DEBUG block.SCMBlockDeletingService (SCMBlockDeletingService.java:call(138)) - Running DeletedBlockTransactionScanner
2019-09-17 12:49:29,593 [SCMBlockDeletingService#1] DEBUG block.SCMBlockDeletingService (SCMBlockDeletingService.java:call(155)) - Scanned deleted blocks log and got 3 delTX to process.
2019-09-17 12:49:29,594 [SCMBlockDeletingService#1] DEBUG block.SCMBlockDeletingService (SCMBlockDeletingService.java:call(171)) - Added delete block command for datanode cb20f782-9136-4144-a2ef-e44461d35697 in the queue, number of delete block transactions: 3, TxID list: 1,2,3
2019-09-17 12:49:29,594 [SCMBlockDeletingService#1] INFO  block.SCMBlockDeletingService (SCMBlockDeletingService.java:call(182)) - Totally added 3 delete blocks command for 1 datanodes, task elapsed time: 1ms
2019-09-17 12:49:29,600 [pool-7-thread-4] INFO  commands.RetriableDatanodeEventWatcher (RetriableDatanodeEventWatcher.java:onTimeout(47)) - RetriableDatanodeCommand type=deleteBlocksCommand with id=1568724556079 timed out. Retrying.
2019-09-17 12:49:29,613 [pool-7-thread-4] INFO  commands.RetriableDatanodeEventWatcher (RetriableDatanodeEventWatcher.java:onTimeout(47)) - RetriableDatanodeCommand type=deleteBlocksCommand with id=1568724556089 timed out. Retrying.
2019-09-17 12:49:29,614 [pool-7-thread-2] INFO  commands.RetriableDatanodeEventWatcher (RetriableDatanodeEventWatcher.java:onTimeout(47)) - RetriableDatanodeCommand type=deleteBlocksCommand with id=1568724556060 timed out. Retrying.
2019-09-17 12:49:29,626 [pool-7-thread-2] INFO  commands.RetriableDatanodeEventWatcher (RetriableDatanodeEventWatcher.java:onTimeout(47)) - RetriableDatanodeCommand type=deleteBlocksCommand with id=1568724556070 timed out. Retrying.
2019-09-17 12:49:29,626 [pool-7-thread-4] INFO  commands.RetriableDatanodeEventWatcher (RetriableDatanodeEventWatcher.java:onTimeout(47)) - RetriableDatanodeCommand type=deleteBlocksCommand with id=1568724556011 timed out. Retrying.
2019-09-17 12:49:29,628 [pool-7-thread-4] INFO  commands.RetriableDatanodeEventWatcher (RetriableDatanodeEventWatcher.java:onTimeout(47)) - RetriableDatanodeCommand type=deleteBlocksCommand with id=1568724556099 timed out. Retrying.
2019-09-17 12:49:29,631 [pool-7-thread-4] INFO  commands.RetriableDatanodeEventWatcher (RetriableDatanodeEventWatcher.java:onTimeout(47)) - RetriableDatanodeCommand type=deleteBlocksCommand with id=1568724556128 timed out. Retrying.
2019-09-17 12:49:29,642 [pool-7-thread-4] INFO  commands.RetriableDatanodeEventWatcher (RetriableDatanodeEventWatcher.java:onTimeout(47)) - RetriableDatanodeCommand type=deleteBlocksCommand with id=1568724556109 timed out. Retrying.
2019-09-17 12:49:29,643 [pool-7-thread-2] INFO  commands.RetriableDatanodeEventWatcher (RetriableDatanodeEventWatcher.java:onTimeout(47)) - RetriableDatanodeCommand type=deleteBlocksCommand with id=1568724556021 timed out. Retrying.
2019-09-17 12:49:29,656 [pool-7-thread-2] INFO  commands.RetriableDatanodeEventWatcher (RetriableDatanodeEventWatcher.java:onTimeout(47)) - RetriableDatanodeCommand type=deleteBlocksCommand with id=1568724556119 timed out. Retrying.
2019-09-17 12:49:29,662 [pool-7-thread-2] INFO  commands.RetriableDatanodeEventWatcher (RetriableDatanodeEventWatcher.java:onTimeout(47)) - RetriableDatanodeCommand type=deleteBlocksCommand with id=1568724556031 timed out. Retrying.
2019-09-17 12:49:29,679 [pool-7-thread-2] INFO  commands.RetriableDatanodeEventWatcher (RetriableDatanodeEventWatcher.java:onTimeout(47)) - RetriableDatanodeCommand type=deleteBlocksCommand with id=1568724556041 timed out. Retrying.
2019-09-17 12:49:29,685 [EventQueue-PendingDeleteStatusForPendingDeleteHandler] INFO  block.SCMBlockDeletingService (SCMBlockDeletingService.java:handlePendingDeletes(115)) - Block deletion txnID mismatch in datanode cb20f782-9136-4144-a2ef-e44461d35697 for containerID 1. Datanode delete txnID: 0, SCM txnID: 1
2019-09-17 12:49:29,685 [EventQueue-PendingDeleteStatusForPendingDeleteHandler] INFO  block.SCMBlockDeletingService (SCMBlockDeletingService.java:handlePendingDeletes(115)) - Block deletion txnID mismatch in datanode cb20f782-9136-4144-a2ef-e44461d35697 for containerID 2. Datanode delete txnID: 0, SCM txnID: 2
2019-09-17 12:49:29,685 [EventQueue-PendingDeleteStatusForPendingDeleteHandler] INFO  block.SCMBlockDeletingService (SCMBlockDeletingService.java:handlePendingDeletes(115)) - Block deletion txnID mismatch in datanode cb20f782-9136-4144-a2ef-e44461d35697 for containerID 3. Datanode delete txnID: 0, SCM txnID: 3
2019-09-17 12:49:29,692 [pool-7-thread-2] INFO  commands.RetriableDatanodeEventWatcher (RetriableDatanodeEventWatcher.java:onTimeout(47)) - RetriableDatanodeCommand type=deleteBlocksCommand with id=1568724556051 timed out. Retrying.
2019-09-17 12:49:29,694 [SCMBlockDeletingService#1] DEBUG block.SCMBlockDeletingService (SCMBlockDeletingService.java:call(138)) - Running DeletedBlockTransactionScanner
2019-09-17 12:49:29,695 [SCMBlockDeletingService#1] DEBUG block.SCMBlockDeletingService (SCMBlockDeletingService.java:call(155)) - Scanned deleted blocks log and got 3 delTX to process.
2019-09-17 12:49:29,695 [SCMBlockDeletingService#1] DEBUG block.SCMBlockDeletingService (SCMBlockDeletingService.java:call(171)) - Added delete block command for datanode cb20f782-9136-4144-a2ef-e44461d35697 in the queue, number of delete block transactions: 3, TxID list: 1,2,3
2019-09-17 12:49:29,695 [SCMBlockDeletingService#1] INFO  block.SCMBlockDeletingService (SCMBlockDeletingService.java:call(182)) - Totally added 3 delete blocks command for 1 datanodes, task elapsed time: 1ms
2019-09-17 12:49:29,705 [pool-7-thread-2] INFO  commands.RetriableDatanodeEventWatcher (RetriableDatanodeEventWatcher.java:onTimeout(47)) - RetriableDatanodeCommand type=deleteBlocksCommand with id=1568724556080 timed out. Retrying.
2019-09-17 12:49:29,712 [pool-7-thread-2] INFO  commands.RetriableDatanodeEventWatcher (RetriableDatanodeEventWatcher.java:onTimeout(47)) - RetriableDatanodeCommand type=deleteBlocksCommand with id=1568724556061 timed out. Retrying.
2019-09-17 12:49:29,717 [pool-7-thread-2] INFO  commands.RetriableDatanodeEventWatcher (RetriableDatanodeEventWatcher.java:onTimeout(47)) - RetriableDatanodeCommand type=deleteBlocksCommand with id=1568724556090 timed out. Retrying.
2019-09-17 12:49:29,725 [pool-7-thread-2] INFO  commands.RetriableDatanodeEventWatcher (RetriableDatanodeEventWatcher.java:onTimeout(47)) - RetriableDatanodeCommand type=deleteBlocksCommand with id=1568724556012 timed out. Retrying.
2019-09-17 12:49:29,730 [pool-7-thread-2] INFO  commands.RetriableDatanodeEventWatcher (RetriableDatanodeEventWatcher.java:onTimeout(47)) - RetriableDatanodeCommand type=deleteBlocksCommand with id=1568724556071 timed out. Retrying.
2019-09-17 12:49:29,731 [pool-7-thread-2] INFO  commands.RetriableDatanodeEventWatcher (RetriableDatanodeEventWatcher.java:onTimeout(47)) - RetriableDatanodeCommand type=deleteBlocksCommand with id=1568724556100 timed out. Retrying.
2019-09-17 12:49:29,731 [pool-7-thread-2] INFO  commands.RetriableDatanodeEventWatcher (RetriableDatanodeEventWatcher.java:onTimeout(47)) - RetriableDatanodeCommand type=deleteBlocksCommand with id=1568724556129 timed out. Retrying.
2019-09-17 12:49:29,741 [pool-7-thread-2] INFO  commands.RetriableDatanodeEventWatcher (RetriableDatanodeEventWatcher.java:onTimeout(47)) - RetriableDatanodeCommand type=deleteBlocksCommand with id=1568724556022 timed out. Retrying.
2019-09-17 12:49:29,744 [pool-7-thread-2] INFO  commands.RetriableDatanodeEventWatcher (RetriableDatanodeEventWatcher.java:onTimeout(47)) - RetriableDatanodeCommand type=deleteBlocksCommand with id=1568724556110 timed out. Retrying.
2019-09-17 12:49:29,756 [pool-7-thread-2] INFO  commands.RetriableDatanodeEventWatcher (RetriableDatanodeEventWatcher.java:onTimeout(47)) - RetriableDatanodeCommand type=deleteBlocksCommand with id=1568724556120 timed out. Retrying.
2019-09-17 12:49:29,766 [pool-7-thread-2] INFO  commands.RetriableDatanodeEventWatcher (RetriableDatanodeEventWatcher.java:onTimeout(47)) - RetriableDatanodeCommand type=deleteBlocksCommand with id=1568724556032 timed out. Retrying.
2019-09-17 12:49:29,779 [pool-7-thread-2] INFO  commands.RetriableDatanodeEventWatcher (RetriableDatanodeEventWatcher.java:onTimeout(47)) - RetriableDatanodeCommand type=deleteBlocksCommand with id=1568724556042 timed out. Retrying.
2019-09-17 12:49:29,796 [pool-7-thread-2] INFO  commands.RetriableDatanodeEventWatcher (RetriableDatanodeEventWatcher.java:onTimeout(47)) - RetriableDatanodeCommand type=deleteBlocksCommand with id=1568724556052 timed out. Retrying.
2019-09-17 12:49:29,796 [SCMBlockDeletingService#1] DEBUG block.SCMBlockDeletingService (SCMBlockDeletingService.java:call(138)) - Running DeletedBlockTransactionScanner
2019-09-17 12:49:29,796 [SCMBlockDeletingService#1] DEBUG block.SCMBlockDeletingService (SCMBlockDeletingService.java:call(155)) - Scanned deleted blocks log and got 3 delTX to process.
2019-09-17 12:49:29,796 [SCMBlockDeletingService#1] DEBUG block.SCMBlockDeletingService (SCMBlockDeletingService.java:call(171)) - Added delete block command for datanode cb20f782-9136-4144-a2ef-e44461d35697 in the queue, number of delete block transactions: 3, TxID list: 1,2,3
2019-09-17 12:49:29,797 [SCMBlockDeletingService#1] INFO  block.SCMBlockDeletingService (SCMBlockDeletingService.java:call(182)) - Totally added 3 delete blocks command for 1 datanodes, task elapsed time: 1ms
2019-09-17 12:49:29,804 [pool-7-thread-2] INFO  commands.RetriableDatanodeEventWatcher (RetriableDatanodeEventWatcher.java:onTimeout(47)) - RetriableDatanodeCommand type=deleteBlocksCommand with id=1568724556081 timed out. Retrying.
2019-09-17 12:49:29,816 [pool-7-thread-2] INFO  commands.RetriableDatanodeEventWatcher (RetriableDatanodeEventWatcher.java:onTimeout(47)) - RetriableDatanodeCommand type=deleteBlocksCommand with id=1568724556091 timed out. Retrying.
2019-09-17 12:49:29,816 [pool-7-thread-4] INFO  commands.RetriableDatanodeEventWatcher (RetriableDatanodeEventWatcher.java:onTimeout(47)) - RetriableDatanodeCommand type=deleteBlocksCommand with id=1568724556062 timed out. Retrying.
2019-09-17 12:49:29,833 [Command processor thread] INFO  commandhandler.DeleteBlocksCommandHandler (DeleteBlocksCommandHandler.java:handle(106)) - Start to delete container blocks, TXIDs=[1(0),2(0),3(0)], numOfContainers=3, numOfBlocks=553
2019-09-17 12:49:29,866 [Command processor thread] INFO  commandhandler.DeleteBlocksCommandHandler (DeleteBlocksCommandHandler.java:handle(106)) - Start to delete container blocks, TXIDs=[1(0),2(0),3(0)], numOfContainers=3, numOfBlocks=553
2019-09-17 12:49:29,867 [Command processor thread] INFO  commandhandler.DeleteBlocksCommandHandler (DeleteBlocksCommandHandler.java:handle(106)) - Start to delete container blocks, TXIDs=[1(0),2(0),3(0)], numOfContainers=3, numOfBlocks=553
2019-09-17 12:49:29,869 [Command processor thread] INFO  commandhandler.DeleteBlocksCommandHandler (DeleteBlocksCommandHandler.java:handle(106)) - Start to delete container blocks, TXIDs=[1(0),2(0),3(0)], numOfContainers=3, numOfBlocks=553
2019-09-17 12:49:29,869 [BlockDeletingService#2] INFO  background.BlockDeletingService (BlockDeletingService.java:getTasks(130)) - Plan to choose 10 containers for block deletion, actually returns 3 valid containers.
2019-09-17 12:49:29,870 [Command processor thread] INFO  commandhandler.DeleteBlocksCommandHandler (DeleteBlocksCommandHandler.java:handle(106)) - Start to delete container blocks, TXIDs=[1(0),2(0),3(0)], numOfContainers=3, numOfBlocks=553
2019-09-17 12:49:29,875 [Command processor thread] INFO  commandhandler.DeleteBlocksCommandHandler (DeleteBlocksCommandHandler.java:handle(106)) - Start to delete container blocks, TXIDs=[1(3),2(3),3(3)], numOfContainers=3, numOfBlocks=553
2019-09-17 12:49:29,883 [pool-7-thread-4] INFO  commands.RetriableDatanodeEventWatcher (RetriableDatanodeEventWatcher.java:onTimeout(47)) - RetriableDatanodeCommand type=deleteBlocksCommand with id=1568724556072 timed out. Retrying.
2019-09-17 12:49:29,883 [pool-7-thread-2] INFO  commands.RetriableDatanodeEventWatcher (RetriableDatanodeEventWatcher.java:onTimeout(47)) - RetriableDatanodeCommand type=deleteBlocksCommand with id=1568724556121 timed out. Retrying.
2019-09-17 12:49:29,884 [pool-7-thread-7] INFO  commands.RetriableDatanodeEventWatcher (RetriableDatanodeEventWatcher.java:onTimeout(47)) - RetriableDatanodeCommand type=deleteBlocksCommand with id=1568724556013 timed out. Retrying.
2019-09-17 12:49:29,884 [pool-7-thread-8] INFO  commands.RetriableDatanodeEventWatcher (RetriableDatanodeEventWatcher.java:onTimeout(47)) - RetriableDatanodeCommand type=deleteBlocksCommand with id=1568724556111 timed out. Retrying.
2019-09-17 12:49:29,884 [pool-7-thread-5] INFO  commands.RetriableDatanodeEventWatcher (RetriableDatanodeEventWatcher.java:onTimeout(47)) - RetriableDatanodeCommand type=deleteBlocksCommand with id=1568724556101 timed out. Retrying.
2019-09-17 12:49:29,884 [pool-7-thread-10] INFO  commands.RetriableDatanodeEventWatcher (RetriableDatanodeEventWatcher.java:onTimeout(47)) - RetriableDatanodeCommand type=deleteBlocksCommand with id=1568724556023 timed out. Retrying.
2019-09-17 12:49:29,884 [pool-7-thread-3] INFO  commands.RetriableDatanodeEventWatcher (RetriableDatanodeEventWatcher.java:onTimeout(47)) - RetriableDatanodeCommand type=deleteBlocksCommand with id=1568724556130 timed out. Retrying.
2019-09-17 12:49:29,884 [pool-7-thread-4] INFO  commands.RetriableDatanodeEventWatcher (RetriableDatanodeEventWatcher.java:onTimeout(47)) - RetriableDatanodeCommand type=deleteBlocksCommand with id=1568724556043 timed out. Retrying.
2019-09-17 12:49:29,885 [pool-7-thread-6] INFO  commands.RetriableDatanodeEventWatcher (RetriableDatanodeEventWatcher.java:onTimeout(47)) - RetriableDatanodeCommand type=deleteBlocksCommand with id=1568724556033 timed out. Retrying.
2019-09-17 12:49:29,885 [EventQueue-PendingDeleteStatusForPendingDeleteHandler] INFO  block.SCMBlockDeletingService (SCMBlockDeletingService.java:handlePendingDeletes(115)) - Block deletion txnID mismatch in datanode cb20f782-9136-4144-a2ef-e44461d35697 for containerID 1. Datanode delete txnID: 0, SCM txnID: 1
2019-09-17 12:49:29,885 [EventQueue-PendingDeleteStatusForPendingDeleteHandler] INFO  block.SCMBlockDeletingService (SCMBlockDeletingService.java:handlePendingDeletes(115)) - Block deletion txnID mismatch in datanode cb20f782-9136-4144-a2ef-e44461d35697 for containerID 2. Datanode delete txnID: 0, SCM txnID: 2
2019-09-17 12:49:29,885 [EventQueue-PendingDeleteStatusForPendingDeleteHandler] INFO  block.SCMBlockDeletingService (SCMBlockDeletingService.java:handlePendingDeletes(115)) - Block deletion txnID mismatch in datanode cb20f782-9136-4144-a2ef-e44461d35697 for containerID 3. Datanode delete txnID: 0, SCM txnID: 3
2019-09-17 12:49:29,897 [SCMBlockDeletingService#1] DEBUG block.SCMBlockDeletingService (SCMBlockDeletingService.java:call(138)) - Running DeletedBlockTransactionScanner
2019-09-17 12:49:29,898 [SCMBlockDeletingService#1] DEBUG block.SCMBlockDeletingService (SCMBlockDeletingService.java:call(155)) - Scanned deleted blocks log and got 3 delTX to process.
2019-09-17 12:49:29,898 [SCMBlockDeletingService#1] DEBUG block.SCMBlockDeletingService (SCMBlockDeletingService.java:call(171)) - Added delete block command for datanode cb20f782-9136-4144-a2ef-e44461d35697 in the queue, number of delete block transactions: 3, TxID list: 1,2,3
2019-09-17 12:49:29,898 [SCMBlockDeletingService#1] INFO  block.SCMBlockDeletingService (SCMBlockDeletingService.java:call(182)) - Totally added 3 delete blocks command for 1 datanodes, task elapsed time: 1ms
2019-09-17 12:49:29,899 [pool-7-thread-6] INFO  commands.RetriableDatanodeEventWatcher (RetriableDatanodeEventWatcher.java:onTimeout(47)) - RetriableDatanodeCommand type=deleteBlocksCommand with id=1568724556053 timed out. Retrying.
2019-09-17 12:49:29,906 [pool-7-thread-6] INFO  commands.RetriableDatanodeEventWatcher (RetriableDatanodeEventWatcher.java:onTimeout(47)) - RetriableDatanodeCommand type=deleteBlocksCommand with id=1568724556082 timed out. Retrying.
2019-09-17 12:49:29,916 [pool-7-thread-6] INFO  commands.RetriableDatanodeEventWatcher (RetriableDatanodeEventWatcher.java:onTimeout(47)) - RetriableDatanodeCommand type=deleteBlocksCommand with id=1568724556063 timed out. Retrying.
2019-09-17 12:49:29,917 [pool-7-thread-6] INFO  commands.RetriableDatanodeEventWatcher (RetriableDatanodeEventWatcher.java:onTimeout(47)) - RetriableDatanodeCommand type=deleteBlocksCommand with id=1568724556092 timed out. Retrying.
2019-09-17 12:49:29,929 [pool-7-thread-6] INFO  commands.RetriableDatanodeEventWatcher (RetriableDatanodeEventWatcher.java:onTimeout(47)) - RetriableDatanodeCommand type=deleteBlocksCommand with id=1568724556073 timed out. Retrying.
2019-09-17 12:49:29,929 [pool-7-thread-4] INFO  commands.RetriableDatanodeEventWatcher (RetriableDatanodeEventWatcher.java:onTimeout(47)) - RetriableDatanodeCommand type=deleteBlocksCommand with id=1568724556014 timed out. Retrying.
2019-09-17 12:49:29,931 [pool-7-thread-4] INFO  commands.RetriableDatanodeEventWatcher (RetriableDatanodeEventWatcher.java:onTimeout(47)) - RetriableDatanodeCommand type=deleteBlocksCommand with id=1568724556102 timed out. Retrying.
2019-09-17 12:49:29,969 [pool-7-thread-6] INFO  commands.RetriableDatanodeEventWatcher (RetriableDatanodeEventWatcher.java:onTimeout(47)) - RetriableDatanodeCommand type=deleteBlocksCommand with id=1568724556024 timed out. Retrying.
2019-09-17 12:49:29,969 [pool-7-thread-4] INFO  commands.RetriableDatanodeEventWatcher (RetriableDatanodeEventWatcher.java:onTimeout(47)) - RetriableDatanodeCommand type=deleteBlocksCommand with id=1568724556112 timed out. Retrying.
2019-09-17 12:49:29,970 [pool-7-thread-4] INFO  commands.RetriableDatanodeEventWatcher (RetriableDatanodeEventWatcher.java:onTimeout(47)) - RetriableDatanodeCommand type=deleteBlocksCommand with id=1568724556034 timed out. Retrying.
2019-09-17 12:49:29,971 [pool-7-thread-6] INFO  commands.RetriableDatanodeEventWatcher (RetriableDatanodeEventWatcher.java:onTimeout(47)) - RetriableDatanodeCommand type=deleteBlocksCommand with id=1568724556122 timed out. Retrying.
2019-09-17 12:49:29,984 [pool-7-thread-6] INFO  commands.RetriableDatanodeEventWatcher (RetriableDatanodeEventWatcher.java:onTimeout(47)) - RetriableDatanodeCommand type=deleteBlocksCommand with id=1568724556044 timed out. Retrying.
2019-09-17 12:49:29,984 [pool-7-thread-6] INFO  commands.RetriableDatanodeEventWatcher (RetriableDatanodeEventWatcher.java:onTimeout(47)) - RetriableDatanodeCommand type=deleteBlocksCommand with id=1568724556131 timed out. Retrying.
2019-09-17 12:49:29,995 [pool-7-thread-6] INFO  commands.RetriableDatanodeEventWatcher (RetriableDatanodeEventWatcher.java:onTimeout(47)) - RetriableDatanodeCommand type=deleteBlocksCommand with id=1568724556054 timed out. Retrying.
2019-09-17 12:49:29,999 [SCMBlockDeletingService#1] DEBUG block.SCMBlockDeletingService (SCMBlockDeletingService.java:call(138)) - Running DeletedBlockTransactionScanner
2019-09-17 12:49:29,999 [SCMBlockDeletingService#1] DEBUG block.SCMBlockDeletingService (SCMBlockDeletingService.java:call(155)) - Scanned deleted blocks log and got 3 delTX to process.
2019-09-17 12:49:29,999 [SCMBlockDeletingService#1] DEBUG block.SCMBlockDeletingService (SCMBlockDeletingService.java:call(171)) - Added delete block command for datanode cb20f782-9136-4144-a2ef-e44461d35697 in the queue, number of delete block transactions: 3, TxID list: 1,2,3
2019-09-17 12:49:30,000 [SCMBlockDeletingService#1] INFO  block.SCMBlockDeletingService (SCMBlockDeletingService.java:call(182)) - Totally added 3 delete blocks command for 1 datanodes, task elapsed time: 1ms
2019-09-17 12:49:30,052 [pool-7-thread-3] INFO  commands.RetriableDatanodeEventWatcher (RetriableDatanodeEventWatcher.java:onTimeout(47)) - RetriableDatanodeCommand type=deleteBlocksCommand with id=1568724556083 timed out. Retrying.
2019-09-17 12:49:30,052 [pool-7-thread-8] INFO  commands.RetriableDatanodeEventWatcher (RetriableDatanodeEventWatcher.java:onTimeout(47)) - RetriableDatanodeCommand type=deleteBlocksCommand with id=1568724556015 timed out. Retrying.
2019-09-17 12:49:30,052 [pool-7-thread-7] INFO  commands.RetriableDatanodeEventWatcher (RetriableDatanodeEventWatcher.java:onTimeout(47)) - RetriableDatanodeCommand type=deleteBlocksCommand with id=1568724556005 timed out. Retrying.
2019-09-17 12:49:30,052 [pool-7-thread-5] INFO  commands.RetriableDatanodeEventWatcher (RetriableDatanodeEventWatcher.java:onTimeout(47)) - RetriableDatanodeCommand type=deleteBlocksCommand with id=1568724556113 timed out. Retrying.
2019-09-17 12:49:30,053 [pool-7-thread-10] INFO  commands.RetriableDatanodeEventWatcher (RetriableDatanodeEventWatcher.java:onTimeout(47)) - RetriableDatanodeCommand type=deleteBlocksCommand with id=1568724556103 timed out. Retrying.
2019-09-17 12:49:30,053 [pool-7-thread-2] INFO  commands.RetriableDatanodeEventWatcher (RetriableDatanodeEventWatcher.java:onTimeout(47)) - RetriableDatanodeCommand type=deleteBlocksCommand with id=1568724556025 timed out. Retrying.
2019-09-17 12:49:30,053 [pool-7-thread-6] INFO  commands.RetriableDatanodeEventWatcher (RetriableDatanodeEventWatcher.java:onTimeout(47)) - RetriableDatanodeCommand type=deleteBlocksCommand with id=1568724556064 timed out. Retrying.
2019-09-17 12:49:30,053 [pool-7-thread-4] INFO  commands.RetriableDatanodeEventWatcher (RetriableDatanodeEventWatcher.java:onTimeout(47)) - RetriableDatanodeCommand type=deleteBlocksCommand with id=1568724556093 timed out. Retrying.
2019-09-17 12:49:30,066 [pool-7-thread-4] INFO  commands.RetriableDatanodeEventWatcher (RetriableDatanodeEventWatcher.java:onTimeout(47)) - RetriableDatanodeCommand type=deleteBlocksCommand with id=1568724556035 timed out. Retrying.
2019-09-17 12:49:30,073 [pool-7-thread-4] INFO  commands.RetriableDatanodeEventWatcher (RetriableDatanodeEventWatcher.java:onTimeout(47)) - RetriableDatanodeCommand type=deleteBlocksCommand with id=1568724556123 timed out. Retrying.
2019-09-17 12:49:30,086 [pool-7-thread-4] INFO  commands.RetriableDatanodeEventWatcher (RetriableDatanodeEventWatcher.java:onTimeout(47)) - RetriableDatanodeCommand type=deleteBlocksCommand with id=1568724556132 timed out. Retrying.
2019-09-17 12:49:30,090 [pool-7-thread-4] INFO  commands.RetriableDatanodeEventWatcher (RetriableDatanodeEventWatcher.java:onTimeout(47)) - RetriableDatanodeCommand type=deleteBlocksCommand with id=1568724556045 timed out. Retrying.
2019-09-17 12:49:30,095 [EventQueue-DeleteBlockStatusForDeletedBlockLogImpl] DEBUG block.DeletedBlockLogImpl (DeletedBlockLogImpl.java:isTransactionFailed(245)) - Got block deletion ACK from datanode, TXIDs=1, success=true
2019-09-17 12:49:30,095 [pool-7-thread-4] INFO  commands.RetriableDatanodeEventWatcher (RetriableDatanodeEventWatcher.java:onTimeout(47)) - RetriableDatanodeCommand type=deleteBlocksCommand with id=1568724556074 timed out. Retrying.
2019-09-17 12:49:30,097 [EventQueue-DeleteBlockStatusForDeletedBlockLogImpl] DEBUG block.DeletedBlockLogImpl (DeletedBlockLogImpl.java:commitTransactions(227)) - Purging txId=1 from block deletion log
2019-09-17 12:49:30,098 [EventQueue-DeleteBlockStatusForDeletedBlockLogImpl] DEBUG block.DeletedBlockLogImpl (DeletedBlockLogImpl.java:commitTransactions(231)) - Datanode txId=1 containerId=#1 committed by dnId=cb20f782-9136-4144-a2ef-e44461d35697
2019-09-17 12:49:30,098 [EventQueue-DeleteBlockStatusForDeletedBlockLogImpl] DEBUG block.DeletedBlockLogImpl (DeletedBlockLogImpl.java:isTransactionFailed(245)) - Got block deletion ACK from datanode, TXIDs=2, success=true
2019-09-17 12:49:30,098 [EventQueue-DeleteBlockStatusForDeletedBlockLogImpl] DEBUG block.DeletedBlockLogImpl (DeletedBlockLogImpl.java:commitTransactions(227)) - Purging txId=2 from block deletion log
2019-09-17 12:49:30,098 [EventQueue-DeleteBlockStatusForDeletedBlockLogImpl] DEBUG block.DeletedBlockLogImpl (DeletedBlockLogImpl.java:commitTransactions(231)) - Datanode txId=2 containerId=#2 committed by dnId=cb20f782-9136-4144-a2ef-e44461d35697
2019-09-17 12:49:30,098 [EventQueue-DeleteBlockStatusForDeletedBlockLogImpl] DEBUG block.DeletedBlockLogImpl (DeletedBlockLogImpl.java:isTransactionFailed(245)) - Got block deletion ACK from datanode, TXIDs=3, success=true
2019-09-17 12:49:30,098 [EventQueue-DeleteBlockStatusForDeletedBlockLogImpl] DEBUG block.DeletedBlockLogImpl (DeletedBlockLogImpl.java:commitTransactions(227)) - Purging txId=3 from block deletion log
2019-09-17 12:49:30,099 [EventQueue-DeleteBlockStatusForDeletedBlockLogImpl] DEBUG block.DeletedBlockLogImpl (DeletedBlockLogImpl.java:commitTransactions(231)) - Datanode txId=3 containerId=#3 committed by dnId=cb20f782-9136-4144-a2ef-e44461d35697
2019-09-17 12:49:30,099 [EventQueue-DeleteBlockStatusForDeletedBlockLogImpl] DEBUG block.DeletedBlockLogImpl (DeletedBlockLogImpl.java:isTransactionFailed(245)) - Got block deletion ACK from datanode, TXIDs=1, success=true
2019-09-17 12:49:30,099 [EventQueue-DeleteBlockStatusForDeletedBlockLogImpl] WARN  block.DeletedBlockLogImpl (DeletedBlockLogImpl.java:commitTransactions(205)) - Transaction txId=1 commit by dnId=cb20f782-9136-4144-a2ef-e44461d35697 for containerID=#1 failed. Corresponding entry not found.
2019-09-17 12:49:30,099 [EventQueue-DeleteBlockStatusForDeletedBlockLogImpl] DEBUG block.DeletedBlockLogImpl (DeletedBlockLogImpl.java:isTransactionFailed(245)) - Got block deletion ACK from datanode, TXIDs=1, success=true
2019-09-17 12:49:30,099 [EventQueue-DeleteBlockStatusForDeletedBlockLogImpl] WARN  block.DeletedBlockLogImpl (DeletedBlockLogImpl.java:commitTransactions(205)) - Transaction txId=1 commit by dnId=cb20f782-9136-4144-a2ef-e44461d35697 for containerID=#1 failed. Corresponding entry not found.
2019-09-17 12:49:30,099 [EventQueue-DeleteBlockStatusForDeletedBlockLogImpl] DEBUG block.DeletedBlockLogImpl (DeletedBlockLogImpl.java:isTransactionFailed(245)) - Got block deletion ACK from datanode, TXIDs=1, success=true
2019-09-17 12:49:30,099 [EventQueue-DeleteBlockStatusForDeletedBlockLogImpl] WARN  block.DeletedBlockLogImpl (DeletedBlockLogImpl.java:commitTransactions(205)) - Transaction txId=1 commit by dnId=cb20f782-9136-4144-a2ef-e44461d35697 for containerID=#1 failed. Corresponding entry not found.
2019-09-17 12:49:30,099 [EventQueue-DeleteBlockStatusForDeletedBlockLogImpl] DEBUG block.DeletedBlockLogImpl (DeletedBlockLogImpl.java:isTransactionFailed(245)) - Got block deletion ACK from datanode, TXIDs=1, success=true
2019-09-17 12:49:30,100 [EventQueue-DeleteBlockStatusForDeletedBlockLogImpl] WARN  block.DeletedBlockLogImpl (DeletedBlockLogImpl.java:commitTransactions(205)) - Transaction txId=1 commit by dnId=cb20f782-9136-4144-a2ef-e44461d35697 for containerID=#1 failed. Corresponding entry not found.
2019-09-17 12:49:30,100 [SCMBlockDeletingService#1] DEBUG block.SCMBlockDeletingService (SCMBlockDeletingService.java:call(138)) - Running DeletedBlockTransactionScanner
2019-09-17 12:49:30,100 [SCMBlockDeletingService#1] DEBUG block.SCMBlockDeletingService (SCMBlockDeletingService.java:call(155)) - Scanned deleted blocks log and got 0 delTX to process.
2019-09-17 12:49:30,102 [pool-7-thread-4] INFO  commands.RetriableDatanodeEventWatcher (RetriableDatanodeEventWatcher.java:onTimeout(47)) - RetriableDatanodeCommand type=deleteBlocksCommand with id=1568724556055 timed out. Retrying.
2019-09-17 12:49:30,111 [pool-7-thread-4] INFO  commands.RetriableDatanodeEventWatcher (RetriableDatanodeEventWatcher.java:onTimeout(47)) - RetriableDatanodeCommand type=deleteBlocksCommand with id=1568724556084 timed out. Retrying.
2019-09-17 12:49:30,114 [pool-7-thread-4] INFO  commands.RetriableDatanodeEventWatcher (RetriableDatanodeEventWatcher.java:onTimeout(47)) - RetriableDatanodeCommand type=deleteBlocksCommand with id=1568724556006 timed out. Retrying.
2019-09-17 12:49:30,121 [pool-7-thread-6] INFO  commands.RetriableDatanodeEventWatcher (RetriableDatanodeEventWatcher.java:onTimeout(47)) - RetriableDatanodeCommand type=deleteBlocksCommand with id=1568724556094 timed out. Retrying.
2019-09-17 12:49:30,121 [pool-7-thread-4] INFO  commands.RetriableDatanodeEventWatcher (RetriableDatanodeEventWatcher.java:onTimeout(47)) - RetriableDatanodeCommand type=deleteBlocksCommand with id=1568724556065 timed out. Retrying.
2019-09-17 12:49:30,138 [pool-7-thread-4] INFO  commands.RetriableDatanodeEventWatcher (RetriableDatanodeEventWatcher.java:onTimeout(47)) - RetriableDatanodeCommand type=deleteBlocksCommand with id=1568724556104 timed out. Retrying.
2019-09-17 12:49:30,138 [pool-7-thread-6] INFO  commands.RetriableDatanodeEventWatcher (RetriableDatanodeEventWatcher.java:onTimeout(47)) - RetriableDatanodeCommand type=deleteBlocksCommand with id=1568724556016 timed out. Retrying.
2019-09-17 12:49:30,149 [pool-7-thread-6] INFO  commands.RetriableDatanodeEventWatcher (RetriableDatanodeEventWatcher.java:onTimeout(47)) - RetriableDatanodeCommand type=deleteBlocksCommand with id=1568724556114 timed out. Retrying.
2019-09-17 12:49:30,150 [pool-7-thread-4] INFO  commands.RetriableDatanodeEventWatcher (RetriableDatanodeEventWatcher.java:onTimeout(47)) - RetriableDatanodeCommand type=deleteBlocksCommand with id=1568724556026 timed out. Retrying.
2019-09-17 12:49:30,171 [pool-7-thread-4] INFO  commands.RetriableDatanodeEventWatcher (RetriableDatanodeEventWatcher.java:onTimeout(47)) - RetriableDatanodeCommand type=deleteBlocksCommand with id=1568724556036 timed out. Retrying.
2019-09-17 12:49:30,173 [pool-7-thread-4] INFO  commands.RetriableDatanodeEventWatcher (RetriableDatanodeEventWatcher.java:onTimeout(47)) - RetriableDatanodeCommand type=deleteBlocksCommand with id=1568724556124 timed out. Retrying.
2019-09-17 12:49:30,186 [pool-7-thread-4] INFO  commands.RetriableDatanodeEventWatcher (RetriableDatanodeEventWatcher.java:onTimeout(47)) - RetriableDatanodeCommand type=deleteBlocksCommand with id=1568724556046 timed out. Retrying.
2019-09-17 12:49:30,189 [pool-7-thread-4] INFO  commands.RetriableDatanodeEventWatcher (RetriableDatanodeEventWatcher.java:onTimeout(47)) - RetriableDatanodeCommand type=deleteBlocksCommand with id=1568724556133 timed out. Retrying.
2019-09-17 12:49:30,199 [pool-7-thread-4] INFO  commands.RetriableDatanodeEventWatcher (RetriableDatanodeEventWatcher.java:onTimeout(47)) - RetriableDatanodeCommand type=deleteBlocksCommand with id=1568724556075 timed out. Retrying.
2019-09-17 12:49:30,201 [SCMBlockDeletingService#1] DEBUG block.SCMBlockDeletingService (SCMBlockDeletingService.java:call(138)) - Running DeletedBlockTransactionScanner
2019-09-17 12:49:30,201 [SCMBlockDeletingService#1] DEBUG block.SCMBlockDeletingService (SCMBlockDeletingService.java:call(155)) - Scanned deleted blocks log and got 0 delTX to process.
2019-09-17 12:49:30,204 [pool-7-thread-4] INFO  commands.RetriableDatanodeEventWatcher (RetriableDatanodeEventWatcher.java:onTimeout(47)) - RetriableDatanodeCommand type=deleteBlocksCommand with id=1568724556056 timed out. Retrying.
2019-09-17 12:49:30,210 [pool-7-thread-4] INFO  commands.RetriableDatanodeEventWatcher (RetriableDatanodeEventWatcher.java:onTimeout(47)) - RetriableDatanodeCommand type=deleteBlocksCommand with id=1568724556085 timed out. Retrying.
2019-09-17 12:49:30,219 [pool-7-thread-4] INFO  commands.RetriableDatanodeEventWatcher (RetriableDatanodeEventWatcher.java:onTimeout(47)) - RetriableDatanodeCommand type=deleteBlocksCommand with id=1568724556066 timed out. Retrying.
2019-09-17 12:49:30,219 [pool-7-thread-6] INFO  commands.RetriableDatanodeEventWatcher (RetriableDatanodeEventWatcher.java:onTimeout(47)) - RetriableDatanodeCommand type=deleteBlocksCommand with id=1568724556007 timed out. Retrying.
2019-09-17 12:49:30,225 [pool-7-thread-6] INFO  commands.RetriableDatanodeEventWatcher (RetriableDatanodeEventWatcher.java:onTimeout(47)) - RetriableDatanodeCommand type=deleteBlocksCommand with id=1568724556095 timed out. Retrying.
2019-09-17 12:49:30,233 [pool-7-thread-6] INFO  commands.RetriableDatanodeEventWatcher (RetriableDatanodeEventWatcher.java:onTimeout(47)) - RetriableDatanodeCommand type=deleteBlocksCommand with id=1568724556017 timed out. Retrying.
2019-09-17 12:49:30,239 [pool-7-thread-6] INFO  commands.RetriableDatanodeEventWatcher (RetriableDatanodeEventWatcher.java:onTimeout(47)) - RetriableDatanodeCommand type=deleteBlocksCommand with id=1568724556105 timed out. Retrying.
2019-09-17 12:49:30,285 [IPC Server handler 0 on 40863] WARN  block.DeletedBlockLogImpl (DeletedBlockLogImpl.java:incrementCount(141)) - Deleted TXID not found.
2019-09-17 12:49:30,286 [IPC Server handler 0 on 40863] WARN  block.DeletedBlockLogImpl (DeletedBlockLogImpl.java:incrementCount(141)) - Deleted TXID not found.
2019-09-17 12:49:30,286 [IPC Server handler 0 on 40863] WARN  block.DeletedBlockLogImpl (DeletedBlockLogImpl.java:incrementCount(141)) - Deleted TXID not found.
2019-09-17 12:49:30,286 [IPC Server handler 0 on 40863] WARN  block.DeletedBlockLogImpl (DeletedBlockLogImpl.java:incrementCount(141)) - Deleted TXID not found.
2019-09-17 12:49:30,286 [IPC Server handler 0 on 40863] WARN  block.DeletedBlockLogImpl (DeletedBlockLogImpl.java:incrementCount(141)) - Deleted TXID not found.
2019-09-17 12:49:30,286 [IPC Server handler 0 on 40863] WARN  block.DeletedBlockLogImpl (DeletedBlockLogImpl.java:incrementCount(141)) - Deleted TXID not found.
2019-09-17 12:49:30,286 [IPC Server handler 0 on 40863] WARN  block.DeletedBlockLogImpl (DeletedBlockLogImpl.java:incrementCount(141)) - Deleted TXID not found.
2019-09-17 12:49:30,286 [IPC Server handler 0 on 40863] WARN  block.DeletedBlockLogImpl (DeletedBlockLogImpl.java:incrementCount(141)) - Deleted TXID not found.
2019-09-17 12:49:30,287 [IPC Server handler 0 on 40863] WARN  block.DeletedBlockLogImpl (DeletedBlockLogImpl.java:incrementCount(141)) - Deleted TXID not found.
2019-09-17 12:49:30,287 [IPC Server handler 0 on 40863] WARN  block.DeletedBlockLogImpl (DeletedBlockLogImpl.java:incrementCount(141)) - Deleted TXID not found.
2019-09-17 12:49:30,287 [IPC Server handler 0 on 40863] WARN  block.DeletedBlockLogImpl (DeletedBlockLogImpl.java:incrementCount(141)) - Deleted TXID not found.
2019-09-17 12:49:30,287 [IPC Server handler 0 on 40863] WARN  block.DeletedBlockLogImpl (DeletedBlockLogImpl.java:incrementCount(141)) - Deleted TXID not found.
2019-09-17 12:49:30,287 [IPC Server handler 0 on 40863] WARN  block.DeletedBlockLogImpl (DeletedBlockLogImpl.java:incrementCount(141)) - Deleted TXID not found.
2019-09-17 12:49:30,287 [IPC Server handler 0 on 40863] WARN  block.DeletedBlockLogImpl (DeletedBlockLogImpl.java:incrementCount(141)) - Deleted TXID not found.
2019-09-17 12:49:30,287 [IPC Server handler 0 on 40863] WARN  block.DeletedBlockLogImpl (DeletedBlockLogImpl.java:incrementCount(141)) - Deleted TXID not found.
2019-09-17 12:49:30,288 [IPC Server handler 0 on 40863] WARN  block.DeletedBlockLogImpl (DeletedBlockLogImpl.java:incrementCount(141)) - Deleted TXID not found.
2019-09-17 12:49:30,288 [IPC Server handler 0 on 40863] WARN  block.DeletedBlockLogImpl (DeletedBlockLogImpl.java:incrementCount(141)) - Deleted TXID not found.
2019-09-17 12:49:30,288 [IPC Server handler 0 on 40863] WARN  block.DeletedBlockLogImpl (DeletedBlockLogImpl.java:incrementCount(141)) - Deleted TXID not found.
2019-09-17 12:49:30,288 [IPC Server handler 0 on 40863] WARN  block.DeletedBlockLogImpl (DeletedBlockLogImpl.java:incrementCount(141)) - Deleted TXID not found.
2019-09-17 12:49:30,288 [IPC Server handler 0 on 40863] WARN  block.DeletedBlockLogImpl (DeletedBlockLogImpl.java:incrementCount(141)) - Deleted TXID not found.
2019-09-17 12:49:30,288 [IPC Server handler 0 on 40863] WARN  block.DeletedBlockLogImpl (DeletedBlockLogImpl.java:incrementCount(141)) - Deleted TXID not found.
2019-09-17 12:49:30,288 [IPC Server handler 0 on 40863] WARN  block.DeletedBlockLogImpl (DeletedBlockLogImpl.java:incrementCount(141)) - Deleted TXID not found.
2019-09-17 12:49:30,288 [IPC Server handler 0 on 40863] WARN  block.DeletedBlockLogImpl (DeletedBlockLogImpl.java:incrementCount(141)) - Deleted TXID not found.
2019-09-17 12:49:30,289 [IPC Server handler 0 on 40863] WARN  block.DeletedBlockLogImpl (DeletedBlockLogImpl.java:incrementCount(141)) - Deleted TXID not found.
2019-09-17 12:49:30,289 [IPC Server handler 0 on 40863] WARN  block.DeletedBlockLogImpl (DeletedBlockLogImpl.java:incrementCount(141)) - Deleted TXID not found.
2019-09-17 12:49:30,289 [IPC Server handler 0 on 40863] WARN  block.DeletedBlockLogImpl (DeletedBlockLogImpl.java:incrementCount(141)) - Deleted TXID not found.
2019-09-17 12:49:30,289 [IPC Server handler 0 on 40863] WARN  block.DeletedBlockLogImpl (DeletedBlockLogImpl.java:incrementCount(141)) - Deleted TXID not found.
2019-09-17 12:49:30,289 [IPC Server handler 0 on 40863] WARN  block.DeletedBlockLogImpl (DeletedBlockLogImpl.java:incrementCount(141)) - Deleted TXID not found.
2019-09-17 12:49:30,289 [IPC Server handler 0 on 40863] WARN  block.DeletedBlockLogImpl (DeletedBlockLogImpl.java:incrementCount(141)) - Deleted TXID not found.
2019-09-17 12:49:30,289 [IPC Server handler 0 on 40863] WARN  block.DeletedBlockLogImpl (DeletedBlockLogImpl.java:incrementCount(141)) - Deleted TXID not found.
2019-09-17 12:49:30,290 [IPC Server handler 0 on 40863] WARN  block.DeletedBlockLogImpl (DeletedBlockLogImpl.java:incrementCount(141)) - Deleted TXID not found.
2019-09-17 12:49:30,290 [IPC Server handler 0 on 40863] WARN  block.DeletedBlockLogImpl (DeletedBlockLogImpl.java:incrementCount(141)) - Deleted TXID not found.
2019-09-17 12:49:30,290 [IPC Server handler 0 on 40863] WARN  block.DeletedBlockLogImpl (DeletedBlockLogImpl.java:incrementCount(141)) - Deleted TXID not found.
2019-09-17 12:49:30,290 [pool-7-thread-6] INFO  commands.RetriableDatanodeEventWatcher (DeletedBlockLogImpl.java:incrementCount(141)) - Deleted TXID not found.
2019-09-17 12:49:30,290 [IPC Server handler 0 on 40863] WARN  block.DeletedBlockLogImpl (RetriableDatanodeEventWatcher.java:onTimeout(47)) - RetriableDatanodeCommand type=deleteBlocksCommand with id=1568724556134 timed out. Retrying.
DeletedBlockLogImpl.java:incrementCount(141)) - Deleted TXID not found.
2019-09-17 12:49:30,290 [pool-7-thread-6] INFO  commands.RetriableDatanodeEventWatcher (RetriableDatanodeEventWatcher.java:onTimeout(47)) - RetriableDatanodeCommand type=deleteBlocksCommand with id=1568724556134 timed out. Retrying.
2019-09-17 12:49:30,290 [IPC Server handler 0 on 40863] WARN  block.DeletedBlockLogImpl (DeletedBlockLogImpl.java:incrementCount(141)) - Deleted TXID not found.
2019-09-17 12:49:30,291 [IPC Server handler 0 on 40863] WARN  block.DeletedBlockLogImpl (DeletedBlockLogImpl.java:incrementCount(141)) - Deleted TXID not found.
2019-09-17 12:49:30,291 [IPC Server handler 0 on 40863] WARN  block.DeletedBlockLogImpl (DeletedBlockLogImpl.java:incrementCount(141)) - Deleted TXID not found.
2019-09-17 12:49:30,291 [IPC Server handler 0 on 40863] WARN  block.DeletedBlockLogImpl (DeletedBlockLogImpl.java:incrementCount(141)) - Deleted TXID not found.
2019-09-17 12:49:30,291 [IPC Server handler 0 on 40863] WARN  block.DeletedBlockLogImpl (DeletedBlockLogImpl.java:incrementCount(141)) - Deleted TXID not found.
2019-09-17 12:49:30,291 [IPC Server handler 0 on 40863] WARN  block.DeletedBlockLogImpl (DeletedBlockLogImpl.java:incrementCount(141)) - Deleted TXID not found.
2019-09-17 12:49:30,291 [IPC Server handler 0 on 40863] WARN  block.DeletedBlockLogImpl (DeletedBlockLogImpl.java:incrementCount(141)) - Deleted TXID not found.
2019-09-17 12:49:30,291 [IPC Server handler 0 on 40863] WARN  block.DeletedBlockLogImpl (DeletedBlockLogImpl.java:incrementCount(141)) - Deleted TXID not found.
2019-09-17 12:49:30,292 [IPC Server handler 0 on 40863] WARN  block.DeletedBlockLogImpl (DeletedBlockLogImpl.java:incrementCount(141)) - Deleted TXID not found.
2019-09-17 12:49:30,292 [IPC Server handler 0 on 40863] WARN  block.DeletedBlockLogImpl (DeletedBlockLogImpl.java:incrementCount(141)) - Deleted TXID not found.
2019-09-17 12:49:30,292 [IPC Server handler 0 on 40863] WARN  block.DeletedBlockLogImpl (DeletedBlockLogImpl.java:incrementCount(141)) - Deleted TXID not found.
2019-09-17 12:49:30,292 [IPC Server handler 0 on 40863] WARN  block.DeletedBlockLogImpl (DeletedBlockLogImpl.java:incrementCount(141)) - Deleted TXID not found.
2019-09-17 12:49:30,292 [IPC Server handler 0 on 40863] WARN  block.DeletedBlockLogImpl (DeletedBlockLogImpl.java:incrementCount(141)) - Deleted TXID not found.
2019-09-17 12:49:30,292 [IPC Server handler 0 on 40863] WARN  block.DeletedBlockLogImpl (DeletedBlockLogImpl.java:incrementCount(141)) - Deleted TXID not found.
2019-09-17 12:49:30,292 [IPC Server handler 0 on 40863] WARN  block.DeletedBlockLogImpl (DeletedBlockLogImpl.java:incrementCount(141)) - Deleted TXID not found.
2019-09-17 12:49:30,292 [IPC Server handler 0 on 40863] WARN  block.DeletedBlockLogImpl (DeletedBlockLogImpl.java:incrementCount(141)) - Deleted TXID not found.
2019-09-17 12:49:30,293 [IPC Server handler 0 on 40863] WARN  block.DeletedBlockLogImpl (DeletedBlockLogImpl.java:incrementCount(141)) - Deleted TXID not found.
2019-09-17 12:49:30,293 [IPC Server handler 0 on 40863] WARN  block.DeletedBlockLogImpl (DeletedBlockLogImpl.java:incrementCount(141)) - Deleted TXID not found.
2019-09-17 12:49:30,293 [IPC Server handler 0 on 40863] WARN  block.DeletedBlockLogImpl (DeletedBlockLogImpl.java:incrementCount(141)) - Deleted TXID not found.
2019-09-17 12:49:30,293 [IPC Server handler 0 on 40863] WARN  block.DeletedBlockLogImpl (DeletedBlockLogImpl.java:incrementCount(141)) - Deleted TXID not found.
2019-09-17 12:49:30,293 [IPC Server handler 0 on 40863] WARN  block.DeletedBlockLogImpl (DeletedBlockLogImpl.java:incrementCount(141)) - Deleted TXID not found.
2019-09-17 12:49:30,293 [IPC Server handler 0 on 40863] WARN  block.DeletedBlockLogImpl (DeletedBlockLogImpl.java:incrementCount(141)) - Deleted TXID not found.
2019-09-17 12:49:30,293 [IPC Server handler 0 on 40863] WARN  block.DeletedBlockLogImpl (DeletedBlockLogImpl.java:incrementCount(141)) - Deleted TXID not found.
2019-09-17 12:49:30,294 [IPC Server handler 0 on 40863] WARN  block.DeletedBlockLogImpl (DeletedBlockLogImpl.java:incrementCount(141)) - Deleted TXID not found.
2019-09-17 12:49:30,294 [IPC Server handler 0 on 40863] WARN  block.DeletedBlockLogImpl (DeletedBlockLogImpl.java:incrementCount(141)) - Deleted TXID not found.
2019-09-17 12:49:30,294 [IPC Server handler 0 on 40863] WARN  block.DeletedBlockLogImpl (DeletedBlockLogImpl.java:incrementCount(141)) - Deleted TXID not found.
2019-09-17 12:49:30,294 [IPC Server handler 0 on 40863] WARN  block.DeletedBlockLogImpl (DeletedBlockLogImpl.java:incrementCount(141)) - Deleted TXID not found.
2019-09-17 12:49:30,294 [IPC Server handler 0 on 40863] WARN  block.DeletedBlockLogImpl (DeletedBlockLogImpl.java:incrementCount(141)) - Deleted TXID not found.
2019-09-17 12:49:30,294 [IPC Server handler 0 on 40863] WARN  block.DeletedBlockLogImpl (DeletedBlockLogImpl.java:incrementCount(141)) - Deleted TXID not found.
2019-09-17 12:49:30,294 [IPC Server handler 0 on 40863] WARN  block.DeletedBlockLogImpl (DeletedBlockLogImpl.java:incrementCount(141)) - Deleted TXID not found.
2019-09-17 12:49:30,295 [IPC Server handler 0 on 40863] WARN  block.DeletedBlockLogImpl (DeletedBlockLogImpl.java:incrementCount(141)) - Deleted TXID not found.
2019-09-17 12:49:30,295 [IPC Server handler 0 on 40863] WARN  block.DeletedBlockLogImpl (DeletedBlockLogImpl.java:incrementCount(141)) - Deleted TXID not found.
2019-09-17 12:49:30,295 [IPC Server handler 0 on 40863] WARN  block.DeletedBlockLogImpl (DeletedBlockLogImpl.java:incrementCount(141)) - Deleted TXID not found.
2019-09-17 12:49:30,295 [IPC Server handler 0 on 40863] WARN  block.DeletedBlockLogImpl (DeletedBlockLogImpl.java:incrementCount(141)) - Deleted TXID not found.
2019-09-17 12:49:30,301 [SCMBlockDeletingService#1] DEBUG block.SCMBlockDeletingService (SCMBlockDeletingService.java:call(138)) - Running DeletedBlockTransactionScanner
2019-09-17 12:49:30,302 [SCMBlockDeletingService#1] DEBUG block.SCMBlockDeletingService (SCMBlockDeletingService.java:call(155)) - Scanned deleted blocks log and got 0 delTX to process.
2019-09-17 12:49:30,327 [pool-7-thread-6] INFO  commands.RetriableDatanodeEventWatcher (RetriableDatanodeEventWatcher.java:onTimeout(47)) - RetriableDatanodeCommand type=deleteBlocksCommand with id=1568724556125 timed out. Retrying.
2019-09-17 12:49:30,328 [pool-7-thread-6] INFO  commands.RetriableDatanodeEventWatcher (RetriableDatanodeEventWatcher.java:onTimeout(47)) - RetriableDatanodeCommand type=deleteBlocksCommand with id=1568724556076 timed out. Retrying.
2019-09-17 12:49:30,328 [pool-7-thread-5] INFO  commands.RetriableDatanodeEventWatcher (RetriableDatanodeEventWatcher.java:onTimeout(47)) - RetriableDatanodeCommand type=deleteBlocksCommand with id=1568724556027 timed out. Retrying.
2019-09-17 12:49:30,329 [pool-7-thread-2] INFO  commands.RetriableDatanodeEventWatcher (RetriableDatanodeEventWatcher.java:onTimeout(47)) - RetriableDatanodeCommand type=deleteBlocksCommand with id=1568724556115 timed out. Retrying.
2019-09-17 12:49:30,329 [pool-7-thread-10] INFO  commands.RetriableDatanodeEventWatcher (RetriableDatanodeEventWatcher.java:onTimeout(47)) - RetriableDatanodeCommand type=deleteBlocksCommand with id=1568724556008 timed out. Retrying.
2019-09-17 12:49:30,329 [pool-7-thread-4] INFO  commands.RetriableDatanodeEventWatcher (RetriableDatanodeEventWatcher.java:onTimeout(47)) - RetriableDatanodeCommand type=deleteBlocksCommand with id=1568724556047 timed out. Retrying.
2019-09-17 12:49:30,329 [pool-7-thread-7] INFO  commands.RetriableDatanodeEventWatcher (RetriableDatanodeEventWatcher.java:onTimeout(47)) - RetriableDatanodeCommand type=deleteBlocksCommand with id=1568724556096 timed out. Retrying.
2019-09-17 12:49:30,330 [pool-7-thread-2] INFO  commands.RetriableDatanodeEventWatcher (RetriableDatanodeEventWatcher.java:onTimeout(47)) - RetriableDatanodeCommand type=deleteBlocksCommand with id=1568724556086 timed out. Retrying.
2019-09-17 12:49:30,330 [pool-7-thread-5] INFO  commands.RetriableDatanodeEventWatcher (RetriableDatanodeEventWatcher.java:onTimeout(47)) - RetriableDatanodeCommand type=deleteBlocksCommand with id=1568724556037 timed out. Retrying.
2019-09-17 12:49:30,330 [pool-7-thread-10] INFO  commands.RetriableDatanodeEventWatcher (RetriableDatanodeEventWatcher.java:onTimeout(47)) - RetriableDatanodeCommand type=deleteBlocksCommand with id=1568724556067 timed out. Retrying.
2019-09-17 12:49:30,330 [pool-7-thread-6] INFO  commands.RetriableDatanodeEventWatcher (RetriableDatanodeEventWatcher.java:onTimeout(47)) - RetriableDatanodeCommand type=deleteBlocksCommand with id=1568724556057 timed out. Retrying.
2019-09-17 12:49:30,336 [pool-7-thread-6] INFO  commands.RetriableDatanodeEventWatcher (RetriableDatanodeEventWatcher.java:onTimeout(47)) - RetriableDatanodeCommand type=deleteBlocksCommand with id=1568724556018 timed out. Retrying.
2019-09-17 12:49:30,337 [pool-7-thread-6] INFO  commands.RetriableDatanodeEventWatcher (RetriableDatanodeEventWatcher.java:onTimeout(47)) - RetriableDatanodeCommand type=deleteBlocksCommand with id=1568724556106 timed out. Retrying.
2019-09-17 12:49:30,351 [pool-7-thread-6] INFO  commands.RetriableDatanodeEventWatcher (RetriableDatanodeEventWatcher.java:onTimeout(47)) - RetriableDatanodeCommand type=deleteBlocksCommand with id=1568724556116 timed out. Retrying.
2019-09-17 12:49:30,355 [pool-7-thread-6] INFO  commands.RetriableDatanodeEventWatcher (RetriableDatanodeEventWatcher.java:onTimeout(47)) - RetriableDatanodeCommand type=deleteBlocksCommand with id=1568724556028 timed out. Retrying.
2019-09-17 12:49:30,370 [pool-7-thread-6] INFO  commands.RetriableDatanodeEventWatcher (RetriableDatanodeEventWatcher.java:onTimeout(47)) - RetriableDatanodeCommand type=deleteBlocksCommand with id=1568724556038 timed out. Retrying.
2019-09-17 12:49:30,388 [pool-7-thread-6] INFO  commands.RetriableDatanodeEventWatcher (RetriableDatanodeEventWatcher.java:onTimeout(47)) - RetriableDatanodeCommand type=deleteBlocksCommand with id=1568724556048 timed out. Retrying.
2019-09-17 12:49:30,391 [pool-7-thread-6] INFO  commands.RetriableDatanodeEventWatcher (RetriableDatanodeEventWatcher.java:onTimeout(47)) - RetriableDatanodeCommand type=deleteBlocksCommand with id=1568724556135 timed out. Retrying.
2019-09-17 12:49:30,401 [pool-7-thread-6] INFO  commands.RetriableDatanodeEventWatcher (RetriableDatanodeEventWatcher.java:onTimeout(47)) - RetriableDatanodeCommand type=deleteBlocksCommand with id=1568724556077 timed out. Retrying.
2019-09-17 12:49:30,402 [SCMBlockDeletingService#1] DEBUG block.SCMBlockDeletingService (SCMBlockDeletingService.java:call(138)) - Running DeletedBlockTransactionScanner
2019-09-17 12:49:30,402 [SCMBlockDeletingService#1] DEBUG block.SCMBlockDeletingService (SCMBlockDeletingService.java:call(155)) - Scanned deleted blocks log and got 0 delTX to process.
2019-09-17 12:49:30,408 [pool-7-thread-6] INFO  commands.RetriableDatanodeEventWatcher (RetriableDatanodeEventWatcher.java:onTimeout(47)) - RetriableDatanodeCommand type=deleteBlocksCommand with id=1568724556058 timed out. Retrying.
2019-09-17 12:49:30,413 [pool-7-thread-6] INFO  commands.RetriableDatanodeEventWatcher (RetriableDatanodeEventWatcher.java:onTimeout(47)) - RetriableDatanodeCommand type=deleteBlocksCommand with id=1568724556087 timed out. Retrying.
2019-09-17 12:49:30,420 [pool-7-thread-6] INFO  commands.RetriableDatanodeEventWatcher (RetriableDatanodeEventWatcher.java:onTimeout(47)) - RetriableDatanodeCommand type=deleteBlocksCommand with id=1568724556009 timed out. Retrying.
2019-09-17 12:49:30,423 [pool-7-thread-6] INFO  commands.RetriableDatanodeEventWatcher (RetriableDatanodeEventWatcher.java:onTimeout(47)) - RetriableDatanodeCommand type=deleteBlocksCommand with id=1568724556068 timed out. Retrying.
2019-09-17 12:49:30,426 [pool-7-thread-6] INFO  commands.RetriableDatanodeEventWatcher (RetriableDatanodeEventWatcher.java:onTimeout(47)) - RetriableDatanodeCommand type=deleteBlocksCommand with id=1568724556097 timed out. Retrying.
2019-09-17 12:49:30,426 [pool-7-thread-6] INFO  commands.RetriableDatanodeEventWatcher (RetriableDatanodeEventWatcher.java:onTimeout(47)) - RetriableDatanodeCommand type=deleteBlocksCommand with id=1568724556126 timed out. Retrying.
2019-09-17 12:49:30,439 [pool-7-thread-6] INFO  commands.RetriableDatanodeEventWatcher (RetriableDatanodeEventWatcher.java:onTimeout(47)) - RetriableDatanodeCommand type=deleteBlocksCommand with id=1568724556107 timed out. Retrying.
2019-09-17 12:49:30,439 [pool-7-thread-10] INFO  commands.RetriableDatanodeEventWatcher (RetriableDatanodeEventWatcher.java:onTimeout(47)) - RetriableDatanodeCommand type=deleteBlocksCommand with id=1568724556019 timed out. Retrying.
2019-09-17 12:49:30,454 [pool-7-thread-10] INFO  commands.RetriableDatanodeEventWatcher (RetriableDatanodeEventWatcher.java:onTimeout(47)) - RetriableDatanodeCommand type=deleteBlocksCommand with id=1568724556117 timed out. Retrying.
2019-09-17 12:49:30,457 [pool-7-thread-10] INFO  commands.RetriableDatanodeEventWatcher (RetriableDatanodeEventWatcher.java:onTimeout(47)) - RetriableDatanodeCommand type=deleteBlocksCommand with id=1568724556029 timed out. Retrying.
2019-09-17 12:49:30,474 [pool-7-thread-10] INFO  commands.RetriableDatanodeEventWatcher (RetriableDatanodeEventWatcher.java:onTimeout(47)) - RetriableDatanodeCommand type=deleteBlocksCommand with id=1568724556039 timed out. Retrying.
2019-09-17 12:49:30,484 [IPC Server handler 11 on 40863] WARN  block.DeletedBlockLogImpl (DeletedBlockLogImpl.java:incrementCount(141)) - Deleted TXID not found.
2019-09-17 12:49:30,485 [IPC Server handler 11 on 40863] WARN  block.DeletedBlockLogImpl (DeletedBlockLogImpl.java:incrementCount(141)) - Deleted TXID not found.
2019-09-17 12:49:30,485 [IPC Server handler 11 on 40863] WARN  block.DeletedBlockLogImpl (DeletedBlockLogImpl.java:incrementCount(141)) - Deleted TXID not found.
2019-09-17 12:49:30,485 [IPC Server handler 11 on 40863] WARN  block.DeletedBlockLogImpl (DeletedBlockLogImpl.java:incrementCount(141)) - Deleted TXID not found.
2019-09-17 12:49:30,485 [IPC Server handler 11 on 40863] WARN  block.DeletedBlockLogImpl (DeletedBlockLogImpl.java:incrementCount(141)) - Deleted TXID not found.
2019-09-17 12:49:30,485 [IPC Server handler 11 on 40863] WARN  block.DeletedBlockLogImpl (DeletedBlockLogImpl.java:incrementCount(141)) - Deleted TXID not found.
2019-09-17 12:49:30,485 [IPC Server handler 11 on 40863] WARN  block.DeletedBlockLogImpl (DeletedBlockLogImpl.java:incrementCount(141)) - Deleted TXID not found.
2019-09-17 12:49:30,485 [IPC Server handler 11 on 40863] WARN  block.DeletedBlockLogImpl (DeletedBlockLogImpl.java:incrementCount(141)) - Deleted TXID not found.
2019-09-17 12:49:30,486 [IPC Server handler 11 on 40863] WARN  block.DeletedBlockLogImpl (DeletedBlockLogImpl.java:incrementCount(141)) - Deleted TXID not found.
2019-09-17 12:49:30,486 [IPC Server handler 11 on 40863] WARN  block.DeletedBlockLogImpl (DeletedBlockLogImpl.java:incrementCount(141)) - Deleted TXID not found.
2019-09-17 12:49:30,486 [IPC Server handler 11 on 40863] WARN  block.DeletedBlockLogImpl (DeletedBlockLogImpl.java:incrementCount(141)) - Deleted TXID not found.
2019-09-17 12:49:30,486 [IPC Server handler 11 on 40863] WARN  block.DeletedBlockLogImpl (DeletedBlockLogImpl.java:incrementCount(141)) - Deleted TXID not found.
2019-09-17 12:49:30,486 [IPC Server handler 11 on 40863] WARN  block.DeletedBlockLogImpl (DeletedBlockLogImpl.java:incrementCount(141)) - Deleted TXID not found.
2019-09-17 12:49:30,486 [IPC Server handler 11 on 40863] WARN  block.DeletedBlockLogImpl (DeletedBlockLogImpl.java:incrementCount(141)) - Deleted TXID not found.
2019-09-17 12:49:30,486 [IPC Server handler 11 on 40863] WARN  block.DeletedBlockLogImpl (DeletedBlockLogImpl.java:incrementCount(141)) - Deleted TXID not found.
2019-09-17 12:49:30,486 [IPC Server handler 11 on 40863] WARN  block.DeletedBlockLogImpl (DeletedBlockLogImpl.java:incrementCount(141)) - Deleted TXID not found.
2019-09-17 12:49:30,486 [IPC Server handler 11 on 40863] WARN  block.DeletedBlockLogImpl (DeletedBlockLogImpl.java:incrementCount(141)) - Deleted TXID not found.
2019-09-17 12:49:30,486 [IPC Server handler 11 on 40863] WARN  block.DeletedBlockLogImpl (DeletedBlockLogImpl.java:incrementCount(141)) - Deleted TXID not found.
2019-09-17 12:49:30,486 [IPC Server handler 11 on 40863] WARN  block.DeletedBlockLogImpl (DeletedBlockLogImpl.java:incrementCount(141)) - Deleted TXID not found.
2019-09-17 12:49:30,487 [IPC Server handler 11 on 40863] WARN  block.DeletedBlockLogImpl (DeletedBlockLogImpl.java:incrementCount(141)) - Deleted TXID not found.
2019-09-17 12:49:30,487 [IPC Server handler 11 on 40863] WARN  block.DeletedBlockLogImpl (DeletedBlockLogImpl.java:incrementCount(141)) - Deleted TXID not found.
2019-09-17 12:49:30,487 [IPC Server handler 11 on 40863] WARN  block.DeletedBlockLogImpl (DeletedBlockLogImpl.java:incrementCount(141)) - Deleted TXID not found.
2019-09-17 12:49:30,487 [IPC Server handler 11 on 40863] WARN  block.DeletedBlockLogImpl (DeletedBlockLogImpl.java:incrementCount(141)) - Deleted TXID not found.
2019-09-17 12:49:30,487 [IPC Server handler 11 on 40863] WARN  block.DeletedBlockLogImpl (DeletedBlockLogImpl.java:incrementCount(141)) - Deleted TXID not found.
2019-09-17 12:49:30,487 [IPC Server handler 11 on 40863] WARN  block.DeletedBlockLogImpl (DeletedBlockLogImpl.java:incrementCount(141)) - Deleted TXID not found.
2019-09-17 12:49:30,487 [IPC Server handler 11 on 40863] WARN  block.DeletedBlockLogImpl (DeletedBlockLogImpl.java:incrementCount(141)) - Deleted TXID not found.
2019-09-17 12:49:30,487 [IPC Server handler 11 on 40863] WARN  block.DeletedBlockLogImpl (DeletedBlockLogImpl.java:incrementCount(141)) - Deleted TXID not found.
2019-09-17 12:49:30,487 [IPC Server handler 11 on 40863] WARN  block.DeletedBlockLogImpl (DeletedBlockLogImpl.java:incrementCount(141)) - Deleted TXID not found.
2019-09-17 12:49:30,487 [IPC Server handler 11 on 40863] WARN  block.DeletedBlockLogImpl (DeletedBlockLogImpl.java:incrementCount(141)) - Deleted TXID not found.
2019-09-17 12:49:30,488 [IPC Server handler 11 on 40863] WARN  block.DeletedBlockLogImpl (DeletedBlockLogImpl.java:incrementCount(141)) - Deleted TXID not found.
2019-09-17 12:49:30,488 [IPC Server handler 11 on 40863] WARN  block.DeletedBlockLogImpl (DeletedBlockLogImpl.java:incrementCount(141)) - Deleted TXID not found.
2019-09-17 12:49:30,488 [IPC Server handler 11 on 40863] WARN  block.DeletedBlockLogImpl (DeletedBlockLogImpl.java:incrementCount(141)) - Deleted TXID not found.
2019-09-17 12:49:30,488 [IPC Server handler 11 on 40863] WARN  block.DeletedBlockLogImpl (DeletedBlockLogImpl.java:incrementCount(141)) - Deleted TXID not found.
2019-09-17 12:49:30,488 [IPC Server handler 11 on 40863] WARN  block.DeletedBlockLogImpl (DeletedBlockLogImpl.java:incrementCount(141)) - Deleted TXID not found.
2019-09-17 12:49:30,488 [IPC Server handler 11 on 40863] WARN  block.DeletedBlockLogImpl (DeletedBlockLogImpl.java:incrementCount(141)) - Deleted TXID not found.
2019-09-17 12:49:30,488 [IPC Server handler 11 on 40863] WARN  block.DeletedBlockLogImpl (DeletedBlockLogImpl.java:incrementCount(141)) - Deleted TXID not found.
2019-09-17 12:49:30,488 [IPC Server handler 11 on 40863] WARN  block.DeletedBlockLogImpl (DeletedBlockLogImpl.java:incrementCount(141)) - Deleted TXID not found.
2019-09-17 12:49:30,488 [IPC Server handler 11 on 40863] WARN  block.DeletedBlockLogImpl (DeletedBlockLogImpl.java:incrementCount(141)) - Deleted TXID not found.
2019-09-17 12:49:30,488 [IPC Server handler 11 on 40863] WARN  block.DeletedBlockLogImpl (DeletedBlockLogImpl.java:incrementCount(141)) - Deleted TXID not found.
2019-09-17 12:49:30,488 [IPC Server handler 11 on 40863] WARN  block.DeletedBlockLogImpl (DeletedBlockLogImpl.java:incrementCount(141)) - Deleted TXID not found.
2019-09-17 12:49:30,489 [IPC Server handler 11 on 40863] WARN  block.DeletedBlockLogImpl (DeletedBlockLogImpl.java:incrementCount(141)) - Deleted TXID not found.
2019-09-17 12:49:30,489 [IPC Server handler 11 on 40863] WARN  block.DeletedBlockLogImpl (DeletedBlockLogImpl.java:incrementCount(141)) - Deleted TXID not found.
2019-09-17 12:49:30,489 [IPC Server handler 11 on 40863] WARN  block.DeletedBlockLogImpl (DeletedBlockLogImpl.java:incrementCount(141)) - Deleted TXID not found.
2019-09-17 12:49:30,489 [IPC Server handler 11 on 40863] WARN  block.DeletedBlockLogImpl (DeletedBlockLogImpl.java:incrementCount(141)) - Deleted TXID not found.
2019-09-17 12:49:30,489 [IPC Server handler 11 on 40863] WARN  block.DeletedBlockLogImpl (DeletedBlockLogImpl.java:incrementCount(141)) - Deleted TXID not found.
2019-09-17 12:49:30,489 [IPC Server handler 11 on 40863] WARN  block.DeletedBlockLogImpl (DeletedBlockLogImpl.java:incrementCount(141)) - Deleted TXID not found.
2019-09-17 12:49:30,489 [IPC Server handler 11 on 40863] WARN  block.DeletedBlockLogImpl (DeletedBlockLogImpl.java:incrementCount(141)) - Deleted TXID not found.
2019-09-17 12:49:30,489 [IPC Server handler 11 on 40863] WARN  block.DeletedBlockLogImpl (DeletedBlockLogImpl.java:incrementCount(141)) - Deleted TXID not found.
2019-09-17 12:49:30,489 [IPC Server handler 11 on 40863] WARN  block.DeletedBlockLogImpl (DeletedBlockLogImpl.java:incrementCount(141)) - Deleted TXID not found.
2019-09-17 12:49:30,489 [IPC Server handler 11 on 40863] WARN  block.DeletedBlockLogImpl (DeletedBlockLogImpl.java:incrementCount(141)) - Deleted TXID not found.
2019-09-17 12:49:30,490 [IPC Server handler 11 on 40863] WARN  block.DeletedBlockLogImpl (DeletedBlockLogImpl.java:incrementCount(141)) - Deleted TXID not found.
2019-09-17 12:49:30,490 [IPC Server handler 11 on 40863] WARN  block.DeletedBlockLogImpl (DeletedBlockLogImpl.java:incrementCount(141)) - Deleted TXID not found.
2019-09-17 12:49:30,490 [IPC Server handler 11 on 40863] WARN  block.DeletedBlockLogImpl (DeletedBlockLogImpl.java:incrementCount(141)) - Deleted TXID not found.
2019-09-17 12:49:30,490 [IPC Server handler 11 on 40863] WARN  block.DeletedBlockLogImpl (DeletedBlockLogImpl.java:incrementCount(141)) - Deleted TXID not found.
2019-09-17 12:49:30,490 [IPC Server handler 11 on 40863] WARN  block.DeletedBlockLogImpl (DeletedBlockLogImpl.java:incrementCount(141)) - Deleted TXID not found.
2019-09-17 12:49:30,490 [IPC Server handler 11 on 40863] WARN  block.DeletedBlockLogImpl (DeletedBlockLogImpl.java:incrementCount(141)) - Deleted TXID not found.
2019-09-17 12:49:30,490 [IPC Server handler 11 on 40863] WARN  block.DeletedBlockLogImpl (DeletedBlockLogImpl.java:incrementCount(141)) - Deleted TXID not found.
2019-09-17 12:49:30,490 [IPC Server handler 11 on 40863] WARN  block.DeletedBlockLogImpl (DeletedBlockLogImpl.java:incrementCount(141)) - Deleted TXID not found.
2019-09-17 12:49:30,490 [IPC Server handler 11 on 40863] WARN  block.DeletedBlockLogImpl (DeletedBlockLogImpl.java:incrementCount(141)) - Deleted TXID not found.
2019-09-17 12:49:30,490 [IPC Server handler 11 on 40863] WARN  block.DeletedBlockLogImpl (DeletedBlockLogImpl.java:incrementCount(141)) - Deleted TXID not found.
2019-09-17 12:49:30,490 [IPC Server handler 11 on 40863] WARN  block.DeletedBlockLogImpl (DeletedBlockLogImpl.java:incrementCount(141)) - Deleted TXID not found.
2019-09-17 12:49:30,491 [IPC Server handler 11 on 40863] WARN  block.DeletedBlockLogImpl (DeletedBlockLogImpl.java:incrementCount(141)) - Deleted TXID not found.
2019-09-17 12:49:30,491 [IPC Server handler 11 on 40863] WARN  block.DeletedBlockLogImpl (DeletedBlockLogImpl.java:incrementCount(141)) - Deleted TXID not found.
2019-09-17 12:49:30,491 [IPC Server handler 11 on 40863] WARN  block.DeletedBlockLogImpl (DeletedBlockLogImpl.java:incrementCount(141)) - Deleted TXID not found.
2019-09-17 12:49:30,491 [IPC Server handler 11 on 40863] WARN  block.DeletedBlockLogImpl (DeletedBlockLogImpl.java:incrementCount(141)) - Deleted TXID not found.
2019-09-17 12:49:30,491 [IPC Server handler 11 on 40863] WARN  block.DeletedBlockLogImpl (DeletedBlockLogImpl.java:incrementCount(141)) - Deleted TXID not found.
2019-09-17 12:49:30,491 [IPC Server handler 11 on 40863] WARN  block.DeletedBlockLogImpl (DeletedBlockLogImpl.java:incrementCount(141)) - Deleted TXID not found.
2019-09-17 12:49:30,491 [IPC Server handler 11 on 40863] WARN  block.DeletedBlockLogImpl (DeletedBlockLogImpl.java:incrementCount(141)) - Deleted TXID not found.
2019-09-17 12:49:30,491 [IPC Server handler 11 on 40863] WARN  block.DeletedBlockLogImpl (DeletedBlockLogImpl.java:incrementCount(141)) - Deleted TXID not found.
2019-09-17 12:49:30,491 [IPC Server handler 11 on 40863] WARN  block.DeletedBlockLogImpl (DeletedBlockLogImpl.java:incrementCount(141)) - Deleted TXID not found.
2019-09-17 12:49:30,491 [IPC Server handler 11 on 40863] WARN  block.DeletedBlockLogImpl (DeletedBlockLogImpl.java:incrementCount(141)) - Deleted TXID not found.
2019-09-17 12:49:30,491 [IPC Server handler 11 on 40863] WARN  block.DeletedBlockLogImpl (DeletedBlockLogImpl.java:incrementCount(141)) - Deleted TXID not found.
2019-09-17 12:49:30,492 [IPC Server handler 11 on 40863] WARN  block.DeletedBlockLogImpl (DeletedBlockLogImpl.java:incrementCount(141)) - Deleted TXID not found.
2019-09-17 12:49:30,492 [IPC Server handler 11 on 40863] WARN  block.DeletedBlockLogImpl (DeletedBlockLogImpl.java:incrementCount(141)) - Deleted TXID not found.
2019-09-17 12:49:30,492 [IPC Server handler 11 on 40863] WARN  block.DeletedBlockLogImpl (DeletedBlockLogImpl.java:incrementCount(141)) - Deleted TXID not found.
2019-09-17 12:49:30,492 [IPC Server handler 11 on 40863] WARN  block.DeletedBlockLogImpl (DeletedBlockLogImpl.java:incrementCount(141)) - Deleted TXID not found.
2019-09-17 12:49:30,492 [IPC Server handler 11 on 40863] WARN  block.DeletedBlockLogImpl (DeletedBlockLogImpl.java:incrementCount(141)) - Deleted TXID not found.
2019-09-17 12:49:30,492 [IPC Server handler 11 on 40863] WARN  block.DeletedBlockLogImpl (DeletedBlockLogImpl.java:incrementCount(141)) - Deleted TXID not found.
2019-09-17 12:49:30,492 [IPC Server handler 11 on 40863] WARN  block.DeletedBlockLogImpl (DeletedBlockLogImpl.java:incrementCount(141)) - Deleted TXID not found.
2019-09-17 12:49:30,492 [IPC Server handler 11 on 40863] WARN  block.DeletedBlockLogImpl (DeletedBlockLogImpl.java:incrementCount(141)) - Deleted TXID not found.
2019-09-17 12:49:30,492 [IPC Server handler 11 on 40863] WARN  block.DeletedBlockLogImpl (DeletedBlockLogImpl.java:incrementCount(141)) - Deleted TXID not found.
2019-09-17 12:49:30,492 [IPC Server handler 11 on 40863] WARN  block.DeletedBlockLogImpl (DeletedBlockLogImpl.java:incrementCount(141)) - Deleted TXID not found.
2019-09-17 12:49:30,493 [IPC Server handler 11 on 40863] WARN  block.DeletedBlockLogImpl (DeletedBlockLogImpl.java:incrementCount(141)) - Deleted TXID not found.
2019-09-17 12:49:30,493 [IPC Server handler 11 on 40863] WARN  block.DeletedBlockLogImpl (DeletedBlockLogImpl.java:incrementCount(141)) - Deleted TXID not found.
2019-09-17 12:49:30,4932019-09-17 12:49:30,493 [ [IPC Server handler 11 on 40863] WARN  block.DeletedBlockLogImpl (pool-7-thread-10] INFO  commands.RetriableDatanodeEventWatcher (DeletedBlockLogImpl.java:incrementCount(141)) - Deleted TXID not found.
2019-09-17 12:49:30,493 [IPC Server handler 11 on 40863] WARN  block.DeletedBlockLogImpl (DeletedBlockLogImpl.java:incrementCount(141)) - Deleted TXID not found.
2019-09-17 12:49:30,493 [IPC Server handler 11 on 40863] WARN  block.DeletedBlockLogImpl (DeletedBlockLogImpl.java:incrementCount(141)) - Deleted TXID not found.
2019-09-17 12:49:30,493 [pool-7-thread-10] INFO  commands.RetriableDatanodeEventWatcher (RetriableDatanodeEventWatcher.java:onTimeout(47)) - RetriableDatanodeCommand type=deleteBlocksCommand with id=1568724556049 timed out. Retrying.
2019-09-17 12:49:30,493 [pool-7-thread-6] INFO  commands.RetriableDatanodeEventWatcher (RetriableDatanodeEventWatcher.java:onTimeout(47)) - RetriableDatanodeCommand type=deleteBlocksCommand with id=1568724556136 timed out. Retrying.
DeletedBlockLogImpl.java:incrementCount(141)) - Deleted TXID not found.
2019-09-17 12:49:30,493 [pool-7-thread-6] INFO  commands.RetriableDatanodeEventWatcher (RetriableDatanodeEventWatcher.java:onTimeout(47)) - RetriableDatanodeCommand type=deleteBlocksCommand with id=1568724556136 timed out. Retrying.
2019-09-17 12:49:30,493 [IPC Server handler 11 on 40863] WARN  block.DeletedBlockLogImpl (DeletedBlockLogImpl.java:incrementCount(141)) - Deleted TXID not found.
2019-09-17 12:49:30,493 [IPC Server handler 11 on 40863] WARN  block.DeletedBlockLogImpl (DeletedBlockLogImpl.java:incrementCount(141)) - Deleted TXID not found.
2019-09-17 12:49:30,494 [IPC Server handler 11 on 40863] WARN  block.DeletedBlockLogImpl (DeletedBlockLogImpl.java:incrementCount(141)) - Deleted TXID not found.
2019-09-17 12:49:30,494 [IPC Server handler 11 on 40863] WARN  block.DeletedBlockLogImpl (DeletedBlockLogImpl.java:incrementCount(141)) - Deleted TXID not found.
2019-09-17 12:49:30,494 [IPC Server handler 11 on 40863] WARN  block.DeletedBlockLogImpl (DeletedBlockLogImpl.java:incrementCount(141)) - Deleted TXID not found.
2019-09-17 12:49:30,499 [pool-7-thread-6] INFO  commands.RetriableDatanodeEventWatcher (RetriableDatanodeEventWatcher.java:onTimeout(47)) - RetriableDatanodeCommand type=deleteBlocksCommand with id=1568724556078 timed out. Retrying.
2019-09-17 12:49:30,503 [SCMBlockDeletingService#1] DEBUG block.SCMBlockDeletingService (SCMBlockDeletingService.java:call(138)) - Running DeletedBlockTransactionScanner
2019-09-17 12:49:30,503 [SCMBlockDeletingService#1] DEBUG block.SCMBlockDeletingService (SCMBlockDeletingService.java:call(155)) - Scanned deleted blocks log and got 0 delTX to process.
2019-09-17 12:49:30,511 [pool-7-thread-6] INFO  commands.RetriableDatanodeEventWatcher (RetriableDatanodeEventWatcher.java:onTimeout(47)) - RetriableDatanodeCommand type=deleteBlocksCommand with id=1568724556059 timed out. Retrying.
2019-09-17 12:49:30,513 [pool-7-thread-6] INFO  commands.RetriableDatanodeEventWatcher (RetriableDatanodeEventWatcher.java:onTimeout(47)) - RetriableDatanodeCommand type=deleteBlocksCommand with id=1568724556088 timed out. Retrying.
2019-09-17 12:49:30,554 [pool-7-thread-10] INFO  commands.RetriableDatanodeEventWatcher (RetriableDatanodeEventWatcher.java:onTimeout(47)) - RetriableDatanodeCommand type=deleteBlocksCommand with id=1568724556108 timed out. Retrying.
2019-09-17 12:49:30,554 [pool-7-thread-5] INFO  commands.RetriableDatanodeEventWatcher (RetriableDatanodeEventWatcher.java:onTimeout(47)) - RetriableDatanodeCommand type=deleteBlocksCommand with id=1568724556098 timed out. Retrying.
2019-09-17 12:49:30,554 [pool-7-thread-4] INFO  commands.RetriableDatanodeEventWatcher (RetriableDatanodeEventWatcher.java:onTimeout(47)) - RetriableDatanodeCommand type=deleteBlocksCommand with id=1568724556020 timed out. Retrying.
2019-09-17 12:49:30,555 [pool-7-thread-6] INFO  commands.RetriableDatanodeEventWatcher (RetriableDatanodeEventWatcher.java:onTimeout(47)) - RetriableDatanodeCommand type=deleteBlocksCommand with id=1568724556069 timed out. Retrying.
2019-09-17 12:49:30,555 [pool-7-thread-2] INFO  commands.RetriableDatanodeEventWatcher (RetriableDatanodeEventWatcher.java:onTimeout(47)) - RetriableDatanodeCommand type=deleteBlocksCommand with id=1568724556127 timed out. Retrying.
2019-09-17 12:49:30,555 [pool-7-thread-7] INFO  commands.RetriableDatanodeEventWatcher (RetriableDatanodeEventWatcher.java:onTimeout(47)) - RetriableDatanodeCommand type=deleteBlocksCommand with id=1568724556010 timed out. Retrying.
2019-09-17 12:49:30,555 [pool-7-thread-5] INFO  commands.RetriableDatanodeEventWatcher (RetriableDatanodeEventWatcher.java:onTimeout(47)) - RetriableDatanodeCommand type=deleteBlocksCommand with id=1568724556118 timed out. Retrying.
2019-09-17 12:49:30,557 [pool-7-thread-5] INFO  commands.RetriableDatanodeEventWatcher (RetriableDatanodeEventWatcher.java:onTimeout(47)) - RetriableDatanodeCommand type=deleteBlocksCommand with id=1568724556030 timed out. Retrying.
2019-09-17 12:49:30,578 [pool-7-thread-5] INFO  commands.RetriableDatanodeEventWatcher (RetriableDatanodeEventWatcher.java:onTimeout(47)) - RetriableDatanodeCommand type=deleteBlocksCommand with id=1568724556040 timed out. Retrying.
2019-09-17 12:49:30,592 [pool-7-thread-5] INFO  commands.RetriableDatanodeEventWatcher (RetriableDatanodeEventWatcher.java:onTimeout(47)) - RetriableDatanodeCommand type=deleteBlocksCommand with id=1568724556050 timed out. Retrying.
2019-09-17 12:49:30,593 [pool-7-thread-5] INFO  commands.RetriableDatanodeEventWatcher (RetriableDatanodeEventWatcher.java:onTimeout(47)) - RetriableDatanodeCommand type=deleteBlocksCommand with id=1568724556137 timed out. Retrying.
2019-09-17 12:49:30,600 [pool-7-thread-5] INFO  commands.RetriableDatanodeEventWatcher (RetriableDatanodeEventWatcher.java:onTimeout(47)) - RetriableDatanodeCommand type=deleteBlocksCommand with id=1568724556079 timed out. Retrying.
2019-09-17 12:49:30,603 [SCMBlockDeletingService#1] DEBUG block.SCMBlockDeletingService (SCMBlockDeletingService.java:call(138)) - Running DeletedBlockTransactionScanner
2019-09-17 12:49:30,604 [SCMBlockDeletingService#1] DEBUG block.SCMBlockDeletingService (SCMBlockDeletingService.java:call(155)) - Scanned deleted blocks log and got 0 delTX to process.
2019-09-17 12:49:30,613 [pool-7-thread-7] INFO  commands.RetriableDatanodeEventWatcher (RetriableDatanodeEventWatcher.java:onTimeout(47)) - RetriableDatanodeCommand type=deleteBlocksCommand with id=1568724556060 timed out. Retrying.
2019-09-17 12:49:30,614 [pool-7-thread-5] INFO  commands.RetriableDatanodeEventWatcher (RetriableDatanodeEventWatcher.java:onTimeout(47)) - RetriableDatanodeCommand type=deleteBlocksCommand with id=1568724556089 timed out. Retrying.
2019-09-17 12:49:30,627 [pool-7-thread-5] INFO  commands.RetriableDatanodeEventWatcher (RetriableDatanodeEventWatcher.java:onTimeout(47)) - RetriableDatanodeCommand type=deleteBlocksCommand with id=1568724556070 timed out. Retrying.
2019-09-17 12:49:30,627 [pool-7-thread-7] INFO  commands.RetriableDatanodeEventWatcher (RetriableDatanodeEventWatcher.java:onTimeout(47)) - RetriableDatanodeCommand type=deleteBlocksCommand with id=1568724556011 timed out. Retrying.
2019-09-17 12:49:30,627 [pool-7-thread-7] INFO  commands.RetriableDatanodeEventWatcher (RetriableDatanodeEventWatcher.java:onTimeout(47)) - RetriableDatanodeCommand type=deleteBlocksCommand with id=1568724556099 timed out. Retrying.
2019-09-17 12:49:30,632 [pool-7-thread-7] INFO  commands.RetriableDatanodeEventWatcher (RetriableDatanodeEventWatcher.java:onTimeout(47)) - RetriableDatanodeCommand type=deleteBlocksCommand with id=1568724556128 timed out. Retrying.
2019-09-17 12:49:30,643 [pool-7-thread-5] INFO  commands.RetriableDatanodeEventWatcher (RetriableDatanodeEventWatcher.java:onTimeout(47)) - RetriableDatanodeCommand type=deleteBlocksCommand with id=1568724556021 timed out. Retrying.
2019-09-17 12:49:30,643 [pool-7-thread-7] INFO  commands.RetriableDatanodeEventWatcher (RetriableDatanodeEventWatcher.java:onTimeout(47)) - RetriableDatanodeCommand type=deleteBlocksCommand with id=1568724556109 timed out. Retrying.
2019-09-17 12:49:30,657 [pool-7-thread-7] INFO  commands.RetriableDatanodeEventWatcher (RetriableDatanodeEventWatcher.java:onTimeout(47)) - RetriableDatanodeCommand type=deleteBlocksCommand with id=1568724556119 timed out. Retrying.
2019-09-17 12:49:30,661 [pool-7-thread-7] INFO  commands.RetriableDatanodeEventWatcher (RetriableDatanodeEventWatcher.java:onTimeout(47)) - RetriableDatanodeCommand type=deleteBlocksCommand with id=1568724556031 timed out. Retrying.
2019-09-17 12:49:30,680 [pool-7-thread-7] INFO  commands.RetriableDatanodeEventWatcher (RetriableDatanodeEventWatcher.java:onTimeout(47)) - RetriableDatanodeCommand type=deleteBlocksCommand with id=1568724556041 timed out. Retrying.
2019-09-17 12:49:30,685 [IPC Server handler 7 on 40863] WARN  block.DeletedBlockLogImpl (DeletedBlockLogImpl.java:incrementCount(141)) - Deleted TXID not found.
2019-09-17 12:49:30,685 [IPC Server handler 7 on 40863] WARN  block.DeletedBlockLogImpl (DeletedBlockLogImpl.java:incrementCount(141)) - Deleted TXID not found.
2019-09-17 12:49:30,686 [IPC Server handler 7 on 40863] WARN  block.DeletedBlockLogImpl (DeletedBlockLogImpl.java:incrementCount(141)) - Deleted TXID not found.
2019-09-17 12:49:30,686 [IPC Server handler 7 on 40863] WARN  block.DeletedBlockLogImpl (DeletedBlockLogImpl.java:incrementCount(141)) - Deleted TXID not found.
2019-09-17 12:49:30,686 [IPC Server handler 7 on 40863] WARN  block.DeletedBlockLogImpl (DeletedBlockLogImpl.java:incrementCount(141)) - Deleted TXID not found.
2019-09-17 12:49:30,686 [IPC Server handler 7 on 40863] WARN  block.DeletedBlockLogImpl (DeletedBlockLogImpl.java:incrementCount(141)) - Deleted TXID not found.
2019-09-17 12:49:30,686 [IPC Server handler 7 on 40863] WARN  block.DeletedBlockLogImpl (DeletedBlockLogImpl.java:incrementCount(141)) - Deleted TXID not found.
2019-09-17 12:49:30,686 [IPC Server handler 7 on 40863] WARN  block.DeletedBlockLogImpl (DeletedBlockLogImpl.java:incrementCount(141)) - Deleted TXID not found.
2019-09-17 12:49:30,686 [IPC Server handler 7 on 40863] WARN  block.DeletedBlockLogImpl (DeletedBlockLogImpl.java:incrementCount(141)) - Deleted TXID not found.
2019-09-17 12:49:30,687 [IPC Server handler 7 on 40863] WARN  block.DeletedBlockLogImpl (DeletedBlockLogImpl.java:incrementCount(141)) - Deleted TXID not found.
2019-09-17 12:49:30,687 [IPC Server handler 7 on 40863] WARN  block.DeletedBlockLogImpl (DeletedBlockLogImpl.java:incrementCount(141)) - Deleted TXID not found.
2019-09-17 12:49:30,687 [IPC Server handler 7 on 40863] WARN  block.DeletedBlockLogImpl (DeletedBlockLogImpl.java:incrementCount(141)) - Deleted TXID not found.
2019-09-17 12:49:30,687 [IPC Server handler 7 on 40863] WARN  block.DeletedBlockLogImpl (DeletedBlockLogImpl.java:incrementCount(141)) - Deleted TXID not found.
2019-09-17 12:49:30,687 [IPC Server handler 7 on 40863] WARN  block.DeletedBlockLogImpl (DeletedBlockLogImpl.java:incrementCount(141)) - Deleted TXID not found.
2019-09-17 12:49:30,687 [IPC Server handler 7 on 40863] WARN  block.DeletedBlockLogImpl (DeletedBlockLogImpl.java:incrementCount(141)) - Deleted TXID not found.
2019-09-17 12:49:30,687 [IPC Server handler 7 on 40863] WARN  block.DeletedBlockLogImpl (DeletedBlockLogImpl.java:incrementCount(141)) - Deleted TXID not found.
2019-09-17 12:49:30,687 [IPC Server handler 7 on 40863] WARN  block.DeletedBlockLogImpl (DeletedBlockLogImpl.java:incrementCount(141)) - Deleted TXID not found.
2019-09-17 12:49:30,688 [IPC Server handler 7 on 40863] WARN  block.DeletedBlockLogImpl (DeletedBlockLogImpl.java:incrementCount(141)) - Deleted TXID not found.
2019-09-17 12:49:30,688 [IPC Server handler 7 on 40863] WARN  block.DeletedBlockLogImpl (DeletedBlockLogImpl.java:incrementCount(141)) - Deleted TXID not found.
2019-09-17 12:49:30,688 [IPC Server handler 7 on 40863] WARN  block.DeletedBlockLogImpl (DeletedBlockLogImpl.java:incrementCount(141)) - Deleted TXID not found.
2019-09-17 12:49:30,688 [IPC Server handler 7 on 40863] WARN  block.DeletedBlockLogImpl (DeletedBlockLogImpl.java:incrementCount(141)) - Deleted TXID not found.
2019-09-17 12:49:30,688 [IPC Server handler 7 on 40863] WARN  block.DeletedBlockLogImpl (DeletedBlockLogImpl.java:incrementCount(141)) - Deleted TXID not found.
2019-09-17 12:49:30,688 [IPC Server handler 7 on 40863] WARN  block.DeletedBlockLogImpl (DeletedBlockLogImpl.java:incrementCount(141)) - Deleted TXID not found.
2019-09-17 12:49:30,688 [IPC Server handler 7 on 40863] WARN  block.DeletedBlockLogImpl (DeletedBlockLogImpl.java:incrementCount(141)) - Deleted TXID not found.
2019-09-17 12:49:30,688 [IPC Server handler 7 on 40863] WARN  block.DeletedBlockLogImpl (DeletedBlockLogImpl.java:incrementCount(141)) - Deleted TXID not found.
2019-09-17 12:49:30,689 [IPC Server handler 7 on 40863] WARN  block.DeletedBlockLogImpl (DeletedBlockLogImpl.java:incrementCount(141)) - Deleted TXID not found.
2019-09-17 12:49:30,689 [IPC Server handler 7 on 40863] WARN  block.DeletedBlockLogImpl (DeletedBlockLogImpl.java:incrementCount(141)) - Deleted TXID not found.
2019-09-17 12:49:30,689 [IPC Server handler 7 on 40863] WARN  block.DeletedBlockLogImpl (DeletedBlockLogImpl.java:incrementCount(141)) - Deleted TXID not found.
2019-09-17 12:49:30,689 [IPC Server handler 7 on 40863] WARN  block.DeletedBlockLogImpl (DeletedBlockLogImpl.java:incrementCount(141)) - Deleted TXID not found.
2019-09-17 12:49:30,689 [IPC Server handler 7 on 40863] WARN  block.DeletedBlockLogImpl (DeletedBlockLogImpl.java:incrementCount(141)) - Deleted TXID not found.
2019-09-17 12:49:30,689 [IPC Server handler 7 on 40863] WARN  block.DeletedBlockLogImpl (DeletedBlockLogImpl.java:incrementCount(141)) - Deleted TXID not found.
2019-09-17 12:49:30,689 [IPC Server handler 7 on 40863] WARN  block.DeletedBlockLogImpl (DeletedBlockLogImpl.java:incrementCount(141)) - Deleted TXID not found.
2019-09-17 12:49:30,690 [IPC Server handler 7 on 40863] WARN  block.DeletedBlockLogImpl (DeletedBlockLogImpl.java:incrementCount(141)) - Deleted TXID not found.
2019-09-17 12:49:30,690 [IPC Server handler 7 on 40863] WARN  block.DeletedBlockLogImpl (DeletedBlockLogImpl.java:incrementCount(141)) - Deleted TXID not found.
2019-09-17 12:49:30,690 [IPC Server handler 7 on 40863] WARN  block.DeletedBlockLogImpl (DeletedBlockLogImpl.java:incrementCount(141)) - Deleted TXID not found.
2019-09-17 12:49:30,690 [IPC Server handler 7 on 40863] WARN  block.DeletedBlockLogImpl (DeletedBlockLogImpl.java:incrementCount(141)) - Deleted TXID not found.
2019-09-17 12:49:30,690 [IPC Server handler 7 on 40863] WARN  block.DeletedBlockLogImpl (DeletedBlockLogImpl.java:incrementCount(141)) - Deleted TXID not found.
2019-09-17 12:49:30,690 [IPC Server handler 7 on 40863] WARN  block.DeletedBlockLogImpl (DeletedBlockLogImpl.java:incrementCount(141)) - Deleted TXID not found.
2019-09-17 12:49:30,690 [IPC Server handler 7 on 40863] WARN  block.DeletedBlockLogImpl (DeletedBlockLogImpl.java:incrementCount(141)) - Deleted TXID not found.
2019-09-17 12:49:30,690 [IPC Server handler 7 on 40863] WARN  block.DeletedBlockLogImpl (DeletedBlockLogImpl.java:incrementCount(141)) - Deleted TXID not found.
2019-09-17 12:49:30,691 [IPC Server handler 7 on 40863] WARN  block.DeletedBlockLogImpl (DeletedBlockLogImpl.java:incrementCount(141)) - Deleted TXID not found.
2019-09-17 12:49:30,691 [IPC Server handler 7 on 40863] WARN  block.DeletedBlockLogImpl (DeletedBlockLogImpl.java:incrementCount(141)) - Deleted TXID not found.
2019-09-17 12:49:30,691 [IPC Server handler 7 on 40863] WARN  block.DeletedBlockLogImpl (DeletedBlockLogImpl.java:incrementCount(141)) - Deleted TXID not found.
2019-09-17 12:49:30,691 [IPC Server handler 7 on 40863] WARN  block.DeletedBlockLogImpl (DeletedBlockLogImpl.java:incrementCount(141)) - Deleted TXID not found.
2019-09-17 12:49:30,691 [IPC Server handler 7 on 40863] WARN  block.DeletedBlockLogImpl (DeletedBlockLogImpl.java:incrementCount(141)) - Deleted TXID not found.
2019-09-17 12:49:30,691 [IPC Server handler 7 on 40863] WARN  block.DeletedBlockLogImpl (DeletedBlockLogImpl.java:incrementCount(141)) - Deleted TXID not found.
2019-09-17 12:49:30,691 [IPC Server handler 7 on 40863] WARN  block.DeletedBlockLogImpl (DeletedBlockLogImpl.java:incrementCount(141)) - Deleted TXID not found.
2019-09-17 12:49:30,692 [IPC Server handler 7 on 40863] WARN  block.DeletedBlockLogImpl (DeletedBlockLogImpl.java:incrementCount(141)) - Deleted TXID not found.
2019-09-17 12:49:30,692 [IPC Server handler 7 on 40863] WARN  block.DeletedBlockLogImpl (DeletedBlockLogImpl.java:incrementCount(141)) - Deleted TXID not found.
2019-09-17 12:49:30,692 [IPC Server handler 7 on 40863] WARN  block.DeletedBlockLogImpl (DeletedBlockLogImpl.java:incrementCount(141)) - Deleted TXID not found.
2019-09-17 12:49:30,692 [IPC Server handler 7 on 40863] WARN  block.DeletedBlockLogImpl (DeletedBlockLogImpl.java:incrementCount(141)) - Deleted TXID not found.
2019-09-17 12:49:30,692 [IPC Server handler 7 on 40863] WARN  block.DeletedBlockLogImpl (DeletedBlockLogImpl.java:incrementCount(141)) - Deleted TXID not found.
2019-09-17 12:49:30,692 [IPC Server handler 7 on 40863] WARN  block.DeletedBlockLogImpl (DeletedBlockLogImpl.java:incrementCount(141)) - Deleted TXID not found.
2019-09-17 12:49:30,692 [IPC Server handler 7 on 40863] WARN  block.DeletedBlockLogImpl (DeletedBlockLogImpl.java:incrementCount(141)) - Deleted TXID not found.
2019-09-17 12:49:30,692 [IPC Server handler 7 on 40863] WARN  block.DeletedBlockLogImpl (DeletedBlockLogImpl.java:incrementCount(141)) - Deleted TXID not found.
2019-09-17 12:49:30,693 [IPC Server handler 7 on 40863] WARN  block.DeletedBlockLogImpl (DeletedBlockLogImpl.java:incrementCount(141)) - Deleted TXID not found.
2019-09-17 12:49:30,693 [IPC Server handler 7 on 40863] WARN  block.DeletedBlockLogImpl (DeletedBlockLogImpl.java:incrementCount(141)) - Deleted TXID not found.
2019-09-17 12:49:30,693 [IPC Server handler 7 on 40863] WARN  block.DeletedBlockLogImpl (DeletedBlockLogImpl.java:incrementCount(141)) - Deleted TXID not found.
2019-09-17 12:49:30,693 [IPC Server handler 7 on 40863] WARN  block.DeletedBlockLogImpl (DeletedBlockLogImpl.java:incrementCount(141)) - Deleted TXID not found.
2019-09-17 12:49:30,693 [IPC Server handler 7 on 40863] WARN  block.DeletedBlockLogImpl (DeletedBlockLogImpl.java:incrementCount(141)) - Deleted TXID not found.
2019-09-17 12:49:30,693 [pool-7-thread-7] INFO  commands.RetriableDatanodeEventWatcher (DeletedBlockLogImpl.java:incrementCount(141)) - Deleted TXID not found.
2019-09-17 12:49:30,693 [IPC Server handler 7 on 40863] WARN  block.DeletedBlockLogImpl (RetriableDatanodeEventWatcher.java:onTimeout(47)) - RetriableDatanodeCommand type=deleteBlocksCommand with id=1568724556051 timed out. Retrying.
DeletedBlockLogImpl.java:incrementCount(141)) - Deleted TXID not found.
2019-09-17 12:49:30,693 [pool-7-thread-7] INFO  commands.RetriableDatanodeEventWatcher (RetriableDatanodeEventWatcher.java:onTimeout(47)) - RetriableDatanodeCommand type=deleteBlocksCommand with id=1568724556051 timed out. Retrying.
2019-09-17 12:49:30,693 [IPC Server handler 7 on 40863] WARN  block.DeletedBlockLogImpl (DeletedBlockLogImpl.java:incrementCount(141)) - Deleted TXID not found.
2019-09-17 12:49:30,694 [IPC Server handler 7 on 40863] WARN  block.DeletedBlockLogImpl (DeletedBlockLogImpl.java:incrementCount(141)) - Deleted TXID not found.
2019-09-17 12:49:30,694 [IPC Server handler 7 on 40863] WARN  block.DeletedBlockLogImpl (DeletedBlockLogImpl.java:incrementCount(141)) - Deleted TXID not found.
2019-09-17 12:49:30,694 [IPC Server handler 7 on 40863] WARN  block.DeletedBlockLogImpl (DeletedBlockLogImpl.java:incrementCount(141)) - Deleted TXID not found.
2019-09-17 12:49:30,694 [IPC Server handler 7 on 40863] WARN  block.DeletedBlockLogImpl (DeletedBlockLogImpl.java:incrementCount(141)) - Deleted TXID not found.
2019-09-17 12:49:30,694 [IPC Server handler 7 on 40863] WARN  block.DeletedBlockLogImpl (DeletedBlockLogImpl.java:incrementCount(141)) - Deleted TXID not found.
2019-09-17 12:49:30,694 [IPC Server handler 7 on 40863] WARN  block.DeletedBlockLogImpl (DeletedBlockLogImpl.java:incrementCount(141)) - Deleted TXID not found.
2019-09-17 12:49:30,694 [IPC Server handler 7 on 40863] WARN  block.DeletedBlockLogImpl (DeletedBlockLogImpl.java:incrementCount(141)) - Deleted TXID not found.
2019-09-17 12:49:30,694 [IPC Server handler 7 on 40863] WARN  block.DeletedBlockLogImpl (DeletedBlockLogImpl.java:incrementCount(141)) - Deleted TXID not found.
2019-09-17 12:49:30,695 [IPC Server handler 7 on 40863] WARN  block.DeletedBlockLogImpl (DeletedBlockLogImpl.java:incrementCount(141)) - Deleted TXID not found.
2019-09-17 12:49:30,695 [pool-7-thread-7] INFO  commands.RetriableDatanodeEventWatcher (DeletedBlockLogImpl.java:incrementCount(141)) - Deleted TXID not found.
2019-09-17 12:49:30,695 [IPC Server handler 7 on 40863] WARN  block.DeletedBlockLogImpl (RetriableDatanodeEventWatcher.java:onTimeout(47)) - RetriableDatanodeCommand type=deleteBlocksCommand with id=1568724556138 timed out. Retrying.
DeletedBlockLogImpl.java:incrementCount(141)) - Deleted TXID not found.
2019-09-17 12:49:30,695 [IPC Server handler 7 on 40863] WARN  block.DeletedBlockLogImpl (DeletedBlockLogImpl.java:incrementCount(141)) - Deleted TXID not found.
2019-09-17 12:49:30,695 [pool-7-thread-7] INFO  commands.RetriableDatanodeEventWatcher (RetriableDatanodeEventWatcher.java:onTimeout(47)) - RetriableDatanodeCommand type=deleteBlocksCommand with id=1568724556138 timed out. Retrying.
2019-09-17 12:49:30,695 [IPC Server handler 7 on 40863] WARN  block.DeletedBlockLogImpl (DeletedBlockLogImpl.java:incrementCount(141)) - Deleted TXID not found.
2019-09-17 12:49:30,695 [IPC Server handler 7 on 40863] WARN  block.DeletedBlockLogImpl (DeletedBlockLogImpl.java:incrementCount(141)) - Deleted TXID not found.
2019-09-17 12:49:30,695 [IPC Server handler 7 on 40863] WARN  block.DeletedBlockLogImpl (DeletedBlockLogImpl.java:incrementCount(141)) - Deleted TXID not found.
2019-09-17 12:49:30,695 [IPC Server handler 7 on 40863] WARN  block.DeletedBlockLogImpl (DeletedBlockLogImpl.java:incrementCount(141)) - Deleted TXID not found.
2019-09-17 12:49:30,696 [IPC Server handler 7 on 40863] WARN  block.DeletedBlockLogImpl (DeletedBlockLogImpl.java:incrementCount(141)) - Deleted TXID not found.
2019-09-17 12:49:30,696 [IPC Server handler 7 on 40863] WARN  block.DeletedBlockLogImpl (DeletedBlockLogImpl.java:incrementCount(141)) - Deleted TXID not found.
2019-09-17 12:49:30,696 [IPC Server handler 7 on 40863] WARN  block.DeletedBlockLogImpl (DeletedBlockLogImpl.java:incrementCount(141)) - Deleted TXID not found.
2019-09-17 12:49:30,696 [IPC Server handler 7 on 40863] WARN  block.DeletedBlockLogImpl (DeletedBlockLogImpl.java:incrementCount(141)) - Deleted TXID not found.
2019-09-17 12:49:30,696 [IPC Server handler 7 on 40863] WARN  block.DeletedBlockLogImpl (DeletedBlockLogImpl.java:incrementCount(141)) - Deleted TXID not found.
2019-09-17 12:49:30,704 [SCMBlockDeletingService#1] DEBUG block.SCMBlockDeletingService (SCMBlockDeletingService.java:call(138)) - Running DeletedBlockTransactionScanner
2019-09-17 12:49:30,704 [SCMBlockDeletingService#1] DEBUG block.SCMBlockDeletingService (SCMBlockDeletingService.java:call(155)) - Scanned deleted blocks log and got 0 delTX to process.
2019-09-17 12:49:30,705 [pool-7-thread-7] INFO  commands.RetriableDatanodeEventWatcher (RetriableDatanodeEventWatcher.java:onTimeout(47)) - RetriableDatanodeCommand type=deleteBlocksCommand with id=1568724556080 timed out. Retrying.
2019-09-17 12:49:30,712 [pool-7-thread-7] INFO  commands.RetriableDatanodeEventWatcher (RetriableDatanodeEventWatcher.java:onTimeout(47)) - RetriableDatanodeCommand type=deleteBlocksCommand with id=1568724556061 timed out. Retrying.
2019-09-17 12:49:30,716 [pool-7-thread-7] INFO  commands.RetriableDatanodeEventWatcher (RetriableDatanodeEventWatcher.java:onTimeout(47)) - RetriableDatanodeCommand type=deleteBlocksCommand with id=1568724556090 timed out. Retrying.
2019-09-17 12:49:30,726 [pool-7-thread-7] INFO  commands.RetriableDatanodeEventWatcher (RetriableDatanodeEventWatcher.java:onTimeout(47)) - RetriableDatanodeCommand type=deleteBlocksCommand with id=1568724556012 timed out. Retrying.
2019-09-17 12:49:30,730 [pool-7-thread-7] INFO  commands.RetriableDatanodeEventWatcher (RetriableDatanodeEventWatcher.java:onTimeout(47)) - RetriableDatanodeCommand type=deleteBlocksCommand with id=1568724556071 timed out. Retrying.
2019-09-17 12:49:30,730 [pool-7-thread-5] INFO  commands.RetriableDatanodeEventWatcher (RetriableDatanodeEventWatcher.java:onTimeout(47)) - RetriableDatanodeCommand type=deleteBlocksCommand with id=1568724556100 timed out. Retrying.
2019-09-17 12:49:30,732 [pool-7-thread-5] INFO  commands.RetriableDatanodeEventWatcher (RetriableDatanodeEventWatcher.java:onTimeout(47)) - RetriableDatanodeCommand type=deleteBlocksCommand with id=1568724556129 timed out. Retrying.
2019-09-17 12:49:30,742 [pool-7-thread-5] INFO  commands.RetriableDatanodeEventWatcher (RetriableDatanodeEventWatcher.java:onTimeout(47)) - RetriableDatanodeCommand type=deleteBlocksCommand with id=1568724556022 timed out. Retrying.
2019-09-17 12:49:30,744 [pool-7-thread-5] INFO  commands.RetriableDatanodeEventWatcher (RetriableDatanodeEventWatcher.java:onTimeout(47)) - RetriableDatanodeCommand type=deleteBlocksCommand with id=1568724556110 timed out. Retrying.
2019-09-17 12:49:30,757 [pool-7-thread-5] INFO  commands.RetriableDatanodeEventWatcher (RetriableDatanodeEventWatcher.java:onTimeout(47)) - RetriableDatanodeCommand type=deleteBlocksCommand with id=1568724556120 timed out. Retrying.
2019-09-17 12:49:30,766 [pool-7-thread-5] INFO  commands.RetriableDatanodeEventWatcher (RetriableDatanodeEventWatcher.java:onTimeout(47)) - RetriableDatanodeCommand type=deleteBlocksCommand with id=1568724556032 timed out. Retrying.
2019-09-17 12:49:30,780 [pool-7-thread-5] INFO  commands.RetriableDatanodeEventWatcher (RetriableDatanodeEventWatcher.java:onTimeout(47)) - RetriableDatanodeCommand type=deleteBlocksCommand with id=1568724556042 timed out. Retrying.
2019-09-17 12:49:30,796 [pool-7-thread-5] INFO  commands.RetriableDatanodeEventWatcher (RetriableDatanodeEventWatcher.java:onTimeout(47)) - RetriableDatanodeCommand type=deleteBlocksCommand with id=1568724556052 timed out. Retrying.
2019-09-17 12:49:30,797 [pool-7-thread-5] INFO  commands.RetriableDatanodeEventWatcher (RetriableDatanodeEventWatcher.java:onTimeout(47)) - RetriableDatanodeCommand type=deleteBlocksCommand with id=1568724556139 timed out. Retrying.
2019-09-17 12:49:30,804 [pool-7-thread-5] INFO  commands.RetriableDatanodeEventWatcher (RetriableDatanodeEventWatcher.java:onTimeout(47)) - RetriableDatanodeCommand type=deleteBlocksCommand with id=1568724556081 timed out. Retrying.
2019-09-17 12:49:30,805 [SCMBlockDeletingService#1] DEBUG block.SCMBlockDeletingService (SCMBlockDeletingService.java:call(138)) - Running DeletedBlockTransactionScanner
2019-09-17 12:49:30,805 [SCMBlockDeletingService#1] DEBUG block.SCMBlockDeletingService (SCMBlockDeletingService.java:call(155)) - Scanned deleted blocks log and got 0 delTX to process.
2019-09-17 12:49:30,817 [pool-7-thread-5] INFO  commands.RetriableDatanodeEventWatcher (RetriableDatanodeEventWatcher.java:onTimeout(47)) - RetriableDatanodeCommand type=deleteBlocksCommand with id=1568724556091 timed out. Retrying.
2019-09-17 12:49:30,817 [pool-7-thread-7] INFO  commands.RetriableDatanodeEventWatcher (RetriableDatanodeEventWatcher.java:onTimeout(47)) - RetriableDatanodeCommand type=deleteBlocksCommand with id=1568724556062 timed out. Retrying.
2019-09-17 12:49:30,884 [pool-7-thread-7] INFO  commands.RetriableDatanodeEventWatcher (RetriableDatanodeEventWatcher.java:onTimeout(47)) - RetriableDatanodeCommand type=deleteBlocksCommand with id=1568724556121 timed out. Retrying.
2019-09-17 12:49:30,885 [pool-7-thread-7] INFO  commands.RetriableDatanodeEventWatcher (DeletedBlockLogImpl.java:incrementCount(141)) - Deleted TXID not found.
2019-09-17 12:49:30,885 [IPC Server handler 5 on 40863] WARN  block.DeletedBlockLogImpl (RetriableDatanodeEventWatcher.java:onTimeout(47)) - RetriableDatanodeCommand type=deleteBlocksCommand with id=1568724556043 timed out. Retrying.
DeletedBlockLogImpl.java:incrementCount(141)) - Deleted TXID not found.
2019-09-17 12:49:30,885 [IPC Server handler 5 on 40863] WARN  block.DeletedBlockLogImpl (DeletedBlockLogImpl.java:incrementCount(141)) - Deleted TXID not found.
2019-09-17 12:49:30,885 [pool-7-thread-7] INFO  commands.RetriableDatanodeEventWatcher (RetriableDatanodeEventWatcher.java:onTimeout(47)) - RetriableDatanodeCommand type=deleteBlocksCommand with id=1568724556043 timed out. Retrying.
2019-09-17 12:49:30,886 [pool-7-thread-2] INFO  commands.RetriableDatanodeEventWatcher (DeletedBlockLogImpl.java:incrementCount(141)) - Deleted TXID not found.
2019-09-17 12:49:30,886 [IPC Server handler 5 on 40863] WARN  block.DeletedBlockLogImpl (RetriableDatanodeEventWatcher.java:onTimeout(47)) - RetriableDatanodeCommand type=deleteBlocksCommand with id=1568724556130 timed out. Retrying.
DeletedBlockLogImpl.java:incrementCount(141)) - Deleted TXID not found.
2019-09-17 12:49:30,886 [pool-7-thread-2] INFO  commands.RetriableDatanodeEventWatcher (RetriableDatanodeEventWatcher.java:onTimeout(47)) - RetriableDatanodeCommand type=deleteBlocksCommand with id=1568724556130 timed out. Retrying.
2019-09-17 12:49:30,886 [pool-7-thread-5] INFO  commands.RetriableDatanodeEventWatcher (DeletedBlockLogImpl.java:incrementCount(141)) - Deleted TXID not found.
2019-09-17 12:49:30,886 [IPC Server handler 5 on 40863] WARN  block.DeletedBlockLogImpl (RetriableDatanodeEventWatcher.java:onTimeout(47)) - RetriableDatanodeCommand type=deleteBlocksCommand with id=1568724556033 timed out. Retrying.
DeletedBlockLogImpl.java:incrementCount(141)) - Deleted TXID not found.
2019-09-17 12:49:30,886 [pool-7-thread-5] INFO  commands.RetriableDatanodeEventWatcher (RetriableDatanodeEventWatcher.java:onTimeout(47)) - RetriableDatanodeCommand type=deleteBlocksCommand with id=1568724556033 timed out. Retrying.
2019-09-17 12:49:30,886 [IPC Server handler 5 on 40863] WARN  block.DeletedBlockLogImpl (DeletedBlockLogImpl.java:incrementCount(141)) - Deleted TXID not found.
2019-09-17 12:49:30,886 [IPC Server handler 5 on 40863] WARN  block.DeletedBlockLogImpl (DeletedBlockLogImpl.java:incrementCount(141)) - Deleted TXID not found.
2019-09-17 12:49:30,886 [IPC Server handler 5 on 40863] WARN  block.DeletedBlockLogImpl (DeletedBlockLogImpl.java:incrementCount(141)) - Deleted TXID not found.
2019-09-17 12:49:30,886 [IPC Server handler 5 on 40863] WARN  block.DeletedBlockLogImpl (DeletedBlockLogImpl.java:incrementCount(141)) - Deleted TXID not found.
2019-09-17 12:49:30,887 [IPC Server handler 5 on 40863] WARN  block.DeletedBlockLogImpl (DeletedBlockLogImpl.java:incrementCount(141)) - Deleted TXID not found.
2019-09-17 12:49:30,887 [IPC Server handler 5 on 40863] WARN  block.DeletedBlockLogImpl (DeletedBlockLogImpl.java:incrementCount(141)) - Deleted TXID not found.
2019-09-17 12:49:30,887 [IPC Server handler 5 on 40863] WARN  block.DeletedBlockLogImpl (DeletedBlockLogImpl.java:incrementCount(141)) - Deleted TXID not found.
2019-09-17 12:49:30,887 [IPC Server handler 5 on 40863] WARN  block.DeletedBlockLogImpl (DeletedBlockLogImpl.java:incrementCount(141)) - Deleted TXID not found.
2019-09-17 12:49:30,887 [IPC Server handler 5 on 40863] WARN  block.DeletedBlockLogImpl (DeletedBlockLogImpl.java:incrementCount(141)) - Deleted TXID not found.
2019-09-17 12:49:30,887 [IPC Server handler 5 on 40863] WARN  block.DeletedBlockLogImpl (DeletedBlockLogImpl.java:incrementCount(141)) - Deleted TXID not found.
2019-09-17 12:49:30,887 [IPC Server handler 5 on 40863] WARN  block.DeletedBlockLogImpl (DeletedBlockLogImpl.java:incrementCount(141)) - Deleted TXID not found.
2019-09-17 12:49:30,887 [IPC Server handler 5 on 40863] WARN  block.DeletedBlockLogImpl (DeletedBlockLogImpl.java:incrementCount(141)) - Deleted TXID not found.
2019-09-17 12:49:30,887 [IPC Server handler 5 on 40863] WARN  block.DeletedBlockLogImpl (DeletedBlockLogImpl.java:incrementCount(141)) - Deleted TXID not found.
2019-09-17 12:49:30,888 [IPC Server handler 5 on 40863] WARN  block.DeletedBlockLogImpl (DeletedBlockLogImpl.java:incrementCount(141)) - Deleted TXID not found.
2019-09-17 12:49:30,888 [IPC Server handler 5 on 40863] WARN  block.DeletedBlockLogImpl (DeletedBlockLogImpl.java:incrementCount(141)) - Deleted TXID not found.
2019-09-17 12:49:30,888 [IPC Server handler 5 on 40863] WARN  block.DeletedBlockLogImpl (DeletedBlockLogImpl.java:incrementCount(141)) - Deleted TXID not found.
2019-09-17 12:49:30,888 [IPC Server handler 5 on 40863] WARN  block.DeletedBlockLogImpl (DeletedBlockLogImpl.java:incrementCount(141)) - Deleted TXID not found.
2019-09-17 12:49:30,888 [IPC Server handler 5 on 40863] WARN  block.DeletedBlockLogImpl (DeletedBlockLogImpl.java:incrementCount(141)) - Deleted TXID not found.
2019-09-17 12:49:30,888 [IPC Server handler 5 on 40863] WARN  block.DeletedBlockLogImpl (DeletedBlockLogImpl.java:incrementCount(141)) - Deleted TXID not found.
2019-09-17 12:49:30,888 [IPC Server handler 5 on 40863] WARN  block.DeletedBlockLogImpl (DeletedBlockLogImpl.java:incrementCount(141)) - Deleted TXID not found.
2019-09-17 12:49:30,888 [IPC Server handler 5 on 40863] WARN  block.DeletedBlockLogImpl (DeletedBlockLogImpl.java:incrementCount(141)) - Deleted TXID not found.
2019-09-17 12:49:30,888 [IPC Server handler 5 on 40863] WARN  block.DeletedBlockLogImpl (DeletedBlockLogImpl.java:incrementCount(141)) - Deleted TXID not found.
2019-09-17 12:49:30,888 [IPC Server handler 5 on 40863] WARN  block.DeletedBlockLogImpl (DeletedBlockLogImpl.java:incrementCount(141)) - Deleted TXID not found.
2019-09-17 12:49:30,889 [IPC Server handler 5 on 40863] WARN  block.DeletedBlockLogImpl (DeletedBlockLogImpl.java:incrementCount(141)) - Deleted TXID not found.
2019-09-17 12:49:30,889 [IPC Server handler 5 on 40863] WARN  block.DeletedBlockLogImpl (DeletedBlockLogImpl.java:incrementCount(141)) - Deleted TXID not found.
2019-09-17 12:49:30,889 [IPC Server handler 5 on 40863] WARN  block.DeletedBlockLogImpl (DeletedBlockLogImpl.java:incrementCount(141)) - Deleted TXID not found.
2019-09-17 12:49:30,889 [IPC Server handler 5 on 40863] WARN  block.DeletedBlockLogImpl (DeletedBlockLogImpl.java:incrementCount(141)) - Deleted TXID not found.
2019-09-17 12:49:30,889 [IPC Server handler 5 on 40863] WARN  block.DeletedBlockLogImpl (DeletedBlockLogImpl.java:incrementCount(141)) - Deleted TXID not found.
2019-09-17 12:49:30,889 [IPC Server handler 5 on 40863] WARN  block.DeletedBlockLogImpl (DeletedBlockLogImpl.java:incrementCount(141)) - Deleted TXID not found.
2019-09-17 12:49:30,889 [IPC Server handler 5 on 40863] WARN  block.DeletedBlockLogImpl (DeletedBlockLogImpl.java:incrementCount(141)) - Deleted TXID not found.
2019-09-17 12:49:30,889 [IPC Server handler 5 on 40863] WARN  block.DeletedBlockLogImpl (DeletedBlockLogImpl.java:incrementCount(141)) - Deleted TXID not found.
2019-09-17 12:49:30,889 [IPC Server handler 5 on 40863] WARN  block.DeletedBlockLogImpl (DeletedBlockLogImpl.java:incrementCount(141)) - Deleted TXID not found.
2019-09-17 12:49:30,890 [IPC Server handler 5 on 40863] WARN  block.DeletedBlockLogImpl (DeletedBlockLogImpl.java:incrementCount(141)) - Deleted TXID not found.
2019-09-17 12:49:30,890 [IPC Server handler 5 on 40863] WARN  block.DeletedBlockLogImpl (DeletedBlockLogImpl.java:incrementCount(141)) - Deleted TXID not found.
2019-09-17 12:49:30,890 [IPC Server handler 5 on 40863] WARN  block.DeletedBlockLogImpl (DeletedBlockLogImpl.java:incrementCount(141)) - Deleted TXID not found.
2019-09-17 12:49:30,890 [IPC Server handler 5 on 40863] WARN  block.DeletedBlockLogImpl (DeletedBlockLogImpl.java:incrementCount(141)) - Deleted TXID not found.
2019-09-17 12:49:30,890 [IPC Server handler 5 on 40863] WARN  block.DeletedBlockLogImpl (DeletedBlockLogImpl.java:incrementCount(141)) - Deleted TXID not found.
2019-09-17 12:49:30,890 [IPC Server handler 5 on 40863] WARN  block.DeletedBlockLogImpl (DeletedBlockLogImpl.java:incrementCount(141)) - Deleted TXID not found.
2019-09-17 12:49:30,890 [IPC Server handler 5 on 40863] WARN  block.DeletedBlockLogImpl (DeletedBlockLogImpl.java:incrementCount(141)) - Deleted TXID not found.
2019-09-17 12:49:30,890 [IPC Server handler 5 on 40863] WARN  block.DeletedBlockLogImpl (DeletedBlockLogImpl.java:incrementCount(141)) - Deleted TXID not found.
2019-09-17 12:49:30,890 [IPC Server handler 5 on 40863] WARN  block.DeletedBlockLogImpl (DeletedBlockLogImpl.java:incrementCount(141)) - Deleted TXID not found.
2019-09-17 12:49:30,891 [IPC Server handler 5 on 40863] WARN  block.DeletedBlockLogImpl (DeletedBlockLogImpl.java:incrementCount(141)) - Deleted TXID not found.
2019-09-17 12:49:30,891 [IPC Server handler 5 on 40863] WARN  block.DeletedBlockLogImpl (DeletedBlockLogImpl.java:incrementCount(141)) - Deleted TXID not found.
2019-09-17 12:49:30,891 [IPC Server handler 5 on 40863] WARN  block.DeletedBlockLogImpl (DeletedBlockLogImpl.java:incrementCount(141)) - Deleted TXID not found.
2019-09-17 12:49:30,891 [IPC Server handler 5 on 40863] WARN  block.DeletedBlockLogImpl (DeletedBlockLogImpl.java:incrementCount(141)) - Deleted TXID not found.
2019-09-17 12:49:30,891 [IPC Server handler 5 on 40863] WARN  block.DeletedBlockLogImpl (DeletedBlockLogImpl.java:incrementCount(141)) - Deleted TXID not found.
2019-09-17 12:49:30,891 [IPC Server handler 5 on 40863] WARN  block.DeletedBlockLogImpl (DeletedBlockLogImpl.java:incrementCount(141)) - Deleted TXID not found.
2019-09-17 12:49:30,891 [IPC Server handler 5 on 40863] WARN  block.DeletedBlockLogImpl (DeletedBlockLogImpl.java:incrementCount(141)) - Deleted TXID not found.
2019-09-17 12:49:30,891 [IPC Server handler 5 on 40863] WARN  block.DeletedBlockLogImpl (DeletedBlockLogImpl.java:incrementCount(141)) - Deleted TXID not found.
2019-09-17 12:49:30,891 [IPC Server handler 5 on 40863] WARN  block.DeletedBlockLogImpl (DeletedBlockLogImpl.java:incrementCount(141)) - Deleted TXID not found.
2019-09-17 12:49:30,892 [IPC Server handler 5 on 40863] WARN  block.DeletedBlockLogImpl (DeletedBlockLogImpl.java:incrementCount(141)) - Deleted TXID not found.
2019-09-17 12:49:30,892 [IPC Server handler 5 on 40863] WARN  block.DeletedBlockLogImpl (DeletedBlockLogImpl.java:incrementCount(141)) - Deleted TXID not found.
2019-09-17 12:49:30,892 [IPC Server handler 5 on 40863] WARN  block.DeletedBlockLogImpl (DeletedBlockLogImpl.java:incrementCount(141)) - Deleted TXID not found.
2019-09-17 12:49:30,897 [pool-7-thread-5] INFO  commands.RetriableDatanodeEventWatcher (RetriableDatanodeEventWatcher.java:onTimeout(47)) - RetriableDatanodeCommand type=deleteBlocksCommand with id=1568724556140 timed out. Retrying.
2019-09-17 12:49:30,900 [pool-7-thread-5] INFO  commands.RetriableDatanodeEventWatcher (RetriableDatanodeEventWatcher.java:onTimeout(47)) - RetriableDatanodeCommand type=deleteBlocksCommand with id=1568724556053 timed out. Retrying.
2019-09-17 12:49:30,905 [SCMBlockDeletingService#1] DEBUG block.SCMBlockDeletingService (SCMBlockDeletingService.java:call(138)) - Running DeletedBlockTransactionScanner
2019-09-17 12:49:30,906 [SCMBlockDeletingService#1] DEBUG block.SCMBlockDeletingService (SCMBlockDeletingService.java:call(155)) - Scanned deleted blocks log and got 0 delTX to process.
2019-09-17 12:49:30,906 [pool-7-thread-5] INFO  commands.RetriableDatanodeEventWatcher (RetriableDatanodeEventWatcher.java:onTimeout(47)) - RetriableDatanodeCommand type=deleteBlocksCommand with id=1568724556082 timed out. Retrying.
2019-09-17 12:49:30,917 [pool-7-thread-5] INFO  commands.RetriableDatanodeEventWatcher (RetriableDatanodeEventWatcher.java:onTimeout(47)) - RetriableDatanodeCommand type=deleteBlocksCommand with id=1568724556063 timed out. Retrying.
2019-09-17 12:49:30,918 [pool-7-thread-5] INFO  commands.RetriableDatanodeEventWatcher (RetriableDatanodeEventWatcher.java:onTimeout(47)) - RetriableDatanodeCommand type=deleteBlocksCommand with id=1568724556092 timed out. Retrying.
2019-09-17 12:49:30,929 [pool-7-thread-5] INFO  commands.RetriableDatanodeEventWatcher (RetriableDatanodeEventWatcher.java:onTimeout(47)) - RetriableDatanodeCommand type=deleteBlocksCommand with id=1568724556073 timed out. Retrying.
2019-09-17 12:49:30,930 [pool-7-thread-5] INFO  commands.RetriableDatanodeEventWatcher (RetriableDatanodeEventWatcher.java:onTimeout(47)) - RetriableDatanodeCommand type=deleteBlocksCommand with id=1568724556014 timed out. Retrying.
2019-09-17 12:49:30,931 [pool-7-thread-5] INFO  commands.RetriableDatanodeEventWatcher (RetriableDatanodeEventWatcher.java:onTimeout(47)) - RetriableDatanodeCommand type=deleteBlocksCommand with id=1568724556102 timed out. Retrying.
2019-09-17 12:49:30,970 [pool-7-thread-5] INFO  commands.RetriableDatanodeEventWatcher (RetriableDatanodeEventWatcher.java:onTimeout(47)) - RetriableDatanodeCommand type=deleteBlocksCommand with id=1568724556112 timed out. Retrying.
2019-09-17 12:49:30,970 [pool-7-thread-2] INFO  commands.RetriableDatanodeEventWatcher (RetriableDatanodeEventWatcher.java:onTimeout(47)) - RetriableDatanodeCommand type=deleteBlocksCommand with id=1568724556024 timed out. Retrying.
2019-09-17 12:49:30,970 [pool-7-thread-2] INFO  commands.RetriableDatanodeEventWatcher (RetriableDatanodeEventWatcher.java:onTimeout(47)) - RetriableDatanodeCommand type=deleteBlocksCommand with id=1568724556034 timed out. Retrying.
2019-09-17 12:49:30,971 [pool-7-thread-5] INFO  commands.RetriableDatanodeEventWatcher (RetriableDatanodeEventWatcher.java:onTimeout(47)) - RetriableDatanodeCommand type=deleteBlocksCommand with id=1568724556122 timed out. Retrying.
2019-09-17 12:49:30,985 [pool-7-thread-5] INFO  commands.RetriableDatanodeEventWatcher (RetriableDatanodeEventWatcher.java:onTimeout(47)) - RetriableDatanodeCommand type=deleteBlocksCommand with id=1568724556044 timed out. Retrying.
2019-09-17 12:49:30,985 [pool-7-thread-2] INFO  commands.RetriableDatanodeEventWatcher (RetriableDatanodeEventWatcher.java:onTimeout(47)) - RetriableDatanodeCommand type=deleteBlocksCommand with id=1568724556131 timed out. Retrying.
2019-09-17 12:49:30,995 [pool-7-thread-2] INFO  commands.RetriableDatanodeEventWatcher (RetriableDatanodeEventWatcher.java:onTimeout(47)) - RetriableDatanodeCommand type=deleteBlocksCommand with id=1568724556054 timed out. Retrying.
2019-09-17 12:49:31,000 [pool-7-thread-2] INFO  commands.RetriableDatanodeEventWatcher (RetriableDatanodeEventWatcher.java:onTimeout(47)) - RetriableDatanodeCommand type=deleteBlocksCommand with id=1568724556141 timed out. Retrying.
2019-09-17 12:49:31,006 [SCMBlockDeletingService#1] DEBUG block.SCMBlockDeletingService (SCMBlockDeletingService.java:call(138)) - Running DeletedBlockTransactionScanner
2019-09-17 12:49:31,006 [SCMBlockDeletingService#1] DEBUG block.SCMBlockDeletingService (SCMBlockDeletingService.java:call(155)) - Scanned deleted blocks log and got 0 delTX to process.
2019-09-17 12:49:31,052 [pool-7-thread-2] INFO  commands.RetriableDatanodeEventWatcher (RetriableDatanodeEventWatcher.java:onTimeout(47)) - RetriableDatanodeCommand type=deleteBlocksCommand with id=1568724556083 timed out. Retrying.
2019-09-17 12:49:31,052 [pool-7-thread-5] INFO  commands.RetriableDatanodeEventWatcher (RetriableDatanodeEventWatcher.java:onTimeout(47)) - RetriableDatanodeCommand type=deleteBlocksCommand with id=1568724556015 timed out. Retrying.
2019-09-17 12:49:31,053 [pool-7-thread-5] INFO  commands.RetriableDatanodeEventWatcher (RetriableDatanodeEventWatcher.java:onTimeout(47)) - RetriableDatanodeCommand type=deleteBlocksCommand with id=1568724556103 timed out. Retrying.
2019-09-17 12:49:31,053 [pool-7-thread-7] INFO  commands.RetriableDatanodeEventWatcher (RetriableDatanodeEventWatcher.java:onTimeout(47)) - RetriableDatanodeCommand type=deleteBlocksCommand with id=1568724556005 timed out. Retrying.
2019-09-17 12:49:31,053 [pool-7-thread-2] INFO  commands.RetriableDatanodeEventWatcher (RetriableDatanodeEventWatcher.java:onTimeout(47)) - RetriableDatanodeCommand type=deleteBlocksCommand with id=1568724556113 timed out. Retrying.
2019-09-17 12:49:31,053 [pool-7-thread-6] INFO  commands.RetriableDatanodeEventWatcher (RetriableDatanodeEventWatcher.java:onTimeout(47)) - RetriableDatanodeCommand type=deleteBlocksCommand with id=1568724556025 timed out. Retrying.
2019-09-17 12:49:31,053 [pool-7-thread-6] INFO  commands.RetriableDatanodeEventWatcher (RetriableDatanodeEventWatcher.java:onTimeout(47)) - RetriableDatanodeCommand type=deleteBlocksCommand with id=1568724556064 timed out. Retrying.
2019-09-17 12:49:31,053 [pool-7-thread-2] INFO  commands.RetriableDatanodeEventWatcher (RetriableDatanodeEventWatcher.java:onTimeout(47)) - RetriableDatanodeCommand type=deleteBlocksCommand with id=1568724556093 timed out. Retrying.
2019-09-17 12:49:31,066 [pool-7-thread-2] INFO  commands.RetriableDatanodeEventWatcher (RetriableDatanodeEventWatcher.java:onTimeout(47)) - RetriableDatanodeCommand type=deleteBlocksCommand with id=1568724556035 timed out. Retrying.
2019-09-17 12:49:31,073 [pool-7-thread-2] INFO  commands.RetriableDatanodeEventWatcher (RetriableDatanodeEventWatcher.java:onTimeout(47)) - RetriableDatanodeCommand type=deleteBlocksCommand with id=1568724556123 timed out. Retrying.
2019-09-17 12:49:31,085 [IPC Server handler 15 on 40863] WARN  block.DeletedBlockLogImpl (DeletedBlockLogImpl.java:incrementCount(141)) - Deleted TXID not found.
2019-09-17 12:49:31,085 [IPC Server handler 15 on 40863] WARN  block.DeletedBlockLogImpl (DeletedBlockLogImpl.java:incrementCount(141)) - Deleted TXID not found.
2019-09-17 12:49:31,086 [IPC Server handler 15 on 40863] WARN  block.DeletedBlockLogImpl (DeletedBlockLogImpl.java:incrementCount(141)) - Deleted TXID not found.
2019-09-17 12:49:31,086 [IPC Server handler 15 on 40863] WARN  block.DeletedBlockLogImpl (DeletedBlockLogImpl.java:incrementCount(141)) - Deleted TXID not found.
2019-09-17 12:49:31,086 [IPC Server handler 15 on 40863] WARN  block.DeletedBlockLogImpl (DeletedBlockLogImpl.java:incrementCount(141)) - Deleted TXID not found.
2019-09-17 12:49:31,086 [IPC Server handler 15 on 40863] WARN  block.DeletedBlockLogImpl (DeletedBlockLogImpl.java:incrementCount(141)) - Deleted TXID not found.
2019-09-17 12:49:31,086 [IPC Server handler 15 on 40863] WARN  block.DeletedBlockLogImpl (DeletedBlockLogImpl.java:incrementCount(141)) - Deleted TXID not found.
2019-09-17 12:49:31,086 [pool-7-thread-2] INFO  commands.RetriableDatanodeEventWatcher (DeletedBlockLogImpl.java:incrementCount(141)) - Deleted TXID not found.
2019-09-17 12:49:31,086 [IPC Server handler 15 on 40863] WARN  block.DeletedBlockLogImpl (DeletedBlockLogImpl.java:incrementCount(141)) - Deleted TXID not found.
2019-09-17 12:49:31,086 [pool-7-thread-2] INFO  commands.RetriableDatanodeEventWatcher (RetriableDatanodeEventWatcher.java:onTimeout(47)) - RetriableDatanodeCommand type=deleteBlocksCommand with id=1568724556132 timed out. Retrying.
2019-09-17 12:49:31,086 [IPC Server handler 15 on 40863] WARN  block.DeletedBlockLogImpl (DeletedBlockLogImpl.java:incrementCount(141)) - Deleted TXID not found.
2019-09-17 12:49:31,086 [IPC Server handler 15 on 40863] WARN  block.DeletedBlockLogImpl (DeletedBlockLogImpl.java:incrementCount(141)) - Deleted TXID not found.
2019-09-17 12:49:31,086 [IPC Server handler 15 on 40863] WARN  block.DeletedBlockLogImpl (DeletedBlockLogImpl.java:incrementCount(141)) - Deleted TXID not found.
2019-09-17 12:49:31,086 [IPC Server handler 15 on 40863] WARN  block.DeletedBlockLogImpl (DeletedBlockLogImpl.java:incrementCount(141)) - Deleted TXID not found.
2019-09-17 12:49:31,087 [IPC Server handler 15 on 40863] WARN  block.DeletedBlockLogImpl (DeletedBlockLogImpl.java:incrementCount(141)) - Deleted TXID not found.
2019-09-17 12:49:31,087 [IPC Server handler 15 on 40863] WARN  block.DeletedBlockLogImpl (DeletedBlockLogImpl.java:incrementCount(141)) - Deleted TXID not found.
2019-09-17 12:49:31,087 [IPC Server handler 15 on 40863] WARN  block.DeletedBlockLogImpl (DeletedBlockLogImpl.java:incrementCount(141)) - Deleted TXID not found.
2019-09-17 12:49:31,087 [IPC Server handler 15 on 40863] WARN  block.DeletedBlockLogImpl (DeletedBlockLogImpl.java:incrementCount(141)) - Deleted TXID not found.
2019-09-17 12:49:31,087 [IPC Server handler 15 on 40863] WARN  block.DeletedBlockLogImpl (DeletedBlockLogImpl.java:incrementCount(141)) - Deleted TXID not found.
2019-09-17 12:49:31,087 [IPC Server handler 15 on 40863] WARN  block.DeletedBlockLogImpl (DeletedBlockLogImpl.java:incrementCount(141)) - Deleted TXID not found.
2019-09-17 12:49:31,087 [IPC Server handler 15 on 40863] WARN  block.DeletedBlockLogImpl (DeletedBlockLogImpl.java:incrementCount(141)) - Deleted TXID not found.
2019-09-17 12:49:31,087 [IPC Server handler 15 on 40863] WARN  block.DeletedBlockLogImpl (DeletedBlockLogImpl.java:incrementCount(141)) - Deleted TXID not found.
2019-09-17 12:49:31,087 [IPC Server handler 15 on 40863] WARN  block.DeletedBlockLogImpl (DeletedBlockLogImpl.java:incrementCount(141)) - Deleted TXID not found.
2019-09-17 12:49:31,087 [IPC Server handler 15 on 40863] WARN  block.DeletedBlockLogImpl (DeletedBlockLogImpl.java:incrementCount(141)) - Deleted TXID not found.
2019-09-17 12:49:31,087 [IPC Server handler 15 on 40863] WARN  block.DeletedBlockLogImpl (DeletedBlockLogImpl.java:incrementCount(141)) - Deleted TXID not found.
2019-09-17 12:49:31,087 [IPC Server handler 15 on 40863] WARN  block.DeletedBlockLogImpl (DeletedBlockLogImpl.java:incrementCount(141)) - Deleted TXID not found.
2019-09-17 12:49:31,088 [IPC Server handler 15 on 40863] WARN  block.DeletedBlockLogImpl (DeletedBlockLogImpl.java:incrementCount(141)) - Deleted TXID not found.
2019-09-17 12:49:31,088 [IPC Server handler 15 on 40863] WARN  block.DeletedBlockLogImpl (DeletedBlockLogImpl.java:incrementCount(141)) - Deleted TXID not found.
2019-09-17 12:49:31,088 [IPC Server handler 15 on 40863] WARN  block.DeletedBlockLogImpl (DeletedBlockLogImpl.java:incrementCount(141)) - Deleted TXID not found.
2019-09-17 12:49:31,088 [IPC Server handler 15 on 40863] WARN  block.DeletedBlockLogImpl (DeletedBlockLogImpl.java:incrementCount(141)) - Deleted TXID not found.
2019-09-17 12:49:31,088 [IPC Server handler 15 on 40863] WARN  block.DeletedBlockLogImpl (DeletedBlockLogImpl.java:incrementCount(141)) - Deleted TXID not found.
2019-09-17 12:49:31,088 [IPC Server handler 15 on 40863] WARN  block.DeletedBlockLogImpl (DeletedBlockLogImpl.java:incrementCount(141)) - Deleted TXID not found.
2019-09-17 12:49:31,088 [IPC Server handler 15 on 40863] WARN  block.DeletedBlockLogImpl (DeletedBlockLogImpl.java:incrementCount(141)) - Deleted TXID not found.
2019-09-17 12:49:31,088 [IPC Server handler 15 on 40863] WARN  block.DeletedBlockLogImpl (DeletedBlockLogImpl.java:incrementCount(141)) - Deleted TXID not found.
2019-09-17 12:49:31,088 [IPC Server handler 15 on 40863] WARN  block.DeletedBlockLogImpl (DeletedBlockLogImpl.java:incrementCount(141)) - Deleted TXID not found.
2019-09-17 12:49:31,088 [IPC Server handler 15 on 40863] WARN  block.DeletedBlockLogImpl (DeletedBlockLogImpl.java:incrementCount(141)) - Deleted TXID not found.
2019-09-17 12:49:31,088 [IPC Server handler 15 on 40863] WARN  block.DeletedBlockLogImpl (DeletedBlockLogImpl.java:incrementCount(141)) - Deleted TXID not found.
2019-09-17 12:49:31,088 [IPC Server handler 15 on 40863] WARN  block.DeletedBlockLogImpl (DeletedBlockLogImpl.java:incrementCount(141)) - Deleted TXID not found.
2019-09-17 12:49:31,089 [IPC Server handler 15 on 40863] WARN  block.DeletedBlockLogImpl (DeletedBlockLogImpl.java:incrementCount(141)) - Deleted TXID not found.
2019-09-17 12:49:31,089 [IPC Server handler 15 on 40863] WARN  block.DeletedBlockLogImpl (DeletedBlockLogImpl.java:incrementCount(141)) - Deleted TXID not found.
2019-09-17 12:49:31,089 [IPC Server handler 15 on 40863] WARN  block.DeletedBlockLogImpl (DeletedBlockLogImpl.java:incrementCount(141)) - Deleted TXID not found.
2019-09-17 12:49:31,089 [IPC Server handler 15 on 40863] WARN  block.DeletedBlockLogImpl (DeletedBlockLogImpl.java:incrementCount(141)) - Deleted TXID not found.
2019-09-17 12:49:31,089 [IPC Server handler 15 on 40863] WARN  block.DeletedBlockLogImpl (DeletedBlockLogImpl.java:incrementCount(141)) - Deleted TXID not found.
2019-09-17 12:49:31,089 [IPC Server handler 15 on 40863] WARN  block.DeletedBlockLogImpl (DeletedBlockLogImpl.java:incrementCount(141)) - Deleted TXID not found.
2019-09-17 12:49:31,089 [IPC Server handler 15 on 40863] WARN  block.DeletedBlockLogImpl (DeletedBlockLogImpl.java:incrementCount(141)) - Deleted TXID not found.
2019-09-17 12:49:31,089 [IPC Server handler 15 on 40863] WARN  block.DeletedBlockLogImpl (DeletedBlockLogImpl.java:incrementCount(141)) - Deleted TXID not found.
2019-09-17 12:49:31,089 [IPC Server handler 15 on 40863] WARN  block.DeletedBlockLogImpl (DeletedBlockLogImpl.java:incrementCount(141)) - Deleted TXID not found.
2019-09-17 12:49:31,089 [IPC Server handler 15 on 40863] WARN  block.DeletedBlockLogImpl (DeletedBlockLogImpl.java:incrementCount(141)) - Deleted TXID not found.
2019-09-17 12:49:31,089 [IPC Server handler 15 on 40863] WARN  block.DeletedBlockLogImpl (DeletedBlockLogImpl.java:incrementCount(141)) - Deleted TXID not found.
2019-09-17 12:49:31,089 [IPC Server handler 15 on 40863] WARN  block.DeletedBlockLogImpl (DeletedBlockLogImpl.java:incrementCount(141)) - Deleted TXID not found.
2019-09-17 12:49:31,089 [pool-7-thread-2] INFO  commands.RetriableDatanodeEventWatcher (DeletedBlockLogImpl.java:incrementCount(141)) - Deleted TXID not found.
2019-09-17 12:49:31,090 [IPC Server handler 15 on 40863] WARN  block.DeletedBlockLogImpl (RetriableDatanodeEventWatcher.java:onTimeout(47)) - RetriableDatanodeCommand type=deleteBlocksCommand with id=1568724556045 timed out. Retrying.
DeletedBlockLogImpl.java:incrementCount(141)) - Deleted TXID not found.
2019-09-17 12:49:31,089 [pool-7-thread-2] INFO  commands.RetriableDatanodeEventWatcher (RetriableDatanodeEventWatcher.java:onTimeout(47)) - RetriableDatanodeCommand type=deleteBlocksCommand with id=1568724556045 timed out. Retrying.
2019-09-17 12:49:31,090 [IPC Server handler 15 on 40863] WARN  block.DeletedBlockLogImpl (DeletedBlockLogImpl.java:incrementCount(141)) - Deleted TXID not found.
2019-09-17 12:49:31,090 [IPC Server handler 15 on 40863] WARN  block.DeletedBlockLogImpl (DeletedBlockLogImpl.java:incrementCount(141)) - Deleted TXID not found.
2019-09-17 12:49:31,090 [IPC Server handler 15 on 40863] WARN  block.DeletedBlockLogImpl (DeletedBlockLogImpl.java:incrementCount(141)) - Deleted TXID not found.
2019-09-17 12:49:31,090 [IPC Server handler 15 on 40863] WARN  block.DeletedBlockLogImpl (DeletedBlockLogImpl.java:incrementCount(141)) - Deleted TXID not found.
2019-09-17 12:49:31,090 [IPC Server handler 15 on 40863] WARN  block.DeletedBlockLogImpl (DeletedBlockLogImpl.java:incrementCount(141)) - Deleted TXID not found.
2019-09-17 12:49:31,090 [IPC Server handler 15 on 40863] WARN  block.DeletedBlockLogImpl (DeletedBlockLogImpl.java:incrementCount(141)) - Deleted TXID not found.
2019-09-17 12:49:31,090 [IPC Server handler 15 on 40863] WARN  block.DeletedBlockLogImpl (DeletedBlockLogImpl.java:incrementCount(141)) - Deleted TXID not found.
2019-09-17 12:49:31,090 [IPC Server handler 15 on 40863] WARN  block.DeletedBlockLogImpl (DeletedBlockLogImpl.java:incrementCount(141)) - Deleted TXID not found.
2019-09-17 12:49:31,090 [IPC Server handler 15 on 40863] WARN  block.DeletedBlockLogImpl (DeletedBlockLogImpl.java:incrementCount(141)) - Deleted TXID not found.
2019-09-17 12:49:31,090 [IPC Server handler 15 on 40863] WARN  block.DeletedBlockLogImpl (DeletedBlockLogImpl.java:incrementCount(141)) - Deleted TXID not found.
2019-09-17 12:49:31,091 [IPC Server handler 15 on 40863] WARN  block.DeletedBlockLogImpl (DeletedBlockLogImpl.java:incrementCount(141)) - Deleted TXID not found.
2019-09-17 12:49:31,091 [IPC Server handler 15 on 40863] WARN  block.DeletedBlockLogImpl (DeletedBlockLogImpl.java:incrementCount(141)) - Deleted TXID not found.
2019-09-17 12:49:31,091 [IPC Server handler 15 on 40863] WARN  block.DeletedBlockLogImpl (DeletedBlockLogImpl.java:incrementCount(141)) - Deleted TXID not found.
2019-09-17 12:49:31,091 [IPC Server handler 15 on 40863] WARN  block.DeletedBlockLogImpl (DeletedBlockLogImpl.java:incrementCount(141)) - Deleted TXID not found.
2019-09-17 12:49:31,091 [IPC Server handler 15 on 40863] WARN  block.DeletedBlockLogImpl (DeletedBlockLogImpl.java:incrementCount(141)) - Deleted TXID not found.
2019-09-17 12:49:31,091 [IPC Server handler 15 on 40863] WARN  block.DeletedBlockLogImpl (DeletedBlockLogImpl.java:incrementCount(141)) - Deleted TXID not found.
2019-09-17 12:49:31,091 [IPC Server handler 15 on 40863] WARN  block.DeletedBlockLogImpl (DeletedBlockLogImpl.java:incrementCount(141)) - Deleted TXID not found.
2019-09-17 12:49:31,091 [IPC Server handler 15 on 40863] WARN  block.DeletedBlockLogImpl (DeletedBlockLogImpl.java:incrementCount(141)) - Deleted TXID not found.
2019-09-17 12:49:31,091 [IPC Server handler 15 on 40863] WARN  block.DeletedBlockLogImpl (DeletedBlockLogImpl.java:incrementCount(141)) - Deleted TXID not found.
2019-09-17 12:49:31,091 [IPC Server handler 15 on 40863] WARN  block.DeletedBlockLogImpl (DeletedBlockLogImpl.java:incrementCount(141)) - Deleted TXID not found.
2019-09-17 12:49:31,091 [IPC Server handler 15 on 40863] WARN  block.DeletedBlockLogImpl (DeletedBlockLogImpl.java:incrementCount(141)) - Deleted TXID not found.
2019-09-17 12:49:31,091 [IPC Server handler 15 on 40863] WARN  block.DeletedBlockLogImpl (DeletedBlockLogImpl.java:incrementCount(141)) - Deleted TXID not found.
2019-09-17 12:49:31,092 [IPC Server handler 15 on 40863] WARN  block.DeletedBlockLogImpl (DeletedBlockLogImpl.java:incrementCount(141)) - Deleted TXID not found.
2019-09-17 12:49:31,092 [IPC Server handler 15 on 40863] WARN  block.DeletedBlockLogImpl (DeletedBlockLogImpl.java:incrementCount(141)) - Deleted TXID not found.
2019-09-17 12:49:31,092 [IPC Server handler 15 on 40863] WARN  block.DeletedBlockLogImpl (DeletedBlockLogImpl.java:incrementCount(141)) - Deleted TXID not found.
2019-09-17 12:49:31,092 [IPC Server handler 15 on 40863] WARN  block.DeletedBlockLogImpl (DeletedBlockLogImpl.java:incrementCount(141)) - Deleted TXID not found.
2019-09-17 12:49:31,092 [IPC Server handler 15 on 40863] WARN  block.DeletedBlockLogImpl (DeletedBlockLogImpl.java:incrementCount(141)) - Deleted TXID not found.
2019-09-17 12:49:31,092 [IPC Server handler 15 on 40863] WARN  block.DeletedBlockLogImpl (DeletedBlockLogImpl.java:incrementCount(141)) - Deleted TXID not found.
2019-09-17 12:49:31,092 [IPC Server handler 15 on 40863] WARN  block.DeletedBlockLogImpl (DeletedBlockLogImpl.java:incrementCount(141)) - Deleted TXID not found.
2019-09-17 12:49:31,092 [IPC Server handler 15 on 40863] WARN  block.DeletedBlockLogImpl (DeletedBlockLogImpl.java:incrementCount(141)) - Deleted TXID not found.
2019-09-17 12:49:31,092 [IPC Server handler 15 on 40863] WARN  block.DeletedBlockLogImpl (DeletedBlockLogImpl.java:incrementCount(141)) - Deleted TXID not found.
2019-09-17 12:49:31,092 [IPC Server handler 15 on 40863] WARN  block.DeletedBlockLogImpl (DeletedBlockLogImpl.java:incrementCount(141)) - Deleted TXID not found.
2019-09-17 12:49:31,092 [IPC Server handler 15 on 40863] WARN  block.DeletedBlockLogImpl (DeletedBlockLogImpl.java:incrementCount(141)) - Deleted TXID not found.
2019-09-17 12:49:31,092 [IPC Server handler 15 on 40863] WARN  block.DeletedBlockLogImpl (DeletedBlockLogImpl.java:incrementCount(141)) - Deleted TXID not found.
2019-09-17 12:49:31,092 [IPC Server handler 15 on 40863] WARN  block.DeletedBlockLogImpl (DeletedBlockLogImpl.java:incrementCount(141)) - Deleted TXID not found.
2019-09-17 12:49:31,093 [IPC Server handler 15 on 40863] WARN  block.DeletedBlockLogImpl (DeletedBlockLogImpl.java:incrementCount(141)) - Deleted TXID not found.
2019-09-17 12:49:31,096 [pool-7-thread-2] INFO  commands.RetriableDatanodeEventWatcher (RetriableDatanodeEventWatcher.java:onTimeout(47)) - RetriableDatanodeCommand type=deleteBlocksCommand with id=1568724556074 timed out. Retrying.
2019-09-17 12:49:31,101 [pool-7-thread-2] INFO  commands.RetriableDatanodeEventWatcher (RetriableDatanodeEventWatcher.java:onTimeout(47)) - RetriableDatanodeCommand type=deleteBlocksCommand with id=1568724556055 timed out. Retrying.
2019-09-17 12:49:31,107 [SCMBlockDeletingService#1] DEBUG block.SCMBlockDeletingService (SCMBlockDeletingService.java:call(138)) - Running DeletedBlockTransactionScanner
2019-09-17 12:49:31,107 [SCMBlockDeletingService#1] DEBUG block.SCMBlockDeletingService (SCMBlockDeletingService.java:call(155)) - Scanned deleted blocks log and got 0 delTX to process.
2019-09-17 12:49:31,112 [pool-7-thread-2] INFO  commands.RetriableDatanodeEventWatcher (RetriableDatanodeEventWatcher.java:onTimeout(47)) - RetriableDatanodeCommand type=deleteBlocksCommand with id=1568724556084 timed out. Retrying.
2019-09-17 12:49:31,114 [pool-7-thread-2] INFO  commands.RetriableDatanodeEventWatcher (RetriableDatanodeEventWatcher.java:onTimeout(47)) - RetriableDatanodeCommand type=deleteBlocksCommand with id=1568724556006 timed out. Retrying.
2019-09-17 12:49:31,121 [pool-7-thread-2] INFO  commands.RetriableDatanodeEventWatcher (RetriableDatanodeEventWatcher.java:onTimeout(47)) - RetriableDatanodeCommand type=deleteBlocksCommand with id=1568724556094 timed out. Retrying.
2019-09-17 12:49:31,122 [pool-7-thread-2] INFO  commands.RetriableDatanodeEventWatcher (RetriableDatanodeEventWatcher.java:onTimeout(47)) - RetriableDatanodeCommand type=deleteBlocksCommand with id=1568724556065 timed out. Retrying.
2019-09-17 12:49:31,137 [pool-7-thread-2] INFO  commands.RetriableDatanodeEventWatcher (RetriableDatanodeEventWatcher.java:onTimeout(47)) - RetriableDatanodeCommand type=deleteBlocksCommand with id=1568724556104 timed out. Retrying.
2019-09-17 12:49:31,138 [pool-7-thread-6] INFO  commands.RetriableDatanodeEventWatcher (RetriableDatanodeEventWatcher.java:onTimeout(47)) - RetriableDatanodeCommand type=deleteBlocksCommand with id=1568724556016 timed out. Retrying.
2019-09-17 12:49:31,150 [pool-7-thread-2] INFO  commands.RetriableDatanodeEventWatcher (RetriableDatanodeEventWatcher.java:onTimeout(47)) - RetriableDatanodeCommand type=deleteBlocksCommand with id=1568724556026 timed out. Retrying.
2019-09-17 12:49:31,150 [pool-7-thread-6] INFO  commands.RetriableDatanodeEventWatcher (RetriableDatanodeEventWatcher.java:onTimeout(47)) - RetriableDatanodeCommand type=deleteBlocksCommand with id=1568724556114 timed out. Retrying.
2019-09-17 12:49:31,172 [pool-7-thread-6] INFO  commands.RetriableDatanodeEventWatcher (RetriableDatanodeEventWatcher.java:onTimeout(47)) - RetriableDatanodeCommand type=deleteBlocksCommand with id=1568724556036 timed out. Retrying.
2019-09-17 12:49:31,173 [pool-7-thread-6] INFO  commands.RetriableDatanodeEventWatcher (RetriableDatanodeEventWatcher.java:onTimeout(47)) - RetriableDatanodeCommand type=deleteBlocksCommand with id=1568724556124 timed out. Retrying.
2019-09-17 12:49:31,186 [pool-7-thread-6] INFO  commands.RetriableDatanodeEventWatcher (RetriableDatanodeEventWatcher.java:onTimeout(47)) - RetriableDatanodeCommand type=deleteBlocksCommand with id=1568724556046 timed out. Retrying.
2019-09-17 12:49:31,189 [pool-7-thread-6] INFO  commands.RetriableDatanodeEventWatcher (RetriableDatanodeEventWatcher.java:onTimeout(47)) - RetriableDatanodeCommand type=deleteBlocksCommand with id=1568724556133 timed out. Retrying.
2019-09-17 12:49:31,200 [pool-7-thread-6] INFO  commands.RetriableDatanodeEventWatcher (RetriableDatanodeEventWatcher.java:onTimeout(47)) - RetriableDatanodeCommand type=deleteBlocksCommand with id=1568724556075 timed out. Retrying.
2019-09-17 12:49:31,205 [pool-7-thread-6] INFO  commands.RetriableDatanodeEventWatcher (RetriableDatanodeEventWatcher.java:onTimeout(47)) - RetriableDatanodeCommand type=deleteBlocksCommand with id=1568724556056 timed out. Retrying.
2019-09-17 12:49:31,207 [SCMBlockDeletingService#1] DEBUG block.SCMBlockDeletingService (SCMBlockDeletingService.java:call(138)) - Running DeletedBlockTransactionScanner
2019-09-17 12:49:31,210 [SCMBlockDeletingService#1] DEBUG block.SCMBlockDeletingService (SCMBlockDeletingService.java:call(155)) - Scanned deleted blocks log and got 0 delTX to process.
2019-09-17 12:49:31,210 [pool-7-thread-6] INFO  commands.RetriableDatanodeEventWatcher (RetriableDatanodeEventWatcher.java:onTimeout(47)) - RetriableDatanodeCommand type=deleteBlocksCommand with id=1568724556085 timed out. Retrying.
2019-09-17 12:49:31,220 [pool-7-thread-6] INFO  commands.RetriableDatanodeEventWatcher (RetriableDatanodeEventWatcher.java:onTimeout(47)) - RetriableDatanodeCommand type=deleteBlocksCommand with id=1568724556066 timed out. Retrying.
2019-09-17 12:49:31,220 [pool-7-thread-2] INFO  commands.RetriableDatanodeEventWatcher (RetriableDatanodeEventWatcher.java:onTimeout(47)) - RetriableDatanodeCommand type=deleteBlocksCommand with id=1568724556007 timed out. Retrying.
2019-09-17 12:49:31,224 [pool-7-thread-2] INFO  commands.RetriableDatanodeEventWatcher (RetriableDatanodeEventWatcher.java:onTimeout(47)) - RetriableDatanodeCommand type=deleteBlocksCommand with id=1568724556095 timed out. Retrying.
2019-09-17 12:49:31,234 [pool-7-thread-2] INFO  commands.RetriableDatanodeEventWatcher (RetriableDatanodeEventWatcher.java:onTimeout(47)) - RetriableDatanodeCommand type=deleteBlocksCommand with id=1568724556017 timed out. Retrying.
2019-09-17 12:49:31,239 [pool-7-thread-2] INFO  commands.RetriableDatanodeEventWatcher (RetriableDatanodeEventWatcher.java:onTimeout(47)) - RetriableDatanodeCommand type=deleteBlocksCommand with id=1568724556105 timed out. Retrying.
2019-09-17 12:49:31,285 [IPC Server handler 0 on 40863] WARN  block.DeletedBlockLogImpl (DeletedBlockLogImpl.java:incrementCount(141)) - Deleted TXID not found.
2019-09-17 12:49:31,285 [IPC Server handler 0 on 40863] WARN  block.DeletedBlockLogImpl (DeletedBlockLogImpl.java:incrementCount(141)) - Deleted TXID not found.
2019-09-17 12:49:31,285 [IPC Server handler 0 on 40863] WARN  block.DeletedBlockLogImpl (DeletedBlockLogImpl.java:incrementCount(141)) - Deleted TXID not found.
2019-09-17 12:49:31,285 [IPC Server handler 0 on 40863] WARN  block.DeletedBlockLogImpl (DeletedBlockLogImpl.java:incrementCount(141)) - Deleted TXID not found.
2019-09-17 12:49:31,285 [IPC Server handler 0 on 40863] WARN  block.DeletedBlockLogImpl (DeletedBlockLogImpl.java:incrementCount(141)) - Deleted TXID not found.
2019-09-17 12:49:31,286 [IPC Server handler 0 on 40863] WARN  block.DeletedBlockLogImpl (DeletedBlockLogImpl.java:incrementCount(141)) - Deleted TXID not found.
2019-09-17 12:49:31,286 [IPC Server handler 0 on 40863] WARN  block.DeletedBlockLogImpl (DeletedBlockLogImpl.java:incrementCount(141)) - Deleted TXID not found.
2019-09-17 12:49:31,286 [IPC Server handler 0 on 40863] WARN  block.DeletedBlockLogImpl (DeletedBlockLogImpl.java:incrementCount(141)) - Deleted TXID not found.
2019-09-17 12:49:31,286 [IPC Server handler 0 on 40863] WARN  block.DeletedBlockLogImpl (DeletedBlockLogImpl.java:incrementCount(141)) - Deleted TXID not found.
2019-09-17 12:49:31,286 [IPC Server handler 0 on 40863] WARN  block.DeletedBlockLogImpl (DeletedBlockLogImpl.java:incrementCount(141)) - Deleted TXID not found.
2019-09-17 12:49:31,286 [IPC Server handler 0 on 40863] WARN  block.DeletedBlockLogImpl (DeletedBlockLogImpl.java:incrementCount(141)) - Deleted TXID not found.
2019-09-17 12:49:31,286 [IPC Server handler 0 on 40863] WARN  block.DeletedBlockLogImpl (DeletedBlockLogImpl.java:incrementCount(141)) - Deleted TXID not found.
2019-09-17 12:49:31,286 [IPC Server handler 0 on 40863] WARN  block.DeletedBlockLogImpl (DeletedBlockLogImpl.java:incrementCount(141)) - Deleted TXID not found.
2019-09-17 12:49:31,286 [IPC Server handler 0 on 40863] WARN  block.DeletedBlockLogImpl (DeletedBlockLogImpl.java:incrementCount(141)) - Deleted TXID not found.
2019-09-17 12:49:31,286 [IPC Server handler 0 on 40863] WARN  block.DeletedBlockLogImpl (DeletedBlockLogImpl.java:incrementCount(141)) - Deleted TXID not found.
2019-09-17 12:49:31,286 [IPC Server handler 0 on 40863] WARN  block.DeletedBlockLogImpl (DeletedBlockLogImpl.java:incrementCount(141)) - Deleted TXID not found.
2019-09-17 12:49:31,286 [IPC Server handler 0 on 40863] WARN  block.DeletedBlockLogImpl (DeletedBlockLogImpl.java:incrementCount(141)) - Deleted TXID not found.
2019-09-17 12:49:31,286 [IPC Server handler 0 on 40863] WARN  block.DeletedBlockLogImpl (DeletedBlockLogImpl.java:incrementCount(141)) - Deleted TXID not found.
2019-09-17 12:49:31,287 [IPC Server handler 0 on 40863] WARN  block.DeletedBlockLogImpl (DeletedBlockLogImpl.java:incrementCount(141)) - Deleted TXID not found.
2019-09-17 12:49:31,287 [IPC Server handler 0 on 40863] WARN  block.DeletedBlockLogImpl (DeletedBlockLogImpl.java:incrementCount(141)) - Deleted TXID not found.
2019-09-17 12:49:31,287 [IPC Server handler 0 on 40863] WARN  block.DeletedBlockLogImpl (DeletedBlockLogImpl.java:incrementCount(141)) - Deleted TXID not found.
2019-09-17 12:49:31,287 [IPC Server handler 0 on 40863] WARN  block.DeletedBlockLogImpl (DeletedBlockLogImpl.java:incrementCount(141)) - Deleted TXID not found.
2019-09-17 12:49:31,287 [IPC Server handler 0 on 40863] WARN  block.DeletedBlockLogImpl (DeletedBlockLogImpl.java:incrementCount(141)) - Deleted TXID not found.
2019-09-17 12:49:31,287 [IPC Server handler 0 on 40863] WARN  block.DeletedBlockLogImpl (DeletedBlockLogImpl.java:incrementCount(141)) - Deleted TXID not found.
2019-09-17 12:49:31,287 [IPC Server handler 0 on 40863] WARN  block.DeletedBlockLogImpl (DeletedBlockLogImpl.java:incrementCount(141)) - Deleted TXID not found.
2019-09-17 12:49:31,287 [IPC Server handler 0 on 40863] WARN  block.DeletedBlockLogImpl (DeletedBlockLogImpl.java:incrementCount(141)) - Deleted TXID not found.
2019-09-17 12:49:31,287 [IPC Server handler 0 on 40863] WARN  block.DeletedBlockLogImpl (DeletedBlockLogImpl.java:incrementCount(141)) - Deleted TXID not found.
2019-09-17 12:49:31,287 [IPC Server handler 0 on 40863] WARN  block.DeletedBlockLogImpl (DeletedBlockLogImpl.java:incrementCount(141)) - Deleted TXID not found.
2019-09-17 12:49:31,287 [IPC Server handler 0 on 40863] WARN  block.DeletedBlockLogImpl (DeletedBlockLogImpl.java:incrementCount(141)) - Deleted TXID not found.
2019-09-17 12:49:31,287 [IPC Server handler 0 on 40863] WARN  block.DeletedBlockLogImpl (DeletedBlockLogImpl.java:incrementCount(141)) - Deleted TXID not found.
2019-09-17 12:49:31,287 [IPC Server handler 0 on 40863] WARN  block.DeletedBlockLogImpl (DeletedBlockLogImpl.java:incrementCount(141)) - Deleted TXID not found.
2019-09-17 12:49:31,288 [IPC Server handler 0 on 40863] WARN  block.DeletedBlockLogImpl (DeletedBlockLogImpl.java:incrementCount(141)) - Deleted TXID not found.
2019-09-17 12:49:31,288 [IPC Server handler 0 on 40863] WARN  block.DeletedBlockLogImpl (DeletedBlockLogImpl.java:incrementCount(141)) - Deleted TXID not found.
2019-09-17 12:49:31,288 [IPC Server handler 0 on 40863] WARN  block.DeletedBlockLogImpl (DeletedBlockLogImpl.java:incrementCount(141)) - Deleted TXID not found.
2019-09-17 12:49:31,288 [IPC Server handler 0 on 40863] WARN  block.DeletedBlockLogImpl (DeletedBlockLogImpl.java:incrementCount(141)) - Deleted TXID not found.
2019-09-17 12:49:31,288 [IPC Server handler 0 on 40863] WARN  block.DeletedBlockLogImpl (DeletedBlockLogImpl.java:incrementCount(141)) - Deleted TXID not found.
2019-09-17 12:49:31,288 [IPC Server handler 0 on 40863] WARN  block.DeletedBlockLogImpl (DeletedBlockLogImpl.java:incrementCount(141)) - Deleted TXID not found.
2019-09-17 12:49:31,288 [IPC Server handler 0 on 40863] WARN  block.DeletedBlockLogImpl (DeletedBlockLogImpl.java:incrementCount(141)) - Deleted TXID not found.
2019-09-17 12:49:31,288 [IPC Server handler 0 on 40863] WARN  block.DeletedBlockLogImpl (DeletedBlockLogImpl.java:incrementCount(141)) - Deleted TXID not found.
2019-09-17 12:49:31,288 [IPC Server handler 0 on 40863] WARN  block.DeletedBlockLogImpl (DeletedBlockLogImpl.java:incrementCount(141)) - Deleted TXID not found.
2019-09-17 12:49:31,288 [IPC Server handler 0 on 40863] WARN  block.DeletedBlockLogImpl (DeletedBlockLogImpl.java:incrementCount(141)) - Deleted TXID not found.
2019-09-17 12:49:31,288 [IPC Server handler 0 on 40863] WARN  block.DeletedBlockLogImpl (DeletedBlockLogImpl.java:incrementCount(141)) - Deleted TXID not found.
2019-09-17 12:49:31,288 [IPC Server handler 0 on 40863] WARN  block.DeletedBlockLogImpl (DeletedBlockLogImpl.java:incrementCount(141)) - Deleted TXID not found.
2019-09-17 12:49:31,288 [IPC Server handler 0 on 40863] WARN  block.DeletedBlockLogImpl (DeletedBlockLogImpl.java:incrementCount(141)) - Deleted TXID not found.
2019-09-17 12:49:31,289 [IPC Server handler 0 on 40863] WARN  block.DeletedBlockLogImpl (DeletedBlockLogImpl.java:incrementCount(141)) - Deleted TXID not found.
2019-09-17 12:49:31,289 [IPC Server handler 0 on 40863] WARN  block.DeletedBlockLogImpl (DeletedBlockLogImpl.java:incrementCount(141)) - Deleted TXID not found.
2019-09-17 12:49:31,289 [IPC Server handler 0 on 40863] WARN  block.DeletedBlockLogImpl (DeletedBlockLogImpl.java:incrementCount(141)) - Deleted TXID not found.
2019-09-17 12:49:31,289 [IPC Server handler 0 on 40863] WARN  block.DeletedBlockLogImpl (DeletedBlockLogImpl.java:incrementCount(141)) - Deleted TXID not found.
2019-09-17 12:49:31,289 [IPC Server handler 0 on 40863] WARN  block.DeletedBlockLogImpl (DeletedBlockLogImpl.java:incrementCount(141)) - Deleted TXID not found.
2019-09-17 12:49:31,289 [IPC Server handler 0 on 40863] WARN  block.DeletedBlockLogImpl (DeletedBlockLogImpl.java:incrementCount(141)) - Deleted TXID not found.
2019-09-17 12:49:31,289 [IPC Server handler 0 on 40863] WARN  block.DeletedBlockLogImpl (DeletedBlockLogImpl.java:incrementCount(141)) - Deleted TXID not found.
2019-09-17 12:49:31,289 [IPC Server handler 0 on 40863] WARN  block.DeletedBlockLogImpl (DeletedBlockLogImpl.java:incrementCount(141)) - Deleted TXID not found.
2019-09-17 12:49:31,289 [IPC Server handler 0 on 40863] WARN  block.DeletedBlockLogImpl (DeletedBlockLogImpl.java:incrementCount(141)) - Deleted TXID not found.
2019-09-17 12:49:31,289 [IPC Server handler 0 on 40863] WARN  block.DeletedBlockLogImpl (DeletedBlockLogImpl.java:incrementCount(141)) - Deleted TXID not found.
2019-09-17 12:49:31,289 [IPC Server handler 0 on 40863] WARN  block.DeletedBlockLogImpl (DeletedBlockLogImpl.java:incrementCount(141)) - Deleted TXID not found.
2019-09-17 12:49:31,289 [IPC Server handler 0 on 40863] WARN  block.DeletedBlockLogImpl (DeletedBlockLogImpl.java:incrementCount(141)) - Deleted TXID not found.
2019-09-17 12:49:31,289 [IPC Server handler 0 on 40863] WARN  block.DeletedBlockLogImpl (DeletedBlockLogImpl.java:incrementCount(141)) - Deleted TXID not found.
2019-09-17 12:49:31,290 [IPC Server handler 0 on 40863] WARN  block.DeletedBlockLogImpl (DeletedBlockLogImpl.java:incrementCount(141)) - Deleted TXID not found.
2019-09-17 12:49:31,290 [IPC Server handler 0 on 40863] WARN  block.DeletedBlockLogImpl (DeletedBlockLogImpl.java:incrementCount(141)) - Deleted TXID not found.
2019-09-17 12:49:31,290 [IPC Server handler 0 on 40863] WARN  block.DeletedBlockLogImpl (DeletedBlockLogImpl.java:incrementCount(141)) - Deleted TXID not found.
2019-09-17 12:49:31,290 [IPC Server handler 0 on 40863] WARN  block.DeletedBlockLogImpl (DeletedBlockLogImpl.java:incrementCount(141)) - Deleted TXID not found.
2019-09-17 12:49:31,290 [IPC Server handler 0 on 40863] WARN  block.DeletedBlockLogImpl (DeletedBlockLogImpl.java:incrementCount(141)) - Deleted TXID not found.
2019-09-17 12:49:31,290 [IPC Server handler 0 on 40863] WARN  block.DeletedBlockLogImpl (DeletedBlockLogImpl.java:incrementCount(141)) - Deleted TXID not found.
2019-09-17 12:49:31,290 [IPC Server handler 0 on 40863] WARN  block.DeletedBlockLogImpl (DeletedBlockLogImpl.java:incrementCount(141)) - Deleted TXID not found.
2019-09-17 12:49:31,290 [IPC Server handler 0 on 40863] WARN  block.DeletedBlockLogImpl (DeletedBlockLogImpl.java:incrementCount(141)) - Deleted TXID not found.
2019-09-17 12:49:31,290 [IPC Server handler 0 on 40863] WARN  block.DeletedBlockLogImpl (DeletedBlockLogImpl.java:incrementCount(141)) - Deleted TXID not found.
2019-09-17 12:49:31,290 [IPC Server handler 0 on 40863] WARN  block.DeletedBlockLogImpl (DeletedBlockLogImpl.java:incrementCount(141)) - Deleted TXID not found.
2019-09-17 12:49:31,290 [IPC Server handler 0 on 40863] WARN  block.DeletedBlockLogImpl (DeletedBlockLogImpl.java:incrementCount(141)) - Deleted TXID not found.
2019-09-17 12:49:31,290 [IPC Server handler 0 on 40863] WARN  block.DeletedBlockLogImpl (DeletedBlockLogImpl.java:incrementCount(141)) - Deleted TXID not found.
2019-09-17 12:49:31,290 [IPC Server handler 0 on 40863] WARN  block.DeletedBlockLogImpl (DeletedBlockLogImpl.java:incrementCount(141)) - Deleted TXID not found.
2019-09-17 12:49:31,290 [IPC Server handler 0 on 40863] WARN  block.DeletedBlockLogImpl (DeletedBlockLogImpl.java:incrementCount(141)) - Deleted TXID not found.
2019-09-17 12:49:31,291 [IPC Server handler 0 on 40863] WARN  block.DeletedBlockLogImpl (DeletedBlockLogImpl.java:incrementCount(141)) - Deleted TXID not found.
2019-09-17 12:49:31,291 [pool-7-thread-2] INFO  commands.RetriableDatanodeEventWatcher (RetriableDatanodeEventWatcher.java:onTimeout(47)) - RetriableDatanodeCommand type=deleteBlocksCommand with id=1568724556134 timed out. Retrying.
2019-09-17 12:49:31,311 [SCMBlockDeletingService#1] DEBUG block.SCMBlockDeletingService (SCMBlockDeletingService.java:call(138)) - Running DeletedBlockTransactionScanner
2019-09-17 12:49:31,311 [SCMBlockDeletingService#1] DEBUG block.SCMBlockDeletingService (SCMBlockDeletingService.java:call(155)) - Scanned deleted blocks log and got 0 delTX to process.
2019-09-17 12:49:31,326 [pool-7-thread-2] INFO  commands.RetriableDatanodeEventWatcher (RetriableDatanodeEventWatcher.java:onTimeout(47)) - RetriableDatanodeCommand type=deleteBlocksCommand with id=1568724556125 timed out. Retrying.
2019-09-17 12:49:31,329 [pool-7-thread-2] INFO  commands.RetriableDatanodeEventWatcher (RetriableDatanodeEventWatcher.java:onTimeout(47)) - RetriableDatanodeCommand type=deleteBlocksCommand with id=1568724556076 timed out. Retrying.
2019-09-17 12:49:31,329 [pool-7-thread-6] INFO  commands.RetriableDatanodeEventWatcher (RetriableDatanodeEventWatcher.java:onTimeout(47)) - RetriableDatanodeCommand type=deleteBlocksCommand with id=1568724556115 timed out. Retrying.
2019-09-17 12:49:31,329 [pool-7-thread-7] INFO  commands.RetriableDatanodeEventWatcher (RetriableDatanodeEventWatcher.java:onTimeout(47)) - RetriableDatanodeCommand type=deleteBlocksCommand with id=1568724556027 timed out. Retrying.
2019-09-17 12:49:31,329 [pool-7-thread-7] INFO  commands.RetriableDatanodeEventWatcher (RetriableDatanodeEventWatcher.java:onTimeout(47)) - RetriableDatanodeCommand type=deleteBlocksCommand with id=1568724556086 timed out. Retrying.
2019-09-17 12:49:31,330 [pool-7-thread-5] INFO  commands.RetriableDatanodeEventWatcher (RetriableDatanodeEventWatcher.java:onTimeout(47)) - RetriableDatanodeCommand type=deleteBlocksCommand with id=1568724556096 timed out. Retrying.
2019-09-17 12:49:31,330 [pool-7-thread-4] INFO  commands.RetriableDatanodeEventWatcher (RetriableDatanodeEventWatcher.java:onTimeout(47)) - RetriableDatanodeCommand type=deleteBlocksCommand with id=1568724556008 timed out. Retrying.
2019-09-17 12:49:31,330 [pool-7-thread-6] INFO  commands.RetriableDatanodeEventWatcher (RetriableDatanodeEventWatcher.java:onTimeout(47)) - RetriableDatanodeCommand type=deleteBlocksCommand with id=1568724556047 timed out. Retrying.
2019-09-17 12:49:31,330 [pool-7-thread-2] INFO  commands.RetriableDatanodeEventWatcher (RetriableDatanodeEventWatcher.java:onTimeout(47)) - RetriableDatanodeCommand type=deleteBlocksCommand with id=1568724556037 timed out. Retrying.
2019-09-17 12:49:31,330 [pool-7-thread-2] INFO  commands.RetriableDatanodeEventWatcher (RetriableDatanodeEventWatcher.java:onTimeout(47)) - RetriableDatanodeCommand type=deleteBlocksCommand with id=1568724556067 timed out. Retrying.
2019-09-17 12:49:31,331 [pool-7-thread-6] INFO  commands.RetriableDatanodeEventWatcher (RetriableDatanodeEventWatcher.java:onTimeout(47)) - RetriableDatanodeCommand type=deleteBlocksCommand with id=1568724556057 timed out. Retrying.
2019-09-17 12:49:31,336 [pool-7-thread-6] INFO  commands.RetriableDatanodeEventWatcher (RetriableDatanodeEventWatcher.java:onTimeout(47)) - RetriableDatanodeCommand type=deleteBlocksCommand with id=1568724556018 timed out. Retrying.
2019-09-17 12:49:31,337 [pool-7-thread-6] INFO  commands.RetriableDatanodeEventWatcher (RetriableDatanodeEventWatcher.java:onTimeout(47)) - RetriableDatanodeCommand type=deleteBlocksCommand with id=1568724556106 timed out. Retrying.
]]></system-out>
    <system-err><![CDATA[ERROR StatusLogger No Log4j 2 configuration file found. Using default configuration (logging only errors to the console), or user programmatically provided configurations. Set system property 'log4j2.debug' to show Log4j 2 internal initialization logging. See https://logging.apache.org/log4j/2.x/manual/configuration.html for instructions on how to configure Log4j 2
]]></system-err>
  </testcase>
</testsuite>