<?xml version="1.0" encoding="UTF-8"?>
<testsuite xmlns:xsi="http://www.w3.org/2001/XMLSchema-instance" xsi:noNamespaceSchemaLocation="https://maven.apache.org/surefire/maven-surefire-plugin/xsd/surefire-test-report.xsd" name="org.apache.hadoop.ozone.client.rpc.Test2WayCommitInRatis" time="36.49" tests="1" errors="1" skipped="0" failures="0">
  <properties>
    <property name="awt.toolkit" value="sun.awt.X11.XToolkit"/>
    <property name="file.encoding.pkg" value="sun.io"/>
    <property name="java.specification.version" value="1.8"/>
    <property name="sun.cpu.isalist" value=""/>
    <property name="sun.jnu.encoding" value="UTF-8"/>
    <property name="java.class.path" value="/workdir/hadoop-ozone/integration-test/target/test-classes:/workdir/hadoop-ozone/integration-test/target/classes:/home/user/.m2/repository/org/apache/hadoop/hadoop-ozone-common/0.5.0-SNAPSHOT/hadoop-ozone-common-0.5.0-SNAPSHOT.jar:/home/user/.m2/repository/org/apache/commons/commons-compress/1.4.1/commons-compress-1.4.1.jar:/home/user/.m2/repository/org/tukaani/xz/1.0/xz-1.0.jar:/home/user/.m2/repository/org/apache/hadoop/hadoop-common/3.2.0/hadoop-common-3.2.0.jar:/home/user/.m2/repository/org/apache/hadoop/hadoop-hdfs/3.2.0/hadoop-hdfs-3.2.0.jar:/home/user/.m2/repository/org/apache/hadoop/hadoop-hdfs-client/3.2.0/hadoop-hdfs-client-3.2.0.jar:/home/user/.m2/repository/com/fasterxml/jackson/core/jackson-annotations/2.9.5/jackson-annotations-2.9.5.jar:/home/user/.m2/repository/org/apache/hadoop/hadoop-hdds-common/0.5.0-SNAPSHOT/hadoop-hdds-common-0.5.0-SNAPSHOT.jar:/home/user/.m2/repository/javax/annotation/javax.annotation-api/1.2/javax.annotation-api-1.2.jar:/home/user/.m2/repository/org/apache/ratis/ratis-server/0.4.0-2337318-SNAPSHOT/ratis-server-0.4.0-2337318-SNAPSHOT.jar:/home/user/.m2/repository/org/apache/ratis/ratis-thirdparty-misc/0.2.0/ratis-thirdparty-misc-0.2.0.jar:/home/user/.m2/repository/org/apache/ratis/ratis-proto/0.4.0-2337318-SNAPSHOT/ratis-proto-0.4.0-2337318-SNAPSHOT.jar:/home/user/.m2/repository/org/apache/ratis/ratis-common/0.4.0-2337318-SNAPSHOT/ratis-common-0.4.0-2337318-SNAPSHOT.jar:/home/user/.m2/repository/org/apache/ratis/ratis-client/0.4.0-2337318-SNAPSHOT/ratis-client-0.4.0-2337318-SNAPSHOT.jar:/home/user/.m2/repository/org/apache/ratis/ratis-metrics/0.4.0-2337318-SNAPSHOT/ratis-metrics-0.4.0-2337318-SNAPSHOT.jar:/home/user/.m2/repository/org/apache/ratis/ratis-netty/0.4.0-2337318-SNAPSHOT/ratis-netty-0.4.0-2337318-SNAPSHOT.jar:/home/user/.m2/repository/org/apache/ratis/ratis-grpc/0.4.0-2337318-SNAPSHOT/ratis-grpc-0.4.0-2337318-SNAPSHOT.jar:/home/user/.m2/repository/org/rocksdb/rocksdbjni/6.0.1/rocksdbjni-6.0.1.jar:/home/user/.m2/repository/org/apache/logging/log4j/log4j-api/2.11.0/log4j-api-2.11.0.jar:/home/user/.m2/repository/org/apache/logging/log4j/log4j-core/2.11.0/log4j-core-2.11.0.jar:/home/user/.m2/repository/com/lmax/disruptor/3.4.2/disruptor-3.4.2.jar:/home/user/.m2/repository/org/apache/commons/commons-pool2/2.6.0/commons-pool2-2.6.0.jar:/home/user/.m2/repository/org/bouncycastle/bcpkix-jdk15on/1.60/bcpkix-jdk15on-1.60.jar:/home/user/.m2/repository/commons-validator/commons-validator/1.6/commons-validator-1.6.jar:/home/user/.m2/repository/commons-digester/commons-digester/1.8.1/commons-digester-1.8.1.jar:/home/user/.m2/repository/io/jaegertracing/jaeger-client/0.33.1/jaeger-client-0.33.1.jar:/home/user/.m2/repository/io/jaegertracing/jaeger-thrift/0.33.1/jaeger-thrift-0.33.1.jar:/home/user/.m2/repository/org/apache/thrift/libthrift/0.11.0/libthrift-0.11.0.jar:/home/user/.m2/repository/com/squareup/okhttp3/okhttp/3.9.0/okhttp-3.9.0.jar:/home/user/.m2/repository/com/squareup/okio/okio/1.13.0/okio-1.13.0.jar:/home/user/.m2/repository/io/jaegertracing/jaeger-core/0.33.1/jaeger-core-0.33.1.jar:/home/user/.m2/repository/io/jaegertracing/jaeger-tracerresolver/0.33.1/jaeger-tracerresolver-0.33.1.jar:/home/user/.m2/repository/io/opentracing/contrib/opentracing-tracerresolver/0.1.5/opentracing-tracerresolver-0.1.5.jar:/home/user/.m2/repository/io/opentracing/opentracing-util/0.31.0/opentracing-util-0.31.0.jar:/home/user/.m2/repository/io/opentracing/opentracing-api/0.31.0/opentracing-api-0.31.0.jar:/home/user/.m2/repository/io/opentracing/opentracing-noop/0.31.0/opentracing-noop-0.31.0.jar:/home/user/.m2/repository/org/apache/hadoop/hadoop-hdds-server-framework/0.5.0-SNAPSHOT/hadoop-hdds-server-framework-0.5.0-SNAPSHOT.jar:/home/user/.m2/repository/org/apache/hadoop/hadoop-hdds-container-service/0.5.0-SNAPSHOT/hadoop-hdds-container-service-0.5.0-SNAPSHOT.jar:/home/user/.m2/repository/org/apache/hadoop/hadoop-hdds-client/0.5.0-SNAPSHOT/hadoop-hdds-client-0.5.0-SNAPSHOT.jar:/home/user/.m2/repository/org/apache/hadoop/hadoop-hdds-tools/0.5.0-SNAPSHOT/hadoop-hdds-tools-0.5.0-SNAPSHOT.jar:/home/user/.m2/repository/org/apache/hadoop/hadoop-hdds-server-scm/0.5.0-SNAPSHOT/hadoop-hdds-server-scm-0.5.0-SNAPSHOT.jar:/home/user/.m2/repository/org/apache/hadoop/hadoop-hdds-docs/0.5.0-SNAPSHOT/hadoop-hdds-docs-0.5.0-SNAPSHOT.jar:/home/user/.m2/repository/io/dropwizard/metrics/metrics-core/3.2.4/metrics-core-3.2.4.jar:/home/user/.m2/repository/org/hamcrest/hamcrest-all/1.3/hamcrest-all-1.3.jar:/home/user/.m2/repository/org/bouncycastle/bcprov-jdk15on/1.60/bcprov-jdk15on-1.60.jar:/home/user/.m2/repository/info/picocli/picocli/3.9.6/picocli-3.9.6.jar:/home/user/.m2/repository/com/google/protobuf/protobuf-java/2.5.0/protobuf-java-2.5.0.jar:/home/user/.m2/repository/com/google/guava/guava/11.0.2/guava-11.0.2.jar:/home/user/.m2/repository/org/apache/hadoop/hadoop-ozone-ozone-manager/0.5.0-SNAPSHOT/hadoop-ozone-ozone-manager-0.5.0-SNAPSHOT.jar:/home/user/.m2/repository/org/apache/hadoop/hadoop-minikdc/3.2.0/hadoop-minikdc-3.2.0.jar:/home/user/.m2/repository/commons-io/commons-io/2.5/commons-io-2.5.jar:/home/user/.m2/repository/org/apache/kerby/kerb-simplekdc/1.0.1/kerb-simplekdc-1.0.1.jar:/home/user/.m2/repository/org/apache/kerby/kerb-client/1.0.1/kerb-client-1.0.1.jar:/home/user/.m2/repository/org/apache/kerby/kerby-config/1.0.1/kerby-config-1.0.1.jar:/home/user/.m2/repository/org/apache/kerby/kerb-core/1.0.1/kerb-core-1.0.1.jar:/home/user/.m2/repository/org/apache/kerby/kerby-pkix/1.0.1/kerby-pkix-1.0.1.jar:/home/user/.m2/repository/org/apache/kerby/kerby-asn1/1.0.1/kerby-asn1-1.0.1.jar:/home/user/.m2/repository/org/apache/kerby/kerby-util/1.0.1/kerby-util-1.0.1.jar:/home/user/.m2/repository/org/apache/kerby/kerb-common/1.0.1/kerb-common-1.0.1.jar:/home/user/.m2/repository/org/apache/kerby/kerb-crypto/1.0.1/kerb-crypto-1.0.1.jar:/home/user/.m2/repository/org/apache/kerby/kerb-util/1.0.1/kerb-util-1.0.1.jar:/home/user/.m2/repository/org/apache/kerby/token-provider/1.0.1/token-provider-1.0.1.jar:/home/user/.m2/repository/org/apache/kerby/kerb-admin/1.0.1/kerb-admin-1.0.1.jar:/home/user/.m2/repository/org/apache/kerby/kerb-server/1.0.1/kerb-server-1.0.1.jar:/home/user/.m2/repository/org/apache/kerby/kerb-identity/1.0.1/kerb-identity-1.0.1.jar:/home/user/.m2/repository/org/apache/kerby/kerby-xdr/1.0.1/kerby-xdr-1.0.1.jar:/home/user/.m2/repository/org/slf4j/slf4j-log4j12/1.7.25/slf4j-log4j12-1.7.25.jar:/home/user/.m2/repository/org/apache/hadoop/hadoop-ozone-objectstore-service/0.5.0-SNAPSHOT/hadoop-ozone-objectstore-service-0.5.0-SNAPSHOT.jar:/home/user/.m2/repository/org/apache/hadoop/hadoop-ozone-s3gateway/0.5.0-SNAPSHOT/hadoop-ozone-s3gateway-0.5.0-SNAPSHOT.jar:/home/user/.m2/repository/org/jboss/weld/servlet/weld-servlet/2.4.7.Final/weld-servlet-2.4.7.Final.jar:/home/user/.m2/repository/org/glassfish/jersey/containers/jersey-container-servlet-core/2.27/jersey-container-servlet-core-2.27.jar:/home/user/.m2/repository/org/glassfish/hk2/external/javax.inject/2.5.0-b42/javax.inject-2.5.0-b42.jar:/home/user/.m2/repository/org/glassfish/jersey/core/jersey-common/2.27/jersey-common-2.27.jar:/home/user/.m2/repository/org/glassfish/hk2/osgi-resource-locator/1.0.1/osgi-resource-locator-1.0.1.jar:/home/user/.m2/repository/javax/ws/rs/javax.ws.rs-api/2.1/javax.ws.rs-api-2.1.jar:/home/user/.m2/repository/org/glassfish/jersey/ext/cdi/jersey-cdi1x/2.27/jersey-cdi1x-2.27.jar:/home/user/.m2/repository/org/glassfish/jersey/inject/jersey-hk2/2.27/jersey-hk2-2.27.jar:/home/user/.m2/repository/org/glassfish/hk2/hk2-locator/2.5.0-b42/hk2-locator-2.5.0-b42.jar:/home/user/.m2/repository/org/javassist/javassist/3.22.0-CR2/javassist-3.22.0-CR2.jar:/home/user/.m2/repository/org/glassfish/hk2/hk2-api/2.5.0/hk2-api-2.5.0.jar:/home/user/.m2/repository/org/glassfish/hk2/external/jakarta.inject/2.5.0/jakarta.inject-2.5.0.jar:/home/user/.m2/repository/org/glassfish/hk2/hk2-utils/2.5.0/hk2-utils-2.5.0.jar:/home/user/.m2/repository/jakarta/annotation/jakarta.annotation-api/1.3.4/jakarta.annotation-api-1.3.4.jar:/home/user/.m2/repository/org/glassfish/hk2/external/aopalliance-repackaged/2.5.0/aopalliance-repackaged-2.5.0.jar:/home/user/.m2/repository/com/fasterxml/jackson/dataformat/jackson-dataformat-xml/2.9.0/jackson-dataformat-xml-2.9.0.jar:/home/user/.m2/repository/com/fasterxml/jackson/core/jackson-core/2.9.5/jackson-core-2.9.5.jar:/home/user/.m2/repository/com/fasterxml/jackson/module/jackson-module-jaxb-annotations/2.9.5/jackson-module-jaxb-annotations-2.9.5.jar:/home/user/.m2/repository/javax/enterprise/cdi-api/1.2/cdi-api-1.2.jar:/home/user/.m2/repository/javax/el/javax.el-api/3.0.0/javax.el-api-3.0.0.jar:/home/user/.m2/repository/javax/interceptor/javax.interceptor-api/1.2/javax.interceptor-api-1.2.jar:/home/user/.m2/repository/javax/inject/javax.inject/1/javax.inject-1.jar:/home/user/.m2/repository/com/sun/xml/bind/jaxb-impl/2.3.0.1/jaxb-impl-2.3.0.1.jar:/home/user/.m2/repository/com/sun/xml/bind/jaxb-core/2.3.0.1/jaxb-core-2.3.0.1.jar:/home/user/.m2/repository/javax/xml/bind/jaxb-api/2.3.0/jaxb-api-2.3.0.jar:/home/user/.m2/repository/javax/activation/activation/1.1.1/activation-1.1.1.jar:/home/user/.m2/repository/org/apache/hadoop/hadoop-ozone-csi/0.5.0-SNAPSHOT/hadoop-ozone-csi-0.5.0-SNAPSHOT.jar:/home/user/.m2/repository/com/google/protobuf/protobuf-java-util/3.5.1/protobuf-java-util-3.5.1.jar:/home/user/.m2/repository/org/apache/hadoop/hadoop-hdds-config/0.5.0-SNAPSHOT/hadoop-hdds-config-0.5.0-SNAPSHOT.jar:/home/user/.m2/repository/io/grpc/grpc-netty/1.17.1/grpc-netty-1.17.1.jar:/home/user/.m2/repository/io/grpc/grpc-core/1.17.1/grpc-core-1.17.1.jar:/home/user/.m2/repository/io/grpc/grpc-context/1.17.1/grpc-context-1.17.1.jar:/home/user/.m2/repository/com/google/errorprone/error_prone_annotations/2.2.0/error_prone_annotations-2.2.0.jar:/home/user/.m2/repository/org/codehaus/mojo/animal-sniffer-annotations/1.17/animal-sniffer-annotations-1.17.jar:/home/user/.m2/repository/io/opencensus/opencensus-api/0.17.0/opencensus-api-0.17.0.jar:/home/user/.m2/repository/io/opencensus/opencensus-contrib-grpc-metrics/0.17.0/opencensus-contrib-grpc-metrics-0.17.0.jar:/home/user/.m2/repository/io/netty/netty-codec-http2/4.1.30.Final/netty-codec-http2-4.1.30.Final.jar:/home/user/.m2/repository/io/netty/netty-codec-http/4.1.30.Final/netty-codec-http-4.1.30.Final.jar:/home/user/.m2/repository/io/netty/netty-codec/4.1.30.Final/netty-codec-4.1.30.Final.jar:/home/user/.m2/repository/io/netty/netty-handler/4.1.30.Final/netty-handler-4.1.30.Final.jar:/home/user/.m2/repository/io/netty/netty-handler-proxy/4.1.30.Final/netty-handler-proxy-4.1.30.Final.jar:/home/user/.m2/repository/io/netty/netty-codec-socks/4.1.30.Final/netty-codec-socks-4.1.30.Final.jar:/home/user/.m2/repository/io/netty/netty-transport-native-epoll/4.1.30.Final/netty-transport-native-epoll-4.1.30.Final.jar:/home/user/.m2/repository/io/netty/netty-common/4.1.30.Final/netty-common-4.1.30.Final.jar:/home/user/.m2/repository/io/netty/netty-buffer/4.1.30.Final/netty-buffer-4.1.30.Final.jar:/home/user/.m2/repository/io/netty/netty-transport/4.1.30.Final/netty-transport-4.1.30.Final.jar:/home/user/.m2/repository/io/netty/netty-resolver/4.1.30.Final/netty-resolver-4.1.30.Final.jar:/home/user/.m2/repository/io/netty/netty-transport-native-unix-common/4.1.30.Final/netty-transport-native-unix-common-4.1.30.Final.jar:/home/user/.m2/repository/io/grpc/grpc-protobuf/1.17.1/grpc-protobuf-1.17.1.jar:/home/user/.m2/repository/com/google/api/grpc/proto-google-common-protos/1.0.0/proto-google-common-protos-1.0.0.jar:/home/user/.m2/repository/io/grpc/grpc-protobuf-lite/1.17.1/grpc-protobuf-lite-1.17.1.jar:/home/user/.m2/repository/io/grpc/grpc-stub/1.17.1/grpc-stub-1.17.1.jar:/home/user/.m2/repository/org/apache/hadoop/hadoop-ozone-recon/0.5.0-SNAPSHOT/hadoop-ozone-recon-0.5.0-SNAPSHOT.jar:/home/user/.m2/repository/org/apache/hadoop/hadoop-ozone-reconcodegen/0.5.0-SNAPSHOT/hadoop-ozone-reconcodegen-0.5.0-SNAPSHOT.jar:/home/user/.m2/repository/com/google/inject/extensions/guice-multibindings/4.0/guice-multibindings-4.0.jar:/home/user/.m2/repository/com/google/inject/guice/4.0/guice-4.0.jar:/home/user/.m2/repository/aopalliance/aopalliance/1.0/aopalliance-1.0.jar:/home/user/.m2/repository/com/google/inject/extensions/guice-servlet/4.0/guice-servlet-4.0.jar:/home/user/.m2/repository/org/glassfish/jersey/containers/jersey-container-servlet/2.27/jersey-container-servlet-2.27.jar:/home/user/.m2/repository/org/glassfish/hk2/guice-bridge/2.5.0/guice-bridge-2.5.0.jar:/home/user/.m2/repository/org/glassfish/jersey/core/jersey-server/2.27/jersey-server-2.27.jar:/home/user/.m2/repository/org/glassfish/jersey/core/jersey-client/2.27/jersey-client-2.27.jar:/home/user/.m2/repository/org/glassfish/jersey/media/jersey-media-jaxb/2.27/jersey-media-jaxb-2.27.jar:/home/user/.m2/repository/javax/validation/validation-api/1.1.0.Final/validation-api-1.1.0.Final.jar:/home/user/.m2/repository/org/glassfish/jersey/media/jersey-media-json-jackson/2.27/jersey-media-json-jackson-2.27.jar:/home/user/.m2/repository/org/glassfish/jersey/ext/jersey-entity-filtering/2.27/jersey-entity-filtering-2.27.jar:/home/user/.m2/repository/com/google/inject/extensions/guice-assistedinject/4.0/guice-assistedinject-4.0.jar:/home/user/.m2/repository/org/jooq/jooq/3.11.10/jooq-3.11.10.jar:/home/user/.m2/repository/org/jooq/jooq-meta/3.11.10/jooq-meta-3.11.10.jar:/home/user/.m2/repository/org/jooq/jooq-codegen/3.11.10/jooq-codegen-3.11.10.jar:/home/user/.m2/repository/com/jolbox/bonecp/0.8.0.RELEASE/bonecp-0.8.0.RELEASE.jar:/home/user/.m2/repository/org/xerial/sqlite-jdbc/3.25.2/sqlite-jdbc-3.25.2.jar:/home/user/.m2/repository/org/springframework/spring-jdbc/5.1.3.RELEASE/spring-jdbc-5.1.3.RELEASE.jar:/home/user/.m2/repository/org/springframework/spring-beans/5.1.3.RELEASE/spring-beans-5.1.3.RELEASE.jar:/home/user/.m2/repository/org/springframework/spring-core/5.1.3.RELEASE/spring-core-5.1.3.RELEASE.jar:/home/user/.m2/repository/org/springframework/spring-jcl/5.1.3.RELEASE/spring-jcl-5.1.3.RELEASE.jar:/home/user/.m2/repository/org/springframework/spring-tx/5.1.3.RELEASE/spring-tx-5.1.3.RELEASE.jar:/home/user/.m2/repository/org/apache/hadoop/hadoop-ozone-client/0.5.0-SNAPSHOT/hadoop-ozone-client-0.5.0-SNAPSHOT.jar:/home/user/.m2/repository/commons-lang/commons-lang/2.6/commons-lang-2.6.jar:/home/user/.m2/repository/org/apache/hadoop/hadoop-ozone-ozone-manager/0.5.0-SNAPSHOT/hadoop-ozone-ozone-manager-0.5.0-SNAPSHOT-tests.jar:/home/user/.m2/repository/junit/junit/4.11/junit-4.11.jar:/home/user/.m2/repository/org/hamcrest/hamcrest-core/1.3/hamcrest-core-1.3.jar:/home/user/.m2/repository/org/openjdk/jmh/jmh-core/1.19/jmh-core-1.19.jar:/home/user/.m2/repository/net/sf/jopt-simple/jopt-simple/4.6/jopt-simple-4.6.jar:/home/user/.m2/repository/org/apache/commons/commons-math3/3.1.1/commons-math3-3.1.1.jar:/home/user/.m2/repository/org/openjdk/jmh/jmh-generator-annprocess/1.19/jmh-generator-annprocess-1.19.jar:/home/user/.m2/repository/org/mockito/mockito-all/1.8.5/mockito-all-1.8.5.jar:/home/user/.m2/repository/org/apache/hadoop/hadoop-kms/3.2.0/hadoop-kms-3.2.0.jar:/home/user/.m2/repository/org/apache/hadoop/hadoop-auth/3.2.0/hadoop-auth-3.2.0.jar:/home/user/.m2/repository/com/nimbusds/nimbus-jose-jwt/4.41.1/nimbus-jose-jwt-4.41.1.jar:/home/user/.m2/repository/com/github/stephenc/jcip/jcip-annotations/1.0-1/jcip-annotations-1.0-1.jar:/home/user/.m2/repository/net/minidev/json-smart/2.3/json-smart-2.3.jar:/home/user/.m2/repository/net/minidev/accessors-smart/1.2/accessors-smart-1.2.jar:/home/user/.m2/repository/org/ow2/asm/asm/5.0.4/asm-5.0.4.jar:/home/user/.m2/repository/org/apache/curator/curator-framework/2.12.0/curator-framework-2.12.0.jar:/home/user/.m2/repository/com/sun/jersey/jersey-core/1.19/jersey-core-1.19.jar:/home/user/.m2/repository/javax/ws/rs/jsr311-api/1.1.1/jsr311-api-1.1.1.jar:/home/user/.m2/repository/com/sun/jersey/jersey-server/1.19/jersey-server-1.19.jar:/home/user/.m2/repository/javax/servlet/javax.servlet-api/3.1.0/javax.servlet-api-3.1.0.jar:/home/user/.m2/repository/org/eclipse/jetty/jetty-server/9.3.24.v20180605/jetty-server-9.3.24.v20180605.jar:/home/user/.m2/repository/org/eclipse/jetty/jetty-http/9.3.24.v20180605/jetty-http-9.3.24.v20180605.jar:/home/user/.m2/repository/org/eclipse/jetty/jetty-io/9.3.24.v20180605/jetty-io-9.3.24.v20180605.jar:/home/user/.m2/repository/org/eclipse/jetty/jetty-webapp/9.3.24.v20180605/jetty-webapp-9.3.24.v20180605.jar:/home/user/.m2/repository/org/eclipse/jetty/jetty-xml/9.3.24.v20180605/jetty-xml-9.3.24.v20180605.jar:/home/user/.m2/repository/log4j/log4j/1.2.17/log4j-1.2.17.jar:/home/user/.m2/repository/org/slf4j/slf4j-api/1.7.25/slf4j-api-1.7.25.jar:/home/user/.m2/repository/org/slf4j/jul-to-slf4j/1.7.25/jul-to-slf4j-1.7.25.jar:/home/user/.m2/repository/org/eclipse/jetty/jetty-util/9.3.24.v20180605/jetty-util-9.3.24.v20180605.jar:/home/user/.m2/repository/com/fasterxml/jackson/core/jackson-databind/2.9.5/jackson-databind-2.9.5.jar:/home/user/.m2/repository/org/apache/hadoop/hadoop-kms/3.2.0/hadoop-kms-3.2.0-tests.jar:/home/user/.m2/repository/org/apache/hadoop/hadoop-hdds-server-scm/0.5.0-SNAPSHOT/hadoop-hdds-server-scm-0.5.0-SNAPSHOT-tests.jar:/home/user/.m2/repository/org/apache/hadoop/hadoop-hdds-container-service/0.5.0-SNAPSHOT/hadoop-hdds-container-service-0.5.0-SNAPSHOT-tests.jar:/home/user/.m2/repository/org/yaml/snakeyaml/1.16/snakeyaml-1.16.jar:/home/user/.m2/repository/org/apache/hadoop/hadoop-common/3.2.0/hadoop-common-3.2.0-tests.jar:/home/user/.m2/repository/org/apache/hadoop/hadoop-annotations/3.2.0/hadoop-annotations-3.2.0.jar:/usr/lib/jvm/java-1.8-openjdk/jre/../lib/tools.jar:/home/user/.m2/repository/commons-cli/commons-cli/1.2/commons-cli-1.2.jar:/home/user/.m2/repository/org/apache/httpcomponents/httpclient/4.5.2/httpclient-4.5.2.jar:/home/user/.m2/repository/org/apache/httpcomponents/httpcore/4.4.4/httpcore-4.4.4.jar:/home/user/.m2/repository/commons-codec/commons-codec/1.11/commons-codec-1.11.jar:/home/user/.m2/repository/commons-net/commons-net/3.6/commons-net-3.6.jar:/home/user/.m2/repository/commons-collections/commons-collections/3.2.2/commons-collections-3.2.2.jar:/home/user/.m2/repository/org/eclipse/jetty/jetty-servlet/9.3.24.v20180605/jetty-servlet-9.3.24.v20180605.jar:/home/user/.m2/repository/org/eclipse/jetty/jetty-security/9.3.24.v20180605/jetty-security-9.3.24.v20180605.jar:/home/user/.m2/repository/javax/servlet/jsp/jsp-api/2.1/jsp-api-2.1.jar:/home/user/.m2/repository/com/sun/jersey/jersey-servlet/1.19/jersey-servlet-1.19.jar:/home/user/.m2/repository/com/sun/jersey/jersey-json/1.19/jersey-json-1.19.jar:/home/user/.m2/repository/org/codehaus/jettison/jettison/1.1/jettison-1.1.jar:/home/user/.m2/repository/org/codehaus/jackson/jackson-core-asl/1.9.13/jackson-core-asl-1.9.13.jar:/home/user/.m2/repository/org/codehaus/jackson/jackson-mapper-asl/1.9.13/jackson-mapper-asl-1.9.13.jar:/home/user/.m2/repository/org/codehaus/jackson/jackson-jaxrs/1.9.13/jackson-jaxrs-1.9.13.jar:/home/user/.m2/repository/org/codehaus/jackson/jackson-xc/1.9.13/jackson-xc-1.9.13.jar:/home/user/.m2/repository/commons-logging/commons-logging/1.1.3/commons-logging-1.1.3.jar:/home/user/.m2/repository/commons-beanutils/commons-beanutils/1.9.3/commons-beanutils-1.9.3.jar:/home/user/.m2/repository/org/apache/commons/commons-configuration2/2.1.1/commons-configuration2-2.1.1.jar:/home/user/.m2/repository/org/apache/commons/commons-lang3/3.7/commons-lang3-3.7.jar:/home/user/.m2/repository/org/apache/commons/commons-text/1.4/commons-text-1.4.jar:/home/user/.m2/repository/org/apache/avro/avro/1.7.7/avro-1.7.7.jar:/home/user/.m2/repository/com/thoughtworks/paranamer/paranamer/2.3/paranamer-2.3.jar:/home/user/.m2/repository/org/xerial/snappy/snappy-java/1.0.5/snappy-java-1.0.5.jar:/home/user/.m2/repository/com/google/re2j/re2j/1.1/re2j-1.1.jar:/home/user/.m2/repository/com/google/code/gson/gson/2.2.4/gson-2.2.4.jar:/home/user/.m2/repository/com/jcraft/jsch/0.1.54/jsch-0.1.54.jar:/home/user/.m2/repository/org/apache/curator/curator-client/2.12.0/curator-client-2.12.0.jar:/home/user/.m2/repository/org/apache/curator/curator-recipes/2.12.0/curator-recipes-2.12.0.jar:/home/user/.m2/repository/com/google/code/findbugs/jsr305/3.0.0/jsr305-3.0.0.jar:/home/user/.m2/repository/org/apache/htrace/htrace-core4/4.1.0-incubating/htrace-core4-4.1.0-incubating.jar:/home/user/.m2/repository/org/apache/zookeeper/zookeeper/3.4.13/zookeeper-3.4.13.jar:/home/user/.m2/repository/org/apache/yetus/audience-annotations/0.5.0/audience-annotations-0.5.0.jar:/home/user/.m2/repository/org/codehaus/woodstox/stax2-api/3.1.4/stax2-api-3.1.4.jar:/home/user/.m2/repository/com/fasterxml/woodstox/woodstox-core/5.0.3/woodstox-core-5.0.3.jar:/home/user/.m2/repository/dnsjava/dnsjava/2.1.7/dnsjava-2.1.7.jar:/home/user/.m2/repository/org/apache/hadoop/hadoop-hdfs/3.2.0/hadoop-hdfs-3.2.0-tests.jar:/home/user/.m2/repository/org/eclipse/jetty/jetty-util-ajax/9.3.24.v20180605/jetty-util-ajax-9.3.24.v20180605.jar:/home/user/.m2/repository/commons-daemon/commons-daemon/1.0.13/commons-daemon-1.0.13.jar:/home/user/.m2/repository/io/netty/netty/3.10.5.Final/netty-3.10.5.Final.jar:/home/user/.m2/repository/io/netty/netty-all/4.0.52.Final/netty-all-4.0.52.Final.jar:/home/user/.m2/repository/org/fusesource/leveldbjni/leveldbjni-all/1.8/leveldbjni-all-1.8.jar:"/>
    <property name="java.vm.vendor" value="IcedTea"/>
    <property name="sun.arch.data.model" value="64"/>
    <property name="test.build.dir" value="/workdir/hadoop-ozone/integration-test/target/test-dir"/>
    <property name="test.cache.data" value=""/>
    <property name="java.vendor.url" value="https://icedtea.classpath.org"/>
    <property name="user.timezone" value=""/>
    <property name="java.vm.specification.version" value="1.8"/>
    <property name="os.name" value="Linux"/>
    <property name="test.build.data" value="/workdir/hadoop-ozone/integration-test/target/test-dir"/>
    <property name="user.country" value="US"/>
    <property name="sun.java.launcher" value="SUN_STANDARD"/>
    <property name="sun.boot.library.path" value="/usr/lib/jvm/java-1.8-openjdk/jre/lib/amd64"/>
    <property name="sun.java.command" value="/workdir/hadoop-ozone/integration-test/target/surefire/surefirebooter912365542952368688.jar /workdir/hadoop-ozone/integration-test/target/surefire 2019-08-27T18-25-28_061-jvmRun1 surefire5382204267739005756tmp surefire_549010940459046602375tmp"/>
    <property name="test" value="!TestMiniChaosOzoneCluster"/>
    <property name="surefire.test.class.path" value="/workdir/hadoop-ozone/integration-test/target/test-classes:/workdir/hadoop-ozone/integration-test/target/classes:/home/user/.m2/repository/org/apache/hadoop/hadoop-ozone-common/0.5.0-SNAPSHOT/hadoop-ozone-common-0.5.0-SNAPSHOT.jar:/home/user/.m2/repository/org/apache/commons/commons-compress/1.4.1/commons-compress-1.4.1.jar:/home/user/.m2/repository/org/tukaani/xz/1.0/xz-1.0.jar:/home/user/.m2/repository/org/apache/hadoop/hadoop-common/3.2.0/hadoop-common-3.2.0.jar:/home/user/.m2/repository/org/apache/hadoop/hadoop-hdfs/3.2.0/hadoop-hdfs-3.2.0.jar:/home/user/.m2/repository/org/apache/hadoop/hadoop-hdfs-client/3.2.0/hadoop-hdfs-client-3.2.0.jar:/home/user/.m2/repository/com/fasterxml/jackson/core/jackson-annotations/2.9.5/jackson-annotations-2.9.5.jar:/home/user/.m2/repository/org/apache/hadoop/hadoop-hdds-common/0.5.0-SNAPSHOT/hadoop-hdds-common-0.5.0-SNAPSHOT.jar:/home/user/.m2/repository/javax/annotation/javax.annotation-api/1.2/javax.annotation-api-1.2.jar:/home/user/.m2/repository/org/apache/ratis/ratis-server/0.4.0-2337318-SNAPSHOT/ratis-server-0.4.0-2337318-SNAPSHOT.jar:/home/user/.m2/repository/org/apache/ratis/ratis-thirdparty-misc/0.2.0/ratis-thirdparty-misc-0.2.0.jar:/home/user/.m2/repository/org/apache/ratis/ratis-proto/0.4.0-2337318-SNAPSHOT/ratis-proto-0.4.0-2337318-SNAPSHOT.jar:/home/user/.m2/repository/org/apache/ratis/ratis-common/0.4.0-2337318-SNAPSHOT/ratis-common-0.4.0-2337318-SNAPSHOT.jar:/home/user/.m2/repository/org/apache/ratis/ratis-client/0.4.0-2337318-SNAPSHOT/ratis-client-0.4.0-2337318-SNAPSHOT.jar:/home/user/.m2/repository/org/apache/ratis/ratis-metrics/0.4.0-2337318-SNAPSHOT/ratis-metrics-0.4.0-2337318-SNAPSHOT.jar:/home/user/.m2/repository/org/apache/ratis/ratis-netty/0.4.0-2337318-SNAPSHOT/ratis-netty-0.4.0-2337318-SNAPSHOT.jar:/home/user/.m2/repository/org/apache/ratis/ratis-grpc/0.4.0-2337318-SNAPSHOT/ratis-grpc-0.4.0-2337318-SNAPSHOT.jar:/home/user/.m2/repository/org/rocksdb/rocksdbjni/6.0.1/rocksdbjni-6.0.1.jar:/home/user/.m2/repository/org/apache/logging/log4j/log4j-api/2.11.0/log4j-api-2.11.0.jar:/home/user/.m2/repository/org/apache/logging/log4j/log4j-core/2.11.0/log4j-core-2.11.0.jar:/home/user/.m2/repository/com/lmax/disruptor/3.4.2/disruptor-3.4.2.jar:/home/user/.m2/repository/org/apache/commons/commons-pool2/2.6.0/commons-pool2-2.6.0.jar:/home/user/.m2/repository/org/bouncycastle/bcpkix-jdk15on/1.60/bcpkix-jdk15on-1.60.jar:/home/user/.m2/repository/commons-validator/commons-validator/1.6/commons-validator-1.6.jar:/home/user/.m2/repository/commons-digester/commons-digester/1.8.1/commons-digester-1.8.1.jar:/home/user/.m2/repository/io/jaegertracing/jaeger-client/0.33.1/jaeger-client-0.33.1.jar:/home/user/.m2/repository/io/jaegertracing/jaeger-thrift/0.33.1/jaeger-thrift-0.33.1.jar:/home/user/.m2/repository/org/apache/thrift/libthrift/0.11.0/libthrift-0.11.0.jar:/home/user/.m2/repository/com/squareup/okhttp3/okhttp/3.9.0/okhttp-3.9.0.jar:/home/user/.m2/repository/com/squareup/okio/okio/1.13.0/okio-1.13.0.jar:/home/user/.m2/repository/io/jaegertracing/jaeger-core/0.33.1/jaeger-core-0.33.1.jar:/home/user/.m2/repository/io/jaegertracing/jaeger-tracerresolver/0.33.1/jaeger-tracerresolver-0.33.1.jar:/home/user/.m2/repository/io/opentracing/contrib/opentracing-tracerresolver/0.1.5/opentracing-tracerresolver-0.1.5.jar:/home/user/.m2/repository/io/opentracing/opentracing-util/0.31.0/opentracing-util-0.31.0.jar:/home/user/.m2/repository/io/opentracing/opentracing-api/0.31.0/opentracing-api-0.31.0.jar:/home/user/.m2/repository/io/opentracing/opentracing-noop/0.31.0/opentracing-noop-0.31.0.jar:/home/user/.m2/repository/org/apache/hadoop/hadoop-hdds-server-framework/0.5.0-SNAPSHOT/hadoop-hdds-server-framework-0.5.0-SNAPSHOT.jar:/home/user/.m2/repository/org/apache/hadoop/hadoop-hdds-container-service/0.5.0-SNAPSHOT/hadoop-hdds-container-service-0.5.0-SNAPSHOT.jar:/home/user/.m2/repository/org/apache/hadoop/hadoop-hdds-client/0.5.0-SNAPSHOT/hadoop-hdds-client-0.5.0-SNAPSHOT.jar:/home/user/.m2/repository/org/apache/hadoop/hadoop-hdds-tools/0.5.0-SNAPSHOT/hadoop-hdds-tools-0.5.0-SNAPSHOT.jar:/home/user/.m2/repository/org/apache/hadoop/hadoop-hdds-server-scm/0.5.0-SNAPSHOT/hadoop-hdds-server-scm-0.5.0-SNAPSHOT.jar:/home/user/.m2/repository/org/apache/hadoop/hadoop-hdds-docs/0.5.0-SNAPSHOT/hadoop-hdds-docs-0.5.0-SNAPSHOT.jar:/home/user/.m2/repository/io/dropwizard/metrics/metrics-core/3.2.4/metrics-core-3.2.4.jar:/home/user/.m2/repository/org/hamcrest/hamcrest-all/1.3/hamcrest-all-1.3.jar:/home/user/.m2/repository/org/bouncycastle/bcprov-jdk15on/1.60/bcprov-jdk15on-1.60.jar:/home/user/.m2/repository/info/picocli/picocli/3.9.6/picocli-3.9.6.jar:/home/user/.m2/repository/com/google/protobuf/protobuf-java/2.5.0/protobuf-java-2.5.0.jar:/home/user/.m2/repository/com/google/guava/guava/11.0.2/guava-11.0.2.jar:/home/user/.m2/repository/org/apache/hadoop/hadoop-ozone-ozone-manager/0.5.0-SNAPSHOT/hadoop-ozone-ozone-manager-0.5.0-SNAPSHOT.jar:/home/user/.m2/repository/org/apache/hadoop/hadoop-minikdc/3.2.0/hadoop-minikdc-3.2.0.jar:/home/user/.m2/repository/commons-io/commons-io/2.5/commons-io-2.5.jar:/home/user/.m2/repository/org/apache/kerby/kerb-simplekdc/1.0.1/kerb-simplekdc-1.0.1.jar:/home/user/.m2/repository/org/apache/kerby/kerb-client/1.0.1/kerb-client-1.0.1.jar:/home/user/.m2/repository/org/apache/kerby/kerby-config/1.0.1/kerby-config-1.0.1.jar:/home/user/.m2/repository/org/apache/kerby/kerb-core/1.0.1/kerb-core-1.0.1.jar:/home/user/.m2/repository/org/apache/kerby/kerby-pkix/1.0.1/kerby-pkix-1.0.1.jar:/home/user/.m2/repository/org/apache/kerby/kerby-asn1/1.0.1/kerby-asn1-1.0.1.jar:/home/user/.m2/repository/org/apache/kerby/kerby-util/1.0.1/kerby-util-1.0.1.jar:/home/user/.m2/repository/org/apache/kerby/kerb-common/1.0.1/kerb-common-1.0.1.jar:/home/user/.m2/repository/org/apache/kerby/kerb-crypto/1.0.1/kerb-crypto-1.0.1.jar:/home/user/.m2/repository/org/apache/kerby/kerb-util/1.0.1/kerb-util-1.0.1.jar:/home/user/.m2/repository/org/apache/kerby/token-provider/1.0.1/token-provider-1.0.1.jar:/home/user/.m2/repository/org/apache/kerby/kerb-admin/1.0.1/kerb-admin-1.0.1.jar:/home/user/.m2/repository/org/apache/kerby/kerb-server/1.0.1/kerb-server-1.0.1.jar:/home/user/.m2/repository/org/apache/kerby/kerb-identity/1.0.1/kerb-identity-1.0.1.jar:/home/user/.m2/repository/org/apache/kerby/kerby-xdr/1.0.1/kerby-xdr-1.0.1.jar:/home/user/.m2/repository/org/slf4j/slf4j-log4j12/1.7.25/slf4j-log4j12-1.7.25.jar:/home/user/.m2/repository/org/apache/hadoop/hadoop-ozone-objectstore-service/0.5.0-SNAPSHOT/hadoop-ozone-objectstore-service-0.5.0-SNAPSHOT.jar:/home/user/.m2/repository/org/apache/hadoop/hadoop-ozone-s3gateway/0.5.0-SNAPSHOT/hadoop-ozone-s3gateway-0.5.0-SNAPSHOT.jar:/home/user/.m2/repository/org/jboss/weld/servlet/weld-servlet/2.4.7.Final/weld-servlet-2.4.7.Final.jar:/home/user/.m2/repository/org/glassfish/jersey/containers/jersey-container-servlet-core/2.27/jersey-container-servlet-core-2.27.jar:/home/user/.m2/repository/org/glassfish/hk2/external/javax.inject/2.5.0-b42/javax.inject-2.5.0-b42.jar:/home/user/.m2/repository/org/glassfish/jersey/core/jersey-common/2.27/jersey-common-2.27.jar:/home/user/.m2/repository/org/glassfish/hk2/osgi-resource-locator/1.0.1/osgi-resource-locator-1.0.1.jar:/home/user/.m2/repository/javax/ws/rs/javax.ws.rs-api/2.1/javax.ws.rs-api-2.1.jar:/home/user/.m2/repository/org/glassfish/jersey/ext/cdi/jersey-cdi1x/2.27/jersey-cdi1x-2.27.jar:/home/user/.m2/repository/org/glassfish/jersey/inject/jersey-hk2/2.27/jersey-hk2-2.27.jar:/home/user/.m2/repository/org/glassfish/hk2/hk2-locator/2.5.0-b42/hk2-locator-2.5.0-b42.jar:/home/user/.m2/repository/org/javassist/javassist/3.22.0-CR2/javassist-3.22.0-CR2.jar:/home/user/.m2/repository/org/glassfish/hk2/hk2-api/2.5.0/hk2-api-2.5.0.jar:/home/user/.m2/repository/org/glassfish/hk2/external/jakarta.inject/2.5.0/jakarta.inject-2.5.0.jar:/home/user/.m2/repository/org/glassfish/hk2/hk2-utils/2.5.0/hk2-utils-2.5.0.jar:/home/user/.m2/repository/jakarta/annotation/jakarta.annotation-api/1.3.4/jakarta.annotation-api-1.3.4.jar:/home/user/.m2/repository/org/glassfish/hk2/external/aopalliance-repackaged/2.5.0/aopalliance-repackaged-2.5.0.jar:/home/user/.m2/repository/com/fasterxml/jackson/dataformat/jackson-dataformat-xml/2.9.0/jackson-dataformat-xml-2.9.0.jar:/home/user/.m2/repository/com/fasterxml/jackson/core/jackson-core/2.9.5/jackson-core-2.9.5.jar:/home/user/.m2/repository/com/fasterxml/jackson/module/jackson-module-jaxb-annotations/2.9.5/jackson-module-jaxb-annotations-2.9.5.jar:/home/user/.m2/repository/javax/enterprise/cdi-api/1.2/cdi-api-1.2.jar:/home/user/.m2/repository/javax/el/javax.el-api/3.0.0/javax.el-api-3.0.0.jar:/home/user/.m2/repository/javax/interceptor/javax.interceptor-api/1.2/javax.interceptor-api-1.2.jar:/home/user/.m2/repository/javax/inject/javax.inject/1/javax.inject-1.jar:/home/user/.m2/repository/com/sun/xml/bind/jaxb-impl/2.3.0.1/jaxb-impl-2.3.0.1.jar:/home/user/.m2/repository/com/sun/xml/bind/jaxb-core/2.3.0.1/jaxb-core-2.3.0.1.jar:/home/user/.m2/repository/javax/xml/bind/jaxb-api/2.3.0/jaxb-api-2.3.0.jar:/home/user/.m2/repository/javax/activation/activation/1.1.1/activation-1.1.1.jar:/home/user/.m2/repository/org/apache/hadoop/hadoop-ozone-csi/0.5.0-SNAPSHOT/hadoop-ozone-csi-0.5.0-SNAPSHOT.jar:/home/user/.m2/repository/com/google/protobuf/protobuf-java-util/3.5.1/protobuf-java-util-3.5.1.jar:/home/user/.m2/repository/org/apache/hadoop/hadoop-hdds-config/0.5.0-SNAPSHOT/hadoop-hdds-config-0.5.0-SNAPSHOT.jar:/home/user/.m2/repository/io/grpc/grpc-netty/1.17.1/grpc-netty-1.17.1.jar:/home/user/.m2/repository/io/grpc/grpc-core/1.17.1/grpc-core-1.17.1.jar:/home/user/.m2/repository/io/grpc/grpc-context/1.17.1/grpc-context-1.17.1.jar:/home/user/.m2/repository/com/google/errorprone/error_prone_annotations/2.2.0/error_prone_annotations-2.2.0.jar:/home/user/.m2/repository/org/codehaus/mojo/animal-sniffer-annotations/1.17/animal-sniffer-annotations-1.17.jar:/home/user/.m2/repository/io/opencensus/opencensus-api/0.17.0/opencensus-api-0.17.0.jar:/home/user/.m2/repository/io/opencensus/opencensus-contrib-grpc-metrics/0.17.0/opencensus-contrib-grpc-metrics-0.17.0.jar:/home/user/.m2/repository/io/netty/netty-codec-http2/4.1.30.Final/netty-codec-http2-4.1.30.Final.jar:/home/user/.m2/repository/io/netty/netty-codec-http/4.1.30.Final/netty-codec-http-4.1.30.Final.jar:/home/user/.m2/repository/io/netty/netty-codec/4.1.30.Final/netty-codec-4.1.30.Final.jar:/home/user/.m2/repository/io/netty/netty-handler/4.1.30.Final/netty-handler-4.1.30.Final.jar:/home/user/.m2/repository/io/netty/netty-handler-proxy/4.1.30.Final/netty-handler-proxy-4.1.30.Final.jar:/home/user/.m2/repository/io/netty/netty-codec-socks/4.1.30.Final/netty-codec-socks-4.1.30.Final.jar:/home/user/.m2/repository/io/netty/netty-transport-native-epoll/4.1.30.Final/netty-transport-native-epoll-4.1.30.Final.jar:/home/user/.m2/repository/io/netty/netty-common/4.1.30.Final/netty-common-4.1.30.Final.jar:/home/user/.m2/repository/io/netty/netty-buffer/4.1.30.Final/netty-buffer-4.1.30.Final.jar:/home/user/.m2/repository/io/netty/netty-transport/4.1.30.Final/netty-transport-4.1.30.Final.jar:/home/user/.m2/repository/io/netty/netty-resolver/4.1.30.Final/netty-resolver-4.1.30.Final.jar:/home/user/.m2/repository/io/netty/netty-transport-native-unix-common/4.1.30.Final/netty-transport-native-unix-common-4.1.30.Final.jar:/home/user/.m2/repository/io/grpc/grpc-protobuf/1.17.1/grpc-protobuf-1.17.1.jar:/home/user/.m2/repository/com/google/api/grpc/proto-google-common-protos/1.0.0/proto-google-common-protos-1.0.0.jar:/home/user/.m2/repository/io/grpc/grpc-protobuf-lite/1.17.1/grpc-protobuf-lite-1.17.1.jar:/home/user/.m2/repository/io/grpc/grpc-stub/1.17.1/grpc-stub-1.17.1.jar:/home/user/.m2/repository/org/apache/hadoop/hadoop-ozone-recon/0.5.0-SNAPSHOT/hadoop-ozone-recon-0.5.0-SNAPSHOT.jar:/home/user/.m2/repository/org/apache/hadoop/hadoop-ozone-reconcodegen/0.5.0-SNAPSHOT/hadoop-ozone-reconcodegen-0.5.0-SNAPSHOT.jar:/home/user/.m2/repository/com/google/inject/extensions/guice-multibindings/4.0/guice-multibindings-4.0.jar:/home/user/.m2/repository/com/google/inject/guice/4.0/guice-4.0.jar:/home/user/.m2/repository/aopalliance/aopalliance/1.0/aopalliance-1.0.jar:/home/user/.m2/repository/com/google/inject/extensions/guice-servlet/4.0/guice-servlet-4.0.jar:/home/user/.m2/repository/org/glassfish/jersey/containers/jersey-container-servlet/2.27/jersey-container-servlet-2.27.jar:/home/user/.m2/repository/org/glassfish/hk2/guice-bridge/2.5.0/guice-bridge-2.5.0.jar:/home/user/.m2/repository/org/glassfish/jersey/core/jersey-server/2.27/jersey-server-2.27.jar:/home/user/.m2/repository/org/glassfish/jersey/core/jersey-client/2.27/jersey-client-2.27.jar:/home/user/.m2/repository/org/glassfish/jersey/media/jersey-media-jaxb/2.27/jersey-media-jaxb-2.27.jar:/home/user/.m2/repository/javax/validation/validation-api/1.1.0.Final/validation-api-1.1.0.Final.jar:/home/user/.m2/repository/org/glassfish/jersey/media/jersey-media-json-jackson/2.27/jersey-media-json-jackson-2.27.jar:/home/user/.m2/repository/org/glassfish/jersey/ext/jersey-entity-filtering/2.27/jersey-entity-filtering-2.27.jar:/home/user/.m2/repository/com/google/inject/extensions/guice-assistedinject/4.0/guice-assistedinject-4.0.jar:/home/user/.m2/repository/org/jooq/jooq/3.11.10/jooq-3.11.10.jar:/home/user/.m2/repository/org/jooq/jooq-meta/3.11.10/jooq-meta-3.11.10.jar:/home/user/.m2/repository/org/jooq/jooq-codegen/3.11.10/jooq-codegen-3.11.10.jar:/home/user/.m2/repository/com/jolbox/bonecp/0.8.0.RELEASE/bonecp-0.8.0.RELEASE.jar:/home/user/.m2/repository/org/xerial/sqlite-jdbc/3.25.2/sqlite-jdbc-3.25.2.jar:/home/user/.m2/repository/org/springframework/spring-jdbc/5.1.3.RELEASE/spring-jdbc-5.1.3.RELEASE.jar:/home/user/.m2/repository/org/springframework/spring-beans/5.1.3.RELEASE/spring-beans-5.1.3.RELEASE.jar:/home/user/.m2/repository/org/springframework/spring-core/5.1.3.RELEASE/spring-core-5.1.3.RELEASE.jar:/home/user/.m2/repository/org/springframework/spring-jcl/5.1.3.RELEASE/spring-jcl-5.1.3.RELEASE.jar:/home/user/.m2/repository/org/springframework/spring-tx/5.1.3.RELEASE/spring-tx-5.1.3.RELEASE.jar:/home/user/.m2/repository/org/apache/hadoop/hadoop-ozone-client/0.5.0-SNAPSHOT/hadoop-ozone-client-0.5.0-SNAPSHOT.jar:/home/user/.m2/repository/commons-lang/commons-lang/2.6/commons-lang-2.6.jar:/home/user/.m2/repository/org/apache/hadoop/hadoop-ozone-ozone-manager/0.5.0-SNAPSHOT/hadoop-ozone-ozone-manager-0.5.0-SNAPSHOT-tests.jar:/home/user/.m2/repository/junit/junit/4.11/junit-4.11.jar:/home/user/.m2/repository/org/hamcrest/hamcrest-core/1.3/hamcrest-core-1.3.jar:/home/user/.m2/repository/org/openjdk/jmh/jmh-core/1.19/jmh-core-1.19.jar:/home/user/.m2/repository/net/sf/jopt-simple/jopt-simple/4.6/jopt-simple-4.6.jar:/home/user/.m2/repository/org/apache/commons/commons-math3/3.1.1/commons-math3-3.1.1.jar:/home/user/.m2/repository/org/openjdk/jmh/jmh-generator-annprocess/1.19/jmh-generator-annprocess-1.19.jar:/home/user/.m2/repository/org/mockito/mockito-all/1.8.5/mockito-all-1.8.5.jar:/home/user/.m2/repository/org/apache/hadoop/hadoop-kms/3.2.0/hadoop-kms-3.2.0.jar:/home/user/.m2/repository/org/apache/hadoop/hadoop-auth/3.2.0/hadoop-auth-3.2.0.jar:/home/user/.m2/repository/com/nimbusds/nimbus-jose-jwt/4.41.1/nimbus-jose-jwt-4.41.1.jar:/home/user/.m2/repository/com/github/stephenc/jcip/jcip-annotations/1.0-1/jcip-annotations-1.0-1.jar:/home/user/.m2/repository/net/minidev/json-smart/2.3/json-smart-2.3.jar:/home/user/.m2/repository/net/minidev/accessors-smart/1.2/accessors-smart-1.2.jar:/home/user/.m2/repository/org/ow2/asm/asm/5.0.4/asm-5.0.4.jar:/home/user/.m2/repository/org/apache/curator/curator-framework/2.12.0/curator-framework-2.12.0.jar:/home/user/.m2/repository/com/sun/jersey/jersey-core/1.19/jersey-core-1.19.jar:/home/user/.m2/repository/javax/ws/rs/jsr311-api/1.1.1/jsr311-api-1.1.1.jar:/home/user/.m2/repository/com/sun/jersey/jersey-server/1.19/jersey-server-1.19.jar:/home/user/.m2/repository/javax/servlet/javax.servlet-api/3.1.0/javax.servlet-api-3.1.0.jar:/home/user/.m2/repository/org/eclipse/jetty/jetty-server/9.3.24.v20180605/jetty-server-9.3.24.v20180605.jar:/home/user/.m2/repository/org/eclipse/jetty/jetty-http/9.3.24.v20180605/jetty-http-9.3.24.v20180605.jar:/home/user/.m2/repository/org/eclipse/jetty/jetty-io/9.3.24.v20180605/jetty-io-9.3.24.v20180605.jar:/home/user/.m2/repository/org/eclipse/jetty/jetty-webapp/9.3.24.v20180605/jetty-webapp-9.3.24.v20180605.jar:/home/user/.m2/repository/org/eclipse/jetty/jetty-xml/9.3.24.v20180605/jetty-xml-9.3.24.v20180605.jar:/home/user/.m2/repository/log4j/log4j/1.2.17/log4j-1.2.17.jar:/home/user/.m2/repository/org/slf4j/slf4j-api/1.7.25/slf4j-api-1.7.25.jar:/home/user/.m2/repository/org/slf4j/jul-to-slf4j/1.7.25/jul-to-slf4j-1.7.25.jar:/home/user/.m2/repository/org/eclipse/jetty/jetty-util/9.3.24.v20180605/jetty-util-9.3.24.v20180605.jar:/home/user/.m2/repository/com/fasterxml/jackson/core/jackson-databind/2.9.5/jackson-databind-2.9.5.jar:/home/user/.m2/repository/org/apache/hadoop/hadoop-kms/3.2.0/hadoop-kms-3.2.0-tests.jar:/home/user/.m2/repository/org/apache/hadoop/hadoop-hdds-server-scm/0.5.0-SNAPSHOT/hadoop-hdds-server-scm-0.5.0-SNAPSHOT-tests.jar:/home/user/.m2/repository/org/apache/hadoop/hadoop-hdds-container-service/0.5.0-SNAPSHOT/hadoop-hdds-container-service-0.5.0-SNAPSHOT-tests.jar:/home/user/.m2/repository/org/yaml/snakeyaml/1.16/snakeyaml-1.16.jar:/home/user/.m2/repository/org/apache/hadoop/hadoop-common/3.2.0/hadoop-common-3.2.0-tests.jar:/home/user/.m2/repository/org/apache/hadoop/hadoop-annotations/3.2.0/hadoop-annotations-3.2.0.jar:/usr/lib/jvm/java-1.8-openjdk/jre/../lib/tools.jar:/home/user/.m2/repository/commons-cli/commons-cli/1.2/commons-cli-1.2.jar:/home/user/.m2/repository/org/apache/httpcomponents/httpclient/4.5.2/httpclient-4.5.2.jar:/home/user/.m2/repository/org/apache/httpcomponents/httpcore/4.4.4/httpcore-4.4.4.jar:/home/user/.m2/repository/commons-codec/commons-codec/1.11/commons-codec-1.11.jar:/home/user/.m2/repository/commons-net/commons-net/3.6/commons-net-3.6.jar:/home/user/.m2/repository/commons-collections/commons-collections/3.2.2/commons-collections-3.2.2.jar:/home/user/.m2/repository/org/eclipse/jetty/jetty-servlet/9.3.24.v20180605/jetty-servlet-9.3.24.v20180605.jar:/home/user/.m2/repository/org/eclipse/jetty/jetty-security/9.3.24.v20180605/jetty-security-9.3.24.v20180605.jar:/home/user/.m2/repository/javax/servlet/jsp/jsp-api/2.1/jsp-api-2.1.jar:/home/user/.m2/repository/com/sun/jersey/jersey-servlet/1.19/jersey-servlet-1.19.jar:/home/user/.m2/repository/com/sun/jersey/jersey-json/1.19/jersey-json-1.19.jar:/home/user/.m2/repository/org/codehaus/jettison/jettison/1.1/jettison-1.1.jar:/home/user/.m2/repository/org/codehaus/jackson/jackson-core-asl/1.9.13/jackson-core-asl-1.9.13.jar:/home/user/.m2/repository/org/codehaus/jackson/jackson-mapper-asl/1.9.13/jackson-mapper-asl-1.9.13.jar:/home/user/.m2/repository/org/codehaus/jackson/jackson-jaxrs/1.9.13/jackson-jaxrs-1.9.13.jar:/home/user/.m2/repository/org/codehaus/jackson/jackson-xc/1.9.13/jackson-xc-1.9.13.jar:/home/user/.m2/repository/commons-logging/commons-logging/1.1.3/commons-logging-1.1.3.jar:/home/user/.m2/repository/commons-beanutils/commons-beanutils/1.9.3/commons-beanutils-1.9.3.jar:/home/user/.m2/repository/org/apache/commons/commons-configuration2/2.1.1/commons-configuration2-2.1.1.jar:/home/user/.m2/repository/org/apache/commons/commons-lang3/3.7/commons-lang3-3.7.jar:/home/user/.m2/repository/org/apache/commons/commons-text/1.4/commons-text-1.4.jar:/home/user/.m2/repository/org/apache/avro/avro/1.7.7/avro-1.7.7.jar:/home/user/.m2/repository/com/thoughtworks/paranamer/paranamer/2.3/paranamer-2.3.jar:/home/user/.m2/repository/org/xerial/snappy/snappy-java/1.0.5/snappy-java-1.0.5.jar:/home/user/.m2/repository/com/google/re2j/re2j/1.1/re2j-1.1.jar:/home/user/.m2/repository/com/google/code/gson/gson/2.2.4/gson-2.2.4.jar:/home/user/.m2/repository/com/jcraft/jsch/0.1.54/jsch-0.1.54.jar:/home/user/.m2/repository/org/apache/curator/curator-client/2.12.0/curator-client-2.12.0.jar:/home/user/.m2/repository/org/apache/curator/curator-recipes/2.12.0/curator-recipes-2.12.0.jar:/home/user/.m2/repository/com/google/code/findbugs/jsr305/3.0.0/jsr305-3.0.0.jar:/home/user/.m2/repository/org/apache/htrace/htrace-core4/4.1.0-incubating/htrace-core4-4.1.0-incubating.jar:/home/user/.m2/repository/org/apache/zookeeper/zookeeper/3.4.13/zookeeper-3.4.13.jar:/home/user/.m2/repository/org/apache/yetus/audience-annotations/0.5.0/audience-annotations-0.5.0.jar:/home/user/.m2/repository/org/codehaus/woodstox/stax2-api/3.1.4/stax2-api-3.1.4.jar:/home/user/.m2/repository/com/fasterxml/woodstox/woodstox-core/5.0.3/woodstox-core-5.0.3.jar:/home/user/.m2/repository/dnsjava/dnsjava/2.1.7/dnsjava-2.1.7.jar:/home/user/.m2/repository/org/apache/hadoop/hadoop-hdfs/3.2.0/hadoop-hdfs-3.2.0-tests.jar:/home/user/.m2/repository/org/eclipse/jetty/jetty-util-ajax/9.3.24.v20180605/jetty-util-ajax-9.3.24.v20180605.jar:/home/user/.m2/repository/commons-daemon/commons-daemon/1.0.13/commons-daemon-1.0.13.jar:/home/user/.m2/repository/io/netty/netty/3.10.5.Final/netty-3.10.5.Final.jar:/home/user/.m2/repository/io/netty/netty-all/4.0.52.Final/netty-all-4.0.52.Final.jar:/home/user/.m2/repository/org/fusesource/leveldbjni/leveldbjni-all/1.8/leveldbjni-all-1.8.jar:"/>
    <property name="sun.cpu.endian" value="little"/>
    <property name="user.home" value="/home/user"/>
    <property name="user.language" value="en"/>
    <property name="java.specification.vendor" value="Oracle Corporation"/>
    <property name="java.home" value="/usr/lib/jvm/java-1.8-openjdk/jre"/>
    <property name="java.security.krb5.conf" value="/workdir/hadoop-ozone/integration-test/target/test-classes/krb5.conf"/>
    <property name="basedir" value="/workdir/hadoop-ozone/integration-test"/>
    <property name="file.separator" value="/"/>
    <property name="line.separator" value="&#10;"/>
    <property name="java.vm.specification.vendor" value="Oracle Corporation"/>
    <property name="java.specification.name" value="Java Platform API Specification"/>
    <property name="java.awt.graphicsenv" value="sun.awt.X11GraphicsEnvironment"/>
    <property name="surefire.real.class.path" value="/workdir/hadoop-ozone/integration-test/target/surefire/surefirebooter912365542952368688.jar"/>
    <property name="hadoop.log.dir" value="/workdir/hadoop-ozone/integration-test/target/log"/>
    <property name="sun.boot.class.path" value="/usr/lib/jvm/java-1.8-openjdk/jre/lib/resources.jar:/usr/lib/jvm/java-1.8-openjdk/jre/lib/rt.jar:/usr/lib/jvm/java-1.8-openjdk/jre/lib/sunrsasign.jar:/usr/lib/jvm/java-1.8-openjdk/jre/lib/jsse.jar:/usr/lib/jvm/java-1.8-openjdk/jre/lib/jce.jar:/usr/lib/jvm/java-1.8-openjdk/jre/lib/charsets.jar:/usr/lib/jvm/java-1.8-openjdk/jre/lib/jfr.jar:/usr/lib/jvm/java-1.8-openjdk/jre/classes"/>
    <property name="sun.management.compiler" value="HotSpot 64-Bit Tiered Compilers"/>
    <property name="java.runtime.version" value="1.8.0_212-b04"/>
    <property name="java.net.preferIPv4Stack" value="true"/>
    <property name="user.name" value="jenkins1000"/>
    <property name="path.separator" value=":"/>
    <property name="java.security.egd" value="file:///dev/urandom"/>
    <property name="os.version" value="3.10.0-957.12.2.el7.x86_64"/>
    <property name="java.endorsed.dirs" value="/usr/lib/jvm/java-1.8-openjdk/jre/lib/endorsed"/>
    <property name="java.runtime.name" value="OpenJDK Runtime Environment"/>
    <property name="file.encoding" value="UTF-8"/>
    <property name="java.vm.name" value="OpenJDK 64-Bit Server VM"/>
    <property name="test.build.webapps" value=""/>
    <property name="localRepository" value="/home/user/.m2/repository"/>
    <property name="java.vendor.url.bug" value="https://icedtea.classpath.org/bugzilla"/>
    <property name="java.io.tmpdir" value="/tmp"/>
    <property name="require.test.libhadoop" value=""/>
    <property name="java.version" value="1.8.0_212"/>
    <property name="user.dir" value="/workdir/hadoop-ozone/integration-test"/>
    <property name="os.arch" value="amd64"/>
    <property name="java.vm.specification.name" value="Java Virtual Machine Specification"/>
    <property name="test.build.classes" value="/workdir/hadoop-ozone/integration-test/target/test-classes"/>
    <property name="java.awt.printerjob" value="sun.print.PSPrinterJob"/>
    <property name="sun.os.patch.level" value="unknown"/>
    <property name="hadoop.tmp.dir" value="/workdir/hadoop-ozone/integration-test/target/tmp"/>
    <property name="java.library.path" value="/usr/lib/jvm/java-1.8-openjdk/jre/lib/amd64/server:/usr/lib/jvm/java-1.8-openjdk/jre/lib/amd64:/usr/lib/jvm/java-1.8-openjdk/jre/../lib/amd64:/workdir/hadoop-ozone/integration-test/target/native/target/usr/local/lib:/workdir/hadoop-ozone/integration-test/../../hadoop-common-project/hadoop-common/target/native/target/usr/local/lib:/usr/java/packages/lib/amd64:/usr/lib64:/lib64:/lib:/usr/lib"/>
    <property name="java.vm.info" value="mixed mode"/>
    <property name="java.vendor" value="IcedTea"/>
    <property name="java.vm.version" value="25.212-b04"/>
    <property name="java.ext.dirs" value="/usr/lib/jvm/java-1.8-openjdk/jre/lib/ext:/usr/java/packages/lib/ext"/>
    <property name="sun.io.unicode.encoding" value="UnicodeLittle"/>
    <property name="java.class.version" value="52.0"/>
  </properties>
  <testcase name="test2WayCommitForRetryfailure" classname="org.apache.hadoop.ozone.client.rpc.Test2WayCommitInRatis" time="36.43">
    <error message="org.apache.ratis.protocol.RaftRetryFailureException: Failed RaftClientRequest:client-199C490DCCC3-&gt;ba29cdba-9247-4871-9d52-a9c6f2c8acb8@group-1757ACDFB26B, cid=14, seq=2*, RW, org.apache.hadoop.hdds.scm.XceiverClientRatis$$Lambda$297/347436335@76339519 for 20 attempts with RetryLimited(maxAttempts=20, sleepTime=1000ms)" type="java.util.concurrent.ExecutionException">java.util.concurrent.ExecutionException: org.apache.ratis.protocol.RaftRetryFailureException: Failed RaftClientRequest:client-199C490DCCC3->ba29cdba-9247-4871-9d52-a9c6f2c8acb8@group-1757ACDFB26B, cid=14, seq=2*, RW, org.apache.hadoop.hdds.scm.XceiverClientRatis$$Lambda$297/347436335@76339519 for 20 attempts with RetryLimited(maxAttempts=20, sleepTime=1000ms)
	at java.util.concurrent.CompletableFuture.reportGet(CompletableFuture.java:357)
	at java.util.concurrent.CompletableFuture.get(CompletableFuture.java:1895)
	at org.apache.hadoop.ozone.client.rpc.Test2WayCommitInRatis.test2WayCommitForRetryfailure(Test2WayCommitInRatis.java:144)
	at sun.reflect.NativeMethodAccessorImpl.invoke0(Native Method)
	at sun.reflect.NativeMethodAccessorImpl.invoke(NativeMethodAccessorImpl.java:62)
	at sun.reflect.DelegatingMethodAccessorImpl.invoke(DelegatingMethodAccessorImpl.java:43)
	at java.lang.reflect.Method.invoke(Method.java:498)
	at org.junit.runners.model.FrameworkMethod$1.runReflectiveCall(FrameworkMethod.java:47)
	at org.junit.internal.runners.model.ReflectiveCallable.run(ReflectiveCallable.java:12)
	at org.junit.runners.model.FrameworkMethod.invokeExplosively(FrameworkMethod.java:44)
	at org.junit.internal.runners.statements.InvokeMethod.evaluate(InvokeMethod.java:17)
	at org.junit.runners.ParentRunner.runLeaf(ParentRunner.java:271)
	at org.junit.runners.BlockJUnit4ClassRunner.runChild(BlockJUnit4ClassRunner.java:70)
	at org.junit.runners.BlockJUnit4ClassRunner.runChild(BlockJUnit4ClassRunner.java:50)
	at org.junit.runners.ParentRunner$3.run(ParentRunner.java:238)
	at org.junit.runners.ParentRunner$1.schedule(ParentRunner.java:63)
	at org.junit.runners.ParentRunner.runChildren(ParentRunner.java:236)
	at org.junit.runners.ParentRunner.access$000(ParentRunner.java:53)
	at org.junit.runners.ParentRunner$2.evaluate(ParentRunner.java:229)
	at org.junit.runners.ParentRunner.run(ParentRunner.java:309)
	at org.apache.maven.surefire.junit4.JUnit4Provider.execute(JUnit4Provider.java:365)
	at org.apache.maven.surefire.junit4.JUnit4Provider.executeWithRerun(JUnit4Provider.java:273)
	at org.apache.maven.surefire.junit4.JUnit4Provider.executeTestSet(JUnit4Provider.java:238)
	at org.apache.maven.surefire.junit4.JUnit4Provider.invoke(JUnit4Provider.java:159)
	at org.apache.maven.surefire.booter.ForkedBooter.invokeProviderInSameClassLoader(ForkedBooter.java:384)
	at org.apache.maven.surefire.booter.ForkedBooter.runSuitesInProcess(ForkedBooter.java:345)
	at org.apache.maven.surefire.booter.ForkedBooter.execute(ForkedBooter.java:126)
	at org.apache.maven.surefire.booter.ForkedBooter.main(ForkedBooter.java:418)
Caused by: org.apache.ratis.protocol.RaftRetryFailureException: Failed RaftClientRequest:client-199C490DCCC3->ba29cdba-9247-4871-9d52-a9c6f2c8acb8@group-1757ACDFB26B, cid=14, seq=2*, RW, org.apache.hadoop.hdds.scm.XceiverClientRatis$$Lambda$297/347436335@76339519 for 20 attempts with RetryLimited(maxAttempts=20, sleepTime=1000ms)
	at org.apache.ratis.client.impl.RaftClientImpl.noMoreRetries(RaftClientImpl.java:272)
	at org.apache.ratis.client.impl.OrderedAsync.handleAsyncRetryFailure(OrderedAsync.java:138)
	at org.apache.ratis.client.impl.OrderedAsync.lambda$sendRequest$10(OrderedAsync.java:230)
	at java.util.concurrent.CompletableFuture.uniExceptionally(CompletableFuture.java:870)
	at java.util.concurrent.CompletableFuture$UniExceptionally.tryFire(CompletableFuture.java:852)
	at java.util.concurrent.CompletableFuture.postComplete(CompletableFuture.java:474)
	at java.util.concurrent.CompletableFuture.completeExceptionally(CompletableFuture.java:1977)
	at org.apache.ratis.grpc.client.GrpcClientProtocolClient$AsyncStreamObservers.completeReplyExceptionally(GrpcClientProtocolClient.java:330)
	at org.apache.ratis.grpc.client.GrpcClientProtocolClient$AsyncStreamObservers.access$000(GrpcClientProtocolClient.java:246)
	at org.apache.ratis.grpc.client.GrpcClientProtocolClient$AsyncStreamObservers$1.onError(GrpcClientProtocolClient.java:275)
	at org.apache.ratis.thirdparty.io.grpc.stub.ClientCalls$StreamObserverToCallListenerAdapter.onClose(ClientCalls.java:434)
	at org.apache.ratis.thirdparty.io.grpc.PartialForwardingClientCallListener.onClose(PartialForwardingClientCallListener.java:39)
	at org.apache.ratis.thirdparty.io.grpc.ForwardingClientCallListener.onClose(ForwardingClientCallListener.java:23)
	at org.apache.ratis.thirdparty.io.grpc.ForwardingClientCallListener$SimpleForwardingClientCallListener.onClose(ForwardingClientCallListener.java:40)
	at org.apache.ratis.thirdparty.io.grpc.internal.CensusStatsModule$StatsClientInterceptor$1$1.onClose(CensusStatsModule.java:678)
	at org.apache.ratis.thirdparty.io.grpc.PartialForwardingClientCallListener.onClose(PartialForwardingClientCallListener.java:39)
	at org.apache.ratis.thirdparty.io.grpc.ForwardingClientCallListener.onClose(ForwardingClientCallListener.java:23)
	at org.apache.ratis.thirdparty.io.grpc.ForwardingClientCallListener$SimpleForwardingClientCallListener.onClose(ForwardingClientCallListener.java:40)
	at org.apache.ratis.thirdparty.io.grpc.internal.CensusTracingModule$TracingClientInterceptor$1$1.onClose(CensusTracingModule.java:397)
	at org.apache.ratis.thirdparty.io.grpc.internal.ClientCallImpl.closeObserver(ClientCallImpl.java:459)
	at org.apache.ratis.thirdparty.io.grpc.internal.ClientCallImpl.access$300(ClientCallImpl.java:63)
	at org.apache.ratis.thirdparty.io.grpc.internal.ClientCallImpl$ClientStreamListenerImpl.close(ClientCallImpl.java:546)
	at org.apache.ratis.thirdparty.io.grpc.internal.ClientCallImpl$ClientStreamListenerImpl.access$600(ClientCallImpl.java:467)
	at org.apache.ratis.thirdparty.io.grpc.internal.ClientCallImpl$ClientStreamListenerImpl$1StreamClosed.runInContext(ClientCallImpl.java:584)
	at org.apache.ratis.thirdparty.io.grpc.internal.ContextRunnable.run(ContextRunnable.java:37)
	at org.apache.ratis.thirdparty.io.grpc.internal.SerializingExecutor.run(SerializingExecutor.java:123)
	at java.util.concurrent.ThreadPoolExecutor.runWorker(ThreadPoolExecutor.java:1149)
	at java.util.concurrent.ThreadPoolExecutor$Worker.run(ThreadPoolExecutor.java:624)
	at java.lang.Thread.run(Thread.java:748)
Caused by: java.io.IOException: org.apache.ratis.thirdparty.io.grpc.StatusRuntimeException: UNAVAILABLE: io exception
	at org.apache.ratis.grpc.GrpcUtil.unwrapException(GrpcUtil.java:76)
	at org.apache.ratis.grpc.GrpcUtil.unwrapIOException(GrpcUtil.java:128)
	at org.apache.ratis.grpc.client.GrpcClientProtocolClient$AsyncStreamObservers$1.onError(GrpcClientProtocolClient.java:274)
	... 19 more
Caused by: org.apache.ratis.thirdparty.io.grpc.StatusRuntimeException: UNAVAILABLE: io exception
	at org.apache.ratis.thirdparty.io.grpc.Status.asRuntimeException(Status.java:526)
	... 19 more
Caused by: org.apache.ratis.thirdparty.io.netty.channel.AbstractChannel$AnnotatedConnectException: Connection refused: /192.168.34.52:32914
	at sun.nio.ch.SocketChannelImpl.checkConnect(Native Method)
	at sun.nio.ch.SocketChannelImpl.finishConnect(SocketChannelImpl.java:717)
	at org.apache.ratis.thirdparty.io.netty.channel.socket.nio.NioSocketChannel.doFinishConnect(NioSocketChannel.java:327)
	at org.apache.ratis.thirdparty.io.netty.channel.nio.AbstractNioChannel$AbstractNioUnsafe.finishConnect(AbstractNioChannel.java:340)
	at org.apache.ratis.thirdparty.io.netty.channel.nio.NioEventLoop.processSelectedKey(NioEventLoop.java:632)
	at org.apache.ratis.thirdparty.io.netty.channel.nio.NioEventLoop.processSelectedKeysOptimized(NioEventLoop.java:579)
	at org.apache.ratis.thirdparty.io.netty.channel.nio.NioEventLoop.processSelectedKeys(NioEventLoop.java:496)
	at org.apache.ratis.thirdparty.io.netty.channel.nio.NioEventLoop.run(NioEventLoop.java:458)
	at org.apache.ratis.thirdparty.io.netty.util.concurrent.SingleThreadEventExecutor$5.run(SingleThreadEventExecutor.java:897)
	at org.apache.ratis.thirdparty.io.netty.util.concurrent.FastThreadLocalRunnable.run(FastThreadLocalRunnable.java:30)
	... 1 more
Caused by: java.net.ConnectException: Connection refused
	... 11 more
</error>
    <system-out><![CDATA[2019-08-27 19:08:50,185 [main] WARN  server.ServerUtils (ServerUtils.java:getScmDbDir(145)) - ozone.scm.db.dirs is not configured. We recommend adding this setting. Falling back to ozone.metadata.dirs instead.
2019-08-27 19:08:50,339 [main] WARN  server.ServerUtils (ServerUtils.java:getScmDbDir(145)) - ozone.scm.db.dirs is not configured. We recommend adding this setting. Falling back to ozone.metadata.dirs instead.
2019-08-27 19:08:50,343 [main] WARN  server.ServerUtils (ServerUtils.java:getScmDbDir(145)) - ozone.scm.db.dirs is not configured. We recommend adding this setting. Falling back to ozone.metadata.dirs instead.
2019-08-27 19:08:50,365 [main] INFO  util.log (Log.java:initialized(192)) - Logging initialized @948ms
2019-08-27 19:08:50,470 [main] INFO  db.DBStoreBuilder (DBStoreBuilder.java:addTable(110)) - using custom profile for table: deletedBlocks
2019-08-27 19:08:50,470 [main] INFO  db.DBStoreBuilder (DBStoreBuilder.java:processTables(161)) - Using default column profile:DBProfile.DISK for Table:deletedBlocks
2019-08-27 19:08:50,471 [main] INFO  db.DBStoreBuilder (DBStoreBuilder.java:addTable(110)) - using custom profile for table: validCerts
2019-08-27 19:08:50,471 [main] INFO  db.DBStoreBuilder (DBStoreBuilder.java:processTables(161)) - Using default column profile:DBProfile.DISK for Table:validCerts
2019-08-27 19:08:50,471 [main] INFO  db.DBStoreBuilder (DBStoreBuilder.java:addTable(110)) - using custom profile for table: revokedCerts
2019-08-27 19:08:50,472 [main] INFO  db.DBStoreBuilder (DBStoreBuilder.java:processTables(161)) - Using default column profile:DBProfile.DISK for Table:revokedCerts
2019-08-27 19:08:50,489 [main] INFO  db.DBStoreBuilder (DBStoreBuilder.java:addTable(110)) - using custom profile for table: default
2019-08-27 19:08:50,490 [main] INFO  db.DBStoreBuilder (DBStoreBuilder.java:processTables(167)) - Using default column profile:DBProfile.DISK for Table:default
2019-08-27 19:08:50,492 [main] INFO  db.DBStoreBuilder (DBStoreBuilder.java:getDbProfile(198)) - Using default options. DBProfile.DISK
2019-08-27 19:08:50,704 [main] INFO  net.NodeSchemaLoader (NodeSchemaLoader.java:loadSchemaFromFile(125)) - Loading file from sun.misc.CompoundEnumeration@6eda5c9
2019-08-27 19:08:50,706 [main] INFO  net.NodeSchemaLoader (NodeSchemaLoader.java:loadSchema(171)) - Loading network topology layer schema file
2019-08-27 19:08:50,785 [main] WARN  server.ServerUtils (ServerUtils.java:sanitizeUserArgs(70)) - ozone.scm.stale.node.interval value = 300000 is larger than max = 100000 based on the key value of ozone.scm.heartbeat.thread.interval, reset to the max value 100000.
2019-08-27 19:08:50,787 [main] WARN  server.ServerUtils (ServerUtils.java:sanitizeUserArgs(70)) - ozone.scm.stale.node.interval value = 300000 is larger than max = 100000 based on the key value of ozone.scm.heartbeat.thread.interval, reset to the max value 100000.
2019-08-27 19:08:50,789 [main] INFO  node.SCMNodeManager (SCMNodeManager.java:<init>(121)) - Entering startup safe mode.
2019-08-27 19:08:50,859 [main] INFO  algorithms.ContainerPlacementPolicyFactory (ContainerPlacementPolicyFactory.java:getPolicy(55)) - Create container placement policy of type org.apache.hadoop.hdds.scm.container.placement.algorithms.SCMContainerPlacementRandom
2019-08-27 19:08:50,873 [main] WARN  server.ServerUtils (ServerUtils.java:getScmDbDir(145)) - ozone.scm.db.dirs is not configured. We recommend adding this setting. Falling back to ozone.metadata.dirs instead.
2019-08-27 19:08:50,931 [main] INFO  pipeline.SCMPipelineManager (SCMPipelineManager.java:initializePipelineState(126)) - No pipeline exists in current db
2019-08-27 19:08:50,933 [main] WARN  server.ServerUtils (ServerUtils.java:getScmDbDir(145)) - ozone.scm.db.dirs is not configured. We recommend adding this setting. Falling back to ozone.metadata.dirs instead.
2019-08-27 19:08:51,038 [main] WARN  events.EventQueue (EventQueue.java:fireEvent(175)) - No event handler registered for event TypedEvent{payloadType=SafeModeStatus, name='SafeModeStatus'}
2019-08-27 19:08:51,517 [main] INFO  ipc.CallQueueManager (CallQueueManager.java:<init>(84)) - Using callQueue: class java.util.concurrent.LinkedBlockingQueue, queueCapacity: 2000, scheduler: class org.apache.hadoop.ipc.DefaultRpcScheduler, ipcBackoff: false.
2019-08-27 19:08:51,860 [Socket Reader #1 for port 45640] INFO  ipc.Server (Server.java:run(1074)) - Starting Socket Reader #1 for port 45640
2019-08-27 19:08:51,891 [main] INFO  ipc.CallQueueManager (CallQueueManager.java:<init>(84)) - Using callQueue: class java.util.concurrent.LinkedBlockingQueue, queueCapacity: 2000, scheduler: class org.apache.hadoop.ipc.DefaultRpcScheduler, ipcBackoff: false.
2019-08-27 19:08:51,892 [Socket Reader #1 for port 45292] INFO  ipc.Server (Server.java:run(1074)) - Starting Socket Reader #1 for port 45292
2019-08-27 19:08:51,901 [main] INFO  ipc.CallQueueManager (CallQueueManager.java:<init>(84)) - Using callQueue: class java.util.concurrent.LinkedBlockingQueue, queueCapacity: 2000, scheduler: class org.apache.hadoop.ipc.DefaultRpcScheduler, ipcBackoff: false.
2019-08-27 19:08:51,902 [Socket Reader #1 for port 37754] INFO  ipc.Server (Server.java:run(1074)) - Starting Socket Reader #1 for port 37754
2019-08-27 19:08:51,932 [main] INFO  hdfs.DFSUtil (DFSUtil.java:httpServerTemplateForNNAndJN(1641)) - Starting Web-server for scm at: http://0.0.0.0:0
2019-08-27 19:08:52,105 [main] INFO  server.AuthenticationFilter (AuthenticationFilter.java:constructSecretProvider(240)) - Unable to initialize FileSignerSecretProvider, falling back to use random secrets.
2019-08-27 19:08:52,113 [main] WARN  http.HttpRequestLog (HttpRequestLog.java:getRequestLog(97)) - Jetty request log can only be enabled using Log4j
2019-08-27 19:08:52,121 [main] INFO  http.HttpServer2 (HttpServer2.java:addGlobalFilter(975)) - Added global filter 'safety' (class=org.apache.hadoop.http.HttpServer2$QuotingInputFilter)
2019-08-27 19:08:52,124 [main] INFO  http.HttpServer2 (HttpServer2.java:addFilter(948)) - Added filter static_user_filter (class=org.apache.hadoop.http.lib.StaticUserWebFilter$StaticUserFilter) to context scm
2019-08-27 19:08:52,125 [main] INFO  http.HttpServer2 (HttpServer2.java:addFilter(958)) - Added filter static_user_filter (class=org.apache.hadoop.http.lib.StaticUserWebFilter$StaticUserFilter) to context logs
2019-08-27 19:08:52,125 [main] INFO  http.HttpServer2 (HttpServer2.java:addFilter(958)) - Added filter static_user_filter (class=org.apache.hadoop.http.lib.StaticUserWebFilter$StaticUserFilter) to context static
2019-08-27 19:08:52,152 [main] INFO  server.StorageContainerManager (StorageContainerManager.java:start(759)) - StorageContainerLocationProtocol RPC server is listening at /0.0.0.0:37754
2019-08-27 19:08:52,211 [main] WARN  impl.MetricsConfig (MetricsConfig.java:loadFirst(134)) - Cannot locate configuration: tried hadoop-metrics2-storagecontainermanager.properties,hadoop-metrics2.properties
2019-08-27 19:08:52,224 [main] INFO  impl.MetricsSystemImpl (MetricsSystemImpl.java:startTimer(374)) - Scheduled Metric snapshot period at 10 second(s).
2019-08-27 19:08:52,224 [main] INFO  impl.MetricsSystemImpl (MetricsSystemImpl.java:start(191)) - StorageContainerManager metrics system started
2019-08-27 19:08:52,455 [main] INFO  server.SCMClientProtocolServer (SCMClientProtocolServer.java:start(151)) - RPC server for Client  is listening at /0.0.0.0:37754
2019-08-27 19:08:52,455 [IPC Server Responder] INFO  ipc.Server (Server.java:run(1314)) - IPC Server Responder: starting
2019-08-27 19:08:52,455 [IPC Server listener on 37754] INFO  ipc.Server (Server.java:run(1153)) - IPC Server listener on 37754: starting
2019-08-27 19:08:52,458 [main] INFO  server.StorageContainerManager (StorageContainerManager.java:start(769)) - ScmBlockLocationProtocol RPC server is listening at /0.0.0.0:45292
2019-08-27 19:08:52,459 [main] INFO  server.SCMBlockProtocolServer (SCMBlockProtocolServer.java:start(140)) - RPC server for Block Protocol is listening at /0.0.0.0:45292
2019-08-27 19:08:52,459 [IPC Server Responder] INFO  ipc.Server (Server.java:run(1314)) - IPC Server Responder: starting
2019-08-27 19:08:52,459 [IPC Server listener on 45292] INFO  ipc.Server (Server.java:run(1153)) - IPC Server listener on 45292: starting
2019-08-27 19:08:52,462 [main] INFO  server.StorageContainerManager (StorageContainerManager.java:start(773)) - ScmDatanodeProtocl RPC server is listening at /0.0.0.0:45640
2019-08-27 19:08:52,462 [main] INFO  server.SCMDatanodeProtocolServer (SCMDatanodeProtocolServer.java:start(191)) - RPC server for DataNodes is listening at /0.0.0.0:45640
2019-08-27 19:08:52,463 [IPC Server Responder] INFO  ipc.Server (Server.java:run(1314)) - IPC Server Responder: starting
2019-08-27 19:08:52,463 [IPC Server listener on 45640] INFO  ipc.Server (Server.java:run(1153)) - IPC Server listener on 45640: starting
2019-08-27 19:08:52,467 [main] INFO  http.HttpServer2 (HttpServer2.java:bindListener(1191)) - Jetty bound to port 38404
2019-08-27 19:08:52,469 [main] INFO  server.Server (Server.java:doStart(351)) - jetty-9.3.24.v20180605, build timestamp: 2018-06-05T17:11:56Z, git hash: 84205aa28f11a4f31f2a3b86d1bba2cc8ab69827
2019-08-27 19:08:52,508 [main] INFO  handler.ContextHandler (ContextHandler.java:doStart(781)) - Started o.e.j.s.ServletContextHandler@47a5b70d{/logs,file:///workdir/hadoop-ozone/integration-test/target/log,AVAILABLE}
2019-08-27 19:08:52,508 [main] INFO  handler.ContextHandler (ContextHandler.java:doStart(781)) - Started o.e.j.s.ServletContextHandler@1a45193b{/static,file:///workdir/hadoop-ozone/integration-test/target/test-classes/webapps/static,AVAILABLE}
2019-08-27 19:08:52,543 [main] INFO  handler.ContextHandler (ContextHandler.java:doStart(781)) - Started o.e.j.w.WebAppContext@30b34287{/,file:///workdir/hadoop-ozone/integration-test/target/test-classes/webapps/scm/,AVAILABLE}{/scm}
2019-08-27 19:08:52,548 [main] INFO  server.AbstractConnector (AbstractConnector.java:doStart(278)) - Started ServerConnector@672f11c2{HTTP/1.1,[http/1.1]}{0.0.0.0:38404}
2019-08-27 19:08:52,549 [main] INFO  server.Server (Server.java:doStart(419)) - Started @3132ms
2019-08-27 19:08:52,551 [main] INFO  server.BaseHttpServer (BaseHttpServer.java:updateConnectorAddress(213)) - HTTP server of SCM is listening at http://0.0.0.0:38404
2019-08-27 19:08:52,557 [org.apache.hadoop.util.JvmPauseMonitor$Monitor@173b9122] INFO  util.JvmPauseMonitor (JvmPauseMonitor.java:run(188)) - Starting JVM pause monitor
2019-08-27 19:08:52,559 [main] WARN  server.ServerUtils (ServerUtils.java:getDBPath(222)) - ozone.om.db.dirs is not configured. We recommend adding this setting. Falling back to ozone.metadata.dirs instead.
2019-08-27 19:08:52,680 [main] WARN  server.ServerUtils (ServerUtils.java:getDBPath(222)) - ozone.om.db.dirs is not configured. We recommend adding this setting. Falling back to ozone.metadata.dirs instead.
2019-08-27 19:08:52,680 [main] WARN  server.ServerUtils (ServerUtils.java:getDBPath(222)) - ozone.om.db.dirs is not configured. We recommend adding this setting. Falling back to ozone.metadata.dirs instead.
2019-08-27 19:08:52,681 [main] INFO  om.OzoneManager (OzoneManager.java:setOMNodeDetails(645)) - OM Service ID is not set. Setting it to the default ID: omServiceIdDefault
2019-08-27 19:08:52,682 [main] INFO  om.OzoneManager (OzoneManager.java:setOMNodeDetails(651)) - OM Node ID is not set. Setting it to the OmStorage's OmID: 7e8ae7e0-0635-4c4b-b65a-6a7c74a6d9ba
2019-08-27 19:08:52,683 [main] INFO  om.OzoneManager (OzoneManager.java:loadOMHAConfigs(602)) - Found matching OM address with OMServiceId: null, OMNodeId: null, RPC Address: localhost:0 and Ratis port: 9872
2019-08-27 19:08:52,946 | INFO  | SCMAudit | user=jenkins1000 | ip=192.168.34.52 | op=GET_SCM_INFO null | ret=SUCCESS |  
2019-08-27 19:08:53,406 [main] WARN  server.ServerUtils (ServerUtils.java:getDBPath(222)) - ozone.om.db.dirs is not configured. We recommend adding this setting. Falling back to ozone.metadata.dirs instead.
2019-08-27 19:08:53,414 [main] INFO  db.DBStoreBuilder (DBStoreBuilder.java:addTable(110)) - using custom profile for table: userTable
2019-08-27 19:08:53,414 [main] INFO  db.DBStoreBuilder (DBStoreBuilder.java:processTables(161)) - Using default column profile:DBProfile.DISK for Table:userTable
2019-08-27 19:08:53,414 [main] INFO  db.DBStoreBuilder (DBStoreBuilder.java:addTable(110)) - using custom profile for table: volumeTable
2019-08-27 19:08:53,414 [main] INFO  db.DBStoreBuilder (DBStoreBuilder.java:processTables(161)) - Using default column profile:DBProfile.DISK for Table:volumeTable
2019-08-27 19:08:53,415 [main] INFO  db.DBStoreBuilder (DBStoreBuilder.java:addTable(110)) - using custom profile for table: bucketTable
2019-08-27 19:08:53,415 [main] INFO  db.DBStoreBuilder (DBStoreBuilder.java:processTables(161)) - Using default column profile:DBProfile.DISK for Table:bucketTable
2019-08-27 19:08:53,415 [main] INFO  db.DBStoreBuilder (DBStoreBuilder.java:addTable(110)) - using custom profile for table: keyTable
2019-08-27 19:08:53,415 [main] INFO  db.DBStoreBuilder (DBStoreBuilder.java:processTables(161)) - Using default column profile:DBProfile.DISK for Table:keyTable
2019-08-27 19:08:53,416 [main] INFO  db.DBStoreBuilder (DBStoreBuilder.java:addTable(110)) - using custom profile for table: deletedTable
2019-08-27 19:08:53,416 [main] INFO  db.DBStoreBuilder (DBStoreBuilder.java:processTables(161)) - Using default column profile:DBProfile.DISK for Table:deletedTable
2019-08-27 19:08:53,416 [main] INFO  db.DBStoreBuilder (DBStoreBuilder.java:addTable(110)) - using custom profile for table: openKeyTable
2019-08-27 19:08:53,416 [main] INFO  db.DBStoreBuilder (DBStoreBuilder.java:processTables(161)) - Using default column profile:DBProfile.DISK for Table:openKeyTable
2019-08-27 19:08:53,417 [main] INFO  db.DBStoreBuilder (DBStoreBuilder.java:addTable(110)) - using custom profile for table: s3Table
2019-08-27 19:08:53,417 [main] INFO  db.DBStoreBuilder (DBStoreBuilder.java:processTables(161)) - Using default column profile:DBProfile.DISK for Table:s3Table
2019-08-27 19:08:53,417 [main] INFO  db.DBStoreBuilder (DBStoreBuilder.java:addTable(110)) - using custom profile for table: multipartInfoTable
2019-08-27 19:08:53,417 [main] INFO  db.DBStoreBuilder (DBStoreBuilder.java:processTables(161)) - Using default column profile:DBProfile.DISK for Table:multipartInfoTable
2019-08-27 19:08:53,418 [main] INFO  db.DBStoreBuilder (DBStoreBuilder.java:addTable(110)) - using custom profile for table: dTokenTable
2019-08-27 19:08:53,418 [main] INFO  db.DBStoreBuilder (DBStoreBuilder.java:processTables(161)) - Using default column profile:DBProfile.DISK for Table:dTokenTable
2019-08-27 19:08:53,418 [main] INFO  db.DBStoreBuilder (DBStoreBuilder.java:addTable(110)) - using custom profile for table: s3SecretTable
2019-08-27 19:08:53,418 [main] INFO  db.DBStoreBuilder (DBStoreBuilder.java:processTables(161)) - Using default column profile:DBProfile.DISK for Table:s3SecretTable
2019-08-27 19:08:53,419 [main] INFO  db.DBStoreBuilder (DBStoreBuilder.java:addTable(110)) - using custom profile for table: prefixTable
2019-08-27 19:08:53,419 [main] INFO  db.DBStoreBuilder (DBStoreBuilder.java:processTables(161)) - Using default column profile:DBProfile.DISK for Table:prefixTable
2019-08-27 19:08:53,419 [main] INFO  db.DBStoreBuilder (DBStoreBuilder.java:addTable(110)) - using custom profile for table: default
2019-08-27 19:08:53,420 [main] INFO  db.DBStoreBuilder (DBStoreBuilder.java:processTables(167)) - Using default column profile:DBProfile.DISK for Table:default
2019-08-27 19:08:53,420 [main] INFO  db.DBStoreBuilder (DBStoreBuilder.java:getDbProfile(198)) - Using default options. DBProfile.DISK
2019-08-27 19:08:53,932 [main] INFO  ipc.CallQueueManager (CallQueueManager.java:<init>(84)) - Using callQueue: class java.util.concurrent.LinkedBlockingQueue, queueCapacity: 2000, scheduler: class org.apache.hadoop.ipc.DefaultRpcScheduler, ipcBackoff: false.
2019-08-27 19:08:53,934 [Socket Reader #1 for port 46747] INFO  ipc.Server (Server.java:run(1074)) - Starting Socket Reader #1 for port 46747
2019-08-27 19:08:53,954 [main] INFO  om.OzoneManager (OzoneManager.java:start(1256)) - OzoneManager RPC server is listening at localhost/127.0.0.1:46747
2019-08-27 19:08:53,954 [main] INFO  impl.MetricsSystemImpl (MetricsSystemImpl.java:init(158)) - OzoneManager metrics system started (again)
2019-08-27 19:08:53,956 [IPC Server Responder] INFO  ipc.Server (Server.java:run(1314)) - IPC Server Responder: starting
2019-08-27 19:08:53,956 [IPC Server listener on 46747] INFO  ipc.Server (Server.java:run(1153)) - IPC Server listener on 46747: starting
2019-08-27 19:08:53,963 [main] INFO  hdfs.DFSUtil (DFSUtil.java:httpServerTemplateForNNAndJN(1641)) - Starting Web-server for ozoneManager at: http://0.0.0.0:0
2019-08-27 19:08:53,967 [main] INFO  server.AuthenticationFilter (AuthenticationFilter.java:constructSecretProvider(240)) - Unable to initialize FileSignerSecretProvider, falling back to use random secrets.
2019-08-27 19:08:54,158 [main] WARN  http.HttpRequestLog (HttpRequestLog.java:getRequestLog(97)) - Jetty request log can only be enabled using Log4j
2019-08-27 19:08:54,162 [main] INFO  http.HttpServer2 (HttpServer2.java:addGlobalFilter(975)) - Added global filter 'safety' (class=org.apache.hadoop.http.HttpServer2$QuotingInputFilter)
2019-08-27 19:08:54,167 [main] INFO  http.HttpServer2 (HttpServer2.java:addFilter(948)) - Added filter static_user_filter (class=org.apache.hadoop.http.lib.StaticUserWebFilter$StaticUserFilter) to context ozoneManager
2019-08-27 19:08:54,167 [main] INFO  http.HttpServer2 (HttpServer2.java:addFilter(958)) - Added filter static_user_filter (class=org.apache.hadoop.http.lib.StaticUserWebFilter$StaticUserFilter) to context logs
2019-08-27 19:08:54,167 [main] INFO  http.HttpServer2 (HttpServer2.java:addFilter(958)) - Added filter static_user_filter (class=org.apache.hadoop.http.lib.StaticUserWebFilter$StaticUserFilter) to context static
2019-08-27 19:08:54,171 [main] INFO  http.HttpServer2 (HttpServer2.java:bindListener(1191)) - Jetty bound to port 40989
2019-08-27 19:08:54,171 [main] INFO  server.Server (Server.java:doStart(351)) - jetty-9.3.24.v20180605, build timestamp: 2018-06-05T17:11:56Z, git hash: 84205aa28f11a4f31f2a3b86d1bba2cc8ab69827
2019-08-27 19:08:54,174 [main] INFO  handler.ContextHandler (ContextHandler.java:doStart(781)) - Started o.e.j.s.ServletContextHandler@f8f56b9{/logs,file:///workdir/hadoop-ozone/integration-test/target/log,AVAILABLE}
2019-08-27 19:08:54,175 [main] INFO  handler.ContextHandler (ContextHandler.java:doStart(781)) - Started o.e.j.s.ServletContextHandler@4f186450{/static,file:///workdir/hadoop-ozone/integration-test/target/test-classes/webapps/static,AVAILABLE}
2019-08-27 19:08:54,183 [main] INFO  handler.ContextHandler (ContextHandler.java:doStart(781)) - Started o.e.j.w.WebAppContext@7551da2a{/,file:///workdir/hadoop-ozone/integration-test/target/test-classes/webapps/ozoneManager/,AVAILABLE}{/ozoneManager}
2019-08-27 19:08:54,184 [main] INFO  server.AbstractConnector (AbstractConnector.java:doStart(278)) - Started ServerConnector@432034a{HTTP/1.1,[http/1.1]}{0.0.0.0:40989}
2019-08-27 19:08:54,185 [main] INFO  server.Server (Server.java:doStart(419)) - Started @4768ms
2019-08-27 19:08:54,186 [main] INFO  server.BaseHttpServer (BaseHttpServer.java:updateConnectorAddress(213)) - HTTP server of OZONEMANAGER is listening at http://0.0.0.0:40989
2019-08-27 19:08:54,354 [main] INFO  impl.MetricsSystemImpl (MetricsSystemImpl.java:init(158)) - HddsDatanode metrics system started (again)
2019-08-27 19:08:54,442 [main] INFO  ozone.HddsDatanodeService (HddsDatanodeService.java:start(184)) - HddsDatanodeService host:pr-hdds-2045-zqqll-3317366474 ip:192.168.34.52
2019-08-27 19:08:54,476 [main] INFO  volume.HddsVolume (HddsVolume.java:<init>(176)) - Creating Volume: /workdir/hadoop-ozone/integration-test/target/test-dir/MiniOzoneClusterImpl-a3aac34f-b46b-43f5-94a8-28eba8461e96/datanode-0/data/containers/hdds of  storage type : DISK and capacity : 1482555576320
2019-08-27 19:08:54,478 [main] INFO  volume.VolumeSet (VolumeSet.java:initializeVolumeSet(170)) - Added Volume : /workdir/hadoop-ozone/integration-test/target/test-dir/MiniOzoneClusterImpl-a3aac34f-b46b-43f5-94a8-28eba8461e96/datanode-0/data/containers/hdds to VolumeSet
2019-08-27 19:08:54,481 [main] INFO  volume.ThrottledAsyncChecker (ThrottledAsyncChecker.java:schedule(140)) - Scheduling a check for org.apache.hadoop.ozone.container.common.volume.HddsVolume@65ec8b24
2019-08-27 19:08:54,499 [main] INFO  volume.HddsVolumeChecker (HddsVolumeChecker.java:checkAllVolumes(203)) - Scheduled health check for volume org.apache.hadoop.ozone.container.common.volume.HddsVolume@65ec8b24
2019-08-27 19:08:54,603 [main] INFO  impl.RaftServerProxy (ConfUtils.java:logGet(43)) - raft.rpc.type = GRPC (default)
2019-08-27 19:08:54,666 [main] INFO  grpc.GrpcFactory (GrpcFactory.java:checkPooledByteBufAllocatorUseCacheForAllThreads(45)) - PERFORMANCE WARNING: useCacheForAllThreads is true that may cause Netty to create a lot garbage objects and, as a result, trigger GC.
	It is recommended to disable useCacheForAllThreads by setting -Dorg.apache.ratis.thirdparty.io.netty.allocator.useCacheForAllThreads=false in command line.
2019-08-27 19:08:54,671 [main] INFO  grpc.GrpcConfigKeys$Server (ConfUtils.java:logGet(43)) - raft.grpc.server.port = 0 (default)
2019-08-27 19:08:54,672 [main] INFO  server.GrpcService (ConfUtils.java:logGet(43)) - raft.grpc.message.size.max = 33570816 (custom)
2019-08-27 19:08:54,673 [main] INFO  server.RaftServerConfigKeys (ConfUtils.java:logGet(43)) - raft.server.log.appender.buffer.byte-limit = 33554432 (custom)
2019-08-27 19:08:54,674 [main] INFO  server.GrpcService (ConfUtils.java:logGet(43)) - raft.grpc.flow.control.window = 1MB (=1048576) (default)
2019-08-27 19:08:54,675 [main] INFO  server.RaftServerConfigKeys (ConfUtils.java:logGet(43)) - raft.server.rpc.request.timeout = 3000ms (default)
2019-08-27 19:08:54,895 [main] INFO  server.RaftServerConfigKeys (ConfUtils.java:logGet(43)) - raft.server.storage.dir = [/workdir/hadoop-ozone/integration-test/target/test-dir/MiniOzoneClusterImpl-a3aac34f-b46b-43f5-94a8-28eba8461e96/datanode-0/data/ratis] (custom)
2019-08-27 19:08:54,945 [main] INFO  replication.SimpleContainerDownloader (SimpleContainerDownloader.java:<init>(72)) - Starting container downloader service to copy containers to replicate.
2019-08-27 19:08:54,966 [main] INFO  hdfs.DFSUtil (DFSUtil.java:httpServerTemplateForNNAndJN(1641)) - Starting Web-server for hddsDatanode at: http://0.0.0.0:0
2019-08-27 19:08:54,969 [main] INFO  server.AuthenticationFilter (AuthenticationFilter.java:constructSecretProvider(240)) - Unable to initialize FileSignerSecretProvider, falling back to use random secrets.
2019-08-27 19:08:54,970 [main] WARN  http.HttpRequestLog (HttpRequestLog.java:getRequestLog(97)) - Jetty request log can only be enabled using Log4j
2019-08-27 19:08:54,973 [main] INFO  http.HttpServer2 (HttpServer2.java:addGlobalFilter(975)) - Added global filter 'safety' (class=org.apache.hadoop.http.HttpServer2$QuotingInputFilter)
2019-08-27 19:08:54,974 [main] INFO  http.HttpServer2 (HttpServer2.java:addFilter(948)) - Added filter static_user_filter (class=org.apache.hadoop.http.lib.StaticUserWebFilter$StaticUserFilter) to context hddsDatanode
2019-08-27 19:08:54,974 [main] INFO  http.HttpServer2 (HttpServer2.java:addFilter(958)) - Added filter static_user_filter (class=org.apache.hadoop.http.lib.StaticUserWebFilter$StaticUserFilter) to context static
2019-08-27 19:08:54,975 [main] INFO  http.HttpServer2 (HttpServer2.java:addFilter(958)) - Added filter static_user_filter (class=org.apache.hadoop.http.lib.StaticUserWebFilter$StaticUserFilter) to context logs
2019-08-27 19:08:54,976 [main] INFO  http.HttpServer2 (HttpServer2.java:bindListener(1191)) - Jetty bound to port 38444
2019-08-27 19:08:54,976 [main] INFO  server.Server (Server.java:doStart(351)) - jetty-9.3.24.v20180605, build timestamp: 2018-06-05T17:11:56Z, git hash: 84205aa28f11a4f31f2a3b86d1bba2cc8ab69827
2019-08-27 19:08:54,979 [main] INFO  handler.ContextHandler (ContextHandler.java:doStart(781)) - Started o.e.j.s.ServletContextHandler@6a1d3225{/logs,file:///workdir/hadoop-ozone/integration-test/target/log,AVAILABLE}
2019-08-27 19:08:54,980 [main] INFO  handler.ContextHandler (ContextHandler.java:doStart(781)) - Started o.e.j.s.ServletContextHandler@50fb33a{/static,jar:file:/home/user/.m2/repository/org/apache/hadoop/hadoop-hdds-container-service/0.5.0-SNAPSHOT/hadoop-hdds-container-service-0.5.0-SNAPSHOT.jar!/webapps/static,AVAILABLE}
2019-08-27 19:08:55,021 [main] INFO  handler.ContextHandler (ContextHandler.java:doStart(781)) - Started o.e.j.w.WebAppContext@4c58255{/,file:///tmp/jetty-0.0.0.0-38444-hddsDatanode-_-any-3934579820527220419.dir/webapp/,AVAILABLE}{/hddsDatanode}
2019-08-27 19:08:55,022 [main] INFO  server.AbstractConnector (AbstractConnector.java:doStart(278)) - Started ServerConnector@eac3a26{HTTP/1.1,[http/1.1]}{0.0.0.0:38444}
2019-08-27 19:08:55,023 [main] INFO  server.Server (Server.java:doStart(419)) - Started @5606ms
2019-08-27 19:08:55,024 [main] INFO  server.BaseHttpServer (BaseHttpServer.java:updateConnectorAddress(213)) - HTTP server of HDDSDATANODE is listening at http://0.0.0.0:38444
2019-08-27 19:08:56,210 | INFO  | ObjectStoreRestHttpServer | Listening HDDS REST traffic on /0.0.0.0:34821 |  
2019-08-27 19:08:56,211 [main] INFO  ozone.HddsDatanodeService (HddsDatanodeService.java:startPlugins(395)) - Started plug-in org.apache.hadoop.ozone.web.OzoneHddsDatanodeService@415795f3
2019-08-27 19:08:56,212 [main] INFO  impl.MetricsSystemImpl (MetricsSystemImpl.java:init(158)) - HddsDatanode metrics system started (again)
2019-08-27 19:08:56,216 [main] INFO  ozone.HddsDatanodeService (HddsDatanodeService.java:start(184)) - HddsDatanodeService host:pr-hdds-2045-zqqll-3317366474 ip:192.168.34.52
2019-08-27 19:08:56,218 [org.apache.hadoop.util.JvmPauseMonitor$Monitor@63590475] INFO  util.JvmPauseMonitor (JvmPauseMonitor.java:run(188)) - Starting JVM pause monitor
2019-08-27 19:08:56,226 [main] INFO  volume.HddsVolume (HddsVolume.java:<init>(176)) - Creating Volume: /workdir/hadoop-ozone/integration-test/target/test-dir/MiniOzoneClusterImpl-a3aac34f-b46b-43f5-94a8-28eba8461e96/datanode-1/data/containers/hdds of  storage type : DISK and capacity : 1482555576320
2019-08-27 19:08:56,227 [main] INFO  volume.VolumeSet (VolumeSet.java:initializeVolumeSet(170)) - Added Volume : /workdir/hadoop-ozone/integration-test/target/test-dir/MiniOzoneClusterImpl-a3aac34f-b46b-43f5-94a8-28eba8461e96/datanode-1/data/containers/hdds to VolumeSet
2019-08-27 19:08:56,227 [main] INFO  volume.ThrottledAsyncChecker (ThrottledAsyncChecker.java:schedule(140)) - Scheduling a check for org.apache.hadoop.ozone.container.common.volume.HddsVolume@1c046c92
2019-08-27 19:08:56,229 [main] INFO  volume.HddsVolumeChecker (HddsVolumeChecker.java:checkAllVolumes(203)) - Scheduled health check for volume org.apache.hadoop.ozone.container.common.volume.HddsVolume@1c046c92
2019-08-27 19:08:56,247 [main] INFO  impl.RaftServerProxy (ConfUtils.java:logGet(43)) - raft.rpc.type = GRPC (default)
2019-08-27 19:08:56,248 [main] INFO  grpc.GrpcFactory (GrpcFactory.java:checkPooledByteBufAllocatorUseCacheForAllThreads(45)) - PERFORMANCE WARNING: useCacheForAllThreads is true that may cause Netty to create a lot garbage objects and, as a result, trigger GC.
	It is recommended to disable useCacheForAllThreads by setting -Dorg.apache.ratis.thirdparty.io.netty.allocator.useCacheForAllThreads=false in command line.
2019-08-27 19:08:56,248 [main] INFO  grpc.GrpcConfigKeys$Server (ConfUtils.java:logGet(43)) - raft.grpc.server.port = 0 (default)
2019-08-27 19:08:56,248 [main] INFO  server.GrpcService (ConfUtils.java:logGet(43)) - raft.grpc.message.size.max = 33570816 (custom)
2019-08-27 19:08:56,248 [main] INFO  server.RaftServerConfigKeys (ConfUtils.java:logGet(43)) - raft.server.log.appender.buffer.byte-limit = 33554432 (custom)
2019-08-27 19:08:56,249 [main] INFO  server.GrpcService (ConfUtils.java:logGet(43)) - raft.grpc.flow.control.window = 1MB (=1048576) (default)
2019-08-27 19:08:56,249 [main] INFO  server.RaftServerConfigKeys (ConfUtils.java:logGet(43)) - raft.server.rpc.request.timeout = 3000ms (default)
2019-08-27 19:08:56,250 [main] INFO  server.RaftServerConfigKeys (ConfUtils.java:logGet(43)) - raft.server.storage.dir = [/workdir/hadoop-ozone/integration-test/target/test-dir/MiniOzoneClusterImpl-a3aac34f-b46b-43f5-94a8-28eba8461e96/datanode-1/data/ratis] (custom)
2019-08-27 19:08:56,250 [main] INFO  replication.SimpleContainerDownloader (SimpleContainerDownloader.java:<init>(72)) - Starting container downloader service to copy containers to replicate.
2019-08-27 19:08:56,252 [main] INFO  hdfs.DFSUtil (DFSUtil.java:httpServerTemplateForNNAndJN(1641)) - Starting Web-server for hddsDatanode at: http://0.0.0.0:0
2019-08-27 19:08:56,254 [main] INFO  server.AuthenticationFilter (AuthenticationFilter.java:constructSecretProvider(240)) - Unable to initialize FileSignerSecretProvider, falling back to use random secrets.
2019-08-27 19:08:56,256 [main] WARN  http.HttpRequestLog (HttpRequestLog.java:getRequestLog(97)) - Jetty request log can only be enabled using Log4j
2019-08-27 19:08:56,260 [main] INFO  http.HttpServer2 (HttpServer2.java:addGlobalFilter(975)) - Added global filter 'safety' (class=org.apache.hadoop.http.HttpServer2$QuotingInputFilter)
2019-08-27 19:08:56,262 [main] INFO  http.HttpServer2 (HttpServer2.java:addFilter(948)) - Added filter static_user_filter (class=org.apache.hadoop.http.lib.StaticUserWebFilter$StaticUserFilter) to context hddsDatanode
2019-08-27 19:08:56,262 [main] INFO  http.HttpServer2 (HttpServer2.java:addFilter(958)) - Added filter static_user_filter (class=org.apache.hadoop.http.lib.StaticUserWebFilter$StaticUserFilter) to context logs
2019-08-27 19:08:56,262 [main] INFO  http.HttpServer2 (HttpServer2.java:addFilter(958)) - Added filter static_user_filter (class=org.apache.hadoop.http.lib.StaticUserWebFilter$StaticUserFilter) to context static
2019-08-27 19:08:56,263 [main] INFO  http.HttpServer2 (HttpServer2.java:bindListener(1191)) - Jetty bound to port 36074
2019-08-27 19:08:56,263 [main] INFO  server.Server (Server.java:doStart(351)) - jetty-9.3.24.v20180605, build timestamp: 2018-06-05T17:11:56Z, git hash: 84205aa28f11a4f31f2a3b86d1bba2cc8ab69827
2019-08-27 19:08:56,268 [main] INFO  handler.ContextHandler (ContextHandler.java:doStart(781)) - Started o.e.j.s.ServletContextHandler@31834a2b{/logs,file:///workdir/hadoop-ozone/integration-test/target/log,AVAILABLE}
2019-08-27 19:08:56,268 [main] INFO  handler.ContextHandler (ContextHandler.java:doStart(781)) - Started o.e.j.s.ServletContextHandler@22ead351{/static,jar:file:/home/user/.m2/repository/org/apache/hadoop/hadoop-hdds-container-service/0.5.0-SNAPSHOT/hadoop-hdds-container-service-0.5.0-SNAPSHOT.jar!/webapps/static,AVAILABLE}
2019-08-27 19:08:56,307 [main] INFO  handler.ContextHandler (ContextHandler.java:doStart(781)) - Started o.e.j.w.WebAppContext@4776e209{/,file:///tmp/jetty-0.0.0.0-36074-hddsDatanode-_-any-1919658697352764911.dir/webapp/,AVAILABLE}{/hddsDatanode}
2019-08-27 19:08:56,308 [main] INFO  server.AbstractConnector (AbstractConnector.java:doStart(278)) - Started ServerConnector@265a094b{HTTP/1.1,[http/1.1]}{0.0.0.0:36074}
2019-08-27 19:08:56,309 [main] INFO  server.Server (Server.java:doStart(419)) - Started @6893ms
2019-08-27 19:08:56,311 [main] INFO  server.BaseHttpServer (BaseHttpServer.java:updateConnectorAddress(213)) - HTTP server of HDDSDATANODE is listening at http://0.0.0.0:36074
2019-08-27 19:08:56,360 [Datanode State Machine Thread - 0] INFO  datanode.InitDatanodeState (InitDatanodeState.java:persistContainerDatanodeDetails(140)) - DatanodeDetails is persisted to /workdir/hadoop-ozone/integration-test/target/test-dir/MiniOzoneClusterImpl-a3aac34f-b46b-43f5-94a8-28eba8461e96/datanode-0/meta/datanode.id
2019-08-27 19:08:56,488 | INFO  | ObjectStoreRestHttpServer | Listening HDDS REST traffic on /0.0.0.0:38811 |  
2019-08-27 19:08:56,489 [main] INFO  ozone.HddsDatanodeService (HddsDatanodeService.java:startPlugins(395)) - Started plug-in org.apache.hadoop.ozone.web.OzoneHddsDatanodeService@2dff7085
2019-08-27 19:08:56,489 [main] INFO  impl.MetricsSystemImpl (MetricsSystemImpl.java:init(158)) - HddsDatanode metrics system started (again)
2019-08-27 19:08:56,493 [org.apache.hadoop.util.JvmPauseMonitor$Monitor@18707a49] INFO  util.JvmPauseMonitor (JvmPauseMonitor.java:run(188)) - Starting JVM pause monitor
2019-08-27 19:08:56,494 [main] INFO  ozone.HddsDatanodeService (HddsDatanodeService.java:start(184)) - HddsDatanodeService host:pr-hdds-2045-zqqll-3317366474 ip:192.168.34.52
2019-08-27 19:08:56,500 [Datanode State Machine Thread - 0] INFO  datanode.InitDatanodeState (InitDatanodeState.java:persistContainerDatanodeDetails(140)) - DatanodeDetails is persisted to /workdir/hadoop-ozone/integration-test/target/test-dir/MiniOzoneClusterImpl-a3aac34f-b46b-43f5-94a8-28eba8461e96/datanode-1/meta/datanode.id
2019-08-27 19:08:56,508 [main] INFO  volume.HddsVolume (HddsVolume.java:<init>(176)) - Creating Volume: /workdir/hadoop-ozone/integration-test/target/test-dir/MiniOzoneClusterImpl-a3aac34f-b46b-43f5-94a8-28eba8461e96/datanode-2/data/containers/hdds of  storage type : DISK and capacity : 1482555576320
2019-08-27 19:08:56,509 [main] INFO  volume.VolumeSet (VolumeSet.java:initializeVolumeSet(170)) - Added Volume : /workdir/hadoop-ozone/integration-test/target/test-dir/MiniOzoneClusterImpl-a3aac34f-b46b-43f5-94a8-28eba8461e96/datanode-2/data/containers/hdds to VolumeSet
2019-08-27 19:08:56,509 [main] INFO  volume.ThrottledAsyncChecker (ThrottledAsyncChecker.java:schedule(140)) - Scheduling a check for org.apache.hadoop.ozone.container.common.volume.HddsVolume@b379bc6
2019-08-27 19:08:56,510 [main] INFO  volume.HddsVolumeChecker (HddsVolumeChecker.java:checkAllVolumes(203)) - Scheduled health check for volume org.apache.hadoop.ozone.container.common.volume.HddsVolume@b379bc6
2019-08-27 19:08:56,530 [main] INFO  impl.RaftServerProxy (ConfUtils.java:logGet(43)) - raft.rpc.type = GRPC (default)
2019-08-27 19:08:56,531 [main] INFO  grpc.GrpcFactory (GrpcFactory.java:checkPooledByteBufAllocatorUseCacheForAllThreads(45)) - PERFORMANCE WARNING: useCacheForAllThreads is true that may cause Netty to create a lot garbage objects and, as a result, trigger GC.
	It is recommended to disable useCacheForAllThreads by setting -Dorg.apache.ratis.thirdparty.io.netty.allocator.useCacheForAllThreads=false in command line.
2019-08-27 19:08:56,531 [main] INFO  grpc.GrpcConfigKeys$Server (ConfUtils.java:logGet(43)) - raft.grpc.server.port = 0 (default)
2019-08-27 19:08:56,531 [main] INFO  server.GrpcService (ConfUtils.java:logGet(43)) - raft.grpc.message.size.max = 33570816 (custom)
2019-08-27 19:08:56,532 [main] INFO  server.RaftServerConfigKeys (ConfUtils.java:logGet(43)) - raft.server.log.appender.buffer.byte-limit = 33554432 (custom)
2019-08-27 19:08:56,532 [main] INFO  server.GrpcService (ConfUtils.java:logGet(43)) - raft.grpc.flow.control.window = 1MB (=1048576) (default)
2019-08-27 19:08:56,532 [main] INFO  server.RaftServerConfigKeys (ConfUtils.java:logGet(43)) - raft.server.rpc.request.timeout = 3000ms (default)
2019-08-27 19:08:56,533 [main] INFO  server.RaftServerConfigKeys (ConfUtils.java:logGet(43)) - raft.server.storage.dir = [/workdir/hadoop-ozone/integration-test/target/test-dir/MiniOzoneClusterImpl-a3aac34f-b46b-43f5-94a8-28eba8461e96/datanode-2/data/ratis] (custom)
2019-08-27 19:08:56,534 [main] INFO  replication.SimpleContainerDownloader (SimpleContainerDownloader.java:<init>(72)) - Starting container downloader service to copy containers to replicate.
2019-08-27 19:08:56,535 [main] INFO  hdfs.DFSUtil (DFSUtil.java:httpServerTemplateForNNAndJN(1641)) - Starting Web-server for hddsDatanode at: http://0.0.0.0:0
2019-08-27 19:08:56,538 [main] INFO  server.AuthenticationFilter (AuthenticationFilter.java:constructSecretProvider(240)) - Unable to initialize FileSignerSecretProvider, falling back to use random secrets.
2019-08-27 19:08:56,539 [main] WARN  http.HttpRequestLog (HttpRequestLog.java:getRequestLog(97)) - Jetty request log can only be enabled using Log4j
2019-08-27 19:08:56,542 [main] INFO  http.HttpServer2 (HttpServer2.java:addGlobalFilter(975)) - Added global filter 'safety' (class=org.apache.hadoop.http.HttpServer2$QuotingInputFilter)
2019-08-27 19:08:56,543 [main] INFO  http.HttpServer2 (HttpServer2.java:addFilter(948)) - Added filter static_user_filter (class=org.apache.hadoop.http.lib.StaticUserWebFilter$StaticUserFilter) to context hddsDatanode
2019-08-27 19:08:56,543 [main] INFO  http.HttpServer2 (HttpServer2.java:addFilter(958)) - Added filter static_user_filter (class=org.apache.hadoop.http.lib.StaticUserWebFilter$StaticUserFilter) to context logs
2019-08-27 19:08:56,543 [main] INFO  http.HttpServer2 (HttpServer2.java:addFilter(958)) - Added filter static_user_filter (class=org.apache.hadoop.http.lib.StaticUserWebFilter$StaticUserFilter) to context static
2019-08-27 19:08:56,545 [main] INFO  http.HttpServer2 (HttpServer2.java:bindListener(1191)) - Jetty bound to port 43596
2019-08-27 19:08:56,545 [main] INFO  server.Server (Server.java:doStart(351)) - jetty-9.3.24.v20180605, build timestamp: 2018-06-05T17:11:56Z, git hash: 84205aa28f11a4f31f2a3b86d1bba2cc8ab69827
2019-08-27 19:08:56,548 [main] INFO  handler.ContextHandler (ContextHandler.java:doStart(781)) - Started o.e.j.s.ServletContextHandler@25791d40{/logs,file:///workdir/hadoop-ozone/integration-test/target/log,AVAILABLE}
2019-08-27 19:08:56,549 [main] INFO  handler.ContextHandler (ContextHandler.java:doStart(781)) - Started o.e.j.s.ServletContextHandler@251c8145{/static,jar:file:/home/user/.m2/repository/org/apache/hadoop/hadoop-hdds-container-service/0.5.0-SNAPSHOT/hadoop-hdds-container-service-0.5.0-SNAPSHOT.jar!/webapps/static,AVAILABLE}
2019-08-27 19:08:56,591 [main] INFO  handler.ContextHandler (ContextHandler.java:doStart(781)) - Started o.e.j.w.WebAppContext@3520958b{/,file:///tmp/jetty-0.0.0.0-43596-hddsDatanode-_-any-5153685248359009606.dir/webapp/,AVAILABLE}{/hddsDatanode}
2019-08-27 19:08:56,593 [main] INFO  server.AbstractConnector (AbstractConnector.java:doStart(278)) - Started ServerConnector@6cc64028{HTTP/1.1,[http/1.1]}{0.0.0.0:43596}
2019-08-27 19:08:56,595 [main] INFO  server.Server (Server.java:doStart(419)) - Started @7176ms
2019-08-27 19:08:56,596 [main] INFO  server.BaseHttpServer (BaseHttpServer.java:updateConnectorAddress(213)) - HTTP server of HDDSDATANODE is listening at http://0.0.0.0:43596
2019-08-27 19:08:56,749 | INFO  | ObjectStoreRestHttpServer | Listening HDDS REST traffic on /0.0.0.0:32804 |  
2019-08-27 19:08:56,749 [main] INFO  ozone.HddsDatanodeService (HddsDatanodeService.java:startPlugins(395)) - Started plug-in org.apache.hadoop.ozone.web.OzoneHddsDatanodeService@53314f76
2019-08-27 19:08:56,749 [main] INFO  impl.MetricsSystemImpl (MetricsSystemImpl.java:init(158)) - HddsDatanode metrics system started (again)
2019-08-27 19:08:56,753 [org.apache.hadoop.util.JvmPauseMonitor$Monitor@6fa58af] INFO  util.JvmPauseMonitor (JvmPauseMonitor.java:run(188)) - Starting JVM pause monitor
2019-08-27 19:08:56,753 [main] INFO  ozone.HddsDatanodeService (HddsDatanodeService.java:start(184)) - HddsDatanodeService host:pr-hdds-2045-zqqll-3317366474 ip:192.168.34.52
2019-08-27 19:08:56,756 [Datanode State Machine Thread - 0] INFO  datanode.InitDatanodeState (InitDatanodeState.java:persistContainerDatanodeDetails(140)) - DatanodeDetails is persisted to /workdir/hadoop-ozone/integration-test/target/test-dir/MiniOzoneClusterImpl-a3aac34f-b46b-43f5-94a8-28eba8461e96/datanode-2/meta/datanode.id
2019-08-27 19:08:56,761 [main] INFO  volume.HddsVolume (HddsVolume.java:<init>(176)) - Creating Volume: /workdir/hadoop-ozone/integration-test/target/test-dir/MiniOzoneClusterImpl-a3aac34f-b46b-43f5-94a8-28eba8461e96/datanode-3/data/containers/hdds of  storage type : DISK and capacity : 1482555576320
2019-08-27 19:08:56,761 [main] INFO  volume.VolumeSet (VolumeSet.java:initializeVolumeSet(170)) - Added Volume : /workdir/hadoop-ozone/integration-test/target/test-dir/MiniOzoneClusterImpl-a3aac34f-b46b-43f5-94a8-28eba8461e96/datanode-3/data/containers/hdds to VolumeSet
2019-08-27 19:08:56,761 [main] INFO  volume.ThrottledAsyncChecker (ThrottledAsyncChecker.java:schedule(140)) - Scheduling a check for org.apache.hadoop.ozone.container.common.volume.HddsVolume@740b9a50
2019-08-27 19:08:56,762 [main] INFO  volume.HddsVolumeChecker (HddsVolumeChecker.java:checkAllVolumes(203)) - Scheduled health check for volume org.apache.hadoop.ozone.container.common.volume.HddsVolume@740b9a50
2019-08-27 19:08:56,778 [main] INFO  impl.RaftServerProxy (ConfUtils.java:logGet(43)) - raft.rpc.type = GRPC (default)
2019-08-27 19:08:56,778 [main] INFO  grpc.GrpcFactory (GrpcFactory.java:checkPooledByteBufAllocatorUseCacheForAllThreads(45)) - PERFORMANCE WARNING: useCacheForAllThreads is true that may cause Netty to create a lot garbage objects and, as a result, trigger GC.
	It is recommended to disable useCacheForAllThreads by setting -Dorg.apache.ratis.thirdparty.io.netty.allocator.useCacheForAllThreads=false in command line.
2019-08-27 19:08:56,778 [main] INFO  grpc.GrpcConfigKeys$Server (ConfUtils.java:logGet(43)) - raft.grpc.server.port = 0 (default)
2019-08-27 19:08:56,778 [main] INFO  server.GrpcService (ConfUtils.java:logGet(43)) - raft.grpc.message.size.max = 33570816 (custom)
2019-08-27 19:08:56,779 [main] INFO  server.RaftServerConfigKeys (ConfUtils.java:logGet(43)) - raft.server.log.appender.buffer.byte-limit = 33554432 (custom)
2019-08-27 19:08:56,779 [main] INFO  server.GrpcService (ConfUtils.java:logGet(43)) - raft.grpc.flow.control.window = 1MB (=1048576) (default)
2019-08-27 19:08:56,779 [main] INFO  server.RaftServerConfigKeys (ConfUtils.java:logGet(43)) - raft.server.rpc.request.timeout = 3000ms (default)
2019-08-27 19:08:56,780 [main] INFO  server.RaftServerConfigKeys (ConfUtils.java:logGet(43)) - raft.server.storage.dir = [/workdir/hadoop-ozone/integration-test/target/test-dir/MiniOzoneClusterImpl-a3aac34f-b46b-43f5-94a8-28eba8461e96/datanode-3/data/ratis] (custom)
2019-08-27 19:08:56,780 [main] INFO  replication.SimpleContainerDownloader (SimpleContainerDownloader.java:<init>(72)) - Starting container downloader service to copy containers to replicate.
2019-08-27 19:08:56,781 [main] INFO  hdfs.DFSUtil (DFSUtil.java:httpServerTemplateForNNAndJN(1641)) - Starting Web-server for hddsDatanode at: http://0.0.0.0:0
2019-08-27 19:08:56,782 [main] INFO  server.AuthenticationFilter (AuthenticationFilter.java:constructSecretProvider(240)) - Unable to initialize FileSignerSecretProvider, falling back to use random secrets.
2019-08-27 19:08:56,783 [main] WARN  http.HttpRequestLog (HttpRequestLog.java:getRequestLog(97)) - Jetty request log can only be enabled using Log4j
2019-08-27 19:08:56,784 [main] INFO  http.HttpServer2 (HttpServer2.java:addGlobalFilter(975)) - Added global filter 'safety' (class=org.apache.hadoop.http.HttpServer2$QuotingInputFilter)
2019-08-27 19:08:56,785 [main] INFO  http.HttpServer2 (HttpServer2.java:addFilter(948)) - Added filter static_user_filter (class=org.apache.hadoop.http.lib.StaticUserWebFilter$StaticUserFilter) to context hddsDatanode
2019-08-27 19:08:56,785 [main] INFO  http.HttpServer2 (HttpServer2.java:addFilter(958)) - Added filter static_user_filter (class=org.apache.hadoop.http.lib.StaticUserWebFilter$StaticUserFilter) to context static
2019-08-27 19:08:56,785 [main] INFO  http.HttpServer2 (HttpServer2.java:addFilter(958)) - Added filter static_user_filter (class=org.apache.hadoop.http.lib.StaticUserWebFilter$StaticUserFilter) to context logs
2019-08-27 19:08:56,786 [main] INFO  http.HttpServer2 (HttpServer2.java:bindListener(1191)) - Jetty bound to port 39093
2019-08-27 19:08:56,786 [main] INFO  server.Server (Server.java:doStart(351)) - jetty-9.3.24.v20180605, build timestamp: 2018-06-05T17:11:56Z, git hash: 84205aa28f11a4f31f2a3b86d1bba2cc8ab69827
2019-08-27 19:08:56,790 [main] INFO  handler.ContextHandler (ContextHandler.java:doStart(781)) - Started o.e.j.s.ServletContextHandler@130cfc47{/logs,file:///workdir/hadoop-ozone/integration-test/target/log,AVAILABLE}
2019-08-27 19:08:56,791 [main] INFO  handler.ContextHandler (ContextHandler.java:doStart(781)) - Started o.e.j.s.ServletContextHandler@2b6fb197{/static,jar:file:/home/user/.m2/repository/org/apache/hadoop/hadoop-hdds-container-service/0.5.0-SNAPSHOT/hadoop-hdds-container-service-0.5.0-SNAPSHOT.jar!/webapps/static,AVAILABLE}
2019-08-27 19:08:56,818 [main] INFO  handler.ContextHandler (ContextHandler.java:doStart(781)) - Started o.e.j.w.WebAppContext@1332dec4{/,file:///tmp/jetty-0.0.0.0-39093-hddsDatanode-_-any-6953277794700259188.dir/webapp/,AVAILABLE}{/hddsDatanode}
2019-08-27 19:08:56,819 [main] INFO  server.AbstractConnector (AbstractConnector.java:doStart(278)) - Started ServerConnector@544e3679{HTTP/1.1,[http/1.1]}{0.0.0.0:39093}
2019-08-27 19:08:56,820 [main] INFO  server.Server (Server.java:doStart(419)) - Started @7403ms
2019-08-27 19:08:56,821 [main] INFO  server.BaseHttpServer (BaseHttpServer.java:updateConnectorAddress(213)) - HTTP server of HDDSDATANODE is listening at http://0.0.0.0:39093
2019-08-27 19:08:56,971 | INFO  | ObjectStoreRestHttpServer | Listening HDDS REST traffic on /0.0.0.0:44517 |  
2019-08-27 19:08:56,971 [main] INFO  ozone.HddsDatanodeService (HddsDatanodeService.java:startPlugins(395)) - Started plug-in org.apache.hadoop.ozone.web.OzoneHddsDatanodeService@7f22687e
2019-08-27 19:08:56,972 [main] INFO  impl.MetricsSystemImpl (MetricsSystemImpl.java:init(158)) - HddsDatanode metrics system started (again)
2019-08-27 19:08:56,975 [main] INFO  ozone.HddsDatanodeService (HddsDatanodeService.java:start(184)) - HddsDatanodeService host:pr-hdds-2045-zqqll-3317366474 ip:192.168.34.52
2019-08-27 19:08:56,976 [org.apache.hadoop.util.JvmPauseMonitor$Monitor@31d0e4fc] INFO  util.JvmPauseMonitor (JvmPauseMonitor.java:run(188)) - Starting JVM pause monitor
2019-08-27 19:08:56,979 [Datanode State Machine Thread - 0] INFO  datanode.InitDatanodeState (InitDatanodeState.java:persistContainerDatanodeDetails(140)) - DatanodeDetails is persisted to /workdir/hadoop-ozone/integration-test/target/test-dir/MiniOzoneClusterImpl-a3aac34f-b46b-43f5-94a8-28eba8461e96/datanode-3/meta/datanode.id
2019-08-27 19:08:56,984 [main] INFO  volume.HddsVolume (HddsVolume.java:<init>(176)) - Creating Volume: /workdir/hadoop-ozone/integration-test/target/test-dir/MiniOzoneClusterImpl-a3aac34f-b46b-43f5-94a8-28eba8461e96/datanode-4/data/containers/hdds of  storage type : DISK and capacity : 1482555576320
2019-08-27 19:08:56,985 [main] INFO  volume.VolumeSet (VolumeSet.java:initializeVolumeSet(170)) - Added Volume : /workdir/hadoop-ozone/integration-test/target/test-dir/MiniOzoneClusterImpl-a3aac34f-b46b-43f5-94a8-28eba8461e96/datanode-4/data/containers/hdds to VolumeSet
2019-08-27 19:08:56,985 [main] INFO  volume.ThrottledAsyncChecker (ThrottledAsyncChecker.java:schedule(140)) - Scheduling a check for org.apache.hadoop.ozone.container.common.volume.HddsVolume@7dbae40
2019-08-27 19:08:56,986 [main] INFO  volume.HddsVolumeChecker (HddsVolumeChecker.java:checkAllVolumes(203)) - Scheduled health check for volume org.apache.hadoop.ozone.container.common.volume.HddsVolume@7dbae40
2019-08-27 19:08:57,002 [main] INFO  impl.RaftServerProxy (ConfUtils.java:logGet(43)) - raft.rpc.type = GRPC (default)
2019-08-27 19:08:57,003 [main] INFO  grpc.GrpcFactory (GrpcFactory.java:checkPooledByteBufAllocatorUseCacheForAllThreads(45)) - PERFORMANCE WARNING: useCacheForAllThreads is true that may cause Netty to create a lot garbage objects and, as a result, trigger GC.
	It is recommended to disable useCacheForAllThreads by setting -Dorg.apache.ratis.thirdparty.io.netty.allocator.useCacheForAllThreads=false in command line.
2019-08-27 19:08:57,003 [main] INFO  grpc.GrpcConfigKeys$Server (ConfUtils.java:logGet(43)) - raft.grpc.server.port = 0 (default)
2019-08-27 19:08:57,003 [main] INFO  server.GrpcService (ConfUtils.java:logGet(43)) - raft.grpc.message.size.max = 33570816 (custom)
2019-08-27 19:08:57,003 [main] INFO  server.RaftServerConfigKeys (ConfUtils.java:logGet(43)) - raft.server.log.appender.buffer.byte-limit = 33554432 (custom)
2019-08-27 19:08:57,004 [main] INFO  server.GrpcService (ConfUtils.java:logGet(43)) - raft.grpc.flow.control.window = 1MB (=1048576) (default)
2019-08-27 19:08:57,004 [main] INFO  server.RaftServerConfigKeys (ConfUtils.java:logGet(43)) - raft.server.rpc.request.timeout = 3000ms (default)
2019-08-27 19:08:57,005 [main] INFO  server.RaftServerConfigKeys (ConfUtils.java:logGet(43)) - raft.server.storage.dir = [/workdir/hadoop-ozone/integration-test/target/test-dir/MiniOzoneClusterImpl-a3aac34f-b46b-43f5-94a8-28eba8461e96/datanode-4/data/ratis] (custom)
2019-08-27 19:08:57,005 [main] INFO  replication.SimpleContainerDownloader (SimpleContainerDownloader.java:<init>(72)) - Starting container downloader service to copy containers to replicate.
2019-08-27 19:08:57,006 [main] INFO  hdfs.DFSUtil (DFSUtil.java:httpServerTemplateForNNAndJN(1641)) - Starting Web-server for hddsDatanode at: http://0.0.0.0:0
2019-08-27 19:08:57,008 [main] INFO  server.AuthenticationFilter (AuthenticationFilter.java:constructSecretProvider(240)) - Unable to initialize FileSignerSecretProvider, falling back to use random secrets.
2019-08-27 19:08:57,008 [main] WARN  http.HttpRequestLog (HttpRequestLog.java:getRequestLog(97)) - Jetty request log can only be enabled using Log4j
2019-08-27 19:08:57,010 [main] INFO  http.HttpServer2 (HttpServer2.java:addGlobalFilter(975)) - Added global filter 'safety' (class=org.apache.hadoop.http.HttpServer2$QuotingInputFilter)
2019-08-27 19:08:57,010 [main] INFO  http.HttpServer2 (HttpServer2.java:addFilter(948)) - Added filter static_user_filter (class=org.apache.hadoop.http.lib.StaticUserWebFilter$StaticUserFilter) to context hddsDatanode
2019-08-27 19:08:57,010 [main] INFO  http.HttpServer2 (HttpServer2.java:addFilter(958)) - Added filter static_user_filter (class=org.apache.hadoop.http.lib.StaticUserWebFilter$StaticUserFilter) to context logs
2019-08-27 19:08:57,011 [main] INFO  http.HttpServer2 (HttpServer2.java:addFilter(958)) - Added filter static_user_filter (class=org.apache.hadoop.http.lib.StaticUserWebFilter$StaticUserFilter) to context static
2019-08-27 19:08:57,011 [main] INFO  http.HttpServer2 (HttpServer2.java:bindListener(1191)) - Jetty bound to port 38609
2019-08-27 19:08:57,011 [main] INFO  server.Server (Server.java:doStart(351)) - jetty-9.3.24.v20180605, build timestamp: 2018-06-05T17:11:56Z, git hash: 84205aa28f11a4f31f2a3b86d1bba2cc8ab69827
2019-08-27 19:08:57,013 [main] INFO  handler.ContextHandler (ContextHandler.java:doStart(781)) - Started o.e.j.s.ServletContextHandler@37ca3ca8{/logs,file:///workdir/hadoop-ozone/integration-test/target/log,AVAILABLE}
2019-08-27 19:08:57,014 [main] INFO  handler.ContextHandler (ContextHandler.java:doStart(781)) - Started o.e.j.s.ServletContextHandler@6321a5aa{/static,jar:file:/home/user/.m2/repository/org/apache/hadoop/hadoop-hdds-container-service/0.5.0-SNAPSHOT/hadoop-hdds-container-service-0.5.0-SNAPSHOT.jar!/webapps/static,AVAILABLE}
2019-08-27 19:08:57,041 [main] INFO  handler.ContextHandler (ContextHandler.java:doStart(781)) - Started o.e.j.w.WebAppContext@51f68849{/,file:///tmp/jetty-0.0.0.0-38609-hddsDatanode-_-any-4714967611787762993.dir/webapp/,AVAILABLE}{/hddsDatanode}
2019-08-27 19:08:57,042 [main] INFO  server.AbstractConnector (AbstractConnector.java:doStart(278)) - Started ServerConnector@4eb9ae4d{HTTP/1.1,[http/1.1]}{0.0.0.0:38609}
2019-08-27 19:08:57,043 [main] INFO  server.Server (Server.java:doStart(419)) - Started @7626ms
2019-08-27 19:08:57,044 [main] INFO  server.BaseHttpServer (BaseHttpServer.java:updateConnectorAddress(213)) - HTTP server of HDDSDATANODE is listening at http://0.0.0.0:38609
2019-08-27 19:08:57,176 | INFO  | ObjectStoreRestHttpServer | Listening HDDS REST traffic on /0.0.0.0:37389 |  
2019-08-27 19:08:57,176 [main] INFO  ozone.HddsDatanodeService (HddsDatanodeService.java:startPlugins(395)) - Started plug-in org.apache.hadoop.ozone.web.OzoneHddsDatanodeService@28daf506
2019-08-27 19:08:57,177 [main] INFO  impl.MetricsSystemImpl (MetricsSystemImpl.java:init(158)) - HddsDatanode metrics system started (again)
2019-08-27 19:08:57,180 [main] INFO  ozone.HddsDatanodeService (HddsDatanodeService.java:start(184)) - HddsDatanodeService host:pr-hdds-2045-zqqll-3317366474 ip:192.168.34.52
2019-08-27 19:08:57,181 [org.apache.hadoop.util.JvmPauseMonitor$Monitor@4325b1b0] INFO  util.JvmPauseMonitor (JvmPauseMonitor.java:run(188)) - Starting JVM pause monitor
2019-08-27 19:08:57,184 [Datanode State Machine Thread - 0] INFO  datanode.InitDatanodeState (InitDatanodeState.java:persistContainerDatanodeDetails(140)) - DatanodeDetails is persisted to /workdir/hadoop-ozone/integration-test/target/test-dir/MiniOzoneClusterImpl-a3aac34f-b46b-43f5-94a8-28eba8461e96/datanode-4/meta/datanode.id
2019-08-27 19:08:57,188 [main] INFO  volume.HddsVolume (HddsVolume.java:<init>(176)) - Creating Volume: /workdir/hadoop-ozone/integration-test/target/test-dir/MiniOzoneClusterImpl-a3aac34f-b46b-43f5-94a8-28eba8461e96/datanode-5/data/containers/hdds of  storage type : DISK and capacity : 1482555576320
2019-08-27 19:08:57,188 [main] INFO  volume.VolumeSet (VolumeSet.java:initializeVolumeSet(170)) - Added Volume : /workdir/hadoop-ozone/integration-test/target/test-dir/MiniOzoneClusterImpl-a3aac34f-b46b-43f5-94a8-28eba8461e96/datanode-5/data/containers/hdds to VolumeSet
2019-08-27 19:08:57,189 [main] INFO  volume.ThrottledAsyncChecker (ThrottledAsyncChecker.java:schedule(140)) - Scheduling a check for org.apache.hadoop.ozone.container.common.volume.HddsVolume@4e48462d
2019-08-27 19:08:57,189 [main] INFO  volume.HddsVolumeChecker (HddsVolumeChecker.java:checkAllVolumes(203)) - Scheduled health check for volume org.apache.hadoop.ozone.container.common.volume.HddsVolume@4e48462d
2019-08-27 19:08:57,204 [main] INFO  impl.RaftServerProxy (ConfUtils.java:logGet(43)) - raft.rpc.type = GRPC (default)
2019-08-27 19:08:57,204 [main] INFO  grpc.GrpcFactory (GrpcFactory.java:checkPooledByteBufAllocatorUseCacheForAllThreads(45)) - PERFORMANCE WARNING: useCacheForAllThreads is true that may cause Netty to create a lot garbage objects and, as a result, trigger GC.
	It is recommended to disable useCacheForAllThreads by setting -Dorg.apache.ratis.thirdparty.io.netty.allocator.useCacheForAllThreads=false in command line.
2019-08-27 19:08:57,204 [main] INFO  grpc.GrpcConfigKeys$Server (ConfUtils.java:logGet(43)) - raft.grpc.server.port = 0 (default)
2019-08-27 19:08:57,205 [main] INFO  server.GrpcService (ConfUtils.java:logGet(43)) - raft.grpc.message.size.max = 33570816 (custom)
2019-08-27 19:08:57,205 [main] INFO  server.RaftServerConfigKeys (ConfUtils.java:logGet(43)) - raft.server.log.appender.buffer.byte-limit = 33554432 (custom)
2019-08-27 19:08:57,205 [main] INFO  server.GrpcService (ConfUtils.java:logGet(43)) - raft.grpc.flow.control.window = 1MB (=1048576) (default)
2019-08-27 19:08:57,205 [main] INFO  server.RaftServerConfigKeys (ConfUtils.java:logGet(43)) - raft.server.rpc.request.timeout = 3000ms (default)
2019-08-27 19:08:57,206 [main] INFO  server.RaftServerConfigKeys (ConfUtils.java:logGet(43)) - raft.server.storage.dir = [/workdir/hadoop-ozone/integration-test/target/test-dir/MiniOzoneClusterImpl-a3aac34f-b46b-43f5-94a8-28eba8461e96/datanode-5/data/ratis] (custom)
2019-08-27 19:08:57,206 [main] INFO  replication.SimpleContainerDownloader (SimpleContainerDownloader.java:<init>(72)) - Starting container downloader service to copy containers to replicate.
2019-08-27 19:08:57,208 [main] INFO  hdfs.DFSUtil (DFSUtil.java:httpServerTemplateForNNAndJN(1641)) - Starting Web-server for hddsDatanode at: http://0.0.0.0:0
2019-08-27 19:08:57,209 [main] INFO  server.AuthenticationFilter (AuthenticationFilter.java:constructSecretProvider(240)) - Unable to initialize FileSignerSecretProvider, falling back to use random secrets.
2019-08-27 19:08:57,209 [main] WARN  http.HttpRequestLog (HttpRequestLog.java:getRequestLog(97)) - Jetty request log can only be enabled using Log4j
2019-08-27 19:08:57,211 [main] INFO  http.HttpServer2 (HttpServer2.java:addGlobalFilter(975)) - Added global filter 'safety' (class=org.apache.hadoop.http.HttpServer2$QuotingInputFilter)
2019-08-27 19:08:57,211 [main] INFO  http.HttpServer2 (HttpServer2.java:addFilter(948)) - Added filter static_user_filter (class=org.apache.hadoop.http.lib.StaticUserWebFilter$StaticUserFilter) to context hddsDatanode
2019-08-27 19:08:57,212 [main] INFO  http.HttpServer2 (HttpServer2.java:addFilter(958)) - Added filter static_user_filter (class=org.apache.hadoop.http.lib.StaticUserWebFilter$StaticUserFilter) to context logs
2019-08-27 19:08:57,212 [main] INFO  http.HttpServer2 (HttpServer2.java:addFilter(958)) - Added filter static_user_filter (class=org.apache.hadoop.http.lib.StaticUserWebFilter$StaticUserFilter) to context static
2019-08-27 19:08:57,212 [main] INFO  http.HttpServer2 (HttpServer2.java:bindListener(1191)) - Jetty bound to port 44228
2019-08-27 19:08:57,213 [main] INFO  server.Server (Server.java:doStart(351)) - jetty-9.3.24.v20180605, build timestamp: 2018-06-05T17:11:56Z, git hash: 84205aa28f11a4f31f2a3b86d1bba2cc8ab69827
2019-08-27 19:08:57,267 [main] INFO  handler.ContextHandler (ContextHandler.java:doStart(781)) - Started o.e.j.s.ServletContextHandler@410fc508{/logs,file:///workdir/hadoop-ozone/integration-test/target/log,AVAILABLE}
2019-08-27 19:08:57,268 [main] INFO  handler.ContextHandler (ContextHandler.java:doStart(781)) - Started o.e.j.s.ServletContextHandler@4f5c30b1{/static,jar:file:/home/user/.m2/repository/org/apache/hadoop/hadoop-hdds-container-service/0.5.0-SNAPSHOT/hadoop-hdds-container-service-0.5.0-SNAPSHOT.jar!/webapps/static,AVAILABLE}
2019-08-27 19:08:57,321 [main] INFO  handler.ContextHandler (ContextHandler.java:doStart(781)) - Started o.e.j.w.WebAppContext@274fdea6{/,file:///tmp/jetty-0.0.0.0-44228-hddsDatanode-_-any-2777608710526549114.dir/webapp/,AVAILABLE}{/hddsDatanode}
2019-08-27 19:08:57,323 [main] INFO  server.AbstractConnector (AbstractConnector.java:doStart(278)) - Started ServerConnector@74c121d4{HTTP/1.1,[http/1.1]}{0.0.0.0:44228}
2019-08-27 19:08:57,323 [main] INFO  server.Server (Server.java:doStart(419)) - Started @7907ms
2019-08-27 19:08:57,324 [main] INFO  server.BaseHttpServer (BaseHttpServer.java:updateConnectorAddress(213)) - HTTP server of HDDSDATANODE is listening at http://0.0.0.0:44228
2019-08-27 19:08:57,463 | INFO  | ObjectStoreRestHttpServer | Listening HDDS REST traffic on /0.0.0.0:43741 |  
2019-08-27 19:08:57,464 [main] INFO  ozone.HddsDatanodeService (HddsDatanodeService.java:startPlugins(395)) - Started plug-in org.apache.hadoop.ozone.web.OzoneHddsDatanodeService@5cd8d029
2019-08-27 19:08:57,464 [main] INFO  impl.MetricsSystemImpl (MetricsSystemImpl.java:init(158)) - HddsDatanode metrics system started (again)
2019-08-27 19:08:57,468 [main] INFO  ozone.HddsDatanodeService (HddsDatanodeService.java:start(184)) - HddsDatanodeService host:pr-hdds-2045-zqqll-3317366474 ip:192.168.34.52
2019-08-27 19:08:57,468 [org.apache.hadoop.util.JvmPauseMonitor$Monitor@1d1bfd00] INFO  util.JvmPauseMonitor (JvmPauseMonitor.java:run(188)) - Starting JVM pause monitor
2019-08-27 19:08:57,471 [Datanode State Machine Thread - 0] INFO  datanode.InitDatanodeState (InitDatanodeState.java:persistContainerDatanodeDetails(140)) - DatanodeDetails is persisted to /workdir/hadoop-ozone/integration-test/target/test-dir/MiniOzoneClusterImpl-a3aac34f-b46b-43f5-94a8-28eba8461e96/datanode-5/meta/datanode.id
2019-08-27 19:08:57,476 [main] INFO  volume.HddsVolume (HddsVolume.java:<init>(176)) - Creating Volume: /workdir/hadoop-ozone/integration-test/target/test-dir/MiniOzoneClusterImpl-a3aac34f-b46b-43f5-94a8-28eba8461e96/datanode-6/data/containers/hdds of  storage type : DISK and capacity : 1482555576320
2019-08-27 19:08:57,477 [main] INFO  volume.VolumeSet (VolumeSet.java:initializeVolumeSet(170)) - Added Volume : /workdir/hadoop-ozone/integration-test/target/test-dir/MiniOzoneClusterImpl-a3aac34f-b46b-43f5-94a8-28eba8461e96/datanode-6/data/containers/hdds to VolumeSet
2019-08-27 19:08:57,477 [main] INFO  volume.ThrottledAsyncChecker (ThrottledAsyncChecker.java:schedule(140)) - Scheduling a check for org.apache.hadoop.ozone.container.common.volume.HddsVolume@7f5ce33e
2019-08-27 19:08:57,477 [main] INFO  volume.HddsVolumeChecker (HddsVolumeChecker.java:checkAllVolumes(203)) - Scheduled health check for volume org.apache.hadoop.ozone.container.common.volume.HddsVolume@7f5ce33e
2019-08-27 19:08:57,494 [main] INFO  impl.RaftServerProxy (ConfUtils.java:logGet(43)) - raft.rpc.type = GRPC (default)
2019-08-27 19:08:57,494 [main] INFO  grpc.GrpcFactory (GrpcFactory.java:checkPooledByteBufAllocatorUseCacheForAllThreads(45)) - PERFORMANCE WARNING: useCacheForAllThreads is true that may cause Netty to create a lot garbage objects and, as a result, trigger GC.
	It is recommended to disable useCacheForAllThreads by setting -Dorg.apache.ratis.thirdparty.io.netty.allocator.useCacheForAllThreads=false in command line.
2019-08-27 19:08:57,494 [main] INFO  grpc.GrpcConfigKeys$Server (ConfUtils.java:logGet(43)) - raft.grpc.server.port = 0 (default)
2019-08-27 19:08:57,494 [main] INFO  server.GrpcService (ConfUtils.java:logGet(43)) - raft.grpc.message.size.max = 33570816 (custom)
2019-08-27 19:08:57,495 [main] INFO  server.RaftServerConfigKeys (ConfUtils.java:logGet(43)) - raft.server.log.appender.buffer.byte-limit = 33554432 (custom)
2019-08-27 19:08:57,495 [main] INFO  server.GrpcService (ConfUtils.java:logGet(43)) - raft.grpc.flow.control.window = 1MB (=1048576) (default)
2019-08-27 19:08:57,495 [main] INFO  server.RaftServerConfigKeys (ConfUtils.java:logGet(43)) - raft.server.rpc.request.timeout = 3000ms (default)
2019-08-27 19:08:57,495 [main] INFO  server.RaftServerConfigKeys (ConfUtils.java:logGet(43)) - raft.server.storage.dir = [/workdir/hadoop-ozone/integration-test/target/test-dir/MiniOzoneClusterImpl-a3aac34f-b46b-43f5-94a8-28eba8461e96/datanode-6/data/ratis] (custom)
2019-08-27 19:08:57,496 [main] INFO  replication.SimpleContainerDownloader (SimpleContainerDownloader.java:<init>(72)) - Starting container downloader service to copy containers to replicate.
2019-08-27 19:08:57,497 [main] INFO  hdfs.DFSUtil (DFSUtil.java:httpServerTemplateForNNAndJN(1641)) - Starting Web-server for hddsDatanode at: http://0.0.0.0:0
2019-08-27 19:08:57,498 [main] INFO  server.AuthenticationFilter (AuthenticationFilter.java:constructSecretProvider(240)) - Unable to initialize FileSignerSecretProvider, falling back to use random secrets.
2019-08-27 19:08:57,499 [main] WARN  http.HttpRequestLog (HttpRequestLog.java:getRequestLog(97)) - Jetty request log can only be enabled using Log4j
2019-08-27 19:08:57,500 [main] INFO  http.HttpServer2 (HttpServer2.java:addGlobalFilter(975)) - Added global filter 'safety' (class=org.apache.hadoop.http.HttpServer2$QuotingInputFilter)
2019-08-27 19:08:57,501 [main] INFO  http.HttpServer2 (HttpServer2.java:addFilter(948)) - Added filter static_user_filter (class=org.apache.hadoop.http.lib.StaticUserWebFilter$StaticUserFilter) to context hddsDatanode
2019-08-27 19:08:57,501 [main] INFO  http.HttpServer2 (HttpServer2.java:addFilter(958)) - Added filter static_user_filter (class=org.apache.hadoop.http.lib.StaticUserWebFilter$StaticUserFilter) to context static
2019-08-27 19:08:57,501 [main] INFO  http.HttpServer2 (HttpServer2.java:addFilter(958)) - Added filter static_user_filter (class=org.apache.hadoop.http.lib.StaticUserWebFilter$StaticUserFilter) to context logs
2019-08-27 19:08:57,502 [main] INFO  http.HttpServer2 (HttpServer2.java:bindListener(1191)) - Jetty bound to port 37186
2019-08-27 19:08:57,502 [main] INFO  server.Server (Server.java:doStart(351)) - jetty-9.3.24.v20180605, build timestamp: 2018-06-05T17:11:56Z, git hash: 84205aa28f11a4f31f2a3b86d1bba2cc8ab69827
2019-08-27 19:08:57,504 [main] INFO  handler.ContextHandler (ContextHandler.java:doStart(781)) - Started o.e.j.s.ServletContextHandler@58164e9a{/logs,file:///workdir/hadoop-ozone/integration-test/target/log,AVAILABLE}
2019-08-27 19:08:57,504 [main] INFO  handler.ContextHandler (ContextHandler.java:doStart(781)) - Started o.e.j.s.ServletContextHandler@6a7a1a0d{/static,jar:file:/home/user/.m2/repository/org/apache/hadoop/hadoop-hdds-container-service/0.5.0-SNAPSHOT/hadoop-hdds-container-service-0.5.0-SNAPSHOT.jar!/webapps/static,AVAILABLE}
2019-08-27 19:08:57,531 [main] INFO  handler.ContextHandler (ContextHandler.java:doStart(781)) - Started o.e.j.w.WebAppContext@4ce267cc{/,file:///tmp/jetty-0.0.0.0-37186-hddsDatanode-_-any-3770164675456182232.dir/webapp/,AVAILABLE}{/hddsDatanode}
2019-08-27 19:08:57,532 [main] INFO  server.AbstractConnector (AbstractConnector.java:doStart(278)) - Started ServerConnector@2eebce87{HTTP/1.1,[http/1.1]}{0.0.0.0:37186}
2019-08-27 19:08:57,533 [main] INFO  server.Server (Server.java:doStart(419)) - Started @8116ms
2019-08-27 19:08:57,534 [main] INFO  server.BaseHttpServer (BaseHttpServer.java:updateConnectorAddress(213)) - HTTP server of HDDSDATANODE is listening at http://0.0.0.0:37186
2019-08-27 19:08:57,650 | INFO  | ObjectStoreRestHttpServer | Listening HDDS REST traffic on /0.0.0.0:33659 |  
2019-08-27 19:08:57,650 [main] INFO  ozone.HddsDatanodeService (HddsDatanodeService.java:startPlugins(395)) - Started plug-in org.apache.hadoop.ozone.web.OzoneHddsDatanodeService@ce561cc
2019-08-27 19:08:57,653 [main] INFO  ozone.MiniOzoneClusterImpl (MiniOzoneClusterImpl.java:lambda$waitForClusterToBeReady$0(142)) - Waiting for cluster to be ready. Got 0 of 7 DN Heartbeats.
2019-08-27 19:08:57,654 [org.apache.hadoop.util.JvmPauseMonitor$Monitor@715e13b9] INFO  util.JvmPauseMonitor (JvmPauseMonitor.java:run(188)) - Starting JVM pause monitor
2019-08-27 19:08:57,657 [Datanode State Machine Thread - 0] INFO  datanode.InitDatanodeState (InitDatanodeState.java:persistContainerDatanodeDetails(140)) - DatanodeDetails is persisted to /workdir/hadoop-ozone/integration-test/target/test-dir/MiniOzoneClusterImpl-a3aac34f-b46b-43f5-94a8-28eba8461e96/datanode-6/meta/datanode.id
2019-08-27 19:08:58,256 | INFO  | SCMAudit | user=jenkins1000 | ip=192.168.34.52 | op=GET_VERSION null | ret=SUCCESS |  
2019-08-27 19:08:58,303 [Datanode State Machine Thread - 0] INFO  ozoneimpl.OzoneContainer (OzoneContainer.java:start(186)) - Attempting to start container services.
2019-08-27 19:08:58,305 [Datanode State Machine Thread - 0] INFO  ozoneimpl.OzoneContainer (OzoneContainer.java:startContainerScrub(160)) - Background container scrubber has been disabled by hdds.containerscrub.enabled
2019-08-27 19:08:58,306 [Datanode State Machine Thread - 0] INFO  ratis.XceiverServerRatis (XceiverServerRatis.java:start(404)) - Starting XceiverServerRatis 4652c2a2-f5fc-4e57-bdef-57b8a38a37ac at port 0
2019-08-27 19:08:58,331 [Datanode State Machine Thread - 0] INFO  impl.RaftServerProxy (RaftServerProxy.java:lambda$start$3(299)) - 4652c2a2-f5fc-4e57-bdef-57b8a38a37ac: start RPC server
2019-08-27 19:08:58,465 [Datanode State Machine Thread - 0] INFO  server.GrpcService (GrpcService.java:startImpl(149)) - 4652c2a2-f5fc-4e57-bdef-57b8a38a37ac: GrpcService started, listening on 0.0.0.0/0.0.0.0:33572
2019-08-27 19:08:58,467 [Datanode State Machine Thread - 0] INFO  ratis.XceiverServerRatis (XceiverServerRatis.java:start(414)) - XceiverServerRatis 4652c2a2-f5fc-4e57-bdef-57b8a38a37ac is started using port 33572
2019-08-27 19:08:58,469 [Datanode State Machine Thread - 0] INFO  server.XceiverServerGrpc (XceiverServerGrpc.java:start(161)) - XceiverServerGrpc 4652c2a2-f5fc-4e57-bdef-57b8a38a37ac is started using port 41986
2019-08-27 19:08:58,496 | INFO  | SCMAudit | user=jenkins1000 | ip=192.168.34.52 | op=GET_VERSION null | ret=SUCCESS |  
2019-08-27 19:08:58,510 [Datanode State Machine Thread - 0] INFO  ozoneimpl.OzoneContainer (OzoneContainer.java:start(186)) - Attempting to start container services.
2019-08-27 19:08:58,512 [Datanode State Machine Thread - 0] INFO  ozoneimpl.OzoneContainer (OzoneContainer.java:startContainerScrub(160)) - Background container scrubber has been disabled by hdds.containerscrub.enabled
2019-08-27 19:08:58,513 [Datanode State Machine Thread - 0] INFO  ratis.XceiverServerRatis (XceiverServerRatis.java:start(404)) - Starting XceiverServerRatis b9013286-53b5-41d8-8a21-1ab40203d76e at port 0
2019-08-27 19:08:58,522 [Datanode State Machine Thread - 0] INFO  impl.RaftServerProxy (RaftServerProxy.java:lambda$start$3(299)) - b9013286-53b5-41d8-8a21-1ab40203d76e: start RPC server
2019-08-27 19:08:58,525 [Datanode State Machine Thread - 0] INFO  server.GrpcService (GrpcService.java:startImpl(149)) - b9013286-53b5-41d8-8a21-1ab40203d76e: GrpcService started, listening on 0.0.0.0/0.0.0.0:36296
2019-08-27 19:08:58,525 [Datanode State Machine Thread - 0] INFO  ratis.XceiverServerRatis (XceiverServerRatis.java:start(414)) - XceiverServerRatis b9013286-53b5-41d8-8a21-1ab40203d76e is started using port 36296
2019-08-27 19:08:58,528 [Datanode State Machine Thread - 0] INFO  server.XceiverServerGrpc (XceiverServerGrpc.java:start(161)) - XceiverServerGrpc b9013286-53b5-41d8-8a21-1ab40203d76e is started using port 45766
2019-08-27 19:08:58,653 [main] INFO  ozone.MiniOzoneClusterImpl (MiniOzoneClusterImpl.java:lambda$waitForClusterToBeReady$0(142)) - Waiting for cluster to be ready. Got 0 of 7 DN Heartbeats.
2019-08-27 19:08:58,756 | INFO  | SCMAudit | user=jenkins1000 | ip=192.168.34.52 | op=GET_VERSION null | ret=SUCCESS |  
2019-08-27 19:08:58,771 [Datanode State Machine Thread - 0] INFO  ozoneimpl.OzoneContainer (OzoneContainer.java:start(186)) - Attempting to start container services.
2019-08-27 19:08:58,777 [Datanode State Machine Thread - 0] INFO  ozoneimpl.OzoneContainer (OzoneContainer.java:startContainerScrub(160)) - Background container scrubber has been disabled by hdds.containerscrub.enabled
2019-08-27 19:08:58,777 [Datanode State Machine Thread - 0] INFO  ratis.XceiverServerRatis (XceiverServerRatis.java:start(404)) - Starting XceiverServerRatis d0865055-687d-480b-928d-c7ffb20d2627 at port 0
2019-08-27 19:08:58,788 [Datanode State Machine Thread - 0] INFO  impl.RaftServerProxy (RaftServerProxy.java:lambda$start$3(299)) - d0865055-687d-480b-928d-c7ffb20d2627: start RPC server
2019-08-27 19:08:58,791 [Datanode State Machine Thread - 0] INFO  server.GrpcService (GrpcService.java:startImpl(149)) - d0865055-687d-480b-928d-c7ffb20d2627: GrpcService started, listening on 0.0.0.0/0.0.0.0:35778
2019-08-27 19:08:58,792 [Datanode State Machine Thread - 0] INFO  ratis.XceiverServerRatis (XceiverServerRatis.java:start(414)) - XceiverServerRatis d0865055-687d-480b-928d-c7ffb20d2627 is started using port 35778
2019-08-27 19:08:58,795 [Datanode State Machine Thread - 0] INFO  server.XceiverServerGrpc (XceiverServerGrpc.java:start(161)) - XceiverServerGrpc d0865055-687d-480b-928d-c7ffb20d2627 is started using port 41141
2019-08-27 19:08:58,980 | INFO  | SCMAudit | user=jenkins1000 | ip=192.168.34.52 | op=GET_VERSION null | ret=SUCCESS |  
2019-08-27 19:08:58,994 [Datanode State Machine Thread - 0] INFO  ozoneimpl.OzoneContainer (OzoneContainer.java:start(186)) - Attempting to start container services.
2019-08-27 19:08:58,994 [Datanode State Machine Thread - 0] INFO  ozoneimpl.OzoneContainer (OzoneContainer.java:startContainerScrub(160)) - Background container scrubber has been disabled by hdds.containerscrub.enabled
2019-08-27 19:08:58,995 [Datanode State Machine Thread - 0] INFO  ratis.XceiverServerRatis (XceiverServerRatis.java:start(404)) - Starting XceiverServerRatis cd393f82-50d2-4f3f-a7d0-1a4d5e03aa9d at port 0
2019-08-27 19:08:59,005 [Datanode State Machine Thread - 0] INFO  impl.RaftServerProxy (RaftServerProxy.java:lambda$start$3(299)) - cd393f82-50d2-4f3f-a7d0-1a4d5e03aa9d: start RPC server
2019-08-27 19:08:59,009 [Datanode State Machine Thread - 0] INFO  server.GrpcService (GrpcService.java:startImpl(149)) - cd393f82-50d2-4f3f-a7d0-1a4d5e03aa9d: GrpcService started, listening on 0.0.0.0/0.0.0.0:34692
2019-08-27 19:08:59,009 [Datanode State Machine Thread - 0] INFO  ratis.XceiverServerRatis (XceiverServerRatis.java:start(414)) - XceiverServerRatis cd393f82-50d2-4f3f-a7d0-1a4d5e03aa9d is started using port 34692
2019-08-27 19:08:59,011 [Datanode State Machine Thread - 0] INFO  server.XceiverServerGrpc (XceiverServerGrpc.java:start(161)) - XceiverServerGrpc cd393f82-50d2-4f3f-a7d0-1a4d5e03aa9d is started using port 45234
2019-08-27 19:08:59,184 | INFO  | SCMAudit | user=jenkins1000 | ip=192.168.34.52 | op=GET_VERSION null | ret=SUCCESS |  
2019-08-27 19:08:59,199 [Datanode State Machine Thread - 0] INFO  ozoneimpl.OzoneContainer (OzoneContainer.java:start(186)) - Attempting to start container services.
2019-08-27 19:08:59,199 [Datanode State Machine Thread - 0] INFO  ozoneimpl.OzoneContainer (OzoneContainer.java:startContainerScrub(160)) - Background container scrubber has been disabled by hdds.containerscrub.enabled
2019-08-27 19:08:59,199 [Datanode State Machine Thread - 0] INFO  ratis.XceiverServerRatis (XceiverServerRatis.java:start(404)) - Starting XceiverServerRatis 9ffcda27-0104-4d9f-ad29-5d6501b164ff at port 0
2019-08-27 19:08:59,209 [Datanode State Machine Thread - 0] INFO  impl.RaftServerProxy (RaftServerProxy.java:lambda$start$3(299)) - 9ffcda27-0104-4d9f-ad29-5d6501b164ff: start RPC server
2019-08-27 19:08:59,213 [Datanode State Machine Thread - 0] INFO  server.GrpcService (GrpcService.java:startImpl(149)) - 9ffcda27-0104-4d9f-ad29-5d6501b164ff: GrpcService started, listening on 0.0.0.0/0.0.0.0:34400
2019-08-27 19:08:59,213 [Datanode State Machine Thread - 0] INFO  ratis.XceiverServerRatis (XceiverServerRatis.java:start(414)) - XceiverServerRatis 9ffcda27-0104-4d9f-ad29-5d6501b164ff is started using port 34400
2019-08-27 19:08:59,216 [Datanode State Machine Thread - 0] INFO  server.XceiverServerGrpc (XceiverServerGrpc.java:start(161)) - XceiverServerGrpc 9ffcda27-0104-4d9f-ad29-5d6501b164ff is started using port 41892
2019-08-27 19:08:59,473 | INFO  | SCMAudit | user=jenkins1000 | ip=192.168.34.52 | op=GET_VERSION null | ret=SUCCESS |  
2019-08-27 19:08:59,487 [Datanode State Machine Thread - 0] INFO  ozoneimpl.OzoneContainer (OzoneContainer.java:start(186)) - Attempting to start container services.
2019-08-27 19:08:59,487 [Datanode State Machine Thread - 0] INFO  ozoneimpl.OzoneContainer (OzoneContainer.java:startContainerScrub(160)) - Background container scrubber has been disabled by hdds.containerscrub.enabled
2019-08-27 19:08:59,488 [Datanode State Machine Thread - 0] INFO  ratis.XceiverServerRatis (XceiverServerRatis.java:start(404)) - Starting XceiverServerRatis af3e1e92-ae98-49b3-9ee0-671049e9c04d at port 0
2019-08-27 19:08:59,496 [Datanode State Machine Thread - 0] INFO  impl.RaftServerProxy (RaftServerProxy.java:lambda$start$3(299)) - af3e1e92-ae98-49b3-9ee0-671049e9c04d: start RPC server
2019-08-27 19:08:59,501 [Datanode State Machine Thread - 0] INFO  server.GrpcService (GrpcService.java:startImpl(149)) - af3e1e92-ae98-49b3-9ee0-671049e9c04d: GrpcService started, listening on 0.0.0.0/0.0.0.0:34887
2019-08-27 19:08:59,502 [Datanode State Machine Thread - 0] INFO  ratis.XceiverServerRatis (XceiverServerRatis.java:start(414)) - XceiverServerRatis af3e1e92-ae98-49b3-9ee0-671049e9c04d is started using port 34887
2019-08-27 19:08:59,505 [Datanode State Machine Thread - 0] INFO  server.XceiverServerGrpc (XceiverServerGrpc.java:start(161)) - XceiverServerGrpc af3e1e92-ae98-49b3-9ee0-671049e9c04d is started using port 35110
2019-08-27 19:08:59,654 [main] INFO  ozone.MiniOzoneClusterImpl (MiniOzoneClusterImpl.java:lambda$waitForClusterToBeReady$0(142)) - Waiting for cluster to be ready. Got 0 of 7 DN Heartbeats.
2019-08-27 19:08:59,657 | INFO  | SCMAudit | user=jenkins1000 | ip=192.168.34.52 | op=GET_VERSION null | ret=SUCCESS |  
2019-08-27 19:08:59,671 [Datanode State Machine Thread - 0] INFO  ozoneimpl.OzoneContainer (OzoneContainer.java:start(186)) - Attempting to start container services.
2019-08-27 19:08:59,671 [Datanode State Machine Thread - 0] INFO  ozoneimpl.OzoneContainer (OzoneContainer.java:startContainerScrub(160)) - Background container scrubber has been disabled by hdds.containerscrub.enabled
2019-08-27 19:08:59,671 [Datanode State Machine Thread - 0] INFO  ratis.XceiverServerRatis (XceiverServerRatis.java:start(404)) - Starting XceiverServerRatis ba29cdba-9247-4871-9d52-a9c6f2c8acb8 at port 0
2019-08-27 19:08:59,679 [Datanode State Machine Thread - 0] INFO  impl.RaftServerProxy (RaftServerProxy.java:lambda$start$3(299)) - ba29cdba-9247-4871-9d52-a9c6f2c8acb8: start RPC server
2019-08-27 19:08:59,684 [Datanode State Machine Thread - 0] INFO  server.GrpcService (GrpcService.java:startImpl(149)) - ba29cdba-9247-4871-9d52-a9c6f2c8acb8: GrpcService started, listening on 0.0.0.0/0.0.0.0:32914
2019-08-27 19:08:59,684 [Datanode State Machine Thread - 0] INFO  ratis.XceiverServerRatis (XceiverServerRatis.java:start(414)) - XceiverServerRatis ba29cdba-9247-4871-9d52-a9c6f2c8acb8 is started using port 32914
2019-08-27 19:08:59,688 [Datanode State Machine Thread - 0] INFO  server.XceiverServerGrpc (XceiverServerGrpc.java:start(161)) - XceiverServerGrpc ba29cdba-9247-4871-9d52-a9c6f2c8acb8 is started using port 38482
2019-08-27 19:09:00,269 [IPC Server handler 7 on 45640] INFO  net.NetworkTopology (NetworkTopologyImpl.java:add(110)) - Added a new node: /default-rack/4652c2a2-f5fc-4e57-bdef-57b8a38a37ac
2019-08-27 19:09:00,270 [IPC Server handler 7 on 45640] INFO  node.SCMNodeManager (SCMNodeManager.java:register(273)) - Registered Data node : 4652c2a2-f5fc-4e57-bdef-57b8a38a37ac{ip: 192.168.34.52, host: pr-hdds-2045-zqqll-3317366474, networkLocation: /default-rack, certSerialId: null}
2019-08-27 19:09:00,276 [EventQueue-NodeRegistrationContainerReportForDataNodeSafeModeRule] INFO  safemode.SCMSafeModeManager (DataNodeSafeModeRule.java:process(71)) - SCM in safe mode. 1 DataNodes registered, 1 required.
2019-08-27 19:09:00,276 [EventQueue-NodeRegistrationContainerReportForDataNodeSafeModeRule] INFO  safemode.SCMSafeModeManager (SCMSafeModeManager.java:validateSafeModeExitRules(177)) - ScmSafeModeManager, all rules are successfully validated
2019-08-27 19:09:00,276 [EventQueue-NodeRegistrationContainerReportForDataNodeSafeModeRule] INFO  safemode.SCMSafeModeManager (SCMSafeModeManager.java:exitSafeMode(193)) - SCM exiting safe mode.
2019-08-27 19:09:00,288 | INFO  | SCMAudit | user=jenkins1000 | ip=192.168.34.52 | op=REGISTER {datanodeDetails=4652c2a2-f5fc-4e57-bdef-57b8a38a37ac{ip: 192.168.34.52, host: pr-hdds-2045-zqqll-3317366474, networkLocation: /default-rack, certSerialId: null}} | ret=SUCCESS |  
2019-08-27 19:09:00,498 [IPC Server handler 3 on 45640] INFO  net.NetworkTopology (NetworkTopologyImpl.java:add(110)) - Added a new node: /default-rack/b9013286-53b5-41d8-8a21-1ab40203d76e
2019-08-27 19:09:00,498 [IPC Server handler 3 on 45640] INFO  node.SCMNodeManager (SCMNodeManager.java:register(273)) - Registered Data node : b9013286-53b5-41d8-8a21-1ab40203d76e{ip: 192.168.34.52, host: pr-hdds-2045-zqqll-3317366474, networkLocation: /default-rack, certSerialId: null}
2019-08-27 19:09:00,499 | INFO  | SCMAudit | user=jenkins1000 | ip=192.168.34.52 | op=REGISTER {datanodeDetails=b9013286-53b5-41d8-8a21-1ab40203d76e{ip: 192.168.34.52, host: pr-hdds-2045-zqqll-3317366474, networkLocation: /default-rack, certSerialId: null}} | ret=SUCCESS |  
2019-08-27 19:09:00,655 [main] INFO  ozone.MiniOzoneClusterImpl (MiniOzoneClusterImpl.java:lambda$waitForClusterToBeReady$0(142)) - Waiting for cluster to be ready. Got 2 of 7 DN Heartbeats.
2019-08-27 19:09:01,164 [IPC Server handler 6 on 45640] INFO  net.NetworkTopology (NetworkTopologyImpl.java:add(110)) - Added a new node: /default-rack/cd393f82-50d2-4f3f-a7d0-1a4d5e03aa9d
2019-08-27 19:09:01,165 [IPC Server handler 6 on 45640] INFO  node.SCMNodeManager (SCMNodeManager.java:register(273)) - Registered Data node : cd393f82-50d2-4f3f-a7d0-1a4d5e03aa9d{ip: 192.168.34.52, host: pr-hdds-2045-zqqll-3317366474, networkLocation: /default-rack, certSerialId: null}
2019-08-27 19:09:01,165 [IPC Server handler 7 on 45640] INFO  net.NetworkTopology (NetworkTopologyImpl.java:add(110)) - Added a new node: /default-rack/d0865055-687d-480b-928d-c7ffb20d2627
2019-08-27 19:09:01,165 [IPC Server handler 7 on 45640] INFO  node.SCMNodeManager (SCMNodeManager.java:register(273)) - Registered Data node : d0865055-687d-480b-928d-c7ffb20d2627{ip: 192.168.34.52, host: pr-hdds-2045-zqqll-3317366474, networkLocation: /default-rack, certSerialId: null}
2019-08-27 19:09:01,165 | INFO  | SCMAudit | user=jenkins1000 | ip=192.168.34.52 | op=REGISTER {datanodeDetails=cd393f82-50d2-4f3f-a7d0-1a4d5e03aa9d{ip: 192.168.34.52, host: pr-hdds-2045-zqqll-3317366474, networkLocation: /default-rack, certSerialId: null}} | ret=SUCCESS |  
2019-08-27 19:09:01,166 | INFO  | SCMAudit | user=jenkins1000 | ip=192.168.34.52 | op=REGISTER {datanodeDetails=d0865055-687d-480b-928d-c7ffb20d2627{ip: 192.168.34.52, host: pr-hdds-2045-zqqll-3317366474, networkLocation: /default-rack, certSerialId: null}} | ret=SUCCESS |  
2019-08-27 19:09:01,188 [IPC Server handler 4 on 45640] INFO  net.NetworkTopology (NetworkTopologyImpl.java:add(110)) - Added a new node: /default-rack/9ffcda27-0104-4d9f-ad29-5d6501b164ff
2019-08-27 19:09:01,189 [IPC Server handler 4 on 45640] INFO  node.SCMNodeManager (SCMNodeManager.java:register(273)) - Registered Data node : 9ffcda27-0104-4d9f-ad29-5d6501b164ff{ip: 192.168.34.52, host: pr-hdds-2045-zqqll-3317366474, networkLocation: /default-rack, certSerialId: null}
2019-08-27 19:09:01,189 | INFO  | SCMAudit | user=jenkins1000 | ip=192.168.34.52 | op=REGISTER {datanodeDetails=9ffcda27-0104-4d9f-ad29-5d6501b164ff{ip: 192.168.34.52, host: pr-hdds-2045-zqqll-3317366474, networkLocation: /default-rack, certSerialId: null}} | ret=SUCCESS |  
2019-08-27 19:09:01,317 [grpc-default-executor-0] INFO  impl.RaftServerProxy (RaftServerProxy.java:addNew(89)) - 4652c2a2-f5fc-4e57-bdef-57b8a38a37ac: addNew group-2908F43DA783:[4652c2a2-f5fc-4e57-bdef-57b8a38a37ac:192.168.34.52:33572] returns group-2908F43DA783:java.util.concurrent.CompletableFuture@5d68d24f[Not completed]
2019-08-27 19:09:01,339 [pool-27-thread-1] INFO  impl.RaftServerImpl (RaftServerImpl.java:<init>(93)) - 4652c2a2-f5fc-4e57-bdef-57b8a38a37ac: new RaftServerImpl for group-2908F43DA783:[4652c2a2-f5fc-4e57-bdef-57b8a38a37ac:192.168.34.52:33572] with ContainerStateMachine:uninitialized
2019-08-27 19:09:01,341 [pool-27-thread-1] INFO  server.RaftServerConfigKeys (ConfUtils.java:logGet(43)) - raft.server.rpc.timeout.min = 5s (custom)
2019-08-27 19:09:01,342 [pool-27-thread-1] INFO  server.RaftServerConfigKeys (ConfUtils.java:logGet(43)) - raft.server.rpc.timeout.max = 5200ms (custom)
2019-08-27 19:09:01,343 [pool-27-thread-1] INFO  server.RaftServerConfigKeys (ConfUtils.java:logGet(43)) - raft.server.rpcslowness.timeout = 120s (custom)
2019-08-27 19:09:01,344 [pool-27-thread-1] INFO  server.RaftServerConfigKeys (ConfUtils.java:logGet(43)) - raft.server.sleep.deviation.threshold = 300 (default)
2019-08-27 19:09:01,345 [pool-27-thread-1] INFO  server.RaftServerConfigKeys (ConfUtils.java:logGet(43)) - raft.server.log.appender.install.snapshot.enabled = false (custom)
2019-08-27 19:09:01,354 [pool-27-thread-1] INFO  impl.RaftServerImpl (ServerState.java:<init>(105)) - 4652c2a2-f5fc-4e57-bdef-57b8a38a37ac:group-2908F43DA783 ConfigurationManager, init=-1: [4652c2a2-f5fc-4e57-bdef-57b8a38a37ac:192.168.34.52:33572], old=null, confs=<EMPTY_MAP>
2019-08-27 19:09:01,355 [pool-27-thread-1] INFO  server.RaftServerConfigKeys (ConfUtils.java:logGet(43)) - raft.server.storage.dir = [/workdir/hadoop-ozone/integration-test/target/test-dir/MiniOzoneClusterImpl-a3aac34f-b46b-43f5-94a8-28eba8461e96/datanode-0/data/ratis] (custom)
2019-08-27 19:09:01,364 [pool-27-thread-1] INFO  storage.RaftStorageDirectory (RaftStorageDirectory.java:analyzeStorage(246)) - The storage directory /workdir/hadoop-ozone/integration-test/target/test-dir/MiniOzoneClusterImpl-a3aac34f-b46b-43f5-94a8-28eba8461e96/datanode-0/data/ratis/5bd40f8a-8013-42ab-9201-2908f43da783 does not exist. Creating ...
2019-08-27 19:09:01,382 [pool-27-thread-1] INFO  storage.RaftStorageDirectory (RaftStorageDirectory.java:tryLock(328)) - Lock on /workdir/hadoop-ozone/integration-test/target/test-dir/MiniOzoneClusterImpl-a3aac34f-b46b-43f5-94a8-28eba8461e96/datanode-0/data/ratis/5bd40f8a-8013-42ab-9201-2908f43da783/in_use.lock acquired by nodename 1993@pr-hdds-2045-zqqll-3317366474
2019-08-27 19:09:01,398 [pool-27-thread-1] INFO  storage.RaftStorage (RaftStorage.java:format(72)) - Storage directory /workdir/hadoop-ozone/integration-test/target/test-dir/MiniOzoneClusterImpl-a3aac34f-b46b-43f5-94a8-28eba8461e96/datanode-0/data/ratis/5bd40f8a-8013-42ab-9201-2908f43da783 has been successfully formatted.
2019-08-27 19:09:01,401 [pool-27-thread-1] INFO  ratis.ContainerStateMachine (ContainerStateMachine.java:loadSnapshot(226)) - group-2908F43DA783: The snapshot info is null. Setting the last applied indexto:(t:0, i:~)
2019-08-27 19:09:01,402 [pool-27-thread-1] INFO  server.RaftServerConfigKeys (ConfUtils.java:logGet(43)) - raft.server.leader.election.timeout = 120s (custom)
2019-08-27 19:09:01,405 [pool-27-thread-1] INFO  server.RaftServerConfigKeys (ConfUtils.java:logGet(43)) - raft.server.log.use.memory = false (default)
2019-08-27 19:09:01,412 [pool-27-thread-1] INFO  server.RaftServerConfigKeys (ConfUtils.java:logGet(43)) - raft.server.log.purge.gap = 1000000 (custom)
2019-08-27 19:09:01,412 [pool-27-thread-1] INFO  server.RaftServerConfigKeys (ConfUtils.java:logGet(43)) - raft.server.log.appender.buffer.byte-limit = 33554432 (custom)
2019-08-27 19:09:01,414 [pool-27-thread-1] INFO  server.RaftServerConfigKeys (ConfUtils.java:logGet(43)) - raft.server.log.segment.size.max = 1048576 (custom)
2019-08-27 19:09:01,421 [pool-27-thread-1] INFO  server.RaftServerConfigKeys (ConfUtils.java:logGet(43)) - raft.server.log.segment.cache.num.max = 2 (custom)
2019-08-27 19:09:01,427 [pool-27-thread-1] INFO  segmented.SegmentedRaftLogWorker (SegmentedRaftLogWorker.java:<init>(172)) - new 4652c2a2-f5fc-4e57-bdef-57b8a38a37ac-SegmentedRaftLogWorker:Storage Directory /workdir/hadoop-ozone/integration-test/target/test-dir/MiniOzoneClusterImpl-a3aac34f-b46b-43f5-94a8-28eba8461e96/datanode-0/data/ratis/5bd40f8a-8013-42ab-9201-2908f43da783 for RaftStorage:Storage Directory /workdir/hadoop-ozone/integration-test/target/test-dir/MiniOzoneClusterImpl-a3aac34f-b46b-43f5-94a8-28eba8461e96/datanode-0/data/ratis/5bd40f8a-8013-42ab-9201-2908f43da783
2019-08-27 19:09:01,441 [pool-27-thread-1] INFO  server.RaftServerConfigKeys (ConfUtils.java:logGet(43)) - raft.server.log.queue.byte-limit = 2147483647 (custom)
2019-08-27 19:09:01,442 [pool-27-thread-1] INFO  server.RaftServerConfigKeys (ConfUtils.java:logGet(43)) - raft.server.log.queue.element-limit = 1024 (custom)
2019-08-27 19:09:01,447 [pool-27-thread-1] INFO  server.RaftServerConfigKeys (ConfUtils.java:logGet(43)) - raft.server.log.segment.size.max = 1048576 (custom)
2019-08-27 19:09:01,448 [pool-27-thread-1] INFO  server.RaftServerConfigKeys (ConfUtils.java:logGet(43)) - raft.server.log.preallocated.size = 16384 (custom)
2019-08-27 19:09:01,448 [pool-27-thread-1] INFO  server.RaftServerConfigKeys (ConfUtils.java:logGet(43)) - raft.server.log.write.buffer.size = 33554432 (custom)
2019-08-27 19:09:01,449 [pool-27-thread-1] INFO  server.RaftServerConfigKeys (ConfUtils.java:logGet(43)) - raft.server.log.force.sync.num = 128 (default)
2019-08-27 19:09:01,450 [pool-27-thread-1] INFO  server.RaftServerConfigKeys (ConfUtils.java:logGet(43)) - raft.server.log.statemachine.data.sync = true (default)
2019-08-27 19:09:01,450 [pool-27-thread-1] INFO  server.RaftServerConfigKeys (ConfUtils.java:logGet(43)) - raft.server.log.statemachine.data.sync.timeout = 10s (default)
2019-08-27 19:09:01,451 [pool-27-thread-1] INFO  server.RaftServerConfigKeys (ConfUtils.java:logGet(43)) - raft.server.log.statemachine.data.sync.timeout.retry = -1 (default)
2019-08-27 19:09:01,460 [pool-27-thread-1] INFO  server.RaftServerConfigKeys (ConfUtils.java:logGet(43)) - raft.server.log.statemachine.data.caching.enabled = true (custom)
2019-08-27 19:09:01,465 [pool-27-thread-1] INFO  segmented.SegmentedRaftLogWorker (SegmentedRaftLogWorker.java:lambda$new$0(132)) - 4652c2a2-f5fc-4e57-bdef-57b8a38a37ac-SegmentedRaftLogWorker:Storage Directory /workdir/hadoop-ozone/integration-test/target/test-dir/MiniOzoneClusterImpl-a3aac34f-b46b-43f5-94a8-28eba8461e96/datanode-0/data/ratis/5bd40f8a-8013-42ab-9201-2908f43da783: flushIndex: setUnconditionally 0 -> -1
2019-08-27 19:09:01,472 [pool-27-thread-1] INFO  server.RaftServerConfigKeys (ConfUtils.java:logGet(43)) - raft.server.snapshot.auto.trigger.enabled = true (custom)
2019-08-27 19:09:01,473 [IPC Server handler 0 on 45640] INFO  net.NetworkTopology (NetworkTopologyImpl.java:add(110)) - Added a new node: /default-rack/af3e1e92-ae98-49b3-9ee0-671049e9c04d
2019-08-27 19:09:01,475 [pool-27-thread-1] INFO  server.RaftServerConfigKeys (ConfUtils.java:logGet(43)) - raft.server.snapshot.auto.trigger.threshold = 10000 (custom)
2019-08-27 19:09:01,475 [IPC Server handler 0 on 45640] INFO  node.SCMNodeManager (SCMNodeManager.java:register(273)) - Registered Data node : af3e1e92-ae98-49b3-9ee0-671049e9c04d{ip: 192.168.34.52, host: pr-hdds-2045-zqqll-3317366474, networkLocation: /default-rack, certSerialId: null}
2019-08-27 19:09:01,475 [pool-27-thread-1] INFO  server.RaftServerConfigKeys (ConfUtils.java:logGet(43)) - raft.server.retrycache.expirytime = 600000ms (custom)
2019-08-27 19:09:01,475 | INFO  | SCMAudit | user=jenkins1000 | ip=192.168.34.52 | op=REGISTER {datanodeDetails=af3e1e92-ae98-49b3-9ee0-671049e9c04d{ip: 192.168.34.52, host: pr-hdds-2045-zqqll-3317366474, networkLocation: /default-rack, certSerialId: null}} | ret=SUCCESS |  
2019-08-27 19:09:01,496 [pool-27-thread-1] INFO  impl.RaftServerImpl (RaftServerImpl.java:start(180)) - 4652c2a2-f5fc-4e57-bdef-57b8a38a37ac: start group-2908F43DA783
2019-08-27 19:09:01,497 [pool-27-thread-1] INFO  impl.RaftServerImpl (RaftServerImpl.java:setRole(171)) - 4652c2a2-f5fc-4e57-bdef-57b8a38a37ac:group-2908F43DA783 changes role from null to FOLLOWER at term 0 for startAsFollower
2019-08-27 19:09:01,498 [pool-27-thread-1] INFO  impl.RoleInfo (RoleInfo.java:updateAndGet(143)) - 4652c2a2-f5fc-4e57-bdef-57b8a38a37ac: start FollowerState
2019-08-27 19:09:01,500 [pool-27-thread-1] INFO  util.JmxRegister (JmxRegister.java:tryRegister(44)) - Successfully registered JMX Bean with object name Ratis:service=RaftServer,group=group-2908F43DA783,id=4652c2a2-f5fc-4e57-bdef-57b8a38a37ac
2019-08-27 19:09:01,560 [RatisPipelineUtilsThread] INFO  pipeline.PipelineStateManager (PipelineStateManager.java:addPipeline(56)) - Created pipeline Pipeline[ Id: 5bd40f8a-8013-42ab-9201-2908f43da783, Nodes: 4652c2a2-f5fc-4e57-bdef-57b8a38a37ac{ip: 192.168.34.52, host: pr-hdds-2045-zqqll-3317366474, networkLocation: /default-rack, certSerialId: null}, Type:RATIS, Factor:ONE, State:OPEN]
2019-08-27 19:09:01,593 [grpc-default-executor-0] INFO  impl.RaftServerProxy (RaftServerProxy.java:addNew(89)) - b9013286-53b5-41d8-8a21-1ab40203d76e: addNew group-06B2E1E92759:[b9013286-53b5-41d8-8a21-1ab40203d76e:192.168.34.52:36296] returns group-06B2E1E92759:java.util.concurrent.CompletableFuture@2a45e834[Not completed]
2019-08-27 19:09:01,651 [pool-38-thread-1] INFO  impl.RaftServerImpl (RaftServerImpl.java:<init>(93)) - b9013286-53b5-41d8-8a21-1ab40203d76e: new RaftServerImpl for group-06B2E1E92759:[b9013286-53b5-41d8-8a21-1ab40203d76e:192.168.34.52:36296] with ContainerStateMachine:uninitialized
2019-08-27 19:09:01,652 [pool-38-thread-1] INFO  server.RaftServerConfigKeys (ConfUtils.java:logGet(43)) - raft.server.rpc.timeout.min = 5s (custom)
2019-08-27 19:09:01,652 [pool-38-thread-1] INFO  server.RaftServerConfigKeys (ConfUtils.java:logGet(43)) - raft.server.rpc.timeout.max = 5200ms (custom)
2019-08-27 19:09:01,652 [pool-38-thread-1] INFO  server.RaftServerConfigKeys (ConfUtils.java:logGet(43)) - raft.server.rpcslowness.timeout = 120s (custom)
2019-08-27 19:09:01,653 [pool-38-thread-1] INFO  server.RaftServerConfigKeys (ConfUtils.java:logGet(43)) - raft.server.sleep.deviation.threshold = 300 (default)
2019-08-27 19:09:01,653 [pool-38-thread-1] INFO  server.RaftServerConfigKeys (ConfUtils.java:logGet(43)) - raft.server.log.appender.install.snapshot.enabled = false (custom)
2019-08-27 19:09:01,653 [pool-38-thread-1] INFO  impl.RaftServerImpl (ServerState.java:<init>(105)) - b9013286-53b5-41d8-8a21-1ab40203d76e:group-06B2E1E92759 ConfigurationManager, init=-1: [b9013286-53b5-41d8-8a21-1ab40203d76e:192.168.34.52:36296], old=null, confs=<EMPTY_MAP>
2019-08-27 19:09:01,653 [pool-38-thread-1] INFO  server.RaftServerConfigKeys (ConfUtils.java:logGet(43)) - raft.server.storage.dir = [/workdir/hadoop-ozone/integration-test/target/test-dir/MiniOzoneClusterImpl-a3aac34f-b46b-43f5-94a8-28eba8461e96/datanode-1/data/ratis] (custom)
2019-08-27 19:09:01,653 [pool-38-thread-1] INFO  storage.RaftStorageDirectory (RaftStorageDirectory.java:analyzeStorage(246)) - The storage directory /workdir/hadoop-ozone/integration-test/target/test-dir/MiniOzoneClusterImpl-a3aac34f-b46b-43f5-94a8-28eba8461e96/datanode-1/data/ratis/0ba51cdc-1b0c-4de9-9132-06b2e1e92759 does not exist. Creating ...
2019-08-27 19:09:01,655 [main] INFO  ozone.MiniOzoneClusterImpl (MiniOzoneClusterImpl.java:lambda$waitForClusterToBeReady$0(142)) - Waiting for cluster to be ready. Got 6 of 7 DN Heartbeats.
2019-08-27 19:09:01,658 [IPC Server handler 1 on 45640] INFO  net.NetworkTopology (NetworkTopologyImpl.java:add(110)) - Added a new node: /default-rack/ba29cdba-9247-4871-9d52-a9c6f2c8acb8
2019-08-27 19:09:01,658 [IPC Server handler 1 on 45640] INFO  node.SCMNodeManager (SCMNodeManager.java:register(273)) - Registered Data node : ba29cdba-9247-4871-9d52-a9c6f2c8acb8{ip: 192.168.34.52, host: pr-hdds-2045-zqqll-3317366474, networkLocation: /default-rack, certSerialId: null}
2019-08-27 19:09:01,659 | INFO  | SCMAudit | user=jenkins1000 | ip=192.168.34.52 | op=REGISTER {datanodeDetails=ba29cdba-9247-4871-9d52-a9c6f2c8acb8{ip: 192.168.34.52, host: pr-hdds-2045-zqqll-3317366474, networkLocation: /default-rack, certSerialId: null}} | ret=SUCCESS |  
2019-08-27 19:09:01,667 [pool-38-thread-1] INFO  storage.RaftStorageDirectory (RaftStorageDirectory.java:tryLock(328)) - Lock on /workdir/hadoop-ozone/integration-test/target/test-dir/MiniOzoneClusterImpl-a3aac34f-b46b-43f5-94a8-28eba8461e96/datanode-1/data/ratis/0ba51cdc-1b0c-4de9-9132-06b2e1e92759/in_use.lock acquired by nodename 1993@pr-hdds-2045-zqqll-3317366474
2019-08-27 19:09:01,681 [pool-38-thread-1] INFO  storage.RaftStorage (RaftStorage.java:format(72)) - Storage directory /workdir/hadoop-ozone/integration-test/target/test-dir/MiniOzoneClusterImpl-a3aac34f-b46b-43f5-94a8-28eba8461e96/datanode-1/data/ratis/0ba51cdc-1b0c-4de9-9132-06b2e1e92759 has been successfully formatted.
2019-08-27 19:09:01,683 [pool-38-thread-1] INFO  ratis.ContainerStateMachine (ContainerStateMachine.java:loadSnapshot(226)) - group-06B2E1E92759: The snapshot info is null. Setting the last applied indexto:(t:0, i:~)
2019-08-27 19:09:01,685 [pool-38-thread-1] INFO  server.RaftServerConfigKeys (ConfUtils.java:logGet(43)) - raft.server.leader.election.timeout = 120s (custom)
2019-08-27 19:09:01,685 [pool-38-thread-1] INFO  server.RaftServerConfigKeys (ConfUtils.java:logGet(43)) - raft.server.log.use.memory = false (default)
2019-08-27 19:09:01,685 [pool-38-thread-1] INFO  server.RaftServerConfigKeys (ConfUtils.java:logGet(43)) - raft.server.log.purge.gap = 1000000 (custom)
2019-08-27 19:09:01,685 [pool-38-thread-1] INFO  server.RaftServerConfigKeys (ConfUtils.java:logGet(43)) - raft.server.log.appender.buffer.byte-limit = 33554432 (custom)
2019-08-27 19:09:01,685 [pool-38-thread-1] INFO  server.RaftServerConfigKeys (ConfUtils.java:logGet(43)) - raft.server.log.segment.size.max = 1048576 (custom)
2019-08-27 19:09:01,685 [pool-38-thread-1] INFO  server.RaftServerConfigKeys (ConfUtils.java:logGet(43)) - raft.server.log.segment.cache.num.max = 2 (custom)
2019-08-27 19:09:01,686 [pool-38-thread-1] INFO  segmented.SegmentedRaftLogWorker (SegmentedRaftLogWorker.java:<init>(172)) - new b9013286-53b5-41d8-8a21-1ab40203d76e-SegmentedRaftLogWorker:Storage Directory /workdir/hadoop-ozone/integration-test/target/test-dir/MiniOzoneClusterImpl-a3aac34f-b46b-43f5-94a8-28eba8461e96/datanode-1/data/ratis/0ba51cdc-1b0c-4de9-9132-06b2e1e92759 for RaftStorage:Storage Directory /workdir/hadoop-ozone/integration-test/target/test-dir/MiniOzoneClusterImpl-a3aac34f-b46b-43f5-94a8-28eba8461e96/datanode-1/data/ratis/0ba51cdc-1b0c-4de9-9132-06b2e1e92759
2019-08-27 19:09:01,688 [pool-38-thread-1] INFO  server.RaftServerConfigKeys (ConfUtils.java:logGet(43)) - raft.server.log.queue.byte-limit = 2147483647 (custom)
2019-08-27 19:09:01,688 [pool-38-thread-1] INFO  server.RaftServerConfigKeys (ConfUtils.java:logGet(43)) - raft.server.log.queue.element-limit = 1024 (custom)
2019-08-27 19:09:01,688 [pool-38-thread-1] INFO  server.RaftServerConfigKeys (ConfUtils.java:logGet(43)) - raft.server.log.segment.size.max = 1048576 (custom)
2019-08-27 19:09:01,688 [pool-38-thread-1] INFO  server.RaftServerConfigKeys (ConfUtils.java:logGet(43)) - raft.server.log.preallocated.size = 16384 (custom)
2019-08-27 19:09:01,688 [pool-38-thread-1] INFO  server.RaftServerConfigKeys (ConfUtils.java:logGet(43)) - raft.server.log.write.buffer.size = 33554432 (custom)
2019-08-27 19:09:01,688 [pool-38-thread-1] INFO  server.RaftServerConfigKeys (ConfUtils.java:logGet(43)) - raft.server.log.force.sync.num = 128 (default)
2019-08-27 19:09:01,689 [pool-38-thread-1] INFO  server.RaftServerConfigKeys (ConfUtils.java:logGet(43)) - raft.server.log.statemachine.data.sync = true (default)
2019-08-27 19:09:01,689 [pool-38-thread-1] INFO  server.RaftServerConfigKeys (ConfUtils.java:logGet(43)) - raft.server.log.statemachine.data.sync.timeout = 10s (default)
2019-08-27 19:09:01,689 [pool-38-thread-1] INFO  server.RaftServerConfigKeys (ConfUtils.java:logGet(43)) - raft.server.log.statemachine.data.sync.timeout.retry = -1 (default)
2019-08-27 19:09:01,689 [pool-38-thread-1] INFO  server.RaftServerConfigKeys (ConfUtils.java:logGet(43)) - raft.server.log.statemachine.data.caching.enabled = true (custom)
2019-08-27 19:09:01,690 [pool-38-thread-1] INFO  segmented.SegmentedRaftLogWorker (SegmentedRaftLogWorker.java:lambda$new$0(132)) - b9013286-53b5-41d8-8a21-1ab40203d76e-SegmentedRaftLogWorker:Storage Directory /workdir/hadoop-ozone/integration-test/target/test-dir/MiniOzoneClusterImpl-a3aac34f-b46b-43f5-94a8-28eba8461e96/datanode-1/data/ratis/0ba51cdc-1b0c-4de9-9132-06b2e1e92759: flushIndex: setUnconditionally 0 -> -1
2019-08-27 19:09:01,690 [pool-38-thread-1] INFO  server.RaftServerConfigKeys (ConfUtils.java:logGet(43)) - raft.server.snapshot.auto.trigger.enabled = true (custom)
2019-08-27 19:09:01,690 [pool-38-thread-1] INFO  server.RaftServerConfigKeys (ConfUtils.java:logGet(43)) - raft.server.snapshot.auto.trigger.threshold = 10000 (custom)
2019-08-27 19:09:01,690 [pool-38-thread-1] INFO  server.RaftServerConfigKeys (ConfUtils.java:logGet(43)) - raft.server.retrycache.expirytime = 600000ms (custom)
2019-08-27 19:09:01,691 [pool-38-thread-1] INFO  impl.RaftServerImpl (RaftServerImpl.java:start(180)) - b9013286-53b5-41d8-8a21-1ab40203d76e: start group-06B2E1E92759
2019-08-27 19:09:01,691 [pool-38-thread-1] INFO  impl.RaftServerImpl (RaftServerImpl.java:setRole(171)) - b9013286-53b5-41d8-8a21-1ab40203d76e:group-06B2E1E92759 changes role from null to FOLLOWER at term 0 for startAsFollower
2019-08-27 19:09:01,691 [pool-38-thread-1] INFO  impl.RoleInfo (RoleInfo.java:updateAndGet(143)) - b9013286-53b5-41d8-8a21-1ab40203d76e: start FollowerState
2019-08-27 19:09:01,693 [pool-38-thread-1] INFO  util.JmxRegister (JmxRegister.java:tryRegister(44)) - Successfully registered JMX Bean with object name Ratis:service=RaftServer,group=group-06B2E1E92759,id=b9013286-53b5-41d8-8a21-1ab40203d76e
2019-08-27 19:09:01,710 [RatisPipelineUtilsThread] INFO  pipeline.PipelineStateManager (PipelineStateManager.java:addPipeline(56)) - Created pipeline Pipeline[ Id: 0ba51cdc-1b0c-4de9-9132-06b2e1e92759, Nodes: b9013286-53b5-41d8-8a21-1ab40203d76e{ip: 192.168.34.52, host: pr-hdds-2045-zqqll-3317366474, networkLocation: /default-rack, certSerialId: null}, Type:RATIS, Factor:ONE, State:OPEN]
2019-08-27 19:09:01,742 [grpc-default-executor-0] INFO  impl.RaftServerProxy (RaftServerProxy.java:addNew(89)) - ba29cdba-9247-4871-9d52-a9c6f2c8acb8: addNew group-8FA6E033E76C:[ba29cdba-9247-4871-9d52-a9c6f2c8acb8:192.168.34.52:32914] returns group-8FA6E033E76C:java.util.concurrent.CompletableFuture@7c1ea0ab[Not completed]
2019-08-27 19:09:01,758 [pool-93-thread-1] INFO  impl.RaftServerImpl (RaftServerImpl.java:<init>(93)) - ba29cdba-9247-4871-9d52-a9c6f2c8acb8: new RaftServerImpl for group-8FA6E033E76C:[ba29cdba-9247-4871-9d52-a9c6f2c8acb8:192.168.34.52:32914] with ContainerStateMachine:uninitialized
2019-08-27 19:09:01,759 [pool-93-thread-1] INFO  server.RaftServerConfigKeys (ConfUtils.java:logGet(43)) - raft.server.rpc.timeout.min = 5s (custom)
2019-08-27 19:09:01,759 [pool-93-thread-1] INFO  server.RaftServerConfigKeys (ConfUtils.java:logGet(43)) - raft.server.rpc.timeout.max = 5200ms (custom)
2019-08-27 19:09:01,759 [pool-93-thread-1] INFO  server.RaftServerConfigKeys (ConfUtils.java:logGet(43)) - raft.server.rpcslowness.timeout = 120s (custom)
2019-08-27 19:09:01,759 [pool-93-thread-1] INFO  server.RaftServerConfigKeys (ConfUtils.java:logGet(43)) - raft.server.sleep.deviation.threshold = 300 (default)
2019-08-27 19:09:01,759 [pool-93-thread-1] INFO  server.RaftServerConfigKeys (ConfUtils.java:logGet(43)) - raft.server.log.appender.install.snapshot.enabled = false (custom)
2019-08-27 19:09:01,759 [pool-93-thread-1] INFO  impl.RaftServerImpl (ServerState.java:<init>(105)) - ba29cdba-9247-4871-9d52-a9c6f2c8acb8:group-8FA6E033E76C ConfigurationManager, init=-1: [ba29cdba-9247-4871-9d52-a9c6f2c8acb8:192.168.34.52:32914], old=null, confs=<EMPTY_MAP>
2019-08-27 19:09:01,760 [pool-93-thread-1] INFO  server.RaftServerConfigKeys (ConfUtils.java:logGet(43)) - raft.server.storage.dir = [/workdir/hadoop-ozone/integration-test/target/test-dir/MiniOzoneClusterImpl-a3aac34f-b46b-43f5-94a8-28eba8461e96/datanode-6/data/ratis] (custom)
2019-08-27 19:09:01,760 [pool-93-thread-1] INFO  storage.RaftStorageDirectory (RaftStorageDirectory.java:analyzeStorage(246)) - The storage directory /workdir/hadoop-ozone/integration-test/target/test-dir/MiniOzoneClusterImpl-a3aac34f-b46b-43f5-94a8-28eba8461e96/datanode-6/data/ratis/f4d41a1f-3e71-4bf7-b834-8fa6e033e76c does not exist. Creating ...
2019-08-27 19:09:01,773 [pool-93-thread-1] INFO  storage.RaftStorageDirectory (RaftStorageDirectory.java:tryLock(328)) - Lock on /workdir/hadoop-ozone/integration-test/target/test-dir/MiniOzoneClusterImpl-a3aac34f-b46b-43f5-94a8-28eba8461e96/datanode-6/data/ratis/f4d41a1f-3e71-4bf7-b834-8fa6e033e76c/in_use.lock acquired by nodename 1993@pr-hdds-2045-zqqll-3317366474
2019-08-27 19:09:01,786 [pool-93-thread-1] INFO  storage.RaftStorage (RaftStorage.java:format(72)) - Storage directory /workdir/hadoop-ozone/integration-test/target/test-dir/MiniOzoneClusterImpl-a3aac34f-b46b-43f5-94a8-28eba8461e96/datanode-6/data/ratis/f4d41a1f-3e71-4bf7-b834-8fa6e033e76c has been successfully formatted.
2019-08-27 19:09:01,787 [pool-93-thread-1] INFO  ratis.ContainerStateMachine (ContainerStateMachine.java:loadSnapshot(226)) - group-8FA6E033E76C: The snapshot info is null. Setting the last applied indexto:(t:0, i:~)
2019-08-27 19:09:01,787 [pool-93-thread-1] INFO  server.RaftServerConfigKeys (ConfUtils.java:logGet(43)) - raft.server.leader.election.timeout = 120s (custom)
2019-08-27 19:09:01,787 [pool-93-thread-1] INFO  server.RaftServerConfigKeys (ConfUtils.java:logGet(43)) - raft.server.log.use.memory = false (default)
2019-08-27 19:09:01,787 [pool-93-thread-1] INFO  server.RaftServerConfigKeys (ConfUtils.java:logGet(43)) - raft.server.log.purge.gap = 1000000 (custom)
2019-08-27 19:09:01,787 [pool-93-thread-1] INFO  server.RaftServerConfigKeys (ConfUtils.java:logGet(43)) - raft.server.log.appender.buffer.byte-limit = 33554432 (custom)
2019-08-27 19:09:01,788 [pool-93-thread-1] INFO  server.RaftServerConfigKeys (ConfUtils.java:logGet(43)) - raft.server.log.segment.size.max = 1048576 (custom)
2019-08-27 19:09:01,788 [pool-93-thread-1] INFO  server.RaftServerConfigKeys (ConfUtils.java:logGet(43)) - raft.server.log.segment.cache.num.max = 2 (custom)
2019-08-27 19:09:01,788 [pool-93-thread-1] INFO  segmented.SegmentedRaftLogWorker (SegmentedRaftLogWorker.java:<init>(172)) - new ba29cdba-9247-4871-9d52-a9c6f2c8acb8-SegmentedRaftLogWorker:Storage Directory /workdir/hadoop-ozone/integration-test/target/test-dir/MiniOzoneClusterImpl-a3aac34f-b46b-43f5-94a8-28eba8461e96/datanode-6/data/ratis/f4d41a1f-3e71-4bf7-b834-8fa6e033e76c for RaftStorage:Storage Directory /workdir/hadoop-ozone/integration-test/target/test-dir/MiniOzoneClusterImpl-a3aac34f-b46b-43f5-94a8-28eba8461e96/datanode-6/data/ratis/f4d41a1f-3e71-4bf7-b834-8fa6e033e76c
2019-08-27 19:09:01,788 [pool-93-thread-1] INFO  server.RaftServerConfigKeys (ConfUtils.java:logGet(43)) - raft.server.log.queue.byte-limit = 2147483647 (custom)
2019-08-27 19:09:01,788 [pool-93-thread-1] INFO  server.RaftServerConfigKeys (ConfUtils.java:logGet(43)) - raft.server.log.queue.element-limit = 1024 (custom)
2019-08-27 19:09:01,789 [pool-93-thread-1] INFO  server.RaftServerConfigKeys (ConfUtils.java:logGet(43)) - raft.server.log.segment.size.max = 1048576 (custom)
2019-08-27 19:09:01,789 [pool-93-thread-1] INFO  server.RaftServerConfigKeys (ConfUtils.java:logGet(43)) - raft.server.log.preallocated.size = 16384 (custom)
2019-08-27 19:09:01,789 [pool-93-thread-1] INFO  server.RaftServerConfigKeys (ConfUtils.java:logGet(43)) - raft.server.log.write.buffer.size = 33554432 (custom)
2019-08-27 19:09:01,789 [pool-93-thread-1] INFO  server.RaftServerConfigKeys (ConfUtils.java:logGet(43)) - raft.server.log.force.sync.num = 128 (default)
2019-08-27 19:09:01,789 [pool-93-thread-1] INFO  server.RaftServerConfigKeys (ConfUtils.java:logGet(43)) - raft.server.log.statemachine.data.sync = true (default)
2019-08-27 19:09:01,790 [pool-93-thread-1] INFO  server.RaftServerConfigKeys (ConfUtils.java:logGet(43)) - raft.server.log.statemachine.data.sync.timeout = 10s (default)
2019-08-27 19:09:01,790 [pool-93-thread-1] INFO  server.RaftServerConfigKeys (ConfUtils.java:logGet(43)) - raft.server.log.statemachine.data.sync.timeout.retry = -1 (default)
2019-08-27 19:09:01,790 [pool-93-thread-1] INFO  server.RaftServerConfigKeys (ConfUtils.java:logGet(43)) - raft.server.log.statemachine.data.caching.enabled = true (custom)
2019-08-27 19:09:01,791 [pool-93-thread-1] INFO  segmented.SegmentedRaftLogWorker (SegmentedRaftLogWorker.java:lambda$new$0(132)) - ba29cdba-9247-4871-9d52-a9c6f2c8acb8-SegmentedRaftLogWorker:Storage Directory /workdir/hadoop-ozone/integration-test/target/test-dir/MiniOzoneClusterImpl-a3aac34f-b46b-43f5-94a8-28eba8461e96/datanode-6/data/ratis/f4d41a1f-3e71-4bf7-b834-8fa6e033e76c: flushIndex: setUnconditionally 0 -> -1
2019-08-27 19:09:01,791 [pool-93-thread-1] INFO  server.RaftServerConfigKeys (ConfUtils.java:logGet(43)) - raft.server.snapshot.auto.trigger.enabled = true (custom)
2019-08-27 19:09:01,791 [pool-93-thread-1] INFO  server.RaftServerConfigKeys (ConfUtils.java:logGet(43)) - raft.server.snapshot.auto.trigger.threshold = 10000 (custom)
2019-08-27 19:09:01,791 [pool-93-thread-1] INFO  server.RaftServerConfigKeys (ConfUtils.java:logGet(43)) - raft.server.retrycache.expirytime = 600000ms (custom)
2019-08-27 19:09:01,791 [pool-93-thread-1] INFO  impl.RaftServerImpl (RaftServerImpl.java:start(180)) - ba29cdba-9247-4871-9d52-a9c6f2c8acb8: start group-8FA6E033E76C
2019-08-27 19:09:01,792 [pool-93-thread-1] INFO  impl.RaftServerImpl (RaftServerImpl.java:setRole(171)) - ba29cdba-9247-4871-9d52-a9c6f2c8acb8:group-8FA6E033E76C changes role from null to FOLLOWER at term 0 for startAsFollower
2019-08-27 19:09:01,792 [pool-93-thread-1] INFO  impl.RoleInfo (RoleInfo.java:updateAndGet(143)) - ba29cdba-9247-4871-9d52-a9c6f2c8acb8: start FollowerState
2019-08-27 19:09:01,792 [pool-93-thread-1] INFO  util.JmxRegister (JmxRegister.java:tryRegister(44)) - Successfully registered JMX Bean with object name Ratis:service=RaftServer,group=group-8FA6E033E76C,id=ba29cdba-9247-4871-9d52-a9c6f2c8acb8
2019-08-27 19:09:01,807 [RatisPipelineUtilsThread] INFO  pipeline.PipelineStateManager (PipelineStateManager.java:addPipeline(56)) - Created pipeline Pipeline[ Id: f4d41a1f-3e71-4bf7-b834-8fa6e033e76c, Nodes: ba29cdba-9247-4871-9d52-a9c6f2c8acb8{ip: 192.168.34.52, host: pr-hdds-2045-zqqll-3317366474, networkLocation: /default-rack, certSerialId: null}, Type:RATIS, Factor:ONE, State:OPEN]
2019-08-27 19:09:01,836 [grpc-default-executor-0] INFO  impl.RaftServerProxy (RaftServerProxy.java:addNew(89)) - 9ffcda27-0104-4d9f-ad29-5d6501b164ff: addNew group-557E3DA6858E:[9ffcda27-0104-4d9f-ad29-5d6501b164ff:192.168.34.52:34400] returns group-557E3DA6858E:java.util.concurrent.CompletableFuture@1fca16a5[Not completed]
2019-08-27 19:09:01,840 [pool-71-thread-1] INFO  impl.RaftServerImpl (RaftServerImpl.java:<init>(93)) - 9ffcda27-0104-4d9f-ad29-5d6501b164ff: new RaftServerImpl for group-557E3DA6858E:[9ffcda27-0104-4d9f-ad29-5d6501b164ff:192.168.34.52:34400] with ContainerStateMachine:uninitialized
2019-08-27 19:09:01,840 [pool-71-thread-1] INFO  server.RaftServerConfigKeys (ConfUtils.java:logGet(43)) - raft.server.rpc.timeout.min = 5s (custom)
2019-08-27 19:09:01,840 [pool-71-thread-1] INFO  server.RaftServerConfigKeys (ConfUtils.java:logGet(43)) - raft.server.rpc.timeout.max = 5200ms (custom)
2019-08-27 19:09:01,840 [pool-71-thread-1] INFO  server.RaftServerConfigKeys (ConfUtils.java:logGet(43)) - raft.server.rpcslowness.timeout = 120s (custom)
2019-08-27 19:09:01,841 [pool-71-thread-1] INFO  server.RaftServerConfigKeys (ConfUtils.java:logGet(43)) - raft.server.sleep.deviation.threshold = 300 (default)
2019-08-27 19:09:01,841 [pool-71-thread-1] INFO  server.RaftServerConfigKeys (ConfUtils.java:logGet(43)) - raft.server.log.appender.install.snapshot.enabled = false (custom)
2019-08-27 19:09:01,841 [pool-71-thread-1] INFO  impl.RaftServerImpl (ServerState.java:<init>(105)) - 9ffcda27-0104-4d9f-ad29-5d6501b164ff:group-557E3DA6858E ConfigurationManager, init=-1: [9ffcda27-0104-4d9f-ad29-5d6501b164ff:192.168.34.52:34400], old=null, confs=<EMPTY_MAP>
2019-08-27 19:09:01,841 [pool-71-thread-1] INFO  server.RaftServerConfigKeys (ConfUtils.java:logGet(43)) - raft.server.storage.dir = [/workdir/hadoop-ozone/integration-test/target/test-dir/MiniOzoneClusterImpl-a3aac34f-b46b-43f5-94a8-28eba8461e96/datanode-4/data/ratis] (custom)
2019-08-27 19:09:01,841 [pool-71-thread-1] INFO  storage.RaftStorageDirectory (RaftStorageDirectory.java:analyzeStorage(246)) - The storage directory /workdir/hadoop-ozone/integration-test/target/test-dir/MiniOzoneClusterImpl-a3aac34f-b46b-43f5-94a8-28eba8461e96/datanode-4/data/ratis/d4518218-ae6b-47b9-b4d8-557e3da6858e does not exist. Creating ...
2019-08-27 19:09:01,854 [pool-71-thread-1] INFO  storage.RaftStorageDirectory (RaftStorageDirectory.java:tryLock(328)) - Lock on /workdir/hadoop-ozone/integration-test/target/test-dir/MiniOzoneClusterImpl-a3aac34f-b46b-43f5-94a8-28eba8461e96/datanode-4/data/ratis/d4518218-ae6b-47b9-b4d8-557e3da6858e/in_use.lock acquired by nodename 1993@pr-hdds-2045-zqqll-3317366474
2019-08-27 19:09:01,868 [pool-71-thread-1] INFO  storage.RaftStorage (RaftStorage.java:format(72)) - Storage directory /workdir/hadoop-ozone/integration-test/target/test-dir/MiniOzoneClusterImpl-a3aac34f-b46b-43f5-94a8-28eba8461e96/datanode-4/data/ratis/d4518218-ae6b-47b9-b4d8-557e3da6858e has been successfully formatted.
2019-08-27 19:09:01,868 [pool-71-thread-1] INFO  ratis.ContainerStateMachine (ContainerStateMachine.java:loadSnapshot(226)) - group-557E3DA6858E: The snapshot info is null. Setting the last applied indexto:(t:0, i:~)
2019-08-27 19:09:01,868 [pool-71-thread-1] INFO  server.RaftServerConfigKeys (ConfUtils.java:logGet(43)) - raft.server.leader.election.timeout = 120s (custom)
2019-08-27 19:09:01,868 [pool-71-thread-1] INFO  server.RaftServerConfigKeys (ConfUtils.java:logGet(43)) - raft.server.log.use.memory = false (default)
2019-08-27 19:09:01,868 [pool-71-thread-1] INFO  server.RaftServerConfigKeys (ConfUtils.java:logGet(43)) - raft.server.log.purge.gap = 1000000 (custom)
2019-08-27 19:09:01,868 [pool-71-thread-1] INFO  server.RaftServerConfigKeys (ConfUtils.java:logGet(43)) - raft.server.log.appender.buffer.byte-limit = 33554432 (custom)
2019-08-27 19:09:01,869 [pool-71-thread-1] INFO  server.RaftServerConfigKeys (ConfUtils.java:logGet(43)) - raft.server.log.segment.size.max = 1048576 (custom)
2019-08-27 19:09:01,869 [pool-71-thread-1] INFO  server.RaftServerConfigKeys (ConfUtils.java:logGet(43)) - raft.server.log.segment.cache.num.max = 2 (custom)
2019-08-27 19:09:01,869 [pool-71-thread-1] INFO  segmented.SegmentedRaftLogWorker (SegmentedRaftLogWorker.java:<init>(172)) - new 9ffcda27-0104-4d9f-ad29-5d6501b164ff-SegmentedRaftLogWorker:Storage Directory /workdir/hadoop-ozone/integration-test/target/test-dir/MiniOzoneClusterImpl-a3aac34f-b46b-43f5-94a8-28eba8461e96/datanode-4/data/ratis/d4518218-ae6b-47b9-b4d8-557e3da6858e for RaftStorage:Storage Directory /workdir/hadoop-ozone/integration-test/target/test-dir/MiniOzoneClusterImpl-a3aac34f-b46b-43f5-94a8-28eba8461e96/datanode-4/data/ratis/d4518218-ae6b-47b9-b4d8-557e3da6858e
2019-08-27 19:09:01,869 [pool-71-thread-1] INFO  server.RaftServerConfigKeys (ConfUtils.java:logGet(43)) - raft.server.log.queue.byte-limit = 2147483647 (custom)
2019-08-27 19:09:01,869 [pool-71-thread-1] INFO  server.RaftServerConfigKeys (ConfUtils.java:logGet(43)) - raft.server.log.queue.element-limit = 1024 (custom)
2019-08-27 19:09:01,869 [pool-71-thread-1] INFO  server.RaftServerConfigKeys (ConfUtils.java:logGet(43)) - raft.server.log.segment.size.max = 1048576 (custom)
2019-08-27 19:09:01,870 [pool-71-thread-1] INFO  server.RaftServerConfigKeys (ConfUtils.java:logGet(43)) - raft.server.log.preallocated.size = 16384 (custom)
2019-08-27 19:09:01,870 [pool-71-thread-1] INFO  server.RaftServerConfigKeys (ConfUtils.java:logGet(43)) - raft.server.log.write.buffer.size = 33554432 (custom)
2019-08-27 19:09:01,870 [pool-71-thread-1] INFO  server.RaftServerConfigKeys (ConfUtils.java:logGet(43)) - raft.server.log.force.sync.num = 128 (default)
2019-08-27 19:09:01,870 [pool-71-thread-1] INFO  server.RaftServerConfigKeys (ConfUtils.java:logGet(43)) - raft.server.log.statemachine.data.sync = true (default)
2019-08-27 19:09:01,870 [pool-71-thread-1] INFO  server.RaftServerConfigKeys (ConfUtils.java:logGet(43)) - raft.server.log.statemachine.data.sync.timeout = 10s (default)
2019-08-27 19:09:01,870 [pool-71-thread-1] INFO  server.RaftServerConfigKeys (ConfUtils.java:logGet(43)) - raft.server.log.statemachine.data.sync.timeout.retry = -1 (default)
2019-08-27 19:09:01,871 [pool-71-thread-1] INFO  server.RaftServerConfigKeys (ConfUtils.java:logGet(43)) - raft.server.log.statemachine.data.caching.enabled = true (custom)
2019-08-27 19:09:01,871 [pool-71-thread-1] INFO  segmented.SegmentedRaftLogWorker (SegmentedRaftLogWorker.java:lambda$new$0(132)) - 9ffcda27-0104-4d9f-ad29-5d6501b164ff-SegmentedRaftLogWorker:Storage Directory /workdir/hadoop-ozone/integration-test/target/test-dir/MiniOzoneClusterImpl-a3aac34f-b46b-43f5-94a8-28eba8461e96/datanode-4/data/ratis/d4518218-ae6b-47b9-b4d8-557e3da6858e: flushIndex: setUnconditionally 0 -> -1
2019-08-27 19:09:01,871 [pool-71-thread-1] INFO  server.RaftServerConfigKeys (ConfUtils.java:logGet(43)) - raft.server.snapshot.auto.trigger.enabled = true (custom)
2019-08-27 19:09:01,871 [pool-71-thread-1] INFO  server.RaftServerConfigKeys (ConfUtils.java:logGet(43)) - raft.server.snapshot.auto.trigger.threshold = 10000 (custom)
2019-08-27 19:09:01,872 [pool-71-thread-1] INFO  server.RaftServerConfigKeys (ConfUtils.java:logGet(43)) - raft.server.retrycache.expirytime = 600000ms (custom)
2019-08-27 19:09:01,872 [pool-71-thread-1] INFO  impl.RaftServerImpl (RaftServerImpl.java:start(180)) - 9ffcda27-0104-4d9f-ad29-5d6501b164ff: start group-557E3DA6858E
2019-08-27 19:09:01,872 [pool-71-thread-1] INFO  impl.RaftServerImpl (RaftServerImpl.java:setRole(171)) - 9ffcda27-0104-4d9f-ad29-5d6501b164ff:group-557E3DA6858E changes role from null to FOLLOWER at term 0 for startAsFollower
2019-08-27 19:09:01,872 [pool-71-thread-1] INFO  impl.RoleInfo (RoleInfo.java:updateAndGet(143)) - 9ffcda27-0104-4d9f-ad29-5d6501b164ff: start FollowerState
2019-08-27 19:09:01,873 [pool-71-thread-1] INFO  util.JmxRegister (JmxRegister.java:tryRegister(44)) - Successfully registered JMX Bean with object name Ratis:service=RaftServer,group=group-557E3DA6858E,id=9ffcda27-0104-4d9f-ad29-5d6501b164ff
2019-08-27 19:09:01,888 [RatisPipelineUtilsThread] INFO  pipeline.PipelineStateManager (PipelineStateManager.java:addPipeline(56)) - Created pipeline Pipeline[ Id: d4518218-ae6b-47b9-b4d8-557e3da6858e, Nodes: 9ffcda27-0104-4d9f-ad29-5d6501b164ff{ip: 192.168.34.52, host: pr-hdds-2045-zqqll-3317366474, networkLocation: /default-rack, certSerialId: null}, Type:RATIS, Factor:ONE, State:OPEN]
2019-08-27 19:09:01,921 [grpc-default-executor-0] INFO  impl.RaftServerProxy (RaftServerProxy.java:addNew(89)) - af3e1e92-ae98-49b3-9ee0-671049e9c04d: addNew group-D96580B15A57:[af3e1e92-ae98-49b3-9ee0-671049e9c04d:192.168.34.52:34887] returns group-D96580B15A57:java.util.concurrent.CompletableFuture@25f5f2f9[Not completed]
2019-08-27 19:09:01,926 [pool-82-thread-1] INFO  impl.RaftServerImpl (RaftServerImpl.java:<init>(93)) - af3e1e92-ae98-49b3-9ee0-671049e9c04d: new RaftServerImpl for group-D96580B15A57:[af3e1e92-ae98-49b3-9ee0-671049e9c04d:192.168.34.52:34887] with ContainerStateMachine:uninitialized
2019-08-27 19:09:01,926 [pool-82-thread-1] INFO  server.RaftServerConfigKeys (ConfUtils.java:logGet(43)) - raft.server.rpc.timeout.min = 5s (custom)
2019-08-27 19:09:01,926 [pool-82-thread-1] INFO  server.RaftServerConfigKeys (ConfUtils.java:logGet(43)) - raft.server.rpc.timeout.max = 5200ms (custom)
2019-08-27 19:09:01,926 [pool-82-thread-1] INFO  server.RaftServerConfigKeys (ConfUtils.java:logGet(43)) - raft.server.rpcslowness.timeout = 120s (custom)
2019-08-27 19:09:01,926 [pool-82-thread-1] INFO  server.RaftServerConfigKeys (ConfUtils.java:logGet(43)) - raft.server.sleep.deviation.threshold = 300 (default)
2019-08-27 19:09:01,926 [pool-82-thread-1] INFO  server.RaftServerConfigKeys (ConfUtils.java:logGet(43)) - raft.server.log.appender.install.snapshot.enabled = false (custom)
2019-08-27 19:09:01,927 [pool-82-thread-1] INFO  impl.RaftServerImpl (ServerState.java:<init>(105)) - af3e1e92-ae98-49b3-9ee0-671049e9c04d:group-D96580B15A57 ConfigurationManager, init=-1: [af3e1e92-ae98-49b3-9ee0-671049e9c04d:192.168.34.52:34887], old=null, confs=<EMPTY_MAP>
2019-08-27 19:09:01,927 [pool-82-thread-1] INFO  server.RaftServerConfigKeys (ConfUtils.java:logGet(43)) - raft.server.storage.dir = [/workdir/hadoop-ozone/integration-test/target/test-dir/MiniOzoneClusterImpl-a3aac34f-b46b-43f5-94a8-28eba8461e96/datanode-5/data/ratis] (custom)
2019-08-27 19:09:01,927 [pool-82-thread-1] INFO  storage.RaftStorageDirectory (RaftStorageDirectory.java:analyzeStorage(246)) - The storage directory /workdir/hadoop-ozone/integration-test/target/test-dir/MiniOzoneClusterImpl-a3aac34f-b46b-43f5-94a8-28eba8461e96/datanode-5/data/ratis/c1c4f127-b34a-492e-8c13-d96580b15a57 does not exist. Creating ...
2019-08-27 19:09:01,940 [pool-82-thread-1] INFO  storage.RaftStorageDirectory (RaftStorageDirectory.java:tryLock(328)) - Lock on /workdir/hadoop-ozone/integration-test/target/test-dir/MiniOzoneClusterImpl-a3aac34f-b46b-43f5-94a8-28eba8461e96/datanode-5/data/ratis/c1c4f127-b34a-492e-8c13-d96580b15a57/in_use.lock acquired by nodename 1993@pr-hdds-2045-zqqll-3317366474
2019-08-27 19:09:01,953 [pool-82-thread-1] INFO  storage.RaftStorage (RaftStorage.java:format(72)) - Storage directory /workdir/hadoop-ozone/integration-test/target/test-dir/MiniOzoneClusterImpl-a3aac34f-b46b-43f5-94a8-28eba8461e96/datanode-5/data/ratis/c1c4f127-b34a-492e-8c13-d96580b15a57 has been successfully formatted.
2019-08-27 19:09:01,953 [pool-82-thread-1] INFO  ratis.ContainerStateMachine (ContainerStateMachine.java:loadSnapshot(226)) - group-D96580B15A57: The snapshot info is null. Setting the last applied indexto:(t:0, i:~)
2019-08-27 19:09:01,953 [pool-82-thread-1] INFO  server.RaftServerConfigKeys (ConfUtils.java:logGet(43)) - raft.server.leader.election.timeout = 120s (custom)
2019-08-27 19:09:01,954 [pool-82-thread-1] INFO  server.RaftServerConfigKeys (ConfUtils.java:logGet(43)) - raft.server.log.use.memory = false (default)
2019-08-27 19:09:01,954 [pool-82-thread-1] INFO  server.RaftServerConfigKeys (ConfUtils.java:logGet(43)) - raft.server.log.purge.gap = 1000000 (custom)
2019-08-27 19:09:01,954 [pool-82-thread-1] INFO  server.RaftServerConfigKeys (ConfUtils.java:logGet(43)) - raft.server.log.appender.buffer.byte-limit = 33554432 (custom)
2019-08-27 19:09:01,954 [pool-82-thread-1] INFO  server.RaftServerConfigKeys (ConfUtils.java:logGet(43)) - raft.server.log.segment.size.max = 1048576 (custom)
2019-08-27 19:09:01,954 [pool-82-thread-1] INFO  server.RaftServerConfigKeys (ConfUtils.java:logGet(43)) - raft.server.log.segment.cache.num.max = 2 (custom)
2019-08-27 19:09:01,954 [pool-82-thread-1] INFO  segmented.SegmentedRaftLogWorker (SegmentedRaftLogWorker.java:<init>(172)) - new af3e1e92-ae98-49b3-9ee0-671049e9c04d-SegmentedRaftLogWorker:Storage Directory /workdir/hadoop-ozone/integration-test/target/test-dir/MiniOzoneClusterImpl-a3aac34f-b46b-43f5-94a8-28eba8461e96/datanode-5/data/ratis/c1c4f127-b34a-492e-8c13-d96580b15a57 for RaftStorage:Storage Directory /workdir/hadoop-ozone/integration-test/target/test-dir/MiniOzoneClusterImpl-a3aac34f-b46b-43f5-94a8-28eba8461e96/datanode-5/data/ratis/c1c4f127-b34a-492e-8c13-d96580b15a57
2019-08-27 19:09:01,955 [pool-82-thread-1] INFO  server.RaftServerConfigKeys (ConfUtils.java:logGet(43)) - raft.server.log.queue.byte-limit = 2147483647 (custom)
2019-08-27 19:09:01,955 [pool-82-thread-1] INFO  server.RaftServerConfigKeys (ConfUtils.java:logGet(43)) - raft.server.log.queue.element-limit = 1024 (custom)
2019-08-27 19:09:01,955 [pool-82-thread-1] INFO  server.RaftServerConfigKeys (ConfUtils.java:logGet(43)) - raft.server.log.segment.size.max = 1048576 (custom)
2019-08-27 19:09:01,955 [pool-82-thread-1] INFO  server.RaftServerConfigKeys (ConfUtils.java:logGet(43)) - raft.server.log.preallocated.size = 16384 (custom)
2019-08-27 19:09:01,955 [pool-82-thread-1] INFO  server.RaftServerConfigKeys (ConfUtils.java:logGet(43)) - raft.server.log.write.buffer.size = 33554432 (custom)
2019-08-27 19:09:01,955 [pool-82-thread-1] INFO  server.RaftServerConfigKeys (ConfUtils.java:logGet(43)) - raft.server.log.force.sync.num = 128 (default)
2019-08-27 19:09:01,955 [pool-82-thread-1] INFO  server.RaftServerConfigKeys (ConfUtils.java:logGet(43)) - raft.server.log.statemachine.data.sync = true (default)
2019-08-27 19:09:01,956 [pool-82-thread-1] INFO  server.RaftServerConfigKeys (ConfUtils.java:logGet(43)) - raft.server.log.statemachine.data.sync.timeout = 10s (default)
2019-08-27 19:09:01,956 [pool-82-thread-1] INFO  server.RaftServerConfigKeys (ConfUtils.java:logGet(43)) - raft.server.log.statemachine.data.sync.timeout.retry = -1 (default)
2019-08-27 19:09:01,956 [pool-82-thread-1] INFO  server.RaftServerConfigKeys (ConfUtils.java:logGet(43)) - raft.server.log.statemachine.data.caching.enabled = true (custom)
2019-08-27 19:09:01,956 [pool-82-thread-1] INFO  segmented.SegmentedRaftLogWorker (SegmentedRaftLogWorker.java:lambda$new$0(132)) - af3e1e92-ae98-49b3-9ee0-671049e9c04d-SegmentedRaftLogWorker:Storage Directory /workdir/hadoop-ozone/integration-test/target/test-dir/MiniOzoneClusterImpl-a3aac34f-b46b-43f5-94a8-28eba8461e96/datanode-5/data/ratis/c1c4f127-b34a-492e-8c13-d96580b15a57: flushIndex: setUnconditionally 0 -> -1
2019-08-27 19:09:01,957 [pool-82-thread-1] INFO  server.RaftServerConfigKeys (ConfUtils.java:logGet(43)) - raft.server.snapshot.auto.trigger.enabled = true (custom)
2019-08-27 19:09:01,957 [pool-82-thread-1] INFO  server.RaftServerConfigKeys (ConfUtils.java:logGet(43)) - raft.server.snapshot.auto.trigger.threshold = 10000 (custom)
2019-08-27 19:09:01,957 [pool-82-thread-1] INFO  server.RaftServerConfigKeys (ConfUtils.java:logGet(43)) - raft.server.retrycache.expirytime = 600000ms (custom)
2019-08-27 19:09:01,957 [pool-82-thread-1] INFO  impl.RaftServerImpl (RaftServerImpl.java:start(180)) - af3e1e92-ae98-49b3-9ee0-671049e9c04d: start group-D96580B15A57
2019-08-27 19:09:01,957 [pool-82-thread-1] INFO  impl.RaftServerImpl (RaftServerImpl.java:setRole(171)) - af3e1e92-ae98-49b3-9ee0-671049e9c04d:group-D96580B15A57 changes role from null to FOLLOWER at term 0 for startAsFollower
2019-08-27 19:09:01,958 [pool-82-thread-1] INFO  impl.RoleInfo (RoleInfo.java:updateAndGet(143)) - af3e1e92-ae98-49b3-9ee0-671049e9c04d: start FollowerState
2019-08-27 19:09:01,958 [pool-82-thread-1] INFO  util.JmxRegister (JmxRegister.java:tryRegister(44)) - Successfully registered JMX Bean with object name Ratis:service=RaftServer,group=group-D96580B15A57,id=af3e1e92-ae98-49b3-9ee0-671049e9c04d
2019-08-27 19:09:01,974 [RatisPipelineUtilsThread] INFO  pipeline.PipelineStateManager (PipelineStateManager.java:addPipeline(56)) - Created pipeline Pipeline[ Id: c1c4f127-b34a-492e-8c13-d96580b15a57, Nodes: af3e1e92-ae98-49b3-9ee0-671049e9c04d{ip: 192.168.34.52, host: pr-hdds-2045-zqqll-3317366474, networkLocation: /default-rack, certSerialId: null}, Type:RATIS, Factor:ONE, State:OPEN]
2019-08-27 19:09:02,002 [grpc-default-executor-0] INFO  impl.RaftServerProxy (RaftServerProxy.java:addNew(89)) - cd393f82-50d2-4f3f-a7d0-1a4d5e03aa9d: addNew group-34FA3B40FCDD:[cd393f82-50d2-4f3f-a7d0-1a4d5e03aa9d:192.168.34.52:34692] returns group-34FA3B40FCDD:java.util.concurrent.CompletableFuture@767cbc93[Not completed]
2019-08-27 19:09:02,007 [pool-60-thread-1] INFO  impl.RaftServerImpl (RaftServerImpl.java:<init>(93)) - cd393f82-50d2-4f3f-a7d0-1a4d5e03aa9d: new RaftServerImpl for group-34FA3B40FCDD:[cd393f82-50d2-4f3f-a7d0-1a4d5e03aa9d:192.168.34.52:34692] with ContainerStateMachine:uninitialized
2019-08-27 19:09:02,007 [pool-60-thread-1] INFO  server.RaftServerConfigKeys (ConfUtils.java:logGet(43)) - raft.server.rpc.timeout.min = 5s (custom)
2019-08-27 19:09:02,008 [pool-60-thread-1] INFO  server.RaftServerConfigKeys (ConfUtils.java:logGet(43)) - raft.server.rpc.timeout.max = 5200ms (custom)
2019-08-27 19:09:02,008 [pool-60-thread-1] INFO  server.RaftServerConfigKeys (ConfUtils.java:logGet(43)) - raft.server.rpcslowness.timeout = 120s (custom)
2019-08-27 19:09:02,008 [pool-60-thread-1] INFO  server.RaftServerConfigKeys (ConfUtils.java:logGet(43)) - raft.server.sleep.deviation.threshold = 300 (default)
2019-08-27 19:09:02,008 [pool-60-thread-1] INFO  server.RaftServerConfigKeys (ConfUtils.java:logGet(43)) - raft.server.log.appender.install.snapshot.enabled = false (custom)
2019-08-27 19:09:02,008 [pool-60-thread-1] INFO  impl.RaftServerImpl (ServerState.java:<init>(105)) - cd393f82-50d2-4f3f-a7d0-1a4d5e03aa9d:group-34FA3B40FCDD ConfigurationManager, init=-1: [cd393f82-50d2-4f3f-a7d0-1a4d5e03aa9d:192.168.34.52:34692], old=null, confs=<EMPTY_MAP>
2019-08-27 19:09:02,009 [pool-60-thread-1] INFO  server.RaftServerConfigKeys (ConfUtils.java:logGet(43)) - raft.server.storage.dir = [/workdir/hadoop-ozone/integration-test/target/test-dir/MiniOzoneClusterImpl-a3aac34f-b46b-43f5-94a8-28eba8461e96/datanode-3/data/ratis] (custom)
2019-08-27 19:09:02,009 [pool-60-thread-1] INFO  storage.RaftStorageDirectory (RaftStorageDirectory.java:analyzeStorage(246)) - The storage directory /workdir/hadoop-ozone/integration-test/target/test-dir/MiniOzoneClusterImpl-a3aac34f-b46b-43f5-94a8-28eba8461e96/datanode-3/data/ratis/0b9f5e14-3c51-45cc-8d27-34fa3b40fcdd does not exist. Creating ...
2019-08-27 19:09:02,023 [pool-60-thread-1] INFO  storage.RaftStorageDirectory (RaftStorageDirectory.java:tryLock(328)) - Lock on /workdir/hadoop-ozone/integration-test/target/test-dir/MiniOzoneClusterImpl-a3aac34f-b46b-43f5-94a8-28eba8461e96/datanode-3/data/ratis/0b9f5e14-3c51-45cc-8d27-34fa3b40fcdd/in_use.lock acquired by nodename 1993@pr-hdds-2045-zqqll-3317366474
2019-08-27 19:09:02,036 [pool-60-thread-1] INFO  storage.RaftStorage (RaftStorage.java:format(72)) - Storage directory /workdir/hadoop-ozone/integration-test/target/test-dir/MiniOzoneClusterImpl-a3aac34f-b46b-43f5-94a8-28eba8461e96/datanode-3/data/ratis/0b9f5e14-3c51-45cc-8d27-34fa3b40fcdd has been successfully formatted.
2019-08-27 19:09:02,036 [pool-60-thread-1] INFO  ratis.ContainerStateMachine (ContainerStateMachine.java:loadSnapshot(226)) - group-34FA3B40FCDD: The snapshot info is null. Setting the last applied indexto:(t:0, i:~)
2019-08-27 19:09:02,036 [pool-60-thread-1] INFO  server.RaftServerConfigKeys (ConfUtils.java:logGet(43)) - raft.server.leader.election.timeout = 120s (custom)
2019-08-27 19:09:02,037 [pool-60-thread-1] INFO  server.RaftServerConfigKeys (ConfUtils.java:logGet(43)) - raft.server.log.use.memory = false (default)
2019-08-27 19:09:02,037 [pool-60-thread-1] INFO  server.RaftServerConfigKeys (ConfUtils.java:logGet(43)) - raft.server.log.purge.gap = 1000000 (custom)
2019-08-27 19:09:02,037 [pool-60-thread-1] INFO  server.RaftServerConfigKeys (ConfUtils.java:logGet(43)) - raft.server.log.appender.buffer.byte-limit = 33554432 (custom)
2019-08-27 19:09:02,037 [pool-60-thread-1] INFO  server.RaftServerConfigKeys (ConfUtils.java:logGet(43)) - raft.server.log.segment.size.max = 1048576 (custom)
2019-08-27 19:09:02,037 [pool-60-thread-1] INFO  server.RaftServerConfigKeys (ConfUtils.java:logGet(43)) - raft.server.log.segment.cache.num.max = 2 (custom)
2019-08-27 19:09:02,037 [pool-60-thread-1] INFO  segmented.SegmentedRaftLogWorker (SegmentedRaftLogWorker.java:<init>(172)) - new cd393f82-50d2-4f3f-a7d0-1a4d5e03aa9d-SegmentedRaftLogWorker:Storage Directory /workdir/hadoop-ozone/integration-test/target/test-dir/MiniOzoneClusterImpl-a3aac34f-b46b-43f5-94a8-28eba8461e96/datanode-3/data/ratis/0b9f5e14-3c51-45cc-8d27-34fa3b40fcdd for RaftStorage:Storage Directory /workdir/hadoop-ozone/integration-test/target/test-dir/MiniOzoneClusterImpl-a3aac34f-b46b-43f5-94a8-28eba8461e96/datanode-3/data/ratis/0b9f5e14-3c51-45cc-8d27-34fa3b40fcdd
2019-08-27 19:09:02,038 [pool-60-thread-1] INFO  server.RaftServerConfigKeys (ConfUtils.java:logGet(43)) - raft.server.log.queue.byte-limit = 2147483647 (custom)
2019-08-27 19:09:02,038 [pool-60-thread-1] INFO  server.RaftServerConfigKeys (ConfUtils.java:logGet(43)) - raft.server.log.queue.element-limit = 1024 (custom)
2019-08-27 19:09:02,038 [pool-60-thread-1] INFO  server.RaftServerConfigKeys (ConfUtils.java:logGet(43)) - raft.server.log.segment.size.max = 1048576 (custom)
2019-08-27 19:09:02,038 [pool-60-thread-1] INFO  server.RaftServerConfigKeys (ConfUtils.java:logGet(43)) - raft.server.log.preallocated.size = 16384 (custom)
2019-08-27 19:09:02,038 [pool-60-thread-1] INFO  server.RaftServerConfigKeys (ConfUtils.java:logGet(43)) - raft.server.log.write.buffer.size = 33554432 (custom)
2019-08-27 19:09:02,038 [pool-60-thread-1] INFO  server.RaftServerConfigKeys (ConfUtils.java:logGet(43)) - raft.server.log.force.sync.num = 128 (default)
2019-08-27 19:09:02,039 [pool-60-thread-1] INFO  server.RaftServerConfigKeys (ConfUtils.java:logGet(43)) - raft.server.log.statemachine.data.sync = true (default)
2019-08-27 19:09:02,039 [pool-60-thread-1] INFO  server.RaftServerConfigKeys (ConfUtils.java:logGet(43)) - raft.server.log.statemachine.data.sync.timeout = 10s (default)
2019-08-27 19:09:02,039 [pool-60-thread-1] INFO  server.RaftServerConfigKeys (ConfUtils.java:logGet(43)) - raft.server.log.statemachine.data.sync.timeout.retry = -1 (default)
2019-08-27 19:09:02,039 [pool-60-thread-1] INFO  server.RaftServerConfigKeys (ConfUtils.java:logGet(43)) - raft.server.log.statemachine.data.caching.enabled = true (custom)
2019-08-27 19:09:02,040 [pool-60-thread-1] INFO  segmented.SegmentedRaftLogWorker (SegmentedRaftLogWorker.java:lambda$new$0(132)) - cd393f82-50d2-4f3f-a7d0-1a4d5e03aa9d-SegmentedRaftLogWorker:Storage Directory /workdir/hadoop-ozone/integration-test/target/test-dir/MiniOzoneClusterImpl-a3aac34f-b46b-43f5-94a8-28eba8461e96/datanode-3/data/ratis/0b9f5e14-3c51-45cc-8d27-34fa3b40fcdd: flushIndex: setUnconditionally 0 -> -1
2019-08-27 19:09:02,040 [pool-60-thread-1] INFO  server.RaftServerConfigKeys (ConfUtils.java:logGet(43)) - raft.server.snapshot.auto.trigger.enabled = true (custom)
2019-08-27 19:09:02,040 [pool-60-thread-1] INFO  server.RaftServerConfigKeys (ConfUtils.java:logGet(43)) - raft.server.snapshot.auto.trigger.threshold = 10000 (custom)
2019-08-27 19:09:02,040 [pool-60-thread-1] INFO  server.RaftServerConfigKeys (ConfUtils.java:logGet(43)) - raft.server.retrycache.expirytime = 600000ms (custom)
2019-08-27 19:09:02,041 [pool-60-thread-1] INFO  impl.RaftServerImpl (RaftServerImpl.java:start(180)) - cd393f82-50d2-4f3f-a7d0-1a4d5e03aa9d: start group-34FA3B40FCDD
2019-08-27 19:09:02,041 [pool-60-thread-1] INFO  impl.RaftServerImpl (RaftServerImpl.java:setRole(171)) - cd393f82-50d2-4f3f-a7d0-1a4d5e03aa9d:group-34FA3B40FCDD changes role from null to FOLLOWER at term 0 for startAsFollower
2019-08-27 19:09:02,041 [pool-60-thread-1] INFO  impl.RoleInfo (RoleInfo.java:updateAndGet(143)) - cd393f82-50d2-4f3f-a7d0-1a4d5e03aa9d: start FollowerState
2019-08-27 19:09:02,041 [pool-60-thread-1] INFO  util.JmxRegister (JmxRegister.java:tryRegister(44)) - Successfully registered JMX Bean with object name Ratis:service=RaftServer,group=group-34FA3B40FCDD,id=cd393f82-50d2-4f3f-a7d0-1a4d5e03aa9d
2019-08-27 19:09:02,051 [RatisPipelineUtilsThread] INFO  pipeline.PipelineStateManager (PipelineStateManager.java:addPipeline(56)) - Created pipeline Pipeline[ Id: 0b9f5e14-3c51-45cc-8d27-34fa3b40fcdd, Nodes: cd393f82-50d2-4f3f-a7d0-1a4d5e03aa9d{ip: 192.168.34.52, host: pr-hdds-2045-zqqll-3317366474, networkLocation: /default-rack, certSerialId: null}, Type:RATIS, Factor:ONE, State:OPEN]
2019-08-27 19:09:02,066 [grpc-default-executor-0] INFO  impl.RaftServerProxy (RaftServerProxy.java:addNew(89)) - d0865055-687d-480b-928d-c7ffb20d2627: addNew group-F5AA5AF91D04:[d0865055-687d-480b-928d-c7ffb20d2627:192.168.34.52:35778] returns group-F5AA5AF91D04:java.util.concurrent.CompletableFuture@626da692[Not completed]
2019-08-27 19:09:02,069 [pool-49-thread-1] INFO  impl.RaftServerImpl (RaftServerImpl.java:<init>(93)) - d0865055-687d-480b-928d-c7ffb20d2627: new RaftServerImpl for group-F5AA5AF91D04:[d0865055-687d-480b-928d-c7ffb20d2627:192.168.34.52:35778] with ContainerStateMachine:uninitialized
2019-08-27 19:09:02,069 [pool-49-thread-1] INFO  server.RaftServerConfigKeys (ConfUtils.java:logGet(43)) - raft.server.rpc.timeout.min = 5s (custom)
2019-08-27 19:09:02,070 [pool-49-thread-1] INFO  server.RaftServerConfigKeys (ConfUtils.java:logGet(43)) - raft.server.rpc.timeout.max = 5200ms (custom)
2019-08-27 19:09:02,070 [pool-49-thread-1] INFO  server.RaftServerConfigKeys (ConfUtils.java:logGet(43)) - raft.server.rpcslowness.timeout = 120s (custom)
2019-08-27 19:09:02,070 [pool-49-thread-1] INFO  server.RaftServerConfigKeys (ConfUtils.java:logGet(43)) - raft.server.sleep.deviation.threshold = 300 (default)
2019-08-27 19:09:02,070 [pool-49-thread-1] INFO  server.RaftServerConfigKeys (ConfUtils.java:logGet(43)) - raft.server.log.appender.install.snapshot.enabled = false (custom)
2019-08-27 19:09:02,070 [pool-49-thread-1] INFO  impl.RaftServerImpl (ServerState.java:<init>(105)) - d0865055-687d-480b-928d-c7ffb20d2627:group-F5AA5AF91D04 ConfigurationManager, init=-1: [d0865055-687d-480b-928d-c7ffb20d2627:192.168.34.52:35778], old=null, confs=<EMPTY_MAP>
2019-08-27 19:09:02,071 [pool-49-thread-1] INFO  server.RaftServerConfigKeys (ConfUtils.java:logGet(43)) - raft.server.storage.dir = [/workdir/hadoop-ozone/integration-test/target/test-dir/MiniOzoneClusterImpl-a3aac34f-b46b-43f5-94a8-28eba8461e96/datanode-2/data/ratis] (custom)
2019-08-27 19:09:02,071 [pool-49-thread-1] INFO  storage.RaftStorageDirectory (RaftStorageDirectory.java:analyzeStorage(246)) - The storage directory /workdir/hadoop-ozone/integration-test/target/test-dir/MiniOzoneClusterImpl-a3aac34f-b46b-43f5-94a8-28eba8461e96/datanode-2/data/ratis/6082b155-728c-4e7b-953f-f5aa5af91d04 does not exist. Creating ...
2019-08-27 19:09:02,084 [pool-49-thread-1] INFO  storage.RaftStorageDirectory (RaftStorageDirectory.java:tryLock(328)) - Lock on /workdir/hadoop-ozone/integration-test/target/test-dir/MiniOzoneClusterImpl-a3aac34f-b46b-43f5-94a8-28eba8461e96/datanode-2/data/ratis/6082b155-728c-4e7b-953f-f5aa5af91d04/in_use.lock acquired by nodename 1993@pr-hdds-2045-zqqll-3317366474
2019-08-27 19:09:02,098 [pool-49-thread-1] INFO  storage.RaftStorage (RaftStorage.java:format(72)) - Storage directory /workdir/hadoop-ozone/integration-test/target/test-dir/MiniOzoneClusterImpl-a3aac34f-b46b-43f5-94a8-28eba8461e96/datanode-2/data/ratis/6082b155-728c-4e7b-953f-f5aa5af91d04 has been successfully formatted.
2019-08-27 19:09:02,098 [pool-49-thread-1] INFO  ratis.ContainerStateMachine (ContainerStateMachine.java:loadSnapshot(226)) - group-F5AA5AF91D04: The snapshot info is null. Setting the last applied indexto:(t:0, i:~)
2019-08-27 19:09:02,099 [pool-49-thread-1] INFO  server.RaftServerConfigKeys (ConfUtils.java:logGet(43)) - raft.server.leader.election.timeout = 120s (custom)
2019-08-27 19:09:02,099 [pool-49-thread-1] INFO  server.RaftServerConfigKeys (ConfUtils.java:logGet(43)) - raft.server.log.use.memory = false (default)
2019-08-27 19:09:02,099 [pool-49-thread-1] INFO  server.RaftServerConfigKeys (ConfUtils.java:logGet(43)) - raft.server.log.purge.gap = 1000000 (custom)
2019-08-27 19:09:02,099 [pool-49-thread-1] INFO  server.RaftServerConfigKeys (ConfUtils.java:logGet(43)) - raft.server.log.appender.buffer.byte-limit = 33554432 (custom)
2019-08-27 19:09:02,099 [pool-49-thread-1] INFO  server.RaftServerConfigKeys (ConfUtils.java:logGet(43)) - raft.server.log.segment.size.max = 1048576 (custom)
2019-08-27 19:09:02,099 [pool-49-thread-1] INFO  server.RaftServerConfigKeys (ConfUtils.java:logGet(43)) - raft.server.log.segment.cache.num.max = 2 (custom)
2019-08-27 19:09:02,100 [pool-49-thread-1] INFO  segmented.SegmentedRaftLogWorker (SegmentedRaftLogWorker.java:<init>(172)) - new d0865055-687d-480b-928d-c7ffb20d2627-SegmentedRaftLogWorker:Storage Directory /workdir/hadoop-ozone/integration-test/target/test-dir/MiniOzoneClusterImpl-a3aac34f-b46b-43f5-94a8-28eba8461e96/datanode-2/data/ratis/6082b155-728c-4e7b-953f-f5aa5af91d04 for RaftStorage:Storage Directory /workdir/hadoop-ozone/integration-test/target/test-dir/MiniOzoneClusterImpl-a3aac34f-b46b-43f5-94a8-28eba8461e96/datanode-2/data/ratis/6082b155-728c-4e7b-953f-f5aa5af91d04
2019-08-27 19:09:02,100 [pool-49-thread-1] INFO  server.RaftServerConfigKeys (ConfUtils.java:logGet(43)) - raft.server.log.queue.byte-limit = 2147483647 (custom)
2019-08-27 19:09:02,100 [pool-49-thread-1] INFO  server.RaftServerConfigKeys (ConfUtils.java:logGet(43)) - raft.server.log.queue.element-limit = 1024 (custom)
2019-08-27 19:09:02,100 [pool-49-thread-1] INFO  server.RaftServerConfigKeys (ConfUtils.java:logGet(43)) - raft.server.log.segment.size.max = 1048576 (custom)
2019-08-27 19:09:02,101 [pool-49-thread-1] INFO  server.RaftServerConfigKeys (ConfUtils.java:logGet(43)) - raft.server.log.preallocated.size = 16384 (custom)
2019-08-27 19:09:02,101 [pool-49-thread-1] INFO  server.RaftServerConfigKeys (ConfUtils.java:logGet(43)) - raft.server.log.write.buffer.size = 33554432 (custom)
2019-08-27 19:09:02,101 [pool-49-thread-1] INFO  server.RaftServerConfigKeys (ConfUtils.java:logGet(43)) - raft.server.log.force.sync.num = 128 (default)
2019-08-27 19:09:02,101 [pool-49-thread-1] INFO  server.RaftServerConfigKeys (ConfUtils.java:logGet(43)) - raft.server.log.statemachine.data.sync = true (default)
2019-08-27 19:09:02,101 [pool-49-thread-1] INFO  server.RaftServerConfigKeys (ConfUtils.java:logGet(43)) - raft.server.log.statemachine.data.sync.timeout = 10s (default)
2019-08-27 19:09:02,102 [pool-49-thread-1] INFO  server.RaftServerConfigKeys (ConfUtils.java:logGet(43)) - raft.server.log.statemachine.data.sync.timeout.retry = -1 (default)
2019-08-27 19:09:02,102 [pool-49-thread-1] INFO  server.RaftServerConfigKeys (ConfUtils.java:logGet(43)) - raft.server.log.statemachine.data.caching.enabled = true (custom)
2019-08-27 19:09:02,102 [pool-49-thread-1] INFO  segmented.SegmentedRaftLogWorker (SegmentedRaftLogWorker.java:lambda$new$0(132)) - d0865055-687d-480b-928d-c7ffb20d2627-SegmentedRaftLogWorker:Storage Directory /workdir/hadoop-ozone/integration-test/target/test-dir/MiniOzoneClusterImpl-a3aac34f-b46b-43f5-94a8-28eba8461e96/datanode-2/data/ratis/6082b155-728c-4e7b-953f-f5aa5af91d04: flushIndex: setUnconditionally 0 -> -1
2019-08-27 19:09:02,103 [pool-49-thread-1] INFO  server.RaftServerConfigKeys (ConfUtils.java:logGet(43)) - raft.server.snapshot.auto.trigger.enabled = true (custom)
2019-08-27 19:09:02,103 [pool-49-thread-1] INFO  server.RaftServerConfigKeys (ConfUtils.java:logGet(43)) - raft.server.snapshot.auto.trigger.threshold = 10000 (custom)
2019-08-27 19:09:02,103 [pool-49-thread-1] INFO  server.RaftServerConfigKeys (ConfUtils.java:logGet(43)) - raft.server.retrycache.expirytime = 600000ms (custom)
2019-08-27 19:09:02,104 [pool-49-thread-1] INFO  impl.RaftServerImpl (RaftServerImpl.java:start(180)) - d0865055-687d-480b-928d-c7ffb20d2627: start group-F5AA5AF91D04
2019-08-27 19:09:02,104 [pool-49-thread-1] INFO  impl.RaftServerImpl (RaftServerImpl.java:setRole(171)) - d0865055-687d-480b-928d-c7ffb20d2627:group-F5AA5AF91D04 changes role from null to FOLLOWER at term 0 for startAsFollower
2019-08-27 19:09:02,104 [pool-49-thread-1] INFO  impl.RoleInfo (RoleInfo.java:updateAndGet(143)) - d0865055-687d-480b-928d-c7ffb20d2627: start FollowerState
2019-08-27 19:09:02,104 [pool-49-thread-1] INFO  util.JmxRegister (JmxRegister.java:tryRegister(44)) - Successfully registered JMX Bean with object name Ratis:service=RaftServer,group=group-F5AA5AF91D04,id=d0865055-687d-480b-928d-c7ffb20d2627
2019-08-27 19:09:02,124 [RatisPipelineUtilsThread] INFO  pipeline.PipelineStateManager (PipelineStateManager.java:addPipeline(56)) - Created pipeline Pipeline[ Id: 6082b155-728c-4e7b-953f-f5aa5af91d04, Nodes: d0865055-687d-480b-928d-c7ffb20d2627{ip: 192.168.34.52, host: pr-hdds-2045-zqqll-3317366474, networkLocation: /default-rack, certSerialId: null}, Type:RATIS, Factor:ONE, State:OPEN]
2019-08-27 19:09:02,159 [grpc-default-executor-2] INFO  impl.RaftServerProxy (RaftServerProxy.java:addNew(89)) - ba29cdba-9247-4871-9d52-a9c6f2c8acb8: addNew group-1757ACDFB26B:[9ffcda27-0104-4d9f-ad29-5d6501b164ff:192.168.34.52:34400, b9013286-53b5-41d8-8a21-1ab40203d76e:192.168.34.52:36296, ba29cdba-9247-4871-9d52-a9c6f2c8acb8:192.168.34.52:32914] returns group-1757ACDFB26B:java.util.concurrent.CompletableFuture@255d7aaf[Not completed]
2019-08-27 19:09:02,159 [grpc-default-executor-1] INFO  impl.RaftServerProxy (RaftServerProxy.java:addNew(89)) - b9013286-53b5-41d8-8a21-1ab40203d76e: addNew group-1757ACDFB26B:[9ffcda27-0104-4d9f-ad29-5d6501b164ff:192.168.34.52:34400, b9013286-53b5-41d8-8a21-1ab40203d76e:192.168.34.52:36296, ba29cdba-9247-4871-9d52-a9c6f2c8acb8:192.168.34.52:32914] returns group-1757ACDFB26B:java.util.concurrent.CompletableFuture@5edf5e29[Not completed]
2019-08-27 19:09:02,162 [pool-93-thread-1] INFO  impl.RaftServerImpl (RaftServerImpl.java:<init>(93)) - ba29cdba-9247-4871-9d52-a9c6f2c8acb8: new RaftServerImpl for group-1757ACDFB26B:[9ffcda27-0104-4d9f-ad29-5d6501b164ff:192.168.34.52:34400, b9013286-53b5-41d8-8a21-1ab40203d76e:192.168.34.52:36296, ba29cdba-9247-4871-9d52-a9c6f2c8acb8:192.168.34.52:32914] with ContainerStateMachine:uninitialized
2019-08-27 19:09:02,162 [pool-93-thread-1] INFO  server.RaftServerConfigKeys (ConfUtils.java:logGet(43)) - raft.server.rpc.timeout.min = 5s (custom)
2019-08-27 19:09:02,162 [pool-93-thread-1] INFO  server.RaftServerConfigKeys (ConfUtils.java:logGet(43)) - raft.server.rpc.timeout.max = 5200ms (custom)
2019-08-27 19:09:02,163 [pool-93-thread-1] INFO  server.RaftServerConfigKeys (ConfUtils.java:logGet(43)) - raft.server.rpcslowness.timeout = 120s (custom)
2019-08-27 19:09:02,163 [pool-93-thread-1] INFO  server.RaftServerConfigKeys (ConfUtils.java:logGet(43)) - raft.server.sleep.deviation.threshold = 300 (default)
2019-08-27 19:09:02,163 [pool-93-thread-1] INFO  server.RaftServerConfigKeys (ConfUtils.java:logGet(43)) - raft.server.log.appender.install.snapshot.enabled = false (custom)
2019-08-27 19:09:02,163 [grpc-default-executor-1] INFO  impl.RaftServerProxy (RaftServerProxy.java:addNew(89)) - 9ffcda27-0104-4d9f-ad29-5d6501b164ff: addNew group-1757ACDFB26B:[9ffcda27-0104-4d9f-ad29-5d6501b164ff:192.168.34.52:34400, b9013286-53b5-41d8-8a21-1ab40203d76e:192.168.34.52:36296, ba29cdba-9247-4871-9d52-a9c6f2c8acb8:192.168.34.52:32914] returns group-1757ACDFB26B:java.util.concurrent.CompletableFuture@76bda849[Not completed]
2019-08-27 19:09:02,163 [pool-93-thread-1] INFO  impl.RaftServerImpl (ServerState.java:<init>(105)) - ba29cdba-9247-4871-9d52-a9c6f2c8acb8:group-1757ACDFB26B ConfigurationManager, init=-1: [9ffcda27-0104-4d9f-ad29-5d6501b164ff:192.168.34.52:34400, b9013286-53b5-41d8-8a21-1ab40203d76e:192.168.34.52:36296, ba29cdba-9247-4871-9d52-a9c6f2c8acb8:192.168.34.52:32914], old=null, confs=<EMPTY_MAP>
2019-08-27 19:09:02,163 [pool-38-thread-1] INFO  impl.RaftServerImpl (RaftServerImpl.java:<init>(93)) - b9013286-53b5-41d8-8a21-1ab40203d76e: new RaftServerImpl for group-1757ACDFB26B:[9ffcda27-0104-4d9f-ad29-5d6501b164ff:192.168.34.52:34400, b9013286-53b5-41d8-8a21-1ab40203d76e:192.168.34.52:36296, ba29cdba-9247-4871-9d52-a9c6f2c8acb8:192.168.34.52:32914] with ContainerStateMachine:uninitialized
2019-08-27 19:09:02,163 [pool-93-thread-1] INFO  server.RaftServerConfigKeys (ConfUtils.java:logGet(43)) - raft.server.storage.dir = [/workdir/hadoop-ozone/integration-test/target/test-dir/MiniOzoneClusterImpl-a3aac34f-b46b-43f5-94a8-28eba8461e96/datanode-6/data/ratis] (custom)
2019-08-27 19:09:02,163 [pool-38-thread-1] INFO  server.RaftServerConfigKeys (ConfUtils.java:logGet(43)) - raft.server.rpc.timeout.min = 5s (custom)
2019-08-27 19:09:02,163 [pool-38-thread-1] INFO  server.RaftServerConfigKeys (ConfUtils.java:logGet(43)) - raft.server.rpc.timeout.max = 5200ms (custom)
2019-08-27 19:09:02,164 [pool-38-thread-1] INFO  server.RaftServerConfigKeys (ConfUtils.java:logGet(43)) - raft.server.rpcslowness.timeout = 120s (custom)
2019-08-27 19:09:02,164 [pool-93-thread-1] INFO  storage.RaftStorageDirectory (RaftStorageDirectory.java:analyzeStorage(246)) - The storage directory /workdir/hadoop-ozone/integration-test/target/test-dir/MiniOzoneClusterImpl-a3aac34f-b46b-43f5-94a8-28eba8461e96/datanode-6/data/ratis/97d38e5f-ec4b-4d30-a7b1-1757acdfb26b does not exist. Creating ...
2019-08-27 19:09:02,164 [pool-38-thread-1] INFO  server.RaftServerConfigKeys (ConfUtils.java:logGet(43)) - raft.server.sleep.deviation.threshold = 300 (default)
2019-08-27 19:09:02,164 [pool-38-thread-1] INFO  server.RaftServerConfigKeys (ConfUtils.java:logGet(43)) - raft.server.log.appender.install.snapshot.enabled = false (custom)
2019-08-27 19:09:02,164 [pool-71-thread-1] INFO  impl.RaftServerImpl (RaftServerImpl.java:<init>(93)) - 9ffcda27-0104-4d9f-ad29-5d6501b164ff: new RaftServerImpl for group-1757ACDFB26B:[9ffcda27-0104-4d9f-ad29-5d6501b164ff:192.168.34.52:34400, b9013286-53b5-41d8-8a21-1ab40203d76e:192.168.34.52:36296, ba29cdba-9247-4871-9d52-a9c6f2c8acb8:192.168.34.52:32914] with ContainerStateMachine:uninitialized
2019-08-27 19:09:02,164 [pool-38-thread-1] INFO  impl.RaftServerImpl (ServerState.java:<init>(105)) - b9013286-53b5-41d8-8a21-1ab40203d76e:group-1757ACDFB26B ConfigurationManager, init=-1: [9ffcda27-0104-4d9f-ad29-5d6501b164ff:192.168.34.52:34400, b9013286-53b5-41d8-8a21-1ab40203d76e:192.168.34.52:36296, ba29cdba-9247-4871-9d52-a9c6f2c8acb8:192.168.34.52:32914], old=null, confs=<EMPTY_MAP>
2019-08-27 19:09:02,164 [pool-71-thread-1] INFO  server.RaftServerConfigKeys (ConfUtils.java:logGet(43)) - raft.server.rpc.timeout.min = 5s (custom)
2019-08-27 19:09:02,164 [pool-38-thread-1] INFO  server.RaftServerConfigKeys (ConfUtils.java:logGet(43)) - raft.server.storage.dir = [/workdir/hadoop-ozone/integration-test/target/test-dir/MiniOzoneClusterImpl-a3aac34f-b46b-43f5-94a8-28eba8461e96/datanode-1/data/ratis] (custom)
2019-08-27 19:09:02,164 [pool-71-thread-1] INFO  server.RaftServerConfigKeys (ConfUtils.java:logGet(43)) - raft.server.rpc.timeout.max = 5200ms (custom)
2019-08-27 19:09:02,165 [pool-71-thread-1] INFO  server.RaftServerConfigKeys (ConfUtils.java:logGet(43)) - raft.server.rpcslowness.timeout = 120s (custom)
2019-08-27 19:09:02,165 [pool-38-thread-1] INFO  storage.RaftStorageDirectory (RaftStorageDirectory.java:analyzeStorage(246)) - The storage directory /workdir/hadoop-ozone/integration-test/target/test-dir/MiniOzoneClusterImpl-a3aac34f-b46b-43f5-94a8-28eba8461e96/datanode-1/data/ratis/97d38e5f-ec4b-4d30-a7b1-1757acdfb26b does not exist. Creating ...
2019-08-27 19:09:02,165 [pool-71-thread-1] INFO  server.RaftServerConfigKeys (ConfUtils.java:logGet(43)) - raft.server.sleep.deviation.threshold = 300 (default)
2019-08-27 19:09:02,165 [pool-71-thread-1] INFO  server.RaftServerConfigKeys (ConfUtils.java:logGet(43)) - raft.server.log.appender.install.snapshot.enabled = false (custom)
2019-08-27 19:09:02,165 [pool-71-thread-1] INFO  impl.RaftServerImpl (ServerState.java:<init>(105)) - 9ffcda27-0104-4d9f-ad29-5d6501b164ff:group-1757ACDFB26B ConfigurationManager, init=-1: [9ffcda27-0104-4d9f-ad29-5d6501b164ff:192.168.34.52:34400, b9013286-53b5-41d8-8a21-1ab40203d76e:192.168.34.52:36296, ba29cdba-9247-4871-9d52-a9c6f2c8acb8:192.168.34.52:32914], old=null, confs=<EMPTY_MAP>
2019-08-27 19:09:02,165 [pool-71-thread-1] INFO  server.RaftServerConfigKeys (ConfUtils.java:logGet(43)) - raft.server.storage.dir = [/workdir/hadoop-ozone/integration-test/target/test-dir/MiniOzoneClusterImpl-a3aac34f-b46b-43f5-94a8-28eba8461e96/datanode-4/data/ratis] (custom)
2019-08-27 19:09:02,166 [pool-71-thread-1] INFO  storage.RaftStorageDirectory (RaftStorageDirectory.java:analyzeStorage(246)) - The storage directory /workdir/hadoop-ozone/integration-test/target/test-dir/MiniOzoneClusterImpl-a3aac34f-b46b-43f5-94a8-28eba8461e96/datanode-4/data/ratis/97d38e5f-ec4b-4d30-a7b1-1757acdfb26b does not exist. Creating ...
2019-08-27 19:09:02,177 [pool-38-thread-1] INFO  storage.RaftStorageDirectory (RaftStorageDirectory.java:tryLock(328)) - Lock on /workdir/hadoop-ozone/integration-test/target/test-dir/MiniOzoneClusterImpl-a3aac34f-b46b-43f5-94a8-28eba8461e96/datanode-1/data/ratis/97d38e5f-ec4b-4d30-a7b1-1757acdfb26b/in_use.lock acquired by nodename 1993@pr-hdds-2045-zqqll-3317366474
2019-08-27 19:09:02,177 [pool-93-thread-1] INFO  storage.RaftStorageDirectory (RaftStorageDirectory.java:tryLock(328)) - Lock on /workdir/hadoop-ozone/integration-test/target/test-dir/MiniOzoneClusterImpl-a3aac34f-b46b-43f5-94a8-28eba8461e96/datanode-6/data/ratis/97d38e5f-ec4b-4d30-a7b1-1757acdfb26b/in_use.lock acquired by nodename 1993@pr-hdds-2045-zqqll-3317366474
2019-08-27 19:09:02,177 [pool-71-thread-1] INFO  storage.RaftStorageDirectory (RaftStorageDirectory.java:tryLock(328)) - Lock on /workdir/hadoop-ozone/integration-test/target/test-dir/MiniOzoneClusterImpl-a3aac34f-b46b-43f5-94a8-28eba8461e96/datanode-4/data/ratis/97d38e5f-ec4b-4d30-a7b1-1757acdfb26b/in_use.lock acquired by nodename 1993@pr-hdds-2045-zqqll-3317366474
2019-08-27 19:09:02,191 [pool-93-thread-1] INFO  storage.RaftStorage (RaftStorage.java:format(72)) - Storage directory /workdir/hadoop-ozone/integration-test/target/test-dir/MiniOzoneClusterImpl-a3aac34f-b46b-43f5-94a8-28eba8461e96/datanode-6/data/ratis/97d38e5f-ec4b-4d30-a7b1-1757acdfb26b has been successfully formatted.
2019-08-27 19:09:02,191 [pool-38-thread-1] INFO  storage.RaftStorage (RaftStorage.java:format(72)) - Storage directory /workdir/hadoop-ozone/integration-test/target/test-dir/MiniOzoneClusterImpl-a3aac34f-b46b-43f5-94a8-28eba8461e96/datanode-1/data/ratis/97d38e5f-ec4b-4d30-a7b1-1757acdfb26b has been successfully formatted.
2019-08-27 19:09:02,191 [pool-71-thread-1] INFO  storage.RaftStorage (RaftStorage.java:format(72)) - Storage directory /workdir/hadoop-ozone/integration-test/target/test-dir/MiniOzoneClusterImpl-a3aac34f-b46b-43f5-94a8-28eba8461e96/datanode-4/data/ratis/97d38e5f-ec4b-4d30-a7b1-1757acdfb26b has been successfully formatted.
2019-08-27 19:09:02,191 [pool-38-thread-1] INFO  ratis.ContainerStateMachine (ContainerStateMachine.java:loadSnapshot(226)) - group-1757ACDFB26B: The snapshot info is null. Setting the last applied indexto:(t:0, i:~)
2019-08-27 19:09:02,191 [pool-93-thread-1] INFO  ratis.ContainerStateMachine (ContainerStateMachine.java:loadSnapshot(226)) - group-1757ACDFB26B: The snapshot info is null. Setting the last applied indexto:(t:0, i:~)
2019-08-27 19:09:02,192 [pool-71-thread-1] INFO  ratis.ContainerStateMachine (ContainerStateMachine.java:loadSnapshot(226)) - group-1757ACDFB26B: The snapshot info is null. Setting the last applied indexto:(t:0, i:~)
2019-08-27 19:09:02,192 [pool-38-thread-1] INFO  server.RaftServerConfigKeys (ConfUtils.java:logGet(43)) - raft.server.leader.election.timeout = 120s (custom)
2019-08-27 19:09:02,192 [pool-71-thread-1] INFO  server.RaftServerConfigKeys (ConfUtils.java:logGet(43)) - raft.server.leader.election.timeout = 120s (custom)
2019-08-27 19:09:02,192 [pool-38-thread-1] INFO  server.RaftServerConfigKeys (ConfUtils.java:logGet(43)) - raft.server.log.use.memory = false (default)
2019-08-27 19:09:02,192 [pool-93-thread-1] INFO  server.RaftServerConfigKeys (ConfUtils.java:logGet(43)) - raft.server.leader.election.timeout = 120s (custom)
2019-08-27 19:09:02,192 [pool-38-thread-1] INFO  server.RaftServerConfigKeys (ConfUtils.java:logGet(43)) - raft.server.log.purge.gap = 1000000 (custom)
2019-08-27 19:09:02,192 [pool-71-thread-1] INFO  server.RaftServerConfigKeys (ConfUtils.java:logGet(43)) - raft.server.log.use.memory = false (default)
2019-08-27 19:09:02,193 [pool-38-thread-1] INFO  server.RaftServerConfigKeys (ConfUtils.java:logGet(43)) - raft.server.log.appender.buffer.byte-limit = 33554432 (custom)
2019-08-27 19:09:02,193 [pool-93-thread-1] INFO  server.RaftServerConfigKeys (ConfUtils.java:logGet(43)) - raft.server.log.use.memory = false (default)
2019-08-27 19:09:02,193 [pool-38-thread-1] INFO  server.RaftServerConfigKeys (ConfUtils.java:logGet(43)) - raft.server.log.segment.size.max = 1048576 (custom)
2019-08-27 19:09:02,193 [pool-71-thread-1] INFO  server.RaftServerConfigKeys (ConfUtils.java:logGet(43)) - raft.server.log.purge.gap = 1000000 (custom)
2019-08-27 19:09:02,193 [pool-38-thread-1] INFO  server.RaftServerConfigKeys (ConfUtils.java:logGet(43)) - raft.server.log.segment.cache.num.max = 2 (custom)
2019-08-27 19:09:02,193 [pool-93-thread-1] INFO  server.RaftServerConfigKeys (ConfUtils.java:logGet(43)) - raft.server.log.purge.gap = 1000000 (custom)
2019-08-27 19:09:02,194 [pool-38-thread-1] INFO  segmented.SegmentedRaftLogWorker (SegmentedRaftLogWorker.java:<init>(172)) - new b9013286-53b5-41d8-8a21-1ab40203d76e-SegmentedRaftLogWorker:Storage Directory /workdir/hadoop-ozone/integration-test/target/test-dir/MiniOzoneClusterImpl-a3aac34f-b46b-43f5-94a8-28eba8461e96/datanode-1/data/ratis/97d38e5f-ec4b-4d30-a7b1-1757acdfb26b for RaftStorage:Storage Directory /workdir/hadoop-ozone/integration-test/target/test-dir/MiniOzoneClusterImpl-a3aac34f-b46b-43f5-94a8-28eba8461e96/datanode-1/data/ratis/97d38e5f-ec4b-4d30-a7b1-1757acdfb26b
2019-08-27 19:09:02,193 [pool-71-thread-1] INFO  server.RaftServerConfigKeys (ConfUtils.java:logGet(43)) - raft.server.log.appender.buffer.byte-limit = 33554432 (custom)
2019-08-27 19:09:02,194 [pool-38-thread-1] INFO  server.RaftServerConfigKeys (ConfUtils.java:logGet(43)) - raft.server.log.queue.byte-limit = 2147483647 (custom)
2019-08-27 19:09:02,194 [pool-93-thread-1] INFO  server.RaftServerConfigKeys (ConfUtils.java:logGet(43)) - raft.server.log.appender.buffer.byte-limit = 33554432 (custom)
2019-08-27 19:09:02,196 [pool-38-thread-1] INFO  server.RaftServerConfigKeys (ConfUtils.java:logGet(43)) - raft.server.log.queue.element-limit = 1024 (custom)
2019-08-27 19:09:02,196 [pool-71-thread-1] INFO  server.RaftServerConfigKeys (ConfUtils.java:logGet(43)) - raft.server.log.segment.size.max = 1048576 (custom)
2019-08-27 19:09:02,196 [pool-38-thread-1] INFO  server.RaftServerConfigKeys (ConfUtils.java:logGet(43)) - raft.server.log.segment.size.max = 1048576 (custom)
2019-08-27 19:09:02,196 [pool-93-thread-1] INFO  server.RaftServerConfigKeys (ConfUtils.java:logGet(43)) - raft.server.log.segment.size.max = 1048576 (custom)
2019-08-27 19:09:02,196 [pool-38-thread-1] INFO  server.RaftServerConfigKeys (ConfUtils.java:logGet(43)) - raft.server.log.preallocated.size = 16384 (custom)
2019-08-27 19:09:02,196 [pool-71-thread-1] INFO  server.RaftServerConfigKeys (ConfUtils.java:logGet(43)) - raft.server.log.segment.cache.num.max = 2 (custom)
2019-08-27 19:09:02,197 [pool-38-thread-1] INFO  server.RaftServerConfigKeys (ConfUtils.java:logGet(43)) - raft.server.log.write.buffer.size = 33554432 (custom)
2019-08-27 19:09:02,197 [pool-93-thread-1] INFO  server.RaftServerConfigKeys (ConfUtils.java:logGet(43)) - raft.server.log.segment.cache.num.max = 2 (custom)
2019-08-27 19:09:02,197 [pool-38-thread-1] INFO  server.RaftServerConfigKeys (ConfUtils.java:logGet(43)) - raft.server.log.force.sync.num = 128 (default)
2019-08-27 19:09:02,197 [pool-71-thread-1] INFO  segmented.SegmentedRaftLogWorker (SegmentedRaftLogWorker.java:<init>(172)) - new 9ffcda27-0104-4d9f-ad29-5d6501b164ff-SegmentedRaftLogWorker:Storage Directory /workdir/hadoop-ozone/integration-test/target/test-dir/MiniOzoneClusterImpl-a3aac34f-b46b-43f5-94a8-28eba8461e96/datanode-4/data/ratis/97d38e5f-ec4b-4d30-a7b1-1757acdfb26b for RaftStorage:Storage Directory /workdir/hadoop-ozone/integration-test/target/test-dir/MiniOzoneClusterImpl-a3aac34f-b46b-43f5-94a8-28eba8461e96/datanode-4/data/ratis/97d38e5f-ec4b-4d30-a7b1-1757acdfb26b
2019-08-27 19:09:02,197 [pool-38-thread-1] INFO  server.RaftServerConfigKeys (ConfUtils.java:logGet(43)) - raft.server.log.statemachine.data.sync = true (default)
2019-08-27 19:09:02,197 [pool-93-thread-1] INFO  segmented.SegmentedRaftLogWorker (SegmentedRaftLogWorker.java:<init>(172)) - new ba29cdba-9247-4871-9d52-a9c6f2c8acb8-SegmentedRaftLogWorker:Storage Directory /workdir/hadoop-ozone/integration-test/target/test-dir/MiniOzoneClusterImpl-a3aac34f-b46b-43f5-94a8-28eba8461e96/datanode-6/data/ratis/97d38e5f-ec4b-4d30-a7b1-1757acdfb26b for RaftStorage:Storage Directory /workdir/hadoop-ozone/integration-test/target/test-dir/MiniOzoneClusterImpl-a3aac34f-b46b-43f5-94a8-28eba8461e96/datanode-6/data/ratis/97d38e5f-ec4b-4d30-a7b1-1757acdfb26b
2019-08-27 19:09:02,199 [pool-38-thread-1] INFO  server.RaftServerConfigKeys (ConfUtils.java:logGet(43)) - raft.server.log.statemachine.data.sync.timeout = 10s (default)
2019-08-27 19:09:02,199 [pool-38-thread-1] INFO  server.RaftServerConfigKeys (ConfUtils.java:logGet(43)) - raft.server.log.statemachine.data.sync.timeout.retry = -1 (default)
2019-08-27 19:09:02,198 [pool-71-thread-1] INFO  server.RaftServerConfigKeys (ConfUtils.java:logGet(43)) - raft.server.log.queue.byte-limit = 2147483647 (custom)
2019-08-27 19:09:02,201 [pool-38-thread-1] INFO  server.RaftServerConfigKeys (ConfUtils.java:logGet(43)) - raft.server.log.statemachine.data.caching.enabled = true (custom)
2019-08-27 19:09:02,199 [pool-93-thread-1] INFO  server.RaftServerConfigKeys (ConfUtils.java:logGet(43)) - raft.server.log.queue.byte-limit = 2147483647 (custom)
2019-08-27 19:09:02,201 [pool-71-thread-1] INFO  server.RaftServerConfigKeys (ConfUtils.java:logGet(43)) - raft.server.log.queue.element-limit = 1024 (custom)
2019-08-27 19:09:02,202 [pool-93-thread-1] INFO  server.RaftServerConfigKeys (ConfUtils.java:logGet(43)) - raft.server.log.queue.element-limit = 1024 (custom)
2019-08-27 19:09:02,202 [pool-38-thread-1] INFO  segmented.SegmentedRaftLogWorker (SegmentedRaftLogWorker.java:lambda$new$0(132)) - b9013286-53b5-41d8-8a21-1ab40203d76e-SegmentedRaftLogWorker:Storage Directory /workdir/hadoop-ozone/integration-test/target/test-dir/MiniOzoneClusterImpl-a3aac34f-b46b-43f5-94a8-28eba8461e96/datanode-1/data/ratis/97d38e5f-ec4b-4d30-a7b1-1757acdfb26b: flushIndex: setUnconditionally 0 -> -1
2019-08-27 19:09:02,202 [pool-93-thread-1] INFO  server.RaftServerConfigKeys (ConfUtils.java:logGet(43)) - raft.server.log.segment.size.max = 1048576 (custom)
2019-08-27 19:09:02,202 [pool-71-thread-1] INFO  server.RaftServerConfigKeys (ConfUtils.java:logGet(43)) - raft.server.log.segment.size.max = 1048576 (custom)
2019-08-27 19:09:02,202 [pool-93-thread-1] INFO  server.RaftServerConfigKeys (ConfUtils.java:logGet(43)) - raft.server.log.preallocated.size = 16384 (custom)
2019-08-27 19:09:02,202 [pool-38-thread-1] INFO  server.RaftServerConfigKeys (ConfUtils.java:logGet(43)) - raft.server.snapshot.auto.trigger.enabled = true (custom)
2019-08-27 19:09:02,202 [pool-93-thread-1] INFO  server.RaftServerConfigKeys (ConfUtils.java:logGet(43)) - raft.server.log.write.buffer.size = 33554432 (custom)
2019-08-27 19:09:02,203 [pool-93-thread-1] INFO  server.RaftServerConfigKeys (ConfUtils.java:logGet(43)) - raft.server.log.force.sync.num = 128 (default)
2019-08-27 19:09:02,202 [pool-71-thread-1] INFO  server.RaftServerConfigKeys (ConfUtils.java:logGet(43)) - raft.server.log.preallocated.size = 16384 (custom)
2019-08-27 19:09:02,203 [pool-93-thread-1] INFO  server.RaftServerConfigKeys (ConfUtils.java:logGet(43)) - raft.server.log.statemachine.data.sync = true (default)
2019-08-27 19:09:02,203 [pool-38-thread-1] INFO  server.RaftServerConfigKeys (ConfUtils.java:logGet(43)) - raft.server.snapshot.auto.trigger.threshold = 10000 (custom)
2019-08-27 19:09:02,203 [pool-93-thread-1] INFO  server.RaftServerConfigKeys (ConfUtils.java:logGet(43)) - raft.server.log.statemachine.data.sync.timeout = 10s (default)
2019-08-27 19:09:02,203 [pool-71-thread-1] INFO  server.RaftServerConfigKeys (ConfUtils.java:logGet(43)) - raft.server.log.write.buffer.size = 33554432 (custom)
2019-08-27 19:09:02,204 [pool-93-thread-1] INFO  server.RaftServerConfigKeys (ConfUtils.java:logGet(43)) - raft.server.log.statemachine.data.sync.timeout.retry = -1 (default)
2019-08-27 19:09:02,203 [pool-38-thread-1] INFO  server.RaftServerConfigKeys (ConfUtils.java:logGet(43)) - raft.server.retrycache.expirytime = 600000ms (custom)
2019-08-27 19:09:02,204 [pool-93-thread-1] INFO  server.RaftServerConfigKeys (ConfUtils.java:logGet(43)) - raft.server.log.statemachine.data.caching.enabled = true (custom)
2019-08-27 19:09:02,204 [pool-71-thread-1] INFO  server.RaftServerConfigKeys (ConfUtils.java:logGet(43)) - raft.server.log.force.sync.num = 128 (default)
2019-08-27 19:09:02,204 [pool-93-thread-1] INFO  segmented.SegmentedRaftLogWorker (SegmentedRaftLogWorker.java:lambda$new$0(132)) - ba29cdba-9247-4871-9d52-a9c6f2c8acb8-SegmentedRaftLogWorker:Storage Directory /workdir/hadoop-ozone/integration-test/target/test-dir/MiniOzoneClusterImpl-a3aac34f-b46b-43f5-94a8-28eba8461e96/datanode-6/data/ratis/97d38e5f-ec4b-4d30-a7b1-1757acdfb26b: flushIndex: setUnconditionally 0 -> -1
2019-08-27 19:09:02,204 [pool-38-thread-1] INFO  impl.RaftServerImpl (RaftServerImpl.java:start(180)) - b9013286-53b5-41d8-8a21-1ab40203d76e: start group-1757ACDFB26B
2019-08-27 19:09:02,204 [pool-71-thread-1] INFO  server.RaftServerConfigKeys (ConfUtils.java:logGet(43)) - raft.server.log.statemachine.data.sync = true (default)
2019-08-27 19:09:02,205 [pool-93-thread-1] INFO  server.RaftServerConfigKeys (ConfUtils.java:logGet(43)) - raft.server.snapshot.auto.trigger.enabled = true (custom)
2019-08-27 19:09:02,205 [pool-38-thread-1] INFO  impl.RaftServerImpl (RaftServerImpl.java:setRole(171)) - b9013286-53b5-41d8-8a21-1ab40203d76e:group-1757ACDFB26B changes role from null to FOLLOWER at term 0 for startAsFollower
2019-08-27 19:09:02,205 [pool-93-thread-1] INFO  server.RaftServerConfigKeys (ConfUtils.java:logGet(43)) - raft.server.snapshot.auto.trigger.threshold = 10000 (custom)
2019-08-27 19:09:02,205 [pool-71-thread-1] INFO  server.RaftServerConfigKeys (ConfUtils.java:logGet(43)) - raft.server.log.statemachine.data.sync.timeout = 10s (default)
2019-08-27 19:09:02,205 [pool-93-thread-1] INFO  server.RaftServerConfigKeys (ConfUtils.java:logGet(43)) - raft.server.retrycache.expirytime = 600000ms (custom)
2019-08-27 19:09:02,205 [pool-38-thread-1] INFO  impl.RoleInfo (RoleInfo.java:updateAndGet(143)) - b9013286-53b5-41d8-8a21-1ab40203d76e: start FollowerState
2019-08-27 19:09:02,206 [pool-93-thread-1] INFO  impl.RaftServerImpl (RaftServerImpl.java:start(180)) - ba29cdba-9247-4871-9d52-a9c6f2c8acb8: start group-1757ACDFB26B
2019-08-27 19:09:02,206 [pool-93-thread-1] INFO  impl.RaftServerImpl (RaftServerImpl.java:setRole(171)) - ba29cdba-9247-4871-9d52-a9c6f2c8acb8:group-1757ACDFB26B changes role from null to FOLLOWER at term 0 for startAsFollower
2019-08-27 19:09:02,205 [pool-71-thread-1] INFO  server.RaftServerConfigKeys (ConfUtils.java:logGet(43)) - raft.server.log.statemachine.data.sync.timeout.retry = -1 (default)
2019-08-27 19:09:02,206 [pool-93-thread-1] INFO  impl.RoleInfo (RoleInfo.java:updateAndGet(143)) - ba29cdba-9247-4871-9d52-a9c6f2c8acb8: start FollowerState
2019-08-27 19:09:02,206 [pool-38-thread-1] INFO  util.JmxRegister (JmxRegister.java:tryRegister(44)) - Successfully registered JMX Bean with object name Ratis:service=RaftServer,group=group-1757ACDFB26B,id=b9013286-53b5-41d8-8a21-1ab40203d76e
2019-08-27 19:09:02,206 [pool-71-thread-1] INFO  server.RaftServerConfigKeys (ConfUtils.java:logGet(43)) - raft.server.log.statemachine.data.caching.enabled = true (custom)
2019-08-27 19:09:02,206 [pool-93-thread-1] INFO  util.JmxRegister (JmxRegister.java:tryRegister(44)) - Successfully registered JMX Bean with object name Ratis:service=RaftServer,group=group-1757ACDFB26B,id=ba29cdba-9247-4871-9d52-a9c6f2c8acb8
2019-08-27 19:09:02,207 [pool-71-thread-1] INFO  segmented.SegmentedRaftLogWorker (SegmentedRaftLogWorker.java:lambda$new$0(132)) - 9ffcda27-0104-4d9f-ad29-5d6501b164ff-SegmentedRaftLogWorker:Storage Directory /workdir/hadoop-ozone/integration-test/target/test-dir/MiniOzoneClusterImpl-a3aac34f-b46b-43f5-94a8-28eba8461e96/datanode-4/data/ratis/97d38e5f-ec4b-4d30-a7b1-1757acdfb26b: flushIndex: setUnconditionally 0 -> -1
2019-08-27 19:09:02,207 [pool-71-thread-1] INFO  server.RaftServerConfigKeys (ConfUtils.java:logGet(43)) - raft.server.snapshot.auto.trigger.enabled = true (custom)
2019-08-27 19:09:02,207 [pool-71-thread-1] INFO  server.RaftServerConfigKeys (ConfUtils.java:logGet(43)) - raft.server.snapshot.auto.trigger.threshold = 10000 (custom)
2019-08-27 19:09:02,208 [pool-71-thread-1] INFO  server.RaftServerConfigKeys (ConfUtils.java:logGet(43)) - raft.server.retrycache.expirytime = 600000ms (custom)
2019-08-27 19:09:02,208 [pool-71-thread-1] INFO  impl.RaftServerImpl (RaftServerImpl.java:start(180)) - 9ffcda27-0104-4d9f-ad29-5d6501b164ff: start group-1757ACDFB26B
2019-08-27 19:09:02,208 [pool-71-thread-1] INFO  impl.RaftServerImpl (RaftServerImpl.java:setRole(171)) - 9ffcda27-0104-4d9f-ad29-5d6501b164ff:group-1757ACDFB26B changes role from null to FOLLOWER at term 0 for startAsFollower
2019-08-27 19:09:02,210 [pool-71-thread-1] INFO  impl.RoleInfo (RoleInfo.java:updateAndGet(143)) - 9ffcda27-0104-4d9f-ad29-5d6501b164ff: start FollowerState
2019-08-27 19:09:02,214 [pool-71-thread-1] INFO  util.JmxRegister (JmxRegister.java:tryRegister(44)) - Successfully registered JMX Bean with object name Ratis:service=RaftServer,group=group-1757ACDFB26B,id=9ffcda27-0104-4d9f-ad29-5d6501b164ff
2019-08-27 19:09:02,228 [RatisPipelineUtilsThread] INFO  pipeline.PipelineStateManager (PipelineStateManager.java:addPipeline(56)) - Created pipeline Pipeline[ Id: 97d38e5f-ec4b-4d30-a7b1-1757acdfb26b, Nodes: ba29cdba-9247-4871-9d52-a9c6f2c8acb8{ip: 192.168.34.52, host: pr-hdds-2045-zqqll-3317366474, networkLocation: /default-rack, certSerialId: null}b9013286-53b5-41d8-8a21-1ab40203d76e{ip: 192.168.34.52, host: pr-hdds-2045-zqqll-3317366474, networkLocation: /default-rack, certSerialId: null}9ffcda27-0104-4d9f-ad29-5d6501b164ff{ip: 192.168.34.52, host: pr-hdds-2045-zqqll-3317366474, networkLocation: /default-rack, certSerialId: null}, Type:RATIS, Factor:THREE, State:OPEN]
2019-08-27 19:09:02,263 | INFO  | SCMAudit | user=jenkins1000 | ip=192.168.34.52 | op=SEND_HEARTBEAT {datanodeUUID=4652c2a2-f5fc-4e57-bdef-57b8a38a37ac, command=[]} | ret=SUCCESS |  
2019-08-27 19:09:02,263 [grpc-default-executor-0] INFO  impl.RaftServerProxy (RaftServerProxy.java:addNew(89)) - 4652c2a2-f5fc-4e57-bdef-57b8a38a37ac: addNew group-8A2F0715FE9E:[af3e1e92-ae98-49b3-9ee0-671049e9c04d:192.168.34.52:34887, cd393f82-50d2-4f3f-a7d0-1a4d5e03aa9d:192.168.34.52:34692, 4652c2a2-f5fc-4e57-bdef-57b8a38a37ac:192.168.34.52:33572] returns group-8A2F0715FE9E:java.util.concurrent.CompletableFuture@5764c2e9[Not completed]
2019-08-27 19:09:02,264 [grpc-default-executor-2] INFO  impl.RaftServerProxy (RaftServerProxy.java:addNew(89)) - cd393f82-50d2-4f3f-a7d0-1a4d5e03aa9d: addNew group-8A2F0715FE9E:[af3e1e92-ae98-49b3-9ee0-671049e9c04d:192.168.34.52:34887, cd393f82-50d2-4f3f-a7d0-1a4d5e03aa9d:192.168.34.52:34692, 4652c2a2-f5fc-4e57-bdef-57b8a38a37ac:192.168.34.52:33572] returns group-8A2F0715FE9E:java.util.concurrent.CompletableFuture@67733e5d[Not completed]
2019-08-27 19:09:02,264 [grpc-default-executor-1] INFO  impl.RaftServerProxy (RaftServerProxy.java:addNew(89)) - af3e1e92-ae98-49b3-9ee0-671049e9c04d: addNew group-8A2F0715FE9E:[af3e1e92-ae98-49b3-9ee0-671049e9c04d:192.168.34.52:34887, cd393f82-50d2-4f3f-a7d0-1a4d5e03aa9d:192.168.34.52:34692, 4652c2a2-f5fc-4e57-bdef-57b8a38a37ac:192.168.34.52:33572] returns group-8A2F0715FE9E:java.util.concurrent.CompletableFuture@e064fe4[Not completed]
2019-08-27 19:09:02,267 [pool-27-thread-1] INFO  impl.RaftServerImpl (RaftServerImpl.java:<init>(93)) - 4652c2a2-f5fc-4e57-bdef-57b8a38a37ac: new RaftServerImpl for group-8A2F0715FE9E:[af3e1e92-ae98-49b3-9ee0-671049e9c04d:192.168.34.52:34887, cd393f82-50d2-4f3f-a7d0-1a4d5e03aa9d:192.168.34.52:34692, 4652c2a2-f5fc-4e57-bdef-57b8a38a37ac:192.168.34.52:33572] with ContainerStateMachine:uninitialized
2019-08-27 19:09:02,267 [pool-27-thread-1] INFO  server.RaftServerConfigKeys (ConfUtils.java:logGet(43)) - raft.server.rpc.timeout.min = 5s (custom)
2019-08-27 19:09:02,267 [pool-27-thread-1] INFO  server.RaftServerConfigKeys (ConfUtils.java:logGet(43)) - raft.server.rpc.timeout.max = 5200ms (custom)
2019-08-27 19:09:02,268 [pool-27-thread-1] INFO  server.RaftServerConfigKeys (ConfUtils.java:logGet(43)) - raft.server.rpcslowness.timeout = 120s (custom)
2019-08-27 19:09:02,268 [pool-27-thread-1] INFO  server.RaftServerConfigKeys (ConfUtils.java:logGet(43)) - raft.server.sleep.deviation.threshold = 300 (default)
2019-08-27 19:09:02,268 [pool-27-thread-1] INFO  server.RaftServerConfigKeys (ConfUtils.java:logGet(43)) - raft.server.log.appender.install.snapshot.enabled = false (custom)
2019-08-27 19:09:02,268 [pool-82-thread-1] INFO  impl.RaftServerImpl (RaftServerImpl.java:<init>(93)) - af3e1e92-ae98-49b3-9ee0-671049e9c04d: new RaftServerImpl for group-8A2F0715FE9E:[af3e1e92-ae98-49b3-9ee0-671049e9c04d:192.168.34.52:34887, cd393f82-50d2-4f3f-a7d0-1a4d5e03aa9d:192.168.34.52:34692, 4652c2a2-f5fc-4e57-bdef-57b8a38a37ac:192.168.34.52:33572] with ContainerStateMachine:uninitialized
2019-08-27 19:09:02,268 [pool-27-thread-1] INFO  impl.RaftServerImpl (ServerState.java:<init>(105)) - 4652c2a2-f5fc-4e57-bdef-57b8a38a37ac:group-8A2F0715FE9E ConfigurationManager, init=-1: [af3e1e92-ae98-49b3-9ee0-671049e9c04d:192.168.34.52:34887, cd393f82-50d2-4f3f-a7d0-1a4d5e03aa9d:192.168.34.52:34692, 4652c2a2-f5fc-4e57-bdef-57b8a38a37ac:192.168.34.52:33572], old=null, confs=<EMPTY_MAP>
2019-08-27 19:09:02,268 [pool-82-thread-1] INFO  server.RaftServerConfigKeys (ConfUtils.java:logGet(43)) - raft.server.rpc.timeout.min = 5s (custom)
2019-08-27 19:09:02,268 [pool-27-thread-1] INFO  server.RaftServerConfigKeys (ConfUtils.java:logGet(43)) - raft.server.storage.dir = [/workdir/hadoop-ozone/integration-test/target/test-dir/MiniOzoneClusterImpl-a3aac34f-b46b-43f5-94a8-28eba8461e96/datanode-0/data/ratis] (custom)
2019-08-27 19:09:02,268 [pool-60-thread-1] INFO  impl.RaftServerImpl (RaftServerImpl.java:<init>(93)) - cd393f82-50d2-4f3f-a7d0-1a4d5e03aa9d: new RaftServerImpl for group-8A2F0715FE9E:[af3e1e92-ae98-49b3-9ee0-671049e9c04d:192.168.34.52:34887, cd393f82-50d2-4f3f-a7d0-1a4d5e03aa9d:192.168.34.52:34692, 4652c2a2-f5fc-4e57-bdef-57b8a38a37ac:192.168.34.52:33572] with ContainerStateMachine:uninitialized
2019-08-27 19:09:02,268 [pool-82-thread-1] INFO  server.RaftServerConfigKeys (ConfUtils.java:logGet(43)) - raft.server.rpc.timeout.max = 5200ms (custom)
2019-08-27 19:09:02,269 [pool-60-thread-1] INFO  server.RaftServerConfigKeys (ConfUtils.java:logGet(43)) - raft.server.rpc.timeout.min = 5s (custom)
2019-08-27 19:09:02,269 [pool-82-thread-1] INFO  server.RaftServerConfigKeys (ConfUtils.java:logGet(43)) - raft.server.rpcslowness.timeout = 120s (custom)
2019-08-27 19:09:02,269 [pool-27-thread-1] INFO  storage.RaftStorageDirectory (RaftStorageDirectory.java:analyzeStorage(246)) - The storage directory /workdir/hadoop-ozone/integration-test/target/test-dir/MiniOzoneClusterImpl-a3aac34f-b46b-43f5-94a8-28eba8461e96/datanode-0/data/ratis/e87315a2-9460-4530-8e5d-8a2f0715fe9e does not exist. Creating ...
2019-08-27 19:09:02,269 [pool-82-thread-1] INFO  server.RaftServerConfigKeys (ConfUtils.java:logGet(43)) - raft.server.sleep.deviation.threshold = 300 (default)
2019-08-27 19:09:02,269 [pool-60-thread-1] INFO  server.RaftServerConfigKeys (ConfUtils.java:logGet(43)) - raft.server.rpc.timeout.max = 5200ms (custom)
2019-08-27 19:09:02,269 [pool-82-thread-1] INFO  server.RaftServerConfigKeys (ConfUtils.java:logGet(43)) - raft.server.log.appender.install.snapshot.enabled = false (custom)
2019-08-27 19:09:02,269 [pool-60-thread-1] INFO  server.RaftServerConfigKeys (ConfUtils.java:logGet(43)) - raft.server.rpcslowness.timeout = 120s (custom)
2019-08-27 19:09:02,270 [pool-82-thread-1] INFO  impl.RaftServerImpl (ServerState.java:<init>(105)) - af3e1e92-ae98-49b3-9ee0-671049e9c04d:group-8A2F0715FE9E ConfigurationManager, init=-1: [af3e1e92-ae98-49b3-9ee0-671049e9c04d:192.168.34.52:34887, cd393f82-50d2-4f3f-a7d0-1a4d5e03aa9d:192.168.34.52:34692, 4652c2a2-f5fc-4e57-bdef-57b8a38a37ac:192.168.34.52:33572], old=null, confs=<EMPTY_MAP>
2019-08-27 19:09:02,270 [pool-60-thread-1] INFO  server.RaftServerConfigKeys (ConfUtils.java:logGet(43)) - raft.server.sleep.deviation.threshold = 300 (default)
2019-08-27 19:09:02,270 [pool-60-thread-1] INFO  server.RaftServerConfigKeys (ConfUtils.java:logGet(43)) - raft.server.log.appender.install.snapshot.enabled = false (custom)
2019-08-27 19:09:02,270 [pool-82-thread-1] INFO  server.RaftServerConfigKeys (ConfUtils.java:logGet(43)) - raft.server.storage.dir = [/workdir/hadoop-ozone/integration-test/target/test-dir/MiniOzoneClusterImpl-a3aac34f-b46b-43f5-94a8-28eba8461e96/datanode-5/data/ratis] (custom)
2019-08-27 19:09:02,270 [pool-60-thread-1] INFO  impl.RaftServerImpl (ServerState.java:<init>(105)) - cd393f82-50d2-4f3f-a7d0-1a4d5e03aa9d:group-8A2F0715FE9E ConfigurationManager, init=-1: [af3e1e92-ae98-49b3-9ee0-671049e9c04d:192.168.34.52:34887, cd393f82-50d2-4f3f-a7d0-1a4d5e03aa9d:192.168.34.52:34692, 4652c2a2-f5fc-4e57-bdef-57b8a38a37ac:192.168.34.52:33572], old=null, confs=<EMPTY_MAP>
2019-08-27 19:09:02,270 [pool-60-thread-1] INFO  server.RaftServerConfigKeys (ConfUtils.java:logGet(43)) - raft.server.storage.dir = [/workdir/hadoop-ozone/integration-test/target/test-dir/MiniOzoneClusterImpl-a3aac34f-b46b-43f5-94a8-28eba8461e96/datanode-3/data/ratis] (custom)
2019-08-27 19:09:02,270 [pool-82-thread-1] INFO  storage.RaftStorageDirectory (RaftStorageDirectory.java:analyzeStorage(246)) - The storage directory /workdir/hadoop-ozone/integration-test/target/test-dir/MiniOzoneClusterImpl-a3aac34f-b46b-43f5-94a8-28eba8461e96/datanode-5/data/ratis/e87315a2-9460-4530-8e5d-8a2f0715fe9e does not exist. Creating ...
2019-08-27 19:09:02,271 [pool-60-thread-1] INFO  storage.RaftStorageDirectory (RaftStorageDirectory.java:analyzeStorage(246)) - The storage directory /workdir/hadoop-ozone/integration-test/target/test-dir/MiniOzoneClusterImpl-a3aac34f-b46b-43f5-94a8-28eba8461e96/datanode-3/data/ratis/e87315a2-9460-4530-8e5d-8a2f0715fe9e does not exist. Creating ...
2019-08-27 19:09:02,282 [pool-60-thread-1] INFO  storage.RaftStorageDirectory (RaftStorageDirectory.java:tryLock(328)) - Lock on /workdir/hadoop-ozone/integration-test/target/test-dir/MiniOzoneClusterImpl-a3aac34f-b46b-43f5-94a8-28eba8461e96/datanode-3/data/ratis/e87315a2-9460-4530-8e5d-8a2f0715fe9e/in_use.lock acquired by nodename 1993@pr-hdds-2045-zqqll-3317366474
2019-08-27 19:09:02,283 [pool-82-thread-1] INFO  storage.RaftStorageDirectory (RaftStorageDirectory.java:tryLock(328)) - Lock on /workdir/hadoop-ozone/integration-test/target/test-dir/MiniOzoneClusterImpl-a3aac34f-b46b-43f5-94a8-28eba8461e96/datanode-5/data/ratis/e87315a2-9460-4530-8e5d-8a2f0715fe9e/in_use.lock acquired by nodename 1993@pr-hdds-2045-zqqll-3317366474
2019-08-27 19:09:02,283 [pool-27-thread-1] INFO  storage.RaftStorageDirectory (RaftStorageDirectory.java:tryLock(328)) - Lock on /workdir/hadoop-ozone/integration-test/target/test-dir/MiniOzoneClusterImpl-a3aac34f-b46b-43f5-94a8-28eba8461e96/datanode-0/data/ratis/e87315a2-9460-4530-8e5d-8a2f0715fe9e/in_use.lock acquired by nodename 1993@pr-hdds-2045-zqqll-3317366474
2019-08-27 19:09:02,312 [pool-27-thread-1] INFO  storage.RaftStorage (RaftStorage.java:format(72)) - Storage directory /workdir/hadoop-ozone/integration-test/target/test-dir/MiniOzoneClusterImpl-a3aac34f-b46b-43f5-94a8-28eba8461e96/datanode-0/data/ratis/e87315a2-9460-4530-8e5d-8a2f0715fe9e has been successfully formatted.
2019-08-27 19:09:02,312 [pool-82-thread-1] INFO  storage.RaftStorage (RaftStorage.java:format(72)) - Storage directory /workdir/hadoop-ozone/integration-test/target/test-dir/MiniOzoneClusterImpl-a3aac34f-b46b-43f5-94a8-28eba8461e96/datanode-5/data/ratis/e87315a2-9460-4530-8e5d-8a2f0715fe9e has been successfully formatted.
2019-08-27 19:09:02,312 [pool-60-thread-1] INFO  storage.RaftStorage (RaftStorage.java:format(72)) - Storage directory /workdir/hadoop-ozone/integration-test/target/test-dir/MiniOzoneClusterImpl-a3aac34f-b46b-43f5-94a8-28eba8461e96/datanode-3/data/ratis/e87315a2-9460-4530-8e5d-8a2f0715fe9e has been successfully formatted.
2019-08-27 19:09:02,312 [pool-27-thread-1] INFO  ratis.ContainerStateMachine (ContainerStateMachine.java:loadSnapshot(226)) - group-8A2F0715FE9E: The snapshot info is null. Setting the last applied indexto:(t:0, i:~)
2019-08-27 19:09:02,313 [pool-60-thread-1] INFO  ratis.ContainerStateMachine (ContainerStateMachine.java:loadSnapshot(226)) - group-8A2F0715FE9E: The snapshot info is null. Setting the last applied indexto:(t:0, i:~)
2019-08-27 19:09:02,313 [pool-82-thread-1] INFO  ratis.ContainerStateMachine (ContainerStateMachine.java:loadSnapshot(226)) - group-8A2F0715FE9E: The snapshot info is null. Setting the last applied indexto:(t:0, i:~)
2019-08-27 19:09:02,313 [pool-60-thread-1] INFO  server.RaftServerConfigKeys (ConfUtils.java:logGet(43)) - raft.server.leader.election.timeout = 120s (custom)
2019-08-27 19:09:02,313 [pool-27-thread-1] INFO  server.RaftServerConfigKeys (ConfUtils.java:logGet(43)) - raft.server.leader.election.timeout = 120s (custom)
2019-08-27 19:09:02,313 [pool-60-thread-1] INFO  server.RaftServerConfigKeys (ConfUtils.java:logGet(43)) - raft.server.log.use.memory = false (default)
2019-08-27 19:09:02,313 [pool-82-thread-1] INFO  server.RaftServerConfigKeys (ConfUtils.java:logGet(43)) - raft.server.leader.election.timeout = 120s (custom)
2019-08-27 19:09:02,313 [pool-60-thread-1] INFO  server.RaftServerConfigKeys (ConfUtils.java:logGet(43)) - raft.server.log.purge.gap = 1000000 (custom)
2019-08-27 19:09:02,313 [pool-27-thread-1] INFO  server.RaftServerConfigKeys (ConfUtils.java:logGet(43)) - raft.server.log.use.memory = false (default)
2019-08-27 19:09:02,314 [pool-60-thread-1] INFO  server.RaftServerConfigKeys (ConfUtils.java:logGet(43)) - raft.server.log.appender.buffer.byte-limit = 33554432 (custom)
2019-08-27 19:09:02,314 [pool-82-thread-1] INFO  server.RaftServerConfigKeys (ConfUtils.java:logGet(43)) - raft.server.log.use.memory = false (default)
2019-08-27 19:09:02,314 [pool-60-thread-1] INFO  server.RaftServerConfigKeys (ConfUtils.java:logGet(43)) - raft.server.log.segment.size.max = 1048576 (custom)
2019-08-27 19:09:02,314 [pool-27-thread-1] INFO  server.RaftServerConfigKeys (ConfUtils.java:logGet(43)) - raft.server.log.purge.gap = 1000000 (custom)
2019-08-27 19:09:02,314 [pool-60-thread-1] INFO  server.RaftServerConfigKeys (ConfUtils.java:logGet(43)) - raft.server.log.segment.cache.num.max = 2 (custom)
2019-08-27 19:09:02,314 [pool-82-thread-1] INFO  server.RaftServerConfigKeys (ConfUtils.java:logGet(43)) - raft.server.log.purge.gap = 1000000 (custom)
2019-08-27 19:09:02,315 [pool-60-thread-1] INFO  segmented.SegmentedRaftLogWorker (SegmentedRaftLogWorker.java:<init>(172)) - new cd393f82-50d2-4f3f-a7d0-1a4d5e03aa9d-SegmentedRaftLogWorker:Storage Directory /workdir/hadoop-ozone/integration-test/target/test-dir/MiniOzoneClusterImpl-a3aac34f-b46b-43f5-94a8-28eba8461e96/datanode-3/data/ratis/e87315a2-9460-4530-8e5d-8a2f0715fe9e for RaftStorage:Storage Directory /workdir/hadoop-ozone/integration-test/target/test-dir/MiniOzoneClusterImpl-a3aac34f-b46b-43f5-94a8-28eba8461e96/datanode-3/data/ratis/e87315a2-9460-4530-8e5d-8a2f0715fe9e
2019-08-27 19:09:02,315 [pool-27-thread-1] INFO  server.RaftServerConfigKeys (ConfUtils.java:logGet(43)) - raft.server.log.appender.buffer.byte-limit = 33554432 (custom)
2019-08-27 19:09:02,315 [pool-60-thread-1] INFO  server.RaftServerConfigKeys (ConfUtils.java:logGet(43)) - raft.server.log.queue.byte-limit = 2147483647 (custom)
2019-08-27 19:09:02,315 [pool-82-thread-1] INFO  server.RaftServerConfigKeys (ConfUtils.java:logGet(43)) - raft.server.log.appender.buffer.byte-limit = 33554432 (custom)
2019-08-27 19:09:02,317 [pool-60-thread-1] INFO  server.RaftServerConfigKeys (ConfUtils.java:logGet(43)) - raft.server.log.queue.element-limit = 1024 (custom)
2019-08-27 19:09:02,317 [pool-27-thread-1] INFO  server.RaftServerConfigKeys (ConfUtils.java:logGet(43)) - raft.server.log.segment.size.max = 1048576 (custom)
2019-08-27 19:09:02,318 [pool-60-thread-1] INFO  server.RaftServerConfigKeys (ConfUtils.java:logGet(43)) - raft.server.log.segment.size.max = 1048576 (custom)
2019-08-27 19:09:02,317 [pool-82-thread-1] INFO  server.RaftServerConfigKeys (ConfUtils.java:logGet(43)) - raft.server.log.segment.size.max = 1048576 (custom)
2019-08-27 19:09:02,318 [pool-60-thread-1] INFO  server.RaftServerConfigKeys (ConfUtils.java:logGet(43)) - raft.server.log.preallocated.size = 16384 (custom)
2019-08-27 19:09:02,318 [pool-27-thread-1] INFO  server.RaftServerConfigKeys (ConfUtils.java:logGet(43)) - raft.server.log.segment.cache.num.max = 2 (custom)
2019-08-27 19:09:02,318 [pool-60-thread-1] INFO  server.RaftServerConfigKeys (ConfUtils.java:logGet(43)) - raft.server.log.write.buffer.size = 33554432 (custom)
2019-08-27 19:09:02,319 [pool-60-thread-1] INFO  server.RaftServerConfigKeys (ConfUtils.java:logGet(43)) - raft.server.log.force.sync.num = 128 (default)
2019-08-27 19:09:02,318 [pool-82-thread-1] INFO  server.RaftServerConfigKeys (ConfUtils.java:logGet(43)) - raft.server.log.segment.cache.num.max = 2 (custom)
2019-08-27 19:09:02,319 [pool-60-thread-1] INFO  server.RaftServerConfigKeys (ConfUtils.java:logGet(43)) - raft.server.log.statemachine.data.sync = true (default)
2019-08-27 19:09:02,318 [pool-27-thread-1] INFO  segmented.SegmentedRaftLogWorker (SegmentedRaftLogWorker.java:<init>(172)) - new 4652c2a2-f5fc-4e57-bdef-57b8a38a37ac-SegmentedRaftLogWorker:Storage Directory /workdir/hadoop-ozone/integration-test/target/test-dir/MiniOzoneClusterImpl-a3aac34f-b46b-43f5-94a8-28eba8461e96/datanode-0/data/ratis/e87315a2-9460-4530-8e5d-8a2f0715fe9e for RaftStorage:Storage Directory /workdir/hadoop-ozone/integration-test/target/test-dir/MiniOzoneClusterImpl-a3aac34f-b46b-43f5-94a8-28eba8461e96/datanode-0/data/ratis/e87315a2-9460-4530-8e5d-8a2f0715fe9e
2019-08-27 19:09:02,319 [pool-60-thread-1] INFO  server.RaftServerConfigKeys (ConfUtils.java:logGet(43)) - raft.server.log.statemachine.data.sync.timeout = 10s (default)
2019-08-27 19:09:02,319 [pool-82-thread-1] INFO  segmented.SegmentedRaftLogWorker (SegmentedRaftLogWorker.java:<init>(172)) - new af3e1e92-ae98-49b3-9ee0-671049e9c04d-SegmentedRaftLogWorker:Storage Directory /workdir/hadoop-ozone/integration-test/target/test-dir/MiniOzoneClusterImpl-a3aac34f-b46b-43f5-94a8-28eba8461e96/datanode-5/data/ratis/e87315a2-9460-4530-8e5d-8a2f0715fe9e for RaftStorage:Storage Directory /workdir/hadoop-ozone/integration-test/target/test-dir/MiniOzoneClusterImpl-a3aac34f-b46b-43f5-94a8-28eba8461e96/datanode-5/data/ratis/e87315a2-9460-4530-8e5d-8a2f0715fe9e
2019-08-27 19:09:02,319 [pool-60-thread-1] INFO  server.RaftServerConfigKeys (ConfUtils.java:logGet(43)) - raft.server.log.statemachine.data.sync.timeout.retry = -1 (default)
2019-08-27 19:09:02,319 [pool-27-thread-1] INFO  server.RaftServerConfigKeys (ConfUtils.java:logGet(43)) - raft.server.log.queue.byte-limit = 2147483647 (custom)
2019-08-27 19:09:02,323 [pool-60-thread-1] INFO  server.RaftServerConfigKeys (ConfUtils.java:logGet(43)) - raft.server.log.statemachine.data.caching.enabled = true (custom)
2019-08-27 19:09:02,321 [pool-82-thread-1] INFO  server.RaftServerConfigKeys (ConfUtils.java:logGet(43)) - raft.server.log.queue.byte-limit = 2147483647 (custom)
2019-08-27 19:09:02,323 [pool-27-thread-1] INFO  server.RaftServerConfigKeys (ConfUtils.java:logGet(43)) - raft.server.log.queue.element-limit = 1024 (custom)
2019-08-27 19:09:02,323 [pool-82-thread-1] INFO  server.RaftServerConfigKeys (ConfUtils.java:logGet(43)) - raft.server.log.queue.element-limit = 1024 (custom)
2019-08-27 19:09:02,323 [pool-60-thread-1] INFO  segmented.SegmentedRaftLogWorker (SegmentedRaftLogWorker.java:lambda$new$0(132)) - cd393f82-50d2-4f3f-a7d0-1a4d5e03aa9d-SegmentedRaftLogWorker:Storage Directory /workdir/hadoop-ozone/integration-test/target/test-dir/MiniOzoneClusterImpl-a3aac34f-b46b-43f5-94a8-28eba8461e96/datanode-3/data/ratis/e87315a2-9460-4530-8e5d-8a2f0715fe9e: flushIndex: setUnconditionally 0 -> -1
2019-08-27 19:09:02,324 [pool-82-thread-1] INFO  server.RaftServerConfigKeys (ConfUtils.java:logGet(43)) - raft.server.log.segment.size.max = 1048576 (custom)
2019-08-27 19:09:02,323 [pool-27-thread-1] INFO  server.RaftServerConfigKeys (ConfUtils.java:logGet(43)) - raft.server.log.segment.size.max = 1048576 (custom)
2019-08-27 19:09:02,324 [pool-60-thread-1] INFO  server.RaftServerConfigKeys (ConfUtils.java:logGet(43)) - raft.server.snapshot.auto.trigger.enabled = true (custom)
2019-08-27 19:09:02,324 [pool-82-thread-1] INFO  server.RaftServerConfigKeys (ConfUtils.java:logGet(43)) - raft.server.log.preallocated.size = 16384 (custom)
2019-08-27 19:09:02,324 [pool-60-thread-1] INFO  server.RaftServerConfigKeys (ConfUtils.java:logGet(43)) - raft.server.snapshot.auto.trigger.threshold = 10000 (custom)
2019-08-27 19:09:02,324 [pool-27-thread-1] INFO  server.RaftServerConfigKeys (ConfUtils.java:logGet(43)) - raft.server.log.preallocated.size = 16384 (custom)
2019-08-27 19:09:02,325 [pool-60-thread-1] INFO  server.RaftServerConfigKeys (ConfUtils.java:logGet(43)) - raft.server.retrycache.expirytime = 600000ms (custom)
2019-08-27 19:09:02,324 [pool-82-thread-1] INFO  server.RaftServerConfigKeys (ConfUtils.java:logGet(43)) - raft.server.log.write.buffer.size = 33554432 (custom)
2019-08-27 19:09:02,325 [pool-60-thread-1] INFO  impl.RaftServerImpl (RaftServerImpl.java:start(180)) - cd393f82-50d2-4f3f-a7d0-1a4d5e03aa9d: start group-8A2F0715FE9E
2019-08-27 19:09:02,325 [pool-27-thread-1] INFO  server.RaftServerConfigKeys (ConfUtils.java:logGet(43)) - raft.server.log.write.buffer.size = 33554432 (custom)
2019-08-27 19:09:02,325 [pool-60-thread-1] INFO  impl.RaftServerImpl (RaftServerImpl.java:setRole(171)) - cd393f82-50d2-4f3f-a7d0-1a4d5e03aa9d:group-8A2F0715FE9E changes role from null to FOLLOWER at term 0 for startAsFollower
2019-08-27 19:09:02,325 [pool-82-thread-1] INFO  server.RaftServerConfigKeys (ConfUtils.java:logGet(43)) - raft.server.log.force.sync.num = 128 (default)
2019-08-27 19:09:02,325 [pool-60-thread-1] INFO  impl.RoleInfo (RoleInfo.java:updateAndGet(143)) - cd393f82-50d2-4f3f-a7d0-1a4d5e03aa9d: start FollowerState
2019-08-27 19:09:02,325 [pool-27-thread-1] INFO  server.RaftServerConfigKeys (ConfUtils.java:logGet(43)) - raft.server.log.force.sync.num = 128 (default)
2019-08-27 19:09:02,326 [pool-82-thread-1] INFO  server.RaftServerConfigKeys (ConfUtils.java:logGet(43)) - raft.server.log.statemachine.data.sync = true (default)
2019-08-27 19:09:02,326 [pool-60-thread-1] INFO  util.JmxRegister (JmxRegister.java:tryRegister(44)) - Successfully registered JMX Bean with object name Ratis:service=RaftServer,group=group-8A2F0715FE9E,id=cd393f82-50d2-4f3f-a7d0-1a4d5e03aa9d
2019-08-27 19:09:02,326 [pool-27-thread-1] INFO  server.RaftServerConfigKeys (ConfUtils.java:logGet(43)) - raft.server.log.statemachine.data.sync = true (default)
2019-08-27 19:09:02,326 [pool-82-thread-1] INFO  server.RaftServerConfigKeys (ConfUtils.java:logGet(43)) - raft.server.log.statemachine.data.sync.timeout = 10s (default)
2019-08-27 19:09:02,326 [pool-27-thread-1] INFO  server.RaftServerConfigKeys (ConfUtils.java:logGet(43)) - raft.server.log.statemachine.data.sync.timeout = 10s (default)
2019-08-27 19:09:02,327 [pool-82-thread-1] INFO  server.RaftServerConfigKeys (ConfUtils.java:logGet(43)) - raft.server.log.statemachine.data.sync.timeout.retry = -1 (default)
2019-08-27 19:09:02,327 [pool-27-thread-1] INFO  server.RaftServerConfigKeys (ConfUtils.java:logGet(43)) - raft.server.log.statemachine.data.sync.timeout.retry = -1 (default)
2019-08-27 19:09:02,327 [pool-82-thread-1] INFO  server.RaftServerConfigKeys (ConfUtils.java:logGet(43)) - raft.server.log.statemachine.data.caching.enabled = true (custom)
2019-08-27 19:09:02,327 [pool-27-thread-1] INFO  server.RaftServerConfigKeys (ConfUtils.java:logGet(43)) - raft.server.log.statemachine.data.caching.enabled = true (custom)
2019-08-27 19:09:02,327 [pool-82-thread-1] INFO  segmented.SegmentedRaftLogWorker (SegmentedRaftLogWorker.java:lambda$new$0(132)) - af3e1e92-ae98-49b3-9ee0-671049e9c04d-SegmentedRaftLogWorker:Storage Directory /workdir/hadoop-ozone/integration-test/target/test-dir/MiniOzoneClusterImpl-a3aac34f-b46b-43f5-94a8-28eba8461e96/datanode-5/data/ratis/e87315a2-9460-4530-8e5d-8a2f0715fe9e: flushIndex: setUnconditionally 0 -> -1
2019-08-27 19:09:02,328 [pool-27-thread-1] INFO  segmented.SegmentedRaftLogWorker (SegmentedRaftLogWorker.java:lambda$new$0(132)) - 4652c2a2-f5fc-4e57-bdef-57b8a38a37ac-SegmentedRaftLogWorker:Storage Directory /workdir/hadoop-ozone/integration-test/target/test-dir/MiniOzoneClusterImpl-a3aac34f-b46b-43f5-94a8-28eba8461e96/datanode-0/data/ratis/e87315a2-9460-4530-8e5d-8a2f0715fe9e: flushIndex: setUnconditionally 0 -> -1
2019-08-27 19:09:02,328 [pool-82-thread-1] INFO  server.RaftServerConfigKeys (ConfUtils.java:logGet(43)) - raft.server.snapshot.auto.trigger.enabled = true (custom)
2019-08-27 19:09:02,328 [pool-27-thread-1] INFO  server.RaftServerConfigKeys (ConfUtils.java:logGet(43)) - raft.server.snapshot.auto.trigger.enabled = true (custom)
2019-08-27 19:09:02,328 [pool-82-thread-1] INFO  server.RaftServerConfigKeys (ConfUtils.java:logGet(43)) - raft.server.snapshot.auto.trigger.threshold = 10000 (custom)
2019-08-27 19:09:02,328 [pool-27-thread-1] INFO  server.RaftServerConfigKeys (ConfUtils.java:logGet(43)) - raft.server.snapshot.auto.trigger.threshold = 10000 (custom)
2019-08-27 19:09:02,330 [pool-82-thread-1] INFO  server.RaftServerConfigKeys (ConfUtils.java:logGet(43)) - raft.server.retrycache.expirytime = 600000ms (custom)
2019-08-27 19:09:02,330 [pool-27-thread-1] INFO  server.RaftServerConfigKeys (ConfUtils.java:logGet(43)) - raft.server.retrycache.expirytime = 600000ms (custom)
2019-08-27 19:09:02,332 [pool-82-thread-1] INFO  impl.RaftServerImpl (RaftServerImpl.java:start(180)) - af3e1e92-ae98-49b3-9ee0-671049e9c04d: start group-8A2F0715FE9E
2019-08-27 19:09:02,332 [pool-27-thread-1] INFO  impl.RaftServerImpl (RaftServerImpl.java:start(180)) - 4652c2a2-f5fc-4e57-bdef-57b8a38a37ac: start group-8A2F0715FE9E
2019-08-27 19:09:02,332 [pool-82-thread-1] INFO  impl.RaftServerImpl (RaftServerImpl.java:setRole(171)) - af3e1e92-ae98-49b3-9ee0-671049e9c04d:group-8A2F0715FE9E changes role from null to FOLLOWER at term 0 for startAsFollower
2019-08-27 19:09:02,333 [pool-27-thread-1] INFO  impl.RaftServerImpl (RaftServerImpl.java:setRole(171)) - 4652c2a2-f5fc-4e57-bdef-57b8a38a37ac:group-8A2F0715FE9E changes role from null to FOLLOWER at term 0 for startAsFollower
2019-08-27 19:09:02,333 [pool-82-thread-1] INFO  impl.RoleInfo (RoleInfo.java:updateAndGet(143)) - af3e1e92-ae98-49b3-9ee0-671049e9c04d: start FollowerState
2019-08-27 19:09:02,333 [pool-27-thread-1] INFO  impl.RoleInfo (RoleInfo.java:updateAndGet(143)) - 4652c2a2-f5fc-4e57-bdef-57b8a38a37ac: start FollowerState
2019-08-27 19:09:02,337 [pool-82-thread-1] INFO  util.JmxRegister (JmxRegister.java:tryRegister(44)) - Successfully registered JMX Bean with object name Ratis:service=RaftServer,group=group-8A2F0715FE9E,id=af3e1e92-ae98-49b3-9ee0-671049e9c04d
2019-08-27 19:09:02,337 [pool-27-thread-1] INFO  util.JmxRegister (JmxRegister.java:tryRegister(44)) - Successfully registered JMX Bean with object name Ratis:service=RaftServer,group=group-8A2F0715FE9E,id=4652c2a2-f5fc-4e57-bdef-57b8a38a37ac
2019-08-27 19:09:02,353 [RatisPipelineUtilsThread] INFO  pipeline.PipelineStateManager (PipelineStateManager.java:addPipeline(56)) - Created pipeline Pipeline[ Id: e87315a2-9460-4530-8e5d-8a2f0715fe9e, Nodes: af3e1e92-ae98-49b3-9ee0-671049e9c04d{ip: 192.168.34.52, host: pr-hdds-2045-zqqll-3317366474, networkLocation: /default-rack, certSerialId: null}cd393f82-50d2-4f3f-a7d0-1a4d5e03aa9d{ip: 192.168.34.52, host: pr-hdds-2045-zqqll-3317366474, networkLocation: /default-rack, certSerialId: null}4652c2a2-f5fc-4e57-bdef-57b8a38a37ac{ip: 192.168.34.52, host: pr-hdds-2045-zqqll-3317366474, networkLocation: /default-rack, certSerialId: null}, Type:RATIS, Factor:THREE, State:OPEN]
2019-08-27 19:09:02,499 | INFO  | SCMAudit | user=jenkins1000 | ip=192.168.34.52 | op=SEND_HEARTBEAT {datanodeUUID=b9013286-53b5-41d8-8a21-1ab40203d76e, command=[]} | ret=SUCCESS |  
2019-08-27 19:09:02,656 [main] INFO  ozone.MiniOzoneClusterImpl (MiniOzoneClusterImpl.java:lambda$waitForClusterToBeReady$0(142)) - Cluster is ready. Got 7 of 7 DN Heartbeats.
2019-08-27 19:09:02,999 [main] INFO  rpc.RpcClient (RpcClient.java:createVolume(293)) - Creating Volume: watchforcommithandlingtest, with jenkins1000 as owner.
2019-08-27 19:09:03,024 | INFO  | OMAudit | user=jenkins1000 | ip=127.0.0.1 | op=CREATE_VOLUME {admin=jenkins1000, owner=jenkins1000, volume=watchforcommithandlingtest, creationTime=1566932943019, quotaInBytes=1152921504606846976} | ret=SUCCESS |  
2019-08-27 19:09:03,049 | INFO  | OMAudit | user=jenkins1000 | ip=127.0.0.1 | op=READ_VOLUME {volume=watchforcommithandlingtest} | ret=SUCCESS |  
2019-08-27 19:09:03,057 [main] INFO  rpc.RpcClient (RpcClient.java:createBucket(432)) - Creating Bucket: watchforcommithandlingtest/watchforcommithandlingtest, with Versioning false and Storage Type set to DISK and Encryption set to false 
2019-08-27 19:09:03,079 | INFO  | OMAudit | user=jenkins1000 | ip=127.0.0.1 | op=CREATE_BUCKET {volume=watchforcommithandlingtest, bucket=watchforcommithandlingtest, acls=[user:jenkins1000:a[ACCESS], group:default:a[ACCESS]], isVersionEnabled=false, storageType=DISK, creationTime=0} | ret=SUCCESS |  
2019-08-27 19:09:03,080 [main] INFO  ozone.MiniOzoneClusterImpl (MiniOzoneClusterImpl.java:getStorageContainerLocationClient(241)) - Creating StorageContainerLocationProtocol RPC client with address /0.0.0.0:37754
2019-08-27 19:09:03,122 [main] INFO  impl.MetricsSystemImpl (MetricsSystemImpl.java:init(158)) - XceiverClientMetrics metrics system started (again)
2019-08-27 19:09:03,127 | INFO  | SCMAudit | user=jenkins1000 | ip=192.168.34.52 | op=SEND_HEARTBEAT {datanodeUUID=cd393f82-50d2-4f3f-a7d0-1a4d5e03aa9d, command=[]} | ret=SUCCESS |  
2019-08-27 19:09:03,127 | INFO  | SCMAudit | user=jenkins1000 | ip=192.168.34.52 | op=SEND_HEARTBEAT {datanodeUUID=d0865055-687d-480b-928d-c7ffb20d2627, command=[]} | ret=SUCCESS |  
2019-08-27 19:09:03,194 | INFO  | SCMAudit | user=jenkins1000 | ip=192.168.34.52 | op=SEND_HEARTBEAT {datanodeUUID=9ffcda27-0104-4d9f-ad29-5d6501b164ff, command=[]} | ret=SUCCESS |  
2019-08-27 19:09:03,216 [grpc-default-executor-1] INFO  client.GrpcClientProtocolClient (GrpcClientProtocolClient.java:onNext(255)) - client-199C490DCCC3->ba29cdba-9247-4871-9d52-a9c6f2c8acb8: receive RaftClientReply:client-199C490DCCC3->ba29cdba-9247-4871-9d52-a9c6f2c8acb8@group-1757ACDFB26B, cid=13, FAILED org.apache.ratis.protocol.NotLeaderException: Server ba29cdba-9247-4871-9d52-a9c6f2c8acb8 is not the leader (null). Request must be sent to leader., logIndex=0, commits[ba29cdba-9247-4871-9d52-a9c6f2c8acb8:c-1]
2019-08-27 19:09:03,222 | INFO  | SCMAudit | user=jenkins1000 | ip=192.168.34.52 | op=SEND_HEARTBEAT {datanodeUUID=4652c2a2-f5fc-4e57-bdef-57b8a38a37ac, command=[]} | ret=SUCCESS |  
2019-08-27 19:09:03,281 [Thread-237] INFO  container.ReplicationManager (ReplicationManager.java:start(152)) - Starting Replication Monitor Thread.
2019-08-27 19:09:03,286 [ReplicationMonitor] INFO  container.ReplicationManager (ReplicationManager.java:run(215)) - Replication Monitor Thread took 4 milliseconds for processing 1 containers.
2019-08-27 19:09:03,472 | INFO  | SCMAudit | user=jenkins1000 | ip=192.168.34.52 | op=SEND_HEARTBEAT {datanodeUUID=af3e1e92-ae98-49b3-9ee0-671049e9c04d, command=[]} | ret=SUCCESS |  
2019-08-27 19:09:03,498 | INFO  | SCMAudit | user=jenkins1000 | ip=192.168.34.52 | op=SEND_HEARTBEAT {datanodeUUID=b9013286-53b5-41d8-8a21-1ab40203d76e, command=[]} | ret=SUCCESS |  
2019-08-27 19:09:03,660 | INFO  | SCMAudit | user=jenkins1000 | ip=192.168.34.52 | op=SEND_HEARTBEAT {datanodeUUID=ba29cdba-9247-4871-9d52-a9c6f2c8acb8, command=[]} | ret=SUCCESS |  
2019-08-27 19:09:04,129 | INFO  | SCMAudit | user=jenkins1000 | ip=192.168.34.52 | op=SEND_HEARTBEAT {datanodeUUID=cd393f82-50d2-4f3f-a7d0-1a4d5e03aa9d, command=[]} | ret=SUCCESS |  
2019-08-27 19:09:04,129 | INFO  | SCMAudit | user=jenkins1000 | ip=192.168.34.52 | op=SEND_HEARTBEAT {datanodeUUID=d0865055-687d-480b-928d-c7ffb20d2627, command=[]} | ret=SUCCESS |  
2019-08-27 19:09:04,194 | INFO  | SCMAudit | user=jenkins1000 | ip=192.168.34.52 | op=SEND_HEARTBEAT {datanodeUUID=9ffcda27-0104-4d9f-ad29-5d6501b164ff, command=[]} | ret=SUCCESS |  
2019-08-27 19:09:04,223 | INFO  | SCMAudit | user=jenkins1000 | ip=192.168.34.52 | op=SEND_HEARTBEAT {datanodeUUID=4652c2a2-f5fc-4e57-bdef-57b8a38a37ac, command=[]} | ret=SUCCESS |  
2019-08-27 19:09:04,264 [grpc-default-executor-2] INFO  client.GrpcClientProtocolClient (GrpcClientProtocolClient.java:onNext(255)) - client-199C490DCCC3->9ffcda27-0104-4d9f-ad29-5d6501b164ff: receive RaftClientReply:client-199C490DCCC3->9ffcda27-0104-4d9f-ad29-5d6501b164ff@group-1757ACDFB26B, cid=13, FAILED org.apache.ratis.protocol.NotLeaderException: Server 9ffcda27-0104-4d9f-ad29-5d6501b164ff is not the leader (null). Request must be sent to leader., logIndex=0, commits[9ffcda27-0104-4d9f-ad29-5d6501b164ff:c-1]
2019-08-27 19:09:04,472 | INFO  | SCMAudit | user=jenkins1000 | ip=192.168.34.52 | op=SEND_HEARTBEAT {datanodeUUID=af3e1e92-ae98-49b3-9ee0-671049e9c04d, command=[]} | ret=SUCCESS |  
2019-08-27 19:09:04,497 | INFO  | SCMAudit | user=jenkins1000 | ip=192.168.34.52 | op=SEND_HEARTBEAT {datanodeUUID=b9013286-53b5-41d8-8a21-1ab40203d76e, command=[]} | ret=SUCCESS |  
2019-08-27 19:09:04,659 | INFO  | SCMAudit | user=jenkins1000 | ip=192.168.34.52 | op=SEND_HEARTBEAT {datanodeUUID=ba29cdba-9247-4871-9d52-a9c6f2c8acb8, command=[]} | ret=SUCCESS |  
2019-08-27 19:09:05,125 | INFO  | SCMAudit | user=jenkins1000 | ip=192.168.34.52 | op=SEND_HEARTBEAT {datanodeUUID=cd393f82-50d2-4f3f-a7d0-1a4d5e03aa9d, command=[]} | ret=SUCCESS |  
2019-08-27 19:09:05,128 | INFO  | SCMAudit | user=jenkins1000 | ip=192.168.34.52 | op=SEND_HEARTBEAT {datanodeUUID=d0865055-687d-480b-928d-c7ffb20d2627, command=[]} | ret=SUCCESS |  
2019-08-27 19:09:05,194 | INFO  | SCMAudit | user=jenkins1000 | ip=192.168.34.52 | op=SEND_HEARTBEAT {datanodeUUID=9ffcda27-0104-4d9f-ad29-5d6501b164ff, command=[]} | ret=SUCCESS |  
2019-08-27 19:09:05,250 | INFO  | SCMAudit | user=jenkins1000 | ip=192.168.34.52 | op=SEND_HEARTBEAT {datanodeUUID=4652c2a2-f5fc-4e57-bdef-57b8a38a37ac, command=[]} | ret=SUCCESS |  
2019-08-27 19:09:05,290 [grpc-default-executor-2] INFO  client.GrpcClientProtocolClient (GrpcClientProtocolClient.java:onNext(255)) - client-199C490DCCC3->b9013286-53b5-41d8-8a21-1ab40203d76e: receive RaftClientReply:client-199C490DCCC3->b9013286-53b5-41d8-8a21-1ab40203d76e@group-1757ACDFB26B, cid=13, FAILED org.apache.ratis.protocol.NotLeaderException: Server b9013286-53b5-41d8-8a21-1ab40203d76e is not the leader (null). Request must be sent to leader., logIndex=0, commits[b9013286-53b5-41d8-8a21-1ab40203d76e:c-1]
2019-08-27 19:09:05,470 | INFO  | SCMAudit | user=jenkins1000 | ip=192.168.34.52 | op=SEND_HEARTBEAT {datanodeUUID=af3e1e92-ae98-49b3-9ee0-671049e9c04d, command=[]} | ret=SUCCESS |  
2019-08-27 19:09:05,495 | INFO  | SCMAudit | user=jenkins1000 | ip=192.168.34.52 | op=SEND_HEARTBEAT {datanodeUUID=b9013286-53b5-41d8-8a21-1ab40203d76e, command=[]} | ret=SUCCESS |  
2019-08-27 19:09:05,656 | INFO  | SCMAudit | user=jenkins1000 | ip=192.168.34.52 | op=SEND_HEARTBEAT {datanodeUUID=ba29cdba-9247-4871-9d52-a9c6f2c8acb8, command=[]} | ret=SUCCESS |  
2019-08-27 19:09:06,124 | INFO  | SCMAudit | user=jenkins1000 | ip=192.168.34.52 | op=SEND_HEARTBEAT {datanodeUUID=cd393f82-50d2-4f3f-a7d0-1a4d5e03aa9d, command=[]} | ret=SUCCESS |  
2019-08-27 19:09:06,127 | INFO  | SCMAudit | user=jenkins1000 | ip=192.168.34.52 | op=SEND_HEARTBEAT {datanodeUUID=d0865055-687d-480b-928d-c7ffb20d2627, command=[]} | ret=SUCCESS |  
2019-08-27 19:09:06,191 | INFO  | SCMAudit | user=jenkins1000 | ip=192.168.34.52 | op=SEND_HEARTBEAT {datanodeUUID=9ffcda27-0104-4d9f-ad29-5d6501b164ff, command=[]} | ret=SUCCESS |  
2019-08-27 19:09:06,229 | INFO  | SCMAudit | user=jenkins1000 | ip=192.168.34.52 | op=SEND_HEARTBEAT {datanodeUUID=4652c2a2-f5fc-4e57-bdef-57b8a38a37ac, command=[]} | ret=SUCCESS |  
2019-08-27 19:09:06,316 [grpc-default-executor-1] INFO  client.GrpcClientProtocolClient (GrpcClientProtocolClient.java:onNext(255)) - client-199C490DCCC3->9ffcda27-0104-4d9f-ad29-5d6501b164ff: receive RaftClientReply:client-199C490DCCC3->9ffcda27-0104-4d9f-ad29-5d6501b164ff@group-1757ACDFB26B, cid=13, FAILED org.apache.ratis.protocol.NotLeaderException: Server 9ffcda27-0104-4d9f-ad29-5d6501b164ff is not the leader (null). Request must be sent to leader., logIndex=0, commits[9ffcda27-0104-4d9f-ad29-5d6501b164ff:c-1]
2019-08-27 19:09:06,471 | INFO  | SCMAudit | user=jenkins1000 | ip=192.168.34.52 | op=SEND_HEARTBEAT {datanodeUUID=af3e1e92-ae98-49b3-9ee0-671049e9c04d, command=[]} | ret=SUCCESS |  
2019-08-27 19:09:06,495 | INFO  | SCMAudit | user=jenkins1000 | ip=192.168.34.52 | op=SEND_HEARTBEAT {datanodeUUID=b9013286-53b5-41d8-8a21-1ab40203d76e, command=[]} | ret=SUCCESS |  
2019-08-27 19:09:06,656 | INFO  | SCMAudit | user=jenkins1000 | ip=192.168.34.52 | op=SEND_HEARTBEAT {datanodeUUID=ba29cdba-9247-4871-9d52-a9c6f2c8acb8, command=[]} | ret=SUCCESS |  
2019-08-27 19:09:06,671 [Thread-239] INFO  impl.FollowerState (FollowerState.java:run(106)) - 4652c2a2-f5fc-4e57-bdef-57b8a38a37ac:group-2908F43DA783 changes to CANDIDATE, lastRpcTime:5173, electionTimeout:5172ms
2019-08-27 19:09:06,674 [Thread-239] INFO  impl.RoleInfo (RoleInfo.java:shutdownFollowerState(121)) - 4652c2a2-f5fc-4e57-bdef-57b8a38a37ac: shutdown FollowerState
2019-08-27 19:09:06,675 [Thread-239] INFO  impl.RaftServerImpl (RaftServerImpl.java:setRole(171)) - 4652c2a2-f5fc-4e57-bdef-57b8a38a37ac:group-2908F43DA783 changes role from FOLLOWER to CANDIDATE at term 0 for changeToCandidate
2019-08-27 19:09:06,681 [Thread-239] INFO  impl.RoleInfo (RoleInfo.java:updateAndGet(143)) - 4652c2a2-f5fc-4e57-bdef-57b8a38a37ac: start LeaderElection
2019-08-27 19:09:06,701 [4652c2a2-f5fc-4e57-bdef-57b8a38a37ac:group-2908F43DA783:LeaderElection1] INFO  impl.LeaderElection (LeaderElection.java:askForVotes(181)) - 4652c2a2-f5fc-4e57-bdef-57b8a38a37ac:group-2908F43DA783:LeaderElection1: begin an election at term 1 for -1: [4652c2a2-f5fc-4e57-bdef-57b8a38a37ac:192.168.34.52:33572], old=null
2019-08-27 19:09:06,705 [4652c2a2-f5fc-4e57-bdef-57b8a38a37ac:group-2908F43DA783:LeaderElection1] INFO  impl.RoleInfo (RoleInfo.java:shutdownLeaderElection(134)) - 4652c2a2-f5fc-4e57-bdef-57b8a38a37ac: shutdown LeaderElection
2019-08-27 19:09:06,706 [4652c2a2-f5fc-4e57-bdef-57b8a38a37ac:group-2908F43DA783:LeaderElection1] INFO  impl.RaftServerImpl (RaftServerImpl.java:setRole(171)) - 4652c2a2-f5fc-4e57-bdef-57b8a38a37ac:group-2908F43DA783 changes role from CANDIDATE to LEADER at term 1 for changeToLeader
2019-08-27 19:09:06,706 [4652c2a2-f5fc-4e57-bdef-57b8a38a37ac:group-2908F43DA783:LeaderElection1] INFO  impl.RaftServerImpl (ServerState.java:setLeader(263)) - 4652c2a2-f5fc-4e57-bdef-57b8a38a37ac:group-2908F43DA783 change Leader from null to 4652c2a2-f5fc-4e57-bdef-57b8a38a37ac at term 1 for becomeLeader, leader elected after 5304ms
2019-08-27 19:09:06,715 [4652c2a2-f5fc-4e57-bdef-57b8a38a37ac:group-2908F43DA783:LeaderElection1] INFO  server.RaftServerConfigKeys (ConfUtils.java:logGet(43)) - raft.server.staging.catchup.gap = 1000 (default)
2019-08-27 19:09:06,715 [4652c2a2-f5fc-4e57-bdef-57b8a38a37ac:group-2908F43DA783:LeaderElection1] INFO  server.RaftServerConfigKeys (ConfUtils.java:logGet(43)) - raft.server.rpc.sleep.time = 25ms (default)
2019-08-27 19:09:06,718 [4652c2a2-f5fc-4e57-bdef-57b8a38a37ac:group-2908F43DA783:LeaderElection1] INFO  server.RaftServerConfigKeys (ConfUtils.java:logGet(43)) - raft.server.write.element-limit = 4096 (default)
2019-08-27 19:09:06,721 [4652c2a2-f5fc-4e57-bdef-57b8a38a37ac:group-2908F43DA783:LeaderElection1] INFO  server.RaftServerConfigKeys (ConfUtils.java:logGet(43)) - raft.server.watch.timeout = 10s (default)
2019-08-27 19:09:06,721 [4652c2a2-f5fc-4e57-bdef-57b8a38a37ac:group-2908F43DA783:LeaderElection1] INFO  server.RaftServerConfigKeys (ConfUtils.java:logGet(43)) - raft.server.watch.timeout.denomination = 1s (default)
2019-08-27 19:09:06,722 [4652c2a2-f5fc-4e57-bdef-57b8a38a37ac:group-2908F43DA783:LeaderElection1] INFO  server.RaftServerConfigKeys (ConfUtils.java:logGet(43)) - raft.server.watch.element-limit = 65536 (default)
2019-08-27 19:09:06,731 [4652c2a2-f5fc-4e57-bdef-57b8a38a37ac:group-2908F43DA783:LeaderElection1] INFO  impl.RoleInfo (RoleInfo.java:updateAndGet(143)) - 4652c2a2-f5fc-4e57-bdef-57b8a38a37ac: start LeaderState
2019-08-27 19:09:06,751 [Thread-242] INFO  impl.FollowerState (FollowerState.java:run(106)) - b9013286-53b5-41d8-8a21-1ab40203d76e:group-06B2E1E92759 changes to CANDIDATE, lastRpcTime:5060, electionTimeout:5056ms
2019-08-27 19:09:06,753 [Thread-242] INFO  impl.RoleInfo (RoleInfo.java:shutdownFollowerState(121)) - b9013286-53b5-41d8-8a21-1ab40203d76e: shutdown FollowerState
2019-08-27 19:09:06,753 [Thread-242] INFO  impl.RaftServerImpl (RaftServerImpl.java:setRole(171)) - b9013286-53b5-41d8-8a21-1ab40203d76e:group-06B2E1E92759 changes role from FOLLOWER to CANDIDATE at term 0 for changeToCandidate
2019-08-27 19:09:06,753 [Thread-242] INFO  impl.RoleInfo (RoleInfo.java:updateAndGet(143)) - b9013286-53b5-41d8-8a21-1ab40203d76e: start LeaderElection
2019-08-27 19:09:06,760 [4652c2a2-f5fc-4e57-bdef-57b8a38a37ac:group-2908F43DA783:LeaderElection1] INFO  segmented.SegmentedRaftLogWorker (SegmentedRaftLogWorker.java:startLogSegment(380)) - 4652c2a2-f5fc-4e57-bdef-57b8a38a37ac-SegmentedRaftLogWorker:Storage Directory /workdir/hadoop-ozone/integration-test/target/test-dir/MiniOzoneClusterImpl-a3aac34f-b46b-43f5-94a8-28eba8461e96/datanode-0/data/ratis/5bd40f8a-8013-42ab-9201-2908f43da783: Starting segment from index:0
2019-08-27 19:09:06,769 [4652c2a2-f5fc-4e57-bdef-57b8a38a37ac:group-2908F43DA783:LeaderElection1] INFO  impl.RaftServerImpl (ServerState.java:setRaftConf(361)) - 4652c2a2-f5fc-4e57-bdef-57b8a38a37ac:group-2908F43DA783 set configuration 0: [4652c2a2-f5fc-4e57-bdef-57b8a38a37ac:192.168.34.52:33572], old=null at 0
2019-08-27 19:09:06,773 [b9013286-53b5-41d8-8a21-1ab40203d76e:group-06B2E1E92759:LeaderElection2] INFO  impl.LeaderElection (LeaderElection.java:askForVotes(181)) - b9013286-53b5-41d8-8a21-1ab40203d76e:group-06B2E1E92759:LeaderElection2: begin an election at term 1 for -1: [b9013286-53b5-41d8-8a21-1ab40203d76e:192.168.34.52:36296], old=null
2019-08-27 19:09:06,775 [b9013286-53b5-41d8-8a21-1ab40203d76e:group-06B2E1E92759:LeaderElection2] INFO  impl.RoleInfo (RoleInfo.java:shutdownLeaderElection(134)) - b9013286-53b5-41d8-8a21-1ab40203d76e: shutdown LeaderElection
2019-08-27 19:09:06,775 [b9013286-53b5-41d8-8a21-1ab40203d76e:group-06B2E1E92759:LeaderElection2] INFO  impl.RaftServerImpl (RaftServerImpl.java:setRole(171)) - b9013286-53b5-41d8-8a21-1ab40203d76e:group-06B2E1E92759 changes role from CANDIDATE to LEADER at term 1 for changeToLeader
2019-08-27 19:09:06,775 [b9013286-53b5-41d8-8a21-1ab40203d76e:group-06B2E1E92759:LeaderElection2] INFO  impl.RaftServerImpl (ServerState.java:setLeader(263)) - b9013286-53b5-41d8-8a21-1ab40203d76e:group-06B2E1E92759 change Leader from null to b9013286-53b5-41d8-8a21-1ab40203d76e at term 1 for becomeLeader, leader elected after 5090ms
2019-08-27 19:09:06,777 [b9013286-53b5-41d8-8a21-1ab40203d76e:group-06B2E1E92759:LeaderElection2] INFO  server.RaftServerConfigKeys (ConfUtils.java:logGet(43)) - raft.server.staging.catchup.gap = 1000 (default)
2019-08-27 19:09:06,777 [b9013286-53b5-41d8-8a21-1ab40203d76e:group-06B2E1E92759:LeaderElection2] INFO  server.RaftServerConfigKeys (ConfUtils.java:logGet(43)) - raft.server.rpc.sleep.time = 25ms (default)
2019-08-27 19:09:06,777 [b9013286-53b5-41d8-8a21-1ab40203d76e:group-06B2E1E92759:LeaderElection2] INFO  server.RaftServerConfigKeys (ConfUtils.java:logGet(43)) - raft.server.write.element-limit = 4096 (default)
2019-08-27 19:09:06,778 [b9013286-53b5-41d8-8a21-1ab40203d76e:group-06B2E1E92759:LeaderElection2] INFO  server.RaftServerConfigKeys (ConfUtils.java:logGet(43)) - raft.server.watch.timeout = 10s (default)
2019-08-27 19:09:06,778 [b9013286-53b5-41d8-8a21-1ab40203d76e:group-06B2E1E92759:LeaderElection2] INFO  server.RaftServerConfigKeys (ConfUtils.java:logGet(43)) - raft.server.watch.timeout.denomination = 1s (default)
2019-08-27 19:09:06,778 [b9013286-53b5-41d8-8a21-1ab40203d76e:group-06B2E1E92759:LeaderElection2] INFO  server.RaftServerConfigKeys (ConfUtils.java:logGet(43)) - raft.server.watch.element-limit = 65536 (default)
2019-08-27 19:09:06,778 [b9013286-53b5-41d8-8a21-1ab40203d76e:group-06B2E1E92759:LeaderElection2] INFO  impl.RoleInfo (RoleInfo.java:updateAndGet(143)) - b9013286-53b5-41d8-8a21-1ab40203d76e: start LeaderState
2019-08-27 19:09:06,779 [b9013286-53b5-41d8-8a21-1ab40203d76e:group-06B2E1E92759:LeaderElection2] INFO  segmented.SegmentedRaftLogWorker (SegmentedRaftLogWorker.java:startLogSegment(380)) - b9013286-53b5-41d8-8a21-1ab40203d76e-SegmentedRaftLogWorker:Storage Directory /workdir/hadoop-ozone/integration-test/target/test-dir/MiniOzoneClusterImpl-a3aac34f-b46b-43f5-94a8-28eba8461e96/datanode-1/data/ratis/0ba51cdc-1b0c-4de9-9132-06b2e1e92759: Starting segment from index:0
2019-08-27 19:09:06,779 [b9013286-53b5-41d8-8a21-1ab40203d76e:group-06B2E1E92759:LeaderElection2] INFO  impl.RaftServerImpl (ServerState.java:setRaftConf(361)) - b9013286-53b5-41d8-8a21-1ab40203d76e:group-06B2E1E92759 set configuration 0: [b9013286-53b5-41d8-8a21-1ab40203d76e:192.168.34.52:36296], old=null at 0
2019-08-27 19:09:06,861 [Thread-245] INFO  impl.FollowerState (FollowerState.java:run(106)) - ba29cdba-9247-4871-9d52-a9c6f2c8acb8:group-8FA6E033E76C changes to CANDIDATE, lastRpcTime:5069, electionTimeout:5069ms
2019-08-27 19:09:06,862 [Thread-245] INFO  impl.RoleInfo (RoleInfo.java:shutdownFollowerState(121)) - ba29cdba-9247-4871-9d52-a9c6f2c8acb8: shutdown FollowerState
2019-08-27 19:09:06,862 [Thread-245] INFO  impl.RaftServerImpl (RaftServerImpl.java:setRole(171)) - ba29cdba-9247-4871-9d52-a9c6f2c8acb8:group-8FA6E033E76C changes role from FOLLOWER to CANDIDATE at term 0 for changeToCandidate
2019-08-27 19:09:06,862 [Thread-245] INFO  impl.RoleInfo (RoleInfo.java:updateAndGet(143)) - ba29cdba-9247-4871-9d52-a9c6f2c8acb8: start LeaderElection
2019-08-27 19:09:06,881 [ba29cdba-9247-4871-9d52-a9c6f2c8acb8:group-8FA6E033E76C:LeaderElection3] INFO  impl.LeaderElection (LeaderElection.java:askForVotes(181)) - ba29cdba-9247-4871-9d52-a9c6f2c8acb8:group-8FA6E033E76C:LeaderElection3: begin an election at term 1 for -1: [ba29cdba-9247-4871-9d52-a9c6f2c8acb8:192.168.34.52:32914], old=null
2019-08-27 19:09:06,881 [ba29cdba-9247-4871-9d52-a9c6f2c8acb8:group-8FA6E033E76C:LeaderElection3] INFO  impl.RoleInfo (RoleInfo.java:shutdownLeaderElection(134)) - ba29cdba-9247-4871-9d52-a9c6f2c8acb8: shutdown LeaderElection
2019-08-27 19:09:06,882 [ba29cdba-9247-4871-9d52-a9c6f2c8acb8:group-8FA6E033E76C:LeaderElection3] INFO  impl.RaftServerImpl (RaftServerImpl.java:setRole(171)) - ba29cdba-9247-4871-9d52-a9c6f2c8acb8:group-8FA6E033E76C changes role from CANDIDATE to LEADER at term 1 for changeToLeader
2019-08-27 19:09:06,882 [ba29cdba-9247-4871-9d52-a9c6f2c8acb8:group-8FA6E033E76C:LeaderElection3] INFO  impl.RaftServerImpl (ServerState.java:setLeader(263)) - ba29cdba-9247-4871-9d52-a9c6f2c8acb8:group-8FA6E033E76C change Leader from null to ba29cdba-9247-4871-9d52-a9c6f2c8acb8 at term 1 for becomeLeader, leader elected after 5094ms
2019-08-27 19:09:06,883 [ba29cdba-9247-4871-9d52-a9c6f2c8acb8:group-8FA6E033E76C:LeaderElection3] INFO  server.RaftServerConfigKeys (ConfUtils.java:logGet(43)) - raft.server.staging.catchup.gap = 1000 (default)
2019-08-27 19:09:06,883 [ba29cdba-9247-4871-9d52-a9c6f2c8acb8:group-8FA6E033E76C:LeaderElection3] INFO  server.RaftServerConfigKeys (ConfUtils.java:logGet(43)) - raft.server.rpc.sleep.time = 25ms (default)
2019-08-27 19:09:06,884 [ba29cdba-9247-4871-9d52-a9c6f2c8acb8:group-8FA6E033E76C:LeaderElection3] INFO  server.RaftServerConfigKeys (ConfUtils.java:logGet(43)) - raft.server.write.element-limit = 4096 (default)
2019-08-27 19:09:06,884 [ba29cdba-9247-4871-9d52-a9c6f2c8acb8:group-8FA6E033E76C:LeaderElection3] INFO  server.RaftServerConfigKeys (ConfUtils.java:logGet(43)) - raft.server.watch.timeout = 10s (default)
2019-08-27 19:09:06,884 [ba29cdba-9247-4871-9d52-a9c6f2c8acb8:group-8FA6E033E76C:LeaderElection3] INFO  server.RaftServerConfigKeys (ConfUtils.java:logGet(43)) - raft.server.watch.timeout.denomination = 1s (default)
2019-08-27 19:09:06,884 [ba29cdba-9247-4871-9d52-a9c6f2c8acb8:group-8FA6E033E76C:LeaderElection3] INFO  server.RaftServerConfigKeys (ConfUtils.java:logGet(43)) - raft.server.watch.element-limit = 65536 (default)
2019-08-27 19:09:06,884 [ba29cdba-9247-4871-9d52-a9c6f2c8acb8:group-8FA6E033E76C:LeaderElection3] INFO  impl.RoleInfo (RoleInfo.java:updateAndGet(143)) - ba29cdba-9247-4871-9d52-a9c6f2c8acb8: start LeaderState
2019-08-27 19:09:06,885 [ba29cdba-9247-4871-9d52-a9c6f2c8acb8:group-8FA6E033E76C:LeaderElection3] INFO  segmented.SegmentedRaftLogWorker (SegmentedRaftLogWorker.java:startLogSegment(380)) - ba29cdba-9247-4871-9d52-a9c6f2c8acb8-SegmentedRaftLogWorker:Storage Directory /workdir/hadoop-ozone/integration-test/target/test-dir/MiniOzoneClusterImpl-a3aac34f-b46b-43f5-94a8-28eba8461e96/datanode-6/data/ratis/f4d41a1f-3e71-4bf7-b834-8fa6e033e76c: Starting segment from index:0
2019-08-27 19:09:06,885 [ba29cdba-9247-4871-9d52-a9c6f2c8acb8:group-8FA6E033E76C:LeaderElection3] INFO  impl.RaftServerImpl (ServerState.java:setRaftConf(361)) - ba29cdba-9247-4871-9d52-a9c6f2c8acb8:group-8FA6E033E76C set configuration 0: [ba29cdba-9247-4871-9d52-a9c6f2c8acb8:192.168.34.52:32914], old=null at 0
2019-08-27 19:09:06,974 [b9013286-53b5-41d8-8a21-1ab40203d76e-SegmentedRaftLogWorker:Storage Directory /workdir/hadoop-ozone/integration-test/target/test-dir/MiniOzoneClusterImpl-a3aac34f-b46b-43f5-94a8-28eba8461e96/datanode-1/data/ratis/0ba51cdc-1b0c-4de9-9132-06b2e1e92759] INFO  segmented.SegmentedRaftLogWorker (SegmentedRaftLogWorker.java:execute(569)) - b9013286-53b5-41d8-8a21-1ab40203d76e-SegmentedRaftLogWorker:Storage Directory /workdir/hadoop-ozone/integration-test/target/test-dir/MiniOzoneClusterImpl-a3aac34f-b46b-43f5-94a8-28eba8461e96/datanode-1/data/ratis/0ba51cdc-1b0c-4de9-9132-06b2e1e92759: created new log segment /workdir/hadoop-ozone/integration-test/target/test-dir/MiniOzoneClusterImpl-a3aac34f-b46b-43f5-94a8-28eba8461e96/datanode-1/data/ratis/0ba51cdc-1b0c-4de9-9132-06b2e1e92759/current/log_inprogress_0
2019-08-27 19:09:06,974 [ba29cdba-9247-4871-9d52-a9c6f2c8acb8-SegmentedRaftLogWorker:Storage Directory /workdir/hadoop-ozone/integration-test/target/test-dir/MiniOzoneClusterImpl-a3aac34f-b46b-43f5-94a8-28eba8461e96/datanode-6/data/ratis/f4d41a1f-3e71-4bf7-b834-8fa6e033e76c] INFO  segmented.SegmentedRaftLogWorker (SegmentedRaftLogWorker.java:execute(569)) - ba29cdba-9247-4871-9d52-a9c6f2c8acb8-SegmentedRaftLogWorker:Storage Directory /workdir/hadoop-ozone/integration-test/target/test-dir/MiniOzoneClusterImpl-a3aac34f-b46b-43f5-94a8-28eba8461e96/datanode-6/data/ratis/f4d41a1f-3e71-4bf7-b834-8fa6e033e76c: created new log segment /workdir/hadoop-ozone/integration-test/target/test-dir/MiniOzoneClusterImpl-a3aac34f-b46b-43f5-94a8-28eba8461e96/datanode-6/data/ratis/f4d41a1f-3e71-4bf7-b834-8fa6e033e76c/current/log_inprogress_0
2019-08-27 19:09:06,974 [4652c2a2-f5fc-4e57-bdef-57b8a38a37ac-SegmentedRaftLogWorker:Storage Directory /workdir/hadoop-ozone/integration-test/target/test-dir/MiniOzoneClusterImpl-a3aac34f-b46b-43f5-94a8-28eba8461e96/datanode-0/data/ratis/5bd40f8a-8013-42ab-9201-2908f43da783] INFO  segmented.SegmentedRaftLogWorker (SegmentedRaftLogWorker.java:execute(569)) - 4652c2a2-f5fc-4e57-bdef-57b8a38a37ac-SegmentedRaftLogWorker:Storage Directory /workdir/hadoop-ozone/integration-test/target/test-dir/MiniOzoneClusterImpl-a3aac34f-b46b-43f5-94a8-28eba8461e96/datanode-0/data/ratis/5bd40f8a-8013-42ab-9201-2908f43da783: created new log segment /workdir/hadoop-ozone/integration-test/target/test-dir/MiniOzoneClusterImpl-a3aac34f-b46b-43f5-94a8-28eba8461e96/datanode-0/data/ratis/5bd40f8a-8013-42ab-9201-2908f43da783/current/log_inprogress_0
2019-08-27 19:09:07,014 [Thread-248] INFO  impl.FollowerState (FollowerState.java:run(106)) - 9ffcda27-0104-4d9f-ad29-5d6501b164ff:group-557E3DA6858E changes to CANDIDATE, lastRpcTime:5141, electionTimeout:5141ms
2019-08-27 19:09:07,016 [Thread-248] INFO  impl.RoleInfo (RoleInfo.java:shutdownFollowerState(121)) - 9ffcda27-0104-4d9f-ad29-5d6501b164ff: shutdown FollowerState
2019-08-27 19:09:07,017 [Thread-248] INFO  impl.RaftServerImpl (RaftServerImpl.java:setRole(171)) - 9ffcda27-0104-4d9f-ad29-5d6501b164ff:group-557E3DA6858E changes role from FOLLOWER to CANDIDATE at term 0 for changeToCandidate
2019-08-27 19:09:07,017 [Thread-248] INFO  impl.RoleInfo (RoleInfo.java:updateAndGet(143)) - 9ffcda27-0104-4d9f-ad29-5d6501b164ff: start LeaderElection
2019-08-27 19:09:07,033 [9ffcda27-0104-4d9f-ad29-5d6501b164ff:group-557E3DA6858E:LeaderElection4] INFO  impl.LeaderElection (LeaderElection.java:askForVotes(181)) - 9ffcda27-0104-4d9f-ad29-5d6501b164ff:group-557E3DA6858E:LeaderElection4: begin an election at term 1 for -1: [9ffcda27-0104-4d9f-ad29-5d6501b164ff:192.168.34.52:34400], old=null
2019-08-27 19:09:07,035 [9ffcda27-0104-4d9f-ad29-5d6501b164ff:group-557E3DA6858E:LeaderElection4] INFO  impl.RoleInfo (RoleInfo.java:shutdownLeaderElection(134)) - 9ffcda27-0104-4d9f-ad29-5d6501b164ff: shutdown LeaderElection
2019-08-27 19:09:07,035 [9ffcda27-0104-4d9f-ad29-5d6501b164ff:group-557E3DA6858E:LeaderElection4] INFO  impl.RaftServerImpl (RaftServerImpl.java:setRole(171)) - 9ffcda27-0104-4d9f-ad29-5d6501b164ff:group-557E3DA6858E changes role from CANDIDATE to LEADER at term 1 for changeToLeader
2019-08-27 19:09:07,035 [9ffcda27-0104-4d9f-ad29-5d6501b164ff:group-557E3DA6858E:LeaderElection4] INFO  impl.RaftServerImpl (ServerState.java:setLeader(263)) - 9ffcda27-0104-4d9f-ad29-5d6501b164ff:group-557E3DA6858E change Leader from null to 9ffcda27-0104-4d9f-ad29-5d6501b164ff at term 1 for becomeLeader, leader elected after 5166ms
2019-08-27 19:09:07,036 [9ffcda27-0104-4d9f-ad29-5d6501b164ff:group-557E3DA6858E:LeaderElection4] INFO  server.RaftServerConfigKeys (ConfUtils.java:logGet(43)) - raft.server.staging.catchup.gap = 1000 (default)
2019-08-27 19:09:07,036 [9ffcda27-0104-4d9f-ad29-5d6501b164ff:group-557E3DA6858E:LeaderElection4] INFO  server.RaftServerConfigKeys (ConfUtils.java:logGet(43)) - raft.server.rpc.sleep.time = 25ms (default)
2019-08-27 19:09:07,036 [9ffcda27-0104-4d9f-ad29-5d6501b164ff:group-557E3DA6858E:LeaderElection4] INFO  server.RaftServerConfigKeys (ConfUtils.java:logGet(43)) - raft.server.write.element-limit = 4096 (default)
2019-08-27 19:09:07,036 [9ffcda27-0104-4d9f-ad29-5d6501b164ff:group-557E3DA6858E:LeaderElection4] INFO  server.RaftServerConfigKeys (ConfUtils.java:logGet(43)) - raft.server.watch.timeout = 10s (default)
2019-08-27 19:09:07,037 [9ffcda27-0104-4d9f-ad29-5d6501b164ff:group-557E3DA6858E:LeaderElection4] INFO  server.RaftServerConfigKeys (ConfUtils.java:logGet(43)) - raft.server.watch.timeout.denomination = 1s (default)
2019-08-27 19:09:07,037 [9ffcda27-0104-4d9f-ad29-5d6501b164ff:group-557E3DA6858E:LeaderElection4] INFO  server.RaftServerConfigKeys (ConfUtils.java:logGet(43)) - raft.server.watch.element-limit = 65536 (default)
2019-08-27 19:09:07,037 [9ffcda27-0104-4d9f-ad29-5d6501b164ff:group-557E3DA6858E:LeaderElection4] INFO  impl.RoleInfo (RoleInfo.java:updateAndGet(143)) - 9ffcda27-0104-4d9f-ad29-5d6501b164ff: start LeaderState
2019-08-27 19:09:07,037 [9ffcda27-0104-4d9f-ad29-5d6501b164ff:group-557E3DA6858E:LeaderElection4] INFO  segmented.SegmentedRaftLogWorker (SegmentedRaftLogWorker.java:startLogSegment(380)) - 9ffcda27-0104-4d9f-ad29-5d6501b164ff-SegmentedRaftLogWorker:Storage Directory /workdir/hadoop-ozone/integration-test/target/test-dir/MiniOzoneClusterImpl-a3aac34f-b46b-43f5-94a8-28eba8461e96/datanode-4/data/ratis/d4518218-ae6b-47b9-b4d8-557e3da6858e: Starting segment from index:0
2019-08-27 19:09:07,038 [9ffcda27-0104-4d9f-ad29-5d6501b164ff:group-557E3DA6858E:LeaderElection4] INFO  impl.RaftServerImpl (ServerState.java:setRaftConf(361)) - 9ffcda27-0104-4d9f-ad29-5d6501b164ff:group-557E3DA6858E set configuration 0: [9ffcda27-0104-4d9f-ad29-5d6501b164ff:192.168.34.52:34400], old=null at 0
2019-08-27 19:09:07,066 [Thread-251] INFO  impl.FollowerState (FollowerState.java:run(106)) - af3e1e92-ae98-49b3-9ee0-671049e9c04d:group-D96580B15A57 changes to CANDIDATE, lastRpcTime:5108, electionTimeout:5094ms
2019-08-27 19:09:07,066 [Thread-251] INFO  impl.RoleInfo (RoleInfo.java:shutdownFollowerState(121)) - af3e1e92-ae98-49b3-9ee0-671049e9c04d: shutdown FollowerState
2019-08-27 19:09:07,066 [Thread-251] INFO  impl.RaftServerImpl (RaftServerImpl.java:setRole(171)) - af3e1e92-ae98-49b3-9ee0-671049e9c04d:group-D96580B15A57 changes role from FOLLOWER to CANDIDATE at term 0 for changeToCandidate
2019-08-27 19:09:07,067 [Thread-251] INFO  impl.RoleInfo (RoleInfo.java:updateAndGet(143)) - af3e1e92-ae98-49b3-9ee0-671049e9c04d: start LeaderElection
2019-08-27 19:09:07,079 [9ffcda27-0104-4d9f-ad29-5d6501b164ff-SegmentedRaftLogWorker:Storage Directory /workdir/hadoop-ozone/integration-test/target/test-dir/MiniOzoneClusterImpl-a3aac34f-b46b-43f5-94a8-28eba8461e96/datanode-4/data/ratis/d4518218-ae6b-47b9-b4d8-557e3da6858e] INFO  segmented.SegmentedRaftLogWorker (SegmentedRaftLogWorker.java:execute(569)) - 9ffcda27-0104-4d9f-ad29-5d6501b164ff-SegmentedRaftLogWorker:Storage Directory /workdir/hadoop-ozone/integration-test/target/test-dir/MiniOzoneClusterImpl-a3aac34f-b46b-43f5-94a8-28eba8461e96/datanode-4/data/ratis/d4518218-ae6b-47b9-b4d8-557e3da6858e: created new log segment /workdir/hadoop-ozone/integration-test/target/test-dir/MiniOzoneClusterImpl-a3aac34f-b46b-43f5-94a8-28eba8461e96/datanode-4/data/ratis/d4518218-ae6b-47b9-b4d8-557e3da6858e/current/log_inprogress_0
2019-08-27 19:09:07,079 [af3e1e92-ae98-49b3-9ee0-671049e9c04d:group-D96580B15A57:LeaderElection5] INFO  impl.LeaderElection (LeaderElection.java:askForVotes(181)) - af3e1e92-ae98-49b3-9ee0-671049e9c04d:group-D96580B15A57:LeaderElection5: begin an election at term 1 for -1: [af3e1e92-ae98-49b3-9ee0-671049e9c04d:192.168.34.52:34887], old=null
2019-08-27 19:09:07,079 [af3e1e92-ae98-49b3-9ee0-671049e9c04d:group-D96580B15A57:LeaderElection5] INFO  impl.RoleInfo (RoleInfo.java:shutdownLeaderElection(134)) - af3e1e92-ae98-49b3-9ee0-671049e9c04d: shutdown LeaderElection
2019-08-27 19:09:07,079 [af3e1e92-ae98-49b3-9ee0-671049e9c04d:group-D96580B15A57:LeaderElection5] INFO  impl.RaftServerImpl (RaftServerImpl.java:setRole(171)) - af3e1e92-ae98-49b3-9ee0-671049e9c04d:group-D96580B15A57 changes role from CANDIDATE to LEADER at term 1 for changeToLeader
2019-08-27 19:09:07,080 [af3e1e92-ae98-49b3-9ee0-671049e9c04d:group-D96580B15A57:LeaderElection5] INFO  impl.RaftServerImpl (ServerState.java:setLeader(263)) - af3e1e92-ae98-49b3-9ee0-671049e9c04d:group-D96580B15A57 change Leader from null to af3e1e92-ae98-49b3-9ee0-671049e9c04d at term 1 for becomeLeader, leader elected after 5126ms
2019-08-27 19:09:07,081 [af3e1e92-ae98-49b3-9ee0-671049e9c04d:group-D96580B15A57:LeaderElection5] INFO  server.RaftServerConfigKeys (ConfUtils.java:logGet(43)) - raft.server.staging.catchup.gap = 1000 (default)
2019-08-27 19:09:07,081 [af3e1e92-ae98-49b3-9ee0-671049e9c04d:group-D96580B15A57:LeaderElection5] INFO  server.RaftServerConfigKeys (ConfUtils.java:logGet(43)) - raft.server.rpc.sleep.time = 25ms (default)
2019-08-27 19:09:07,082 [af3e1e92-ae98-49b3-9ee0-671049e9c04d:group-D96580B15A57:LeaderElection5] INFO  server.RaftServerConfigKeys (ConfUtils.java:logGet(43)) - raft.server.write.element-limit = 4096 (default)
2019-08-27 19:09:07,082 [af3e1e92-ae98-49b3-9ee0-671049e9c04d:group-D96580B15A57:LeaderElection5] INFO  server.RaftServerConfigKeys (ConfUtils.java:logGet(43)) - raft.server.watch.timeout = 10s (default)
2019-08-27 19:09:07,082 [af3e1e92-ae98-49b3-9ee0-671049e9c04d:group-D96580B15A57:LeaderElection5] INFO  server.RaftServerConfigKeys (ConfUtils.java:logGet(43)) - raft.server.watch.timeout.denomination = 1s (default)
2019-08-27 19:09:07,082 [af3e1e92-ae98-49b3-9ee0-671049e9c04d:group-D96580B15A57:LeaderElection5] INFO  server.RaftServerConfigKeys (ConfUtils.java:logGet(43)) - raft.server.watch.element-limit = 65536 (default)
2019-08-27 19:09:07,082 [af3e1e92-ae98-49b3-9ee0-671049e9c04d:group-D96580B15A57:LeaderElection5] INFO  impl.RoleInfo (RoleInfo.java:updateAndGet(143)) - af3e1e92-ae98-49b3-9ee0-671049e9c04d: start LeaderState
2019-08-27 19:09:07,083 [af3e1e92-ae98-49b3-9ee0-671049e9c04d:group-D96580B15A57:LeaderElection5] INFO  segmented.SegmentedRaftLogWorker (SegmentedRaftLogWorker.java:startLogSegment(380)) - af3e1e92-ae98-49b3-9ee0-671049e9c04d-SegmentedRaftLogWorker:Storage Directory /workdir/hadoop-ozone/integration-test/target/test-dir/MiniOzoneClusterImpl-a3aac34f-b46b-43f5-94a8-28eba8461e96/datanode-5/data/ratis/c1c4f127-b34a-492e-8c13-d96580b15a57: Starting segment from index:0
2019-08-27 19:09:07,083 [af3e1e92-ae98-49b3-9ee0-671049e9c04d:group-D96580B15A57:LeaderElection5] INFO  impl.RaftServerImpl (ServerState.java:setRaftConf(361)) - af3e1e92-ae98-49b3-9ee0-671049e9c04d:group-D96580B15A57 set configuration 0: [af3e1e92-ae98-49b3-9ee0-671049e9c04d:192.168.34.52:34887], old=null at 0
2019-08-27 19:09:07,122 [Thread-254] INFO  impl.FollowerState (FollowerState.java:run(106)) - cd393f82-50d2-4f3f-a7d0-1a4d5e03aa9d:group-34FA3B40FCDD changes to CANDIDATE, lastRpcTime:5081, electionTimeout:5045ms
2019-08-27 19:09:07,125 [Thread-254] INFO  impl.RoleInfo (RoleInfo.java:shutdownFollowerState(121)) - cd393f82-50d2-4f3f-a7d0-1a4d5e03aa9d: shutdown FollowerState
2019-08-27 19:09:07,125 [Thread-254] INFO  impl.RaftServerImpl (RaftServerImpl.java:setRole(171)) - cd393f82-50d2-4f3f-a7d0-1a4d5e03aa9d:group-34FA3B40FCDD changes role from FOLLOWER to CANDIDATE at term 0 for changeToCandidate
2019-08-27 19:09:07,125 [Thread-254] INFO  impl.RoleInfo (RoleInfo.java:updateAndGet(143)) - cd393f82-50d2-4f3f-a7d0-1a4d5e03aa9d: start LeaderElection
2019-08-27 19:09:07,131 | INFO  | SCMAudit | user=jenkins1000 | ip=192.168.34.52 | op=SEND_HEARTBEAT {datanodeUUID=cd393f82-50d2-4f3f-a7d0-1a4d5e03aa9d, command=[]} | ret=SUCCESS |  
2019-08-27 19:09:07,132 | INFO  | SCMAudit | user=jenkins1000 | ip=192.168.34.52 | op=SEND_HEARTBEAT {datanodeUUID=d0865055-687d-480b-928d-c7ffb20d2627, command=[]} | ret=SUCCESS |  
2019-08-27 19:09:07,137 [af3e1e92-ae98-49b3-9ee0-671049e9c04d-SegmentedRaftLogWorker:Storage Directory /workdir/hadoop-ozone/integration-test/target/test-dir/MiniOzoneClusterImpl-a3aac34f-b46b-43f5-94a8-28eba8461e96/datanode-5/data/ratis/c1c4f127-b34a-492e-8c13-d96580b15a57] INFO  segmented.SegmentedRaftLogWorker (SegmentedRaftLogWorker.java:execute(569)) - af3e1e92-ae98-49b3-9ee0-671049e9c04d-SegmentedRaftLogWorker:Storage Directory /workdir/hadoop-ozone/integration-test/target/test-dir/MiniOzoneClusterImpl-a3aac34f-b46b-43f5-94a8-28eba8461e96/datanode-5/data/ratis/c1c4f127-b34a-492e-8c13-d96580b15a57: created new log segment /workdir/hadoop-ozone/integration-test/target/test-dir/MiniOzoneClusterImpl-a3aac34f-b46b-43f5-94a8-28eba8461e96/datanode-5/data/ratis/c1c4f127-b34a-492e-8c13-d96580b15a57/current/log_inprogress_0
2019-08-27 19:09:07,138 [cd393f82-50d2-4f3f-a7d0-1a4d5e03aa9d:group-34FA3B40FCDD:LeaderElection6] INFO  impl.LeaderElection (LeaderElection.java:askForVotes(181)) - cd393f82-50d2-4f3f-a7d0-1a4d5e03aa9d:group-34FA3B40FCDD:LeaderElection6: begin an election at term 1 for -1: [cd393f82-50d2-4f3f-a7d0-1a4d5e03aa9d:192.168.34.52:34692], old=null
2019-08-27 19:09:07,138 [cd393f82-50d2-4f3f-a7d0-1a4d5e03aa9d:group-34FA3B40FCDD:LeaderElection6] INFO  impl.RoleInfo (RoleInfo.java:shutdownLeaderElection(134)) - cd393f82-50d2-4f3f-a7d0-1a4d5e03aa9d: shutdown LeaderElection
2019-08-27 19:09:07,138 [cd393f82-50d2-4f3f-a7d0-1a4d5e03aa9d:group-34FA3B40FCDD:LeaderElection6] INFO  impl.RaftServerImpl (RaftServerImpl.java:setRole(171)) - cd393f82-50d2-4f3f-a7d0-1a4d5e03aa9d:group-34FA3B40FCDD changes role from CANDIDATE to LEADER at term 1 for changeToLeader
2019-08-27 19:09:07,138 [cd393f82-50d2-4f3f-a7d0-1a4d5e03aa9d:group-34FA3B40FCDD:LeaderElection6] INFO  impl.RaftServerImpl (ServerState.java:setLeader(263)) - cd393f82-50d2-4f3f-a7d0-1a4d5e03aa9d:group-34FA3B40FCDD change Leader from null to cd393f82-50d2-4f3f-a7d0-1a4d5e03aa9d at term 1 for becomeLeader, leader elected after 5101ms
2019-08-27 19:09:07,140 [cd393f82-50d2-4f3f-a7d0-1a4d5e03aa9d:group-34FA3B40FCDD:LeaderElection6] INFO  server.RaftServerConfigKeys (ConfUtils.java:logGet(43)) - raft.server.staging.catchup.gap = 1000 (default)
2019-08-27 19:09:07,140 [cd393f82-50d2-4f3f-a7d0-1a4d5e03aa9d:group-34FA3B40FCDD:LeaderElection6] INFO  server.RaftServerConfigKeys (ConfUtils.java:logGet(43)) - raft.server.rpc.sleep.time = 25ms (default)
2019-08-27 19:09:07,140 [cd393f82-50d2-4f3f-a7d0-1a4d5e03aa9d:group-34FA3B40FCDD:LeaderElection6] INFO  server.RaftServerConfigKeys (ConfUtils.java:logGet(43)) - raft.server.write.element-limit = 4096 (default)
2019-08-27 19:09:07,140 [cd393f82-50d2-4f3f-a7d0-1a4d5e03aa9d:group-34FA3B40FCDD:LeaderElection6] INFO  server.RaftServerConfigKeys (ConfUtils.java:logGet(43)) - raft.server.watch.timeout = 10s (default)
2019-08-27 19:09:07,141 [cd393f82-50d2-4f3f-a7d0-1a4d5e03aa9d:group-34FA3B40FCDD:LeaderElection6] INFO  server.RaftServerConfigKeys (ConfUtils.java:logGet(43)) - raft.server.watch.timeout.denomination = 1s (default)
2019-08-27 19:09:07,141 [cd393f82-50d2-4f3f-a7d0-1a4d5e03aa9d:group-34FA3B40FCDD:LeaderElection6] INFO  server.RaftServerConfigKeys (ConfUtils.java:logGet(43)) - raft.server.watch.element-limit = 65536 (default)
2019-08-27 19:09:07,141 [cd393f82-50d2-4f3f-a7d0-1a4d5e03aa9d:group-34FA3B40FCDD:LeaderElection6] INFO  impl.RoleInfo (RoleInfo.java:updateAndGet(143)) - cd393f82-50d2-4f3f-a7d0-1a4d5e03aa9d: start LeaderState
2019-08-27 19:09:07,141 [cd393f82-50d2-4f3f-a7d0-1a4d5e03aa9d:group-34FA3B40FCDD:LeaderElection6] INFO  segmented.SegmentedRaftLogWorker (SegmentedRaftLogWorker.java:startLogSegment(380)) - cd393f82-50d2-4f3f-a7d0-1a4d5e03aa9d-SegmentedRaftLogWorker:Storage Directory /workdir/hadoop-ozone/integration-test/target/test-dir/MiniOzoneClusterImpl-a3aac34f-b46b-43f5-94a8-28eba8461e96/datanode-3/data/ratis/0b9f5e14-3c51-45cc-8d27-34fa3b40fcdd: Starting segment from index:0
2019-08-27 19:09:07,142 [cd393f82-50d2-4f3f-a7d0-1a4d5e03aa9d:group-34FA3B40FCDD:LeaderElection6] INFO  impl.RaftServerImpl (ServerState.java:setRaftConf(361)) - cd393f82-50d2-4f3f-a7d0-1a4d5e03aa9d:group-34FA3B40FCDD set configuration 0: [cd393f82-50d2-4f3f-a7d0-1a4d5e03aa9d:192.168.34.52:34692], old=null at 0
2019-08-27 19:09:07,184 [Thread-257] INFO  impl.FollowerState (FollowerState.java:run(106)) - d0865055-687d-480b-928d-c7ffb20d2627:group-F5AA5AF91D04 changes to CANDIDATE, lastRpcTime:5079, electionTimeout:5079ms
2019-08-27 19:09:07,185 [Thread-257] INFO  impl.RoleInfo (RoleInfo.java:shutdownFollowerState(121)) - d0865055-687d-480b-928d-c7ffb20d2627: shutdown FollowerState
2019-08-27 19:09:07,185 [Thread-257] INFO  impl.RaftServerImpl (RaftServerImpl.java:setRole(171)) - d0865055-687d-480b-928d-c7ffb20d2627:group-F5AA5AF91D04 changes role from FOLLOWER to CANDIDATE at term 0 for changeToCandidate
2019-08-27 19:09:07,185 [Thread-257] INFO  impl.RoleInfo (RoleInfo.java:updateAndGet(143)) - d0865055-687d-480b-928d-c7ffb20d2627: start LeaderElection
2019-08-27 19:09:07,190 [cd393f82-50d2-4f3f-a7d0-1a4d5e03aa9d-SegmentedRaftLogWorker:Storage Directory /workdir/hadoop-ozone/integration-test/target/test-dir/MiniOzoneClusterImpl-a3aac34f-b46b-43f5-94a8-28eba8461e96/datanode-3/data/ratis/0b9f5e14-3c51-45cc-8d27-34fa3b40fcdd] INFO  segmented.SegmentedRaftLogWorker (SegmentedRaftLogWorker.java:execute(569)) - cd393f82-50d2-4f3f-a7d0-1a4d5e03aa9d-SegmentedRaftLogWorker:Storage Directory /workdir/hadoop-ozone/integration-test/target/test-dir/MiniOzoneClusterImpl-a3aac34f-b46b-43f5-94a8-28eba8461e96/datanode-3/data/ratis/0b9f5e14-3c51-45cc-8d27-34fa3b40fcdd: created new log segment /workdir/hadoop-ozone/integration-test/target/test-dir/MiniOzoneClusterImpl-a3aac34f-b46b-43f5-94a8-28eba8461e96/datanode-3/data/ratis/0b9f5e14-3c51-45cc-8d27-34fa3b40fcdd/current/log_inprogress_0
2019-08-27 19:09:07,191 | INFO  | SCMAudit | user=jenkins1000 | ip=192.168.34.52 | op=SEND_HEARTBEAT {datanodeUUID=9ffcda27-0104-4d9f-ad29-5d6501b164ff, command=[]} | ret=SUCCESS |  
2019-08-27 19:09:07,203 [d0865055-687d-480b-928d-c7ffb20d2627:group-F5AA5AF91D04:LeaderElection7] INFO  impl.LeaderElection (LeaderElection.java:askForVotes(181)) - d0865055-687d-480b-928d-c7ffb20d2627:group-F5AA5AF91D04:LeaderElection7: begin an election at term 1 for -1: [d0865055-687d-480b-928d-c7ffb20d2627:192.168.34.52:35778], old=null
2019-08-27 19:09:07,203 [d0865055-687d-480b-928d-c7ffb20d2627:group-F5AA5AF91D04:LeaderElection7] INFO  impl.RoleInfo (RoleInfo.java:shutdownLeaderElection(134)) - d0865055-687d-480b-928d-c7ffb20d2627: shutdown LeaderElection
2019-08-27 19:09:07,203 [d0865055-687d-480b-928d-c7ffb20d2627:group-F5AA5AF91D04:LeaderElection7] INFO  impl.RaftServerImpl (RaftServerImpl.java:setRole(171)) - d0865055-687d-480b-928d-c7ffb20d2627:group-F5AA5AF91D04 changes role from CANDIDATE to LEADER at term 1 for changeToLeader
2019-08-27 19:09:07,203 [d0865055-687d-480b-928d-c7ffb20d2627:group-F5AA5AF91D04:LeaderElection7] INFO  impl.RaftServerImpl (ServerState.java:setLeader(263)) - d0865055-687d-480b-928d-c7ffb20d2627:group-F5AA5AF91D04 change Leader from null to d0865055-687d-480b-928d-c7ffb20d2627 at term 1 for becomeLeader, leader elected after 5104ms
2019-08-27 19:09:07,204 [d0865055-687d-480b-928d-c7ffb20d2627:group-F5AA5AF91D04:LeaderElection7] INFO  server.RaftServerConfigKeys (ConfUtils.java:logGet(43)) - raft.server.staging.catchup.gap = 1000 (default)
2019-08-27 19:09:07,204 [d0865055-687d-480b-928d-c7ffb20d2627:group-F5AA5AF91D04:LeaderElection7] INFO  server.RaftServerConfigKeys (ConfUtils.java:logGet(43)) - raft.server.rpc.sleep.time = 25ms (default)
2019-08-27 19:09:07,205 [d0865055-687d-480b-928d-c7ffb20d2627:group-F5AA5AF91D04:LeaderElection7] INFO  server.RaftServerConfigKeys (ConfUtils.java:logGet(43)) - raft.server.write.element-limit = 4096 (default)
2019-08-27 19:09:07,205 [d0865055-687d-480b-928d-c7ffb20d2627:group-F5AA5AF91D04:LeaderElection7] INFO  server.RaftServerConfigKeys (ConfUtils.java:logGet(43)) - raft.server.watch.timeout = 10s (default)
2019-08-27 19:09:07,205 [d0865055-687d-480b-928d-c7ffb20d2627:group-F5AA5AF91D04:LeaderElection7] INFO  server.RaftServerConfigKeys (ConfUtils.java:logGet(43)) - raft.server.watch.timeout.denomination = 1s (default)
2019-08-27 19:09:07,205 [d0865055-687d-480b-928d-c7ffb20d2627:group-F5AA5AF91D04:LeaderElection7] INFO  server.RaftServerConfigKeys (ConfUtils.java:logGet(43)) - raft.server.watch.element-limit = 65536 (default)
2019-08-27 19:09:07,206 [d0865055-687d-480b-928d-c7ffb20d2627:group-F5AA5AF91D04:LeaderElection7] INFO  impl.RoleInfo (RoleInfo.java:updateAndGet(143)) - d0865055-687d-480b-928d-c7ffb20d2627: start LeaderState
2019-08-27 19:09:07,206 [d0865055-687d-480b-928d-c7ffb20d2627:group-F5AA5AF91D04:LeaderElection7] INFO  segmented.SegmentedRaftLogWorker (SegmentedRaftLogWorker.java:startLogSegment(380)) - d0865055-687d-480b-928d-c7ffb20d2627-SegmentedRaftLogWorker:Storage Directory /workdir/hadoop-ozone/integration-test/target/test-dir/MiniOzoneClusterImpl-a3aac34f-b46b-43f5-94a8-28eba8461e96/datanode-2/data/ratis/6082b155-728c-4e7b-953f-f5aa5af91d04: Starting segment from index:0
2019-08-27 19:09:07,206 [d0865055-687d-480b-928d-c7ffb20d2627:group-F5AA5AF91D04:LeaderElection7] INFO  impl.RaftServerImpl (ServerState.java:setRaftConf(361)) - d0865055-687d-480b-928d-c7ffb20d2627:group-F5AA5AF91D04 set configuration 0: [d0865055-687d-480b-928d-c7ffb20d2627:192.168.34.52:35778], old=null at 0
2019-08-27 19:09:07,246 | INFO  | SCMAudit | user=jenkins1000 | ip=192.168.34.52 | op=SEND_HEARTBEAT {datanodeUUID=4652c2a2-f5fc-4e57-bdef-57b8a38a37ac, command=[]} | ret=SUCCESS |  
2019-08-27 19:09:07,252 [d0865055-687d-480b-928d-c7ffb20d2627-SegmentedRaftLogWorker:Storage Directory /workdir/hadoop-ozone/integration-test/target/test-dir/MiniOzoneClusterImpl-a3aac34f-b46b-43f5-94a8-28eba8461e96/datanode-2/data/ratis/6082b155-728c-4e7b-953f-f5aa5af91d04] INFO  segmented.SegmentedRaftLogWorker (SegmentedRaftLogWorker.java:execute(569)) - d0865055-687d-480b-928d-c7ffb20d2627-SegmentedRaftLogWorker:Storage Directory /workdir/hadoop-ozone/integration-test/target/test-dir/MiniOzoneClusterImpl-a3aac34f-b46b-43f5-94a8-28eba8461e96/datanode-2/data/ratis/6082b155-728c-4e7b-953f-f5aa5af91d04: created new log segment /workdir/hadoop-ozone/integration-test/target/test-dir/MiniOzoneClusterImpl-a3aac34f-b46b-43f5-94a8-28eba8461e96/datanode-2/data/ratis/6082b155-728c-4e7b-953f-f5aa5af91d04/current/log_inprogress_0
2019-08-27 19:09:07,305 [Thread-262] INFO  impl.FollowerState (FollowerState.java:run(106)) - ba29cdba-9247-4871-9d52-a9c6f2c8acb8:group-1757ACDFB26B changes to CANDIDATE, lastRpcTime:5098, electionTimeout:5098ms
2019-08-27 19:09:07,305 [Thread-262] INFO  impl.RoleInfo (RoleInfo.java:shutdownFollowerState(121)) - ba29cdba-9247-4871-9d52-a9c6f2c8acb8: shutdown FollowerState
2019-08-27 19:09:07,305 [Thread-262] INFO  impl.RaftServerImpl (RaftServerImpl.java:setRole(171)) - ba29cdba-9247-4871-9d52-a9c6f2c8acb8:group-1757ACDFB26B changes role from FOLLOWER to CANDIDATE at term 0 for changeToCandidate
2019-08-27 19:09:07,305 [Thread-262] INFO  impl.RoleInfo (RoleInfo.java:updateAndGet(143)) - ba29cdba-9247-4871-9d52-a9c6f2c8acb8: start LeaderElection
2019-08-27 19:09:07,318 [Thread-266] INFO  impl.FollowerState (FollowerState.java:run(106)) - 9ffcda27-0104-4d9f-ad29-5d6501b164ff:group-1757ACDFB26B changes to CANDIDATE, lastRpcTime:5107, electionTimeout:5104ms
2019-08-27 19:09:07,320 [Thread-266] INFO  impl.RoleInfo (RoleInfo.java:shutdownFollowerState(121)) - 9ffcda27-0104-4d9f-ad29-5d6501b164ff: shutdown FollowerState
2019-08-27 19:09:07,320 [Thread-266] INFO  impl.RaftServerImpl (RaftServerImpl.java:setRole(171)) - 9ffcda27-0104-4d9f-ad29-5d6501b164ff:group-1757ACDFB26B changes role from FOLLOWER to CANDIDATE at term 0 for changeToCandidate
2019-08-27 19:09:07,320 [Thread-266] INFO  impl.RoleInfo (RoleInfo.java:updateAndGet(143)) - 9ffcda27-0104-4d9f-ad29-5d6501b164ff: start LeaderElection
2019-08-27 19:09:07,324 [ba29cdba-9247-4871-9d52-a9c6f2c8acb8:group-1757ACDFB26B:LeaderElection8] INFO  impl.LeaderElection (LeaderElection.java:askForVotes(181)) - ba29cdba-9247-4871-9d52-a9c6f2c8acb8:group-1757ACDFB26B:LeaderElection8: begin an election at term 1 for -1: [9ffcda27-0104-4d9f-ad29-5d6501b164ff:192.168.34.52:34400, b9013286-53b5-41d8-8a21-1ab40203d76e:192.168.34.52:36296, ba29cdba-9247-4871-9d52-a9c6f2c8acb8:192.168.34.52:32914], old=null
2019-08-27 19:09:07,351 [9ffcda27-0104-4d9f-ad29-5d6501b164ff:group-1757ACDFB26B:LeaderElection9] INFO  impl.LeaderElection (LeaderElection.java:askForVotes(181)) - 9ffcda27-0104-4d9f-ad29-5d6501b164ff:group-1757ACDFB26B:LeaderElection9: begin an election at term 1 for -1: [9ffcda27-0104-4d9f-ad29-5d6501b164ff:192.168.34.52:34400, b9013286-53b5-41d8-8a21-1ab40203d76e:192.168.34.52:36296, ba29cdba-9247-4871-9d52-a9c6f2c8acb8:192.168.34.52:32914], old=null
2019-08-27 19:09:07,351 [grpc-default-executor-2] INFO  client.GrpcClientProtocolClient (GrpcClientProtocolClient.java:onNext(255)) - client-199C490DCCC3->b9013286-53b5-41d8-8a21-1ab40203d76e: receive RaftClientReply:client-199C490DCCC3->b9013286-53b5-41d8-8a21-1ab40203d76e@group-1757ACDFB26B, cid=13, FAILED org.apache.ratis.protocol.NotLeaderException: Server b9013286-53b5-41d8-8a21-1ab40203d76e is not the leader (null). Request must be sent to leader., logIndex=0, commits[b9013286-53b5-41d8-8a21-1ab40203d76e:c-1]
2019-08-27 19:09:07,387 [grpc-default-executor-0] INFO  impl.RaftServerImpl (RaftServerImpl.java:setRole(171)) - b9013286-53b5-41d8-8a21-1ab40203d76e:group-1757ACDFB26B changes role from FOLLOWER to FOLLOWER at term 1 for recognizeCandidate:ba29cdba-9247-4871-9d52-a9c6f2c8acb8
2019-08-27 19:09:07,387 [grpc-default-executor-0] INFO  impl.RoleInfo (RoleInfo.java:shutdownFollowerState(121)) - b9013286-53b5-41d8-8a21-1ab40203d76e: shutdown FollowerState
2019-08-27 19:09:07,387 [grpc-default-executor-0] INFO  impl.RoleInfo (RoleInfo.java:updateAndGet(143)) - b9013286-53b5-41d8-8a21-1ab40203d76e: start FollowerState
2019-08-27 19:09:07,387 [Thread-260] INFO  impl.FollowerState (FollowerState.java:run(114)) - b9013286-53b5-41d8-8a21-1ab40203d76e: FollowerState was interrupted: java.lang.InterruptedException: sleep interrupted
2019-08-27 19:09:07,397 [Thread-274] INFO  impl.FollowerState (FollowerState.java:run(106)) - 4652c2a2-f5fc-4e57-bdef-57b8a38a37ac:group-8A2F0715FE9E changes to CANDIDATE, lastRpcTime:5063, electionTimeout:5060ms
2019-08-27 19:09:07,397 [Thread-274] INFO  impl.RoleInfo (RoleInfo.java:shutdownFollowerState(121)) - 4652c2a2-f5fc-4e57-bdef-57b8a38a37ac: shutdown FollowerState
2019-08-27 19:09:07,397 [Thread-274] INFO  impl.RaftServerImpl (RaftServerImpl.java:setRole(171)) - 4652c2a2-f5fc-4e57-bdef-57b8a38a37ac:group-8A2F0715FE9E changes role from FOLLOWER to CANDIDATE at term 0 for changeToCandidate
2019-08-27 19:09:07,397 [Thread-274] INFO  impl.RoleInfo (RoleInfo.java:updateAndGet(143)) - 4652c2a2-f5fc-4e57-bdef-57b8a38a37ac: start LeaderElection
2019-08-27 19:09:07,416 [4652c2a2-f5fc-4e57-bdef-57b8a38a37ac:group-8A2F0715FE9E:LeaderElection10] INFO  impl.LeaderElection (LeaderElection.java:askForVotes(181)) - 4652c2a2-f5fc-4e57-bdef-57b8a38a37ac:group-8A2F0715FE9E:LeaderElection10: begin an election at term 1 for -1: [af3e1e92-ae98-49b3-9ee0-671049e9c04d:192.168.34.52:34887, cd393f82-50d2-4f3f-a7d0-1a4d5e03aa9d:192.168.34.52:34692, 4652c2a2-f5fc-4e57-bdef-57b8a38a37ac:192.168.34.52:33572], old=null
2019-08-27 19:09:07,426 [ba29cdba-9247-4871-9d52-a9c6f2c8acb8:group-1757ACDFB26B:LeaderElection8] INFO  impl.LeaderElection (LeaderElection.java:logAndReturn(56)) - ba29cdba-9247-4871-9d52-a9c6f2c8acb8:group-1757ACDFB26B:LeaderElection8: Election PASSED; received 2 response(s) [ba29cdba-9247-4871-9d52-a9c6f2c8acb8<-9ffcda27-0104-4d9f-ad29-5d6501b164ff#0:FAIL-t1, ba29cdba-9247-4871-9d52-a9c6f2c8acb8<-b9013286-53b5-41d8-8a21-1ab40203d76e#0:OK-t1] and 0 exception(s); ba29cdba-9247-4871-9d52-a9c6f2c8acb8:t1, leader=null, voted=ba29cdba-9247-4871-9d52-a9c6f2c8acb8, raftlog=ba29cdba-9247-4871-9d52-a9c6f2c8acb8-SegmentedRaftLog:OPENED:c-1,f-1,i0, conf=-1: [9ffcda27-0104-4d9f-ad29-5d6501b164ff:192.168.34.52:34400, b9013286-53b5-41d8-8a21-1ab40203d76e:192.168.34.52:36296, ba29cdba-9247-4871-9d52-a9c6f2c8acb8:192.168.34.52:32914], old=null
2019-08-27 19:09:07,426 [9ffcda27-0104-4d9f-ad29-5d6501b164ff:group-1757ACDFB26B:LeaderElection9] INFO  impl.LeaderElection (LeaderElection.java:logAndReturn(56)) - 9ffcda27-0104-4d9f-ad29-5d6501b164ff:group-1757ACDFB26B:LeaderElection9: Election REJECTED; received 2 response(s) [9ffcda27-0104-4d9f-ad29-5d6501b164ff<-b9013286-53b5-41d8-8a21-1ab40203d76e#0:FAIL-t1, 9ffcda27-0104-4d9f-ad29-5d6501b164ff<-ba29cdba-9247-4871-9d52-a9c6f2c8acb8#0:FAIL-t1] and 0 exception(s); 9ffcda27-0104-4d9f-ad29-5d6501b164ff:t1, leader=null, voted=9ffcda27-0104-4d9f-ad29-5d6501b164ff, raftlog=9ffcda27-0104-4d9f-ad29-5d6501b164ff-SegmentedRaftLog:OPENED:c-1,f-1,i0, conf=-1: [9ffcda27-0104-4d9f-ad29-5d6501b164ff:192.168.34.52:34400, b9013286-53b5-41d8-8a21-1ab40203d76e:192.168.34.52:36296, ba29cdba-9247-4871-9d52-a9c6f2c8acb8:192.168.34.52:32914], old=null
2019-08-27 19:09:07,426 [ba29cdba-9247-4871-9d52-a9c6f2c8acb8:group-1757ACDFB26B:LeaderElection8] INFO  impl.RoleInfo (RoleInfo.java:shutdownLeaderElection(134)) - ba29cdba-9247-4871-9d52-a9c6f2c8acb8: shutdown LeaderElection
2019-08-27 19:09:07,429 [ba29cdba-9247-4871-9d52-a9c6f2c8acb8:group-1757ACDFB26B:LeaderElection8] INFO  impl.RaftServerImpl (RaftServerImpl.java:setRole(171)) - ba29cdba-9247-4871-9d52-a9c6f2c8acb8:group-1757ACDFB26B changes role from CANDIDATE to LEADER at term 1 for changeToLeader
2019-08-27 19:09:07,429 [ba29cdba-9247-4871-9d52-a9c6f2c8acb8:group-1757ACDFB26B:LeaderElection8] INFO  impl.RaftServerImpl (ServerState.java:setLeader(263)) - ba29cdba-9247-4871-9d52-a9c6f2c8acb8:group-1757ACDFB26B change Leader from null to ba29cdba-9247-4871-9d52-a9c6f2c8acb8 at term 1 for becomeLeader, leader elected after 5237ms
2019-08-27 19:09:07,429 [9ffcda27-0104-4d9f-ad29-5d6501b164ff:group-1757ACDFB26B:LeaderElection9] INFO  impl.RaftServerImpl (RaftServerImpl.java:setRole(171)) - 9ffcda27-0104-4d9f-ad29-5d6501b164ff:group-1757ACDFB26B changes role from CANDIDATE to FOLLOWER at term 1 for DISCOVERED_A_NEW_TERM
2019-08-27 19:09:07,435 [9ffcda27-0104-4d9f-ad29-5d6501b164ff:group-1757ACDFB26B:LeaderElection9] INFO  impl.RoleInfo (RoleInfo.java:shutdownLeaderElection(134)) - 9ffcda27-0104-4d9f-ad29-5d6501b164ff: shutdown LeaderElection
2019-08-27 19:09:07,438 [Thread-273] INFO  impl.FollowerState (FollowerState.java:run(106)) - af3e1e92-ae98-49b3-9ee0-671049e9c04d:group-8A2F0715FE9E changes to CANDIDATE, lastRpcTime:5104, electionTimeout:5098ms
2019-08-27 19:09:07,437 [ba29cdba-9247-4871-9d52-a9c6f2c8acb8:group-1757ACDFB26B:LeaderElection8] INFO  server.RaftServerConfigKeys (ConfUtils.java:logGet(43)) - raft.server.staging.catchup.gap = 1000 (default)
2019-08-27 19:09:07,440 [Thread-273] INFO  impl.RoleInfo (RoleInfo.java:shutdownFollowerState(121)) - af3e1e92-ae98-49b3-9ee0-671049e9c04d: shutdown FollowerState
2019-08-27 19:09:07,440 [ba29cdba-9247-4871-9d52-a9c6f2c8acb8:group-1757ACDFB26B:LeaderElection8] INFO  server.RaftServerConfigKeys (ConfUtils.java:logGet(43)) - raft.server.rpc.sleep.time = 25ms (default)
2019-08-27 19:09:07,440 [9ffcda27-0104-4d9f-ad29-5d6501b164ff:group-1757ACDFB26B:LeaderElection9] INFO  impl.RoleInfo (RoleInfo.java:updateAndGet(143)) - 9ffcda27-0104-4d9f-ad29-5d6501b164ff: start FollowerState
2019-08-27 19:09:07,440 [ba29cdba-9247-4871-9d52-a9c6f2c8acb8:group-1757ACDFB26B:LeaderElection8] INFO  server.RaftServerConfigKeys (ConfUtils.java:logGet(43)) - raft.server.write.element-limit = 4096 (default)
2019-08-27 19:09:07,440 [Thread-273] INFO  impl.RaftServerImpl (RaftServerImpl.java:setRole(171)) - af3e1e92-ae98-49b3-9ee0-671049e9c04d:group-8A2F0715FE9E changes role from FOLLOWER to CANDIDATE at term 0 for changeToCandidate
2019-08-27 19:09:07,443 [ba29cdba-9247-4871-9d52-a9c6f2c8acb8:group-1757ACDFB26B:LeaderElection8] INFO  server.RaftServerConfigKeys (ConfUtils.java:logGet(43)) - raft.server.watch.timeout = 10s (default)
2019-08-27 19:09:07,445 [Thread-273] INFO  impl.RoleInfo (RoleInfo.java:updateAndGet(143)) - af3e1e92-ae98-49b3-9ee0-671049e9c04d: start LeaderElection
2019-08-27 19:09:07,445 [ba29cdba-9247-4871-9d52-a9c6f2c8acb8:group-1757ACDFB26B:LeaderElection8] INFO  server.RaftServerConfigKeys (ConfUtils.java:logGet(43)) - raft.server.watch.timeout.denomination = 1s (default)
2019-08-27 19:09:07,447 [Thread-269] INFO  impl.FollowerState (FollowerState.java:run(106)) - cd393f82-50d2-4f3f-a7d0-1a4d5e03aa9d:group-8A2F0715FE9E changes to CANDIDATE, lastRpcTime:5121, electionTimeout:5120ms
2019-08-27 19:09:07,449 [ba29cdba-9247-4871-9d52-a9c6f2c8acb8:group-1757ACDFB26B:LeaderElection8] INFO  server.RaftServerConfigKeys (ConfUtils.java:logGet(43)) - raft.server.watch.element-limit = 65536 (default)
2019-08-27 19:09:07,449 [grpc-default-executor-3] INFO  impl.RaftServerImpl (RaftServerImpl.java:setRole(171)) - af3e1e92-ae98-49b3-9ee0-671049e9c04d:group-8A2F0715FE9E changes role from CANDIDATE to FOLLOWER at term 1 for recognizeCandidate:4652c2a2-f5fc-4e57-bdef-57b8a38a37ac
2019-08-27 19:09:07,451 [Thread-269] INFO  impl.RoleInfo (RoleInfo.java:shutdownFollowerState(121)) - cd393f82-50d2-4f3f-a7d0-1a4d5e03aa9d: shutdown FollowerState
2019-08-27 19:09:07,454 [grpc-default-executor-3] INFO  impl.RoleInfo (RoleInfo.java:shutdownLeaderElection(134)) - af3e1e92-ae98-49b3-9ee0-671049e9c04d: shutdown LeaderElection
2019-08-27 19:09:07,454 [Thread-269] INFO  impl.RaftServerImpl (RaftServerImpl.java:setRole(171)) - cd393f82-50d2-4f3f-a7d0-1a4d5e03aa9d:group-8A2F0715FE9E changes role from FOLLOWER to CANDIDATE at term 0 for changeToCandidate
2019-08-27 19:09:07,456 [grpc-default-executor-3] INFO  impl.RoleInfo (RoleInfo.java:updateAndGet(143)) - af3e1e92-ae98-49b3-9ee0-671049e9c04d: start FollowerState
2019-08-27 19:09:07,456 [Thread-269] INFO  impl.RoleInfo (RoleInfo.java:updateAndGet(143)) - cd393f82-50d2-4f3f-a7d0-1a4d5e03aa9d: start LeaderElection
2019-08-27 19:09:07,461 [grpc-default-executor-2] INFO  impl.RaftServerImpl (RaftServerImpl.java:setRole(171)) - cd393f82-50d2-4f3f-a7d0-1a4d5e03aa9d:group-8A2F0715FE9E changes role from CANDIDATE to FOLLOWER at term 1 for recognizeCandidate:4652c2a2-f5fc-4e57-bdef-57b8a38a37ac
2019-08-27 19:09:07,461 [grpc-default-executor-2] INFO  impl.RoleInfo (RoleInfo.java:shutdownLeaderElection(134)) - cd393f82-50d2-4f3f-a7d0-1a4d5e03aa9d: shutdown LeaderElection
2019-08-27 19:09:07,461 [ba29cdba-9247-4871-9d52-a9c6f2c8acb8:group-1757ACDFB26B:LeaderElection8] INFO  server.RaftServerConfigKeys (ConfUtils.java:logGet(43)) - raft.server.log.appender.snapshot.chunk.size.max = 16MB (=16777216) (default)
2019-08-27 19:09:07,461 [grpc-default-executor-2] INFO  impl.RoleInfo (RoleInfo.java:updateAndGet(143)) - cd393f82-50d2-4f3f-a7d0-1a4d5e03aa9d: start FollowerState
2019-08-27 19:09:07,461 [ba29cdba-9247-4871-9d52-a9c6f2c8acb8:group-1757ACDFB26B:LeaderElection8] INFO  server.RaftServerConfigKeys (ConfUtils.java:logGet(43)) - raft.server.log.appender.buffer.byte-limit = 33554432 (custom)
2019-08-27 19:09:07,462 [ba29cdba-9247-4871-9d52-a9c6f2c8acb8:group-1757ACDFB26B:LeaderElection8] INFO  server.RaftServerConfigKeys (ConfUtils.java:logGet(43)) - raft.server.log.appender.buffer.element-limit = 1 (custom)
2019-08-27 19:09:07,466 [ba29cdba-9247-4871-9d52-a9c6f2c8acb8:group-1757ACDFB26B:LeaderElection8] INFO  grpc.GrpcConfigKeys$Server (ConfUtils.java:logGet(43)) - raft.grpc.server.leader.outstanding.appends.max = 128 (default)
2019-08-27 19:09:07,468 [ba29cdba-9247-4871-9d52-a9c6f2c8acb8:group-1757ACDFB26B:LeaderElection8] INFO  server.RaftServerConfigKeys (ConfUtils.java:logGet(43)) - raft.server.rpc.request.timeout = 3000ms (default)
2019-08-27 19:09:07,468 [ba29cdba-9247-4871-9d52-a9c6f2c8acb8:group-1757ACDFB26B:LeaderElection8] INFO  server.RaftServerConfigKeys (ConfUtils.java:logGet(43)) - raft.server.log.appender.install.snapshot.enabled = false (custom)
2019-08-27 19:09:07,468 [ba29cdba-9247-4871-9d52-a9c6f2c8acb8:group-1757ACDFB26B:LeaderElection8] INFO  server.RaftServerConfigKeys (ConfUtils.java:logGet(43)) - raft.server.log.appender.snapshot.chunk.size.max = 16MB (=16777216) (default)
2019-08-27 19:09:07,469 [ba29cdba-9247-4871-9d52-a9c6f2c8acb8:group-1757ACDFB26B:LeaderElection8] INFO  server.RaftServerConfigKeys (ConfUtils.java:logGet(43)) - raft.server.log.appender.buffer.byte-limit = 33554432 (custom)
2019-08-27 19:09:07,469 [ba29cdba-9247-4871-9d52-a9c6f2c8acb8:group-1757ACDFB26B:LeaderElection8] INFO  server.RaftServerConfigKeys (ConfUtils.java:logGet(43)) - raft.server.log.appender.buffer.element-limit = 1 (custom)
2019-08-27 19:09:07,469 [ba29cdba-9247-4871-9d52-a9c6f2c8acb8:group-1757ACDFB26B:LeaderElection8] INFO  grpc.GrpcConfigKeys$Server (ConfUtils.java:logGet(43)) - raft.grpc.server.leader.outstanding.appends.max = 128 (default)
2019-08-27 19:09:07,469 [ba29cdba-9247-4871-9d52-a9c6f2c8acb8:group-1757ACDFB26B:LeaderElection8] INFO  server.RaftServerConfigKeys (ConfUtils.java:logGet(43)) - raft.server.rpc.request.timeout = 3000ms (default)
2019-08-27 19:09:07,469 [ba29cdba-9247-4871-9d52-a9c6f2c8acb8:group-1757ACDFB26B:LeaderElection8] INFO  server.RaftServerConfigKeys (ConfUtils.java:logGet(43)) - raft.server.log.appender.install.snapshot.enabled = false (custom)
2019-08-27 19:09:07,471 | INFO  | SCMAudit | user=jenkins1000 | ip=192.168.34.52 | op=SEND_HEARTBEAT {datanodeUUID=af3e1e92-ae98-49b3-9ee0-671049e9c04d, command=[]} | ret=SUCCESS |  
2019-08-27 19:09:07,471 [ba29cdba-9247-4871-9d52-a9c6f2c8acb8:group-1757ACDFB26B:LeaderElection8] INFO  impl.RoleInfo (RoleInfo.java:updateAndGet(143)) - ba29cdba-9247-4871-9d52-a9c6f2c8acb8: start LeaderState
2019-08-27 19:09:07,471 [ba29cdba-9247-4871-9d52-a9c6f2c8acb8:group-1757ACDFB26B:LeaderElection8] INFO  segmented.SegmentedRaftLogWorker (SegmentedRaftLogWorker.java:startLogSegment(380)) - ba29cdba-9247-4871-9d52-a9c6f2c8acb8-SegmentedRaftLogWorker:Storage Directory /workdir/hadoop-ozone/integration-test/target/test-dir/MiniOzoneClusterImpl-a3aac34f-b46b-43f5-94a8-28eba8461e96/datanode-6/data/ratis/97d38e5f-ec4b-4d30-a7b1-1757acdfb26b: Starting segment from index:0
2019-08-27 19:09:07,472 [ba29cdba-9247-4871-9d52-a9c6f2c8acb8:group-1757ACDFB26B:LeaderElection8] INFO  impl.RaftServerImpl (ServerState.java:setRaftConf(361)) - ba29cdba-9247-4871-9d52-a9c6f2c8acb8:group-1757ACDFB26B set configuration 0: [9ffcda27-0104-4d9f-ad29-5d6501b164ff:192.168.34.52:34400, b9013286-53b5-41d8-8a21-1ab40203d76e:192.168.34.52:36296, ba29cdba-9247-4871-9d52-a9c6f2c8acb8:192.168.34.52:32914], old=null at 0
2019-08-27 19:09:07,508 [cd393f82-50d2-4f3f-a7d0-1a4d5e03aa9d:group-8A2F0715FE9E:LeaderElection12] INFO  impl.LeaderElection (LeaderElection.java:askForVotes(181)) - cd393f82-50d2-4f3f-a7d0-1a4d5e03aa9d:group-8A2F0715FE9E:LeaderElection12: begin an election at term 2 for -1: [af3e1e92-ae98-49b3-9ee0-671049e9c04d:192.168.34.52:34887, cd393f82-50d2-4f3f-a7d0-1a4d5e03aa9d:192.168.34.52:34692, 4652c2a2-f5fc-4e57-bdef-57b8a38a37ac:192.168.34.52:33572], old=null
2019-08-27 19:09:07,509 [af3e1e92-ae98-49b3-9ee0-671049e9c04d:group-8A2F0715FE9E:LeaderElection11] INFO  impl.LeaderElection (LeaderElection.java:askForVotes(181)) - af3e1e92-ae98-49b3-9ee0-671049e9c04d:group-8A2F0715FE9E:LeaderElection11: begin an election at term 2 for -1: [af3e1e92-ae98-49b3-9ee0-671049e9c04d:192.168.34.52:34887, cd393f82-50d2-4f3f-a7d0-1a4d5e03aa9d:192.168.34.52:34692, 4652c2a2-f5fc-4e57-bdef-57b8a38a37ac:192.168.34.52:33572], old=null
2019-08-27 19:09:07,514 [4652c2a2-f5fc-4e57-bdef-57b8a38a37ac:group-8A2F0715FE9E:LeaderElection10] INFO  impl.LeaderElection (LeaderElection.java:logAndReturn(56)) - 4652c2a2-f5fc-4e57-bdef-57b8a38a37ac:group-8A2F0715FE9E:LeaderElection10: Election REJECTED; received 2 response(s) [4652c2a2-f5fc-4e57-bdef-57b8a38a37ac<-af3e1e92-ae98-49b3-9ee0-671049e9c04d#0:FAIL-t1, 4652c2a2-f5fc-4e57-bdef-57b8a38a37ac<-cd393f82-50d2-4f3f-a7d0-1a4d5e03aa9d#0:FAIL-t1] and 0 exception(s); 4652c2a2-f5fc-4e57-bdef-57b8a38a37ac:t1, leader=null, voted=4652c2a2-f5fc-4e57-bdef-57b8a38a37ac, raftlog=4652c2a2-f5fc-4e57-bdef-57b8a38a37ac-SegmentedRaftLog:OPENED:c-1,f-1,i0, conf=-1: [af3e1e92-ae98-49b3-9ee0-671049e9c04d:192.168.34.52:34887, cd393f82-50d2-4f3f-a7d0-1a4d5e03aa9d:192.168.34.52:34692, 4652c2a2-f5fc-4e57-bdef-57b8a38a37ac:192.168.34.52:33572], old=null
2019-08-27 19:09:07,514 [cd393f82-50d2-4f3f-a7d0-1a4d5e03aa9d:group-8A2F0715FE9E:LeaderElection12] INFO  impl.LeaderElection (LeaderElection.java:logAndReturn(56)) - cd393f82-50d2-4f3f-a7d0-1a4d5e03aa9d:group-8A2F0715FE9E:LeaderElection12: Election REJECTED; received 0 response(s) [] and 0 exception(s); cd393f82-50d2-4f3f-a7d0-1a4d5e03aa9d:t2, leader=null, voted=cd393f82-50d2-4f3f-a7d0-1a4d5e03aa9d, raftlog=cd393f82-50d2-4f3f-a7d0-1a4d5e03aa9d-SegmentedRaftLog:OPENED:c-1,f-1,i0, conf=-1: [af3e1e92-ae98-49b3-9ee0-671049e9c04d:192.168.34.52:34887, cd393f82-50d2-4f3f-a7d0-1a4d5e03aa9d:192.168.34.52:34692, 4652c2a2-f5fc-4e57-bdef-57b8a38a37ac:192.168.34.52:33572], old=null
2019-08-27 19:09:07,515 | INFO  | SCMAudit | user=jenkins1000 | ip=192.168.34.52 | op=SEND_HEARTBEAT {datanodeUUID=b9013286-53b5-41d8-8a21-1ab40203d76e, command=[]} | ret=SUCCESS |  
2019-08-27 19:09:07,515 [af3e1e92-ae98-49b3-9ee0-671049e9c04d:group-8A2F0715FE9E:LeaderElection11] INFO  impl.LeaderElection (LeaderElection.java:logAndReturn(56)) - af3e1e92-ae98-49b3-9ee0-671049e9c04d:group-8A2F0715FE9E:LeaderElection11: Election REJECTED; received 0 response(s) [] and 0 exception(s); af3e1e92-ae98-49b3-9ee0-671049e9c04d:t2, leader=null, voted=af3e1e92-ae98-49b3-9ee0-671049e9c04d, raftlog=af3e1e92-ae98-49b3-9ee0-671049e9c04d-SegmentedRaftLog:OPENED:c-1,f-1,i0, conf=-1: [af3e1e92-ae98-49b3-9ee0-671049e9c04d:192.168.34.52:34887, cd393f82-50d2-4f3f-a7d0-1a4d5e03aa9d:192.168.34.52:34692, 4652c2a2-f5fc-4e57-bdef-57b8a38a37ac:192.168.34.52:33572], old=null
2019-08-27 19:09:07,515 [4652c2a2-f5fc-4e57-bdef-57b8a38a37ac:group-8A2F0715FE9E:LeaderElection10] INFO  impl.RaftServerImpl (RaftServerImpl.java:setRole(171)) - 4652c2a2-f5fc-4e57-bdef-57b8a38a37ac:group-8A2F0715FE9E changes role from CANDIDATE to FOLLOWER at term 1 for DISCOVERED_A_NEW_TERM
2019-08-27 19:09:07,517 [ba29cdba-9247-4871-9d52-a9c6f2c8acb8-SegmentedRaftLogWorker:Storage Directory /workdir/hadoop-ozone/integration-test/target/test-dir/MiniOzoneClusterImpl-a3aac34f-b46b-43f5-94a8-28eba8461e96/datanode-6/data/ratis/97d38e5f-ec4b-4d30-a7b1-1757acdfb26b] INFO  segmented.SegmentedRaftLogWorker (SegmentedRaftLogWorker.java:execute(569)) - ba29cdba-9247-4871-9d52-a9c6f2c8acb8-SegmentedRaftLogWorker:Storage Directory /workdir/hadoop-ozone/integration-test/target/test-dir/MiniOzoneClusterImpl-a3aac34f-b46b-43f5-94a8-28eba8461e96/datanode-6/data/ratis/97d38e5f-ec4b-4d30-a7b1-1757acdfb26b: created new log segment /workdir/hadoop-ozone/integration-test/target/test-dir/MiniOzoneClusterImpl-a3aac34f-b46b-43f5-94a8-28eba8461e96/datanode-6/data/ratis/97d38e5f-ec4b-4d30-a7b1-1757acdfb26b/current/log_inprogress_0
2019-08-27 19:09:07,532 [4652c2a2-f5fc-4e57-bdef-57b8a38a37ac:group-8A2F0715FE9E:LeaderElection10] INFO  impl.RoleInfo (RoleInfo.java:shutdownLeaderElection(134)) - 4652c2a2-f5fc-4e57-bdef-57b8a38a37ac: shutdown LeaderElection
2019-08-27 19:09:07,535 [4652c2a2-f5fc-4e57-bdef-57b8a38a37ac:group-8A2F0715FE9E:LeaderElection10] INFO  impl.RoleInfo (RoleInfo.java:updateAndGet(143)) - 4652c2a2-f5fc-4e57-bdef-57b8a38a37ac: start FollowerState
2019-08-27 19:09:07,549 [grpc-default-executor-2] INFO  impl.RaftServerImpl (RaftServerImpl.java:setRole(171)) - 4652c2a2-f5fc-4e57-bdef-57b8a38a37ac:group-8A2F0715FE9E changes role from FOLLOWER to FOLLOWER at term 2 for recognizeCandidate:cd393f82-50d2-4f3f-a7d0-1a4d5e03aa9d
2019-08-27 19:09:07,551 [grpc-default-executor-2] INFO  impl.RoleInfo (RoleInfo.java:shutdownFollowerState(121)) - 4652c2a2-f5fc-4e57-bdef-57b8a38a37ac: shutdown FollowerState
2019-08-27 19:09:07,551 [Thread-332] INFO  impl.FollowerState (FollowerState.java:run(114)) - 4652c2a2-f5fc-4e57-bdef-57b8a38a37ac: FollowerState was interrupted: java.lang.InterruptedException: sleep interrupted
2019-08-27 19:09:07,551 [grpc-default-executor-2] INFO  impl.RoleInfo (RoleInfo.java:updateAndGet(143)) - 4652c2a2-f5fc-4e57-bdef-57b8a38a37ac: start FollowerState
2019-08-27 19:09:07,567 [grpc-default-executor-0] INFO  impl.RaftServerImpl (ServerState.java:setLeader(263)) - 9ffcda27-0104-4d9f-ad29-5d6501b164ff:group-1757ACDFB26B change Leader from null to ba29cdba-9247-4871-9d52-a9c6f2c8acb8 at term 1 for appendEntries, leader elected after 5374ms
2019-08-27 19:09:07,567 [grpc-default-executor-1] INFO  impl.RaftServerImpl (ServerState.java:setLeader(263)) - b9013286-53b5-41d8-8a21-1ab40203d76e:group-1757ACDFB26B change Leader from null to ba29cdba-9247-4871-9d52-a9c6f2c8acb8 at term 1 for appendEntries, leader elected after 5374ms
2019-08-27 19:09:07,612 [grpc-default-executor-0] INFO  impl.RaftServerImpl (ServerState.java:setRaftConf(361)) - 9ffcda27-0104-4d9f-ad29-5d6501b164ff:group-1757ACDFB26B set configuration 0: [9ffcda27-0104-4d9f-ad29-5d6501b164ff:192.168.34.52:34400, b9013286-53b5-41d8-8a21-1ab40203d76e:192.168.34.52:36296, ba29cdba-9247-4871-9d52-a9c6f2c8acb8:192.168.34.52:32914], old=null at 0
2019-08-27 19:09:07,612 [grpc-default-executor-1] INFO  impl.RaftServerImpl (ServerState.java:setRaftConf(361)) - b9013286-53b5-41d8-8a21-1ab40203d76e:group-1757ACDFB26B set configuration 0: [9ffcda27-0104-4d9f-ad29-5d6501b164ff:192.168.34.52:34400, b9013286-53b5-41d8-8a21-1ab40203d76e:192.168.34.52:36296, ba29cdba-9247-4871-9d52-a9c6f2c8acb8:192.168.34.52:32914], old=null at 0
2019-08-27 19:09:07,612 [grpc-default-executor-0] INFO  segmented.SegmentedRaftLogWorker (SegmentedRaftLogWorker.java:startLogSegment(380)) - 9ffcda27-0104-4d9f-ad29-5d6501b164ff-SegmentedRaftLogWorker:Storage Directory /workdir/hadoop-ozone/integration-test/target/test-dir/MiniOzoneClusterImpl-a3aac34f-b46b-43f5-94a8-28eba8461e96/datanode-4/data/ratis/97d38e5f-ec4b-4d30-a7b1-1757acdfb26b: Starting segment from index:0
2019-08-27 19:09:07,613 [grpc-default-executor-1] INFO  segmented.SegmentedRaftLogWorker (SegmentedRaftLogWorker.java:startLogSegment(380)) - b9013286-53b5-41d8-8a21-1ab40203d76e-SegmentedRaftLogWorker:Storage Directory /workdir/hadoop-ozone/integration-test/target/test-dir/MiniOzoneClusterImpl-a3aac34f-b46b-43f5-94a8-28eba8461e96/datanode-1/data/ratis/97d38e5f-ec4b-4d30-a7b1-1757acdfb26b: Starting segment from index:0
2019-08-27 19:09:07,657 | INFO  | SCMAudit | user=jenkins1000 | ip=192.168.34.52 | op=SEND_HEARTBEAT {datanodeUUID=ba29cdba-9247-4871-9d52-a9c6f2c8acb8, command=[]} | ret=SUCCESS |  
2019-08-27 19:09:07,660 [b9013286-53b5-41d8-8a21-1ab40203d76e-SegmentedRaftLogWorker:Storage Directory /workdir/hadoop-ozone/integration-test/target/test-dir/MiniOzoneClusterImpl-a3aac34f-b46b-43f5-94a8-28eba8461e96/datanode-1/data/ratis/97d38e5f-ec4b-4d30-a7b1-1757acdfb26b] INFO  segmented.SegmentedRaftLogWorker (SegmentedRaftLogWorker.java:execute(569)) - b9013286-53b5-41d8-8a21-1ab40203d76e-SegmentedRaftLogWorker:Storage Directory /workdir/hadoop-ozone/integration-test/target/test-dir/MiniOzoneClusterImpl-a3aac34f-b46b-43f5-94a8-28eba8461e96/datanode-1/data/ratis/97d38e5f-ec4b-4d30-a7b1-1757acdfb26b: created new log segment /workdir/hadoop-ozone/integration-test/target/test-dir/MiniOzoneClusterImpl-a3aac34f-b46b-43f5-94a8-28eba8461e96/datanode-1/data/ratis/97d38e5f-ec4b-4d30-a7b1-1757acdfb26b/current/log_inprogress_0
2019-08-27 19:09:07,660 [9ffcda27-0104-4d9f-ad29-5d6501b164ff-SegmentedRaftLogWorker:Storage Directory /workdir/hadoop-ozone/integration-test/target/test-dir/MiniOzoneClusterImpl-a3aac34f-b46b-43f5-94a8-28eba8461e96/datanode-4/data/ratis/97d38e5f-ec4b-4d30-a7b1-1757acdfb26b] INFO  segmented.SegmentedRaftLogWorker (SegmentedRaftLogWorker.java:execute(569)) - 9ffcda27-0104-4d9f-ad29-5d6501b164ff-SegmentedRaftLogWorker:Storage Directory /workdir/hadoop-ozone/integration-test/target/test-dir/MiniOzoneClusterImpl-a3aac34f-b46b-43f5-94a8-28eba8461e96/datanode-4/data/ratis/97d38e5f-ec4b-4d30-a7b1-1757acdfb26b: created new log segment /workdir/hadoop-ozone/integration-test/target/test-dir/MiniOzoneClusterImpl-a3aac34f-b46b-43f5-94a8-28eba8461e96/datanode-4/data/ratis/97d38e5f-ec4b-4d30-a7b1-1757acdfb26b/current/log_inprogress_0
2019-08-27 19:09:08,123 | INFO  | SCMAudit | user=jenkins1000 | ip=192.168.34.52 | op=SEND_HEARTBEAT {datanodeUUID=cd393f82-50d2-4f3f-a7d0-1a4d5e03aa9d, command=[]} | ret=SUCCESS |  
2019-08-27 19:09:08,129 | INFO  | SCMAudit | user=jenkins1000 | ip=192.168.34.52 | op=SEND_HEARTBEAT {datanodeUUID=d0865055-687d-480b-928d-c7ffb20d2627, command=[]} | ret=SUCCESS |  
2019-08-27 19:09:08,191 | INFO  | SCMAudit | user=jenkins1000 | ip=192.168.34.52 | op=SEND_HEARTBEAT {datanodeUUID=9ffcda27-0104-4d9f-ad29-5d6501b164ff, command=[]} | ret=SUCCESS |  
2019-08-27 19:09:08,246 | INFO  | SCMAudit | user=jenkins1000 | ip=192.168.34.52 | op=SEND_HEARTBEAT {datanodeUUID=4652c2a2-f5fc-4e57-bdef-57b8a38a37ac, command=[]} | ret=SUCCESS |  
2019-08-27 19:09:08,470 | INFO  | SCMAudit | user=jenkins1000 | ip=192.168.34.52 | op=SEND_HEARTBEAT {datanodeUUID=af3e1e92-ae98-49b3-9ee0-671049e9c04d, command=[]} | ret=SUCCESS |  
2019-08-27 19:09:08,510 | INFO  | SCMAudit | user=jenkins1000 | ip=192.168.34.52 | op=SEND_HEARTBEAT {datanodeUUID=b9013286-53b5-41d8-8a21-1ab40203d76e, command=[]} | ret=SUCCESS |  
2019-08-27 19:09:08,612 | INFO  | SCMAudit | user=jenkins1000 | ip=192.168.34.52 | op=SEND_HEARTBEAT {datanodeUUID=b9013286-53b5-41d8-8a21-1ab40203d76e, command=[]} | ret=SUCCESS |  
2019-08-27 19:09:08,612 | INFO  | SCMAudit | user=jenkins1000 | ip=192.168.34.52 | op=SEND_HEARTBEAT {datanodeUUID=9ffcda27-0104-4d9f-ad29-5d6501b164ff, command=[]} | ret=SUCCESS |  
2019-08-27 19:09:08,612 | INFO  | SCMAudit | user=jenkins1000 | ip=192.168.34.52 | op=SEND_HEARTBEAT {datanodeUUID=ba29cdba-9247-4871-9d52-a9c6f2c8acb8, command=[]} | ret=SUCCESS |  
2019-08-27 19:09:08,628 | INFO  | DNAudit | user=null | ip=null | op=CREATE_CONTAINER {containerID=1, containerType=KeyValueContainer} | ret=SUCCESS |  
2019-08-27 19:09:08,628 | INFO  | DNAudit | user=null | ip=null | op=CREATE_CONTAINER {containerID=1, containerType=KeyValueContainer} | ret=SUCCESS |  
2019-08-27 19:09:08,628 | INFO  | DNAudit | user=null | ip=null | op=CREATE_CONTAINER {containerID=1, containerType=KeyValueContainer} | ret=SUCCESS |  
2019-08-27 19:09:08,639 [grpc-default-executor-0] INFO  client.GrpcClientProtocolClient (GrpcClientProtocolClient.java:onNext(255)) - client-199C490DCCC3->ba29cdba-9247-4871-9d52-a9c6f2c8acb8: receive RaftClientReply:client-199C490DCCC3->ba29cdba-9247-4871-9d52-a9c6f2c8acb8@group-1757ACDFB26B, cid=13, SUCCESS, logIndex=1, commits[ba29cdba-9247-4871-9d52-a9c6f2c8acb8:c2, 9ffcda27-0104-4d9f-ad29-5d6501b164ff:c1, b9013286-53b5-41d8-8a21-1ab40203d76e:c1]
2019-08-27 19:09:08,645 [main] INFO  datanode.ObjectStoreHandler (ObjectStoreHandler.java:close(155)) - Closing ObjectStoreHandler.
2019-08-27 19:09:08,648 [main] INFO  ozone.HddsDatanodeService (HddsDatanodeService.java:stop(451)) - Stopped plug-in org.apache.hadoop.ozone.web.OzoneHddsDatanodeService@ce561cc
2019-08-27 19:09:09,124 | INFO  | SCMAudit | user=jenkins1000 | ip=192.168.34.52 | op=SEND_HEARTBEAT {datanodeUUID=cd393f82-50d2-4f3f-a7d0-1a4d5e03aa9d, command=[]} | ret=SUCCESS |  
2019-08-27 19:09:09,130 | INFO  | SCMAudit | user=jenkins1000 | ip=192.168.34.52 | op=SEND_HEARTBEAT {datanodeUUID=d0865055-687d-480b-928d-c7ffb20d2627, command=[]} | ret=SUCCESS |  
2019-08-27 19:09:09,246 | INFO  | SCMAudit | user=jenkins1000 | ip=192.168.34.52 | op=SEND_HEARTBEAT {datanodeUUID=4652c2a2-f5fc-4e57-bdef-57b8a38a37ac, command=[]} | ret=SUCCESS |  
2019-08-27 19:09:09,470 | INFO  | SCMAudit | user=jenkins1000 | ip=192.168.34.52 | op=SEND_HEARTBEAT {datanodeUUID=af3e1e92-ae98-49b3-9ee0-671049e9c04d, command=[]} | ret=SUCCESS |  
2019-08-27 19:09:09,594 [Datanode State Machine Thread - 0] INFO  statemachine.DatanodeStateMachine (DatanodeStateMachine.java:lambda$startDaemon$0(350)) - Ozone container server started.
2019-08-27 19:09:09,595 | INFO  | SCMAudit | user=jenkins1000 | ip=192.168.34.52 | op=SEND_HEARTBEAT {datanodeUUID=9ffcda27-0104-4d9f-ad29-5d6501b164ff, command=[]} | ret=SUCCESS |  
2019-08-27 19:09:09,595 | INFO  | SCMAudit | user=jenkins1000 | ip=192.168.34.52 | op=SEND_HEARTBEAT {datanodeUUID=b9013286-53b5-41d8-8a21-1ab40203d76e, command=[]} | ret=SUCCESS |  
2019-08-27 19:09:10,125 | INFO  | SCMAudit | user=jenkins1000 | ip=192.168.34.52 | op=SEND_HEARTBEAT {datanodeUUID=cd393f82-50d2-4f3f-a7d0-1a4d5e03aa9d, command=[]} | ret=SUCCESS |  
2019-08-27 19:09:10,129 | INFO  | SCMAudit | user=jenkins1000 | ip=192.168.34.52 | op=SEND_HEARTBEAT {datanodeUUID=d0865055-687d-480b-928d-c7ffb20d2627, command=[]} | ret=SUCCESS |  
2019-08-27 19:09:10,246 | INFO  | SCMAudit | user=jenkins1000 | ip=192.168.34.52 | op=SEND_HEARTBEAT {datanodeUUID=4652c2a2-f5fc-4e57-bdef-57b8a38a37ac, command=[]} | ret=SUCCESS |  
2019-08-27 19:09:10,470 | INFO  | SCMAudit | user=jenkins1000 | ip=192.168.34.52 | op=SEND_HEARTBEAT {datanodeUUID=af3e1e92-ae98-49b3-9ee0-671049e9c04d, command=[]} | ret=SUCCESS |  
2019-08-27 19:09:10,595 | INFO  | SCMAudit | user=jenkins1000 | ip=192.168.34.52 | op=SEND_HEARTBEAT {datanodeUUID=b9013286-53b5-41d8-8a21-1ab40203d76e, command=[]} | ret=SUCCESS |  
2019-08-27 19:09:10,595 | INFO  | SCMAudit | user=jenkins1000 | ip=192.168.34.52 | op=SEND_HEARTBEAT {datanodeUUID=9ffcda27-0104-4d9f-ad29-5d6501b164ff, command=[]} | ret=SUCCESS |  
2019-08-27 19:09:11,125 | INFO  | SCMAudit | user=jenkins1000 | ip=192.168.34.52 | op=SEND_HEARTBEAT {datanodeUUID=cd393f82-50d2-4f3f-a7d0-1a4d5e03aa9d, command=[]} | ret=SUCCESS |  
2019-08-27 19:09:11,130 | INFO  | SCMAudit | user=jenkins1000 | ip=192.168.34.52 | op=SEND_HEARTBEAT {datanodeUUID=d0865055-687d-480b-928d-c7ffb20d2627, command=[]} | ret=SUCCESS |  
2019-08-27 19:09:11,246 | INFO  | SCMAudit | user=jenkins1000 | ip=192.168.34.52 | op=SEND_HEARTBEAT {datanodeUUID=4652c2a2-f5fc-4e57-bdef-57b8a38a37ac, command=[]} | ret=SUCCESS |  
2019-08-27 19:09:11,470 | INFO  | SCMAudit | user=jenkins1000 | ip=192.168.34.52 | op=SEND_HEARTBEAT {datanodeUUID=af3e1e92-ae98-49b3-9ee0-671049e9c04d, command=[]} | ret=SUCCESS |  
2019-08-27 19:09:11,596 | INFO  | SCMAudit | user=jenkins1000 | ip=192.168.34.52 | op=SEND_HEARTBEAT {datanodeUUID=b9013286-53b5-41d8-8a21-1ab40203d76e, command=[]} | ret=SUCCESS |  
2019-08-27 19:09:11,596 | INFO  | SCMAudit | user=jenkins1000 | ip=192.168.34.52 | op=SEND_HEARTBEAT {datanodeUUID=9ffcda27-0104-4d9f-ad29-5d6501b164ff, command=[]} | ret=SUCCESS |  
2019-08-27 19:09:12,125 | INFO  | SCMAudit | user=jenkins1000 | ip=192.168.34.52 | op=SEND_HEARTBEAT {datanodeUUID=cd393f82-50d2-4f3f-a7d0-1a4d5e03aa9d, command=[]} | ret=SUCCESS |  
2019-08-27 19:09:12,130 | INFO  | SCMAudit | user=jenkins1000 | ip=192.168.34.52 | op=SEND_HEARTBEAT {datanodeUUID=d0865055-687d-480b-928d-c7ffb20d2627, command=[]} | ret=SUCCESS |  
2019-08-27 19:09:12,246 | INFO  | SCMAudit | user=jenkins1000 | ip=192.168.34.52 | op=SEND_HEARTBEAT {datanodeUUID=4652c2a2-f5fc-4e57-bdef-57b8a38a37ac, command=[]} | ret=SUCCESS |  
2019-08-27 19:09:12,470 | INFO  | SCMAudit | user=jenkins1000 | ip=192.168.34.52 | op=SEND_HEARTBEAT {datanodeUUID=af3e1e92-ae98-49b3-9ee0-671049e9c04d, command=[]} | ret=SUCCESS |  
2019-08-27 19:09:12,552 [Thread-323] INFO  impl.FollowerState (FollowerState.java:run(106)) - af3e1e92-ae98-49b3-9ee0-671049e9c04d:group-8A2F0715FE9E changes to CANDIDATE, lastRpcTime:5095, electionTimeout:5095ms
2019-08-27 19:09:12,552 [Thread-323] INFO  impl.RoleInfo (RoleInfo.java:shutdownFollowerState(121)) - af3e1e92-ae98-49b3-9ee0-671049e9c04d: shutdown FollowerState
2019-08-27 19:09:12,552 [Thread-323] INFO  impl.RaftServerImpl (RaftServerImpl.java:setRole(171)) - af3e1e92-ae98-49b3-9ee0-671049e9c04d:group-8A2F0715FE9E changes role from FOLLOWER to CANDIDATE at term 2 for changeToCandidate
2019-08-27 19:09:12,552 [Thread-323] INFO  impl.RoleInfo (RoleInfo.java:updateAndGet(143)) - af3e1e92-ae98-49b3-9ee0-671049e9c04d: start LeaderElection
2019-08-27 19:09:12,570 [af3e1e92-ae98-49b3-9ee0-671049e9c04d:group-8A2F0715FE9E:LeaderElection13] INFO  impl.LeaderElection (LeaderElection.java:askForVotes(181)) - af3e1e92-ae98-49b3-9ee0-671049e9c04d:group-8A2F0715FE9E:LeaderElection13: begin an election at term 3 for -1: [af3e1e92-ae98-49b3-9ee0-671049e9c04d:192.168.34.52:34887, cd393f82-50d2-4f3f-a7d0-1a4d5e03aa9d:192.168.34.52:34692, 4652c2a2-f5fc-4e57-bdef-57b8a38a37ac:192.168.34.52:33572], old=null
2019-08-27 19:09:12,579 [grpc-default-executor-1] INFO  impl.RaftServerImpl (RaftServerImpl.java:setRole(171)) - 4652c2a2-f5fc-4e57-bdef-57b8a38a37ac:group-8A2F0715FE9E changes role from FOLLOWER to FOLLOWER at term 3 for recognizeCandidate:af3e1e92-ae98-49b3-9ee0-671049e9c04d
2019-08-27 19:09:12,579 [grpc-default-executor-0] INFO  impl.RaftServerImpl (RaftServerImpl.java:setRole(171)) - cd393f82-50d2-4f3f-a7d0-1a4d5e03aa9d:group-8A2F0715FE9E changes role from FOLLOWER to FOLLOWER at term 3 for recognizeCandidate:af3e1e92-ae98-49b3-9ee0-671049e9c04d
2019-08-27 19:09:12,579 [grpc-default-executor-1] INFO  impl.RoleInfo (RoleInfo.java:shutdownFollowerState(121)) - 4652c2a2-f5fc-4e57-bdef-57b8a38a37ac: shutdown FollowerState
2019-08-27 19:09:12,579 [grpc-default-executor-0] INFO  impl.RoleInfo (RoleInfo.java:shutdownFollowerState(121)) - cd393f82-50d2-4f3f-a7d0-1a4d5e03aa9d: shutdown FollowerState
2019-08-27 19:09:12,580 [Thread-335] INFO  impl.FollowerState (FollowerState.java:run(114)) - 4652c2a2-f5fc-4e57-bdef-57b8a38a37ac: FollowerState was interrupted: java.lang.InterruptedException: sleep interrupted
2019-08-27 19:09:12,580 [Thread-325] INFO  impl.FollowerState (FollowerState.java:run(114)) - cd393f82-50d2-4f3f-a7d0-1a4d5e03aa9d: FollowerState was interrupted: java.lang.InterruptedException: sleep interrupted
2019-08-27 19:09:12,580 [grpc-default-executor-1] INFO  impl.RoleInfo (RoleInfo.java:updateAndGet(143)) - 4652c2a2-f5fc-4e57-bdef-57b8a38a37ac: start FollowerState
2019-08-27 19:09:12,580 [grpc-default-executor-0] INFO  impl.RoleInfo (RoleInfo.java:updateAndGet(143)) - cd393f82-50d2-4f3f-a7d0-1a4d5e03aa9d: start FollowerState
2019-08-27 19:09:12,595 | INFO  | SCMAudit | user=jenkins1000 | ip=192.168.34.52 | op=SEND_HEARTBEAT {datanodeUUID=9ffcda27-0104-4d9f-ad29-5d6501b164ff, command=[]} | ret=SUCCESS |  
2019-08-27 19:09:12,595 | INFO  | SCMAudit | user=jenkins1000 | ip=192.168.34.52 | op=SEND_HEARTBEAT {datanodeUUID=b9013286-53b5-41d8-8a21-1ab40203d76e, command=[]} | ret=SUCCESS |  
2019-08-27 19:09:12,601 [af3e1e92-ae98-49b3-9ee0-671049e9c04d:group-8A2F0715FE9E:LeaderElection13] INFO  impl.LeaderElection (LeaderElection.java:logAndReturn(56)) - af3e1e92-ae98-49b3-9ee0-671049e9c04d:group-8A2F0715FE9E:LeaderElection13: Election PASSED; received 1 response(s) [af3e1e92-ae98-49b3-9ee0-671049e9c04d<-cd393f82-50d2-4f3f-a7d0-1a4d5e03aa9d#0:OK-t3] and 0 exception(s); af3e1e92-ae98-49b3-9ee0-671049e9c04d:t3, leader=null, voted=af3e1e92-ae98-49b3-9ee0-671049e9c04d, raftlog=af3e1e92-ae98-49b3-9ee0-671049e9c04d-SegmentedRaftLog:OPENED:c-1,f-1,i0, conf=-1: [af3e1e92-ae98-49b3-9ee0-671049e9c04d:192.168.34.52:34887, cd393f82-50d2-4f3f-a7d0-1a4d5e03aa9d:192.168.34.52:34692, 4652c2a2-f5fc-4e57-bdef-57b8a38a37ac:192.168.34.52:33572], old=null
2019-08-27 19:09:12,601 [af3e1e92-ae98-49b3-9ee0-671049e9c04d:group-8A2F0715FE9E:LeaderElection13] INFO  impl.RoleInfo (RoleInfo.java:shutdownLeaderElection(134)) - af3e1e92-ae98-49b3-9ee0-671049e9c04d: shutdown LeaderElection
2019-08-27 19:09:12,604 [af3e1e92-ae98-49b3-9ee0-671049e9c04d:group-8A2F0715FE9E:LeaderElection13] INFO  impl.RaftServerImpl (RaftServerImpl.java:setRole(171)) - af3e1e92-ae98-49b3-9ee0-671049e9c04d:group-8A2F0715FE9E changes role from CANDIDATE to LEADER at term 3 for changeToLeader
2019-08-27 19:09:12,604 [af3e1e92-ae98-49b3-9ee0-671049e9c04d:group-8A2F0715FE9E:LeaderElection13] INFO  impl.RaftServerImpl (ServerState.java:setLeader(263)) - af3e1e92-ae98-49b3-9ee0-671049e9c04d:group-8A2F0715FE9E change Leader from null to af3e1e92-ae98-49b3-9ee0-671049e9c04d at term 3 for becomeLeader, leader elected after 10290ms
2019-08-27 19:09:12,604 [af3e1e92-ae98-49b3-9ee0-671049e9c04d:group-8A2F0715FE9E:LeaderElection13] INFO  server.RaftServerConfigKeys (ConfUtils.java:logGet(43)) - raft.server.staging.catchup.gap = 1000 (default)
2019-08-27 19:09:12,604 [af3e1e92-ae98-49b3-9ee0-671049e9c04d:group-8A2F0715FE9E:LeaderElection13] INFO  server.RaftServerConfigKeys (ConfUtils.java:logGet(43)) - raft.server.rpc.sleep.time = 25ms (default)
2019-08-27 19:09:12,605 [af3e1e92-ae98-49b3-9ee0-671049e9c04d:group-8A2F0715FE9E:LeaderElection13] INFO  server.RaftServerConfigKeys (ConfUtils.java:logGet(43)) - raft.server.write.element-limit = 4096 (default)
2019-08-27 19:09:12,605 [af3e1e92-ae98-49b3-9ee0-671049e9c04d:group-8A2F0715FE9E:LeaderElection13] INFO  server.RaftServerConfigKeys (ConfUtils.java:logGet(43)) - raft.server.watch.timeout = 10s (default)
2019-08-27 19:09:12,605 [af3e1e92-ae98-49b3-9ee0-671049e9c04d:group-8A2F0715FE9E:LeaderElection13] INFO  server.RaftServerConfigKeys (ConfUtils.java:logGet(43)) - raft.server.watch.timeout.denomination = 1s (default)
2019-08-27 19:09:12,605 [af3e1e92-ae98-49b3-9ee0-671049e9c04d:group-8A2F0715FE9E:LeaderElection13] INFO  server.RaftServerConfigKeys (ConfUtils.java:logGet(43)) - raft.server.watch.element-limit = 65536 (default)
2019-08-27 19:09:12,606 [af3e1e92-ae98-49b3-9ee0-671049e9c04d:group-8A2F0715FE9E:LeaderElection13] INFO  server.RaftServerConfigKeys (ConfUtils.java:logGet(43)) - raft.server.log.appender.snapshot.chunk.size.max = 16MB (=16777216) (default)
2019-08-27 19:09:12,606 [af3e1e92-ae98-49b3-9ee0-671049e9c04d:group-8A2F0715FE9E:LeaderElection13] INFO  server.RaftServerConfigKeys (ConfUtils.java:logGet(43)) - raft.server.log.appender.buffer.byte-limit = 33554432 (custom)
2019-08-27 19:09:12,606 [af3e1e92-ae98-49b3-9ee0-671049e9c04d:group-8A2F0715FE9E:LeaderElection13] INFO  server.RaftServerConfigKeys (ConfUtils.java:logGet(43)) - raft.server.log.appender.buffer.element-limit = 1 (custom)
2019-08-27 19:09:12,606 [af3e1e92-ae98-49b3-9ee0-671049e9c04d:group-8A2F0715FE9E:LeaderElection13] INFO  grpc.GrpcConfigKeys$Server (ConfUtils.java:logGet(43)) - raft.grpc.server.leader.outstanding.appends.max = 128 (default)
2019-08-27 19:09:12,607 [af3e1e92-ae98-49b3-9ee0-671049e9c04d:group-8A2F0715FE9E:LeaderElection13] INFO  server.RaftServerConfigKeys (ConfUtils.java:logGet(43)) - raft.server.rpc.request.timeout = 3000ms (default)
2019-08-27 19:09:12,607 [af3e1e92-ae98-49b3-9ee0-671049e9c04d:group-8A2F0715FE9E:LeaderElection13] INFO  server.RaftServerConfigKeys (ConfUtils.java:logGet(43)) - raft.server.log.appender.install.snapshot.enabled = false (custom)
2019-08-27 19:09:12,607 [af3e1e92-ae98-49b3-9ee0-671049e9c04d:group-8A2F0715FE9E:LeaderElection13] INFO  server.RaftServerConfigKeys (ConfUtils.java:logGet(43)) - raft.server.log.appender.snapshot.chunk.size.max = 16MB (=16777216) (default)
2019-08-27 19:09:12,607 [af3e1e92-ae98-49b3-9ee0-671049e9c04d:group-8A2F0715FE9E:LeaderElection13] INFO  server.RaftServerConfigKeys (ConfUtils.java:logGet(43)) - raft.server.log.appender.buffer.byte-limit = 33554432 (custom)
2019-08-27 19:09:12,608 [af3e1e92-ae98-49b3-9ee0-671049e9c04d:group-8A2F0715FE9E:LeaderElection13] INFO  server.RaftServerConfigKeys (ConfUtils.java:logGet(43)) - raft.server.log.appender.buffer.element-limit = 1 (custom)
2019-08-27 19:09:12,608 [af3e1e92-ae98-49b3-9ee0-671049e9c04d:group-8A2F0715FE9E:LeaderElection13] INFO  grpc.GrpcConfigKeys$Server (ConfUtils.java:logGet(43)) - raft.grpc.server.leader.outstanding.appends.max = 128 (default)
2019-08-27 19:09:12,608 [af3e1e92-ae98-49b3-9ee0-671049e9c04d:group-8A2F0715FE9E:LeaderElection13] INFO  server.RaftServerConfigKeys (ConfUtils.java:logGet(43)) - raft.server.rpc.request.timeout = 3000ms (default)
2019-08-27 19:09:12,608 [af3e1e92-ae98-49b3-9ee0-671049e9c04d:group-8A2F0715FE9E:LeaderElection13] INFO  server.RaftServerConfigKeys (ConfUtils.java:logGet(43)) - raft.server.log.appender.install.snapshot.enabled = false (custom)
2019-08-27 19:09:12,609 [af3e1e92-ae98-49b3-9ee0-671049e9c04d:group-8A2F0715FE9E:LeaderElection13] INFO  impl.RoleInfo (RoleInfo.java:updateAndGet(143)) - af3e1e92-ae98-49b3-9ee0-671049e9c04d: start LeaderState
2019-08-27 19:09:12,609 [af3e1e92-ae98-49b3-9ee0-671049e9c04d:group-8A2F0715FE9E:LeaderElection13] INFO  segmented.SegmentedRaftLogWorker (SegmentedRaftLogWorker.java:startLogSegment(380)) - af3e1e92-ae98-49b3-9ee0-671049e9c04d-SegmentedRaftLogWorker:Storage Directory /workdir/hadoop-ozone/integration-test/target/test-dir/MiniOzoneClusterImpl-a3aac34f-b46b-43f5-94a8-28eba8461e96/datanode-5/data/ratis/e87315a2-9460-4530-8e5d-8a2f0715fe9e: Starting segment from index:0
2019-08-27 19:09:12,610 [af3e1e92-ae98-49b3-9ee0-671049e9c04d:group-8A2F0715FE9E:LeaderElection13] INFO  impl.RaftServerImpl (ServerState.java:setRaftConf(361)) - af3e1e92-ae98-49b3-9ee0-671049e9c04d:group-8A2F0715FE9E set configuration 0: [af3e1e92-ae98-49b3-9ee0-671049e9c04d:192.168.34.52:34887, cd393f82-50d2-4f3f-a7d0-1a4d5e03aa9d:192.168.34.52:34692, 4652c2a2-f5fc-4e57-bdef-57b8a38a37ac:192.168.34.52:33572], old=null at 0
2019-08-27 19:09:12,658 [grpc-default-executor-0] INFO  impl.RaftServerImpl (ServerState.java:setLeader(263)) - 4652c2a2-f5fc-4e57-bdef-57b8a38a37ac:group-8A2F0715FE9E change Leader from null to af3e1e92-ae98-49b3-9ee0-671049e9c04d at term 3 for appendEntries, leader elected after 10344ms
2019-08-27 19:09:12,660 [grpc-default-executor-1] INFO  impl.RaftServerImpl (ServerState.java:setLeader(263)) - cd393f82-50d2-4f3f-a7d0-1a4d5e03aa9d:group-8A2F0715FE9E change Leader from null to af3e1e92-ae98-49b3-9ee0-671049e9c04d at term 3 for appendEntries, leader elected after 10347ms
2019-08-27 19:09:12,665 [grpc-default-executor-1] INFO  impl.RaftServerImpl (ServerState.java:setRaftConf(361)) - 4652c2a2-f5fc-4e57-bdef-57b8a38a37ac:group-8A2F0715FE9E set configuration 0: [af3e1e92-ae98-49b3-9ee0-671049e9c04d:192.168.34.52:34887, cd393f82-50d2-4f3f-a7d0-1a4d5e03aa9d:192.168.34.52:34692, 4652c2a2-f5fc-4e57-bdef-57b8a38a37ac:192.168.34.52:33572], old=null at 0
2019-08-27 19:09:12,665 [grpc-default-executor-1] INFO  segmented.SegmentedRaftLogWorker (SegmentedRaftLogWorker.java:startLogSegment(380)) - 4652c2a2-f5fc-4e57-bdef-57b8a38a37ac-SegmentedRaftLogWorker:Storage Directory /workdir/hadoop-ozone/integration-test/target/test-dir/MiniOzoneClusterImpl-a3aac34f-b46b-43f5-94a8-28eba8461e96/datanode-0/data/ratis/e87315a2-9460-4530-8e5d-8a2f0715fe9e: Starting segment from index:0
2019-08-27 19:09:12,665 [grpc-default-executor-0] INFO  impl.RaftServerImpl (ServerState.java:setRaftConf(361)) - cd393f82-50d2-4f3f-a7d0-1a4d5e03aa9d:group-8A2F0715FE9E set configuration 0: [af3e1e92-ae98-49b3-9ee0-671049e9c04d:192.168.34.52:34887, cd393f82-50d2-4f3f-a7d0-1a4d5e03aa9d:192.168.34.52:34692, 4652c2a2-f5fc-4e57-bdef-57b8a38a37ac:192.168.34.52:33572], old=null at 0
2019-08-27 19:09:12,666 [grpc-default-executor-0] INFO  segmented.SegmentedRaftLogWorker (SegmentedRaftLogWorker.java:startLogSegment(380)) - cd393f82-50d2-4f3f-a7d0-1a4d5e03aa9d-SegmentedRaftLogWorker:Storage Directory /workdir/hadoop-ozone/integration-test/target/test-dir/MiniOzoneClusterImpl-a3aac34f-b46b-43f5-94a8-28eba8461e96/datanode-3/data/ratis/e87315a2-9460-4530-8e5d-8a2f0715fe9e: Starting segment from index:0
2019-08-27 19:09:12,666 [af3e1e92-ae98-49b3-9ee0-671049e9c04d-SegmentedRaftLogWorker:Storage Directory /workdir/hadoop-ozone/integration-test/target/test-dir/MiniOzoneClusterImpl-a3aac34f-b46b-43f5-94a8-28eba8461e96/datanode-5/data/ratis/e87315a2-9460-4530-8e5d-8a2f0715fe9e] INFO  segmented.SegmentedRaftLogWorker (SegmentedRaftLogWorker.java:execute(569)) - af3e1e92-ae98-49b3-9ee0-671049e9c04d-SegmentedRaftLogWorker:Storage Directory /workdir/hadoop-ozone/integration-test/target/test-dir/MiniOzoneClusterImpl-a3aac34f-b46b-43f5-94a8-28eba8461e96/datanode-5/data/ratis/e87315a2-9460-4530-8e5d-8a2f0715fe9e: created new log segment /workdir/hadoop-ozone/integration-test/target/test-dir/MiniOzoneClusterImpl-a3aac34f-b46b-43f5-94a8-28eba8461e96/datanode-5/data/ratis/e87315a2-9460-4530-8e5d-8a2f0715fe9e/current/log_inprogress_0
2019-08-27 19:09:12,716 [cd393f82-50d2-4f3f-a7d0-1a4d5e03aa9d-SegmentedRaftLogWorker:Storage Directory /workdir/hadoop-ozone/integration-test/target/test-dir/MiniOzoneClusterImpl-a3aac34f-b46b-43f5-94a8-28eba8461e96/datanode-3/data/ratis/e87315a2-9460-4530-8e5d-8a2f0715fe9e] INFO  segmented.SegmentedRaftLogWorker (SegmentedRaftLogWorker.java:execute(569)) - cd393f82-50d2-4f3f-a7d0-1a4d5e03aa9d-SegmentedRaftLogWorker:Storage Directory /workdir/hadoop-ozone/integration-test/target/test-dir/MiniOzoneClusterImpl-a3aac34f-b46b-43f5-94a8-28eba8461e96/datanode-3/data/ratis/e87315a2-9460-4530-8e5d-8a2f0715fe9e: created new log segment /workdir/hadoop-ozone/integration-test/target/test-dir/MiniOzoneClusterImpl-a3aac34f-b46b-43f5-94a8-28eba8461e96/datanode-3/data/ratis/e87315a2-9460-4530-8e5d-8a2f0715fe9e/current/log_inprogress_0
2019-08-27 19:09:12,716 [4652c2a2-f5fc-4e57-bdef-57b8a38a37ac-SegmentedRaftLogWorker:Storage Directory /workdir/hadoop-ozone/integration-test/target/test-dir/MiniOzoneClusterImpl-a3aac34f-b46b-43f5-94a8-28eba8461e96/datanode-0/data/ratis/e87315a2-9460-4530-8e5d-8a2f0715fe9e] INFO  segmented.SegmentedRaftLogWorker (SegmentedRaftLogWorker.java:execute(569)) - 4652c2a2-f5fc-4e57-bdef-57b8a38a37ac-SegmentedRaftLogWorker:Storage Directory /workdir/hadoop-ozone/integration-test/target/test-dir/MiniOzoneClusterImpl-a3aac34f-b46b-43f5-94a8-28eba8461e96/datanode-0/data/ratis/e87315a2-9460-4530-8e5d-8a2f0715fe9e: created new log segment /workdir/hadoop-ozone/integration-test/target/test-dir/MiniOzoneClusterImpl-a3aac34f-b46b-43f5-94a8-28eba8461e96/datanode-0/data/ratis/e87315a2-9460-4530-8e5d-8a2f0715fe9e/current/log_inprogress_0
2019-08-27 19:09:13,126 | INFO  | SCMAudit | user=jenkins1000 | ip=192.168.34.52 | op=SEND_HEARTBEAT {datanodeUUID=cd393f82-50d2-4f3f-a7d0-1a4d5e03aa9d, command=[]} | ret=SUCCESS |  
2019-08-27 19:09:13,130 | INFO  | SCMAudit | user=jenkins1000 | ip=192.168.34.52 | op=SEND_HEARTBEAT {datanodeUUID=d0865055-687d-480b-928d-c7ffb20d2627, command=[]} | ret=SUCCESS |  
2019-08-27 19:09:13,247 | INFO  | SCMAudit | user=jenkins1000 | ip=192.168.34.52 | op=SEND_HEARTBEAT {datanodeUUID=4652c2a2-f5fc-4e57-bdef-57b8a38a37ac, command=[]} | ret=SUCCESS |  
2019-08-27 19:09:13,470 | INFO  | SCMAudit | user=jenkins1000 | ip=192.168.34.52 | op=SEND_HEARTBEAT {datanodeUUID=af3e1e92-ae98-49b3-9ee0-671049e9c04d, command=[]} | ret=SUCCESS |  
2019-08-27 19:09:13,595 | INFO  | SCMAudit | user=jenkins1000 | ip=192.168.34.52 | op=SEND_HEARTBEAT {datanodeUUID=b9013286-53b5-41d8-8a21-1ab40203d76e, command=[]} | ret=SUCCESS |  
2019-08-27 19:09:13,595 | INFO  | SCMAudit | user=jenkins1000 | ip=192.168.34.52 | op=SEND_HEARTBEAT {datanodeUUID=9ffcda27-0104-4d9f-ad29-5d6501b164ff, command=[]} | ret=SUCCESS |  
2019-08-27 19:09:13,651 [main] INFO  ozoneimpl.OzoneContainer (OzoneContainer.java:stop(199)) - Attempting to stop container services.
2019-08-27 19:09:13,654 [main] INFO  impl.RaftServerProxy (RaftServerProxy.java:lambda$close$4(314)) - ba29cdba-9247-4871-9d52-a9c6f2c8acb8: close
2019-08-27 19:09:13,657 [main] INFO  impl.RaftServerImpl (RaftServerImpl.java:lambda$shutdown$3(245)) - ba29cdba-9247-4871-9d52-a9c6f2c8acb8: shutdown group-8FA6E033E76C
2019-08-27 19:09:13,657 [main] INFO  util.JmxRegister (JmxRegister.java:unregister(73)) - Successfully un-registered JMX Bean with object name Ratis:service=RaftServer,group=group-8FA6E033E76C,id=ba29cdba-9247-4871-9d52-a9c6f2c8acb8
2019-08-27 19:09:13,658 [main] INFO  impl.RoleInfo (RoleInfo.java:shutdownLeaderState(104)) - ba29cdba-9247-4871-9d52-a9c6f2c8acb8: shutdown LeaderState
2019-08-27 19:09:13,659 [main] INFO  impl.PendingRequests (PendingRequests.java:sendNotLeaderResponses(202)) - ba29cdba-9247-4871-9d52-a9c6f2c8acb8-PendingRequests: sendNotLeaderResponses
2019-08-27 19:09:13,661 [main] INFO  impl.StateMachineUpdater (StateMachineUpdater.java:stopAndJoin(115)) - StateMachineUpdater:ba29cdba-9247-4871-9d52-a9c6f2c8acb8:group-8FA6E033E76C: set stopIndex = 0
2019-08-27 19:09:13,662 [main] INFO  impl.RaftServerImpl (ServerState.java:close(394)) - ba29cdba-9247-4871-9d52-a9c6f2c8acb8:group-8FA6E033E76C closes. The last applied log index is 0
2019-08-27 19:09:13,664 [ba29cdba-9247-4871-9d52-a9c6f2c8acb8-SegmentedRaftLogWorker:Storage Directory /workdir/hadoop-ozone/integration-test/target/test-dir/MiniOzoneClusterImpl-a3aac34f-b46b-43f5-94a8-28eba8461e96/datanode-6/data/ratis/f4d41a1f-3e71-4bf7-b834-8fa6e033e76c] INFO  segmented.SegmentedRaftLogWorker (SegmentedRaftLogWorker.java:run(313)) - ba29cdba-9247-4871-9d52-a9c6f2c8acb8-SegmentedRaftLogWorker:Storage Directory /workdir/hadoop-ozone/integration-test/target/test-dir/MiniOzoneClusterImpl-a3aac34f-b46b-43f5-94a8-28eba8461e96/datanode-6/data/ratis/f4d41a1f-3e71-4bf7-b834-8fa6e033e76c was interrupted, exiting. There are 0 tasks remaining in the queue.
2019-08-27 19:09:13,669 [main] INFO  segmented.SegmentedRaftLogWorker (SegmentedRaftLogWorker.java:close(228)) - ba29cdba-9247-4871-9d52-a9c6f2c8acb8-SegmentedRaftLogWorker:Storage Directory /workdir/hadoop-ozone/integration-test/target/test-dir/MiniOzoneClusterImpl-a3aac34f-b46b-43f5-94a8-28eba8461e96/datanode-6/data/ratis/f4d41a1f-3e71-4bf7-b834-8fa6e033e76c close()
2019-08-27 19:09:13,673 [main] INFO  impl.RaftServerImpl (RaftServerImpl.java:lambda$shutdown$3(245)) - ba29cdba-9247-4871-9d52-a9c6f2c8acb8: shutdown group-1757ACDFB26B
2019-08-27 19:09:13,674 [main] INFO  util.JmxRegister (JmxRegister.java:unregister(73)) - Successfully un-registered JMX Bean with object name Ratis:service=RaftServer,group=group-1757ACDFB26B,id=ba29cdba-9247-4871-9d52-a9c6f2c8acb8
2019-08-27 19:09:13,674 [main] INFO  impl.RoleInfo (RoleInfo.java:shutdownLeaderState(104)) - ba29cdba-9247-4871-9d52-a9c6f2c8acb8: shutdown LeaderState
2019-08-27 19:09:13,678 [main] INFO  impl.PendingRequests (PendingRequests.java:sendNotLeaderResponses(202)) - ba29cdba-9247-4871-9d52-a9c6f2c8acb8-PendingRequests: sendNotLeaderResponses
2019-08-27 19:09:13,678 [org.apache.ratis.server.impl.LogAppender$AppenderDaemon$$Lambda$473/45850211@4cb9bcc2] WARN  server.GrpcLogAppender (GrpcLogAppender.java:mayWait(143)) - GrpcLogAppender(ba29cdba-9247-4871-9d52-a9c6f2c8acb8->9ffcda27-0104-4d9f-ad29-5d6501b164ff): Wait interrupted by java.lang.InterruptedException
2019-08-27 19:09:13,678 [org.apache.ratis.server.impl.LogAppender$AppenderDaemon$$Lambda$473/45850211@588b0601] WARN  server.GrpcLogAppender (GrpcLogAppender.java:mayWait(143)) - GrpcLogAppender(ba29cdba-9247-4871-9d52-a9c6f2c8acb8->b9013286-53b5-41d8-8a21-1ab40203d76e): Wait interrupted by java.lang.InterruptedException
2019-08-27 19:09:13,700 [main] INFO  impl.StateMachineUpdater (StateMachineUpdater.java:stopAndJoin(115)) - StateMachineUpdater:ba29cdba-9247-4871-9d52-a9c6f2c8acb8:group-1757ACDFB26B: set stopIndex = 2
2019-08-27 19:09:13,701 [StateMachineUpdater:ba29cdba-9247-4871-9d52-a9c6f2c8acb8:group-1757ACDFB26B] INFO  ratis.ContainerStateMachine (ContainerStateMachine.java:takeSnapshot(283)) - group-1757ACDFB26B: Taking a snapshot at:(t:1, i:2) file /workdir/hadoop-ozone/integration-test/target/test-dir/MiniOzoneClusterImpl-a3aac34f-b46b-43f5-94a8-28eba8461e96/datanode-6/data/ratis/97d38e5f-ec4b-4d30-a7b1-1757acdfb26b/sm/snapshot.1_2
2019-08-27 19:09:13,702 [grpc-default-executor-0] INFO  server.GrpcServerProtocolService (GrpcServerProtocolService.java:onCompleted(104)) - 9ffcda27-0104-4d9f-ad29-5d6501b164ff: appendEntries completed
2019-08-27 19:09:13,705 [grpc-default-executor-2] INFO  server.GrpcServerProtocolService (GrpcServerProtocolService.java:onCompleted(104)) - b9013286-53b5-41d8-8a21-1ab40203d76e: appendEntries completed
2019-08-27 19:09:13,715 [grpc-default-executor-2] INFO  server.GrpcLogAppender (GrpcLogAppender.java:onCompleted(292)) - ba29cdba-9247-4871-9d52-a9c6f2c8acb8->b9013286-53b5-41d8-8a21-1ab40203d76e: follower responses appendEntries COMPLETED
2019-08-27 19:09:13,715 [grpc-default-executor-1] INFO  server.GrpcLogAppender (GrpcLogAppender.java:onCompleted(292)) - ba29cdba-9247-4871-9d52-a9c6f2c8acb8->9ffcda27-0104-4d9f-ad29-5d6501b164ff: follower responses appendEntries COMPLETED
2019-08-27 19:09:13,722 [grpc-default-executor-2] INFO  impl.FollowerInfo (FollowerInfo.java:lambda$new$0(50)) - ba29cdba-9247-4871-9d52-a9c6f2c8acb8->b9013286-53b5-41d8-8a21-1ab40203d76e: nextIndex: updateUnconditionally 3 -> 2
2019-08-27 19:09:13,722 [grpc-default-executor-1] INFO  impl.FollowerInfo (FollowerInfo.java:lambda$new$0(50)) - ba29cdba-9247-4871-9d52-a9c6f2c8acb8->9ffcda27-0104-4d9f-ad29-5d6501b164ff: nextIndex: updateUnconditionally 3 -> 2
2019-08-27 19:09:13,744 [StateMachineUpdater:ba29cdba-9247-4871-9d52-a9c6f2c8acb8:group-1757ACDFB26B] INFO  ratis.ContainerStateMachine (ContainerStateMachine.java:takeSnapshot(294)) - group-1757ACDFB26B: Finished taking a snapshot at:(t:1, i:2) file:/workdir/hadoop-ozone/integration-test/target/test-dir/MiniOzoneClusterImpl-a3aac34f-b46b-43f5-94a8-28eba8461e96/datanode-6/data/ratis/97d38e5f-ec4b-4d30-a7b1-1757acdfb26b/sm/snapshot.1_2 time:43
2019-08-27 19:09:13,744 [StateMachineUpdater:ba29cdba-9247-4871-9d52-a9c6f2c8acb8:group-1757ACDFB26B] INFO  impl.StateMachineUpdater (StateMachineUpdater.java:takeSnapshot(242)) - StateMachineUpdater:ba29cdba-9247-4871-9d52-a9c6f2c8acb8:group-1757ACDFB26B: Took a snapshot at index 2
2019-08-27 19:09:13,744 [StateMachineUpdater:ba29cdba-9247-4871-9d52-a9c6f2c8acb8:group-1757ACDFB26B] INFO  impl.StateMachineUpdater (StateMachineUpdater.java:lambda$new$0(80)) - StateMachineUpdater:ba29cdba-9247-4871-9d52-a9c6f2c8acb8:group-1757ACDFB26B: snapshotIndex: updateIncreasingly -1 -> 2
2019-08-27 19:09:13,755 [main] INFO  impl.RaftServerImpl (ServerState.java:close(394)) - ba29cdba-9247-4871-9d52-a9c6f2c8acb8:group-1757ACDFB26B closes. The last applied log index is 2
2019-08-27 19:09:13,755 [ba29cdba-9247-4871-9d52-a9c6f2c8acb8-SegmentedRaftLogWorker:Storage Directory /workdir/hadoop-ozone/integration-test/target/test-dir/MiniOzoneClusterImpl-a3aac34f-b46b-43f5-94a8-28eba8461e96/datanode-6/data/ratis/97d38e5f-ec4b-4d30-a7b1-1757acdfb26b] INFO  segmented.SegmentedRaftLogWorker (SegmentedRaftLogWorker.java:run(313)) - ba29cdba-9247-4871-9d52-a9c6f2c8acb8-SegmentedRaftLogWorker:Storage Directory /workdir/hadoop-ozone/integration-test/target/test-dir/MiniOzoneClusterImpl-a3aac34f-b46b-43f5-94a8-28eba8461e96/datanode-6/data/ratis/97d38e5f-ec4b-4d30-a7b1-1757acdfb26b was interrupted, exiting. There are 0 tasks remaining in the queue.
2019-08-27 19:09:13,758 [main] INFO  segmented.SegmentedRaftLogWorker (SegmentedRaftLogWorker.java:close(228)) - ba29cdba-9247-4871-9d52-a9c6f2c8acb8-SegmentedRaftLogWorker:Storage Directory /workdir/hadoop-ozone/integration-test/target/test-dir/MiniOzoneClusterImpl-a3aac34f-b46b-43f5-94a8-28eba8461e96/datanode-6/data/ratis/97d38e5f-ec4b-4d30-a7b1-1757acdfb26b close()
2019-08-27 19:09:13,763 [main] INFO  server.GrpcService (GrpcService.java:closeImpl(155)) - ba29cdba-9247-4871-9d52-a9c6f2c8acb8: shutdown server with port 32914 now
2019-08-27 19:09:13,766 [main] INFO  server.GrpcService (GrpcService.java:closeImpl(163)) - ba29cdba-9247-4871-9d52-a9c6f2c8acb8: shutdown server with port 32914 successfully
2019-08-27 19:09:13,768 [main] INFO  utils.BackgroundService (BackgroundService.java:shutdown(148)) - Shutting down service BlockDeletingService
2019-08-27 19:09:13,770 [refreshUsed-/workdir/hadoop-ozone/integration-test/target/test-dir/MiniOzoneClusterImpl-a3aac34f-b46b-43f5-94a8-28eba8461e96/datanode-6/data/containers] WARN  fs.CachingGetSpaceUsed (CachingGetSpaceUsed.java:run(183)) - Thread Interrupted waiting to refresh disk information: sleep interrupted
2019-08-27 19:09:13,797 [main] INFO  statemachine.DatanodeStateMachine (DatanodeStateMachine.java:stopDaemon(395)) - Ozone container server stopped.
2019-08-27 19:09:13,801 [main] INFO  handler.ContextHandler (ContextHandler.java:doStop(910)) - Stopped o.e.j.w.WebAppContext@4ce267cc{/,null,UNAVAILABLE}{/hddsDatanode}
2019-08-27 19:09:13,808 [main] INFO  server.AbstractConnector (AbstractConnector.java:doStop(318)) - Stopped ServerConnector@2eebce87{HTTP/1.1,[http/1.1]}{0.0.0.0:0}
2019-08-27 19:09:13,809 [main] INFO  handler.ContextHandler (ContextHandler.java:doStop(910)) - Stopped o.e.j.s.ServletContextHandler@6a7a1a0d{/static,jar:file:/home/user/.m2/repository/org/apache/hadoop/hadoop-hdds-container-service/0.5.0-SNAPSHOT/hadoop-hdds-container-service-0.5.0-SNAPSHOT.jar!/webapps/static,UNAVAILABLE}
2019-08-27 19:09:13,809 [main] INFO  handler.ContextHandler (ContextHandler.java:doStop(910)) - Stopped o.e.j.s.ServletContextHandler@58164e9a{/logs,file:///workdir/hadoop-ozone/integration-test/target/log,UNAVAILABLE}
2019-08-27 19:09:14,125 | INFO  | SCMAudit | user=jenkins1000 | ip=192.168.34.52 | op=SEND_HEARTBEAT {datanodeUUID=cd393f82-50d2-4f3f-a7d0-1a4d5e03aa9d, command=[]} | ret=SUCCESS |  
2019-08-27 19:09:14,130 | INFO  | SCMAudit | user=jenkins1000 | ip=192.168.34.52 | op=SEND_HEARTBEAT {datanodeUUID=d0865055-687d-480b-928d-c7ffb20d2627, command=[]} | ret=SUCCESS |  
2019-08-27 19:09:14,246 | INFO  | SCMAudit | user=jenkins1000 | ip=192.168.34.52 | op=SEND_HEARTBEAT {datanodeUUID=4652c2a2-f5fc-4e57-bdef-57b8a38a37ac, command=[]} | ret=SUCCESS |  
2019-08-27 19:09:14,471 | INFO  | SCMAudit | user=jenkins1000 | ip=192.168.34.52 | op=SEND_HEARTBEAT {datanodeUUID=af3e1e92-ae98-49b3-9ee0-671049e9c04d, command=[]} | ret=SUCCESS |  
2019-08-27 19:09:14,595 | INFO  | SCMAudit | user=jenkins1000 | ip=192.168.34.52 | op=SEND_HEARTBEAT {datanodeUUID=b9013286-53b5-41d8-8a21-1ab40203d76e, command=[]} | ret=SUCCESS |  
2019-08-27 19:09:14,595 | INFO  | SCMAudit | user=jenkins1000 | ip=192.168.34.52 | op=SEND_HEARTBEAT {datanodeUUID=9ffcda27-0104-4d9f-ad29-5d6501b164ff, command=[]} | ret=SUCCESS |  
2019-08-27 19:09:15,125 | INFO  | SCMAudit | user=jenkins1000 | ip=192.168.34.52 | op=SEND_HEARTBEAT {datanodeUUID=cd393f82-50d2-4f3f-a7d0-1a4d5e03aa9d, command=[]} | ret=SUCCESS |  
2019-08-27 19:09:15,129 | INFO  | SCMAudit | user=jenkins1000 | ip=192.168.34.52 | op=SEND_HEARTBEAT {datanodeUUID=d0865055-687d-480b-928d-c7ffb20d2627, command=[]} | ret=SUCCESS |  
2019-08-27 19:09:15,246 | INFO  | SCMAudit | user=jenkins1000 | ip=192.168.34.52 | op=SEND_HEARTBEAT {datanodeUUID=4652c2a2-f5fc-4e57-bdef-57b8a38a37ac, command=[]} | ret=SUCCESS |  
2019-08-27 19:09:15,471 | INFO  | SCMAudit | user=jenkins1000 | ip=192.168.34.52 | op=SEND_HEARTBEAT {datanodeUUID=af3e1e92-ae98-49b3-9ee0-671049e9c04d, command=[]} | ret=SUCCESS |  
2019-08-27 19:09:15,595 | INFO  | SCMAudit | user=jenkins1000 | ip=192.168.34.52 | op=SEND_HEARTBEAT {datanodeUUID=b9013286-53b5-41d8-8a21-1ab40203d76e, command=[]} | ret=SUCCESS |  
2019-08-27 19:09:15,595 | INFO  | SCMAudit | user=jenkins1000 | ip=192.168.34.52 | op=SEND_HEARTBEAT {datanodeUUID=9ffcda27-0104-4d9f-ad29-5d6501b164ff, command=[]} | ret=SUCCESS |  
2019-08-27 19:09:15,859 [grpc-default-executor-1] INFO  client.GrpcClientProtocolClient (GrpcClientProtocolClient.java:onNext(255)) - client-199C490DCCC3->b9013286-53b5-41d8-8a21-1ab40203d76e: receive RaftClientReply:client-199C490DCCC3->b9013286-53b5-41d8-8a21-1ab40203d76e@group-1757ACDFB26B, cid=14, FAILED org.apache.ratis.protocol.NotLeaderException: Server b9013286-53b5-41d8-8a21-1ab40203d76e is not the leader (ba29cdba-9247-4871-9d52-a9c6f2c8acb8:192.168.34.52:32914). Request must be sent to leader., logIndex=0, commits[b9013286-53b5-41d8-8a21-1ab40203d76e:c2, 9ffcda27-0104-4d9f-ad29-5d6501b164ff:c2, ba29cdba-9247-4871-9d52-a9c6f2c8acb8:c2]
2019-08-27 19:09:16,125 | INFO  | SCMAudit | user=jenkins1000 | ip=192.168.34.52 | op=SEND_HEARTBEAT {datanodeUUID=cd393f82-50d2-4f3f-a7d0-1a4d5e03aa9d, command=[]} | ret=SUCCESS |  
2019-08-27 19:09:16,130 | INFO  | SCMAudit | user=jenkins1000 | ip=192.168.34.52 | op=SEND_HEARTBEAT {datanodeUUID=d0865055-687d-480b-928d-c7ffb20d2627, command=[]} | ret=SUCCESS |  
2019-08-27 19:09:16,246 | INFO  | SCMAudit | user=jenkins1000 | ip=192.168.34.52 | op=SEND_HEARTBEAT {datanodeUUID=4652c2a2-f5fc-4e57-bdef-57b8a38a37ac, command=[]} | ret=SUCCESS |  
2019-08-27 19:09:16,471 | INFO  | SCMAudit | user=jenkins1000 | ip=192.168.34.52 | op=SEND_HEARTBEAT {datanodeUUID=af3e1e92-ae98-49b3-9ee0-671049e9c04d, command=[]} | ret=SUCCESS |  
2019-08-27 19:09:16,595 | INFO  | SCMAudit | user=jenkins1000 | ip=192.168.34.52 | op=SEND_HEARTBEAT {datanodeUUID=9ffcda27-0104-4d9f-ad29-5d6501b164ff, command=[]} | ret=SUCCESS |  
2019-08-27 19:09:16,595 | INFO  | SCMAudit | user=jenkins1000 | ip=192.168.34.52 | op=SEND_HEARTBEAT {datanodeUUID=b9013286-53b5-41d8-8a21-1ab40203d76e, command=[]} | ret=SUCCESS |  
2019-08-27 19:09:16,917 [grpc-default-executor-0] INFO  client.GrpcClientProtocolClient (GrpcClientProtocolClient.java:onNext(255)) - client-199C490DCCC3->b9013286-53b5-41d8-8a21-1ab40203d76e: receive RaftClientReply:client-199C490DCCC3->b9013286-53b5-41d8-8a21-1ab40203d76e@group-1757ACDFB26B, cid=14, FAILED org.apache.ratis.protocol.NotLeaderException: Server b9013286-53b5-41d8-8a21-1ab40203d76e is not the leader (ba29cdba-9247-4871-9d52-a9c6f2c8acb8:192.168.34.52:32914). Request must be sent to leader., logIndex=0, commits[b9013286-53b5-41d8-8a21-1ab40203d76e:c2, 9ffcda27-0104-4d9f-ad29-5d6501b164ff:c2, ba29cdba-9247-4871-9d52-a9c6f2c8acb8:c2]
2019-08-27 19:09:17,126 | INFO  | SCMAudit | user=jenkins1000 | ip=192.168.34.52 | op=SEND_HEARTBEAT {datanodeUUID=cd393f82-50d2-4f3f-a7d0-1a4d5e03aa9d, command=[]} | ret=SUCCESS |  
2019-08-27 19:09:17,130 | INFO  | SCMAudit | user=jenkins1000 | ip=192.168.34.52 | op=SEND_HEARTBEAT {datanodeUUID=d0865055-687d-480b-928d-c7ffb20d2627, command=[]} | ret=SUCCESS |  
2019-08-27 19:09:17,253 | INFO  | SCMAudit | user=jenkins1000 | ip=192.168.34.52 | op=SEND_HEARTBEAT {datanodeUUID=4652c2a2-f5fc-4e57-bdef-57b8a38a37ac, command=[]} | ret=SUCCESS |  
2019-08-27 19:09:17,471 | INFO  | SCMAudit | user=jenkins1000 | ip=192.168.34.52 | op=SEND_HEARTBEAT {datanodeUUID=af3e1e92-ae98-49b3-9ee0-671049e9c04d, command=[]} | ret=SUCCESS |  
2019-08-27 19:09:17,595 | INFO  | SCMAudit | user=jenkins1000 | ip=192.168.34.52 | op=SEND_HEARTBEAT {datanodeUUID=9ffcda27-0104-4d9f-ad29-5d6501b164ff, command=[]} | ret=SUCCESS |  
2019-08-27 19:09:17,595 | INFO  | SCMAudit | user=jenkins1000 | ip=192.168.34.52 | op=SEND_HEARTBEAT {datanodeUUID=b9013286-53b5-41d8-8a21-1ab40203d76e, command=[]} | ret=SUCCESS |  
2019-08-27 19:09:17,960 [grpc-default-executor-1] INFO  client.GrpcClientProtocolClient (GrpcClientProtocolClient.java:onNext(255)) - client-199C490DCCC3->b9013286-53b5-41d8-8a21-1ab40203d76e: receive RaftClientReply:client-199C490DCCC3->b9013286-53b5-41d8-8a21-1ab40203d76e@group-1757ACDFB26B, cid=14, FAILED org.apache.ratis.protocol.NotLeaderException: Server b9013286-53b5-41d8-8a21-1ab40203d76e is not the leader (ba29cdba-9247-4871-9d52-a9c6f2c8acb8:192.168.34.52:32914). Request must be sent to leader., logIndex=0, commits[b9013286-53b5-41d8-8a21-1ab40203d76e:c2, 9ffcda27-0104-4d9f-ad29-5d6501b164ff:c2, ba29cdba-9247-4871-9d52-a9c6f2c8acb8:c2]
2019-08-27 19:09:18,127 | INFO  | SCMAudit | user=jenkins1000 | ip=192.168.34.52 | op=SEND_HEARTBEAT {datanodeUUID=cd393f82-50d2-4f3f-a7d0-1a4d5e03aa9d, command=[]} | ret=SUCCESS |  
2019-08-27 19:09:18,130 | INFO  | SCMAudit | user=jenkins1000 | ip=192.168.34.52 | op=SEND_HEARTBEAT {datanodeUUID=d0865055-687d-480b-928d-c7ffb20d2627, command=[]} | ret=SUCCESS |  
2019-08-27 19:09:18,247 | INFO  | SCMAudit | user=jenkins1000 | ip=192.168.34.52 | op=SEND_HEARTBEAT {datanodeUUID=4652c2a2-f5fc-4e57-bdef-57b8a38a37ac, command=[]} | ret=SUCCESS |  
2019-08-27 19:09:18,471 | INFO  | SCMAudit | user=jenkins1000 | ip=192.168.34.52 | op=SEND_HEARTBEAT {datanodeUUID=af3e1e92-ae98-49b3-9ee0-671049e9c04d, command=[]} | ret=SUCCESS |  
2019-08-27 19:09:18,595 | INFO  | SCMAudit | user=jenkins1000 | ip=192.168.34.52 | op=SEND_HEARTBEAT {datanodeUUID=b9013286-53b5-41d8-8a21-1ab40203d76e, command=[]} | ret=SUCCESS |  
2019-08-27 19:09:18,595 | INFO  | SCMAudit | user=jenkins1000 | ip=192.168.34.52 | op=SEND_HEARTBEAT {datanodeUUID=9ffcda27-0104-4d9f-ad29-5d6501b164ff, command=[]} | ret=SUCCESS |  
2019-08-27 19:09:19,008 [grpc-default-executor-0] INFO  client.GrpcClientProtocolClient (GrpcClientProtocolClient.java:onNext(255)) - client-199C490DCCC3->b9013286-53b5-41d8-8a21-1ab40203d76e: receive RaftClientReply:client-199C490DCCC3->b9013286-53b5-41d8-8a21-1ab40203d76e@group-1757ACDFB26B, cid=14, FAILED org.apache.ratis.protocol.NotLeaderException: Server b9013286-53b5-41d8-8a21-1ab40203d76e is not the leader (ba29cdba-9247-4871-9d52-a9c6f2c8acb8:192.168.34.52:32914). Request must be sent to leader., logIndex=0, commits[b9013286-53b5-41d8-8a21-1ab40203d76e:c2, 9ffcda27-0104-4d9f-ad29-5d6501b164ff:c2, ba29cdba-9247-4871-9d52-a9c6f2c8acb8:c2]
2019-08-27 19:09:19,127 | INFO  | SCMAudit | user=jenkins1000 | ip=192.168.34.52 | op=SEND_HEARTBEAT {datanodeUUID=cd393f82-50d2-4f3f-a7d0-1a4d5e03aa9d, command=[]} | ret=SUCCESS |  
2019-08-27 19:09:19,130 | INFO  | SCMAudit | user=jenkins1000 | ip=192.168.34.52 | op=SEND_HEARTBEAT {datanodeUUID=d0865055-687d-480b-928d-c7ffb20d2627, command=[]} | ret=SUCCESS |  
2019-08-27 19:09:19,246 | INFO  | SCMAudit | user=jenkins1000 | ip=192.168.34.52 | op=SEND_HEARTBEAT {datanodeUUID=4652c2a2-f5fc-4e57-bdef-57b8a38a37ac, command=[]} | ret=SUCCESS |  
2019-08-27 19:09:19,471 | INFO  | SCMAudit | user=jenkins1000 | ip=192.168.34.52 | op=SEND_HEARTBEAT {datanodeUUID=af3e1e92-ae98-49b3-9ee0-671049e9c04d, command=[]} | ret=SUCCESS |  
2019-08-27 19:09:19,595 | INFO  | SCMAudit | user=jenkins1000 | ip=192.168.34.52 | op=SEND_HEARTBEAT {datanodeUUID=9ffcda27-0104-4d9f-ad29-5d6501b164ff, command=[]} | ret=SUCCESS |  
2019-08-27 19:09:19,595 | INFO  | SCMAudit | user=jenkins1000 | ip=192.168.34.52 | op=SEND_HEARTBEAT {datanodeUUID=b9013286-53b5-41d8-8a21-1ab40203d76e, command=[]} | ret=SUCCESS |  
2019-08-27 19:09:20,058 [grpc-default-executor-1] INFO  client.GrpcClientProtocolClient (GrpcClientProtocolClient.java:onNext(255)) - client-199C490DCCC3->b9013286-53b5-41d8-8a21-1ab40203d76e: receive RaftClientReply:client-199C490DCCC3->b9013286-53b5-41d8-8a21-1ab40203d76e@group-1757ACDFB26B, cid=14, FAILED org.apache.ratis.protocol.NotLeaderException: Server b9013286-53b5-41d8-8a21-1ab40203d76e is not the leader (ba29cdba-9247-4871-9d52-a9c6f2c8acb8:192.168.34.52:32914). Request must be sent to leader., logIndex=0, commits[b9013286-53b5-41d8-8a21-1ab40203d76e:c2, 9ffcda27-0104-4d9f-ad29-5d6501b164ff:c2, ba29cdba-9247-4871-9d52-a9c6f2c8acb8:c2]
2019-08-27 19:09:20,126 | INFO  | SCMAudit | user=jenkins1000 | ip=192.168.34.52 | op=SEND_HEARTBEAT {datanodeUUID=cd393f82-50d2-4f3f-a7d0-1a4d5e03aa9d, command=[]} | ret=SUCCESS |  
2019-08-27 19:09:20,130 | INFO  | SCMAudit | user=jenkins1000 | ip=192.168.34.52 | op=SEND_HEARTBEAT {datanodeUUID=d0865055-687d-480b-928d-c7ffb20d2627, command=[]} | ret=SUCCESS |  
2019-08-27 19:09:20,246 | INFO  | SCMAudit | user=jenkins1000 | ip=192.168.34.52 | op=SEND_HEARTBEAT {datanodeUUID=4652c2a2-f5fc-4e57-bdef-57b8a38a37ac, command=[]} | ret=SUCCESS |  
2019-08-27 19:09:20,471 | INFO  | SCMAudit | user=jenkins1000 | ip=192.168.34.52 | op=SEND_HEARTBEAT {datanodeUUID=af3e1e92-ae98-49b3-9ee0-671049e9c04d, command=[]} | ret=SUCCESS |  
2019-08-27 19:09:20,594 | INFO  | SCMAudit | user=jenkins1000 | ip=192.168.34.52 | op=SEND_HEARTBEAT {datanodeUUID=9ffcda27-0104-4d9f-ad29-5d6501b164ff, command=[]} | ret=SUCCESS |  
2019-08-27 19:09:20,595 | INFO  | SCMAudit | user=jenkins1000 | ip=192.168.34.52 | op=SEND_HEARTBEAT {datanodeUUID=b9013286-53b5-41d8-8a21-1ab40203d76e, command=[]} | ret=SUCCESS |  
2019-08-27 19:09:21,103 [grpc-default-executor-2] INFO  client.GrpcClientProtocolClient (GrpcClientProtocolClient.java:onNext(255)) - client-199C490DCCC3->9ffcda27-0104-4d9f-ad29-5d6501b164ff: receive RaftClientReply:client-199C490DCCC3->9ffcda27-0104-4d9f-ad29-5d6501b164ff@group-1757ACDFB26B, cid=14, FAILED org.apache.ratis.protocol.NotLeaderException: Server 9ffcda27-0104-4d9f-ad29-5d6501b164ff is not the leader (ba29cdba-9247-4871-9d52-a9c6f2c8acb8:192.168.34.52:32914). Request must be sent to leader., logIndex=0, commits[9ffcda27-0104-4d9f-ad29-5d6501b164ff:c2, b9013286-53b5-41d8-8a21-1ab40203d76e:c2, ba29cdba-9247-4871-9d52-a9c6f2c8acb8:c2]
2019-08-27 19:09:21,131 | INFO  | SCMAudit | user=jenkins1000 | ip=192.168.34.52 | op=SEND_HEARTBEAT {datanodeUUID=cd393f82-50d2-4f3f-a7d0-1a4d5e03aa9d, command=[]} | ret=SUCCESS |  
2019-08-27 19:09:21,131 | INFO  | SCMAudit | user=jenkins1000 | ip=192.168.34.52 | op=SEND_HEARTBEAT {datanodeUUID=d0865055-687d-480b-928d-c7ffb20d2627, command=[]} | ret=SUCCESS |  
2019-08-27 19:09:21,246 | INFO  | SCMAudit | user=jenkins1000 | ip=192.168.34.52 | op=SEND_HEARTBEAT {datanodeUUID=4652c2a2-f5fc-4e57-bdef-57b8a38a37ac, command=[]} | ret=SUCCESS |  
2019-08-27 19:09:21,471 | INFO  | SCMAudit | user=jenkins1000 | ip=192.168.34.52 | op=SEND_HEARTBEAT {datanodeUUID=af3e1e92-ae98-49b3-9ee0-671049e9c04d, command=[]} | ret=SUCCESS |  
2019-08-27 19:09:21,595 | INFO  | SCMAudit | user=jenkins1000 | ip=192.168.34.52 | op=SEND_HEARTBEAT {datanodeUUID=9ffcda27-0104-4d9f-ad29-5d6501b164ff, command=[]} | ret=SUCCESS |  
2019-08-27 19:09:21,596 | INFO  | SCMAudit | user=jenkins1000 | ip=192.168.34.52 | op=SEND_HEARTBEAT {datanodeUUID=b9013286-53b5-41d8-8a21-1ab40203d76e, command=[]} | ret=SUCCESS |  
2019-08-27 19:09:22,129 | INFO  | SCMAudit | user=jenkins1000 | ip=192.168.34.52 | op=SEND_HEARTBEAT {datanodeUUID=cd393f82-50d2-4f3f-a7d0-1a4d5e03aa9d, command=[]} | ret=SUCCESS |  
2019-08-27 19:09:22,130 | INFO  | SCMAudit | user=jenkins1000 | ip=192.168.34.52 | op=SEND_HEARTBEAT {datanodeUUID=d0865055-687d-480b-928d-c7ffb20d2627, command=[]} | ret=SUCCESS |  
2019-08-27 19:09:22,142 [grpc-default-executor-1] INFO  client.GrpcClientProtocolClient (GrpcClientProtocolClient.java:onNext(255)) - client-199C490DCCC3->b9013286-53b5-41d8-8a21-1ab40203d76e: receive RaftClientReply:client-199C490DCCC3->b9013286-53b5-41d8-8a21-1ab40203d76e@group-1757ACDFB26B, cid=14, FAILED org.apache.ratis.protocol.NotLeaderException: Server b9013286-53b5-41d8-8a21-1ab40203d76e is not the leader (ba29cdba-9247-4871-9d52-a9c6f2c8acb8:192.168.34.52:32914). Request must be sent to leader., logIndex=0, commits[b9013286-53b5-41d8-8a21-1ab40203d76e:c2, 9ffcda27-0104-4d9f-ad29-5d6501b164ff:c2, ba29cdba-9247-4871-9d52-a9c6f2c8acb8:c2]
2019-08-27 19:09:22,248 | INFO  | SCMAudit | user=jenkins1000 | ip=192.168.34.52 | op=SEND_HEARTBEAT {datanodeUUID=4652c2a2-f5fc-4e57-bdef-57b8a38a37ac, command=[]} | ret=SUCCESS |  
2019-08-27 19:09:22,472 | INFO  | SCMAudit | user=jenkins1000 | ip=192.168.34.52 | op=SEND_HEARTBEAT {datanodeUUID=af3e1e92-ae98-49b3-9ee0-671049e9c04d, command=[]} | ret=SUCCESS |  
2019-08-27 19:09:22,595 | INFO  | SCMAudit | user=jenkins1000 | ip=192.168.34.52 | op=SEND_HEARTBEAT {datanodeUUID=9ffcda27-0104-4d9f-ad29-5d6501b164ff, command=[]} | ret=SUCCESS |  
2019-08-27 19:09:22,596 | INFO  | SCMAudit | user=jenkins1000 | ip=192.168.34.52 | op=SEND_HEARTBEAT {datanodeUUID=b9013286-53b5-41d8-8a21-1ab40203d76e, command=[]} | ret=SUCCESS |  
2019-08-27 19:09:22,719 [Thread-316] INFO  impl.FollowerState (FollowerState.java:run(106)) - b9013286-53b5-41d8-8a21-1ab40203d76e:group-1757ACDFB26B changes to CANDIDATE, lastRpcTime:9280, electionTimeout:5175ms
2019-08-27 19:09:22,719 [Thread-316] INFO  impl.RoleInfo (RoleInfo.java:shutdownFollowerState(121)) - b9013286-53b5-41d8-8a21-1ab40203d76e: shutdown FollowerState
2019-08-27 19:09:22,720 [Thread-316] INFO  impl.RaftServerImpl (RaftServerImpl.java:setRole(171)) - b9013286-53b5-41d8-8a21-1ab40203d76e:group-1757ACDFB26B changes role from FOLLOWER to CANDIDATE at term 1 for changeToCandidate
2019-08-27 19:09:22,720 [Thread-316] INFO  impl.RoleInfo (RoleInfo.java:updateAndGet(143)) - b9013286-53b5-41d8-8a21-1ab40203d76e: start LeaderElection
2019-08-27 19:09:22,724 [b9013286-53b5-41d8-8a21-1ab40203d76e:group-1757ACDFB26B:LeaderElection14] INFO  impl.RaftServerImpl (ServerState.java:setLeader(263)) - b9013286-53b5-41d8-8a21-1ab40203d76e:group-1757ACDFB26B change Leader from ba29cdba-9247-4871-9d52-a9c6f2c8acb8 to null at term 1 for initElection
2019-08-27 19:09:22,727 [Thread-320] INFO  impl.FollowerState (FollowerState.java:run(106)) - 9ffcda27-0104-4d9f-ad29-5d6501b164ff:group-1757ACDFB26B changes to CANDIDATE, lastRpcTime:9287, electionTimeout:5146ms
2019-08-27 19:09:22,727 [Thread-320] INFO  impl.RoleInfo (RoleInfo.java:shutdownFollowerState(121)) - 9ffcda27-0104-4d9f-ad29-5d6501b164ff: shutdown FollowerState
2019-08-27 19:09:22,727 [Thread-320] INFO  impl.RaftServerImpl (RaftServerImpl.java:setRole(171)) - 9ffcda27-0104-4d9f-ad29-5d6501b164ff:group-1757ACDFB26B changes role from FOLLOWER to CANDIDATE at term 1 for changeToCandidate
2019-08-27 19:09:22,727 [Thread-320] INFO  impl.RoleInfo (RoleInfo.java:updateAndGet(143)) - 9ffcda27-0104-4d9f-ad29-5d6501b164ff: start LeaderElection
2019-08-27 19:09:22,729 [9ffcda27-0104-4d9f-ad29-5d6501b164ff:group-1757ACDFB26B:LeaderElection15] INFO  impl.RaftServerImpl (ServerState.java:setLeader(263)) - 9ffcda27-0104-4d9f-ad29-5d6501b164ff:group-1757ACDFB26B change Leader from ba29cdba-9247-4871-9d52-a9c6f2c8acb8 to null at term 1 for initElection
2019-08-27 19:09:22,739 [9ffcda27-0104-4d9f-ad29-5d6501b164ff:group-1757ACDFB26B:LeaderElection15] INFO  impl.LeaderElection (LeaderElection.java:askForVotes(181)) - 9ffcda27-0104-4d9f-ad29-5d6501b164ff:group-1757ACDFB26B:LeaderElection15: begin an election at term 2 for 0: [9ffcda27-0104-4d9f-ad29-5d6501b164ff:192.168.34.52:34400, b9013286-53b5-41d8-8a21-1ab40203d76e:192.168.34.52:36296, ba29cdba-9247-4871-9d52-a9c6f2c8acb8:192.168.34.52:32914], old=null
2019-08-27 19:09:22,739 [b9013286-53b5-41d8-8a21-1ab40203d76e:group-1757ACDFB26B:LeaderElection14] INFO  impl.LeaderElection (LeaderElection.java:askForVotes(181)) - b9013286-53b5-41d8-8a21-1ab40203d76e:group-1757ACDFB26B:LeaderElection14: begin an election at term 2 for 0: [9ffcda27-0104-4d9f-ad29-5d6501b164ff:192.168.34.52:34400, b9013286-53b5-41d8-8a21-1ab40203d76e:192.168.34.52:36296, ba29cdba-9247-4871-9d52-a9c6f2c8acb8:192.168.34.52:32914], old=null
2019-08-27 19:09:22,758 [b9013286-53b5-41d8-8a21-1ab40203d76e:group-1757ACDFB26B:LeaderElection14] INFO  impl.LeaderElection (LogUtils.java:infoOrTrace(149)) - b9013286-53b5-41d8-8a21-1ab40203d76e:group-1757ACDFB26B:LeaderElection14 got exception when requesting votes: {}
java.util.concurrent.ExecutionException: org.apache.ratis.thirdparty.io.grpc.StatusRuntimeException: UNAVAILABLE: io exception
	at java.util.concurrent.FutureTask.report(FutureTask.java:122)
	at java.util.concurrent.FutureTask.get(FutureTask.java:192)
	at org.apache.ratis.server.impl.LeaderElection.waitForResults(LeaderElection.java:262)
	at org.apache.ratis.server.impl.LeaderElection.askForVotes(LeaderElection.java:200)
	at org.apache.ratis.server.impl.LeaderElection.run(LeaderElection.java:130)
	at java.lang.Thread.run(Thread.java:748)
Caused by: org.apache.ratis.thirdparty.io.grpc.StatusRuntimeException: UNAVAILABLE: io exception
	at org.apache.ratis.thirdparty.io.grpc.stub.ClientCalls.toStatusRuntimeException(ClientCalls.java:233)
	at org.apache.ratis.thirdparty.io.grpc.stub.ClientCalls.getUnchecked(ClientCalls.java:214)
	at org.apache.ratis.thirdparty.io.grpc.stub.ClientCalls.blockingUnaryCall(ClientCalls.java:139)
	at org.apache.ratis.proto.grpc.RaftServerProtocolServiceGrpc$RaftServerProtocolServiceBlockingStub.requestVote(RaftServerProtocolServiceGrpc.java:265)
	at org.apache.ratis.grpc.server.GrpcServerProtocolClient.requestVote(GrpcServerProtocolClient.java:83)
	at org.apache.ratis.grpc.server.GrpcService.requestVote(GrpcService.java:195)
	at org.apache.ratis.server.impl.LeaderElection.lambda$submitRequests$1(LeaderElection.java:237)
	at java.util.concurrent.FutureTask.run(FutureTask.java:266)
	at java.util.concurrent.Executors$RunnableAdapter.call(Executors.java:511)
	at java.util.concurrent.FutureTask.run(FutureTask.java:266)
	at java.util.concurrent.ThreadPoolExecutor.runWorker(ThreadPoolExecutor.java:1149)
	at java.util.concurrent.ThreadPoolExecutor$Worker.run(ThreadPoolExecutor.java:624)
	... 1 more
Caused by: org.apache.ratis.thirdparty.io.netty.channel.AbstractChannel$AnnotatedConnectException: Connection refused: /192.168.34.52:32914
	at sun.nio.ch.SocketChannelImpl.checkConnect(Native Method)
	at sun.nio.ch.SocketChannelImpl.finishConnect(SocketChannelImpl.java:717)
	at org.apache.ratis.thirdparty.io.netty.channel.socket.nio.NioSocketChannel.doFinishConnect(NioSocketChannel.java:327)
	at org.apache.ratis.thirdparty.io.netty.channel.nio.AbstractNioChannel$AbstractNioUnsafe.finishConnect(AbstractNioChannel.java:340)
	at org.apache.ratis.thirdparty.io.netty.channel.nio.NioEventLoop.processSelectedKey(NioEventLoop.java:632)
	at org.apache.ratis.thirdparty.io.netty.channel.nio.NioEventLoop.processSelectedKeysOptimized(NioEventLoop.java:579)
	at org.apache.ratis.thirdparty.io.netty.channel.nio.NioEventLoop.processSelectedKeys(NioEventLoop.java:496)
	at org.apache.ratis.thirdparty.io.netty.channel.nio.NioEventLoop.run(NioEventLoop.java:458)
	at org.apache.ratis.thirdparty.io.netty.util.concurrent.SingleThreadEventExecutor$5.run(SingleThreadEventExecutor.java:897)
	at org.apache.ratis.thirdparty.io.netty.util.concurrent.FastThreadLocalRunnable.run(FastThreadLocalRunnable.java:30)
	... 1 more
Caused by: java.net.ConnectException: Connection refused
	... 11 more
2019-08-27 19:09:22,758 [9ffcda27-0104-4d9f-ad29-5d6501b164ff:group-1757ACDFB26B:LeaderElection15] INFO  impl.LeaderElection (LogUtils.java:infoOrTrace(149)) - 9ffcda27-0104-4d9f-ad29-5d6501b164ff:group-1757ACDFB26B:LeaderElection15 got exception when requesting votes: {}
java.util.concurrent.ExecutionException: org.apache.ratis.thirdparty.io.grpc.StatusRuntimeException: UNAVAILABLE: io exception
	at java.util.concurrent.FutureTask.report(FutureTask.java:122)
	at java.util.concurrent.FutureTask.get(FutureTask.java:192)
	at org.apache.ratis.server.impl.LeaderElection.waitForResults(LeaderElection.java:262)
	at org.apache.ratis.server.impl.LeaderElection.askForVotes(LeaderElection.java:200)
	at org.apache.ratis.server.impl.LeaderElection.run(LeaderElection.java:130)
	at java.lang.Thread.run(Thread.java:748)
Caused by: org.apache.ratis.thirdparty.io.grpc.StatusRuntimeException: UNAVAILABLE: io exception
	at org.apache.ratis.thirdparty.io.grpc.stub.ClientCalls.toStatusRuntimeException(ClientCalls.java:233)
	at org.apache.ratis.thirdparty.io.grpc.stub.ClientCalls.getUnchecked(ClientCalls.java:214)
	at org.apache.ratis.thirdparty.io.grpc.stub.ClientCalls.blockingUnaryCall(ClientCalls.java:139)
	at org.apache.ratis.proto.grpc.RaftServerProtocolServiceGrpc$RaftServerProtocolServiceBlockingStub.requestVote(RaftServerProtocolServiceGrpc.java:265)
	at org.apache.ratis.grpc.server.GrpcServerProtocolClient.requestVote(GrpcServerProtocolClient.java:83)
	at org.apache.ratis.grpc.server.GrpcService.requestVote(GrpcService.java:195)
	at org.apache.ratis.server.impl.LeaderElection.lambda$submitRequests$1(LeaderElection.java:237)
	at java.util.concurrent.FutureTask.run(FutureTask.java:266)
	at java.util.concurrent.Executors$RunnableAdapter.call(Executors.java:511)
	at java.util.concurrent.FutureTask.run(FutureTask.java:266)
	at java.util.concurrent.ThreadPoolExecutor.runWorker(ThreadPoolExecutor.java:1149)
	at java.util.concurrent.ThreadPoolExecutor$Worker.run(ThreadPoolExecutor.java:624)
	... 1 more
Caused by: org.apache.ratis.thirdparty.io.netty.channel.AbstractChannel$AnnotatedConnectException: Connection refused: /192.168.34.52:32914
	at sun.nio.ch.SocketChannelImpl.checkConnect(Native Method)
	at sun.nio.ch.SocketChannelImpl.finishConnect(SocketChannelImpl.java:717)
	at org.apache.ratis.thirdparty.io.netty.channel.socket.nio.NioSocketChannel.doFinishConnect(NioSocketChannel.java:327)
	at org.apache.ratis.thirdparty.io.netty.channel.nio.AbstractNioChannel$AbstractNioUnsafe.finishConnect(AbstractNioChannel.java:340)
	at org.apache.ratis.thirdparty.io.netty.channel.nio.NioEventLoop.processSelectedKey(NioEventLoop.java:632)
	at org.apache.ratis.thirdparty.io.netty.channel.nio.NioEventLoop.processSelectedKeysOptimized(NioEventLoop.java:579)
	at org.apache.ratis.thirdparty.io.netty.channel.nio.NioEventLoop.processSelectedKeys(NioEventLoop.java:496)
	at org.apache.ratis.thirdparty.io.netty.channel.nio.NioEventLoop.run(NioEventLoop.java:458)
	at org.apache.ratis.thirdparty.io.netty.util.concurrent.SingleThreadEventExecutor$5.run(SingleThreadEventExecutor.java:897)
	at org.apache.ratis.thirdparty.io.netty.util.concurrent.FastThreadLocalRunnable.run(FastThreadLocalRunnable.java:30)
	... 1 more
Caused by: java.net.ConnectException: Connection refused
	... 11 more
2019-08-27 19:09:22,767 [b9013286-53b5-41d8-8a21-1ab40203d76e:group-1757ACDFB26B:LeaderElection14] INFO  impl.LeaderElection (LeaderElection.java:logAndReturn(56)) - b9013286-53b5-41d8-8a21-1ab40203d76e:group-1757ACDFB26B:LeaderElection14: Election REJECTED; received 1 response(s) [b9013286-53b5-41d8-8a21-1ab40203d76e<-9ffcda27-0104-4d9f-ad29-5d6501b164ff#0:FAIL-t2] and 1 exception(s); b9013286-53b5-41d8-8a21-1ab40203d76e:t2, leader=null, voted=b9013286-53b5-41d8-8a21-1ab40203d76e, raftlog=b9013286-53b5-41d8-8a21-1ab40203d76e-SegmentedRaftLog:OPENED:c2,f2,i2, conf=0: [9ffcda27-0104-4d9f-ad29-5d6501b164ff:192.168.34.52:34400, b9013286-53b5-41d8-8a21-1ab40203d76e:192.168.34.52:36296, ba29cdba-9247-4871-9d52-a9c6f2c8acb8:192.168.34.52:32914], old=null
2019-08-27 19:09:22,770 [9ffcda27-0104-4d9f-ad29-5d6501b164ff:group-1757ACDFB26B:LeaderElection15] INFO  impl.LeaderElection (LeaderElection.java:logAndReturn(56)) - 9ffcda27-0104-4d9f-ad29-5d6501b164ff:group-1757ACDFB26B:LeaderElection15: Election REJECTED; received 1 response(s) [9ffcda27-0104-4d9f-ad29-5d6501b164ff<-b9013286-53b5-41d8-8a21-1ab40203d76e#0:FAIL-t2] and 1 exception(s); 9ffcda27-0104-4d9f-ad29-5d6501b164ff:t2, leader=null, voted=9ffcda27-0104-4d9f-ad29-5d6501b164ff, raftlog=9ffcda27-0104-4d9f-ad29-5d6501b164ff-SegmentedRaftLog:OPENED:c2,f2,i2, conf=0: [9ffcda27-0104-4d9f-ad29-5d6501b164ff:192.168.34.52:34400, b9013286-53b5-41d8-8a21-1ab40203d76e:192.168.34.52:36296, ba29cdba-9247-4871-9d52-a9c6f2c8acb8:192.168.34.52:32914], old=null
2019-08-27 19:09:22,771 [b9013286-53b5-41d8-8a21-1ab40203d76e:group-1757ACDFB26B:LeaderElection14] INFO  impl.LeaderElection (LogUtils.java:infoOrTrace(149)) -   Exception 0: {}
java.util.concurrent.ExecutionException: org.apache.ratis.thirdparty.io.grpc.StatusRuntimeException: UNAVAILABLE: io exception
	at java.util.concurrent.FutureTask.report(FutureTask.java:122)
	at java.util.concurrent.FutureTask.get(FutureTask.java:192)
	at org.apache.ratis.server.impl.LeaderElection.waitForResults(LeaderElection.java:262)
	at org.apache.ratis.server.impl.LeaderElection.askForVotes(LeaderElection.java:200)
	at org.apache.ratis.server.impl.LeaderElection.run(LeaderElection.java:130)
	at java.lang.Thread.run(Thread.java:748)
Caused by: org.apache.ratis.thirdparty.io.grpc.StatusRuntimeException: UNAVAILABLE: io exception
	at org.apache.ratis.thirdparty.io.grpc.stub.ClientCalls.toStatusRuntimeException(ClientCalls.java:233)
	at org.apache.ratis.thirdparty.io.grpc.stub.ClientCalls.getUnchecked(ClientCalls.java:214)
	at org.apache.ratis.thirdparty.io.grpc.stub.ClientCalls.blockingUnaryCall(ClientCalls.java:139)
	at org.apache.ratis.proto.grpc.RaftServerProtocolServiceGrpc$RaftServerProtocolServiceBlockingStub.requestVote(RaftServerProtocolServiceGrpc.java:265)
	at org.apache.ratis.grpc.server.GrpcServerProtocolClient.requestVote(GrpcServerProtocolClient.java:83)
	at org.apache.ratis.grpc.server.GrpcService.requestVote(GrpcService.java:195)
	at org.apache.ratis.server.impl.LeaderElection.lambda$submitRequests$1(LeaderElection.java:237)
	at java.util.concurrent.FutureTask.run(FutureTask.java:266)
	at java.util.concurrent.Executors$RunnableAdapter.call(Executors.java:511)
	at java.util.concurrent.FutureTask.run(FutureTask.java:266)
	at java.util.concurrent.ThreadPoolExecutor.runWorker(ThreadPoolExecutor.java:1149)
	at java.util.concurrent.ThreadPoolExecutor$Worker.run(ThreadPoolExecutor.java:624)
	... 1 more
Caused by: org.apache.ratis.thirdparty.io.netty.channel.AbstractChannel$AnnotatedConnectException: Connection refused: /192.168.34.52:32914
	at sun.nio.ch.SocketChannelImpl.checkConnect(Native Method)
	at sun.nio.ch.SocketChannelImpl.finishConnect(SocketChannelImpl.java:717)
	at org.apache.ratis.thirdparty.io.netty.channel.socket.nio.NioSocketChannel.doFinishConnect(NioSocketChannel.java:327)
	at org.apache.ratis.thirdparty.io.netty.channel.nio.AbstractNioChannel$AbstractNioUnsafe.finishConnect(AbstractNioChannel.java:340)
	at org.apache.ratis.thirdparty.io.netty.channel.nio.NioEventLoop.processSelectedKey(NioEventLoop.java:632)
	at org.apache.ratis.thirdparty.io.netty.channel.nio.NioEventLoop.processSelectedKeysOptimized(NioEventLoop.java:579)
	at org.apache.ratis.thirdparty.io.netty.channel.nio.NioEventLoop.processSelectedKeys(NioEventLoop.java:496)
	at org.apache.ratis.thirdparty.io.netty.channel.nio.NioEventLoop.run(NioEventLoop.java:458)
	at org.apache.ratis.thirdparty.io.netty.util.concurrent.SingleThreadEventExecutor$5.run(SingleThreadEventExecutor.java:897)
	at org.apache.ratis.thirdparty.io.netty.util.concurrent.FastThreadLocalRunnable.run(FastThreadLocalRunnable.java:30)
	... 1 more
Caused by: java.net.ConnectException: Connection refused
	... 11 more
2019-08-27 19:09:22,771 [9ffcda27-0104-4d9f-ad29-5d6501b164ff:group-1757ACDFB26B:LeaderElection15] INFO  impl.LeaderElection (LogUtils.java:infoOrTrace(149)) -   Exception 0: {}
java.util.concurrent.ExecutionException: org.apache.ratis.thirdparty.io.grpc.StatusRuntimeException: UNAVAILABLE: io exception
	at java.util.concurrent.FutureTask.report(FutureTask.java:122)
	at java.util.concurrent.FutureTask.get(FutureTask.java:192)
	at org.apache.ratis.server.impl.LeaderElection.waitForResults(LeaderElection.java:262)
	at org.apache.ratis.server.impl.LeaderElection.askForVotes(LeaderElection.java:200)
	at org.apache.ratis.server.impl.LeaderElection.run(LeaderElection.java:130)
	at java.lang.Thread.run(Thread.java:748)
Caused by: org.apache.ratis.thirdparty.io.grpc.StatusRuntimeException: UNAVAILABLE: io exception
	at org.apache.ratis.thirdparty.io.grpc.stub.ClientCalls.toStatusRuntimeException(ClientCalls.java:233)
	at org.apache.ratis.thirdparty.io.grpc.stub.ClientCalls.getUnchecked(ClientCalls.java:214)
	at org.apache.ratis.thirdparty.io.grpc.stub.ClientCalls.blockingUnaryCall(ClientCalls.java:139)
	at org.apache.ratis.proto.grpc.RaftServerProtocolServiceGrpc$RaftServerProtocolServiceBlockingStub.requestVote(RaftServerProtocolServiceGrpc.java:265)
	at org.apache.ratis.grpc.server.GrpcServerProtocolClient.requestVote(GrpcServerProtocolClient.java:83)
	at org.apache.ratis.grpc.server.GrpcService.requestVote(GrpcService.java:195)
	at org.apache.ratis.server.impl.LeaderElection.lambda$submitRequests$1(LeaderElection.java:237)
	at java.util.concurrent.FutureTask.run(FutureTask.java:266)
	at java.util.concurrent.Executors$RunnableAdapter.call(Executors.java:511)
	at java.util.concurrent.FutureTask.run(FutureTask.java:266)
	at java.util.concurrent.ThreadPoolExecutor.runWorker(ThreadPoolExecutor.java:1149)
	at java.util.concurrent.ThreadPoolExecutor$Worker.run(ThreadPoolExecutor.java:624)
	... 1 more
Caused by: org.apache.ratis.thirdparty.io.netty.channel.AbstractChannel$AnnotatedConnectException: Connection refused: /192.168.34.52:32914
	at sun.nio.ch.SocketChannelImpl.checkConnect(Native Method)
	at sun.nio.ch.SocketChannelImpl.finishConnect(SocketChannelImpl.java:717)
	at org.apache.ratis.thirdparty.io.netty.channel.socket.nio.NioSocketChannel.doFinishConnect(NioSocketChannel.java:327)
	at org.apache.ratis.thirdparty.io.netty.channel.nio.AbstractNioChannel$AbstractNioUnsafe.finishConnect(AbstractNioChannel.java:340)
	at org.apache.ratis.thirdparty.io.netty.channel.nio.NioEventLoop.processSelectedKey(NioEventLoop.java:632)
	at org.apache.ratis.thirdparty.io.netty.channel.nio.NioEventLoop.processSelectedKeysOptimized(NioEventLoop.java:579)
	at org.apache.ratis.thirdparty.io.netty.channel.nio.NioEventLoop.processSelectedKeys(NioEventLoop.java:496)
	at org.apache.ratis.thirdparty.io.netty.channel.nio.NioEventLoop.run(NioEventLoop.java:458)
	at org.apache.ratis.thirdparty.io.netty.util.concurrent.SingleThreadEventExecutor$5.run(SingleThreadEventExecutor.java:897)
	at org.apache.ratis.thirdparty.io.netty.util.concurrent.FastThreadLocalRunnable.run(FastThreadLocalRunnable.java:30)
	... 1 more
Caused by: java.net.ConnectException: Connection refused
	... 11 more
2019-08-27 19:09:22,772 [b9013286-53b5-41d8-8a21-1ab40203d76e:group-1757ACDFB26B:LeaderElection14] INFO  impl.RaftServerImpl (RaftServerImpl.java:setRole(171)) - b9013286-53b5-41d8-8a21-1ab40203d76e:group-1757ACDFB26B changes role from CANDIDATE to FOLLOWER at term 2 for DISCOVERED_A_NEW_TERM
2019-08-27 19:09:22,776 [b9013286-53b5-41d8-8a21-1ab40203d76e:group-1757ACDFB26B:LeaderElection14] INFO  impl.RoleInfo (RoleInfo.java:shutdownLeaderElection(134)) - b9013286-53b5-41d8-8a21-1ab40203d76e: shutdown LeaderElection
2019-08-27 19:09:22,774 [9ffcda27-0104-4d9f-ad29-5d6501b164ff:group-1757ACDFB26B:LeaderElection15] INFO  impl.RaftServerImpl (RaftServerImpl.java:setRole(171)) - 9ffcda27-0104-4d9f-ad29-5d6501b164ff:group-1757ACDFB26B changes role from CANDIDATE to FOLLOWER at term 2 for DISCOVERED_A_NEW_TERM
2019-08-27 19:09:22,776 [b9013286-53b5-41d8-8a21-1ab40203d76e:group-1757ACDFB26B:LeaderElection14] INFO  impl.RoleInfo (RoleInfo.java:updateAndGet(143)) - b9013286-53b5-41d8-8a21-1ab40203d76e: start FollowerState
2019-08-27 19:09:22,776 [9ffcda27-0104-4d9f-ad29-5d6501b164ff:group-1757ACDFB26B:LeaderElection15] INFO  impl.RoleInfo (RoleInfo.java:shutdownLeaderElection(134)) - 9ffcda27-0104-4d9f-ad29-5d6501b164ff: shutdown LeaderElection
2019-08-27 19:09:22,778 [9ffcda27-0104-4d9f-ad29-5d6501b164ff:group-1757ACDFB26B:LeaderElection15] INFO  impl.RoleInfo (RoleInfo.java:updateAndGet(143)) - 9ffcda27-0104-4d9f-ad29-5d6501b164ff: start FollowerState
2019-08-27 19:09:23,129 | INFO  | SCMAudit | user=jenkins1000 | ip=192.168.34.52 | op=SEND_HEARTBEAT {datanodeUUID=cd393f82-50d2-4f3f-a7d0-1a4d5e03aa9d, command=[]} | ret=SUCCESS |  
2019-08-27 19:09:23,130 | INFO  | SCMAudit | user=jenkins1000 | ip=192.168.34.52 | op=SEND_HEARTBEAT {datanodeUUID=d0865055-687d-480b-928d-c7ffb20d2627, command=[]} | ret=SUCCESS |  
2019-08-27 19:09:23,188 [grpc-default-executor-1] INFO  client.GrpcClientProtocolClient (GrpcClientProtocolClient.java:onNext(255)) - client-199C490DCCC3->b9013286-53b5-41d8-8a21-1ab40203d76e: receive RaftClientReply:client-199C490DCCC3->b9013286-53b5-41d8-8a21-1ab40203d76e@group-1757ACDFB26B, cid=14, FAILED org.apache.ratis.protocol.NotLeaderException: Server b9013286-53b5-41d8-8a21-1ab40203d76e is not the leader (null). Request must be sent to leader., logIndex=0, commits[b9013286-53b5-41d8-8a21-1ab40203d76e:c2, 9ffcda27-0104-4d9f-ad29-5d6501b164ff:c2, ba29cdba-9247-4871-9d52-a9c6f2c8acb8:c2]
2019-08-27 19:09:23,246 | INFO  | SCMAudit | user=jenkins1000 | ip=192.168.34.52 | op=SEND_HEARTBEAT {datanodeUUID=4652c2a2-f5fc-4e57-bdef-57b8a38a37ac, command=[]} | ret=SUCCESS |  
2019-08-27 19:09:23,472 | INFO  | SCMAudit | user=jenkins1000 | ip=192.168.34.52 | op=SEND_HEARTBEAT {datanodeUUID=af3e1e92-ae98-49b3-9ee0-671049e9c04d, command=[]} | ret=SUCCESS |  
2019-08-27 19:09:23,595 | INFO  | SCMAudit | user=jenkins1000 | ip=192.168.34.52 | op=SEND_HEARTBEAT {datanodeUUID=9ffcda27-0104-4d9f-ad29-5d6501b164ff, command=[]} | ret=SUCCESS |  
2019-08-27 19:09:23,595 | INFO  | SCMAudit | user=jenkins1000 | ip=192.168.34.52 | op=SEND_HEARTBEAT {datanodeUUID=b9013286-53b5-41d8-8a21-1ab40203d76e, command=[]} | ret=SUCCESS |  
2019-08-27 19:09:24,129 | INFO  | SCMAudit | user=jenkins1000 | ip=192.168.34.52 | op=SEND_HEARTBEAT {datanodeUUID=cd393f82-50d2-4f3f-a7d0-1a4d5e03aa9d, command=[]} | ret=SUCCESS |  
2019-08-27 19:09:24,130 | INFO  | SCMAudit | user=jenkins1000 | ip=192.168.34.52 | op=SEND_HEARTBEAT {datanodeUUID=d0865055-687d-480b-928d-c7ffb20d2627, command=[]} | ret=SUCCESS |  
2019-08-27 19:09:24,207 [grpc-default-executor-0] INFO  client.GrpcClientProtocolClient (GrpcClientProtocolClient.java:onNext(255)) - client-199C490DCCC3->9ffcda27-0104-4d9f-ad29-5d6501b164ff: receive RaftClientReply:client-199C490DCCC3->9ffcda27-0104-4d9f-ad29-5d6501b164ff@group-1757ACDFB26B, cid=14, FAILED org.apache.ratis.protocol.NotLeaderException: Server 9ffcda27-0104-4d9f-ad29-5d6501b164ff is not the leader (null). Request must be sent to leader., logIndex=0, commits[9ffcda27-0104-4d9f-ad29-5d6501b164ff:c2, b9013286-53b5-41d8-8a21-1ab40203d76e:c2, ba29cdba-9247-4871-9d52-a9c6f2c8acb8:c2]
2019-08-27 19:09:24,246 | INFO  | SCMAudit | user=jenkins1000 | ip=192.168.34.52 | op=SEND_HEARTBEAT {datanodeUUID=4652c2a2-f5fc-4e57-bdef-57b8a38a37ac, command=[]} | ret=SUCCESS |  
2019-08-27 19:09:24,472 | INFO  | SCMAudit | user=jenkins1000 | ip=192.168.34.52 | op=SEND_HEARTBEAT {datanodeUUID=af3e1e92-ae98-49b3-9ee0-671049e9c04d, command=[]} | ret=SUCCESS |  
2019-08-27 19:09:24,595 | INFO  | SCMAudit | user=jenkins1000 | ip=192.168.34.52 | op=SEND_HEARTBEAT {datanodeUUID=9ffcda27-0104-4d9f-ad29-5d6501b164ff, command=[]} | ret=SUCCESS |  
2019-08-27 19:09:24,596 | INFO  | SCMAudit | user=jenkins1000 | ip=192.168.34.52 | op=SEND_HEARTBEAT {datanodeUUID=b9013286-53b5-41d8-8a21-1ab40203d76e, command=[]} | ret=SUCCESS |  
2019-08-27 19:09:25,129 | INFO  | SCMAudit | user=jenkins1000 | ip=192.168.34.52 | op=SEND_HEARTBEAT {datanodeUUID=cd393f82-50d2-4f3f-a7d0-1a4d5e03aa9d, command=[]} | ret=SUCCESS |  
2019-08-27 19:09:25,130 | INFO  | SCMAudit | user=jenkins1000 | ip=192.168.34.52 | op=SEND_HEARTBEAT {datanodeUUID=d0865055-687d-480b-928d-c7ffb20d2627, command=[]} | ret=SUCCESS |  
2019-08-27 19:09:25,228 [grpc-default-executor-0] INFO  client.GrpcClientProtocolClient (GrpcClientProtocolClient.java:onNext(255)) - client-199C490DCCC3->b9013286-53b5-41d8-8a21-1ab40203d76e: receive RaftClientReply:client-199C490DCCC3->b9013286-53b5-41d8-8a21-1ab40203d76e@group-1757ACDFB26B, cid=14, FAILED org.apache.ratis.protocol.NotLeaderException: Server b9013286-53b5-41d8-8a21-1ab40203d76e is not the leader (null). Request must be sent to leader., logIndex=0, commits[b9013286-53b5-41d8-8a21-1ab40203d76e:c2, 9ffcda27-0104-4d9f-ad29-5d6501b164ff:c2, ba29cdba-9247-4871-9d52-a9c6f2c8acb8:c2]
2019-08-27 19:09:25,252 | INFO  | SCMAudit | user=jenkins1000 | ip=192.168.34.52 | op=SEND_HEARTBEAT {datanodeUUID=4652c2a2-f5fc-4e57-bdef-57b8a38a37ac, command=[]} | ret=SUCCESS |  
2019-08-27 19:09:25,473 | INFO  | SCMAudit | user=jenkins1000 | ip=192.168.34.52 | op=SEND_HEARTBEAT {datanodeUUID=af3e1e92-ae98-49b3-9ee0-671049e9c04d, command=[]} | ret=SUCCESS |  
2019-08-27 19:09:25,596 | INFO  | SCMAudit | user=jenkins1000 | ip=192.168.34.52 | op=SEND_HEARTBEAT {datanodeUUID=9ffcda27-0104-4d9f-ad29-5d6501b164ff, command=[]} | ret=SUCCESS |  
2019-08-27 19:09:25,596 | INFO  | SCMAudit | user=jenkins1000 | ip=192.168.34.52 | op=SEND_HEARTBEAT {datanodeUUID=b9013286-53b5-41d8-8a21-1ab40203d76e, command=[]} | ret=SUCCESS |  
2019-08-27 19:09:26,130 | INFO  | SCMAudit | user=jenkins1000 | ip=192.168.34.52 | op=SEND_HEARTBEAT {datanodeUUID=cd393f82-50d2-4f3f-a7d0-1a4d5e03aa9d, command=[]} | ret=SUCCESS |  
2019-08-27 19:09:26,130 | INFO  | SCMAudit | user=jenkins1000 | ip=192.168.34.52 | op=SEND_HEARTBEAT {datanodeUUID=d0865055-687d-480b-928d-c7ffb20d2627, command=[]} | ret=SUCCESS |  
2019-08-27 19:09:26,252 | INFO  | SCMAudit | user=jenkins1000 | ip=192.168.34.52 | op=SEND_HEARTBEAT {datanodeUUID=4652c2a2-f5fc-4e57-bdef-57b8a38a37ac, command=[]} | ret=SUCCESS |  
]]></system-out>
    <system-err><![CDATA[Aug 27, 2019 7:08:55 PM com.sun.jersey.server.impl.application.WebApplicationImpl _initiate
INFO: Initiating Jersey application, version 'Jersey: 1.19 02/11/2015 03:25 AM'
Aug 27, 2019 7:08:56 PM com.sun.jersey.server.impl.application.WebApplicationImpl _initiate
INFO: Initiating Jersey application, version 'Jersey: 1.19 02/11/2015 03:25 AM'
Aug 27, 2019 7:08:56 PM com.sun.jersey.server.impl.application.WebApplicationImpl _initiate
INFO: Initiating Jersey application, version 'Jersey: 1.19 02/11/2015 03:25 AM'
Aug 27, 2019 7:08:56 PM com.sun.jersey.server.impl.application.WebApplicationImpl _initiate
INFO: Initiating Jersey application, version 'Jersey: 1.19 02/11/2015 03:25 AM'
Aug 27, 2019 7:08:57 PM com.sun.jersey.server.impl.application.WebApplicationImpl _initiate
INFO: Initiating Jersey application, version 'Jersey: 1.19 02/11/2015 03:25 AM'
Aug 27, 2019 7:08:57 PM com.sun.jersey.server.impl.application.WebApplicationImpl _initiate
INFO: Initiating Jersey application, version 'Jersey: 1.19 02/11/2015 03:25 AM'
Aug 27, 2019 7:08:57 PM com.sun.jersey.server.impl.application.WebApplicationImpl _initiate
INFO: Initiating Jersey application, version 'Jersey: 1.19 02/11/2015 03:25 AM'
]]></system-err>
  </testcase>
</testsuite>