<?xml version="1.0" encoding="UTF-8"?>
<testsuite xmlns:xsi="http://www.w3.org/2001/XMLSchema-instance" xsi:noNamespaceSchemaLocation="https://maven.apache.org/surefire/maven-surefire-plugin/xsd/surefire-test-report.xsd" name="org.apache.hadoop.ozone.freon.TestFreonWithPipelineDestroy" time="33.141" tests="1" errors="1" skipped="0" failures="0">
  <properties>
    <property name="awt.toolkit" value="sun.awt.X11.XToolkit"/>
    <property name="file.encoding.pkg" value="sun.io"/>
    <property name="java.specification.version" value="1.8"/>
    <property name="sun.cpu.isalist" value=""/>
    <property name="sun.jnu.encoding" value="UTF-8"/>
    <property name="java.class.path" value="/workdir/hadoop-ozone/tools/target/test-classes:/workdir/hadoop-ozone/tools/target/classes:/home/user/.m2/repository/org/apache/hadoop/hadoop-ozone-ozone-manager/0.5.0-SNAPSHOT/hadoop-ozone-ozone-manager-0.5.0-SNAPSHOT.jar:/home/user/.m2/repository/org/apache/hadoop/hadoop-hdds-docs/0.5.0-SNAPSHOT/hadoop-hdds-docs-0.5.0-SNAPSHOT.jar:/home/user/.m2/repository/org/bouncycastle/bcprov-jdk15on/1.60/bcprov-jdk15on-1.60.jar:/home/user/.m2/repository/org/apache/hadoop/hadoop-ozone-common/0.5.0-SNAPSHOT/hadoop-ozone-common-0.5.0-SNAPSHOT.jar:/home/user/.m2/repository/org/apache/commons/commons-compress/1.4.1/commons-compress-1.4.1.jar:/home/user/.m2/repository/org/tukaani/xz/1.0/xz-1.0.jar:/home/user/.m2/repository/org/apache/hadoop/hadoop-hdfs-client/3.2.0/hadoop-hdfs-client-3.2.0.jar:/home/user/.m2/repository/com/fasterxml/jackson/core/jackson-annotations/2.9.5/jackson-annotations-2.9.5.jar:/home/user/.m2/repository/org/apache/hadoop/hadoop-hdds-common/0.5.0-SNAPSHOT/hadoop-hdds-common-0.5.0-SNAPSHOT.jar:/home/user/.m2/repository/org/apache/hadoop/hadoop-hdds-config/0.5.0-SNAPSHOT/hadoop-hdds-config-0.5.0-SNAPSHOT.jar:/home/user/.m2/repository/javax/annotation/javax.annotation-api/1.2/javax.annotation-api-1.2.jar:/home/user/.m2/repository/org/apache/ratis/ratis-server/0.4.0-2337318-SNAPSHOT/ratis-server-0.4.0-2337318-SNAPSHOT.jar:/home/user/.m2/repository/org/apache/ratis/ratis-thirdparty-misc/0.2.0/ratis-thirdparty-misc-0.2.0.jar:/home/user/.m2/repository/org/apache/ratis/ratis-proto/0.4.0-2337318-SNAPSHOT/ratis-proto-0.4.0-2337318-SNAPSHOT.jar:/home/user/.m2/repository/org/apache/ratis/ratis-common/0.4.0-2337318-SNAPSHOT/ratis-common-0.4.0-2337318-SNAPSHOT.jar:/home/user/.m2/repository/org/apache/ratis/ratis-client/0.4.0-2337318-SNAPSHOT/ratis-client-0.4.0-2337318-SNAPSHOT.jar:/home/user/.m2/repository/org/apache/ratis/ratis-metrics/0.4.0-2337318-SNAPSHOT/ratis-metrics-0.4.0-2337318-SNAPSHOT.jar:/home/user/.m2/repository/org/apache/ratis/ratis-netty/0.4.0-2337318-SNAPSHOT/ratis-netty-0.4.0-2337318-SNAPSHOT.jar:/home/user/.m2/repository/org/apache/ratis/ratis-grpc/0.4.0-2337318-SNAPSHOT/ratis-grpc-0.4.0-2337318-SNAPSHOT.jar:/home/user/.m2/repository/org/rocksdb/rocksdbjni/6.0.1/rocksdbjni-6.0.1.jar:/home/user/.m2/repository/org/apache/logging/log4j/log4j-api/2.11.0/log4j-api-2.11.0.jar:/home/user/.m2/repository/org/apache/logging/log4j/log4j-core/2.11.0/log4j-core-2.11.0.jar:/home/user/.m2/repository/com/lmax/disruptor/3.4.2/disruptor-3.4.2.jar:/home/user/.m2/repository/org/apache/commons/commons-pool2/2.6.0/commons-pool2-2.6.0.jar:/home/user/.m2/repository/org/bouncycastle/bcpkix-jdk15on/1.60/bcpkix-jdk15on-1.60.jar:/home/user/.m2/repository/commons-validator/commons-validator/1.6/commons-validator-1.6.jar:/home/user/.m2/repository/commons-digester/commons-digester/1.8.1/commons-digester-1.8.1.jar:/home/user/.m2/repository/io/jaegertracing/jaeger-client/0.33.1/jaeger-client-0.33.1.jar:/home/user/.m2/repository/io/jaegertracing/jaeger-thrift/0.33.1/jaeger-thrift-0.33.1.jar:/home/user/.m2/repository/org/apache/thrift/libthrift/0.11.0/libthrift-0.11.0.jar:/home/user/.m2/repository/com/squareup/okhttp3/okhttp/3.9.0/okhttp-3.9.0.jar:/home/user/.m2/repository/com/squareup/okio/okio/1.13.0/okio-1.13.0.jar:/home/user/.m2/repository/io/jaegertracing/jaeger-core/0.33.1/jaeger-core-0.33.1.jar:/home/user/.m2/repository/io/jaegertracing/jaeger-tracerresolver/0.33.1/jaeger-tracerresolver-0.33.1.jar:/home/user/.m2/repository/io/opentracing/contrib/opentracing-tracerresolver/0.1.5/opentracing-tracerresolver-0.1.5.jar:/home/user/.m2/repository/io/opentracing/opentracing-util/0.31.0/opentracing-util-0.31.0.jar:/home/user/.m2/repository/io/opentracing/opentracing-api/0.31.0/opentracing-api-0.31.0.jar:/home/user/.m2/repository/io/opentracing/opentracing-noop/0.31.0/opentracing-noop-0.31.0.jar:/home/user/.m2/repository/org/yaml/snakeyaml/1.16/snakeyaml-1.16.jar:/home/user/.m2/repository/org/apache/hadoop/hadoop-hdds-container-service/0.5.0-SNAPSHOT/hadoop-hdds-container-service-0.5.0-SNAPSHOT.jar:/home/user/.m2/repository/org/apache/hadoop/hadoop-hdds-client/0.5.0-SNAPSHOT/hadoop-hdds-client-0.5.0-SNAPSHOT.jar:/home/user/.m2/repository/org/apache/hadoop/hadoop-hdds-tools/0.5.0-SNAPSHOT/hadoop-hdds-tools-0.5.0-SNAPSHOT.jar:/home/user/.m2/repository/org/xerial/sqlite-jdbc/3.25.2/sqlite-jdbc-3.25.2.jar:/home/user/.m2/repository/org/apache/hadoop/hadoop-hdds-server-scm/0.5.0-SNAPSHOT/hadoop-hdds-server-scm-0.5.0-SNAPSHOT.jar:/home/user/.m2/repository/org/hamcrest/hamcrest-all/1.3/hamcrest-all-1.3.jar:/home/user/.m2/repository/info/picocli/picocli/3.9.6/picocli-3.9.6.jar:/home/user/.m2/repository/com/google/protobuf/protobuf-java/2.5.0/protobuf-java-2.5.0.jar:/home/user/.m2/repository/com/google/guava/guava/11.0.2/guava-11.0.2.jar:/home/user/.m2/repository/org/apache/hadoop/hadoop-ozone-client/0.5.0-SNAPSHOT/hadoop-ozone-client-0.5.0-SNAPSHOT.jar:/workdir/hadoop-ozone/ozonefs/target/classes:/home/user/.m2/repository/org/apache/hadoop/hadoop-hdds-server-framework/0.5.0-SNAPSHOT/hadoop-hdds-server-framework-0.5.0-SNAPSHOT.jar:/home/user/.m2/repository/org/apache/hadoop/hadoop-common/3.2.0/hadoop-common-3.2.0.jar:/home/user/.m2/repository/org/apache/hadoop/hadoop-annotations/3.2.0/hadoop-annotations-3.2.0.jar:/usr/lib/jvm/java-1.8-openjdk/jre/../lib/tools.jar:/home/user/.m2/repository/commons-cli/commons-cli/1.2/commons-cli-1.2.jar:/home/user/.m2/repository/org/apache/commons/commons-math3/3.1.1/commons-math3-3.1.1.jar:/home/user/.m2/repository/org/apache/httpcomponents/httpclient/4.5.2/httpclient-4.5.2.jar:/home/user/.m2/repository/org/apache/httpcomponents/httpcore/4.4.4/httpcore-4.4.4.jar:/home/user/.m2/repository/commons-codec/commons-codec/1.11/commons-codec-1.11.jar:/home/user/.m2/repository/commons-io/commons-io/2.5/commons-io-2.5.jar:/home/user/.m2/repository/commons-net/commons-net/3.6/commons-net-3.6.jar:/home/user/.m2/repository/commons-collections/commons-collections/3.2.2/commons-collections-3.2.2.jar:/home/user/.m2/repository/javax/servlet/javax.servlet-api/3.1.0/javax.servlet-api-3.1.0.jar:/home/user/.m2/repository/org/eclipse/jetty/jetty-server/9.3.24.v20180605/jetty-server-9.3.24.v20180605.jar:/home/user/.m2/repository/org/eclipse/jetty/jetty-http/9.3.24.v20180605/jetty-http-9.3.24.v20180605.jar:/home/user/.m2/repository/org/eclipse/jetty/jetty-io/9.3.24.v20180605/jetty-io-9.3.24.v20180605.jar:/home/user/.m2/repository/org/eclipse/jetty/jetty-util/9.3.24.v20180605/jetty-util-9.3.24.v20180605.jar:/home/user/.m2/repository/org/eclipse/jetty/jetty-servlet/9.3.24.v20180605/jetty-servlet-9.3.24.v20180605.jar:/home/user/.m2/repository/org/eclipse/jetty/jetty-security/9.3.24.v20180605/jetty-security-9.3.24.v20180605.jar:/home/user/.m2/repository/org/eclipse/jetty/jetty-webapp/9.3.24.v20180605/jetty-webapp-9.3.24.v20180605.jar:/home/user/.m2/repository/org/eclipse/jetty/jetty-xml/9.3.24.v20180605/jetty-xml-9.3.24.v20180605.jar:/home/user/.m2/repository/javax/servlet/jsp/jsp-api/2.1/jsp-api-2.1.jar:/home/user/.m2/repository/com/sun/jersey/jersey-core/1.19/jersey-core-1.19.jar:/home/user/.m2/repository/javax/ws/rs/jsr311-api/1.1.1/jsr311-api-1.1.1.jar:/home/user/.m2/repository/com/sun/jersey/jersey-servlet/1.19/jersey-servlet-1.19.jar:/home/user/.m2/repository/com/sun/jersey/jersey-json/1.19/jersey-json-1.19.jar:/home/user/.m2/repository/org/codehaus/jettison/jettison/1.1/jettison-1.1.jar:/home/user/.m2/repository/com/sun/xml/bind/jaxb-impl/2.3.0.1/jaxb-impl-2.3.0.1.jar:/home/user/.m2/repository/org/codehaus/jackson/jackson-core-asl/1.9.13/jackson-core-asl-1.9.13.jar:/home/user/.m2/repository/org/codehaus/jackson/jackson-mapper-asl/1.9.13/jackson-mapper-asl-1.9.13.jar:/home/user/.m2/repository/org/codehaus/jackson/jackson-jaxrs/1.9.13/jackson-jaxrs-1.9.13.jar:/home/user/.m2/repository/org/codehaus/jackson/jackson-xc/1.9.13/jackson-xc-1.9.13.jar:/home/user/.m2/repository/com/sun/jersey/jersey-server/1.19/jersey-server-1.19.jar:/home/user/.m2/repository/commons-logging/commons-logging/1.1.3/commons-logging-1.1.3.jar:/home/user/.m2/repository/log4j/log4j/1.2.17/log4j-1.2.17.jar:/home/user/.m2/repository/commons-beanutils/commons-beanutils/1.9.3/commons-beanutils-1.9.3.jar:/home/user/.m2/repository/org/apache/commons/commons-configuration2/2.1.1/commons-configuration2-2.1.1.jar:/home/user/.m2/repository/org/apache/commons/commons-lang3/3.7/commons-lang3-3.7.jar:/home/user/.m2/repository/org/apache/commons/commons-text/1.4/commons-text-1.4.jar:/home/user/.m2/repository/org/slf4j/slf4j-api/1.7.25/slf4j-api-1.7.25.jar:/home/user/.m2/repository/org/slf4j/slf4j-log4j12/1.7.25/slf4j-log4j12-1.7.25.jar:/home/user/.m2/repository/org/apache/avro/avro/1.7.7/avro-1.7.7.jar:/home/user/.m2/repository/com/thoughtworks/paranamer/paranamer/2.3/paranamer-2.3.jar:/home/user/.m2/repository/org/xerial/snappy/snappy-java/1.0.5/snappy-java-1.0.5.jar:/home/user/.m2/repository/com/google/re2j/re2j/1.1/re2j-1.1.jar:/home/user/.m2/repository/com/google/code/gson/gson/2.2.4/gson-2.2.4.jar:/home/user/.m2/repository/org/apache/hadoop/hadoop-auth/3.2.0/hadoop-auth-3.2.0.jar:/home/user/.m2/repository/com/nimbusds/nimbus-jose-jwt/4.41.1/nimbus-jose-jwt-4.41.1.jar:/home/user/.m2/repository/com/github/stephenc/jcip/jcip-annotations/1.0-1/jcip-annotations-1.0-1.jar:/home/user/.m2/repository/net/minidev/json-smart/2.3/json-smart-2.3.jar:/home/user/.m2/repository/net/minidev/accessors-smart/1.2/accessors-smart-1.2.jar:/home/user/.m2/repository/org/apache/curator/curator-framework/2.12.0/curator-framework-2.12.0.jar:/home/user/.m2/repository/com/jcraft/jsch/0.1.54/jsch-0.1.54.jar:/home/user/.m2/repository/org/apache/curator/curator-client/2.12.0/curator-client-2.12.0.jar:/home/user/.m2/repository/org/apache/curator/curator-recipes/2.12.0/curator-recipes-2.12.0.jar:/home/user/.m2/repository/com/google/code/findbugs/jsr305/3.0.0/jsr305-3.0.0.jar:/home/user/.m2/repository/org/apache/htrace/htrace-core4/4.1.0-incubating/htrace-core4-4.1.0-incubating.jar:/home/user/.m2/repository/org/apache/zookeeper/zookeeper/3.4.13/zookeeper-3.4.13.jar:/home/user/.m2/repository/org/apache/yetus/audience-annotations/0.5.0/audience-annotations-0.5.0.jar:/home/user/.m2/repository/org/apache/kerby/kerb-simplekdc/1.0.1/kerb-simplekdc-1.0.1.jar:/home/user/.m2/repository/org/apache/kerby/kerb-client/1.0.1/kerb-client-1.0.1.jar:/home/user/.m2/repository/org/apache/kerby/kerby-config/1.0.1/kerby-config-1.0.1.jar:/home/user/.m2/repository/org/apache/kerby/kerb-core/1.0.1/kerb-core-1.0.1.jar:/home/user/.m2/repository/org/apache/kerby/kerby-pkix/1.0.1/kerby-pkix-1.0.1.jar:/home/user/.m2/repository/org/apache/kerby/kerby-asn1/1.0.1/kerby-asn1-1.0.1.jar:/home/user/.m2/repository/org/apache/kerby/kerby-util/1.0.1/kerby-util-1.0.1.jar:/home/user/.m2/repository/org/apache/kerby/kerb-common/1.0.1/kerb-common-1.0.1.jar:/home/user/.m2/repository/org/apache/kerby/kerb-crypto/1.0.1/kerb-crypto-1.0.1.jar:/home/user/.m2/repository/org/apache/kerby/kerb-util/1.0.1/kerb-util-1.0.1.jar:/home/user/.m2/repository/org/apache/kerby/token-provider/1.0.1/token-provider-1.0.1.jar:/home/user/.m2/repository/org/apache/kerby/kerb-admin/1.0.1/kerb-admin-1.0.1.jar:/home/user/.m2/repository/org/apache/kerby/kerb-server/1.0.1/kerb-server-1.0.1.jar:/home/user/.m2/repository/org/apache/kerby/kerb-identity/1.0.1/kerb-identity-1.0.1.jar:/home/user/.m2/repository/org/apache/kerby/kerby-xdr/1.0.1/kerby-xdr-1.0.1.jar:/home/user/.m2/repository/com/fasterxml/jackson/core/jackson-databind/2.9.5/jackson-databind-2.9.5.jar:/home/user/.m2/repository/com/fasterxml/jackson/core/jackson-core/2.9.5/jackson-core-2.9.5.jar:/home/user/.m2/repository/org/codehaus/woodstox/stax2-api/3.1.4/stax2-api-3.1.4.jar:/home/user/.m2/repository/com/fasterxml/woodstox/woodstox-core/5.0.3/woodstox-core-5.0.3.jar:/home/user/.m2/repository/dnsjava/dnsjava/2.1.7/dnsjava-2.1.7.jar:/home/user/.m2/repository/org/apache/hadoop/hadoop-hdfs/3.2.0/hadoop-hdfs-3.2.0.jar:/home/user/.m2/repository/org/eclipse/jetty/jetty-util-ajax/9.3.24.v20180605/jetty-util-ajax-9.3.24.v20180605.jar:/home/user/.m2/repository/commons-daemon/commons-daemon/1.0.13/commons-daemon-1.0.13.jar:/home/user/.m2/repository/io/netty/netty/3.10.5.Final/netty-3.10.5.Final.jar:/home/user/.m2/repository/io/netty/netty-all/4.0.52.Final/netty-all-4.0.52.Final.jar:/home/user/.m2/repository/org/fusesource/leveldbjni/leveldbjni-all/1.8/leveldbjni-all-1.8.jar:/home/user/.m2/repository/com/sun/xml/bind/jaxb-core/2.3.0.1/jaxb-core-2.3.0.1.jar:/home/user/.m2/repository/javax/xml/bind/jaxb-api/2.3.0/jaxb-api-2.3.0.jar:/home/user/.m2/repository/javax/activation/activation/1.1.1/activation-1.1.1.jar:/home/user/.m2/repository/io/dropwizard/metrics/metrics-core/3.2.4/metrics-core-3.2.4.jar:/home/user/.m2/repository/org/openjdk/jmh/jmh-core/1.19/jmh-core-1.19.jar:/home/user/.m2/repository/net/sf/jopt-simple/jopt-simple/4.6/jopt-simple-4.6.jar:/home/user/.m2/repository/org/openjdk/jmh/jmh-generator-annprocess/1.19/jmh-generator-annprocess-1.19.jar:/home/user/.m2/repository/com/google/code/findbugs/findbugs/3.0.1/findbugs-3.0.1.jar:/home/user/.m2/repository/net/jcip/jcip-annotations/1.0/jcip-annotations-1.0.jar:/home/user/.m2/repository/com/google/code/findbugs/bcel-findbugs/6.0/bcel-findbugs-6.0.jar:/home/user/.m2/repository/com/google/code/findbugs/jFormatString/2.0.1/jFormatString-2.0.1.jar:/home/user/.m2/repository/dom4j/dom4j/1.6.1/dom4j-1.6.1.jar:/home/user/.m2/repository/xml-apis/xml-apis/1.0.b2/xml-apis-1.0.b2.jar:/home/user/.m2/repository/org/ow2/asm/asm-debug-all/5.0.2/asm-debug-all-5.0.2.jar:/home/user/.m2/repository/org/ow2/asm/asm-commons/5.0.2/asm-commons-5.0.2.jar:/home/user/.m2/repository/org/ow2/asm/asm-tree/5.0.2/asm-tree-5.0.2.jar:/home/user/.m2/repository/org/ow2/asm/asm/5.0.4/asm-5.0.4.jar:/home/user/.m2/repository/commons-lang/commons-lang/2.6/commons-lang-2.6.jar:/home/user/.m2/repository/com/apple/AppleJavaExtensions/1.4/AppleJavaExtensions-1.4.jar:/home/user/.m2/repository/jaxen/jaxen/1.1.6/jaxen-1.1.6.jar:/home/user/.m2/repository/junit/junit/4.11/junit-4.11.jar:/home/user/.m2/repository/org/hamcrest/hamcrest-core/1.3/hamcrest-core-1.3.jar:/home/user/.m2/repository/org/apache/hadoop/hadoop-common/3.2.0/hadoop-common-3.2.0-tests.jar:/workdir/hadoop-ozone/integration-test/target/test-classes:/home/user/.m2/repository/org/apache/hadoop/hadoop-ozone-objectstore-service/0.5.0-SNAPSHOT/hadoop-ozone-objectstore-service-0.5.0-SNAPSHOT.jar:/home/user/.m2/repository/org/apache/hadoop/hadoop-ozone-s3gateway/0.5.0-SNAPSHOT/hadoop-ozone-s3gateway-0.5.0-SNAPSHOT.jar:/home/user/.m2/repository/org/jboss/weld/servlet/weld-servlet/2.4.7.Final/weld-servlet-2.4.7.Final.jar:/home/user/.m2/repository/org/glassfish/jersey/containers/jersey-container-servlet-core/2.27/jersey-container-servlet-core-2.27.jar:/home/user/.m2/repository/org/glassfish/hk2/external/javax.inject/2.5.0-b42/javax.inject-2.5.0-b42.jar:/home/user/.m2/repository/org/glassfish/jersey/core/jersey-common/2.27/jersey-common-2.27.jar:/home/user/.m2/repository/org/glassfish/hk2/osgi-resource-locator/1.0.1/osgi-resource-locator-1.0.1.jar:/home/user/.m2/repository/javax/ws/rs/javax.ws.rs-api/2.1/javax.ws.rs-api-2.1.jar:/home/user/.m2/repository/org/glassfish/jersey/ext/cdi/jersey-cdi1x/2.27/jersey-cdi1x-2.27.jar:/home/user/.m2/repository/org/glassfish/jersey/inject/jersey-hk2/2.27/jersey-hk2-2.27.jar:/home/user/.m2/repository/org/glassfish/hk2/hk2-locator/2.5.0-b42/hk2-locator-2.5.0-b42.jar:/home/user/.m2/repository/org/javassist/javassist/3.22.0-CR2/javassist-3.22.0-CR2.jar:/home/user/.m2/repository/org/glassfish/hk2/hk2-api/2.5.0/hk2-api-2.5.0.jar:/home/user/.m2/repository/org/glassfish/hk2/external/jakarta.inject/2.5.0/jakarta.inject-2.5.0.jar:/home/user/.m2/repository/org/glassfish/hk2/hk2-utils/2.5.0/hk2-utils-2.5.0.jar:/home/user/.m2/repository/jakarta/annotation/jakarta.annotation-api/1.3.4/jakarta.annotation-api-1.3.4.jar:/home/user/.m2/repository/org/glassfish/hk2/external/aopalliance-repackaged/2.5.0/aopalliance-repackaged-2.5.0.jar:/home/user/.m2/repository/com/fasterxml/jackson/dataformat/jackson-dataformat-xml/2.9.0/jackson-dataformat-xml-2.9.0.jar:/home/user/.m2/repository/com/fasterxml/jackson/module/jackson-module-jaxb-annotations/2.9.5/jackson-module-jaxb-annotations-2.9.5.jar:/home/user/.m2/repository/javax/enterprise/cdi-api/1.2/cdi-api-1.2.jar:/home/user/.m2/repository/javax/el/javax.el-api/3.0.0/javax.el-api-3.0.0.jar:/home/user/.m2/repository/javax/interceptor/javax.interceptor-api/1.2/javax.interceptor-api-1.2.jar:/home/user/.m2/repository/javax/inject/javax.inject/1/javax.inject-1.jar:/home/user/.m2/repository/org/apache/hadoop/hadoop-ozone-csi/0.5.0-SNAPSHOT/hadoop-ozone-csi-0.5.0-SNAPSHOT.jar:/home/user/.m2/repository/com/google/protobuf/protobuf-java-util/3.5.1/protobuf-java-util-3.5.1.jar:/home/user/.m2/repository/io/grpc/grpc-netty/1.17.1/grpc-netty-1.17.1.jar:/home/user/.m2/repository/io/grpc/grpc-core/1.17.1/grpc-core-1.17.1.jar:/home/user/.m2/repository/io/grpc/grpc-context/1.17.1/grpc-context-1.17.1.jar:/home/user/.m2/repository/com/google/errorprone/error_prone_annotations/2.2.0/error_prone_annotations-2.2.0.jar:/home/user/.m2/repository/org/codehaus/mojo/animal-sniffer-annotations/1.17/animal-sniffer-annotations-1.17.jar:/home/user/.m2/repository/io/opencensus/opencensus-api/0.17.0/opencensus-api-0.17.0.jar:/home/user/.m2/repository/io/opencensus/opencensus-contrib-grpc-metrics/0.17.0/opencensus-contrib-grpc-metrics-0.17.0.jar:/home/user/.m2/repository/io/netty/netty-codec-http2/4.1.30.Final/netty-codec-http2-4.1.30.Final.jar:/home/user/.m2/repository/io/netty/netty-codec-http/4.1.30.Final/netty-codec-http-4.1.30.Final.jar:/home/user/.m2/repository/io/netty/netty-codec/4.1.30.Final/netty-codec-4.1.30.Final.jar:/home/user/.m2/repository/io/netty/netty-handler/4.1.30.Final/netty-handler-4.1.30.Final.jar:/home/user/.m2/repository/io/netty/netty-handler-proxy/4.1.30.Final/netty-handler-proxy-4.1.30.Final.jar:/home/user/.m2/repository/io/netty/netty-codec-socks/4.1.30.Final/netty-codec-socks-4.1.30.Final.jar:/home/user/.m2/repository/io/netty/netty-transport-native-epoll/4.1.30.Final/netty-transport-native-epoll-4.1.30.Final.jar:/home/user/.m2/repository/io/netty/netty-common/4.1.30.Final/netty-common-4.1.30.Final.jar:/home/user/.m2/repository/io/netty/netty-buffer/4.1.30.Final/netty-buffer-4.1.30.Final.jar:/home/user/.m2/repository/io/netty/netty-transport/4.1.30.Final/netty-transport-4.1.30.Final.jar:/home/user/.m2/repository/io/netty/netty-resolver/4.1.30.Final/netty-resolver-4.1.30.Final.jar:/home/user/.m2/repository/io/netty/netty-transport-native-unix-common/4.1.30.Final/netty-transport-native-unix-common-4.1.30.Final.jar:/home/user/.m2/repository/io/grpc/grpc-protobuf/1.17.1/grpc-protobuf-1.17.1.jar:/home/user/.m2/repository/com/google/api/grpc/proto-google-common-protos/1.0.0/proto-google-common-protos-1.0.0.jar:/home/user/.m2/repository/io/grpc/grpc-protobuf-lite/1.17.1/grpc-protobuf-lite-1.17.1.jar:/home/user/.m2/repository/io/grpc/grpc-stub/1.17.1/grpc-stub-1.17.1.jar:/home/user/.m2/repository/org/apache/hadoop/hadoop-ozone-recon/0.5.0-SNAPSHOT/hadoop-ozone-recon-0.5.0-SNAPSHOT.jar:/home/user/.m2/repository/org/apache/hadoop/hadoop-ozone-reconcodegen/0.5.0-SNAPSHOT/hadoop-ozone-reconcodegen-0.5.0-SNAPSHOT.jar:/home/user/.m2/repository/com/google/inject/extensions/guice-multibindings/4.0/guice-multibindings-4.0.jar:/home/user/.m2/repository/com/google/inject/guice/4.0/guice-4.0.jar:/home/user/.m2/repository/aopalliance/aopalliance/1.0/aopalliance-1.0.jar:/home/user/.m2/repository/com/google/inject/extensions/guice-servlet/4.0/guice-servlet-4.0.jar:/home/user/.m2/repository/org/glassfish/jersey/containers/jersey-container-servlet/2.27/jersey-container-servlet-2.27.jar:/home/user/.m2/repository/org/glassfish/hk2/guice-bridge/2.5.0/guice-bridge-2.5.0.jar:/home/user/.m2/repository/org/glassfish/jersey/core/jersey-server/2.27/jersey-server-2.27.jar:/home/user/.m2/repository/org/glassfish/jersey/core/jersey-client/2.27/jersey-client-2.27.jar:/home/user/.m2/repository/org/glassfish/jersey/media/jersey-media-jaxb/2.27/jersey-media-jaxb-2.27.jar:/home/user/.m2/repository/javax/validation/validation-api/1.1.0.Final/validation-api-1.1.0.Final.jar:/home/user/.m2/repository/org/glassfish/jersey/media/jersey-media-json-jackson/2.27/jersey-media-json-jackson-2.27.jar:/home/user/.m2/repository/org/glassfish/jersey/ext/jersey-entity-filtering/2.27/jersey-entity-filtering-2.27.jar:/home/user/.m2/repository/com/google/inject/extensions/guice-assistedinject/4.0/guice-assistedinject-4.0.jar:/home/user/.m2/repository/org/jooq/jooq/3.11.10/jooq-3.11.10.jar:/home/user/.m2/repository/org/jooq/jooq-meta/3.11.10/jooq-meta-3.11.10.jar:/home/user/.m2/repository/org/jooq/jooq-codegen/3.11.10/jooq-codegen-3.11.10.jar:/home/user/.m2/repository/com/jolbox/bonecp/0.8.0.RELEASE/bonecp-0.8.0.RELEASE.jar:/home/user/.m2/repository/org/springframework/spring-jdbc/5.1.3.RELEASE/spring-jdbc-5.1.3.RELEASE.jar:/home/user/.m2/repository/org/springframework/spring-beans/5.1.3.RELEASE/spring-beans-5.1.3.RELEASE.jar:/home/user/.m2/repository/org/springframework/spring-core/5.1.3.RELEASE/spring-core-5.1.3.RELEASE.jar:/home/user/.m2/repository/org/springframework/spring-jcl/5.1.3.RELEASE/spring-jcl-5.1.3.RELEASE.jar:/home/user/.m2/repository/org/springframework/spring-tx/5.1.3.RELEASE/spring-tx-5.1.3.RELEASE.jar:/home/user/.m2/repository/org/mockito/mockito-core/2.15.0/mockito-core-2.15.0.jar:/home/user/.m2/repository/net/bytebuddy/byte-buddy/1.7.9/byte-buddy-1.7.9.jar:/home/user/.m2/repository/net/bytebuddy/byte-buddy-agent/1.7.9/byte-buddy-agent-1.7.9.jar:/home/user/.m2/repository/org/objenesis/objenesis/1.0/objenesis-1.0.jar:"/>
    <property name="java.vm.vendor" value="IcedTea"/>
    <property name="sun.arch.data.model" value="64"/>
    <property name="test.build.dir" value="/workdir/hadoop-ozone/tools/target/test-dir"/>
    <property name="test.cache.data" value=""/>
    <property name="java.vendor.url" value="https://icedtea.classpath.org"/>
    <property name="user.timezone" value=""/>
    <property name="java.vm.specification.version" value="1.8"/>
    <property name="os.name" value="Linux"/>
    <property name="test.build.data" value="/workdir/hadoop-ozone/tools/target/test-dir"/>
    <property name="user.country" value="US"/>
    <property name="sun.java.launcher" value="SUN_STANDARD"/>
    <property name="sun.boot.library.path" value="/usr/lib/jvm/java-1.8-openjdk/jre/lib/amd64"/>
    <property name="sun.java.command" value="/workdir/hadoop-ozone/tools/target/surefire/surefirebooter2568997520349415160.jar /workdir/hadoop-ozone/tools/target/surefire 2019-09-19T07-57-21_967-jvmRun1 surefire143839681839341360tmp surefire_1177595746506497595927tmp"/>
    <property name="test" value="!TestMiniChaosOzoneCluster"/>
    <property name="surefire.test.class.path" value="/workdir/hadoop-ozone/tools/target/test-classes:/workdir/hadoop-ozone/tools/target/classes:/home/user/.m2/repository/org/apache/hadoop/hadoop-ozone-ozone-manager/0.5.0-SNAPSHOT/hadoop-ozone-ozone-manager-0.5.0-SNAPSHOT.jar:/home/user/.m2/repository/org/apache/hadoop/hadoop-hdds-docs/0.5.0-SNAPSHOT/hadoop-hdds-docs-0.5.0-SNAPSHOT.jar:/home/user/.m2/repository/org/bouncycastle/bcprov-jdk15on/1.60/bcprov-jdk15on-1.60.jar:/home/user/.m2/repository/org/apache/hadoop/hadoop-ozone-common/0.5.0-SNAPSHOT/hadoop-ozone-common-0.5.0-SNAPSHOT.jar:/home/user/.m2/repository/org/apache/commons/commons-compress/1.4.1/commons-compress-1.4.1.jar:/home/user/.m2/repository/org/tukaani/xz/1.0/xz-1.0.jar:/home/user/.m2/repository/org/apache/hadoop/hadoop-hdfs-client/3.2.0/hadoop-hdfs-client-3.2.0.jar:/home/user/.m2/repository/com/fasterxml/jackson/core/jackson-annotations/2.9.5/jackson-annotations-2.9.5.jar:/home/user/.m2/repository/org/apache/hadoop/hadoop-hdds-common/0.5.0-SNAPSHOT/hadoop-hdds-common-0.5.0-SNAPSHOT.jar:/home/user/.m2/repository/org/apache/hadoop/hadoop-hdds-config/0.5.0-SNAPSHOT/hadoop-hdds-config-0.5.0-SNAPSHOT.jar:/home/user/.m2/repository/javax/annotation/javax.annotation-api/1.2/javax.annotation-api-1.2.jar:/home/user/.m2/repository/org/apache/ratis/ratis-server/0.4.0-2337318-SNAPSHOT/ratis-server-0.4.0-2337318-SNAPSHOT.jar:/home/user/.m2/repository/org/apache/ratis/ratis-thirdparty-misc/0.2.0/ratis-thirdparty-misc-0.2.0.jar:/home/user/.m2/repository/org/apache/ratis/ratis-proto/0.4.0-2337318-SNAPSHOT/ratis-proto-0.4.0-2337318-SNAPSHOT.jar:/home/user/.m2/repository/org/apache/ratis/ratis-common/0.4.0-2337318-SNAPSHOT/ratis-common-0.4.0-2337318-SNAPSHOT.jar:/home/user/.m2/repository/org/apache/ratis/ratis-client/0.4.0-2337318-SNAPSHOT/ratis-client-0.4.0-2337318-SNAPSHOT.jar:/home/user/.m2/repository/org/apache/ratis/ratis-metrics/0.4.0-2337318-SNAPSHOT/ratis-metrics-0.4.0-2337318-SNAPSHOT.jar:/home/user/.m2/repository/org/apache/ratis/ratis-netty/0.4.0-2337318-SNAPSHOT/ratis-netty-0.4.0-2337318-SNAPSHOT.jar:/home/user/.m2/repository/org/apache/ratis/ratis-grpc/0.4.0-2337318-SNAPSHOT/ratis-grpc-0.4.0-2337318-SNAPSHOT.jar:/home/user/.m2/repository/org/rocksdb/rocksdbjni/6.0.1/rocksdbjni-6.0.1.jar:/home/user/.m2/repository/org/apache/logging/log4j/log4j-api/2.11.0/log4j-api-2.11.0.jar:/home/user/.m2/repository/org/apache/logging/log4j/log4j-core/2.11.0/log4j-core-2.11.0.jar:/home/user/.m2/repository/com/lmax/disruptor/3.4.2/disruptor-3.4.2.jar:/home/user/.m2/repository/org/apache/commons/commons-pool2/2.6.0/commons-pool2-2.6.0.jar:/home/user/.m2/repository/org/bouncycastle/bcpkix-jdk15on/1.60/bcpkix-jdk15on-1.60.jar:/home/user/.m2/repository/commons-validator/commons-validator/1.6/commons-validator-1.6.jar:/home/user/.m2/repository/commons-digester/commons-digester/1.8.1/commons-digester-1.8.1.jar:/home/user/.m2/repository/io/jaegertracing/jaeger-client/0.33.1/jaeger-client-0.33.1.jar:/home/user/.m2/repository/io/jaegertracing/jaeger-thrift/0.33.1/jaeger-thrift-0.33.1.jar:/home/user/.m2/repository/org/apache/thrift/libthrift/0.11.0/libthrift-0.11.0.jar:/home/user/.m2/repository/com/squareup/okhttp3/okhttp/3.9.0/okhttp-3.9.0.jar:/home/user/.m2/repository/com/squareup/okio/okio/1.13.0/okio-1.13.0.jar:/home/user/.m2/repository/io/jaegertracing/jaeger-core/0.33.1/jaeger-core-0.33.1.jar:/home/user/.m2/repository/io/jaegertracing/jaeger-tracerresolver/0.33.1/jaeger-tracerresolver-0.33.1.jar:/home/user/.m2/repository/io/opentracing/contrib/opentracing-tracerresolver/0.1.5/opentracing-tracerresolver-0.1.5.jar:/home/user/.m2/repository/io/opentracing/opentracing-util/0.31.0/opentracing-util-0.31.0.jar:/home/user/.m2/repository/io/opentracing/opentracing-api/0.31.0/opentracing-api-0.31.0.jar:/home/user/.m2/repository/io/opentracing/opentracing-noop/0.31.0/opentracing-noop-0.31.0.jar:/home/user/.m2/repository/org/yaml/snakeyaml/1.16/snakeyaml-1.16.jar:/home/user/.m2/repository/org/apache/hadoop/hadoop-hdds-container-service/0.5.0-SNAPSHOT/hadoop-hdds-container-service-0.5.0-SNAPSHOT.jar:/home/user/.m2/repository/org/apache/hadoop/hadoop-hdds-client/0.5.0-SNAPSHOT/hadoop-hdds-client-0.5.0-SNAPSHOT.jar:/home/user/.m2/repository/org/apache/hadoop/hadoop-hdds-tools/0.5.0-SNAPSHOT/hadoop-hdds-tools-0.5.0-SNAPSHOT.jar:/home/user/.m2/repository/org/xerial/sqlite-jdbc/3.25.2/sqlite-jdbc-3.25.2.jar:/home/user/.m2/repository/org/apache/hadoop/hadoop-hdds-server-scm/0.5.0-SNAPSHOT/hadoop-hdds-server-scm-0.5.0-SNAPSHOT.jar:/home/user/.m2/repository/org/hamcrest/hamcrest-all/1.3/hamcrest-all-1.3.jar:/home/user/.m2/repository/info/picocli/picocli/3.9.6/picocli-3.9.6.jar:/home/user/.m2/repository/com/google/protobuf/protobuf-java/2.5.0/protobuf-java-2.5.0.jar:/home/user/.m2/repository/com/google/guava/guava/11.0.2/guava-11.0.2.jar:/home/user/.m2/repository/org/apache/hadoop/hadoop-ozone-client/0.5.0-SNAPSHOT/hadoop-ozone-client-0.5.0-SNAPSHOT.jar:/workdir/hadoop-ozone/ozonefs/target/classes:/home/user/.m2/repository/org/apache/hadoop/hadoop-hdds-server-framework/0.5.0-SNAPSHOT/hadoop-hdds-server-framework-0.5.0-SNAPSHOT.jar:/home/user/.m2/repository/org/apache/hadoop/hadoop-common/3.2.0/hadoop-common-3.2.0.jar:/home/user/.m2/repository/org/apache/hadoop/hadoop-annotations/3.2.0/hadoop-annotations-3.2.0.jar:/usr/lib/jvm/java-1.8-openjdk/jre/../lib/tools.jar:/home/user/.m2/repository/commons-cli/commons-cli/1.2/commons-cli-1.2.jar:/home/user/.m2/repository/org/apache/commons/commons-math3/3.1.1/commons-math3-3.1.1.jar:/home/user/.m2/repository/org/apache/httpcomponents/httpclient/4.5.2/httpclient-4.5.2.jar:/home/user/.m2/repository/org/apache/httpcomponents/httpcore/4.4.4/httpcore-4.4.4.jar:/home/user/.m2/repository/commons-codec/commons-codec/1.11/commons-codec-1.11.jar:/home/user/.m2/repository/commons-io/commons-io/2.5/commons-io-2.5.jar:/home/user/.m2/repository/commons-net/commons-net/3.6/commons-net-3.6.jar:/home/user/.m2/repository/commons-collections/commons-collections/3.2.2/commons-collections-3.2.2.jar:/home/user/.m2/repository/javax/servlet/javax.servlet-api/3.1.0/javax.servlet-api-3.1.0.jar:/home/user/.m2/repository/org/eclipse/jetty/jetty-server/9.3.24.v20180605/jetty-server-9.3.24.v20180605.jar:/home/user/.m2/repository/org/eclipse/jetty/jetty-http/9.3.24.v20180605/jetty-http-9.3.24.v20180605.jar:/home/user/.m2/repository/org/eclipse/jetty/jetty-io/9.3.24.v20180605/jetty-io-9.3.24.v20180605.jar:/home/user/.m2/repository/org/eclipse/jetty/jetty-util/9.3.24.v20180605/jetty-util-9.3.24.v20180605.jar:/home/user/.m2/repository/org/eclipse/jetty/jetty-servlet/9.3.24.v20180605/jetty-servlet-9.3.24.v20180605.jar:/home/user/.m2/repository/org/eclipse/jetty/jetty-security/9.3.24.v20180605/jetty-security-9.3.24.v20180605.jar:/home/user/.m2/repository/org/eclipse/jetty/jetty-webapp/9.3.24.v20180605/jetty-webapp-9.3.24.v20180605.jar:/home/user/.m2/repository/org/eclipse/jetty/jetty-xml/9.3.24.v20180605/jetty-xml-9.3.24.v20180605.jar:/home/user/.m2/repository/javax/servlet/jsp/jsp-api/2.1/jsp-api-2.1.jar:/home/user/.m2/repository/com/sun/jersey/jersey-core/1.19/jersey-core-1.19.jar:/home/user/.m2/repository/javax/ws/rs/jsr311-api/1.1.1/jsr311-api-1.1.1.jar:/home/user/.m2/repository/com/sun/jersey/jersey-servlet/1.19/jersey-servlet-1.19.jar:/home/user/.m2/repository/com/sun/jersey/jersey-json/1.19/jersey-json-1.19.jar:/home/user/.m2/repository/org/codehaus/jettison/jettison/1.1/jettison-1.1.jar:/home/user/.m2/repository/com/sun/xml/bind/jaxb-impl/2.3.0.1/jaxb-impl-2.3.0.1.jar:/home/user/.m2/repository/org/codehaus/jackson/jackson-core-asl/1.9.13/jackson-core-asl-1.9.13.jar:/home/user/.m2/repository/org/codehaus/jackson/jackson-mapper-asl/1.9.13/jackson-mapper-asl-1.9.13.jar:/home/user/.m2/repository/org/codehaus/jackson/jackson-jaxrs/1.9.13/jackson-jaxrs-1.9.13.jar:/home/user/.m2/repository/org/codehaus/jackson/jackson-xc/1.9.13/jackson-xc-1.9.13.jar:/home/user/.m2/repository/com/sun/jersey/jersey-server/1.19/jersey-server-1.19.jar:/home/user/.m2/repository/commons-logging/commons-logging/1.1.3/commons-logging-1.1.3.jar:/home/user/.m2/repository/log4j/log4j/1.2.17/log4j-1.2.17.jar:/home/user/.m2/repository/commons-beanutils/commons-beanutils/1.9.3/commons-beanutils-1.9.3.jar:/home/user/.m2/repository/org/apache/commons/commons-configuration2/2.1.1/commons-configuration2-2.1.1.jar:/home/user/.m2/repository/org/apache/commons/commons-lang3/3.7/commons-lang3-3.7.jar:/home/user/.m2/repository/org/apache/commons/commons-text/1.4/commons-text-1.4.jar:/home/user/.m2/repository/org/slf4j/slf4j-api/1.7.25/slf4j-api-1.7.25.jar:/home/user/.m2/repository/org/slf4j/slf4j-log4j12/1.7.25/slf4j-log4j12-1.7.25.jar:/home/user/.m2/repository/org/apache/avro/avro/1.7.7/avro-1.7.7.jar:/home/user/.m2/repository/com/thoughtworks/paranamer/paranamer/2.3/paranamer-2.3.jar:/home/user/.m2/repository/org/xerial/snappy/snappy-java/1.0.5/snappy-java-1.0.5.jar:/home/user/.m2/repository/com/google/re2j/re2j/1.1/re2j-1.1.jar:/home/user/.m2/repository/com/google/code/gson/gson/2.2.4/gson-2.2.4.jar:/home/user/.m2/repository/org/apache/hadoop/hadoop-auth/3.2.0/hadoop-auth-3.2.0.jar:/home/user/.m2/repository/com/nimbusds/nimbus-jose-jwt/4.41.1/nimbus-jose-jwt-4.41.1.jar:/home/user/.m2/repository/com/github/stephenc/jcip/jcip-annotations/1.0-1/jcip-annotations-1.0-1.jar:/home/user/.m2/repository/net/minidev/json-smart/2.3/json-smart-2.3.jar:/home/user/.m2/repository/net/minidev/accessors-smart/1.2/accessors-smart-1.2.jar:/home/user/.m2/repository/org/apache/curator/curator-framework/2.12.0/curator-framework-2.12.0.jar:/home/user/.m2/repository/com/jcraft/jsch/0.1.54/jsch-0.1.54.jar:/home/user/.m2/repository/org/apache/curator/curator-client/2.12.0/curator-client-2.12.0.jar:/home/user/.m2/repository/org/apache/curator/curator-recipes/2.12.0/curator-recipes-2.12.0.jar:/home/user/.m2/repository/com/google/code/findbugs/jsr305/3.0.0/jsr305-3.0.0.jar:/home/user/.m2/repository/org/apache/htrace/htrace-core4/4.1.0-incubating/htrace-core4-4.1.0-incubating.jar:/home/user/.m2/repository/org/apache/zookeeper/zookeeper/3.4.13/zookeeper-3.4.13.jar:/home/user/.m2/repository/org/apache/yetus/audience-annotations/0.5.0/audience-annotations-0.5.0.jar:/home/user/.m2/repository/org/apache/kerby/kerb-simplekdc/1.0.1/kerb-simplekdc-1.0.1.jar:/home/user/.m2/repository/org/apache/kerby/kerb-client/1.0.1/kerb-client-1.0.1.jar:/home/user/.m2/repository/org/apache/kerby/kerby-config/1.0.1/kerby-config-1.0.1.jar:/home/user/.m2/repository/org/apache/kerby/kerb-core/1.0.1/kerb-core-1.0.1.jar:/home/user/.m2/repository/org/apache/kerby/kerby-pkix/1.0.1/kerby-pkix-1.0.1.jar:/home/user/.m2/repository/org/apache/kerby/kerby-asn1/1.0.1/kerby-asn1-1.0.1.jar:/home/user/.m2/repository/org/apache/kerby/kerby-util/1.0.1/kerby-util-1.0.1.jar:/home/user/.m2/repository/org/apache/kerby/kerb-common/1.0.1/kerb-common-1.0.1.jar:/home/user/.m2/repository/org/apache/kerby/kerb-crypto/1.0.1/kerb-crypto-1.0.1.jar:/home/user/.m2/repository/org/apache/kerby/kerb-util/1.0.1/kerb-util-1.0.1.jar:/home/user/.m2/repository/org/apache/kerby/token-provider/1.0.1/token-provider-1.0.1.jar:/home/user/.m2/repository/org/apache/kerby/kerb-admin/1.0.1/kerb-admin-1.0.1.jar:/home/user/.m2/repository/org/apache/kerby/kerb-server/1.0.1/kerb-server-1.0.1.jar:/home/user/.m2/repository/org/apache/kerby/kerb-identity/1.0.1/kerb-identity-1.0.1.jar:/home/user/.m2/repository/org/apache/kerby/kerby-xdr/1.0.1/kerby-xdr-1.0.1.jar:/home/user/.m2/repository/com/fasterxml/jackson/core/jackson-databind/2.9.5/jackson-databind-2.9.5.jar:/home/user/.m2/repository/com/fasterxml/jackson/core/jackson-core/2.9.5/jackson-core-2.9.5.jar:/home/user/.m2/repository/org/codehaus/woodstox/stax2-api/3.1.4/stax2-api-3.1.4.jar:/home/user/.m2/repository/com/fasterxml/woodstox/woodstox-core/5.0.3/woodstox-core-5.0.3.jar:/home/user/.m2/repository/dnsjava/dnsjava/2.1.7/dnsjava-2.1.7.jar:/home/user/.m2/repository/org/apache/hadoop/hadoop-hdfs/3.2.0/hadoop-hdfs-3.2.0.jar:/home/user/.m2/repository/org/eclipse/jetty/jetty-util-ajax/9.3.24.v20180605/jetty-util-ajax-9.3.24.v20180605.jar:/home/user/.m2/repository/commons-daemon/commons-daemon/1.0.13/commons-daemon-1.0.13.jar:/home/user/.m2/repository/io/netty/netty/3.10.5.Final/netty-3.10.5.Final.jar:/home/user/.m2/repository/io/netty/netty-all/4.0.52.Final/netty-all-4.0.52.Final.jar:/home/user/.m2/repository/org/fusesource/leveldbjni/leveldbjni-all/1.8/leveldbjni-all-1.8.jar:/home/user/.m2/repository/com/sun/xml/bind/jaxb-core/2.3.0.1/jaxb-core-2.3.0.1.jar:/home/user/.m2/repository/javax/xml/bind/jaxb-api/2.3.0/jaxb-api-2.3.0.jar:/home/user/.m2/repository/javax/activation/activation/1.1.1/activation-1.1.1.jar:/home/user/.m2/repository/io/dropwizard/metrics/metrics-core/3.2.4/metrics-core-3.2.4.jar:/home/user/.m2/repository/org/openjdk/jmh/jmh-core/1.19/jmh-core-1.19.jar:/home/user/.m2/repository/net/sf/jopt-simple/jopt-simple/4.6/jopt-simple-4.6.jar:/home/user/.m2/repository/org/openjdk/jmh/jmh-generator-annprocess/1.19/jmh-generator-annprocess-1.19.jar:/home/user/.m2/repository/com/google/code/findbugs/findbugs/3.0.1/findbugs-3.0.1.jar:/home/user/.m2/repository/net/jcip/jcip-annotations/1.0/jcip-annotations-1.0.jar:/home/user/.m2/repository/com/google/code/findbugs/bcel-findbugs/6.0/bcel-findbugs-6.0.jar:/home/user/.m2/repository/com/google/code/findbugs/jFormatString/2.0.1/jFormatString-2.0.1.jar:/home/user/.m2/repository/dom4j/dom4j/1.6.1/dom4j-1.6.1.jar:/home/user/.m2/repository/xml-apis/xml-apis/1.0.b2/xml-apis-1.0.b2.jar:/home/user/.m2/repository/org/ow2/asm/asm-debug-all/5.0.2/asm-debug-all-5.0.2.jar:/home/user/.m2/repository/org/ow2/asm/asm-commons/5.0.2/asm-commons-5.0.2.jar:/home/user/.m2/repository/org/ow2/asm/asm-tree/5.0.2/asm-tree-5.0.2.jar:/home/user/.m2/repository/org/ow2/asm/asm/5.0.4/asm-5.0.4.jar:/home/user/.m2/repository/commons-lang/commons-lang/2.6/commons-lang-2.6.jar:/home/user/.m2/repository/com/apple/AppleJavaExtensions/1.4/AppleJavaExtensions-1.4.jar:/home/user/.m2/repository/jaxen/jaxen/1.1.6/jaxen-1.1.6.jar:/home/user/.m2/repository/junit/junit/4.11/junit-4.11.jar:/home/user/.m2/repository/org/hamcrest/hamcrest-core/1.3/hamcrest-core-1.3.jar:/home/user/.m2/repository/org/apache/hadoop/hadoop-common/3.2.0/hadoop-common-3.2.0-tests.jar:/workdir/hadoop-ozone/integration-test/target/test-classes:/home/user/.m2/repository/org/apache/hadoop/hadoop-ozone-objectstore-service/0.5.0-SNAPSHOT/hadoop-ozone-objectstore-service-0.5.0-SNAPSHOT.jar:/home/user/.m2/repository/org/apache/hadoop/hadoop-ozone-s3gateway/0.5.0-SNAPSHOT/hadoop-ozone-s3gateway-0.5.0-SNAPSHOT.jar:/home/user/.m2/repository/org/jboss/weld/servlet/weld-servlet/2.4.7.Final/weld-servlet-2.4.7.Final.jar:/home/user/.m2/repository/org/glassfish/jersey/containers/jersey-container-servlet-core/2.27/jersey-container-servlet-core-2.27.jar:/home/user/.m2/repository/org/glassfish/hk2/external/javax.inject/2.5.0-b42/javax.inject-2.5.0-b42.jar:/home/user/.m2/repository/org/glassfish/jersey/core/jersey-common/2.27/jersey-common-2.27.jar:/home/user/.m2/repository/org/glassfish/hk2/osgi-resource-locator/1.0.1/osgi-resource-locator-1.0.1.jar:/home/user/.m2/repository/javax/ws/rs/javax.ws.rs-api/2.1/javax.ws.rs-api-2.1.jar:/home/user/.m2/repository/org/glassfish/jersey/ext/cdi/jersey-cdi1x/2.27/jersey-cdi1x-2.27.jar:/home/user/.m2/repository/org/glassfish/jersey/inject/jersey-hk2/2.27/jersey-hk2-2.27.jar:/home/user/.m2/repository/org/glassfish/hk2/hk2-locator/2.5.0-b42/hk2-locator-2.5.0-b42.jar:/home/user/.m2/repository/org/javassist/javassist/3.22.0-CR2/javassist-3.22.0-CR2.jar:/home/user/.m2/repository/org/glassfish/hk2/hk2-api/2.5.0/hk2-api-2.5.0.jar:/home/user/.m2/repository/org/glassfish/hk2/external/jakarta.inject/2.5.0/jakarta.inject-2.5.0.jar:/home/user/.m2/repository/org/glassfish/hk2/hk2-utils/2.5.0/hk2-utils-2.5.0.jar:/home/user/.m2/repository/jakarta/annotation/jakarta.annotation-api/1.3.4/jakarta.annotation-api-1.3.4.jar:/home/user/.m2/repository/org/glassfish/hk2/external/aopalliance-repackaged/2.5.0/aopalliance-repackaged-2.5.0.jar:/home/user/.m2/repository/com/fasterxml/jackson/dataformat/jackson-dataformat-xml/2.9.0/jackson-dataformat-xml-2.9.0.jar:/home/user/.m2/repository/com/fasterxml/jackson/module/jackson-module-jaxb-annotations/2.9.5/jackson-module-jaxb-annotations-2.9.5.jar:/home/user/.m2/repository/javax/enterprise/cdi-api/1.2/cdi-api-1.2.jar:/home/user/.m2/repository/javax/el/javax.el-api/3.0.0/javax.el-api-3.0.0.jar:/home/user/.m2/repository/javax/interceptor/javax.interceptor-api/1.2/javax.interceptor-api-1.2.jar:/home/user/.m2/repository/javax/inject/javax.inject/1/javax.inject-1.jar:/home/user/.m2/repository/org/apache/hadoop/hadoop-ozone-csi/0.5.0-SNAPSHOT/hadoop-ozone-csi-0.5.0-SNAPSHOT.jar:/home/user/.m2/repository/com/google/protobuf/protobuf-java-util/3.5.1/protobuf-java-util-3.5.1.jar:/home/user/.m2/repository/io/grpc/grpc-netty/1.17.1/grpc-netty-1.17.1.jar:/home/user/.m2/repository/io/grpc/grpc-core/1.17.1/grpc-core-1.17.1.jar:/home/user/.m2/repository/io/grpc/grpc-context/1.17.1/grpc-context-1.17.1.jar:/home/user/.m2/repository/com/google/errorprone/error_prone_annotations/2.2.0/error_prone_annotations-2.2.0.jar:/home/user/.m2/repository/org/codehaus/mojo/animal-sniffer-annotations/1.17/animal-sniffer-annotations-1.17.jar:/home/user/.m2/repository/io/opencensus/opencensus-api/0.17.0/opencensus-api-0.17.0.jar:/home/user/.m2/repository/io/opencensus/opencensus-contrib-grpc-metrics/0.17.0/opencensus-contrib-grpc-metrics-0.17.0.jar:/home/user/.m2/repository/io/netty/netty-codec-http2/4.1.30.Final/netty-codec-http2-4.1.30.Final.jar:/home/user/.m2/repository/io/netty/netty-codec-http/4.1.30.Final/netty-codec-http-4.1.30.Final.jar:/home/user/.m2/repository/io/netty/netty-codec/4.1.30.Final/netty-codec-4.1.30.Final.jar:/home/user/.m2/repository/io/netty/netty-handler/4.1.30.Final/netty-handler-4.1.30.Final.jar:/home/user/.m2/repository/io/netty/netty-handler-proxy/4.1.30.Final/netty-handler-proxy-4.1.30.Final.jar:/home/user/.m2/repository/io/netty/netty-codec-socks/4.1.30.Final/netty-codec-socks-4.1.30.Final.jar:/home/user/.m2/repository/io/netty/netty-transport-native-epoll/4.1.30.Final/netty-transport-native-epoll-4.1.30.Final.jar:/home/user/.m2/repository/io/netty/netty-common/4.1.30.Final/netty-common-4.1.30.Final.jar:/home/user/.m2/repository/io/netty/netty-buffer/4.1.30.Final/netty-buffer-4.1.30.Final.jar:/home/user/.m2/repository/io/netty/netty-transport/4.1.30.Final/netty-transport-4.1.30.Final.jar:/home/user/.m2/repository/io/netty/netty-resolver/4.1.30.Final/netty-resolver-4.1.30.Final.jar:/home/user/.m2/repository/io/netty/netty-transport-native-unix-common/4.1.30.Final/netty-transport-native-unix-common-4.1.30.Final.jar:/home/user/.m2/repository/io/grpc/grpc-protobuf/1.17.1/grpc-protobuf-1.17.1.jar:/home/user/.m2/repository/com/google/api/grpc/proto-google-common-protos/1.0.0/proto-google-common-protos-1.0.0.jar:/home/user/.m2/repository/io/grpc/grpc-protobuf-lite/1.17.1/grpc-protobuf-lite-1.17.1.jar:/home/user/.m2/repository/io/grpc/grpc-stub/1.17.1/grpc-stub-1.17.1.jar:/home/user/.m2/repository/org/apache/hadoop/hadoop-ozone-recon/0.5.0-SNAPSHOT/hadoop-ozone-recon-0.5.0-SNAPSHOT.jar:/home/user/.m2/repository/org/apache/hadoop/hadoop-ozone-reconcodegen/0.5.0-SNAPSHOT/hadoop-ozone-reconcodegen-0.5.0-SNAPSHOT.jar:/home/user/.m2/repository/com/google/inject/extensions/guice-multibindings/4.0/guice-multibindings-4.0.jar:/home/user/.m2/repository/com/google/inject/guice/4.0/guice-4.0.jar:/home/user/.m2/repository/aopalliance/aopalliance/1.0/aopalliance-1.0.jar:/home/user/.m2/repository/com/google/inject/extensions/guice-servlet/4.0/guice-servlet-4.0.jar:/home/user/.m2/repository/org/glassfish/jersey/containers/jersey-container-servlet/2.27/jersey-container-servlet-2.27.jar:/home/user/.m2/repository/org/glassfish/hk2/guice-bridge/2.5.0/guice-bridge-2.5.0.jar:/home/user/.m2/repository/org/glassfish/jersey/core/jersey-server/2.27/jersey-server-2.27.jar:/home/user/.m2/repository/org/glassfish/jersey/core/jersey-client/2.27/jersey-client-2.27.jar:/home/user/.m2/repository/org/glassfish/jersey/media/jersey-media-jaxb/2.27/jersey-media-jaxb-2.27.jar:/home/user/.m2/repository/javax/validation/validation-api/1.1.0.Final/validation-api-1.1.0.Final.jar:/home/user/.m2/repository/org/glassfish/jersey/media/jersey-media-json-jackson/2.27/jersey-media-json-jackson-2.27.jar:/home/user/.m2/repository/org/glassfish/jersey/ext/jersey-entity-filtering/2.27/jersey-entity-filtering-2.27.jar:/home/user/.m2/repository/com/google/inject/extensions/guice-assistedinject/4.0/guice-assistedinject-4.0.jar:/home/user/.m2/repository/org/jooq/jooq/3.11.10/jooq-3.11.10.jar:/home/user/.m2/repository/org/jooq/jooq-meta/3.11.10/jooq-meta-3.11.10.jar:/home/user/.m2/repository/org/jooq/jooq-codegen/3.11.10/jooq-codegen-3.11.10.jar:/home/user/.m2/repository/com/jolbox/bonecp/0.8.0.RELEASE/bonecp-0.8.0.RELEASE.jar:/home/user/.m2/repository/org/springframework/spring-jdbc/5.1.3.RELEASE/spring-jdbc-5.1.3.RELEASE.jar:/home/user/.m2/repository/org/springframework/spring-beans/5.1.3.RELEASE/spring-beans-5.1.3.RELEASE.jar:/home/user/.m2/repository/org/springframework/spring-core/5.1.3.RELEASE/spring-core-5.1.3.RELEASE.jar:/home/user/.m2/repository/org/springframework/spring-jcl/5.1.3.RELEASE/spring-jcl-5.1.3.RELEASE.jar:/home/user/.m2/repository/org/springframework/spring-tx/5.1.3.RELEASE/spring-tx-5.1.3.RELEASE.jar:/home/user/.m2/repository/org/mockito/mockito-core/2.15.0/mockito-core-2.15.0.jar:/home/user/.m2/repository/net/bytebuddy/byte-buddy/1.7.9/byte-buddy-1.7.9.jar:/home/user/.m2/repository/net/bytebuddy/byte-buddy-agent/1.7.9/byte-buddy-agent-1.7.9.jar:/home/user/.m2/repository/org/objenesis/objenesis/1.0/objenesis-1.0.jar:"/>
    <property name="sun.cpu.endian" value="little"/>
    <property name="user.home" value="/home/user"/>
    <property name="user.language" value="en"/>
    <property name="java.specification.vendor" value="Oracle Corporation"/>
    <property name="java.home" value="/usr/lib/jvm/java-1.8-openjdk/jre"/>
    <property name="java.security.krb5.conf" value="/workdir/hadoop-ozone/tools/target/test-classes/krb5.conf"/>
    <property name="basedir" value="/workdir/hadoop-ozone/tools"/>
    <property name="file.separator" value="/"/>
    <property name="line.separator" value="&#10;"/>
    <property name="java.vm.specification.vendor" value="Oracle Corporation"/>
    <property name="java.specification.name" value="Java Platform API Specification"/>
    <property name="java.awt.graphicsenv" value="sun.awt.X11GraphicsEnvironment"/>
    <property name="surefire.real.class.path" value="/workdir/hadoop-ozone/tools/target/surefire/surefirebooter2568997520349415160.jar"/>
    <property name="hadoop.log.dir" value="/workdir/hadoop-ozone/tools/target/log"/>
    <property name="sun.boot.class.path" value="/usr/lib/jvm/java-1.8-openjdk/jre/lib/resources.jar:/usr/lib/jvm/java-1.8-openjdk/jre/lib/rt.jar:/usr/lib/jvm/java-1.8-openjdk/jre/lib/sunrsasign.jar:/usr/lib/jvm/java-1.8-openjdk/jre/lib/jsse.jar:/usr/lib/jvm/java-1.8-openjdk/jre/lib/jce.jar:/usr/lib/jvm/java-1.8-openjdk/jre/lib/charsets.jar:/usr/lib/jvm/java-1.8-openjdk/jre/lib/jfr.jar:/usr/lib/jvm/java-1.8-openjdk/jre/classes"/>
    <property name="sun.management.compiler" value="HotSpot 64-Bit Tiered Compilers"/>
    <property name="java.runtime.version" value="1.8.0_212-b04"/>
    <property name="java.net.preferIPv4Stack" value="true"/>
    <property name="user.name" value="jenkins1000"/>
    <property name="path.separator" value=":"/>
    <property name="java.security.egd" value="file:///dev/urandom"/>
    <property name="os.version" value="3.10.0-957.12.2.el7.x86_64"/>
    <property name="java.endorsed.dirs" value="/usr/lib/jvm/java-1.8-openjdk/jre/lib/endorsed"/>
    <property name="java.runtime.name" value="OpenJDK Runtime Environment"/>
    <property name="file.encoding" value="UTF-8"/>
    <property name="java.vm.name" value="OpenJDK 64-Bit Server VM"/>
    <property name="test.build.webapps" value=""/>
    <property name="localRepository" value="/home/user/.m2/repository"/>
    <property name="java.vendor.url.bug" value="https://icedtea.classpath.org/bugzilla"/>
    <property name="java.io.tmpdir" value="/tmp"/>
    <property name="require.test.libhadoop" value=""/>
    <property name="java.version" value="1.8.0_212"/>
    <property name="user.dir" value="/workdir/hadoop-ozone/tools"/>
    <property name="os.arch" value="amd64"/>
    <property name="java.vm.specification.name" value="Java Virtual Machine Specification"/>
    <property name="test.build.classes" value="/workdir/hadoop-ozone/tools/target/test-classes"/>
    <property name="java.awt.printerjob" value="sun.print.PSPrinterJob"/>
    <property name="sun.os.patch.level" value="unknown"/>
    <property name="hadoop.tmp.dir" value="/workdir/hadoop-ozone/tools/target/tmp"/>
    <property name="java.library.path" value="/usr/lib/jvm/java-1.8-openjdk/jre/lib/amd64/server:/usr/lib/jvm/java-1.8-openjdk/jre/lib/amd64:/usr/lib/jvm/java-1.8-openjdk/jre/../lib/amd64:/workdir/hadoop-ozone/tools/target/native/target/usr/local/lib:/workdir/hadoop-ozone/tools/../../hadoop-common-project/hadoop-common/target/native/target/usr/local/lib:/usr/java/packages/lib/amd64:/usr/lib64:/lib64:/lib:/usr/lib"/>
    <property name="java.vm.info" value="mixed mode"/>
    <property name="java.vendor" value="IcedTea"/>
    <property name="java.vm.version" value="25.212-b04"/>
    <property name="java.ext.dirs" value="/usr/lib/jvm/java-1.8-openjdk/jre/lib/ext:/usr/java/packages/lib/ext"/>
    <property name="sun.io.unicode.encoding" value="UnicodeLittle"/>
    <property name="java.class.version" value="52.0"/>
  </properties>
  <testcase name="testRestart" classname="org.apache.hadoop.ozone.freon.TestFreonWithPipelineDestroy" time="10.523">
    <error message="Allocated 0 blocks. Requested 5 blocks" type="INTERNAL_ERROR org.apache.hadoop.ozone.om.exceptions.OMException">INTERNAL_ERROR org.apache.hadoop.ozone.om.exceptions.OMException: Allocated 0 blocks. Requested 5 blocks
	at org.apache.hadoop.ozone.om.protocolPB.OzoneManagerProtocolClientSideTranslatorPB.handleError(OzoneManagerProtocolClientSideTranslatorPB.java:725)
	at org.apache.hadoop.ozone.om.protocolPB.OzoneManagerProtocolClientSideTranslatorPB.openKey(OzoneManagerProtocolClientSideTranslatorPB.java:716)
	at org.apache.hadoop.ozone.client.rpc.RpcClient.createKey(RpcClient.java:615)
	at org.apache.hadoop.ozone.client.OzoneBucket.createKey(OzoneBucket.java:323)
	at org.apache.hadoop.ozone.freon.RandomKeyGenerator.createKey(RandomKeyGenerator.java:686)
	at org.apache.hadoop.ozone.freon.RandomKeyGenerator.access$1100(RandomKeyGenerator.java:87)
	at org.apache.hadoop.ozone.freon.RandomKeyGenerator$ObjectCreator.run(RandomKeyGenerator.java:606)
	at java.util.concurrent.Executors$RunnableAdapter.call(Executors.java:511)
	at java.util.concurrent.FutureTask.run(FutureTask.java:266)
	at java.util.concurrent.ThreadPoolExecutor.runWorker(ThreadPoolExecutor.java:1149)
	at java.util.concurrent.ThreadPoolExecutor$Worker.run(ThreadPoolExecutor.java:624)
	at java.lang.Thread.run(Thread.java:748)
</error>
    <system-out><![CDATA[2019-09-19 09:54:45,062 [main] WARN  server.ServerUtils (ServerUtils.java:getScmDbDir(145)) - ozone.scm.db.dirs is not configured. We recommend adding this setting. Falling back to ozone.metadata.dirs instead.
2019-09-19 09:54:45,207 [main] WARN  server.ServerUtils (ServerUtils.java:getScmDbDir(145)) - ozone.scm.db.dirs is not configured. We recommend adding this setting. Falling back to ozone.metadata.dirs instead.
2019-09-19 09:54:45,211 [main] WARN  server.ServerUtils (ServerUtils.java:getScmDbDir(145)) - ozone.scm.db.dirs is not configured. We recommend adding this setting. Falling back to ozone.metadata.dirs instead.
2019-09-19 09:54:45,230 [main] INFO  util.log (Log.java:initialized(192)) - Logging initialized @954ms
2019-09-19 09:54:45,335 [main] INFO  db.DBStoreBuilder (DBStoreBuilder.java:addTable(110)) - using custom profile for table: deletedBlocks
2019-09-19 09:54:45,336 [main] INFO  db.DBStoreBuilder (DBStoreBuilder.java:processTables(161)) - Using default column profile:DBProfile.DISK for Table:deletedBlocks
2019-09-19 09:54:45,336 [main] INFO  db.DBStoreBuilder (DBStoreBuilder.java:addTable(110)) - using custom profile for table: validCerts
2019-09-19 09:54:45,336 [main] INFO  db.DBStoreBuilder (DBStoreBuilder.java:processTables(161)) - Using default column profile:DBProfile.DISK for Table:validCerts
2019-09-19 09:54:45,337 [main] INFO  db.DBStoreBuilder (DBStoreBuilder.java:addTable(110)) - using custom profile for table: revokedCerts
2019-09-19 09:54:45,337 [main] INFO  db.DBStoreBuilder (DBStoreBuilder.java:processTables(161)) - Using default column profile:DBProfile.DISK for Table:revokedCerts
2019-09-19 09:54:45,350 [main] INFO  db.DBStoreBuilder (DBStoreBuilder.java:addTable(110)) - using custom profile for table: default
2019-09-19 09:54:45,350 [main] INFO  db.DBStoreBuilder (DBStoreBuilder.java:processTables(167)) - Using default column profile:DBProfile.DISK for Table:default
2019-09-19 09:54:45,351 [main] INFO  db.DBStoreBuilder (DBStoreBuilder.java:getDbProfile(198)) - Using default options. DBProfile.DISK
2019-09-19 09:54:45,571 [main] INFO  net.NodeSchemaLoader (NodeSchemaLoader.java:loadSchemaFromFile(125)) - Loading file from sun.misc.CompoundEnumeration@20deea7f
2019-09-19 09:54:45,574 [main] INFO  net.NodeSchemaLoader (NodeSchemaLoader.java:loadSchema(171)) - Loading network topology layer schema file
2019-09-19 09:54:45,652 [main] INFO  node.SCMNodeManager (SCMNodeManager.java:<init>(121)) - Entering startup safe mode.
2019-09-19 09:54:45,725 [main] INFO  algorithms.ContainerPlacementPolicyFactory (ContainerPlacementPolicyFactory.java:getPolicy(56)) - Create container placement policy of type org.apache.hadoop.hdds.scm.container.placement.algorithms.SCMContainerPlacementRandom
2019-09-19 09:54:45,739 [main] WARN  server.ServerUtils (ServerUtils.java:getScmDbDir(145)) - ozone.scm.db.dirs is not configured. We recommend adding this setting. Falling back to ozone.metadata.dirs instead.
2019-09-19 09:54:45,822 [main] INFO  pipeline.SCMPipelineManager (SCMPipelineManager.java:initializePipelineState(126)) - No pipeline exists in current db
2019-09-19 09:54:45,825 [main] WARN  server.ServerUtils (ServerUtils.java:getScmDbDir(145)) - ozone.scm.db.dirs is not configured. We recommend adding this setting. Falling back to ozone.metadata.dirs instead.
2019-09-19 09:54:45,932 [main] WARN  events.EventQueue (EventQueue.java:fireEvent(175)) - No event handler registered for event TypedEvent{payloadType=SafeModeStatus, name='SafeModeStatus'}
2019-09-19 09:54:46,369 [main] INFO  ipc.CallQueueManager (CallQueueManager.java:<init>(84)) - Using callQueue: class java.util.concurrent.LinkedBlockingQueue, queueCapacity: 2000, scheduler: class org.apache.hadoop.ipc.DefaultRpcScheduler, ipcBackoff: false.
2019-09-19 09:54:46,648 [Socket Reader #1 for port 45172] INFO  ipc.Server (Server.java:run(1074)) - Starting Socket Reader #1 for port 45172
2019-09-19 09:54:46,673 [main] INFO  ipc.CallQueueManager (CallQueueManager.java:<init>(84)) - Using callQueue: class java.util.concurrent.LinkedBlockingQueue, queueCapacity: 2000, scheduler: class org.apache.hadoop.ipc.DefaultRpcScheduler, ipcBackoff: false.
2019-09-19 09:54:46,674 [Socket Reader #1 for port 40171] INFO  ipc.Server (Server.java:run(1074)) - Starting Socket Reader #1 for port 40171
2019-09-19 09:54:46,681 [main] INFO  ipc.CallQueueManager (CallQueueManager.java:<init>(84)) - Using callQueue: class java.util.concurrent.LinkedBlockingQueue, queueCapacity: 2000, scheduler: class org.apache.hadoop.ipc.DefaultRpcScheduler, ipcBackoff: false.
2019-09-19 09:54:46,681 [Socket Reader #1 for port 36850] INFO  ipc.Server (Server.java:run(1074)) - Starting Socket Reader #1 for port 36850
2019-09-19 09:54:46,702 [main] INFO  hdfs.DFSUtil (DFSUtil.java:httpServerTemplateForNNAndJN(1641)) - Starting Web-server for scm at: http://0.0.0.0:0
2019-09-19 09:54:46,901 [main] INFO  server.AuthenticationFilter (AuthenticationFilter.java:constructSecretProvider(240)) - Unable to initialize FileSignerSecretProvider, falling back to use random secrets.
2019-09-19 09:54:46,920 [main] WARN  http.HttpRequestLog (HttpRequestLog.java:getRequestLog(97)) - Jetty request log can only be enabled using Log4j
2019-09-19 09:54:46,931 [main] INFO  http.HttpServer2 (HttpServer2.java:addGlobalFilter(975)) - Added global filter 'safety' (class=org.apache.hadoop.http.HttpServer2$QuotingInputFilter)
2019-09-19 09:54:46,934 [main] INFO  http.HttpServer2 (HttpServer2.java:addFilter(948)) - Added filter static_user_filter (class=org.apache.hadoop.http.lib.StaticUserWebFilter$StaticUserFilter) to context scm
2019-09-19 09:54:46,935 [main] INFO  http.HttpServer2 (HttpServer2.java:addFilter(958)) - Added filter static_user_filter (class=org.apache.hadoop.http.lib.StaticUserWebFilter$StaticUserFilter) to context logs
2019-09-19 09:54:46,935 [main] INFO  http.HttpServer2 (HttpServer2.java:addFilter(958)) - Added filter static_user_filter (class=org.apache.hadoop.http.lib.StaticUserWebFilter$StaticUserFilter) to context static
2019-09-19 09:54:46,963 [main] INFO  server.StorageContainerManager (StorageContainerManager.java:start(759)) - StorageContainerLocationProtocol RPC server is listening at /0.0.0.0:36850
2019-09-19 09:54:47,017 [main] WARN  impl.MetricsConfig (MetricsConfig.java:loadFirst(134)) - Cannot locate configuration: tried hadoop-metrics2-storagecontainermanager.properties,hadoop-metrics2.properties
2019-09-19 09:54:47,031 [main] INFO  impl.MetricsSystemImpl (MetricsSystemImpl.java:startTimer(374)) - Scheduled Metric snapshot period at 10 second(s).
2019-09-19 09:54:47,031 [main] INFO  impl.MetricsSystemImpl (MetricsSystemImpl.java:start(191)) - StorageContainerManager metrics system started
2019-09-19 09:54:47,260 [main] INFO  server.SCMClientProtocolServer (SCMClientProtocolServer.java:start(151)) - RPC server for Client  is listening at /0.0.0.0:36850
2019-09-19 09:54:47,260 [IPC Server Responder] INFO  ipc.Server (Server.java:run(1314)) - IPC Server Responder: starting
2019-09-19 09:54:47,260 [IPC Server listener on 36850] INFO  ipc.Server (Server.java:run(1153)) - IPC Server listener on 36850: starting
2019-09-19 09:54:47,264 [main] INFO  server.StorageContainerManager (StorageContainerManager.java:start(769)) - ScmBlockLocationProtocol RPC server is listening at /0.0.0.0:40171
2019-09-19 09:54:47,264 [main] INFO  server.SCMBlockProtocolServer (SCMBlockProtocolServer.java:start(140)) - RPC server for Block Protocol is listening at /0.0.0.0:40171
2019-09-19 09:54:47,264 [IPC Server Responder] INFO  ipc.Server (Server.java:run(1314)) - IPC Server Responder: starting
2019-09-19 09:54:47,264 [IPC Server listener on 40171] INFO  ipc.Server (Server.java:run(1153)) - IPC Server listener on 40171: starting
2019-09-19 09:54:47,267 [main] INFO  server.StorageContainerManager (StorageContainerManager.java:start(773)) - ScmDatanodeProtocl RPC server is listening at /0.0.0.0:45172
2019-09-19 09:54:47,267 [main] INFO  server.SCMDatanodeProtocolServer (SCMDatanodeProtocolServer.java:start(191)) - RPC server for DataNodes is listening at /0.0.0.0:45172
2019-09-19 09:54:47,268 [IPC Server Responder] INFO  ipc.Server (Server.java:run(1314)) - IPC Server Responder: starting
2019-09-19 09:54:47,268 [IPC Server listener on 45172] INFO  ipc.Server (Server.java:run(1153)) - IPC Server listener on 45172: starting
2019-09-19 09:54:47,272 [main] INFO  http.HttpServer2 (HttpServer2.java:bindListener(1191)) - Jetty bound to port 34555
2019-09-19 09:54:47,273 [main] INFO  server.Server (Server.java:doStart(351)) - jetty-9.3.24.v20180605, build timestamp: 2018-06-05T17:11:56Z, git hash: 84205aa28f11a4f31f2a3b86d1bba2cc8ab69827
2019-09-19 09:54:47,309 [main] INFO  handler.ContextHandler (ContextHandler.java:doStart(781)) - Started o.e.j.s.ServletContextHandler@4e70a728{/logs,file:///workdir/hadoop-ozone/tools/target/log,AVAILABLE}
2019-09-19 09:54:47,310 [main] INFO  handler.ContextHandler (ContextHandler.java:doStart(781)) - Started o.e.j.s.ServletContextHandler@1c3146bc{/static,jar:file:/home/user/.m2/repository/org/apache/hadoop/hadoop-hdds-server-scm/0.5.0-SNAPSHOT/hadoop-hdds-server-scm-0.5.0-SNAPSHOT.jar!/webapps/static,AVAILABLE}
2019-09-19 09:54:47,381 [main] INFO  handler.ContextHandler (ContextHandler.java:doStart(781)) - Started o.e.j.w.WebAppContext@72efb5c1{/,file:///tmp/jetty-0.0.0.0-34555-scm-_-any-66214934880041771.dir/webapp/,AVAILABLE}{/scm}
2019-09-19 09:54:47,386 [main] INFO  server.AbstractConnector (AbstractConnector.java:doStart(278)) - Started ServerConnector@7a0e1b5e{HTTP/1.1,[http/1.1]}{0.0.0.0:34555}
2019-09-19 09:54:47,387 [main] INFO  server.Server (Server.java:doStart(419)) - Started @3110ms
2019-09-19 09:54:47,388 [main] INFO  server.BaseHttpServer (BaseHttpServer.java:updateConnectorAddress(213)) - HTTP server of SCM is listening at http://0.0.0.0:34555
2019-09-19 09:54:47,398 [org.apache.hadoop.util.JvmPauseMonitor$Monitor@15bcf458] INFO  util.JvmPauseMonitor (JvmPauseMonitor.java:run(188)) - Starting JVM pause monitor
2019-09-19 09:54:47,403 [main] WARN  server.ServerUtils (ServerUtils.java:getDBPath(222)) - ozone.om.db.dirs is not configured. We recommend adding this setting. Falling back to ozone.metadata.dirs instead.
2019-09-19 09:54:47,530 [main] WARN  server.ServerUtils (ServerUtils.java:getDBPath(222)) - ozone.om.db.dirs is not configured. We recommend adding this setting. Falling back to ozone.metadata.dirs instead.
2019-09-19 09:54:47,530 [main] WARN  server.ServerUtils (ServerUtils.java:getDBPath(222)) - ozone.om.db.dirs is not configured. We recommend adding this setting. Falling back to ozone.metadata.dirs instead.
2019-09-19 09:54:47,531 [main] INFO  om.OzoneManager (OzoneManager.java:setOMNodeDetails(645)) - OM Service ID is not set. Setting it to the default ID: omServiceIdDefault
2019-09-19 09:54:47,531 [main] INFO  om.OzoneManager (OzoneManager.java:setOMNodeDetails(651)) - OM Node ID is not set. Setting it to the OmStorage's OmID: 2b86977d-0e7d-47a3-ad94-b510ee94478b
2019-09-19 09:54:47,533 [main] INFO  om.OzoneManager (OzoneManager.java:loadOMHAConfigs(602)) - Found matching OM address with OMServiceId: null, OMNodeId: null, RPC Address: localhost:0 and Ratis port: 9872
2019-09-19 09:54:47,814 | INFO  | SCMAudit | user=jenkins1000 | ip=192.168.34.5 | op=GET_SCM_INFO null | ret=SUCCESS |  
2019-09-19 09:54:48,322 [main] WARN  server.ServerUtils (ServerUtils.java:getDBPath(222)) - ozone.om.db.dirs is not configured. We recommend adding this setting. Falling back to ozone.metadata.dirs instead.
2019-09-19 09:54:48,330 [main] INFO  db.DBStoreBuilder (DBStoreBuilder.java:addTable(110)) - using custom profile for table: userTable
2019-09-19 09:54:48,330 [main] INFO  db.DBStoreBuilder (DBStoreBuilder.java:processTables(161)) - Using default column profile:DBProfile.DISK for Table:userTable
2019-09-19 09:54:48,330 [main] INFO  db.DBStoreBuilder (DBStoreBuilder.java:addTable(110)) - using custom profile for table: volumeTable
2019-09-19 09:54:48,330 [main] INFO  db.DBStoreBuilder (DBStoreBuilder.java:processTables(161)) - Using default column profile:DBProfile.DISK for Table:volumeTable
2019-09-19 09:54:48,331 [main] INFO  db.DBStoreBuilder (DBStoreBuilder.java:addTable(110)) - using custom profile for table: bucketTable
2019-09-19 09:54:48,331 [main] INFO  db.DBStoreBuilder (DBStoreBuilder.java:processTables(161)) - Using default column profile:DBProfile.DISK for Table:bucketTable
2019-09-19 09:54:48,331 [main] INFO  db.DBStoreBuilder (DBStoreBuilder.java:addTable(110)) - using custom profile for table: keyTable
2019-09-19 09:54:48,331 [main] INFO  db.DBStoreBuilder (DBStoreBuilder.java:processTables(161)) - Using default column profile:DBProfile.DISK for Table:keyTable
2019-09-19 09:54:48,332 [main] INFO  db.DBStoreBuilder (DBStoreBuilder.java:addTable(110)) - using custom profile for table: deletedTable
2019-09-19 09:54:48,332 [main] INFO  db.DBStoreBuilder (DBStoreBuilder.java:processTables(161)) - Using default column profile:DBProfile.DISK for Table:deletedTable
2019-09-19 09:54:48,332 [main] INFO  db.DBStoreBuilder (DBStoreBuilder.java:addTable(110)) - using custom profile for table: openKeyTable
2019-09-19 09:54:48,332 [main] INFO  db.DBStoreBuilder (DBStoreBuilder.java:processTables(161)) - Using default column profile:DBProfile.DISK for Table:openKeyTable
2019-09-19 09:54:48,333 [main] INFO  db.DBStoreBuilder (DBStoreBuilder.java:addTable(110)) - using custom profile for table: s3Table
2019-09-19 09:54:48,333 [main] INFO  db.DBStoreBuilder (DBStoreBuilder.java:processTables(161)) - Using default column profile:DBProfile.DISK for Table:s3Table
2019-09-19 09:54:48,333 [main] INFO  db.DBStoreBuilder (DBStoreBuilder.java:addTable(110)) - using custom profile for table: multipartInfoTable
2019-09-19 09:54:48,333 [main] INFO  db.DBStoreBuilder (DBStoreBuilder.java:processTables(161)) - Using default column profile:DBProfile.DISK for Table:multipartInfoTable
2019-09-19 09:54:48,334 [main] INFO  db.DBStoreBuilder (DBStoreBuilder.java:addTable(110)) - using custom profile for table: dTokenTable
2019-09-19 09:54:48,334 [main] INFO  db.DBStoreBuilder (DBStoreBuilder.java:processTables(161)) - Using default column profile:DBProfile.DISK for Table:dTokenTable
2019-09-19 09:54:48,334 [main] INFO  db.DBStoreBuilder (DBStoreBuilder.java:addTable(110)) - using custom profile for table: s3SecretTable
2019-09-19 09:54:48,334 [main] INFO  db.DBStoreBuilder (DBStoreBuilder.java:processTables(161)) - Using default column profile:DBProfile.DISK for Table:s3SecretTable
2019-09-19 09:54:48,335 [main] INFO  db.DBStoreBuilder (DBStoreBuilder.java:addTable(110)) - using custom profile for table: prefixTable
2019-09-19 09:54:48,335 [main] INFO  db.DBStoreBuilder (DBStoreBuilder.java:processTables(161)) - Using default column profile:DBProfile.DISK for Table:prefixTable
2019-09-19 09:54:48,335 [main] INFO  db.DBStoreBuilder (DBStoreBuilder.java:addTable(110)) - using custom profile for table: default
2019-09-19 09:54:48,335 [main] INFO  db.DBStoreBuilder (DBStoreBuilder.java:processTables(167)) - Using default column profile:DBProfile.DISK for Table:default
2019-09-19 09:54:48,335 [main] INFO  db.DBStoreBuilder (DBStoreBuilder.java:getDbProfile(198)) - Using default options. DBProfile.DISK
2019-09-19 09:54:48,921 [main] INFO  ipc.CallQueueManager (CallQueueManager.java:<init>(84)) - Using callQueue: class java.util.concurrent.LinkedBlockingQueue, queueCapacity: 2000, scheduler: class org.apache.hadoop.ipc.DefaultRpcScheduler, ipcBackoff: false.
2019-09-19 09:54:48,922 [Socket Reader #1 for port 44806] INFO  ipc.Server (Server.java:run(1074)) - Starting Socket Reader #1 for port 44806
2019-09-19 09:54:48,945 [main] INFO  om.OzoneManager (OzoneManager.java:start(1256)) - OzoneManager RPC server is listening at localhost/127.0.0.1:44806
2019-09-19 09:54:48,946 [main] INFO  impl.MetricsSystemImpl (MetricsSystemImpl.java:init(158)) - OzoneManager metrics system started (again)
2019-09-19 09:54:48,947 [IPC Server Responder] INFO  ipc.Server (Server.java:run(1314)) - IPC Server Responder: starting
2019-09-19 09:54:48,947 [IPC Server listener on 44806] INFO  ipc.Server (Server.java:run(1153)) - IPC Server listener on 44806: starting
2019-09-19 09:54:48,953 [main] INFO  hdfs.DFSUtil (DFSUtil.java:httpServerTemplateForNNAndJN(1641)) - Starting Web-server for ozoneManager at: http://0.0.0.0:0
2019-09-19 09:54:48,956 [main] INFO  server.AuthenticationFilter (AuthenticationFilter.java:constructSecretProvider(240)) - Unable to initialize FileSignerSecretProvider, falling back to use random secrets.
2019-09-19 09:54:48,957 [main] WARN  http.HttpRequestLog (HttpRequestLog.java:getRequestLog(97)) - Jetty request log can only be enabled using Log4j
2019-09-19 09:54:48,960 [main] INFO  http.HttpServer2 (HttpServer2.java:addGlobalFilter(975)) - Added global filter 'safety' (class=org.apache.hadoop.http.HttpServer2$QuotingInputFilter)
2019-09-19 09:54:48,961 [main] INFO  http.HttpServer2 (HttpServer2.java:addFilter(948)) - Added filter static_user_filter (class=org.apache.hadoop.http.lib.StaticUserWebFilter$StaticUserFilter) to context ozoneManager
2019-09-19 09:54:48,962 [main] INFO  http.HttpServer2 (HttpServer2.java:addFilter(958)) - Added filter static_user_filter (class=org.apache.hadoop.http.lib.StaticUserWebFilter$StaticUserFilter) to context logs
2019-09-19 09:54:48,962 [main] INFO  http.HttpServer2 (HttpServer2.java:addFilter(958)) - Added filter static_user_filter (class=org.apache.hadoop.http.lib.StaticUserWebFilter$StaticUserFilter) to context static
2019-09-19 09:54:49,177 [main] INFO  http.HttpServer2 (HttpServer2.java:bindListener(1191)) - Jetty bound to port 44176
2019-09-19 09:54:49,180 [main] INFO  server.Server (Server.java:doStart(351)) - jetty-9.3.24.v20180605, build timestamp: 2018-06-05T17:11:56Z, git hash: 84205aa28f11a4f31f2a3b86d1bba2cc8ab69827
2019-09-19 09:54:49,195 [main] INFO  handler.ContextHandler (ContextHandler.java:doStart(781)) - Started o.e.j.s.ServletContextHandler@782168b7{/logs,file:///workdir/hadoop-ozone/tools/target/log,AVAILABLE}
2019-09-19 09:54:49,196 [main] INFO  handler.ContextHandler (ContextHandler.java:doStart(781)) - Started o.e.j.s.ServletContextHandler@7435a578{/static,jar:file:/home/user/.m2/repository/org/apache/hadoop/hadoop-ozone-ozone-manager/0.5.0-SNAPSHOT/hadoop-ozone-ozone-manager-0.5.0-SNAPSHOT.jar!/webapps/static,AVAILABLE}
2019-09-19 09:54:49,279 [main] INFO  handler.ContextHandler (ContextHandler.java:doStart(781)) - Started o.e.j.w.WebAppContext@10876a6{/,file:///tmp/jetty-0.0.0.0-44176-ozoneManager-_-any-3135861034666849787.dir/webapp/,AVAILABLE}{/ozoneManager}
2019-09-19 09:54:49,280 [main] INFO  server.AbstractConnector (AbstractConnector.java:doStart(278)) - Started ServerConnector@71870da7{HTTP/1.1,[http/1.1]}{0.0.0.0:44176}
2019-09-19 09:54:49,282 [main] INFO  server.Server (Server.java:doStart(419)) - Started @5005ms
2019-09-19 09:54:49,283 [main] INFO  server.BaseHttpServer (BaseHttpServer.java:updateConnectorAddress(213)) - HTTP server of OZONEMANAGER is listening at http://0.0.0.0:44176
2019-09-19 09:54:49,472 [main] INFO  impl.MetricsSystemImpl (MetricsSystemImpl.java:init(158)) - HddsDatanode metrics system started (again)
2019-09-19 09:54:49,557 [main] INFO  ozone.HddsDatanodeService (HddsDatanodeService.java:start(184)) - HddsDatanodeService host:pr-hdds-1569-j4bt4-3030777008 ip:192.168.34.5
2019-09-19 09:54:49,592 [main] INFO  volume.HddsVolume (HddsVolume.java:<init>(176)) - Creating Volume: /workdir/hadoop-ozone/tools/target/test-dir/MiniOzoneClusterImpl-8d91f153-b4bc-4240-a6a0-161ba1782059/datanode-0/data/containers/hdds of  storage type : DISK and capacity : 1482555576320
2019-09-19 09:54:49,593 [main] INFO  volume.VolumeSet (VolumeSet.java:initializeVolumeSet(170)) - Added Volume : /workdir/hadoop-ozone/tools/target/test-dir/MiniOzoneClusterImpl-8d91f153-b4bc-4240-a6a0-161ba1782059/datanode-0/data/containers/hdds to VolumeSet
2019-09-19 09:54:49,596 [main] INFO  volume.ThrottledAsyncChecker (ThrottledAsyncChecker.java:schedule(140)) - Scheduling a check for org.apache.hadoop.ozone.container.common.volume.HddsVolume@4b869331
2019-09-19 09:54:49,614 [main] INFO  volume.HddsVolumeChecker (HddsVolumeChecker.java:checkAllVolumes(203)) - Scheduled health check for volume org.apache.hadoop.ozone.container.common.volume.HddsVolume@4b869331
2019-09-19 09:54:49,727 [main] INFO  impl.RaftServerProxy (ConfUtils.java:logGet(43)) - raft.rpc.type = GRPC (default)
2019-09-19 09:54:49,793 [main] INFO  grpc.GrpcFactory (GrpcFactory.java:checkPooledByteBufAllocatorUseCacheForAllThreads(45)) - PERFORMANCE WARNING: useCacheForAllThreads is true that may cause Netty to create a lot garbage objects and, as a result, trigger GC.
	It is recommended to disable useCacheForAllThreads by setting -Dorg.apache.ratis.thirdparty.io.netty.allocator.useCacheForAllThreads=false in command line.
2019-09-19 09:54:49,798 [main] INFO  grpc.GrpcConfigKeys$Server (ConfUtils.java:logGet(43)) - raft.grpc.server.port = 0 (default)
2019-09-19 09:54:49,799 [main] INFO  server.GrpcService (ConfUtils.java:logGet(43)) - raft.grpc.message.size.max = 33570816 (custom)
2019-09-19 09:54:49,800 [main] INFO  server.RaftServerConfigKeys (ConfUtils.java:logGet(43)) - raft.server.log.appender.buffer.byte-limit = 33554432 (custom)
2019-09-19 09:54:49,801 [main] INFO  server.GrpcService (ConfUtils.java:logGet(43)) - raft.grpc.flow.control.window = 1MB (=1048576) (default)
2019-09-19 09:54:49,802 [main] INFO  server.RaftServerConfigKeys (ConfUtils.java:logGet(43)) - raft.server.rpc.request.timeout = 3000ms (default)
2019-09-19 09:54:49,961 [main] INFO  server.RaftServerConfigKeys (ConfUtils.java:logGet(43)) - raft.server.storage.dir = [/workdir/hadoop-ozone/tools/target/test-dir/MiniOzoneClusterImpl-8d91f153-b4bc-4240-a6a0-161ba1782059/datanode-0/data/ratis] (custom)
2019-09-19 09:54:50,000 [main] INFO  replication.SimpleContainerDownloader (SimpleContainerDownloader.java:<init>(72)) - Starting container downloader service to copy containers to replicate.
2019-09-19 09:54:50,023 [main] INFO  hdfs.DFSUtil (DFSUtil.java:httpServerTemplateForNNAndJN(1641)) - Starting Web-server for hddsDatanode at: http://0.0.0.0:0
2019-09-19 09:54:50,026 [main] INFO  server.AuthenticationFilter (AuthenticationFilter.java:constructSecretProvider(240)) - Unable to initialize FileSignerSecretProvider, falling back to use random secrets.
2019-09-19 09:54:50,027 [main] WARN  http.HttpRequestLog (HttpRequestLog.java:getRequestLog(97)) - Jetty request log can only be enabled using Log4j
2019-09-19 09:54:50,031 [main] INFO  http.HttpServer2 (HttpServer2.java:addGlobalFilter(975)) - Added global filter 'safety' (class=org.apache.hadoop.http.HttpServer2$QuotingInputFilter)
2019-09-19 09:54:50,032 [main] INFO  http.HttpServer2 (HttpServer2.java:addFilter(948)) - Added filter static_user_filter (class=org.apache.hadoop.http.lib.StaticUserWebFilter$StaticUserFilter) to context hddsDatanode
2019-09-19 09:54:50,032 [main] INFO  http.HttpServer2 (HttpServer2.java:addFilter(958)) - Added filter static_user_filter (class=org.apache.hadoop.http.lib.StaticUserWebFilter$StaticUserFilter) to context logs
2019-09-19 09:54:50,033 [main] INFO  http.HttpServer2 (HttpServer2.java:addFilter(958)) - Added filter static_user_filter (class=org.apache.hadoop.http.lib.StaticUserWebFilter$StaticUserFilter) to context static
2019-09-19 09:54:50,034 [main] INFO  http.HttpServer2 (HttpServer2.java:bindListener(1191)) - Jetty bound to port 43690
2019-09-19 09:54:50,035 [main] INFO  server.Server (Server.java:doStart(351)) - jetty-9.3.24.v20180605, build timestamp: 2018-06-05T17:11:56Z, git hash: 84205aa28f11a4f31f2a3b86d1bba2cc8ab69827
2019-09-19 09:54:50,038 [main] INFO  handler.ContextHandler (ContextHandler.java:doStart(781)) - Started o.e.j.s.ServletContextHandler@3bd2af5b{/logs,file:///workdir/hadoop-ozone/tools/target/log,AVAILABLE}
2019-09-19 09:54:50,039 [main] INFO  handler.ContextHandler (ContextHandler.java:doStart(781)) - Started o.e.j.s.ServletContextHandler@75d982d3{/static,jar:file:/home/user/.m2/repository/org/apache/hadoop/hadoop-hdds-container-service/0.5.0-SNAPSHOT/hadoop-hdds-container-service-0.5.0-SNAPSHOT.jar!/webapps/static,AVAILABLE}
2019-09-19 09:54:50,082 [main] INFO  handler.ContextHandler (ContextHandler.java:doStart(781)) - Started o.e.j.w.WebAppContext@2b7962a2{/,file:///tmp/jetty-0.0.0.0-43690-hddsDatanode-_-any-4233635353779851580.dir/webapp/,AVAILABLE}{/hddsDatanode}
2019-09-19 09:54:50,083 [main] INFO  server.AbstractConnector (AbstractConnector.java:doStart(278)) - Started ServerConnector@6ad16c5d{HTTP/1.1,[http/1.1]}{0.0.0.0:43690}
2019-09-19 09:54:50,084 [main] INFO  server.Server (Server.java:doStart(419)) - Started @5808ms
2019-09-19 09:54:50,086 [main] INFO  server.BaseHttpServer (BaseHttpServer.java:updateConnectorAddress(213)) - HTTP server of HDDSDATANODE is listening at http://0.0.0.0:43690
2019-09-19 09:54:51,331 | INFO  | ObjectStoreRestHttpServer | Listening HDDS REST traffic on /0.0.0.0:33032 |  
2019-09-19 09:54:51,334 [main] INFO  ozone.HddsDatanodeService (HddsDatanodeService.java:startPlugins(395)) - Started plug-in org.apache.hadoop.ozone.web.OzoneHddsDatanodeService@2bb62414
2019-09-19 09:54:51,335 [main] INFO  impl.MetricsSystemImpl (MetricsSystemImpl.java:init(158)) - HddsDatanode metrics system started (again)
2019-09-19 09:54:51,338 [main] INFO  ozone.HddsDatanodeService (HddsDatanodeService.java:start(184)) - HddsDatanodeService host:pr-hdds-1569-j4bt4-3030777008 ip:192.168.34.5
2019-09-19 09:54:51,341 [org.apache.hadoop.util.JvmPauseMonitor$Monitor@75d76507] INFO  util.JvmPauseMonitor (JvmPauseMonitor.java:run(188)) - Starting JVM pause monitor
2019-09-19 09:54:51,348 [main] INFO  volume.HddsVolume (HddsVolume.java:<init>(176)) - Creating Volume: /workdir/hadoop-ozone/tools/target/test-dir/MiniOzoneClusterImpl-8d91f153-b4bc-4240-a6a0-161ba1782059/datanode-1/data/containers/hdds of  storage type : DISK and capacity : 1482555576320
2019-09-19 09:54:51,349 [main] INFO  volume.VolumeSet (VolumeSet.java:initializeVolumeSet(170)) - Added Volume : /workdir/hadoop-ozone/tools/target/test-dir/MiniOzoneClusterImpl-8d91f153-b4bc-4240-a6a0-161ba1782059/datanode-1/data/containers/hdds to VolumeSet
2019-09-19 09:54:51,349 [main] INFO  volume.ThrottledAsyncChecker (ThrottledAsyncChecker.java:schedule(140)) - Scheduling a check for org.apache.hadoop.ozone.container.common.volume.HddsVolume@64518270
2019-09-19 09:54:51,350 [main] INFO  volume.HddsVolumeChecker (HddsVolumeChecker.java:checkAllVolumes(203)) - Scheduled health check for volume org.apache.hadoop.ozone.container.common.volume.HddsVolume@64518270
2019-09-19 09:54:51,373 [main] INFO  impl.RaftServerProxy (ConfUtils.java:logGet(43)) - raft.rpc.type = GRPC (default)
2019-09-19 09:54:51,374 [main] INFO  grpc.GrpcFactory (GrpcFactory.java:checkPooledByteBufAllocatorUseCacheForAllThreads(45)) - PERFORMANCE WARNING: useCacheForAllThreads is true that may cause Netty to create a lot garbage objects and, as a result, trigger GC.
	It is recommended to disable useCacheForAllThreads by setting -Dorg.apache.ratis.thirdparty.io.netty.allocator.useCacheForAllThreads=false in command line.
2019-09-19 09:54:51,374 [main] INFO  grpc.GrpcConfigKeys$Server (ConfUtils.java:logGet(43)) - raft.grpc.server.port = 0 (default)
2019-09-19 09:54:51,374 [main] INFO  server.GrpcService (ConfUtils.java:logGet(43)) - raft.grpc.message.size.max = 33570816 (custom)
2019-09-19 09:54:51,374 [main] INFO  server.RaftServerConfigKeys (ConfUtils.java:logGet(43)) - raft.server.log.appender.buffer.byte-limit = 33554432 (custom)
2019-09-19 09:54:51,375 [main] INFO  server.GrpcService (ConfUtils.java:logGet(43)) - raft.grpc.flow.control.window = 1MB (=1048576) (default)
2019-09-19 09:54:51,375 [main] INFO  server.RaftServerConfigKeys (ConfUtils.java:logGet(43)) - raft.server.rpc.request.timeout = 3000ms (default)
2019-09-19 09:54:51,376 [main] INFO  server.RaftServerConfigKeys (ConfUtils.java:logGet(43)) - raft.server.storage.dir = [/workdir/hadoop-ozone/tools/target/test-dir/MiniOzoneClusterImpl-8d91f153-b4bc-4240-a6a0-161ba1782059/datanode-1/data/ratis] (custom)
2019-09-19 09:54:51,376 [main] INFO  replication.SimpleContainerDownloader (SimpleContainerDownloader.java:<init>(72)) - Starting container downloader service to copy containers to replicate.
2019-09-19 09:54:51,378 [main] INFO  hdfs.DFSUtil (DFSUtil.java:httpServerTemplateForNNAndJN(1641)) - Starting Web-server for hddsDatanode at: http://0.0.0.0:0
2019-09-19 09:54:51,380 [main] INFO  server.AuthenticationFilter (AuthenticationFilter.java:constructSecretProvider(240)) - Unable to initialize FileSignerSecretProvider, falling back to use random secrets.
2019-09-19 09:54:51,382 [main] WARN  http.HttpRequestLog (HttpRequestLog.java:getRequestLog(97)) - Jetty request log can only be enabled using Log4j
2019-09-19 09:54:51,385 [main] INFO  http.HttpServer2 (HttpServer2.java:addGlobalFilter(975)) - Added global filter 'safety' (class=org.apache.hadoop.http.HttpServer2$QuotingInputFilter)
2019-09-19 09:54:51,386 [main] INFO  http.HttpServer2 (HttpServer2.java:addFilter(948)) - Added filter static_user_filter (class=org.apache.hadoop.http.lib.StaticUserWebFilter$StaticUserFilter) to context hddsDatanode
2019-09-19 09:54:51,386 [main] INFO  http.HttpServer2 (HttpServer2.java:addFilter(958)) - Added filter static_user_filter (class=org.apache.hadoop.http.lib.StaticUserWebFilter$StaticUserFilter) to context logs
2019-09-19 09:54:51,387 [main] INFO  http.HttpServer2 (HttpServer2.java:addFilter(958)) - Added filter static_user_filter (class=org.apache.hadoop.http.lib.StaticUserWebFilter$StaticUserFilter) to context static
2019-09-19 09:54:51,388 [main] INFO  http.HttpServer2 (HttpServer2.java:bindListener(1191)) - Jetty bound to port 44569
2019-09-19 09:54:51,388 [main] INFO  server.Server (Server.java:doStart(351)) - jetty-9.3.24.v20180605, build timestamp: 2018-06-05T17:11:56Z, git hash: 84205aa28f11a4f31f2a3b86d1bba2cc8ab69827
2019-09-19 09:54:51,393 [main] INFO  handler.ContextHandler (ContextHandler.java:doStart(781)) - Started o.e.j.s.ServletContextHandler@38fb50f8{/logs,file:///workdir/hadoop-ozone/tools/target/log,AVAILABLE}
2019-09-19 09:54:51,394 [main] INFO  handler.ContextHandler (ContextHandler.java:doStart(781)) - Started o.e.j.s.ServletContextHandler@608cd501{/static,jar:file:/home/user/.m2/repository/org/apache/hadoop/hadoop-hdds-container-service/0.5.0-SNAPSHOT/hadoop-hdds-container-service-0.5.0-SNAPSHOT.jar!/webapps/static,AVAILABLE}
2019-09-19 09:54:51,432 [main] INFO  handler.ContextHandler (ContextHandler.java:doStart(781)) - Started o.e.j.w.WebAppContext@437bd805{/,file:///tmp/jetty-0.0.0.0-44569-hddsDatanode-_-any-3871338646039851961.dir/webapp/,AVAILABLE}{/hddsDatanode}
2019-09-19 09:54:51,433 [main] INFO  server.AbstractConnector (AbstractConnector.java:doStart(278)) - Started ServerConnector@4b88ca8e{HTTP/1.1,[http/1.1]}{0.0.0.0:44569}
2019-09-19 09:54:51,433 [main] INFO  server.Server (Server.java:doStart(419)) - Started @7157ms
2019-09-19 09:54:51,435 [main] INFO  server.BaseHttpServer (BaseHttpServer.java:updateConnectorAddress(213)) - HTTP server of HDDSDATANODE is listening at http://0.0.0.0:44569
2019-09-19 09:54:51,448 [Datanode State Machine Thread - 0] INFO  datanode.InitDatanodeState (InitDatanodeState.java:persistContainerDatanodeDetails(140)) - DatanodeDetails is persisted to /workdir/hadoop-ozone/tools/target/test-dir/MiniOzoneClusterImpl-8d91f153-b4bc-4240-a6a0-161ba1782059/datanode-0/meta/datanode.id
2019-09-19 09:54:51,590 | INFO  | ObjectStoreRestHttpServer | Listening HDDS REST traffic on /0.0.0.0:44660 |  
2019-09-19 09:54:51,590 [main] INFO  ozone.HddsDatanodeService (HddsDatanodeService.java:startPlugins(395)) - Started plug-in org.apache.hadoop.ozone.web.OzoneHddsDatanodeService@7436364d
2019-09-19 09:54:51,591 [main] INFO  impl.MetricsSystemImpl (MetricsSystemImpl.java:init(158)) - HddsDatanode metrics system started (again)
2019-09-19 09:54:51,594 [org.apache.hadoop.util.JvmPauseMonitor$Monitor@20928e87] INFO  util.JvmPauseMonitor (JvmPauseMonitor.java:run(188)) - Starting JVM pause monitor
2019-09-19 09:54:51,595 [main] INFO  ozone.HddsDatanodeService (HddsDatanodeService.java:start(184)) - HddsDatanodeService host:pr-hdds-1569-j4bt4-3030777008 ip:192.168.34.5
2019-09-19 09:54:51,599 [Datanode State Machine Thread - 0] INFO  datanode.InitDatanodeState (InitDatanodeState.java:persistContainerDatanodeDetails(140)) - DatanodeDetails is persisted to /workdir/hadoop-ozone/tools/target/test-dir/MiniOzoneClusterImpl-8d91f153-b4bc-4240-a6a0-161ba1782059/datanode-1/meta/datanode.id
2019-09-19 09:54:51,605 [main] INFO  volume.HddsVolume (HddsVolume.java:<init>(176)) - Creating Volume: /workdir/hadoop-ozone/tools/target/test-dir/MiniOzoneClusterImpl-8d91f153-b4bc-4240-a6a0-161ba1782059/datanode-2/data/containers/hdds of  storage type : DISK and capacity : 1482555576320
2019-09-19 09:54:51,606 [main] INFO  volume.VolumeSet (VolumeSet.java:initializeVolumeSet(170)) - Added Volume : /workdir/hadoop-ozone/tools/target/test-dir/MiniOzoneClusterImpl-8d91f153-b4bc-4240-a6a0-161ba1782059/datanode-2/data/containers/hdds to VolumeSet
2019-09-19 09:54:51,606 [main] INFO  volume.ThrottledAsyncChecker (ThrottledAsyncChecker.java:schedule(140)) - Scheduling a check for org.apache.hadoop.ozone.container.common.volume.HddsVolume@1f884bd6
2019-09-19 09:54:51,607 [main] INFO  volume.HddsVolumeChecker (HddsVolumeChecker.java:checkAllVolumes(203)) - Scheduled health check for volume org.apache.hadoop.ozone.container.common.volume.HddsVolume@1f884bd6
2019-09-19 09:54:51,630 [main] INFO  impl.RaftServerProxy (ConfUtils.java:logGet(43)) - raft.rpc.type = GRPC (default)
2019-09-19 09:54:51,630 [main] INFO  grpc.GrpcFactory (GrpcFactory.java:checkPooledByteBufAllocatorUseCacheForAllThreads(45)) - PERFORMANCE WARNING: useCacheForAllThreads is true that may cause Netty to create a lot garbage objects and, as a result, trigger GC.
	It is recommended to disable useCacheForAllThreads by setting -Dorg.apache.ratis.thirdparty.io.netty.allocator.useCacheForAllThreads=false in command line.
2019-09-19 09:54:51,631 [main] INFO  grpc.GrpcConfigKeys$Server (ConfUtils.java:logGet(43)) - raft.grpc.server.port = 0 (default)
2019-09-19 09:54:51,631 [main] INFO  server.GrpcService (ConfUtils.java:logGet(43)) - raft.grpc.message.size.max = 33570816 (custom)
2019-09-19 09:54:51,631 [main] INFO  server.RaftServerConfigKeys (ConfUtils.java:logGet(43)) - raft.server.log.appender.buffer.byte-limit = 33554432 (custom)
2019-09-19 09:54:51,632 [main] INFO  server.GrpcService (ConfUtils.java:logGet(43)) - raft.grpc.flow.control.window = 1MB (=1048576) (default)
2019-09-19 09:54:51,632 [main] INFO  server.RaftServerConfigKeys (ConfUtils.java:logGet(43)) - raft.server.rpc.request.timeout = 3000ms (default)
2019-09-19 09:54:51,633 [main] INFO  server.RaftServerConfigKeys (ConfUtils.java:logGet(43)) - raft.server.storage.dir = [/workdir/hadoop-ozone/tools/target/test-dir/MiniOzoneClusterImpl-8d91f153-b4bc-4240-a6a0-161ba1782059/datanode-2/data/ratis] (custom)
2019-09-19 09:54:51,634 [main] INFO  replication.SimpleContainerDownloader (SimpleContainerDownloader.java:<init>(72)) - Starting container downloader service to copy containers to replicate.
2019-09-19 09:54:51,635 [main] INFO  hdfs.DFSUtil (DFSUtil.java:httpServerTemplateForNNAndJN(1641)) - Starting Web-server for hddsDatanode at: http://0.0.0.0:0
2019-09-19 09:54:51,637 [main] INFO  server.AuthenticationFilter (AuthenticationFilter.java:constructSecretProvider(240)) - Unable to initialize FileSignerSecretProvider, falling back to use random secrets.
2019-09-19 09:54:51,637 [main] WARN  http.HttpRequestLog (HttpRequestLog.java:getRequestLog(97)) - Jetty request log can only be enabled using Log4j
2019-09-19 09:54:51,639 [main] INFO  http.HttpServer2 (HttpServer2.java:addGlobalFilter(975)) - Added global filter 'safety' (class=org.apache.hadoop.http.HttpServer2$QuotingInputFilter)
2019-09-19 09:54:51,639 [main] INFO  http.HttpServer2 (HttpServer2.java:addFilter(948)) - Added filter static_user_filter (class=org.apache.hadoop.http.lib.StaticUserWebFilter$StaticUserFilter) to context hddsDatanode
2019-09-19 09:54:51,640 [main] INFO  http.HttpServer2 (HttpServer2.java:addFilter(958)) - Added filter static_user_filter (class=org.apache.hadoop.http.lib.StaticUserWebFilter$StaticUserFilter) to context static
2019-09-19 09:54:51,640 [main] INFO  http.HttpServer2 (HttpServer2.java:addFilter(958)) - Added filter static_user_filter (class=org.apache.hadoop.http.lib.StaticUserWebFilter$StaticUserFilter) to context logs
2019-09-19 09:54:51,640 [main] INFO  http.HttpServer2 (HttpServer2.java:bindListener(1191)) - Jetty bound to port 38403
2019-09-19 09:54:51,641 [main] INFO  server.Server (Server.java:doStart(351)) - jetty-9.3.24.v20180605, build timestamp: 2018-06-05T17:11:56Z, git hash: 84205aa28f11a4f31f2a3b86d1bba2cc8ab69827
2019-09-19 09:54:51,643 [main] INFO  handler.ContextHandler (ContextHandler.java:doStart(781)) - Started o.e.j.s.ServletContextHandler@7d2c345d{/logs,file:///workdir/hadoop-ozone/tools/target/log,AVAILABLE}
2019-09-19 09:54:51,643 [main] INFO  handler.ContextHandler (ContextHandler.java:doStart(781)) - Started o.e.j.s.ServletContextHandler@5db948c9{/static,jar:file:/home/user/.m2/repository/org/apache/hadoop/hadoop-hdds-container-service/0.5.0-SNAPSHOT/hadoop-hdds-container-service-0.5.0-SNAPSHOT.jar!/webapps/static,AVAILABLE}
2019-09-19 09:54:51,671 [main] INFO  handler.ContextHandler (ContextHandler.java:doStart(781)) - Started o.e.j.w.WebAppContext@58687fb7{/,file:///tmp/jetty-0.0.0.0-38403-hddsDatanode-_-any-395358201040392159.dir/webapp/,AVAILABLE}{/hddsDatanode}
2019-09-19 09:54:51,671 [main] INFO  server.AbstractConnector (AbstractConnector.java:doStart(278)) - Started ServerConnector@3554bdc0{HTTP/1.1,[http/1.1]}{0.0.0.0:38403}
2019-09-19 09:54:51,672 [main] INFO  server.Server (Server.java:doStart(419)) - Started @7396ms
2019-09-19 09:54:51,675 [main] INFO  server.BaseHttpServer (BaseHttpServer.java:updateConnectorAddress(213)) - HTTP server of HDDSDATANODE is listening at http://0.0.0.0:38403
2019-09-19 09:54:51,820 | INFO  | ObjectStoreRestHttpServer | Listening HDDS REST traffic on /0.0.0.0:36913 |  
2019-09-19 09:54:51,820 [main] INFO  ozone.HddsDatanodeService (HddsDatanodeService.java:startPlugins(395)) - Started plug-in org.apache.hadoop.ozone.web.OzoneHddsDatanodeService@5d194314
2019-09-19 09:54:51,822 [main] INFO  ozone.MiniOzoneClusterImpl (MiniOzoneClusterImpl.java:lambda$waitForClusterToBeReady$0(142)) - Waiting for cluster to be ready. Got 0 of 3 DN Heartbeats.
2019-09-19 09:54:51,823 [org.apache.hadoop.util.JvmPauseMonitor$Monitor@1f83d8c0] INFO  util.JvmPauseMonitor (JvmPauseMonitor.java:run(188)) - Starting JVM pause monitor
2019-09-19 09:54:51,826 [Datanode State Machine Thread - 0] INFO  datanode.InitDatanodeState (InitDatanodeState.java:persistContainerDatanodeDetails(140)) - DatanodeDetails is persisted to /workdir/hadoop-ozone/tools/target/test-dir/MiniOzoneClusterImpl-8d91f153-b4bc-4240-a6a0-161ba1782059/datanode-2/meta/datanode.id
2019-09-19 09:54:52,823 [main] INFO  ozone.MiniOzoneClusterImpl (MiniOzoneClusterImpl.java:lambda$waitForClusterToBeReady$0(142)) - Waiting for cluster to be ready. Got 0 of 3 DN Heartbeats.
2019-09-19 09:54:53,366 | INFO  | SCMAudit | user=jenkins1000 | ip=192.168.34.5 | op=GET_VERSION null | ret=SUCCESS |  
2019-09-19 09:54:53,385 [Datanode State Machine Thread - 0] INFO  ozoneimpl.OzoneContainer (OzoneContainer.java:start(186)) - Attempting to start container services.
2019-09-19 09:54:53,388 [Datanode State Machine Thread - 0] INFO  ozoneimpl.OzoneContainer (OzoneContainer.java:startContainerScrub(160)) - Background container scrubber has been disabled by hdds.containerscrub.enabled
2019-09-19 09:54:53,388 [Datanode State Machine Thread - 0] INFO  ratis.XceiverServerRatis (XceiverServerRatis.java:start(404)) - Starting XceiverServerRatis 90096b95-6771-4ecf-aa77-70b7217912db at port 0
2019-09-19 09:54:53,411 [Datanode State Machine Thread - 0] INFO  impl.RaftServerProxy (RaftServerProxy.java:lambda$start$3(299)) - 90096b95-6771-4ecf-aa77-70b7217912db: start RPC server
2019-09-19 09:54:53,541 [Datanode State Machine Thread - 0] INFO  server.GrpcService (GrpcService.java:startImpl(149)) - 90096b95-6771-4ecf-aa77-70b7217912db: GrpcService started, listening on 0.0.0.0/0.0.0.0:42713
2019-09-19 09:54:53,542 [Datanode State Machine Thread - 0] INFO  ratis.XceiverServerRatis (XceiverServerRatis.java:start(414)) - XceiverServerRatis 90096b95-6771-4ecf-aa77-70b7217912db is started using port 42713
2019-09-19 09:54:53,544 [Datanode State Machine Thread - 0] INFO  server.XceiverServerGrpc (XceiverServerGrpc.java:start(163)) - XceiverServerGrpc 90096b95-6771-4ecf-aa77-70b7217912db is started using port 38011
2019-09-19 09:54:53,596 | INFO  | SCMAudit | user=jenkins1000 | ip=192.168.34.5 | op=GET_VERSION null | ret=SUCCESS |  
2019-09-19 09:54:53,611 [Datanode State Machine Thread - 0] INFO  ozoneimpl.OzoneContainer (OzoneContainer.java:start(186)) - Attempting to start container services.
2019-09-19 09:54:53,613 [Datanode State Machine Thread - 0] INFO  ozoneimpl.OzoneContainer (OzoneContainer.java:startContainerScrub(160)) - Background container scrubber has been disabled by hdds.containerscrub.enabled
2019-09-19 09:54:53,613 [Datanode State Machine Thread - 0] INFO  ratis.XceiverServerRatis (XceiverServerRatis.java:start(404)) - Starting XceiverServerRatis 1b5ff12b-3718-456a-861a-fb86d4c76eb2 at port 0
2019-09-19 09:54:53,622 [Datanode State Machine Thread - 0] INFO  impl.RaftServerProxy (RaftServerProxy.java:lambda$start$3(299)) - 1b5ff12b-3718-456a-861a-fb86d4c76eb2: start RPC server
2019-09-19 09:54:53,625 [Datanode State Machine Thread - 0] INFO  server.GrpcService (GrpcService.java:startImpl(149)) - 1b5ff12b-3718-456a-861a-fb86d4c76eb2: GrpcService started, listening on 0.0.0.0/0.0.0.0:39244
2019-09-19 09:54:53,625 [Datanode State Machine Thread - 0] INFO  ratis.XceiverServerRatis (XceiverServerRatis.java:start(414)) - XceiverServerRatis 1b5ff12b-3718-456a-861a-fb86d4c76eb2 is started using port 39244
2019-09-19 09:54:53,627 [Datanode State Machine Thread - 0] INFO  server.XceiverServerGrpc (XceiverServerGrpc.java:start(163)) - XceiverServerGrpc 1b5ff12b-3718-456a-861a-fb86d4c76eb2 is started using port 33536
2019-09-19 09:54:53,823 [main] INFO  ozone.MiniOzoneClusterImpl (MiniOzoneClusterImpl.java:lambda$waitForClusterToBeReady$0(142)) - Waiting for cluster to be ready. Got 0 of 3 DN Heartbeats.
2019-09-19 09:54:53,826 | INFO  | SCMAudit | user=jenkins1000 | ip=192.168.34.5 | op=GET_VERSION null | ret=SUCCESS |  
2019-09-19 09:54:53,839 [Datanode State Machine Thread - 0] INFO  ozoneimpl.OzoneContainer (OzoneContainer.java:start(186)) - Attempting to start container services.
2019-09-19 09:54:53,841 [Datanode State Machine Thread - 0] INFO  ozoneimpl.OzoneContainer (OzoneContainer.java:startContainerScrub(160)) - Background container scrubber has been disabled by hdds.containerscrub.enabled
2019-09-19 09:54:53,841 [Datanode State Machine Thread - 0] INFO  ratis.XceiverServerRatis (XceiverServerRatis.java:start(404)) - Starting XceiverServerRatis dea0a289-bbd2-4f4b-bbf8-a17c24855de6 at port 0
2019-09-19 09:54:53,849 [Datanode State Machine Thread - 0] INFO  impl.RaftServerProxy (RaftServerProxy.java:lambda$start$3(299)) - dea0a289-bbd2-4f4b-bbf8-a17c24855de6: start RPC server
2019-09-19 09:54:53,851 [Datanode State Machine Thread - 0] INFO  server.GrpcService (GrpcService.java:startImpl(149)) - dea0a289-bbd2-4f4b-bbf8-a17c24855de6: GrpcService started, listening on 0.0.0.0/0.0.0.0:44749
2019-09-19 09:54:53,851 [Datanode State Machine Thread - 0] INFO  ratis.XceiverServerRatis (XceiverServerRatis.java:start(414)) - XceiverServerRatis dea0a289-bbd2-4f4b-bbf8-a17c24855de6 is started using port 44749
2019-09-19 09:54:53,853 [Datanode State Machine Thread - 0] INFO  server.XceiverServerGrpc (XceiverServerGrpc.java:start(163)) - XceiverServerGrpc dea0a289-bbd2-4f4b-bbf8-a17c24855de6 is started using port 33446
2019-09-19 09:54:54,824 [main] INFO  ozone.MiniOzoneClusterImpl (MiniOzoneClusterImpl.java:lambda$waitForClusterToBeReady$0(142)) - Waiting for cluster to be ready. Got 0 of 3 DN Heartbeats.
2019-09-19 09:54:55,391 [IPC Server handler 0 on 45172] INFO  net.NetworkTopology (NetworkTopologyImpl.java:add(110)) - Added a new node: /default-rack/90096b95-6771-4ecf-aa77-70b7217912db
2019-09-19 09:54:55,391 [IPC Server handler 0 on 45172] INFO  node.SCMNodeManager (SCMNodeManager.java:register(273)) - Registered Data node : 90096b95-6771-4ecf-aa77-70b7217912db{ip: 192.168.34.5, host: pr-hdds-1569-j4bt4-3030777008, networkLocation: /default-rack, certSerialId: null}
2019-09-19 09:54:55,396 [EventQueue-NodeRegistrationContainerReportForDataNodeSafeModeRule] INFO  safemode.SCMSafeModeManager (DataNodeSafeModeRule.java:process(71)) - SCM in safe mode. 1 DataNodes registered, 1 required.
2019-09-19 09:54:55,397 [EventQueue-NodeRegistrationContainerReportForDataNodeSafeModeRule] INFO  safemode.SCMSafeModeManager (SCMSafeModeManager.java:validateSafeModeExitRules(177)) - ScmSafeModeManager, all rules are successfully validated
2019-09-19 09:54:55,397 [EventQueue-NodeRegistrationContainerReportForDataNodeSafeModeRule] INFO  safemode.SCMSafeModeManager (SCMSafeModeManager.java:exitSafeMode(193)) - SCM exiting safe mode.
2019-09-19 09:54:55,405 | INFO  | SCMAudit | user=jenkins1000 | ip=192.168.34.5 | op=REGISTER {datanodeDetails=90096b95-6771-4ecf-aa77-70b7217912db{ip: 192.168.34.5, host: pr-hdds-1569-j4bt4-3030777008, networkLocation: /default-rack, certSerialId: null}} | ret=SUCCESS |  
2019-09-19 09:54:55,599 [IPC Server handler 3 on 45172] INFO  net.NetworkTopology (NetworkTopologyImpl.java:add(110)) - Added a new node: /default-rack/1b5ff12b-3718-456a-861a-fb86d4c76eb2
2019-09-19 09:54:55,599 [IPC Server handler 3 on 45172] INFO  node.SCMNodeManager (SCMNodeManager.java:register(273)) - Registered Data node : 1b5ff12b-3718-456a-861a-fb86d4c76eb2{ip: 192.168.34.5, host: pr-hdds-1569-j4bt4-3030777008, networkLocation: /default-rack, certSerialId: null}
2019-09-19 09:54:55,600 | INFO  | SCMAudit | user=jenkins1000 | ip=192.168.34.5 | op=REGISTER {datanodeDetails=1b5ff12b-3718-456a-861a-fb86d4c76eb2{ip: 192.168.34.5, host: pr-hdds-1569-j4bt4-3030777008, networkLocation: /default-rack, certSerialId: null}} | ret=SUCCESS |  
2019-09-19 09:54:55,827 [main] INFO  ozone.MiniOzoneClusterImpl (MiniOzoneClusterImpl.java:lambda$waitForClusterToBeReady$0(142)) - Waiting for cluster to be ready. Got 2 of 3 DN Heartbeats.
2019-09-19 09:54:55,828 [IPC Server handler 2 on 45172] INFO  net.NetworkTopology (NetworkTopologyImpl.java:add(110)) - Added a new node: /default-rack/dea0a289-bbd2-4f4b-bbf8-a17c24855de6
2019-09-19 09:54:55,828 [IPC Server handler 2 on 45172] INFO  node.SCMNodeManager (SCMNodeManager.java:register(273)) - Registered Data node : dea0a289-bbd2-4f4b-bbf8-a17c24855de6{ip: 192.168.34.5, host: pr-hdds-1569-j4bt4-3030777008, networkLocation: /default-rack, certSerialId: null}
2019-09-19 09:54:55,829 | INFO  | SCMAudit | user=jenkins1000 | ip=192.168.34.5 | op=REGISTER {datanodeDetails=dea0a289-bbd2-4f4b-bbf8-a17c24855de6{ip: 192.168.34.5, host: pr-hdds-1569-j4bt4-3030777008, networkLocation: /default-rack, certSerialId: null}} | ret=SUCCESS |  
2019-09-19 09:54:56,457 [grpc-default-executor-0] INFO  impl.RaftServerProxy (RaftServerProxy.java:addNew(89)) - 90096b95-6771-4ecf-aa77-70b7217912db: addNew group-9B8F1BF8C713:[90096b95-6771-4ecf-aa77-70b7217912db:192.168.34.5:42713] returns group-9B8F1BF8C713:java.util.concurrent.CompletableFuture@26bae234[Not completed]
2019-09-19 09:54:56,477 [pool-27-thread-1] INFO  impl.RaftServerImpl (RaftServerImpl.java:<init>(93)) - 90096b95-6771-4ecf-aa77-70b7217912db: new RaftServerImpl for group-9B8F1BF8C713:[90096b95-6771-4ecf-aa77-70b7217912db:192.168.34.5:42713] with ContainerStateMachine:uninitialized
2019-09-19 09:54:56,479 [pool-27-thread-1] INFO  server.RaftServerConfigKeys (ConfUtils.java:logGet(43)) - raft.server.rpc.timeout.min = 5s (custom)
2019-09-19 09:54:56,480 [pool-27-thread-1] INFO  server.RaftServerConfigKeys (ConfUtils.java:logGet(43)) - raft.server.rpc.timeout.max = 5200ms (custom)
2019-09-19 09:54:56,481 [pool-27-thread-1] INFO  server.RaftServerConfigKeys (ConfUtils.java:logGet(43)) - raft.server.rpcslowness.timeout = 120s (custom)
2019-09-19 09:54:56,481 [pool-27-thread-1] INFO  server.RaftServerConfigKeys (ConfUtils.java:logGet(43)) - raft.server.sleep.deviation.threshold = 300 (default)
2019-09-19 09:54:56,483 [pool-27-thread-1] INFO  server.RaftServerConfigKeys (ConfUtils.java:logGet(43)) - raft.server.log.appender.install.snapshot.enabled = false (custom)
2019-09-19 09:54:56,492 [pool-27-thread-1] INFO  impl.RaftServerImpl (ServerState.java:<init>(105)) - 90096b95-6771-4ecf-aa77-70b7217912db:group-9B8F1BF8C713 ConfigurationManager, init=-1: [90096b95-6771-4ecf-aa77-70b7217912db:192.168.34.5:42713], old=null, confs=<EMPTY_MAP>
2019-09-19 09:54:56,493 [pool-27-thread-1] INFO  server.RaftServerConfigKeys (ConfUtils.java:logGet(43)) - raft.server.storage.dir = [/workdir/hadoop-ozone/tools/target/test-dir/MiniOzoneClusterImpl-8d91f153-b4bc-4240-a6a0-161ba1782059/datanode-0/data/ratis] (custom)
2019-09-19 09:54:56,502 [pool-27-thread-1] INFO  storage.RaftStorageDirectory (RaftStorageDirectory.java:analyzeStorage(246)) - The storage directory /workdir/hadoop-ozone/tools/target/test-dir/MiniOzoneClusterImpl-8d91f153-b4bc-4240-a6a0-161ba1782059/datanode-0/data/ratis/17ab60ee-4e4b-43cc-9fe3-9b8f1bf8c713 does not exist. Creating ...
2019-09-19 09:54:56,519 [pool-27-thread-1] INFO  storage.RaftStorageDirectory (RaftStorageDirectory.java:tryLock(328)) - Lock on /workdir/hadoop-ozone/tools/target/test-dir/MiniOzoneClusterImpl-8d91f153-b4bc-4240-a6a0-161ba1782059/datanode-0/data/ratis/17ab60ee-4e4b-43cc-9fe3-9b8f1bf8c713/in_use.lock acquired by nodename 15688@pr-hdds-1569-j4bt4-3030777008
2019-09-19 09:54:56,525 [pool-27-thread-1] INFO  storage.RaftStorage (RaftStorage.java:format(72)) - Storage directory /workdir/hadoop-ozone/tools/target/test-dir/MiniOzoneClusterImpl-8d91f153-b4bc-4240-a6a0-161ba1782059/datanode-0/data/ratis/17ab60ee-4e4b-43cc-9fe3-9b8f1bf8c713 has been successfully formatted.
2019-09-19 09:54:56,528 [pool-27-thread-1] INFO  ratis.ContainerStateMachine (ContainerStateMachine.java:loadSnapshot(226)) - group-9B8F1BF8C713: The snapshot info is null. Setting the last applied indexto:(t:0, i:~)
2019-09-19 09:54:56,528 [pool-27-thread-1] INFO  server.RaftServerConfigKeys (ConfUtils.java:logGet(43)) - raft.server.leader.election.timeout = 120s (custom)
2019-09-19 09:54:56,530 [pool-27-thread-1] INFO  server.RaftServerConfigKeys (ConfUtils.java:logGet(43)) - raft.server.log.use.memory = false (default)
2019-09-19 09:54:56,537 [pool-27-thread-1] INFO  server.RaftServerConfigKeys (ConfUtils.java:logGet(43)) - raft.server.log.purge.gap = 1000000 (custom)
2019-09-19 09:54:56,537 [pool-27-thread-1] INFO  server.RaftServerConfigKeys (ConfUtils.java:logGet(43)) - raft.server.log.appender.buffer.byte-limit = 33554432 (custom)
2019-09-19 09:54:56,539 [pool-27-thread-1] INFO  server.RaftServerConfigKeys (ConfUtils.java:logGet(43)) - raft.server.log.segment.size.max = 1048576 (custom)
2019-09-19 09:54:56,544 [pool-27-thread-1] INFO  server.RaftServerConfigKeys (ConfUtils.java:logGet(43)) - raft.server.log.segment.cache.num.max = 2 (custom)
2019-09-19 09:54:56,551 [pool-27-thread-1] INFO  segmented.SegmentedRaftLogWorker (SegmentedRaftLogWorker.java:<init>(172)) - new 90096b95-6771-4ecf-aa77-70b7217912db-SegmentedRaftLogWorker:Storage Directory /workdir/hadoop-ozone/tools/target/test-dir/MiniOzoneClusterImpl-8d91f153-b4bc-4240-a6a0-161ba1782059/datanode-0/data/ratis/17ab60ee-4e4b-43cc-9fe3-9b8f1bf8c713 for RaftStorage:Storage Directory /workdir/hadoop-ozone/tools/target/test-dir/MiniOzoneClusterImpl-8d91f153-b4bc-4240-a6a0-161ba1782059/datanode-0/data/ratis/17ab60ee-4e4b-43cc-9fe3-9b8f1bf8c713
2019-09-19 09:54:56,565 [pool-27-thread-1] INFO  server.RaftServerConfigKeys (ConfUtils.java:logGet(43)) - raft.server.log.queue.byte-limit = 2147483647 (custom)
2019-09-19 09:54:56,566 [pool-27-thread-1] INFO  server.RaftServerConfigKeys (ConfUtils.java:logGet(43)) - raft.server.log.queue.element-limit = 1024 (custom)
2019-09-19 09:54:56,571 [pool-27-thread-1] INFO  server.RaftServerConfigKeys (ConfUtils.java:logGet(43)) - raft.server.log.segment.size.max = 1048576 (custom)
2019-09-19 09:54:56,572 [pool-27-thread-1] INFO  server.RaftServerConfigKeys (ConfUtils.java:logGet(43)) - raft.server.log.preallocated.size = 16384 (custom)
2019-09-19 09:54:56,572 [pool-27-thread-1] INFO  server.RaftServerConfigKeys (ConfUtils.java:logGet(43)) - raft.server.log.write.buffer.size = 33554432 (custom)
2019-09-19 09:54:56,573 [pool-27-thread-1] INFO  server.RaftServerConfigKeys (ConfUtils.java:logGet(43)) - raft.server.log.force.sync.num = 128 (default)
2019-09-19 09:54:56,574 [pool-27-thread-1] INFO  server.RaftServerConfigKeys (ConfUtils.java:logGet(43)) - raft.server.log.statemachine.data.sync = true (default)
2019-09-19 09:54:56,574 [pool-27-thread-1] INFO  server.RaftServerConfigKeys (ConfUtils.java:logGet(43)) - raft.server.log.statemachine.data.sync.timeout = 10s (default)
2019-09-19 09:54:56,574 [pool-27-thread-1] INFO  server.RaftServerConfigKeys (ConfUtils.java:logGet(43)) - raft.server.log.statemachine.data.sync.timeout.retry = -1 (default)
2019-09-19 09:54:56,585 [pool-27-thread-1] INFO  server.RaftServerConfigKeys (ConfUtils.java:logGet(43)) - raft.server.log.statemachine.data.caching.enabled = true (custom)
2019-09-19 09:54:56,589 [pool-27-thread-1] INFO  segmented.SegmentedRaftLogWorker (SegmentedRaftLogWorker.java:lambda$new$0(132)) - 90096b95-6771-4ecf-aa77-70b7217912db-SegmentedRaftLogWorker:Storage Directory /workdir/hadoop-ozone/tools/target/test-dir/MiniOzoneClusterImpl-8d91f153-b4bc-4240-a6a0-161ba1782059/datanode-0/data/ratis/17ab60ee-4e4b-43cc-9fe3-9b8f1bf8c713: flushIndex: setUnconditionally 0 -> -1
2019-09-19 09:54:56,594 [pool-27-thread-1] INFO  server.RaftServerConfigKeys (ConfUtils.java:logGet(43)) - raft.server.snapshot.auto.trigger.enabled = true (custom)
2019-09-19 09:54:56,595 [pool-27-thread-1] INFO  server.RaftServerConfigKeys (ConfUtils.java:logGet(43)) - raft.server.snapshot.auto.trigger.threshold = 10000 (custom)
2019-09-19 09:54:56,595 [pool-27-thread-1] INFO  server.RaftServerConfigKeys (ConfUtils.java:logGet(43)) - raft.server.retrycache.expirytime = 600000ms (custom)
2019-09-19 09:54:56,615 [pool-27-thread-1] INFO  impl.RaftServerImpl (RaftServerImpl.java:start(180)) - 90096b95-6771-4ecf-aa77-70b7217912db: start group-9B8F1BF8C713
2019-09-19 09:54:56,616 [pool-27-thread-1] INFO  impl.RaftServerImpl (RaftServerImpl.java:setRole(171)) - 90096b95-6771-4ecf-aa77-70b7217912db:group-9B8F1BF8C713 changes role from null to FOLLOWER at term 0 for startAsFollower
2019-09-19 09:54:56,617 [pool-27-thread-1] INFO  impl.RoleInfo (RoleInfo.java:updateAndGet(143)) - 90096b95-6771-4ecf-aa77-70b7217912db: start FollowerState
2019-09-19 09:54:56,618 [pool-27-thread-1] INFO  util.JmxRegister (JmxRegister.java:tryRegister(44)) - Successfully registered JMX Bean with object name Ratis:service=RaftServer,group=group-9B8F1BF8C713,id=90096b95-6771-4ecf-aa77-70b7217912db
2019-09-19 09:54:56,682 [RatisPipelineUtilsThread] INFO  pipeline.PipelineStateManager (PipelineStateManager.java:addPipeline(56)) - Created pipeline Pipeline[ Id: 17ab60ee-4e4b-43cc-9fe3-9b8f1bf8c713, Nodes: 90096b95-6771-4ecf-aa77-70b7217912db{ip: 192.168.34.5, host: pr-hdds-1569-j4bt4-3030777008, networkLocation: /default-rack, certSerialId: null}, Type:RATIS, Factor:ONE, State:OPEN]
2019-09-19 09:54:56,706 [grpc-default-executor-0] INFO  impl.RaftServerProxy (RaftServerProxy.java:addNew(89)) - dea0a289-bbd2-4f4b-bbf8-a17c24855de6: addNew group-EF18F38ED113:[dea0a289-bbd2-4f4b-bbf8-a17c24855de6:192.168.34.5:44749] returns group-EF18F38ED113:java.util.concurrent.CompletableFuture@3998d70f[Not completed]
2019-09-19 09:54:56,744 [pool-49-thread-1] INFO  impl.RaftServerImpl (RaftServerImpl.java:<init>(93)) - dea0a289-bbd2-4f4b-bbf8-a17c24855de6: new RaftServerImpl for group-EF18F38ED113:[dea0a289-bbd2-4f4b-bbf8-a17c24855de6:192.168.34.5:44749] with ContainerStateMachine:uninitialized
2019-09-19 09:54:56,745 [pool-49-thread-1] INFO  server.RaftServerConfigKeys (ConfUtils.java:logGet(43)) - raft.server.rpc.timeout.min = 5s (custom)
2019-09-19 09:54:56,746 [pool-49-thread-1] INFO  server.RaftServerConfigKeys (ConfUtils.java:logGet(43)) - raft.server.rpc.timeout.max = 5200ms (custom)
2019-09-19 09:54:56,746 [pool-49-thread-1] INFO  server.RaftServerConfigKeys (ConfUtils.java:logGet(43)) - raft.server.rpcslowness.timeout = 120s (custom)
2019-09-19 09:54:56,746 [pool-49-thread-1] INFO  server.RaftServerConfigKeys (ConfUtils.java:logGet(43)) - raft.server.sleep.deviation.threshold = 300 (default)
2019-09-19 09:54:56,746 [pool-49-thread-1] INFO  server.RaftServerConfigKeys (ConfUtils.java:logGet(43)) - raft.server.log.appender.install.snapshot.enabled = false (custom)
2019-09-19 09:54:56,746 [pool-49-thread-1] INFO  impl.RaftServerImpl (ServerState.java:<init>(105)) - dea0a289-bbd2-4f4b-bbf8-a17c24855de6:group-EF18F38ED113 ConfigurationManager, init=-1: [dea0a289-bbd2-4f4b-bbf8-a17c24855de6:192.168.34.5:44749], old=null, confs=<EMPTY_MAP>
2019-09-19 09:54:56,746 [pool-49-thread-1] INFO  server.RaftServerConfigKeys (ConfUtils.java:logGet(43)) - raft.server.storage.dir = [/workdir/hadoop-ozone/tools/target/test-dir/MiniOzoneClusterImpl-8d91f153-b4bc-4240-a6a0-161ba1782059/datanode-2/data/ratis] (custom)
2019-09-19 09:54:56,747 [pool-49-thread-1] INFO  storage.RaftStorageDirectory (RaftStorageDirectory.java:analyzeStorage(246)) - The storage directory /workdir/hadoop-ozone/tools/target/test-dir/MiniOzoneClusterImpl-8d91f153-b4bc-4240-a6a0-161ba1782059/datanode-2/data/ratis/79cfe22f-d530-4d58-879f-ef18f38ed113 does not exist. Creating ...
2019-09-19 09:54:56,759 [pool-49-thread-1] INFO  storage.RaftStorageDirectory (RaftStorageDirectory.java:tryLock(328)) - Lock on /workdir/hadoop-ozone/tools/target/test-dir/MiniOzoneClusterImpl-8d91f153-b4bc-4240-a6a0-161ba1782059/datanode-2/data/ratis/79cfe22f-d530-4d58-879f-ef18f38ed113/in_use.lock acquired by nodename 15688@pr-hdds-1569-j4bt4-3030777008
2019-09-19 09:54:56,763 [pool-49-thread-1] INFO  storage.RaftStorage (RaftStorage.java:format(72)) - Storage directory /workdir/hadoop-ozone/tools/target/test-dir/MiniOzoneClusterImpl-8d91f153-b4bc-4240-a6a0-161ba1782059/datanode-2/data/ratis/79cfe22f-d530-4d58-879f-ef18f38ed113 has been successfully formatted.
2019-09-19 09:54:56,764 [pool-49-thread-1] INFO  ratis.ContainerStateMachine (ContainerStateMachine.java:loadSnapshot(226)) - group-EF18F38ED113: The snapshot info is null. Setting the last applied indexto:(t:0, i:~)
2019-09-19 09:54:56,764 [pool-49-thread-1] INFO  server.RaftServerConfigKeys (ConfUtils.java:logGet(43)) - raft.server.leader.election.timeout = 120s (custom)
2019-09-19 09:54:56,765 [pool-49-thread-1] INFO  server.RaftServerConfigKeys (ConfUtils.java:logGet(43)) - raft.server.log.use.memory = false (default)
2019-09-19 09:54:56,765 [pool-49-thread-1] INFO  server.RaftServerConfigKeys (ConfUtils.java:logGet(43)) - raft.server.log.purge.gap = 1000000 (custom)
2019-09-19 09:54:56,765 [pool-49-thread-1] INFO  server.RaftServerConfigKeys (ConfUtils.java:logGet(43)) - raft.server.log.appender.buffer.byte-limit = 33554432 (custom)
2019-09-19 09:54:56,765 [pool-49-thread-1] INFO  server.RaftServerConfigKeys (ConfUtils.java:logGet(43)) - raft.server.log.segment.size.max = 1048576 (custom)
2019-09-19 09:54:56,765 [pool-49-thread-1] INFO  server.RaftServerConfigKeys (ConfUtils.java:logGet(43)) - raft.server.log.segment.cache.num.max = 2 (custom)
2019-09-19 09:54:56,765 [pool-49-thread-1] INFO  segmented.SegmentedRaftLogWorker (SegmentedRaftLogWorker.java:<init>(172)) - new dea0a289-bbd2-4f4b-bbf8-a17c24855de6-SegmentedRaftLogWorker:Storage Directory /workdir/hadoop-ozone/tools/target/test-dir/MiniOzoneClusterImpl-8d91f153-b4bc-4240-a6a0-161ba1782059/datanode-2/data/ratis/79cfe22f-d530-4d58-879f-ef18f38ed113 for RaftStorage:Storage Directory /workdir/hadoop-ozone/tools/target/test-dir/MiniOzoneClusterImpl-8d91f153-b4bc-4240-a6a0-161ba1782059/datanode-2/data/ratis/79cfe22f-d530-4d58-879f-ef18f38ed113
2019-09-19 09:54:56,766 [pool-49-thread-1] INFO  server.RaftServerConfigKeys (ConfUtils.java:logGet(43)) - raft.server.log.queue.byte-limit = 2147483647 (custom)
2019-09-19 09:54:56,766 [pool-49-thread-1] INFO  server.RaftServerConfigKeys (ConfUtils.java:logGet(43)) - raft.server.log.queue.element-limit = 1024 (custom)
2019-09-19 09:54:56,766 [pool-49-thread-1] INFO  server.RaftServerConfigKeys (ConfUtils.java:logGet(43)) - raft.server.log.segment.size.max = 1048576 (custom)
2019-09-19 09:54:56,767 [pool-49-thread-1] INFO  server.RaftServerConfigKeys (ConfUtils.java:logGet(43)) - raft.server.log.preallocated.size = 16384 (custom)
2019-09-19 09:54:56,767 [pool-49-thread-1] INFO  server.RaftServerConfigKeys (ConfUtils.java:logGet(43)) - raft.server.log.write.buffer.size = 33554432 (custom)
2019-09-19 09:54:56,767 [pool-49-thread-1] INFO  server.RaftServerConfigKeys (ConfUtils.java:logGet(43)) - raft.server.log.force.sync.num = 128 (default)
2019-09-19 09:54:56,767 [pool-49-thread-1] INFO  server.RaftServerConfigKeys (ConfUtils.java:logGet(43)) - raft.server.log.statemachine.data.sync = true (default)
2019-09-19 09:54:56,767 [pool-49-thread-1] INFO  server.RaftServerConfigKeys (ConfUtils.java:logGet(43)) - raft.server.log.statemachine.data.sync.timeout = 10s (default)
2019-09-19 09:54:56,767 [pool-49-thread-1] INFO  server.RaftServerConfigKeys (ConfUtils.java:logGet(43)) - raft.server.log.statemachine.data.sync.timeout.retry = -1 (default)
2019-09-19 09:54:56,768 [pool-49-thread-1] INFO  server.RaftServerConfigKeys (ConfUtils.java:logGet(43)) - raft.server.log.statemachine.data.caching.enabled = true (custom)
2019-09-19 09:54:56,768 [pool-49-thread-1] INFO  segmented.SegmentedRaftLogWorker (SegmentedRaftLogWorker.java:lambda$new$0(132)) - dea0a289-bbd2-4f4b-bbf8-a17c24855de6-SegmentedRaftLogWorker:Storage Directory /workdir/hadoop-ozone/tools/target/test-dir/MiniOzoneClusterImpl-8d91f153-b4bc-4240-a6a0-161ba1782059/datanode-2/data/ratis/79cfe22f-d530-4d58-879f-ef18f38ed113: flushIndex: setUnconditionally 0 -> -1
2019-09-19 09:54:56,768 [pool-49-thread-1] INFO  server.RaftServerConfigKeys (ConfUtils.java:logGet(43)) - raft.server.snapshot.auto.trigger.enabled = true (custom)
2019-09-19 09:54:56,768 [pool-49-thread-1] INFO  server.RaftServerConfigKeys (ConfUtils.java:logGet(43)) - raft.server.snapshot.auto.trigger.threshold = 10000 (custom)
2019-09-19 09:54:56,768 [pool-49-thread-1] INFO  server.RaftServerConfigKeys (ConfUtils.java:logGet(43)) - raft.server.retrycache.expirytime = 600000ms (custom)
2019-09-19 09:54:56,769 [pool-49-thread-1] INFO  impl.RaftServerImpl (RaftServerImpl.java:start(180)) - dea0a289-bbd2-4f4b-bbf8-a17c24855de6: start group-EF18F38ED113
2019-09-19 09:54:56,769 [pool-49-thread-1] INFO  impl.RaftServerImpl (RaftServerImpl.java:setRole(171)) - dea0a289-bbd2-4f4b-bbf8-a17c24855de6:group-EF18F38ED113 changes role from null to FOLLOWER at term 0 for startAsFollower
2019-09-19 09:54:56,769 [pool-49-thread-1] INFO  impl.RoleInfo (RoleInfo.java:updateAndGet(143)) - dea0a289-bbd2-4f4b-bbf8-a17c24855de6: start FollowerState
2019-09-19 09:54:56,770 [pool-49-thread-1] INFO  util.JmxRegister (JmxRegister.java:tryRegister(44)) - Successfully registered JMX Bean with object name Ratis:service=RaftServer,group=group-EF18F38ED113,id=dea0a289-bbd2-4f4b-bbf8-a17c24855de6
2019-09-19 09:54:56,784 [RatisPipelineUtilsThread] INFO  pipeline.PipelineStateManager (PipelineStateManager.java:addPipeline(56)) - Created pipeline Pipeline[ Id: 79cfe22f-d530-4d58-879f-ef18f38ed113, Nodes: dea0a289-bbd2-4f4b-bbf8-a17c24855de6{ip: 192.168.34.5, host: pr-hdds-1569-j4bt4-3030777008, networkLocation: /default-rack, certSerialId: null}, Type:RATIS, Factor:ONE, State:OPEN]
2019-09-19 09:54:56,805 [grpc-default-executor-0] INFO  impl.RaftServerProxy (RaftServerProxy.java:addNew(89)) - 1b5ff12b-3718-456a-861a-fb86d4c76eb2: addNew group-F41869E1EF6B:[1b5ff12b-3718-456a-861a-fb86d4c76eb2:192.168.34.5:39244] returns group-F41869E1EF6B:java.util.concurrent.CompletableFuture@29c5658a[Not completed]
2019-09-19 09:54:56,812 [pool-38-thread-1] INFO  impl.RaftServerImpl (RaftServerImpl.java:<init>(93)) - 1b5ff12b-3718-456a-861a-fb86d4c76eb2: new RaftServerImpl for group-F41869E1EF6B:[1b5ff12b-3718-456a-861a-fb86d4c76eb2:192.168.34.5:39244] with ContainerStateMachine:uninitialized
2019-09-19 09:54:56,813 [pool-38-thread-1] INFO  server.RaftServerConfigKeys (ConfUtils.java:logGet(43)) - raft.server.rpc.timeout.min = 5s (custom)
2019-09-19 09:54:56,814 [pool-38-thread-1] INFO  server.RaftServerConfigKeys (ConfUtils.java:logGet(43)) - raft.server.rpc.timeout.max = 5200ms (custom)
2019-09-19 09:54:56,814 [pool-38-thread-1] INFO  server.RaftServerConfigKeys (ConfUtils.java:logGet(43)) - raft.server.rpcslowness.timeout = 120s (custom)
2019-09-19 09:54:56,814 [pool-38-thread-1] INFO  server.RaftServerConfigKeys (ConfUtils.java:logGet(43)) - raft.server.sleep.deviation.threshold = 300 (default)
2019-09-19 09:54:56,814 [pool-38-thread-1] INFO  server.RaftServerConfigKeys (ConfUtils.java:logGet(43)) - raft.server.log.appender.install.snapshot.enabled = false (custom)
2019-09-19 09:54:56,814 [pool-38-thread-1] INFO  impl.RaftServerImpl (ServerState.java:<init>(105)) - 1b5ff12b-3718-456a-861a-fb86d4c76eb2:group-F41869E1EF6B ConfigurationManager, init=-1: [1b5ff12b-3718-456a-861a-fb86d4c76eb2:192.168.34.5:39244], old=null, confs=<EMPTY_MAP>
2019-09-19 09:54:56,815 [pool-38-thread-1] INFO  server.RaftServerConfigKeys (ConfUtils.java:logGet(43)) - raft.server.storage.dir = [/workdir/hadoop-ozone/tools/target/test-dir/MiniOzoneClusterImpl-8d91f153-b4bc-4240-a6a0-161ba1782059/datanode-1/data/ratis] (custom)
2019-09-19 09:54:56,815 [pool-38-thread-1] INFO  storage.RaftStorageDirectory (RaftStorageDirectory.java:analyzeStorage(246)) - The storage directory /workdir/hadoop-ozone/tools/target/test-dir/MiniOzoneClusterImpl-8d91f153-b4bc-4240-a6a0-161ba1782059/datanode-1/data/ratis/4d2eac7f-6aaa-4070-9248-f41869e1ef6b does not exist. Creating ...
2019-09-19 09:54:56,827 [main] INFO  ozone.MiniOzoneClusterImpl (MiniOzoneClusterImpl.java:lambda$waitForClusterToBeReady$0(142)) - Cluster is ready. Got 3 of 3 DN Heartbeats.
2019-09-19 09:54:56,835 [pool-38-thread-1] INFO  storage.RaftStorageDirectory (RaftStorageDirectory.java:tryLock(328)) - Lock on /workdir/hadoop-ozone/tools/target/test-dir/MiniOzoneClusterImpl-8d91f153-b4bc-4240-a6a0-161ba1782059/datanode-1/data/ratis/4d2eac7f-6aaa-4070-9248-f41869e1ef6b/in_use.lock acquired by nodename 15688@pr-hdds-1569-j4bt4-3030777008
2019-09-19 09:54:56,849 [pool-38-thread-1] INFO  storage.RaftStorage (RaftStorage.java:format(72)) - Storage directory /workdir/hadoop-ozone/tools/target/test-dir/MiniOzoneClusterImpl-8d91f153-b4bc-4240-a6a0-161ba1782059/datanode-1/data/ratis/4d2eac7f-6aaa-4070-9248-f41869e1ef6b has been successfully formatted.
2019-09-19 09:54:56,849 [pool-38-thread-1] INFO  ratis.ContainerStateMachine (ContainerStateMachine.java:loadSnapshot(226)) - group-F41869E1EF6B: The snapshot info is null. Setting the last applied indexto:(t:0, i:~)
2019-09-19 09:54:56,849 [pool-38-thread-1] INFO  server.RaftServerConfigKeys (ConfUtils.java:logGet(43)) - raft.server.leader.election.timeout = 120s (custom)
2019-09-19 09:54:56,850 [pool-38-thread-1] INFO  server.RaftServerConfigKeys (ConfUtils.java:logGet(43)) - raft.server.log.use.memory = false (default)
2019-09-19 09:54:56,850 [pool-38-thread-1] INFO  server.RaftServerConfigKeys (ConfUtils.java:logGet(43)) - raft.server.log.purge.gap = 1000000 (custom)
2019-09-19 09:54:56,850 [pool-38-thread-1] INFO  server.RaftServerConfigKeys (ConfUtils.java:logGet(43)) - raft.server.log.appender.buffer.byte-limit = 33554432 (custom)
2019-09-19 09:54:56,850 [pool-38-thread-1] INFO  server.RaftServerConfigKeys (ConfUtils.java:logGet(43)) - raft.server.log.segment.size.max = 1048576 (custom)
2019-09-19 09:54:56,850 [pool-38-thread-1] INFO  server.RaftServerConfigKeys (ConfUtils.java:logGet(43)) - raft.server.log.segment.cache.num.max = 2 (custom)
2019-09-19 09:54:56,851 [pool-38-thread-1] INFO  segmented.SegmentedRaftLogWorker (SegmentedRaftLogWorker.java:<init>(172)) - new 1b5ff12b-3718-456a-861a-fb86d4c76eb2-SegmentedRaftLogWorker:Storage Directory /workdir/hadoop-ozone/tools/target/test-dir/MiniOzoneClusterImpl-8d91f153-b4bc-4240-a6a0-161ba1782059/datanode-1/data/ratis/4d2eac7f-6aaa-4070-9248-f41869e1ef6b for RaftStorage:Storage Directory /workdir/hadoop-ozone/tools/target/test-dir/MiniOzoneClusterImpl-8d91f153-b4bc-4240-a6a0-161ba1782059/datanode-1/data/ratis/4d2eac7f-6aaa-4070-9248-f41869e1ef6b
2019-09-19 09:54:56,851 [pool-38-thread-1] INFO  server.RaftServerConfigKeys (ConfUtils.java:logGet(43)) - raft.server.log.queue.byte-limit = 2147483647 (custom)
2019-09-19 09:54:56,851 [pool-38-thread-1] INFO  server.RaftServerConfigKeys (ConfUtils.java:logGet(43)) - raft.server.log.queue.element-limit = 1024 (custom)
2019-09-19 09:54:56,852 [pool-38-thread-1] INFO  server.RaftServerConfigKeys (ConfUtils.java:logGet(43)) - raft.server.log.segment.size.max = 1048576 (custom)
2019-09-19 09:54:56,852 [pool-38-thread-1] INFO  server.RaftServerConfigKeys (ConfUtils.java:logGet(43)) - raft.server.log.preallocated.size = 16384 (custom)
2019-09-19 09:54:56,852 [pool-38-thread-1] INFO  server.RaftServerConfigKeys (ConfUtils.java:logGet(43)) - raft.server.log.write.buffer.size = 33554432 (custom)
2019-09-19 09:54:56,852 [pool-38-thread-1] INFO  server.RaftServerConfigKeys (ConfUtils.java:logGet(43)) - raft.server.log.force.sync.num = 128 (default)
2019-09-19 09:54:56,852 [pool-38-thread-1] INFO  server.RaftServerConfigKeys (ConfUtils.java:logGet(43)) - raft.server.log.statemachine.data.sync = true (default)
2019-09-19 09:54:56,853 [pool-38-thread-1] INFO  server.RaftServerConfigKeys (ConfUtils.java:logGet(43)) - raft.server.log.statemachine.data.sync.timeout = 10s (default)
2019-09-19 09:54:56,853 [pool-38-thread-1] INFO  server.RaftServerConfigKeys (ConfUtils.java:logGet(43)) - raft.server.log.statemachine.data.sync.timeout.retry = -1 (default)
2019-09-19 09:54:56,853 [pool-38-thread-1] INFO  server.RaftServerConfigKeys (ConfUtils.java:logGet(43)) - raft.server.log.statemachine.data.caching.enabled = true (custom)
2019-09-19 09:54:56,854 [pool-38-thread-1] INFO  segmented.SegmentedRaftLogWorker (SegmentedRaftLogWorker.java:lambda$new$0(132)) - 1b5ff12b-3718-456a-861a-fb86d4c76eb2-SegmentedRaftLogWorker:Storage Directory /workdir/hadoop-ozone/tools/target/test-dir/MiniOzoneClusterImpl-8d91f153-b4bc-4240-a6a0-161ba1782059/datanode-1/data/ratis/4d2eac7f-6aaa-4070-9248-f41869e1ef6b: flushIndex: setUnconditionally 0 -> -1
2019-09-19 09:54:56,854 [pool-38-thread-1] INFO  server.RaftServerConfigKeys (ConfUtils.java:logGet(43)) - raft.server.snapshot.auto.trigger.enabled = true (custom)
2019-09-19 09:54:56,854 [pool-38-thread-1] INFO  server.RaftServerConfigKeys (ConfUtils.java:logGet(43)) - raft.server.snapshot.auto.trigger.threshold = 10000 (custom)
2019-09-19 09:54:56,855 [pool-38-thread-1] INFO  server.RaftServerConfigKeys (ConfUtils.java:logGet(43)) - raft.server.retrycache.expirytime = 600000ms (custom)
2019-09-19 09:54:56,855 [pool-38-thread-1] INFO  impl.RaftServerImpl (RaftServerImpl.java:start(180)) - 1b5ff12b-3718-456a-861a-fb86d4c76eb2: start group-F41869E1EF6B
2019-09-19 09:54:56,855 [pool-38-thread-1] INFO  impl.RaftServerImpl (RaftServerImpl.java:setRole(171)) - 1b5ff12b-3718-456a-861a-fb86d4c76eb2:group-F41869E1EF6B changes role from null to FOLLOWER at term 0 for startAsFollower
2019-09-19 09:54:56,855 [pool-38-thread-1] INFO  impl.RoleInfo (RoleInfo.java:updateAndGet(143)) - 1b5ff12b-3718-456a-861a-fb86d4c76eb2: start FollowerState
2019-09-19 09:54:56,856 [pool-38-thread-1] INFO  util.JmxRegister (JmxRegister.java:tryRegister(44)) - Successfully registered JMX Bean with object name Ratis:service=RaftServer,group=group-F41869E1EF6B,id=1b5ff12b-3718-456a-861a-fb86d4c76eb2
2019-09-19 09:54:56,869 [RatisPipelineUtilsThread] INFO  pipeline.PipelineStateManager (PipelineStateManager.java:addPipeline(56)) - Created pipeline Pipeline[ Id: 4d2eac7f-6aaa-4070-9248-f41869e1ef6b, Nodes: 1b5ff12b-3718-456a-861a-fb86d4c76eb2{ip: 192.168.34.5, host: pr-hdds-1569-j4bt4-3030777008, networkLocation: /default-rack, certSerialId: null}, Type:RATIS, Factor:ONE, State:OPEN]
2019-09-19 09:54:56,900 [grpc-default-executor-0] INFO  impl.RaftServerProxy (RaftServerProxy.java:addNew(89)) - dea0a289-bbd2-4f4b-bbf8-a17c24855de6: addNew group-9F3F5A476E1B:[dea0a289-bbd2-4f4b-bbf8-a17c24855de6:192.168.34.5:44749] returns group-9F3F5A476E1B:java.util.concurrent.CompletableFuture@3a2f72a1[Not completed]
2019-09-19 09:54:56,903 [pool-49-thread-1] INFO  impl.RaftServerImpl (RaftServerImpl.java:<init>(93)) - dea0a289-bbd2-4f4b-bbf8-a17c24855de6: new RaftServerImpl for group-9F3F5A476E1B:[dea0a289-bbd2-4f4b-bbf8-a17c24855de6:192.168.34.5:44749] with ContainerStateMachine:uninitialized
2019-09-19 09:54:56,903 [pool-49-thread-1] INFO  server.RaftServerConfigKeys (ConfUtils.java:logGet(43)) - raft.server.rpc.timeout.min = 5s (custom)
2019-09-19 09:54:56,904 [pool-49-thread-1] INFO  server.RaftServerConfigKeys (ConfUtils.java:logGet(43)) - raft.server.rpc.timeout.max = 5200ms (custom)
2019-09-19 09:54:56,904 [pool-49-thread-1] INFO  server.RaftServerConfigKeys (ConfUtils.java:logGet(43)) - raft.server.rpcslowness.timeout = 120s (custom)
2019-09-19 09:54:56,904 [pool-49-thread-1] INFO  server.RaftServerConfigKeys (ConfUtils.java:logGet(43)) - raft.server.sleep.deviation.threshold = 300 (default)
2019-09-19 09:54:56,904 [pool-49-thread-1] INFO  server.RaftServerConfigKeys (ConfUtils.java:logGet(43)) - raft.server.log.appender.install.snapshot.enabled = false (custom)
2019-09-19 09:54:56,905 [pool-49-thread-1] INFO  impl.RaftServerImpl (ServerState.java:<init>(105)) - dea0a289-bbd2-4f4b-bbf8-a17c24855de6:group-9F3F5A476E1B ConfigurationManager, init=-1: [dea0a289-bbd2-4f4b-bbf8-a17c24855de6:192.168.34.5:44749], old=null, confs=<EMPTY_MAP>
2019-09-19 09:54:56,905 [pool-49-thread-1] INFO  server.RaftServerConfigKeys (ConfUtils.java:logGet(43)) - raft.server.storage.dir = [/workdir/hadoop-ozone/tools/target/test-dir/MiniOzoneClusterImpl-8d91f153-b4bc-4240-a6a0-161ba1782059/datanode-2/data/ratis] (custom)
2019-09-19 09:54:56,906 [pool-49-thread-1] INFO  storage.RaftStorageDirectory (RaftStorageDirectory.java:analyzeStorage(246)) - The storage directory /workdir/hadoop-ozone/tools/target/test-dir/MiniOzoneClusterImpl-8d91f153-b4bc-4240-a6a0-161ba1782059/datanode-2/data/ratis/e54c8f37-4a32-4509-8a98-9f3f5a476e1b does not exist. Creating ...
2019-09-19 09:54:56,932 [pool-49-thread-1] INFO  storage.RaftStorageDirectory (RaftStorageDirectory.java:tryLock(328)) - Lock on /workdir/hadoop-ozone/tools/target/test-dir/MiniOzoneClusterImpl-8d91f153-b4bc-4240-a6a0-161ba1782059/datanode-2/data/ratis/e54c8f37-4a32-4509-8a98-9f3f5a476e1b/in_use.lock acquired by nodename 15688@pr-hdds-1569-j4bt4-3030777008
2019-09-19 09:54:56,955 [pool-49-thread-1] INFO  storage.RaftStorage (RaftStorage.java:format(72)) - Storage directory /workdir/hadoop-ozone/tools/target/test-dir/MiniOzoneClusterImpl-8d91f153-b4bc-4240-a6a0-161ba1782059/datanode-2/data/ratis/e54c8f37-4a32-4509-8a98-9f3f5a476e1b has been successfully formatted.
2019-09-19 09:54:56,955 [pool-49-thread-1] INFO  ratis.ContainerStateMachine (ContainerStateMachine.java:loadSnapshot(226)) - group-9F3F5A476E1B: The snapshot info is null. Setting the last applied indexto:(t:0, i:~)
2019-09-19 09:54:56,956 [pool-49-thread-1] INFO  server.RaftServerConfigKeys (ConfUtils.java:logGet(43)) - raft.server.leader.election.timeout = 120s (custom)
2019-09-19 09:54:56,956 [pool-49-thread-1] INFO  server.RaftServerConfigKeys (ConfUtils.java:logGet(43)) - raft.server.log.use.memory = false (default)
2019-09-19 09:54:56,956 [pool-49-thread-1] INFO  server.RaftServerConfigKeys (ConfUtils.java:logGet(43)) - raft.server.log.purge.gap = 1000000 (custom)
2019-09-19 09:54:56,956 [pool-49-thread-1] INFO  server.RaftServerConfigKeys (ConfUtils.java:logGet(43)) - raft.server.log.appender.buffer.byte-limit = 33554432 (custom)
2019-09-19 09:54:56,957 [pool-49-thread-1] INFO  server.RaftServerConfigKeys (ConfUtils.java:logGet(43)) - raft.server.log.segment.size.max = 1048576 (custom)
2019-09-19 09:54:56,957 [pool-49-thread-1] INFO  server.RaftServerConfigKeys (ConfUtils.java:logGet(43)) - raft.server.log.segment.cache.num.max = 2 (custom)
2019-09-19 09:54:56,957 [pool-49-thread-1] INFO  segmented.SegmentedRaftLogWorker (SegmentedRaftLogWorker.java:<init>(172)) - new dea0a289-bbd2-4f4b-bbf8-a17c24855de6-SegmentedRaftLogWorker:Storage Directory /workdir/hadoop-ozone/tools/target/test-dir/MiniOzoneClusterImpl-8d91f153-b4bc-4240-a6a0-161ba1782059/datanode-2/data/ratis/e54c8f37-4a32-4509-8a98-9f3f5a476e1b for RaftStorage:Storage Directory /workdir/hadoop-ozone/tools/target/test-dir/MiniOzoneClusterImpl-8d91f153-b4bc-4240-a6a0-161ba1782059/datanode-2/data/ratis/e54c8f37-4a32-4509-8a98-9f3f5a476e1b
2019-09-19 09:54:56,957 [pool-49-thread-1] INFO  server.RaftServerConfigKeys (ConfUtils.java:logGet(43)) - raft.server.log.queue.byte-limit = 2147483647 (custom)
2019-09-19 09:54:56,958 [pool-49-thread-1] INFO  server.RaftServerConfigKeys (ConfUtils.java:logGet(43)) - raft.server.log.queue.element-limit = 1024 (custom)
2019-09-19 09:54:56,958 [pool-49-thread-1] INFO  server.RaftServerConfigKeys (ConfUtils.java:logGet(43)) - raft.server.log.segment.size.max = 1048576 (custom)
2019-09-19 09:54:56,958 [pool-49-thread-1] INFO  server.RaftServerConfigKeys (ConfUtils.java:logGet(43)) - raft.server.log.preallocated.size = 16384 (custom)
2019-09-19 09:54:56,958 [pool-49-thread-1] INFO  server.RaftServerConfigKeys (ConfUtils.java:logGet(43)) - raft.server.log.write.buffer.size = 33554432 (custom)
2019-09-19 09:54:56,959 [pool-49-thread-1] INFO  server.RaftServerConfigKeys (ConfUtils.java:logGet(43)) - raft.server.log.force.sync.num = 128 (default)
2019-09-19 09:54:56,959 [pool-49-thread-1] INFO  server.RaftServerConfigKeys (ConfUtils.java:logGet(43)) - raft.server.log.statemachine.data.sync = true (default)
2019-09-19 09:54:56,959 [pool-49-thread-1] INFO  server.RaftServerConfigKeys (ConfUtils.java:logGet(43)) - raft.server.log.statemachine.data.sync.timeout = 10s (default)
2019-09-19 09:54:56,959 [pool-49-thread-1] INFO  server.RaftServerConfigKeys (ConfUtils.java:logGet(43)) - raft.server.log.statemachine.data.sync.timeout.retry = -1 (default)
2019-09-19 09:54:56,960 [pool-49-thread-1] INFO  server.RaftServerConfigKeys (ConfUtils.java:logGet(43)) - raft.server.log.statemachine.data.caching.enabled = true (custom)
2019-09-19 09:54:56,960 [pool-49-thread-1] INFO  segmented.SegmentedRaftLogWorker (SegmentedRaftLogWorker.java:lambda$new$0(132)) - dea0a289-bbd2-4f4b-bbf8-a17c24855de6-SegmentedRaftLogWorker:Storage Directory /workdir/hadoop-ozone/tools/target/test-dir/MiniOzoneClusterImpl-8d91f153-b4bc-4240-a6a0-161ba1782059/datanode-2/data/ratis/e54c8f37-4a32-4509-8a98-9f3f5a476e1b: flushIndex: setUnconditionally 0 -> -1
2019-09-19 09:54:56,961 [pool-49-thread-1] INFO  server.RaftServerConfigKeys (ConfUtils.java:logGet(43)) - raft.server.snapshot.auto.trigger.enabled = true (custom)
2019-09-19 09:54:56,961 [pool-49-thread-1] INFO  server.RaftServerConfigKeys (ConfUtils.java:logGet(43)) - raft.server.snapshot.auto.trigger.threshold = 10000 (custom)
2019-09-19 09:54:56,961 [pool-49-thread-1] INFO  server.RaftServerConfigKeys (ConfUtils.java:logGet(43)) - raft.server.retrycache.expirytime = 600000ms (custom)
2019-09-19 09:54:56,962 [pool-49-thread-1] INFO  impl.RaftServerImpl (RaftServerImpl.java:start(180)) - dea0a289-bbd2-4f4b-bbf8-a17c24855de6: start group-9F3F5A476E1B
2019-09-19 09:54:56,962 [pool-49-thread-1] INFO  impl.RaftServerImpl (RaftServerImpl.java:setRole(171)) - dea0a289-bbd2-4f4b-bbf8-a17c24855de6:group-9F3F5A476E1B changes role from null to FOLLOWER at term 0 for startAsFollower
2019-09-19 09:54:56,962 [pool-49-thread-1] INFO  impl.RoleInfo (RoleInfo.java:updateAndGet(143)) - dea0a289-bbd2-4f4b-bbf8-a17c24855de6: start FollowerState
2019-09-19 09:54:56,963 [pool-49-thread-1] INFO  util.JmxRegister (JmxRegister.java:tryRegister(44)) - Successfully registered JMX Bean with object name Ratis:service=RaftServer,group=group-9F3F5A476E1B,id=dea0a289-bbd2-4f4b-bbf8-a17c24855de6
2019-09-19 09:54:56,978 [RatisPipelineUtilsThread] INFO  pipeline.PipelineStateManager (PipelineStateManager.java:addPipeline(56)) - Created pipeline Pipeline[ Id: e54c8f37-4a32-4509-8a98-9f3f5a476e1b, Nodes: dea0a289-bbd2-4f4b-bbf8-a17c24855de6{ip: 192.168.34.5, host: pr-hdds-1569-j4bt4-3030777008, networkLocation: /default-rack, certSerialId: null}, Type:RATIS, Factor:ONE, State:OPEN]
2019-09-19 09:54:56,994 [grpc-default-executor-0] INFO  impl.RaftServerProxy (RaftServerProxy.java:addNew(89)) - 90096b95-6771-4ecf-aa77-70b7217912db: addNew group-84F07B7ADEA3:[90096b95-6771-4ecf-aa77-70b7217912db:192.168.34.5:42713] returns group-84F07B7ADEA3:java.util.concurrent.CompletableFuture@1e05028b[Not completed]
2019-09-19 09:54:56,996 [pool-27-thread-1] INFO  impl.RaftServerImpl (RaftServerImpl.java:<init>(93)) - 90096b95-6771-4ecf-aa77-70b7217912db: new RaftServerImpl for group-84F07B7ADEA3:[90096b95-6771-4ecf-aa77-70b7217912db:192.168.34.5:42713] with ContainerStateMachine:uninitialized
2019-09-19 09:54:56,996 [pool-27-thread-1] INFO  server.RaftServerConfigKeys (ConfUtils.java:logGet(43)) - raft.server.rpc.timeout.min = 5s (custom)
2019-09-19 09:54:56,996 [pool-27-thread-1] INFO  server.RaftServerConfigKeys (ConfUtils.java:logGet(43)) - raft.server.rpc.timeout.max = 5200ms (custom)
2019-09-19 09:54:56,996 [pool-27-thread-1] INFO  server.RaftServerConfigKeys (ConfUtils.java:logGet(43)) - raft.server.rpcslowness.timeout = 120s (custom)
2019-09-19 09:54:56,996 [pool-27-thread-1] INFO  server.RaftServerConfigKeys (ConfUtils.java:logGet(43)) - raft.server.sleep.deviation.threshold = 300 (default)
2019-09-19 09:54:56,996 [pool-27-thread-1] INFO  server.RaftServerConfigKeys (ConfUtils.java:logGet(43)) - raft.server.log.appender.install.snapshot.enabled = false (custom)
2019-09-19 09:54:56,997 [pool-27-thread-1] INFO  impl.RaftServerImpl (ServerState.java:<init>(105)) - 90096b95-6771-4ecf-aa77-70b7217912db:group-84F07B7ADEA3 ConfigurationManager, init=-1: [90096b95-6771-4ecf-aa77-70b7217912db:192.168.34.5:42713], old=null, confs=<EMPTY_MAP>
2019-09-19 09:54:56,997 [pool-27-thread-1] INFO  server.RaftServerConfigKeys (ConfUtils.java:logGet(43)) - raft.server.storage.dir = [/workdir/hadoop-ozone/tools/target/test-dir/MiniOzoneClusterImpl-8d91f153-b4bc-4240-a6a0-161ba1782059/datanode-0/data/ratis] (custom)
2019-09-19 09:54:56,997 [pool-27-thread-1] INFO  storage.RaftStorageDirectory (RaftStorageDirectory.java:analyzeStorage(246)) - The storage directory /workdir/hadoop-ozone/tools/target/test-dir/MiniOzoneClusterImpl-8d91f153-b4bc-4240-a6a0-161ba1782059/datanode-0/data/ratis/7447a8c0-37da-4c3c-aa54-84f07b7adea3 does not exist. Creating ...
2019-09-19 09:54:57,011 [pool-27-thread-1] INFO  storage.RaftStorageDirectory (RaftStorageDirectory.java:tryLock(328)) - Lock on /workdir/hadoop-ozone/tools/target/test-dir/MiniOzoneClusterImpl-8d91f153-b4bc-4240-a6a0-161ba1782059/datanode-0/data/ratis/7447a8c0-37da-4c3c-aa54-84f07b7adea3/in_use.lock acquired by nodename 15688@pr-hdds-1569-j4bt4-3030777008
2019-09-19 09:54:57,025 [pool-27-thread-1] INFO  storage.RaftStorage (RaftStorage.java:format(72)) - Storage directory /workdir/hadoop-ozone/tools/target/test-dir/MiniOzoneClusterImpl-8d91f153-b4bc-4240-a6a0-161ba1782059/datanode-0/data/ratis/7447a8c0-37da-4c3c-aa54-84f07b7adea3 has been successfully formatted.
2019-09-19 09:54:57,025 [pool-27-thread-1] INFO  ratis.ContainerStateMachine (ContainerStateMachine.java:loadSnapshot(226)) - group-84F07B7ADEA3: The snapshot info is null. Setting the last applied indexto:(t:0, i:~)
2019-09-19 09:54:57,025 [pool-27-thread-1] INFO  server.RaftServerConfigKeys (ConfUtils.java:logGet(43)) - raft.server.leader.election.timeout = 120s (custom)
2019-09-19 09:54:57,026 [pool-27-thread-1] INFO  server.RaftServerConfigKeys (ConfUtils.java:logGet(43)) - raft.server.log.use.memory = false (default)
2019-09-19 09:54:57,026 [pool-27-thread-1] INFO  server.RaftServerConfigKeys (ConfUtils.java:logGet(43)) - raft.server.log.purge.gap = 1000000 (custom)
2019-09-19 09:54:57,026 [pool-27-thread-1] INFO  server.RaftServerConfigKeys (ConfUtils.java:logGet(43)) - raft.server.log.appender.buffer.byte-limit = 33554432 (custom)
2019-09-19 09:54:57,026 [pool-27-thread-1] INFO  server.RaftServerConfigKeys (ConfUtils.java:logGet(43)) - raft.server.log.segment.size.max = 1048576 (custom)
2019-09-19 09:54:57,026 [pool-27-thread-1] INFO  server.RaftServerConfigKeys (ConfUtils.java:logGet(43)) - raft.server.log.segment.cache.num.max = 2 (custom)
2019-09-19 09:54:57,027 [pool-27-thread-1] INFO  segmented.SegmentedRaftLogWorker (SegmentedRaftLogWorker.java:<init>(172)) - new 90096b95-6771-4ecf-aa77-70b7217912db-SegmentedRaftLogWorker:Storage Directory /workdir/hadoop-ozone/tools/target/test-dir/MiniOzoneClusterImpl-8d91f153-b4bc-4240-a6a0-161ba1782059/datanode-0/data/ratis/7447a8c0-37da-4c3c-aa54-84f07b7adea3 for RaftStorage:Storage Directory /workdir/hadoop-ozone/tools/target/test-dir/MiniOzoneClusterImpl-8d91f153-b4bc-4240-a6a0-161ba1782059/datanode-0/data/ratis/7447a8c0-37da-4c3c-aa54-84f07b7adea3
2019-09-19 09:54:57,027 [pool-27-thread-1] INFO  server.RaftServerConfigKeys (ConfUtils.java:logGet(43)) - raft.server.log.queue.byte-limit = 2147483647 (custom)
2019-09-19 09:54:57,027 [pool-27-thread-1] INFO  server.RaftServerConfigKeys (ConfUtils.java:logGet(43)) - raft.server.log.queue.element-limit = 1024 (custom)
2019-09-19 09:54:57,027 [pool-27-thread-1] INFO  server.RaftServerConfigKeys (ConfUtils.java:logGet(43)) - raft.server.log.segment.size.max = 1048576 (custom)
2019-09-19 09:54:57,027 [pool-27-thread-1] INFO  server.RaftServerConfigKeys (ConfUtils.java:logGet(43)) - raft.server.log.preallocated.size = 16384 (custom)
2019-09-19 09:54:57,028 [pool-27-thread-1] INFO  server.RaftServerConfigKeys (ConfUtils.java:logGet(43)) - raft.server.log.write.buffer.size = 33554432 (custom)
2019-09-19 09:54:57,028 [pool-27-thread-1] INFO  server.RaftServerConfigKeys (ConfUtils.java:logGet(43)) - raft.server.log.force.sync.num = 128 (default)
2019-09-19 09:54:57,028 [pool-27-thread-1] INFO  server.RaftServerConfigKeys (ConfUtils.java:logGet(43)) - raft.server.log.statemachine.data.sync = true (default)
2019-09-19 09:54:57,028 [pool-27-thread-1] INFO  server.RaftServerConfigKeys (ConfUtils.java:logGet(43)) - raft.server.log.statemachine.data.sync.timeout = 10s (default)
2019-09-19 09:54:57,028 [pool-27-thread-1] INFO  server.RaftServerConfigKeys (ConfUtils.java:logGet(43)) - raft.server.log.statemachine.data.sync.timeout.retry = -1 (default)
2019-09-19 09:54:57,029 [pool-27-thread-1] INFO  server.RaftServerConfigKeys (ConfUtils.java:logGet(43)) - raft.server.log.statemachine.data.caching.enabled = true (custom)
2019-09-19 09:54:57,029 [pool-27-thread-1] INFO  segmented.SegmentedRaftLogWorker (SegmentedRaftLogWorker.java:lambda$new$0(132)) - 90096b95-6771-4ecf-aa77-70b7217912db-SegmentedRaftLogWorker:Storage Directory /workdir/hadoop-ozone/tools/target/test-dir/MiniOzoneClusterImpl-8d91f153-b4bc-4240-a6a0-161ba1782059/datanode-0/data/ratis/7447a8c0-37da-4c3c-aa54-84f07b7adea3: flushIndex: setUnconditionally 0 -> -1
2019-09-19 09:54:57,030 [pool-27-thread-1] INFO  server.RaftServerConfigKeys (ConfUtils.java:logGet(43)) - raft.server.snapshot.auto.trigger.enabled = true (custom)
2019-09-19 09:54:57,030 [pool-27-thread-1] INFO  server.RaftServerConfigKeys (ConfUtils.java:logGet(43)) - raft.server.snapshot.auto.trigger.threshold = 10000 (custom)
2019-09-19 09:54:57,030 [pool-27-thread-1] INFO  server.RaftServerConfigKeys (ConfUtils.java:logGet(43)) - raft.server.retrycache.expirytime = 600000ms (custom)
2019-09-19 09:54:57,030 [pool-27-thread-1] INFO  impl.RaftServerImpl (RaftServerImpl.java:start(180)) - 90096b95-6771-4ecf-aa77-70b7217912db: start group-84F07B7ADEA3
2019-09-19 09:54:57,031 [pool-27-thread-1] INFO  impl.RaftServerImpl (RaftServerImpl.java:setRole(171)) - 90096b95-6771-4ecf-aa77-70b7217912db:group-84F07B7ADEA3 changes role from null to FOLLOWER at term 0 for startAsFollower
2019-09-19 09:54:57,031 [pool-27-thread-1] INFO  impl.RoleInfo (RoleInfo.java:updateAndGet(143)) - 90096b95-6771-4ecf-aa77-70b7217912db: start FollowerState
2019-09-19 09:54:57,031 [pool-27-thread-1] INFO  util.JmxRegister (JmxRegister.java:tryRegister(44)) - Successfully registered JMX Bean with object name Ratis:service=RaftServer,group=group-84F07B7ADEA3,id=90096b95-6771-4ecf-aa77-70b7217912db
2019-09-19 09:54:57,048 [RatisPipelineUtilsThread] INFO  pipeline.PipelineStateManager (PipelineStateManager.java:addPipeline(56)) - Created pipeline Pipeline[ Id: 7447a8c0-37da-4c3c-aa54-84f07b7adea3, Nodes: 90096b95-6771-4ecf-aa77-70b7217912db{ip: 192.168.34.5, host: pr-hdds-1569-j4bt4-3030777008, networkLocation: /default-rack, certSerialId: null}, Type:RATIS, Factor:ONE, State:OPEN]
2019-09-19 09:54:57,065 [grpc-default-executor-0] INFO  impl.RaftServerProxy (RaftServerProxy.java:addNew(89)) - 1b5ff12b-3718-456a-861a-fb86d4c76eb2: addNew group-DE5D8876163F:[1b5ff12b-3718-456a-861a-fb86d4c76eb2:192.168.34.5:39244] returns group-DE5D8876163F:java.util.concurrent.CompletableFuture@5e9d5f01[Not completed]
2019-09-19 09:54:57,067 [pool-38-thread-1] INFO  impl.RaftServerImpl (RaftServerImpl.java:<init>(93)) - 1b5ff12b-3718-456a-861a-fb86d4c76eb2: new RaftServerImpl for group-DE5D8876163F:[1b5ff12b-3718-456a-861a-fb86d4c76eb2:192.168.34.5:39244] with ContainerStateMachine:uninitialized
2019-09-19 09:54:57,067 [pool-38-thread-1] INFO  server.RaftServerConfigKeys (ConfUtils.java:logGet(43)) - raft.server.rpc.timeout.min = 5s (custom)
2019-09-19 09:54:57,067 [pool-38-thread-1] INFO  server.RaftServerConfigKeys (ConfUtils.java:logGet(43)) - raft.server.rpc.timeout.max = 5200ms (custom)
2019-09-19 09:54:57,067 [pool-38-thread-1] INFO  server.RaftServerConfigKeys (ConfUtils.java:logGet(43)) - raft.server.rpcslowness.timeout = 120s (custom)
2019-09-19 09:54:57,068 [pool-38-thread-1] INFO  server.RaftServerConfigKeys (ConfUtils.java:logGet(43)) - raft.server.sleep.deviation.threshold = 300 (default)
2019-09-19 09:54:57,068 [pool-38-thread-1] INFO  server.RaftServerConfigKeys (ConfUtils.java:logGet(43)) - raft.server.log.appender.install.snapshot.enabled = false (custom)
2019-09-19 09:54:57,068 [pool-38-thread-1] INFO  impl.RaftServerImpl (ServerState.java:<init>(105)) - 1b5ff12b-3718-456a-861a-fb86d4c76eb2:group-DE5D8876163F ConfigurationManager, init=-1: [1b5ff12b-3718-456a-861a-fb86d4c76eb2:192.168.34.5:39244], old=null, confs=<EMPTY_MAP>
2019-09-19 09:54:57,068 [pool-38-thread-1] INFO  server.RaftServerConfigKeys (ConfUtils.java:logGet(43)) - raft.server.storage.dir = [/workdir/hadoop-ozone/tools/target/test-dir/MiniOzoneClusterImpl-8d91f153-b4bc-4240-a6a0-161ba1782059/datanode-1/data/ratis] (custom)
2019-09-19 09:54:57,068 [pool-38-thread-1] INFO  storage.RaftStorageDirectory (RaftStorageDirectory.java:analyzeStorage(246)) - The storage directory /workdir/hadoop-ozone/tools/target/test-dir/MiniOzoneClusterImpl-8d91f153-b4bc-4240-a6a0-161ba1782059/datanode-1/data/ratis/04677746-7392-480b-8151-de5d8876163f does not exist. Creating ...
2019-09-19 09:54:57,081 [pool-38-thread-1] INFO  storage.RaftStorageDirectory (RaftStorageDirectory.java:tryLock(328)) - Lock on /workdir/hadoop-ozone/tools/target/test-dir/MiniOzoneClusterImpl-8d91f153-b4bc-4240-a6a0-161ba1782059/datanode-1/data/ratis/04677746-7392-480b-8151-de5d8876163f/in_use.lock acquired by nodename 15688@pr-hdds-1569-j4bt4-3030777008
2019-09-19 09:54:57,099 [pool-38-thread-1] INFO  storage.RaftStorage (RaftStorage.java:format(72)) - Storage directory /workdir/hadoop-ozone/tools/target/test-dir/MiniOzoneClusterImpl-8d91f153-b4bc-4240-a6a0-161ba1782059/datanode-1/data/ratis/04677746-7392-480b-8151-de5d8876163f has been successfully formatted.
2019-09-19 09:54:57,099 [pool-38-thread-1] INFO  ratis.ContainerStateMachine (ContainerStateMachine.java:loadSnapshot(226)) - group-DE5D8876163F: The snapshot info is null. Setting the last applied indexto:(t:0, i:~)
2019-09-19 09:54:57,100 [pool-38-thread-1] INFO  server.RaftServerConfigKeys (ConfUtils.java:logGet(43)) - raft.server.leader.election.timeout = 120s (custom)
2019-09-19 09:54:57,100 [pool-38-thread-1] INFO  server.RaftServerConfigKeys (ConfUtils.java:logGet(43)) - raft.server.log.use.memory = false (default)
2019-09-19 09:54:57,100 [pool-38-thread-1] INFO  server.RaftServerConfigKeys (ConfUtils.java:logGet(43)) - raft.server.log.purge.gap = 1000000 (custom)
2019-09-19 09:54:57,100 [pool-38-thread-1] INFO  server.RaftServerConfigKeys (ConfUtils.java:logGet(43)) - raft.server.log.appender.buffer.byte-limit = 33554432 (custom)
2019-09-19 09:54:57,100 [pool-38-thread-1] INFO  server.RaftServerConfigKeys (ConfUtils.java:logGet(43)) - raft.server.log.segment.size.max = 1048576 (custom)
2019-09-19 09:54:57,100 [pool-38-thread-1] INFO  server.RaftServerConfigKeys (ConfUtils.java:logGet(43)) - raft.server.log.segment.cache.num.max = 2 (custom)
2019-09-19 09:54:57,100 [pool-38-thread-1] INFO  segmented.SegmentedRaftLogWorker (SegmentedRaftLogWorker.java:<init>(172)) - new 1b5ff12b-3718-456a-861a-fb86d4c76eb2-SegmentedRaftLogWorker:Storage Directory /workdir/hadoop-ozone/tools/target/test-dir/MiniOzoneClusterImpl-8d91f153-b4bc-4240-a6a0-161ba1782059/datanode-1/data/ratis/04677746-7392-480b-8151-de5d8876163f for RaftStorage:Storage Directory /workdir/hadoop-ozone/tools/target/test-dir/MiniOzoneClusterImpl-8d91f153-b4bc-4240-a6a0-161ba1782059/datanode-1/data/ratis/04677746-7392-480b-8151-de5d8876163f
2019-09-19 09:54:57,101 [pool-38-thread-1] INFO  server.RaftServerConfigKeys (ConfUtils.java:logGet(43)) - raft.server.log.queue.byte-limit = 2147483647 (custom)
2019-09-19 09:54:57,101 [pool-38-thread-1] INFO  server.RaftServerConfigKeys (ConfUtils.java:logGet(43)) - raft.server.log.queue.element-limit = 1024 (custom)
2019-09-19 09:54:57,101 [pool-38-thread-1] INFO  server.RaftServerConfigKeys (ConfUtils.java:logGet(43)) - raft.server.log.segment.size.max = 1048576 (custom)
2019-09-19 09:54:57,101 [pool-38-thread-1] INFO  server.RaftServerConfigKeys (ConfUtils.java:logGet(43)) - raft.server.log.preallocated.size = 16384 (custom)
2019-09-19 09:54:57,101 [pool-38-thread-1] INFO  server.RaftServerConfigKeys (ConfUtils.java:logGet(43)) - raft.server.log.write.buffer.size = 33554432 (custom)
2019-09-19 09:54:57,101 [pool-38-thread-1] INFO  server.RaftServerConfigKeys (ConfUtils.java:logGet(43)) - raft.server.log.force.sync.num = 128 (default)
2019-09-19 09:54:57,101 [pool-38-thread-1] INFO  server.RaftServerConfigKeys (ConfUtils.java:logGet(43)) - raft.server.log.statemachine.data.sync = true (default)
2019-09-19 09:54:57,102 [pool-38-thread-1] INFO  server.RaftServerConfigKeys (ConfUtils.java:logGet(43)) - raft.server.log.statemachine.data.sync.timeout = 10s (default)
2019-09-19 09:54:57,102 [pool-38-thread-1] INFO  server.RaftServerConfigKeys (ConfUtils.java:logGet(43)) - raft.server.log.statemachine.data.sync.timeout.retry = -1 (default)
2019-09-19 09:54:57,102 [pool-38-thread-1] INFO  server.RaftServerConfigKeys (ConfUtils.java:logGet(43)) - raft.server.log.statemachine.data.caching.enabled = true (custom)
2019-09-19 09:54:57,102 [pool-38-thread-1] INFO  segmented.SegmentedRaftLogWorker (SegmentedRaftLogWorker.java:lambda$new$0(132)) - 1b5ff12b-3718-456a-861a-fb86d4c76eb2-SegmentedRaftLogWorker:Storage Directory /workdir/hadoop-ozone/tools/target/test-dir/MiniOzoneClusterImpl-8d91f153-b4bc-4240-a6a0-161ba1782059/datanode-1/data/ratis/04677746-7392-480b-8151-de5d8876163f: flushIndex: setUnconditionally 0 -> -1
2019-09-19 09:54:57,103 [pool-38-thread-1] INFO  server.RaftServerConfigKeys (ConfUtils.java:logGet(43)) - raft.server.snapshot.auto.trigger.enabled = true (custom)
2019-09-19 09:54:57,103 [pool-38-thread-1] INFO  server.RaftServerConfigKeys (ConfUtils.java:logGet(43)) - raft.server.snapshot.auto.trigger.threshold = 10000 (custom)
2019-09-19 09:54:57,103 [pool-38-thread-1] INFO  server.RaftServerConfigKeys (ConfUtils.java:logGet(43)) - raft.server.retrycache.expirytime = 600000ms (custom)
2019-09-19 09:54:57,103 [pool-38-thread-1] INFO  impl.RaftServerImpl (RaftServerImpl.java:start(180)) - 1b5ff12b-3718-456a-861a-fb86d4c76eb2: start group-DE5D8876163F
2019-09-19 09:54:57,103 [pool-38-thread-1] INFO  impl.RaftServerImpl (RaftServerImpl.java:setRole(171)) - 1b5ff12b-3718-456a-861a-fb86d4c76eb2:group-DE5D8876163F changes role from null to FOLLOWER at term 0 for startAsFollower
2019-09-19 09:54:57,104 [pool-38-thread-1] INFO  impl.RoleInfo (RoleInfo.java:updateAndGet(143)) - 1b5ff12b-3718-456a-861a-fb86d4c76eb2: start FollowerState
2019-09-19 09:54:57,104 [pool-38-thread-1] INFO  util.JmxRegister (JmxRegister.java:tryRegister(44)) - Successfully registered JMX Bean with object name Ratis:service=RaftServer,group=group-DE5D8876163F,id=1b5ff12b-3718-456a-861a-fb86d4c76eb2
2019-09-19 09:54:57,120 [RatisPipelineUtilsThread] INFO  pipeline.PipelineStateManager (PipelineStateManager.java:addPipeline(56)) - Created pipeline Pipeline[ Id: 04677746-7392-480b-8151-de5d8876163f, Nodes: 1b5ff12b-3718-456a-861a-fb86d4c76eb2{ip: 192.168.34.5, host: pr-hdds-1569-j4bt4-3030777008, networkLocation: /default-rack, certSerialId: null}, Type:RATIS, Factor:ONE, State:OPEN]
2019-09-19 09:54:57,144 [grpc-default-executor-0] INFO  impl.RaftServerProxy (RaftServerProxy.java:addNew(89)) - 1b5ff12b-3718-456a-861a-fb86d4c76eb2: addNew group-7D0C4DF6C17E:[1b5ff12b-3718-456a-861a-fb86d4c76eb2:192.168.34.5:39244] returns group-7D0C4DF6C17E:java.util.concurrent.CompletableFuture@2530f31[Not completed]
2019-09-19 09:54:57,146 [pool-38-thread-1] INFO  impl.RaftServerImpl (RaftServerImpl.java:<init>(93)) - 1b5ff12b-3718-456a-861a-fb86d4c76eb2: new RaftServerImpl for group-7D0C4DF6C17E:[1b5ff12b-3718-456a-861a-fb86d4c76eb2:192.168.34.5:39244] with ContainerStateMachine:uninitialized
2019-09-19 09:54:57,147 [pool-38-thread-1] INFO  server.RaftServerConfigKeys (ConfUtils.java:logGet(43)) - raft.server.rpc.timeout.min = 5s (custom)
2019-09-19 09:54:57,147 [pool-38-thread-1] INFO  server.RaftServerConfigKeys (ConfUtils.java:logGet(43)) - raft.server.rpc.timeout.max = 5200ms (custom)
2019-09-19 09:54:57,147 [pool-38-thread-1] INFO  server.RaftServerConfigKeys (ConfUtils.java:logGet(43)) - raft.server.rpcslowness.timeout = 120s (custom)
2019-09-19 09:54:57,147 [pool-38-thread-1] INFO  server.RaftServerConfigKeys (ConfUtils.java:logGet(43)) - raft.server.sleep.deviation.threshold = 300 (default)
2019-09-19 09:54:57,147 [pool-38-thread-1] INFO  server.RaftServerConfigKeys (ConfUtils.java:logGet(43)) - raft.server.log.appender.install.snapshot.enabled = false (custom)
2019-09-19 09:54:57,147 [pool-38-thread-1] INFO  impl.RaftServerImpl (ServerState.java:<init>(105)) - 1b5ff12b-3718-456a-861a-fb86d4c76eb2:group-7D0C4DF6C17E ConfigurationManager, init=-1: [1b5ff12b-3718-456a-861a-fb86d4c76eb2:192.168.34.5:39244], old=null, confs=<EMPTY_MAP>
2019-09-19 09:54:57,148 [pool-38-thread-1] INFO  server.RaftServerConfigKeys (ConfUtils.java:logGet(43)) - raft.server.storage.dir = [/workdir/hadoop-ozone/tools/target/test-dir/MiniOzoneClusterImpl-8d91f153-b4bc-4240-a6a0-161ba1782059/datanode-1/data/ratis] (custom)
2019-09-19 09:54:57,148 [pool-38-thread-1] INFO  storage.RaftStorageDirectory (RaftStorageDirectory.java:analyzeStorage(246)) - The storage directory /workdir/hadoop-ozone/tools/target/test-dir/MiniOzoneClusterImpl-8d91f153-b4bc-4240-a6a0-161ba1782059/datanode-1/data/ratis/820522a3-b4bb-4ae4-8141-7d0c4df6c17e does not exist. Creating ...
2019-09-19 09:54:57,161 [pool-38-thread-1] INFO  storage.RaftStorageDirectory (RaftStorageDirectory.java:tryLock(328)) - Lock on /workdir/hadoop-ozone/tools/target/test-dir/MiniOzoneClusterImpl-8d91f153-b4bc-4240-a6a0-161ba1782059/datanode-1/data/ratis/820522a3-b4bb-4ae4-8141-7d0c4df6c17e/in_use.lock acquired by nodename 15688@pr-hdds-1569-j4bt4-3030777008
2019-09-19 09:54:57,175 [pool-38-thread-1] INFO  storage.RaftStorage (RaftStorage.java:format(72)) - Storage directory /workdir/hadoop-ozone/tools/target/test-dir/MiniOzoneClusterImpl-8d91f153-b4bc-4240-a6a0-161ba1782059/datanode-1/data/ratis/820522a3-b4bb-4ae4-8141-7d0c4df6c17e has been successfully formatted.
2019-09-19 09:54:57,175 [pool-38-thread-1] INFO  ratis.ContainerStateMachine (ContainerStateMachine.java:loadSnapshot(226)) - group-7D0C4DF6C17E: The snapshot info is null. Setting the last applied indexto:(t:0, i:~)
2019-09-19 09:54:57,176 [pool-38-thread-1] INFO  server.RaftServerConfigKeys (ConfUtils.java:logGet(43)) - raft.server.leader.election.timeout = 120s (custom)
2019-09-19 09:54:57,176 [pool-38-thread-1] INFO  server.RaftServerConfigKeys (ConfUtils.java:logGet(43)) - raft.server.log.use.memory = false (default)
2019-09-19 09:54:57,176 [pool-38-thread-1] INFO  server.RaftServerConfigKeys (ConfUtils.java:logGet(43)) - raft.server.log.purge.gap = 1000000 (custom)
2019-09-19 09:54:57,176 [pool-38-thread-1] INFO  server.RaftServerConfigKeys (ConfUtils.java:logGet(43)) - raft.server.log.appender.buffer.byte-limit = 33554432 (custom)
2019-09-19 09:54:57,177 [pool-38-thread-1] INFO  server.RaftServerConfigKeys (ConfUtils.java:logGet(43)) - raft.server.log.segment.size.max = 1048576 (custom)
2019-09-19 09:54:57,177 [pool-38-thread-1] INFO  server.RaftServerConfigKeys (ConfUtils.java:logGet(43)) - raft.server.log.segment.cache.num.max = 2 (custom)
2019-09-19 09:54:57,177 [pool-38-thread-1] INFO  segmented.SegmentedRaftLogWorker (SegmentedRaftLogWorker.java:<init>(172)) - new 1b5ff12b-3718-456a-861a-fb86d4c76eb2-SegmentedRaftLogWorker:Storage Directory /workdir/hadoop-ozone/tools/target/test-dir/MiniOzoneClusterImpl-8d91f153-b4bc-4240-a6a0-161ba1782059/datanode-1/data/ratis/820522a3-b4bb-4ae4-8141-7d0c4df6c17e for RaftStorage:Storage Directory /workdir/hadoop-ozone/tools/target/test-dir/MiniOzoneClusterImpl-8d91f153-b4bc-4240-a6a0-161ba1782059/datanode-1/data/ratis/820522a3-b4bb-4ae4-8141-7d0c4df6c17e
2019-09-19 09:54:57,177 [pool-38-thread-1] INFO  server.RaftServerConfigKeys (ConfUtils.java:logGet(43)) - raft.server.log.queue.byte-limit = 2147483647 (custom)
2019-09-19 09:54:57,178 [pool-38-thread-1] INFO  server.RaftServerConfigKeys (ConfUtils.java:logGet(43)) - raft.server.log.queue.element-limit = 1024 (custom)
2019-09-19 09:54:57,178 [pool-38-thread-1] INFO  server.RaftServerConfigKeys (ConfUtils.java:logGet(43)) - raft.server.log.segment.size.max = 1048576 (custom)
2019-09-19 09:54:57,178 [pool-38-thread-1] INFO  server.RaftServerConfigKeys (ConfUtils.java:logGet(43)) - raft.server.log.preallocated.size = 16384 (custom)
2019-09-19 09:54:57,178 [pool-38-thread-1] INFO  server.RaftServerConfigKeys (ConfUtils.java:logGet(43)) - raft.server.log.write.buffer.size = 33554432 (custom)
2019-09-19 09:54:57,178 [pool-38-thread-1] INFO  server.RaftServerConfigKeys (ConfUtils.java:logGet(43)) - raft.server.log.force.sync.num = 128 (default)
2019-09-19 09:54:57,179 [pool-38-thread-1] INFO  server.RaftServerConfigKeys (ConfUtils.java:logGet(43)) - raft.server.log.statemachine.data.sync = true (default)
2019-09-19 09:54:57,179 [pool-38-thread-1] INFO  server.RaftServerConfigKeys (ConfUtils.java:logGet(43)) - raft.server.log.statemachine.data.sync.timeout = 10s (default)
2019-09-19 09:54:57,179 [pool-38-thread-1] INFO  server.RaftServerConfigKeys (ConfUtils.java:logGet(43)) - raft.server.log.statemachine.data.sync.timeout.retry = -1 (default)
2019-09-19 09:54:57,179 [pool-38-thread-1] INFO  server.RaftServerConfigKeys (ConfUtils.java:logGet(43)) - raft.server.log.statemachine.data.caching.enabled = true (custom)
2019-09-19 09:54:57,180 [pool-38-thread-1] INFO  segmented.SegmentedRaftLogWorker (SegmentedRaftLogWorker.java:lambda$new$0(132)) - 1b5ff12b-3718-456a-861a-fb86d4c76eb2-SegmentedRaftLogWorker:Storage Directory /workdir/hadoop-ozone/tools/target/test-dir/MiniOzoneClusterImpl-8d91f153-b4bc-4240-a6a0-161ba1782059/datanode-1/data/ratis/820522a3-b4bb-4ae4-8141-7d0c4df6c17e: flushIndex: setUnconditionally 0 -> -1
2019-09-19 09:54:57,180 [pool-38-thread-1] INFO  server.RaftServerConfigKeys (ConfUtils.java:logGet(43)) - raft.server.snapshot.auto.trigger.enabled = true (custom)
2019-09-19 09:54:57,180 [pool-38-thread-1] INFO  server.RaftServerConfigKeys (ConfUtils.java:logGet(43)) - raft.server.snapshot.auto.trigger.threshold = 10000 (custom)
2019-09-19 09:54:57,181 [pool-38-thread-1] INFO  server.RaftServerConfigKeys (ConfUtils.java:logGet(43)) - raft.server.retrycache.expirytime = 600000ms (custom)
2019-09-19 09:54:57,181 [pool-38-thread-1] INFO  impl.RaftServerImpl (RaftServerImpl.java:start(180)) - 1b5ff12b-3718-456a-861a-fb86d4c76eb2: start group-7D0C4DF6C17E
2019-09-19 09:54:57,181 [pool-38-thread-1] INFO  impl.RaftServerImpl (RaftServerImpl.java:setRole(171)) - 1b5ff12b-3718-456a-861a-fb86d4c76eb2:group-7D0C4DF6C17E changes role from null to FOLLOWER at term 0 for startAsFollower
2019-09-19 09:54:57,181 [pool-38-thread-1] INFO  impl.RoleInfo (RoleInfo.java:updateAndGet(143)) - 1b5ff12b-3718-456a-861a-fb86d4c76eb2: start FollowerState
2019-09-19 09:54:57,182 [pool-38-thread-1] INFO  util.JmxRegister (JmxRegister.java:tryRegister(44)) - Successfully registered JMX Bean with object name Ratis:service=RaftServer,group=group-7D0C4DF6C17E,id=1b5ff12b-3718-456a-861a-fb86d4c76eb2
2019-09-19 09:54:57,196 [RatisPipelineUtilsThread] INFO  pipeline.PipelineStateManager (PipelineStateManager.java:addPipeline(56)) - Created pipeline Pipeline[ Id: 820522a3-b4bb-4ae4-8141-7d0c4df6c17e, Nodes: 1b5ff12b-3718-456a-861a-fb86d4c76eb2{ip: 192.168.34.5, host: pr-hdds-1569-j4bt4-3030777008, networkLocation: /default-rack, certSerialId: null}, Type:RATIS, Factor:ONE, State:OPEN]
2019-09-19 09:54:57,209 [grpc-default-executor-0] INFO  impl.RaftServerProxy (RaftServerProxy.java:addNew(89)) - dea0a289-bbd2-4f4b-bbf8-a17c24855de6: addNew group-D45323E00675:[dea0a289-bbd2-4f4b-bbf8-a17c24855de6:192.168.34.5:44749] returns group-D45323E00675:java.util.concurrent.CompletableFuture@1dae1318[Not completed]
2019-09-19 09:54:57,211 [pool-49-thread-1] INFO  impl.RaftServerImpl (RaftServerImpl.java:<init>(93)) - dea0a289-bbd2-4f4b-bbf8-a17c24855de6: new RaftServerImpl for group-D45323E00675:[dea0a289-bbd2-4f4b-bbf8-a17c24855de6:192.168.34.5:44749] with ContainerStateMachine:uninitialized
2019-09-19 09:54:57,211 [pool-49-thread-1] INFO  server.RaftServerConfigKeys (ConfUtils.java:logGet(43)) - raft.server.rpc.timeout.min = 5s (custom)
2019-09-19 09:54:57,211 [pool-49-thread-1] INFO  server.RaftServerConfigKeys (ConfUtils.java:logGet(43)) - raft.server.rpc.timeout.max = 5200ms (custom)
2019-09-19 09:54:57,211 [pool-49-thread-1] INFO  server.RaftServerConfigKeys (ConfUtils.java:logGet(43)) - raft.server.rpcslowness.timeout = 120s (custom)
2019-09-19 09:54:57,211 [pool-49-thread-1] INFO  server.RaftServerConfigKeys (ConfUtils.java:logGet(43)) - raft.server.sleep.deviation.threshold = 300 (default)
2019-09-19 09:54:57,211 [pool-49-thread-1] INFO  server.RaftServerConfigKeys (ConfUtils.java:logGet(43)) - raft.server.log.appender.install.snapshot.enabled = false (custom)
2019-09-19 09:54:57,212 [pool-49-thread-1] INFO  impl.RaftServerImpl (ServerState.java:<init>(105)) - dea0a289-bbd2-4f4b-bbf8-a17c24855de6:group-D45323E00675 ConfigurationManager, init=-1: [dea0a289-bbd2-4f4b-bbf8-a17c24855de6:192.168.34.5:44749], old=null, confs=<EMPTY_MAP>
2019-09-19 09:54:57,212 [pool-49-thread-1] INFO  server.RaftServerConfigKeys (ConfUtils.java:logGet(43)) - raft.server.storage.dir = [/workdir/hadoop-ozone/tools/target/test-dir/MiniOzoneClusterImpl-8d91f153-b4bc-4240-a6a0-161ba1782059/datanode-2/data/ratis] (custom)
2019-09-19 09:54:57,212 [pool-49-thread-1] INFO  storage.RaftStorageDirectory (RaftStorageDirectory.java:analyzeStorage(246)) - The storage directory /workdir/hadoop-ozone/tools/target/test-dir/MiniOzoneClusterImpl-8d91f153-b4bc-4240-a6a0-161ba1782059/datanode-2/data/ratis/da2829ec-4414-4121-b7b3-d45323e00675 does not exist. Creating ...
2019-09-19 09:54:57,233 [pool-49-thread-1] INFO  storage.RaftStorageDirectory (RaftStorageDirectory.java:tryLock(328)) - Lock on /workdir/hadoop-ozone/tools/target/test-dir/MiniOzoneClusterImpl-8d91f153-b4bc-4240-a6a0-161ba1782059/datanode-2/data/ratis/da2829ec-4414-4121-b7b3-d45323e00675/in_use.lock acquired by nodename 15688@pr-hdds-1569-j4bt4-3030777008
2019-09-19 09:54:57,245 [pool-49-thread-1] INFO  storage.RaftStorage (RaftStorage.java:format(72)) - Storage directory /workdir/hadoop-ozone/tools/target/test-dir/MiniOzoneClusterImpl-8d91f153-b4bc-4240-a6a0-161ba1782059/datanode-2/data/ratis/da2829ec-4414-4121-b7b3-d45323e00675 has been successfully formatted.
2019-09-19 09:54:57,246 [pool-49-thread-1] INFO  ratis.ContainerStateMachine (ContainerStateMachine.java:loadSnapshot(226)) - group-D45323E00675: The snapshot info is null. Setting the last applied indexto:(t:0, i:~)
2019-09-19 09:54:57,246 [pool-49-thread-1] INFO  server.RaftServerConfigKeys (ConfUtils.java:logGet(43)) - raft.server.leader.election.timeout = 120s (custom)
2019-09-19 09:54:57,246 [pool-49-thread-1] INFO  server.RaftServerConfigKeys (ConfUtils.java:logGet(43)) - raft.server.log.use.memory = false (default)
2019-09-19 09:54:57,246 [pool-49-thread-1] INFO  server.RaftServerConfigKeys (ConfUtils.java:logGet(43)) - raft.server.log.purge.gap = 1000000 (custom)
2019-09-19 09:54:57,246 [pool-49-thread-1] INFO  server.RaftServerConfigKeys (ConfUtils.java:logGet(43)) - raft.server.log.appender.buffer.byte-limit = 33554432 (custom)
2019-09-19 09:54:57,246 [pool-49-thread-1] INFO  server.RaftServerConfigKeys (ConfUtils.java:logGet(43)) - raft.server.log.segment.size.max = 1048576 (custom)
2019-09-19 09:54:57,247 [pool-49-thread-1] INFO  server.RaftServerConfigKeys (ConfUtils.java:logGet(43)) - raft.server.log.segment.cache.num.max = 2 (custom)
2019-09-19 09:54:57,247 [pool-49-thread-1] INFO  segmented.SegmentedRaftLogWorker (SegmentedRaftLogWorker.java:<init>(172)) - new dea0a289-bbd2-4f4b-bbf8-a17c24855de6-SegmentedRaftLogWorker:Storage Directory /workdir/hadoop-ozone/tools/target/test-dir/MiniOzoneClusterImpl-8d91f153-b4bc-4240-a6a0-161ba1782059/datanode-2/data/ratis/da2829ec-4414-4121-b7b3-d45323e00675 for RaftStorage:Storage Directory /workdir/hadoop-ozone/tools/target/test-dir/MiniOzoneClusterImpl-8d91f153-b4bc-4240-a6a0-161ba1782059/datanode-2/data/ratis/da2829ec-4414-4121-b7b3-d45323e00675
2019-09-19 09:54:57,247 [pool-49-thread-1] INFO  server.RaftServerConfigKeys (ConfUtils.java:logGet(43)) - raft.server.log.queue.byte-limit = 2147483647 (custom)
2019-09-19 09:54:57,247 [pool-49-thread-1] INFO  server.RaftServerConfigKeys (ConfUtils.java:logGet(43)) - raft.server.log.queue.element-limit = 1024 (custom)
2019-09-19 09:54:57,247 [pool-49-thread-1] INFO  server.RaftServerConfigKeys (ConfUtils.java:logGet(43)) - raft.server.log.segment.size.max = 1048576 (custom)
2019-09-19 09:54:57,247 [pool-49-thread-1] INFO  server.RaftServerConfigKeys (ConfUtils.java:logGet(43)) - raft.server.log.preallocated.size = 16384 (custom)
2019-09-19 09:54:57,248 [pool-49-thread-1] INFO  server.RaftServerConfigKeys (ConfUtils.java:logGet(43)) - raft.server.log.write.buffer.size = 33554432 (custom)
2019-09-19 09:54:57,248 [pool-49-thread-1] INFO  server.RaftServerConfigKeys (ConfUtils.java:logGet(43)) - raft.server.log.force.sync.num = 128 (default)
2019-09-19 09:54:57,248 [pool-49-thread-1] INFO  server.RaftServerConfigKeys (ConfUtils.java:logGet(43)) - raft.server.log.statemachine.data.sync = true (default)
2019-09-19 09:54:57,248 [pool-49-thread-1] INFO  server.RaftServerConfigKeys (ConfUtils.java:logGet(43)) - raft.server.log.statemachine.data.sync.timeout = 10s (default)
2019-09-19 09:54:57,248 [pool-49-thread-1] INFO  server.RaftServerConfigKeys (ConfUtils.java:logGet(43)) - raft.server.log.statemachine.data.sync.timeout.retry = -1 (default)
2019-09-19 09:54:57,249 [pool-49-thread-1] INFO  server.RaftServerConfigKeys (ConfUtils.java:logGet(43)) - raft.server.log.statemachine.data.caching.enabled = true (custom)
2019-09-19 09:54:57,249 [pool-49-thread-1] INFO  segmented.SegmentedRaftLogWorker (SegmentedRaftLogWorker.java:lambda$new$0(132)) - dea0a289-bbd2-4f4b-bbf8-a17c24855de6-SegmentedRaftLogWorker:Storage Directory /workdir/hadoop-ozone/tools/target/test-dir/MiniOzoneClusterImpl-8d91f153-b4bc-4240-a6a0-161ba1782059/datanode-2/data/ratis/da2829ec-4414-4121-b7b3-d45323e00675: flushIndex: setUnconditionally 0 -> -1
2019-09-19 09:54:57,249 [pool-49-thread-1] INFO  server.RaftServerConfigKeys (ConfUtils.java:logGet(43)) - raft.server.snapshot.auto.trigger.enabled = true (custom)
2019-09-19 09:54:57,249 [pool-49-thread-1] INFO  server.RaftServerConfigKeys (ConfUtils.java:logGet(43)) - raft.server.snapshot.auto.trigger.threshold = 10000 (custom)
2019-09-19 09:54:57,250 [pool-49-thread-1] INFO  server.RaftServerConfigKeys (ConfUtils.java:logGet(43)) - raft.server.retrycache.expirytime = 600000ms (custom)
2019-09-19 09:54:57,250 [pool-49-thread-1] INFO  impl.RaftServerImpl (RaftServerImpl.java:start(180)) - dea0a289-bbd2-4f4b-bbf8-a17c24855de6: start group-D45323E00675
2019-09-19 09:54:57,250 [pool-49-thread-1] INFO  impl.RaftServerImpl (RaftServerImpl.java:setRole(171)) - dea0a289-bbd2-4f4b-bbf8-a17c24855de6:group-D45323E00675 changes role from null to FOLLOWER at term 0 for startAsFollower
2019-09-19 09:54:57,250 [pool-49-thread-1] INFO  impl.RoleInfo (RoleInfo.java:updateAndGet(143)) - dea0a289-bbd2-4f4b-bbf8-a17c24855de6: start FollowerState
2019-09-19 09:54:57,251 [pool-49-thread-1] INFO  util.JmxRegister (JmxRegister.java:tryRegister(44)) - Successfully registered JMX Bean with object name Ratis:service=RaftServer,group=group-D45323E00675,id=dea0a289-bbd2-4f4b-bbf8-a17c24855de6
2019-09-19 09:54:57,261 [RatisPipelineUtilsThread] INFO  pipeline.PipelineStateManager (PipelineStateManager.java:addPipeline(56)) - Created pipeline Pipeline[ Id: da2829ec-4414-4121-b7b3-d45323e00675, Nodes: dea0a289-bbd2-4f4b-bbf8-a17c24855de6{ip: 192.168.34.5, host: pr-hdds-1569-j4bt4-3030777008, networkLocation: /default-rack, certSerialId: null}, Type:RATIS, Factor:ONE, State:OPEN]
2019-09-19 09:54:57,274 [grpc-default-executor-0] INFO  impl.RaftServerProxy (RaftServerProxy.java:addNew(89)) - dea0a289-bbd2-4f4b-bbf8-a17c24855de6: addNew group-1999D85383BE:[dea0a289-bbd2-4f4b-bbf8-a17c24855de6:192.168.34.5:44749] returns group-1999D85383BE:java.util.concurrent.CompletableFuture@11eff92c[Not completed]
2019-09-19 09:54:57,277 [pool-49-thread-1] INFO  impl.RaftServerImpl (RaftServerImpl.java:<init>(93)) - dea0a289-bbd2-4f4b-bbf8-a17c24855de6: new RaftServerImpl for group-1999D85383BE:[dea0a289-bbd2-4f4b-bbf8-a17c24855de6:192.168.34.5:44749] with ContainerStateMachine:uninitialized
2019-09-19 09:54:57,277 [pool-49-thread-1] INFO  server.RaftServerConfigKeys (ConfUtils.java:logGet(43)) - raft.server.rpc.timeout.min = 5s (custom)
2019-09-19 09:54:57,278 [pool-49-thread-1] INFO  server.RaftServerConfigKeys (ConfUtils.java:logGet(43)) - raft.server.rpc.timeout.max = 5200ms (custom)
2019-09-19 09:54:57,278 [pool-49-thread-1] INFO  server.RaftServerConfigKeys (ConfUtils.java:logGet(43)) - raft.server.rpcslowness.timeout = 120s (custom)
2019-09-19 09:54:57,278 [pool-49-thread-1] INFO  server.RaftServerConfigKeys (ConfUtils.java:logGet(43)) - raft.server.sleep.deviation.threshold = 300 (default)
2019-09-19 09:54:57,278 [pool-49-thread-1] INFO  server.RaftServerConfigKeys (ConfUtils.java:logGet(43)) - raft.server.log.appender.install.snapshot.enabled = false (custom)
2019-09-19 09:54:57,278 [pool-49-thread-1] INFO  impl.RaftServerImpl (ServerState.java:<init>(105)) - dea0a289-bbd2-4f4b-bbf8-a17c24855de6:group-1999D85383BE ConfigurationManager, init=-1: [dea0a289-bbd2-4f4b-bbf8-a17c24855de6:192.168.34.5:44749], old=null, confs=<EMPTY_MAP>
2019-09-19 09:54:57,279 [pool-49-thread-1] INFO  server.RaftServerConfigKeys (ConfUtils.java:logGet(43)) - raft.server.storage.dir = [/workdir/hadoop-ozone/tools/target/test-dir/MiniOzoneClusterImpl-8d91f153-b4bc-4240-a6a0-161ba1782059/datanode-2/data/ratis] (custom)
2019-09-19 09:54:57,279 [pool-49-thread-1] INFO  storage.RaftStorageDirectory (RaftStorageDirectory.java:analyzeStorage(246)) - The storage directory /workdir/hadoop-ozone/tools/target/test-dir/MiniOzoneClusterImpl-8d91f153-b4bc-4240-a6a0-161ba1782059/datanode-2/data/ratis/9c8a2599-3f27-460d-9bad-1999d85383be does not exist. Creating ...
2019-09-19 09:54:57,304 [pool-49-thread-1] INFO  storage.RaftStorageDirectory (RaftStorageDirectory.java:tryLock(328)) - Lock on /workdir/hadoop-ozone/tools/target/test-dir/MiniOzoneClusterImpl-8d91f153-b4bc-4240-a6a0-161ba1782059/datanode-2/data/ratis/9c8a2599-3f27-460d-9bad-1999d85383be/in_use.lock acquired by nodename 15688@pr-hdds-1569-j4bt4-3030777008
2019-09-19 09:54:57,318 [pool-49-thread-1] INFO  storage.RaftStorage (RaftStorage.java:format(72)) - Storage directory /workdir/hadoop-ozone/tools/target/test-dir/MiniOzoneClusterImpl-8d91f153-b4bc-4240-a6a0-161ba1782059/datanode-2/data/ratis/9c8a2599-3f27-460d-9bad-1999d85383be has been successfully formatted.
2019-09-19 09:54:57,318 [pool-49-thread-1] INFO  ratis.ContainerStateMachine (ContainerStateMachine.java:loadSnapshot(226)) - group-1999D85383BE: The snapshot info is null. Setting the last applied indexto:(t:0, i:~)
2019-09-19 09:54:57,319 [pool-49-thread-1] INFO  server.RaftServerConfigKeys (ConfUtils.java:logGet(43)) - raft.server.leader.election.timeout = 120s (custom)
2019-09-19 09:54:57,319 [pool-49-thread-1] INFO  server.RaftServerConfigKeys (ConfUtils.java:logGet(43)) - raft.server.log.use.memory = false (default)
2019-09-19 09:54:57,319 [pool-49-thread-1] INFO  server.RaftServerConfigKeys (ConfUtils.java:logGet(43)) - raft.server.log.purge.gap = 1000000 (custom)
2019-09-19 09:54:57,320 [pool-49-thread-1] INFO  server.RaftServerConfigKeys (ConfUtils.java:logGet(43)) - raft.server.log.appender.buffer.byte-limit = 33554432 (custom)
2019-09-19 09:54:57,320 [pool-49-thread-1] INFO  server.RaftServerConfigKeys (ConfUtils.java:logGet(43)) - raft.server.log.segment.size.max = 1048576 (custom)
2019-09-19 09:54:57,320 [pool-49-thread-1] INFO  server.RaftServerConfigKeys (ConfUtils.java:logGet(43)) - raft.server.log.segment.cache.num.max = 2 (custom)
2019-09-19 09:54:57,320 [pool-49-thread-1] INFO  segmented.SegmentedRaftLogWorker (SegmentedRaftLogWorker.java:<init>(172)) - new dea0a289-bbd2-4f4b-bbf8-a17c24855de6-SegmentedRaftLogWorker:Storage Directory /workdir/hadoop-ozone/tools/target/test-dir/MiniOzoneClusterImpl-8d91f153-b4bc-4240-a6a0-161ba1782059/datanode-2/data/ratis/9c8a2599-3f27-460d-9bad-1999d85383be for RaftStorage:Storage Directory /workdir/hadoop-ozone/tools/target/test-dir/MiniOzoneClusterImpl-8d91f153-b4bc-4240-a6a0-161ba1782059/datanode-2/data/ratis/9c8a2599-3f27-460d-9bad-1999d85383be
2019-09-19 09:54:57,320 [pool-49-thread-1] INFO  server.RaftServerConfigKeys (ConfUtils.java:logGet(43)) - raft.server.log.queue.byte-limit = 2147483647 (custom)
2019-09-19 09:54:57,321 [pool-49-thread-1] INFO  server.RaftServerConfigKeys (ConfUtils.java:logGet(43)) - raft.server.log.queue.element-limit = 1024 (custom)
2019-09-19 09:54:57,321 [pool-49-thread-1] INFO  server.RaftServerConfigKeys (ConfUtils.java:logGet(43)) - raft.server.log.segment.size.max = 1048576 (custom)
2019-09-19 09:54:57,321 [pool-49-thread-1] INFO  server.RaftServerConfigKeys (ConfUtils.java:logGet(43)) - raft.server.log.preallocated.size = 16384 (custom)
2019-09-19 09:54:57,321 [pool-49-thread-1] INFO  server.RaftServerConfigKeys (ConfUtils.java:logGet(43)) - raft.server.log.write.buffer.size = 33554432 (custom)
2019-09-19 09:54:57,322 [pool-49-thread-1] INFO  server.RaftServerConfigKeys (ConfUtils.java:logGet(43)) - raft.server.log.force.sync.num = 128 (default)
2019-09-19 09:54:57,322 [pool-49-thread-1] INFO  server.RaftServerConfigKeys (ConfUtils.java:logGet(43)) - raft.server.log.statemachine.data.sync = true (default)
2019-09-19 09:54:57,322 [pool-49-thread-1] INFO  server.RaftServerConfigKeys (ConfUtils.java:logGet(43)) - raft.server.log.statemachine.data.sync.timeout = 10s (default)
2019-09-19 09:54:57,322 [pool-49-thread-1] INFO  server.RaftServerConfigKeys (ConfUtils.java:logGet(43)) - raft.server.log.statemachine.data.sync.timeout.retry = -1 (default)
2019-09-19 09:54:57,323 [pool-49-thread-1] INFO  server.RaftServerConfigKeys (ConfUtils.java:logGet(43)) - raft.server.log.statemachine.data.caching.enabled = true (custom)
2019-09-19 09:54:57,323 [pool-49-thread-1] INFO  segmented.SegmentedRaftLogWorker (SegmentedRaftLogWorker.java:lambda$new$0(132)) - dea0a289-bbd2-4f4b-bbf8-a17c24855de6-SegmentedRaftLogWorker:Storage Directory /workdir/hadoop-ozone/tools/target/test-dir/MiniOzoneClusterImpl-8d91f153-b4bc-4240-a6a0-161ba1782059/datanode-2/data/ratis/9c8a2599-3f27-460d-9bad-1999d85383be: flushIndex: setUnconditionally 0 -> -1
2019-09-19 09:54:57,324 [pool-49-thread-1] INFO  server.RaftServerConfigKeys (ConfUtils.java:logGet(43)) - raft.server.snapshot.auto.trigger.enabled = true (custom)
2019-09-19 09:54:57,324 [pool-49-thread-1] INFO  server.RaftServerConfigKeys (ConfUtils.java:logGet(43)) - raft.server.snapshot.auto.trigger.threshold = 10000 (custom)
2019-09-19 09:54:57,324 [pool-49-thread-1] INFO  server.RaftServerConfigKeys (ConfUtils.java:logGet(43)) - raft.server.retrycache.expirytime = 600000ms (custom)
2019-09-19 09:54:57,325 [pool-49-thread-1] INFO  impl.RaftServerImpl (RaftServerImpl.java:start(180)) - dea0a289-bbd2-4f4b-bbf8-a17c24855de6: start group-1999D85383BE
2019-09-19 09:54:57,325 [pool-49-thread-1] INFO  impl.RaftServerImpl (RaftServerImpl.java:setRole(171)) - dea0a289-bbd2-4f4b-bbf8-a17c24855de6:group-1999D85383BE changes role from null to FOLLOWER at term 0 for startAsFollower
2019-09-19 09:54:57,325 [pool-49-thread-1] INFO  impl.RoleInfo (RoleInfo.java:updateAndGet(143)) - dea0a289-bbd2-4f4b-bbf8-a17c24855de6: start FollowerState
2019-09-19 09:54:57,326 [pool-49-thread-1] INFO  util.JmxRegister (JmxRegister.java:tryRegister(44)) - Successfully registered JMX Bean with object name Ratis:service=RaftServer,group=group-1999D85383BE,id=dea0a289-bbd2-4f4b-bbf8-a17c24855de6
2019-09-19 09:54:57,327 [main] INFO  freon.RandomKeyGenerator (RandomKeyGenerator.java:call(275)) - Number of Threads: 10
2019-09-19 09:54:57,332 [main] INFO  freon.RandomKeyGenerator (RandomKeyGenerator.java:call(280)) - Number of Volumes: 1.
2019-09-19 09:54:57,332 [main] INFO  freon.RandomKeyGenerator (RandomKeyGenerator.java:call(281)) - Number of Buckets per Volume: 1.
2019-09-19 09:54:57,332 [main] INFO  freon.RandomKeyGenerator (RandomKeyGenerator.java:call(282)) - Number of Keys per Bucket: 1.
2019-09-19 09:54:57,332 [main] INFO  freon.RandomKeyGenerator (RandomKeyGenerator.java:call(283)) - Key size: 20971520 bytes
2019-09-19 09:54:57,332 [main] INFO  freon.RandomKeyGenerator (RandomKeyGenerator.java:call(284)) - Buffer size: 4096 bytes
2019-09-19 09:54:57,337 [RatisPipelineUtilsThread] INFO  pipeline.PipelineStateManager (PipelineStateManager.java:addPipeline(56)) - Created pipeline Pipeline[ Id: 9c8a2599-3f27-460d-9bad-1999d85383be, Nodes: dea0a289-bbd2-4f4b-bbf8-a17c24855de6{ip: 192.168.34.5, host: pr-hdds-1569-j4bt4-3030777008, networkLocation: /default-rack, certSerialId: null}, Type:RATIS, Factor:ONE, State:OPEN]
2019-09-19 09:54:57,340 [main] INFO  freon.RandomKeyGenerator (RandomKeyGenerator.java:call(298)) - Data validation is enabled.
2019-09-19 09:54:57,343 [main] INFO  freon.RandomKeyGenerator (RandomKeyGenerator.java:call(304)) - Starting progress bar Thread.

 0.00% |█                                                                                                    |  0/1 Time: 0:00:002019-09-19 09:54:57,368 [grpc-default-executor-0] INFO  impl.RaftServerProxy (RaftServerProxy.java:addNew(89)) - 1b5ff12b-3718-456a-861a-fb86d4c76eb2: addNew group-B6744ECECE68:[1b5ff12b-3718-456a-861a-fb86d4c76eb2:192.168.34.5:39244] returns group-B6744ECECE68:java.util.concurrent.CompletableFuture@2c38f62b[Not completed]
2019-09-19 09:54:57,371 [pool-38-thread-1] INFO  impl.RaftServerImpl (RaftServerImpl.java:<init>(93)) - 1b5ff12b-3718-456a-861a-fb86d4c76eb2: new RaftServerImpl for group-B6744ECECE68:[1b5ff12b-3718-456a-861a-fb86d4c76eb2:192.168.34.5:39244] with ContainerStateMachine:uninitialized
2019-09-19 09:54:57,372 [pool-38-thread-1] INFO  server.RaftServerConfigKeys (ConfUtils.java:logGet(43)) - raft.server.rpc.timeout.min = 5s (custom)
2019-09-19 09:54:57,372 [pool-38-thread-1] INFO  server.RaftServerConfigKeys (ConfUtils.java:logGet(43)) - raft.server.rpc.timeout.max = 5200ms (custom)
2019-09-19 09:54:57,372 [pool-38-thread-1] INFO  server.RaftServerConfigKeys (ConfUtils.java:logGet(43)) - raft.server.rpcslowness.timeout = 120s (custom)
2019-09-19 09:54:57,372 [pool-38-thread-1] INFO  server.RaftServerConfigKeys (ConfUtils.java:logGet(43)) - raft.server.sleep.deviation.threshold = 300 (default)
2019-09-19 09:54:57,372 [pool-38-thread-1] INFO  server.RaftServerConfigKeys (ConfUtils.java:logGet(43)) - raft.server.log.appender.install.snapshot.enabled = false (custom)
2019-09-19 09:54:57,372 [pool-38-thread-1] INFO  impl.RaftServerImpl (ServerState.java:<init>(105)) - 1b5ff12b-3718-456a-861a-fb86d4c76eb2:group-B6744ECECE68 ConfigurationManager, init=-1: [1b5ff12b-3718-456a-861a-fb86d4c76eb2:192.168.34.5:39244], old=null, confs=<EMPTY_MAP>
2019-09-19 09:54:57,373 [pool-38-thread-1] INFO  server.RaftServerConfigKeys (ConfUtils.java:logGet(43)) - raft.server.storage.dir = [/workdir/hadoop-ozone/tools/target/test-dir/MiniOzoneClusterImpl-8d91f153-b4bc-4240-a6a0-161ba1782059/datanode-1/data/ratis] (custom)
2019-09-19 09:54:57,373 [pool-38-thread-1] INFO  storage.RaftStorageDirectory (RaftStorageDirectory.java:analyzeStorage(246)) - The storage directory /workdir/hadoop-ozone/tools/target/test-dir/MiniOzoneClusterImpl-8d91f153-b4bc-4240-a6a0-161ba1782059/datanode-1/data/ratis/f40e1d1c-70ff-439b-bd5e-b6744ecece68 does not exist. Creating ...
2019-09-19 09:54:57,378 [pool-56-thread-1] INFO  rpc.RpcClient (RpcClient.java:createVolume(293)) - Creating Volume: vol-0-07396, with jenkins1000 as owner.
2019-09-19 09:54:57,379 | INFO  | SCMAudit | user=jenkins1000 | ip=192.168.34.5 | op=SEND_HEARTBEAT {datanodeUUID=90096b95-6771-4ecf-aa77-70b7217912db, command=[]} | ret=SUCCESS |  
2019-09-19 09:54:57,389 [pool-38-thread-1] INFO  storage.RaftStorageDirectory (RaftStorageDirectory.java:tryLock(328)) - Lock on /workdir/hadoop-ozone/tools/target/test-dir/MiniOzoneClusterImpl-8d91f153-b4bc-4240-a6a0-161ba1782059/datanode-1/data/ratis/f40e1d1c-70ff-439b-bd5e-b6744ecece68/in_use.lock acquired by nodename 15688@pr-hdds-1569-j4bt4-3030777008
2019-09-19 09:54:57,398 | INFO  | OMAudit | user=jenkins1000 | ip=127.0.0.1 | op=CREATE_VOLUME {admin=jenkins1000, owner=jenkins1000, volume=vol-0-07396, creationTime=1568886897395, quotaInBytes=1152921504606846976} | ret=SUCCESS |  
2019-09-19 09:54:57,403 [pool-38-thread-1] INFO  storage.RaftStorage (RaftStorage.java:format(72)) - Storage directory /workdir/hadoop-ozone/tools/target/test-dir/MiniOzoneClusterImpl-8d91f153-b4bc-4240-a6a0-161ba1782059/datanode-1/data/ratis/f40e1d1c-70ff-439b-bd5e-b6744ecece68 has been successfully formatted.
2019-09-19 09:54:57,403 [pool-38-thread-1] INFO  ratis.ContainerStateMachine (ContainerStateMachine.java:loadSnapshot(226)) - group-B6744ECECE68: The snapshot info is null. Setting the last applied indexto:(t:0, i:~)
2019-09-19 09:54:57,404 [pool-38-thread-1] INFO  server.RaftServerConfigKeys (ConfUtils.java:logGet(43)) - raft.server.leader.election.timeout = 120s (custom)
2019-09-19 09:54:57,404 [pool-38-thread-1] INFO  server.RaftServerConfigKeys (ConfUtils.java:logGet(43)) - raft.server.log.use.memory = false (default)
2019-09-19 09:54:57,404 [pool-38-thread-1] INFO  server.RaftServerConfigKeys (ConfUtils.java:logGet(43)) - raft.server.log.purge.gap = 1000000 (custom)
2019-09-19 09:54:57,404 [pool-38-thread-1] INFO  server.RaftServerConfigKeys (ConfUtils.java:logGet(43)) - raft.server.log.appender.buffer.byte-limit = 33554432 (custom)
2019-09-19 09:54:57,404 [pool-38-thread-1] INFO  server.RaftServerConfigKeys (ConfUtils.java:logGet(43)) - raft.server.log.segment.size.max = 1048576 (custom)
2019-09-19 09:54:57,404 [pool-38-thread-1] INFO  server.RaftServerConfigKeys (ConfUtils.java:logGet(43)) - raft.server.log.segment.cache.num.max = 2 (custom)
2019-09-19 09:54:57,404 [pool-38-thread-1] INFO  segmented.SegmentedRaftLogWorker (SegmentedRaftLogWorker.java:<init>(172)) - new 1b5ff12b-3718-456a-861a-fb86d4c76eb2-SegmentedRaftLogWorker:Storage Directory /workdir/hadoop-ozone/tools/target/test-dir/MiniOzoneClusterImpl-8d91f153-b4bc-4240-a6a0-161ba1782059/datanode-1/data/ratis/f40e1d1c-70ff-439b-bd5e-b6744ecece68 for RaftStorage:Storage Directory /workdir/hadoop-ozone/tools/target/test-dir/MiniOzoneClusterImpl-8d91f153-b4bc-4240-a6a0-161ba1782059/datanode-1/data/ratis/f40e1d1c-70ff-439b-bd5e-b6744ecece68
2019-09-19 09:54:57,405 [pool-38-thread-1] INFO  server.RaftServerConfigKeys (ConfUtils.java:logGet(43)) - raft.server.log.queue.byte-limit = 2147483647 (custom)
2019-09-19 09:54:57,405 [pool-38-thread-1] INFO  server.RaftServerConfigKeys (ConfUtils.java:logGet(43)) - raft.server.log.queue.element-limit = 1024 (custom)
2019-09-19 09:54:57,405 [pool-38-thread-1] INFO  server.RaftServerConfigKeys (ConfUtils.java:logGet(43)) - raft.server.log.segment.size.max = 1048576 (custom)
2019-09-19 09:54:57,405 [pool-38-thread-1] INFO  server.RaftServerConfigKeys (ConfUtils.java:logGet(43)) - raft.server.log.preallocated.size = 16384 (custom)
2019-09-19 09:54:57,405 [pool-38-thread-1] INFO  server.RaftServerConfigKeys (ConfUtils.java:logGet(43)) - raft.server.log.write.buffer.size = 33554432 (custom)
2019-09-19 09:54:57,406 [pool-38-thread-1] INFO  server.RaftServerConfigKeys (ConfUtils.java:logGet(43)) - raft.server.log.force.sync.num = 128 (default)
2019-09-19 09:54:57,407 [pool-38-thread-1] INFO  server.RaftServerConfigKeys (ConfUtils.java:logGet(43)) - raft.server.log.statemachine.data.sync = true (default)
2019-09-19 09:54:57,407 [pool-38-thread-1] INFO  server.RaftServerConfigKeys (ConfUtils.java:logGet(43)) - raft.server.log.statemachine.data.sync.timeout = 10s (default)
2019-09-19 09:54:57,407 [pool-38-thread-1] INFO  server.RaftServerConfigKeys (ConfUtils.java:logGet(43)) - raft.server.log.statemachine.data.sync.timeout.retry = -1 (default)
2019-09-19 09:54:57,407 [pool-38-thread-1] INFO  server.RaftServerConfigKeys (ConfUtils.java:logGet(43)) - raft.server.log.statemachine.data.caching.enabled = true (custom)
2019-09-19 09:54:57,408 [pool-38-thread-1] INFO  segmented.SegmentedRaftLogWorker (SegmentedRaftLogWorker.java:lambda$new$0(132)) - 1b5ff12b-3718-456a-861a-fb86d4c76eb2-SegmentedRaftLogWorker:Storage Directory /workdir/hadoop-ozone/tools/target/test-dir/MiniOzoneClusterImpl-8d91f153-b4bc-4240-a6a0-161ba1782059/datanode-1/data/ratis/f40e1d1c-70ff-439b-bd5e-b6744ecece68: flushIndex: setUnconditionally 0 -> -1
2019-09-19 09:54:57,408 [pool-38-thread-1] INFO  server.RaftServerConfigKeys (ConfUtils.java:logGet(43)) - raft.server.snapshot.auto.trigger.enabled = true (custom)
2019-09-19 09:54:57,408 [pool-38-thread-1] INFO  server.RaftServerConfigKeys (ConfUtils.java:logGet(43)) - raft.server.snapshot.auto.trigger.threshold = 10000 (custom)
2019-09-19 09:54:57,408 [pool-38-thread-1] INFO  server.RaftServerConfigKeys (ConfUtils.java:logGet(43)) - raft.server.retrycache.expirytime = 600000ms (custom)
2019-09-19 09:54:57,409 [pool-38-thread-1] INFO  impl.RaftServerImpl (RaftServerImpl.java:start(180)) - 1b5ff12b-3718-456a-861a-fb86d4c76eb2: start group-B6744ECECE68
2019-09-19 09:54:57,409 [pool-38-thread-1] INFO  impl.RaftServerImpl (RaftServerImpl.java:setRole(171)) - 1b5ff12b-3718-456a-861a-fb86d4c76eb2:group-B6744ECECE68 changes role from null to FOLLOWER at term 0 for startAsFollower
2019-09-19 09:54:57,409 [pool-38-thread-1] INFO  impl.RoleInfo (RoleInfo.java:updateAndGet(143)) - 1b5ff12b-3718-456a-861a-fb86d4c76eb2: start FollowerState
2019-09-19 09:54:57,410 [pool-38-thread-1] INFO  util.JmxRegister (JmxRegister.java:tryRegister(44)) - Successfully registered JMX Bean with object name Ratis:service=RaftServer,group=group-B6744ECECE68,id=1b5ff12b-3718-456a-861a-fb86d4c76eb2
2019-09-19 09:54:57,410 | INFO  | OMAudit | user=jenkins1000 | ip=127.0.0.1 | op=READ_VOLUME {volume=vol-0-07396} | ret=SUCCESS |  
2019-09-19 09:54:57,418 [RatisPipelineUtilsThread] INFO  pipeline.PipelineStateManager (PipelineStateManager.java:addPipeline(56)) - Created pipeline Pipeline[ Id: f40e1d1c-70ff-439b-bd5e-b6744ecece68, Nodes: 1b5ff12b-3718-456a-861a-fb86d4c76eb2{ip: 192.168.34.5, host: pr-hdds-1569-j4bt4-3030777008, networkLocation: /default-rack, certSerialId: null}, Type:RATIS, Factor:ONE, State:OPEN]
2019-09-19 09:54:57,429 [pool-56-thread-2] INFO  rpc.RpcClient (RpcClient.java:createBucket(432)) - Creating Bucket: vol-0-07396/bucket-0-31483, with Versioning false and Storage Type set to DISK and Encryption set to false 
2019-09-19 09:54:57,432 [grpc-default-executor-0] INFO  impl.RaftServerProxy (RaftServerProxy.java:addNew(89)) - dea0a289-bbd2-4f4b-bbf8-a17c24855de6: addNew group-89B1599D0C80:[dea0a289-bbd2-4f4b-bbf8-a17c24855de6:192.168.34.5:44749] returns group-89B1599D0C80:java.util.concurrent.CompletableFuture@33f17a92[Not completed]
2019-09-19 09:54:57,434 [pool-49-thread-1] INFO  impl.RaftServerImpl (RaftServerImpl.java:<init>(93)) - dea0a289-bbd2-4f4b-bbf8-a17c24855de6: new RaftServerImpl for group-89B1599D0C80:[dea0a289-bbd2-4f4b-bbf8-a17c24855de6:192.168.34.5:44749] with ContainerStateMachine:uninitialized
2019-09-19 09:54:57,435 [pool-49-thread-1] INFO  server.RaftServerConfigKeys (ConfUtils.java:logGet(43)) - raft.server.rpc.timeout.min = 5s (custom)
2019-09-19 09:54:57,435 [pool-49-thread-1] INFO  server.RaftServerConfigKeys (ConfUtils.java:logGet(43)) - raft.server.rpc.timeout.max = 5200ms (custom)
2019-09-19 09:54:57,435 [pool-49-thread-1] INFO  server.RaftServerConfigKeys (ConfUtils.java:logGet(43)) - raft.server.rpcslowness.timeout = 120s (custom)
2019-09-19 09:54:57,435 [pool-49-thread-1] INFO  server.RaftServerConfigKeys (ConfUtils.java:logGet(43)) - raft.server.sleep.deviation.threshold = 300 (default)
2019-09-19 09:54:57,436 [pool-49-thread-1] INFO  server.RaftServerConfigKeys (ConfUtils.java:logGet(43)) - raft.server.log.appender.install.snapshot.enabled = false (custom)
2019-09-19 09:54:57,436 [pool-49-thread-1] INFO  impl.RaftServerImpl (ServerState.java:<init>(105)) - dea0a289-bbd2-4f4b-bbf8-a17c24855de6:group-89B1599D0C80 ConfigurationManager, init=-1: [dea0a289-bbd2-4f4b-bbf8-a17c24855de6:192.168.34.5:44749], old=null, confs=<EMPTY_MAP>
2019-09-19 09:54:57,436 [pool-49-thread-1] INFO  server.RaftServerConfigKeys (ConfUtils.java:logGet(43)) - raft.server.storage.dir = [/workdir/hadoop-ozone/tools/target/test-dir/MiniOzoneClusterImpl-8d91f153-b4bc-4240-a6a0-161ba1782059/datanode-2/data/ratis] (custom)
2019-09-19 09:54:57,437 [pool-49-thread-1] INFO  storage.RaftStorageDirectory (RaftStorageDirectory.java:analyzeStorage(246)) - The storage directory /workdir/hadoop-ozone/tools/target/test-dir/MiniOzoneClusterImpl-8d91f153-b4bc-4240-a6a0-161ba1782059/datanode-2/data/ratis/6f58ea3d-06d8-495a-859b-89b1599d0c80 does not exist. Creating ...
2019-09-19 09:54:57,451 | INFO  | OMAudit | user=jenkins1000 | ip=127.0.0.1 | op=CREATE_BUCKET {volume=vol-0-07396, bucket=bucket-0-31483, acls=[user:jenkins1000:a[ACCESS], group:default:a[ACCESS]], isVersionEnabled=false, storageType=DISK, creationTime=0} | ret=SUCCESS |  
2019-09-19 09:54:57,451 [pool-49-thread-1] INFO  storage.RaftStorageDirectory (RaftStorageDirectory.java:tryLock(328)) - Lock on /workdir/hadoop-ozone/tools/target/test-dir/MiniOzoneClusterImpl-8d91f153-b4bc-4240-a6a0-161ba1782059/datanode-2/data/ratis/6f58ea3d-06d8-495a-859b-89b1599d0c80/in_use.lock acquired by nodename 15688@pr-hdds-1569-j4bt4-3030777008
2019-09-19 09:54:57,458 | INFO  | OMAudit | user=jenkins1000 | ip=127.0.0.1 | op=READ_BUCKET {volume=vol-0-07396, bucket=bucket-0-31483} | ret=SUCCESS |  
2019-09-19 09:54:57,464 [pool-49-thread-1] INFO  storage.RaftStorage (RaftStorage.java:format(72)) - Storage directory /workdir/hadoop-ozone/tools/target/test-dir/MiniOzoneClusterImpl-8d91f153-b4bc-4240-a6a0-161ba1782059/datanode-2/data/ratis/6f58ea3d-06d8-495a-859b-89b1599d0c80 has been successfully formatted.
2019-09-19 09:54:57,464 [pool-49-thread-1] INFO  ratis.ContainerStateMachine (ContainerStateMachine.java:loadSnapshot(226)) - group-89B1599D0C80: The snapshot info is null. Setting the last applied indexto:(t:0, i:~)
2019-09-19 09:54:57,464 [pool-49-thread-1] INFO  server.RaftServerConfigKeys (ConfUtils.java:logGet(43)) - raft.server.leader.election.timeout = 120s (custom)
2019-09-19 09:54:57,465 [pool-49-thread-1] INFO  server.RaftServerConfigKeys (ConfUtils.java:logGet(43)) - raft.server.log.use.memory = false (default)
2019-09-19 09:54:57,465 [pool-49-thread-1] INFO  server.RaftServerConfigKeys (ConfUtils.java:logGet(43)) - raft.server.log.purge.gap = 1000000 (custom)
2019-09-19 09:54:57,465 [pool-49-thread-1] INFO  server.RaftServerConfigKeys (ConfUtils.java:logGet(43)) - raft.server.log.appender.buffer.byte-limit = 33554432 (custom)
2019-09-19 09:54:57,465 [pool-49-thread-1] INFO  server.RaftServerConfigKeys (ConfUtils.java:logGet(43)) - raft.server.log.segment.size.max = 1048576 (custom)
2019-09-19 09:54:57,465 [pool-49-thread-1] INFO  server.RaftServerConfigKeys (ConfUtils.java:logGet(43)) - raft.server.log.segment.cache.num.max = 2 (custom)
2019-09-19 09:54:57,466 [pool-49-thread-1] INFO  segmented.SegmentedRaftLogWorker (SegmentedRaftLogWorker.java:<init>(172)) - new dea0a289-bbd2-4f4b-bbf8-a17c24855de6-SegmentedRaftLogWorker:Storage Directory /workdir/hadoop-ozone/tools/target/test-dir/MiniOzoneClusterImpl-8d91f153-b4bc-4240-a6a0-161ba1782059/datanode-2/data/ratis/6f58ea3d-06d8-495a-859b-89b1599d0c80 for RaftStorage:Storage Directory /workdir/hadoop-ozone/tools/target/test-dir/MiniOzoneClusterImpl-8d91f153-b4bc-4240-a6a0-161ba1782059/datanode-2/data/ratis/6f58ea3d-06d8-495a-859b-89b1599d0c80
2019-09-19 09:54:57,466 [pool-49-thread-1] INFO  server.RaftServerConfigKeys (ConfUtils.java:logGet(43)) - raft.server.log.queue.byte-limit = 2147483647 (custom)
2019-09-19 09:54:57,466 [pool-49-thread-1] INFO  server.RaftServerConfigKeys (ConfUtils.java:logGet(43)) - raft.server.log.queue.element-limit = 1024 (custom)
2019-09-19 09:54:57,466 [pool-49-thread-1] INFO  server.RaftServerConfigKeys (ConfUtils.java:logGet(43)) - raft.server.log.segment.size.max = 1048576 (custom)
2019-09-19 09:54:57,466 [pool-49-thread-1] INFO  server.RaftServerConfigKeys (ConfUtils.java:logGet(43)) - raft.server.log.preallocated.size = 16384 (custom)
2019-09-19 09:54:57,467 [pool-49-thread-1] INFO  server.RaftServerConfigKeys (ConfUtils.java:logGet(43)) - raft.server.log.write.buffer.size = 33554432 (custom)
2019-09-19 09:54:57,467 [pool-49-thread-1] INFO  server.RaftServerConfigKeys (ConfUtils.java:logGet(43)) - raft.server.log.force.sync.num = 128 (default)
2019-09-19 09:54:57,467 [pool-49-thread-1] INFO  server.RaftServerConfigKeys (ConfUtils.java:logGet(43)) - raft.server.log.statemachine.data.sync = true (default)
2019-09-19 09:54:57,467 [pool-49-thread-1] INFO  server.RaftServerConfigKeys (ConfUtils.java:logGet(43)) - raft.server.log.statemachine.data.sync.timeout = 10s (default)
2019-09-19 09:54:57,467 [pool-49-thread-1] INFO  server.RaftServerConfigKeys (ConfUtils.java:logGet(43)) - raft.server.log.statemachine.data.sync.timeout.retry = -1 (default)
2019-09-19 09:54:57,468 [pool-49-thread-1] INFO  server.RaftServerConfigKeys (ConfUtils.java:logGet(43)) - raft.server.log.statemachine.data.caching.enabled = true (custom)
2019-09-19 09:54:57,468 [pool-49-thread-1] INFO  segmented.SegmentedRaftLogWorker (SegmentedRaftLogWorker.java:lambda$new$0(132)) - dea0a289-bbd2-4f4b-bbf8-a17c24855de6-SegmentedRaftLogWorker:Storage Directory /workdir/hadoop-ozone/tools/target/test-dir/MiniOzoneClusterImpl-8d91f153-b4bc-4240-a6a0-161ba1782059/datanode-2/data/ratis/6f58ea3d-06d8-495a-859b-89b1599d0c80: flushIndex: setUnconditionally 0 -> -1
2019-09-19 09:54:57,468 [pool-49-thread-1] INFO  server.RaftServerConfigKeys (ConfUtils.java:logGet(43)) - raft.server.snapshot.auto.trigger.enabled = true (custom)
2019-09-19 09:54:57,469 [pool-49-thread-1] INFO  server.RaftServerConfigKeys (ConfUtils.java:logGet(43)) - raft.server.snapshot.auto.trigger.threshold = 10000 (custom)
2019-09-19 09:54:57,469 [pool-49-thread-1] INFO  server.RaftServerConfigKeys (ConfUtils.java:logGet(43)) - raft.server.retrycache.expirytime = 600000ms (custom)
2019-09-19 09:54:57,469 [pool-49-thread-1] INFO  impl.RaftServerImpl (RaftServerImpl.java:start(180)) - dea0a289-bbd2-4f4b-bbf8-a17c24855de6: start group-89B1599D0C80
2019-09-19 09:54:57,469 [pool-49-thread-1] INFO  impl.RaftServerImpl (RaftServerImpl.java:setRole(171)) - dea0a289-bbd2-4f4b-bbf8-a17c24855de6:group-89B1599D0C80 changes role from null to FOLLOWER at term 0 for startAsFollower
2019-09-19 09:54:57,470 [pool-49-thread-1] INFO  impl.RoleInfo (RoleInfo.java:updateAndGet(143)) - dea0a289-bbd2-4f4b-bbf8-a17c24855de6: start FollowerState
2019-09-19 09:54:57,470 [pool-49-thread-1] INFO  util.JmxRegister (JmxRegister.java:tryRegister(44)) - Successfully registered JMX Bean with object name Ratis:service=RaftServer,group=group-89B1599D0C80,id=dea0a289-bbd2-4f4b-bbf8-a17c24855de6
2019-09-19 09:54:57,479 [RatisPipelineUtilsThread] INFO  pipeline.PipelineStateManager (PipelineStateManager.java:addPipeline(56)) - Created pipeline Pipeline[ Id: 6f58ea3d-06d8-495a-859b-89b1599d0c80, Nodes: dea0a289-bbd2-4f4b-bbf8-a17c24855de6{ip: 192.168.34.5, host: pr-hdds-1569-j4bt4-3030777008, networkLocation: /default-rack, certSerialId: null}, Type:RATIS, Factor:ONE, State:OPEN]
2019-09-19 09:54:57,492 [grpc-default-executor-0] INFO  impl.RaftServerProxy (RaftServerProxy.java:addNew(89)) - 1b5ff12b-3718-456a-861a-fb86d4c76eb2: addNew group-B1E82ACBC042:[1b5ff12b-3718-456a-861a-fb86d4c76eb2:192.168.34.5:39244] returns group-B1E82ACBC042:java.util.concurrent.CompletableFuture@1f7100c[Not completed]
2019-09-19 09:54:57,494 [pool-38-thread-1] INFO  impl.RaftServerImpl (RaftServerImpl.java:<init>(93)) - 1b5ff12b-3718-456a-861a-fb86d4c76eb2: new RaftServerImpl for group-B1E82ACBC042:[1b5ff12b-3718-456a-861a-fb86d4c76eb2:192.168.34.5:39244] with ContainerStateMachine:uninitialized
2019-09-19 09:54:57,494 [pool-38-thread-1] INFO  server.RaftServerConfigKeys (ConfUtils.java:logGet(43)) - raft.server.rpc.timeout.min = 5s (custom)
2019-09-19 09:54:57,495 [pool-38-thread-1] INFO  server.RaftServerConfigKeys (ConfUtils.java:logGet(43)) - raft.server.rpc.timeout.max = 5200ms (custom)
2019-09-19 09:54:57,495 [pool-38-thread-1] INFO  server.RaftServerConfigKeys (ConfUtils.java:logGet(43)) - raft.server.rpcslowness.timeout = 120s (custom)
2019-09-19 09:54:57,495 [pool-38-thread-1] INFO  server.RaftServerConfigKeys (ConfUtils.java:logGet(43)) - raft.server.sleep.deviation.threshold = 300 (default)
2019-09-19 09:54:57,495 [pool-38-thread-1] INFO  server.RaftServerConfigKeys (ConfUtils.java:logGet(43)) - raft.server.log.appender.install.snapshot.enabled = false (custom)
2019-09-19 09:54:57,495 [pool-38-thread-1] INFO  impl.RaftServerImpl (ServerState.java:<init>(105)) - 1b5ff12b-3718-456a-861a-fb86d4c76eb2:group-B1E82ACBC042 ConfigurationManager, init=-1: [1b5ff12b-3718-456a-861a-fb86d4c76eb2:192.168.34.5:39244], old=null, confs=<EMPTY_MAP>
2019-09-19 09:54:57,496 [pool-38-thread-1] INFO  server.RaftServerConfigKeys (ConfUtils.java:logGet(43)) - raft.server.storage.dir = [/workdir/hadoop-ozone/tools/target/test-dir/MiniOzoneClusterImpl-8d91f153-b4bc-4240-a6a0-161ba1782059/datanode-1/data/ratis] (custom)
2019-09-19 09:54:57,496 [pool-38-thread-1] INFO  storage.RaftStorageDirectory (RaftStorageDirectory.java:analyzeStorage(246)) - The storage directory /workdir/hadoop-ozone/tools/target/test-dir/MiniOzoneClusterImpl-8d91f153-b4bc-4240-a6a0-161ba1782059/datanode-1/data/ratis/434b1c57-8842-4ec0-8ef4-b1e82acbc042 does not exist. Creating ...
2019-09-19 09:54:57,509 [pool-38-thread-1] INFO  storage.RaftStorageDirectory (RaftStorageDirectory.java:tryLock(328)) - Lock on /workdir/hadoop-ozone/tools/target/test-dir/MiniOzoneClusterImpl-8d91f153-b4bc-4240-a6a0-161ba1782059/datanode-1/data/ratis/434b1c57-8842-4ec0-8ef4-b1e82acbc042/in_use.lock acquired by nodename 15688@pr-hdds-1569-j4bt4-3030777008
2019-09-19 09:54:57,522 [pool-38-thread-1] INFO  storage.RaftStorage (RaftStorage.java:format(72)) - Storage directory /workdir/hadoop-ozone/tools/target/test-dir/MiniOzoneClusterImpl-8d91f153-b4bc-4240-a6a0-161ba1782059/datanode-1/data/ratis/434b1c57-8842-4ec0-8ef4-b1e82acbc042 has been successfully formatted.
2019-09-19 09:54:57,522 [pool-38-thread-1] INFO  ratis.ContainerStateMachine (ContainerStateMachine.java:loadSnapshot(226)) - group-B1E82ACBC042: The snapshot info is null. Setting the last applied indexto:(t:0, i:~)
2019-09-19 09:54:57,522 [pool-38-thread-1] INFO  server.RaftServerConfigKeys (ConfUtils.java:logGet(43)) - raft.server.leader.election.timeout = 120s (custom)
2019-09-19 09:54:57,522 [pool-38-thread-1] INFO  server.RaftServerConfigKeys (ConfUtils.java:logGet(43)) - raft.server.log.use.memory = false (default)
2019-09-19 09:54:57,522 [pool-38-thread-1] INFO  server.RaftServerConfigKeys (ConfUtils.java:logGet(43)) - raft.server.log.purge.gap = 1000000 (custom)
2019-09-19 09:54:57,523 [pool-38-thread-1] INFO  server.RaftServerConfigKeys (ConfUtils.java:logGet(43)) - raft.server.log.appender.buffer.byte-limit = 33554432 (custom)
2019-09-19 09:54:57,523 [pool-38-thread-1] INFO  server.RaftServerConfigKeys (ConfUtils.java:logGet(43)) - raft.server.log.segment.size.max = 1048576 (custom)
2019-09-19 09:54:57,523 [pool-38-thread-1] INFO  server.RaftServerConfigKeys (ConfUtils.java:logGet(43)) - raft.server.log.segment.cache.num.max = 2 (custom)
2019-09-19 09:54:57,523 [pool-38-thread-1] INFO  segmented.SegmentedRaftLogWorker (SegmentedRaftLogWorker.java:<init>(172)) - new 1b5ff12b-3718-456a-861a-fb86d4c76eb2-SegmentedRaftLogWorker:Storage Directory /workdir/hadoop-ozone/tools/target/test-dir/MiniOzoneClusterImpl-8d91f153-b4bc-4240-a6a0-161ba1782059/datanode-1/data/ratis/434b1c57-8842-4ec0-8ef4-b1e82acbc042 for RaftStorage:Storage Directory /workdir/hadoop-ozone/tools/target/test-dir/MiniOzoneClusterImpl-8d91f153-b4bc-4240-a6a0-161ba1782059/datanode-1/data/ratis/434b1c57-8842-4ec0-8ef4-b1e82acbc042
2019-09-19 09:54:57,523 [pool-38-thread-1] INFO  server.RaftServerConfigKeys (ConfUtils.java:logGet(43)) - raft.server.log.queue.byte-limit = 2147483647 (custom)
2019-09-19 09:54:57,523 [pool-38-thread-1] INFO  server.RaftServerConfigKeys (ConfUtils.java:logGet(43)) - raft.server.log.queue.element-limit = 1024 (custom)
2019-09-19 09:54:57,523 [pool-38-thread-1] INFO  server.RaftServerConfigKeys (ConfUtils.java:logGet(43)) - raft.server.log.segment.size.max = 1048576 (custom)
2019-09-19 09:54:57,523 [pool-38-thread-1] INFO  server.RaftServerConfigKeys (ConfUtils.java:logGet(43)) - raft.server.log.preallocated.size = 16384 (custom)
2019-09-19 09:54:57,524 [pool-38-thread-1] INFO  server.RaftServerConfigKeys (ConfUtils.java:logGet(43)) - raft.server.log.write.buffer.size = 33554432 (custom)
2019-09-19 09:54:57,524 [pool-38-thread-1] INFO  server.RaftServerConfigKeys (ConfUtils.java:logGet(43)) - raft.server.log.force.sync.num = 128 (default)
2019-09-19 09:54:57,524 [pool-38-thread-1] INFO  server.RaftServerConfigKeys (ConfUtils.java:logGet(43)) - raft.server.log.statemachine.data.sync = true (default)
2019-09-19 09:54:57,524 [pool-38-thread-1] INFO  server.RaftServerConfigKeys (ConfUtils.java:logGet(43)) - raft.server.log.statemachine.data.sync.timeout = 10s (default)
2019-09-19 09:54:57,524 [pool-38-thread-1] INFO  server.RaftServerConfigKeys (ConfUtils.java:logGet(43)) - raft.server.log.statemachine.data.sync.timeout.retry = -1 (default)
2019-09-19 09:54:57,524 [pool-38-thread-1] INFO  server.RaftServerConfigKeys (ConfUtils.java:logGet(43)) - raft.server.log.statemachine.data.caching.enabled = true (custom)
2019-09-19 09:54:57,524 [pool-38-thread-1] INFO  segmented.SegmentedRaftLogWorker (SegmentedRaftLogWorker.java:lambda$new$0(132)) - 1b5ff12b-3718-456a-861a-fb86d4c76eb2-SegmentedRaftLogWorker:Storage Directory /workdir/hadoop-ozone/tools/target/test-dir/MiniOzoneClusterImpl-8d91f153-b4bc-4240-a6a0-161ba1782059/datanode-1/data/ratis/434b1c57-8842-4ec0-8ef4-b1e82acbc042: flushIndex: setUnconditionally 0 -> -1
2019-09-19 09:54:57,525 [pool-38-thread-1] INFO  server.RaftServerConfigKeys (ConfUtils.java:logGet(43)) - raft.server.snapshot.auto.trigger.enabled = true (custom)
2019-09-19 09:54:57,525 [pool-38-thread-1] INFO  server.RaftServerConfigKeys (ConfUtils.java:logGet(43)) - raft.server.snapshot.auto.trigger.threshold = 10000 (custom)
2019-09-19 09:54:57,525 [pool-38-thread-1] INFO  server.RaftServerConfigKeys (ConfUtils.java:logGet(43)) - raft.server.retrycache.expirytime = 600000ms (custom)
2019-09-19 09:54:57,525 [pool-38-thread-1] INFO  impl.RaftServerImpl (RaftServerImpl.java:start(180)) - 1b5ff12b-3718-456a-861a-fb86d4c76eb2: start group-B1E82ACBC042
2019-09-19 09:54:57,525 [pool-38-thread-1] INFO  impl.RaftServerImpl (RaftServerImpl.java:setRole(171)) - 1b5ff12b-3718-456a-861a-fb86d4c76eb2:group-B1E82ACBC042 changes role from null to FOLLOWER at term 0 for startAsFollower
2019-09-19 09:54:57,525 [pool-38-thread-1] INFO  impl.RoleInfo (RoleInfo.java:updateAndGet(143)) - 1b5ff12b-3718-456a-861a-fb86d4c76eb2: start FollowerState
2019-09-19 09:54:57,526 [pool-38-thread-1] INFO  util.JmxRegister (JmxRegister.java:tryRegister(44)) - Successfully registered JMX Bean with object name Ratis:service=RaftServer,group=group-B1E82ACBC042,id=1b5ff12b-3718-456a-861a-fb86d4c76eb2
2019-09-19 09:54:57,534 [RatisPipelineUtilsThread] INFO  pipeline.PipelineStateManager (PipelineStateManager.java:addPipeline(56)) - Created pipeline Pipeline[ Id: 434b1c57-8842-4ec0-8ef4-b1e82acbc042, Nodes: 1b5ff12b-3718-456a-861a-fb86d4c76eb2{ip: 192.168.34.5, host: pr-hdds-1569-j4bt4-3030777008, networkLocation: /default-rack, certSerialId: null}, Type:RATIS, Factor:ONE, State:OPEN]
2019-09-19 09:54:57,547 [grpc-default-executor-0] INFO  impl.RaftServerProxy (RaftServerProxy.java:addNew(89)) - 1b5ff12b-3718-456a-861a-fb86d4c76eb2: addNew group-58E18930D9FC:[1b5ff12b-3718-456a-861a-fb86d4c76eb2:192.168.34.5:39244] returns group-58E18930D9FC:java.util.concurrent.CompletableFuture@2ab4ce51[Not completed]
2019-09-19 09:54:57,548 [pool-38-thread-1] INFO  impl.RaftServerImpl (RaftServerImpl.java:<init>(93)) - 1b5ff12b-3718-456a-861a-fb86d4c76eb2: new RaftServerImpl for group-58E18930D9FC:[1b5ff12b-3718-456a-861a-fb86d4c76eb2:192.168.34.5:39244] with ContainerStateMachine:uninitialized
2019-09-19 09:54:57,548 [pool-38-thread-1] INFO  server.RaftServerConfigKeys (ConfUtils.java:logGet(43)) - raft.server.rpc.timeout.min = 5s (custom)
2019-09-19 09:54:57,548 [pool-38-thread-1] INFO  server.RaftServerConfigKeys (ConfUtils.java:logGet(43)) - raft.server.rpc.timeout.max = 5200ms (custom)
2019-09-19 09:54:57,548 [pool-38-thread-1] INFO  server.RaftServerConfigKeys (ConfUtils.java:logGet(43)) - raft.server.rpcslowness.timeout = 120s (custom)
2019-09-19 09:54:57,548 [pool-38-thread-1] INFO  server.RaftServerConfigKeys (ConfUtils.java:logGet(43)) - raft.server.sleep.deviation.threshold = 300 (default)
2019-09-19 09:54:57,548 [pool-38-thread-1] INFO  server.RaftServerConfigKeys (ConfUtils.java:logGet(43)) - raft.server.log.appender.install.snapshot.enabled = false (custom)
2019-09-19 09:54:57,549 [pool-38-thread-1] INFO  impl.RaftServerImpl (ServerState.java:<init>(105)) - 1b5ff12b-3718-456a-861a-fb86d4c76eb2:group-58E18930D9FC ConfigurationManager, init=-1: [1b5ff12b-3718-456a-861a-fb86d4c76eb2:192.168.34.5:39244], old=null, confs=<EMPTY_MAP>
2019-09-19 09:54:57,549 [pool-38-thread-1] INFO  server.RaftServerConfigKeys (ConfUtils.java:logGet(43)) - raft.server.storage.dir = [/workdir/hadoop-ozone/tools/target/test-dir/MiniOzoneClusterImpl-8d91f153-b4bc-4240-a6a0-161ba1782059/datanode-1/data/ratis] (custom)
2019-09-19 09:54:57,549 [pool-38-thread-1] INFO  storage.RaftStorageDirectory (RaftStorageDirectory.java:analyzeStorage(246)) - The storage directory /workdir/hadoop-ozone/tools/target/test-dir/MiniOzoneClusterImpl-8d91f153-b4bc-4240-a6a0-161ba1782059/datanode-1/data/ratis/f4d9d9c3-9a88-4a48-8b72-58e18930d9fc does not exist. Creating ...
2019-09-19 09:54:57,561 [pool-38-thread-1] INFO  storage.RaftStorageDirectory (RaftStorageDirectory.java:tryLock(328)) - Lock on /workdir/hadoop-ozone/tools/target/test-dir/MiniOzoneClusterImpl-8d91f153-b4bc-4240-a6a0-161ba1782059/datanode-1/data/ratis/f4d9d9c3-9a88-4a48-8b72-58e18930d9fc/in_use.lock acquired by nodename 15688@pr-hdds-1569-j4bt4-3030777008
2019-09-19 09:54:57,574 [pool-38-thread-1] INFO  storage.RaftStorage (RaftStorage.java:format(72)) - Storage directory /workdir/hadoop-ozone/tools/target/test-dir/MiniOzoneClusterImpl-8d91f153-b4bc-4240-a6a0-161ba1782059/datanode-1/data/ratis/f4d9d9c3-9a88-4a48-8b72-58e18930d9fc has been successfully formatted.
2019-09-19 09:54:57,575 [pool-38-thread-1] INFO  ratis.ContainerStateMachine (ContainerStateMachine.java:loadSnapshot(226)) - group-58E18930D9FC: The snapshot info is null. Setting the last applied indexto:(t:0, i:~)
2019-09-19 09:54:57,575 [pool-38-thread-1] INFO  server.RaftServerConfigKeys (ConfUtils.java:logGet(43)) - raft.server.leader.election.timeout = 120s (custom)
2019-09-19 09:54:57,575 [pool-38-thread-1] INFO  server.RaftServerConfigKeys (ConfUtils.java:logGet(43)) - raft.server.log.use.memory = false (default)
2019-09-19 09:54:57,575 [pool-38-thread-1] INFO  server.RaftServerConfigKeys (ConfUtils.java:logGet(43)) - raft.server.log.purge.gap = 1000000 (custom)
2019-09-19 09:54:57,575 [pool-38-thread-1] INFO  server.RaftServerConfigKeys (ConfUtils.java:logGet(43)) - raft.server.log.appender.buffer.byte-limit = 33554432 (custom)
2019-09-19 09:54:57,575 [pool-38-thread-1] INFO  server.RaftServerConfigKeys (ConfUtils.java:logGet(43)) - raft.server.log.segment.size.max = 1048576 (custom)
2019-09-19 09:54:57,575 [pool-38-thread-1] INFO  server.RaftServerConfigKeys (ConfUtils.java:logGet(43)) - raft.server.log.segment.cache.num.max = 2 (custom)
2019-09-19 09:54:57,575 [pool-38-thread-1] INFO  segmented.SegmentedRaftLogWorker (SegmentedRaftLogWorker.java:<init>(172)) - new 1b5ff12b-3718-456a-861a-fb86d4c76eb2-SegmentedRaftLogWorker:Storage Directory /workdir/hadoop-ozone/tools/target/test-dir/MiniOzoneClusterImpl-8d91f153-b4bc-4240-a6a0-161ba1782059/datanode-1/data/ratis/f4d9d9c3-9a88-4a48-8b72-58e18930d9fc for RaftStorage:Storage Directory /workdir/hadoop-ozone/tools/target/test-dir/MiniOzoneClusterImpl-8d91f153-b4bc-4240-a6a0-161ba1782059/datanode-1/data/ratis/f4d9d9c3-9a88-4a48-8b72-58e18930d9fc
2019-09-19 09:54:57,576 [pool-38-thread-1] INFO  server.RaftServerConfigKeys (ConfUtils.java:logGet(43)) - raft.server.log.queue.byte-limit = 2147483647 (custom)
2019-09-19 09:54:57,576 [pool-38-thread-1] INFO  server.RaftServerConfigKeys (ConfUtils.java:logGet(43)) - raft.server.log.queue.element-limit = 1024 (custom)
2019-09-19 09:54:57,576 [pool-38-thread-1] INFO  server.RaftServerConfigKeys (ConfUtils.java:logGet(43)) - raft.server.log.segment.size.max = 1048576 (custom)
2019-09-19 09:54:57,576 [pool-38-thread-1] INFO  server.RaftServerConfigKeys (ConfUtils.java:logGet(43)) - raft.server.log.preallocated.size = 16384 (custom)
2019-09-19 09:54:57,576 [pool-38-thread-1] INFO  server.RaftServerConfigKeys (ConfUtils.java:logGet(43)) - raft.server.log.write.buffer.size = 33554432 (custom)
2019-09-19 09:54:57,576 [pool-38-thread-1] INFO  server.RaftServerConfigKeys (ConfUtils.java:logGet(43)) - raft.server.log.force.sync.num = 128 (default)
2019-09-19 09:54:57,576 [pool-38-thread-1] INFO  server.RaftServerConfigKeys (ConfUtils.java:logGet(43)) - raft.server.log.statemachine.data.sync = true (default)
2019-09-19 09:54:57,576 [pool-38-thread-1] INFO  server.RaftServerConfigKeys (ConfUtils.java:logGet(43)) - raft.server.log.statemachine.data.sync.timeout = 10s (default)
2019-09-19 09:54:57,577 [pool-38-thread-1] INFO  server.RaftServerConfigKeys (ConfUtils.java:logGet(43)) - raft.server.log.statemachine.data.sync.timeout.retry = -1 (default)
2019-09-19 09:54:57,577 [pool-38-thread-1] INFO  server.RaftServerConfigKeys (ConfUtils.java:logGet(43)) - raft.server.log.statemachine.data.caching.enabled = true (custom)
2019-09-19 09:54:57,577 [pool-38-thread-1] INFO  segmented.SegmentedRaftLogWorker (SegmentedRaftLogWorker.java:lambda$new$0(132)) - 1b5ff12b-3718-456a-861a-fb86d4c76eb2-SegmentedRaftLogWorker:Storage Directory /workdir/hadoop-ozone/tools/target/test-dir/MiniOzoneClusterImpl-8d91f153-b4bc-4240-a6a0-161ba1782059/datanode-1/data/ratis/f4d9d9c3-9a88-4a48-8b72-58e18930d9fc: flushIndex: setUnconditionally 0 -> -1
2019-09-19 09:54:57,577 [pool-38-thread-1] INFO  server.RaftServerConfigKeys (ConfUtils.java:logGet(43)) - raft.server.snapshot.auto.trigger.enabled = true (custom)
2019-09-19 09:54:57,577 [pool-38-thread-1] INFO  server.RaftServerConfigKeys (ConfUtils.java:logGet(43)) - raft.server.snapshot.auto.trigger.threshold = 10000 (custom)
2019-09-19 09:54:57,578 [pool-38-thread-1] INFO  server.RaftServerConfigKeys (ConfUtils.java:logGet(43)) - raft.server.retrycache.expirytime = 600000ms (custom)
2019-09-19 09:54:57,578 [pool-38-thread-1] INFO  impl.RaftServerImpl (RaftServerImpl.java:start(180)) - 1b5ff12b-3718-456a-861a-fb86d4c76eb2: start group-58E18930D9FC
2019-09-19 09:54:57,578 [pool-38-thread-1] INFO  impl.RaftServerImpl (RaftServerImpl.java:setRole(171)) - 1b5ff12b-3718-456a-861a-fb86d4c76eb2:group-58E18930D9FC changes role from null to FOLLOWER at term 0 for startAsFollower
2019-09-19 09:54:57,578 [pool-38-thread-1] INFO  impl.RoleInfo (RoleInfo.java:updateAndGet(143)) - 1b5ff12b-3718-456a-861a-fb86d4c76eb2: start FollowerState
2019-09-19 09:54:57,578 [pool-38-thread-1] INFO  util.JmxRegister (JmxRegister.java:tryRegister(44)) - Successfully registered JMX Bean with object name Ratis:service=RaftServer,group=group-58E18930D9FC,id=1b5ff12b-3718-456a-861a-fb86d4c76eb2
2019-09-19 09:54:57,587 [RatisPipelineUtilsThread] INFO  pipeline.PipelineStateManager (PipelineStateManager.java:addPipeline(56)) - Created pipeline Pipeline[ Id: f4d9d9c3-9a88-4a48-8b72-58e18930d9fc, Nodes: 1b5ff12b-3718-456a-861a-fb86d4c76eb2{ip: 192.168.34.5, host: pr-hdds-1569-j4bt4-3030777008, networkLocation: /default-rack, certSerialId: null}, Type:RATIS, Factor:ONE, State:OPEN]
2019-09-19 09:54:57,589 [RatisPipelineUtilsThread] ERROR pipeline.PipelinePlacementPolicy (PipelinePlacementPolicy.java:meetCriteria(91)) - Pipeline Placement: Doesn't meet the criteria to be viable node. Heaviness: 6
2019-09-19 09:54:57,599 | INFO  | SCMAudit | user=jenkins1000 | ip=192.168.34.5 | op=SEND_HEARTBEAT {datanodeUUID=1b5ff12b-3718-456a-861a-fb86d4c76eb2, command=[]} | ret=SUCCESS |  
2019-09-19 09:54:57,602 [grpc-default-executor-0] INFO  impl.RaftServerProxy (RaftServerProxy.java:addNew(89)) - 90096b95-6771-4ecf-aa77-70b7217912db: addNew group-B79351785BD7:[90096b95-6771-4ecf-aa77-70b7217912db:192.168.34.5:42713] returns group-B79351785BD7:java.util.concurrent.CompletableFuture@50faf074[Not completed]
2019-09-19 09:54:57,604 [pool-27-thread-1] INFO  impl.RaftServerImpl (RaftServerImpl.java:<init>(93)) - 90096b95-6771-4ecf-aa77-70b7217912db: new RaftServerImpl for group-B79351785BD7:[90096b95-6771-4ecf-aa77-70b7217912db:192.168.34.5:42713] with ContainerStateMachine:uninitialized
2019-09-19 09:54:57,604 [pool-27-thread-1] INFO  server.RaftServerConfigKeys (ConfUtils.java:logGet(43)) - raft.server.rpc.timeout.min = 5s (custom)
2019-09-19 09:54:57,604 [pool-27-thread-1] INFO  server.RaftServerConfigKeys (ConfUtils.java:logGet(43)) - raft.server.rpc.timeout.max = 5200ms (custom)
2019-09-19 09:54:57,604 [pool-27-thread-1] INFO  server.RaftServerConfigKeys (ConfUtils.java:logGet(43)) - raft.server.rpcslowness.timeout = 120s (custom)
2019-09-19 09:54:57,604 [pool-27-thread-1] INFO  server.RaftServerConfigKeys (ConfUtils.java:logGet(43)) - raft.server.sleep.deviation.threshold = 300 (default)
2019-09-19 09:54:57,605 [pool-27-thread-1] INFO  server.RaftServerConfigKeys (ConfUtils.java:logGet(43)) - raft.server.log.appender.install.snapshot.enabled = false (custom)
2019-09-19 09:54:57,605 [pool-27-thread-1] INFO  impl.RaftServerImpl (ServerState.java:<init>(105)) - 90096b95-6771-4ecf-aa77-70b7217912db:group-B79351785BD7 ConfigurationManager, init=-1: [90096b95-6771-4ecf-aa77-70b7217912db:192.168.34.5:42713], old=null, confs=<EMPTY_MAP>
2019-09-19 09:54:57,605 [pool-27-thread-1] INFO  server.RaftServerConfigKeys (ConfUtils.java:logGet(43)) - raft.server.storage.dir = [/workdir/hadoop-ozone/tools/target/test-dir/MiniOzoneClusterImpl-8d91f153-b4bc-4240-a6a0-161ba1782059/datanode-0/data/ratis] (custom)
2019-09-19 09:54:57,606 [pool-27-thread-1] INFO  storage.RaftStorageDirectory (RaftStorageDirectory.java:analyzeStorage(246)) - The storage directory /workdir/hadoop-ozone/tools/target/test-dir/MiniOzoneClusterImpl-8d91f153-b4bc-4240-a6a0-161ba1782059/datanode-0/data/ratis/013a134e-1b13-4cda-a6a2-b79351785bd7 does not exist. Creating ...
2019-09-19 09:54:57,619 [pool-27-thread-1] INFO  storage.RaftStorageDirectory (RaftStorageDirectory.java:tryLock(328)) - Lock on /workdir/hadoop-ozone/tools/target/test-dir/MiniOzoneClusterImpl-8d91f153-b4bc-4240-a6a0-161ba1782059/datanode-0/data/ratis/013a134e-1b13-4cda-a6a2-b79351785bd7/in_use.lock acquired by nodename 15688@pr-hdds-1569-j4bt4-3030777008
2019-09-19 09:54:57,648 [pool-27-thread-1] INFO  storage.RaftStorage (RaftStorage.java:format(72)) - Storage directory /workdir/hadoop-ozone/tools/target/test-dir/MiniOzoneClusterImpl-8d91f153-b4bc-4240-a6a0-161ba1782059/datanode-0/data/ratis/013a134e-1b13-4cda-a6a2-b79351785bd7 has been successfully formatted.
2019-09-19 09:54:57,649 [pool-27-thread-1] INFO  ratis.ContainerStateMachine (ContainerStateMachine.java:loadSnapshot(226)) - group-B79351785BD7: The snapshot info is null. Setting the last applied indexto:(t:0, i:~)
2019-09-19 09:54:57,649 [pool-27-thread-1] INFO  server.RaftServerConfigKeys (ConfUtils.java:logGet(43)) - raft.server.leader.election.timeout = 120s (custom)
2019-09-19 09:54:57,649 [pool-27-thread-1] INFO  server.RaftServerConfigKeys (ConfUtils.java:logGet(43)) - raft.server.log.use.memory = false (default)
2019-09-19 09:54:57,649 [pool-27-thread-1] INFO  server.RaftServerConfigKeys (ConfUtils.java:logGet(43)) - raft.server.log.purge.gap = 1000000 (custom)
2019-09-19 09:54:57,650 [pool-27-thread-1] INFO  server.RaftServerConfigKeys (ConfUtils.java:logGet(43)) - raft.server.log.appender.buffer.byte-limit = 33554432 (custom)
2019-09-19 09:54:57,650 [pool-27-thread-1] INFO  server.RaftServerConfigKeys (ConfUtils.java:logGet(43)) - raft.server.log.segment.size.max = 1048576 (custom)
2019-09-19 09:54:57,650 [pool-27-thread-1] INFO  server.RaftServerConfigKeys (ConfUtils.java:logGet(43)) - raft.server.log.segment.cache.num.max = 2 (custom)
2019-09-19 09:54:57,650 [pool-27-thread-1] INFO  segmented.SegmentedRaftLogWorker (SegmentedRaftLogWorker.java:<init>(172)) - new 90096b95-6771-4ecf-aa77-70b7217912db-SegmentedRaftLogWorker:Storage Directory /workdir/hadoop-ozone/tools/target/test-dir/MiniOzoneClusterImpl-8d91f153-b4bc-4240-a6a0-161ba1782059/datanode-0/data/ratis/013a134e-1b13-4cda-a6a2-b79351785bd7 for RaftStorage:Storage Directory /workdir/hadoop-ozone/tools/target/test-dir/MiniOzoneClusterImpl-8d91f153-b4bc-4240-a6a0-161ba1782059/datanode-0/data/ratis/013a134e-1b13-4cda-a6a2-b79351785bd7
2019-09-19 09:54:57,650 [pool-27-thread-1] INFO  server.RaftServerConfigKeys (ConfUtils.java:logGet(43)) - raft.server.log.queue.byte-limit = 2147483647 (custom)
2019-09-19 09:54:57,651 [pool-27-thread-1] INFO  server.RaftServerConfigKeys (ConfUtils.java:logGet(43)) - raft.server.log.queue.element-limit = 1024 (custom)
2019-09-19 09:54:57,651 [pool-27-thread-1] INFO  server.RaftServerConfigKeys (ConfUtils.java:logGet(43)) - raft.server.log.segment.size.max = 1048576 (custom)
2019-09-19 09:54:57,651 [pool-27-thread-1] INFO  server.RaftServerConfigKeys (ConfUtils.java:logGet(43)) - raft.server.log.preallocated.size = 16384 (custom)
2019-09-19 09:54:57,651 [pool-27-thread-1] INFO  server.RaftServerConfigKeys (ConfUtils.java:logGet(43)) - raft.server.log.write.buffer.size = 33554432 (custom)
2019-09-19 09:54:57,651 [pool-27-thread-1] INFO  server.RaftServerConfigKeys (ConfUtils.java:logGet(43)) - raft.server.log.force.sync.num = 128 (default)
2019-09-19 09:54:57,652 [pool-27-thread-1] INFO  server.RaftServerConfigKeys (ConfUtils.java:logGet(43)) - raft.server.log.statemachine.data.sync = true (default)
2019-09-19 09:54:57,652 [pool-27-thread-1] INFO  server.RaftServerConfigKeys (ConfUtils.java:logGet(43)) - raft.server.log.statemachine.data.sync.timeout = 10s (default)
2019-09-19 09:54:57,652 [pool-27-thread-1] INFO  server.RaftServerConfigKeys (ConfUtils.java:logGet(43)) - raft.server.log.statemachine.data.sync.timeout.retry = -1 (default)
2019-09-19 09:54:57,652 [pool-27-thread-1] INFO  server.RaftServerConfigKeys (ConfUtils.java:logGet(43)) - raft.server.log.statemachine.data.caching.enabled = true (custom)
2019-09-19 09:54:57,653 [pool-27-thread-1] INFO  segmented.SegmentedRaftLogWorker (SegmentedRaftLogWorker.java:lambda$new$0(132)) - 90096b95-6771-4ecf-aa77-70b7217912db-SegmentedRaftLogWorker:Storage Directory /workdir/hadoop-ozone/tools/target/test-dir/MiniOzoneClusterImpl-8d91f153-b4bc-4240-a6a0-161ba1782059/datanode-0/data/ratis/013a134e-1b13-4cda-a6a2-b79351785bd7: flushIndex: setUnconditionally 0 -> -1
2019-09-19 09:54:57,653 [pool-27-thread-1] INFO  server.RaftServerConfigKeys (ConfUtils.java:logGet(43)) - raft.server.snapshot.auto.trigger.enabled = true (custom)
2019-09-19 09:54:57,653 [pool-27-thread-1] INFO  server.RaftServerConfigKeys (ConfUtils.java:logGet(43)) - raft.server.snapshot.auto.trigger.threshold = 10000 (custom)
2019-09-19 09:54:57,654 [pool-27-thread-1] INFO  server.RaftServerConfigKeys (ConfUtils.java:logGet(43)) - raft.server.retrycache.expirytime = 600000ms (custom)
2019-09-19 09:54:57,654 [pool-27-thread-1] INFO  impl.RaftServerImpl (RaftServerImpl.java:start(180)) - 90096b95-6771-4ecf-aa77-70b7217912db: start group-B79351785BD7
2019-09-19 09:54:57,654 [pool-27-thread-1] INFO  impl.RaftServerImpl (RaftServerImpl.java:setRole(171)) - 90096b95-6771-4ecf-aa77-70b7217912db:group-B79351785BD7 changes role from null to FOLLOWER at term 0 for startAsFollower
2019-09-19 09:54:57,654 [pool-27-thread-1] INFO  impl.RoleInfo (RoleInfo.java:updateAndGet(143)) - 90096b95-6771-4ecf-aa77-70b7217912db: start FollowerState
2019-09-19 09:54:57,655 [pool-27-thread-1] INFO  util.JmxRegister (JmxRegister.java:tryRegister(44)) - Successfully registered JMX Bean with object name Ratis:service=RaftServer,group=group-B79351785BD7,id=90096b95-6771-4ecf-aa77-70b7217912db
2019-09-19 09:54:57,666 [RatisPipelineUtilsThread] INFO  pipeline.PipelineStateManager (PipelineStateManager.java:addPipeline(56)) - Created pipeline Pipeline[ Id: 013a134e-1b13-4cda-a6a2-b79351785bd7, Nodes: 90096b95-6771-4ecf-aa77-70b7217912db{ip: 192.168.34.5, host: pr-hdds-1569-j4bt4-3030777008, networkLocation: /default-rack, certSerialId: null}, Type:RATIS, Factor:ONE, State:OPEN]
2019-09-19 09:54:57,668 [RatisPipelineUtilsThread] ERROR pipeline.PipelinePlacementPolicy (PipelinePlacementPolicy.java:meetCriteria(91)) - Pipeline Placement: Doesn't meet the criteria to be viable node. Heaviness: 6
2019-09-19 09:54:57,681 [grpc-default-executor-0] INFO  impl.RaftServerProxy (RaftServerProxy.java:addNew(89)) - 90096b95-6771-4ecf-aa77-70b7217912db: addNew group-4A5864CF0E32:[90096b95-6771-4ecf-aa77-70b7217912db:192.168.34.5:42713] returns group-4A5864CF0E32:java.util.concurrent.CompletableFuture@6582a21[Not completed]
2019-09-19 09:54:57,683 [pool-27-thread-1] INFO  impl.RaftServerImpl (RaftServerImpl.java:<init>(93)) - 90096b95-6771-4ecf-aa77-70b7217912db: new RaftServerImpl for group-4A5864CF0E32:[90096b95-6771-4ecf-aa77-70b7217912db:192.168.34.5:42713] with ContainerStateMachine:uninitialized
2019-09-19 09:54:57,683 [pool-27-thread-1] INFO  server.RaftServerConfigKeys (ConfUtils.java:logGet(43)) - raft.server.rpc.timeout.min = 5s (custom)
2019-09-19 09:54:57,684 [pool-27-thread-1] INFO  server.RaftServerConfigKeys (ConfUtils.java:logGet(43)) - raft.server.rpc.timeout.max = 5200ms (custom)
2019-09-19 09:54:57,684 [pool-27-thread-1] INFO  server.RaftServerConfigKeys (ConfUtils.java:logGet(43)) - raft.server.rpcslowness.timeout = 120s (custom)
2019-09-19 09:54:57,684 [pool-27-thread-1] INFO  server.RaftServerConfigKeys (ConfUtils.java:logGet(43)) - raft.server.sleep.deviation.threshold = 300 (default)
2019-09-19 09:54:57,684 [pool-27-thread-1] INFO  server.RaftServerConfigKeys (ConfUtils.java:logGet(43)) - raft.server.log.appender.install.snapshot.enabled = false (custom)
2019-09-19 09:54:57,684 [pool-27-thread-1] INFO  impl.RaftServerImpl (ServerState.java:<init>(105)) - 90096b95-6771-4ecf-aa77-70b7217912db:group-4A5864CF0E32 ConfigurationManager, init=-1: [90096b95-6771-4ecf-aa77-70b7217912db:192.168.34.5:42713], old=null, confs=<EMPTY_MAP>
2019-09-19 09:54:57,685 [pool-27-thread-1] INFO  server.RaftServerConfigKeys (ConfUtils.java:logGet(43)) - raft.server.storage.dir = [/workdir/hadoop-ozone/tools/target/test-dir/MiniOzoneClusterImpl-8d91f153-b4bc-4240-a6a0-161ba1782059/datanode-0/data/ratis] (custom)
2019-09-19 09:54:57,685 [pool-27-thread-1] INFO  storage.RaftStorageDirectory (RaftStorageDirectory.java:analyzeStorage(246)) - The storage directory /workdir/hadoop-ozone/tools/target/test-dir/MiniOzoneClusterImpl-8d91f153-b4bc-4240-a6a0-161ba1782059/datanode-0/data/ratis/c2acf32f-a4ed-41c9-810a-4a5864cf0e32 does not exist. Creating ...
2019-09-19 09:54:57,699 [pool-27-thread-1] INFO  storage.RaftStorageDirectory (RaftStorageDirectory.java:tryLock(328)) - Lock on /workdir/hadoop-ozone/tools/target/test-dir/MiniOzoneClusterImpl-8d91f153-b4bc-4240-a6a0-161ba1782059/datanode-0/data/ratis/c2acf32f-a4ed-41c9-810a-4a5864cf0e32/in_use.lock acquired by nodename 15688@pr-hdds-1569-j4bt4-3030777008
2019-09-19 09:54:57,713 [pool-27-thread-1] INFO  storage.RaftStorage (RaftStorage.java:format(72)) - Storage directory /workdir/hadoop-ozone/tools/target/test-dir/MiniOzoneClusterImpl-8d91f153-b4bc-4240-a6a0-161ba1782059/datanode-0/data/ratis/c2acf32f-a4ed-41c9-810a-4a5864cf0e32 has been successfully formatted.
2019-09-19 09:54:57,714 [pool-27-thread-1] INFO  ratis.ContainerStateMachine (ContainerStateMachine.java:loadSnapshot(226)) - group-4A5864CF0E32: The snapshot info is null. Setting the last applied indexto:(t:0, i:~)
2019-09-19 09:54:57,714 [pool-27-thread-1] INFO  server.RaftServerConfigKeys (ConfUtils.java:logGet(43)) - raft.server.leader.election.timeout = 120s (custom)
2019-09-19 09:54:57,714 [pool-27-thread-1] INFO  server.RaftServerConfigKeys (ConfUtils.java:logGet(43)) - raft.server.log.use.memory = false (default)
2019-09-19 09:54:57,714 [pool-27-thread-1] INFO  server.RaftServerConfigKeys (ConfUtils.java:logGet(43)) - raft.server.log.purge.gap = 1000000 (custom)
2019-09-19 09:54:57,715 [pool-27-thread-1] INFO  server.RaftServerConfigKeys (ConfUtils.java:logGet(43)) - raft.server.log.appender.buffer.byte-limit = 33554432 (custom)
2019-09-19 09:54:57,715 [pool-27-thread-1] INFO  server.RaftServerConfigKeys (ConfUtils.java:logGet(43)) - raft.server.log.segment.size.max = 1048576 (custom)
2019-09-19 09:54:57,715 [pool-27-thread-1] INFO  server.RaftServerConfigKeys (ConfUtils.java:logGet(43)) - raft.server.log.segment.cache.num.max = 2 (custom)
2019-09-19 09:54:57,715 [pool-27-thread-1] INFO  segmented.SegmentedRaftLogWorker (SegmentedRaftLogWorker.java:<init>(172)) - new 90096b95-6771-4ecf-aa77-70b7217912db-SegmentedRaftLogWorker:Storage Directory /workdir/hadoop-ozone/tools/target/test-dir/MiniOzoneClusterImpl-8d91f153-b4bc-4240-a6a0-161ba1782059/datanode-0/data/ratis/c2acf32f-a4ed-41c9-810a-4a5864cf0e32 for RaftStorage:Storage Directory /workdir/hadoop-ozone/tools/target/test-dir/MiniOzoneClusterImpl-8d91f153-b4bc-4240-a6a0-161ba1782059/datanode-0/data/ratis/c2acf32f-a4ed-41c9-810a-4a5864cf0e32
2019-09-19 09:54:57,715 [pool-27-thread-1] INFO  server.RaftServerConfigKeys (ConfUtils.java:logGet(43)) - raft.server.log.queue.byte-limit = 2147483647 (custom)
2019-09-19 09:54:57,716 [pool-27-thread-1] INFO  server.RaftServerConfigKeys (ConfUtils.java:logGet(43)) - raft.server.log.queue.element-limit = 1024 (custom)
2019-09-19 09:54:57,716 [pool-27-thread-1] INFO  server.RaftServerConfigKeys (ConfUtils.java:logGet(43)) - raft.server.log.segment.size.max = 1048576 (custom)
2019-09-19 09:54:57,716 [pool-27-thread-1] INFO  server.RaftServerConfigKeys (ConfUtils.java:logGet(43)) - raft.server.log.preallocated.size = 16384 (custom)
2019-09-19 09:54:57,716 [pool-27-thread-1] INFO  server.RaftServerConfigKeys (ConfUtils.java:logGet(43)) - raft.server.log.write.buffer.size = 33554432 (custom)
2019-09-19 09:54:57,716 [pool-27-thread-1] INFO  server.RaftServerConfigKeys (ConfUtils.java:logGet(43)) - raft.server.log.force.sync.num = 128 (default)
2019-09-19 09:54:57,717 [pool-27-thread-1] INFO  server.RaftServerConfigKeys (ConfUtils.java:logGet(43)) - raft.server.log.statemachine.data.sync = true (default)
2019-09-19 09:54:57,717 [pool-27-thread-1] INFO  server.RaftServerConfigKeys (ConfUtils.java:logGet(43)) - raft.server.log.statemachine.data.sync.timeout = 10s (default)
2019-09-19 09:54:57,717 [pool-27-thread-1] INFO  server.RaftServerConfigKeys (ConfUtils.java:logGet(43)) - raft.server.log.statemachine.data.sync.timeout.retry = -1 (default)
2019-09-19 09:54:57,717 [pool-27-thread-1] INFO  server.RaftServerConfigKeys (ConfUtils.java:logGet(43)) - raft.server.log.statemachine.data.caching.enabled = true (custom)
2019-09-19 09:54:57,718 [pool-27-thread-1] INFO  segmented.SegmentedRaftLogWorker (SegmentedRaftLogWorker.java:lambda$new$0(132)) - 90096b95-6771-4ecf-aa77-70b7217912db-SegmentedRaftLogWorker:Storage Directory /workdir/hadoop-ozone/tools/target/test-dir/MiniOzoneClusterImpl-8d91f153-b4bc-4240-a6a0-161ba1782059/datanode-0/data/ratis/c2acf32f-a4ed-41c9-810a-4a5864cf0e32: flushIndex: setUnconditionally 0 -> -1
2019-09-19 09:54:57,718 [pool-27-thread-1] INFO  server.RaftServerConfigKeys (ConfUtils.java:logGet(43)) - raft.server.snapshot.auto.trigger.enabled = true (custom)
2019-09-19 09:54:57,718 [pool-27-thread-1] INFO  server.RaftServerConfigKeys (ConfUtils.java:logGet(43)) - raft.server.snapshot.auto.trigger.threshold = 10000 (custom)
2019-09-19 09:54:57,718 [pool-27-thread-1] INFO  server.RaftServerConfigKeys (ConfUtils.java:logGet(43)) - raft.server.retrycache.expirytime = 600000ms (custom)
2019-09-19 09:54:57,719 [pool-27-thread-1] INFO  impl.RaftServerImpl (RaftServerImpl.java:start(180)) - 90096b95-6771-4ecf-aa77-70b7217912db: start group-4A5864CF0E32
2019-09-19 09:54:57,719 [pool-27-thread-1] INFO  impl.RaftServerImpl (RaftServerImpl.java:setRole(171)) - 90096b95-6771-4ecf-aa77-70b7217912db:group-4A5864CF0E32 changes role from null to FOLLOWER at term 0 for startAsFollower
2019-09-19 09:54:57,719 [pool-27-thread-1] INFO  impl.RoleInfo (RoleInfo.java:updateAndGet(143)) - 90096b95-6771-4ecf-aa77-70b7217912db: start FollowerState
2019-09-19 09:54:57,720 [pool-27-thread-1] INFO  util.JmxRegister (JmxRegister.java:tryRegister(44)) - Successfully registered JMX Bean with object name Ratis:service=RaftServer,group=group-4A5864CF0E32,id=90096b95-6771-4ecf-aa77-70b7217912db
2019-09-19 09:54:57,725 [RatisPipelineUtilsThread] INFO  pipeline.PipelineStateManager (PipelineStateManager.java:addPipeline(56)) - Created pipeline Pipeline[ Id: c2acf32f-a4ed-41c9-810a-4a5864cf0e32, Nodes: 90096b95-6771-4ecf-aa77-70b7217912db{ip: 192.168.34.5, host: pr-hdds-1569-j4bt4-3030777008, networkLocation: /default-rack, certSerialId: null}, Type:RATIS, Factor:ONE, State:OPEN]
2019-09-19 09:54:57,727 [RatisPipelineUtilsThread] ERROR pipeline.PipelinePlacementPolicy (PipelinePlacementPolicy.java:meetCriteria(91)) - Pipeline Placement: Doesn't meet the criteria to be viable node. Heaviness: 6
2019-09-19 09:54:57,740 [grpc-default-executor-0] INFO  impl.RaftServerProxy (RaftServerProxy.java:addNew(89)) - dea0a289-bbd2-4f4b-bbf8-a17c24855de6: addNew group-4AFFEE793444:[dea0a289-bbd2-4f4b-bbf8-a17c24855de6:192.168.34.5:44749] returns group-4AFFEE793444:java.util.concurrent.CompletableFuture@17158f72[Not completed]
2019-09-19 09:54:57,743 [pool-49-thread-1] INFO  impl.RaftServerImpl (RaftServerImpl.java:<init>(93)) - dea0a289-bbd2-4f4b-bbf8-a17c24855de6: new RaftServerImpl for group-4AFFEE793444:[dea0a289-bbd2-4f4b-bbf8-a17c24855de6:192.168.34.5:44749] with ContainerStateMachine:uninitialized
2019-09-19 09:54:57,743 [pool-49-thread-1] INFO  server.RaftServerConfigKeys (ConfUtils.java:logGet(43)) - raft.server.rpc.timeout.min = 5s (custom)
2019-09-19 09:54:57,743 [pool-49-thread-1] INFO  server.RaftServerConfigKeys (ConfUtils.java:logGet(43)) - raft.server.rpc.timeout.max = 5200ms (custom)
2019-09-19 09:54:57,744 [pool-49-thread-1] INFO  server.RaftServerConfigKeys (ConfUtils.java:logGet(43)) - raft.server.rpcslowness.timeout = 120s (custom)
2019-09-19 09:54:57,744 [pool-49-thread-1] INFO  server.RaftServerConfigKeys (ConfUtils.java:logGet(43)) - raft.server.sleep.deviation.threshold = 300 (default)
2019-09-19 09:54:57,744 [pool-49-thread-1] INFO  server.RaftServerConfigKeys (ConfUtils.java:logGet(43)) - raft.server.log.appender.install.snapshot.enabled = false (custom)
2019-09-19 09:54:57,744 [pool-49-thread-1] INFO  impl.RaftServerImpl (ServerState.java:<init>(105)) - dea0a289-bbd2-4f4b-bbf8-a17c24855de6:group-4AFFEE793444 ConfigurationManager, init=-1: [dea0a289-bbd2-4f4b-bbf8-a17c24855de6:192.168.34.5:44749], old=null, confs=<EMPTY_MAP>
2019-09-19 09:54:57,745 [pool-49-thread-1] INFO  server.RaftServerConfigKeys (ConfUtils.java:logGet(43)) - raft.server.storage.dir = [/workdir/hadoop-ozone/tools/target/test-dir/MiniOzoneClusterImpl-8d91f153-b4bc-4240-a6a0-161ba1782059/datanode-2/data/ratis] (custom)
2019-09-19 09:54:57,745 [pool-49-thread-1] INFO  storage.RaftStorageDirectory (RaftStorageDirectory.java:analyzeStorage(246)) - The storage directory /workdir/hadoop-ozone/tools/target/test-dir/MiniOzoneClusterImpl-8d91f153-b4bc-4240-a6a0-161ba1782059/datanode-2/data/ratis/bc1b7919-412e-4f6d-abe5-4affee793444 does not exist. Creating ...
2019-09-19 09:54:57,758 [pool-49-thread-1] INFO  storage.RaftStorageDirectory (RaftStorageDirectory.java:tryLock(328)) - Lock on /workdir/hadoop-ozone/tools/target/test-dir/MiniOzoneClusterImpl-8d91f153-b4bc-4240-a6a0-161ba1782059/datanode-2/data/ratis/bc1b7919-412e-4f6d-abe5-4affee793444/in_use.lock acquired by nodename 15688@pr-hdds-1569-j4bt4-3030777008
2019-09-19 09:54:57,771 [pool-49-thread-1] INFO  storage.RaftStorage (RaftStorage.java:format(72)) - Storage directory /workdir/hadoop-ozone/tools/target/test-dir/MiniOzoneClusterImpl-8d91f153-b4bc-4240-a6a0-161ba1782059/datanode-2/data/ratis/bc1b7919-412e-4f6d-abe5-4affee793444 has been successfully formatted.
2019-09-19 09:54:57,771 [pool-49-thread-1] INFO  ratis.ContainerStateMachine (ContainerStateMachine.java:loadSnapshot(226)) - group-4AFFEE793444: The snapshot info is null. Setting the last applied indexto:(t:0, i:~)
2019-09-19 09:54:57,772 [pool-49-thread-1] INFO  server.RaftServerConfigKeys (ConfUtils.java:logGet(43)) - raft.server.leader.election.timeout = 120s (custom)
2019-09-19 09:54:57,772 [pool-49-thread-1] INFO  server.RaftServerConfigKeys (ConfUtils.java:logGet(43)) - raft.server.log.use.memory = false (default)
2019-09-19 09:54:57,772 [pool-49-thread-1] INFO  server.RaftServerConfigKeys (ConfUtils.java:logGet(43)) - raft.server.log.purge.gap = 1000000 (custom)
2019-09-19 09:54:57,772 [pool-49-thread-1] INFO  server.RaftServerConfigKeys (ConfUtils.java:logGet(43)) - raft.server.log.appender.buffer.byte-limit = 33554432 (custom)
2019-09-19 09:54:57,772 [pool-49-thread-1] INFO  server.RaftServerConfigKeys (ConfUtils.java:logGet(43)) - raft.server.log.segment.size.max = 1048576 (custom)
2019-09-19 09:54:57,773 [pool-49-thread-1] INFO  server.RaftServerConfigKeys (ConfUtils.java:logGet(43)) - raft.server.log.segment.cache.num.max = 2 (custom)
2019-09-19 09:54:57,773 [pool-49-thread-1] INFO  segmented.SegmentedRaftLogWorker (SegmentedRaftLogWorker.java:<init>(172)) - new dea0a289-bbd2-4f4b-bbf8-a17c24855de6-SegmentedRaftLogWorker:Storage Directory /workdir/hadoop-ozone/tools/target/test-dir/MiniOzoneClusterImpl-8d91f153-b4bc-4240-a6a0-161ba1782059/datanode-2/data/ratis/bc1b7919-412e-4f6d-abe5-4affee793444 for RaftStorage:Storage Directory /workdir/hadoop-ozone/tools/target/test-dir/MiniOzoneClusterImpl-8d91f153-b4bc-4240-a6a0-161ba1782059/datanode-2/data/ratis/bc1b7919-412e-4f6d-abe5-4affee793444
2019-09-19 09:54:57,773 [pool-49-thread-1] INFO  server.RaftServerConfigKeys (ConfUtils.java:logGet(43)) - raft.server.log.queue.byte-limit = 2147483647 (custom)
2019-09-19 09:54:57,773 [pool-49-thread-1] INFO  server.RaftServerConfigKeys (ConfUtils.java:logGet(43)) - raft.server.log.queue.element-limit = 1024 (custom)
2019-09-19 09:54:57,773 [pool-49-thread-1] INFO  server.RaftServerConfigKeys (ConfUtils.java:logGet(43)) - raft.server.log.segment.size.max = 1048576 (custom)
2019-09-19 09:54:57,774 [pool-49-thread-1] INFO  server.RaftServerConfigKeys (ConfUtils.java:logGet(43)) - raft.server.log.preallocated.size = 16384 (custom)
2019-09-19 09:54:57,774 [pool-49-thread-1] INFO  server.RaftServerConfigKeys (ConfUtils.java:logGet(43)) - raft.server.log.write.buffer.size = 33554432 (custom)
2019-09-19 09:54:57,774 [pool-49-thread-1] INFO  server.RaftServerConfigKeys (ConfUtils.java:logGet(43)) - raft.server.log.force.sync.num = 128 (default)
2019-09-19 09:54:57,774 [pool-49-thread-1] INFO  server.RaftServerConfigKeys (ConfUtils.java:logGet(43)) - raft.server.log.statemachine.data.sync = true (default)
2019-09-19 09:54:57,774 [pool-49-thread-1] INFO  server.RaftServerConfigKeys (ConfUtils.java:logGet(43)) - raft.server.log.statemachine.data.sync.timeout = 10s (default)
2019-09-19 09:54:57,774 [pool-49-thread-1] INFO  server.RaftServerConfigKeys (ConfUtils.java:logGet(43)) - raft.server.log.statemachine.data.sync.timeout.retry = -1 (default)
2019-09-19 09:54:57,775 [pool-49-thread-1] INFO  server.RaftServerConfigKeys (ConfUtils.java:logGet(43)) - raft.server.log.statemachine.data.caching.enabled = true (custom)
2019-09-19 09:54:57,775 [pool-49-thread-1] INFO  segmented.SegmentedRaftLogWorker (SegmentedRaftLogWorker.java:lambda$new$0(132)) - dea0a289-bbd2-4f4b-bbf8-a17c24855de6-SegmentedRaftLogWorker:Storage Directory /workdir/hadoop-ozone/tools/target/test-dir/MiniOzoneClusterImpl-8d91f153-b4bc-4240-a6a0-161ba1782059/datanode-2/data/ratis/bc1b7919-412e-4f6d-abe5-4affee793444: flushIndex: setUnconditionally 0 -> -1
2019-09-19 09:54:57,776 [pool-49-thread-1] INFO  server.RaftServerConfigKeys (ConfUtils.java:logGet(43)) - raft.server.snapshot.auto.trigger.enabled = true (custom)
2019-09-19 09:54:57,776 [pool-49-thread-1] INFO  server.RaftServerConfigKeys (ConfUtils.java:logGet(43)) - raft.server.snapshot.auto.trigger.threshold = 10000 (custom)
2019-09-19 09:54:57,776 [pool-49-thread-1] INFO  server.RaftServerConfigKeys (ConfUtils.java:logGet(43)) - raft.server.retrycache.expirytime = 600000ms (custom)
2019-09-19 09:54:57,776 [pool-49-thread-1] INFO  impl.RaftServerImpl (RaftServerImpl.java:start(180)) - dea0a289-bbd2-4f4b-bbf8-a17c24855de6: start group-4AFFEE793444
2019-09-19 09:54:57,777 [pool-49-thread-1] INFO  impl.RaftServerImpl (RaftServerImpl.java:setRole(171)) - dea0a289-bbd2-4f4b-bbf8-a17c24855de6:group-4AFFEE793444 changes role from null to FOLLOWER at term 0 for startAsFollower
2019-09-19 09:54:57,777 [pool-49-thread-1] INFO  impl.RoleInfo (RoleInfo.java:updateAndGet(143)) - dea0a289-bbd2-4f4b-bbf8-a17c24855de6: start FollowerState
2019-09-19 09:54:57,777 [pool-49-thread-1] INFO  util.JmxRegister (JmxRegister.java:tryRegister(44)) - Successfully registered JMX Bean with object name Ratis:service=RaftServer,group=group-4AFFEE793444,id=dea0a289-bbd2-4f4b-bbf8-a17c24855de6
2019-09-19 09:54:57,783 [RatisPipelineUtilsThread] INFO  pipeline.PipelineStateManager (PipelineStateManager.java:addPipeline(56)) - Created pipeline Pipeline[ Id: bc1b7919-412e-4f6d-abe5-4affee793444, Nodes: dea0a289-bbd2-4f4b-bbf8-a17c24855de6{ip: 192.168.34.5, host: pr-hdds-1569-j4bt4-3030777008, networkLocation: /default-rack, certSerialId: null}, Type:RATIS, Factor:ONE, State:OPEN]
2019-09-19 09:54:57,785 [RatisPipelineUtilsThread] ERROR pipeline.PipelinePlacementPolicy (PipelinePlacementPolicy.java:meetCriteria(91)) - Pipeline Placement: Doesn't meet the criteria to be viable node. Heaviness: 6
2019-09-19 09:54:57,785 [RatisPipelineUtilsThread] ERROR pipeline.PipelinePlacementPolicy (PipelinePlacementPolicy.java:meetCriteria(91)) - Pipeline Placement: Doesn't meet the criteria to be viable node. Heaviness: 6
2019-09-19 09:54:57,801 [grpc-default-executor-0] INFO  impl.RaftServerProxy (RaftServerProxy.java:addNew(89)) - 90096b95-6771-4ecf-aa77-70b7217912db: addNew group-CB16AFEE7FF2:[90096b95-6771-4ecf-aa77-70b7217912db:192.168.34.5:42713] returns group-CB16AFEE7FF2:java.util.concurrent.CompletableFuture@619c1ae9[Not completed]
2019-09-19 09:54:57,803 [pool-27-thread-1] INFO  impl.RaftServerImpl (RaftServerImpl.java:<init>(93)) - 90096b95-6771-4ecf-aa77-70b7217912db: new RaftServerImpl for group-CB16AFEE7FF2:[90096b95-6771-4ecf-aa77-70b7217912db:192.168.34.5:42713] with ContainerStateMachine:uninitialized
2019-09-19 09:54:57,803 [pool-27-thread-1] INFO  server.RaftServerConfigKeys (ConfUtils.java:logGet(43)) - raft.server.rpc.timeout.min = 5s (custom)
2019-09-19 09:54:57,803 [pool-27-thread-1] INFO  server.RaftServerConfigKeys (ConfUtils.java:logGet(43)) - raft.server.rpc.timeout.max = 5200ms (custom)
2019-09-19 09:54:57,803 [pool-27-thread-1] INFO  server.RaftServerConfigKeys (ConfUtils.java:logGet(43)) - raft.server.rpcslowness.timeout = 120s (custom)
2019-09-19 09:54:57,803 [pool-27-thread-1] INFO  server.RaftServerConfigKeys (ConfUtils.java:logGet(43)) - raft.server.sleep.deviation.threshold = 300 (default)
2019-09-19 09:54:57,803 [pool-27-thread-1] INFO  server.RaftServerConfigKeys (ConfUtils.java:logGet(43)) - raft.server.log.appender.install.snapshot.enabled = false (custom)
2019-09-19 09:54:57,804 [pool-27-thread-1] INFO  impl.RaftServerImpl (ServerState.java:<init>(105)) - 90096b95-6771-4ecf-aa77-70b7217912db:group-CB16AFEE7FF2 ConfigurationManager, init=-1: [90096b95-6771-4ecf-aa77-70b7217912db:192.168.34.5:42713], old=null, confs=<EMPTY_MAP>
2019-09-19 09:54:57,804 [pool-27-thread-1] INFO  server.RaftServerConfigKeys (ConfUtils.java:logGet(43)) - raft.server.storage.dir = [/workdir/hadoop-ozone/tools/target/test-dir/MiniOzoneClusterImpl-8d91f153-b4bc-4240-a6a0-161ba1782059/datanode-0/data/ratis] (custom)
2019-09-19 09:54:57,804 [pool-27-thread-1] INFO  storage.RaftStorageDirectory (RaftStorageDirectory.java:analyzeStorage(246)) - The storage directory /workdir/hadoop-ozone/tools/target/test-dir/MiniOzoneClusterImpl-8d91f153-b4bc-4240-a6a0-161ba1782059/datanode-0/data/ratis/df324146-873b-494b-8b30-cb16afee7ff2 does not exist. Creating ...
2019-09-19 09:54:57,817 [pool-27-thread-1] INFO  storage.RaftStorageDirectory (RaftStorageDirectory.java:tryLock(328)) - Lock on /workdir/hadoop-ozone/tools/target/test-dir/MiniOzoneClusterImpl-8d91f153-b4bc-4240-a6a0-161ba1782059/datanode-0/data/ratis/df324146-873b-494b-8b30-cb16afee7ff2/in_use.lock acquired by nodename 15688@pr-hdds-1569-j4bt4-3030777008
2019-09-19 09:54:57,827 | INFO  | SCMAudit | user=jenkins1000 | ip=192.168.34.5 | op=SEND_HEARTBEAT {datanodeUUID=dea0a289-bbd2-4f4b-bbf8-a17c24855de6, command=[]} | ret=SUCCESS |  
2019-09-19 09:54:57,830 [pool-27-thread-1] INFO  storage.RaftStorage (RaftStorage.java:format(72)) - Storage directory /workdir/hadoop-ozone/tools/target/test-dir/MiniOzoneClusterImpl-8d91f153-b4bc-4240-a6a0-161ba1782059/datanode-0/data/ratis/df324146-873b-494b-8b30-cb16afee7ff2 has been successfully formatted.
2019-09-19 09:54:57,830 [pool-27-thread-1] INFO  ratis.ContainerStateMachine (ContainerStateMachine.java:loadSnapshot(226)) - group-CB16AFEE7FF2: The snapshot info is null. Setting the last applied indexto:(t:0, i:~)
2019-09-19 09:54:57,831 [pool-27-thread-1] INFO  server.RaftServerConfigKeys (ConfUtils.java:logGet(43)) - raft.server.leader.election.timeout = 120s (custom)
2019-09-19 09:54:57,831 [pool-27-thread-1] INFO  server.RaftServerConfigKeys (ConfUtils.java:logGet(43)) - raft.server.log.use.memory = false (default)
2019-09-19 09:54:57,831 [pool-27-thread-1] INFO  server.RaftServerConfigKeys (ConfUtils.java:logGet(43)) - raft.server.log.purge.gap = 1000000 (custom)
2019-09-19 09:54:57,831 [pool-27-thread-1] INFO  server.RaftServerConfigKeys (ConfUtils.java:logGet(43)) - raft.server.log.appender.buffer.byte-limit = 33554432 (custom)
2019-09-19 09:54:57,831 [pool-27-thread-1] INFO  server.RaftServerConfigKeys (ConfUtils.java:logGet(43)) - raft.server.log.segment.size.max = 1048576 (custom)
2019-09-19 09:54:57,832 [pool-27-thread-1] INFO  server.RaftServerConfigKeys (ConfUtils.java:logGet(43)) - raft.server.log.segment.cache.num.max = 2 (custom)
2019-09-19 09:54:57,832 [pool-27-thread-1] INFO  segmented.SegmentedRaftLogWorker (SegmentedRaftLogWorker.java:<init>(172)) - new 90096b95-6771-4ecf-aa77-70b7217912db-SegmentedRaftLogWorker:Storage Directory /workdir/hadoop-ozone/tools/target/test-dir/MiniOzoneClusterImpl-8d91f153-b4bc-4240-a6a0-161ba1782059/datanode-0/data/ratis/df324146-873b-494b-8b30-cb16afee7ff2 for RaftStorage:Storage Directory /workdir/hadoop-ozone/tools/target/test-dir/MiniOzoneClusterImpl-8d91f153-b4bc-4240-a6a0-161ba1782059/datanode-0/data/ratis/df324146-873b-494b-8b30-cb16afee7ff2
2019-09-19 09:54:57,832 [pool-27-thread-1] INFO  server.RaftServerConfigKeys (ConfUtils.java:logGet(43)) - raft.server.log.queue.byte-limit = 2147483647 (custom)
2019-09-19 09:54:57,832 [pool-27-thread-1] INFO  server.RaftServerConfigKeys (ConfUtils.java:logGet(43)) - raft.server.log.queue.element-limit = 1024 (custom)
2019-09-19 09:54:57,832 [pool-27-thread-1] INFO  server.RaftServerConfigKeys (ConfUtils.java:logGet(43)) - raft.server.log.segment.size.max = 1048576 (custom)
2019-09-19 09:54:57,833 [pool-27-thread-1] INFO  server.RaftServerConfigKeys (ConfUtils.java:logGet(43)) - raft.server.log.preallocated.size = 16384 (custom)
2019-09-19 09:54:57,833 [pool-27-thread-1] INFO  server.RaftServerConfigKeys (ConfUtils.java:logGet(43)) - raft.server.log.write.buffer.size = 33554432 (custom)
2019-09-19 09:54:57,833 [pool-27-thread-1] INFO  server.RaftServerConfigKeys (ConfUtils.java:logGet(43)) - raft.server.log.force.sync.num = 128 (default)
2019-09-19 09:54:57,833 [pool-27-thread-1] INFO  server.RaftServerConfigKeys (ConfUtils.java:logGet(43)) - raft.server.log.statemachine.data.sync = true (default)
2019-09-19 09:54:57,833 [pool-27-thread-1] INFO  server.RaftServerConfigKeys (ConfUtils.java:logGet(43)) - raft.server.log.statemachine.data.sync.timeout = 10s (default)
2019-09-19 09:54:57,833 [pool-27-thread-1] INFO  server.RaftServerConfigKeys (ConfUtils.java:logGet(43)) - raft.server.log.statemachine.data.sync.timeout.retry = -1 (default)
2019-09-19 09:54:57,834 [pool-27-thread-1] INFO  server.RaftServerConfigKeys (ConfUtils.java:logGet(43)) - raft.server.log.statemachine.data.caching.enabled = true (custom)
2019-09-19 09:54:57,834 [pool-27-thread-1] INFO  segmented.SegmentedRaftLogWorker (SegmentedRaftLogWorker.java:lambda$new$0(132)) - 90096b95-6771-4ecf-aa77-70b7217912db-SegmentedRaftLogWorker:Storage Directory /workdir/hadoop-ozone/tools/target/test-dir/MiniOzoneClusterImpl-8d91f153-b4bc-4240-a6a0-161ba1782059/datanode-0/data/ratis/df324146-873b-494b-8b30-cb16afee7ff2: flushIndex: setUnconditionally 0 -> -1
2019-09-19 09:54:57,834 [pool-27-thread-1] INFO  server.RaftServerConfigKeys (ConfUtils.java:logGet(43)) - raft.server.snapshot.auto.trigger.enabled = true (custom)
2019-09-19 09:54:57,835 [pool-27-thread-1] INFO  server.RaftServerConfigKeys (ConfUtils.java:logGet(43)) - raft.server.snapshot.auto.trigger.threshold = 10000 (custom)
2019-09-19 09:54:57,835 [pool-27-thread-1] INFO  server.RaftServerConfigKeys (ConfUtils.java:logGet(43)) - raft.server.retrycache.expirytime = 600000ms (custom)
2019-09-19 09:54:57,835 [pool-27-thread-1] INFO  impl.RaftServerImpl (RaftServerImpl.java:start(180)) - 90096b95-6771-4ecf-aa77-70b7217912db: start group-CB16AFEE7FF2
2019-09-19 09:54:57,835 [pool-27-thread-1] INFO  impl.RaftServerImpl (RaftServerImpl.java:setRole(171)) - 90096b95-6771-4ecf-aa77-70b7217912db:group-CB16AFEE7FF2 changes role from null to FOLLOWER at term 0 for startAsFollower
2019-09-19 09:54:57,836 [pool-27-thread-1] INFO  impl.RoleInfo (RoleInfo.java:updateAndGet(143)) - 90096b95-6771-4ecf-aa77-70b7217912db: start FollowerState
2019-09-19 09:54:57,836 [pool-27-thread-1] INFO  util.JmxRegister (JmxRegister.java:tryRegister(44)) - Successfully registered JMX Bean with object name Ratis:service=RaftServer,group=group-CB16AFEE7FF2,id=90096b95-6771-4ecf-aa77-70b7217912db
2019-09-19 09:54:57,842 [RatisPipelineUtilsThread] INFO  pipeline.PipelineStateManager (PipelineStateManager.java:addPipeline(56)) - Created pipeline Pipeline[ Id: df324146-873b-494b-8b30-cb16afee7ff2, Nodes: 90096b95-6771-4ecf-aa77-70b7217912db{ip: 192.168.34.5, host: pr-hdds-1569-j4bt4-3030777008, networkLocation: /default-rack, certSerialId: null}, Type:RATIS, Factor:ONE, State:OPEN]
2019-09-19 09:54:57,843 [RatisPipelineUtilsThread] ERROR pipeline.PipelinePlacementPolicy (PipelinePlacementPolicy.java:meetCriteria(91)) - Pipeline Placement: Doesn't meet the criteria to be viable node. Heaviness: 6
2019-09-19 09:54:57,844 [RatisPipelineUtilsThread] ERROR pipeline.PipelinePlacementPolicy (PipelinePlacementPolicy.java:meetCriteria(91)) - Pipeline Placement: Doesn't meet the criteria to be viable node. Heaviness: 6
2019-09-19 09:54:57,854 [grpc-default-executor-0] INFO  impl.RaftServerProxy (RaftServerProxy.java:addNew(89)) - 90096b95-6771-4ecf-aa77-70b7217912db: addNew group-FE42FE7F91A4:[90096b95-6771-4ecf-aa77-70b7217912db:192.168.34.5:42713] returns group-FE42FE7F91A4:java.util.concurrent.CompletableFuture@57ec2cb4[Not completed]
2019-09-19 09:54:57,856 [pool-27-thread-1] INFO  impl.RaftServerImpl (RaftServerImpl.java:<init>(93)) - 90096b95-6771-4ecf-aa77-70b7217912db: new RaftServerImpl for group-FE42FE7F91A4:[90096b95-6771-4ecf-aa77-70b7217912db:192.168.34.5:42713] with ContainerStateMachine:uninitialized
2019-09-19 09:54:57,857 [pool-27-thread-1] INFO  server.RaftServerConfigKeys (ConfUtils.java:logGet(43)) - raft.server.rpc.timeout.min = 5s (custom)
2019-09-19 09:54:57,857 [pool-27-thread-1] INFO  server.RaftServerConfigKeys (ConfUtils.java:logGet(43)) - raft.server.rpc.timeout.max = 5200ms (custom)
2019-09-19 09:54:57,857 [pool-27-thread-1] INFO  server.RaftServerConfigKeys (ConfUtils.java:logGet(43)) - raft.server.rpcslowness.timeout = 120s (custom)
2019-09-19 09:54:57,857 [pool-27-thread-1] INFO  server.RaftServerConfigKeys (ConfUtils.java:logGet(43)) - raft.server.sleep.deviation.threshold = 300 (default)
2019-09-19 09:54:57,862 [pool-27-thread-1] INFO  server.RaftServerConfigKeys (ConfUtils.java:logGet(43)) - raft.server.log.appender.install.snapshot.enabled = false (custom)
2019-09-19 09:54:57,862 [pool-27-thread-1] INFO  impl.RaftServerImpl (ServerState.java:<init>(105)) - 90096b95-6771-4ecf-aa77-70b7217912db:group-FE42FE7F91A4 ConfigurationManager, init=-1: [90096b95-6771-4ecf-aa77-70b7217912db:192.168.34.5:42713], old=null, confs=<EMPTY_MAP>
2019-09-19 09:54:57,863 [pool-27-thread-1] INFO  server.RaftServerConfigKeys (ConfUtils.java:logGet(43)) - raft.server.storage.dir = [/workdir/hadoop-ozone/tools/target/test-dir/MiniOzoneClusterImpl-8d91f153-b4bc-4240-a6a0-161ba1782059/datanode-0/data/ratis] (custom)
2019-09-19 09:54:57,863 [pool-27-thread-1] INFO  storage.RaftStorageDirectory (RaftStorageDirectory.java:analyzeStorage(246)) - The storage directory /workdir/hadoop-ozone/tools/target/test-dir/MiniOzoneClusterImpl-8d91f153-b4bc-4240-a6a0-161ba1782059/datanode-0/data/ratis/77617150-8482-4822-804b-fe42fe7f91a4 does not exist. Creating ...
2019-09-19 09:54:57,876 [pool-27-thread-1] INFO  storage.RaftStorageDirectory (RaftStorageDirectory.java:tryLock(328)) - Lock on /workdir/hadoop-ozone/tools/target/test-dir/MiniOzoneClusterImpl-8d91f153-b4bc-4240-a6a0-161ba1782059/datanode-0/data/ratis/77617150-8482-4822-804b-fe42fe7f91a4/in_use.lock acquired by nodename 15688@pr-hdds-1569-j4bt4-3030777008
2019-09-19 09:54:57,897 [pool-27-thread-1] INFO  storage.RaftStorage (RaftStorage.java:format(72)) - Storage directory /workdir/hadoop-ozone/tools/target/test-dir/MiniOzoneClusterImpl-8d91f153-b4bc-4240-a6a0-161ba1782059/datanode-0/data/ratis/77617150-8482-4822-804b-fe42fe7f91a4 has been successfully formatted.
2019-09-19 09:54:57,897 [pool-27-thread-1] INFO  ratis.ContainerStateMachine (ContainerStateMachine.java:loadSnapshot(226)) - group-FE42FE7F91A4: The snapshot info is null. Setting the last applied indexto:(t:0, i:~)
2019-09-19 09:54:57,898 [pool-27-thread-1] INFO  server.RaftServerConfigKeys (ConfUtils.java:logGet(43)) - raft.server.leader.election.timeout = 120s (custom)
2019-09-19 09:54:57,898 [pool-27-thread-1] INFO  server.RaftServerConfigKeys (ConfUtils.java:logGet(43)) - raft.server.log.use.memory = false (default)
2019-09-19 09:54:57,898 [pool-27-thread-1] INFO  server.RaftServerConfigKeys (ConfUtils.java:logGet(43)) - raft.server.log.purge.gap = 1000000 (custom)
2019-09-19 09:54:57,898 [pool-27-thread-1] INFO  server.RaftServerConfigKeys (ConfUtils.java:logGet(43)) - raft.server.log.appender.buffer.byte-limit = 33554432 (custom)
2019-09-19 09:54:57,898 [pool-27-thread-1] INFO  server.RaftServerConfigKeys (ConfUtils.java:logGet(43)) - raft.server.log.segment.size.max = 1048576 (custom)
2019-09-19 09:54:57,899 [pool-27-thread-1] INFO  server.RaftServerConfigKeys (ConfUtils.java:logGet(43)) - raft.server.log.segment.cache.num.max = 2 (custom)
2019-09-19 09:54:57,899 [pool-27-thread-1] INFO  segmented.SegmentedRaftLogWorker (SegmentedRaftLogWorker.java:<init>(172)) - new 90096b95-6771-4ecf-aa77-70b7217912db-SegmentedRaftLogWorker:Storage Directory /workdir/hadoop-ozone/tools/target/test-dir/MiniOzoneClusterImpl-8d91f153-b4bc-4240-a6a0-161ba1782059/datanode-0/data/ratis/77617150-8482-4822-804b-fe42fe7f91a4 for RaftStorage:Storage Directory /workdir/hadoop-ozone/tools/target/test-dir/MiniOzoneClusterImpl-8d91f153-b4bc-4240-a6a0-161ba1782059/datanode-0/data/ratis/77617150-8482-4822-804b-fe42fe7f91a4
2019-09-19 09:54:57,899 [pool-27-thread-1] INFO  server.RaftServerConfigKeys (ConfUtils.java:logGet(43)) - raft.server.log.queue.byte-limit = 2147483647 (custom)
2019-09-19 09:54:57,899 [pool-27-thread-1] INFO  server.RaftServerConfigKeys (ConfUtils.java:logGet(43)) - raft.server.log.queue.element-limit = 1024 (custom)
2019-09-19 09:54:57,900 [pool-27-thread-1] INFO  server.RaftServerConfigKeys (ConfUtils.java:logGet(43)) - raft.server.log.segment.size.max = 1048576 (custom)
2019-09-19 09:54:57,900 [pool-27-thread-1] INFO  server.RaftServerConfigKeys (ConfUtils.java:logGet(43)) - raft.server.log.preallocated.size = 16384 (custom)
2019-09-19 09:54:57,900 [pool-27-thread-1] INFO  server.RaftServerConfigKeys (ConfUtils.java:logGet(43)) - raft.server.log.write.buffer.size = 33554432 (custom)
2019-09-19 09:54:57,900 [pool-27-thread-1] INFO  server.RaftServerConfigKeys (ConfUtils.java:logGet(43)) - raft.server.log.force.sync.num = 128 (default)
2019-09-19 09:54:57,900 [pool-27-thread-1] INFO  server.RaftServerConfigKeys (ConfUtils.java:logGet(43)) - raft.server.log.statemachine.data.sync = true (default)
2019-09-19 09:54:57,901 [pool-27-thread-1] INFO  server.RaftServerConfigKeys (ConfUtils.java:logGet(43)) - raft.server.log.statemachine.data.sync.timeout = 10s (default)
2019-09-19 09:54:57,901 [pool-27-thread-1] INFO  server.RaftServerConfigKeys (ConfUtils.java:logGet(43)) - raft.server.log.statemachine.data.sync.timeout.retry = -1 (default)
2019-09-19 09:54:57,901 [pool-27-thread-1] INFO  server.RaftServerConfigKeys (ConfUtils.java:logGet(43)) - raft.server.log.statemachine.data.caching.enabled = true (custom)
2019-09-19 09:54:57,902 [pool-27-thread-1] INFO  segmented.SegmentedRaftLogWorker (SegmentedRaftLogWorker.java:lambda$new$0(132)) - 90096b95-6771-4ecf-aa77-70b7217912db-SegmentedRaftLogWorker:Storage Directory /workdir/hadoop-ozone/tools/target/test-dir/MiniOzoneClusterImpl-8d91f153-b4bc-4240-a6a0-161ba1782059/datanode-0/data/ratis/77617150-8482-4822-804b-fe42fe7f91a4: flushIndex: setUnconditionally 0 -> -1
2019-09-19 09:54:57,902 [pool-27-thread-1] INFO  server.RaftServerConfigKeys (ConfUtils.java:logGet(43)) - raft.server.snapshot.auto.trigger.enabled = true (custom)
2019-09-19 09:54:57,903 [pool-27-thread-1] INFO  server.RaftServerConfigKeys (ConfUtils.java:logGet(43)) - raft.server.snapshot.auto.trigger.threshold = 10000 (custom)
2019-09-19 09:54:57,903 [pool-27-thread-1] INFO  server.RaftServerConfigKeys (ConfUtils.java:logGet(43)) - raft.server.retrycache.expirytime = 600000ms (custom)
2019-09-19 09:54:57,903 [pool-27-thread-1] INFO  impl.RaftServerImpl (RaftServerImpl.java:start(180)) - 90096b95-6771-4ecf-aa77-70b7217912db: start group-FE42FE7F91A4
2019-09-19 09:54:57,904 [pool-27-thread-1] INFO  impl.RaftServerImpl (RaftServerImpl.java:setRole(171)) - 90096b95-6771-4ecf-aa77-70b7217912db:group-FE42FE7F91A4 changes role from null to FOLLOWER at term 0 for startAsFollower
2019-09-19 09:54:57,904 [pool-27-thread-1] INFO  impl.RoleInfo (RoleInfo.java:updateAndGet(143)) - 90096b95-6771-4ecf-aa77-70b7217912db: start FollowerState
2019-09-19 09:54:57,905 [pool-27-thread-1] INFO  util.JmxRegister (JmxRegister.java:tryRegister(44)) - Successfully registered JMX Bean with object name Ratis:service=RaftServer,group=group-FE42FE7F91A4,id=90096b95-6771-4ecf-aa77-70b7217912db
2019-09-19 09:54:57,910 [RatisPipelineUtilsThread] INFO  pipeline.PipelineStateManager (PipelineStateManager.java:addPipeline(56)) - Created pipeline Pipeline[ Id: 77617150-8482-4822-804b-fe42fe7f91a4, Nodes: 90096b95-6771-4ecf-aa77-70b7217912db{ip: 192.168.34.5, host: pr-hdds-1569-j4bt4-3030777008, networkLocation: /default-rack, certSerialId: null}, Type:RATIS, Factor:ONE, State:OPEN]
2019-09-19 09:54:57,912 [RatisPipelineUtilsThread] ERROR pipeline.PipelinePlacementPolicy (PipelinePlacementPolicy.java:meetCriteria(91)) - Pipeline Placement: Doesn't meet the criteria to be viable node. Heaviness: 6
2019-09-19 09:54:57,912 [RatisPipelineUtilsThread] ERROR pipeline.PipelinePlacementPolicy (PipelinePlacementPolicy.java:meetCriteria(91)) - Pipeline Placement: Doesn't meet the criteria to be viable node. Heaviness: 6
2019-09-19 09:54:57,912 [RatisPipelineUtilsThread] ERROR pipeline.PipelinePlacementPolicy (PipelinePlacementPolicy.java:meetCriteria(91)) - Pipeline Placement: Doesn't meet the criteria to be viable node. Heaviness: 6
2019-09-19 09:54:57,913 [RatisPipelineUtilsThread] ERROR pipeline.PipelinePlacementPolicy (PipelinePlacementPolicy.java:filterViableNodes(146)) - Unable to find enough nodes that meet the criteria that cannot engage in more than 5 pipelines. Nodes required: 1 Found: 0, healthy nodes count inNodeManager: 3.
2019-09-19 09:54:57,914 [RatisPipelineUtilsThread] ERROR pipeline.SCMPipelineManager (SCMPipelineManager.java:createPipeline(161)) - Pipeline creation failed due to exception: Unable to find enough nodes that meet the criteria that cannot engage in more than 5 pipelines. Nodes required: 1 Found: 0, healthy nodes count inNodeManager: 3.
2019-09-19 09:54:57,915 [RatisPipelineUtilsThread] ERROR pipeline.PipelinePlacementPolicy (PipelinePlacementPolicy.java:meetCriteria(91)) - Pipeline Placement: Doesn't meet the criteria to be viable node. Heaviness: 6
2019-09-19 09:54:57,915 [RatisPipelineUtilsThread] ERROR pipeline.PipelinePlacementPolicy (PipelinePlacementPolicy.java:meetCriteria(91)) - Pipeline Placement: Doesn't meet the criteria to be viable node. Heaviness: 6
2019-09-19 09:54:57,915 [RatisPipelineUtilsThread] ERROR pipeline.PipelinePlacementPolicy (PipelinePlacementPolicy.java:meetCriteria(91)) - Pipeline Placement: Doesn't meet the criteria to be viable node. Heaviness: 6
2019-09-19 09:54:57,915 [RatisPipelineUtilsThread] ERROR pipeline.PipelinePlacementPolicy (PipelinePlacementPolicy.java:filterViableNodes(146)) - Unable to find enough nodes that meet the criteria that cannot engage in more than 5 pipelines. Nodes required: 3 Found: 0, healthy nodes count inNodeManager: 3.
2019-09-19 09:54:57,916 [RatisPipelineUtilsThread] ERROR pipeline.SCMPipelineManager (SCMPipelineManager.java:createPipeline(161)) - Pipeline creation failed due to exception: Unable to find enough nodes that meet the criteria that cannot engage in more than 5 pipelines. Nodes required: 3 Found: 0, healthy nodes count inNodeManager: 3.
2019-09-19 09:54:57,918 [RatisPipelineUtilsThread] ERROR pipeline.PipelinePlacementPolicy (PipelinePlacementPolicy.java:meetCriteria(91)) - Pipeline Placement: Doesn't meet the criteria to be viable node. Heaviness: 6
2019-09-19 09:54:57,918 [RatisPipelineUtilsThread] ERROR pipeline.PipelinePlacementPolicy (PipelinePlacementPolicy.java:meetCriteria(91)) - Pipeline Placement: Doesn't meet the criteria to be viable node. Heaviness: 6
2019-09-19 09:54:57,918 [RatisPipelineUtilsThread] ERROR pipeline.PipelinePlacementPolicy (PipelinePlacementPolicy.java:meetCriteria(91)) - Pipeline Placement: Doesn't meet the criteria to be viable node. Heaviness: 6
2019-09-19 09:54:57,919 [RatisPipelineUtilsThread] ERROR pipeline.PipelinePlacementPolicy (PipelinePlacementPolicy.java:filterViableNodes(146)) - Unable to find enough nodes that meet the criteria that cannot engage in more than 5 pipelines. Nodes required: 1 Found: 0, healthy nodes count inNodeManager: 3.
2019-09-19 09:54:57,919 [RatisPipelineUtilsThread] ERROR pipeline.SCMPipelineManager (SCMPipelineManager.java:createPipeline(161)) - Pipeline creation failed due to exception: Unable to find enough nodes that meet the criteria that cannot engage in more than 5 pipelines. Nodes required: 1 Found: 0, healthy nodes count inNodeManager: 3.
2019-09-19 09:54:57,919 [RatisPipelineUtilsThread] ERROR pipeline.PipelinePlacementPolicy (PipelinePlacementPolicy.java:meetCriteria(91)) - Pipeline Placement: Doesn't meet the criteria to be viable node. Heaviness: 6
2019-09-19 09:54:57,919 [RatisPipelineUtilsThread] ERROR pipeline.PipelinePlacementPolicy (PipelinePlacementPolicy.java:meetCriteria(91)) - Pipeline Placement: Doesn't meet the criteria to be viable node. Heaviness: 6
2019-09-19 09:54:57,919 [RatisPipelineUtilsThread] ERROR pipeline.PipelinePlacementPolicy (PipelinePlacementPolicy.java:meetCriteria(91)) - Pipeline Placement: Doesn't meet the criteria to be viable node. Heaviness: 6
2019-09-19 09:54:57,920 [RatisPipelineUtilsThread] ERROR pipeline.PipelinePlacementPolicy (PipelinePlacementPolicy.java:filterViableNodes(146)) - Unable to find enough nodes that meet the criteria that cannot engage in more than 5 pipelines. Nodes required: 3 Found: 0, healthy nodes count inNodeManager: 3.
2019-09-19 09:54:57,920 [RatisPipelineUtilsThread] ERROR pipeline.SCMPipelineManager (SCMPipelineManager.java:createPipeline(161)) - Pipeline creation failed due to exception: Unable to find enough nodes that meet the criteria that cannot engage in more than 5 pipelines. Nodes required: 3 Found: 0, healthy nodes count inNodeManager: 3.
2019-09-19 09:54:57,920 [IPC Server handler 0 on 40171] ERROR pipeline.PipelinePlacementPolicy (PipelinePlacementPolicy.java:meetCriteria(91)) - Pipeline Placement: Doesn't meet the criteria to be viable node. Heaviness: 6
2019-09-19 09:54:57,921 [IPC Server handler 0 on 40171] ERROR pipeline.PipelinePlacementPolicy (PipelinePlacementPolicy.java:meetCriteria(91)) - Pipeline Placement: Doesn't meet the criteria to be viable node. Heaviness: 6
2019-09-19 09:54:57,921 [IPC Server handler 0 on 40171] ERROR pipeline.PipelinePlacementPolicy (PipelinePlacementPolicy.java:meetCriteria(91)) - Pipeline Placement: Doesn't meet the criteria to be viable node. Heaviness: 6
2019-09-19 09:54:57,921 [IPC Server handler 0 on 40171] ERROR pipeline.PipelinePlacementPolicy (PipelinePlacementPolicy.java:filterViableNodes(146)) - Unable to find enough nodes that meet the criteria that cannot engage in more than 5 pipelines. Nodes required: 3 Found: 0, healthy nodes count inNodeManager: 3.
2019-09-19 09:54:57,921 [IPC Server handler 0 on 40171] ERROR pipeline.SCMPipelineManager (SCMPipelineManager.java:createPipeline(161)) - Pipeline creation failed due to exception: Unable to find enough nodes that meet the criteria that cannot engage in more than 5 pipelines. Nodes required: 3 Found: 0, healthy nodes count inNodeManager: 3.
2019-09-19 09:54:57,923 [IPC Server handler 0 on 40171] WARN  block.BlockManagerImpl (BlockManagerImpl.java:allocateBlock(192)) - Pipeline creation failed for type:RATIS factor:THREE. Retrying get pipelines call once.
org.apache.hadoop.hdds.scm.exceptions.SCMException: Unable to find enough nodes that meet the criteria that cannot engage in more than 5 pipelines. Nodes required: 3 Found: 0, healthy nodes count inNodeManager: 3.
	at org.apache.hadoop.hdds.scm.pipeline.PipelinePlacementPolicy.filterViableNodes(PipelinePlacementPolicy.java:147)
	at org.apache.hadoop.hdds.scm.pipeline.PipelinePlacementPolicy.chooseDatanodes(PipelinePlacementPolicy.java:170)
	at org.apache.hadoop.hdds.scm.pipeline.RatisPipelineProvider.create(RatisPipelineProvider.java:92)
	at org.apache.hadoop.hdds.scm.pipeline.PipelineFactory.create(PipelineFactory.java:57)
	at org.apache.hadoop.hdds.scm.pipeline.SCMPipelineManager.createPipeline(SCMPipelineManager.java:149)
	at org.apache.hadoop.hdds.scm.block.BlockManagerImpl.allocateBlock(BlockManagerImpl.java:190)
	at org.apache.hadoop.hdds.scm.server.SCMBlockProtocolServer.allocateBlock(SCMBlockProtocolServer.java:175)
	at org.apache.hadoop.ozone.protocolPB.ScmBlockLocationProtocolServerSideTranslatorPB.allocateScmBlock(ScmBlockLocationProtocolServerSideTranslatorPB.java:153)
	at org.apache.hadoop.ozone.protocolPB.ScmBlockLocationProtocolServerSideTranslatorPB.send(ScmBlockLocationProtocolServerSideTranslatorPB.java:112)
	at org.apache.hadoop.hdds.protocol.proto.ScmBlockLocationProtocolProtos$ScmBlockLocationProtocolService$2.callBlockingMethod(ScmBlockLocationProtocolProtos.java:13157)
	at org.apache.hadoop.ipc.ProtobufRpcEngine$Server$ProtoBufRpcInvoker.call(ProtobufRpcEngine.java:524)
	at org.apache.hadoop.ipc.RPC$Server.call(RPC.java:1025)
	at org.apache.hadoop.ipc.Server$RpcCall.run(Server.java:876)
	at org.apache.hadoop.ipc.Server$RpcCall.run(Server.java:822)
	at java.security.AccessController.doPrivileged(Native Method)
	at javax.security.auth.Subject.doAs(Subject.java:422)
	at org.apache.hadoop.security.UserGroupInformation.doAs(UserGroupInformation.java:1730)
	at org.apache.hadoop.ipc.Server$Handler.run(Server.java:2682)
2019-09-19 09:54:57,925 [IPC Server handler 0 on 40171] INFO  block.BlockManagerImpl (BlockManagerImpl.java:allocateBlock(198)) - Could not find available pipeline of type:RATIS and factor:THREE even after retrying
2019-09-19 09:54:57,925 [IPC Server handler 0 on 40171] ERROR block.BlockManagerImpl (BlockManagerImpl.java:allocateBlock(222)) - Unable to allocate a block for the size: 4194304, type: RATIS, factor: THREE
2019-09-19 09:54:57,926 [IPC Server handler 0 on 40171] ERROR pipeline.PipelinePlacementPolicy (PipelinePlacementPolicy.java:meetCriteria(91)) - Pipeline Placement: Doesn't meet the criteria to be viable node. Heaviness: 6
2019-09-19 09:54:57,926 [IPC Server handler 0 on 40171] ERROR pipeline.PipelinePlacementPolicy (PipelinePlacementPolicy.java:meetCriteria(91)) - Pipeline Placement: Doesn't meet the criteria to be viable node. Heaviness: 6
2019-09-19 09:54:57,926 [IPC Server handler 0 on 40171] ERROR pipeline.PipelinePlacementPolicy (PipelinePlacementPolicy.java:meetCriteria(91)) - Pipeline Placement: Doesn't meet the criteria to be viable node. Heaviness: 6
2019-09-19 09:54:57,927 [IPC Server handler 0 on 40171] ERROR pipeline.PipelinePlacementPolicy (PipelinePlacementPolicy.java:filterViableNodes(146)) - Unable to find enough nodes that meet the criteria that cannot engage in more than 5 pipelines. Nodes required: 3 Found: 0, healthy nodes count inNodeManager: 3.
2019-09-19 09:54:57,927 [IPC Server handler 0 on 40171] ERROR pipeline.SCMPipelineManager (SCMPipelineManager.java:createPipeline(161)) - Pipeline creation failed due to exception: Unable to find enough nodes that meet the criteria that cannot engage in more than 5 pipelines. Nodes required: 3 Found: 0, healthy nodes count inNodeManager: 3.
2019-09-19 09:54:57,927 [IPC Server handler 0 on 40171] WARN  block.BlockManagerImpl (BlockManagerImpl.java:allocateBlock(192)) - Pipeline creation failed for type:RATIS factor:THREE. Retrying get pipelines call once.
org.apache.hadoop.hdds.scm.exceptions.SCMException: Unable to find enough nodes that meet the criteria that cannot engage in more than 5 pipelines. Nodes required: 3 Found: 0, healthy nodes count inNodeManager: 3.
	at org.apache.hadoop.hdds.scm.pipeline.PipelinePlacementPolicy.filterViableNodes(PipelinePlacementPolicy.java:147)
	at org.apache.hadoop.hdds.scm.pipeline.PipelinePlacementPolicy.chooseDatanodes(PipelinePlacementPolicy.java:170)
	at org.apache.hadoop.hdds.scm.pipeline.RatisPipelineProvider.create(RatisPipelineProvider.java:92)
	at org.apache.hadoop.hdds.scm.pipeline.PipelineFactory.create(PipelineFactory.java:57)
	at org.apache.hadoop.hdds.scm.pipeline.SCMPipelineManager.createPipeline(SCMPipelineManager.java:149)
	at org.apache.hadoop.hdds.scm.block.BlockManagerImpl.allocateBlock(BlockManagerImpl.java:190)
	at org.apache.hadoop.hdds.scm.server.SCMBlockProtocolServer.allocateBlock(SCMBlockProtocolServer.java:175)
	at org.apache.hadoop.ozone.protocolPB.ScmBlockLocationProtocolServerSideTranslatorPB.allocateScmBlock(ScmBlockLocationProtocolServerSideTranslatorPB.java:153)
	at org.apache.hadoop.ozone.protocolPB.ScmBlockLocationProtocolServerSideTranslatorPB.send(ScmBlockLocationProtocolServerSideTranslatorPB.java:112)
	at org.apache.hadoop.hdds.protocol.proto.ScmBlockLocationProtocolProtos$ScmBlockLocationProtocolService$2.callBlockingMethod(ScmBlockLocationProtocolProtos.java:13157)
	at org.apache.hadoop.ipc.ProtobufRpcEngine$Server$ProtoBufRpcInvoker.call(ProtobufRpcEngine.java:524)
	at org.apache.hadoop.ipc.RPC$Server.call(RPC.java:1025)
	at org.apache.hadoop.ipc.Server$RpcCall.run(Server.java:876)
	at org.apache.hadoop.ipc.Server$RpcCall.run(Server.java:822)
	at java.security.AccessController.doPrivileged(Native Method)
	at javax.security.auth.Subject.doAs(Subject.java:422)
	at org.apache.hadoop.security.UserGroupInformation.doAs(UserGroupInformation.java:1730)
	at org.apache.hadoop.ipc.Server$Handler.run(Server.java:2682)
2019-09-19 09:54:57,928 [IPC Server handler 0 on 40171] INFO  block.BlockManagerImpl (BlockManagerImpl.java:allocateBlock(198)) - Could not find available pipeline of type:RATIS and factor:THREE even after retrying
2019-09-19 09:54:57,928 [IPC Server handler 0 on 40171] ERROR block.BlockManagerImpl (BlockManagerImpl.java:allocateBlock(222)) - Unable to allocate a block for the size: 4194304, type: RATIS, factor: THREE
2019-09-19 09:54:57,928 [IPC Server handler 0 on 40171] ERROR pipeline.PipelinePlacementPolicy (PipelinePlacementPolicy.java:meetCriteria(91)) - Pipeline Placement: Doesn't meet the criteria to be viable node. Heaviness: 6
2019-09-19 09:54:57,928 [IPC Server handler 0 on 40171] ERROR pipeline.PipelinePlacementPolicy (PipelinePlacementPolicy.java:meetCriteria(91)) - Pipeline Placement: Doesn't meet the criteria to be viable node. Heaviness: 6
2019-09-19 09:54:57,928 [IPC Server handler 0 on 40171] ERROR pipeline.PipelinePlacementPolicy (PipelinePlacementPolicy.java:meetCriteria(91)) - Pipeline Placement: Doesn't meet the criteria to be viable node. Heaviness: 6
2019-09-19 09:54:57,929 [IPC Server handler 0 on 40171] ERROR pipeline.PipelinePlacementPolicy (PipelinePlacementPolicy.java:filterViableNodes(146)) - Unable to find enough nodes that meet the criteria that cannot engage in more than 5 pipelines. Nodes required: 3 Found: 0, healthy nodes count inNodeManager: 3.
2019-09-19 09:54:57,929 [IPC Server handler 0 on 40171] ERROR pipeline.SCMPipelineManager (SCMPipelineManager.java:createPipeline(161)) - Pipeline creation failed due to exception: Unable to find enough nodes that meet the criteria that cannot engage in more than 5 pipelines. Nodes required: 3 Found: 0, healthy nodes count inNodeManager: 3.
2019-09-19 09:54:57,929 [IPC Server handler 0 on 40171] WARN  block.BlockManagerImpl (BlockManagerImpl.java:allocateBlock(192)) - Pipeline creation failed for type:RATIS factor:THREE. Retrying get pipelines call once.
org.apache.hadoop.hdds.scm.exceptions.SCMException: Unable to find enough nodes that meet the criteria that cannot engage in more than 5 pipelines. Nodes required: 3 Found: 0, healthy nodes count inNodeManager: 3.
	at org.apache.hadoop.hdds.scm.pipeline.PipelinePlacementPolicy.filterViableNodes(PipelinePlacementPolicy.java:147)
	at org.apache.hadoop.hdds.scm.pipeline.PipelinePlacementPolicy.chooseDatanodes(PipelinePlacementPolicy.java:170)
	at org.apache.hadoop.hdds.scm.pipeline.RatisPipelineProvider.create(RatisPipelineProvider.java:92)
	at org.apache.hadoop.hdds.scm.pipeline.PipelineFactory.create(PipelineFactory.java:57)
	at org.apache.hadoop.hdds.scm.pipeline.SCMPipelineManager.createPipeline(SCMPipelineManager.java:149)
	at org.apache.hadoop.hdds.scm.block.BlockManagerImpl.allocateBlock(BlockManagerImpl.java:190)
	at org.apache.hadoop.hdds.scm.server.SCMBlockProtocolServer.allocateBlock(SCMBlockProtocolServer.java:175)
	at org.apache.hadoop.ozone.protocolPB.ScmBlockLocationProtocolServerSideTranslatorPB.allocateScmBlock(ScmBlockLocationProtocolServerSideTranslatorPB.java:153)
	at org.apache.hadoop.ozone.protocolPB.ScmBlockLocationProtocolServerSideTranslatorPB.send(ScmBlockLocationProtocolServerSideTranslatorPB.java:112)
	at org.apache.hadoop.hdds.protocol.proto.ScmBlockLocationProtocolProtos$ScmBlockLocationProtocolService$2.callBlockingMethod(ScmBlockLocationProtocolProtos.java:13157)
	at org.apache.hadoop.ipc.ProtobufRpcEngine$Server$ProtoBufRpcInvoker.call(ProtobufRpcEngine.java:524)
	at org.apache.hadoop.ipc.RPC$Server.call(RPC.java:1025)
	at org.apache.hadoop.ipc.Server$RpcCall.run(Server.java:876)
	at org.apache.hadoop.ipc.Server$RpcCall.run(Server.java:822)
	at java.security.AccessController.doPrivileged(Native Method)
	at javax.security.auth.Subject.doAs(Subject.java:422)
	at org.apache.hadoop.security.UserGroupInformation.doAs(UserGroupInformation.java:1730)
	at org.apache.hadoop.ipc.Server$Handler.run(Server.java:2682)
2019-09-19 09:54:57,930 [IPC Server handler 0 on 40171] INFO  block.BlockManagerImpl (BlockManagerImpl.java:allocateBlock(198)) - Could not find available pipeline of type:RATIS and factor:THREE even after retrying
2019-09-19 09:54:57,930 [IPC Server handler 0 on 40171] ERROR block.BlockManagerImpl (BlockManagerImpl.java:allocateBlock(222)) - Unable to allocate a block for the size: 4194304, type: RATIS, factor: THREE
2019-09-19 09:54:57,930 [IPC Server handler 0 on 40171] ERROR pipeline.PipelinePlacementPolicy (PipelinePlacementPolicy.java:meetCriteria(91)) - Pipeline Placement: Doesn't meet the criteria to be viable node. Heaviness: 6
2019-09-19 09:54:57,930 [IPC Server handler 0 on 40171] ERROR pipeline.PipelinePlacementPolicy (PipelinePlacementPolicy.java:meetCriteria(91)) - Pipeline Placement: Doesn't meet the criteria to be viable node. Heaviness: 6
2019-09-19 09:54:57,931 [IPC Server handler 0 on 40171] ERROR pipeline.PipelinePlacementPolicy (PipelinePlacementPolicy.java:meetCriteria(91)) - Pipeline Placement: Doesn't meet the criteria to be viable node. Heaviness: 6
2019-09-19 09:54:57,931 [IPC Server handler 0 on 40171] ERROR pipeline.PipelinePlacementPolicy (PipelinePlacementPolicy.java:filterViableNodes(146)) - Unable to find enough nodes that meet the criteria that cannot engage in more than 5 pipelines. Nodes required: 3 Found: 0, healthy nodes count inNodeManager: 3.
2019-09-19 09:54:57,931 [IPC Server handler 0 on 40171] ERROR pipeline.SCMPipelineManager (SCMPipelineManager.java:createPipeline(161)) - Pipeline creation failed due to exception: Unable to find enough nodes that meet the criteria that cannot engage in more than 5 pipelines. Nodes required: 3 Found: 0, healthy nodes count inNodeManager: 3.
2019-09-19 09:54:57,931 [IPC Server handler 0 on 40171] WARN  block.BlockManagerImpl (BlockManagerImpl.java:allocateBlock(192)) - Pipeline creation failed for type:RATIS factor:THREE. Retrying get pipelines call once.
org.apache.hadoop.hdds.scm.exceptions.SCMException: Unable to find enough nodes that meet the criteria that cannot engage in more than 5 pipelines. Nodes required: 3 Found: 0, healthy nodes count inNodeManager: 3.
	at org.apache.hadoop.hdds.scm.pipeline.PipelinePlacementPolicy.filterViableNodes(PipelinePlacementPolicy.java:147)
	at org.apache.hadoop.hdds.scm.pipeline.PipelinePlacementPolicy.chooseDatanodes(PipelinePlacementPolicy.java:170)
	at org.apache.hadoop.hdds.scm.pipeline.RatisPipelineProvider.create(RatisPipelineProvider.java:92)
	at org.apache.hadoop.hdds.scm.pipeline.PipelineFactory.create(PipelineFactory.java:57)
	at org.apache.hadoop.hdds.scm.pipeline.SCMPipelineManager.createPipeline(SCMPipelineManager.java:149)
	at org.apache.hadoop.hdds.scm.block.BlockManagerImpl.allocateBlock(BlockManagerImpl.java:190)
	at org.apache.hadoop.hdds.scm.server.SCMBlockProtocolServer.allocateBlock(SCMBlockProtocolServer.java:175)
	at org.apache.hadoop.ozone.protocolPB.ScmBlockLocationProtocolServerSideTranslatorPB.allocateScmBlock(ScmBlockLocationProtocolServerSideTranslatorPB.java:153)
	at org.apache.hadoop.ozone.protocolPB.ScmBlockLocationProtocolServerSideTranslatorPB.send(ScmBlockLocationProtocolServerSideTranslatorPB.java:112)
	at org.apache.hadoop.hdds.protocol.proto.ScmBlockLocationProtocolProtos$ScmBlockLocationProtocolService$2.callBlockingMethod(ScmBlockLocationProtocolProtos.java:13157)
	at org.apache.hadoop.ipc.ProtobufRpcEngine$Server$ProtoBufRpcInvoker.call(ProtobufRpcEngine.java:524)
	at org.apache.hadoop.ipc.RPC$Server.call(RPC.java:1025)
	at org.apache.hadoop.ipc.Server$RpcCall.run(Server.java:876)
	at org.apache.hadoop.ipc.Server$RpcCall.run(Server.java:822)
	at java.security.AccessController.doPrivileged(Native Method)
	at javax.security.auth.Subject.doAs(Subject.java:422)
	at org.apache.hadoop.security.UserGroupInformation.doAs(UserGroupInformation.java:1730)
	at org.apache.hadoop.ipc.Server$Handler.run(Server.java:2682)
2019-09-19 09:54:57,932 [IPC Server handler 0 on 40171] INFO  block.BlockManagerImpl (BlockManagerImpl.java:allocateBlock(198)) - Could not find available pipeline of type:RATIS and factor:THREE even after retrying
2019-09-19 09:54:57,932 [IPC Server handler 0 on 40171] ERROR block.BlockManagerImpl (BlockManagerImpl.java:allocateBlock(222)) - Unable to allocate a block for the size: 4194304, type: RATIS, factor: THREE
2019-09-19 09:54:57,933 [IPC Server handler 0 on 40171] ERROR pipeline.PipelinePlacementPolicy (PipelinePlacementPolicy.java:meetCriteria(91)) - Pipeline Placement: Doesn't meet the criteria to be viable node. Heaviness: 6
2019-09-19 09:54:57,933 [IPC Server handler 0 on 40171] ERROR pipeline.PipelinePlacementPolicy (PipelinePlacementPolicy.java:meetCriteria(91)) - Pipeline Placement: Doesn't meet the criteria to be viable node. Heaviness: 6
2019-09-19 09:54:57,933 [IPC Server handler 0 on 40171] ERROR pipeline.PipelinePlacementPolicy (PipelinePlacementPolicy.java:meetCriteria(91)) - Pipeline Placement: Doesn't meet the criteria to be viable node. Heaviness: 6
2019-09-19 09:54:57,933 [IPC Server handler 0 on 40171] ERROR pipeline.PipelinePlacementPolicy (PipelinePlacementPolicy.java:filterViableNodes(146)) - Unable to find enough nodes that meet the criteria that cannot engage in more than 5 pipelines. Nodes required: 3 Found: 0, healthy nodes count inNodeManager: 3.
2019-09-19 09:54:57,934 [IPC Server handler 0 on 40171] ERROR pipeline.SCMPipelineManager (SCMPipelineManager.java:createPipeline(161)) - Pipeline creation failed due to exception: Unable to find enough nodes that meet the criteria that cannot engage in more than 5 pipelines. Nodes required: 3 Found: 0, healthy nodes count inNodeManager: 3.
2019-09-19 09:54:57,934 [IPC Server handler 0 on 40171] WARN  block.BlockManagerImpl (BlockManagerImpl.java:allocateBlock(192)) - Pipeline creation failed for type:RATIS factor:THREE. Retrying get pipelines call once.
org.apache.hadoop.hdds.scm.exceptions.SCMException: Unable to find enough nodes that meet the criteria that cannot engage in more than 5 pipelines. Nodes required: 3 Found: 0, healthy nodes count inNodeManager: 3.
	at org.apache.hadoop.hdds.scm.pipeline.PipelinePlacementPolicy.filterViableNodes(PipelinePlacementPolicy.java:147)
	at org.apache.hadoop.hdds.scm.pipeline.PipelinePlacementPolicy.chooseDatanodes(PipelinePlacementPolicy.java:170)
	at org.apache.hadoop.hdds.scm.pipeline.RatisPipelineProvider.create(RatisPipelineProvider.java:92)
	at org.apache.hadoop.hdds.scm.pipeline.PipelineFactory.create(PipelineFactory.java:57)
	at org.apache.hadoop.hdds.scm.pipeline.SCMPipelineManager.createPipeline(SCMPipelineManager.java:149)
	at org.apache.hadoop.hdds.scm.block.BlockManagerImpl.allocateBlock(BlockManagerImpl.java:190)
	at org.apache.hadoop.hdds.scm.server.SCMBlockProtocolServer.allocateBlock(SCMBlockProtocolServer.java:175)
	at org.apache.hadoop.ozone.protocolPB.ScmBlockLocationProtocolServerSideTranslatorPB.allocateScmBlock(ScmBlockLocationProtocolServerSideTranslatorPB.java:153)
	at org.apache.hadoop.ozone.protocolPB.ScmBlockLocationProtocolServerSideTranslatorPB.send(ScmBlockLocationProtocolServerSideTranslatorPB.java:112)
	at org.apache.hadoop.hdds.protocol.proto.ScmBlockLocationProtocolProtos$ScmBlockLocationProtocolService$2.callBlockingMethod(ScmBlockLocationProtocolProtos.java:13157)
	at org.apache.hadoop.ipc.ProtobufRpcEngine$Server$ProtoBufRpcInvoker.call(ProtobufRpcEngine.java:524)
	at org.apache.hadoop.ipc.RPC$Server.call(RPC.java:1025)
	at org.apache.hadoop.ipc.Server$RpcCall.run(Server.java:876)
	at org.apache.hadoop.ipc.Server$RpcCall.run(Server.java:822)
	at java.security.AccessController.doPrivileged(Native Method)
	at javax.security.auth.Subject.doAs(Subject.java:422)
	at org.apache.hadoop.security.UserGroupInformation.doAs(UserGroupInformation.java:1730)
	at org.apache.hadoop.ipc.Server$Handler.run(Server.java:2682)
2019-09-19 09:54:57,935 [IPC Server handler 0 on 40171] INFO  block.BlockManagerImpl (BlockManagerImpl.java:allocateBlock(198)) - Could not find available pipeline of type:RATIS and factor:THREE even after retrying
2019-09-19 09:54:57,935 [IPC Server handler 0 on 40171] ERROR block.BlockManagerImpl (BlockManagerImpl.java:allocateBlock(222)) - Unable to allocate a block for the size: 4194304, type: RATIS, factor: THREE
2019-09-19 09:54:57,935 | INFO  | SCMAudit | user=jenkins1000 | ip=192.168.34.5 | op=ALLOCATE_BLOCK {owner=2b86977d-0e7d-47a3-ad94-b510ee94478b, size=4194304, type=RATIS, factor=THREE} | ret=SUCCESS |  
2019-09-19 09:54:57,942 | ERROR | OMAudit | user=jenkins1000 | ip=127.0.0.1 | op=ALLOCATE_KEY {volume=vol-0-07396, bucket=bucket-0-31483, key=key-0-45248, dataSize=20971520, replicationType=RATIS, replicationFactor=THREE, keyLocationInfo=null} | ret=FAILURE | org.apache.hadoop.hdds.scm.exceptions.SCMException: Allocated 0 blocks. Requested 5 blocks
	at org.apache.hadoop.hdds.scm.protocolPB.ScmBlockLocationProtocolClientSideTranslatorPB.handleError(ScmBlockLocationProtocolClientSideTranslatorPB.java:118)
	at org.apache.hadoop.hdds.scm.protocolPB.ScmBlockLocationProtocolClientSideTranslatorPB.allocateBlock(ScmBlockLocationProtocolClientSideTranslatorPB.java:156) 
2019-09-19 09:54:57,947 [pool-56-thread-3] ERROR freon.RandomKeyGenerator (RandomKeyGenerator.java:createKey(724)) - Exception while adding key: key-0-45248 in bucket: bucket-0-31483 of volume: vol-0-07396.
INTERNAL_ERROR org.apache.hadoop.ozone.om.exceptions.OMException: Allocated 0 blocks. Requested 5 blocks
	at org.apache.hadoop.ozone.om.protocolPB.OzoneManagerProtocolClientSideTranslatorPB.handleError(OzoneManagerProtocolClientSideTranslatorPB.java:725)
	at org.apache.hadoop.ozone.om.protocolPB.OzoneManagerProtocolClientSideTranslatorPB.openKey(OzoneManagerProtocolClientSideTranslatorPB.java:716)
	at org.apache.hadoop.ozone.client.rpc.RpcClient.createKey(RpcClient.java:615)
	at org.apache.hadoop.ozone.client.OzoneBucket.createKey(OzoneBucket.java:323)
	at org.apache.hadoop.ozone.freon.RandomKeyGenerator.createKey(RandomKeyGenerator.java:686)
	at org.apache.hadoop.ozone.freon.RandomKeyGenerator.access$1100(RandomKeyGenerator.java:87)
	at org.apache.hadoop.ozone.freon.RandomKeyGenerator$ObjectCreator.run(RandomKeyGenerator.java:606)
	at java.util.concurrent.Executors$RunnableAdapter.call(Executors.java:511)
	at java.util.concurrent.FutureTask.run(FutureTask.java:266)
	at java.util.concurrent.ThreadPoolExecutor.runWorker(ThreadPoolExecutor.java:1149)
	at java.util.concurrent.ThreadPoolExecutor$Worker.run(ThreadPoolExecutor.java:624)
	at java.lang.Thread.run(Thread.java:748)
2019-09-19 09:54:58,344 | INFO  | SCMAudit | user=jenkins1000 | ip=192.168.34.5 | op=SEND_HEARTBEAT {datanodeUUID=90096b95-6771-4ecf-aa77-70b7217912db, command=[]} | ret=SUCCESS |  
 0.00% |█                                                                                                    |  0/1 Time: 0:00:012019-09-19 09:54:58,399 [Thread-177] INFO  container.ReplicationManager (ReplicationManager.java:start(151)) - Starting Replication Monitor Thread.
2019-09-19 09:54:58,402 [ReplicationMonitor] INFO  container.ReplicationManager (ReplicationManager.java:run(214)) - Replication Monitor Thread took 1 milliseconds for processing 0 containers.
2019-09-19 09:54:58,600 | INFO  | SCMAudit | user=jenkins1000 | ip=192.168.34.5 | op=SEND_HEARTBEAT {datanodeUUID=1b5ff12b-3718-456a-861a-fb86d4c76eb2, command=[]} | ret=SUCCESS |  
2019-09-19 09:54:58,836 | INFO  | SCMAudit | user=jenkins1000 | ip=192.168.34.5 | op=SEND_HEARTBEAT {datanodeUUID=dea0a289-bbd2-4f4b-bbf8-a17c24855de6, command=[]} | ret=SUCCESS |  
2019-09-19 09:54:59,345 | INFO  | SCMAudit | user=jenkins1000 | ip=192.168.34.5 | op=SEND_HEARTBEAT {datanodeUUID=90096b95-6771-4ecf-aa77-70b7217912db, command=[]} | ret=SUCCESS |  
 0.00% |█                                                                                                    |  0/1 Time: 0:00:022019-09-19 09:54:59,598 | INFO  | SCMAudit | user=jenkins1000 | ip=192.168.34.5 | op=SEND_HEARTBEAT {datanodeUUID=1b5ff12b-3718-456a-861a-fb86d4c76eb2, command=[]} | ret=SUCCESS |  
2019-09-19 09:54:59,828 | INFO  | SCMAudit | user=jenkins1000 | ip=192.168.34.5 | op=SEND_HEARTBEAT {datanodeUUID=dea0a289-bbd2-4f4b-bbf8-a17c24855de6, command=[]} | ret=SUCCESS |  
2019-09-19 09:55:00,346 | INFO  | SCMAudit | user=jenkins1000 | ip=192.168.34.5 | op=SEND_HEARTBEAT {datanodeUUID=90096b95-6771-4ecf-aa77-70b7217912db, command=[]} | ret=SUCCESS |  
 0.00% |█                                                                                                    |  0/1 Time: 0:00:032019-09-19 09:55:00,599 | INFO  | SCMAudit | user=jenkins1000 | ip=192.168.34.5 | op=SEND_HEARTBEAT {datanodeUUID=1b5ff12b-3718-456a-861a-fb86d4c76eb2, command=[]} | ret=SUCCESS |  
2019-09-19 09:55:00,827 | INFO  | SCMAudit | user=jenkins1000 | ip=192.168.34.5 | op=SEND_HEARTBEAT {datanodeUUID=dea0a289-bbd2-4f4b-bbf8-a17c24855de6, command=[]} | ret=SUCCESS |  
2019-09-19 09:55:01,346 | INFO  | SCMAudit | user=jenkins1000 | ip=192.168.34.5 | op=SEND_HEARTBEAT {datanodeUUID=90096b95-6771-4ecf-aa77-70b7217912db, command=[]} | ret=SUCCESS |  
 0.00% |█                                                                                                    |  0/1 Time: 0:00:042019-09-19 09:55:01,600 | INFO  | SCMAudit | user=jenkins1000 | ip=192.168.34.5 | op=SEND_HEARTBEAT {datanodeUUID=1b5ff12b-3718-456a-861a-fb86d4c76eb2, command=[]} | ret=SUCCESS |  
2019-09-19 09:55:01,811 [Thread-179] INFO  impl.FollowerState (FollowerState.java:run(106)) - 90096b95-6771-4ecf-aa77-70b7217912db:group-9B8F1BF8C713 changes to CANDIDATE, lastRpcTime:5194, electionTimeout:5193ms
2019-09-19 09:55:01,811 [Thread-179] INFO  impl.RoleInfo (RoleInfo.java:shutdownFollowerState(121)) - 90096b95-6771-4ecf-aa77-70b7217912db: shutdown FollowerState
2019-09-19 09:55:01,811 [Thread-179] INFO  impl.RaftServerImpl (RaftServerImpl.java:setRole(171)) - 90096b95-6771-4ecf-aa77-70b7217912db:group-9B8F1BF8C713 changes role from FOLLOWER to CANDIDATE at term 0 for changeToCandidate
2019-09-19 09:55:01,817 [Thread-179] INFO  impl.RoleInfo (RoleInfo.java:updateAndGet(143)) - 90096b95-6771-4ecf-aa77-70b7217912db: start LeaderElection
2019-09-19 09:55:01,826 | INFO  | SCMAudit | user=jenkins1000 | ip=192.168.34.5 | op=SEND_HEARTBEAT {datanodeUUID=dea0a289-bbd2-4f4b-bbf8-a17c24855de6, command=[]} | ret=SUCCESS |  
2019-09-19 09:55:01,842 [90096b95-6771-4ecf-aa77-70b7217912db:group-9B8F1BF8C713:LeaderElection1] INFO  impl.LeaderElection (LeaderElection.java:askForVotes(181)) - 90096b95-6771-4ecf-aa77-70b7217912db:group-9B8F1BF8C713:LeaderElection1: begin an election at term 1 for -1: [90096b95-6771-4ecf-aa77-70b7217912db:192.168.34.5:42713], old=null
2019-09-19 09:55:01,845 [90096b95-6771-4ecf-aa77-70b7217912db:group-9B8F1BF8C713:LeaderElection1] INFO  impl.RoleInfo (RoleInfo.java:shutdownLeaderElection(134)) - 90096b95-6771-4ecf-aa77-70b7217912db: shutdown LeaderElection
2019-09-19 09:55:01,845 [90096b95-6771-4ecf-aa77-70b7217912db:group-9B8F1BF8C713:LeaderElection1] INFO  impl.RaftServerImpl (RaftServerImpl.java:setRole(171)) - 90096b95-6771-4ecf-aa77-70b7217912db:group-9B8F1BF8C713 changes role from CANDIDATE to LEADER at term 1 for changeToLeader
2019-09-19 09:55:01,846 [90096b95-6771-4ecf-aa77-70b7217912db:group-9B8F1BF8C713:LeaderElection1] INFO  impl.RaftServerImpl (ServerState.java:setLeader(263)) - 90096b95-6771-4ecf-aa77-70b7217912db:group-9B8F1BF8C713 change Leader from null to 90096b95-6771-4ecf-aa77-70b7217912db at term 1 for becomeLeader, leader elected after 5317ms
2019-09-19 09:55:01,853 [90096b95-6771-4ecf-aa77-70b7217912db:group-9B8F1BF8C713:LeaderElection1] INFO  server.RaftServerConfigKeys (ConfUtils.java:logGet(43)) - raft.server.staging.catchup.gap = 1000 (default)
2019-09-19 09:55:01,854 [90096b95-6771-4ecf-aa77-70b7217912db:group-9B8F1BF8C713:LeaderElection1] INFO  server.RaftServerConfigKeys (ConfUtils.java:logGet(43)) - raft.server.rpc.sleep.time = 25ms (default)
2019-09-19 09:55:01,857 [90096b95-6771-4ecf-aa77-70b7217912db:group-9B8F1BF8C713:LeaderElection1] INFO  server.RaftServerConfigKeys (ConfUtils.java:logGet(43)) - raft.server.write.element-limit = 4096 (default)
2019-09-19 09:55:01,860 [90096b95-6771-4ecf-aa77-70b7217912db:group-9B8F1BF8C713:LeaderElection1] INFO  server.RaftServerConfigKeys (ConfUtils.java:logGet(43)) - raft.server.watch.timeout = 10s (default)
2019-09-19 09:55:01,861 [90096b95-6771-4ecf-aa77-70b7217912db:group-9B8F1BF8C713:LeaderElection1] INFO  server.RaftServerConfigKeys (ConfUtils.java:logGet(43)) - raft.server.watch.timeout.denomination = 1s (default)
2019-09-19 09:55:01,862 [90096b95-6771-4ecf-aa77-70b7217912db:group-9B8F1BF8C713:LeaderElection1] INFO  server.RaftServerConfigKeys (ConfUtils.java:logGet(43)) - raft.server.watch.element-limit = 65536 (default)
2019-09-19 09:55:01,873 [90096b95-6771-4ecf-aa77-70b7217912db:group-9B8F1BF8C713:LeaderElection1] INFO  impl.RoleInfo (RoleInfo.java:updateAndGet(143)) - 90096b95-6771-4ecf-aa77-70b7217912db: start LeaderState
2019-09-19 09:55:01,899 [90096b95-6771-4ecf-aa77-70b7217912db:group-9B8F1BF8C713:LeaderElection1] INFO  segmented.SegmentedRaftLogWorker (SegmentedRaftLogWorker.java:startLogSegment(380)) - 90096b95-6771-4ecf-aa77-70b7217912db-SegmentedRaftLogWorker:Storage Directory /workdir/hadoop-ozone/tools/target/test-dir/MiniOzoneClusterImpl-8d91f153-b4bc-4240-a6a0-161ba1782059/datanode-0/data/ratis/17ab60ee-4e4b-43cc-9fe3-9b8f1bf8c713: Starting segment from index:0
2019-09-19 09:55:01,905 [Thread-182] INFO  impl.FollowerState (FollowerState.java:run(106)) - dea0a289-bbd2-4f4b-bbf8-a17c24855de6:group-EF18F38ED113 changes to CANDIDATE, lastRpcTime:5135, electionTimeout:5134ms
2019-09-19 09:55:01,906 [Thread-182] INFO  impl.RoleInfo (RoleInfo.java:shutdownFollowerState(121)) - dea0a289-bbd2-4f4b-bbf8-a17c24855de6: shutdown FollowerState
2019-09-19 09:55:01,906 [Thread-182] INFO  impl.RaftServerImpl (RaftServerImpl.java:setRole(171)) - dea0a289-bbd2-4f4b-bbf8-a17c24855de6:group-EF18F38ED113 changes role from FOLLOWER to CANDIDATE at term 0 for changeToCandidate
2019-09-19 09:55:01,907 [Thread-182] INFO  impl.RoleInfo (RoleInfo.java:updateAndGet(143)) - dea0a289-bbd2-4f4b-bbf8-a17c24855de6: start LeaderElection
2019-09-19 09:55:01,916 [90096b95-6771-4ecf-aa77-70b7217912db:group-9B8F1BF8C713:LeaderElection1] INFO  impl.RaftServerImpl (ServerState.java:setRaftConf(361)) - 90096b95-6771-4ecf-aa77-70b7217912db:group-9B8F1BF8C713 set configuration 0: [90096b95-6771-4ecf-aa77-70b7217912db:192.168.34.5:42713], old=null at 0
2019-09-19 09:55:01,925 [dea0a289-bbd2-4f4b-bbf8-a17c24855de6:group-EF18F38ED113:LeaderElection2] INFO  impl.LeaderElection (LeaderElection.java:askForVotes(181)) - dea0a289-bbd2-4f4b-bbf8-a17c24855de6:group-EF18F38ED113:LeaderElection2: begin an election at term 1 for -1: [dea0a289-bbd2-4f4b-bbf8-a17c24855de6:192.168.34.5:44749], old=null
2019-09-19 09:55:01,926 [Thread-185] INFO  impl.FollowerState (FollowerState.java:run(106)) - 1b5ff12b-3718-456a-861a-fb86d4c76eb2:group-F41869E1EF6B changes to CANDIDATE, lastRpcTime:5070, electionTimeout:5070ms
2019-09-19 09:55:01,926 [dea0a289-bbd2-4f4b-bbf8-a17c24855de6:group-EF18F38ED113:LeaderElection2] INFO  impl.RoleInfo (RoleInfo.java:shutdownLeaderElection(134)) - dea0a289-bbd2-4f4b-bbf8-a17c24855de6: shutdown LeaderElection
2019-09-19 09:55:01,926 [Thread-185] INFO  impl.RoleInfo (RoleInfo.java:shutdownFollowerState(121)) - 1b5ff12b-3718-456a-861a-fb86d4c76eb2: shutdown FollowerState
2019-09-19 09:55:01,926 [dea0a289-bbd2-4f4b-bbf8-a17c24855de6:group-EF18F38ED113:LeaderElection2] INFO  impl.RaftServerImpl (RaftServerImpl.java:setRole(171)) - dea0a289-bbd2-4f4b-bbf8-a17c24855de6:group-EF18F38ED113 changes role from CANDIDATE to LEADER at term 1 for changeToLeader
2019-09-19 09:55:01,926 [Thread-185] INFO  impl.RaftServerImpl (RaftServerImpl.java:setRole(171)) - 1b5ff12b-3718-456a-861a-fb86d4c76eb2:group-F41869E1EF6B changes role from FOLLOWER to CANDIDATE at term 0 for changeToCandidate
2019-09-19 09:55:01,926 [dea0a289-bbd2-4f4b-bbf8-a17c24855de6:group-EF18F38ED113:LeaderElection2] INFO  impl.RaftServerImpl (ServerState.java:setLeader(263)) - dea0a289-bbd2-4f4b-bbf8-a17c24855de6:group-EF18F38ED113 change Leader from null to dea0a289-bbd2-4f4b-bbf8-a17c24855de6 at term 1 for becomeLeader, leader elected after 5162ms
2019-09-19 09:55:01,927 [Thread-185] INFO  impl.RoleInfo (RoleInfo.java:updateAndGet(143)) - 1b5ff12b-3718-456a-861a-fb86d4c76eb2: start LeaderElection
2019-09-19 09:55:01,927 [dea0a289-bbd2-4f4b-bbf8-a17c24855de6:group-EF18F38ED113:LeaderElection2] INFO  server.RaftServerConfigKeys (ConfUtils.java:logGet(43)) - raft.server.staging.catchup.gap = 1000 (default)
2019-09-19 09:55:01,927 [dea0a289-bbd2-4f4b-bbf8-a17c24855de6:group-EF18F38ED113:LeaderElection2] INFO  server.RaftServerConfigKeys (ConfUtils.java:logGet(43)) - raft.server.rpc.sleep.time = 25ms (default)
2019-09-19 09:55:01,930 [dea0a289-bbd2-4f4b-bbf8-a17c24855de6:group-EF18F38ED113:LeaderElection2] INFO  server.RaftServerConfigKeys (ConfUtils.java:logGet(43)) - raft.server.write.element-limit = 4096 (default)
2019-09-19 09:55:01,930 [dea0a289-bbd2-4f4b-bbf8-a17c24855de6:group-EF18F38ED113:LeaderElection2] INFO  server.RaftServerConfigKeys (ConfUtils.java:logGet(43)) - raft.server.watch.timeout = 10s (default)
2019-09-19 09:55:01,931 [dea0a289-bbd2-4f4b-bbf8-a17c24855de6:group-EF18F38ED113:LeaderElection2] INFO  server.RaftServerConfigKeys (ConfUtils.java:logGet(43)) - raft.server.watch.timeout.denomination = 1s (default)
2019-09-19 09:55:01,931 [dea0a289-bbd2-4f4b-bbf8-a17c24855de6:group-EF18F38ED113:LeaderElection2] INFO  server.RaftServerConfigKeys (ConfUtils.java:logGet(43)) - raft.server.watch.element-limit = 65536 (default)
2019-09-19 09:55:01,931 [dea0a289-bbd2-4f4b-bbf8-a17c24855de6:group-EF18F38ED113:LeaderElection2] INFO  impl.RoleInfo (RoleInfo.java:updateAndGet(143)) - dea0a289-bbd2-4f4b-bbf8-a17c24855de6: start LeaderState
2019-09-19 09:55:01,932 [dea0a289-bbd2-4f4b-bbf8-a17c24855de6:group-EF18F38ED113:LeaderElection2] INFO  segmented.SegmentedRaftLogWorker (SegmentedRaftLogWorker.java:startLogSegment(380)) - dea0a289-bbd2-4f4b-bbf8-a17c24855de6-SegmentedRaftLogWorker:Storage Directory /workdir/hadoop-ozone/tools/target/test-dir/MiniOzoneClusterImpl-8d91f153-b4bc-4240-a6a0-161ba1782059/datanode-2/data/ratis/79cfe22f-d530-4d58-879f-ef18f38ed113: Starting segment from index:0
2019-09-19 09:55:01,932 [dea0a289-bbd2-4f4b-bbf8-a17c24855de6:group-EF18F38ED113:LeaderElection2] INFO  impl.RaftServerImpl (ServerState.java:setRaftConf(361)) - dea0a289-bbd2-4f4b-bbf8-a17c24855de6:group-EF18F38ED113 set configuration 0: [dea0a289-bbd2-4f4b-bbf8-a17c24855de6:192.168.34.5:44749], old=null at 0
2019-09-19 09:55:01,934 [1b5ff12b-3718-456a-861a-fb86d4c76eb2:group-F41869E1EF6B:LeaderElection3] INFO  impl.LeaderElection (LeaderElection.java:askForVotes(181)) - 1b5ff12b-3718-456a-861a-fb86d4c76eb2:group-F41869E1EF6B:LeaderElection3: begin an election at term 1 for -1: [1b5ff12b-3718-456a-861a-fb86d4c76eb2:192.168.34.5:39244], old=null
2019-09-19 09:55:01,935 [1b5ff12b-3718-456a-861a-fb86d4c76eb2:group-F41869E1EF6B:LeaderElection3] INFO  impl.RoleInfo (RoleInfo.java:shutdownLeaderElection(134)) - 1b5ff12b-3718-456a-861a-fb86d4c76eb2: shutdown LeaderElection
2019-09-19 09:55:01,935 [1b5ff12b-3718-456a-861a-fb86d4c76eb2:group-F41869E1EF6B:LeaderElection3] INFO  impl.RaftServerImpl (RaftServerImpl.java:setRole(171)) - 1b5ff12b-3718-456a-861a-fb86d4c76eb2:group-F41869E1EF6B changes role from CANDIDATE to LEADER at term 1 for changeToLeader
2019-09-19 09:55:01,935 [1b5ff12b-3718-456a-861a-fb86d4c76eb2:group-F41869E1EF6B:LeaderElection3] INFO  impl.RaftServerImpl (ServerState.java:setLeader(263)) - 1b5ff12b-3718-456a-861a-fb86d4c76eb2:group-F41869E1EF6B change Leader from null to 1b5ff12b-3718-456a-861a-fb86d4c76eb2 at term 1 for becomeLeader, leader elected after 5085ms
2019-09-19 09:55:01,935 [1b5ff12b-3718-456a-861a-fb86d4c76eb2:group-F41869E1EF6B:LeaderElection3] INFO  server.RaftServerConfigKeys (ConfUtils.java:logGet(43)) - raft.server.staging.catchup.gap = 1000 (default)
2019-09-19 09:55:01,935 [1b5ff12b-3718-456a-861a-fb86d4c76eb2:group-F41869E1EF6B:LeaderElection3] INFO  server.RaftServerConfigKeys (ConfUtils.java:logGet(43)) - raft.server.rpc.sleep.time = 25ms (default)
2019-09-19 09:55:01,936 [1b5ff12b-3718-456a-861a-fb86d4c76eb2:group-F41869E1EF6B:LeaderElection3] INFO  server.RaftServerConfigKeys (ConfUtils.java:logGet(43)) - raft.server.write.element-limit = 4096 (default)
2019-09-19 09:55:01,936 [1b5ff12b-3718-456a-861a-fb86d4c76eb2:group-F41869E1EF6B:LeaderElection3] INFO  server.RaftServerConfigKeys (ConfUtils.java:logGet(43)) - raft.server.watch.timeout = 10s (default)
2019-09-19 09:55:01,936 [1b5ff12b-3718-456a-861a-fb86d4c76eb2:group-F41869E1EF6B:LeaderElection3] INFO  server.RaftServerConfigKeys (ConfUtils.java:logGet(43)) - raft.server.watch.timeout.denomination = 1s (default)
2019-09-19 09:55:01,936 [1b5ff12b-3718-456a-861a-fb86d4c76eb2:group-F41869E1EF6B:LeaderElection3] INFO  server.RaftServerConfigKeys (ConfUtils.java:logGet(43)) - raft.server.watch.element-limit = 65536 (default)
2019-09-19 09:55:01,937 [1b5ff12b-3718-456a-861a-fb86d4c76eb2:group-F41869E1EF6B:LeaderElection3] INFO  impl.RoleInfo (RoleInfo.java:updateAndGet(143)) - 1b5ff12b-3718-456a-861a-fb86d4c76eb2: start LeaderState
2019-09-19 09:55:01,937 [1b5ff12b-3718-456a-861a-fb86d4c76eb2:group-F41869E1EF6B:LeaderElection3] INFO  segmented.SegmentedRaftLogWorker (SegmentedRaftLogWorker.java:startLogSegment(380)) - 1b5ff12b-3718-456a-861a-fb86d4c76eb2-SegmentedRaftLogWorker:Storage Directory /workdir/hadoop-ozone/tools/target/test-dir/MiniOzoneClusterImpl-8d91f153-b4bc-4240-a6a0-161ba1782059/datanode-1/data/ratis/4d2eac7f-6aaa-4070-9248-f41869e1ef6b: Starting segment from index:0
2019-09-19 09:55:01,937 [1b5ff12b-3718-456a-861a-fb86d4c76eb2:group-F41869E1EF6B:LeaderElection3] INFO  impl.RaftServerImpl (ServerState.java:setRaftConf(361)) - 1b5ff12b-3718-456a-861a-fb86d4c76eb2:group-F41869E1EF6B set configuration 0: [1b5ff12b-3718-456a-861a-fb86d4c76eb2:192.168.34.5:39244], old=null at 0
2019-09-19 09:55:02,009 [Thread-189] INFO  impl.FollowerState (FollowerState.java:run(106)) - dea0a289-bbd2-4f4b-bbf8-a17c24855de6:group-9F3F5A476E1B changes to CANDIDATE, lastRpcTime:5046, electionTimeout:5046ms
2019-09-19 09:55:02,009 [Thread-189] INFO  impl.RoleInfo (RoleInfo.java:shutdownFollowerState(121)) - dea0a289-bbd2-4f4b-bbf8-a17c24855de6: shutdown FollowerState
2019-09-19 09:55:02,009 [Thread-189] INFO  impl.RaftServerImpl (RaftServerImpl.java:setRole(171)) - dea0a289-bbd2-4f4b-bbf8-a17c24855de6:group-9F3F5A476E1B changes role from FOLLOWER to CANDIDATE at term 0 for changeToCandidate
2019-09-19 09:55:02,009 [Thread-189] INFO  impl.RoleInfo (RoleInfo.java:updateAndGet(143)) - dea0a289-bbd2-4f4b-bbf8-a17c24855de6: start LeaderElection
2019-09-19 09:55:02,026 [dea0a289-bbd2-4f4b-bbf8-a17c24855de6:group-9F3F5A476E1B:LeaderElection4] INFO  impl.LeaderElection (LeaderElection.java:askForVotes(181)) - dea0a289-bbd2-4f4b-bbf8-a17c24855de6:group-9F3F5A476E1B:LeaderElection4: begin an election at term 1 for -1: [dea0a289-bbd2-4f4b-bbf8-a17c24855de6:192.168.34.5:44749], old=null
2019-09-19 09:55:02,027 [dea0a289-bbd2-4f4b-bbf8-a17c24855de6:group-9F3F5A476E1B:LeaderElection4] INFO  impl.RoleInfo (RoleInfo.java:shutdownLeaderElection(134)) - dea0a289-bbd2-4f4b-bbf8-a17c24855de6: shutdown LeaderElection
2019-09-19 09:55:02,027 [dea0a289-bbd2-4f4b-bbf8-a17c24855de6:group-9F3F5A476E1B:LeaderElection4] INFO  impl.RaftServerImpl (RaftServerImpl.java:setRole(171)) - dea0a289-bbd2-4f4b-bbf8-a17c24855de6:group-9F3F5A476E1B changes role from CANDIDATE to LEADER at term 1 for changeToLeader
2019-09-19 09:55:02,027 [dea0a289-bbd2-4f4b-bbf8-a17c24855de6:group-9F3F5A476E1B:LeaderElection4] INFO  impl.RaftServerImpl (ServerState.java:setLeader(263)) - dea0a289-bbd2-4f4b-bbf8-a17c24855de6:group-9F3F5A476E1B change Leader from null to dea0a289-bbd2-4f4b-bbf8-a17c24855de6 at term 1 for becomeLeader, leader elected after 5071ms
2019-09-19 09:55:02,027 [dea0a289-bbd2-4f4b-bbf8-a17c24855de6:group-9F3F5A476E1B:LeaderElection4] INFO  server.RaftServerConfigKeys (ConfUtils.java:logGet(43)) - raft.server.staging.catchup.gap = 1000 (default)
2019-09-19 09:55:02,027 [dea0a289-bbd2-4f4b-bbf8-a17c24855de6:group-9F3F5A476E1B:LeaderElection4] INFO  server.RaftServerConfigKeys (ConfUtils.java:logGet(43)) - raft.server.rpc.sleep.time = 25ms (default)
2019-09-19 09:55:02,028 [dea0a289-bbd2-4f4b-bbf8-a17c24855de6:group-9F3F5A476E1B:LeaderElection4] INFO  server.RaftServerConfigKeys (ConfUtils.java:logGet(43)) - raft.server.write.element-limit = 4096 (default)
2019-09-19 09:55:02,028 [dea0a289-bbd2-4f4b-bbf8-a17c24855de6:group-9F3F5A476E1B:LeaderElection4] INFO  server.RaftServerConfigKeys (ConfUtils.java:logGet(43)) - raft.server.watch.timeout = 10s (default)
2019-09-19 09:55:02,028 [dea0a289-bbd2-4f4b-bbf8-a17c24855de6:group-9F3F5A476E1B:LeaderElection4] INFO  server.RaftServerConfigKeys (ConfUtils.java:logGet(43)) - raft.server.watch.timeout.denomination = 1s (default)
2019-09-19 09:55:02,028 [dea0a289-bbd2-4f4b-bbf8-a17c24855de6:group-9F3F5A476E1B:LeaderElection4] INFO  server.RaftServerConfigKeys (ConfUtils.java:logGet(43)) - raft.server.watch.element-limit = 65536 (default)
2019-09-19 09:55:02,028 [dea0a289-bbd2-4f4b-bbf8-a17c24855de6:group-9F3F5A476E1B:LeaderElection4] INFO  impl.RoleInfo (RoleInfo.java:updateAndGet(143)) - dea0a289-bbd2-4f4b-bbf8-a17c24855de6: start LeaderState
2019-09-19 09:55:02,029 [dea0a289-bbd2-4f4b-bbf8-a17c24855de6:group-9F3F5A476E1B:LeaderElection4] INFO  segmented.SegmentedRaftLogWorker (SegmentedRaftLogWorker.java:startLogSegment(380)) - dea0a289-bbd2-4f4b-bbf8-a17c24855de6-SegmentedRaftLogWorker:Storage Directory /workdir/hadoop-ozone/tools/target/test-dir/MiniOzoneClusterImpl-8d91f153-b4bc-4240-a6a0-161ba1782059/datanode-2/data/ratis/e54c8f37-4a32-4509-8a98-9f3f5a476e1b: Starting segment from index:0
2019-09-19 09:55:02,029 [dea0a289-bbd2-4f4b-bbf8-a17c24855de6:group-9F3F5A476E1B:LeaderElection4] INFO  impl.RaftServerImpl (ServerState.java:setRaftConf(361)) - dea0a289-bbd2-4f4b-bbf8-a17c24855de6:group-9F3F5A476E1B set configuration 0: [dea0a289-bbd2-4f4b-bbf8-a17c24855de6:192.168.34.5:44749], old=null at 0
2019-09-19 09:55:02,115 [dea0a289-bbd2-4f4b-bbf8-a17c24855de6-SegmentedRaftLogWorker:Storage Directory /workdir/hadoop-ozone/tools/target/test-dir/MiniOzoneClusterImpl-8d91f153-b4bc-4240-a6a0-161ba1782059/datanode-2/data/ratis/e54c8f37-4a32-4509-8a98-9f3f5a476e1b] INFO  segmented.SegmentedRaftLogWorker (SegmentedRaftLogWorker.java:execute(569)) - dea0a289-bbd2-4f4b-bbf8-a17c24855de6-SegmentedRaftLogWorker:Storage Directory /workdir/hadoop-ozone/tools/target/test-dir/MiniOzoneClusterImpl-8d91f153-b4bc-4240-a6a0-161ba1782059/datanode-2/data/ratis/e54c8f37-4a32-4509-8a98-9f3f5a476e1b: created new log segment /workdir/hadoop-ozone/tools/target/test-dir/MiniOzoneClusterImpl-8d91f153-b4bc-4240-a6a0-161ba1782059/datanode-2/data/ratis/e54c8f37-4a32-4509-8a98-9f3f5a476e1b/current/log_inprogress_0
2019-09-19 09:55:02,115 [dea0a289-bbd2-4f4b-bbf8-a17c24855de6-SegmentedRaftLogWorker:Storage Directory /workdir/hadoop-ozone/tools/target/test-dir/MiniOzoneClusterImpl-8d91f153-b4bc-4240-a6a0-161ba1782059/datanode-2/data/ratis/79cfe22f-d530-4d58-879f-ef18f38ed113] INFO  segmented.SegmentedRaftLogWorker (SegmentedRaftLogWorker.java:execute(569)) - dea0a289-bbd2-4f4b-bbf8-a17c24855de6-SegmentedRaftLogWorker:Storage Directory /workdir/hadoop-ozone/tools/target/test-dir/MiniOzoneClusterImpl-8d91f153-b4bc-4240-a6a0-161ba1782059/datanode-2/data/ratis/79cfe22f-d530-4d58-879f-ef18f38ed113: created new log segment /workdir/hadoop-ozone/tools/target/test-dir/MiniOzoneClusterImpl-8d91f153-b4bc-4240-a6a0-161ba1782059/datanode-2/data/ratis/79cfe22f-d530-4d58-879f-ef18f38ed113/current/log_inprogress_0
2019-09-19 09:55:02,115 [90096b95-6771-4ecf-aa77-70b7217912db-SegmentedRaftLogWorker:Storage Directory /workdir/hadoop-ozone/tools/target/test-dir/MiniOzoneClusterImpl-8d91f153-b4bc-4240-a6a0-161ba1782059/datanode-0/data/ratis/17ab60ee-4e4b-43cc-9fe3-9b8f1bf8c713] INFO  segmented.SegmentedRaftLogWorker (SegmentedRaftLogWorker.java:execute(569)) - 90096b95-6771-4ecf-aa77-70b7217912db-SegmentedRaftLogWorker:Storage Directory /workdir/hadoop-ozone/tools/target/test-dir/MiniOzoneClusterImpl-8d91f153-b4bc-4240-a6a0-161ba1782059/datanode-0/data/ratis/17ab60ee-4e4b-43cc-9fe3-9b8f1bf8c713: created new log segment /workdir/hadoop-ozone/tools/target/test-dir/MiniOzoneClusterImpl-8d91f153-b4bc-4240-a6a0-161ba1782059/datanode-0/data/ratis/17ab60ee-4e4b-43cc-9fe3-9b8f1bf8c713/current/log_inprogress_0
2019-09-19 09:55:02,115 [1b5ff12b-3718-456a-861a-fb86d4c76eb2-SegmentedRaftLogWorker:Storage Directory /workdir/hadoop-ozone/tools/target/test-dir/MiniOzoneClusterImpl-8d91f153-b4bc-4240-a6a0-161ba1782059/datanode-1/data/ratis/4d2eac7f-6aaa-4070-9248-f41869e1ef6b] INFO  segmented.SegmentedRaftLogWorker (SegmentedRaftLogWorker.java:execute(569)) - 1b5ff12b-3718-456a-861a-fb86d4c76eb2-SegmentedRaftLogWorker:Storage Directory /workdir/hadoop-ozone/tools/target/test-dir/MiniOzoneClusterImpl-8d91f153-b4bc-4240-a6a0-161ba1782059/datanode-1/data/ratis/4d2eac7f-6aaa-4070-9248-f41869e1ef6b: created new log segment /workdir/hadoop-ozone/tools/target/test-dir/MiniOzoneClusterImpl-8d91f153-b4bc-4240-a6a0-161ba1782059/datanode-1/data/ratis/4d2eac7f-6aaa-4070-9248-f41869e1ef6b/current/log_inprogress_0
2019-09-19 09:55:02,161 [Thread-192] INFO  impl.FollowerState (FollowerState.java:run(106)) - 90096b95-6771-4ecf-aa77-70b7217912db:group-84F07B7ADEA3 changes to CANDIDATE, lastRpcTime:5130, electionTimeout:5130ms
2019-09-19 09:55:02,163 [Thread-192] INFO  impl.RoleInfo (RoleInfo.java:shutdownFollowerState(121)) - 90096b95-6771-4ecf-aa77-70b7217912db: shutdown FollowerState
2019-09-19 09:55:02,164 [Thread-192] INFO  impl.RaftServerImpl (RaftServerImpl.java:setRole(171)) - 90096b95-6771-4ecf-aa77-70b7217912db:group-84F07B7ADEA3 changes role from FOLLOWER to CANDIDATE at term 0 for changeToCandidate
2019-09-19 09:55:02,164 [Thread-192] INFO  impl.RoleInfo (RoleInfo.java:updateAndGet(143)) - 90096b95-6771-4ecf-aa77-70b7217912db: start LeaderElection
2019-09-19 09:55:02,180 [90096b95-6771-4ecf-aa77-70b7217912db:group-84F07B7ADEA3:LeaderElection5] INFO  impl.LeaderElection (LeaderElection.java:askForVotes(181)) - 90096b95-6771-4ecf-aa77-70b7217912db:group-84F07B7ADEA3:LeaderElection5: begin an election at term 1 for -1: [90096b95-6771-4ecf-aa77-70b7217912db:192.168.34.5:42713], old=null
2019-09-19 09:55:02,181 [90096b95-6771-4ecf-aa77-70b7217912db:group-84F07B7ADEA3:LeaderElection5] INFO  impl.RoleInfo (RoleInfo.java:shutdownLeaderElection(134)) - 90096b95-6771-4ecf-aa77-70b7217912db: shutdown LeaderElection
2019-09-19 09:55:02,181 [90096b95-6771-4ecf-aa77-70b7217912db:group-84F07B7ADEA3:LeaderElection5] INFO  impl.RaftServerImpl (RaftServerImpl.java:setRole(171)) - 90096b95-6771-4ecf-aa77-70b7217912db:group-84F07B7ADEA3 changes role from CANDIDATE to LEADER at term 1 for changeToLeader
2019-09-19 09:55:02,181 [90096b95-6771-4ecf-aa77-70b7217912db:group-84F07B7ADEA3:LeaderElection5] INFO  impl.RaftServerImpl (ServerState.java:setLeader(263)) - 90096b95-6771-4ecf-aa77-70b7217912db:group-84F07B7ADEA3 change Leader from null to 90096b95-6771-4ecf-aa77-70b7217912db at term 1 for becomeLeader, leader elected after 5155ms
2019-09-19 09:55:02,181 [90096b95-6771-4ecf-aa77-70b7217912db:group-84F07B7ADEA3:LeaderElection5] INFO  server.RaftServerConfigKeys (ConfUtils.java:logGet(43)) - raft.server.staging.catchup.gap = 1000 (default)
2019-09-19 09:55:02,182 [90096b95-6771-4ecf-aa77-70b7217912db:group-84F07B7ADEA3:LeaderElection5] INFO  server.RaftServerConfigKeys (ConfUtils.java:logGet(43)) - raft.server.rpc.sleep.time = 25ms (default)
2019-09-19 09:55:02,182 [90096b95-6771-4ecf-aa77-70b7217912db:group-84F07B7ADEA3:LeaderElection5] INFO  server.RaftServerConfigKeys (ConfUtils.java:logGet(43)) - raft.server.write.element-limit = 4096 (default)
2019-09-19 09:55:02,182 [90096b95-6771-4ecf-aa77-70b7217912db:group-84F07B7ADEA3:LeaderElection5] INFO  server.RaftServerConfigKeys (ConfUtils.java:logGet(43)) - raft.server.watch.timeout = 10s (default)
2019-09-19 09:55:02,182 [90096b95-6771-4ecf-aa77-70b7217912db:group-84F07B7ADEA3:LeaderElection5] INFO  server.RaftServerConfigKeys (ConfUtils.java:logGet(43)) - raft.server.watch.timeout.denomination = 1s (default)
2019-09-19 09:55:02,182 [90096b95-6771-4ecf-aa77-70b7217912db:group-84F07B7ADEA3:LeaderElection5] INFO  server.RaftServerConfigKeys (ConfUtils.java:logGet(43)) - raft.server.watch.element-limit = 65536 (default)
2019-09-19 09:55:02,182 [90096b95-6771-4ecf-aa77-70b7217912db:group-84F07B7ADEA3:LeaderElection5] INFO  impl.RoleInfo (RoleInfo.java:updateAndGet(143)) - 90096b95-6771-4ecf-aa77-70b7217912db: start LeaderState
2019-09-19 09:55:02,183 [90096b95-6771-4ecf-aa77-70b7217912db:group-84F07B7ADEA3:LeaderElection5] INFO  segmented.SegmentedRaftLogWorker (SegmentedRaftLogWorker.java:startLogSegment(380)) - 90096b95-6771-4ecf-aa77-70b7217912db-SegmentedRaftLogWorker:Storage Directory /workdir/hadoop-ozone/tools/target/test-dir/MiniOzoneClusterImpl-8d91f153-b4bc-4240-a6a0-161ba1782059/datanode-0/data/ratis/7447a8c0-37da-4c3c-aa54-84f07b7adea3: Starting segment from index:0
2019-09-19 09:55:02,183 [90096b95-6771-4ecf-aa77-70b7217912db:group-84F07B7ADEA3:LeaderElection5] INFO  impl.RaftServerImpl (ServerState.java:setRaftConf(361)) - 90096b95-6771-4ecf-aa77-70b7217912db:group-84F07B7ADEA3 set configuration 0: [90096b95-6771-4ecf-aa77-70b7217912db:192.168.34.5:42713], old=null at 0
2019-09-19 09:55:02,235 [90096b95-6771-4ecf-aa77-70b7217912db-SegmentedRaftLogWorker:Storage Directory /workdir/hadoop-ozone/tools/target/test-dir/MiniOzoneClusterImpl-8d91f153-b4bc-4240-a6a0-161ba1782059/datanode-0/data/ratis/7447a8c0-37da-4c3c-aa54-84f07b7adea3] INFO  segmented.SegmentedRaftLogWorker (SegmentedRaftLogWorker.java:execute(569)) - 90096b95-6771-4ecf-aa77-70b7217912db-SegmentedRaftLogWorker:Storage Directory /workdir/hadoop-ozone/tools/target/test-dir/MiniOzoneClusterImpl-8d91f153-b4bc-4240-a6a0-161ba1782059/datanode-0/data/ratis/7447a8c0-37da-4c3c-aa54-84f07b7adea3: created new log segment /workdir/hadoop-ozone/tools/target/test-dir/MiniOzoneClusterImpl-8d91f153-b4bc-4240-a6a0-161ba1782059/datanode-0/data/ratis/7447a8c0-37da-4c3c-aa54-84f07b7adea3/current/log_inprogress_0
2019-09-19 09:55:02,235 [Thread-195] INFO  impl.FollowerState (FollowerState.java:run(106)) - 1b5ff12b-3718-456a-861a-fb86d4c76eb2:group-DE5D8876163F changes to CANDIDATE, lastRpcTime:5131, electionTimeout:5131ms
2019-09-19 09:55:02,235 [Thread-195] INFO  impl.RoleInfo (RoleInfo.java:shutdownFollowerState(121)) - 1b5ff12b-3718-456a-861a-fb86d4c76eb2: shutdown FollowerState
2019-09-19 09:55:02,236 [Thread-195] INFO  impl.RaftServerImpl (RaftServerImpl.java:setRole(171)) - 1b5ff12b-3718-456a-861a-fb86d4c76eb2:group-DE5D8876163F changes role from FOLLOWER to CANDIDATE at term 0 for changeToCandidate
2019-09-19 09:55:02,236 [Thread-195] INFO  impl.RoleInfo (RoleInfo.java:updateAndGet(143)) - 1b5ff12b-3718-456a-861a-fb86d4c76eb2: start LeaderElection
2019-09-19 09:55:02,248 [1b5ff12b-3718-456a-861a-fb86d4c76eb2:group-DE5D8876163F:LeaderElection6] INFO  impl.LeaderElection (LeaderElection.java:askForVotes(181)) - 1b5ff12b-3718-456a-861a-fb86d4c76eb2:group-DE5D8876163F:LeaderElection6: begin an election at term 1 for -1: [1b5ff12b-3718-456a-861a-fb86d4c76eb2:192.168.34.5:39244], old=null
2019-09-19 09:55:02,249 [Thread-199] INFO  impl.FollowerState (FollowerState.java:run(106)) - 1b5ff12b-3718-456a-861a-fb86d4c76eb2:group-7D0C4DF6C17E changes to CANDIDATE, lastRpcTime:5068, electionTimeout:5067ms
2019-09-19 09:55:02,250 [1b5ff12b-3718-456a-861a-fb86d4c76eb2:group-DE5D8876163F:LeaderElection6] INFO  impl.RoleInfo (RoleInfo.java:shutdownLeaderElection(134)) - 1b5ff12b-3718-456a-861a-fb86d4c76eb2: shutdown LeaderElection
2019-09-19 09:55:02,250 [Thread-199] INFO  impl.RoleInfo (RoleInfo.java:shutdownFollowerState(121)) - 1b5ff12b-3718-456a-861a-fb86d4c76eb2: shutdown FollowerState
2019-09-19 09:55:02,250 [1b5ff12b-3718-456a-861a-fb86d4c76eb2:group-DE5D8876163F:LeaderElection6] INFO  impl.RaftServerImpl (RaftServerImpl.java:setRole(171)) - 1b5ff12b-3718-456a-861a-fb86d4c76eb2:group-DE5D8876163F changes role from CANDIDATE to LEADER at term 1 for changeToLeader
2019-09-19 09:55:02,250 [Thread-199] INFO  impl.RaftServerImpl (RaftServerImpl.java:setRole(171)) - 1b5ff12b-3718-456a-861a-fb86d4c76eb2:group-7D0C4DF6C17E changes role from FOLLOWER to CANDIDATE at term 0 for changeToCandidate
2019-09-19 09:55:02,250 [1b5ff12b-3718-456a-861a-fb86d4c76eb2:group-DE5D8876163F:LeaderElection6] INFO  impl.RaftServerImpl (ServerState.java:setLeader(263)) - 1b5ff12b-3718-456a-861a-fb86d4c76eb2:group-DE5D8876163F change Leader from null to 1b5ff12b-3718-456a-861a-fb86d4c76eb2 at term 1 for becomeLeader, leader elected after 5150ms
2019-09-19 09:55:02,250 [Thread-199] INFO  impl.RoleInfo (RoleInfo.java:updateAndGet(143)) - 1b5ff12b-3718-456a-861a-fb86d4c76eb2: start LeaderElection
2019-09-19 09:55:02,250 [1b5ff12b-3718-456a-861a-fb86d4c76eb2:group-DE5D8876163F:LeaderElection6] INFO  server.RaftServerConfigKeys (ConfUtils.java:logGet(43)) - raft.server.staging.catchup.gap = 1000 (default)
2019-09-19 09:55:02,251 [1b5ff12b-3718-456a-861a-fb86d4c76eb2:group-DE5D8876163F:LeaderElection6] INFO  server.RaftServerConfigKeys (ConfUtils.java:logGet(43)) - raft.server.rpc.sleep.time = 25ms (default)
2019-09-19 09:55:02,253 [1b5ff12b-3718-456a-861a-fb86d4c76eb2:group-DE5D8876163F:LeaderElection6] INFO  server.RaftServerConfigKeys (ConfUtils.java:logGet(43)) - raft.server.write.element-limit = 4096 (default)
2019-09-19 09:55:02,254 [1b5ff12b-3718-456a-861a-fb86d4c76eb2:group-DE5D8876163F:LeaderElection6] INFO  server.RaftServerConfigKeys (ConfUtils.java:logGet(43)) - raft.server.watch.timeout = 10s (default)
2019-09-19 09:55:02,254 [1b5ff12b-3718-456a-861a-fb86d4c76eb2:group-DE5D8876163F:LeaderElection6] INFO  server.RaftServerConfigKeys (ConfUtils.java:logGet(43)) - raft.server.watch.timeout.denomination = 1s (default)
2019-09-19 09:55:02,254 [1b5ff12b-3718-456a-861a-fb86d4c76eb2:group-DE5D8876163F:LeaderElection6] INFO  server.RaftServerConfigKeys (ConfUtils.java:logGet(43)) - raft.server.watch.element-limit = 65536 (default)
2019-09-19 09:55:02,254 [1b5ff12b-3718-456a-861a-fb86d4c76eb2:group-DE5D8876163F:LeaderElection6] INFO  impl.RoleInfo (RoleInfo.java:updateAndGet(143)) - 1b5ff12b-3718-456a-861a-fb86d4c76eb2: start LeaderState
2019-09-19 09:55:02,254 [1b5ff12b-3718-456a-861a-fb86d4c76eb2:group-DE5D8876163F:LeaderElection6] INFO  segmented.SegmentedRaftLogWorker (SegmentedRaftLogWorker.java:startLogSegment(380)) - 1b5ff12b-3718-456a-861a-fb86d4c76eb2-SegmentedRaftLogWorker:Storage Directory /workdir/hadoop-ozone/tools/target/test-dir/MiniOzoneClusterImpl-8d91f153-b4bc-4240-a6a0-161ba1782059/datanode-1/data/ratis/04677746-7392-480b-8151-de5d8876163f: Starting segment from index:0
2019-09-19 09:55:02,255 [1b5ff12b-3718-456a-861a-fb86d4c76eb2:group-DE5D8876163F:LeaderElection6] INFO  impl.RaftServerImpl (ServerState.java:setRaftConf(361)) - 1b5ff12b-3718-456a-861a-fb86d4c76eb2:group-DE5D8876163F set configuration 0: [1b5ff12b-3718-456a-861a-fb86d4c76eb2:192.168.34.5:39244], old=null at 0
2019-09-19 09:55:02,292 [1b5ff12b-3718-456a-861a-fb86d4c76eb2:group-7D0C4DF6C17E:LeaderElection7] INFO  impl.LeaderElection (LeaderElection.java:askForVotes(181)) - 1b5ff12b-3718-456a-861a-fb86d4c76eb2:group-7D0C4DF6C17E:LeaderElection7: begin an election at term 1 for -1: [1b5ff12b-3718-456a-861a-fb86d4c76eb2:192.168.34.5:39244], old=null
2019-09-19 09:55:02,292 [1b5ff12b-3718-456a-861a-fb86d4c76eb2:group-7D0C4DF6C17E:LeaderElection7] INFO  impl.RoleInfo (RoleInfo.java:shutdownLeaderElection(134)) - 1b5ff12b-3718-456a-861a-fb86d4c76eb2: shutdown LeaderElection
2019-09-19 09:55:02,292 [1b5ff12b-3718-456a-861a-fb86d4c76eb2:group-7D0C4DF6C17E:LeaderElection7] INFO  impl.RaftServerImpl (RaftServerImpl.java:setRole(171)) - 1b5ff12b-3718-456a-861a-fb86d4c76eb2:group-7D0C4DF6C17E changes role from CANDIDATE to LEADER at term 1 for changeToLeader
2019-09-19 09:55:02,292 [1b5ff12b-3718-456a-861a-fb86d4c76eb2:group-7D0C4DF6C17E:LeaderElection7] INFO  impl.RaftServerImpl (ServerState.java:setLeader(263)) - 1b5ff12b-3718-456a-861a-fb86d4c76eb2:group-7D0C4DF6C17E change Leader from null to 1b5ff12b-3718-456a-861a-fb86d4c76eb2 at term 1 for becomeLeader, leader elected after 5116ms
2019-09-19 09:55:02,293 [1b5ff12b-3718-456a-861a-fb86d4c76eb2:group-7D0C4DF6C17E:LeaderElection7] INFO  server.RaftServerConfigKeys (ConfUtils.java:logGet(43)) - raft.server.staging.catchup.gap = 1000 (default)
2019-09-19 09:55:02,293 [1b5ff12b-3718-456a-861a-fb86d4c76eb2:group-7D0C4DF6C17E:LeaderElection7] INFO  server.RaftServerConfigKeys (ConfUtils.java:logGet(43)) - raft.server.rpc.sleep.time = 25ms (default)
2019-09-19 09:55:02,293 [1b5ff12b-3718-456a-861a-fb86d4c76eb2:group-7D0C4DF6C17E:LeaderElection7] INFO  server.RaftServerConfigKeys (ConfUtils.java:logGet(43)) - raft.server.write.element-limit = 4096 (default)
2019-09-19 09:55:02,293 [1b5ff12b-3718-456a-861a-fb86d4c76eb2:group-7D0C4DF6C17E:LeaderElection7] INFO  server.RaftServerConfigKeys (ConfUtils.java:logGet(43)) - raft.server.watch.timeout = 10s (default)
2019-09-19 09:55:02,293 [1b5ff12b-3718-456a-861a-fb86d4c76eb2:group-7D0C4DF6C17E:LeaderElection7] INFO  server.RaftServerConfigKeys (ConfUtils.java:logGet(43)) - raft.server.watch.timeout.denomination = 1s (default)
2019-09-19 09:55:02,294 [1b5ff12b-3718-456a-861a-fb86d4c76eb2:group-7D0C4DF6C17E:LeaderElection7] INFO  server.RaftServerConfigKeys (ConfUtils.java:logGet(43)) - raft.server.watch.element-limit = 65536 (default)
2019-09-19 09:55:02,294 [1b5ff12b-3718-456a-861a-fb86d4c76eb2:group-7D0C4DF6C17E:LeaderElection7] INFO  impl.RoleInfo (RoleInfo.java:updateAndGet(143)) - 1b5ff12b-3718-456a-861a-fb86d4c76eb2: start LeaderState
2019-09-19 09:55:02,294 [1b5ff12b-3718-456a-861a-fb86d4c76eb2:group-7D0C4DF6C17E:LeaderElection7] INFO  segmented.SegmentedRaftLogWorker (SegmentedRaftLogWorker.java:startLogSegment(380)) - 1b5ff12b-3718-456a-861a-fb86d4c76eb2-SegmentedRaftLogWorker:Storage Directory /workdir/hadoop-ozone/tools/target/test-dir/MiniOzoneClusterImpl-8d91f153-b4bc-4240-a6a0-161ba1782059/datanode-1/data/ratis/820522a3-b4bb-4ae4-8141-7d0c4df6c17e: Starting segment from index:0
2019-09-19 09:55:02,295 [1b5ff12b-3718-456a-861a-fb86d4c76eb2:group-7D0C4DF6C17E:LeaderElection7] INFO  impl.RaftServerImpl (ServerState.java:setRaftConf(361)) - 1b5ff12b-3718-456a-861a-fb86d4c76eb2:group-7D0C4DF6C17E set configuration 0: [1b5ff12b-3718-456a-861a-fb86d4c76eb2:192.168.34.5:39244], old=null at 0
2019-09-19 09:55:02,327 [1b5ff12b-3718-456a-861a-fb86d4c76eb2-SegmentedRaftLogWorker:Storage Directory /workdir/hadoop-ozone/tools/target/test-dir/MiniOzoneClusterImpl-8d91f153-b4bc-4240-a6a0-161ba1782059/datanode-1/data/ratis/04677746-7392-480b-8151-de5d8876163f] INFO  segmented.SegmentedRaftLogWorker (SegmentedRaftLogWorker.java:execute(569)) - 1b5ff12b-3718-456a-861a-fb86d4c76eb2-SegmentedRaftLogWorker:Storage Directory /workdir/hadoop-ozone/tools/target/test-dir/MiniOzoneClusterImpl-8d91f153-b4bc-4240-a6a0-161ba1782059/datanode-1/data/ratis/04677746-7392-480b-8151-de5d8876163f: created new log segment /workdir/hadoop-ozone/tools/target/test-dir/MiniOzoneClusterImpl-8d91f153-b4bc-4240-a6a0-161ba1782059/datanode-1/data/ratis/04677746-7392-480b-8151-de5d8876163f/current/log_inprogress_0
2019-09-19 09:55:02,328 [Thread-202] INFO  impl.FollowerState (FollowerState.java:run(106)) - dea0a289-bbd2-4f4b-bbf8-a17c24855de6:group-D45323E00675 changes to CANDIDATE, lastRpcTime:5077, electionTimeout:5077ms
2019-09-19 09:55:02,328 [Thread-202] INFO  impl.RoleInfo (RoleInfo.java:shutdownFollowerState(121)) - dea0a289-bbd2-4f4b-bbf8-a17c24855de6: shutdown FollowerState
2019-09-19 09:55:02,328 [Thread-202] INFO  impl.RaftServerImpl (RaftServerImpl.java:setRole(171)) - dea0a289-bbd2-4f4b-bbf8-a17c24855de6:group-D45323E00675 changes role from FOLLOWER to CANDIDATE at term 0 for changeToCandidate
2019-09-19 09:55:02,328 [Thread-202] INFO  impl.RoleInfo (RoleInfo.java:updateAndGet(143)) - dea0a289-bbd2-4f4b-bbf8-a17c24855de6: start LeaderElection
2019-09-19 09:55:02,339 [1b5ff12b-3718-456a-861a-fb86d4c76eb2-SegmentedRaftLogWorker:Storage Directory /workdir/hadoop-ozone/tools/target/test-dir/MiniOzoneClusterImpl-8d91f153-b4bc-4240-a6a0-161ba1782059/datanode-1/data/ratis/820522a3-b4bb-4ae4-8141-7d0c4df6c17e] INFO  segmented.SegmentedRaftLogWorker (SegmentedRaftLogWorker.java:execute(569)) - 1b5ff12b-3718-456a-861a-fb86d4c76eb2-SegmentedRaftLogWorker:Storage Directory /workdir/hadoop-ozone/tools/target/test-dir/MiniOzoneClusterImpl-8d91f153-b4bc-4240-a6a0-161ba1782059/datanode-1/data/ratis/820522a3-b4bb-4ae4-8141-7d0c4df6c17e: created new log segment /workdir/hadoop-ozone/tools/target/test-dir/MiniOzoneClusterImpl-8d91f153-b4bc-4240-a6a0-161ba1782059/datanode-1/data/ratis/820522a3-b4bb-4ae4-8141-7d0c4df6c17e/current/log_inprogress_0
2019-09-19 09:55:02,341 [dea0a289-bbd2-4f4b-bbf8-a17c24855de6:group-D45323E00675:LeaderElection8] INFO  impl.LeaderElection (LeaderElection.java:askForVotes(181)) - dea0a289-bbd2-4f4b-bbf8-a17c24855de6:group-D45323E00675:LeaderElection8: begin an election at term 1 for -1: [dea0a289-bbd2-4f4b-bbf8-a17c24855de6:192.168.34.5:44749], old=null
2019-09-19 09:55:02,341 [dea0a289-bbd2-4f4b-bbf8-a17c24855de6:group-D45323E00675:LeaderElection8] INFO  impl.RoleInfo (RoleInfo.java:shutdownLeaderElection(134)) - dea0a289-bbd2-4f4b-bbf8-a17c24855de6: shutdown LeaderElection
2019-09-19 09:55:02,341 [dea0a289-bbd2-4f4b-bbf8-a17c24855de6:group-D45323E00675:LeaderElection8] INFO  impl.RaftServerImpl (RaftServerImpl.java:setRole(171)) - dea0a289-bbd2-4f4b-bbf8-a17c24855de6:group-D45323E00675 changes role from CANDIDATE to LEADER at term 1 for changeToLeader
2019-09-19 09:55:02,341 [dea0a289-bbd2-4f4b-bbf8-a17c24855de6:group-D45323E00675:LeaderElection8] INFO  impl.RaftServerImpl (ServerState.java:setLeader(263)) - dea0a289-bbd2-4f4b-bbf8-a17c24855de6:group-D45323E00675 change Leader from null to dea0a289-bbd2-4f4b-bbf8-a17c24855de6 at term 1 for becomeLeader, leader elected after 5095ms
2019-09-19 09:55:02,342 [dea0a289-bbd2-4f4b-bbf8-a17c24855de6:group-D45323E00675:LeaderElection8] INFO  server.RaftServerConfigKeys (ConfUtils.java:logGet(43)) - raft.server.staging.catchup.gap = 1000 (default)
2019-09-19 09:55:02,342 [dea0a289-bbd2-4f4b-bbf8-a17c24855de6:group-D45323E00675:LeaderElection8] INFO  server.RaftServerConfigKeys (ConfUtils.java:logGet(43)) - raft.server.rpc.sleep.time = 25ms (default)
2019-09-19 09:55:02,342 [dea0a289-bbd2-4f4b-bbf8-a17c24855de6:group-D45323E00675:LeaderElection8] INFO  server.RaftServerConfigKeys (ConfUtils.java:logGet(43)) - raft.server.write.element-limit = 4096 (default)
2019-09-19 09:55:02,342 [dea0a289-bbd2-4f4b-bbf8-a17c24855de6:group-D45323E00675:LeaderElection8] INFO  server.RaftServerConfigKeys (ConfUtils.java:logGet(43)) - raft.server.watch.timeout = 10s (default)
2019-09-19 09:55:02,342 [dea0a289-bbd2-4f4b-bbf8-a17c24855de6:group-D45323E00675:LeaderElection8] INFO  server.RaftServerConfigKeys (ConfUtils.java:logGet(43)) - raft.server.watch.timeout.denomination = 1s (default)
2019-09-19 09:55:02,343 [dea0a289-bbd2-4f4b-bbf8-a17c24855de6:group-D45323E00675:LeaderElection8] INFO  server.RaftServerConfigKeys (ConfUtils.java:logGet(43)) - raft.server.watch.element-limit = 65536 (default)
2019-09-19 09:55:02,343 [dea0a289-bbd2-4f4b-bbf8-a17c24855de6:group-D45323E00675:LeaderElection8] INFO  impl.RoleInfo (RoleInfo.java:updateAndGet(143)) - dea0a289-bbd2-4f4b-bbf8-a17c24855de6: start LeaderState
2019-09-19 09:55:02,343 [dea0a289-bbd2-4f4b-bbf8-a17c24855de6:group-D45323E00675:LeaderElection8] INFO  segmented.SegmentedRaftLogWorker (SegmentedRaftLogWorker.java:startLogSegment(380)) - dea0a289-bbd2-4f4b-bbf8-a17c24855de6-SegmentedRaftLogWorker:Storage Directory /workdir/hadoop-ozone/tools/target/test-dir/MiniOzoneClusterImpl-8d91f153-b4bc-4240-a6a0-161ba1782059/datanode-2/data/ratis/da2829ec-4414-4121-b7b3-d45323e00675: Starting segment from index:0
2019-09-19 09:55:02,345 [dea0a289-bbd2-4f4b-bbf8-a17c24855de6:group-D45323E00675:LeaderElection8] INFO  impl.RaftServerImpl (ServerState.java:setRaftConf(361)) - dea0a289-bbd2-4f4b-bbf8-a17c24855de6:group-D45323E00675 set configuration 0: [dea0a289-bbd2-4f4b-bbf8-a17c24855de6:192.168.34.5:44749], old=null at 0
 0.00% |█                                                                                                    |  0/1 Time: 0:00:052019-09-19 09:55:02,381 | INFO  | SCMAudit | user=jenkins1000 | ip=192.168.34.5 | op=SEND_HEARTBEAT {datanodeUUID=90096b95-6771-4ecf-aa77-70b7217912db, command=[]} | ret=SUCCESS |  
2019-09-19 09:55:02,388 [dea0a289-bbd2-4f4b-bbf8-a17c24855de6-SegmentedRaftLogWorker:Storage Directory /workdir/hadoop-ozone/tools/target/test-dir/MiniOzoneClusterImpl-8d91f153-b4bc-4240-a6a0-161ba1782059/datanode-2/data/ratis/da2829ec-4414-4121-b7b3-d45323e00675] INFO  segmented.SegmentedRaftLogWorker (SegmentedRaftLogWorker.java:execute(569)) - dea0a289-bbd2-4f4b-bbf8-a17c24855de6-SegmentedRaftLogWorker:Storage Directory /workdir/hadoop-ozone/tools/target/test-dir/MiniOzoneClusterImpl-8d91f153-b4bc-4240-a6a0-161ba1782059/datanode-2/data/ratis/da2829ec-4414-4121-b7b3-d45323e00675: created new log segment /workdir/hadoop-ozone/tools/target/test-dir/MiniOzoneClusterImpl-8d91f153-b4bc-4240-a6a0-161ba1782059/datanode-2/data/ratis/da2829ec-4414-4121-b7b3-d45323e00675/current/log_inprogress_0
2019-09-19 09:55:02,414 [Thread-205] INFO  impl.FollowerState (FollowerState.java:run(106)) - dea0a289-bbd2-4f4b-bbf8-a17c24855de6:group-1999D85383BE changes to CANDIDATE, lastRpcTime:5088, electionTimeout:5088ms
2019-09-19 09:55:02,414 [Thread-205] INFO  impl.RoleInfo (RoleInfo.java:shutdownFollowerState(121)) - dea0a289-bbd2-4f4b-bbf8-a17c24855de6: shutdown FollowerState
2019-09-19 09:55:02,414 [Thread-205] INFO  impl.RaftServerImpl (RaftServerImpl.java:setRole(171)) - dea0a289-bbd2-4f4b-bbf8-a17c24855de6:group-1999D85383BE changes role from FOLLOWER to CANDIDATE at term 0 for changeToCandidate
2019-09-19 09:55:02,414 [Thread-205] INFO  impl.RoleInfo (RoleInfo.java:updateAndGet(143)) - dea0a289-bbd2-4f4b-bbf8-a17c24855de6: start LeaderElection
2019-09-19 09:55:02,420 [Thread-212] INFO  impl.FollowerState (FollowerState.java:run(106)) - 1b5ff12b-3718-456a-861a-fb86d4c76eb2:group-B6744ECECE68 changes to CANDIDATE, lastRpcTime:5011, electionTimeout:5011ms
2019-09-19 09:55:02,421 [Thread-212] INFO  impl.RoleInfo (RoleInfo.java:shutdownFollowerState(121)) - 1b5ff12b-3718-456a-861a-fb86d4c76eb2: shutdown FollowerState
2019-09-19 09:55:02,421 [Thread-212] INFO  impl.RaftServerImpl (RaftServerImpl.java:setRole(171)) - 1b5ff12b-3718-456a-861a-fb86d4c76eb2:group-B6744ECECE68 changes role from FOLLOWER to CANDIDATE at term 0 for changeToCandidate
2019-09-19 09:55:02,422 [Thread-212] INFO  impl.RoleInfo (RoleInfo.java:updateAndGet(143)) - 1b5ff12b-3718-456a-861a-fb86d4c76eb2: start LeaderElection
2019-09-19 09:55:02,442 [dea0a289-bbd2-4f4b-bbf8-a17c24855de6:group-1999D85383BE:LeaderElection9] INFO  impl.LeaderElection (LeaderElection.java:askForVotes(181)) - dea0a289-bbd2-4f4b-bbf8-a17c24855de6:group-1999D85383BE:LeaderElection9: begin an election at term 1 for -1: [dea0a289-bbd2-4f4b-bbf8-a17c24855de6:192.168.34.5:44749], old=null
2019-09-19 09:55:02,442 [1b5ff12b-3718-456a-861a-fb86d4c76eb2:group-B6744ECECE68:LeaderElection10] INFO  impl.LeaderElection (LeaderElection.java:askForVotes(181)) - 1b5ff12b-3718-456a-861a-fb86d4c76eb2:group-B6744ECECE68:LeaderElection10: begin an election at term 1 for -1: [1b5ff12b-3718-456a-861a-fb86d4c76eb2:192.168.34.5:39244], old=null
2019-09-19 09:55:02,442 [dea0a289-bbd2-4f4b-bbf8-a17c24855de6:group-1999D85383BE:LeaderElection9] INFO  impl.RoleInfo (RoleInfo.java:shutdownLeaderElection(134)) - dea0a289-bbd2-4f4b-bbf8-a17c24855de6: shutdown LeaderElection
2019-09-19 09:55:02,442 [1b5ff12b-3718-456a-861a-fb86d4c76eb2:group-B6744ECECE68:LeaderElection10] INFO  impl.RoleInfo (RoleInfo.java:shutdownLeaderElection(134)) - 1b5ff12b-3718-456a-861a-fb86d4c76eb2: shutdown LeaderElection
2019-09-19 09:55:02,442 [dea0a289-bbd2-4f4b-bbf8-a17c24855de6:group-1999D85383BE:LeaderElection9] INFO  impl.RaftServerImpl (RaftServerImpl.java:setRole(171)) - dea0a289-bbd2-4f4b-bbf8-a17c24855de6:group-1999D85383BE changes role from CANDIDATE to LEADER at term 1 for changeToLeader
2019-09-19 09:55:02,442 [1b5ff12b-3718-456a-861a-fb86d4c76eb2:group-B6744ECECE68:LeaderElection10] INFO  impl.RaftServerImpl (RaftServerImpl.java:setRole(171)) - 1b5ff12b-3718-456a-861a-fb86d4c76eb2:group-B6744ECECE68 changes role from CANDIDATE to LEADER at term 1 for changeToLeader
2019-09-19 09:55:02,443 [dea0a289-bbd2-4f4b-bbf8-a17c24855de6:group-1999D85383BE:LeaderElection9] INFO  impl.RaftServerImpl (ServerState.java:setLeader(263)) - dea0a289-bbd2-4f4b-bbf8-a17c24855de6:group-1999D85383BE change Leader from null to dea0a289-bbd2-4f4b-bbf8-a17c24855de6 at term 1 for becomeLeader, leader elected after 5123ms
2019-09-19 09:55:02,443 [1b5ff12b-3718-456a-861a-fb86d4c76eb2:group-B6744ECECE68:LeaderElection10] INFO  impl.RaftServerImpl (ServerState.java:setLeader(263)) - 1b5ff12b-3718-456a-861a-fb86d4c76eb2:group-B6744ECECE68 change Leader from null to 1b5ff12b-3718-456a-861a-fb86d4c76eb2 at term 1 for becomeLeader, leader elected after 5039ms
2019-09-19 09:55:02,443 [dea0a289-bbd2-4f4b-bbf8-a17c24855de6:group-1999D85383BE:LeaderElection9] INFO  server.RaftServerConfigKeys (ConfUtils.java:logGet(43)) - raft.server.staging.catchup.gap = 1000 (default)
2019-09-19 09:55:02,443 [1b5ff12b-3718-456a-861a-fb86d4c76eb2:group-B6744ECECE68:LeaderElection10] INFO  server.RaftServerConfigKeys (ConfUtils.java:logGet(43)) - raft.server.staging.catchup.gap = 1000 (default)
2019-09-19 09:55:02,443 [dea0a289-bbd2-4f4b-bbf8-a17c24855de6:group-1999D85383BE:LeaderElection9] INFO  server.RaftServerConfigKeys (ConfUtils.java:logGet(43)) - raft.server.rpc.sleep.time = 25ms (default)
2019-09-19 09:55:02,443 [1b5ff12b-3718-456a-861a-fb86d4c76eb2:group-B6744ECECE68:LeaderElection10] INFO  server.RaftServerConfigKeys (ConfUtils.java:logGet(43)) - raft.server.rpc.sleep.time = 25ms (default)
2019-09-19 09:55:02,444 [dea0a289-bbd2-4f4b-bbf8-a17c24855de6:group-1999D85383BE:LeaderElection9] INFO  server.RaftServerConfigKeys (ConfUtils.java:logGet(43)) - raft.server.write.element-limit = 4096 (default)
2019-09-19 09:55:02,444 [1b5ff12b-3718-456a-861a-fb86d4c76eb2:group-B6744ECECE68:LeaderElection10] INFO  server.RaftServerConfigKeys (ConfUtils.java:logGet(43)) - raft.server.write.element-limit = 4096 (default)
2019-09-19 09:55:02,444 [dea0a289-bbd2-4f4b-bbf8-a17c24855de6:group-1999D85383BE:LeaderElection9] INFO  server.RaftServerConfigKeys (ConfUtils.java:logGet(43)) - raft.server.watch.timeout = 10s (default)
2019-09-19 09:55:02,444 [1b5ff12b-3718-456a-861a-fb86d4c76eb2:group-B6744ECECE68:LeaderElection10] INFO  server.RaftServerConfigKeys (ConfUtils.java:logGet(43)) - raft.server.watch.timeout = 10s (default)
2019-09-19 09:55:02,444 [dea0a289-bbd2-4f4b-bbf8-a17c24855de6:group-1999D85383BE:LeaderElection9] INFO  server.RaftServerConfigKeys (ConfUtils.java:logGet(43)) - raft.server.watch.timeout.denomination = 1s (default)
2019-09-19 09:55:02,444 [1b5ff12b-3718-456a-861a-fb86d4c76eb2:group-B6744ECECE68:LeaderElection10] INFO  server.RaftServerConfigKeys (ConfUtils.java:logGet(43)) - raft.server.watch.timeout.denomination = 1s (default)
2019-09-19 09:55:02,445 [dea0a289-bbd2-4f4b-bbf8-a17c24855de6:group-1999D85383BE:LeaderElection9] INFO  server.RaftServerConfigKeys (ConfUtils.java:logGet(43)) - raft.server.watch.element-limit = 65536 (default)
2019-09-19 09:55:02,445 [1b5ff12b-3718-456a-861a-fb86d4c76eb2:group-B6744ECECE68:LeaderElection10] INFO  server.RaftServerConfigKeys (ConfUtils.java:logGet(43)) - raft.server.watch.element-limit = 65536 (default)
2019-09-19 09:55:02,445 [dea0a289-bbd2-4f4b-bbf8-a17c24855de6:group-1999D85383BE:LeaderElection9] INFO  impl.RoleInfo (RoleInfo.java:updateAndGet(143)) - dea0a289-bbd2-4f4b-bbf8-a17c24855de6: start LeaderState
2019-09-19 09:55:02,445 [1b5ff12b-3718-456a-861a-fb86d4c76eb2:group-B6744ECECE68:LeaderElection10] INFO  impl.RoleInfo (RoleInfo.java:updateAndGet(143)) - 1b5ff12b-3718-456a-861a-fb86d4c76eb2: start LeaderState
2019-09-19 09:55:02,445 [dea0a289-bbd2-4f4b-bbf8-a17c24855de6:group-1999D85383BE:LeaderElection9] INFO  segmented.SegmentedRaftLogWorker (SegmentedRaftLogWorker.java:startLogSegment(380)) - dea0a289-bbd2-4f4b-bbf8-a17c24855de6-SegmentedRaftLogWorker:Storage Directory /workdir/hadoop-ozone/tools/target/test-dir/MiniOzoneClusterImpl-8d91f153-b4bc-4240-a6a0-161ba1782059/datanode-2/data/ratis/9c8a2599-3f27-460d-9bad-1999d85383be: Starting segment from index:0
2019-09-19 09:55:02,445 [1b5ff12b-3718-456a-861a-fb86d4c76eb2:group-B6744ECECE68:LeaderElection10] INFO  segmented.SegmentedRaftLogWorker (SegmentedRaftLogWorker.java:startLogSegment(380)) - 1b5ff12b-3718-456a-861a-fb86d4c76eb2-SegmentedRaftLogWorker:Storage Directory /workdir/hadoop-ozone/tools/target/test-dir/MiniOzoneClusterImpl-8d91f153-b4bc-4240-a6a0-161ba1782059/datanode-1/data/ratis/f40e1d1c-70ff-439b-bd5e-b6744ecece68: Starting segment from index:0
2019-09-19 09:55:02,446 [dea0a289-bbd2-4f4b-bbf8-a17c24855de6:group-1999D85383BE:LeaderElection9] INFO  impl.RaftServerImpl (ServerState.java:setRaftConf(361)) - dea0a289-bbd2-4f4b-bbf8-a17c24855de6:group-1999D85383BE set configuration 0: [dea0a289-bbd2-4f4b-bbf8-a17c24855de6:192.168.34.5:44749], old=null at 0
2019-09-19 09:55:02,446 [1b5ff12b-3718-456a-861a-fb86d4c76eb2:group-B6744ECECE68:LeaderElection10] INFO  impl.RaftServerImpl (ServerState.java:setRaftConf(361)) - 1b5ff12b-3718-456a-861a-fb86d4c76eb2:group-B6744ECECE68 set configuration 0: [1b5ff12b-3718-456a-861a-fb86d4c76eb2:192.168.34.5:39244], old=null at 0
2019-09-19 09:55:02,497 [1b5ff12b-3718-456a-861a-fb86d4c76eb2-SegmentedRaftLogWorker:Storage Directory /workdir/hadoop-ozone/tools/target/test-dir/MiniOzoneClusterImpl-8d91f153-b4bc-4240-a6a0-161ba1782059/datanode-1/data/ratis/f40e1d1c-70ff-439b-bd5e-b6744ecece68] INFO  segmented.SegmentedRaftLogWorker (SegmentedRaftLogWorker.java:execute(569)) - 1b5ff12b-3718-456a-861a-fb86d4c76eb2-SegmentedRaftLogWorker:Storage Directory /workdir/hadoop-ozone/tools/target/test-dir/MiniOzoneClusterImpl-8d91f153-b4bc-4240-a6a0-161ba1782059/datanode-1/data/ratis/f40e1d1c-70ff-439b-bd5e-b6744ecece68: created new log segment /workdir/hadoop-ozone/tools/target/test-dir/MiniOzoneClusterImpl-8d91f153-b4bc-4240-a6a0-161ba1782059/datanode-1/data/ratis/f40e1d1c-70ff-439b-bd5e-b6744ecece68/current/log_inprogress_0
2019-09-19 09:55:02,497 [dea0a289-bbd2-4f4b-bbf8-a17c24855de6-SegmentedRaftLogWorker:Storage Directory /workdir/hadoop-ozone/tools/target/test-dir/MiniOzoneClusterImpl-8d91f153-b4bc-4240-a6a0-161ba1782059/datanode-2/data/ratis/9c8a2599-3f27-460d-9bad-1999d85383be] INFO  segmented.SegmentedRaftLogWorker (SegmentedRaftLogWorker.java:execute(569)) - dea0a289-bbd2-4f4b-bbf8-a17c24855de6-SegmentedRaftLogWorker:Storage Directory /workdir/hadoop-ozone/tools/target/test-dir/MiniOzoneClusterImpl-8d91f153-b4bc-4240-a6a0-161ba1782059/datanode-2/data/ratis/9c8a2599-3f27-460d-9bad-1999d85383be: created new log segment /workdir/hadoop-ozone/tools/target/test-dir/MiniOzoneClusterImpl-8d91f153-b4bc-4240-a6a0-161ba1782059/datanode-2/data/ratis/9c8a2599-3f27-460d-9bad-1999d85383be/current/log_inprogress_0
2019-09-19 09:55:02,599 | INFO  | SCMAudit | user=jenkins1000 | ip=192.168.34.5 | op=SEND_HEARTBEAT {datanodeUUID=1b5ff12b-3718-456a-861a-fb86d4c76eb2, command=[]} | ret=SUCCESS |  
2019-09-19 09:55:02,620 [Thread-218] INFO  impl.FollowerState (FollowerState.java:run(106)) - 1b5ff12b-3718-456a-861a-fb86d4c76eb2:group-B1E82ACBC042 changes to CANDIDATE, lastRpcTime:5094, electionTimeout:5094ms
2019-09-19 09:55:02,621 [Thread-218] INFO  impl.RoleInfo (RoleInfo.java:shutdownFollowerState(121)) - 1b5ff12b-3718-456a-861a-fb86d4c76eb2: shutdown FollowerState
2019-09-19 09:55:02,622 [Thread-218] INFO  impl.RaftServerImpl (RaftServerImpl.java:setRole(171)) - 1b5ff12b-3718-456a-861a-fb86d4c76eb2:group-B1E82ACBC042 changes role from FOLLOWER to CANDIDATE at term 0 for changeToCandidate
2019-09-19 09:55:02,622 [Thread-218] INFO  impl.RoleInfo (RoleInfo.java:updateAndGet(143)) - 1b5ff12b-3718-456a-861a-fb86d4c76eb2: start LeaderElection
2019-09-19 09:55:02,626 [Thread-221] INFO  impl.FollowerState (FollowerState.java:run(106)) - 1b5ff12b-3718-456a-861a-fb86d4c76eb2:group-58E18930D9FC changes to CANDIDATE, lastRpcTime:5047, electionTimeout:5045ms
2019-09-19 09:55:02,627 [Thread-215] INFO  impl.FollowerState (FollowerState.java:run(106)) - dea0a289-bbd2-4f4b-bbf8-a17c24855de6:group-89B1599D0C80 changes to CANDIDATE, lastRpcTime:5157, electionTimeout:5156ms
2019-09-19 09:55:02,627 [Thread-221] INFO  impl.RoleInfo (RoleInfo.java:shutdownFollowerState(121)) - 1b5ff12b-3718-456a-861a-fb86d4c76eb2: shutdown FollowerState
2019-09-19 09:55:02,627 [Thread-215] INFO  impl.RoleInfo (RoleInfo.java:shutdownFollowerState(121)) - dea0a289-bbd2-4f4b-bbf8-a17c24855de6: shutdown FollowerState
2019-09-19 09:55:02,627 [Thread-221] INFO  impl.RaftServerImpl (RaftServerImpl.java:setRole(171)) - 1b5ff12b-3718-456a-861a-fb86d4c76eb2:group-58E18930D9FC changes role from FOLLOWER to CANDIDATE at term 0 for changeToCandidate
2019-09-19 09:55:02,627 [Thread-215] INFO  impl.RaftServerImpl (RaftServerImpl.java:setRole(171)) - dea0a289-bbd2-4f4b-bbf8-a17c24855de6:group-89B1599D0C80 changes role from FOLLOWER to CANDIDATE at term 0 for changeToCandidate
2019-09-19 09:55:02,628 [Thread-221] INFO  impl.RoleInfo (RoleInfo.java:updateAndGet(143)) - 1b5ff12b-3718-456a-861a-fb86d4c76eb2: start LeaderElection
2019-09-19 09:55:02,628 [Thread-215] INFO  impl.RoleInfo (RoleInfo.java:updateAndGet(143)) - dea0a289-bbd2-4f4b-bbf8-a17c24855de6: start LeaderElection
2019-09-19 09:55:02,652 [1b5ff12b-3718-456a-861a-fb86d4c76eb2:group-B1E82ACBC042:LeaderElection11] INFO  impl.LeaderElection (LeaderElection.java:askForVotes(181)) - 1b5ff12b-3718-456a-861a-fb86d4c76eb2:group-B1E82ACBC042:LeaderElection11: begin an election at term 1 for -1: [1b5ff12b-3718-456a-861a-fb86d4c76eb2:192.168.34.5:39244], old=null
2019-09-19 09:55:02,652 [dea0a289-bbd2-4f4b-bbf8-a17c24855de6:group-89B1599D0C80:LeaderElection13] INFO  impl.LeaderElection (LeaderElection.java:askForVotes(181)) - dea0a289-bbd2-4f4b-bbf8-a17c24855de6:group-89B1599D0C80:LeaderElection13: begin an election at term 1 for -1: [dea0a289-bbd2-4f4b-bbf8-a17c24855de6:192.168.34.5:44749], old=null
2019-09-19 09:55:02,652 [1b5ff12b-3718-456a-861a-fb86d4c76eb2:group-58E18930D9FC:LeaderElection12] INFO  impl.LeaderElection (LeaderElection.java:askForVotes(181)) - 1b5ff12b-3718-456a-861a-fb86d4c76eb2:group-58E18930D9FC:LeaderElection12: begin an election at term 1 for -1: [1b5ff12b-3718-456a-861a-fb86d4c76eb2:192.168.34.5:39244], old=null
2019-09-19 09:55:02,653 [dea0a289-bbd2-4f4b-bbf8-a17c24855de6:group-89B1599D0C80:LeaderElection13] INFO  impl.RoleInfo (RoleInfo.java:shutdownLeaderElection(134)) - dea0a289-bbd2-4f4b-bbf8-a17c24855de6: shutdown LeaderElection
2019-09-19 09:55:02,653 [1b5ff12b-3718-456a-861a-fb86d4c76eb2:group-B1E82ACBC042:LeaderElection11] INFO  impl.RoleInfo (RoleInfo.java:shutdownLeaderElection(134)) - 1b5ff12b-3718-456a-861a-fb86d4c76eb2: shutdown LeaderElection
2019-09-19 09:55:02,653 [dea0a289-bbd2-4f4b-bbf8-a17c24855de6:group-89B1599D0C80:LeaderElection13] INFO  impl.RaftServerImpl (RaftServerImpl.java:setRole(171)) - dea0a289-bbd2-4f4b-bbf8-a17c24855de6:group-89B1599D0C80 changes role from CANDIDATE to LEADER at term 1 for changeToLeader
2019-09-19 09:55:02,653 [1b5ff12b-3718-456a-861a-fb86d4c76eb2:group-58E18930D9FC:LeaderElection12] INFO  impl.RoleInfo (RoleInfo.java:shutdownLeaderElection(134)) - 1b5ff12b-3718-456a-861a-fb86d4c76eb2: shutdown LeaderElection
2019-09-19 09:55:02,653 [dea0a289-bbd2-4f4b-bbf8-a17c24855de6:group-89B1599D0C80:LeaderElection13] INFO  impl.RaftServerImpl (ServerState.java:setLeader(263)) - dea0a289-bbd2-4f4b-bbf8-a17c24855de6:group-89B1599D0C80 change Leader from null to dea0a289-bbd2-4f4b-bbf8-a17c24855de6 at term 1 for becomeLeader, leader elected after 5189ms
2019-09-19 09:55:02,653 [1b5ff12b-3718-456a-861a-fb86d4c76eb2:group-B1E82ACBC042:LeaderElection11] INFO  impl.RaftServerImpl (RaftServerImpl.java:setRole(171)) - 1b5ff12b-3718-456a-861a-fb86d4c76eb2:group-B1E82ACBC042 changes role from CANDIDATE to LEADER at term 1 for changeToLeader
2019-09-19 09:55:02,654 [dea0a289-bbd2-4f4b-bbf8-a17c24855de6:group-89B1599D0C80:LeaderElection13] INFO  server.RaftServerConfigKeys (ConfUtils.java:logGet(43)) - raft.server.staging.catchup.gap = 1000 (default)
2019-09-19 09:55:02,654 [1b5ff12b-3718-456a-861a-fb86d4c76eb2:group-58E18930D9FC:LeaderElection12] INFO  impl.RaftServerImpl (RaftServerImpl.java:setRole(171)) - 1b5ff12b-3718-456a-861a-fb86d4c76eb2:group-58E18930D9FC changes role from CANDIDATE to LEADER at term 1 for changeToLeader
2019-09-19 09:55:02,654 [dea0a289-bbd2-4f4b-bbf8-a17c24855de6:group-89B1599D0C80:LeaderElection13] INFO  server.RaftServerConfigKeys (ConfUtils.java:logGet(43)) - raft.server.rpc.sleep.time = 25ms (default)
2019-09-19 09:55:02,654 [1b5ff12b-3718-456a-861a-fb86d4c76eb2:group-B1E82ACBC042:LeaderElection11] INFO  impl.RaftServerImpl (ServerState.java:setLeader(263)) - 1b5ff12b-3718-456a-861a-fb86d4c76eb2:group-B1E82ACBC042 change Leader from null to 1b5ff12b-3718-456a-861a-fb86d4c76eb2 at term 1 for becomeLeader, leader elected after 5131ms
2019-09-19 09:55:02,654 [1b5ff12b-3718-456a-861a-fb86d4c76eb2:group-58E18930D9FC:LeaderElection12] INFO  impl.RaftServerImpl (ServerState.java:setLeader(263)) - 1b5ff12b-3718-456a-861a-fb86d4c76eb2:group-58E18930D9FC change Leader from null to 1b5ff12b-3718-456a-861a-fb86d4c76eb2 at term 1 for becomeLeader, leader elected after 5079ms
2019-09-19 09:55:02,655 [1b5ff12b-3718-456a-861a-fb86d4c76eb2:group-B1E82ACBC042:LeaderElection11] INFO  server.RaftServerConfigKeys (ConfUtils.java:logGet(43)) - raft.server.staging.catchup.gap = 1000 (default)
2019-09-19 09:55:02,655 [1b5ff12b-3718-456a-861a-fb86d4c76eb2:group-58E18930D9FC:LeaderElection12] INFO  server.RaftServerConfigKeys (ConfUtils.java:logGet(43)) - raft.server.staging.catchup.gap = 1000 (default)
2019-09-19 09:55:02,654 [dea0a289-bbd2-4f4b-bbf8-a17c24855de6:group-89B1599D0C80:LeaderElection13] INFO  server.RaftServerConfigKeys (ConfUtils.java:logGet(43)) - raft.server.write.element-limit = 4096 (default)
2019-09-19 09:55:02,655 [1b5ff12b-3718-456a-861a-fb86d4c76eb2:group-58E18930D9FC:LeaderElection12] INFO  server.RaftServerConfigKeys (ConfUtils.java:logGet(43)) - raft.server.rpc.sleep.time = 25ms (default)
2019-09-19 09:55:02,655 [1b5ff12b-3718-456a-861a-fb86d4c76eb2:group-B1E82ACBC042:LeaderElection11] INFO  server.RaftServerConfigKeys (ConfUtils.java:logGet(43)) - raft.server.rpc.sleep.time = 25ms (default)
2019-09-19 09:55:02,655 [dea0a289-bbd2-4f4b-bbf8-a17c24855de6:group-89B1599D0C80:LeaderElection13] INFO  server.RaftServerConfigKeys (ConfUtils.java:logGet(43)) - raft.server.watch.timeout = 10s (default)
2019-09-19 09:55:02,656 [1b5ff12b-3718-456a-861a-fb86d4c76eb2:group-B1E82ACBC042:LeaderElection11] INFO  server.RaftServerConfigKeys (ConfUtils.java:logGet(43)) - raft.server.write.element-limit = 4096 (default)
2019-09-19 09:55:02,655 [1b5ff12b-3718-456a-861a-fb86d4c76eb2:group-58E18930D9FC:LeaderElection12] INFO  server.RaftServerConfigKeys (ConfUtils.java:logGet(43)) - raft.server.write.element-limit = 4096 (default)
2019-09-19 09:55:02,656 [1b5ff12b-3718-456a-861a-fb86d4c76eb2:group-B1E82ACBC042:LeaderElection11] INFO  server.RaftServerConfigKeys (ConfUtils.java:logGet(43)) - raft.server.watch.timeout = 10s (default)
2019-09-19 09:55:02,656 [dea0a289-bbd2-4f4b-bbf8-a17c24855de6:group-89B1599D0C80:LeaderElection13] INFO  server.RaftServerConfigKeys (ConfUtils.java:logGet(43)) - raft.server.watch.timeout.denomination = 1s (default)
2019-09-19 09:55:02,656 [1b5ff12b-3718-456a-861a-fb86d4c76eb2:group-B1E82ACBC042:LeaderElection11] INFO  server.RaftServerConfigKeys (ConfUtils.java:logGet(43)) - raft.server.watch.timeout.denomination = 1s (default)
2019-09-19 09:55:02,656 [1b5ff12b-3718-456a-861a-fb86d4c76eb2:group-58E18930D9FC:LeaderElection12] INFO  server.RaftServerConfigKeys (ConfUtils.java:logGet(43)) - raft.server.watch.timeout = 10s (default)
2019-09-19 09:55:02,656 [1b5ff12b-3718-456a-861a-fb86d4c76eb2:group-B1E82ACBC042:LeaderElection11] INFO  server.RaftServerConfigKeys (ConfUtils.java:logGet(43)) - raft.server.watch.element-limit = 65536 (default)
2019-09-19 09:55:02,656 [dea0a289-bbd2-4f4b-bbf8-a17c24855de6:group-89B1599D0C80:LeaderElection13] INFO  server.RaftServerConfigKeys (ConfUtils.java:logGet(43)) - raft.server.watch.element-limit = 65536 (default)
2019-09-19 09:55:02,657 [1b5ff12b-3718-456a-861a-fb86d4c76eb2:group-58E18930D9FC:LeaderElection12] INFO  server.RaftServerConfigKeys (ConfUtils.java:logGet(43)) - raft.server.watch.timeout.denomination = 1s (default)
2019-09-19 09:55:02,657 [1b5ff12b-3718-456a-861a-fb86d4c76eb2:group-B1E82ACBC042:LeaderElection11] INFO  impl.RoleInfo (RoleInfo.java:updateAndGet(143)) - 1b5ff12b-3718-456a-861a-fb86d4c76eb2: start LeaderState
2019-09-19 09:55:02,657 [1b5ff12b-3718-456a-861a-fb86d4c76eb2:group-58E18930D9FC:LeaderElection12] INFO  server.RaftServerConfigKeys (ConfUtils.java:logGet(43)) - raft.server.watch.element-limit = 65536 (default)
2019-09-19 09:55:02,657 [dea0a289-bbd2-4f4b-bbf8-a17c24855de6:group-89B1599D0C80:LeaderElection13] INFO  impl.RoleInfo (RoleInfo.java:updateAndGet(143)) - dea0a289-bbd2-4f4b-bbf8-a17c24855de6: start LeaderState
2019-09-19 09:55:02,657 [1b5ff12b-3718-456a-861a-fb86d4c76eb2:group-B1E82ACBC042:LeaderElection11] INFO  segmented.SegmentedRaftLogWorker (SegmentedRaftLogWorker.java:startLogSegment(380)) - 1b5ff12b-3718-456a-861a-fb86d4c76eb2-SegmentedRaftLogWorker:Storage Directory /workdir/hadoop-ozone/tools/target/test-dir/MiniOzoneClusterImpl-8d91f153-b4bc-4240-a6a0-161ba1782059/datanode-1/data/ratis/434b1c57-8842-4ec0-8ef4-b1e82acbc042: Starting segment from index:0
2019-09-19 09:55:02,658 [dea0a289-bbd2-4f4b-bbf8-a17c24855de6:group-89B1599D0C80:LeaderElection13] INFO  segmented.SegmentedRaftLogWorker (SegmentedRaftLogWorker.java:startLogSegment(380)) - dea0a289-bbd2-4f4b-bbf8-a17c24855de6-SegmentedRaftLogWorker:Storage Directory /workdir/hadoop-ozone/tools/target/test-dir/MiniOzoneClusterImpl-8d91f153-b4bc-4240-a6a0-161ba1782059/datanode-2/data/ratis/6f58ea3d-06d8-495a-859b-89b1599d0c80: Starting segment from index:0
2019-09-19 09:55:02,658 [1b5ff12b-3718-456a-861a-fb86d4c76eb2:group-58E18930D9FC:LeaderElection12] INFO  impl.RoleInfo (RoleInfo.java:updateAndGet(143)) - 1b5ff12b-3718-456a-861a-fb86d4c76eb2: start LeaderState
2019-09-19 09:55:02,658 [1b5ff12b-3718-456a-861a-fb86d4c76eb2:group-B1E82ACBC042:LeaderElection11] INFO  impl.RaftServerImpl (ServerState.java:setRaftConf(361)) - 1b5ff12b-3718-456a-861a-fb86d4c76eb2:group-B1E82ACBC042 set configuration 0: [1b5ff12b-3718-456a-861a-fb86d4c76eb2:192.168.34.5:39244], old=null at 0
2019-09-19 09:55:02,658 [1b5ff12b-3718-456a-861a-fb86d4c76eb2:group-58E18930D9FC:LeaderElection12] INFO  segmented.SegmentedRaftLogWorker (SegmentedRaftLogWorker.java:startLogSegment(380)) - 1b5ff12b-3718-456a-861a-fb86d4c76eb2-SegmentedRaftLogWorker:Storage Directory /workdir/hadoop-ozone/tools/target/test-dir/MiniOzoneClusterImpl-8d91f153-b4bc-4240-a6a0-161ba1782059/datanode-1/data/ratis/f4d9d9c3-9a88-4a48-8b72-58e18930d9fc: Starting segment from index:0
2019-09-19 09:55:02,658 [dea0a289-bbd2-4f4b-bbf8-a17c24855de6:group-89B1599D0C80:LeaderElection13] INFO  impl.RaftServerImpl (ServerState.java:setRaftConf(361)) - dea0a289-bbd2-4f4b-bbf8-a17c24855de6:group-89B1599D0C80 set configuration 0: [dea0a289-bbd2-4f4b-bbf8-a17c24855de6:192.168.34.5:44749], old=null at 0
2019-09-19 09:55:02,696 [1b5ff12b-3718-456a-861a-fb86d4c76eb2:group-58E18930D9FC:LeaderElection12] INFO  impl.RaftServerImpl (ServerState.java:setRaftConf(361)) - 1b5ff12b-3718-456a-861a-fb86d4c76eb2:group-58E18930D9FC set configuration 0: [1b5ff12b-3718-456a-861a-fb86d4c76eb2:192.168.34.5:39244], old=null at 0
2019-09-19 09:55:02,726 [1b5ff12b-3718-456a-861a-fb86d4c76eb2-SegmentedRaftLogWorker:Storage Directory /workdir/hadoop-ozone/tools/target/test-dir/MiniOzoneClusterImpl-8d91f153-b4bc-4240-a6a0-161ba1782059/datanode-1/data/ratis/434b1c57-8842-4ec0-8ef4-b1e82acbc042] INFO  segmented.SegmentedRaftLogWorker (SegmentedRaftLogWorker.java:execute(569)) - 1b5ff12b-3718-456a-861a-fb86d4c76eb2-SegmentedRaftLogWorker:Storage Directory /workdir/hadoop-ozone/tools/target/test-dir/MiniOzoneClusterImpl-8d91f153-b4bc-4240-a6a0-161ba1782059/datanode-1/data/ratis/434b1c57-8842-4ec0-8ef4-b1e82acbc042: created new log segment /workdir/hadoop-ozone/tools/target/test-dir/MiniOzoneClusterImpl-8d91f153-b4bc-4240-a6a0-161ba1782059/datanode-1/data/ratis/434b1c57-8842-4ec0-8ef4-b1e82acbc042/current/log_inprogress_0
2019-09-19 09:55:02,726 [dea0a289-bbd2-4f4b-bbf8-a17c24855de6-SegmentedRaftLogWorker:Storage Directory /workdir/hadoop-ozone/tools/target/test-dir/MiniOzoneClusterImpl-8d91f153-b4bc-4240-a6a0-161ba1782059/datanode-2/data/ratis/6f58ea3d-06d8-495a-859b-89b1599d0c80] INFO  segmented.SegmentedRaftLogWorker (SegmentedRaftLogWorker.java:execute(569)) - dea0a289-bbd2-4f4b-bbf8-a17c24855de6-SegmentedRaftLogWorker:Storage Directory /workdir/hadoop-ozone/tools/target/test-dir/MiniOzoneClusterImpl-8d91f153-b4bc-4240-a6a0-161ba1782059/datanode-2/data/ratis/6f58ea3d-06d8-495a-859b-89b1599d0c80: created new log segment /workdir/hadoop-ozone/tools/target/test-dir/MiniOzoneClusterImpl-8d91f153-b4bc-4240-a6a0-161ba1782059/datanode-2/data/ratis/6f58ea3d-06d8-495a-859b-89b1599d0c80/current/log_inprogress_0
2019-09-19 09:55:02,739 [1b5ff12b-3718-456a-861a-fb86d4c76eb2-SegmentedRaftLogWorker:Storage Directory /workdir/hadoop-ozone/tools/target/test-dir/MiniOzoneClusterImpl-8d91f153-b4bc-4240-a6a0-161ba1782059/datanode-1/data/ratis/f4d9d9c3-9a88-4a48-8b72-58e18930d9fc] INFO  segmented.SegmentedRaftLogWorker (SegmentedRaftLogWorker.java:execute(569)) - 1b5ff12b-3718-456a-861a-fb86d4c76eb2-SegmentedRaftLogWorker:Storage Directory /workdir/hadoop-ozone/tools/target/test-dir/MiniOzoneClusterImpl-8d91f153-b4bc-4240-a6a0-161ba1782059/datanode-1/data/ratis/f4d9d9c3-9a88-4a48-8b72-58e18930d9fc: created new log segment /workdir/hadoop-ozone/tools/target/test-dir/MiniOzoneClusterImpl-8d91f153-b4bc-4240-a6a0-161ba1782059/datanode-1/data/ratis/f4d9d9c3-9a88-4a48-8b72-58e18930d9fc/current/log_inprogress_0
2019-09-19 09:55:02,828 | INFO  | SCMAudit | user=jenkins1000 | ip=192.168.34.5 | op=SEND_HEARTBEAT {datanodeUUID=dea0a289-bbd2-4f4b-bbf8-a17c24855de6, command=[]} | ret=SUCCESS |  
2019-09-19 09:55:02,834 [Thread-224] INFO  impl.FollowerState (FollowerState.java:run(106)) - 90096b95-6771-4ecf-aa77-70b7217912db:group-B79351785BD7 changes to CANDIDATE, lastRpcTime:5179, electionTimeout:5179ms
2019-09-19 09:55:02,835 [Thread-224] INFO  impl.RoleInfo (RoleInfo.java:shutdownFollowerState(121)) - 90096b95-6771-4ecf-aa77-70b7217912db: shutdown FollowerState
2019-09-19 09:55:02,835 [Thread-224] INFO  impl.RaftServerImpl (RaftServerImpl.java:setRole(171)) - 90096b95-6771-4ecf-aa77-70b7217912db:group-B79351785BD7 changes role from FOLLOWER to CANDIDATE at term 0 for changeToCandidate
2019-09-19 09:55:02,836 [Thread-224] INFO  impl.RoleInfo (RoleInfo.java:updateAndGet(143)) - 90096b95-6771-4ecf-aa77-70b7217912db: start LeaderElection
2019-09-19 09:55:02,854 [90096b95-6771-4ecf-aa77-70b7217912db:group-B79351785BD7:LeaderElection14] INFO  impl.LeaderElection (LeaderElection.java:askForVotes(181)) - 90096b95-6771-4ecf-aa77-70b7217912db:group-B79351785BD7:LeaderElection14: begin an election at term 1 for -1: [90096b95-6771-4ecf-aa77-70b7217912db:192.168.34.5:42713], old=null
2019-09-19 09:55:02,855 [90096b95-6771-4ecf-aa77-70b7217912db:group-B79351785BD7:LeaderElection14] INFO  impl.RoleInfo (RoleInfo.java:shutdownLeaderElection(134)) - 90096b95-6771-4ecf-aa77-70b7217912db: shutdown LeaderElection
2019-09-19 09:55:02,856 [90096b95-6771-4ecf-aa77-70b7217912db:group-B79351785BD7:LeaderElection14] INFO  impl.RaftServerImpl (RaftServerImpl.java:setRole(171)) - 90096b95-6771-4ecf-aa77-70b7217912db:group-B79351785BD7 changes role from CANDIDATE to LEADER at term 1 for changeToLeader
2019-09-19 09:55:02,856 [90096b95-6771-4ecf-aa77-70b7217912db:group-B79351785BD7:LeaderElection14] INFO  impl.RaftServerImpl (ServerState.java:setLeader(263)) - 90096b95-6771-4ecf-aa77-70b7217912db:group-B79351785BD7 change Leader from null to 90096b95-6771-4ecf-aa77-70b7217912db at term 1 for becomeLeader, leader elected after 5206ms
2019-09-19 09:55:02,856 [90096b95-6771-4ecf-aa77-70b7217912db:group-B79351785BD7:LeaderElection14] INFO  server.RaftServerConfigKeys (ConfUtils.java:logGet(43)) - raft.server.staging.catchup.gap = 1000 (default)
2019-09-19 09:55:02,856 [90096b95-6771-4ecf-aa77-70b7217912db:group-B79351785BD7:LeaderElection14] INFO  server.RaftServerConfigKeys (ConfUtils.java:logGet(43)) - raft.server.rpc.sleep.time = 25ms (default)
2019-09-19 09:55:02,856 [90096b95-6771-4ecf-aa77-70b7217912db:group-B79351785BD7:LeaderElection14] INFO  server.RaftServerConfigKeys (ConfUtils.java:logGet(43)) - raft.server.write.element-limit = 4096 (default)
2019-09-19 09:55:02,857 [90096b95-6771-4ecf-aa77-70b7217912db:group-B79351785BD7:LeaderElection14] INFO  server.RaftServerConfigKeys (ConfUtils.java:logGet(43)) - raft.server.watch.timeout = 10s (default)
2019-09-19 09:55:02,857 [90096b95-6771-4ecf-aa77-70b7217912db:group-B79351785BD7:LeaderElection14] INFO  server.RaftServerConfigKeys (ConfUtils.java:logGet(43)) - raft.server.watch.timeout.denomination = 1s (default)
2019-09-19 09:55:02,857 [90096b95-6771-4ecf-aa77-70b7217912db:group-B79351785BD7:LeaderElection14] INFO  server.RaftServerConfigKeys (ConfUtils.java:logGet(43)) - raft.server.watch.element-limit = 65536 (default)
2019-09-19 09:55:02,857 [90096b95-6771-4ecf-aa77-70b7217912db:group-B79351785BD7:LeaderElection14] INFO  impl.RoleInfo (RoleInfo.java:updateAndGet(143)) - 90096b95-6771-4ecf-aa77-70b7217912db: start LeaderState
2019-09-19 09:55:02,858 [90096b95-6771-4ecf-aa77-70b7217912db:group-B79351785BD7:LeaderElection14] INFO  segmented.SegmentedRaftLogWorker (SegmentedRaftLogWorker.java:startLogSegment(380)) - 90096b95-6771-4ecf-aa77-70b7217912db-SegmentedRaftLogWorker:Storage Directory /workdir/hadoop-ozone/tools/target/test-dir/MiniOzoneClusterImpl-8d91f153-b4bc-4240-a6a0-161ba1782059/datanode-0/data/ratis/013a134e-1b13-4cda-a6a2-b79351785bd7: Starting segment from index:0
2019-09-19 09:55:02,858 [90096b95-6771-4ecf-aa77-70b7217912db:group-B79351785BD7:LeaderElection14] INFO  impl.RaftServerImpl (ServerState.java:setRaftConf(361)) - 90096b95-6771-4ecf-aa77-70b7217912db:group-B79351785BD7 set configuration 0: [90096b95-6771-4ecf-aa77-70b7217912db:192.168.34.5:42713], old=null at 0
2019-09-19 09:55:02,891 [Thread-227] INFO  impl.FollowerState (FollowerState.java:run(106)) - 90096b95-6771-4ecf-aa77-70b7217912db:group-4A5864CF0E32 changes to CANDIDATE, lastRpcTime:5171, electionTimeout:5167ms
2019-09-19 09:55:02,891 [Thread-227] INFO  impl.RoleInfo (RoleInfo.java:shutdownFollowerState(121)) - 90096b95-6771-4ecf-aa77-70b7217912db: shutdown FollowerState
2019-09-19 09:55:02,891 [Thread-227] INFO  impl.RaftServerImpl (RaftServerImpl.java:setRole(171)) - 90096b95-6771-4ecf-aa77-70b7217912db:group-4A5864CF0E32 changes role from FOLLOWER to CANDIDATE at term 0 for changeToCandidate
2019-09-19 09:55:02,892 [Thread-227] INFO  impl.RoleInfo (RoleInfo.java:updateAndGet(143)) - 90096b95-6771-4ecf-aa77-70b7217912db: start LeaderElection
2019-09-19 09:55:02,916 [90096b95-6771-4ecf-aa77-70b7217912db-SegmentedRaftLogWorker:Storage Directory /workdir/hadoop-ozone/tools/target/test-dir/MiniOzoneClusterImpl-8d91f153-b4bc-4240-a6a0-161ba1782059/datanode-0/data/ratis/013a134e-1b13-4cda-a6a2-b79351785bd7] INFO  segmented.SegmentedRaftLogWorker (SegmentedRaftLogWorker.java:execute(569)) - 90096b95-6771-4ecf-aa77-70b7217912db-SegmentedRaftLogWorker:Storage Directory /workdir/hadoop-ozone/tools/target/test-dir/MiniOzoneClusterImpl-8d91f153-b4bc-4240-a6a0-161ba1782059/datanode-0/data/ratis/013a134e-1b13-4cda-a6a2-b79351785bd7: created new log segment /workdir/hadoop-ozone/tools/target/test-dir/MiniOzoneClusterImpl-8d91f153-b4bc-4240-a6a0-161ba1782059/datanode-0/data/ratis/013a134e-1b13-4cda-a6a2-b79351785bd7/current/log_inprogress_0
2019-09-19 09:55:02,916 [90096b95-6771-4ecf-aa77-70b7217912db:group-4A5864CF0E32:LeaderElection15] INFO  impl.LeaderElection (LeaderElection.java:askForVotes(181)) - 90096b95-6771-4ecf-aa77-70b7217912db:group-4A5864CF0E32:LeaderElection15: begin an election at term 1 for -1: [90096b95-6771-4ecf-aa77-70b7217912db:192.168.34.5:42713], old=null
2019-09-19 09:55:02,916 [90096b95-6771-4ecf-aa77-70b7217912db:group-4A5864CF0E32:LeaderElection15] INFO  impl.RoleInfo (RoleInfo.java:shutdownLeaderElection(134)) - 90096b95-6771-4ecf-aa77-70b7217912db: shutdown LeaderElection
2019-09-19 09:55:02,916 [90096b95-6771-4ecf-aa77-70b7217912db:group-4A5864CF0E32:LeaderElection15] INFO  impl.RaftServerImpl (RaftServerImpl.java:setRole(171)) - 90096b95-6771-4ecf-aa77-70b7217912db:group-4A5864CF0E32 changes role from CANDIDATE to LEADER at term 1 for changeToLeader
2019-09-19 09:55:02,917 [90096b95-6771-4ecf-aa77-70b7217912db:group-4A5864CF0E32:LeaderElection15] INFO  impl.RaftServerImpl (ServerState.java:setLeader(263)) - 90096b95-6771-4ecf-aa77-70b7217912db:group-4A5864CF0E32 change Leader from null to 90096b95-6771-4ecf-aa77-70b7217912db at term 1 for becomeLeader, leader elected after 5202ms
2019-09-19 09:55:02,917 [90096b95-6771-4ecf-aa77-70b7217912db:group-4A5864CF0E32:LeaderElection15] INFO  server.RaftServerConfigKeys (ConfUtils.java:logGet(43)) - raft.server.staging.catchup.gap = 1000 (default)
2019-09-19 09:55:02,917 [90096b95-6771-4ecf-aa77-70b7217912db:group-4A5864CF0E32:LeaderElection15] INFO  server.RaftServerConfigKeys (ConfUtils.java:logGet(43)) - raft.server.rpc.sleep.time = 25ms (default)
2019-09-19 09:55:02,917 [90096b95-6771-4ecf-aa77-70b7217912db:group-4A5864CF0E32:LeaderElection15] INFO  server.RaftServerConfigKeys (ConfUtils.java:logGet(43)) - raft.server.write.element-limit = 4096 (default)
2019-09-19 09:55:02,917 [90096b95-6771-4ecf-aa77-70b7217912db:group-4A5864CF0E32:LeaderElection15] INFO  server.RaftServerConfigKeys (ConfUtils.java:logGet(43)) - raft.server.watch.timeout = 10s (default)
2019-09-19 09:55:02,918 [90096b95-6771-4ecf-aa77-70b7217912db:group-4A5864CF0E32:LeaderElection15] INFO  server.RaftServerConfigKeys (ConfUtils.java:logGet(43)) - raft.server.watch.timeout.denomination = 1s (default)
2019-09-19 09:55:02,918 [90096b95-6771-4ecf-aa77-70b7217912db:group-4A5864CF0E32:LeaderElection15] INFO  server.RaftServerConfigKeys (ConfUtils.java:logGet(43)) - raft.server.watch.element-limit = 65536 (default)
2019-09-19 09:55:02,918 [90096b95-6771-4ecf-aa77-70b7217912db:group-4A5864CF0E32:LeaderElection15] INFO  impl.RoleInfo (RoleInfo.java:updateAndGet(143)) - 90096b95-6771-4ecf-aa77-70b7217912db: start LeaderState
2019-09-19 09:55:02,918 [90096b95-6771-4ecf-aa77-70b7217912db:group-4A5864CF0E32:LeaderElection15] INFO  segmented.SegmentedRaftLogWorker (SegmentedRaftLogWorker.java:startLogSegment(380)) - 90096b95-6771-4ecf-aa77-70b7217912db-SegmentedRaftLogWorker:Storage Directory /workdir/hadoop-ozone/tools/target/test-dir/MiniOzoneClusterImpl-8d91f153-b4bc-4240-a6a0-161ba1782059/datanode-0/data/ratis/c2acf32f-a4ed-41c9-810a-4a5864cf0e32: Starting segment from index:0
2019-09-19 09:55:02,919 [90096b95-6771-4ecf-aa77-70b7217912db:group-4A5864CF0E32:LeaderElection15] INFO  impl.RaftServerImpl (ServerState.java:setRaftConf(361)) - 90096b95-6771-4ecf-aa77-70b7217912db:group-4A5864CF0E32 set configuration 0: [90096b95-6771-4ecf-aa77-70b7217912db:192.168.34.5:42713], old=null at 0
2019-09-19 09:55:02,974 [Thread-230] INFO  impl.FollowerState (FollowerState.java:run(106)) - dea0a289-bbd2-4f4b-bbf8-a17c24855de6:group-4AFFEE793444 changes to CANDIDATE, lastRpcTime:5197, electionTimeout:5197ms
2019-09-19 09:55:02,976 [Thread-230] INFO  impl.RoleInfo (RoleInfo.java:shutdownFollowerState(121)) - dea0a289-bbd2-4f4b-bbf8-a17c24855de6: shutdown FollowerState
2019-09-19 09:55:02,976 [Thread-230] INFO  impl.RaftServerImpl (RaftServerImpl.java:setRole(171)) - dea0a289-bbd2-4f4b-bbf8-a17c24855de6:group-4AFFEE793444 changes role from FOLLOWER to CANDIDATE at term 0 for changeToCandidate
2019-09-19 09:55:02,976 [Thread-230] INFO  impl.RoleInfo (RoleInfo.java:updateAndGet(143)) - dea0a289-bbd2-4f4b-bbf8-a17c24855de6: start LeaderElection
2019-09-19 09:55:02,976 [90096b95-6771-4ecf-aa77-70b7217912db-SegmentedRaftLogWorker:Storage Directory /workdir/hadoop-ozone/tools/target/test-dir/MiniOzoneClusterImpl-8d91f153-b4bc-4240-a6a0-161ba1782059/datanode-0/data/ratis/c2acf32f-a4ed-41c9-810a-4a5864cf0e32] INFO  segmented.SegmentedRaftLogWorker (SegmentedRaftLogWorker.java:execute(569)) - 90096b95-6771-4ecf-aa77-70b7217912db-SegmentedRaftLogWorker:Storage Directory /workdir/hadoop-ozone/tools/target/test-dir/MiniOzoneClusterImpl-8d91f153-b4bc-4240-a6a0-161ba1782059/datanode-0/data/ratis/c2acf32f-a4ed-41c9-810a-4a5864cf0e32: created new log segment /workdir/hadoop-ozone/tools/target/test-dir/MiniOzoneClusterImpl-8d91f153-b4bc-4240-a6a0-161ba1782059/datanode-0/data/ratis/c2acf32f-a4ed-41c9-810a-4a5864cf0e32/current/log_inprogress_0
2019-09-19 09:55:02,992 [dea0a289-bbd2-4f4b-bbf8-a17c24855de6:group-4AFFEE793444:LeaderElection16] INFO  impl.LeaderElection (LeaderElection.java:askForVotes(181)) - dea0a289-bbd2-4f4b-bbf8-a17c24855de6:group-4AFFEE793444:LeaderElection16: begin an election at term 1 for -1: [dea0a289-bbd2-4f4b-bbf8-a17c24855de6:192.168.34.5:44749], old=null
2019-09-19 09:55:02,992 [dea0a289-bbd2-4f4b-bbf8-a17c24855de6:group-4AFFEE793444:LeaderElection16] INFO  impl.RoleInfo (RoleInfo.java:shutdownLeaderElection(134)) - dea0a289-bbd2-4f4b-bbf8-a17c24855de6: shutdown LeaderElection
2019-09-19 09:55:02,992 [dea0a289-bbd2-4f4b-bbf8-a17c24855de6:group-4AFFEE793444:LeaderElection16] INFO  impl.RaftServerImpl (RaftServerImpl.java:setRole(171)) - dea0a289-bbd2-4f4b-bbf8-a17c24855de6:group-4AFFEE793444 changes role from CANDIDATE to LEADER at term 1 for changeToLeader
2019-09-19 09:55:02,992 [dea0a289-bbd2-4f4b-bbf8-a17c24855de6:group-4AFFEE793444:LeaderElection16] INFO  impl.RaftServerImpl (ServerState.java:setLeader(263)) - dea0a289-bbd2-4f4b-bbf8-a17c24855de6:group-4AFFEE793444 change Leader from null to dea0a289-bbd2-4f4b-bbf8-a17c24855de6 at term 1 for becomeLeader, leader elected after 5220ms
2019-09-19 09:55:02,993 [dea0a289-bbd2-4f4b-bbf8-a17c24855de6:group-4AFFEE793444:LeaderElection16] INFO  server.RaftServerConfigKeys (ConfUtils.java:logGet(43)) - raft.server.staging.catchup.gap = 1000 (default)
2019-09-19 09:55:02,993 [dea0a289-bbd2-4f4b-bbf8-a17c24855de6:group-4AFFEE793444:LeaderElection16] INFO  server.RaftServerConfigKeys (ConfUtils.java:logGet(43)) - raft.server.rpc.sleep.time = 25ms (default)
2019-09-19 09:55:02,993 [dea0a289-bbd2-4f4b-bbf8-a17c24855de6:group-4AFFEE793444:LeaderElection16] INFO  server.RaftServerConfigKeys (ConfUtils.java:logGet(43)) - raft.server.write.element-limit = 4096 (default)
2019-09-19 09:55:02,993 [dea0a289-bbd2-4f4b-bbf8-a17c24855de6:group-4AFFEE793444:LeaderElection16] INFO  server.RaftServerConfigKeys (ConfUtils.java:logGet(43)) - raft.server.watch.timeout = 10s (default)
2019-09-19 09:55:02,994 [dea0a289-bbd2-4f4b-bbf8-a17c24855de6:group-4AFFEE793444:LeaderElection16] INFO  server.RaftServerConfigKeys (ConfUtils.java:logGet(43)) - raft.server.watch.timeout.denomination = 1s (default)
2019-09-19 09:55:02,994 [dea0a289-bbd2-4f4b-bbf8-a17c24855de6:group-4AFFEE793444:LeaderElection16] INFO  server.RaftServerConfigKeys (ConfUtils.java:logGet(43)) - raft.server.watch.element-limit = 65536 (default)
2019-09-19 09:55:02,994 [dea0a289-bbd2-4f4b-bbf8-a17c24855de6:group-4AFFEE793444:LeaderElection16] INFO  impl.RoleInfo (RoleInfo.java:updateAndGet(143)) - dea0a289-bbd2-4f4b-bbf8-a17c24855de6: start LeaderState
2019-09-19 09:55:02,994 [dea0a289-bbd2-4f4b-bbf8-a17c24855de6:group-4AFFEE793444:LeaderElection16] INFO  segmented.SegmentedRaftLogWorker (SegmentedRaftLogWorker.java:startLogSegment(380)) - dea0a289-bbd2-4f4b-bbf8-a17c24855de6-SegmentedRaftLogWorker:Storage Directory /workdir/hadoop-ozone/tools/target/test-dir/MiniOzoneClusterImpl-8d91f153-b4bc-4240-a6a0-161ba1782059/datanode-2/data/ratis/bc1b7919-412e-4f6d-abe5-4affee793444: Starting segment from index:0
2019-09-19 09:55:02,995 [dea0a289-bbd2-4f4b-bbf8-a17c24855de6:group-4AFFEE793444:LeaderElection16] INFO  impl.RaftServerImpl (ServerState.java:setRaftConf(361)) - dea0a289-bbd2-4f4b-bbf8-a17c24855de6:group-4AFFEE793444 set configuration 0: [dea0a289-bbd2-4f4b-bbf8-a17c24855de6:192.168.34.5:44749], old=null at 0
2019-09-19 09:55:03,029 [Thread-233] INFO  impl.FollowerState (FollowerState.java:run(106)) - 90096b95-6771-4ecf-aa77-70b7217912db:group-CB16AFEE7FF2 changes to CANDIDATE, lastRpcTime:5193, electionTimeout:5169ms
2019-09-19 09:55:03,031 [Thread-233] INFO  impl.RoleInfo (RoleInfo.java:shutdownFollowerState(121)) - 90096b95-6771-4ecf-aa77-70b7217912db: shutdown FollowerState
2019-09-19 09:55:03,031 [Thread-233] INFO  impl.RaftServerImpl (RaftServerImpl.java:setRole(171)) - 90096b95-6771-4ecf-aa77-70b7217912db:group-CB16AFEE7FF2 changes role from FOLLOWER to CANDIDATE at term 0 for changeToCandidate
2019-09-19 09:55:03,031 [Thread-233] INFO  impl.RoleInfo (RoleInfo.java:updateAndGet(143)) - 90096b95-6771-4ecf-aa77-70b7217912db: start LeaderElection
2019-09-19 09:55:03,053 [dea0a289-bbd2-4f4b-bbf8-a17c24855de6-SegmentedRaftLogWorker:Storage Directory /workdir/hadoop-ozone/tools/target/test-dir/MiniOzoneClusterImpl-8d91f153-b4bc-4240-a6a0-161ba1782059/datanode-2/data/ratis/bc1b7919-412e-4f6d-abe5-4affee793444] INFO  segmented.SegmentedRaftLogWorker (SegmentedRaftLogWorker.java:execute(569)) - dea0a289-bbd2-4f4b-bbf8-a17c24855de6-SegmentedRaftLogWorker:Storage Directory /workdir/hadoop-ozone/tools/target/test-dir/MiniOzoneClusterImpl-8d91f153-b4bc-4240-a6a0-161ba1782059/datanode-2/data/ratis/bc1b7919-412e-4f6d-abe5-4affee793444: created new log segment /workdir/hadoop-ozone/tools/target/test-dir/MiniOzoneClusterImpl-8d91f153-b4bc-4240-a6a0-161ba1782059/datanode-2/data/ratis/bc1b7919-412e-4f6d-abe5-4affee793444/current/log_inprogress_0
2019-09-19 09:55:03,054 [90096b95-6771-4ecf-aa77-70b7217912db:group-CB16AFEE7FF2:LeaderElection17] INFO  impl.LeaderElection (LeaderElection.java:askForVotes(181)) - 90096b95-6771-4ecf-aa77-70b7217912db:group-CB16AFEE7FF2:LeaderElection17: begin an election at term 1 for -1: [90096b95-6771-4ecf-aa77-70b7217912db:192.168.34.5:42713], old=null
2019-09-19 09:55:03,054 [90096b95-6771-4ecf-aa77-70b7217912db:group-CB16AFEE7FF2:LeaderElection17] INFO  impl.RoleInfo (RoleInfo.java:shutdownLeaderElection(134)) - 90096b95-6771-4ecf-aa77-70b7217912db: shutdown LeaderElection
2019-09-19 09:55:03,054 [90096b95-6771-4ecf-aa77-70b7217912db:group-CB16AFEE7FF2:LeaderElection17] INFO  impl.RaftServerImpl (RaftServerImpl.java:setRole(171)) - 90096b95-6771-4ecf-aa77-70b7217912db:group-CB16AFEE7FF2 changes role from CANDIDATE to LEADER at term 1 for changeToLeader
2019-09-19 09:55:03,054 [90096b95-6771-4ecf-aa77-70b7217912db:group-CB16AFEE7FF2:LeaderElection17] INFO  impl.RaftServerImpl (ServerState.java:setLeader(263)) - 90096b95-6771-4ecf-aa77-70b7217912db:group-CB16AFEE7FF2 change Leader from null to 90096b95-6771-4ecf-aa77-70b7217912db at term 1 for becomeLeader, leader elected after 5223ms
2019-09-19 09:55:03,054 [90096b95-6771-4ecf-aa77-70b7217912db:group-CB16AFEE7FF2:LeaderElection17] INFO  server.RaftServerConfigKeys (ConfUtils.java:logGet(43)) - raft.server.staging.catchup.gap = 1000 (default)
2019-09-19 09:55:03,055 [90096b95-6771-4ecf-aa77-70b7217912db:group-CB16AFEE7FF2:LeaderElection17] INFO  server.RaftServerConfigKeys (ConfUtils.java:logGet(43)) - raft.server.rpc.sleep.time = 25ms (default)
2019-09-19 09:55:03,055 [90096b95-6771-4ecf-aa77-70b7217912db:group-CB16AFEE7FF2:LeaderElection17] INFO  server.RaftServerConfigKeys (ConfUtils.java:logGet(43)) - raft.server.write.element-limit = 4096 (default)
2019-09-19 09:55:03,055 [90096b95-6771-4ecf-aa77-70b7217912db:group-CB16AFEE7FF2:LeaderElection17] INFO  server.RaftServerConfigKeys (ConfUtils.java:logGet(43)) - raft.server.watch.timeout = 10s (default)
2019-09-19 09:55:03,055 [90096b95-6771-4ecf-aa77-70b7217912db:group-CB16AFEE7FF2:LeaderElection17] INFO  server.RaftServerConfigKeys (ConfUtils.java:logGet(43)) - raft.server.watch.timeout.denomination = 1s (default)
2019-09-19 09:55:03,055 [90096b95-6771-4ecf-aa77-70b7217912db:group-CB16AFEE7FF2:LeaderElection17] INFO  server.RaftServerConfigKeys (ConfUtils.java:logGet(43)) - raft.server.watch.element-limit = 65536 (default)
2019-09-19 09:55:03,056 [90096b95-6771-4ecf-aa77-70b7217912db:group-CB16AFEE7FF2:LeaderElection17] INFO  impl.RoleInfo (RoleInfo.java:updateAndGet(143)) - 90096b95-6771-4ecf-aa77-70b7217912db: start LeaderState
2019-09-19 09:55:03,056 [90096b95-6771-4ecf-aa77-70b7217912db:group-CB16AFEE7FF2:LeaderElection17] INFO  segmented.SegmentedRaftLogWorker (SegmentedRaftLogWorker.java:startLogSegment(380)) - 90096b95-6771-4ecf-aa77-70b7217912db-SegmentedRaftLogWorker:Storage Directory /workdir/hadoop-ozone/tools/target/test-dir/MiniOzoneClusterImpl-8d91f153-b4bc-4240-a6a0-161ba1782059/datanode-0/data/ratis/df324146-873b-494b-8b30-cb16afee7ff2: Starting segment from index:0
2019-09-19 09:55:03,057 [90096b95-6771-4ecf-aa77-70b7217912db:group-CB16AFEE7FF2:LeaderElection17] INFO  impl.RaftServerImpl (ServerState.java:setRaftConf(361)) - 90096b95-6771-4ecf-aa77-70b7217912db:group-CB16AFEE7FF2 set configuration 0: [90096b95-6771-4ecf-aa77-70b7217912db:192.168.34.5:42713], old=null at 0
2019-09-19 09:55:03,101 [Thread-236] INFO  impl.FollowerState (FollowerState.java:run(106)) - 90096b95-6771-4ecf-aa77-70b7217912db:group-FE42FE7F91A4 changes to CANDIDATE, lastRpcTime:5196, electionTimeout:5196ms
2019-09-19 09:55:03,102 [Thread-236] INFO  impl.RoleInfo (RoleInfo.java:shutdownFollowerState(121)) - 90096b95-6771-4ecf-aa77-70b7217912db: shutdown FollowerState
2019-09-19 09:55:03,102 [Thread-236] INFO  impl.RaftServerImpl (RaftServerImpl.java:setRole(171)) - 90096b95-6771-4ecf-aa77-70b7217912db:group-FE42FE7F91A4 changes role from FOLLOWER to CANDIDATE at term 0 for changeToCandidate
2019-09-19 09:55:03,102 [Thread-236] INFO  impl.RoleInfo (RoleInfo.java:updateAndGet(143)) - 90096b95-6771-4ecf-aa77-70b7217912db: start LeaderElection
2019-09-19 09:55:03,108 [90096b95-6771-4ecf-aa77-70b7217912db-SegmentedRaftLogWorker:Storage Directory /workdir/hadoop-ozone/tools/target/test-dir/MiniOzoneClusterImpl-8d91f153-b4bc-4240-a6a0-161ba1782059/datanode-0/data/ratis/df324146-873b-494b-8b30-cb16afee7ff2] INFO  segmented.SegmentedRaftLogWorker (SegmentedRaftLogWorker.java:execute(569)) - 90096b95-6771-4ecf-aa77-70b7217912db-SegmentedRaftLogWorker:Storage Directory /workdir/hadoop-ozone/tools/target/test-dir/MiniOzoneClusterImpl-8d91f153-b4bc-4240-a6a0-161ba1782059/datanode-0/data/ratis/df324146-873b-494b-8b30-cb16afee7ff2: created new log segment /workdir/hadoop-ozone/tools/target/test-dir/MiniOzoneClusterImpl-8d91f153-b4bc-4240-a6a0-161ba1782059/datanode-0/data/ratis/df324146-873b-494b-8b30-cb16afee7ff2/current/log_inprogress_0
2019-09-19 09:55:03,121 [90096b95-6771-4ecf-aa77-70b7217912db:group-FE42FE7F91A4:LeaderElection18] INFO  impl.LeaderElection (LeaderElection.java:askForVotes(181)) - 90096b95-6771-4ecf-aa77-70b7217912db:group-FE42FE7F91A4:LeaderElection18: begin an election at term 1 for -1: [90096b95-6771-4ecf-aa77-70b7217912db:192.168.34.5:42713], old=null
2019-09-19 09:55:03,121 [90096b95-6771-4ecf-aa77-70b7217912db:group-FE42FE7F91A4:LeaderElection18] INFO  impl.RoleInfo (RoleInfo.java:shutdownLeaderElection(134)) - 90096b95-6771-4ecf-aa77-70b7217912db: shutdown LeaderElection
2019-09-19 09:55:03,122 [90096b95-6771-4ecf-aa77-70b7217912db:group-FE42FE7F91A4:LeaderElection18] INFO  impl.RaftServerImpl (RaftServerImpl.java:setRole(171)) - 90096b95-6771-4ecf-aa77-70b7217912db:group-FE42FE7F91A4 changes role from CANDIDATE to LEADER at term 1 for changeToLeader
2019-09-19 09:55:03,122 [90096b95-6771-4ecf-aa77-70b7217912db:group-FE42FE7F91A4:LeaderElection18] INFO  impl.RaftServerImpl (ServerState.java:setLeader(263)) - 90096b95-6771-4ecf-aa77-70b7217912db:group-FE42FE7F91A4 change Leader from null to 90096b95-6771-4ecf-aa77-70b7217912db at term 1 for becomeLeader, leader elected after 5224ms
2019-09-19 09:55:03,122 [90096b95-6771-4ecf-aa77-70b7217912db:group-FE42FE7F91A4:LeaderElection18] INFO  server.RaftServerConfigKeys (ConfUtils.java:logGet(43)) - raft.server.staging.catchup.gap = 1000 (default)
2019-09-19 09:55:03,122 [90096b95-6771-4ecf-aa77-70b7217912db:group-FE42FE7F91A4:LeaderElection18] INFO  server.RaftServerConfigKeys (ConfUtils.java:logGet(43)) - raft.server.rpc.sleep.time = 25ms (default)
2019-09-19 09:55:03,122 [90096b95-6771-4ecf-aa77-70b7217912db:group-FE42FE7F91A4:LeaderElection18] INFO  server.RaftServerConfigKeys (ConfUtils.java:logGet(43)) - raft.server.write.element-limit = 4096 (default)
2019-09-19 09:55:03,122 [90096b95-6771-4ecf-aa77-70b7217912db:group-FE42FE7F91A4:LeaderElection18] INFO  server.RaftServerConfigKeys (ConfUtils.java:logGet(43)) - raft.server.watch.timeout = 10s (default)
2019-09-19 09:55:03,123 [90096b95-6771-4ecf-aa77-70b7217912db:group-FE42FE7F91A4:LeaderElection18] INFO  server.RaftServerConfigKeys (ConfUtils.java:logGet(43)) - raft.server.watch.timeout.denomination = 1s (default)
2019-09-19 09:55:03,123 [90096b95-6771-4ecf-aa77-70b7217912db:group-FE42FE7F91A4:LeaderElection18] INFO  server.RaftServerConfigKeys (ConfUtils.java:logGet(43)) - raft.server.watch.element-limit = 65536 (default)
2019-09-19 09:55:03,123 [90096b95-6771-4ecf-aa77-70b7217912db:group-FE42FE7F91A4:LeaderElection18] INFO  impl.RoleInfo (RoleInfo.java:updateAndGet(143)) - 90096b95-6771-4ecf-aa77-70b7217912db: start LeaderState
2019-09-19 09:55:03,123 [90096b95-6771-4ecf-aa77-70b7217912db:group-FE42FE7F91A4:LeaderElection18] INFO  segmented.SegmentedRaftLogWorker (SegmentedRaftLogWorker.java:startLogSegment(380)) - 90096b95-6771-4ecf-aa77-70b7217912db-SegmentedRaftLogWorker:Storage Directory /workdir/hadoop-ozone/tools/target/test-dir/MiniOzoneClusterImpl-8d91f153-b4bc-4240-a6a0-161ba1782059/datanode-0/data/ratis/77617150-8482-4822-804b-fe42fe7f91a4: Starting segment from index:0
2019-09-19 09:55:03,124 [90096b95-6771-4ecf-aa77-70b7217912db:group-FE42FE7F91A4:LeaderElection18] INFO  impl.RaftServerImpl (ServerState.java:setRaftConf(361)) - 90096b95-6771-4ecf-aa77-70b7217912db:group-FE42FE7F91A4 set configuration 0: [90096b95-6771-4ecf-aa77-70b7217912db:192.168.34.5:42713], old=null at 0
2019-09-19 09:55:03,175 [90096b95-6771-4ecf-aa77-70b7217912db-SegmentedRaftLogWorker:Storage Directory /workdir/hadoop-ozone/tools/target/test-dir/MiniOzoneClusterImpl-8d91f153-b4bc-4240-a6a0-161ba1782059/datanode-0/data/ratis/77617150-8482-4822-804b-fe42fe7f91a4] INFO  segmented.SegmentedRaftLogWorker (SegmentedRaftLogWorker.java:execute(569)) - 90096b95-6771-4ecf-aa77-70b7217912db-SegmentedRaftLogWorker:Storage Directory /workdir/hadoop-ozone/tools/target/test-dir/MiniOzoneClusterImpl-8d91f153-b4bc-4240-a6a0-161ba1782059/datanode-0/data/ratis/77617150-8482-4822-804b-fe42fe7f91a4: created new log segment /workdir/hadoop-ozone/tools/target/test-dir/MiniOzoneClusterImpl-8d91f153-b4bc-4240-a6a0-161ba1782059/datanode-0/data/ratis/77617150-8482-4822-804b-fe42fe7f91a4/current/log_inprogress_0
2019-09-19 09:55:03,346 | INFO  | SCMAudit | user=jenkins1000 | ip=192.168.34.5 | op=SEND_HEARTBEAT {datanodeUUID=90096b95-6771-4ecf-aa77-70b7217912db, command=[]} | ret=SUCCESS |  
 100.00% |█████████████████████████████████████████████████████████████████████████████████████████████████████|  1/1 Time: 0:00:06
2019-09-19 09:55:03,599 | INFO  | SCMAudit | user=jenkins1000 | ip=192.168.34.5 | op=SEND_HEARTBEAT {datanodeUUID=1b5ff12b-3718-456a-861a-fb86d4c76eb2, command=[]} | ret=SUCCESS |  
2019-09-19 09:55:03,828 | INFO  | SCMAudit | user=jenkins1000 | ip=192.168.34.5 | op=SEND_HEARTBEAT {datanodeUUID=dea0a289-bbd2-4f4b-bbf8-a17c24855de6, command=[]} | ret=SUCCESS |  
2019-09-19 09:55:04,347 | INFO  | SCMAudit | user=jenkins1000 | ip=192.168.34.5 | op=SEND_HEARTBEAT {datanodeUUID=90096b95-6771-4ecf-aa77-70b7217912db, command=[]} | ret=SUCCESS |  
2019-09-19 09:55:04,600 | INFO  | SCMAudit | user=jenkins1000 | ip=192.168.34.5 | op=SEND_HEARTBEAT {datanodeUUID=1b5ff12b-3718-456a-861a-fb86d4c76eb2, command=[]} | ret=SUCCESS |  
2019-09-19 09:55:04,828 | INFO  | SCMAudit | user=jenkins1000 | ip=192.168.34.5 | op=SEND_HEARTBEAT {datanodeUUID=dea0a289-bbd2-4f4b-bbf8-a17c24855de6, command=[]} | ret=SUCCESS |  
2019-09-19 09:55:05,347 | INFO  | SCMAudit | user=jenkins1000 | ip=192.168.34.5 | op=SEND_HEARTBEAT {datanodeUUID=90096b95-6771-4ecf-aa77-70b7217912db, command=[]} | ret=SUCCESS |  
2019-09-19 09:55:05,608 | INFO  | SCMAudit | user=jenkins1000 | ip=192.168.34.5 | op=SEND_HEARTBEAT {datanodeUUID=1b5ff12b-3718-456a-861a-fb86d4c76eb2, command=[]} | ret=SUCCESS |  
2019-09-19 09:55:05,826 | INFO  | SCMAudit | user=jenkins1000 | ip=192.168.34.5 | op=SEND_HEARTBEAT {datanodeUUID=dea0a289-bbd2-4f4b-bbf8-a17c24855de6, command=[]} | ret=SUCCESS |  
2019-09-19 09:55:06,346 | INFO  | SCMAudit | user=jenkins1000 | ip=192.168.34.5 | op=SEND_HEARTBEAT {datanodeUUID=90096b95-6771-4ecf-aa77-70b7217912db, command=[]} | ret=SUCCESS |  
2019-09-19 09:55:06,598 | INFO  | SCMAudit | user=jenkins1000 | ip=192.168.34.5 | op=SEND_HEARTBEAT {datanodeUUID=1b5ff12b-3718-456a-861a-fb86d4c76eb2, command=[]} | ret=SUCCESS |  
2019-09-19 09:55:06,826 | INFO  | SCMAudit | user=jenkins1000 | ip=192.168.34.5 | op=SEND_HEARTBEAT {datanodeUUID=dea0a289-bbd2-4f4b-bbf8-a17c24855de6, command=[]} | ret=SUCCESS |  
2019-09-19 09:55:07,345 | INFO  | SCMAudit | user=jenkins1000 | ip=192.168.34.5 | op=SEND_HEARTBEAT {datanodeUUID=90096b95-6771-4ecf-aa77-70b7217912db, command=[]} | ret=SUCCESS |  
]]></system-out>
    <system-err><![CDATA[Sep 19, 2019 9:54:50 AM com.sun.jersey.server.impl.application.WebApplicationImpl _initiate
INFO: Initiating Jersey application, version 'Jersey: 1.19 02/11/2015 03:25 AM'
Sep 19, 2019 9:54:51 AM com.sun.jersey.server.impl.application.WebApplicationImpl _initiate
INFO: Initiating Jersey application, version 'Jersey: 1.19 02/11/2015 03:25 AM'
Sep 19, 2019 9:54:51 AM com.sun.jersey.server.impl.application.WebApplicationImpl _initiate
INFO: Initiating Jersey application, version 'Jersey: 1.19 02/11/2015 03:25 AM'
]]></system-err>
  </testcase>
</testsuite>