<?xml version="1.0" encoding="UTF-8"?>
<testsuite xmlns:xsi="http://www.w3.org/2001/XMLSchema-instance" xsi:noNamespaceSchemaLocation="https://maven.apache.org/surefire/maven-surefire-plugin/xsd/surefire-test-report.xsd" name="org.apache.hadoop.ozone.freon.TestDataValidateWithSafeByteOperations" time="58.594" tests="3" errors="3" skipped="0" failures="0">
  <properties>
    <property name="awt.toolkit" value="sun.awt.X11.XToolkit"/>
    <property name="file.encoding.pkg" value="sun.io"/>
    <property name="java.specification.version" value="1.8"/>
    <property name="sun.cpu.isalist" value=""/>
    <property name="sun.jnu.encoding" value="UTF-8"/>
    <property name="java.class.path" value="/workdir/hadoop-ozone/tools/target/test-classes:/workdir/hadoop-ozone/tools/target/classes:/home/user/.m2/repository/org/apache/hadoop/hadoop-ozone-ozone-manager/0.5.0-SNAPSHOT/hadoop-ozone-ozone-manager-0.5.0-SNAPSHOT.jar:/home/user/.m2/repository/org/apache/hadoop/hadoop-hdds-docs/0.5.0-SNAPSHOT/hadoop-hdds-docs-0.5.0-SNAPSHOT.jar:/home/user/.m2/repository/org/bouncycastle/bcprov-jdk15on/1.60/bcprov-jdk15on-1.60.jar:/home/user/.m2/repository/org/apache/hadoop/hadoop-ozone-common/0.5.0-SNAPSHOT/hadoop-ozone-common-0.5.0-SNAPSHOT.jar:/home/user/.m2/repository/org/apache/commons/commons-compress/1.4.1/commons-compress-1.4.1.jar:/home/user/.m2/repository/org/tukaani/xz/1.0/xz-1.0.jar:/home/user/.m2/repository/org/apache/hadoop/hadoop-hdfs-client/3.2.0/hadoop-hdfs-client-3.2.0.jar:/home/user/.m2/repository/com/fasterxml/jackson/core/jackson-annotations/2.9.5/jackson-annotations-2.9.5.jar:/home/user/.m2/repository/org/apache/hadoop/hadoop-hdds-common/0.5.0-SNAPSHOT/hadoop-hdds-common-0.5.0-SNAPSHOT.jar:/home/user/.m2/repository/org/apache/hadoop/hadoop-hdds-config/0.5.0-SNAPSHOT/hadoop-hdds-config-0.5.0-SNAPSHOT.jar:/home/user/.m2/repository/javax/annotation/javax.annotation-api/1.2/javax.annotation-api-1.2.jar:/home/user/.m2/repository/org/apache/ratis/ratis-server/0.4.0-2337318-SNAPSHOT/ratis-server-0.4.0-2337318-SNAPSHOT.jar:/home/user/.m2/repository/org/apache/ratis/ratis-thirdparty-misc/0.2.0/ratis-thirdparty-misc-0.2.0.jar:/home/user/.m2/repository/org/apache/ratis/ratis-proto/0.4.0-2337318-SNAPSHOT/ratis-proto-0.4.0-2337318-SNAPSHOT.jar:/home/user/.m2/repository/org/apache/ratis/ratis-common/0.4.0-2337318-SNAPSHOT/ratis-common-0.4.0-2337318-SNAPSHOT.jar:/home/user/.m2/repository/org/apache/ratis/ratis-client/0.4.0-2337318-SNAPSHOT/ratis-client-0.4.0-2337318-SNAPSHOT.jar:/home/user/.m2/repository/org/apache/ratis/ratis-metrics/0.4.0-2337318-SNAPSHOT/ratis-metrics-0.4.0-2337318-SNAPSHOT.jar:/home/user/.m2/repository/org/apache/ratis/ratis-netty/0.4.0-2337318-SNAPSHOT/ratis-netty-0.4.0-2337318-SNAPSHOT.jar:/home/user/.m2/repository/org/apache/ratis/ratis-grpc/0.4.0-2337318-SNAPSHOT/ratis-grpc-0.4.0-2337318-SNAPSHOT.jar:/home/user/.m2/repository/org/rocksdb/rocksdbjni/6.0.1/rocksdbjni-6.0.1.jar:/home/user/.m2/repository/org/apache/logging/log4j/log4j-api/2.11.0/log4j-api-2.11.0.jar:/home/user/.m2/repository/org/apache/logging/log4j/log4j-core/2.11.0/log4j-core-2.11.0.jar:/home/user/.m2/repository/com/lmax/disruptor/3.4.2/disruptor-3.4.2.jar:/home/user/.m2/repository/org/apache/commons/commons-pool2/2.6.0/commons-pool2-2.6.0.jar:/home/user/.m2/repository/org/bouncycastle/bcpkix-jdk15on/1.60/bcpkix-jdk15on-1.60.jar:/home/user/.m2/repository/commons-validator/commons-validator/1.6/commons-validator-1.6.jar:/home/user/.m2/repository/commons-digester/commons-digester/1.8.1/commons-digester-1.8.1.jar:/home/user/.m2/repository/io/jaegertracing/jaeger-client/0.33.1/jaeger-client-0.33.1.jar:/home/user/.m2/repository/io/jaegertracing/jaeger-thrift/0.33.1/jaeger-thrift-0.33.1.jar:/home/user/.m2/repository/org/apache/thrift/libthrift/0.11.0/libthrift-0.11.0.jar:/home/user/.m2/repository/com/squareup/okhttp3/okhttp/3.9.0/okhttp-3.9.0.jar:/home/user/.m2/repository/com/squareup/okio/okio/1.13.0/okio-1.13.0.jar:/home/user/.m2/repository/io/jaegertracing/jaeger-core/0.33.1/jaeger-core-0.33.1.jar:/home/user/.m2/repository/io/jaegertracing/jaeger-tracerresolver/0.33.1/jaeger-tracerresolver-0.33.1.jar:/home/user/.m2/repository/io/opentracing/contrib/opentracing-tracerresolver/0.1.5/opentracing-tracerresolver-0.1.5.jar:/home/user/.m2/repository/io/opentracing/opentracing-util/0.31.0/opentracing-util-0.31.0.jar:/home/user/.m2/repository/io/opentracing/opentracing-api/0.31.0/opentracing-api-0.31.0.jar:/home/user/.m2/repository/io/opentracing/opentracing-noop/0.31.0/opentracing-noop-0.31.0.jar:/home/user/.m2/repository/org/yaml/snakeyaml/1.16/snakeyaml-1.16.jar:/home/user/.m2/repository/org/apache/hadoop/hadoop-hdds-container-service/0.5.0-SNAPSHOT/hadoop-hdds-container-service-0.5.0-SNAPSHOT.jar:/home/user/.m2/repository/org/apache/hadoop/hadoop-hdds-client/0.5.0-SNAPSHOT/hadoop-hdds-client-0.5.0-SNAPSHOT.jar:/home/user/.m2/repository/org/apache/hadoop/hadoop-hdds-tools/0.5.0-SNAPSHOT/hadoop-hdds-tools-0.5.0-SNAPSHOT.jar:/home/user/.m2/repository/org/xerial/sqlite-jdbc/3.25.2/sqlite-jdbc-3.25.2.jar:/home/user/.m2/repository/org/apache/hadoop/hadoop-hdds-server-scm/0.5.0-SNAPSHOT/hadoop-hdds-server-scm-0.5.0-SNAPSHOT.jar:/home/user/.m2/repository/org/hamcrest/hamcrest-all/1.3/hamcrest-all-1.3.jar:/home/user/.m2/repository/info/picocli/picocli/3.9.6/picocli-3.9.6.jar:/home/user/.m2/repository/com/google/protobuf/protobuf-java/2.5.0/protobuf-java-2.5.0.jar:/home/user/.m2/repository/com/google/guava/guava/11.0.2/guava-11.0.2.jar:/home/user/.m2/repository/org/apache/hadoop/hadoop-ozone-client/0.5.0-SNAPSHOT/hadoop-ozone-client-0.5.0-SNAPSHOT.jar:/workdir/hadoop-ozone/ozonefs/target/classes:/home/user/.m2/repository/org/apache/hadoop/hadoop-hdds-server-framework/0.5.0-SNAPSHOT/hadoop-hdds-server-framework-0.5.0-SNAPSHOT.jar:/home/user/.m2/repository/org/apache/hadoop/hadoop-common/3.2.0/hadoop-common-3.2.0.jar:/home/user/.m2/repository/org/apache/hadoop/hadoop-annotations/3.2.0/hadoop-annotations-3.2.0.jar:/usr/lib/jvm/java-1.8-openjdk/jre/../lib/tools.jar:/home/user/.m2/repository/commons-cli/commons-cli/1.2/commons-cli-1.2.jar:/home/user/.m2/repository/org/apache/commons/commons-math3/3.1.1/commons-math3-3.1.1.jar:/home/user/.m2/repository/org/apache/httpcomponents/httpclient/4.5.2/httpclient-4.5.2.jar:/home/user/.m2/repository/org/apache/httpcomponents/httpcore/4.4.4/httpcore-4.4.4.jar:/home/user/.m2/repository/commons-codec/commons-codec/1.11/commons-codec-1.11.jar:/home/user/.m2/repository/commons-io/commons-io/2.5/commons-io-2.5.jar:/home/user/.m2/repository/commons-net/commons-net/3.6/commons-net-3.6.jar:/home/user/.m2/repository/commons-collections/commons-collections/3.2.2/commons-collections-3.2.2.jar:/home/user/.m2/repository/javax/servlet/javax.servlet-api/3.1.0/javax.servlet-api-3.1.0.jar:/home/user/.m2/repository/org/eclipse/jetty/jetty-server/9.3.24.v20180605/jetty-server-9.3.24.v20180605.jar:/home/user/.m2/repository/org/eclipse/jetty/jetty-http/9.3.24.v20180605/jetty-http-9.3.24.v20180605.jar:/home/user/.m2/repository/org/eclipse/jetty/jetty-io/9.3.24.v20180605/jetty-io-9.3.24.v20180605.jar:/home/user/.m2/repository/org/eclipse/jetty/jetty-util/9.3.24.v20180605/jetty-util-9.3.24.v20180605.jar:/home/user/.m2/repository/org/eclipse/jetty/jetty-servlet/9.3.24.v20180605/jetty-servlet-9.3.24.v20180605.jar:/home/user/.m2/repository/org/eclipse/jetty/jetty-security/9.3.24.v20180605/jetty-security-9.3.24.v20180605.jar:/home/user/.m2/repository/org/eclipse/jetty/jetty-webapp/9.3.24.v20180605/jetty-webapp-9.3.24.v20180605.jar:/home/user/.m2/repository/org/eclipse/jetty/jetty-xml/9.3.24.v20180605/jetty-xml-9.3.24.v20180605.jar:/home/user/.m2/repository/javax/servlet/jsp/jsp-api/2.1/jsp-api-2.1.jar:/home/user/.m2/repository/com/sun/jersey/jersey-core/1.19/jersey-core-1.19.jar:/home/user/.m2/repository/javax/ws/rs/jsr311-api/1.1.1/jsr311-api-1.1.1.jar:/home/user/.m2/repository/com/sun/jersey/jersey-servlet/1.19/jersey-servlet-1.19.jar:/home/user/.m2/repository/com/sun/jersey/jersey-json/1.19/jersey-json-1.19.jar:/home/user/.m2/repository/org/codehaus/jettison/jettison/1.1/jettison-1.1.jar:/home/user/.m2/repository/com/sun/xml/bind/jaxb-impl/2.3.0.1/jaxb-impl-2.3.0.1.jar:/home/user/.m2/repository/org/codehaus/jackson/jackson-core-asl/1.9.13/jackson-core-asl-1.9.13.jar:/home/user/.m2/repository/org/codehaus/jackson/jackson-mapper-asl/1.9.13/jackson-mapper-asl-1.9.13.jar:/home/user/.m2/repository/org/codehaus/jackson/jackson-jaxrs/1.9.13/jackson-jaxrs-1.9.13.jar:/home/user/.m2/repository/org/codehaus/jackson/jackson-xc/1.9.13/jackson-xc-1.9.13.jar:/home/user/.m2/repository/com/sun/jersey/jersey-server/1.19/jersey-server-1.19.jar:/home/user/.m2/repository/commons-logging/commons-logging/1.1.3/commons-logging-1.1.3.jar:/home/user/.m2/repository/log4j/log4j/1.2.17/log4j-1.2.17.jar:/home/user/.m2/repository/commons-beanutils/commons-beanutils/1.9.3/commons-beanutils-1.9.3.jar:/home/user/.m2/repository/org/apache/commons/commons-configuration2/2.1.1/commons-configuration2-2.1.1.jar:/home/user/.m2/repository/org/apache/commons/commons-lang3/3.7/commons-lang3-3.7.jar:/home/user/.m2/repository/org/apache/commons/commons-text/1.4/commons-text-1.4.jar:/home/user/.m2/repository/org/slf4j/slf4j-api/1.7.25/slf4j-api-1.7.25.jar:/home/user/.m2/repository/org/slf4j/slf4j-log4j12/1.7.25/slf4j-log4j12-1.7.25.jar:/home/user/.m2/repository/org/apache/avro/avro/1.7.7/avro-1.7.7.jar:/home/user/.m2/repository/com/thoughtworks/paranamer/paranamer/2.3/paranamer-2.3.jar:/home/user/.m2/repository/org/xerial/snappy/snappy-java/1.0.5/snappy-java-1.0.5.jar:/home/user/.m2/repository/com/google/re2j/re2j/1.1/re2j-1.1.jar:/home/user/.m2/repository/com/google/code/gson/gson/2.2.4/gson-2.2.4.jar:/home/user/.m2/repository/org/apache/hadoop/hadoop-auth/3.2.0/hadoop-auth-3.2.0.jar:/home/user/.m2/repository/com/nimbusds/nimbus-jose-jwt/4.41.1/nimbus-jose-jwt-4.41.1.jar:/home/user/.m2/repository/com/github/stephenc/jcip/jcip-annotations/1.0-1/jcip-annotations-1.0-1.jar:/home/user/.m2/repository/net/minidev/json-smart/2.3/json-smart-2.3.jar:/home/user/.m2/repository/net/minidev/accessors-smart/1.2/accessors-smart-1.2.jar:/home/user/.m2/repository/org/apache/curator/curator-framework/2.12.0/curator-framework-2.12.0.jar:/home/user/.m2/repository/com/jcraft/jsch/0.1.54/jsch-0.1.54.jar:/home/user/.m2/repository/org/apache/curator/curator-client/2.12.0/curator-client-2.12.0.jar:/home/user/.m2/repository/org/apache/curator/curator-recipes/2.12.0/curator-recipes-2.12.0.jar:/home/user/.m2/repository/com/google/code/findbugs/jsr305/3.0.0/jsr305-3.0.0.jar:/home/user/.m2/repository/org/apache/htrace/htrace-core4/4.1.0-incubating/htrace-core4-4.1.0-incubating.jar:/home/user/.m2/repository/org/apache/zookeeper/zookeeper/3.4.13/zookeeper-3.4.13.jar:/home/user/.m2/repository/org/apache/yetus/audience-annotations/0.5.0/audience-annotations-0.5.0.jar:/home/user/.m2/repository/org/apache/kerby/kerb-simplekdc/1.0.1/kerb-simplekdc-1.0.1.jar:/home/user/.m2/repository/org/apache/kerby/kerb-client/1.0.1/kerb-client-1.0.1.jar:/home/user/.m2/repository/org/apache/kerby/kerby-config/1.0.1/kerby-config-1.0.1.jar:/home/user/.m2/repository/org/apache/kerby/kerb-core/1.0.1/kerb-core-1.0.1.jar:/home/user/.m2/repository/org/apache/kerby/kerby-pkix/1.0.1/kerby-pkix-1.0.1.jar:/home/user/.m2/repository/org/apache/kerby/kerby-asn1/1.0.1/kerby-asn1-1.0.1.jar:/home/user/.m2/repository/org/apache/kerby/kerby-util/1.0.1/kerby-util-1.0.1.jar:/home/user/.m2/repository/org/apache/kerby/kerb-common/1.0.1/kerb-common-1.0.1.jar:/home/user/.m2/repository/org/apache/kerby/kerb-crypto/1.0.1/kerb-crypto-1.0.1.jar:/home/user/.m2/repository/org/apache/kerby/kerb-util/1.0.1/kerb-util-1.0.1.jar:/home/user/.m2/repository/org/apache/kerby/token-provider/1.0.1/token-provider-1.0.1.jar:/home/user/.m2/repository/org/apache/kerby/kerb-admin/1.0.1/kerb-admin-1.0.1.jar:/home/user/.m2/repository/org/apache/kerby/kerb-server/1.0.1/kerb-server-1.0.1.jar:/home/user/.m2/repository/org/apache/kerby/kerb-identity/1.0.1/kerb-identity-1.0.1.jar:/home/user/.m2/repository/org/apache/kerby/kerby-xdr/1.0.1/kerby-xdr-1.0.1.jar:/home/user/.m2/repository/com/fasterxml/jackson/core/jackson-databind/2.9.5/jackson-databind-2.9.5.jar:/home/user/.m2/repository/com/fasterxml/jackson/core/jackson-core/2.9.5/jackson-core-2.9.5.jar:/home/user/.m2/repository/org/codehaus/woodstox/stax2-api/3.1.4/stax2-api-3.1.4.jar:/home/user/.m2/repository/com/fasterxml/woodstox/woodstox-core/5.0.3/woodstox-core-5.0.3.jar:/home/user/.m2/repository/dnsjava/dnsjava/2.1.7/dnsjava-2.1.7.jar:/home/user/.m2/repository/org/apache/hadoop/hadoop-hdfs/3.2.0/hadoop-hdfs-3.2.0.jar:/home/user/.m2/repository/org/eclipse/jetty/jetty-util-ajax/9.3.24.v20180605/jetty-util-ajax-9.3.24.v20180605.jar:/home/user/.m2/repository/commons-daemon/commons-daemon/1.0.13/commons-daemon-1.0.13.jar:/home/user/.m2/repository/io/netty/netty/3.10.5.Final/netty-3.10.5.Final.jar:/home/user/.m2/repository/io/netty/netty-all/4.0.52.Final/netty-all-4.0.52.Final.jar:/home/user/.m2/repository/org/fusesource/leveldbjni/leveldbjni-all/1.8/leveldbjni-all-1.8.jar:/home/user/.m2/repository/com/sun/xml/bind/jaxb-core/2.3.0.1/jaxb-core-2.3.0.1.jar:/home/user/.m2/repository/javax/xml/bind/jaxb-api/2.3.0/jaxb-api-2.3.0.jar:/home/user/.m2/repository/javax/activation/activation/1.1.1/activation-1.1.1.jar:/home/user/.m2/repository/io/dropwizard/metrics/metrics-core/3.2.4/metrics-core-3.2.4.jar:/home/user/.m2/repository/org/openjdk/jmh/jmh-core/1.19/jmh-core-1.19.jar:/home/user/.m2/repository/net/sf/jopt-simple/jopt-simple/4.6/jopt-simple-4.6.jar:/home/user/.m2/repository/org/openjdk/jmh/jmh-generator-annprocess/1.19/jmh-generator-annprocess-1.19.jar:/home/user/.m2/repository/com/google/code/findbugs/findbugs/3.0.1/findbugs-3.0.1.jar:/home/user/.m2/repository/net/jcip/jcip-annotations/1.0/jcip-annotations-1.0.jar:/home/user/.m2/repository/com/google/code/findbugs/bcel-findbugs/6.0/bcel-findbugs-6.0.jar:/home/user/.m2/repository/com/google/code/findbugs/jFormatString/2.0.1/jFormatString-2.0.1.jar:/home/user/.m2/repository/dom4j/dom4j/1.6.1/dom4j-1.6.1.jar:/home/user/.m2/repository/xml-apis/xml-apis/1.0.b2/xml-apis-1.0.b2.jar:/home/user/.m2/repository/org/ow2/asm/asm-debug-all/5.0.2/asm-debug-all-5.0.2.jar:/home/user/.m2/repository/org/ow2/asm/asm-commons/5.0.2/asm-commons-5.0.2.jar:/home/user/.m2/repository/org/ow2/asm/asm-tree/5.0.2/asm-tree-5.0.2.jar:/home/user/.m2/repository/org/ow2/asm/asm/5.0.4/asm-5.0.4.jar:/home/user/.m2/repository/commons-lang/commons-lang/2.6/commons-lang-2.6.jar:/home/user/.m2/repository/com/apple/AppleJavaExtensions/1.4/AppleJavaExtensions-1.4.jar:/home/user/.m2/repository/jaxen/jaxen/1.1.6/jaxen-1.1.6.jar:/home/user/.m2/repository/junit/junit/4.11/junit-4.11.jar:/home/user/.m2/repository/org/hamcrest/hamcrest-core/1.3/hamcrest-core-1.3.jar:/home/user/.m2/repository/org/apache/hadoop/hadoop-common/3.2.0/hadoop-common-3.2.0-tests.jar:/workdir/hadoop-ozone/integration-test/target/test-classes:/home/user/.m2/repository/org/apache/hadoop/hadoop-ozone-objectstore-service/0.5.0-SNAPSHOT/hadoop-ozone-objectstore-service-0.5.0-SNAPSHOT.jar:/home/user/.m2/repository/org/apache/hadoop/hadoop-ozone-s3gateway/0.5.0-SNAPSHOT/hadoop-ozone-s3gateway-0.5.0-SNAPSHOT.jar:/home/user/.m2/repository/org/jboss/weld/servlet/weld-servlet/2.4.7.Final/weld-servlet-2.4.7.Final.jar:/home/user/.m2/repository/org/glassfish/jersey/containers/jersey-container-servlet-core/2.27/jersey-container-servlet-core-2.27.jar:/home/user/.m2/repository/org/glassfish/hk2/external/javax.inject/2.5.0-b42/javax.inject-2.5.0-b42.jar:/home/user/.m2/repository/org/glassfish/jersey/core/jersey-common/2.27/jersey-common-2.27.jar:/home/user/.m2/repository/org/glassfish/hk2/osgi-resource-locator/1.0.1/osgi-resource-locator-1.0.1.jar:/home/user/.m2/repository/javax/ws/rs/javax.ws.rs-api/2.1/javax.ws.rs-api-2.1.jar:/home/user/.m2/repository/org/glassfish/jersey/ext/cdi/jersey-cdi1x/2.27/jersey-cdi1x-2.27.jar:/home/user/.m2/repository/org/glassfish/jersey/inject/jersey-hk2/2.27/jersey-hk2-2.27.jar:/home/user/.m2/repository/org/glassfish/hk2/hk2-locator/2.5.0-b42/hk2-locator-2.5.0-b42.jar:/home/user/.m2/repository/org/javassist/javassist/3.22.0-CR2/javassist-3.22.0-CR2.jar:/home/user/.m2/repository/org/glassfish/hk2/hk2-api/2.5.0/hk2-api-2.5.0.jar:/home/user/.m2/repository/org/glassfish/hk2/external/jakarta.inject/2.5.0/jakarta.inject-2.5.0.jar:/home/user/.m2/repository/org/glassfish/hk2/hk2-utils/2.5.0/hk2-utils-2.5.0.jar:/home/user/.m2/repository/jakarta/annotation/jakarta.annotation-api/1.3.4/jakarta.annotation-api-1.3.4.jar:/home/user/.m2/repository/org/glassfish/hk2/external/aopalliance-repackaged/2.5.0/aopalliance-repackaged-2.5.0.jar:/home/user/.m2/repository/com/fasterxml/jackson/dataformat/jackson-dataformat-xml/2.9.0/jackson-dataformat-xml-2.9.0.jar:/home/user/.m2/repository/com/fasterxml/jackson/module/jackson-module-jaxb-annotations/2.9.5/jackson-module-jaxb-annotations-2.9.5.jar:/home/user/.m2/repository/javax/enterprise/cdi-api/1.2/cdi-api-1.2.jar:/home/user/.m2/repository/javax/el/javax.el-api/3.0.0/javax.el-api-3.0.0.jar:/home/user/.m2/repository/javax/interceptor/javax.interceptor-api/1.2/javax.interceptor-api-1.2.jar:/home/user/.m2/repository/javax/inject/javax.inject/1/javax.inject-1.jar:/home/user/.m2/repository/org/apache/hadoop/hadoop-ozone-csi/0.5.0-SNAPSHOT/hadoop-ozone-csi-0.5.0-SNAPSHOT.jar:/home/user/.m2/repository/com/google/protobuf/protobuf-java-util/3.5.1/protobuf-java-util-3.5.1.jar:/home/user/.m2/repository/io/grpc/grpc-netty/1.17.1/grpc-netty-1.17.1.jar:/home/user/.m2/repository/io/grpc/grpc-core/1.17.1/grpc-core-1.17.1.jar:/home/user/.m2/repository/io/grpc/grpc-context/1.17.1/grpc-context-1.17.1.jar:/home/user/.m2/repository/com/google/errorprone/error_prone_annotations/2.2.0/error_prone_annotations-2.2.0.jar:/home/user/.m2/repository/org/codehaus/mojo/animal-sniffer-annotations/1.17/animal-sniffer-annotations-1.17.jar:/home/user/.m2/repository/io/opencensus/opencensus-api/0.17.0/opencensus-api-0.17.0.jar:/home/user/.m2/repository/io/opencensus/opencensus-contrib-grpc-metrics/0.17.0/opencensus-contrib-grpc-metrics-0.17.0.jar:/home/user/.m2/repository/io/netty/netty-codec-http2/4.1.30.Final/netty-codec-http2-4.1.30.Final.jar:/home/user/.m2/repository/io/netty/netty-codec-http/4.1.30.Final/netty-codec-http-4.1.30.Final.jar:/home/user/.m2/repository/io/netty/netty-codec/4.1.30.Final/netty-codec-4.1.30.Final.jar:/home/user/.m2/repository/io/netty/netty-handler/4.1.30.Final/netty-handler-4.1.30.Final.jar:/home/user/.m2/repository/io/netty/netty-handler-proxy/4.1.30.Final/netty-handler-proxy-4.1.30.Final.jar:/home/user/.m2/repository/io/netty/netty-codec-socks/4.1.30.Final/netty-codec-socks-4.1.30.Final.jar:/home/user/.m2/repository/io/netty/netty-transport-native-epoll/4.1.30.Final/netty-transport-native-epoll-4.1.30.Final.jar:/home/user/.m2/repository/io/netty/netty-common/4.1.30.Final/netty-common-4.1.30.Final.jar:/home/user/.m2/repository/io/netty/netty-buffer/4.1.30.Final/netty-buffer-4.1.30.Final.jar:/home/user/.m2/repository/io/netty/netty-transport/4.1.30.Final/netty-transport-4.1.30.Final.jar:/home/user/.m2/repository/io/netty/netty-resolver/4.1.30.Final/netty-resolver-4.1.30.Final.jar:/home/user/.m2/repository/io/netty/netty-transport-native-unix-common/4.1.30.Final/netty-transport-native-unix-common-4.1.30.Final.jar:/home/user/.m2/repository/io/grpc/grpc-protobuf/1.17.1/grpc-protobuf-1.17.1.jar:/home/user/.m2/repository/com/google/api/grpc/proto-google-common-protos/1.0.0/proto-google-common-protos-1.0.0.jar:/home/user/.m2/repository/io/grpc/grpc-protobuf-lite/1.17.1/grpc-protobuf-lite-1.17.1.jar:/home/user/.m2/repository/io/grpc/grpc-stub/1.17.1/grpc-stub-1.17.1.jar:/home/user/.m2/repository/org/apache/hadoop/hadoop-ozone-recon/0.5.0-SNAPSHOT/hadoop-ozone-recon-0.5.0-SNAPSHOT.jar:/home/user/.m2/repository/org/apache/hadoop/hadoop-ozone-reconcodegen/0.5.0-SNAPSHOT/hadoop-ozone-reconcodegen-0.5.0-SNAPSHOT.jar:/home/user/.m2/repository/com/google/inject/extensions/guice-multibindings/4.0/guice-multibindings-4.0.jar:/home/user/.m2/repository/com/google/inject/guice/4.0/guice-4.0.jar:/home/user/.m2/repository/aopalliance/aopalliance/1.0/aopalliance-1.0.jar:/home/user/.m2/repository/com/google/inject/extensions/guice-servlet/4.0/guice-servlet-4.0.jar:/home/user/.m2/repository/org/glassfish/jersey/containers/jersey-container-servlet/2.27/jersey-container-servlet-2.27.jar:/home/user/.m2/repository/org/glassfish/hk2/guice-bridge/2.5.0/guice-bridge-2.5.0.jar:/home/user/.m2/repository/org/glassfish/jersey/core/jersey-server/2.27/jersey-server-2.27.jar:/home/user/.m2/repository/org/glassfish/jersey/core/jersey-client/2.27/jersey-client-2.27.jar:/home/user/.m2/repository/org/glassfish/jersey/media/jersey-media-jaxb/2.27/jersey-media-jaxb-2.27.jar:/home/user/.m2/repository/javax/validation/validation-api/1.1.0.Final/validation-api-1.1.0.Final.jar:/home/user/.m2/repository/org/glassfish/jersey/media/jersey-media-json-jackson/2.27/jersey-media-json-jackson-2.27.jar:/home/user/.m2/repository/org/glassfish/jersey/ext/jersey-entity-filtering/2.27/jersey-entity-filtering-2.27.jar:/home/user/.m2/repository/com/google/inject/extensions/guice-assistedinject/4.0/guice-assistedinject-4.0.jar:/home/user/.m2/repository/org/jooq/jooq/3.11.10/jooq-3.11.10.jar:/home/user/.m2/repository/org/jooq/jooq-meta/3.11.10/jooq-meta-3.11.10.jar:/home/user/.m2/repository/org/jooq/jooq-codegen/3.11.10/jooq-codegen-3.11.10.jar:/home/user/.m2/repository/com/jolbox/bonecp/0.8.0.RELEASE/bonecp-0.8.0.RELEASE.jar:/home/user/.m2/repository/org/springframework/spring-jdbc/5.1.3.RELEASE/spring-jdbc-5.1.3.RELEASE.jar:/home/user/.m2/repository/org/springframework/spring-beans/5.1.3.RELEASE/spring-beans-5.1.3.RELEASE.jar:/home/user/.m2/repository/org/springframework/spring-core/5.1.3.RELEASE/spring-core-5.1.3.RELEASE.jar:/home/user/.m2/repository/org/springframework/spring-jcl/5.1.3.RELEASE/spring-jcl-5.1.3.RELEASE.jar:/home/user/.m2/repository/org/springframework/spring-tx/5.1.3.RELEASE/spring-tx-5.1.3.RELEASE.jar:/home/user/.m2/repository/org/mockito/mockito-core/2.15.0/mockito-core-2.15.0.jar:/home/user/.m2/repository/net/bytebuddy/byte-buddy/1.7.9/byte-buddy-1.7.9.jar:/home/user/.m2/repository/net/bytebuddy/byte-buddy-agent/1.7.9/byte-buddy-agent-1.7.9.jar:/home/user/.m2/repository/org/objenesis/objenesis/1.0/objenesis-1.0.jar:"/>
    <property name="java.vm.vendor" value="IcedTea"/>
    <property name="sun.arch.data.model" value="64"/>
    <property name="test.build.dir" value="/workdir/hadoop-ozone/tools/target/test-dir"/>
    <property name="test.cache.data" value=""/>
    <property name="java.vendor.url" value="https://icedtea.classpath.org"/>
    <property name="user.timezone" value=""/>
    <property name="java.vm.specification.version" value="1.8"/>
    <property name="os.name" value="Linux"/>
    <property name="test.build.data" value="/workdir/hadoop-ozone/tools/target/test-dir"/>
    <property name="user.country" value="US"/>
    <property name="sun.java.launcher" value="SUN_STANDARD"/>
    <property name="sun.boot.library.path" value="/usr/lib/jvm/java-1.8-openjdk/jre/lib/amd64"/>
    <property name="sun.java.command" value="/workdir/hadoop-ozone/tools/target/surefire/surefirebooter8730807126113636878.jar /workdir/hadoop-ozone/tools/target/surefire 2019-09-19T07-57-21_967-jvmRun1 surefire351464486868362042tmp surefire_1211694300137219170791tmp"/>
    <property name="test" value="!TestMiniChaosOzoneCluster"/>
    <property name="surefire.test.class.path" value="/workdir/hadoop-ozone/tools/target/test-classes:/workdir/hadoop-ozone/tools/target/classes:/home/user/.m2/repository/org/apache/hadoop/hadoop-ozone-ozone-manager/0.5.0-SNAPSHOT/hadoop-ozone-ozone-manager-0.5.0-SNAPSHOT.jar:/home/user/.m2/repository/org/apache/hadoop/hadoop-hdds-docs/0.5.0-SNAPSHOT/hadoop-hdds-docs-0.5.0-SNAPSHOT.jar:/home/user/.m2/repository/org/bouncycastle/bcprov-jdk15on/1.60/bcprov-jdk15on-1.60.jar:/home/user/.m2/repository/org/apache/hadoop/hadoop-ozone-common/0.5.0-SNAPSHOT/hadoop-ozone-common-0.5.0-SNAPSHOT.jar:/home/user/.m2/repository/org/apache/commons/commons-compress/1.4.1/commons-compress-1.4.1.jar:/home/user/.m2/repository/org/tukaani/xz/1.0/xz-1.0.jar:/home/user/.m2/repository/org/apache/hadoop/hadoop-hdfs-client/3.2.0/hadoop-hdfs-client-3.2.0.jar:/home/user/.m2/repository/com/fasterxml/jackson/core/jackson-annotations/2.9.5/jackson-annotations-2.9.5.jar:/home/user/.m2/repository/org/apache/hadoop/hadoop-hdds-common/0.5.0-SNAPSHOT/hadoop-hdds-common-0.5.0-SNAPSHOT.jar:/home/user/.m2/repository/org/apache/hadoop/hadoop-hdds-config/0.5.0-SNAPSHOT/hadoop-hdds-config-0.5.0-SNAPSHOT.jar:/home/user/.m2/repository/javax/annotation/javax.annotation-api/1.2/javax.annotation-api-1.2.jar:/home/user/.m2/repository/org/apache/ratis/ratis-server/0.4.0-2337318-SNAPSHOT/ratis-server-0.4.0-2337318-SNAPSHOT.jar:/home/user/.m2/repository/org/apache/ratis/ratis-thirdparty-misc/0.2.0/ratis-thirdparty-misc-0.2.0.jar:/home/user/.m2/repository/org/apache/ratis/ratis-proto/0.4.0-2337318-SNAPSHOT/ratis-proto-0.4.0-2337318-SNAPSHOT.jar:/home/user/.m2/repository/org/apache/ratis/ratis-common/0.4.0-2337318-SNAPSHOT/ratis-common-0.4.0-2337318-SNAPSHOT.jar:/home/user/.m2/repository/org/apache/ratis/ratis-client/0.4.0-2337318-SNAPSHOT/ratis-client-0.4.0-2337318-SNAPSHOT.jar:/home/user/.m2/repository/org/apache/ratis/ratis-metrics/0.4.0-2337318-SNAPSHOT/ratis-metrics-0.4.0-2337318-SNAPSHOT.jar:/home/user/.m2/repository/org/apache/ratis/ratis-netty/0.4.0-2337318-SNAPSHOT/ratis-netty-0.4.0-2337318-SNAPSHOT.jar:/home/user/.m2/repository/org/apache/ratis/ratis-grpc/0.4.0-2337318-SNAPSHOT/ratis-grpc-0.4.0-2337318-SNAPSHOT.jar:/home/user/.m2/repository/org/rocksdb/rocksdbjni/6.0.1/rocksdbjni-6.0.1.jar:/home/user/.m2/repository/org/apache/logging/log4j/log4j-api/2.11.0/log4j-api-2.11.0.jar:/home/user/.m2/repository/org/apache/logging/log4j/log4j-core/2.11.0/log4j-core-2.11.0.jar:/home/user/.m2/repository/com/lmax/disruptor/3.4.2/disruptor-3.4.2.jar:/home/user/.m2/repository/org/apache/commons/commons-pool2/2.6.0/commons-pool2-2.6.0.jar:/home/user/.m2/repository/org/bouncycastle/bcpkix-jdk15on/1.60/bcpkix-jdk15on-1.60.jar:/home/user/.m2/repository/commons-validator/commons-validator/1.6/commons-validator-1.6.jar:/home/user/.m2/repository/commons-digester/commons-digester/1.8.1/commons-digester-1.8.1.jar:/home/user/.m2/repository/io/jaegertracing/jaeger-client/0.33.1/jaeger-client-0.33.1.jar:/home/user/.m2/repository/io/jaegertracing/jaeger-thrift/0.33.1/jaeger-thrift-0.33.1.jar:/home/user/.m2/repository/org/apache/thrift/libthrift/0.11.0/libthrift-0.11.0.jar:/home/user/.m2/repository/com/squareup/okhttp3/okhttp/3.9.0/okhttp-3.9.0.jar:/home/user/.m2/repository/com/squareup/okio/okio/1.13.0/okio-1.13.0.jar:/home/user/.m2/repository/io/jaegertracing/jaeger-core/0.33.1/jaeger-core-0.33.1.jar:/home/user/.m2/repository/io/jaegertracing/jaeger-tracerresolver/0.33.1/jaeger-tracerresolver-0.33.1.jar:/home/user/.m2/repository/io/opentracing/contrib/opentracing-tracerresolver/0.1.5/opentracing-tracerresolver-0.1.5.jar:/home/user/.m2/repository/io/opentracing/opentracing-util/0.31.0/opentracing-util-0.31.0.jar:/home/user/.m2/repository/io/opentracing/opentracing-api/0.31.0/opentracing-api-0.31.0.jar:/home/user/.m2/repository/io/opentracing/opentracing-noop/0.31.0/opentracing-noop-0.31.0.jar:/home/user/.m2/repository/org/yaml/snakeyaml/1.16/snakeyaml-1.16.jar:/home/user/.m2/repository/org/apache/hadoop/hadoop-hdds-container-service/0.5.0-SNAPSHOT/hadoop-hdds-container-service-0.5.0-SNAPSHOT.jar:/home/user/.m2/repository/org/apache/hadoop/hadoop-hdds-client/0.5.0-SNAPSHOT/hadoop-hdds-client-0.5.0-SNAPSHOT.jar:/home/user/.m2/repository/org/apache/hadoop/hadoop-hdds-tools/0.5.0-SNAPSHOT/hadoop-hdds-tools-0.5.0-SNAPSHOT.jar:/home/user/.m2/repository/org/xerial/sqlite-jdbc/3.25.2/sqlite-jdbc-3.25.2.jar:/home/user/.m2/repository/org/apache/hadoop/hadoop-hdds-server-scm/0.5.0-SNAPSHOT/hadoop-hdds-server-scm-0.5.0-SNAPSHOT.jar:/home/user/.m2/repository/org/hamcrest/hamcrest-all/1.3/hamcrest-all-1.3.jar:/home/user/.m2/repository/info/picocli/picocli/3.9.6/picocli-3.9.6.jar:/home/user/.m2/repository/com/google/protobuf/protobuf-java/2.5.0/protobuf-java-2.5.0.jar:/home/user/.m2/repository/com/google/guava/guava/11.0.2/guava-11.0.2.jar:/home/user/.m2/repository/org/apache/hadoop/hadoop-ozone-client/0.5.0-SNAPSHOT/hadoop-ozone-client-0.5.0-SNAPSHOT.jar:/workdir/hadoop-ozone/ozonefs/target/classes:/home/user/.m2/repository/org/apache/hadoop/hadoop-hdds-server-framework/0.5.0-SNAPSHOT/hadoop-hdds-server-framework-0.5.0-SNAPSHOT.jar:/home/user/.m2/repository/org/apache/hadoop/hadoop-common/3.2.0/hadoop-common-3.2.0.jar:/home/user/.m2/repository/org/apache/hadoop/hadoop-annotations/3.2.0/hadoop-annotations-3.2.0.jar:/usr/lib/jvm/java-1.8-openjdk/jre/../lib/tools.jar:/home/user/.m2/repository/commons-cli/commons-cli/1.2/commons-cli-1.2.jar:/home/user/.m2/repository/org/apache/commons/commons-math3/3.1.1/commons-math3-3.1.1.jar:/home/user/.m2/repository/org/apache/httpcomponents/httpclient/4.5.2/httpclient-4.5.2.jar:/home/user/.m2/repository/org/apache/httpcomponents/httpcore/4.4.4/httpcore-4.4.4.jar:/home/user/.m2/repository/commons-codec/commons-codec/1.11/commons-codec-1.11.jar:/home/user/.m2/repository/commons-io/commons-io/2.5/commons-io-2.5.jar:/home/user/.m2/repository/commons-net/commons-net/3.6/commons-net-3.6.jar:/home/user/.m2/repository/commons-collections/commons-collections/3.2.2/commons-collections-3.2.2.jar:/home/user/.m2/repository/javax/servlet/javax.servlet-api/3.1.0/javax.servlet-api-3.1.0.jar:/home/user/.m2/repository/org/eclipse/jetty/jetty-server/9.3.24.v20180605/jetty-server-9.3.24.v20180605.jar:/home/user/.m2/repository/org/eclipse/jetty/jetty-http/9.3.24.v20180605/jetty-http-9.3.24.v20180605.jar:/home/user/.m2/repository/org/eclipse/jetty/jetty-io/9.3.24.v20180605/jetty-io-9.3.24.v20180605.jar:/home/user/.m2/repository/org/eclipse/jetty/jetty-util/9.3.24.v20180605/jetty-util-9.3.24.v20180605.jar:/home/user/.m2/repository/org/eclipse/jetty/jetty-servlet/9.3.24.v20180605/jetty-servlet-9.3.24.v20180605.jar:/home/user/.m2/repository/org/eclipse/jetty/jetty-security/9.3.24.v20180605/jetty-security-9.3.24.v20180605.jar:/home/user/.m2/repository/org/eclipse/jetty/jetty-webapp/9.3.24.v20180605/jetty-webapp-9.3.24.v20180605.jar:/home/user/.m2/repository/org/eclipse/jetty/jetty-xml/9.3.24.v20180605/jetty-xml-9.3.24.v20180605.jar:/home/user/.m2/repository/javax/servlet/jsp/jsp-api/2.1/jsp-api-2.1.jar:/home/user/.m2/repository/com/sun/jersey/jersey-core/1.19/jersey-core-1.19.jar:/home/user/.m2/repository/javax/ws/rs/jsr311-api/1.1.1/jsr311-api-1.1.1.jar:/home/user/.m2/repository/com/sun/jersey/jersey-servlet/1.19/jersey-servlet-1.19.jar:/home/user/.m2/repository/com/sun/jersey/jersey-json/1.19/jersey-json-1.19.jar:/home/user/.m2/repository/org/codehaus/jettison/jettison/1.1/jettison-1.1.jar:/home/user/.m2/repository/com/sun/xml/bind/jaxb-impl/2.3.0.1/jaxb-impl-2.3.0.1.jar:/home/user/.m2/repository/org/codehaus/jackson/jackson-core-asl/1.9.13/jackson-core-asl-1.9.13.jar:/home/user/.m2/repository/org/codehaus/jackson/jackson-mapper-asl/1.9.13/jackson-mapper-asl-1.9.13.jar:/home/user/.m2/repository/org/codehaus/jackson/jackson-jaxrs/1.9.13/jackson-jaxrs-1.9.13.jar:/home/user/.m2/repository/org/codehaus/jackson/jackson-xc/1.9.13/jackson-xc-1.9.13.jar:/home/user/.m2/repository/com/sun/jersey/jersey-server/1.19/jersey-server-1.19.jar:/home/user/.m2/repository/commons-logging/commons-logging/1.1.3/commons-logging-1.1.3.jar:/home/user/.m2/repository/log4j/log4j/1.2.17/log4j-1.2.17.jar:/home/user/.m2/repository/commons-beanutils/commons-beanutils/1.9.3/commons-beanutils-1.9.3.jar:/home/user/.m2/repository/org/apache/commons/commons-configuration2/2.1.1/commons-configuration2-2.1.1.jar:/home/user/.m2/repository/org/apache/commons/commons-lang3/3.7/commons-lang3-3.7.jar:/home/user/.m2/repository/org/apache/commons/commons-text/1.4/commons-text-1.4.jar:/home/user/.m2/repository/org/slf4j/slf4j-api/1.7.25/slf4j-api-1.7.25.jar:/home/user/.m2/repository/org/slf4j/slf4j-log4j12/1.7.25/slf4j-log4j12-1.7.25.jar:/home/user/.m2/repository/org/apache/avro/avro/1.7.7/avro-1.7.7.jar:/home/user/.m2/repository/com/thoughtworks/paranamer/paranamer/2.3/paranamer-2.3.jar:/home/user/.m2/repository/org/xerial/snappy/snappy-java/1.0.5/snappy-java-1.0.5.jar:/home/user/.m2/repository/com/google/re2j/re2j/1.1/re2j-1.1.jar:/home/user/.m2/repository/com/google/code/gson/gson/2.2.4/gson-2.2.4.jar:/home/user/.m2/repository/org/apache/hadoop/hadoop-auth/3.2.0/hadoop-auth-3.2.0.jar:/home/user/.m2/repository/com/nimbusds/nimbus-jose-jwt/4.41.1/nimbus-jose-jwt-4.41.1.jar:/home/user/.m2/repository/com/github/stephenc/jcip/jcip-annotations/1.0-1/jcip-annotations-1.0-1.jar:/home/user/.m2/repository/net/minidev/json-smart/2.3/json-smart-2.3.jar:/home/user/.m2/repository/net/minidev/accessors-smart/1.2/accessors-smart-1.2.jar:/home/user/.m2/repository/org/apache/curator/curator-framework/2.12.0/curator-framework-2.12.0.jar:/home/user/.m2/repository/com/jcraft/jsch/0.1.54/jsch-0.1.54.jar:/home/user/.m2/repository/org/apache/curator/curator-client/2.12.0/curator-client-2.12.0.jar:/home/user/.m2/repository/org/apache/curator/curator-recipes/2.12.0/curator-recipes-2.12.0.jar:/home/user/.m2/repository/com/google/code/findbugs/jsr305/3.0.0/jsr305-3.0.0.jar:/home/user/.m2/repository/org/apache/htrace/htrace-core4/4.1.0-incubating/htrace-core4-4.1.0-incubating.jar:/home/user/.m2/repository/org/apache/zookeeper/zookeeper/3.4.13/zookeeper-3.4.13.jar:/home/user/.m2/repository/org/apache/yetus/audience-annotations/0.5.0/audience-annotations-0.5.0.jar:/home/user/.m2/repository/org/apache/kerby/kerb-simplekdc/1.0.1/kerb-simplekdc-1.0.1.jar:/home/user/.m2/repository/org/apache/kerby/kerb-client/1.0.1/kerb-client-1.0.1.jar:/home/user/.m2/repository/org/apache/kerby/kerby-config/1.0.1/kerby-config-1.0.1.jar:/home/user/.m2/repository/org/apache/kerby/kerb-core/1.0.1/kerb-core-1.0.1.jar:/home/user/.m2/repository/org/apache/kerby/kerby-pkix/1.0.1/kerby-pkix-1.0.1.jar:/home/user/.m2/repository/org/apache/kerby/kerby-asn1/1.0.1/kerby-asn1-1.0.1.jar:/home/user/.m2/repository/org/apache/kerby/kerby-util/1.0.1/kerby-util-1.0.1.jar:/home/user/.m2/repository/org/apache/kerby/kerb-common/1.0.1/kerb-common-1.0.1.jar:/home/user/.m2/repository/org/apache/kerby/kerb-crypto/1.0.1/kerb-crypto-1.0.1.jar:/home/user/.m2/repository/org/apache/kerby/kerb-util/1.0.1/kerb-util-1.0.1.jar:/home/user/.m2/repository/org/apache/kerby/token-provider/1.0.1/token-provider-1.0.1.jar:/home/user/.m2/repository/org/apache/kerby/kerb-admin/1.0.1/kerb-admin-1.0.1.jar:/home/user/.m2/repository/org/apache/kerby/kerb-server/1.0.1/kerb-server-1.0.1.jar:/home/user/.m2/repository/org/apache/kerby/kerb-identity/1.0.1/kerb-identity-1.0.1.jar:/home/user/.m2/repository/org/apache/kerby/kerby-xdr/1.0.1/kerby-xdr-1.0.1.jar:/home/user/.m2/repository/com/fasterxml/jackson/core/jackson-databind/2.9.5/jackson-databind-2.9.5.jar:/home/user/.m2/repository/com/fasterxml/jackson/core/jackson-core/2.9.5/jackson-core-2.9.5.jar:/home/user/.m2/repository/org/codehaus/woodstox/stax2-api/3.1.4/stax2-api-3.1.4.jar:/home/user/.m2/repository/com/fasterxml/woodstox/woodstox-core/5.0.3/woodstox-core-5.0.3.jar:/home/user/.m2/repository/dnsjava/dnsjava/2.1.7/dnsjava-2.1.7.jar:/home/user/.m2/repository/org/apache/hadoop/hadoop-hdfs/3.2.0/hadoop-hdfs-3.2.0.jar:/home/user/.m2/repository/org/eclipse/jetty/jetty-util-ajax/9.3.24.v20180605/jetty-util-ajax-9.3.24.v20180605.jar:/home/user/.m2/repository/commons-daemon/commons-daemon/1.0.13/commons-daemon-1.0.13.jar:/home/user/.m2/repository/io/netty/netty/3.10.5.Final/netty-3.10.5.Final.jar:/home/user/.m2/repository/io/netty/netty-all/4.0.52.Final/netty-all-4.0.52.Final.jar:/home/user/.m2/repository/org/fusesource/leveldbjni/leveldbjni-all/1.8/leveldbjni-all-1.8.jar:/home/user/.m2/repository/com/sun/xml/bind/jaxb-core/2.3.0.1/jaxb-core-2.3.0.1.jar:/home/user/.m2/repository/javax/xml/bind/jaxb-api/2.3.0/jaxb-api-2.3.0.jar:/home/user/.m2/repository/javax/activation/activation/1.1.1/activation-1.1.1.jar:/home/user/.m2/repository/io/dropwizard/metrics/metrics-core/3.2.4/metrics-core-3.2.4.jar:/home/user/.m2/repository/org/openjdk/jmh/jmh-core/1.19/jmh-core-1.19.jar:/home/user/.m2/repository/net/sf/jopt-simple/jopt-simple/4.6/jopt-simple-4.6.jar:/home/user/.m2/repository/org/openjdk/jmh/jmh-generator-annprocess/1.19/jmh-generator-annprocess-1.19.jar:/home/user/.m2/repository/com/google/code/findbugs/findbugs/3.0.1/findbugs-3.0.1.jar:/home/user/.m2/repository/net/jcip/jcip-annotations/1.0/jcip-annotations-1.0.jar:/home/user/.m2/repository/com/google/code/findbugs/bcel-findbugs/6.0/bcel-findbugs-6.0.jar:/home/user/.m2/repository/com/google/code/findbugs/jFormatString/2.0.1/jFormatString-2.0.1.jar:/home/user/.m2/repository/dom4j/dom4j/1.6.1/dom4j-1.6.1.jar:/home/user/.m2/repository/xml-apis/xml-apis/1.0.b2/xml-apis-1.0.b2.jar:/home/user/.m2/repository/org/ow2/asm/asm-debug-all/5.0.2/asm-debug-all-5.0.2.jar:/home/user/.m2/repository/org/ow2/asm/asm-commons/5.0.2/asm-commons-5.0.2.jar:/home/user/.m2/repository/org/ow2/asm/asm-tree/5.0.2/asm-tree-5.0.2.jar:/home/user/.m2/repository/org/ow2/asm/asm/5.0.4/asm-5.0.4.jar:/home/user/.m2/repository/commons-lang/commons-lang/2.6/commons-lang-2.6.jar:/home/user/.m2/repository/com/apple/AppleJavaExtensions/1.4/AppleJavaExtensions-1.4.jar:/home/user/.m2/repository/jaxen/jaxen/1.1.6/jaxen-1.1.6.jar:/home/user/.m2/repository/junit/junit/4.11/junit-4.11.jar:/home/user/.m2/repository/org/hamcrest/hamcrest-core/1.3/hamcrest-core-1.3.jar:/home/user/.m2/repository/org/apache/hadoop/hadoop-common/3.2.0/hadoop-common-3.2.0-tests.jar:/workdir/hadoop-ozone/integration-test/target/test-classes:/home/user/.m2/repository/org/apache/hadoop/hadoop-ozone-objectstore-service/0.5.0-SNAPSHOT/hadoop-ozone-objectstore-service-0.5.0-SNAPSHOT.jar:/home/user/.m2/repository/org/apache/hadoop/hadoop-ozone-s3gateway/0.5.0-SNAPSHOT/hadoop-ozone-s3gateway-0.5.0-SNAPSHOT.jar:/home/user/.m2/repository/org/jboss/weld/servlet/weld-servlet/2.4.7.Final/weld-servlet-2.4.7.Final.jar:/home/user/.m2/repository/org/glassfish/jersey/containers/jersey-container-servlet-core/2.27/jersey-container-servlet-core-2.27.jar:/home/user/.m2/repository/org/glassfish/hk2/external/javax.inject/2.5.0-b42/javax.inject-2.5.0-b42.jar:/home/user/.m2/repository/org/glassfish/jersey/core/jersey-common/2.27/jersey-common-2.27.jar:/home/user/.m2/repository/org/glassfish/hk2/osgi-resource-locator/1.0.1/osgi-resource-locator-1.0.1.jar:/home/user/.m2/repository/javax/ws/rs/javax.ws.rs-api/2.1/javax.ws.rs-api-2.1.jar:/home/user/.m2/repository/org/glassfish/jersey/ext/cdi/jersey-cdi1x/2.27/jersey-cdi1x-2.27.jar:/home/user/.m2/repository/org/glassfish/jersey/inject/jersey-hk2/2.27/jersey-hk2-2.27.jar:/home/user/.m2/repository/org/glassfish/hk2/hk2-locator/2.5.0-b42/hk2-locator-2.5.0-b42.jar:/home/user/.m2/repository/org/javassist/javassist/3.22.0-CR2/javassist-3.22.0-CR2.jar:/home/user/.m2/repository/org/glassfish/hk2/hk2-api/2.5.0/hk2-api-2.5.0.jar:/home/user/.m2/repository/org/glassfish/hk2/external/jakarta.inject/2.5.0/jakarta.inject-2.5.0.jar:/home/user/.m2/repository/org/glassfish/hk2/hk2-utils/2.5.0/hk2-utils-2.5.0.jar:/home/user/.m2/repository/jakarta/annotation/jakarta.annotation-api/1.3.4/jakarta.annotation-api-1.3.4.jar:/home/user/.m2/repository/org/glassfish/hk2/external/aopalliance-repackaged/2.5.0/aopalliance-repackaged-2.5.0.jar:/home/user/.m2/repository/com/fasterxml/jackson/dataformat/jackson-dataformat-xml/2.9.0/jackson-dataformat-xml-2.9.0.jar:/home/user/.m2/repository/com/fasterxml/jackson/module/jackson-module-jaxb-annotations/2.9.5/jackson-module-jaxb-annotations-2.9.5.jar:/home/user/.m2/repository/javax/enterprise/cdi-api/1.2/cdi-api-1.2.jar:/home/user/.m2/repository/javax/el/javax.el-api/3.0.0/javax.el-api-3.0.0.jar:/home/user/.m2/repository/javax/interceptor/javax.interceptor-api/1.2/javax.interceptor-api-1.2.jar:/home/user/.m2/repository/javax/inject/javax.inject/1/javax.inject-1.jar:/home/user/.m2/repository/org/apache/hadoop/hadoop-ozone-csi/0.5.0-SNAPSHOT/hadoop-ozone-csi-0.5.0-SNAPSHOT.jar:/home/user/.m2/repository/com/google/protobuf/protobuf-java-util/3.5.1/protobuf-java-util-3.5.1.jar:/home/user/.m2/repository/io/grpc/grpc-netty/1.17.1/grpc-netty-1.17.1.jar:/home/user/.m2/repository/io/grpc/grpc-core/1.17.1/grpc-core-1.17.1.jar:/home/user/.m2/repository/io/grpc/grpc-context/1.17.1/grpc-context-1.17.1.jar:/home/user/.m2/repository/com/google/errorprone/error_prone_annotations/2.2.0/error_prone_annotations-2.2.0.jar:/home/user/.m2/repository/org/codehaus/mojo/animal-sniffer-annotations/1.17/animal-sniffer-annotations-1.17.jar:/home/user/.m2/repository/io/opencensus/opencensus-api/0.17.0/opencensus-api-0.17.0.jar:/home/user/.m2/repository/io/opencensus/opencensus-contrib-grpc-metrics/0.17.0/opencensus-contrib-grpc-metrics-0.17.0.jar:/home/user/.m2/repository/io/netty/netty-codec-http2/4.1.30.Final/netty-codec-http2-4.1.30.Final.jar:/home/user/.m2/repository/io/netty/netty-codec-http/4.1.30.Final/netty-codec-http-4.1.30.Final.jar:/home/user/.m2/repository/io/netty/netty-codec/4.1.30.Final/netty-codec-4.1.30.Final.jar:/home/user/.m2/repository/io/netty/netty-handler/4.1.30.Final/netty-handler-4.1.30.Final.jar:/home/user/.m2/repository/io/netty/netty-handler-proxy/4.1.30.Final/netty-handler-proxy-4.1.30.Final.jar:/home/user/.m2/repository/io/netty/netty-codec-socks/4.1.30.Final/netty-codec-socks-4.1.30.Final.jar:/home/user/.m2/repository/io/netty/netty-transport-native-epoll/4.1.30.Final/netty-transport-native-epoll-4.1.30.Final.jar:/home/user/.m2/repository/io/netty/netty-common/4.1.30.Final/netty-common-4.1.30.Final.jar:/home/user/.m2/repository/io/netty/netty-buffer/4.1.30.Final/netty-buffer-4.1.30.Final.jar:/home/user/.m2/repository/io/netty/netty-transport/4.1.30.Final/netty-transport-4.1.30.Final.jar:/home/user/.m2/repository/io/netty/netty-resolver/4.1.30.Final/netty-resolver-4.1.30.Final.jar:/home/user/.m2/repository/io/netty/netty-transport-native-unix-common/4.1.30.Final/netty-transport-native-unix-common-4.1.30.Final.jar:/home/user/.m2/repository/io/grpc/grpc-protobuf/1.17.1/grpc-protobuf-1.17.1.jar:/home/user/.m2/repository/com/google/api/grpc/proto-google-common-protos/1.0.0/proto-google-common-protos-1.0.0.jar:/home/user/.m2/repository/io/grpc/grpc-protobuf-lite/1.17.1/grpc-protobuf-lite-1.17.1.jar:/home/user/.m2/repository/io/grpc/grpc-stub/1.17.1/grpc-stub-1.17.1.jar:/home/user/.m2/repository/org/apache/hadoop/hadoop-ozone-recon/0.5.0-SNAPSHOT/hadoop-ozone-recon-0.5.0-SNAPSHOT.jar:/home/user/.m2/repository/org/apache/hadoop/hadoop-ozone-reconcodegen/0.5.0-SNAPSHOT/hadoop-ozone-reconcodegen-0.5.0-SNAPSHOT.jar:/home/user/.m2/repository/com/google/inject/extensions/guice-multibindings/4.0/guice-multibindings-4.0.jar:/home/user/.m2/repository/com/google/inject/guice/4.0/guice-4.0.jar:/home/user/.m2/repository/aopalliance/aopalliance/1.0/aopalliance-1.0.jar:/home/user/.m2/repository/com/google/inject/extensions/guice-servlet/4.0/guice-servlet-4.0.jar:/home/user/.m2/repository/org/glassfish/jersey/containers/jersey-container-servlet/2.27/jersey-container-servlet-2.27.jar:/home/user/.m2/repository/org/glassfish/hk2/guice-bridge/2.5.0/guice-bridge-2.5.0.jar:/home/user/.m2/repository/org/glassfish/jersey/core/jersey-server/2.27/jersey-server-2.27.jar:/home/user/.m2/repository/org/glassfish/jersey/core/jersey-client/2.27/jersey-client-2.27.jar:/home/user/.m2/repository/org/glassfish/jersey/media/jersey-media-jaxb/2.27/jersey-media-jaxb-2.27.jar:/home/user/.m2/repository/javax/validation/validation-api/1.1.0.Final/validation-api-1.1.0.Final.jar:/home/user/.m2/repository/org/glassfish/jersey/media/jersey-media-json-jackson/2.27/jersey-media-json-jackson-2.27.jar:/home/user/.m2/repository/org/glassfish/jersey/ext/jersey-entity-filtering/2.27/jersey-entity-filtering-2.27.jar:/home/user/.m2/repository/com/google/inject/extensions/guice-assistedinject/4.0/guice-assistedinject-4.0.jar:/home/user/.m2/repository/org/jooq/jooq/3.11.10/jooq-3.11.10.jar:/home/user/.m2/repository/org/jooq/jooq-meta/3.11.10/jooq-meta-3.11.10.jar:/home/user/.m2/repository/org/jooq/jooq-codegen/3.11.10/jooq-codegen-3.11.10.jar:/home/user/.m2/repository/com/jolbox/bonecp/0.8.0.RELEASE/bonecp-0.8.0.RELEASE.jar:/home/user/.m2/repository/org/springframework/spring-jdbc/5.1.3.RELEASE/spring-jdbc-5.1.3.RELEASE.jar:/home/user/.m2/repository/org/springframework/spring-beans/5.1.3.RELEASE/spring-beans-5.1.3.RELEASE.jar:/home/user/.m2/repository/org/springframework/spring-core/5.1.3.RELEASE/spring-core-5.1.3.RELEASE.jar:/home/user/.m2/repository/org/springframework/spring-jcl/5.1.3.RELEASE/spring-jcl-5.1.3.RELEASE.jar:/home/user/.m2/repository/org/springframework/spring-tx/5.1.3.RELEASE/spring-tx-5.1.3.RELEASE.jar:/home/user/.m2/repository/org/mockito/mockito-core/2.15.0/mockito-core-2.15.0.jar:/home/user/.m2/repository/net/bytebuddy/byte-buddy/1.7.9/byte-buddy-1.7.9.jar:/home/user/.m2/repository/net/bytebuddy/byte-buddy-agent/1.7.9/byte-buddy-agent-1.7.9.jar:/home/user/.m2/repository/org/objenesis/objenesis/1.0/objenesis-1.0.jar:"/>
    <property name="sun.cpu.endian" value="little"/>
    <property name="user.home" value="/home/user"/>
    <property name="user.language" value="en"/>
    <property name="java.specification.vendor" value="Oracle Corporation"/>
    <property name="java.home" value="/usr/lib/jvm/java-1.8-openjdk/jre"/>
    <property name="java.security.krb5.conf" value="/workdir/hadoop-ozone/tools/target/test-classes/krb5.conf"/>
    <property name="basedir" value="/workdir/hadoop-ozone/tools"/>
    <property name="file.separator" value="/"/>
    <property name="line.separator" value="&#10;"/>
    <property name="java.vm.specification.vendor" value="Oracle Corporation"/>
    <property name="java.specification.name" value="Java Platform API Specification"/>
    <property name="java.awt.graphicsenv" value="sun.awt.X11GraphicsEnvironment"/>
    <property name="surefire.real.class.path" value="/workdir/hadoop-ozone/tools/target/surefire/surefirebooter8730807126113636878.jar"/>
    <property name="hadoop.log.dir" value="/workdir/hadoop-ozone/tools/target/log"/>
    <property name="sun.boot.class.path" value="/usr/lib/jvm/java-1.8-openjdk/jre/lib/resources.jar:/usr/lib/jvm/java-1.8-openjdk/jre/lib/rt.jar:/usr/lib/jvm/java-1.8-openjdk/jre/lib/sunrsasign.jar:/usr/lib/jvm/java-1.8-openjdk/jre/lib/jsse.jar:/usr/lib/jvm/java-1.8-openjdk/jre/lib/jce.jar:/usr/lib/jvm/java-1.8-openjdk/jre/lib/charsets.jar:/usr/lib/jvm/java-1.8-openjdk/jre/lib/jfr.jar:/usr/lib/jvm/java-1.8-openjdk/jre/classes"/>
    <property name="sun.management.compiler" value="HotSpot 64-Bit Tiered Compilers"/>
    <property name="java.runtime.version" value="1.8.0_212-b04"/>
    <property name="java.net.preferIPv4Stack" value="true"/>
    <property name="user.name" value="jenkins1000"/>
    <property name="path.separator" value=":"/>
    <property name="java.security.egd" value="file:///dev/urandom"/>
    <property name="os.version" value="3.10.0-957.12.2.el7.x86_64"/>
    <property name="java.endorsed.dirs" value="/usr/lib/jvm/java-1.8-openjdk/jre/lib/endorsed"/>
    <property name="java.runtime.name" value="OpenJDK Runtime Environment"/>
    <property name="file.encoding" value="UTF-8"/>
    <property name="java.vm.name" value="OpenJDK 64-Bit Server VM"/>
    <property name="test.build.webapps" value=""/>
    <property name="localRepository" value="/home/user/.m2/repository"/>
    <property name="java.vendor.url.bug" value="https://icedtea.classpath.org/bugzilla"/>
    <property name="java.io.tmpdir" value="/tmp"/>
    <property name="require.test.libhadoop" value=""/>
    <property name="java.version" value="1.8.0_212"/>
    <property name="user.dir" value="/workdir/hadoop-ozone/tools"/>
    <property name="os.arch" value="amd64"/>
    <property name="java.vm.specification.name" value="Java Virtual Machine Specification"/>
    <property name="test.build.classes" value="/workdir/hadoop-ozone/tools/target/test-classes"/>
    <property name="java.awt.printerjob" value="sun.print.PSPrinterJob"/>
    <property name="sun.os.patch.level" value="unknown"/>
    <property name="hadoop.tmp.dir" value="/workdir/hadoop-ozone/tools/target/tmp"/>
    <property name="java.library.path" value="/usr/lib/jvm/java-1.8-openjdk/jre/lib/amd64/server:/usr/lib/jvm/java-1.8-openjdk/jre/lib/amd64:/usr/lib/jvm/java-1.8-openjdk/jre/../lib/amd64:/workdir/hadoop-ozone/tools/target/native/target/usr/local/lib:/workdir/hadoop-ozone/tools/../../hadoop-common-project/hadoop-common/target/native/target/usr/local/lib:/usr/java/packages/lib/amd64:/usr/lib64:/lib64:/lib:/usr/lib"/>
    <property name="java.vm.info" value="mixed mode"/>
    <property name="java.vendor" value="IcedTea"/>
    <property name="java.vm.version" value="25.212-b04"/>
    <property name="java.ext.dirs" value="/usr/lib/jvm/java-1.8-openjdk/jre/lib/ext:/usr/java/packages/lib/ext"/>
    <property name="sun.io.unicode.encoding" value="UnicodeLittle"/>
    <property name="java.class.version" value="52.0"/>
  </properties>
  <testcase name="ratisTestLargeKey" classname="org.apache.hadoop.ozone.freon.TestDataValidateWithSafeByteOperations" time="10.536">
    <error message="Allocated 0 blocks. Requested 5 blocks" type="INTERNAL_ERROR org.apache.hadoop.ozone.om.exceptions.OMException">INTERNAL_ERROR org.apache.hadoop.ozone.om.exceptions.OMException: Allocated 0 blocks. Requested 5 blocks
	at org.apache.hadoop.ozone.om.protocolPB.OzoneManagerProtocolClientSideTranslatorPB.handleError(OzoneManagerProtocolClientSideTranslatorPB.java:725)
	at org.apache.hadoop.ozone.om.protocolPB.OzoneManagerProtocolClientSideTranslatorPB.openKey(OzoneManagerProtocolClientSideTranslatorPB.java:716)
	at org.apache.hadoop.ozone.client.rpc.RpcClient.createKey(RpcClient.java:615)
	at org.apache.hadoop.ozone.client.OzoneBucket.createKey(OzoneBucket.java:323)
	at org.apache.hadoop.ozone.freon.RandomKeyGenerator.createKey(RandomKeyGenerator.java:686)
	at org.apache.hadoop.ozone.freon.RandomKeyGenerator.access$1100(RandomKeyGenerator.java:87)
	at org.apache.hadoop.ozone.freon.RandomKeyGenerator$ObjectCreator.run(RandomKeyGenerator.java:606)
	at java.util.concurrent.Executors$RunnableAdapter.call(Executors.java:511)
	at java.util.concurrent.FutureTask.run(FutureTask.java:266)
	at java.util.concurrent.ThreadPoolExecutor.runWorker(ThreadPoolExecutor.java:1149)
	at java.util.concurrent.ThreadPoolExecutor$Worker.run(ThreadPoolExecutor.java:624)
	at java.lang.Thread.run(Thread.java:748)
</error>
    <system-out><![CDATA[2019-09-19 09:56:43,045 [main] WARN  server.ServerUtils (ServerUtils.java:getScmDbDir(145)) - ozone.scm.db.dirs is not configured. We recommend adding this setting. Falling back to ozone.metadata.dirs instead.
2019-09-19 09:56:43,155 [main] WARN  server.ServerUtils (ServerUtils.java:getScmDbDir(145)) - ozone.scm.db.dirs is not configured. We recommend adding this setting. Falling back to ozone.metadata.dirs instead.
2019-09-19 09:56:43,160 [main] WARN  server.ServerUtils (ServerUtils.java:getScmDbDir(145)) - ozone.scm.db.dirs is not configured. We recommend adding this setting. Falling back to ozone.metadata.dirs instead.
2019-09-19 09:56:43,182 [main] INFO  util.log (Log.java:initialized(192)) - Logging initialized @896ms
2019-09-19 09:56:43,307 [main] INFO  db.DBStoreBuilder (DBStoreBuilder.java:addTable(110)) - using custom profile for table: deletedBlocks
2019-09-19 09:56:43,308 [main] INFO  db.DBStoreBuilder (DBStoreBuilder.java:processTables(161)) - Using default column profile:DBProfile.DISK for Table:deletedBlocks
2019-09-19 09:56:43,308 [main] INFO  db.DBStoreBuilder (DBStoreBuilder.java:addTable(110)) - using custom profile for table: validCerts
2019-09-19 09:56:43,309 [main] INFO  db.DBStoreBuilder (DBStoreBuilder.java:processTables(161)) - Using default column profile:DBProfile.DISK for Table:validCerts
2019-09-19 09:56:43,309 [main] INFO  db.DBStoreBuilder (DBStoreBuilder.java:addTable(110)) - using custom profile for table: revokedCerts
2019-09-19 09:56:43,310 [main] INFO  db.DBStoreBuilder (DBStoreBuilder.java:processTables(161)) - Using default column profile:DBProfile.DISK for Table:revokedCerts
2019-09-19 09:56:43,333 [main] INFO  db.DBStoreBuilder (DBStoreBuilder.java:addTable(110)) - using custom profile for table: default
2019-09-19 09:56:43,334 [main] INFO  db.DBStoreBuilder (DBStoreBuilder.java:processTables(167)) - Using default column profile:DBProfile.DISK for Table:default
2019-09-19 09:56:43,336 [main] INFO  db.DBStoreBuilder (DBStoreBuilder.java:getDbProfile(198)) - Using default options. DBProfile.DISK
2019-09-19 09:56:43,555 [main] INFO  net.NodeSchemaLoader (NodeSchemaLoader.java:loadSchemaFromFile(125)) - Loading file from sun.misc.CompoundEnumeration@3835c46
2019-09-19 09:56:43,557 [main] INFO  net.NodeSchemaLoader (NodeSchemaLoader.java:loadSchema(171)) - Loading network topology layer schema file
2019-09-19 09:56:43,629 [main] WARN  server.ServerUtils (ServerUtils.java:sanitizeUserArgs(70)) - ozone.scm.stale.node.interval value = 300000 is larger than max = 100000 based on the key value of ozone.scm.heartbeat.thread.interval, reset to the max value 100000.
2019-09-19 09:56:43,631 [main] WARN  server.ServerUtils (ServerUtils.java:sanitizeUserArgs(70)) - ozone.scm.stale.node.interval value = 300000 is larger than max = 100000 based on the key value of ozone.scm.heartbeat.thread.interval, reset to the max value 100000.
2019-09-19 09:56:43,633 [main] INFO  node.SCMNodeManager (SCMNodeManager.java:<init>(121)) - Entering startup safe mode.
2019-09-19 09:56:43,703 [main] INFO  algorithms.ContainerPlacementPolicyFactory (ContainerPlacementPolicyFactory.java:getPolicy(56)) - Create container placement policy of type org.apache.hadoop.hdds.scm.container.placement.algorithms.SCMContainerPlacementRandom
2019-09-19 09:56:43,718 [main] WARN  server.ServerUtils (ServerUtils.java:getScmDbDir(145)) - ozone.scm.db.dirs is not configured. We recommend adding this setting. Falling back to ozone.metadata.dirs instead.
2019-09-19 09:56:43,780 [main] INFO  pipeline.SCMPipelineManager (SCMPipelineManager.java:initializePipelineState(126)) - No pipeline exists in current db
2019-09-19 09:56:43,783 [main] WARN  server.ServerUtils (ServerUtils.java:getScmDbDir(145)) - ozone.scm.db.dirs is not configured. We recommend adding this setting. Falling back to ozone.metadata.dirs instead.
2019-09-19 09:56:43,881 [main] WARN  events.EventQueue (EventQueue.java:fireEvent(175)) - No event handler registered for event TypedEvent{payloadType=SafeModeStatus, name='SafeModeStatus'}
2019-09-19 09:56:44,365 [main] INFO  ipc.CallQueueManager (CallQueueManager.java:<init>(84)) - Using callQueue: class java.util.concurrent.LinkedBlockingQueue, queueCapacity: 2000, scheduler: class org.apache.hadoop.ipc.DefaultRpcScheduler, ipcBackoff: false.
2019-09-19 09:56:44,698 [Socket Reader #1 for port 34616] INFO  ipc.Server (Server.java:run(1074)) - Starting Socket Reader #1 for port 34616
2019-09-19 09:56:44,739 [main] INFO  ipc.CallQueueManager (CallQueueManager.java:<init>(84)) - Using callQueue: class java.util.concurrent.LinkedBlockingQueue, queueCapacity: 2000, scheduler: class org.apache.hadoop.ipc.DefaultRpcScheduler, ipcBackoff: false.
2019-09-19 09:56:44,741 [Socket Reader #1 for port 37935] INFO  ipc.Server (Server.java:run(1074)) - Starting Socket Reader #1 for port 37935
2019-09-19 09:56:44,754 [main] INFO  ipc.CallQueueManager (CallQueueManager.java:<init>(84)) - Using callQueue: class java.util.concurrent.LinkedBlockingQueue, queueCapacity: 2000, scheduler: class org.apache.hadoop.ipc.DefaultRpcScheduler, ipcBackoff: false.
2019-09-19 09:56:44,755 [Socket Reader #1 for port 44091] INFO  ipc.Server (Server.java:run(1074)) - Starting Socket Reader #1 for port 44091
2019-09-19 09:56:44,790 [main] INFO  hdfs.DFSUtil (DFSUtil.java:httpServerTemplateForNNAndJN(1641)) - Starting Web-server for scm at: http://0.0.0.0:0
2019-09-19 09:56:44,931 [main] INFO  server.AuthenticationFilter (AuthenticationFilter.java:constructSecretProvider(240)) - Unable to initialize FileSignerSecretProvider, falling back to use random secrets.
2019-09-19 09:56:44,948 [main] WARN  http.HttpRequestLog (HttpRequestLog.java:getRequestLog(97)) - Jetty request log can only be enabled using Log4j
2019-09-19 09:56:44,959 [main] INFO  http.HttpServer2 (HttpServer2.java:addGlobalFilter(975)) - Added global filter 'safety' (class=org.apache.hadoop.http.HttpServer2$QuotingInputFilter)
2019-09-19 09:56:44,961 [main] INFO  http.HttpServer2 (HttpServer2.java:addFilter(948)) - Added filter static_user_filter (class=org.apache.hadoop.http.lib.StaticUserWebFilter$StaticUserFilter) to context scm
2019-09-19 09:56:44,962 [main] INFO  http.HttpServer2 (HttpServer2.java:addFilter(958)) - Added filter static_user_filter (class=org.apache.hadoop.http.lib.StaticUserWebFilter$StaticUserFilter) to context logs
2019-09-19 09:56:44,962 [main] INFO  http.HttpServer2 (HttpServer2.java:addFilter(958)) - Added filter static_user_filter (class=org.apache.hadoop.http.lib.StaticUserWebFilter$StaticUserFilter) to context static
2019-09-19 09:56:44,997 [main] INFO  server.StorageContainerManager (StorageContainerManager.java:start(759)) - StorageContainerLocationProtocol RPC server is listening at /0.0.0.0:44091
2019-09-19 09:56:45,048 [main] WARN  impl.MetricsConfig (MetricsConfig.java:loadFirst(134)) - Cannot locate configuration: tried hadoop-metrics2-storagecontainermanager.properties,hadoop-metrics2.properties
2019-09-19 09:56:45,061 [main] INFO  impl.MetricsSystemImpl (MetricsSystemImpl.java:startTimer(374)) - Scheduled Metric snapshot period at 10 second(s).
2019-09-19 09:56:45,061 [main] INFO  impl.MetricsSystemImpl (MetricsSystemImpl.java:start(191)) - StorageContainerManager metrics system started
2019-09-19 09:56:45,292 [main] INFO  server.SCMClientProtocolServer (SCMClientProtocolServer.java:start(151)) - RPC server for Client  is listening at /0.0.0.0:44091
2019-09-19 09:56:45,293 [IPC Server Responder] INFO  ipc.Server (Server.java:run(1314)) - IPC Server Responder: starting
2019-09-19 09:56:45,293 [IPC Server listener on 44091] INFO  ipc.Server (Server.java:run(1153)) - IPC Server listener on 44091: starting
2019-09-19 09:56:45,295 [main] INFO  server.StorageContainerManager (StorageContainerManager.java:start(769)) - ScmBlockLocationProtocol RPC server is listening at /0.0.0.0:37935
2019-09-19 09:56:45,296 [main] INFO  server.SCMBlockProtocolServer (SCMBlockProtocolServer.java:start(140)) - RPC server for Block Protocol is listening at /0.0.0.0:37935
2019-09-19 09:56:45,296 [IPC Server listener on 37935] INFO  ipc.Server (Server.java:run(1153)) - IPC Server listener on 37935: starting
2019-09-19 09:56:45,296 [IPC Server Responder] INFO  ipc.Server (Server.java:run(1314)) - IPC Server Responder: starting
2019-09-19 09:56:45,299 [main] INFO  server.StorageContainerManager (StorageContainerManager.java:start(773)) - ScmDatanodeProtocl RPC server is listening at /0.0.0.0:34616
2019-09-19 09:56:45,299 [main] INFO  server.SCMDatanodeProtocolServer (SCMDatanodeProtocolServer.java:start(191)) - RPC server for DataNodes is listening at /0.0.0.0:34616
2019-09-19 09:56:45,299 [IPC Server listener on 34616] INFO  ipc.Server (Server.java:run(1153)) - IPC Server listener on 34616: starting
2019-09-19 09:56:45,299 [IPC Server Responder] INFO  ipc.Server (Server.java:run(1314)) - IPC Server Responder: starting
2019-09-19 09:56:45,303 [main] INFO  http.HttpServer2 (HttpServer2.java:bindListener(1191)) - Jetty bound to port 42331
2019-09-19 09:56:45,305 [main] INFO  server.Server (Server.java:doStart(351)) - jetty-9.3.24.v20180605, build timestamp: 2018-06-05T17:11:56Z, git hash: 84205aa28f11a4f31f2a3b86d1bba2cc8ab69827
2019-09-19 09:56:45,340 [main] INFO  handler.ContextHandler (ContextHandler.java:doStart(781)) - Started o.e.j.s.ServletContextHandler@4e70a728{/logs,file:///workdir/hadoop-ozone/tools/target/log,AVAILABLE}
2019-09-19 09:56:45,341 [main] INFO  handler.ContextHandler (ContextHandler.java:doStart(781)) - Started o.e.j.s.ServletContextHandler@1c3146bc{/static,jar:file:/home/user/.m2/repository/org/apache/hadoop/hadoop-hdds-server-scm/0.5.0-SNAPSHOT/hadoop-hdds-server-scm-0.5.0-SNAPSHOT.jar!/webapps/static,AVAILABLE}
2019-09-19 09:56:45,418 [main] INFO  handler.ContextHandler (ContextHandler.java:doStart(781)) - Started o.e.j.w.WebAppContext@72efb5c1{/,file:///tmp/jetty-0.0.0.0-42331-scm-_-any-2269634944155790839.dir/webapp/,AVAILABLE}{/scm}
2019-09-19 09:56:45,423 [main] INFO  server.AbstractConnector (AbstractConnector.java:doStart(278)) - Started ServerConnector@7a0e1b5e{HTTP/1.1,[http/1.1]}{0.0.0.0:42331}
2019-09-19 09:56:45,424 [main] INFO  server.Server (Server.java:doStart(419)) - Started @3138ms
2019-09-19 09:56:45,425 [main] INFO  server.BaseHttpServer (BaseHttpServer.java:updateConnectorAddress(213)) - HTTP server of SCM is listening at http://0.0.0.0:42331
2019-09-19 09:56:45,431 [org.apache.hadoop.util.JvmPauseMonitor$Monitor@15bcf458] INFO  util.JvmPauseMonitor (JvmPauseMonitor.java:run(188)) - Starting JVM pause monitor
2019-09-19 09:56:45,433 [main] WARN  server.ServerUtils (ServerUtils.java:getDBPath(222)) - ozone.om.db.dirs is not configured. We recommend adding this setting. Falling back to ozone.metadata.dirs instead.
2019-09-19 09:56:45,533 [main] WARN  server.ServerUtils (ServerUtils.java:getDBPath(222)) - ozone.om.db.dirs is not configured. We recommend adding this setting. Falling back to ozone.metadata.dirs instead.
2019-09-19 09:56:45,533 [main] WARN  server.ServerUtils (ServerUtils.java:getDBPath(222)) - ozone.om.db.dirs is not configured. We recommend adding this setting. Falling back to ozone.metadata.dirs instead.
2019-09-19 09:56:45,534 [main] INFO  om.OzoneManager (OzoneManager.java:setOMNodeDetails(645)) - OM Service ID is not set. Setting it to the default ID: omServiceIdDefault
2019-09-19 09:56:45,535 [main] INFO  om.OzoneManager (OzoneManager.java:setOMNodeDetails(651)) - OM Node ID is not set. Setting it to the OmStorage's OmID: 94045a59-d067-459b-826a-45df52f311e2
2019-09-19 09:56:45,536 [main] INFO  om.OzoneManager (OzoneManager.java:loadOMHAConfigs(602)) - Found matching OM address with OMServiceId: null, OMNodeId: null, RPC Address: localhost:0 and Ratis port: 9872
2019-09-19 09:56:45,830 | INFO  | SCMAudit | user=jenkins1000 | ip=192.168.34.5 | op=GET_SCM_INFO null | ret=SUCCESS |  
2019-09-19 09:56:46,291 [main] WARN  server.ServerUtils (ServerUtils.java:getDBPath(222)) - ozone.om.db.dirs is not configured. We recommend adding this setting. Falling back to ozone.metadata.dirs instead.
2019-09-19 09:56:46,299 [main] INFO  db.DBStoreBuilder (DBStoreBuilder.java:addTable(110)) - using custom profile for table: userTable
2019-09-19 09:56:46,299 [main] INFO  db.DBStoreBuilder (DBStoreBuilder.java:processTables(161)) - Using default column profile:DBProfile.DISK for Table:userTable
2019-09-19 09:56:46,299 [main] INFO  db.DBStoreBuilder (DBStoreBuilder.java:addTable(110)) - using custom profile for table: volumeTable
2019-09-19 09:56:46,299 [main] INFO  db.DBStoreBuilder (DBStoreBuilder.java:processTables(161)) - Using default column profile:DBProfile.DISK for Table:volumeTable
2019-09-19 09:56:46,300 [main] INFO  db.DBStoreBuilder (DBStoreBuilder.java:addTable(110)) - using custom profile for table: bucketTable
2019-09-19 09:56:46,300 [main] INFO  db.DBStoreBuilder (DBStoreBuilder.java:processTables(161)) - Using default column profile:DBProfile.DISK for Table:bucketTable
2019-09-19 09:56:46,300 [main] INFO  db.DBStoreBuilder (DBStoreBuilder.java:addTable(110)) - using custom profile for table: keyTable
2019-09-19 09:56:46,300 [main] INFO  db.DBStoreBuilder (DBStoreBuilder.java:processTables(161)) - Using default column profile:DBProfile.DISK for Table:keyTable
2019-09-19 09:56:46,301 [main] INFO  db.DBStoreBuilder (DBStoreBuilder.java:addTable(110)) - using custom profile for table: deletedTable
2019-09-19 09:56:46,301 [main] INFO  db.DBStoreBuilder (DBStoreBuilder.java:processTables(161)) - Using default column profile:DBProfile.DISK for Table:deletedTable
2019-09-19 09:56:46,301 [main] INFO  db.DBStoreBuilder (DBStoreBuilder.java:addTable(110)) - using custom profile for table: openKeyTable
2019-09-19 09:56:46,301 [main] INFO  db.DBStoreBuilder (DBStoreBuilder.java:processTables(161)) - Using default column profile:DBProfile.DISK for Table:openKeyTable
2019-09-19 09:56:46,302 [main] INFO  db.DBStoreBuilder (DBStoreBuilder.java:addTable(110)) - using custom profile for table: s3Table
2019-09-19 09:56:46,302 [main] INFO  db.DBStoreBuilder (DBStoreBuilder.java:processTables(161)) - Using default column profile:DBProfile.DISK for Table:s3Table
2019-09-19 09:56:46,302 [main] INFO  db.DBStoreBuilder (DBStoreBuilder.java:addTable(110)) - using custom profile for table: multipartInfoTable
2019-09-19 09:56:46,302 [main] INFO  db.DBStoreBuilder (DBStoreBuilder.java:processTables(161)) - Using default column profile:DBProfile.DISK for Table:multipartInfoTable
2019-09-19 09:56:46,303 [main] INFO  db.DBStoreBuilder (DBStoreBuilder.java:addTable(110)) - using custom profile for table: dTokenTable
2019-09-19 09:56:46,303 [main] INFO  db.DBStoreBuilder (DBStoreBuilder.java:processTables(161)) - Using default column profile:DBProfile.DISK for Table:dTokenTable
2019-09-19 09:56:46,303 [main] INFO  db.DBStoreBuilder (DBStoreBuilder.java:addTable(110)) - using custom profile for table: s3SecretTable
2019-09-19 09:56:46,303 [main] INFO  db.DBStoreBuilder (DBStoreBuilder.java:processTables(161)) - Using default column profile:DBProfile.DISK for Table:s3SecretTable
2019-09-19 09:56:46,304 [main] INFO  db.DBStoreBuilder (DBStoreBuilder.java:addTable(110)) - using custom profile for table: prefixTable
2019-09-19 09:56:46,304 [main] INFO  db.DBStoreBuilder (DBStoreBuilder.java:processTables(161)) - Using default column profile:DBProfile.DISK for Table:prefixTable
2019-09-19 09:56:46,304 [main] INFO  db.DBStoreBuilder (DBStoreBuilder.java:addTable(110)) - using custom profile for table: default
2019-09-19 09:56:46,304 [main] INFO  db.DBStoreBuilder (DBStoreBuilder.java:processTables(167)) - Using default column profile:DBProfile.DISK for Table:default
2019-09-19 09:56:46,304 [main] INFO  db.DBStoreBuilder (DBStoreBuilder.java:getDbProfile(198)) - Using default options. DBProfile.DISK
2019-09-19 09:56:46,766 [main] INFO  ipc.CallQueueManager (CallQueueManager.java:<init>(84)) - Using callQueue: class java.util.concurrent.LinkedBlockingQueue, queueCapacity: 2000, scheduler: class org.apache.hadoop.ipc.DefaultRpcScheduler, ipcBackoff: false.
2019-09-19 09:56:46,766 [Socket Reader #1 for port 43712] INFO  ipc.Server (Server.java:run(1074)) - Starting Socket Reader #1 for port 43712
2019-09-19 09:56:46,789 [main] INFO  om.OzoneManager (OzoneManager.java:start(1256)) - OzoneManager RPC server is listening at localhost/127.0.0.1:43712
2019-09-19 09:56:46,789 [main] INFO  impl.MetricsSystemImpl (MetricsSystemImpl.java:init(158)) - OzoneManager metrics system started (again)
2019-09-19 09:56:46,791 [IPC Server Responder] INFO  ipc.Server (Server.java:run(1314)) - IPC Server Responder: starting
2019-09-19 09:56:46,791 [IPC Server listener on 43712] INFO  ipc.Server (Server.java:run(1153)) - IPC Server listener on 43712: starting
2019-09-19 09:56:46,797 [main] INFO  hdfs.DFSUtil (DFSUtil.java:httpServerTemplateForNNAndJN(1641)) - Starting Web-server for ozoneManager at: http://0.0.0.0:0
2019-09-19 09:56:46,798 [main] INFO  server.AuthenticationFilter (AuthenticationFilter.java:constructSecretProvider(240)) - Unable to initialize FileSignerSecretProvider, falling back to use random secrets.
2019-09-19 09:56:46,799 [main] WARN  http.HttpRequestLog (HttpRequestLog.java:getRequestLog(97)) - Jetty request log can only be enabled using Log4j
2019-09-19 09:56:46,800 [main] INFO  http.HttpServer2 (HttpServer2.java:addGlobalFilter(975)) - Added global filter 'safety' (class=org.apache.hadoop.http.HttpServer2$QuotingInputFilter)
2019-09-19 09:56:46,801 [main] INFO  http.HttpServer2 (HttpServer2.java:addFilter(948)) - Added filter static_user_filter (class=org.apache.hadoop.http.lib.StaticUserWebFilter$StaticUserFilter) to context ozoneManager
2019-09-19 09:56:46,801 [main] INFO  http.HttpServer2 (HttpServer2.java:addFilter(958)) - Added filter static_user_filter (class=org.apache.hadoop.http.lib.StaticUserWebFilter$StaticUserFilter) to context logs
2019-09-19 09:56:46,802 [main] INFO  http.HttpServer2 (HttpServer2.java:addFilter(958)) - Added filter static_user_filter (class=org.apache.hadoop.http.lib.StaticUserWebFilter$StaticUserFilter) to context static
2019-09-19 09:56:46,803 [main] INFO  http.HttpServer2 (HttpServer2.java:bindListener(1191)) - Jetty bound to port 38794
2019-09-19 09:56:46,804 [main] INFO  server.Server (Server.java:doStart(351)) - jetty-9.3.24.v20180605, build timestamp: 2018-06-05T17:11:56Z, git hash: 84205aa28f11a4f31f2a3b86d1bba2cc8ab69827
2019-09-19 09:56:47,005 [main] INFO  handler.ContextHandler (ContextHandler.java:doStart(781)) - Started o.e.j.s.ServletContextHandler@782168b7{/logs,file:///workdir/hadoop-ozone/tools/target/log,AVAILABLE}
2019-09-19 09:56:47,007 [main] INFO  handler.ContextHandler (ContextHandler.java:doStart(781)) - Started o.e.j.s.ServletContextHandler@7435a578{/static,jar:file:/home/user/.m2/repository/org/apache/hadoop/hadoop-ozone-ozone-manager/0.5.0-SNAPSHOT/hadoop-ozone-ozone-manager-0.5.0-SNAPSHOT.jar!/webapps/static,AVAILABLE}
2019-09-19 09:56:47,103 [main] INFO  handler.ContextHandler (ContextHandler.java:doStart(781)) - Started o.e.j.w.WebAppContext@10876a6{/,file:///tmp/jetty-0.0.0.0-38794-ozoneManager-_-any-6116571220510427971.dir/webapp/,AVAILABLE}{/ozoneManager}
2019-09-19 09:56:47,110 [main] INFO  server.AbstractConnector (AbstractConnector.java:doStart(278)) - Started ServerConnector@71870da7{HTTP/1.1,[http/1.1]}{0.0.0.0:38794}
2019-09-19 09:56:47,112 [main] INFO  server.Server (Server.java:doStart(419)) - Started @4826ms
2019-09-19 09:56:47,114 [main] INFO  server.BaseHttpServer (BaseHttpServer.java:updateConnectorAddress(213)) - HTTP server of OZONEMANAGER is listening at http://0.0.0.0:38794
2019-09-19 09:56:47,303 [main] INFO  impl.MetricsSystemImpl (MetricsSystemImpl.java:init(158)) - HddsDatanode metrics system started (again)
2019-09-19 09:56:47,426 [main] INFO  ozone.HddsDatanodeService (HddsDatanodeService.java:start(184)) - HddsDatanodeService host:pr-hdds-1569-j4bt4-3030777008 ip:192.168.34.5
2019-09-19 09:56:47,461 [main] INFO  volume.HddsVolume (HddsVolume.java:<init>(176)) - Creating Volume: /workdir/hadoop-ozone/tools/target/test-dir/MiniOzoneClusterImpl-3225c09c-430a-4478-b047-7eb735aebfb5/datanode-0/data/containers/hdds of  storage type : DISK and capacity : 1482555576320
2019-09-19 09:56:47,462 [main] INFO  volume.VolumeSet (VolumeSet.java:initializeVolumeSet(170)) - Added Volume : /workdir/hadoop-ozone/tools/target/test-dir/MiniOzoneClusterImpl-3225c09c-430a-4478-b047-7eb735aebfb5/datanode-0/data/containers/hdds to VolumeSet
2019-09-19 09:56:47,465 [main] INFO  volume.ThrottledAsyncChecker (ThrottledAsyncChecker.java:schedule(140)) - Scheduling a check for org.apache.hadoop.ozone.container.common.volume.HddsVolume@ce9b9a9
2019-09-19 09:56:47,484 [main] INFO  volume.HddsVolumeChecker (HddsVolumeChecker.java:checkAllVolumes(203)) - Scheduled health check for volume org.apache.hadoop.ozone.container.common.volume.HddsVolume@ce9b9a9
2019-09-19 09:56:47,596 [main] INFO  impl.RaftServerProxy (ConfUtils.java:logGet(43)) - raft.rpc.type = GRPC (default)
2019-09-19 09:56:47,688 [main] INFO  grpc.GrpcFactory (GrpcFactory.java:checkPooledByteBufAllocatorUseCacheForAllThreads(45)) - PERFORMANCE WARNING: useCacheForAllThreads is true that may cause Netty to create a lot garbage objects and, as a result, trigger GC.
	It is recommended to disable useCacheForAllThreads by setting -Dorg.apache.ratis.thirdparty.io.netty.allocator.useCacheForAllThreads=false in command line.
2019-09-19 09:56:47,694 [main] INFO  grpc.GrpcConfigKeys$Server (ConfUtils.java:logGet(43)) - raft.grpc.server.port = 0 (default)
2019-09-19 09:56:47,695 [main] INFO  server.GrpcService (ConfUtils.java:logGet(43)) - raft.grpc.message.size.max = 33570816 (custom)
2019-09-19 09:56:47,697 [main] INFO  server.RaftServerConfigKeys (ConfUtils.java:logGet(43)) - raft.server.log.appender.buffer.byte-limit = 33554432 (custom)
2019-09-19 09:56:47,698 [main] INFO  server.GrpcService (ConfUtils.java:logGet(43)) - raft.grpc.flow.control.window = 1MB (=1048576) (default)
2019-09-19 09:56:47,699 [main] INFO  server.RaftServerConfigKeys (ConfUtils.java:logGet(43)) - raft.server.rpc.request.timeout = 3000ms (default)
2019-09-19 09:56:47,883 [main] INFO  server.RaftServerConfigKeys (ConfUtils.java:logGet(43)) - raft.server.storage.dir = [/workdir/hadoop-ozone/tools/target/test-dir/MiniOzoneClusterImpl-3225c09c-430a-4478-b047-7eb735aebfb5/datanode-0/data/ratis] (custom)
2019-09-19 09:56:47,918 [main] INFO  replication.SimpleContainerDownloader (SimpleContainerDownloader.java:<init>(72)) - Starting container downloader service to copy containers to replicate.
2019-09-19 09:56:47,931 [main] INFO  hdfs.DFSUtil (DFSUtil.java:httpServerTemplateForNNAndJN(1641)) - Starting Web-server for hddsDatanode at: http://0.0.0.0:0
2019-09-19 09:56:47,934 [main] INFO  server.AuthenticationFilter (AuthenticationFilter.java:constructSecretProvider(240)) - Unable to initialize FileSignerSecretProvider, falling back to use random secrets.
2019-09-19 09:56:47,935 [main] WARN  http.HttpRequestLog (HttpRequestLog.java:getRequestLog(97)) - Jetty request log can only be enabled using Log4j
2019-09-19 09:56:47,938 [main] INFO  http.HttpServer2 (HttpServer2.java:addGlobalFilter(975)) - Added global filter 'safety' (class=org.apache.hadoop.http.HttpServer2$QuotingInputFilter)
2019-09-19 09:56:47,939 [main] INFO  http.HttpServer2 (HttpServer2.java:addFilter(948)) - Added filter static_user_filter (class=org.apache.hadoop.http.lib.StaticUserWebFilter$StaticUserFilter) to context hddsDatanode
2019-09-19 09:56:47,940 [main] INFO  http.HttpServer2 (HttpServer2.java:addFilter(958)) - Added filter static_user_filter (class=org.apache.hadoop.http.lib.StaticUserWebFilter$StaticUserFilter) to context logs
2019-09-19 09:56:47,940 [main] INFO  http.HttpServer2 (HttpServer2.java:addFilter(958)) - Added filter static_user_filter (class=org.apache.hadoop.http.lib.StaticUserWebFilter$StaticUserFilter) to context static
2019-09-19 09:56:47,942 [main] INFO  http.HttpServer2 (HttpServer2.java:bindListener(1191)) - Jetty bound to port 40046
2019-09-19 09:56:47,942 [main] INFO  server.Server (Server.java:doStart(351)) - jetty-9.3.24.v20180605, build timestamp: 2018-06-05T17:11:56Z, git hash: 84205aa28f11a4f31f2a3b86d1bba2cc8ab69827
2019-09-19 09:56:47,945 [main] INFO  handler.ContextHandler (ContextHandler.java:doStart(781)) - Started o.e.j.s.ServletContextHandler@75d982d3{/logs,file:///workdir/hadoop-ozone/tools/target/log,AVAILABLE}
2019-09-19 09:56:47,946 [main] INFO  handler.ContextHandler (ContextHandler.java:doStart(781)) - Started o.e.j.s.ServletContextHandler@618ff5c2{/static,jar:file:/home/user/.m2/repository/org/apache/hadoop/hadoop-hdds-container-service/0.5.0-SNAPSHOT/hadoop-hdds-container-service-0.5.0-SNAPSHOT.jar!/webapps/static,AVAILABLE}
2019-09-19 09:56:47,990 [main] INFO  handler.ContextHandler (ContextHandler.java:doStart(781)) - Started o.e.j.w.WebAppContext@74ea46e2{/,file:///tmp/jetty-0.0.0.0-40046-hddsDatanode-_-any-4704910817009977257.dir/webapp/,AVAILABLE}{/hddsDatanode}
2019-09-19 09:56:47,991 [main] INFO  server.AbstractConnector (AbstractConnector.java:doStart(278)) - Started ServerConnector@6f911326{HTTP/1.1,[http/1.1]}{0.0.0.0:40046}
2019-09-19 09:56:47,992 [main] INFO  server.Server (Server.java:doStart(419)) - Started @5706ms
2019-09-19 09:56:47,994 [main] INFO  server.BaseHttpServer (BaseHttpServer.java:updateConnectorAddress(213)) - HTTP server of HDDSDATANODE is listening at http://0.0.0.0:40046
2019-09-19 09:56:49,059 | INFO  | ObjectStoreRestHttpServer | Listening HDDS REST traffic on /0.0.0.0:33267 |  
2019-09-19 09:56:49,062 [main] INFO  ozone.HddsDatanodeService (HddsDatanodeService.java:startPlugins(395)) - Started plug-in org.apache.hadoop.ozone.web.OzoneHddsDatanodeService@644d1b61
2019-09-19 09:56:49,065 [main] INFO  impl.MetricsSystemImpl (MetricsSystemImpl.java:init(158)) - HddsDatanode metrics system started (again)
2019-09-19 09:56:49,069 [main] INFO  ozone.HddsDatanodeService (HddsDatanodeService.java:start(184)) - HddsDatanodeService host:pr-hdds-1569-j4bt4-3030777008 ip:192.168.34.5
2019-09-19 09:56:49,071 [org.apache.hadoop.util.JvmPauseMonitor$Monitor@29abda3c] INFO  util.JvmPauseMonitor (JvmPauseMonitor.java:run(188)) - Starting JVM pause monitor
2019-09-19 09:56:49,080 [main] INFO  volume.HddsVolume (HddsVolume.java:<init>(176)) - Creating Volume: /workdir/hadoop-ozone/tools/target/test-dir/MiniOzoneClusterImpl-3225c09c-430a-4478-b047-7eb735aebfb5/datanode-1/data/containers/hdds of  storage type : DISK and capacity : 1482555576320
2019-09-19 09:56:49,080 [main] INFO  volume.VolumeSet (VolumeSet.java:initializeVolumeSet(170)) - Added Volume : /workdir/hadoop-ozone/tools/target/test-dir/MiniOzoneClusterImpl-3225c09c-430a-4478-b047-7eb735aebfb5/datanode-1/data/containers/hdds to VolumeSet
2019-09-19 09:56:49,081 [main] INFO  volume.ThrottledAsyncChecker (ThrottledAsyncChecker.java:schedule(140)) - Scheduling a check for org.apache.hadoop.ozone.container.common.volume.HddsVolume@6371cf2f
2019-09-19 09:56:49,082 [main] INFO  volume.HddsVolumeChecker (HddsVolumeChecker.java:checkAllVolumes(203)) - Scheduled health check for volume org.apache.hadoop.ozone.container.common.volume.HddsVolume@6371cf2f
2019-09-19 09:56:49,111 [main] INFO  impl.RaftServerProxy (ConfUtils.java:logGet(43)) - raft.rpc.type = GRPC (default)
2019-09-19 09:56:49,112 [main] INFO  grpc.GrpcFactory (GrpcFactory.java:checkPooledByteBufAllocatorUseCacheForAllThreads(45)) - PERFORMANCE WARNING: useCacheForAllThreads is true that may cause Netty to create a lot garbage objects and, as a result, trigger GC.
	It is recommended to disable useCacheForAllThreads by setting -Dorg.apache.ratis.thirdparty.io.netty.allocator.useCacheForAllThreads=false in command line.
2019-09-19 09:56:49,112 [main] INFO  grpc.GrpcConfigKeys$Server (ConfUtils.java:logGet(43)) - raft.grpc.server.port = 0 (default)
2019-09-19 09:56:49,112 [main] INFO  server.GrpcService (ConfUtils.java:logGet(43)) - raft.grpc.message.size.max = 33570816 (custom)
2019-09-19 09:56:49,112 [main] INFO  server.RaftServerConfigKeys (ConfUtils.java:logGet(43)) - raft.server.log.appender.buffer.byte-limit = 33554432 (custom)
2019-09-19 09:56:49,113 [main] INFO  server.GrpcService (ConfUtils.java:logGet(43)) - raft.grpc.flow.control.window = 1MB (=1048576) (default)
2019-09-19 09:56:49,113 [main] INFO  server.RaftServerConfigKeys (ConfUtils.java:logGet(43)) - raft.server.rpc.request.timeout = 3000ms (default)
2019-09-19 09:56:49,113 [main] INFO  server.RaftServerConfigKeys (ConfUtils.java:logGet(43)) - raft.server.storage.dir = [/workdir/hadoop-ozone/tools/target/test-dir/MiniOzoneClusterImpl-3225c09c-430a-4478-b047-7eb735aebfb5/datanode-1/data/ratis] (custom)
2019-09-19 09:56:49,114 [main] INFO  replication.SimpleContainerDownloader (SimpleContainerDownloader.java:<init>(72)) - Starting container downloader service to copy containers to replicate.
2019-09-19 09:56:49,115 [main] INFO  hdfs.DFSUtil (DFSUtil.java:httpServerTemplateForNNAndJN(1641)) - Starting Web-server for hddsDatanode at: http://0.0.0.0:0
2019-09-19 09:56:49,116 [main] INFO  server.AuthenticationFilter (AuthenticationFilter.java:constructSecretProvider(240)) - Unable to initialize FileSignerSecretProvider, falling back to use random secrets.
2019-09-19 09:56:49,117 [main] WARN  http.HttpRequestLog (HttpRequestLog.java:getRequestLog(97)) - Jetty request log can only be enabled using Log4j
2019-09-19 09:56:49,119 [main] INFO  http.HttpServer2 (HttpServer2.java:addGlobalFilter(975)) - Added global filter 'safety' (class=org.apache.hadoop.http.HttpServer2$QuotingInputFilter)
2019-09-19 09:56:49,119 [main] INFO  http.HttpServer2 (HttpServer2.java:addFilter(948)) - Added filter static_user_filter (class=org.apache.hadoop.http.lib.StaticUserWebFilter$StaticUserFilter) to context hddsDatanode
2019-09-19 09:56:49,119 [main] INFO  http.HttpServer2 (HttpServer2.java:addFilter(958)) - Added filter static_user_filter (class=org.apache.hadoop.http.lib.StaticUserWebFilter$StaticUserFilter) to context logs
2019-09-19 09:56:49,119 [main] INFO  http.HttpServer2 (HttpServer2.java:addFilter(958)) - Added filter static_user_filter (class=org.apache.hadoop.http.lib.StaticUserWebFilter$StaticUserFilter) to context static
2019-09-19 09:56:49,120 [main] INFO  http.HttpServer2 (HttpServer2.java:bindListener(1191)) - Jetty bound to port 46013
2019-09-19 09:56:49,120 [main] INFO  server.Server (Server.java:doStart(351)) - jetty-9.3.24.v20180605, build timestamp: 2018-06-05T17:11:56Z, git hash: 84205aa28f11a4f31f2a3b86d1bba2cc8ab69827
2019-09-19 09:56:49,124 [main] INFO  handler.ContextHandler (ContextHandler.java:doStart(781)) - Started o.e.j.s.ServletContextHandler@3b97907c{/logs,file:///workdir/hadoop-ozone/tools/target/log,AVAILABLE}
2019-09-19 09:56:49,124 [main] INFO  handler.ContextHandler (ContextHandler.java:doStart(781)) - Started o.e.j.s.ServletContextHandler@631c6d11{/static,jar:file:/home/user/.m2/repository/org/apache/hadoop/hadoop-hdds-container-service/0.5.0-SNAPSHOT/hadoop-hdds-container-service-0.5.0-SNAPSHOT.jar!/webapps/static,AVAILABLE}
2019-09-19 09:56:49,150 [main] INFO  handler.ContextHandler (ContextHandler.java:doStart(781)) - Started o.e.j.w.WebAppContext@61608e1a{/,file:///tmp/jetty-0.0.0.0-46013-hddsDatanode-_-any-1372329079494375274.dir/webapp/,AVAILABLE}{/hddsDatanode}
2019-09-19 09:56:49,151 [main] INFO  server.AbstractConnector (AbstractConnector.java:doStart(278)) - Started ServerConnector@7c46c9c3{HTTP/1.1,[http/1.1]}{0.0.0.0:46013}
2019-09-19 09:56:49,152 [main] INFO  server.Server (Server.java:doStart(419)) - Started @6866ms
2019-09-19 09:56:49,153 [main] INFO  server.BaseHttpServer (BaseHttpServer.java:updateConnectorAddress(213)) - HTTP server of HDDSDATANODE is listening at http://0.0.0.0:46013
2019-09-19 09:56:49,202 [Datanode State Machine Thread - 0] INFO  datanode.InitDatanodeState (InitDatanodeState.java:persistContainerDatanodeDetails(140)) - DatanodeDetails is persisted to /workdir/hadoop-ozone/tools/target/test-dir/MiniOzoneClusterImpl-3225c09c-430a-4478-b047-7eb735aebfb5/datanode-0/meta/datanode.id
2019-09-19 09:56:49,312 | INFO  | ObjectStoreRestHttpServer | Listening HDDS REST traffic on /0.0.0.0:42044 |  
2019-09-19 09:56:49,313 [main] INFO  ozone.HddsDatanodeService (HddsDatanodeService.java:startPlugins(395)) - Started plug-in org.apache.hadoop.ozone.web.OzoneHddsDatanodeService@12fcb2c3
2019-09-19 09:56:49,313 [main] INFO  impl.MetricsSystemImpl (MetricsSystemImpl.java:init(158)) - HddsDatanode metrics system started (again)
2019-09-19 09:56:49,316 [org.apache.hadoop.util.JvmPauseMonitor$Monitor@4bb8cd77] INFO  util.JvmPauseMonitor (JvmPauseMonitor.java:run(188)) - Starting JVM pause monitor
2019-09-19 09:56:49,316 [main] INFO  ozone.HddsDatanodeService (HddsDatanodeService.java:start(184)) - HddsDatanodeService host:pr-hdds-1569-j4bt4-3030777008 ip:192.168.34.5
2019-09-19 09:56:49,321 [Datanode State Machine Thread - 0] INFO  datanode.InitDatanodeState (InitDatanodeState.java:persistContainerDatanodeDetails(140)) - DatanodeDetails is persisted to /workdir/hadoop-ozone/tools/target/test-dir/MiniOzoneClusterImpl-3225c09c-430a-4478-b047-7eb735aebfb5/datanode-1/meta/datanode.id
2019-09-19 09:56:49,325 [main] INFO  volume.HddsVolume (HddsVolume.java:<init>(176)) - Creating Volume: /workdir/hadoop-ozone/tools/target/test-dir/MiniOzoneClusterImpl-3225c09c-430a-4478-b047-7eb735aebfb5/datanode-2/data/containers/hdds of  storage type : DISK and capacity : 1482555576320
2019-09-19 09:56:49,327 [main] INFO  volume.VolumeSet (VolumeSet.java:initializeVolumeSet(170)) - Added Volume : /workdir/hadoop-ozone/tools/target/test-dir/MiniOzoneClusterImpl-3225c09c-430a-4478-b047-7eb735aebfb5/datanode-2/data/containers/hdds to VolumeSet
2019-09-19 09:56:49,328 [main] INFO  volume.ThrottledAsyncChecker (ThrottledAsyncChecker.java:schedule(140)) - Scheduling a check for org.apache.hadoop.ozone.container.common.volume.HddsVolume@474749b8
2019-09-19 09:56:49,328 [main] INFO  volume.HddsVolumeChecker (HddsVolumeChecker.java:checkAllVolumes(203)) - Scheduled health check for volume org.apache.hadoop.ozone.container.common.volume.HddsVolume@474749b8
2019-09-19 09:56:49,344 [main] INFO  impl.RaftServerProxy (ConfUtils.java:logGet(43)) - raft.rpc.type = GRPC (default)
2019-09-19 09:56:49,345 [main] INFO  grpc.GrpcFactory (GrpcFactory.java:checkPooledByteBufAllocatorUseCacheForAllThreads(45)) - PERFORMANCE WARNING: useCacheForAllThreads is true that may cause Netty to create a lot garbage objects and, as a result, trigger GC.
	It is recommended to disable useCacheForAllThreads by setting -Dorg.apache.ratis.thirdparty.io.netty.allocator.useCacheForAllThreads=false in command line.
2019-09-19 09:56:49,345 [main] INFO  grpc.GrpcConfigKeys$Server (ConfUtils.java:logGet(43)) - raft.grpc.server.port = 0 (default)
2019-09-19 09:56:49,346 [main] INFO  server.GrpcService (ConfUtils.java:logGet(43)) - raft.grpc.message.size.max = 33570816 (custom)
2019-09-19 09:56:49,346 [main] INFO  server.RaftServerConfigKeys (ConfUtils.java:logGet(43)) - raft.server.log.appender.buffer.byte-limit = 33554432 (custom)
2019-09-19 09:56:49,346 [main] INFO  server.GrpcService (ConfUtils.java:logGet(43)) - raft.grpc.flow.control.window = 1MB (=1048576) (default)
2019-09-19 09:56:49,346 [main] INFO  server.RaftServerConfigKeys (ConfUtils.java:logGet(43)) - raft.server.rpc.request.timeout = 3000ms (default)
2019-09-19 09:56:49,347 [main] INFO  server.RaftServerConfigKeys (ConfUtils.java:logGet(43)) - raft.server.storage.dir = [/workdir/hadoop-ozone/tools/target/test-dir/MiniOzoneClusterImpl-3225c09c-430a-4478-b047-7eb735aebfb5/datanode-2/data/ratis] (custom)
2019-09-19 09:56:49,348 [main] INFO  replication.SimpleContainerDownloader (SimpleContainerDownloader.java:<init>(72)) - Starting container downloader service to copy containers to replicate.
2019-09-19 09:56:49,350 [main] INFO  hdfs.DFSUtil (DFSUtil.java:httpServerTemplateForNNAndJN(1641)) - Starting Web-server for hddsDatanode at: http://0.0.0.0:0
2019-09-19 09:56:49,352 [main] INFO  server.AuthenticationFilter (AuthenticationFilter.java:constructSecretProvider(240)) - Unable to initialize FileSignerSecretProvider, falling back to use random secrets.
2019-09-19 09:56:49,352 [main] WARN  http.HttpRequestLog (HttpRequestLog.java:getRequestLog(97)) - Jetty request log can only be enabled using Log4j
2019-09-19 09:56:49,355 [main] INFO  http.HttpServer2 (HttpServer2.java:addGlobalFilter(975)) - Added global filter 'safety' (class=org.apache.hadoop.http.HttpServer2$QuotingInputFilter)
2019-09-19 09:56:49,356 [main] INFO  http.HttpServer2 (HttpServer2.java:addFilter(948)) - Added filter static_user_filter (class=org.apache.hadoop.http.lib.StaticUserWebFilter$StaticUserFilter) to context hddsDatanode
2019-09-19 09:56:49,356 [main] INFO  http.HttpServer2 (HttpServer2.java:addFilter(958)) - Added filter static_user_filter (class=org.apache.hadoop.http.lib.StaticUserWebFilter$StaticUserFilter) to context logs
2019-09-19 09:56:49,356 [main] INFO  http.HttpServer2 (HttpServer2.java:addFilter(958)) - Added filter static_user_filter (class=org.apache.hadoop.http.lib.StaticUserWebFilter$StaticUserFilter) to context static
2019-09-19 09:56:49,357 [main] INFO  http.HttpServer2 (HttpServer2.java:bindListener(1191)) - Jetty bound to port 35945
2019-09-19 09:56:49,358 [main] INFO  server.Server (Server.java:doStart(351)) - jetty-9.3.24.v20180605, build timestamp: 2018-06-05T17:11:56Z, git hash: 84205aa28f11a4f31f2a3b86d1bba2cc8ab69827
2019-09-19 09:56:49,361 [main] INFO  handler.ContextHandler (ContextHandler.java:doStart(781)) - Started o.e.j.s.ServletContextHandler@5db948c9{/logs,file:///workdir/hadoop-ozone/tools/target/log,AVAILABLE}
2019-09-19 09:56:49,362 [main] INFO  handler.ContextHandler (ContextHandler.java:doStart(781)) - Started o.e.j.s.ServletContextHandler@357c9bd9{/static,jar:file:/home/user/.m2/repository/org/apache/hadoop/hadoop-hdds-container-service/0.5.0-SNAPSHOT/hadoop-hdds-container-service-0.5.0-SNAPSHOT.jar!/webapps/static,AVAILABLE}
2019-09-19 09:56:49,394 [main] INFO  handler.ContextHandler (ContextHandler.java:doStart(781)) - Started o.e.j.w.WebAppContext@3a3b10f4{/,file:///tmp/jetty-0.0.0.0-35945-hddsDatanode-_-any-1159458433832994077.dir/webapp/,AVAILABLE}{/hddsDatanode}
2019-09-19 09:56:49,395 [main] INFO  server.AbstractConnector (AbstractConnector.java:doStart(278)) - Started ServerConnector@49580ca8{HTTP/1.1,[http/1.1]}{0.0.0.0:35945}
2019-09-19 09:56:49,396 [main] INFO  server.Server (Server.java:doStart(419)) - Started @7111ms
2019-09-19 09:56:49,397 [main] INFO  server.BaseHttpServer (BaseHttpServer.java:updateConnectorAddress(213)) - HTTP server of HDDSDATANODE is listening at http://0.0.0.0:35945
2019-09-19 09:56:49,532 | INFO  | ObjectStoreRestHttpServer | Listening HDDS REST traffic on /0.0.0.0:39546 |  
2019-09-19 09:56:49,533 [main] INFO  ozone.HddsDatanodeService (HddsDatanodeService.java:startPlugins(395)) - Started plug-in org.apache.hadoop.ozone.web.OzoneHddsDatanodeService@637c840d
2019-09-19 09:56:49,533 [main] INFO  impl.MetricsSystemImpl (MetricsSystemImpl.java:init(158)) - HddsDatanode metrics system started (again)
2019-09-19 09:56:49,536 [main] INFO  ozone.HddsDatanodeService (HddsDatanodeService.java:start(184)) - HddsDatanodeService host:pr-hdds-1569-j4bt4-3030777008 ip:192.168.34.5
2019-09-19 09:56:49,537 [org.apache.hadoop.util.JvmPauseMonitor$Monitor@147ebe34] INFO  util.JvmPauseMonitor (JvmPauseMonitor.java:run(188)) - Starting JVM pause monitor
2019-09-19 09:56:49,540 [Datanode State Machine Thread - 0] INFO  datanode.InitDatanodeState (InitDatanodeState.java:persistContainerDatanodeDetails(140)) - DatanodeDetails is persisted to /workdir/hadoop-ozone/tools/target/test-dir/MiniOzoneClusterImpl-3225c09c-430a-4478-b047-7eb735aebfb5/datanode-2/meta/datanode.id
2019-09-19 09:56:49,545 [main] INFO  volume.HddsVolume (HddsVolume.java:<init>(176)) - Creating Volume: /workdir/hadoop-ozone/tools/target/test-dir/MiniOzoneClusterImpl-3225c09c-430a-4478-b047-7eb735aebfb5/datanode-3/data/containers/hdds of  storage type : DISK and capacity : 1482555576320
2019-09-19 09:56:49,545 [main] INFO  volume.VolumeSet (VolumeSet.java:initializeVolumeSet(170)) - Added Volume : /workdir/hadoop-ozone/tools/target/test-dir/MiniOzoneClusterImpl-3225c09c-430a-4478-b047-7eb735aebfb5/datanode-3/data/containers/hdds to VolumeSet
2019-09-19 09:56:49,545 [main] INFO  volume.ThrottledAsyncChecker (ThrottledAsyncChecker.java:schedule(140)) - Scheduling a check for org.apache.hadoop.ozone.container.common.volume.HddsVolume@615db358
2019-09-19 09:56:49,546 [main] INFO  volume.HddsVolumeChecker (HddsVolumeChecker.java:checkAllVolumes(203)) - Scheduled health check for volume org.apache.hadoop.ozone.container.common.volume.HddsVolume@615db358
2019-09-19 09:56:49,561 [main] INFO  impl.RaftServerProxy (ConfUtils.java:logGet(43)) - raft.rpc.type = GRPC (default)
2019-09-19 09:56:49,561 [main] INFO  grpc.GrpcFactory (GrpcFactory.java:checkPooledByteBufAllocatorUseCacheForAllThreads(45)) - PERFORMANCE WARNING: useCacheForAllThreads is true that may cause Netty to create a lot garbage objects and, as a result, trigger GC.
	It is recommended to disable useCacheForAllThreads by setting -Dorg.apache.ratis.thirdparty.io.netty.allocator.useCacheForAllThreads=false in command line.
2019-09-19 09:56:49,561 [main] INFO  grpc.GrpcConfigKeys$Server (ConfUtils.java:logGet(43)) - raft.grpc.server.port = 0 (default)
2019-09-19 09:56:49,561 [main] INFO  server.GrpcService (ConfUtils.java:logGet(43)) - raft.grpc.message.size.max = 33570816 (custom)
2019-09-19 09:56:49,561 [main] INFO  server.RaftServerConfigKeys (ConfUtils.java:logGet(43)) - raft.server.log.appender.buffer.byte-limit = 33554432 (custom)
2019-09-19 09:56:49,562 [main] INFO  server.GrpcService (ConfUtils.java:logGet(43)) - raft.grpc.flow.control.window = 1MB (=1048576) (default)
2019-09-19 09:56:49,562 [main] INFO  server.RaftServerConfigKeys (ConfUtils.java:logGet(43)) - raft.server.rpc.request.timeout = 3000ms (default)
2019-09-19 09:56:49,562 [main] INFO  server.RaftServerConfigKeys (ConfUtils.java:logGet(43)) - raft.server.storage.dir = [/workdir/hadoop-ozone/tools/target/test-dir/MiniOzoneClusterImpl-3225c09c-430a-4478-b047-7eb735aebfb5/datanode-3/data/ratis] (custom)
2019-09-19 09:56:49,563 [main] INFO  replication.SimpleContainerDownloader (SimpleContainerDownloader.java:<init>(72)) - Starting container downloader service to copy containers to replicate.
2019-09-19 09:56:49,564 [main] INFO  hdfs.DFSUtil (DFSUtil.java:httpServerTemplateForNNAndJN(1641)) - Starting Web-server for hddsDatanode at: http://0.0.0.0:0
2019-09-19 09:56:49,565 [main] INFO  server.AuthenticationFilter (AuthenticationFilter.java:constructSecretProvider(240)) - Unable to initialize FileSignerSecretProvider, falling back to use random secrets.
2019-09-19 09:56:49,566 [main] WARN  http.HttpRequestLog (HttpRequestLog.java:getRequestLog(97)) - Jetty request log can only be enabled using Log4j
2019-09-19 09:56:49,567 [main] INFO  http.HttpServer2 (HttpServer2.java:addGlobalFilter(975)) - Added global filter 'safety' (class=org.apache.hadoop.http.HttpServer2$QuotingInputFilter)
2019-09-19 09:56:49,568 [main] INFO  http.HttpServer2 (HttpServer2.java:addFilter(948)) - Added filter static_user_filter (class=org.apache.hadoop.http.lib.StaticUserWebFilter$StaticUserFilter) to context hddsDatanode
2019-09-19 09:56:49,568 [main] INFO  http.HttpServer2 (HttpServer2.java:addFilter(958)) - Added filter static_user_filter (class=org.apache.hadoop.http.lib.StaticUserWebFilter$StaticUserFilter) to context logs
2019-09-19 09:56:49,568 [main] INFO  http.HttpServer2 (HttpServer2.java:addFilter(958)) - Added filter static_user_filter (class=org.apache.hadoop.http.lib.StaticUserWebFilter$StaticUserFilter) to context static
2019-09-19 09:56:49,569 [main] INFO  http.HttpServer2 (HttpServer2.java:bindListener(1191)) - Jetty bound to port 44493
2019-09-19 09:56:49,569 [main] INFO  server.Server (Server.java:doStart(351)) - jetty-9.3.24.v20180605, build timestamp: 2018-06-05T17:11:56Z, git hash: 84205aa28f11a4f31f2a3b86d1bba2cc8ab69827
2019-09-19 09:56:49,573 [main] INFO  handler.ContextHandler (ContextHandler.java:doStart(781)) - Started o.e.j.s.ServletContextHandler@de77146{/logs,file:///workdir/hadoop-ozone/tools/target/log,AVAILABLE}
2019-09-19 09:56:49,573 [main] INFO  handler.ContextHandler (ContextHandler.java:doStart(781)) - Started o.e.j.s.ServletContextHandler@5cfed0ba{/static,jar:file:/home/user/.m2/repository/org/apache/hadoop/hadoop-hdds-container-service/0.5.0-SNAPSHOT/hadoop-hdds-container-service-0.5.0-SNAPSHOT.jar!/webapps/static,AVAILABLE}
2019-09-19 09:56:49,598 [main] INFO  handler.ContextHandler (ContextHandler.java:doStart(781)) - Started o.e.j.w.WebAppContext@6de43bc1{/,file:///tmp/jetty-0.0.0.0-44493-hddsDatanode-_-any-380784484964588872.dir/webapp/,AVAILABLE}{/hddsDatanode}
2019-09-19 09:56:49,598 [main] INFO  server.AbstractConnector (AbstractConnector.java:doStart(278)) - Started ServerConnector@27a9f025{HTTP/1.1,[http/1.1]}{0.0.0.0:44493}
2019-09-19 09:56:49,599 [main] INFO  server.Server (Server.java:doStart(419)) - Started @7314ms
2019-09-19 09:56:49,600 [main] INFO  server.BaseHttpServer (BaseHttpServer.java:updateConnectorAddress(213)) - HTTP server of HDDSDATANODE is listening at http://0.0.0.0:44493
2019-09-19 09:56:49,766 | INFO  | ObjectStoreRestHttpServer | Listening HDDS REST traffic on /0.0.0.0:45068 |  
2019-09-19 09:56:49,766 [main] INFO  ozone.HddsDatanodeService (HddsDatanodeService.java:startPlugins(395)) - Started plug-in org.apache.hadoop.ozone.web.OzoneHddsDatanodeService@50e5032c
2019-09-19 09:56:49,767 [main] INFO  impl.MetricsSystemImpl (MetricsSystemImpl.java:init(158)) - HddsDatanode metrics system started (again)
2019-09-19 09:56:49,771 [main] INFO  ozone.HddsDatanodeService (HddsDatanodeService.java:start(184)) - HddsDatanodeService host:pr-hdds-1569-j4bt4-3030777008 ip:192.168.34.5
2019-09-19 09:56:49,771 [org.apache.hadoop.util.JvmPauseMonitor$Monitor@490803c7] INFO  util.JvmPauseMonitor (JvmPauseMonitor.java:run(188)) - Starting JVM pause monitor
2019-09-19 09:56:49,773 [Datanode State Machine Thread - 0] INFO  datanode.InitDatanodeState (InitDatanodeState.java:persistContainerDatanodeDetails(140)) - DatanodeDetails is persisted to /workdir/hadoop-ozone/tools/target/test-dir/MiniOzoneClusterImpl-3225c09c-430a-4478-b047-7eb735aebfb5/datanode-3/meta/datanode.id
2019-09-19 09:56:49,778 [main] INFO  volume.HddsVolume (HddsVolume.java:<init>(176)) - Creating Volume: /workdir/hadoop-ozone/tools/target/test-dir/MiniOzoneClusterImpl-3225c09c-430a-4478-b047-7eb735aebfb5/datanode-4/data/containers/hdds of  storage type : DISK and capacity : 1482555576320
2019-09-19 09:56:49,779 [main] INFO  volume.VolumeSet (VolumeSet.java:initializeVolumeSet(170)) - Added Volume : /workdir/hadoop-ozone/tools/target/test-dir/MiniOzoneClusterImpl-3225c09c-430a-4478-b047-7eb735aebfb5/datanode-4/data/containers/hdds to VolumeSet
2019-09-19 09:56:49,779 [main] INFO  volume.ThrottledAsyncChecker (ThrottledAsyncChecker.java:schedule(140)) - Scheduling a check for org.apache.hadoop.ozone.container.common.volume.HddsVolume@284990de
2019-09-19 09:56:49,780 [main] INFO  volume.HddsVolumeChecker (HddsVolumeChecker.java:checkAllVolumes(203)) - Scheduled health check for volume org.apache.hadoop.ozone.container.common.volume.HddsVolume@284990de
2019-09-19 09:56:49,796 [main] INFO  impl.RaftServerProxy (ConfUtils.java:logGet(43)) - raft.rpc.type = GRPC (default)
2019-09-19 09:56:49,796 [main] INFO  grpc.GrpcFactory (GrpcFactory.java:checkPooledByteBufAllocatorUseCacheForAllThreads(45)) - PERFORMANCE WARNING: useCacheForAllThreads is true that may cause Netty to create a lot garbage objects and, as a result, trigger GC.
	It is recommended to disable useCacheForAllThreads by setting -Dorg.apache.ratis.thirdparty.io.netty.allocator.useCacheForAllThreads=false in command line.
2019-09-19 09:56:49,796 [main] INFO  grpc.GrpcConfigKeys$Server (ConfUtils.java:logGet(43)) - raft.grpc.server.port = 0 (default)
2019-09-19 09:56:49,797 [main] INFO  server.GrpcService (ConfUtils.java:logGet(43)) - raft.grpc.message.size.max = 33570816 (custom)
2019-09-19 09:56:49,797 [main] INFO  server.RaftServerConfigKeys (ConfUtils.java:logGet(43)) - raft.server.log.appender.buffer.byte-limit = 33554432 (custom)
2019-09-19 09:56:49,797 [main] INFO  server.GrpcService (ConfUtils.java:logGet(43)) - raft.grpc.flow.control.window = 1MB (=1048576) (default)
2019-09-19 09:56:49,797 [main] INFO  server.RaftServerConfigKeys (ConfUtils.java:logGet(43)) - raft.server.rpc.request.timeout = 3000ms (default)
2019-09-19 09:56:49,798 [main] INFO  server.RaftServerConfigKeys (ConfUtils.java:logGet(43)) - raft.server.storage.dir = [/workdir/hadoop-ozone/tools/target/test-dir/MiniOzoneClusterImpl-3225c09c-430a-4478-b047-7eb735aebfb5/datanode-4/data/ratis] (custom)
2019-09-19 09:56:49,798 [main] INFO  replication.SimpleContainerDownloader (SimpleContainerDownloader.java:<init>(72)) - Starting container downloader service to copy containers to replicate.
2019-09-19 09:56:49,800 [main] INFO  hdfs.DFSUtil (DFSUtil.java:httpServerTemplateForNNAndJN(1641)) - Starting Web-server for hddsDatanode at: http://0.0.0.0:0
2019-09-19 09:56:49,801 [main] INFO  server.AuthenticationFilter (AuthenticationFilter.java:constructSecretProvider(240)) - Unable to initialize FileSignerSecretProvider, falling back to use random secrets.
2019-09-19 09:56:49,801 [main] WARN  http.HttpRequestLog (HttpRequestLog.java:getRequestLog(97)) - Jetty request log can only be enabled using Log4j
2019-09-19 09:56:49,803 [main] INFO  http.HttpServer2 (HttpServer2.java:addGlobalFilter(975)) - Added global filter 'safety' (class=org.apache.hadoop.http.HttpServer2$QuotingInputFilter)
2019-09-19 09:56:49,803 [main] INFO  http.HttpServer2 (HttpServer2.java:addFilter(948)) - Added filter static_user_filter (class=org.apache.hadoop.http.lib.StaticUserWebFilter$StaticUserFilter) to context hddsDatanode
2019-09-19 09:56:49,804 [main] INFO  http.HttpServer2 (HttpServer2.java:addFilter(958)) - Added filter static_user_filter (class=org.apache.hadoop.http.lib.StaticUserWebFilter$StaticUserFilter) to context static
2019-09-19 09:56:49,804 [main] INFO  http.HttpServer2 (HttpServer2.java:addFilter(958)) - Added filter static_user_filter (class=org.apache.hadoop.http.lib.StaticUserWebFilter$StaticUserFilter) to context logs
2019-09-19 09:56:49,805 [main] INFO  http.HttpServer2 (HttpServer2.java:bindListener(1191)) - Jetty bound to port 43365
2019-09-19 09:56:49,805 [main] INFO  server.Server (Server.java:doStart(351)) - jetty-9.3.24.v20180605, build timestamp: 2018-06-05T17:11:56Z, git hash: 84205aa28f11a4f31f2a3b86d1bba2cc8ab69827
2019-09-19 09:56:49,807 [main] INFO  handler.ContextHandler (ContextHandler.java:doStart(781)) - Started o.e.j.s.ServletContextHandler@723742b2{/logs,file:///workdir/hadoop-ozone/tools/target/log,AVAILABLE}
2019-09-19 09:56:49,807 [main] INFO  handler.ContextHandler (ContextHandler.java:doStart(781)) - Started o.e.j.s.ServletContextHandler@34c76167{/static,jar:file:/home/user/.m2/repository/org/apache/hadoop/hadoop-hdds-container-service/0.5.0-SNAPSHOT/hadoop-hdds-container-service-0.5.0-SNAPSHOT.jar!/webapps/static,AVAILABLE}
2019-09-19 09:56:49,835 [main] INFO  handler.ContextHandler (ContextHandler.java:doStart(781)) - Started o.e.j.w.WebAppContext@4bc9ca97{/,file:///tmp/jetty-0.0.0.0-43365-hddsDatanode-_-any-9126171221348156742.dir/webapp/,AVAILABLE}{/hddsDatanode}
2019-09-19 09:56:49,836 [main] INFO  server.AbstractConnector (AbstractConnector.java:doStart(278)) - Started ServerConnector@3e43f049{HTTP/1.1,[http/1.1]}{0.0.0.0:43365}
2019-09-19 09:56:49,837 [main] INFO  server.Server (Server.java:doStart(419)) - Started @7551ms
2019-09-19 09:56:49,837 [main] INFO  server.BaseHttpServer (BaseHttpServer.java:updateConnectorAddress(213)) - HTTP server of HDDSDATANODE is listening at http://0.0.0.0:43365
2019-09-19 09:56:49,981 | INFO  | ObjectStoreRestHttpServer | Listening HDDS REST traffic on /0.0.0.0:44619 |  
2019-09-19 09:56:49,981 [main] INFO  ozone.HddsDatanodeService (HddsDatanodeService.java:startPlugins(395)) - Started plug-in org.apache.hadoop.ozone.web.OzoneHddsDatanodeService@7db5b890
2019-09-19 09:56:49,983 [main] INFO  ozone.MiniOzoneClusterImpl (MiniOzoneClusterImpl.java:lambda$waitForClusterToBeReady$0(142)) - Waiting for cluster to be ready. Got 0 of 5 DN Heartbeats.
2019-09-19 09:56:49,984 [org.apache.hadoop.util.JvmPauseMonitor$Monitor@65579fa1] INFO  util.JvmPauseMonitor (JvmPauseMonitor.java:run(188)) - Starting JVM pause monitor
2019-09-19 09:56:49,987 [Datanode State Machine Thread - 0] INFO  datanode.InitDatanodeState (InitDatanodeState.java:persistContainerDatanodeDetails(140)) - DatanodeDetails is persisted to /workdir/hadoop-ozone/tools/target/test-dir/MiniOzoneClusterImpl-3225c09c-430a-4478-b047-7eb735aebfb5/datanode-4/meta/datanode.id
2019-09-19 09:56:50,984 [main] INFO  ozone.MiniOzoneClusterImpl (MiniOzoneClusterImpl.java:lambda$waitForClusterToBeReady$0(142)) - Waiting for cluster to be ready. Got 0 of 5 DN Heartbeats.
2019-09-19 09:56:51,110 | INFO  | SCMAudit | user=jenkins1000 | ip=192.168.34.5 | op=GET_VERSION null | ret=SUCCESS |  
2019-09-19 09:56:51,132 [Datanode State Machine Thread - 0] INFO  ozoneimpl.OzoneContainer (OzoneContainer.java:start(186)) - Attempting to start container services.
2019-09-19 09:56:51,134 [Datanode State Machine Thread - 0] INFO  ozoneimpl.OzoneContainer (OzoneContainer.java:startContainerScrub(160)) - Background container scrubber has been disabled by hdds.containerscrub.enabled
2019-09-19 09:56:51,135 [Datanode State Machine Thread - 0] INFO  ratis.XceiverServerRatis (XceiverServerRatis.java:start(404)) - Starting XceiverServerRatis 4490b81b-0ef7-4125-ad05-765de4ccf1d4 at port 0
2019-09-19 09:56:51,157 [Datanode State Machine Thread - 0] INFO  impl.RaftServerProxy (RaftServerProxy.java:lambda$start$3(299)) - 4490b81b-0ef7-4125-ad05-765de4ccf1d4: start RPC server
2019-09-19 09:56:51,319 | INFO  | SCMAudit | user=jenkins1000 | ip=192.168.34.5 | op=GET_VERSION null | ret=SUCCESS |  
2019-09-19 09:56:51,333 [Datanode State Machine Thread - 0] INFO  ozoneimpl.OzoneContainer (OzoneContainer.java:start(186)) - Attempting to start container services.
2019-09-19 09:56:51,335 [Datanode State Machine Thread - 0] INFO  ozoneimpl.OzoneContainer (OzoneContainer.java:startContainerScrub(160)) - Background container scrubber has been disabled by hdds.containerscrub.enabled
2019-09-19 09:56:51,335 [Datanode State Machine Thread - 0] INFO  ratis.XceiverServerRatis (XceiverServerRatis.java:start(404)) - Starting XceiverServerRatis 39b9d8f1-cc47-4624-b4ed-3b44777a4379 at port 0
2019-09-19 09:56:51,345 [Datanode State Machine Thread - 0] INFO  impl.RaftServerProxy (RaftServerProxy.java:lambda$start$3(299)) - 39b9d8f1-cc47-4624-b4ed-3b44777a4379: start RPC server
2019-09-19 09:56:51,394 [Datanode State Machine Thread - 0] INFO  server.GrpcService (GrpcService.java:startImpl(149)) - 39b9d8f1-cc47-4624-b4ed-3b44777a4379: GrpcService started, listening on 0.0.0.0/0.0.0.0:45684
2019-09-19 09:56:51,394 [Datanode State Machine Thread - 0] INFO  server.GrpcService (GrpcService.java:startImpl(149)) - 4490b81b-0ef7-4125-ad05-765de4ccf1d4: GrpcService started, listening on 0.0.0.0/0.0.0.0:38735
2019-09-19 09:56:51,394 [Datanode State Machine Thread - 0] INFO  ratis.XceiverServerRatis (XceiverServerRatis.java:start(414)) - XceiverServerRatis 39b9d8f1-cc47-4624-b4ed-3b44777a4379 is started using port 45684
2019-09-19 09:56:51,395 [Datanode State Machine Thread - 0] INFO  ratis.XceiverServerRatis (XceiverServerRatis.java:start(414)) - XceiverServerRatis 4490b81b-0ef7-4125-ad05-765de4ccf1d4 is started using port 38735
2019-09-19 09:56:51,398 [Datanode State Machine Thread - 0] INFO  server.XceiverServerGrpc (XceiverServerGrpc.java:start(163)) - XceiverServerGrpc 39b9d8f1-cc47-4624-b4ed-3b44777a4379 is started using port 44321
2019-09-19 09:56:51,398 [Datanode State Machine Thread - 0] INFO  server.XceiverServerGrpc (XceiverServerGrpc.java:start(163)) - XceiverServerGrpc 4490b81b-0ef7-4125-ad05-765de4ccf1d4 is started using port 46139
2019-09-19 09:56:51,539 | INFO  | SCMAudit | user=jenkins1000 | ip=192.168.34.5 | op=GET_VERSION null | ret=SUCCESS |  
2019-09-19 09:56:51,554 [Datanode State Machine Thread - 0] INFO  ozoneimpl.OzoneContainer (OzoneContainer.java:start(186)) - Attempting to start container services.
2019-09-19 09:56:51,556 [Datanode State Machine Thread - 0] INFO  ozoneimpl.OzoneContainer (OzoneContainer.java:startContainerScrub(160)) - Background container scrubber has been disabled by hdds.containerscrub.enabled
2019-09-19 09:56:51,556 [Datanode State Machine Thread - 0] INFO  ratis.XceiverServerRatis (XceiverServerRatis.java:start(404)) - Starting XceiverServerRatis 19cf0631-d0d9-4f40-8587-54276d2ac576 at port 0
2019-09-19 09:56:51,565 [Datanode State Machine Thread - 0] INFO  impl.RaftServerProxy (RaftServerProxy.java:lambda$start$3(299)) - 19cf0631-d0d9-4f40-8587-54276d2ac576: start RPC server
2019-09-19 09:56:51,568 [Datanode State Machine Thread - 0] INFO  server.GrpcService (GrpcService.java:startImpl(149)) - 19cf0631-d0d9-4f40-8587-54276d2ac576: GrpcService started, listening on 0.0.0.0/0.0.0.0:38304
2019-09-19 09:56:51,568 [Datanode State Machine Thread - 0] INFO  ratis.XceiverServerRatis (XceiverServerRatis.java:start(414)) - XceiverServerRatis 19cf0631-d0d9-4f40-8587-54276d2ac576 is started using port 38304
2019-09-19 09:56:51,571 [Datanode State Machine Thread - 0] INFO  server.XceiverServerGrpc (XceiverServerGrpc.java:start(163)) - XceiverServerGrpc 19cf0631-d0d9-4f40-8587-54276d2ac576 is started using port 40954
2019-09-19 09:56:51,774 | INFO  | SCMAudit | user=jenkins1000 | ip=192.168.34.5 | op=GET_VERSION null | ret=SUCCESS |  
2019-09-19 09:56:51,797 [Datanode State Machine Thread - 0] INFO  ozoneimpl.OzoneContainer (OzoneContainer.java:start(186)) - Attempting to start container services.
2019-09-19 09:56:51,800 [Datanode State Machine Thread - 0] INFO  ozoneimpl.OzoneContainer (OzoneContainer.java:startContainerScrub(160)) - Background container scrubber has been disabled by hdds.containerscrub.enabled
2019-09-19 09:56:51,800 [Datanode State Machine Thread - 0] INFO  ratis.XceiverServerRatis (XceiverServerRatis.java:start(404)) - Starting XceiverServerRatis ce8f9236-bba2-4942-9bf9-b4bb96b280ac at port 0
2019-09-19 09:56:51,809 [Datanode State Machine Thread - 0] INFO  impl.RaftServerProxy (RaftServerProxy.java:lambda$start$3(299)) - ce8f9236-bba2-4942-9bf9-b4bb96b280ac: start RPC server
2019-09-19 09:56:51,813 [Datanode State Machine Thread - 0] INFO  server.GrpcService (GrpcService.java:startImpl(149)) - ce8f9236-bba2-4942-9bf9-b4bb96b280ac: GrpcService started, listening on 0.0.0.0/0.0.0.0:37969
2019-09-19 09:56:51,813 [Datanode State Machine Thread - 0] INFO  ratis.XceiverServerRatis (XceiverServerRatis.java:start(414)) - XceiverServerRatis ce8f9236-bba2-4942-9bf9-b4bb96b280ac is started using port 37969
2019-09-19 09:56:51,816 [Datanode State Machine Thread - 0] INFO  server.XceiverServerGrpc (XceiverServerGrpc.java:start(163)) - XceiverServerGrpc ce8f9236-bba2-4942-9bf9-b4bb96b280ac is started using port 33169
2019-09-19 09:56:51,984 [main] INFO  ozone.MiniOzoneClusterImpl (MiniOzoneClusterImpl.java:lambda$waitForClusterToBeReady$0(142)) - Waiting for cluster to be ready. Got 0 of 5 DN Heartbeats.
2019-09-19 09:56:51,987 | INFO  | SCMAudit | user=jenkins1000 | ip=192.168.34.5 | op=GET_VERSION null | ret=SUCCESS |  
2019-09-19 09:56:52,013 [Datanode State Machine Thread - 0] INFO  ozoneimpl.OzoneContainer (OzoneContainer.java:start(186)) - Attempting to start container services.
2019-09-19 09:56:52,018 [Datanode State Machine Thread - 0] INFO  ozoneimpl.OzoneContainer (OzoneContainer.java:startContainerScrub(160)) - Background container scrubber has been disabled by hdds.containerscrub.enabled
2019-09-19 09:56:52,019 [Datanode State Machine Thread - 0] INFO  ratis.XceiverServerRatis (XceiverServerRatis.java:start(404)) - Starting XceiverServerRatis c5d53031-865d-4491-9cd3-c718532e281c at port 0
2019-09-19 09:56:52,026 [Datanode State Machine Thread - 0] INFO  impl.RaftServerProxy (RaftServerProxy.java:lambda$start$3(299)) - c5d53031-865d-4491-9cd3-c718532e281c: start RPC server
2019-09-19 09:56:52,030 [Datanode State Machine Thread - 0] INFO  server.GrpcService (GrpcService.java:startImpl(149)) - c5d53031-865d-4491-9cd3-c718532e281c: GrpcService started, listening on 0.0.0.0/0.0.0.0:38112
2019-09-19 09:56:52,031 [Datanode State Machine Thread - 0] INFO  ratis.XceiverServerRatis (XceiverServerRatis.java:start(414)) - XceiverServerRatis c5d53031-865d-4491-9cd3-c718532e281c is started using port 38112
2019-09-19 09:56:52,034 [Datanode State Machine Thread - 0] INFO  server.XceiverServerGrpc (XceiverServerGrpc.java:start(163)) - XceiverServerGrpc c5d53031-865d-4491-9cd3-c718532e281c is started using port 39552
2019-09-19 09:56:52,985 [main] INFO  ozone.MiniOzoneClusterImpl (MiniOzoneClusterImpl.java:lambda$waitForClusterToBeReady$0(142)) - Waiting for cluster to be ready. Got 0 of 5 DN Heartbeats.
2019-09-19 09:56:53,117 [IPC Server handler 6 on 34616] INFO  net.NetworkTopology (NetworkTopologyImpl.java:add(110)) - Added a new node: /default-rack/4490b81b-0ef7-4125-ad05-765de4ccf1d4
2019-09-19 09:56:53,117 [IPC Server handler 6 on 34616] INFO  node.SCMNodeManager (SCMNodeManager.java:register(273)) - Registered Data node : 4490b81b-0ef7-4125-ad05-765de4ccf1d4{ip: 192.168.34.5, host: pr-hdds-1569-j4bt4-3030777008, networkLocation: /default-rack, certSerialId: null}
2019-09-19 09:56:53,125 [EventQueue-NodeRegistrationContainerReportForDataNodeSafeModeRule] INFO  safemode.SCMSafeModeManager (DataNodeSafeModeRule.java:process(71)) - SCM in safe mode. 1 DataNodes registered, 1 required.
2019-09-19 09:56:53,126 [EventQueue-NodeRegistrationContainerReportForDataNodeSafeModeRule] INFO  safemode.SCMSafeModeManager (SCMSafeModeManager.java:validateSafeModeExitRules(177)) - ScmSafeModeManager, all rules are successfully validated
2019-09-19 09:56:53,126 [EventQueue-NodeRegistrationContainerReportForDataNodeSafeModeRule] INFO  safemode.SCMSafeModeManager (SCMSafeModeManager.java:exitSafeMode(193)) - SCM exiting safe mode.
2019-09-19 09:56:53,138 | INFO  | SCMAudit | user=jenkins1000 | ip=192.168.34.5 | op=REGISTER {datanodeDetails=4490b81b-0ef7-4125-ad05-765de4ccf1d4{ip: 192.168.34.5, host: pr-hdds-1569-j4bt4-3030777008, networkLocation: /default-rack, certSerialId: null}} | ret=SUCCESS |  
2019-09-19 09:56:53,323 [IPC Server handler 1 on 34616] INFO  net.NetworkTopology (NetworkTopologyImpl.java:add(110)) - Added a new node: /default-rack/39b9d8f1-cc47-4624-b4ed-3b44777a4379
2019-09-19 09:56:53,324 [IPC Server handler 1 on 34616] INFO  node.SCMNodeManager (SCMNodeManager.java:register(273)) - Registered Data node : 39b9d8f1-cc47-4624-b4ed-3b44777a4379{ip: 192.168.34.5, host: pr-hdds-1569-j4bt4-3030777008, networkLocation: /default-rack, certSerialId: null}
2019-09-19 09:56:53,324 | INFO  | SCMAudit | user=jenkins1000 | ip=192.168.34.5 | op=REGISTER {datanodeDetails=39b9d8f1-cc47-4624-b4ed-3b44777a4379{ip: 192.168.34.5, host: pr-hdds-1569-j4bt4-3030777008, networkLocation: /default-rack, certSerialId: null}} | ret=SUCCESS |  
2019-09-19 09:56:53,540 [IPC Server handler 3 on 34616] INFO  net.NetworkTopology (NetworkTopologyImpl.java:add(110)) - Added a new node: /default-rack/19cf0631-d0d9-4f40-8587-54276d2ac576
2019-09-19 09:56:53,540 [IPC Server handler 3 on 34616] INFO  node.SCMNodeManager (SCMNodeManager.java:register(273)) - Registered Data node : 19cf0631-d0d9-4f40-8587-54276d2ac576{ip: 192.168.34.5, host: pr-hdds-1569-j4bt4-3030777008, networkLocation: /default-rack, certSerialId: null}
2019-09-19 09:56:53,541 | INFO  | SCMAudit | user=jenkins1000 | ip=192.168.34.5 | op=REGISTER {datanodeDetails=19cf0631-d0d9-4f40-8587-54276d2ac576{ip: 192.168.34.5, host: pr-hdds-1569-j4bt4-3030777008, networkLocation: /default-rack, certSerialId: null}} | ret=SUCCESS |  
2019-09-19 09:56:54,001 [main] INFO  ozone.MiniOzoneClusterImpl (MiniOzoneClusterImpl.java:lambda$waitForClusterToBeReady$0(142)) - Waiting for cluster to be ready. Got 3 of 5 DN Heartbeats.
2019-09-19 09:56:54,005 [IPC Server handler 6 on 34616] INFO  net.NetworkTopology (NetworkTopologyImpl.java:add(110)) - Added a new node: /default-rack/c5d53031-865d-4491-9cd3-c718532e281c
2019-09-19 09:56:54,005 [IPC Server handler 6 on 34616] INFO  node.SCMNodeManager (SCMNodeManager.java:register(273)) - Registered Data node : c5d53031-865d-4491-9cd3-c718532e281c{ip: 192.168.34.5, host: pr-hdds-1569-j4bt4-3030777008, networkLocation: /default-rack, certSerialId: null}
2019-09-19 09:56:54,005 [IPC Server handler 5 on 34616] INFO  net.NetworkTopology (NetworkTopologyImpl.java:add(110)) - Added a new node: /default-rack/ce8f9236-bba2-4942-9bf9-b4bb96b280ac
2019-09-19 09:56:54,005 [IPC Server handler 5 on 34616] INFO  node.SCMNodeManager (SCMNodeManager.java:register(273)) - Registered Data node : ce8f9236-bba2-4942-9bf9-b4bb96b280ac{ip: 192.168.34.5, host: pr-hdds-1569-j4bt4-3030777008, networkLocation: /default-rack, certSerialId: null}
2019-09-19 09:56:54,005 | INFO  | SCMAudit | user=jenkins1000 | ip=192.168.34.5 | op=REGISTER {datanodeDetails=c5d53031-865d-4491-9cd3-c718532e281c{ip: 192.168.34.5, host: pr-hdds-1569-j4bt4-3030777008, networkLocation: /default-rack, certSerialId: null}} | ret=SUCCESS |  
2019-09-19 09:56:54,006 | INFO  | SCMAudit | user=jenkins1000 | ip=192.168.34.5 | op=REGISTER {datanodeDetails=ce8f9236-bba2-4942-9bf9-b4bb96b280ac{ip: 192.168.34.5, host: pr-hdds-1569-j4bt4-3030777008, networkLocation: /default-rack, certSerialId: null}} | ret=SUCCESS |  
2019-09-19 09:56:54,067 [grpc-default-executor-0] INFO  impl.RaftServerProxy (RaftServerProxy.java:addNew(89)) - 4490b81b-0ef7-4125-ad05-765de4ccf1d4: addNew group-D9D0C247A077:[4490b81b-0ef7-4125-ad05-765de4ccf1d4:192.168.34.5:38735] returns group-D9D0C247A077:java.util.concurrent.CompletableFuture@c5e476f[Not completed]
2019-09-19 09:56:54,081 [pool-27-thread-1] INFO  impl.RaftServerImpl (RaftServerImpl.java:<init>(93)) - 4490b81b-0ef7-4125-ad05-765de4ccf1d4: new RaftServerImpl for group-D9D0C247A077:[4490b81b-0ef7-4125-ad05-765de4ccf1d4:192.168.34.5:38735] with ContainerStateMachine:uninitialized
2019-09-19 09:56:54,082 [pool-27-thread-1] INFO  server.RaftServerConfigKeys (ConfUtils.java:logGet(43)) - raft.server.rpc.timeout.min = 5s (custom)
2019-09-19 09:56:54,085 [pool-27-thread-1] INFO  server.RaftServerConfigKeys (ConfUtils.java:logGet(43)) - raft.server.rpc.timeout.max = 5200ms (custom)
2019-09-19 09:56:54,085 [pool-27-thread-1] INFO  server.RaftServerConfigKeys (ConfUtils.java:logGet(43)) - raft.server.rpcslowness.timeout = 120s (custom)
2019-09-19 09:56:54,086 [pool-27-thread-1] INFO  server.RaftServerConfigKeys (ConfUtils.java:logGet(43)) - raft.server.sleep.deviation.threshold = 300 (default)
2019-09-19 09:56:54,087 [pool-27-thread-1] INFO  server.RaftServerConfigKeys (ConfUtils.java:logGet(43)) - raft.server.log.appender.install.snapshot.enabled = false (custom)
2019-09-19 09:56:54,094 [pool-27-thread-1] INFO  impl.RaftServerImpl (ServerState.java:<init>(105)) - 4490b81b-0ef7-4125-ad05-765de4ccf1d4:group-D9D0C247A077 ConfigurationManager, init=-1: [4490b81b-0ef7-4125-ad05-765de4ccf1d4:192.168.34.5:38735], old=null, confs=<EMPTY_MAP>
2019-09-19 09:56:54,094 [pool-27-thread-1] INFO  server.RaftServerConfigKeys (ConfUtils.java:logGet(43)) - raft.server.storage.dir = [/workdir/hadoop-ozone/tools/target/test-dir/MiniOzoneClusterImpl-3225c09c-430a-4478-b047-7eb735aebfb5/datanode-0/data/ratis] (custom)
2019-09-19 09:56:54,102 [pool-27-thread-1] INFO  storage.RaftStorageDirectory (RaftStorageDirectory.java:analyzeStorage(246)) - The storage directory /workdir/hadoop-ozone/tools/target/test-dir/MiniOzoneClusterImpl-3225c09c-430a-4478-b047-7eb735aebfb5/datanode-0/data/ratis/e7c8c4ac-893c-4889-af1d-d9d0c247a077 does not exist. Creating ...
2019-09-19 09:56:54,119 [pool-27-thread-1] INFO  storage.RaftStorageDirectory (RaftStorageDirectory.java:tryLock(328)) - Lock on /workdir/hadoop-ozone/tools/target/test-dir/MiniOzoneClusterImpl-3225c09c-430a-4478-b047-7eb735aebfb5/datanode-0/data/ratis/e7c8c4ac-893c-4889-af1d-d9d0c247a077/in_use.lock acquired by nodename 18075@pr-hdds-1569-j4bt4-3030777008
2019-09-19 09:56:54,134 [pool-27-thread-1] INFO  storage.RaftStorage (RaftStorage.java:format(72)) - Storage directory /workdir/hadoop-ozone/tools/target/test-dir/MiniOzoneClusterImpl-3225c09c-430a-4478-b047-7eb735aebfb5/datanode-0/data/ratis/e7c8c4ac-893c-4889-af1d-d9d0c247a077 has been successfully formatted.
2019-09-19 09:56:54,138 [pool-27-thread-1] INFO  ratis.ContainerStateMachine (ContainerStateMachine.java:loadSnapshot(226)) - group-D9D0C247A077: The snapshot info is null. Setting the last applied indexto:(t:0, i:~)
2019-09-19 09:56:54,138 [pool-27-thread-1] INFO  server.RaftServerConfigKeys (ConfUtils.java:logGet(43)) - raft.server.leader.election.timeout = 120s (custom)
2019-09-19 09:56:54,141 [pool-27-thread-1] INFO  server.RaftServerConfigKeys (ConfUtils.java:logGet(43)) - raft.server.log.use.memory = false (default)
2019-09-19 09:56:54,149 [pool-27-thread-1] INFO  server.RaftServerConfigKeys (ConfUtils.java:logGet(43)) - raft.server.log.purge.gap = 1000000 (custom)
2019-09-19 09:56:54,149 [pool-27-thread-1] INFO  server.RaftServerConfigKeys (ConfUtils.java:logGet(43)) - raft.server.log.appender.buffer.byte-limit = 33554432 (custom)
2019-09-19 09:56:54,152 [pool-27-thread-1] INFO  server.RaftServerConfigKeys (ConfUtils.java:logGet(43)) - raft.server.log.segment.size.max = 1048576 (custom)
2019-09-19 09:56:54,158 [pool-27-thread-1] INFO  server.RaftServerConfigKeys (ConfUtils.java:logGet(43)) - raft.server.log.segment.cache.num.max = 2 (custom)
2019-09-19 09:56:54,165 [pool-27-thread-1] INFO  segmented.SegmentedRaftLogWorker (SegmentedRaftLogWorker.java:<init>(172)) - new 4490b81b-0ef7-4125-ad05-765de4ccf1d4-SegmentedRaftLogWorker:Storage Directory /workdir/hadoop-ozone/tools/target/test-dir/MiniOzoneClusterImpl-3225c09c-430a-4478-b047-7eb735aebfb5/datanode-0/data/ratis/e7c8c4ac-893c-4889-af1d-d9d0c247a077 for RaftStorage:Storage Directory /workdir/hadoop-ozone/tools/target/test-dir/MiniOzoneClusterImpl-3225c09c-430a-4478-b047-7eb735aebfb5/datanode-0/data/ratis/e7c8c4ac-893c-4889-af1d-d9d0c247a077
2019-09-19 09:56:54,182 [pool-27-thread-1] INFO  server.RaftServerConfigKeys (ConfUtils.java:logGet(43)) - raft.server.log.queue.byte-limit = 2147483647 (custom)
2019-09-19 09:56:54,183 [pool-27-thread-1] INFO  server.RaftServerConfigKeys (ConfUtils.java:logGet(43)) - raft.server.log.queue.element-limit = 1024 (custom)
2019-09-19 09:56:54,190 [pool-27-thread-1] INFO  server.RaftServerConfigKeys (ConfUtils.java:logGet(43)) - raft.server.log.segment.size.max = 1048576 (custom)
2019-09-19 09:56:54,191 [pool-27-thread-1] INFO  server.RaftServerConfigKeys (ConfUtils.java:logGet(43)) - raft.server.log.preallocated.size = 16384 (custom)
2019-09-19 09:56:54,191 [pool-27-thread-1] INFO  server.RaftServerConfigKeys (ConfUtils.java:logGet(43)) - raft.server.log.write.buffer.size = 33554432 (custom)
2019-09-19 09:56:54,192 [pool-27-thread-1] INFO  server.RaftServerConfigKeys (ConfUtils.java:logGet(43)) - raft.server.log.force.sync.num = 128 (default)
2019-09-19 09:56:54,193 [pool-27-thread-1] INFO  server.RaftServerConfigKeys (ConfUtils.java:logGet(43)) - raft.server.log.statemachine.data.sync = true (default)
2019-09-19 09:56:54,193 [pool-27-thread-1] INFO  server.RaftServerConfigKeys (ConfUtils.java:logGet(43)) - raft.server.log.statemachine.data.sync.timeout = 10s (default)
2019-09-19 09:56:54,194 [pool-27-thread-1] INFO  server.RaftServerConfigKeys (ConfUtils.java:logGet(43)) - raft.server.log.statemachine.data.sync.timeout.retry = -1 (default)
2019-09-19 09:56:54,208 [pool-27-thread-1] INFO  server.RaftServerConfigKeys (ConfUtils.java:logGet(43)) - raft.server.log.statemachine.data.caching.enabled = true (custom)
2019-09-19 09:56:54,214 [pool-27-thread-1] INFO  segmented.SegmentedRaftLogWorker (SegmentedRaftLogWorker.java:lambda$new$0(132)) - 4490b81b-0ef7-4125-ad05-765de4ccf1d4-SegmentedRaftLogWorker:Storage Directory /workdir/hadoop-ozone/tools/target/test-dir/MiniOzoneClusterImpl-3225c09c-430a-4478-b047-7eb735aebfb5/datanode-0/data/ratis/e7c8c4ac-893c-4889-af1d-d9d0c247a077: flushIndex: setUnconditionally 0 -> -1
2019-09-19 09:56:54,219 [pool-27-thread-1] INFO  server.RaftServerConfigKeys (ConfUtils.java:logGet(43)) - raft.server.snapshot.auto.trigger.enabled = true (custom)
2019-09-19 09:56:54,220 [pool-27-thread-1] INFO  server.RaftServerConfigKeys (ConfUtils.java:logGet(43)) - raft.server.snapshot.auto.trigger.threshold = 10000 (custom)
2019-09-19 09:56:54,220 [pool-27-thread-1] INFO  server.RaftServerConfigKeys (ConfUtils.java:logGet(43)) - raft.server.retrycache.expirytime = 600000ms (custom)
2019-09-19 09:56:54,243 [pool-27-thread-1] INFO  impl.RaftServerImpl (RaftServerImpl.java:start(180)) - 4490b81b-0ef7-4125-ad05-765de4ccf1d4: start group-D9D0C247A077
2019-09-19 09:56:54,244 [pool-27-thread-1] INFO  impl.RaftServerImpl (RaftServerImpl.java:setRole(171)) - 4490b81b-0ef7-4125-ad05-765de4ccf1d4:group-D9D0C247A077 changes role from null to FOLLOWER at term 0 for startAsFollower
2019-09-19 09:56:54,245 [pool-27-thread-1] INFO  impl.RoleInfo (RoleInfo.java:updateAndGet(143)) - 4490b81b-0ef7-4125-ad05-765de4ccf1d4: start FollowerState
2019-09-19 09:56:54,247 [pool-27-thread-1] INFO  util.JmxRegister (JmxRegister.java:tryRegister(44)) - Successfully registered JMX Bean with object name Ratis:service=RaftServer,group=group-D9D0C247A077,id=4490b81b-0ef7-4125-ad05-765de4ccf1d4
2019-09-19 09:56:54,315 [RatisPipelineUtilsThread] INFO  pipeline.PipelineStateManager (PipelineStateManager.java:addPipeline(56)) - Created pipeline Pipeline[ Id: e7c8c4ac-893c-4889-af1d-d9d0c247a077, Nodes: 4490b81b-0ef7-4125-ad05-765de4ccf1d4{ip: 192.168.34.5, host: pr-hdds-1569-j4bt4-3030777008, networkLocation: /default-rack, certSerialId: null}, Type:RATIS, Factor:ONE, State:OPEN]
2019-09-19 09:56:54,343 [grpc-default-executor-0] INFO  impl.RaftServerProxy (RaftServerProxy.java:addNew(89)) - 19cf0631-d0d9-4f40-8587-54276d2ac576: addNew group-8C9E849B670B:[19cf0631-d0d9-4f40-8587-54276d2ac576:192.168.34.5:38304] returns group-8C9E849B670B:java.util.concurrent.CompletableFuture@77943f4f[Not completed]
2019-09-19 09:56:54,391 [pool-49-thread-1] INFO  impl.RaftServerImpl (RaftServerImpl.java:<init>(93)) - 19cf0631-d0d9-4f40-8587-54276d2ac576: new RaftServerImpl for group-8C9E849B670B:[19cf0631-d0d9-4f40-8587-54276d2ac576:192.168.34.5:38304] with ContainerStateMachine:uninitialized
2019-09-19 09:56:54,392 [pool-49-thread-1] INFO  server.RaftServerConfigKeys (ConfUtils.java:logGet(43)) - raft.server.rpc.timeout.min = 5s (custom)
2019-09-19 09:56:54,393 [pool-49-thread-1] INFO  server.RaftServerConfigKeys (ConfUtils.java:logGet(43)) - raft.server.rpc.timeout.max = 5200ms (custom)
2019-09-19 09:56:54,393 [pool-49-thread-1] INFO  server.RaftServerConfigKeys (ConfUtils.java:logGet(43)) - raft.server.rpcslowness.timeout = 120s (custom)
2019-09-19 09:56:54,393 [pool-49-thread-1] INFO  server.RaftServerConfigKeys (ConfUtils.java:logGet(43)) - raft.server.sleep.deviation.threshold = 300 (default)
2019-09-19 09:56:54,393 [pool-49-thread-1] INFO  server.RaftServerConfigKeys (ConfUtils.java:logGet(43)) - raft.server.log.appender.install.snapshot.enabled = false (custom)
2019-09-19 09:56:54,393 [pool-49-thread-1] INFO  impl.RaftServerImpl (ServerState.java:<init>(105)) - 19cf0631-d0d9-4f40-8587-54276d2ac576:group-8C9E849B670B ConfigurationManager, init=-1: [19cf0631-d0d9-4f40-8587-54276d2ac576:192.168.34.5:38304], old=null, confs=<EMPTY_MAP>
2019-09-19 09:56:54,394 [pool-49-thread-1] INFO  server.RaftServerConfigKeys (ConfUtils.java:logGet(43)) - raft.server.storage.dir = [/workdir/hadoop-ozone/tools/target/test-dir/MiniOzoneClusterImpl-3225c09c-430a-4478-b047-7eb735aebfb5/datanode-2/data/ratis] (custom)
2019-09-19 09:56:54,394 [pool-49-thread-1] INFO  storage.RaftStorageDirectory (RaftStorageDirectory.java:analyzeStorage(246)) - The storage directory /workdir/hadoop-ozone/tools/target/test-dir/MiniOzoneClusterImpl-3225c09c-430a-4478-b047-7eb735aebfb5/datanode-2/data/ratis/ffd81bc5-561c-4bfd-9e85-8c9e849b670b does not exist. Creating ...
2019-09-19 09:56:54,408 [pool-49-thread-1] INFO  storage.RaftStorageDirectory (RaftStorageDirectory.java:tryLock(328)) - Lock on /workdir/hadoop-ozone/tools/target/test-dir/MiniOzoneClusterImpl-3225c09c-430a-4478-b047-7eb735aebfb5/datanode-2/data/ratis/ffd81bc5-561c-4bfd-9e85-8c9e849b670b/in_use.lock acquired by nodename 18075@pr-hdds-1569-j4bt4-3030777008
2019-09-19 09:56:54,425 [pool-49-thread-1] INFO  storage.RaftStorage (RaftStorage.java:format(72)) - Storage directory /workdir/hadoop-ozone/tools/target/test-dir/MiniOzoneClusterImpl-3225c09c-430a-4478-b047-7eb735aebfb5/datanode-2/data/ratis/ffd81bc5-561c-4bfd-9e85-8c9e849b670b has been successfully formatted.
2019-09-19 09:56:54,427 [pool-49-thread-1] INFO  ratis.ContainerStateMachine (ContainerStateMachine.java:loadSnapshot(226)) - group-8C9E849B670B: The snapshot info is null. Setting the last applied indexto:(t:0, i:~)
2019-09-19 09:56:54,428 [pool-49-thread-1] INFO  server.RaftServerConfigKeys (ConfUtils.java:logGet(43)) - raft.server.leader.election.timeout = 120s (custom)
2019-09-19 09:56:54,428 [pool-49-thread-1] INFO  server.RaftServerConfigKeys (ConfUtils.java:logGet(43)) - raft.server.log.use.memory = false (default)
2019-09-19 09:56:54,429 [pool-49-thread-1] INFO  server.RaftServerConfigKeys (ConfUtils.java:logGet(43)) - raft.server.log.purge.gap = 1000000 (custom)
2019-09-19 09:56:54,429 [pool-49-thread-1] INFO  server.RaftServerConfigKeys (ConfUtils.java:logGet(43)) - raft.server.log.appender.buffer.byte-limit = 33554432 (custom)
2019-09-19 09:56:54,429 [pool-49-thread-1] INFO  server.RaftServerConfigKeys (ConfUtils.java:logGet(43)) - raft.server.log.segment.size.max = 1048576 (custom)
2019-09-19 09:56:54,429 [pool-49-thread-1] INFO  server.RaftServerConfigKeys (ConfUtils.java:logGet(43)) - raft.server.log.segment.cache.num.max = 2 (custom)
2019-09-19 09:56:54,429 [pool-49-thread-1] INFO  segmented.SegmentedRaftLogWorker (SegmentedRaftLogWorker.java:<init>(172)) - new 19cf0631-d0d9-4f40-8587-54276d2ac576-SegmentedRaftLogWorker:Storage Directory /workdir/hadoop-ozone/tools/target/test-dir/MiniOzoneClusterImpl-3225c09c-430a-4478-b047-7eb735aebfb5/datanode-2/data/ratis/ffd81bc5-561c-4bfd-9e85-8c9e849b670b for RaftStorage:Storage Directory /workdir/hadoop-ozone/tools/target/test-dir/MiniOzoneClusterImpl-3225c09c-430a-4478-b047-7eb735aebfb5/datanode-2/data/ratis/ffd81bc5-561c-4bfd-9e85-8c9e849b670b
2019-09-19 09:56:54,431 [pool-49-thread-1] INFO  server.RaftServerConfigKeys (ConfUtils.java:logGet(43)) - raft.server.log.queue.byte-limit = 2147483647 (custom)
2019-09-19 09:56:54,431 [pool-49-thread-1] INFO  server.RaftServerConfigKeys (ConfUtils.java:logGet(43)) - raft.server.log.queue.element-limit = 1024 (custom)
2019-09-19 09:56:54,431 [pool-49-thread-1] INFO  server.RaftServerConfigKeys (ConfUtils.java:logGet(43)) - raft.server.log.segment.size.max = 1048576 (custom)
2019-09-19 09:56:54,431 [pool-49-thread-1] INFO  server.RaftServerConfigKeys (ConfUtils.java:logGet(43)) - raft.server.log.preallocated.size = 16384 (custom)
2019-09-19 09:56:54,432 [pool-49-thread-1] INFO  server.RaftServerConfigKeys (ConfUtils.java:logGet(43)) - raft.server.log.write.buffer.size = 33554432 (custom)
2019-09-19 09:56:54,432 [pool-49-thread-1] INFO  server.RaftServerConfigKeys (ConfUtils.java:logGet(43)) - raft.server.log.force.sync.num = 128 (default)
2019-09-19 09:56:54,432 [pool-49-thread-1] INFO  server.RaftServerConfigKeys (ConfUtils.java:logGet(43)) - raft.server.log.statemachine.data.sync = true (default)
2019-09-19 09:56:54,432 [pool-49-thread-1] INFO  server.RaftServerConfigKeys (ConfUtils.java:logGet(43)) - raft.server.log.statemachine.data.sync.timeout = 10s (default)
2019-09-19 09:56:54,433 [pool-49-thread-1] INFO  server.RaftServerConfigKeys (ConfUtils.java:logGet(43)) - raft.server.log.statemachine.data.sync.timeout.retry = -1 (default)
2019-09-19 09:56:54,433 [pool-49-thread-1] INFO  server.RaftServerConfigKeys (ConfUtils.java:logGet(43)) - raft.server.log.statemachine.data.caching.enabled = true (custom)
2019-09-19 09:56:54,433 [pool-49-thread-1] INFO  segmented.SegmentedRaftLogWorker (SegmentedRaftLogWorker.java:lambda$new$0(132)) - 19cf0631-d0d9-4f40-8587-54276d2ac576-SegmentedRaftLogWorker:Storage Directory /workdir/hadoop-ozone/tools/target/test-dir/MiniOzoneClusterImpl-3225c09c-430a-4478-b047-7eb735aebfb5/datanode-2/data/ratis/ffd81bc5-561c-4bfd-9e85-8c9e849b670b: flushIndex: setUnconditionally 0 -> -1
2019-09-19 09:56:54,434 [pool-49-thread-1] INFO  server.RaftServerConfigKeys (ConfUtils.java:logGet(43)) - raft.server.snapshot.auto.trigger.enabled = true (custom)
2019-09-19 09:56:54,434 [pool-49-thread-1] INFO  server.RaftServerConfigKeys (ConfUtils.java:logGet(43)) - raft.server.snapshot.auto.trigger.threshold = 10000 (custom)
2019-09-19 09:56:54,434 [pool-49-thread-1] INFO  server.RaftServerConfigKeys (ConfUtils.java:logGet(43)) - raft.server.retrycache.expirytime = 600000ms (custom)
2019-09-19 09:56:54,435 [pool-49-thread-1] INFO  impl.RaftServerImpl (RaftServerImpl.java:start(180)) - 19cf0631-d0d9-4f40-8587-54276d2ac576: start group-8C9E849B670B
2019-09-19 09:56:54,435 [pool-49-thread-1] INFO  impl.RaftServerImpl (RaftServerImpl.java:setRole(171)) - 19cf0631-d0d9-4f40-8587-54276d2ac576:group-8C9E849B670B changes role from null to FOLLOWER at term 0 for startAsFollower
2019-09-19 09:56:54,435 [pool-49-thread-1] INFO  impl.RoleInfo (RoleInfo.java:updateAndGet(143)) - 19cf0631-d0d9-4f40-8587-54276d2ac576: start FollowerState
2019-09-19 09:56:54,436 [pool-49-thread-1] INFO  util.JmxRegister (JmxRegister.java:tryRegister(44)) - Successfully registered JMX Bean with object name Ratis:service=RaftServer,group=group-8C9E849B670B,id=19cf0631-d0d9-4f40-8587-54276d2ac576
2019-09-19 09:56:54,452 [RatisPipelineUtilsThread] INFO  pipeline.PipelineStateManager (PipelineStateManager.java:addPipeline(56)) - Created pipeline Pipeline[ Id: ffd81bc5-561c-4bfd-9e85-8c9e849b670b, Nodes: 19cf0631-d0d9-4f40-8587-54276d2ac576{ip: 192.168.34.5, host: pr-hdds-1569-j4bt4-3030777008, networkLocation: /default-rack, certSerialId: null}, Type:RATIS, Factor:ONE, State:OPEN]
2019-09-19 09:56:54,473 [grpc-default-executor-0] INFO  impl.RaftServerProxy (RaftServerProxy.java:addNew(89)) - ce8f9236-bba2-4942-9bf9-b4bb96b280ac: addNew group-F2C32F03C017:[ce8f9236-bba2-4942-9bf9-b4bb96b280ac:192.168.34.5:37969] returns group-F2C32F03C017:java.util.concurrent.CompletableFuture@3bfba6d4[Not completed]
2019-09-19 09:56:54,486 [pool-60-thread-1] INFO  impl.RaftServerImpl (RaftServerImpl.java:<init>(93)) - ce8f9236-bba2-4942-9bf9-b4bb96b280ac: new RaftServerImpl for group-F2C32F03C017:[ce8f9236-bba2-4942-9bf9-b4bb96b280ac:192.168.34.5:37969] with ContainerStateMachine:uninitialized
2019-09-19 09:56:54,486 [pool-60-thread-1] INFO  server.RaftServerConfigKeys (ConfUtils.java:logGet(43)) - raft.server.rpc.timeout.min = 5s (custom)
2019-09-19 09:56:54,487 [pool-60-thread-1] INFO  server.RaftServerConfigKeys (ConfUtils.java:logGet(43)) - raft.server.rpc.timeout.max = 5200ms (custom)
2019-09-19 09:56:54,487 [pool-60-thread-1] INFO  server.RaftServerConfigKeys (ConfUtils.java:logGet(43)) - raft.server.rpcslowness.timeout = 120s (custom)
2019-09-19 09:56:54,487 [pool-60-thread-1] INFO  server.RaftServerConfigKeys (ConfUtils.java:logGet(43)) - raft.server.sleep.deviation.threshold = 300 (default)
2019-09-19 09:56:54,487 [pool-60-thread-1] INFO  server.RaftServerConfigKeys (ConfUtils.java:logGet(43)) - raft.server.log.appender.install.snapshot.enabled = false (custom)
2019-09-19 09:56:54,487 [pool-60-thread-1] INFO  impl.RaftServerImpl (ServerState.java:<init>(105)) - ce8f9236-bba2-4942-9bf9-b4bb96b280ac:group-F2C32F03C017 ConfigurationManager, init=-1: [ce8f9236-bba2-4942-9bf9-b4bb96b280ac:192.168.34.5:37969], old=null, confs=<EMPTY_MAP>
2019-09-19 09:56:54,488 [pool-60-thread-1] INFO  server.RaftServerConfigKeys (ConfUtils.java:logGet(43)) - raft.server.storage.dir = [/workdir/hadoop-ozone/tools/target/test-dir/MiniOzoneClusterImpl-3225c09c-430a-4478-b047-7eb735aebfb5/datanode-3/data/ratis] (custom)
2019-09-19 09:56:54,488 [pool-60-thread-1] INFO  storage.RaftStorageDirectory (RaftStorageDirectory.java:analyzeStorage(246)) - The storage directory /workdir/hadoop-ozone/tools/target/test-dir/MiniOzoneClusterImpl-3225c09c-430a-4478-b047-7eb735aebfb5/datanode-3/data/ratis/e79da545-d71b-4408-aa3a-f2c32f03c017 does not exist. Creating ...
2019-09-19 09:56:54,502 [pool-60-thread-1] INFO  storage.RaftStorageDirectory (RaftStorageDirectory.java:tryLock(328)) - Lock on /workdir/hadoop-ozone/tools/target/test-dir/MiniOzoneClusterImpl-3225c09c-430a-4478-b047-7eb735aebfb5/datanode-3/data/ratis/e79da545-d71b-4408-aa3a-f2c32f03c017/in_use.lock acquired by nodename 18075@pr-hdds-1569-j4bt4-3030777008
2019-09-19 09:56:54,515 [pool-60-thread-1] INFO  storage.RaftStorage (RaftStorage.java:format(72)) - Storage directory /workdir/hadoop-ozone/tools/target/test-dir/MiniOzoneClusterImpl-3225c09c-430a-4478-b047-7eb735aebfb5/datanode-3/data/ratis/e79da545-d71b-4408-aa3a-f2c32f03c017 has been successfully formatted.
2019-09-19 09:56:54,516 [pool-60-thread-1] INFO  ratis.ContainerStateMachine (ContainerStateMachine.java:loadSnapshot(226)) - group-F2C32F03C017: The snapshot info is null. Setting the last applied indexto:(t:0, i:~)
2019-09-19 09:56:54,516 [pool-60-thread-1] INFO  server.RaftServerConfigKeys (ConfUtils.java:logGet(43)) - raft.server.leader.election.timeout = 120s (custom)
2019-09-19 09:56:54,516 [pool-60-thread-1] INFO  server.RaftServerConfigKeys (ConfUtils.java:logGet(43)) - raft.server.log.use.memory = false (default)
2019-09-19 09:56:54,516 [pool-60-thread-1] INFO  server.RaftServerConfigKeys (ConfUtils.java:logGet(43)) - raft.server.log.purge.gap = 1000000 (custom)
2019-09-19 09:56:54,517 [pool-60-thread-1] INFO  server.RaftServerConfigKeys (ConfUtils.java:logGet(43)) - raft.server.log.appender.buffer.byte-limit = 33554432 (custom)
2019-09-19 09:56:54,517 [pool-60-thread-1] INFO  server.RaftServerConfigKeys (ConfUtils.java:logGet(43)) - raft.server.log.segment.size.max = 1048576 (custom)
2019-09-19 09:56:54,517 [pool-60-thread-1] INFO  server.RaftServerConfigKeys (ConfUtils.java:logGet(43)) - raft.server.log.segment.cache.num.max = 2 (custom)
2019-09-19 09:56:54,517 [pool-60-thread-1] INFO  segmented.SegmentedRaftLogWorker (SegmentedRaftLogWorker.java:<init>(172)) - new ce8f9236-bba2-4942-9bf9-b4bb96b280ac-SegmentedRaftLogWorker:Storage Directory /workdir/hadoop-ozone/tools/target/test-dir/MiniOzoneClusterImpl-3225c09c-430a-4478-b047-7eb735aebfb5/datanode-3/data/ratis/e79da545-d71b-4408-aa3a-f2c32f03c017 for RaftStorage:Storage Directory /workdir/hadoop-ozone/tools/target/test-dir/MiniOzoneClusterImpl-3225c09c-430a-4478-b047-7eb735aebfb5/datanode-3/data/ratis/e79da545-d71b-4408-aa3a-f2c32f03c017
2019-09-19 09:56:54,517 [pool-60-thread-1] INFO  server.RaftServerConfigKeys (ConfUtils.java:logGet(43)) - raft.server.log.queue.byte-limit = 2147483647 (custom)
2019-09-19 09:56:54,518 [pool-60-thread-1] INFO  server.RaftServerConfigKeys (ConfUtils.java:logGet(43)) - raft.server.log.queue.element-limit = 1024 (custom)
2019-09-19 09:56:54,518 [pool-60-thread-1] INFO  server.RaftServerConfigKeys (ConfUtils.java:logGet(43)) - raft.server.log.segment.size.max = 1048576 (custom)
2019-09-19 09:56:54,518 [pool-60-thread-1] INFO  server.RaftServerConfigKeys (ConfUtils.java:logGet(43)) - raft.server.log.preallocated.size = 16384 (custom)
2019-09-19 09:56:54,518 [pool-60-thread-1] INFO  server.RaftServerConfigKeys (ConfUtils.java:logGet(43)) - raft.server.log.write.buffer.size = 33554432 (custom)
2019-09-19 09:56:54,518 [pool-60-thread-1] INFO  server.RaftServerConfigKeys (ConfUtils.java:logGet(43)) - raft.server.log.force.sync.num = 128 (default)
2019-09-19 09:56:54,519 [pool-60-thread-1] INFO  server.RaftServerConfigKeys (ConfUtils.java:logGet(43)) - raft.server.log.statemachine.data.sync = true (default)
2019-09-19 09:56:54,519 [pool-60-thread-1] INFO  server.RaftServerConfigKeys (ConfUtils.java:logGet(43)) - raft.server.log.statemachine.data.sync.timeout = 10s (default)
2019-09-19 09:56:54,519 [pool-60-thread-1] INFO  server.RaftServerConfigKeys (ConfUtils.java:logGet(43)) - raft.server.log.statemachine.data.sync.timeout.retry = -1 (default)
2019-09-19 09:56:54,519 [pool-60-thread-1] INFO  server.RaftServerConfigKeys (ConfUtils.java:logGet(43)) - raft.server.log.statemachine.data.caching.enabled = true (custom)
2019-09-19 09:56:54,520 [pool-60-thread-1] INFO  segmented.SegmentedRaftLogWorker (SegmentedRaftLogWorker.java:lambda$new$0(132)) - ce8f9236-bba2-4942-9bf9-b4bb96b280ac-SegmentedRaftLogWorker:Storage Directory /workdir/hadoop-ozone/tools/target/test-dir/MiniOzoneClusterImpl-3225c09c-430a-4478-b047-7eb735aebfb5/datanode-3/data/ratis/e79da545-d71b-4408-aa3a-f2c32f03c017: flushIndex: setUnconditionally 0 -> -1
2019-09-19 09:56:54,520 [pool-60-thread-1] INFO  server.RaftServerConfigKeys (ConfUtils.java:logGet(43)) - raft.server.snapshot.auto.trigger.enabled = true (custom)
2019-09-19 09:56:54,520 [pool-60-thread-1] INFO  server.RaftServerConfigKeys (ConfUtils.java:logGet(43)) - raft.server.snapshot.auto.trigger.threshold = 10000 (custom)
2019-09-19 09:56:54,521 [pool-60-thread-1] INFO  server.RaftServerConfigKeys (ConfUtils.java:logGet(43)) - raft.server.retrycache.expirytime = 600000ms (custom)
2019-09-19 09:56:54,521 [pool-60-thread-1] INFO  impl.RaftServerImpl (RaftServerImpl.java:start(180)) - ce8f9236-bba2-4942-9bf9-b4bb96b280ac: start group-F2C32F03C017
2019-09-19 09:56:54,521 [pool-60-thread-1] INFO  impl.RaftServerImpl (RaftServerImpl.java:setRole(171)) - ce8f9236-bba2-4942-9bf9-b4bb96b280ac:group-F2C32F03C017 changes role from null to FOLLOWER at term 0 for startAsFollower
2019-09-19 09:56:54,521 [pool-60-thread-1] INFO  impl.RoleInfo (RoleInfo.java:updateAndGet(143)) - ce8f9236-bba2-4942-9bf9-b4bb96b280ac: start FollowerState
2019-09-19 09:56:54,522 [pool-60-thread-1] INFO  util.JmxRegister (JmxRegister.java:tryRegister(44)) - Successfully registered JMX Bean with object name Ratis:service=RaftServer,group=group-F2C32F03C017,id=ce8f9236-bba2-4942-9bf9-b4bb96b280ac
2019-09-19 09:56:54,536 [RatisPipelineUtilsThread] INFO  pipeline.PipelineStateManager (PipelineStateManager.java:addPipeline(56)) - Created pipeline Pipeline[ Id: e79da545-d71b-4408-aa3a-f2c32f03c017, Nodes: ce8f9236-bba2-4942-9bf9-b4bb96b280ac{ip: 192.168.34.5, host: pr-hdds-1569-j4bt4-3030777008, networkLocation: /default-rack, certSerialId: null}, Type:RATIS, Factor:ONE, State:OPEN]
2019-09-19 09:56:54,558 [grpc-default-executor-0] INFO  impl.RaftServerProxy (RaftServerProxy.java:addNew(89)) - 39b9d8f1-cc47-4624-b4ed-3b44777a4379: addNew group-F553C6358FB7:[39b9d8f1-cc47-4624-b4ed-3b44777a4379:192.168.34.5:45684] returns group-F553C6358FB7:java.util.concurrent.CompletableFuture@14fb8588[Not completed]
2019-09-19 09:56:54,560 [pool-38-thread-1] INFO  impl.RaftServerImpl (RaftServerImpl.java:<init>(93)) - 39b9d8f1-cc47-4624-b4ed-3b44777a4379: new RaftServerImpl for group-F553C6358FB7:[39b9d8f1-cc47-4624-b4ed-3b44777a4379:192.168.34.5:45684] with ContainerStateMachine:uninitialized
2019-09-19 09:56:54,560 [pool-38-thread-1] INFO  server.RaftServerConfigKeys (ConfUtils.java:logGet(43)) - raft.server.rpc.timeout.min = 5s (custom)
2019-09-19 09:56:54,560 [pool-38-thread-1] INFO  server.RaftServerConfigKeys (ConfUtils.java:logGet(43)) - raft.server.rpc.timeout.max = 5200ms (custom)
2019-09-19 09:56:54,560 [pool-38-thread-1] INFO  server.RaftServerConfigKeys (ConfUtils.java:logGet(43)) - raft.server.rpcslowness.timeout = 120s (custom)
2019-09-19 09:56:54,561 [pool-38-thread-1] INFO  server.RaftServerConfigKeys (ConfUtils.java:logGet(43)) - raft.server.sleep.deviation.threshold = 300 (default)
2019-09-19 09:56:54,561 [pool-38-thread-1] INFO  server.RaftServerConfigKeys (ConfUtils.java:logGet(43)) - raft.server.log.appender.install.snapshot.enabled = false (custom)
2019-09-19 09:56:54,561 [pool-38-thread-1] INFO  impl.RaftServerImpl (ServerState.java:<init>(105)) - 39b9d8f1-cc47-4624-b4ed-3b44777a4379:group-F553C6358FB7 ConfigurationManager, init=-1: [39b9d8f1-cc47-4624-b4ed-3b44777a4379:192.168.34.5:45684], old=null, confs=<EMPTY_MAP>
2019-09-19 09:56:54,561 [pool-38-thread-1] INFO  server.RaftServerConfigKeys (ConfUtils.java:logGet(43)) - raft.server.storage.dir = [/workdir/hadoop-ozone/tools/target/test-dir/MiniOzoneClusterImpl-3225c09c-430a-4478-b047-7eb735aebfb5/datanode-1/data/ratis] (custom)
2019-09-19 09:56:54,562 [pool-38-thread-1] INFO  storage.RaftStorageDirectory (RaftStorageDirectory.java:analyzeStorage(246)) - The storage directory /workdir/hadoop-ozone/tools/target/test-dir/MiniOzoneClusterImpl-3225c09c-430a-4478-b047-7eb735aebfb5/datanode-1/data/ratis/bf6c51da-5664-485a-82f2-f553c6358fb7 does not exist. Creating ...
2019-09-19 09:56:54,574 [pool-38-thread-1] INFO  storage.RaftStorageDirectory (RaftStorageDirectory.java:tryLock(328)) - Lock on /workdir/hadoop-ozone/tools/target/test-dir/MiniOzoneClusterImpl-3225c09c-430a-4478-b047-7eb735aebfb5/datanode-1/data/ratis/bf6c51da-5664-485a-82f2-f553c6358fb7/in_use.lock acquired by nodename 18075@pr-hdds-1569-j4bt4-3030777008
2019-09-19 09:56:54,587 [pool-38-thread-1] INFO  storage.RaftStorage (RaftStorage.java:format(72)) - Storage directory /workdir/hadoop-ozone/tools/target/test-dir/MiniOzoneClusterImpl-3225c09c-430a-4478-b047-7eb735aebfb5/datanode-1/data/ratis/bf6c51da-5664-485a-82f2-f553c6358fb7 has been successfully formatted.
2019-09-19 09:56:54,588 [pool-38-thread-1] INFO  ratis.ContainerStateMachine (ContainerStateMachine.java:loadSnapshot(226)) - group-F553C6358FB7: The snapshot info is null. Setting the last applied indexto:(t:0, i:~)
2019-09-19 09:56:54,588 [pool-38-thread-1] INFO  server.RaftServerConfigKeys (ConfUtils.java:logGet(43)) - raft.server.leader.election.timeout = 120s (custom)
2019-09-19 09:56:54,588 [pool-38-thread-1] INFO  server.RaftServerConfigKeys (ConfUtils.java:logGet(43)) - raft.server.log.use.memory = false (default)
2019-09-19 09:56:54,589 [pool-38-thread-1] INFO  server.RaftServerConfigKeys (ConfUtils.java:logGet(43)) - raft.server.log.purge.gap = 1000000 (custom)
2019-09-19 09:56:54,589 [pool-38-thread-1] INFO  server.RaftServerConfigKeys (ConfUtils.java:logGet(43)) - raft.server.log.appender.buffer.byte-limit = 33554432 (custom)
2019-09-19 09:56:54,589 [pool-38-thread-1] INFO  server.RaftServerConfigKeys (ConfUtils.java:logGet(43)) - raft.server.log.segment.size.max = 1048576 (custom)
2019-09-19 09:56:54,589 [pool-38-thread-1] INFO  server.RaftServerConfigKeys (ConfUtils.java:logGet(43)) - raft.server.log.segment.cache.num.max = 2 (custom)
2019-09-19 09:56:54,589 [pool-38-thread-1] INFO  segmented.SegmentedRaftLogWorker (SegmentedRaftLogWorker.java:<init>(172)) - new 39b9d8f1-cc47-4624-b4ed-3b44777a4379-SegmentedRaftLogWorker:Storage Directory /workdir/hadoop-ozone/tools/target/test-dir/MiniOzoneClusterImpl-3225c09c-430a-4478-b047-7eb735aebfb5/datanode-1/data/ratis/bf6c51da-5664-485a-82f2-f553c6358fb7 for RaftStorage:Storage Directory /workdir/hadoop-ozone/tools/target/test-dir/MiniOzoneClusterImpl-3225c09c-430a-4478-b047-7eb735aebfb5/datanode-1/data/ratis/bf6c51da-5664-485a-82f2-f553c6358fb7
2019-09-19 09:56:54,590 [pool-38-thread-1] INFO  server.RaftServerConfigKeys (ConfUtils.java:logGet(43)) - raft.server.log.queue.byte-limit = 2147483647 (custom)
2019-09-19 09:56:54,590 [pool-38-thread-1] INFO  server.RaftServerConfigKeys (ConfUtils.java:logGet(43)) - raft.server.log.queue.element-limit = 1024 (custom)
2019-09-19 09:56:54,590 [pool-38-thread-1] INFO  server.RaftServerConfigKeys (ConfUtils.java:logGet(43)) - raft.server.log.segment.size.max = 1048576 (custom)
2019-09-19 09:56:54,590 [pool-38-thread-1] INFO  server.RaftServerConfigKeys (ConfUtils.java:logGet(43)) - raft.server.log.preallocated.size = 16384 (custom)
2019-09-19 09:56:54,591 [pool-38-thread-1] INFO  server.RaftServerConfigKeys (ConfUtils.java:logGet(43)) - raft.server.log.write.buffer.size = 33554432 (custom)
2019-09-19 09:56:54,591 [pool-38-thread-1] INFO  server.RaftServerConfigKeys (ConfUtils.java:logGet(43)) - raft.server.log.force.sync.num = 128 (default)
2019-09-19 09:56:54,591 [pool-38-thread-1] INFO  server.RaftServerConfigKeys (ConfUtils.java:logGet(43)) - raft.server.log.statemachine.data.sync = true (default)
2019-09-19 09:56:54,591 [pool-38-thread-1] INFO  server.RaftServerConfigKeys (ConfUtils.java:logGet(43)) - raft.server.log.statemachine.data.sync.timeout = 10s (default)
2019-09-19 09:56:54,591 [pool-38-thread-1] INFO  server.RaftServerConfigKeys (ConfUtils.java:logGet(43)) - raft.server.log.statemachine.data.sync.timeout.retry = -1 (default)
2019-09-19 09:56:54,592 [pool-38-thread-1] INFO  server.RaftServerConfigKeys (ConfUtils.java:logGet(43)) - raft.server.log.statemachine.data.caching.enabled = true (custom)
2019-09-19 09:56:54,592 [pool-38-thread-1] INFO  segmented.SegmentedRaftLogWorker (SegmentedRaftLogWorker.java:lambda$new$0(132)) - 39b9d8f1-cc47-4624-b4ed-3b44777a4379-SegmentedRaftLogWorker:Storage Directory /workdir/hadoop-ozone/tools/target/test-dir/MiniOzoneClusterImpl-3225c09c-430a-4478-b047-7eb735aebfb5/datanode-1/data/ratis/bf6c51da-5664-485a-82f2-f553c6358fb7: flushIndex: setUnconditionally 0 -> -1
2019-09-19 09:56:54,593 [pool-38-thread-1] INFO  server.RaftServerConfigKeys (ConfUtils.java:logGet(43)) - raft.server.snapshot.auto.trigger.enabled = true (custom)
2019-09-19 09:56:54,593 [pool-38-thread-1] INFO  server.RaftServerConfigKeys (ConfUtils.java:logGet(43)) - raft.server.snapshot.auto.trigger.threshold = 10000 (custom)
2019-09-19 09:56:54,593 [pool-38-thread-1] INFO  server.RaftServerConfigKeys (ConfUtils.java:logGet(43)) - raft.server.retrycache.expirytime = 600000ms (custom)
2019-09-19 09:56:54,593 [pool-38-thread-1] INFO  impl.RaftServerImpl (RaftServerImpl.java:start(180)) - 39b9d8f1-cc47-4624-b4ed-3b44777a4379: start group-F553C6358FB7
2019-09-19 09:56:54,593 [pool-38-thread-1] INFO  impl.RaftServerImpl (RaftServerImpl.java:setRole(171)) - 39b9d8f1-cc47-4624-b4ed-3b44777a4379:group-F553C6358FB7 changes role from null to FOLLOWER at term 0 for startAsFollower
2019-09-19 09:56:54,594 [pool-38-thread-1] INFO  impl.RoleInfo (RoleInfo.java:updateAndGet(143)) - 39b9d8f1-cc47-4624-b4ed-3b44777a4379: start FollowerState
2019-09-19 09:56:54,594 [pool-38-thread-1] INFO  util.JmxRegister (JmxRegister.java:tryRegister(44)) - Successfully registered JMX Bean with object name Ratis:service=RaftServer,group=group-F553C6358FB7,id=39b9d8f1-cc47-4624-b4ed-3b44777a4379
2019-09-19 09:56:54,609 [RatisPipelineUtilsThread] INFO  pipeline.PipelineStateManager (PipelineStateManager.java:addPipeline(56)) - Created pipeline Pipeline[ Id: bf6c51da-5664-485a-82f2-f553c6358fb7, Nodes: 39b9d8f1-cc47-4624-b4ed-3b44777a4379{ip: 192.168.34.5, host: pr-hdds-1569-j4bt4-3030777008, networkLocation: /default-rack, certSerialId: null}, Type:RATIS, Factor:ONE, State:OPEN]
2019-09-19 09:56:54,635 [grpc-default-executor-0] INFO  impl.RaftServerProxy (RaftServerProxy.java:addNew(89)) - c5d53031-865d-4491-9cd3-c718532e281c: addNew group-85A3C1E51D85:[c5d53031-865d-4491-9cd3-c718532e281c:192.168.34.5:38112] returns group-85A3C1E51D85:java.util.concurrent.CompletableFuture@10f58b93[Not completed]
2019-09-19 09:56:54,638 [pool-71-thread-1] INFO  impl.RaftServerImpl (RaftServerImpl.java:<init>(93)) - c5d53031-865d-4491-9cd3-c718532e281c: new RaftServerImpl for group-85A3C1E51D85:[c5d53031-865d-4491-9cd3-c718532e281c:192.168.34.5:38112] with ContainerStateMachine:uninitialized
2019-09-19 09:56:54,639 [pool-71-thread-1] INFO  server.RaftServerConfigKeys (ConfUtils.java:logGet(43)) - raft.server.rpc.timeout.min = 5s (custom)
2019-09-19 09:56:54,639 [pool-71-thread-1] INFO  server.RaftServerConfigKeys (ConfUtils.java:logGet(43)) - raft.server.rpc.timeout.max = 5200ms (custom)
2019-09-19 09:56:54,639 [pool-71-thread-1] INFO  server.RaftServerConfigKeys (ConfUtils.java:logGet(43)) - raft.server.rpcslowness.timeout = 120s (custom)
2019-09-19 09:56:54,639 [pool-71-thread-1] INFO  server.RaftServerConfigKeys (ConfUtils.java:logGet(43)) - raft.server.sleep.deviation.threshold = 300 (default)
2019-09-19 09:56:54,639 [pool-71-thread-1] INFO  server.RaftServerConfigKeys (ConfUtils.java:logGet(43)) - raft.server.log.appender.install.snapshot.enabled = false (custom)
2019-09-19 09:56:54,639 [pool-71-thread-1] INFO  impl.RaftServerImpl (ServerState.java:<init>(105)) - c5d53031-865d-4491-9cd3-c718532e281c:group-85A3C1E51D85 ConfigurationManager, init=-1: [c5d53031-865d-4491-9cd3-c718532e281c:192.168.34.5:38112], old=null, confs=<EMPTY_MAP>
2019-09-19 09:56:54,640 [pool-71-thread-1] INFO  server.RaftServerConfigKeys (ConfUtils.java:logGet(43)) - raft.server.storage.dir = [/workdir/hadoop-ozone/tools/target/test-dir/MiniOzoneClusterImpl-3225c09c-430a-4478-b047-7eb735aebfb5/datanode-4/data/ratis] (custom)
2019-09-19 09:56:54,640 [pool-71-thread-1] INFO  storage.RaftStorageDirectory (RaftStorageDirectory.java:analyzeStorage(246)) - The storage directory /workdir/hadoop-ozone/tools/target/test-dir/MiniOzoneClusterImpl-3225c09c-430a-4478-b047-7eb735aebfb5/datanode-4/data/ratis/0fc78ca6-4399-47a8-953a-85a3c1e51d85 does not exist. Creating ...
2019-09-19 09:56:54,653 [pool-71-thread-1] INFO  storage.RaftStorageDirectory (RaftStorageDirectory.java:tryLock(328)) - Lock on /workdir/hadoop-ozone/tools/target/test-dir/MiniOzoneClusterImpl-3225c09c-430a-4478-b047-7eb735aebfb5/datanode-4/data/ratis/0fc78ca6-4399-47a8-953a-85a3c1e51d85/in_use.lock acquired by nodename 18075@pr-hdds-1569-j4bt4-3030777008
2019-09-19 09:56:54,671 [pool-71-thread-1] INFO  storage.RaftStorage (RaftStorage.java:format(72)) - Storage directory /workdir/hadoop-ozone/tools/target/test-dir/MiniOzoneClusterImpl-3225c09c-430a-4478-b047-7eb735aebfb5/datanode-4/data/ratis/0fc78ca6-4399-47a8-953a-85a3c1e51d85 has been successfully formatted.
2019-09-19 09:56:54,671 [pool-71-thread-1] INFO  ratis.ContainerStateMachine (ContainerStateMachine.java:loadSnapshot(226)) - group-85A3C1E51D85: The snapshot info is null. Setting the last applied indexto:(t:0, i:~)
2019-09-19 09:56:54,671 [pool-71-thread-1] INFO  server.RaftServerConfigKeys (ConfUtils.java:logGet(43)) - raft.server.leader.election.timeout = 120s (custom)
2019-09-19 09:56:54,672 [pool-71-thread-1] INFO  server.RaftServerConfigKeys (ConfUtils.java:logGet(43)) - raft.server.log.use.memory = false (default)
2019-09-19 09:56:54,672 [pool-71-thread-1] INFO  server.RaftServerConfigKeys (ConfUtils.java:logGet(43)) - raft.server.log.purge.gap = 1000000 (custom)
2019-09-19 09:56:54,672 [pool-71-thread-1] INFO  server.RaftServerConfigKeys (ConfUtils.java:logGet(43)) - raft.server.log.appender.buffer.byte-limit = 33554432 (custom)
2019-09-19 09:56:54,672 [pool-71-thread-1] INFO  server.RaftServerConfigKeys (ConfUtils.java:logGet(43)) - raft.server.log.segment.size.max = 1048576 (custom)
2019-09-19 09:56:54,672 [pool-71-thread-1] INFO  server.RaftServerConfigKeys (ConfUtils.java:logGet(43)) - raft.server.log.segment.cache.num.max = 2 (custom)
2019-09-19 09:56:54,673 [pool-71-thread-1] INFO  segmented.SegmentedRaftLogWorker (SegmentedRaftLogWorker.java:<init>(172)) - new c5d53031-865d-4491-9cd3-c718532e281c-SegmentedRaftLogWorker:Storage Directory /workdir/hadoop-ozone/tools/target/test-dir/MiniOzoneClusterImpl-3225c09c-430a-4478-b047-7eb735aebfb5/datanode-4/data/ratis/0fc78ca6-4399-47a8-953a-85a3c1e51d85 for RaftStorage:Storage Directory /workdir/hadoop-ozone/tools/target/test-dir/MiniOzoneClusterImpl-3225c09c-430a-4478-b047-7eb735aebfb5/datanode-4/data/ratis/0fc78ca6-4399-47a8-953a-85a3c1e51d85
2019-09-19 09:56:54,673 [pool-71-thread-1] INFO  server.RaftServerConfigKeys (ConfUtils.java:logGet(43)) - raft.server.log.queue.byte-limit = 2147483647 (custom)
2019-09-19 09:56:54,673 [pool-71-thread-1] INFO  server.RaftServerConfigKeys (ConfUtils.java:logGet(43)) - raft.server.log.queue.element-limit = 1024 (custom)
2019-09-19 09:56:54,673 [pool-71-thread-1] INFO  server.RaftServerConfigKeys (ConfUtils.java:logGet(43)) - raft.server.log.segment.size.max = 1048576 (custom)
2019-09-19 09:56:54,673 [pool-71-thread-1] INFO  server.RaftServerConfigKeys (ConfUtils.java:logGet(43)) - raft.server.log.preallocated.size = 16384 (custom)
2019-09-19 09:56:54,674 [pool-71-thread-1] INFO  server.RaftServerConfigKeys (ConfUtils.java:logGet(43)) - raft.server.log.write.buffer.size = 33554432 (custom)
2019-09-19 09:56:54,674 [pool-71-thread-1] INFO  server.RaftServerConfigKeys (ConfUtils.java:logGet(43)) - raft.server.log.force.sync.num = 128 (default)
2019-09-19 09:56:54,674 [pool-71-thread-1] INFO  server.RaftServerConfigKeys (ConfUtils.java:logGet(43)) - raft.server.log.statemachine.data.sync = true (default)
2019-09-19 09:56:54,674 [pool-71-thread-1] INFO  server.RaftServerConfigKeys (ConfUtils.java:logGet(43)) - raft.server.log.statemachine.data.sync.timeout = 10s (default)
2019-09-19 09:56:54,675 [pool-71-thread-1] INFO  server.RaftServerConfigKeys (ConfUtils.java:logGet(43)) - raft.server.log.statemachine.data.sync.timeout.retry = -1 (default)
2019-09-19 09:56:54,675 [pool-71-thread-1] INFO  server.RaftServerConfigKeys (ConfUtils.java:logGet(43)) - raft.server.log.statemachine.data.caching.enabled = true (custom)
2019-09-19 09:56:54,675 [pool-71-thread-1] INFO  segmented.SegmentedRaftLogWorker (SegmentedRaftLogWorker.java:lambda$new$0(132)) - c5d53031-865d-4491-9cd3-c718532e281c-SegmentedRaftLogWorker:Storage Directory /workdir/hadoop-ozone/tools/target/test-dir/MiniOzoneClusterImpl-3225c09c-430a-4478-b047-7eb735aebfb5/datanode-4/data/ratis/0fc78ca6-4399-47a8-953a-85a3c1e51d85: flushIndex: setUnconditionally 0 -> -1
2019-09-19 09:56:54,676 [pool-71-thread-1] INFO  server.RaftServerConfigKeys (ConfUtils.java:logGet(43)) - raft.server.snapshot.auto.trigger.enabled = true (custom)
2019-09-19 09:56:54,676 [pool-71-thread-1] INFO  server.RaftServerConfigKeys (ConfUtils.java:logGet(43)) - raft.server.snapshot.auto.trigger.threshold = 10000 (custom)
2019-09-19 09:56:54,676 [pool-71-thread-1] INFO  server.RaftServerConfigKeys (ConfUtils.java:logGet(43)) - raft.server.retrycache.expirytime = 600000ms (custom)
2019-09-19 09:56:54,677 [pool-71-thread-1] INFO  impl.RaftServerImpl (RaftServerImpl.java:start(180)) - c5d53031-865d-4491-9cd3-c718532e281c: start group-85A3C1E51D85
2019-09-19 09:56:54,677 [pool-71-thread-1] INFO  impl.RaftServerImpl (RaftServerImpl.java:setRole(171)) - c5d53031-865d-4491-9cd3-c718532e281c:group-85A3C1E51D85 changes role from null to FOLLOWER at term 0 for startAsFollower
2019-09-19 09:56:54,677 [pool-71-thread-1] INFO  impl.RoleInfo (RoleInfo.java:updateAndGet(143)) - c5d53031-865d-4491-9cd3-c718532e281c: start FollowerState
2019-09-19 09:56:54,678 [pool-71-thread-1] INFO  util.JmxRegister (JmxRegister.java:tryRegister(44)) - Successfully registered JMX Bean with object name Ratis:service=RaftServer,group=group-85A3C1E51D85,id=c5d53031-865d-4491-9cd3-c718532e281c
2019-09-19 09:56:54,689 [RatisPipelineUtilsThread] INFO  pipeline.PipelineStateManager (PipelineStateManager.java:addPipeline(56)) - Created pipeline Pipeline[ Id: 0fc78ca6-4399-47a8-953a-85a3c1e51d85, Nodes: c5d53031-865d-4491-9cd3-c718532e281c{ip: 192.168.34.5, host: pr-hdds-1569-j4bt4-3030777008, networkLocation: /default-rack, certSerialId: null}, Type:RATIS, Factor:ONE, State:OPEN]
2019-09-19 09:56:54,715 [grpc-default-executor-0] INFO  impl.RaftServerProxy (RaftServerProxy.java:addNew(89)) - 19cf0631-d0d9-4f40-8587-54276d2ac576: addNew group-C27888E8EA58:[19cf0631-d0d9-4f40-8587-54276d2ac576:192.168.34.5:38304] returns group-C27888E8EA58:java.util.concurrent.CompletableFuture@28ac527c[Not completed]
2019-09-19 09:56:54,717 [pool-49-thread-1] INFO  impl.RaftServerImpl (RaftServerImpl.java:<init>(93)) - 19cf0631-d0d9-4f40-8587-54276d2ac576: new RaftServerImpl for group-C27888E8EA58:[19cf0631-d0d9-4f40-8587-54276d2ac576:192.168.34.5:38304] with ContainerStateMachine:uninitialized
2019-09-19 09:56:54,717 [pool-49-thread-1] INFO  server.RaftServerConfigKeys (ConfUtils.java:logGet(43)) - raft.server.rpc.timeout.min = 5s (custom)
2019-09-19 09:56:54,717 [pool-49-thread-1] INFO  server.RaftServerConfigKeys (ConfUtils.java:logGet(43)) - raft.server.rpc.timeout.max = 5200ms (custom)
2019-09-19 09:56:54,717 [pool-49-thread-1] INFO  server.RaftServerConfigKeys (ConfUtils.java:logGet(43)) - raft.server.rpcslowness.timeout = 120s (custom)
2019-09-19 09:56:54,717 [pool-49-thread-1] INFO  server.RaftServerConfigKeys (ConfUtils.java:logGet(43)) - raft.server.sleep.deviation.threshold = 300 (default)
2019-09-19 09:56:54,717 [pool-49-thread-1] INFO  server.RaftServerConfigKeys (ConfUtils.java:logGet(43)) - raft.server.log.appender.install.snapshot.enabled = false (custom)
2019-09-19 09:56:54,718 [pool-49-thread-1] INFO  impl.RaftServerImpl (ServerState.java:<init>(105)) - 19cf0631-d0d9-4f40-8587-54276d2ac576:group-C27888E8EA58 ConfigurationManager, init=-1: [19cf0631-d0d9-4f40-8587-54276d2ac576:192.168.34.5:38304], old=null, confs=<EMPTY_MAP>
2019-09-19 09:56:54,718 [pool-49-thread-1] INFO  server.RaftServerConfigKeys (ConfUtils.java:logGet(43)) - raft.server.storage.dir = [/workdir/hadoop-ozone/tools/target/test-dir/MiniOzoneClusterImpl-3225c09c-430a-4478-b047-7eb735aebfb5/datanode-2/data/ratis] (custom)
2019-09-19 09:56:54,718 [pool-49-thread-1] INFO  storage.RaftStorageDirectory (RaftStorageDirectory.java:analyzeStorage(246)) - The storage directory /workdir/hadoop-ozone/tools/target/test-dir/MiniOzoneClusterImpl-3225c09c-430a-4478-b047-7eb735aebfb5/datanode-2/data/ratis/b84ce3d5-423e-40b3-8c7b-c27888e8ea58 does not exist. Creating ...
2019-09-19 09:56:54,731 [pool-49-thread-1] INFO  storage.RaftStorageDirectory (RaftStorageDirectory.java:tryLock(328)) - Lock on /workdir/hadoop-ozone/tools/target/test-dir/MiniOzoneClusterImpl-3225c09c-430a-4478-b047-7eb735aebfb5/datanode-2/data/ratis/b84ce3d5-423e-40b3-8c7b-c27888e8ea58/in_use.lock acquired by nodename 18075@pr-hdds-1569-j4bt4-3030777008
2019-09-19 09:56:54,744 [pool-49-thread-1] INFO  storage.RaftStorage (RaftStorage.java:format(72)) - Storage directory /workdir/hadoop-ozone/tools/target/test-dir/MiniOzoneClusterImpl-3225c09c-430a-4478-b047-7eb735aebfb5/datanode-2/data/ratis/b84ce3d5-423e-40b3-8c7b-c27888e8ea58 has been successfully formatted.
2019-09-19 09:56:54,744 [pool-49-thread-1] INFO  ratis.ContainerStateMachine (ContainerStateMachine.java:loadSnapshot(226)) - group-C27888E8EA58: The snapshot info is null. Setting the last applied indexto:(t:0, i:~)
2019-09-19 09:56:54,744 [pool-49-thread-1] INFO  server.RaftServerConfigKeys (ConfUtils.java:logGet(43)) - raft.server.leader.election.timeout = 120s (custom)
2019-09-19 09:56:54,744 [pool-49-thread-1] INFO  server.RaftServerConfigKeys (ConfUtils.java:logGet(43)) - raft.server.log.use.memory = false (default)
2019-09-19 09:56:54,745 [pool-49-thread-1] INFO  server.RaftServerConfigKeys (ConfUtils.java:logGet(43)) - raft.server.log.purge.gap = 1000000 (custom)
2019-09-19 09:56:54,745 [pool-49-thread-1] INFO  server.RaftServerConfigKeys (ConfUtils.java:logGet(43)) - raft.server.log.appender.buffer.byte-limit = 33554432 (custom)
2019-09-19 09:56:54,745 [pool-49-thread-1] INFO  server.RaftServerConfigKeys (ConfUtils.java:logGet(43)) - raft.server.log.segment.size.max = 1048576 (custom)
2019-09-19 09:56:54,745 [pool-49-thread-1] INFO  server.RaftServerConfigKeys (ConfUtils.java:logGet(43)) - raft.server.log.segment.cache.num.max = 2 (custom)
2019-09-19 09:56:54,745 [pool-49-thread-1] INFO  segmented.SegmentedRaftLogWorker (SegmentedRaftLogWorker.java:<init>(172)) - new 19cf0631-d0d9-4f40-8587-54276d2ac576-SegmentedRaftLogWorker:Storage Directory /workdir/hadoop-ozone/tools/target/test-dir/MiniOzoneClusterImpl-3225c09c-430a-4478-b047-7eb735aebfb5/datanode-2/data/ratis/b84ce3d5-423e-40b3-8c7b-c27888e8ea58 for RaftStorage:Storage Directory /workdir/hadoop-ozone/tools/target/test-dir/MiniOzoneClusterImpl-3225c09c-430a-4478-b047-7eb735aebfb5/datanode-2/data/ratis/b84ce3d5-423e-40b3-8c7b-c27888e8ea58
2019-09-19 09:56:54,746 [pool-49-thread-1] INFO  server.RaftServerConfigKeys (ConfUtils.java:logGet(43)) - raft.server.log.queue.byte-limit = 2147483647 (custom)
2019-09-19 09:56:54,746 [pool-49-thread-1] INFO  server.RaftServerConfigKeys (ConfUtils.java:logGet(43)) - raft.server.log.queue.element-limit = 1024 (custom)
2019-09-19 09:56:54,746 [pool-49-thread-1] INFO  server.RaftServerConfigKeys (ConfUtils.java:logGet(43)) - raft.server.log.segment.size.max = 1048576 (custom)
2019-09-19 09:56:54,746 [pool-49-thread-1] INFO  server.RaftServerConfigKeys (ConfUtils.java:logGet(43)) - raft.server.log.preallocated.size = 16384 (custom)
2019-09-19 09:56:54,746 [pool-49-thread-1] INFO  server.RaftServerConfigKeys (ConfUtils.java:logGet(43)) - raft.server.log.write.buffer.size = 33554432 (custom)
2019-09-19 09:56:54,746 [pool-49-thread-1] INFO  server.RaftServerConfigKeys (ConfUtils.java:logGet(43)) - raft.server.log.force.sync.num = 128 (default)
2019-09-19 09:56:54,747 [pool-49-thread-1] INFO  server.RaftServerConfigKeys (ConfUtils.java:logGet(43)) - raft.server.log.statemachine.data.sync = true (default)
2019-09-19 09:56:54,747 [pool-49-thread-1] INFO  server.RaftServerConfigKeys (ConfUtils.java:logGet(43)) - raft.server.log.statemachine.data.sync.timeout = 10s (default)
2019-09-19 09:56:54,747 [pool-49-thread-1] INFO  server.RaftServerConfigKeys (ConfUtils.java:logGet(43)) - raft.server.log.statemachine.data.sync.timeout.retry = -1 (default)
2019-09-19 09:56:54,747 [pool-49-thread-1] INFO  server.RaftServerConfigKeys (ConfUtils.java:logGet(43)) - raft.server.log.statemachine.data.caching.enabled = true (custom)
2019-09-19 09:56:54,748 [pool-49-thread-1] INFO  segmented.SegmentedRaftLogWorker (SegmentedRaftLogWorker.java:lambda$new$0(132)) - 19cf0631-d0d9-4f40-8587-54276d2ac576-SegmentedRaftLogWorker:Storage Directory /workdir/hadoop-ozone/tools/target/test-dir/MiniOzoneClusterImpl-3225c09c-430a-4478-b047-7eb735aebfb5/datanode-2/data/ratis/b84ce3d5-423e-40b3-8c7b-c27888e8ea58: flushIndex: setUnconditionally 0 -> -1
2019-09-19 09:56:54,748 [pool-49-thread-1] INFO  server.RaftServerConfigKeys (ConfUtils.java:logGet(43)) - raft.server.snapshot.auto.trigger.enabled = true (custom)
2019-09-19 09:56:54,748 [pool-49-thread-1] INFO  server.RaftServerConfigKeys (ConfUtils.java:logGet(43)) - raft.server.snapshot.auto.trigger.threshold = 10000 (custom)
2019-09-19 09:56:54,748 [pool-49-thread-1] INFO  server.RaftServerConfigKeys (ConfUtils.java:logGet(43)) - raft.server.retrycache.expirytime = 600000ms (custom)
2019-09-19 09:56:54,749 [pool-49-thread-1] INFO  impl.RaftServerImpl (RaftServerImpl.java:start(180)) - 19cf0631-d0d9-4f40-8587-54276d2ac576: start group-C27888E8EA58
2019-09-19 09:56:54,749 [pool-49-thread-1] INFO  impl.RaftServerImpl (RaftServerImpl.java:setRole(171)) - 19cf0631-d0d9-4f40-8587-54276d2ac576:group-C27888E8EA58 changes role from null to FOLLOWER at term 0 for startAsFollower
2019-09-19 09:56:54,749 [pool-49-thread-1] INFO  impl.RoleInfo (RoleInfo.java:updateAndGet(143)) - 19cf0631-d0d9-4f40-8587-54276d2ac576: start FollowerState
2019-09-19 09:56:54,750 [pool-49-thread-1] INFO  util.JmxRegister (JmxRegister.java:tryRegister(44)) - Successfully registered JMX Bean with object name Ratis:service=RaftServer,group=group-C27888E8EA58,id=19cf0631-d0d9-4f40-8587-54276d2ac576
2019-09-19 09:56:54,766 [RatisPipelineUtilsThread] INFO  pipeline.PipelineStateManager (PipelineStateManager.java:addPipeline(56)) - Created pipeline Pipeline[ Id: b84ce3d5-423e-40b3-8c7b-c27888e8ea58, Nodes: 19cf0631-d0d9-4f40-8587-54276d2ac576{ip: 192.168.34.5, host: pr-hdds-1569-j4bt4-3030777008, networkLocation: /default-rack, certSerialId: null}, Type:RATIS, Factor:ONE, State:OPEN]
2019-09-19 09:56:54,781 [grpc-default-executor-0] INFO  impl.RaftServerProxy (RaftServerProxy.java:addNew(89)) - 4490b81b-0ef7-4125-ad05-765de4ccf1d4: addNew group-F2545ABBBC16:[4490b81b-0ef7-4125-ad05-765de4ccf1d4:192.168.34.5:38735] returns group-F2545ABBBC16:java.util.concurrent.CompletableFuture@2906c943[Not completed]
2019-09-19 09:56:54,783 [pool-27-thread-1] INFO  impl.RaftServerImpl (RaftServerImpl.java:<init>(93)) - 4490b81b-0ef7-4125-ad05-765de4ccf1d4: new RaftServerImpl for group-F2545ABBBC16:[4490b81b-0ef7-4125-ad05-765de4ccf1d4:192.168.34.5:38735] with ContainerStateMachine:uninitialized
2019-09-19 09:56:54,783 [pool-27-thread-1] INFO  server.RaftServerConfigKeys (ConfUtils.java:logGet(43)) - raft.server.rpc.timeout.min = 5s (custom)
2019-09-19 09:56:54,783 [pool-27-thread-1] INFO  server.RaftServerConfigKeys (ConfUtils.java:logGet(43)) - raft.server.rpc.timeout.max = 5200ms (custom)
2019-09-19 09:56:54,783 [pool-27-thread-1] INFO  server.RaftServerConfigKeys (ConfUtils.java:logGet(43)) - raft.server.rpcslowness.timeout = 120s (custom)
2019-09-19 09:56:54,784 [pool-27-thread-1] INFO  server.RaftServerConfigKeys (ConfUtils.java:logGet(43)) - raft.server.sleep.deviation.threshold = 300 (default)
2019-09-19 09:56:54,784 [pool-27-thread-1] INFO  server.RaftServerConfigKeys (ConfUtils.java:logGet(43)) - raft.server.log.appender.install.snapshot.enabled = false (custom)
2019-09-19 09:56:54,784 [pool-27-thread-1] INFO  impl.RaftServerImpl (ServerState.java:<init>(105)) - 4490b81b-0ef7-4125-ad05-765de4ccf1d4:group-F2545ABBBC16 ConfigurationManager, init=-1: [4490b81b-0ef7-4125-ad05-765de4ccf1d4:192.168.34.5:38735], old=null, confs=<EMPTY_MAP>
2019-09-19 09:56:54,784 [pool-27-thread-1] INFO  server.RaftServerConfigKeys (ConfUtils.java:logGet(43)) - raft.server.storage.dir = [/workdir/hadoop-ozone/tools/target/test-dir/MiniOzoneClusterImpl-3225c09c-430a-4478-b047-7eb735aebfb5/datanode-0/data/ratis] (custom)
2019-09-19 09:56:54,785 [pool-27-thread-1] INFO  storage.RaftStorageDirectory (RaftStorageDirectory.java:analyzeStorage(246)) - The storage directory /workdir/hadoop-ozone/tools/target/test-dir/MiniOzoneClusterImpl-3225c09c-430a-4478-b047-7eb735aebfb5/datanode-0/data/ratis/c16a624b-52df-47a8-9e68-f2545abbbc16 does not exist. Creating ...
2019-09-19 09:56:54,797 [pool-27-thread-1] INFO  storage.RaftStorageDirectory (RaftStorageDirectory.java:tryLock(328)) - Lock on /workdir/hadoop-ozone/tools/target/test-dir/MiniOzoneClusterImpl-3225c09c-430a-4478-b047-7eb735aebfb5/datanode-0/data/ratis/c16a624b-52df-47a8-9e68-f2545abbbc16/in_use.lock acquired by nodename 18075@pr-hdds-1569-j4bt4-3030777008
2019-09-19 09:56:54,810 [pool-27-thread-1] INFO  storage.RaftStorage (RaftStorage.java:format(72)) - Storage directory /workdir/hadoop-ozone/tools/target/test-dir/MiniOzoneClusterImpl-3225c09c-430a-4478-b047-7eb735aebfb5/datanode-0/data/ratis/c16a624b-52df-47a8-9e68-f2545abbbc16 has been successfully formatted.
2019-09-19 09:56:54,811 [pool-27-thread-1] INFO  ratis.ContainerStateMachine (ContainerStateMachine.java:loadSnapshot(226)) - group-F2545ABBBC16: The snapshot info is null. Setting the last applied indexto:(t:0, i:~)
2019-09-19 09:56:54,811 [pool-27-thread-1] INFO  server.RaftServerConfigKeys (ConfUtils.java:logGet(43)) - raft.server.leader.election.timeout = 120s (custom)
2019-09-19 09:56:54,811 [pool-27-thread-1] INFO  server.RaftServerConfigKeys (ConfUtils.java:logGet(43)) - raft.server.log.use.memory = false (default)
2019-09-19 09:56:54,811 [pool-27-thread-1] INFO  server.RaftServerConfigKeys (ConfUtils.java:logGet(43)) - raft.server.log.purge.gap = 1000000 (custom)
2019-09-19 09:56:54,811 [pool-27-thread-1] INFO  server.RaftServerConfigKeys (ConfUtils.java:logGet(43)) - raft.server.log.appender.buffer.byte-limit = 33554432 (custom)
2019-09-19 09:56:54,812 [pool-27-thread-1] INFO  server.RaftServerConfigKeys (ConfUtils.java:logGet(43)) - raft.server.log.segment.size.max = 1048576 (custom)
2019-09-19 09:56:54,812 [pool-27-thread-1] INFO  server.RaftServerConfigKeys (ConfUtils.java:logGet(43)) - raft.server.log.segment.cache.num.max = 2 (custom)
2019-09-19 09:56:54,812 [pool-27-thread-1] INFO  segmented.SegmentedRaftLogWorker (SegmentedRaftLogWorker.java:<init>(172)) - new 4490b81b-0ef7-4125-ad05-765de4ccf1d4-SegmentedRaftLogWorker:Storage Directory /workdir/hadoop-ozone/tools/target/test-dir/MiniOzoneClusterImpl-3225c09c-430a-4478-b047-7eb735aebfb5/datanode-0/data/ratis/c16a624b-52df-47a8-9e68-f2545abbbc16 for RaftStorage:Storage Directory /workdir/hadoop-ozone/tools/target/test-dir/MiniOzoneClusterImpl-3225c09c-430a-4478-b047-7eb735aebfb5/datanode-0/data/ratis/c16a624b-52df-47a8-9e68-f2545abbbc16
2019-09-19 09:56:54,812 [pool-27-thread-1] INFO  server.RaftServerConfigKeys (ConfUtils.java:logGet(43)) - raft.server.log.queue.byte-limit = 2147483647 (custom)
2019-09-19 09:56:54,812 [pool-27-thread-1] INFO  server.RaftServerConfigKeys (ConfUtils.java:logGet(43)) - raft.server.log.queue.element-limit = 1024 (custom)
2019-09-19 09:56:54,812 [pool-27-thread-1] INFO  server.RaftServerConfigKeys (ConfUtils.java:logGet(43)) - raft.server.log.segment.size.max = 1048576 (custom)
2019-09-19 09:56:54,813 [pool-27-thread-1] INFO  server.RaftServerConfigKeys (ConfUtils.java:logGet(43)) - raft.server.log.preallocated.size = 16384 (custom)
2019-09-19 09:56:54,813 [pool-27-thread-1] INFO  server.RaftServerConfigKeys (ConfUtils.java:logGet(43)) - raft.server.log.write.buffer.size = 33554432 (custom)
2019-09-19 09:56:54,813 [pool-27-thread-1] INFO  server.RaftServerConfigKeys (ConfUtils.java:logGet(43)) - raft.server.log.force.sync.num = 128 (default)
2019-09-19 09:56:54,813 [pool-27-thread-1] INFO  server.RaftServerConfigKeys (ConfUtils.java:logGet(43)) - raft.server.log.statemachine.data.sync = true (default)
2019-09-19 09:56:54,813 [pool-27-thread-1] INFO  server.RaftServerConfigKeys (ConfUtils.java:logGet(43)) - raft.server.log.statemachine.data.sync.timeout = 10s (default)
2019-09-19 09:56:54,814 [pool-27-thread-1] INFO  server.RaftServerConfigKeys (ConfUtils.java:logGet(43)) - raft.server.log.statemachine.data.sync.timeout.retry = -1 (default)
2019-09-19 09:56:54,814 [pool-27-thread-1] INFO  server.RaftServerConfigKeys (ConfUtils.java:logGet(43)) - raft.server.log.statemachine.data.caching.enabled = true (custom)
2019-09-19 09:56:54,814 [pool-27-thread-1] INFO  segmented.SegmentedRaftLogWorker (SegmentedRaftLogWorker.java:lambda$new$0(132)) - 4490b81b-0ef7-4125-ad05-765de4ccf1d4-SegmentedRaftLogWorker:Storage Directory /workdir/hadoop-ozone/tools/target/test-dir/MiniOzoneClusterImpl-3225c09c-430a-4478-b047-7eb735aebfb5/datanode-0/data/ratis/c16a624b-52df-47a8-9e68-f2545abbbc16: flushIndex: setUnconditionally 0 -> -1
2019-09-19 09:56:54,815 [pool-27-thread-1] INFO  server.RaftServerConfigKeys (ConfUtils.java:logGet(43)) - raft.server.snapshot.auto.trigger.enabled = true (custom)
2019-09-19 09:56:54,815 [pool-27-thread-1] INFO  server.RaftServerConfigKeys (ConfUtils.java:logGet(43)) - raft.server.snapshot.auto.trigger.threshold = 10000 (custom)
2019-09-19 09:56:54,815 [pool-27-thread-1] INFO  server.RaftServerConfigKeys (ConfUtils.java:logGet(43)) - raft.server.retrycache.expirytime = 600000ms (custom)
2019-09-19 09:56:54,815 [pool-27-thread-1] INFO  impl.RaftServerImpl (RaftServerImpl.java:start(180)) - 4490b81b-0ef7-4125-ad05-765de4ccf1d4: start group-F2545ABBBC16
2019-09-19 09:56:54,816 [pool-27-thread-1] INFO  impl.RaftServerImpl (RaftServerImpl.java:setRole(171)) - 4490b81b-0ef7-4125-ad05-765de4ccf1d4:group-F2545ABBBC16 changes role from null to FOLLOWER at term 0 for startAsFollower
2019-09-19 09:56:54,816 [pool-27-thread-1] INFO  impl.RoleInfo (RoleInfo.java:updateAndGet(143)) - 4490b81b-0ef7-4125-ad05-765de4ccf1d4: start FollowerState
2019-09-19 09:56:54,816 [pool-27-thread-1] INFO  util.JmxRegister (JmxRegister.java:tryRegister(44)) - Successfully registered JMX Bean with object name Ratis:service=RaftServer,group=group-F2545ABBBC16,id=4490b81b-0ef7-4125-ad05-765de4ccf1d4
2019-09-19 09:56:54,831 [RatisPipelineUtilsThread] INFO  pipeline.PipelineStateManager (PipelineStateManager.java:addPipeline(56)) - Created pipeline Pipeline[ Id: c16a624b-52df-47a8-9e68-f2545abbbc16, Nodes: 4490b81b-0ef7-4125-ad05-765de4ccf1d4{ip: 192.168.34.5, host: pr-hdds-1569-j4bt4-3030777008, networkLocation: /default-rack, certSerialId: null}, Type:RATIS, Factor:ONE, State:OPEN]
2019-09-19 09:56:54,845 [grpc-default-executor-0] INFO  impl.RaftServerProxy (RaftServerProxy.java:addNew(89)) - 19cf0631-d0d9-4f40-8587-54276d2ac576: addNew group-002E9CBB5A97:[19cf0631-d0d9-4f40-8587-54276d2ac576:192.168.34.5:38304] returns group-002E9CBB5A97:java.util.concurrent.CompletableFuture@6fcb6a41[Not completed]
2019-09-19 09:56:54,847 [pool-49-thread-1] INFO  impl.RaftServerImpl (RaftServerImpl.java:<init>(93)) - 19cf0631-d0d9-4f40-8587-54276d2ac576: new RaftServerImpl for group-002E9CBB5A97:[19cf0631-d0d9-4f40-8587-54276d2ac576:192.168.34.5:38304] with ContainerStateMachine:uninitialized
2019-09-19 09:56:54,847 [pool-49-thread-1] INFO  server.RaftServerConfigKeys (ConfUtils.java:logGet(43)) - raft.server.rpc.timeout.min = 5s (custom)
2019-09-19 09:56:54,847 [pool-49-thread-1] INFO  server.RaftServerConfigKeys (ConfUtils.java:logGet(43)) - raft.server.rpc.timeout.max = 5200ms (custom)
2019-09-19 09:56:54,847 [pool-49-thread-1] INFO  server.RaftServerConfigKeys (ConfUtils.java:logGet(43)) - raft.server.rpcslowness.timeout = 120s (custom)
2019-09-19 09:56:54,847 [pool-49-thread-1] INFO  server.RaftServerConfigKeys (ConfUtils.java:logGet(43)) - raft.server.sleep.deviation.threshold = 300 (default)
2019-09-19 09:56:54,848 [pool-49-thread-1] INFO  server.RaftServerConfigKeys (ConfUtils.java:logGet(43)) - raft.server.log.appender.install.snapshot.enabled = false (custom)
2019-09-19 09:56:54,848 [pool-49-thread-1] INFO  impl.RaftServerImpl (ServerState.java:<init>(105)) - 19cf0631-d0d9-4f40-8587-54276d2ac576:group-002E9CBB5A97 ConfigurationManager, init=-1: [19cf0631-d0d9-4f40-8587-54276d2ac576:192.168.34.5:38304], old=null, confs=<EMPTY_MAP>
2019-09-19 09:56:54,848 [pool-49-thread-1] INFO  server.RaftServerConfigKeys (ConfUtils.java:logGet(43)) - raft.server.storage.dir = [/workdir/hadoop-ozone/tools/target/test-dir/MiniOzoneClusterImpl-3225c09c-430a-4478-b047-7eb735aebfb5/datanode-2/data/ratis] (custom)
2019-09-19 09:56:54,849 [pool-49-thread-1] INFO  storage.RaftStorageDirectory (RaftStorageDirectory.java:analyzeStorage(246)) - The storage directory /workdir/hadoop-ozone/tools/target/test-dir/MiniOzoneClusterImpl-3225c09c-430a-4478-b047-7eb735aebfb5/datanode-2/data/ratis/86485850-7769-4351-b40d-002e9cbb5a97 does not exist. Creating ...
2019-09-19 09:56:54,861 [pool-49-thread-1] INFO  storage.RaftStorageDirectory (RaftStorageDirectory.java:tryLock(328)) - Lock on /workdir/hadoop-ozone/tools/target/test-dir/MiniOzoneClusterImpl-3225c09c-430a-4478-b047-7eb735aebfb5/datanode-2/data/ratis/86485850-7769-4351-b40d-002e9cbb5a97/in_use.lock acquired by nodename 18075@pr-hdds-1569-j4bt4-3030777008
2019-09-19 09:56:54,874 [pool-49-thread-1] INFO  storage.RaftStorage (RaftStorage.java:format(72)) - Storage directory /workdir/hadoop-ozone/tools/target/test-dir/MiniOzoneClusterImpl-3225c09c-430a-4478-b047-7eb735aebfb5/datanode-2/data/ratis/86485850-7769-4351-b40d-002e9cbb5a97 has been successfully formatted.
2019-09-19 09:56:54,874 [pool-49-thread-1] INFO  ratis.ContainerStateMachine (ContainerStateMachine.java:loadSnapshot(226)) - group-002E9CBB5A97: The snapshot info is null. Setting the last applied indexto:(t:0, i:~)
2019-09-19 09:56:54,875 [pool-49-thread-1] INFO  server.RaftServerConfigKeys (ConfUtils.java:logGet(43)) - raft.server.leader.election.timeout = 120s (custom)
2019-09-19 09:56:54,875 [pool-49-thread-1] INFO  server.RaftServerConfigKeys (ConfUtils.java:logGet(43)) - raft.server.log.use.memory = false (default)
2019-09-19 09:56:54,875 [pool-49-thread-1] INFO  server.RaftServerConfigKeys (ConfUtils.java:logGet(43)) - raft.server.log.purge.gap = 1000000 (custom)
2019-09-19 09:56:54,875 [pool-49-thread-1] INFO  server.RaftServerConfigKeys (ConfUtils.java:logGet(43)) - raft.server.log.appender.buffer.byte-limit = 33554432 (custom)
2019-09-19 09:56:54,875 [pool-49-thread-1] INFO  server.RaftServerConfigKeys (ConfUtils.java:logGet(43)) - raft.server.log.segment.size.max = 1048576 (custom)
2019-09-19 09:56:54,875 [pool-49-thread-1] INFO  server.RaftServerConfigKeys (ConfUtils.java:logGet(43)) - raft.server.log.segment.cache.num.max = 2 (custom)
2019-09-19 09:56:54,876 [pool-49-thread-1] INFO  segmented.SegmentedRaftLogWorker (SegmentedRaftLogWorker.java:<init>(172)) - new 19cf0631-d0d9-4f40-8587-54276d2ac576-SegmentedRaftLogWorker:Storage Directory /workdir/hadoop-ozone/tools/target/test-dir/MiniOzoneClusterImpl-3225c09c-430a-4478-b047-7eb735aebfb5/datanode-2/data/ratis/86485850-7769-4351-b40d-002e9cbb5a97 for RaftStorage:Storage Directory /workdir/hadoop-ozone/tools/target/test-dir/MiniOzoneClusterImpl-3225c09c-430a-4478-b047-7eb735aebfb5/datanode-2/data/ratis/86485850-7769-4351-b40d-002e9cbb5a97
2019-09-19 09:56:54,876 [pool-49-thread-1] INFO  server.RaftServerConfigKeys (ConfUtils.java:logGet(43)) - raft.server.log.queue.byte-limit = 2147483647 (custom)
2019-09-19 09:56:54,876 [pool-49-thread-1] INFO  server.RaftServerConfigKeys (ConfUtils.java:logGet(43)) - raft.server.log.queue.element-limit = 1024 (custom)
2019-09-19 09:56:54,876 [pool-49-thread-1] INFO  server.RaftServerConfigKeys (ConfUtils.java:logGet(43)) - raft.server.log.segment.size.max = 1048576 (custom)
2019-09-19 09:56:54,876 [pool-49-thread-1] INFO  server.RaftServerConfigKeys (ConfUtils.java:logGet(43)) - raft.server.log.preallocated.size = 16384 (custom)
2019-09-19 09:56:54,877 [pool-49-thread-1] INFO  server.RaftServerConfigKeys (ConfUtils.java:logGet(43)) - raft.server.log.write.buffer.size = 33554432 (custom)
2019-09-19 09:56:54,877 [pool-49-thread-1] INFO  server.RaftServerConfigKeys (ConfUtils.java:logGet(43)) - raft.server.log.force.sync.num = 128 (default)
2019-09-19 09:56:54,877 [pool-49-thread-1] INFO  server.RaftServerConfigKeys (ConfUtils.java:logGet(43)) - raft.server.log.statemachine.data.sync = true (default)
2019-09-19 09:56:54,877 [pool-49-thread-1] INFO  server.RaftServerConfigKeys (ConfUtils.java:logGet(43)) - raft.server.log.statemachine.data.sync.timeout = 10s (default)
2019-09-19 09:56:54,877 [pool-49-thread-1] INFO  server.RaftServerConfigKeys (ConfUtils.java:logGet(43)) - raft.server.log.statemachine.data.sync.timeout.retry = -1 (default)
2019-09-19 09:56:54,878 [pool-49-thread-1] INFO  server.RaftServerConfigKeys (ConfUtils.java:logGet(43)) - raft.server.log.statemachine.data.caching.enabled = true (custom)
2019-09-19 09:56:54,878 [pool-49-thread-1] INFO  segmented.SegmentedRaftLogWorker (SegmentedRaftLogWorker.java:lambda$new$0(132)) - 19cf0631-d0d9-4f40-8587-54276d2ac576-SegmentedRaftLogWorker:Storage Directory /workdir/hadoop-ozone/tools/target/test-dir/MiniOzoneClusterImpl-3225c09c-430a-4478-b047-7eb735aebfb5/datanode-2/data/ratis/86485850-7769-4351-b40d-002e9cbb5a97: flushIndex: setUnconditionally 0 -> -1
2019-09-19 09:56:54,880 [pool-49-thread-1] INFO  server.RaftServerConfigKeys (ConfUtils.java:logGet(43)) - raft.server.snapshot.auto.trigger.enabled = true (custom)
2019-09-19 09:56:54,880 [pool-49-thread-1] INFO  server.RaftServerConfigKeys (ConfUtils.java:logGet(43)) - raft.server.snapshot.auto.trigger.threshold = 10000 (custom)
2019-09-19 09:56:54,880 [pool-49-thread-1] INFO  server.RaftServerConfigKeys (ConfUtils.java:logGet(43)) - raft.server.retrycache.expirytime = 600000ms (custom)
2019-09-19 09:56:54,881 [pool-49-thread-1] INFO  impl.RaftServerImpl (RaftServerImpl.java:start(180)) - 19cf0631-d0d9-4f40-8587-54276d2ac576: start group-002E9CBB5A97
2019-09-19 09:56:54,881 [pool-49-thread-1] INFO  impl.RaftServerImpl (RaftServerImpl.java:setRole(171)) - 19cf0631-d0d9-4f40-8587-54276d2ac576:group-002E9CBB5A97 changes role from null to FOLLOWER at term 0 for startAsFollower
2019-09-19 09:56:54,881 [pool-49-thread-1] INFO  impl.RoleInfo (RoleInfo.java:updateAndGet(143)) - 19cf0631-d0d9-4f40-8587-54276d2ac576: start FollowerState
2019-09-19 09:56:54,882 [pool-49-thread-1] INFO  util.JmxRegister (JmxRegister.java:tryRegister(44)) - Successfully registered JMX Bean with object name Ratis:service=RaftServer,group=group-002E9CBB5A97,id=19cf0631-d0d9-4f40-8587-54276d2ac576
2019-09-19 09:56:54,898 [RatisPipelineUtilsThread] INFO  pipeline.PipelineStateManager (PipelineStateManager.java:addPipeline(56)) - Created pipeline Pipeline[ Id: 86485850-7769-4351-b40d-002e9cbb5a97, Nodes: 19cf0631-d0d9-4f40-8587-54276d2ac576{ip: 192.168.34.5, host: pr-hdds-1569-j4bt4-3030777008, networkLocation: /default-rack, certSerialId: null}, Type:RATIS, Factor:ONE, State:OPEN]
2019-09-19 09:56:54,913 [grpc-default-executor-0] INFO  impl.RaftServerProxy (RaftServerProxy.java:addNew(89)) - c5d53031-865d-4491-9cd3-c718532e281c: addNew group-670FD5E36B46:[c5d53031-865d-4491-9cd3-c718532e281c:192.168.34.5:38112] returns group-670FD5E36B46:java.util.concurrent.CompletableFuture@7e0e0709[Not completed]
2019-09-19 09:56:54,915 [pool-71-thread-1] INFO  impl.RaftServerImpl (RaftServerImpl.java:<init>(93)) - c5d53031-865d-4491-9cd3-c718532e281c: new RaftServerImpl for group-670FD5E36B46:[c5d53031-865d-4491-9cd3-c718532e281c:192.168.34.5:38112] with ContainerStateMachine:uninitialized
2019-09-19 09:56:54,915 [pool-71-thread-1] INFO  server.RaftServerConfigKeys (ConfUtils.java:logGet(43)) - raft.server.rpc.timeout.min = 5s (custom)
2019-09-19 09:56:54,916 [pool-71-thread-1] INFO  server.RaftServerConfigKeys (ConfUtils.java:logGet(43)) - raft.server.rpc.timeout.max = 5200ms (custom)
2019-09-19 09:56:54,916 [pool-71-thread-1] INFO  server.RaftServerConfigKeys (ConfUtils.java:logGet(43)) - raft.server.rpcslowness.timeout = 120s (custom)
2019-09-19 09:56:54,916 [pool-71-thread-1] INFO  server.RaftServerConfigKeys (ConfUtils.java:logGet(43)) - raft.server.sleep.deviation.threshold = 300 (default)
2019-09-19 09:56:54,916 [pool-71-thread-1] INFO  server.RaftServerConfigKeys (ConfUtils.java:logGet(43)) - raft.server.log.appender.install.snapshot.enabled = false (custom)
2019-09-19 09:56:54,916 [pool-71-thread-1] INFO  impl.RaftServerImpl (ServerState.java:<init>(105)) - c5d53031-865d-4491-9cd3-c718532e281c:group-670FD5E36B46 ConfigurationManager, init=-1: [c5d53031-865d-4491-9cd3-c718532e281c:192.168.34.5:38112], old=null, confs=<EMPTY_MAP>
2019-09-19 09:56:54,916 [pool-71-thread-1] INFO  server.RaftServerConfigKeys (ConfUtils.java:logGet(43)) - raft.server.storage.dir = [/workdir/hadoop-ozone/tools/target/test-dir/MiniOzoneClusterImpl-3225c09c-430a-4478-b047-7eb735aebfb5/datanode-4/data/ratis] (custom)
2019-09-19 09:56:54,917 [pool-71-thread-1] INFO  storage.RaftStorageDirectory (RaftStorageDirectory.java:analyzeStorage(246)) - The storage directory /workdir/hadoop-ozone/tools/target/test-dir/MiniOzoneClusterImpl-3225c09c-430a-4478-b047-7eb735aebfb5/datanode-4/data/ratis/32d5d165-4488-4618-9b6a-670fd5e36b46 does not exist. Creating ...
2019-09-19 09:56:54,938 [pool-71-thread-1] INFO  storage.RaftStorageDirectory (RaftStorageDirectory.java:tryLock(328)) - Lock on /workdir/hadoop-ozone/tools/target/test-dir/MiniOzoneClusterImpl-3225c09c-430a-4478-b047-7eb735aebfb5/datanode-4/data/ratis/32d5d165-4488-4618-9b6a-670fd5e36b46/in_use.lock acquired by nodename 18075@pr-hdds-1569-j4bt4-3030777008
2019-09-19 09:56:54,951 [pool-71-thread-1] INFO  storage.RaftStorage (RaftStorage.java:format(72)) - Storage directory /workdir/hadoop-ozone/tools/target/test-dir/MiniOzoneClusterImpl-3225c09c-430a-4478-b047-7eb735aebfb5/datanode-4/data/ratis/32d5d165-4488-4618-9b6a-670fd5e36b46 has been successfully formatted.
2019-09-19 09:56:54,951 [pool-71-thread-1] INFO  ratis.ContainerStateMachine (ContainerStateMachine.java:loadSnapshot(226)) - group-670FD5E36B46: The snapshot info is null. Setting the last applied indexto:(t:0, i:~)
2019-09-19 09:56:54,951 [pool-71-thread-1] INFO  server.RaftServerConfigKeys (ConfUtils.java:logGet(43)) - raft.server.leader.election.timeout = 120s (custom)
2019-09-19 09:56:54,951 [pool-71-thread-1] INFO  server.RaftServerConfigKeys (ConfUtils.java:logGet(43)) - raft.server.log.use.memory = false (default)
2019-09-19 09:56:54,951 [pool-71-thread-1] INFO  server.RaftServerConfigKeys (ConfUtils.java:logGet(43)) - raft.server.log.purge.gap = 1000000 (custom)
2019-09-19 09:56:54,952 [pool-71-thread-1] INFO  server.RaftServerConfigKeys (ConfUtils.java:logGet(43)) - raft.server.log.appender.buffer.byte-limit = 33554432 (custom)
2019-09-19 09:56:54,952 [pool-71-thread-1] INFO  server.RaftServerConfigKeys (ConfUtils.java:logGet(43)) - raft.server.log.segment.size.max = 1048576 (custom)
2019-09-19 09:56:54,952 [pool-71-thread-1] INFO  server.RaftServerConfigKeys (ConfUtils.java:logGet(43)) - raft.server.log.segment.cache.num.max = 2 (custom)
2019-09-19 09:56:54,952 [pool-71-thread-1] INFO  segmented.SegmentedRaftLogWorker (SegmentedRaftLogWorker.java:<init>(172)) - new c5d53031-865d-4491-9cd3-c718532e281c-SegmentedRaftLogWorker:Storage Directory /workdir/hadoop-ozone/tools/target/test-dir/MiniOzoneClusterImpl-3225c09c-430a-4478-b047-7eb735aebfb5/datanode-4/data/ratis/32d5d165-4488-4618-9b6a-670fd5e36b46 for RaftStorage:Storage Directory /workdir/hadoop-ozone/tools/target/test-dir/MiniOzoneClusterImpl-3225c09c-430a-4478-b047-7eb735aebfb5/datanode-4/data/ratis/32d5d165-4488-4618-9b6a-670fd5e36b46
2019-09-19 09:56:54,952 [pool-71-thread-1] INFO  server.RaftServerConfigKeys (ConfUtils.java:logGet(43)) - raft.server.log.queue.byte-limit = 2147483647 (custom)
2019-09-19 09:56:54,952 [pool-71-thread-1] INFO  server.RaftServerConfigKeys (ConfUtils.java:logGet(43)) - raft.server.log.queue.element-limit = 1024 (custom)
2019-09-19 09:56:54,953 [pool-71-thread-1] INFO  server.RaftServerConfigKeys (ConfUtils.java:logGet(43)) - raft.server.log.segment.size.max = 1048576 (custom)
2019-09-19 09:56:54,953 [pool-71-thread-1] INFO  server.RaftServerConfigKeys (ConfUtils.java:logGet(43)) - raft.server.log.preallocated.size = 16384 (custom)
2019-09-19 09:56:54,953 [pool-71-thread-1] INFO  server.RaftServerConfigKeys (ConfUtils.java:logGet(43)) - raft.server.log.write.buffer.size = 33554432 (custom)
2019-09-19 09:56:54,953 [pool-71-thread-1] INFO  server.RaftServerConfigKeys (ConfUtils.java:logGet(43)) - raft.server.log.force.sync.num = 128 (default)
2019-09-19 09:56:54,953 [pool-71-thread-1] INFO  server.RaftServerConfigKeys (ConfUtils.java:logGet(43)) - raft.server.log.statemachine.data.sync = true (default)
2019-09-19 09:56:54,953 [pool-71-thread-1] INFO  server.RaftServerConfigKeys (ConfUtils.java:logGet(43)) - raft.server.log.statemachine.data.sync.timeout = 10s (default)
2019-09-19 09:56:54,953 [pool-71-thread-1] INFO  server.RaftServerConfigKeys (ConfUtils.java:logGet(43)) - raft.server.log.statemachine.data.sync.timeout.retry = -1 (default)
2019-09-19 09:56:54,954 [pool-71-thread-1] INFO  server.RaftServerConfigKeys (ConfUtils.java:logGet(43)) - raft.server.log.statemachine.data.caching.enabled = true (custom)
2019-09-19 09:56:54,954 [pool-71-thread-1] INFO  segmented.SegmentedRaftLogWorker (SegmentedRaftLogWorker.java:lambda$new$0(132)) - c5d53031-865d-4491-9cd3-c718532e281c-SegmentedRaftLogWorker:Storage Directory /workdir/hadoop-ozone/tools/target/test-dir/MiniOzoneClusterImpl-3225c09c-430a-4478-b047-7eb735aebfb5/datanode-4/data/ratis/32d5d165-4488-4618-9b6a-670fd5e36b46: flushIndex: setUnconditionally 0 -> -1
2019-09-19 09:56:54,954 [pool-71-thread-1] INFO  server.RaftServerConfigKeys (ConfUtils.java:logGet(43)) - raft.server.snapshot.auto.trigger.enabled = true (custom)
2019-09-19 09:56:54,955 [pool-71-thread-1] INFO  server.RaftServerConfigKeys (ConfUtils.java:logGet(43)) - raft.server.snapshot.auto.trigger.threshold = 10000 (custom)
2019-09-19 09:56:54,955 [pool-71-thread-1] INFO  server.RaftServerConfigKeys (ConfUtils.java:logGet(43)) - raft.server.retrycache.expirytime = 600000ms (custom)
2019-09-19 09:56:54,955 [pool-71-thread-1] INFO  impl.RaftServerImpl (RaftServerImpl.java:start(180)) - c5d53031-865d-4491-9cd3-c718532e281c: start group-670FD5E36B46
2019-09-19 09:56:54,955 [pool-71-thread-1] INFO  impl.RaftServerImpl (RaftServerImpl.java:setRole(171)) - c5d53031-865d-4491-9cd3-c718532e281c:group-670FD5E36B46 changes role from null to FOLLOWER at term 0 for startAsFollower
2019-09-19 09:56:54,955 [pool-71-thread-1] INFO  impl.RoleInfo (RoleInfo.java:updateAndGet(143)) - c5d53031-865d-4491-9cd3-c718532e281c: start FollowerState
2019-09-19 09:56:54,956 [pool-71-thread-1] INFO  util.JmxRegister (JmxRegister.java:tryRegister(44)) - Successfully registered JMX Bean with object name Ratis:service=RaftServer,group=group-670FD5E36B46,id=c5d53031-865d-4491-9cd3-c718532e281c
2019-09-19 09:56:54,968 [RatisPipelineUtilsThread] INFO  pipeline.PipelineStateManager (PipelineStateManager.java:addPipeline(56)) - Created pipeline Pipeline[ Id: 32d5d165-4488-4618-9b6a-670fd5e36b46, Nodes: c5d53031-865d-4491-9cd3-c718532e281c{ip: 192.168.34.5, host: pr-hdds-1569-j4bt4-3030777008, networkLocation: /default-rack, certSerialId: null}, Type:RATIS, Factor:ONE, State:OPEN]
2019-09-19 09:56:54,982 [grpc-default-executor-0] INFO  impl.RaftServerProxy (RaftServerProxy.java:addNew(89)) - 39b9d8f1-cc47-4624-b4ed-3b44777a4379: addNew group-8F834E62C579:[39b9d8f1-cc47-4624-b4ed-3b44777a4379:192.168.34.5:45684] returns group-8F834E62C579:java.util.concurrent.CompletableFuture@1856e26f[Not completed]
2019-09-19 09:56:54,984 [pool-38-thread-1] INFO  impl.RaftServerImpl (RaftServerImpl.java:<init>(93)) - 39b9d8f1-cc47-4624-b4ed-3b44777a4379: new RaftServerImpl for group-8F834E62C579:[39b9d8f1-cc47-4624-b4ed-3b44777a4379:192.168.34.5:45684] with ContainerStateMachine:uninitialized
2019-09-19 09:56:54,984 [pool-38-thread-1] INFO  server.RaftServerConfigKeys (ConfUtils.java:logGet(43)) - raft.server.rpc.timeout.min = 5s (custom)
2019-09-19 09:56:54,984 [pool-38-thread-1] INFO  server.RaftServerConfigKeys (ConfUtils.java:logGet(43)) - raft.server.rpc.timeout.max = 5200ms (custom)
2019-09-19 09:56:54,984 [pool-38-thread-1] INFO  server.RaftServerConfigKeys (ConfUtils.java:logGet(43)) - raft.server.rpcslowness.timeout = 120s (custom)
2019-09-19 09:56:54,985 [pool-38-thread-1] INFO  server.RaftServerConfigKeys (ConfUtils.java:logGet(43)) - raft.server.sleep.deviation.threshold = 300 (default)
2019-09-19 09:56:54,985 [pool-38-thread-1] INFO  server.RaftServerConfigKeys (ConfUtils.java:logGet(43)) - raft.server.log.appender.install.snapshot.enabled = false (custom)
2019-09-19 09:56:54,985 [pool-38-thread-1] INFO  impl.RaftServerImpl (ServerState.java:<init>(105)) - 39b9d8f1-cc47-4624-b4ed-3b44777a4379:group-8F834E62C579 ConfigurationManager, init=-1: [39b9d8f1-cc47-4624-b4ed-3b44777a4379:192.168.34.5:45684], old=null, confs=<EMPTY_MAP>
2019-09-19 09:56:54,985 [pool-38-thread-1] INFO  server.RaftServerConfigKeys (ConfUtils.java:logGet(43)) - raft.server.storage.dir = [/workdir/hadoop-ozone/tools/target/test-dir/MiniOzoneClusterImpl-3225c09c-430a-4478-b047-7eb735aebfb5/datanode-1/data/ratis] (custom)
2019-09-19 09:56:54,986 [pool-38-thread-1] INFO  storage.RaftStorageDirectory (RaftStorageDirectory.java:analyzeStorage(246)) - The storage directory /workdir/hadoop-ozone/tools/target/test-dir/MiniOzoneClusterImpl-3225c09c-430a-4478-b047-7eb735aebfb5/datanode-1/data/ratis/caf5665d-b7d1-48e1-a65f-8f834e62c579 does not exist. Creating ...
2019-09-19 09:56:54,999 [pool-38-thread-1] INFO  storage.RaftStorageDirectory (RaftStorageDirectory.java:tryLock(328)) - Lock on /workdir/hadoop-ozone/tools/target/test-dir/MiniOzoneClusterImpl-3225c09c-430a-4478-b047-7eb735aebfb5/datanode-1/data/ratis/caf5665d-b7d1-48e1-a65f-8f834e62c579/in_use.lock acquired by nodename 18075@pr-hdds-1569-j4bt4-3030777008
2019-09-19 09:56:55,001 [main] INFO  ozone.MiniOzoneClusterImpl (MiniOzoneClusterImpl.java:lambda$waitForClusterToBeReady$0(142)) - Cluster is ready. Got 5 of 5 DN Heartbeats.
2019-09-19 09:56:55,012 [pool-38-thread-1] INFO  storage.RaftStorage (RaftStorage.java:format(72)) - Storage directory /workdir/hadoop-ozone/tools/target/test-dir/MiniOzoneClusterImpl-3225c09c-430a-4478-b047-7eb735aebfb5/datanode-1/data/ratis/caf5665d-b7d1-48e1-a65f-8f834e62c579 has been successfully formatted.
2019-09-19 09:56:55,012 [pool-38-thread-1] INFO  ratis.ContainerStateMachine (ContainerStateMachine.java:loadSnapshot(226)) - group-8F834E62C579: The snapshot info is null. Setting the last applied indexto:(t:0, i:~)
2019-09-19 09:56:55,012 [pool-38-thread-1] INFO  server.RaftServerConfigKeys (ConfUtils.java:logGet(43)) - raft.server.leader.election.timeout = 120s (custom)
2019-09-19 09:56:55,012 [pool-38-thread-1] INFO  server.RaftServerConfigKeys (ConfUtils.java:logGet(43)) - raft.server.log.use.memory = false (default)
2019-09-19 09:56:55,013 [pool-38-thread-1] INFO  server.RaftServerConfigKeys (ConfUtils.java:logGet(43)) - raft.server.log.purge.gap = 1000000 (custom)
2019-09-19 09:56:55,013 [pool-38-thread-1] INFO  server.RaftServerConfigKeys (ConfUtils.java:logGet(43)) - raft.server.log.appender.buffer.byte-limit = 33554432 (custom)
2019-09-19 09:56:55,013 [pool-38-thread-1] INFO  server.RaftServerConfigKeys (ConfUtils.java:logGet(43)) - raft.server.log.segment.size.max = 1048576 (custom)
2019-09-19 09:56:55,013 [pool-38-thread-1] INFO  server.RaftServerConfigKeys (ConfUtils.java:logGet(43)) - raft.server.log.segment.cache.num.max = 2 (custom)
2019-09-19 09:56:55,013 [pool-38-thread-1] INFO  segmented.SegmentedRaftLogWorker (SegmentedRaftLogWorker.java:<init>(172)) - new 39b9d8f1-cc47-4624-b4ed-3b44777a4379-SegmentedRaftLogWorker:Storage Directory /workdir/hadoop-ozone/tools/target/test-dir/MiniOzoneClusterImpl-3225c09c-430a-4478-b047-7eb735aebfb5/datanode-1/data/ratis/caf5665d-b7d1-48e1-a65f-8f834e62c579 for RaftStorage:Storage Directory /workdir/hadoop-ozone/tools/target/test-dir/MiniOzoneClusterImpl-3225c09c-430a-4478-b047-7eb735aebfb5/datanode-1/data/ratis/caf5665d-b7d1-48e1-a65f-8f834e62c579
2019-09-19 09:56:55,014 [pool-38-thread-1] INFO  server.RaftServerConfigKeys (ConfUtils.java:logGet(43)) - raft.server.log.queue.byte-limit = 2147483647 (custom)
2019-09-19 09:56:55,014 [pool-38-thread-1] INFO  server.RaftServerConfigKeys (ConfUtils.java:logGet(43)) - raft.server.log.queue.element-limit = 1024 (custom)
2019-09-19 09:56:55,014 [pool-38-thread-1] INFO  server.RaftServerConfigKeys (ConfUtils.java:logGet(43)) - raft.server.log.segment.size.max = 1048576 (custom)
2019-09-19 09:56:55,014 [pool-38-thread-1] INFO  server.RaftServerConfigKeys (ConfUtils.java:logGet(43)) - raft.server.log.preallocated.size = 16384 (custom)
2019-09-19 09:56:55,014 [pool-38-thread-1] INFO  server.RaftServerConfigKeys (ConfUtils.java:logGet(43)) - raft.server.log.write.buffer.size = 33554432 (custom)
2019-09-19 09:56:55,015 [pool-38-thread-1] INFO  server.RaftServerConfigKeys (ConfUtils.java:logGet(43)) - raft.server.log.force.sync.num = 128 (default)
2019-09-19 09:56:55,015 [pool-38-thread-1] INFO  server.RaftServerConfigKeys (ConfUtils.java:logGet(43)) - raft.server.log.statemachine.data.sync = true (default)
2019-09-19 09:56:55,015 [pool-38-thread-1] INFO  server.RaftServerConfigKeys (ConfUtils.java:logGet(43)) - raft.server.log.statemachine.data.sync.timeout = 10s (default)
2019-09-19 09:56:55,015 [pool-38-thread-1] INFO  server.RaftServerConfigKeys (ConfUtils.java:logGet(43)) - raft.server.log.statemachine.data.sync.timeout.retry = -1 (default)
2019-09-19 09:56:55,015 [pool-38-thread-1] INFO  server.RaftServerConfigKeys (ConfUtils.java:logGet(43)) - raft.server.log.statemachine.data.caching.enabled = true (custom)
2019-09-19 09:56:55,016 [pool-38-thread-1] INFO  segmented.SegmentedRaftLogWorker (SegmentedRaftLogWorker.java:lambda$new$0(132)) - 39b9d8f1-cc47-4624-b4ed-3b44777a4379-SegmentedRaftLogWorker:Storage Directory /workdir/hadoop-ozone/tools/target/test-dir/MiniOzoneClusterImpl-3225c09c-430a-4478-b047-7eb735aebfb5/datanode-1/data/ratis/caf5665d-b7d1-48e1-a65f-8f834e62c579: flushIndex: setUnconditionally 0 -> -1
2019-09-19 09:56:55,016 [pool-38-thread-1] INFO  server.RaftServerConfigKeys (ConfUtils.java:logGet(43)) - raft.server.snapshot.auto.trigger.enabled = true (custom)
2019-09-19 09:56:55,016 [pool-38-thread-1] INFO  server.RaftServerConfigKeys (ConfUtils.java:logGet(43)) - raft.server.snapshot.auto.trigger.threshold = 10000 (custom)
2019-09-19 09:56:55,017 [pool-38-thread-1] INFO  server.RaftServerConfigKeys (ConfUtils.java:logGet(43)) - raft.server.retrycache.expirytime = 600000ms (custom)
2019-09-19 09:56:55,017 [pool-38-thread-1] INFO  impl.RaftServerImpl (RaftServerImpl.java:start(180)) - 39b9d8f1-cc47-4624-b4ed-3b44777a4379: start group-8F834E62C579
2019-09-19 09:56:55,017 [pool-38-thread-1] INFO  impl.RaftServerImpl (RaftServerImpl.java:setRole(171)) - 39b9d8f1-cc47-4624-b4ed-3b44777a4379:group-8F834E62C579 changes role from null to FOLLOWER at term 0 for startAsFollower
2019-09-19 09:56:55,017 [pool-38-thread-1] INFO  impl.RoleInfo (RoleInfo.java:updateAndGet(143)) - 39b9d8f1-cc47-4624-b4ed-3b44777a4379: start FollowerState
2019-09-19 09:56:55,018 [pool-38-thread-1] INFO  util.JmxRegister (JmxRegister.java:tryRegister(44)) - Successfully registered JMX Bean with object name Ratis:service=RaftServer,group=group-8F834E62C579,id=39b9d8f1-cc47-4624-b4ed-3b44777a4379
2019-09-19 09:56:55,030 [RatisPipelineUtilsThread] INFO  pipeline.PipelineStateManager (PipelineStateManager.java:addPipeline(56)) - Created pipeline Pipeline[ Id: caf5665d-b7d1-48e1-a65f-8f834e62c579, Nodes: 39b9d8f1-cc47-4624-b4ed-3b44777a4379{ip: 192.168.34.5, host: pr-hdds-1569-j4bt4-3030777008, networkLocation: /default-rack, certSerialId: null}, Type:RATIS, Factor:ONE, State:OPEN]
2019-09-19 09:56:55,053 [grpc-default-executor-0] INFO  impl.RaftServerProxy (RaftServerProxy.java:addNew(89)) - 39b9d8f1-cc47-4624-b4ed-3b44777a4379: addNew group-A1F84B910C05:[39b9d8f1-cc47-4624-b4ed-3b44777a4379:192.168.34.5:45684] returns group-A1F84B910C05:java.util.concurrent.CompletableFuture@1b0b74a3[Not completed]
2019-09-19 09:56:55,055 [pool-38-thread-1] INFO  impl.RaftServerImpl (RaftServerImpl.java:<init>(93)) - 39b9d8f1-cc47-4624-b4ed-3b44777a4379: new RaftServerImpl for group-A1F84B910C05:[39b9d8f1-cc47-4624-b4ed-3b44777a4379:192.168.34.5:45684] with ContainerStateMachine:uninitialized
2019-09-19 09:56:55,055 [pool-38-thread-1] INFO  server.RaftServerConfigKeys (ConfUtils.java:logGet(43)) - raft.server.rpc.timeout.min = 5s (custom)
2019-09-19 09:56:55,055 [pool-38-thread-1] INFO  server.RaftServerConfigKeys (ConfUtils.java:logGet(43)) - raft.server.rpc.timeout.max = 5200ms (custom)
2019-09-19 09:56:55,056 [pool-38-thread-1] INFO  server.RaftServerConfigKeys (ConfUtils.java:logGet(43)) - raft.server.rpcslowness.timeout = 120s (custom)
2019-09-19 09:56:55,056 [pool-38-thread-1] INFO  server.RaftServerConfigKeys (ConfUtils.java:logGet(43)) - raft.server.sleep.deviation.threshold = 300 (default)
2019-09-19 09:56:55,056 [pool-38-thread-1] INFO  server.RaftServerConfigKeys (ConfUtils.java:logGet(43)) - raft.server.log.appender.install.snapshot.enabled = false (custom)
2019-09-19 09:56:55,056 [pool-38-thread-1] INFO  impl.RaftServerImpl (ServerState.java:<init>(105)) - 39b9d8f1-cc47-4624-b4ed-3b44777a4379:group-A1F84B910C05 ConfigurationManager, init=-1: [39b9d8f1-cc47-4624-b4ed-3b44777a4379:192.168.34.5:45684], old=null, confs=<EMPTY_MAP>
2019-09-19 09:56:55,062 [pool-38-thread-1] INFO  server.RaftServerConfigKeys (ConfUtils.java:logGet(43)) - raft.server.storage.dir = [/workdir/hadoop-ozone/tools/target/test-dir/MiniOzoneClusterImpl-3225c09c-430a-4478-b047-7eb735aebfb5/datanode-1/data/ratis] (custom)
2019-09-19 09:56:55,063 [pool-38-thread-1] INFO  storage.RaftStorageDirectory (RaftStorageDirectory.java:analyzeStorage(246)) - The storage directory /workdir/hadoop-ozone/tools/target/test-dir/MiniOzoneClusterImpl-3225c09c-430a-4478-b047-7eb735aebfb5/datanode-1/data/ratis/e180e355-f75c-4beb-bb9f-a1f84b910c05 does not exist. Creating ...
2019-09-19 09:56:55,076 [pool-38-thread-1] INFO  storage.RaftStorageDirectory (RaftStorageDirectory.java:tryLock(328)) - Lock on /workdir/hadoop-ozone/tools/target/test-dir/MiniOzoneClusterImpl-3225c09c-430a-4478-b047-7eb735aebfb5/datanode-1/data/ratis/e180e355-f75c-4beb-bb9f-a1f84b910c05/in_use.lock acquired by nodename 18075@pr-hdds-1569-j4bt4-3030777008
2019-09-19 09:56:55,088 [pool-38-thread-1] INFO  storage.RaftStorage (RaftStorage.java:format(72)) - Storage directory /workdir/hadoop-ozone/tools/target/test-dir/MiniOzoneClusterImpl-3225c09c-430a-4478-b047-7eb735aebfb5/datanode-1/data/ratis/e180e355-f75c-4beb-bb9f-a1f84b910c05 has been successfully formatted.
2019-09-19 09:56:55,089 [pool-38-thread-1] INFO  ratis.ContainerStateMachine (ContainerStateMachine.java:loadSnapshot(226)) - group-A1F84B910C05: The snapshot info is null. Setting the last applied indexto:(t:0, i:~)
2019-09-19 09:56:55,089 [pool-38-thread-1] INFO  server.RaftServerConfigKeys (ConfUtils.java:logGet(43)) - raft.server.leader.election.timeout = 120s (custom)
2019-09-19 09:56:55,089 [pool-38-thread-1] INFO  server.RaftServerConfigKeys (ConfUtils.java:logGet(43)) - raft.server.log.use.memory = false (default)
2019-09-19 09:56:55,089 [pool-38-thread-1] INFO  server.RaftServerConfigKeys (ConfUtils.java:logGet(43)) - raft.server.log.purge.gap = 1000000 (custom)
2019-09-19 09:56:55,089 | INFO  | SCMAudit | user=jenkins1000 | ip=192.168.34.5 | op=SEND_HEARTBEAT {datanodeUUID=4490b81b-0ef7-4125-ad05-765de4ccf1d4, command=[]} | ret=SUCCESS |  
2019-09-19 09:56:55,089 [pool-38-thread-1] INFO  server.RaftServerConfigKeys (ConfUtils.java:logGet(43)) - raft.server.log.appender.buffer.byte-limit = 33554432 (custom)
2019-09-19 09:56:55,090 [pool-38-thread-1] INFO  server.RaftServerConfigKeys (ConfUtils.java:logGet(43)) - raft.server.log.segment.size.max = 1048576 (custom)
2019-09-19 09:56:55,090 [pool-38-thread-1] INFO  server.RaftServerConfigKeys (ConfUtils.java:logGet(43)) - raft.server.log.segment.cache.num.max = 2 (custom)
2019-09-19 09:56:55,090 [pool-38-thread-1] INFO  segmented.SegmentedRaftLogWorker (SegmentedRaftLogWorker.java:<init>(172)) - new 39b9d8f1-cc47-4624-b4ed-3b44777a4379-SegmentedRaftLogWorker:Storage Directory /workdir/hadoop-ozone/tools/target/test-dir/MiniOzoneClusterImpl-3225c09c-430a-4478-b047-7eb735aebfb5/datanode-1/data/ratis/e180e355-f75c-4beb-bb9f-a1f84b910c05 for RaftStorage:Storage Directory /workdir/hadoop-ozone/tools/target/test-dir/MiniOzoneClusterImpl-3225c09c-430a-4478-b047-7eb735aebfb5/datanode-1/data/ratis/e180e355-f75c-4beb-bb9f-a1f84b910c05
2019-09-19 09:56:55,090 [pool-38-thread-1] INFO  server.RaftServerConfigKeys (ConfUtils.java:logGet(43)) - raft.server.log.queue.byte-limit = 2147483647 (custom)
2019-09-19 09:56:55,090 [pool-38-thread-1] INFO  server.RaftServerConfigKeys (ConfUtils.java:logGet(43)) - raft.server.log.queue.element-limit = 1024 (custom)
2019-09-19 09:56:55,090 [pool-38-thread-1] INFO  server.RaftServerConfigKeys (ConfUtils.java:logGet(43)) - raft.server.log.segment.size.max = 1048576 (custom)
2019-09-19 09:56:55,090 [pool-38-thread-1] INFO  server.RaftServerConfigKeys (ConfUtils.java:logGet(43)) - raft.server.log.preallocated.size = 16384 (custom)
2019-09-19 09:56:55,091 [pool-38-thread-1] INFO  server.RaftServerConfigKeys (ConfUtils.java:logGet(43)) - raft.server.log.write.buffer.size = 33554432 (custom)
2019-09-19 09:56:55,091 [pool-38-thread-1] INFO  server.RaftServerConfigKeys (ConfUtils.java:logGet(43)) - raft.server.log.force.sync.num = 128 (default)
2019-09-19 09:56:55,091 [pool-38-thread-1] INFO  server.RaftServerConfigKeys (ConfUtils.java:logGet(43)) - raft.server.log.statemachine.data.sync = true (default)
2019-09-19 09:56:55,091 [pool-38-thread-1] INFO  server.RaftServerConfigKeys (ConfUtils.java:logGet(43)) - raft.server.log.statemachine.data.sync.timeout = 10s (default)
2019-09-19 09:56:55,091 [pool-38-thread-1] INFO  server.RaftServerConfigKeys (ConfUtils.java:logGet(43)) - raft.server.log.statemachine.data.sync.timeout.retry = -1 (default)
2019-09-19 09:56:55,091 [pool-38-thread-1] INFO  server.RaftServerConfigKeys (ConfUtils.java:logGet(43)) - raft.server.log.statemachine.data.caching.enabled = true (custom)
2019-09-19 09:56:55,092 [pool-38-thread-1] INFO  segmented.SegmentedRaftLogWorker (SegmentedRaftLogWorker.java:lambda$new$0(132)) - 39b9d8f1-cc47-4624-b4ed-3b44777a4379-SegmentedRaftLogWorker:Storage Directory /workdir/hadoop-ozone/tools/target/test-dir/MiniOzoneClusterImpl-3225c09c-430a-4478-b047-7eb735aebfb5/datanode-1/data/ratis/e180e355-f75c-4beb-bb9f-a1f84b910c05: flushIndex: setUnconditionally 0 -> -1
2019-09-19 09:56:55,092 [pool-38-thread-1] INFO  server.RaftServerConfigKeys (ConfUtils.java:logGet(43)) - raft.server.snapshot.auto.trigger.enabled = true (custom)
2019-09-19 09:56:55,092 [pool-38-thread-1] INFO  server.RaftServerConfigKeys (ConfUtils.java:logGet(43)) - raft.server.snapshot.auto.trigger.threshold = 10000 (custom)
2019-09-19 09:56:55,092 [pool-38-thread-1] INFO  server.RaftServerConfigKeys (ConfUtils.java:logGet(43)) - raft.server.retrycache.expirytime = 600000ms (custom)
2019-09-19 09:56:55,093 [pool-38-thread-1] INFO  impl.RaftServerImpl (RaftServerImpl.java:start(180)) - 39b9d8f1-cc47-4624-b4ed-3b44777a4379: start group-A1F84B910C05
2019-09-19 09:56:55,093 [pool-38-thread-1] INFO  impl.RaftServerImpl (RaftServerImpl.java:setRole(171)) - 39b9d8f1-cc47-4624-b4ed-3b44777a4379:group-A1F84B910C05 changes role from null to FOLLOWER at term 0 for startAsFollower
2019-09-19 09:56:55,093 [pool-38-thread-1] INFO  impl.RoleInfo (RoleInfo.java:updateAndGet(143)) - 39b9d8f1-cc47-4624-b4ed-3b44777a4379: start FollowerState
2019-09-19 09:56:55,093 [pool-38-thread-1] INFO  util.JmxRegister (JmxRegister.java:tryRegister(44)) - Successfully registered JMX Bean with object name Ratis:service=RaftServer,group=group-A1F84B910C05,id=39b9d8f1-cc47-4624-b4ed-3b44777a4379
2019-09-19 09:56:55,103 [RatisPipelineUtilsThread] INFO  pipeline.PipelineStateManager (PipelineStateManager.java:addPipeline(56)) - Created pipeline Pipeline[ Id: e180e355-f75c-4beb-bb9f-a1f84b910c05, Nodes: 39b9d8f1-cc47-4624-b4ed-3b44777a4379{ip: 192.168.34.5, host: pr-hdds-1569-j4bt4-3030777008, networkLocation: /default-rack, certSerialId: null}, Type:RATIS, Factor:ONE, State:OPEN]
2019-09-19 09:56:55,125 [grpc-default-executor-0] INFO  impl.RaftServerProxy (RaftServerProxy.java:addNew(89)) - 19cf0631-d0d9-4f40-8587-54276d2ac576: addNew group-3EE09D6ADFDF:[19cf0631-d0d9-4f40-8587-54276d2ac576:192.168.34.5:38304] returns group-3EE09D6ADFDF:java.util.concurrent.CompletableFuture@4088ac0c[Not completed]
2019-09-19 09:56:55,126 [pool-49-thread-1] INFO  impl.RaftServerImpl (RaftServerImpl.java:<init>(93)) - 19cf0631-d0d9-4f40-8587-54276d2ac576: new RaftServerImpl for group-3EE09D6ADFDF:[19cf0631-d0d9-4f40-8587-54276d2ac576:192.168.34.5:38304] with ContainerStateMachine:uninitialized
2019-09-19 09:56:55,127 [pool-49-thread-1] INFO  server.RaftServerConfigKeys (ConfUtils.java:logGet(43)) - raft.server.rpc.timeout.min = 5s (custom)
2019-09-19 09:56:55,127 [pool-49-thread-1] INFO  server.RaftServerConfigKeys (ConfUtils.java:logGet(43)) - raft.server.rpc.timeout.max = 5200ms (custom)
2019-09-19 09:56:55,127 [pool-49-thread-1] INFO  server.RaftServerConfigKeys (ConfUtils.java:logGet(43)) - raft.server.rpcslowness.timeout = 120s (custom)
2019-09-19 09:56:55,128 [pool-49-thread-1] INFO  server.RaftServerConfigKeys (ConfUtils.java:logGet(43)) - raft.server.sleep.deviation.threshold = 300 (default)
2019-09-19 09:56:55,128 [pool-49-thread-1] INFO  server.RaftServerConfigKeys (ConfUtils.java:logGet(43)) - raft.server.log.appender.install.snapshot.enabled = false (custom)
2019-09-19 09:56:55,128 [pool-49-thread-1] INFO  impl.RaftServerImpl (ServerState.java:<init>(105)) - 19cf0631-d0d9-4f40-8587-54276d2ac576:group-3EE09D6ADFDF ConfigurationManager, init=-1: [19cf0631-d0d9-4f40-8587-54276d2ac576:192.168.34.5:38304], old=null, confs=<EMPTY_MAP>
2019-09-19 09:56:55,128 [pool-49-thread-1] INFO  server.RaftServerConfigKeys (ConfUtils.java:logGet(43)) - raft.server.storage.dir = [/workdir/hadoop-ozone/tools/target/test-dir/MiniOzoneClusterImpl-3225c09c-430a-4478-b047-7eb735aebfb5/datanode-2/data/ratis] (custom)
2019-09-19 09:56:55,129 [pool-49-thread-1] INFO  storage.RaftStorageDirectory (RaftStorageDirectory.java:analyzeStorage(246)) - The storage directory /workdir/hadoop-ozone/tools/target/test-dir/MiniOzoneClusterImpl-3225c09c-430a-4478-b047-7eb735aebfb5/datanode-2/data/ratis/fc189ce3-aa21-4d66-b9da-3ee09d6adfdf does not exist. Creating ...
2019-09-19 09:56:55,141 [pool-49-thread-1] INFO  storage.RaftStorageDirectory (RaftStorageDirectory.java:tryLock(328)) - Lock on /workdir/hadoop-ozone/tools/target/test-dir/MiniOzoneClusterImpl-3225c09c-430a-4478-b047-7eb735aebfb5/datanode-2/data/ratis/fc189ce3-aa21-4d66-b9da-3ee09d6adfdf/in_use.lock acquired by nodename 18075@pr-hdds-1569-j4bt4-3030777008
2019-09-19 09:56:55,165 [pool-49-thread-1] INFO  storage.RaftStorage (RaftStorage.java:format(72)) - Storage directory /workdir/hadoop-ozone/tools/target/test-dir/MiniOzoneClusterImpl-3225c09c-430a-4478-b047-7eb735aebfb5/datanode-2/data/ratis/fc189ce3-aa21-4d66-b9da-3ee09d6adfdf has been successfully formatted.
2019-09-19 09:56:55,165 [pool-49-thread-1] INFO  ratis.ContainerStateMachine (ContainerStateMachine.java:loadSnapshot(226)) - group-3EE09D6ADFDF: The snapshot info is null. Setting the last applied indexto:(t:0, i:~)
2019-09-19 09:56:55,165 [pool-49-thread-1] INFO  server.RaftServerConfigKeys (ConfUtils.java:logGet(43)) - raft.server.leader.election.timeout = 120s (custom)
2019-09-19 09:56:55,165 [pool-49-thread-1] INFO  server.RaftServerConfigKeys (ConfUtils.java:logGet(43)) - raft.server.log.use.memory = false (default)
2019-09-19 09:56:55,166 [pool-49-thread-1] INFO  server.RaftServerConfigKeys (ConfUtils.java:logGet(43)) - raft.server.log.purge.gap = 1000000 (custom)
2019-09-19 09:56:55,166 [pool-49-thread-1] INFO  server.RaftServerConfigKeys (ConfUtils.java:logGet(43)) - raft.server.log.appender.buffer.byte-limit = 33554432 (custom)
2019-09-19 09:56:55,166 [pool-49-thread-1] INFO  server.RaftServerConfigKeys (ConfUtils.java:logGet(43)) - raft.server.log.segment.size.max = 1048576 (custom)
2019-09-19 09:56:55,166 [pool-49-thread-1] INFO  server.RaftServerConfigKeys (ConfUtils.java:logGet(43)) - raft.server.log.segment.cache.num.max = 2 (custom)
2019-09-19 09:56:55,167 [pool-49-thread-1] INFO  segmented.SegmentedRaftLogWorker (SegmentedRaftLogWorker.java:<init>(172)) - new 19cf0631-d0d9-4f40-8587-54276d2ac576-SegmentedRaftLogWorker:Storage Directory /workdir/hadoop-ozone/tools/target/test-dir/MiniOzoneClusterImpl-3225c09c-430a-4478-b047-7eb735aebfb5/datanode-2/data/ratis/fc189ce3-aa21-4d66-b9da-3ee09d6adfdf for RaftStorage:Storage Directory /workdir/hadoop-ozone/tools/target/test-dir/MiniOzoneClusterImpl-3225c09c-430a-4478-b047-7eb735aebfb5/datanode-2/data/ratis/fc189ce3-aa21-4d66-b9da-3ee09d6adfdf
2019-09-19 09:56:55,167 [pool-49-thread-1] INFO  server.RaftServerConfigKeys (ConfUtils.java:logGet(43)) - raft.server.log.queue.byte-limit = 2147483647 (custom)
2019-09-19 09:56:55,167 [pool-49-thread-1] INFO  server.RaftServerConfigKeys (ConfUtils.java:logGet(43)) - raft.server.log.queue.element-limit = 1024 (custom)
2019-09-19 09:56:55,167 [pool-49-thread-1] INFO  server.RaftServerConfigKeys (ConfUtils.java:logGet(43)) - raft.server.log.segment.size.max = 1048576 (custom)
2019-09-19 09:56:55,168 [pool-49-thread-1] INFO  server.RaftServerConfigKeys (ConfUtils.java:logGet(43)) - raft.server.log.preallocated.size = 16384 (custom)
2019-09-19 09:56:55,168 [pool-49-thread-1] INFO  server.RaftServerConfigKeys (ConfUtils.java:logGet(43)) - raft.server.log.write.buffer.size = 33554432 (custom)
2019-09-19 09:56:55,168 [pool-49-thread-1] INFO  server.RaftServerConfigKeys (ConfUtils.java:logGet(43)) - raft.server.log.force.sync.num = 128 (default)
2019-09-19 09:56:55,168 [pool-49-thread-1] INFO  server.RaftServerConfigKeys (ConfUtils.java:logGet(43)) - raft.server.log.statemachine.data.sync = true (default)
2019-09-19 09:56:55,169 [pool-49-thread-1] INFO  server.RaftServerConfigKeys (ConfUtils.java:logGet(43)) - raft.server.log.statemachine.data.sync.timeout = 10s (default)
2019-09-19 09:56:55,169 [pool-49-thread-1] INFO  server.RaftServerConfigKeys (ConfUtils.java:logGet(43)) - raft.server.log.statemachine.data.sync.timeout.retry = -1 (default)
2019-09-19 09:56:55,169 [pool-49-thread-1] INFO  server.RaftServerConfigKeys (ConfUtils.java:logGet(43)) - raft.server.log.statemachine.data.caching.enabled = true (custom)
2019-09-19 09:56:55,170 [pool-49-thread-1] INFO  segmented.SegmentedRaftLogWorker (SegmentedRaftLogWorker.java:lambda$new$0(132)) - 19cf0631-d0d9-4f40-8587-54276d2ac576-SegmentedRaftLogWorker:Storage Directory /workdir/hadoop-ozone/tools/target/test-dir/MiniOzoneClusterImpl-3225c09c-430a-4478-b047-7eb735aebfb5/datanode-2/data/ratis/fc189ce3-aa21-4d66-b9da-3ee09d6adfdf: flushIndex: setUnconditionally 0 -> -1
2019-09-19 09:56:55,170 [pool-49-thread-1] INFO  server.RaftServerConfigKeys (ConfUtils.java:logGet(43)) - raft.server.snapshot.auto.trigger.enabled = true (custom)
2019-09-19 09:56:55,170 [pool-49-thread-1] INFO  server.RaftServerConfigKeys (ConfUtils.java:logGet(43)) - raft.server.snapshot.auto.trigger.threshold = 10000 (custom)
2019-09-19 09:56:55,171 [pool-49-thread-1] INFO  server.RaftServerConfigKeys (ConfUtils.java:logGet(43)) - raft.server.retrycache.expirytime = 600000ms (custom)
2019-09-19 09:56:55,171 [pool-49-thread-1] INFO  impl.RaftServerImpl (RaftServerImpl.java:start(180)) - 19cf0631-d0d9-4f40-8587-54276d2ac576: start group-3EE09D6ADFDF
2019-09-19 09:56:55,171 [pool-49-thread-1] INFO  impl.RaftServerImpl (RaftServerImpl.java:setRole(171)) - 19cf0631-d0d9-4f40-8587-54276d2ac576:group-3EE09D6ADFDF changes role from null to FOLLOWER at term 0 for startAsFollower
2019-09-19 09:56:55,171 [pool-49-thread-1] INFO  impl.RoleInfo (RoleInfo.java:updateAndGet(143)) - 19cf0631-d0d9-4f40-8587-54276d2ac576: start FollowerState
2019-09-19 09:56:55,172 [pool-49-thread-1] INFO  util.JmxRegister (JmxRegister.java:tryRegister(44)) - Successfully registered JMX Bean with object name Ratis:service=RaftServer,group=group-3EE09D6ADFDF,id=19cf0631-d0d9-4f40-8587-54276d2ac576
2019-09-19 09:56:55,183 [RatisPipelineUtilsThread] INFO  pipeline.PipelineStateManager (PipelineStateManager.java:addPipeline(56)) - Created pipeline Pipeline[ Id: fc189ce3-aa21-4d66-b9da-3ee09d6adfdf, Nodes: 19cf0631-d0d9-4f40-8587-54276d2ac576{ip: 192.168.34.5, host: pr-hdds-1569-j4bt4-3030777008, networkLocation: /default-rack, certSerialId: null}, Type:RATIS, Factor:ONE, State:OPEN]
2019-09-19 09:56:55,198 [grpc-default-executor-0] INFO  impl.RaftServerProxy (RaftServerProxy.java:addNew(89)) - c5d53031-865d-4491-9cd3-c718532e281c: addNew group-50B65A354C9B:[c5d53031-865d-4491-9cd3-c718532e281c:192.168.34.5:38112] returns group-50B65A354C9B:java.util.concurrent.CompletableFuture@d22a1bf[Not completed]
2019-09-19 09:56:55,201 [pool-71-thread-1] INFO  impl.RaftServerImpl (RaftServerImpl.java:<init>(93)) - c5d53031-865d-4491-9cd3-c718532e281c: new RaftServerImpl for group-50B65A354C9B:[c5d53031-865d-4491-9cd3-c718532e281c:192.168.34.5:38112] with ContainerStateMachine:uninitialized
2019-09-19 09:56:55,201 [pool-71-thread-1] INFO  server.RaftServerConfigKeys (ConfUtils.java:logGet(43)) - raft.server.rpc.timeout.min = 5s (custom)
2019-09-19 09:56:55,201 [pool-71-thread-1] INFO  server.RaftServerConfigKeys (ConfUtils.java:logGet(43)) - raft.server.rpc.timeout.max = 5200ms (custom)
2019-09-19 09:56:55,201 [pool-71-thread-1] INFO  server.RaftServerConfigKeys (ConfUtils.java:logGet(43)) - raft.server.rpcslowness.timeout = 120s (custom)
2019-09-19 09:56:55,201 [pool-71-thread-1] INFO  server.RaftServerConfigKeys (ConfUtils.java:logGet(43)) - raft.server.sleep.deviation.threshold = 300 (default)
2019-09-19 09:56:55,201 [pool-71-thread-1] INFO  server.RaftServerConfigKeys (ConfUtils.java:logGet(43)) - raft.server.log.appender.install.snapshot.enabled = false (custom)
2019-09-19 09:56:55,202 [pool-71-thread-1] INFO  impl.RaftServerImpl (ServerState.java:<init>(105)) - c5d53031-865d-4491-9cd3-c718532e281c:group-50B65A354C9B ConfigurationManager, init=-1: [c5d53031-865d-4491-9cd3-c718532e281c:192.168.34.5:38112], old=null, confs=<EMPTY_MAP>
2019-09-19 09:56:55,202 [pool-71-thread-1] INFO  server.RaftServerConfigKeys (ConfUtils.java:logGet(43)) - raft.server.storage.dir = [/workdir/hadoop-ozone/tools/target/test-dir/MiniOzoneClusterImpl-3225c09c-430a-4478-b047-7eb735aebfb5/datanode-4/data/ratis] (custom)
2019-09-19 09:56:55,202 [pool-71-thread-1] INFO  storage.RaftStorageDirectory (RaftStorageDirectory.java:analyzeStorage(246)) - The storage directory /workdir/hadoop-ozone/tools/target/test-dir/MiniOzoneClusterImpl-3225c09c-430a-4478-b047-7eb735aebfb5/datanode-4/data/ratis/01a97da5-b0ba-4100-8c56-50b65a354c9b does not exist. Creating ...
2019-09-19 09:56:55,215 [pool-71-thread-1] INFO  storage.RaftStorageDirectory (RaftStorageDirectory.java:tryLock(328)) - Lock on /workdir/hadoop-ozone/tools/target/test-dir/MiniOzoneClusterImpl-3225c09c-430a-4478-b047-7eb735aebfb5/datanode-4/data/ratis/01a97da5-b0ba-4100-8c56-50b65a354c9b/in_use.lock acquired by nodename 18075@pr-hdds-1569-j4bt4-3030777008
2019-09-19 09:56:55,229 [pool-71-thread-1] INFO  storage.RaftStorage (RaftStorage.java:format(72)) - Storage directory /workdir/hadoop-ozone/tools/target/test-dir/MiniOzoneClusterImpl-3225c09c-430a-4478-b047-7eb735aebfb5/datanode-4/data/ratis/01a97da5-b0ba-4100-8c56-50b65a354c9b has been successfully formatted.
2019-09-19 09:56:55,229 [pool-71-thread-1] INFO  ratis.ContainerStateMachine (ContainerStateMachine.java:loadSnapshot(226)) - group-50B65A354C9B: The snapshot info is null. Setting the last applied indexto:(t:0, i:~)
2019-09-19 09:56:55,229 [pool-71-thread-1] INFO  server.RaftServerConfigKeys (ConfUtils.java:logGet(43)) - raft.server.leader.election.timeout = 120s (custom)
2019-09-19 09:56:55,229 [pool-71-thread-1] INFO  server.RaftServerConfigKeys (ConfUtils.java:logGet(43)) - raft.server.log.use.memory = false (default)
2019-09-19 09:56:55,229 [pool-71-thread-1] INFO  server.RaftServerConfigKeys (ConfUtils.java:logGet(43)) - raft.server.log.purge.gap = 1000000 (custom)
2019-09-19 09:56:55,230 [pool-71-thread-1] INFO  server.RaftServerConfigKeys (ConfUtils.java:logGet(43)) - raft.server.log.appender.buffer.byte-limit = 33554432 (custom)
2019-09-19 09:56:55,230 [pool-71-thread-1] INFO  server.RaftServerConfigKeys (ConfUtils.java:logGet(43)) - raft.server.log.segment.size.max = 1048576 (custom)
2019-09-19 09:56:55,230 [pool-71-thread-1] INFO  server.RaftServerConfigKeys (ConfUtils.java:logGet(43)) - raft.server.log.segment.cache.num.max = 2 (custom)
2019-09-19 09:56:55,230 [pool-71-thread-1] INFO  segmented.SegmentedRaftLogWorker (SegmentedRaftLogWorker.java:<init>(172)) - new c5d53031-865d-4491-9cd3-c718532e281c-SegmentedRaftLogWorker:Storage Directory /workdir/hadoop-ozone/tools/target/test-dir/MiniOzoneClusterImpl-3225c09c-430a-4478-b047-7eb735aebfb5/datanode-4/data/ratis/01a97da5-b0ba-4100-8c56-50b65a354c9b for RaftStorage:Storage Directory /workdir/hadoop-ozone/tools/target/test-dir/MiniOzoneClusterImpl-3225c09c-430a-4478-b047-7eb735aebfb5/datanode-4/data/ratis/01a97da5-b0ba-4100-8c56-50b65a354c9b
2019-09-19 09:56:55,230 [pool-71-thread-1] INFO  server.RaftServerConfigKeys (ConfUtils.java:logGet(43)) - raft.server.log.queue.byte-limit = 2147483647 (custom)
2019-09-19 09:56:55,231 [pool-71-thread-1] INFO  server.RaftServerConfigKeys (ConfUtils.java:logGet(43)) - raft.server.log.queue.element-limit = 1024 (custom)
2019-09-19 09:56:55,231 [pool-71-thread-1] INFO  server.RaftServerConfigKeys (ConfUtils.java:logGet(43)) - raft.server.log.segment.size.max = 1048576 (custom)
2019-09-19 09:56:55,231 [pool-71-thread-1] INFO  server.RaftServerConfigKeys (ConfUtils.java:logGet(43)) - raft.server.log.preallocated.size = 16384 (custom)
2019-09-19 09:56:55,231 [pool-71-thread-1] INFO  server.RaftServerConfigKeys (ConfUtils.java:logGet(43)) - raft.server.log.write.buffer.size = 33554432 (custom)
2019-09-19 09:56:55,231 [pool-71-thread-1] INFO  server.RaftServerConfigKeys (ConfUtils.java:logGet(43)) - raft.server.log.force.sync.num = 128 (default)
2019-09-19 09:56:55,231 [pool-71-thread-1] INFO  server.RaftServerConfigKeys (ConfUtils.java:logGet(43)) - raft.server.log.statemachine.data.sync = true (default)
2019-09-19 09:56:55,232 [pool-71-thread-1] INFO  server.RaftServerConfigKeys (ConfUtils.java:logGet(43)) - raft.server.log.statemachine.data.sync.timeout = 10s (default)
2019-09-19 09:56:55,232 [pool-71-thread-1] INFO  server.RaftServerConfigKeys (ConfUtils.java:logGet(43)) - raft.server.log.statemachine.data.sync.timeout.retry = -1 (default)
2019-09-19 09:56:55,232 [pool-71-thread-1] INFO  server.RaftServerConfigKeys (ConfUtils.java:logGet(43)) - raft.server.log.statemachine.data.caching.enabled = true (custom)
2019-09-19 09:56:55,232 [pool-71-thread-1] INFO  segmented.SegmentedRaftLogWorker (SegmentedRaftLogWorker.java:lambda$new$0(132)) - c5d53031-865d-4491-9cd3-c718532e281c-SegmentedRaftLogWorker:Storage Directory /workdir/hadoop-ozone/tools/target/test-dir/MiniOzoneClusterImpl-3225c09c-430a-4478-b047-7eb735aebfb5/datanode-4/data/ratis/01a97da5-b0ba-4100-8c56-50b65a354c9b: flushIndex: setUnconditionally 0 -> -1
2019-09-19 09:56:55,233 [pool-71-thread-1] INFO  server.RaftServerConfigKeys (ConfUtils.java:logGet(43)) - raft.server.snapshot.auto.trigger.enabled = true (custom)
2019-09-19 09:56:55,233 [pool-71-thread-1] INFO  server.RaftServerConfigKeys (ConfUtils.java:logGet(43)) - raft.server.snapshot.auto.trigger.threshold = 10000 (custom)
2019-09-19 09:56:55,233 [pool-71-thread-1] INFO  server.RaftServerConfigKeys (ConfUtils.java:logGet(43)) - raft.server.retrycache.expirytime = 600000ms (custom)
2019-09-19 09:56:55,233 [pool-71-thread-1] INFO  impl.RaftServerImpl (RaftServerImpl.java:start(180)) - c5d53031-865d-4491-9cd3-c718532e281c: start group-50B65A354C9B
2019-09-19 09:56:55,234 [pool-71-thread-1] INFO  impl.RaftServerImpl (RaftServerImpl.java:setRole(171)) - c5d53031-865d-4491-9cd3-c718532e281c:group-50B65A354C9B changes role from null to FOLLOWER at term 0 for startAsFollower
2019-09-19 09:56:55,234 [pool-71-thread-1] INFO  impl.RoleInfo (RoleInfo.java:updateAndGet(143)) - c5d53031-865d-4491-9cd3-c718532e281c: start FollowerState
2019-09-19 09:56:55,234 [pool-71-thread-1] INFO  util.JmxRegister (JmxRegister.java:tryRegister(44)) - Successfully registered JMX Bean with object name Ratis:service=RaftServer,group=group-50B65A354C9B,id=c5d53031-865d-4491-9cd3-c718532e281c
2019-09-19 09:56:55,247 [RatisPipelineUtilsThread] INFO  pipeline.PipelineStateManager (PipelineStateManager.java:addPipeline(56)) - Created pipeline Pipeline[ Id: 01a97da5-b0ba-4100-8c56-50b65a354c9b, Nodes: c5d53031-865d-4491-9cd3-c718532e281c{ip: 192.168.34.5, host: pr-hdds-1569-j4bt4-3030777008, networkLocation: /default-rack, certSerialId: null}, Type:RATIS, Factor:ONE, State:OPEN]
2019-09-19 09:56:55,261 [grpc-default-executor-0] INFO  impl.RaftServerProxy (RaftServerProxy.java:addNew(89)) - c5d53031-865d-4491-9cd3-c718532e281c: addNew group-4C66D24418A5:[c5d53031-865d-4491-9cd3-c718532e281c:192.168.34.5:38112] returns group-4C66D24418A5:java.util.concurrent.CompletableFuture@74a1ce21[Not completed]
2019-09-19 09:56:55,264 [pool-71-thread-1] INFO  impl.RaftServerImpl (RaftServerImpl.java:<init>(93)) - c5d53031-865d-4491-9cd3-c718532e281c: new RaftServerImpl for group-4C66D24418A5:[c5d53031-865d-4491-9cd3-c718532e281c:192.168.34.5:38112] with ContainerStateMachine:uninitialized
2019-09-19 09:56:55,264 [pool-71-thread-1] INFO  server.RaftServerConfigKeys (ConfUtils.java:logGet(43)) - raft.server.rpc.timeout.min = 5s (custom)
2019-09-19 09:56:55,264 [pool-71-thread-1] INFO  server.RaftServerConfigKeys (ConfUtils.java:logGet(43)) - raft.server.rpc.timeout.max = 5200ms (custom)
2019-09-19 09:56:55,264 [pool-71-thread-1] INFO  server.RaftServerConfigKeys (ConfUtils.java:logGet(43)) - raft.server.rpcslowness.timeout = 120s (custom)
2019-09-19 09:56:55,265 [pool-71-thread-1] INFO  server.RaftServerConfigKeys (ConfUtils.java:logGet(43)) - raft.server.sleep.deviation.threshold = 300 (default)
2019-09-19 09:56:55,265 [pool-71-thread-1] INFO  server.RaftServerConfigKeys (ConfUtils.java:logGet(43)) - raft.server.log.appender.install.snapshot.enabled = false (custom)
2019-09-19 09:56:55,265 [pool-71-thread-1] INFO  impl.RaftServerImpl (ServerState.java:<init>(105)) - c5d53031-865d-4491-9cd3-c718532e281c:group-4C66D24418A5 ConfigurationManager, init=-1: [c5d53031-865d-4491-9cd3-c718532e281c:192.168.34.5:38112], old=null, confs=<EMPTY_MAP>
2019-09-19 09:56:55,265 [pool-71-thread-1] INFO  server.RaftServerConfigKeys (ConfUtils.java:logGet(43)) - raft.server.storage.dir = [/workdir/hadoop-ozone/tools/target/test-dir/MiniOzoneClusterImpl-3225c09c-430a-4478-b047-7eb735aebfb5/datanode-4/data/ratis] (custom)
2019-09-19 09:56:55,265 [pool-71-thread-1] INFO  storage.RaftStorageDirectory (RaftStorageDirectory.java:analyzeStorage(246)) - The storage directory /workdir/hadoop-ozone/tools/target/test-dir/MiniOzoneClusterImpl-3225c09c-430a-4478-b047-7eb735aebfb5/datanode-4/data/ratis/68fd4c0a-b043-4343-909b-4c66d24418a5 does not exist. Creating ...
2019-09-19 09:56:55,278 [pool-71-thread-1] INFO  storage.RaftStorageDirectory (RaftStorageDirectory.java:tryLock(328)) - Lock on /workdir/hadoop-ozone/tools/target/test-dir/MiniOzoneClusterImpl-3225c09c-430a-4478-b047-7eb735aebfb5/datanode-4/data/ratis/68fd4c0a-b043-4343-909b-4c66d24418a5/in_use.lock acquired by nodename 18075@pr-hdds-1569-j4bt4-3030777008
2019-09-19 09:56:55,291 [pool-71-thread-1] INFO  storage.RaftStorage (RaftStorage.java:format(72)) - Storage directory /workdir/hadoop-ozone/tools/target/test-dir/MiniOzoneClusterImpl-3225c09c-430a-4478-b047-7eb735aebfb5/datanode-4/data/ratis/68fd4c0a-b043-4343-909b-4c66d24418a5 has been successfully formatted.
2019-09-19 09:56:55,292 [pool-71-thread-1] INFO  ratis.ContainerStateMachine (ContainerStateMachine.java:loadSnapshot(226)) - group-4C66D24418A5: The snapshot info is null. Setting the last applied indexto:(t:0, i:~)
2019-09-19 09:56:55,293 [pool-71-thread-1] INFO  server.RaftServerConfigKeys (ConfUtils.java:logGet(43)) - raft.server.leader.election.timeout = 120s (custom)
2019-09-19 09:56:55,297 [pool-71-thread-1] INFO  server.RaftServerConfigKeys (ConfUtils.java:logGet(43)) - raft.server.log.use.memory = false (default)
2019-09-19 09:56:55,297 [pool-71-thread-1] INFO  server.RaftServerConfigKeys (ConfUtils.java:logGet(43)) - raft.server.log.purge.gap = 1000000 (custom)
2019-09-19 09:56:55,297 [pool-71-thread-1] INFO  server.RaftServerConfigKeys (ConfUtils.java:logGet(43)) - raft.server.log.appender.buffer.byte-limit = 33554432 (custom)
2019-09-19 09:56:55,297 [pool-71-thread-1] INFO  server.RaftServerConfigKeys (ConfUtils.java:logGet(43)) - raft.server.log.segment.size.max = 1048576 (custom)
2019-09-19 09:56:55,298 [pool-71-thread-1] INFO  server.RaftServerConfigKeys (ConfUtils.java:logGet(43)) - raft.server.log.segment.cache.num.max = 2 (custom)
2019-09-19 09:56:55,298 [pool-71-thread-1] INFO  segmented.SegmentedRaftLogWorker (SegmentedRaftLogWorker.java:<init>(172)) - new c5d53031-865d-4491-9cd3-c718532e281c-SegmentedRaftLogWorker:Storage Directory /workdir/hadoop-ozone/tools/target/test-dir/MiniOzoneClusterImpl-3225c09c-430a-4478-b047-7eb735aebfb5/datanode-4/data/ratis/68fd4c0a-b043-4343-909b-4c66d24418a5 for RaftStorage:Storage Directory /workdir/hadoop-ozone/tools/target/test-dir/MiniOzoneClusterImpl-3225c09c-430a-4478-b047-7eb735aebfb5/datanode-4/data/ratis/68fd4c0a-b043-4343-909b-4c66d24418a5
2019-09-19 09:56:55,298 [pool-71-thread-1] INFO  server.RaftServerConfigKeys (ConfUtils.java:logGet(43)) - raft.server.log.queue.byte-limit = 2147483647 (custom)
2019-09-19 09:56:55,298 [pool-71-thread-1] INFO  server.RaftServerConfigKeys (ConfUtils.java:logGet(43)) - raft.server.log.queue.element-limit = 1024 (custom)
2019-09-19 09:56:55,298 [pool-71-thread-1] INFO  server.RaftServerConfigKeys (ConfUtils.java:logGet(43)) - raft.server.log.segment.size.max = 1048576 (custom)
2019-09-19 09:56:55,298 [pool-71-thread-1] INFO  server.RaftServerConfigKeys (ConfUtils.java:logGet(43)) - raft.server.log.preallocated.size = 16384 (custom)
2019-09-19 09:56:55,299 [pool-71-thread-1] INFO  server.RaftServerConfigKeys (ConfUtils.java:logGet(43)) - raft.server.log.write.buffer.size = 33554432 (custom)
2019-09-19 09:56:55,299 [pool-71-thread-1] INFO  server.RaftServerConfigKeys (ConfUtils.java:logGet(43)) - raft.server.log.force.sync.num = 128 (default)
2019-09-19 09:56:55,299 [pool-71-thread-1] INFO  server.RaftServerConfigKeys (ConfUtils.java:logGet(43)) - raft.server.log.statemachine.data.sync = true (default)
2019-09-19 09:56:55,299 [pool-71-thread-1] INFO  server.RaftServerConfigKeys (ConfUtils.java:logGet(43)) - raft.server.log.statemachine.data.sync.timeout = 10s (default)
2019-09-19 09:56:55,299 [pool-71-thread-1] INFO  server.RaftServerConfigKeys (ConfUtils.java:logGet(43)) - raft.server.log.statemachine.data.sync.timeout.retry = -1 (default)
2019-09-19 09:56:55,299 [pool-71-thread-1] INFO  server.RaftServerConfigKeys (ConfUtils.java:logGet(43)) - raft.server.log.statemachine.data.caching.enabled = true (custom)
2019-09-19 09:56:55,300 [pool-71-thread-1] INFO  segmented.SegmentedRaftLogWorker (SegmentedRaftLogWorker.java:lambda$new$0(132)) - c5d53031-865d-4491-9cd3-c718532e281c-SegmentedRaftLogWorker:Storage Directory /workdir/hadoop-ozone/tools/target/test-dir/MiniOzoneClusterImpl-3225c09c-430a-4478-b047-7eb735aebfb5/datanode-4/data/ratis/68fd4c0a-b043-4343-909b-4c66d24418a5: flushIndex: setUnconditionally 0 -> -1
2019-09-19 09:56:55,300 [pool-71-thread-1] INFO  server.RaftServerConfigKeys (ConfUtils.java:logGet(43)) - raft.server.snapshot.auto.trigger.enabled = true (custom)
2019-09-19 09:56:55,300 [pool-71-thread-1] INFO  server.RaftServerConfigKeys (ConfUtils.java:logGet(43)) - raft.server.snapshot.auto.trigger.threshold = 10000 (custom)
2019-09-19 09:56:55,301 [pool-71-thread-1] INFO  server.RaftServerConfigKeys (ConfUtils.java:logGet(43)) - raft.server.retrycache.expirytime = 600000ms (custom)
2019-09-19 09:56:55,301 [pool-71-thread-1] INFO  impl.RaftServerImpl (RaftServerImpl.java:start(180)) - c5d53031-865d-4491-9cd3-c718532e281c: start group-4C66D24418A5
2019-09-19 09:56:55,301 [pool-71-thread-1] INFO  impl.RaftServerImpl (RaftServerImpl.java:setRole(171)) - c5d53031-865d-4491-9cd3-c718532e281c:group-4C66D24418A5 changes role from null to FOLLOWER at term 0 for startAsFollower
2019-09-19 09:56:55,301 [pool-71-thread-1] INFO  impl.RoleInfo (RoleInfo.java:updateAndGet(143)) - c5d53031-865d-4491-9cd3-c718532e281c: start FollowerState
2019-09-19 09:56:55,302 [pool-71-thread-1] INFO  util.JmxRegister (JmxRegister.java:tryRegister(44)) - Successfully registered JMX Bean with object name Ratis:service=RaftServer,group=group-4C66D24418A5,id=c5d53031-865d-4491-9cd3-c718532e281c
2019-09-19 09:56:55,311 [RatisPipelineUtilsThread] INFO  pipeline.PipelineStateManager (PipelineStateManager.java:addPipeline(56)) - Created pipeline Pipeline[ Id: 68fd4c0a-b043-4343-909b-4c66d24418a5, Nodes: c5d53031-865d-4491-9cd3-c718532e281c{ip: 192.168.34.5, host: pr-hdds-1569-j4bt4-3030777008, networkLocation: /default-rack, certSerialId: null}, Type:RATIS, Factor:ONE, State:OPEN]
2019-09-19 09:56:55,326 | INFO  | SCMAudit | user=jenkins1000 | ip=192.168.34.5 | op=SEND_HEARTBEAT {datanodeUUID=39b9d8f1-cc47-4624-b4ed-3b44777a4379, command=[]} | ret=SUCCESS |  
2019-09-19 09:56:55,331 [grpc-default-executor-0] INFO  impl.RaftServerProxy (RaftServerProxy.java:addNew(89)) - 4490b81b-0ef7-4125-ad05-765de4ccf1d4: addNew group-263D028C2EDF:[4490b81b-0ef7-4125-ad05-765de4ccf1d4:192.168.34.5:38735] returns group-263D028C2EDF:java.util.concurrent.CompletableFuture@42a285ea[Not completed]
2019-09-19 09:56:55,333 [pool-27-thread-1] INFO  impl.RaftServerImpl (RaftServerImpl.java:<init>(93)) - 4490b81b-0ef7-4125-ad05-765de4ccf1d4: new RaftServerImpl for group-263D028C2EDF:[4490b81b-0ef7-4125-ad05-765de4ccf1d4:192.168.34.5:38735] with ContainerStateMachine:uninitialized
2019-09-19 09:56:55,333 [pool-27-thread-1] INFO  server.RaftServerConfigKeys (ConfUtils.java:logGet(43)) - raft.server.rpc.timeout.min = 5s (custom)
2019-09-19 09:56:55,334 [pool-27-thread-1] INFO  server.RaftServerConfigKeys (ConfUtils.java:logGet(43)) - raft.server.rpc.timeout.max = 5200ms (custom)
2019-09-19 09:56:55,334 [pool-27-thread-1] INFO  server.RaftServerConfigKeys (ConfUtils.java:logGet(43)) - raft.server.rpcslowness.timeout = 120s (custom)
2019-09-19 09:56:55,334 [pool-27-thread-1] INFO  server.RaftServerConfigKeys (ConfUtils.java:logGet(43)) - raft.server.sleep.deviation.threshold = 300 (default)
2019-09-19 09:56:55,334 [pool-27-thread-1] INFO  server.RaftServerConfigKeys (ConfUtils.java:logGet(43)) - raft.server.log.appender.install.snapshot.enabled = false (custom)
2019-09-19 09:56:55,334 [pool-27-thread-1] INFO  impl.RaftServerImpl (ServerState.java:<init>(105)) - 4490b81b-0ef7-4125-ad05-765de4ccf1d4:group-263D028C2EDF ConfigurationManager, init=-1: [4490b81b-0ef7-4125-ad05-765de4ccf1d4:192.168.34.5:38735], old=null, confs=<EMPTY_MAP>
2019-09-19 09:56:55,335 [pool-27-thread-1] INFO  server.RaftServerConfigKeys (ConfUtils.java:logGet(43)) - raft.server.storage.dir = [/workdir/hadoop-ozone/tools/target/test-dir/MiniOzoneClusterImpl-3225c09c-430a-4478-b047-7eb735aebfb5/datanode-0/data/ratis] (custom)
2019-09-19 09:56:55,335 [pool-27-thread-1] INFO  storage.RaftStorageDirectory (RaftStorageDirectory.java:analyzeStorage(246)) - The storage directory /workdir/hadoop-ozone/tools/target/test-dir/MiniOzoneClusterImpl-3225c09c-430a-4478-b047-7eb735aebfb5/datanode-0/data/ratis/eeaf9ebf-32b0-4e2d-9c7e-263d028c2edf does not exist. Creating ...
2019-09-19 09:56:55,348 [pool-27-thread-1] INFO  storage.RaftStorageDirectory (RaftStorageDirectory.java:tryLock(328)) - Lock on /workdir/hadoop-ozone/tools/target/test-dir/MiniOzoneClusterImpl-3225c09c-430a-4478-b047-7eb735aebfb5/datanode-0/data/ratis/eeaf9ebf-32b0-4e2d-9c7e-263d028c2edf/in_use.lock acquired by nodename 18075@pr-hdds-1569-j4bt4-3030777008
2019-09-19 09:56:55,361 [pool-27-thread-1] INFO  storage.RaftStorage (RaftStorage.java:format(72)) - Storage directory /workdir/hadoop-ozone/tools/target/test-dir/MiniOzoneClusterImpl-3225c09c-430a-4478-b047-7eb735aebfb5/datanode-0/data/ratis/eeaf9ebf-32b0-4e2d-9c7e-263d028c2edf has been successfully formatted.
2019-09-19 09:56:55,361 [pool-27-thread-1] INFO  ratis.ContainerStateMachine (ContainerStateMachine.java:loadSnapshot(226)) - group-263D028C2EDF: The snapshot info is null. Setting the last applied indexto:(t:0, i:~)
2019-09-19 09:56:55,361 [pool-27-thread-1] INFO  server.RaftServerConfigKeys (ConfUtils.java:logGet(43)) - raft.server.leader.election.timeout = 120s (custom)
2019-09-19 09:56:55,362 [pool-27-thread-1] INFO  server.RaftServerConfigKeys (ConfUtils.java:logGet(43)) - raft.server.log.use.memory = false (default)
2019-09-19 09:56:55,362 [pool-27-thread-1] INFO  server.RaftServerConfigKeys (ConfUtils.java:logGet(43)) - raft.server.log.purge.gap = 1000000 (custom)
2019-09-19 09:56:55,362 [pool-27-thread-1] INFO  server.RaftServerConfigKeys (ConfUtils.java:logGet(43)) - raft.server.log.appender.buffer.byte-limit = 33554432 (custom)
2019-09-19 09:56:55,362 [pool-27-thread-1] INFO  server.RaftServerConfigKeys (ConfUtils.java:logGet(43)) - raft.server.log.segment.size.max = 1048576 (custom)
2019-09-19 09:56:55,362 [pool-27-thread-1] INFO  server.RaftServerConfigKeys (ConfUtils.java:logGet(43)) - raft.server.log.segment.cache.num.max = 2 (custom)
2019-09-19 09:56:55,363 [pool-27-thread-1] INFO  segmented.SegmentedRaftLogWorker (SegmentedRaftLogWorker.java:<init>(172)) - new 4490b81b-0ef7-4125-ad05-765de4ccf1d4-SegmentedRaftLogWorker:Storage Directory /workdir/hadoop-ozone/tools/target/test-dir/MiniOzoneClusterImpl-3225c09c-430a-4478-b047-7eb735aebfb5/datanode-0/data/ratis/eeaf9ebf-32b0-4e2d-9c7e-263d028c2edf for RaftStorage:Storage Directory /workdir/hadoop-ozone/tools/target/test-dir/MiniOzoneClusterImpl-3225c09c-430a-4478-b047-7eb735aebfb5/datanode-0/data/ratis/eeaf9ebf-32b0-4e2d-9c7e-263d028c2edf
2019-09-19 09:56:55,363 [pool-27-thread-1] INFO  server.RaftServerConfigKeys (ConfUtils.java:logGet(43)) - raft.server.log.queue.byte-limit = 2147483647 (custom)
2019-09-19 09:56:55,363 [pool-27-thread-1] INFO  server.RaftServerConfigKeys (ConfUtils.java:logGet(43)) - raft.server.log.queue.element-limit = 1024 (custom)
2019-09-19 09:56:55,363 [pool-27-thread-1] INFO  server.RaftServerConfigKeys (ConfUtils.java:logGet(43)) - raft.server.log.segment.size.max = 1048576 (custom)
2019-09-19 09:56:55,363 [pool-27-thread-1] INFO  server.RaftServerConfigKeys (ConfUtils.java:logGet(43)) - raft.server.log.preallocated.size = 16384 (custom)
2019-09-19 09:56:55,364 [pool-27-thread-1] INFO  server.RaftServerConfigKeys (ConfUtils.java:logGet(43)) - raft.server.log.write.buffer.size = 33554432 (custom)
2019-09-19 09:56:55,364 [pool-27-thread-1] INFO  server.RaftServerConfigKeys (ConfUtils.java:logGet(43)) - raft.server.log.force.sync.num = 128 (default)
2019-09-19 09:56:55,364 [pool-27-thread-1] INFO  server.RaftServerConfigKeys (ConfUtils.java:logGet(43)) - raft.server.log.statemachine.data.sync = true (default)
2019-09-19 09:56:55,364 [pool-27-thread-1] INFO  server.RaftServerConfigKeys (ConfUtils.java:logGet(43)) - raft.server.log.statemachine.data.sync.timeout = 10s (default)
2019-09-19 09:56:55,364 [pool-27-thread-1] INFO  server.RaftServerConfigKeys (ConfUtils.java:logGet(43)) - raft.server.log.statemachine.data.sync.timeout.retry = -1 (default)
2019-09-19 09:56:55,365 [pool-27-thread-1] INFO  server.RaftServerConfigKeys (ConfUtils.java:logGet(43)) - raft.server.log.statemachine.data.caching.enabled = true (custom)
2019-09-19 09:56:55,365 [pool-27-thread-1] INFO  segmented.SegmentedRaftLogWorker (SegmentedRaftLogWorker.java:lambda$new$0(132)) - 4490b81b-0ef7-4125-ad05-765de4ccf1d4-SegmentedRaftLogWorker:Storage Directory /workdir/hadoop-ozone/tools/target/test-dir/MiniOzoneClusterImpl-3225c09c-430a-4478-b047-7eb735aebfb5/datanode-0/data/ratis/eeaf9ebf-32b0-4e2d-9c7e-263d028c2edf: flushIndex: setUnconditionally 0 -> -1
2019-09-19 09:56:55,365 [pool-27-thread-1] INFO  server.RaftServerConfigKeys (ConfUtils.java:logGet(43)) - raft.server.snapshot.auto.trigger.enabled = true (custom)
2019-09-19 09:56:55,366 [pool-27-thread-1] INFO  server.RaftServerConfigKeys (ConfUtils.java:logGet(43)) - raft.server.snapshot.auto.trigger.threshold = 10000 (custom)
2019-09-19 09:56:55,366 [pool-27-thread-1] INFO  server.RaftServerConfigKeys (ConfUtils.java:logGet(43)) - raft.server.retrycache.expirytime = 600000ms (custom)
2019-09-19 09:56:55,366 [pool-27-thread-1] INFO  impl.RaftServerImpl (RaftServerImpl.java:start(180)) - 4490b81b-0ef7-4125-ad05-765de4ccf1d4: start group-263D028C2EDF
2019-09-19 09:56:55,366 [pool-27-thread-1] INFO  impl.RaftServerImpl (RaftServerImpl.java:setRole(171)) - 4490b81b-0ef7-4125-ad05-765de4ccf1d4:group-263D028C2EDF changes role from null to FOLLOWER at term 0 for startAsFollower
2019-09-19 09:56:55,367 [pool-27-thread-1] INFO  impl.RoleInfo (RoleInfo.java:updateAndGet(143)) - 4490b81b-0ef7-4125-ad05-765de4ccf1d4: start FollowerState
2019-09-19 09:56:55,367 [pool-27-thread-1] INFO  util.JmxRegister (JmxRegister.java:tryRegister(44)) - Successfully registered JMX Bean with object name Ratis:service=RaftServer,group=group-263D028C2EDF,id=4490b81b-0ef7-4125-ad05-765de4ccf1d4
2019-09-19 09:56:55,374 [RatisPipelineUtilsThread] INFO  pipeline.PipelineStateManager (PipelineStateManager.java:addPipeline(56)) - Created pipeline Pipeline[ Id: eeaf9ebf-32b0-4e2d-9c7e-263d028c2edf, Nodes: 4490b81b-0ef7-4125-ad05-765de4ccf1d4{ip: 192.168.34.5, host: pr-hdds-1569-j4bt4-3030777008, networkLocation: /default-rack, certSerialId: null}, Type:RATIS, Factor:ONE, State:OPEN]
2019-09-19 09:56:55,387 [grpc-default-executor-0] INFO  impl.RaftServerProxy (RaftServerProxy.java:addNew(89)) - ce8f9236-bba2-4942-9bf9-b4bb96b280ac: addNew group-A14A4DA42693:[ce8f9236-bba2-4942-9bf9-b4bb96b280ac:192.168.34.5:37969] returns group-A14A4DA42693:java.util.concurrent.CompletableFuture@d0d4673[Not completed]
2019-09-19 09:56:55,389 [pool-60-thread-1] INFO  impl.RaftServerImpl (RaftServerImpl.java:<init>(93)) - ce8f9236-bba2-4942-9bf9-b4bb96b280ac: new RaftServerImpl for group-A14A4DA42693:[ce8f9236-bba2-4942-9bf9-b4bb96b280ac:192.168.34.5:37969] with ContainerStateMachine:uninitialized
2019-09-19 09:56:55,389 [pool-60-thread-1] INFO  server.RaftServerConfigKeys (ConfUtils.java:logGet(43)) - raft.server.rpc.timeout.min = 5s (custom)
2019-09-19 09:56:55,389 [pool-60-thread-1] INFO  server.RaftServerConfigKeys (ConfUtils.java:logGet(43)) - raft.server.rpc.timeout.max = 5200ms (custom)
2019-09-19 09:56:55,389 [pool-60-thread-1] INFO  server.RaftServerConfigKeys (ConfUtils.java:logGet(43)) - raft.server.rpcslowness.timeout = 120s (custom)
2019-09-19 09:56:55,389 [pool-60-thread-1] INFO  server.RaftServerConfigKeys (ConfUtils.java:logGet(43)) - raft.server.sleep.deviation.threshold = 300 (default)
2019-09-19 09:56:55,389 [pool-60-thread-1] INFO  server.RaftServerConfigKeys (ConfUtils.java:logGet(43)) - raft.server.log.appender.install.snapshot.enabled = false (custom)
2019-09-19 09:56:55,389 [pool-60-thread-1] INFO  impl.RaftServerImpl (ServerState.java:<init>(105)) - ce8f9236-bba2-4942-9bf9-b4bb96b280ac:group-A14A4DA42693 ConfigurationManager, init=-1: [ce8f9236-bba2-4942-9bf9-b4bb96b280ac:192.168.34.5:37969], old=null, confs=<EMPTY_MAP>
2019-09-19 09:56:55,390 [pool-60-thread-1] INFO  server.RaftServerConfigKeys (ConfUtils.java:logGet(43)) - raft.server.storage.dir = [/workdir/hadoop-ozone/tools/target/test-dir/MiniOzoneClusterImpl-3225c09c-430a-4478-b047-7eb735aebfb5/datanode-3/data/ratis] (custom)
2019-09-19 09:56:55,390 [pool-60-thread-1] INFO  storage.RaftStorageDirectory (RaftStorageDirectory.java:analyzeStorage(246)) - The storage directory /workdir/hadoop-ozone/tools/target/test-dir/MiniOzoneClusterImpl-3225c09c-430a-4478-b047-7eb735aebfb5/datanode-3/data/ratis/2c4cf3c9-7a59-40fb-af10-a14a4da42693 does not exist. Creating ...
2019-09-19 09:56:55,402 [pool-60-thread-1] INFO  storage.RaftStorageDirectory (RaftStorageDirectory.java:tryLock(328)) - Lock on /workdir/hadoop-ozone/tools/target/test-dir/MiniOzoneClusterImpl-3225c09c-430a-4478-b047-7eb735aebfb5/datanode-3/data/ratis/2c4cf3c9-7a59-40fb-af10-a14a4da42693/in_use.lock acquired by nodename 18075@pr-hdds-1569-j4bt4-3030777008
2019-09-19 09:56:55,415 [pool-60-thread-1] INFO  storage.RaftStorage (RaftStorage.java:format(72)) - Storage directory /workdir/hadoop-ozone/tools/target/test-dir/MiniOzoneClusterImpl-3225c09c-430a-4478-b047-7eb735aebfb5/datanode-3/data/ratis/2c4cf3c9-7a59-40fb-af10-a14a4da42693 has been successfully formatted.
2019-09-19 09:56:55,415 [pool-60-thread-1] INFO  ratis.ContainerStateMachine (ContainerStateMachine.java:loadSnapshot(226)) - group-A14A4DA42693: The snapshot info is null. Setting the last applied indexto:(t:0, i:~)
2019-09-19 09:56:55,415 [pool-60-thread-1] INFO  server.RaftServerConfigKeys (ConfUtils.java:logGet(43)) - raft.server.leader.election.timeout = 120s (custom)
2019-09-19 09:56:55,415 [pool-60-thread-1] INFO  server.RaftServerConfigKeys (ConfUtils.java:logGet(43)) - raft.server.log.use.memory = false (default)
2019-09-19 09:56:55,415 [pool-60-thread-1] INFO  server.RaftServerConfigKeys (ConfUtils.java:logGet(43)) - raft.server.log.purge.gap = 1000000 (custom)
2019-09-19 09:56:55,415 [pool-60-thread-1] INFO  server.RaftServerConfigKeys (ConfUtils.java:logGet(43)) - raft.server.log.appender.buffer.byte-limit = 33554432 (custom)
2019-09-19 09:56:55,415 [pool-60-thread-1] INFO  server.RaftServerConfigKeys (ConfUtils.java:logGet(43)) - raft.server.log.segment.size.max = 1048576 (custom)
2019-09-19 09:56:55,416 [pool-60-thread-1] INFO  server.RaftServerConfigKeys (ConfUtils.java:logGet(43)) - raft.server.log.segment.cache.num.max = 2 (custom)
2019-09-19 09:56:55,416 [pool-60-thread-1] INFO  segmented.SegmentedRaftLogWorker (SegmentedRaftLogWorker.java:<init>(172)) - new ce8f9236-bba2-4942-9bf9-b4bb96b280ac-SegmentedRaftLogWorker:Storage Directory /workdir/hadoop-ozone/tools/target/test-dir/MiniOzoneClusterImpl-3225c09c-430a-4478-b047-7eb735aebfb5/datanode-3/data/ratis/2c4cf3c9-7a59-40fb-af10-a14a4da42693 for RaftStorage:Storage Directory /workdir/hadoop-ozone/tools/target/test-dir/MiniOzoneClusterImpl-3225c09c-430a-4478-b047-7eb735aebfb5/datanode-3/data/ratis/2c4cf3c9-7a59-40fb-af10-a14a4da42693
2019-09-19 09:56:55,416 [pool-60-thread-1] INFO  server.RaftServerConfigKeys (ConfUtils.java:logGet(43)) - raft.server.log.queue.byte-limit = 2147483647 (custom)
2019-09-19 09:56:55,416 [pool-60-thread-1] INFO  server.RaftServerConfigKeys (ConfUtils.java:logGet(43)) - raft.server.log.queue.element-limit = 1024 (custom)
2019-09-19 09:56:55,416 [pool-60-thread-1] INFO  server.RaftServerConfigKeys (ConfUtils.java:logGet(43)) - raft.server.log.segment.size.max = 1048576 (custom)
2019-09-19 09:56:55,416 [pool-60-thread-1] INFO  server.RaftServerConfigKeys (ConfUtils.java:logGet(43)) - raft.server.log.preallocated.size = 16384 (custom)
2019-09-19 09:56:55,416 [pool-60-thread-1] INFO  server.RaftServerConfigKeys (ConfUtils.java:logGet(43)) - raft.server.log.write.buffer.size = 33554432 (custom)
2019-09-19 09:56:55,416 [pool-60-thread-1] INFO  server.RaftServerConfigKeys (ConfUtils.java:logGet(43)) - raft.server.log.force.sync.num = 128 (default)
2019-09-19 09:56:55,416 [pool-60-thread-1] INFO  server.RaftServerConfigKeys (ConfUtils.java:logGet(43)) - raft.server.log.statemachine.data.sync = true (default)
2019-09-19 09:56:55,417 [pool-60-thread-1] INFO  server.RaftServerConfigKeys (ConfUtils.java:logGet(43)) - raft.server.log.statemachine.data.sync.timeout = 10s (default)
2019-09-19 09:56:55,417 [pool-60-thread-1] INFO  server.RaftServerConfigKeys (ConfUtils.java:logGet(43)) - raft.server.log.statemachine.data.sync.timeout.retry = -1 (default)
2019-09-19 09:56:55,417 [pool-60-thread-1] INFO  server.RaftServerConfigKeys (ConfUtils.java:logGet(43)) - raft.server.log.statemachine.data.caching.enabled = true (custom)
2019-09-19 09:56:55,417 [pool-60-thread-1] INFO  segmented.SegmentedRaftLogWorker (SegmentedRaftLogWorker.java:lambda$new$0(132)) - ce8f9236-bba2-4942-9bf9-b4bb96b280ac-SegmentedRaftLogWorker:Storage Directory /workdir/hadoop-ozone/tools/target/test-dir/MiniOzoneClusterImpl-3225c09c-430a-4478-b047-7eb735aebfb5/datanode-3/data/ratis/2c4cf3c9-7a59-40fb-af10-a14a4da42693: flushIndex: setUnconditionally 0 -> -1
2019-09-19 09:56:55,417 [pool-60-thread-1] INFO  server.RaftServerConfigKeys (ConfUtils.java:logGet(43)) - raft.server.snapshot.auto.trigger.enabled = true (custom)
2019-09-19 09:56:55,417 [pool-60-thread-1] INFO  server.RaftServerConfigKeys (ConfUtils.java:logGet(43)) - raft.server.snapshot.auto.trigger.threshold = 10000 (custom)
2019-09-19 09:56:55,418 [pool-60-thread-1] INFO  server.RaftServerConfigKeys (ConfUtils.java:logGet(43)) - raft.server.retrycache.expirytime = 600000ms (custom)
2019-09-19 09:56:55,418 [pool-60-thread-1] INFO  impl.RaftServerImpl (RaftServerImpl.java:start(180)) - ce8f9236-bba2-4942-9bf9-b4bb96b280ac: start group-A14A4DA42693
2019-09-19 09:56:55,418 [pool-60-thread-1] INFO  impl.RaftServerImpl (RaftServerImpl.java:setRole(171)) - ce8f9236-bba2-4942-9bf9-b4bb96b280ac:group-A14A4DA42693 changes role from null to FOLLOWER at term 0 for startAsFollower
2019-09-19 09:56:55,418 [pool-60-thread-1] INFO  impl.RoleInfo (RoleInfo.java:updateAndGet(143)) - ce8f9236-bba2-4942-9bf9-b4bb96b280ac: start FollowerState
2019-09-19 09:56:55,418 [pool-60-thread-1] INFO  util.JmxRegister (JmxRegister.java:tryRegister(44)) - Successfully registered JMX Bean with object name Ratis:service=RaftServer,group=group-A14A4DA42693,id=ce8f9236-bba2-4942-9bf9-b4bb96b280ac
2019-09-19 09:56:55,424 [RatisPipelineUtilsThread] INFO  pipeline.PipelineStateManager (PipelineStateManager.java:addPipeline(56)) - Created pipeline Pipeline[ Id: 2c4cf3c9-7a59-40fb-af10-a14a4da42693, Nodes: ce8f9236-bba2-4942-9bf9-b4bb96b280ac{ip: 192.168.34.5, host: pr-hdds-1569-j4bt4-3030777008, networkLocation: /default-rack, certSerialId: null}, Type:RATIS, Factor:ONE, State:OPEN]
2019-09-19 09:56:55,437 [grpc-default-executor-0] INFO  impl.RaftServerProxy (RaftServerProxy.java:addNew(89)) - ce8f9236-bba2-4942-9bf9-b4bb96b280ac: addNew group-065E74278D2B:[ce8f9236-bba2-4942-9bf9-b4bb96b280ac:192.168.34.5:37969] returns group-065E74278D2B:java.util.concurrent.CompletableFuture@27eee72f[Not completed]
2019-09-19 09:56:55,439 [pool-60-thread-1] INFO  impl.RaftServerImpl (RaftServerImpl.java:<init>(93)) - ce8f9236-bba2-4942-9bf9-b4bb96b280ac: new RaftServerImpl for group-065E74278D2B:[ce8f9236-bba2-4942-9bf9-b4bb96b280ac:192.168.34.5:37969] with ContainerStateMachine:uninitialized
2019-09-19 09:56:55,439 [pool-60-thread-1] INFO  server.RaftServerConfigKeys (ConfUtils.java:logGet(43)) - raft.server.rpc.timeout.min = 5s (custom)
2019-09-19 09:56:55,439 [pool-60-thread-1] INFO  server.RaftServerConfigKeys (ConfUtils.java:logGet(43)) - raft.server.rpc.timeout.max = 5200ms (custom)
2019-09-19 09:56:55,439 [pool-60-thread-1] INFO  server.RaftServerConfigKeys (ConfUtils.java:logGet(43)) - raft.server.rpcslowness.timeout = 120s (custom)
2019-09-19 09:56:55,439 [pool-60-thread-1] INFO  server.RaftServerConfigKeys (ConfUtils.java:logGet(43)) - raft.server.sleep.deviation.threshold = 300 (default)
2019-09-19 09:56:55,439 [pool-60-thread-1] INFO  server.RaftServerConfigKeys (ConfUtils.java:logGet(43)) - raft.server.log.appender.install.snapshot.enabled = false (custom)
2019-09-19 09:56:55,439 [pool-60-thread-1] INFO  impl.RaftServerImpl (ServerState.java:<init>(105)) - ce8f9236-bba2-4942-9bf9-b4bb96b280ac:group-065E74278D2B ConfigurationManager, init=-1: [ce8f9236-bba2-4942-9bf9-b4bb96b280ac:192.168.34.5:37969], old=null, confs=<EMPTY_MAP>
2019-09-19 09:56:55,439 [pool-60-thread-1] INFO  server.RaftServerConfigKeys (ConfUtils.java:logGet(43)) - raft.server.storage.dir = [/workdir/hadoop-ozone/tools/target/test-dir/MiniOzoneClusterImpl-3225c09c-430a-4478-b047-7eb735aebfb5/datanode-3/data/ratis] (custom)
2019-09-19 09:56:55,440 [pool-60-thread-1] INFO  storage.RaftStorageDirectory (RaftStorageDirectory.java:analyzeStorage(246)) - The storage directory /workdir/hadoop-ozone/tools/target/test-dir/MiniOzoneClusterImpl-3225c09c-430a-4478-b047-7eb735aebfb5/datanode-3/data/ratis/2dbbf3f0-cd74-4a5b-86e6-065e74278d2b does not exist. Creating ...
2019-09-19 09:56:55,450 [pool-60-thread-1] INFO  storage.RaftStorageDirectory (RaftStorageDirectory.java:tryLock(328)) - Lock on /workdir/hadoop-ozone/tools/target/test-dir/MiniOzoneClusterImpl-3225c09c-430a-4478-b047-7eb735aebfb5/datanode-3/data/ratis/2dbbf3f0-cd74-4a5b-86e6-065e74278d2b/in_use.lock acquired by nodename 18075@pr-hdds-1569-j4bt4-3030777008
2019-09-19 09:56:55,463 [pool-60-thread-1] INFO  storage.RaftStorage (RaftStorage.java:format(72)) - Storage directory /workdir/hadoop-ozone/tools/target/test-dir/MiniOzoneClusterImpl-3225c09c-430a-4478-b047-7eb735aebfb5/datanode-3/data/ratis/2dbbf3f0-cd74-4a5b-86e6-065e74278d2b has been successfully formatted.
2019-09-19 09:56:55,463 [pool-60-thread-1] INFO  ratis.ContainerStateMachine (ContainerStateMachine.java:loadSnapshot(226)) - group-065E74278D2B: The snapshot info is null. Setting the last applied indexto:(t:0, i:~)
2019-09-19 09:56:55,463 [pool-60-thread-1] INFO  server.RaftServerConfigKeys (ConfUtils.java:logGet(43)) - raft.server.leader.election.timeout = 120s (custom)
2019-09-19 09:56:55,463 [pool-60-thread-1] INFO  server.RaftServerConfigKeys (ConfUtils.java:logGet(43)) - raft.server.log.use.memory = false (default)
2019-09-19 09:56:55,464 [pool-60-thread-1] INFO  server.RaftServerConfigKeys (ConfUtils.java:logGet(43)) - raft.server.log.purge.gap = 1000000 (custom)
2019-09-19 09:56:55,464 [pool-60-thread-1] INFO  server.RaftServerConfigKeys (ConfUtils.java:logGet(43)) - raft.server.log.appender.buffer.byte-limit = 33554432 (custom)
2019-09-19 09:56:55,464 [pool-60-thread-1] INFO  server.RaftServerConfigKeys (ConfUtils.java:logGet(43)) - raft.server.log.segment.size.max = 1048576 (custom)
2019-09-19 09:56:55,464 [pool-60-thread-1] INFO  server.RaftServerConfigKeys (ConfUtils.java:logGet(43)) - raft.server.log.segment.cache.num.max = 2 (custom)
2019-09-19 09:56:55,464 [pool-60-thread-1] INFO  segmented.SegmentedRaftLogWorker (SegmentedRaftLogWorker.java:<init>(172)) - new ce8f9236-bba2-4942-9bf9-b4bb96b280ac-SegmentedRaftLogWorker:Storage Directory /workdir/hadoop-ozone/tools/target/test-dir/MiniOzoneClusterImpl-3225c09c-430a-4478-b047-7eb735aebfb5/datanode-3/data/ratis/2dbbf3f0-cd74-4a5b-86e6-065e74278d2b for RaftStorage:Storage Directory /workdir/hadoop-ozone/tools/target/test-dir/MiniOzoneClusterImpl-3225c09c-430a-4478-b047-7eb735aebfb5/datanode-3/data/ratis/2dbbf3f0-cd74-4a5b-86e6-065e74278d2b
2019-09-19 09:56:55,464 [pool-60-thread-1] INFO  server.RaftServerConfigKeys (ConfUtils.java:logGet(43)) - raft.server.log.queue.byte-limit = 2147483647 (custom)
2019-09-19 09:56:55,464 [pool-60-thread-1] INFO  server.RaftServerConfigKeys (ConfUtils.java:logGet(43)) - raft.server.log.queue.element-limit = 1024 (custom)
2019-09-19 09:56:55,464 [pool-60-thread-1] INFO  server.RaftServerConfigKeys (ConfUtils.java:logGet(43)) - raft.server.log.segment.size.max = 1048576 (custom)
2019-09-19 09:56:55,465 [pool-60-thread-1] INFO  server.RaftServerConfigKeys (ConfUtils.java:logGet(43)) - raft.server.log.preallocated.size = 16384 (custom)
2019-09-19 09:56:55,465 [pool-60-thread-1] INFO  server.RaftServerConfigKeys (ConfUtils.java:logGet(43)) - raft.server.log.write.buffer.size = 33554432 (custom)
2019-09-19 09:56:55,465 [pool-60-thread-1] INFO  server.RaftServerConfigKeys (ConfUtils.java:logGet(43)) - raft.server.log.force.sync.num = 128 (default)
2019-09-19 09:56:55,465 [pool-60-thread-1] INFO  server.RaftServerConfigKeys (ConfUtils.java:logGet(43)) - raft.server.log.statemachine.data.sync = true (default)
2019-09-19 09:56:55,465 [pool-60-thread-1] INFO  server.RaftServerConfigKeys (ConfUtils.java:logGet(43)) - raft.server.log.statemachine.data.sync.timeout = 10s (default)
2019-09-19 09:56:55,465 [pool-60-thread-1] INFO  server.RaftServerConfigKeys (ConfUtils.java:logGet(43)) - raft.server.log.statemachine.data.sync.timeout.retry = -1 (default)
2019-09-19 09:56:55,465 [pool-60-thread-1] INFO  server.RaftServerConfigKeys (ConfUtils.java:logGet(43)) - raft.server.log.statemachine.data.caching.enabled = true (custom)
2019-09-19 09:56:55,466 [pool-60-thread-1] INFO  segmented.SegmentedRaftLogWorker (SegmentedRaftLogWorker.java:lambda$new$0(132)) - ce8f9236-bba2-4942-9bf9-b4bb96b280ac-SegmentedRaftLogWorker:Storage Directory /workdir/hadoop-ozone/tools/target/test-dir/MiniOzoneClusterImpl-3225c09c-430a-4478-b047-7eb735aebfb5/datanode-3/data/ratis/2dbbf3f0-cd74-4a5b-86e6-065e74278d2b: flushIndex: setUnconditionally 0 -> -1
2019-09-19 09:56:55,466 [pool-60-thread-1] INFO  server.RaftServerConfigKeys (ConfUtils.java:logGet(43)) - raft.server.snapshot.auto.trigger.enabled = true (custom)
2019-09-19 09:56:55,466 [pool-60-thread-1] INFO  server.RaftServerConfigKeys (ConfUtils.java:logGet(43)) - raft.server.snapshot.auto.trigger.threshold = 10000 (custom)
2019-09-19 09:56:55,466 [pool-60-thread-1] INFO  server.RaftServerConfigKeys (ConfUtils.java:logGet(43)) - raft.server.retrycache.expirytime = 600000ms (custom)
2019-09-19 09:56:55,466 [pool-60-thread-1] INFO  impl.RaftServerImpl (RaftServerImpl.java:start(180)) - ce8f9236-bba2-4942-9bf9-b4bb96b280ac: start group-065E74278D2B
2019-09-19 09:56:55,466 [pool-60-thread-1] INFO  impl.RaftServerImpl (RaftServerImpl.java:setRole(171)) - ce8f9236-bba2-4942-9bf9-b4bb96b280ac:group-065E74278D2B changes role from null to FOLLOWER at term 0 for startAsFollower
2019-09-19 09:56:55,467 [pool-60-thread-1] INFO  impl.RoleInfo (RoleInfo.java:updateAndGet(143)) - ce8f9236-bba2-4942-9bf9-b4bb96b280ac: start FollowerState
2019-09-19 09:56:55,467 [pool-60-thread-1] INFO  util.JmxRegister (JmxRegister.java:tryRegister(44)) - Successfully registered JMX Bean with object name Ratis:service=RaftServer,group=group-065E74278D2B,id=ce8f9236-bba2-4942-9bf9-b4bb96b280ac
2019-09-19 09:56:55,472 [RatisPipelineUtilsThread] INFO  pipeline.PipelineStateManager (PipelineStateManager.java:addPipeline(56)) - Created pipeline Pipeline[ Id: 2dbbf3f0-cd74-4a5b-86e6-065e74278d2b, Nodes: ce8f9236-bba2-4942-9bf9-b4bb96b280ac{ip: 192.168.34.5, host: pr-hdds-1569-j4bt4-3030777008, networkLocation: /default-rack, certSerialId: null}, Type:RATIS, Factor:ONE, State:OPEN]
2019-09-19 09:56:55,484 [grpc-default-executor-0] INFO  impl.RaftServerProxy (RaftServerProxy.java:addNew(89)) - c5d53031-865d-4491-9cd3-c718532e281c: addNew group-303D6C0428DD:[c5d53031-865d-4491-9cd3-c718532e281c:192.168.34.5:38112] returns group-303D6C0428DD:java.util.concurrent.CompletableFuture@2ba34073[Not completed]
2019-09-19 09:56:55,486 [pool-71-thread-1] INFO  impl.RaftServerImpl (RaftServerImpl.java:<init>(93)) - c5d53031-865d-4491-9cd3-c718532e281c: new RaftServerImpl for group-303D6C0428DD:[c5d53031-865d-4491-9cd3-c718532e281c:192.168.34.5:38112] with ContainerStateMachine:uninitialized
2019-09-19 09:56:55,486 [pool-71-thread-1] INFO  server.RaftServerConfigKeys (ConfUtils.java:logGet(43)) - raft.server.rpc.timeout.min = 5s (custom)
2019-09-19 09:56:55,486 [pool-71-thread-1] INFO  server.RaftServerConfigKeys (ConfUtils.java:logGet(43)) - raft.server.rpc.timeout.max = 5200ms (custom)
2019-09-19 09:56:55,487 [pool-71-thread-1] INFO  server.RaftServerConfigKeys (ConfUtils.java:logGet(43)) - raft.server.rpcslowness.timeout = 120s (custom)
2019-09-19 09:56:55,487 [pool-71-thread-1] INFO  server.RaftServerConfigKeys (ConfUtils.java:logGet(43)) - raft.server.sleep.deviation.threshold = 300 (default)
2019-09-19 09:56:55,487 [pool-71-thread-1] INFO  server.RaftServerConfigKeys (ConfUtils.java:logGet(43)) - raft.server.log.appender.install.snapshot.enabled = false (custom)
2019-09-19 09:56:55,487 [pool-71-thread-1] INFO  impl.RaftServerImpl (ServerState.java:<init>(105)) - c5d53031-865d-4491-9cd3-c718532e281c:group-303D6C0428DD ConfigurationManager, init=-1: [c5d53031-865d-4491-9cd3-c718532e281c:192.168.34.5:38112], old=null, confs=<EMPTY_MAP>
2019-09-19 09:56:55,487 [pool-71-thread-1] INFO  server.RaftServerConfigKeys (ConfUtils.java:logGet(43)) - raft.server.storage.dir = [/workdir/hadoop-ozone/tools/target/test-dir/MiniOzoneClusterImpl-3225c09c-430a-4478-b047-7eb735aebfb5/datanode-4/data/ratis] (custom)
2019-09-19 09:56:55,488 [pool-71-thread-1] INFO  storage.RaftStorageDirectory (RaftStorageDirectory.java:analyzeStorage(246)) - The storage directory /workdir/hadoop-ozone/tools/target/test-dir/MiniOzoneClusterImpl-3225c09c-430a-4478-b047-7eb735aebfb5/datanode-4/data/ratis/0bd7a3ea-22b5-4995-9fdd-303d6c0428dd does not exist. Creating ...
2019-09-19 09:56:55,500 [pool-71-thread-1] INFO  storage.RaftStorageDirectory (RaftStorageDirectory.java:tryLock(328)) - Lock on /workdir/hadoop-ozone/tools/target/test-dir/MiniOzoneClusterImpl-3225c09c-430a-4478-b047-7eb735aebfb5/datanode-4/data/ratis/0bd7a3ea-22b5-4995-9fdd-303d6c0428dd/in_use.lock acquired by nodename 18075@pr-hdds-1569-j4bt4-3030777008
2019-09-19 09:56:55,500 [main] INFO  freon.RandomKeyGenerator (RandomKeyGenerator.java:call(275)) - Number of Threads: 10
2019-09-19 09:56:55,501 [main] INFO  freon.RandomKeyGenerator (RandomKeyGenerator.java:call(280)) - Number of Volumes: 1.
2019-09-19 09:56:55,501 [main] INFO  freon.RandomKeyGenerator (RandomKeyGenerator.java:call(281)) - Number of Buckets per Volume: 1.
2019-09-19 09:56:55,502 [main] INFO  freon.RandomKeyGenerator (RandomKeyGenerator.java:call(282)) - Number of Keys per Bucket: 1.
2019-09-19 09:56:55,502 [main] INFO  freon.RandomKeyGenerator (RandomKeyGenerator.java:call(283)) - Key size: 20971520 bytes
2019-09-19 09:56:55,502 [main] INFO  freon.RandomKeyGenerator (RandomKeyGenerator.java:call(284)) - Buffer size: 4096 bytes
2019-09-19 09:56:55,506 [main] INFO  freon.RandomKeyGenerator (RandomKeyGenerator.java:call(298)) - Data validation is enabled.
2019-09-19 09:56:55,508 [main] INFO  freon.RandomKeyGenerator (RandomKeyGenerator.java:call(304)) - Starting progress bar Thread.

 0.00% |█                                                                                                    |  0/1 Time: 0:00:002019-09-19 09:56:55,513 [pool-71-thread-1] INFO  storage.RaftStorage (RaftStorage.java:format(72)) - Storage directory /workdir/hadoop-ozone/tools/target/test-dir/MiniOzoneClusterImpl-3225c09c-430a-4478-b047-7eb735aebfb5/datanode-4/data/ratis/0bd7a3ea-22b5-4995-9fdd-303d6c0428dd has been successfully formatted.
2019-09-19 09:56:55,514 [pool-71-thread-1] INFO  ratis.ContainerStateMachine (ContainerStateMachine.java:loadSnapshot(226)) - group-303D6C0428DD: The snapshot info is null. Setting the last applied indexto:(t:0, i:~)
2019-09-19 09:56:55,514 [pool-71-thread-1] INFO  server.RaftServerConfigKeys (ConfUtils.java:logGet(43)) - raft.server.leader.election.timeout = 120s (custom)
2019-09-19 09:56:55,514 [pool-71-thread-1] INFO  server.RaftServerConfigKeys (ConfUtils.java:logGet(43)) - raft.server.log.use.memory = false (default)
2019-09-19 09:56:55,514 [pool-71-thread-1] INFO  server.RaftServerConfigKeys (ConfUtils.java:logGet(43)) - raft.server.log.purge.gap = 1000000 (custom)
2019-09-19 09:56:55,514 [pool-71-thread-1] INFO  server.RaftServerConfigKeys (ConfUtils.java:logGet(43)) - raft.server.log.appender.buffer.byte-limit = 33554432 (custom)
2019-09-19 09:56:55,515 [pool-71-thread-1] INFO  server.RaftServerConfigKeys (ConfUtils.java:logGet(43)) - raft.server.log.segment.size.max = 1048576 (custom)
2019-09-19 09:56:55,515 [pool-71-thread-1] INFO  server.RaftServerConfigKeys (ConfUtils.java:logGet(43)) - raft.server.log.segment.cache.num.max = 2 (custom)
2019-09-19 09:56:55,515 [pool-71-thread-1] INFO  segmented.SegmentedRaftLogWorker (SegmentedRaftLogWorker.java:<init>(172)) - new c5d53031-865d-4491-9cd3-c718532e281c-SegmentedRaftLogWorker:Storage Directory /workdir/hadoop-ozone/tools/target/test-dir/MiniOzoneClusterImpl-3225c09c-430a-4478-b047-7eb735aebfb5/datanode-4/data/ratis/0bd7a3ea-22b5-4995-9fdd-303d6c0428dd for RaftStorage:Storage Directory /workdir/hadoop-ozone/tools/target/test-dir/MiniOzoneClusterImpl-3225c09c-430a-4478-b047-7eb735aebfb5/datanode-4/data/ratis/0bd7a3ea-22b5-4995-9fdd-303d6c0428dd
2019-09-19 09:56:55,516 [pool-71-thread-1] INFO  server.RaftServerConfigKeys (ConfUtils.java:logGet(43)) - raft.server.log.queue.byte-limit = 2147483647 (custom)
2019-09-19 09:56:55,516 [pool-71-thread-1] INFO  server.RaftServerConfigKeys (ConfUtils.java:logGet(43)) - raft.server.log.queue.element-limit = 1024 (custom)
2019-09-19 09:56:55,516 [pool-71-thread-1] INFO  server.RaftServerConfigKeys (ConfUtils.java:logGet(43)) - raft.server.log.segment.size.max = 1048576 (custom)
2019-09-19 09:56:55,516 [pool-71-thread-1] INFO  server.RaftServerConfigKeys (ConfUtils.java:logGet(43)) - raft.server.log.preallocated.size = 16384 (custom)
2019-09-19 09:56:55,517 [pool-71-thread-1] INFO  server.RaftServerConfigKeys (ConfUtils.java:logGet(43)) - raft.server.log.write.buffer.size = 33554432 (custom)
2019-09-19 09:56:55,517 [pool-71-thread-1] INFO  server.RaftServerConfigKeys (ConfUtils.java:logGet(43)) - raft.server.log.force.sync.num = 128 (default)
2019-09-19 09:56:55,517 [pool-71-thread-1] INFO  server.RaftServerConfigKeys (ConfUtils.java:logGet(43)) - raft.server.log.statemachine.data.sync = true (default)
2019-09-19 09:56:55,517 [pool-71-thread-1] INFO  server.RaftServerConfigKeys (ConfUtils.java:logGet(43)) - raft.server.log.statemachine.data.sync.timeout = 10s (default)
2019-09-19 09:56:55,517 [pool-71-thread-1] INFO  server.RaftServerConfigKeys (ConfUtils.java:logGet(43)) - raft.server.log.statemachine.data.sync.timeout.retry = -1 (default)
2019-09-19 09:56:55,518 [pool-71-thread-1] INFO  server.RaftServerConfigKeys (ConfUtils.java:logGet(43)) - raft.server.log.statemachine.data.caching.enabled = true (custom)
2019-09-19 09:56:55,518 [pool-71-thread-1] INFO  segmented.SegmentedRaftLogWorker (SegmentedRaftLogWorker.java:lambda$new$0(132)) - c5d53031-865d-4491-9cd3-c718532e281c-SegmentedRaftLogWorker:Storage Directory /workdir/hadoop-ozone/tools/target/test-dir/MiniOzoneClusterImpl-3225c09c-430a-4478-b047-7eb735aebfb5/datanode-4/data/ratis/0bd7a3ea-22b5-4995-9fdd-303d6c0428dd: flushIndex: setUnconditionally 0 -> -1
2019-09-19 09:56:55,519 [pool-71-thread-1] INFO  server.RaftServerConfigKeys (ConfUtils.java:logGet(43)) - raft.server.snapshot.auto.trigger.enabled = true (custom)
2019-09-19 09:56:55,519 [pool-71-thread-1] INFO  server.RaftServerConfigKeys (ConfUtils.java:logGet(43)) - raft.server.snapshot.auto.trigger.threshold = 10000 (custom)
2019-09-19 09:56:55,519 [pool-71-thread-1] INFO  server.RaftServerConfigKeys (ConfUtils.java:logGet(43)) - raft.server.retrycache.expirytime = 600000ms (custom)
2019-09-19 09:56:55,520 [pool-71-thread-1] INFO  impl.RaftServerImpl (RaftServerImpl.java:start(180)) - c5d53031-865d-4491-9cd3-c718532e281c: start group-303D6C0428DD
2019-09-19 09:56:55,520 [pool-71-thread-1] INFO  impl.RaftServerImpl (RaftServerImpl.java:setRole(171)) - c5d53031-865d-4491-9cd3-c718532e281c:group-303D6C0428DD changes role from null to FOLLOWER at term 0 for startAsFollower
2019-09-19 09:56:55,520 [pool-71-thread-1] INFO  impl.RoleInfo (RoleInfo.java:updateAndGet(143)) - c5d53031-865d-4491-9cd3-c718532e281c: start FollowerState
2019-09-19 09:56:55,521 [pool-71-thread-1] INFO  util.JmxRegister (JmxRegister.java:tryRegister(44)) - Successfully registered JMX Bean with object name Ratis:service=RaftServer,group=group-303D6C0428DD,id=c5d53031-865d-4491-9cd3-c718532e281c
2019-09-19 09:56:55,543 | INFO  | SCMAudit | user=jenkins1000 | ip=192.168.34.5 | op=SEND_HEARTBEAT {datanodeUUID=19cf0631-d0d9-4f40-8587-54276d2ac576, command=[]} | ret=SUCCESS |  
2019-09-19 09:56:55,543 [RatisPipelineUtilsThread] INFO  pipeline.PipelineStateManager (PipelineStateManager.java:addPipeline(56)) - Created pipeline Pipeline[ Id: 0bd7a3ea-22b5-4995-9fdd-303d6c0428dd, Nodes: c5d53031-865d-4491-9cd3-c718532e281c{ip: 192.168.34.5, host: pr-hdds-1569-j4bt4-3030777008, networkLocation: /default-rack, certSerialId: null}, Type:RATIS, Factor:ONE, State:OPEN]
2019-09-19 09:56:55,552 [pool-78-thread-1] INFO  rpc.RpcClient (RpcClient.java:createVolume(293)) - Creating Volume: vol-0-32333, with jenkins1000 as owner.
2019-09-19 09:56:55,556 [grpc-default-executor-0] INFO  impl.RaftServerProxy (RaftServerProxy.java:addNew(89)) - 4490b81b-0ef7-4125-ad05-765de4ccf1d4: addNew group-417A8C725C70:[4490b81b-0ef7-4125-ad05-765de4ccf1d4:192.168.34.5:38735] returns group-417A8C725C70:java.util.concurrent.CompletableFuture@a38b3fb[Not completed]
2019-09-19 09:56:55,558 [pool-27-thread-1] INFO  impl.RaftServerImpl (RaftServerImpl.java:<init>(93)) - 4490b81b-0ef7-4125-ad05-765de4ccf1d4: new RaftServerImpl for group-417A8C725C70:[4490b81b-0ef7-4125-ad05-765de4ccf1d4:192.168.34.5:38735] with ContainerStateMachine:uninitialized
2019-09-19 09:56:55,558 [pool-27-thread-1] INFO  server.RaftServerConfigKeys (ConfUtils.java:logGet(43)) - raft.server.rpc.timeout.min = 5s (custom)
2019-09-19 09:56:55,558 [pool-27-thread-1] INFO  server.RaftServerConfigKeys (ConfUtils.java:logGet(43)) - raft.server.rpc.timeout.max = 5200ms (custom)
2019-09-19 09:56:55,558 [pool-27-thread-1] INFO  server.RaftServerConfigKeys (ConfUtils.java:logGet(43)) - raft.server.rpcslowness.timeout = 120s (custom)
2019-09-19 09:56:55,558 [pool-27-thread-1] INFO  server.RaftServerConfigKeys (ConfUtils.java:logGet(43)) - raft.server.sleep.deviation.threshold = 300 (default)
2019-09-19 09:56:55,559 [pool-27-thread-1] INFO  server.RaftServerConfigKeys (ConfUtils.java:logGet(43)) - raft.server.log.appender.install.snapshot.enabled = false (custom)
2019-09-19 09:56:55,559 [pool-27-thread-1] INFO  impl.RaftServerImpl (ServerState.java:<init>(105)) - 4490b81b-0ef7-4125-ad05-765de4ccf1d4:group-417A8C725C70 ConfigurationManager, init=-1: [4490b81b-0ef7-4125-ad05-765de4ccf1d4:192.168.34.5:38735], old=null, confs=<EMPTY_MAP>
2019-09-19 09:56:55,559 [pool-27-thread-1] INFO  server.RaftServerConfigKeys (ConfUtils.java:logGet(43)) - raft.server.storage.dir = [/workdir/hadoop-ozone/tools/target/test-dir/MiniOzoneClusterImpl-3225c09c-430a-4478-b047-7eb735aebfb5/datanode-0/data/ratis] (custom)
2019-09-19 09:56:55,560 [pool-27-thread-1] INFO  storage.RaftStorageDirectory (RaftStorageDirectory.java:analyzeStorage(246)) - The storage directory /workdir/hadoop-ozone/tools/target/test-dir/MiniOzoneClusterImpl-3225c09c-430a-4478-b047-7eb735aebfb5/datanode-0/data/ratis/d3d04644-d49c-4610-88a5-417a8c725c70 does not exist. Creating ...
2019-09-19 09:56:55,572 [pool-27-thread-1] INFO  storage.RaftStorageDirectory (RaftStorageDirectory.java:tryLock(328)) - Lock on /workdir/hadoop-ozone/tools/target/test-dir/MiniOzoneClusterImpl-3225c09c-430a-4478-b047-7eb735aebfb5/datanode-0/data/ratis/d3d04644-d49c-4610-88a5-417a8c725c70/in_use.lock acquired by nodename 18075@pr-hdds-1569-j4bt4-3030777008
2019-09-19 09:56:55,582 | INFO  | OMAudit | user=jenkins1000 | ip=127.0.0.1 | op=CREATE_VOLUME {admin=jenkins1000, owner=jenkins1000, volume=vol-0-32333, creationTime=1568887015576, quotaInBytes=1152921504606846976} | ret=SUCCESS |  
2019-09-19 09:56:55,587 [pool-27-thread-1] INFO  storage.RaftStorage (RaftStorage.java:format(72)) - Storage directory /workdir/hadoop-ozone/tools/target/test-dir/MiniOzoneClusterImpl-3225c09c-430a-4478-b047-7eb735aebfb5/datanode-0/data/ratis/d3d04644-d49c-4610-88a5-417a8c725c70 has been successfully formatted.
2019-09-19 09:56:55,587 [pool-27-thread-1] INFO  ratis.ContainerStateMachine (ContainerStateMachine.java:loadSnapshot(226)) - group-417A8C725C70: The snapshot info is null. Setting the last applied indexto:(t:0, i:~)
2019-09-19 09:56:55,587 [pool-27-thread-1] INFO  server.RaftServerConfigKeys (ConfUtils.java:logGet(43)) - raft.server.leader.election.timeout = 120s (custom)
2019-09-19 09:56:55,588 [pool-27-thread-1] INFO  server.RaftServerConfigKeys (ConfUtils.java:logGet(43)) - raft.server.log.use.memory = false (default)
2019-09-19 09:56:55,588 [pool-27-thread-1] INFO  server.RaftServerConfigKeys (ConfUtils.java:logGet(43)) - raft.server.log.purge.gap = 1000000 (custom)
2019-09-19 09:56:55,588 [pool-27-thread-1] INFO  server.RaftServerConfigKeys (ConfUtils.java:logGet(43)) - raft.server.log.appender.buffer.byte-limit = 33554432 (custom)
2019-09-19 09:56:55,589 [pool-27-thread-1] INFO  server.RaftServerConfigKeys (ConfUtils.java:logGet(43)) - raft.server.log.segment.size.max = 1048576 (custom)
2019-09-19 09:56:55,589 [pool-27-thread-1] INFO  server.RaftServerConfigKeys (ConfUtils.java:logGet(43)) - raft.server.log.segment.cache.num.max = 2 (custom)
2019-09-19 09:56:55,589 [pool-27-thread-1] INFO  segmented.SegmentedRaftLogWorker (SegmentedRaftLogWorker.java:<init>(172)) - new 4490b81b-0ef7-4125-ad05-765de4ccf1d4-SegmentedRaftLogWorker:Storage Directory /workdir/hadoop-ozone/tools/target/test-dir/MiniOzoneClusterImpl-3225c09c-430a-4478-b047-7eb735aebfb5/datanode-0/data/ratis/d3d04644-d49c-4610-88a5-417a8c725c70 for RaftStorage:Storage Directory /workdir/hadoop-ozone/tools/target/test-dir/MiniOzoneClusterImpl-3225c09c-430a-4478-b047-7eb735aebfb5/datanode-0/data/ratis/d3d04644-d49c-4610-88a5-417a8c725c70
2019-09-19 09:56:55,590 [pool-27-thread-1] INFO  server.RaftServerConfigKeys (ConfUtils.java:logGet(43)) - raft.server.log.queue.byte-limit = 2147483647 (custom)
2019-09-19 09:56:55,590 [pool-27-thread-1] INFO  server.RaftServerConfigKeys (ConfUtils.java:logGet(43)) - raft.server.log.queue.element-limit = 1024 (custom)
2019-09-19 09:56:55,590 [pool-27-thread-1] INFO  server.RaftServerConfigKeys (ConfUtils.java:logGet(43)) - raft.server.log.segment.size.max = 1048576 (custom)
2019-09-19 09:56:55,590 [pool-27-thread-1] INFO  server.RaftServerConfigKeys (ConfUtils.java:logGet(43)) - raft.server.log.preallocated.size = 16384 (custom)
2019-09-19 09:56:55,592 [pool-27-thread-1] INFO  server.RaftServerConfigKeys (ConfUtils.java:logGet(43)) - raft.server.log.write.buffer.size = 33554432 (custom)
2019-09-19 09:56:55,592 [pool-27-thread-1] INFO  server.RaftServerConfigKeys (ConfUtils.java:logGet(43)) - raft.server.log.force.sync.num = 128 (default)
2019-09-19 09:56:55,592 [pool-27-thread-1] INFO  server.RaftServerConfigKeys (ConfUtils.java:logGet(43)) - raft.server.log.statemachine.data.sync = true (default)
2019-09-19 09:56:55,592 [pool-27-thread-1] INFO  server.RaftServerConfigKeys (ConfUtils.java:logGet(43)) - raft.server.log.statemachine.data.sync.timeout = 10s (default)
2019-09-19 09:56:55,593 [pool-27-thread-1] INFO  server.RaftServerConfigKeys (ConfUtils.java:logGet(43)) - raft.server.log.statemachine.data.sync.timeout.retry = -1 (default)
2019-09-19 09:56:55,593 [pool-27-thread-1] INFO  server.RaftServerConfigKeys (ConfUtils.java:logGet(43)) - raft.server.log.statemachine.data.caching.enabled = true (custom)
2019-09-19 09:56:55,593 [pool-27-thread-1] INFO  segmented.SegmentedRaftLogWorker (SegmentedRaftLogWorker.java:lambda$new$0(132)) - 4490b81b-0ef7-4125-ad05-765de4ccf1d4-SegmentedRaftLogWorker:Storage Directory /workdir/hadoop-ozone/tools/target/test-dir/MiniOzoneClusterImpl-3225c09c-430a-4478-b047-7eb735aebfb5/datanode-0/data/ratis/d3d04644-d49c-4610-88a5-417a8c725c70: flushIndex: setUnconditionally 0 -> -1
2019-09-19 09:56:55,594 [pool-27-thread-1] INFO  server.RaftServerConfigKeys (ConfUtils.java:logGet(43)) - raft.server.snapshot.auto.trigger.enabled = true (custom)
2019-09-19 09:56:55,594 [pool-27-thread-1] INFO  server.RaftServerConfigKeys (ConfUtils.java:logGet(43)) - raft.server.snapshot.auto.trigger.threshold = 10000 (custom)
2019-09-19 09:56:55,595 [pool-27-thread-1] INFO  server.RaftServerConfigKeys (ConfUtils.java:logGet(43)) - raft.server.retrycache.expirytime = 600000ms (custom)
2019-09-19 09:56:55,595 | INFO  | OMAudit | user=jenkins1000 | ip=127.0.0.1 | op=READ_VOLUME {volume=vol-0-32333} | ret=SUCCESS |  
2019-09-19 09:56:55,596 [pool-27-thread-1] INFO  impl.RaftServerImpl (RaftServerImpl.java:start(180)) - 4490b81b-0ef7-4125-ad05-765de4ccf1d4: start group-417A8C725C70
2019-09-19 09:56:55,596 [pool-27-thread-1] INFO  impl.RaftServerImpl (RaftServerImpl.java:setRole(171)) - 4490b81b-0ef7-4125-ad05-765de4ccf1d4:group-417A8C725C70 changes role from null to FOLLOWER at term 0 for startAsFollower
2019-09-19 09:56:55,596 [pool-27-thread-1] INFO  impl.RoleInfo (RoleInfo.java:updateAndGet(143)) - 4490b81b-0ef7-4125-ad05-765de4ccf1d4: start FollowerState
2019-09-19 09:56:55,597 [pool-27-thread-1] INFO  util.JmxRegister (JmxRegister.java:tryRegister(44)) - Successfully registered JMX Bean with object name Ratis:service=RaftServer,group=group-417A8C725C70,id=4490b81b-0ef7-4125-ad05-765de4ccf1d4
2019-09-19 09:56:55,605 [RatisPipelineUtilsThread] INFO  pipeline.PipelineStateManager (PipelineStateManager.java:addPipeline(56)) - Created pipeline Pipeline[ Id: d3d04644-d49c-4610-88a5-417a8c725c70, Nodes: 4490b81b-0ef7-4125-ad05-765de4ccf1d4{ip: 192.168.34.5, host: pr-hdds-1569-j4bt4-3030777008, networkLocation: /default-rack, certSerialId: null}, Type:RATIS, Factor:ONE, State:OPEN]
2019-09-19 09:56:55,618 [pool-78-thread-2] INFO  rpc.RpcClient (RpcClient.java:createBucket(432)) - Creating Bucket: vol-0-32333/bucket-0-34160, with Versioning false and Storage Type set to DISK and Encryption set to false 
2019-09-19 09:56:55,628 [grpc-default-executor-0] INFO  impl.RaftServerProxy (RaftServerProxy.java:addNew(89)) - 39b9d8f1-cc47-4624-b4ed-3b44777a4379: addNew group-44950BF882BE:[39b9d8f1-cc47-4624-b4ed-3b44777a4379:192.168.34.5:45684] returns group-44950BF882BE:java.util.concurrent.CompletableFuture@22004905[Not completed]
2019-09-19 09:56:55,630 [pool-38-thread-1] INFO  impl.RaftServerImpl (RaftServerImpl.java:<init>(93)) - 39b9d8f1-cc47-4624-b4ed-3b44777a4379: new RaftServerImpl for group-44950BF882BE:[39b9d8f1-cc47-4624-b4ed-3b44777a4379:192.168.34.5:45684] with ContainerStateMachine:uninitialized
2019-09-19 09:56:55,630 [pool-38-thread-1] INFO  server.RaftServerConfigKeys (ConfUtils.java:logGet(43)) - raft.server.rpc.timeout.min = 5s (custom)
2019-09-19 09:56:55,630 [pool-38-thread-1] INFO  server.RaftServerConfigKeys (ConfUtils.java:logGet(43)) - raft.server.rpc.timeout.max = 5200ms (custom)
2019-09-19 09:56:55,631 [pool-38-thread-1] INFO  server.RaftServerConfigKeys (ConfUtils.java:logGet(43)) - raft.server.rpcslowness.timeout = 120s (custom)
2019-09-19 09:56:55,631 [pool-38-thread-1] INFO  server.RaftServerConfigKeys (ConfUtils.java:logGet(43)) - raft.server.sleep.deviation.threshold = 300 (default)
2019-09-19 09:56:55,631 [pool-38-thread-1] INFO  server.RaftServerConfigKeys (ConfUtils.java:logGet(43)) - raft.server.log.appender.install.snapshot.enabled = false (custom)
2019-09-19 09:56:55,631 [pool-38-thread-1] INFO  impl.RaftServerImpl (ServerState.java:<init>(105)) - 39b9d8f1-cc47-4624-b4ed-3b44777a4379:group-44950BF882BE ConfigurationManager, init=-1: [39b9d8f1-cc47-4624-b4ed-3b44777a4379:192.168.34.5:45684], old=null, confs=<EMPTY_MAP>
2019-09-19 09:56:55,632 [pool-38-thread-1] INFO  server.RaftServerConfigKeys (ConfUtils.java:logGet(43)) - raft.server.storage.dir = [/workdir/hadoop-ozone/tools/target/test-dir/MiniOzoneClusterImpl-3225c09c-430a-4478-b047-7eb735aebfb5/datanode-1/data/ratis] (custom)
2019-09-19 09:56:55,632 [pool-38-thread-1] INFO  storage.RaftStorageDirectory (RaftStorageDirectory.java:analyzeStorage(246)) - The storage directory /workdir/hadoop-ozone/tools/target/test-dir/MiniOzoneClusterImpl-3225c09c-430a-4478-b047-7eb735aebfb5/datanode-1/data/ratis/5ebc9ffc-33b7-4c77-aec3-44950bf882be does not exist. Creating ...
2019-09-19 09:56:55,645 [pool-38-thread-1] INFO  storage.RaftStorageDirectory (RaftStorageDirectory.java:tryLock(328)) - Lock on /workdir/hadoop-ozone/tools/target/test-dir/MiniOzoneClusterImpl-3225c09c-430a-4478-b047-7eb735aebfb5/datanode-1/data/ratis/5ebc9ffc-33b7-4c77-aec3-44950bf882be/in_use.lock acquired by nodename 18075@pr-hdds-1569-j4bt4-3030777008
2019-09-19 09:56:55,646 | INFO  | OMAudit | user=jenkins1000 | ip=127.0.0.1 | op=CREATE_BUCKET {volume=vol-0-32333, bucket=bucket-0-34160, acls=[user:jenkins1000:a[ACCESS], group:default:a[ACCESS]], isVersionEnabled=false, storageType=DISK, creationTime=0} | ret=SUCCESS |  
2019-09-19 09:56:55,654 | INFO  | OMAudit | user=jenkins1000 | ip=127.0.0.1 | op=READ_BUCKET {volume=vol-0-32333, bucket=bucket-0-34160} | ret=SUCCESS |  
2019-09-19 09:56:55,657 [pool-38-thread-1] INFO  storage.RaftStorage (RaftStorage.java:format(72)) - Storage directory /workdir/hadoop-ozone/tools/target/test-dir/MiniOzoneClusterImpl-3225c09c-430a-4478-b047-7eb735aebfb5/datanode-1/data/ratis/5ebc9ffc-33b7-4c77-aec3-44950bf882be has been successfully formatted.
2019-09-19 09:56:55,658 [pool-38-thread-1] INFO  ratis.ContainerStateMachine (ContainerStateMachine.java:loadSnapshot(226)) - group-44950BF882BE: The snapshot info is null. Setting the last applied indexto:(t:0, i:~)
2019-09-19 09:56:55,658 [pool-38-thread-1] INFO  server.RaftServerConfigKeys (ConfUtils.java:logGet(43)) - raft.server.leader.election.timeout = 120s (custom)
2019-09-19 09:56:55,658 [pool-38-thread-1] INFO  server.RaftServerConfigKeys (ConfUtils.java:logGet(43)) - raft.server.log.use.memory = false (default)
2019-09-19 09:56:55,658 [pool-38-thread-1] INFO  server.RaftServerConfigKeys (ConfUtils.java:logGet(43)) - raft.server.log.purge.gap = 1000000 (custom)
2019-09-19 09:56:55,659 [pool-38-thread-1] INFO  server.RaftServerConfigKeys (ConfUtils.java:logGet(43)) - raft.server.log.appender.buffer.byte-limit = 33554432 (custom)
2019-09-19 09:56:55,659 [pool-38-thread-1] INFO  server.RaftServerConfigKeys (ConfUtils.java:logGet(43)) - raft.server.log.segment.size.max = 1048576 (custom)
2019-09-19 09:56:55,659 [pool-38-thread-1] INFO  server.RaftServerConfigKeys (ConfUtils.java:logGet(43)) - raft.server.log.segment.cache.num.max = 2 (custom)
2019-09-19 09:56:55,659 [pool-38-thread-1] INFO  segmented.SegmentedRaftLogWorker (SegmentedRaftLogWorker.java:<init>(172)) - new 39b9d8f1-cc47-4624-b4ed-3b44777a4379-SegmentedRaftLogWorker:Storage Directory /workdir/hadoop-ozone/tools/target/test-dir/MiniOzoneClusterImpl-3225c09c-430a-4478-b047-7eb735aebfb5/datanode-1/data/ratis/5ebc9ffc-33b7-4c77-aec3-44950bf882be for RaftStorage:Storage Directory /workdir/hadoop-ozone/tools/target/test-dir/MiniOzoneClusterImpl-3225c09c-430a-4478-b047-7eb735aebfb5/datanode-1/data/ratis/5ebc9ffc-33b7-4c77-aec3-44950bf882be
2019-09-19 09:56:55,659 [pool-38-thread-1] INFO  server.RaftServerConfigKeys (ConfUtils.java:logGet(43)) - raft.server.log.queue.byte-limit = 2147483647 (custom)
2019-09-19 09:56:55,659 [pool-38-thread-1] INFO  server.RaftServerConfigKeys (ConfUtils.java:logGet(43)) - raft.server.log.queue.element-limit = 1024 (custom)
2019-09-19 09:56:55,660 [pool-38-thread-1] INFO  server.RaftServerConfigKeys (ConfUtils.java:logGet(43)) - raft.server.log.segment.size.max = 1048576 (custom)
2019-09-19 09:56:55,660 [pool-38-thread-1] INFO  server.RaftServerConfigKeys (ConfUtils.java:logGet(43)) - raft.server.log.preallocated.size = 16384 (custom)
2019-09-19 09:56:55,660 [pool-38-thread-1] INFO  server.RaftServerConfigKeys (ConfUtils.java:logGet(43)) - raft.server.log.write.buffer.size = 33554432 (custom)
2019-09-19 09:56:55,660 [pool-38-thread-1] INFO  server.RaftServerConfigKeys (ConfUtils.java:logGet(43)) - raft.server.log.force.sync.num = 128 (default)
2019-09-19 09:56:55,660 [pool-38-thread-1] INFO  server.RaftServerConfigKeys (ConfUtils.java:logGet(43)) - raft.server.log.statemachine.data.sync = true (default)
2019-09-19 09:56:55,660 [pool-38-thread-1] INFO  server.RaftServerConfigKeys (ConfUtils.java:logGet(43)) - raft.server.log.statemachine.data.sync.timeout = 10s (default)
2019-09-19 09:56:55,661 [pool-38-thread-1] INFO  server.RaftServerConfigKeys (ConfUtils.java:logGet(43)) - raft.server.log.statemachine.data.sync.timeout.retry = -1 (default)
2019-09-19 09:56:55,661 [pool-38-thread-1] INFO  server.RaftServerConfigKeys (ConfUtils.java:logGet(43)) - raft.server.log.statemachine.data.caching.enabled = true (custom)
2019-09-19 09:56:55,661 [pool-38-thread-1] INFO  segmented.SegmentedRaftLogWorker (SegmentedRaftLogWorker.java:lambda$new$0(132)) - 39b9d8f1-cc47-4624-b4ed-3b44777a4379-SegmentedRaftLogWorker:Storage Directory /workdir/hadoop-ozone/tools/target/test-dir/MiniOzoneClusterImpl-3225c09c-430a-4478-b047-7eb735aebfb5/datanode-1/data/ratis/5ebc9ffc-33b7-4c77-aec3-44950bf882be: flushIndex: setUnconditionally 0 -> -1
2019-09-19 09:56:55,662 [pool-38-thread-1] INFO  server.RaftServerConfigKeys (ConfUtils.java:logGet(43)) - raft.server.snapshot.auto.trigger.enabled = true (custom)
2019-09-19 09:56:55,662 [pool-38-thread-1] INFO  server.RaftServerConfigKeys (ConfUtils.java:logGet(43)) - raft.server.snapshot.auto.trigger.threshold = 10000 (custom)
2019-09-19 09:56:55,662 [pool-38-thread-1] INFO  server.RaftServerConfigKeys (ConfUtils.java:logGet(43)) - raft.server.retrycache.expirytime = 600000ms (custom)
2019-09-19 09:56:55,662 [pool-38-thread-1] INFO  impl.RaftServerImpl (RaftServerImpl.java:start(180)) - 39b9d8f1-cc47-4624-b4ed-3b44777a4379: start group-44950BF882BE
2019-09-19 09:56:55,663 [pool-38-thread-1] INFO  impl.RaftServerImpl (RaftServerImpl.java:setRole(171)) - 39b9d8f1-cc47-4624-b4ed-3b44777a4379:group-44950BF882BE changes role from null to FOLLOWER at term 0 for startAsFollower
2019-09-19 09:56:55,663 [pool-38-thread-1] INFO  impl.RoleInfo (RoleInfo.java:updateAndGet(143)) - 39b9d8f1-cc47-4624-b4ed-3b44777a4379: start FollowerState
2019-09-19 09:56:55,667 [pool-38-thread-1] INFO  util.JmxRegister (JmxRegister.java:tryRegister(44)) - Successfully registered JMX Bean with object name Ratis:service=RaftServer,group=group-44950BF882BE,id=39b9d8f1-cc47-4624-b4ed-3b44777a4379
2019-09-19 09:56:55,681 [RatisPipelineUtilsThread] INFO  pipeline.PipelineStateManager (PipelineStateManager.java:addPipeline(56)) - Created pipeline Pipeline[ Id: 5ebc9ffc-33b7-4c77-aec3-44950bf882be, Nodes: 39b9d8f1-cc47-4624-b4ed-3b44777a4379{ip: 192.168.34.5, host: pr-hdds-1569-j4bt4-3030777008, networkLocation: /default-rack, certSerialId: null}, Type:RATIS, Factor:ONE, State:OPEN]
2019-09-19 09:56:55,704 [grpc-default-executor-0] INFO  impl.RaftServerProxy (RaftServerProxy.java:addNew(89)) - 39b9d8f1-cc47-4624-b4ed-3b44777a4379: addNew group-AED383DB0AD6:[39b9d8f1-cc47-4624-b4ed-3b44777a4379:192.168.34.5:45684] returns group-AED383DB0AD6:java.util.concurrent.CompletableFuture@48723eba[Not completed]
2019-09-19 09:56:55,707 [pool-38-thread-1] INFO  impl.RaftServerImpl (RaftServerImpl.java:<init>(93)) - 39b9d8f1-cc47-4624-b4ed-3b44777a4379: new RaftServerImpl for group-AED383DB0AD6:[39b9d8f1-cc47-4624-b4ed-3b44777a4379:192.168.34.5:45684] with ContainerStateMachine:uninitialized
2019-09-19 09:56:55,707 [pool-38-thread-1] INFO  server.RaftServerConfigKeys (ConfUtils.java:logGet(43)) - raft.server.rpc.timeout.min = 5s (custom)
2019-09-19 09:56:55,707 [pool-38-thread-1] INFO  server.RaftServerConfigKeys (ConfUtils.java:logGet(43)) - raft.server.rpc.timeout.max = 5200ms (custom)
2019-09-19 09:56:55,707 [pool-38-thread-1] INFO  server.RaftServerConfigKeys (ConfUtils.java:logGet(43)) - raft.server.rpcslowness.timeout = 120s (custom)
2019-09-19 09:56:55,707 [pool-38-thread-1] INFO  server.RaftServerConfigKeys (ConfUtils.java:logGet(43)) - raft.server.sleep.deviation.threshold = 300 (default)
2019-09-19 09:56:55,707 [pool-38-thread-1] INFO  server.RaftServerConfigKeys (ConfUtils.java:logGet(43)) - raft.server.log.appender.install.snapshot.enabled = false (custom)
2019-09-19 09:56:55,708 [pool-38-thread-1] INFO  impl.RaftServerImpl (ServerState.java:<init>(105)) - 39b9d8f1-cc47-4624-b4ed-3b44777a4379:group-AED383DB0AD6 ConfigurationManager, init=-1: [39b9d8f1-cc47-4624-b4ed-3b44777a4379:192.168.34.5:45684], old=null, confs=<EMPTY_MAP>
2019-09-19 09:56:55,708 [pool-38-thread-1] INFO  server.RaftServerConfigKeys (ConfUtils.java:logGet(43)) - raft.server.storage.dir = [/workdir/hadoop-ozone/tools/target/test-dir/MiniOzoneClusterImpl-3225c09c-430a-4478-b047-7eb735aebfb5/datanode-1/data/ratis] (custom)
2019-09-19 09:56:55,708 [pool-38-thread-1] INFO  storage.RaftStorageDirectory (RaftStorageDirectory.java:analyzeStorage(246)) - The storage directory /workdir/hadoop-ozone/tools/target/test-dir/MiniOzoneClusterImpl-3225c09c-430a-4478-b047-7eb735aebfb5/datanode-1/data/ratis/6a44ab20-c439-411e-b087-aed383db0ad6 does not exist. Creating ...
2019-09-19 09:56:55,721 [pool-38-thread-1] INFO  storage.RaftStorageDirectory (RaftStorageDirectory.java:tryLock(328)) - Lock on /workdir/hadoop-ozone/tools/target/test-dir/MiniOzoneClusterImpl-3225c09c-430a-4478-b047-7eb735aebfb5/datanode-1/data/ratis/6a44ab20-c439-411e-b087-aed383db0ad6/in_use.lock acquired by nodename 18075@pr-hdds-1569-j4bt4-3030777008
2019-09-19 09:56:55,735 [pool-38-thread-1] INFO  storage.RaftStorage (RaftStorage.java:format(72)) - Storage directory /workdir/hadoop-ozone/tools/target/test-dir/MiniOzoneClusterImpl-3225c09c-430a-4478-b047-7eb735aebfb5/datanode-1/data/ratis/6a44ab20-c439-411e-b087-aed383db0ad6 has been successfully formatted.
2019-09-19 09:56:55,735 [pool-38-thread-1] INFO  ratis.ContainerStateMachine (ContainerStateMachine.java:loadSnapshot(226)) - group-AED383DB0AD6: The snapshot info is null. Setting the last applied indexto:(t:0, i:~)
2019-09-19 09:56:55,735 [pool-38-thread-1] INFO  server.RaftServerConfigKeys (ConfUtils.java:logGet(43)) - raft.server.leader.election.timeout = 120s (custom)
2019-09-19 09:56:55,735 [pool-38-thread-1] INFO  server.RaftServerConfigKeys (ConfUtils.java:logGet(43)) - raft.server.log.use.memory = false (default)
2019-09-19 09:56:55,736 [pool-38-thread-1] INFO  server.RaftServerConfigKeys (ConfUtils.java:logGet(43)) - raft.server.log.purge.gap = 1000000 (custom)
2019-09-19 09:56:55,736 [pool-38-thread-1] INFO  server.RaftServerConfigKeys (ConfUtils.java:logGet(43)) - raft.server.log.appender.buffer.byte-limit = 33554432 (custom)
2019-09-19 09:56:55,736 [pool-38-thread-1] INFO  server.RaftServerConfigKeys (ConfUtils.java:logGet(43)) - raft.server.log.segment.size.max = 1048576 (custom)
2019-09-19 09:56:55,736 [pool-38-thread-1] INFO  server.RaftServerConfigKeys (ConfUtils.java:logGet(43)) - raft.server.log.segment.cache.num.max = 2 (custom)
2019-09-19 09:56:55,736 [pool-38-thread-1] INFO  segmented.SegmentedRaftLogWorker (SegmentedRaftLogWorker.java:<init>(172)) - new 39b9d8f1-cc47-4624-b4ed-3b44777a4379-SegmentedRaftLogWorker:Storage Directory /workdir/hadoop-ozone/tools/target/test-dir/MiniOzoneClusterImpl-3225c09c-430a-4478-b047-7eb735aebfb5/datanode-1/data/ratis/6a44ab20-c439-411e-b087-aed383db0ad6 for RaftStorage:Storage Directory /workdir/hadoop-ozone/tools/target/test-dir/MiniOzoneClusterImpl-3225c09c-430a-4478-b047-7eb735aebfb5/datanode-1/data/ratis/6a44ab20-c439-411e-b087-aed383db0ad6
2019-09-19 09:56:55,737 [pool-38-thread-1] INFO  server.RaftServerConfigKeys (ConfUtils.java:logGet(43)) - raft.server.log.queue.byte-limit = 2147483647 (custom)
2019-09-19 09:56:55,737 [pool-38-thread-1] INFO  server.RaftServerConfigKeys (ConfUtils.java:logGet(43)) - raft.server.log.queue.element-limit = 1024 (custom)
2019-09-19 09:56:55,737 [pool-38-thread-1] INFO  server.RaftServerConfigKeys (ConfUtils.java:logGet(43)) - raft.server.log.segment.size.max = 1048576 (custom)
2019-09-19 09:56:55,737 [pool-38-thread-1] INFO  server.RaftServerConfigKeys (ConfUtils.java:logGet(43)) - raft.server.log.preallocated.size = 16384 (custom)
2019-09-19 09:56:55,737 [pool-38-thread-1] INFO  server.RaftServerConfigKeys (ConfUtils.java:logGet(43)) - raft.server.log.write.buffer.size = 33554432 (custom)
2019-09-19 09:56:55,738 [pool-38-thread-1] INFO  server.RaftServerConfigKeys (ConfUtils.java:logGet(43)) - raft.server.log.force.sync.num = 128 (default)
2019-09-19 09:56:55,738 [pool-38-thread-1] INFO  server.RaftServerConfigKeys (ConfUtils.java:logGet(43)) - raft.server.log.statemachine.data.sync = true (default)
2019-09-19 09:56:55,738 [pool-38-thread-1] INFO  server.RaftServerConfigKeys (ConfUtils.java:logGet(43)) - raft.server.log.statemachine.data.sync.timeout = 10s (default)
2019-09-19 09:56:55,738 [pool-38-thread-1] INFO  server.RaftServerConfigKeys (ConfUtils.java:logGet(43)) - raft.server.log.statemachine.data.sync.timeout.retry = -1 (default)
2019-09-19 09:56:55,738 [pool-38-thread-1] INFO  server.RaftServerConfigKeys (ConfUtils.java:logGet(43)) - raft.server.log.statemachine.data.caching.enabled = true (custom)
2019-09-19 09:56:55,739 [pool-38-thread-1] INFO  segmented.SegmentedRaftLogWorker (SegmentedRaftLogWorker.java:lambda$new$0(132)) - 39b9d8f1-cc47-4624-b4ed-3b44777a4379-SegmentedRaftLogWorker:Storage Directory /workdir/hadoop-ozone/tools/target/test-dir/MiniOzoneClusterImpl-3225c09c-430a-4478-b047-7eb735aebfb5/datanode-1/data/ratis/6a44ab20-c439-411e-b087-aed383db0ad6: flushIndex: setUnconditionally 0 -> -1
2019-09-19 09:56:55,739 [pool-38-thread-1] INFO  server.RaftServerConfigKeys (ConfUtils.java:logGet(43)) - raft.server.snapshot.auto.trigger.enabled = true (custom)
2019-09-19 09:56:55,739 [pool-38-thread-1] INFO  server.RaftServerConfigKeys (ConfUtils.java:logGet(43)) - raft.server.snapshot.auto.trigger.threshold = 10000 (custom)
2019-09-19 09:56:55,740 [pool-38-thread-1] INFO  server.RaftServerConfigKeys (ConfUtils.java:logGet(43)) - raft.server.retrycache.expirytime = 600000ms (custom)
2019-09-19 09:56:55,740 [pool-38-thread-1] INFO  impl.RaftServerImpl (RaftServerImpl.java:start(180)) - 39b9d8f1-cc47-4624-b4ed-3b44777a4379: start group-AED383DB0AD6
2019-09-19 09:56:55,740 [pool-38-thread-1] INFO  impl.RaftServerImpl (RaftServerImpl.java:setRole(171)) - 39b9d8f1-cc47-4624-b4ed-3b44777a4379:group-AED383DB0AD6 changes role from null to FOLLOWER at term 0 for startAsFollower
2019-09-19 09:56:55,740 [pool-38-thread-1] INFO  impl.RoleInfo (RoleInfo.java:updateAndGet(143)) - 39b9d8f1-cc47-4624-b4ed-3b44777a4379: start FollowerState
2019-09-19 09:56:55,741 [pool-38-thread-1] INFO  util.JmxRegister (JmxRegister.java:tryRegister(44)) - Successfully registered JMX Bean with object name Ratis:service=RaftServer,group=group-AED383DB0AD6,id=39b9d8f1-cc47-4624-b4ed-3b44777a4379
2019-09-19 09:56:55,747 [RatisPipelineUtilsThread] INFO  pipeline.PipelineStateManager (PipelineStateManager.java:addPipeline(56)) - Created pipeline Pipeline[ Id: 6a44ab20-c439-411e-b087-aed383db0ad6, Nodes: 39b9d8f1-cc47-4624-b4ed-3b44777a4379{ip: 192.168.34.5, host: pr-hdds-1569-j4bt4-3030777008, networkLocation: /default-rack, certSerialId: null}, Type:RATIS, Factor:ONE, State:OPEN]
2019-09-19 09:56:55,759 [grpc-default-executor-0] INFO  impl.RaftServerProxy (RaftServerProxy.java:addNew(89)) - c5d53031-865d-4491-9cd3-c718532e281c: addNew group-9BB8D4F93D30:[c5d53031-865d-4491-9cd3-c718532e281c:192.168.34.5:38112] returns group-9BB8D4F93D30:java.util.concurrent.CompletableFuture@728fd883[Not completed]
2019-09-19 09:56:55,761 [pool-71-thread-1] INFO  impl.RaftServerImpl (RaftServerImpl.java:<init>(93)) - c5d53031-865d-4491-9cd3-c718532e281c: new RaftServerImpl for group-9BB8D4F93D30:[c5d53031-865d-4491-9cd3-c718532e281c:192.168.34.5:38112] with ContainerStateMachine:uninitialized
2019-09-19 09:56:55,761 [pool-71-thread-1] INFO  server.RaftServerConfigKeys (ConfUtils.java:logGet(43)) - raft.server.rpc.timeout.min = 5s (custom)
2019-09-19 09:56:55,761 [pool-71-thread-1] INFO  server.RaftServerConfigKeys (ConfUtils.java:logGet(43)) - raft.server.rpc.timeout.max = 5200ms (custom)
2019-09-19 09:56:55,762 [pool-71-thread-1] INFO  server.RaftServerConfigKeys (ConfUtils.java:logGet(43)) - raft.server.rpcslowness.timeout = 120s (custom)
2019-09-19 09:56:55,762 [pool-71-thread-1] INFO  server.RaftServerConfigKeys (ConfUtils.java:logGet(43)) - raft.server.sleep.deviation.threshold = 300 (default)
2019-09-19 09:56:55,762 [pool-71-thread-1] INFO  server.RaftServerConfigKeys (ConfUtils.java:logGet(43)) - raft.server.log.appender.install.snapshot.enabled = false (custom)
2019-09-19 09:56:55,762 [pool-71-thread-1] INFO  impl.RaftServerImpl (ServerState.java:<init>(105)) - c5d53031-865d-4491-9cd3-c718532e281c:group-9BB8D4F93D30 ConfigurationManager, init=-1: [c5d53031-865d-4491-9cd3-c718532e281c:192.168.34.5:38112], old=null, confs=<EMPTY_MAP>
2019-09-19 09:56:55,762 [pool-71-thread-1] INFO  server.RaftServerConfigKeys (ConfUtils.java:logGet(43)) - raft.server.storage.dir = [/workdir/hadoop-ozone/tools/target/test-dir/MiniOzoneClusterImpl-3225c09c-430a-4478-b047-7eb735aebfb5/datanode-4/data/ratis] (custom)
2019-09-19 09:56:55,763 [pool-71-thread-1] INFO  storage.RaftStorageDirectory (RaftStorageDirectory.java:analyzeStorage(246)) - The storage directory /workdir/hadoop-ozone/tools/target/test-dir/MiniOzoneClusterImpl-3225c09c-430a-4478-b047-7eb735aebfb5/datanode-4/data/ratis/76c2cb17-6bf6-47a1-8a99-9bb8d4f93d30 does not exist. Creating ...
2019-09-19 09:56:55,776 [pool-71-thread-1] INFO  storage.RaftStorageDirectory (RaftStorageDirectory.java:tryLock(328)) - Lock on /workdir/hadoop-ozone/tools/target/test-dir/MiniOzoneClusterImpl-3225c09c-430a-4478-b047-7eb735aebfb5/datanode-4/data/ratis/76c2cb17-6bf6-47a1-8a99-9bb8d4f93d30/in_use.lock acquired by nodename 18075@pr-hdds-1569-j4bt4-3030777008
2019-09-19 09:56:55,789 [pool-71-thread-1] INFO  storage.RaftStorage (RaftStorage.java:format(72)) - Storage directory /workdir/hadoop-ozone/tools/target/test-dir/MiniOzoneClusterImpl-3225c09c-430a-4478-b047-7eb735aebfb5/datanode-4/data/ratis/76c2cb17-6bf6-47a1-8a99-9bb8d4f93d30 has been successfully formatted.
2019-09-19 09:56:55,790 [pool-71-thread-1] INFO  ratis.ContainerStateMachine (ContainerStateMachine.java:loadSnapshot(226)) - group-9BB8D4F93D30: The snapshot info is null. Setting the last applied indexto:(t:0, i:~)
2019-09-19 09:56:55,790 [pool-71-thread-1] INFO  server.RaftServerConfigKeys (ConfUtils.java:logGet(43)) - raft.server.leader.election.timeout = 120s (custom)
2019-09-19 09:56:55,790 [pool-71-thread-1] INFO  server.RaftServerConfigKeys (ConfUtils.java:logGet(43)) - raft.server.log.use.memory = false (default)
2019-09-19 09:56:55,790 [pool-71-thread-1] INFO  server.RaftServerConfigKeys (ConfUtils.java:logGet(43)) - raft.server.log.purge.gap = 1000000 (custom)
2019-09-19 09:56:55,790 [pool-71-thread-1] INFO  server.RaftServerConfigKeys (ConfUtils.java:logGet(43)) - raft.server.log.appender.buffer.byte-limit = 33554432 (custom)
2019-09-19 09:56:55,791 [pool-71-thread-1] INFO  server.RaftServerConfigKeys (ConfUtils.java:logGet(43)) - raft.server.log.segment.size.max = 1048576 (custom)
2019-09-19 09:56:55,791 [pool-71-thread-1] INFO  server.RaftServerConfigKeys (ConfUtils.java:logGet(43)) - raft.server.log.segment.cache.num.max = 2 (custom)
2019-09-19 09:56:55,791 [pool-71-thread-1] INFO  segmented.SegmentedRaftLogWorker (SegmentedRaftLogWorker.java:<init>(172)) - new c5d53031-865d-4491-9cd3-c718532e281c-SegmentedRaftLogWorker:Storage Directory /workdir/hadoop-ozone/tools/target/test-dir/MiniOzoneClusterImpl-3225c09c-430a-4478-b047-7eb735aebfb5/datanode-4/data/ratis/76c2cb17-6bf6-47a1-8a99-9bb8d4f93d30 for RaftStorage:Storage Directory /workdir/hadoop-ozone/tools/target/test-dir/MiniOzoneClusterImpl-3225c09c-430a-4478-b047-7eb735aebfb5/datanode-4/data/ratis/76c2cb17-6bf6-47a1-8a99-9bb8d4f93d30
2019-09-19 09:56:55,791 [pool-71-thread-1] INFO  server.RaftServerConfigKeys (ConfUtils.java:logGet(43)) - raft.server.log.queue.byte-limit = 2147483647 (custom)
2019-09-19 09:56:55,791 [pool-71-thread-1] INFO  server.RaftServerConfigKeys (ConfUtils.java:logGet(43)) - raft.server.log.queue.element-limit = 1024 (custom)
2019-09-19 09:56:55,792 [pool-71-thread-1] INFO  server.RaftServerConfigKeys (ConfUtils.java:logGet(43)) - raft.server.log.segment.size.max = 1048576 (custom)
2019-09-19 09:56:55,792 [pool-71-thread-1] INFO  server.RaftServerConfigKeys (ConfUtils.java:logGet(43)) - raft.server.log.preallocated.size = 16384 (custom)
2019-09-19 09:56:55,792 [pool-71-thread-1] INFO  server.RaftServerConfigKeys (ConfUtils.java:logGet(43)) - raft.server.log.write.buffer.size = 33554432 (custom)
2019-09-19 09:56:55,792 [pool-71-thread-1] INFO  server.RaftServerConfigKeys (ConfUtils.java:logGet(43)) - raft.server.log.force.sync.num = 128 (default)
2019-09-19 09:56:55,792 [pool-71-thread-1] INFO  server.RaftServerConfigKeys (ConfUtils.java:logGet(43)) - raft.server.log.statemachine.data.sync = true (default)
2019-09-19 09:56:55,792 [pool-71-thread-1] INFO  server.RaftServerConfigKeys (ConfUtils.java:logGet(43)) - raft.server.log.statemachine.data.sync.timeout = 10s (default)
2019-09-19 09:56:55,793 [pool-71-thread-1] INFO  server.RaftServerConfigKeys (ConfUtils.java:logGet(43)) - raft.server.log.statemachine.data.sync.timeout.retry = -1 (default)
2019-09-19 09:56:55,793 [pool-71-thread-1] INFO  server.RaftServerConfigKeys (ConfUtils.java:logGet(43)) - raft.server.log.statemachine.data.caching.enabled = true (custom)
2019-09-19 09:56:55,793 [pool-71-thread-1] INFO  segmented.SegmentedRaftLogWorker (SegmentedRaftLogWorker.java:lambda$new$0(132)) - c5d53031-865d-4491-9cd3-c718532e281c-SegmentedRaftLogWorker:Storage Directory /workdir/hadoop-ozone/tools/target/test-dir/MiniOzoneClusterImpl-3225c09c-430a-4478-b047-7eb735aebfb5/datanode-4/data/ratis/76c2cb17-6bf6-47a1-8a99-9bb8d4f93d30: flushIndex: setUnconditionally 0 -> -1
2019-09-19 09:56:55,794 [pool-71-thread-1] INFO  server.RaftServerConfigKeys (ConfUtils.java:logGet(43)) - raft.server.snapshot.auto.trigger.enabled = true (custom)
2019-09-19 09:56:55,794 [pool-71-thread-1] INFO  server.RaftServerConfigKeys (ConfUtils.java:logGet(43)) - raft.server.snapshot.auto.trigger.threshold = 10000 (custom)
2019-09-19 09:56:55,794 [pool-71-thread-1] INFO  server.RaftServerConfigKeys (ConfUtils.java:logGet(43)) - raft.server.retrycache.expirytime = 600000ms (custom)
2019-09-19 09:56:55,794 [pool-71-thread-1] INFO  impl.RaftServerImpl (RaftServerImpl.java:start(180)) - c5d53031-865d-4491-9cd3-c718532e281c: start group-9BB8D4F93D30
2019-09-19 09:56:55,795 [pool-71-thread-1] INFO  impl.RaftServerImpl (RaftServerImpl.java:setRole(171)) - c5d53031-865d-4491-9cd3-c718532e281c:group-9BB8D4F93D30 changes role from null to FOLLOWER at term 0 for startAsFollower
2019-09-19 09:56:55,795 [pool-71-thread-1] INFO  impl.RoleInfo (RoleInfo.java:updateAndGet(143)) - c5d53031-865d-4491-9cd3-c718532e281c: start FollowerState
2019-09-19 09:56:55,795 [pool-71-thread-1] INFO  util.JmxRegister (JmxRegister.java:tryRegister(44)) - Successfully registered JMX Bean with object name Ratis:service=RaftServer,group=group-9BB8D4F93D30,id=c5d53031-865d-4491-9cd3-c718532e281c
2019-09-19 09:56:55,800 [RatisPipelineUtilsThread] INFO  pipeline.PipelineStateManager (PipelineStateManager.java:addPipeline(56)) - Created pipeline Pipeline[ Id: 76c2cb17-6bf6-47a1-8a99-9bb8d4f93d30, Nodes: c5d53031-865d-4491-9cd3-c718532e281c{ip: 192.168.34.5, host: pr-hdds-1569-j4bt4-3030777008, networkLocation: /default-rack, certSerialId: null}, Type:RATIS, Factor:ONE, State:OPEN]
2019-09-19 09:56:55,802 [RatisPipelineUtilsThread] ERROR pipeline.PipelinePlacementPolicy (PipelinePlacementPolicy.java:meetCriteria(91)) - Pipeline Placement: Doesn't meet the criteria to be viable node. Heaviness: 6
2019-09-19 09:56:55,812 [grpc-default-executor-0] INFO  impl.RaftServerProxy (RaftServerProxy.java:addNew(89)) - 19cf0631-d0d9-4f40-8587-54276d2ac576: addNew group-126F5A4F5EF7:[19cf0631-d0d9-4f40-8587-54276d2ac576:192.168.34.5:38304] returns group-126F5A4F5EF7:java.util.concurrent.CompletableFuture@7b0d9daf[Not completed]
2019-09-19 09:56:55,815 [pool-49-thread-1] INFO  impl.RaftServerImpl (RaftServerImpl.java:<init>(93)) - 19cf0631-d0d9-4f40-8587-54276d2ac576: new RaftServerImpl for group-126F5A4F5EF7:[19cf0631-d0d9-4f40-8587-54276d2ac576:192.168.34.5:38304] with ContainerStateMachine:uninitialized
2019-09-19 09:56:55,815 [pool-49-thread-1] INFO  server.RaftServerConfigKeys (ConfUtils.java:logGet(43)) - raft.server.rpc.timeout.min = 5s (custom)
2019-09-19 09:56:55,815 [pool-49-thread-1] INFO  server.RaftServerConfigKeys (ConfUtils.java:logGet(43)) - raft.server.rpc.timeout.max = 5200ms (custom)
2019-09-19 09:56:55,815 [pool-49-thread-1] INFO  server.RaftServerConfigKeys (ConfUtils.java:logGet(43)) - raft.server.rpcslowness.timeout = 120s (custom)
2019-09-19 09:56:55,815 [pool-49-thread-1] INFO  server.RaftServerConfigKeys (ConfUtils.java:logGet(43)) - raft.server.sleep.deviation.threshold = 300 (default)
2019-09-19 09:56:55,815 [pool-49-thread-1] INFO  server.RaftServerConfigKeys (ConfUtils.java:logGet(43)) - raft.server.log.appender.install.snapshot.enabled = false (custom)
2019-09-19 09:56:55,815 [pool-49-thread-1] INFO  impl.RaftServerImpl (ServerState.java:<init>(105)) - 19cf0631-d0d9-4f40-8587-54276d2ac576:group-126F5A4F5EF7 ConfigurationManager, init=-1: [19cf0631-d0d9-4f40-8587-54276d2ac576:192.168.34.5:38304], old=null, confs=<EMPTY_MAP>
2019-09-19 09:56:55,816 [pool-49-thread-1] INFO  server.RaftServerConfigKeys (ConfUtils.java:logGet(43)) - raft.server.storage.dir = [/workdir/hadoop-ozone/tools/target/test-dir/MiniOzoneClusterImpl-3225c09c-430a-4478-b047-7eb735aebfb5/datanode-2/data/ratis] (custom)
2019-09-19 09:56:55,816 [pool-49-thread-1] INFO  storage.RaftStorageDirectory (RaftStorageDirectory.java:analyzeStorage(246)) - The storage directory /workdir/hadoop-ozone/tools/target/test-dir/MiniOzoneClusterImpl-3225c09c-430a-4478-b047-7eb735aebfb5/datanode-2/data/ratis/e74bb7b5-76f0-4566-92ad-126f5a4f5ef7 does not exist. Creating ...
2019-09-19 09:56:55,829 [pool-49-thread-1] INFO  storage.RaftStorageDirectory (RaftStorageDirectory.java:tryLock(328)) - Lock on /workdir/hadoop-ozone/tools/target/test-dir/MiniOzoneClusterImpl-3225c09c-430a-4478-b047-7eb735aebfb5/datanode-2/data/ratis/e74bb7b5-76f0-4566-92ad-126f5a4f5ef7/in_use.lock acquired by nodename 18075@pr-hdds-1569-j4bt4-3030777008
2019-09-19 09:56:55,841 [pool-49-thread-1] INFO  storage.RaftStorage (RaftStorage.java:format(72)) - Storage directory /workdir/hadoop-ozone/tools/target/test-dir/MiniOzoneClusterImpl-3225c09c-430a-4478-b047-7eb735aebfb5/datanode-2/data/ratis/e74bb7b5-76f0-4566-92ad-126f5a4f5ef7 has been successfully formatted.
2019-09-19 09:56:55,842 [pool-49-thread-1] INFO  ratis.ContainerStateMachine (ContainerStateMachine.java:loadSnapshot(226)) - group-126F5A4F5EF7: The snapshot info is null. Setting the last applied indexto:(t:0, i:~)
2019-09-19 09:56:55,842 [pool-49-thread-1] INFO  server.RaftServerConfigKeys (ConfUtils.java:logGet(43)) - raft.server.leader.election.timeout = 120s (custom)
2019-09-19 09:56:55,842 [pool-49-thread-1] INFO  server.RaftServerConfigKeys (ConfUtils.java:logGet(43)) - raft.server.log.use.memory = false (default)
2019-09-19 09:56:55,842 [pool-49-thread-1] INFO  server.RaftServerConfigKeys (ConfUtils.java:logGet(43)) - raft.server.log.purge.gap = 1000000 (custom)
2019-09-19 09:56:55,842 [pool-49-thread-1] INFO  server.RaftServerConfigKeys (ConfUtils.java:logGet(43)) - raft.server.log.appender.buffer.byte-limit = 33554432 (custom)
2019-09-19 09:56:55,842 [pool-49-thread-1] INFO  server.RaftServerConfigKeys (ConfUtils.java:logGet(43)) - raft.server.log.segment.size.max = 1048576 (custom)
2019-09-19 09:56:55,843 [pool-49-thread-1] INFO  server.RaftServerConfigKeys (ConfUtils.java:logGet(43)) - raft.server.log.segment.cache.num.max = 2 (custom)
2019-09-19 09:56:55,843 [pool-49-thread-1] INFO  segmented.SegmentedRaftLogWorker (SegmentedRaftLogWorker.java:<init>(172)) - new 19cf0631-d0d9-4f40-8587-54276d2ac576-SegmentedRaftLogWorker:Storage Directory /workdir/hadoop-ozone/tools/target/test-dir/MiniOzoneClusterImpl-3225c09c-430a-4478-b047-7eb735aebfb5/datanode-2/data/ratis/e74bb7b5-76f0-4566-92ad-126f5a4f5ef7 for RaftStorage:Storage Directory /workdir/hadoop-ozone/tools/target/test-dir/MiniOzoneClusterImpl-3225c09c-430a-4478-b047-7eb735aebfb5/datanode-2/data/ratis/e74bb7b5-76f0-4566-92ad-126f5a4f5ef7
2019-09-19 09:56:55,843 [pool-49-thread-1] INFO  server.RaftServerConfigKeys (ConfUtils.java:logGet(43)) - raft.server.log.queue.byte-limit = 2147483647 (custom)
2019-09-19 09:56:55,843 [pool-49-thread-1] INFO  server.RaftServerConfigKeys (ConfUtils.java:logGet(43)) - raft.server.log.queue.element-limit = 1024 (custom)
2019-09-19 09:56:55,843 [pool-49-thread-1] INFO  server.RaftServerConfigKeys (ConfUtils.java:logGet(43)) - raft.server.log.segment.size.max = 1048576 (custom)
2019-09-19 09:56:55,843 [pool-49-thread-1] INFO  server.RaftServerConfigKeys (ConfUtils.java:logGet(43)) - raft.server.log.preallocated.size = 16384 (custom)
2019-09-19 09:56:55,844 [pool-49-thread-1] INFO  server.RaftServerConfigKeys (ConfUtils.java:logGet(43)) - raft.server.log.write.buffer.size = 33554432 (custom)
2019-09-19 09:56:55,844 [pool-49-thread-1] INFO  server.RaftServerConfigKeys (ConfUtils.java:logGet(43)) - raft.server.log.force.sync.num = 128 (default)
2019-09-19 09:56:55,844 [pool-49-thread-1] INFO  server.RaftServerConfigKeys (ConfUtils.java:logGet(43)) - raft.server.log.statemachine.data.sync = true (default)
2019-09-19 09:56:55,844 [pool-49-thread-1] INFO  server.RaftServerConfigKeys (ConfUtils.java:logGet(43)) - raft.server.log.statemachine.data.sync.timeout = 10s (default)
2019-09-19 09:56:55,844 [pool-49-thread-1] INFO  server.RaftServerConfigKeys (ConfUtils.java:logGet(43)) - raft.server.log.statemachine.data.sync.timeout.retry = -1 (default)
2019-09-19 09:56:55,844 [pool-49-thread-1] INFO  server.RaftServerConfigKeys (ConfUtils.java:logGet(43)) - raft.server.log.statemachine.data.caching.enabled = true (custom)
2019-09-19 09:56:55,845 [pool-49-thread-1] INFO  segmented.SegmentedRaftLogWorker (SegmentedRaftLogWorker.java:lambda$new$0(132)) - 19cf0631-d0d9-4f40-8587-54276d2ac576-SegmentedRaftLogWorker:Storage Directory /workdir/hadoop-ozone/tools/target/test-dir/MiniOzoneClusterImpl-3225c09c-430a-4478-b047-7eb735aebfb5/datanode-2/data/ratis/e74bb7b5-76f0-4566-92ad-126f5a4f5ef7: flushIndex: setUnconditionally 0 -> -1
2019-09-19 09:56:55,845 [pool-49-thread-1] INFO  server.RaftServerConfigKeys (ConfUtils.java:logGet(43)) - raft.server.snapshot.auto.trigger.enabled = true (custom)
2019-09-19 09:56:55,845 [pool-49-thread-1] INFO  server.RaftServerConfigKeys (ConfUtils.java:logGet(43)) - raft.server.snapshot.auto.trigger.threshold = 10000 (custom)
2019-09-19 09:56:55,845 [pool-49-thread-1] INFO  server.RaftServerConfigKeys (ConfUtils.java:logGet(43)) - raft.server.retrycache.expirytime = 600000ms (custom)
2019-09-19 09:56:55,846 [pool-49-thread-1] INFO  impl.RaftServerImpl (RaftServerImpl.java:start(180)) - 19cf0631-d0d9-4f40-8587-54276d2ac576: start group-126F5A4F5EF7
2019-09-19 09:56:55,846 [pool-49-thread-1] INFO  impl.RaftServerImpl (RaftServerImpl.java:setRole(171)) - 19cf0631-d0d9-4f40-8587-54276d2ac576:group-126F5A4F5EF7 changes role from null to FOLLOWER at term 0 for startAsFollower
2019-09-19 09:56:55,846 [pool-49-thread-1] INFO  impl.RoleInfo (RoleInfo.java:updateAndGet(143)) - 19cf0631-d0d9-4f40-8587-54276d2ac576: start FollowerState
2019-09-19 09:56:55,846 [pool-49-thread-1] INFO  util.JmxRegister (JmxRegister.java:tryRegister(44)) - Successfully registered JMX Bean with object name Ratis:service=RaftServer,group=group-126F5A4F5EF7,id=19cf0631-d0d9-4f40-8587-54276d2ac576
2019-09-19 09:56:55,851 [RatisPipelineUtilsThread] INFO  pipeline.PipelineStateManager (PipelineStateManager.java:addPipeline(56)) - Created pipeline Pipeline[ Id: e74bb7b5-76f0-4566-92ad-126f5a4f5ef7, Nodes: 19cf0631-d0d9-4f40-8587-54276d2ac576{ip: 192.168.34.5, host: pr-hdds-1569-j4bt4-3030777008, networkLocation: /default-rack, certSerialId: null}, Type:RATIS, Factor:ONE, State:OPEN]
2019-09-19 09:56:55,853 [RatisPipelineUtilsThread] ERROR pipeline.PipelinePlacementPolicy (PipelinePlacementPolicy.java:meetCriteria(91)) - Pipeline Placement: Doesn't meet the criteria to be viable node. Heaviness: 6
2019-09-19 09:56:55,863 [grpc-default-executor-0] INFO  impl.RaftServerProxy (RaftServerProxy.java:addNew(89)) - 39b9d8f1-cc47-4624-b4ed-3b44777a4379: addNew group-1742153CF6C3:[39b9d8f1-cc47-4624-b4ed-3b44777a4379:192.168.34.5:45684] returns group-1742153CF6C3:java.util.concurrent.CompletableFuture@1a1d02de[Not completed]
2019-09-19 09:56:55,865 [pool-38-thread-1] INFO  impl.RaftServerImpl (RaftServerImpl.java:<init>(93)) - 39b9d8f1-cc47-4624-b4ed-3b44777a4379: new RaftServerImpl for group-1742153CF6C3:[39b9d8f1-cc47-4624-b4ed-3b44777a4379:192.168.34.5:45684] with ContainerStateMachine:uninitialized
2019-09-19 09:56:55,866 [pool-38-thread-1] INFO  server.RaftServerConfigKeys (ConfUtils.java:logGet(43)) - raft.server.rpc.timeout.min = 5s (custom)
2019-09-19 09:56:55,866 [pool-38-thread-1] INFO  server.RaftServerConfigKeys (ConfUtils.java:logGet(43)) - raft.server.rpc.timeout.max = 5200ms (custom)
2019-09-19 09:56:55,866 [pool-38-thread-1] INFO  server.RaftServerConfigKeys (ConfUtils.java:logGet(43)) - raft.server.rpcslowness.timeout = 120s (custom)
2019-09-19 09:56:55,866 [pool-38-thread-1] INFO  server.RaftServerConfigKeys (ConfUtils.java:logGet(43)) - raft.server.sleep.deviation.threshold = 300 (default)
2019-09-19 09:56:55,866 [pool-38-thread-1] INFO  server.RaftServerConfigKeys (ConfUtils.java:logGet(43)) - raft.server.log.appender.install.snapshot.enabled = false (custom)
2019-09-19 09:56:55,866 [pool-38-thread-1] INFO  impl.RaftServerImpl (ServerState.java:<init>(105)) - 39b9d8f1-cc47-4624-b4ed-3b44777a4379:group-1742153CF6C3 ConfigurationManager, init=-1: [39b9d8f1-cc47-4624-b4ed-3b44777a4379:192.168.34.5:45684], old=null, confs=<EMPTY_MAP>
2019-09-19 09:56:55,867 [pool-38-thread-1] INFO  server.RaftServerConfigKeys (ConfUtils.java:logGet(43)) - raft.server.storage.dir = [/workdir/hadoop-ozone/tools/target/test-dir/MiniOzoneClusterImpl-3225c09c-430a-4478-b047-7eb735aebfb5/datanode-1/data/ratis] (custom)
2019-09-19 09:56:55,867 [pool-38-thread-1] INFO  storage.RaftStorageDirectory (RaftStorageDirectory.java:analyzeStorage(246)) - The storage directory /workdir/hadoop-ozone/tools/target/test-dir/MiniOzoneClusterImpl-3225c09c-430a-4478-b047-7eb735aebfb5/datanode-1/data/ratis/2a9307d4-bc98-47d1-ac74-1742153cf6c3 does not exist. Creating ...
2019-09-19 09:56:55,880 [pool-38-thread-1] INFO  storage.RaftStorageDirectory (RaftStorageDirectory.java:tryLock(328)) - Lock on /workdir/hadoop-ozone/tools/target/test-dir/MiniOzoneClusterImpl-3225c09c-430a-4478-b047-7eb735aebfb5/datanode-1/data/ratis/2a9307d4-bc98-47d1-ac74-1742153cf6c3/in_use.lock acquired by nodename 18075@pr-hdds-1569-j4bt4-3030777008
2019-09-19 09:56:55,893 [pool-38-thread-1] INFO  storage.RaftStorage (RaftStorage.java:format(72)) - Storage directory /workdir/hadoop-ozone/tools/target/test-dir/MiniOzoneClusterImpl-3225c09c-430a-4478-b047-7eb735aebfb5/datanode-1/data/ratis/2a9307d4-bc98-47d1-ac74-1742153cf6c3 has been successfully formatted.
2019-09-19 09:56:55,893 [pool-38-thread-1] INFO  ratis.ContainerStateMachine (ContainerStateMachine.java:loadSnapshot(226)) - group-1742153CF6C3: The snapshot info is null. Setting the last applied indexto:(t:0, i:~)
2019-09-19 09:56:55,894 [pool-38-thread-1] INFO  server.RaftServerConfigKeys (ConfUtils.java:logGet(43)) - raft.server.leader.election.timeout = 120s (custom)
2019-09-19 09:56:55,894 [pool-38-thread-1] INFO  server.RaftServerConfigKeys (ConfUtils.java:logGet(43)) - raft.server.log.use.memory = false (default)
2019-09-19 09:56:55,894 [pool-38-thread-1] INFO  server.RaftServerConfigKeys (ConfUtils.java:logGet(43)) - raft.server.log.purge.gap = 1000000 (custom)
2019-09-19 09:56:55,894 [pool-38-thread-1] INFO  server.RaftServerConfigKeys (ConfUtils.java:logGet(43)) - raft.server.log.appender.buffer.byte-limit = 33554432 (custom)
2019-09-19 09:56:55,894 [pool-38-thread-1] INFO  server.RaftServerConfigKeys (ConfUtils.java:logGet(43)) - raft.server.log.segment.size.max = 1048576 (custom)
2019-09-19 09:56:55,895 [pool-38-thread-1] INFO  server.RaftServerConfigKeys (ConfUtils.java:logGet(43)) - raft.server.log.segment.cache.num.max = 2 (custom)
2019-09-19 09:56:55,895 [pool-38-thread-1] INFO  segmented.SegmentedRaftLogWorker (SegmentedRaftLogWorker.java:<init>(172)) - new 39b9d8f1-cc47-4624-b4ed-3b44777a4379-SegmentedRaftLogWorker:Storage Directory /workdir/hadoop-ozone/tools/target/test-dir/MiniOzoneClusterImpl-3225c09c-430a-4478-b047-7eb735aebfb5/datanode-1/data/ratis/2a9307d4-bc98-47d1-ac74-1742153cf6c3 for RaftStorage:Storage Directory /workdir/hadoop-ozone/tools/target/test-dir/MiniOzoneClusterImpl-3225c09c-430a-4478-b047-7eb735aebfb5/datanode-1/data/ratis/2a9307d4-bc98-47d1-ac74-1742153cf6c3
2019-09-19 09:56:55,895 [pool-38-thread-1] INFO  server.RaftServerConfigKeys (ConfUtils.java:logGet(43)) - raft.server.log.queue.byte-limit = 2147483647 (custom)
2019-09-19 09:56:55,895 [pool-38-thread-1] INFO  server.RaftServerConfigKeys (ConfUtils.java:logGet(43)) - raft.server.log.queue.element-limit = 1024 (custom)
2019-09-19 09:56:55,895 [pool-38-thread-1] INFO  server.RaftServerConfigKeys (ConfUtils.java:logGet(43)) - raft.server.log.segment.size.max = 1048576 (custom)
2019-09-19 09:56:55,896 [pool-38-thread-1] INFO  server.RaftServerConfigKeys (ConfUtils.java:logGet(43)) - raft.server.log.preallocated.size = 16384 (custom)
2019-09-19 09:56:55,896 [pool-38-thread-1] INFO  server.RaftServerConfigKeys (ConfUtils.java:logGet(43)) - raft.server.log.write.buffer.size = 33554432 (custom)
2019-09-19 09:56:55,896 [pool-38-thread-1] INFO  server.RaftServerConfigKeys (ConfUtils.java:logGet(43)) - raft.server.log.force.sync.num = 128 (default)
2019-09-19 09:56:55,896 [pool-38-thread-1] INFO  server.RaftServerConfigKeys (ConfUtils.java:logGet(43)) - raft.server.log.statemachine.data.sync = true (default)
2019-09-19 09:56:55,896 [pool-38-thread-1] INFO  server.RaftServerConfigKeys (ConfUtils.java:logGet(43)) - raft.server.log.statemachine.data.sync.timeout = 10s (default)
2019-09-19 09:56:55,897 [pool-38-thread-1] INFO  server.RaftServerConfigKeys (ConfUtils.java:logGet(43)) - raft.server.log.statemachine.data.sync.timeout.retry = -1 (default)
2019-09-19 09:56:55,897 [pool-38-thread-1] INFO  server.RaftServerConfigKeys (ConfUtils.java:logGet(43)) - raft.server.log.statemachine.data.caching.enabled = true (custom)
2019-09-19 09:56:55,897 [pool-38-thread-1] INFO  segmented.SegmentedRaftLogWorker (SegmentedRaftLogWorker.java:lambda$new$0(132)) - 39b9d8f1-cc47-4624-b4ed-3b44777a4379-SegmentedRaftLogWorker:Storage Directory /workdir/hadoop-ozone/tools/target/test-dir/MiniOzoneClusterImpl-3225c09c-430a-4478-b047-7eb735aebfb5/datanode-1/data/ratis/2a9307d4-bc98-47d1-ac74-1742153cf6c3: flushIndex: setUnconditionally 0 -> -1
2019-09-19 09:56:55,898 [pool-38-thread-1] INFO  server.RaftServerConfigKeys (ConfUtils.java:logGet(43)) - raft.server.snapshot.auto.trigger.enabled = true (custom)
2019-09-19 09:56:55,898 [pool-38-thread-1] INFO  server.RaftServerConfigKeys (ConfUtils.java:logGet(43)) - raft.server.snapshot.auto.trigger.threshold = 10000 (custom)
2019-09-19 09:56:55,898 [pool-38-thread-1] INFO  server.RaftServerConfigKeys (ConfUtils.java:logGet(43)) - raft.server.retrycache.expirytime = 600000ms (custom)
2019-09-19 09:56:55,898 [pool-38-thread-1] INFO  impl.RaftServerImpl (RaftServerImpl.java:start(180)) - 39b9d8f1-cc47-4624-b4ed-3b44777a4379: start group-1742153CF6C3
2019-09-19 09:56:55,899 [pool-38-thread-1] INFO  impl.RaftServerImpl (RaftServerImpl.java:setRole(171)) - 39b9d8f1-cc47-4624-b4ed-3b44777a4379:group-1742153CF6C3 changes role from null to FOLLOWER at term 0 for startAsFollower
2019-09-19 09:56:55,899 [pool-38-thread-1] INFO  impl.RoleInfo (RoleInfo.java:updateAndGet(143)) - 39b9d8f1-cc47-4624-b4ed-3b44777a4379: start FollowerState
2019-09-19 09:56:55,899 [pool-38-thread-1] INFO  util.JmxRegister (JmxRegister.java:tryRegister(44)) - Successfully registered JMX Bean with object name Ratis:service=RaftServer,group=group-1742153CF6C3,id=39b9d8f1-cc47-4624-b4ed-3b44777a4379
2019-09-19 09:56:55,905 [RatisPipelineUtilsThread] INFO  pipeline.PipelineStateManager (PipelineStateManager.java:addPipeline(56)) - Created pipeline Pipeline[ Id: 2a9307d4-bc98-47d1-ac74-1742153cf6c3, Nodes: 39b9d8f1-cc47-4624-b4ed-3b44777a4379{ip: 192.168.34.5, host: pr-hdds-1569-j4bt4-3030777008, networkLocation: /default-rack, certSerialId: null}, Type:RATIS, Factor:ONE, State:OPEN]
2019-09-19 09:56:55,907 [RatisPipelineUtilsThread] ERROR pipeline.PipelinePlacementPolicy (PipelinePlacementPolicy.java:meetCriteria(91)) - Pipeline Placement: Doesn't meet the criteria to be viable node. Heaviness: 6
2019-09-19 09:56:55,907 [RatisPipelineUtilsThread] ERROR pipeline.PipelinePlacementPolicy (PipelinePlacementPolicy.java:meetCriteria(91)) - Pipeline Placement: Doesn't meet the criteria to be viable node. Heaviness: 6
2019-09-19 09:56:55,918 [grpc-default-executor-0] INFO  impl.RaftServerProxy (RaftServerProxy.java:addNew(89)) - 4490b81b-0ef7-4125-ad05-765de4ccf1d4: addNew group-D5710C7D081F:[4490b81b-0ef7-4125-ad05-765de4ccf1d4:192.168.34.5:38735] returns group-D5710C7D081F:java.util.concurrent.CompletableFuture@30813e60[Not completed]
2019-09-19 09:56:55,919 [pool-27-thread-1] INFO  impl.RaftServerImpl (RaftServerImpl.java:<init>(93)) - 4490b81b-0ef7-4125-ad05-765de4ccf1d4: new RaftServerImpl for group-D5710C7D081F:[4490b81b-0ef7-4125-ad05-765de4ccf1d4:192.168.34.5:38735] with ContainerStateMachine:uninitialized
2019-09-19 09:56:55,920 [pool-27-thread-1] INFO  server.RaftServerConfigKeys (ConfUtils.java:logGet(43)) - raft.server.rpc.timeout.min = 5s (custom)
2019-09-19 09:56:55,920 [pool-27-thread-1] INFO  server.RaftServerConfigKeys (ConfUtils.java:logGet(43)) - raft.server.rpc.timeout.max = 5200ms (custom)
2019-09-19 09:56:55,920 [pool-27-thread-1] INFO  server.RaftServerConfigKeys (ConfUtils.java:logGet(43)) - raft.server.rpcslowness.timeout = 120s (custom)
2019-09-19 09:56:55,920 [pool-27-thread-1] INFO  server.RaftServerConfigKeys (ConfUtils.java:logGet(43)) - raft.server.sleep.deviation.threshold = 300 (default)
2019-09-19 09:56:55,920 [pool-27-thread-1] INFO  server.RaftServerConfigKeys (ConfUtils.java:logGet(43)) - raft.server.log.appender.install.snapshot.enabled = false (custom)
2019-09-19 09:56:55,920 [pool-27-thread-1] INFO  impl.RaftServerImpl (ServerState.java:<init>(105)) - 4490b81b-0ef7-4125-ad05-765de4ccf1d4:group-D5710C7D081F ConfigurationManager, init=-1: [4490b81b-0ef7-4125-ad05-765de4ccf1d4:192.168.34.5:38735], old=null, confs=<EMPTY_MAP>
2019-09-19 09:56:55,921 [pool-27-thread-1] INFO  server.RaftServerConfigKeys (ConfUtils.java:logGet(43)) - raft.server.storage.dir = [/workdir/hadoop-ozone/tools/target/test-dir/MiniOzoneClusterImpl-3225c09c-430a-4478-b047-7eb735aebfb5/datanode-0/data/ratis] (custom)
2019-09-19 09:56:55,921 [pool-27-thread-1] INFO  storage.RaftStorageDirectory (RaftStorageDirectory.java:analyzeStorage(246)) - The storage directory /workdir/hadoop-ozone/tools/target/test-dir/MiniOzoneClusterImpl-3225c09c-430a-4478-b047-7eb735aebfb5/datanode-0/data/ratis/931acb25-5f71-4b21-83da-d5710c7d081f does not exist. Creating ...
2019-09-19 09:56:55,933 [pool-27-thread-1] INFO  storage.RaftStorageDirectory (RaftStorageDirectory.java:tryLock(328)) - Lock on /workdir/hadoop-ozone/tools/target/test-dir/MiniOzoneClusterImpl-3225c09c-430a-4478-b047-7eb735aebfb5/datanode-0/data/ratis/931acb25-5f71-4b21-83da-d5710c7d081f/in_use.lock acquired by nodename 18075@pr-hdds-1569-j4bt4-3030777008
2019-09-19 09:56:55,954 [pool-27-thread-1] INFO  storage.RaftStorage (RaftStorage.java:format(72)) - Storage directory /workdir/hadoop-ozone/tools/target/test-dir/MiniOzoneClusterImpl-3225c09c-430a-4478-b047-7eb735aebfb5/datanode-0/data/ratis/931acb25-5f71-4b21-83da-d5710c7d081f has been successfully formatted.
2019-09-19 09:56:55,955 [pool-27-thread-1] INFO  ratis.ContainerStateMachine (ContainerStateMachine.java:loadSnapshot(226)) - group-D5710C7D081F: The snapshot info is null. Setting the last applied indexto:(t:0, i:~)
2019-09-19 09:56:55,955 [pool-27-thread-1] INFO  server.RaftServerConfigKeys (ConfUtils.java:logGet(43)) - raft.server.leader.election.timeout = 120s (custom)
2019-09-19 09:56:55,955 [pool-27-thread-1] INFO  server.RaftServerConfigKeys (ConfUtils.java:logGet(43)) - raft.server.log.use.memory = false (default)
2019-09-19 09:56:55,955 [pool-27-thread-1] INFO  server.RaftServerConfigKeys (ConfUtils.java:logGet(43)) - raft.server.log.purge.gap = 1000000 (custom)
2019-09-19 09:56:55,955 [pool-27-thread-1] INFO  server.RaftServerConfigKeys (ConfUtils.java:logGet(43)) - raft.server.log.appender.buffer.byte-limit = 33554432 (custom)
2019-09-19 09:56:55,955 [pool-27-thread-1] INFO  server.RaftServerConfigKeys (ConfUtils.java:logGet(43)) - raft.server.log.segment.size.max = 1048576 (custom)
2019-09-19 09:56:55,955 [pool-27-thread-1] INFO  server.RaftServerConfigKeys (ConfUtils.java:logGet(43)) - raft.server.log.segment.cache.num.max = 2 (custom)
2019-09-19 09:56:55,956 [pool-27-thread-1] INFO  segmented.SegmentedRaftLogWorker (SegmentedRaftLogWorker.java:<init>(172)) - new 4490b81b-0ef7-4125-ad05-765de4ccf1d4-SegmentedRaftLogWorker:Storage Directory /workdir/hadoop-ozone/tools/target/test-dir/MiniOzoneClusterImpl-3225c09c-430a-4478-b047-7eb735aebfb5/datanode-0/data/ratis/931acb25-5f71-4b21-83da-d5710c7d081f for RaftStorage:Storage Directory /workdir/hadoop-ozone/tools/target/test-dir/MiniOzoneClusterImpl-3225c09c-430a-4478-b047-7eb735aebfb5/datanode-0/data/ratis/931acb25-5f71-4b21-83da-d5710c7d081f
2019-09-19 09:56:55,956 [pool-27-thread-1] INFO  server.RaftServerConfigKeys (ConfUtils.java:logGet(43)) - raft.server.log.queue.byte-limit = 2147483647 (custom)
2019-09-19 09:56:55,956 [pool-27-thread-1] INFO  server.RaftServerConfigKeys (ConfUtils.java:logGet(43)) - raft.server.log.queue.element-limit = 1024 (custom)
2019-09-19 09:56:55,956 [pool-27-thread-1] INFO  server.RaftServerConfigKeys (ConfUtils.java:logGet(43)) - raft.server.log.segment.size.max = 1048576 (custom)
2019-09-19 09:56:55,956 [pool-27-thread-1] INFO  server.RaftServerConfigKeys (ConfUtils.java:logGet(43)) - raft.server.log.preallocated.size = 16384 (custom)
2019-09-19 09:56:55,956 [pool-27-thread-1] INFO  server.RaftServerConfigKeys (ConfUtils.java:logGet(43)) - raft.server.log.write.buffer.size = 33554432 (custom)
2019-09-19 09:56:55,957 [pool-27-thread-1] INFO  server.RaftServerConfigKeys (ConfUtils.java:logGet(43)) - raft.server.log.force.sync.num = 128 (default)
2019-09-19 09:56:55,957 [pool-27-thread-1] INFO  server.RaftServerConfigKeys (ConfUtils.java:logGet(43)) - raft.server.log.statemachine.data.sync = true (default)
2019-09-19 09:56:55,957 [pool-27-thread-1] INFO  server.RaftServerConfigKeys (ConfUtils.java:logGet(43)) - raft.server.log.statemachine.data.sync.timeout = 10s (default)
2019-09-19 09:56:55,957 [pool-27-thread-1] INFO  server.RaftServerConfigKeys (ConfUtils.java:logGet(43)) - raft.server.log.statemachine.data.sync.timeout.retry = -1 (default)
2019-09-19 09:56:55,957 [pool-27-thread-1] INFO  server.RaftServerConfigKeys (ConfUtils.java:logGet(43)) - raft.server.log.statemachine.data.caching.enabled = true (custom)
2019-09-19 09:56:55,957 [pool-27-thread-1] INFO  segmented.SegmentedRaftLogWorker (SegmentedRaftLogWorker.java:lambda$new$0(132)) - 4490b81b-0ef7-4125-ad05-765de4ccf1d4-SegmentedRaftLogWorker:Storage Directory /workdir/hadoop-ozone/tools/target/test-dir/MiniOzoneClusterImpl-3225c09c-430a-4478-b047-7eb735aebfb5/datanode-0/data/ratis/931acb25-5f71-4b21-83da-d5710c7d081f: flushIndex: setUnconditionally 0 -> -1
2019-09-19 09:56:55,958 [pool-27-thread-1] INFO  server.RaftServerConfigKeys (ConfUtils.java:logGet(43)) - raft.server.snapshot.auto.trigger.enabled = true (custom)
2019-09-19 09:56:55,958 [pool-27-thread-1] INFO  server.RaftServerConfigKeys (ConfUtils.java:logGet(43)) - raft.server.snapshot.auto.trigger.threshold = 10000 (custom)
2019-09-19 09:56:55,958 [pool-27-thread-1] INFO  server.RaftServerConfigKeys (ConfUtils.java:logGet(43)) - raft.server.retrycache.expirytime = 600000ms (custom)
2019-09-19 09:56:55,958 [pool-27-thread-1] INFO  impl.RaftServerImpl (RaftServerImpl.java:start(180)) - 4490b81b-0ef7-4125-ad05-765de4ccf1d4: start group-D5710C7D081F
2019-09-19 09:56:55,959 [pool-27-thread-1] INFO  impl.RaftServerImpl (RaftServerImpl.java:setRole(171)) - 4490b81b-0ef7-4125-ad05-765de4ccf1d4:group-D5710C7D081F changes role from null to FOLLOWER at term 0 for startAsFollower
2019-09-19 09:56:55,959 [pool-27-thread-1] INFO  impl.RoleInfo (RoleInfo.java:updateAndGet(143)) - 4490b81b-0ef7-4125-ad05-765de4ccf1d4: start FollowerState
2019-09-19 09:56:55,959 [pool-27-thread-1] INFO  util.JmxRegister (JmxRegister.java:tryRegister(44)) - Successfully registered JMX Bean with object name Ratis:service=RaftServer,group=group-D5710C7D081F,id=4490b81b-0ef7-4125-ad05-765de4ccf1d4
2019-09-19 09:56:55,965 [RatisPipelineUtilsThread] INFO  pipeline.PipelineStateManager (PipelineStateManager.java:addPipeline(56)) - Created pipeline Pipeline[ Id: 931acb25-5f71-4b21-83da-d5710c7d081f, Nodes: 4490b81b-0ef7-4125-ad05-765de4ccf1d4{ip: 192.168.34.5, host: pr-hdds-1569-j4bt4-3030777008, networkLocation: /default-rack, certSerialId: null}, Type:RATIS, Factor:ONE, State:OPEN]
2019-09-19 09:56:55,967 [RatisPipelineUtilsThread] ERROR pipeline.PipelinePlacementPolicy (PipelinePlacementPolicy.java:meetCriteria(91)) - Pipeline Placement: Doesn't meet the criteria to be viable node. Heaviness: 6
2019-09-19 09:56:55,967 [RatisPipelineUtilsThread] ERROR pipeline.PipelinePlacementPolicy (PipelinePlacementPolicy.java:meetCriteria(91)) - Pipeline Placement: Doesn't meet the criteria to be viable node. Heaviness: 6
2019-09-19 09:56:55,976 [grpc-default-executor-0] INFO  impl.RaftServerProxy (RaftServerProxy.java:addNew(89)) - 19cf0631-d0d9-4f40-8587-54276d2ac576: addNew group-775C4DFFA953:[19cf0631-d0d9-4f40-8587-54276d2ac576:192.168.34.5:38304] returns group-775C4DFFA953:java.util.concurrent.CompletableFuture@3a6469[Not completed]
2019-09-19 09:56:55,978 [pool-49-thread-1] INFO  impl.RaftServerImpl (RaftServerImpl.java:<init>(93)) - 19cf0631-d0d9-4f40-8587-54276d2ac576: new RaftServerImpl for group-775C4DFFA953:[19cf0631-d0d9-4f40-8587-54276d2ac576:192.168.34.5:38304] with ContainerStateMachine:uninitialized
2019-09-19 09:56:55,978 [pool-49-thread-1] INFO  server.RaftServerConfigKeys (ConfUtils.java:logGet(43)) - raft.server.rpc.timeout.min = 5s (custom)
2019-09-19 09:56:55,978 [pool-49-thread-1] INFO  server.RaftServerConfigKeys (ConfUtils.java:logGet(43)) - raft.server.rpc.timeout.max = 5200ms (custom)
2019-09-19 09:56:55,978 [pool-49-thread-1] INFO  server.RaftServerConfigKeys (ConfUtils.java:logGet(43)) - raft.server.rpcslowness.timeout = 120s (custom)
2019-09-19 09:56:55,978 [pool-49-thread-1] INFO  server.RaftServerConfigKeys (ConfUtils.java:logGet(43)) - raft.server.sleep.deviation.threshold = 300 (default)
2019-09-19 09:56:55,978 [pool-49-thread-1] INFO  server.RaftServerConfigKeys (ConfUtils.java:logGet(43)) - raft.server.log.appender.install.snapshot.enabled = false (custom)
2019-09-19 09:56:55,979 [pool-49-thread-1] INFO  impl.RaftServerImpl (ServerState.java:<init>(105)) - 19cf0631-d0d9-4f40-8587-54276d2ac576:group-775C4DFFA953 ConfigurationManager, init=-1: [19cf0631-d0d9-4f40-8587-54276d2ac576:192.168.34.5:38304], old=null, confs=<EMPTY_MAP>
2019-09-19 09:56:55,979 [pool-49-thread-1] INFO  server.RaftServerConfigKeys (ConfUtils.java:logGet(43)) - raft.server.storage.dir = [/workdir/hadoop-ozone/tools/target/test-dir/MiniOzoneClusterImpl-3225c09c-430a-4478-b047-7eb735aebfb5/datanode-2/data/ratis] (custom)
2019-09-19 09:56:55,979 [pool-49-thread-1] INFO  storage.RaftStorageDirectory (RaftStorageDirectory.java:analyzeStorage(246)) - The storage directory /workdir/hadoop-ozone/tools/target/test-dir/MiniOzoneClusterImpl-3225c09c-430a-4478-b047-7eb735aebfb5/datanode-2/data/ratis/a7cdd5a1-1a5c-4d79-9fc5-775c4dffa953 does not exist. Creating ...
2019-09-19 09:56:55,993 [pool-49-thread-1] INFO  storage.RaftStorageDirectory (RaftStorageDirectory.java:tryLock(328)) - Lock on /workdir/hadoop-ozone/tools/target/test-dir/MiniOzoneClusterImpl-3225c09c-430a-4478-b047-7eb735aebfb5/datanode-2/data/ratis/a7cdd5a1-1a5c-4d79-9fc5-775c4dffa953/in_use.lock acquired by nodename 18075@pr-hdds-1569-j4bt4-3030777008
2019-09-19 09:56:56,006 | INFO  | SCMAudit | user=jenkins1000 | ip=192.168.34.5 | op=SEND_HEARTBEAT {datanodeUUID=ce8f9236-bba2-4942-9bf9-b4bb96b280ac, command=[]} | ret=SUCCESS |  
2019-09-19 09:56:56,006 | INFO  | SCMAudit | user=jenkins1000 | ip=192.168.34.5 | op=SEND_HEARTBEAT {datanodeUUID=c5d53031-865d-4491-9cd3-c718532e281c, command=[]} | ret=SUCCESS |  
2019-09-19 09:56:56,006 [pool-49-thread-1] INFO  storage.RaftStorage (RaftStorage.java:format(72)) - Storage directory /workdir/hadoop-ozone/tools/target/test-dir/MiniOzoneClusterImpl-3225c09c-430a-4478-b047-7eb735aebfb5/datanode-2/data/ratis/a7cdd5a1-1a5c-4d79-9fc5-775c4dffa953 has been successfully formatted.
2019-09-19 09:56:56,006 [pool-49-thread-1] INFO  ratis.ContainerStateMachine (ContainerStateMachine.java:loadSnapshot(226)) - group-775C4DFFA953: The snapshot info is null. Setting the last applied indexto:(t:0, i:~)
2019-09-19 09:56:56,007 [pool-49-thread-1] INFO  server.RaftServerConfigKeys (ConfUtils.java:logGet(43)) - raft.server.leader.election.timeout = 120s (custom)
2019-09-19 09:56:56,007 [pool-49-thread-1] INFO  server.RaftServerConfigKeys (ConfUtils.java:logGet(43)) - raft.server.log.use.memory = false (default)
2019-09-19 09:56:56,007 [pool-49-thread-1] INFO  server.RaftServerConfigKeys (ConfUtils.java:logGet(43)) - raft.server.log.purge.gap = 1000000 (custom)
2019-09-19 09:56:56,007 [pool-49-thread-1] INFO  server.RaftServerConfigKeys (ConfUtils.java:logGet(43)) - raft.server.log.appender.buffer.byte-limit = 33554432 (custom)
2019-09-19 09:56:56,007 [pool-49-thread-1] INFO  server.RaftServerConfigKeys (ConfUtils.java:logGet(43)) - raft.server.log.segment.size.max = 1048576 (custom)
2019-09-19 09:56:56,007 [pool-49-thread-1] INFO  server.RaftServerConfigKeys (ConfUtils.java:logGet(43)) - raft.server.log.segment.cache.num.max = 2 (custom)
2019-09-19 09:56:56,008 [pool-49-thread-1] INFO  segmented.SegmentedRaftLogWorker (SegmentedRaftLogWorker.java:<init>(172)) - new 19cf0631-d0d9-4f40-8587-54276d2ac576-SegmentedRaftLogWorker:Storage Directory /workdir/hadoop-ozone/tools/target/test-dir/MiniOzoneClusterImpl-3225c09c-430a-4478-b047-7eb735aebfb5/datanode-2/data/ratis/a7cdd5a1-1a5c-4d79-9fc5-775c4dffa953 for RaftStorage:Storage Directory /workdir/hadoop-ozone/tools/target/test-dir/MiniOzoneClusterImpl-3225c09c-430a-4478-b047-7eb735aebfb5/datanode-2/data/ratis/a7cdd5a1-1a5c-4d79-9fc5-775c4dffa953
2019-09-19 09:56:56,008 [pool-49-thread-1] INFO  server.RaftServerConfigKeys (ConfUtils.java:logGet(43)) - raft.server.log.queue.byte-limit = 2147483647 (custom)
2019-09-19 09:56:56,008 [pool-49-thread-1] INFO  server.RaftServerConfigKeys (ConfUtils.java:logGet(43)) - raft.server.log.queue.element-limit = 1024 (custom)
2019-09-19 09:56:56,008 [pool-49-thread-1] INFO  server.RaftServerConfigKeys (ConfUtils.java:logGet(43)) - raft.server.log.segment.size.max = 1048576 (custom)
2019-09-19 09:56:56,008 [pool-49-thread-1] INFO  server.RaftServerConfigKeys (ConfUtils.java:logGet(43)) - raft.server.log.preallocated.size = 16384 (custom)
2019-09-19 09:56:56,008 [pool-49-thread-1] INFO  server.RaftServerConfigKeys (ConfUtils.java:logGet(43)) - raft.server.log.write.buffer.size = 33554432 (custom)
2019-09-19 09:56:56,008 [pool-49-thread-1] INFO  server.RaftServerConfigKeys (ConfUtils.java:logGet(43)) - raft.server.log.force.sync.num = 128 (default)
2019-09-19 09:56:56,009 [pool-49-thread-1] INFO  server.RaftServerConfigKeys (ConfUtils.java:logGet(43)) - raft.server.log.statemachine.data.sync = true (default)
2019-09-19 09:56:56,009 [pool-49-thread-1] INFO  server.RaftServerConfigKeys (ConfUtils.java:logGet(43)) - raft.server.log.statemachine.data.sync.timeout = 10s (default)
2019-09-19 09:56:56,009 [pool-49-thread-1] INFO  server.RaftServerConfigKeys (ConfUtils.java:logGet(43)) - raft.server.log.statemachine.data.sync.timeout.retry = -1 (default)
2019-09-19 09:56:56,009 [pool-49-thread-1] INFO  server.RaftServerConfigKeys (ConfUtils.java:logGet(43)) - raft.server.log.statemachine.data.caching.enabled = true (custom)
2019-09-19 09:56:56,009 [pool-49-thread-1] INFO  segmented.SegmentedRaftLogWorker (SegmentedRaftLogWorker.java:lambda$new$0(132)) - 19cf0631-d0d9-4f40-8587-54276d2ac576-SegmentedRaftLogWorker:Storage Directory /workdir/hadoop-ozone/tools/target/test-dir/MiniOzoneClusterImpl-3225c09c-430a-4478-b047-7eb735aebfb5/datanode-2/data/ratis/a7cdd5a1-1a5c-4d79-9fc5-775c4dffa953: flushIndex: setUnconditionally 0 -> -1
2019-09-19 09:56:56,010 [pool-49-thread-1] INFO  server.RaftServerConfigKeys (ConfUtils.java:logGet(43)) - raft.server.snapshot.auto.trigger.enabled = true (custom)
2019-09-19 09:56:56,010 [pool-49-thread-1] INFO  server.RaftServerConfigKeys (ConfUtils.java:logGet(43)) - raft.server.snapshot.auto.trigger.threshold = 10000 (custom)
2019-09-19 09:56:56,010 [pool-49-thread-1] INFO  server.RaftServerConfigKeys (ConfUtils.java:logGet(43)) - raft.server.retrycache.expirytime = 600000ms (custom)
2019-09-19 09:56:56,010 [pool-49-thread-1] INFO  impl.RaftServerImpl (RaftServerImpl.java:start(180)) - 19cf0631-d0d9-4f40-8587-54276d2ac576: start group-775C4DFFA953
2019-09-19 09:56:56,010 [pool-49-thread-1] INFO  impl.RaftServerImpl (RaftServerImpl.java:setRole(171)) - 19cf0631-d0d9-4f40-8587-54276d2ac576:group-775C4DFFA953 changes role from null to FOLLOWER at term 0 for startAsFollower
2019-09-19 09:56:56,010 [pool-49-thread-1] INFO  impl.RoleInfo (RoleInfo.java:updateAndGet(143)) - 19cf0631-d0d9-4f40-8587-54276d2ac576: start FollowerState
2019-09-19 09:56:56,011 [pool-49-thread-1] INFO  util.JmxRegister (JmxRegister.java:tryRegister(44)) - Successfully registered JMX Bean with object name Ratis:service=RaftServer,group=group-775C4DFFA953,id=19cf0631-d0d9-4f40-8587-54276d2ac576
2019-09-19 09:56:56,016 [RatisPipelineUtilsThread] INFO  pipeline.PipelineStateManager (PipelineStateManager.java:addPipeline(56)) - Created pipeline Pipeline[ Id: a7cdd5a1-1a5c-4d79-9fc5-775c4dffa953, Nodes: 19cf0631-d0d9-4f40-8587-54276d2ac576{ip: 192.168.34.5, host: pr-hdds-1569-j4bt4-3030777008, networkLocation: /default-rack, certSerialId: null}, Type:RATIS, Factor:ONE, State:OPEN]
2019-09-19 09:56:56,018 [RatisPipelineUtilsThread] ERROR pipeline.PipelinePlacementPolicy (PipelinePlacementPolicy.java:meetCriteria(91)) - Pipeline Placement: Doesn't meet the criteria to be viable node. Heaviness: 6
2019-09-19 09:56:56,018 [RatisPipelineUtilsThread] ERROR pipeline.PipelinePlacementPolicy (PipelinePlacementPolicy.java:meetCriteria(91)) - Pipeline Placement: Doesn't meet the criteria to be viable node. Heaviness: 6
2019-09-19 09:56:56,018 [RatisPipelineUtilsThread] ERROR pipeline.PipelinePlacementPolicy (PipelinePlacementPolicy.java:meetCriteria(91)) - Pipeline Placement: Doesn't meet the criteria to be viable node. Heaviness: 6
2019-09-19 09:56:56,027 [grpc-default-executor-0] INFO  impl.RaftServerProxy (RaftServerProxy.java:addNew(89)) - 4490b81b-0ef7-4125-ad05-765de4ccf1d4: addNew group-710A704D8DDA:[4490b81b-0ef7-4125-ad05-765de4ccf1d4:192.168.34.5:38735] returns group-710A704D8DDA:java.util.concurrent.CompletableFuture@2fef2dbf[Not completed]
2019-09-19 09:56:56,029 [pool-27-thread-1] INFO  impl.RaftServerImpl (RaftServerImpl.java:<init>(93)) - 4490b81b-0ef7-4125-ad05-765de4ccf1d4: new RaftServerImpl for group-710A704D8DDA:[4490b81b-0ef7-4125-ad05-765de4ccf1d4:192.168.34.5:38735] with ContainerStateMachine:uninitialized
2019-09-19 09:56:56,029 [pool-27-thread-1] INFO  server.RaftServerConfigKeys (ConfUtils.java:logGet(43)) - raft.server.rpc.timeout.min = 5s (custom)
2019-09-19 09:56:56,029 [pool-27-thread-1] INFO  server.RaftServerConfigKeys (ConfUtils.java:logGet(43)) - raft.server.rpc.timeout.max = 5200ms (custom)
2019-09-19 09:56:56,029 [pool-27-thread-1] INFO  server.RaftServerConfigKeys (ConfUtils.java:logGet(43)) - raft.server.rpcslowness.timeout = 120s (custom)
2019-09-19 09:56:56,032 [pool-27-thread-1] INFO  server.RaftServerConfigKeys (ConfUtils.java:logGet(43)) - raft.server.sleep.deviation.threshold = 300 (default)
2019-09-19 09:56:56,035 [pool-27-thread-1] INFO  server.RaftServerConfigKeys (ConfUtils.java:logGet(43)) - raft.server.log.appender.install.snapshot.enabled = false (custom)
2019-09-19 09:56:56,035 [pool-27-thread-1] INFO  impl.RaftServerImpl (ServerState.java:<init>(105)) - 4490b81b-0ef7-4125-ad05-765de4ccf1d4:group-710A704D8DDA ConfigurationManager, init=-1: [4490b81b-0ef7-4125-ad05-765de4ccf1d4:192.168.34.5:38735], old=null, confs=<EMPTY_MAP>
2019-09-19 09:56:56,035 [pool-27-thread-1] INFO  server.RaftServerConfigKeys (ConfUtils.java:logGet(43)) - raft.server.storage.dir = [/workdir/hadoop-ozone/tools/target/test-dir/MiniOzoneClusterImpl-3225c09c-430a-4478-b047-7eb735aebfb5/datanode-0/data/ratis] (custom)
2019-09-19 09:56:56,036 [pool-27-thread-1] INFO  storage.RaftStorageDirectory (RaftStorageDirectory.java:analyzeStorage(246)) - The storage directory /workdir/hadoop-ozone/tools/target/test-dir/MiniOzoneClusterImpl-3225c09c-430a-4478-b047-7eb735aebfb5/datanode-0/data/ratis/1acad87e-80d5-4cb7-a86e-710a704d8dda does not exist. Creating ...
2019-09-19 09:56:56,048 [pool-27-thread-1] INFO  storage.RaftStorageDirectory (RaftStorageDirectory.java:tryLock(328)) - Lock on /workdir/hadoop-ozone/tools/target/test-dir/MiniOzoneClusterImpl-3225c09c-430a-4478-b047-7eb735aebfb5/datanode-0/data/ratis/1acad87e-80d5-4cb7-a86e-710a704d8dda/in_use.lock acquired by nodename 18075@pr-hdds-1569-j4bt4-3030777008
2019-09-19 09:56:56,062 [pool-27-thread-1] INFO  storage.RaftStorage (RaftStorage.java:format(72)) - Storage directory /workdir/hadoop-ozone/tools/target/test-dir/MiniOzoneClusterImpl-3225c09c-430a-4478-b047-7eb735aebfb5/datanode-0/data/ratis/1acad87e-80d5-4cb7-a86e-710a704d8dda has been successfully formatted.
2019-09-19 09:56:56,062 [pool-27-thread-1] INFO  ratis.ContainerStateMachine (ContainerStateMachine.java:loadSnapshot(226)) - group-710A704D8DDA: The snapshot info is null. Setting the last applied indexto:(t:0, i:~)
2019-09-19 09:56:56,062 [pool-27-thread-1] INFO  server.RaftServerConfigKeys (ConfUtils.java:logGet(43)) - raft.server.leader.election.timeout = 120s (custom)
2019-09-19 09:56:56,062 [pool-27-thread-1] INFO  server.RaftServerConfigKeys (ConfUtils.java:logGet(43)) - raft.server.log.use.memory = false (default)
2019-09-19 09:56:56,062 [pool-27-thread-1] INFO  server.RaftServerConfigKeys (ConfUtils.java:logGet(43)) - raft.server.log.purge.gap = 1000000 (custom)
2019-09-19 09:56:56,062 [pool-27-thread-1] INFO  server.RaftServerConfigKeys (ConfUtils.java:logGet(43)) - raft.server.log.appender.buffer.byte-limit = 33554432 (custom)
2019-09-19 09:56:56,063 [pool-27-thread-1] INFO  server.RaftServerConfigKeys (ConfUtils.java:logGet(43)) - raft.server.log.segment.size.max = 1048576 (custom)
2019-09-19 09:56:56,063 [pool-27-thread-1] INFO  server.RaftServerConfigKeys (ConfUtils.java:logGet(43)) - raft.server.log.segment.cache.num.max = 2 (custom)
2019-09-19 09:56:56,063 [pool-27-thread-1] INFO  segmented.SegmentedRaftLogWorker (SegmentedRaftLogWorker.java:<init>(172)) - new 4490b81b-0ef7-4125-ad05-765de4ccf1d4-SegmentedRaftLogWorker:Storage Directory /workdir/hadoop-ozone/tools/target/test-dir/MiniOzoneClusterImpl-3225c09c-430a-4478-b047-7eb735aebfb5/datanode-0/data/ratis/1acad87e-80d5-4cb7-a86e-710a704d8dda for RaftStorage:Storage Directory /workdir/hadoop-ozone/tools/target/test-dir/MiniOzoneClusterImpl-3225c09c-430a-4478-b047-7eb735aebfb5/datanode-0/data/ratis/1acad87e-80d5-4cb7-a86e-710a704d8dda
2019-09-19 09:56:56,063 [pool-27-thread-1] INFO  server.RaftServerConfigKeys (ConfUtils.java:logGet(43)) - raft.server.log.queue.byte-limit = 2147483647 (custom)
2019-09-19 09:56:56,063 [pool-27-thread-1] INFO  server.RaftServerConfigKeys (ConfUtils.java:logGet(43)) - raft.server.log.queue.element-limit = 1024 (custom)
2019-09-19 09:56:56,063 [pool-27-thread-1] INFO  server.RaftServerConfigKeys (ConfUtils.java:logGet(43)) - raft.server.log.segment.size.max = 1048576 (custom)
2019-09-19 09:56:56,063 [pool-27-thread-1] INFO  server.RaftServerConfigKeys (ConfUtils.java:logGet(43)) - raft.server.log.preallocated.size = 16384 (custom)
2019-09-19 09:56:56,064 [pool-27-thread-1] INFO  server.RaftServerConfigKeys (ConfUtils.java:logGet(43)) - raft.server.log.write.buffer.size = 33554432 (custom)
2019-09-19 09:56:56,064 [pool-27-thread-1] INFO  server.RaftServerConfigKeys (ConfUtils.java:logGet(43)) - raft.server.log.force.sync.num = 128 (default)
2019-09-19 09:56:56,064 [pool-27-thread-1] INFO  server.RaftServerConfigKeys (ConfUtils.java:logGet(43)) - raft.server.log.statemachine.data.sync = true (default)
2019-09-19 09:56:56,064 [pool-27-thread-1] INFO  server.RaftServerConfigKeys (ConfUtils.java:logGet(43)) - raft.server.log.statemachine.data.sync.timeout = 10s (default)
2019-09-19 09:56:56,064 [pool-27-thread-1] INFO  server.RaftServerConfigKeys (ConfUtils.java:logGet(43)) - raft.server.log.statemachine.data.sync.timeout.retry = -1 (default)
2019-09-19 09:56:56,064 [pool-27-thread-1] INFO  server.RaftServerConfigKeys (ConfUtils.java:logGet(43)) - raft.server.log.statemachine.data.caching.enabled = true (custom)
2019-09-19 09:56:56,065 [pool-27-thread-1] INFO  segmented.SegmentedRaftLogWorker (SegmentedRaftLogWorker.java:lambda$new$0(132)) - 4490b81b-0ef7-4125-ad05-765de4ccf1d4-SegmentedRaftLogWorker:Storage Directory /workdir/hadoop-ozone/tools/target/test-dir/MiniOzoneClusterImpl-3225c09c-430a-4478-b047-7eb735aebfb5/datanode-0/data/ratis/1acad87e-80d5-4cb7-a86e-710a704d8dda: flushIndex: setUnconditionally 0 -> -1
2019-09-19 09:56:56,065 [pool-27-thread-1] INFO  server.RaftServerConfigKeys (ConfUtils.java:logGet(43)) - raft.server.snapshot.auto.trigger.enabled = true (custom)
2019-09-19 09:56:56,065 [pool-27-thread-1] INFO  server.RaftServerConfigKeys (ConfUtils.java:logGet(43)) - raft.server.snapshot.auto.trigger.threshold = 10000 (custom)
2019-09-19 09:56:56,065 [pool-27-thread-1] INFO  server.RaftServerConfigKeys (ConfUtils.java:logGet(43)) - raft.server.retrycache.expirytime = 600000ms (custom)
2019-09-19 09:56:56,065 [pool-27-thread-1] INFO  impl.RaftServerImpl (RaftServerImpl.java:start(180)) - 4490b81b-0ef7-4125-ad05-765de4ccf1d4: start group-710A704D8DDA
2019-09-19 09:56:56,065 [pool-27-thread-1] INFO  impl.RaftServerImpl (RaftServerImpl.java:setRole(171)) - 4490b81b-0ef7-4125-ad05-765de4ccf1d4:group-710A704D8DDA changes role from null to FOLLOWER at term 0 for startAsFollower
2019-09-19 09:56:56,066 [pool-27-thread-1] INFO  impl.RoleInfo (RoleInfo.java:updateAndGet(143)) - 4490b81b-0ef7-4125-ad05-765de4ccf1d4: start FollowerState
2019-09-19 09:56:56,066 [pool-27-thread-1] INFO  util.JmxRegister (JmxRegister.java:tryRegister(44)) - Successfully registered JMX Bean with object name Ratis:service=RaftServer,group=group-710A704D8DDA,id=4490b81b-0ef7-4125-ad05-765de4ccf1d4
2019-09-19 09:56:56,071 [RatisPipelineUtilsThread] INFO  pipeline.PipelineStateManager (PipelineStateManager.java:addPipeline(56)) - Created pipeline Pipeline[ Id: 1acad87e-80d5-4cb7-a86e-710a704d8dda, Nodes: 4490b81b-0ef7-4125-ad05-765de4ccf1d4{ip: 192.168.34.5, host: pr-hdds-1569-j4bt4-3030777008, networkLocation: /default-rack, certSerialId: null}, Type:RATIS, Factor:ONE, State:OPEN]
2019-09-19 09:56:56,072 [RatisPipelineUtilsThread] ERROR pipeline.PipelinePlacementPolicy (PipelinePlacementPolicy.java:meetCriteria(91)) - Pipeline Placement: Doesn't meet the criteria to be viable node. Heaviness: 6
2019-09-19 09:56:56,073 [RatisPipelineUtilsThread] ERROR pipeline.PipelinePlacementPolicy (PipelinePlacementPolicy.java:meetCriteria(91)) - Pipeline Placement: Doesn't meet the criteria to be viable node. Heaviness: 6
2019-09-19 09:56:56,073 [RatisPipelineUtilsThread] ERROR pipeline.PipelinePlacementPolicy (PipelinePlacementPolicy.java:meetCriteria(91)) - Pipeline Placement: Doesn't meet the criteria to be viable node. Heaviness: 6
2019-09-19 09:56:56,073 [RatisPipelineUtilsThread] ERROR pipeline.PipelinePlacementPolicy (PipelinePlacementPolicy.java:meetCriteria(91)) - Pipeline Placement: Doesn't meet the criteria to be viable node. Heaviness: 6
2019-09-19 09:56:56,076 | INFO  | SCMAudit | user=jenkins1000 | ip=192.168.34.5 | op=SEND_HEARTBEAT {datanodeUUID=4490b81b-0ef7-4125-ad05-765de4ccf1d4, command=[]} | ret=SUCCESS |  
2019-09-19 09:56:56,084 [grpc-default-executor-0] INFO  impl.RaftServerProxy (RaftServerProxy.java:addNew(89)) - ce8f9236-bba2-4942-9bf9-b4bb96b280ac: addNew group-5F43CB68CCDA:[ce8f9236-bba2-4942-9bf9-b4bb96b280ac:192.168.34.5:37969] returns group-5F43CB68CCDA:java.util.concurrent.CompletableFuture@129035da[Not completed]
2019-09-19 09:56:56,086 [pool-60-thread-1] INFO  impl.RaftServerImpl (RaftServerImpl.java:<init>(93)) - ce8f9236-bba2-4942-9bf9-b4bb96b280ac: new RaftServerImpl for group-5F43CB68CCDA:[ce8f9236-bba2-4942-9bf9-b4bb96b280ac:192.168.34.5:37969] with ContainerStateMachine:uninitialized
2019-09-19 09:56:56,086 [pool-60-thread-1] INFO  server.RaftServerConfigKeys (ConfUtils.java:logGet(43)) - raft.server.rpc.timeout.min = 5s (custom)
2019-09-19 09:56:56,086 [pool-60-thread-1] INFO  server.RaftServerConfigKeys (ConfUtils.java:logGet(43)) - raft.server.rpc.timeout.max = 5200ms (custom)
2019-09-19 09:56:56,086 [pool-60-thread-1] INFO  server.RaftServerConfigKeys (ConfUtils.java:logGet(43)) - raft.server.rpcslowness.timeout = 120s (custom)
2019-09-19 09:56:56,087 [pool-60-thread-1] INFO  server.RaftServerConfigKeys (ConfUtils.java:logGet(43)) - raft.server.sleep.deviation.threshold = 300 (default)
2019-09-19 09:56:56,087 [pool-60-thread-1] INFO  server.RaftServerConfigKeys (ConfUtils.java:logGet(43)) - raft.server.log.appender.install.snapshot.enabled = false (custom)
2019-09-19 09:56:56,087 [pool-60-thread-1] INFO  impl.RaftServerImpl (ServerState.java:<init>(105)) - ce8f9236-bba2-4942-9bf9-b4bb96b280ac:group-5F43CB68CCDA ConfigurationManager, init=-1: [ce8f9236-bba2-4942-9bf9-b4bb96b280ac:192.168.34.5:37969], old=null, confs=<EMPTY_MAP>
2019-09-19 09:56:56,087 [pool-60-thread-1] INFO  server.RaftServerConfigKeys (ConfUtils.java:logGet(43)) - raft.server.storage.dir = [/workdir/hadoop-ozone/tools/target/test-dir/MiniOzoneClusterImpl-3225c09c-430a-4478-b047-7eb735aebfb5/datanode-3/data/ratis] (custom)
2019-09-19 09:56:56,088 [pool-60-thread-1] INFO  storage.RaftStorageDirectory (RaftStorageDirectory.java:analyzeStorage(246)) - The storage directory /workdir/hadoop-ozone/tools/target/test-dir/MiniOzoneClusterImpl-3225c09c-430a-4478-b047-7eb735aebfb5/datanode-3/data/ratis/8c2ab780-fc08-4cbb-a54b-5f43cb68ccda does not exist. Creating ...
2019-09-19 09:56:56,102 [pool-60-thread-1] INFO  storage.RaftStorageDirectory (RaftStorageDirectory.java:tryLock(328)) - Lock on /workdir/hadoop-ozone/tools/target/test-dir/MiniOzoneClusterImpl-3225c09c-430a-4478-b047-7eb735aebfb5/datanode-3/data/ratis/8c2ab780-fc08-4cbb-a54b-5f43cb68ccda/in_use.lock acquired by nodename 18075@pr-hdds-1569-j4bt4-3030777008
2019-09-19 09:56:56,116 [pool-60-thread-1] INFO  storage.RaftStorage (RaftStorage.java:format(72)) - Storage directory /workdir/hadoop-ozone/tools/target/test-dir/MiniOzoneClusterImpl-3225c09c-430a-4478-b047-7eb735aebfb5/datanode-3/data/ratis/8c2ab780-fc08-4cbb-a54b-5f43cb68ccda has been successfully formatted.
2019-09-19 09:56:56,116 [pool-60-thread-1] INFO  ratis.ContainerStateMachine (ContainerStateMachine.java:loadSnapshot(226)) - group-5F43CB68CCDA: The snapshot info is null. Setting the last applied indexto:(t:0, i:~)
2019-09-19 09:56:56,116 [pool-60-thread-1] INFO  server.RaftServerConfigKeys (ConfUtils.java:logGet(43)) - raft.server.leader.election.timeout = 120s (custom)
2019-09-19 09:56:56,116 [pool-60-thread-1] INFO  server.RaftServerConfigKeys (ConfUtils.java:logGet(43)) - raft.server.log.use.memory = false (default)
2019-09-19 09:56:56,116 [pool-60-thread-1] INFO  server.RaftServerConfigKeys (ConfUtils.java:logGet(43)) - raft.server.log.purge.gap = 1000000 (custom)
2019-09-19 09:56:56,117 [pool-60-thread-1] INFO  server.RaftServerConfigKeys (ConfUtils.java:logGet(43)) - raft.server.log.appender.buffer.byte-limit = 33554432 (custom)
2019-09-19 09:56:56,117 [pool-60-thread-1] INFO  server.RaftServerConfigKeys (ConfUtils.java:logGet(43)) - raft.server.log.segment.size.max = 1048576 (custom)
2019-09-19 09:56:56,117 [pool-60-thread-1] INFO  server.RaftServerConfigKeys (ConfUtils.java:logGet(43)) - raft.server.log.segment.cache.num.max = 2 (custom)
2019-09-19 09:56:56,117 [pool-60-thread-1] INFO  segmented.SegmentedRaftLogWorker (SegmentedRaftLogWorker.java:<init>(172)) - new ce8f9236-bba2-4942-9bf9-b4bb96b280ac-SegmentedRaftLogWorker:Storage Directory /workdir/hadoop-ozone/tools/target/test-dir/MiniOzoneClusterImpl-3225c09c-430a-4478-b047-7eb735aebfb5/datanode-3/data/ratis/8c2ab780-fc08-4cbb-a54b-5f43cb68ccda for RaftStorage:Storage Directory /workdir/hadoop-ozone/tools/target/test-dir/MiniOzoneClusterImpl-3225c09c-430a-4478-b047-7eb735aebfb5/datanode-3/data/ratis/8c2ab780-fc08-4cbb-a54b-5f43cb68ccda
2019-09-19 09:56:56,117 [pool-60-thread-1] INFO  server.RaftServerConfigKeys (ConfUtils.java:logGet(43)) - raft.server.log.queue.byte-limit = 2147483647 (custom)
2019-09-19 09:56:56,118 [pool-60-thread-1] INFO  server.RaftServerConfigKeys (ConfUtils.java:logGet(43)) - raft.server.log.queue.element-limit = 1024 (custom)
2019-09-19 09:56:56,118 [pool-60-thread-1] INFO  server.RaftServerConfigKeys (ConfUtils.java:logGet(43)) - raft.server.log.segment.size.max = 1048576 (custom)
2019-09-19 09:56:56,118 [pool-60-thread-1] INFO  server.RaftServerConfigKeys (ConfUtils.java:logGet(43)) - raft.server.log.preallocated.size = 16384 (custom)
2019-09-19 09:56:56,118 [pool-60-thread-1] INFO  server.RaftServerConfigKeys (ConfUtils.java:logGet(43)) - raft.server.log.write.buffer.size = 33554432 (custom)
2019-09-19 09:56:56,118 [pool-60-thread-1] INFO  server.RaftServerConfigKeys (ConfUtils.java:logGet(43)) - raft.server.log.force.sync.num = 128 (default)
2019-09-19 09:56:56,118 [pool-60-thread-1] INFO  server.RaftServerConfigKeys (ConfUtils.java:logGet(43)) - raft.server.log.statemachine.data.sync = true (default)
2019-09-19 09:56:56,119 [pool-60-thread-1] INFO  server.RaftServerConfigKeys (ConfUtils.java:logGet(43)) - raft.server.log.statemachine.data.sync.timeout = 10s (default)
2019-09-19 09:56:56,119 [pool-60-thread-1] INFO  server.RaftServerConfigKeys (ConfUtils.java:logGet(43)) - raft.server.log.statemachine.data.sync.timeout.retry = -1 (default)
2019-09-19 09:56:56,119 [pool-60-thread-1] INFO  server.RaftServerConfigKeys (ConfUtils.java:logGet(43)) - raft.server.log.statemachine.data.caching.enabled = true (custom)
2019-09-19 09:56:56,119 [pool-60-thread-1] INFO  segmented.SegmentedRaftLogWorker (SegmentedRaftLogWorker.java:lambda$new$0(132)) - ce8f9236-bba2-4942-9bf9-b4bb96b280ac-SegmentedRaftLogWorker:Storage Directory /workdir/hadoop-ozone/tools/target/test-dir/MiniOzoneClusterImpl-3225c09c-430a-4478-b047-7eb735aebfb5/datanode-3/data/ratis/8c2ab780-fc08-4cbb-a54b-5f43cb68ccda: flushIndex: setUnconditionally 0 -> -1
2019-09-19 09:56:56,120 [pool-60-thread-1] INFO  server.RaftServerConfigKeys (ConfUtils.java:logGet(43)) - raft.server.snapshot.auto.trigger.enabled = true (custom)
2019-09-19 09:56:56,120 [pool-60-thread-1] INFO  server.RaftServerConfigKeys (ConfUtils.java:logGet(43)) - raft.server.snapshot.auto.trigger.threshold = 10000 (custom)
2019-09-19 09:56:56,120 [pool-60-thread-1] INFO  server.RaftServerConfigKeys (ConfUtils.java:logGet(43)) - raft.server.retrycache.expirytime = 600000ms (custom)
2019-09-19 09:56:56,120 [pool-60-thread-1] INFO  impl.RaftServerImpl (RaftServerImpl.java:start(180)) - ce8f9236-bba2-4942-9bf9-b4bb96b280ac: start group-5F43CB68CCDA
2019-09-19 09:56:56,121 [pool-60-thread-1] INFO  impl.RaftServerImpl (RaftServerImpl.java:setRole(171)) - ce8f9236-bba2-4942-9bf9-b4bb96b280ac:group-5F43CB68CCDA changes role from null to FOLLOWER at term 0 for startAsFollower
2019-09-19 09:56:56,121 [pool-60-thread-1] INFO  impl.RoleInfo (RoleInfo.java:updateAndGet(143)) - ce8f9236-bba2-4942-9bf9-b4bb96b280ac: start FollowerState
2019-09-19 09:56:56,121 [pool-60-thread-1] INFO  util.JmxRegister (JmxRegister.java:tryRegister(44)) - Successfully registered JMX Bean with object name Ratis:service=RaftServer,group=group-5F43CB68CCDA,id=ce8f9236-bba2-4942-9bf9-b4bb96b280ac
2019-09-19 09:56:56,126 [RatisPipelineUtilsThread] INFO  pipeline.PipelineStateManager (PipelineStateManager.java:addPipeline(56)) - Created pipeline Pipeline[ Id: 8c2ab780-fc08-4cbb-a54b-5f43cb68ccda, Nodes: ce8f9236-bba2-4942-9bf9-b4bb96b280ac{ip: 192.168.34.5, host: pr-hdds-1569-j4bt4-3030777008, networkLocation: /default-rack, certSerialId: null}, Type:RATIS, Factor:ONE, State:OPEN]
2019-09-19 09:56:56,128 [RatisPipelineUtilsThread] ERROR pipeline.PipelinePlacementPolicy (PipelinePlacementPolicy.java:meetCriteria(91)) - Pipeline Placement: Doesn't meet the criteria to be viable node. Heaviness: 6
2019-09-19 09:56:56,128 [RatisPipelineUtilsThread] ERROR pipeline.PipelinePlacementPolicy (PipelinePlacementPolicy.java:meetCriteria(91)) - Pipeline Placement: Doesn't meet the criteria to be viable node. Heaviness: 6
2019-09-19 09:56:56,128 [RatisPipelineUtilsThread] ERROR pipeline.PipelinePlacementPolicy (PipelinePlacementPolicy.java:meetCriteria(91)) - Pipeline Placement: Doesn't meet the criteria to be viable node. Heaviness: 6
2019-09-19 09:56:56,128 [RatisPipelineUtilsThread] ERROR pipeline.PipelinePlacementPolicy (PipelinePlacementPolicy.java:meetCriteria(91)) - Pipeline Placement: Doesn't meet the criteria to be viable node. Heaviness: 6
2019-09-19 09:56:56,132 [Thread-207] INFO  container.ReplicationManager (ReplicationManager.java:start(151)) - Starting Replication Monitor Thread.
2019-09-19 09:56:56,134 [ReplicationMonitor] INFO  container.ReplicationManager (ReplicationManager.java:run(214)) - Replication Monitor Thread took 0 milliseconds for processing 0 containers.
2019-09-19 09:56:56,138 [grpc-default-executor-0] INFO  impl.RaftServerProxy (RaftServerProxy.java:addNew(89)) - ce8f9236-bba2-4942-9bf9-b4bb96b280ac: addNew group-11124F771B10:[ce8f9236-bba2-4942-9bf9-b4bb96b280ac:192.168.34.5:37969] returns group-11124F771B10:java.util.concurrent.CompletableFuture@71cc12ff[Not completed]
2019-09-19 09:56:56,139 [pool-60-thread-1] INFO  impl.RaftServerImpl (RaftServerImpl.java:<init>(93)) - ce8f9236-bba2-4942-9bf9-b4bb96b280ac: new RaftServerImpl for group-11124F771B10:[ce8f9236-bba2-4942-9bf9-b4bb96b280ac:192.168.34.5:37969] with ContainerStateMachine:uninitialized
2019-09-19 09:56:56,139 [pool-60-thread-1] INFO  server.RaftServerConfigKeys (ConfUtils.java:logGet(43)) - raft.server.rpc.timeout.min = 5s (custom)
2019-09-19 09:56:56,140 [pool-60-thread-1] INFO  server.RaftServerConfigKeys (ConfUtils.java:logGet(43)) - raft.server.rpc.timeout.max = 5200ms (custom)
2019-09-19 09:56:56,140 [pool-60-thread-1] INFO  server.RaftServerConfigKeys (ConfUtils.java:logGet(43)) - raft.server.rpcslowness.timeout = 120s (custom)
2019-09-19 09:56:56,140 [pool-60-thread-1] INFO  server.RaftServerConfigKeys (ConfUtils.java:logGet(43)) - raft.server.sleep.deviation.threshold = 300 (default)
2019-09-19 09:56:56,140 [pool-60-thread-1] INFO  server.RaftServerConfigKeys (ConfUtils.java:logGet(43)) - raft.server.log.appender.install.snapshot.enabled = false (custom)
2019-09-19 09:56:56,140 [pool-60-thread-1] INFO  impl.RaftServerImpl (ServerState.java:<init>(105)) - ce8f9236-bba2-4942-9bf9-b4bb96b280ac:group-11124F771B10 ConfigurationManager, init=-1: [ce8f9236-bba2-4942-9bf9-b4bb96b280ac:192.168.34.5:37969], old=null, confs=<EMPTY_MAP>
2019-09-19 09:56:56,140 [pool-60-thread-1] INFO  server.RaftServerConfigKeys (ConfUtils.java:logGet(43)) - raft.server.storage.dir = [/workdir/hadoop-ozone/tools/target/test-dir/MiniOzoneClusterImpl-3225c09c-430a-4478-b047-7eb735aebfb5/datanode-3/data/ratis] (custom)
2019-09-19 09:56:56,141 [pool-60-thread-1] INFO  storage.RaftStorageDirectory (RaftStorageDirectory.java:analyzeStorage(246)) - The storage directory /workdir/hadoop-ozone/tools/target/test-dir/MiniOzoneClusterImpl-3225c09c-430a-4478-b047-7eb735aebfb5/datanode-3/data/ratis/5c08a38d-bb26-4f90-ab8d-11124f771b10 does not exist. Creating ...
2019-09-19 09:56:56,153 [pool-60-thread-1] INFO  storage.RaftStorageDirectory (RaftStorageDirectory.java:tryLock(328)) - Lock on /workdir/hadoop-ozone/tools/target/test-dir/MiniOzoneClusterImpl-3225c09c-430a-4478-b047-7eb735aebfb5/datanode-3/data/ratis/5c08a38d-bb26-4f90-ab8d-11124f771b10/in_use.lock acquired by nodename 18075@pr-hdds-1569-j4bt4-3030777008
2019-09-19 09:56:56,167 [pool-60-thread-1] INFO  storage.RaftStorage (RaftStorage.java:format(72)) - Storage directory /workdir/hadoop-ozone/tools/target/test-dir/MiniOzoneClusterImpl-3225c09c-430a-4478-b047-7eb735aebfb5/datanode-3/data/ratis/5c08a38d-bb26-4f90-ab8d-11124f771b10 has been successfully formatted.
2019-09-19 09:56:56,167 [pool-60-thread-1] INFO  ratis.ContainerStateMachine (ContainerStateMachine.java:loadSnapshot(226)) - group-11124F771B10: The snapshot info is null. Setting the last applied indexto:(t:0, i:~)
2019-09-19 09:56:56,167 [pool-60-thread-1] INFO  server.RaftServerConfigKeys (ConfUtils.java:logGet(43)) - raft.server.leader.election.timeout = 120s (custom)
2019-09-19 09:56:56,167 [pool-60-thread-1] INFO  server.RaftServerConfigKeys (ConfUtils.java:logGet(43)) - raft.server.log.use.memory = false (default)
2019-09-19 09:56:56,168 [pool-60-thread-1] INFO  server.RaftServerConfigKeys (ConfUtils.java:logGet(43)) - raft.server.log.purge.gap = 1000000 (custom)
2019-09-19 09:56:56,168 [pool-60-thread-1] INFO  server.RaftServerConfigKeys (ConfUtils.java:logGet(43)) - raft.server.log.appender.buffer.byte-limit = 33554432 (custom)
2019-09-19 09:56:56,168 [pool-60-thread-1] INFO  server.RaftServerConfigKeys (ConfUtils.java:logGet(43)) - raft.server.log.segment.size.max = 1048576 (custom)
2019-09-19 09:56:56,168 [pool-60-thread-1] INFO  server.RaftServerConfigKeys (ConfUtils.java:logGet(43)) - raft.server.log.segment.cache.num.max = 2 (custom)
2019-09-19 09:56:56,168 [pool-60-thread-1] INFO  segmented.SegmentedRaftLogWorker (SegmentedRaftLogWorker.java:<init>(172)) - new ce8f9236-bba2-4942-9bf9-b4bb96b280ac-SegmentedRaftLogWorker:Storage Directory /workdir/hadoop-ozone/tools/target/test-dir/MiniOzoneClusterImpl-3225c09c-430a-4478-b047-7eb735aebfb5/datanode-3/data/ratis/5c08a38d-bb26-4f90-ab8d-11124f771b10 for RaftStorage:Storage Directory /workdir/hadoop-ozone/tools/target/test-dir/MiniOzoneClusterImpl-3225c09c-430a-4478-b047-7eb735aebfb5/datanode-3/data/ratis/5c08a38d-bb26-4f90-ab8d-11124f771b10
2019-09-19 09:56:56,168 [pool-60-thread-1] INFO  server.RaftServerConfigKeys (ConfUtils.java:logGet(43)) - raft.server.log.queue.byte-limit = 2147483647 (custom)
2019-09-19 09:56:56,169 [pool-60-thread-1] INFO  server.RaftServerConfigKeys (ConfUtils.java:logGet(43)) - raft.server.log.queue.element-limit = 1024 (custom)
2019-09-19 09:56:56,169 [pool-60-thread-1] INFO  server.RaftServerConfigKeys (ConfUtils.java:logGet(43)) - raft.server.log.segment.size.max = 1048576 (custom)
2019-09-19 09:56:56,169 [pool-60-thread-1] INFO  server.RaftServerConfigKeys (ConfUtils.java:logGet(43)) - raft.server.log.preallocated.size = 16384 (custom)
2019-09-19 09:56:56,169 [pool-60-thread-1] INFO  server.RaftServerConfigKeys (ConfUtils.java:logGet(43)) - raft.server.log.write.buffer.size = 33554432 (custom)
2019-09-19 09:56:56,169 [pool-60-thread-1] INFO  server.RaftServerConfigKeys (ConfUtils.java:logGet(43)) - raft.server.log.force.sync.num = 128 (default)
2019-09-19 09:56:56,169 [pool-60-thread-1] INFO  server.RaftServerConfigKeys (ConfUtils.java:logGet(43)) - raft.server.log.statemachine.data.sync = true (default)
2019-09-19 09:56:56,170 [pool-60-thread-1] INFO  server.RaftServerConfigKeys (ConfUtils.java:logGet(43)) - raft.server.log.statemachine.data.sync.timeout = 10s (default)
2019-09-19 09:56:56,170 [pool-60-thread-1] INFO  server.RaftServerConfigKeys (ConfUtils.java:logGet(43)) - raft.server.log.statemachine.data.sync.timeout.retry = -1 (default)
2019-09-19 09:56:56,170 [pool-60-thread-1] INFO  server.RaftServerConfigKeys (ConfUtils.java:logGet(43)) - raft.server.log.statemachine.data.caching.enabled = true (custom)
2019-09-19 09:56:56,170 [pool-60-thread-1] INFO  segmented.SegmentedRaftLogWorker (SegmentedRaftLogWorker.java:lambda$new$0(132)) - ce8f9236-bba2-4942-9bf9-b4bb96b280ac-SegmentedRaftLogWorker:Storage Directory /workdir/hadoop-ozone/tools/target/test-dir/MiniOzoneClusterImpl-3225c09c-430a-4478-b047-7eb735aebfb5/datanode-3/data/ratis/5c08a38d-bb26-4f90-ab8d-11124f771b10: flushIndex: setUnconditionally 0 -> -1
2019-09-19 09:56:56,171 [pool-60-thread-1] INFO  server.RaftServerConfigKeys (ConfUtils.java:logGet(43)) - raft.server.snapshot.auto.trigger.enabled = true (custom)
2019-09-19 09:56:56,171 [pool-60-thread-1] INFO  server.RaftServerConfigKeys (ConfUtils.java:logGet(43)) - raft.server.snapshot.auto.trigger.threshold = 10000 (custom)
2019-09-19 09:56:56,171 [pool-60-thread-1] INFO  server.RaftServerConfigKeys (ConfUtils.java:logGet(43)) - raft.server.retrycache.expirytime = 600000ms (custom)
2019-09-19 09:56:56,171 [pool-60-thread-1] INFO  impl.RaftServerImpl (RaftServerImpl.java:start(180)) - ce8f9236-bba2-4942-9bf9-b4bb96b280ac: start group-11124F771B10
2019-09-19 09:56:56,171 [pool-60-thread-1] INFO  impl.RaftServerImpl (RaftServerImpl.java:setRole(171)) - ce8f9236-bba2-4942-9bf9-b4bb96b280ac:group-11124F771B10 changes role from null to FOLLOWER at term 0 for startAsFollower
2019-09-19 09:56:56,172 [pool-60-thread-1] INFO  impl.RoleInfo (RoleInfo.java:updateAndGet(143)) - ce8f9236-bba2-4942-9bf9-b4bb96b280ac: start FollowerState
2019-09-19 09:56:56,172 [pool-60-thread-1] INFO  util.JmxRegister (JmxRegister.java:tryRegister(44)) - Successfully registered JMX Bean with object name Ratis:service=RaftServer,group=group-11124F771B10,id=ce8f9236-bba2-4942-9bf9-b4bb96b280ac
2019-09-19 09:56:56,177 [RatisPipelineUtilsThread] INFO  pipeline.PipelineStateManager (PipelineStateManager.java:addPipeline(56)) - Created pipeline Pipeline[ Id: 5c08a38d-bb26-4f90-ab8d-11124f771b10, Nodes: ce8f9236-bba2-4942-9bf9-b4bb96b280ac{ip: 192.168.34.5, host: pr-hdds-1569-j4bt4-3030777008, networkLocation: /default-rack, certSerialId: null}, Type:RATIS, Factor:ONE, State:OPEN]
2019-09-19 09:56:56,179 [RatisPipelineUtilsThread] ERROR pipeline.PipelinePlacementPolicy (PipelinePlacementPolicy.java:meetCriteria(91)) - Pipeline Placement: Doesn't meet the criteria to be viable node. Heaviness: 6
2019-09-19 09:56:56,179 [RatisPipelineUtilsThread] ERROR pipeline.PipelinePlacementPolicy (PipelinePlacementPolicy.java:meetCriteria(91)) - Pipeline Placement: Doesn't meet the criteria to be viable node. Heaviness: 6
2019-09-19 09:56:56,179 [RatisPipelineUtilsThread] ERROR pipeline.PipelinePlacementPolicy (PipelinePlacementPolicy.java:meetCriteria(91)) - Pipeline Placement: Doesn't meet the criteria to be viable node. Heaviness: 6
2019-09-19 09:56:56,179 [RatisPipelineUtilsThread] ERROR pipeline.PipelinePlacementPolicy (PipelinePlacementPolicy.java:meetCriteria(91)) - Pipeline Placement: Doesn't meet the criteria to be viable node. Heaviness: 6
2019-09-19 09:56:56,188 [grpc-default-executor-0] INFO  impl.RaftServerProxy (RaftServerProxy.java:addNew(89)) - ce8f9236-bba2-4942-9bf9-b4bb96b280ac: addNew group-76863F6E2B3D:[ce8f9236-bba2-4942-9bf9-b4bb96b280ac:192.168.34.5:37969] returns group-76863F6E2B3D:java.util.concurrent.CompletableFuture@736f6ced[Not completed]
2019-09-19 09:56:56,190 [pool-60-thread-1] INFO  impl.RaftServerImpl (RaftServerImpl.java:<init>(93)) - ce8f9236-bba2-4942-9bf9-b4bb96b280ac: new RaftServerImpl for group-76863F6E2B3D:[ce8f9236-bba2-4942-9bf9-b4bb96b280ac:192.168.34.5:37969] with ContainerStateMachine:uninitialized
2019-09-19 09:56:56,190 [pool-60-thread-1] INFO  server.RaftServerConfigKeys (ConfUtils.java:logGet(43)) - raft.server.rpc.timeout.min = 5s (custom)
2019-09-19 09:56:56,190 [pool-60-thread-1] INFO  server.RaftServerConfigKeys (ConfUtils.java:logGet(43)) - raft.server.rpc.timeout.max = 5200ms (custom)
2019-09-19 09:56:56,190 [pool-60-thread-1] INFO  server.RaftServerConfigKeys (ConfUtils.java:logGet(43)) - raft.server.rpcslowness.timeout = 120s (custom)
2019-09-19 09:56:56,190 [pool-60-thread-1] INFO  server.RaftServerConfigKeys (ConfUtils.java:logGet(43)) - raft.server.sleep.deviation.threshold = 300 (default)
2019-09-19 09:56:56,190 [pool-60-thread-1] INFO  server.RaftServerConfigKeys (ConfUtils.java:logGet(43)) - raft.server.log.appender.install.snapshot.enabled = false (custom)
2019-09-19 09:56:56,191 [pool-60-thread-1] INFO  impl.RaftServerImpl (ServerState.java:<init>(105)) - ce8f9236-bba2-4942-9bf9-b4bb96b280ac:group-76863F6E2B3D ConfigurationManager, init=-1: [ce8f9236-bba2-4942-9bf9-b4bb96b280ac:192.168.34.5:37969], old=null, confs=<EMPTY_MAP>
2019-09-19 09:56:56,191 [pool-60-thread-1] INFO  server.RaftServerConfigKeys (ConfUtils.java:logGet(43)) - raft.server.storage.dir = [/workdir/hadoop-ozone/tools/target/test-dir/MiniOzoneClusterImpl-3225c09c-430a-4478-b047-7eb735aebfb5/datanode-3/data/ratis] (custom)
2019-09-19 09:56:56,191 [pool-60-thread-1] INFO  storage.RaftStorageDirectory (RaftStorageDirectory.java:analyzeStorage(246)) - The storage directory /workdir/hadoop-ozone/tools/target/test-dir/MiniOzoneClusterImpl-3225c09c-430a-4478-b047-7eb735aebfb5/datanode-3/data/ratis/af508144-61d4-472e-b08b-76863f6e2b3d does not exist. Creating ...
2019-09-19 09:56:56,204 [pool-60-thread-1] INFO  storage.RaftStorageDirectory (RaftStorageDirectory.java:tryLock(328)) - Lock on /workdir/hadoop-ozone/tools/target/test-dir/MiniOzoneClusterImpl-3225c09c-430a-4478-b047-7eb735aebfb5/datanode-3/data/ratis/af508144-61d4-472e-b08b-76863f6e2b3d/in_use.lock acquired by nodename 18075@pr-hdds-1569-j4bt4-3030777008
2019-09-19 09:56:56,224 [pool-60-thread-1] INFO  storage.RaftStorage (RaftStorage.java:format(72)) - Storage directory /workdir/hadoop-ozone/tools/target/test-dir/MiniOzoneClusterImpl-3225c09c-430a-4478-b047-7eb735aebfb5/datanode-3/data/ratis/af508144-61d4-472e-b08b-76863f6e2b3d has been successfully formatted.
2019-09-19 09:56:56,224 [pool-60-thread-1] INFO  ratis.ContainerStateMachine (ContainerStateMachine.java:loadSnapshot(226)) - group-76863F6E2B3D: The snapshot info is null. Setting the last applied indexto:(t:0, i:~)
2019-09-19 09:56:56,225 [pool-60-thread-1] INFO  server.RaftServerConfigKeys (ConfUtils.java:logGet(43)) - raft.server.leader.election.timeout = 120s (custom)
2019-09-19 09:56:56,225 [pool-60-thread-1] INFO  server.RaftServerConfigKeys (ConfUtils.java:logGet(43)) - raft.server.log.use.memory = false (default)
2019-09-19 09:56:56,225 [pool-60-thread-1] INFO  server.RaftServerConfigKeys (ConfUtils.java:logGet(43)) - raft.server.log.purge.gap = 1000000 (custom)
2019-09-19 09:56:56,225 [pool-60-thread-1] INFO  server.RaftServerConfigKeys (ConfUtils.java:logGet(43)) - raft.server.log.appender.buffer.byte-limit = 33554432 (custom)
2019-09-19 09:56:56,225 [pool-60-thread-1] INFO  server.RaftServerConfigKeys (ConfUtils.java:logGet(43)) - raft.server.log.segment.size.max = 1048576 (custom)
2019-09-19 09:56:56,225 [pool-60-thread-1] INFO  server.RaftServerConfigKeys (ConfUtils.java:logGet(43)) - raft.server.log.segment.cache.num.max = 2 (custom)
2019-09-19 09:56:56,226 [pool-60-thread-1] INFO  segmented.SegmentedRaftLogWorker (SegmentedRaftLogWorker.java:<init>(172)) - new ce8f9236-bba2-4942-9bf9-b4bb96b280ac-SegmentedRaftLogWorker:Storage Directory /workdir/hadoop-ozone/tools/target/test-dir/MiniOzoneClusterImpl-3225c09c-430a-4478-b047-7eb735aebfb5/datanode-3/data/ratis/af508144-61d4-472e-b08b-76863f6e2b3d for RaftStorage:Storage Directory /workdir/hadoop-ozone/tools/target/test-dir/MiniOzoneClusterImpl-3225c09c-430a-4478-b047-7eb735aebfb5/datanode-3/data/ratis/af508144-61d4-472e-b08b-76863f6e2b3d
2019-09-19 09:56:56,226 [pool-60-thread-1] INFO  server.RaftServerConfigKeys (ConfUtils.java:logGet(43)) - raft.server.log.queue.byte-limit = 2147483647 (custom)
2019-09-19 09:56:56,226 [pool-60-thread-1] INFO  server.RaftServerConfigKeys (ConfUtils.java:logGet(43)) - raft.server.log.queue.element-limit = 1024 (custom)
2019-09-19 09:56:56,226 [pool-60-thread-1] INFO  server.RaftServerConfigKeys (ConfUtils.java:logGet(43)) - raft.server.log.segment.size.max = 1048576 (custom)
2019-09-19 09:56:56,226 [pool-60-thread-1] INFO  server.RaftServerConfigKeys (ConfUtils.java:logGet(43)) - raft.server.log.preallocated.size = 16384 (custom)
2019-09-19 09:56:56,226 [pool-60-thread-1] INFO  server.RaftServerConfigKeys (ConfUtils.java:logGet(43)) - raft.server.log.write.buffer.size = 33554432 (custom)
2019-09-19 09:56:56,227 [pool-60-thread-1] INFO  server.RaftServerConfigKeys (ConfUtils.java:logGet(43)) - raft.server.log.force.sync.num = 128 (default)
2019-09-19 09:56:56,227 [pool-60-thread-1] INFO  server.RaftServerConfigKeys (ConfUtils.java:logGet(43)) - raft.server.log.statemachine.data.sync = true (default)
2019-09-19 09:56:56,227 [pool-60-thread-1] INFO  server.RaftServerConfigKeys (ConfUtils.java:logGet(43)) - raft.server.log.statemachine.data.sync.timeout = 10s (default)
2019-09-19 09:56:56,227 [pool-60-thread-1] INFO  server.RaftServerConfigKeys (ConfUtils.java:logGet(43)) - raft.server.log.statemachine.data.sync.timeout.retry = -1 (default)
2019-09-19 09:56:56,227 [pool-60-thread-1] INFO  server.RaftServerConfigKeys (ConfUtils.java:logGet(43)) - raft.server.log.statemachine.data.caching.enabled = true (custom)
2019-09-19 09:56:56,228 [pool-60-thread-1] INFO  segmented.SegmentedRaftLogWorker (SegmentedRaftLogWorker.java:lambda$new$0(132)) - ce8f9236-bba2-4942-9bf9-b4bb96b280ac-SegmentedRaftLogWorker:Storage Directory /workdir/hadoop-ozone/tools/target/test-dir/MiniOzoneClusterImpl-3225c09c-430a-4478-b047-7eb735aebfb5/datanode-3/data/ratis/af508144-61d4-472e-b08b-76863f6e2b3d: flushIndex: setUnconditionally 0 -> -1
2019-09-19 09:56:56,228 [pool-60-thread-1] INFO  server.RaftServerConfigKeys (ConfUtils.java:logGet(43)) - raft.server.snapshot.auto.trigger.enabled = true (custom)
2019-09-19 09:56:56,228 [pool-60-thread-1] INFO  server.RaftServerConfigKeys (ConfUtils.java:logGet(43)) - raft.server.snapshot.auto.trigger.threshold = 10000 (custom)
2019-09-19 09:56:56,228 [pool-60-thread-1] INFO  server.RaftServerConfigKeys (ConfUtils.java:logGet(43)) - raft.server.retrycache.expirytime = 600000ms (custom)
2019-09-19 09:56:56,229 [pool-60-thread-1] INFO  impl.RaftServerImpl (RaftServerImpl.java:start(180)) - ce8f9236-bba2-4942-9bf9-b4bb96b280ac: start group-76863F6E2B3D
2019-09-19 09:56:56,229 [pool-60-thread-1] INFO  impl.RaftServerImpl (RaftServerImpl.java:setRole(171)) - ce8f9236-bba2-4942-9bf9-b4bb96b280ac:group-76863F6E2B3D changes role from null to FOLLOWER at term 0 for startAsFollower
2019-09-19 09:56:56,229 [pool-60-thread-1] INFO  impl.RoleInfo (RoleInfo.java:updateAndGet(143)) - ce8f9236-bba2-4942-9bf9-b4bb96b280ac: start FollowerState
2019-09-19 09:56:56,229 [pool-60-thread-1] INFO  util.JmxRegister (JmxRegister.java:tryRegister(44)) - Successfully registered JMX Bean with object name Ratis:service=RaftServer,group=group-76863F6E2B3D,id=ce8f9236-bba2-4942-9bf9-b4bb96b280ac
2019-09-19 09:56:56,235 [RatisPipelineUtilsThread] INFO  pipeline.PipelineStateManager (PipelineStateManager.java:addPipeline(56)) - Created pipeline Pipeline[ Id: af508144-61d4-472e-b08b-76863f6e2b3d, Nodes: ce8f9236-bba2-4942-9bf9-b4bb96b280ac{ip: 192.168.34.5, host: pr-hdds-1569-j4bt4-3030777008, networkLocation: /default-rack, certSerialId: null}, Type:RATIS, Factor:ONE, State:OPEN]
2019-09-19 09:56:56,237 [RatisPipelineUtilsThread] ERROR pipeline.PipelinePlacementPolicy (PipelinePlacementPolicy.java:meetCriteria(91)) - Pipeline Placement: Doesn't meet the criteria to be viable node. Heaviness: 6
2019-09-19 09:56:56,237 [RatisPipelineUtilsThread] ERROR pipeline.PipelinePlacementPolicy (PipelinePlacementPolicy.java:meetCriteria(91)) - Pipeline Placement: Doesn't meet the criteria to be viable node. Heaviness: 6
2019-09-19 09:56:56,237 [RatisPipelineUtilsThread] ERROR pipeline.PipelinePlacementPolicy (PipelinePlacementPolicy.java:meetCriteria(91)) - Pipeline Placement: Doesn't meet the criteria to be viable node. Heaviness: 6
2019-09-19 09:56:56,238 [RatisPipelineUtilsThread] ERROR pipeline.PipelinePlacementPolicy (PipelinePlacementPolicy.java:meetCriteria(91)) - Pipeline Placement: Doesn't meet the criteria to be viable node. Heaviness: 6
2019-09-19 09:56:56,238 [RatisPipelineUtilsThread] ERROR pipeline.PipelinePlacementPolicy (PipelinePlacementPolicy.java:meetCriteria(91)) - Pipeline Placement: Doesn't meet the criteria to be viable node. Heaviness: 6
2019-09-19 09:56:56,238 [RatisPipelineUtilsThread] ERROR pipeline.PipelinePlacementPolicy (PipelinePlacementPolicy.java:filterViableNodes(146)) - Unable to find enough nodes that meet the criteria that cannot engage in more than 5 pipelines. Nodes required: 1 Found: 0, healthy nodes count inNodeManager: 5.
2019-09-19 09:56:56,240 [RatisPipelineUtilsThread] ERROR pipeline.SCMPipelineManager (SCMPipelineManager.java:createPipeline(161)) - Pipeline creation failed due to exception: Unable to find enough nodes that meet the criteria that cannot engage in more than 5 pipelines. Nodes required: 1 Found: 0, healthy nodes count inNodeManager: 5.
2019-09-19 09:56:56,240 [RatisPipelineUtilsThread] ERROR pipeline.PipelinePlacementPolicy (PipelinePlacementPolicy.java:meetCriteria(91)) - Pipeline Placement: Doesn't meet the criteria to be viable node. Heaviness: 6
2019-09-19 09:56:56,240 [RatisPipelineUtilsThread] ERROR pipeline.PipelinePlacementPolicy (PipelinePlacementPolicy.java:meetCriteria(91)) - Pipeline Placement: Doesn't meet the criteria to be viable node. Heaviness: 6
2019-09-19 09:56:56,240 [RatisPipelineUtilsThread] ERROR pipeline.PipelinePlacementPolicy (PipelinePlacementPolicy.java:meetCriteria(91)) - Pipeline Placement: Doesn't meet the criteria to be viable node. Heaviness: 6
2019-09-19 09:56:56,241 [RatisPipelineUtilsThread] ERROR pipeline.PipelinePlacementPolicy (PipelinePlacementPolicy.java:meetCriteria(91)) - Pipeline Placement: Doesn't meet the criteria to be viable node. Heaviness: 6
2019-09-19 09:56:56,241 [RatisPipelineUtilsThread] ERROR pipeline.PipelinePlacementPolicy (PipelinePlacementPolicy.java:meetCriteria(91)) - Pipeline Placement: Doesn't meet the criteria to be viable node. Heaviness: 6
2019-09-19 09:56:56,241 [RatisPipelineUtilsThread] ERROR pipeline.PipelinePlacementPolicy (PipelinePlacementPolicy.java:filterViableNodes(146)) - Unable to find enough nodes that meet the criteria that cannot engage in more than 5 pipelines. Nodes required: 3 Found: 0, healthy nodes count inNodeManager: 5.
2019-09-19 09:56:56,241 [RatisPipelineUtilsThread] ERROR pipeline.SCMPipelineManager (SCMPipelineManager.java:createPipeline(161)) - Pipeline creation failed due to exception: Unable to find enough nodes that meet the criteria that cannot engage in more than 5 pipelines. Nodes required: 3 Found: 0, healthy nodes count inNodeManager: 5.
2019-09-19 09:56:56,243 [RatisPipelineUtilsThread] ERROR pipeline.PipelinePlacementPolicy (PipelinePlacementPolicy.java:meetCriteria(91)) - Pipeline Placement: Doesn't meet the criteria to be viable node. Heaviness: 6
2019-09-19 09:56:56,243 [RatisPipelineUtilsThread] ERROR pipeline.PipelinePlacementPolicy (PipelinePlacementPolicy.java:meetCriteria(91)) - Pipeline Placement: Doesn't meet the criteria to be viable node. Heaviness: 6
2019-09-19 09:56:56,243 [RatisPipelineUtilsThread] ERROR pipeline.PipelinePlacementPolicy (PipelinePlacementPolicy.java:meetCriteria(91)) - Pipeline Placement: Doesn't meet the criteria to be viable node. Heaviness: 6
2019-09-19 09:56:56,244 [RatisPipelineUtilsThread] ERROR pipeline.PipelinePlacementPolicy (PipelinePlacementPolicy.java:meetCriteria(91)) - Pipeline Placement: Doesn't meet the criteria to be viable node. Heaviness: 6
2019-09-19 09:56:56,244 [RatisPipelineUtilsThread] ERROR pipeline.PipelinePlacementPolicy (PipelinePlacementPolicy.java:meetCriteria(91)) - Pipeline Placement: Doesn't meet the criteria to be viable node. Heaviness: 6
2019-09-19 09:56:56,244 [RatisPipelineUtilsThread] ERROR pipeline.PipelinePlacementPolicy (PipelinePlacementPolicy.java:filterViableNodes(146)) - Unable to find enough nodes that meet the criteria that cannot engage in more than 5 pipelines. Nodes required: 1 Found: 0, healthy nodes count inNodeManager: 5.
2019-09-19 09:56:56,244 [RatisPipelineUtilsThread] ERROR pipeline.SCMPipelineManager (SCMPipelineManager.java:createPipeline(161)) - Pipeline creation failed due to exception: Unable to find enough nodes that meet the criteria that cannot engage in more than 5 pipelines. Nodes required: 1 Found: 0, healthy nodes count inNodeManager: 5.
2019-09-19 09:56:56,245 [RatisPipelineUtilsThread] ERROR pipeline.PipelinePlacementPolicy (PipelinePlacementPolicy.java:meetCriteria(91)) - Pipeline Placement: Doesn't meet the criteria to be viable node. Heaviness: 6
2019-09-19 09:56:56,245 [RatisPipelineUtilsThread] ERROR pipeline.PipelinePlacementPolicy (PipelinePlacementPolicy.java:meetCriteria(91)) - Pipeline Placement: Doesn't meet the criteria to be viable node. Heaviness: 6
2019-09-19 09:56:56,245 [RatisPipelineUtilsThread] ERROR pipeline.PipelinePlacementPolicy (PipelinePlacementPolicy.java:meetCriteria(91)) - Pipeline Placement: Doesn't meet the criteria to be viable node. Heaviness: 6
2019-09-19 09:56:56,245 [RatisPipelineUtilsThread] ERROR pipeline.PipelinePlacementPolicy (PipelinePlacementPolicy.java:meetCriteria(91)) - Pipeline Placement: Doesn't meet the criteria to be viable node. Heaviness: 6
2019-09-19 09:56:56,245 [RatisPipelineUtilsThread] ERROR pipeline.PipelinePlacementPolicy (PipelinePlacementPolicy.java:meetCriteria(91)) - Pipeline Placement: Doesn't meet the criteria to be viable node. Heaviness: 6
2019-09-19 09:56:56,246 [RatisPipelineUtilsThread] ERROR pipeline.PipelinePlacementPolicy (PipelinePlacementPolicy.java:filterViableNodes(146)) - Unable to find enough nodes that meet the criteria that cannot engage in more than 5 pipelines. Nodes required: 3 Found: 0, healthy nodes count inNodeManager: 5.
2019-09-19 09:56:56,246 [RatisPipelineUtilsThread] ERROR pipeline.SCMPipelineManager (SCMPipelineManager.java:createPipeline(161)) - Pipeline creation failed due to exception: Unable to find enough nodes that meet the criteria that cannot engage in more than 5 pipelines. Nodes required: 3 Found: 0, healthy nodes count inNodeManager: 5.
2019-09-19 09:56:56,246 [IPC Server handler 0 on 37935] ERROR pipeline.PipelinePlacementPolicy (PipelinePlacementPolicy.java:meetCriteria(91)) - Pipeline Placement: Doesn't meet the criteria to be viable node. Heaviness: 6
2019-09-19 09:56:56,246 [IPC Server handler 0 on 37935] ERROR pipeline.PipelinePlacementPolicy (PipelinePlacementPolicy.java:meetCriteria(91)) - Pipeline Placement: Doesn't meet the criteria to be viable node. Heaviness: 6
2019-09-19 09:56:56,246 [IPC Server handler 0 on 37935] ERROR pipeline.PipelinePlacementPolicy (PipelinePlacementPolicy.java:meetCriteria(91)) - Pipeline Placement: Doesn't meet the criteria to be viable node. Heaviness: 6
2019-09-19 09:56:56,247 [IPC Server handler 0 on 37935] ERROR pipeline.PipelinePlacementPolicy (PipelinePlacementPolicy.java:meetCriteria(91)) - Pipeline Placement: Doesn't meet the criteria to be viable node. Heaviness: 6
2019-09-19 09:56:56,247 [IPC Server handler 0 on 37935] ERROR pipeline.PipelinePlacementPolicy (PipelinePlacementPolicy.java:meetCriteria(91)) - Pipeline Placement: Doesn't meet the criteria to be viable node. Heaviness: 6
2019-09-19 09:56:56,247 [IPC Server handler 0 on 37935] ERROR pipeline.PipelinePlacementPolicy (PipelinePlacementPolicy.java:filterViableNodes(146)) - Unable to find enough nodes that meet the criteria that cannot engage in more than 5 pipelines. Nodes required: 3 Found: 0, healthy nodes count inNodeManager: 5.
2019-09-19 09:56:56,247 [IPC Server handler 0 on 37935] ERROR pipeline.SCMPipelineManager (SCMPipelineManager.java:createPipeline(161)) - Pipeline creation failed due to exception: Unable to find enough nodes that meet the criteria that cannot engage in more than 5 pipelines. Nodes required: 3 Found: 0, healthy nodes count inNodeManager: 5.
2019-09-19 09:56:56,248 [IPC Server handler 0 on 37935] WARN  block.BlockManagerImpl (BlockManagerImpl.java:allocateBlock(192)) - Pipeline creation failed for type:RATIS factor:THREE. Retrying get pipelines call once.
org.apache.hadoop.hdds.scm.exceptions.SCMException: Unable to find enough nodes that meet the criteria that cannot engage in more than 5 pipelines. Nodes required: 3 Found: 0, healthy nodes count inNodeManager: 5.
	at org.apache.hadoop.hdds.scm.pipeline.PipelinePlacementPolicy.filterViableNodes(PipelinePlacementPolicy.java:147)
	at org.apache.hadoop.hdds.scm.pipeline.PipelinePlacementPolicy.chooseDatanodes(PipelinePlacementPolicy.java:170)
	at org.apache.hadoop.hdds.scm.pipeline.RatisPipelineProvider.create(RatisPipelineProvider.java:92)
	at org.apache.hadoop.hdds.scm.pipeline.PipelineFactory.create(PipelineFactory.java:57)
	at org.apache.hadoop.hdds.scm.pipeline.SCMPipelineManager.createPipeline(SCMPipelineManager.java:149)
	at org.apache.hadoop.hdds.scm.block.BlockManagerImpl.allocateBlock(BlockManagerImpl.java:190)
	at org.apache.hadoop.hdds.scm.server.SCMBlockProtocolServer.allocateBlock(SCMBlockProtocolServer.java:175)
	at org.apache.hadoop.ozone.protocolPB.ScmBlockLocationProtocolServerSideTranslatorPB.allocateScmBlock(ScmBlockLocationProtocolServerSideTranslatorPB.java:153)
	at org.apache.hadoop.ozone.protocolPB.ScmBlockLocationProtocolServerSideTranslatorPB.send(ScmBlockLocationProtocolServerSideTranslatorPB.java:112)
	at org.apache.hadoop.hdds.protocol.proto.ScmBlockLocationProtocolProtos$ScmBlockLocationProtocolService$2.callBlockingMethod(ScmBlockLocationProtocolProtos.java:13157)
	at org.apache.hadoop.ipc.ProtobufRpcEngine$Server$ProtoBufRpcInvoker.call(ProtobufRpcEngine.java:524)
	at org.apache.hadoop.ipc.RPC$Server.call(RPC.java:1025)
	at org.apache.hadoop.ipc.Server$RpcCall.run(Server.java:876)
	at org.apache.hadoop.ipc.Server$RpcCall.run(Server.java:822)
	at java.security.AccessController.doPrivileged(Native Method)
	at javax.security.auth.Subject.doAs(Subject.java:422)
	at org.apache.hadoop.security.UserGroupInformation.doAs(UserGroupInformation.java:1730)
	at org.apache.hadoop.ipc.Server$Handler.run(Server.java:2682)
2019-09-19 09:56:56,251 [IPC Server handler 0 on 37935] INFO  block.BlockManagerImpl (BlockManagerImpl.java:allocateBlock(198)) - Could not find available pipeline of type:RATIS and factor:THREE even after retrying
2019-09-19 09:56:56,251 [IPC Server handler 0 on 37935] ERROR block.BlockManagerImpl (BlockManagerImpl.java:allocateBlock(222)) - Unable to allocate a block for the size: 4194304, type: RATIS, factor: THREE
2019-09-19 09:56:56,251 [IPC Server handler 0 on 37935] ERROR pipeline.PipelinePlacementPolicy (PipelinePlacementPolicy.java:meetCriteria(91)) - Pipeline Placement: Doesn't meet the criteria to be viable node. Heaviness: 6
2019-09-19 09:56:56,251 [IPC Server handler 0 on 37935] ERROR pipeline.PipelinePlacementPolicy (PipelinePlacementPolicy.java:meetCriteria(91)) - Pipeline Placement: Doesn't meet the criteria to be viable node. Heaviness: 6
2019-09-19 09:56:56,252 [IPC Server handler 0 on 37935] ERROR pipeline.PipelinePlacementPolicy (PipelinePlacementPolicy.java:meetCriteria(91)) - Pipeline Placement: Doesn't meet the criteria to be viable node. Heaviness: 6
2019-09-19 09:56:56,252 [IPC Server handler 0 on 37935] ERROR pipeline.PipelinePlacementPolicy (PipelinePlacementPolicy.java:meetCriteria(91)) - Pipeline Placement: Doesn't meet the criteria to be viable node. Heaviness: 6
2019-09-19 09:56:56,252 [IPC Server handler 0 on 37935] ERROR pipeline.PipelinePlacementPolicy (PipelinePlacementPolicy.java:meetCriteria(91)) - Pipeline Placement: Doesn't meet the criteria to be viable node. Heaviness: 6
2019-09-19 09:56:56,252 [IPC Server handler 0 on 37935] ERROR pipeline.PipelinePlacementPolicy (PipelinePlacementPolicy.java:filterViableNodes(146)) - Unable to find enough nodes that meet the criteria that cannot engage in more than 5 pipelines. Nodes required: 3 Found: 0, healthy nodes count inNodeManager: 5.
2019-09-19 09:56:56,252 [IPC Server handler 0 on 37935] ERROR pipeline.SCMPipelineManager (SCMPipelineManager.java:createPipeline(161)) - Pipeline creation failed due to exception: Unable to find enough nodes that meet the criteria that cannot engage in more than 5 pipelines. Nodes required: 3 Found: 0, healthy nodes count inNodeManager: 5.
2019-09-19 09:56:56,252 [IPC Server handler 0 on 37935] WARN  block.BlockManagerImpl (BlockManagerImpl.java:allocateBlock(192)) - Pipeline creation failed for type:RATIS factor:THREE. Retrying get pipelines call once.
org.apache.hadoop.hdds.scm.exceptions.SCMException: Unable to find enough nodes that meet the criteria that cannot engage in more than 5 pipelines. Nodes required: 3 Found: 0, healthy nodes count inNodeManager: 5.
	at org.apache.hadoop.hdds.scm.pipeline.PipelinePlacementPolicy.filterViableNodes(PipelinePlacementPolicy.java:147)
	at org.apache.hadoop.hdds.scm.pipeline.PipelinePlacementPolicy.chooseDatanodes(PipelinePlacementPolicy.java:170)
	at org.apache.hadoop.hdds.scm.pipeline.RatisPipelineProvider.create(RatisPipelineProvider.java:92)
	at org.apache.hadoop.hdds.scm.pipeline.PipelineFactory.create(PipelineFactory.java:57)
	at org.apache.hadoop.hdds.scm.pipeline.SCMPipelineManager.createPipeline(SCMPipelineManager.java:149)
	at org.apache.hadoop.hdds.scm.block.BlockManagerImpl.allocateBlock(BlockManagerImpl.java:190)
	at org.apache.hadoop.hdds.scm.server.SCMBlockProtocolServer.allocateBlock(SCMBlockProtocolServer.java:175)
	at org.apache.hadoop.ozone.protocolPB.ScmBlockLocationProtocolServerSideTranslatorPB.allocateScmBlock(ScmBlockLocationProtocolServerSideTranslatorPB.java:153)
	at org.apache.hadoop.ozone.protocolPB.ScmBlockLocationProtocolServerSideTranslatorPB.send(ScmBlockLocationProtocolServerSideTranslatorPB.java:112)
	at org.apache.hadoop.hdds.protocol.proto.ScmBlockLocationProtocolProtos$ScmBlockLocationProtocolService$2.callBlockingMethod(ScmBlockLocationProtocolProtos.java:13157)
	at org.apache.hadoop.ipc.ProtobufRpcEngine$Server$ProtoBufRpcInvoker.call(ProtobufRpcEngine.java:524)
	at org.apache.hadoop.ipc.RPC$Server.call(RPC.java:1025)
	at org.apache.hadoop.ipc.Server$RpcCall.run(Server.java:876)
	at org.apache.hadoop.ipc.Server$RpcCall.run(Server.java:822)
	at java.security.AccessController.doPrivileged(Native Method)
	at javax.security.auth.Subject.doAs(Subject.java:422)
	at org.apache.hadoop.security.UserGroupInformation.doAs(UserGroupInformation.java:1730)
	at org.apache.hadoop.ipc.Server$Handler.run(Server.java:2682)
2019-09-19 09:56:56,253 [IPC Server handler 0 on 37935] INFO  block.BlockManagerImpl (BlockManagerImpl.java:allocateBlock(198)) - Could not find available pipeline of type:RATIS and factor:THREE even after retrying
2019-09-19 09:56:56,253 [IPC Server handler 0 on 37935] ERROR block.BlockManagerImpl (BlockManagerImpl.java:allocateBlock(222)) - Unable to allocate a block for the size: 4194304, type: RATIS, factor: THREE
2019-09-19 09:56:56,254 [IPC Server handler 0 on 37935] ERROR pipeline.PipelinePlacementPolicy (PipelinePlacementPolicy.java:meetCriteria(91)) - Pipeline Placement: Doesn't meet the criteria to be viable node. Heaviness: 6
2019-09-19 09:56:56,254 [IPC Server handler 0 on 37935] ERROR pipeline.PipelinePlacementPolicy (PipelinePlacementPolicy.java:meetCriteria(91)) - Pipeline Placement: Doesn't meet the criteria to be viable node. Heaviness: 6
2019-09-19 09:56:56,254 [IPC Server handler 0 on 37935] ERROR pipeline.PipelinePlacementPolicy (PipelinePlacementPolicy.java:meetCriteria(91)) - Pipeline Placement: Doesn't meet the criteria to be viable node. Heaviness: 6
2019-09-19 09:56:56,254 [IPC Server handler 0 on 37935] ERROR pipeline.PipelinePlacementPolicy (PipelinePlacementPolicy.java:meetCriteria(91)) - Pipeline Placement: Doesn't meet the criteria to be viable node. Heaviness: 6
2019-09-19 09:56:56,254 [IPC Server handler 0 on 37935] ERROR pipeline.PipelinePlacementPolicy (PipelinePlacementPolicy.java:meetCriteria(91)) - Pipeline Placement: Doesn't meet the criteria to be viable node. Heaviness: 6
2019-09-19 09:56:56,255 [IPC Server handler 0 on 37935] ERROR pipeline.PipelinePlacementPolicy (PipelinePlacementPolicy.java:filterViableNodes(146)) - Unable to find enough nodes that meet the criteria that cannot engage in more than 5 pipelines. Nodes required: 3 Found: 0, healthy nodes count inNodeManager: 5.
2019-09-19 09:56:56,255 [IPC Server handler 0 on 37935] ERROR pipeline.SCMPipelineManager (SCMPipelineManager.java:createPipeline(161)) - Pipeline creation failed due to exception: Unable to find enough nodes that meet the criteria that cannot engage in more than 5 pipelines. Nodes required: 3 Found: 0, healthy nodes count inNodeManager: 5.
2019-09-19 09:56:56,255 [IPC Server handler 0 on 37935] WARN  block.BlockManagerImpl (BlockManagerImpl.java:allocateBlock(192)) - Pipeline creation failed for type:RATIS factor:THREE. Retrying get pipelines call once.
org.apache.hadoop.hdds.scm.exceptions.SCMException: Unable to find enough nodes that meet the criteria that cannot engage in more than 5 pipelines. Nodes required: 3 Found: 0, healthy nodes count inNodeManager: 5.
	at org.apache.hadoop.hdds.scm.pipeline.PipelinePlacementPolicy.filterViableNodes(PipelinePlacementPolicy.java:147)
	at org.apache.hadoop.hdds.scm.pipeline.PipelinePlacementPolicy.chooseDatanodes(PipelinePlacementPolicy.java:170)
	at org.apache.hadoop.hdds.scm.pipeline.RatisPipelineProvider.create(RatisPipelineProvider.java:92)
	at org.apache.hadoop.hdds.scm.pipeline.PipelineFactory.create(PipelineFactory.java:57)
	at org.apache.hadoop.hdds.scm.pipeline.SCMPipelineManager.createPipeline(SCMPipelineManager.java:149)
	at org.apache.hadoop.hdds.scm.block.BlockManagerImpl.allocateBlock(BlockManagerImpl.java:190)
	at org.apache.hadoop.hdds.scm.server.SCMBlockProtocolServer.allocateBlock(SCMBlockProtocolServer.java:175)
	at org.apache.hadoop.ozone.protocolPB.ScmBlockLocationProtocolServerSideTranslatorPB.allocateScmBlock(ScmBlockLocationProtocolServerSideTranslatorPB.java:153)
	at org.apache.hadoop.ozone.protocolPB.ScmBlockLocationProtocolServerSideTranslatorPB.send(ScmBlockLocationProtocolServerSideTranslatorPB.java:112)
	at org.apache.hadoop.hdds.protocol.proto.ScmBlockLocationProtocolProtos$ScmBlockLocationProtocolService$2.callBlockingMethod(ScmBlockLocationProtocolProtos.java:13157)
	at org.apache.hadoop.ipc.ProtobufRpcEngine$Server$ProtoBufRpcInvoker.call(ProtobufRpcEngine.java:524)
	at org.apache.hadoop.ipc.RPC$Server.call(RPC.java:1025)
	at org.apache.hadoop.ipc.Server$RpcCall.run(Server.java:876)
	at org.apache.hadoop.ipc.Server$RpcCall.run(Server.java:822)
	at java.security.AccessController.doPrivileged(Native Method)
	at javax.security.auth.Subject.doAs(Subject.java:422)
	at org.apache.hadoop.security.UserGroupInformation.doAs(UserGroupInformation.java:1730)
	at org.apache.hadoop.ipc.Server$Handler.run(Server.java:2682)
2019-09-19 09:56:56,255 [IPC Server handler 0 on 37935] INFO  block.BlockManagerImpl (BlockManagerImpl.java:allocateBlock(198)) - Could not find available pipeline of type:RATIS and factor:THREE even after retrying
2019-09-19 09:56:56,256 [IPC Server handler 0 on 37935] ERROR block.BlockManagerImpl (BlockManagerImpl.java:allocateBlock(222)) - Unable to allocate a block for the size: 4194304, type: RATIS, factor: THREE
2019-09-19 09:56:56,256 [IPC Server handler 0 on 37935] ERROR pipeline.PipelinePlacementPolicy (PipelinePlacementPolicy.java:meetCriteria(91)) - Pipeline Placement: Doesn't meet the criteria to be viable node. Heaviness: 6
2019-09-19 09:56:56,256 [IPC Server handler 0 on 37935] ERROR pipeline.PipelinePlacementPolicy (PipelinePlacementPolicy.java:meetCriteria(91)) - Pipeline Placement: Doesn't meet the criteria to be viable node. Heaviness: 6
2019-09-19 09:56:56,256 [IPC Server handler 0 on 37935] ERROR pipeline.PipelinePlacementPolicy (PipelinePlacementPolicy.java:meetCriteria(91)) - Pipeline Placement: Doesn't meet the criteria to be viable node. Heaviness: 6
2019-09-19 09:56:56,256 [IPC Server handler 0 on 37935] ERROR pipeline.PipelinePlacementPolicy (PipelinePlacementPolicy.java:meetCriteria(91)) - Pipeline Placement: Doesn't meet the criteria to be viable node. Heaviness: 6
2019-09-19 09:56:56,257 [IPC Server handler 0 on 37935] ERROR pipeline.PipelinePlacementPolicy (PipelinePlacementPolicy.java:meetCriteria(91)) - Pipeline Placement: Doesn't meet the criteria to be viable node. Heaviness: 6
2019-09-19 09:56:56,257 [IPC Server handler 0 on 37935] ERROR pipeline.PipelinePlacementPolicy (PipelinePlacementPolicy.java:filterViableNodes(146)) - Unable to find enough nodes that meet the criteria that cannot engage in more than 5 pipelines. Nodes required: 3 Found: 0, healthy nodes count inNodeManager: 5.
2019-09-19 09:56:56,257 [IPC Server handler 0 on 37935] ERROR pipeline.SCMPipelineManager (SCMPipelineManager.java:createPipeline(161)) - Pipeline creation failed due to exception: Unable to find enough nodes that meet the criteria that cannot engage in more than 5 pipelines. Nodes required: 3 Found: 0, healthy nodes count inNodeManager: 5.
2019-09-19 09:56:56,257 [IPC Server handler 0 on 37935] WARN  block.BlockManagerImpl (BlockManagerImpl.java:allocateBlock(192)) - Pipeline creation failed for type:RATIS factor:THREE. Retrying get pipelines call once.
org.apache.hadoop.hdds.scm.exceptions.SCMException: Unable to find enough nodes that meet the criteria that cannot engage in more than 5 pipelines. Nodes required: 3 Found: 0, healthy nodes count inNodeManager: 5.
	at org.apache.hadoop.hdds.scm.pipeline.PipelinePlacementPolicy.filterViableNodes(PipelinePlacementPolicy.java:147)
	at org.apache.hadoop.hdds.scm.pipeline.PipelinePlacementPolicy.chooseDatanodes(PipelinePlacementPolicy.java:170)
	at org.apache.hadoop.hdds.scm.pipeline.RatisPipelineProvider.create(RatisPipelineProvider.java:92)
	at org.apache.hadoop.hdds.scm.pipeline.PipelineFactory.create(PipelineFactory.java:57)
	at org.apache.hadoop.hdds.scm.pipeline.SCMPipelineManager.createPipeline(SCMPipelineManager.java:149)
	at org.apache.hadoop.hdds.scm.block.BlockManagerImpl.allocateBlock(BlockManagerImpl.java:190)
	at org.apache.hadoop.hdds.scm.server.SCMBlockProtocolServer.allocateBlock(SCMBlockProtocolServer.java:175)
	at org.apache.hadoop.ozone.protocolPB.ScmBlockLocationProtocolServerSideTranslatorPB.allocateScmBlock(ScmBlockLocationProtocolServerSideTranslatorPB.java:153)
	at org.apache.hadoop.ozone.protocolPB.ScmBlockLocationProtocolServerSideTranslatorPB.send(ScmBlockLocationProtocolServerSideTranslatorPB.java:112)
	at org.apache.hadoop.hdds.protocol.proto.ScmBlockLocationProtocolProtos$ScmBlockLocationProtocolService$2.callBlockingMethod(ScmBlockLocationProtocolProtos.java:13157)
	at org.apache.hadoop.ipc.ProtobufRpcEngine$Server$ProtoBufRpcInvoker.call(ProtobufRpcEngine.java:524)
	at org.apache.hadoop.ipc.RPC$Server.call(RPC.java:1025)
	at org.apache.hadoop.ipc.Server$RpcCall.run(Server.java:876)
	at org.apache.hadoop.ipc.Server$RpcCall.run(Server.java:822)
	at java.security.AccessController.doPrivileged(Native Method)
	at javax.security.auth.Subject.doAs(Subject.java:422)
	at org.apache.hadoop.security.UserGroupInformation.doAs(UserGroupInformation.java:1730)
	at org.apache.hadoop.ipc.Server$Handler.run(Server.java:2682)
2019-09-19 09:56:56,258 [IPC Server handler 0 on 37935] INFO  block.BlockManagerImpl (BlockManagerImpl.java:allocateBlock(198)) - Could not find available pipeline of type:RATIS and factor:THREE even after retrying
2019-09-19 09:56:56,258 [IPC Server handler 0 on 37935] ERROR block.BlockManagerImpl (BlockManagerImpl.java:allocateBlock(222)) - Unable to allocate a block for the size: 4194304, type: RATIS, factor: THREE
2019-09-19 09:56:56,258 [IPC Server handler 0 on 37935] ERROR pipeline.PipelinePlacementPolicy (PipelinePlacementPolicy.java:meetCriteria(91)) - Pipeline Placement: Doesn't meet the criteria to be viable node. Heaviness: 6
2019-09-19 09:56:56,258 [IPC Server handler 0 on 37935] ERROR pipeline.PipelinePlacementPolicy (PipelinePlacementPolicy.java:meetCriteria(91)) - Pipeline Placement: Doesn't meet the criteria to be viable node. Heaviness: 6
2019-09-19 09:56:56,258 [IPC Server handler 0 on 37935] ERROR pipeline.PipelinePlacementPolicy (PipelinePlacementPolicy.java:meetCriteria(91)) - Pipeline Placement: Doesn't meet the criteria to be viable node. Heaviness: 6
2019-09-19 09:56:56,259 [IPC Server handler 0 on 37935] ERROR pipeline.PipelinePlacementPolicy (PipelinePlacementPolicy.java:meetCriteria(91)) - Pipeline Placement: Doesn't meet the criteria to be viable node. Heaviness: 6
2019-09-19 09:56:56,259 [IPC Server handler 0 on 37935] ERROR pipeline.PipelinePlacementPolicy (PipelinePlacementPolicy.java:meetCriteria(91)) - Pipeline Placement: Doesn't meet the criteria to be viable node. Heaviness: 6
2019-09-19 09:56:56,259 [IPC Server handler 0 on 37935] ERROR pipeline.PipelinePlacementPolicy (PipelinePlacementPolicy.java:filterViableNodes(146)) - Unable to find enough nodes that meet the criteria that cannot engage in more than 5 pipelines. Nodes required: 3 Found: 0, healthy nodes count inNodeManager: 5.
2019-09-19 09:56:56,259 [IPC Server handler 0 on 37935] ERROR pipeline.SCMPipelineManager (SCMPipelineManager.java:createPipeline(161)) - Pipeline creation failed due to exception: Unable to find enough nodes that meet the criteria that cannot engage in more than 5 pipelines. Nodes required: 3 Found: 0, healthy nodes count inNodeManager: 5.
2019-09-19 09:56:56,259 [IPC Server handler 0 on 37935] WARN  block.BlockManagerImpl (BlockManagerImpl.java:allocateBlock(192)) - Pipeline creation failed for type:RATIS factor:THREE. Retrying get pipelines call once.
org.apache.hadoop.hdds.scm.exceptions.SCMException: Unable to find enough nodes that meet the criteria that cannot engage in more than 5 pipelines. Nodes required: 3 Found: 0, healthy nodes count inNodeManager: 5.
	at org.apache.hadoop.hdds.scm.pipeline.PipelinePlacementPolicy.filterViableNodes(PipelinePlacementPolicy.java:147)
	at org.apache.hadoop.hdds.scm.pipeline.PipelinePlacementPolicy.chooseDatanodes(PipelinePlacementPolicy.java:170)
	at org.apache.hadoop.hdds.scm.pipeline.RatisPipelineProvider.create(RatisPipelineProvider.java:92)
	at org.apache.hadoop.hdds.scm.pipeline.PipelineFactory.create(PipelineFactory.java:57)
	at org.apache.hadoop.hdds.scm.pipeline.SCMPipelineManager.createPipeline(SCMPipelineManager.java:149)
	at org.apache.hadoop.hdds.scm.block.BlockManagerImpl.allocateBlock(BlockManagerImpl.java:190)
	at org.apache.hadoop.hdds.scm.server.SCMBlockProtocolServer.allocateBlock(SCMBlockProtocolServer.java:175)
	at org.apache.hadoop.ozone.protocolPB.ScmBlockLocationProtocolServerSideTranslatorPB.allocateScmBlock(ScmBlockLocationProtocolServerSideTranslatorPB.java:153)
	at org.apache.hadoop.ozone.protocolPB.ScmBlockLocationProtocolServerSideTranslatorPB.send(ScmBlockLocationProtocolServerSideTranslatorPB.java:112)
	at org.apache.hadoop.hdds.protocol.proto.ScmBlockLocationProtocolProtos$ScmBlockLocationProtocolService$2.callBlockingMethod(ScmBlockLocationProtocolProtos.java:13157)
	at org.apache.hadoop.ipc.ProtobufRpcEngine$Server$ProtoBufRpcInvoker.call(ProtobufRpcEngine.java:524)
	at org.apache.hadoop.ipc.RPC$Server.call(RPC.java:1025)
	at org.apache.hadoop.ipc.Server$RpcCall.run(Server.java:876)
	at org.apache.hadoop.ipc.Server$RpcCall.run(Server.java:822)
	at java.security.AccessController.doPrivileged(Native Method)
	at javax.security.auth.Subject.doAs(Subject.java:422)
	at org.apache.hadoop.security.UserGroupInformation.doAs(UserGroupInformation.java:1730)
	at org.apache.hadoop.ipc.Server$Handler.run(Server.java:2682)
2019-09-19 09:56:56,260 [IPC Server handler 0 on 37935] INFO  block.BlockManagerImpl (BlockManagerImpl.java:allocateBlock(198)) - Could not find available pipeline of type:RATIS and factor:THREE even after retrying
2019-09-19 09:56:56,260 [IPC Server handler 0 on 37935] ERROR block.BlockManagerImpl (BlockManagerImpl.java:allocateBlock(222)) - Unable to allocate a block for the size: 4194304, type: RATIS, factor: THREE
2019-09-19 09:56:56,260 | INFO  | SCMAudit | user=jenkins1000 | ip=192.168.34.5 | op=ALLOCATE_BLOCK {owner=94045a59-d067-459b-826a-45df52f311e2, size=4194304, type=RATIS, factor=THREE} | ret=SUCCESS |  
2019-09-19 09:56:56,265 | ERROR | OMAudit | user=jenkins1000 | ip=127.0.0.1 | op=ALLOCATE_KEY {volume=vol-0-32333, bucket=bucket-0-34160, key=key-0-22102, dataSize=20971520, replicationType=RATIS, replicationFactor=THREE, keyLocationInfo=null} | ret=FAILURE | org.apache.hadoop.hdds.scm.exceptions.SCMException: Allocated 0 blocks. Requested 5 blocks
	at org.apache.hadoop.hdds.scm.protocolPB.ScmBlockLocationProtocolClientSideTranslatorPB.handleError(ScmBlockLocationProtocolClientSideTranslatorPB.java:118)
	at org.apache.hadoop.hdds.scm.protocolPB.ScmBlockLocationProtocolClientSideTranslatorPB.allocateBlock(ScmBlockLocationProtocolClientSideTranslatorPB.java:156) 
2019-09-19 09:56:56,270 [pool-78-thread-3] ERROR freon.RandomKeyGenerator (RandomKeyGenerator.java:createKey(724)) - Exception while adding key: key-0-22102 in bucket: bucket-0-34160 of volume: vol-0-32333.
INTERNAL_ERROR org.apache.hadoop.ozone.om.exceptions.OMException: Allocated 0 blocks. Requested 5 blocks
	at org.apache.hadoop.ozone.om.protocolPB.OzoneManagerProtocolClientSideTranslatorPB.handleError(OzoneManagerProtocolClientSideTranslatorPB.java:725)
	at org.apache.hadoop.ozone.om.protocolPB.OzoneManagerProtocolClientSideTranslatorPB.openKey(OzoneManagerProtocolClientSideTranslatorPB.java:716)
	at org.apache.hadoop.ozone.client.rpc.RpcClient.createKey(RpcClient.java:615)
	at org.apache.hadoop.ozone.client.OzoneBucket.createKey(OzoneBucket.java:323)
	at org.apache.hadoop.ozone.freon.RandomKeyGenerator.createKey(RandomKeyGenerator.java:686)
	at org.apache.hadoop.ozone.freon.RandomKeyGenerator.access$1100(RandomKeyGenerator.java:87)
	at org.apache.hadoop.ozone.freon.RandomKeyGenerator$ObjectCreator.run(RandomKeyGenerator.java:606)
	at java.util.concurrent.Executors$RunnableAdapter.call(Executors.java:511)
	at java.util.concurrent.FutureTask.run(FutureTask.java:266)
	at java.util.concurrent.ThreadPoolExecutor.runWorker(ThreadPoolExecutor.java:1149)
	at java.util.concurrent.ThreadPoolExecutor$Worker.run(ThreadPoolExecutor.java:624)
	at java.lang.Thread.run(Thread.java:748)
2019-09-19 09:56:56,323 | INFO  | SCMAudit | user=jenkins1000 | ip=192.168.34.5 | op=SEND_HEARTBEAT {datanodeUUID=39b9d8f1-cc47-4624-b4ed-3b44777a4379, command=[]} | ret=SUCCESS |  
 0.00% |█                                                                                                    |  0/1 Time: 0:00:012019-09-19 09:56:56,540 | INFO  | SCMAudit | user=jenkins1000 | ip=192.168.34.5 | op=SEND_HEARTBEAT {datanodeUUID=19cf0631-d0d9-4f40-8587-54276d2ac576, command=[]} | ret=SUCCESS |  
2019-09-19 09:56:57,008 | INFO  | SCMAudit | user=jenkins1000 | ip=192.168.34.5 | op=SEND_HEARTBEAT {datanodeUUID=c5d53031-865d-4491-9cd3-c718532e281c, command=[]} | ret=SUCCESS |  
2019-09-19 09:56:57,008 | INFO  | SCMAudit | user=jenkins1000 | ip=192.168.34.5 | op=SEND_HEARTBEAT {datanodeUUID=ce8f9236-bba2-4942-9bf9-b4bb96b280ac, command=[]} | ret=SUCCESS |  
2019-09-19 09:56:57,076 | INFO  | SCMAudit | user=jenkins1000 | ip=192.168.34.5 | op=SEND_HEARTBEAT {datanodeUUID=4490b81b-0ef7-4125-ad05-765de4ccf1d4, command=[]} | ret=SUCCESS |  
2019-09-19 09:56:57,324 | INFO  | SCMAudit | user=jenkins1000 | ip=192.168.34.5 | op=SEND_HEARTBEAT {datanodeUUID=39b9d8f1-cc47-4624-b4ed-3b44777a4379, command=[]} | ret=SUCCESS |  
 0.00% |█                                                                                                    |  0/1 Time: 0:00:022019-09-19 09:56:57,541 | INFO  | SCMAudit | user=jenkins1000 | ip=192.168.34.5 | op=SEND_HEARTBEAT {datanodeUUID=19cf0631-d0d9-4f40-8587-54276d2ac576, command=[]} | ret=SUCCESS |  
2019-09-19 09:56:58,005 | INFO  | SCMAudit | user=jenkins1000 | ip=192.168.34.5 | op=SEND_HEARTBEAT {datanodeUUID=c5d53031-865d-4491-9cd3-c718532e281c, command=[]} | ret=SUCCESS |  
2019-09-19 09:56:58,008 | INFO  | SCMAudit | user=jenkins1000 | ip=192.168.34.5 | op=SEND_HEARTBEAT {datanodeUUID=ce8f9236-bba2-4942-9bf9-b4bb96b280ac, command=[]} | ret=SUCCESS |  
2019-09-19 09:56:58,080 | INFO  | SCMAudit | user=jenkins1000 | ip=192.168.34.5 | op=SEND_HEARTBEAT {datanodeUUID=4490b81b-0ef7-4125-ad05-765de4ccf1d4, command=[]} | ret=SUCCESS |  
2019-09-19 09:56:58,323 | INFO  | SCMAudit | user=jenkins1000 | ip=192.168.34.5 | op=SEND_HEARTBEAT {datanodeUUID=39b9d8f1-cc47-4624-b4ed-3b44777a4379, command=[]} | ret=SUCCESS |  
 0.00% |█                                                                                                    |  0/1 Time: 0:00:032019-09-19 09:56:58,541 | INFO  | SCMAudit | user=jenkins1000 | ip=192.168.34.5 | op=SEND_HEARTBEAT {datanodeUUID=19cf0631-d0d9-4f40-8587-54276d2ac576, command=[]} | ret=SUCCESS |  
2019-09-19 09:56:59,007 | INFO  | SCMAudit | user=jenkins1000 | ip=192.168.34.5 | op=SEND_HEARTBEAT {datanodeUUID=c5d53031-865d-4491-9cd3-c718532e281c, command=[]} | ret=SUCCESS |  
2019-09-19 09:56:59,007 | INFO  | SCMAudit | user=jenkins1000 | ip=192.168.34.5 | op=SEND_HEARTBEAT {datanodeUUID=ce8f9236-bba2-4942-9bf9-b4bb96b280ac, command=[]} | ret=SUCCESS |  
2019-09-19 09:56:59,079 | INFO  | SCMAudit | user=jenkins1000 | ip=192.168.34.5 | op=SEND_HEARTBEAT {datanodeUUID=4490b81b-0ef7-4125-ad05-765de4ccf1d4, command=[]} | ret=SUCCESS |  
2019-09-19 09:56:59,285 [Thread-209] INFO  impl.FollowerState (FollowerState.java:run(106)) - 4490b81b-0ef7-4125-ad05-765de4ccf1d4:group-D9D0C247A077 changes to CANDIDATE, lastRpcTime:5040, electionTimeout:5039ms
2019-09-19 09:56:59,286 [Thread-209] INFO  impl.RoleInfo (RoleInfo.java:shutdownFollowerState(121)) - 4490b81b-0ef7-4125-ad05-765de4ccf1d4: shutdown FollowerState
2019-09-19 09:56:59,286 [Thread-209] INFO  impl.RaftServerImpl (RaftServerImpl.java:setRole(171)) - 4490b81b-0ef7-4125-ad05-765de4ccf1d4:group-D9D0C247A077 changes role from FOLLOWER to CANDIDATE at term 0 for changeToCandidate
2019-09-19 09:56:59,293 [Thread-209] INFO  impl.RoleInfo (RoleInfo.java:updateAndGet(143)) - 4490b81b-0ef7-4125-ad05-765de4ccf1d4: start LeaderElection
2019-09-19 09:56:59,314 [4490b81b-0ef7-4125-ad05-765de4ccf1d4:group-D9D0C247A077:LeaderElection1] INFO  impl.LeaderElection (LeaderElection.java:askForVotes(181)) - 4490b81b-0ef7-4125-ad05-765de4ccf1d4:group-D9D0C247A077:LeaderElection1: begin an election at term 1 for -1: [4490b81b-0ef7-4125-ad05-765de4ccf1d4:192.168.34.5:38735], old=null
2019-09-19 09:56:59,316 [4490b81b-0ef7-4125-ad05-765de4ccf1d4:group-D9D0C247A077:LeaderElection1] INFO  impl.RoleInfo (RoleInfo.java:shutdownLeaderElection(134)) - 4490b81b-0ef7-4125-ad05-765de4ccf1d4: shutdown LeaderElection
2019-09-19 09:56:59,317 [4490b81b-0ef7-4125-ad05-765de4ccf1d4:group-D9D0C247A077:LeaderElection1] INFO  impl.RaftServerImpl (RaftServerImpl.java:setRole(171)) - 4490b81b-0ef7-4125-ad05-765de4ccf1d4:group-D9D0C247A077 changes role from CANDIDATE to LEADER at term 1 for changeToLeader
2019-09-19 09:56:59,317 [4490b81b-0ef7-4125-ad05-765de4ccf1d4:group-D9D0C247A077:LeaderElection1] INFO  impl.RaftServerImpl (ServerState.java:setLeader(263)) - 4490b81b-0ef7-4125-ad05-765de4ccf1d4:group-D9D0C247A077 change Leader from null to 4490b81b-0ef7-4125-ad05-765de4ccf1d4 at term 1 for becomeLeader, leader elected after 5179ms
2019-09-19 09:56:59,337 | INFO  | SCMAudit | user=jenkins1000 | ip=192.168.34.5 | op=SEND_HEARTBEAT {datanodeUUID=39b9d8f1-cc47-4624-b4ed-3b44777a4379, command=[]} | ret=SUCCESS |  
2019-09-19 09:56:59,342 [4490b81b-0ef7-4125-ad05-765de4ccf1d4:group-D9D0C247A077:LeaderElection1] INFO  server.RaftServerConfigKeys (ConfUtils.java:logGet(43)) - raft.server.staging.catchup.gap = 1000 (default)
2019-09-19 09:56:59,342 [4490b81b-0ef7-4125-ad05-765de4ccf1d4:group-D9D0C247A077:LeaderElection1] INFO  server.RaftServerConfigKeys (ConfUtils.java:logGet(43)) - raft.server.rpc.sleep.time = 25ms (default)
2019-09-19 09:56:59,346 [4490b81b-0ef7-4125-ad05-765de4ccf1d4:group-D9D0C247A077:LeaderElection1] INFO  server.RaftServerConfigKeys (ConfUtils.java:logGet(43)) - raft.server.write.element-limit = 4096 (default)
2019-09-19 09:56:59,349 [4490b81b-0ef7-4125-ad05-765de4ccf1d4:group-D9D0C247A077:LeaderElection1] INFO  server.RaftServerConfigKeys (ConfUtils.java:logGet(43)) - raft.server.watch.timeout = 10s (default)
2019-09-19 09:56:59,349 [4490b81b-0ef7-4125-ad05-765de4ccf1d4:group-D9D0C247A077:LeaderElection1] INFO  server.RaftServerConfigKeys (ConfUtils.java:logGet(43)) - raft.server.watch.timeout.denomination = 1s (default)
2019-09-19 09:56:59,350 [4490b81b-0ef7-4125-ad05-765de4ccf1d4:group-D9D0C247A077:LeaderElection1] INFO  server.RaftServerConfigKeys (ConfUtils.java:logGet(43)) - raft.server.watch.element-limit = 65536 (default)
2019-09-19 09:56:59,360 [4490b81b-0ef7-4125-ad05-765de4ccf1d4:group-D9D0C247A077:LeaderElection1] INFO  impl.RoleInfo (RoleInfo.java:updateAndGet(143)) - 4490b81b-0ef7-4125-ad05-765de4ccf1d4: start LeaderState
2019-09-19 09:56:59,383 [4490b81b-0ef7-4125-ad05-765de4ccf1d4:group-D9D0C247A077:LeaderElection1] INFO  segmented.SegmentedRaftLogWorker (SegmentedRaftLogWorker.java:startLogSegment(380)) - 4490b81b-0ef7-4125-ad05-765de4ccf1d4-SegmentedRaftLogWorker:Storage Directory /workdir/hadoop-ozone/tools/target/test-dir/MiniOzoneClusterImpl-3225c09c-430a-4478-b047-7eb735aebfb5/datanode-0/data/ratis/e7c8c4ac-893c-4889-af1d-d9d0c247a077: Starting segment from index:0
2019-09-19 09:56:59,397 [4490b81b-0ef7-4125-ad05-765de4ccf1d4:group-D9D0C247A077:LeaderElection1] INFO  impl.RaftServerImpl (ServerState.java:setRaftConf(361)) - 4490b81b-0ef7-4125-ad05-765de4ccf1d4:group-D9D0C247A077 set configuration 0: [4490b81b-0ef7-4125-ad05-765de4ccf1d4:192.168.34.5:38735], old=null at 0
2019-09-19 09:56:59,487 [Thread-212] INFO  impl.FollowerState (FollowerState.java:run(106)) - 19cf0631-d0d9-4f40-8587-54276d2ac576:group-8C9E849B670B changes to CANDIDATE, lastRpcTime:5052, electionTimeout:5051ms
2019-09-19 09:56:59,489 [Thread-212] INFO  impl.RoleInfo (RoleInfo.java:shutdownFollowerState(121)) - 19cf0631-d0d9-4f40-8587-54276d2ac576: shutdown FollowerState
2019-09-19 09:56:59,489 [Thread-212] INFO  impl.RaftServerImpl (RaftServerImpl.java:setRole(171)) - 19cf0631-d0d9-4f40-8587-54276d2ac576:group-8C9E849B670B changes role from FOLLOWER to CANDIDATE at term 0 for changeToCandidate
2019-09-19 09:56:59,490 [Thread-212] INFO  impl.RoleInfo (RoleInfo.java:updateAndGet(143)) - 19cf0631-d0d9-4f40-8587-54276d2ac576: start LeaderElection
2019-09-19 09:56:59,508 [19cf0631-d0d9-4f40-8587-54276d2ac576:group-8C9E849B670B:LeaderElection2] INFO  impl.LeaderElection (LeaderElection.java:askForVotes(181)) - 19cf0631-d0d9-4f40-8587-54276d2ac576:group-8C9E849B670B:LeaderElection2: begin an election at term 1 for -1: [19cf0631-d0d9-4f40-8587-54276d2ac576:192.168.34.5:38304], old=null
2019-09-19 09:56:59,509 [19cf0631-d0d9-4f40-8587-54276d2ac576:group-8C9E849B670B:LeaderElection2] INFO  impl.RoleInfo (RoleInfo.java:shutdownLeaderElection(134)) - 19cf0631-d0d9-4f40-8587-54276d2ac576: shutdown LeaderElection
2019-09-19 09:56:59,509 [19cf0631-d0d9-4f40-8587-54276d2ac576:group-8C9E849B670B:LeaderElection2] INFO  impl.RaftServerImpl (RaftServerImpl.java:setRole(171)) - 19cf0631-d0d9-4f40-8587-54276d2ac576:group-8C9E849B670B changes role from CANDIDATE to LEADER at term 1 for changeToLeader
2019-09-19 09:56:59,509 [19cf0631-d0d9-4f40-8587-54276d2ac576:group-8C9E849B670B:LeaderElection2] INFO  impl.RaftServerImpl (ServerState.java:setLeader(263)) - 19cf0631-d0d9-4f40-8587-54276d2ac576:group-8C9E849B670B change Leader from null to 19cf0631-d0d9-4f40-8587-54276d2ac576 at term 1 for becomeLeader, leader elected after 5081ms
2019-09-19 09:56:59,511 [19cf0631-d0d9-4f40-8587-54276d2ac576:group-8C9E849B670B:LeaderElection2] INFO  server.RaftServerConfigKeys (ConfUtils.java:logGet(43)) - raft.server.staging.catchup.gap = 1000 (default)
2019-09-19 09:56:59,511 [19cf0631-d0d9-4f40-8587-54276d2ac576:group-8C9E849B670B:LeaderElection2] INFO  server.RaftServerConfigKeys (ConfUtils.java:logGet(43)) - raft.server.rpc.sleep.time = 25ms (default)
2019-09-19 09:56:59,511 [19cf0631-d0d9-4f40-8587-54276d2ac576:group-8C9E849B670B:LeaderElection2] INFO  server.RaftServerConfigKeys (ConfUtils.java:logGet(43)) - raft.server.write.element-limit = 4096 (default)
2019-09-19 09:56:59,512 [19cf0631-d0d9-4f40-8587-54276d2ac576:group-8C9E849B670B:LeaderElection2] INFO  server.RaftServerConfigKeys (ConfUtils.java:logGet(43)) - raft.server.watch.timeout = 10s (default)
2019-09-19 09:56:59,512 [19cf0631-d0d9-4f40-8587-54276d2ac576:group-8C9E849B670B:LeaderElection2] INFO  server.RaftServerConfigKeys (ConfUtils.java:logGet(43)) - raft.server.watch.timeout.denomination = 1s (default)
2019-09-19 09:56:59,512 [19cf0631-d0d9-4f40-8587-54276d2ac576:group-8C9E849B670B:LeaderElection2] INFO  server.RaftServerConfigKeys (ConfUtils.java:logGet(43)) - raft.server.watch.element-limit = 65536 (default)
 0.00% |█                                                                                                    |  0/1 Time: 0:00:042019-09-19 09:56:59,512 [19cf0631-d0d9-4f40-8587-54276d2ac576:group-8C9E849B670B:LeaderElection2] INFO  impl.RoleInfo (RoleInfo.java:updateAndGet(143)) - 19cf0631-d0d9-4f40-8587-54276d2ac576: start LeaderState
2019-09-19 09:56:59,512 [19cf0631-d0d9-4f40-8587-54276d2ac576:group-8C9E849B670B:LeaderElection2] INFO  segmented.SegmentedRaftLogWorker (SegmentedRaftLogWorker.java:startLogSegment(380)) - 19cf0631-d0d9-4f40-8587-54276d2ac576-SegmentedRaftLogWorker:Storage Directory /workdir/hadoop-ozone/tools/target/test-dir/MiniOzoneClusterImpl-3225c09c-430a-4478-b047-7eb735aebfb5/datanode-2/data/ratis/ffd81bc5-561c-4bfd-9e85-8c9e849b670b: Starting segment from index:0
2019-09-19 09:56:59,513 [19cf0631-d0d9-4f40-8587-54276d2ac576:group-8C9E849B670B:LeaderElection2] INFO  impl.RaftServerImpl (ServerState.java:setRaftConf(361)) - 19cf0631-d0d9-4f40-8587-54276d2ac576:group-8C9E849B670B set configuration 0: [19cf0631-d0d9-4f40-8587-54276d2ac576:192.168.34.5:38304], old=null at 0
2019-09-19 09:56:59,539 | INFO  | SCMAudit | user=jenkins1000 | ip=192.168.34.5 | op=SEND_HEARTBEAT {datanodeUUID=19cf0631-d0d9-4f40-8587-54276d2ac576, command=[]} | ret=SUCCESS |  
2019-09-19 09:56:59,583 [4490b81b-0ef7-4125-ad05-765de4ccf1d4-SegmentedRaftLogWorker:Storage Directory /workdir/hadoop-ozone/tools/target/test-dir/MiniOzoneClusterImpl-3225c09c-430a-4478-b047-7eb735aebfb5/datanode-0/data/ratis/e7c8c4ac-893c-4889-af1d-d9d0c247a077] INFO  segmented.SegmentedRaftLogWorker (SegmentedRaftLogWorker.java:execute(569)) - 4490b81b-0ef7-4125-ad05-765de4ccf1d4-SegmentedRaftLogWorker:Storage Directory /workdir/hadoop-ozone/tools/target/test-dir/MiniOzoneClusterImpl-3225c09c-430a-4478-b047-7eb735aebfb5/datanode-0/data/ratis/e7c8c4ac-893c-4889-af1d-d9d0c247a077: created new log segment /workdir/hadoop-ozone/tools/target/test-dir/MiniOzoneClusterImpl-3225c09c-430a-4478-b047-7eb735aebfb5/datanode-0/data/ratis/e7c8c4ac-893c-4889-af1d-d9d0c247a077/current/log_inprogress_0
2019-09-19 09:56:59,583 [19cf0631-d0d9-4f40-8587-54276d2ac576-SegmentedRaftLogWorker:Storage Directory /workdir/hadoop-ozone/tools/target/test-dir/MiniOzoneClusterImpl-3225c09c-430a-4478-b047-7eb735aebfb5/datanode-2/data/ratis/ffd81bc5-561c-4bfd-9e85-8c9e849b670b] INFO  segmented.SegmentedRaftLogWorker (SegmentedRaftLogWorker.java:execute(569)) - 19cf0631-d0d9-4f40-8587-54276d2ac576-SegmentedRaftLogWorker:Storage Directory /workdir/hadoop-ozone/tools/target/test-dir/MiniOzoneClusterImpl-3225c09c-430a-4478-b047-7eb735aebfb5/datanode-2/data/ratis/ffd81bc5-561c-4bfd-9e85-8c9e849b670b: created new log segment /workdir/hadoop-ozone/tools/target/test-dir/MiniOzoneClusterImpl-3225c09c-430a-4478-b047-7eb735aebfb5/datanode-2/data/ratis/ffd81bc5-561c-4bfd-9e85-8c9e849b670b/current/log_inprogress_0
2019-09-19 09:56:59,696 [Thread-215] INFO  impl.FollowerState (FollowerState.java:run(106)) - ce8f9236-bba2-4942-9bf9-b4bb96b280ac:group-F2C32F03C017 changes to CANDIDATE, lastRpcTime:5174, electionTimeout:5174ms
2019-09-19 09:56:59,699 [Thread-215] INFO  impl.RoleInfo (RoleInfo.java:shutdownFollowerState(121)) - ce8f9236-bba2-4942-9bf9-b4bb96b280ac: shutdown FollowerState
2019-09-19 09:56:59,699 [Thread-215] INFO  impl.RaftServerImpl (RaftServerImpl.java:setRole(171)) - ce8f9236-bba2-4942-9bf9-b4bb96b280ac:group-F2C32F03C017 changes role from FOLLOWER to CANDIDATE at term 0 for changeToCandidate
2019-09-19 09:56:59,699 [Thread-215] INFO  impl.RoleInfo (RoleInfo.java:updateAndGet(143)) - ce8f9236-bba2-4942-9bf9-b4bb96b280ac: start LeaderElection
2019-09-19 09:56:59,703 [Thread-218] INFO  impl.FollowerState (FollowerState.java:run(106)) - 39b9d8f1-cc47-4624-b4ed-3b44777a4379:group-F553C6358FB7 changes to CANDIDATE, lastRpcTime:5109, electionTimeout:5107ms
2019-09-19 09:56:59,704 [Thread-218] INFO  impl.RoleInfo (RoleInfo.java:shutdownFollowerState(121)) - 39b9d8f1-cc47-4624-b4ed-3b44777a4379: shutdown FollowerState
2019-09-19 09:56:59,704 [Thread-218] INFO  impl.RaftServerImpl (RaftServerImpl.java:setRole(171)) - 39b9d8f1-cc47-4624-b4ed-3b44777a4379:group-F553C6358FB7 changes role from FOLLOWER to CANDIDATE at term 0 for changeToCandidate
2019-09-19 09:56:59,705 [Thread-218] INFO  impl.RoleInfo (RoleInfo.java:updateAndGet(143)) - 39b9d8f1-cc47-4624-b4ed-3b44777a4379: start LeaderElection
2019-09-19 09:56:59,718 [39b9d8f1-cc47-4624-b4ed-3b44777a4379:group-F553C6358FB7:LeaderElection4] INFO  impl.LeaderElection (LeaderElection.java:askForVotes(181)) - 39b9d8f1-cc47-4624-b4ed-3b44777a4379:group-F553C6358FB7:LeaderElection4: begin an election at term 1 for -1: [39b9d8f1-cc47-4624-b4ed-3b44777a4379:192.168.34.5:45684], old=null
2019-09-19 09:56:59,718 [ce8f9236-bba2-4942-9bf9-b4bb96b280ac:group-F2C32F03C017:LeaderElection3] INFO  impl.LeaderElection (LeaderElection.java:askForVotes(181)) - ce8f9236-bba2-4942-9bf9-b4bb96b280ac:group-F2C32F03C017:LeaderElection3: begin an election at term 1 for -1: [ce8f9236-bba2-4942-9bf9-b4bb96b280ac:192.168.34.5:37969], old=null
2019-09-19 09:56:59,718 [39b9d8f1-cc47-4624-b4ed-3b44777a4379:group-F553C6358FB7:LeaderElection4] INFO  impl.RoleInfo (RoleInfo.java:shutdownLeaderElection(134)) - 39b9d8f1-cc47-4624-b4ed-3b44777a4379: shutdown LeaderElection
2019-09-19 09:56:59,718 [ce8f9236-bba2-4942-9bf9-b4bb96b280ac:group-F2C32F03C017:LeaderElection3] INFO  impl.RoleInfo (RoleInfo.java:shutdownLeaderElection(134)) - ce8f9236-bba2-4942-9bf9-b4bb96b280ac: shutdown LeaderElection
2019-09-19 09:56:59,718 [39b9d8f1-cc47-4624-b4ed-3b44777a4379:group-F553C6358FB7:LeaderElection4] INFO  impl.RaftServerImpl (RaftServerImpl.java:setRole(171)) - 39b9d8f1-cc47-4624-b4ed-3b44777a4379:group-F553C6358FB7 changes role from CANDIDATE to LEADER at term 1 for changeToLeader
2019-09-19 09:56:59,718 [ce8f9236-bba2-4942-9bf9-b4bb96b280ac:group-F2C32F03C017:LeaderElection3] INFO  impl.RaftServerImpl (RaftServerImpl.java:setRole(171)) - ce8f9236-bba2-4942-9bf9-b4bb96b280ac:group-F2C32F03C017 changes role from CANDIDATE to LEADER at term 1 for changeToLeader
2019-09-19 09:56:59,718 [39b9d8f1-cc47-4624-b4ed-3b44777a4379:group-F553C6358FB7:LeaderElection4] INFO  impl.RaftServerImpl (ServerState.java:setLeader(263)) - 39b9d8f1-cc47-4624-b4ed-3b44777a4379:group-F553C6358FB7 change Leader from null to 39b9d8f1-cc47-4624-b4ed-3b44777a4379 at term 1 for becomeLeader, leader elected after 5130ms
2019-09-19 09:56:59,719 [ce8f9236-bba2-4942-9bf9-b4bb96b280ac:group-F2C32F03C017:LeaderElection3] INFO  impl.RaftServerImpl (ServerState.java:setLeader(263)) - ce8f9236-bba2-4942-9bf9-b4bb96b280ac:group-F2C32F03C017 change Leader from null to ce8f9236-bba2-4942-9bf9-b4bb96b280ac at term 1 for becomeLeader, leader elected after 5202ms
2019-09-19 09:56:59,720 [39b9d8f1-cc47-4624-b4ed-3b44777a4379:group-F553C6358FB7:LeaderElection4] INFO  server.RaftServerConfigKeys (ConfUtils.java:logGet(43)) - raft.server.staging.catchup.gap = 1000 (default)
2019-09-19 09:56:59,721 [ce8f9236-bba2-4942-9bf9-b4bb96b280ac:group-F2C32F03C017:LeaderElection3] INFO  server.RaftServerConfigKeys (ConfUtils.java:logGet(43)) - raft.server.staging.catchup.gap = 1000 (default)
2019-09-19 09:56:59,722 [39b9d8f1-cc47-4624-b4ed-3b44777a4379:group-F553C6358FB7:LeaderElection4] INFO  server.RaftServerConfigKeys (ConfUtils.java:logGet(43)) - raft.server.rpc.sleep.time = 25ms (default)
2019-09-19 09:56:59,722 [ce8f9236-bba2-4942-9bf9-b4bb96b280ac:group-F2C32F03C017:LeaderElection3] INFO  server.RaftServerConfigKeys (ConfUtils.java:logGet(43)) - raft.server.rpc.sleep.time = 25ms (default)
2019-09-19 09:56:59,722 [39b9d8f1-cc47-4624-b4ed-3b44777a4379:group-F553C6358FB7:LeaderElection4] INFO  server.RaftServerConfigKeys (ConfUtils.java:logGet(43)) - raft.server.write.element-limit = 4096 (default)
2019-09-19 09:56:59,722 [ce8f9236-bba2-4942-9bf9-b4bb96b280ac:group-F2C32F03C017:LeaderElection3] INFO  server.RaftServerConfigKeys (ConfUtils.java:logGet(43)) - raft.server.write.element-limit = 4096 (default)
2019-09-19 09:56:59,722 [39b9d8f1-cc47-4624-b4ed-3b44777a4379:group-F553C6358FB7:LeaderElection4] INFO  server.RaftServerConfigKeys (ConfUtils.java:logGet(43)) - raft.server.watch.timeout = 10s (default)
2019-09-19 09:56:59,723 [ce8f9236-bba2-4942-9bf9-b4bb96b280ac:group-F2C32F03C017:LeaderElection3] INFO  server.RaftServerConfigKeys (ConfUtils.java:logGet(43)) - raft.server.watch.timeout = 10s (default)
2019-09-19 09:56:59,723 [39b9d8f1-cc47-4624-b4ed-3b44777a4379:group-F553C6358FB7:LeaderElection4] INFO  server.RaftServerConfigKeys (ConfUtils.java:logGet(43)) - raft.server.watch.timeout.denomination = 1s (default)
2019-09-19 09:56:59,723 [ce8f9236-bba2-4942-9bf9-b4bb96b280ac:group-F2C32F03C017:LeaderElection3] INFO  server.RaftServerConfigKeys (ConfUtils.java:logGet(43)) - raft.server.watch.timeout.denomination = 1s (default)
2019-09-19 09:56:59,723 [39b9d8f1-cc47-4624-b4ed-3b44777a4379:group-F553C6358FB7:LeaderElection4] INFO  server.RaftServerConfigKeys (ConfUtils.java:logGet(43)) - raft.server.watch.element-limit = 65536 (default)
2019-09-19 09:56:59,723 [ce8f9236-bba2-4942-9bf9-b4bb96b280ac:group-F2C32F03C017:LeaderElection3] INFO  server.RaftServerConfigKeys (ConfUtils.java:logGet(43)) - raft.server.watch.element-limit = 65536 (default)
2019-09-19 09:56:59,724 [39b9d8f1-cc47-4624-b4ed-3b44777a4379:group-F553C6358FB7:LeaderElection4] INFO  impl.RoleInfo (RoleInfo.java:updateAndGet(143)) - 39b9d8f1-cc47-4624-b4ed-3b44777a4379: start LeaderState
2019-09-19 09:56:59,724 [ce8f9236-bba2-4942-9bf9-b4bb96b280ac:group-F2C32F03C017:LeaderElection3] INFO  impl.RoleInfo (RoleInfo.java:updateAndGet(143)) - ce8f9236-bba2-4942-9bf9-b4bb96b280ac: start LeaderState
2019-09-19 09:56:59,724 [39b9d8f1-cc47-4624-b4ed-3b44777a4379:group-F553C6358FB7:LeaderElection4] INFO  segmented.SegmentedRaftLogWorker (SegmentedRaftLogWorker.java:startLogSegment(380)) - 39b9d8f1-cc47-4624-b4ed-3b44777a4379-SegmentedRaftLogWorker:Storage Directory /workdir/hadoop-ozone/tools/target/test-dir/MiniOzoneClusterImpl-3225c09c-430a-4478-b047-7eb735aebfb5/datanode-1/data/ratis/bf6c51da-5664-485a-82f2-f553c6358fb7: Starting segment from index:0
2019-09-19 09:56:59,724 [ce8f9236-bba2-4942-9bf9-b4bb96b280ac:group-F2C32F03C017:LeaderElection3] INFO  segmented.SegmentedRaftLogWorker (SegmentedRaftLogWorker.java:startLogSegment(380)) - ce8f9236-bba2-4942-9bf9-b4bb96b280ac-SegmentedRaftLogWorker:Storage Directory /workdir/hadoop-ozone/tools/target/test-dir/MiniOzoneClusterImpl-3225c09c-430a-4478-b047-7eb735aebfb5/datanode-3/data/ratis/e79da545-d71b-4408-aa3a-f2c32f03c017: Starting segment from index:0
2019-09-19 09:56:59,725 [39b9d8f1-cc47-4624-b4ed-3b44777a4379:group-F553C6358FB7:LeaderElection4] INFO  impl.RaftServerImpl (ServerState.java:setRaftConf(361)) - 39b9d8f1-cc47-4624-b4ed-3b44777a4379:group-F553C6358FB7 set configuration 0: [39b9d8f1-cc47-4624-b4ed-3b44777a4379:192.168.34.5:45684], old=null at 0
2019-09-19 09:56:59,725 [ce8f9236-bba2-4942-9bf9-b4bb96b280ac:group-F2C32F03C017:LeaderElection3] INFO  impl.RaftServerImpl (ServerState.java:setRaftConf(361)) - ce8f9236-bba2-4942-9bf9-b4bb96b280ac:group-F2C32F03C017 set configuration 0: [ce8f9236-bba2-4942-9bf9-b4bb96b280ac:192.168.34.5:37969], old=null at 0
2019-09-19 09:56:59,783 [39b9d8f1-cc47-4624-b4ed-3b44777a4379-SegmentedRaftLogWorker:Storage Directory /workdir/hadoop-ozone/tools/target/test-dir/MiniOzoneClusterImpl-3225c09c-430a-4478-b047-7eb735aebfb5/datanode-1/data/ratis/bf6c51da-5664-485a-82f2-f553c6358fb7] INFO  segmented.SegmentedRaftLogWorker (SegmentedRaftLogWorker.java:execute(569)) - 39b9d8f1-cc47-4624-b4ed-3b44777a4379-SegmentedRaftLogWorker:Storage Directory /workdir/hadoop-ozone/tools/target/test-dir/MiniOzoneClusterImpl-3225c09c-430a-4478-b047-7eb735aebfb5/datanode-1/data/ratis/bf6c51da-5664-485a-82f2-f553c6358fb7: created new log segment /workdir/hadoop-ozone/tools/target/test-dir/MiniOzoneClusterImpl-3225c09c-430a-4478-b047-7eb735aebfb5/datanode-1/data/ratis/bf6c51da-5664-485a-82f2-f553c6358fb7/current/log_inprogress_0
2019-09-19 09:56:59,783 [ce8f9236-bba2-4942-9bf9-b4bb96b280ac-SegmentedRaftLogWorker:Storage Directory /workdir/hadoop-ozone/tools/target/test-dir/MiniOzoneClusterImpl-3225c09c-430a-4478-b047-7eb735aebfb5/datanode-3/data/ratis/e79da545-d71b-4408-aa3a-f2c32f03c017] INFO  segmented.SegmentedRaftLogWorker (SegmentedRaftLogWorker.java:execute(569)) - ce8f9236-bba2-4942-9bf9-b4bb96b280ac-SegmentedRaftLogWorker:Storage Directory /workdir/hadoop-ozone/tools/target/test-dir/MiniOzoneClusterImpl-3225c09c-430a-4478-b047-7eb735aebfb5/datanode-3/data/ratis/e79da545-d71b-4408-aa3a-f2c32f03c017: created new log segment /workdir/hadoop-ozone/tools/target/test-dir/MiniOzoneClusterImpl-3225c09c-430a-4478-b047-7eb735aebfb5/datanode-3/data/ratis/e79da545-d71b-4408-aa3a-f2c32f03c017/current/log_inprogress_0
2019-09-19 09:56:59,833 [Thread-221] INFO  impl.FollowerState (FollowerState.java:run(106)) - c5d53031-865d-4491-9cd3-c718532e281c:group-85A3C1E51D85 changes to CANDIDATE, lastRpcTime:5155, electionTimeout:5155ms
2019-09-19 09:56:59,835 [Thread-221] INFO  impl.RoleInfo (RoleInfo.java:shutdownFollowerState(121)) - c5d53031-865d-4491-9cd3-c718532e281c: shutdown FollowerState
2019-09-19 09:56:59,835 [Thread-221] INFO  impl.RaftServerImpl (RaftServerImpl.java:setRole(171)) - c5d53031-865d-4491-9cd3-c718532e281c:group-85A3C1E51D85 changes role from FOLLOWER to CANDIDATE at term 0 for changeToCandidate
2019-09-19 09:56:59,835 [Thread-221] INFO  impl.RoleInfo (RoleInfo.java:updateAndGet(143)) - c5d53031-865d-4491-9cd3-c718532e281c: start LeaderElection
2019-09-19 09:56:59,855 [c5d53031-865d-4491-9cd3-c718532e281c:group-85A3C1E51D85:LeaderElection5] INFO  impl.LeaderElection (LeaderElection.java:askForVotes(181)) - c5d53031-865d-4491-9cd3-c718532e281c:group-85A3C1E51D85:LeaderElection5: begin an election at term 1 for -1: [c5d53031-865d-4491-9cd3-c718532e281c:192.168.34.5:38112], old=null
2019-09-19 09:56:59,856 [c5d53031-865d-4491-9cd3-c718532e281c:group-85A3C1E51D85:LeaderElection5] INFO  impl.RoleInfo (RoleInfo.java:shutdownLeaderElection(134)) - c5d53031-865d-4491-9cd3-c718532e281c: shutdown LeaderElection
2019-09-19 09:56:59,857 [c5d53031-865d-4491-9cd3-c718532e281c:group-85A3C1E51D85:LeaderElection5] INFO  impl.RaftServerImpl (RaftServerImpl.java:setRole(171)) - c5d53031-865d-4491-9cd3-c718532e281c:group-85A3C1E51D85 changes role from CANDIDATE to LEADER at term 1 for changeToLeader
2019-09-19 09:56:59,857 [c5d53031-865d-4491-9cd3-c718532e281c:group-85A3C1E51D85:LeaderElection5] INFO  impl.RaftServerImpl (ServerState.java:setLeader(263)) - c5d53031-865d-4491-9cd3-c718532e281c:group-85A3C1E51D85 change Leader from null to c5d53031-865d-4491-9cd3-c718532e281c at term 1 for becomeLeader, leader elected after 5185ms
2019-09-19 09:56:59,858 [c5d53031-865d-4491-9cd3-c718532e281c:group-85A3C1E51D85:LeaderElection5] INFO  server.RaftServerConfigKeys (ConfUtils.java:logGet(43)) - raft.server.staging.catchup.gap = 1000 (default)
2019-09-19 09:56:59,859 [c5d53031-865d-4491-9cd3-c718532e281c:group-85A3C1E51D85:LeaderElection5] INFO  server.RaftServerConfigKeys (ConfUtils.java:logGet(43)) - raft.server.rpc.sleep.time = 25ms (default)
2019-09-19 09:56:59,859 [c5d53031-865d-4491-9cd3-c718532e281c:group-85A3C1E51D85:LeaderElection5] INFO  server.RaftServerConfigKeys (ConfUtils.java:logGet(43)) - raft.server.write.element-limit = 4096 (default)
2019-09-19 09:56:59,859 [c5d53031-865d-4491-9cd3-c718532e281c:group-85A3C1E51D85:LeaderElection5] INFO  server.RaftServerConfigKeys (ConfUtils.java:logGet(43)) - raft.server.watch.timeout = 10s (default)
2019-09-19 09:56:59,859 [c5d53031-865d-4491-9cd3-c718532e281c:group-85A3C1E51D85:LeaderElection5] INFO  server.RaftServerConfigKeys (ConfUtils.java:logGet(43)) - raft.server.watch.timeout.denomination = 1s (default)
2019-09-19 09:56:59,859 [c5d53031-865d-4491-9cd3-c718532e281c:group-85A3C1E51D85:LeaderElection5] INFO  server.RaftServerConfigKeys (ConfUtils.java:logGet(43)) - raft.server.watch.element-limit = 65536 (default)
2019-09-19 09:56:59,860 [Thread-224] INFO  impl.FollowerState (FollowerState.java:run(106)) - 19cf0631-d0d9-4f40-8587-54276d2ac576:group-C27888E8EA58 changes to CANDIDATE, lastRpcTime:5110, electionTimeout:5110ms
2019-09-19 09:56:59,860 [c5d53031-865d-4491-9cd3-c718532e281c:group-85A3C1E51D85:LeaderElection5] INFO  impl.RoleInfo (RoleInfo.java:updateAndGet(143)) - c5d53031-865d-4491-9cd3-c718532e281c: start LeaderState
2019-09-19 09:56:59,860 [Thread-224] INFO  impl.RoleInfo (RoleInfo.java:shutdownFollowerState(121)) - 19cf0631-d0d9-4f40-8587-54276d2ac576: shutdown FollowerState
2019-09-19 09:56:59,860 [Thread-224] INFO  impl.RaftServerImpl (RaftServerImpl.java:setRole(171)) - 19cf0631-d0d9-4f40-8587-54276d2ac576:group-C27888E8EA58 changes role from FOLLOWER to CANDIDATE at term 0 for changeToCandidate
2019-09-19 09:56:59,860 [c5d53031-865d-4491-9cd3-c718532e281c:group-85A3C1E51D85:LeaderElection5] INFO  segmented.SegmentedRaftLogWorker (SegmentedRaftLogWorker.java:startLogSegment(380)) - c5d53031-865d-4491-9cd3-c718532e281c-SegmentedRaftLogWorker:Storage Directory /workdir/hadoop-ozone/tools/target/test-dir/MiniOzoneClusterImpl-3225c09c-430a-4478-b047-7eb735aebfb5/datanode-4/data/ratis/0fc78ca6-4399-47a8-953a-85a3c1e51d85: Starting segment from index:0
2019-09-19 09:56:59,860 [Thread-224] INFO  impl.RoleInfo (RoleInfo.java:updateAndGet(143)) - 19cf0631-d0d9-4f40-8587-54276d2ac576: start LeaderElection
2019-09-19 09:56:59,894 [c5d53031-865d-4491-9cd3-c718532e281c:group-85A3C1E51D85:LeaderElection5] INFO  impl.RaftServerImpl (ServerState.java:setRaftConf(361)) - c5d53031-865d-4491-9cd3-c718532e281c:group-85A3C1E51D85 set configuration 0: [c5d53031-865d-4491-9cd3-c718532e281c:192.168.34.5:38112], old=null at 0
2019-09-19 09:56:59,907 [c5d53031-865d-4491-9cd3-c718532e281c-SegmentedRaftLogWorker:Storage Directory /workdir/hadoop-ozone/tools/target/test-dir/MiniOzoneClusterImpl-3225c09c-430a-4478-b047-7eb735aebfb5/datanode-4/data/ratis/0fc78ca6-4399-47a8-953a-85a3c1e51d85] INFO  segmented.SegmentedRaftLogWorker (SegmentedRaftLogWorker.java:execute(569)) - c5d53031-865d-4491-9cd3-c718532e281c-SegmentedRaftLogWorker:Storage Directory /workdir/hadoop-ozone/tools/target/test-dir/MiniOzoneClusterImpl-3225c09c-430a-4478-b047-7eb735aebfb5/datanode-4/data/ratis/0fc78ca6-4399-47a8-953a-85a3c1e51d85: created new log segment /workdir/hadoop-ozone/tools/target/test-dir/MiniOzoneClusterImpl-3225c09c-430a-4478-b047-7eb735aebfb5/datanode-4/data/ratis/0fc78ca6-4399-47a8-953a-85a3c1e51d85/current/log_inprogress_0
2019-09-19 09:56:59,907 [19cf0631-d0d9-4f40-8587-54276d2ac576:group-C27888E8EA58:LeaderElection6] INFO  impl.LeaderElection (LeaderElection.java:askForVotes(181)) - 19cf0631-d0d9-4f40-8587-54276d2ac576:group-C27888E8EA58:LeaderElection6: begin an election at term 1 for -1: [19cf0631-d0d9-4f40-8587-54276d2ac576:192.168.34.5:38304], old=null
2019-09-19 09:56:59,907 [19cf0631-d0d9-4f40-8587-54276d2ac576:group-C27888E8EA58:LeaderElection6] INFO  impl.RoleInfo (RoleInfo.java:shutdownLeaderElection(134)) - 19cf0631-d0d9-4f40-8587-54276d2ac576: shutdown LeaderElection
2019-09-19 09:56:59,908 [19cf0631-d0d9-4f40-8587-54276d2ac576:group-C27888E8EA58:LeaderElection6] INFO  impl.RaftServerImpl (RaftServerImpl.java:setRole(171)) - 19cf0631-d0d9-4f40-8587-54276d2ac576:group-C27888E8EA58 changes role from CANDIDATE to LEADER at term 1 for changeToLeader
2019-09-19 09:56:59,908 [19cf0631-d0d9-4f40-8587-54276d2ac576:group-C27888E8EA58:LeaderElection6] INFO  impl.RaftServerImpl (ServerState.java:setLeader(263)) - 19cf0631-d0d9-4f40-8587-54276d2ac576:group-C27888E8EA58 change Leader from null to 19cf0631-d0d9-4f40-8587-54276d2ac576 at term 1 for becomeLeader, leader elected after 5163ms
2019-09-19 09:56:59,908 [19cf0631-d0d9-4f40-8587-54276d2ac576:group-C27888E8EA58:LeaderElection6] INFO  server.RaftServerConfigKeys (ConfUtils.java:logGet(43)) - raft.server.staging.catchup.gap = 1000 (default)
2019-09-19 09:56:59,908 [19cf0631-d0d9-4f40-8587-54276d2ac576:group-C27888E8EA58:LeaderElection6] INFO  server.RaftServerConfigKeys (ConfUtils.java:logGet(43)) - raft.server.rpc.sleep.time = 25ms (default)
2019-09-19 09:56:59,909 [19cf0631-d0d9-4f40-8587-54276d2ac576:group-C27888E8EA58:LeaderElection6] INFO  server.RaftServerConfigKeys (ConfUtils.java:logGet(43)) - raft.server.write.element-limit = 4096 (default)
2019-09-19 09:56:59,909 [19cf0631-d0d9-4f40-8587-54276d2ac576:group-C27888E8EA58:LeaderElection6] INFO  server.RaftServerConfigKeys (ConfUtils.java:logGet(43)) - raft.server.watch.timeout = 10s (default)
2019-09-19 09:56:59,909 [19cf0631-d0d9-4f40-8587-54276d2ac576:group-C27888E8EA58:LeaderElection6] INFO  server.RaftServerConfigKeys (ConfUtils.java:logGet(43)) - raft.server.watch.timeout.denomination = 1s (default)
2019-09-19 09:56:59,909 [19cf0631-d0d9-4f40-8587-54276d2ac576:group-C27888E8EA58:LeaderElection6] INFO  server.RaftServerConfigKeys (ConfUtils.java:logGet(43)) - raft.server.watch.element-limit = 65536 (default)
2019-09-19 09:56:59,910 [19cf0631-d0d9-4f40-8587-54276d2ac576:group-C27888E8EA58:LeaderElection6] INFO  impl.RoleInfo (RoleInfo.java:updateAndGet(143)) - 19cf0631-d0d9-4f40-8587-54276d2ac576: start LeaderState
2019-09-19 09:56:59,910 [19cf0631-d0d9-4f40-8587-54276d2ac576:group-C27888E8EA58:LeaderElection6] INFO  segmented.SegmentedRaftLogWorker (SegmentedRaftLogWorker.java:startLogSegment(380)) - 19cf0631-d0d9-4f40-8587-54276d2ac576-SegmentedRaftLogWorker:Storage Directory /workdir/hadoop-ozone/tools/target/test-dir/MiniOzoneClusterImpl-3225c09c-430a-4478-b047-7eb735aebfb5/datanode-2/data/ratis/b84ce3d5-423e-40b3-8c7b-c27888e8ea58: Starting segment from index:0
2019-09-19 09:56:59,911 [19cf0631-d0d9-4f40-8587-54276d2ac576:group-C27888E8EA58:LeaderElection6] INFO  impl.RaftServerImpl (ServerState.java:setRaftConf(361)) - 19cf0631-d0d9-4f40-8587-54276d2ac576:group-C27888E8EA58 set configuration 0: [19cf0631-d0d9-4f40-8587-54276d2ac576:192.168.34.5:38304], old=null at 0
2019-09-19 09:56:59,948 [Thread-227] INFO  impl.FollowerState (FollowerState.java:run(106)) - 4490b81b-0ef7-4125-ad05-765de4ccf1d4:group-F2545ABBBC16 changes to CANDIDATE, lastRpcTime:5132, electionTimeout:5101ms
2019-09-19 09:56:59,949 [Thread-227] INFO  impl.RoleInfo (RoleInfo.java:shutdownFollowerState(121)) - 4490b81b-0ef7-4125-ad05-765de4ccf1d4: shutdown FollowerState
2019-09-19 09:56:59,949 [Thread-227] INFO  impl.RaftServerImpl (RaftServerImpl.java:setRole(171)) - 4490b81b-0ef7-4125-ad05-765de4ccf1d4:group-F2545ABBBC16 changes role from FOLLOWER to CANDIDATE at term 0 for changeToCandidate
2019-09-19 09:56:59,950 [Thread-227] INFO  impl.RoleInfo (RoleInfo.java:updateAndGet(143)) - 4490b81b-0ef7-4125-ad05-765de4ccf1d4: start LeaderElection
2019-09-19 09:56:59,961 [19cf0631-d0d9-4f40-8587-54276d2ac576-SegmentedRaftLogWorker:Storage Directory /workdir/hadoop-ozone/tools/target/test-dir/MiniOzoneClusterImpl-3225c09c-430a-4478-b047-7eb735aebfb5/datanode-2/data/ratis/b84ce3d5-423e-40b3-8c7b-c27888e8ea58] INFO  segmented.SegmentedRaftLogWorker (SegmentedRaftLogWorker.java:execute(569)) - 19cf0631-d0d9-4f40-8587-54276d2ac576-SegmentedRaftLogWorker:Storage Directory /workdir/hadoop-ozone/tools/target/test-dir/MiniOzoneClusterImpl-3225c09c-430a-4478-b047-7eb735aebfb5/datanode-2/data/ratis/b84ce3d5-423e-40b3-8c7b-c27888e8ea58: created new log segment /workdir/hadoop-ozone/tools/target/test-dir/MiniOzoneClusterImpl-3225c09c-430a-4478-b047-7eb735aebfb5/datanode-2/data/ratis/b84ce3d5-423e-40b3-8c7b-c27888e8ea58/current/log_inprogress_0
2019-09-19 09:56:59,961 [4490b81b-0ef7-4125-ad05-765de4ccf1d4:group-F2545ABBBC16:LeaderElection7] INFO  impl.LeaderElection (LeaderElection.java:askForVotes(181)) - 4490b81b-0ef7-4125-ad05-765de4ccf1d4:group-F2545ABBBC16:LeaderElection7: begin an election at term 1 for -1: [4490b81b-0ef7-4125-ad05-765de4ccf1d4:192.168.34.5:38735], old=null
2019-09-19 09:56:59,962 [4490b81b-0ef7-4125-ad05-765de4ccf1d4:group-F2545ABBBC16:LeaderElection7] INFO  impl.RoleInfo (RoleInfo.java:shutdownLeaderElection(134)) - 4490b81b-0ef7-4125-ad05-765de4ccf1d4: shutdown LeaderElection
2019-09-19 09:56:59,962 [4490b81b-0ef7-4125-ad05-765de4ccf1d4:group-F2545ABBBC16:LeaderElection7] INFO  impl.RaftServerImpl (RaftServerImpl.java:setRole(171)) - 4490b81b-0ef7-4125-ad05-765de4ccf1d4:group-F2545ABBBC16 changes role from CANDIDATE to LEADER at term 1 for changeToLeader
2019-09-19 09:56:59,962 [4490b81b-0ef7-4125-ad05-765de4ccf1d4:group-F2545ABBBC16:LeaderElection7] INFO  impl.RaftServerImpl (ServerState.java:setLeader(263)) - 4490b81b-0ef7-4125-ad05-765de4ccf1d4:group-F2545ABBBC16 change Leader from null to 4490b81b-0ef7-4125-ad05-765de4ccf1d4 at term 1 for becomeLeader, leader elected after 5151ms
2019-09-19 09:56:59,962 [4490b81b-0ef7-4125-ad05-765de4ccf1d4:group-F2545ABBBC16:LeaderElection7] INFO  server.RaftServerConfigKeys (ConfUtils.java:logGet(43)) - raft.server.staging.catchup.gap = 1000 (default)
2019-09-19 09:56:59,962 [4490b81b-0ef7-4125-ad05-765de4ccf1d4:group-F2545ABBBC16:LeaderElection7] INFO  server.RaftServerConfigKeys (ConfUtils.java:logGet(43)) - raft.server.rpc.sleep.time = 25ms (default)
2019-09-19 09:56:59,962 [4490b81b-0ef7-4125-ad05-765de4ccf1d4:group-F2545ABBBC16:LeaderElection7] INFO  server.RaftServerConfigKeys (ConfUtils.java:logGet(43)) - raft.server.write.element-limit = 4096 (default)
2019-09-19 09:56:59,962 [4490b81b-0ef7-4125-ad05-765de4ccf1d4:group-F2545ABBBC16:LeaderElection7] INFO  server.RaftServerConfigKeys (ConfUtils.java:logGet(43)) - raft.server.watch.timeout = 10s (default)
2019-09-19 09:56:59,963 [4490b81b-0ef7-4125-ad05-765de4ccf1d4:group-F2545ABBBC16:LeaderElection7] INFO  server.RaftServerConfigKeys (ConfUtils.java:logGet(43)) - raft.server.watch.timeout.denomination = 1s (default)
2019-09-19 09:56:59,963 [4490b81b-0ef7-4125-ad05-765de4ccf1d4:group-F2545ABBBC16:LeaderElection7] INFO  server.RaftServerConfigKeys (ConfUtils.java:logGet(43)) - raft.server.watch.element-limit = 65536 (default)
2019-09-19 09:56:59,963 [4490b81b-0ef7-4125-ad05-765de4ccf1d4:group-F2545ABBBC16:LeaderElection7] INFO  impl.RoleInfo (RoleInfo.java:updateAndGet(143)) - 4490b81b-0ef7-4125-ad05-765de4ccf1d4: start LeaderState
2019-09-19 09:56:59,963 [4490b81b-0ef7-4125-ad05-765de4ccf1d4:group-F2545ABBBC16:LeaderElection7] INFO  segmented.SegmentedRaftLogWorker (SegmentedRaftLogWorker.java:startLogSegment(380)) - 4490b81b-0ef7-4125-ad05-765de4ccf1d4-SegmentedRaftLogWorker:Storage Directory /workdir/hadoop-ozone/tools/target/test-dir/MiniOzoneClusterImpl-3225c09c-430a-4478-b047-7eb735aebfb5/datanode-0/data/ratis/c16a624b-52df-47a8-9e68-f2545abbbc16: Starting segment from index:0
2019-09-19 09:56:59,964 [4490b81b-0ef7-4125-ad05-765de4ccf1d4:group-F2545ABBBC16:LeaderElection7] INFO  impl.RaftServerImpl (ServerState.java:setRaftConf(361)) - 4490b81b-0ef7-4125-ad05-765de4ccf1d4:group-F2545ABBBC16 set configuration 0: [4490b81b-0ef7-4125-ad05-765de4ccf1d4:192.168.34.5:38735], old=null at 0
2019-09-19 09:57:00,002 | INFO  | SCMAudit | user=jenkins1000 | ip=192.168.34.5 | op=SEND_HEARTBEAT {datanodeUUID=c5d53031-865d-4491-9cd3-c718532e281c, command=[]} | ret=SUCCESS |  
2019-09-19 09:57:00,005 [4490b81b-0ef7-4125-ad05-765de4ccf1d4-SegmentedRaftLogWorker:Storage Directory /workdir/hadoop-ozone/tools/target/test-dir/MiniOzoneClusterImpl-3225c09c-430a-4478-b047-7eb735aebfb5/datanode-0/data/ratis/c16a624b-52df-47a8-9e68-f2545abbbc16] INFO  segmented.SegmentedRaftLogWorker (SegmentedRaftLogWorker.java:execute(569)) - 4490b81b-0ef7-4125-ad05-765de4ccf1d4-SegmentedRaftLogWorker:Storage Directory /workdir/hadoop-ozone/tools/target/test-dir/MiniOzoneClusterImpl-3225c09c-430a-4478-b047-7eb735aebfb5/datanode-0/data/ratis/c16a624b-52df-47a8-9e68-f2545abbbc16: created new log segment /workdir/hadoop-ozone/tools/target/test-dir/MiniOzoneClusterImpl-3225c09c-430a-4478-b047-7eb735aebfb5/datanode-0/data/ratis/c16a624b-52df-47a8-9e68-f2545abbbc16/current/log_inprogress_0
2019-09-19 09:57:00,008 [Thread-230] INFO  impl.FollowerState (FollowerState.java:run(106)) - 19cf0631-d0d9-4f40-8587-54276d2ac576:group-002E9CBB5A97 changes to CANDIDATE, lastRpcTime:5126, electionTimeout:5126ms
2019-09-19 09:57:00,008 [Thread-230] INFO  impl.RoleInfo (RoleInfo.java:shutdownFollowerState(121)) - 19cf0631-d0d9-4f40-8587-54276d2ac576: shutdown FollowerState
2019-09-19 09:57:00,008 [Thread-230] INFO  impl.RaftServerImpl (RaftServerImpl.java:setRole(171)) - 19cf0631-d0d9-4f40-8587-54276d2ac576:group-002E9CBB5A97 changes role from FOLLOWER to CANDIDATE at term 0 for changeToCandidate
2019-09-19 09:57:00,008 [Thread-230] INFO  impl.RoleInfo (RoleInfo.java:updateAndGet(143)) - 19cf0631-d0d9-4f40-8587-54276d2ac576: start LeaderElection
2019-09-19 09:57:00,008 | INFO  | SCMAudit | user=jenkins1000 | ip=192.168.34.5 | op=SEND_HEARTBEAT {datanodeUUID=ce8f9236-bba2-4942-9bf9-b4bb96b280ac, command=[]} | ret=SUCCESS |  
2019-09-19 09:57:00,020 [19cf0631-d0d9-4f40-8587-54276d2ac576:group-002E9CBB5A97:LeaderElection8] INFO  impl.LeaderElection (LeaderElection.java:askForVotes(181)) - 19cf0631-d0d9-4f40-8587-54276d2ac576:group-002E9CBB5A97:LeaderElection8: begin an election at term 1 for -1: [19cf0631-d0d9-4f40-8587-54276d2ac576:192.168.34.5:38304], old=null
2019-09-19 09:57:00,021 [19cf0631-d0d9-4f40-8587-54276d2ac576:group-002E9CBB5A97:LeaderElection8] INFO  impl.RoleInfo (RoleInfo.java:shutdownLeaderElection(134)) - 19cf0631-d0d9-4f40-8587-54276d2ac576: shutdown LeaderElection
2019-09-19 09:57:00,021 [19cf0631-d0d9-4f40-8587-54276d2ac576:group-002E9CBB5A97:LeaderElection8] INFO  impl.RaftServerImpl (RaftServerImpl.java:setRole(171)) - 19cf0631-d0d9-4f40-8587-54276d2ac576:group-002E9CBB5A97 changes role from CANDIDATE to LEADER at term 1 for changeToLeader
2019-09-19 09:57:00,022 [19cf0631-d0d9-4f40-8587-54276d2ac576:group-002E9CBB5A97:LeaderElection8] INFO  impl.RaftServerImpl (ServerState.java:setLeader(263)) - 19cf0631-d0d9-4f40-8587-54276d2ac576:group-002E9CBB5A97 change Leader from null to 19cf0631-d0d9-4f40-8587-54276d2ac576 at term 1 for becomeLeader, leader elected after 5146ms
2019-09-19 09:57:00,022 [19cf0631-d0d9-4f40-8587-54276d2ac576:group-002E9CBB5A97:LeaderElection8] INFO  server.RaftServerConfigKeys (ConfUtils.java:logGet(43)) - raft.server.staging.catchup.gap = 1000 (default)
2019-09-19 09:57:00,022 [19cf0631-d0d9-4f40-8587-54276d2ac576:group-002E9CBB5A97:LeaderElection8] INFO  server.RaftServerConfigKeys (ConfUtils.java:logGet(43)) - raft.server.rpc.sleep.time = 25ms (default)
2019-09-19 09:57:00,022 [19cf0631-d0d9-4f40-8587-54276d2ac576:group-002E9CBB5A97:LeaderElection8] INFO  server.RaftServerConfigKeys (ConfUtils.java:logGet(43)) - raft.server.write.element-limit = 4096 (default)
2019-09-19 09:57:00,022 [19cf0631-d0d9-4f40-8587-54276d2ac576:group-002E9CBB5A97:LeaderElection8] INFO  server.RaftServerConfigKeys (ConfUtils.java:logGet(43)) - raft.server.watch.timeout = 10s (default)
2019-09-19 09:57:00,022 [19cf0631-d0d9-4f40-8587-54276d2ac576:group-002E9CBB5A97:LeaderElection8] INFO  server.RaftServerConfigKeys (ConfUtils.java:logGet(43)) - raft.server.watch.timeout.denomination = 1s (default)
2019-09-19 09:57:00,022 [19cf0631-d0d9-4f40-8587-54276d2ac576:group-002E9CBB5A97:LeaderElection8] INFO  server.RaftServerConfigKeys (ConfUtils.java:logGet(43)) - raft.server.watch.element-limit = 65536 (default)
2019-09-19 09:57:00,023 [19cf0631-d0d9-4f40-8587-54276d2ac576:group-002E9CBB5A97:LeaderElection8] INFO  impl.RoleInfo (RoleInfo.java:updateAndGet(143)) - 19cf0631-d0d9-4f40-8587-54276d2ac576: start LeaderState
2019-09-19 09:57:00,023 [19cf0631-d0d9-4f40-8587-54276d2ac576:group-002E9CBB5A97:LeaderElection8] INFO  segmented.SegmentedRaftLogWorker (SegmentedRaftLogWorker.java:startLogSegment(380)) - 19cf0631-d0d9-4f40-8587-54276d2ac576-SegmentedRaftLogWorker:Storage Directory /workdir/hadoop-ozone/tools/target/test-dir/MiniOzoneClusterImpl-3225c09c-430a-4478-b047-7eb735aebfb5/datanode-2/data/ratis/86485850-7769-4351-b40d-002e9cbb5a97: Starting segment from index:0
2019-09-19 09:57:00,023 [19cf0631-d0d9-4f40-8587-54276d2ac576:group-002E9CBB5A97:LeaderElection8] INFO  impl.RaftServerImpl (ServerState.java:setRaftConf(361)) - 19cf0631-d0d9-4f40-8587-54276d2ac576:group-002E9CBB5A97 set configuration 0: [19cf0631-d0d9-4f40-8587-54276d2ac576:192.168.34.5:38304], old=null at 0
2019-09-19 09:57:00,078 [19cf0631-d0d9-4f40-8587-54276d2ac576-SegmentedRaftLogWorker:Storage Directory /workdir/hadoop-ozone/tools/target/test-dir/MiniOzoneClusterImpl-3225c09c-430a-4478-b047-7eb735aebfb5/datanode-2/data/ratis/86485850-7769-4351-b40d-002e9cbb5a97] INFO  segmented.SegmentedRaftLogWorker (SegmentedRaftLogWorker.java:execute(569)) - 19cf0631-d0d9-4f40-8587-54276d2ac576-SegmentedRaftLogWorker:Storage Directory /workdir/hadoop-ozone/tools/target/test-dir/MiniOzoneClusterImpl-3225c09c-430a-4478-b047-7eb735aebfb5/datanode-2/data/ratis/86485850-7769-4351-b40d-002e9cbb5a97: created new log segment /workdir/hadoop-ozone/tools/target/test-dir/MiniOzoneClusterImpl-3225c09c-430a-4478-b047-7eb735aebfb5/datanode-2/data/ratis/86485850-7769-4351-b40d-002e9cbb5a97/current/log_inprogress_0
2019-09-19 09:57:00,078 | INFO  | SCMAudit | user=jenkins1000 | ip=192.168.34.5 | op=SEND_HEARTBEAT {datanodeUUID=4490b81b-0ef7-4125-ad05-765de4ccf1d4, command=[]} | ret=SUCCESS |  
2019-09-19 09:57:00,123 [Thread-240] INFO  impl.FollowerState (FollowerState.java:run(106)) - 39b9d8f1-cc47-4624-b4ed-3b44777a4379:group-A1F84B910C05 changes to CANDIDATE, lastRpcTime:5030, electionTimeout:5030ms
2019-09-19 09:57:00,123 [Thread-240] INFO  impl.RoleInfo (RoleInfo.java:shutdownFollowerState(121)) - 39b9d8f1-cc47-4624-b4ed-3b44777a4379: shutdown FollowerState
2019-09-19 09:57:00,124 [Thread-240] INFO  impl.RaftServerImpl (RaftServerImpl.java:setRole(171)) - 39b9d8f1-cc47-4624-b4ed-3b44777a4379:group-A1F84B910C05 changes role from FOLLOWER to CANDIDATE at term 0 for changeToCandidate
2019-09-19 09:57:00,124 [Thread-240] INFO  impl.RoleInfo (RoleInfo.java:updateAndGet(143)) - 39b9d8f1-cc47-4624-b4ed-3b44777a4379: start LeaderElection
2019-09-19 09:57:00,130 [Thread-236] INFO  impl.FollowerState (FollowerState.java:run(106)) - 39b9d8f1-cc47-4624-b4ed-3b44777a4379:group-8F834E62C579 changes to CANDIDATE, lastRpcTime:5112, electionTimeout:5112ms
2019-09-19 09:57:00,131 [Thread-236] INFO  impl.RoleInfo (RoleInfo.java:shutdownFollowerState(121)) - 39b9d8f1-cc47-4624-b4ed-3b44777a4379: shutdown FollowerState
2019-09-19 09:57:00,131 [Thread-236] INFO  impl.RaftServerImpl (RaftServerImpl.java:setRole(171)) - 39b9d8f1-cc47-4624-b4ed-3b44777a4379:group-8F834E62C579 changes role from FOLLOWER to CANDIDATE at term 0 for changeToCandidate
2019-09-19 09:57:00,132 [Thread-236] INFO  impl.RoleInfo (RoleInfo.java:updateAndGet(143)) - 39b9d8f1-cc47-4624-b4ed-3b44777a4379: start LeaderElection
2019-09-19 09:57:00,142 [39b9d8f1-cc47-4624-b4ed-3b44777a4379:group-A1F84B910C05:LeaderElection9] INFO  impl.LeaderElection (LeaderElection.java:askForVotes(181)) - 39b9d8f1-cc47-4624-b4ed-3b44777a4379:group-A1F84B910C05:LeaderElection9: begin an election at term 1 for -1: [39b9d8f1-cc47-4624-b4ed-3b44777a4379:192.168.34.5:45684], old=null
2019-09-19 09:57:00,142 [39b9d8f1-cc47-4624-b4ed-3b44777a4379:group-8F834E62C579:LeaderElection10] INFO  impl.LeaderElection (LeaderElection.java:askForVotes(181)) - 39b9d8f1-cc47-4624-b4ed-3b44777a4379:group-8F834E62C579:LeaderElection10: begin an election at term 1 for -1: [39b9d8f1-cc47-4624-b4ed-3b44777a4379:192.168.34.5:45684], old=null
2019-09-19 09:57:00,142 [39b9d8f1-cc47-4624-b4ed-3b44777a4379:group-A1F84B910C05:LeaderElection9] INFO  impl.RoleInfo (RoleInfo.java:shutdownLeaderElection(134)) - 39b9d8f1-cc47-4624-b4ed-3b44777a4379: shutdown LeaderElection
2019-09-19 09:57:00,142 [39b9d8f1-cc47-4624-b4ed-3b44777a4379:group-8F834E62C579:LeaderElection10] INFO  impl.RoleInfo (RoleInfo.java:shutdownLeaderElection(134)) - 39b9d8f1-cc47-4624-b4ed-3b44777a4379: shutdown LeaderElection
2019-09-19 09:57:00,142 [39b9d8f1-cc47-4624-b4ed-3b44777a4379:group-A1F84B910C05:LeaderElection9] INFO  impl.RaftServerImpl (RaftServerImpl.java:setRole(171)) - 39b9d8f1-cc47-4624-b4ed-3b44777a4379:group-A1F84B910C05 changes role from CANDIDATE to LEADER at term 1 for changeToLeader
2019-09-19 09:57:00,142 [39b9d8f1-cc47-4624-b4ed-3b44777a4379:group-8F834E62C579:LeaderElection10] INFO  impl.RaftServerImpl (RaftServerImpl.java:setRole(171)) - 39b9d8f1-cc47-4624-b4ed-3b44777a4379:group-8F834E62C579 changes role from CANDIDATE to LEADER at term 1 for changeToLeader
2019-09-19 09:57:00,142 [39b9d8f1-cc47-4624-b4ed-3b44777a4379:group-A1F84B910C05:LeaderElection9] INFO  impl.RaftServerImpl (ServerState.java:setLeader(263)) - 39b9d8f1-cc47-4624-b4ed-3b44777a4379:group-A1F84B910C05 change Leader from null to 39b9d8f1-cc47-4624-b4ed-3b44777a4379 at term 1 for becomeLeader, leader elected after 5053ms
2019-09-19 09:57:00,142 [39b9d8f1-cc47-4624-b4ed-3b44777a4379:group-8F834E62C579:LeaderElection10] INFO  impl.RaftServerImpl (ServerState.java:setLeader(263)) - 39b9d8f1-cc47-4624-b4ed-3b44777a4379:group-8F834E62C579 change Leader from null to 39b9d8f1-cc47-4624-b4ed-3b44777a4379 at term 1 for becomeLeader, leader elected after 5130ms
2019-09-19 09:57:00,143 [39b9d8f1-cc47-4624-b4ed-3b44777a4379:group-A1F84B910C05:LeaderElection9] INFO  server.RaftServerConfigKeys (ConfUtils.java:logGet(43)) - raft.server.staging.catchup.gap = 1000 (default)
2019-09-19 09:57:00,143 [39b9d8f1-cc47-4624-b4ed-3b44777a4379:group-8F834E62C579:LeaderElection10] INFO  server.RaftServerConfigKeys (ConfUtils.java:logGet(43)) - raft.server.staging.catchup.gap = 1000 (default)
2019-09-19 09:57:00,143 [39b9d8f1-cc47-4624-b4ed-3b44777a4379:group-A1F84B910C05:LeaderElection9] INFO  server.RaftServerConfigKeys (ConfUtils.java:logGet(43)) - raft.server.rpc.sleep.time = 25ms (default)
2019-09-19 09:57:00,143 [39b9d8f1-cc47-4624-b4ed-3b44777a4379:group-8F834E62C579:LeaderElection10] INFO  server.RaftServerConfigKeys (ConfUtils.java:logGet(43)) - raft.server.rpc.sleep.time = 25ms (default)
2019-09-19 09:57:00,143 [39b9d8f1-cc47-4624-b4ed-3b44777a4379:group-A1F84B910C05:LeaderElection9] INFO  server.RaftServerConfigKeys (ConfUtils.java:logGet(43)) - raft.server.write.element-limit = 4096 (default)
2019-09-19 09:57:00,143 [39b9d8f1-cc47-4624-b4ed-3b44777a4379:group-8F834E62C579:LeaderElection10] INFO  server.RaftServerConfigKeys (ConfUtils.java:logGet(43)) - raft.server.write.element-limit = 4096 (default)
2019-09-19 09:57:00,143 [39b9d8f1-cc47-4624-b4ed-3b44777a4379:group-A1F84B910C05:LeaderElection9] INFO  server.RaftServerConfigKeys (ConfUtils.java:logGet(43)) - raft.server.watch.timeout = 10s (default)
2019-09-19 09:57:00,144 [39b9d8f1-cc47-4624-b4ed-3b44777a4379:group-8F834E62C579:LeaderElection10] INFO  server.RaftServerConfigKeys (ConfUtils.java:logGet(43)) - raft.server.watch.timeout = 10s (default)
2019-09-19 09:57:00,144 [39b9d8f1-cc47-4624-b4ed-3b44777a4379:group-A1F84B910C05:LeaderElection9] INFO  server.RaftServerConfigKeys (ConfUtils.java:logGet(43)) - raft.server.watch.timeout.denomination = 1s (default)
2019-09-19 09:57:00,144 [39b9d8f1-cc47-4624-b4ed-3b44777a4379:group-8F834E62C579:LeaderElection10] INFO  server.RaftServerConfigKeys (ConfUtils.java:logGet(43)) - raft.server.watch.timeout.denomination = 1s (default)
2019-09-19 09:57:00,144 [39b9d8f1-cc47-4624-b4ed-3b44777a4379:group-A1F84B910C05:LeaderElection9] INFO  server.RaftServerConfigKeys (ConfUtils.java:logGet(43)) - raft.server.watch.element-limit = 65536 (default)
2019-09-19 09:57:00,144 [39b9d8f1-cc47-4624-b4ed-3b44777a4379:group-8F834E62C579:LeaderElection10] INFO  server.RaftServerConfigKeys (ConfUtils.java:logGet(43)) - raft.server.watch.element-limit = 65536 (default)
2019-09-19 09:57:00,144 [39b9d8f1-cc47-4624-b4ed-3b44777a4379:group-A1F84B910C05:LeaderElection9] INFO  impl.RoleInfo (RoleInfo.java:updateAndGet(143)) - 39b9d8f1-cc47-4624-b4ed-3b44777a4379: start LeaderState
2019-09-19 09:57:00,144 [39b9d8f1-cc47-4624-b4ed-3b44777a4379:group-8F834E62C579:LeaderElection10] INFO  impl.RoleInfo (RoleInfo.java:updateAndGet(143)) - 39b9d8f1-cc47-4624-b4ed-3b44777a4379: start LeaderState
2019-09-19 09:57:00,145 [39b9d8f1-cc47-4624-b4ed-3b44777a4379:group-A1F84B910C05:LeaderElection9] INFO  segmented.SegmentedRaftLogWorker (SegmentedRaftLogWorker.java:startLogSegment(380)) - 39b9d8f1-cc47-4624-b4ed-3b44777a4379-SegmentedRaftLogWorker:Storage Directory /workdir/hadoop-ozone/tools/target/test-dir/MiniOzoneClusterImpl-3225c09c-430a-4478-b047-7eb735aebfb5/datanode-1/data/ratis/e180e355-f75c-4beb-bb9f-a1f84b910c05: Starting segment from index:0
2019-09-19 09:57:00,145 [39b9d8f1-cc47-4624-b4ed-3b44777a4379:group-8F834E62C579:LeaderElection10] INFO  segmented.SegmentedRaftLogWorker (SegmentedRaftLogWorker.java:startLogSegment(380)) - 39b9d8f1-cc47-4624-b4ed-3b44777a4379-SegmentedRaftLogWorker:Storage Directory /workdir/hadoop-ozone/tools/target/test-dir/MiniOzoneClusterImpl-3225c09c-430a-4478-b047-7eb735aebfb5/datanode-1/data/ratis/caf5665d-b7d1-48e1-a65f-8f834e62c579: Starting segment from index:0
2019-09-19 09:57:00,145 [39b9d8f1-cc47-4624-b4ed-3b44777a4379:group-A1F84B910C05:LeaderElection9] INFO  impl.RaftServerImpl (ServerState.java:setRaftConf(361)) - 39b9d8f1-cc47-4624-b4ed-3b44777a4379:group-A1F84B910C05 set configuration 0: [39b9d8f1-cc47-4624-b4ed-3b44777a4379:192.168.34.5:45684], old=null at 0
2019-09-19 09:57:00,184 [Thread-233] INFO  impl.FollowerState (FollowerState.java:run(106)) - c5d53031-865d-4491-9cd3-c718532e281c:group-670FD5E36B46 changes to CANDIDATE, lastRpcTime:5228, electionTimeout:5192ms
2019-09-19 09:57:00,184 [39b9d8f1-cc47-4624-b4ed-3b44777a4379:group-8F834E62C579:LeaderElection10] INFO  impl.RaftServerImpl (ServerState.java:setRaftConf(361)) - 39b9d8f1-cc47-4624-b4ed-3b44777a4379:group-8F834E62C579 set configuration 0: [39b9d8f1-cc47-4624-b4ed-3b44777a4379:192.168.34.5:45684], old=null at 0
2019-09-19 09:57:00,184 [Thread-233] INFO  impl.RoleInfo (RoleInfo.java:shutdownFollowerState(121)) - c5d53031-865d-4491-9cd3-c718532e281c: shutdown FollowerState
2019-09-19 09:57:00,185 [Thread-233] INFO  impl.RaftServerImpl (RaftServerImpl.java:setRole(171)) - c5d53031-865d-4491-9cd3-c718532e281c:group-670FD5E36B46 changes role from FOLLOWER to CANDIDATE at term 0 for changeToCandidate
2019-09-19 09:57:00,224 [39b9d8f1-cc47-4624-b4ed-3b44777a4379-SegmentedRaftLogWorker:Storage Directory /workdir/hadoop-ozone/tools/target/test-dir/MiniOzoneClusterImpl-3225c09c-430a-4478-b047-7eb735aebfb5/datanode-1/data/ratis/e180e355-f75c-4beb-bb9f-a1f84b910c05] INFO  segmented.SegmentedRaftLogWorker (SegmentedRaftLogWorker.java:execute(569)) - 39b9d8f1-cc47-4624-b4ed-3b44777a4379-SegmentedRaftLogWorker:Storage Directory /workdir/hadoop-ozone/tools/target/test-dir/MiniOzoneClusterImpl-3225c09c-430a-4478-b047-7eb735aebfb5/datanode-1/data/ratis/e180e355-f75c-4beb-bb9f-a1f84b910c05: created new log segment /workdir/hadoop-ozone/tools/target/test-dir/MiniOzoneClusterImpl-3225c09c-430a-4478-b047-7eb735aebfb5/datanode-1/data/ratis/e180e355-f75c-4beb-bb9f-a1f84b910c05/current/log_inprogress_0
2019-09-19 09:57:00,224 [Thread-233] INFO  impl.RoleInfo (RoleInfo.java:updateAndGet(143)) - c5d53031-865d-4491-9cd3-c718532e281c: start LeaderElection
2019-09-19 09:57:00,237 [39b9d8f1-cc47-4624-b4ed-3b44777a4379-SegmentedRaftLogWorker:Storage Directory /workdir/hadoop-ozone/tools/target/test-dir/MiniOzoneClusterImpl-3225c09c-430a-4478-b047-7eb735aebfb5/datanode-1/data/ratis/caf5665d-b7d1-48e1-a65f-8f834e62c579] INFO  segmented.SegmentedRaftLogWorker (SegmentedRaftLogWorker.java:execute(569)) - 39b9d8f1-cc47-4624-b4ed-3b44777a4379-SegmentedRaftLogWorker:Storage Directory /workdir/hadoop-ozone/tools/target/test-dir/MiniOzoneClusterImpl-3225c09c-430a-4478-b047-7eb735aebfb5/datanode-1/data/ratis/caf5665d-b7d1-48e1-a65f-8f834e62c579: created new log segment /workdir/hadoop-ozone/tools/target/test-dir/MiniOzoneClusterImpl-3225c09c-430a-4478-b047-7eb735aebfb5/datanode-1/data/ratis/caf5665d-b7d1-48e1-a65f-8f834e62c579/current/log_inprogress_0
2019-09-19 09:57:00,243 [c5d53031-865d-4491-9cd3-c718532e281c:group-670FD5E36B46:LeaderElection11] INFO  impl.LeaderElection (LeaderElection.java:askForVotes(181)) - c5d53031-865d-4491-9cd3-c718532e281c:group-670FD5E36B46:LeaderElection11: begin an election at term 1 for -1: [c5d53031-865d-4491-9cd3-c718532e281c:192.168.34.5:38112], old=null
2019-09-19 09:57:00,243 [c5d53031-865d-4491-9cd3-c718532e281c:group-670FD5E36B46:LeaderElection11] INFO  impl.RoleInfo (RoleInfo.java:shutdownLeaderElection(134)) - c5d53031-865d-4491-9cd3-c718532e281c: shutdown LeaderElection
2019-09-19 09:57:00,243 [c5d53031-865d-4491-9cd3-c718532e281c:group-670FD5E36B46:LeaderElection11] INFO  impl.RaftServerImpl (RaftServerImpl.java:setRole(171)) - c5d53031-865d-4491-9cd3-c718532e281c:group-670FD5E36B46 changes role from CANDIDATE to LEADER at term 1 for changeToLeader
2019-09-19 09:57:00,243 [c5d53031-865d-4491-9cd3-c718532e281c:group-670FD5E36B46:LeaderElection11] INFO  impl.RaftServerImpl (ServerState.java:setLeader(263)) - c5d53031-865d-4491-9cd3-c718532e281c:group-670FD5E36B46 change Leader from null to c5d53031-865d-4491-9cd3-c718532e281c at term 1 for becomeLeader, leader elected after 5292ms
2019-09-19 09:57:00,244 [c5d53031-865d-4491-9cd3-c718532e281c:group-670FD5E36B46:LeaderElection11] INFO  server.RaftServerConfigKeys (ConfUtils.java:logGet(43)) - raft.server.staging.catchup.gap = 1000 (default)
2019-09-19 09:57:00,244 [c5d53031-865d-4491-9cd3-c718532e281c:group-670FD5E36B46:LeaderElection11] INFO  server.RaftServerConfigKeys (ConfUtils.java:logGet(43)) - raft.server.rpc.sleep.time = 25ms (default)
2019-09-19 09:57:00,244 [c5d53031-865d-4491-9cd3-c718532e281c:group-670FD5E36B46:LeaderElection11] INFO  server.RaftServerConfigKeys (ConfUtils.java:logGet(43)) - raft.server.write.element-limit = 4096 (default)
2019-09-19 09:57:00,244 [c5d53031-865d-4491-9cd3-c718532e281c:group-670FD5E36B46:LeaderElection11] INFO  server.RaftServerConfigKeys (ConfUtils.java:logGet(43)) - raft.server.watch.timeout = 10s (default)
2019-09-19 09:57:00,244 [c5d53031-865d-4491-9cd3-c718532e281c:group-670FD5E36B46:LeaderElection11] INFO  server.RaftServerConfigKeys (ConfUtils.java:logGet(43)) - raft.server.watch.timeout.denomination = 1s (default)
2019-09-19 09:57:00,245 [c5d53031-865d-4491-9cd3-c718532e281c:group-670FD5E36B46:LeaderElection11] INFO  server.RaftServerConfigKeys (ConfUtils.java:logGet(43)) - raft.server.watch.element-limit = 65536 (default)
2019-09-19 09:57:00,245 [c5d53031-865d-4491-9cd3-c718532e281c:group-670FD5E36B46:LeaderElection11] INFO  impl.RoleInfo (RoleInfo.java:updateAndGet(143)) - c5d53031-865d-4491-9cd3-c718532e281c: start LeaderState
2019-09-19 09:57:00,245 [c5d53031-865d-4491-9cd3-c718532e281c:group-670FD5E36B46:LeaderElection11] INFO  segmented.SegmentedRaftLogWorker (SegmentedRaftLogWorker.java:startLogSegment(380)) - c5d53031-865d-4491-9cd3-c718532e281c-SegmentedRaftLogWorker:Storage Directory /workdir/hadoop-ozone/tools/target/test-dir/MiniOzoneClusterImpl-3225c09c-430a-4478-b047-7eb735aebfb5/datanode-4/data/ratis/32d5d165-4488-4618-9b6a-670fd5e36b46: Starting segment from index:0
2019-09-19 09:57:00,246 [c5d53031-865d-4491-9cd3-c718532e281c:group-670FD5E36B46:LeaderElection11] INFO  impl.RaftServerImpl (ServerState.java:setRaftConf(361)) - c5d53031-865d-4491-9cd3-c718532e281c:group-670FD5E36B46 set configuration 0: [c5d53031-865d-4491-9cd3-c718532e281c:192.168.34.5:38112], old=null at 0
2019-09-19 09:57:00,297 [c5d53031-865d-4491-9cd3-c718532e281c-SegmentedRaftLogWorker:Storage Directory /workdir/hadoop-ozone/tools/target/test-dir/MiniOzoneClusterImpl-3225c09c-430a-4478-b047-7eb735aebfb5/datanode-4/data/ratis/32d5d165-4488-4618-9b6a-670fd5e36b46] INFO  segmented.SegmentedRaftLogWorker (SegmentedRaftLogWorker.java:execute(569)) - c5d53031-865d-4491-9cd3-c718532e281c-SegmentedRaftLogWorker:Storage Directory /workdir/hadoop-ozone/tools/target/test-dir/MiniOzoneClusterImpl-3225c09c-430a-4478-b047-7eb735aebfb5/datanode-4/data/ratis/32d5d165-4488-4618-9b6a-670fd5e36b46: created new log segment /workdir/hadoop-ozone/tools/target/test-dir/MiniOzoneClusterImpl-3225c09c-430a-4478-b047-7eb735aebfb5/datanode-4/data/ratis/32d5d165-4488-4618-9b6a-670fd5e36b46/current/log_inprogress_0
2019-09-19 09:57:00,321 | INFO  | SCMAudit | user=jenkins1000 | ip=192.168.34.5 | op=SEND_HEARTBEAT {datanodeUUID=39b9d8f1-cc47-4624-b4ed-3b44777a4379, command=[]} | ret=SUCCESS |  
2019-09-19 09:57:00,365 [Thread-243] INFO  impl.FollowerState (FollowerState.java:run(106)) - 19cf0631-d0d9-4f40-8587-54276d2ac576:group-3EE09D6ADFDF changes to CANDIDATE, lastRpcTime:5193, electionTimeout:5193ms
2019-09-19 09:57:00,365 [Thread-243] INFO  impl.RoleInfo (RoleInfo.java:shutdownFollowerState(121)) - 19cf0631-d0d9-4f40-8587-54276d2ac576: shutdown FollowerState
2019-09-19 09:57:00,365 [Thread-243] INFO  impl.RaftServerImpl (RaftServerImpl.java:setRole(171)) - 19cf0631-d0d9-4f40-8587-54276d2ac576:group-3EE09D6ADFDF changes role from FOLLOWER to CANDIDATE at term 0 for changeToCandidate
2019-09-19 09:57:00,366 [Thread-243] INFO  impl.RoleInfo (RoleInfo.java:updateAndGet(143)) - 19cf0631-d0d9-4f40-8587-54276d2ac576: start LeaderElection
2019-09-19 09:57:00,385 [19cf0631-d0d9-4f40-8587-54276d2ac576:group-3EE09D6ADFDF:LeaderElection12] INFO  impl.LeaderElection (LeaderElection.java:askForVotes(181)) - 19cf0631-d0d9-4f40-8587-54276d2ac576:group-3EE09D6ADFDF:LeaderElection12: begin an election at term 1 for -1: [19cf0631-d0d9-4f40-8587-54276d2ac576:192.168.34.5:38304], old=null
2019-09-19 09:57:00,385 [19cf0631-d0d9-4f40-8587-54276d2ac576:group-3EE09D6ADFDF:LeaderElection12] INFO  impl.RoleInfo (RoleInfo.java:shutdownLeaderElection(134)) - 19cf0631-d0d9-4f40-8587-54276d2ac576: shutdown LeaderElection
2019-09-19 09:57:00,385 [19cf0631-d0d9-4f40-8587-54276d2ac576:group-3EE09D6ADFDF:LeaderElection12] INFO  impl.RaftServerImpl (RaftServerImpl.java:setRole(171)) - 19cf0631-d0d9-4f40-8587-54276d2ac576:group-3EE09D6ADFDF changes role from CANDIDATE to LEADER at term 1 for changeToLeader
2019-09-19 09:57:00,385 [19cf0631-d0d9-4f40-8587-54276d2ac576:group-3EE09D6ADFDF:LeaderElection12] INFO  impl.RaftServerImpl (ServerState.java:setLeader(263)) - 19cf0631-d0d9-4f40-8587-54276d2ac576:group-3EE09D6ADFDF change Leader from null to 19cf0631-d0d9-4f40-8587-54276d2ac576 at term 1 for becomeLeader, leader elected after 5219ms
2019-09-19 09:57:00,385 [19cf0631-d0d9-4f40-8587-54276d2ac576:group-3EE09D6ADFDF:LeaderElection12] INFO  server.RaftServerConfigKeys (ConfUtils.java:logGet(43)) - raft.server.staging.catchup.gap = 1000 (default)
2019-09-19 09:57:00,386 [19cf0631-d0d9-4f40-8587-54276d2ac576:group-3EE09D6ADFDF:LeaderElection12] INFO  server.RaftServerConfigKeys (ConfUtils.java:logGet(43)) - raft.server.rpc.sleep.time = 25ms (default)
2019-09-19 09:57:00,386 [19cf0631-d0d9-4f40-8587-54276d2ac576:group-3EE09D6ADFDF:LeaderElection12] INFO  server.RaftServerConfigKeys (ConfUtils.java:logGet(43)) - raft.server.write.element-limit = 4096 (default)
2019-09-19 09:57:00,386 [19cf0631-d0d9-4f40-8587-54276d2ac576:group-3EE09D6ADFDF:LeaderElection12] INFO  server.RaftServerConfigKeys (ConfUtils.java:logGet(43)) - raft.server.watch.timeout = 10s (default)
2019-09-19 09:57:00,386 [19cf0631-d0d9-4f40-8587-54276d2ac576:group-3EE09D6ADFDF:LeaderElection12] INFO  server.RaftServerConfigKeys (ConfUtils.java:logGet(43)) - raft.server.watch.timeout.denomination = 1s (default)
2019-09-19 09:57:00,386 [19cf0631-d0d9-4f40-8587-54276d2ac576:group-3EE09D6ADFDF:LeaderElection12] INFO  server.RaftServerConfigKeys (ConfUtils.java:logGet(43)) - raft.server.watch.element-limit = 65536 (default)
2019-09-19 09:57:00,387 [19cf0631-d0d9-4f40-8587-54276d2ac576:group-3EE09D6ADFDF:LeaderElection12] INFO  impl.RoleInfo (RoleInfo.java:updateAndGet(143)) - 19cf0631-d0d9-4f40-8587-54276d2ac576: start LeaderState
2019-09-19 09:57:00,387 [19cf0631-d0d9-4f40-8587-54276d2ac576:group-3EE09D6ADFDF:LeaderElection12] INFO  segmented.SegmentedRaftLogWorker (SegmentedRaftLogWorker.java:startLogSegment(380)) - 19cf0631-d0d9-4f40-8587-54276d2ac576-SegmentedRaftLogWorker:Storage Directory /workdir/hadoop-ozone/tools/target/test-dir/MiniOzoneClusterImpl-3225c09c-430a-4478-b047-7eb735aebfb5/datanode-2/data/ratis/fc189ce3-aa21-4d66-b9da-3ee09d6adfdf: Starting segment from index:0
2019-09-19 09:57:00,388 [19cf0631-d0d9-4f40-8587-54276d2ac576:group-3EE09D6ADFDF:LeaderElection12] INFO  impl.RaftServerImpl (ServerState.java:setRaftConf(361)) - 19cf0631-d0d9-4f40-8587-54276d2ac576:group-3EE09D6ADFDF set configuration 0: [19cf0631-d0d9-4f40-8587-54276d2ac576:192.168.34.5:38304], old=null at 0
2019-09-19 09:57:00,426 [Thread-246] INFO  impl.FollowerState (FollowerState.java:run(106)) - c5d53031-865d-4491-9cd3-c718532e281c:group-50B65A354C9B changes to CANDIDATE, lastRpcTime:5192, electionTimeout:5183ms
2019-09-19 09:57:00,427 [Thread-246] INFO  impl.RoleInfo (RoleInfo.java:shutdownFollowerState(121)) - c5d53031-865d-4491-9cd3-c718532e281c: shutdown FollowerState
2019-09-19 09:57:00,427 [Thread-246] INFO  impl.RaftServerImpl (RaftServerImpl.java:setRole(171)) - c5d53031-865d-4491-9cd3-c718532e281c:group-50B65A354C9B changes role from FOLLOWER to CANDIDATE at term 0 for changeToCandidate
2019-09-19 09:57:00,427 [Thread-246] INFO  impl.RoleInfo (RoleInfo.java:updateAndGet(143)) - c5d53031-865d-4491-9cd3-c718532e281c: start LeaderElection
2019-09-19 09:57:00,446 [Thread-250] INFO  impl.FollowerState (FollowerState.java:run(106)) - c5d53031-865d-4491-9cd3-c718532e281c:group-4C66D24418A5 changes to CANDIDATE, lastRpcTime:5144, electionTimeout:5144ms
2019-09-19 09:57:00,446 [Thread-250] INFO  impl.RoleInfo (RoleInfo.java:shutdownFollowerState(121)) - c5d53031-865d-4491-9cd3-c718532e281c: shutdown FollowerState
2019-09-19 09:57:00,446 [Thread-250] INFO  impl.RaftServerImpl (RaftServerImpl.java:setRole(171)) - c5d53031-865d-4491-9cd3-c718532e281c:group-4C66D24418A5 changes role from FOLLOWER to CANDIDATE at term 0 for changeToCandidate
2019-09-19 09:57:00,446 [Thread-250] INFO  impl.RoleInfo (RoleInfo.java:updateAndGet(143)) - c5d53031-865d-4491-9cd3-c718532e281c: start LeaderElection
2019-09-19 09:57:00,447 [19cf0631-d0d9-4f40-8587-54276d2ac576-SegmentedRaftLogWorker:Storage Directory /workdir/hadoop-ozone/tools/target/test-dir/MiniOzoneClusterImpl-3225c09c-430a-4478-b047-7eb735aebfb5/datanode-2/data/ratis/fc189ce3-aa21-4d66-b9da-3ee09d6adfdf] INFO  segmented.SegmentedRaftLogWorker (SegmentedRaftLogWorker.java:execute(569)) - 19cf0631-d0d9-4f40-8587-54276d2ac576-SegmentedRaftLogWorker:Storage Directory /workdir/hadoop-ozone/tools/target/test-dir/MiniOzoneClusterImpl-3225c09c-430a-4478-b047-7eb735aebfb5/datanode-2/data/ratis/fc189ce3-aa21-4d66-b9da-3ee09d6adfdf: created new log segment /workdir/hadoop-ozone/tools/target/test-dir/MiniOzoneClusterImpl-3225c09c-430a-4478-b047-7eb735aebfb5/datanode-2/data/ratis/fc189ce3-aa21-4d66-b9da-3ee09d6adfdf/current/log_inprogress_0
2019-09-19 09:57:00,448 [c5d53031-865d-4491-9cd3-c718532e281c:group-50B65A354C9B:LeaderElection13] INFO  impl.LeaderElection (LeaderElection.java:askForVotes(181)) - c5d53031-865d-4491-9cd3-c718532e281c:group-50B65A354C9B:LeaderElection13: begin an election at term 1 for -1: [c5d53031-865d-4491-9cd3-c718532e281c:192.168.34.5:38112], old=null
2019-09-19 09:57:00,450 [c5d53031-865d-4491-9cd3-c718532e281c:group-50B65A354C9B:LeaderElection13] INFO  impl.RoleInfo (RoleInfo.java:shutdownLeaderElection(134)) - c5d53031-865d-4491-9cd3-c718532e281c: shutdown LeaderElection
2019-09-19 09:57:00,450 [c5d53031-865d-4491-9cd3-c718532e281c:group-50B65A354C9B:LeaderElection13] INFO  impl.RaftServerImpl (RaftServerImpl.java:setRole(171)) - c5d53031-865d-4491-9cd3-c718532e281c:group-50B65A354C9B changes role from CANDIDATE to LEADER at term 1 for changeToLeader
2019-09-19 09:57:00,450 [c5d53031-865d-4491-9cd3-c718532e281c:group-50B65A354C9B:LeaderElection13] INFO  impl.RaftServerImpl (ServerState.java:setLeader(263)) - c5d53031-865d-4491-9cd3-c718532e281c:group-50B65A354C9B change Leader from null to c5d53031-865d-4491-9cd3-c718532e281c at term 1 for becomeLeader, leader elected after 5221ms
2019-09-19 09:57:00,451 [c5d53031-865d-4491-9cd3-c718532e281c:group-50B65A354C9B:LeaderElection13] INFO  server.RaftServerConfigKeys (ConfUtils.java:logGet(43)) - raft.server.staging.catchup.gap = 1000 (default)
2019-09-19 09:57:00,451 [c5d53031-865d-4491-9cd3-c718532e281c:group-50B65A354C9B:LeaderElection13] INFO  server.RaftServerConfigKeys (ConfUtils.java:logGet(43)) - raft.server.rpc.sleep.time = 25ms (default)
2019-09-19 09:57:00,451 [c5d53031-865d-4491-9cd3-c718532e281c:group-50B65A354C9B:LeaderElection13] INFO  server.RaftServerConfigKeys (ConfUtils.java:logGet(43)) - raft.server.write.element-limit = 4096 (default)
2019-09-19 09:57:00,451 [c5d53031-865d-4491-9cd3-c718532e281c:group-50B65A354C9B:LeaderElection13] INFO  server.RaftServerConfigKeys (ConfUtils.java:logGet(43)) - raft.server.watch.timeout = 10s (default)
2019-09-19 09:57:00,451 [c5d53031-865d-4491-9cd3-c718532e281c:group-50B65A354C9B:LeaderElection13] INFO  server.RaftServerConfigKeys (ConfUtils.java:logGet(43)) - raft.server.watch.timeout.denomination = 1s (default)
2019-09-19 09:57:00,451 [c5d53031-865d-4491-9cd3-c718532e281c:group-50B65A354C9B:LeaderElection13] INFO  server.RaftServerConfigKeys (ConfUtils.java:logGet(43)) - raft.server.watch.element-limit = 65536 (default)
2019-09-19 09:57:00,452 [c5d53031-865d-4491-9cd3-c718532e281c:group-50B65A354C9B:LeaderElection13] INFO  impl.RoleInfo (RoleInfo.java:updateAndGet(143)) - c5d53031-865d-4491-9cd3-c718532e281c: start LeaderState
2019-09-19 09:57:00,452 [c5d53031-865d-4491-9cd3-c718532e281c:group-50B65A354C9B:LeaderElection13] INFO  segmented.SegmentedRaftLogWorker (SegmentedRaftLogWorker.java:startLogSegment(380)) - c5d53031-865d-4491-9cd3-c718532e281c-SegmentedRaftLogWorker:Storage Directory /workdir/hadoop-ozone/tools/target/test-dir/MiniOzoneClusterImpl-3225c09c-430a-4478-b047-7eb735aebfb5/datanode-4/data/ratis/01a97da5-b0ba-4100-8c56-50b65a354c9b: Starting segment from index:0
2019-09-19 09:57:00,452 [c5d53031-865d-4491-9cd3-c718532e281c:group-50B65A354C9B:LeaderElection13] INFO  impl.RaftServerImpl (ServerState.java:setRaftConf(361)) - c5d53031-865d-4491-9cd3-c718532e281c:group-50B65A354C9B set configuration 0: [c5d53031-865d-4491-9cd3-c718532e281c:192.168.34.5:38112], old=null at 0
2019-09-19 09:57:00,489 [c5d53031-865d-4491-9cd3-c718532e281c:group-4C66D24418A5:LeaderElection14] INFO  impl.LeaderElection (LeaderElection.java:askForVotes(181)) - c5d53031-865d-4491-9cd3-c718532e281c:group-4C66D24418A5:LeaderElection14: begin an election at term 1 for -1: [c5d53031-865d-4491-9cd3-c718532e281c:192.168.34.5:38112], old=null
2019-09-19 09:57:00,489 [c5d53031-865d-4491-9cd3-c718532e281c:group-4C66D24418A5:LeaderElection14] INFO  impl.RoleInfo (RoleInfo.java:shutdownLeaderElection(134)) - c5d53031-865d-4491-9cd3-c718532e281c: shutdown LeaderElection
2019-09-19 09:57:00,490 [c5d53031-865d-4491-9cd3-c718532e281c:group-4C66D24418A5:LeaderElection14] INFO  impl.RaftServerImpl (RaftServerImpl.java:setRole(171)) - c5d53031-865d-4491-9cd3-c718532e281c:group-4C66D24418A5 changes role from CANDIDATE to LEADER at term 1 for changeToLeader
2019-09-19 09:57:00,490 [c5d53031-865d-4491-9cd3-c718532e281c:group-4C66D24418A5:LeaderElection14] INFO  impl.RaftServerImpl (ServerState.java:setLeader(263)) - c5d53031-865d-4491-9cd3-c718532e281c:group-4C66D24418A5 change Leader from null to c5d53031-865d-4491-9cd3-c718532e281c at term 1 for becomeLeader, leader elected after 5198ms
2019-09-19 09:57:00,490 [c5d53031-865d-4491-9cd3-c718532e281c:group-4C66D24418A5:LeaderElection14] INFO  server.RaftServerConfigKeys (ConfUtils.java:logGet(43)) - raft.server.staging.catchup.gap = 1000 (default)
2019-09-19 09:57:00,490 [c5d53031-865d-4491-9cd3-c718532e281c:group-4C66D24418A5:LeaderElection14] INFO  server.RaftServerConfigKeys (ConfUtils.java:logGet(43)) - raft.server.rpc.sleep.time = 25ms (default)
2019-09-19 09:57:00,490 [c5d53031-865d-4491-9cd3-c718532e281c:group-4C66D24418A5:LeaderElection14] INFO  server.RaftServerConfigKeys (ConfUtils.java:logGet(43)) - raft.server.write.element-limit = 4096 (default)
2019-09-19 09:57:00,491 [c5d53031-865d-4491-9cd3-c718532e281c:group-4C66D24418A5:LeaderElection14] INFO  server.RaftServerConfigKeys (ConfUtils.java:logGet(43)) - raft.server.watch.timeout = 10s (default)
2019-09-19 09:57:00,491 [c5d53031-865d-4491-9cd3-c718532e281c:group-4C66D24418A5:LeaderElection14] INFO  server.RaftServerConfigKeys (ConfUtils.java:logGet(43)) - raft.server.watch.timeout.denomination = 1s (default)
2019-09-19 09:57:00,491 [c5d53031-865d-4491-9cd3-c718532e281c:group-4C66D24418A5:LeaderElection14] INFO  server.RaftServerConfigKeys (ConfUtils.java:logGet(43)) - raft.server.watch.element-limit = 65536 (default)
2019-09-19 09:57:00,491 [Thread-253] INFO  impl.FollowerState (FollowerState.java:run(106)) - 4490b81b-0ef7-4125-ad05-765de4ccf1d4:group-263D028C2EDF changes to CANDIDATE, lastRpcTime:5124, electionTimeout:5124ms
2019-09-19 09:57:00,491 [c5d53031-865d-4491-9cd3-c718532e281c:group-4C66D24418A5:LeaderElection14] INFO  impl.RoleInfo (RoleInfo.java:updateAndGet(143)) - c5d53031-865d-4491-9cd3-c718532e281c: start LeaderState
2019-09-19 09:57:00,491 [Thread-253] INFO  impl.RoleInfo (RoleInfo.java:shutdownFollowerState(121)) - 4490b81b-0ef7-4125-ad05-765de4ccf1d4: shutdown FollowerState
2019-09-19 09:57:00,491 [Thread-253] INFO  impl.RaftServerImpl (RaftServerImpl.java:setRole(171)) - 4490b81b-0ef7-4125-ad05-765de4ccf1d4:group-263D028C2EDF changes role from FOLLOWER to CANDIDATE at term 0 for changeToCandidate
2019-09-19 09:57:00,491 [c5d53031-865d-4491-9cd3-c718532e281c:group-4C66D24418A5:LeaderElection14] INFO  segmented.SegmentedRaftLogWorker (SegmentedRaftLogWorker.java:startLogSegment(380)) - c5d53031-865d-4491-9cd3-c718532e281c-SegmentedRaftLogWorker:Storage Directory /workdir/hadoop-ozone/tools/target/test-dir/MiniOzoneClusterImpl-3225c09c-430a-4478-b047-7eb735aebfb5/datanode-4/data/ratis/68fd4c0a-b043-4343-909b-4c66d24418a5: Starting segment from index:0
2019-09-19 09:57:00,492 [Thread-253] INFO  impl.RoleInfo (RoleInfo.java:updateAndGet(143)) - 4490b81b-0ef7-4125-ad05-765de4ccf1d4: start LeaderElection
 0.00% |█                                                                                                    |  0/1 Time: 0:00:052019-09-19 09:57:00,521 [c5d53031-865d-4491-9cd3-c718532e281c-SegmentedRaftLogWorker:Storage Directory /workdir/hadoop-ozone/tools/target/test-dir/MiniOzoneClusterImpl-3225c09c-430a-4478-b047-7eb735aebfb5/datanode-4/data/ratis/01a97da5-b0ba-4100-8c56-50b65a354c9b] INFO  segmented.SegmentedRaftLogWorker (SegmentedRaftLogWorker.java:execute(569)) - c5d53031-865d-4491-9cd3-c718532e281c-SegmentedRaftLogWorker:Storage Directory /workdir/hadoop-ozone/tools/target/test-dir/MiniOzoneClusterImpl-3225c09c-430a-4478-b047-7eb735aebfb5/datanode-4/data/ratis/01a97da5-b0ba-4100-8c56-50b65a354c9b: created new log segment /workdir/hadoop-ozone/tools/target/test-dir/MiniOzoneClusterImpl-3225c09c-430a-4478-b047-7eb735aebfb5/datanode-4/data/ratis/01a97da5-b0ba-4100-8c56-50b65a354c9b/current/log_inprogress_0
2019-09-19 09:57:00,524 [c5d53031-865d-4491-9cd3-c718532e281c:group-4C66D24418A5:LeaderElection14] INFO  impl.RaftServerImpl (ServerState.java:setRaftConf(361)) - c5d53031-865d-4491-9cd3-c718532e281c:group-4C66D24418A5 set configuration 0: [c5d53031-865d-4491-9cd3-c718532e281c:192.168.34.5:38112], old=null at 0
2019-09-19 09:57:00,534 [c5d53031-865d-4491-9cd3-c718532e281c-SegmentedRaftLogWorker:Storage Directory /workdir/hadoop-ozone/tools/target/test-dir/MiniOzoneClusterImpl-3225c09c-430a-4478-b047-7eb735aebfb5/datanode-4/data/ratis/68fd4c0a-b043-4343-909b-4c66d24418a5] INFO  segmented.SegmentedRaftLogWorker (SegmentedRaftLogWorker.java:execute(569)) - c5d53031-865d-4491-9cd3-c718532e281c-SegmentedRaftLogWorker:Storage Directory /workdir/hadoop-ozone/tools/target/test-dir/MiniOzoneClusterImpl-3225c09c-430a-4478-b047-7eb735aebfb5/datanode-4/data/ratis/68fd4c0a-b043-4343-909b-4c66d24418a5: created new log segment /workdir/hadoop-ozone/tools/target/test-dir/MiniOzoneClusterImpl-3225c09c-430a-4478-b047-7eb735aebfb5/datanode-4/data/ratis/68fd4c0a-b043-4343-909b-4c66d24418a5/current/log_inprogress_0
2019-09-19 09:57:00,534 [4490b81b-0ef7-4125-ad05-765de4ccf1d4:group-263D028C2EDF:LeaderElection15] INFO  impl.LeaderElection (LeaderElection.java:askForVotes(181)) - 4490b81b-0ef7-4125-ad05-765de4ccf1d4:group-263D028C2EDF:LeaderElection15: begin an election at term 1 for -1: [4490b81b-0ef7-4125-ad05-765de4ccf1d4:192.168.34.5:38735], old=null
2019-09-19 09:57:00,534 [4490b81b-0ef7-4125-ad05-765de4ccf1d4:group-263D028C2EDF:LeaderElection15] INFO  impl.RoleInfo (RoleInfo.java:shutdownLeaderElection(134)) - 4490b81b-0ef7-4125-ad05-765de4ccf1d4: shutdown LeaderElection
2019-09-19 09:57:00,534 [4490b81b-0ef7-4125-ad05-765de4ccf1d4:group-263D028C2EDF:LeaderElection15] INFO  impl.RaftServerImpl (RaftServerImpl.java:setRole(171)) - 4490b81b-0ef7-4125-ad05-765de4ccf1d4:group-263D028C2EDF changes role from CANDIDATE to LEADER at term 1 for changeToLeader
2019-09-19 09:57:00,534 [4490b81b-0ef7-4125-ad05-765de4ccf1d4:group-263D028C2EDF:LeaderElection15] INFO  impl.RaftServerImpl (ServerState.java:setLeader(263)) - 4490b81b-0ef7-4125-ad05-765de4ccf1d4:group-263D028C2EDF change Leader from null to 4490b81b-0ef7-4125-ad05-765de4ccf1d4 at term 1 for becomeLeader, leader elected after 5172ms
2019-09-19 09:57:00,535 [4490b81b-0ef7-4125-ad05-765de4ccf1d4:group-263D028C2EDF:LeaderElection15] INFO  server.RaftServerConfigKeys (ConfUtils.java:logGet(43)) - raft.server.staging.catchup.gap = 1000 (default)
2019-09-19 09:57:00,535 [4490b81b-0ef7-4125-ad05-765de4ccf1d4:group-263D028C2EDF:LeaderElection15] INFO  server.RaftServerConfigKeys (ConfUtils.java:logGet(43)) - raft.server.rpc.sleep.time = 25ms (default)
2019-09-19 09:57:00,535 [4490b81b-0ef7-4125-ad05-765de4ccf1d4:group-263D028C2EDF:LeaderElection15] INFO  server.RaftServerConfigKeys (ConfUtils.java:logGet(43)) - raft.server.write.element-limit = 4096 (default)
2019-09-19 09:57:00,535 [4490b81b-0ef7-4125-ad05-765de4ccf1d4:group-263D028C2EDF:LeaderElection15] INFO  server.RaftServerConfigKeys (ConfUtils.java:logGet(43)) - raft.server.watch.timeout = 10s (default)
2019-09-19 09:57:00,535 [4490b81b-0ef7-4125-ad05-765de4ccf1d4:group-263D028C2EDF:LeaderElection15] INFO  server.RaftServerConfigKeys (ConfUtils.java:logGet(43)) - raft.server.watch.timeout.denomination = 1s (default)
2019-09-19 09:57:00,535 [4490b81b-0ef7-4125-ad05-765de4ccf1d4:group-263D028C2EDF:LeaderElection15] INFO  server.RaftServerConfigKeys (ConfUtils.java:logGet(43)) - raft.server.watch.element-limit = 65536 (default)
2019-09-19 09:57:00,536 [4490b81b-0ef7-4125-ad05-765de4ccf1d4:group-263D028C2EDF:LeaderElection15] INFO  impl.RoleInfo (RoleInfo.java:updateAndGet(143)) - 4490b81b-0ef7-4125-ad05-765de4ccf1d4: start LeaderState
2019-09-19 09:57:00,536 [4490b81b-0ef7-4125-ad05-765de4ccf1d4:group-263D028C2EDF:LeaderElection15] INFO  segmented.SegmentedRaftLogWorker (SegmentedRaftLogWorker.java:startLogSegment(380)) - 4490b81b-0ef7-4125-ad05-765de4ccf1d4-SegmentedRaftLogWorker:Storage Directory /workdir/hadoop-ozone/tools/target/test-dir/MiniOzoneClusterImpl-3225c09c-430a-4478-b047-7eb735aebfb5/datanode-0/data/ratis/eeaf9ebf-32b0-4e2d-9c7e-263d028c2edf: Starting segment from index:0
2019-09-19 09:57:00,536 [4490b81b-0ef7-4125-ad05-765de4ccf1d4:group-263D028C2EDF:LeaderElection15] INFO  impl.RaftServerImpl (ServerState.java:setRaftConf(361)) - 4490b81b-0ef7-4125-ad05-765de4ccf1d4:group-263D028C2EDF set configuration 0: [4490b81b-0ef7-4125-ad05-765de4ccf1d4:192.168.34.5:38735], old=null at 0
2019-09-19 09:57:00,574 [Thread-259] INFO  impl.FollowerState (FollowerState.java:run(106)) - ce8f9236-bba2-4942-9bf9-b4bb96b280ac:group-065E74278D2B changes to CANDIDATE, lastRpcTime:5106, electionTimeout:5093ms
2019-09-19 09:57:00,574 [Thread-259] INFO  impl.RoleInfo (RoleInfo.java:shutdownFollowerState(121)) - ce8f9236-bba2-4942-9bf9-b4bb96b280ac: shutdown FollowerState
2019-09-19 09:57:00,574 [Thread-259] INFO  impl.RaftServerImpl (RaftServerImpl.java:setRole(171)) - ce8f9236-bba2-4942-9bf9-b4bb96b280ac:group-065E74278D2B changes role from FOLLOWER to CANDIDATE at term 0 for changeToCandidate
2019-09-19 09:57:00,574 [Thread-259] INFO  impl.RoleInfo (RoleInfo.java:updateAndGet(143)) - ce8f9236-bba2-4942-9bf9-b4bb96b280ac: start LeaderElection
2019-09-19 09:57:00,580 | INFO  | SCMAudit | user=jenkins1000 | ip=192.168.34.5 | op=SEND_HEARTBEAT {datanodeUUID=19cf0631-d0d9-4f40-8587-54276d2ac576, command=[]} | ret=SUCCESS |  
2019-09-19 09:57:00,586 [4490b81b-0ef7-4125-ad05-765de4ccf1d4-SegmentedRaftLogWorker:Storage Directory /workdir/hadoop-ozone/tools/target/test-dir/MiniOzoneClusterImpl-3225c09c-430a-4478-b047-7eb735aebfb5/datanode-0/data/ratis/eeaf9ebf-32b0-4e2d-9c7e-263d028c2edf] INFO  segmented.SegmentedRaftLogWorker (SegmentedRaftLogWorker.java:execute(569)) - 4490b81b-0ef7-4125-ad05-765de4ccf1d4-SegmentedRaftLogWorker:Storage Directory /workdir/hadoop-ozone/tools/target/test-dir/MiniOzoneClusterImpl-3225c09c-430a-4478-b047-7eb735aebfb5/datanode-0/data/ratis/eeaf9ebf-32b0-4e2d-9c7e-263d028c2edf: created new log segment /workdir/hadoop-ozone/tools/target/test-dir/MiniOzoneClusterImpl-3225c09c-430a-4478-b047-7eb735aebfb5/datanode-0/data/ratis/eeaf9ebf-32b0-4e2d-9c7e-263d028c2edf/current/log_inprogress_0
2019-09-19 09:57:00,586 [ce8f9236-bba2-4942-9bf9-b4bb96b280ac:group-065E74278D2B:LeaderElection16] INFO  impl.LeaderElection (LeaderElection.java:askForVotes(181)) - ce8f9236-bba2-4942-9bf9-b4bb96b280ac:group-065E74278D2B:LeaderElection16: begin an election at term 1 for -1: [ce8f9236-bba2-4942-9bf9-b4bb96b280ac:192.168.34.5:37969], old=null
2019-09-19 09:57:00,587 [ce8f9236-bba2-4942-9bf9-b4bb96b280ac:group-065E74278D2B:LeaderElection16] INFO  impl.RoleInfo (RoleInfo.java:shutdownLeaderElection(134)) - ce8f9236-bba2-4942-9bf9-b4bb96b280ac: shutdown LeaderElection
2019-09-19 09:57:00,587 [ce8f9236-bba2-4942-9bf9-b4bb96b280ac:group-065E74278D2B:LeaderElection16] INFO  impl.RaftServerImpl (RaftServerImpl.java:setRole(171)) - ce8f9236-bba2-4942-9bf9-b4bb96b280ac:group-065E74278D2B changes role from CANDIDATE to LEADER at term 1 for changeToLeader
2019-09-19 09:57:00,587 [ce8f9236-bba2-4942-9bf9-b4bb96b280ac:group-065E74278D2B:LeaderElection16] INFO  impl.RaftServerImpl (ServerState.java:setLeader(263)) - ce8f9236-bba2-4942-9bf9-b4bb96b280ac:group-065E74278D2B change Leader from null to ce8f9236-bba2-4942-9bf9-b4bb96b280ac at term 1 for becomeLeader, leader elected after 5123ms
2019-09-19 09:57:00,587 [ce8f9236-bba2-4942-9bf9-b4bb96b280ac:group-065E74278D2B:LeaderElection16] INFO  server.RaftServerConfigKeys (ConfUtils.java:logGet(43)) - raft.server.staging.catchup.gap = 1000 (default)
2019-09-19 09:57:00,587 [ce8f9236-bba2-4942-9bf9-b4bb96b280ac:group-065E74278D2B:LeaderElection16] INFO  server.RaftServerConfigKeys (ConfUtils.java:logGet(43)) - raft.server.rpc.sleep.time = 25ms (default)
2019-09-19 09:57:00,587 [ce8f9236-bba2-4942-9bf9-b4bb96b280ac:group-065E74278D2B:LeaderElection16] INFO  server.RaftServerConfigKeys (ConfUtils.java:logGet(43)) - raft.server.write.element-limit = 4096 (default)
2019-09-19 09:57:00,588 [ce8f9236-bba2-4942-9bf9-b4bb96b280ac:group-065E74278D2B:LeaderElection16] INFO  server.RaftServerConfigKeys (ConfUtils.java:logGet(43)) - raft.server.watch.timeout = 10s (default)
2019-09-19 09:57:00,588 [ce8f9236-bba2-4942-9bf9-b4bb96b280ac:group-065E74278D2B:LeaderElection16] INFO  server.RaftServerConfigKeys (ConfUtils.java:logGet(43)) - raft.server.watch.timeout.denomination = 1s (default)
2019-09-19 09:57:00,588 [ce8f9236-bba2-4942-9bf9-b4bb96b280ac:group-065E74278D2B:LeaderElection16] INFO  server.RaftServerConfigKeys (ConfUtils.java:logGet(43)) - raft.server.watch.element-limit = 65536 (default)
2019-09-19 09:57:00,588 [ce8f9236-bba2-4942-9bf9-b4bb96b280ac:group-065E74278D2B:LeaderElection16] INFO  impl.RoleInfo (RoleInfo.java:updateAndGet(143)) - ce8f9236-bba2-4942-9bf9-b4bb96b280ac: start LeaderState
2019-09-19 09:57:00,588 [ce8f9236-bba2-4942-9bf9-b4bb96b280ac:group-065E74278D2B:LeaderElection16] INFO  segmented.SegmentedRaftLogWorker (SegmentedRaftLogWorker.java:startLogSegment(380)) - ce8f9236-bba2-4942-9bf9-b4bb96b280ac-SegmentedRaftLogWorker:Storage Directory /workdir/hadoop-ozone/tools/target/test-dir/MiniOzoneClusterImpl-3225c09c-430a-4478-b047-7eb735aebfb5/datanode-3/data/ratis/2dbbf3f0-cd74-4a5b-86e6-065e74278d2b: Starting segment from index:0
2019-09-19 09:57:00,589 [ce8f9236-bba2-4942-9bf9-b4bb96b280ac:group-065E74278D2B:LeaderElection16] INFO  impl.RaftServerImpl (ServerState.java:setRaftConf(361)) - ce8f9236-bba2-4942-9bf9-b4bb96b280ac:group-065E74278D2B set configuration 0: [ce8f9236-bba2-4942-9bf9-b4bb96b280ac:192.168.34.5:37969], old=null at 0
2019-09-19 09:57:00,626 [Thread-256] INFO  impl.FollowerState (FollowerState.java:run(106)) - ce8f9236-bba2-4942-9bf9-b4bb96b280ac:group-A14A4DA42693 changes to CANDIDATE, lastRpcTime:5207, electionTimeout:5196ms
2019-09-19 09:57:00,626 [Thread-256] INFO  impl.RoleInfo (RoleInfo.java:shutdownFollowerState(121)) - ce8f9236-bba2-4942-9bf9-b4bb96b280ac: shutdown FollowerState
2019-09-19 09:57:00,626 [Thread-256] INFO  impl.RaftServerImpl (RaftServerImpl.java:setRole(171)) - ce8f9236-bba2-4942-9bf9-b4bb96b280ac:group-A14A4DA42693 changes role from FOLLOWER to CANDIDATE at term 0 for changeToCandidate
2019-09-19 09:57:00,626 [Thread-256] INFO  impl.RoleInfo (RoleInfo.java:updateAndGet(143)) - ce8f9236-bba2-4942-9bf9-b4bb96b280ac: start LeaderElection
2019-09-19 09:57:00,639 [ce8f9236-bba2-4942-9bf9-b4bb96b280ac-SegmentedRaftLogWorker:Storage Directory /workdir/hadoop-ozone/tools/target/test-dir/MiniOzoneClusterImpl-3225c09c-430a-4478-b047-7eb735aebfb5/datanode-3/data/ratis/2dbbf3f0-cd74-4a5b-86e6-065e74278d2b] INFO  segmented.SegmentedRaftLogWorker (SegmentedRaftLogWorker.java:execute(569)) - ce8f9236-bba2-4942-9bf9-b4bb96b280ac-SegmentedRaftLogWorker:Storage Directory /workdir/hadoop-ozone/tools/target/test-dir/MiniOzoneClusterImpl-3225c09c-430a-4478-b047-7eb735aebfb5/datanode-3/data/ratis/2dbbf3f0-cd74-4a5b-86e6-065e74278d2b: created new log segment /workdir/hadoop-ozone/tools/target/test-dir/MiniOzoneClusterImpl-3225c09c-430a-4478-b047-7eb735aebfb5/datanode-3/data/ratis/2dbbf3f0-cd74-4a5b-86e6-065e74278d2b/current/log_inprogress_0
2019-09-19 09:57:00,639 [ce8f9236-bba2-4942-9bf9-b4bb96b280ac:group-A14A4DA42693:LeaderElection17] INFO  impl.LeaderElection (LeaderElection.java:askForVotes(181)) - ce8f9236-bba2-4942-9bf9-b4bb96b280ac:group-A14A4DA42693:LeaderElection17: begin an election at term 1 for -1: [ce8f9236-bba2-4942-9bf9-b4bb96b280ac:192.168.34.5:37969], old=null
2019-09-19 09:57:00,639 [ce8f9236-bba2-4942-9bf9-b4bb96b280ac:group-A14A4DA42693:LeaderElection17] INFO  impl.RoleInfo (RoleInfo.java:shutdownLeaderElection(134)) - ce8f9236-bba2-4942-9bf9-b4bb96b280ac: shutdown LeaderElection
2019-09-19 09:57:00,639 [ce8f9236-bba2-4942-9bf9-b4bb96b280ac:group-A14A4DA42693:LeaderElection17] INFO  impl.RaftServerImpl (RaftServerImpl.java:setRole(171)) - ce8f9236-bba2-4942-9bf9-b4bb96b280ac:group-A14A4DA42693 changes role from CANDIDATE to LEADER at term 1 for changeToLeader
2019-09-19 09:57:00,640 [ce8f9236-bba2-4942-9bf9-b4bb96b280ac:group-A14A4DA42693:LeaderElection17] INFO  impl.RaftServerImpl (ServerState.java:setLeader(263)) - ce8f9236-bba2-4942-9bf9-b4bb96b280ac:group-A14A4DA42693 change Leader from null to ce8f9236-bba2-4942-9bf9-b4bb96b280ac at term 1 for becomeLeader, leader elected after 5224ms
2019-09-19 09:57:00,640 [ce8f9236-bba2-4942-9bf9-b4bb96b280ac:group-A14A4DA42693:LeaderElection17] INFO  server.RaftServerConfigKeys (ConfUtils.java:logGet(43)) - raft.server.staging.catchup.gap = 1000 (default)
2019-09-19 09:57:00,640 [ce8f9236-bba2-4942-9bf9-b4bb96b280ac:group-A14A4DA42693:LeaderElection17] INFO  server.RaftServerConfigKeys (ConfUtils.java:logGet(43)) - raft.server.rpc.sleep.time = 25ms (default)
2019-09-19 09:57:00,640 [ce8f9236-bba2-4942-9bf9-b4bb96b280ac:group-A14A4DA42693:LeaderElection17] INFO  server.RaftServerConfigKeys (ConfUtils.java:logGet(43)) - raft.server.write.element-limit = 4096 (default)
2019-09-19 09:57:00,641 [ce8f9236-bba2-4942-9bf9-b4bb96b280ac:group-A14A4DA42693:LeaderElection17] INFO  server.RaftServerConfigKeys (ConfUtils.java:logGet(43)) - raft.server.watch.timeout = 10s (default)
2019-09-19 09:57:00,641 [ce8f9236-bba2-4942-9bf9-b4bb96b280ac:group-A14A4DA42693:LeaderElection17] INFO  server.RaftServerConfigKeys (ConfUtils.java:logGet(43)) - raft.server.watch.timeout.denomination = 1s (default)
2019-09-19 09:57:00,641 [ce8f9236-bba2-4942-9bf9-b4bb96b280ac:group-A14A4DA42693:LeaderElection17] INFO  server.RaftServerConfigKeys (ConfUtils.java:logGet(43)) - raft.server.watch.element-limit = 65536 (default)
2019-09-19 09:57:00,641 [ce8f9236-bba2-4942-9bf9-b4bb96b280ac:group-A14A4DA42693:LeaderElection17] INFO  impl.RoleInfo (RoleInfo.java:updateAndGet(143)) - ce8f9236-bba2-4942-9bf9-b4bb96b280ac: start LeaderState
2019-09-19 09:57:00,641 [ce8f9236-bba2-4942-9bf9-b4bb96b280ac:group-A14A4DA42693:LeaderElection17] INFO  segmented.SegmentedRaftLogWorker (SegmentedRaftLogWorker.java:startLogSegment(380)) - ce8f9236-bba2-4942-9bf9-b4bb96b280ac-SegmentedRaftLogWorker:Storage Directory /workdir/hadoop-ozone/tools/target/test-dir/MiniOzoneClusterImpl-3225c09c-430a-4478-b047-7eb735aebfb5/datanode-3/data/ratis/2c4cf3c9-7a59-40fb-af10-a14a4da42693: Starting segment from index:0
2019-09-19 09:57:00,642 [ce8f9236-bba2-4942-9bf9-b4bb96b280ac:group-A14A4DA42693:LeaderElection17] INFO  impl.RaftServerImpl (ServerState.java:setRaftConf(361)) - ce8f9236-bba2-4942-9bf9-b4bb96b280ac:group-A14A4DA42693 set configuration 0: [ce8f9236-bba2-4942-9bf9-b4bb96b280ac:192.168.34.5:37969], old=null at 0
2019-09-19 09:57:00,679 [Thread-269] INFO  impl.FollowerState (FollowerState.java:run(106)) - 4490b81b-0ef7-4125-ad05-765de4ccf1d4:group-417A8C725C70 changes to CANDIDATE, lastRpcTime:5082, electionTimeout:5058ms
2019-09-19 09:57:00,679 [Thread-269] INFO  impl.RoleInfo (RoleInfo.java:shutdownFollowerState(121)) - 4490b81b-0ef7-4125-ad05-765de4ccf1d4: shutdown FollowerState
2019-09-19 09:57:00,679 [Thread-269] INFO  impl.RaftServerImpl (RaftServerImpl.java:setRole(171)) - 4490b81b-0ef7-4125-ad05-765de4ccf1d4:group-417A8C725C70 changes role from FOLLOWER to CANDIDATE at term 0 for changeToCandidate
2019-09-19 09:57:00,679 [Thread-269] INFO  impl.RoleInfo (RoleInfo.java:updateAndGet(143)) - 4490b81b-0ef7-4125-ad05-765de4ccf1d4: start LeaderElection
2019-09-19 09:57:00,683 [Thread-266] INFO  impl.FollowerState (FollowerState.java:run(106)) - c5d53031-865d-4491-9cd3-c718532e281c:group-303D6C0428DD changes to CANDIDATE, lastRpcTime:5161, electionTimeout:5160ms
2019-09-19 09:57:00,685 [Thread-266] INFO  impl.RoleInfo (RoleInfo.java:shutdownFollowerState(121)) - c5d53031-865d-4491-9cd3-c718532e281c: shutdown FollowerState
2019-09-19 09:57:00,685 [Thread-266] INFO  impl.RaftServerImpl (RaftServerImpl.java:setRole(171)) - c5d53031-865d-4491-9cd3-c718532e281c:group-303D6C0428DD changes role from FOLLOWER to CANDIDATE at term 0 for changeToCandidate
2019-09-19 09:57:00,685 [Thread-266] INFO  impl.RoleInfo (RoleInfo.java:updateAndGet(143)) - c5d53031-865d-4491-9cd3-c718532e281c: start LeaderElection
2019-09-19 09:57:00,691 [ce8f9236-bba2-4942-9bf9-b4bb96b280ac-SegmentedRaftLogWorker:Storage Directory /workdir/hadoop-ozone/tools/target/test-dir/MiniOzoneClusterImpl-3225c09c-430a-4478-b047-7eb735aebfb5/datanode-3/data/ratis/2c4cf3c9-7a59-40fb-af10-a14a4da42693] INFO  segmented.SegmentedRaftLogWorker (SegmentedRaftLogWorker.java:execute(569)) - ce8f9236-bba2-4942-9bf9-b4bb96b280ac-SegmentedRaftLogWorker:Storage Directory /workdir/hadoop-ozone/tools/target/test-dir/MiniOzoneClusterImpl-3225c09c-430a-4478-b047-7eb735aebfb5/datanode-3/data/ratis/2c4cf3c9-7a59-40fb-af10-a14a4da42693: created new log segment /workdir/hadoop-ozone/tools/target/test-dir/MiniOzoneClusterImpl-3225c09c-430a-4478-b047-7eb735aebfb5/datanode-3/data/ratis/2c4cf3c9-7a59-40fb-af10-a14a4da42693/current/log_inprogress_0
2019-09-19 09:57:00,692 [4490b81b-0ef7-4125-ad05-765de4ccf1d4:group-417A8C725C70:LeaderElection18] INFO  impl.LeaderElection (LeaderElection.java:askForVotes(181)) - 4490b81b-0ef7-4125-ad05-765de4ccf1d4:group-417A8C725C70:LeaderElection18: begin an election at term 1 for -1: [4490b81b-0ef7-4125-ad05-765de4ccf1d4:192.168.34.5:38735], old=null
2019-09-19 09:57:00,692 [4490b81b-0ef7-4125-ad05-765de4ccf1d4:group-417A8C725C70:LeaderElection18] INFO  impl.RoleInfo (RoleInfo.java:shutdownLeaderElection(134)) - 4490b81b-0ef7-4125-ad05-765de4ccf1d4: shutdown LeaderElection
2019-09-19 09:57:00,692 [4490b81b-0ef7-4125-ad05-765de4ccf1d4:group-417A8C725C70:LeaderElection18] INFO  impl.RaftServerImpl (RaftServerImpl.java:setRole(171)) - 4490b81b-0ef7-4125-ad05-765de4ccf1d4:group-417A8C725C70 changes role from CANDIDATE to LEADER at term 1 for changeToLeader
2019-09-19 09:57:00,692 [4490b81b-0ef7-4125-ad05-765de4ccf1d4:group-417A8C725C70:LeaderElection18] INFO  impl.RaftServerImpl (ServerState.java:setLeader(263)) - 4490b81b-0ef7-4125-ad05-765de4ccf1d4:group-417A8C725C70 change Leader from null to 4490b81b-0ef7-4125-ad05-765de4ccf1d4 at term 1 for becomeLeader, leader elected after 5104ms
2019-09-19 09:57:00,693 [4490b81b-0ef7-4125-ad05-765de4ccf1d4:group-417A8C725C70:LeaderElection18] INFO  server.RaftServerConfigKeys (ConfUtils.java:logGet(43)) - raft.server.staging.catchup.gap = 1000 (default)
2019-09-19 09:57:00,693 [4490b81b-0ef7-4125-ad05-765de4ccf1d4:group-417A8C725C70:LeaderElection18] INFO  server.RaftServerConfigKeys (ConfUtils.java:logGet(43)) - raft.server.rpc.sleep.time = 25ms (default)
2019-09-19 09:57:00,693 [4490b81b-0ef7-4125-ad05-765de4ccf1d4:group-417A8C725C70:LeaderElection18] INFO  server.RaftServerConfigKeys (ConfUtils.java:logGet(43)) - raft.server.write.element-limit = 4096 (default)
2019-09-19 09:57:00,693 [4490b81b-0ef7-4125-ad05-765de4ccf1d4:group-417A8C725C70:LeaderElection18] INFO  server.RaftServerConfigKeys (ConfUtils.java:logGet(43)) - raft.server.watch.timeout = 10s (default)
2019-09-19 09:57:00,693 [c5d53031-865d-4491-9cd3-c718532e281c:group-303D6C0428DD:LeaderElection19] INFO  impl.LeaderElection (LeaderElection.java:askForVotes(181)) - c5d53031-865d-4491-9cd3-c718532e281c:group-303D6C0428DD:LeaderElection19: begin an election at term 1 for -1: [c5d53031-865d-4491-9cd3-c718532e281c:192.168.34.5:38112], old=null
2019-09-19 09:57:00,693 [4490b81b-0ef7-4125-ad05-765de4ccf1d4:group-417A8C725C70:LeaderElection18] INFO  server.RaftServerConfigKeys (ConfUtils.java:logGet(43)) - raft.server.watch.timeout.denomination = 1s (default)
2019-09-19 09:57:00,694 [c5d53031-865d-4491-9cd3-c718532e281c:group-303D6C0428DD:LeaderElection19] INFO  impl.RoleInfo (RoleInfo.java:shutdownLeaderElection(134)) - c5d53031-865d-4491-9cd3-c718532e281c: shutdown LeaderElection
2019-09-19 09:57:00,694 [4490b81b-0ef7-4125-ad05-765de4ccf1d4:group-417A8C725C70:LeaderElection18] INFO  server.RaftServerConfigKeys (ConfUtils.java:logGet(43)) - raft.server.watch.element-limit = 65536 (default)
2019-09-19 09:57:00,694 [c5d53031-865d-4491-9cd3-c718532e281c:group-303D6C0428DD:LeaderElection19] INFO  impl.RaftServerImpl (RaftServerImpl.java:setRole(171)) - c5d53031-865d-4491-9cd3-c718532e281c:group-303D6C0428DD changes role from CANDIDATE to LEADER at term 1 for changeToLeader
2019-09-19 09:57:00,694 [c5d53031-865d-4491-9cd3-c718532e281c:group-303D6C0428DD:LeaderElection19] INFO  impl.RaftServerImpl (ServerState.java:setLeader(263)) - c5d53031-865d-4491-9cd3-c718532e281c:group-303D6C0428DD change Leader from null to c5d53031-865d-4491-9cd3-c718532e281c at term 1 for becomeLeader, leader elected after 5180ms
2019-09-19 09:57:00,694 [4490b81b-0ef7-4125-ad05-765de4ccf1d4:group-417A8C725C70:LeaderElection18] INFO  impl.RoleInfo (RoleInfo.java:updateAndGet(143)) - 4490b81b-0ef7-4125-ad05-765de4ccf1d4: start LeaderState
2019-09-19 09:57:00,694 [c5d53031-865d-4491-9cd3-c718532e281c:group-303D6C0428DD:LeaderElection19] INFO  server.RaftServerConfigKeys (ConfUtils.java:logGet(43)) - raft.server.staging.catchup.gap = 1000 (default)
2019-09-19 09:57:00,695 [c5d53031-865d-4491-9cd3-c718532e281c:group-303D6C0428DD:LeaderElection19] INFO  server.RaftServerConfigKeys (ConfUtils.java:logGet(43)) - raft.server.rpc.sleep.time = 25ms (default)
2019-09-19 09:57:00,695 [4490b81b-0ef7-4125-ad05-765de4ccf1d4:group-417A8C725C70:LeaderElection18] INFO  segmented.SegmentedRaftLogWorker (SegmentedRaftLogWorker.java:startLogSegment(380)) - 4490b81b-0ef7-4125-ad05-765de4ccf1d4-SegmentedRaftLogWorker:Storage Directory /workdir/hadoop-ozone/tools/target/test-dir/MiniOzoneClusterImpl-3225c09c-430a-4478-b047-7eb735aebfb5/datanode-0/data/ratis/d3d04644-d49c-4610-88a5-417a8c725c70: Starting segment from index:0
2019-09-19 09:57:00,695 [c5d53031-865d-4491-9cd3-c718532e281c:group-303D6C0428DD:LeaderElection19] INFO  server.RaftServerConfigKeys (ConfUtils.java:logGet(43)) - raft.server.write.element-limit = 4096 (default)
2019-09-19 09:57:00,695 [c5d53031-865d-4491-9cd3-c718532e281c:group-303D6C0428DD:LeaderElection19] INFO  server.RaftServerConfigKeys (ConfUtils.java:logGet(43)) - raft.server.watch.timeout = 10s (default)
2019-09-19 09:57:00,695 [4490b81b-0ef7-4125-ad05-765de4ccf1d4:group-417A8C725C70:LeaderElection18] INFO  impl.RaftServerImpl (ServerState.java:setRaftConf(361)) - 4490b81b-0ef7-4125-ad05-765de4ccf1d4:group-417A8C725C70 set configuration 0: [4490b81b-0ef7-4125-ad05-765de4ccf1d4:192.168.34.5:38735], old=null at 0
2019-09-19 09:57:00,695 [c5d53031-865d-4491-9cd3-c718532e281c:group-303D6C0428DD:LeaderElection19] INFO  server.RaftServerConfigKeys (ConfUtils.java:logGet(43)) - raft.server.watch.timeout.denomination = 1s (default)
2019-09-19 09:57:00,734 [c5d53031-865d-4491-9cd3-c718532e281c:group-303D6C0428DD:LeaderElection19] INFO  server.RaftServerConfigKeys (ConfUtils.java:logGet(43)) - raft.server.watch.element-limit = 65536 (default)
2019-09-19 09:57:00,734 [c5d53031-865d-4491-9cd3-c718532e281c:group-303D6C0428DD:LeaderElection19] INFO  impl.RoleInfo (RoleInfo.java:updateAndGet(143)) - c5d53031-865d-4491-9cd3-c718532e281c: start LeaderState
2019-09-19 09:57:00,735 [c5d53031-865d-4491-9cd3-c718532e281c:group-303D6C0428DD:LeaderElection19] INFO  segmented.SegmentedRaftLogWorker (SegmentedRaftLogWorker.java:startLogSegment(380)) - c5d53031-865d-4491-9cd3-c718532e281c-SegmentedRaftLogWorker:Storage Directory /workdir/hadoop-ozone/tools/target/test-dir/MiniOzoneClusterImpl-3225c09c-430a-4478-b047-7eb735aebfb5/datanode-4/data/ratis/0bd7a3ea-22b5-4995-9fdd-303d6c0428dd: Starting segment from index:0
2019-09-19 09:57:00,735 [c5d53031-865d-4491-9cd3-c718532e281c:group-303D6C0428DD:LeaderElection19] INFO  impl.RaftServerImpl (ServerState.java:setRaftConf(361)) - c5d53031-865d-4491-9cd3-c718532e281c:group-303D6C0428DD set configuration 0: [c5d53031-865d-4491-9cd3-c718532e281c:192.168.34.5:38112], old=null at 0
2019-09-19 09:57:00,774 [4490b81b-0ef7-4125-ad05-765de4ccf1d4-SegmentedRaftLogWorker:Storage Directory /workdir/hadoop-ozone/tools/target/test-dir/MiniOzoneClusterImpl-3225c09c-430a-4478-b047-7eb735aebfb5/datanode-0/data/ratis/d3d04644-d49c-4610-88a5-417a8c725c70] INFO  segmented.SegmentedRaftLogWorker (SegmentedRaftLogWorker.java:execute(569)) - 4490b81b-0ef7-4125-ad05-765de4ccf1d4-SegmentedRaftLogWorker:Storage Directory /workdir/hadoop-ozone/tools/target/test-dir/MiniOzoneClusterImpl-3225c09c-430a-4478-b047-7eb735aebfb5/datanode-0/data/ratis/d3d04644-d49c-4610-88a5-417a8c725c70: created new log segment /workdir/hadoop-ozone/tools/target/test-dir/MiniOzoneClusterImpl-3225c09c-430a-4478-b047-7eb735aebfb5/datanode-0/data/ratis/d3d04644-d49c-4610-88a5-417a8c725c70/current/log_inprogress_0
2019-09-19 09:57:00,786 [c5d53031-865d-4491-9cd3-c718532e281c-SegmentedRaftLogWorker:Storage Directory /workdir/hadoop-ozone/tools/target/test-dir/MiniOzoneClusterImpl-3225c09c-430a-4478-b047-7eb735aebfb5/datanode-4/data/ratis/0bd7a3ea-22b5-4995-9fdd-303d6c0428dd] INFO  segmented.SegmentedRaftLogWorker (SegmentedRaftLogWorker.java:execute(569)) - c5d53031-865d-4491-9cd3-c718532e281c-SegmentedRaftLogWorker:Storage Directory /workdir/hadoop-ozone/tools/target/test-dir/MiniOzoneClusterImpl-3225c09c-430a-4478-b047-7eb735aebfb5/datanode-4/data/ratis/0bd7a3ea-22b5-4995-9fdd-303d6c0428dd: created new log segment /workdir/hadoop-ozone/tools/target/test-dir/MiniOzoneClusterImpl-3225c09c-430a-4478-b047-7eb735aebfb5/datanode-4/data/ratis/0bd7a3ea-22b5-4995-9fdd-303d6c0428dd/current/log_inprogress_0
2019-09-19 09:57:00,849 [Thread-272] INFO  impl.FollowerState (FollowerState.java:run(106)) - 39b9d8f1-cc47-4624-b4ed-3b44777a4379:group-44950BF882BE changes to CANDIDATE, lastRpcTime:5186, electionTimeout:5186ms
2019-09-19 09:57:00,850 [Thread-272] INFO  impl.RoleInfo (RoleInfo.java:shutdownFollowerState(121)) - 39b9d8f1-cc47-4624-b4ed-3b44777a4379: shutdown FollowerState
2019-09-19 09:57:00,850 [Thread-272] INFO  impl.RaftServerImpl (RaftServerImpl.java:setRole(171)) - 39b9d8f1-cc47-4624-b4ed-3b44777a4379:group-44950BF882BE changes role from FOLLOWER to CANDIDATE at term 0 for changeToCandidate
2019-09-19 09:57:00,850 [Thread-272] INFO  impl.RoleInfo (RoleInfo.java:updateAndGet(143)) - 39b9d8f1-cc47-4624-b4ed-3b44777a4379: start LeaderElection
2019-09-19 09:57:00,868 [Thread-278] INFO  impl.FollowerState (FollowerState.java:run(106)) - c5d53031-865d-4491-9cd3-c718532e281c:group-9BB8D4F93D30 changes to CANDIDATE, lastRpcTime:5073, electionTimeout:5072ms
2019-09-19 09:57:00,868 [Thread-275] INFO  impl.FollowerState (FollowerState.java:run(106)) - 39b9d8f1-cc47-4624-b4ed-3b44777a4379:group-AED383DB0AD6 changes to CANDIDATE, lastRpcTime:5127, electionTimeout:5122ms
2019-09-19 09:57:00,868 [Thread-278] INFO  impl.RoleInfo (RoleInfo.java:shutdownFollowerState(121)) - c5d53031-865d-4491-9cd3-c718532e281c: shutdown FollowerState
2019-09-19 09:57:00,868 [Thread-275] INFO  impl.RoleInfo (RoleInfo.java:shutdownFollowerState(121)) - 39b9d8f1-cc47-4624-b4ed-3b44777a4379: shutdown FollowerState
2019-09-19 09:57:00,868 [Thread-278] INFO  impl.RaftServerImpl (RaftServerImpl.java:setRole(171)) - c5d53031-865d-4491-9cd3-c718532e281c:group-9BB8D4F93D30 changes role from FOLLOWER to CANDIDATE at term 0 for changeToCandidate
2019-09-19 09:57:00,868 [Thread-275] INFO  impl.RaftServerImpl (RaftServerImpl.java:setRole(171)) - 39b9d8f1-cc47-4624-b4ed-3b44777a4379:group-AED383DB0AD6 changes role from FOLLOWER to CANDIDATE at term 0 for changeToCandidate
2019-09-19 09:57:00,869 [Thread-278] INFO  impl.RoleInfo (RoleInfo.java:updateAndGet(143)) - c5d53031-865d-4491-9cd3-c718532e281c: start LeaderElection
2019-09-19 09:57:00,869 [Thread-275] INFO  impl.RoleInfo (RoleInfo.java:updateAndGet(143)) - 39b9d8f1-cc47-4624-b4ed-3b44777a4379: start LeaderElection
2019-09-19 09:57:00,882 [39b9d8f1-cc47-4624-b4ed-3b44777a4379:group-44950BF882BE:LeaderElection20] INFO  impl.LeaderElection (LeaderElection.java:askForVotes(181)) - 39b9d8f1-cc47-4624-b4ed-3b44777a4379:group-44950BF882BE:LeaderElection20: begin an election at term 1 for -1: [39b9d8f1-cc47-4624-b4ed-3b44777a4379:192.168.34.5:45684], old=null
2019-09-19 09:57:00,882 [39b9d8f1-cc47-4624-b4ed-3b44777a4379:group-AED383DB0AD6:LeaderElection22] INFO  impl.LeaderElection (LeaderElection.java:askForVotes(181)) - 39b9d8f1-cc47-4624-b4ed-3b44777a4379:group-AED383DB0AD6:LeaderElection22: begin an election at term 1 for -1: [39b9d8f1-cc47-4624-b4ed-3b44777a4379:192.168.34.5:45684], old=null
2019-09-19 09:57:00,882 [39b9d8f1-cc47-4624-b4ed-3b44777a4379:group-44950BF882BE:LeaderElection20] INFO  impl.RoleInfo (RoleInfo.java:shutdownLeaderElection(134)) - 39b9d8f1-cc47-4624-b4ed-3b44777a4379: shutdown LeaderElection
2019-09-19 09:57:00,882 [c5d53031-865d-4491-9cd3-c718532e281c:group-9BB8D4F93D30:LeaderElection21] INFO  impl.LeaderElection (LeaderElection.java:askForVotes(181)) - c5d53031-865d-4491-9cd3-c718532e281c:group-9BB8D4F93D30:LeaderElection21: begin an election at term 1 for -1: [c5d53031-865d-4491-9cd3-c718532e281c:192.168.34.5:38112], old=null
2019-09-19 09:57:00,882 [39b9d8f1-cc47-4624-b4ed-3b44777a4379:group-44950BF882BE:LeaderElection20] INFO  impl.RaftServerImpl (RaftServerImpl.java:setRole(171)) - 39b9d8f1-cc47-4624-b4ed-3b44777a4379:group-44950BF882BE changes role from CANDIDATE to LEADER at term 1 for changeToLeader
2019-09-19 09:57:00,882 [39b9d8f1-cc47-4624-b4ed-3b44777a4379:group-AED383DB0AD6:LeaderElection22] INFO  impl.RoleInfo (RoleInfo.java:shutdownLeaderElection(134)) - 39b9d8f1-cc47-4624-b4ed-3b44777a4379: shutdown LeaderElection
2019-09-19 09:57:00,883 [39b9d8f1-cc47-4624-b4ed-3b44777a4379:group-44950BF882BE:LeaderElection20] INFO  impl.RaftServerImpl (ServerState.java:setLeader(263)) - 39b9d8f1-cc47-4624-b4ed-3b44777a4379:group-44950BF882BE change Leader from null to 39b9d8f1-cc47-4624-b4ed-3b44777a4379 at term 1 for becomeLeader, leader elected after 5224ms
2019-09-19 09:57:00,883 [c5d53031-865d-4491-9cd3-c718532e281c:group-9BB8D4F93D30:LeaderElection21] INFO  impl.RoleInfo (RoleInfo.java:shutdownLeaderElection(134)) - c5d53031-865d-4491-9cd3-c718532e281c: shutdown LeaderElection
2019-09-19 09:57:00,883 [39b9d8f1-cc47-4624-b4ed-3b44777a4379:group-44950BF882BE:LeaderElection20] INFO  server.RaftServerConfigKeys (ConfUtils.java:logGet(43)) - raft.server.staging.catchup.gap = 1000 (default)
2019-09-19 09:57:00,883 [39b9d8f1-cc47-4624-b4ed-3b44777a4379:group-AED383DB0AD6:LeaderElection22] INFO  impl.RaftServerImpl (RaftServerImpl.java:setRole(171)) - 39b9d8f1-cc47-4624-b4ed-3b44777a4379:group-AED383DB0AD6 changes role from CANDIDATE to LEADER at term 1 for changeToLeader
2019-09-19 09:57:00,883 [39b9d8f1-cc47-4624-b4ed-3b44777a4379:group-44950BF882BE:LeaderElection20] INFO  server.RaftServerConfigKeys (ConfUtils.java:logGet(43)) - raft.server.rpc.sleep.time = 25ms (default)
2019-09-19 09:57:00,883 [c5d53031-865d-4491-9cd3-c718532e281c:group-9BB8D4F93D30:LeaderElection21] INFO  impl.RaftServerImpl (RaftServerImpl.java:setRole(171)) - c5d53031-865d-4491-9cd3-c718532e281c:group-9BB8D4F93D30 changes role from CANDIDATE to LEADER at term 1 for changeToLeader
2019-09-19 09:57:00,883 [39b9d8f1-cc47-4624-b4ed-3b44777a4379:group-44950BF882BE:LeaderElection20] INFO  server.RaftServerConfigKeys (ConfUtils.java:logGet(43)) - raft.server.write.element-limit = 4096 (default)
2019-09-19 09:57:00,883 [39b9d8f1-cc47-4624-b4ed-3b44777a4379:group-AED383DB0AD6:LeaderElection22] INFO  impl.RaftServerImpl (ServerState.java:setLeader(263)) - 39b9d8f1-cc47-4624-b4ed-3b44777a4379:group-AED383DB0AD6 change Leader from null to 39b9d8f1-cc47-4624-b4ed-3b44777a4379 at term 1 for becomeLeader, leader elected after 5148ms
2019-09-19 09:57:00,884 [39b9d8f1-cc47-4624-b4ed-3b44777a4379:group-44950BF882BE:LeaderElection20] INFO  server.RaftServerConfigKeys (ConfUtils.java:logGet(43)) - raft.server.watch.timeout = 10s (default)
2019-09-19 09:57:00,884 [c5d53031-865d-4491-9cd3-c718532e281c:group-9BB8D4F93D30:LeaderElection21] INFO  impl.RaftServerImpl (ServerState.java:setLeader(263)) - c5d53031-865d-4491-9cd3-c718532e281c:group-9BB8D4F93D30 change Leader from null to c5d53031-865d-4491-9cd3-c718532e281c at term 1 for becomeLeader, leader elected after 5093ms
2019-09-19 09:57:00,884 [39b9d8f1-cc47-4624-b4ed-3b44777a4379:group-44950BF882BE:LeaderElection20] INFO  server.RaftServerConfigKeys (ConfUtils.java:logGet(43)) - raft.server.watch.timeout.denomination = 1s (default)
2019-09-19 09:57:00,884 [39b9d8f1-cc47-4624-b4ed-3b44777a4379:group-AED383DB0AD6:LeaderElection22] INFO  server.RaftServerConfigKeys (ConfUtils.java:logGet(43)) - raft.server.staging.catchup.gap = 1000 (default)
2019-09-19 09:57:00,884 [39b9d8f1-cc47-4624-b4ed-3b44777a4379:group-44950BF882BE:LeaderElection20] INFO  server.RaftServerConfigKeys (ConfUtils.java:logGet(43)) - raft.server.watch.element-limit = 65536 (default)
2019-09-19 09:57:00,884 [c5d53031-865d-4491-9cd3-c718532e281c:group-9BB8D4F93D30:LeaderElection21] INFO  server.RaftServerConfigKeys (ConfUtils.java:logGet(43)) - raft.server.staging.catchup.gap = 1000 (default)
2019-09-19 09:57:00,885 [39b9d8f1-cc47-4624-b4ed-3b44777a4379:group-44950BF882BE:LeaderElection20] INFO  impl.RoleInfo (RoleInfo.java:updateAndGet(143)) - 39b9d8f1-cc47-4624-b4ed-3b44777a4379: start LeaderState
2019-09-19 09:57:00,885 [c5d53031-865d-4491-9cd3-c718532e281c:group-9BB8D4F93D30:LeaderElection21] INFO  server.RaftServerConfigKeys (ConfUtils.java:logGet(43)) - raft.server.rpc.sleep.time = 25ms (default)
2019-09-19 09:57:00,885 [39b9d8f1-cc47-4624-b4ed-3b44777a4379:group-AED383DB0AD6:LeaderElection22] INFO  server.RaftServerConfigKeys (ConfUtils.java:logGet(43)) - raft.server.rpc.sleep.time = 25ms (default)
2019-09-19 09:57:00,885 [c5d53031-865d-4491-9cd3-c718532e281c:group-9BB8D4F93D30:LeaderElection21] INFO  server.RaftServerConfigKeys (ConfUtils.java:logGet(43)) - raft.server.write.element-limit = 4096 (default)
2019-09-19 09:57:00,885 [39b9d8f1-cc47-4624-b4ed-3b44777a4379:group-44950BF882BE:LeaderElection20] INFO  segmented.SegmentedRaftLogWorker (SegmentedRaftLogWorker.java:startLogSegment(380)) - 39b9d8f1-cc47-4624-b4ed-3b44777a4379-SegmentedRaftLogWorker:Storage Directory /workdir/hadoop-ozone/tools/target/test-dir/MiniOzoneClusterImpl-3225c09c-430a-4478-b047-7eb735aebfb5/datanode-1/data/ratis/5ebc9ffc-33b7-4c77-aec3-44950bf882be: Starting segment from index:0
2019-09-19 09:57:00,885 [c5d53031-865d-4491-9cd3-c718532e281c:group-9BB8D4F93D30:LeaderElection21] INFO  server.RaftServerConfigKeys (ConfUtils.java:logGet(43)) - raft.server.watch.timeout = 10s (default)
2019-09-19 09:57:00,885 [39b9d8f1-cc47-4624-b4ed-3b44777a4379:group-AED383DB0AD6:LeaderElection22] INFO  server.RaftServerConfigKeys (ConfUtils.java:logGet(43)) - raft.server.write.element-limit = 4096 (default)
2019-09-19 09:57:00,886 [c5d53031-865d-4491-9cd3-c718532e281c:group-9BB8D4F93D30:LeaderElection21] INFO  server.RaftServerConfigKeys (ConfUtils.java:logGet(43)) - raft.server.watch.timeout.denomination = 1s (default)
2019-09-19 09:57:00,886 [39b9d8f1-cc47-4624-b4ed-3b44777a4379:group-44950BF882BE:LeaderElection20] INFO  impl.RaftServerImpl (ServerState.java:setRaftConf(361)) - 39b9d8f1-cc47-4624-b4ed-3b44777a4379:group-44950BF882BE set configuration 0: [39b9d8f1-cc47-4624-b4ed-3b44777a4379:192.168.34.5:45684], old=null at 0
2019-09-19 09:57:00,886 [39b9d8f1-cc47-4624-b4ed-3b44777a4379:group-AED383DB0AD6:LeaderElection22] INFO  server.RaftServerConfigKeys (ConfUtils.java:logGet(43)) - raft.server.watch.timeout = 10s (default)
2019-09-19 09:57:00,908 [c5d53031-865d-4491-9cd3-c718532e281c:group-9BB8D4F93D30:LeaderElection21] INFO  server.RaftServerConfigKeys (ConfUtils.java:logGet(43)) - raft.server.watch.element-limit = 65536 (default)
2019-09-19 09:57:00,914 [39b9d8f1-cc47-4624-b4ed-3b44777a4379:group-AED383DB0AD6:LeaderElection22] INFO  server.RaftServerConfigKeys (ConfUtils.java:logGet(43)) - raft.server.watch.timeout.denomination = 1s (default)
2019-09-19 09:57:00,914 [39b9d8f1-cc47-4624-b4ed-3b44777a4379:group-AED383DB0AD6:LeaderElection22] INFO  server.RaftServerConfigKeys (ConfUtils.java:logGet(43)) - raft.server.watch.element-limit = 65536 (default)
2019-09-19 09:57:00,914 [c5d53031-865d-4491-9cd3-c718532e281c:group-9BB8D4F93D30:LeaderElection21] INFO  impl.RoleInfo (RoleInfo.java:updateAndGet(143)) - c5d53031-865d-4491-9cd3-c718532e281c: start LeaderState
2019-09-19 09:57:00,915 [39b9d8f1-cc47-4624-b4ed-3b44777a4379:group-AED383DB0AD6:LeaderElection22] INFO  impl.RoleInfo (RoleInfo.java:updateAndGet(143)) - 39b9d8f1-cc47-4624-b4ed-3b44777a4379: start LeaderState
2019-09-19 09:57:00,915 [c5d53031-865d-4491-9cd3-c718532e281c:group-9BB8D4F93D30:LeaderElection21] INFO  segmented.SegmentedRaftLogWorker (SegmentedRaftLogWorker.java:startLogSegment(380)) - c5d53031-865d-4491-9cd3-c718532e281c-SegmentedRaftLogWorker:Storage Directory /workdir/hadoop-ozone/tools/target/test-dir/MiniOzoneClusterImpl-3225c09c-430a-4478-b047-7eb735aebfb5/datanode-4/data/ratis/76c2cb17-6bf6-47a1-8a99-9bb8d4f93d30: Starting segment from index:0
2019-09-19 09:57:00,915 [39b9d8f1-cc47-4624-b4ed-3b44777a4379:group-AED383DB0AD6:LeaderElection22] INFO  segmented.SegmentedRaftLogWorker (SegmentedRaftLogWorker.java:startLogSegment(380)) - 39b9d8f1-cc47-4624-b4ed-3b44777a4379-SegmentedRaftLogWorker:Storage Directory /workdir/hadoop-ozone/tools/target/test-dir/MiniOzoneClusterImpl-3225c09c-430a-4478-b047-7eb735aebfb5/datanode-1/data/ratis/6a44ab20-c439-411e-b087-aed383db0ad6: Starting segment from index:0
2019-09-19 09:57:00,916 [c5d53031-865d-4491-9cd3-c718532e281c:group-9BB8D4F93D30:LeaderElection21] INFO  impl.RaftServerImpl (ServerState.java:setRaftConf(361)) - c5d53031-865d-4491-9cd3-c718532e281c:group-9BB8D4F93D30 set configuration 0: [c5d53031-865d-4491-9cd3-c718532e281c:192.168.34.5:38112], old=null at 0
2019-09-19 09:57:00,916 [39b9d8f1-cc47-4624-b4ed-3b44777a4379:group-AED383DB0AD6:LeaderElection22] INFO  impl.RaftServerImpl (ServerState.java:setRaftConf(361)) - 39b9d8f1-cc47-4624-b4ed-3b44777a4379:group-AED383DB0AD6 set configuration 0: [39b9d8f1-cc47-4624-b4ed-3b44777a4379:192.168.34.5:45684], old=null at 0
2019-09-19 09:57:00,953 [Thread-281] INFO  impl.FollowerState (FollowerState.java:run(106)) - 19cf0631-d0d9-4f40-8587-54276d2ac576:group-126F5A4F5EF7 changes to CANDIDATE, lastRpcTime:5106, electionTimeout:5082ms
2019-09-19 09:57:00,954 [Thread-281] INFO  impl.RoleInfo (RoleInfo.java:shutdownFollowerState(121)) - 19cf0631-d0d9-4f40-8587-54276d2ac576: shutdown FollowerState
2019-09-19 09:57:00,953 [39b9d8f1-cc47-4624-b4ed-3b44777a4379-SegmentedRaftLogWorker:Storage Directory /workdir/hadoop-ozone/tools/target/test-dir/MiniOzoneClusterImpl-3225c09c-430a-4478-b047-7eb735aebfb5/datanode-1/data/ratis/5ebc9ffc-33b7-4c77-aec3-44950bf882be] INFO  segmented.SegmentedRaftLogWorker (SegmentedRaftLogWorker.java:execute(569)) - 39b9d8f1-cc47-4624-b4ed-3b44777a4379-SegmentedRaftLogWorker:Storage Directory /workdir/hadoop-ozone/tools/target/test-dir/MiniOzoneClusterImpl-3225c09c-430a-4478-b047-7eb735aebfb5/datanode-1/data/ratis/5ebc9ffc-33b7-4c77-aec3-44950bf882be: created new log segment /workdir/hadoop-ozone/tools/target/test-dir/MiniOzoneClusterImpl-3225c09c-430a-4478-b047-7eb735aebfb5/datanode-1/data/ratis/5ebc9ffc-33b7-4c77-aec3-44950bf882be/current/log_inprogress_0
2019-09-19 09:57:00,954 [Thread-281] INFO  impl.RaftServerImpl (RaftServerImpl.java:setRole(171)) - 19cf0631-d0d9-4f40-8587-54276d2ac576:group-126F5A4F5EF7 changes role from FOLLOWER to CANDIDATE at term 0 for changeToCandidate
2019-09-19 09:57:00,955 [Thread-281] INFO  impl.RoleInfo (RoleInfo.java:updateAndGet(143)) - 19cf0631-d0d9-4f40-8587-54276d2ac576: start LeaderElection
2019-09-19 09:57:00,965 [c5d53031-865d-4491-9cd3-c718532e281c-SegmentedRaftLogWorker:Storage Directory /workdir/hadoop-ozone/tools/target/test-dir/MiniOzoneClusterImpl-3225c09c-430a-4478-b047-7eb735aebfb5/datanode-4/data/ratis/76c2cb17-6bf6-47a1-8a99-9bb8d4f93d30] INFO  segmented.SegmentedRaftLogWorker (SegmentedRaftLogWorker.java:execute(569)) - c5d53031-865d-4491-9cd3-c718532e281c-SegmentedRaftLogWorker:Storage Directory /workdir/hadoop-ozone/tools/target/test-dir/MiniOzoneClusterImpl-3225c09c-430a-4478-b047-7eb735aebfb5/datanode-4/data/ratis/76c2cb17-6bf6-47a1-8a99-9bb8d4f93d30: created new log segment /workdir/hadoop-ozone/tools/target/test-dir/MiniOzoneClusterImpl-3225c09c-430a-4478-b047-7eb735aebfb5/datanode-4/data/ratis/76c2cb17-6bf6-47a1-8a99-9bb8d4f93d30/current/log_inprogress_0
2019-09-19 09:57:00,965 [39b9d8f1-cc47-4624-b4ed-3b44777a4379-SegmentedRaftLogWorker:Storage Directory /workdir/hadoop-ozone/tools/target/test-dir/MiniOzoneClusterImpl-3225c09c-430a-4478-b047-7eb735aebfb5/datanode-1/data/ratis/6a44ab20-c439-411e-b087-aed383db0ad6] INFO  segmented.SegmentedRaftLogWorker (SegmentedRaftLogWorker.java:execute(569)) - 39b9d8f1-cc47-4624-b4ed-3b44777a4379-SegmentedRaftLogWorker:Storage Directory /workdir/hadoop-ozone/tools/target/test-dir/MiniOzoneClusterImpl-3225c09c-430a-4478-b047-7eb735aebfb5/datanode-1/data/ratis/6a44ab20-c439-411e-b087-aed383db0ad6: created new log segment /workdir/hadoop-ozone/tools/target/test-dir/MiniOzoneClusterImpl-3225c09c-430a-4478-b047-7eb735aebfb5/datanode-1/data/ratis/6a44ab20-c439-411e-b087-aed383db0ad6/current/log_inprogress_0
2019-09-19 09:57:00,966 [19cf0631-d0d9-4f40-8587-54276d2ac576:group-126F5A4F5EF7:LeaderElection23] INFO  impl.LeaderElection (LeaderElection.java:askForVotes(181)) - 19cf0631-d0d9-4f40-8587-54276d2ac576:group-126F5A4F5EF7:LeaderElection23: begin an election at term 1 for -1: [19cf0631-d0d9-4f40-8587-54276d2ac576:192.168.34.5:38304], old=null
2019-09-19 09:57:00,966 [19cf0631-d0d9-4f40-8587-54276d2ac576:group-126F5A4F5EF7:LeaderElection23] INFO  impl.RoleInfo (RoleInfo.java:shutdownLeaderElection(134)) - 19cf0631-d0d9-4f40-8587-54276d2ac576: shutdown LeaderElection
2019-09-19 09:57:00,966 [19cf0631-d0d9-4f40-8587-54276d2ac576:group-126F5A4F5EF7:LeaderElection23] INFO  impl.RaftServerImpl (RaftServerImpl.java:setRole(171)) - 19cf0631-d0d9-4f40-8587-54276d2ac576:group-126F5A4F5EF7 changes role from CANDIDATE to LEADER at term 1 for changeToLeader
2019-09-19 09:57:00,966 [19cf0631-d0d9-4f40-8587-54276d2ac576:group-126F5A4F5EF7:LeaderElection23] INFO  impl.RaftServerImpl (ServerState.java:setLeader(263)) - 19cf0631-d0d9-4f40-8587-54276d2ac576:group-126F5A4F5EF7 change Leader from null to 19cf0631-d0d9-4f40-8587-54276d2ac576 at term 1 for becomeLeader, leader elected after 5124ms
2019-09-19 09:57:00,966 [19cf0631-d0d9-4f40-8587-54276d2ac576:group-126F5A4F5EF7:LeaderElection23] INFO  server.RaftServerConfigKeys (ConfUtils.java:logGet(43)) - raft.server.staging.catchup.gap = 1000 (default)
2019-09-19 09:57:00,967 [19cf0631-d0d9-4f40-8587-54276d2ac576:group-126F5A4F5EF7:LeaderElection23] INFO  server.RaftServerConfigKeys (ConfUtils.java:logGet(43)) - raft.server.rpc.sleep.time = 25ms (default)
2019-09-19 09:57:00,967 [19cf0631-d0d9-4f40-8587-54276d2ac576:group-126F5A4F5EF7:LeaderElection23] INFO  server.RaftServerConfigKeys (ConfUtils.java:logGet(43)) - raft.server.write.element-limit = 4096 (default)
2019-09-19 09:57:00,967 [19cf0631-d0d9-4f40-8587-54276d2ac576:group-126F5A4F5EF7:LeaderElection23] INFO  server.RaftServerConfigKeys (ConfUtils.java:logGet(43)) - raft.server.watch.timeout = 10s (default)
2019-09-19 09:57:00,967 [19cf0631-d0d9-4f40-8587-54276d2ac576:group-126F5A4F5EF7:LeaderElection23] INFO  server.RaftServerConfigKeys (ConfUtils.java:logGet(43)) - raft.server.watch.timeout.denomination = 1s (default)
2019-09-19 09:57:00,967 [19cf0631-d0d9-4f40-8587-54276d2ac576:group-126F5A4F5EF7:LeaderElection23] INFO  server.RaftServerConfigKeys (ConfUtils.java:logGet(43)) - raft.server.watch.element-limit = 65536 (default)
2019-09-19 09:57:00,968 [19cf0631-d0d9-4f40-8587-54276d2ac576:group-126F5A4F5EF7:LeaderElection23] INFO  impl.RoleInfo (RoleInfo.java:updateAndGet(143)) - 19cf0631-d0d9-4f40-8587-54276d2ac576: start LeaderState
2019-09-19 09:57:00,968 [19cf0631-d0d9-4f40-8587-54276d2ac576:group-126F5A4F5EF7:LeaderElection23] INFO  segmented.SegmentedRaftLogWorker (SegmentedRaftLogWorker.java:startLogSegment(380)) - 19cf0631-d0d9-4f40-8587-54276d2ac576-SegmentedRaftLogWorker:Storage Directory /workdir/hadoop-ozone/tools/target/test-dir/MiniOzoneClusterImpl-3225c09c-430a-4478-b047-7eb735aebfb5/datanode-2/data/ratis/e74bb7b5-76f0-4566-92ad-126f5a4f5ef7: Starting segment from index:0
2019-09-19 09:57:00,969 [19cf0631-d0d9-4f40-8587-54276d2ac576:group-126F5A4F5EF7:LeaderElection23] INFO  impl.RaftServerImpl (ServerState.java:setRaftConf(361)) - 19cf0631-d0d9-4f40-8587-54276d2ac576:group-126F5A4F5EF7 set configuration 0: [19cf0631-d0d9-4f40-8587-54276d2ac576:192.168.34.5:38304], old=null at 0
2019-09-19 09:57:01,006 [Thread-287] INFO  impl.FollowerState (FollowerState.java:run(106)) - 4490b81b-0ef7-4125-ad05-765de4ccf1d4:group-D5710C7D081F changes to CANDIDATE, lastRpcTime:5047, electionTimeout:5039ms
2019-09-19 09:57:01,007 [Thread-287] INFO  impl.RoleInfo (RoleInfo.java:shutdownFollowerState(121)) - 4490b81b-0ef7-4125-ad05-765de4ccf1d4: shutdown FollowerState
2019-09-19 09:57:01,007 [Thread-287] INFO  impl.RaftServerImpl (RaftServerImpl.java:setRole(171)) - 4490b81b-0ef7-4125-ad05-765de4ccf1d4:group-D5710C7D081F changes role from FOLLOWER to CANDIDATE at term 0 for changeToCandidate
2019-09-19 09:57:01,007 [Thread-287] INFO  impl.RoleInfo (RoleInfo.java:updateAndGet(143)) - 4490b81b-0ef7-4125-ad05-765de4ccf1d4: start LeaderElection
2019-09-19 09:57:01,007 | INFO  | SCMAudit | user=jenkins1000 | ip=192.168.34.5 | op=SEND_HEARTBEAT {datanodeUUID=c5d53031-865d-4491-9cd3-c718532e281c, command=[]} | ret=SUCCESS |  
2019-09-19 09:57:01,007 | INFO  | SCMAudit | user=jenkins1000 | ip=192.168.34.5 | op=SEND_HEARTBEAT {datanodeUUID=ce8f9236-bba2-4942-9bf9-b4bb96b280ac, command=[]} | ret=SUCCESS |  
2019-09-19 09:57:01,019 [19cf0631-d0d9-4f40-8587-54276d2ac576-SegmentedRaftLogWorker:Storage Directory /workdir/hadoop-ozone/tools/target/test-dir/MiniOzoneClusterImpl-3225c09c-430a-4478-b047-7eb735aebfb5/datanode-2/data/ratis/e74bb7b5-76f0-4566-92ad-126f5a4f5ef7] INFO  segmented.SegmentedRaftLogWorker (SegmentedRaftLogWorker.java:execute(569)) - 19cf0631-d0d9-4f40-8587-54276d2ac576-SegmentedRaftLogWorker:Storage Directory /workdir/hadoop-ozone/tools/target/test-dir/MiniOzoneClusterImpl-3225c09c-430a-4478-b047-7eb735aebfb5/datanode-2/data/ratis/e74bb7b5-76f0-4566-92ad-126f5a4f5ef7: created new log segment /workdir/hadoop-ozone/tools/target/test-dir/MiniOzoneClusterImpl-3225c09c-430a-4478-b047-7eb735aebfb5/datanode-2/data/ratis/e74bb7b5-76f0-4566-92ad-126f5a4f5ef7/current/log_inprogress_0
2019-09-19 09:57:01,019 [4490b81b-0ef7-4125-ad05-765de4ccf1d4:group-D5710C7D081F:LeaderElection24] INFO  impl.LeaderElection (LeaderElection.java:askForVotes(181)) - 4490b81b-0ef7-4125-ad05-765de4ccf1d4:group-D5710C7D081F:LeaderElection24: begin an election at term 1 for -1: [4490b81b-0ef7-4125-ad05-765de4ccf1d4:192.168.34.5:38735], old=null
2019-09-19 09:57:01,019 [4490b81b-0ef7-4125-ad05-765de4ccf1d4:group-D5710C7D081F:LeaderElection24] INFO  impl.RoleInfo (RoleInfo.java:shutdownLeaderElection(134)) - 4490b81b-0ef7-4125-ad05-765de4ccf1d4: shutdown LeaderElection
2019-09-19 09:57:01,019 [4490b81b-0ef7-4125-ad05-765de4ccf1d4:group-D5710C7D081F:LeaderElection24] INFO  impl.RaftServerImpl (RaftServerImpl.java:setRole(171)) - 4490b81b-0ef7-4125-ad05-765de4ccf1d4:group-D5710C7D081F changes role from CANDIDATE to LEADER at term 1 for changeToLeader
2019-09-19 09:57:01,020 [4490b81b-0ef7-4125-ad05-765de4ccf1d4:group-D5710C7D081F:LeaderElection24] INFO  impl.RaftServerImpl (ServerState.java:setLeader(263)) - 4490b81b-0ef7-4125-ad05-765de4ccf1d4:group-D5710C7D081F change Leader from null to 4490b81b-0ef7-4125-ad05-765de4ccf1d4 at term 1 for becomeLeader, leader elected after 5064ms
2019-09-19 09:57:01,020 [4490b81b-0ef7-4125-ad05-765de4ccf1d4:group-D5710C7D081F:LeaderElection24] INFO  server.RaftServerConfigKeys (ConfUtils.java:logGet(43)) - raft.server.staging.catchup.gap = 1000 (default)
2019-09-19 09:57:01,020 [4490b81b-0ef7-4125-ad05-765de4ccf1d4:group-D5710C7D081F:LeaderElection24] INFO  server.RaftServerConfigKeys (ConfUtils.java:logGet(43)) - raft.server.rpc.sleep.time = 25ms (default)
2019-09-19 09:57:01,020 [4490b81b-0ef7-4125-ad05-765de4ccf1d4:group-D5710C7D081F:LeaderElection24] INFO  server.RaftServerConfigKeys (ConfUtils.java:logGet(43)) - raft.server.write.element-limit = 4096 (default)
2019-09-19 09:57:01,020 [4490b81b-0ef7-4125-ad05-765de4ccf1d4:group-D5710C7D081F:LeaderElection24] INFO  server.RaftServerConfigKeys (ConfUtils.java:logGet(43)) - raft.server.watch.timeout = 10s (default)
2019-09-19 09:57:01,021 [4490b81b-0ef7-4125-ad05-765de4ccf1d4:group-D5710C7D081F:LeaderElection24] INFO  server.RaftServerConfigKeys (ConfUtils.java:logGet(43)) - raft.server.watch.timeout.denomination = 1s (default)
2019-09-19 09:57:01,021 [4490b81b-0ef7-4125-ad05-765de4ccf1d4:group-D5710C7D081F:LeaderElection24] INFO  server.RaftServerConfigKeys (ConfUtils.java:logGet(43)) - raft.server.watch.element-limit = 65536 (default)
2019-09-19 09:57:01,021 [4490b81b-0ef7-4125-ad05-765de4ccf1d4:group-D5710C7D081F:LeaderElection24] INFO  impl.RoleInfo (RoleInfo.java:updateAndGet(143)) - 4490b81b-0ef7-4125-ad05-765de4ccf1d4: start LeaderState
2019-09-19 09:57:01,021 [4490b81b-0ef7-4125-ad05-765de4ccf1d4:group-D5710C7D081F:LeaderElection24] INFO  segmented.SegmentedRaftLogWorker (SegmentedRaftLogWorker.java:startLogSegment(380)) - 4490b81b-0ef7-4125-ad05-765de4ccf1d4-SegmentedRaftLogWorker:Storage Directory /workdir/hadoop-ozone/tools/target/test-dir/MiniOzoneClusterImpl-3225c09c-430a-4478-b047-7eb735aebfb5/datanode-0/data/ratis/931acb25-5f71-4b21-83da-d5710c7d081f: Starting segment from index:0
2019-09-19 09:57:01,022 [4490b81b-0ef7-4125-ad05-765de4ccf1d4:group-D5710C7D081F:LeaderElection24] INFO  impl.RaftServerImpl (ServerState.java:setRaftConf(361)) - 4490b81b-0ef7-4125-ad05-765de4ccf1d4:group-D5710C7D081F set configuration 0: [4490b81b-0ef7-4125-ad05-765de4ccf1d4:192.168.34.5:38735], old=null at 0
2019-09-19 09:57:01,060 [4490b81b-0ef7-4125-ad05-765de4ccf1d4-SegmentedRaftLogWorker:Storage Directory /workdir/hadoop-ozone/tools/target/test-dir/MiniOzoneClusterImpl-3225c09c-430a-4478-b047-7eb735aebfb5/datanode-0/data/ratis/931acb25-5f71-4b21-83da-d5710c7d081f] INFO  segmented.SegmentedRaftLogWorker (SegmentedRaftLogWorker.java:execute(569)) - 4490b81b-0ef7-4125-ad05-765de4ccf1d4-SegmentedRaftLogWorker:Storage Directory /workdir/hadoop-ozone/tools/target/test-dir/MiniOzoneClusterImpl-3225c09c-430a-4478-b047-7eb735aebfb5/datanode-0/data/ratis/931acb25-5f71-4b21-83da-d5710c7d081f: created new log segment /workdir/hadoop-ozone/tools/target/test-dir/MiniOzoneClusterImpl-3225c09c-430a-4478-b047-7eb735aebfb5/datanode-0/data/ratis/931acb25-5f71-4b21-83da-d5710c7d081f/current/log_inprogress_0
2019-09-19 09:57:01,079 | INFO  | SCMAudit | user=jenkins1000 | ip=192.168.34.5 | op=SEND_HEARTBEAT {datanodeUUID=4490b81b-0ef7-4125-ad05-765de4ccf1d4, command=[]} | ret=SUCCESS |  
2019-09-19 09:57:01,086 [Thread-284] INFO  impl.FollowerState (FollowerState.java:run(106)) - 39b9d8f1-cc47-4624-b4ed-3b44777a4379:group-1742153CF6C3 changes to CANDIDATE, lastRpcTime:5187, electionTimeout:5187ms
2019-09-19 09:57:01,087 [Thread-284] INFO  impl.RoleInfo (RoleInfo.java:shutdownFollowerState(121)) - 39b9d8f1-cc47-4624-b4ed-3b44777a4379: shutdown FollowerState
2019-09-19 09:57:01,087 [Thread-284] INFO  impl.RaftServerImpl (RaftServerImpl.java:setRole(171)) - 39b9d8f1-cc47-4624-b4ed-3b44777a4379:group-1742153CF6C3 changes role from FOLLOWER to CANDIDATE at term 0 for changeToCandidate
2019-09-19 09:57:01,087 [Thread-284] INFO  impl.RoleInfo (RoleInfo.java:updateAndGet(143)) - 39b9d8f1-cc47-4624-b4ed-3b44777a4379: start LeaderElection
2019-09-19 09:57:01,120 [39b9d8f1-cc47-4624-b4ed-3b44777a4379:group-1742153CF6C3:LeaderElection25] INFO  impl.LeaderElection (LeaderElection.java:askForVotes(181)) - 39b9d8f1-cc47-4624-b4ed-3b44777a4379:group-1742153CF6C3:LeaderElection25: begin an election at term 1 for -1: [39b9d8f1-cc47-4624-b4ed-3b44777a4379:192.168.34.5:45684], old=null
2019-09-19 09:57:01,121 [39b9d8f1-cc47-4624-b4ed-3b44777a4379:group-1742153CF6C3:LeaderElection25] INFO  impl.RoleInfo (RoleInfo.java:shutdownLeaderElection(134)) - 39b9d8f1-cc47-4624-b4ed-3b44777a4379: shutdown LeaderElection
2019-09-19 09:57:01,121 [39b9d8f1-cc47-4624-b4ed-3b44777a4379:group-1742153CF6C3:LeaderElection25] INFO  impl.RaftServerImpl (RaftServerImpl.java:setRole(171)) - 39b9d8f1-cc47-4624-b4ed-3b44777a4379:group-1742153CF6C3 changes role from CANDIDATE to LEADER at term 1 for changeToLeader
2019-09-19 09:57:01,121 [39b9d8f1-cc47-4624-b4ed-3b44777a4379:group-1742153CF6C3:LeaderElection25] INFO  impl.RaftServerImpl (ServerState.java:setLeader(263)) - 39b9d8f1-cc47-4624-b4ed-3b44777a4379:group-1742153CF6C3 change Leader from null to 39b9d8f1-cc47-4624-b4ed-3b44777a4379 at term 1 for becomeLeader, leader elected after 5227ms
2019-09-19 09:57:01,121 [39b9d8f1-cc47-4624-b4ed-3b44777a4379:group-1742153CF6C3:LeaderElection25] INFO  server.RaftServerConfigKeys (ConfUtils.java:logGet(43)) - raft.server.staging.catchup.gap = 1000 (default)
2019-09-19 09:57:01,122 [39b9d8f1-cc47-4624-b4ed-3b44777a4379:group-1742153CF6C3:LeaderElection25] INFO  server.RaftServerConfigKeys (ConfUtils.java:logGet(43)) - raft.server.rpc.sleep.time = 25ms (default)
2019-09-19 09:57:01,122 [39b9d8f1-cc47-4624-b4ed-3b44777a4379:group-1742153CF6C3:LeaderElection25] INFO  server.RaftServerConfigKeys (ConfUtils.java:logGet(43)) - raft.server.write.element-limit = 4096 (default)
2019-09-19 09:57:01,122 [39b9d8f1-cc47-4624-b4ed-3b44777a4379:group-1742153CF6C3:LeaderElection25] INFO  server.RaftServerConfigKeys (ConfUtils.java:logGet(43)) - raft.server.watch.timeout = 10s (default)
2019-09-19 09:57:01,123 [39b9d8f1-cc47-4624-b4ed-3b44777a4379:group-1742153CF6C3:LeaderElection25] INFO  server.RaftServerConfigKeys (ConfUtils.java:logGet(43)) - raft.server.watch.timeout.denomination = 1s (default)
2019-09-19 09:57:01,123 [39b9d8f1-cc47-4624-b4ed-3b44777a4379:group-1742153CF6C3:LeaderElection25] INFO  server.RaftServerConfigKeys (ConfUtils.java:logGet(43)) - raft.server.watch.element-limit = 65536 (default)
2019-09-19 09:57:01,123 [39b9d8f1-cc47-4624-b4ed-3b44777a4379:group-1742153CF6C3:LeaderElection25] INFO  impl.RoleInfo (RoleInfo.java:updateAndGet(143)) - 39b9d8f1-cc47-4624-b4ed-3b44777a4379: start LeaderState
2019-09-19 09:57:01,124 [39b9d8f1-cc47-4624-b4ed-3b44777a4379:group-1742153CF6C3:LeaderElection25] INFO  segmented.SegmentedRaftLogWorker (SegmentedRaftLogWorker.java:startLogSegment(380)) - 39b9d8f1-cc47-4624-b4ed-3b44777a4379-SegmentedRaftLogWorker:Storage Directory /workdir/hadoop-ozone/tools/target/test-dir/MiniOzoneClusterImpl-3225c09c-430a-4478-b047-7eb735aebfb5/datanode-1/data/ratis/2a9307d4-bc98-47d1-ac74-1742153cf6c3: Starting segment from index:0
2019-09-19 09:57:01,131 [39b9d8f1-cc47-4624-b4ed-3b44777a4379:group-1742153CF6C3:LeaderElection25] INFO  impl.RaftServerImpl (ServerState.java:setRaftConf(361)) - 39b9d8f1-cc47-4624-b4ed-3b44777a4379:group-1742153CF6C3 set configuration 0: [39b9d8f1-cc47-4624-b4ed-3b44777a4379:192.168.34.5:45684], old=null at 0
2019-09-19 09:57:01,175 [39b9d8f1-cc47-4624-b4ed-3b44777a4379-SegmentedRaftLogWorker:Storage Directory /workdir/hadoop-ozone/tools/target/test-dir/MiniOzoneClusterImpl-3225c09c-430a-4478-b047-7eb735aebfb5/datanode-1/data/ratis/2a9307d4-bc98-47d1-ac74-1742153cf6c3] INFO  segmented.SegmentedRaftLogWorker (SegmentedRaftLogWorker.java:execute(569)) - 39b9d8f1-cc47-4624-b4ed-3b44777a4379-SegmentedRaftLogWorker:Storage Directory /workdir/hadoop-ozone/tools/target/test-dir/MiniOzoneClusterImpl-3225c09c-430a-4478-b047-7eb735aebfb5/datanode-1/data/ratis/2a9307d4-bc98-47d1-ac74-1742153cf6c3: created new log segment /workdir/hadoop-ozone/tools/target/test-dir/MiniOzoneClusterImpl-3225c09c-430a-4478-b047-7eb735aebfb5/datanode-1/data/ratis/2a9307d4-bc98-47d1-ac74-1742153cf6c3/current/log_inprogress_0
2019-09-19 09:57:01,181 [Thread-290] INFO  impl.FollowerState (FollowerState.java:run(106)) - 19cf0631-d0d9-4f40-8587-54276d2ac576:group-775C4DFFA953 changes to CANDIDATE, lastRpcTime:5170, electionTimeout:5170ms
2019-09-19 09:57:01,181 [Thread-290] INFO  impl.RoleInfo (RoleInfo.java:shutdownFollowerState(121)) - 19cf0631-d0d9-4f40-8587-54276d2ac576: shutdown FollowerState
2019-09-19 09:57:01,181 [Thread-290] INFO  impl.RaftServerImpl (RaftServerImpl.java:setRole(171)) - 19cf0631-d0d9-4f40-8587-54276d2ac576:group-775C4DFFA953 changes role from FOLLOWER to CANDIDATE at term 0 for changeToCandidate
2019-09-19 09:57:01,182 [Thread-290] INFO  impl.RoleInfo (RoleInfo.java:updateAndGet(143)) - 19cf0631-d0d9-4f40-8587-54276d2ac576: start LeaderElection
2019-09-19 09:57:01,188 [19cf0631-d0d9-4f40-8587-54276d2ac576:group-775C4DFFA953:LeaderElection26] INFO  impl.LeaderElection (LeaderElection.java:askForVotes(181)) - 19cf0631-d0d9-4f40-8587-54276d2ac576:group-775C4DFFA953:LeaderElection26: begin an election at term 1 for -1: [19cf0631-d0d9-4f40-8587-54276d2ac576:192.168.34.5:38304], old=null
2019-09-19 09:57:01,189 [19cf0631-d0d9-4f40-8587-54276d2ac576:group-775C4DFFA953:LeaderElection26] INFO  impl.RoleInfo (RoleInfo.java:shutdownLeaderElection(134)) - 19cf0631-d0d9-4f40-8587-54276d2ac576: shutdown LeaderElection
2019-09-19 09:57:01,189 [19cf0631-d0d9-4f40-8587-54276d2ac576:group-775C4DFFA953:LeaderElection26] INFO  impl.RaftServerImpl (RaftServerImpl.java:setRole(171)) - 19cf0631-d0d9-4f40-8587-54276d2ac576:group-775C4DFFA953 changes role from CANDIDATE to LEADER at term 1 for changeToLeader
2019-09-19 09:57:01,189 [19cf0631-d0d9-4f40-8587-54276d2ac576:group-775C4DFFA953:LeaderElection26] INFO  impl.RaftServerImpl (ServerState.java:setLeader(263)) - 19cf0631-d0d9-4f40-8587-54276d2ac576:group-775C4DFFA953 change Leader from null to 19cf0631-d0d9-4f40-8587-54276d2ac576 at term 1 for becomeLeader, leader elected after 5182ms
2019-09-19 09:57:01,189 [19cf0631-d0d9-4f40-8587-54276d2ac576:group-775C4DFFA953:LeaderElection26] INFO  server.RaftServerConfigKeys (ConfUtils.java:logGet(43)) - raft.server.staging.catchup.gap = 1000 (default)
2019-09-19 09:57:01,189 [19cf0631-d0d9-4f40-8587-54276d2ac576:group-775C4DFFA953:LeaderElection26] INFO  server.RaftServerConfigKeys (ConfUtils.java:logGet(43)) - raft.server.rpc.sleep.time = 25ms (default)
2019-09-19 09:57:01,190 [19cf0631-d0d9-4f40-8587-54276d2ac576:group-775C4DFFA953:LeaderElection26] INFO  server.RaftServerConfigKeys (ConfUtils.java:logGet(43)) - raft.server.write.element-limit = 4096 (default)
2019-09-19 09:57:01,190 [19cf0631-d0d9-4f40-8587-54276d2ac576:group-775C4DFFA953:LeaderElection26] INFO  server.RaftServerConfigKeys (ConfUtils.java:logGet(43)) - raft.server.watch.timeout = 10s (default)
2019-09-19 09:57:01,190 [19cf0631-d0d9-4f40-8587-54276d2ac576:group-775C4DFFA953:LeaderElection26] INFO  server.RaftServerConfigKeys (ConfUtils.java:logGet(43)) - raft.server.watch.timeout.denomination = 1s (default)
2019-09-19 09:57:01,190 [19cf0631-d0d9-4f40-8587-54276d2ac576:group-775C4DFFA953:LeaderElection26] INFO  server.RaftServerConfigKeys (ConfUtils.java:logGet(43)) - raft.server.watch.element-limit = 65536 (default)
2019-09-19 09:57:01,190 [19cf0631-d0d9-4f40-8587-54276d2ac576:group-775C4DFFA953:LeaderElection26] INFO  impl.RoleInfo (RoleInfo.java:updateAndGet(143)) - 19cf0631-d0d9-4f40-8587-54276d2ac576: start LeaderState
2019-09-19 09:57:01,191 [19cf0631-d0d9-4f40-8587-54276d2ac576:group-775C4DFFA953:LeaderElection26] INFO  segmented.SegmentedRaftLogWorker (SegmentedRaftLogWorker.java:startLogSegment(380)) - 19cf0631-d0d9-4f40-8587-54276d2ac576-SegmentedRaftLogWorker:Storage Directory /workdir/hadoop-ozone/tools/target/test-dir/MiniOzoneClusterImpl-3225c09c-430a-4478-b047-7eb735aebfb5/datanode-2/data/ratis/a7cdd5a1-1a5c-4d79-9fc5-775c4dffa953: Starting segment from index:0
2019-09-19 09:57:01,192 [19cf0631-d0d9-4f40-8587-54276d2ac576:group-775C4DFFA953:LeaderElection26] INFO  impl.RaftServerImpl (ServerState.java:setRaftConf(361)) - 19cf0631-d0d9-4f40-8587-54276d2ac576:group-775C4DFFA953 set configuration 0: [19cf0631-d0d9-4f40-8587-54276d2ac576:192.168.34.5:38304], old=null at 0
2019-09-19 09:57:01,248 [19cf0631-d0d9-4f40-8587-54276d2ac576-SegmentedRaftLogWorker:Storage Directory /workdir/hadoop-ozone/tools/target/test-dir/MiniOzoneClusterImpl-3225c09c-430a-4478-b047-7eb735aebfb5/datanode-2/data/ratis/a7cdd5a1-1a5c-4d79-9fc5-775c4dffa953] INFO  segmented.SegmentedRaftLogWorker (SegmentedRaftLogWorker.java:execute(569)) - 19cf0631-d0d9-4f40-8587-54276d2ac576-SegmentedRaftLogWorker:Storage Directory /workdir/hadoop-ozone/tools/target/test-dir/MiniOzoneClusterImpl-3225c09c-430a-4478-b047-7eb735aebfb5/datanode-2/data/ratis/a7cdd5a1-1a5c-4d79-9fc5-775c4dffa953: created new log segment /workdir/hadoop-ozone/tools/target/test-dir/MiniOzoneClusterImpl-3225c09c-430a-4478-b047-7eb735aebfb5/datanode-2/data/ratis/a7cdd5a1-1a5c-4d79-9fc5-775c4dffa953/current/log_inprogress_0
2019-09-19 09:57:01,253 [Thread-296] INFO  impl.FollowerState (FollowerState.java:run(106)) - ce8f9236-bba2-4942-9bf9-b4bb96b280ac:group-5F43CB68CCDA changes to CANDIDATE, lastRpcTime:5132, electionTimeout:5132ms
2019-09-19 09:57:01,254 [Thread-296] INFO  impl.RoleInfo (RoleInfo.java:shutdownFollowerState(121)) - ce8f9236-bba2-4942-9bf9-b4bb96b280ac: shutdown FollowerState
2019-09-19 09:57:01,254 [Thread-296] INFO  impl.RaftServerImpl (RaftServerImpl.java:setRole(171)) - ce8f9236-bba2-4942-9bf9-b4bb96b280ac:group-5F43CB68CCDA changes role from FOLLOWER to CANDIDATE at term 0 for changeToCandidate
2019-09-19 09:57:01,254 [Thread-296] INFO  impl.RoleInfo (RoleInfo.java:updateAndGet(143)) - ce8f9236-bba2-4942-9bf9-b4bb96b280ac: start LeaderElection
2019-09-19 09:57:01,254 [Thread-293] INFO  impl.FollowerState (FollowerState.java:run(106)) - 4490b81b-0ef7-4125-ad05-765de4ccf1d4:group-710A704D8DDA changes to CANDIDATE, lastRpcTime:5188, electionTimeout:5188ms
2019-09-19 09:57:01,254 [Thread-293] INFO  impl.RoleInfo (RoleInfo.java:shutdownFollowerState(121)) - 4490b81b-0ef7-4125-ad05-765de4ccf1d4: shutdown FollowerState
2019-09-19 09:57:01,254 [Thread-293] INFO  impl.RaftServerImpl (RaftServerImpl.java:setRole(171)) - 4490b81b-0ef7-4125-ad05-765de4ccf1d4:group-710A704D8DDA changes role from FOLLOWER to CANDIDATE at term 0 for changeToCandidate
2019-09-19 09:57:01,255 [Thread-293] INFO  impl.RoleInfo (RoleInfo.java:updateAndGet(143)) - 4490b81b-0ef7-4125-ad05-765de4ccf1d4: start LeaderElection
2019-09-19 09:57:01,256 [Thread-303] INFO  impl.FollowerState (FollowerState.java:run(106)) - ce8f9236-bba2-4942-9bf9-b4bb96b280ac:group-76863F6E2B3D changes to CANDIDATE, lastRpcTime:5027, electionTimeout:5027ms
2019-09-19 09:57:01,258 [Thread-303] INFO  impl.RoleInfo (RoleInfo.java:shutdownFollowerState(121)) - ce8f9236-bba2-4942-9bf9-b4bb96b280ac: shutdown FollowerState
2019-09-19 09:57:01,258 [Thread-303] INFO  impl.RaftServerImpl (RaftServerImpl.java:setRole(171)) - ce8f9236-bba2-4942-9bf9-b4bb96b280ac:group-76863F6E2B3D changes role from FOLLOWER to CANDIDATE at term 0 for changeToCandidate
2019-09-19 09:57:01,258 [Thread-303] INFO  impl.RoleInfo (RoleInfo.java:updateAndGet(143)) - ce8f9236-bba2-4942-9bf9-b4bb96b280ac: start LeaderElection
2019-09-19 09:57:01,260 [Thread-300] INFO  impl.FollowerState (FollowerState.java:run(106)) - ce8f9236-bba2-4942-9bf9-b4bb96b280ac:group-11124F771B10 changes to CANDIDATE, lastRpcTime:5088, electionTimeout:5087ms
2019-09-19 09:57:01,260 [Thread-300] INFO  impl.RoleInfo (RoleInfo.java:shutdownFollowerState(121)) - ce8f9236-bba2-4942-9bf9-b4bb96b280ac: shutdown FollowerState
2019-09-19 09:57:01,260 [Thread-300] INFO  impl.RaftServerImpl (RaftServerImpl.java:setRole(171)) - ce8f9236-bba2-4942-9bf9-b4bb96b280ac:group-11124F771B10 changes role from FOLLOWER to CANDIDATE at term 0 for changeToCandidate
2019-09-19 09:57:01,261 [Thread-300] INFO  impl.RoleInfo (RoleInfo.java:updateAndGet(143)) - ce8f9236-bba2-4942-9bf9-b4bb96b280ac: start LeaderElection
2019-09-19 09:57:01,263 [4490b81b-0ef7-4125-ad05-765de4ccf1d4:group-710A704D8DDA:LeaderElection28] INFO  impl.LeaderElection (LeaderElection.java:askForVotes(181)) - 4490b81b-0ef7-4125-ad05-765de4ccf1d4:group-710A704D8DDA:LeaderElection28: begin an election at term 1 for -1: [4490b81b-0ef7-4125-ad05-765de4ccf1d4:192.168.34.5:38735], old=null
2019-09-19 09:57:01,263 [ce8f9236-bba2-4942-9bf9-b4bb96b280ac:group-5F43CB68CCDA:LeaderElection27] INFO  impl.LeaderElection (LeaderElection.java:askForVotes(181)) - ce8f9236-bba2-4942-9bf9-b4bb96b280ac:group-5F43CB68CCDA:LeaderElection27: begin an election at term 1 for -1: [ce8f9236-bba2-4942-9bf9-b4bb96b280ac:192.168.34.5:37969], old=null
2019-09-19 09:57:01,263 [4490b81b-0ef7-4125-ad05-765de4ccf1d4:group-710A704D8DDA:LeaderElection28] INFO  impl.RoleInfo (RoleInfo.java:shutdownLeaderElection(134)) - 4490b81b-0ef7-4125-ad05-765de4ccf1d4: shutdown LeaderElection
2019-09-19 09:57:01,263 [ce8f9236-bba2-4942-9bf9-b4bb96b280ac:group-5F43CB68CCDA:LeaderElection27] INFO  impl.RoleInfo (RoleInfo.java:shutdownLeaderElection(134)) - ce8f9236-bba2-4942-9bf9-b4bb96b280ac: shutdown LeaderElection
2019-09-19 09:57:01,263 [4490b81b-0ef7-4125-ad05-765de4ccf1d4:group-710A704D8DDA:LeaderElection28] INFO  impl.RaftServerImpl (RaftServerImpl.java:setRole(171)) - 4490b81b-0ef7-4125-ad05-765de4ccf1d4:group-710A704D8DDA changes role from CANDIDATE to LEADER at term 1 for changeToLeader
2019-09-19 09:57:01,263 [ce8f9236-bba2-4942-9bf9-b4bb96b280ac:group-5F43CB68CCDA:LeaderElection27] INFO  impl.RaftServerImpl (RaftServerImpl.java:setRole(171)) - ce8f9236-bba2-4942-9bf9-b4bb96b280ac:group-5F43CB68CCDA changes role from CANDIDATE to LEADER at term 1 for changeToLeader
2019-09-19 09:57:01,263 [4490b81b-0ef7-4125-ad05-765de4ccf1d4:group-710A704D8DDA:LeaderElection28] INFO  impl.RaftServerImpl (ServerState.java:setLeader(263)) - 4490b81b-0ef7-4125-ad05-765de4ccf1d4:group-710A704D8DDA change Leader from null to 4490b81b-0ef7-4125-ad05-765de4ccf1d4 at term 1 for becomeLeader, leader elected after 5201ms
2019-09-19 09:57:01,263 [ce8f9236-bba2-4942-9bf9-b4bb96b280ac:group-5F43CB68CCDA:LeaderElection27] INFO  impl.RaftServerImpl (ServerState.java:setLeader(263)) - ce8f9236-bba2-4942-9bf9-b4bb96b280ac:group-5F43CB68CCDA change Leader from null to ce8f9236-bba2-4942-9bf9-b4bb96b280ac at term 1 for becomeLeader, leader elected after 5147ms
2019-09-19 09:57:01,264 [4490b81b-0ef7-4125-ad05-765de4ccf1d4:group-710A704D8DDA:LeaderElection28] INFO  server.RaftServerConfigKeys (ConfUtils.java:logGet(43)) - raft.server.staging.catchup.gap = 1000 (default)
2019-09-19 09:57:01,264 [ce8f9236-bba2-4942-9bf9-b4bb96b280ac:group-5F43CB68CCDA:LeaderElection27] INFO  server.RaftServerConfigKeys (ConfUtils.java:logGet(43)) - raft.server.staging.catchup.gap = 1000 (default)
2019-09-19 09:57:01,264 [4490b81b-0ef7-4125-ad05-765de4ccf1d4:group-710A704D8DDA:LeaderElection28] INFO  server.RaftServerConfigKeys (ConfUtils.java:logGet(43)) - raft.server.rpc.sleep.time = 25ms (default)
2019-09-19 09:57:01,264 [ce8f9236-bba2-4942-9bf9-b4bb96b280ac:group-5F43CB68CCDA:LeaderElection27] INFO  server.RaftServerConfigKeys (ConfUtils.java:logGet(43)) - raft.server.rpc.sleep.time = 25ms (default)
2019-09-19 09:57:01,264 [4490b81b-0ef7-4125-ad05-765de4ccf1d4:group-710A704D8DDA:LeaderElection28] INFO  server.RaftServerConfigKeys (ConfUtils.java:logGet(43)) - raft.server.write.element-limit = 4096 (default)
2019-09-19 09:57:01,264 [ce8f9236-bba2-4942-9bf9-b4bb96b280ac:group-5F43CB68CCDA:LeaderElection27] INFO  server.RaftServerConfigKeys (ConfUtils.java:logGet(43)) - raft.server.write.element-limit = 4096 (default)
2019-09-19 09:57:01,264 [4490b81b-0ef7-4125-ad05-765de4ccf1d4:group-710A704D8DDA:LeaderElection28] INFO  server.RaftServerConfigKeys (ConfUtils.java:logGet(43)) - raft.server.watch.timeout = 10s (default)
2019-09-19 09:57:01,264 [ce8f9236-bba2-4942-9bf9-b4bb96b280ac:group-5F43CB68CCDA:LeaderElection27] INFO  server.RaftServerConfigKeys (ConfUtils.java:logGet(43)) - raft.server.watch.timeout = 10s (default)
2019-09-19 09:57:01,264 [4490b81b-0ef7-4125-ad05-765de4ccf1d4:group-710A704D8DDA:LeaderElection28] INFO  server.RaftServerConfigKeys (ConfUtils.java:logGet(43)) - raft.server.watch.timeout.denomination = 1s (default)
2019-09-19 09:57:01,265 [ce8f9236-bba2-4942-9bf9-b4bb96b280ac:group-5F43CB68CCDA:LeaderElection27] INFO  server.RaftServerConfigKeys (ConfUtils.java:logGet(43)) - raft.server.watch.timeout.denomination = 1s (default)
2019-09-19 09:57:01,265 [4490b81b-0ef7-4125-ad05-765de4ccf1d4:group-710A704D8DDA:LeaderElection28] INFO  server.RaftServerConfigKeys (ConfUtils.java:logGet(43)) - raft.server.watch.element-limit = 65536 (default)
2019-09-19 09:57:01,265 [ce8f9236-bba2-4942-9bf9-b4bb96b280ac:group-5F43CB68CCDA:LeaderElection27] INFO  server.RaftServerConfigKeys (ConfUtils.java:logGet(43)) - raft.server.watch.element-limit = 65536 (default)
2019-09-19 09:57:01,265 [4490b81b-0ef7-4125-ad05-765de4ccf1d4:group-710A704D8DDA:LeaderElection28] INFO  impl.RoleInfo (RoleInfo.java:updateAndGet(143)) - 4490b81b-0ef7-4125-ad05-765de4ccf1d4: start LeaderState
2019-09-19 09:57:01,265 [ce8f9236-bba2-4942-9bf9-b4bb96b280ac:group-5F43CB68CCDA:LeaderElection27] INFO  impl.RoleInfo (RoleInfo.java:updateAndGet(143)) - ce8f9236-bba2-4942-9bf9-b4bb96b280ac: start LeaderState
2019-09-19 09:57:01,265 [4490b81b-0ef7-4125-ad05-765de4ccf1d4:group-710A704D8DDA:LeaderElection28] INFO  segmented.SegmentedRaftLogWorker (SegmentedRaftLogWorker.java:startLogSegment(380)) - 4490b81b-0ef7-4125-ad05-765de4ccf1d4-SegmentedRaftLogWorker:Storage Directory /workdir/hadoop-ozone/tools/target/test-dir/MiniOzoneClusterImpl-3225c09c-430a-4478-b047-7eb735aebfb5/datanode-0/data/ratis/1acad87e-80d5-4cb7-a86e-710a704d8dda: Starting segment from index:0
2019-09-19 09:57:01,265 [ce8f9236-bba2-4942-9bf9-b4bb96b280ac:group-5F43CB68CCDA:LeaderElection27] INFO  segmented.SegmentedRaftLogWorker (SegmentedRaftLogWorker.java:startLogSegment(380)) - ce8f9236-bba2-4942-9bf9-b4bb96b280ac-SegmentedRaftLogWorker:Storage Directory /workdir/hadoop-ozone/tools/target/test-dir/MiniOzoneClusterImpl-3225c09c-430a-4478-b047-7eb735aebfb5/datanode-3/data/ratis/8c2ab780-fc08-4cbb-a54b-5f43cb68ccda: Starting segment from index:0
2019-09-19 09:57:01,266 [4490b81b-0ef7-4125-ad05-765de4ccf1d4:group-710A704D8DDA:LeaderElection28] INFO  impl.RaftServerImpl (ServerState.java:setRaftConf(361)) - 4490b81b-0ef7-4125-ad05-765de4ccf1d4:group-710A704D8DDA set configuration 0: [4490b81b-0ef7-4125-ad05-765de4ccf1d4:192.168.34.5:38735], old=null at 0
2019-09-19 09:57:01,303 [ce8f9236-bba2-4942-9bf9-b4bb96b280ac:group-5F43CB68CCDA:LeaderElection27] INFO  impl.RaftServerImpl (ServerState.java:setRaftConf(361)) - ce8f9236-bba2-4942-9bf9-b4bb96b280ac:group-5F43CB68CCDA set configuration 0: [ce8f9236-bba2-4942-9bf9-b4bb96b280ac:192.168.34.5:37969], old=null at 0
2019-09-19 09:57:01,304 [ce8f9236-bba2-4942-9bf9-b4bb96b280ac:group-11124F771B10:LeaderElection30] INFO  impl.LeaderElection (LeaderElection.java:askForVotes(181)) - ce8f9236-bba2-4942-9bf9-b4bb96b280ac:group-11124F771B10:LeaderElection30: begin an election at term 1 for -1: [ce8f9236-bba2-4942-9bf9-b4bb96b280ac:192.168.34.5:37969], old=null
2019-09-19 09:57:01,345 [4490b81b-0ef7-4125-ad05-765de4ccf1d4-SegmentedRaftLogWorker:Storage Directory /workdir/hadoop-ozone/tools/target/test-dir/MiniOzoneClusterImpl-3225c09c-430a-4478-b047-7eb735aebfb5/datanode-0/data/ratis/1acad87e-80d5-4cb7-a86e-710a704d8dda] INFO  segmented.SegmentedRaftLogWorker (SegmentedRaftLogWorker.java:execute(569)) - 4490b81b-0ef7-4125-ad05-765de4ccf1d4-SegmentedRaftLogWorker:Storage Directory /workdir/hadoop-ozone/tools/target/test-dir/MiniOzoneClusterImpl-3225c09c-430a-4478-b047-7eb735aebfb5/datanode-0/data/ratis/1acad87e-80d5-4cb7-a86e-710a704d8dda: created new log segment /workdir/hadoop-ozone/tools/target/test-dir/MiniOzoneClusterImpl-3225c09c-430a-4478-b047-7eb735aebfb5/datanode-0/data/ratis/1acad87e-80d5-4cb7-a86e-710a704d8dda/current/log_inprogress_0
2019-09-19 09:57:01,304 [ce8f9236-bba2-4942-9bf9-b4bb96b280ac:group-76863F6E2B3D:LeaderElection29] INFO  impl.LeaderElection (LeaderElection.java:askForVotes(181)) - ce8f9236-bba2-4942-9bf9-b4bb96b280ac:group-76863F6E2B3D:LeaderElection29: begin an election at term 1 for -1: [ce8f9236-bba2-4942-9bf9-b4bb96b280ac:192.168.34.5:37969], old=null
2019-09-19 09:57:01,346 [ce8f9236-bba2-4942-9bf9-b4bb96b280ac:group-11124F771B10:LeaderElection30] INFO  impl.RoleInfo (RoleInfo.java:shutdownLeaderElection(134)) - ce8f9236-bba2-4942-9bf9-b4bb96b280ac: shutdown LeaderElection
2019-09-19 09:57:01,346 [ce8f9236-bba2-4942-9bf9-b4bb96b280ac:group-76863F6E2B3D:LeaderElection29] INFO  impl.RoleInfo (RoleInfo.java:shutdownLeaderElection(134)) - ce8f9236-bba2-4942-9bf9-b4bb96b280ac: shutdown LeaderElection
2019-09-19 09:57:01,346 [ce8f9236-bba2-4942-9bf9-b4bb96b280ac:group-11124F771B10:LeaderElection30] INFO  impl.RaftServerImpl (RaftServerImpl.java:setRole(171)) - ce8f9236-bba2-4942-9bf9-b4bb96b280ac:group-11124F771B10 changes role from CANDIDATE to LEADER at term 1 for changeToLeader
2019-09-19 09:57:01,346 [ce8f9236-bba2-4942-9bf9-b4bb96b280ac:group-76863F6E2B3D:LeaderElection29] INFO  impl.RaftServerImpl (RaftServerImpl.java:setRole(171)) - ce8f9236-bba2-4942-9bf9-b4bb96b280ac:group-76863F6E2B3D changes role from CANDIDATE to LEADER at term 1 for changeToLeader
2019-09-19 09:57:01,346 [ce8f9236-bba2-4942-9bf9-b4bb96b280ac:group-11124F771B10:LeaderElection30] INFO  impl.RaftServerImpl (ServerState.java:setLeader(263)) - ce8f9236-bba2-4942-9bf9-b4bb96b280ac:group-11124F771B10 change Leader from null to ce8f9236-bba2-4942-9bf9-b4bb96b280ac at term 1 for becomeLeader, leader elected after 5179ms
2019-09-19 09:57:01,346 [ce8f9236-bba2-4942-9bf9-b4bb96b280ac:group-76863F6E2B3D:LeaderElection29] INFO  impl.RaftServerImpl (ServerState.java:setLeader(263)) - ce8f9236-bba2-4942-9bf9-b4bb96b280ac:group-76863F6E2B3D change Leader from null to ce8f9236-bba2-4942-9bf9-b4bb96b280ac at term 1 for becomeLeader, leader elected after 5121ms
2019-09-19 09:57:01,347 [ce8f9236-bba2-4942-9bf9-b4bb96b280ac:group-11124F771B10:LeaderElection30] INFO  server.RaftServerConfigKeys (ConfUtils.java:logGet(43)) - raft.server.staging.catchup.gap = 1000 (default)
2019-09-19 09:57:01,347 | INFO  | SCMAudit | user=jenkins1000 | ip=192.168.34.5 | op=SEND_HEARTBEAT {datanodeUUID=39b9d8f1-cc47-4624-b4ed-3b44777a4379, command=[]} | ret=SUCCESS |  
2019-09-19 09:57:01,347 [ce8f9236-bba2-4942-9bf9-b4bb96b280ac:group-76863F6E2B3D:LeaderElection29] INFO  server.RaftServerConfigKeys (ConfUtils.java:logGet(43)) - raft.server.staging.catchup.gap = 1000 (default)
2019-09-19 09:57:01,347 [ce8f9236-bba2-4942-9bf9-b4bb96b280ac:group-11124F771B10:LeaderElection30] INFO  server.RaftServerConfigKeys (ConfUtils.java:logGet(43)) - raft.server.rpc.sleep.time = 25ms (default)
2019-09-19 09:57:01,347 [ce8f9236-bba2-4942-9bf9-b4bb96b280ac:group-76863F6E2B3D:LeaderElection29] INFO  server.RaftServerConfigKeys (ConfUtils.java:logGet(43)) - raft.server.rpc.sleep.time = 25ms (default)
2019-09-19 09:57:01,347 [ce8f9236-bba2-4942-9bf9-b4bb96b280ac:group-11124F771B10:LeaderElection30] INFO  server.RaftServerConfigKeys (ConfUtils.java:logGet(43)) - raft.server.write.element-limit = 4096 (default)
2019-09-19 09:57:01,347 [ce8f9236-bba2-4942-9bf9-b4bb96b280ac:group-76863F6E2B3D:LeaderElection29] INFO  server.RaftServerConfigKeys (ConfUtils.java:logGet(43)) - raft.server.write.element-limit = 4096 (default)
2019-09-19 09:57:01,347 [ce8f9236-bba2-4942-9bf9-b4bb96b280ac:group-11124F771B10:LeaderElection30] INFO  server.RaftServerConfigKeys (ConfUtils.java:logGet(43)) - raft.server.watch.timeout = 10s (default)
2019-09-19 09:57:01,347 [ce8f9236-bba2-4942-9bf9-b4bb96b280ac:group-76863F6E2B3D:LeaderElection29] INFO  server.RaftServerConfigKeys (ConfUtils.java:logGet(43)) - raft.server.watch.timeout = 10s (default)
2019-09-19 09:57:01,347 [ce8f9236-bba2-4942-9bf9-b4bb96b280ac:group-11124F771B10:LeaderElection30] INFO  server.RaftServerConfigKeys (ConfUtils.java:logGet(43)) - raft.server.watch.timeout.denomination = 1s (default)
2019-09-19 09:57:01,348 [ce8f9236-bba2-4942-9bf9-b4bb96b280ac:group-76863F6E2B3D:LeaderElection29] INFO  server.RaftServerConfigKeys (ConfUtils.java:logGet(43)) - raft.server.watch.timeout.denomination = 1s (default)
2019-09-19 09:57:01,348 [ce8f9236-bba2-4942-9bf9-b4bb96b280ac:group-11124F771B10:LeaderElection30] INFO  server.RaftServerConfigKeys (ConfUtils.java:logGet(43)) - raft.server.watch.element-limit = 65536 (default)
2019-09-19 09:57:01,348 [ce8f9236-bba2-4942-9bf9-b4bb96b280ac:group-76863F6E2B3D:LeaderElection29] INFO  server.RaftServerConfigKeys (ConfUtils.java:logGet(43)) - raft.server.watch.element-limit = 65536 (default)
2019-09-19 09:57:01,348 [ce8f9236-bba2-4942-9bf9-b4bb96b280ac:group-11124F771B10:LeaderElection30] INFO  impl.RoleInfo (RoleInfo.java:updateAndGet(143)) - ce8f9236-bba2-4942-9bf9-b4bb96b280ac: start LeaderState
2019-09-19 09:57:01,348 [ce8f9236-bba2-4942-9bf9-b4bb96b280ac:group-76863F6E2B3D:LeaderElection29] INFO  impl.RoleInfo (RoleInfo.java:updateAndGet(143)) - ce8f9236-bba2-4942-9bf9-b4bb96b280ac: start LeaderState
2019-09-19 09:57:01,348 [ce8f9236-bba2-4942-9bf9-b4bb96b280ac:group-11124F771B10:LeaderElection30] INFO  segmented.SegmentedRaftLogWorker (SegmentedRaftLogWorker.java:startLogSegment(380)) - ce8f9236-bba2-4942-9bf9-b4bb96b280ac-SegmentedRaftLogWorker:Storage Directory /workdir/hadoop-ozone/tools/target/test-dir/MiniOzoneClusterImpl-3225c09c-430a-4478-b047-7eb735aebfb5/datanode-3/data/ratis/5c08a38d-bb26-4f90-ab8d-11124f771b10: Starting segment from index:0
2019-09-19 09:57:01,348 [ce8f9236-bba2-4942-9bf9-b4bb96b280ac:group-76863F6E2B3D:LeaderElection29] INFO  segmented.SegmentedRaftLogWorker (SegmentedRaftLogWorker.java:startLogSegment(380)) - ce8f9236-bba2-4942-9bf9-b4bb96b280ac-SegmentedRaftLogWorker:Storage Directory /workdir/hadoop-ozone/tools/target/test-dir/MiniOzoneClusterImpl-3225c09c-430a-4478-b047-7eb735aebfb5/datanode-3/data/ratis/af508144-61d4-472e-b08b-76863f6e2b3d: Starting segment from index:0
2019-09-19 09:57:01,349 [ce8f9236-bba2-4942-9bf9-b4bb96b280ac:group-11124F771B10:LeaderElection30] INFO  impl.RaftServerImpl (ServerState.java:setRaftConf(361)) - ce8f9236-bba2-4942-9bf9-b4bb96b280ac:group-11124F771B10 set configuration 0: [ce8f9236-bba2-4942-9bf9-b4bb96b280ac:192.168.34.5:37969], old=null at 0
2019-09-19 09:57:01,380 [ce8f9236-bba2-4942-9bf9-b4bb96b280ac-SegmentedRaftLogWorker:Storage Directory /workdir/hadoop-ozone/tools/target/test-dir/MiniOzoneClusterImpl-3225c09c-430a-4478-b047-7eb735aebfb5/datanode-3/data/ratis/8c2ab780-fc08-4cbb-a54b-5f43cb68ccda] INFO  segmented.SegmentedRaftLogWorker (SegmentedRaftLogWorker.java:execute(569)) - ce8f9236-bba2-4942-9bf9-b4bb96b280ac-SegmentedRaftLogWorker:Storage Directory /workdir/hadoop-ozone/tools/target/test-dir/MiniOzoneClusterImpl-3225c09c-430a-4478-b047-7eb735aebfb5/datanode-3/data/ratis/8c2ab780-fc08-4cbb-a54b-5f43cb68ccda: created new log segment /workdir/hadoop-ozone/tools/target/test-dir/MiniOzoneClusterImpl-3225c09c-430a-4478-b047-7eb735aebfb5/datanode-3/data/ratis/8c2ab780-fc08-4cbb-a54b-5f43cb68ccda/current/log_inprogress_0
2019-09-19 09:57:01,380 [ce8f9236-bba2-4942-9bf9-b4bb96b280ac:group-76863F6E2B3D:LeaderElection29] INFO  impl.RaftServerImpl (ServerState.java:setRaftConf(361)) - ce8f9236-bba2-4942-9bf9-b4bb96b280ac:group-76863F6E2B3D set configuration 0: [ce8f9236-bba2-4942-9bf9-b4bb96b280ac:192.168.34.5:37969], old=null at 0
2019-09-19 09:57:01,419 [ce8f9236-bba2-4942-9bf9-b4bb96b280ac-SegmentedRaftLogWorker:Storage Directory /workdir/hadoop-ozone/tools/target/test-dir/MiniOzoneClusterImpl-3225c09c-430a-4478-b047-7eb735aebfb5/datanode-3/data/ratis/5c08a38d-bb26-4f90-ab8d-11124f771b10] INFO  segmented.SegmentedRaftLogWorker (SegmentedRaftLogWorker.java:execute(569)) - ce8f9236-bba2-4942-9bf9-b4bb96b280ac-SegmentedRaftLogWorker:Storage Directory /workdir/hadoop-ozone/tools/target/test-dir/MiniOzoneClusterImpl-3225c09c-430a-4478-b047-7eb735aebfb5/datanode-3/data/ratis/5c08a38d-bb26-4f90-ab8d-11124f771b10: created new log segment /workdir/hadoop-ozone/tools/target/test-dir/MiniOzoneClusterImpl-3225c09c-430a-4478-b047-7eb735aebfb5/datanode-3/data/ratis/5c08a38d-bb26-4f90-ab8d-11124f771b10/current/log_inprogress_0
2019-09-19 09:57:01,432 [ce8f9236-bba2-4942-9bf9-b4bb96b280ac-SegmentedRaftLogWorker:Storage Directory /workdir/hadoop-ozone/tools/target/test-dir/MiniOzoneClusterImpl-3225c09c-430a-4478-b047-7eb735aebfb5/datanode-3/data/ratis/af508144-61d4-472e-b08b-76863f6e2b3d] INFO  segmented.SegmentedRaftLogWorker (SegmentedRaftLogWorker.java:execute(569)) - ce8f9236-bba2-4942-9bf9-b4bb96b280ac-SegmentedRaftLogWorker:Storage Directory /workdir/hadoop-ozone/tools/target/test-dir/MiniOzoneClusterImpl-3225c09c-430a-4478-b047-7eb735aebfb5/datanode-3/data/ratis/af508144-61d4-472e-b08b-76863f6e2b3d: created new log segment /workdir/hadoop-ozone/tools/target/test-dir/MiniOzoneClusterImpl-3225c09c-430a-4478-b047-7eb735aebfb5/datanode-3/data/ratis/af508144-61d4-472e-b08b-76863f6e2b3d/current/log_inprogress_0
 100.00% |█████████████████████████████████████████████████████████████████████████████████████████████████████|  1/1 Time: 0:00:06
2019-09-19 09:57:01,576 | INFO  | SCMAudit | user=jenkins1000 | ip=192.168.34.5 | op=SEND_HEARTBEAT {datanodeUUID=19cf0631-d0d9-4f40-8587-54276d2ac576, command=[]} | ret=SUCCESS |  
2019-09-19 09:57:02,008 | INFO  | SCMAudit | user=jenkins1000 | ip=192.168.34.5 | op=SEND_HEARTBEAT {datanodeUUID=ce8f9236-bba2-4942-9bf9-b4bb96b280ac, command=[]} | ret=SUCCESS |  
2019-09-19 09:57:02,008 | INFO  | SCMAudit | user=jenkins1000 | ip=192.168.34.5 | op=SEND_HEARTBEAT {datanodeUUID=c5d53031-865d-4491-9cd3-c718532e281c, command=[]} | ret=SUCCESS |  
2019-09-19 09:57:02,079 | INFO  | SCMAudit | user=jenkins1000 | ip=192.168.34.5 | op=SEND_HEARTBEAT {datanodeUUID=4490b81b-0ef7-4125-ad05-765de4ccf1d4, command=[]} | ret=SUCCESS |  
2019-09-19 09:57:02,347 | INFO  | SCMAudit | user=jenkins1000 | ip=192.168.34.5 | op=SEND_HEARTBEAT {datanodeUUID=39b9d8f1-cc47-4624-b4ed-3b44777a4379, command=[]} | ret=SUCCESS |  
2019-09-19 09:57:02,575 | INFO  | SCMAudit | user=jenkins1000 | ip=192.168.34.5 | op=SEND_HEARTBEAT {datanodeUUID=19cf0631-d0d9-4f40-8587-54276d2ac576, command=[]} | ret=SUCCESS |  
2019-09-19 09:57:03,007 | INFO  | SCMAudit | user=jenkins1000 | ip=192.168.34.5 | op=SEND_HEARTBEAT {datanodeUUID=ce8f9236-bba2-4942-9bf9-b4bb96b280ac, command=[]} | ret=SUCCESS |  
2019-09-19 09:57:03,008 | INFO  | SCMAudit | user=jenkins1000 | ip=192.168.34.5 | op=SEND_HEARTBEAT {datanodeUUID=c5d53031-865d-4491-9cd3-c718532e281c, command=[]} | ret=SUCCESS |  
2019-09-19 09:57:03,080 | INFO  | SCMAudit | user=jenkins1000 | ip=192.168.34.5 | op=SEND_HEARTBEAT {datanodeUUID=4490b81b-0ef7-4125-ad05-765de4ccf1d4, command=[]} | ret=SUCCESS |  
2019-09-19 09:57:03,347 | INFO  | SCMAudit | user=jenkins1000 | ip=192.168.34.5 | op=SEND_HEARTBEAT {datanodeUUID=39b9d8f1-cc47-4624-b4ed-3b44777a4379, command=[]} | ret=SUCCESS |  
2019-09-19 09:57:03,576 | INFO  | SCMAudit | user=jenkins1000 | ip=192.168.34.5 | op=SEND_HEARTBEAT {datanodeUUID=19cf0631-d0d9-4f40-8587-54276d2ac576, command=[]} | ret=SUCCESS |  
2019-09-19 09:57:04,008 | INFO  | SCMAudit | user=jenkins1000 | ip=192.168.34.5 | op=SEND_HEARTBEAT {datanodeUUID=ce8f9236-bba2-4942-9bf9-b4bb96b280ac, command=[]} | ret=SUCCESS |  
2019-09-19 09:57:04,008 | INFO  | SCMAudit | user=jenkins1000 | ip=192.168.34.5 | op=SEND_HEARTBEAT {datanodeUUID=c5d53031-865d-4491-9cd3-c718532e281c, command=[]} | ret=SUCCESS |  
2019-09-19 09:57:04,080 | INFO  | SCMAudit | user=jenkins1000 | ip=192.168.34.5 | op=SEND_HEARTBEAT {datanodeUUID=4490b81b-0ef7-4125-ad05-765de4ccf1d4, command=[]} | ret=SUCCESS |  
2019-09-19 09:57:04,348 | INFO  | SCMAudit | user=jenkins1000 | ip=192.168.34.5 | op=SEND_HEARTBEAT {datanodeUUID=39b9d8f1-cc47-4624-b4ed-3b44777a4379, command=[]} | ret=SUCCESS |  
2019-09-19 09:57:04,577 | INFO  | SCMAudit | user=jenkins1000 | ip=192.168.34.5 | op=SEND_HEARTBEAT {datanodeUUID=19cf0631-d0d9-4f40-8587-54276d2ac576, command=[]} | ret=SUCCESS |  
2019-09-19 09:57:05,007 | INFO  | SCMAudit | user=jenkins1000 | ip=192.168.34.5 | op=SEND_HEARTBEAT {datanodeUUID=ce8f9236-bba2-4942-9bf9-b4bb96b280ac, command=[]} | ret=SUCCESS |  
2019-09-19 09:57:05,008 | INFO  | SCMAudit | user=jenkins1000 | ip=192.168.34.5 | op=SEND_HEARTBEAT {datanodeUUID=c5d53031-865d-4491-9cd3-c718532e281c, command=[]} | ret=SUCCESS |  
2019-09-19 09:57:05,080 | INFO  | SCMAudit | user=jenkins1000 | ip=192.168.34.5 | op=SEND_HEARTBEAT {datanodeUUID=4490b81b-0ef7-4125-ad05-765de4ccf1d4, command=[]} | ret=SUCCESS |  
2019-09-19 09:57:05,347 | INFO  | SCMAudit | user=jenkins1000 | ip=192.168.34.5 | op=SEND_HEARTBEAT {datanodeUUID=39b9d8f1-cc47-4624-b4ed-3b44777a4379, command=[]} | ret=SUCCESS |  
]]></system-out>
    <system-err><![CDATA[Sep 19, 2019 9:56:48 AM com.sun.jersey.server.impl.application.WebApplicationImpl _initiate
INFO: Initiating Jersey application, version 'Jersey: 1.19 02/11/2015 03:25 AM'
Sep 19, 2019 9:56:49 AM com.sun.jersey.server.impl.application.WebApplicationImpl _initiate
INFO: Initiating Jersey application, version 'Jersey: 1.19 02/11/2015 03:25 AM'
Sep 19, 2019 9:56:49 AM com.sun.jersey.server.impl.application.WebApplicationImpl _initiate
INFO: Initiating Jersey application, version 'Jersey: 1.19 02/11/2015 03:25 AM'
Sep 19, 2019 9:56:49 AM com.sun.jersey.server.impl.application.WebApplicationImpl _initiate
INFO: Initiating Jersey application, version 'Jersey: 1.19 02/11/2015 03:25 AM'
Sep 19, 2019 9:56:49 AM com.sun.jersey.server.impl.application.WebApplicationImpl _initiate
INFO: Initiating Jersey application, version 'Jersey: 1.19 02/11/2015 03:25 AM'
]]></system-err>
  </testcase>
  <testcase name="standaloneTestLargeKey" classname="org.apache.hadoop.ozone.freon.TestDataValidateWithSafeByteOperations" time="10.118">
    <error message="Allocated 0 blocks. Requested 5 blocks" type="INTERNAL_ERROR org.apache.hadoop.ozone.om.exceptions.OMException">INTERNAL_ERROR org.apache.hadoop.ozone.om.exceptions.OMException: Allocated 0 blocks. Requested 5 blocks
	at org.apache.hadoop.ozone.om.protocolPB.OzoneManagerProtocolClientSideTranslatorPB.handleError(OzoneManagerProtocolClientSideTranslatorPB.java:725)
	at org.apache.hadoop.ozone.om.protocolPB.OzoneManagerProtocolClientSideTranslatorPB.openKey(OzoneManagerProtocolClientSideTranslatorPB.java:716)
	at org.apache.hadoop.ozone.client.rpc.RpcClient.createKey(RpcClient.java:615)
	at org.apache.hadoop.ozone.client.OzoneBucket.createKey(OzoneBucket.java:323)
	at org.apache.hadoop.ozone.freon.RandomKeyGenerator.createKey(RandomKeyGenerator.java:686)
	at org.apache.hadoop.ozone.freon.RandomKeyGenerator.access$1100(RandomKeyGenerator.java:87)
	at org.apache.hadoop.ozone.freon.RandomKeyGenerator$ObjectCreator.run(RandomKeyGenerator.java:606)
	at java.util.concurrent.Executors$RunnableAdapter.call(Executors.java:511)
	at java.util.concurrent.FutureTask.run(FutureTask.java:266)
	at java.util.concurrent.ThreadPoolExecutor.runWorker(ThreadPoolExecutor.java:1149)
	at java.util.concurrent.ThreadPoolExecutor$Worker.run(ThreadPoolExecutor.java:624)
	at java.lang.Thread.run(Thread.java:748)
</error>
    <system-out><![CDATA[2019-09-19 09:57:05,577 | INFO  | SCMAudit | user=jenkins1000 | ip=192.168.34.5 | op=SEND_HEARTBEAT {datanodeUUID=19cf0631-d0d9-4f40-8587-54276d2ac576, command=[]} | ret=SUCCESS |  
2019-09-19 09:57:05,653 [main] INFO  freon.RandomKeyGenerator (RandomKeyGenerator.java:call(275)) - Number of Threads: 10
2019-09-19 09:57:05,654 [main] INFO  freon.RandomKeyGenerator (RandomKeyGenerator.java:call(280)) - Number of Volumes: 1.
2019-09-19 09:57:05,654 [main] INFO  freon.RandomKeyGenerator (RandomKeyGenerator.java:call(281)) - Number of Buckets per Volume: 1.
2019-09-19 09:57:05,654 [main] INFO  freon.RandomKeyGenerator (RandomKeyGenerator.java:call(282)) - Number of Keys per Bucket: 1.
2019-09-19 09:57:05,654 [main] INFO  freon.RandomKeyGenerator (RandomKeyGenerator.java:call(283)) - Key size: 20971520 bytes
2019-09-19 09:57:05,654 [main] INFO  freon.RandomKeyGenerator (RandomKeyGenerator.java:call(284)) - Buffer size: 4096 bytes
2019-09-19 09:57:05,656 [pool-79-thread-1] INFO  rpc.RpcClient (RpcClient.java:createVolume(293)) - Creating Volume: vol-0-60034, with jenkins1000 as owner.
2019-09-19 09:57:05,658 [main] INFO  freon.RandomKeyGenerator (RandomKeyGenerator.java:call(298)) - Data validation is enabled.
2019-09-19 09:57:05,658 [main] INFO  freon.RandomKeyGenerator (RandomKeyGenerator.java:call(304)) - Starting progress bar Thread.

 0.00% |█                                                                                                    |  0/1 Time: 0:00:002019-09-19 09:57:05,660 | INFO  | OMAudit | user=jenkins1000 | ip=127.0.0.1 | op=CREATE_VOLUME {admin=jenkins1000, owner=jenkins1000, volume=vol-0-60034, creationTime=1568887025660, quotaInBytes=1152921504606846976} | ret=SUCCESS |  
2019-09-19 09:57:05,663 | INFO  | OMAudit | user=jenkins1000 | ip=127.0.0.1 | op=READ_VOLUME {volume=vol-0-60034} | ret=SUCCESS |  
2019-09-19 09:57:05,675 [pool-79-thread-2] INFO  rpc.RpcClient (RpcClient.java:createBucket(432)) - Creating Bucket: vol-0-60034/bucket-0-96702, with Versioning false and Storage Type set to DISK and Encryption set to false 
2019-09-19 09:57:05,678 | INFO  | OMAudit | user=jenkins1000 | ip=127.0.0.1 | op=CREATE_BUCKET {volume=vol-0-60034, bucket=bucket-0-96702, acls=[user:jenkins1000:a[ACCESS], group:default:a[ACCESS]], isVersionEnabled=false, storageType=DISK, creationTime=0} | ret=SUCCESS |  
2019-09-19 09:57:05,679 | INFO  | OMAudit | user=jenkins1000 | ip=127.0.0.1 | op=READ_BUCKET {volume=vol-0-60034, bucket=bucket-0-96702} | ret=SUCCESS |  
2019-09-19 09:57:05,692 [IPC Server handler 18 on 37935] ERROR pipeline.PipelinePlacementPolicy (PipelinePlacementPolicy.java:meetCriteria(91)) - Pipeline Placement: Doesn't meet the criteria to be viable node. Heaviness: 6
2019-09-19 09:57:05,693 [IPC Server handler 18 on 37935] ERROR pipeline.PipelinePlacementPolicy (PipelinePlacementPolicy.java:meetCriteria(91)) - Pipeline Placement: Doesn't meet the criteria to be viable node. Heaviness: 6
2019-09-19 09:57:05,693 [IPC Server handler 18 on 37935] ERROR pipeline.PipelinePlacementPolicy (PipelinePlacementPolicy.java:meetCriteria(91)) - Pipeline Placement: Doesn't meet the criteria to be viable node. Heaviness: 6
2019-09-19 09:57:05,693 [IPC Server handler 18 on 37935] ERROR pipeline.PipelinePlacementPolicy (PipelinePlacementPolicy.java:meetCriteria(91)) - Pipeline Placement: Doesn't meet the criteria to be viable node. Heaviness: 6
2019-09-19 09:57:05,693 [IPC Server handler 18 on 37935] ERROR pipeline.PipelinePlacementPolicy (PipelinePlacementPolicy.java:meetCriteria(91)) - Pipeline Placement: Doesn't meet the criteria to be viable node. Heaviness: 6
2019-09-19 09:57:05,693 [IPC Server handler 18 on 37935] ERROR pipeline.PipelinePlacementPolicy (PipelinePlacementPolicy.java:filterViableNodes(146)) - Unable to find enough nodes that meet the criteria that cannot engage in more than 5 pipelines. Nodes required: 3 Found: 0, healthy nodes count inNodeManager: 5.
2019-09-19 09:57:05,693 [IPC Server handler 18 on 37935] ERROR pipeline.SCMPipelineManager (SCMPipelineManager.java:createPipeline(161)) - Pipeline creation failed due to exception: Unable to find enough nodes that meet the criteria that cannot engage in more than 5 pipelines. Nodes required: 3 Found: 0, healthy nodes count inNodeManager: 5.
2019-09-19 09:57:05,694 [IPC Server handler 18 on 37935] WARN  block.BlockManagerImpl (BlockManagerImpl.java:allocateBlock(192)) - Pipeline creation failed for type:RATIS factor:THREE. Retrying get pipelines call once.
org.apache.hadoop.hdds.scm.exceptions.SCMException: Unable to find enough nodes that meet the criteria that cannot engage in more than 5 pipelines. Nodes required: 3 Found: 0, healthy nodes count inNodeManager: 5.
	at org.apache.hadoop.hdds.scm.pipeline.PipelinePlacementPolicy.filterViableNodes(PipelinePlacementPolicy.java:147)
	at org.apache.hadoop.hdds.scm.pipeline.PipelinePlacementPolicy.chooseDatanodes(PipelinePlacementPolicy.java:170)
	at org.apache.hadoop.hdds.scm.pipeline.RatisPipelineProvider.create(RatisPipelineProvider.java:92)
	at org.apache.hadoop.hdds.scm.pipeline.PipelineFactory.create(PipelineFactory.java:57)
	at org.apache.hadoop.hdds.scm.pipeline.SCMPipelineManager.createPipeline(SCMPipelineManager.java:149)
	at org.apache.hadoop.hdds.scm.block.BlockManagerImpl.allocateBlock(BlockManagerImpl.java:190)
	at org.apache.hadoop.hdds.scm.server.SCMBlockProtocolServer.allocateBlock(SCMBlockProtocolServer.java:175)
	at org.apache.hadoop.ozone.protocolPB.ScmBlockLocationProtocolServerSideTranslatorPB.allocateScmBlock(ScmBlockLocationProtocolServerSideTranslatorPB.java:153)
	at org.apache.hadoop.ozone.protocolPB.ScmBlockLocationProtocolServerSideTranslatorPB.send(ScmBlockLocationProtocolServerSideTranslatorPB.java:112)
	at org.apache.hadoop.hdds.protocol.proto.ScmBlockLocationProtocolProtos$ScmBlockLocationProtocolService$2.callBlockingMethod(ScmBlockLocationProtocolProtos.java:13157)
	at org.apache.hadoop.ipc.ProtobufRpcEngine$Server$ProtoBufRpcInvoker.call(ProtobufRpcEngine.java:524)
	at org.apache.hadoop.ipc.RPC$Server.call(RPC.java:1025)
	at org.apache.hadoop.ipc.Server$RpcCall.run(Server.java:876)
	at org.apache.hadoop.ipc.Server$RpcCall.run(Server.java:822)
	at java.security.AccessController.doPrivileged(Native Method)
	at javax.security.auth.Subject.doAs(Subject.java:422)
	at org.apache.hadoop.security.UserGroupInformation.doAs(UserGroupInformation.java:1730)
	at org.apache.hadoop.ipc.Server$Handler.run(Server.java:2682)
2019-09-19 09:57:05,694 [IPC Server handler 18 on 37935] INFO  block.BlockManagerImpl (BlockManagerImpl.java:allocateBlock(198)) - Could not find available pipeline of type:RATIS and factor:THREE even after retrying
2019-09-19 09:57:05,694 [IPC Server handler 18 on 37935] ERROR block.BlockManagerImpl (BlockManagerImpl.java:allocateBlock(222)) - Unable to allocate a block for the size: 4194304, type: RATIS, factor: THREE
2019-09-19 09:57:05,694 [IPC Server handler 18 on 37935] ERROR pipeline.PipelinePlacementPolicy (PipelinePlacementPolicy.java:meetCriteria(91)) - Pipeline Placement: Doesn't meet the criteria to be viable node. Heaviness: 6
2019-09-19 09:57:05,695 [IPC Server handler 18 on 37935] ERROR pipeline.PipelinePlacementPolicy (PipelinePlacementPolicy.java:meetCriteria(91)) - Pipeline Placement: Doesn't meet the criteria to be viable node. Heaviness: 6
2019-09-19 09:57:05,695 [IPC Server handler 18 on 37935] ERROR pipeline.PipelinePlacementPolicy (PipelinePlacementPolicy.java:meetCriteria(91)) - Pipeline Placement: Doesn't meet the criteria to be viable node. Heaviness: 6
2019-09-19 09:57:05,695 [IPC Server handler 18 on 37935] ERROR pipeline.PipelinePlacementPolicy (PipelinePlacementPolicy.java:meetCriteria(91)) - Pipeline Placement: Doesn't meet the criteria to be viable node. Heaviness: 6
2019-09-19 09:57:05,695 [IPC Server handler 18 on 37935] ERROR pipeline.PipelinePlacementPolicy (PipelinePlacementPolicy.java:meetCriteria(91)) - Pipeline Placement: Doesn't meet the criteria to be viable node. Heaviness: 6
2019-09-19 09:57:05,695 [IPC Server handler 18 on 37935] ERROR pipeline.PipelinePlacementPolicy (PipelinePlacementPolicy.java:filterViableNodes(146)) - Unable to find enough nodes that meet the criteria that cannot engage in more than 5 pipelines. Nodes required: 3 Found: 0, healthy nodes count inNodeManager: 5.
2019-09-19 09:57:05,696 [IPC Server handler 18 on 37935] ERROR pipeline.SCMPipelineManager (SCMPipelineManager.java:createPipeline(161)) - Pipeline creation failed due to exception: Unable to find enough nodes that meet the criteria that cannot engage in more than 5 pipelines. Nodes required: 3 Found: 0, healthy nodes count inNodeManager: 5.
2019-09-19 09:57:05,696 [IPC Server handler 18 on 37935] WARN  block.BlockManagerImpl (BlockManagerImpl.java:allocateBlock(192)) - Pipeline creation failed for type:RATIS factor:THREE. Retrying get pipelines call once.
org.apache.hadoop.hdds.scm.exceptions.SCMException: Unable to find enough nodes that meet the criteria that cannot engage in more than 5 pipelines. Nodes required: 3 Found: 0, healthy nodes count inNodeManager: 5.
	at org.apache.hadoop.hdds.scm.pipeline.PipelinePlacementPolicy.filterViableNodes(PipelinePlacementPolicy.java:147)
	at org.apache.hadoop.hdds.scm.pipeline.PipelinePlacementPolicy.chooseDatanodes(PipelinePlacementPolicy.java:170)
	at org.apache.hadoop.hdds.scm.pipeline.RatisPipelineProvider.create(RatisPipelineProvider.java:92)
	at org.apache.hadoop.hdds.scm.pipeline.PipelineFactory.create(PipelineFactory.java:57)
	at org.apache.hadoop.hdds.scm.pipeline.SCMPipelineManager.createPipeline(SCMPipelineManager.java:149)
	at org.apache.hadoop.hdds.scm.block.BlockManagerImpl.allocateBlock(BlockManagerImpl.java:190)
	at org.apache.hadoop.hdds.scm.server.SCMBlockProtocolServer.allocateBlock(SCMBlockProtocolServer.java:175)
	at org.apache.hadoop.ozone.protocolPB.ScmBlockLocationProtocolServerSideTranslatorPB.allocateScmBlock(ScmBlockLocationProtocolServerSideTranslatorPB.java:153)
	at org.apache.hadoop.ozone.protocolPB.ScmBlockLocationProtocolServerSideTranslatorPB.send(ScmBlockLocationProtocolServerSideTranslatorPB.java:112)
	at org.apache.hadoop.hdds.protocol.proto.ScmBlockLocationProtocolProtos$ScmBlockLocationProtocolService$2.callBlockingMethod(ScmBlockLocationProtocolProtos.java:13157)
	at org.apache.hadoop.ipc.ProtobufRpcEngine$Server$ProtoBufRpcInvoker.call(ProtobufRpcEngine.java:524)
	at org.apache.hadoop.ipc.RPC$Server.call(RPC.java:1025)
	at org.apache.hadoop.ipc.Server$RpcCall.run(Server.java:876)
	at org.apache.hadoop.ipc.Server$RpcCall.run(Server.java:822)
	at java.security.AccessController.doPrivileged(Native Method)
	at javax.security.auth.Subject.doAs(Subject.java:422)
	at org.apache.hadoop.security.UserGroupInformation.doAs(UserGroupInformation.java:1730)
	at org.apache.hadoop.ipc.Server$Handler.run(Server.java:2682)
2019-09-19 09:57:05,698 [IPC Server handler 18 on 37935] INFO  block.BlockManagerImpl (BlockManagerImpl.java:allocateBlock(198)) - Could not find available pipeline of type:RATIS and factor:THREE even after retrying
2019-09-19 09:57:05,698 [IPC Server handler 18 on 37935] ERROR block.BlockManagerImpl (BlockManagerImpl.java:allocateBlock(222)) - Unable to allocate a block for the size: 4194304, type: RATIS, factor: THREE
2019-09-19 09:57:05,698 [IPC Server handler 18 on 37935] ERROR pipeline.PipelinePlacementPolicy (PipelinePlacementPolicy.java:meetCriteria(91)) - Pipeline Placement: Doesn't meet the criteria to be viable node. Heaviness: 6
2019-09-19 09:57:05,699 [IPC Server handler 18 on 37935] ERROR pipeline.PipelinePlacementPolicy (PipelinePlacementPolicy.java:meetCriteria(91)) - Pipeline Placement: Doesn't meet the criteria to be viable node. Heaviness: 6
2019-09-19 09:57:05,699 [IPC Server handler 18 on 37935] ERROR pipeline.PipelinePlacementPolicy (PipelinePlacementPolicy.java:meetCriteria(91)) - Pipeline Placement: Doesn't meet the criteria to be viable node. Heaviness: 6
2019-09-19 09:57:05,699 [IPC Server handler 18 on 37935] ERROR pipeline.PipelinePlacementPolicy (PipelinePlacementPolicy.java:meetCriteria(91)) - Pipeline Placement: Doesn't meet the criteria to be viable node. Heaviness: 6
2019-09-19 09:57:05,699 [IPC Server handler 18 on 37935] ERROR pipeline.PipelinePlacementPolicy (PipelinePlacementPolicy.java:meetCriteria(91)) - Pipeline Placement: Doesn't meet the criteria to be viable node. Heaviness: 6
2019-09-19 09:57:05,699 [IPC Server handler 18 on 37935] ERROR pipeline.PipelinePlacementPolicy (PipelinePlacementPolicy.java:filterViableNodes(146)) - Unable to find enough nodes that meet the criteria that cannot engage in more than 5 pipelines. Nodes required: 3 Found: 0, healthy nodes count inNodeManager: 5.
2019-09-19 09:57:05,699 [IPC Server handler 18 on 37935] ERROR pipeline.SCMPipelineManager (SCMPipelineManager.java:createPipeline(161)) - Pipeline creation failed due to exception: Unable to find enough nodes that meet the criteria that cannot engage in more than 5 pipelines. Nodes required: 3 Found: 0, healthy nodes count inNodeManager: 5.
2019-09-19 09:57:05,700 [IPC Server handler 18 on 37935] WARN  block.BlockManagerImpl (BlockManagerImpl.java:allocateBlock(192)) - Pipeline creation failed for type:RATIS factor:THREE. Retrying get pipelines call once.
org.apache.hadoop.hdds.scm.exceptions.SCMException: Unable to find enough nodes that meet the criteria that cannot engage in more than 5 pipelines. Nodes required: 3 Found: 0, healthy nodes count inNodeManager: 5.
	at org.apache.hadoop.hdds.scm.pipeline.PipelinePlacementPolicy.filterViableNodes(PipelinePlacementPolicy.java:147)
	at org.apache.hadoop.hdds.scm.pipeline.PipelinePlacementPolicy.chooseDatanodes(PipelinePlacementPolicy.java:170)
	at org.apache.hadoop.hdds.scm.pipeline.RatisPipelineProvider.create(RatisPipelineProvider.java:92)
	at org.apache.hadoop.hdds.scm.pipeline.PipelineFactory.create(PipelineFactory.java:57)
	at org.apache.hadoop.hdds.scm.pipeline.SCMPipelineManager.createPipeline(SCMPipelineManager.java:149)
	at org.apache.hadoop.hdds.scm.block.BlockManagerImpl.allocateBlock(BlockManagerImpl.java:190)
	at org.apache.hadoop.hdds.scm.server.SCMBlockProtocolServer.allocateBlock(SCMBlockProtocolServer.java:175)
	at org.apache.hadoop.ozone.protocolPB.ScmBlockLocationProtocolServerSideTranslatorPB.allocateScmBlock(ScmBlockLocationProtocolServerSideTranslatorPB.java:153)
	at org.apache.hadoop.ozone.protocolPB.ScmBlockLocationProtocolServerSideTranslatorPB.send(ScmBlockLocationProtocolServerSideTranslatorPB.java:112)
	at org.apache.hadoop.hdds.protocol.proto.ScmBlockLocationProtocolProtos$ScmBlockLocationProtocolService$2.callBlockingMethod(ScmBlockLocationProtocolProtos.java:13157)
	at org.apache.hadoop.ipc.ProtobufRpcEngine$Server$ProtoBufRpcInvoker.call(ProtobufRpcEngine.java:524)
	at org.apache.hadoop.ipc.RPC$Server.call(RPC.java:1025)
	at org.apache.hadoop.ipc.Server$RpcCall.run(Server.java:876)
	at org.apache.hadoop.ipc.Server$RpcCall.run(Server.java:822)
	at java.security.AccessController.doPrivileged(Native Method)
	at javax.security.auth.Subject.doAs(Subject.java:422)
	at org.apache.hadoop.security.UserGroupInformation.doAs(UserGroupInformation.java:1730)
	at org.apache.hadoop.ipc.Server$Handler.run(Server.java:2682)
2019-09-19 09:57:05,700 [IPC Server handler 18 on 37935] INFO  block.BlockManagerImpl (BlockManagerImpl.java:allocateBlock(198)) - Could not find available pipeline of type:RATIS and factor:THREE even after retrying
2019-09-19 09:57:05,700 [IPC Server handler 18 on 37935] ERROR block.BlockManagerImpl (BlockManagerImpl.java:allocateBlock(222)) - Unable to allocate a block for the size: 4194304, type: RATIS, factor: THREE
2019-09-19 09:57:05,700 [IPC Server handler 18 on 37935] ERROR pipeline.PipelinePlacementPolicy (PipelinePlacementPolicy.java:meetCriteria(91)) - Pipeline Placement: Doesn't meet the criteria to be viable node. Heaviness: 6
2019-09-19 09:57:05,701 [IPC Server handler 18 on 37935] ERROR pipeline.PipelinePlacementPolicy (PipelinePlacementPolicy.java:meetCriteria(91)) - Pipeline Placement: Doesn't meet the criteria to be viable node. Heaviness: 6
2019-09-19 09:57:05,701 [IPC Server handler 18 on 37935] ERROR pipeline.PipelinePlacementPolicy (PipelinePlacementPolicy.java:meetCriteria(91)) - Pipeline Placement: Doesn't meet the criteria to be viable node. Heaviness: 6
2019-09-19 09:57:05,701 [IPC Server handler 18 on 37935] ERROR pipeline.PipelinePlacementPolicy (PipelinePlacementPolicy.java:meetCriteria(91)) - Pipeline Placement: Doesn't meet the criteria to be viable node. Heaviness: 6
2019-09-19 09:57:05,701 [IPC Server handler 18 on 37935] ERROR pipeline.PipelinePlacementPolicy (PipelinePlacementPolicy.java:meetCriteria(91)) - Pipeline Placement: Doesn't meet the criteria to be viable node. Heaviness: 6
2019-09-19 09:57:05,701 [IPC Server handler 18 on 37935] ERROR pipeline.PipelinePlacementPolicy (PipelinePlacementPolicy.java:filterViableNodes(146)) - Unable to find enough nodes that meet the criteria that cannot engage in more than 5 pipelines. Nodes required: 3 Found: 0, healthy nodes count inNodeManager: 5.
2019-09-19 09:57:05,701 [IPC Server handler 18 on 37935] ERROR pipeline.SCMPipelineManager (SCMPipelineManager.java:createPipeline(161)) - Pipeline creation failed due to exception: Unable to find enough nodes that meet the criteria that cannot engage in more than 5 pipelines. Nodes required: 3 Found: 0, healthy nodes count inNodeManager: 5.
2019-09-19 09:57:05,702 [IPC Server handler 18 on 37935] WARN  block.BlockManagerImpl (BlockManagerImpl.java:allocateBlock(192)) - Pipeline creation failed for type:RATIS factor:THREE. Retrying get pipelines call once.
org.apache.hadoop.hdds.scm.exceptions.SCMException: Unable to find enough nodes that meet the criteria that cannot engage in more than 5 pipelines. Nodes required: 3 Found: 0, healthy nodes count inNodeManager: 5.
	at org.apache.hadoop.hdds.scm.pipeline.PipelinePlacementPolicy.filterViableNodes(PipelinePlacementPolicy.java:147)
	at org.apache.hadoop.hdds.scm.pipeline.PipelinePlacementPolicy.chooseDatanodes(PipelinePlacementPolicy.java:170)
	at org.apache.hadoop.hdds.scm.pipeline.RatisPipelineProvider.create(RatisPipelineProvider.java:92)
	at org.apache.hadoop.hdds.scm.pipeline.PipelineFactory.create(PipelineFactory.java:57)
	at org.apache.hadoop.hdds.scm.pipeline.SCMPipelineManager.createPipeline(SCMPipelineManager.java:149)
	at org.apache.hadoop.hdds.scm.block.BlockManagerImpl.allocateBlock(BlockManagerImpl.java:190)
	at org.apache.hadoop.hdds.scm.server.SCMBlockProtocolServer.allocateBlock(SCMBlockProtocolServer.java:175)
	at org.apache.hadoop.ozone.protocolPB.ScmBlockLocationProtocolServerSideTranslatorPB.allocateScmBlock(ScmBlockLocationProtocolServerSideTranslatorPB.java:153)
	at org.apache.hadoop.ozone.protocolPB.ScmBlockLocationProtocolServerSideTranslatorPB.send(ScmBlockLocationProtocolServerSideTranslatorPB.java:112)
	at org.apache.hadoop.hdds.protocol.proto.ScmBlockLocationProtocolProtos$ScmBlockLocationProtocolService$2.callBlockingMethod(ScmBlockLocationProtocolProtos.java:13157)
	at org.apache.hadoop.ipc.ProtobufRpcEngine$Server$ProtoBufRpcInvoker.call(ProtobufRpcEngine.java:524)
	at org.apache.hadoop.ipc.RPC$Server.call(RPC.java:1025)
	at org.apache.hadoop.ipc.Server$RpcCall.run(Server.java:876)
	at org.apache.hadoop.ipc.Server$RpcCall.run(Server.java:822)
	at java.security.AccessController.doPrivileged(Native Method)
	at javax.security.auth.Subject.doAs(Subject.java:422)
	at org.apache.hadoop.security.UserGroupInformation.doAs(UserGroupInformation.java:1730)
	at org.apache.hadoop.ipc.Server$Handler.run(Server.java:2682)
2019-09-19 09:57:05,702 [IPC Server handler 18 on 37935] INFO  block.BlockManagerImpl (BlockManagerImpl.java:allocateBlock(198)) - Could not find available pipeline of type:RATIS and factor:THREE even after retrying
2019-09-19 09:57:05,702 [IPC Server handler 18 on 37935] ERROR block.BlockManagerImpl (BlockManagerImpl.java:allocateBlock(222)) - Unable to allocate a block for the size: 4194304, type: RATIS, factor: THREE
2019-09-19 09:57:05,702 [IPC Server handler 18 on 37935] ERROR pipeline.PipelinePlacementPolicy (PipelinePlacementPolicy.java:meetCriteria(91)) - Pipeline Placement: Doesn't meet the criteria to be viable node. Heaviness: 6
2019-09-19 09:57:05,703 [IPC Server handler 18 on 37935] ERROR pipeline.PipelinePlacementPolicy (PipelinePlacementPolicy.java:meetCriteria(91)) - Pipeline Placement: Doesn't meet the criteria to be viable node. Heaviness: 6
2019-09-19 09:57:05,703 [IPC Server handler 18 on 37935] ERROR pipeline.PipelinePlacementPolicy (PipelinePlacementPolicy.java:meetCriteria(91)) - Pipeline Placement: Doesn't meet the criteria to be viable node. Heaviness: 6
2019-09-19 09:57:05,703 [IPC Server handler 18 on 37935] ERROR pipeline.PipelinePlacementPolicy (PipelinePlacementPolicy.java:meetCriteria(91)) - Pipeline Placement: Doesn't meet the criteria to be viable node. Heaviness: 6
2019-09-19 09:57:05,703 [IPC Server handler 18 on 37935] ERROR pipeline.PipelinePlacementPolicy (PipelinePlacementPolicy.java:meetCriteria(91)) - Pipeline Placement: Doesn't meet the criteria to be viable node. Heaviness: 6
2019-09-19 09:57:05,703 [IPC Server handler 18 on 37935] ERROR pipeline.PipelinePlacementPolicy (PipelinePlacementPolicy.java:filterViableNodes(146)) - Unable to find enough nodes that meet the criteria that cannot engage in more than 5 pipelines. Nodes required: 3 Found: 0, healthy nodes count inNodeManager: 5.
2019-09-19 09:57:05,703 [IPC Server handler 18 on 37935] ERROR pipeline.SCMPipelineManager (SCMPipelineManager.java:createPipeline(161)) - Pipeline creation failed due to exception: Unable to find enough nodes that meet the criteria that cannot engage in more than 5 pipelines. Nodes required: 3 Found: 0, healthy nodes count inNodeManager: 5.
2019-09-19 09:57:05,704 [IPC Server handler 18 on 37935] WARN  block.BlockManagerImpl (BlockManagerImpl.java:allocateBlock(192)) - Pipeline creation failed for type:RATIS factor:THREE. Retrying get pipelines call once.
org.apache.hadoop.hdds.scm.exceptions.SCMException: Unable to find enough nodes that meet the criteria that cannot engage in more than 5 pipelines. Nodes required: 3 Found: 0, healthy nodes count inNodeManager: 5.
	at org.apache.hadoop.hdds.scm.pipeline.PipelinePlacementPolicy.filterViableNodes(PipelinePlacementPolicy.java:147)
	at org.apache.hadoop.hdds.scm.pipeline.PipelinePlacementPolicy.chooseDatanodes(PipelinePlacementPolicy.java:170)
	at org.apache.hadoop.hdds.scm.pipeline.RatisPipelineProvider.create(RatisPipelineProvider.java:92)
	at org.apache.hadoop.hdds.scm.pipeline.PipelineFactory.create(PipelineFactory.java:57)
	at org.apache.hadoop.hdds.scm.pipeline.SCMPipelineManager.createPipeline(SCMPipelineManager.java:149)
	at org.apache.hadoop.hdds.scm.block.BlockManagerImpl.allocateBlock(BlockManagerImpl.java:190)
	at org.apache.hadoop.hdds.scm.server.SCMBlockProtocolServer.allocateBlock(SCMBlockProtocolServer.java:175)
	at org.apache.hadoop.ozone.protocolPB.ScmBlockLocationProtocolServerSideTranslatorPB.allocateScmBlock(ScmBlockLocationProtocolServerSideTranslatorPB.java:153)
	at org.apache.hadoop.ozone.protocolPB.ScmBlockLocationProtocolServerSideTranslatorPB.send(ScmBlockLocationProtocolServerSideTranslatorPB.java:112)
	at org.apache.hadoop.hdds.protocol.proto.ScmBlockLocationProtocolProtos$ScmBlockLocationProtocolService$2.callBlockingMethod(ScmBlockLocationProtocolProtos.java:13157)
	at org.apache.hadoop.ipc.ProtobufRpcEngine$Server$ProtoBufRpcInvoker.call(ProtobufRpcEngine.java:524)
	at org.apache.hadoop.ipc.RPC$Server.call(RPC.java:1025)
	at org.apache.hadoop.ipc.Server$RpcCall.run(Server.java:876)
	at org.apache.hadoop.ipc.Server$RpcCall.run(Server.java:822)
	at java.security.AccessController.doPrivileged(Native Method)
	at javax.security.auth.Subject.doAs(Subject.java:422)
	at org.apache.hadoop.security.UserGroupInformation.doAs(UserGroupInformation.java:1730)
	at org.apache.hadoop.ipc.Server$Handler.run(Server.java:2682)
2019-09-19 09:57:05,704 [IPC Server handler 18 on 37935] INFO  block.BlockManagerImpl (BlockManagerImpl.java:allocateBlock(198)) - Could not find available pipeline of type:RATIS and factor:THREE even after retrying
2019-09-19 09:57:05,704 [IPC Server handler 18 on 37935] ERROR block.BlockManagerImpl (BlockManagerImpl.java:allocateBlock(222)) - Unable to allocate a block for the size: 4194304, type: RATIS, factor: THREE
2019-09-19 09:57:05,704 | INFO  | SCMAudit | user=jenkins1000 | ip=192.168.34.5 | op=ALLOCATE_BLOCK {owner=94045a59-d067-459b-826a-45df52f311e2, size=4194304, type=RATIS, factor=THREE} | ret=SUCCESS |  
2019-09-19 09:57:05,705 | ERROR | OMAudit | user=jenkins1000 | ip=127.0.0.1 | op=ALLOCATE_KEY {volume=vol-0-60034, bucket=bucket-0-96702, key=key-0-57925, dataSize=20971520, replicationType=RATIS, replicationFactor=THREE, keyLocationInfo=null} | ret=FAILURE | org.apache.hadoop.hdds.scm.exceptions.SCMException: Allocated 0 blocks. Requested 5 blocks
	at org.apache.hadoop.hdds.scm.protocolPB.ScmBlockLocationProtocolClientSideTranslatorPB.handleError(ScmBlockLocationProtocolClientSideTranslatorPB.java:118)
	at org.apache.hadoop.hdds.scm.protocolPB.ScmBlockLocationProtocolClientSideTranslatorPB.allocateBlock(ScmBlockLocationProtocolClientSideTranslatorPB.java:156) 
2019-09-19 09:57:05,708 [pool-79-thread-3] ERROR freon.RandomKeyGenerator (RandomKeyGenerator.java:createKey(724)) - Exception while adding key: key-0-57925 in bucket: bucket-0-96702 of volume: vol-0-60034.
INTERNAL_ERROR org.apache.hadoop.ozone.om.exceptions.OMException: Allocated 0 blocks. Requested 5 blocks
	at org.apache.hadoop.ozone.om.protocolPB.OzoneManagerProtocolClientSideTranslatorPB.handleError(OzoneManagerProtocolClientSideTranslatorPB.java:725)
	at org.apache.hadoop.ozone.om.protocolPB.OzoneManagerProtocolClientSideTranslatorPB.openKey(OzoneManagerProtocolClientSideTranslatorPB.java:716)
	at org.apache.hadoop.ozone.client.rpc.RpcClient.createKey(RpcClient.java:615)
	at org.apache.hadoop.ozone.client.OzoneBucket.createKey(OzoneBucket.java:323)
	at org.apache.hadoop.ozone.freon.RandomKeyGenerator.createKey(RandomKeyGenerator.java:686)
	at org.apache.hadoop.ozone.freon.RandomKeyGenerator.access$1100(RandomKeyGenerator.java:87)
	at org.apache.hadoop.ozone.freon.RandomKeyGenerator$ObjectCreator.run(RandomKeyGenerator.java:606)
	at java.util.concurrent.Executors$RunnableAdapter.call(Executors.java:511)
	at java.util.concurrent.FutureTask.run(FutureTask.java:266)
	at java.util.concurrent.ThreadPoolExecutor.runWorker(ThreadPoolExecutor.java:1149)
	at java.util.concurrent.ThreadPoolExecutor$Worker.run(ThreadPoolExecutor.java:624)
	at java.lang.Thread.run(Thread.java:748)
2019-09-19 09:57:06,007 | INFO  | SCMAudit | user=jenkins1000 | ip=192.168.34.5 | op=SEND_HEARTBEAT {datanodeUUID=ce8f9236-bba2-4942-9bf9-b4bb96b280ac, command=[]} | ret=SUCCESS |  
2019-09-19 09:57:06,007 | INFO  | SCMAudit | user=jenkins1000 | ip=192.168.34.5 | op=SEND_HEARTBEAT {datanodeUUID=c5d53031-865d-4491-9cd3-c718532e281c, command=[]} | ret=SUCCESS |  
2019-09-19 09:57:06,081 | INFO  | SCMAudit | user=jenkins1000 | ip=192.168.34.5 | op=SEND_HEARTBEAT {datanodeUUID=4490b81b-0ef7-4125-ad05-765de4ccf1d4, command=[]} | ret=SUCCESS |  
2019-09-19 09:57:06,347 | INFO  | SCMAudit | user=jenkins1000 | ip=192.168.34.5 | op=SEND_HEARTBEAT {datanodeUUID=39b9d8f1-cc47-4624-b4ed-3b44777a4379, command=[]} | ret=SUCCESS |  
2019-09-19 09:57:06,577 | INFO  | SCMAudit | user=jenkins1000 | ip=192.168.34.5 | op=SEND_HEARTBEAT {datanodeUUID=19cf0631-d0d9-4f40-8587-54276d2ac576, command=[]} | ret=SUCCESS |  
 0.00% |█                                                                                                    |  0/1 Time: 0:00:012019-09-19 09:57:07,008 | INFO  | SCMAudit | user=jenkins1000 | ip=192.168.34.5 | op=SEND_HEARTBEAT {datanodeUUID=ce8f9236-bba2-4942-9bf9-b4bb96b280ac, command=[]} | ret=SUCCESS |  
2019-09-19 09:57:07,008 | INFO  | SCMAudit | user=jenkins1000 | ip=192.168.34.5 | op=SEND_HEARTBEAT {datanodeUUID=c5d53031-865d-4491-9cd3-c718532e281c, command=[]} | ret=SUCCESS |  
2019-09-19 09:57:07,081 | INFO  | SCMAudit | user=jenkins1000 | ip=192.168.34.5 | op=SEND_HEARTBEAT {datanodeUUID=4490b81b-0ef7-4125-ad05-765de4ccf1d4, command=[]} | ret=SUCCESS |  
2019-09-19 09:57:07,347 | INFO  | SCMAudit | user=jenkins1000 | ip=192.168.34.5 | op=SEND_HEARTBEAT {datanodeUUID=39b9d8f1-cc47-4624-b4ed-3b44777a4379, command=[]} | ret=SUCCESS |  
2019-09-19 09:57:07,578 | INFO  | SCMAudit | user=jenkins1000 | ip=192.168.34.5 | op=SEND_HEARTBEAT {datanodeUUID=19cf0631-d0d9-4f40-8587-54276d2ac576, command=[]} | ret=SUCCESS |  
 0.00% |█                                                                                                    |  0/1 Time: 0:00:022019-09-19 09:57:08,007 | INFO  | SCMAudit | user=jenkins1000 | ip=192.168.34.5 | op=SEND_HEARTBEAT {datanodeUUID=ce8f9236-bba2-4942-9bf9-b4bb96b280ac, command=[]} | ret=SUCCESS |  
2019-09-19 09:57:08,008 | INFO  | SCMAudit | user=jenkins1000 | ip=192.168.34.5 | op=SEND_HEARTBEAT {datanodeUUID=c5d53031-865d-4491-9cd3-c718532e281c, command=[]} | ret=SUCCESS |  
2019-09-19 09:57:08,081 | INFO  | SCMAudit | user=jenkins1000 | ip=192.168.34.5 | op=SEND_HEARTBEAT {datanodeUUID=4490b81b-0ef7-4125-ad05-765de4ccf1d4, command=[]} | ret=SUCCESS |  
2019-09-19 09:57:08,347 | INFO  | SCMAudit | user=jenkins1000 | ip=192.168.34.5 | op=SEND_HEARTBEAT {datanodeUUID=39b9d8f1-cc47-4624-b4ed-3b44777a4379, command=[]} | ret=SUCCESS |  
2019-09-19 09:57:08,578 | INFO  | SCMAudit | user=jenkins1000 | ip=192.168.34.5 | op=SEND_HEARTBEAT {datanodeUUID=19cf0631-d0d9-4f40-8587-54276d2ac576, command=[]} | ret=SUCCESS |  
 0.00% |█                                                                                                    |  0/1 Time: 0:00:032019-09-19 09:57:09,007 | INFO  | SCMAudit | user=jenkins1000 | ip=192.168.34.5 | op=SEND_HEARTBEAT {datanodeUUID=ce8f9236-bba2-4942-9bf9-b4bb96b280ac, command=[]} | ret=SUCCESS |  
2019-09-19 09:57:09,007 | INFO  | SCMAudit | user=jenkins1000 | ip=192.168.34.5 | op=SEND_HEARTBEAT {datanodeUUID=c5d53031-865d-4491-9cd3-c718532e281c, command=[]} | ret=SUCCESS |  
2019-09-19 09:57:09,081 | INFO  | SCMAudit | user=jenkins1000 | ip=192.168.34.5 | op=SEND_HEARTBEAT {datanodeUUID=4490b81b-0ef7-4125-ad05-765de4ccf1d4, command=[]} | ret=SUCCESS |  
2019-09-19 09:57:09,347 | INFO  | SCMAudit | user=jenkins1000 | ip=192.168.34.5 | op=SEND_HEARTBEAT {datanodeUUID=39b9d8f1-cc47-4624-b4ed-3b44777a4379, command=[]} | ret=SUCCESS |  
2019-09-19 09:57:09,579 | INFO  | SCMAudit | user=jenkins1000 | ip=192.168.34.5 | op=SEND_HEARTBEAT {datanodeUUID=19cf0631-d0d9-4f40-8587-54276d2ac576, command=[]} | ret=SUCCESS |  
 0.00% |█                                                                                                    |  0/1 Time: 0:00:042019-09-19 09:57:10,009 | INFO  | SCMAudit | user=jenkins1000 | ip=192.168.34.5 | op=SEND_HEARTBEAT {datanodeUUID=c5d53031-865d-4491-9cd3-c718532e281c, command=[]} | ret=SUCCESS |  
2019-09-19 09:57:10,009 | INFO  | SCMAudit | user=jenkins1000 | ip=192.168.34.5 | op=SEND_HEARTBEAT {datanodeUUID=ce8f9236-bba2-4942-9bf9-b4bb96b280ac, command=[]} | ret=SUCCESS |  
2019-09-19 09:57:10,081 | INFO  | SCMAudit | user=jenkins1000 | ip=192.168.34.5 | op=SEND_HEARTBEAT {datanodeUUID=4490b81b-0ef7-4125-ad05-765de4ccf1d4, command=[]} | ret=SUCCESS |  
2019-09-19 09:57:10,347 | INFO  | SCMAudit | user=jenkins1000 | ip=192.168.34.5 | op=SEND_HEARTBEAT {datanodeUUID=39b9d8f1-cc47-4624-b4ed-3b44777a4379, command=[]} | ret=SUCCESS |  
2019-09-19 09:57:10,578 | INFO  | SCMAudit | user=jenkins1000 | ip=192.168.34.5 | op=SEND_HEARTBEAT {datanodeUUID=19cf0631-d0d9-4f40-8587-54276d2ac576, command=[]} | ret=SUCCESS |  
 100.00% |█████████████████████████████████████████████████████████████████████████████████████████████████████|  1/1 Time: 0:00:05
2019-09-19 09:57:11,009 | INFO  | SCMAudit | user=jenkins1000 | ip=192.168.34.5 | op=SEND_HEARTBEAT {datanodeUUID=c5d53031-865d-4491-9cd3-c718532e281c, command=[]} | ret=SUCCESS |  
2019-09-19 09:57:11,009 | INFO  | SCMAudit | user=jenkins1000 | ip=192.168.34.5 | op=SEND_HEARTBEAT {datanodeUUID=ce8f9236-bba2-4942-9bf9-b4bb96b280ac, command=[]} | ret=SUCCESS |  
2019-09-19 09:57:11,081 | INFO  | SCMAudit | user=jenkins1000 | ip=192.168.34.5 | op=SEND_HEARTBEAT {datanodeUUID=4490b81b-0ef7-4125-ad05-765de4ccf1d4, command=[]} | ret=SUCCESS |  
2019-09-19 09:57:11,347 | INFO  | SCMAudit | user=jenkins1000 | ip=192.168.34.5 | op=SEND_HEARTBEAT {datanodeUUID=39b9d8f1-cc47-4624-b4ed-3b44777a4379, command=[]} | ret=SUCCESS |  
2019-09-19 09:57:11,578 | INFO  | SCMAudit | user=jenkins1000 | ip=192.168.34.5 | op=SEND_HEARTBEAT {datanodeUUID=19cf0631-d0d9-4f40-8587-54276d2ac576, command=[]} | ret=SUCCESS |  
2019-09-19 09:57:12,010 | INFO  | SCMAudit | user=jenkins1000 | ip=192.168.34.5 | op=SEND_HEARTBEAT {datanodeUUID=ce8f9236-bba2-4942-9bf9-b4bb96b280ac, command=[]} | ret=SUCCESS |  
2019-09-19 09:57:12,010 | INFO  | SCMAudit | user=jenkins1000 | ip=192.168.34.5 | op=SEND_HEARTBEAT {datanodeUUID=c5d53031-865d-4491-9cd3-c718532e281c, command=[]} | ret=SUCCESS |  
2019-09-19 09:57:12,081 | INFO  | SCMAudit | user=jenkins1000 | ip=192.168.34.5 | op=SEND_HEARTBEAT {datanodeUUID=4490b81b-0ef7-4125-ad05-765de4ccf1d4, command=[]} | ret=SUCCESS |  
2019-09-19 09:57:12,347 | INFO  | SCMAudit | user=jenkins1000 | ip=192.168.34.5 | op=SEND_HEARTBEAT {datanodeUUID=39b9d8f1-cc47-4624-b4ed-3b44777a4379, command=[]} | ret=SUCCESS |  
2019-09-19 09:57:12,579 | INFO  | SCMAudit | user=jenkins1000 | ip=192.168.34.5 | op=SEND_HEARTBEAT {datanodeUUID=19cf0631-d0d9-4f40-8587-54276d2ac576, command=[]} | ret=SUCCESS |  
2019-09-19 09:57:13,009 | INFO  | SCMAudit | user=jenkins1000 | ip=192.168.34.5 | op=SEND_HEARTBEAT {datanodeUUID=ce8f9236-bba2-4942-9bf9-b4bb96b280ac, command=[]} | ret=SUCCESS |  
2019-09-19 09:57:13,009 | INFO  | SCMAudit | user=jenkins1000 | ip=192.168.34.5 | op=SEND_HEARTBEAT {datanodeUUID=c5d53031-865d-4491-9cd3-c718532e281c, command=[]} | ret=SUCCESS |  
2019-09-19 09:57:13,082 | INFO  | SCMAudit | user=jenkins1000 | ip=192.168.34.5 | op=SEND_HEARTBEAT {datanodeUUID=4490b81b-0ef7-4125-ad05-765de4ccf1d4, command=[]} | ret=SUCCESS |  
2019-09-19 09:57:13,348 | INFO  | SCMAudit | user=jenkins1000 | ip=192.168.34.5 | op=SEND_HEARTBEAT {datanodeUUID=39b9d8f1-cc47-4624-b4ed-3b44777a4379, command=[]} | ret=SUCCESS |  
2019-09-19 09:57:13,578 | INFO  | SCMAudit | user=jenkins1000 | ip=192.168.34.5 | op=SEND_HEARTBEAT {datanodeUUID=19cf0631-d0d9-4f40-8587-54276d2ac576, command=[]} | ret=SUCCESS |  
2019-09-19 09:57:14,009 | INFO  | SCMAudit | user=jenkins1000 | ip=192.168.34.5 | op=SEND_HEARTBEAT {datanodeUUID=c5d53031-865d-4491-9cd3-c718532e281c, command=[]} | ret=SUCCESS |  
2019-09-19 09:57:14,009 | INFO  | SCMAudit | user=jenkins1000 | ip=192.168.34.5 | op=SEND_HEARTBEAT {datanodeUUID=ce8f9236-bba2-4942-9bf9-b4bb96b280ac, command=[]} | ret=SUCCESS |  
2019-09-19 09:57:14,081 | INFO  | SCMAudit | user=jenkins1000 | ip=192.168.34.5 | op=SEND_HEARTBEAT {datanodeUUID=4490b81b-0ef7-4125-ad05-765de4ccf1d4, command=[]} | ret=SUCCESS |  
2019-09-19 09:57:14,347 | INFO  | SCMAudit | user=jenkins1000 | ip=192.168.34.5 | op=SEND_HEARTBEAT {datanodeUUID=39b9d8f1-cc47-4624-b4ed-3b44777a4379, command=[]} | ret=SUCCESS |  
2019-09-19 09:57:14,578 | INFO  | SCMAudit | user=jenkins1000 | ip=192.168.34.5 | op=SEND_HEARTBEAT {datanodeUUID=19cf0631-d0d9-4f40-8587-54276d2ac576, command=[]} | ret=SUCCESS |  
2019-09-19 09:57:15,009 | INFO  | SCMAudit | user=jenkins1000 | ip=192.168.34.5 | op=SEND_HEARTBEAT {datanodeUUID=ce8f9236-bba2-4942-9bf9-b4bb96b280ac, command=[]} | ret=SUCCESS |  
2019-09-19 09:57:15,009 | INFO  | SCMAudit | user=jenkins1000 | ip=192.168.34.5 | op=SEND_HEARTBEAT {datanodeUUID=c5d53031-865d-4491-9cd3-c718532e281c, command=[]} | ret=SUCCESS |  
2019-09-19 09:57:15,082 | INFO  | SCMAudit | user=jenkins1000 | ip=192.168.34.5 | op=SEND_HEARTBEAT {datanodeUUID=4490b81b-0ef7-4125-ad05-765de4ccf1d4, command=[]} | ret=SUCCESS |  
2019-09-19 09:57:15,348 | INFO  | SCMAudit | user=jenkins1000 | ip=192.168.34.5 | op=SEND_HEARTBEAT {datanodeUUID=39b9d8f1-cc47-4624-b4ed-3b44777a4379, command=[]} | ret=SUCCESS |  
2019-09-19 09:57:15,578 | INFO  | SCMAudit | user=jenkins1000 | ip=192.168.34.5 | op=SEND_HEARTBEAT {datanodeUUID=19cf0631-d0d9-4f40-8587-54276d2ac576, command=[]} | ret=SUCCESS |  
]]></system-out>
  </testcase>
  <testcase name="validateWriteTest" classname="org.apache.hadoop.ozone.freon.TestDataValidateWithSafeByteOperations" time="10.026">
    <error message="Allocated 0 blocks. Requested 1 blocks" type="INTERNAL_ERROR org.apache.hadoop.ozone.om.exceptions.OMException">INTERNAL_ERROR org.apache.hadoop.ozone.om.exceptions.OMException: Allocated 0 blocks. Requested 1 blocks
	at org.apache.hadoop.ozone.om.protocolPB.OzoneManagerProtocolClientSideTranslatorPB.handleError(OzoneManagerProtocolClientSideTranslatorPB.java:725)
	at org.apache.hadoop.ozone.om.protocolPB.OzoneManagerProtocolClientSideTranslatorPB.openKey(OzoneManagerProtocolClientSideTranslatorPB.java:716)
	at org.apache.hadoop.ozone.client.rpc.RpcClient.createKey(RpcClient.java:615)
	at org.apache.hadoop.ozone.client.OzoneBucket.createKey(OzoneBucket.java:323)
	at org.apache.hadoop.ozone.freon.RandomKeyGenerator.createKey(RandomKeyGenerator.java:686)
	at org.apache.hadoop.ozone.freon.RandomKeyGenerator.access$1100(RandomKeyGenerator.java:87)
	at org.apache.hadoop.ozone.freon.RandomKeyGenerator$ObjectCreator.run(RandomKeyGenerator.java:606)
	at java.util.concurrent.Executors$RunnableAdapter.call(Executors.java:511)
	at java.util.concurrent.FutureTask.run(FutureTask.java:266)
	at java.util.concurrent.ThreadPoolExecutor.runWorker(ThreadPoolExecutor.java:1149)
	at java.util.concurrent.ThreadPoolExecutor$Worker.run(ThreadPoolExecutor.java:624)
	at java.lang.Thread.run(Thread.java:748)
</error>
    <system-out><![CDATA[2019-09-19 09:57:15,679 [main] INFO  freon.RandomKeyGenerator (RandomKeyGenerator.java:call(275)) - Number of Threads: 10
2019-09-19 09:57:15,679 [main] INFO  freon.RandomKeyGenerator (RandomKeyGenerator.java:call(280)) - Number of Volumes: 2.
2019-09-19 09:57:15,680 [main] INFO  freon.RandomKeyGenerator (RandomKeyGenerator.java:call(281)) - Number of Buckets per Volume: 5.
2019-09-19 09:57:15,680 [main] INFO  freon.RandomKeyGenerator (RandomKeyGenerator.java:call(282)) - Number of Keys per Bucket: 10.
2019-09-19 09:57:15,680 [main] INFO  freon.RandomKeyGenerator (RandomKeyGenerator.java:call(283)) - Key size: 10240 bytes
2019-09-19 09:57:15,680 [main] INFO  freon.RandomKeyGenerator (RandomKeyGenerator.java:call(284)) - Buffer size: 4096 bytes
2019-09-19 09:57:15,681 [pool-80-thread-1] INFO  rpc.RpcClient (RpcClient.java:createVolume(293)) - Creating Volume: vol-0-09629, with jenkins1000 as owner.
2019-09-19 09:57:15,682 [pool-80-thread-2] INFO  rpc.RpcClient (RpcClient.java:createVolume(293)) - Creating Volume: vol-1-41365, with jenkins1000 as owner.
2019-09-19 09:57:15,684 [main] INFO  freon.RandomKeyGenerator (RandomKeyGenerator.java:call(298)) - Data validation is enabled.
2019-09-19 09:57:15,685 [main] INFO  freon.RandomKeyGenerator (RandomKeyGenerator.java:call(304)) - Starting progress bar Thread.

 0.00% |█                                                                                                    |  0/100 Time: 0:00:002019-09-19 09:57:15,688 | INFO  | OMAudit | user=jenkins1000 | ip=127.0.0.1 | op=CREATE_VOLUME {admin=jenkins1000, owner=jenkins1000, volume=vol-1-41365, creationTime=1568887035687, quotaInBytes=1152921504606846976} | ret=SUCCESS |  
2019-09-19 09:57:15,690 | INFO  | OMAudit | user=jenkins1000 | ip=127.0.0.1 | op=CREATE_VOLUME {admin=jenkins1000, owner=jenkins1000, volume=vol-0-09629, creationTime=1568887035688, quotaInBytes=1152921504606846976} | ret=SUCCESS |  
2019-09-19 09:57:15,693 | INFO  | OMAudit | user=jenkins1000 | ip=127.0.0.1 | op=READ_VOLUME {volume=vol-0-09629} | ret=SUCCESS |  
2019-09-19 09:57:15,693 | INFO  | OMAudit | user=jenkins1000 | ip=127.0.0.1 | op=READ_VOLUME {volume=vol-1-41365} | ret=SUCCESS |  
2019-09-19 09:57:15,698 [pool-80-thread-1] INFO  rpc.RpcClient (RpcClient.java:createBucket(432)) - Creating Bucket: vol-1-41365/bucket-4-51610, with Versioning false and Storage Type set to DISK and Encryption set to false 
2019-09-19 09:57:15,698 [pool-80-thread-2] INFO  rpc.RpcClient (RpcClient.java:createBucket(432)) - Creating Bucket: vol-0-09629/bucket-4-18245, with Versioning false and Storage Type set to DISK and Encryption set to false 
2019-09-19 09:57:15,700 | INFO  | OMAudit | user=jenkins1000 | ip=127.0.0.1 | op=CREATE_BUCKET {volume=vol-0-09629, bucket=bucket-4-18245, acls=[user:jenkins1000:a[ACCESS], group:default:a[ACCESS]], isVersionEnabled=false, storageType=DISK, creationTime=0} | ret=SUCCESS |  
2019-09-19 09:57:15,700 | INFO  | OMAudit | user=jenkins1000 | ip=127.0.0.1 | op=CREATE_BUCKET {volume=vol-1-41365, bucket=bucket-4-51610, acls=[user:jenkins1000:a[ACCESS], group:default:a[ACCESS]], isVersionEnabled=false, storageType=DISK, creationTime=0} | ret=SUCCESS |  
2019-09-19 09:57:15,702 [pool-80-thread-3] INFO  rpc.RpcClient (RpcClient.java:createBucket(432)) - Creating Bucket: vol-0-09629/bucket-0-60771, with Versioning false and Storage Type set to DISK and Encryption set to false 
2019-09-19 09:57:15,702 [pool-80-thread-4] INFO  rpc.RpcClient (RpcClient.java:createBucket(432)) - Creating Bucket: vol-1-41365/bucket-0-40295, with Versioning false and Storage Type set to DISK and Encryption set to false 
2019-09-19 09:57:15,702 | INFO  | OMAudit | user=jenkins1000 | ip=127.0.0.1 | op=READ_BUCKET {volume=vol-1-41365, bucket=bucket-4-51610} | ret=SUCCESS |  
2019-09-19 09:57:15,702 [pool-80-thread-5] INFO  rpc.RpcClient (RpcClient.java:createBucket(432)) - Creating Bucket: vol-0-09629/bucket-1-34347, with Versioning false and Storage Type set to DISK and Encryption set to false 
2019-09-19 09:57:15,703 | INFO  | OMAudit | user=jenkins1000 | ip=127.0.0.1 | op=READ_BUCKET {volume=vol-0-09629, bucket=bucket-4-18245} | ret=SUCCESS |  
2019-09-19 09:57:15,703 [pool-80-thread-7] INFO  rpc.RpcClient (RpcClient.java:createBucket(432)) - Creating Bucket: vol-0-09629/bucket-2-56761, with Versioning false and Storage Type set to DISK and Encryption set to false 
2019-09-19 09:57:15,702 [pool-80-thread-6] INFO  rpc.RpcClient (RpcClient.java:createBucket(432)) - Creating Bucket: vol-1-41365/bucket-1-45992, with Versioning false and Storage Type set to DISK and Encryption set to false 
2019-09-19 09:57:15,706 [pool-80-thread-10] INFO  rpc.RpcClient (RpcClient.java:createBucket(432)) - Creating Bucket: vol-1-41365/bucket-3-46109, with Versioning false and Storage Type set to DISK and Encryption set to false 
2019-09-19 09:57:15,707 | INFO  | OMAudit | user=jenkins1000 | ip=127.0.0.1 | op=CREATE_BUCKET {volume=vol-0-09629, bucket=bucket-0-60771, acls=[user:jenkins1000:a[ACCESS], group:default:a[ACCESS]], isVersionEnabled=false, storageType=DISK, creationTime=0} | ret=SUCCESS |  
2019-09-19 09:57:15,707 | INFO  | OMAudit | user=jenkins1000 | ip=127.0.0.1 | op=CREATE_BUCKET {volume=vol-1-41365, bucket=bucket-0-40295, acls=[user:jenkins1000:a[ACCESS], group:default:a[ACCESS]], isVersionEnabled=false, storageType=DISK, creationTime=0} | ret=SUCCESS |  
2019-09-19 09:57:15,707 | INFO  | OMAudit | user=jenkins1000 | ip=127.0.0.1 | op=CREATE_BUCKET {volume=vol-0-09629, bucket=bucket-1-34347, acls=[user:jenkins1000:a[ACCESS], group:default:a[ACCESS]], isVersionEnabled=false, storageType=DISK, creationTime=0} | ret=SUCCESS |  
2019-09-19 09:57:15,707 | INFO  | OMAudit | user=jenkins1000 | ip=127.0.0.1 | op=CREATE_BUCKET {volume=vol-1-41365, bucket=bucket-1-45992, acls=[user:jenkins1000:a[ACCESS], group:default:a[ACCESS]], isVersionEnabled=false, storageType=DISK, creationTime=0} | ret=SUCCESS |  
2019-09-19 09:57:15,707 | INFO  | OMAudit | user=jenkins1000 | ip=127.0.0.1 | op=CREATE_BUCKET {volume=vol-0-09629, bucket=bucket-2-56761, acls=[user:jenkins1000:a[ACCESS], group:default:a[ACCESS]], isVersionEnabled=false, storageType=DISK, creationTime=0} | ret=SUCCESS |  
2019-09-19 09:57:15,708 [pool-80-thread-9] INFO  rpc.RpcClient (RpcClient.java:createBucket(432)) - Creating Bucket: vol-0-09629/bucket-3-77836, with Versioning false and Storage Type set to DISK and Encryption set to false 
2019-09-19 09:57:15,708 [pool-80-thread-8] INFO  rpc.RpcClient (RpcClient.java:createBucket(432)) - Creating Bucket: vol-1-41365/bucket-2-40692, with Versioning false and Storage Type set to DISK and Encryption set to false 
2019-09-19 09:57:15,709 | INFO  | OMAudit | user=jenkins1000 | ip=127.0.0.1 | op=CREATE_BUCKET {volume=vol-1-41365, bucket=bucket-3-46109, acls=[user:jenkins1000:a[ACCESS], group:default:a[ACCESS]], isVersionEnabled=false, storageType=DISK, creationTime=0} | ret=SUCCESS |  
2019-09-19 09:57:15,709 | INFO  | OMAudit | user=jenkins1000 | ip=127.0.0.1 | op=READ_BUCKET {volume=vol-0-09629, bucket=bucket-0-60771} | ret=SUCCESS |  
2019-09-19 09:57:15,709 | INFO  | OMAudit | user=jenkins1000 | ip=127.0.0.1 | op=READ_BUCKET {volume=vol-0-09629, bucket=bucket-1-34347} | ret=SUCCESS |  
2019-09-19 09:57:15,709 | INFO  | OMAudit | user=jenkins1000 | ip=127.0.0.1 | op=READ_BUCKET {volume=vol-1-41365, bucket=bucket-0-40295} | ret=SUCCESS |  
2019-09-19 09:57:15,709 | INFO  | OMAudit | user=jenkins1000 | ip=127.0.0.1 | op=READ_BUCKET {volume=vol-0-09629, bucket=bucket-2-56761} | ret=SUCCESS |  
2019-09-19 09:57:15,709 | INFO  | OMAudit | user=jenkins1000 | ip=127.0.0.1 | op=READ_BUCKET {volume=vol-1-41365, bucket=bucket-1-45992} | ret=SUCCESS |  
2019-09-19 09:57:15,709 | INFO  | OMAudit | user=jenkins1000 | ip=127.0.0.1 | op=CREATE_BUCKET {volume=vol-0-09629, bucket=bucket-3-77836, acls=[user:jenkins1000:a[ACCESS], group:default:a[ACCESS]], isVersionEnabled=false, storageType=DISK, creationTime=0} | ret=SUCCESS |  
2019-09-19 09:57:15,710 | INFO  | OMAudit | user=jenkins1000 | ip=127.0.0.1 | op=CREATE_BUCKET {volume=vol-1-41365, bucket=bucket-2-40692, acls=[user:jenkins1000:a[ACCESS], group:default:a[ACCESS]], isVersionEnabled=false, storageType=DISK, creationTime=0} | ret=SUCCESS |  
2019-09-19 09:57:15,711 | INFO  | OMAudit | user=jenkins1000 | ip=127.0.0.1 | op=READ_BUCKET {volume=vol-1-41365, bucket=bucket-3-46109} | ret=SUCCESS |  
2019-09-19 09:57:15,711 | INFO  | OMAudit | user=jenkins1000 | ip=127.0.0.1 | op=READ_BUCKET {volume=vol-0-09629, bucket=bucket-3-77836} | ret=SUCCESS |  
2019-09-19 09:57:15,712 | INFO  | OMAudit | user=jenkins1000 | ip=127.0.0.1 | op=READ_BUCKET {volume=vol-1-41365, bucket=bucket-2-40692} | ret=SUCCESS |  
2019-09-19 09:57:15,721 [IPC Server handler 0 on 37935] ERROR pipeline.PipelinePlacementPolicy (PipelinePlacementPolicy.java:meetCriteria(91)) - Pipeline Placement: Doesn't meet the criteria to be viable node. Heaviness: 6
2019-09-19 09:57:15,721 [IPC Server handler 0 on 37935] ERROR pipeline.PipelinePlacementPolicy (PipelinePlacementPolicy.java:meetCriteria(91)) - Pipeline Placement: Doesn't meet the criteria to be viable node. Heaviness: 6
2019-09-19 09:57:15,722 [IPC Server handler 0 on 37935] ERROR pipeline.PipelinePlacementPolicy (PipelinePlacementPolicy.java:meetCriteria(91)) - Pipeline Placement: Doesn't meet the criteria to be viable node. Heaviness: 6
2019-09-19 09:57:15,722 [IPC Server handler 0 on 37935] ERROR pipeline.PipelinePlacementPolicy (PipelinePlacementPolicy.java:meetCriteria(91)) - Pipeline Placement: Doesn't meet the criteria to be viable node. Heaviness: 6
2019-09-19 09:57:15,722 [IPC Server handler 0 on 37935] ERROR pipeline.PipelinePlacementPolicy (PipelinePlacementPolicy.java:meetCriteria(91)) - Pipeline Placement: Doesn't meet the criteria to be viable node. Heaviness: 6
2019-09-19 09:57:15,722 [IPC Server handler 0 on 37935] ERROR pipeline.PipelinePlacementPolicy (PipelinePlacementPolicy.java:filterViableNodes(146)) - Unable to find enough nodes that meet the criteria that cannot engage in more than 5 pipelines. Nodes required: 3 Found: 0, healthy nodes count inNodeManager: 5.
2019-09-19 09:57:15,723 [IPC Server handler 0 on 37935] ERROR pipeline.SCMPipelineManager (SCMPipelineManager.java:createPipeline(161)) - Pipeline creation failed due to exception: Unable to find enough nodes that meet the criteria that cannot engage in more than 5 pipelines. Nodes required: 3 Found: 0, healthy nodes count inNodeManager: 5.
2019-09-19 09:57:15,723 [IPC Server handler 0 on 37935] WARN  block.BlockManagerImpl (BlockManagerImpl.java:allocateBlock(192)) - Pipeline creation failed for type:RATIS factor:THREE. Retrying get pipelines call once.
org.apache.hadoop.hdds.scm.exceptions.SCMException: Unable to find enough nodes that meet the criteria that cannot engage in more than 5 pipelines. Nodes required: 3 Found: 0, healthy nodes count inNodeManager: 5.
	at org.apache.hadoop.hdds.scm.pipeline.PipelinePlacementPolicy.filterViableNodes(PipelinePlacementPolicy.java:147)
	at org.apache.hadoop.hdds.scm.pipeline.PipelinePlacementPolicy.chooseDatanodes(PipelinePlacementPolicy.java:170)
	at org.apache.hadoop.hdds.scm.pipeline.RatisPipelineProvider.create(RatisPipelineProvider.java:92)
	at org.apache.hadoop.hdds.scm.pipeline.PipelineFactory.create(PipelineFactory.java:57)
	at org.apache.hadoop.hdds.scm.pipeline.SCMPipelineManager.createPipeline(SCMPipelineManager.java:149)
	at org.apache.hadoop.hdds.scm.block.BlockManagerImpl.allocateBlock(BlockManagerImpl.java:190)
	at org.apache.hadoop.hdds.scm.server.SCMBlockProtocolServer.allocateBlock(SCMBlockProtocolServer.java:175)
	at org.apache.hadoop.ozone.protocolPB.ScmBlockLocationProtocolServerSideTranslatorPB.allocateScmBlock(ScmBlockLocationProtocolServerSideTranslatorPB.java:153)
	at org.apache.hadoop.ozone.protocolPB.ScmBlockLocationProtocolServerSideTranslatorPB.send(ScmBlockLocationProtocolServerSideTranslatorPB.java:112)
	at org.apache.hadoop.hdds.protocol.proto.ScmBlockLocationProtocolProtos$ScmBlockLocationProtocolService$2.callBlockingMethod(ScmBlockLocationProtocolProtos.java:13157)
	at org.apache.hadoop.ipc.ProtobufRpcEngine$Server$ProtoBufRpcInvoker.call(ProtobufRpcEngine.java:524)
	at org.apache.hadoop.ipc.RPC$Server.call(RPC.java:1025)
	at org.apache.hadoop.ipc.Server$RpcCall.run(Server.java:876)
	at org.apache.hadoop.ipc.Server$RpcCall.run(Server.java:822)
	at java.security.AccessController.doPrivileged(Native Method)
	at javax.security.auth.Subject.doAs(Subject.java:422)
	at org.apache.hadoop.security.UserGroupInformation.doAs(UserGroupInformation.java:1730)
	at org.apache.hadoop.ipc.Server$Handler.run(Server.java:2682)
2019-09-19 09:57:15,723 [IPC Server handler 10 on 37935] ERROR pipeline.PipelinePlacementPolicy (PipelinePlacementPolicy.java:meetCriteria(91)) - Pipeline Placement: Doesn't meet the criteria to be viable node. Heaviness: 6
2019-09-19 09:57:15,726 [IPC Server handler 10 on 37935] ERROR pipeline.PipelinePlacementPolicy (PipelinePlacementPolicy.java:meetCriteria(91)) - Pipeline Placement: Doesn't meet the criteria to be viable node. Heaviness: 6
2019-09-19 09:57:15,726 [IPC Server handler 10 on 37935] ERROR pipeline.PipelinePlacementPolicy (PipelinePlacementPolicy.java:meetCriteria(91)) - Pipeline Placement: Doesn't meet the criteria to be viable node. Heaviness: 6
2019-09-19 09:57:15,726 [IPC Server handler 10 on 37935] ERROR pipeline.PipelinePlacementPolicy (PipelinePlacementPolicy.java:meetCriteria(91)) - Pipeline Placement: Doesn't meet the criteria to be viable node. Heaviness: 6
2019-09-19 09:57:15,727 [IPC Server handler 10 on 37935] ERROR pipeline.PipelinePlacementPolicy (PipelinePlacementPolicy.java:meetCriteria(91)) - Pipeline Placement: Doesn't meet the criteria to be viable node. Heaviness: 6
2019-09-19 09:57:15,727 [IPC Server handler 10 on 37935] ERROR pipeline.PipelinePlacementPolicy (PipelinePlacementPolicy.java:filterViableNodes(146)) - Unable to find enough nodes that meet the criteria that cannot engage in more than 5 pipelines. Nodes required: 3 Found: 0, healthy nodes count inNodeManager: 5.
2019-09-19 09:57:15,727 [IPC Server handler 10 on 37935] ERROR pipeline.SCMPipelineManager (SCMPipelineManager.java:createPipeline(161)) - Pipeline creation failed due to exception: Unable to find enough nodes that meet the criteria that cannot engage in more than 5 pipelines. Nodes required: 3 Found: 0, healthy nodes count inNodeManager: 5.
2019-09-19 09:57:15,727 [IPC Server handler 10 on 37935] WARN  block.BlockManagerImpl (BlockManagerImpl.java:allocateBlock(192)) - Pipeline creation failed for type:RATIS factor:THREE. Retrying get pipelines call once.
org.apache.hadoop.hdds.scm.exceptions.SCMException: Unable to find enough nodes that meet the criteria that cannot engage in more than 5 pipelines. Nodes required: 3 Found: 0, healthy nodes count inNodeManager: 5.
	at org.apache.hadoop.hdds.scm.pipeline.PipelinePlacementPolicy.filterViableNodes(PipelinePlacementPolicy.java:147)
	at org.apache.hadoop.hdds.scm.pipeline.PipelinePlacementPolicy.chooseDatanodes(PipelinePlacementPolicy.java:170)
	at org.apache.hadoop.hdds.scm.pipeline.RatisPipelineProvider.create(RatisPipelineProvider.java:92)
	at org.apache.hadoop.hdds.scm.pipeline.PipelineFactory.create(PipelineFactory.java:57)
	at org.apache.hadoop.hdds.scm.pipeline.SCMPipelineManager.createPipeline(SCMPipelineManager.java:149)
	at org.apache.hadoop.hdds.scm.block.BlockManagerImpl.allocateBlock(BlockManagerImpl.java:190)
	at org.apache.hadoop.hdds.scm.server.SCMBlockProtocolServer.allocateBlock(SCMBlockProtocolServer.java:175)
	at org.apache.hadoop.ozone.protocolPB.ScmBlockLocationProtocolServerSideTranslatorPB.allocateScmBlock(ScmBlockLocationProtocolServerSideTranslatorPB.java:153)
	at org.apache.hadoop.ozone.protocolPB.ScmBlockLocationProtocolServerSideTranslatorPB.send(ScmBlockLocationProtocolServerSideTranslatorPB.java:112)
	at org.apache.hadoop.hdds.protocol.proto.ScmBlockLocationProtocolProtos$ScmBlockLocationProtocolService$2.callBlockingMethod(ScmBlockLocationProtocolProtos.java:13157)
	at org.apache.hadoop.ipc.ProtobufRpcEngine$Server$ProtoBufRpcInvoker.call(ProtobufRpcEngine.java:524)
	at org.apache.hadoop.ipc.RPC$Server.call(RPC.java:1025)
	at org.apache.hadoop.ipc.Server$RpcCall.run(Server.java:876)
	at org.apache.hadoop.ipc.Server$RpcCall.run(Server.java:822)
	at java.security.AccessController.doPrivileged(Native Method)
	at javax.security.auth.Subject.doAs(Subject.java:422)
	at org.apache.hadoop.security.UserGroupInformation.doAs(UserGroupInformation.java:1730)
	at org.apache.hadoop.ipc.Server$Handler.run(Server.java:2682)
2019-09-19 09:57:15,728 [IPC Server handler 1 on 37935] ERROR pipeline.PipelinePlacementPolicy (PipelinePlacementPolicy.java:meetCriteria(91)) - Pipeline Placement: Doesn't meet the criteria to be viable node. Heaviness: 6
2019-09-19 09:57:15,728 [IPC Server handler 1 on 37935] ERROR pipeline.PipelinePlacementPolicy (PipelinePlacementPolicy.java:meetCriteria(91)) - Pipeline Placement: Doesn't meet the criteria to be viable node. Heaviness: 6
2019-09-19 09:57:15,728 [IPC Server handler 1 on 37935] ERROR pipeline.PipelinePlacementPolicy (PipelinePlacementPolicy.java:meetCriteria(91)) - Pipeline Placement: Doesn't meet the criteria to be viable node. Heaviness: 6
2019-09-19 09:57:15,728 [IPC Server handler 1 on 37935] ERROR pipeline.PipelinePlacementPolicy (PipelinePlacementPolicy.java:meetCriteria(91)) - Pipeline Placement: Doesn't meet the criteria to be viable node. Heaviness: 6
2019-09-19 09:57:15,729 [IPC Server handler 1 on 37935] ERROR pipeline.PipelinePlacementPolicy (PipelinePlacementPolicy.java:meetCriteria(91)) - Pipeline Placement: Doesn't meet the criteria to be viable node. Heaviness: 6
2019-09-19 09:57:15,727 [IPC Server handler 0 on 37935] INFO  block.BlockManagerImpl (BlockManagerImpl.java:allocateBlock(198)) - Could not find available pipeline of type:RATIS and factor:THREE even after retrying
2019-09-19 09:57:15,729 [IPC Server handler 1 on 37935] ERROR pipeline.PipelinePlacementPolicy (PipelinePlacementPolicy.java:filterViableNodes(146)) - Unable to find enough nodes that meet the criteria that cannot engage in more than 5 pipelines. Nodes required: 3 Found: 0, healthy nodes count inNodeManager: 5.
2019-09-19 09:57:15,729 [IPC Server handler 0 on 37935] ERROR block.BlockManagerImpl (BlockManagerImpl.java:allocateBlock(222)) - Unable to allocate a block for the size: 4194304, type: RATIS, factor: THREE
2019-09-19 09:57:15,729 [IPC Server handler 1 on 37935] ERROR pipeline.SCMPipelineManager (SCMPipelineManager.java:createPipeline(161)) - Pipeline creation failed due to exception: Unable to find enough nodes that meet the criteria that cannot engage in more than 5 pipelines. Nodes required: 3 Found: 0, healthy nodes count inNodeManager: 5.
2019-09-19 09:57:15,729 | INFO  | SCMAudit | user=jenkins1000 | ip=192.168.34.5 | op=ALLOCATE_BLOCK {owner=94045a59-d067-459b-826a-45df52f311e2, size=4194304, type=RATIS, factor=THREE} | ret=SUCCESS |  
2019-09-19 09:57:15,729 [IPC Server handler 1 on 37935] WARN  block.BlockManagerImpl (BlockManagerImpl.java:allocateBlock(192)) - Pipeline creation failed for type:RATIS factor:THREE. Retrying get pipelines call once.
org.apache.hadoop.hdds.scm.exceptions.SCMException: Unable to find enough nodes that meet the criteria that cannot engage in more than 5 pipelines. Nodes required: 3 Found: 0, healthy nodes count inNodeManager: 5.
	at org.apache.hadoop.hdds.scm.pipeline.PipelinePlacementPolicy.filterViableNodes(PipelinePlacementPolicy.java:147)
	at org.apache.hadoop.hdds.scm.pipeline.PipelinePlacementPolicy.chooseDatanodes(PipelinePlacementPolicy.java:170)
	at org.apache.hadoop.hdds.scm.pipeline.RatisPipelineProvider.create(RatisPipelineProvider.java:92)
	at org.apache.hadoop.hdds.scm.pipeline.PipelineFactory.create(PipelineFactory.java:57)
	at org.apache.hadoop.hdds.scm.pipeline.SCMPipelineManager.createPipeline(SCMPipelineManager.java:149)
	at org.apache.hadoop.hdds.scm.block.BlockManagerImpl.allocateBlock(BlockManagerImpl.java:190)
	at org.apache.hadoop.hdds.scm.server.SCMBlockProtocolServer.allocateBlock(SCMBlockProtocolServer.java:175)
	at org.apache.hadoop.ozone.protocolPB.ScmBlockLocationProtocolServerSideTranslatorPB.allocateScmBlock(ScmBlockLocationProtocolServerSideTranslatorPB.java:153)
	at org.apache.hadoop.ozone.protocolPB.ScmBlockLocationProtocolServerSideTranslatorPB.send(ScmBlockLocationProtocolServerSideTranslatorPB.java:112)
	at org.apache.hadoop.hdds.protocol.proto.ScmBlockLocationProtocolProtos$ScmBlockLocationProtocolService$2.callBlockingMethod(ScmBlockLocationProtocolProtos.java:13157)
	at org.apache.hadoop.ipc.ProtobufRpcEngine$Server$ProtoBufRpcInvoker.call(ProtobufRpcEngine.java:524)
	at org.apache.hadoop.ipc.RPC$Server.call(RPC.java:1025)
	at org.apache.hadoop.ipc.Server$RpcCall.run(Server.java:876)
	at org.apache.hadoop.ipc.Server$RpcCall.run(Server.java:822)
	at java.security.AccessController.doPrivileged(Native Method)
	at javax.security.auth.Subject.doAs(Subject.java:422)
	at org.apache.hadoop.security.UserGroupInformation.doAs(UserGroupInformation.java:1730)
	at org.apache.hadoop.ipc.Server$Handler.run(Server.java:2682)
2019-09-19 09:57:15,730 [IPC Server handler 14 on 37935] ERROR pipeline.PipelinePlacementPolicy (PipelinePlacementPolicy.java:meetCriteria(91)) - Pipeline Placement: Doesn't meet the criteria to be viable node. Heaviness: 6
2019-09-19 09:57:15,730 [IPC Server handler 10 on 37935] INFO  block.BlockManagerImpl (BlockManagerImpl.java:allocateBlock(198)) - Could not find available pipeline of type:RATIS and factor:THREE even after retrying
2019-09-19 09:57:15,730 [IPC Server handler 14 on 37935] ERROR pipeline.PipelinePlacementPolicy (PipelinePlacementPolicy.java:meetCriteria(91)) - Pipeline Placement: Doesn't meet the criteria to be viable node. Heaviness: 6
2019-09-19 09:57:15,731 [IPC Server handler 14 on 37935] ERROR pipeline.PipelinePlacementPolicy (PipelinePlacementPolicy.java:meetCriteria(91)) - Pipeline Placement: Doesn't meet the criteria to be viable node. Heaviness: 6
2019-09-19 09:57:15,730 | ERROR | OMAudit | user=jenkins1000 | ip=127.0.0.1 | op=ALLOCATE_KEY {volume=vol-1-41365, bucket=bucket-3-46109, key=key-0-69109, dataSize=10240, replicationType=RATIS, replicationFactor=THREE, keyLocationInfo=null} | ret=FAILURE | org.apache.hadoop.hdds.scm.exceptions.SCMException: Allocated 0 blocks. Requested 1 blocks
	at org.apache.hadoop.hdds.scm.protocolPB.ScmBlockLocationProtocolClientSideTranslatorPB.handleError(ScmBlockLocationProtocolClientSideTranslatorPB.java:118)
	at org.apache.hadoop.hdds.scm.protocolPB.ScmBlockLocationProtocolClientSideTranslatorPB.allocateBlock(ScmBlockLocationProtocolClientSideTranslatorPB.java:156) 
2019-09-19 09:57:15,731 [IPC Server handler 14 on 37935] ERROR pipeline.PipelinePlacementPolicy (PipelinePlacementPolicy.java:meetCriteria(91)) - Pipeline Placement: Doesn't meet the criteria to be viable node. Heaviness: 6
2019-09-19 09:57:15,731 [IPC Server handler 14 on 37935] ERROR pipeline.PipelinePlacementPolicy (PipelinePlacementPolicy.java:meetCriteria(91)) - Pipeline Placement: Doesn't meet the criteria to be viable node. Heaviness: 6
2019-09-19 09:57:15,730 [IPC Server handler 10 on 37935] ERROR block.BlockManagerImpl (BlockManagerImpl.java:allocateBlock(222)) - Unable to allocate a block for the size: 4194304, type: RATIS, factor: THREE
2019-09-19 09:57:15,731 [IPC Server handler 14 on 37935] ERROR pipeline.PipelinePlacementPolicy (PipelinePlacementPolicy.java:filterViableNodes(146)) - Unable to find enough nodes that meet the criteria that cannot engage in more than 5 pipelines. Nodes required: 3 Found: 0, healthy nodes count inNodeManager: 5.
2019-09-19 09:57:15,732 | INFO  | SCMAudit | user=jenkins1000 | ip=192.168.34.5 | op=ALLOCATE_BLOCK {owner=94045a59-d067-459b-826a-45df52f311e2, size=4194304, type=RATIS, factor=THREE} | ret=SUCCESS |  
2019-09-19 09:57:15,731 [pool-80-thread-10] ERROR freon.RandomKeyGenerator (RandomKeyGenerator.java:createKey(724)) - Exception while adding key: key-0-69109 in bucket: bucket-3-46109 of volume: vol-1-41365.
INTERNAL_ERROR org.apache.hadoop.ozone.om.exceptions.OMException: Allocated 0 blocks. Requested 1 blocks
	at org.apache.hadoop.ozone.om.protocolPB.OzoneManagerProtocolClientSideTranslatorPB.handleError(OzoneManagerProtocolClientSideTranslatorPB.java:725)
	at org.apache.hadoop.ozone.om.protocolPB.OzoneManagerProtocolClientSideTranslatorPB.openKey(OzoneManagerProtocolClientSideTranslatorPB.java:716)
	at org.apache.hadoop.ozone.client.rpc.RpcClient.createKey(RpcClient.java:615)
	at org.apache.hadoop.ozone.client.OzoneBucket.createKey(OzoneBucket.java:323)
	at org.apache.hadoop.ozone.freon.RandomKeyGenerator.createKey(RandomKeyGenerator.java:686)
	at org.apache.hadoop.ozone.freon.RandomKeyGenerator.access$1100(RandomKeyGenerator.java:87)
	at org.apache.hadoop.ozone.freon.RandomKeyGenerator$ObjectCreator.run(RandomKeyGenerator.java:606)
	at java.util.concurrent.Executors$RunnableAdapter.call(Executors.java:511)
	at java.util.concurrent.FutureTask.run(FutureTask.java:266)
	at java.util.concurrent.ThreadPoolExecutor.runWorker(ThreadPoolExecutor.java:1149)
	at java.util.concurrent.ThreadPoolExecutor$Worker.run(ThreadPoolExecutor.java:624)
	at java.lang.Thread.run(Thread.java:748)
2019-09-19 09:57:15,732 [IPC Server handler 14 on 37935] ERROR pipeline.SCMPipelineManager (SCMPipelineManager.java:createPipeline(161)) - Pipeline creation failed due to exception: Unable to find enough nodes that meet the criteria that cannot engage in more than 5 pipelines. Nodes required: 3 Found: 0, healthy nodes count inNodeManager: 5.
2019-09-19 09:57:15,734 | ERROR | OMAudit | user=jenkins1000 | ip=127.0.0.1 | op=ALLOCATE_KEY {volume=vol-1-41365, bucket=bucket-4-51610, key=key-0-37093, dataSize=10240, replicationType=RATIS, replicationFactor=THREE, keyLocationInfo=null} | ret=FAILURE | org.apache.hadoop.hdds.scm.exceptions.SCMException: Allocated 0 blocks. Requested 1 blocks
	at org.apache.hadoop.hdds.scm.protocolPB.ScmBlockLocationProtocolClientSideTranslatorPB.handleError(ScmBlockLocationProtocolClientSideTranslatorPB.java:118)
	at org.apache.hadoop.hdds.scm.protocolPB.ScmBlockLocationProtocolClientSideTranslatorPB.allocateBlock(ScmBlockLocationProtocolClientSideTranslatorPB.java:156) 
2019-09-19 09:57:15,734 [IPC Server handler 14 on 37935] WARN  block.BlockManagerImpl (BlockManagerImpl.java:allocateBlock(192)) - Pipeline creation failed for type:RATIS factor:THREE. Retrying get pipelines call once.
org.apache.hadoop.hdds.scm.exceptions.SCMException: Unable to find enough nodes that meet the criteria that cannot engage in more than 5 pipelines. Nodes required: 3 Found: 0, healthy nodes count inNodeManager: 5.
	at org.apache.hadoop.hdds.scm.pipeline.PipelinePlacementPolicy.filterViableNodes(PipelinePlacementPolicy.java:147)
	at org.apache.hadoop.hdds.scm.pipeline.PipelinePlacementPolicy.chooseDatanodes(PipelinePlacementPolicy.java:170)
	at org.apache.hadoop.hdds.scm.pipeline.RatisPipelineProvider.create(RatisPipelineProvider.java:92)
	at org.apache.hadoop.hdds.scm.pipeline.PipelineFactory.create(PipelineFactory.java:57)
	at org.apache.hadoop.hdds.scm.pipeline.SCMPipelineManager.createPipeline(SCMPipelineManager.java:149)
	at org.apache.hadoop.hdds.scm.block.BlockManagerImpl.allocateBlock(BlockManagerImpl.java:190)
	at org.apache.hadoop.hdds.scm.server.SCMBlockProtocolServer.allocateBlock(SCMBlockProtocolServer.java:175)
	at org.apache.hadoop.ozone.protocolPB.ScmBlockLocationProtocolServerSideTranslatorPB.allocateScmBlock(ScmBlockLocationProtocolServerSideTranslatorPB.java:153)
	at org.apache.hadoop.ozone.protocolPB.ScmBlockLocationProtocolServerSideTranslatorPB.send(ScmBlockLocationProtocolServerSideTranslatorPB.java:112)
	at org.apache.hadoop.hdds.protocol.proto.ScmBlockLocationProtocolProtos$ScmBlockLocationProtocolService$2.callBlockingMethod(ScmBlockLocationProtocolProtos.java:13157)
	at org.apache.hadoop.ipc.ProtobufRpcEngine$Server$ProtoBufRpcInvoker.call(ProtobufRpcEngine.java:524)
	at org.apache.hadoop.ipc.RPC$Server.call(RPC.java:1025)
	at org.apache.hadoop.ipc.Server$RpcCall.run(Server.java:876)
	at org.apache.hadoop.ipc.Server$RpcCall.run(Server.java:822)
	at java.security.AccessController.doPrivileged(Native Method)
	at javax.security.auth.Subject.doAs(Subject.java:422)
	at org.apache.hadoop.security.UserGroupInformation.doAs(UserGroupInformation.java:1730)
	at org.apache.hadoop.ipc.Server$Handler.run(Server.java:2682)
2019-09-19 09:57:15,734 [IPC Server handler 4 on 37935] ERROR pipeline.PipelinePlacementPolicy (PipelinePlacementPolicy.java:meetCriteria(91)) - Pipeline Placement: Doesn't meet the criteria to be viable node. Heaviness: 6
2019-09-19 09:57:15,743 [IPC Server handler 4 on 37935] ERROR pipeline.PipelinePlacementPolicy (PipelinePlacementPolicy.java:meetCriteria(91)) - Pipeline Placement: Doesn't meet the criteria to be viable node. Heaviness: 6
2019-09-19 09:57:15,734 [IPC Server handler 1 on 37935] INFO  block.BlockManagerImpl (BlockManagerImpl.java:allocateBlock(198)) - Could not find available pipeline of type:RATIS and factor:THREE even after retrying
2019-09-19 09:57:15,744 [pool-80-thread-8] ERROR freon.RandomKeyGenerator (RandomKeyGenerator.java:createKey(724)) - Exception while adding key: key-0-37093 in bucket: bucket-4-51610 of volume: vol-1-41365.
INTERNAL_ERROR org.apache.hadoop.ozone.om.exceptions.OMException: Allocated 0 blocks. Requested 1 blocks
	at org.apache.hadoop.ozone.om.protocolPB.OzoneManagerProtocolClientSideTranslatorPB.handleError(OzoneManagerProtocolClientSideTranslatorPB.java:725)
	at org.apache.hadoop.ozone.om.protocolPB.OzoneManagerProtocolClientSideTranslatorPB.openKey(OzoneManagerProtocolClientSideTranslatorPB.java:716)
	at org.apache.hadoop.ozone.client.rpc.RpcClient.createKey(RpcClient.java:615)
	at org.apache.hadoop.ozone.client.OzoneBucket.createKey(OzoneBucket.java:323)
	at org.apache.hadoop.ozone.freon.RandomKeyGenerator.createKey(RandomKeyGenerator.java:686)
	at org.apache.hadoop.ozone.freon.RandomKeyGenerator.access$1100(RandomKeyGenerator.java:87)
	at org.apache.hadoop.ozone.freon.RandomKeyGenerator$ObjectCreator.run(RandomKeyGenerator.java:606)
	at java.util.concurrent.Executors$RunnableAdapter.call(Executors.java:511)
	at java.util.concurrent.FutureTask.run(FutureTask.java:266)
	at java.util.concurrent.ThreadPoolExecutor.runWorker(ThreadPoolExecutor.java:1149)
	at java.util.concurrent.ThreadPoolExecutor$Worker.run(ThreadPoolExecutor.java:624)
	at java.lang.Thread.run(Thread.java:748)
2019-09-19 09:57:15,743 [IPC Server handler 4 on 37935] ERROR pipeline.PipelinePlacementPolicy (PipelinePlacementPolicy.java:meetCriteria(91)) - Pipeline Placement: Doesn't meet the criteria to be viable node. Heaviness: 6
2019-09-19 09:57:15,744 [IPC Server handler 4 on 37935] ERROR pipeline.PipelinePlacementPolicy (PipelinePlacementPolicy.java:meetCriteria(91)) - Pipeline Placement: Doesn't meet the criteria to be viable node. Heaviness: 6
2019-09-19 09:57:15,744 [IPC Server handler 1 on 37935] ERROR block.BlockManagerImpl (BlockManagerImpl.java:allocateBlock(222)) - Unable to allocate a block for the size: 4194304, type: RATIS, factor: THREE
2019-09-19 09:57:15,744 [IPC Server handler 4 on 37935] ERROR pipeline.PipelinePlacementPolicy (PipelinePlacementPolicy.java:meetCriteria(91)) - Pipeline Placement: Doesn't meet the criteria to be viable node. Heaviness: 6
2019-09-19 09:57:15,745 | INFO  | SCMAudit | user=jenkins1000 | ip=192.168.34.5 | op=ALLOCATE_BLOCK {owner=94045a59-d067-459b-826a-45df52f311e2, size=4194304, type=RATIS, factor=THREE} | ret=SUCCESS |  
2019-09-19 09:57:15,745 [IPC Server handler 4 on 37935] ERROR pipeline.PipelinePlacementPolicy (PipelinePlacementPolicy.java:filterViableNodes(146)) - Unable to find enough nodes that meet the criteria that cannot engage in more than 5 pipelines. Nodes required: 3 Found: 0, healthy nodes count inNodeManager: 5.
2019-09-19 09:57:15,745 [IPC Server handler 4 on 37935] ERROR pipeline.SCMPipelineManager (SCMPipelineManager.java:createPipeline(161)) - Pipeline creation failed due to exception: Unable to find enough nodes that meet the criteria that cannot engage in more than 5 pipelines. Nodes required: 3 Found: 0, healthy nodes count inNodeManager: 5.
2019-09-19 09:57:15,745 [IPC Server handler 4 on 37935] WARN  block.BlockManagerImpl (BlockManagerImpl.java:allocateBlock(192)) - Pipeline creation failed for type:RATIS factor:THREE. Retrying get pipelines call once.
org.apache.hadoop.hdds.scm.exceptions.SCMException: Unable to find enough nodes that meet the criteria that cannot engage in more than 5 pipelines. Nodes required: 3 Found: 0, healthy nodes count inNodeManager: 5.
	at org.apache.hadoop.hdds.scm.pipeline.PipelinePlacementPolicy.filterViableNodes(PipelinePlacementPolicy.java:147)
	at org.apache.hadoop.hdds.scm.pipeline.PipelinePlacementPolicy.chooseDatanodes(PipelinePlacementPolicy.java:170)
	at org.apache.hadoop.hdds.scm.pipeline.RatisPipelineProvider.create(RatisPipelineProvider.java:92)
	at org.apache.hadoop.hdds.scm.pipeline.PipelineFactory.create(PipelineFactory.java:57)
	at org.apache.hadoop.hdds.scm.pipeline.SCMPipelineManager.createPipeline(SCMPipelineManager.java:149)
	at org.apache.hadoop.hdds.scm.block.BlockManagerImpl.allocateBlock(BlockManagerImpl.java:190)
	at org.apache.hadoop.hdds.scm.server.SCMBlockProtocolServer.allocateBlock(SCMBlockProtocolServer.java:175)
	at org.apache.hadoop.ozone.protocolPB.ScmBlockLocationProtocolServerSideTranslatorPB.allocateScmBlock(ScmBlockLocationProtocolServerSideTranslatorPB.java:153)
	at org.apache.hadoop.ozone.protocolPB.ScmBlockLocationProtocolServerSideTranslatorPB.send(ScmBlockLocationProtocolServerSideTranslatorPB.java:112)
	at org.apache.hadoop.hdds.protocol.proto.ScmBlockLocationProtocolProtos$ScmBlockLocationProtocolService$2.callBlockingMethod(ScmBlockLocationProtocolProtos.java:13157)
	at org.apache.hadoop.ipc.ProtobufRpcEngine$Server$ProtoBufRpcInvoker.call(ProtobufRpcEngine.java:524)
	at org.apache.hadoop.ipc.RPC$Server.call(RPC.java:1025)
	at org.apache.hadoop.ipc.Server$RpcCall.run(Server.java:876)
	at org.apache.hadoop.ipc.Server$RpcCall.run(Server.java:822)
	at java.security.AccessController.doPrivileged(Native Method)
	at javax.security.auth.Subject.doAs(Subject.java:422)
	at org.apache.hadoop.security.UserGroupInformation.doAs(UserGroupInformation.java:1730)
	at org.apache.hadoop.ipc.Server$Handler.run(Server.java:2682)
2019-09-19 09:57:15,745 [IPC Server handler 11 on 37935] ERROR pipeline.PipelinePlacementPolicy (PipelinePlacementPolicy.java:meetCriteria(91)) - Pipeline Placement: Doesn't meet the criteria to be viable node. Heaviness: 6
2019-09-19 09:57:15,747 [IPC Server handler 11 on 37935] ERROR pipeline.PipelinePlacementPolicy (PipelinePlacementPolicy.java:meetCriteria(91)) - Pipeline Placement: Doesn't meet the criteria to be viable node. Heaviness: 6
2019-09-19 09:57:15,745 | ERROR | OMAudit | user=jenkins1000 | ip=127.0.0.1 | op=ALLOCATE_KEY {volume=vol-1-41365, bucket=bucket-0-40295, key=key-0-54956, dataSize=10240, replicationType=RATIS, replicationFactor=THREE, keyLocationInfo=null} | ret=FAILURE | org.apache.hadoop.hdds.scm.exceptions.SCMException: Allocated 0 blocks. Requested 1 blocks
	at org.apache.hadoop.hdds.scm.protocolPB.ScmBlockLocationProtocolClientSideTranslatorPB.handleError(ScmBlockLocationProtocolClientSideTranslatorPB.java:118)
	at org.apache.hadoop.hdds.scm.protocolPB.ScmBlockLocationProtocolClientSideTranslatorPB.allocateBlock(ScmBlockLocationProtocolClientSideTranslatorPB.java:156) 
2019-09-19 09:57:15,748 [IPC Server handler 11 on 37935] ERROR pipeline.PipelinePlacementPolicy (PipelinePlacementPolicy.java:meetCriteria(91)) - Pipeline Placement: Doesn't meet the criteria to be viable node. Heaviness: 6
2019-09-19 09:57:15,748 [IPC Server handler 11 on 37935] ERROR pipeline.PipelinePlacementPolicy (PipelinePlacementPolicy.java:meetCriteria(91)) - Pipeline Placement: Doesn't meet the criteria to be viable node. Heaviness: 6
2019-09-19 09:57:15,748 [IPC Server handler 11 on 37935] ERROR pipeline.PipelinePlacementPolicy (PipelinePlacementPolicy.java:meetCriteria(91)) - Pipeline Placement: Doesn't meet the criteria to be viable node. Heaviness: 6
2019-09-19 09:57:15,748 [pool-80-thread-2] ERROR freon.RandomKeyGenerator (RandomKeyGenerator.java:createKey(724)) - Exception while adding key: key-0-54956 in bucket: bucket-0-40295 of volume: vol-1-41365.
INTERNAL_ERROR org.apache.hadoop.ozone.om.exceptions.OMException: Allocated 0 blocks. Requested 1 blocks
	at org.apache.hadoop.ozone.om.protocolPB.OzoneManagerProtocolClientSideTranslatorPB.handleError(OzoneManagerProtocolClientSideTranslatorPB.java:725)
	at org.apache.hadoop.ozone.om.protocolPB.OzoneManagerProtocolClientSideTranslatorPB.openKey(OzoneManagerProtocolClientSideTranslatorPB.java:716)
	at org.apache.hadoop.ozone.client.rpc.RpcClient.createKey(RpcClient.java:615)
	at org.apache.hadoop.ozone.client.OzoneBucket.createKey(OzoneBucket.java:323)
	at org.apache.hadoop.ozone.freon.RandomKeyGenerator.createKey(RandomKeyGenerator.java:686)
	at org.apache.hadoop.ozone.freon.RandomKeyGenerator.access$1100(RandomKeyGenerator.java:87)
	at org.apache.hadoop.ozone.freon.RandomKeyGenerator$ObjectCreator.run(RandomKeyGenerator.java:606)
	at java.util.concurrent.Executors$RunnableAdapter.call(Executors.java:511)
	at java.util.concurrent.FutureTask.run(FutureTask.java:266)
	at java.util.concurrent.ThreadPoolExecutor.runWorker(ThreadPoolExecutor.java:1149)
	at java.util.concurrent.ThreadPoolExecutor$Worker.run(ThreadPoolExecutor.java:624)
	at java.lang.Thread.run(Thread.java:748)
2019-09-19 09:57:15,748 [IPC Server handler 11 on 37935] ERROR pipeline.PipelinePlacementPolicy (PipelinePlacementPolicy.java:filterViableNodes(146)) - Unable to find enough nodes that meet the criteria that cannot engage in more than 5 pipelines. Nodes required: 3 Found: 0, healthy nodes count inNodeManager: 5.
2019-09-19 09:57:15,749 [IPC Server handler 11 on 37935] ERROR pipeline.SCMPipelineManager (SCMPipelineManager.java:createPipeline(161)) - Pipeline creation failed due to exception: Unable to find enough nodes that meet the criteria that cannot engage in more than 5 pipelines. Nodes required: 3 Found: 0, healthy nodes count inNodeManager: 5.
2019-09-19 09:57:15,749 [IPC Server handler 11 on 37935] WARN  block.BlockManagerImpl (BlockManagerImpl.java:allocateBlock(192)) - Pipeline creation failed for type:RATIS factor:THREE. Retrying get pipelines call once.
org.apache.hadoop.hdds.scm.exceptions.SCMException: Unable to find enough nodes that meet the criteria that cannot engage in more than 5 pipelines. Nodes required: 3 Found: 0, healthy nodes count inNodeManager: 5.
	at org.apache.hadoop.hdds.scm.pipeline.PipelinePlacementPolicy.filterViableNodes(PipelinePlacementPolicy.java:147)
	at org.apache.hadoop.hdds.scm.pipeline.PipelinePlacementPolicy.chooseDatanodes(PipelinePlacementPolicy.java:170)
	at org.apache.hadoop.hdds.scm.pipeline.RatisPipelineProvider.create(RatisPipelineProvider.java:92)
	at org.apache.hadoop.hdds.scm.pipeline.PipelineFactory.create(PipelineFactory.java:57)
	at org.apache.hadoop.hdds.scm.pipeline.SCMPipelineManager.createPipeline(SCMPipelineManager.java:149)
	at org.apache.hadoop.hdds.scm.block.BlockManagerImpl.allocateBlock(BlockManagerImpl.java:190)
	at org.apache.hadoop.hdds.scm.server.SCMBlockProtocolServer.allocateBlock(SCMBlockProtocolServer.java:175)
	at org.apache.hadoop.ozone.protocolPB.ScmBlockLocationProtocolServerSideTranslatorPB.allocateScmBlock(ScmBlockLocationProtocolServerSideTranslatorPB.java:153)
	at org.apache.hadoop.ozone.protocolPB.ScmBlockLocationProtocolServerSideTranslatorPB.send(ScmBlockLocationProtocolServerSideTranslatorPB.java:112)
	at org.apache.hadoop.hdds.protocol.proto.ScmBlockLocationProtocolProtos$ScmBlockLocationProtocolService$2.callBlockingMethod(ScmBlockLocationProtocolProtos.java:13157)
	at org.apache.hadoop.ipc.ProtobufRpcEngine$Server$ProtoBufRpcInvoker.call(ProtobufRpcEngine.java:524)
	at org.apache.hadoop.ipc.RPC$Server.call(RPC.java:1025)
	at org.apache.hadoop.ipc.Server$RpcCall.run(Server.java:876)
	at org.apache.hadoop.ipc.Server$RpcCall.run(Server.java:822)
	at java.security.AccessController.doPrivileged(Native Method)
	at javax.security.auth.Subject.doAs(Subject.java:422)
	at org.apache.hadoop.security.UserGroupInformation.doAs(UserGroupInformation.java:1730)
	at org.apache.hadoop.ipc.Server$Handler.run(Server.java:2682)
2019-09-19 09:57:15,749 [IPC Server handler 8 on 37935] ERROR pipeline.PipelinePlacementPolicy (PipelinePlacementPolicy.java:meetCriteria(91)) - Pipeline Placement: Doesn't meet the criteria to be viable node. Heaviness: 6
2019-09-19 09:57:15,750 [IPC Server handler 8 on 37935] ERROR pipeline.PipelinePlacementPolicy (PipelinePlacementPolicy.java:meetCriteria(91)) - Pipeline Placement: Doesn't meet the criteria to be viable node. Heaviness: 6
2019-09-19 09:57:15,750 [IPC Server handler 8 on 37935] ERROR pipeline.PipelinePlacementPolicy (PipelinePlacementPolicy.java:meetCriteria(91)) - Pipeline Placement: Doesn't meet the criteria to be viable node. Heaviness: 6
2019-09-19 09:57:15,750 [IPC Server handler 8 on 37935] ERROR pipeline.PipelinePlacementPolicy (PipelinePlacementPolicy.java:meetCriteria(91)) - Pipeline Placement: Doesn't meet the criteria to be viable node. Heaviness: 6
2019-09-19 09:57:15,750 [IPC Server handler 8 on 37935] ERROR pipeline.PipelinePlacementPolicy (PipelinePlacementPolicy.java:meetCriteria(91)) - Pipeline Placement: Doesn't meet the criteria to be viable node. Heaviness: 6
2019-09-19 09:57:15,750 [IPC Server handler 8 on 37935] ERROR pipeline.PipelinePlacementPolicy (PipelinePlacementPolicy.java:filterViableNodes(146)) - Unable to find enough nodes that meet the criteria that cannot engage in more than 5 pipelines. Nodes required: 3 Found: 0, healthy nodes count inNodeManager: 5.
2019-09-19 09:57:15,751 [IPC Server handler 8 on 37935] ERROR pipeline.SCMPipelineManager (SCMPipelineManager.java:createPipeline(161)) - Pipeline creation failed due to exception: Unable to find enough nodes that meet the criteria that cannot engage in more than 5 pipelines. Nodes required: 3 Found: 0, healthy nodes count inNodeManager: 5.
2019-09-19 09:57:15,751 [IPC Server handler 8 on 37935] WARN  block.BlockManagerImpl (BlockManagerImpl.java:allocateBlock(192)) - Pipeline creation failed for type:RATIS factor:THREE. Retrying get pipelines call once.
org.apache.hadoop.hdds.scm.exceptions.SCMException: Unable to find enough nodes that meet the criteria that cannot engage in more than 5 pipelines. Nodes required: 3 Found: 0, healthy nodes count inNodeManager: 5.
	at org.apache.hadoop.hdds.scm.pipeline.PipelinePlacementPolicy.filterViableNodes(PipelinePlacementPolicy.java:147)
	at org.apache.hadoop.hdds.scm.pipeline.PipelinePlacementPolicy.chooseDatanodes(PipelinePlacementPolicy.java:170)
	at org.apache.hadoop.hdds.scm.pipeline.RatisPipelineProvider.create(RatisPipelineProvider.java:92)
	at org.apache.hadoop.hdds.scm.pipeline.PipelineFactory.create(PipelineFactory.java:57)
	at org.apache.hadoop.hdds.scm.pipeline.SCMPipelineManager.createPipeline(SCMPipelineManager.java:149)
	at org.apache.hadoop.hdds.scm.block.BlockManagerImpl.allocateBlock(BlockManagerImpl.java:190)
	at org.apache.hadoop.hdds.scm.server.SCMBlockProtocolServer.allocateBlock(SCMBlockProtocolServer.java:175)
	at org.apache.hadoop.ozone.protocolPB.ScmBlockLocationProtocolServerSideTranslatorPB.allocateScmBlock(ScmBlockLocationProtocolServerSideTranslatorPB.java:153)
	at org.apache.hadoop.ozone.protocolPB.ScmBlockLocationProtocolServerSideTranslatorPB.send(ScmBlockLocationProtocolServerSideTranslatorPB.java:112)
	at org.apache.hadoop.hdds.protocol.proto.ScmBlockLocationProtocolProtos$ScmBlockLocationProtocolService$2.callBlockingMethod(ScmBlockLocationProtocolProtos.java:13157)
	at org.apache.hadoop.ipc.ProtobufRpcEngine$Server$ProtoBufRpcInvoker.call(ProtobufRpcEngine.java:524)
	at org.apache.hadoop.ipc.RPC$Server.call(RPC.java:1025)
	at org.apache.hadoop.ipc.Server$RpcCall.run(Server.java:876)
	at org.apache.hadoop.ipc.Server$RpcCall.run(Server.java:822)
	at java.security.AccessController.doPrivileged(Native Method)
	at javax.security.auth.Subject.doAs(Subject.java:422)
	at org.apache.hadoop.security.UserGroupInformation.doAs(UserGroupInformation.java:1730)
	at org.apache.hadoop.ipc.Server$Handler.run(Server.java:2682)
2019-09-19 09:57:15,751 [IPC Server handler 12 on 37935] ERROR pipeline.PipelinePlacementPolicy (PipelinePlacementPolicy.java:meetCriteria(91)) - Pipeline Placement: Doesn't meet the criteria to be viable node. Heaviness: 6
2019-09-19 09:57:15,751 [IPC Server handler 12 on 37935] ERROR pipeline.PipelinePlacementPolicy (PipelinePlacementPolicy.java:meetCriteria(91)) - Pipeline Placement: Doesn't meet the criteria to be viable node. Heaviness: 6
2019-09-19 09:57:15,751 [IPC Server handler 11 on 37935] INFO  block.BlockManagerImpl (BlockManagerImpl.java:allocateBlock(198)) - Could not find available pipeline of type:RATIS and factor:THREE even after retrying
2019-09-19 09:57:15,752 [IPC Server handler 11 on 37935] ERROR block.BlockManagerImpl (BlockManagerImpl.java:allocateBlock(222)) - Unable to allocate a block for the size: 4194304, type: RATIS, factor: THREE
2019-09-19 09:57:15,751 [IPC Server handler 14 on 37935] INFO  block.BlockManagerImpl (BlockManagerImpl.java:allocateBlock(198)) - Could not find available pipeline of type:RATIS and factor:THREE even after retrying
2019-09-19 09:57:15,752 | INFO  | SCMAudit | user=jenkins1000 | ip=192.168.34.5 | op=ALLOCATE_BLOCK {owner=94045a59-d067-459b-826a-45df52f311e2, size=4194304, type=RATIS, factor=THREE} | ret=SUCCESS |  
2019-09-19 09:57:15,751 [IPC Server handler 4 on 37935] INFO  block.BlockManagerImpl (BlockManagerImpl.java:allocateBlock(198)) - Could not find available pipeline of type:RATIS and factor:THREE even after retrying
2019-09-19 09:57:15,752 [IPC Server handler 14 on 37935] ERROR block.BlockManagerImpl (BlockManagerImpl.java:allocateBlock(222)) - Unable to allocate a block for the size: 4194304, type: RATIS, factor: THREE
2019-09-19 09:57:15,753 | INFO  | SCMAudit | user=jenkins1000 | ip=192.168.34.5 | op=ALLOCATE_BLOCK {owner=94045a59-d067-459b-826a-45df52f311e2, size=4194304, type=RATIS, factor=THREE} | ret=SUCCESS |  
2019-09-19 09:57:15,752 [IPC Server handler 12 on 37935] ERROR pipeline.PipelinePlacementPolicy (PipelinePlacementPolicy.java:meetCriteria(91)) - Pipeline Placement: Doesn't meet the criteria to be viable node. Heaviness: 6
2019-09-19 09:57:15,752 [IPC Server handler 4 on 37935] ERROR block.BlockManagerImpl (BlockManagerImpl.java:allocateBlock(222)) - Unable to allocate a block for the size: 4194304, type: RATIS, factor: THREE
2019-09-19 09:57:15,755 | INFO  | SCMAudit | user=jenkins1000 | ip=192.168.34.5 | op=ALLOCATE_BLOCK {owner=94045a59-d067-459b-826a-45df52f311e2, size=4194304, type=RATIS, factor=THREE} | ret=SUCCESS |  
2019-09-19 09:57:15,753 [IPC Server handler 12 on 37935] ERROR pipeline.PipelinePlacementPolicy (PipelinePlacementPolicy.java:meetCriteria(91)) - Pipeline Placement: Doesn't meet the criteria to be viable node. Heaviness: 6
2019-09-19 09:57:15,753 | ERROR | OMAudit | user=jenkins1000 | ip=127.0.0.1 | op=ALLOCATE_KEY {volume=vol-1-41365, bucket=bucket-1-45992, key=key-0-03327, dataSize=10240, replicationType=RATIS, replicationFactor=THREE, keyLocationInfo=null} | ret=FAILURE | org.apache.hadoop.hdds.scm.exceptions.SCMException: Allocated 0 blocks. Requested 1 blocks
	at org.apache.hadoop.hdds.scm.protocolPB.ScmBlockLocationProtocolClientSideTranslatorPB.handleError(ScmBlockLocationProtocolClientSideTranslatorPB.java:118)
	at org.apache.hadoop.hdds.scm.protocolPB.ScmBlockLocationProtocolClientSideTranslatorPB.allocateBlock(ScmBlockLocationProtocolClientSideTranslatorPB.java:156) 
2019-09-19 09:57:15,755 [IPC Server handler 12 on 37935] ERROR pipeline.PipelinePlacementPolicy (PipelinePlacementPolicy.java:meetCriteria(91)) - Pipeline Placement: Doesn't meet the criteria to be viable node. Heaviness: 6
2019-09-19 09:57:15,756 [IPC Server handler 12 on 37935] ERROR pipeline.PipelinePlacementPolicy (PipelinePlacementPolicy.java:filterViableNodes(146)) - Unable to find enough nodes that meet the criteria that cannot engage in more than 5 pipelines. Nodes required: 3 Found: 0, healthy nodes count inNodeManager: 5.
2019-09-19 09:57:15,755 | ERROR | OMAudit | user=jenkins1000 | ip=127.0.0.1 | op=ALLOCATE_KEY {volume=vol-0-09629, bucket=bucket-0-60771, key=key-0-70310, dataSize=10240, replicationType=RATIS, replicationFactor=THREE, keyLocationInfo=null} | ret=FAILURE | org.apache.hadoop.hdds.scm.exceptions.SCMException: Allocated 0 blocks. Requested 1 blocks
	at org.apache.hadoop.hdds.scm.protocolPB.ScmBlockLocationProtocolClientSideTranslatorPB.handleError(ScmBlockLocationProtocolClientSideTranslatorPB.java:118)
	at org.apache.hadoop.hdds.scm.protocolPB.ScmBlockLocationProtocolClientSideTranslatorPB.allocateBlock(ScmBlockLocationProtocolClientSideTranslatorPB.java:156) 
2019-09-19 09:57:15,756 | ERROR | OMAudit | user=jenkins1000 | ip=127.0.0.1 | op=ALLOCATE_KEY {volume=vol-0-09629, bucket=bucket-4-18245, key=key-0-14721, dataSize=10240, replicationType=RATIS, replicationFactor=THREE, keyLocationInfo=null} | ret=FAILURE | org.apache.hadoop.hdds.scm.exceptions.SCMException: Allocated 0 blocks. Requested 1 blocks
	at org.apache.hadoop.hdds.scm.protocolPB.ScmBlockLocationProtocolClientSideTranslatorPB.handleError(ScmBlockLocationProtocolClientSideTranslatorPB.java:118)
	at org.apache.hadoop.hdds.scm.protocolPB.ScmBlockLocationProtocolClientSideTranslatorPB.allocateBlock(ScmBlockLocationProtocolClientSideTranslatorPB.java:156) 
2019-09-19 09:57:15,756 [pool-80-thread-4] ERROR freon.RandomKeyGenerator (RandomKeyGenerator.java:createKey(724)) - Exception while adding key: key-0-03327 in bucket: bucket-1-45992 of volume: vol-1-41365.
INTERNAL_ERROR org.apache.hadoop.ozone.om.exceptions.OMException: Allocated 0 blocks. Requested 1 blocks
	at org.apache.hadoop.ozone.om.protocolPB.OzoneManagerProtocolClientSideTranslatorPB.handleError(OzoneManagerProtocolClientSideTranslatorPB.java:725)
	at org.apache.hadoop.ozone.om.protocolPB.OzoneManagerProtocolClientSideTranslatorPB.openKey(OzoneManagerProtocolClientSideTranslatorPB.java:716)
	at org.apache.hadoop.ozone.client.rpc.RpcClient.createKey(RpcClient.java:615)
	at org.apache.hadoop.ozone.client.OzoneBucket.createKey(OzoneBucket.java:323)
	at org.apache.hadoop.ozone.freon.RandomKeyGenerator.createKey(RandomKeyGenerator.java:686)
	at org.apache.hadoop.ozone.freon.RandomKeyGenerator.access$1100(RandomKeyGenerator.java:87)
	at org.apache.hadoop.ozone.freon.RandomKeyGenerator$ObjectCreator.run(RandomKeyGenerator.java:606)
	at java.util.concurrent.Executors$RunnableAdapter.call(Executors.java:511)
	at java.util.concurrent.FutureTask.run(FutureTask.java:266)
	at java.util.concurrent.ThreadPoolExecutor.runWorker(ThreadPoolExecutor.java:1149)
	at java.util.concurrent.ThreadPoolExecutor$Worker.run(ThreadPoolExecutor.java:624)
	at java.lang.Thread.run(Thread.java:748)
2019-09-19 09:57:15,758 [pool-80-thread-1] ERROR freon.RandomKeyGenerator (RandomKeyGenerator.java:createKey(724)) - Exception while adding key: key-0-70310 in bucket: bucket-0-60771 of volume: vol-0-09629.
INTERNAL_ERROR org.apache.hadoop.ozone.om.exceptions.OMException: Allocated 0 blocks. Requested 1 blocks
	at org.apache.hadoop.ozone.om.protocolPB.OzoneManagerProtocolClientSideTranslatorPB.handleError(OzoneManagerProtocolClientSideTranslatorPB.java:725)
	at org.apache.hadoop.ozone.om.protocolPB.OzoneManagerProtocolClientSideTranslatorPB.openKey(OzoneManagerProtocolClientSideTranslatorPB.java:716)
	at org.apache.hadoop.ozone.client.rpc.RpcClient.createKey(RpcClient.java:615)
	at org.apache.hadoop.ozone.client.OzoneBucket.createKey(OzoneBucket.java:323)
	at org.apache.hadoop.ozone.freon.RandomKeyGenerator.createKey(RandomKeyGenerator.java:686)
	at org.apache.hadoop.ozone.freon.RandomKeyGenerator.access$1100(RandomKeyGenerator.java:87)
	at org.apache.hadoop.ozone.freon.RandomKeyGenerator$ObjectCreator.run(RandomKeyGenerator.java:606)
	at java.util.concurrent.Executors$RunnableAdapter.call(Executors.java:511)
	at java.util.concurrent.FutureTask.run(FutureTask.java:266)
	at java.util.concurrent.ThreadPoolExecutor.runWorker(ThreadPoolExecutor.java:1149)
	at java.util.concurrent.ThreadPoolExecutor$Worker.run(ThreadPoolExecutor.java:624)
	at java.lang.Thread.run(Thread.java:748)
2019-09-19 09:57:15,756 [IPC Server handler 12 on 37935] ERROR pipeline.SCMPipelineManager (SCMPipelineManager.java:createPipeline(161)) - Pipeline creation failed due to exception: Unable to find enough nodes that meet the criteria that cannot engage in more than 5 pipelines. Nodes required: 3 Found: 0, healthy nodes count inNodeManager: 5.
2019-09-19 09:57:15,759 [pool-80-thread-9] ERROR freon.RandomKeyGenerator (RandomKeyGenerator.java:createKey(724)) - Exception while adding key: key-0-14721 in bucket: bucket-4-18245 of volume: vol-0-09629.
INTERNAL_ERROR org.apache.hadoop.ozone.om.exceptions.OMException: Allocated 0 blocks. Requested 1 blocks
	at org.apache.hadoop.ozone.om.protocolPB.OzoneManagerProtocolClientSideTranslatorPB.handleError(OzoneManagerProtocolClientSideTranslatorPB.java:725)
	at org.apache.hadoop.ozone.om.protocolPB.OzoneManagerProtocolClientSideTranslatorPB.openKey(OzoneManagerProtocolClientSideTranslatorPB.java:716)
	at org.apache.hadoop.ozone.client.rpc.RpcClient.createKey(RpcClient.java:615)
	at org.apache.hadoop.ozone.client.OzoneBucket.createKey(OzoneBucket.java:323)
	at org.apache.hadoop.ozone.freon.RandomKeyGenerator.createKey(RandomKeyGenerator.java:686)
	at org.apache.hadoop.ozone.freon.RandomKeyGenerator.access$1100(RandomKeyGenerator.java:87)
	at org.apache.hadoop.ozone.freon.RandomKeyGenerator$ObjectCreator.run(RandomKeyGenerator.java:606)
	at java.util.concurrent.Executors$RunnableAdapter.call(Executors.java:511)
	at java.util.concurrent.FutureTask.run(FutureTask.java:266)
	at java.util.concurrent.ThreadPoolExecutor.runWorker(ThreadPoolExecutor.java:1149)
	at java.util.concurrent.ThreadPoolExecutor$Worker.run(ThreadPoolExecutor.java:624)
	at java.lang.Thread.run(Thread.java:748)
2019-09-19 09:57:15,759 [IPC Server handler 3 on 37935] ERROR pipeline.PipelinePlacementPolicy (PipelinePlacementPolicy.java:meetCriteria(91)) - Pipeline Placement: Doesn't meet the criteria to be viable node. Heaviness: 6
2019-09-19 09:57:15,759 [IPC Server handler 8 on 37935] INFO  block.BlockManagerImpl (BlockManagerImpl.java:allocateBlock(198)) - Could not find available pipeline of type:RATIS and factor:THREE even after retrying
2019-09-19 09:57:15,759 [IPC Server handler 12 on 37935] WARN  block.BlockManagerImpl (BlockManagerImpl.java:allocateBlock(192)) - Pipeline creation failed for type:RATIS factor:THREE. Retrying get pipelines call once.
org.apache.hadoop.hdds.scm.exceptions.SCMException: Unable to find enough nodes that meet the criteria that cannot engage in more than 5 pipelines. Nodes required: 3 Found: 0, healthy nodes count inNodeManager: 5.
	at org.apache.hadoop.hdds.scm.pipeline.PipelinePlacementPolicy.filterViableNodes(PipelinePlacementPolicy.java:147)
	at org.apache.hadoop.hdds.scm.pipeline.PipelinePlacementPolicy.chooseDatanodes(PipelinePlacementPolicy.java:170)
	at org.apache.hadoop.hdds.scm.pipeline.RatisPipelineProvider.create(RatisPipelineProvider.java:92)
	at org.apache.hadoop.hdds.scm.pipeline.PipelineFactory.create(PipelineFactory.java:57)
	at org.apache.hadoop.hdds.scm.pipeline.SCMPipelineManager.createPipeline(SCMPipelineManager.java:149)
	at org.apache.hadoop.hdds.scm.block.BlockManagerImpl.allocateBlock(BlockManagerImpl.java:190)
	at org.apache.hadoop.hdds.scm.server.SCMBlockProtocolServer.allocateBlock(SCMBlockProtocolServer.java:175)
	at org.apache.hadoop.ozone.protocolPB.ScmBlockLocationProtocolServerSideTranslatorPB.allocateScmBlock(ScmBlockLocationProtocolServerSideTranslatorPB.java:153)
	at org.apache.hadoop.ozone.protocolPB.ScmBlockLocationProtocolServerSideTranslatorPB.send(ScmBlockLocationProtocolServerSideTranslatorPB.java:112)
	at org.apache.hadoop.hdds.protocol.proto.ScmBlockLocationProtocolProtos$ScmBlockLocationProtocolService$2.callBlockingMethod(ScmBlockLocationProtocolProtos.java:13157)
	at org.apache.hadoop.ipc.ProtobufRpcEngine$Server$ProtoBufRpcInvoker.call(ProtobufRpcEngine.java:524)
	at org.apache.hadoop.ipc.RPC$Server.call(RPC.java:1025)
	at org.apache.hadoop.ipc.Server$RpcCall.run(Server.java:876)
	at org.apache.hadoop.ipc.Server$RpcCall.run(Server.java:822)
	at java.security.AccessController.doPrivileged(Native Method)
	at javax.security.auth.Subject.doAs(Subject.java:422)
	at org.apache.hadoop.security.UserGroupInformation.doAs(UserGroupInformation.java:1730)
	at org.apache.hadoop.ipc.Server$Handler.run(Server.java:2682)
2019-09-19 09:57:15,760 [IPC Server handler 8 on 37935] ERROR block.BlockManagerImpl (BlockManagerImpl.java:allocateBlock(222)) - Unable to allocate a block for the size: 4194304, type: RATIS, factor: THREE
2019-09-19 09:57:15,761 | INFO  | SCMAudit | user=jenkins1000 | ip=192.168.34.5 | op=ALLOCATE_BLOCK {owner=94045a59-d067-459b-826a-45df52f311e2, size=4194304, type=RATIS, factor=THREE} | ret=SUCCESS |  
2019-09-19 09:57:15,760 [IPC Server handler 3 on 37935] ERROR pipeline.PipelinePlacementPolicy (PipelinePlacementPolicy.java:meetCriteria(91)) - Pipeline Placement: Doesn't meet the criteria to be viable node. Heaviness: 6
2019-09-19 09:57:15,761 [IPC Server handler 3 on 37935] ERROR pipeline.PipelinePlacementPolicy (PipelinePlacementPolicy.java:meetCriteria(91)) - Pipeline Placement: Doesn't meet the criteria to be viable node. Heaviness: 6
2019-09-19 09:57:15,761 [IPC Server handler 3 on 37935] ERROR pipeline.PipelinePlacementPolicy (PipelinePlacementPolicy.java:meetCriteria(91)) - Pipeline Placement: Doesn't meet the criteria to be viable node. Heaviness: 6
2019-09-19 09:57:15,761 [IPC Server handler 3 on 37935] ERROR pipeline.PipelinePlacementPolicy (PipelinePlacementPolicy.java:meetCriteria(91)) - Pipeline Placement: Doesn't meet the criteria to be viable node. Heaviness: 6
2019-09-19 09:57:15,761 | ERROR | OMAudit | user=jenkins1000 | ip=127.0.0.1 | op=ALLOCATE_KEY {volume=vol-0-09629, bucket=bucket-2-56761, key=key-0-99674, dataSize=10240, replicationType=RATIS, replicationFactor=THREE, keyLocationInfo=null} | ret=FAILURE | org.apache.hadoop.hdds.scm.exceptions.SCMException: Allocated 0 blocks. Requested 1 blocks
	at org.apache.hadoop.hdds.scm.protocolPB.ScmBlockLocationProtocolClientSideTranslatorPB.handleError(ScmBlockLocationProtocolClientSideTranslatorPB.java:118)
	at org.apache.hadoop.hdds.scm.protocolPB.ScmBlockLocationProtocolClientSideTranslatorPB.allocateBlock(ScmBlockLocationProtocolClientSideTranslatorPB.java:156) 
2019-09-19 09:57:15,763 [IPC Server handler 3 on 37935] ERROR pipeline.PipelinePlacementPolicy (PipelinePlacementPolicy.java:filterViableNodes(146)) - Unable to find enough nodes that meet the criteria that cannot engage in more than 5 pipelines. Nodes required: 3 Found: 0, healthy nodes count inNodeManager: 5.
2019-09-19 09:57:15,764 [IPC Server handler 3 on 37935] ERROR pipeline.SCMPipelineManager (SCMPipelineManager.java:createPipeline(161)) - Pipeline creation failed due to exception: Unable to find enough nodes that meet the criteria that cannot engage in more than 5 pipelines. Nodes required: 3 Found: 0, healthy nodes count inNodeManager: 5.
2019-09-19 09:57:15,764 [IPC Server handler 3 on 37935] WARN  block.BlockManagerImpl (BlockManagerImpl.java:allocateBlock(192)) - Pipeline creation failed for type:RATIS factor:THREE. Retrying get pipelines call once.
org.apache.hadoop.hdds.scm.exceptions.SCMException: Unable to find enough nodes that meet the criteria that cannot engage in more than 5 pipelines. Nodes required: 3 Found: 0, healthy nodes count inNodeManager: 5.
	at org.apache.hadoop.hdds.scm.pipeline.PipelinePlacementPolicy.filterViableNodes(PipelinePlacementPolicy.java:147)
	at org.apache.hadoop.hdds.scm.pipeline.PipelinePlacementPolicy.chooseDatanodes(PipelinePlacementPolicy.java:170)
	at org.apache.hadoop.hdds.scm.pipeline.RatisPipelineProvider.create(RatisPipelineProvider.java:92)
	at org.apache.hadoop.hdds.scm.pipeline.PipelineFactory.create(PipelineFactory.java:57)
	at org.apache.hadoop.hdds.scm.pipeline.SCMPipelineManager.createPipeline(SCMPipelineManager.java:149)
	at org.apache.hadoop.hdds.scm.block.BlockManagerImpl.allocateBlock(BlockManagerImpl.java:190)
	at org.apache.hadoop.hdds.scm.server.SCMBlockProtocolServer.allocateBlock(SCMBlockProtocolServer.java:175)
	at org.apache.hadoop.ozone.protocolPB.ScmBlockLocationProtocolServerSideTranslatorPB.allocateScmBlock(ScmBlockLocationProtocolServerSideTranslatorPB.java:153)
	at org.apache.hadoop.ozone.protocolPB.ScmBlockLocationProtocolServerSideTranslatorPB.send(ScmBlockLocationProtocolServerSideTranslatorPB.java:112)
	at org.apache.hadoop.hdds.protocol.proto.ScmBlockLocationProtocolProtos$ScmBlockLocationProtocolService$2.callBlockingMethod(ScmBlockLocationProtocolProtos.java:13157)
	at org.apache.hadoop.ipc.ProtobufRpcEngine$Server$ProtoBufRpcInvoker.call(ProtobufRpcEngine.java:524)
	at org.apache.hadoop.ipc.RPC$Server.call(RPC.java:1025)
	at org.apache.hadoop.ipc.Server$RpcCall.run(Server.java:876)
	at org.apache.hadoop.ipc.Server$RpcCall.run(Server.java:822)
	at java.security.AccessController.doPrivileged(Native Method)
	at javax.security.auth.Subject.doAs(Subject.java:422)
	at org.apache.hadoop.security.UserGroupInformation.doAs(UserGroupInformation.java:1730)
	at org.apache.hadoop.ipc.Server$Handler.run(Server.java:2682)
2019-09-19 09:57:15,764 [pool-80-thread-6] ERROR freon.RandomKeyGenerator (RandomKeyGenerator.java:createKey(724)) - Exception while adding key: key-0-99674 in bucket: bucket-2-56761 of volume: vol-0-09629.
INTERNAL_ERROR org.apache.hadoop.ozone.om.exceptions.OMException: Allocated 0 blocks. Requested 1 blocks
	at org.apache.hadoop.ozone.om.protocolPB.OzoneManagerProtocolClientSideTranslatorPB.handleError(OzoneManagerProtocolClientSideTranslatorPB.java:725)
	at org.apache.hadoop.ozone.om.protocolPB.OzoneManagerProtocolClientSideTranslatorPB.openKey(OzoneManagerProtocolClientSideTranslatorPB.java:716)
	at org.apache.hadoop.ozone.client.rpc.RpcClient.createKey(RpcClient.java:615)
	at org.apache.hadoop.ozone.client.OzoneBucket.createKey(OzoneBucket.java:323)
	at org.apache.hadoop.ozone.freon.RandomKeyGenerator.createKey(RandomKeyGenerator.java:686)
	at org.apache.hadoop.ozone.freon.RandomKeyGenerator.access$1100(RandomKeyGenerator.java:87)
	at org.apache.hadoop.ozone.freon.RandomKeyGenerator$ObjectCreator.run(RandomKeyGenerator.java:606)
	at java.util.concurrent.Executors$RunnableAdapter.call(Executors.java:511)
	at java.util.concurrent.FutureTask.run(FutureTask.java:266)
	at java.util.concurrent.ThreadPoolExecutor.runWorker(ThreadPoolExecutor.java:1149)
	at java.util.concurrent.ThreadPoolExecutor$Worker.run(ThreadPoolExecutor.java:624)
	at java.lang.Thread.run(Thread.java:748)
2019-09-19 09:57:15,764 [IPC Server handler 9 on 37935] ERROR pipeline.PipelinePlacementPolicy (PipelinePlacementPolicy.java:meetCriteria(91)) - Pipeline Placement: Doesn't meet the criteria to be viable node. Heaviness: 6
2019-09-19 09:57:15,764 [IPC Server handler 12 on 37935] INFO  block.BlockManagerImpl (BlockManagerImpl.java:allocateBlock(198)) - Could not find available pipeline of type:RATIS and factor:THREE even after retrying
2019-09-19 09:57:15,765 [IPC Server handler 9 on 37935] ERROR pipeline.PipelinePlacementPolicy (PipelinePlacementPolicy.java:meetCriteria(91)) - Pipeline Placement: Doesn't meet the criteria to be viable node. Heaviness: 6
2019-09-19 09:57:15,765 [IPC Server handler 9 on 37935] ERROR pipeline.PipelinePlacementPolicy (PipelinePlacementPolicy.java:meetCriteria(91)) - Pipeline Placement: Doesn't meet the criteria to be viable node. Heaviness: 6
2019-09-19 09:57:15,765 [IPC Server handler 9 on 37935] ERROR pipeline.PipelinePlacementPolicy (PipelinePlacementPolicy.java:meetCriteria(91)) - Pipeline Placement: Doesn't meet the criteria to be viable node. Heaviness: 6
2019-09-19 09:57:15,766 [IPC Server handler 9 on 37935] ERROR pipeline.PipelinePlacementPolicy (PipelinePlacementPolicy.java:meetCriteria(91)) - Pipeline Placement: Doesn't meet the criteria to be viable node. Heaviness: 6
2019-09-19 09:57:15,765 [IPC Server handler 12 on 37935] ERROR block.BlockManagerImpl (BlockManagerImpl.java:allocateBlock(222)) - Unable to allocate a block for the size: 4194304, type: RATIS, factor: THREE
2019-09-19 09:57:15,766 [IPC Server handler 9 on 37935] ERROR pipeline.PipelinePlacementPolicy (PipelinePlacementPolicy.java:filterViableNodes(146)) - Unable to find enough nodes that meet the criteria that cannot engage in more than 5 pipelines. Nodes required: 3 Found: 0, healthy nodes count inNodeManager: 5.
2019-09-19 09:57:15,766 | INFO  | SCMAudit | user=jenkins1000 | ip=192.168.34.5 | op=ALLOCATE_BLOCK {owner=94045a59-d067-459b-826a-45df52f311e2, size=4194304, type=RATIS, factor=THREE} | ret=SUCCESS |  
2019-09-19 09:57:15,766 [IPC Server handler 9 on 37935] ERROR pipeline.SCMPipelineManager (SCMPipelineManager.java:createPipeline(161)) - Pipeline creation failed due to exception: Unable to find enough nodes that meet the criteria that cannot engage in more than 5 pipelines. Nodes required: 3 Found: 0, healthy nodes count inNodeManager: 5.
2019-09-19 09:57:15,766 [IPC Server handler 9 on 37935] WARN  block.BlockManagerImpl (BlockManagerImpl.java:allocateBlock(192)) - Pipeline creation failed for type:RATIS factor:THREE. Retrying get pipelines call once.
org.apache.hadoop.hdds.scm.exceptions.SCMException: Unable to find enough nodes that meet the criteria that cannot engage in more than 5 pipelines. Nodes required: 3 Found: 0, healthy nodes count inNodeManager: 5.
	at org.apache.hadoop.hdds.scm.pipeline.PipelinePlacementPolicy.filterViableNodes(PipelinePlacementPolicy.java:147)
	at org.apache.hadoop.hdds.scm.pipeline.PipelinePlacementPolicy.chooseDatanodes(PipelinePlacementPolicy.java:170)
	at org.apache.hadoop.hdds.scm.pipeline.RatisPipelineProvider.create(RatisPipelineProvider.java:92)
	at org.apache.hadoop.hdds.scm.pipeline.PipelineFactory.create(PipelineFactory.java:57)
	at org.apache.hadoop.hdds.scm.pipeline.SCMPipelineManager.createPipeline(SCMPipelineManager.java:149)
	at org.apache.hadoop.hdds.scm.block.BlockManagerImpl.allocateBlock(BlockManagerImpl.java:190)
	at org.apache.hadoop.hdds.scm.server.SCMBlockProtocolServer.allocateBlock(SCMBlockProtocolServer.java:175)
	at org.apache.hadoop.ozone.protocolPB.ScmBlockLocationProtocolServerSideTranslatorPB.allocateScmBlock(ScmBlockLocationProtocolServerSideTranslatorPB.java:153)
	at org.apache.hadoop.ozone.protocolPB.ScmBlockLocationProtocolServerSideTranslatorPB.send(ScmBlockLocationProtocolServerSideTranslatorPB.java:112)
	at org.apache.hadoop.hdds.protocol.proto.ScmBlockLocationProtocolProtos$ScmBlockLocationProtocolService$2.callBlockingMethod(ScmBlockLocationProtocolProtos.java:13157)
	at org.apache.hadoop.ipc.ProtobufRpcEngine$Server$ProtoBufRpcInvoker.call(ProtobufRpcEngine.java:524)
	at org.apache.hadoop.ipc.RPC$Server.call(RPC.java:1025)
	at org.apache.hadoop.ipc.Server$RpcCall.run(Server.java:876)
	at org.apache.hadoop.ipc.Server$RpcCall.run(Server.java:822)
	at java.security.AccessController.doPrivileged(Native Method)
	at javax.security.auth.Subject.doAs(Subject.java:422)
	at org.apache.hadoop.security.UserGroupInformation.doAs(UserGroupInformation.java:1730)
	at org.apache.hadoop.ipc.Server$Handler.run(Server.java:2682)
2019-09-19 09:57:15,766 [IPC Server handler 3 on 37935] INFO  block.BlockManagerImpl (BlockManagerImpl.java:allocateBlock(198)) - Could not find available pipeline of type:RATIS and factor:THREE even after retrying
2019-09-19 09:57:15,767 [IPC Server handler 9 on 37935] INFO  block.BlockManagerImpl (BlockManagerImpl.java:allocateBlock(198)) - Could not find available pipeline of type:RATIS and factor:THREE even after retrying
2019-09-19 09:57:15,769 [IPC Server handler 9 on 37935] ERROR block.BlockManagerImpl (BlockManagerImpl.java:allocateBlock(222)) - Unable to allocate a block for the size: 4194304, type: RATIS, factor: THREE
2019-09-19 09:57:15,767 | ERROR | OMAudit | user=jenkins1000 | ip=127.0.0.1 | op=ALLOCATE_KEY {volume=vol-1-41365, bucket=bucket-2-40692, key=key-0-26023, dataSize=10240, replicationType=RATIS, replicationFactor=THREE, keyLocationInfo=null} | ret=FAILURE | org.apache.hadoop.hdds.scm.exceptions.SCMException: Allocated 0 blocks. Requested 1 blocks
	at org.apache.hadoop.hdds.scm.protocolPB.ScmBlockLocationProtocolClientSideTranslatorPB.handleError(ScmBlockLocationProtocolClientSideTranslatorPB.java:118)
	at org.apache.hadoop.hdds.scm.protocolPB.ScmBlockLocationProtocolClientSideTranslatorPB.allocateBlock(ScmBlockLocationProtocolClientSideTranslatorPB.java:156) 
2019-09-19 09:57:15,767 [IPC Server handler 3 on 37935] ERROR block.BlockManagerImpl (BlockManagerImpl.java:allocateBlock(222)) - Unable to allocate a block for the size: 4194304, type: RATIS, factor: THREE
2019-09-19 09:57:15,769 | INFO  | SCMAudit | user=jenkins1000 | ip=192.168.34.5 | op=ALLOCATE_BLOCK {owner=94045a59-d067-459b-826a-45df52f311e2, size=4194304, type=RATIS, factor=THREE} | ret=SUCCESS |  
2019-09-19 09:57:15,769 | INFO  | SCMAudit | user=jenkins1000 | ip=192.168.34.5 | op=ALLOCATE_BLOCK {owner=94045a59-d067-459b-826a-45df52f311e2, size=4194304, type=RATIS, factor=THREE} | ret=SUCCESS |  
2019-09-19 09:57:15,769 [pool-80-thread-5] ERROR freon.RandomKeyGenerator (RandomKeyGenerator.java:createKey(724)) - Exception while adding key: key-0-26023 in bucket: bucket-2-40692 of volume: vol-1-41365.
INTERNAL_ERROR org.apache.hadoop.ozone.om.exceptions.OMException: Allocated 0 blocks. Requested 1 blocks
	at org.apache.hadoop.ozone.om.protocolPB.OzoneManagerProtocolClientSideTranslatorPB.handleError(OzoneManagerProtocolClientSideTranslatorPB.java:725)
	at org.apache.hadoop.ozone.om.protocolPB.OzoneManagerProtocolClientSideTranslatorPB.openKey(OzoneManagerProtocolClientSideTranslatorPB.java:716)
	at org.apache.hadoop.ozone.client.rpc.RpcClient.createKey(RpcClient.java:615)
	at org.apache.hadoop.ozone.client.OzoneBucket.createKey(OzoneBucket.java:323)
	at org.apache.hadoop.ozone.freon.RandomKeyGenerator.createKey(RandomKeyGenerator.java:686)
	at org.apache.hadoop.ozone.freon.RandomKeyGenerator.access$1100(RandomKeyGenerator.java:87)
	at org.apache.hadoop.ozone.freon.RandomKeyGenerator$ObjectCreator.run(RandomKeyGenerator.java:606)
	at java.util.concurrent.Executors$RunnableAdapter.call(Executors.java:511)
	at java.util.concurrent.FutureTask.run(FutureTask.java:266)
	at java.util.concurrent.ThreadPoolExecutor.runWorker(ThreadPoolExecutor.java:1149)
	at java.util.concurrent.ThreadPoolExecutor$Worker.run(ThreadPoolExecutor.java:624)
	at java.lang.Thread.run(Thread.java:748)
2019-09-19 09:57:15,770 | ERROR | OMAudit | user=jenkins1000 | ip=127.0.0.1 | op=ALLOCATE_KEY {volume=vol-0-09629, bucket=bucket-3-77836, key=key-0-01512, dataSize=10240, replicationType=RATIS, replicationFactor=THREE, keyLocationInfo=null} | ret=FAILURE | org.apache.hadoop.hdds.scm.exceptions.SCMException: Allocated 0 blocks. Requested 1 blocks
	at org.apache.hadoop.hdds.scm.protocolPB.ScmBlockLocationProtocolClientSideTranslatorPB.handleError(ScmBlockLocationProtocolClientSideTranslatorPB.java:118)
	at org.apache.hadoop.hdds.scm.protocolPB.ScmBlockLocationProtocolClientSideTranslatorPB.allocateBlock(ScmBlockLocationProtocolClientSideTranslatorPB.java:156) 
2019-09-19 09:57:15,771 | ERROR | OMAudit | user=jenkins1000 | ip=127.0.0.1 | op=ALLOCATE_KEY {volume=vol-0-09629, bucket=bucket-1-34347, key=key-0-80535, dataSize=10240, replicationType=RATIS, replicationFactor=THREE, keyLocationInfo=null} | ret=FAILURE | org.apache.hadoop.hdds.scm.exceptions.SCMException: Allocated 0 blocks. Requested 1 blocks
	at org.apache.hadoop.hdds.scm.protocolPB.ScmBlockLocationProtocolClientSideTranslatorPB.handleError(ScmBlockLocationProtocolClientSideTranslatorPB.java:118)
	at org.apache.hadoop.hdds.scm.protocolPB.ScmBlockLocationProtocolClientSideTranslatorPB.allocateBlock(ScmBlockLocationProtocolClientSideTranslatorPB.java:156) 
2019-09-19 09:57:15,778 [pool-80-thread-7] ERROR freon.RandomKeyGenerator (RandomKeyGenerator.java:createKey(724)) - Exception while adding key: key-0-01512 in bucket: bucket-3-77836 of volume: vol-0-09629.
INTERNAL_ERROR org.apache.hadoop.ozone.om.exceptions.OMException: Allocated 0 blocks. Requested 1 blocks
	at org.apache.hadoop.ozone.om.protocolPB.OzoneManagerProtocolClientSideTranslatorPB.handleError(OzoneManagerProtocolClientSideTranslatorPB.java:725)
	at org.apache.hadoop.ozone.om.protocolPB.OzoneManagerProtocolClientSideTranslatorPB.openKey(OzoneManagerProtocolClientSideTranslatorPB.java:716)
	at org.apache.hadoop.ozone.client.rpc.RpcClient.createKey(RpcClient.java:615)
	at org.apache.hadoop.ozone.client.OzoneBucket.createKey(OzoneBucket.java:323)
	at org.apache.hadoop.ozone.freon.RandomKeyGenerator.createKey(RandomKeyGenerator.java:686)
	at org.apache.hadoop.ozone.freon.RandomKeyGenerator.access$1100(RandomKeyGenerator.java:87)
	at org.apache.hadoop.ozone.freon.RandomKeyGenerator$ObjectCreator.run(RandomKeyGenerator.java:606)
	at java.util.concurrent.Executors$RunnableAdapter.call(Executors.java:511)
	at java.util.concurrent.FutureTask.run(FutureTask.java:266)
	at java.util.concurrent.ThreadPoolExecutor.runWorker(ThreadPoolExecutor.java:1149)
	at java.util.concurrent.ThreadPoolExecutor$Worker.run(ThreadPoolExecutor.java:624)
	at java.lang.Thread.run(Thread.java:748)
2019-09-19 09:57:15,778 [pool-80-thread-3] ERROR freon.RandomKeyGenerator (RandomKeyGenerator.java:createKey(724)) - Exception while adding key: key-0-80535 in bucket: bucket-1-34347 of volume: vol-0-09629.
INTERNAL_ERROR org.apache.hadoop.ozone.om.exceptions.OMException: Allocated 0 blocks. Requested 1 blocks
	at org.apache.hadoop.ozone.om.protocolPB.OzoneManagerProtocolClientSideTranslatorPB.handleError(OzoneManagerProtocolClientSideTranslatorPB.java:725)
	at org.apache.hadoop.ozone.om.protocolPB.OzoneManagerProtocolClientSideTranslatorPB.openKey(OzoneManagerProtocolClientSideTranslatorPB.java:716)
	at org.apache.hadoop.ozone.client.rpc.RpcClient.createKey(RpcClient.java:615)
	at org.apache.hadoop.ozone.client.OzoneBucket.createKey(OzoneBucket.java:323)
	at org.apache.hadoop.ozone.freon.RandomKeyGenerator.createKey(RandomKeyGenerator.java:686)
	at org.apache.hadoop.ozone.freon.RandomKeyGenerator.access$1100(RandomKeyGenerator.java:87)
	at org.apache.hadoop.ozone.freon.RandomKeyGenerator$ObjectCreator.run(RandomKeyGenerator.java:606)
	at java.util.concurrent.Executors$RunnableAdapter.call(Executors.java:511)
	at java.util.concurrent.FutureTask.run(FutureTask.java:266)
	at java.util.concurrent.ThreadPoolExecutor.runWorker(ThreadPoolExecutor.java:1149)
	at java.util.concurrent.ThreadPoolExecutor$Worker.run(ThreadPoolExecutor.java:624)
	at java.lang.Thread.run(Thread.java:748)
2019-09-19 09:57:16,011 | INFO  | SCMAudit | user=jenkins1000 | ip=192.168.34.5 | op=SEND_HEARTBEAT {datanodeUUID=c5d53031-865d-4491-9cd3-c718532e281c, command=[]} | ret=SUCCESS |  
2019-09-19 09:57:16,011 | INFO  | SCMAudit | user=jenkins1000 | ip=192.168.34.5 | op=SEND_HEARTBEAT {datanodeUUID=ce8f9236-bba2-4942-9bf9-b4bb96b280ac, command=[]} | ret=SUCCESS |  
2019-09-19 09:57:16,082 | INFO  | SCMAudit | user=jenkins1000 | ip=192.168.34.5 | op=SEND_HEARTBEAT {datanodeUUID=4490b81b-0ef7-4125-ad05-765de4ccf1d4, command=[]} | ret=SUCCESS |  
2019-09-19 09:57:16,347 | INFO  | SCMAudit | user=jenkins1000 | ip=192.168.34.5 | op=SEND_HEARTBEAT {datanodeUUID=39b9d8f1-cc47-4624-b4ed-3b44777a4379, command=[]} | ret=SUCCESS |  
2019-09-19 09:57:16,579 | INFO  | SCMAudit | user=jenkins1000 | ip=192.168.34.5 | op=SEND_HEARTBEAT {datanodeUUID=19cf0631-d0d9-4f40-8587-54276d2ac576, command=[]} | ret=SUCCESS |  
 0.00% |█                                                                                                    |  0/100 Time: 0:00:012019-09-19 09:57:17,011 | INFO  | SCMAudit | user=jenkins1000 | ip=192.168.34.5 | op=SEND_HEARTBEAT {datanodeUUID=c5d53031-865d-4491-9cd3-c718532e281c, command=[]} | ret=SUCCESS |  
2019-09-19 09:57:17,011 | INFO  | SCMAudit | user=jenkins1000 | ip=192.168.34.5 | op=SEND_HEARTBEAT {datanodeUUID=ce8f9236-bba2-4942-9bf9-b4bb96b280ac, command=[]} | ret=SUCCESS |  
2019-09-19 09:57:17,082 | INFO  | SCMAudit | user=jenkins1000 | ip=192.168.34.5 | op=SEND_HEARTBEAT {datanodeUUID=4490b81b-0ef7-4125-ad05-765de4ccf1d4, command=[]} | ret=SUCCESS |  
2019-09-19 09:57:17,347 | INFO  | SCMAudit | user=jenkins1000 | ip=192.168.34.5 | op=SEND_HEARTBEAT {datanodeUUID=39b9d8f1-cc47-4624-b4ed-3b44777a4379, command=[]} | ret=SUCCESS |  
2019-09-19 09:57:17,579 | INFO  | SCMAudit | user=jenkins1000 | ip=192.168.34.5 | op=SEND_HEARTBEAT {datanodeUUID=19cf0631-d0d9-4f40-8587-54276d2ac576, command=[]} | ret=SUCCESS |  
 0.00% |█                                                                                                    |  0/100 Time: 0:00:022019-09-19 09:57:18,011 | INFO  | SCMAudit | user=jenkins1000 | ip=192.168.34.5 | op=SEND_HEARTBEAT {datanodeUUID=c5d53031-865d-4491-9cd3-c718532e281c, command=[]} | ret=SUCCESS |  
2019-09-19 09:57:18,011 | INFO  | SCMAudit | user=jenkins1000 | ip=192.168.34.5 | op=SEND_HEARTBEAT {datanodeUUID=ce8f9236-bba2-4942-9bf9-b4bb96b280ac, command=[]} | ret=SUCCESS |  
2019-09-19 09:57:18,082 | INFO  | SCMAudit | user=jenkins1000 | ip=192.168.34.5 | op=SEND_HEARTBEAT {datanodeUUID=4490b81b-0ef7-4125-ad05-765de4ccf1d4, command=[]} | ret=SUCCESS |  
2019-09-19 09:57:18,347 | INFO  | SCMAudit | user=jenkins1000 | ip=192.168.34.5 | op=SEND_HEARTBEAT {datanodeUUID=39b9d8f1-cc47-4624-b4ed-3b44777a4379, command=[]} | ret=SUCCESS |  
2019-09-19 09:57:18,578 | INFO  | SCMAudit | user=jenkins1000 | ip=192.168.34.5 | op=SEND_HEARTBEAT {datanodeUUID=19cf0631-d0d9-4f40-8587-54276d2ac576, command=[]} | ret=SUCCESS |  
 0.00% |█                                                                                                    |  0/100 Time: 0:00:032019-09-19 09:57:19,012 | INFO  | SCMAudit | user=jenkins1000 | ip=192.168.34.5 | op=SEND_HEARTBEAT {datanodeUUID=c5d53031-865d-4491-9cd3-c718532e281c, command=[]} | ret=SUCCESS |  
2019-09-19 09:57:19,012 | INFO  | SCMAudit | user=jenkins1000 | ip=192.168.34.5 | op=SEND_HEARTBEAT {datanodeUUID=ce8f9236-bba2-4942-9bf9-b4bb96b280ac, command=[]} | ret=SUCCESS |  
2019-09-19 09:57:19,083 | INFO  | SCMAudit | user=jenkins1000 | ip=192.168.34.5 | op=SEND_HEARTBEAT {datanodeUUID=4490b81b-0ef7-4125-ad05-765de4ccf1d4, command=[]} | ret=SUCCESS |  
2019-09-19 09:57:19,349 | INFO  | SCMAudit | user=jenkins1000 | ip=192.168.34.5 | op=SEND_HEARTBEAT {datanodeUUID=39b9d8f1-cc47-4624-b4ed-3b44777a4379, command=[]} | ret=SUCCESS |  
2019-09-19 09:57:19,578 | INFO  | SCMAudit | user=jenkins1000 | ip=192.168.34.5 | op=SEND_HEARTBEAT {datanodeUUID=19cf0631-d0d9-4f40-8587-54276d2ac576, command=[]} | ret=SUCCESS |  
 0.00% |█                                                                                                    |  0/100 Time: 0:00:042019-09-19 09:57:20,012 | INFO  | SCMAudit | user=jenkins1000 | ip=192.168.34.5 | op=SEND_HEARTBEAT {datanodeUUID=c5d53031-865d-4491-9cd3-c718532e281c, command=[]} | ret=SUCCESS |  
2019-09-19 09:57:20,012 | INFO  | SCMAudit | user=jenkins1000 | ip=192.168.34.5 | op=SEND_HEARTBEAT {datanodeUUID=ce8f9236-bba2-4942-9bf9-b4bb96b280ac, command=[]} | ret=SUCCESS |  
2019-09-19 09:57:20,082 | INFO  | SCMAudit | user=jenkins1000 | ip=192.168.34.5 | op=SEND_HEARTBEAT {datanodeUUID=4490b81b-0ef7-4125-ad05-765de4ccf1d4, command=[]} | ret=SUCCESS |  
2019-09-19 09:57:20,349 | INFO  | SCMAudit | user=jenkins1000 | ip=192.168.34.5 | op=SEND_HEARTBEAT {datanodeUUID=39b9d8f1-cc47-4624-b4ed-3b44777a4379, command=[]} | ret=SUCCESS |  
2019-09-19 09:57:20,579 | INFO  | SCMAudit | user=jenkins1000 | ip=192.168.34.5 | op=SEND_HEARTBEAT {datanodeUUID=19cf0631-d0d9-4f40-8587-54276d2ac576, command=[]} | ret=SUCCESS |  
 100.00% |█████████████████████████████████████████████████████████████████████████████████████████████████████|  100/100 Time: 0:00:05
2019-09-19 09:57:21,013 | INFO  | SCMAudit | user=jenkins1000 | ip=192.168.34.5 | op=SEND_HEARTBEAT {datanodeUUID=ce8f9236-bba2-4942-9bf9-b4bb96b280ac, command=[]} | ret=SUCCESS |  
2019-09-19 09:57:21,013 | INFO  | SCMAudit | user=jenkins1000 | ip=192.168.34.5 | op=SEND_HEARTBEAT {datanodeUUID=c5d53031-865d-4491-9cd3-c718532e281c, command=[]} | ret=SUCCESS |  
2019-09-19 09:57:21,082 | INFO  | SCMAudit | user=jenkins1000 | ip=192.168.34.5 | op=SEND_HEARTBEAT {datanodeUUID=4490b81b-0ef7-4125-ad05-765de4ccf1d4, command=[]} | ret=SUCCESS |  
2019-09-19 09:57:21,349 | INFO  | SCMAudit | user=jenkins1000 | ip=192.168.34.5 | op=SEND_HEARTBEAT {datanodeUUID=39b9d8f1-cc47-4624-b4ed-3b44777a4379, command=[]} | ret=SUCCESS |  
2019-09-19 09:57:21,579 | INFO  | SCMAudit | user=jenkins1000 | ip=192.168.34.5 | op=SEND_HEARTBEAT {datanodeUUID=19cf0631-d0d9-4f40-8587-54276d2ac576, command=[]} | ret=SUCCESS |  
2019-09-19 09:57:22,012 | INFO  | SCMAudit | user=jenkins1000 | ip=192.168.34.5 | op=SEND_HEARTBEAT {datanodeUUID=c5d53031-865d-4491-9cd3-c718532e281c, command=[]} | ret=SUCCESS |  
2019-09-19 09:57:22,012 | INFO  | SCMAudit | user=jenkins1000 | ip=192.168.34.5 | op=SEND_HEARTBEAT {datanodeUUID=ce8f9236-bba2-4942-9bf9-b4bb96b280ac, command=[]} | ret=SUCCESS |  
2019-09-19 09:57:22,082 | INFO  | SCMAudit | user=jenkins1000 | ip=192.168.34.5 | op=SEND_HEARTBEAT {datanodeUUID=4490b81b-0ef7-4125-ad05-765de4ccf1d4, command=[]} | ret=SUCCESS |  
2019-09-19 09:57:22,349 | INFO  | SCMAudit | user=jenkins1000 | ip=192.168.34.5 | op=SEND_HEARTBEAT {datanodeUUID=39b9d8f1-cc47-4624-b4ed-3b44777a4379, command=[]} | ret=SUCCESS |  
2019-09-19 09:57:22,580 | INFO  | SCMAudit | user=jenkins1000 | ip=192.168.34.5 | op=SEND_HEARTBEAT {datanodeUUID=19cf0631-d0d9-4f40-8587-54276d2ac576, command=[]} | ret=SUCCESS |  
2019-09-19 09:57:23,012 | INFO  | SCMAudit | user=jenkins1000 | ip=192.168.34.5 | op=SEND_HEARTBEAT {datanodeUUID=c5d53031-865d-4491-9cd3-c718532e281c, command=[]} | ret=SUCCESS |  
2019-09-19 09:57:23,012 | INFO  | SCMAudit | user=jenkins1000 | ip=192.168.34.5 | op=SEND_HEARTBEAT {datanodeUUID=ce8f9236-bba2-4942-9bf9-b4bb96b280ac, command=[]} | ret=SUCCESS |  
2019-09-19 09:57:23,082 | INFO  | SCMAudit | user=jenkins1000 | ip=192.168.34.5 | op=SEND_HEARTBEAT {datanodeUUID=4490b81b-0ef7-4125-ad05-765de4ccf1d4, command=[]} | ret=SUCCESS |  
2019-09-19 09:57:23,349 | INFO  | SCMAudit | user=jenkins1000 | ip=192.168.34.5 | op=SEND_HEARTBEAT {datanodeUUID=39b9d8f1-cc47-4624-b4ed-3b44777a4379, command=[]} | ret=SUCCESS |  
2019-09-19 09:57:23,580 | INFO  | SCMAudit | user=jenkins1000 | ip=192.168.34.5 | op=SEND_HEARTBEAT {datanodeUUID=19cf0631-d0d9-4f40-8587-54276d2ac576, command=[]} | ret=SUCCESS |  
2019-09-19 09:57:24,012 | INFO  | SCMAudit | user=jenkins1000 | ip=192.168.34.5 | op=SEND_HEARTBEAT {datanodeUUID=ce8f9236-bba2-4942-9bf9-b4bb96b280ac, command=[]} | ret=SUCCESS |  
2019-09-19 09:57:24,012 | INFO  | SCMAudit | user=jenkins1000 | ip=192.168.34.5 | op=SEND_HEARTBEAT {datanodeUUID=c5d53031-865d-4491-9cd3-c718532e281c, command=[]} | ret=SUCCESS |  
2019-09-19 09:57:24,082 | INFO  | SCMAudit | user=jenkins1000 | ip=192.168.34.5 | op=SEND_HEARTBEAT {datanodeUUID=4490b81b-0ef7-4125-ad05-765de4ccf1d4, command=[]} | ret=SUCCESS |  
2019-09-19 09:57:24,350 | INFO  | SCMAudit | user=jenkins1000 | ip=192.168.34.5 | op=SEND_HEARTBEAT {datanodeUUID=39b9d8f1-cc47-4624-b4ed-3b44777a4379, command=[]} | ret=SUCCESS |  
2019-09-19 09:57:24,581 | INFO  | SCMAudit | user=jenkins1000 | ip=192.168.34.5 | op=SEND_HEARTBEAT {datanodeUUID=19cf0631-d0d9-4f40-8587-54276d2ac576, command=[]} | ret=SUCCESS |  
2019-09-19 09:57:25,012 | INFO  | SCMAudit | user=jenkins1000 | ip=192.168.34.5 | op=SEND_HEARTBEAT {datanodeUUID=ce8f9236-bba2-4942-9bf9-b4bb96b280ac, command=[]} | ret=SUCCESS |  
2019-09-19 09:57:25,012 | INFO  | SCMAudit | user=jenkins1000 | ip=192.168.34.5 | op=SEND_HEARTBEAT {datanodeUUID=c5d53031-865d-4491-9cd3-c718532e281c, command=[]} | ret=SUCCESS |  
2019-09-19 09:57:25,082 | INFO  | SCMAudit | user=jenkins1000 | ip=192.168.34.5 | op=SEND_HEARTBEAT {datanodeUUID=4490b81b-0ef7-4125-ad05-765de4ccf1d4, command=[]} | ret=SUCCESS |  
2019-09-19 09:57:25,349 | INFO  | SCMAudit | user=jenkins1000 | ip=192.168.34.5 | op=SEND_HEARTBEAT {datanodeUUID=39b9d8f1-cc47-4624-b4ed-3b44777a4379, command=[]} | ret=SUCCESS |  
2019-09-19 09:57:25,581 | INFO  | SCMAudit | user=jenkins1000 | ip=192.168.34.5 | op=SEND_HEARTBEAT {datanodeUUID=19cf0631-d0d9-4f40-8587-54276d2ac576, command=[]} | ret=SUCCESS |  
]]></system-out>
  </testcase>
</testsuite>