<?xml version="1.0" encoding="UTF-8"?>
<testsuite xmlns:xsi="http://www.w3.org/2001/XMLSchema-instance" xsi:noNamespaceSchemaLocation="https://maven.apache.org/surefire/maven-surefire-plugin/xsd/surefire-test-report.xsd" name="org.apache.hadoop.ozone.client.rpc.TestWatchForCommit" time="239.871" tests="5" errors="1" skipped="0" failures="0">
  <properties>
    <property name="awt.toolkit" value="sun.awt.X11.XToolkit"/>
    <property name="file.encoding.pkg" value="sun.io"/>
    <property name="java.specification.version" value="1.8"/>
    <property name="sun.cpu.isalist" value=""/>
    <property name="sun.jnu.encoding" value="UTF-8"/>
    <property name="java.class.path" value="/workdir/hadoop-ozone/integration-test/target/test-classes:/workdir/hadoop-ozone/integration-test/target/classes:/home/user/.m2/repository/org/apache/hadoop/hadoop-ozone-common/0.5.0-SNAPSHOT/hadoop-ozone-common-0.5.0-SNAPSHOT.jar:/home/user/.m2/repository/org/apache/commons/commons-compress/1.4.1/commons-compress-1.4.1.jar:/home/user/.m2/repository/org/tukaani/xz/1.0/xz-1.0.jar:/home/user/.m2/repository/org/apache/hadoop/hadoop-common/3.2.0/hadoop-common-3.2.0.jar:/home/user/.m2/repository/org/apache/hadoop/hadoop-hdfs/3.2.0/hadoop-hdfs-3.2.0.jar:/home/user/.m2/repository/org/apache/hadoop/hadoop-hdfs-client/3.2.0/hadoop-hdfs-client-3.2.0.jar:/home/user/.m2/repository/com/fasterxml/jackson/core/jackson-annotations/2.9.5/jackson-annotations-2.9.5.jar:/home/user/.m2/repository/org/apache/hadoop/hadoop-hdds-common/0.5.0-SNAPSHOT/hadoop-hdds-common-0.5.0-SNAPSHOT.jar:/home/user/.m2/repository/javax/annotation/javax.annotation-api/1.2/javax.annotation-api-1.2.jar:/home/user/.m2/repository/org/apache/ratis/ratis-server/0.4.0-78e95b9-SNAPSHOT/ratis-server-0.4.0-78e95b9-SNAPSHOT.jar:/home/user/.m2/repository/org/apache/ratis/ratis-thirdparty-misc/0.2.0/ratis-thirdparty-misc-0.2.0.jar:/home/user/.m2/repository/org/apache/ratis/ratis-proto/0.4.0-78e95b9-SNAPSHOT/ratis-proto-0.4.0-78e95b9-SNAPSHOT.jar:/home/user/.m2/repository/org/apache/ratis/ratis-common/0.4.0-78e95b9-SNAPSHOT/ratis-common-0.4.0-78e95b9-SNAPSHOT.jar:/home/user/.m2/repository/org/apache/ratis/ratis-client/0.4.0-78e95b9-SNAPSHOT/ratis-client-0.4.0-78e95b9-SNAPSHOT.jar:/home/user/.m2/repository/org/apache/ratis/ratis-metrics/0.4.0-78e95b9-SNAPSHOT/ratis-metrics-0.4.0-78e95b9-SNAPSHOT.jar:/home/user/.m2/repository/com/github/joshelser/dropwizard-metrics-hadoop-metrics2-reporter/0.1.2/dropwizard-metrics-hadoop-metrics2-reporter-0.1.2.jar:/home/user/.m2/repository/io/dropwizard/metrics/metrics-jvm/3.2.5/metrics-jvm-3.2.5.jar:/home/user/.m2/repository/io/dropwizard/metrics/metrics-ganglia/3.2.5/metrics-ganglia-3.2.5.jar:/home/user/.m2/repository/info/ganglia/gmetric4j/gmetric4j/1.0.7/gmetric4j-1.0.7.jar:/home/user/.m2/repository/org/apache/ratis/ratis-netty/0.4.0-78e95b9-SNAPSHOT/ratis-netty-0.4.0-78e95b9-SNAPSHOT.jar:/home/user/.m2/repository/org/apache/ratis/ratis-grpc/0.4.0-78e95b9-SNAPSHOT/ratis-grpc-0.4.0-78e95b9-SNAPSHOT.jar:/home/user/.m2/repository/org/rocksdb/rocksdbjni/6.0.1/rocksdbjni-6.0.1.jar:/home/user/.m2/repository/org/apache/logging/log4j/log4j-api/2.11.0/log4j-api-2.11.0.jar:/home/user/.m2/repository/org/apache/logging/log4j/log4j-core/2.11.0/log4j-core-2.11.0.jar:/home/user/.m2/repository/com/lmax/disruptor/3.4.2/disruptor-3.4.2.jar:/home/user/.m2/repository/org/apache/commons/commons-pool2/2.6.0/commons-pool2-2.6.0.jar:/home/user/.m2/repository/org/bouncycastle/bcpkix-jdk15on/1.60/bcpkix-jdk15on-1.60.jar:/home/user/.m2/repository/commons-validator/commons-validator/1.6/commons-validator-1.6.jar:/home/user/.m2/repository/commons-digester/commons-digester/1.8.1/commons-digester-1.8.1.jar:/home/user/.m2/repository/io/jaegertracing/jaeger-client/0.33.1/jaeger-client-0.33.1.jar:/home/user/.m2/repository/io/jaegertracing/jaeger-thrift/0.33.1/jaeger-thrift-0.33.1.jar:/home/user/.m2/repository/org/apache/thrift/libthrift/0.11.0/libthrift-0.11.0.jar:/home/user/.m2/repository/com/squareup/okhttp3/okhttp/3.9.0/okhttp-3.9.0.jar:/home/user/.m2/repository/com/squareup/okio/okio/1.13.0/okio-1.13.0.jar:/home/user/.m2/repository/io/jaegertracing/jaeger-core/0.33.1/jaeger-core-0.33.1.jar:/home/user/.m2/repository/io/jaegertracing/jaeger-tracerresolver/0.33.1/jaeger-tracerresolver-0.33.1.jar:/home/user/.m2/repository/io/opentracing/contrib/opentracing-tracerresolver/0.1.5/opentracing-tracerresolver-0.1.5.jar:/home/user/.m2/repository/io/opentracing/opentracing-util/0.31.0/opentracing-util-0.31.0.jar:/home/user/.m2/repository/io/opentracing/opentracing-api/0.31.0/opentracing-api-0.31.0.jar:/home/user/.m2/repository/io/opentracing/opentracing-noop/0.31.0/opentracing-noop-0.31.0.jar:/home/user/.m2/repository/org/apache/hadoop/hadoop-hdds-server-framework/0.5.0-SNAPSHOT/hadoop-hdds-server-framework-0.5.0-SNAPSHOT.jar:/home/user/.m2/repository/org/apache/hadoop/hadoop-hdds-container-service/0.5.0-SNAPSHOT/hadoop-hdds-container-service-0.5.0-SNAPSHOT.jar:/home/user/.m2/repository/org/apache/hadoop/hadoop-hdds-client/0.5.0-SNAPSHOT/hadoop-hdds-client-0.5.0-SNAPSHOT.jar:/home/user/.m2/repository/org/apache/hadoop/hadoop-hdds-tools/0.5.0-SNAPSHOT/hadoop-hdds-tools-0.5.0-SNAPSHOT.jar:/home/user/.m2/repository/org/apache/hadoop/hadoop-hdds-server-scm/0.5.0-SNAPSHOT/hadoop-hdds-server-scm-0.5.0-SNAPSHOT.jar:/home/user/.m2/repository/org/apache/hadoop/hadoop-hdds-docs/0.5.0-SNAPSHOT/hadoop-hdds-docs-0.5.0-SNAPSHOT.jar:/home/user/.m2/repository/io/dropwizard/metrics/metrics-core/3.2.4/metrics-core-3.2.4.jar:/home/user/.m2/repository/org/hamcrest/hamcrest-all/1.3/hamcrest-all-1.3.jar:/home/user/.m2/repository/org/bouncycastle/bcprov-jdk15on/1.60/bcprov-jdk15on-1.60.jar:/home/user/.m2/repository/info/picocli/picocli/3.9.6/picocli-3.9.6.jar:/home/user/.m2/repository/com/google/protobuf/protobuf-java/2.5.0/protobuf-java-2.5.0.jar:/home/user/.m2/repository/com/google/guava/guava/11.0.2/guava-11.0.2.jar:/home/user/.m2/repository/org/apache/hadoop/hadoop-ozone-ozone-manager/0.5.0-SNAPSHOT/hadoop-ozone-ozone-manager-0.5.0-SNAPSHOT.jar:/home/user/.m2/repository/org/apache/hadoop/hadoop-minikdc/3.2.0/hadoop-minikdc-3.2.0.jar:/home/user/.m2/repository/commons-io/commons-io/2.5/commons-io-2.5.jar:/home/user/.m2/repository/org/apache/kerby/kerb-simplekdc/1.0.1/kerb-simplekdc-1.0.1.jar:/home/user/.m2/repository/org/apache/kerby/kerb-client/1.0.1/kerb-client-1.0.1.jar:/home/user/.m2/repository/org/apache/kerby/kerby-config/1.0.1/kerby-config-1.0.1.jar:/home/user/.m2/repository/org/apache/kerby/kerb-core/1.0.1/kerb-core-1.0.1.jar:/home/user/.m2/repository/org/apache/kerby/kerby-pkix/1.0.1/kerby-pkix-1.0.1.jar:/home/user/.m2/repository/org/apache/kerby/kerby-asn1/1.0.1/kerby-asn1-1.0.1.jar:/home/user/.m2/repository/org/apache/kerby/kerby-util/1.0.1/kerby-util-1.0.1.jar:/home/user/.m2/repository/org/apache/kerby/kerb-common/1.0.1/kerb-common-1.0.1.jar:/home/user/.m2/repository/org/apache/kerby/kerb-crypto/1.0.1/kerb-crypto-1.0.1.jar:/home/user/.m2/repository/org/apache/kerby/kerb-util/1.0.1/kerb-util-1.0.1.jar:/home/user/.m2/repository/org/apache/kerby/token-provider/1.0.1/token-provider-1.0.1.jar:/home/user/.m2/repository/org/apache/kerby/kerb-admin/1.0.1/kerb-admin-1.0.1.jar:/home/user/.m2/repository/org/apache/kerby/kerb-server/1.0.1/kerb-server-1.0.1.jar:/home/user/.m2/repository/org/apache/kerby/kerb-identity/1.0.1/kerb-identity-1.0.1.jar:/home/user/.m2/repository/org/apache/kerby/kerby-xdr/1.0.1/kerby-xdr-1.0.1.jar:/home/user/.m2/repository/org/slf4j/slf4j-log4j12/1.7.25/slf4j-log4j12-1.7.25.jar:/home/user/.m2/repository/org/apache/hadoop/hadoop-ozone-s3gateway/0.5.0-SNAPSHOT/hadoop-ozone-s3gateway-0.5.0-SNAPSHOT.jar:/home/user/.m2/repository/org/jboss/weld/servlet/weld-servlet/2.4.7.Final/weld-servlet-2.4.7.Final.jar:/home/user/.m2/repository/org/glassfish/jersey/containers/jersey-container-servlet-core/2.27/jersey-container-servlet-core-2.27.jar:/home/user/.m2/repository/org/glassfish/hk2/external/javax.inject/2.5.0-b42/javax.inject-2.5.0-b42.jar:/home/user/.m2/repository/org/glassfish/jersey/core/jersey-common/2.27/jersey-common-2.27.jar:/home/user/.m2/repository/org/glassfish/hk2/osgi-resource-locator/1.0.1/osgi-resource-locator-1.0.1.jar:/home/user/.m2/repository/javax/ws/rs/javax.ws.rs-api/2.1/javax.ws.rs-api-2.1.jar:/home/user/.m2/repository/org/glassfish/jersey/ext/cdi/jersey-cdi1x/2.27/jersey-cdi1x-2.27.jar:/home/user/.m2/repository/org/glassfish/jersey/inject/jersey-hk2/2.27/jersey-hk2-2.27.jar:/home/user/.m2/repository/org/glassfish/hk2/hk2-locator/2.5.0-b42/hk2-locator-2.5.0-b42.jar:/home/user/.m2/repository/org/javassist/javassist/3.22.0-CR2/javassist-3.22.0-CR2.jar:/home/user/.m2/repository/org/glassfish/hk2/hk2-api/2.5.0/hk2-api-2.5.0.jar:/home/user/.m2/repository/org/glassfish/hk2/external/jakarta.inject/2.5.0/jakarta.inject-2.5.0.jar:/home/user/.m2/repository/org/glassfish/hk2/hk2-utils/2.5.0/hk2-utils-2.5.0.jar:/home/user/.m2/repository/jakarta/annotation/jakarta.annotation-api/1.3.4/jakarta.annotation-api-1.3.4.jar:/home/user/.m2/repository/org/glassfish/hk2/external/aopalliance-repackaged/2.5.0/aopalliance-repackaged-2.5.0.jar:/home/user/.m2/repository/com/fasterxml/jackson/dataformat/jackson-dataformat-xml/2.9.0/jackson-dataformat-xml-2.9.0.jar:/home/user/.m2/repository/com/fasterxml/jackson/core/jackson-core/2.9.5/jackson-core-2.9.5.jar:/home/user/.m2/repository/com/fasterxml/jackson/module/jackson-module-jaxb-annotations/2.9.5/jackson-module-jaxb-annotations-2.9.5.jar:/home/user/.m2/repository/javax/enterprise/cdi-api/1.2/cdi-api-1.2.jar:/home/user/.m2/repository/javax/el/javax.el-api/3.0.0/javax.el-api-3.0.0.jar:/home/user/.m2/repository/javax/interceptor/javax.interceptor-api/1.2/javax.interceptor-api-1.2.jar:/home/user/.m2/repository/javax/inject/javax.inject/1/javax.inject-1.jar:/home/user/.m2/repository/com/sun/xml/bind/jaxb-impl/2.3.0.1/jaxb-impl-2.3.0.1.jar:/home/user/.m2/repository/com/sun/xml/bind/jaxb-core/2.3.0.1/jaxb-core-2.3.0.1.jar:/home/user/.m2/repository/javax/xml/bind/jaxb-api/2.3.0/jaxb-api-2.3.0.jar:/home/user/.m2/repository/javax/activation/activation/1.1.1/activation-1.1.1.jar:/home/user/.m2/repository/org/apache/hadoop/hadoop-ozone-csi/0.5.0-SNAPSHOT/hadoop-ozone-csi-0.5.0-SNAPSHOT.jar:/home/user/.m2/repository/com/google/protobuf/protobuf-java-util/3.5.1/protobuf-java-util-3.5.1.jar:/home/user/.m2/repository/org/apache/hadoop/hadoop-hdds-config/0.5.0-SNAPSHOT/hadoop-hdds-config-0.5.0-SNAPSHOT.jar:/home/user/.m2/repository/io/grpc/grpc-netty/1.17.1/grpc-netty-1.17.1.jar:/home/user/.m2/repository/io/grpc/grpc-core/1.17.1/grpc-core-1.17.1.jar:/home/user/.m2/repository/io/grpc/grpc-context/1.17.1/grpc-context-1.17.1.jar:/home/user/.m2/repository/com/google/errorprone/error_prone_annotations/2.2.0/error_prone_annotations-2.2.0.jar:/home/user/.m2/repository/org/codehaus/mojo/animal-sniffer-annotations/1.17/animal-sniffer-annotations-1.17.jar:/home/user/.m2/repository/io/opencensus/opencensus-api/0.17.0/opencensus-api-0.17.0.jar:/home/user/.m2/repository/io/opencensus/opencensus-contrib-grpc-metrics/0.17.0/opencensus-contrib-grpc-metrics-0.17.0.jar:/home/user/.m2/repository/io/netty/netty-codec-http2/4.1.30.Final/netty-codec-http2-4.1.30.Final.jar:/home/user/.m2/repository/io/netty/netty-codec-http/4.1.30.Final/netty-codec-http-4.1.30.Final.jar:/home/user/.m2/repository/io/netty/netty-codec/4.1.30.Final/netty-codec-4.1.30.Final.jar:/home/user/.m2/repository/io/netty/netty-handler/4.1.30.Final/netty-handler-4.1.30.Final.jar:/home/user/.m2/repository/io/netty/netty-handler-proxy/4.1.30.Final/netty-handler-proxy-4.1.30.Final.jar:/home/user/.m2/repository/io/netty/netty-codec-socks/4.1.30.Final/netty-codec-socks-4.1.30.Final.jar:/home/user/.m2/repository/io/netty/netty-transport-native-epoll/4.1.30.Final/netty-transport-native-epoll-4.1.30.Final.jar:/home/user/.m2/repository/io/netty/netty-common/4.1.30.Final/netty-common-4.1.30.Final.jar:/home/user/.m2/repository/io/netty/netty-buffer/4.1.30.Final/netty-buffer-4.1.30.Final.jar:/home/user/.m2/repository/io/netty/netty-transport/4.1.30.Final/netty-transport-4.1.30.Final.jar:/home/user/.m2/repository/io/netty/netty-resolver/4.1.30.Final/netty-resolver-4.1.30.Final.jar:/home/user/.m2/repository/io/netty/netty-transport-native-unix-common/4.1.30.Final/netty-transport-native-unix-common-4.1.30.Final.jar:/home/user/.m2/repository/io/grpc/grpc-protobuf/1.17.1/grpc-protobuf-1.17.1.jar:/home/user/.m2/repository/com/google/api/grpc/proto-google-common-protos/1.0.0/proto-google-common-protos-1.0.0.jar:/home/user/.m2/repository/io/grpc/grpc-protobuf-lite/1.17.1/grpc-protobuf-lite-1.17.1.jar:/home/user/.m2/repository/io/grpc/grpc-stub/1.17.1/grpc-stub-1.17.1.jar:/home/user/.m2/repository/org/apache/hadoop/hadoop-ozone-recon/0.5.0-SNAPSHOT/hadoop-ozone-recon-0.5.0-SNAPSHOT.jar:/home/user/.m2/repository/org/apache/hadoop/hadoop-ozone-reconcodegen/0.5.0-SNAPSHOT/hadoop-ozone-reconcodegen-0.5.0-SNAPSHOT.jar:/home/user/.m2/repository/com/google/inject/extensions/guice-multibindings/4.0/guice-multibindings-4.0.jar:/home/user/.m2/repository/com/google/inject/guice/4.0/guice-4.0.jar:/home/user/.m2/repository/aopalliance/aopalliance/1.0/aopalliance-1.0.jar:/home/user/.m2/repository/com/google/inject/extensions/guice-servlet/4.0/guice-servlet-4.0.jar:/home/user/.m2/repository/org/glassfish/jersey/containers/jersey-container-servlet/2.27/jersey-container-servlet-2.27.jar:/home/user/.m2/repository/org/glassfish/hk2/guice-bridge/2.5.0/guice-bridge-2.5.0.jar:/home/user/.m2/repository/org/glassfish/jersey/core/jersey-server/2.27/jersey-server-2.27.jar:/home/user/.m2/repository/org/glassfish/jersey/core/jersey-client/2.27/jersey-client-2.27.jar:/home/user/.m2/repository/org/glassfish/jersey/media/jersey-media-jaxb/2.27/jersey-media-jaxb-2.27.jar:/home/user/.m2/repository/javax/validation/validation-api/1.1.0.Final/validation-api-1.1.0.Final.jar:/home/user/.m2/repository/org/glassfish/jersey/media/jersey-media-json-jackson/2.27/jersey-media-json-jackson-2.27.jar:/home/user/.m2/repository/org/glassfish/jersey/ext/jersey-entity-filtering/2.27/jersey-entity-filtering-2.27.jar:/home/user/.m2/repository/com/google/inject/extensions/guice-assistedinject/4.0/guice-assistedinject-4.0.jar:/home/user/.m2/repository/org/jooq/jooq/3.11.10/jooq-3.11.10.jar:/home/user/.m2/repository/org/jooq/jooq-meta/3.11.10/jooq-meta-3.11.10.jar:/home/user/.m2/repository/org/jooq/jooq-codegen/3.11.10/jooq-codegen-3.11.10.jar:/home/user/.m2/repository/com/jolbox/bonecp/0.8.0.RELEASE/bonecp-0.8.0.RELEASE.jar:/home/user/.m2/repository/org/xerial/sqlite-jdbc/3.25.2/sqlite-jdbc-3.25.2.jar:/home/user/.m2/repository/org/springframework/spring-jdbc/5.1.3.RELEASE/spring-jdbc-5.1.3.RELEASE.jar:/home/user/.m2/repository/org/springframework/spring-beans/5.1.3.RELEASE/spring-beans-5.1.3.RELEASE.jar:/home/user/.m2/repository/org/springframework/spring-core/5.1.3.RELEASE/spring-core-5.1.3.RELEASE.jar:/home/user/.m2/repository/org/springframework/spring-jcl/5.1.3.RELEASE/spring-jcl-5.1.3.RELEASE.jar:/home/user/.m2/repository/org/springframework/spring-tx/5.1.3.RELEASE/spring-tx-5.1.3.RELEASE.jar:/home/user/.m2/repository/org/apache/hadoop/hadoop-ozone-client/0.5.0-SNAPSHOT/hadoop-ozone-client-0.5.0-SNAPSHOT.jar:/home/user/.m2/repository/commons-lang/commons-lang/2.6/commons-lang-2.6.jar:/home/user/.m2/repository/org/apache/hadoop/hadoop-ozone-ozone-manager/0.5.0-SNAPSHOT/hadoop-ozone-ozone-manager-0.5.0-SNAPSHOT-tests.jar:/home/user/.m2/repository/junit/junit/4.11/junit-4.11.jar:/home/user/.m2/repository/org/hamcrest/hamcrest-core/1.3/hamcrest-core-1.3.jar:/home/user/.m2/repository/org/openjdk/jmh/jmh-core/1.19/jmh-core-1.19.jar:/home/user/.m2/repository/net/sf/jopt-simple/jopt-simple/4.6/jopt-simple-4.6.jar:/home/user/.m2/repository/org/apache/commons/commons-math3/3.1.1/commons-math3-3.1.1.jar:/home/user/.m2/repository/org/openjdk/jmh/jmh-generator-annprocess/1.19/jmh-generator-annprocess-1.19.jar:/home/user/.m2/repository/org/mockito/mockito-all/1.8.5/mockito-all-1.8.5.jar:/home/user/.m2/repository/org/apache/hadoop/hadoop-kms/3.2.0/hadoop-kms-3.2.0.jar:/home/user/.m2/repository/org/apache/hadoop/hadoop-auth/3.2.0/hadoop-auth-3.2.0.jar:/home/user/.m2/repository/com/nimbusds/nimbus-jose-jwt/4.41.1/nimbus-jose-jwt-4.41.1.jar:/home/user/.m2/repository/com/github/stephenc/jcip/jcip-annotations/1.0-1/jcip-annotations-1.0-1.jar:/home/user/.m2/repository/net/minidev/json-smart/2.3/json-smart-2.3.jar:/home/user/.m2/repository/net/minidev/accessors-smart/1.2/accessors-smart-1.2.jar:/home/user/.m2/repository/org/ow2/asm/asm/5.0.4/asm-5.0.4.jar:/home/user/.m2/repository/org/apache/curator/curator-framework/2.12.0/curator-framework-2.12.0.jar:/home/user/.m2/repository/com/sun/jersey/jersey-core/1.19/jersey-core-1.19.jar:/home/user/.m2/repository/javax/ws/rs/jsr311-api/1.1.1/jsr311-api-1.1.1.jar:/home/user/.m2/repository/com/sun/jersey/jersey-server/1.19/jersey-server-1.19.jar:/home/user/.m2/repository/javax/servlet/javax.servlet-api/3.1.0/javax.servlet-api-3.1.0.jar:/home/user/.m2/repository/org/eclipse/jetty/jetty-server/9.3.24.v20180605/jetty-server-9.3.24.v20180605.jar:/home/user/.m2/repository/org/eclipse/jetty/jetty-http/9.3.24.v20180605/jetty-http-9.3.24.v20180605.jar:/home/user/.m2/repository/org/eclipse/jetty/jetty-io/9.3.24.v20180605/jetty-io-9.3.24.v20180605.jar:/home/user/.m2/repository/org/eclipse/jetty/jetty-webapp/9.3.24.v20180605/jetty-webapp-9.3.24.v20180605.jar:/home/user/.m2/repository/org/eclipse/jetty/jetty-xml/9.3.24.v20180605/jetty-xml-9.3.24.v20180605.jar:/home/user/.m2/repository/log4j/log4j/1.2.17/log4j-1.2.17.jar:/home/user/.m2/repository/org/slf4j/slf4j-api/1.7.25/slf4j-api-1.7.25.jar:/home/user/.m2/repository/org/slf4j/jul-to-slf4j/1.7.25/jul-to-slf4j-1.7.25.jar:/home/user/.m2/repository/org/eclipse/jetty/jetty-util/9.3.24.v20180605/jetty-util-9.3.24.v20180605.jar:/home/user/.m2/repository/com/fasterxml/jackson/core/jackson-databind/2.9.5/jackson-databind-2.9.5.jar:/home/user/.m2/repository/org/apache/hadoop/hadoop-kms/3.2.0/hadoop-kms-3.2.0-tests.jar:/home/user/.m2/repository/org/apache/hadoop/hadoop-hdds-server-scm/0.5.0-SNAPSHOT/hadoop-hdds-server-scm-0.5.0-SNAPSHOT-tests.jar:/home/user/.m2/repository/org/apache/hadoop/hadoop-hdds-container-service/0.5.0-SNAPSHOT/hadoop-hdds-container-service-0.5.0-SNAPSHOT-tests.jar:/home/user/.m2/repository/org/yaml/snakeyaml/1.16/snakeyaml-1.16.jar:/home/user/.m2/repository/org/apache/hadoop/hadoop-common/3.2.0/hadoop-common-3.2.0-tests.jar:/home/user/.m2/repository/org/apache/hadoop/hadoop-annotations/3.2.0/hadoop-annotations-3.2.0.jar:/usr/lib/jvm/java-1.8-openjdk/jre/../lib/tools.jar:/home/user/.m2/repository/commons-cli/commons-cli/1.2/commons-cli-1.2.jar:/home/user/.m2/repository/org/apache/httpcomponents/httpclient/4.5.2/httpclient-4.5.2.jar:/home/user/.m2/repository/org/apache/httpcomponents/httpcore/4.4.4/httpcore-4.4.4.jar:/home/user/.m2/repository/commons-codec/commons-codec/1.11/commons-codec-1.11.jar:/home/user/.m2/repository/commons-net/commons-net/3.6/commons-net-3.6.jar:/home/user/.m2/repository/commons-collections/commons-collections/3.2.2/commons-collections-3.2.2.jar:/home/user/.m2/repository/org/eclipse/jetty/jetty-servlet/9.3.24.v20180605/jetty-servlet-9.3.24.v20180605.jar:/home/user/.m2/repository/org/eclipse/jetty/jetty-security/9.3.24.v20180605/jetty-security-9.3.24.v20180605.jar:/home/user/.m2/repository/javax/servlet/jsp/jsp-api/2.1/jsp-api-2.1.jar:/home/user/.m2/repository/com/sun/jersey/jersey-servlet/1.19/jersey-servlet-1.19.jar:/home/user/.m2/repository/com/sun/jersey/jersey-json/1.19/jersey-json-1.19.jar:/home/user/.m2/repository/org/codehaus/jettison/jettison/1.1/jettison-1.1.jar:/home/user/.m2/repository/org/codehaus/jackson/jackson-core-asl/1.9.13/jackson-core-asl-1.9.13.jar:/home/user/.m2/repository/org/codehaus/jackson/jackson-mapper-asl/1.9.13/jackson-mapper-asl-1.9.13.jar:/home/user/.m2/repository/org/codehaus/jackson/jackson-jaxrs/1.9.13/jackson-jaxrs-1.9.13.jar:/home/user/.m2/repository/org/codehaus/jackson/jackson-xc/1.9.13/jackson-xc-1.9.13.jar:/home/user/.m2/repository/commons-logging/commons-logging/1.1.3/commons-logging-1.1.3.jar:/home/user/.m2/repository/commons-beanutils/commons-beanutils/1.9.3/commons-beanutils-1.9.3.jar:/home/user/.m2/repository/org/apache/commons/commons-configuration2/2.1.1/commons-configuration2-2.1.1.jar:/home/user/.m2/repository/org/apache/commons/commons-lang3/3.7/commons-lang3-3.7.jar:/home/user/.m2/repository/org/apache/commons/commons-text/1.4/commons-text-1.4.jar:/home/user/.m2/repository/org/apache/avro/avro/1.7.7/avro-1.7.7.jar:/home/user/.m2/repository/com/thoughtworks/paranamer/paranamer/2.3/paranamer-2.3.jar:/home/user/.m2/repository/org/xerial/snappy/snappy-java/1.0.5/snappy-java-1.0.5.jar:/home/user/.m2/repository/com/google/re2j/re2j/1.1/re2j-1.1.jar:/home/user/.m2/repository/com/google/code/gson/gson/2.2.4/gson-2.2.4.jar:/home/user/.m2/repository/com/jcraft/jsch/0.1.54/jsch-0.1.54.jar:/home/user/.m2/repository/org/apache/curator/curator-client/2.12.0/curator-client-2.12.0.jar:/home/user/.m2/repository/org/apache/curator/curator-recipes/2.12.0/curator-recipes-2.12.0.jar:/home/user/.m2/repository/com/google/code/findbugs/jsr305/3.0.0/jsr305-3.0.0.jar:/home/user/.m2/repository/org/apache/htrace/htrace-core4/4.1.0-incubating/htrace-core4-4.1.0-incubating.jar:/home/user/.m2/repository/org/apache/zookeeper/zookeeper/3.4.13/zookeeper-3.4.13.jar:/home/user/.m2/repository/org/apache/yetus/audience-annotations/0.5.0/audience-annotations-0.5.0.jar:/home/user/.m2/repository/org/codehaus/woodstox/stax2-api/3.1.4/stax2-api-3.1.4.jar:/home/user/.m2/repository/com/fasterxml/woodstox/woodstox-core/5.0.3/woodstox-core-5.0.3.jar:/home/user/.m2/repository/dnsjava/dnsjava/2.1.7/dnsjava-2.1.7.jar:/home/user/.m2/repository/org/apache/hadoop/hadoop-hdfs/3.2.0/hadoop-hdfs-3.2.0-tests.jar:/home/user/.m2/repository/org/eclipse/jetty/jetty-util-ajax/9.3.24.v20180605/jetty-util-ajax-9.3.24.v20180605.jar:/home/user/.m2/repository/commons-daemon/commons-daemon/1.0.13/commons-daemon-1.0.13.jar:/home/user/.m2/repository/io/netty/netty/3.10.5.Final/netty-3.10.5.Final.jar:/home/user/.m2/repository/io/netty/netty-all/4.0.52.Final/netty-all-4.0.52.Final.jar:/home/user/.m2/repository/org/fusesource/leveldbjni/leveldbjni-all/1.8/leveldbjni-all-1.8.jar:"/>
    <property name="java.vm.vendor" value="IcedTea"/>
    <property name="sun.arch.data.model" value="64"/>
    <property name="test.build.dir" value="/workdir/hadoop-ozone/integration-test/target/test-dir"/>
    <property name="test.cache.data" value=""/>
    <property name="java.vendor.url" value="https://icedtea.classpath.org"/>
    <property name="user.timezone" value=""/>
    <property name="java.vm.specification.version" value="1.8"/>
    <property name="os.name" value="Linux"/>
    <property name="test.build.data" value="/workdir/hadoop-ozone/integration-test/target/test-dir"/>
    <property name="user.country" value="US"/>
    <property name="sun.java.launcher" value="SUN_STANDARD"/>
    <property name="sun.boot.library.path" value="/usr/lib/jvm/java-1.8-openjdk/jre/lib/amd64"/>
    <property name="sun.java.command" value="/workdir/hadoop-ozone/integration-test/target/surefire/surefirebooter2847863322142487372.jar /workdir/hadoop-ozone/integration-test/target/surefire 2019-09-16T20-28-58_470-jvmRun1 surefire5670883410511072100tmp surefire_239065003176820958557tmp"/>
    <property name="test" value="!TestMiniChaosOzoneCluster"/>
    <property name="surefire.test.class.path" value="/workdir/hadoop-ozone/integration-test/target/test-classes:/workdir/hadoop-ozone/integration-test/target/classes:/home/user/.m2/repository/org/apache/hadoop/hadoop-ozone-common/0.5.0-SNAPSHOT/hadoop-ozone-common-0.5.0-SNAPSHOT.jar:/home/user/.m2/repository/org/apache/commons/commons-compress/1.4.1/commons-compress-1.4.1.jar:/home/user/.m2/repository/org/tukaani/xz/1.0/xz-1.0.jar:/home/user/.m2/repository/org/apache/hadoop/hadoop-common/3.2.0/hadoop-common-3.2.0.jar:/home/user/.m2/repository/org/apache/hadoop/hadoop-hdfs/3.2.0/hadoop-hdfs-3.2.0.jar:/home/user/.m2/repository/org/apache/hadoop/hadoop-hdfs-client/3.2.0/hadoop-hdfs-client-3.2.0.jar:/home/user/.m2/repository/com/fasterxml/jackson/core/jackson-annotations/2.9.5/jackson-annotations-2.9.5.jar:/home/user/.m2/repository/org/apache/hadoop/hadoop-hdds-common/0.5.0-SNAPSHOT/hadoop-hdds-common-0.5.0-SNAPSHOT.jar:/home/user/.m2/repository/javax/annotation/javax.annotation-api/1.2/javax.annotation-api-1.2.jar:/home/user/.m2/repository/org/apache/ratis/ratis-server/0.4.0-78e95b9-SNAPSHOT/ratis-server-0.4.0-78e95b9-SNAPSHOT.jar:/home/user/.m2/repository/org/apache/ratis/ratis-thirdparty-misc/0.2.0/ratis-thirdparty-misc-0.2.0.jar:/home/user/.m2/repository/org/apache/ratis/ratis-proto/0.4.0-78e95b9-SNAPSHOT/ratis-proto-0.4.0-78e95b9-SNAPSHOT.jar:/home/user/.m2/repository/org/apache/ratis/ratis-common/0.4.0-78e95b9-SNAPSHOT/ratis-common-0.4.0-78e95b9-SNAPSHOT.jar:/home/user/.m2/repository/org/apache/ratis/ratis-client/0.4.0-78e95b9-SNAPSHOT/ratis-client-0.4.0-78e95b9-SNAPSHOT.jar:/home/user/.m2/repository/org/apache/ratis/ratis-metrics/0.4.0-78e95b9-SNAPSHOT/ratis-metrics-0.4.0-78e95b9-SNAPSHOT.jar:/home/user/.m2/repository/com/github/joshelser/dropwizard-metrics-hadoop-metrics2-reporter/0.1.2/dropwizard-metrics-hadoop-metrics2-reporter-0.1.2.jar:/home/user/.m2/repository/io/dropwizard/metrics/metrics-jvm/3.2.5/metrics-jvm-3.2.5.jar:/home/user/.m2/repository/io/dropwizard/metrics/metrics-ganglia/3.2.5/metrics-ganglia-3.2.5.jar:/home/user/.m2/repository/info/ganglia/gmetric4j/gmetric4j/1.0.7/gmetric4j-1.0.7.jar:/home/user/.m2/repository/org/apache/ratis/ratis-netty/0.4.0-78e95b9-SNAPSHOT/ratis-netty-0.4.0-78e95b9-SNAPSHOT.jar:/home/user/.m2/repository/org/apache/ratis/ratis-grpc/0.4.0-78e95b9-SNAPSHOT/ratis-grpc-0.4.0-78e95b9-SNAPSHOT.jar:/home/user/.m2/repository/org/rocksdb/rocksdbjni/6.0.1/rocksdbjni-6.0.1.jar:/home/user/.m2/repository/org/apache/logging/log4j/log4j-api/2.11.0/log4j-api-2.11.0.jar:/home/user/.m2/repository/org/apache/logging/log4j/log4j-core/2.11.0/log4j-core-2.11.0.jar:/home/user/.m2/repository/com/lmax/disruptor/3.4.2/disruptor-3.4.2.jar:/home/user/.m2/repository/org/apache/commons/commons-pool2/2.6.0/commons-pool2-2.6.0.jar:/home/user/.m2/repository/org/bouncycastle/bcpkix-jdk15on/1.60/bcpkix-jdk15on-1.60.jar:/home/user/.m2/repository/commons-validator/commons-validator/1.6/commons-validator-1.6.jar:/home/user/.m2/repository/commons-digester/commons-digester/1.8.1/commons-digester-1.8.1.jar:/home/user/.m2/repository/io/jaegertracing/jaeger-client/0.33.1/jaeger-client-0.33.1.jar:/home/user/.m2/repository/io/jaegertracing/jaeger-thrift/0.33.1/jaeger-thrift-0.33.1.jar:/home/user/.m2/repository/org/apache/thrift/libthrift/0.11.0/libthrift-0.11.0.jar:/home/user/.m2/repository/com/squareup/okhttp3/okhttp/3.9.0/okhttp-3.9.0.jar:/home/user/.m2/repository/com/squareup/okio/okio/1.13.0/okio-1.13.0.jar:/home/user/.m2/repository/io/jaegertracing/jaeger-core/0.33.1/jaeger-core-0.33.1.jar:/home/user/.m2/repository/io/jaegertracing/jaeger-tracerresolver/0.33.1/jaeger-tracerresolver-0.33.1.jar:/home/user/.m2/repository/io/opentracing/contrib/opentracing-tracerresolver/0.1.5/opentracing-tracerresolver-0.1.5.jar:/home/user/.m2/repository/io/opentracing/opentracing-util/0.31.0/opentracing-util-0.31.0.jar:/home/user/.m2/repository/io/opentracing/opentracing-api/0.31.0/opentracing-api-0.31.0.jar:/home/user/.m2/repository/io/opentracing/opentracing-noop/0.31.0/opentracing-noop-0.31.0.jar:/home/user/.m2/repository/org/apache/hadoop/hadoop-hdds-server-framework/0.5.0-SNAPSHOT/hadoop-hdds-server-framework-0.5.0-SNAPSHOT.jar:/home/user/.m2/repository/org/apache/hadoop/hadoop-hdds-container-service/0.5.0-SNAPSHOT/hadoop-hdds-container-service-0.5.0-SNAPSHOT.jar:/home/user/.m2/repository/org/apache/hadoop/hadoop-hdds-client/0.5.0-SNAPSHOT/hadoop-hdds-client-0.5.0-SNAPSHOT.jar:/home/user/.m2/repository/org/apache/hadoop/hadoop-hdds-tools/0.5.0-SNAPSHOT/hadoop-hdds-tools-0.5.0-SNAPSHOT.jar:/home/user/.m2/repository/org/apache/hadoop/hadoop-hdds-server-scm/0.5.0-SNAPSHOT/hadoop-hdds-server-scm-0.5.0-SNAPSHOT.jar:/home/user/.m2/repository/org/apache/hadoop/hadoop-hdds-docs/0.5.0-SNAPSHOT/hadoop-hdds-docs-0.5.0-SNAPSHOT.jar:/home/user/.m2/repository/io/dropwizard/metrics/metrics-core/3.2.4/metrics-core-3.2.4.jar:/home/user/.m2/repository/org/hamcrest/hamcrest-all/1.3/hamcrest-all-1.3.jar:/home/user/.m2/repository/org/bouncycastle/bcprov-jdk15on/1.60/bcprov-jdk15on-1.60.jar:/home/user/.m2/repository/info/picocli/picocli/3.9.6/picocli-3.9.6.jar:/home/user/.m2/repository/com/google/protobuf/protobuf-java/2.5.0/protobuf-java-2.5.0.jar:/home/user/.m2/repository/com/google/guava/guava/11.0.2/guava-11.0.2.jar:/home/user/.m2/repository/org/apache/hadoop/hadoop-ozone-ozone-manager/0.5.0-SNAPSHOT/hadoop-ozone-ozone-manager-0.5.0-SNAPSHOT.jar:/home/user/.m2/repository/org/apache/hadoop/hadoop-minikdc/3.2.0/hadoop-minikdc-3.2.0.jar:/home/user/.m2/repository/commons-io/commons-io/2.5/commons-io-2.5.jar:/home/user/.m2/repository/org/apache/kerby/kerb-simplekdc/1.0.1/kerb-simplekdc-1.0.1.jar:/home/user/.m2/repository/org/apache/kerby/kerb-client/1.0.1/kerb-client-1.0.1.jar:/home/user/.m2/repository/org/apache/kerby/kerby-config/1.0.1/kerby-config-1.0.1.jar:/home/user/.m2/repository/org/apache/kerby/kerb-core/1.0.1/kerb-core-1.0.1.jar:/home/user/.m2/repository/org/apache/kerby/kerby-pkix/1.0.1/kerby-pkix-1.0.1.jar:/home/user/.m2/repository/org/apache/kerby/kerby-asn1/1.0.1/kerby-asn1-1.0.1.jar:/home/user/.m2/repository/org/apache/kerby/kerby-util/1.0.1/kerby-util-1.0.1.jar:/home/user/.m2/repository/org/apache/kerby/kerb-common/1.0.1/kerb-common-1.0.1.jar:/home/user/.m2/repository/org/apache/kerby/kerb-crypto/1.0.1/kerb-crypto-1.0.1.jar:/home/user/.m2/repository/org/apache/kerby/kerb-util/1.0.1/kerb-util-1.0.1.jar:/home/user/.m2/repository/org/apache/kerby/token-provider/1.0.1/token-provider-1.0.1.jar:/home/user/.m2/repository/org/apache/kerby/kerb-admin/1.0.1/kerb-admin-1.0.1.jar:/home/user/.m2/repository/org/apache/kerby/kerb-server/1.0.1/kerb-server-1.0.1.jar:/home/user/.m2/repository/org/apache/kerby/kerb-identity/1.0.1/kerb-identity-1.0.1.jar:/home/user/.m2/repository/org/apache/kerby/kerby-xdr/1.0.1/kerby-xdr-1.0.1.jar:/home/user/.m2/repository/org/slf4j/slf4j-log4j12/1.7.25/slf4j-log4j12-1.7.25.jar:/home/user/.m2/repository/org/apache/hadoop/hadoop-ozone-s3gateway/0.5.0-SNAPSHOT/hadoop-ozone-s3gateway-0.5.0-SNAPSHOT.jar:/home/user/.m2/repository/org/jboss/weld/servlet/weld-servlet/2.4.7.Final/weld-servlet-2.4.7.Final.jar:/home/user/.m2/repository/org/glassfish/jersey/containers/jersey-container-servlet-core/2.27/jersey-container-servlet-core-2.27.jar:/home/user/.m2/repository/org/glassfish/hk2/external/javax.inject/2.5.0-b42/javax.inject-2.5.0-b42.jar:/home/user/.m2/repository/org/glassfish/jersey/core/jersey-common/2.27/jersey-common-2.27.jar:/home/user/.m2/repository/org/glassfish/hk2/osgi-resource-locator/1.0.1/osgi-resource-locator-1.0.1.jar:/home/user/.m2/repository/javax/ws/rs/javax.ws.rs-api/2.1/javax.ws.rs-api-2.1.jar:/home/user/.m2/repository/org/glassfish/jersey/ext/cdi/jersey-cdi1x/2.27/jersey-cdi1x-2.27.jar:/home/user/.m2/repository/org/glassfish/jersey/inject/jersey-hk2/2.27/jersey-hk2-2.27.jar:/home/user/.m2/repository/org/glassfish/hk2/hk2-locator/2.5.0-b42/hk2-locator-2.5.0-b42.jar:/home/user/.m2/repository/org/javassist/javassist/3.22.0-CR2/javassist-3.22.0-CR2.jar:/home/user/.m2/repository/org/glassfish/hk2/hk2-api/2.5.0/hk2-api-2.5.0.jar:/home/user/.m2/repository/org/glassfish/hk2/external/jakarta.inject/2.5.0/jakarta.inject-2.5.0.jar:/home/user/.m2/repository/org/glassfish/hk2/hk2-utils/2.5.0/hk2-utils-2.5.0.jar:/home/user/.m2/repository/jakarta/annotation/jakarta.annotation-api/1.3.4/jakarta.annotation-api-1.3.4.jar:/home/user/.m2/repository/org/glassfish/hk2/external/aopalliance-repackaged/2.5.0/aopalliance-repackaged-2.5.0.jar:/home/user/.m2/repository/com/fasterxml/jackson/dataformat/jackson-dataformat-xml/2.9.0/jackson-dataformat-xml-2.9.0.jar:/home/user/.m2/repository/com/fasterxml/jackson/core/jackson-core/2.9.5/jackson-core-2.9.5.jar:/home/user/.m2/repository/com/fasterxml/jackson/module/jackson-module-jaxb-annotations/2.9.5/jackson-module-jaxb-annotations-2.9.5.jar:/home/user/.m2/repository/javax/enterprise/cdi-api/1.2/cdi-api-1.2.jar:/home/user/.m2/repository/javax/el/javax.el-api/3.0.0/javax.el-api-3.0.0.jar:/home/user/.m2/repository/javax/interceptor/javax.interceptor-api/1.2/javax.interceptor-api-1.2.jar:/home/user/.m2/repository/javax/inject/javax.inject/1/javax.inject-1.jar:/home/user/.m2/repository/com/sun/xml/bind/jaxb-impl/2.3.0.1/jaxb-impl-2.3.0.1.jar:/home/user/.m2/repository/com/sun/xml/bind/jaxb-core/2.3.0.1/jaxb-core-2.3.0.1.jar:/home/user/.m2/repository/javax/xml/bind/jaxb-api/2.3.0/jaxb-api-2.3.0.jar:/home/user/.m2/repository/javax/activation/activation/1.1.1/activation-1.1.1.jar:/home/user/.m2/repository/org/apache/hadoop/hadoop-ozone-csi/0.5.0-SNAPSHOT/hadoop-ozone-csi-0.5.0-SNAPSHOT.jar:/home/user/.m2/repository/com/google/protobuf/protobuf-java-util/3.5.1/protobuf-java-util-3.5.1.jar:/home/user/.m2/repository/org/apache/hadoop/hadoop-hdds-config/0.5.0-SNAPSHOT/hadoop-hdds-config-0.5.0-SNAPSHOT.jar:/home/user/.m2/repository/io/grpc/grpc-netty/1.17.1/grpc-netty-1.17.1.jar:/home/user/.m2/repository/io/grpc/grpc-core/1.17.1/grpc-core-1.17.1.jar:/home/user/.m2/repository/io/grpc/grpc-context/1.17.1/grpc-context-1.17.1.jar:/home/user/.m2/repository/com/google/errorprone/error_prone_annotations/2.2.0/error_prone_annotations-2.2.0.jar:/home/user/.m2/repository/org/codehaus/mojo/animal-sniffer-annotations/1.17/animal-sniffer-annotations-1.17.jar:/home/user/.m2/repository/io/opencensus/opencensus-api/0.17.0/opencensus-api-0.17.0.jar:/home/user/.m2/repository/io/opencensus/opencensus-contrib-grpc-metrics/0.17.0/opencensus-contrib-grpc-metrics-0.17.0.jar:/home/user/.m2/repository/io/netty/netty-codec-http2/4.1.30.Final/netty-codec-http2-4.1.30.Final.jar:/home/user/.m2/repository/io/netty/netty-codec-http/4.1.30.Final/netty-codec-http-4.1.30.Final.jar:/home/user/.m2/repository/io/netty/netty-codec/4.1.30.Final/netty-codec-4.1.30.Final.jar:/home/user/.m2/repository/io/netty/netty-handler/4.1.30.Final/netty-handler-4.1.30.Final.jar:/home/user/.m2/repository/io/netty/netty-handler-proxy/4.1.30.Final/netty-handler-proxy-4.1.30.Final.jar:/home/user/.m2/repository/io/netty/netty-codec-socks/4.1.30.Final/netty-codec-socks-4.1.30.Final.jar:/home/user/.m2/repository/io/netty/netty-transport-native-epoll/4.1.30.Final/netty-transport-native-epoll-4.1.30.Final.jar:/home/user/.m2/repository/io/netty/netty-common/4.1.30.Final/netty-common-4.1.30.Final.jar:/home/user/.m2/repository/io/netty/netty-buffer/4.1.30.Final/netty-buffer-4.1.30.Final.jar:/home/user/.m2/repository/io/netty/netty-transport/4.1.30.Final/netty-transport-4.1.30.Final.jar:/home/user/.m2/repository/io/netty/netty-resolver/4.1.30.Final/netty-resolver-4.1.30.Final.jar:/home/user/.m2/repository/io/netty/netty-transport-native-unix-common/4.1.30.Final/netty-transport-native-unix-common-4.1.30.Final.jar:/home/user/.m2/repository/io/grpc/grpc-protobuf/1.17.1/grpc-protobuf-1.17.1.jar:/home/user/.m2/repository/com/google/api/grpc/proto-google-common-protos/1.0.0/proto-google-common-protos-1.0.0.jar:/home/user/.m2/repository/io/grpc/grpc-protobuf-lite/1.17.1/grpc-protobuf-lite-1.17.1.jar:/home/user/.m2/repository/io/grpc/grpc-stub/1.17.1/grpc-stub-1.17.1.jar:/home/user/.m2/repository/org/apache/hadoop/hadoop-ozone-recon/0.5.0-SNAPSHOT/hadoop-ozone-recon-0.5.0-SNAPSHOT.jar:/home/user/.m2/repository/org/apache/hadoop/hadoop-ozone-reconcodegen/0.5.0-SNAPSHOT/hadoop-ozone-reconcodegen-0.5.0-SNAPSHOT.jar:/home/user/.m2/repository/com/google/inject/extensions/guice-multibindings/4.0/guice-multibindings-4.0.jar:/home/user/.m2/repository/com/google/inject/guice/4.0/guice-4.0.jar:/home/user/.m2/repository/aopalliance/aopalliance/1.0/aopalliance-1.0.jar:/home/user/.m2/repository/com/google/inject/extensions/guice-servlet/4.0/guice-servlet-4.0.jar:/home/user/.m2/repository/org/glassfish/jersey/containers/jersey-container-servlet/2.27/jersey-container-servlet-2.27.jar:/home/user/.m2/repository/org/glassfish/hk2/guice-bridge/2.5.0/guice-bridge-2.5.0.jar:/home/user/.m2/repository/org/glassfish/jersey/core/jersey-server/2.27/jersey-server-2.27.jar:/home/user/.m2/repository/org/glassfish/jersey/core/jersey-client/2.27/jersey-client-2.27.jar:/home/user/.m2/repository/org/glassfish/jersey/media/jersey-media-jaxb/2.27/jersey-media-jaxb-2.27.jar:/home/user/.m2/repository/javax/validation/validation-api/1.1.0.Final/validation-api-1.1.0.Final.jar:/home/user/.m2/repository/org/glassfish/jersey/media/jersey-media-json-jackson/2.27/jersey-media-json-jackson-2.27.jar:/home/user/.m2/repository/org/glassfish/jersey/ext/jersey-entity-filtering/2.27/jersey-entity-filtering-2.27.jar:/home/user/.m2/repository/com/google/inject/extensions/guice-assistedinject/4.0/guice-assistedinject-4.0.jar:/home/user/.m2/repository/org/jooq/jooq/3.11.10/jooq-3.11.10.jar:/home/user/.m2/repository/org/jooq/jooq-meta/3.11.10/jooq-meta-3.11.10.jar:/home/user/.m2/repository/org/jooq/jooq-codegen/3.11.10/jooq-codegen-3.11.10.jar:/home/user/.m2/repository/com/jolbox/bonecp/0.8.0.RELEASE/bonecp-0.8.0.RELEASE.jar:/home/user/.m2/repository/org/xerial/sqlite-jdbc/3.25.2/sqlite-jdbc-3.25.2.jar:/home/user/.m2/repository/org/springframework/spring-jdbc/5.1.3.RELEASE/spring-jdbc-5.1.3.RELEASE.jar:/home/user/.m2/repository/org/springframework/spring-beans/5.1.3.RELEASE/spring-beans-5.1.3.RELEASE.jar:/home/user/.m2/repository/org/springframework/spring-core/5.1.3.RELEASE/spring-core-5.1.3.RELEASE.jar:/home/user/.m2/repository/org/springframework/spring-jcl/5.1.3.RELEASE/spring-jcl-5.1.3.RELEASE.jar:/home/user/.m2/repository/org/springframework/spring-tx/5.1.3.RELEASE/spring-tx-5.1.3.RELEASE.jar:/home/user/.m2/repository/org/apache/hadoop/hadoop-ozone-client/0.5.0-SNAPSHOT/hadoop-ozone-client-0.5.0-SNAPSHOT.jar:/home/user/.m2/repository/commons-lang/commons-lang/2.6/commons-lang-2.6.jar:/home/user/.m2/repository/org/apache/hadoop/hadoop-ozone-ozone-manager/0.5.0-SNAPSHOT/hadoop-ozone-ozone-manager-0.5.0-SNAPSHOT-tests.jar:/home/user/.m2/repository/junit/junit/4.11/junit-4.11.jar:/home/user/.m2/repository/org/hamcrest/hamcrest-core/1.3/hamcrest-core-1.3.jar:/home/user/.m2/repository/org/openjdk/jmh/jmh-core/1.19/jmh-core-1.19.jar:/home/user/.m2/repository/net/sf/jopt-simple/jopt-simple/4.6/jopt-simple-4.6.jar:/home/user/.m2/repository/org/apache/commons/commons-math3/3.1.1/commons-math3-3.1.1.jar:/home/user/.m2/repository/org/openjdk/jmh/jmh-generator-annprocess/1.19/jmh-generator-annprocess-1.19.jar:/home/user/.m2/repository/org/mockito/mockito-all/1.8.5/mockito-all-1.8.5.jar:/home/user/.m2/repository/org/apache/hadoop/hadoop-kms/3.2.0/hadoop-kms-3.2.0.jar:/home/user/.m2/repository/org/apache/hadoop/hadoop-auth/3.2.0/hadoop-auth-3.2.0.jar:/home/user/.m2/repository/com/nimbusds/nimbus-jose-jwt/4.41.1/nimbus-jose-jwt-4.41.1.jar:/home/user/.m2/repository/com/github/stephenc/jcip/jcip-annotations/1.0-1/jcip-annotations-1.0-1.jar:/home/user/.m2/repository/net/minidev/json-smart/2.3/json-smart-2.3.jar:/home/user/.m2/repository/net/minidev/accessors-smart/1.2/accessors-smart-1.2.jar:/home/user/.m2/repository/org/ow2/asm/asm/5.0.4/asm-5.0.4.jar:/home/user/.m2/repository/org/apache/curator/curator-framework/2.12.0/curator-framework-2.12.0.jar:/home/user/.m2/repository/com/sun/jersey/jersey-core/1.19/jersey-core-1.19.jar:/home/user/.m2/repository/javax/ws/rs/jsr311-api/1.1.1/jsr311-api-1.1.1.jar:/home/user/.m2/repository/com/sun/jersey/jersey-server/1.19/jersey-server-1.19.jar:/home/user/.m2/repository/javax/servlet/javax.servlet-api/3.1.0/javax.servlet-api-3.1.0.jar:/home/user/.m2/repository/org/eclipse/jetty/jetty-server/9.3.24.v20180605/jetty-server-9.3.24.v20180605.jar:/home/user/.m2/repository/org/eclipse/jetty/jetty-http/9.3.24.v20180605/jetty-http-9.3.24.v20180605.jar:/home/user/.m2/repository/org/eclipse/jetty/jetty-io/9.3.24.v20180605/jetty-io-9.3.24.v20180605.jar:/home/user/.m2/repository/org/eclipse/jetty/jetty-webapp/9.3.24.v20180605/jetty-webapp-9.3.24.v20180605.jar:/home/user/.m2/repository/org/eclipse/jetty/jetty-xml/9.3.24.v20180605/jetty-xml-9.3.24.v20180605.jar:/home/user/.m2/repository/log4j/log4j/1.2.17/log4j-1.2.17.jar:/home/user/.m2/repository/org/slf4j/slf4j-api/1.7.25/slf4j-api-1.7.25.jar:/home/user/.m2/repository/org/slf4j/jul-to-slf4j/1.7.25/jul-to-slf4j-1.7.25.jar:/home/user/.m2/repository/org/eclipse/jetty/jetty-util/9.3.24.v20180605/jetty-util-9.3.24.v20180605.jar:/home/user/.m2/repository/com/fasterxml/jackson/core/jackson-databind/2.9.5/jackson-databind-2.9.5.jar:/home/user/.m2/repository/org/apache/hadoop/hadoop-kms/3.2.0/hadoop-kms-3.2.0-tests.jar:/home/user/.m2/repository/org/apache/hadoop/hadoop-hdds-server-scm/0.5.0-SNAPSHOT/hadoop-hdds-server-scm-0.5.0-SNAPSHOT-tests.jar:/home/user/.m2/repository/org/apache/hadoop/hadoop-hdds-container-service/0.5.0-SNAPSHOT/hadoop-hdds-container-service-0.5.0-SNAPSHOT-tests.jar:/home/user/.m2/repository/org/yaml/snakeyaml/1.16/snakeyaml-1.16.jar:/home/user/.m2/repository/org/apache/hadoop/hadoop-common/3.2.0/hadoop-common-3.2.0-tests.jar:/home/user/.m2/repository/org/apache/hadoop/hadoop-annotations/3.2.0/hadoop-annotations-3.2.0.jar:/usr/lib/jvm/java-1.8-openjdk/jre/../lib/tools.jar:/home/user/.m2/repository/commons-cli/commons-cli/1.2/commons-cli-1.2.jar:/home/user/.m2/repository/org/apache/httpcomponents/httpclient/4.5.2/httpclient-4.5.2.jar:/home/user/.m2/repository/org/apache/httpcomponents/httpcore/4.4.4/httpcore-4.4.4.jar:/home/user/.m2/repository/commons-codec/commons-codec/1.11/commons-codec-1.11.jar:/home/user/.m2/repository/commons-net/commons-net/3.6/commons-net-3.6.jar:/home/user/.m2/repository/commons-collections/commons-collections/3.2.2/commons-collections-3.2.2.jar:/home/user/.m2/repository/org/eclipse/jetty/jetty-servlet/9.3.24.v20180605/jetty-servlet-9.3.24.v20180605.jar:/home/user/.m2/repository/org/eclipse/jetty/jetty-security/9.3.24.v20180605/jetty-security-9.3.24.v20180605.jar:/home/user/.m2/repository/javax/servlet/jsp/jsp-api/2.1/jsp-api-2.1.jar:/home/user/.m2/repository/com/sun/jersey/jersey-servlet/1.19/jersey-servlet-1.19.jar:/home/user/.m2/repository/com/sun/jersey/jersey-json/1.19/jersey-json-1.19.jar:/home/user/.m2/repository/org/codehaus/jettison/jettison/1.1/jettison-1.1.jar:/home/user/.m2/repository/org/codehaus/jackson/jackson-core-asl/1.9.13/jackson-core-asl-1.9.13.jar:/home/user/.m2/repository/org/codehaus/jackson/jackson-mapper-asl/1.9.13/jackson-mapper-asl-1.9.13.jar:/home/user/.m2/repository/org/codehaus/jackson/jackson-jaxrs/1.9.13/jackson-jaxrs-1.9.13.jar:/home/user/.m2/repository/org/codehaus/jackson/jackson-xc/1.9.13/jackson-xc-1.9.13.jar:/home/user/.m2/repository/commons-logging/commons-logging/1.1.3/commons-logging-1.1.3.jar:/home/user/.m2/repository/commons-beanutils/commons-beanutils/1.9.3/commons-beanutils-1.9.3.jar:/home/user/.m2/repository/org/apache/commons/commons-configuration2/2.1.1/commons-configuration2-2.1.1.jar:/home/user/.m2/repository/org/apache/commons/commons-lang3/3.7/commons-lang3-3.7.jar:/home/user/.m2/repository/org/apache/commons/commons-text/1.4/commons-text-1.4.jar:/home/user/.m2/repository/org/apache/avro/avro/1.7.7/avro-1.7.7.jar:/home/user/.m2/repository/com/thoughtworks/paranamer/paranamer/2.3/paranamer-2.3.jar:/home/user/.m2/repository/org/xerial/snappy/snappy-java/1.0.5/snappy-java-1.0.5.jar:/home/user/.m2/repository/com/google/re2j/re2j/1.1/re2j-1.1.jar:/home/user/.m2/repository/com/google/code/gson/gson/2.2.4/gson-2.2.4.jar:/home/user/.m2/repository/com/jcraft/jsch/0.1.54/jsch-0.1.54.jar:/home/user/.m2/repository/org/apache/curator/curator-client/2.12.0/curator-client-2.12.0.jar:/home/user/.m2/repository/org/apache/curator/curator-recipes/2.12.0/curator-recipes-2.12.0.jar:/home/user/.m2/repository/com/google/code/findbugs/jsr305/3.0.0/jsr305-3.0.0.jar:/home/user/.m2/repository/org/apache/htrace/htrace-core4/4.1.0-incubating/htrace-core4-4.1.0-incubating.jar:/home/user/.m2/repository/org/apache/zookeeper/zookeeper/3.4.13/zookeeper-3.4.13.jar:/home/user/.m2/repository/org/apache/yetus/audience-annotations/0.5.0/audience-annotations-0.5.0.jar:/home/user/.m2/repository/org/codehaus/woodstox/stax2-api/3.1.4/stax2-api-3.1.4.jar:/home/user/.m2/repository/com/fasterxml/woodstox/woodstox-core/5.0.3/woodstox-core-5.0.3.jar:/home/user/.m2/repository/dnsjava/dnsjava/2.1.7/dnsjava-2.1.7.jar:/home/user/.m2/repository/org/apache/hadoop/hadoop-hdfs/3.2.0/hadoop-hdfs-3.2.0-tests.jar:/home/user/.m2/repository/org/eclipse/jetty/jetty-util-ajax/9.3.24.v20180605/jetty-util-ajax-9.3.24.v20180605.jar:/home/user/.m2/repository/commons-daemon/commons-daemon/1.0.13/commons-daemon-1.0.13.jar:/home/user/.m2/repository/io/netty/netty/3.10.5.Final/netty-3.10.5.Final.jar:/home/user/.m2/repository/io/netty/netty-all/4.0.52.Final/netty-all-4.0.52.Final.jar:/home/user/.m2/repository/org/fusesource/leveldbjni/leveldbjni-all/1.8/leveldbjni-all-1.8.jar:"/>
    <property name="sun.cpu.endian" value="little"/>
    <property name="user.home" value="/home/user"/>
    <property name="user.language" value="en"/>
    <property name="java.specification.vendor" value="Oracle Corporation"/>
    <property name="java.home" value="/usr/lib/jvm/java-1.8-openjdk/jre"/>
    <property name="java.security.krb5.conf" value="/workdir/hadoop-ozone/integration-test/target/test-classes/krb5.conf"/>
    <property name="basedir" value="/workdir/hadoop-ozone/integration-test"/>
    <property name="file.separator" value="/"/>
    <property name="line.separator" value="&#10;"/>
    <property name="java.vm.specification.vendor" value="Oracle Corporation"/>
    <property name="java.specification.name" value="Java Platform API Specification"/>
    <property name="java.awt.graphicsenv" value="sun.awt.X11GraphicsEnvironment"/>
    <property name="surefire.real.class.path" value="/workdir/hadoop-ozone/integration-test/target/surefire/surefirebooter2847863322142487372.jar"/>
    <property name="hadoop.log.dir" value="/workdir/hadoop-ozone/integration-test/target/log"/>
    <property name="sun.boot.class.path" value="/usr/lib/jvm/java-1.8-openjdk/jre/lib/resources.jar:/usr/lib/jvm/java-1.8-openjdk/jre/lib/rt.jar:/usr/lib/jvm/java-1.8-openjdk/jre/lib/sunrsasign.jar:/usr/lib/jvm/java-1.8-openjdk/jre/lib/jsse.jar:/usr/lib/jvm/java-1.8-openjdk/jre/lib/jce.jar:/usr/lib/jvm/java-1.8-openjdk/jre/lib/charsets.jar:/usr/lib/jvm/java-1.8-openjdk/jre/lib/jfr.jar:/usr/lib/jvm/java-1.8-openjdk/jre/classes"/>
    <property name="sun.management.compiler" value="HotSpot 64-Bit Tiered Compilers"/>
    <property name="java.runtime.version" value="1.8.0_212-b04"/>
    <property name="java.net.preferIPv4Stack" value="true"/>
    <property name="user.name" value="jenkins1000"/>
    <property name="path.separator" value=":"/>
    <property name="java.security.egd" value="file:///dev/urandom"/>
    <property name="os.version" value="3.10.0-957.12.2.el7.x86_64"/>
    <property name="java.endorsed.dirs" value="/usr/lib/jvm/java-1.8-openjdk/jre/lib/endorsed"/>
    <property name="java.runtime.name" value="OpenJDK Runtime Environment"/>
    <property name="file.encoding" value="UTF-8"/>
    <property name="java.vm.name" value="OpenJDK 64-Bit Server VM"/>
    <property name="test.build.webapps" value=""/>
    <property name="localRepository" value="/home/user/.m2/repository"/>
    <property name="java.vendor.url.bug" value="https://icedtea.classpath.org/bugzilla"/>
    <property name="java.io.tmpdir" value="/tmp"/>
    <property name="require.test.libhadoop" value=""/>
    <property name="java.version" value="1.8.0_212"/>
    <property name="user.dir" value="/workdir/hadoop-ozone/integration-test"/>
    <property name="os.arch" value="amd64"/>
    <property name="java.vm.specification.name" value="Java Virtual Machine Specification"/>
    <property name="test.build.classes" value="/workdir/hadoop-ozone/integration-test/target/test-classes"/>
    <property name="java.awt.printerjob" value="sun.print.PSPrinterJob"/>
    <property name="sun.os.patch.level" value="unknown"/>
    <property name="hadoop.tmp.dir" value="/workdir/hadoop-ozone/integration-test/target/tmp"/>
    <property name="java.library.path" value="/usr/lib/jvm/java-1.8-openjdk/jre/lib/amd64/server:/usr/lib/jvm/java-1.8-openjdk/jre/lib/amd64:/usr/lib/jvm/java-1.8-openjdk/jre/../lib/amd64:/workdir/hadoop-ozone/integration-test/target/native/target/usr/local/lib:/workdir/hadoop-ozone/integration-test/../../hadoop-common-project/hadoop-common/target/native/target/usr/local/lib:/usr/java/packages/lib/amd64:/usr/lib64:/lib64:/lib:/usr/lib"/>
    <property name="java.vm.info" value="mixed mode"/>
    <property name="java.vendor" value="IcedTea"/>
    <property name="java.vm.version" value="25.212-b04"/>
    <property name="java.ext.dirs" value="/usr/lib/jvm/java-1.8-openjdk/jre/lib/ext:/usr/java/packages/lib/ext"/>
    <property name="sun.io.unicode.encoding" value="UnicodeLittle"/>
    <property name="java.class.version" value="52.0"/>
  </properties>
  <testcase name="testWatchForCommitWithKeyWrite" classname="org.apache.hadoop.ozone.client.rpc.TestWatchForCommit" time="61.099"/>
  <testcase name="testWatchForCommitWithSmallerTimeoutValue" classname="org.apache.hadoop.ozone.client.rpc.TestWatchForCommit" time="26.333">
    <error message="org.apache.ratis.protocol.RaftRetryFailureException: Failed RaftClientRequest:client-8A90AA4ED583-&gt;3f877d93-3bef-4ece-a5ae-026bca78fba9@group-BCCA5552C71D, cid=50, seq=1*, RW, org.apache.hadoop.hdds.scm.XceiverClientRatis$$Lambda$424/1339858954@43abc264 for 20 attempts with RetryLimited(maxAttempts=20, sleepTime=1000ms)" type="java.util.concurrent.ExecutionException">java.util.concurrent.ExecutionException: org.apache.ratis.protocol.RaftRetryFailureException: Failed RaftClientRequest:client-8A90AA4ED583->3f877d93-3bef-4ece-a5ae-026bca78fba9@group-BCCA5552C71D, cid=50, seq=1*, RW, org.apache.hadoop.hdds.scm.XceiverClientRatis$$Lambda$424/1339858954@43abc264 for 20 attempts with RetryLimited(maxAttempts=20, sleepTime=1000ms)
	at java.util.concurrent.CompletableFuture.reportGet(CompletableFuture.java:357)
	at java.util.concurrent.CompletableFuture.get(CompletableFuture.java:1895)
	at org.apache.hadoop.ozone.client.rpc.TestWatchForCommit.testWatchForCommitWithSmallerTimeoutValue(TestWatchForCommit.java:293)
	at sun.reflect.NativeMethodAccessorImpl.invoke0(Native Method)
	at sun.reflect.NativeMethodAccessorImpl.invoke(NativeMethodAccessorImpl.java:62)
	at sun.reflect.DelegatingMethodAccessorImpl.invoke(DelegatingMethodAccessorImpl.java:43)
	at java.lang.reflect.Method.invoke(Method.java:498)
	at org.junit.runners.model.FrameworkMethod$1.runReflectiveCall(FrameworkMethod.java:47)
	at org.junit.internal.runners.model.ReflectiveCallable.run(ReflectiveCallable.java:12)
	at org.junit.runners.model.FrameworkMethod.invokeExplosively(FrameworkMethod.java:44)
	at org.junit.internal.runners.statements.InvokeMethod.evaluate(InvokeMethod.java:17)
	at org.junit.runners.ParentRunner.runLeaf(ParentRunner.java:271)
	at org.junit.runners.BlockJUnit4ClassRunner.runChild(BlockJUnit4ClassRunner.java:70)
	at org.junit.runners.BlockJUnit4ClassRunner.runChild(BlockJUnit4ClassRunner.java:50)
	at org.junit.runners.ParentRunner$3.run(ParentRunner.java:238)
	at org.junit.runners.ParentRunner$1.schedule(ParentRunner.java:63)
	at org.junit.runners.ParentRunner.runChildren(ParentRunner.java:236)
	at org.junit.runners.ParentRunner.access$000(ParentRunner.java:53)
	at org.junit.runners.ParentRunner$2.evaluate(ParentRunner.java:229)
	at org.junit.runners.ParentRunner.run(ParentRunner.java:309)
	at org.apache.maven.surefire.junit4.JUnit4Provider.execute(JUnit4Provider.java:365)
	at org.apache.maven.surefire.junit4.JUnit4Provider.executeWithRerun(JUnit4Provider.java:273)
	at org.apache.maven.surefire.junit4.JUnit4Provider.executeTestSet(JUnit4Provider.java:238)
	at org.apache.maven.surefire.junit4.JUnit4Provider.invoke(JUnit4Provider.java:159)
	at org.apache.maven.surefire.booter.ForkedBooter.invokeProviderInSameClassLoader(ForkedBooter.java:384)
	at org.apache.maven.surefire.booter.ForkedBooter.runSuitesInProcess(ForkedBooter.java:345)
	at org.apache.maven.surefire.booter.ForkedBooter.execute(ForkedBooter.java:126)
	at org.apache.maven.surefire.booter.ForkedBooter.main(ForkedBooter.java:418)
Caused by: org.apache.ratis.protocol.RaftRetryFailureException: Failed RaftClientRequest:client-8A90AA4ED583->3f877d93-3bef-4ece-a5ae-026bca78fba9@group-BCCA5552C71D, cid=50, seq=1*, RW, org.apache.hadoop.hdds.scm.XceiverClientRatis$$Lambda$424/1339858954@43abc264 for 20 attempts with RetryLimited(maxAttempts=20, sleepTime=1000ms)
	at org.apache.ratis.client.impl.RaftClientImpl.noMoreRetries(RaftClientImpl.java:271)
	at org.apache.ratis.client.impl.OrderedAsync.handleAsyncRetryFailure(OrderedAsync.java:138)
	at org.apache.ratis.client.impl.OrderedAsync.lambda$sendRequest$10(OrderedAsync.java:230)
	at java.util.concurrent.CompletableFuture.uniExceptionally(CompletableFuture.java:870)
	at java.util.concurrent.CompletableFuture$UniExceptionally.tryFire(CompletableFuture.java:852)
	at java.util.concurrent.CompletableFuture.postComplete(CompletableFuture.java:474)
	at java.util.concurrent.CompletableFuture.completeExceptionally(CompletableFuture.java:1977)
	at org.apache.ratis.grpc.client.GrpcClientProtocolClient$AsyncStreamObservers.completeReplyExceptionally(GrpcClientProtocolClient.java:339)
	at org.apache.ratis.grpc.client.GrpcClientProtocolClient$AsyncStreamObservers.access$000(GrpcClientProtocolClient.java:255)
	at org.apache.ratis.grpc.client.GrpcClientProtocolClient$AsyncStreamObservers$1.onNext(GrpcClientProtocolClient.java:267)
	at org.apache.ratis.grpc.client.GrpcClientProtocolClient$AsyncStreamObservers$1.onNext(GrpcClientProtocolClient.java:258)
	at org.apache.ratis.thirdparty.io.grpc.stub.ClientCalls$StreamObserverToCallListenerAdapter.onMessage(ClientCalls.java:421)
	at org.apache.ratis.thirdparty.io.grpc.ForwardingClientCallListener.onMessage(ForwardingClientCallListener.java:33)
	at org.apache.ratis.thirdparty.io.grpc.ForwardingClientCallListener.onMessage(ForwardingClientCallListener.java:33)
	at org.apache.ratis.thirdparty.io.grpc.internal.ClientCallImpl$ClientStreamListenerImpl$1MessagesAvailable.runInContext(ClientCallImpl.java:519)
	at org.apache.ratis.thirdparty.io.grpc.internal.ContextRunnable.run(ContextRunnable.java:37)
	at org.apache.ratis.thirdparty.io.grpc.internal.SerializingExecutor.run(SerializingExecutor.java:123)
	at java.util.concurrent.ThreadPoolExecutor.runWorker(ThreadPoolExecutor.java:1149)
	at java.util.concurrent.ThreadPoolExecutor$Worker.run(ThreadPoolExecutor.java:624)
	at java.lang.Thread.run(Thread.java:748)
Caused by: org.apache.ratis.protocol.NotLeaderException: Server 3f877d93-3bef-4ece-a5ae-026bca78fba9@group-BCCA5552C71D is not the leader
	at org.apache.ratis.client.impl.ClientProtoUtils.toRaftClientReply(ClientProtoUtils.java:243)
	at org.apache.ratis.grpc.client.GrpcClientProtocolClient$AsyncStreamObservers$1.onNext(GrpcClientProtocolClient.java:263)
	... 10 more
</error>
    <system-out><![CDATA[2019-09-16 20:47:41,980 [main] WARN  server.ServerUtils (ServerUtils.java:getScmDbDir(145)) - ozone.scm.db.dirs is not configured. We recommend adding this setting. Falling back to ozone.metadata.dirs instead.
2019-09-16 20:47:41,999 [main] WARN  server.ServerUtils (ServerUtils.java:getScmDbDir(145)) - ozone.scm.db.dirs is not configured. We recommend adding this setting. Falling back to ozone.metadata.dirs instead.
2019-09-16 20:47:42,000 [main] WARN  server.ServerUtils (ServerUtils.java:getScmDbDir(145)) - ozone.scm.db.dirs is not configured. We recommend adding this setting. Falling back to ozone.metadata.dirs instead.
2019-09-16 20:47:42,000 [main] INFO  db.DBStoreBuilder (DBStoreBuilder.java:addTable(110)) - using custom profile for table: deletedBlocks
2019-09-16 20:47:42,000 [main] INFO  db.DBStoreBuilder (DBStoreBuilder.java:processTables(161)) - Using default column profile:DBProfile.DISK for Table:deletedBlocks
2019-09-16 20:47:42,000 [main] INFO  db.DBStoreBuilder (DBStoreBuilder.java:addTable(110)) - using custom profile for table: validCerts
2019-09-16 20:47:42,001 [main] INFO  db.DBStoreBuilder (DBStoreBuilder.java:processTables(161)) - Using default column profile:DBProfile.DISK for Table:validCerts
2019-09-16 20:47:42,001 [main] INFO  db.DBStoreBuilder (DBStoreBuilder.java:addTable(110)) - using custom profile for table: revokedCerts
2019-09-16 20:47:42,001 [main] INFO  db.DBStoreBuilder (DBStoreBuilder.java:processTables(161)) - Using default column profile:DBProfile.DISK for Table:revokedCerts
2019-09-16 20:47:42,001 [main] INFO  db.DBStoreBuilder (DBStoreBuilder.java:addTable(110)) - using custom profile for table: default
2019-09-16 20:47:42,001 [main] INFO  db.DBStoreBuilder (DBStoreBuilder.java:processTables(167)) - Using default column profile:DBProfile.DISK for Table:default
2019-09-16 20:47:42,002 [main] INFO  db.DBStoreBuilder (DBStoreBuilder.java:getDbProfile(198)) - Using default options. DBProfile.DISK
2019-09-16 20:47:42,186 [main] INFO  net.NodeSchemaLoader (NodeSchemaLoader.java:loadSchemaFromFile(125)) - Loading file from sun.misc.CompoundEnumeration@303c55fa
2019-09-16 20:47:42,187 [main] INFO  net.NodeSchemaLoader (NodeSchemaLoader.java:loadSchema(171)) - Loading network topology layer schema file
2019-09-16 20:47:42,194 [main] WARN  server.ServerUtils (ServerUtils.java:sanitizeUserArgs(70)) - ozone.scm.stale.node.interval value = 300000 is larger than max = 100000 based on the key value of ozone.scm.heartbeat.thread.interval, reset to the max value 100000.
2019-09-16 20:47:42,194 [main] WARN  server.ServerUtils (ServerUtils.java:sanitizeUserArgs(70)) - ozone.scm.stale.node.interval value = 300000 is larger than max = 100000 based on the key value of ozone.scm.heartbeat.thread.interval, reset to the max value 100000.
2019-09-16 20:47:42,195 [main] INFO  node.SCMNodeManager (SCMNodeManager.java:<init>(114)) - Entering startup safe mode.
2019-09-16 20:47:42,196 [main] INFO  algorithms.ContainerPlacementPolicyFactory (ContainerPlacementPolicyFactory.java:getPolicy(57)) - Create container placement policy of type org.apache.hadoop.hdds.scm.container.placement.algorithms.SCMContainerPlacementRandom
2019-09-16 20:47:42,196 [main] WARN  server.ServerUtils (ServerUtils.java:getScmDbDir(145)) - ozone.scm.db.dirs is not configured. We recommend adding this setting. Falling back to ozone.metadata.dirs instead.
2019-09-16 20:47:42,257 [main] INFO  pipeline.SCMPipelineManager (SCMPipelineManager.java:initializePipelineState(128)) - No pipeline exists in current db
2019-09-16 20:47:42,257 [main] WARN  server.ServerUtils (ServerUtils.java:getScmDbDir(145)) - ozone.scm.db.dirs is not configured. We recommend adding this setting. Falling back to ozone.metadata.dirs instead.
2019-09-16 20:47:42,313 [main] WARN  events.EventQueue (EventQueue.java:fireEvent(183)) - No event handler registered for event TypedEvent{payloadType=SafeModeStatus, name='SafeModeStatus'}
2019-09-16 20:47:42,314 [main] INFO  ipc.CallQueueManager (CallQueueManager.java:<init>(84)) - Using callQueue: class java.util.concurrent.LinkedBlockingQueue, queueCapacity: 2000, scheduler: class org.apache.hadoop.ipc.DefaultRpcScheduler, ipcBackoff: false.
2019-09-16 20:47:42,315 [Socket Reader #1 for port 42337] INFO  ipc.Server (Server.java:run(1074)) - Starting Socket Reader #1 for port 42337
2019-09-16 20:47:42,317 [main] INFO  ipc.CallQueueManager (CallQueueManager.java:<init>(84)) - Using callQueue: class java.util.concurrent.LinkedBlockingQueue, queueCapacity: 2000, scheduler: class org.apache.hadoop.ipc.DefaultRpcScheduler, ipcBackoff: false.
2019-09-16 20:47:42,318 [Socket Reader #1 for port 34295] INFO  ipc.Server (Server.java:run(1074)) - Starting Socket Reader #1 for port 34295
2019-09-16 20:47:42,319 [main] INFO  ipc.CallQueueManager (CallQueueManager.java:<init>(84)) - Using callQueue: class java.util.concurrent.LinkedBlockingQueue, queueCapacity: 2000, scheduler: class org.apache.hadoop.ipc.DefaultRpcScheduler, ipcBackoff: false.
2019-09-16 20:47:42,320 [Socket Reader #1 for port 39888] INFO  ipc.Server (Server.java:run(1074)) - Starting Socket Reader #1 for port 39888
2019-09-16 20:47:42,322 [main] INFO  hdfs.DFSUtil (DFSUtil.java:httpServerTemplateForNNAndJN(1641)) - Starting Web-server for scm at: http://0.0.0.0:0
2019-09-16 20:47:42,325 [main] INFO  server.AuthenticationFilter (AuthenticationFilter.java:constructSecretProvider(240)) - Unable to initialize FileSignerSecretProvider, falling back to use random secrets.
2019-09-16 20:47:42,326 [main] WARN  http.HttpRequestLog (HttpRequestLog.java:getRequestLog(97)) - Jetty request log can only be enabled using Log4j
2019-09-16 20:47:42,329 [main] INFO  http.HttpServer2 (HttpServer2.java:addGlobalFilter(975)) - Added global filter 'safety' (class=org.apache.hadoop.http.HttpServer2$QuotingInputFilter)
2019-09-16 20:47:42,330 [main] INFO  http.HttpServer2 (HttpServer2.java:addFilter(948)) - Added filter static_user_filter (class=org.apache.hadoop.http.lib.StaticUserWebFilter$StaticUserFilter) to context scm
2019-09-16 20:47:42,330 [main] INFO  http.HttpServer2 (HttpServer2.java:addFilter(958)) - Added filter static_user_filter (class=org.apache.hadoop.http.lib.StaticUserWebFilter$StaticUserFilter) to context static
2019-09-16 20:47:42,331 [main] INFO  http.HttpServer2 (HttpServer2.java:addFilter(958)) - Added filter static_user_filter (class=org.apache.hadoop.http.lib.StaticUserWebFilter$StaticUserFilter) to context logs
2019-09-16 20:47:42,334 [main] INFO  server.StorageContainerManager (StorageContainerManager.java:start(763)) - StorageContainerLocationProtocol RPC server is listening at /0.0.0.0:39888
2019-09-16 20:47:42,337 [main] WARN  impl.MetricsConfig (MetricsConfig.java:loadFirst(134)) - Cannot locate configuration: tried hadoop-metrics2-storagecontainermanager.properties,hadoop-metrics2.properties
2019-09-16 20:47:42,339 [main] INFO  impl.MetricsSystemImpl (MetricsSystemImpl.java:startTimer(374)) - Scheduled Metric snapshot period at 10 second(s).
2019-09-16 20:47:42,339 [main] INFO  impl.MetricsSystemImpl (MetricsSystemImpl.java:start(191)) - StorageContainerManager metrics system started
2019-09-16 20:47:42,386 [main] WARN  impl.MetricsSystemImpl (MetricsSystemImpl.java:register(276)) - Sink prometheus already exists!
2019-09-16 20:47:42,393 [main] INFO  server.SCMClientProtocolServer (SCMClientProtocolServer.java:start(151)) - RPC server for Client  is listening at /0.0.0.0:39888
2019-09-16 20:47:42,394 [IPC Server Responder] INFO  ipc.Server (Server.java:run(1314)) - IPC Server Responder: starting
2019-09-16 20:47:42,395 [IPC Server listener on 39888] INFO  ipc.Server (Server.java:run(1153)) - IPC Server listener on 39888: starting
2019-09-16 20:47:42,398 [main] INFO  server.StorageContainerManager (StorageContainerManager.java:start(773)) - ScmBlockLocationProtocol RPC server is listening at /0.0.0.0:34295
2019-09-16 20:47:42,398 [main] INFO  server.SCMBlockProtocolServer (SCMBlockProtocolServer.java:start(146)) - RPC server for Block Protocol is listening at /0.0.0.0:34295
2019-09-16 20:47:42,399 [IPC Server Responder] INFO  ipc.Server (Server.java:run(1314)) - IPC Server Responder: starting
2019-09-16 20:47:42,399 [IPC Server listener on 34295] INFO  ipc.Server (Server.java:run(1153)) - IPC Server listener on 34295: starting
2019-09-16 20:47:42,402 [main] INFO  server.StorageContainerManager (StorageContainerManager.java:start(777)) - ScmDatanodeProtocl RPC server is listening at /0.0.0.0:42337
2019-09-16 20:47:42,402 [main] INFO  server.SCMDatanodeProtocolServer (SCMDatanodeProtocolServer.java:start(191)) - RPC server for DataNodes is listening at /0.0.0.0:42337
2019-09-16 20:47:42,403 [IPC Server Responder] INFO  ipc.Server (Server.java:run(1314)) - IPC Server Responder: starting
2019-09-16 20:47:42,403 [IPC Server listener on 42337] INFO  ipc.Server (Server.java:run(1153)) - IPC Server listener on 42337: starting
2019-09-16 20:47:42,406 [main] INFO  http.HttpServer2 (HttpServer2.java:bindListener(1191)) - Jetty bound to port 45088
2019-09-16 20:47:42,407 [main] INFO  server.Server (Server.java:doStart(351)) - jetty-9.3.24.v20180605, build timestamp: 2018-06-05T17:11:56Z, git hash: 84205aa28f11a4f31f2a3b86d1bba2cc8ab69827
2019-09-16 20:47:42,409 [main] INFO  handler.ContextHandler (ContextHandler.java:doStart(781)) - Started o.e.j.s.ServletContextHandler@663f237a{/logs,file:///workdir/hadoop-ozone/integration-test/target/log,AVAILABLE}
2019-09-16 20:47:42,409 [main] INFO  handler.ContextHandler (ContextHandler.java:doStart(781)) - Started o.e.j.s.ServletContextHandler@49a6f486{/static,file:///workdir/hadoop-ozone/integration-test/target/test-classes/webapps/static,AVAILABLE}
2019-09-16 20:47:42,415 [main] INFO  handler.ContextHandler (ContextHandler.java:doStart(781)) - Started o.e.j.w.WebAppContext@39ffda4a{/,file:///workdir/hadoop-ozone/integration-test/target/test-classes/webapps/scm/,AVAILABLE}{/scm}
2019-09-16 20:47:42,415 [main] INFO  server.AbstractConnector (AbstractConnector.java:doStart(278)) - Started ServerConnector@3ba348ca{HTTP/1.1,[http/1.1]}{0.0.0.0:45088}
2019-09-16 20:47:42,416 [main] INFO  server.Server (Server.java:doStart(419)) - Started @61941ms
2019-09-16 20:47:42,416 [main] WARN  impl.MetricsSystemImpl (MetricsSystemImpl.java:register(276)) - Sink prometheus already exists!
2019-09-16 20:47:42,417 [main] INFO  server.BaseHttpServer (BaseHttpServer.java:updateConnectorAddress(215)) - HTTP server of SCM is listening at http://0.0.0.0:45088
2019-09-16 20:47:42,417 [main] WARN  server.ServerUtils (ServerUtils.java:getDBPath(222)) - ozone.om.db.dirs is not configured. We recommend adding this setting. Falling back to ozone.metadata.dirs instead.
2019-09-16 20:47:42,418 [org.apache.hadoop.util.JvmPauseMonitor$Monitor@45b15381] INFO  util.JvmPauseMonitor (JvmPauseMonitor.java:run(188)) - Starting JVM pause monitor
2019-09-16 20:47:42,433 [main] WARN  server.ServerUtils (ServerUtils.java:getDBPath(222)) - ozone.om.db.dirs is not configured. We recommend adding this setting. Falling back to ozone.metadata.dirs instead.
2019-09-16 20:47:42,433 [main] WARN  server.ServerUtils (ServerUtils.java:getDBPath(222)) - ozone.om.db.dirs is not configured. We recommend adding this setting. Falling back to ozone.metadata.dirs instead.
2019-09-16 20:47:42,434 [main] INFO  om.OzoneManager (OzoneManager.java:setOMNodeDetails(650)) - OM Service ID is not set. Setting it to the default ID: omServiceIdDefault
2019-09-16 20:47:42,434 [main] INFO  om.OzoneManager (OzoneManager.java:setOMNodeDetails(656)) - OM Node ID is not set. Setting it to the OmStorage's OmID: 88a2f30c-d732-48ad-beff-6b760537ed0c
2019-09-16 20:47:42,434 [main] INFO  om.OzoneManager (OzoneManager.java:loadOMHAConfigs(607)) - Found matching OM address with OMServiceId: null, OMNodeId: null, RPC Address: localhost:0 and Ratis port: 9872
2019-09-16 20:47:42,443 [main] WARN  server.ServerUtils (ServerUtils.java:getDBPath(222)) - ozone.om.db.dirs is not configured. We recommend adding this setting. Falling back to ozone.metadata.dirs instead.
2019-09-16 20:47:42,443 [main] INFO  db.DBStoreBuilder (DBStoreBuilder.java:addTable(110)) - using custom profile for table: userTable
2019-09-16 20:47:42,443 [main] INFO  db.DBStoreBuilder (DBStoreBuilder.java:processTables(161)) - Using default column profile:DBProfile.DISK for Table:userTable
2019-09-16 20:47:42,443 [main] INFO  db.DBStoreBuilder (DBStoreBuilder.java:addTable(110)) - using custom profile for table: volumeTable
2019-09-16 20:47:42,444 [main] INFO  db.DBStoreBuilder (DBStoreBuilder.java:processTables(161)) - Using default column profile:DBProfile.DISK for Table:volumeTable
2019-09-16 20:47:42,444 [main] INFO  db.DBStoreBuilder (DBStoreBuilder.java:addTable(110)) - using custom profile for table: bucketTable
2019-09-16 20:47:42,444 [main] INFO  db.DBStoreBuilder (DBStoreBuilder.java:processTables(161)) - Using default column profile:DBProfile.DISK for Table:bucketTable
2019-09-16 20:47:42,444 [main] INFO  db.DBStoreBuilder (DBStoreBuilder.java:addTable(110)) - using custom profile for table: keyTable
2019-09-16 20:47:42,444 [main] INFO  db.DBStoreBuilder (DBStoreBuilder.java:processTables(161)) - Using default column profile:DBProfile.DISK for Table:keyTable
2019-09-16 20:47:42,445 [main] INFO  db.DBStoreBuilder (DBStoreBuilder.java:addTable(110)) - using custom profile for table: deletedTable
2019-09-16 20:47:42,445 [main] INFO  db.DBStoreBuilder (DBStoreBuilder.java:processTables(161)) - Using default column profile:DBProfile.DISK for Table:deletedTable
2019-09-16 20:47:42,445 [main] INFO  db.DBStoreBuilder (DBStoreBuilder.java:addTable(110)) - using custom profile for table: openKeyTable
2019-09-16 20:47:42,445 [main] INFO  db.DBStoreBuilder (DBStoreBuilder.java:processTables(161)) - Using default column profile:DBProfile.DISK for Table:openKeyTable
2019-09-16 20:47:42,446 [main] INFO  db.DBStoreBuilder (DBStoreBuilder.java:addTable(110)) - using custom profile for table: s3Table
2019-09-16 20:47:42,446 [main] INFO  db.DBStoreBuilder (DBStoreBuilder.java:processTables(161)) - Using default column profile:DBProfile.DISK for Table:s3Table
2019-09-16 20:47:42,446 [main] INFO  db.DBStoreBuilder (DBStoreBuilder.java:addTable(110)) - using custom profile for table: multipartInfoTable
2019-09-16 20:47:42,446 [main] INFO  db.DBStoreBuilder (DBStoreBuilder.java:processTables(161)) - Using default column profile:DBProfile.DISK for Table:multipartInfoTable
2019-09-16 20:47:42,446 [main] INFO  db.DBStoreBuilder (DBStoreBuilder.java:addTable(110)) - using custom profile for table: dTokenTable
2019-09-16 20:47:42,447 [main] INFO  db.DBStoreBuilder (DBStoreBuilder.java:processTables(161)) - Using default column profile:DBProfile.DISK for Table:dTokenTable
2019-09-16 20:47:42,447 [main] INFO  db.DBStoreBuilder (DBStoreBuilder.java:addTable(110)) - using custom profile for table: s3SecretTable
2019-09-16 20:47:42,447 [main] INFO  db.DBStoreBuilder (DBStoreBuilder.java:processTables(161)) - Using default column profile:DBProfile.DISK for Table:s3SecretTable
2019-09-16 20:47:42,447 [main] INFO  db.DBStoreBuilder (DBStoreBuilder.java:addTable(110)) - using custom profile for table: prefixTable
2019-09-16 20:47:42,447 [main] INFO  db.DBStoreBuilder (DBStoreBuilder.java:processTables(161)) - Using default column profile:DBProfile.DISK for Table:prefixTable
2019-09-16 20:47:42,448 [main] INFO  db.DBStoreBuilder (DBStoreBuilder.java:addTable(110)) - using custom profile for table: default
2019-09-16 20:47:42,448 [main] INFO  db.DBStoreBuilder (DBStoreBuilder.java:processTables(167)) - Using default column profile:DBProfile.DISK for Table:default
2019-09-16 20:47:42,448 [main] INFO  db.DBStoreBuilder (DBStoreBuilder.java:getDbProfile(198)) - Using default options. DBProfile.DISK
2019-09-16 20:47:42,910 [main] INFO  ipc.CallQueueManager (CallQueueManager.java:<init>(84)) - Using callQueue: class java.util.concurrent.LinkedBlockingQueue, queueCapacity: 2000, scheduler: class org.apache.hadoop.ipc.DefaultRpcScheduler, ipcBackoff: false.
2019-09-16 20:47:42,911 [Socket Reader #1 for port 35591] INFO  ipc.Server (Server.java:run(1074)) - Starting Socket Reader #1 for port 35591
2019-09-16 20:47:42,926 [main] INFO  om.OzoneManager (OzoneManager.java:start(1241)) - OzoneManager RPC server is listening at localhost/127.0.0.1:35591
2019-09-16 20:47:42,926 [main] INFO  impl.MetricsSystemImpl (MetricsSystemImpl.java:init(158)) - OzoneManager metrics system started (again)
2019-09-16 20:47:42,927 [IPC Server Responder] INFO  ipc.Server (Server.java:run(1314)) - IPC Server Responder: starting
2019-09-16 20:47:42,928 [IPC Server listener on 35591] INFO  ipc.Server (Server.java:run(1153)) - IPC Server listener on 35591: starting
2019-09-16 20:47:42,933 [main] INFO  hdfs.DFSUtil (DFSUtil.java:httpServerTemplateForNNAndJN(1641)) - Starting Web-server for ozoneManager at: http://0.0.0.0:0
2019-09-16 20:47:42,934 [main] INFO  server.AuthenticationFilter (AuthenticationFilter.java:constructSecretProvider(240)) - Unable to initialize FileSignerSecretProvider, falling back to use random secrets.
2019-09-16 20:47:42,934 [main] WARN  http.HttpRequestLog (HttpRequestLog.java:getRequestLog(97)) - Jetty request log can only be enabled using Log4j
2019-09-16 20:47:42,936 [main] INFO  http.HttpServer2 (HttpServer2.java:addGlobalFilter(975)) - Added global filter 'safety' (class=org.apache.hadoop.http.HttpServer2$QuotingInputFilter)
2019-09-16 20:47:42,936 [main] INFO  http.HttpServer2 (HttpServer2.java:addFilter(948)) - Added filter static_user_filter (class=org.apache.hadoop.http.lib.StaticUserWebFilter$StaticUserFilter) to context ozoneManager
2019-09-16 20:47:42,937 [main] INFO  http.HttpServer2 (HttpServer2.java:addFilter(958)) - Added filter static_user_filter (class=org.apache.hadoop.http.lib.StaticUserWebFilter$StaticUserFilter) to context logs
2019-09-16 20:47:42,937 [main] INFO  http.HttpServer2 (HttpServer2.java:addFilter(958)) - Added filter static_user_filter (class=org.apache.hadoop.http.lib.StaticUserWebFilter$StaticUserFilter) to context static
2019-09-16 20:47:42,937 [main] INFO  http.HttpServer2 (HttpServer2.java:bindListener(1191)) - Jetty bound to port 33909
2019-09-16 20:47:42,938 [main] INFO  server.Server (Server.java:doStart(351)) - jetty-9.3.24.v20180605, build timestamp: 2018-06-05T17:11:56Z, git hash: 84205aa28f11a4f31f2a3b86d1bba2cc8ab69827
2019-09-16 20:47:42,939 [main] INFO  handler.ContextHandler (ContextHandler.java:doStart(781)) - Started o.e.j.s.ServletContextHandler@4a481728{/logs,file:///workdir/hadoop-ozone/integration-test/target/log,AVAILABLE}
2019-09-16 20:47:42,940 [main] INFO  handler.ContextHandler (ContextHandler.java:doStart(781)) - Started o.e.j.s.ServletContextHandler@77fa9381{/static,file:///workdir/hadoop-ozone/integration-test/target/test-classes/webapps/static,AVAILABLE}
2019-09-16 20:47:42,944 [main] INFO  handler.ContextHandler (ContextHandler.java:doStart(781)) - Started o.e.j.w.WebAppContext@493b01ef{/,file:///workdir/hadoop-ozone/integration-test/target/test-classes/webapps/ozoneManager/,AVAILABLE}{/ozoneManager}
2019-09-16 20:47:42,944 [main] INFO  server.AbstractConnector (AbstractConnector.java:doStart(278)) - Started ServerConnector@36c2d629{HTTP/1.1,[http/1.1]}{0.0.0.0:33909}
2019-09-16 20:47:42,945 [main] INFO  server.Server (Server.java:doStart(419)) - Started @62470ms
2019-09-16 20:47:42,945 [main] WARN  impl.MetricsSystemImpl (MetricsSystemImpl.java:register(276)) - Sink prometheus already exists!
2019-09-16 20:47:42,946 [main] INFO  server.BaseHttpServer (BaseHttpServer.java:updateConnectorAddress(215)) - HTTP server of OZONEMANAGER is listening at http://0.0.0.0:33909
2019-09-16 20:47:42,962 [main] INFO  impl.MetricsSystemImpl (MetricsSystemImpl.java:init(158)) - HddsDatanode metrics system started (again)
2019-09-16 20:47:42,964 [main] INFO  ozone.HddsDatanodeService (HddsDatanodeService.java:start(184)) - HddsDatanodeService host:pr-hdds-1054-8d95c-1017424488 ip:192.168.69.85
2019-09-16 20:47:42,970 [main] INFO  volume.HddsVolume (HddsVolume.java:<init>(176)) - Creating Volume: /workdir/hadoop-ozone/integration-test/target/test-dir/MiniOzoneClusterImpl-d406ef66-dd47-42b2-9ed3-458d719ec871/datanode-0/data/containers/hdds of  storage type : DISK and capacity : 1482555576320
2019-09-16 20:47:42,970 [main] INFO  volume.VolumeSet (VolumeSet.java:initializeVolumeSet(170)) - Added Volume : /workdir/hadoop-ozone/integration-test/target/test-dir/MiniOzoneClusterImpl-d406ef66-dd47-42b2-9ed3-458d719ec871/datanode-0/data/containers/hdds to VolumeSet
2019-09-16 20:47:42,971 [main] INFO  volume.ThrottledAsyncChecker (ThrottledAsyncChecker.java:schedule(139)) - Scheduling a check for org.apache.hadoop.ozone.container.common.volume.HddsVolume@2ffb3aec
2019-09-16 20:47:42,971 [main] INFO  volume.HddsVolumeChecker (HddsVolumeChecker.java:checkAllVolumes(202)) - Scheduled health check for volume org.apache.hadoop.ozone.container.common.volume.HddsVolume@2ffb3aec
2019-09-16 20:47:42,987 [main] INFO  impl.RaftServerProxy (ConfUtils.java:logGet(43)) - raft.rpc.type = GRPC (default)
2019-09-16 20:47:42,987 [main] INFO  grpc.GrpcFactory (GrpcFactory.java:checkPooledByteBufAllocatorUseCacheForAllThreads(45)) - PERFORMANCE WARNING: useCacheForAllThreads is true that may cause Netty to create a lot garbage objects and, as a result, trigger GC.
	It is recommended to disable useCacheForAllThreads by setting -Dorg.apache.ratis.thirdparty.io.netty.allocator.useCacheForAllThreads=false in command line.
2019-09-16 20:47:42,987 [main] INFO  grpc.GrpcConfigKeys$Server (ConfUtils.java:logGet(43)) - raft.grpc.server.port = 0 (default)
2019-09-16 20:47:42,987 [main] INFO  server.GrpcService (ConfUtils.java:logGet(43)) - raft.grpc.message.size.max = 33570816 (custom)
2019-09-16 20:47:42,988 [main] INFO  server.RaftServerConfigKeys (ConfUtils.java:logGet(43)) - raft.server.log.appender.buffer.byte-limit = 33554432 (custom)
2019-09-16 20:47:42,988 [main] INFO  server.GrpcService (ConfUtils.java:logGet(43)) - raft.grpc.flow.control.window = 1MB (=1048576) (default)
2019-09-16 20:47:42,988 [main] INFO  server.RaftServerConfigKeys (ConfUtils.java:logGet(43)) - raft.server.rpc.request.timeout = 3000ms (default)
2019-09-16 20:47:42,989 [main] INFO  server.RaftServerConfigKeys (ConfUtils.java:logGet(43)) - raft.server.storage.dir = [/workdir/hadoop-ozone/integration-test/target/test-dir/MiniOzoneClusterImpl-d406ef66-dd47-42b2-9ed3-458d719ec871/datanode-0/data/ratis] (custom)
2019-09-16 20:47:42,990 [main] INFO  hdfs.DFSUtil (DFSUtil.java:httpServerTemplateForNNAndJN(1641)) - Starting Web-server for hddsDatanode at: http://0.0.0.0:0
2019-09-16 20:47:42,991 [main] INFO  server.AuthenticationFilter (AuthenticationFilter.java:constructSecretProvider(240)) - Unable to initialize FileSignerSecretProvider, falling back to use random secrets.
2019-09-16 20:47:42,991 [main] WARN  http.HttpRequestLog (HttpRequestLog.java:getRequestLog(97)) - Jetty request log can only be enabled using Log4j
2019-09-16 20:47:42,993 [main] INFO  http.HttpServer2 (HttpServer2.java:addGlobalFilter(975)) - Added global filter 'safety' (class=org.apache.hadoop.http.HttpServer2$QuotingInputFilter)
2019-09-16 20:47:42,993 [main] INFO  http.HttpServer2 (HttpServer2.java:addFilter(948)) - Added filter static_user_filter (class=org.apache.hadoop.http.lib.StaticUserWebFilter$StaticUserFilter) to context hddsDatanode
2019-09-16 20:47:42,993 [main] INFO  http.HttpServer2 (HttpServer2.java:addFilter(958)) - Added filter static_user_filter (class=org.apache.hadoop.http.lib.StaticUserWebFilter$StaticUserFilter) to context static
2019-09-16 20:47:42,994 [main] INFO  http.HttpServer2 (HttpServer2.java:addFilter(958)) - Added filter static_user_filter (class=org.apache.hadoop.http.lib.StaticUserWebFilter$StaticUserFilter) to context logs
2019-09-16 20:47:42,994 [main] INFO  http.HttpServer2 (HttpServer2.java:bindListener(1191)) - Jetty bound to port 36365
2019-09-16 20:47:42,994 [main] INFO  server.Server (Server.java:doStart(351)) - jetty-9.3.24.v20180605, build timestamp: 2018-06-05T17:11:56Z, git hash: 84205aa28f11a4f31f2a3b86d1bba2cc8ab69827
2019-09-16 20:47:42,996 [main] INFO  handler.ContextHandler (ContextHandler.java:doStart(781)) - Started o.e.j.s.ServletContextHandler@2b4b96a4{/logs,file:///workdir/hadoop-ozone/integration-test/target/log,AVAILABLE}
2019-09-16 20:47:42,996 [main] INFO  handler.ContextHandler (ContextHandler.java:doStart(781)) - Started o.e.j.s.ServletContextHandler@17e9bc9e{/static,jar:file:/home/user/.m2/repository/org/apache/hadoop/hadoop-hdds-container-service/0.5.0-SNAPSHOT/hadoop-hdds-container-service-0.5.0-SNAPSHOT.jar!/webapps/static,AVAILABLE}
2019-09-16 20:47:43,021 [main] INFO  handler.ContextHandler (ContextHandler.java:doStart(781)) - Started o.e.j.w.WebAppContext@5e99b9c{/,file:///tmp/jetty-0.0.0.0-36365-hddsDatanode-_-any-6602338571135608763.dir/webapp/,AVAILABLE}{/hddsDatanode}
2019-09-16 20:47:43,021 [main] INFO  server.AbstractConnector (AbstractConnector.java:doStart(278)) - Started ServerConnector@2fe74516{HTTP/1.1,[http/1.1]}{0.0.0.0:36365}
2019-09-16 20:47:43,022 [main] INFO  server.Server (Server.java:doStart(419)) - Started @62547ms
2019-09-16 20:47:43,022 [main] WARN  impl.MetricsSystemImpl (MetricsSystemImpl.java:register(276)) - Sink prometheus already exists!
2019-09-16 20:47:43,023 [main] INFO  server.BaseHttpServer (BaseHttpServer.java:updateConnectorAddress(215)) - HTTP server of HDDSDATANODE is listening at http://0.0.0.0:36365
2019-09-16 20:47:43,023 [main] INFO  impl.MetricsSystemImpl (MetricsSystemImpl.java:init(158)) - HddsDatanode metrics system started (again)
2019-09-16 20:47:43,027 [main] INFO  ozone.HddsDatanodeService (HddsDatanodeService.java:start(184)) - HddsDatanodeService host:pr-hdds-1054-8d95c-1017424488 ip:192.168.69.85
2019-09-16 20:47:43,027 [org.apache.hadoop.util.JvmPauseMonitor$Monitor@592c3a68] INFO  util.JvmPauseMonitor (JvmPauseMonitor.java:run(188)) - Starting JVM pause monitor
2019-09-16 20:47:43,033 [main] INFO  volume.HddsVolume (HddsVolume.java:<init>(176)) - Creating Volume: /workdir/hadoop-ozone/integration-test/target/test-dir/MiniOzoneClusterImpl-d406ef66-dd47-42b2-9ed3-458d719ec871/datanode-1/data/containers/hdds of  storage type : DISK and capacity : 1482555576320
2019-09-16 20:47:43,033 [Datanode State Machine Thread - 0] INFO  datanode.InitDatanodeState (InitDatanodeState.java:persistContainerDatanodeDetails(140)) - DatanodeDetails is persisted to /workdir/hadoop-ozone/integration-test/target/test-dir/MiniOzoneClusterImpl-d406ef66-dd47-42b2-9ed3-458d719ec871/datanode-0/meta/datanode.id
2019-09-16 20:47:43,033 [main] INFO  volume.VolumeSet (VolumeSet.java:initializeVolumeSet(170)) - Added Volume : /workdir/hadoop-ozone/integration-test/target/test-dir/MiniOzoneClusterImpl-d406ef66-dd47-42b2-9ed3-458d719ec871/datanode-1/data/containers/hdds to VolumeSet
2019-09-16 20:47:43,033 [main] INFO  volume.ThrottledAsyncChecker (ThrottledAsyncChecker.java:schedule(139)) - Scheduling a check for org.apache.hadoop.ozone.container.common.volume.HddsVolume@7327a447
2019-09-16 20:47:43,034 [main] INFO  volume.HddsVolumeChecker (HddsVolumeChecker.java:checkAllVolumes(202)) - Scheduled health check for volume org.apache.hadoop.ozone.container.common.volume.HddsVolume@7327a447
2019-09-16 20:47:43,046 [main] INFO  impl.RaftServerProxy (ConfUtils.java:logGet(43)) - raft.rpc.type = GRPC (default)
2019-09-16 20:47:43,046 [main] INFO  grpc.GrpcFactory (GrpcFactory.java:checkPooledByteBufAllocatorUseCacheForAllThreads(45)) - PERFORMANCE WARNING: useCacheForAllThreads is true that may cause Netty to create a lot garbage objects and, as a result, trigger GC.
	It is recommended to disable useCacheForAllThreads by setting -Dorg.apache.ratis.thirdparty.io.netty.allocator.useCacheForAllThreads=false in command line.
2019-09-16 20:47:43,047 [main] INFO  grpc.GrpcConfigKeys$Server (ConfUtils.java:logGet(43)) - raft.grpc.server.port = 0 (default)
2019-09-16 20:47:43,047 [main] INFO  server.GrpcService (ConfUtils.java:logGet(43)) - raft.grpc.message.size.max = 33570816 (custom)
2019-09-16 20:47:43,047 [main] INFO  server.RaftServerConfigKeys (ConfUtils.java:logGet(43)) - raft.server.log.appender.buffer.byte-limit = 33554432 (custom)
2019-09-16 20:47:43,047 [main] INFO  server.GrpcService (ConfUtils.java:logGet(43)) - raft.grpc.flow.control.window = 1MB (=1048576) (default)
2019-09-16 20:47:43,047 [main] INFO  server.RaftServerConfigKeys (ConfUtils.java:logGet(43)) - raft.server.rpc.request.timeout = 3000ms (default)
2019-09-16 20:47:43,048 [main] INFO  server.RaftServerConfigKeys (ConfUtils.java:logGet(43)) - raft.server.storage.dir = [/workdir/hadoop-ozone/integration-test/target/test-dir/MiniOzoneClusterImpl-d406ef66-dd47-42b2-9ed3-458d719ec871/datanode-1/data/ratis] (custom)
2019-09-16 20:47:43,049 [main] INFO  hdfs.DFSUtil (DFSUtil.java:httpServerTemplateForNNAndJN(1641)) - Starting Web-server for hddsDatanode at: http://0.0.0.0:0
2019-09-16 20:47:43,050 [main] INFO  server.AuthenticationFilter (AuthenticationFilter.java:constructSecretProvider(240)) - Unable to initialize FileSignerSecretProvider, falling back to use random secrets.
2019-09-16 20:47:43,050 [main] WARN  http.HttpRequestLog (HttpRequestLog.java:getRequestLog(97)) - Jetty request log can only be enabled using Log4j
2019-09-16 20:47:43,051 [main] INFO  http.HttpServer2 (HttpServer2.java:addGlobalFilter(975)) - Added global filter 'safety' (class=org.apache.hadoop.http.HttpServer2$QuotingInputFilter)
2019-09-16 20:47:43,052 [main] INFO  http.HttpServer2 (HttpServer2.java:addFilter(948)) - Added filter static_user_filter (class=org.apache.hadoop.http.lib.StaticUserWebFilter$StaticUserFilter) to context hddsDatanode
2019-09-16 20:47:43,052 [main] INFO  http.HttpServer2 (HttpServer2.java:addFilter(958)) - Added filter static_user_filter (class=org.apache.hadoop.http.lib.StaticUserWebFilter$StaticUserFilter) to context logs
2019-09-16 20:47:43,052 [main] INFO  http.HttpServer2 (HttpServer2.java:addFilter(958)) - Added filter static_user_filter (class=org.apache.hadoop.http.lib.StaticUserWebFilter$StaticUserFilter) to context static
2019-09-16 20:47:43,053 [main] INFO  http.HttpServer2 (HttpServer2.java:bindListener(1191)) - Jetty bound to port 43283
2019-09-16 20:47:43,053 [main] INFO  server.Server (Server.java:doStart(351)) - jetty-9.3.24.v20180605, build timestamp: 2018-06-05T17:11:56Z, git hash: 84205aa28f11a4f31f2a3b86d1bba2cc8ab69827
2019-09-16 20:47:43,054 [main] INFO  handler.ContextHandler (ContextHandler.java:doStart(781)) - Started o.e.j.s.ServletContextHandler@6fff46bf{/logs,file:///workdir/hadoop-ozone/integration-test/target/log,AVAILABLE}
2019-09-16 20:47:43,055 [main] INFO  handler.ContextHandler (ContextHandler.java:doStart(781)) - Started o.e.j.s.ServletContextHandler@3aaa3c39{/static,jar:file:/home/user/.m2/repository/org/apache/hadoop/hadoop-hdds-container-service/0.5.0-SNAPSHOT/hadoop-hdds-container-service-0.5.0-SNAPSHOT.jar!/webapps/static,AVAILABLE}
2019-09-16 20:47:43,080 [main] INFO  handler.ContextHandler (ContextHandler.java:doStart(781)) - Started o.e.j.w.WebAppContext@2be21396{/,file:///tmp/jetty-0.0.0.0-43283-hddsDatanode-_-any-7817429268210239216.dir/webapp/,AVAILABLE}{/hddsDatanode}
2019-09-16 20:47:43,081 [main] INFO  server.AbstractConnector (AbstractConnector.java:doStart(278)) - Started ServerConnector@124dac75{HTTP/1.1,[http/1.1]}{0.0.0.0:43283}
2019-09-16 20:47:43,081 [main] INFO  server.Server (Server.java:doStart(419)) - Started @62606ms
2019-09-16 20:47:43,082 [main] WARN  impl.MetricsSystemImpl (MetricsSystemImpl.java:register(276)) - Sink prometheus already exists!
2019-09-16 20:47:43,082 [main] INFO  server.BaseHttpServer (BaseHttpServer.java:updateConnectorAddress(215)) - HTTP server of HDDSDATANODE is listening at http://0.0.0.0:43283
2019-09-16 20:47:43,082 [main] INFO  impl.MetricsSystemImpl (MetricsSystemImpl.java:init(158)) - HddsDatanode metrics system started (again)
2019-09-16 20:47:43,086 [org.apache.hadoop.util.JvmPauseMonitor$Monitor@17ec450f] INFO  util.JvmPauseMonitor (JvmPauseMonitor.java:run(188)) - Starting JVM pause monitor
2019-09-16 20:47:43,086 [main] INFO  ozone.HddsDatanodeService (HddsDatanodeService.java:start(184)) - HddsDatanodeService host:pr-hdds-1054-8d95c-1017424488 ip:192.168.69.85
2019-09-16 20:47:43,088 [Datanode State Machine Thread - 0] INFO  datanode.InitDatanodeState (InitDatanodeState.java:persistContainerDatanodeDetails(140)) - DatanodeDetails is persisted to /workdir/hadoop-ozone/integration-test/target/test-dir/MiniOzoneClusterImpl-d406ef66-dd47-42b2-9ed3-458d719ec871/datanode-1/meta/datanode.id
2019-09-16 20:47:43,091 [main] INFO  volume.HddsVolume (HddsVolume.java:<init>(176)) - Creating Volume: /workdir/hadoop-ozone/integration-test/target/test-dir/MiniOzoneClusterImpl-d406ef66-dd47-42b2-9ed3-458d719ec871/datanode-2/data/containers/hdds of  storage type : DISK and capacity : 1482555576320
2019-09-16 20:47:43,092 [main] INFO  volume.VolumeSet (VolumeSet.java:initializeVolumeSet(170)) - Added Volume : /workdir/hadoop-ozone/integration-test/target/test-dir/MiniOzoneClusterImpl-d406ef66-dd47-42b2-9ed3-458d719ec871/datanode-2/data/containers/hdds to VolumeSet
2019-09-16 20:47:43,092 [main] INFO  volume.ThrottledAsyncChecker (ThrottledAsyncChecker.java:schedule(139)) - Scheduling a check for org.apache.hadoop.ozone.container.common.volume.HddsVolume@6bcb12e6
2019-09-16 20:47:43,092 [main] INFO  volume.HddsVolumeChecker (HddsVolumeChecker.java:checkAllVolumes(202)) - Scheduled health check for volume org.apache.hadoop.ozone.container.common.volume.HddsVolume@6bcb12e6
2019-09-16 20:47:43,105 [main] INFO  impl.RaftServerProxy (ConfUtils.java:logGet(43)) - raft.rpc.type = GRPC (default)
2019-09-16 20:47:43,105 [main] INFO  grpc.GrpcFactory (GrpcFactory.java:checkPooledByteBufAllocatorUseCacheForAllThreads(45)) - PERFORMANCE WARNING: useCacheForAllThreads is true that may cause Netty to create a lot garbage objects and, as a result, trigger GC.
	It is recommended to disable useCacheForAllThreads by setting -Dorg.apache.ratis.thirdparty.io.netty.allocator.useCacheForAllThreads=false in command line.
2019-09-16 20:47:43,106 [main] INFO  grpc.GrpcConfigKeys$Server (ConfUtils.java:logGet(43)) - raft.grpc.server.port = 0 (default)
2019-09-16 20:47:43,106 [main] INFO  server.GrpcService (ConfUtils.java:logGet(43)) - raft.grpc.message.size.max = 33570816 (custom)
2019-09-16 20:47:43,106 [main] INFO  server.RaftServerConfigKeys (ConfUtils.java:logGet(43)) - raft.server.log.appender.buffer.byte-limit = 33554432 (custom)
2019-09-16 20:47:43,106 [main] INFO  server.GrpcService (ConfUtils.java:logGet(43)) - raft.grpc.flow.control.window = 1MB (=1048576) (default)
2019-09-16 20:47:43,106 [main] INFO  server.RaftServerConfigKeys (ConfUtils.java:logGet(43)) - raft.server.rpc.request.timeout = 3000ms (default)
2019-09-16 20:47:43,107 [main] INFO  server.RaftServerConfigKeys (ConfUtils.java:logGet(43)) - raft.server.storage.dir = [/workdir/hadoop-ozone/integration-test/target/test-dir/MiniOzoneClusterImpl-d406ef66-dd47-42b2-9ed3-458d719ec871/datanode-2/data/ratis] (custom)
2019-09-16 20:47:43,108 [main] INFO  hdfs.DFSUtil (DFSUtil.java:httpServerTemplateForNNAndJN(1641)) - Starting Web-server for hddsDatanode at: http://0.0.0.0:0
2019-09-16 20:47:43,109 [main] INFO  server.AuthenticationFilter (AuthenticationFilter.java:constructSecretProvider(240)) - Unable to initialize FileSignerSecretProvider, falling back to use random secrets.
2019-09-16 20:47:43,109 [main] WARN  http.HttpRequestLog (HttpRequestLog.java:getRequestLog(97)) - Jetty request log can only be enabled using Log4j
2019-09-16 20:47:43,110 [main] INFO  http.HttpServer2 (HttpServer2.java:addGlobalFilter(975)) - Added global filter 'safety' (class=org.apache.hadoop.http.HttpServer2$QuotingInputFilter)
2019-09-16 20:47:43,112 [main] INFO  http.HttpServer2 (HttpServer2.java:addFilter(948)) - Added filter static_user_filter (class=org.apache.hadoop.http.lib.StaticUserWebFilter$StaticUserFilter) to context hddsDatanode
2019-09-16 20:47:43,112 [main] INFO  http.HttpServer2 (HttpServer2.java:addFilter(958)) - Added filter static_user_filter (class=org.apache.hadoop.http.lib.StaticUserWebFilter$StaticUserFilter) to context static
2019-09-16 20:47:43,112 [main] INFO  http.HttpServer2 (HttpServer2.java:addFilter(958)) - Added filter static_user_filter (class=org.apache.hadoop.http.lib.StaticUserWebFilter$StaticUserFilter) to context logs
2019-09-16 20:47:43,113 [main] INFO  http.HttpServer2 (HttpServer2.java:bindListener(1191)) - Jetty bound to port 37073
2019-09-16 20:47:43,113 [main] INFO  server.Server (Server.java:doStart(351)) - jetty-9.3.24.v20180605, build timestamp: 2018-06-05T17:11:56Z, git hash: 84205aa28f11a4f31f2a3b86d1bba2cc8ab69827
2019-09-16 20:47:43,115 [main] INFO  handler.ContextHandler (ContextHandler.java:doStart(781)) - Started o.e.j.s.ServletContextHandler@51b77cdf{/logs,file:///workdir/hadoop-ozone/integration-test/target/log,AVAILABLE}
2019-09-16 20:47:43,115 [main] INFO  handler.ContextHandler (ContextHandler.java:doStart(781)) - Started o.e.j.s.ServletContextHandler@6088451e{/static,jar:file:/home/user/.m2/repository/org/apache/hadoop/hadoop-hdds-container-service/0.5.0-SNAPSHOT/hadoop-hdds-container-service-0.5.0-SNAPSHOT.jar!/webapps/static,AVAILABLE}
2019-09-16 20:47:43,139 [main] INFO  handler.ContextHandler (ContextHandler.java:doStart(781)) - Started o.e.j.w.WebAppContext@5568c66f{/,file:///tmp/jetty-0.0.0.0-37073-hddsDatanode-_-any-3190093659544539192.dir/webapp/,AVAILABLE}{/hddsDatanode}
2019-09-16 20:47:43,139 [main] INFO  server.AbstractConnector (AbstractConnector.java:doStart(278)) - Started ServerConnector@e784320{HTTP/1.1,[http/1.1]}{0.0.0.0:37073}
2019-09-16 20:47:43,140 [main] INFO  server.Server (Server.java:doStart(419)) - Started @62665ms
2019-09-16 20:47:43,140 [main] WARN  impl.MetricsSystemImpl (MetricsSystemImpl.java:register(276)) - Sink prometheus already exists!
2019-09-16 20:47:43,141 [main] INFO  server.BaseHttpServer (BaseHttpServer.java:updateConnectorAddress(215)) - HTTP server of HDDSDATANODE is listening at http://0.0.0.0:37073
2019-09-16 20:47:43,141 [main] INFO  impl.MetricsSystemImpl (MetricsSystemImpl.java:init(158)) - HddsDatanode metrics system started (again)
2019-09-16 20:47:43,144 [org.apache.hadoop.util.JvmPauseMonitor$Monitor@a1f9505] INFO  util.JvmPauseMonitor (JvmPauseMonitor.java:run(188)) - Starting JVM pause monitor
2019-09-16 20:47:43,144 [main] INFO  ozone.HddsDatanodeService (HddsDatanodeService.java:start(184)) - HddsDatanodeService host:pr-hdds-1054-8d95c-1017424488 ip:192.168.69.85
2019-09-16 20:47:43,146 [Datanode State Machine Thread - 0] INFO  datanode.InitDatanodeState (InitDatanodeState.java:persistContainerDatanodeDetails(140)) - DatanodeDetails is persisted to /workdir/hadoop-ozone/integration-test/target/test-dir/MiniOzoneClusterImpl-d406ef66-dd47-42b2-9ed3-458d719ec871/datanode-2/meta/datanode.id
2019-09-16 20:47:43,150 [main] INFO  volume.HddsVolume (HddsVolume.java:<init>(176)) - Creating Volume: /workdir/hadoop-ozone/integration-test/target/test-dir/MiniOzoneClusterImpl-d406ef66-dd47-42b2-9ed3-458d719ec871/datanode-3/data/containers/hdds of  storage type : DISK and capacity : 1482555576320
2019-09-16 20:47:43,150 [main] INFO  volume.VolumeSet (VolumeSet.java:initializeVolumeSet(170)) - Added Volume : /workdir/hadoop-ozone/integration-test/target/test-dir/MiniOzoneClusterImpl-d406ef66-dd47-42b2-9ed3-458d719ec871/datanode-3/data/containers/hdds to VolumeSet
2019-09-16 20:47:43,151 [main] INFO  volume.ThrottledAsyncChecker (ThrottledAsyncChecker.java:schedule(139)) - Scheduling a check for org.apache.hadoop.ozone.container.common.volume.HddsVolume@3069a360
2019-09-16 20:47:43,151 [main] INFO  volume.HddsVolumeChecker (HddsVolumeChecker.java:checkAllVolumes(202)) - Scheduled health check for volume org.apache.hadoop.ozone.container.common.volume.HddsVolume@3069a360
2019-09-16 20:47:43,163 [main] INFO  impl.RaftServerProxy (ConfUtils.java:logGet(43)) - raft.rpc.type = GRPC (default)
2019-09-16 20:47:43,164 [main] INFO  grpc.GrpcFactory (GrpcFactory.java:checkPooledByteBufAllocatorUseCacheForAllThreads(45)) - PERFORMANCE WARNING: useCacheForAllThreads is true that may cause Netty to create a lot garbage objects and, as a result, trigger GC.
	It is recommended to disable useCacheForAllThreads by setting -Dorg.apache.ratis.thirdparty.io.netty.allocator.useCacheForAllThreads=false in command line.
2019-09-16 20:47:43,164 [main] INFO  grpc.GrpcConfigKeys$Server (ConfUtils.java:logGet(43)) - raft.grpc.server.port = 0 (default)
2019-09-16 20:47:43,164 [main] INFO  server.GrpcService (ConfUtils.java:logGet(43)) - raft.grpc.message.size.max = 33570816 (custom)
2019-09-16 20:47:43,164 [main] INFO  server.RaftServerConfigKeys (ConfUtils.java:logGet(43)) - raft.server.log.appender.buffer.byte-limit = 33554432 (custom)
2019-09-16 20:47:43,164 [main] INFO  server.GrpcService (ConfUtils.java:logGet(43)) - raft.grpc.flow.control.window = 1MB (=1048576) (default)
2019-09-16 20:47:43,164 [main] INFO  server.RaftServerConfigKeys (ConfUtils.java:logGet(43)) - raft.server.rpc.request.timeout = 3000ms (default)
2019-09-16 20:47:43,165 [main] INFO  server.RaftServerConfigKeys (ConfUtils.java:logGet(43)) - raft.server.storage.dir = [/workdir/hadoop-ozone/integration-test/target/test-dir/MiniOzoneClusterImpl-d406ef66-dd47-42b2-9ed3-458d719ec871/datanode-3/data/ratis] (custom)
2019-09-16 20:47:43,166 [main] INFO  hdfs.DFSUtil (DFSUtil.java:httpServerTemplateForNNAndJN(1641)) - Starting Web-server for hddsDatanode at: http://0.0.0.0:0
2019-09-16 20:47:43,167 [main] INFO  server.AuthenticationFilter (AuthenticationFilter.java:constructSecretProvider(240)) - Unable to initialize FileSignerSecretProvider, falling back to use random secrets.
2019-09-16 20:47:43,167 [main] WARN  http.HttpRequestLog (HttpRequestLog.java:getRequestLog(97)) - Jetty request log can only be enabled using Log4j
2019-09-16 20:47:43,169 [main] INFO  http.HttpServer2 (HttpServer2.java:addGlobalFilter(975)) - Added global filter 'safety' (class=org.apache.hadoop.http.HttpServer2$QuotingInputFilter)
2019-09-16 20:47:43,169 [main] INFO  http.HttpServer2 (HttpServer2.java:addFilter(948)) - Added filter static_user_filter (class=org.apache.hadoop.http.lib.StaticUserWebFilter$StaticUserFilter) to context hddsDatanode
2019-09-16 20:47:43,169 [main] INFO  http.HttpServer2 (HttpServer2.java:addFilter(958)) - Added filter static_user_filter (class=org.apache.hadoop.http.lib.StaticUserWebFilter$StaticUserFilter) to context static
2019-09-16 20:47:43,169 [main] INFO  http.HttpServer2 (HttpServer2.java:addFilter(958)) - Added filter static_user_filter (class=org.apache.hadoop.http.lib.StaticUserWebFilter$StaticUserFilter) to context logs
2019-09-16 20:47:43,170 [main] INFO  http.HttpServer2 (HttpServer2.java:bindListener(1191)) - Jetty bound to port 41172
2019-09-16 20:47:43,170 [main] INFO  server.Server (Server.java:doStart(351)) - jetty-9.3.24.v20180605, build timestamp: 2018-06-05T17:11:56Z, git hash: 84205aa28f11a4f31f2a3b86d1bba2cc8ab69827
2019-09-16 20:47:43,172 [main] INFO  handler.ContextHandler (ContextHandler.java:doStart(781)) - Started o.e.j.s.ServletContextHandler@5ec1963c{/logs,file:///workdir/hadoop-ozone/integration-test/target/log,AVAILABLE}
2019-09-16 20:47:43,172 [main] INFO  handler.ContextHandler (ContextHandler.java:doStart(781)) - Started o.e.j.s.ServletContextHandler@6af90849{/static,jar:file:/home/user/.m2/repository/org/apache/hadoop/hadoop-hdds-container-service/0.5.0-SNAPSHOT/hadoop-hdds-container-service-0.5.0-SNAPSHOT.jar!/webapps/static,AVAILABLE}
2019-09-16 20:47:43,197 [main] INFO  handler.ContextHandler (ContextHandler.java:doStart(781)) - Started o.e.j.w.WebAppContext@6a5e167a{/,file:///tmp/jetty-0.0.0.0-41172-hddsDatanode-_-any-8614743125342496884.dir/webapp/,AVAILABLE}{/hddsDatanode}
2019-09-16 20:47:43,197 [main] INFO  server.AbstractConnector (AbstractConnector.java:doStart(278)) - Started ServerConnector@60e06f7d{HTTP/1.1,[http/1.1]}{0.0.0.0:41172}
2019-09-16 20:47:43,199 [main] INFO  server.Server (Server.java:doStart(419)) - Started @62723ms
2019-09-16 20:47:43,199 [main] WARN  impl.MetricsSystemImpl (MetricsSystemImpl.java:register(276)) - Sink prometheus already exists!
2019-09-16 20:47:43,199 [main] INFO  server.BaseHttpServer (BaseHttpServer.java:updateConnectorAddress(215)) - HTTP server of HDDSDATANODE is listening at http://0.0.0.0:41172
2019-09-16 20:47:43,200 [main] INFO  impl.MetricsSystemImpl (MetricsSystemImpl.java:init(158)) - HddsDatanode metrics system started (again)
2019-09-16 20:47:43,204 [org.apache.hadoop.util.JvmPauseMonitor$Monitor@24000efe] INFO  util.JvmPauseMonitor (JvmPauseMonitor.java:run(188)) - Starting JVM pause monitor
2019-09-16 20:47:43,204 [main] INFO  ozone.HddsDatanodeService (HddsDatanodeService.java:start(184)) - HddsDatanodeService host:pr-hdds-1054-8d95c-1017424488 ip:192.168.69.85
2019-09-16 20:47:43,205 [Datanode State Machine Thread - 0] INFO  datanode.InitDatanodeState (InitDatanodeState.java:persistContainerDatanodeDetails(140)) - DatanodeDetails is persisted to /workdir/hadoop-ozone/integration-test/target/test-dir/MiniOzoneClusterImpl-d406ef66-dd47-42b2-9ed3-458d719ec871/datanode-3/meta/datanode.id
2019-09-16 20:47:43,209 [main] INFO  volume.HddsVolume (HddsVolume.java:<init>(176)) - Creating Volume: /workdir/hadoop-ozone/integration-test/target/test-dir/MiniOzoneClusterImpl-d406ef66-dd47-42b2-9ed3-458d719ec871/datanode-4/data/containers/hdds of  storage type : DISK and capacity : 1482555576320
2019-09-16 20:47:43,210 [main] INFO  volume.VolumeSet (VolumeSet.java:initializeVolumeSet(170)) - Added Volume : /workdir/hadoop-ozone/integration-test/target/test-dir/MiniOzoneClusterImpl-d406ef66-dd47-42b2-9ed3-458d719ec871/datanode-4/data/containers/hdds to VolumeSet
2019-09-16 20:47:43,210 [main] INFO  volume.ThrottledAsyncChecker (ThrottledAsyncChecker.java:schedule(139)) - Scheduling a check for org.apache.hadoop.ozone.container.common.volume.HddsVolume@787508ca
2019-09-16 20:47:43,210 [main] INFO  volume.HddsVolumeChecker (HddsVolumeChecker.java:checkAllVolumes(202)) - Scheduled health check for volume org.apache.hadoop.ozone.container.common.volume.HddsVolume@787508ca
2019-09-16 20:47:43,224 [main] INFO  impl.RaftServerProxy (ConfUtils.java:logGet(43)) - raft.rpc.type = GRPC (default)
2019-09-16 20:47:43,225 [main] INFO  grpc.GrpcFactory (GrpcFactory.java:checkPooledByteBufAllocatorUseCacheForAllThreads(45)) - PERFORMANCE WARNING: useCacheForAllThreads is true that may cause Netty to create a lot garbage objects and, as a result, trigger GC.
	It is recommended to disable useCacheForAllThreads by setting -Dorg.apache.ratis.thirdparty.io.netty.allocator.useCacheForAllThreads=false in command line.
2019-09-16 20:47:43,225 [main] INFO  grpc.GrpcConfigKeys$Server (ConfUtils.java:logGet(43)) - raft.grpc.server.port = 0 (default)
2019-09-16 20:47:43,225 [main] INFO  server.GrpcService (ConfUtils.java:logGet(43)) - raft.grpc.message.size.max = 33570816 (custom)
2019-09-16 20:47:43,225 [main] INFO  server.RaftServerConfigKeys (ConfUtils.java:logGet(43)) - raft.server.log.appender.buffer.byte-limit = 33554432 (custom)
2019-09-16 20:47:43,225 [main] INFO  server.GrpcService (ConfUtils.java:logGet(43)) - raft.grpc.flow.control.window = 1MB (=1048576) (default)
2019-09-16 20:47:43,226 [main] INFO  server.RaftServerConfigKeys (ConfUtils.java:logGet(43)) - raft.server.rpc.request.timeout = 3000ms (default)
2019-09-16 20:47:43,226 [main] INFO  server.RaftServerConfigKeys (ConfUtils.java:logGet(43)) - raft.server.storage.dir = [/workdir/hadoop-ozone/integration-test/target/test-dir/MiniOzoneClusterImpl-d406ef66-dd47-42b2-9ed3-458d719ec871/datanode-4/data/ratis] (custom)
2019-09-16 20:47:43,227 [main] INFO  hdfs.DFSUtil (DFSUtil.java:httpServerTemplateForNNAndJN(1641)) - Starting Web-server for hddsDatanode at: http://0.0.0.0:0
2019-09-16 20:47:43,228 [main] INFO  server.AuthenticationFilter (AuthenticationFilter.java:constructSecretProvider(240)) - Unable to initialize FileSignerSecretProvider, falling back to use random secrets.
2019-09-16 20:47:43,229 [main] WARN  http.HttpRequestLog (HttpRequestLog.java:getRequestLog(97)) - Jetty request log can only be enabled using Log4j
2019-09-16 20:47:43,230 [main] INFO  http.HttpServer2 (HttpServer2.java:addGlobalFilter(975)) - Added global filter 'safety' (class=org.apache.hadoop.http.HttpServer2$QuotingInputFilter)
2019-09-16 20:47:43,231 [main] INFO  http.HttpServer2 (HttpServer2.java:addFilter(948)) - Added filter static_user_filter (class=org.apache.hadoop.http.lib.StaticUserWebFilter$StaticUserFilter) to context hddsDatanode
2019-09-16 20:47:43,231 [main] INFO  http.HttpServer2 (HttpServer2.java:addFilter(958)) - Added filter static_user_filter (class=org.apache.hadoop.http.lib.StaticUserWebFilter$StaticUserFilter) to context logs
2019-09-16 20:47:43,231 [main] INFO  http.HttpServer2 (HttpServer2.java:addFilter(958)) - Added filter static_user_filter (class=org.apache.hadoop.http.lib.StaticUserWebFilter$StaticUserFilter) to context static
2019-09-16 20:47:43,232 [main] INFO  http.HttpServer2 (HttpServer2.java:bindListener(1191)) - Jetty bound to port 46660
2019-09-16 20:47:43,232 [main] INFO  server.Server (Server.java:doStart(351)) - jetty-9.3.24.v20180605, build timestamp: 2018-06-05T17:11:56Z, git hash: 84205aa28f11a4f31f2a3b86d1bba2cc8ab69827
2019-09-16 20:47:43,234 [main] INFO  handler.ContextHandler (ContextHandler.java:doStart(781)) - Started o.e.j.s.ServletContextHandler@f0020b1{/logs,file:///workdir/hadoop-ozone/integration-test/target/log,AVAILABLE}
2019-09-16 20:47:43,234 [main] INFO  handler.ContextHandler (ContextHandler.java:doStart(781)) - Started o.e.j.s.ServletContextHandler@5649d11a{/static,jar:file:/home/user/.m2/repository/org/apache/hadoop/hadoop-hdds-container-service/0.5.0-SNAPSHOT/hadoop-hdds-container-service-0.5.0-SNAPSHOT.jar!/webapps/static,AVAILABLE}
2019-09-16 20:47:43,259 [main] INFO  handler.ContextHandler (ContextHandler.java:doStart(781)) - Started o.e.j.w.WebAppContext@32ec9c90{/,file:///tmp/jetty-0.0.0.0-46660-hddsDatanode-_-any-1263626724251456488.dir/webapp/,AVAILABLE}{/hddsDatanode}
2019-09-16 20:47:43,259 [main] INFO  server.AbstractConnector (AbstractConnector.java:doStart(278)) - Started ServerConnector@36ab3814{HTTP/1.1,[http/1.1]}{0.0.0.0:46660}
2019-09-16 20:47:43,261 [main] INFO  server.Server (Server.java:doStart(419)) - Started @62785ms
2019-09-16 20:47:43,261 [main] WARN  impl.MetricsSystemImpl (MetricsSystemImpl.java:register(276)) - Sink prometheus already exists!
2019-09-16 20:47:43,261 [main] INFO  server.BaseHttpServer (BaseHttpServer.java:updateConnectorAddress(215)) - HTTP server of HDDSDATANODE is listening at http://0.0.0.0:46660
2019-09-16 20:47:43,262 [main] INFO  impl.MetricsSystemImpl (MetricsSystemImpl.java:init(158)) - HddsDatanode metrics system started (again)
2019-09-16 20:47:43,266 [org.apache.hadoop.util.JvmPauseMonitor$Monitor@123957fc] INFO  util.JvmPauseMonitor (JvmPauseMonitor.java:run(188)) - Starting JVM pause monitor
2019-09-16 20:47:43,266 [main] INFO  ozone.HddsDatanodeService (HddsDatanodeService.java:start(184)) - HddsDatanodeService host:pr-hdds-1054-8d95c-1017424488 ip:192.168.69.85
2019-09-16 20:47:43,268 [Datanode State Machine Thread - 0] INFO  datanode.InitDatanodeState (InitDatanodeState.java:persistContainerDatanodeDetails(140)) - DatanodeDetails is persisted to /workdir/hadoop-ozone/integration-test/target/test-dir/MiniOzoneClusterImpl-d406ef66-dd47-42b2-9ed3-458d719ec871/datanode-4/meta/datanode.id
2019-09-16 20:47:43,272 [main] INFO  volume.HddsVolume (HddsVolume.java:<init>(176)) - Creating Volume: /workdir/hadoop-ozone/integration-test/target/test-dir/MiniOzoneClusterImpl-d406ef66-dd47-42b2-9ed3-458d719ec871/datanode-5/data/containers/hdds of  storage type : DISK and capacity : 1482555576320
2019-09-16 20:47:43,272 [main] INFO  volume.VolumeSet (VolumeSet.java:initializeVolumeSet(170)) - Added Volume : /workdir/hadoop-ozone/integration-test/target/test-dir/MiniOzoneClusterImpl-d406ef66-dd47-42b2-9ed3-458d719ec871/datanode-5/data/containers/hdds to VolumeSet
2019-09-16 20:47:43,272 [main] INFO  volume.ThrottledAsyncChecker (ThrottledAsyncChecker.java:schedule(139)) - Scheduling a check for org.apache.hadoop.ozone.container.common.volume.HddsVolume@34d713a2
2019-09-16 20:47:43,273 [main] INFO  volume.HddsVolumeChecker (HddsVolumeChecker.java:checkAllVolumes(202)) - Scheduled health check for volume org.apache.hadoop.ozone.container.common.volume.HddsVolume@34d713a2
2019-09-16 20:47:43,284 [main] INFO  impl.RaftServerProxy (ConfUtils.java:logGet(43)) - raft.rpc.type = GRPC (default)
2019-09-16 20:47:43,284 [main] INFO  grpc.GrpcFactory (GrpcFactory.java:checkPooledByteBufAllocatorUseCacheForAllThreads(45)) - PERFORMANCE WARNING: useCacheForAllThreads is true that may cause Netty to create a lot garbage objects and, as a result, trigger GC.
	It is recommended to disable useCacheForAllThreads by setting -Dorg.apache.ratis.thirdparty.io.netty.allocator.useCacheForAllThreads=false in command line.
2019-09-16 20:47:43,284 [main] INFO  grpc.GrpcConfigKeys$Server (ConfUtils.java:logGet(43)) - raft.grpc.server.port = 0 (default)
2019-09-16 20:47:43,285 [main] INFO  server.GrpcService (ConfUtils.java:logGet(43)) - raft.grpc.message.size.max = 33570816 (custom)
2019-09-16 20:47:43,285 [main] INFO  server.RaftServerConfigKeys (ConfUtils.java:logGet(43)) - raft.server.log.appender.buffer.byte-limit = 33554432 (custom)
2019-09-16 20:47:43,285 [main] INFO  server.GrpcService (ConfUtils.java:logGet(43)) - raft.grpc.flow.control.window = 1MB (=1048576) (default)
2019-09-16 20:47:43,285 [main] INFO  server.RaftServerConfigKeys (ConfUtils.java:logGet(43)) - raft.server.rpc.request.timeout = 3000ms (default)
2019-09-16 20:47:43,285 [main] INFO  server.RaftServerConfigKeys (ConfUtils.java:logGet(43)) - raft.server.storage.dir = [/workdir/hadoop-ozone/integration-test/target/test-dir/MiniOzoneClusterImpl-d406ef66-dd47-42b2-9ed3-458d719ec871/datanode-5/data/ratis] (custom)
2019-09-16 20:47:43,287 [main] INFO  hdfs.DFSUtil (DFSUtil.java:httpServerTemplateForNNAndJN(1641)) - Starting Web-server for hddsDatanode at: http://0.0.0.0:0
2019-09-16 20:47:43,288 [main] INFO  server.AuthenticationFilter (AuthenticationFilter.java:constructSecretProvider(240)) - Unable to initialize FileSignerSecretProvider, falling back to use random secrets.
2019-09-16 20:47:43,288 [main] WARN  http.HttpRequestLog (HttpRequestLog.java:getRequestLog(97)) - Jetty request log can only be enabled using Log4j
2019-09-16 20:47:43,289 [main] INFO  http.HttpServer2 (HttpServer2.java:addGlobalFilter(975)) - Added global filter 'safety' (class=org.apache.hadoop.http.HttpServer2$QuotingInputFilter)
2019-09-16 20:47:43,289 [main] INFO  http.HttpServer2 (HttpServer2.java:addFilter(948)) - Added filter static_user_filter (class=org.apache.hadoop.http.lib.StaticUserWebFilter$StaticUserFilter) to context hddsDatanode
2019-09-16 20:47:43,290 [main] INFO  http.HttpServer2 (HttpServer2.java:addFilter(958)) - Added filter static_user_filter (class=org.apache.hadoop.http.lib.StaticUserWebFilter$StaticUserFilter) to context logs
2019-09-16 20:47:43,290 [main] INFO  http.HttpServer2 (HttpServer2.java:addFilter(958)) - Added filter static_user_filter (class=org.apache.hadoop.http.lib.StaticUserWebFilter$StaticUserFilter) to context static
2019-09-16 20:47:43,290 [main] INFO  http.HttpServer2 (HttpServer2.java:bindListener(1191)) - Jetty bound to port 42029
2019-09-16 20:47:43,290 [main] INFO  server.Server (Server.java:doStart(351)) - jetty-9.3.24.v20180605, build timestamp: 2018-06-05T17:11:56Z, git hash: 84205aa28f11a4f31f2a3b86d1bba2cc8ab69827
2019-09-16 20:47:43,292 [main] INFO  handler.ContextHandler (ContextHandler.java:doStart(781)) - Started o.e.j.s.ServletContextHandler@4a8ffd75{/logs,file:///workdir/hadoop-ozone/integration-test/target/log,AVAILABLE}
2019-09-16 20:47:43,293 [main] INFO  handler.ContextHandler (ContextHandler.java:doStart(781)) - Started o.e.j.s.ServletContextHandler@7f9e8421{/static,jar:file:/home/user/.m2/repository/org/apache/hadoop/hadoop-hdds-container-service/0.5.0-SNAPSHOT/hadoop-hdds-container-service-0.5.0-SNAPSHOT.jar!/webapps/static,AVAILABLE}
2019-09-16 20:47:43,326 [main] INFO  handler.ContextHandler (ContextHandler.java:doStart(781)) - Started o.e.j.w.WebAppContext@5e13f156{/,file:///tmp/jetty-0.0.0.0-42029-hddsDatanode-_-any-1711691622940231368.dir/webapp/,AVAILABLE}{/hddsDatanode}
2019-09-16 20:47:43,326 [main] INFO  server.AbstractConnector (AbstractConnector.java:doStart(278)) - Started ServerConnector@310ed6b4{HTTP/1.1,[http/1.1]}{0.0.0.0:42029}
2019-09-16 20:47:43,327 [main] INFO  server.Server (Server.java:doStart(419)) - Started @62852ms
2019-09-16 20:47:43,327 [main] WARN  impl.MetricsSystemImpl (MetricsSystemImpl.java:register(276)) - Sink prometheus already exists!
2019-09-16 20:47:43,328 [main] INFO  server.BaseHttpServer (BaseHttpServer.java:updateConnectorAddress(215)) - HTTP server of HDDSDATANODE is listening at http://0.0.0.0:42029
2019-09-16 20:47:43,328 [main] INFO  impl.MetricsSystemImpl (MetricsSystemImpl.java:init(158)) - HddsDatanode metrics system started (again)
2019-09-16 20:47:43,333 [main] INFO  ozone.HddsDatanodeService (HddsDatanodeService.java:start(184)) - HddsDatanodeService host:pr-hdds-1054-8d95c-1017424488 ip:192.168.69.85
2019-09-16 20:47:43,333 [org.apache.hadoop.util.JvmPauseMonitor$Monitor@46ae447f] INFO  util.JvmPauseMonitor (JvmPauseMonitor.java:run(188)) - Starting JVM pause monitor
2019-09-16 20:47:43,335 [Datanode State Machine Thread - 0] INFO  datanode.InitDatanodeState (InitDatanodeState.java:persistContainerDatanodeDetails(140)) - DatanodeDetails is persisted to /workdir/hadoop-ozone/integration-test/target/test-dir/MiniOzoneClusterImpl-d406ef66-dd47-42b2-9ed3-458d719ec871/datanode-5/meta/datanode.id
2019-09-16 20:47:43,339 [main] INFO  volume.HddsVolume (HddsVolume.java:<init>(176)) - Creating Volume: /workdir/hadoop-ozone/integration-test/target/test-dir/MiniOzoneClusterImpl-d406ef66-dd47-42b2-9ed3-458d719ec871/datanode-6/data/containers/hdds of  storage type : DISK and capacity : 1482555576320
2019-09-16 20:47:43,339 [main] INFO  volume.VolumeSet (VolumeSet.java:initializeVolumeSet(170)) - Added Volume : /workdir/hadoop-ozone/integration-test/target/test-dir/MiniOzoneClusterImpl-d406ef66-dd47-42b2-9ed3-458d719ec871/datanode-6/data/containers/hdds to VolumeSet
2019-09-16 20:47:43,340 [main] INFO  volume.ThrottledAsyncChecker (ThrottledAsyncChecker.java:schedule(139)) - Scheduling a check for org.apache.hadoop.ozone.container.common.volume.HddsVolume@59939293
2019-09-16 20:47:43,340 [main] INFO  volume.HddsVolumeChecker (HddsVolumeChecker.java:checkAllVolumes(202)) - Scheduled health check for volume org.apache.hadoop.ozone.container.common.volume.HddsVolume@59939293
2019-09-16 20:47:43,357 [main] INFO  impl.RaftServerProxy (ConfUtils.java:logGet(43)) - raft.rpc.type = GRPC (default)
2019-09-16 20:47:43,357 [main] INFO  grpc.GrpcFactory (GrpcFactory.java:checkPooledByteBufAllocatorUseCacheForAllThreads(45)) - PERFORMANCE WARNING: useCacheForAllThreads is true that may cause Netty to create a lot garbage objects and, as a result, trigger GC.
	It is recommended to disable useCacheForAllThreads by setting -Dorg.apache.ratis.thirdparty.io.netty.allocator.useCacheForAllThreads=false in command line.
2019-09-16 20:47:43,357 [main] INFO  grpc.GrpcConfigKeys$Server (ConfUtils.java:logGet(43)) - raft.grpc.server.port = 0 (default)
2019-09-16 20:47:43,357 [main] INFO  server.GrpcService (ConfUtils.java:logGet(43)) - raft.grpc.message.size.max = 33570816 (custom)
2019-09-16 20:47:43,358 [main] INFO  server.RaftServerConfigKeys (ConfUtils.java:logGet(43)) - raft.server.log.appender.buffer.byte-limit = 33554432 (custom)
2019-09-16 20:47:43,358 [main] INFO  server.GrpcService (ConfUtils.java:logGet(43)) - raft.grpc.flow.control.window = 1MB (=1048576) (default)
2019-09-16 20:47:43,358 [main] INFO  server.RaftServerConfigKeys (ConfUtils.java:logGet(43)) - raft.server.rpc.request.timeout = 3000ms (default)
2019-09-16 20:47:43,359 [main] INFO  server.RaftServerConfigKeys (ConfUtils.java:logGet(43)) - raft.server.storage.dir = [/workdir/hadoop-ozone/integration-test/target/test-dir/MiniOzoneClusterImpl-d406ef66-dd47-42b2-9ed3-458d719ec871/datanode-6/data/ratis] (custom)
2019-09-16 20:47:43,360 [main] INFO  hdfs.DFSUtil (DFSUtil.java:httpServerTemplateForNNAndJN(1641)) - Starting Web-server for hddsDatanode at: http://0.0.0.0:0
2019-09-16 20:47:43,361 [main] INFO  server.AuthenticationFilter (AuthenticationFilter.java:constructSecretProvider(240)) - Unable to initialize FileSignerSecretProvider, falling back to use random secrets.
2019-09-16 20:47:43,362 [main] WARN  http.HttpRequestLog (HttpRequestLog.java:getRequestLog(97)) - Jetty request log can only be enabled using Log4j
2019-09-16 20:47:43,554 [main] INFO  http.HttpServer2 (HttpServer2.java:addGlobalFilter(975)) - Added global filter 'safety' (class=org.apache.hadoop.http.HttpServer2$QuotingInputFilter)
2019-09-16 20:47:43,554 [main] INFO  http.HttpServer2 (HttpServer2.java:addFilter(948)) - Added filter static_user_filter (class=org.apache.hadoop.http.lib.StaticUserWebFilter$StaticUserFilter) to context hddsDatanode
2019-09-16 20:47:43,554 [main] INFO  http.HttpServer2 (HttpServer2.java:addFilter(958)) - Added filter static_user_filter (class=org.apache.hadoop.http.lib.StaticUserWebFilter$StaticUserFilter) to context logs
2019-09-16 20:47:43,555 [main] INFO  http.HttpServer2 (HttpServer2.java:addFilter(958)) - Added filter static_user_filter (class=org.apache.hadoop.http.lib.StaticUserWebFilter$StaticUserFilter) to context static
2019-09-16 20:47:43,555 [main] INFO  http.HttpServer2 (HttpServer2.java:bindListener(1191)) - Jetty bound to port 40131
2019-09-16 20:47:43,555 [main] INFO  server.Server (Server.java:doStart(351)) - jetty-9.3.24.v20180605, build timestamp: 2018-06-05T17:11:56Z, git hash: 84205aa28f11a4f31f2a3b86d1bba2cc8ab69827
2019-09-16 20:47:43,557 [main] INFO  handler.ContextHandler (ContextHandler.java:doStart(781)) - Started o.e.j.s.ServletContextHandler@de81be1{/logs,file:///workdir/hadoop-ozone/integration-test/target/log,AVAILABLE}
2019-09-16 20:47:43,558 [main] INFO  handler.ContextHandler (ContextHandler.java:doStart(781)) - Started o.e.j.s.ServletContextHandler@4519f676{/static,jar:file:/home/user/.m2/repository/org/apache/hadoop/hadoop-hdds-container-service/0.5.0-SNAPSHOT/hadoop-hdds-container-service-0.5.0-SNAPSHOT.jar!/webapps/static,AVAILABLE}
2019-09-16 20:47:43,602 [main] INFO  handler.ContextHandler (ContextHandler.java:doStart(781)) - Started o.e.j.w.WebAppContext@79f90a3a{/,file:///tmp/jetty-0.0.0.0-40131-hddsDatanode-_-any-4537212662920481689.dir/webapp/,AVAILABLE}{/hddsDatanode}
2019-09-16 20:47:43,603 [main] INFO  server.AbstractConnector (AbstractConnector.java:doStart(278)) - Started ServerConnector@22bdb1d0{HTTP/1.1,[http/1.1]}{0.0.0.0:40131}
2019-09-16 20:47:43,604 [main] INFO  server.Server (Server.java:doStart(419)) - Started @63128ms
2019-09-16 20:47:43,604 [main] WARN  impl.MetricsSystemImpl (MetricsSystemImpl.java:register(276)) - Sink prometheus already exists!
2019-09-16 20:47:43,605 [main] INFO  server.BaseHttpServer (BaseHttpServer.java:updateConnectorAddress(215)) - HTTP server of HDDSDATANODE is listening at http://0.0.0.0:40131
2019-09-16 20:47:43,605 [main] INFO  ozone.MiniOzoneClusterImpl (MiniOzoneClusterImpl.java:lambda$waitForClusterToBeReady$0(140)) - Waiting for cluster to be ready. Got 0 of 7 DN Heartbeats.
2019-09-16 20:47:43,607 [org.apache.hadoop.util.JvmPauseMonitor$Monitor@2edcc7cd] INFO  util.JvmPauseMonitor (JvmPauseMonitor.java:run(188)) - Starting JVM pause monitor
2019-09-16 20:47:43,609 [Datanode State Machine Thread - 0] INFO  datanode.InitDatanodeState (InitDatanodeState.java:persistContainerDatanodeDetails(140)) - DatanodeDetails is persisted to /workdir/hadoop-ozone/integration-test/target/test-dir/MiniOzoneClusterImpl-d406ef66-dd47-42b2-9ed3-458d719ec871/datanode-6/meta/datanode.id
2019-09-16 20:47:44,607 [main] INFO  ozone.MiniOzoneClusterImpl (MiniOzoneClusterImpl.java:lambda$waitForClusterToBeReady$0(140)) - Waiting for cluster to be ready. Got 0 of 7 DN Heartbeats.
2019-09-16 20:47:45,060 [Datanode State Machine Thread - 0] INFO  ozoneimpl.OzoneContainer (OzoneContainer.java:start(217)) - Attempting to start container services.
2019-09-16 20:47:45,063 [Datanode State Machine Thread - 0] INFO  ozoneimpl.OzoneContainer (OzoneContainer.java:startContainerScrub(179)) - Background container scanner has been disabled.
2019-09-16 20:47:45,063 [Datanode State Machine Thread - 0] INFO  ratis.XceiverServerRatis (XceiverServerRatis.java:start(404)) - Starting XceiverServerRatis 3f877d93-3bef-4ece-a5ae-026bca78fba9 at port 0
2019-09-16 20:47:45,071 [Datanode State Machine Thread - 0] INFO  impl.RaftServerProxy (RaftServerProxy.java:lambda$start$3(299)) - 3f877d93-3bef-4ece-a5ae-026bca78fba9: start RPC server
2019-09-16 20:47:45,074 [Datanode State Machine Thread - 0] INFO  server.GrpcService (GrpcService.java:startImpl(158)) - 3f877d93-3bef-4ece-a5ae-026bca78fba9: GrpcService started, listening on 0.0.0.0/0.0.0.0:46145
2019-09-16 20:47:45,074 [Datanode State Machine Thread - 0] INFO  ratis.XceiverServerRatis (XceiverServerRatis.java:start(414)) - XceiverServerRatis 3f877d93-3bef-4ece-a5ae-026bca78fba9 is started using port 46145
2019-09-16 20:47:45,075 [Datanode State Machine Thread - 0] INFO  server.XceiverServerGrpc (XceiverServerGrpc.java:start(163)) - XceiverServerGrpc 3f877d93-3bef-4ece-a5ae-026bca78fba9 is started using port 37985
2019-09-16 20:47:45,113 [Datanode State Machine Thread - 0] INFO  ozoneimpl.OzoneContainer (OzoneContainer.java:start(217)) - Attempting to start container services.
2019-09-16 20:47:45,123 [Datanode State Machine Thread - 0] INFO  ozoneimpl.OzoneContainer (OzoneContainer.java:startContainerScrub(179)) - Background container scanner has been disabled.
2019-09-16 20:47:45,123 [Datanode State Machine Thread - 0] INFO  ratis.XceiverServerRatis (XceiverServerRatis.java:start(404)) - Starting XceiverServerRatis 9182e049-55d9-4dcd-8242-d7eaef939001 at port 0
2019-09-16 20:47:45,130 [Datanode State Machine Thread - 0] INFO  impl.RaftServerProxy (RaftServerProxy.java:lambda$start$3(299)) - 9182e049-55d9-4dcd-8242-d7eaef939001: start RPC server
2019-09-16 20:47:45,133 [Datanode State Machine Thread - 0] INFO  server.GrpcService (GrpcService.java:startImpl(158)) - 9182e049-55d9-4dcd-8242-d7eaef939001: GrpcService started, listening on 0.0.0.0/0.0.0.0:36434
2019-09-16 20:47:45,133 [Datanode State Machine Thread - 0] INFO  ratis.XceiverServerRatis (XceiverServerRatis.java:start(414)) - XceiverServerRatis 9182e049-55d9-4dcd-8242-d7eaef939001 is started using port 36434
2019-09-16 20:47:45,133 [Datanode State Machine Thread - 0] INFO  server.XceiverServerGrpc (XceiverServerGrpc.java:start(163)) - XceiverServerGrpc 9182e049-55d9-4dcd-8242-d7eaef939001 is started using port 37437
2019-09-16 20:47:45,158 [Datanode State Machine Thread - 0] INFO  ozoneimpl.OzoneContainer (OzoneContainer.java:start(217)) - Attempting to start container services.
2019-09-16 20:47:45,158 [Datanode State Machine Thread - 0] INFO  ozoneimpl.OzoneContainer (OzoneContainer.java:startContainerScrub(179)) - Background container scanner has been disabled.
2019-09-16 20:47:45,159 [Datanode State Machine Thread - 0] INFO  ratis.XceiverServerRatis (XceiverServerRatis.java:start(404)) - Starting XceiverServerRatis 7d5ab8fe-4398-4c7a-833f-a2ebf83d2b30 at port 0
2019-09-16 20:47:45,168 [Datanode State Machine Thread - 0] INFO  impl.RaftServerProxy (RaftServerProxy.java:lambda$start$3(299)) - 7d5ab8fe-4398-4c7a-833f-a2ebf83d2b30: start RPC server
2019-09-16 20:47:45,175 [Datanode State Machine Thread - 0] INFO  server.GrpcService (GrpcService.java:startImpl(158)) - 7d5ab8fe-4398-4c7a-833f-a2ebf83d2b30: GrpcService started, listening on 0.0.0.0/0.0.0.0:33293
2019-09-16 20:47:45,176 [Datanode State Machine Thread - 0] INFO  ratis.XceiverServerRatis (XceiverServerRatis.java:start(414)) - XceiverServerRatis 7d5ab8fe-4398-4c7a-833f-a2ebf83d2b30 is started using port 33293
2019-09-16 20:47:45,182 [Datanode State Machine Thread - 0] INFO  server.XceiverServerGrpc (XceiverServerGrpc.java:start(163)) - XceiverServerGrpc 7d5ab8fe-4398-4c7a-833f-a2ebf83d2b30 is started using port 35501
2019-09-16 20:47:45,230 [Datanode State Machine Thread - 0] INFO  ozoneimpl.OzoneContainer (OzoneContainer.java:start(217)) - Attempting to start container services.
2019-09-16 20:47:45,230 [Datanode State Machine Thread - 0] INFO  ozoneimpl.OzoneContainer (OzoneContainer.java:startContainerScrub(179)) - Background container scanner has been disabled.
2019-09-16 20:47:45,230 [Datanode State Machine Thread - 0] INFO  ratis.XceiverServerRatis (XceiverServerRatis.java:start(404)) - Starting XceiverServerRatis 64b563ca-eba6-4805-b2f2-228efec1533e at port 0
2019-09-16 20:47:45,239 [Datanode State Machine Thread - 0] INFO  impl.RaftServerProxy (RaftServerProxy.java:lambda$start$3(299)) - 64b563ca-eba6-4805-b2f2-228efec1533e: start RPC server
2019-09-16 20:47:45,240 [Datanode State Machine Thread - 0] INFO  server.GrpcService (GrpcService.java:startImpl(158)) - 64b563ca-eba6-4805-b2f2-228efec1533e: GrpcService started, listening on 0.0.0.0/0.0.0.0:46805
2019-09-16 20:47:45,240 [Datanode State Machine Thread - 0] INFO  ratis.XceiverServerRatis (XceiverServerRatis.java:start(414)) - XceiverServerRatis 64b563ca-eba6-4805-b2f2-228efec1533e is started using port 46805
2019-09-16 20:47:45,241 [Datanode State Machine Thread - 0] INFO  server.XceiverServerGrpc (XceiverServerGrpc.java:start(163)) - XceiverServerGrpc 64b563ca-eba6-4805-b2f2-228efec1533e is started using port 37199
2019-09-16 20:47:45,291 [Datanode State Machine Thread - 0] INFO  ozoneimpl.OzoneContainer (OzoneContainer.java:start(217)) - Attempting to start container services.
2019-09-16 20:47:45,292 [Datanode State Machine Thread - 0] INFO  ozoneimpl.OzoneContainer (OzoneContainer.java:startContainerScrub(179)) - Background container scanner has been disabled.
2019-09-16 20:47:45,292 [Datanode State Machine Thread - 0] INFO  ratis.XceiverServerRatis (XceiverServerRatis.java:start(404)) - Starting XceiverServerRatis 67ec2c46-e6a3-41dc-8686-1106750fbf03 at port 0
2019-09-16 20:47:45,300 [Datanode State Machine Thread - 0] INFO  impl.RaftServerProxy (RaftServerProxy.java:lambda$start$3(299)) - 67ec2c46-e6a3-41dc-8686-1106750fbf03: start RPC server
2019-09-16 20:47:45,303 [Datanode State Machine Thread - 0] INFO  server.GrpcService (GrpcService.java:startImpl(158)) - 67ec2c46-e6a3-41dc-8686-1106750fbf03: GrpcService started, listening on 0.0.0.0/0.0.0.0:35372
2019-09-16 20:47:45,303 [Datanode State Machine Thread - 0] INFO  ratis.XceiverServerRatis (XceiverServerRatis.java:start(414)) - XceiverServerRatis 67ec2c46-e6a3-41dc-8686-1106750fbf03 is started using port 35372
2019-09-16 20:47:45,304 [Datanode State Machine Thread - 0] INFO  server.XceiverServerGrpc (XceiverServerGrpc.java:start(163)) - XceiverServerGrpc 67ec2c46-e6a3-41dc-8686-1106750fbf03 is started using port 38956
2019-09-16 20:47:45,348 [Datanode State Machine Thread - 0] INFO  ozoneimpl.OzoneContainer (OzoneContainer.java:start(217)) - Attempting to start container services.
2019-09-16 20:47:45,348 [Datanode State Machine Thread - 0] INFO  ozoneimpl.OzoneContainer (OzoneContainer.java:startContainerScrub(179)) - Background container scanner has been disabled.
2019-09-16 20:47:45,348 [Datanode State Machine Thread - 0] INFO  ratis.XceiverServerRatis (XceiverServerRatis.java:start(404)) - Starting XceiverServerRatis d68b6256-2cf5-4d29-880d-3f15bf69885c at port 0
2019-09-16 20:47:45,356 [Datanode State Machine Thread - 0] INFO  impl.RaftServerProxy (RaftServerProxy.java:lambda$start$3(299)) - d68b6256-2cf5-4d29-880d-3f15bf69885c: start RPC server
2019-09-16 20:47:45,359 [Datanode State Machine Thread - 0] INFO  server.GrpcService (GrpcService.java:startImpl(158)) - d68b6256-2cf5-4d29-880d-3f15bf69885c: GrpcService started, listening on 0.0.0.0/0.0.0.0:35451
2019-09-16 20:47:45,359 [Datanode State Machine Thread - 0] INFO  ratis.XceiverServerRatis (XceiverServerRatis.java:start(414)) - XceiverServerRatis d68b6256-2cf5-4d29-880d-3f15bf69885c is started using port 35451
2019-09-16 20:47:45,359 [Datanode State Machine Thread - 0] INFO  server.XceiverServerGrpc (XceiverServerGrpc.java:start(163)) - XceiverServerGrpc d68b6256-2cf5-4d29-880d-3f15bf69885c is started using port 44789
2019-09-16 20:47:45,607 [main] INFO  ozone.MiniOzoneClusterImpl (MiniOzoneClusterImpl.java:lambda$waitForClusterToBeReady$0(140)) - Waiting for cluster to be ready. Got 0 of 7 DN Heartbeats.
2019-09-16 20:47:45,632 [Datanode State Machine Thread - 0] INFO  ozoneimpl.OzoneContainer (OzoneContainer.java:start(217)) - Attempting to start container services.
2019-09-16 20:47:45,633 [Datanode State Machine Thread - 0] INFO  ozoneimpl.OzoneContainer (OzoneContainer.java:startContainerScrub(179)) - Background container scanner has been disabled.
2019-09-16 20:47:45,633 [Datanode State Machine Thread - 0] INFO  ratis.XceiverServerRatis (XceiverServerRatis.java:start(404)) - Starting XceiverServerRatis 2567daec-5f37-42ba-b893-366bc09983f6 at port 0
2019-09-16 20:47:45,640 [Datanode State Machine Thread - 0] INFO  impl.RaftServerProxy (RaftServerProxy.java:lambda$start$3(299)) - 2567daec-5f37-42ba-b893-366bc09983f6: start RPC server
2019-09-16 20:47:45,641 [Datanode State Machine Thread - 0] INFO  server.GrpcService (GrpcService.java:startImpl(158)) - 2567daec-5f37-42ba-b893-366bc09983f6: GrpcService started, listening on 0.0.0.0/0.0.0.0:36953
2019-09-16 20:47:45,641 [Datanode State Machine Thread - 0] INFO  ratis.XceiverServerRatis (XceiverServerRatis.java:start(414)) - XceiverServerRatis 2567daec-5f37-42ba-b893-366bc09983f6 is started using port 36953
2019-09-16 20:47:45,641 [Datanode State Machine Thread - 0] INFO  server.XceiverServerGrpc (XceiverServerGrpc.java:start(163)) - XceiverServerGrpc 2567daec-5f37-42ba-b893-366bc09983f6 is started using port 41834
2019-09-16 20:47:46,608 [main] INFO  ozone.MiniOzoneClusterImpl (MiniOzoneClusterImpl.java:lambda$waitForClusterToBeReady$0(140)) - Waiting for cluster to be ready. Got 0 of 7 DN Heartbeats.
2019-09-16 20:47:47,033 [IPC Server handler 19 on 42337] INFO  net.NetworkTopology (NetworkTopologyImpl.java:add(110)) - Added a new node: /default-rack/3f877d93-3bef-4ece-a5ae-026bca78fba9
2019-09-16 20:47:47,036 [IPC Server handler 19 on 42337] INFO  node.SCMNodeManager (SCMNodeManager.java:register(266)) - Registered Data node : 3f877d93-3bef-4ece-a5ae-026bca78fba9{ip: 192.168.69.85, host: pr-hdds-1054-8d95c-1017424488, networkLocation: /default-rack, certSerialId: null}
2019-09-16 20:47:47,037 [EventQueue-NodeRegistrationContainerReportForDataNodeSafeModeRule] INFO  safemode.SCMSafeModeManager (DataNodeSafeModeRule.java:process(71)) - SCM in safe mode. 1 DataNodes registered, 1 required.
2019-09-16 20:47:47,039 [EventQueue-NodeRegistrationContainerReportForDataNodeSafeModeRule] INFO  safemode.SCMSafeModeManager (SCMSafeModeManager.java:validateSafeModeExitRules(177)) - ScmSafeModeManager, all rules are successfully validated
2019-09-16 20:47:47,039 [EventQueue-NodeRegistrationContainerReportForDataNodeSafeModeRule] INFO  safemode.SCMSafeModeManager (SCMSafeModeManager.java:exitSafeMode(193)) - SCM exiting safe mode.
2019-09-16 20:47:47,062 [grpc-default-executor-3] INFO  impl.RaftServerProxy (RaftServerProxy.java:addNew(89)) - 3f877d93-3bef-4ece-a5ae-026bca78fba9: addNew group-CFD85B6F813A:[3f877d93-3bef-4ece-a5ae-026bca78fba9:192.168.69.85:46145] returns group-CFD85B6F813A:java.util.concurrent.CompletableFuture@773cf93a[Not completed]
2019-09-16 20:47:47,067 [pool-119-thread-1] INFO  impl.RaftServerImpl (RaftServerImpl.java:<init>(95)) - 3f877d93-3bef-4ece-a5ae-026bca78fba9: new RaftServerImpl for group-CFD85B6F813A:[3f877d93-3bef-4ece-a5ae-026bca78fba9:192.168.69.85:46145] with ContainerStateMachine:uninitialized
2019-09-16 20:47:47,067 [pool-119-thread-1] INFO  server.RaftServerConfigKeys (ConfUtils.java:logGet(43)) - raft.server.rpc.timeout.min = 5s (custom)
2019-09-16 20:47:47,067 [pool-119-thread-1] INFO  server.RaftServerConfigKeys (ConfUtils.java:logGet(43)) - raft.server.rpc.timeout.max = 5200ms (custom)
2019-09-16 20:47:47,068 [pool-119-thread-1] INFO  server.RaftServerConfigKeys (ConfUtils.java:logGet(43)) - raft.server.rpcslowness.timeout = 120s (custom)
2019-09-16 20:47:47,068 [pool-119-thread-1] INFO  server.RaftServerConfigKeys (ConfUtils.java:logGet(43)) - raft.server.sleep.deviation.threshold = 300 (default)
2019-09-16 20:47:47,068 [pool-119-thread-1] INFO  server.RaftServerConfigKeys (ConfUtils.java:logGet(43)) - raft.server.log.appender.install.snapshot.enabled = false (custom)
2019-09-16 20:47:47,068 [pool-119-thread-1] INFO  impl.RaftServerImpl (ServerState.java:<init>(103)) - 3f877d93-3bef-4ece-a5ae-026bca78fba9@group-CFD85B6F813A: ConfigurationManager, init=-1: [3f877d93-3bef-4ece-a5ae-026bca78fba9:192.168.69.85:46145], old=null, confs=<EMPTY_MAP>
2019-09-16 20:47:47,069 [pool-119-thread-1] INFO  server.RaftServerConfigKeys (ConfUtils.java:logGet(43)) - raft.server.storage.dir = [/workdir/hadoop-ozone/integration-test/target/test-dir/MiniOzoneClusterImpl-d406ef66-dd47-42b2-9ed3-458d719ec871/datanode-0/data/ratis] (custom)
2019-09-16 20:47:47,069 [pool-119-thread-1] INFO  storage.RaftStorageDirectory (RaftStorageDirectory.java:analyzeStorage(246)) - The storage directory /workdir/hadoop-ozone/integration-test/target/test-dir/MiniOzoneClusterImpl-d406ef66-dd47-42b2-9ed3-458d719ec871/datanode-0/data/ratis/d0143eab-5534-46f2-af0e-cfd85b6f813a does not exist. Creating ...
2019-09-16 20:47:47,083 [pool-119-thread-1] INFO  storage.RaftStorageDirectory (RaftStorageDirectory.java:tryLock(328)) - Lock on /workdir/hadoop-ozone/integration-test/target/test-dir/MiniOzoneClusterImpl-d406ef66-dd47-42b2-9ed3-458d719ec871/datanode-0/data/ratis/d0143eab-5534-46f2-af0e-cfd85b6f813a/in_use.lock acquired by nodename 15813@pr-hdds-1054-8d95c-1017424488
2019-09-16 20:47:47,087 [IPC Server handler 16 on 42337] INFO  net.NetworkTopology (NetworkTopologyImpl.java:add(110)) - Added a new node: /default-rack/9182e049-55d9-4dcd-8242-d7eaef939001
2019-09-16 20:47:47,087 [IPC Server handler 16 on 42337] INFO  node.SCMNodeManager (SCMNodeManager.java:register(266)) - Registered Data node : 9182e049-55d9-4dcd-8242-d7eaef939001{ip: 192.168.69.85, host: pr-hdds-1054-8d95c-1017424488, networkLocation: /default-rack, certSerialId: null}
2019-09-16 20:47:47,098 [pool-119-thread-1] INFO  storage.RaftStorage (RaftStorage.java:format(72)) - Storage directory /workdir/hadoop-ozone/integration-test/target/test-dir/MiniOzoneClusterImpl-d406ef66-dd47-42b2-9ed3-458d719ec871/datanode-0/data/ratis/d0143eab-5534-46f2-af0e-cfd85b6f813a has been successfully formatted.
2019-09-16 20:47:47,099 [pool-119-thread-1] INFO  ratis.ContainerStateMachine (ContainerStateMachine.java:loadSnapshot(230)) - group-CFD85B6F813A: The snapshot info is null. Setting the last applied indexto:(t:0, i:~)
2019-09-16 20:47:47,099 [pool-119-thread-1] INFO  server.RaftServerConfigKeys (ConfUtils.java:logGet(43)) - raft.server.notification.no-leader.timeout = 120s (custom)
2019-09-16 20:47:47,099 [pool-119-thread-1] INFO  server.RaftServerConfigKeys (ConfUtils.java:logGet(43)) - raft.server.log.use.memory = false (default)
2019-09-16 20:47:47,099 [pool-119-thread-1] INFO  server.RaftServerConfigKeys (ConfUtils.java:logGet(43)) - raft.server.log.purge.gap = 1000000 (custom)
2019-09-16 20:47:47,100 [pool-119-thread-1] INFO  server.RaftServerConfigKeys (ConfUtils.java:logGet(43)) - raft.server.log.appender.buffer.byte-limit = 33554432 (custom)
2019-09-16 20:47:47,100 [pool-119-thread-1] INFO  server.RaftServerConfigKeys (ConfUtils.java:logGet(43)) - raft.server.log.segment.size.max = 1048576 (custom)
2019-09-16 20:47:47,100 [pool-119-thread-1] INFO  server.RaftServerConfigKeys (ConfUtils.java:logGet(43)) - raft.server.log.segment.cache.num.max = 2 (custom)
2019-09-16 20:47:47,100 [pool-119-thread-1] INFO  segmented.SegmentedRaftLogWorker (SegmentedRaftLogWorker.java:<init>(172)) - new 3f877d93-3bef-4ece-a5ae-026bca78fba9@group-CFD85B6F813A-SegmentedRaftLogWorker for RaftStorage:Storage Directory /workdir/hadoop-ozone/integration-test/target/test-dir/MiniOzoneClusterImpl-d406ef66-dd47-42b2-9ed3-458d719ec871/datanode-0/data/ratis/d0143eab-5534-46f2-af0e-cfd85b6f813a
2019-09-16 20:47:47,104 [pool-119-thread-1] INFO  server.RaftServerConfigKeys (ConfUtils.java:logGet(43)) - raft.server.log.queue.byte-limit = 2147483647 (custom)
2019-09-16 20:47:47,104 [pool-119-thread-1] INFO  server.RaftServerConfigKeys (ConfUtils.java:logGet(43)) - raft.server.log.queue.element-limit = 1024 (custom)
2019-09-16 20:47:47,104 [pool-119-thread-1] INFO  server.RaftServerConfigKeys (ConfUtils.java:logGet(43)) - raft.server.log.segment.size.max = 1048576 (custom)
2019-09-16 20:47:47,105 [pool-119-thread-1] INFO  server.RaftServerConfigKeys (ConfUtils.java:logGet(43)) - raft.server.log.preallocated.size = 16384 (custom)
2019-09-16 20:47:47,105 [pool-119-thread-1] INFO  server.RaftServerConfigKeys (ConfUtils.java:logGet(43)) - raft.server.log.write.buffer.size = 33554432 (custom)
2019-09-16 20:47:47,105 [pool-119-thread-1] INFO  server.RaftServerConfigKeys (ConfUtils.java:logGet(43)) - raft.server.log.force.sync.num = 128 (default)
2019-09-16 20:47:47,105 [pool-119-thread-1] INFO  server.RaftServerConfigKeys (ConfUtils.java:logGet(43)) - raft.server.log.statemachine.data.sync = true (default)
2019-09-16 20:47:47,105 [pool-119-thread-1] INFO  server.RaftServerConfigKeys (ConfUtils.java:logGet(43)) - raft.server.log.statemachine.data.sync.timeout = 10s (default)
2019-09-16 20:47:47,106 [pool-119-thread-1] INFO  server.RaftServerConfigKeys (ConfUtils.java:logGet(43)) - raft.server.log.statemachine.data.sync.timeout.retry = -1 (default)
2019-09-16 20:47:47,106 [pool-119-thread-1] INFO  server.RaftServerConfigKeys (ConfUtils.java:logGet(43)) - raft.server.log.statemachine.data.caching.enabled = true (custom)
2019-09-16 20:47:47,107 [pool-119-thread-1] INFO  segmented.SegmentedRaftLogWorker (SegmentedRaftLogWorker.java:lambda$new$0(132)) - 3f877d93-3bef-4ece-a5ae-026bca78fba9@group-CFD85B6F813A-SegmentedRaftLogWorker: flushIndex: setUnconditionally 0 -> -1
2019-09-16 20:47:47,107 [pool-119-thread-1] INFO  server.RaftServerConfigKeys (ConfUtils.java:logGet(43)) - raft.server.snapshot.auto.trigger.enabled = true (custom)
2019-09-16 20:47:47,107 [pool-119-thread-1] INFO  server.RaftServerConfigKeys (ConfUtils.java:logGet(43)) - raft.server.snapshot.auto.trigger.threshold = 10000 (custom)
2019-09-16 20:47:47,107 [pool-119-thread-1] INFO  server.RaftServerConfigKeys (ConfUtils.java:logGet(43)) - raft.server.snapshot.retention.num.files = -1 (default)
2019-09-16 20:47:47,108 [pool-119-thread-1] INFO  server.RaftServerConfigKeys (ConfUtils.java:logGet(43)) - raft.server.retrycache.expirytime = 600000ms (custom)
2019-09-16 20:47:47,111 [pool-119-thread-1] INFO  impl.RaftServerImpl (RaftServerImpl.java:start(185)) - 3f877d93-3bef-4ece-a5ae-026bca78fba9@group-CFD85B6F813A: start as a follower, conf=-1: [3f877d93-3bef-4ece-a5ae-026bca78fba9:192.168.69.85:46145], old=null
2019-09-16 20:47:47,111 [pool-119-thread-1] INFO  impl.RaftServerImpl (RaftServerImpl.java:setRole(174)) - 3f877d93-3bef-4ece-a5ae-026bca78fba9@group-CFD85B6F813A: changes role from      null to FOLLOWER at term 0 for startAsFollower
2019-09-16 20:47:47,111 [pool-119-thread-1] INFO  impl.RoleInfo (RoleInfo.java:updateAndGet(143)) - 3f877d93-3bef-4ece-a5ae-026bca78fba9: start FollowerState
2019-09-16 20:47:47,112 [pool-119-thread-1] INFO  util.JmxRegister (JmxRegister.java:tryRegister(44)) - Successfully registered JMX Bean with object name Ratis:service=RaftServer,group=group-CFD85B6F813A,id=3f877d93-3bef-4ece-a5ae-026bca78fba9
2019-09-16 20:47:47,132 [RatisPipelineUtilsThread] INFO  pipeline.PipelineStateManager (PipelineStateManager.java:addPipeline(56)) - Created pipeline Pipeline[ Id: d0143eab-5534-46f2-af0e-cfd85b6f813a, Nodes: 3f877d93-3bef-4ece-a5ae-026bca78fba9{ip: 192.168.69.85, host: pr-hdds-1054-8d95c-1017424488, networkLocation: /default-rack, certSerialId: null}, Type:RATIS, Factor:ONE, State:OPEN]
2019-09-16 20:47:47,141 [grpc-default-executor-3] INFO  impl.RaftServerProxy (RaftServerProxy.java:addNew(89)) - 9182e049-55d9-4dcd-8242-d7eaef939001: addNew group-9C1F0154165B:[9182e049-55d9-4dcd-8242-d7eaef939001:192.168.69.85:36434] returns group-9C1F0154165B:java.util.concurrent.CompletableFuture@422b91b5[Not completed]
2019-09-16 20:47:47,145 [pool-129-thread-1] INFO  impl.RaftServerImpl (RaftServerImpl.java:<init>(95)) - 9182e049-55d9-4dcd-8242-d7eaef939001: new RaftServerImpl for group-9C1F0154165B:[9182e049-55d9-4dcd-8242-d7eaef939001:192.168.69.85:36434] with ContainerStateMachine:uninitialized
2019-09-16 20:47:47,145 [pool-129-thread-1] INFO  server.RaftServerConfigKeys (ConfUtils.java:logGet(43)) - raft.server.rpc.timeout.min = 5s (custom)
2019-09-16 20:47:47,145 [pool-129-thread-1] INFO  server.RaftServerConfigKeys (ConfUtils.java:logGet(43)) - raft.server.rpc.timeout.max = 5200ms (custom)
2019-09-16 20:47:47,145 [pool-129-thread-1] INFO  server.RaftServerConfigKeys (ConfUtils.java:logGet(43)) - raft.server.rpcslowness.timeout = 120s (custom)
2019-09-16 20:47:47,145 [pool-129-thread-1] INFO  server.RaftServerConfigKeys (ConfUtils.java:logGet(43)) - raft.server.sleep.deviation.threshold = 300 (default)
2019-09-16 20:47:47,146 [pool-129-thread-1] INFO  server.RaftServerConfigKeys (ConfUtils.java:logGet(43)) - raft.server.log.appender.install.snapshot.enabled = false (custom)
2019-09-16 20:47:47,146 [IPC Server handler 14 on 42337] INFO  net.NetworkTopology (NetworkTopologyImpl.java:add(110)) - Added a new node: /default-rack/7d5ab8fe-4398-4c7a-833f-a2ebf83d2b30
2019-09-16 20:47:47,146 [pool-129-thread-1] INFO  impl.RaftServerImpl (ServerState.java:<init>(103)) - 9182e049-55d9-4dcd-8242-d7eaef939001@group-9C1F0154165B: ConfigurationManager, init=-1: [9182e049-55d9-4dcd-8242-d7eaef939001:192.168.69.85:36434], old=null, confs=<EMPTY_MAP>
2019-09-16 20:47:47,146 [IPC Server handler 14 on 42337] INFO  node.SCMNodeManager (SCMNodeManager.java:register(266)) - Registered Data node : 7d5ab8fe-4398-4c7a-833f-a2ebf83d2b30{ip: 192.168.69.85, host: pr-hdds-1054-8d95c-1017424488, networkLocation: /default-rack, certSerialId: null}
2019-09-16 20:47:47,146 [pool-129-thread-1] INFO  server.RaftServerConfigKeys (ConfUtils.java:logGet(43)) - raft.server.storage.dir = [/workdir/hadoop-ozone/integration-test/target/test-dir/MiniOzoneClusterImpl-d406ef66-dd47-42b2-9ed3-458d719ec871/datanode-1/data/ratis] (custom)
2019-09-16 20:47:47,147 [pool-129-thread-1] INFO  storage.RaftStorageDirectory (RaftStorageDirectory.java:analyzeStorage(246)) - The storage directory /workdir/hadoop-ozone/integration-test/target/test-dir/MiniOzoneClusterImpl-d406ef66-dd47-42b2-9ed3-458d719ec871/datanode-1/data/ratis/19e54925-7292-404b-adbe-9c1f0154165b does not exist. Creating ...
2019-09-16 20:47:47,172 [pool-129-thread-1] INFO  storage.RaftStorageDirectory (RaftStorageDirectory.java:tryLock(328)) - Lock on /workdir/hadoop-ozone/integration-test/target/test-dir/MiniOzoneClusterImpl-d406ef66-dd47-42b2-9ed3-458d719ec871/datanode-1/data/ratis/19e54925-7292-404b-adbe-9c1f0154165b/in_use.lock acquired by nodename 15813@pr-hdds-1054-8d95c-1017424488
2019-09-16 20:47:47,187 [pool-129-thread-1] INFO  storage.RaftStorage (RaftStorage.java:format(72)) - Storage directory /workdir/hadoop-ozone/integration-test/target/test-dir/MiniOzoneClusterImpl-d406ef66-dd47-42b2-9ed3-458d719ec871/datanode-1/data/ratis/19e54925-7292-404b-adbe-9c1f0154165b has been successfully formatted.
2019-09-16 20:47:47,187 [pool-129-thread-1] INFO  ratis.ContainerStateMachine (ContainerStateMachine.java:loadSnapshot(230)) - group-9C1F0154165B: The snapshot info is null. Setting the last applied indexto:(t:0, i:~)
2019-09-16 20:47:47,187 [pool-129-thread-1] INFO  server.RaftServerConfigKeys (ConfUtils.java:logGet(43)) - raft.server.notification.no-leader.timeout = 120s (custom)
2019-09-16 20:47:47,188 [pool-129-thread-1] INFO  server.RaftServerConfigKeys (ConfUtils.java:logGet(43)) - raft.server.log.use.memory = false (default)
2019-09-16 20:47:47,188 [pool-129-thread-1] INFO  server.RaftServerConfigKeys (ConfUtils.java:logGet(43)) - raft.server.log.purge.gap = 1000000 (custom)
2019-09-16 20:47:47,188 [pool-129-thread-1] INFO  server.RaftServerConfigKeys (ConfUtils.java:logGet(43)) - raft.server.log.appender.buffer.byte-limit = 33554432 (custom)
2019-09-16 20:47:47,188 [pool-129-thread-1] INFO  server.RaftServerConfigKeys (ConfUtils.java:logGet(43)) - raft.server.log.segment.size.max = 1048576 (custom)
2019-09-16 20:47:47,188 [pool-129-thread-1] INFO  server.RaftServerConfigKeys (ConfUtils.java:logGet(43)) - raft.server.log.segment.cache.num.max = 2 (custom)
2019-09-16 20:47:47,188 [pool-129-thread-1] INFO  segmented.SegmentedRaftLogWorker (SegmentedRaftLogWorker.java:<init>(172)) - new 9182e049-55d9-4dcd-8242-d7eaef939001@group-9C1F0154165B-SegmentedRaftLogWorker for RaftStorage:Storage Directory /workdir/hadoop-ozone/integration-test/target/test-dir/MiniOzoneClusterImpl-d406ef66-dd47-42b2-9ed3-458d719ec871/datanode-1/data/ratis/19e54925-7292-404b-adbe-9c1f0154165b
2019-09-16 20:47:47,191 [pool-129-thread-1] INFO  server.RaftServerConfigKeys (ConfUtils.java:logGet(43)) - raft.server.log.queue.byte-limit = 2147483647 (custom)
2019-09-16 20:47:47,191 [pool-129-thread-1] INFO  server.RaftServerConfigKeys (ConfUtils.java:logGet(43)) - raft.server.log.queue.element-limit = 1024 (custom)
2019-09-16 20:47:47,192 [pool-129-thread-1] INFO  server.RaftServerConfigKeys (ConfUtils.java:logGet(43)) - raft.server.log.segment.size.max = 1048576 (custom)
2019-09-16 20:47:47,192 [pool-129-thread-1] INFO  server.RaftServerConfigKeys (ConfUtils.java:logGet(43)) - raft.server.log.preallocated.size = 16384 (custom)
2019-09-16 20:47:47,192 [pool-129-thread-1] INFO  server.RaftServerConfigKeys (ConfUtils.java:logGet(43)) - raft.server.log.write.buffer.size = 33554432 (custom)
2019-09-16 20:47:47,192 [pool-129-thread-1] INFO  server.RaftServerConfigKeys (ConfUtils.java:logGet(43)) - raft.server.log.force.sync.num = 128 (default)
2019-09-16 20:47:47,192 [pool-129-thread-1] INFO  server.RaftServerConfigKeys (ConfUtils.java:logGet(43)) - raft.server.log.statemachine.data.sync = true (default)
2019-09-16 20:47:47,192 [pool-129-thread-1] INFO  server.RaftServerConfigKeys (ConfUtils.java:logGet(43)) - raft.server.log.statemachine.data.sync.timeout = 10s (default)
2019-09-16 20:47:47,193 [pool-129-thread-1] INFO  server.RaftServerConfigKeys (ConfUtils.java:logGet(43)) - raft.server.log.statemachine.data.sync.timeout.retry = -1 (default)
2019-09-16 20:47:47,193 [pool-129-thread-1] INFO  server.RaftServerConfigKeys (ConfUtils.java:logGet(43)) - raft.server.log.statemachine.data.caching.enabled = true (custom)
2019-09-16 20:47:47,193 [pool-129-thread-1] INFO  segmented.SegmentedRaftLogWorker (SegmentedRaftLogWorker.java:lambda$new$0(132)) - 9182e049-55d9-4dcd-8242-d7eaef939001@group-9C1F0154165B-SegmentedRaftLogWorker: flushIndex: setUnconditionally 0 -> -1
2019-09-16 20:47:47,194 [pool-129-thread-1] INFO  server.RaftServerConfigKeys (ConfUtils.java:logGet(43)) - raft.server.snapshot.auto.trigger.enabled = true (custom)
2019-09-16 20:47:47,194 [pool-129-thread-1] INFO  server.RaftServerConfigKeys (ConfUtils.java:logGet(43)) - raft.server.snapshot.auto.trigger.threshold = 10000 (custom)
2019-09-16 20:47:47,194 [pool-129-thread-1] INFO  server.RaftServerConfigKeys (ConfUtils.java:logGet(43)) - raft.server.snapshot.retention.num.files = -1 (default)
2019-09-16 20:47:47,194 [pool-129-thread-1] INFO  server.RaftServerConfigKeys (ConfUtils.java:logGet(43)) - raft.server.retrycache.expirytime = 600000ms (custom)
2019-09-16 20:47:47,197 [pool-129-thread-1] INFO  impl.RaftServerImpl (RaftServerImpl.java:start(185)) - 9182e049-55d9-4dcd-8242-d7eaef939001@group-9C1F0154165B: start as a follower, conf=-1: [9182e049-55d9-4dcd-8242-d7eaef939001:192.168.69.85:36434], old=null
2019-09-16 20:47:47,197 [pool-129-thread-1] INFO  impl.RaftServerImpl (RaftServerImpl.java:setRole(174)) - 9182e049-55d9-4dcd-8242-d7eaef939001@group-9C1F0154165B: changes role from      null to FOLLOWER at term 0 for startAsFollower
2019-09-16 20:47:47,197 [pool-129-thread-1] INFO  impl.RoleInfo (RoleInfo.java:updateAndGet(143)) - 9182e049-55d9-4dcd-8242-d7eaef939001: start FollowerState
2019-09-16 20:47:47,197 [pool-129-thread-1] INFO  util.JmxRegister (JmxRegister.java:tryRegister(44)) - Successfully registered JMX Bean with object name Ratis:service=RaftServer,group=group-9C1F0154165B,id=9182e049-55d9-4dcd-8242-d7eaef939001
2019-09-16 20:47:47,202 [RatisPipelineUtilsThread] INFO  pipeline.PipelineStateManager (PipelineStateManager.java:addPipeline(56)) - Created pipeline Pipeline[ Id: 19e54925-7292-404b-adbe-9c1f0154165b, Nodes: 9182e049-55d9-4dcd-8242-d7eaef939001{ip: 192.168.69.85, host: pr-hdds-1054-8d95c-1017424488, networkLocation: /default-rack, certSerialId: null}, Type:RATIS, Factor:ONE, State:OPEN]
2019-09-16 20:47:47,206 [IPC Server handler 17 on 42337] INFO  net.NetworkTopology (NetworkTopologyImpl.java:add(110)) - Added a new node: /default-rack/64b563ca-eba6-4805-b2f2-228efec1533e
2019-09-16 20:47:47,206 [IPC Server handler 17 on 42337] INFO  node.SCMNodeManager (SCMNodeManager.java:register(266)) - Registered Data node : 64b563ca-eba6-4805-b2f2-228efec1533e{ip: 192.168.69.85, host: pr-hdds-1054-8d95c-1017424488, networkLocation: /default-rack, certSerialId: null}
2019-09-16 20:47:47,212 [grpc-default-executor-3] INFO  impl.RaftServerProxy (RaftServerProxy.java:addNew(89)) - 7d5ab8fe-4398-4c7a-833f-a2ebf83d2b30: addNew group-652D4230709A:[7d5ab8fe-4398-4c7a-833f-a2ebf83d2b30:192.168.69.85:33293] returns group-652D4230709A:java.util.concurrent.CompletableFuture@4e62ca6[Not completed]
2019-09-16 20:47:47,217 [pool-139-thread-1] INFO  impl.RaftServerImpl (RaftServerImpl.java:<init>(95)) - 7d5ab8fe-4398-4c7a-833f-a2ebf83d2b30: new RaftServerImpl for group-652D4230709A:[7d5ab8fe-4398-4c7a-833f-a2ebf83d2b30:192.168.69.85:33293] with ContainerStateMachine:uninitialized
2019-09-16 20:47:47,217 [pool-139-thread-1] INFO  server.RaftServerConfigKeys (ConfUtils.java:logGet(43)) - raft.server.rpc.timeout.min = 5s (custom)
2019-09-16 20:47:47,217 [pool-139-thread-1] INFO  server.RaftServerConfigKeys (ConfUtils.java:logGet(43)) - raft.server.rpc.timeout.max = 5200ms (custom)
2019-09-16 20:47:47,217 [pool-139-thread-1] INFO  server.RaftServerConfigKeys (ConfUtils.java:logGet(43)) - raft.server.rpcslowness.timeout = 120s (custom)
2019-09-16 20:47:47,218 [pool-139-thread-1] INFO  server.RaftServerConfigKeys (ConfUtils.java:logGet(43)) - raft.server.sleep.deviation.threshold = 300 (default)
2019-09-16 20:47:47,218 [pool-139-thread-1] INFO  server.RaftServerConfigKeys (ConfUtils.java:logGet(43)) - raft.server.log.appender.install.snapshot.enabled = false (custom)
2019-09-16 20:47:47,218 [pool-139-thread-1] INFO  impl.RaftServerImpl (ServerState.java:<init>(103)) - 7d5ab8fe-4398-4c7a-833f-a2ebf83d2b30@group-652D4230709A: ConfigurationManager, init=-1: [7d5ab8fe-4398-4c7a-833f-a2ebf83d2b30:192.168.69.85:33293], old=null, confs=<EMPTY_MAP>
2019-09-16 20:47:47,218 [pool-139-thread-1] INFO  server.RaftServerConfigKeys (ConfUtils.java:logGet(43)) - raft.server.storage.dir = [/workdir/hadoop-ozone/integration-test/target/test-dir/MiniOzoneClusterImpl-d406ef66-dd47-42b2-9ed3-458d719ec871/datanode-2/data/ratis] (custom)
2019-09-16 20:47:47,218 [pool-139-thread-1] INFO  storage.RaftStorageDirectory (RaftStorageDirectory.java:analyzeStorage(246)) - The storage directory /workdir/hadoop-ozone/integration-test/target/test-dir/MiniOzoneClusterImpl-d406ef66-dd47-42b2-9ed3-458d719ec871/datanode-2/data/ratis/9f009ff7-b894-423c-b23d-652d4230709a does not exist. Creating ...
2019-09-16 20:47:47,267 [IPC Server handler 12 on 42337] INFO  net.NetworkTopology (NetworkTopologyImpl.java:add(110)) - Added a new node: /default-rack/67ec2c46-e6a3-41dc-8686-1106750fbf03
2019-09-16 20:47:47,267 [IPC Server handler 12 on 42337] INFO  node.SCMNodeManager (SCMNodeManager.java:register(266)) - Registered Data node : 67ec2c46-e6a3-41dc-8686-1106750fbf03{ip: 192.168.69.85, host: pr-hdds-1054-8d95c-1017424488, networkLocation: /default-rack, certSerialId: null}
2019-09-16 20:47:47,280 [pool-139-thread-1] INFO  storage.RaftStorageDirectory (RaftStorageDirectory.java:tryLock(328)) - Lock on /workdir/hadoop-ozone/integration-test/target/test-dir/MiniOzoneClusterImpl-d406ef66-dd47-42b2-9ed3-458d719ec871/datanode-2/data/ratis/9f009ff7-b894-423c-b23d-652d4230709a/in_use.lock acquired by nodename 15813@pr-hdds-1054-8d95c-1017424488
2019-09-16 20:47:47,335 [IPC Server handler 11 on 42337] INFO  net.NetworkTopology (NetworkTopologyImpl.java:add(110)) - Added a new node: /default-rack/d68b6256-2cf5-4d29-880d-3f15bf69885c
2019-09-16 20:47:47,335 [IPC Server handler 11 on 42337] INFO  node.SCMNodeManager (SCMNodeManager.java:register(266)) - Registered Data node : d68b6256-2cf5-4d29-880d-3f15bf69885c{ip: 192.168.69.85, host: pr-hdds-1054-8d95c-1017424488, networkLocation: /default-rack, certSerialId: null}
2019-09-16 20:47:47,345 [pool-139-thread-1] INFO  storage.RaftStorage (RaftStorage.java:format(72)) - Storage directory /workdir/hadoop-ozone/integration-test/target/test-dir/MiniOzoneClusterImpl-d406ef66-dd47-42b2-9ed3-458d719ec871/datanode-2/data/ratis/9f009ff7-b894-423c-b23d-652d4230709a has been successfully formatted.
2019-09-16 20:47:47,346 [pool-139-thread-1] INFO  ratis.ContainerStateMachine (ContainerStateMachine.java:loadSnapshot(230)) - group-652D4230709A: The snapshot info is null. Setting the last applied indexto:(t:0, i:~)
2019-09-16 20:47:47,346 [pool-139-thread-1] INFO  server.RaftServerConfigKeys (ConfUtils.java:logGet(43)) - raft.server.notification.no-leader.timeout = 120s (custom)
2019-09-16 20:47:47,346 [pool-139-thread-1] INFO  server.RaftServerConfigKeys (ConfUtils.java:logGet(43)) - raft.server.log.use.memory = false (default)
2019-09-16 20:47:47,346 [pool-139-thread-1] INFO  server.RaftServerConfigKeys (ConfUtils.java:logGet(43)) - raft.server.log.purge.gap = 1000000 (custom)
2019-09-16 20:47:47,346 [pool-139-thread-1] INFO  server.RaftServerConfigKeys (ConfUtils.java:logGet(43)) - raft.server.log.appender.buffer.byte-limit = 33554432 (custom)
2019-09-16 20:47:47,347 [pool-139-thread-1] INFO  server.RaftServerConfigKeys (ConfUtils.java:logGet(43)) - raft.server.log.segment.size.max = 1048576 (custom)
2019-09-16 20:47:47,347 [pool-139-thread-1] INFO  server.RaftServerConfigKeys (ConfUtils.java:logGet(43)) - raft.server.log.segment.cache.num.max = 2 (custom)
2019-09-16 20:47:47,347 [pool-139-thread-1] INFO  segmented.SegmentedRaftLogWorker (SegmentedRaftLogWorker.java:<init>(172)) - new 7d5ab8fe-4398-4c7a-833f-a2ebf83d2b30@group-652D4230709A-SegmentedRaftLogWorker for RaftStorage:Storage Directory /workdir/hadoop-ozone/integration-test/target/test-dir/MiniOzoneClusterImpl-d406ef66-dd47-42b2-9ed3-458d719ec871/datanode-2/data/ratis/9f009ff7-b894-423c-b23d-652d4230709a
2019-09-16 20:47:47,350 [pool-139-thread-1] INFO  server.RaftServerConfigKeys (ConfUtils.java:logGet(43)) - raft.server.log.queue.byte-limit = 2147483647 (custom)
2019-09-16 20:47:47,350 [pool-139-thread-1] INFO  server.RaftServerConfigKeys (ConfUtils.java:logGet(43)) - raft.server.log.queue.element-limit = 1024 (custom)
2019-09-16 20:47:47,350 [pool-139-thread-1] INFO  server.RaftServerConfigKeys (ConfUtils.java:logGet(43)) - raft.server.log.segment.size.max = 1048576 (custom)
2019-09-16 20:47:47,350 [pool-139-thread-1] INFO  server.RaftServerConfigKeys (ConfUtils.java:logGet(43)) - raft.server.log.preallocated.size = 16384 (custom)
2019-09-16 20:47:47,350 [pool-139-thread-1] INFO  server.RaftServerConfigKeys (ConfUtils.java:logGet(43)) - raft.server.log.write.buffer.size = 33554432 (custom)
2019-09-16 20:47:47,350 [pool-139-thread-1] INFO  server.RaftServerConfigKeys (ConfUtils.java:logGet(43)) - raft.server.log.force.sync.num = 128 (default)
2019-09-16 20:47:47,351 [pool-139-thread-1] INFO  server.RaftServerConfigKeys (ConfUtils.java:logGet(43)) - raft.server.log.statemachine.data.sync = true (default)
2019-09-16 20:47:47,351 [pool-139-thread-1] INFO  server.RaftServerConfigKeys (ConfUtils.java:logGet(43)) - raft.server.log.statemachine.data.sync.timeout = 10s (default)
2019-09-16 20:47:47,351 [pool-139-thread-1] INFO  server.RaftServerConfigKeys (ConfUtils.java:logGet(43)) - raft.server.log.statemachine.data.sync.timeout.retry = -1 (default)
2019-09-16 20:47:47,351 [pool-139-thread-1] INFO  server.RaftServerConfigKeys (ConfUtils.java:logGet(43)) - raft.server.log.statemachine.data.caching.enabled = true (custom)
2019-09-16 20:47:47,352 [pool-139-thread-1] INFO  segmented.SegmentedRaftLogWorker (SegmentedRaftLogWorker.java:lambda$new$0(132)) - 7d5ab8fe-4398-4c7a-833f-a2ebf83d2b30@group-652D4230709A-SegmentedRaftLogWorker: flushIndex: setUnconditionally 0 -> -1
2019-09-16 20:47:47,352 [pool-139-thread-1] INFO  server.RaftServerConfigKeys (ConfUtils.java:logGet(43)) - raft.server.snapshot.auto.trigger.enabled = true (custom)
2019-09-16 20:47:47,352 [pool-139-thread-1] INFO  server.RaftServerConfigKeys (ConfUtils.java:logGet(43)) - raft.server.snapshot.auto.trigger.threshold = 10000 (custom)
2019-09-16 20:47:47,352 [pool-139-thread-1] INFO  server.RaftServerConfigKeys (ConfUtils.java:logGet(43)) - raft.server.snapshot.retention.num.files = -1 (default)
2019-09-16 20:47:47,353 [pool-139-thread-1] INFO  server.RaftServerConfigKeys (ConfUtils.java:logGet(43)) - raft.server.retrycache.expirytime = 600000ms (custom)
2019-09-16 20:47:47,355 [pool-139-thread-1] INFO  impl.RaftServerImpl (RaftServerImpl.java:start(185)) - 7d5ab8fe-4398-4c7a-833f-a2ebf83d2b30@group-652D4230709A: start as a follower, conf=-1: [7d5ab8fe-4398-4c7a-833f-a2ebf83d2b30:192.168.69.85:33293], old=null
2019-09-16 20:47:47,355 [pool-139-thread-1] INFO  impl.RaftServerImpl (RaftServerImpl.java:setRole(174)) - 7d5ab8fe-4398-4c7a-833f-a2ebf83d2b30@group-652D4230709A: changes role from      null to FOLLOWER at term 0 for startAsFollower
2019-09-16 20:47:47,355 [pool-139-thread-1] INFO  impl.RoleInfo (RoleInfo.java:updateAndGet(143)) - 7d5ab8fe-4398-4c7a-833f-a2ebf83d2b30: start FollowerState
2019-09-16 20:47:47,356 [pool-139-thread-1] INFO  util.JmxRegister (JmxRegister.java:tryRegister(44)) - Successfully registered JMX Bean with object name Ratis:service=RaftServer,group=group-652D4230709A,id=7d5ab8fe-4398-4c7a-833f-a2ebf83d2b30
2019-09-16 20:47:47,361 [RatisPipelineUtilsThread] INFO  pipeline.PipelineStateManager (PipelineStateManager.java:addPipeline(56)) - Created pipeline Pipeline[ Id: 9f009ff7-b894-423c-b23d-652d4230709a, Nodes: 7d5ab8fe-4398-4c7a-833f-a2ebf83d2b30{ip: 192.168.69.85, host: pr-hdds-1054-8d95c-1017424488, networkLocation: /default-rack, certSerialId: null}, Type:RATIS, Factor:ONE, State:OPEN]
2019-09-16 20:47:47,373 [grpc-default-executor-3] INFO  impl.RaftServerProxy (RaftServerProxy.java:addNew(89)) - 67ec2c46-e6a3-41dc-8686-1106750fbf03: addNew group-CAB6BA55FBAE:[67ec2c46-e6a3-41dc-8686-1106750fbf03:192.168.69.85:35372] returns group-CAB6BA55FBAE:java.util.concurrent.CompletableFuture@42756a8f[Not completed]
2019-09-16 20:47:47,378 [pool-159-thread-1] INFO  impl.RaftServerImpl (RaftServerImpl.java:<init>(95)) - 67ec2c46-e6a3-41dc-8686-1106750fbf03: new RaftServerImpl for group-CAB6BA55FBAE:[67ec2c46-e6a3-41dc-8686-1106750fbf03:192.168.69.85:35372] with ContainerStateMachine:uninitialized
2019-09-16 20:47:47,378 [pool-159-thread-1] INFO  server.RaftServerConfigKeys (ConfUtils.java:logGet(43)) - raft.server.rpc.timeout.min = 5s (custom)
2019-09-16 20:47:47,378 [pool-159-thread-1] INFO  server.RaftServerConfigKeys (ConfUtils.java:logGet(43)) - raft.server.rpc.timeout.max = 5200ms (custom)
2019-09-16 20:47:47,379 [pool-159-thread-1] INFO  server.RaftServerConfigKeys (ConfUtils.java:logGet(43)) - raft.server.rpcslowness.timeout = 120s (custom)
2019-09-16 20:47:47,379 [pool-159-thread-1] INFO  server.RaftServerConfigKeys (ConfUtils.java:logGet(43)) - raft.server.sleep.deviation.threshold = 300 (default)
2019-09-16 20:47:47,379 [pool-159-thread-1] INFO  server.RaftServerConfigKeys (ConfUtils.java:logGet(43)) - raft.server.log.appender.install.snapshot.enabled = false (custom)
2019-09-16 20:47:47,379 [pool-159-thread-1] INFO  impl.RaftServerImpl (ServerState.java:<init>(103)) - 67ec2c46-e6a3-41dc-8686-1106750fbf03@group-CAB6BA55FBAE: ConfigurationManager, init=-1: [67ec2c46-e6a3-41dc-8686-1106750fbf03:192.168.69.85:35372], old=null, confs=<EMPTY_MAP>
2019-09-16 20:47:47,379 [pool-159-thread-1] INFO  server.RaftServerConfigKeys (ConfUtils.java:logGet(43)) - raft.server.storage.dir = [/workdir/hadoop-ozone/integration-test/target/test-dir/MiniOzoneClusterImpl-d406ef66-dd47-42b2-9ed3-458d719ec871/datanode-4/data/ratis] (custom)
2019-09-16 20:47:47,380 [pool-159-thread-1] INFO  storage.RaftStorageDirectory (RaftStorageDirectory.java:analyzeStorage(246)) - The storage directory /workdir/hadoop-ozone/integration-test/target/test-dir/MiniOzoneClusterImpl-d406ef66-dd47-42b2-9ed3-458d719ec871/datanode-4/data/ratis/9817aff6-7467-448c-8c2b-cab6ba55fbae does not exist. Creating ...
2019-09-16 20:47:47,443 [pool-159-thread-1] INFO  storage.RaftStorageDirectory (RaftStorageDirectory.java:tryLock(328)) - Lock on /workdir/hadoop-ozone/integration-test/target/test-dir/MiniOzoneClusterImpl-d406ef66-dd47-42b2-9ed3-458d719ec871/datanode-4/data/ratis/9817aff6-7467-448c-8c2b-cab6ba55fbae/in_use.lock acquired by nodename 15813@pr-hdds-1054-8d95c-1017424488
2019-09-16 20:47:47,513 [pool-159-thread-1] INFO  storage.RaftStorage (RaftStorage.java:format(72)) - Storage directory /workdir/hadoop-ozone/integration-test/target/test-dir/MiniOzoneClusterImpl-d406ef66-dd47-42b2-9ed3-458d719ec871/datanode-4/data/ratis/9817aff6-7467-448c-8c2b-cab6ba55fbae has been successfully formatted.
2019-09-16 20:47:47,514 [pool-159-thread-1] INFO  ratis.ContainerStateMachine (ContainerStateMachine.java:loadSnapshot(230)) - group-CAB6BA55FBAE: The snapshot info is null. Setting the last applied indexto:(t:0, i:~)
2019-09-16 20:47:47,514 [pool-159-thread-1] INFO  server.RaftServerConfigKeys (ConfUtils.java:logGet(43)) - raft.server.notification.no-leader.timeout = 120s (custom)
2019-09-16 20:47:47,514 [pool-159-thread-1] INFO  server.RaftServerConfigKeys (ConfUtils.java:logGet(43)) - raft.server.log.use.memory = false (default)
2019-09-16 20:47:47,514 [pool-159-thread-1] INFO  server.RaftServerConfigKeys (ConfUtils.java:logGet(43)) - raft.server.log.purge.gap = 1000000 (custom)
2019-09-16 20:47:47,515 [pool-159-thread-1] INFO  server.RaftServerConfigKeys (ConfUtils.java:logGet(43)) - raft.server.log.appender.buffer.byte-limit = 33554432 (custom)
2019-09-16 20:47:47,515 [pool-159-thread-1] INFO  server.RaftServerConfigKeys (ConfUtils.java:logGet(43)) - raft.server.log.segment.size.max = 1048576 (custom)
2019-09-16 20:47:47,515 [pool-159-thread-1] INFO  server.RaftServerConfigKeys (ConfUtils.java:logGet(43)) - raft.server.log.segment.cache.num.max = 2 (custom)
2019-09-16 20:47:47,515 [pool-159-thread-1] INFO  segmented.SegmentedRaftLogWorker (SegmentedRaftLogWorker.java:<init>(172)) - new 67ec2c46-e6a3-41dc-8686-1106750fbf03@group-CAB6BA55FBAE-SegmentedRaftLogWorker for RaftStorage:Storage Directory /workdir/hadoop-ozone/integration-test/target/test-dir/MiniOzoneClusterImpl-d406ef66-dd47-42b2-9ed3-458d719ec871/datanode-4/data/ratis/9817aff6-7467-448c-8c2b-cab6ba55fbae
2019-09-16 20:47:47,518 [pool-159-thread-1] INFO  server.RaftServerConfigKeys (ConfUtils.java:logGet(43)) - raft.server.log.queue.byte-limit = 2147483647 (custom)
2019-09-16 20:47:47,518 [pool-159-thread-1] INFO  server.RaftServerConfigKeys (ConfUtils.java:logGet(43)) - raft.server.log.queue.element-limit = 1024 (custom)
2019-09-16 20:47:47,518 [pool-159-thread-1] INFO  server.RaftServerConfigKeys (ConfUtils.java:logGet(43)) - raft.server.log.segment.size.max = 1048576 (custom)
2019-09-16 20:47:47,518 [pool-159-thread-1] INFO  server.RaftServerConfigKeys (ConfUtils.java:logGet(43)) - raft.server.log.preallocated.size = 16384 (custom)
2019-09-16 20:47:47,519 [pool-159-thread-1] INFO  server.RaftServerConfigKeys (ConfUtils.java:logGet(43)) - raft.server.log.write.buffer.size = 33554432 (custom)
2019-09-16 20:47:47,519 [pool-159-thread-1] INFO  server.RaftServerConfigKeys (ConfUtils.java:logGet(43)) - raft.server.log.force.sync.num = 128 (default)
2019-09-16 20:47:47,519 [pool-159-thread-1] INFO  server.RaftServerConfigKeys (ConfUtils.java:logGet(43)) - raft.server.log.statemachine.data.sync = true (default)
2019-09-16 20:47:47,519 [pool-159-thread-1] INFO  server.RaftServerConfigKeys (ConfUtils.java:logGet(43)) - raft.server.log.statemachine.data.sync.timeout = 10s (default)
2019-09-16 20:47:47,519 [pool-159-thread-1] INFO  server.RaftServerConfigKeys (ConfUtils.java:logGet(43)) - raft.server.log.statemachine.data.sync.timeout.retry = -1 (default)
2019-09-16 20:47:47,520 [pool-159-thread-1] INFO  server.RaftServerConfigKeys (ConfUtils.java:logGet(43)) - raft.server.log.statemachine.data.caching.enabled = true (custom)
2019-09-16 20:47:47,520 [pool-159-thread-1] INFO  segmented.SegmentedRaftLogWorker (SegmentedRaftLogWorker.java:lambda$new$0(132)) - 67ec2c46-e6a3-41dc-8686-1106750fbf03@group-CAB6BA55FBAE-SegmentedRaftLogWorker: flushIndex: setUnconditionally 0 -> -1
2019-09-16 20:47:47,520 [pool-159-thread-1] INFO  server.RaftServerConfigKeys (ConfUtils.java:logGet(43)) - raft.server.snapshot.auto.trigger.enabled = true (custom)
2019-09-16 20:47:47,520 [pool-159-thread-1] INFO  server.RaftServerConfigKeys (ConfUtils.java:logGet(43)) - raft.server.snapshot.auto.trigger.threshold = 10000 (custom)
2019-09-16 20:47:47,521 [pool-159-thread-1] INFO  server.RaftServerConfigKeys (ConfUtils.java:logGet(43)) - raft.server.snapshot.retention.num.files = -1 (default)
2019-09-16 20:47:47,521 [pool-159-thread-1] INFO  server.RaftServerConfigKeys (ConfUtils.java:logGet(43)) - raft.server.retrycache.expirytime = 600000ms (custom)
2019-09-16 20:47:47,523 [pool-159-thread-1] INFO  impl.RaftServerImpl (RaftServerImpl.java:start(185)) - 67ec2c46-e6a3-41dc-8686-1106750fbf03@group-CAB6BA55FBAE: start as a follower, conf=-1: [67ec2c46-e6a3-41dc-8686-1106750fbf03:192.168.69.85:35372], old=null
2019-09-16 20:47:47,523 [pool-159-thread-1] INFO  impl.RaftServerImpl (RaftServerImpl.java:setRole(174)) - 67ec2c46-e6a3-41dc-8686-1106750fbf03@group-CAB6BA55FBAE: changes role from      null to FOLLOWER at term 0 for startAsFollower
2019-09-16 20:47:47,523 [pool-159-thread-1] INFO  impl.RoleInfo (RoleInfo.java:updateAndGet(143)) - 67ec2c46-e6a3-41dc-8686-1106750fbf03: start FollowerState
2019-09-16 20:47:47,524 [pool-159-thread-1] INFO  util.JmxRegister (JmxRegister.java:tryRegister(44)) - Successfully registered JMX Bean with object name Ratis:service=RaftServer,group=group-CAB6BA55FBAE,id=67ec2c46-e6a3-41dc-8686-1106750fbf03
2019-09-16 20:47:47,530 [RatisPipelineUtilsThread] INFO  pipeline.PipelineStateManager (PipelineStateManager.java:addPipeline(56)) - Created pipeline Pipeline[ Id: 9817aff6-7467-448c-8c2b-cab6ba55fbae, Nodes: 67ec2c46-e6a3-41dc-8686-1106750fbf03{ip: 192.168.69.85, host: pr-hdds-1054-8d95c-1017424488, networkLocation: /default-rack, certSerialId: null}, Type:RATIS, Factor:ONE, State:OPEN]
2019-09-16 20:47:47,543 [grpc-default-executor-3] INFO  impl.RaftServerProxy (RaftServerProxy.java:addNew(89)) - d68b6256-2cf5-4d29-880d-3f15bf69885c: addNew group-A61C84440D5E:[d68b6256-2cf5-4d29-880d-3f15bf69885c:192.168.69.85:35451] returns group-A61C84440D5E:java.util.concurrent.CompletableFuture@5e54c9ec[Not completed]
2019-09-16 20:47:47,548 [pool-169-thread-1] INFO  impl.RaftServerImpl (RaftServerImpl.java:<init>(95)) - d68b6256-2cf5-4d29-880d-3f15bf69885c: new RaftServerImpl for group-A61C84440D5E:[d68b6256-2cf5-4d29-880d-3f15bf69885c:192.168.69.85:35451] with ContainerStateMachine:uninitialized
2019-09-16 20:47:47,548 [pool-169-thread-1] INFO  server.RaftServerConfigKeys (ConfUtils.java:logGet(43)) - raft.server.rpc.timeout.min = 5s (custom)
2019-09-16 20:47:47,549 [pool-169-thread-1] INFO  server.RaftServerConfigKeys (ConfUtils.java:logGet(43)) - raft.server.rpc.timeout.max = 5200ms (custom)
2019-09-16 20:47:47,549 [pool-169-thread-1] INFO  server.RaftServerConfigKeys (ConfUtils.java:logGet(43)) - raft.server.rpcslowness.timeout = 120s (custom)
2019-09-16 20:47:47,549 [pool-169-thread-1] INFO  server.RaftServerConfigKeys (ConfUtils.java:logGet(43)) - raft.server.sleep.deviation.threshold = 300 (default)
2019-09-16 20:47:47,549 [pool-169-thread-1] INFO  server.RaftServerConfigKeys (ConfUtils.java:logGet(43)) - raft.server.log.appender.install.snapshot.enabled = false (custom)
2019-09-16 20:47:47,549 [pool-169-thread-1] INFO  impl.RaftServerImpl (ServerState.java:<init>(103)) - d68b6256-2cf5-4d29-880d-3f15bf69885c@group-A61C84440D5E: ConfigurationManager, init=-1: [d68b6256-2cf5-4d29-880d-3f15bf69885c:192.168.69.85:35451], old=null, confs=<EMPTY_MAP>
2019-09-16 20:47:47,549 [pool-169-thread-1] INFO  server.RaftServerConfigKeys (ConfUtils.java:logGet(43)) - raft.server.storage.dir = [/workdir/hadoop-ozone/integration-test/target/test-dir/MiniOzoneClusterImpl-d406ef66-dd47-42b2-9ed3-458d719ec871/datanode-5/data/ratis] (custom)
2019-09-16 20:47:47,550 [pool-169-thread-1] INFO  storage.RaftStorageDirectory (RaftStorageDirectory.java:analyzeStorage(246)) - The storage directory /workdir/hadoop-ozone/integration-test/target/test-dir/MiniOzoneClusterImpl-d406ef66-dd47-42b2-9ed3-458d719ec871/datanode-5/data/ratis/de00fa73-ceb1-4ea1-bcd4-a61c84440d5e does not exist. Creating ...
2019-09-16 20:47:47,609 [main] INFO  ozone.MiniOzoneClusterImpl (MiniOzoneClusterImpl.java:lambda$waitForClusterToBeReady$0(140)) - Waiting for cluster to be ready. Got 6 of 7 DN Heartbeats.
2019-09-16 20:47:47,611 [IPC Server handler 15 on 42337] INFO  net.NetworkTopology (NetworkTopologyImpl.java:add(110)) - Added a new node: /default-rack/2567daec-5f37-42ba-b893-366bc09983f6
2019-09-16 20:47:47,612 [IPC Server handler 15 on 42337] INFO  node.SCMNodeManager (SCMNodeManager.java:register(266)) - Registered Data node : 2567daec-5f37-42ba-b893-366bc09983f6{ip: 192.168.69.85, host: pr-hdds-1054-8d95c-1017424488, networkLocation: /default-rack, certSerialId: null}
2019-09-16 20:47:47,633 [pool-169-thread-1] INFO  storage.RaftStorageDirectory (RaftStorageDirectory.java:tryLock(328)) - Lock on /workdir/hadoop-ozone/integration-test/target/test-dir/MiniOzoneClusterImpl-d406ef66-dd47-42b2-9ed3-458d719ec871/datanode-5/data/ratis/de00fa73-ceb1-4ea1-bcd4-a61c84440d5e/in_use.lock acquired by nodename 15813@pr-hdds-1054-8d95c-1017424488
2019-09-16 20:47:47,705 [pool-169-thread-1] INFO  storage.RaftStorage (RaftStorage.java:format(72)) - Storage directory /workdir/hadoop-ozone/integration-test/target/test-dir/MiniOzoneClusterImpl-d406ef66-dd47-42b2-9ed3-458d719ec871/datanode-5/data/ratis/de00fa73-ceb1-4ea1-bcd4-a61c84440d5e has been successfully formatted.
2019-09-16 20:47:47,706 [pool-169-thread-1] INFO  ratis.ContainerStateMachine (ContainerStateMachine.java:loadSnapshot(230)) - group-A61C84440D5E: The snapshot info is null. Setting the last applied indexto:(t:0, i:~)
2019-09-16 20:47:47,706 [pool-169-thread-1] INFO  server.RaftServerConfigKeys (ConfUtils.java:logGet(43)) - raft.server.notification.no-leader.timeout = 120s (custom)
2019-09-16 20:47:47,706 [pool-169-thread-1] INFO  server.RaftServerConfigKeys (ConfUtils.java:logGet(43)) - raft.server.log.use.memory = false (default)
2019-09-16 20:47:47,706 [pool-169-thread-1] INFO  server.RaftServerConfigKeys (ConfUtils.java:logGet(43)) - raft.server.log.purge.gap = 1000000 (custom)
2019-09-16 20:47:47,706 [pool-169-thread-1] INFO  server.RaftServerConfigKeys (ConfUtils.java:logGet(43)) - raft.server.log.appender.buffer.byte-limit = 33554432 (custom)
2019-09-16 20:47:47,707 [pool-169-thread-1] INFO  server.RaftServerConfigKeys (ConfUtils.java:logGet(43)) - raft.server.log.segment.size.max = 1048576 (custom)
2019-09-16 20:47:47,707 [pool-169-thread-1] INFO  server.RaftServerConfigKeys (ConfUtils.java:logGet(43)) - raft.server.log.segment.cache.num.max = 2 (custom)
2019-09-16 20:47:47,707 [pool-169-thread-1] INFO  segmented.SegmentedRaftLogWorker (SegmentedRaftLogWorker.java:<init>(172)) - new d68b6256-2cf5-4d29-880d-3f15bf69885c@group-A61C84440D5E-SegmentedRaftLogWorker for RaftStorage:Storage Directory /workdir/hadoop-ozone/integration-test/target/test-dir/MiniOzoneClusterImpl-d406ef66-dd47-42b2-9ed3-458d719ec871/datanode-5/data/ratis/de00fa73-ceb1-4ea1-bcd4-a61c84440d5e
2019-09-16 20:47:47,710 [pool-169-thread-1] INFO  server.RaftServerConfigKeys (ConfUtils.java:logGet(43)) - raft.server.log.queue.byte-limit = 2147483647 (custom)
2019-09-16 20:47:47,710 [pool-169-thread-1] INFO  server.RaftServerConfigKeys (ConfUtils.java:logGet(43)) - raft.server.log.queue.element-limit = 1024 (custom)
2019-09-16 20:47:47,710 [pool-169-thread-1] INFO  server.RaftServerConfigKeys (ConfUtils.java:logGet(43)) - raft.server.log.segment.size.max = 1048576 (custom)
2019-09-16 20:47:47,710 [pool-169-thread-1] INFO  server.RaftServerConfigKeys (ConfUtils.java:logGet(43)) - raft.server.log.preallocated.size = 16384 (custom)
2019-09-16 20:47:47,710 [pool-169-thread-1] INFO  server.RaftServerConfigKeys (ConfUtils.java:logGet(43)) - raft.server.log.write.buffer.size = 33554432 (custom)
2019-09-16 20:47:47,711 [pool-169-thread-1] INFO  server.RaftServerConfigKeys (ConfUtils.java:logGet(43)) - raft.server.log.force.sync.num = 128 (default)
2019-09-16 20:47:47,711 [pool-169-thread-1] INFO  server.RaftServerConfigKeys (ConfUtils.java:logGet(43)) - raft.server.log.statemachine.data.sync = true (default)
2019-09-16 20:47:47,711 [pool-169-thread-1] INFO  server.RaftServerConfigKeys (ConfUtils.java:logGet(43)) - raft.server.log.statemachine.data.sync.timeout = 10s (default)
2019-09-16 20:47:47,711 [pool-169-thread-1] INFO  server.RaftServerConfigKeys (ConfUtils.java:logGet(43)) - raft.server.log.statemachine.data.sync.timeout.retry = -1 (default)
2019-09-16 20:47:47,711 [pool-169-thread-1] INFO  server.RaftServerConfigKeys (ConfUtils.java:logGet(43)) - raft.server.log.statemachine.data.caching.enabled = true (custom)
2019-09-16 20:47:47,712 [pool-169-thread-1] INFO  segmented.SegmentedRaftLogWorker (SegmentedRaftLogWorker.java:lambda$new$0(132)) - d68b6256-2cf5-4d29-880d-3f15bf69885c@group-A61C84440D5E-SegmentedRaftLogWorker: flushIndex: setUnconditionally 0 -> -1
2019-09-16 20:47:47,712 [pool-169-thread-1] INFO  server.RaftServerConfigKeys (ConfUtils.java:logGet(43)) - raft.server.snapshot.auto.trigger.enabled = true (custom)
2019-09-16 20:47:47,712 [pool-169-thread-1] INFO  server.RaftServerConfigKeys (ConfUtils.java:logGet(43)) - raft.server.snapshot.auto.trigger.threshold = 10000 (custom)
2019-09-16 20:47:47,713 [pool-169-thread-1] INFO  server.RaftServerConfigKeys (ConfUtils.java:logGet(43)) - raft.server.snapshot.retention.num.files = -1 (default)
2019-09-16 20:47:47,713 [pool-169-thread-1] INFO  server.RaftServerConfigKeys (ConfUtils.java:logGet(43)) - raft.server.retrycache.expirytime = 600000ms (custom)
2019-09-16 20:47:47,715 [pool-169-thread-1] INFO  impl.RaftServerImpl (RaftServerImpl.java:start(185)) - d68b6256-2cf5-4d29-880d-3f15bf69885c@group-A61C84440D5E: start as a follower, conf=-1: [d68b6256-2cf5-4d29-880d-3f15bf69885c:192.168.69.85:35451], old=null
2019-09-16 20:47:47,715 [pool-169-thread-1] INFO  impl.RaftServerImpl (RaftServerImpl.java:setRole(174)) - d68b6256-2cf5-4d29-880d-3f15bf69885c@group-A61C84440D5E: changes role from      null to FOLLOWER at term 0 for startAsFollower
2019-09-16 20:47:47,715 [pool-169-thread-1] INFO  impl.RoleInfo (RoleInfo.java:updateAndGet(143)) - d68b6256-2cf5-4d29-880d-3f15bf69885c: start FollowerState
2019-09-16 20:47:47,716 [pool-169-thread-1] INFO  util.JmxRegister (JmxRegister.java:tryRegister(44)) - Successfully registered JMX Bean with object name Ratis:service=RaftServer,group=group-A61C84440D5E,id=d68b6256-2cf5-4d29-880d-3f15bf69885c
2019-09-16 20:47:47,721 [RatisPipelineUtilsThread] INFO  pipeline.PipelineStateManager (PipelineStateManager.java:addPipeline(56)) - Created pipeline Pipeline[ Id: de00fa73-ceb1-4ea1-bcd4-a61c84440d5e, Nodes: d68b6256-2cf5-4d29-880d-3f15bf69885c{ip: 192.168.69.85, host: pr-hdds-1054-8d95c-1017424488, networkLocation: /default-rack, certSerialId: null}, Type:RATIS, Factor:ONE, State:OPEN]
2019-09-16 20:47:47,731 [grpc-default-executor-3] INFO  impl.RaftServerProxy (RaftServerProxy.java:addNew(89)) - 2567daec-5f37-42ba-b893-366bc09983f6: addNew group-0CBD4B97B669:[2567daec-5f37-42ba-b893-366bc09983f6:192.168.69.85:36953] returns group-0CBD4B97B669:java.util.concurrent.CompletableFuture@3acf94d8[Not completed]
2019-09-16 20:47:47,736 [pool-179-thread-1] INFO  impl.RaftServerImpl (RaftServerImpl.java:<init>(95)) - 2567daec-5f37-42ba-b893-366bc09983f6: new RaftServerImpl for group-0CBD4B97B669:[2567daec-5f37-42ba-b893-366bc09983f6:192.168.69.85:36953] with ContainerStateMachine:uninitialized
2019-09-16 20:47:47,736 [pool-179-thread-1] INFO  server.RaftServerConfigKeys (ConfUtils.java:logGet(43)) - raft.server.rpc.timeout.min = 5s (custom)
2019-09-16 20:47:47,737 [pool-179-thread-1] INFO  server.RaftServerConfigKeys (ConfUtils.java:logGet(43)) - raft.server.rpc.timeout.max = 5200ms (custom)
2019-09-16 20:47:47,737 [pool-179-thread-1] INFO  server.RaftServerConfigKeys (ConfUtils.java:logGet(43)) - raft.server.rpcslowness.timeout = 120s (custom)
2019-09-16 20:47:47,737 [pool-179-thread-1] INFO  server.RaftServerConfigKeys (ConfUtils.java:logGet(43)) - raft.server.sleep.deviation.threshold = 300 (default)
2019-09-16 20:47:47,737 [pool-179-thread-1] INFO  server.RaftServerConfigKeys (ConfUtils.java:logGet(43)) - raft.server.log.appender.install.snapshot.enabled = false (custom)
2019-09-16 20:47:47,737 [pool-179-thread-1] INFO  impl.RaftServerImpl (ServerState.java:<init>(103)) - 2567daec-5f37-42ba-b893-366bc09983f6@group-0CBD4B97B669: ConfigurationManager, init=-1: [2567daec-5f37-42ba-b893-366bc09983f6:192.168.69.85:36953], old=null, confs=<EMPTY_MAP>
2019-09-16 20:47:47,737 [pool-179-thread-1] INFO  server.RaftServerConfigKeys (ConfUtils.java:logGet(43)) - raft.server.storage.dir = [/workdir/hadoop-ozone/integration-test/target/test-dir/MiniOzoneClusterImpl-d406ef66-dd47-42b2-9ed3-458d719ec871/datanode-6/data/ratis] (custom)
2019-09-16 20:47:47,738 [pool-179-thread-1] INFO  storage.RaftStorageDirectory (RaftStorageDirectory.java:analyzeStorage(246)) - The storage directory /workdir/hadoop-ozone/integration-test/target/test-dir/MiniOzoneClusterImpl-d406ef66-dd47-42b2-9ed3-458d719ec871/datanode-6/data/ratis/08f94e8a-109e-447f-b862-0cbd4b97b669 does not exist. Creating ...
2019-09-16 20:47:47,747 [pool-179-thread-1] INFO  storage.RaftStorageDirectory (RaftStorageDirectory.java:tryLock(328)) - Lock on /workdir/hadoop-ozone/integration-test/target/test-dir/MiniOzoneClusterImpl-d406ef66-dd47-42b2-9ed3-458d719ec871/datanode-6/data/ratis/08f94e8a-109e-447f-b862-0cbd4b97b669/in_use.lock acquired by nodename 15813@pr-hdds-1054-8d95c-1017424488
2019-09-16 20:47:47,803 [pool-179-thread-1] INFO  storage.RaftStorage (RaftStorage.java:format(72)) - Storage directory /workdir/hadoop-ozone/integration-test/target/test-dir/MiniOzoneClusterImpl-d406ef66-dd47-42b2-9ed3-458d719ec871/datanode-6/data/ratis/08f94e8a-109e-447f-b862-0cbd4b97b669 has been successfully formatted.
2019-09-16 20:47:47,804 [pool-179-thread-1] INFO  ratis.ContainerStateMachine (ContainerStateMachine.java:loadSnapshot(230)) - group-0CBD4B97B669: The snapshot info is null. Setting the last applied indexto:(t:0, i:~)
2019-09-16 20:47:47,804 [pool-179-thread-1] INFO  server.RaftServerConfigKeys (ConfUtils.java:logGet(43)) - raft.server.notification.no-leader.timeout = 120s (custom)
2019-09-16 20:47:47,804 [pool-179-thread-1] INFO  server.RaftServerConfigKeys (ConfUtils.java:logGet(43)) - raft.server.log.use.memory = false (default)
2019-09-16 20:47:47,805 [pool-179-thread-1] INFO  server.RaftServerConfigKeys (ConfUtils.java:logGet(43)) - raft.server.log.purge.gap = 1000000 (custom)
2019-09-16 20:47:47,805 [pool-179-thread-1] INFO  server.RaftServerConfigKeys (ConfUtils.java:logGet(43)) - raft.server.log.appender.buffer.byte-limit = 33554432 (custom)
2019-09-16 20:47:47,805 [pool-179-thread-1] INFO  server.RaftServerConfigKeys (ConfUtils.java:logGet(43)) - raft.server.log.segment.size.max = 1048576 (custom)
2019-09-16 20:47:47,805 [pool-179-thread-1] INFO  server.RaftServerConfigKeys (ConfUtils.java:logGet(43)) - raft.server.log.segment.cache.num.max = 2 (custom)
2019-09-16 20:47:47,805 [pool-179-thread-1] INFO  segmented.SegmentedRaftLogWorker (SegmentedRaftLogWorker.java:<init>(172)) - new 2567daec-5f37-42ba-b893-366bc09983f6@group-0CBD4B97B669-SegmentedRaftLogWorker for RaftStorage:Storage Directory /workdir/hadoop-ozone/integration-test/target/test-dir/MiniOzoneClusterImpl-d406ef66-dd47-42b2-9ed3-458d719ec871/datanode-6/data/ratis/08f94e8a-109e-447f-b862-0cbd4b97b669
2019-09-16 20:47:47,808 [pool-179-thread-1] INFO  server.RaftServerConfigKeys (ConfUtils.java:logGet(43)) - raft.server.log.queue.byte-limit = 2147483647 (custom)
2019-09-16 20:47:47,808 [pool-179-thread-1] INFO  server.RaftServerConfigKeys (ConfUtils.java:logGet(43)) - raft.server.log.queue.element-limit = 1024 (custom)
2019-09-16 20:47:47,808 [pool-179-thread-1] INFO  server.RaftServerConfigKeys (ConfUtils.java:logGet(43)) - raft.server.log.segment.size.max = 1048576 (custom)
2019-09-16 20:47:47,808 [pool-179-thread-1] INFO  server.RaftServerConfigKeys (ConfUtils.java:logGet(43)) - raft.server.log.preallocated.size = 16384 (custom)
2019-09-16 20:47:47,809 [pool-179-thread-1] INFO  server.RaftServerConfigKeys (ConfUtils.java:logGet(43)) - raft.server.log.write.buffer.size = 33554432 (custom)
2019-09-16 20:47:47,809 [pool-179-thread-1] INFO  server.RaftServerConfigKeys (ConfUtils.java:logGet(43)) - raft.server.log.force.sync.num = 128 (default)
2019-09-16 20:47:47,809 [pool-179-thread-1] INFO  server.RaftServerConfigKeys (ConfUtils.java:logGet(43)) - raft.server.log.statemachine.data.sync = true (default)
2019-09-16 20:47:47,809 [pool-179-thread-1] INFO  server.RaftServerConfigKeys (ConfUtils.java:logGet(43)) - raft.server.log.statemachine.data.sync.timeout = 10s (default)
2019-09-16 20:47:47,809 [pool-179-thread-1] INFO  server.RaftServerConfigKeys (ConfUtils.java:logGet(43)) - raft.server.log.statemachine.data.sync.timeout.retry = -1 (default)
2019-09-16 20:47:47,810 [pool-179-thread-1] INFO  server.RaftServerConfigKeys (ConfUtils.java:logGet(43)) - raft.server.log.statemachine.data.caching.enabled = true (custom)
2019-09-16 20:47:47,810 [pool-179-thread-1] INFO  segmented.SegmentedRaftLogWorker (SegmentedRaftLogWorker.java:lambda$new$0(132)) - 2567daec-5f37-42ba-b893-366bc09983f6@group-0CBD4B97B669-SegmentedRaftLogWorker: flushIndex: setUnconditionally 0 -> -1
2019-09-16 20:47:47,810 [pool-179-thread-1] INFO  server.RaftServerConfigKeys (ConfUtils.java:logGet(43)) - raft.server.snapshot.auto.trigger.enabled = true (custom)
2019-09-16 20:47:47,811 [pool-179-thread-1] INFO  server.RaftServerConfigKeys (ConfUtils.java:logGet(43)) - raft.server.snapshot.auto.trigger.threshold = 10000 (custom)
2019-09-16 20:47:47,811 [pool-179-thread-1] INFO  server.RaftServerConfigKeys (ConfUtils.java:logGet(43)) - raft.server.snapshot.retention.num.files = -1 (default)
2019-09-16 20:47:47,811 [pool-179-thread-1] INFO  server.RaftServerConfigKeys (ConfUtils.java:logGet(43)) - raft.server.retrycache.expirytime = 600000ms (custom)
2019-09-16 20:47:47,813 [pool-179-thread-1] INFO  impl.RaftServerImpl (RaftServerImpl.java:start(185)) - 2567daec-5f37-42ba-b893-366bc09983f6@group-0CBD4B97B669: start as a follower, conf=-1: [2567daec-5f37-42ba-b893-366bc09983f6:192.168.69.85:36953], old=null
2019-09-16 20:47:47,813 [pool-179-thread-1] INFO  impl.RaftServerImpl (RaftServerImpl.java:setRole(174)) - 2567daec-5f37-42ba-b893-366bc09983f6@group-0CBD4B97B669: changes role from      null to FOLLOWER at term 0 for startAsFollower
2019-09-16 20:47:47,814 [pool-179-thread-1] INFO  impl.RoleInfo (RoleInfo.java:updateAndGet(143)) - 2567daec-5f37-42ba-b893-366bc09983f6: start FollowerState
2019-09-16 20:47:47,814 [pool-179-thread-1] INFO  util.JmxRegister (JmxRegister.java:tryRegister(44)) - Successfully registered JMX Bean with object name Ratis:service=RaftServer,group=group-0CBD4B97B669,id=2567daec-5f37-42ba-b893-366bc09983f6
2019-09-16 20:47:47,819 [RatisPipelineUtilsThread] INFO  pipeline.PipelineStateManager (PipelineStateManager.java:addPipeline(56)) - Created pipeline Pipeline[ Id: 08f94e8a-109e-447f-b862-0cbd4b97b669, Nodes: 2567daec-5f37-42ba-b893-366bc09983f6{ip: 192.168.69.85, host: pr-hdds-1054-8d95c-1017424488, networkLocation: /default-rack, certSerialId: null}, Type:RATIS, Factor:ONE, State:OPEN]
2019-09-16 20:47:47,830 [grpc-default-executor-3] INFO  impl.RaftServerProxy (RaftServerProxy.java:addNew(89)) - 64b563ca-eba6-4805-b2f2-228efec1533e: addNew group-235298D9987F:[64b563ca-eba6-4805-b2f2-228efec1533e:192.168.69.85:46805] returns group-235298D9987F:java.util.concurrent.CompletableFuture@2e5d5592[Not completed]
2019-09-16 20:47:47,835 [pool-149-thread-1] INFO  impl.RaftServerImpl (RaftServerImpl.java:<init>(95)) - 64b563ca-eba6-4805-b2f2-228efec1533e: new RaftServerImpl for group-235298D9987F:[64b563ca-eba6-4805-b2f2-228efec1533e:192.168.69.85:46805] with ContainerStateMachine:uninitialized
2019-09-16 20:47:47,836 [pool-149-thread-1] INFO  server.RaftServerConfigKeys (ConfUtils.java:logGet(43)) - raft.server.rpc.timeout.min = 5s (custom)
2019-09-16 20:47:47,836 [pool-149-thread-1] INFO  server.RaftServerConfigKeys (ConfUtils.java:logGet(43)) - raft.server.rpc.timeout.max = 5200ms (custom)
2019-09-16 20:47:47,836 [pool-149-thread-1] INFO  server.RaftServerConfigKeys (ConfUtils.java:logGet(43)) - raft.server.rpcslowness.timeout = 120s (custom)
2019-09-16 20:47:47,836 [pool-149-thread-1] INFO  server.RaftServerConfigKeys (ConfUtils.java:logGet(43)) - raft.server.sleep.deviation.threshold = 300 (default)
2019-09-16 20:47:47,836 [pool-149-thread-1] INFO  server.RaftServerConfigKeys (ConfUtils.java:logGet(43)) - raft.server.log.appender.install.snapshot.enabled = false (custom)
2019-09-16 20:47:47,836 [pool-149-thread-1] INFO  impl.RaftServerImpl (ServerState.java:<init>(103)) - 64b563ca-eba6-4805-b2f2-228efec1533e@group-235298D9987F: ConfigurationManager, init=-1: [64b563ca-eba6-4805-b2f2-228efec1533e:192.168.69.85:46805], old=null, confs=<EMPTY_MAP>
2019-09-16 20:47:47,836 [pool-149-thread-1] INFO  server.RaftServerConfigKeys (ConfUtils.java:logGet(43)) - raft.server.storage.dir = [/workdir/hadoop-ozone/integration-test/target/test-dir/MiniOzoneClusterImpl-d406ef66-dd47-42b2-9ed3-458d719ec871/datanode-3/data/ratis] (custom)
2019-09-16 20:47:47,837 [pool-149-thread-1] INFO  storage.RaftStorageDirectory (RaftStorageDirectory.java:analyzeStorage(246)) - The storage directory /workdir/hadoop-ozone/integration-test/target/test-dir/MiniOzoneClusterImpl-d406ef66-dd47-42b2-9ed3-458d719ec871/datanode-3/data/ratis/d9d59381-b8ed-45c8-9f2c-235298d9987f does not exist. Creating ...
2019-09-16 20:47:47,855 [pool-149-thread-1] INFO  storage.RaftStorageDirectory (RaftStorageDirectory.java:tryLock(328)) - Lock on /workdir/hadoop-ozone/integration-test/target/test-dir/MiniOzoneClusterImpl-d406ef66-dd47-42b2-9ed3-458d719ec871/datanode-3/data/ratis/d9d59381-b8ed-45c8-9f2c-235298d9987f/in_use.lock acquired by nodename 15813@pr-hdds-1054-8d95c-1017424488
2019-09-16 20:47:47,911 [pool-149-thread-1] INFO  storage.RaftStorage (RaftStorage.java:format(72)) - Storage directory /workdir/hadoop-ozone/integration-test/target/test-dir/MiniOzoneClusterImpl-d406ef66-dd47-42b2-9ed3-458d719ec871/datanode-3/data/ratis/d9d59381-b8ed-45c8-9f2c-235298d9987f has been successfully formatted.
2019-09-16 20:47:47,911 [pool-149-thread-1] INFO  ratis.ContainerStateMachine (ContainerStateMachine.java:loadSnapshot(230)) - group-235298D9987F: The snapshot info is null. Setting the last applied indexto:(t:0, i:~)
2019-09-16 20:47:47,912 [pool-149-thread-1] INFO  server.RaftServerConfigKeys (ConfUtils.java:logGet(43)) - raft.server.notification.no-leader.timeout = 120s (custom)
2019-09-16 20:47:47,912 [pool-149-thread-1] INFO  server.RaftServerConfigKeys (ConfUtils.java:logGet(43)) - raft.server.log.use.memory = false (default)
2019-09-16 20:47:47,912 [pool-149-thread-1] INFO  server.RaftServerConfigKeys (ConfUtils.java:logGet(43)) - raft.server.log.purge.gap = 1000000 (custom)
2019-09-16 20:47:47,912 [pool-149-thread-1] INFO  server.RaftServerConfigKeys (ConfUtils.java:logGet(43)) - raft.server.log.appender.buffer.byte-limit = 33554432 (custom)
2019-09-16 20:47:47,912 [pool-149-thread-1] INFO  server.RaftServerConfigKeys (ConfUtils.java:logGet(43)) - raft.server.log.segment.size.max = 1048576 (custom)
2019-09-16 20:47:47,912 [pool-149-thread-1] INFO  server.RaftServerConfigKeys (ConfUtils.java:logGet(43)) - raft.server.log.segment.cache.num.max = 2 (custom)
2019-09-16 20:47:47,913 [pool-149-thread-1] INFO  segmented.SegmentedRaftLogWorker (SegmentedRaftLogWorker.java:<init>(172)) - new 64b563ca-eba6-4805-b2f2-228efec1533e@group-235298D9987F-SegmentedRaftLogWorker for RaftStorage:Storage Directory /workdir/hadoop-ozone/integration-test/target/test-dir/MiniOzoneClusterImpl-d406ef66-dd47-42b2-9ed3-458d719ec871/datanode-3/data/ratis/d9d59381-b8ed-45c8-9f2c-235298d9987f
2019-09-16 20:47:47,916 [pool-149-thread-1] INFO  server.RaftServerConfigKeys (ConfUtils.java:logGet(43)) - raft.server.log.queue.byte-limit = 2147483647 (custom)
2019-09-16 20:47:47,916 [pool-149-thread-1] INFO  server.RaftServerConfigKeys (ConfUtils.java:logGet(43)) - raft.server.log.queue.element-limit = 1024 (custom)
2019-09-16 20:47:47,916 [pool-149-thread-1] INFO  server.RaftServerConfigKeys (ConfUtils.java:logGet(43)) - raft.server.log.segment.size.max = 1048576 (custom)
2019-09-16 20:47:47,916 [pool-149-thread-1] INFO  server.RaftServerConfigKeys (ConfUtils.java:logGet(43)) - raft.server.log.preallocated.size = 16384 (custom)
2019-09-16 20:47:47,917 [pool-149-thread-1] INFO  server.RaftServerConfigKeys (ConfUtils.java:logGet(43)) - raft.server.log.write.buffer.size = 33554432 (custom)
2019-09-16 20:47:47,917 [pool-149-thread-1] INFO  server.RaftServerConfigKeys (ConfUtils.java:logGet(43)) - raft.server.log.force.sync.num = 128 (default)
2019-09-16 20:47:47,917 [pool-149-thread-1] INFO  server.RaftServerConfigKeys (ConfUtils.java:logGet(43)) - raft.server.log.statemachine.data.sync = true (default)
2019-09-16 20:47:47,917 [pool-149-thread-1] INFO  server.RaftServerConfigKeys (ConfUtils.java:logGet(43)) - raft.server.log.statemachine.data.sync.timeout = 10s (default)
2019-09-16 20:47:47,917 [pool-149-thread-1] INFO  server.RaftServerConfigKeys (ConfUtils.java:logGet(43)) - raft.server.log.statemachine.data.sync.timeout.retry = -1 (default)
2019-09-16 20:47:47,918 [pool-149-thread-1] INFO  server.RaftServerConfigKeys (ConfUtils.java:logGet(43)) - raft.server.log.statemachine.data.caching.enabled = true (custom)
2019-09-16 20:47:47,918 [pool-149-thread-1] INFO  segmented.SegmentedRaftLogWorker (SegmentedRaftLogWorker.java:lambda$new$0(132)) - 64b563ca-eba6-4805-b2f2-228efec1533e@group-235298D9987F-SegmentedRaftLogWorker: flushIndex: setUnconditionally 0 -> -1
2019-09-16 20:47:47,919 [pool-149-thread-1] INFO  server.RaftServerConfigKeys (ConfUtils.java:logGet(43)) - raft.server.snapshot.auto.trigger.enabled = true (custom)
2019-09-16 20:47:47,919 [pool-149-thread-1] INFO  server.RaftServerConfigKeys (ConfUtils.java:logGet(43)) - raft.server.snapshot.auto.trigger.threshold = 10000 (custom)
2019-09-16 20:47:47,919 [pool-149-thread-1] INFO  server.RaftServerConfigKeys (ConfUtils.java:logGet(43)) - raft.server.snapshot.retention.num.files = -1 (default)
2019-09-16 20:47:47,919 [pool-149-thread-1] INFO  server.RaftServerConfigKeys (ConfUtils.java:logGet(43)) - raft.server.retrycache.expirytime = 600000ms (custom)
2019-09-16 20:47:47,923 [pool-149-thread-1] INFO  impl.RaftServerImpl (RaftServerImpl.java:start(185)) - 64b563ca-eba6-4805-b2f2-228efec1533e@group-235298D9987F: start as a follower, conf=-1: [64b563ca-eba6-4805-b2f2-228efec1533e:192.168.69.85:46805], old=null
2019-09-16 20:47:47,923 [pool-149-thread-1] INFO  impl.RaftServerImpl (RaftServerImpl.java:setRole(174)) - 64b563ca-eba6-4805-b2f2-228efec1533e@group-235298D9987F: changes role from      null to FOLLOWER at term 0 for startAsFollower
2019-09-16 20:47:47,923 [pool-149-thread-1] INFO  impl.RoleInfo (RoleInfo.java:updateAndGet(143)) - 64b563ca-eba6-4805-b2f2-228efec1533e: start FollowerState
2019-09-16 20:47:47,939 [pool-149-thread-1] INFO  util.JmxRegister (JmxRegister.java:tryRegister(44)) - Successfully registered JMX Bean with object name Ratis:service=RaftServer,group=group-235298D9987F,id=64b563ca-eba6-4805-b2f2-228efec1533e
2019-09-16 20:47:47,952 [RatisPipelineUtilsThread] INFO  pipeline.PipelineStateManager (PipelineStateManager.java:addPipeline(56)) - Created pipeline Pipeline[ Id: d9d59381-b8ed-45c8-9f2c-235298d9987f, Nodes: 64b563ca-eba6-4805-b2f2-228efec1533e{ip: 192.168.69.85, host: pr-hdds-1054-8d95c-1017424488, networkLocation: /default-rack, certSerialId: null}, Type:RATIS, Factor:ONE, State:OPEN]
2019-09-16 20:47:47,974 [grpc-default-executor-2] INFO  impl.RaftServerProxy (RaftServerProxy.java:addNew(89)) - 2567daec-5f37-42ba-b893-366bc09983f6: addNew group-BCCA5552C71D:[3f877d93-3bef-4ece-a5ae-026bca78fba9:192.168.69.85:46145, 2567daec-5f37-42ba-b893-366bc09983f6:192.168.69.85:36953, 9182e049-55d9-4dcd-8242-d7eaef939001:192.168.69.85:36434] returns group-BCCA5552C71D:java.util.concurrent.CompletableFuture@64da85ed[Not completed]
2019-09-16 20:47:47,976 [grpc-default-executor-4] INFO  impl.RaftServerProxy (RaftServerProxy.java:addNew(89)) - 3f877d93-3bef-4ece-a5ae-026bca78fba9: addNew group-BCCA5552C71D:[3f877d93-3bef-4ece-a5ae-026bca78fba9:192.168.69.85:46145, 2567daec-5f37-42ba-b893-366bc09983f6:192.168.69.85:36953, 9182e049-55d9-4dcd-8242-d7eaef939001:192.168.69.85:36434] returns group-BCCA5552C71D:java.util.concurrent.CompletableFuture@5942a64e[Not completed]
2019-09-16 20:47:47,979 [grpc-default-executor-2] INFO  impl.RaftServerProxy (RaftServerProxy.java:addNew(89)) - 9182e049-55d9-4dcd-8242-d7eaef939001: addNew group-BCCA5552C71D:[3f877d93-3bef-4ece-a5ae-026bca78fba9:192.168.69.85:46145, 2567daec-5f37-42ba-b893-366bc09983f6:192.168.69.85:36953, 9182e049-55d9-4dcd-8242-d7eaef939001:192.168.69.85:36434] returns group-BCCA5552C71D:java.util.concurrent.CompletableFuture@e771b1e[Not completed]
2019-09-16 20:47:47,980 [pool-179-thread-1] INFO  impl.RaftServerImpl (RaftServerImpl.java:<init>(95)) - 2567daec-5f37-42ba-b893-366bc09983f6: new RaftServerImpl for group-BCCA5552C71D:[3f877d93-3bef-4ece-a5ae-026bca78fba9:192.168.69.85:46145, 2567daec-5f37-42ba-b893-366bc09983f6:192.168.69.85:36953, 9182e049-55d9-4dcd-8242-d7eaef939001:192.168.69.85:36434] with ContainerStateMachine:uninitialized
2019-09-16 20:47:47,980 [pool-179-thread-1] INFO  server.RaftServerConfigKeys (ConfUtils.java:logGet(43)) - raft.server.rpc.timeout.min = 5s (custom)
2019-09-16 20:47:47,980 [pool-179-thread-1] INFO  server.RaftServerConfigKeys (ConfUtils.java:logGet(43)) - raft.server.rpc.timeout.max = 5200ms (custom)
2019-09-16 20:47:47,980 [pool-179-thread-1] INFO  server.RaftServerConfigKeys (ConfUtils.java:logGet(43)) - raft.server.rpcslowness.timeout = 120s (custom)
2019-09-16 20:47:47,981 [pool-129-thread-1] INFO  impl.RaftServerImpl (RaftServerImpl.java:<init>(95)) - 9182e049-55d9-4dcd-8242-d7eaef939001: new RaftServerImpl for group-BCCA5552C71D:[3f877d93-3bef-4ece-a5ae-026bca78fba9:192.168.69.85:46145, 2567daec-5f37-42ba-b893-366bc09983f6:192.168.69.85:36953, 9182e049-55d9-4dcd-8242-d7eaef939001:192.168.69.85:36434] with ContainerStateMachine:uninitialized
2019-09-16 20:47:47,981 [pool-179-thread-1] INFO  server.RaftServerConfigKeys (ConfUtils.java:logGet(43)) - raft.server.sleep.deviation.threshold = 300 (default)
2019-09-16 20:47:47,981 [pool-129-thread-1] INFO  server.RaftServerConfigKeys (ConfUtils.java:logGet(43)) - raft.server.rpc.timeout.min = 5s (custom)
2019-09-16 20:47:47,981 [pool-179-thread-1] INFO  server.RaftServerConfigKeys (ConfUtils.java:logGet(43)) - raft.server.log.appender.install.snapshot.enabled = false (custom)
2019-09-16 20:47:47,981 [pool-129-thread-1] INFO  server.RaftServerConfigKeys (ConfUtils.java:logGet(43)) - raft.server.rpc.timeout.max = 5200ms (custom)
2019-09-16 20:47:47,981 [pool-179-thread-1] INFO  impl.RaftServerImpl (ServerState.java:<init>(103)) - 2567daec-5f37-42ba-b893-366bc09983f6@group-BCCA5552C71D: ConfigurationManager, init=-1: [3f877d93-3bef-4ece-a5ae-026bca78fba9:192.168.69.85:46145, 2567daec-5f37-42ba-b893-366bc09983f6:192.168.69.85:36953, 9182e049-55d9-4dcd-8242-d7eaef939001:192.168.69.85:36434], old=null, confs=<EMPTY_MAP>
2019-09-16 20:47:47,981 [pool-119-thread-1] INFO  impl.RaftServerImpl (RaftServerImpl.java:<init>(95)) - 3f877d93-3bef-4ece-a5ae-026bca78fba9: new RaftServerImpl for group-BCCA5552C71D:[3f877d93-3bef-4ece-a5ae-026bca78fba9:192.168.69.85:46145, 2567daec-5f37-42ba-b893-366bc09983f6:192.168.69.85:36953, 9182e049-55d9-4dcd-8242-d7eaef939001:192.168.69.85:36434] with ContainerStateMachine:uninitialized
2019-09-16 20:47:47,981 [pool-129-thread-1] INFO  server.RaftServerConfigKeys (ConfUtils.java:logGet(43)) - raft.server.rpcslowness.timeout = 120s (custom)
2019-09-16 20:47:47,982 [pool-119-thread-1] INFO  server.RaftServerConfigKeys (ConfUtils.java:logGet(43)) - raft.server.rpc.timeout.min = 5s (custom)
2019-09-16 20:47:47,981 [pool-179-thread-1] INFO  server.RaftServerConfigKeys (ConfUtils.java:logGet(43)) - raft.server.storage.dir = [/workdir/hadoop-ozone/integration-test/target/test-dir/MiniOzoneClusterImpl-d406ef66-dd47-42b2-9ed3-458d719ec871/datanode-6/data/ratis] (custom)
2019-09-16 20:47:47,982 [pool-119-thread-1] INFO  server.RaftServerConfigKeys (ConfUtils.java:logGet(43)) - raft.server.rpc.timeout.max = 5200ms (custom)
2019-09-16 20:47:47,982 [pool-129-thread-1] INFO  server.RaftServerConfigKeys (ConfUtils.java:logGet(43)) - raft.server.sleep.deviation.threshold = 300 (default)
2019-09-16 20:47:47,982 [pool-119-thread-1] INFO  server.RaftServerConfigKeys (ConfUtils.java:logGet(43)) - raft.server.rpcslowness.timeout = 120s (custom)
2019-09-16 20:47:47,982 [pool-179-thread-1] INFO  storage.RaftStorageDirectory (RaftStorageDirectory.java:analyzeStorage(246)) - The storage directory /workdir/hadoop-ozone/integration-test/target/test-dir/MiniOzoneClusterImpl-d406ef66-dd47-42b2-9ed3-458d719ec871/datanode-6/data/ratis/051b2b30-7815-45e4-a69e-bcca5552c71d does not exist. Creating ...
2019-09-16 20:47:47,982 [pool-129-thread-1] INFO  server.RaftServerConfigKeys (ConfUtils.java:logGet(43)) - raft.server.log.appender.install.snapshot.enabled = false (custom)
2019-09-16 20:47:47,982 [pool-119-thread-1] INFO  server.RaftServerConfigKeys (ConfUtils.java:logGet(43)) - raft.server.sleep.deviation.threshold = 300 (default)
2019-09-16 20:47:47,983 [pool-129-thread-1] INFO  impl.RaftServerImpl (ServerState.java:<init>(103)) - 9182e049-55d9-4dcd-8242-d7eaef939001@group-BCCA5552C71D: ConfigurationManager, init=-1: [3f877d93-3bef-4ece-a5ae-026bca78fba9:192.168.69.85:46145, 2567daec-5f37-42ba-b893-366bc09983f6:192.168.69.85:36953, 9182e049-55d9-4dcd-8242-d7eaef939001:192.168.69.85:36434], old=null, confs=<EMPTY_MAP>
2019-09-16 20:47:47,983 [pool-119-thread-1] INFO  server.RaftServerConfigKeys (ConfUtils.java:logGet(43)) - raft.server.log.appender.install.snapshot.enabled = false (custom)
2019-09-16 20:47:47,983 [pool-129-thread-1] INFO  server.RaftServerConfigKeys (ConfUtils.java:logGet(43)) - raft.server.storage.dir = [/workdir/hadoop-ozone/integration-test/target/test-dir/MiniOzoneClusterImpl-d406ef66-dd47-42b2-9ed3-458d719ec871/datanode-1/data/ratis] (custom)
2019-09-16 20:47:47,983 [pool-119-thread-1] INFO  impl.RaftServerImpl (ServerState.java:<init>(103)) - 3f877d93-3bef-4ece-a5ae-026bca78fba9@group-BCCA5552C71D: ConfigurationManager, init=-1: [3f877d93-3bef-4ece-a5ae-026bca78fba9:192.168.69.85:46145, 2567daec-5f37-42ba-b893-366bc09983f6:192.168.69.85:36953, 9182e049-55d9-4dcd-8242-d7eaef939001:192.168.69.85:36434], old=null, confs=<EMPTY_MAP>
2019-09-16 20:47:47,983 [pool-119-thread-1] INFO  server.RaftServerConfigKeys (ConfUtils.java:logGet(43)) - raft.server.storage.dir = [/workdir/hadoop-ozone/integration-test/target/test-dir/MiniOzoneClusterImpl-d406ef66-dd47-42b2-9ed3-458d719ec871/datanode-0/data/ratis] (custom)
2019-09-16 20:47:47,983 [pool-129-thread-1] INFO  storage.RaftStorageDirectory (RaftStorageDirectory.java:analyzeStorage(246)) - The storage directory /workdir/hadoop-ozone/integration-test/target/test-dir/MiniOzoneClusterImpl-d406ef66-dd47-42b2-9ed3-458d719ec871/datanode-1/data/ratis/051b2b30-7815-45e4-a69e-bcca5552c71d does not exist. Creating ...
2019-09-16 20:47:47,983 [pool-119-thread-1] INFO  storage.RaftStorageDirectory (RaftStorageDirectory.java:analyzeStorage(246)) - The storage directory /workdir/hadoop-ozone/integration-test/target/test-dir/MiniOzoneClusterImpl-d406ef66-dd47-42b2-9ed3-458d719ec871/datanode-0/data/ratis/051b2b30-7815-45e4-a69e-bcca5552c71d does not exist. Creating ...
2019-09-16 20:47:48,030 [pool-119-thread-1] INFO  storage.RaftStorageDirectory (RaftStorageDirectory.java:tryLock(328)) - Lock on /workdir/hadoop-ozone/integration-test/target/test-dir/MiniOzoneClusterImpl-d406ef66-dd47-42b2-9ed3-458d719ec871/datanode-0/data/ratis/051b2b30-7815-45e4-a69e-bcca5552c71d/in_use.lock acquired by nodename 15813@pr-hdds-1054-8d95c-1017424488
2019-09-16 20:47:48,030 [pool-179-thread-1] INFO  storage.RaftStorageDirectory (RaftStorageDirectory.java:tryLock(328)) - Lock on /workdir/hadoop-ozone/integration-test/target/test-dir/MiniOzoneClusterImpl-d406ef66-dd47-42b2-9ed3-458d719ec871/datanode-6/data/ratis/051b2b30-7815-45e4-a69e-bcca5552c71d/in_use.lock acquired by nodename 15813@pr-hdds-1054-8d95c-1017424488
2019-09-16 20:47:48,030 [pool-129-thread-1] INFO  storage.RaftStorageDirectory (RaftStorageDirectory.java:tryLock(328)) - Lock on /workdir/hadoop-ozone/integration-test/target/test-dir/MiniOzoneClusterImpl-d406ef66-dd47-42b2-9ed3-458d719ec871/datanode-1/data/ratis/051b2b30-7815-45e4-a69e-bcca5552c71d/in_use.lock acquired by nodename 15813@pr-hdds-1054-8d95c-1017424488
2019-09-16 20:47:48,086 [pool-129-thread-1] INFO  storage.RaftStorage (RaftStorage.java:format(72)) - Storage directory /workdir/hadoop-ozone/integration-test/target/test-dir/MiniOzoneClusterImpl-d406ef66-dd47-42b2-9ed3-458d719ec871/datanode-1/data/ratis/051b2b30-7815-45e4-a69e-bcca5552c71d has been successfully formatted.
2019-09-16 20:47:48,086 [pool-179-thread-1] INFO  storage.RaftStorage (RaftStorage.java:format(72)) - Storage directory /workdir/hadoop-ozone/integration-test/target/test-dir/MiniOzoneClusterImpl-d406ef66-dd47-42b2-9ed3-458d719ec871/datanode-6/data/ratis/051b2b30-7815-45e4-a69e-bcca5552c71d has been successfully formatted.
2019-09-16 20:47:48,087 [pool-129-thread-1] INFO  ratis.ContainerStateMachine (ContainerStateMachine.java:loadSnapshot(230)) - group-BCCA5552C71D: The snapshot info is null. Setting the last applied indexto:(t:0, i:~)
2019-09-16 20:47:48,086 [pool-119-thread-1] INFO  storage.RaftStorage (RaftStorage.java:format(72)) - Storage directory /workdir/hadoop-ozone/integration-test/target/test-dir/MiniOzoneClusterImpl-d406ef66-dd47-42b2-9ed3-458d719ec871/datanode-0/data/ratis/051b2b30-7815-45e4-a69e-bcca5552c71d has been successfully formatted.
2019-09-16 20:47:48,087 [pool-179-thread-1] INFO  ratis.ContainerStateMachine (ContainerStateMachine.java:loadSnapshot(230)) - group-BCCA5552C71D: The snapshot info is null. Setting the last applied indexto:(t:0, i:~)
2019-09-16 20:47:48,087 [pool-129-thread-1] INFO  server.RaftServerConfigKeys (ConfUtils.java:logGet(43)) - raft.server.notification.no-leader.timeout = 120s (custom)
2019-09-16 20:47:48,087 [pool-119-thread-1] INFO  ratis.ContainerStateMachine (ContainerStateMachine.java:loadSnapshot(230)) - group-BCCA5552C71D: The snapshot info is null. Setting the last applied indexto:(t:0, i:~)
2019-09-16 20:47:48,087 [pool-179-thread-1] INFO  server.RaftServerConfigKeys (ConfUtils.java:logGet(43)) - raft.server.notification.no-leader.timeout = 120s (custom)
2019-09-16 20:47:48,088 [pool-119-thread-1] INFO  server.RaftServerConfigKeys (ConfUtils.java:logGet(43)) - raft.server.notification.no-leader.timeout = 120s (custom)
2019-09-16 20:47:48,087 [pool-129-thread-1] INFO  server.RaftServerConfigKeys (ConfUtils.java:logGet(43)) - raft.server.log.use.memory = false (default)
2019-09-16 20:47:48,088 [pool-119-thread-1] INFO  server.RaftServerConfigKeys (ConfUtils.java:logGet(43)) - raft.server.log.use.memory = false (default)
2019-09-16 20:47:48,088 [pool-179-thread-1] INFO  server.RaftServerConfigKeys (ConfUtils.java:logGet(43)) - raft.server.log.use.memory = false (default)
2019-09-16 20:47:48,088 [pool-119-thread-1] INFO  server.RaftServerConfigKeys (ConfUtils.java:logGet(43)) - raft.server.log.purge.gap = 1000000 (custom)
2019-09-16 20:47:48,088 [pool-129-thread-1] INFO  server.RaftServerConfigKeys (ConfUtils.java:logGet(43)) - raft.server.log.purge.gap = 1000000 (custom)
2019-09-16 20:47:48,088 [pool-119-thread-1] INFO  server.RaftServerConfigKeys (ConfUtils.java:logGet(43)) - raft.server.log.appender.buffer.byte-limit = 33554432 (custom)
2019-09-16 20:47:48,088 [pool-179-thread-1] INFO  server.RaftServerConfigKeys (ConfUtils.java:logGet(43)) - raft.server.log.purge.gap = 1000000 (custom)
2019-09-16 20:47:48,089 [pool-119-thread-1] INFO  server.RaftServerConfigKeys (ConfUtils.java:logGet(43)) - raft.server.log.segment.size.max = 1048576 (custom)
2019-09-16 20:47:48,089 [pool-129-thread-1] INFO  server.RaftServerConfigKeys (ConfUtils.java:logGet(43)) - raft.server.log.appender.buffer.byte-limit = 33554432 (custom)
2019-09-16 20:47:48,089 [pool-119-thread-1] INFO  server.RaftServerConfigKeys (ConfUtils.java:logGet(43)) - raft.server.log.segment.cache.num.max = 2 (custom)
2019-09-16 20:47:48,089 [pool-179-thread-1] INFO  server.RaftServerConfigKeys (ConfUtils.java:logGet(43)) - raft.server.log.appender.buffer.byte-limit = 33554432 (custom)
2019-09-16 20:47:48,089 [pool-119-thread-1] INFO  segmented.SegmentedRaftLogWorker (SegmentedRaftLogWorker.java:<init>(172)) - new 3f877d93-3bef-4ece-a5ae-026bca78fba9@group-BCCA5552C71D-SegmentedRaftLogWorker for RaftStorage:Storage Directory /workdir/hadoop-ozone/integration-test/target/test-dir/MiniOzoneClusterImpl-d406ef66-dd47-42b2-9ed3-458d719ec871/datanode-0/data/ratis/051b2b30-7815-45e4-a69e-bcca5552c71d
2019-09-16 20:47:48,089 [pool-129-thread-1] INFO  server.RaftServerConfigKeys (ConfUtils.java:logGet(43)) - raft.server.log.segment.size.max = 1048576 (custom)
2019-09-16 20:47:48,090 [pool-119-thread-1] INFO  server.RaftServerConfigKeys (ConfUtils.java:logGet(43)) - raft.server.log.queue.byte-limit = 2147483647 (custom)
2019-09-16 20:47:48,090 [pool-179-thread-1] INFO  server.RaftServerConfigKeys (ConfUtils.java:logGet(43)) - raft.server.log.segment.size.max = 1048576 (custom)
2019-09-16 20:47:48,090 [pool-119-thread-1] INFO  server.RaftServerConfigKeys (ConfUtils.java:logGet(43)) - raft.server.log.queue.element-limit = 1024 (custom)
2019-09-16 20:47:48,090 [pool-129-thread-1] INFO  server.RaftServerConfigKeys (ConfUtils.java:logGet(43)) - raft.server.log.segment.cache.num.max = 2 (custom)
2019-09-16 20:47:48,090 [pool-119-thread-1] INFO  server.RaftServerConfigKeys (ConfUtils.java:logGet(43)) - raft.server.log.segment.size.max = 1048576 (custom)
2019-09-16 20:47:48,090 [pool-179-thread-1] INFO  server.RaftServerConfigKeys (ConfUtils.java:logGet(43)) - raft.server.log.segment.cache.num.max = 2 (custom)
2019-09-16 20:47:48,091 [pool-119-thread-1] INFO  server.RaftServerConfigKeys (ConfUtils.java:logGet(43)) - raft.server.log.preallocated.size = 16384 (custom)
2019-09-16 20:47:48,090 [pool-129-thread-1] INFO  segmented.SegmentedRaftLogWorker (SegmentedRaftLogWorker.java:<init>(172)) - new 9182e049-55d9-4dcd-8242-d7eaef939001@group-BCCA5552C71D-SegmentedRaftLogWorker for RaftStorage:Storage Directory /workdir/hadoop-ozone/integration-test/target/test-dir/MiniOzoneClusterImpl-d406ef66-dd47-42b2-9ed3-458d719ec871/datanode-1/data/ratis/051b2b30-7815-45e4-a69e-bcca5552c71d
2019-09-16 20:47:48,091 [pool-119-thread-1] INFO  server.RaftServerConfigKeys (ConfUtils.java:logGet(43)) - raft.server.log.write.buffer.size = 33554432 (custom)
2019-09-16 20:47:48,091 [pool-179-thread-1] INFO  segmented.SegmentedRaftLogWorker (SegmentedRaftLogWorker.java:<init>(172)) - new 2567daec-5f37-42ba-b893-366bc09983f6@group-BCCA5552C71D-SegmentedRaftLogWorker for RaftStorage:Storage Directory /workdir/hadoop-ozone/integration-test/target/test-dir/MiniOzoneClusterImpl-d406ef66-dd47-42b2-9ed3-458d719ec871/datanode-6/data/ratis/051b2b30-7815-45e4-a69e-bcca5552c71d
2019-09-16 20:47:48,091 [pool-119-thread-1] INFO  server.RaftServerConfigKeys (ConfUtils.java:logGet(43)) - raft.server.log.force.sync.num = 128 (default)
2019-09-16 20:47:48,091 [pool-129-thread-1] INFO  server.RaftServerConfigKeys (ConfUtils.java:logGet(43)) - raft.server.log.queue.byte-limit = 2147483647 (custom)
2019-09-16 20:47:48,092 [pool-119-thread-1] INFO  server.RaftServerConfigKeys (ConfUtils.java:logGet(43)) - raft.server.log.statemachine.data.sync = true (default)
2019-09-16 20:47:48,091 [pool-179-thread-1] INFO  server.RaftServerConfigKeys (ConfUtils.java:logGet(43)) - raft.server.log.queue.byte-limit = 2147483647 (custom)
2019-09-16 20:47:48,092 [pool-119-thread-1] INFO  server.RaftServerConfigKeys (ConfUtils.java:logGet(43)) - raft.server.log.statemachine.data.sync.timeout = 10s (default)
2019-09-16 20:47:48,092 [pool-129-thread-1] INFO  server.RaftServerConfigKeys (ConfUtils.java:logGet(43)) - raft.server.log.queue.element-limit = 1024 (custom)
2019-09-16 20:47:48,092 [pool-119-thread-1] INFO  server.RaftServerConfigKeys (ConfUtils.java:logGet(43)) - raft.server.log.statemachine.data.sync.timeout.retry = -1 (default)
2019-09-16 20:47:48,092 [pool-179-thread-1] INFO  server.RaftServerConfigKeys (ConfUtils.java:logGet(43)) - raft.server.log.queue.element-limit = 1024 (custom)
2019-09-16 20:47:48,093 [pool-119-thread-1] INFO  server.RaftServerConfigKeys (ConfUtils.java:logGet(43)) - raft.server.log.statemachine.data.caching.enabled = true (custom)
2019-09-16 20:47:48,092 [pool-129-thread-1] INFO  server.RaftServerConfigKeys (ConfUtils.java:logGet(43)) - raft.server.log.segment.size.max = 1048576 (custom)
2019-09-16 20:47:48,093 [pool-179-thread-1] INFO  server.RaftServerConfigKeys (ConfUtils.java:logGet(43)) - raft.server.log.segment.size.max = 1048576 (custom)
2019-09-16 20:47:48,093 [pool-119-thread-1] INFO  segmented.SegmentedRaftLogWorker (SegmentedRaftLogWorker.java:lambda$new$0(132)) - 3f877d93-3bef-4ece-a5ae-026bca78fba9@group-BCCA5552C71D-SegmentedRaftLogWorker: flushIndex: setUnconditionally 0 -> -1
2019-09-16 20:47:48,093 [pool-129-thread-1] INFO  server.RaftServerConfigKeys (ConfUtils.java:logGet(43)) - raft.server.log.preallocated.size = 16384 (custom)
2019-09-16 20:47:48,093 [pool-129-thread-1] INFO  server.RaftServerConfigKeys (ConfUtils.java:logGet(43)) - raft.server.log.write.buffer.size = 33554432 (custom)
2019-09-16 20:47:48,093 [pool-179-thread-1] INFO  server.RaftServerConfigKeys (ConfUtils.java:logGet(43)) - raft.server.log.preallocated.size = 16384 (custom)
2019-09-16 20:47:48,094 [pool-129-thread-1] INFO  server.RaftServerConfigKeys (ConfUtils.java:logGet(43)) - raft.server.log.force.sync.num = 128 (default)
2019-09-16 20:47:48,093 [pool-119-thread-1] INFO  server.RaftServerConfigKeys (ConfUtils.java:logGet(43)) - raft.server.snapshot.auto.trigger.enabled = true (custom)
2019-09-16 20:47:48,094 [pool-129-thread-1] INFO  server.RaftServerConfigKeys (ConfUtils.java:logGet(43)) - raft.server.log.statemachine.data.sync = true (default)
2019-09-16 20:47:48,094 [pool-129-thread-1] INFO  server.RaftServerConfigKeys (ConfUtils.java:logGet(43)) - raft.server.log.statemachine.data.sync.timeout = 10s (default)
2019-09-16 20:47:48,094 [pool-179-thread-1] INFO  server.RaftServerConfigKeys (ConfUtils.java:logGet(43)) - raft.server.log.write.buffer.size = 33554432 (custom)
2019-09-16 20:47:48,094 [pool-129-thread-1] INFO  server.RaftServerConfigKeys (ConfUtils.java:logGet(43)) - raft.server.log.statemachine.data.sync.timeout.retry = -1 (default)
2019-09-16 20:47:48,094 [pool-119-thread-1] INFO  server.RaftServerConfigKeys (ConfUtils.java:logGet(43)) - raft.server.snapshot.auto.trigger.threshold = 10000 (custom)
2019-09-16 20:47:48,095 [pool-129-thread-1] INFO  server.RaftServerConfigKeys (ConfUtils.java:logGet(43)) - raft.server.log.statemachine.data.caching.enabled = true (custom)
2019-09-16 20:47:48,095 [pool-179-thread-1] INFO  server.RaftServerConfigKeys (ConfUtils.java:logGet(43)) - raft.server.log.force.sync.num = 128 (default)
2019-09-16 20:47:48,095 [pool-129-thread-1] INFO  segmented.SegmentedRaftLogWorker (SegmentedRaftLogWorker.java:lambda$new$0(132)) - 9182e049-55d9-4dcd-8242-d7eaef939001@group-BCCA5552C71D-SegmentedRaftLogWorker: flushIndex: setUnconditionally 0 -> -1
2019-09-16 20:47:48,095 [pool-119-thread-1] INFO  server.RaftServerConfigKeys (ConfUtils.java:logGet(43)) - raft.server.snapshot.retention.num.files = -1 (default)
2019-09-16 20:47:48,095 [pool-129-thread-1] INFO  server.RaftServerConfigKeys (ConfUtils.java:logGet(43)) - raft.server.snapshot.auto.trigger.enabled = true (custom)
2019-09-16 20:47:48,095 [pool-179-thread-1] INFO  server.RaftServerConfigKeys (ConfUtils.java:logGet(43)) - raft.server.log.statemachine.data.sync = true (default)
2019-09-16 20:47:48,096 [pool-129-thread-1] INFO  server.RaftServerConfigKeys (ConfUtils.java:logGet(43)) - raft.server.snapshot.auto.trigger.threshold = 10000 (custom)
2019-09-16 20:47:48,095 [pool-119-thread-1] INFO  server.RaftServerConfigKeys (ConfUtils.java:logGet(43)) - raft.server.retrycache.expirytime = 600000ms (custom)
2019-09-16 20:47:48,096 [pool-129-thread-1] INFO  server.RaftServerConfigKeys (ConfUtils.java:logGet(43)) - raft.server.snapshot.retention.num.files = -1 (default)
2019-09-16 20:47:48,096 [pool-179-thread-1] INFO  server.RaftServerConfigKeys (ConfUtils.java:logGet(43)) - raft.server.log.statemachine.data.sync.timeout = 10s (default)
2019-09-16 20:47:48,096 [pool-129-thread-1] INFO  server.RaftServerConfigKeys (ConfUtils.java:logGet(43)) - raft.server.retrycache.expirytime = 600000ms (custom)
2019-09-16 20:47:48,096 [pool-179-thread-1] INFO  server.RaftServerConfigKeys (ConfUtils.java:logGet(43)) - raft.server.log.statemachine.data.sync.timeout.retry = -1 (default)
2019-09-16 20:47:48,097 [pool-179-thread-1] INFO  server.RaftServerConfigKeys (ConfUtils.java:logGet(43)) - raft.server.log.statemachine.data.caching.enabled = true (custom)
2019-09-16 20:47:48,097 [pool-179-thread-1] INFO  segmented.SegmentedRaftLogWorker (SegmentedRaftLogWorker.java:lambda$new$0(132)) - 2567daec-5f37-42ba-b893-366bc09983f6@group-BCCA5552C71D-SegmentedRaftLogWorker: flushIndex: setUnconditionally 0 -> -1
2019-09-16 20:47:48,097 [pool-179-thread-1] INFO  server.RaftServerConfigKeys (ConfUtils.java:logGet(43)) - raft.server.snapshot.auto.trigger.enabled = true (custom)
2019-09-16 20:47:48,098 [pool-179-thread-1] INFO  server.RaftServerConfigKeys (ConfUtils.java:logGet(43)) - raft.server.snapshot.auto.trigger.threshold = 10000 (custom)
2019-09-16 20:47:48,098 [pool-179-thread-1] INFO  server.RaftServerConfigKeys (ConfUtils.java:logGet(43)) - raft.server.snapshot.retention.num.files = -1 (default)
2019-09-16 20:47:48,098 [pool-179-thread-1] INFO  server.RaftServerConfigKeys (ConfUtils.java:logGet(43)) - raft.server.retrycache.expirytime = 600000ms (custom)
2019-09-16 20:47:48,100 [pool-119-thread-1] INFO  impl.RaftServerImpl (RaftServerImpl.java:start(185)) - 3f877d93-3bef-4ece-a5ae-026bca78fba9@group-BCCA5552C71D: start as a follower, conf=-1: [3f877d93-3bef-4ece-a5ae-026bca78fba9:192.168.69.85:46145, 2567daec-5f37-42ba-b893-366bc09983f6:192.168.69.85:36953, 9182e049-55d9-4dcd-8242-d7eaef939001:192.168.69.85:36434], old=null
2019-09-16 20:47:48,100 [pool-119-thread-1] INFO  impl.RaftServerImpl (RaftServerImpl.java:setRole(174)) - 3f877d93-3bef-4ece-a5ae-026bca78fba9@group-BCCA5552C71D: changes role from      null to FOLLOWER at term 0 for startAsFollower
2019-09-16 20:47:48,100 [pool-129-thread-1] INFO  impl.RaftServerImpl (RaftServerImpl.java:start(185)) - 9182e049-55d9-4dcd-8242-d7eaef939001@group-BCCA5552C71D: start as a follower, conf=-1: [3f877d93-3bef-4ece-a5ae-026bca78fba9:192.168.69.85:46145, 2567daec-5f37-42ba-b893-366bc09983f6:192.168.69.85:36953, 9182e049-55d9-4dcd-8242-d7eaef939001:192.168.69.85:36434], old=null
2019-09-16 20:47:48,100 [pool-119-thread-1] INFO  impl.RoleInfo (RoleInfo.java:updateAndGet(143)) - 3f877d93-3bef-4ece-a5ae-026bca78fba9: start FollowerState
2019-09-16 20:47:48,100 [pool-129-thread-1] INFO  impl.RaftServerImpl (RaftServerImpl.java:setRole(174)) - 9182e049-55d9-4dcd-8242-d7eaef939001@group-BCCA5552C71D: changes role from      null to FOLLOWER at term 0 for startAsFollower
2019-09-16 20:47:48,101 [pool-129-thread-1] INFO  impl.RoleInfo (RoleInfo.java:updateAndGet(143)) - 9182e049-55d9-4dcd-8242-d7eaef939001: start FollowerState
2019-09-16 20:47:48,101 [pool-119-thread-1] INFO  util.JmxRegister (JmxRegister.java:tryRegister(44)) - Successfully registered JMX Bean with object name Ratis:service=RaftServer,group=group-BCCA5552C71D,id=3f877d93-3bef-4ece-a5ae-026bca78fba9
2019-09-16 20:47:48,101 [pool-129-thread-1] INFO  util.JmxRegister (JmxRegister.java:tryRegister(44)) - Successfully registered JMX Bean with object name Ratis:service=RaftServer,group=group-BCCA5552C71D,id=9182e049-55d9-4dcd-8242-d7eaef939001
2019-09-16 20:47:48,101 [pool-179-thread-1] INFO  impl.RaftServerImpl (RaftServerImpl.java:start(185)) - 2567daec-5f37-42ba-b893-366bc09983f6@group-BCCA5552C71D: start as a follower, conf=-1: [3f877d93-3bef-4ece-a5ae-026bca78fba9:192.168.69.85:46145, 2567daec-5f37-42ba-b893-366bc09983f6:192.168.69.85:36953, 9182e049-55d9-4dcd-8242-d7eaef939001:192.168.69.85:36434], old=null
2019-09-16 20:47:48,102 [pool-179-thread-1] INFO  impl.RaftServerImpl (RaftServerImpl.java:setRole(174)) - 2567daec-5f37-42ba-b893-366bc09983f6@group-BCCA5552C71D: changes role from      null to FOLLOWER at term 0 for startAsFollower
2019-09-16 20:47:48,102 [pool-179-thread-1] INFO  impl.RoleInfo (RoleInfo.java:updateAndGet(143)) - 2567daec-5f37-42ba-b893-366bc09983f6: start FollowerState
2019-09-16 20:47:48,102 [pool-179-thread-1] INFO  util.JmxRegister (JmxRegister.java:tryRegister(44)) - Successfully registered JMX Bean with object name Ratis:service=RaftServer,group=group-BCCA5552C71D,id=2567daec-5f37-42ba-b893-366bc09983f6
2019-09-16 20:47:48,114 [RatisPipelineUtilsThread] INFO  pipeline.PipelineStateManager (PipelineStateManager.java:addPipeline(56)) - Created pipeline Pipeline[ Id: 051b2b30-7815-45e4-a69e-bcca5552c71d, Nodes: 3f877d93-3bef-4ece-a5ae-026bca78fba9{ip: 192.168.69.85, host: pr-hdds-1054-8d95c-1017424488, networkLocation: /default-rack, certSerialId: null}2567daec-5f37-42ba-b893-366bc09983f6{ip: 192.168.69.85, host: pr-hdds-1054-8d95c-1017424488, networkLocation: /default-rack, certSerialId: null}9182e049-55d9-4dcd-8242-d7eaef939001{ip: 192.168.69.85, host: pr-hdds-1054-8d95c-1017424488, networkLocation: /default-rack, certSerialId: null}, Type:RATIS, Factor:THREE, State:OPEN]
2019-09-16 20:47:48,143 [grpc-default-executor-2] INFO  impl.RaftServerProxy (RaftServerProxy.java:addNew(89)) - 7d5ab8fe-4398-4c7a-833f-a2ebf83d2b30: addNew group-349C1C666A24:[d68b6256-2cf5-4d29-880d-3f15bf69885c:192.168.69.85:35451, 7d5ab8fe-4398-4c7a-833f-a2ebf83d2b30:192.168.69.85:33293, 67ec2c46-e6a3-41dc-8686-1106750fbf03:192.168.69.85:35372] returns group-349C1C666A24:java.util.concurrent.CompletableFuture@2dee0323[Not completed]
2019-09-16 20:47:48,143 [grpc-default-executor-4] INFO  impl.RaftServerProxy (RaftServerProxy.java:addNew(89)) - d68b6256-2cf5-4d29-880d-3f15bf69885c: addNew group-349C1C666A24:[d68b6256-2cf5-4d29-880d-3f15bf69885c:192.168.69.85:35451, 7d5ab8fe-4398-4c7a-833f-a2ebf83d2b30:192.168.69.85:33293, 67ec2c46-e6a3-41dc-8686-1106750fbf03:192.168.69.85:35372] returns group-349C1C666A24:java.util.concurrent.CompletableFuture@651d6d02[Not completed]
2019-09-16 20:47:48,145 [grpc-default-executor-3] INFO  impl.RaftServerProxy (RaftServerProxy.java:addNew(89)) - 67ec2c46-e6a3-41dc-8686-1106750fbf03: addNew group-349C1C666A24:[d68b6256-2cf5-4d29-880d-3f15bf69885c:192.168.69.85:35451, 7d5ab8fe-4398-4c7a-833f-a2ebf83d2b30:192.168.69.85:33293, 67ec2c46-e6a3-41dc-8686-1106750fbf03:192.168.69.85:35372] returns group-349C1C666A24:java.util.concurrent.CompletableFuture@316c36fa[Not completed]
2019-09-16 20:47:48,147 [pool-139-thread-1] INFO  impl.RaftServerImpl (RaftServerImpl.java:<init>(95)) - 7d5ab8fe-4398-4c7a-833f-a2ebf83d2b30: new RaftServerImpl for group-349C1C666A24:[d68b6256-2cf5-4d29-880d-3f15bf69885c:192.168.69.85:35451, 7d5ab8fe-4398-4c7a-833f-a2ebf83d2b30:192.168.69.85:33293, 67ec2c46-e6a3-41dc-8686-1106750fbf03:192.168.69.85:35372] with ContainerStateMachine:uninitialized
2019-09-16 20:47:48,147 [pool-139-thread-1] INFO  server.RaftServerConfigKeys (ConfUtils.java:logGet(43)) - raft.server.rpc.timeout.min = 5s (custom)
2019-09-16 20:47:48,147 [pool-139-thread-1] INFO  server.RaftServerConfigKeys (ConfUtils.java:logGet(43)) - raft.server.rpc.timeout.max = 5200ms (custom)
2019-09-16 20:47:48,147 [pool-139-thread-1] INFO  server.RaftServerConfigKeys (ConfUtils.java:logGet(43)) - raft.server.rpcslowness.timeout = 120s (custom)
2019-09-16 20:47:48,147 [pool-169-thread-1] INFO  impl.RaftServerImpl (RaftServerImpl.java:<init>(95)) - d68b6256-2cf5-4d29-880d-3f15bf69885c: new RaftServerImpl for group-349C1C666A24:[d68b6256-2cf5-4d29-880d-3f15bf69885c:192.168.69.85:35451, 7d5ab8fe-4398-4c7a-833f-a2ebf83d2b30:192.168.69.85:33293, 67ec2c46-e6a3-41dc-8686-1106750fbf03:192.168.69.85:35372] with ContainerStateMachine:uninitialized
2019-09-16 20:47:48,147 [pool-139-thread-1] INFO  server.RaftServerConfigKeys (ConfUtils.java:logGet(43)) - raft.server.sleep.deviation.threshold = 300 (default)
2019-09-16 20:47:48,148 [pool-169-thread-1] INFO  server.RaftServerConfigKeys (ConfUtils.java:logGet(43)) - raft.server.rpc.timeout.min = 5s (custom)
2019-09-16 20:47:48,148 [pool-139-thread-1] INFO  server.RaftServerConfigKeys (ConfUtils.java:logGet(43)) - raft.server.log.appender.install.snapshot.enabled = false (custom)
2019-09-16 20:47:48,148 [pool-169-thread-1] INFO  server.RaftServerConfigKeys (ConfUtils.java:logGet(43)) - raft.server.rpc.timeout.max = 5200ms (custom)
2019-09-16 20:47:48,148 [pool-159-thread-1] INFO  impl.RaftServerImpl (RaftServerImpl.java:<init>(95)) - 67ec2c46-e6a3-41dc-8686-1106750fbf03: new RaftServerImpl for group-349C1C666A24:[d68b6256-2cf5-4d29-880d-3f15bf69885c:192.168.69.85:35451, 7d5ab8fe-4398-4c7a-833f-a2ebf83d2b30:192.168.69.85:33293, 67ec2c46-e6a3-41dc-8686-1106750fbf03:192.168.69.85:35372] with ContainerStateMachine:uninitialized
2019-09-16 20:47:48,148 [pool-139-thread-1] INFO  impl.RaftServerImpl (ServerState.java:<init>(103)) - 7d5ab8fe-4398-4c7a-833f-a2ebf83d2b30@group-349C1C666A24: ConfigurationManager, init=-1: [d68b6256-2cf5-4d29-880d-3f15bf69885c:192.168.69.85:35451, 7d5ab8fe-4398-4c7a-833f-a2ebf83d2b30:192.168.69.85:33293, 67ec2c46-e6a3-41dc-8686-1106750fbf03:192.168.69.85:35372], old=null, confs=<EMPTY_MAP>
2019-09-16 20:47:48,148 [pool-159-thread-1] INFO  server.RaftServerConfigKeys (ConfUtils.java:logGet(43)) - raft.server.rpc.timeout.min = 5s (custom)
2019-09-16 20:47:48,149 [pool-139-thread-1] INFO  server.RaftServerConfigKeys (ConfUtils.java:logGet(43)) - raft.server.storage.dir = [/workdir/hadoop-ozone/integration-test/target/test-dir/MiniOzoneClusterImpl-d406ef66-dd47-42b2-9ed3-458d719ec871/datanode-2/data/ratis] (custom)
2019-09-16 20:47:48,148 [pool-169-thread-1] INFO  server.RaftServerConfigKeys (ConfUtils.java:logGet(43)) - raft.server.rpcslowness.timeout = 120s (custom)
2019-09-16 20:47:48,149 [pool-159-thread-1] INFO  server.RaftServerConfigKeys (ConfUtils.java:logGet(43)) - raft.server.rpc.timeout.max = 5200ms (custom)
2019-09-16 20:47:48,149 [pool-169-thread-1] INFO  server.RaftServerConfigKeys (ConfUtils.java:logGet(43)) - raft.server.sleep.deviation.threshold = 300 (default)
2019-09-16 20:47:48,149 [pool-159-thread-1] INFO  server.RaftServerConfigKeys (ConfUtils.java:logGet(43)) - raft.server.rpcslowness.timeout = 120s (custom)
2019-09-16 20:47:48,149 [pool-139-thread-1] INFO  storage.RaftStorageDirectory (RaftStorageDirectory.java:analyzeStorage(246)) - The storage directory /workdir/hadoop-ozone/integration-test/target/test-dir/MiniOzoneClusterImpl-d406ef66-dd47-42b2-9ed3-458d719ec871/datanode-2/data/ratis/3e390ad4-f1e1-46bf-8f5d-349c1c666a24 does not exist. Creating ...
2019-09-16 20:47:48,149 [pool-159-thread-1] INFO  server.RaftServerConfigKeys (ConfUtils.java:logGet(43)) - raft.server.sleep.deviation.threshold = 300 (default)
2019-09-16 20:47:48,149 [pool-169-thread-1] INFO  server.RaftServerConfigKeys (ConfUtils.java:logGet(43)) - raft.server.log.appender.install.snapshot.enabled = false (custom)
2019-09-16 20:47:48,150 [pool-159-thread-1] INFO  server.RaftServerConfigKeys (ConfUtils.java:logGet(43)) - raft.server.log.appender.install.snapshot.enabled = false (custom)
2019-09-16 20:47:48,150 [pool-169-thread-1] INFO  impl.RaftServerImpl (ServerState.java:<init>(103)) - d68b6256-2cf5-4d29-880d-3f15bf69885c@group-349C1C666A24: ConfigurationManager, init=-1: [d68b6256-2cf5-4d29-880d-3f15bf69885c:192.168.69.85:35451, 7d5ab8fe-4398-4c7a-833f-a2ebf83d2b30:192.168.69.85:33293, 67ec2c46-e6a3-41dc-8686-1106750fbf03:192.168.69.85:35372], old=null, confs=<EMPTY_MAP>
2019-09-16 20:47:48,150 [pool-159-thread-1] INFO  impl.RaftServerImpl (ServerState.java:<init>(103)) - 67ec2c46-e6a3-41dc-8686-1106750fbf03@group-349C1C666A24: ConfigurationManager, init=-1: [d68b6256-2cf5-4d29-880d-3f15bf69885c:192.168.69.85:35451, 7d5ab8fe-4398-4c7a-833f-a2ebf83d2b30:192.168.69.85:33293, 67ec2c46-e6a3-41dc-8686-1106750fbf03:192.168.69.85:35372], old=null, confs=<EMPTY_MAP>
2019-09-16 20:47:48,150 [pool-169-thread-1] INFO  server.RaftServerConfigKeys (ConfUtils.java:logGet(43)) - raft.server.storage.dir = [/workdir/hadoop-ozone/integration-test/target/test-dir/MiniOzoneClusterImpl-d406ef66-dd47-42b2-9ed3-458d719ec871/datanode-5/data/ratis] (custom)
2019-09-16 20:47:48,150 [pool-159-thread-1] INFO  server.RaftServerConfigKeys (ConfUtils.java:logGet(43)) - raft.server.storage.dir = [/workdir/hadoop-ozone/integration-test/target/test-dir/MiniOzoneClusterImpl-d406ef66-dd47-42b2-9ed3-458d719ec871/datanode-4/data/ratis] (custom)
2019-09-16 20:47:48,151 [pool-169-thread-1] INFO  storage.RaftStorageDirectory (RaftStorageDirectory.java:analyzeStorage(246)) - The storage directory /workdir/hadoop-ozone/integration-test/target/test-dir/MiniOzoneClusterImpl-d406ef66-dd47-42b2-9ed3-458d719ec871/datanode-5/data/ratis/3e390ad4-f1e1-46bf-8f5d-349c1c666a24 does not exist. Creating ...
2019-09-16 20:47:48,151 [pool-159-thread-1] INFO  storage.RaftStorageDirectory (RaftStorageDirectory.java:analyzeStorage(246)) - The storage directory /workdir/hadoop-ozone/integration-test/target/test-dir/MiniOzoneClusterImpl-d406ef66-dd47-42b2-9ed3-458d719ec871/datanode-4/data/ratis/3e390ad4-f1e1-46bf-8f5d-349c1c666a24 does not exist. Creating ...
2019-09-16 20:47:48,191 [pool-159-thread-1] INFO  storage.RaftStorageDirectory (RaftStorageDirectory.java:tryLock(328)) - Lock on /workdir/hadoop-ozone/integration-test/target/test-dir/MiniOzoneClusterImpl-d406ef66-dd47-42b2-9ed3-458d719ec871/datanode-4/data/ratis/3e390ad4-f1e1-46bf-8f5d-349c1c666a24/in_use.lock acquired by nodename 15813@pr-hdds-1054-8d95c-1017424488
2019-09-16 20:47:48,191 [pool-169-thread-1] INFO  storage.RaftStorageDirectory (RaftStorageDirectory.java:tryLock(328)) - Lock on /workdir/hadoop-ozone/integration-test/target/test-dir/MiniOzoneClusterImpl-d406ef66-dd47-42b2-9ed3-458d719ec871/datanode-5/data/ratis/3e390ad4-f1e1-46bf-8f5d-349c1c666a24/in_use.lock acquired by nodename 15813@pr-hdds-1054-8d95c-1017424488
2019-09-16 20:47:48,191 [pool-139-thread-1] INFO  storage.RaftStorageDirectory (RaftStorageDirectory.java:tryLock(328)) - Lock on /workdir/hadoop-ozone/integration-test/target/test-dir/MiniOzoneClusterImpl-d406ef66-dd47-42b2-9ed3-458d719ec871/datanode-2/data/ratis/3e390ad4-f1e1-46bf-8f5d-349c1c666a24/in_use.lock acquired by nodename 15813@pr-hdds-1054-8d95c-1017424488
2019-09-16 20:47:48,257 [pool-159-thread-1] INFO  storage.RaftStorage (RaftStorage.java:format(72)) - Storage directory /workdir/hadoop-ozone/integration-test/target/test-dir/MiniOzoneClusterImpl-d406ef66-dd47-42b2-9ed3-458d719ec871/datanode-4/data/ratis/3e390ad4-f1e1-46bf-8f5d-349c1c666a24 has been successfully formatted.
2019-09-16 20:47:48,257 [pool-169-thread-1] INFO  storage.RaftStorage (RaftStorage.java:format(72)) - Storage directory /workdir/hadoop-ozone/integration-test/target/test-dir/MiniOzoneClusterImpl-d406ef66-dd47-42b2-9ed3-458d719ec871/datanode-5/data/ratis/3e390ad4-f1e1-46bf-8f5d-349c1c666a24 has been successfully formatted.
2019-09-16 20:47:48,257 [pool-139-thread-1] INFO  storage.RaftStorage (RaftStorage.java:format(72)) - Storage directory /workdir/hadoop-ozone/integration-test/target/test-dir/MiniOzoneClusterImpl-d406ef66-dd47-42b2-9ed3-458d719ec871/datanode-2/data/ratis/3e390ad4-f1e1-46bf-8f5d-349c1c666a24 has been successfully formatted.
2019-09-16 20:47:48,257 [pool-169-thread-1] INFO  ratis.ContainerStateMachine (ContainerStateMachine.java:loadSnapshot(230)) - group-349C1C666A24: The snapshot info is null. Setting the last applied indexto:(t:0, i:~)
2019-09-16 20:47:48,258 [pool-139-thread-1] INFO  ratis.ContainerStateMachine (ContainerStateMachine.java:loadSnapshot(230)) - group-349C1C666A24: The snapshot info is null. Setting the last applied indexto:(t:0, i:~)
2019-09-16 20:47:48,257 [pool-159-thread-1] INFO  ratis.ContainerStateMachine (ContainerStateMachine.java:loadSnapshot(230)) - group-349C1C666A24: The snapshot info is null. Setting the last applied indexto:(t:0, i:~)
2019-09-16 20:47:48,258 [pool-139-thread-1] INFO  server.RaftServerConfigKeys (ConfUtils.java:logGet(43)) - raft.server.notification.no-leader.timeout = 120s (custom)
2019-09-16 20:47:48,258 [pool-159-thread-1] INFO  server.RaftServerConfigKeys (ConfUtils.java:logGet(43)) - raft.server.notification.no-leader.timeout = 120s (custom)
2019-09-16 20:47:48,258 [pool-169-thread-1] INFO  server.RaftServerConfigKeys (ConfUtils.java:logGet(43)) - raft.server.notification.no-leader.timeout = 120s (custom)
2019-09-16 20:47:48,258 [pool-159-thread-1] INFO  server.RaftServerConfigKeys (ConfUtils.java:logGet(43)) - raft.server.log.use.memory = false (default)
2019-09-16 20:47:48,258 [pool-139-thread-1] INFO  server.RaftServerConfigKeys (ConfUtils.java:logGet(43)) - raft.server.log.use.memory = false (default)
2019-09-16 20:47:48,259 [pool-159-thread-1] INFO  server.RaftServerConfigKeys (ConfUtils.java:logGet(43)) - raft.server.log.purge.gap = 1000000 (custom)
2019-09-16 20:47:48,258 [pool-169-thread-1] INFO  server.RaftServerConfigKeys (ConfUtils.java:logGet(43)) - raft.server.log.use.memory = false (default)
2019-09-16 20:47:48,259 [pool-159-thread-1] INFO  server.RaftServerConfigKeys (ConfUtils.java:logGet(43)) - raft.server.log.appender.buffer.byte-limit = 33554432 (custom)
2019-09-16 20:47:48,259 [pool-139-thread-1] INFO  server.RaftServerConfigKeys (ConfUtils.java:logGet(43)) - raft.server.log.purge.gap = 1000000 (custom)
2019-09-16 20:47:48,259 [pool-159-thread-1] INFO  server.RaftServerConfigKeys (ConfUtils.java:logGet(43)) - raft.server.log.segment.size.max = 1048576 (custom)
2019-09-16 20:47:48,259 [pool-169-thread-1] INFO  server.RaftServerConfigKeys (ConfUtils.java:logGet(43)) - raft.server.log.purge.gap = 1000000 (custom)
2019-09-16 20:47:48,259 [pool-159-thread-1] INFO  server.RaftServerConfigKeys (ConfUtils.java:logGet(43)) - raft.server.log.segment.cache.num.max = 2 (custom)
2019-09-16 20:47:48,259 [pool-139-thread-1] INFO  server.RaftServerConfigKeys (ConfUtils.java:logGet(43)) - raft.server.log.appender.buffer.byte-limit = 33554432 (custom)
2019-09-16 20:47:48,260 [pool-159-thread-1] INFO  segmented.SegmentedRaftLogWorker (SegmentedRaftLogWorker.java:<init>(172)) - new 67ec2c46-e6a3-41dc-8686-1106750fbf03@group-349C1C666A24-SegmentedRaftLogWorker for RaftStorage:Storage Directory /workdir/hadoop-ozone/integration-test/target/test-dir/MiniOzoneClusterImpl-d406ef66-dd47-42b2-9ed3-458d719ec871/datanode-4/data/ratis/3e390ad4-f1e1-46bf-8f5d-349c1c666a24
2019-09-16 20:47:48,259 [pool-169-thread-1] INFO  server.RaftServerConfigKeys (ConfUtils.java:logGet(43)) - raft.server.log.appender.buffer.byte-limit = 33554432 (custom)
2019-09-16 20:47:48,260 [pool-159-thread-1] INFO  server.RaftServerConfigKeys (ConfUtils.java:logGet(43)) - raft.server.log.queue.byte-limit = 2147483647 (custom)
2019-09-16 20:47:48,260 [pool-139-thread-1] INFO  server.RaftServerConfigKeys (ConfUtils.java:logGet(43)) - raft.server.log.segment.size.max = 1048576 (custom)
2019-09-16 20:47:48,260 [pool-159-thread-1] INFO  server.RaftServerConfigKeys (ConfUtils.java:logGet(43)) - raft.server.log.queue.element-limit = 1024 (custom)
2019-09-16 20:47:48,260 [pool-169-thread-1] INFO  server.RaftServerConfigKeys (ConfUtils.java:logGet(43)) - raft.server.log.segment.size.max = 1048576 (custom)
2019-09-16 20:47:48,260 [pool-159-thread-1] INFO  server.RaftServerConfigKeys (ConfUtils.java:logGet(43)) - raft.server.log.segment.size.max = 1048576 (custom)
2019-09-16 20:47:48,260 [pool-139-thread-1] INFO  server.RaftServerConfigKeys (ConfUtils.java:logGet(43)) - raft.server.log.segment.cache.num.max = 2 (custom)
2019-09-16 20:47:48,261 [pool-159-thread-1] INFO  server.RaftServerConfigKeys (ConfUtils.java:logGet(43)) - raft.server.log.preallocated.size = 16384 (custom)
2019-09-16 20:47:48,261 [pool-169-thread-1] INFO  server.RaftServerConfigKeys (ConfUtils.java:logGet(43)) - raft.server.log.segment.cache.num.max = 2 (custom)
2019-09-16 20:47:48,261 [pool-159-thread-1] INFO  server.RaftServerConfigKeys (ConfUtils.java:logGet(43)) - raft.server.log.write.buffer.size = 33554432 (custom)
2019-09-16 20:47:48,261 [pool-139-thread-1] INFO  segmented.SegmentedRaftLogWorker (SegmentedRaftLogWorker.java:<init>(172)) - new 7d5ab8fe-4398-4c7a-833f-a2ebf83d2b30@group-349C1C666A24-SegmentedRaftLogWorker for RaftStorage:Storage Directory /workdir/hadoop-ozone/integration-test/target/test-dir/MiniOzoneClusterImpl-d406ef66-dd47-42b2-9ed3-458d719ec871/datanode-2/data/ratis/3e390ad4-f1e1-46bf-8f5d-349c1c666a24
2019-09-16 20:47:48,261 [pool-159-thread-1] INFO  server.RaftServerConfigKeys (ConfUtils.java:logGet(43)) - raft.server.log.force.sync.num = 128 (default)
2019-09-16 20:47:48,261 [pool-169-thread-1] INFO  segmented.SegmentedRaftLogWorker (SegmentedRaftLogWorker.java:<init>(172)) - new d68b6256-2cf5-4d29-880d-3f15bf69885c@group-349C1C666A24-SegmentedRaftLogWorker for RaftStorage:Storage Directory /workdir/hadoop-ozone/integration-test/target/test-dir/MiniOzoneClusterImpl-d406ef66-dd47-42b2-9ed3-458d719ec871/datanode-5/data/ratis/3e390ad4-f1e1-46bf-8f5d-349c1c666a24
2019-09-16 20:47:48,261 [pool-159-thread-1] INFO  server.RaftServerConfigKeys (ConfUtils.java:logGet(43)) - raft.server.log.statemachine.data.sync = true (default)
2019-09-16 20:47:48,261 [pool-139-thread-1] INFO  server.RaftServerConfigKeys (ConfUtils.java:logGet(43)) - raft.server.log.queue.byte-limit = 2147483647 (custom)
2019-09-16 20:47:48,262 [pool-159-thread-1] INFO  server.RaftServerConfigKeys (ConfUtils.java:logGet(43)) - raft.server.log.statemachine.data.sync.timeout = 10s (default)
2019-09-16 20:47:48,262 [pool-169-thread-1] INFO  server.RaftServerConfigKeys (ConfUtils.java:logGet(43)) - raft.server.log.queue.byte-limit = 2147483647 (custom)
2019-09-16 20:47:48,262 [pool-159-thread-1] INFO  server.RaftServerConfigKeys (ConfUtils.java:logGet(43)) - raft.server.log.statemachine.data.sync.timeout.retry = -1 (default)
2019-09-16 20:47:48,262 [pool-139-thread-1] INFO  server.RaftServerConfigKeys (ConfUtils.java:logGet(43)) - raft.server.log.queue.element-limit = 1024 (custom)
2019-09-16 20:47:48,262 [pool-159-thread-1] INFO  server.RaftServerConfigKeys (ConfUtils.java:logGet(43)) - raft.server.log.statemachine.data.caching.enabled = true (custom)
2019-09-16 20:47:48,262 [pool-169-thread-1] INFO  server.RaftServerConfigKeys (ConfUtils.java:logGet(43)) - raft.server.log.queue.element-limit = 1024 (custom)
2019-09-16 20:47:48,262 [pool-139-thread-1] INFO  server.RaftServerConfigKeys (ConfUtils.java:logGet(43)) - raft.server.log.segment.size.max = 1048576 (custom)
2019-09-16 20:47:48,263 [pool-169-thread-1] INFO  server.RaftServerConfigKeys (ConfUtils.java:logGet(43)) - raft.server.log.segment.size.max = 1048576 (custom)
2019-09-16 20:47:48,263 [pool-159-thread-1] INFO  segmented.SegmentedRaftLogWorker (SegmentedRaftLogWorker.java:lambda$new$0(132)) - 67ec2c46-e6a3-41dc-8686-1106750fbf03@group-349C1C666A24-SegmentedRaftLogWorker: flushIndex: setUnconditionally 0 -> -1
2019-09-16 20:47:48,263 [pool-169-thread-1] INFO  server.RaftServerConfigKeys (ConfUtils.java:logGet(43)) - raft.server.log.preallocated.size = 16384 (custom)
2019-09-16 20:47:48,263 [pool-139-thread-1] INFO  server.RaftServerConfigKeys (ConfUtils.java:logGet(43)) - raft.server.log.preallocated.size = 16384 (custom)
2019-09-16 20:47:48,263 [pool-159-thread-1] INFO  server.RaftServerConfigKeys (ConfUtils.java:logGet(43)) - raft.server.snapshot.auto.trigger.enabled = true (custom)
2019-09-16 20:47:48,263 [pool-169-thread-1] INFO  server.RaftServerConfigKeys (ConfUtils.java:logGet(43)) - raft.server.log.write.buffer.size = 33554432 (custom)
2019-09-16 20:47:48,263 [pool-159-thread-1] INFO  server.RaftServerConfigKeys (ConfUtils.java:logGet(43)) - raft.server.snapshot.auto.trigger.threshold = 10000 (custom)
2019-09-16 20:47:48,263 [pool-139-thread-1] INFO  server.RaftServerConfigKeys (ConfUtils.java:logGet(43)) - raft.server.log.write.buffer.size = 33554432 (custom)
2019-09-16 20:47:48,264 [pool-159-thread-1] INFO  server.RaftServerConfigKeys (ConfUtils.java:logGet(43)) - raft.server.snapshot.retention.num.files = -1 (default)
2019-09-16 20:47:48,264 [pool-169-thread-1] INFO  server.RaftServerConfigKeys (ConfUtils.java:logGet(43)) - raft.server.log.force.sync.num = 128 (default)
2019-09-16 20:47:48,264 [pool-159-thread-1] INFO  server.RaftServerConfigKeys (ConfUtils.java:logGet(43)) - raft.server.retrycache.expirytime = 600000ms (custom)
2019-09-16 20:47:48,264 [pool-139-thread-1] INFO  server.RaftServerConfigKeys (ConfUtils.java:logGet(43)) - raft.server.log.force.sync.num = 128 (default)
2019-09-16 20:47:48,264 [pool-169-thread-1] INFO  server.RaftServerConfigKeys (ConfUtils.java:logGet(43)) - raft.server.log.statemachine.data.sync = true (default)
2019-09-16 20:47:48,264 [pool-139-thread-1] INFO  server.RaftServerConfigKeys (ConfUtils.java:logGet(43)) - raft.server.log.statemachine.data.sync = true (default)
2019-09-16 20:47:48,264 [pool-169-thread-1] INFO  server.RaftServerConfigKeys (ConfUtils.java:logGet(43)) - raft.server.log.statemachine.data.sync.timeout = 10s (default)
2019-09-16 20:47:48,265 [pool-139-thread-1] INFO  server.RaftServerConfigKeys (ConfUtils.java:logGet(43)) - raft.server.log.statemachine.data.sync.timeout = 10s (default)
2019-09-16 20:47:48,265 [pool-169-thread-1] INFO  server.RaftServerConfigKeys (ConfUtils.java:logGet(43)) - raft.server.log.statemachine.data.sync.timeout.retry = -1 (default)
2019-09-16 20:47:48,265 [pool-139-thread-1] INFO  server.RaftServerConfigKeys (ConfUtils.java:logGet(43)) - raft.server.log.statemachine.data.sync.timeout.retry = -1 (default)
2019-09-16 20:47:48,265 [pool-169-thread-1] INFO  server.RaftServerConfigKeys (ConfUtils.java:logGet(43)) - raft.server.log.statemachine.data.caching.enabled = true (custom)
2019-09-16 20:47:48,265 [pool-139-thread-1] INFO  server.RaftServerConfigKeys (ConfUtils.java:logGet(43)) - raft.server.log.statemachine.data.caching.enabled = true (custom)
2019-09-16 20:47:48,266 [pool-169-thread-1] INFO  segmented.SegmentedRaftLogWorker (SegmentedRaftLogWorker.java:lambda$new$0(132)) - d68b6256-2cf5-4d29-880d-3f15bf69885c@group-349C1C666A24-SegmentedRaftLogWorker: flushIndex: setUnconditionally 0 -> -1
2019-09-16 20:47:48,266 [pool-139-thread-1] INFO  segmented.SegmentedRaftLogWorker (SegmentedRaftLogWorker.java:lambda$new$0(132)) - 7d5ab8fe-4398-4c7a-833f-a2ebf83d2b30@group-349C1C666A24-SegmentedRaftLogWorker: flushIndex: setUnconditionally 0 -> -1
2019-09-16 20:47:48,266 [pool-169-thread-1] INFO  server.RaftServerConfigKeys (ConfUtils.java:logGet(43)) - raft.server.snapshot.auto.trigger.enabled = true (custom)
2019-09-16 20:47:48,266 [pool-139-thread-1] INFO  server.RaftServerConfigKeys (ConfUtils.java:logGet(43)) - raft.server.snapshot.auto.trigger.enabled = true (custom)
2019-09-16 20:47:48,266 [pool-169-thread-1] INFO  server.RaftServerConfigKeys (ConfUtils.java:logGet(43)) - raft.server.snapshot.auto.trigger.threshold = 10000 (custom)
2019-09-16 20:47:48,266 [pool-159-thread-1] INFO  impl.RaftServerImpl (RaftServerImpl.java:start(185)) - 67ec2c46-e6a3-41dc-8686-1106750fbf03@group-349C1C666A24: start as a follower, conf=-1: [d68b6256-2cf5-4d29-880d-3f15bf69885c:192.168.69.85:35451, 7d5ab8fe-4398-4c7a-833f-a2ebf83d2b30:192.168.69.85:33293, 67ec2c46-e6a3-41dc-8686-1106750fbf03:192.168.69.85:35372], old=null
2019-09-16 20:47:48,267 [pool-169-thread-1] INFO  server.RaftServerConfigKeys (ConfUtils.java:logGet(43)) - raft.server.snapshot.retention.num.files = -1 (default)
2019-09-16 20:47:48,267 [pool-139-thread-1] INFO  server.RaftServerConfigKeys (ConfUtils.java:logGet(43)) - raft.server.snapshot.auto.trigger.threshold = 10000 (custom)
2019-09-16 20:47:48,267 [pool-169-thread-1] INFO  server.RaftServerConfigKeys (ConfUtils.java:logGet(43)) - raft.server.retrycache.expirytime = 600000ms (custom)
2019-09-16 20:47:48,267 [pool-159-thread-1] INFO  impl.RaftServerImpl (RaftServerImpl.java:setRole(174)) - 67ec2c46-e6a3-41dc-8686-1106750fbf03@group-349C1C666A24: changes role from      null to FOLLOWER at term 0 for startAsFollower
2019-09-16 20:47:48,267 [pool-139-thread-1] INFO  server.RaftServerConfigKeys (ConfUtils.java:logGet(43)) - raft.server.snapshot.retention.num.files = -1 (default)
2019-09-16 20:47:48,267 [pool-159-thread-1] INFO  impl.RoleInfo (RoleInfo.java:updateAndGet(143)) - 67ec2c46-e6a3-41dc-8686-1106750fbf03: start FollowerState
2019-09-16 20:47:48,268 [pool-139-thread-1] INFO  server.RaftServerConfigKeys (ConfUtils.java:logGet(43)) - raft.server.retrycache.expirytime = 600000ms (custom)
2019-09-16 20:47:48,268 [pool-159-thread-1] INFO  util.JmxRegister (JmxRegister.java:tryRegister(44)) - Successfully registered JMX Bean with object name Ratis:service=RaftServer,group=group-349C1C666A24,id=67ec2c46-e6a3-41dc-8686-1106750fbf03
2019-09-16 20:47:48,274 [pool-169-thread-1] INFO  impl.RaftServerImpl (RaftServerImpl.java:start(185)) - d68b6256-2cf5-4d29-880d-3f15bf69885c@group-349C1C666A24: start as a follower, conf=-1: [d68b6256-2cf5-4d29-880d-3f15bf69885c:192.168.69.85:35451, 7d5ab8fe-4398-4c7a-833f-a2ebf83d2b30:192.168.69.85:33293, 67ec2c46-e6a3-41dc-8686-1106750fbf03:192.168.69.85:35372], old=null
2019-09-16 20:47:48,274 [pool-139-thread-1] INFO  impl.RaftServerImpl (RaftServerImpl.java:start(185)) - 7d5ab8fe-4398-4c7a-833f-a2ebf83d2b30@group-349C1C666A24: start as a follower, conf=-1: [d68b6256-2cf5-4d29-880d-3f15bf69885c:192.168.69.85:35451, 7d5ab8fe-4398-4c7a-833f-a2ebf83d2b30:192.168.69.85:33293, 67ec2c46-e6a3-41dc-8686-1106750fbf03:192.168.69.85:35372], old=null
2019-09-16 20:47:48,275 [pool-169-thread-1] INFO  impl.RaftServerImpl (RaftServerImpl.java:setRole(174)) - d68b6256-2cf5-4d29-880d-3f15bf69885c@group-349C1C666A24: changes role from      null to FOLLOWER at term 0 for startAsFollower
2019-09-16 20:47:48,275 [pool-139-thread-1] INFO  impl.RaftServerImpl (RaftServerImpl.java:setRole(174)) - 7d5ab8fe-4398-4c7a-833f-a2ebf83d2b30@group-349C1C666A24: changes role from      null to FOLLOWER at term 0 for startAsFollower
2019-09-16 20:47:48,275 [pool-169-thread-1] INFO  impl.RoleInfo (RoleInfo.java:updateAndGet(143)) - d68b6256-2cf5-4d29-880d-3f15bf69885c: start FollowerState
2019-09-16 20:47:48,275 [pool-139-thread-1] INFO  impl.RoleInfo (RoleInfo.java:updateAndGet(143)) - 7d5ab8fe-4398-4c7a-833f-a2ebf83d2b30: start FollowerState
2019-09-16 20:47:48,276 [pool-169-thread-1] INFO  util.JmxRegister (JmxRegister.java:tryRegister(44)) - Successfully registered JMX Bean with object name Ratis:service=RaftServer,group=group-349C1C666A24,id=d68b6256-2cf5-4d29-880d-3f15bf69885c
2019-09-16 20:47:48,276 [pool-139-thread-1] INFO  util.JmxRegister (JmxRegister.java:tryRegister(44)) - Successfully registered JMX Bean with object name Ratis:service=RaftServer,group=group-349C1C666A24,id=7d5ab8fe-4398-4c7a-833f-a2ebf83d2b30
2019-09-16 20:47:48,281 [RatisPipelineUtilsThread] INFO  pipeline.PipelineStateManager (PipelineStateManager.java:addPipeline(56)) - Created pipeline Pipeline[ Id: 3e390ad4-f1e1-46bf-8f5d-349c1c666a24, Nodes: 67ec2c46-e6a3-41dc-8686-1106750fbf03{ip: 192.168.69.85, host: pr-hdds-1054-8d95c-1017424488, networkLocation: /default-rack, certSerialId: null}d68b6256-2cf5-4d29-880d-3f15bf69885c{ip: 192.168.69.85, host: pr-hdds-1054-8d95c-1017424488, networkLocation: /default-rack, certSerialId: null}7d5ab8fe-4398-4c7a-833f-a2ebf83d2b30{ip: 192.168.69.85, host: pr-hdds-1054-8d95c-1017424488, networkLocation: /default-rack, certSerialId: null}, Type:RATIS, Factor:THREE, State:OPEN]
2019-09-16 20:47:48,611 [main] INFO  ozone.MiniOzoneClusterImpl (MiniOzoneClusterImpl.java:lambda$waitForClusterToBeReady$0(140)) - Cluster is ready. Got 7 of 7 DN Heartbeats.
2019-09-16 20:47:48,659 [main] INFO  rpc.RpcClient (RpcClient.java:createVolume(302)) - Creating Volume: watchforcommithandlingtest, with jenkins1000 as owner.
2019-09-16 20:47:48,665 [IPC Server handler 18 on 35591] INFO  volume.OMVolumeCreateRequest (OMVolumeCreateRequest.java:validateAndUpdateCache(189)) - created volume:watchforcommithandlingtest for user:jenkins1000
2019-09-16 20:47:48,793 [main] INFO  rpc.RpcClient (RpcClient.java:createBucket(441)) - Creating Bucket: watchforcommithandlingtest/watchforcommithandlingtest, with Versioning false and Storage Type set to DISK and Encryption set to false 
2019-09-16 20:47:48,798 [main] INFO  ozone.MiniOzoneClusterImpl (MiniOzoneClusterImpl.java:getStorageContainerLocationClient(227)) - Creating StorageContainerLocationProtocol RPC client with address /0.0.0.0:39888
2019-09-16 20:47:48,836 [grpc-default-executor-3] INFO  client.GrpcClientProtocolClient (GrpcClientProtocolClient.java:onNext(264)) - client-8A90AA4ED583->3f877d93-3bef-4ece-a5ae-026bca78fba9: receive RaftClientReply:client-8A90AA4ED583->3f877d93-3bef-4ece-a5ae-026bca78fba9@group-BCCA5552C71D, cid=50, FAILED org.apache.ratis.protocol.NotLeaderException: Server 3f877d93-3bef-4ece-a5ae-026bca78fba9@group-BCCA5552C71D is not the leader, logIndex=0, commits[3f877d93-3bef-4ece-a5ae-026bca78fba9:c-1]
2019-09-16 20:47:49,870 [grpc-default-executor-3] INFO  client.GrpcClientProtocolClient (GrpcClientProtocolClient.java:onNext(264)) - client-8A90AA4ED583->9182e049-55d9-4dcd-8242-d7eaef939001: receive RaftClientReply:client-8A90AA4ED583->9182e049-55d9-4dcd-8242-d7eaef939001@group-BCCA5552C71D, cid=50, FAILED org.apache.ratis.protocol.NotLeaderException: Server 9182e049-55d9-4dcd-8242-d7eaef939001@group-BCCA5552C71D is not the leader, logIndex=0, commits[9182e049-55d9-4dcd-8242-d7eaef939001:c-1]
2019-09-16 20:47:50,046 [Thread-1007] INFO  container.ReplicationManager (ReplicationManager.java:start(162)) - Starting Replication Monitor Thread.
2019-09-16 20:47:50,050 [ReplicationMonitor] INFO  container.ReplicationManager (ReplicationManager.java:run(225)) - Replication Monitor Thread took 0 milliseconds for processing 1 containers.
2019-09-16 20:47:50,891 [grpc-default-executor-4] INFO  client.GrpcClientProtocolClient (GrpcClientProtocolClient.java:onNext(264)) - client-8A90AA4ED583->2567daec-5f37-42ba-b893-366bc09983f6: receive RaftClientReply:client-8A90AA4ED583->2567daec-5f37-42ba-b893-366bc09983f6@group-BCCA5552C71D, cid=50, FAILED org.apache.ratis.protocol.NotLeaderException: Server 2567daec-5f37-42ba-b893-366bc09983f6@group-BCCA5552C71D is not the leader, logIndex=0, commits[2567daec-5f37-42ba-b893-366bc09983f6:c-1]
2019-09-16 20:47:51,911 [grpc-default-executor-3] INFO  client.GrpcClientProtocolClient (GrpcClientProtocolClient.java:onNext(264)) - client-8A90AA4ED583->9182e049-55d9-4dcd-8242-d7eaef939001: receive RaftClientReply:client-8A90AA4ED583->9182e049-55d9-4dcd-8242-d7eaef939001@group-BCCA5552C71D, cid=50, FAILED org.apache.ratis.protocol.NotLeaderException: Server 9182e049-55d9-4dcd-8242-d7eaef939001@group-BCCA5552C71D is not the leader, logIndex=0, commits[9182e049-55d9-4dcd-8242-d7eaef939001:c-1]
2019-09-16 20:47:52,272 [Thread-1009] INFO  impl.FollowerState (FollowerState.java:run(106)) - 3f877d93-3bef-4ece-a5ae-026bca78fba9:group-CFD85B6F813A changes to CANDIDATE, lastRpcTime:5160, electionTimeout:5160ms
2019-09-16 20:47:52,272 [Thread-1009] INFO  impl.RoleInfo (RoleInfo.java:shutdownFollowerState(121)) - 3f877d93-3bef-4ece-a5ae-026bca78fba9: shutdown FollowerState
2019-09-16 20:47:52,272 [Thread-1009] INFO  impl.RaftServerImpl (RaftServerImpl.java:setRole(174)) - 3f877d93-3bef-4ece-a5ae-026bca78fba9@group-CFD85B6F813A: changes role from  FOLLOWER to CANDIDATE at term 0 for changeToCandidate
2019-09-16 20:47:52,273 [Thread-1009] INFO  impl.RoleInfo (RoleInfo.java:updateAndGet(143)) - 3f877d93-3bef-4ece-a5ae-026bca78fba9: start LeaderElection
2019-09-16 20:47:52,350 [3f877d93-3bef-4ece-a5ae-026bca78fba9@group-CFD85B6F813A:LeaderElection46] INFO  impl.LeaderElection (LeaderElection.java:askForVotes(182)) - 3f877d93-3bef-4ece-a5ae-026bca78fba9@group-CFD85B6F813A:LeaderElection46: begin an election at term 1 for -1: [3f877d93-3bef-4ece-a5ae-026bca78fba9:192.168.69.85:46145], old=null
2019-09-16 20:47:52,351 [3f877d93-3bef-4ece-a5ae-026bca78fba9@group-CFD85B6F813A:LeaderElection46] INFO  impl.RoleInfo (RoleInfo.java:shutdownLeaderElection(134)) - 3f877d93-3bef-4ece-a5ae-026bca78fba9: shutdown LeaderElection
2019-09-16 20:47:52,351 [3f877d93-3bef-4ece-a5ae-026bca78fba9@group-CFD85B6F813A:LeaderElection46] INFO  impl.RaftServerImpl (RaftServerImpl.java:setRole(174)) - 3f877d93-3bef-4ece-a5ae-026bca78fba9@group-CFD85B6F813A: changes role from CANDIDATE to LEADER at term 1 for changeToLeader
2019-09-16 20:47:52,351 [3f877d93-3bef-4ece-a5ae-026bca78fba9@group-CFD85B6F813A:LeaderElection46] INFO  impl.RaftServerImpl (ServerState.java:setLeader(253)) - 3f877d93-3bef-4ece-a5ae-026bca78fba9@group-CFD85B6F813A: change Leader from null to 3f877d93-3bef-4ece-a5ae-026bca78fba9 at term 1 for becomeLeader, leader elected after 5252ms
2019-09-16 20:47:52,354 [3f877d93-3bef-4ece-a5ae-026bca78fba9@group-CFD85B6F813A:LeaderElection46] INFO  server.RaftServerConfigKeys (ConfUtils.java:logGet(43)) - raft.server.staging.catchup.gap = 1000 (default)
2019-09-16 20:47:52,354 [3f877d93-3bef-4ece-a5ae-026bca78fba9@group-CFD85B6F813A:LeaderElection46] INFO  server.RaftServerConfigKeys (ConfUtils.java:logGet(43)) - raft.server.rpc.sleep.time = 25ms (default)
2019-09-16 20:47:52,355 [3f877d93-3bef-4ece-a5ae-026bca78fba9@group-CFD85B6F813A:LeaderElection46] INFO  server.RaftServerConfigKeys (ConfUtils.java:logGet(43)) - raft.server.write.element-limit = 4096 (default)
2019-09-16 20:47:52,355 [3f877d93-3bef-4ece-a5ae-026bca78fba9@group-CFD85B6F813A:LeaderElection46] INFO  server.RaftServerConfigKeys (ConfUtils.java:logGet(43)) - raft.server.watch.timeout = 10s (default)
2019-09-16 20:47:52,355 [3f877d93-3bef-4ece-a5ae-026bca78fba9@group-CFD85B6F813A:LeaderElection46] INFO  server.RaftServerConfigKeys (ConfUtils.java:logGet(43)) - raft.server.watch.timeout.denomination = 1s (default)
2019-09-16 20:47:52,355 [3f877d93-3bef-4ece-a5ae-026bca78fba9@group-CFD85B6F813A:LeaderElection46] INFO  server.RaftServerConfigKeys (ConfUtils.java:logGet(43)) - raft.server.watch.element-limit = 65536 (default)
2019-09-16 20:47:52,358 [3f877d93-3bef-4ece-a5ae-026bca78fba9@group-CFD85B6F813A:LeaderElection46] INFO  impl.RoleInfo (RoleInfo.java:updateAndGet(143)) - 3f877d93-3bef-4ece-a5ae-026bca78fba9: start LeaderState
2019-09-16 20:47:52,359 [3f877d93-3bef-4ece-a5ae-026bca78fba9@group-CFD85B6F813A:LeaderElection46] INFO  segmented.SegmentedRaftLogWorker (SegmentedRaftLogWorker.java:startLogSegment(380)) - 3f877d93-3bef-4ece-a5ae-026bca78fba9@group-CFD85B6F813A-SegmentedRaftLogWorker: Starting segment from index:0
2019-09-16 20:47:52,359 [3f877d93-3bef-4ece-a5ae-026bca78fba9@group-CFD85B6F813A:LeaderElection46] INFO  impl.RaftServerImpl (ServerState.java:setRaftConf(354)) - 3f877d93-3bef-4ece-a5ae-026bca78fba9@group-CFD85B6F813A: set configuration 0: [3f877d93-3bef-4ece-a5ae-026bca78fba9:192.168.69.85:46145], old=null at 0
2019-09-16 20:47:52,365 [Thread-1012] INFO  impl.FollowerState (FollowerState.java:run(106)) - 9182e049-55d9-4dcd-8242-d7eaef939001:group-9C1F0154165B changes to CANDIDATE, lastRpcTime:5167, electionTimeout:5167ms
2019-09-16 20:47:52,365 [Thread-1012] INFO  impl.RoleInfo (RoleInfo.java:shutdownFollowerState(121)) - 9182e049-55d9-4dcd-8242-d7eaef939001: shutdown FollowerState
2019-09-16 20:47:52,365 [Thread-1012] INFO  impl.RaftServerImpl (RaftServerImpl.java:setRole(174)) - 9182e049-55d9-4dcd-8242-d7eaef939001@group-9C1F0154165B: changes role from  FOLLOWER to CANDIDATE at term 0 for changeToCandidate
2019-09-16 20:47:52,365 [Thread-1012] INFO  impl.RoleInfo (RoleInfo.java:updateAndGet(143)) - 9182e049-55d9-4dcd-8242-d7eaef939001: start LeaderElection
2019-09-16 20:47:52,454 [3f877d93-3bef-4ece-a5ae-026bca78fba9@group-CFD85B6F813A-SegmentedRaftLogWorker] INFO  segmented.SegmentedRaftLogWorker (SegmentedRaftLogWorker.java:execute(569)) - 3f877d93-3bef-4ece-a5ae-026bca78fba9@group-CFD85B6F813A-SegmentedRaftLogWorker: created new log segment /workdir/hadoop-ozone/integration-test/target/test-dir/MiniOzoneClusterImpl-d406ef66-dd47-42b2-9ed3-458d719ec871/datanode-0/data/ratis/d0143eab-5534-46f2-af0e-cfd85b6f813a/current/log_inprogress_0
2019-09-16 20:47:52,455 [9182e049-55d9-4dcd-8242-d7eaef939001@group-9C1F0154165B:LeaderElection47] INFO  impl.LeaderElection (LeaderElection.java:askForVotes(182)) - 9182e049-55d9-4dcd-8242-d7eaef939001@group-9C1F0154165B:LeaderElection47: begin an election at term 1 for -1: [9182e049-55d9-4dcd-8242-d7eaef939001:192.168.69.85:36434], old=null
2019-09-16 20:47:52,455 [9182e049-55d9-4dcd-8242-d7eaef939001@group-9C1F0154165B:LeaderElection47] INFO  impl.RoleInfo (RoleInfo.java:shutdownLeaderElection(134)) - 9182e049-55d9-4dcd-8242-d7eaef939001: shutdown LeaderElection
2019-09-16 20:47:52,455 [9182e049-55d9-4dcd-8242-d7eaef939001@group-9C1F0154165B:LeaderElection47] INFO  impl.RaftServerImpl (RaftServerImpl.java:setRole(174)) - 9182e049-55d9-4dcd-8242-d7eaef939001@group-9C1F0154165B: changes role from CANDIDATE to LEADER at term 1 for changeToLeader
2019-09-16 20:47:52,455 [9182e049-55d9-4dcd-8242-d7eaef939001@group-9C1F0154165B:LeaderElection47] INFO  impl.RaftServerImpl (ServerState.java:setLeader(253)) - 9182e049-55d9-4dcd-8242-d7eaef939001@group-9C1F0154165B: change Leader from null to 9182e049-55d9-4dcd-8242-d7eaef939001 at term 1 for becomeLeader, leader elected after 5267ms
2019-09-16 20:47:52,458 [9182e049-55d9-4dcd-8242-d7eaef939001@group-9C1F0154165B:LeaderElection47] INFO  server.RaftServerConfigKeys (ConfUtils.java:logGet(43)) - raft.server.staging.catchup.gap = 1000 (default)
2019-09-16 20:47:52,458 [9182e049-55d9-4dcd-8242-d7eaef939001@group-9C1F0154165B:LeaderElection47] INFO  server.RaftServerConfigKeys (ConfUtils.java:logGet(43)) - raft.server.rpc.sleep.time = 25ms (default)
2019-09-16 20:47:52,458 [9182e049-55d9-4dcd-8242-d7eaef939001@group-9C1F0154165B:LeaderElection47] INFO  server.RaftServerConfigKeys (ConfUtils.java:logGet(43)) - raft.server.write.element-limit = 4096 (default)
2019-09-16 20:47:52,459 [9182e049-55d9-4dcd-8242-d7eaef939001@group-9C1F0154165B:LeaderElection47] INFO  server.RaftServerConfigKeys (ConfUtils.java:logGet(43)) - raft.server.watch.timeout = 10s (default)
2019-09-16 20:47:52,459 [9182e049-55d9-4dcd-8242-d7eaef939001@group-9C1F0154165B:LeaderElection47] INFO  server.RaftServerConfigKeys (ConfUtils.java:logGet(43)) - raft.server.watch.timeout.denomination = 1s (default)
2019-09-16 20:47:52,459 [9182e049-55d9-4dcd-8242-d7eaef939001@group-9C1F0154165B:LeaderElection47] INFO  server.RaftServerConfigKeys (ConfUtils.java:logGet(43)) - raft.server.watch.element-limit = 65536 (default)
2019-09-16 20:47:52,462 [9182e049-55d9-4dcd-8242-d7eaef939001@group-9C1F0154165B:LeaderElection47] INFO  impl.RoleInfo (RoleInfo.java:updateAndGet(143)) - 9182e049-55d9-4dcd-8242-d7eaef939001: start LeaderState
2019-09-16 20:47:52,462 [9182e049-55d9-4dcd-8242-d7eaef939001@group-9C1F0154165B:LeaderElection47] INFO  segmented.SegmentedRaftLogWorker (SegmentedRaftLogWorker.java:startLogSegment(380)) - 9182e049-55d9-4dcd-8242-d7eaef939001@group-9C1F0154165B-SegmentedRaftLogWorker: Starting segment from index:0
2019-09-16 20:47:52,463 [9182e049-55d9-4dcd-8242-d7eaef939001@group-9C1F0154165B:LeaderElection47] INFO  impl.RaftServerImpl (ServerState.java:setRaftConf(354)) - 9182e049-55d9-4dcd-8242-d7eaef939001@group-9C1F0154165B: set configuration 0: [9182e049-55d9-4dcd-8242-d7eaef939001:192.168.69.85:36434], old=null at 0
2019-09-16 20:47:52,531 [Thread-1015] INFO  impl.FollowerState (FollowerState.java:run(106)) - 7d5ab8fe-4398-4c7a-833f-a2ebf83d2b30:group-652D4230709A changes to CANDIDATE, lastRpcTime:5175, electionTimeout:5175ms
2019-09-16 20:47:52,531 [Thread-1015] INFO  impl.RoleInfo (RoleInfo.java:shutdownFollowerState(121)) - 7d5ab8fe-4398-4c7a-833f-a2ebf83d2b30: shutdown FollowerState
2019-09-16 20:47:52,531 [Thread-1015] INFO  impl.RaftServerImpl (RaftServerImpl.java:setRole(174)) - 7d5ab8fe-4398-4c7a-833f-a2ebf83d2b30@group-652D4230709A: changes role from  FOLLOWER to CANDIDATE at term 0 for changeToCandidate
2019-09-16 20:47:52,531 [Thread-1015] INFO  impl.RoleInfo (RoleInfo.java:updateAndGet(143)) - 7d5ab8fe-4398-4c7a-833f-a2ebf83d2b30: start LeaderElection
2019-09-16 20:47:52,538 [9182e049-55d9-4dcd-8242-d7eaef939001@group-9C1F0154165B-SegmentedRaftLogWorker] INFO  segmented.SegmentedRaftLogWorker (SegmentedRaftLogWorker.java:execute(569)) - 9182e049-55d9-4dcd-8242-d7eaef939001@group-9C1F0154165B-SegmentedRaftLogWorker: created new log segment /workdir/hadoop-ozone/integration-test/target/test-dir/MiniOzoneClusterImpl-d406ef66-dd47-42b2-9ed3-458d719ec871/datanode-1/data/ratis/19e54925-7292-404b-adbe-9c1f0154165b/current/log_inprogress_0
2019-09-16 20:47:52,598 [Thread-1018] INFO  impl.FollowerState (FollowerState.java:run(106)) - 67ec2c46-e6a3-41dc-8686-1106750fbf03:group-CAB6BA55FBAE changes to CANDIDATE, lastRpcTime:5074, electionTimeout:5074ms
2019-09-16 20:47:52,598 [Thread-1018] INFO  impl.RoleInfo (RoleInfo.java:shutdownFollowerState(121)) - 67ec2c46-e6a3-41dc-8686-1106750fbf03: shutdown FollowerState
2019-09-16 20:47:52,598 [Thread-1018] INFO  impl.RaftServerImpl (RaftServerImpl.java:setRole(174)) - 67ec2c46-e6a3-41dc-8686-1106750fbf03@group-CAB6BA55FBAE: changes role from  FOLLOWER to CANDIDATE at term 0 for changeToCandidate
2019-09-16 20:47:52,598 [Thread-1018] INFO  impl.RoleInfo (RoleInfo.java:updateAndGet(143)) - 67ec2c46-e6a3-41dc-8686-1106750fbf03: start LeaderElection
2019-09-16 20:47:52,616 [7d5ab8fe-4398-4c7a-833f-a2ebf83d2b30@group-652D4230709A:LeaderElection48] INFO  impl.LeaderElection (LeaderElection.java:askForVotes(182)) - 7d5ab8fe-4398-4c7a-833f-a2ebf83d2b30@group-652D4230709A:LeaderElection48: begin an election at term 1 for -1: [7d5ab8fe-4398-4c7a-833f-a2ebf83d2b30:192.168.69.85:33293], old=null
2019-09-16 20:47:52,616 [7d5ab8fe-4398-4c7a-833f-a2ebf83d2b30@group-652D4230709A:LeaderElection48] INFO  impl.RoleInfo (RoleInfo.java:shutdownLeaderElection(134)) - 7d5ab8fe-4398-4c7a-833f-a2ebf83d2b30: shutdown LeaderElection
2019-09-16 20:47:52,616 [7d5ab8fe-4398-4c7a-833f-a2ebf83d2b30@group-652D4230709A:LeaderElection48] INFO  impl.RaftServerImpl (RaftServerImpl.java:setRole(174)) - 7d5ab8fe-4398-4c7a-833f-a2ebf83d2b30@group-652D4230709A: changes role from CANDIDATE to LEADER at term 1 for changeToLeader
2019-09-16 20:47:52,617 [7d5ab8fe-4398-4c7a-833f-a2ebf83d2b30@group-652D4230709A:LeaderElection48] INFO  impl.RaftServerImpl (ServerState.java:setLeader(253)) - 7d5ab8fe-4398-4c7a-833f-a2ebf83d2b30@group-652D4230709A: change Leader from null to 7d5ab8fe-4398-4c7a-833f-a2ebf83d2b30 at term 1 for becomeLeader, leader elected after 5270ms
2019-09-16 20:47:52,619 [7d5ab8fe-4398-4c7a-833f-a2ebf83d2b30@group-652D4230709A:LeaderElection48] INFO  server.RaftServerConfigKeys (ConfUtils.java:logGet(43)) - raft.server.staging.catchup.gap = 1000 (default)
2019-09-16 20:47:52,619 [7d5ab8fe-4398-4c7a-833f-a2ebf83d2b30@group-652D4230709A:LeaderElection48] INFO  server.RaftServerConfigKeys (ConfUtils.java:logGet(43)) - raft.server.rpc.sleep.time = 25ms (default)
2019-09-16 20:47:52,620 [7d5ab8fe-4398-4c7a-833f-a2ebf83d2b30@group-652D4230709A:LeaderElection48] INFO  server.RaftServerConfigKeys (ConfUtils.java:logGet(43)) - raft.server.write.element-limit = 4096 (default)
2019-09-16 20:47:52,620 [7d5ab8fe-4398-4c7a-833f-a2ebf83d2b30@group-652D4230709A:LeaderElection48] INFO  server.RaftServerConfigKeys (ConfUtils.java:logGet(43)) - raft.server.watch.timeout = 10s (default)
2019-09-16 20:47:52,620 [7d5ab8fe-4398-4c7a-833f-a2ebf83d2b30@group-652D4230709A:LeaderElection48] INFO  server.RaftServerConfigKeys (ConfUtils.java:logGet(43)) - raft.server.watch.timeout.denomination = 1s (default)
2019-09-16 20:47:52,620 [7d5ab8fe-4398-4c7a-833f-a2ebf83d2b30@group-652D4230709A:LeaderElection48] INFO  server.RaftServerConfigKeys (ConfUtils.java:logGet(43)) - raft.server.watch.element-limit = 65536 (default)
2019-09-16 20:47:52,623 [7d5ab8fe-4398-4c7a-833f-a2ebf83d2b30@group-652D4230709A:LeaderElection48] INFO  impl.RoleInfo (RoleInfo.java:updateAndGet(143)) - 7d5ab8fe-4398-4c7a-833f-a2ebf83d2b30: start LeaderState
2019-09-16 20:47:52,623 [7d5ab8fe-4398-4c7a-833f-a2ebf83d2b30@group-652D4230709A:LeaderElection48] INFO  segmented.SegmentedRaftLogWorker (SegmentedRaftLogWorker.java:startLogSegment(380)) - 7d5ab8fe-4398-4c7a-833f-a2ebf83d2b30@group-652D4230709A-SegmentedRaftLogWorker: Starting segment from index:0
2019-09-16 20:47:52,623 [7d5ab8fe-4398-4c7a-833f-a2ebf83d2b30@group-652D4230709A:LeaderElection48] INFO  impl.RaftServerImpl (ServerState.java:setRaftConf(354)) - 7d5ab8fe-4398-4c7a-833f-a2ebf83d2b30@group-652D4230709A: set configuration 0: [7d5ab8fe-4398-4c7a-833f-a2ebf83d2b30:192.168.69.85:33293], old=null at 0
2019-09-16 20:47:52,701 [67ec2c46-e6a3-41dc-8686-1106750fbf03@group-CAB6BA55FBAE:LeaderElection49] INFO  impl.LeaderElection (LeaderElection.java:askForVotes(182)) - 67ec2c46-e6a3-41dc-8686-1106750fbf03@group-CAB6BA55FBAE:LeaderElection49: begin an election at term 1 for -1: [67ec2c46-e6a3-41dc-8686-1106750fbf03:192.168.69.85:35372], old=null
2019-09-16 20:47:52,701 [67ec2c46-e6a3-41dc-8686-1106750fbf03@group-CAB6BA55FBAE:LeaderElection49] INFO  impl.RoleInfo (RoleInfo.java:shutdownLeaderElection(134)) - 67ec2c46-e6a3-41dc-8686-1106750fbf03: shutdown LeaderElection
2019-09-16 20:47:52,701 [67ec2c46-e6a3-41dc-8686-1106750fbf03@group-CAB6BA55FBAE:LeaderElection49] INFO  impl.RaftServerImpl (RaftServerImpl.java:setRole(174)) - 67ec2c46-e6a3-41dc-8686-1106750fbf03@group-CAB6BA55FBAE: changes role from CANDIDATE to LEADER at term 1 for changeToLeader
2019-09-16 20:47:52,701 [67ec2c46-e6a3-41dc-8686-1106750fbf03@group-CAB6BA55FBAE:LeaderElection49] INFO  impl.RaftServerImpl (ServerState.java:setLeader(253)) - 67ec2c46-e6a3-41dc-8686-1106750fbf03@group-CAB6BA55FBAE: change Leader from null to 67ec2c46-e6a3-41dc-8686-1106750fbf03 at term 1 for becomeLeader, leader elected after 5187ms
2019-09-16 20:47:52,704 [67ec2c46-e6a3-41dc-8686-1106750fbf03@group-CAB6BA55FBAE:LeaderElection49] INFO  server.RaftServerConfigKeys (ConfUtils.java:logGet(43)) - raft.server.staging.catchup.gap = 1000 (default)
2019-09-16 20:47:52,704 [67ec2c46-e6a3-41dc-8686-1106750fbf03@group-CAB6BA55FBAE:LeaderElection49] INFO  server.RaftServerConfigKeys (ConfUtils.java:logGet(43)) - raft.server.rpc.sleep.time = 25ms (default)
2019-09-16 20:47:52,704 [67ec2c46-e6a3-41dc-8686-1106750fbf03@group-CAB6BA55FBAE:LeaderElection49] INFO  server.RaftServerConfigKeys (ConfUtils.java:logGet(43)) - raft.server.write.element-limit = 4096 (default)
2019-09-16 20:47:52,704 [67ec2c46-e6a3-41dc-8686-1106750fbf03@group-CAB6BA55FBAE:LeaderElection49] INFO  server.RaftServerConfigKeys (ConfUtils.java:logGet(43)) - raft.server.watch.timeout = 10s (default)
2019-09-16 20:47:52,705 [67ec2c46-e6a3-41dc-8686-1106750fbf03@group-CAB6BA55FBAE:LeaderElection49] INFO  server.RaftServerConfigKeys (ConfUtils.java:logGet(43)) - raft.server.watch.timeout.denomination = 1s (default)
2019-09-16 20:47:52,705 [67ec2c46-e6a3-41dc-8686-1106750fbf03@group-CAB6BA55FBAE:LeaderElection49] INFO  server.RaftServerConfigKeys (ConfUtils.java:logGet(43)) - raft.server.watch.element-limit = 65536 (default)
2019-09-16 20:47:52,707 [67ec2c46-e6a3-41dc-8686-1106750fbf03@group-CAB6BA55FBAE:LeaderElection49] INFO  impl.RoleInfo (RoleInfo.java:updateAndGet(143)) - 67ec2c46-e6a3-41dc-8686-1106750fbf03: start LeaderState
2019-09-16 20:47:52,708 [67ec2c46-e6a3-41dc-8686-1106750fbf03@group-CAB6BA55FBAE:LeaderElection49] INFO  segmented.SegmentedRaftLogWorker (SegmentedRaftLogWorker.java:startLogSegment(380)) - 67ec2c46-e6a3-41dc-8686-1106750fbf03@group-CAB6BA55FBAE-SegmentedRaftLogWorker: Starting segment from index:0
2019-09-16 20:47:52,708 [67ec2c46-e6a3-41dc-8686-1106750fbf03@group-CAB6BA55FBAE:LeaderElection49] INFO  impl.RaftServerImpl (ServerState.java:setRaftConf(354)) - 67ec2c46-e6a3-41dc-8686-1106750fbf03@group-CAB6BA55FBAE: set configuration 0: [67ec2c46-e6a3-41dc-8686-1106750fbf03:192.168.69.85:35372], old=null at 0
2019-09-16 20:47:52,746 [7d5ab8fe-4398-4c7a-833f-a2ebf83d2b30@group-652D4230709A-SegmentedRaftLogWorker] INFO  segmented.SegmentedRaftLogWorker (SegmentedRaftLogWorker.java:execute(569)) - 7d5ab8fe-4398-4c7a-833f-a2ebf83d2b30@group-652D4230709A-SegmentedRaftLogWorker: created new log segment /workdir/hadoop-ozone/integration-test/target/test-dir/MiniOzoneClusterImpl-d406ef66-dd47-42b2-9ed3-458d719ec871/datanode-2/data/ratis/9f009ff7-b894-423c-b23d-652d4230709a/current/log_inprogress_0
2019-09-16 20:47:52,747 [Thread-1021] INFO  impl.FollowerState (FollowerState.java:run(106)) - d68b6256-2cf5-4d29-880d-3f15bf69885c:group-A61C84440D5E changes to CANDIDATE, lastRpcTime:5031, electionTimeout:5031ms
2019-09-16 20:47:52,747 [Thread-1021] INFO  impl.RoleInfo (RoleInfo.java:shutdownFollowerState(121)) - d68b6256-2cf5-4d29-880d-3f15bf69885c: shutdown FollowerState
2019-09-16 20:47:52,747 [Thread-1021] INFO  impl.RaftServerImpl (RaftServerImpl.java:setRole(174)) - d68b6256-2cf5-4d29-880d-3f15bf69885c@group-A61C84440D5E: changes role from  FOLLOWER to CANDIDATE at term 0 for changeToCandidate
2019-09-16 20:47:52,747 [Thread-1021] INFO  impl.RoleInfo (RoleInfo.java:updateAndGet(143)) - d68b6256-2cf5-4d29-880d-3f15bf69885c: start LeaderElection
2019-09-16 20:47:52,785 [67ec2c46-e6a3-41dc-8686-1106750fbf03@group-CAB6BA55FBAE-SegmentedRaftLogWorker] INFO  segmented.SegmentedRaftLogWorker (SegmentedRaftLogWorker.java:execute(569)) - 67ec2c46-e6a3-41dc-8686-1106750fbf03@group-CAB6BA55FBAE-SegmentedRaftLogWorker: created new log segment /workdir/hadoop-ozone/integration-test/target/test-dir/MiniOzoneClusterImpl-d406ef66-dd47-42b2-9ed3-458d719ec871/datanode-4/data/ratis/9817aff6-7467-448c-8c2b-cab6ba55fbae/current/log_inprogress_0
2019-09-16 20:47:52,785 [d68b6256-2cf5-4d29-880d-3f15bf69885c@group-A61C84440D5E:LeaderElection50] INFO  impl.LeaderElection (LeaderElection.java:askForVotes(182)) - d68b6256-2cf5-4d29-880d-3f15bf69885c@group-A61C84440D5E:LeaderElection50: begin an election at term 1 for -1: [d68b6256-2cf5-4d29-880d-3f15bf69885c:192.168.69.85:35451], old=null
2019-09-16 20:47:52,785 [d68b6256-2cf5-4d29-880d-3f15bf69885c@group-A61C84440D5E:LeaderElection50] INFO  impl.RoleInfo (RoleInfo.java:shutdownLeaderElection(134)) - d68b6256-2cf5-4d29-880d-3f15bf69885c: shutdown LeaderElection
2019-09-16 20:47:52,786 [d68b6256-2cf5-4d29-880d-3f15bf69885c@group-A61C84440D5E:LeaderElection50] INFO  impl.RaftServerImpl (RaftServerImpl.java:setRole(174)) - d68b6256-2cf5-4d29-880d-3f15bf69885c@group-A61C84440D5E: changes role from CANDIDATE to LEADER at term 1 for changeToLeader
2019-09-16 20:47:52,786 [d68b6256-2cf5-4d29-880d-3f15bf69885c@group-A61C84440D5E:LeaderElection50] INFO  impl.RaftServerImpl (ServerState.java:setLeader(253)) - d68b6256-2cf5-4d29-880d-3f15bf69885c@group-A61C84440D5E: change Leader from null to d68b6256-2cf5-4d29-880d-3f15bf69885c at term 1 for becomeLeader, leader elected after 5080ms
2019-09-16 20:47:52,788 [d68b6256-2cf5-4d29-880d-3f15bf69885c@group-A61C84440D5E:LeaderElection50] INFO  server.RaftServerConfigKeys (ConfUtils.java:logGet(43)) - raft.server.staging.catchup.gap = 1000 (default)
2019-09-16 20:47:52,789 [d68b6256-2cf5-4d29-880d-3f15bf69885c@group-A61C84440D5E:LeaderElection50] INFO  server.RaftServerConfigKeys (ConfUtils.java:logGet(43)) - raft.server.rpc.sleep.time = 25ms (default)
2019-09-16 20:47:52,789 [d68b6256-2cf5-4d29-880d-3f15bf69885c@group-A61C84440D5E:LeaderElection50] INFO  server.RaftServerConfigKeys (ConfUtils.java:logGet(43)) - raft.server.write.element-limit = 4096 (default)
2019-09-16 20:47:52,789 [d68b6256-2cf5-4d29-880d-3f15bf69885c@group-A61C84440D5E:LeaderElection50] INFO  server.RaftServerConfigKeys (ConfUtils.java:logGet(43)) - raft.server.watch.timeout = 10s (default)
2019-09-16 20:47:52,789 [d68b6256-2cf5-4d29-880d-3f15bf69885c@group-A61C84440D5E:LeaderElection50] INFO  server.RaftServerConfigKeys (ConfUtils.java:logGet(43)) - raft.server.watch.timeout.denomination = 1s (default)
2019-09-16 20:47:52,789 [d68b6256-2cf5-4d29-880d-3f15bf69885c@group-A61C84440D5E:LeaderElection50] INFO  server.RaftServerConfigKeys (ConfUtils.java:logGet(43)) - raft.server.watch.element-limit = 65536 (default)
2019-09-16 20:47:52,792 [d68b6256-2cf5-4d29-880d-3f15bf69885c@group-A61C84440D5E:LeaderElection50] INFO  impl.RoleInfo (RoleInfo.java:updateAndGet(143)) - d68b6256-2cf5-4d29-880d-3f15bf69885c: start LeaderState
2019-09-16 20:47:52,792 [d68b6256-2cf5-4d29-880d-3f15bf69885c@group-A61C84440D5E:LeaderElection50] INFO  segmented.SegmentedRaftLogWorker (SegmentedRaftLogWorker.java:startLogSegment(380)) - d68b6256-2cf5-4d29-880d-3f15bf69885c@group-A61C84440D5E-SegmentedRaftLogWorker: Starting segment from index:0
2019-09-16 20:47:52,793 [d68b6256-2cf5-4d29-880d-3f15bf69885c@group-A61C84440D5E:LeaderElection50] INFO  impl.RaftServerImpl (ServerState.java:setRaftConf(354)) - d68b6256-2cf5-4d29-880d-3f15bf69885c@group-A61C84440D5E: set configuration 0: [d68b6256-2cf5-4d29-880d-3f15bf69885c:192.168.69.85:35451], old=null at 0
2019-09-16 20:47:52,897 [d68b6256-2cf5-4d29-880d-3f15bf69885c@group-A61C84440D5E-SegmentedRaftLogWorker] INFO  segmented.SegmentedRaftLogWorker (SegmentedRaftLogWorker.java:execute(569)) - d68b6256-2cf5-4d29-880d-3f15bf69885c@group-A61C84440D5E-SegmentedRaftLogWorker: created new log segment /workdir/hadoop-ozone/integration-test/target/test-dir/MiniOzoneClusterImpl-d406ef66-dd47-42b2-9ed3-458d719ec871/datanode-5/data/ratis/de00fa73-ceb1-4ea1-bcd4-a61c84440d5e/current/log_inprogress_0
2019-09-16 20:47:52,930 [grpc-default-executor-4] INFO  client.GrpcClientProtocolClient (GrpcClientProtocolClient.java:onNext(264)) - client-8A90AA4ED583->3f877d93-3bef-4ece-a5ae-026bca78fba9: receive RaftClientReply:client-8A90AA4ED583->3f877d93-3bef-4ece-a5ae-026bca78fba9@group-BCCA5552C71D, cid=50, FAILED org.apache.ratis.protocol.NotLeaderException: Server 3f877d93-3bef-4ece-a5ae-026bca78fba9@group-BCCA5552C71D is not the leader, logIndex=0, commits[3f877d93-3bef-4ece-a5ae-026bca78fba9:c-1]
2019-09-16 20:47:52,932 [Thread-1024] INFO  impl.FollowerState (FollowerState.java:run(106)) - 2567daec-5f37-42ba-b893-366bc09983f6:group-0CBD4B97B669 changes to CANDIDATE, lastRpcTime:5118, electionTimeout:5118ms
2019-09-16 20:47:52,937 [Thread-1024] INFO  impl.RoleInfo (RoleInfo.java:shutdownFollowerState(121)) - 2567daec-5f37-42ba-b893-366bc09983f6: shutdown FollowerState
2019-09-16 20:47:52,937 [Thread-1024] INFO  impl.RaftServerImpl (RaftServerImpl.java:setRole(174)) - 2567daec-5f37-42ba-b893-366bc09983f6@group-0CBD4B97B669: changes role from  FOLLOWER to CANDIDATE at term 0 for changeToCandidate
2019-09-16 20:47:52,937 [Thread-1024] INFO  impl.RoleInfo (RoleInfo.java:updateAndGet(143)) - 2567daec-5f37-42ba-b893-366bc09983f6: start LeaderElection
2019-09-16 20:47:52,985 [2567daec-5f37-42ba-b893-366bc09983f6@group-0CBD4B97B669:LeaderElection51] INFO  impl.LeaderElection (LeaderElection.java:askForVotes(182)) - 2567daec-5f37-42ba-b893-366bc09983f6@group-0CBD4B97B669:LeaderElection51: begin an election at term 1 for -1: [2567daec-5f37-42ba-b893-366bc09983f6:192.168.69.85:36953], old=null
2019-09-16 20:47:52,985 [2567daec-5f37-42ba-b893-366bc09983f6@group-0CBD4B97B669:LeaderElection51] INFO  impl.RoleInfo (RoleInfo.java:shutdownLeaderElection(134)) - 2567daec-5f37-42ba-b893-366bc09983f6: shutdown LeaderElection
2019-09-16 20:47:52,985 [2567daec-5f37-42ba-b893-366bc09983f6@group-0CBD4B97B669:LeaderElection51] INFO  impl.RaftServerImpl (RaftServerImpl.java:setRole(174)) - 2567daec-5f37-42ba-b893-366bc09983f6@group-0CBD4B97B669: changes role from CANDIDATE to LEADER at term 1 for changeToLeader
2019-09-16 20:47:52,985 [2567daec-5f37-42ba-b893-366bc09983f6@group-0CBD4B97B669:LeaderElection51] INFO  impl.RaftServerImpl (ServerState.java:setLeader(253)) - 2567daec-5f37-42ba-b893-366bc09983f6@group-0CBD4B97B669: change Leader from null to 2567daec-5f37-42ba-b893-366bc09983f6 at term 1 for becomeLeader, leader elected after 5181ms
2019-09-16 20:47:52,993 [2567daec-5f37-42ba-b893-366bc09983f6@group-0CBD4B97B669:LeaderElection51] INFO  server.RaftServerConfigKeys (ConfUtils.java:logGet(43)) - raft.server.staging.catchup.gap = 1000 (default)
2019-09-16 20:47:52,993 [2567daec-5f37-42ba-b893-366bc09983f6@group-0CBD4B97B669:LeaderElection51] INFO  server.RaftServerConfigKeys (ConfUtils.java:logGet(43)) - raft.server.rpc.sleep.time = 25ms (default)
2019-09-16 20:47:52,994 [2567daec-5f37-42ba-b893-366bc09983f6@group-0CBD4B97B669:LeaderElection51] INFO  server.RaftServerConfigKeys (ConfUtils.java:logGet(43)) - raft.server.write.element-limit = 4096 (default)
2019-09-16 20:47:52,994 [2567daec-5f37-42ba-b893-366bc09983f6@group-0CBD4B97B669:LeaderElection51] INFO  server.RaftServerConfigKeys (ConfUtils.java:logGet(43)) - raft.server.watch.timeout = 10s (default)
2019-09-16 20:47:52,994 [2567daec-5f37-42ba-b893-366bc09983f6@group-0CBD4B97B669:LeaderElection51] INFO  server.RaftServerConfigKeys (ConfUtils.java:logGet(43)) - raft.server.watch.timeout.denomination = 1s (default)
2019-09-16 20:47:52,994 [2567daec-5f37-42ba-b893-366bc09983f6@group-0CBD4B97B669:LeaderElection51] INFO  server.RaftServerConfigKeys (ConfUtils.java:logGet(43)) - raft.server.watch.element-limit = 65536 (default)
2019-09-16 20:47:52,997 [2567daec-5f37-42ba-b893-366bc09983f6@group-0CBD4B97B669:LeaderElection51] INFO  impl.RoleInfo (RoleInfo.java:updateAndGet(143)) - 2567daec-5f37-42ba-b893-366bc09983f6: start LeaderState
2019-09-16 20:47:52,997 [2567daec-5f37-42ba-b893-366bc09983f6@group-0CBD4B97B669:LeaderElection51] INFO  segmented.SegmentedRaftLogWorker (SegmentedRaftLogWorker.java:startLogSegment(380)) - 2567daec-5f37-42ba-b893-366bc09983f6@group-0CBD4B97B669-SegmentedRaftLogWorker: Starting segment from index:0
2019-09-16 20:47:52,998 [2567daec-5f37-42ba-b893-366bc09983f6@group-0CBD4B97B669:LeaderElection51] INFO  impl.RaftServerImpl (ServerState.java:setRaftConf(354)) - 2567daec-5f37-42ba-b893-366bc09983f6@group-0CBD4B97B669: set configuration 0: [2567daec-5f37-42ba-b893-366bc09983f6:192.168.69.85:36953], old=null at 0
2019-09-16 20:47:53,074 [2567daec-5f37-42ba-b893-366bc09983f6@group-0CBD4B97B669-SegmentedRaftLogWorker] INFO  segmented.SegmentedRaftLogWorker (SegmentedRaftLogWorker.java:execute(569)) - 2567daec-5f37-42ba-b893-366bc09983f6@group-0CBD4B97B669-SegmentedRaftLogWorker: created new log segment /workdir/hadoop-ozone/integration-test/target/test-dir/MiniOzoneClusterImpl-d406ef66-dd47-42b2-9ed3-458d719ec871/datanode-6/data/ratis/08f94e8a-109e-447f-b862-0cbd4b97b669/current/log_inprogress_0
2019-09-16 20:47:53,083 [Thread-1027] INFO  impl.FollowerState (FollowerState.java:run(106)) - 64b563ca-eba6-4805-b2f2-228efec1533e:group-235298D9987F changes to CANDIDATE, lastRpcTime:5159, electionTimeout:5159ms
2019-09-16 20:47:53,083 [Thread-1027] INFO  impl.RoleInfo (RoleInfo.java:shutdownFollowerState(121)) - 64b563ca-eba6-4805-b2f2-228efec1533e: shutdown FollowerState
2019-09-16 20:47:53,083 [Thread-1027] INFO  impl.RaftServerImpl (RaftServerImpl.java:setRole(174)) - 64b563ca-eba6-4805-b2f2-228efec1533e@group-235298D9987F: changes role from  FOLLOWER to CANDIDATE at term 0 for changeToCandidate
2019-09-16 20:47:53,083 [Thread-1027] INFO  impl.RoleInfo (RoleInfo.java:updateAndGet(143)) - 64b563ca-eba6-4805-b2f2-228efec1533e: start LeaderElection
2019-09-16 20:47:53,143 [64b563ca-eba6-4805-b2f2-228efec1533e@group-235298D9987F:LeaderElection52] INFO  impl.LeaderElection (LeaderElection.java:askForVotes(182)) - 64b563ca-eba6-4805-b2f2-228efec1533e@group-235298D9987F:LeaderElection52: begin an election at term 1 for -1: [64b563ca-eba6-4805-b2f2-228efec1533e:192.168.69.85:46805], old=null
2019-09-16 20:47:53,144 [64b563ca-eba6-4805-b2f2-228efec1533e@group-235298D9987F:LeaderElection52] INFO  impl.RoleInfo (RoleInfo.java:shutdownLeaderElection(134)) - 64b563ca-eba6-4805-b2f2-228efec1533e: shutdown LeaderElection
2019-09-16 20:47:53,144 [64b563ca-eba6-4805-b2f2-228efec1533e@group-235298D9987F:LeaderElection52] INFO  impl.RaftServerImpl (RaftServerImpl.java:setRole(174)) - 64b563ca-eba6-4805-b2f2-228efec1533e@group-235298D9987F: changes role from CANDIDATE to LEADER at term 1 for changeToLeader
2019-09-16 20:47:53,144 [64b563ca-eba6-4805-b2f2-228efec1533e@group-235298D9987F:LeaderElection52] INFO  impl.RaftServerImpl (ServerState.java:setLeader(253)) - 64b563ca-eba6-4805-b2f2-228efec1533e@group-235298D9987F: change Leader from null to 64b563ca-eba6-4805-b2f2-228efec1533e at term 1 for becomeLeader, leader elected after 5232ms
2019-09-16 20:47:53,144 [64b563ca-eba6-4805-b2f2-228efec1533e@group-235298D9987F:LeaderElection52] INFO  server.RaftServerConfigKeys (ConfUtils.java:logGet(43)) - raft.server.staging.catchup.gap = 1000 (default)
2019-09-16 20:47:53,144 [64b563ca-eba6-4805-b2f2-228efec1533e@group-235298D9987F:LeaderElection52] INFO  server.RaftServerConfigKeys (ConfUtils.java:logGet(43)) - raft.server.rpc.sleep.time = 25ms (default)
2019-09-16 20:47:53,144 [64b563ca-eba6-4805-b2f2-228efec1533e@group-235298D9987F:LeaderElection52] INFO  server.RaftServerConfigKeys (ConfUtils.java:logGet(43)) - raft.server.write.element-limit = 4096 (default)
2019-09-16 20:47:53,144 [64b563ca-eba6-4805-b2f2-228efec1533e@group-235298D9987F:LeaderElection52] INFO  server.RaftServerConfigKeys (ConfUtils.java:logGet(43)) - raft.server.watch.timeout = 10s (default)
2019-09-16 20:47:53,145 [64b563ca-eba6-4805-b2f2-228efec1533e@group-235298D9987F:LeaderElection52] INFO  server.RaftServerConfigKeys (ConfUtils.java:logGet(43)) - raft.server.watch.timeout.denomination = 1s (default)
2019-09-16 20:47:53,145 [64b563ca-eba6-4805-b2f2-228efec1533e@group-235298D9987F:LeaderElection52] INFO  server.RaftServerConfigKeys (ConfUtils.java:logGet(43)) - raft.server.watch.element-limit = 65536 (default)
2019-09-16 20:47:53,147 [64b563ca-eba6-4805-b2f2-228efec1533e@group-235298D9987F:LeaderElection52] INFO  impl.RoleInfo (RoleInfo.java:updateAndGet(143)) - 64b563ca-eba6-4805-b2f2-228efec1533e: start LeaderState
2019-09-16 20:47:53,147 [64b563ca-eba6-4805-b2f2-228efec1533e@group-235298D9987F:LeaderElection52] INFO  segmented.SegmentedRaftLogWorker (SegmentedRaftLogWorker.java:startLogSegment(380)) - 64b563ca-eba6-4805-b2f2-228efec1533e@group-235298D9987F-SegmentedRaftLogWorker: Starting segment from index:0
2019-09-16 20:47:53,148 [64b563ca-eba6-4805-b2f2-228efec1533e@group-235298D9987F:LeaderElection52] INFO  impl.RaftServerImpl (ServerState.java:setRaftConf(354)) - 64b563ca-eba6-4805-b2f2-228efec1533e@group-235298D9987F: set configuration 0: [64b563ca-eba6-4805-b2f2-228efec1533e:192.168.69.85:46805], old=null at 0
2019-09-16 20:47:53,234 [64b563ca-eba6-4805-b2f2-228efec1533e@group-235298D9987F-SegmentedRaftLogWorker] INFO  segmented.SegmentedRaftLogWorker (SegmentedRaftLogWorker.java:execute(569)) - 64b563ca-eba6-4805-b2f2-228efec1533e@group-235298D9987F-SegmentedRaftLogWorker: created new log segment /workdir/hadoop-ozone/integration-test/target/test-dir/MiniOzoneClusterImpl-d406ef66-dd47-42b2-9ed3-458d719ec871/datanode-3/data/ratis/d9d59381-b8ed-45c8-9f2c-235298d9987f/current/log_inprogress_0
2019-09-16 20:47:53,242 [Thread-1033] INFO  impl.FollowerState (FollowerState.java:run(106)) - 9182e049-55d9-4dcd-8242-d7eaef939001:group-BCCA5552C71D changes to CANDIDATE, lastRpcTime:5141, electionTimeout:5141ms
2019-09-16 20:47:53,242 [Thread-1036] INFO  impl.FollowerState (FollowerState.java:run(106)) - 2567daec-5f37-42ba-b893-366bc09983f6:group-BCCA5552C71D changes to CANDIDATE, lastRpcTime:5140, electionTimeout:5140ms
2019-09-16 20:47:53,242 [Thread-1033] INFO  impl.RoleInfo (RoleInfo.java:shutdownFollowerState(121)) - 9182e049-55d9-4dcd-8242-d7eaef939001: shutdown FollowerState
2019-09-16 20:47:53,242 [Thread-1036] INFO  impl.RoleInfo (RoleInfo.java:shutdownFollowerState(121)) - 2567daec-5f37-42ba-b893-366bc09983f6: shutdown FollowerState
2019-09-16 20:47:53,243 [Thread-1033] INFO  impl.RaftServerImpl (RaftServerImpl.java:setRole(174)) - 9182e049-55d9-4dcd-8242-d7eaef939001@group-BCCA5552C71D: changes role from  FOLLOWER to CANDIDATE at term 0 for changeToCandidate
2019-09-16 20:47:53,243 [Thread-1036] INFO  impl.RaftServerImpl (RaftServerImpl.java:setRole(174)) - 2567daec-5f37-42ba-b893-366bc09983f6@group-BCCA5552C71D: changes role from  FOLLOWER to CANDIDATE at term 0 for changeToCandidate
2019-09-16 20:47:53,243 [Thread-1033] INFO  impl.RoleInfo (RoleInfo.java:updateAndGet(143)) - 9182e049-55d9-4dcd-8242-d7eaef939001: start LeaderElection
2019-09-16 20:47:53,243 [Thread-1036] INFO  impl.RoleInfo (RoleInfo.java:updateAndGet(143)) - 2567daec-5f37-42ba-b893-366bc09983f6: start LeaderElection
2019-09-16 20:47:53,259 [Thread-1032] INFO  impl.FollowerState (FollowerState.java:run(106)) - 3f877d93-3bef-4ece-a5ae-026bca78fba9:group-BCCA5552C71D changes to CANDIDATE, lastRpcTime:5158, electionTimeout:5158ms
2019-09-16 20:47:53,259 [Thread-1032] INFO  impl.RoleInfo (RoleInfo.java:shutdownFollowerState(121)) - 3f877d93-3bef-4ece-a5ae-026bca78fba9: shutdown FollowerState
2019-09-16 20:47:53,259 [Thread-1032] INFO  impl.RaftServerImpl (RaftServerImpl.java:setRole(174)) - 3f877d93-3bef-4ece-a5ae-026bca78fba9@group-BCCA5552C71D: changes role from  FOLLOWER to CANDIDATE at term 0 for changeToCandidate
2019-09-16 20:47:53,259 [Thread-1032] INFO  impl.RoleInfo (RoleInfo.java:updateAndGet(143)) - 3f877d93-3bef-4ece-a5ae-026bca78fba9: start LeaderElection
2019-09-16 20:47:53,327 [9182e049-55d9-4dcd-8242-d7eaef939001@group-BCCA5552C71D:LeaderElection53] INFO  impl.LeaderElection (LeaderElection.java:askForVotes(182)) - 9182e049-55d9-4dcd-8242-d7eaef939001@group-BCCA5552C71D:LeaderElection53: begin an election at term 1 for -1: [3f877d93-3bef-4ece-a5ae-026bca78fba9:192.168.69.85:46145, 2567daec-5f37-42ba-b893-366bc09983f6:192.168.69.85:36953, 9182e049-55d9-4dcd-8242-d7eaef939001:192.168.69.85:36434], old=null
2019-09-16 20:47:53,327 [2567daec-5f37-42ba-b893-366bc09983f6@group-BCCA5552C71D:LeaderElection54] INFO  impl.LeaderElection (LeaderElection.java:askForVotes(182)) - 2567daec-5f37-42ba-b893-366bc09983f6@group-BCCA5552C71D:LeaderElection54: begin an election at term 1 for -1: [3f877d93-3bef-4ece-a5ae-026bca78fba9:192.168.69.85:46145, 2567daec-5f37-42ba-b893-366bc09983f6:192.168.69.85:36953, 9182e049-55d9-4dcd-8242-d7eaef939001:192.168.69.85:36434], old=null
2019-09-16 20:47:53,350 [3f877d93-3bef-4ece-a5ae-026bca78fba9@group-BCCA5552C71D:LeaderElection55] INFO  impl.LeaderElection (LeaderElection.java:askForVotes(182)) - 3f877d93-3bef-4ece-a5ae-026bca78fba9@group-BCCA5552C71D:LeaderElection55: begin an election at term 1 for -1: [3f877d93-3bef-4ece-a5ae-026bca78fba9:192.168.69.85:46145, 2567daec-5f37-42ba-b893-366bc09983f6:192.168.69.85:36953, 9182e049-55d9-4dcd-8242-d7eaef939001:192.168.69.85:36434], old=null
2019-09-16 20:47:53,353 [Thread-1043] INFO  impl.FollowerState (FollowerState.java:run(106)) - d68b6256-2cf5-4d29-880d-3f15bf69885c:group-349C1C666A24 changes to CANDIDATE, lastRpcTime:5077, electionTimeout:5077ms
2019-09-16 20:47:53,353 [Thread-1043] INFO  impl.RoleInfo (RoleInfo.java:shutdownFollowerState(121)) - d68b6256-2cf5-4d29-880d-3f15bf69885c: shutdown FollowerState
2019-09-16 20:47:53,353 [2567daec-5f37-42ba-b893-366bc09983f6@group-BCCA5552C71D:LeaderElection54] INFO  impl.LeaderElection (LeaderElection.java:logAndReturn(56)) - 2567daec-5f37-42ba-b893-366bc09983f6@group-BCCA5552C71D:LeaderElection54: Election REJECTED; received 2 response(s) [2567daec-5f37-42ba-b893-366bc09983f6<-3f877d93-3bef-4ece-a5ae-026bca78fba9#0:FAIL-t1, 2567daec-5f37-42ba-b893-366bc09983f6<-9182e049-55d9-4dcd-8242-d7eaef939001#0:FAIL-t1] and 0 exception(s); 2567daec-5f37-42ba-b893-366bc09983f6@group-BCCA5552C71D:t1, leader=null, voted=2567daec-5f37-42ba-b893-366bc09983f6, raftlog=2567daec-5f37-42ba-b893-366bc09983f6@group-BCCA5552C71D-SegmentedRaftLog:OPENED:c-1,f-1,i0, conf=-1: [3f877d93-3bef-4ece-a5ae-026bca78fba9:192.168.69.85:46145, 2567daec-5f37-42ba-b893-366bc09983f6:192.168.69.85:36953, 9182e049-55d9-4dcd-8242-d7eaef939001:192.168.69.85:36434], old=null
2019-09-16 20:47:53,353 [Thread-1043] INFO  impl.RaftServerImpl (RaftServerImpl.java:setRole(174)) - d68b6256-2cf5-4d29-880d-3f15bf69885c@group-349C1C666A24: changes role from  FOLLOWER to CANDIDATE at term 0 for changeToCandidate
2019-09-16 20:47:53,356 [2567daec-5f37-42ba-b893-366bc09983f6@group-BCCA5552C71D:LeaderElection54] INFO  impl.RaftServerImpl (RaftServerImpl.java:setRole(174)) - 2567daec-5f37-42ba-b893-366bc09983f6@group-BCCA5552C71D: changes role from CANDIDATE to FOLLOWER at term 1 for DISCOVERED_A_NEW_TERM
2019-09-16 20:47:53,356 [9182e049-55d9-4dcd-8242-d7eaef939001@group-BCCA5552C71D:LeaderElection53] INFO  impl.LeaderElection (LeaderElection.java:logAndReturn(56)) - 9182e049-55d9-4dcd-8242-d7eaef939001@group-BCCA5552C71D:LeaderElection53: Election REJECTED; received 2 response(s) [9182e049-55d9-4dcd-8242-d7eaef939001<-3f877d93-3bef-4ece-a5ae-026bca78fba9#0:FAIL-t1, 9182e049-55d9-4dcd-8242-d7eaef939001<-2567daec-5f37-42ba-b893-366bc09983f6#0:FAIL-t1] and 0 exception(s); 9182e049-55d9-4dcd-8242-d7eaef939001@group-BCCA5552C71D:t1, leader=null, voted=9182e049-55d9-4dcd-8242-d7eaef939001, raftlog=9182e049-55d9-4dcd-8242-d7eaef939001@group-BCCA5552C71D-SegmentedRaftLog:OPENED:c-1,f-1,i0, conf=-1: [3f877d93-3bef-4ece-a5ae-026bca78fba9:192.168.69.85:46145, 2567daec-5f37-42ba-b893-366bc09983f6:192.168.69.85:36953, 9182e049-55d9-4dcd-8242-d7eaef939001:192.168.69.85:36434], old=null
2019-09-16 20:47:53,356 [Thread-1043] INFO  impl.RoleInfo (RoleInfo.java:updateAndGet(143)) - d68b6256-2cf5-4d29-880d-3f15bf69885c: start LeaderElection
2019-09-16 20:47:53,356 [9182e049-55d9-4dcd-8242-d7eaef939001@group-BCCA5552C71D:LeaderElection53] INFO  impl.RaftServerImpl (RaftServerImpl.java:setRole(174)) - 9182e049-55d9-4dcd-8242-d7eaef939001@group-BCCA5552C71D: changes role from CANDIDATE to FOLLOWER at term 1 for DISCOVERED_A_NEW_TERM
2019-09-16 20:47:53,356 [9182e049-55d9-4dcd-8242-d7eaef939001@group-BCCA5552C71D:LeaderElection53] INFO  impl.RoleInfo (RoleInfo.java:shutdownLeaderElection(134)) - 9182e049-55d9-4dcd-8242-d7eaef939001: shutdown LeaderElection
2019-09-16 20:47:53,356 [2567daec-5f37-42ba-b893-366bc09983f6@group-BCCA5552C71D:LeaderElection54] INFO  impl.RoleInfo (RoleInfo.java:shutdownLeaderElection(134)) - 2567daec-5f37-42ba-b893-366bc09983f6: shutdown LeaderElection
2019-09-16 20:47:53,357 [9182e049-55d9-4dcd-8242-d7eaef939001@group-BCCA5552C71D:LeaderElection53] INFO  impl.RoleInfo (RoleInfo.java:updateAndGet(143)) - 9182e049-55d9-4dcd-8242-d7eaef939001: start FollowerState
2019-09-16 20:47:53,359 [2567daec-5f37-42ba-b893-366bc09983f6@group-BCCA5552C71D:LeaderElection54] INFO  impl.RoleInfo (RoleInfo.java:updateAndGet(143)) - 2567daec-5f37-42ba-b893-366bc09983f6: start FollowerState
2019-09-16 20:47:53,373 [3f877d93-3bef-4ece-a5ae-026bca78fba9@group-BCCA5552C71D:LeaderElection55] INFO  impl.LeaderElection (LeaderElection.java:logAndReturn(56)) - 3f877d93-3bef-4ece-a5ae-026bca78fba9@group-BCCA5552C71D:LeaderElection55: Election REJECTED; received 2 response(s) [3f877d93-3bef-4ece-a5ae-026bca78fba9<-2567daec-5f37-42ba-b893-366bc09983f6#0:FAIL-t1, 3f877d93-3bef-4ece-a5ae-026bca78fba9<-9182e049-55d9-4dcd-8242-d7eaef939001#0:FAIL-t1] and 0 exception(s); 3f877d93-3bef-4ece-a5ae-026bca78fba9@group-BCCA5552C71D:t1, leader=null, voted=3f877d93-3bef-4ece-a5ae-026bca78fba9, raftlog=3f877d93-3bef-4ece-a5ae-026bca78fba9@group-BCCA5552C71D-SegmentedRaftLog:OPENED:c-1,f-1,i0, conf=-1: [3f877d93-3bef-4ece-a5ae-026bca78fba9:192.168.69.85:46145, 2567daec-5f37-42ba-b893-366bc09983f6:192.168.69.85:36953, 9182e049-55d9-4dcd-8242-d7eaef939001:192.168.69.85:36434], old=null
2019-09-16 20:47:53,373 [3f877d93-3bef-4ece-a5ae-026bca78fba9@group-BCCA5552C71D:LeaderElection55] INFO  impl.RaftServerImpl (RaftServerImpl.java:setRole(174)) - 3f877d93-3bef-4ece-a5ae-026bca78fba9@group-BCCA5552C71D: changes role from CANDIDATE to FOLLOWER at term 1 for DISCOVERED_A_NEW_TERM
2019-09-16 20:47:53,373 [3f877d93-3bef-4ece-a5ae-026bca78fba9@group-BCCA5552C71D:LeaderElection55] INFO  impl.RoleInfo (RoleInfo.java:shutdownLeaderElection(134)) - 3f877d93-3bef-4ece-a5ae-026bca78fba9: shutdown LeaderElection
2019-09-16 20:47:53,373 [3f877d93-3bef-4ece-a5ae-026bca78fba9@group-BCCA5552C71D:LeaderElection55] INFO  impl.RoleInfo (RoleInfo.java:updateAndGet(143)) - 3f877d93-3bef-4ece-a5ae-026bca78fba9: start FollowerState
2019-09-16 20:47:53,397 [Thread-1040] INFO  impl.FollowerState (FollowerState.java:run(106)) - 67ec2c46-e6a3-41dc-8686-1106750fbf03:group-349C1C666A24 changes to CANDIDATE, lastRpcTime:5129, electionTimeout:5129ms
2019-09-16 20:47:53,397 [Thread-1040] INFO  impl.RoleInfo (RoleInfo.java:shutdownFollowerState(121)) - 67ec2c46-e6a3-41dc-8686-1106750fbf03: shutdown FollowerState
2019-09-16 20:47:53,397 [Thread-1040] INFO  impl.RaftServerImpl (RaftServerImpl.java:setRole(174)) - 67ec2c46-e6a3-41dc-8686-1106750fbf03@group-349C1C666A24: changes role from  FOLLOWER to CANDIDATE at term 0 for changeToCandidate
2019-09-16 20:47:53,398 [Thread-1040] INFO  impl.RoleInfo (RoleInfo.java:updateAndGet(143)) - 67ec2c46-e6a3-41dc-8686-1106750fbf03: start LeaderElection
2019-09-16 20:47:53,436 [Thread-1044] INFO  impl.FollowerState (FollowerState.java:run(106)) - 7d5ab8fe-4398-4c7a-833f-a2ebf83d2b30:group-349C1C666A24 changes to CANDIDATE, lastRpcTime:5160, electionTimeout:5160ms
2019-09-16 20:47:53,436 [Thread-1044] INFO  impl.RoleInfo (RoleInfo.java:shutdownFollowerState(121)) - 7d5ab8fe-4398-4c7a-833f-a2ebf83d2b30: shutdown FollowerState
2019-09-16 20:47:53,436 [Thread-1044] INFO  impl.RaftServerImpl (RaftServerImpl.java:setRole(174)) - 7d5ab8fe-4398-4c7a-833f-a2ebf83d2b30@group-349C1C666A24: changes role from  FOLLOWER to CANDIDATE at term 0 for changeToCandidate
2019-09-16 20:47:53,436 [Thread-1044] INFO  impl.RoleInfo (RoleInfo.java:updateAndGet(143)) - 7d5ab8fe-4398-4c7a-833f-a2ebf83d2b30: start LeaderElection
2019-09-16 20:47:53,456 [d68b6256-2cf5-4d29-880d-3f15bf69885c@group-349C1C666A24:LeaderElection56] INFO  impl.LeaderElection (LeaderElection.java:askForVotes(182)) - d68b6256-2cf5-4d29-880d-3f15bf69885c@group-349C1C666A24:LeaderElection56: begin an election at term 1 for -1: [d68b6256-2cf5-4d29-880d-3f15bf69885c:192.168.69.85:35451, 7d5ab8fe-4398-4c7a-833f-a2ebf83d2b30:192.168.69.85:33293, 67ec2c46-e6a3-41dc-8686-1106750fbf03:192.168.69.85:35372], old=null
2019-09-16 20:47:53,457 [67ec2c46-e6a3-41dc-8686-1106750fbf03@group-349C1C666A24:LeaderElection57] INFO  impl.LeaderElection (LeaderElection.java:askForVotes(182)) - 67ec2c46-e6a3-41dc-8686-1106750fbf03@group-349C1C666A24:LeaderElection57: begin an election at term 1 for -1: [d68b6256-2cf5-4d29-880d-3f15bf69885c:192.168.69.85:35451, 7d5ab8fe-4398-4c7a-833f-a2ebf83d2b30:192.168.69.85:33293, 67ec2c46-e6a3-41dc-8686-1106750fbf03:192.168.69.85:35372], old=null
2019-09-16 20:47:53,518 [7d5ab8fe-4398-4c7a-833f-a2ebf83d2b30@group-349C1C666A24:LeaderElection58] INFO  impl.LeaderElection (LeaderElection.java:askForVotes(182)) - 7d5ab8fe-4398-4c7a-833f-a2ebf83d2b30@group-349C1C666A24:LeaderElection58: begin an election at term 1 for -1: [d68b6256-2cf5-4d29-880d-3f15bf69885c:192.168.69.85:35451, 7d5ab8fe-4398-4c7a-833f-a2ebf83d2b30:192.168.69.85:33293, 67ec2c46-e6a3-41dc-8686-1106750fbf03:192.168.69.85:35372], old=null
2019-09-16 20:47:53,526 [d68b6256-2cf5-4d29-880d-3f15bf69885c@group-349C1C666A24:LeaderElection56] INFO  impl.LeaderElection (LeaderElection.java:logAndReturn(56)) - d68b6256-2cf5-4d29-880d-3f15bf69885c@group-349C1C666A24:LeaderElection56: Election REJECTED; received 2 response(s) [d68b6256-2cf5-4d29-880d-3f15bf69885c<-7d5ab8fe-4398-4c7a-833f-a2ebf83d2b30#0:FAIL-t1, d68b6256-2cf5-4d29-880d-3f15bf69885c<-67ec2c46-e6a3-41dc-8686-1106750fbf03#0:FAIL-t1] and 0 exception(s); d68b6256-2cf5-4d29-880d-3f15bf69885c@group-349C1C666A24:t1, leader=null, voted=d68b6256-2cf5-4d29-880d-3f15bf69885c, raftlog=d68b6256-2cf5-4d29-880d-3f15bf69885c@group-349C1C666A24-SegmentedRaftLog:OPENED:c-1,f-1,i0, conf=-1: [d68b6256-2cf5-4d29-880d-3f15bf69885c:192.168.69.85:35451, 7d5ab8fe-4398-4c7a-833f-a2ebf83d2b30:192.168.69.85:33293, 67ec2c46-e6a3-41dc-8686-1106750fbf03:192.168.69.85:35372], old=null
2019-09-16 20:47:53,530 [67ec2c46-e6a3-41dc-8686-1106750fbf03@group-349C1C666A24:LeaderElection57] INFO  impl.LeaderElection (LeaderElection.java:logAndReturn(56)) - 67ec2c46-e6a3-41dc-8686-1106750fbf03@group-349C1C666A24:LeaderElection57: Election REJECTED; received 2 response(s) [67ec2c46-e6a3-41dc-8686-1106750fbf03<-d68b6256-2cf5-4d29-880d-3f15bf69885c#0:FAIL-t1, 67ec2c46-e6a3-41dc-8686-1106750fbf03<-7d5ab8fe-4398-4c7a-833f-a2ebf83d2b30#0:FAIL-t1] and 0 exception(s); 67ec2c46-e6a3-41dc-8686-1106750fbf03@group-349C1C666A24:t1, leader=null, voted=67ec2c46-e6a3-41dc-8686-1106750fbf03, raftlog=67ec2c46-e6a3-41dc-8686-1106750fbf03@group-349C1C666A24-SegmentedRaftLog:OPENED:c-1,f-1,i0, conf=-1: [d68b6256-2cf5-4d29-880d-3f15bf69885c:192.168.69.85:35451, 7d5ab8fe-4398-4c7a-833f-a2ebf83d2b30:192.168.69.85:33293, 67ec2c46-e6a3-41dc-8686-1106750fbf03:192.168.69.85:35372], old=null
2019-09-16 20:47:53,531 [d68b6256-2cf5-4d29-880d-3f15bf69885c@group-349C1C666A24:LeaderElection56] INFO  impl.RaftServerImpl (RaftServerImpl.java:setRole(174)) - d68b6256-2cf5-4d29-880d-3f15bf69885c@group-349C1C666A24: changes role from CANDIDATE to FOLLOWER at term 1 for DISCOVERED_A_NEW_TERM
2019-09-16 20:47:53,531 [d68b6256-2cf5-4d29-880d-3f15bf69885c@group-349C1C666A24:LeaderElection56] INFO  impl.RoleInfo (RoleInfo.java:shutdownLeaderElection(134)) - d68b6256-2cf5-4d29-880d-3f15bf69885c: shutdown LeaderElection
2019-09-16 20:47:53,531 [67ec2c46-e6a3-41dc-8686-1106750fbf03@group-349C1C666A24:LeaderElection57] INFO  impl.RaftServerImpl (RaftServerImpl.java:setRole(174)) - 67ec2c46-e6a3-41dc-8686-1106750fbf03@group-349C1C666A24: changes role from CANDIDATE to FOLLOWER at term 1 for DISCOVERED_A_NEW_TERM
2019-09-16 20:47:53,531 [d68b6256-2cf5-4d29-880d-3f15bf69885c@group-349C1C666A24:LeaderElection56] INFO  impl.RoleInfo (RoleInfo.java:updateAndGet(143)) - d68b6256-2cf5-4d29-880d-3f15bf69885c: start FollowerState
2019-09-16 20:47:53,532 [67ec2c46-e6a3-41dc-8686-1106750fbf03@group-349C1C666A24:LeaderElection57] INFO  impl.RoleInfo (RoleInfo.java:shutdownLeaderElection(134)) - 67ec2c46-e6a3-41dc-8686-1106750fbf03: shutdown LeaderElection
2019-09-16 20:47:53,532 [67ec2c46-e6a3-41dc-8686-1106750fbf03@group-349C1C666A24:LeaderElection57] INFO  impl.RoleInfo (RoleInfo.java:updateAndGet(143)) - 67ec2c46-e6a3-41dc-8686-1106750fbf03: start FollowerState
2019-09-16 20:47:53,547 [7d5ab8fe-4398-4c7a-833f-a2ebf83d2b30@group-349C1C666A24:LeaderElection58] INFO  impl.LeaderElection (LeaderElection.java:logAndReturn(56)) - 7d5ab8fe-4398-4c7a-833f-a2ebf83d2b30@group-349C1C666A24:LeaderElection58: Election REJECTED; received 2 response(s) [7d5ab8fe-4398-4c7a-833f-a2ebf83d2b30<-d68b6256-2cf5-4d29-880d-3f15bf69885c#0:FAIL-t1, 7d5ab8fe-4398-4c7a-833f-a2ebf83d2b30<-67ec2c46-e6a3-41dc-8686-1106750fbf03#0:FAIL-t1] and 0 exception(s); 7d5ab8fe-4398-4c7a-833f-a2ebf83d2b30@group-349C1C666A24:t1, leader=null, voted=7d5ab8fe-4398-4c7a-833f-a2ebf83d2b30, raftlog=7d5ab8fe-4398-4c7a-833f-a2ebf83d2b30@group-349C1C666A24-SegmentedRaftLog:OPENED:c-1,f-1,i0, conf=-1: [d68b6256-2cf5-4d29-880d-3f15bf69885c:192.168.69.85:35451, 7d5ab8fe-4398-4c7a-833f-a2ebf83d2b30:192.168.69.85:33293, 67ec2c46-e6a3-41dc-8686-1106750fbf03:192.168.69.85:35372], old=null
2019-09-16 20:47:53,548 [7d5ab8fe-4398-4c7a-833f-a2ebf83d2b30@group-349C1C666A24:LeaderElection58] INFO  impl.RaftServerImpl (RaftServerImpl.java:setRole(174)) - 7d5ab8fe-4398-4c7a-833f-a2ebf83d2b30@group-349C1C666A24: changes role from CANDIDATE to FOLLOWER at term 1 for DISCOVERED_A_NEW_TERM
2019-09-16 20:47:53,548 [7d5ab8fe-4398-4c7a-833f-a2ebf83d2b30@group-349C1C666A24:LeaderElection58] INFO  impl.RoleInfo (RoleInfo.java:shutdownLeaderElection(134)) - 7d5ab8fe-4398-4c7a-833f-a2ebf83d2b30: shutdown LeaderElection
2019-09-16 20:47:53,548 [7d5ab8fe-4398-4c7a-833f-a2ebf83d2b30@group-349C1C666A24:LeaderElection58] INFO  impl.RoleInfo (RoleInfo.java:updateAndGet(143)) - 7d5ab8fe-4398-4c7a-833f-a2ebf83d2b30: start FollowerState
2019-09-16 20:47:53,949 [grpc-default-executor-2] INFO  client.GrpcClientProtocolClient (GrpcClientProtocolClient.java:onNext(264)) - client-8A90AA4ED583->2567daec-5f37-42ba-b893-366bc09983f6: receive RaftClientReply:client-8A90AA4ED583->2567daec-5f37-42ba-b893-366bc09983f6@group-BCCA5552C71D, cid=50, FAILED org.apache.ratis.protocol.NotLeaderException: Server 2567daec-5f37-42ba-b893-366bc09983f6@group-BCCA5552C71D is not the leader, logIndex=0, commits[2567daec-5f37-42ba-b893-366bc09983f6:c-1]
2019-09-16 20:47:54,974 [grpc-default-executor-5] INFO  client.GrpcClientProtocolClient (GrpcClientProtocolClient.java:onNext(264)) - client-8A90AA4ED583->3f877d93-3bef-4ece-a5ae-026bca78fba9: receive RaftClientReply:client-8A90AA4ED583->3f877d93-3bef-4ece-a5ae-026bca78fba9@group-BCCA5552C71D, cid=50, FAILED org.apache.ratis.protocol.NotLeaderException: Server 3f877d93-3bef-4ece-a5ae-026bca78fba9@group-BCCA5552C71D is not the leader, logIndex=0, commits[3f877d93-3bef-4ece-a5ae-026bca78fba9:c-1]
2019-09-16 20:47:55,996 [grpc-default-executor-5] INFO  client.GrpcClientProtocolClient (GrpcClientProtocolClient.java:onNext(264)) - client-8A90AA4ED583->9182e049-55d9-4dcd-8242-d7eaef939001: receive RaftClientReply:client-8A90AA4ED583->9182e049-55d9-4dcd-8242-d7eaef939001@group-BCCA5552C71D, cid=50, FAILED org.apache.ratis.protocol.NotLeaderException: Server 9182e049-55d9-4dcd-8242-d7eaef939001@group-BCCA5552C71D is not the leader, logIndex=0, commits[9182e049-55d9-4dcd-8242-d7eaef939001:c-1]
2019-09-16 20:47:57,023 [grpc-default-executor-2] INFO  client.GrpcClientProtocolClient (GrpcClientProtocolClient.java:onNext(264)) - client-8A90AA4ED583->2567daec-5f37-42ba-b893-366bc09983f6: receive RaftClientReply:client-8A90AA4ED583->2567daec-5f37-42ba-b893-366bc09983f6@group-BCCA5552C71D, cid=50, FAILED org.apache.ratis.protocol.NotLeaderException: Server 2567daec-5f37-42ba-b893-366bc09983f6@group-BCCA5552C71D is not the leader, logIndex=0, commits[2567daec-5f37-42ba-b893-366bc09983f6:c-1]
2019-09-16 20:47:58,041 [grpc-default-executor-5] INFO  client.GrpcClientProtocolClient (GrpcClientProtocolClient.java:onNext(264)) - client-8A90AA4ED583->9182e049-55d9-4dcd-8242-d7eaef939001: receive RaftClientReply:client-8A90AA4ED583->9182e049-55d9-4dcd-8242-d7eaef939001@group-BCCA5552C71D, cid=50, FAILED org.apache.ratis.protocol.NotLeaderException: Server 9182e049-55d9-4dcd-8242-d7eaef939001@group-BCCA5552C71D is not the leader, logIndex=0, commits[9182e049-55d9-4dcd-8242-d7eaef939001:c-1]
2019-09-16 20:47:58,394 [Thread-1085] INFO  impl.FollowerState (FollowerState.java:run(106)) - 9182e049-55d9-4dcd-8242-d7eaef939001:group-BCCA5552C71D changes to CANDIDATE, lastRpcTime:5037, electionTimeout:5034ms
2019-09-16 20:47:58,394 [Thread-1085] INFO  impl.RoleInfo (RoleInfo.java:shutdownFollowerState(121)) - 9182e049-55d9-4dcd-8242-d7eaef939001: shutdown FollowerState
2019-09-16 20:47:58,394 [Thread-1085] INFO  impl.RaftServerImpl (RaftServerImpl.java:setRole(174)) - 9182e049-55d9-4dcd-8242-d7eaef939001@group-BCCA5552C71D: changes role from  FOLLOWER to CANDIDATE at term 1 for changeToCandidate
2019-09-16 20:47:58,394 [Thread-1085] INFO  impl.RoleInfo (RoleInfo.java:updateAndGet(143)) - 9182e049-55d9-4dcd-8242-d7eaef939001: start LeaderElection
2019-09-16 20:47:58,419 [Thread-1086] INFO  impl.FollowerState (FollowerState.java:run(106)) - 2567daec-5f37-42ba-b893-366bc09983f6:group-BCCA5552C71D changes to CANDIDATE, lastRpcTime:5059, electionTimeout:5059ms
2019-09-16 20:47:58,419 [Thread-1086] INFO  impl.RoleInfo (RoleInfo.java:shutdownFollowerState(121)) - 2567daec-5f37-42ba-b893-366bc09983f6: shutdown FollowerState
2019-09-16 20:47:58,419 [Thread-1086] INFO  impl.RaftServerImpl (RaftServerImpl.java:setRole(174)) - 2567daec-5f37-42ba-b893-366bc09983f6@group-BCCA5552C71D: changes role from  FOLLOWER to CANDIDATE at term 1 for changeToCandidate
2019-09-16 20:47:58,419 [Thread-1086] INFO  impl.RoleInfo (RoleInfo.java:updateAndGet(143)) - 2567daec-5f37-42ba-b893-366bc09983f6: start LeaderElection
2019-09-16 20:47:58,438 [Thread-1087] INFO  impl.FollowerState (FollowerState.java:run(106)) - 3f877d93-3bef-4ece-a5ae-026bca78fba9:group-BCCA5552C71D changes to CANDIDATE, lastRpcTime:5064, electionTimeout:5064ms
2019-09-16 20:47:58,438 [Thread-1087] INFO  impl.RoleInfo (RoleInfo.java:shutdownFollowerState(121)) - 3f877d93-3bef-4ece-a5ae-026bca78fba9: shutdown FollowerState
2019-09-16 20:47:58,438 [Thread-1087] INFO  impl.RaftServerImpl (RaftServerImpl.java:setRole(174)) - 3f877d93-3bef-4ece-a5ae-026bca78fba9@group-BCCA5552C71D: changes role from  FOLLOWER to CANDIDATE at term 1 for changeToCandidate
2019-09-16 20:47:58,438 [Thread-1087] INFO  impl.RoleInfo (RoleInfo.java:updateAndGet(143)) - 3f877d93-3bef-4ece-a5ae-026bca78fba9: start LeaderElection
2019-09-16 20:47:58,625 [Thread-1097] INFO  impl.FollowerState (FollowerState.java:run(106)) - 67ec2c46-e6a3-41dc-8686-1106750fbf03:group-349C1C666A24 changes to CANDIDATE, lastRpcTime:5092, electionTimeout:5092ms
2019-09-16 20:47:58,625 [Thread-1097] INFO  impl.RoleInfo (RoleInfo.java:shutdownFollowerState(121)) - 67ec2c46-e6a3-41dc-8686-1106750fbf03: shutdown FollowerState
2019-09-16 20:47:58,625 [Thread-1097] INFO  impl.RaftServerImpl (RaftServerImpl.java:setRole(174)) - 67ec2c46-e6a3-41dc-8686-1106750fbf03@group-349C1C666A24: changes role from  FOLLOWER to CANDIDATE at term 1 for changeToCandidate
2019-09-16 20:47:58,625 [Thread-1097] INFO  impl.RoleInfo (RoleInfo.java:updateAndGet(143)) - 67ec2c46-e6a3-41dc-8686-1106750fbf03: start LeaderElection
2019-09-16 20:47:58,652 [Thread-1098] INFO  impl.FollowerState (FollowerState.java:run(106)) - 7d5ab8fe-4398-4c7a-833f-a2ebf83d2b30:group-349C1C666A24 changes to CANDIDATE, lastRpcTime:5103, electionTimeout:5103ms
2019-09-16 20:47:58,652 [Thread-1098] INFO  impl.RoleInfo (RoleInfo.java:shutdownFollowerState(121)) - 7d5ab8fe-4398-4c7a-833f-a2ebf83d2b30: shutdown FollowerState
2019-09-16 20:47:58,652 [Thread-1098] INFO  impl.RaftServerImpl (RaftServerImpl.java:setRole(174)) - 7d5ab8fe-4398-4c7a-833f-a2ebf83d2b30@group-349C1C666A24: changes role from  FOLLOWER to CANDIDATE at term 1 for changeToCandidate
2019-09-16 20:47:58,652 [Thread-1098] INFO  impl.RoleInfo (RoleInfo.java:updateAndGet(143)) - 7d5ab8fe-4398-4c7a-833f-a2ebf83d2b30: start LeaderElection
2019-09-16 20:47:58,726 [Thread-1096] INFO  impl.FollowerState (FollowerState.java:run(106)) - d68b6256-2cf5-4d29-880d-3f15bf69885c:group-349C1C666A24 changes to CANDIDATE, lastRpcTime:5194, electionTimeout:5194ms
2019-09-16 20:47:58,726 [Thread-1096] INFO  impl.RoleInfo (RoleInfo.java:shutdownFollowerState(121)) - d68b6256-2cf5-4d29-880d-3f15bf69885c: shutdown FollowerState
2019-09-16 20:47:58,727 [Thread-1096] INFO  impl.RaftServerImpl (RaftServerImpl.java:setRole(174)) - d68b6256-2cf5-4d29-880d-3f15bf69885c@group-349C1C666A24: changes role from  FOLLOWER to CANDIDATE at term 1 for changeToCandidate
2019-09-16 20:47:58,727 [Thread-1096] INFO  impl.RoleInfo (RoleInfo.java:updateAndGet(143)) - d68b6256-2cf5-4d29-880d-3f15bf69885c: start LeaderElection
2019-09-16 20:47:59,058 [grpc-default-executor-2] INFO  client.GrpcClientProtocolClient (GrpcClientProtocolClient.java:onNext(264)) - client-8A90AA4ED583->3f877d93-3bef-4ece-a5ae-026bca78fba9: receive RaftClientReply:client-8A90AA4ED583->3f877d93-3bef-4ece-a5ae-026bca78fba9@group-BCCA5552C71D, cid=50, FAILED org.apache.ratis.protocol.NotLeaderException: Server 3f877d93-3bef-4ece-a5ae-026bca78fba9@group-BCCA5552C71D is not the leader, logIndex=0, commits[3f877d93-3bef-4ece-a5ae-026bca78fba9:c-1]
2019-09-16 20:48:00,083 [grpc-default-executor-2] INFO  client.GrpcClientProtocolClient (GrpcClientProtocolClient.java:onNext(264)) - client-8A90AA4ED583->2567daec-5f37-42ba-b893-366bc09983f6: receive RaftClientReply:client-8A90AA4ED583->2567daec-5f37-42ba-b893-366bc09983f6@group-BCCA5552C71D, cid=50, FAILED org.apache.ratis.protocol.NotLeaderException: Server 2567daec-5f37-42ba-b893-366bc09983f6@group-BCCA5552C71D is not the leader, logIndex=0, commits[2567daec-5f37-42ba-b893-366bc09983f6:c-1]
2019-09-16 20:48:01,100 [grpc-default-executor-2] INFO  client.GrpcClientProtocolClient (GrpcClientProtocolClient.java:onNext(264)) - client-8A90AA4ED583->3f877d93-3bef-4ece-a5ae-026bca78fba9: receive RaftClientReply:client-8A90AA4ED583->3f877d93-3bef-4ece-a5ae-026bca78fba9@group-BCCA5552C71D, cid=50, FAILED org.apache.ratis.protocol.NotLeaderException: Server 3f877d93-3bef-4ece-a5ae-026bca78fba9@group-BCCA5552C71D is not the leader, logIndex=0, commits[3f877d93-3bef-4ece-a5ae-026bca78fba9:c-1]
2019-09-16 20:48:02,121 [grpc-default-executor-5] INFO  client.GrpcClientProtocolClient (GrpcClientProtocolClient.java:onNext(264)) - client-8A90AA4ED583->2567daec-5f37-42ba-b893-366bc09983f6: receive RaftClientReply:client-8A90AA4ED583->2567daec-5f37-42ba-b893-366bc09983f6@group-BCCA5552C71D, cid=50, FAILED org.apache.ratis.protocol.NotLeaderException: Server 2567daec-5f37-42ba-b893-366bc09983f6@group-BCCA5552C71D is not the leader, logIndex=0, commits[2567daec-5f37-42ba-b893-366bc09983f6:c-1]
2019-09-16 20:48:02,406 [9182e049-55d9-4dcd-8242-d7eaef939001@group-BCCA5552C71D:LeaderElection59] INFO  impl.LeaderElection (LeaderElection.java:askForVotes(182)) - 9182e049-55d9-4dcd-8242-d7eaef939001@group-BCCA5552C71D:LeaderElection59: begin an election at term 2 for -1: [3f877d93-3bef-4ece-a5ae-026bca78fba9:192.168.69.85:46145, 2567daec-5f37-42ba-b893-366bc09983f6:192.168.69.85:36953, 9182e049-55d9-4dcd-8242-d7eaef939001:192.168.69.85:36434], old=null
2019-09-16 20:48:02,406 [2567daec-5f37-42ba-b893-366bc09983f6@group-BCCA5552C71D:LeaderElection60] INFO  impl.LeaderElection (LeaderElection.java:askForVotes(182)) - 2567daec-5f37-42ba-b893-366bc09983f6@group-BCCA5552C71D:LeaderElection60: begin an election at term 2 for -1: [3f877d93-3bef-4ece-a5ae-026bca78fba9:192.168.69.85:46145, 2567daec-5f37-42ba-b893-366bc09983f6:192.168.69.85:36953, 9182e049-55d9-4dcd-8242-d7eaef939001:192.168.69.85:36434], old=null
2019-09-16 20:48:03,140 [grpc-default-executor-3] INFO  client.GrpcClientProtocolClient (GrpcClientProtocolClient.java:onNext(264)) - client-8A90AA4ED583->3f877d93-3bef-4ece-a5ae-026bca78fba9: receive RaftClientReply:client-8A90AA4ED583->3f877d93-3bef-4ece-a5ae-026bca78fba9@group-BCCA5552C71D, cid=50, FAILED org.apache.ratis.protocol.NotLeaderException: Server 3f877d93-3bef-4ece-a5ae-026bca78fba9@group-BCCA5552C71D is not the leader, logIndex=0, commits[3f877d93-3bef-4ece-a5ae-026bca78fba9:c-1]
2019-09-16 20:48:04,162 [grpc-default-executor-3] INFO  client.GrpcClientProtocolClient (GrpcClientProtocolClient.java:onNext(264)) - client-8A90AA4ED583->9182e049-55d9-4dcd-8242-d7eaef939001: receive RaftClientReply:client-8A90AA4ED583->9182e049-55d9-4dcd-8242-d7eaef939001@group-BCCA5552C71D, cid=50, FAILED org.apache.ratis.protocol.NotLeaderException: Server 9182e049-55d9-4dcd-8242-d7eaef939001@group-BCCA5552C71D is not the leader, logIndex=0, commits[9182e049-55d9-4dcd-8242-d7eaef939001:c-1]
2019-09-16 20:48:05,176 [grpc-default-executor-3] INFO  client.GrpcClientProtocolClient (GrpcClientProtocolClient.java:onNext(264)) - client-8A90AA4ED583->2567daec-5f37-42ba-b893-366bc09983f6: receive RaftClientReply:client-8A90AA4ED583->2567daec-5f37-42ba-b893-366bc09983f6@group-BCCA5552C71D, cid=50, FAILED org.apache.ratis.protocol.NotLeaderException: Server 2567daec-5f37-42ba-b893-366bc09983f6@group-BCCA5552C71D is not the leader, logIndex=0, commits[2567daec-5f37-42ba-b893-366bc09983f6:c-1]
2019-09-16 20:48:05,389 [3f877d93-3bef-4ece-a5ae-026bca78fba9@group-BCCA5552C71D:LeaderElection61] INFO  impl.LeaderElection (LeaderElection.java:askForVotes(182)) - 3f877d93-3bef-4ece-a5ae-026bca78fba9@group-BCCA5552C71D:LeaderElection61: begin an election at term 2 for -1: [3f877d93-3bef-4ece-a5ae-026bca78fba9:192.168.69.85:46145, 2567daec-5f37-42ba-b893-366bc09983f6:192.168.69.85:36953, 9182e049-55d9-4dcd-8242-d7eaef939001:192.168.69.85:36434], old=null
2019-09-16 20:48:05,389 [67ec2c46-e6a3-41dc-8686-1106750fbf03@group-349C1C666A24:LeaderElection62] INFO  impl.LeaderElection (LeaderElection.java:askForVotes(182)) - 67ec2c46-e6a3-41dc-8686-1106750fbf03@group-349C1C666A24:LeaderElection62: begin an election at term 2 for -1: [d68b6256-2cf5-4d29-880d-3f15bf69885c:192.168.69.85:35451, 7d5ab8fe-4398-4c7a-833f-a2ebf83d2b30:192.168.69.85:33293, 67ec2c46-e6a3-41dc-8686-1106750fbf03:192.168.69.85:35372], old=null
2019-09-16 20:48:05,389 [d68b6256-2cf5-4d29-880d-3f15bf69885c@group-349C1C666A24:LeaderElection64] INFO  impl.LeaderElection (LeaderElection.java:askForVotes(182)) - d68b6256-2cf5-4d29-880d-3f15bf69885c@group-349C1C666A24:LeaderElection64: begin an election at term 2 for -1: [d68b6256-2cf5-4d29-880d-3f15bf69885c:192.168.69.85:35451, 7d5ab8fe-4398-4c7a-833f-a2ebf83d2b30:192.168.69.85:33293, 67ec2c46-e6a3-41dc-8686-1106750fbf03:192.168.69.85:35372], old=null
2019-09-16 20:48:05,389 [7d5ab8fe-4398-4c7a-833f-a2ebf83d2b30@group-349C1C666A24:LeaderElection63] INFO  impl.LeaderElection (LeaderElection.java:askForVotes(182)) - 7d5ab8fe-4398-4c7a-833f-a2ebf83d2b30@group-349C1C666A24:LeaderElection63: begin an election at term 2 for -1: [d68b6256-2cf5-4d29-880d-3f15bf69885c:192.168.69.85:35451, 7d5ab8fe-4398-4c7a-833f-a2ebf83d2b30:192.168.69.85:33293, 67ec2c46-e6a3-41dc-8686-1106750fbf03:192.168.69.85:35372], old=null
2019-09-16 20:48:05,392 [9182e049-55d9-4dcd-8242-d7eaef939001@group-BCCA5552C71D:LeaderElection59] INFO  impl.LeaderElection (LeaderElection.java:logAndReturn(56)) - 9182e049-55d9-4dcd-8242-d7eaef939001@group-BCCA5552C71D:LeaderElection59: Election REJECTED; received 2 response(s) [9182e049-55d9-4dcd-8242-d7eaef939001<-3f877d93-3bef-4ece-a5ae-026bca78fba9#0:FAIL-t2, 9182e049-55d9-4dcd-8242-d7eaef939001<-2567daec-5f37-42ba-b893-366bc09983f6#0:FAIL-t2] and 0 exception(s); 9182e049-55d9-4dcd-8242-d7eaef939001@group-BCCA5552C71D:t2, leader=null, voted=9182e049-55d9-4dcd-8242-d7eaef939001, raftlog=9182e049-55d9-4dcd-8242-d7eaef939001@group-BCCA5552C71D-SegmentedRaftLog:OPENED:c-1,f-1,i0, conf=-1: [3f877d93-3bef-4ece-a5ae-026bca78fba9:192.168.69.85:46145, 2567daec-5f37-42ba-b893-366bc09983f6:192.168.69.85:36953, 9182e049-55d9-4dcd-8242-d7eaef939001:192.168.69.85:36434], old=null
2019-09-16 20:48:05,392 [2567daec-5f37-42ba-b893-366bc09983f6@group-BCCA5552C71D:LeaderElection60] INFO  impl.LeaderElection (LeaderElection.java:logAndReturn(56)) - 2567daec-5f37-42ba-b893-366bc09983f6@group-BCCA5552C71D:LeaderElection60: Election REJECTED; received 2 response(s) [2567daec-5f37-42ba-b893-366bc09983f6<-3f877d93-3bef-4ece-a5ae-026bca78fba9#0:FAIL-t2, 2567daec-5f37-42ba-b893-366bc09983f6<-9182e049-55d9-4dcd-8242-d7eaef939001#0:FAIL-t2] and 0 exception(s); 2567daec-5f37-42ba-b893-366bc09983f6@group-BCCA5552C71D:t2, leader=null, voted=2567daec-5f37-42ba-b893-366bc09983f6, raftlog=2567daec-5f37-42ba-b893-366bc09983f6@group-BCCA5552C71D-SegmentedRaftLog:OPENED:c-1,f-1,i0, conf=-1: [3f877d93-3bef-4ece-a5ae-026bca78fba9:192.168.69.85:46145, 2567daec-5f37-42ba-b893-366bc09983f6:192.168.69.85:36953, 9182e049-55d9-4dcd-8242-d7eaef939001:192.168.69.85:36434], old=null
2019-09-16 20:48:05,392 [9182e049-55d9-4dcd-8242-d7eaef939001@group-BCCA5552C71D:LeaderElection59] INFO  impl.RaftServerImpl (RaftServerImpl.java:setRole(174)) - 9182e049-55d9-4dcd-8242-d7eaef939001@group-BCCA5552C71D: changes role from CANDIDATE to FOLLOWER at term 2 for DISCOVERED_A_NEW_TERM
2019-09-16 20:48:05,392 [2567daec-5f37-42ba-b893-366bc09983f6@group-BCCA5552C71D:LeaderElection60] INFO  impl.RaftServerImpl (RaftServerImpl.java:setRole(174)) - 2567daec-5f37-42ba-b893-366bc09983f6@group-BCCA5552C71D: changes role from CANDIDATE to FOLLOWER at term 2 for DISCOVERED_A_NEW_TERM
2019-09-16 20:48:05,392 [9182e049-55d9-4dcd-8242-d7eaef939001@group-BCCA5552C71D:LeaderElection59] INFO  impl.RoleInfo (RoleInfo.java:shutdownLeaderElection(134)) - 9182e049-55d9-4dcd-8242-d7eaef939001: shutdown LeaderElection
2019-09-16 20:48:05,393 [2567daec-5f37-42ba-b893-366bc09983f6@group-BCCA5552C71D:LeaderElection60] INFO  impl.RoleInfo (RoleInfo.java:shutdownLeaderElection(134)) - 2567daec-5f37-42ba-b893-366bc09983f6: shutdown LeaderElection
2019-09-16 20:48:05,393 [9182e049-55d9-4dcd-8242-d7eaef939001@group-BCCA5552C71D:LeaderElection59] INFO  impl.RoleInfo (RoleInfo.java:updateAndGet(143)) - 9182e049-55d9-4dcd-8242-d7eaef939001: start FollowerState
2019-09-16 20:48:05,393 [2567daec-5f37-42ba-b893-366bc09983f6@group-BCCA5552C71D:LeaderElection60] INFO  impl.RoleInfo (RoleInfo.java:updateAndGet(143)) - 2567daec-5f37-42ba-b893-366bc09983f6: start FollowerState
2019-09-16 20:48:05,396 [7d5ab8fe-4398-4c7a-833f-a2ebf83d2b30@group-349C1C666A24:LeaderElection63] INFO  impl.LeaderElection (LeaderElection.java:logAndReturn(56)) - 7d5ab8fe-4398-4c7a-833f-a2ebf83d2b30@group-349C1C666A24:LeaderElection63: Election REJECTED; received 2 response(s) [7d5ab8fe-4398-4c7a-833f-a2ebf83d2b30<-d68b6256-2cf5-4d29-880d-3f15bf69885c#0:FAIL-t2, 7d5ab8fe-4398-4c7a-833f-a2ebf83d2b30<-67ec2c46-e6a3-41dc-8686-1106750fbf03#0:FAIL-t2] and 0 exception(s); 7d5ab8fe-4398-4c7a-833f-a2ebf83d2b30@group-349C1C666A24:t2, leader=null, voted=7d5ab8fe-4398-4c7a-833f-a2ebf83d2b30, raftlog=7d5ab8fe-4398-4c7a-833f-a2ebf83d2b30@group-349C1C666A24-SegmentedRaftLog:OPENED:c-1,f-1,i0, conf=-1: [d68b6256-2cf5-4d29-880d-3f15bf69885c:192.168.69.85:35451, 7d5ab8fe-4398-4c7a-833f-a2ebf83d2b30:192.168.69.85:33293, 67ec2c46-e6a3-41dc-8686-1106750fbf03:192.168.69.85:35372], old=null
2019-09-16 20:48:05,397 [7d5ab8fe-4398-4c7a-833f-a2ebf83d2b30@group-349C1C666A24:LeaderElection63] INFO  impl.RaftServerImpl (RaftServerImpl.java:setRole(174)) - 7d5ab8fe-4398-4c7a-833f-a2ebf83d2b30@group-349C1C666A24: changes role from CANDIDATE to FOLLOWER at term 2 for DISCOVERED_A_NEW_TERM
2019-09-16 20:48:05,397 [7d5ab8fe-4398-4c7a-833f-a2ebf83d2b30@group-349C1C666A24:LeaderElection63] INFO  impl.RoleInfo (RoleInfo.java:shutdownLeaderElection(134)) - 7d5ab8fe-4398-4c7a-833f-a2ebf83d2b30: shutdown LeaderElection
2019-09-16 20:48:05,397 [7d5ab8fe-4398-4c7a-833f-a2ebf83d2b30@group-349C1C666A24:LeaderElection63] INFO  impl.RoleInfo (RoleInfo.java:updateAndGet(143)) - 7d5ab8fe-4398-4c7a-833f-a2ebf83d2b30: start FollowerState
2019-09-16 20:48:05,397 [67ec2c46-e6a3-41dc-8686-1106750fbf03@group-349C1C666A24:LeaderElection62] INFO  impl.LeaderElection (LeaderElection.java:logAndReturn(56)) - 67ec2c46-e6a3-41dc-8686-1106750fbf03@group-349C1C666A24:LeaderElection62: Election REJECTED; received 2 response(s) [67ec2c46-e6a3-41dc-8686-1106750fbf03<-d68b6256-2cf5-4d29-880d-3f15bf69885c#0:FAIL-t2, 67ec2c46-e6a3-41dc-8686-1106750fbf03<-7d5ab8fe-4398-4c7a-833f-a2ebf83d2b30#0:FAIL-t2] and 0 exception(s); 67ec2c46-e6a3-41dc-8686-1106750fbf03@group-349C1C666A24:t2, leader=null, voted=67ec2c46-e6a3-41dc-8686-1106750fbf03, raftlog=67ec2c46-e6a3-41dc-8686-1106750fbf03@group-349C1C666A24-SegmentedRaftLog:OPENED:c-1,f-1,i0, conf=-1: [d68b6256-2cf5-4d29-880d-3f15bf69885c:192.168.69.85:35451, 7d5ab8fe-4398-4c7a-833f-a2ebf83d2b30:192.168.69.85:33293, 67ec2c46-e6a3-41dc-8686-1106750fbf03:192.168.69.85:35372], old=null
2019-09-16 20:48:05,397 [67ec2c46-e6a3-41dc-8686-1106750fbf03@group-349C1C666A24:LeaderElection62] INFO  impl.RaftServerImpl (RaftServerImpl.java:setRole(174)) - 67ec2c46-e6a3-41dc-8686-1106750fbf03@group-349C1C666A24: changes role from CANDIDATE to FOLLOWER at term 2 for DISCOVERED_A_NEW_TERM
2019-09-16 20:48:05,398 [67ec2c46-e6a3-41dc-8686-1106750fbf03@group-349C1C666A24:LeaderElection62] INFO  impl.RoleInfo (RoleInfo.java:shutdownLeaderElection(134)) - 67ec2c46-e6a3-41dc-8686-1106750fbf03: shutdown LeaderElection
2019-09-16 20:48:05,398 [67ec2c46-e6a3-41dc-8686-1106750fbf03@group-349C1C666A24:LeaderElection62] INFO  impl.RoleInfo (RoleInfo.java:updateAndGet(143)) - 67ec2c46-e6a3-41dc-8686-1106750fbf03: start FollowerState
2019-09-16 20:48:05,398 [d68b6256-2cf5-4d29-880d-3f15bf69885c@group-349C1C666A24:LeaderElection64] INFO  impl.LeaderElection (LeaderElection.java:logAndReturn(56)) - d68b6256-2cf5-4d29-880d-3f15bf69885c@group-349C1C666A24:LeaderElection64: Election REJECTED; received 2 response(s) [d68b6256-2cf5-4d29-880d-3f15bf69885c<-7d5ab8fe-4398-4c7a-833f-a2ebf83d2b30#0:FAIL-t2, d68b6256-2cf5-4d29-880d-3f15bf69885c<-67ec2c46-e6a3-41dc-8686-1106750fbf03#0:FAIL-t2] and 0 exception(s); d68b6256-2cf5-4d29-880d-3f15bf69885c@group-349C1C666A24:t2, leader=null, voted=d68b6256-2cf5-4d29-880d-3f15bf69885c, raftlog=d68b6256-2cf5-4d29-880d-3f15bf69885c@group-349C1C666A24-SegmentedRaftLog:OPENED:c-1,f-1,i0, conf=-1: [d68b6256-2cf5-4d29-880d-3f15bf69885c:192.168.69.85:35451, 7d5ab8fe-4398-4c7a-833f-a2ebf83d2b30:192.168.69.85:33293, 67ec2c46-e6a3-41dc-8686-1106750fbf03:192.168.69.85:35372], old=null
2019-09-16 20:48:05,398 [d68b6256-2cf5-4d29-880d-3f15bf69885c@group-349C1C666A24:LeaderElection64] INFO  impl.RaftServerImpl (RaftServerImpl.java:setRole(174)) - d68b6256-2cf5-4d29-880d-3f15bf69885c@group-349C1C666A24: changes role from CANDIDATE to FOLLOWER at term 2 for DISCOVERED_A_NEW_TERM
2019-09-16 20:48:05,398 [d68b6256-2cf5-4d29-880d-3f15bf69885c@group-349C1C666A24:LeaderElection64] INFO  impl.RoleInfo (RoleInfo.java:shutdownLeaderElection(134)) - d68b6256-2cf5-4d29-880d-3f15bf69885c: shutdown LeaderElection
2019-09-16 20:48:05,398 [3f877d93-3bef-4ece-a5ae-026bca78fba9@group-BCCA5552C71D:LeaderElection61] INFO  impl.LeaderElection (LeaderElection.java:logAndReturn(56)) - 3f877d93-3bef-4ece-a5ae-026bca78fba9@group-BCCA5552C71D:LeaderElection61: Election REJECTED; received 2 response(s) [3f877d93-3bef-4ece-a5ae-026bca78fba9<-2567daec-5f37-42ba-b893-366bc09983f6#0:FAIL-t2, 3f877d93-3bef-4ece-a5ae-026bca78fba9<-9182e049-55d9-4dcd-8242-d7eaef939001#0:FAIL-t2] and 0 exception(s); 3f877d93-3bef-4ece-a5ae-026bca78fba9@group-BCCA5552C71D:t2, leader=null, voted=3f877d93-3bef-4ece-a5ae-026bca78fba9, raftlog=3f877d93-3bef-4ece-a5ae-026bca78fba9@group-BCCA5552C71D-SegmentedRaftLog:OPENED:c-1,f-1,i0, conf=-1: [3f877d93-3bef-4ece-a5ae-026bca78fba9:192.168.69.85:46145, 2567daec-5f37-42ba-b893-366bc09983f6:192.168.69.85:36953, 9182e049-55d9-4dcd-8242-d7eaef939001:192.168.69.85:36434], old=null
2019-09-16 20:48:05,399 [d68b6256-2cf5-4d29-880d-3f15bf69885c@group-349C1C666A24:LeaderElection64] INFO  impl.RoleInfo (RoleInfo.java:updateAndGet(143)) - d68b6256-2cf5-4d29-880d-3f15bf69885c: start FollowerState
2019-09-16 20:48:05,399 [3f877d93-3bef-4ece-a5ae-026bca78fba9@group-BCCA5552C71D:LeaderElection61] INFO  impl.RaftServerImpl (RaftServerImpl.java:setRole(174)) - 3f877d93-3bef-4ece-a5ae-026bca78fba9@group-BCCA5552C71D: changes role from CANDIDATE to FOLLOWER at term 2 for DISCOVERED_A_NEW_TERM
2019-09-16 20:48:05,399 [3f877d93-3bef-4ece-a5ae-026bca78fba9@group-BCCA5552C71D:LeaderElection61] INFO  impl.RoleInfo (RoleInfo.java:shutdownLeaderElection(134)) - 3f877d93-3bef-4ece-a5ae-026bca78fba9: shutdown LeaderElection
2019-09-16 20:48:05,399 [3f877d93-3bef-4ece-a5ae-026bca78fba9@group-BCCA5552C71D:LeaderElection61] INFO  impl.RoleInfo (RoleInfo.java:updateAndGet(143)) - 3f877d93-3bef-4ece-a5ae-026bca78fba9: start FollowerState
2019-09-16 20:48:06,199 [grpc-default-executor-2] INFO  client.GrpcClientProtocolClient (GrpcClientProtocolClient.java:onNext(264)) - client-8A90AA4ED583->3f877d93-3bef-4ece-a5ae-026bca78fba9: receive RaftClientReply:client-8A90AA4ED583->3f877d93-3bef-4ece-a5ae-026bca78fba9@group-BCCA5552C71D, cid=50, FAILED org.apache.ratis.protocol.NotLeaderException: Server 3f877d93-3bef-4ece-a5ae-026bca78fba9@group-BCCA5552C71D is not the leader, logIndex=0, commits[3f877d93-3bef-4ece-a5ae-026bca78fba9:c-1]
2019-09-16 20:48:07,227 [grpc-default-executor-5] INFO  client.GrpcClientProtocolClient (GrpcClientProtocolClient.java:onNext(264)) - client-8A90AA4ED583->2567daec-5f37-42ba-b893-366bc09983f6: receive RaftClientReply:client-8A90AA4ED583->2567daec-5f37-42ba-b893-366bc09983f6@group-BCCA5552C71D, cid=50, FAILED org.apache.ratis.protocol.NotLeaderException: Server 2567daec-5f37-42ba-b893-366bc09983f6@group-BCCA5552C71D is not the leader, logIndex=0, commits[2567daec-5f37-42ba-b893-366bc09983f6:c-1]
2019-09-16 20:48:08,267 [grpc-default-executor-2] INFO  client.GrpcClientProtocolClient (GrpcClientProtocolClient.java:onNext(264)) - client-8A90AA4ED583->3f877d93-3bef-4ece-a5ae-026bca78fba9: receive RaftClientReply:client-8A90AA4ED583->3f877d93-3bef-4ece-a5ae-026bca78fba9@group-BCCA5552C71D, cid=50, FAILED org.apache.ratis.protocol.NotLeaderException: Server 3f877d93-3bef-4ece-a5ae-026bca78fba9@group-BCCA5552C71D is not the leader, logIndex=0, commits[3f877d93-3bef-4ece-a5ae-026bca78fba9:c-1]
]]></system-out>
  </testcase>
  <testcase name="testWatchForCommitForRetryfailure" classname="org.apache.hadoop.ozone.client.rpc.TestWatchForCommit" time="59.205"/>
  <testcase name="testWatchForCommitForGroupMismatchException" classname="org.apache.hadoop.ozone.client.rpc.TestWatchForCommit" time="39.647"/>
  <testcase name="test2WayCommitForTimeoutException" classname="org.apache.hadoop.ozone.client.rpc.TestWatchForCommit" time="53.521"/>
</testsuite>