<?xml version="1.0" encoding="UTF-8"?>
<testsuite xmlns:xsi="http://www.w3.org/2001/XMLSchema-instance" xsi:noNamespaceSchemaLocation="https://maven.apache.org/surefire/maven-surefire-plugin/xsd/surefire-test-report.xsd" name="org.apache.hadoop.ozone.client.rpc.TestBlockOutputStream" time="432.358" tests="6" errors="0" skipped="0" failures="2">
  <properties>
    <property name="awt.toolkit" value="sun.awt.X11.XToolkit"/>
    <property name="file.encoding.pkg" value="sun.io"/>
    <property name="java.specification.version" value="1.8"/>
    <property name="sun.cpu.isalist" value=""/>
    <property name="sun.jnu.encoding" value="UTF-8"/>
    <property name="java.class.path" value="/workdir/hadoop-ozone/integration-test/target/test-classes:/workdir/hadoop-ozone/integration-test/target/classes:/home/user/.m2/repository/org/apache/hadoop/hadoop-ozone-common/0.5.0-SNAPSHOT/hadoop-ozone-common-0.5.0-SNAPSHOT.jar:/home/user/.m2/repository/org/apache/commons/commons-compress/1.4.1/commons-compress-1.4.1.jar:/home/user/.m2/repository/org/tukaani/xz/1.0/xz-1.0.jar:/home/user/.m2/repository/org/apache/hadoop/hadoop-common/3.2.0/hadoop-common-3.2.0.jar:/home/user/.m2/repository/org/apache/hadoop/hadoop-hdfs/3.2.0/hadoop-hdfs-3.2.0.jar:/home/user/.m2/repository/org/apache/hadoop/hadoop-hdfs-client/3.2.0/hadoop-hdfs-client-3.2.0.jar:/home/user/.m2/repository/com/fasterxml/jackson/core/jackson-annotations/2.9.5/jackson-annotations-2.9.5.jar:/home/user/.m2/repository/org/apache/hadoop/hadoop-hdds-common/0.5.0-SNAPSHOT/hadoop-hdds-common-0.5.0-SNAPSHOT.jar:/home/user/.m2/repository/javax/annotation/javax.annotation-api/1.2/javax.annotation-api-1.2.jar:/home/user/.m2/repository/org/apache/ratis/ratis-server/0.4.0-78e95b9-SNAPSHOT/ratis-server-0.4.0-78e95b9-SNAPSHOT.jar:/home/user/.m2/repository/org/apache/ratis/ratis-thirdparty-misc/0.2.0/ratis-thirdparty-misc-0.2.0.jar:/home/user/.m2/repository/org/apache/ratis/ratis-proto/0.4.0-78e95b9-SNAPSHOT/ratis-proto-0.4.0-78e95b9-SNAPSHOT.jar:/home/user/.m2/repository/org/apache/ratis/ratis-common/0.4.0-78e95b9-SNAPSHOT/ratis-common-0.4.0-78e95b9-SNAPSHOT.jar:/home/user/.m2/repository/org/apache/ratis/ratis-client/0.4.0-78e95b9-SNAPSHOT/ratis-client-0.4.0-78e95b9-SNAPSHOT.jar:/home/user/.m2/repository/org/apache/ratis/ratis-metrics/0.4.0-78e95b9-SNAPSHOT/ratis-metrics-0.4.0-78e95b9-SNAPSHOT.jar:/home/user/.m2/repository/com/github/joshelser/dropwizard-metrics-hadoop-metrics2-reporter/0.1.2/dropwizard-metrics-hadoop-metrics2-reporter-0.1.2.jar:/home/user/.m2/repository/io/dropwizard/metrics/metrics-jvm/3.2.5/metrics-jvm-3.2.5.jar:/home/user/.m2/repository/io/dropwizard/metrics/metrics-ganglia/3.2.5/metrics-ganglia-3.2.5.jar:/home/user/.m2/repository/info/ganglia/gmetric4j/gmetric4j/1.0.7/gmetric4j-1.0.7.jar:/home/user/.m2/repository/org/apache/ratis/ratis-netty/0.4.0-78e95b9-SNAPSHOT/ratis-netty-0.4.0-78e95b9-SNAPSHOT.jar:/home/user/.m2/repository/org/apache/ratis/ratis-grpc/0.4.0-78e95b9-SNAPSHOT/ratis-grpc-0.4.0-78e95b9-SNAPSHOT.jar:/home/user/.m2/repository/org/rocksdb/rocksdbjni/6.0.1/rocksdbjni-6.0.1.jar:/home/user/.m2/repository/org/apache/logging/log4j/log4j-api/2.11.0/log4j-api-2.11.0.jar:/home/user/.m2/repository/org/apache/logging/log4j/log4j-core/2.11.0/log4j-core-2.11.0.jar:/home/user/.m2/repository/com/lmax/disruptor/3.4.2/disruptor-3.4.2.jar:/home/user/.m2/repository/org/apache/commons/commons-pool2/2.6.0/commons-pool2-2.6.0.jar:/home/user/.m2/repository/org/bouncycastle/bcpkix-jdk15on/1.60/bcpkix-jdk15on-1.60.jar:/home/user/.m2/repository/commons-validator/commons-validator/1.6/commons-validator-1.6.jar:/home/user/.m2/repository/commons-digester/commons-digester/1.8.1/commons-digester-1.8.1.jar:/home/user/.m2/repository/io/jaegertracing/jaeger-client/0.33.1/jaeger-client-0.33.1.jar:/home/user/.m2/repository/io/jaegertracing/jaeger-thrift/0.33.1/jaeger-thrift-0.33.1.jar:/home/user/.m2/repository/org/apache/thrift/libthrift/0.11.0/libthrift-0.11.0.jar:/home/user/.m2/repository/com/squareup/okhttp3/okhttp/3.9.0/okhttp-3.9.0.jar:/home/user/.m2/repository/com/squareup/okio/okio/1.13.0/okio-1.13.0.jar:/home/user/.m2/repository/io/jaegertracing/jaeger-core/0.33.1/jaeger-core-0.33.1.jar:/home/user/.m2/repository/io/jaegertracing/jaeger-tracerresolver/0.33.1/jaeger-tracerresolver-0.33.1.jar:/home/user/.m2/repository/io/opentracing/contrib/opentracing-tracerresolver/0.1.5/opentracing-tracerresolver-0.1.5.jar:/home/user/.m2/repository/io/opentracing/opentracing-util/0.31.0/opentracing-util-0.31.0.jar:/home/user/.m2/repository/io/opentracing/opentracing-api/0.31.0/opentracing-api-0.31.0.jar:/home/user/.m2/repository/io/opentracing/opentracing-noop/0.31.0/opentracing-noop-0.31.0.jar:/home/user/.m2/repository/org/apache/hadoop/hadoop-hdds-server-framework/0.5.0-SNAPSHOT/hadoop-hdds-server-framework-0.5.0-SNAPSHOT.jar:/home/user/.m2/repository/org/apache/hadoop/hadoop-hdds-container-service/0.5.0-SNAPSHOT/hadoop-hdds-container-service-0.5.0-SNAPSHOT.jar:/home/user/.m2/repository/org/apache/hadoop/hadoop-hdds-client/0.5.0-SNAPSHOT/hadoop-hdds-client-0.5.0-SNAPSHOT.jar:/home/user/.m2/repository/org/apache/hadoop/hadoop-hdds-tools/0.5.0-SNAPSHOT/hadoop-hdds-tools-0.5.0-SNAPSHOT.jar:/home/user/.m2/repository/org/apache/hadoop/hadoop-hdds-server-scm/0.5.0-SNAPSHOT/hadoop-hdds-server-scm-0.5.0-SNAPSHOT.jar:/home/user/.m2/repository/org/apache/hadoop/hadoop-hdds-docs/0.5.0-SNAPSHOT/hadoop-hdds-docs-0.5.0-SNAPSHOT.jar:/home/user/.m2/repository/io/dropwizard/metrics/metrics-core/3.2.4/metrics-core-3.2.4.jar:/home/user/.m2/repository/org/hamcrest/hamcrest-all/1.3/hamcrest-all-1.3.jar:/home/user/.m2/repository/org/bouncycastle/bcprov-jdk15on/1.60/bcprov-jdk15on-1.60.jar:/home/user/.m2/repository/info/picocli/picocli/3.9.6/picocli-3.9.6.jar:/home/user/.m2/repository/com/google/protobuf/protobuf-java/2.5.0/protobuf-java-2.5.0.jar:/home/user/.m2/repository/com/google/guava/guava/11.0.2/guava-11.0.2.jar:/home/user/.m2/repository/org/apache/hadoop/hadoop-ozone-ozone-manager/0.5.0-SNAPSHOT/hadoop-ozone-ozone-manager-0.5.0-SNAPSHOT.jar:/home/user/.m2/repository/org/apache/hadoop/hadoop-minikdc/3.2.0/hadoop-minikdc-3.2.0.jar:/home/user/.m2/repository/commons-io/commons-io/2.5/commons-io-2.5.jar:/home/user/.m2/repository/org/apache/kerby/kerb-simplekdc/1.0.1/kerb-simplekdc-1.0.1.jar:/home/user/.m2/repository/org/apache/kerby/kerb-client/1.0.1/kerb-client-1.0.1.jar:/home/user/.m2/repository/org/apache/kerby/kerby-config/1.0.1/kerby-config-1.0.1.jar:/home/user/.m2/repository/org/apache/kerby/kerb-core/1.0.1/kerb-core-1.0.1.jar:/home/user/.m2/repository/org/apache/kerby/kerby-pkix/1.0.1/kerby-pkix-1.0.1.jar:/home/user/.m2/repository/org/apache/kerby/kerby-asn1/1.0.1/kerby-asn1-1.0.1.jar:/home/user/.m2/repository/org/apache/kerby/kerby-util/1.0.1/kerby-util-1.0.1.jar:/home/user/.m2/repository/org/apache/kerby/kerb-common/1.0.1/kerb-common-1.0.1.jar:/home/user/.m2/repository/org/apache/kerby/kerb-crypto/1.0.1/kerb-crypto-1.0.1.jar:/home/user/.m2/repository/org/apache/kerby/kerb-util/1.0.1/kerb-util-1.0.1.jar:/home/user/.m2/repository/org/apache/kerby/token-provider/1.0.1/token-provider-1.0.1.jar:/home/user/.m2/repository/org/apache/kerby/kerb-admin/1.0.1/kerb-admin-1.0.1.jar:/home/user/.m2/repository/org/apache/kerby/kerb-server/1.0.1/kerb-server-1.0.1.jar:/home/user/.m2/repository/org/apache/kerby/kerb-identity/1.0.1/kerb-identity-1.0.1.jar:/home/user/.m2/repository/org/apache/kerby/kerby-xdr/1.0.1/kerby-xdr-1.0.1.jar:/home/user/.m2/repository/org/slf4j/slf4j-log4j12/1.7.25/slf4j-log4j12-1.7.25.jar:/home/user/.m2/repository/org/apache/hadoop/hadoop-ozone-s3gateway/0.5.0-SNAPSHOT/hadoop-ozone-s3gateway-0.5.0-SNAPSHOT.jar:/home/user/.m2/repository/org/jboss/weld/servlet/weld-servlet/2.4.7.Final/weld-servlet-2.4.7.Final.jar:/home/user/.m2/repository/org/glassfish/jersey/containers/jersey-container-servlet-core/2.27/jersey-container-servlet-core-2.27.jar:/home/user/.m2/repository/org/glassfish/hk2/external/javax.inject/2.5.0-b42/javax.inject-2.5.0-b42.jar:/home/user/.m2/repository/org/glassfish/jersey/core/jersey-common/2.27/jersey-common-2.27.jar:/home/user/.m2/repository/org/glassfish/hk2/osgi-resource-locator/1.0.1/osgi-resource-locator-1.0.1.jar:/home/user/.m2/repository/javax/ws/rs/javax.ws.rs-api/2.1/javax.ws.rs-api-2.1.jar:/home/user/.m2/repository/org/glassfish/jersey/ext/cdi/jersey-cdi1x/2.27/jersey-cdi1x-2.27.jar:/home/user/.m2/repository/org/glassfish/jersey/inject/jersey-hk2/2.27/jersey-hk2-2.27.jar:/home/user/.m2/repository/org/glassfish/hk2/hk2-locator/2.5.0-b42/hk2-locator-2.5.0-b42.jar:/home/user/.m2/repository/org/javassist/javassist/3.22.0-CR2/javassist-3.22.0-CR2.jar:/home/user/.m2/repository/org/glassfish/hk2/hk2-api/2.5.0/hk2-api-2.5.0.jar:/home/user/.m2/repository/org/glassfish/hk2/external/jakarta.inject/2.5.0/jakarta.inject-2.5.0.jar:/home/user/.m2/repository/org/glassfish/hk2/hk2-utils/2.5.0/hk2-utils-2.5.0.jar:/home/user/.m2/repository/jakarta/annotation/jakarta.annotation-api/1.3.4/jakarta.annotation-api-1.3.4.jar:/home/user/.m2/repository/org/glassfish/hk2/external/aopalliance-repackaged/2.5.0/aopalliance-repackaged-2.5.0.jar:/home/user/.m2/repository/com/fasterxml/jackson/dataformat/jackson-dataformat-xml/2.9.0/jackson-dataformat-xml-2.9.0.jar:/home/user/.m2/repository/com/fasterxml/jackson/core/jackson-core/2.9.5/jackson-core-2.9.5.jar:/home/user/.m2/repository/com/fasterxml/jackson/module/jackson-module-jaxb-annotations/2.9.5/jackson-module-jaxb-annotations-2.9.5.jar:/home/user/.m2/repository/javax/enterprise/cdi-api/1.2/cdi-api-1.2.jar:/home/user/.m2/repository/javax/el/javax.el-api/3.0.0/javax.el-api-3.0.0.jar:/home/user/.m2/repository/javax/interceptor/javax.interceptor-api/1.2/javax.interceptor-api-1.2.jar:/home/user/.m2/repository/javax/inject/javax.inject/1/javax.inject-1.jar:/home/user/.m2/repository/com/sun/xml/bind/jaxb-impl/2.3.0.1/jaxb-impl-2.3.0.1.jar:/home/user/.m2/repository/com/sun/xml/bind/jaxb-core/2.3.0.1/jaxb-core-2.3.0.1.jar:/home/user/.m2/repository/javax/xml/bind/jaxb-api/2.3.0/jaxb-api-2.3.0.jar:/home/user/.m2/repository/javax/activation/activation/1.1.1/activation-1.1.1.jar:/home/user/.m2/repository/org/apache/hadoop/hadoop-ozone-csi/0.5.0-SNAPSHOT/hadoop-ozone-csi-0.5.0-SNAPSHOT.jar:/home/user/.m2/repository/com/google/protobuf/protobuf-java-util/3.5.1/protobuf-java-util-3.5.1.jar:/home/user/.m2/repository/org/apache/hadoop/hadoop-hdds-config/0.5.0-SNAPSHOT/hadoop-hdds-config-0.5.0-SNAPSHOT.jar:/home/user/.m2/repository/io/grpc/grpc-netty/1.17.1/grpc-netty-1.17.1.jar:/home/user/.m2/repository/io/grpc/grpc-core/1.17.1/grpc-core-1.17.1.jar:/home/user/.m2/repository/io/grpc/grpc-context/1.17.1/grpc-context-1.17.1.jar:/home/user/.m2/repository/com/google/errorprone/error_prone_annotations/2.2.0/error_prone_annotations-2.2.0.jar:/home/user/.m2/repository/org/codehaus/mojo/animal-sniffer-annotations/1.17/animal-sniffer-annotations-1.17.jar:/home/user/.m2/repository/io/opencensus/opencensus-api/0.17.0/opencensus-api-0.17.0.jar:/home/user/.m2/repository/io/opencensus/opencensus-contrib-grpc-metrics/0.17.0/opencensus-contrib-grpc-metrics-0.17.0.jar:/home/user/.m2/repository/io/netty/netty-codec-http2/4.1.30.Final/netty-codec-http2-4.1.30.Final.jar:/home/user/.m2/repository/io/netty/netty-codec-http/4.1.30.Final/netty-codec-http-4.1.30.Final.jar:/home/user/.m2/repository/io/netty/netty-codec/4.1.30.Final/netty-codec-4.1.30.Final.jar:/home/user/.m2/repository/io/netty/netty-handler/4.1.30.Final/netty-handler-4.1.30.Final.jar:/home/user/.m2/repository/io/netty/netty-handler-proxy/4.1.30.Final/netty-handler-proxy-4.1.30.Final.jar:/home/user/.m2/repository/io/netty/netty-codec-socks/4.1.30.Final/netty-codec-socks-4.1.30.Final.jar:/home/user/.m2/repository/io/netty/netty-transport-native-epoll/4.1.30.Final/netty-transport-native-epoll-4.1.30.Final.jar:/home/user/.m2/repository/io/netty/netty-common/4.1.30.Final/netty-common-4.1.30.Final.jar:/home/user/.m2/repository/io/netty/netty-buffer/4.1.30.Final/netty-buffer-4.1.30.Final.jar:/home/user/.m2/repository/io/netty/netty-transport/4.1.30.Final/netty-transport-4.1.30.Final.jar:/home/user/.m2/repository/io/netty/netty-resolver/4.1.30.Final/netty-resolver-4.1.30.Final.jar:/home/user/.m2/repository/io/netty/netty-transport-native-unix-common/4.1.30.Final/netty-transport-native-unix-common-4.1.30.Final.jar:/home/user/.m2/repository/io/grpc/grpc-protobuf/1.17.1/grpc-protobuf-1.17.1.jar:/home/user/.m2/repository/com/google/api/grpc/proto-google-common-protos/1.0.0/proto-google-common-protos-1.0.0.jar:/home/user/.m2/repository/io/grpc/grpc-protobuf-lite/1.17.1/grpc-protobuf-lite-1.17.1.jar:/home/user/.m2/repository/io/grpc/grpc-stub/1.17.1/grpc-stub-1.17.1.jar:/home/user/.m2/repository/org/apache/hadoop/hadoop-ozone-recon/0.5.0-SNAPSHOT/hadoop-ozone-recon-0.5.0-SNAPSHOT.jar:/home/user/.m2/repository/org/apache/hadoop/hadoop-ozone-reconcodegen/0.5.0-SNAPSHOT/hadoop-ozone-reconcodegen-0.5.0-SNAPSHOT.jar:/home/user/.m2/repository/com/google/inject/extensions/guice-multibindings/4.0/guice-multibindings-4.0.jar:/home/user/.m2/repository/com/google/inject/guice/4.0/guice-4.0.jar:/home/user/.m2/repository/aopalliance/aopalliance/1.0/aopalliance-1.0.jar:/home/user/.m2/repository/com/google/inject/extensions/guice-servlet/4.0/guice-servlet-4.0.jar:/home/user/.m2/repository/org/glassfish/jersey/containers/jersey-container-servlet/2.27/jersey-container-servlet-2.27.jar:/home/user/.m2/repository/org/glassfish/hk2/guice-bridge/2.5.0/guice-bridge-2.5.0.jar:/home/user/.m2/repository/org/glassfish/jersey/core/jersey-server/2.27/jersey-server-2.27.jar:/home/user/.m2/repository/org/glassfish/jersey/core/jersey-client/2.27/jersey-client-2.27.jar:/home/user/.m2/repository/org/glassfish/jersey/media/jersey-media-jaxb/2.27/jersey-media-jaxb-2.27.jar:/home/user/.m2/repository/javax/validation/validation-api/1.1.0.Final/validation-api-1.1.0.Final.jar:/home/user/.m2/repository/org/glassfish/jersey/media/jersey-media-json-jackson/2.27/jersey-media-json-jackson-2.27.jar:/home/user/.m2/repository/org/glassfish/jersey/ext/jersey-entity-filtering/2.27/jersey-entity-filtering-2.27.jar:/home/user/.m2/repository/com/google/inject/extensions/guice-assistedinject/4.0/guice-assistedinject-4.0.jar:/home/user/.m2/repository/org/jooq/jooq/3.11.10/jooq-3.11.10.jar:/home/user/.m2/repository/org/jooq/jooq-meta/3.11.10/jooq-meta-3.11.10.jar:/home/user/.m2/repository/org/jooq/jooq-codegen/3.11.10/jooq-codegen-3.11.10.jar:/home/user/.m2/repository/com/jolbox/bonecp/0.8.0.RELEASE/bonecp-0.8.0.RELEASE.jar:/home/user/.m2/repository/org/xerial/sqlite-jdbc/3.25.2/sqlite-jdbc-3.25.2.jar:/home/user/.m2/repository/org/springframework/spring-jdbc/5.1.3.RELEASE/spring-jdbc-5.1.3.RELEASE.jar:/home/user/.m2/repository/org/springframework/spring-beans/5.1.3.RELEASE/spring-beans-5.1.3.RELEASE.jar:/home/user/.m2/repository/org/springframework/spring-core/5.1.3.RELEASE/spring-core-5.1.3.RELEASE.jar:/home/user/.m2/repository/org/springframework/spring-jcl/5.1.3.RELEASE/spring-jcl-5.1.3.RELEASE.jar:/home/user/.m2/repository/org/springframework/spring-tx/5.1.3.RELEASE/spring-tx-5.1.3.RELEASE.jar:/home/user/.m2/repository/org/apache/hadoop/hadoop-ozone-client/0.5.0-SNAPSHOT/hadoop-ozone-client-0.5.0-SNAPSHOT.jar:/home/user/.m2/repository/commons-lang/commons-lang/2.6/commons-lang-2.6.jar:/home/user/.m2/repository/org/apache/hadoop/hadoop-ozone-ozone-manager/0.5.0-SNAPSHOT/hadoop-ozone-ozone-manager-0.5.0-SNAPSHOT-tests.jar:/home/user/.m2/repository/junit/junit/4.11/junit-4.11.jar:/home/user/.m2/repository/org/hamcrest/hamcrest-core/1.3/hamcrest-core-1.3.jar:/home/user/.m2/repository/org/openjdk/jmh/jmh-core/1.19/jmh-core-1.19.jar:/home/user/.m2/repository/net/sf/jopt-simple/jopt-simple/4.6/jopt-simple-4.6.jar:/home/user/.m2/repository/org/apache/commons/commons-math3/3.1.1/commons-math3-3.1.1.jar:/home/user/.m2/repository/org/openjdk/jmh/jmh-generator-annprocess/1.19/jmh-generator-annprocess-1.19.jar:/home/user/.m2/repository/org/mockito/mockito-all/1.8.5/mockito-all-1.8.5.jar:/home/user/.m2/repository/org/apache/hadoop/hadoop-kms/3.2.0/hadoop-kms-3.2.0.jar:/home/user/.m2/repository/org/apache/hadoop/hadoop-auth/3.2.0/hadoop-auth-3.2.0.jar:/home/user/.m2/repository/com/nimbusds/nimbus-jose-jwt/4.41.1/nimbus-jose-jwt-4.41.1.jar:/home/user/.m2/repository/com/github/stephenc/jcip/jcip-annotations/1.0-1/jcip-annotations-1.0-1.jar:/home/user/.m2/repository/net/minidev/json-smart/2.3/json-smart-2.3.jar:/home/user/.m2/repository/net/minidev/accessors-smart/1.2/accessors-smart-1.2.jar:/home/user/.m2/repository/org/ow2/asm/asm/5.0.4/asm-5.0.4.jar:/home/user/.m2/repository/org/apache/curator/curator-framework/2.12.0/curator-framework-2.12.0.jar:/home/user/.m2/repository/com/sun/jersey/jersey-core/1.19/jersey-core-1.19.jar:/home/user/.m2/repository/javax/ws/rs/jsr311-api/1.1.1/jsr311-api-1.1.1.jar:/home/user/.m2/repository/com/sun/jersey/jersey-server/1.19/jersey-server-1.19.jar:/home/user/.m2/repository/javax/servlet/javax.servlet-api/3.1.0/javax.servlet-api-3.1.0.jar:/home/user/.m2/repository/org/eclipse/jetty/jetty-server/9.3.24.v20180605/jetty-server-9.3.24.v20180605.jar:/home/user/.m2/repository/org/eclipse/jetty/jetty-http/9.3.24.v20180605/jetty-http-9.3.24.v20180605.jar:/home/user/.m2/repository/org/eclipse/jetty/jetty-io/9.3.24.v20180605/jetty-io-9.3.24.v20180605.jar:/home/user/.m2/repository/org/eclipse/jetty/jetty-webapp/9.3.24.v20180605/jetty-webapp-9.3.24.v20180605.jar:/home/user/.m2/repository/org/eclipse/jetty/jetty-xml/9.3.24.v20180605/jetty-xml-9.3.24.v20180605.jar:/home/user/.m2/repository/log4j/log4j/1.2.17/log4j-1.2.17.jar:/home/user/.m2/repository/org/slf4j/slf4j-api/1.7.25/slf4j-api-1.7.25.jar:/home/user/.m2/repository/org/slf4j/jul-to-slf4j/1.7.25/jul-to-slf4j-1.7.25.jar:/home/user/.m2/repository/org/eclipse/jetty/jetty-util/9.3.24.v20180605/jetty-util-9.3.24.v20180605.jar:/home/user/.m2/repository/com/fasterxml/jackson/core/jackson-databind/2.9.5/jackson-databind-2.9.5.jar:/home/user/.m2/repository/org/apache/hadoop/hadoop-kms/3.2.0/hadoop-kms-3.2.0-tests.jar:/home/user/.m2/repository/org/apache/hadoop/hadoop-hdds-server-scm/0.5.0-SNAPSHOT/hadoop-hdds-server-scm-0.5.0-SNAPSHOT-tests.jar:/home/user/.m2/repository/org/apache/hadoop/hadoop-hdds-container-service/0.5.0-SNAPSHOT/hadoop-hdds-container-service-0.5.0-SNAPSHOT-tests.jar:/home/user/.m2/repository/org/yaml/snakeyaml/1.16/snakeyaml-1.16.jar:/home/user/.m2/repository/org/apache/hadoop/hadoop-common/3.2.0/hadoop-common-3.2.0-tests.jar:/home/user/.m2/repository/org/apache/hadoop/hadoop-annotations/3.2.0/hadoop-annotations-3.2.0.jar:/usr/lib/jvm/java-1.8-openjdk/jre/../lib/tools.jar:/home/user/.m2/repository/commons-cli/commons-cli/1.2/commons-cli-1.2.jar:/home/user/.m2/repository/org/apache/httpcomponents/httpclient/4.5.2/httpclient-4.5.2.jar:/home/user/.m2/repository/org/apache/httpcomponents/httpcore/4.4.4/httpcore-4.4.4.jar:/home/user/.m2/repository/commons-codec/commons-codec/1.11/commons-codec-1.11.jar:/home/user/.m2/repository/commons-net/commons-net/3.6/commons-net-3.6.jar:/home/user/.m2/repository/commons-collections/commons-collections/3.2.2/commons-collections-3.2.2.jar:/home/user/.m2/repository/org/eclipse/jetty/jetty-servlet/9.3.24.v20180605/jetty-servlet-9.3.24.v20180605.jar:/home/user/.m2/repository/org/eclipse/jetty/jetty-security/9.3.24.v20180605/jetty-security-9.3.24.v20180605.jar:/home/user/.m2/repository/javax/servlet/jsp/jsp-api/2.1/jsp-api-2.1.jar:/home/user/.m2/repository/com/sun/jersey/jersey-servlet/1.19/jersey-servlet-1.19.jar:/home/user/.m2/repository/com/sun/jersey/jersey-json/1.19/jersey-json-1.19.jar:/home/user/.m2/repository/org/codehaus/jettison/jettison/1.1/jettison-1.1.jar:/home/user/.m2/repository/org/codehaus/jackson/jackson-core-asl/1.9.13/jackson-core-asl-1.9.13.jar:/home/user/.m2/repository/org/codehaus/jackson/jackson-mapper-asl/1.9.13/jackson-mapper-asl-1.9.13.jar:/home/user/.m2/repository/org/codehaus/jackson/jackson-jaxrs/1.9.13/jackson-jaxrs-1.9.13.jar:/home/user/.m2/repository/org/codehaus/jackson/jackson-xc/1.9.13/jackson-xc-1.9.13.jar:/home/user/.m2/repository/commons-logging/commons-logging/1.1.3/commons-logging-1.1.3.jar:/home/user/.m2/repository/commons-beanutils/commons-beanutils/1.9.3/commons-beanutils-1.9.3.jar:/home/user/.m2/repository/org/apache/commons/commons-configuration2/2.1.1/commons-configuration2-2.1.1.jar:/home/user/.m2/repository/org/apache/commons/commons-lang3/3.7/commons-lang3-3.7.jar:/home/user/.m2/repository/org/apache/commons/commons-text/1.4/commons-text-1.4.jar:/home/user/.m2/repository/org/apache/avro/avro/1.7.7/avro-1.7.7.jar:/home/user/.m2/repository/com/thoughtworks/paranamer/paranamer/2.3/paranamer-2.3.jar:/home/user/.m2/repository/org/xerial/snappy/snappy-java/1.0.5/snappy-java-1.0.5.jar:/home/user/.m2/repository/com/google/re2j/re2j/1.1/re2j-1.1.jar:/home/user/.m2/repository/com/google/code/gson/gson/2.2.4/gson-2.2.4.jar:/home/user/.m2/repository/com/jcraft/jsch/0.1.54/jsch-0.1.54.jar:/home/user/.m2/repository/org/apache/curator/curator-client/2.12.0/curator-client-2.12.0.jar:/home/user/.m2/repository/org/apache/curator/curator-recipes/2.12.0/curator-recipes-2.12.0.jar:/home/user/.m2/repository/com/google/code/findbugs/jsr305/3.0.0/jsr305-3.0.0.jar:/home/user/.m2/repository/org/apache/htrace/htrace-core4/4.1.0-incubating/htrace-core4-4.1.0-incubating.jar:/home/user/.m2/repository/org/apache/zookeeper/zookeeper/3.4.13/zookeeper-3.4.13.jar:/home/user/.m2/repository/org/apache/yetus/audience-annotations/0.5.0/audience-annotations-0.5.0.jar:/home/user/.m2/repository/org/codehaus/woodstox/stax2-api/3.1.4/stax2-api-3.1.4.jar:/home/user/.m2/repository/com/fasterxml/woodstox/woodstox-core/5.0.3/woodstox-core-5.0.3.jar:/home/user/.m2/repository/dnsjava/dnsjava/2.1.7/dnsjava-2.1.7.jar:/home/user/.m2/repository/org/apache/hadoop/hadoop-hdfs/3.2.0/hadoop-hdfs-3.2.0-tests.jar:/home/user/.m2/repository/org/eclipse/jetty/jetty-util-ajax/9.3.24.v20180605/jetty-util-ajax-9.3.24.v20180605.jar:/home/user/.m2/repository/commons-daemon/commons-daemon/1.0.13/commons-daemon-1.0.13.jar:/home/user/.m2/repository/io/netty/netty/3.10.5.Final/netty-3.10.5.Final.jar:/home/user/.m2/repository/io/netty/netty-all/4.0.52.Final/netty-all-4.0.52.Final.jar:/home/user/.m2/repository/org/fusesource/leveldbjni/leveldbjni-all/1.8/leveldbjni-all-1.8.jar:"/>
    <property name="java.vm.vendor" value="IcedTea"/>
    <property name="sun.arch.data.model" value="64"/>
    <property name="test.build.dir" value="/workdir/hadoop-ozone/integration-test/target/test-dir"/>
    <property name="test.cache.data" value=""/>
    <property name="java.vendor.url" value="https://icedtea.classpath.org"/>
    <property name="user.timezone" value=""/>
    <property name="java.vm.specification.version" value="1.8"/>
    <property name="os.name" value="Linux"/>
    <property name="test.build.data" value="/workdir/hadoop-ozone/integration-test/target/test-dir"/>
    <property name="user.country" value="US"/>
    <property name="sun.java.launcher" value="SUN_STANDARD"/>
    <property name="sun.boot.library.path" value="/usr/lib/jvm/java-1.8-openjdk/jre/lib/amd64"/>
    <property name="sun.java.command" value="/workdir/hadoop-ozone/integration-test/target/surefire/surefirebooter5283612800692408241.jar /workdir/hadoop-ozone/integration-test/target/surefire 2019-09-16T20-28-58_470-jvmRun1 surefire2923024533225365354tmp surefire_362048525217774509765tmp"/>
    <property name="test" value="!TestMiniChaosOzoneCluster"/>
    <property name="surefire.test.class.path" value="/workdir/hadoop-ozone/integration-test/target/test-classes:/workdir/hadoop-ozone/integration-test/target/classes:/home/user/.m2/repository/org/apache/hadoop/hadoop-ozone-common/0.5.0-SNAPSHOT/hadoop-ozone-common-0.5.0-SNAPSHOT.jar:/home/user/.m2/repository/org/apache/commons/commons-compress/1.4.1/commons-compress-1.4.1.jar:/home/user/.m2/repository/org/tukaani/xz/1.0/xz-1.0.jar:/home/user/.m2/repository/org/apache/hadoop/hadoop-common/3.2.0/hadoop-common-3.2.0.jar:/home/user/.m2/repository/org/apache/hadoop/hadoop-hdfs/3.2.0/hadoop-hdfs-3.2.0.jar:/home/user/.m2/repository/org/apache/hadoop/hadoop-hdfs-client/3.2.0/hadoop-hdfs-client-3.2.0.jar:/home/user/.m2/repository/com/fasterxml/jackson/core/jackson-annotations/2.9.5/jackson-annotations-2.9.5.jar:/home/user/.m2/repository/org/apache/hadoop/hadoop-hdds-common/0.5.0-SNAPSHOT/hadoop-hdds-common-0.5.0-SNAPSHOT.jar:/home/user/.m2/repository/javax/annotation/javax.annotation-api/1.2/javax.annotation-api-1.2.jar:/home/user/.m2/repository/org/apache/ratis/ratis-server/0.4.0-78e95b9-SNAPSHOT/ratis-server-0.4.0-78e95b9-SNAPSHOT.jar:/home/user/.m2/repository/org/apache/ratis/ratis-thirdparty-misc/0.2.0/ratis-thirdparty-misc-0.2.0.jar:/home/user/.m2/repository/org/apache/ratis/ratis-proto/0.4.0-78e95b9-SNAPSHOT/ratis-proto-0.4.0-78e95b9-SNAPSHOT.jar:/home/user/.m2/repository/org/apache/ratis/ratis-common/0.4.0-78e95b9-SNAPSHOT/ratis-common-0.4.0-78e95b9-SNAPSHOT.jar:/home/user/.m2/repository/org/apache/ratis/ratis-client/0.4.0-78e95b9-SNAPSHOT/ratis-client-0.4.0-78e95b9-SNAPSHOT.jar:/home/user/.m2/repository/org/apache/ratis/ratis-metrics/0.4.0-78e95b9-SNAPSHOT/ratis-metrics-0.4.0-78e95b9-SNAPSHOT.jar:/home/user/.m2/repository/com/github/joshelser/dropwizard-metrics-hadoop-metrics2-reporter/0.1.2/dropwizard-metrics-hadoop-metrics2-reporter-0.1.2.jar:/home/user/.m2/repository/io/dropwizard/metrics/metrics-jvm/3.2.5/metrics-jvm-3.2.5.jar:/home/user/.m2/repository/io/dropwizard/metrics/metrics-ganglia/3.2.5/metrics-ganglia-3.2.5.jar:/home/user/.m2/repository/info/ganglia/gmetric4j/gmetric4j/1.0.7/gmetric4j-1.0.7.jar:/home/user/.m2/repository/org/apache/ratis/ratis-netty/0.4.0-78e95b9-SNAPSHOT/ratis-netty-0.4.0-78e95b9-SNAPSHOT.jar:/home/user/.m2/repository/org/apache/ratis/ratis-grpc/0.4.0-78e95b9-SNAPSHOT/ratis-grpc-0.4.0-78e95b9-SNAPSHOT.jar:/home/user/.m2/repository/org/rocksdb/rocksdbjni/6.0.1/rocksdbjni-6.0.1.jar:/home/user/.m2/repository/org/apache/logging/log4j/log4j-api/2.11.0/log4j-api-2.11.0.jar:/home/user/.m2/repository/org/apache/logging/log4j/log4j-core/2.11.0/log4j-core-2.11.0.jar:/home/user/.m2/repository/com/lmax/disruptor/3.4.2/disruptor-3.4.2.jar:/home/user/.m2/repository/org/apache/commons/commons-pool2/2.6.0/commons-pool2-2.6.0.jar:/home/user/.m2/repository/org/bouncycastle/bcpkix-jdk15on/1.60/bcpkix-jdk15on-1.60.jar:/home/user/.m2/repository/commons-validator/commons-validator/1.6/commons-validator-1.6.jar:/home/user/.m2/repository/commons-digester/commons-digester/1.8.1/commons-digester-1.8.1.jar:/home/user/.m2/repository/io/jaegertracing/jaeger-client/0.33.1/jaeger-client-0.33.1.jar:/home/user/.m2/repository/io/jaegertracing/jaeger-thrift/0.33.1/jaeger-thrift-0.33.1.jar:/home/user/.m2/repository/org/apache/thrift/libthrift/0.11.0/libthrift-0.11.0.jar:/home/user/.m2/repository/com/squareup/okhttp3/okhttp/3.9.0/okhttp-3.9.0.jar:/home/user/.m2/repository/com/squareup/okio/okio/1.13.0/okio-1.13.0.jar:/home/user/.m2/repository/io/jaegertracing/jaeger-core/0.33.1/jaeger-core-0.33.1.jar:/home/user/.m2/repository/io/jaegertracing/jaeger-tracerresolver/0.33.1/jaeger-tracerresolver-0.33.1.jar:/home/user/.m2/repository/io/opentracing/contrib/opentracing-tracerresolver/0.1.5/opentracing-tracerresolver-0.1.5.jar:/home/user/.m2/repository/io/opentracing/opentracing-util/0.31.0/opentracing-util-0.31.0.jar:/home/user/.m2/repository/io/opentracing/opentracing-api/0.31.0/opentracing-api-0.31.0.jar:/home/user/.m2/repository/io/opentracing/opentracing-noop/0.31.0/opentracing-noop-0.31.0.jar:/home/user/.m2/repository/org/apache/hadoop/hadoop-hdds-server-framework/0.5.0-SNAPSHOT/hadoop-hdds-server-framework-0.5.0-SNAPSHOT.jar:/home/user/.m2/repository/org/apache/hadoop/hadoop-hdds-container-service/0.5.0-SNAPSHOT/hadoop-hdds-container-service-0.5.0-SNAPSHOT.jar:/home/user/.m2/repository/org/apache/hadoop/hadoop-hdds-client/0.5.0-SNAPSHOT/hadoop-hdds-client-0.5.0-SNAPSHOT.jar:/home/user/.m2/repository/org/apache/hadoop/hadoop-hdds-tools/0.5.0-SNAPSHOT/hadoop-hdds-tools-0.5.0-SNAPSHOT.jar:/home/user/.m2/repository/org/apache/hadoop/hadoop-hdds-server-scm/0.5.0-SNAPSHOT/hadoop-hdds-server-scm-0.5.0-SNAPSHOT.jar:/home/user/.m2/repository/org/apache/hadoop/hadoop-hdds-docs/0.5.0-SNAPSHOT/hadoop-hdds-docs-0.5.0-SNAPSHOT.jar:/home/user/.m2/repository/io/dropwizard/metrics/metrics-core/3.2.4/metrics-core-3.2.4.jar:/home/user/.m2/repository/org/hamcrest/hamcrest-all/1.3/hamcrest-all-1.3.jar:/home/user/.m2/repository/org/bouncycastle/bcprov-jdk15on/1.60/bcprov-jdk15on-1.60.jar:/home/user/.m2/repository/info/picocli/picocli/3.9.6/picocli-3.9.6.jar:/home/user/.m2/repository/com/google/protobuf/protobuf-java/2.5.0/protobuf-java-2.5.0.jar:/home/user/.m2/repository/com/google/guava/guava/11.0.2/guava-11.0.2.jar:/home/user/.m2/repository/org/apache/hadoop/hadoop-ozone-ozone-manager/0.5.0-SNAPSHOT/hadoop-ozone-ozone-manager-0.5.0-SNAPSHOT.jar:/home/user/.m2/repository/org/apache/hadoop/hadoop-minikdc/3.2.0/hadoop-minikdc-3.2.0.jar:/home/user/.m2/repository/commons-io/commons-io/2.5/commons-io-2.5.jar:/home/user/.m2/repository/org/apache/kerby/kerb-simplekdc/1.0.1/kerb-simplekdc-1.0.1.jar:/home/user/.m2/repository/org/apache/kerby/kerb-client/1.0.1/kerb-client-1.0.1.jar:/home/user/.m2/repository/org/apache/kerby/kerby-config/1.0.1/kerby-config-1.0.1.jar:/home/user/.m2/repository/org/apache/kerby/kerb-core/1.0.1/kerb-core-1.0.1.jar:/home/user/.m2/repository/org/apache/kerby/kerby-pkix/1.0.1/kerby-pkix-1.0.1.jar:/home/user/.m2/repository/org/apache/kerby/kerby-asn1/1.0.1/kerby-asn1-1.0.1.jar:/home/user/.m2/repository/org/apache/kerby/kerby-util/1.0.1/kerby-util-1.0.1.jar:/home/user/.m2/repository/org/apache/kerby/kerb-common/1.0.1/kerb-common-1.0.1.jar:/home/user/.m2/repository/org/apache/kerby/kerb-crypto/1.0.1/kerb-crypto-1.0.1.jar:/home/user/.m2/repository/org/apache/kerby/kerb-util/1.0.1/kerb-util-1.0.1.jar:/home/user/.m2/repository/org/apache/kerby/token-provider/1.0.1/token-provider-1.0.1.jar:/home/user/.m2/repository/org/apache/kerby/kerb-admin/1.0.1/kerb-admin-1.0.1.jar:/home/user/.m2/repository/org/apache/kerby/kerb-server/1.0.1/kerb-server-1.0.1.jar:/home/user/.m2/repository/org/apache/kerby/kerb-identity/1.0.1/kerb-identity-1.0.1.jar:/home/user/.m2/repository/org/apache/kerby/kerby-xdr/1.0.1/kerby-xdr-1.0.1.jar:/home/user/.m2/repository/org/slf4j/slf4j-log4j12/1.7.25/slf4j-log4j12-1.7.25.jar:/home/user/.m2/repository/org/apache/hadoop/hadoop-ozone-s3gateway/0.5.0-SNAPSHOT/hadoop-ozone-s3gateway-0.5.0-SNAPSHOT.jar:/home/user/.m2/repository/org/jboss/weld/servlet/weld-servlet/2.4.7.Final/weld-servlet-2.4.7.Final.jar:/home/user/.m2/repository/org/glassfish/jersey/containers/jersey-container-servlet-core/2.27/jersey-container-servlet-core-2.27.jar:/home/user/.m2/repository/org/glassfish/hk2/external/javax.inject/2.5.0-b42/javax.inject-2.5.0-b42.jar:/home/user/.m2/repository/org/glassfish/jersey/core/jersey-common/2.27/jersey-common-2.27.jar:/home/user/.m2/repository/org/glassfish/hk2/osgi-resource-locator/1.0.1/osgi-resource-locator-1.0.1.jar:/home/user/.m2/repository/javax/ws/rs/javax.ws.rs-api/2.1/javax.ws.rs-api-2.1.jar:/home/user/.m2/repository/org/glassfish/jersey/ext/cdi/jersey-cdi1x/2.27/jersey-cdi1x-2.27.jar:/home/user/.m2/repository/org/glassfish/jersey/inject/jersey-hk2/2.27/jersey-hk2-2.27.jar:/home/user/.m2/repository/org/glassfish/hk2/hk2-locator/2.5.0-b42/hk2-locator-2.5.0-b42.jar:/home/user/.m2/repository/org/javassist/javassist/3.22.0-CR2/javassist-3.22.0-CR2.jar:/home/user/.m2/repository/org/glassfish/hk2/hk2-api/2.5.0/hk2-api-2.5.0.jar:/home/user/.m2/repository/org/glassfish/hk2/external/jakarta.inject/2.5.0/jakarta.inject-2.5.0.jar:/home/user/.m2/repository/org/glassfish/hk2/hk2-utils/2.5.0/hk2-utils-2.5.0.jar:/home/user/.m2/repository/jakarta/annotation/jakarta.annotation-api/1.3.4/jakarta.annotation-api-1.3.4.jar:/home/user/.m2/repository/org/glassfish/hk2/external/aopalliance-repackaged/2.5.0/aopalliance-repackaged-2.5.0.jar:/home/user/.m2/repository/com/fasterxml/jackson/dataformat/jackson-dataformat-xml/2.9.0/jackson-dataformat-xml-2.9.0.jar:/home/user/.m2/repository/com/fasterxml/jackson/core/jackson-core/2.9.5/jackson-core-2.9.5.jar:/home/user/.m2/repository/com/fasterxml/jackson/module/jackson-module-jaxb-annotations/2.9.5/jackson-module-jaxb-annotations-2.9.5.jar:/home/user/.m2/repository/javax/enterprise/cdi-api/1.2/cdi-api-1.2.jar:/home/user/.m2/repository/javax/el/javax.el-api/3.0.0/javax.el-api-3.0.0.jar:/home/user/.m2/repository/javax/interceptor/javax.interceptor-api/1.2/javax.interceptor-api-1.2.jar:/home/user/.m2/repository/javax/inject/javax.inject/1/javax.inject-1.jar:/home/user/.m2/repository/com/sun/xml/bind/jaxb-impl/2.3.0.1/jaxb-impl-2.3.0.1.jar:/home/user/.m2/repository/com/sun/xml/bind/jaxb-core/2.3.0.1/jaxb-core-2.3.0.1.jar:/home/user/.m2/repository/javax/xml/bind/jaxb-api/2.3.0/jaxb-api-2.3.0.jar:/home/user/.m2/repository/javax/activation/activation/1.1.1/activation-1.1.1.jar:/home/user/.m2/repository/org/apache/hadoop/hadoop-ozone-csi/0.5.0-SNAPSHOT/hadoop-ozone-csi-0.5.0-SNAPSHOT.jar:/home/user/.m2/repository/com/google/protobuf/protobuf-java-util/3.5.1/protobuf-java-util-3.5.1.jar:/home/user/.m2/repository/org/apache/hadoop/hadoop-hdds-config/0.5.0-SNAPSHOT/hadoop-hdds-config-0.5.0-SNAPSHOT.jar:/home/user/.m2/repository/io/grpc/grpc-netty/1.17.1/grpc-netty-1.17.1.jar:/home/user/.m2/repository/io/grpc/grpc-core/1.17.1/grpc-core-1.17.1.jar:/home/user/.m2/repository/io/grpc/grpc-context/1.17.1/grpc-context-1.17.1.jar:/home/user/.m2/repository/com/google/errorprone/error_prone_annotations/2.2.0/error_prone_annotations-2.2.0.jar:/home/user/.m2/repository/org/codehaus/mojo/animal-sniffer-annotations/1.17/animal-sniffer-annotations-1.17.jar:/home/user/.m2/repository/io/opencensus/opencensus-api/0.17.0/opencensus-api-0.17.0.jar:/home/user/.m2/repository/io/opencensus/opencensus-contrib-grpc-metrics/0.17.0/opencensus-contrib-grpc-metrics-0.17.0.jar:/home/user/.m2/repository/io/netty/netty-codec-http2/4.1.30.Final/netty-codec-http2-4.1.30.Final.jar:/home/user/.m2/repository/io/netty/netty-codec-http/4.1.30.Final/netty-codec-http-4.1.30.Final.jar:/home/user/.m2/repository/io/netty/netty-codec/4.1.30.Final/netty-codec-4.1.30.Final.jar:/home/user/.m2/repository/io/netty/netty-handler/4.1.30.Final/netty-handler-4.1.30.Final.jar:/home/user/.m2/repository/io/netty/netty-handler-proxy/4.1.30.Final/netty-handler-proxy-4.1.30.Final.jar:/home/user/.m2/repository/io/netty/netty-codec-socks/4.1.30.Final/netty-codec-socks-4.1.30.Final.jar:/home/user/.m2/repository/io/netty/netty-transport-native-epoll/4.1.30.Final/netty-transport-native-epoll-4.1.30.Final.jar:/home/user/.m2/repository/io/netty/netty-common/4.1.30.Final/netty-common-4.1.30.Final.jar:/home/user/.m2/repository/io/netty/netty-buffer/4.1.30.Final/netty-buffer-4.1.30.Final.jar:/home/user/.m2/repository/io/netty/netty-transport/4.1.30.Final/netty-transport-4.1.30.Final.jar:/home/user/.m2/repository/io/netty/netty-resolver/4.1.30.Final/netty-resolver-4.1.30.Final.jar:/home/user/.m2/repository/io/netty/netty-transport-native-unix-common/4.1.30.Final/netty-transport-native-unix-common-4.1.30.Final.jar:/home/user/.m2/repository/io/grpc/grpc-protobuf/1.17.1/grpc-protobuf-1.17.1.jar:/home/user/.m2/repository/com/google/api/grpc/proto-google-common-protos/1.0.0/proto-google-common-protos-1.0.0.jar:/home/user/.m2/repository/io/grpc/grpc-protobuf-lite/1.17.1/grpc-protobuf-lite-1.17.1.jar:/home/user/.m2/repository/io/grpc/grpc-stub/1.17.1/grpc-stub-1.17.1.jar:/home/user/.m2/repository/org/apache/hadoop/hadoop-ozone-recon/0.5.0-SNAPSHOT/hadoop-ozone-recon-0.5.0-SNAPSHOT.jar:/home/user/.m2/repository/org/apache/hadoop/hadoop-ozone-reconcodegen/0.5.0-SNAPSHOT/hadoop-ozone-reconcodegen-0.5.0-SNAPSHOT.jar:/home/user/.m2/repository/com/google/inject/extensions/guice-multibindings/4.0/guice-multibindings-4.0.jar:/home/user/.m2/repository/com/google/inject/guice/4.0/guice-4.0.jar:/home/user/.m2/repository/aopalliance/aopalliance/1.0/aopalliance-1.0.jar:/home/user/.m2/repository/com/google/inject/extensions/guice-servlet/4.0/guice-servlet-4.0.jar:/home/user/.m2/repository/org/glassfish/jersey/containers/jersey-container-servlet/2.27/jersey-container-servlet-2.27.jar:/home/user/.m2/repository/org/glassfish/hk2/guice-bridge/2.5.0/guice-bridge-2.5.0.jar:/home/user/.m2/repository/org/glassfish/jersey/core/jersey-server/2.27/jersey-server-2.27.jar:/home/user/.m2/repository/org/glassfish/jersey/core/jersey-client/2.27/jersey-client-2.27.jar:/home/user/.m2/repository/org/glassfish/jersey/media/jersey-media-jaxb/2.27/jersey-media-jaxb-2.27.jar:/home/user/.m2/repository/javax/validation/validation-api/1.1.0.Final/validation-api-1.1.0.Final.jar:/home/user/.m2/repository/org/glassfish/jersey/media/jersey-media-json-jackson/2.27/jersey-media-json-jackson-2.27.jar:/home/user/.m2/repository/org/glassfish/jersey/ext/jersey-entity-filtering/2.27/jersey-entity-filtering-2.27.jar:/home/user/.m2/repository/com/google/inject/extensions/guice-assistedinject/4.0/guice-assistedinject-4.0.jar:/home/user/.m2/repository/org/jooq/jooq/3.11.10/jooq-3.11.10.jar:/home/user/.m2/repository/org/jooq/jooq-meta/3.11.10/jooq-meta-3.11.10.jar:/home/user/.m2/repository/org/jooq/jooq-codegen/3.11.10/jooq-codegen-3.11.10.jar:/home/user/.m2/repository/com/jolbox/bonecp/0.8.0.RELEASE/bonecp-0.8.0.RELEASE.jar:/home/user/.m2/repository/org/xerial/sqlite-jdbc/3.25.2/sqlite-jdbc-3.25.2.jar:/home/user/.m2/repository/org/springframework/spring-jdbc/5.1.3.RELEASE/spring-jdbc-5.1.3.RELEASE.jar:/home/user/.m2/repository/org/springframework/spring-beans/5.1.3.RELEASE/spring-beans-5.1.3.RELEASE.jar:/home/user/.m2/repository/org/springframework/spring-core/5.1.3.RELEASE/spring-core-5.1.3.RELEASE.jar:/home/user/.m2/repository/org/springframework/spring-jcl/5.1.3.RELEASE/spring-jcl-5.1.3.RELEASE.jar:/home/user/.m2/repository/org/springframework/spring-tx/5.1.3.RELEASE/spring-tx-5.1.3.RELEASE.jar:/home/user/.m2/repository/org/apache/hadoop/hadoop-ozone-client/0.5.0-SNAPSHOT/hadoop-ozone-client-0.5.0-SNAPSHOT.jar:/home/user/.m2/repository/commons-lang/commons-lang/2.6/commons-lang-2.6.jar:/home/user/.m2/repository/org/apache/hadoop/hadoop-ozone-ozone-manager/0.5.0-SNAPSHOT/hadoop-ozone-ozone-manager-0.5.0-SNAPSHOT-tests.jar:/home/user/.m2/repository/junit/junit/4.11/junit-4.11.jar:/home/user/.m2/repository/org/hamcrest/hamcrest-core/1.3/hamcrest-core-1.3.jar:/home/user/.m2/repository/org/openjdk/jmh/jmh-core/1.19/jmh-core-1.19.jar:/home/user/.m2/repository/net/sf/jopt-simple/jopt-simple/4.6/jopt-simple-4.6.jar:/home/user/.m2/repository/org/apache/commons/commons-math3/3.1.1/commons-math3-3.1.1.jar:/home/user/.m2/repository/org/openjdk/jmh/jmh-generator-annprocess/1.19/jmh-generator-annprocess-1.19.jar:/home/user/.m2/repository/org/mockito/mockito-all/1.8.5/mockito-all-1.8.5.jar:/home/user/.m2/repository/org/apache/hadoop/hadoop-kms/3.2.0/hadoop-kms-3.2.0.jar:/home/user/.m2/repository/org/apache/hadoop/hadoop-auth/3.2.0/hadoop-auth-3.2.0.jar:/home/user/.m2/repository/com/nimbusds/nimbus-jose-jwt/4.41.1/nimbus-jose-jwt-4.41.1.jar:/home/user/.m2/repository/com/github/stephenc/jcip/jcip-annotations/1.0-1/jcip-annotations-1.0-1.jar:/home/user/.m2/repository/net/minidev/json-smart/2.3/json-smart-2.3.jar:/home/user/.m2/repository/net/minidev/accessors-smart/1.2/accessors-smart-1.2.jar:/home/user/.m2/repository/org/ow2/asm/asm/5.0.4/asm-5.0.4.jar:/home/user/.m2/repository/org/apache/curator/curator-framework/2.12.0/curator-framework-2.12.0.jar:/home/user/.m2/repository/com/sun/jersey/jersey-core/1.19/jersey-core-1.19.jar:/home/user/.m2/repository/javax/ws/rs/jsr311-api/1.1.1/jsr311-api-1.1.1.jar:/home/user/.m2/repository/com/sun/jersey/jersey-server/1.19/jersey-server-1.19.jar:/home/user/.m2/repository/javax/servlet/javax.servlet-api/3.1.0/javax.servlet-api-3.1.0.jar:/home/user/.m2/repository/org/eclipse/jetty/jetty-server/9.3.24.v20180605/jetty-server-9.3.24.v20180605.jar:/home/user/.m2/repository/org/eclipse/jetty/jetty-http/9.3.24.v20180605/jetty-http-9.3.24.v20180605.jar:/home/user/.m2/repository/org/eclipse/jetty/jetty-io/9.3.24.v20180605/jetty-io-9.3.24.v20180605.jar:/home/user/.m2/repository/org/eclipse/jetty/jetty-webapp/9.3.24.v20180605/jetty-webapp-9.3.24.v20180605.jar:/home/user/.m2/repository/org/eclipse/jetty/jetty-xml/9.3.24.v20180605/jetty-xml-9.3.24.v20180605.jar:/home/user/.m2/repository/log4j/log4j/1.2.17/log4j-1.2.17.jar:/home/user/.m2/repository/org/slf4j/slf4j-api/1.7.25/slf4j-api-1.7.25.jar:/home/user/.m2/repository/org/slf4j/jul-to-slf4j/1.7.25/jul-to-slf4j-1.7.25.jar:/home/user/.m2/repository/org/eclipse/jetty/jetty-util/9.3.24.v20180605/jetty-util-9.3.24.v20180605.jar:/home/user/.m2/repository/com/fasterxml/jackson/core/jackson-databind/2.9.5/jackson-databind-2.9.5.jar:/home/user/.m2/repository/org/apache/hadoop/hadoop-kms/3.2.0/hadoop-kms-3.2.0-tests.jar:/home/user/.m2/repository/org/apache/hadoop/hadoop-hdds-server-scm/0.5.0-SNAPSHOT/hadoop-hdds-server-scm-0.5.0-SNAPSHOT-tests.jar:/home/user/.m2/repository/org/apache/hadoop/hadoop-hdds-container-service/0.5.0-SNAPSHOT/hadoop-hdds-container-service-0.5.0-SNAPSHOT-tests.jar:/home/user/.m2/repository/org/yaml/snakeyaml/1.16/snakeyaml-1.16.jar:/home/user/.m2/repository/org/apache/hadoop/hadoop-common/3.2.0/hadoop-common-3.2.0-tests.jar:/home/user/.m2/repository/org/apache/hadoop/hadoop-annotations/3.2.0/hadoop-annotations-3.2.0.jar:/usr/lib/jvm/java-1.8-openjdk/jre/../lib/tools.jar:/home/user/.m2/repository/commons-cli/commons-cli/1.2/commons-cli-1.2.jar:/home/user/.m2/repository/org/apache/httpcomponents/httpclient/4.5.2/httpclient-4.5.2.jar:/home/user/.m2/repository/org/apache/httpcomponents/httpcore/4.4.4/httpcore-4.4.4.jar:/home/user/.m2/repository/commons-codec/commons-codec/1.11/commons-codec-1.11.jar:/home/user/.m2/repository/commons-net/commons-net/3.6/commons-net-3.6.jar:/home/user/.m2/repository/commons-collections/commons-collections/3.2.2/commons-collections-3.2.2.jar:/home/user/.m2/repository/org/eclipse/jetty/jetty-servlet/9.3.24.v20180605/jetty-servlet-9.3.24.v20180605.jar:/home/user/.m2/repository/org/eclipse/jetty/jetty-security/9.3.24.v20180605/jetty-security-9.3.24.v20180605.jar:/home/user/.m2/repository/javax/servlet/jsp/jsp-api/2.1/jsp-api-2.1.jar:/home/user/.m2/repository/com/sun/jersey/jersey-servlet/1.19/jersey-servlet-1.19.jar:/home/user/.m2/repository/com/sun/jersey/jersey-json/1.19/jersey-json-1.19.jar:/home/user/.m2/repository/org/codehaus/jettison/jettison/1.1/jettison-1.1.jar:/home/user/.m2/repository/org/codehaus/jackson/jackson-core-asl/1.9.13/jackson-core-asl-1.9.13.jar:/home/user/.m2/repository/org/codehaus/jackson/jackson-mapper-asl/1.9.13/jackson-mapper-asl-1.9.13.jar:/home/user/.m2/repository/org/codehaus/jackson/jackson-jaxrs/1.9.13/jackson-jaxrs-1.9.13.jar:/home/user/.m2/repository/org/codehaus/jackson/jackson-xc/1.9.13/jackson-xc-1.9.13.jar:/home/user/.m2/repository/commons-logging/commons-logging/1.1.3/commons-logging-1.1.3.jar:/home/user/.m2/repository/commons-beanutils/commons-beanutils/1.9.3/commons-beanutils-1.9.3.jar:/home/user/.m2/repository/org/apache/commons/commons-configuration2/2.1.1/commons-configuration2-2.1.1.jar:/home/user/.m2/repository/org/apache/commons/commons-lang3/3.7/commons-lang3-3.7.jar:/home/user/.m2/repository/org/apache/commons/commons-text/1.4/commons-text-1.4.jar:/home/user/.m2/repository/org/apache/avro/avro/1.7.7/avro-1.7.7.jar:/home/user/.m2/repository/com/thoughtworks/paranamer/paranamer/2.3/paranamer-2.3.jar:/home/user/.m2/repository/org/xerial/snappy/snappy-java/1.0.5/snappy-java-1.0.5.jar:/home/user/.m2/repository/com/google/re2j/re2j/1.1/re2j-1.1.jar:/home/user/.m2/repository/com/google/code/gson/gson/2.2.4/gson-2.2.4.jar:/home/user/.m2/repository/com/jcraft/jsch/0.1.54/jsch-0.1.54.jar:/home/user/.m2/repository/org/apache/curator/curator-client/2.12.0/curator-client-2.12.0.jar:/home/user/.m2/repository/org/apache/curator/curator-recipes/2.12.0/curator-recipes-2.12.0.jar:/home/user/.m2/repository/com/google/code/findbugs/jsr305/3.0.0/jsr305-3.0.0.jar:/home/user/.m2/repository/org/apache/htrace/htrace-core4/4.1.0-incubating/htrace-core4-4.1.0-incubating.jar:/home/user/.m2/repository/org/apache/zookeeper/zookeeper/3.4.13/zookeeper-3.4.13.jar:/home/user/.m2/repository/org/apache/yetus/audience-annotations/0.5.0/audience-annotations-0.5.0.jar:/home/user/.m2/repository/org/codehaus/woodstox/stax2-api/3.1.4/stax2-api-3.1.4.jar:/home/user/.m2/repository/com/fasterxml/woodstox/woodstox-core/5.0.3/woodstox-core-5.0.3.jar:/home/user/.m2/repository/dnsjava/dnsjava/2.1.7/dnsjava-2.1.7.jar:/home/user/.m2/repository/org/apache/hadoop/hadoop-hdfs/3.2.0/hadoop-hdfs-3.2.0-tests.jar:/home/user/.m2/repository/org/eclipse/jetty/jetty-util-ajax/9.3.24.v20180605/jetty-util-ajax-9.3.24.v20180605.jar:/home/user/.m2/repository/commons-daemon/commons-daemon/1.0.13/commons-daemon-1.0.13.jar:/home/user/.m2/repository/io/netty/netty/3.10.5.Final/netty-3.10.5.Final.jar:/home/user/.m2/repository/io/netty/netty-all/4.0.52.Final/netty-all-4.0.52.Final.jar:/home/user/.m2/repository/org/fusesource/leveldbjni/leveldbjni-all/1.8/leveldbjni-all-1.8.jar:"/>
    <property name="sun.cpu.endian" value="little"/>
    <property name="user.home" value="/home/user"/>
    <property name="user.language" value="en"/>
    <property name="java.specification.vendor" value="Oracle Corporation"/>
    <property name="java.home" value="/usr/lib/jvm/java-1.8-openjdk/jre"/>
    <property name="java.security.krb5.conf" value="/workdir/hadoop-ozone/integration-test/target/test-classes/krb5.conf"/>
    <property name="basedir" value="/workdir/hadoop-ozone/integration-test"/>
    <property name="file.separator" value="/"/>
    <property name="line.separator" value="&#10;"/>
    <property name="java.vm.specification.vendor" value="Oracle Corporation"/>
    <property name="java.specification.name" value="Java Platform API Specification"/>
    <property name="java.awt.graphicsenv" value="sun.awt.X11GraphicsEnvironment"/>
    <property name="surefire.real.class.path" value="/workdir/hadoop-ozone/integration-test/target/surefire/surefirebooter5283612800692408241.jar"/>
    <property name="hadoop.log.dir" value="/workdir/hadoop-ozone/integration-test/target/log"/>
    <property name="sun.boot.class.path" value="/usr/lib/jvm/java-1.8-openjdk/jre/lib/resources.jar:/usr/lib/jvm/java-1.8-openjdk/jre/lib/rt.jar:/usr/lib/jvm/java-1.8-openjdk/jre/lib/sunrsasign.jar:/usr/lib/jvm/java-1.8-openjdk/jre/lib/jsse.jar:/usr/lib/jvm/java-1.8-openjdk/jre/lib/jce.jar:/usr/lib/jvm/java-1.8-openjdk/jre/lib/charsets.jar:/usr/lib/jvm/java-1.8-openjdk/jre/lib/jfr.jar:/usr/lib/jvm/java-1.8-openjdk/jre/classes"/>
    <property name="sun.management.compiler" value="HotSpot 64-Bit Tiered Compilers"/>
    <property name="java.runtime.version" value="1.8.0_212-b04"/>
    <property name="java.net.preferIPv4Stack" value="true"/>
    <property name="user.name" value="jenkins1000"/>
    <property name="path.separator" value=":"/>
    <property name="java.security.egd" value="file:///dev/urandom"/>
    <property name="os.version" value="3.10.0-957.12.2.el7.x86_64"/>
    <property name="java.endorsed.dirs" value="/usr/lib/jvm/java-1.8-openjdk/jre/lib/endorsed"/>
    <property name="java.runtime.name" value="OpenJDK Runtime Environment"/>
    <property name="file.encoding" value="UTF-8"/>
    <property name="java.vm.name" value="OpenJDK 64-Bit Server VM"/>
    <property name="test.build.webapps" value=""/>
    <property name="localRepository" value="/home/user/.m2/repository"/>
    <property name="java.vendor.url.bug" value="https://icedtea.classpath.org/bugzilla"/>
    <property name="java.io.tmpdir" value="/tmp"/>
    <property name="require.test.libhadoop" value=""/>
    <property name="java.version" value="1.8.0_212"/>
    <property name="user.dir" value="/workdir/hadoop-ozone/integration-test"/>
    <property name="os.arch" value="amd64"/>
    <property name="java.vm.specification.name" value="Java Virtual Machine Specification"/>
    <property name="test.build.classes" value="/workdir/hadoop-ozone/integration-test/target/test-classes"/>
    <property name="java.awt.printerjob" value="sun.print.PSPrinterJob"/>
    <property name="sun.os.patch.level" value="unknown"/>
    <property name="hadoop.tmp.dir" value="/workdir/hadoop-ozone/integration-test/target/tmp"/>
    <property name="java.library.path" value="/usr/lib/jvm/java-1.8-openjdk/jre/lib/amd64/server:/usr/lib/jvm/java-1.8-openjdk/jre/lib/amd64:/usr/lib/jvm/java-1.8-openjdk/jre/../lib/amd64:/workdir/hadoop-ozone/integration-test/target/native/target/usr/local/lib:/workdir/hadoop-ozone/integration-test/../../hadoop-common-project/hadoop-common/target/native/target/usr/local/lib:/usr/java/packages/lib/amd64:/usr/lib64:/lib64:/lib:/usr/lib"/>
    <property name="java.vm.info" value="mixed mode"/>
    <property name="java.vendor" value="IcedTea"/>
    <property name="java.vm.version" value="25.212-b04"/>
    <property name="java.ext.dirs" value="/usr/lib/jvm/java-1.8-openjdk/jre/lib/ext:/usr/java/packages/lib/ext"/>
    <property name="sun.io.unicode.encoding" value="UnicodeLittle"/>
    <property name="java.class.version" value="52.0"/>
  </properties>
  <testcase name="testFlushChunk" classname="org.apache.hadoop.ozone.client.rpc.TestBlockOutputStream" time="12.8"/>
  <testcase name="testMultiChunkWrite2" classname="org.apache.hadoop.ozone.client.rpc.TestBlockOutputStream" time="1.122"/>
  <testcase name="testMultiChunkWrite" classname="org.apache.hadoop.ozone.client.rpc.TestBlockOutputStream" time="1.034"/>
  <testcase name="testFullBufferCondition" classname="org.apache.hadoop.ozone.client.rpc.TestBlockOutputStream" time="187.444">
    <failure type="java.lang.AssertionError">java.lang.AssertionError
	at org.junit.Assert.fail(Assert.java:86)
	at org.junit.Assert.assertTrue(Assert.java:41)
	at org.junit.Assert.assertTrue(Assert.java:52)
	at org.apache.hadoop.ozone.client.rpc.TestBlockOutputStream.testFullBufferCondition(TestBlockOutputStream.java:515)
	at sun.reflect.NativeMethodAccessorImpl.invoke0(Native Method)
	at sun.reflect.NativeMethodAccessorImpl.invoke(NativeMethodAccessorImpl.java:62)
	at sun.reflect.DelegatingMethodAccessorImpl.invoke(DelegatingMethodAccessorImpl.java:43)
	at java.lang.reflect.Method.invoke(Method.java:498)
	at org.junit.runners.model.FrameworkMethod$1.runReflectiveCall(FrameworkMethod.java:47)
	at org.junit.internal.runners.model.ReflectiveCallable.run(ReflectiveCallable.java:12)
	at org.junit.runners.model.FrameworkMethod.invokeExplosively(FrameworkMethod.java:44)
	at org.junit.internal.runners.statements.InvokeMethod.evaluate(InvokeMethod.java:17)
	at org.junit.runners.ParentRunner.runLeaf(ParentRunner.java:271)
	at org.junit.runners.BlockJUnit4ClassRunner.runChild(BlockJUnit4ClassRunner.java:70)
	at org.junit.runners.BlockJUnit4ClassRunner.runChild(BlockJUnit4ClassRunner.java:50)
	at org.junit.runners.ParentRunner$3.run(ParentRunner.java:238)
	at org.junit.runners.ParentRunner$1.schedule(ParentRunner.java:63)
	at org.junit.runners.ParentRunner.runChildren(ParentRunner.java:236)
	at org.junit.runners.ParentRunner.access$000(ParentRunner.java:53)
	at org.junit.runners.ParentRunner$2.evaluate(ParentRunner.java:229)
	at org.junit.internal.runners.statements.RunBefores.evaluate(RunBefores.java:26)
	at org.junit.internal.runners.statements.RunAfters.evaluate(RunAfters.java:27)
	at org.junit.runners.ParentRunner.run(ParentRunner.java:309)
	at org.apache.maven.surefire.junit4.JUnit4Provider.execute(JUnit4Provider.java:365)
	at org.apache.maven.surefire.junit4.JUnit4Provider.executeWithRerun(JUnit4Provider.java:273)
	at org.apache.maven.surefire.junit4.JUnit4Provider.executeTestSet(JUnit4Provider.java:238)
	at org.apache.maven.surefire.junit4.JUnit4Provider.invoke(JUnit4Provider.java:159)
	at org.apache.maven.surefire.booter.ForkedBooter.invokeProviderInSameClassLoader(ForkedBooter.java:384)
	at org.apache.maven.surefire.booter.ForkedBooter.runSuitesInProcess(ForkedBooter.java:345)
	at org.apache.maven.surefire.booter.ForkedBooter.execute(ForkedBooter.java:126)
	at org.apache.maven.surefire.booter.ForkedBooter.main(ForkedBooter.java:418)
</failure>
    <system-out><![CDATA[2019-09-16 21:07:59,870 [java.util.concurrent.ThreadPoolExecutor$Worker@a95aeed[State = -1, empty queue]] WARN  server.GrpcLogAppender (GrpcLogAppender.java:timeoutAppendRequest(200)) - ad2d061b-bce4-4929-94ab-c6ef8113ba3f@group-5176954A2AAB->701ccf05-4c28-42f5-aa92-67be6d940b6d-GrpcLogAppender: appendEntries Timeout, request=ad2d061b-bce4-4929-94ab-c6ef8113ba3f->701ccf05-4c28-42f5-aa92-67be6d940b6d#14-t2, previous=(t:2, i:12), leaderCommit=12, initializing? false, entries: size=1, first=(t:2, i:13), STATEMACHINELOGENTRY, client-37F90F3E4798, cid=24
2019-09-16 21:07:59,870 [java.util.concurrent.ThreadPoolExecutor$Worker@5d461e01[State = -1, empty queue]] WARN  server.GrpcLogAppender (GrpcLogAppender.java:timeoutAppendRequest(200)) - ad2d061b-bce4-4929-94ab-c6ef8113ba3f@group-5176954A2AAB->a9e3505a-b857-4083-807b-c489e4862dfa-GrpcLogAppender: appendEntries Timeout, request=ad2d061b-bce4-4929-94ab-c6ef8113ba3f->a9e3505a-b857-4083-807b-c489e4862dfa#14-t2, previous=(t:2, i:12), leaderCommit=12, initializing? false, entries: size=1, first=(t:2, i:13), STATEMACHINELOGENTRY, client-37F90F3E4798, cid=24
2019-09-16 21:07:59,874 [java.util.concurrent.ThreadPoolExecutor$Worker@a95aeed[State = -1, empty queue]] WARN  server.GrpcLogAppender (GrpcLogAppender.java:timeoutAppendRequest(200)) - ad2d061b-bce4-4929-94ab-c6ef8113ba3f@group-5176954A2AAB->701ccf05-4c28-42f5-aa92-67be6d940b6d-GrpcLogAppender: appendEntries Timeout, request=ad2d061b-bce4-4929-94ab-c6ef8113ba3f->701ccf05-4c28-42f5-aa92-67be6d940b6d#15-t2, previous=(t:2, i:13), leaderCommit=12, initializing? false, entries: size=1, first=(t:2, i:14), STATEMACHINELOGENTRY, client-37F90F3E4798, cid=25
2019-09-16 21:07:59,877 [java.util.concurrent.ThreadPoolExecutor$Worker@5d461e01[State = -1, empty queue]] WARN  server.GrpcLogAppender (GrpcLogAppender.java:timeoutAppendRequest(200)) - ad2d061b-bce4-4929-94ab-c6ef8113ba3f@group-5176954A2AAB->a9e3505a-b857-4083-807b-c489e4862dfa-GrpcLogAppender: appendEntries Timeout, request=ad2d061b-bce4-4929-94ab-c6ef8113ba3f->a9e3505a-b857-4083-807b-c489e4862dfa#15-t2, previous=(t:2, i:13), leaderCommit=12, initializing? false, entries: size=1, first=(t:2, i:14), STATEMACHINELOGENTRY, client-37F90F3E4798, cid=25
2019-09-16 21:07:59,879 [java.util.concurrent.ThreadPoolExecutor$Worker@a95aeed[State = -1, empty queue]] WARN  server.GrpcLogAppender (GrpcLogAppender.java:timeoutAppendRequest(200)) - ad2d061b-bce4-4929-94ab-c6ef8113ba3f@group-5176954A2AAB->701ccf05-4c28-42f5-aa92-67be6d940b6d-GrpcLogAppender: appendEntries Timeout, request=ad2d061b-bce4-4929-94ab-c6ef8113ba3f->701ccf05-4c28-42f5-aa92-67be6d940b6d#16-t2, previous=(t:2, i:14), leaderCommit=12, initializing? false, entries: size=1, first=(t:2, i:15), STATEMACHINELOGENTRY, client-37F90F3E4798, cid=26
2019-09-16 21:07:59,881 [java.util.concurrent.ThreadPoolExecutor$Worker@5d461e01[State = -1, empty queue]] WARN  server.GrpcLogAppender (GrpcLogAppender.java:timeoutAppendRequest(200)) - ad2d061b-bce4-4929-94ab-c6ef8113ba3f@group-5176954A2AAB->a9e3505a-b857-4083-807b-c489e4862dfa-GrpcLogAppender: appendEntries Timeout, request=ad2d061b-bce4-4929-94ab-c6ef8113ba3f->a9e3505a-b857-4083-807b-c489e4862dfa#16-t2, previous=(t:2, i:14), leaderCommit=12, initializing? false, entries: size=1, first=(t:2, i:15), STATEMACHINELOGENTRY, client-37F90F3E4798, cid=26
2019-09-16 21:07:59,883 [java.util.concurrent.ThreadPoolExecutor$Worker@a95aeed[State = -1, empty queue]] WARN  server.GrpcLogAppender (GrpcLogAppender.java:timeoutAppendRequest(200)) - ad2d061b-bce4-4929-94ab-c6ef8113ba3f@group-5176954A2AAB->701ccf05-4c28-42f5-aa92-67be6d940b6d-GrpcLogAppender: appendEntries Timeout, request=ad2d061b-bce4-4929-94ab-c6ef8113ba3f->701ccf05-4c28-42f5-aa92-67be6d940b6d#17-t2, previous=(t:2, i:15), leaderCommit=12, initializing? false, entries: size=1, first=(t:2, i:16), STATEMACHINELOGENTRY, client-37F90F3E4798, cid=27
2019-09-16 21:07:59,885 [java.util.concurrent.ThreadPoolExecutor$Worker@5d461e01[State = -1, empty queue]] WARN  server.GrpcLogAppender (GrpcLogAppender.java:timeoutAppendRequest(200)) - ad2d061b-bce4-4929-94ab-c6ef8113ba3f@group-5176954A2AAB->a9e3505a-b857-4083-807b-c489e4862dfa-GrpcLogAppender: appendEntries Timeout, request=ad2d061b-bce4-4929-94ab-c6ef8113ba3f->a9e3505a-b857-4083-807b-c489e4862dfa#17-t2, previous=(t:2, i:15), leaderCommit=12, initializing? false, entries: size=1, first=(t:2, i:16), STATEMACHINELOGENTRY, client-37F90F3E4798, cid=27
2019-09-16 21:07:59,887 [java.util.concurrent.ThreadPoolExecutor$Worker@a95aeed[State = -1, empty queue]] WARN  server.GrpcLogAppender (GrpcLogAppender.java:timeoutAppendRequest(200)) - ad2d061b-bce4-4929-94ab-c6ef8113ba3f@group-5176954A2AAB->701ccf05-4c28-42f5-aa92-67be6d940b6d-GrpcLogAppender: appendEntries Timeout, request=ad2d061b-bce4-4929-94ab-c6ef8113ba3f->701ccf05-4c28-42f5-aa92-67be6d940b6d#18-t2, previous=(t:2, i:16), leaderCommit=12, initializing? false, entries: size=1, first=(t:2, i:17), STATEMACHINELOGENTRY, client-37F90F3E4798, cid=28
2019-09-16 21:07:59,897 [java.util.concurrent.ThreadPoolExecutor$Worker@5d461e01[State = -1, empty queue]] WARN  server.GrpcLogAppender (GrpcLogAppender.java:timeoutAppendRequest(200)) - ad2d061b-bce4-4929-94ab-c6ef8113ba3f@group-5176954A2AAB->a9e3505a-b857-4083-807b-c489e4862dfa-GrpcLogAppender: appendEntries Timeout, request=ad2d061b-bce4-4929-94ab-c6ef8113ba3f->a9e3505a-b857-4083-807b-c489e4862dfa#18-t2, previous=(t:2, i:16), leaderCommit=12, initializing? false, entries: size=1, first=(t:2, i:17), STATEMACHINELOGENTRY, client-37F90F3E4798, cid=28
2019-09-16 21:07:59,899 [java.util.concurrent.ThreadPoolExecutor$Worker@a95aeed[State = -1, empty queue]] WARN  server.GrpcLogAppender (GrpcLogAppender.java:timeoutAppendRequest(200)) - ad2d061b-bce4-4929-94ab-c6ef8113ba3f@group-5176954A2AAB->701ccf05-4c28-42f5-aa92-67be6d940b6d-GrpcLogAppender: appendEntries Timeout, request=ad2d061b-bce4-4929-94ab-c6ef8113ba3f->701ccf05-4c28-42f5-aa92-67be6d940b6d#19-t2, previous=(t:2, i:17), leaderCommit=12, initializing? false, entries: size=1, first=(t:2, i:18), STATEMACHINELOGENTRY, client-37F90F3E4798, cid=29
2019-09-16 21:07:59,901 [java.util.concurrent.ThreadPoolExecutor$Worker@5d461e01[State = -1, empty queue]] WARN  server.GrpcLogAppender (GrpcLogAppender.java:timeoutAppendRequest(200)) - ad2d061b-bce4-4929-94ab-c6ef8113ba3f@group-5176954A2AAB->a9e3505a-b857-4083-807b-c489e4862dfa-GrpcLogAppender: appendEntries Timeout, request=ad2d061b-bce4-4929-94ab-c6ef8113ba3f->a9e3505a-b857-4083-807b-c489e4862dfa#19-t2, previous=(t:2, i:17), leaderCommit=12, initializing? false, entries: size=1, first=(t:2, i:18), STATEMACHINELOGENTRY, client-37F90F3E4798, cid=29
2019-09-16 21:08:01,915 [grpc-default-executor-2] INFO  client.GrpcClientProtocolClient (GrpcClientProtocolClient.java:onNext(264)) - client-37F90F3E4798->a9e3505a-b857-4083-807b-c489e4862dfa: receive RaftClientReply:client-37F90F3E4798->a9e3505a-b857-4083-807b-c489e4862dfa@group-5176954A2AAB, cid=24, FAILED org.apache.ratis.protocol.NotLeaderException: Server a9e3505a-b857-4083-807b-c489e4862dfa@group-5176954A2AAB is not the leader ad2d061b-bce4-4929-94ab-c6ef8113ba3f:192.168.69.85:43917, logIndex=0, commits[a9e3505a-b857-4083-807b-c489e4862dfa:c12, ad2d061b-bce4-4929-94ab-c6ef8113ba3f:c12, 701ccf05-4c28-42f5-aa92-67be6d940b6d:c10]
2019-09-16 21:08:02,383 [java.util.concurrent.ThreadPoolExecutor$Worker@5d461e01[State = -1, empty queue]] WARN  server.GrpcLogAppender (GrpcLogAppender.java:timeoutAppendRequest(200)) - ad2d061b-bce4-4929-94ab-c6ef8113ba3f@group-5176954A2AAB->a9e3505a-b857-4083-807b-c489e4862dfa-GrpcLogAppender: appendEntries Timeout, request=ad2d061b-bce4-4929-94ab-c6ef8113ba3f->a9e3505a-b857-4083-807b-c489e4862dfa#20-t2, previous=(t:2, i:18), leaderCommit=12, initializing? false, entries: <empty>
2019-09-16 21:08:02,383 [java.util.concurrent.ThreadPoolExecutor$Worker@a95aeed[State = -1, empty queue]] WARN  server.GrpcLogAppender (GrpcLogAppender.java:timeoutAppendRequest(200)) - ad2d061b-bce4-4929-94ab-c6ef8113ba3f@group-5176954A2AAB->701ccf05-4c28-42f5-aa92-67be6d940b6d-GrpcLogAppender: appendEntries Timeout, request=ad2d061b-bce4-4929-94ab-c6ef8113ba3f->701ccf05-4c28-42f5-aa92-67be6d940b6d#20-t2, previous=(t:2, i:18), leaderCommit=12, initializing? false, entries: <empty>
2019-09-16 21:08:04,884 [java.util.concurrent.ThreadPoolExecutor$Worker@a95aeed[State = -1, empty queue]] WARN  server.GrpcLogAppender (GrpcLogAppender.java:timeoutAppendRequest(200)) - ad2d061b-bce4-4929-94ab-c6ef8113ba3f@group-5176954A2AAB->701ccf05-4c28-42f5-aa92-67be6d940b6d-GrpcLogAppender: appendEntries Timeout, request=ad2d061b-bce4-4929-94ab-c6ef8113ba3f->701ccf05-4c28-42f5-aa92-67be6d940b6d#21-t2, previous=(t:2, i:18), leaderCommit=12, initializing? false, entries: <empty>
2019-09-16 21:08:04,884 [java.util.concurrent.ThreadPoolExecutor$Worker@5d461e01[State = -1, empty queue]] WARN  server.GrpcLogAppender (GrpcLogAppender.java:timeoutAppendRequest(200)) - ad2d061b-bce4-4929-94ab-c6ef8113ba3f@group-5176954A2AAB->a9e3505a-b857-4083-807b-c489e4862dfa-GrpcLogAppender: appendEntries Timeout, request=ad2d061b-bce4-4929-94ab-c6ef8113ba3f->a9e3505a-b857-4083-807b-c489e4862dfa#21-t2, previous=(t:2, i:18), leaderCommit=12, initializing? false, entries: <empty>
2019-09-16 21:08:06,964 [grpc-default-executor-2] INFO  client.GrpcClientProtocolClient (GrpcClientProtocolClient.java:onNext(264)) - client-37F90F3E4798->701ccf05-4c28-42f5-aa92-67be6d940b6d: receive RaftClientReply:client-37F90F3E4798->701ccf05-4c28-42f5-aa92-67be6d940b6d@group-5176954A2AAB, cid=24, FAILED org.apache.ratis.protocol.NotLeaderException: Server 701ccf05-4c28-42f5-aa92-67be6d940b6d@group-5176954A2AAB is not the leader ad2d061b-bce4-4929-94ab-c6ef8113ba3f:192.168.69.85:43917, logIndex=0, commits[701ccf05-4c28-42f5-aa92-67be6d940b6d:c12, ad2d061b-bce4-4929-94ab-c6ef8113ba3f:c12, a9e3505a-b857-4083-807b-c489e4862dfa:c10]
2019-09-16 21:08:07,153 [a9e3505a-b857-4083-807b-c489e4862dfa@group-5176954A2AAB-SegmentedRaftLogWorker] WARN  segmented.SegmentedRaftLogWorker (SegmentedRaftLogWorker.java:getFromFuture(90)) - Timeout 0/~
org.apache.ratis.protocol.TimeoutIOException: Timeout 10s: WriteLog:14: (t:2, i:14), STATEMACHINELOGENTRY, client-37F90F3E4798, cid=25-writeStateMachineData
	at org.apache.ratis.util.IOUtils.getFromFuture(IOUtils.java:87)
	at org.apache.ratis.server.raftlog.segmented.SegmentedRaftLogWorker$StateMachineDataPolicy.getFromFuture(SegmentedRaftLogWorker.java:87)
	at org.apache.ratis.server.raftlog.segmented.SegmentedRaftLogWorker$WriteLog.execute(SegmentedRaftLogWorker.java:477)
	at org.apache.ratis.server.raftlog.segmented.SegmentedRaftLogWorker.run(SegmentedRaftLogWorker.java:289)
	at java.lang.Thread.run(Thread.java:748)
Caused by: java.util.concurrent.TimeoutException
	at java.util.concurrent.CompletableFuture.timedGet(CompletableFuture.java:1771)
	at java.util.concurrent.CompletableFuture.get(CompletableFuture.java:1915)
	at org.apache.ratis.util.IOUtils.getFromFuture(IOUtils.java:79)
	... 4 more
2019-09-16 21:08:07,153 [701ccf05-4c28-42f5-aa92-67be6d940b6d@group-5176954A2AAB-SegmentedRaftLogWorker] WARN  segmented.SegmentedRaftLogWorker (SegmentedRaftLogWorker.java:getFromFuture(90)) - Timeout 0/~
org.apache.ratis.protocol.TimeoutIOException: Timeout 10s: WriteLog:14: (t:2, i:14), STATEMACHINELOGENTRY, client-37F90F3E4798, cid=25-writeStateMachineData
	at org.apache.ratis.util.IOUtils.getFromFuture(IOUtils.java:87)
	at org.apache.ratis.server.raftlog.segmented.SegmentedRaftLogWorker$StateMachineDataPolicy.getFromFuture(SegmentedRaftLogWorker.java:87)
	at org.apache.ratis.server.raftlog.segmented.SegmentedRaftLogWorker$WriteLog.execute(SegmentedRaftLogWorker.java:477)
	at org.apache.ratis.server.raftlog.segmented.SegmentedRaftLogWorker.run(SegmentedRaftLogWorker.java:289)
	at java.lang.Thread.run(Thread.java:748)
Caused by: java.util.concurrent.TimeoutException
	at java.util.concurrent.CompletableFuture.timedGet(CompletableFuture.java:1771)
	at java.util.concurrent.CompletableFuture.get(CompletableFuture.java:1915)
	at org.apache.ratis.util.IOUtils.getFromFuture(IOUtils.java:79)
	... 4 more
2019-09-16 21:08:07,153 [ad2d061b-bce4-4929-94ab-c6ef8113ba3f@group-5176954A2AAB-SegmentedRaftLogWorker] WARN  segmented.SegmentedRaftLogWorker (SegmentedRaftLogWorker.java:getFromFuture(90)) - Timeout 0/~
org.apache.ratis.protocol.TimeoutIOException: Timeout 10s: WriteLog:14: (t:2, i:14), STATEMACHINELOGENTRY, client-37F90F3E4798, cid=25-writeStateMachineData
	at org.apache.ratis.util.IOUtils.getFromFuture(IOUtils.java:87)
	at org.apache.ratis.server.raftlog.segmented.SegmentedRaftLogWorker$StateMachineDataPolicy.getFromFuture(SegmentedRaftLogWorker.java:87)
	at org.apache.ratis.server.raftlog.segmented.SegmentedRaftLogWorker$WriteLog.execute(SegmentedRaftLogWorker.java:477)
	at org.apache.ratis.server.raftlog.segmented.SegmentedRaftLogWorker.run(SegmentedRaftLogWorker.java:289)
	at java.lang.Thread.run(Thread.java:748)
Caused by: java.util.concurrent.TimeoutException
	at java.util.concurrent.CompletableFuture.timedGet(CompletableFuture.java:1771)
	at java.util.concurrent.CompletableFuture.get(CompletableFuture.java:1915)
	at org.apache.ratis.util.IOUtils.getFromFuture(IOUtils.java:79)
	... 4 more
2019-09-16 21:08:07,384 [java.util.concurrent.ThreadPoolExecutor$Worker@a95aeed[State = -1, empty queue]] WARN  server.GrpcLogAppender (GrpcLogAppender.java:timeoutAppendRequest(200)) - ad2d061b-bce4-4929-94ab-c6ef8113ba3f@group-5176954A2AAB->701ccf05-4c28-42f5-aa92-67be6d940b6d-GrpcLogAppender: appendEntries Timeout, request=ad2d061b-bce4-4929-94ab-c6ef8113ba3f->701ccf05-4c28-42f5-aa92-67be6d940b6d#22-t2, previous=(t:2, i:18), leaderCommit=12, initializing? false, entries: <empty>
2019-09-16 21:08:07,384 [java.util.concurrent.ThreadPoolExecutor$Worker@5d461e01[State = -1, empty queue]] WARN  server.GrpcLogAppender (GrpcLogAppender.java:timeoutAppendRequest(200)) - ad2d061b-bce4-4929-94ab-c6ef8113ba3f@group-5176954A2AAB->a9e3505a-b857-4083-807b-c489e4862dfa-GrpcLogAppender: appendEntries Timeout, request=ad2d061b-bce4-4929-94ab-c6ef8113ba3f->a9e3505a-b857-4083-807b-c489e4862dfa#22-t2, previous=(t:2, i:18), leaderCommit=12, initializing? false, entries: <empty>
2019-09-16 21:08:09,885 [java.util.concurrent.ThreadPoolExecutor$Worker@5d461e01[State = -1, empty queue]] WARN  server.GrpcLogAppender (GrpcLogAppender.java:timeoutAppendRequest(200)) - ad2d061b-bce4-4929-94ab-c6ef8113ba3f@group-5176954A2AAB->a9e3505a-b857-4083-807b-c489e4862dfa-GrpcLogAppender: appendEntries Timeout, request=ad2d061b-bce4-4929-94ab-c6ef8113ba3f->a9e3505a-b857-4083-807b-c489e4862dfa#23-t2, previous=(t:2, i:18), leaderCommit=12, initializing? false, entries: <empty>
2019-09-16 21:08:09,885 [java.util.concurrent.ThreadPoolExecutor$Worker@a95aeed[State = -1, empty queue]] WARN  server.GrpcLogAppender (GrpcLogAppender.java:timeoutAppendRequest(200)) - ad2d061b-bce4-4929-94ab-c6ef8113ba3f@group-5176954A2AAB->701ccf05-4c28-42f5-aa92-67be6d940b6d-GrpcLogAppender: appendEntries Timeout, request=ad2d061b-bce4-4929-94ab-c6ef8113ba3f->701ccf05-4c28-42f5-aa92-67be6d940b6d#23-t2, previous=(t:2, i:18), leaderCommit=12, initializing? false, entries: <empty>
2019-09-16 21:08:12,047 [grpc-default-executor-2] INFO  client.GrpcClientProtocolClient (GrpcClientProtocolClient.java:onNext(264)) - client-37F90F3E4798->701ccf05-4c28-42f5-aa92-67be6d940b6d: receive RaftClientReply:client-37F90F3E4798->701ccf05-4c28-42f5-aa92-67be6d940b6d@group-5176954A2AAB, cid=24, FAILED org.apache.ratis.protocol.NotLeaderException: Server 701ccf05-4c28-42f5-aa92-67be6d940b6d@group-5176954A2AAB is not the leader ad2d061b-bce4-4929-94ab-c6ef8113ba3f:192.168.69.85:43917, logIndex=0, commits[701ccf05-4c28-42f5-aa92-67be6d940b6d:c12, ad2d061b-bce4-4929-94ab-c6ef8113ba3f:c12, a9e3505a-b857-4083-807b-c489e4862dfa:c10]
2019-09-16 21:08:12,386 [java.util.concurrent.ThreadPoolExecutor$Worker@a95aeed[State = -1, empty queue]] WARN  server.GrpcLogAppender (GrpcLogAppender.java:timeoutAppendRequest(200)) - ad2d061b-bce4-4929-94ab-c6ef8113ba3f@group-5176954A2AAB->701ccf05-4c28-42f5-aa92-67be6d940b6d-GrpcLogAppender: appendEntries Timeout, request=ad2d061b-bce4-4929-94ab-c6ef8113ba3f->701ccf05-4c28-42f5-aa92-67be6d940b6d#24-t2, previous=(t:2, i:18), leaderCommit=12, initializing? false, entries: <empty>
2019-09-16 21:08:12,386 [java.util.concurrent.ThreadPoolExecutor$Worker@5d461e01[State = -1, empty queue]] WARN  server.GrpcLogAppender (GrpcLogAppender.java:timeoutAppendRequest(200)) - ad2d061b-bce4-4929-94ab-c6ef8113ba3f@group-5176954A2AAB->a9e3505a-b857-4083-807b-c489e4862dfa-GrpcLogAppender: appendEntries Timeout, request=ad2d061b-bce4-4929-94ab-c6ef8113ba3f->a9e3505a-b857-4083-807b-c489e4862dfa#24-t2, previous=(t:2, i:18), leaderCommit=12, initializing? false, entries: <empty>
2019-09-16 21:08:14,888 [java.util.concurrent.ThreadPoolExecutor$Worker@5d461e01[State = -1, empty queue]] WARN  server.GrpcLogAppender (GrpcLogAppender.java:timeoutAppendRequest(200)) - ad2d061b-bce4-4929-94ab-c6ef8113ba3f@group-5176954A2AAB->a9e3505a-b857-4083-807b-c489e4862dfa-GrpcLogAppender: appendEntries Timeout, request=ad2d061b-bce4-4929-94ab-c6ef8113ba3f->a9e3505a-b857-4083-807b-c489e4862dfa#25-t2, previous=(t:2, i:18), leaderCommit=12, initializing? false, entries: <empty>
2019-09-16 21:08:14,888 [java.util.concurrent.ThreadPoolExecutor$Worker@a95aeed[State = -1, empty queue]] WARN  server.GrpcLogAppender (GrpcLogAppender.java:timeoutAppendRequest(200)) - ad2d061b-bce4-4929-94ab-c6ef8113ba3f@group-5176954A2AAB->701ccf05-4c28-42f5-aa92-67be6d940b6d-GrpcLogAppender: appendEntries Timeout, request=ad2d061b-bce4-4929-94ab-c6ef8113ba3f->701ccf05-4c28-42f5-aa92-67be6d940b6d#25-t2, previous=(t:2, i:18), leaderCommit=12, initializing? false, entries: <empty>
2019-09-16 21:08:17,101 [grpc-default-executor-2] INFO  client.GrpcClientProtocolClient (GrpcClientProtocolClient.java:onNext(264)) - client-37F90F3E4798->701ccf05-4c28-42f5-aa92-67be6d940b6d: receive RaftClientReply:client-37F90F3E4798->701ccf05-4c28-42f5-aa92-67be6d940b6d@group-5176954A2AAB, cid=24, FAILED org.apache.ratis.protocol.NotLeaderException: Server 701ccf05-4c28-42f5-aa92-67be6d940b6d@group-5176954A2AAB is not the leader ad2d061b-bce4-4929-94ab-c6ef8113ba3f:192.168.69.85:43917, logIndex=0, commits[701ccf05-4c28-42f5-aa92-67be6d940b6d:c12, ad2d061b-bce4-4929-94ab-c6ef8113ba3f:c12, a9e3505a-b857-4083-807b-c489e4862dfa:c10]
2019-09-16 21:08:17,156 [a9e3505a-b857-4083-807b-c489e4862dfa@group-5176954A2AAB-SegmentedRaftLogWorker] WARN  segmented.SegmentedRaftLogWorker (SegmentedRaftLogWorker.java:getFromFuture(90)) - Timeout 1/~
org.apache.ratis.protocol.TimeoutIOException: Timeout 10s: WriteLog:14: (t:2, i:14), STATEMACHINELOGENTRY, client-37F90F3E4798, cid=25-writeStateMachineData
	at org.apache.ratis.util.IOUtils.getFromFuture(IOUtils.java:87)
	at org.apache.ratis.server.raftlog.segmented.SegmentedRaftLogWorker$StateMachineDataPolicy.getFromFuture(SegmentedRaftLogWorker.java:87)
	at org.apache.ratis.server.raftlog.segmented.SegmentedRaftLogWorker$WriteLog.execute(SegmentedRaftLogWorker.java:477)
	at org.apache.ratis.server.raftlog.segmented.SegmentedRaftLogWorker.run(SegmentedRaftLogWorker.java:289)
	at java.lang.Thread.run(Thread.java:748)
Caused by: java.util.concurrent.TimeoutException
	at java.util.concurrent.CompletableFuture.timedGet(CompletableFuture.java:1771)
	at java.util.concurrent.CompletableFuture.get(CompletableFuture.java:1915)
	at org.apache.ratis.util.IOUtils.getFromFuture(IOUtils.java:79)
	... 4 more
2019-09-16 21:08:17,159 [701ccf05-4c28-42f5-aa92-67be6d940b6d@group-5176954A2AAB-SegmentedRaftLogWorker] WARN  segmented.SegmentedRaftLogWorker (SegmentedRaftLogWorker.java:getFromFuture(90)) - Timeout 1/~
org.apache.ratis.protocol.TimeoutIOException: Timeout 10s: WriteLog:14: (t:2, i:14), STATEMACHINELOGENTRY, client-37F90F3E4798, cid=25-writeStateMachineData
	at org.apache.ratis.util.IOUtils.getFromFuture(IOUtils.java:87)
	at org.apache.ratis.server.raftlog.segmented.SegmentedRaftLogWorker$StateMachineDataPolicy.getFromFuture(SegmentedRaftLogWorker.java:87)
	at org.apache.ratis.server.raftlog.segmented.SegmentedRaftLogWorker$WriteLog.execute(SegmentedRaftLogWorker.java:477)
	at org.apache.ratis.server.raftlog.segmented.SegmentedRaftLogWorker.run(SegmentedRaftLogWorker.java:289)
	at java.lang.Thread.run(Thread.java:748)
Caused by: java.util.concurrent.TimeoutException
	at java.util.concurrent.CompletableFuture.timedGet(CompletableFuture.java:1771)
	at java.util.concurrent.CompletableFuture.get(CompletableFuture.java:1915)
	at org.apache.ratis.util.IOUtils.getFromFuture(IOUtils.java:79)
	... 4 more
2019-09-16 21:08:17,162 [ad2d061b-bce4-4929-94ab-c6ef8113ba3f@group-5176954A2AAB-SegmentedRaftLogWorker] WARN  segmented.SegmentedRaftLogWorker (SegmentedRaftLogWorker.java:getFromFuture(90)) - Timeout 1/~
org.apache.ratis.protocol.TimeoutIOException: Timeout 10s: WriteLog:14: (t:2, i:14), STATEMACHINELOGENTRY, client-37F90F3E4798, cid=25-writeStateMachineData
	at org.apache.ratis.util.IOUtils.getFromFuture(IOUtils.java:87)
	at org.apache.ratis.server.raftlog.segmented.SegmentedRaftLogWorker$StateMachineDataPolicy.getFromFuture(SegmentedRaftLogWorker.java:87)
	at org.apache.ratis.server.raftlog.segmented.SegmentedRaftLogWorker$WriteLog.execute(SegmentedRaftLogWorker.java:477)
	at org.apache.ratis.server.raftlog.segmented.SegmentedRaftLogWorker.run(SegmentedRaftLogWorker.java:289)
	at java.lang.Thread.run(Thread.java:748)
Caused by: java.util.concurrent.TimeoutException
	at java.util.concurrent.CompletableFuture.timedGet(CompletableFuture.java:1771)
	at java.util.concurrent.CompletableFuture.get(CompletableFuture.java:1915)
	at org.apache.ratis.util.IOUtils.getFromFuture(IOUtils.java:79)
	... 4 more
2019-09-16 21:08:17,388 [java.util.concurrent.ThreadPoolExecutor$Worker@5d461e01[State = -1, empty queue]] WARN  server.GrpcLogAppender (GrpcLogAppender.java:timeoutAppendRequest(200)) - ad2d061b-bce4-4929-94ab-c6ef8113ba3f@group-5176954A2AAB->a9e3505a-b857-4083-807b-c489e4862dfa-GrpcLogAppender: appendEntries Timeout, request=ad2d061b-bce4-4929-94ab-c6ef8113ba3f->a9e3505a-b857-4083-807b-c489e4862dfa#26-t2, previous=(t:2, i:18), leaderCommit=12, initializing? false, entries: <empty>
2019-09-16 21:08:17,391 [java.util.concurrent.ThreadPoolExecutor$Worker@a95aeed[State = -1, empty queue]] WARN  server.GrpcLogAppender (GrpcLogAppender.java:timeoutAppendRequest(200)) - ad2d061b-bce4-4929-94ab-c6ef8113ba3f@group-5176954A2AAB->701ccf05-4c28-42f5-aa92-67be6d940b6d-GrpcLogAppender: appendEntries Timeout, request=ad2d061b-bce4-4929-94ab-c6ef8113ba3f->701ccf05-4c28-42f5-aa92-67be6d940b6d#26-t2, previous=(t:2, i:18), leaderCommit=12, initializing? false, entries: <empty>
2019-09-16 21:08:19,891 [java.util.concurrent.ThreadPoolExecutor$Worker@5d461e01[State = -1, empty queue]] WARN  server.GrpcLogAppender (GrpcLogAppender.java:timeoutAppendRequest(200)) - ad2d061b-bce4-4929-94ab-c6ef8113ba3f@group-5176954A2AAB->a9e3505a-b857-4083-807b-c489e4862dfa-GrpcLogAppender: appendEntries Timeout, request=ad2d061b-bce4-4929-94ab-c6ef8113ba3f->a9e3505a-b857-4083-807b-c489e4862dfa#27-t2, previous=(t:2, i:18), leaderCommit=12, initializing? false, entries: <empty>
2019-09-16 21:08:19,891 [java.util.concurrent.ThreadPoolExecutor$Worker@a95aeed[State = -1, empty queue]] WARN  server.GrpcLogAppender (GrpcLogAppender.java:timeoutAppendRequest(200)) - ad2d061b-bce4-4929-94ab-c6ef8113ba3f@group-5176954A2AAB->701ccf05-4c28-42f5-aa92-67be6d940b6d-GrpcLogAppender: appendEntries Timeout, request=ad2d061b-bce4-4929-94ab-c6ef8113ba3f->701ccf05-4c28-42f5-aa92-67be6d940b6d#27-t2, previous=(t:2, i:18), leaderCommit=12, initializing? false, entries: <empty>
2019-09-16 21:08:22,149 [grpc-default-executor-2] INFO  client.GrpcClientProtocolClient (GrpcClientProtocolClient.java:onNext(264)) - client-37F90F3E4798->a9e3505a-b857-4083-807b-c489e4862dfa: receive RaftClientReply:client-37F90F3E4798->a9e3505a-b857-4083-807b-c489e4862dfa@group-5176954A2AAB, cid=24, FAILED org.apache.ratis.protocol.NotLeaderException: Server a9e3505a-b857-4083-807b-c489e4862dfa@group-5176954A2AAB is not the leader ad2d061b-bce4-4929-94ab-c6ef8113ba3f:192.168.69.85:43917, logIndex=0, commits[a9e3505a-b857-4083-807b-c489e4862dfa:c12, ad2d061b-bce4-4929-94ab-c6ef8113ba3f:c12, 701ccf05-4c28-42f5-aa92-67be6d940b6d:c10]
2019-09-16 21:08:22,392 [java.util.concurrent.ThreadPoolExecutor$Worker@5d461e01[State = -1, empty queue]] WARN  server.GrpcLogAppender (GrpcLogAppender.java:timeoutAppendRequest(200)) - ad2d061b-bce4-4929-94ab-c6ef8113ba3f@group-5176954A2AAB->a9e3505a-b857-4083-807b-c489e4862dfa-GrpcLogAppender: appendEntries Timeout, request=ad2d061b-bce4-4929-94ab-c6ef8113ba3f->a9e3505a-b857-4083-807b-c489e4862dfa#28-t2, previous=(t:2, i:18), leaderCommit=12, initializing? false, entries: <empty>
2019-09-16 21:08:22,392 [java.util.concurrent.ThreadPoolExecutor$Worker@a95aeed[State = -1, empty queue]] WARN  server.GrpcLogAppender (GrpcLogAppender.java:timeoutAppendRequest(200)) - ad2d061b-bce4-4929-94ab-c6ef8113ba3f@group-5176954A2AAB->701ccf05-4c28-42f5-aa92-67be6d940b6d-GrpcLogAppender: appendEntries Timeout, request=ad2d061b-bce4-4929-94ab-c6ef8113ba3f->701ccf05-4c28-42f5-aa92-67be6d940b6d#28-t2, previous=(t:2, i:18), leaderCommit=12, initializing? false, entries: <empty>
2019-09-16 21:08:24,893 [java.util.concurrent.ThreadPoolExecutor$Worker@5d461e01[State = -1, empty queue]] WARN  server.GrpcLogAppender (GrpcLogAppender.java:timeoutAppendRequest(200)) - ad2d061b-bce4-4929-94ab-c6ef8113ba3f@group-5176954A2AAB->a9e3505a-b857-4083-807b-c489e4862dfa-GrpcLogAppender: appendEntries Timeout, request=ad2d061b-bce4-4929-94ab-c6ef8113ba3f->a9e3505a-b857-4083-807b-c489e4862dfa#29-t2, previous=(t:2, i:18), leaderCommit=12, initializing? false, entries: <empty>
2019-09-16 21:08:24,893 [java.util.concurrent.ThreadPoolExecutor$Worker@a95aeed[State = -1, empty queue]] WARN  server.GrpcLogAppender (GrpcLogAppender.java:timeoutAppendRequest(200)) - ad2d061b-bce4-4929-94ab-c6ef8113ba3f@group-5176954A2AAB->701ccf05-4c28-42f5-aa92-67be6d940b6d-GrpcLogAppender: appendEntries Timeout, request=ad2d061b-bce4-4929-94ab-c6ef8113ba3f->701ccf05-4c28-42f5-aa92-67be6d940b6d#29-t2, previous=(t:2, i:18), leaderCommit=12, initializing? false, entries: <empty>
2019-09-16 21:08:27,157 [a9e3505a-b857-4083-807b-c489e4862dfa@group-5176954A2AAB-SegmentedRaftLogWorker] WARN  segmented.SegmentedRaftLogWorker (SegmentedRaftLogWorker.java:getFromFuture(90)) - Timeout 2/~
org.apache.ratis.protocol.TimeoutIOException: Timeout 10s: WriteLog:14: (t:2, i:14), STATEMACHINELOGENTRY, client-37F90F3E4798, cid=25-writeStateMachineData
	at org.apache.ratis.util.IOUtils.getFromFuture(IOUtils.java:87)
	at org.apache.ratis.server.raftlog.segmented.SegmentedRaftLogWorker$StateMachineDataPolicy.getFromFuture(SegmentedRaftLogWorker.java:87)
	at org.apache.ratis.server.raftlog.segmented.SegmentedRaftLogWorker$WriteLog.execute(SegmentedRaftLogWorker.java:477)
	at org.apache.ratis.server.raftlog.segmented.SegmentedRaftLogWorker.run(SegmentedRaftLogWorker.java:289)
	at java.lang.Thread.run(Thread.java:748)
Caused by: java.util.concurrent.TimeoutException
	at java.util.concurrent.CompletableFuture.timedGet(CompletableFuture.java:1771)
	at java.util.concurrent.CompletableFuture.get(CompletableFuture.java:1915)
	at org.apache.ratis.util.IOUtils.getFromFuture(IOUtils.java:79)
	... 4 more
2019-09-16 21:08:27,162 [701ccf05-4c28-42f5-aa92-67be6d940b6d@group-5176954A2AAB-SegmentedRaftLogWorker] WARN  segmented.SegmentedRaftLogWorker (SegmentedRaftLogWorker.java:getFromFuture(90)) - Timeout 2/~
org.apache.ratis.protocol.TimeoutIOException: Timeout 10s: WriteLog:14: (t:2, i:14), STATEMACHINELOGENTRY, client-37F90F3E4798, cid=25-writeStateMachineData
	at org.apache.ratis.util.IOUtils.getFromFuture(IOUtils.java:87)
	at org.apache.ratis.server.raftlog.segmented.SegmentedRaftLogWorker$StateMachineDataPolicy.getFromFuture(SegmentedRaftLogWorker.java:87)
	at org.apache.ratis.server.raftlog.segmented.SegmentedRaftLogWorker$WriteLog.execute(SegmentedRaftLogWorker.java:477)
	at org.apache.ratis.server.raftlog.segmented.SegmentedRaftLogWorker.run(SegmentedRaftLogWorker.java:289)
	at java.lang.Thread.run(Thread.java:748)
Caused by: java.util.concurrent.TimeoutException
	at java.util.concurrent.CompletableFuture.timedGet(CompletableFuture.java:1771)
	at java.util.concurrent.CompletableFuture.get(CompletableFuture.java:1915)
	at org.apache.ratis.util.IOUtils.getFromFuture(IOUtils.java:79)
	... 4 more
2019-09-16 21:08:27,163 [ad2d061b-bce4-4929-94ab-c6ef8113ba3f@group-5176954A2AAB-SegmentedRaftLogWorker] WARN  segmented.SegmentedRaftLogWorker (SegmentedRaftLogWorker.java:getFromFuture(90)) - Timeout 2/~
org.apache.ratis.protocol.TimeoutIOException: Timeout 10s: WriteLog:14: (t:2, i:14), STATEMACHINELOGENTRY, client-37F90F3E4798, cid=25-writeStateMachineData
	at org.apache.ratis.util.IOUtils.getFromFuture(IOUtils.java:87)
	at org.apache.ratis.server.raftlog.segmented.SegmentedRaftLogWorker$StateMachineDataPolicy.getFromFuture(SegmentedRaftLogWorker.java:87)
	at org.apache.ratis.server.raftlog.segmented.SegmentedRaftLogWorker$WriteLog.execute(SegmentedRaftLogWorker.java:477)
	at org.apache.ratis.server.raftlog.segmented.SegmentedRaftLogWorker.run(SegmentedRaftLogWorker.java:289)
	at java.lang.Thread.run(Thread.java:748)
Caused by: java.util.concurrent.TimeoutException
	at java.util.concurrent.CompletableFuture.timedGet(CompletableFuture.java:1771)
	at java.util.concurrent.CompletableFuture.get(CompletableFuture.java:1915)
	at org.apache.ratis.util.IOUtils.getFromFuture(IOUtils.java:79)
	... 4 more
2019-09-16 21:08:27,201 [grpc-default-executor-2] INFO  client.GrpcClientProtocolClient (GrpcClientProtocolClient.java:onNext(264)) - client-37F90F3E4798->a9e3505a-b857-4083-807b-c489e4862dfa: receive RaftClientReply:client-37F90F3E4798->a9e3505a-b857-4083-807b-c489e4862dfa@group-5176954A2AAB, cid=24, FAILED org.apache.ratis.protocol.NotLeaderException: Server a9e3505a-b857-4083-807b-c489e4862dfa@group-5176954A2AAB is not the leader ad2d061b-bce4-4929-94ab-c6ef8113ba3f:192.168.69.85:43917, logIndex=0, commits[a9e3505a-b857-4083-807b-c489e4862dfa:c12, ad2d061b-bce4-4929-94ab-c6ef8113ba3f:c12, 701ccf05-4c28-42f5-aa92-67be6d940b6d:c10]
2019-09-16 21:08:27,394 [java.util.concurrent.ThreadPoolExecutor$Worker@a95aeed[State = -1, empty queue]] WARN  server.GrpcLogAppender (GrpcLogAppender.java:timeoutAppendRequest(200)) - ad2d061b-bce4-4929-94ab-c6ef8113ba3f@group-5176954A2AAB->701ccf05-4c28-42f5-aa92-67be6d940b6d-GrpcLogAppender: appendEntries Timeout, request=ad2d061b-bce4-4929-94ab-c6ef8113ba3f->701ccf05-4c28-42f5-aa92-67be6d940b6d#30-t2, previous=(t:2, i:18), leaderCommit=12, initializing? false, entries: <empty>
2019-09-16 21:08:27,394 [java.util.concurrent.ThreadPoolExecutor$Worker@5d461e01[State = -1, empty queue]] WARN  server.GrpcLogAppender (GrpcLogAppender.java:timeoutAppendRequest(200)) - ad2d061b-bce4-4929-94ab-c6ef8113ba3f@group-5176954A2AAB->a9e3505a-b857-4083-807b-c489e4862dfa-GrpcLogAppender: appendEntries Timeout, request=ad2d061b-bce4-4929-94ab-c6ef8113ba3f->a9e3505a-b857-4083-807b-c489e4862dfa#30-t2, previous=(t:2, i:18), leaderCommit=12, initializing? false, entries: <empty>
2019-09-16 21:08:29,896 [java.util.concurrent.ThreadPoolExecutor$Worker@5d461e01[State = -1, empty queue]] WARN  server.GrpcLogAppender (GrpcLogAppender.java:timeoutAppendRequest(200)) - ad2d061b-bce4-4929-94ab-c6ef8113ba3f@group-5176954A2AAB->a9e3505a-b857-4083-807b-c489e4862dfa-GrpcLogAppender: appendEntries Timeout, request=ad2d061b-bce4-4929-94ab-c6ef8113ba3f->a9e3505a-b857-4083-807b-c489e4862dfa#31-t2, previous=(t:2, i:18), leaderCommit=12, initializing? false, entries: <empty>
2019-09-16 21:08:29,896 [java.util.concurrent.ThreadPoolExecutor$Worker@a95aeed[State = -1, empty queue]] WARN  server.GrpcLogAppender (GrpcLogAppender.java:timeoutAppendRequest(200)) - ad2d061b-bce4-4929-94ab-c6ef8113ba3f@group-5176954A2AAB->701ccf05-4c28-42f5-aa92-67be6d940b6d-GrpcLogAppender: appendEntries Timeout, request=ad2d061b-bce4-4929-94ab-c6ef8113ba3f->701ccf05-4c28-42f5-aa92-67be6d940b6d#31-t2, previous=(t:2, i:18), leaderCommit=12, initializing? false, entries: <empty>
2019-09-16 21:08:32,247 [grpc-default-executor-3] INFO  client.GrpcClientProtocolClient (GrpcClientProtocolClient.java:onNext(264)) - client-37F90F3E4798->701ccf05-4c28-42f5-aa92-67be6d940b6d: receive RaftClientReply:client-37F90F3E4798->701ccf05-4c28-42f5-aa92-67be6d940b6d@group-5176954A2AAB, cid=24, FAILED org.apache.ratis.protocol.NotLeaderException: Server 701ccf05-4c28-42f5-aa92-67be6d940b6d@group-5176954A2AAB is not the leader ad2d061b-bce4-4929-94ab-c6ef8113ba3f:192.168.69.85:43917, logIndex=0, commits[701ccf05-4c28-42f5-aa92-67be6d940b6d:c12, ad2d061b-bce4-4929-94ab-c6ef8113ba3f:c12, a9e3505a-b857-4083-807b-c489e4862dfa:c10]
2019-09-16 21:08:32,398 [java.util.concurrent.ThreadPoolExecutor$Worker@5d461e01[State = -1, empty queue]] WARN  server.GrpcLogAppender (GrpcLogAppender.java:timeoutAppendRequest(200)) - ad2d061b-bce4-4929-94ab-c6ef8113ba3f@group-5176954A2AAB->a9e3505a-b857-4083-807b-c489e4862dfa-GrpcLogAppender: appendEntries Timeout, request=ad2d061b-bce4-4929-94ab-c6ef8113ba3f->a9e3505a-b857-4083-807b-c489e4862dfa#32-t2, previous=(t:2, i:18), leaderCommit=12, initializing? false, entries: <empty>
2019-09-16 21:08:32,398 [java.util.concurrent.ThreadPoolExecutor$Worker@a95aeed[State = -1, empty queue]] WARN  server.GrpcLogAppender (GrpcLogAppender.java:timeoutAppendRequest(200)) - ad2d061b-bce4-4929-94ab-c6ef8113ba3f@group-5176954A2AAB->701ccf05-4c28-42f5-aa92-67be6d940b6d-GrpcLogAppender: appendEntries Timeout, request=ad2d061b-bce4-4929-94ab-c6ef8113ba3f->701ccf05-4c28-42f5-aa92-67be6d940b6d#32-t2, previous=(t:2, i:18), leaderCommit=12, initializing? false, entries: <empty>
2019-09-16 21:08:34,898 [java.util.concurrent.ThreadPoolExecutor$Worker@a95aeed[State = -1, empty queue]] WARN  server.GrpcLogAppender (GrpcLogAppender.java:timeoutAppendRequest(200)) - ad2d061b-bce4-4929-94ab-c6ef8113ba3f@group-5176954A2AAB->701ccf05-4c28-42f5-aa92-67be6d940b6d-GrpcLogAppender: appendEntries Timeout, request=ad2d061b-bce4-4929-94ab-c6ef8113ba3f->701ccf05-4c28-42f5-aa92-67be6d940b6d#33-t2, previous=(t:2, i:18), leaderCommit=12, initializing? false, entries: <empty>
2019-09-16 21:08:34,898 [java.util.concurrent.ThreadPoolExecutor$Worker@5d461e01[State = -1, empty queue]] WARN  server.GrpcLogAppender (GrpcLogAppender.java:timeoutAppendRequest(200)) - ad2d061b-bce4-4929-94ab-c6ef8113ba3f@group-5176954A2AAB->a9e3505a-b857-4083-807b-c489e4862dfa-GrpcLogAppender: appendEntries Timeout, request=ad2d061b-bce4-4929-94ab-c6ef8113ba3f->a9e3505a-b857-4083-807b-c489e4862dfa#33-t2, previous=(t:2, i:18), leaderCommit=12, initializing? false, entries: <empty>
2019-09-16 21:08:37,158 [a9e3505a-b857-4083-807b-c489e4862dfa@group-5176954A2AAB-SegmentedRaftLogWorker] WARN  segmented.SegmentedRaftLogWorker (SegmentedRaftLogWorker.java:getFromFuture(90)) - Timeout 3/~
org.apache.ratis.protocol.TimeoutIOException: Timeout 10s: WriteLog:14: (t:2, i:14), STATEMACHINELOGENTRY, client-37F90F3E4798, cid=25-writeStateMachineData
	at org.apache.ratis.util.IOUtils.getFromFuture(IOUtils.java:87)
	at org.apache.ratis.server.raftlog.segmented.SegmentedRaftLogWorker$StateMachineDataPolicy.getFromFuture(SegmentedRaftLogWorker.java:87)
	at org.apache.ratis.server.raftlog.segmented.SegmentedRaftLogWorker$WriteLog.execute(SegmentedRaftLogWorker.java:477)
	at org.apache.ratis.server.raftlog.segmented.SegmentedRaftLogWorker.run(SegmentedRaftLogWorker.java:289)
	at java.lang.Thread.run(Thread.java:748)
Caused by: java.util.concurrent.TimeoutException
	at java.util.concurrent.CompletableFuture.timedGet(CompletableFuture.java:1771)
	at java.util.concurrent.CompletableFuture.get(CompletableFuture.java:1915)
	at org.apache.ratis.util.IOUtils.getFromFuture(IOUtils.java:79)
	... 4 more
2019-09-16 21:08:37,163 [701ccf05-4c28-42f5-aa92-67be6d940b6d@group-5176954A2AAB-SegmentedRaftLogWorker] WARN  segmented.SegmentedRaftLogWorker (SegmentedRaftLogWorker.java:getFromFuture(90)) - Timeout 3/~
org.apache.ratis.protocol.TimeoutIOException: Timeout 10s: WriteLog:14: (t:2, i:14), STATEMACHINELOGENTRY, client-37F90F3E4798, cid=25-writeStateMachineData
	at org.apache.ratis.util.IOUtils.getFromFuture(IOUtils.java:87)
	at org.apache.ratis.server.raftlog.segmented.SegmentedRaftLogWorker$StateMachineDataPolicy.getFromFuture(SegmentedRaftLogWorker.java:87)
	at org.apache.ratis.server.raftlog.segmented.SegmentedRaftLogWorker$WriteLog.execute(SegmentedRaftLogWorker.java:477)
	at org.apache.ratis.server.raftlog.segmented.SegmentedRaftLogWorker.run(SegmentedRaftLogWorker.java:289)
	at java.lang.Thread.run(Thread.java:748)
Caused by: java.util.concurrent.TimeoutException
	at java.util.concurrent.CompletableFuture.timedGet(CompletableFuture.java:1771)
	at java.util.concurrent.CompletableFuture.get(CompletableFuture.java:1915)
	at org.apache.ratis.util.IOUtils.getFromFuture(IOUtils.java:79)
	... 4 more
2019-09-16 21:08:37,164 [ad2d061b-bce4-4929-94ab-c6ef8113ba3f@group-5176954A2AAB-SegmentedRaftLogWorker] WARN  segmented.SegmentedRaftLogWorker (SegmentedRaftLogWorker.java:getFromFuture(90)) - Timeout 3/~
org.apache.ratis.protocol.TimeoutIOException: Timeout 10s: WriteLog:14: (t:2, i:14), STATEMACHINELOGENTRY, client-37F90F3E4798, cid=25-writeStateMachineData
	at org.apache.ratis.util.IOUtils.getFromFuture(IOUtils.java:87)
	at org.apache.ratis.server.raftlog.segmented.SegmentedRaftLogWorker$StateMachineDataPolicy.getFromFuture(SegmentedRaftLogWorker.java:87)
	at org.apache.ratis.server.raftlog.segmented.SegmentedRaftLogWorker$WriteLog.execute(SegmentedRaftLogWorker.java:477)
	at org.apache.ratis.server.raftlog.segmented.SegmentedRaftLogWorker.run(SegmentedRaftLogWorker.java:289)
	at java.lang.Thread.run(Thread.java:748)
Caused by: java.util.concurrent.TimeoutException
	at java.util.concurrent.CompletableFuture.timedGet(CompletableFuture.java:1771)
	at java.util.concurrent.CompletableFuture.get(CompletableFuture.java:1915)
	at org.apache.ratis.util.IOUtils.getFromFuture(IOUtils.java:79)
	... 4 more
2019-09-16 21:08:37,279 [grpc-default-executor-3] INFO  client.GrpcClientProtocolClient (GrpcClientProtocolClient.java:onNext(264)) - client-37F90F3E4798->a9e3505a-b857-4083-807b-c489e4862dfa: receive RaftClientReply:client-37F90F3E4798->a9e3505a-b857-4083-807b-c489e4862dfa@group-5176954A2AAB, cid=24, FAILED org.apache.ratis.protocol.NotLeaderException: Server a9e3505a-b857-4083-807b-c489e4862dfa@group-5176954A2AAB is not the leader ad2d061b-bce4-4929-94ab-c6ef8113ba3f:192.168.69.85:43917, logIndex=0, commits[a9e3505a-b857-4083-807b-c489e4862dfa:c12, ad2d061b-bce4-4929-94ab-c6ef8113ba3f:c12, 701ccf05-4c28-42f5-aa92-67be6d940b6d:c10]
2019-09-16 21:08:37,399 [java.util.concurrent.ThreadPoolExecutor$Worker@5d461e01[State = -1, empty queue]] WARN  server.GrpcLogAppender (GrpcLogAppender.java:timeoutAppendRequest(200)) - ad2d061b-bce4-4929-94ab-c6ef8113ba3f@group-5176954A2AAB->a9e3505a-b857-4083-807b-c489e4862dfa-GrpcLogAppender: appendEntries Timeout, request=ad2d061b-bce4-4929-94ab-c6ef8113ba3f->a9e3505a-b857-4083-807b-c489e4862dfa#34-t2, previous=(t:2, i:18), leaderCommit=12, initializing? false, entries: <empty>
2019-09-16 21:08:37,399 [java.util.concurrent.ThreadPoolExecutor$Worker@a95aeed[State = -1, empty queue]] WARN  server.GrpcLogAppender (GrpcLogAppender.java:timeoutAppendRequest(200)) - ad2d061b-bce4-4929-94ab-c6ef8113ba3f@group-5176954A2AAB->701ccf05-4c28-42f5-aa92-67be6d940b6d-GrpcLogAppender: appendEntries Timeout, request=ad2d061b-bce4-4929-94ab-c6ef8113ba3f->701ccf05-4c28-42f5-aa92-67be6d940b6d#34-t2, previous=(t:2, i:18), leaderCommit=12, initializing? false, entries: <empty>
2019-09-16 21:08:39,899 [java.util.concurrent.ThreadPoolExecutor$Worker@a95aeed[State = -1, empty queue]] WARN  server.GrpcLogAppender (GrpcLogAppender.java:timeoutAppendRequest(200)) - ad2d061b-bce4-4929-94ab-c6ef8113ba3f@group-5176954A2AAB->701ccf05-4c28-42f5-aa92-67be6d940b6d-GrpcLogAppender: appendEntries Timeout, request=ad2d061b-bce4-4929-94ab-c6ef8113ba3f->701ccf05-4c28-42f5-aa92-67be6d940b6d#35-t2, previous=(t:2, i:18), leaderCommit=12, initializing? false, entries: <empty>
2019-09-16 21:08:39,900 [java.util.concurrent.ThreadPoolExecutor$Worker@5d461e01[State = -1, empty queue]] WARN  server.GrpcLogAppender (GrpcLogAppender.java:timeoutAppendRequest(200)) - ad2d061b-bce4-4929-94ab-c6ef8113ba3f@group-5176954A2AAB->a9e3505a-b857-4083-807b-c489e4862dfa-GrpcLogAppender: appendEntries Timeout, request=ad2d061b-bce4-4929-94ab-c6ef8113ba3f->a9e3505a-b857-4083-807b-c489e4862dfa#35-t2, previous=(t:2, i:18), leaderCommit=12, initializing? false, entries: <empty>
2019-09-16 21:08:42,329 [grpc-default-executor-2] INFO  client.GrpcClientProtocolClient (GrpcClientProtocolClient.java:onNext(264)) - client-37F90F3E4798->701ccf05-4c28-42f5-aa92-67be6d940b6d: receive RaftClientReply:client-37F90F3E4798->701ccf05-4c28-42f5-aa92-67be6d940b6d@group-5176954A2AAB, cid=24, FAILED org.apache.ratis.protocol.NotLeaderException: Server 701ccf05-4c28-42f5-aa92-67be6d940b6d@group-5176954A2AAB is not the leader ad2d061b-bce4-4929-94ab-c6ef8113ba3f:192.168.69.85:43917, logIndex=0, commits[701ccf05-4c28-42f5-aa92-67be6d940b6d:c12, ad2d061b-bce4-4929-94ab-c6ef8113ba3f:c12, a9e3505a-b857-4083-807b-c489e4862dfa:c10]
2019-09-16 21:08:42,400 [java.util.concurrent.ThreadPoolExecutor$Worker@5d461e01[State = -1, empty queue]] WARN  server.GrpcLogAppender (GrpcLogAppender.java:timeoutAppendRequest(200)) - ad2d061b-bce4-4929-94ab-c6ef8113ba3f@group-5176954A2AAB->a9e3505a-b857-4083-807b-c489e4862dfa-GrpcLogAppender: appendEntries Timeout, request=ad2d061b-bce4-4929-94ab-c6ef8113ba3f->a9e3505a-b857-4083-807b-c489e4862dfa#36-t2, previous=(t:2, i:18), leaderCommit=12, initializing? false, entries: <empty>
2019-09-16 21:08:42,400 [java.util.concurrent.ThreadPoolExecutor$Worker@a95aeed[State = -1, empty queue]] WARN  server.GrpcLogAppender (GrpcLogAppender.java:timeoutAppendRequest(200)) - ad2d061b-bce4-4929-94ab-c6ef8113ba3f@group-5176954A2AAB->701ccf05-4c28-42f5-aa92-67be6d940b6d-GrpcLogAppender: appendEntries Timeout, request=ad2d061b-bce4-4929-94ab-c6ef8113ba3f->701ccf05-4c28-42f5-aa92-67be6d940b6d#36-t2, previous=(t:2, i:18), leaderCommit=12, initializing? false, entries: <empty>
2019-09-16 21:08:44,902 [java.util.concurrent.ThreadPoolExecutor$Worker@5d461e01[State = -1, empty queue]] WARN  server.GrpcLogAppender (GrpcLogAppender.java:timeoutAppendRequest(200)) - ad2d061b-bce4-4929-94ab-c6ef8113ba3f@group-5176954A2AAB->a9e3505a-b857-4083-807b-c489e4862dfa-GrpcLogAppender: appendEntries Timeout, request=ad2d061b-bce4-4929-94ab-c6ef8113ba3f->a9e3505a-b857-4083-807b-c489e4862dfa#37-t2, previous=(t:2, i:18), leaderCommit=12, initializing? false, entries: <empty>
2019-09-16 21:08:44,902 [java.util.concurrent.ThreadPoolExecutor$Worker@a95aeed[State = -1, empty queue]] WARN  server.GrpcLogAppender (GrpcLogAppender.java:timeoutAppendRequest(200)) - ad2d061b-bce4-4929-94ab-c6ef8113ba3f@group-5176954A2AAB->701ccf05-4c28-42f5-aa92-67be6d940b6d-GrpcLogAppender: appendEntries Timeout, request=ad2d061b-bce4-4929-94ab-c6ef8113ba3f->701ccf05-4c28-42f5-aa92-67be6d940b6d#37-t2, previous=(t:2, i:18), leaderCommit=12, initializing? false, entries: <empty>
2019-09-16 21:08:47,159 [a9e3505a-b857-4083-807b-c489e4862dfa@group-5176954A2AAB-SegmentedRaftLogWorker] WARN  segmented.SegmentedRaftLogWorker (SegmentedRaftLogWorker.java:getFromFuture(90)) - Timeout 4/~
org.apache.ratis.protocol.TimeoutIOException: Timeout 10s: WriteLog:14: (t:2, i:14), STATEMACHINELOGENTRY, client-37F90F3E4798, cid=25-writeStateMachineData
	at org.apache.ratis.util.IOUtils.getFromFuture(IOUtils.java:87)
	at org.apache.ratis.server.raftlog.segmented.SegmentedRaftLogWorker$StateMachineDataPolicy.getFromFuture(SegmentedRaftLogWorker.java:87)
	at org.apache.ratis.server.raftlog.segmented.SegmentedRaftLogWorker$WriteLog.execute(SegmentedRaftLogWorker.java:477)
	at org.apache.ratis.server.raftlog.segmented.SegmentedRaftLogWorker.run(SegmentedRaftLogWorker.java:289)
	at java.lang.Thread.run(Thread.java:748)
Caused by: java.util.concurrent.TimeoutException
	at java.util.concurrent.CompletableFuture.timedGet(CompletableFuture.java:1771)
	at java.util.concurrent.CompletableFuture.get(CompletableFuture.java:1915)
	at org.apache.ratis.util.IOUtils.getFromFuture(IOUtils.java:79)
	... 4 more
2019-09-16 21:08:47,164 [701ccf05-4c28-42f5-aa92-67be6d940b6d@group-5176954A2AAB-SegmentedRaftLogWorker] WARN  segmented.SegmentedRaftLogWorker (SegmentedRaftLogWorker.java:getFromFuture(90)) - Timeout 4/~
org.apache.ratis.protocol.TimeoutIOException: Timeout 10s: WriteLog:14: (t:2, i:14), STATEMACHINELOGENTRY, client-37F90F3E4798, cid=25-writeStateMachineData
	at org.apache.ratis.util.IOUtils.getFromFuture(IOUtils.java:87)
	at org.apache.ratis.server.raftlog.segmented.SegmentedRaftLogWorker$StateMachineDataPolicy.getFromFuture(SegmentedRaftLogWorker.java:87)
	at org.apache.ratis.server.raftlog.segmented.SegmentedRaftLogWorker$WriteLog.execute(SegmentedRaftLogWorker.java:477)
	at org.apache.ratis.server.raftlog.segmented.SegmentedRaftLogWorker.run(SegmentedRaftLogWorker.java:289)
	at java.lang.Thread.run(Thread.java:748)
Caused by: java.util.concurrent.TimeoutException
	at java.util.concurrent.CompletableFuture.timedGet(CompletableFuture.java:1771)
	at java.util.concurrent.CompletableFuture.get(CompletableFuture.java:1915)
	at org.apache.ratis.util.IOUtils.getFromFuture(IOUtils.java:79)
	... 4 more
2019-09-16 21:08:47,165 [ad2d061b-bce4-4929-94ab-c6ef8113ba3f@group-5176954A2AAB-SegmentedRaftLogWorker] WARN  segmented.SegmentedRaftLogWorker (SegmentedRaftLogWorker.java:getFromFuture(90)) - Timeout 4/~
org.apache.ratis.protocol.TimeoutIOException: Timeout 10s: WriteLog:14: (t:2, i:14), STATEMACHINELOGENTRY, client-37F90F3E4798, cid=25-writeStateMachineData
	at org.apache.ratis.util.IOUtils.getFromFuture(IOUtils.java:87)
	at org.apache.ratis.server.raftlog.segmented.SegmentedRaftLogWorker$StateMachineDataPolicy.getFromFuture(SegmentedRaftLogWorker.java:87)
	at org.apache.ratis.server.raftlog.segmented.SegmentedRaftLogWorker$WriteLog.execute(SegmentedRaftLogWorker.java:477)
	at org.apache.ratis.server.raftlog.segmented.SegmentedRaftLogWorker.run(SegmentedRaftLogWorker.java:289)
	at java.lang.Thread.run(Thread.java:748)
Caused by: java.util.concurrent.TimeoutException
	at java.util.concurrent.CompletableFuture.timedGet(CompletableFuture.java:1771)
	at java.util.concurrent.CompletableFuture.get(CompletableFuture.java:1915)
	at org.apache.ratis.util.IOUtils.getFromFuture(IOUtils.java:79)
	... 4 more
2019-09-16 21:08:47,381 [grpc-default-executor-2] INFO  client.GrpcClientProtocolClient (GrpcClientProtocolClient.java:onNext(264)) - client-37F90F3E4798->701ccf05-4c28-42f5-aa92-67be6d940b6d: receive RaftClientReply:client-37F90F3E4798->701ccf05-4c28-42f5-aa92-67be6d940b6d@group-5176954A2AAB, cid=24, FAILED org.apache.ratis.protocol.NotLeaderException: Server 701ccf05-4c28-42f5-aa92-67be6d940b6d@group-5176954A2AAB is not the leader ad2d061b-bce4-4929-94ab-c6ef8113ba3f:192.168.69.85:43917, logIndex=0, commits[701ccf05-4c28-42f5-aa92-67be6d940b6d:c12, ad2d061b-bce4-4929-94ab-c6ef8113ba3f:c12, a9e3505a-b857-4083-807b-c489e4862dfa:c10]
2019-09-16 21:08:47,403 [java.util.concurrent.ThreadPoolExecutor$Worker@a95aeed[State = -1, empty queue]] WARN  server.GrpcLogAppender (GrpcLogAppender.java:timeoutAppendRequest(200)) - ad2d061b-bce4-4929-94ab-c6ef8113ba3f@group-5176954A2AAB->701ccf05-4c28-42f5-aa92-67be6d940b6d-GrpcLogAppender: appendEntries Timeout, request=ad2d061b-bce4-4929-94ab-c6ef8113ba3f->701ccf05-4c28-42f5-aa92-67be6d940b6d#38-t2, previous=(t:2, i:18), leaderCommit=12, initializing? false, entries: <empty>
2019-09-16 21:08:47,403 [java.util.concurrent.ThreadPoolExecutor$Worker@5d461e01[State = -1, empty queue]] WARN  server.GrpcLogAppender (GrpcLogAppender.java:timeoutAppendRequest(200)) - ad2d061b-bce4-4929-94ab-c6ef8113ba3f@group-5176954A2AAB->a9e3505a-b857-4083-807b-c489e4862dfa-GrpcLogAppender: appendEntries Timeout, request=ad2d061b-bce4-4929-94ab-c6ef8113ba3f->a9e3505a-b857-4083-807b-c489e4862dfa#38-t2, previous=(t:2, i:18), leaderCommit=12, initializing? false, entries: <empty>
2019-09-16 21:08:49,904 [java.util.concurrent.ThreadPoolExecutor$Worker@5d461e01[State = -1, empty queue]] WARN  server.GrpcLogAppender (GrpcLogAppender.java:timeoutAppendRequest(200)) - ad2d061b-bce4-4929-94ab-c6ef8113ba3f@group-5176954A2AAB->a9e3505a-b857-4083-807b-c489e4862dfa-GrpcLogAppender: appendEntries Timeout, request=ad2d061b-bce4-4929-94ab-c6ef8113ba3f->a9e3505a-b857-4083-807b-c489e4862dfa#39-t2, previous=(t:2, i:18), leaderCommit=12, initializing? false, entries: <empty>
2019-09-16 21:08:49,904 [java.util.concurrent.ThreadPoolExecutor$Worker@a95aeed[State = -1, empty queue]] WARN  server.GrpcLogAppender (GrpcLogAppender.java:timeoutAppendRequest(200)) - ad2d061b-bce4-4929-94ab-c6ef8113ba3f@group-5176954A2AAB->701ccf05-4c28-42f5-aa92-67be6d940b6d-GrpcLogAppender: appendEntries Timeout, request=ad2d061b-bce4-4929-94ab-c6ef8113ba3f->701ccf05-4c28-42f5-aa92-67be6d940b6d#39-t2, previous=(t:2, i:18), leaderCommit=12, initializing? false, entries: <empty>
2019-09-16 21:08:52,405 [java.util.concurrent.ThreadPoolExecutor$Worker@5d461e01[State = -1, empty queue]] WARN  server.GrpcLogAppender (GrpcLogAppender.java:timeoutAppendRequest(200)) - ad2d061b-bce4-4929-94ab-c6ef8113ba3f@group-5176954A2AAB->a9e3505a-b857-4083-807b-c489e4862dfa-GrpcLogAppender: appendEntries Timeout, request=ad2d061b-bce4-4929-94ab-c6ef8113ba3f->a9e3505a-b857-4083-807b-c489e4862dfa#40-t2, previous=(t:2, i:18), leaderCommit=12, initializing? false, entries: <empty>
2019-09-16 21:08:52,405 [java.util.concurrent.ThreadPoolExecutor$Worker@a95aeed[State = -1, empty queue]] WARN  server.GrpcLogAppender (GrpcLogAppender.java:timeoutAppendRequest(200)) - ad2d061b-bce4-4929-94ab-c6ef8113ba3f@group-5176954A2AAB->701ccf05-4c28-42f5-aa92-67be6d940b6d-GrpcLogAppender: appendEntries Timeout, request=ad2d061b-bce4-4929-94ab-c6ef8113ba3f->701ccf05-4c28-42f5-aa92-67be6d940b6d#40-t2, previous=(t:2, i:18), leaderCommit=12, initializing? false, entries: <empty>
2019-09-16 21:08:52,433 [grpc-default-executor-2] INFO  client.GrpcClientProtocolClient (GrpcClientProtocolClient.java:onNext(264)) - client-37F90F3E4798->701ccf05-4c28-42f5-aa92-67be6d940b6d: receive RaftClientReply:client-37F90F3E4798->701ccf05-4c28-42f5-aa92-67be6d940b6d@group-5176954A2AAB, cid=24, FAILED org.apache.ratis.protocol.NotLeaderException: Server 701ccf05-4c28-42f5-aa92-67be6d940b6d@group-5176954A2AAB is not the leader ad2d061b-bce4-4929-94ab-c6ef8113ba3f:192.168.69.85:43917, logIndex=0, commits[701ccf05-4c28-42f5-aa92-67be6d940b6d:c12, ad2d061b-bce4-4929-94ab-c6ef8113ba3f:c12, a9e3505a-b857-4083-807b-c489e4862dfa:c10]
2019-09-16 21:08:54,906 [java.util.concurrent.ThreadPoolExecutor$Worker@a95aeed[State = -1, empty queue]] WARN  server.GrpcLogAppender (GrpcLogAppender.java:timeoutAppendRequest(200)) - ad2d061b-bce4-4929-94ab-c6ef8113ba3f@group-5176954A2AAB->701ccf05-4c28-42f5-aa92-67be6d940b6d-GrpcLogAppender: appendEntries Timeout, request=ad2d061b-bce4-4929-94ab-c6ef8113ba3f->701ccf05-4c28-42f5-aa92-67be6d940b6d#41-t2, previous=(t:2, i:18), leaderCommit=12, initializing? false, entries: <empty>
2019-09-16 21:08:54,906 [java.util.concurrent.ThreadPoolExecutor$Worker@5d461e01[State = -1, empty queue]] WARN  server.GrpcLogAppender (GrpcLogAppender.java:timeoutAppendRequest(200)) - ad2d061b-bce4-4929-94ab-c6ef8113ba3f@group-5176954A2AAB->a9e3505a-b857-4083-807b-c489e4862dfa-GrpcLogAppender: appendEntries Timeout, request=ad2d061b-bce4-4929-94ab-c6ef8113ba3f->a9e3505a-b857-4083-807b-c489e4862dfa#41-t2, previous=(t:2, i:18), leaderCommit=12, initializing? false, entries: <empty>
2019-09-16 21:08:57,161 [a9e3505a-b857-4083-807b-c489e4862dfa@group-5176954A2AAB-SegmentedRaftLogWorker] WARN  segmented.SegmentedRaftLogWorker (SegmentedRaftLogWorker.java:getFromFuture(90)) - Timeout 5/~
org.apache.ratis.protocol.TimeoutIOException: Timeout 10s: WriteLog:14: (t:2, i:14), STATEMACHINELOGENTRY, client-37F90F3E4798, cid=25-writeStateMachineData
	at org.apache.ratis.util.IOUtils.getFromFuture(IOUtils.java:87)
	at org.apache.ratis.server.raftlog.segmented.SegmentedRaftLogWorker$StateMachineDataPolicy.getFromFuture(SegmentedRaftLogWorker.java:87)
	at org.apache.ratis.server.raftlog.segmented.SegmentedRaftLogWorker$WriteLog.execute(SegmentedRaftLogWorker.java:477)
	at org.apache.ratis.server.raftlog.segmented.SegmentedRaftLogWorker.run(SegmentedRaftLogWorker.java:289)
	at java.lang.Thread.run(Thread.java:748)
Caused by: java.util.concurrent.TimeoutException
	at java.util.concurrent.CompletableFuture.timedGet(CompletableFuture.java:1771)
	at java.util.concurrent.CompletableFuture.get(CompletableFuture.java:1915)
	at org.apache.ratis.util.IOUtils.getFromFuture(IOUtils.java:79)
	... 4 more
2019-09-16 21:08:57,167 [ad2d061b-bce4-4929-94ab-c6ef8113ba3f@group-5176954A2AAB-SegmentedRaftLogWorker] WARN  segmented.SegmentedRaftLogWorker (SegmentedRaftLogWorker.java:getFromFuture(90)) - Timeout 5/~
org.apache.ratis.protocol.TimeoutIOException: Timeout 10s: WriteLog:14: (t:2, i:14), STATEMACHINELOGENTRY, client-37F90F3E4798, cid=25-writeStateMachineData
	at org.apache.ratis.util.IOUtils.getFromFuture(IOUtils.java:87)
	at org.apache.ratis.server.raftlog.segmented.SegmentedRaftLogWorker$StateMachineDataPolicy.getFromFuture(SegmentedRaftLogWorker.java:87)
	at org.apache.ratis.server.raftlog.segmented.SegmentedRaftLogWorker$WriteLog.execute(SegmentedRaftLogWorker.java:477)
	at org.apache.ratis.server.raftlog.segmented.SegmentedRaftLogWorker.run(SegmentedRaftLogWorker.java:289)
	at java.lang.Thread.run(Thread.java:748)
Caused by: java.util.concurrent.TimeoutException
	at java.util.concurrent.CompletableFuture.timedGet(CompletableFuture.java:1771)
	at java.util.concurrent.CompletableFuture.get(CompletableFuture.java:1915)
	at org.apache.ratis.util.IOUtils.getFromFuture(IOUtils.java:79)
	... 4 more
2019-09-16 21:08:57,167 [701ccf05-4c28-42f5-aa92-67be6d940b6d@group-5176954A2AAB-SegmentedRaftLogWorker] WARN  segmented.SegmentedRaftLogWorker (SegmentedRaftLogWorker.java:getFromFuture(90)) - Timeout 5/~
org.apache.ratis.protocol.TimeoutIOException: Timeout 10s: WriteLog:14: (t:2, i:14), STATEMACHINELOGENTRY, client-37F90F3E4798, cid=25-writeStateMachineData
	at org.apache.ratis.util.IOUtils.getFromFuture(IOUtils.java:87)
	at org.apache.ratis.server.raftlog.segmented.SegmentedRaftLogWorker$StateMachineDataPolicy.getFromFuture(SegmentedRaftLogWorker.java:87)
	at org.apache.ratis.server.raftlog.segmented.SegmentedRaftLogWorker$WriteLog.execute(SegmentedRaftLogWorker.java:477)
	at org.apache.ratis.server.raftlog.segmented.SegmentedRaftLogWorker.run(SegmentedRaftLogWorker.java:289)
	at java.lang.Thread.run(Thread.java:748)
Caused by: java.util.concurrent.TimeoutException
	at java.util.concurrent.CompletableFuture.timedGet(CompletableFuture.java:1771)
	at java.util.concurrent.CompletableFuture.get(CompletableFuture.java:1915)
	at org.apache.ratis.util.IOUtils.getFromFuture(IOUtils.java:79)
	... 4 more
2019-09-16 21:08:57,408 [java.util.concurrent.ThreadPoolExecutor$Worker@5d461e01[State = -1, empty queue]] WARN  server.GrpcLogAppender (GrpcLogAppender.java:timeoutAppendRequest(200)) - ad2d061b-bce4-4929-94ab-c6ef8113ba3f@group-5176954A2AAB->a9e3505a-b857-4083-807b-c489e4862dfa-GrpcLogAppender: appendEntries Timeout, request=ad2d061b-bce4-4929-94ab-c6ef8113ba3f->a9e3505a-b857-4083-807b-c489e4862dfa#42-t2, previous=(t:2, i:18), leaderCommit=12, initializing? false, entries: <empty>
2019-09-16 21:08:57,408 [java.util.concurrent.ThreadPoolExecutor$Worker@a95aeed[State = -1, empty queue]] WARN  server.GrpcLogAppender (GrpcLogAppender.java:timeoutAppendRequest(200)) - ad2d061b-bce4-4929-94ab-c6ef8113ba3f@group-5176954A2AAB->701ccf05-4c28-42f5-aa92-67be6d940b6d-GrpcLogAppender: appendEntries Timeout, request=ad2d061b-bce4-4929-94ab-c6ef8113ba3f->701ccf05-4c28-42f5-aa92-67be6d940b6d#42-t2, previous=(t:2, i:18), leaderCommit=12, initializing? false, entries: <empty>
2019-09-16 21:08:57,479 [grpc-default-executor-3] INFO  client.GrpcClientProtocolClient (GrpcClientProtocolClient.java:onNext(264)) - client-37F90F3E4798->701ccf05-4c28-42f5-aa92-67be6d940b6d: receive RaftClientReply:client-37F90F3E4798->701ccf05-4c28-42f5-aa92-67be6d940b6d@group-5176954A2AAB, cid=24, FAILED org.apache.ratis.protocol.NotLeaderException: Server 701ccf05-4c28-42f5-aa92-67be6d940b6d@group-5176954A2AAB is not the leader ad2d061b-bce4-4929-94ab-c6ef8113ba3f:192.168.69.85:43917, logIndex=0, commits[701ccf05-4c28-42f5-aa92-67be6d940b6d:c12, ad2d061b-bce4-4929-94ab-c6ef8113ba3f:c12, a9e3505a-b857-4083-807b-c489e4862dfa:c10]
2019-09-16 21:08:59,909 [java.util.concurrent.ThreadPoolExecutor$Worker@a95aeed[State = -1, empty queue]] WARN  server.GrpcLogAppender (GrpcLogAppender.java:timeoutAppendRequest(200)) - ad2d061b-bce4-4929-94ab-c6ef8113ba3f@group-5176954A2AAB->701ccf05-4c28-42f5-aa92-67be6d940b6d-GrpcLogAppender: appendEntries Timeout, request=ad2d061b-bce4-4929-94ab-c6ef8113ba3f->701ccf05-4c28-42f5-aa92-67be6d940b6d#43-t2, previous=(t:2, i:18), leaderCommit=12, initializing? false, entries: <empty>
2019-09-16 21:08:59,909 [java.util.concurrent.ThreadPoolExecutor$Worker@5d461e01[State = -1, empty queue]] WARN  server.GrpcLogAppender (GrpcLogAppender.java:timeoutAppendRequest(200)) - ad2d061b-bce4-4929-94ab-c6ef8113ba3f@group-5176954A2AAB->a9e3505a-b857-4083-807b-c489e4862dfa-GrpcLogAppender: appendEntries Timeout, request=ad2d061b-bce4-4929-94ab-c6ef8113ba3f->a9e3505a-b857-4083-807b-c489e4862dfa#43-t2, previous=(t:2, i:18), leaderCommit=12, initializing? false, entries: <empty>
2019-09-16 21:09:02,411 [java.util.concurrent.ThreadPoolExecutor$Worker@a95aeed[State = -1, empty queue]] WARN  server.GrpcLogAppender (GrpcLogAppender.java:timeoutAppendRequest(200)) - ad2d061b-bce4-4929-94ab-c6ef8113ba3f@group-5176954A2AAB->701ccf05-4c28-42f5-aa92-67be6d940b6d-GrpcLogAppender: appendEntries Timeout, request=ad2d061b-bce4-4929-94ab-c6ef8113ba3f->701ccf05-4c28-42f5-aa92-67be6d940b6d#44-t2, previous=(t:2, i:18), leaderCommit=12, initializing? false, entries: <empty>
2019-09-16 21:09:02,411 [java.util.concurrent.ThreadPoolExecutor$Worker@5d461e01[State = -1, empty queue]] WARN  server.GrpcLogAppender (GrpcLogAppender.java:timeoutAppendRequest(200)) - ad2d061b-bce4-4929-94ab-c6ef8113ba3f@group-5176954A2AAB->a9e3505a-b857-4083-807b-c489e4862dfa-GrpcLogAppender: appendEntries Timeout, request=ad2d061b-bce4-4929-94ab-c6ef8113ba3f->a9e3505a-b857-4083-807b-c489e4862dfa#44-t2, previous=(t:2, i:18), leaderCommit=12, initializing? false, entries: <empty>
2019-09-16 21:09:02,535 [grpc-default-executor-3] INFO  client.GrpcClientProtocolClient (GrpcClientProtocolClient.java:onNext(264)) - client-37F90F3E4798->a9e3505a-b857-4083-807b-c489e4862dfa: receive RaftClientReply:client-37F90F3E4798->a9e3505a-b857-4083-807b-c489e4862dfa@group-5176954A2AAB, cid=24, FAILED org.apache.ratis.protocol.NotLeaderException: Server a9e3505a-b857-4083-807b-c489e4862dfa@group-5176954A2AAB is not the leader ad2d061b-bce4-4929-94ab-c6ef8113ba3f:192.168.69.85:43917, logIndex=0, commits[a9e3505a-b857-4083-807b-c489e4862dfa:c12, ad2d061b-bce4-4929-94ab-c6ef8113ba3f:c12, 701ccf05-4c28-42f5-aa92-67be6d940b6d:c10]
2019-09-16 21:09:04,912 [java.util.concurrent.ThreadPoolExecutor$Worker@5d461e01[State = -1, empty queue]] WARN  server.GrpcLogAppender (GrpcLogAppender.java:timeoutAppendRequest(200)) - ad2d061b-bce4-4929-94ab-c6ef8113ba3f@group-5176954A2AAB->a9e3505a-b857-4083-807b-c489e4862dfa-GrpcLogAppender: appendEntries Timeout, request=ad2d061b-bce4-4929-94ab-c6ef8113ba3f->a9e3505a-b857-4083-807b-c489e4862dfa#45-t2, previous=(t:2, i:18), leaderCommit=12, initializing? false, entries: <empty>
2019-09-16 21:09:04,912 [java.util.concurrent.ThreadPoolExecutor$Worker@a95aeed[State = -1, empty queue]] WARN  server.GrpcLogAppender (GrpcLogAppender.java:timeoutAppendRequest(200)) - ad2d061b-bce4-4929-94ab-c6ef8113ba3f@group-5176954A2AAB->701ccf05-4c28-42f5-aa92-67be6d940b6d-GrpcLogAppender: appendEntries Timeout, request=ad2d061b-bce4-4929-94ab-c6ef8113ba3f->701ccf05-4c28-42f5-aa92-67be6d940b6d#45-t2, previous=(t:2, i:18), leaderCommit=12, initializing? false, entries: <empty>
2019-09-16 21:09:07,167 [a9e3505a-b857-4083-807b-c489e4862dfa@group-5176954A2AAB-SegmentedRaftLogWorker] WARN  segmented.SegmentedRaftLogWorker (SegmentedRaftLogWorker.java:getFromFuture(90)) - Timeout 6/~
org.apache.ratis.protocol.TimeoutIOException: Timeout 10s: WriteLog:14: (t:2, i:14), STATEMACHINELOGENTRY, client-37F90F3E4798, cid=25-writeStateMachineData
	at org.apache.ratis.util.IOUtils.getFromFuture(IOUtils.java:87)
	at org.apache.ratis.server.raftlog.segmented.SegmentedRaftLogWorker$StateMachineDataPolicy.getFromFuture(SegmentedRaftLogWorker.java:87)
	at org.apache.ratis.server.raftlog.segmented.SegmentedRaftLogWorker$WriteLog.execute(SegmentedRaftLogWorker.java:477)
	at org.apache.ratis.server.raftlog.segmented.SegmentedRaftLogWorker.run(SegmentedRaftLogWorker.java:289)
	at java.lang.Thread.run(Thread.java:748)
Caused by: java.util.concurrent.TimeoutException
	at java.util.concurrent.CompletableFuture.timedGet(CompletableFuture.java:1771)
	at java.util.concurrent.CompletableFuture.get(CompletableFuture.java:1915)
	at org.apache.ratis.util.IOUtils.getFromFuture(IOUtils.java:79)
	... 4 more
2019-09-16 21:09:07,168 [ad2d061b-bce4-4929-94ab-c6ef8113ba3f@group-5176954A2AAB-SegmentedRaftLogWorker] WARN  segmented.SegmentedRaftLogWorker (SegmentedRaftLogWorker.java:getFromFuture(90)) - Timeout 6/~
org.apache.ratis.protocol.TimeoutIOException: Timeout 10s: WriteLog:14: (t:2, i:14), STATEMACHINELOGENTRY, client-37F90F3E4798, cid=25-writeStateMachineData
	at org.apache.ratis.util.IOUtils.getFromFuture(IOUtils.java:87)
	at org.apache.ratis.server.raftlog.segmented.SegmentedRaftLogWorker$StateMachineDataPolicy.getFromFuture(SegmentedRaftLogWorker.java:87)
	at org.apache.ratis.server.raftlog.segmented.SegmentedRaftLogWorker$WriteLog.execute(SegmentedRaftLogWorker.java:477)
	at org.apache.ratis.server.raftlog.segmented.SegmentedRaftLogWorker.run(SegmentedRaftLogWorker.java:289)
	at java.lang.Thread.run(Thread.java:748)
Caused by: java.util.concurrent.TimeoutException
	at java.util.concurrent.CompletableFuture.timedGet(CompletableFuture.java:1771)
	at java.util.concurrent.CompletableFuture.get(CompletableFuture.java:1915)
	at org.apache.ratis.util.IOUtils.getFromFuture(IOUtils.java:79)
	... 4 more
2019-09-16 21:09:07,169 [701ccf05-4c28-42f5-aa92-67be6d940b6d@group-5176954A2AAB-SegmentedRaftLogWorker] WARN  segmented.SegmentedRaftLogWorker (SegmentedRaftLogWorker.java:getFromFuture(90)) - Timeout 6/~
org.apache.ratis.protocol.TimeoutIOException: Timeout 10s: WriteLog:14: (t:2, i:14), STATEMACHINELOGENTRY, client-37F90F3E4798, cid=25-writeStateMachineData
	at org.apache.ratis.util.IOUtils.getFromFuture(IOUtils.java:87)
	at org.apache.ratis.server.raftlog.segmented.SegmentedRaftLogWorker$StateMachineDataPolicy.getFromFuture(SegmentedRaftLogWorker.java:87)
	at org.apache.ratis.server.raftlog.segmented.SegmentedRaftLogWorker$WriteLog.execute(SegmentedRaftLogWorker.java:477)
	at org.apache.ratis.server.raftlog.segmented.SegmentedRaftLogWorker.run(SegmentedRaftLogWorker.java:289)
	at java.lang.Thread.run(Thread.java:748)
Caused by: java.util.concurrent.TimeoutException
	at java.util.concurrent.CompletableFuture.timedGet(CompletableFuture.java:1771)
	at java.util.concurrent.CompletableFuture.get(CompletableFuture.java:1915)
	at org.apache.ratis.util.IOUtils.getFromFuture(IOUtils.java:79)
	... 4 more
2019-09-16 21:09:07,414 [java.util.concurrent.ThreadPoolExecutor$Worker@a95aeed[State = -1, empty queue]] WARN  server.GrpcLogAppender (GrpcLogAppender.java:timeoutAppendRequest(200)) - ad2d061b-bce4-4929-94ab-c6ef8113ba3f@group-5176954A2AAB->701ccf05-4c28-42f5-aa92-67be6d940b6d-GrpcLogAppender: appendEntries Timeout, request=ad2d061b-bce4-4929-94ab-c6ef8113ba3f->701ccf05-4c28-42f5-aa92-67be6d940b6d#46-t2, previous=(t:2, i:18), leaderCommit=12, initializing? false, entries: <empty>
2019-09-16 21:09:07,414 [java.util.concurrent.ThreadPoolExecutor$Worker@5d461e01[State = -1, empty queue]] WARN  server.GrpcLogAppender (GrpcLogAppender.java:timeoutAppendRequest(200)) - ad2d061b-bce4-4929-94ab-c6ef8113ba3f@group-5176954A2AAB->a9e3505a-b857-4083-807b-c489e4862dfa-GrpcLogAppender: appendEntries Timeout, request=ad2d061b-bce4-4929-94ab-c6ef8113ba3f->a9e3505a-b857-4083-807b-c489e4862dfa#46-t2, previous=(t:2, i:18), leaderCommit=12, initializing? false, entries: <empty>
2019-09-16 21:09:07,585 [grpc-default-executor-2] INFO  client.GrpcClientProtocolClient (GrpcClientProtocolClient.java:onNext(264)) - client-37F90F3E4798->701ccf05-4c28-42f5-aa92-67be6d940b6d: receive RaftClientReply:client-37F90F3E4798->701ccf05-4c28-42f5-aa92-67be6d940b6d@group-5176954A2AAB, cid=24, FAILED org.apache.ratis.protocol.NotLeaderException: Server 701ccf05-4c28-42f5-aa92-67be6d940b6d@group-5176954A2AAB is not the leader ad2d061b-bce4-4929-94ab-c6ef8113ba3f:192.168.69.85:43917, logIndex=0, commits[701ccf05-4c28-42f5-aa92-67be6d940b6d:c12, ad2d061b-bce4-4929-94ab-c6ef8113ba3f:c12, a9e3505a-b857-4083-807b-c489e4862dfa:c10]
2019-09-16 21:09:09,914 [java.util.concurrent.ThreadPoolExecutor$Worker@a95aeed[State = -1, empty queue]] WARN  server.GrpcLogAppender (GrpcLogAppender.java:timeoutAppendRequest(200)) - ad2d061b-bce4-4929-94ab-c6ef8113ba3f@group-5176954A2AAB->701ccf05-4c28-42f5-aa92-67be6d940b6d-GrpcLogAppender: appendEntries Timeout, request=ad2d061b-bce4-4929-94ab-c6ef8113ba3f->701ccf05-4c28-42f5-aa92-67be6d940b6d#47-t2, previous=(t:2, i:18), leaderCommit=12, initializing? false, entries: <empty>
2019-09-16 21:09:09,914 [java.util.concurrent.ThreadPoolExecutor$Worker@5d461e01[State = -1, empty queue]] WARN  server.GrpcLogAppender (GrpcLogAppender.java:timeoutAppendRequest(200)) - ad2d061b-bce4-4929-94ab-c6ef8113ba3f@group-5176954A2AAB->a9e3505a-b857-4083-807b-c489e4862dfa-GrpcLogAppender: appendEntries Timeout, request=ad2d061b-bce4-4929-94ab-c6ef8113ba3f->a9e3505a-b857-4083-807b-c489e4862dfa#47-t2, previous=(t:2, i:18), leaderCommit=12, initializing? false, entries: <empty>
2019-09-16 21:09:12,415 [java.util.concurrent.ThreadPoolExecutor$Worker@5d461e01[State = -1, empty queue]] WARN  server.GrpcLogAppender (GrpcLogAppender.java:timeoutAppendRequest(200)) - ad2d061b-bce4-4929-94ab-c6ef8113ba3f@group-5176954A2AAB->a9e3505a-b857-4083-807b-c489e4862dfa-GrpcLogAppender: appendEntries Timeout, request=ad2d061b-bce4-4929-94ab-c6ef8113ba3f->a9e3505a-b857-4083-807b-c489e4862dfa#48-t2, previous=(t:2, i:18), leaderCommit=12, initializing? false, entries: <empty>
2019-09-16 21:09:12,415 [java.util.concurrent.ThreadPoolExecutor$Worker@a95aeed[State = -1, empty queue]] WARN  server.GrpcLogAppender (GrpcLogAppender.java:timeoutAppendRequest(200)) - ad2d061b-bce4-4929-94ab-c6ef8113ba3f@group-5176954A2AAB->701ccf05-4c28-42f5-aa92-67be6d940b6d-GrpcLogAppender: appendEntries Timeout, request=ad2d061b-bce4-4929-94ab-c6ef8113ba3f->701ccf05-4c28-42f5-aa92-67be6d940b6d#48-t2, previous=(t:2, i:18), leaderCommit=12, initializing? false, entries: <empty>
2019-09-16 21:09:12,631 [grpc-default-executor-3] INFO  client.GrpcClientProtocolClient (GrpcClientProtocolClient.java:onNext(264)) - client-37F90F3E4798->a9e3505a-b857-4083-807b-c489e4862dfa: receive RaftClientReply:client-37F90F3E4798->a9e3505a-b857-4083-807b-c489e4862dfa@group-5176954A2AAB, cid=24, FAILED org.apache.ratis.protocol.NotLeaderException: Server a9e3505a-b857-4083-807b-c489e4862dfa@group-5176954A2AAB is not the leader ad2d061b-bce4-4929-94ab-c6ef8113ba3f:192.168.69.85:43917, logIndex=0, commits[a9e3505a-b857-4083-807b-c489e4862dfa:c12, ad2d061b-bce4-4929-94ab-c6ef8113ba3f:c12, 701ccf05-4c28-42f5-aa92-67be6d940b6d:c10]
2019-09-16 21:09:14,915 [java.util.concurrent.ThreadPoolExecutor$Worker@a95aeed[State = -1, empty queue]] WARN  server.GrpcLogAppender (GrpcLogAppender.java:timeoutAppendRequest(200)) - ad2d061b-bce4-4929-94ab-c6ef8113ba3f@group-5176954A2AAB->701ccf05-4c28-42f5-aa92-67be6d940b6d-GrpcLogAppender: appendEntries Timeout, request=ad2d061b-bce4-4929-94ab-c6ef8113ba3f->701ccf05-4c28-42f5-aa92-67be6d940b6d#49-t2, previous=(t:2, i:18), leaderCommit=12, initializing? false, entries: <empty>
2019-09-16 21:09:14,915 [java.util.concurrent.ThreadPoolExecutor$Worker@5d461e01[State = -1, empty queue]] WARN  server.GrpcLogAppender (GrpcLogAppender.java:timeoutAppendRequest(200)) - ad2d061b-bce4-4929-94ab-c6ef8113ba3f@group-5176954A2AAB->a9e3505a-b857-4083-807b-c489e4862dfa-GrpcLogAppender: appendEntries Timeout, request=ad2d061b-bce4-4929-94ab-c6ef8113ba3f->a9e3505a-b857-4083-807b-c489e4862dfa#49-t2, previous=(t:2, i:18), leaderCommit=12, initializing? false, entries: <empty>
2019-09-16 21:09:17,169 [a9e3505a-b857-4083-807b-c489e4862dfa@group-5176954A2AAB-SegmentedRaftLogWorker] WARN  segmented.SegmentedRaftLogWorker (SegmentedRaftLogWorker.java:getFromFuture(90)) - Timeout 7/~
org.apache.ratis.protocol.TimeoutIOException: Timeout 10s: WriteLog:14: (t:2, i:14), STATEMACHINELOGENTRY, client-37F90F3E4798, cid=25-writeStateMachineData
	at org.apache.ratis.util.IOUtils.getFromFuture(IOUtils.java:87)
	at org.apache.ratis.server.raftlog.segmented.SegmentedRaftLogWorker$StateMachineDataPolicy.getFromFuture(SegmentedRaftLogWorker.java:87)
	at org.apache.ratis.server.raftlog.segmented.SegmentedRaftLogWorker$WriteLog.execute(SegmentedRaftLogWorker.java:477)
	at org.apache.ratis.server.raftlog.segmented.SegmentedRaftLogWorker.run(SegmentedRaftLogWorker.java:289)
	at java.lang.Thread.run(Thread.java:748)
Caused by: java.util.concurrent.TimeoutException
	at java.util.concurrent.CompletableFuture.timedGet(CompletableFuture.java:1771)
	at java.util.concurrent.CompletableFuture.get(CompletableFuture.java:1915)
	at org.apache.ratis.util.IOUtils.getFromFuture(IOUtils.java:79)
	... 4 more
2019-09-16 21:09:17,192 [ad2d061b-bce4-4929-94ab-c6ef8113ba3f@group-5176954A2AAB-SegmentedRaftLogWorker] WARN  segmented.SegmentedRaftLogWorker (SegmentedRaftLogWorker.java:getFromFuture(90)) - Timeout 7/~
org.apache.ratis.protocol.TimeoutIOException: Timeout 10s: WriteLog:14: (t:2, i:14), STATEMACHINELOGENTRY, client-37F90F3E4798, cid=25-writeStateMachineData
	at org.apache.ratis.util.IOUtils.getFromFuture(IOUtils.java:87)
	at org.apache.ratis.server.raftlog.segmented.SegmentedRaftLogWorker$StateMachineDataPolicy.getFromFuture(SegmentedRaftLogWorker.java:87)
	at org.apache.ratis.server.raftlog.segmented.SegmentedRaftLogWorker$WriteLog.execute(SegmentedRaftLogWorker.java:477)
	at org.apache.ratis.server.raftlog.segmented.SegmentedRaftLogWorker.run(SegmentedRaftLogWorker.java:289)
	at java.lang.Thread.run(Thread.java:748)
Caused by: java.util.concurrent.TimeoutException
	at java.util.concurrent.CompletableFuture.timedGet(CompletableFuture.java:1771)
	at java.util.concurrent.CompletableFuture.get(CompletableFuture.java:1915)
	at org.apache.ratis.util.IOUtils.getFromFuture(IOUtils.java:79)
	... 4 more
2019-09-16 21:09:17,193 [701ccf05-4c28-42f5-aa92-67be6d940b6d@group-5176954A2AAB-SegmentedRaftLogWorker] WARN  segmented.SegmentedRaftLogWorker (SegmentedRaftLogWorker.java:getFromFuture(90)) - Timeout 7/~
org.apache.ratis.protocol.TimeoutIOException: Timeout 10s: WriteLog:14: (t:2, i:14), STATEMACHINELOGENTRY, client-37F90F3E4798, cid=25-writeStateMachineData
	at org.apache.ratis.util.IOUtils.getFromFuture(IOUtils.java:87)
	at org.apache.ratis.server.raftlog.segmented.SegmentedRaftLogWorker$StateMachineDataPolicy.getFromFuture(SegmentedRaftLogWorker.java:87)
	at org.apache.ratis.server.raftlog.segmented.SegmentedRaftLogWorker$WriteLog.execute(SegmentedRaftLogWorker.java:477)
	at org.apache.ratis.server.raftlog.segmented.SegmentedRaftLogWorker.run(SegmentedRaftLogWorker.java:289)
	at java.lang.Thread.run(Thread.java:748)
Caused by: java.util.concurrent.TimeoutException
	at java.util.concurrent.CompletableFuture.timedGet(CompletableFuture.java:1771)
	at java.util.concurrent.CompletableFuture.get(CompletableFuture.java:1915)
	at org.apache.ratis.util.IOUtils.getFromFuture(IOUtils.java:79)
	... 4 more
2019-09-16 21:09:17,416 [java.util.concurrent.ThreadPoolExecutor$Worker@5d461e01[State = -1, empty queue]] WARN  server.GrpcLogAppender (GrpcLogAppender.java:timeoutAppendRequest(200)) - ad2d061b-bce4-4929-94ab-c6ef8113ba3f@group-5176954A2AAB->a9e3505a-b857-4083-807b-c489e4862dfa-GrpcLogAppender: appendEntries Timeout, request=ad2d061b-bce4-4929-94ab-c6ef8113ba3f->a9e3505a-b857-4083-807b-c489e4862dfa#50-t2, previous=(t:2, i:18), leaderCommit=12, initializing? false, entries: <empty>
2019-09-16 21:09:17,416 [java.util.concurrent.ThreadPoolExecutor$Worker@a95aeed[State = -1, empty queue]] WARN  server.GrpcLogAppender (GrpcLogAppender.java:timeoutAppendRequest(200)) - ad2d061b-bce4-4929-94ab-c6ef8113ba3f@group-5176954A2AAB->701ccf05-4c28-42f5-aa92-67be6d940b6d-GrpcLogAppender: appendEntries Timeout, request=ad2d061b-bce4-4929-94ab-c6ef8113ba3f->701ccf05-4c28-42f5-aa92-67be6d940b6d#50-t2, previous=(t:2, i:18), leaderCommit=12, initializing? false, entries: <empty>
2019-09-16 21:09:17,669 [grpc-default-executor-3] INFO  client.GrpcClientProtocolClient (GrpcClientProtocolClient.java:onNext(264)) - client-37F90F3E4798->701ccf05-4c28-42f5-aa92-67be6d940b6d: receive RaftClientReply:client-37F90F3E4798->701ccf05-4c28-42f5-aa92-67be6d940b6d@group-5176954A2AAB, cid=24, FAILED org.apache.ratis.protocol.NotLeaderException: Server 701ccf05-4c28-42f5-aa92-67be6d940b6d@group-5176954A2AAB is not the leader ad2d061b-bce4-4929-94ab-c6ef8113ba3f:192.168.69.85:43917, logIndex=0, commits[701ccf05-4c28-42f5-aa92-67be6d940b6d:c12, ad2d061b-bce4-4929-94ab-c6ef8113ba3f:c12, a9e3505a-b857-4083-807b-c489e4862dfa:c10]
2019-09-16 21:09:19,916 [java.util.concurrent.ThreadPoolExecutor$Worker@5d461e01[State = -1, empty queue]] WARN  server.GrpcLogAppender (GrpcLogAppender.java:timeoutAppendRequest(200)) - ad2d061b-bce4-4929-94ab-c6ef8113ba3f@group-5176954A2AAB->a9e3505a-b857-4083-807b-c489e4862dfa-GrpcLogAppender: appendEntries Timeout, request=ad2d061b-bce4-4929-94ab-c6ef8113ba3f->a9e3505a-b857-4083-807b-c489e4862dfa#51-t2, previous=(t:2, i:18), leaderCommit=12, initializing? false, entries: <empty>
2019-09-16 21:09:19,916 [java.util.concurrent.ThreadPoolExecutor$Worker@a95aeed[State = -1, empty queue]] WARN  server.GrpcLogAppender (GrpcLogAppender.java:timeoutAppendRequest(200)) - ad2d061b-bce4-4929-94ab-c6ef8113ba3f@group-5176954A2AAB->701ccf05-4c28-42f5-aa92-67be6d940b6d-GrpcLogAppender: appendEntries Timeout, request=ad2d061b-bce4-4929-94ab-c6ef8113ba3f->701ccf05-4c28-42f5-aa92-67be6d940b6d#51-t2, previous=(t:2, i:18), leaderCommit=12, initializing? false, entries: <empty>
2019-09-16 21:09:22,416 [java.util.concurrent.ThreadPoolExecutor$Worker@a95aeed[State = -1, empty queue]] WARN  server.GrpcLogAppender (GrpcLogAppender.java:timeoutAppendRequest(200)) - ad2d061b-bce4-4929-94ab-c6ef8113ba3f@group-5176954A2AAB->701ccf05-4c28-42f5-aa92-67be6d940b6d-GrpcLogAppender: appendEntries Timeout, request=ad2d061b-bce4-4929-94ab-c6ef8113ba3f->701ccf05-4c28-42f5-aa92-67be6d940b6d#52-t2, previous=(t:2, i:18), leaderCommit=12, initializing? false, entries: <empty>
2019-09-16 21:09:22,417 [java.util.concurrent.ThreadPoolExecutor$Worker@5d461e01[State = -1, empty queue]] WARN  server.GrpcLogAppender (GrpcLogAppender.java:timeoutAppendRequest(200)) - ad2d061b-bce4-4929-94ab-c6ef8113ba3f@group-5176954A2AAB->a9e3505a-b857-4083-807b-c489e4862dfa-GrpcLogAppender: appendEntries Timeout, request=ad2d061b-bce4-4929-94ab-c6ef8113ba3f->a9e3505a-b857-4083-807b-c489e4862dfa#52-t2, previous=(t:2, i:18), leaderCommit=12, initializing? false, entries: <empty>
2019-09-16 21:09:22,717 [grpc-default-executor-3] INFO  client.GrpcClientProtocolClient (GrpcClientProtocolClient.java:onNext(264)) - client-37F90F3E4798->701ccf05-4c28-42f5-aa92-67be6d940b6d: receive RaftClientReply:client-37F90F3E4798->701ccf05-4c28-42f5-aa92-67be6d940b6d@group-5176954A2AAB, cid=24, FAILED org.apache.ratis.protocol.NotLeaderException: Server 701ccf05-4c28-42f5-aa92-67be6d940b6d@group-5176954A2AAB is not the leader ad2d061b-bce4-4929-94ab-c6ef8113ba3f:192.168.69.85:43917, logIndex=0, commits[701ccf05-4c28-42f5-aa92-67be6d940b6d:c12, ad2d061b-bce4-4929-94ab-c6ef8113ba3f:c12, a9e3505a-b857-4083-807b-c489e4862dfa:c10]
2019-09-16 21:09:24,917 [java.util.concurrent.ThreadPoolExecutor$Worker@a95aeed[State = -1, empty queue]] WARN  server.GrpcLogAppender (GrpcLogAppender.java:timeoutAppendRequest(200)) - ad2d061b-bce4-4929-94ab-c6ef8113ba3f@group-5176954A2AAB->701ccf05-4c28-42f5-aa92-67be6d940b6d-GrpcLogAppender: appendEntries Timeout, request=ad2d061b-bce4-4929-94ab-c6ef8113ba3f->701ccf05-4c28-42f5-aa92-67be6d940b6d#53-t2, previous=(t:2, i:18), leaderCommit=12, initializing? false, entries: <empty>
2019-09-16 21:09:24,917 [java.util.concurrent.ThreadPoolExecutor$Worker@5d461e01[State = -1, empty queue]] WARN  server.GrpcLogAppender (GrpcLogAppender.java:timeoutAppendRequest(200)) - ad2d061b-bce4-4929-94ab-c6ef8113ba3f@group-5176954A2AAB->a9e3505a-b857-4083-807b-c489e4862dfa-GrpcLogAppender: appendEntries Timeout, request=ad2d061b-bce4-4929-94ab-c6ef8113ba3f->a9e3505a-b857-4083-807b-c489e4862dfa#53-t2, previous=(t:2, i:18), leaderCommit=12, initializing? false, entries: <empty>
2019-09-16 21:09:27,170 [a9e3505a-b857-4083-807b-c489e4862dfa@group-5176954A2AAB-SegmentedRaftLogWorker] WARN  segmented.SegmentedRaftLogWorker (SegmentedRaftLogWorker.java:getFromFuture(90)) - Timeout 8/~
org.apache.ratis.protocol.TimeoutIOException: Timeout 10s: WriteLog:14: (t:2, i:14), STATEMACHINELOGENTRY, client-37F90F3E4798, cid=25-writeStateMachineData
	at org.apache.ratis.util.IOUtils.getFromFuture(IOUtils.java:87)
	at org.apache.ratis.server.raftlog.segmented.SegmentedRaftLogWorker$StateMachineDataPolicy.getFromFuture(SegmentedRaftLogWorker.java:87)
	at org.apache.ratis.server.raftlog.segmented.SegmentedRaftLogWorker$WriteLog.execute(SegmentedRaftLogWorker.java:477)
	at org.apache.ratis.server.raftlog.segmented.SegmentedRaftLogWorker.run(SegmentedRaftLogWorker.java:289)
	at java.lang.Thread.run(Thread.java:748)
Caused by: java.util.concurrent.TimeoutException
	at java.util.concurrent.CompletableFuture.timedGet(CompletableFuture.java:1771)
	at java.util.concurrent.CompletableFuture.get(CompletableFuture.java:1915)
	at org.apache.ratis.util.IOUtils.getFromFuture(IOUtils.java:79)
	... 4 more
2019-09-16 21:09:27,193 [ad2d061b-bce4-4929-94ab-c6ef8113ba3f@group-5176954A2AAB-SegmentedRaftLogWorker] WARN  segmented.SegmentedRaftLogWorker (SegmentedRaftLogWorker.java:getFromFuture(90)) - Timeout 8/~
org.apache.ratis.protocol.TimeoutIOException: Timeout 10s: WriteLog:14: (t:2, i:14), STATEMACHINELOGENTRY, client-37F90F3E4798, cid=25-writeStateMachineData
	at org.apache.ratis.util.IOUtils.getFromFuture(IOUtils.java:87)
	at org.apache.ratis.server.raftlog.segmented.SegmentedRaftLogWorker$StateMachineDataPolicy.getFromFuture(SegmentedRaftLogWorker.java:87)
	at org.apache.ratis.server.raftlog.segmented.SegmentedRaftLogWorker$WriteLog.execute(SegmentedRaftLogWorker.java:477)
	at org.apache.ratis.server.raftlog.segmented.SegmentedRaftLogWorker.run(SegmentedRaftLogWorker.java:289)
	at java.lang.Thread.run(Thread.java:748)
Caused by: java.util.concurrent.TimeoutException
	at java.util.concurrent.CompletableFuture.timedGet(CompletableFuture.java:1771)
	at java.util.concurrent.CompletableFuture.get(CompletableFuture.java:1915)
	at org.apache.ratis.util.IOUtils.getFromFuture(IOUtils.java:79)
	... 4 more
2019-09-16 21:09:27,194 [701ccf05-4c28-42f5-aa92-67be6d940b6d@group-5176954A2AAB-SegmentedRaftLogWorker] WARN  segmented.SegmentedRaftLogWorker (SegmentedRaftLogWorker.java:getFromFuture(90)) - Timeout 8/~
org.apache.ratis.protocol.TimeoutIOException: Timeout 10s: WriteLog:14: (t:2, i:14), STATEMACHINELOGENTRY, client-37F90F3E4798, cid=25-writeStateMachineData
	at org.apache.ratis.util.IOUtils.getFromFuture(IOUtils.java:87)
	at org.apache.ratis.server.raftlog.segmented.SegmentedRaftLogWorker$StateMachineDataPolicy.getFromFuture(SegmentedRaftLogWorker.java:87)
	at org.apache.ratis.server.raftlog.segmented.SegmentedRaftLogWorker$WriteLog.execute(SegmentedRaftLogWorker.java:477)
	at org.apache.ratis.server.raftlog.segmented.SegmentedRaftLogWorker.run(SegmentedRaftLogWorker.java:289)
	at java.lang.Thread.run(Thread.java:748)
Caused by: java.util.concurrent.TimeoutException
	at java.util.concurrent.CompletableFuture.timedGet(CompletableFuture.java:1771)
	at java.util.concurrent.CompletableFuture.get(CompletableFuture.java:1915)
	at org.apache.ratis.util.IOUtils.getFromFuture(IOUtils.java:79)
	... 4 more
2019-09-16 21:09:27,418 [java.util.concurrent.ThreadPoolExecutor$Worker@5d461e01[State = -1, empty queue]] WARN  server.GrpcLogAppender (GrpcLogAppender.java:timeoutAppendRequest(200)) - ad2d061b-bce4-4929-94ab-c6ef8113ba3f@group-5176954A2AAB->a9e3505a-b857-4083-807b-c489e4862dfa-GrpcLogAppender: appendEntries Timeout, request=ad2d061b-bce4-4929-94ab-c6ef8113ba3f->a9e3505a-b857-4083-807b-c489e4862dfa#54-t2, previous=(t:2, i:18), leaderCommit=12, initializing? false, entries: <empty>
2019-09-16 21:09:27,418 [java.util.concurrent.ThreadPoolExecutor$Worker@a95aeed[State = -1, empty queue]] WARN  server.GrpcLogAppender (GrpcLogAppender.java:timeoutAppendRequest(200)) - ad2d061b-bce4-4929-94ab-c6ef8113ba3f@group-5176954A2AAB->701ccf05-4c28-42f5-aa92-67be6d940b6d-GrpcLogAppender: appendEntries Timeout, request=ad2d061b-bce4-4929-94ab-c6ef8113ba3f->701ccf05-4c28-42f5-aa92-67be6d940b6d#54-t2, previous=(t:2, i:18), leaderCommit=12, initializing? false, entries: <empty>
2019-09-16 21:09:27,780 [grpc-default-executor-3] INFO  client.GrpcClientProtocolClient (GrpcClientProtocolClient.java:onNext(264)) - client-37F90F3E4798->701ccf05-4c28-42f5-aa92-67be6d940b6d: receive RaftClientReply:client-37F90F3E4798->701ccf05-4c28-42f5-aa92-67be6d940b6d@group-5176954A2AAB, cid=24, FAILED org.apache.ratis.protocol.NotLeaderException: Server 701ccf05-4c28-42f5-aa92-67be6d940b6d@group-5176954A2AAB is not the leader ad2d061b-bce4-4929-94ab-c6ef8113ba3f:192.168.69.85:43917, logIndex=0, commits[701ccf05-4c28-42f5-aa92-67be6d940b6d:c12, ad2d061b-bce4-4929-94ab-c6ef8113ba3f:c12, a9e3505a-b857-4083-807b-c489e4862dfa:c10]
2019-09-16 21:09:29,919 [java.util.concurrent.ThreadPoolExecutor$Worker@5d461e01[State = -1, empty queue]] WARN  server.GrpcLogAppender (GrpcLogAppender.java:timeoutAppendRequest(200)) - ad2d061b-bce4-4929-94ab-c6ef8113ba3f@group-5176954A2AAB->a9e3505a-b857-4083-807b-c489e4862dfa-GrpcLogAppender: appendEntries Timeout, request=ad2d061b-bce4-4929-94ab-c6ef8113ba3f->a9e3505a-b857-4083-807b-c489e4862dfa#55-t2, previous=(t:2, i:18), leaderCommit=12, initializing? false, entries: <empty>
2019-09-16 21:09:29,919 [java.util.concurrent.ThreadPoolExecutor$Worker@a95aeed[State = -1, empty queue]] WARN  server.GrpcLogAppender (GrpcLogAppender.java:timeoutAppendRequest(200)) - ad2d061b-bce4-4929-94ab-c6ef8113ba3f@group-5176954A2AAB->701ccf05-4c28-42f5-aa92-67be6d940b6d-GrpcLogAppender: appendEntries Timeout, request=ad2d061b-bce4-4929-94ab-c6ef8113ba3f->701ccf05-4c28-42f5-aa92-67be6d940b6d#55-t2, previous=(t:2, i:18), leaderCommit=12, initializing? false, entries: <empty>
2019-09-16 21:09:32,420 [java.util.concurrent.ThreadPoolExecutor$Worker@5d461e01[State = -1, empty queue]] WARN  server.GrpcLogAppender (GrpcLogAppender.java:timeoutAppendRequest(200)) - ad2d061b-bce4-4929-94ab-c6ef8113ba3f@group-5176954A2AAB->a9e3505a-b857-4083-807b-c489e4862dfa-GrpcLogAppender: appendEntries Timeout, request=ad2d061b-bce4-4929-94ab-c6ef8113ba3f->a9e3505a-b857-4083-807b-c489e4862dfa#56-t2, previous=(t:2, i:18), leaderCommit=12, initializing? false, entries: <empty>
2019-09-16 21:09:32,420 [java.util.concurrent.ThreadPoolExecutor$Worker@a95aeed[State = -1, empty queue]] WARN  server.GrpcLogAppender (GrpcLogAppender.java:timeoutAppendRequest(200)) - ad2d061b-bce4-4929-94ab-c6ef8113ba3f@group-5176954A2AAB->701ccf05-4c28-42f5-aa92-67be6d940b6d-GrpcLogAppender: appendEntries Timeout, request=ad2d061b-bce4-4929-94ab-c6ef8113ba3f->701ccf05-4c28-42f5-aa92-67be6d940b6d#56-t2, previous=(t:2, i:18), leaderCommit=12, initializing? false, entries: <empty>
2019-09-16 21:09:32,839 [grpc-default-executor-1] INFO  client.GrpcClientProtocolClient (GrpcClientProtocolClient.java:onNext(264)) - client-37F90F3E4798->a9e3505a-b857-4083-807b-c489e4862dfa: receive RaftClientReply:client-37F90F3E4798->a9e3505a-b857-4083-807b-c489e4862dfa@group-5176954A2AAB, cid=24, FAILED org.apache.ratis.protocol.NotLeaderException: Server a9e3505a-b857-4083-807b-c489e4862dfa@group-5176954A2AAB is not the leader ad2d061b-bce4-4929-94ab-c6ef8113ba3f:192.168.69.85:43917, logIndex=0, commits[a9e3505a-b857-4083-807b-c489e4862dfa:c12, ad2d061b-bce4-4929-94ab-c6ef8113ba3f:c12, 701ccf05-4c28-42f5-aa92-67be6d940b6d:c10]
2019-09-16 21:09:34,921 [java.util.concurrent.ThreadPoolExecutor$Worker@5d461e01[State = -1, empty queue]] WARN  server.GrpcLogAppender (GrpcLogAppender.java:timeoutAppendRequest(200)) - ad2d061b-bce4-4929-94ab-c6ef8113ba3f@group-5176954A2AAB->a9e3505a-b857-4083-807b-c489e4862dfa-GrpcLogAppender: appendEntries Timeout, request=ad2d061b-bce4-4929-94ab-c6ef8113ba3f->a9e3505a-b857-4083-807b-c489e4862dfa#57-t2, previous=(t:2, i:18), leaderCommit=12, initializing? false, entries: <empty>
2019-09-16 21:09:34,921 [java.util.concurrent.ThreadPoolExecutor$Worker@a95aeed[State = -1, empty queue]] WARN  server.GrpcLogAppender (GrpcLogAppender.java:timeoutAppendRequest(200)) - ad2d061b-bce4-4929-94ab-c6ef8113ba3f@group-5176954A2AAB->701ccf05-4c28-42f5-aa92-67be6d940b6d-GrpcLogAppender: appendEntries Timeout, request=ad2d061b-bce4-4929-94ab-c6ef8113ba3f->701ccf05-4c28-42f5-aa92-67be6d940b6d#57-t2, previous=(t:2, i:18), leaderCommit=12, initializing? false, entries: <empty>
2019-09-16 21:09:37,172 [a9e3505a-b857-4083-807b-c489e4862dfa@group-5176954A2AAB-SegmentedRaftLogWorker] WARN  segmented.SegmentedRaftLogWorker (SegmentedRaftLogWorker.java:getFromFuture(90)) - Timeout 9/~
org.apache.ratis.protocol.TimeoutIOException: Timeout 10s: WriteLog:14: (t:2, i:14), STATEMACHINELOGENTRY, client-37F90F3E4798, cid=25-writeStateMachineData
	at org.apache.ratis.util.IOUtils.getFromFuture(IOUtils.java:87)
	at org.apache.ratis.server.raftlog.segmented.SegmentedRaftLogWorker$StateMachineDataPolicy.getFromFuture(SegmentedRaftLogWorker.java:87)
	at org.apache.ratis.server.raftlog.segmented.SegmentedRaftLogWorker$WriteLog.execute(SegmentedRaftLogWorker.java:477)
	at org.apache.ratis.server.raftlog.segmented.SegmentedRaftLogWorker.run(SegmentedRaftLogWorker.java:289)
	at java.lang.Thread.run(Thread.java:748)
Caused by: java.util.concurrent.TimeoutException
	at java.util.concurrent.CompletableFuture.timedGet(CompletableFuture.java:1771)
	at java.util.concurrent.CompletableFuture.get(CompletableFuture.java:1915)
	at org.apache.ratis.util.IOUtils.getFromFuture(IOUtils.java:79)
	... 4 more
2019-09-16 21:09:37,194 [ad2d061b-bce4-4929-94ab-c6ef8113ba3f@group-5176954A2AAB-SegmentedRaftLogWorker] WARN  segmented.SegmentedRaftLogWorker (SegmentedRaftLogWorker.java:getFromFuture(90)) - Timeout 9/~
org.apache.ratis.protocol.TimeoutIOException: Timeout 10s: WriteLog:14: (t:2, i:14), STATEMACHINELOGENTRY, client-37F90F3E4798, cid=25-writeStateMachineData
	at org.apache.ratis.util.IOUtils.getFromFuture(IOUtils.java:87)
	at org.apache.ratis.server.raftlog.segmented.SegmentedRaftLogWorker$StateMachineDataPolicy.getFromFuture(SegmentedRaftLogWorker.java:87)
	at org.apache.ratis.server.raftlog.segmented.SegmentedRaftLogWorker$WriteLog.execute(SegmentedRaftLogWorker.java:477)
	at org.apache.ratis.server.raftlog.segmented.SegmentedRaftLogWorker.run(SegmentedRaftLogWorker.java:289)
	at java.lang.Thread.run(Thread.java:748)
Caused by: java.util.concurrent.TimeoutException
	at java.util.concurrent.CompletableFuture.timedGet(CompletableFuture.java:1771)
	at java.util.concurrent.CompletableFuture.get(CompletableFuture.java:1915)
	at org.apache.ratis.util.IOUtils.getFromFuture(IOUtils.java:79)
	... 4 more
2019-09-16 21:09:37,195 [701ccf05-4c28-42f5-aa92-67be6d940b6d@group-5176954A2AAB-SegmentedRaftLogWorker] WARN  segmented.SegmentedRaftLogWorker (SegmentedRaftLogWorker.java:getFromFuture(90)) - Timeout 9/~
org.apache.ratis.protocol.TimeoutIOException: Timeout 10s: WriteLog:14: (t:2, i:14), STATEMACHINELOGENTRY, client-37F90F3E4798, cid=25-writeStateMachineData
	at org.apache.ratis.util.IOUtils.getFromFuture(IOUtils.java:87)
	at org.apache.ratis.server.raftlog.segmented.SegmentedRaftLogWorker$StateMachineDataPolicy.getFromFuture(SegmentedRaftLogWorker.java:87)
	at org.apache.ratis.server.raftlog.segmented.SegmentedRaftLogWorker$WriteLog.execute(SegmentedRaftLogWorker.java:477)
	at org.apache.ratis.server.raftlog.segmented.SegmentedRaftLogWorker.run(SegmentedRaftLogWorker.java:289)
	at java.lang.Thread.run(Thread.java:748)
Caused by: java.util.concurrent.TimeoutException
	at java.util.concurrent.CompletableFuture.timedGet(CompletableFuture.java:1771)
	at java.util.concurrent.CompletableFuture.get(CompletableFuture.java:1915)
	at org.apache.ratis.util.IOUtils.getFromFuture(IOUtils.java:79)
	... 4 more
2019-09-16 21:09:37,421 [java.util.concurrent.ThreadPoolExecutor$Worker@5d461e01[State = -1, empty queue]] WARN  server.GrpcLogAppender (GrpcLogAppender.java:timeoutAppendRequest(200)) - ad2d061b-bce4-4929-94ab-c6ef8113ba3f@group-5176954A2AAB->a9e3505a-b857-4083-807b-c489e4862dfa-GrpcLogAppender: appendEntries Timeout, request=ad2d061b-bce4-4929-94ab-c6ef8113ba3f->a9e3505a-b857-4083-807b-c489e4862dfa#58-t2, previous=(t:2, i:18), leaderCommit=12, initializing? false, entries: <empty>
2019-09-16 21:09:37,421 [java.util.concurrent.ThreadPoolExecutor$Worker@a95aeed[State = -1, empty queue]] WARN  server.GrpcLogAppender (GrpcLogAppender.java:timeoutAppendRequest(200)) - ad2d061b-bce4-4929-94ab-c6ef8113ba3f@group-5176954A2AAB->701ccf05-4c28-42f5-aa92-67be6d940b6d-GrpcLogAppender: appendEntries Timeout, request=ad2d061b-bce4-4929-94ab-c6ef8113ba3f->701ccf05-4c28-42f5-aa92-67be6d940b6d#58-t2, previous=(t:2, i:18), leaderCommit=12, initializing? false, entries: <empty>
2019-09-16 21:09:37,894 [grpc-default-executor-2] INFO  client.GrpcClientProtocolClient (GrpcClientProtocolClient.java:onNext(264)) - client-37F90F3E4798->701ccf05-4c28-42f5-aa92-67be6d940b6d: receive RaftClientReply:client-37F90F3E4798->701ccf05-4c28-42f5-aa92-67be6d940b6d@group-5176954A2AAB, cid=24, FAILED org.apache.ratis.protocol.NotLeaderException: Server 701ccf05-4c28-42f5-aa92-67be6d940b6d@group-5176954A2AAB is not the leader ad2d061b-bce4-4929-94ab-c6ef8113ba3f:192.168.69.85:43917, logIndex=0, commits[701ccf05-4c28-42f5-aa92-67be6d940b6d:c12, ad2d061b-bce4-4929-94ab-c6ef8113ba3f:c12, a9e3505a-b857-4083-807b-c489e4862dfa:c10]
2019-09-16 21:09:39,922 [java.util.concurrent.ThreadPoolExecutor$Worker@5d461e01[State = -1, empty queue]] WARN  server.GrpcLogAppender (GrpcLogAppender.java:timeoutAppendRequest(200)) - ad2d061b-bce4-4929-94ab-c6ef8113ba3f@group-5176954A2AAB->a9e3505a-b857-4083-807b-c489e4862dfa-GrpcLogAppender: appendEntries Timeout, request=ad2d061b-bce4-4929-94ab-c6ef8113ba3f->a9e3505a-b857-4083-807b-c489e4862dfa#59-t2, previous=(t:2, i:18), leaderCommit=12, initializing? false, entries: <empty>
2019-09-16 21:09:39,922 [java.util.concurrent.ThreadPoolExecutor$Worker@a95aeed[State = -1, empty queue]] WARN  server.GrpcLogAppender (GrpcLogAppender.java:timeoutAppendRequest(200)) - ad2d061b-bce4-4929-94ab-c6ef8113ba3f@group-5176954A2AAB->701ccf05-4c28-42f5-aa92-67be6d940b6d-GrpcLogAppender: appendEntries Timeout, request=ad2d061b-bce4-4929-94ab-c6ef8113ba3f->701ccf05-4c28-42f5-aa92-67be6d940b6d#59-t2, previous=(t:2, i:18), leaderCommit=12, initializing? false, entries: <empty>
2019-09-16 21:09:42,423 [java.util.concurrent.ThreadPoolExecutor$Worker@a95aeed[State = -1, empty queue]] WARN  server.GrpcLogAppender (GrpcLogAppender.java:timeoutAppendRequest(200)) - ad2d061b-bce4-4929-94ab-c6ef8113ba3f@group-5176954A2AAB->701ccf05-4c28-42f5-aa92-67be6d940b6d-GrpcLogAppender: appendEntries Timeout, request=ad2d061b-bce4-4929-94ab-c6ef8113ba3f->701ccf05-4c28-42f5-aa92-67be6d940b6d#60-t2, previous=(t:2, i:18), leaderCommit=12, initializing? false, entries: <empty>
2019-09-16 21:09:42,423 [java.util.concurrent.ThreadPoolExecutor$Worker@5d461e01[State = -1, empty queue]] WARN  server.GrpcLogAppender (GrpcLogAppender.java:timeoutAppendRequest(200)) - ad2d061b-bce4-4929-94ab-c6ef8113ba3f@group-5176954A2AAB->a9e3505a-b857-4083-807b-c489e4862dfa-GrpcLogAppender: appendEntries Timeout, request=ad2d061b-bce4-4929-94ab-c6ef8113ba3f->a9e3505a-b857-4083-807b-c489e4862dfa#60-t2, previous=(t:2, i:18), leaderCommit=12, initializing? false, entries: <empty>
2019-09-16 21:09:42,949 [grpc-default-executor-3] INFO  client.GrpcClientProtocolClient (GrpcClientProtocolClient.java:onNext(264)) - client-37F90F3E4798->701ccf05-4c28-42f5-aa92-67be6d940b6d: receive RaftClientReply:client-37F90F3E4798->701ccf05-4c28-42f5-aa92-67be6d940b6d@group-5176954A2AAB, cid=24, FAILED org.apache.ratis.protocol.NotLeaderException: Server 701ccf05-4c28-42f5-aa92-67be6d940b6d@group-5176954A2AAB is not the leader ad2d061b-bce4-4929-94ab-c6ef8113ba3f:192.168.69.85:43917, logIndex=0, commits[701ccf05-4c28-42f5-aa92-67be6d940b6d:c12, ad2d061b-bce4-4929-94ab-c6ef8113ba3f:c12, a9e3505a-b857-4083-807b-c489e4862dfa:c10]
2019-09-16 21:09:44,924 [java.util.concurrent.ThreadPoolExecutor$Worker@a95aeed[State = -1, empty queue]] WARN  server.GrpcLogAppender (GrpcLogAppender.java:timeoutAppendRequest(200)) - ad2d061b-bce4-4929-94ab-c6ef8113ba3f@group-5176954A2AAB->701ccf05-4c28-42f5-aa92-67be6d940b6d-GrpcLogAppender: appendEntries Timeout, request=ad2d061b-bce4-4929-94ab-c6ef8113ba3f->701ccf05-4c28-42f5-aa92-67be6d940b6d#61-t2, previous=(t:2, i:18), leaderCommit=12, initializing? false, entries: <empty>
2019-09-16 21:09:44,924 [java.util.concurrent.ThreadPoolExecutor$Worker@5d461e01[State = -1, empty queue]] WARN  server.GrpcLogAppender (GrpcLogAppender.java:timeoutAppendRequest(200)) - ad2d061b-bce4-4929-94ab-c6ef8113ba3f@group-5176954A2AAB->a9e3505a-b857-4083-807b-c489e4862dfa-GrpcLogAppender: appendEntries Timeout, request=ad2d061b-bce4-4929-94ab-c6ef8113ba3f->a9e3505a-b857-4083-807b-c489e4862dfa#61-t2, previous=(t:2, i:18), leaderCommit=12, initializing? false, entries: <empty>
2019-09-16 21:09:47,173 [a9e3505a-b857-4083-807b-c489e4862dfa@group-5176954A2AAB-SegmentedRaftLogWorker] WARN  segmented.SegmentedRaftLogWorker (SegmentedRaftLogWorker.java:getFromFuture(90)) - Timeout 10/~
org.apache.ratis.protocol.TimeoutIOException: Timeout 10s: WriteLog:14: (t:2, i:14), STATEMACHINELOGENTRY, client-37F90F3E4798, cid=25-writeStateMachineData
	at org.apache.ratis.util.IOUtils.getFromFuture(IOUtils.java:87)
	at org.apache.ratis.server.raftlog.segmented.SegmentedRaftLogWorker$StateMachineDataPolicy.getFromFuture(SegmentedRaftLogWorker.java:87)
	at org.apache.ratis.server.raftlog.segmented.SegmentedRaftLogWorker$WriteLog.execute(SegmentedRaftLogWorker.java:477)
	at org.apache.ratis.server.raftlog.segmented.SegmentedRaftLogWorker.run(SegmentedRaftLogWorker.java:289)
	at java.lang.Thread.run(Thread.java:748)
Caused by: java.util.concurrent.TimeoutException
	at java.util.concurrent.CompletableFuture.timedGet(CompletableFuture.java:1771)
	at java.util.concurrent.CompletableFuture.get(CompletableFuture.java:1915)
	at org.apache.ratis.util.IOUtils.getFromFuture(IOUtils.java:79)
	... 4 more
2019-09-16 21:09:47,195 [ad2d061b-bce4-4929-94ab-c6ef8113ba3f@group-5176954A2AAB-SegmentedRaftLogWorker] WARN  segmented.SegmentedRaftLogWorker (SegmentedRaftLogWorker.java:getFromFuture(90)) - Timeout 10/~
org.apache.ratis.protocol.TimeoutIOException: Timeout 10s: WriteLog:14: (t:2, i:14), STATEMACHINELOGENTRY, client-37F90F3E4798, cid=25-writeStateMachineData
	at org.apache.ratis.util.IOUtils.getFromFuture(IOUtils.java:87)
	at org.apache.ratis.server.raftlog.segmented.SegmentedRaftLogWorker$StateMachineDataPolicy.getFromFuture(SegmentedRaftLogWorker.java:87)
	at org.apache.ratis.server.raftlog.segmented.SegmentedRaftLogWorker$WriteLog.execute(SegmentedRaftLogWorker.java:477)
	at org.apache.ratis.server.raftlog.segmented.SegmentedRaftLogWorker.run(SegmentedRaftLogWorker.java:289)
	at java.lang.Thread.run(Thread.java:748)
Caused by: java.util.concurrent.TimeoutException
	at java.util.concurrent.CompletableFuture.timedGet(CompletableFuture.java:1771)
	at java.util.concurrent.CompletableFuture.get(CompletableFuture.java:1915)
	at org.apache.ratis.util.IOUtils.getFromFuture(IOUtils.java:79)
	... 4 more
2019-09-16 21:09:47,196 [701ccf05-4c28-42f5-aa92-67be6d940b6d@group-5176954A2AAB-SegmentedRaftLogWorker] WARN  segmented.SegmentedRaftLogWorker (SegmentedRaftLogWorker.java:getFromFuture(90)) - Timeout 10/~
org.apache.ratis.protocol.TimeoutIOException: Timeout 10s: WriteLog:14: (t:2, i:14), STATEMACHINELOGENTRY, client-37F90F3E4798, cid=25-writeStateMachineData
	at org.apache.ratis.util.IOUtils.getFromFuture(IOUtils.java:87)
	at org.apache.ratis.server.raftlog.segmented.SegmentedRaftLogWorker$StateMachineDataPolicy.getFromFuture(SegmentedRaftLogWorker.java:87)
	at org.apache.ratis.server.raftlog.segmented.SegmentedRaftLogWorker$WriteLog.execute(SegmentedRaftLogWorker.java:477)
	at org.apache.ratis.server.raftlog.segmented.SegmentedRaftLogWorker.run(SegmentedRaftLogWorker.java:289)
	at java.lang.Thread.run(Thread.java:748)
Caused by: java.util.concurrent.TimeoutException
	at java.util.concurrent.CompletableFuture.timedGet(CompletableFuture.java:1771)
	at java.util.concurrent.CompletableFuture.get(CompletableFuture.java:1915)
	at org.apache.ratis.util.IOUtils.getFromFuture(IOUtils.java:79)
	... 4 more
2019-09-16 21:09:47,425 [java.util.concurrent.ThreadPoolExecutor$Worker@a95aeed[State = -1, empty queue]] WARN  server.GrpcLogAppender (GrpcLogAppender.java:timeoutAppendRequest(200)) - ad2d061b-bce4-4929-94ab-c6ef8113ba3f@group-5176954A2AAB->701ccf05-4c28-42f5-aa92-67be6d940b6d-GrpcLogAppender: appendEntries Timeout, request=ad2d061b-bce4-4929-94ab-c6ef8113ba3f->701ccf05-4c28-42f5-aa92-67be6d940b6d#62-t2, previous=(t:2, i:18), leaderCommit=12, initializing? false, entries: <empty>
2019-09-16 21:09:47,425 [java.util.concurrent.ThreadPoolExecutor$Worker@5d461e01[State = -1, empty queue]] WARN  server.GrpcLogAppender (GrpcLogAppender.java:timeoutAppendRequest(200)) - ad2d061b-bce4-4929-94ab-c6ef8113ba3f@group-5176954A2AAB->a9e3505a-b857-4083-807b-c489e4862dfa-GrpcLogAppender: appendEntries Timeout, request=ad2d061b-bce4-4929-94ab-c6ef8113ba3f->a9e3505a-b857-4083-807b-c489e4862dfa#62-t2, previous=(t:2, i:18), leaderCommit=12, initializing? false, entries: <empty>
2019-09-16 21:09:47,984 [grpc-default-executor-6] INFO  client.GrpcClientProtocolClient (GrpcClientProtocolClient.java:onNext(264)) - client-37F90F3E4798->701ccf05-4c28-42f5-aa92-67be6d940b6d: receive RaftClientReply:client-37F90F3E4798->701ccf05-4c28-42f5-aa92-67be6d940b6d@group-5176954A2AAB, cid=24, FAILED org.apache.ratis.protocol.NotLeaderException: Server 701ccf05-4c28-42f5-aa92-67be6d940b6d@group-5176954A2AAB is not the leader ad2d061b-bce4-4929-94ab-c6ef8113ba3f:192.168.69.85:43917, logIndex=0, commits[701ccf05-4c28-42f5-aa92-67be6d940b6d:c12, ad2d061b-bce4-4929-94ab-c6ef8113ba3f:c12, a9e3505a-b857-4083-807b-c489e4862dfa:c10]
2019-09-16 21:09:49,925 [java.util.concurrent.ThreadPoolExecutor$Worker@a95aeed[State = -1, empty queue]] WARN  server.GrpcLogAppender (GrpcLogAppender.java:timeoutAppendRequest(200)) - ad2d061b-bce4-4929-94ab-c6ef8113ba3f@group-5176954A2AAB->701ccf05-4c28-42f5-aa92-67be6d940b6d-GrpcLogAppender: appendEntries Timeout, request=ad2d061b-bce4-4929-94ab-c6ef8113ba3f->701ccf05-4c28-42f5-aa92-67be6d940b6d#63-t2, previous=(t:2, i:18), leaderCommit=12, initializing? false, entries: <empty>
2019-09-16 21:09:49,925 [java.util.concurrent.ThreadPoolExecutor$Worker@5d461e01[State = -1, empty queue]] WARN  server.GrpcLogAppender (GrpcLogAppender.java:timeoutAppendRequest(200)) - ad2d061b-bce4-4929-94ab-c6ef8113ba3f@group-5176954A2AAB->a9e3505a-b857-4083-807b-c489e4862dfa-GrpcLogAppender: appendEntries Timeout, request=ad2d061b-bce4-4929-94ab-c6ef8113ba3f->a9e3505a-b857-4083-807b-c489e4862dfa#63-t2, previous=(t:2, i:18), leaderCommit=12, initializing? false, entries: <empty>
2019-09-16 21:09:52,426 [java.util.concurrent.ThreadPoolExecutor$Worker@a95aeed[State = -1, empty queue]] WARN  server.GrpcLogAppender (GrpcLogAppender.java:timeoutAppendRequest(200)) - ad2d061b-bce4-4929-94ab-c6ef8113ba3f@group-5176954A2AAB->701ccf05-4c28-42f5-aa92-67be6d940b6d-GrpcLogAppender: appendEntries Timeout, request=ad2d061b-bce4-4929-94ab-c6ef8113ba3f->701ccf05-4c28-42f5-aa92-67be6d940b6d#64-t2, previous=(t:2, i:18), leaderCommit=12, initializing? false, entries: <empty>
2019-09-16 21:09:52,426 [java.util.concurrent.ThreadPoolExecutor$Worker@5d461e01[State = -1, empty queue]] WARN  server.GrpcLogAppender (GrpcLogAppender.java:timeoutAppendRequest(200)) - ad2d061b-bce4-4929-94ab-c6ef8113ba3f@group-5176954A2AAB->a9e3505a-b857-4083-807b-c489e4862dfa-GrpcLogAppender: appendEntries Timeout, request=ad2d061b-bce4-4929-94ab-c6ef8113ba3f->a9e3505a-b857-4083-807b-c489e4862dfa#64-t2, previous=(t:2, i:18), leaderCommit=12, initializing? false, entries: <empty>
2019-09-16 21:09:53,186 [grpc-default-executor-2] INFO  client.GrpcClientProtocolClient (GrpcClientProtocolClient.java:onNext(264)) - client-37F90F3E4798->a9e3505a-b857-4083-807b-c489e4862dfa: receive RaftClientReply:client-37F90F3E4798->a9e3505a-b857-4083-807b-c489e4862dfa@group-5176954A2AAB, cid=24, FAILED org.apache.ratis.protocol.NotLeaderException: Server a9e3505a-b857-4083-807b-c489e4862dfa@group-5176954A2AAB is not the leader ad2d061b-bce4-4929-94ab-c6ef8113ba3f:192.168.69.85:43917, logIndex=0, commits[a9e3505a-b857-4083-807b-c489e4862dfa:c12, ad2d061b-bce4-4929-94ab-c6ef8113ba3f:c12, 701ccf05-4c28-42f5-aa92-67be6d940b6d:c10]
2019-09-16 21:09:54,926 [java.util.concurrent.ThreadPoolExecutor$Worker@a95aeed[State = -1, empty queue]] WARN  server.GrpcLogAppender (GrpcLogAppender.java:timeoutAppendRequest(200)) - ad2d061b-bce4-4929-94ab-c6ef8113ba3f@group-5176954A2AAB->701ccf05-4c28-42f5-aa92-67be6d940b6d-GrpcLogAppender: appendEntries Timeout, request=ad2d061b-bce4-4929-94ab-c6ef8113ba3f->701ccf05-4c28-42f5-aa92-67be6d940b6d#65-t2, previous=(t:2, i:18), leaderCommit=12, initializing? false, entries: <empty>
2019-09-16 21:09:54,926 [java.util.concurrent.ThreadPoolExecutor$Worker@5d461e01[State = -1, empty queue]] WARN  server.GrpcLogAppender (GrpcLogAppender.java:timeoutAppendRequest(200)) - ad2d061b-bce4-4929-94ab-c6ef8113ba3f@group-5176954A2AAB->a9e3505a-b857-4083-807b-c489e4862dfa-GrpcLogAppender: appendEntries Timeout, request=ad2d061b-bce4-4929-94ab-c6ef8113ba3f->a9e3505a-b857-4083-807b-c489e4862dfa#65-t2, previous=(t:2, i:18), leaderCommit=12, initializing? false, entries: <empty>
2019-09-16 21:09:56,992 [org.apache.ratis.server.impl.LogAppender$AppenderDaemon$$Lambda$505/1255135911@6f115639] ERROR ratis.XceiverServerRatis (XceiverServerRatis.java:triggerPipelineClose(568)) - pipeline Action CLOSE  on pipeline PipelineID=1c222981-f753-43aa-b5f1-5176954a2aab.Reason : ad2d061b-bce4-4929-94ab-c6ef8113ba3f has not seen follower/s 701ccf05-4c28-42f5-aa92-67be6d940b6d for 120678ms a9e3505a-b857-4083-807b-c489e4862dfa for 120684ms
2019-09-16 21:09:56,992 [org.apache.ratis.server.impl.LogAppender$AppenderDaemon$$Lambda$505/1255135911@12b4cd7a] ERROR ratis.XceiverServerRatis (XceiverServerRatis.java:triggerPipelineClose(568)) - pipeline Action CLOSE  on pipeline PipelineID=1c222981-f753-43aa-b5f1-5176954a2aab.Reason : ad2d061b-bce4-4929-94ab-c6ef8113ba3f has not seen follower/s 701ccf05-4c28-42f5-aa92-67be6d940b6d for 120678ms a9e3505a-b857-4083-807b-c489e4862dfa for 120684ms
2019-09-16 21:09:57,170 [EventQueue-PipelineActionsForPipelineActionHandler] ERROR pipeline.PipelineActionHandler (PipelineActionHandler.java:onMessage(60)) - Received pipeline action CLOSE for Pipeline[ Id: 1c222981-f753-43aa-b5f1-5176954a2aab, Nodes: 701ccf05-4c28-42f5-aa92-67be6d940b6d{ip: 192.168.69.85, host: pr-hdds-1054-8d95c-1017424488, networkLocation: /default-rack, certSerialId: null}ad2d061b-bce4-4929-94ab-c6ef8113ba3f{ip: 192.168.69.85, host: pr-hdds-1054-8d95c-1017424488, networkLocation: /default-rack, certSerialId: null}a9e3505a-b857-4083-807b-c489e4862dfa{ip: 192.168.69.85, host: pr-hdds-1054-8d95c-1017424488, networkLocation: /default-rack, certSerialId: null}, Type:RATIS, Factor:THREE, State:OPEN] from datanode ad2d061b-bce4-4929-94ab-c6ef8113ba3f{ip: 192.168.69.85, host: pr-hdds-1054-8d95c-1017424488, networkLocation: /default-rack, certSerialId: null}. Reason : ad2d061b-bce4-4929-94ab-c6ef8113ba3f has not seen follower/s 701ccf05-4c28-42f5-aa92-67be6d940b6d for 120678ms a9e3505a-b857-4083-807b-c489e4862dfa for 120684ms
2019-09-16 21:09:57,171 [EventQueue-PipelineActionsForPipelineActionHandler] INFO  pipeline.SCMPipelineManager (SCMPipelineManager.java:finalizeAndDestroyPipeline(311)) - destroying pipeline:Pipeline[ Id: 1c222981-f753-43aa-b5f1-5176954a2aab, Nodes: 701ccf05-4c28-42f5-aa92-67be6d940b6d{ip: 192.168.69.85, host: pr-hdds-1054-8d95c-1017424488, networkLocation: /default-rack, certSerialId: null}ad2d061b-bce4-4929-94ab-c6ef8113ba3f{ip: 192.168.69.85, host: pr-hdds-1054-8d95c-1017424488, networkLocation: /default-rack, certSerialId: null}a9e3505a-b857-4083-807b-c489e4862dfa{ip: 192.168.69.85, host: pr-hdds-1054-8d95c-1017424488, networkLocation: /default-rack, certSerialId: null}, Type:RATIS, Factor:THREE, State:OPEN]
2019-09-16 21:09:57,172 [EventQueue-PipelineActionsForPipelineActionHandler] INFO  pipeline.PipelineStateManager (PipelineStateManager.java:finalizePipeline(123)) - Pipeline Pipeline[ Id: 1c222981-f753-43aa-b5f1-5176954a2aab, Nodes: 701ccf05-4c28-42f5-aa92-67be6d940b6d{ip: 192.168.69.85, host: pr-hdds-1054-8d95c-1017424488, networkLocation: /default-rack, certSerialId: null}ad2d061b-bce4-4929-94ab-c6ef8113ba3f{ip: 192.168.69.85, host: pr-hdds-1054-8d95c-1017424488, networkLocation: /default-rack, certSerialId: null}a9e3505a-b857-4083-807b-c489e4862dfa{ip: 192.168.69.85, host: pr-hdds-1054-8d95c-1017424488, networkLocation: /default-rack, certSerialId: null}, Type:RATIS, Factor:THREE, State:CLOSED] moved to CLOSED state
2019-09-16 21:09:57,176 [EventQueue-CloseContainerForCloseContainerEventHandler] INFO  container.CloseContainerEventHandler (CloseContainerEventHandler.java:onMessage(61)) - Close container Event triggered for container : #1
2019-09-16 21:09:57,178 [a9e3505a-b857-4083-807b-c489e4862dfa@group-5176954A2AAB-SegmentedRaftLogWorker] WARN  segmented.SegmentedRaftLogWorker (SegmentedRaftLogWorker.java:getFromFuture(90)) - Timeout 11/~
org.apache.ratis.protocol.TimeoutIOException: Timeout 10s: WriteLog:14: (t:2, i:14), STATEMACHINELOGENTRY, client-37F90F3E4798, cid=25-writeStateMachineData
	at org.apache.ratis.util.IOUtils.getFromFuture(IOUtils.java:87)
	at org.apache.ratis.server.raftlog.segmented.SegmentedRaftLogWorker$StateMachineDataPolicy.getFromFuture(SegmentedRaftLogWorker.java:87)
	at org.apache.ratis.server.raftlog.segmented.SegmentedRaftLogWorker$WriteLog.execute(SegmentedRaftLogWorker.java:477)
	at org.apache.ratis.server.raftlog.segmented.SegmentedRaftLogWorker.run(SegmentedRaftLogWorker.java:289)
	at java.lang.Thread.run(Thread.java:748)
Caused by: java.util.concurrent.TimeoutException
	at java.util.concurrent.CompletableFuture.timedGet(CompletableFuture.java:1771)
	at java.util.concurrent.CompletableFuture.get(CompletableFuture.java:1915)
	at org.apache.ratis.util.IOUtils.getFromFuture(IOUtils.java:79)
	... 4 more
2019-09-16 21:09:57,193 [EventQueue-CloseContainerForCloseContainerEventHandler] INFO  container.CloseContainerEventHandler (CloseContainerEventHandler.java:onMessage(61)) - Close container Event triggered for container : #3
2019-09-16 21:09:57,196 [ad2d061b-bce4-4929-94ab-c6ef8113ba3f@group-5176954A2AAB-SegmentedRaftLogWorker] WARN  segmented.SegmentedRaftLogWorker (SegmentedRaftLogWorker.java:getFromFuture(90)) - Timeout 11/~
org.apache.ratis.protocol.TimeoutIOException: Timeout 10s: WriteLog:14: (t:2, i:14), STATEMACHINELOGENTRY, client-37F90F3E4798, cid=25-writeStateMachineData
	at org.apache.ratis.util.IOUtils.getFromFuture(IOUtils.java:87)
	at org.apache.ratis.server.raftlog.segmented.SegmentedRaftLogWorker$StateMachineDataPolicy.getFromFuture(SegmentedRaftLogWorker.java:87)
	at org.apache.ratis.server.raftlog.segmented.SegmentedRaftLogWorker$WriteLog.execute(SegmentedRaftLogWorker.java:477)
	at org.apache.ratis.server.raftlog.segmented.SegmentedRaftLogWorker.run(SegmentedRaftLogWorker.java:289)
	at java.lang.Thread.run(Thread.java:748)
Caused by: java.util.concurrent.TimeoutException
	at java.util.concurrent.CompletableFuture.timedGet(CompletableFuture.java:1771)
	at java.util.concurrent.CompletableFuture.get(CompletableFuture.java:1915)
	at org.apache.ratis.util.IOUtils.getFromFuture(IOUtils.java:79)
	... 4 more
2019-09-16 21:09:57,196 [EventQueue-CloseContainerForCloseContainerEventHandler] INFO  container.CloseContainerEventHandler (CloseContainerEventHandler.java:onMessage(61)) - Close container Event triggered for container : #4
2019-09-16 21:09:57,197 [701ccf05-4c28-42f5-aa92-67be6d940b6d@group-5176954A2AAB-SegmentedRaftLogWorker] WARN  segmented.SegmentedRaftLogWorker (SegmentedRaftLogWorker.java:getFromFuture(90)) - Timeout 11/~
org.apache.ratis.protocol.TimeoutIOException: Timeout 10s: WriteLog:14: (t:2, i:14), STATEMACHINELOGENTRY, client-37F90F3E4798, cid=25-writeStateMachineData
	at org.apache.ratis.util.IOUtils.getFromFuture(IOUtils.java:87)
	at org.apache.ratis.server.raftlog.segmented.SegmentedRaftLogWorker$StateMachineDataPolicy.getFromFuture(SegmentedRaftLogWorker.java:87)
	at org.apache.ratis.server.raftlog.segmented.SegmentedRaftLogWorker$WriteLog.execute(SegmentedRaftLogWorker.java:477)
	at org.apache.ratis.server.raftlog.segmented.SegmentedRaftLogWorker.run(SegmentedRaftLogWorker.java:289)
	at java.lang.Thread.run(Thread.java:748)
Caused by: java.util.concurrent.TimeoutException
	at java.util.concurrent.CompletableFuture.timedGet(CompletableFuture.java:1771)
	at java.util.concurrent.CompletableFuture.get(CompletableFuture.java:1915)
	at org.apache.ratis.util.IOUtils.getFromFuture(IOUtils.java:79)
	... 4 more
2019-09-16 21:09:57,427 [java.util.concurrent.ThreadPoolExecutor$Worker@a95aeed[State = -1, empty queue]] WARN  server.GrpcLogAppender (GrpcLogAppender.java:timeoutAppendRequest(200)) - ad2d061b-bce4-4929-94ab-c6ef8113ba3f@group-5176954A2AAB->701ccf05-4c28-42f5-aa92-67be6d940b6d-GrpcLogAppender: appendEntries Timeout, request=ad2d061b-bce4-4929-94ab-c6ef8113ba3f->701ccf05-4c28-42f5-aa92-67be6d940b6d#66-t2, previous=(t:2, i:18), leaderCommit=12, initializing? false, entries: <empty>
2019-09-16 21:09:57,427 [java.util.concurrent.ThreadPoolExecutor$Worker@5d461e01[State = -1, empty queue]] WARN  server.GrpcLogAppender (GrpcLogAppender.java:timeoutAppendRequest(200)) - ad2d061b-bce4-4929-94ab-c6ef8113ba3f@group-5176954A2AAB->a9e3505a-b857-4083-807b-c489e4862dfa-GrpcLogAppender: appendEntries Timeout, request=ad2d061b-bce4-4929-94ab-c6ef8113ba3f->a9e3505a-b857-4083-807b-c489e4862dfa#66-t2, previous=(t:2, i:18), leaderCommit=12, initializing? false, entries: <empty>
2019-09-16 21:09:58,224 [grpc-default-executor-2] INFO  client.GrpcClientProtocolClient (GrpcClientProtocolClient.java:onNext(264)) - client-37F90F3E4798->701ccf05-4c28-42f5-aa92-67be6d940b6d: receive RaftClientReply:client-37F90F3E4798->701ccf05-4c28-42f5-aa92-67be6d940b6d@group-5176954A2AAB, cid=24, FAILED org.apache.ratis.protocol.NotLeaderException: Server 701ccf05-4c28-42f5-aa92-67be6d940b6d@group-5176954A2AAB is not the leader ad2d061b-bce4-4929-94ab-c6ef8113ba3f:192.168.69.85:43917, logIndex=0, commits[701ccf05-4c28-42f5-aa92-67be6d940b6d:c12, ad2d061b-bce4-4929-94ab-c6ef8113ba3f:c12, a9e3505a-b857-4083-807b-c489e4862dfa:c10]
2019-09-16 21:09:59,198 [org.apache.ratis.server.impl.LogAppender$AppenderDaemon$$Lambda$505/1255135911@6f115639] ERROR ratis.XceiverServerRatis (XceiverServerRatis.java:triggerPipelineClose(568)) - pipeline Action CLOSE  on pipeline PipelineID=1c222981-f753-43aa-b5f1-5176954a2aab.Reason : ad2d061b-bce4-4929-94ab-c6ef8113ba3f has not seen follower/s 701ccf05-4c28-42f5-aa92-67be6d940b6d for 122920ms a9e3505a-b857-4083-807b-c489e4862dfa for 122923ms
2019-09-16 21:09:59,198 [org.apache.ratis.server.impl.LogAppender$AppenderDaemon$$Lambda$505/1255135911@12b4cd7a] ERROR ratis.XceiverServerRatis (XceiverServerRatis.java:triggerPipelineClose(568)) - pipeline Action CLOSE  on pipeline PipelineID=1c222981-f753-43aa-b5f1-5176954a2aab.Reason : ad2d061b-bce4-4929-94ab-c6ef8113ba3f has not seen follower/s 701ccf05-4c28-42f5-aa92-67be6d940b6d for 122920ms a9e3505a-b857-4083-807b-c489e4862dfa for 122923ms
2019-09-16 21:09:59,930 [java.util.concurrent.ThreadPoolExecutor$Worker@a95aeed[State = -1, empty queue]] WARN  server.GrpcLogAppender (GrpcLogAppender.java:timeoutAppendRequest(200)) - ad2d061b-bce4-4929-94ab-c6ef8113ba3f@group-5176954A2AAB->701ccf05-4c28-42f5-aa92-67be6d940b6d-GrpcLogAppender: appendEntries Timeout, request=ad2d061b-bce4-4929-94ab-c6ef8113ba3f->701ccf05-4c28-42f5-aa92-67be6d940b6d#67-t2, previous=(t:2, i:18), leaderCommit=12, initializing? false, entries: <empty>
2019-09-16 21:09:59,930 [java.util.concurrent.ThreadPoolExecutor$Worker@5d461e01[State = -1, empty queue]] WARN  server.GrpcLogAppender (GrpcLogAppender.java:timeoutAppendRequest(200)) - ad2d061b-bce4-4929-94ab-c6ef8113ba3f@group-5176954A2AAB->a9e3505a-b857-4083-807b-c489e4862dfa-GrpcLogAppender: appendEntries Timeout, request=ad2d061b-bce4-4929-94ab-c6ef8113ba3f->a9e3505a-b857-4083-807b-c489e4862dfa#67-t2, previous=(t:2, i:18), leaderCommit=12, initializing? false, entries: <empty>
2019-09-16 21:10:00,190 [EventQueue-PipelineActionsForPipelineActionHandler] ERROR pipeline.PipelineActionHandler (PipelineActionHandler.java:onMessage(60)) - Received pipeline action CLOSE for Pipeline[ Id: 1c222981-f753-43aa-b5f1-5176954a2aab, Nodes: 701ccf05-4c28-42f5-aa92-67be6d940b6d{ip: 192.168.69.85, host: pr-hdds-1054-8d95c-1017424488, networkLocation: /default-rack, certSerialId: null}ad2d061b-bce4-4929-94ab-c6ef8113ba3f{ip: 192.168.69.85, host: pr-hdds-1054-8d95c-1017424488, networkLocation: /default-rack, certSerialId: null}a9e3505a-b857-4083-807b-c489e4862dfa{ip: 192.168.69.85, host: pr-hdds-1054-8d95c-1017424488, networkLocation: /default-rack, certSerialId: null}, Type:RATIS, Factor:THREE, State:CLOSED] from datanode ad2d061b-bce4-4929-94ab-c6ef8113ba3f{ip: 192.168.69.85, host: pr-hdds-1054-8d95c-1017424488, networkLocation: /default-rack, certSerialId: null}. Reason : ad2d061b-bce4-4929-94ab-c6ef8113ba3f has not seen follower/s 701ccf05-4c28-42f5-aa92-67be6d940b6d for 122920ms a9e3505a-b857-4083-807b-c489e4862dfa for 122923ms
2019-09-16 21:10:00,191 [EventQueue-PipelineActionsForPipelineActionHandler] INFO  pipeline.SCMPipelineManager (SCMPipelineManager.java:finalizeAndDestroyPipeline(311)) - destroying pipeline:Pipeline[ Id: 1c222981-f753-43aa-b5f1-5176954a2aab, Nodes: 701ccf05-4c28-42f5-aa92-67be6d940b6d{ip: 192.168.69.85, host: pr-hdds-1054-8d95c-1017424488, networkLocation: /default-rack, certSerialId: null}ad2d061b-bce4-4929-94ab-c6ef8113ba3f{ip: 192.168.69.85, host: pr-hdds-1054-8d95c-1017424488, networkLocation: /default-rack, certSerialId: null}a9e3505a-b857-4083-807b-c489e4862dfa{ip: 192.168.69.85, host: pr-hdds-1054-8d95c-1017424488, networkLocation: /default-rack, certSerialId: null}, Type:RATIS, Factor:THREE, State:CLOSED]
2019-09-16 21:10:01,700 [org.apache.ratis.server.impl.LogAppender$AppenderDaemon$$Lambda$505/1255135911@12b4cd7a] ERROR ratis.XceiverServerRatis (XceiverServerRatis.java:triggerPipelineClose(568)) - pipeline Action CLOSE  on pipeline PipelineID=1c222981-f753-43aa-b5f1-5176954a2aab.Reason : ad2d061b-bce4-4929-94ab-c6ef8113ba3f has not seen follower/s 701ccf05-4c28-42f5-aa92-67be6d940b6d for 125422ms a9e3505a-b857-4083-807b-c489e4862dfa for 125424ms
2019-09-16 21:10:01,700 [org.apache.ratis.server.impl.LogAppender$AppenderDaemon$$Lambda$505/1255135911@6f115639] ERROR ratis.XceiverServerRatis (XceiverServerRatis.java:triggerPipelineClose(568)) - pipeline Action CLOSE  on pipeline PipelineID=1c222981-f753-43aa-b5f1-5176954a2aab.Reason : ad2d061b-bce4-4929-94ab-c6ef8113ba3f has not seen follower/s 701ccf05-4c28-42f5-aa92-67be6d940b6d for 125422ms a9e3505a-b857-4083-807b-c489e4862dfa for 125424ms
2019-09-16 21:10:02,191 [EventQueue-PipelineActionsForPipelineActionHandler] ERROR pipeline.PipelineActionHandler (PipelineActionHandler.java:onMessage(60)) - Received pipeline action CLOSE for Pipeline[ Id: 1c222981-f753-43aa-b5f1-5176954a2aab, Nodes: 701ccf05-4c28-42f5-aa92-67be6d940b6d{ip: 192.168.69.85, host: pr-hdds-1054-8d95c-1017424488, networkLocation: /default-rack, certSerialId: null}ad2d061b-bce4-4929-94ab-c6ef8113ba3f{ip: 192.168.69.85, host: pr-hdds-1054-8d95c-1017424488, networkLocation: /default-rack, certSerialId: null}a9e3505a-b857-4083-807b-c489e4862dfa{ip: 192.168.69.85, host: pr-hdds-1054-8d95c-1017424488, networkLocation: /default-rack, certSerialId: null}, Type:RATIS, Factor:THREE, State:CLOSED] from datanode ad2d061b-bce4-4929-94ab-c6ef8113ba3f{ip: 192.168.69.85, host: pr-hdds-1054-8d95c-1017424488, networkLocation: /default-rack, certSerialId: null}. Reason : ad2d061b-bce4-4929-94ab-c6ef8113ba3f has not seen follower/s 701ccf05-4c28-42f5-aa92-67be6d940b6d for 125422ms a9e3505a-b857-4083-807b-c489e4862dfa for 125424ms
2019-09-16 21:10:02,192 [EventQueue-PipelineActionsForPipelineActionHandler] INFO  pipeline.SCMPipelineManager (SCMPipelineManager.java:finalizeAndDestroyPipeline(311)) - destroying pipeline:Pipeline[ Id: 1c222981-f753-43aa-b5f1-5176954a2aab, Nodes: 701ccf05-4c28-42f5-aa92-67be6d940b6d{ip: 192.168.69.85, host: pr-hdds-1054-8d95c-1017424488, networkLocation: /default-rack, certSerialId: null}ad2d061b-bce4-4929-94ab-c6ef8113ba3f{ip: 192.168.69.85, host: pr-hdds-1054-8d95c-1017424488, networkLocation: /default-rack, certSerialId: null}a9e3505a-b857-4083-807b-c489e4862dfa{ip: 192.168.69.85, host: pr-hdds-1054-8d95c-1017424488, networkLocation: /default-rack, certSerialId: null}, Type:RATIS, Factor:THREE, State:CLOSED]
2019-09-16 21:10:02,199 [java.util.concurrent.ThreadPoolExecutor$Worker@a95aeed[State = -1, empty queue]] WARN  server.GrpcLogAppender (GrpcLogAppender.java:timeoutAppendRequest(200)) - ad2d061b-bce4-4929-94ab-c6ef8113ba3f@group-5176954A2AAB->701ccf05-4c28-42f5-aa92-67be6d940b6d-GrpcLogAppender: appendEntries Timeout, request=ad2d061b-bce4-4929-94ab-c6ef8113ba3f->701ccf05-4c28-42f5-aa92-67be6d940b6d#68-t2, previous=(t:2, i:18), leaderCommit=12, initializing? false, entries: size=1, first=(t:2, i:19), STATEMACHINELOGENTRY, client-9D3D98D19E39, cid=1
2019-09-16 21:10:02,199 [java.util.concurrent.ThreadPoolExecutor$Worker@5d461e01[State = -1, empty queue]] WARN  server.GrpcLogAppender (GrpcLogAppender.java:timeoutAppendRequest(200)) - ad2d061b-bce4-4929-94ab-c6ef8113ba3f@group-5176954A2AAB->a9e3505a-b857-4083-807b-c489e4862dfa-GrpcLogAppender: appendEntries Timeout, request=ad2d061b-bce4-4929-94ab-c6ef8113ba3f->a9e3505a-b857-4083-807b-c489e4862dfa#68-t2, previous=(t:2, i:18), leaderCommit=12, initializing? false, entries: size=1, first=(t:2, i:19), STATEMACHINELOGENTRY, client-9D3D98D19E39, cid=1
2019-09-16 21:10:03,262 [grpc-default-executor-2] INFO  client.GrpcClientProtocolClient (GrpcClientProtocolClient.java:onNext(264)) - client-37F90F3E4798->701ccf05-4c28-42f5-aa92-67be6d940b6d: receive RaftClientReply:client-37F90F3E4798->701ccf05-4c28-42f5-aa92-67be6d940b6d@group-5176954A2AAB, cid=24, FAILED org.apache.ratis.protocol.NotLeaderException: Server 701ccf05-4c28-42f5-aa92-67be6d940b6d@group-5176954A2AAB is not the leader ad2d061b-bce4-4929-94ab-c6ef8113ba3f:192.168.69.85:43917, logIndex=0, commits[701ccf05-4c28-42f5-aa92-67be6d940b6d:c12, ad2d061b-bce4-4929-94ab-c6ef8113ba3f:c12, a9e3505a-b857-4083-807b-c489e4862dfa:c10]
2019-09-16 21:10:04,202 [org.apache.ratis.server.impl.LogAppender$AppenderDaemon$$Lambda$505/1255135911@6f115639] ERROR ratis.XceiverServerRatis (XceiverServerRatis.java:triggerPipelineClose(568)) - pipeline Action CLOSE  on pipeline PipelineID=1c222981-f753-43aa-b5f1-5176954a2aab.Reason : ad2d061b-bce4-4929-94ab-c6ef8113ba3f has not seen follower/s 701ccf05-4c28-42f5-aa92-67be6d940b6d for 127924ms a9e3505a-b857-4083-807b-c489e4862dfa for 127926ms
2019-09-16 21:10:04,202 [org.apache.ratis.server.impl.LogAppender$AppenderDaemon$$Lambda$505/1255135911@12b4cd7a] ERROR ratis.XceiverServerRatis (XceiverServerRatis.java:triggerPipelineClose(568)) - pipeline Action CLOSE  on pipeline PipelineID=1c222981-f753-43aa-b5f1-5176954a2aab.Reason : ad2d061b-bce4-4929-94ab-c6ef8113ba3f has not seen follower/s 701ccf05-4c28-42f5-aa92-67be6d940b6d for 127924ms a9e3505a-b857-4083-807b-c489e4862dfa for 127926ms
2019-09-16 21:10:04,700 [java.util.concurrent.ThreadPoolExecutor$Worker@a95aeed[State = -1, empty queue]] WARN  server.GrpcLogAppender (GrpcLogAppender.java:timeoutAppendRequest(200)) - ad2d061b-bce4-4929-94ab-c6ef8113ba3f@group-5176954A2AAB->701ccf05-4c28-42f5-aa92-67be6d940b6d-GrpcLogAppender: appendEntries Timeout, request=ad2d061b-bce4-4929-94ab-c6ef8113ba3f->701ccf05-4c28-42f5-aa92-67be6d940b6d#69-t2, previous=(t:2, i:19), leaderCommit=12, initializing? false, entries: <empty>
2019-09-16 21:10:04,700 [java.util.concurrent.ThreadPoolExecutor$Worker@5d461e01[State = -1, empty queue]] WARN  server.GrpcLogAppender (GrpcLogAppender.java:timeoutAppendRequest(200)) - ad2d061b-bce4-4929-94ab-c6ef8113ba3f@group-5176954A2AAB->a9e3505a-b857-4083-807b-c489e4862dfa-GrpcLogAppender: appendEntries Timeout, request=ad2d061b-bce4-4929-94ab-c6ef8113ba3f->a9e3505a-b857-4083-807b-c489e4862dfa#69-t2, previous=(t:2, i:19), leaderCommit=12, initializing? false, entries: <empty>
2019-09-16 21:10:05,192 [EventQueue-PipelineActionsForPipelineActionHandler] ERROR pipeline.PipelineActionHandler (PipelineActionHandler.java:onMessage(60)) - Received pipeline action CLOSE for Pipeline[ Id: 1c222981-f753-43aa-b5f1-5176954a2aab, Nodes: 701ccf05-4c28-42f5-aa92-67be6d940b6d{ip: 192.168.69.85, host: pr-hdds-1054-8d95c-1017424488, networkLocation: /default-rack, certSerialId: null}ad2d061b-bce4-4929-94ab-c6ef8113ba3f{ip: 192.168.69.85, host: pr-hdds-1054-8d95c-1017424488, networkLocation: /default-rack, certSerialId: null}a9e3505a-b857-4083-807b-c489e4862dfa{ip: 192.168.69.85, host: pr-hdds-1054-8d95c-1017424488, networkLocation: /default-rack, certSerialId: null}, Type:RATIS, Factor:THREE, State:CLOSED] from datanode ad2d061b-bce4-4929-94ab-c6ef8113ba3f{ip: 192.168.69.85, host: pr-hdds-1054-8d95c-1017424488, networkLocation: /default-rack, certSerialId: null}. Reason : ad2d061b-bce4-4929-94ab-c6ef8113ba3f has not seen follower/s 701ccf05-4c28-42f5-aa92-67be6d940b6d for 127924ms a9e3505a-b857-4083-807b-c489e4862dfa for 127926ms
2019-09-16 21:10:05,195 [EventQueue-PipelineActionsForPipelineActionHandler] INFO  pipeline.SCMPipelineManager (SCMPipelineManager.java:finalizeAndDestroyPipeline(311)) - destroying pipeline:Pipeline[ Id: 1c222981-f753-43aa-b5f1-5176954a2aab, Nodes: 701ccf05-4c28-42f5-aa92-67be6d940b6d{ip: 192.168.69.85, host: pr-hdds-1054-8d95c-1017424488, networkLocation: /default-rack, certSerialId: null}ad2d061b-bce4-4929-94ab-c6ef8113ba3f{ip: 192.168.69.85, host: pr-hdds-1054-8d95c-1017424488, networkLocation: /default-rack, certSerialId: null}a9e3505a-b857-4083-807b-c489e4862dfa{ip: 192.168.69.85, host: pr-hdds-1054-8d95c-1017424488, networkLocation: /default-rack, certSerialId: null}, Type:RATIS, Factor:THREE, State:CLOSED]
2019-09-16 21:10:06,702 [org.apache.ratis.server.impl.LogAppender$AppenderDaemon$$Lambda$505/1255135911@12b4cd7a] ERROR ratis.XceiverServerRatis (XceiverServerRatis.java:triggerPipelineClose(568)) - pipeline Action CLOSE  on pipeline PipelineID=1c222981-f753-43aa-b5f1-5176954a2aab.Reason : ad2d061b-bce4-4929-94ab-c6ef8113ba3f has not seen follower/s 701ccf05-4c28-42f5-aa92-67be6d940b6d for 130424ms a9e3505a-b857-4083-807b-c489e4862dfa for 130427ms
2019-09-16 21:10:06,706 [org.apache.ratis.server.impl.LogAppender$AppenderDaemon$$Lambda$505/1255135911@6f115639] ERROR ratis.XceiverServerRatis (XceiverServerRatis.java:triggerPipelineClose(568)) - pipeline Action CLOSE  on pipeline PipelineID=1c222981-f753-43aa-b5f1-5176954a2aab.Reason : ad2d061b-bce4-4929-94ab-c6ef8113ba3f has not seen follower/s 701ccf05-4c28-42f5-aa92-67be6d940b6d for 130428ms a9e3505a-b857-4083-807b-c489e4862dfa for 130431ms
2019-09-16 21:10:07,189 [a9e3505a-b857-4083-807b-c489e4862dfa@group-5176954A2AAB-SegmentedRaftLogWorker] WARN  segmented.SegmentedRaftLogWorker (SegmentedRaftLogWorker.java:getFromFuture(90)) - Timeout 12/~
org.apache.ratis.protocol.TimeoutIOException: Timeout 10s: WriteLog:14: (t:2, i:14), STATEMACHINELOGENTRY, client-37F90F3E4798, cid=25-writeStateMachineData
	at org.apache.ratis.util.IOUtils.getFromFuture(IOUtils.java:87)
	at org.apache.ratis.server.raftlog.segmented.SegmentedRaftLogWorker$StateMachineDataPolicy.getFromFuture(SegmentedRaftLogWorker.java:87)
	at org.apache.ratis.server.raftlog.segmented.SegmentedRaftLogWorker$WriteLog.execute(SegmentedRaftLogWorker.java:477)
	at org.apache.ratis.server.raftlog.segmented.SegmentedRaftLogWorker.run(SegmentedRaftLogWorker.java:289)
	at java.lang.Thread.run(Thread.java:748)
Caused by: java.util.concurrent.TimeoutException
	at java.util.concurrent.CompletableFuture.timedGet(CompletableFuture.java:1771)
	at java.util.concurrent.CompletableFuture.get(CompletableFuture.java:1915)
	at org.apache.ratis.util.IOUtils.getFromFuture(IOUtils.java:79)
	... 4 more
2019-09-16 21:10:07,190 [EventQueue-PipelineActionsForPipelineActionHandler] ERROR pipeline.PipelineActionHandler (PipelineActionHandler.java:onMessage(60)) - Received pipeline action CLOSE for Pipeline[ Id: 1c222981-f753-43aa-b5f1-5176954a2aab, Nodes: 701ccf05-4c28-42f5-aa92-67be6d940b6d{ip: 192.168.69.85, host: pr-hdds-1054-8d95c-1017424488, networkLocation: /default-rack, certSerialId: null}ad2d061b-bce4-4929-94ab-c6ef8113ba3f{ip: 192.168.69.85, host: pr-hdds-1054-8d95c-1017424488, networkLocation: /default-rack, certSerialId: null}a9e3505a-b857-4083-807b-c489e4862dfa{ip: 192.168.69.85, host: pr-hdds-1054-8d95c-1017424488, networkLocation: /default-rack, certSerialId: null}, Type:RATIS, Factor:THREE, State:CLOSED] from datanode ad2d061b-bce4-4929-94ab-c6ef8113ba3f{ip: 192.168.69.85, host: pr-hdds-1054-8d95c-1017424488, networkLocation: /default-rack, certSerialId: null}. Reason : ad2d061b-bce4-4929-94ab-c6ef8113ba3f has not seen follower/s 701ccf05-4c28-42f5-aa92-67be6d940b6d for 130424ms a9e3505a-b857-4083-807b-c489e4862dfa for 130427ms
2019-09-16 21:10:07,191 [EventQueue-PipelineActionsForPipelineActionHandler] INFO  pipeline.SCMPipelineManager (SCMPipelineManager.java:finalizeAndDestroyPipeline(311)) - destroying pipeline:Pipeline[ Id: 1c222981-f753-43aa-b5f1-5176954a2aab, Nodes: 701ccf05-4c28-42f5-aa92-67be6d940b6d{ip: 192.168.69.85, host: pr-hdds-1054-8d95c-1017424488, networkLocation: /default-rack, certSerialId: null}ad2d061b-bce4-4929-94ab-c6ef8113ba3f{ip: 192.168.69.85, host: pr-hdds-1054-8d95c-1017424488, networkLocation: /default-rack, certSerialId: null}a9e3505a-b857-4083-807b-c489e4862dfa{ip: 192.168.69.85, host: pr-hdds-1054-8d95c-1017424488, networkLocation: /default-rack, certSerialId: null}, Type:RATIS, Factor:THREE, State:CLOSED]
2019-09-16 21:10:07,197 [ad2d061b-bce4-4929-94ab-c6ef8113ba3f@group-5176954A2AAB-SegmentedRaftLogWorker] WARN  segmented.SegmentedRaftLogWorker (SegmentedRaftLogWorker.java:getFromFuture(90)) - Timeout 12/~
org.apache.ratis.protocol.TimeoutIOException: Timeout 10s: WriteLog:14: (t:2, i:14), STATEMACHINELOGENTRY, client-37F90F3E4798, cid=25-writeStateMachineData
	at org.apache.ratis.util.IOUtils.getFromFuture(IOUtils.java:87)
	at org.apache.ratis.server.raftlog.segmented.SegmentedRaftLogWorker$StateMachineDataPolicy.getFromFuture(SegmentedRaftLogWorker.java:87)
	at org.apache.ratis.server.raftlog.segmented.SegmentedRaftLogWorker$WriteLog.execute(SegmentedRaftLogWorker.java:477)
	at org.apache.ratis.server.raftlog.segmented.SegmentedRaftLogWorker.run(SegmentedRaftLogWorker.java:289)
	at java.lang.Thread.run(Thread.java:748)
Caused by: java.util.concurrent.TimeoutException
	at java.util.concurrent.CompletableFuture.timedGet(CompletableFuture.java:1771)
	at java.util.concurrent.CompletableFuture.get(CompletableFuture.java:1915)
	at org.apache.ratis.util.IOUtils.getFromFuture(IOUtils.java:79)
	... 4 more
2019-09-16 21:10:07,200 [701ccf05-4c28-42f5-aa92-67be6d940b6d@group-5176954A2AAB-SegmentedRaftLogWorker] WARN  segmented.SegmentedRaftLogWorker (SegmentedRaftLogWorker.java:getFromFuture(90)) - Timeout 12/~
org.apache.ratis.protocol.TimeoutIOException: Timeout 10s: WriteLog:14: (t:2, i:14), STATEMACHINELOGENTRY, client-37F90F3E4798, cid=25-writeStateMachineData
	at org.apache.ratis.util.IOUtils.getFromFuture(IOUtils.java:87)
	at org.apache.ratis.server.raftlog.segmented.SegmentedRaftLogWorker$StateMachineDataPolicy.getFromFuture(SegmentedRaftLogWorker.java:87)
	at org.apache.ratis.server.raftlog.segmented.SegmentedRaftLogWorker$WriteLog.execute(SegmentedRaftLogWorker.java:477)
	at org.apache.ratis.server.raftlog.segmented.SegmentedRaftLogWorker.run(SegmentedRaftLogWorker.java:289)
	at java.lang.Thread.run(Thread.java:748)
Caused by: java.util.concurrent.TimeoutException
	at java.util.concurrent.CompletableFuture.timedGet(CompletableFuture.java:1771)
	at java.util.concurrent.CompletableFuture.get(CompletableFuture.java:1915)
	at org.apache.ratis.util.IOUtils.getFromFuture(IOUtils.java:79)
	... 4 more
2019-09-16 21:10:07,202 [java.util.concurrent.ThreadPoolExecutor$Worker@5d461e01[State = -1, empty queue]] WARN  server.GrpcLogAppender (GrpcLogAppender.java:timeoutAppendRequest(200)) - ad2d061b-bce4-4929-94ab-c6ef8113ba3f@group-5176954A2AAB->a9e3505a-b857-4083-807b-c489e4862dfa-GrpcLogAppender: appendEntries Timeout, request=ad2d061b-bce4-4929-94ab-c6ef8113ba3f->a9e3505a-b857-4083-807b-c489e4862dfa#70-t2, previous=(t:2, i:19), leaderCommit=12, initializing? false, entries: <empty>
2019-09-16 21:10:07,202 [java.util.concurrent.ThreadPoolExecutor$Worker@a95aeed[State = -1, empty queue]] WARN  server.GrpcLogAppender (GrpcLogAppender.java:timeoutAppendRequest(200)) - ad2d061b-bce4-4929-94ab-c6ef8113ba3f@group-5176954A2AAB->701ccf05-4c28-42f5-aa92-67be6d940b6d-GrpcLogAppender: appendEntries Timeout, request=ad2d061b-bce4-4929-94ab-c6ef8113ba3f->701ccf05-4c28-42f5-aa92-67be6d940b6d#70-t2, previous=(t:2, i:19), leaderCommit=12, initializing? false, entries: <empty>
2019-09-16 21:10:08,305 [grpc-default-executor-6] INFO  client.GrpcClientProtocolClient (GrpcClientProtocolClient.java:onNext(264)) - client-37F90F3E4798->701ccf05-4c28-42f5-aa92-67be6d940b6d: receive RaftClientReply:client-37F90F3E4798->701ccf05-4c28-42f5-aa92-67be6d940b6d@group-5176954A2AAB, cid=24, FAILED org.apache.ratis.protocol.NotLeaderException: Server 701ccf05-4c28-42f5-aa92-67be6d940b6d@group-5176954A2AAB is not the leader ad2d061b-bce4-4929-94ab-c6ef8113ba3f:192.168.69.85:43917, logIndex=0, commits[701ccf05-4c28-42f5-aa92-67be6d940b6d:c12, ad2d061b-bce4-4929-94ab-c6ef8113ba3f:c12, a9e3505a-b857-4083-807b-c489e4862dfa:c10]
2019-09-16 21:10:09,204 [org.apache.ratis.server.impl.LogAppender$AppenderDaemon$$Lambda$505/1255135911@12b4cd7a] ERROR ratis.XceiverServerRatis (XceiverServerRatis.java:triggerPipelineClose(568)) - pipeline Action CLOSE  on pipeline PipelineID=1c222981-f753-43aa-b5f1-5176954a2aab.Reason : ad2d061b-bce4-4929-94ab-c6ef8113ba3f has not seen follower/s 701ccf05-4c28-42f5-aa92-67be6d940b6d for 132926ms a9e3505a-b857-4083-807b-c489e4862dfa for 132928ms
2019-09-16 21:10:09,207 [org.apache.ratis.server.impl.LogAppender$AppenderDaemon$$Lambda$505/1255135911@6f115639] ERROR ratis.XceiverServerRatis (XceiverServerRatis.java:triggerPipelineClose(568)) - pipeline Action CLOSE  on pipeline PipelineID=1c222981-f753-43aa-b5f1-5176954a2aab.Reason : ad2d061b-bce4-4929-94ab-c6ef8113ba3f has not seen follower/s 701ccf05-4c28-42f5-aa92-67be6d940b6d for 132929ms a9e3505a-b857-4083-807b-c489e4862dfa for 132932ms
2019-09-16 21:10:09,702 [java.util.concurrent.ThreadPoolExecutor$Worker@5d461e01[State = -1, empty queue]] WARN  server.GrpcLogAppender (GrpcLogAppender.java:timeoutAppendRequest(200)) - ad2d061b-bce4-4929-94ab-c6ef8113ba3f@group-5176954A2AAB->a9e3505a-b857-4083-807b-c489e4862dfa-GrpcLogAppender: appendEntries Timeout, request=ad2d061b-bce4-4929-94ab-c6ef8113ba3f->a9e3505a-b857-4083-807b-c489e4862dfa#71-t2, previous=(t:2, i:19), leaderCommit=12, initializing? false, entries: <empty>
2019-09-16 21:10:09,706 [java.util.concurrent.ThreadPoolExecutor$Worker@a95aeed[State = -1, empty queue]] WARN  server.GrpcLogAppender (GrpcLogAppender.java:timeoutAppendRequest(200)) - ad2d061b-bce4-4929-94ab-c6ef8113ba3f@group-5176954A2AAB->701ccf05-4c28-42f5-aa92-67be6d940b6d-GrpcLogAppender: appendEntries Timeout, request=ad2d061b-bce4-4929-94ab-c6ef8113ba3f->701ccf05-4c28-42f5-aa92-67be6d940b6d#71-t2, previous=(t:2, i:19), leaderCommit=12, initializing? false, entries: <empty>
2019-09-16 21:10:10,190 [EventQueue-PipelineActionsForPipelineActionHandler] ERROR pipeline.PipelineActionHandler (PipelineActionHandler.java:onMessage(60)) - Received pipeline action CLOSE for Pipeline[ Id: 1c222981-f753-43aa-b5f1-5176954a2aab, Nodes: 701ccf05-4c28-42f5-aa92-67be6d940b6d{ip: 192.168.69.85, host: pr-hdds-1054-8d95c-1017424488, networkLocation: /default-rack, certSerialId: null}ad2d061b-bce4-4929-94ab-c6ef8113ba3f{ip: 192.168.69.85, host: pr-hdds-1054-8d95c-1017424488, networkLocation: /default-rack, certSerialId: null}a9e3505a-b857-4083-807b-c489e4862dfa{ip: 192.168.69.85, host: pr-hdds-1054-8d95c-1017424488, networkLocation: /default-rack, certSerialId: null}, Type:RATIS, Factor:THREE, State:CLOSED] from datanode ad2d061b-bce4-4929-94ab-c6ef8113ba3f{ip: 192.168.69.85, host: pr-hdds-1054-8d95c-1017424488, networkLocation: /default-rack, certSerialId: null}. Reason : ad2d061b-bce4-4929-94ab-c6ef8113ba3f has not seen follower/s 701ccf05-4c28-42f5-aa92-67be6d940b6d for 132926ms a9e3505a-b857-4083-807b-c489e4862dfa for 132928ms
2019-09-16 21:10:10,190 [EventQueue-PipelineActionsForPipelineActionHandler] INFO  pipeline.SCMPipelineManager (SCMPipelineManager.java:finalizeAndDestroyPipeline(311)) - destroying pipeline:Pipeline[ Id: 1c222981-f753-43aa-b5f1-5176954a2aab, Nodes: 701ccf05-4c28-42f5-aa92-67be6d940b6d{ip: 192.168.69.85, host: pr-hdds-1054-8d95c-1017424488, networkLocation: /default-rack, certSerialId: null}ad2d061b-bce4-4929-94ab-c6ef8113ba3f{ip: 192.168.69.85, host: pr-hdds-1054-8d95c-1017424488, networkLocation: /default-rack, certSerialId: null}a9e3505a-b857-4083-807b-c489e4862dfa{ip: 192.168.69.85, host: pr-hdds-1054-8d95c-1017424488, networkLocation: /default-rack, certSerialId: null}, Type:RATIS, Factor:THREE, State:CLOSED]
2019-09-16 21:10:11,704 [org.apache.ratis.server.impl.LogAppender$AppenderDaemon$$Lambda$505/1255135911@12b4cd7a] ERROR ratis.XceiverServerRatis (XceiverServerRatis.java:triggerPipelineClose(568)) - pipeline Action CLOSE  on pipeline PipelineID=1c222981-f753-43aa-b5f1-5176954a2aab.Reason : ad2d061b-bce4-4929-94ab-c6ef8113ba3f has not seen follower/s 701ccf05-4c28-42f5-aa92-67be6d940b6d for 135426ms a9e3505a-b857-4083-807b-c489e4862dfa for 135429ms
2019-09-16 21:10:11,708 [org.apache.ratis.server.impl.LogAppender$AppenderDaemon$$Lambda$505/1255135911@6f115639] ERROR ratis.XceiverServerRatis (XceiverServerRatis.java:triggerPipelineClose(568)) - pipeline Action CLOSE  on pipeline PipelineID=1c222981-f753-43aa-b5f1-5176954a2aab.Reason : ad2d061b-bce4-4929-94ab-c6ef8113ba3f has not seen follower/s 701ccf05-4c28-42f5-aa92-67be6d940b6d for 135430ms a9e3505a-b857-4083-807b-c489e4862dfa for 135432ms
2019-09-16 21:10:12,190 [EventQueue-PipelineActionsForPipelineActionHandler] ERROR pipeline.PipelineActionHandler (PipelineActionHandler.java:onMessage(60)) - Received pipeline action CLOSE for Pipeline[ Id: 1c222981-f753-43aa-b5f1-5176954a2aab, Nodes: 701ccf05-4c28-42f5-aa92-67be6d940b6d{ip: 192.168.69.85, host: pr-hdds-1054-8d95c-1017424488, networkLocation: /default-rack, certSerialId: null}ad2d061b-bce4-4929-94ab-c6ef8113ba3f{ip: 192.168.69.85, host: pr-hdds-1054-8d95c-1017424488, networkLocation: /default-rack, certSerialId: null}a9e3505a-b857-4083-807b-c489e4862dfa{ip: 192.168.69.85, host: pr-hdds-1054-8d95c-1017424488, networkLocation: /default-rack, certSerialId: null}, Type:RATIS, Factor:THREE, State:CLOSED] from datanode ad2d061b-bce4-4929-94ab-c6ef8113ba3f{ip: 192.168.69.85, host: pr-hdds-1054-8d95c-1017424488, networkLocation: /default-rack, certSerialId: null}. Reason : ad2d061b-bce4-4929-94ab-c6ef8113ba3f has not seen follower/s 701ccf05-4c28-42f5-aa92-67be6d940b6d for 135426ms a9e3505a-b857-4083-807b-c489e4862dfa for 135429ms
2019-09-16 21:10:12,190 [EventQueue-PipelineActionsForPipelineActionHandler] INFO  pipeline.SCMPipelineManager (SCMPipelineManager.java:finalizeAndDestroyPipeline(311)) - destroying pipeline:Pipeline[ Id: 1c222981-f753-43aa-b5f1-5176954a2aab, Nodes: 701ccf05-4c28-42f5-aa92-67be6d940b6d{ip: 192.168.69.85, host: pr-hdds-1054-8d95c-1017424488, networkLocation: /default-rack, certSerialId: null}ad2d061b-bce4-4929-94ab-c6ef8113ba3f{ip: 192.168.69.85, host: pr-hdds-1054-8d95c-1017424488, networkLocation: /default-rack, certSerialId: null}a9e3505a-b857-4083-807b-c489e4862dfa{ip: 192.168.69.85, host: pr-hdds-1054-8d95c-1017424488, networkLocation: /default-rack, certSerialId: null}, Type:RATIS, Factor:THREE, State:CLOSED]
2019-09-16 21:10:12,204 [java.util.concurrent.ThreadPoolExecutor$Worker@5d461e01[State = -1, empty queue]] WARN  server.GrpcLogAppender (GrpcLogAppender.java:timeoutAppendRequest(200)) - ad2d061b-bce4-4929-94ab-c6ef8113ba3f@group-5176954A2AAB->a9e3505a-b857-4083-807b-c489e4862dfa-GrpcLogAppender: appendEntries Timeout, request=ad2d061b-bce4-4929-94ab-c6ef8113ba3f->a9e3505a-b857-4083-807b-c489e4862dfa#72-t2, previous=(t:2, i:19), leaderCommit=12, initializing? false, entries: <empty>
2019-09-16 21:10:12,207 [java.util.concurrent.ThreadPoolExecutor$Worker@a95aeed[State = -1, empty queue]] WARN  server.GrpcLogAppender (GrpcLogAppender.java:timeoutAppendRequest(200)) - ad2d061b-bce4-4929-94ab-c6ef8113ba3f@group-5176954A2AAB->701ccf05-4c28-42f5-aa92-67be6d940b6d-GrpcLogAppender: appendEntries Timeout, request=ad2d061b-bce4-4929-94ab-c6ef8113ba3f->701ccf05-4c28-42f5-aa92-67be6d940b6d#72-t2, previous=(t:2, i:19), leaderCommit=12, initializing? false, entries: <empty>
2019-09-16 21:10:13,339 [grpc-default-executor-2] INFO  client.GrpcClientProtocolClient (GrpcClientProtocolClient.java:onNext(264)) - client-37F90F3E4798->a9e3505a-b857-4083-807b-c489e4862dfa: receive RaftClientReply:client-37F90F3E4798->a9e3505a-b857-4083-807b-c489e4862dfa@group-5176954A2AAB, cid=24, FAILED org.apache.ratis.protocol.NotLeaderException: Server a9e3505a-b857-4083-807b-c489e4862dfa@group-5176954A2AAB is not the leader ad2d061b-bce4-4929-94ab-c6ef8113ba3f:192.168.69.85:43917, logIndex=0, commits[a9e3505a-b857-4083-807b-c489e4862dfa:c12, ad2d061b-bce4-4929-94ab-c6ef8113ba3f:c12, 701ccf05-4c28-42f5-aa92-67be6d940b6d:c10]
2019-09-16 21:10:14,205 [org.apache.ratis.server.impl.LogAppender$AppenderDaemon$$Lambda$505/1255135911@12b4cd7a] ERROR ratis.XceiverServerRatis (XceiverServerRatis.java:triggerPipelineClose(568)) - pipeline Action CLOSE  on pipeline PipelineID=1c222981-f753-43aa-b5f1-5176954a2aab.Reason : ad2d061b-bce4-4929-94ab-c6ef8113ba3f has not seen follower/s 701ccf05-4c28-42f5-aa92-67be6d940b6d for 137927ms a9e3505a-b857-4083-807b-c489e4862dfa for 137929ms
2019-09-16 21:10:14,208 [org.apache.ratis.server.impl.LogAppender$AppenderDaemon$$Lambda$505/1255135911@6f115639] ERROR ratis.XceiverServerRatis (XceiverServerRatis.java:triggerPipelineClose(568)) - pipeline Action CLOSE  on pipeline PipelineID=1c222981-f753-43aa-b5f1-5176954a2aab.Reason : ad2d061b-bce4-4929-94ab-c6ef8113ba3f has not seen follower/s 701ccf05-4c28-42f5-aa92-67be6d940b6d for 137930ms a9e3505a-b857-4083-807b-c489e4862dfa for 137933ms
2019-09-16 21:10:14,704 [java.util.concurrent.ThreadPoolExecutor$Worker@5d461e01[State = -1, empty queue]] WARN  server.GrpcLogAppender (GrpcLogAppender.java:timeoutAppendRequest(200)) - ad2d061b-bce4-4929-94ab-c6ef8113ba3f@group-5176954A2AAB->a9e3505a-b857-4083-807b-c489e4862dfa-GrpcLogAppender: appendEntries Timeout, request=ad2d061b-bce4-4929-94ab-c6ef8113ba3f->a9e3505a-b857-4083-807b-c489e4862dfa#73-t2, previous=(t:2, i:19), leaderCommit=12, initializing? false, entries: <empty>
2019-09-16 21:10:14,708 [java.util.concurrent.ThreadPoolExecutor$Worker@a95aeed[State = -1, empty queue]] WARN  server.GrpcLogAppender (GrpcLogAppender.java:timeoutAppendRequest(200)) - ad2d061b-bce4-4929-94ab-c6ef8113ba3f@group-5176954A2AAB->701ccf05-4c28-42f5-aa92-67be6d940b6d-GrpcLogAppender: appendEntries Timeout, request=ad2d061b-bce4-4929-94ab-c6ef8113ba3f->701ccf05-4c28-42f5-aa92-67be6d940b6d#73-t2, previous=(t:2, i:19), leaderCommit=12, initializing? false, entries: <empty>
2019-09-16 21:10:15,191 [EventQueue-PipelineActionsForPipelineActionHandler] ERROR pipeline.PipelineActionHandler (PipelineActionHandler.java:onMessage(60)) - Received pipeline action CLOSE for Pipeline[ Id: 1c222981-f753-43aa-b5f1-5176954a2aab, Nodes: 701ccf05-4c28-42f5-aa92-67be6d940b6d{ip: 192.168.69.85, host: pr-hdds-1054-8d95c-1017424488, networkLocation: /default-rack, certSerialId: null}ad2d061b-bce4-4929-94ab-c6ef8113ba3f{ip: 192.168.69.85, host: pr-hdds-1054-8d95c-1017424488, networkLocation: /default-rack, certSerialId: null}a9e3505a-b857-4083-807b-c489e4862dfa{ip: 192.168.69.85, host: pr-hdds-1054-8d95c-1017424488, networkLocation: /default-rack, certSerialId: null}, Type:RATIS, Factor:THREE, State:CLOSED] from datanode ad2d061b-bce4-4929-94ab-c6ef8113ba3f{ip: 192.168.69.85, host: pr-hdds-1054-8d95c-1017424488, networkLocation: /default-rack, certSerialId: null}. Reason : ad2d061b-bce4-4929-94ab-c6ef8113ba3f has not seen follower/s 701ccf05-4c28-42f5-aa92-67be6d940b6d for 137927ms a9e3505a-b857-4083-807b-c489e4862dfa for 137929ms
2019-09-16 21:10:15,191 [EventQueue-PipelineActionsForPipelineActionHandler] INFO  pipeline.SCMPipelineManager (SCMPipelineManager.java:finalizeAndDestroyPipeline(311)) - destroying pipeline:Pipeline[ Id: 1c222981-f753-43aa-b5f1-5176954a2aab, Nodes: 701ccf05-4c28-42f5-aa92-67be6d940b6d{ip: 192.168.69.85, host: pr-hdds-1054-8d95c-1017424488, networkLocation: /default-rack, certSerialId: null}ad2d061b-bce4-4929-94ab-c6ef8113ba3f{ip: 192.168.69.85, host: pr-hdds-1054-8d95c-1017424488, networkLocation: /default-rack, certSerialId: null}a9e3505a-b857-4083-807b-c489e4862dfa{ip: 192.168.69.85, host: pr-hdds-1054-8d95c-1017424488, networkLocation: /default-rack, certSerialId: null}, Type:RATIS, Factor:THREE, State:CLOSED]
2019-09-16 21:10:16,706 [org.apache.ratis.server.impl.LogAppender$AppenderDaemon$$Lambda$505/1255135911@12b4cd7a] ERROR ratis.XceiverServerRatis (XceiverServerRatis.java:triggerPipelineClose(568)) - pipeline Action CLOSE  on pipeline PipelineID=1c222981-f753-43aa-b5f1-5176954a2aab.Reason : ad2d061b-bce4-4929-94ab-c6ef8113ba3f has not seen follower/s 701ccf05-4c28-42f5-aa92-67be6d940b6d for 140428ms a9e3505a-b857-4083-807b-c489e4862dfa for 140430ms
2019-09-16 21:10:16,714 [org.apache.ratis.server.impl.LogAppender$AppenderDaemon$$Lambda$505/1255135911@6f115639] ERROR ratis.XceiverServerRatis (XceiverServerRatis.java:triggerPipelineClose(568)) - pipeline Action CLOSE  on pipeline PipelineID=1c222981-f753-43aa-b5f1-5176954a2aab.Reason : ad2d061b-bce4-4929-94ab-c6ef8113ba3f has not seen follower/s 701ccf05-4c28-42f5-aa92-67be6d940b6d for 140436ms a9e3505a-b857-4083-807b-c489e4862dfa for 140439ms
2019-09-16 21:10:17,190 [a9e3505a-b857-4083-807b-c489e4862dfa@group-5176954A2AAB-SegmentedRaftLogWorker] WARN  segmented.SegmentedRaftLogWorker (SegmentedRaftLogWorker.java:getFromFuture(90)) - Timeout 13/~
org.apache.ratis.protocol.TimeoutIOException: Timeout 10s: WriteLog:14: (t:2, i:14), STATEMACHINELOGENTRY, client-37F90F3E4798, cid=25-writeStateMachineData
	at org.apache.ratis.util.IOUtils.getFromFuture(IOUtils.java:87)
	at org.apache.ratis.server.raftlog.segmented.SegmentedRaftLogWorker$StateMachineDataPolicy.getFromFuture(SegmentedRaftLogWorker.java:87)
	at org.apache.ratis.server.raftlog.segmented.SegmentedRaftLogWorker$WriteLog.execute(SegmentedRaftLogWorker.java:477)
	at org.apache.ratis.server.raftlog.segmented.SegmentedRaftLogWorker.run(SegmentedRaftLogWorker.java:289)
	at java.lang.Thread.run(Thread.java:748)
Caused by: java.util.concurrent.TimeoutException
	at java.util.concurrent.CompletableFuture.timedGet(CompletableFuture.java:1771)
	at java.util.concurrent.CompletableFuture.get(CompletableFuture.java:1915)
	at org.apache.ratis.util.IOUtils.getFromFuture(IOUtils.java:79)
	... 4 more
2019-09-16 21:10:17,192 [EventQueue-PipelineActionsForPipelineActionHandler] ERROR pipeline.PipelineActionHandler (PipelineActionHandler.java:onMessage(60)) - Received pipeline action CLOSE for Pipeline[ Id: 1c222981-f753-43aa-b5f1-5176954a2aab, Nodes: 701ccf05-4c28-42f5-aa92-67be6d940b6d{ip: 192.168.69.85, host: pr-hdds-1054-8d95c-1017424488, networkLocation: /default-rack, certSerialId: null}ad2d061b-bce4-4929-94ab-c6ef8113ba3f{ip: 192.168.69.85, host: pr-hdds-1054-8d95c-1017424488, networkLocation: /default-rack, certSerialId: null}a9e3505a-b857-4083-807b-c489e4862dfa{ip: 192.168.69.85, host: pr-hdds-1054-8d95c-1017424488, networkLocation: /default-rack, certSerialId: null}, Type:RATIS, Factor:THREE, State:CLOSED] from datanode ad2d061b-bce4-4929-94ab-c6ef8113ba3f{ip: 192.168.69.85, host: pr-hdds-1054-8d95c-1017424488, networkLocation: /default-rack, certSerialId: null}. Reason : ad2d061b-bce4-4929-94ab-c6ef8113ba3f has not seen follower/s 701ccf05-4c28-42f5-aa92-67be6d940b6d for 140428ms a9e3505a-b857-4083-807b-c489e4862dfa for 140430ms
2019-09-16 21:10:17,192 [EventQueue-PipelineActionsForPipelineActionHandler] INFO  pipeline.SCMPipelineManager (SCMPipelineManager.java:finalizeAndDestroyPipeline(311)) - destroying pipeline:Pipeline[ Id: 1c222981-f753-43aa-b5f1-5176954a2aab, Nodes: 701ccf05-4c28-42f5-aa92-67be6d940b6d{ip: 192.168.69.85, host: pr-hdds-1054-8d95c-1017424488, networkLocation: /default-rack, certSerialId: null}ad2d061b-bce4-4929-94ab-c6ef8113ba3f{ip: 192.168.69.85, host: pr-hdds-1054-8d95c-1017424488, networkLocation: /default-rack, certSerialId: null}a9e3505a-b857-4083-807b-c489e4862dfa{ip: 192.168.69.85, host: pr-hdds-1054-8d95c-1017424488, networkLocation: /default-rack, certSerialId: null}, Type:RATIS, Factor:THREE, State:CLOSED]
2019-09-16 21:10:17,200 [ad2d061b-bce4-4929-94ab-c6ef8113ba3f@group-5176954A2AAB-SegmentedRaftLogWorker] WARN  segmented.SegmentedRaftLogWorker (SegmentedRaftLogWorker.java:getFromFuture(90)) - Timeout 13/~
org.apache.ratis.protocol.TimeoutIOException: Timeout 10s: WriteLog:14: (t:2, i:14), STATEMACHINELOGENTRY, client-37F90F3E4798, cid=25-writeStateMachineData
	at org.apache.ratis.util.IOUtils.getFromFuture(IOUtils.java:87)
	at org.apache.ratis.server.raftlog.segmented.SegmentedRaftLogWorker$StateMachineDataPolicy.getFromFuture(SegmentedRaftLogWorker.java:87)
	at org.apache.ratis.server.raftlog.segmented.SegmentedRaftLogWorker$WriteLog.execute(SegmentedRaftLogWorker.java:477)
	at org.apache.ratis.server.raftlog.segmented.SegmentedRaftLogWorker.run(SegmentedRaftLogWorker.java:289)
	at java.lang.Thread.run(Thread.java:748)
Caused by: java.util.concurrent.TimeoutException
	at java.util.concurrent.CompletableFuture.timedGet(CompletableFuture.java:1771)
	at java.util.concurrent.CompletableFuture.get(CompletableFuture.java:1915)
	at org.apache.ratis.util.IOUtils.getFromFuture(IOUtils.java:79)
	... 4 more
2019-09-16 21:10:17,202 [701ccf05-4c28-42f5-aa92-67be6d940b6d@group-5176954A2AAB-SegmentedRaftLogWorker] WARN  segmented.SegmentedRaftLogWorker (SegmentedRaftLogWorker.java:getFromFuture(90)) - Timeout 13/~
org.apache.ratis.protocol.TimeoutIOException: Timeout 10s: WriteLog:14: (t:2, i:14), STATEMACHINELOGENTRY, client-37F90F3E4798, cid=25-writeStateMachineData
	at org.apache.ratis.util.IOUtils.getFromFuture(IOUtils.java:87)
	at org.apache.ratis.server.raftlog.segmented.SegmentedRaftLogWorker$StateMachineDataPolicy.getFromFuture(SegmentedRaftLogWorker.java:87)
	at org.apache.ratis.server.raftlog.segmented.SegmentedRaftLogWorker$WriteLog.execute(SegmentedRaftLogWorker.java:477)
	at org.apache.ratis.server.raftlog.segmented.SegmentedRaftLogWorker.run(SegmentedRaftLogWorker.java:289)
	at java.lang.Thread.run(Thread.java:748)
Caused by: java.util.concurrent.TimeoutException
	at java.util.concurrent.CompletableFuture.timedGet(CompletableFuture.java:1771)
	at java.util.concurrent.CompletableFuture.get(CompletableFuture.java:1915)
	at org.apache.ratis.util.IOUtils.getFromFuture(IOUtils.java:79)
	... 4 more
2019-09-16 21:10:17,205 [java.util.concurrent.ThreadPoolExecutor$Worker@5d461e01[State = -1, empty queue]] WARN  server.GrpcLogAppender (GrpcLogAppender.java:timeoutAppendRequest(200)) - ad2d061b-bce4-4929-94ab-c6ef8113ba3f@group-5176954A2AAB->a9e3505a-b857-4083-807b-c489e4862dfa-GrpcLogAppender: appendEntries Timeout, request=ad2d061b-bce4-4929-94ab-c6ef8113ba3f->a9e3505a-b857-4083-807b-c489e4862dfa#74-t2, previous=(t:2, i:19), leaderCommit=12, initializing? false, entries: <empty>
2019-09-16 21:10:17,208 [java.util.concurrent.ThreadPoolExecutor$Worker@a95aeed[State = -1, empty queue]] WARN  server.GrpcLogAppender (GrpcLogAppender.java:timeoutAppendRequest(200)) - ad2d061b-bce4-4929-94ab-c6ef8113ba3f@group-5176954A2AAB->701ccf05-4c28-42f5-aa92-67be6d940b6d-GrpcLogAppender: appendEntries Timeout, request=ad2d061b-bce4-4929-94ab-c6ef8113ba3f->701ccf05-4c28-42f5-aa92-67be6d940b6d#74-t2, previous=(t:2, i:19), leaderCommit=12, initializing? false, entries: <empty>
2019-09-16 21:10:18,371 [grpc-default-executor-2] INFO  client.GrpcClientProtocolClient (GrpcClientProtocolClient.java:onNext(264)) - client-37F90F3E4798->701ccf05-4c28-42f5-aa92-67be6d940b6d: receive RaftClientReply:client-37F90F3E4798->701ccf05-4c28-42f5-aa92-67be6d940b6d@group-5176954A2AAB, cid=24, FAILED org.apache.ratis.protocol.NotLeaderException: Server 701ccf05-4c28-42f5-aa92-67be6d940b6d@group-5176954A2AAB is not the leader ad2d061b-bce4-4929-94ab-c6ef8113ba3f:192.168.69.85:43917, logIndex=0, commits[701ccf05-4c28-42f5-aa92-67be6d940b6d:c12, ad2d061b-bce4-4929-94ab-c6ef8113ba3f:c12, a9e3505a-b857-4083-807b-c489e4862dfa:c10]
2019-09-16 21:10:19,207 [org.apache.ratis.server.impl.LogAppender$AppenderDaemon$$Lambda$505/1255135911@12b4cd7a] ERROR ratis.XceiverServerRatis (XceiverServerRatis.java:triggerPipelineClose(568)) - pipeline Action CLOSE  on pipeline PipelineID=1c222981-f753-43aa-b5f1-5176954a2aab.Reason : ad2d061b-bce4-4929-94ab-c6ef8113ba3f has not seen follower/s 701ccf05-4c28-42f5-aa92-67be6d940b6d for 142929ms a9e3505a-b857-4083-807b-c489e4862dfa for 142932ms
2019-09-16 21:10:19,215 [org.apache.ratis.server.impl.LogAppender$AppenderDaemon$$Lambda$505/1255135911@6f115639] ERROR ratis.XceiverServerRatis (XceiverServerRatis.java:triggerPipelineClose(568)) - pipeline Action CLOSE  on pipeline PipelineID=1c222981-f753-43aa-b5f1-5176954a2aab.Reason : ad2d061b-bce4-4929-94ab-c6ef8113ba3f has not seen follower/s 701ccf05-4c28-42f5-aa92-67be6d940b6d for 142937ms a9e3505a-b857-4083-807b-c489e4862dfa for 142939ms
2019-09-16 21:10:19,706 [java.util.concurrent.ThreadPoolExecutor$Worker@5d461e01[State = -1, empty queue]] WARN  server.GrpcLogAppender (GrpcLogAppender.java:timeoutAppendRequest(200)) - ad2d061b-bce4-4929-94ab-c6ef8113ba3f@group-5176954A2AAB->a9e3505a-b857-4083-807b-c489e4862dfa-GrpcLogAppender: appendEntries Timeout, request=ad2d061b-bce4-4929-94ab-c6ef8113ba3f->a9e3505a-b857-4083-807b-c489e4862dfa#75-t2, previous=(t:2, i:19), leaderCommit=12, initializing? false, entries: <empty>
2019-09-16 21:10:19,714 [java.util.concurrent.ThreadPoolExecutor$Worker@a95aeed[State = -1, empty queue]] WARN  server.GrpcLogAppender (GrpcLogAppender.java:timeoutAppendRequest(200)) - ad2d061b-bce4-4929-94ab-c6ef8113ba3f@group-5176954A2AAB->701ccf05-4c28-42f5-aa92-67be6d940b6d-GrpcLogAppender: appendEntries Timeout, request=ad2d061b-bce4-4929-94ab-c6ef8113ba3f->701ccf05-4c28-42f5-aa92-67be6d940b6d#75-t2, previous=(t:2, i:19), leaderCommit=12, initializing? false, entries: <empty>
2019-09-16 21:10:20,191 [EventQueue-PipelineActionsForPipelineActionHandler] ERROR pipeline.PipelineActionHandler (PipelineActionHandler.java:onMessage(60)) - Received pipeline action CLOSE for Pipeline[ Id: 1c222981-f753-43aa-b5f1-5176954a2aab, Nodes: 701ccf05-4c28-42f5-aa92-67be6d940b6d{ip: 192.168.69.85, host: pr-hdds-1054-8d95c-1017424488, networkLocation: /default-rack, certSerialId: null}ad2d061b-bce4-4929-94ab-c6ef8113ba3f{ip: 192.168.69.85, host: pr-hdds-1054-8d95c-1017424488, networkLocation: /default-rack, certSerialId: null}a9e3505a-b857-4083-807b-c489e4862dfa{ip: 192.168.69.85, host: pr-hdds-1054-8d95c-1017424488, networkLocation: /default-rack, certSerialId: null}, Type:RATIS, Factor:THREE, State:CLOSED] from datanode ad2d061b-bce4-4929-94ab-c6ef8113ba3f{ip: 192.168.69.85, host: pr-hdds-1054-8d95c-1017424488, networkLocation: /default-rack, certSerialId: null}. Reason : ad2d061b-bce4-4929-94ab-c6ef8113ba3f has not seen follower/s 701ccf05-4c28-42f5-aa92-67be6d940b6d for 142929ms a9e3505a-b857-4083-807b-c489e4862dfa for 142932ms
2019-09-16 21:10:20,192 [EventQueue-PipelineActionsForPipelineActionHandler] INFO  pipeline.SCMPipelineManager (SCMPipelineManager.java:finalizeAndDestroyPipeline(311)) - destroying pipeline:Pipeline[ Id: 1c222981-f753-43aa-b5f1-5176954a2aab, Nodes: 701ccf05-4c28-42f5-aa92-67be6d940b6d{ip: 192.168.69.85, host: pr-hdds-1054-8d95c-1017424488, networkLocation: /default-rack, certSerialId: null}ad2d061b-bce4-4929-94ab-c6ef8113ba3f{ip: 192.168.69.85, host: pr-hdds-1054-8d95c-1017424488, networkLocation: /default-rack, certSerialId: null}a9e3505a-b857-4083-807b-c489e4862dfa{ip: 192.168.69.85, host: pr-hdds-1054-8d95c-1017424488, networkLocation: /default-rack, certSerialId: null}, Type:RATIS, Factor:THREE, State:CLOSED]
2019-09-16 21:10:21,708 [org.apache.ratis.server.impl.LogAppender$AppenderDaemon$$Lambda$505/1255135911@12b4cd7a] ERROR ratis.XceiverServerRatis (XceiverServerRatis.java:triggerPipelineClose(568)) - pipeline Action CLOSE  on pipeline PipelineID=1c222981-f753-43aa-b5f1-5176954a2aab.Reason : ad2d061b-bce4-4929-94ab-c6ef8113ba3f has not seen follower/s 701ccf05-4c28-42f5-aa92-67be6d940b6d for 145430ms a9e3505a-b857-4083-807b-c489e4862dfa for 145433ms
2019-09-16 21:10:21,715 [org.apache.ratis.server.impl.LogAppender$AppenderDaemon$$Lambda$505/1255135911@6f115639] ERROR ratis.XceiverServerRatis (XceiverServerRatis.java:triggerPipelineClose(568)) - pipeline Action CLOSE  on pipeline PipelineID=1c222981-f753-43aa-b5f1-5176954a2aab.Reason : ad2d061b-bce4-4929-94ab-c6ef8113ba3f has not seen follower/s 701ccf05-4c28-42f5-aa92-67be6d940b6d for 145437ms a9e3505a-b857-4083-807b-c489e4862dfa for 145440ms
2019-09-16 21:10:22,192 [EventQueue-PipelineActionsForPipelineActionHandler] ERROR pipeline.PipelineActionHandler (PipelineActionHandler.java:onMessage(60)) - Received pipeline action CLOSE for Pipeline[ Id: 1c222981-f753-43aa-b5f1-5176954a2aab, Nodes: 701ccf05-4c28-42f5-aa92-67be6d940b6d{ip: 192.168.69.85, host: pr-hdds-1054-8d95c-1017424488, networkLocation: /default-rack, certSerialId: null}ad2d061b-bce4-4929-94ab-c6ef8113ba3f{ip: 192.168.69.85, host: pr-hdds-1054-8d95c-1017424488, networkLocation: /default-rack, certSerialId: null}a9e3505a-b857-4083-807b-c489e4862dfa{ip: 192.168.69.85, host: pr-hdds-1054-8d95c-1017424488, networkLocation: /default-rack, certSerialId: null}, Type:RATIS, Factor:THREE, State:CLOSED] from datanode ad2d061b-bce4-4929-94ab-c6ef8113ba3f{ip: 192.168.69.85, host: pr-hdds-1054-8d95c-1017424488, networkLocation: /default-rack, certSerialId: null}. Reason : ad2d061b-bce4-4929-94ab-c6ef8113ba3f has not seen follower/s 701ccf05-4c28-42f5-aa92-67be6d940b6d for 145430ms a9e3505a-b857-4083-807b-c489e4862dfa for 145433ms
2019-09-16 21:10:22,192 [EventQueue-PipelineActionsForPipelineActionHandler] INFO  pipeline.SCMPipelineManager (SCMPipelineManager.java:finalizeAndDestroyPipeline(311)) - destroying pipeline:Pipeline[ Id: 1c222981-f753-43aa-b5f1-5176954a2aab, Nodes: 701ccf05-4c28-42f5-aa92-67be6d940b6d{ip: 192.168.69.85, host: pr-hdds-1054-8d95c-1017424488, networkLocation: /default-rack, certSerialId: null}ad2d061b-bce4-4929-94ab-c6ef8113ba3f{ip: 192.168.69.85, host: pr-hdds-1054-8d95c-1017424488, networkLocation: /default-rack, certSerialId: null}a9e3505a-b857-4083-807b-c489e4862dfa{ip: 192.168.69.85, host: pr-hdds-1054-8d95c-1017424488, networkLocation: /default-rack, certSerialId: null}, Type:RATIS, Factor:THREE, State:CLOSED]
2019-09-16 21:10:22,207 [java.util.concurrent.ThreadPoolExecutor$Worker@5d461e01[State = -1, empty queue]] WARN  server.GrpcLogAppender (GrpcLogAppender.java:timeoutAppendRequest(200)) - ad2d061b-bce4-4929-94ab-c6ef8113ba3f@group-5176954A2AAB->a9e3505a-b857-4083-807b-c489e4862dfa-GrpcLogAppender: appendEntries Timeout, request=ad2d061b-bce4-4929-94ab-c6ef8113ba3f->a9e3505a-b857-4083-807b-c489e4862dfa#76-t2, previous=(t:2, i:19), leaderCommit=12, initializing? false, entries: <empty>
2019-09-16 21:10:22,215 [java.util.concurrent.ThreadPoolExecutor$Worker@a95aeed[State = -1, empty queue]] WARN  server.GrpcLogAppender (GrpcLogAppender.java:timeoutAppendRequest(200)) - ad2d061b-bce4-4929-94ab-c6ef8113ba3f@group-5176954A2AAB->701ccf05-4c28-42f5-aa92-67be6d940b6d-GrpcLogAppender: appendEntries Timeout, request=ad2d061b-bce4-4929-94ab-c6ef8113ba3f->701ccf05-4c28-42f5-aa92-67be6d940b6d#76-t2, previous=(t:2, i:19), leaderCommit=12, initializing? false, entries: <empty>
2019-09-16 21:10:23,415 [grpc-default-executor-6] INFO  client.GrpcClientProtocolClient (GrpcClientProtocolClient.java:onNext(264)) - client-37F90F3E4798->a9e3505a-b857-4083-807b-c489e4862dfa: receive RaftClientReply:client-37F90F3E4798->a9e3505a-b857-4083-807b-c489e4862dfa@group-5176954A2AAB, cid=24, FAILED org.apache.ratis.protocol.NotLeaderException: Server a9e3505a-b857-4083-807b-c489e4862dfa@group-5176954A2AAB is not the leader ad2d061b-bce4-4929-94ab-c6ef8113ba3f:192.168.69.85:43917, logIndex=0, commits[a9e3505a-b857-4083-807b-c489e4862dfa:c12, ad2d061b-bce4-4929-94ab-c6ef8113ba3f:c12, 701ccf05-4c28-42f5-aa92-67be6d940b6d:c10]
2019-09-16 21:10:24,209 [org.apache.ratis.server.impl.LogAppender$AppenderDaemon$$Lambda$505/1255135911@12b4cd7a] ERROR ratis.XceiverServerRatis (XceiverServerRatis.java:triggerPipelineClose(568)) - pipeline Action CLOSE  on pipeline PipelineID=1c222981-f753-43aa-b5f1-5176954a2aab.Reason : ad2d061b-bce4-4929-94ab-c6ef8113ba3f has not seen follower/s 701ccf05-4c28-42f5-aa92-67be6d940b6d for 147931ms a9e3505a-b857-4083-807b-c489e4862dfa for 147933ms
2019-09-16 21:10:24,216 [org.apache.ratis.server.impl.LogAppender$AppenderDaemon$$Lambda$505/1255135911@6f115639] ERROR ratis.XceiverServerRatis (XceiverServerRatis.java:triggerPipelineClose(568)) - pipeline Action CLOSE  on pipeline PipelineID=1c222981-f753-43aa-b5f1-5176954a2aab.Reason : ad2d061b-bce4-4929-94ab-c6ef8113ba3f has not seen follower/s 701ccf05-4c28-42f5-aa92-67be6d940b6d for 147938ms a9e3505a-b857-4083-807b-c489e4862dfa for 147940ms
2019-09-16 21:10:24,708 [java.util.concurrent.ThreadPoolExecutor$Worker@5d461e01[State = -1, empty queue]] WARN  server.GrpcLogAppender (GrpcLogAppender.java:timeoutAppendRequest(200)) - ad2d061b-bce4-4929-94ab-c6ef8113ba3f@group-5176954A2AAB->a9e3505a-b857-4083-807b-c489e4862dfa-GrpcLogAppender: appendEntries Timeout, request=ad2d061b-bce4-4929-94ab-c6ef8113ba3f->a9e3505a-b857-4083-807b-c489e4862dfa#77-t2, previous=(t:2, i:19), leaderCommit=12, initializing? false, entries: <empty>
2019-09-16 21:10:24,715 [java.util.concurrent.ThreadPoolExecutor$Worker@a95aeed[State = -1, empty queue]] WARN  server.GrpcLogAppender (GrpcLogAppender.java:timeoutAppendRequest(200)) - ad2d061b-bce4-4929-94ab-c6ef8113ba3f@group-5176954A2AAB->701ccf05-4c28-42f5-aa92-67be6d940b6d-GrpcLogAppender: appendEntries Timeout, request=ad2d061b-bce4-4929-94ab-c6ef8113ba3f->701ccf05-4c28-42f5-aa92-67be6d940b6d#77-t2, previous=(t:2, i:19), leaderCommit=12, initializing? false, entries: <empty>
2019-09-16 21:10:25,193 [EventQueue-PipelineActionsForPipelineActionHandler] ERROR pipeline.PipelineActionHandler (PipelineActionHandler.java:onMessage(60)) - Received pipeline action CLOSE for Pipeline[ Id: 1c222981-f753-43aa-b5f1-5176954a2aab, Nodes: 701ccf05-4c28-42f5-aa92-67be6d940b6d{ip: 192.168.69.85, host: pr-hdds-1054-8d95c-1017424488, networkLocation: /default-rack, certSerialId: null}ad2d061b-bce4-4929-94ab-c6ef8113ba3f{ip: 192.168.69.85, host: pr-hdds-1054-8d95c-1017424488, networkLocation: /default-rack, certSerialId: null}a9e3505a-b857-4083-807b-c489e4862dfa{ip: 192.168.69.85, host: pr-hdds-1054-8d95c-1017424488, networkLocation: /default-rack, certSerialId: null}, Type:RATIS, Factor:THREE, State:CLOSED] from datanode ad2d061b-bce4-4929-94ab-c6ef8113ba3f{ip: 192.168.69.85, host: pr-hdds-1054-8d95c-1017424488, networkLocation: /default-rack, certSerialId: null}. Reason : ad2d061b-bce4-4929-94ab-c6ef8113ba3f has not seen follower/s 701ccf05-4c28-42f5-aa92-67be6d940b6d for 147931ms a9e3505a-b857-4083-807b-c489e4862dfa for 147933ms
2019-09-16 21:10:25,193 [EventQueue-PipelineActionsForPipelineActionHandler] INFO  pipeline.SCMPipelineManager (SCMPipelineManager.java:finalizeAndDestroyPipeline(311)) - destroying pipeline:Pipeline[ Id: 1c222981-f753-43aa-b5f1-5176954a2aab, Nodes: 701ccf05-4c28-42f5-aa92-67be6d940b6d{ip: 192.168.69.85, host: pr-hdds-1054-8d95c-1017424488, networkLocation: /default-rack, certSerialId: null}ad2d061b-bce4-4929-94ab-c6ef8113ba3f{ip: 192.168.69.85, host: pr-hdds-1054-8d95c-1017424488, networkLocation: /default-rack, certSerialId: null}a9e3505a-b857-4083-807b-c489e4862dfa{ip: 192.168.69.85, host: pr-hdds-1054-8d95c-1017424488, networkLocation: /default-rack, certSerialId: null}, Type:RATIS, Factor:THREE, State:CLOSED]
2019-09-16 21:10:26,710 [org.apache.ratis.server.impl.LogAppender$AppenderDaemon$$Lambda$505/1255135911@12b4cd7a] ERROR ratis.XceiverServerRatis (XceiverServerRatis.java:triggerPipelineClose(568)) - pipeline Action CLOSE  on pipeline PipelineID=1c222981-f753-43aa-b5f1-5176954a2aab.Reason : ad2d061b-bce4-4929-94ab-c6ef8113ba3f has not seen follower/s 701ccf05-4c28-42f5-aa92-67be6d940b6d for 150432ms a9e3505a-b857-4083-807b-c489e4862dfa for 150434ms
2019-09-16 21:10:26,717 [org.apache.ratis.server.impl.LogAppender$AppenderDaemon$$Lambda$505/1255135911@6f115639] ERROR ratis.XceiverServerRatis (XceiverServerRatis.java:triggerPipelineClose(568)) - pipeline Action CLOSE  on pipeline PipelineID=1c222981-f753-43aa-b5f1-5176954a2aab.Reason : ad2d061b-bce4-4929-94ab-c6ef8113ba3f has not seen follower/s 701ccf05-4c28-42f5-aa92-67be6d940b6d for 150439ms a9e3505a-b857-4083-807b-c489e4862dfa for 150441ms
2019-09-16 21:10:27,191 [a9e3505a-b857-4083-807b-c489e4862dfa@group-5176954A2AAB-SegmentedRaftLogWorker] WARN  segmented.SegmentedRaftLogWorker (SegmentedRaftLogWorker.java:getFromFuture(90)) - Timeout 14/~
org.apache.ratis.protocol.TimeoutIOException: Timeout 10s: WriteLog:14: (t:2, i:14), STATEMACHINELOGENTRY, client-37F90F3E4798, cid=25-writeStateMachineData
	at org.apache.ratis.util.IOUtils.getFromFuture(IOUtils.java:87)
	at org.apache.ratis.server.raftlog.segmented.SegmentedRaftLogWorker$StateMachineDataPolicy.getFromFuture(SegmentedRaftLogWorker.java:87)
	at org.apache.ratis.server.raftlog.segmented.SegmentedRaftLogWorker$WriteLog.execute(SegmentedRaftLogWorker.java:477)
	at org.apache.ratis.server.raftlog.segmented.SegmentedRaftLogWorker.run(SegmentedRaftLogWorker.java:289)
	at java.lang.Thread.run(Thread.java:748)
Caused by: java.util.concurrent.TimeoutException
	at java.util.concurrent.CompletableFuture.timedGet(CompletableFuture.java:1771)
	at java.util.concurrent.CompletableFuture.get(CompletableFuture.java:1915)
	at org.apache.ratis.util.IOUtils.getFromFuture(IOUtils.java:79)
	... 4 more
2019-09-16 21:10:27,194 [EventQueue-PipelineActionsForPipelineActionHandler] ERROR pipeline.PipelineActionHandler (PipelineActionHandler.java:onMessage(60)) - Received pipeline action CLOSE for Pipeline[ Id: 1c222981-f753-43aa-b5f1-5176954a2aab, Nodes: 701ccf05-4c28-42f5-aa92-67be6d940b6d{ip: 192.168.69.85, host: pr-hdds-1054-8d95c-1017424488, networkLocation: /default-rack, certSerialId: null}ad2d061b-bce4-4929-94ab-c6ef8113ba3f{ip: 192.168.69.85, host: pr-hdds-1054-8d95c-1017424488, networkLocation: /default-rack, certSerialId: null}a9e3505a-b857-4083-807b-c489e4862dfa{ip: 192.168.69.85, host: pr-hdds-1054-8d95c-1017424488, networkLocation: /default-rack, certSerialId: null}, Type:RATIS, Factor:THREE, State:CLOSED] from datanode ad2d061b-bce4-4929-94ab-c6ef8113ba3f{ip: 192.168.69.85, host: pr-hdds-1054-8d95c-1017424488, networkLocation: /default-rack, certSerialId: null}. Reason : ad2d061b-bce4-4929-94ab-c6ef8113ba3f has not seen follower/s 701ccf05-4c28-42f5-aa92-67be6d940b6d for 150432ms a9e3505a-b857-4083-807b-c489e4862dfa for 150434ms
2019-09-16 21:10:27,194 [EventQueue-PipelineActionsForPipelineActionHandler] INFO  pipeline.SCMPipelineManager (SCMPipelineManager.java:finalizeAndDestroyPipeline(311)) - destroying pipeline:Pipeline[ Id: 1c222981-f753-43aa-b5f1-5176954a2aab, Nodes: 701ccf05-4c28-42f5-aa92-67be6d940b6d{ip: 192.168.69.85, host: pr-hdds-1054-8d95c-1017424488, networkLocation: /default-rack, certSerialId: null}ad2d061b-bce4-4929-94ab-c6ef8113ba3f{ip: 192.168.69.85, host: pr-hdds-1054-8d95c-1017424488, networkLocation: /default-rack, certSerialId: null}a9e3505a-b857-4083-807b-c489e4862dfa{ip: 192.168.69.85, host: pr-hdds-1054-8d95c-1017424488, networkLocation: /default-rack, certSerialId: null}, Type:RATIS, Factor:THREE, State:CLOSED]
2019-09-16 21:10:27,200 [ad2d061b-bce4-4929-94ab-c6ef8113ba3f@group-5176954A2AAB-SegmentedRaftLogWorker] WARN  segmented.SegmentedRaftLogWorker (SegmentedRaftLogWorker.java:getFromFuture(90)) - Timeout 14/~
org.apache.ratis.protocol.TimeoutIOException: Timeout 10s: WriteLog:14: (t:2, i:14), STATEMACHINELOGENTRY, client-37F90F3E4798, cid=25-writeStateMachineData
	at org.apache.ratis.util.IOUtils.getFromFuture(IOUtils.java:87)
	at org.apache.ratis.server.raftlog.segmented.SegmentedRaftLogWorker$StateMachineDataPolicy.getFromFuture(SegmentedRaftLogWorker.java:87)
	at org.apache.ratis.server.raftlog.segmented.SegmentedRaftLogWorker$WriteLog.execute(SegmentedRaftLogWorker.java:477)
	at org.apache.ratis.server.raftlog.segmented.SegmentedRaftLogWorker.run(SegmentedRaftLogWorker.java:289)
	at java.lang.Thread.run(Thread.java:748)
Caused by: java.util.concurrent.TimeoutException
	at java.util.concurrent.CompletableFuture.timedGet(CompletableFuture.java:1771)
	at java.util.concurrent.CompletableFuture.get(CompletableFuture.java:1915)
	at org.apache.ratis.util.IOUtils.getFromFuture(IOUtils.java:79)
	... 4 more
2019-09-16 21:10:27,203 [701ccf05-4c28-42f5-aa92-67be6d940b6d@group-5176954A2AAB-SegmentedRaftLogWorker] WARN  segmented.SegmentedRaftLogWorker (SegmentedRaftLogWorker.java:getFromFuture(90)) - Timeout 14/~
org.apache.ratis.protocol.TimeoutIOException: Timeout 10s: WriteLog:14: (t:2, i:14), STATEMACHINELOGENTRY, client-37F90F3E4798, cid=25-writeStateMachineData
	at org.apache.ratis.util.IOUtils.getFromFuture(IOUtils.java:87)
	at org.apache.ratis.server.raftlog.segmented.SegmentedRaftLogWorker$StateMachineDataPolicy.getFromFuture(SegmentedRaftLogWorker.java:87)
	at org.apache.ratis.server.raftlog.segmented.SegmentedRaftLogWorker$WriteLog.execute(SegmentedRaftLogWorker.java:477)
	at org.apache.ratis.server.raftlog.segmented.SegmentedRaftLogWorker.run(SegmentedRaftLogWorker.java:289)
	at java.lang.Thread.run(Thread.java:748)
Caused by: java.util.concurrent.TimeoutException
	at java.util.concurrent.CompletableFuture.timedGet(CompletableFuture.java:1771)
	at java.util.concurrent.CompletableFuture.get(CompletableFuture.java:1915)
	at org.apache.ratis.util.IOUtils.getFromFuture(IOUtils.java:79)
	... 4 more
2019-09-16 21:10:27,209 [java.util.concurrent.ThreadPoolExecutor$Worker@5d461e01[State = -1, empty queue]] WARN  server.GrpcLogAppender (GrpcLogAppender.java:timeoutAppendRequest(200)) - ad2d061b-bce4-4929-94ab-c6ef8113ba3f@group-5176954A2AAB->a9e3505a-b857-4083-807b-c489e4862dfa-GrpcLogAppender: appendEntries Timeout, request=ad2d061b-bce4-4929-94ab-c6ef8113ba3f->a9e3505a-b857-4083-807b-c489e4862dfa#78-t2, previous=(t:2, i:19), leaderCommit=12, initializing? false, entries: <empty>
2019-09-16 21:10:27,216 [java.util.concurrent.ThreadPoolExecutor$Worker@a95aeed[State = -1, empty queue]] WARN  server.GrpcLogAppender (GrpcLogAppender.java:timeoutAppendRequest(200)) - ad2d061b-bce4-4929-94ab-c6ef8113ba3f@group-5176954A2AAB->701ccf05-4c28-42f5-aa92-67be6d940b6d-GrpcLogAppender: appendEntries Timeout, request=ad2d061b-bce4-4929-94ab-c6ef8113ba3f->701ccf05-4c28-42f5-aa92-67be6d940b6d#78-t2, previous=(t:2, i:19), leaderCommit=12, initializing? false, entries: <empty>
2019-09-16 21:10:28,464 [grpc-default-executor-2] INFO  client.GrpcClientProtocolClient (GrpcClientProtocolClient.java:onNext(264)) - client-37F90F3E4798->a9e3505a-b857-4083-807b-c489e4862dfa: receive RaftClientReply:client-37F90F3E4798->a9e3505a-b857-4083-807b-c489e4862dfa@group-5176954A2AAB, cid=24, FAILED org.apache.ratis.protocol.NotLeaderException: Server a9e3505a-b857-4083-807b-c489e4862dfa@group-5176954A2AAB is not the leader ad2d061b-bce4-4929-94ab-c6ef8113ba3f:192.168.69.85:43917, logIndex=0, commits[a9e3505a-b857-4083-807b-c489e4862dfa:c12, ad2d061b-bce4-4929-94ab-c6ef8113ba3f:c12, 701ccf05-4c28-42f5-aa92-67be6d940b6d:c10]
2019-09-16 21:10:29,211 [org.apache.ratis.server.impl.LogAppender$AppenderDaemon$$Lambda$505/1255135911@12b4cd7a] ERROR ratis.XceiverServerRatis (XceiverServerRatis.java:triggerPipelineClose(568)) - pipeline Action CLOSE  on pipeline PipelineID=1c222981-f753-43aa-b5f1-5176954a2aab.Reason : ad2d061b-bce4-4929-94ab-c6ef8113ba3f has not seen follower/s 701ccf05-4c28-42f5-aa92-67be6d940b6d for 152933ms a9e3505a-b857-4083-807b-c489e4862dfa for 152935ms
2019-09-16 21:10:29,217 [org.apache.ratis.server.impl.LogAppender$AppenderDaemon$$Lambda$505/1255135911@6f115639] ERROR ratis.XceiverServerRatis (XceiverServerRatis.java:triggerPipelineClose(568)) - pipeline Action CLOSE  on pipeline PipelineID=1c222981-f753-43aa-b5f1-5176954a2aab.Reason : ad2d061b-bce4-4929-94ab-c6ef8113ba3f has not seen follower/s 701ccf05-4c28-42f5-aa92-67be6d940b6d for 152939ms a9e3505a-b857-4083-807b-c489e4862dfa for 152942ms
2019-09-16 21:10:29,710 [java.util.concurrent.ThreadPoolExecutor$Worker@5d461e01[State = -1, empty queue]] WARN  server.GrpcLogAppender (GrpcLogAppender.java:timeoutAppendRequest(200)) - ad2d061b-bce4-4929-94ab-c6ef8113ba3f@group-5176954A2AAB->a9e3505a-b857-4083-807b-c489e4862dfa-GrpcLogAppender: appendEntries Timeout, request=ad2d061b-bce4-4929-94ab-c6ef8113ba3f->a9e3505a-b857-4083-807b-c489e4862dfa#79-t2, previous=(t:2, i:19), leaderCommit=12, initializing? false, entries: <empty>
2019-09-16 21:10:29,717 [java.util.concurrent.ThreadPoolExecutor$Worker@a95aeed[State = -1, empty queue]] WARN  server.GrpcLogAppender (GrpcLogAppender.java:timeoutAppendRequest(200)) - ad2d061b-bce4-4929-94ab-c6ef8113ba3f@group-5176954A2AAB->701ccf05-4c28-42f5-aa92-67be6d940b6d-GrpcLogAppender: appendEntries Timeout, request=ad2d061b-bce4-4929-94ab-c6ef8113ba3f->701ccf05-4c28-42f5-aa92-67be6d940b6d#79-t2, previous=(t:2, i:19), leaderCommit=12, initializing? false, entries: <empty>
2019-09-16 21:10:30,195 [EventQueue-PipelineActionsForPipelineActionHandler] ERROR pipeline.PipelineActionHandler (PipelineActionHandler.java:onMessage(60)) - Received pipeline action CLOSE for Pipeline[ Id: 1c222981-f753-43aa-b5f1-5176954a2aab, Nodes: 701ccf05-4c28-42f5-aa92-67be6d940b6d{ip: 192.168.69.85, host: pr-hdds-1054-8d95c-1017424488, networkLocation: /default-rack, certSerialId: null}ad2d061b-bce4-4929-94ab-c6ef8113ba3f{ip: 192.168.69.85, host: pr-hdds-1054-8d95c-1017424488, networkLocation: /default-rack, certSerialId: null}a9e3505a-b857-4083-807b-c489e4862dfa{ip: 192.168.69.85, host: pr-hdds-1054-8d95c-1017424488, networkLocation: /default-rack, certSerialId: null}, Type:RATIS, Factor:THREE, State:CLOSED] from datanode ad2d061b-bce4-4929-94ab-c6ef8113ba3f{ip: 192.168.69.85, host: pr-hdds-1054-8d95c-1017424488, networkLocation: /default-rack, certSerialId: null}. Reason : ad2d061b-bce4-4929-94ab-c6ef8113ba3f has not seen follower/s 701ccf05-4c28-42f5-aa92-67be6d940b6d for 152933ms a9e3505a-b857-4083-807b-c489e4862dfa for 152935ms
2019-09-16 21:10:30,196 [EventQueue-PipelineActionsForPipelineActionHandler] INFO  pipeline.SCMPipelineManager (SCMPipelineManager.java:finalizeAndDestroyPipeline(311)) - destroying pipeline:Pipeline[ Id: 1c222981-f753-43aa-b5f1-5176954a2aab, Nodes: 701ccf05-4c28-42f5-aa92-67be6d940b6d{ip: 192.168.69.85, host: pr-hdds-1054-8d95c-1017424488, networkLocation: /default-rack, certSerialId: null}ad2d061b-bce4-4929-94ab-c6ef8113ba3f{ip: 192.168.69.85, host: pr-hdds-1054-8d95c-1017424488, networkLocation: /default-rack, certSerialId: null}a9e3505a-b857-4083-807b-c489e4862dfa{ip: 192.168.69.85, host: pr-hdds-1054-8d95c-1017424488, networkLocation: /default-rack, certSerialId: null}, Type:RATIS, Factor:THREE, State:CLOSED]
2019-09-16 21:10:31,711 [org.apache.ratis.server.impl.LogAppender$AppenderDaemon$$Lambda$505/1255135911@12b4cd7a] ERROR ratis.XceiverServerRatis (XceiverServerRatis.java:triggerPipelineClose(568)) - pipeline Action CLOSE  on pipeline PipelineID=1c222981-f753-43aa-b5f1-5176954a2aab.Reason : ad2d061b-bce4-4929-94ab-c6ef8113ba3f has not seen follower/s 701ccf05-4c28-42f5-aa92-67be6d940b6d for 155433ms a9e3505a-b857-4083-807b-c489e4862dfa for 155436ms
2019-09-16 21:10:31,718 [org.apache.ratis.server.impl.LogAppender$AppenderDaemon$$Lambda$505/1255135911@6f115639] ERROR ratis.XceiverServerRatis (XceiverServerRatis.java:triggerPipelineClose(568)) - pipeline Action CLOSE  on pipeline PipelineID=1c222981-f753-43aa-b5f1-5176954a2aab.Reason : ad2d061b-bce4-4929-94ab-c6ef8113ba3f has not seen follower/s 701ccf05-4c28-42f5-aa92-67be6d940b6d for 155440ms a9e3505a-b857-4083-807b-c489e4862dfa for 155442ms
2019-09-16 21:10:32,195 [EventQueue-PipelineActionsForPipelineActionHandler] ERROR pipeline.PipelineActionHandler (PipelineActionHandler.java:onMessage(60)) - Received pipeline action CLOSE for Pipeline[ Id: 1c222981-f753-43aa-b5f1-5176954a2aab, Nodes: 701ccf05-4c28-42f5-aa92-67be6d940b6d{ip: 192.168.69.85, host: pr-hdds-1054-8d95c-1017424488, networkLocation: /default-rack, certSerialId: null}ad2d061b-bce4-4929-94ab-c6ef8113ba3f{ip: 192.168.69.85, host: pr-hdds-1054-8d95c-1017424488, networkLocation: /default-rack, certSerialId: null}a9e3505a-b857-4083-807b-c489e4862dfa{ip: 192.168.69.85, host: pr-hdds-1054-8d95c-1017424488, networkLocation: /default-rack, certSerialId: null}, Type:RATIS, Factor:THREE, State:CLOSED] from datanode ad2d061b-bce4-4929-94ab-c6ef8113ba3f{ip: 192.168.69.85, host: pr-hdds-1054-8d95c-1017424488, networkLocation: /default-rack, certSerialId: null}. Reason : ad2d061b-bce4-4929-94ab-c6ef8113ba3f has not seen follower/s 701ccf05-4c28-42f5-aa92-67be6d940b6d for 155433ms a9e3505a-b857-4083-807b-c489e4862dfa for 155436ms
2019-09-16 21:10:32,196 [EventQueue-PipelineActionsForPipelineActionHandler] INFO  pipeline.SCMPipelineManager (SCMPipelineManager.java:finalizeAndDestroyPipeline(311)) - destroying pipeline:Pipeline[ Id: 1c222981-f753-43aa-b5f1-5176954a2aab, Nodes: 701ccf05-4c28-42f5-aa92-67be6d940b6d{ip: 192.168.69.85, host: pr-hdds-1054-8d95c-1017424488, networkLocation: /default-rack, certSerialId: null}ad2d061b-bce4-4929-94ab-c6ef8113ba3f{ip: 192.168.69.85, host: pr-hdds-1054-8d95c-1017424488, networkLocation: /default-rack, certSerialId: null}a9e3505a-b857-4083-807b-c489e4862dfa{ip: 192.168.69.85, host: pr-hdds-1054-8d95c-1017424488, networkLocation: /default-rack, certSerialId: null}, Type:RATIS, Factor:THREE, State:CLOSED]
2019-09-16 21:10:32,211 [java.util.concurrent.ThreadPoolExecutor$Worker@5d461e01[State = -1, empty queue]] WARN  server.GrpcLogAppender (GrpcLogAppender.java:timeoutAppendRequest(200)) - ad2d061b-bce4-4929-94ab-c6ef8113ba3f@group-5176954A2AAB->a9e3505a-b857-4083-807b-c489e4862dfa-GrpcLogAppender: appendEntries Timeout, request=ad2d061b-bce4-4929-94ab-c6ef8113ba3f->a9e3505a-b857-4083-807b-c489e4862dfa#80-t2, previous=(t:2, i:19), leaderCommit=12, initializing? false, entries: <empty>
2019-09-16 21:10:32,217 [java.util.concurrent.ThreadPoolExecutor$Worker@a95aeed[State = -1, empty queue]] WARN  server.GrpcLogAppender (GrpcLogAppender.java:timeoutAppendRequest(200)) - ad2d061b-bce4-4929-94ab-c6ef8113ba3f@group-5176954A2AAB->701ccf05-4c28-42f5-aa92-67be6d940b6d-GrpcLogAppender: appendEntries Timeout, request=ad2d061b-bce4-4929-94ab-c6ef8113ba3f->701ccf05-4c28-42f5-aa92-67be6d940b6d#80-t2, previous=(t:2, i:19), leaderCommit=12, initializing? false, entries: <empty>
2019-09-16 21:10:33,504 [grpc-default-executor-2] INFO  client.GrpcClientProtocolClient (GrpcClientProtocolClient.java:onNext(264)) - client-37F90F3E4798->a9e3505a-b857-4083-807b-c489e4862dfa: receive RaftClientReply:client-37F90F3E4798->a9e3505a-b857-4083-807b-c489e4862dfa@group-5176954A2AAB, cid=24, FAILED org.apache.ratis.protocol.NotLeaderException: Server a9e3505a-b857-4083-807b-c489e4862dfa@group-5176954A2AAB is not the leader ad2d061b-bce4-4929-94ab-c6ef8113ba3f:192.168.69.85:43917, logIndex=0, commits[a9e3505a-b857-4083-807b-c489e4862dfa:c12, ad2d061b-bce4-4929-94ab-c6ef8113ba3f:c12, 701ccf05-4c28-42f5-aa92-67be6d940b6d:c10]
2019-09-16 21:10:34,213 [org.apache.ratis.server.impl.LogAppender$AppenderDaemon$$Lambda$505/1255135911@12b4cd7a] ERROR ratis.XceiverServerRatis (XceiverServerRatis.java:triggerPipelineClose(568)) - pipeline Action CLOSE  on pipeline PipelineID=1c222981-f753-43aa-b5f1-5176954a2aab.Reason : ad2d061b-bce4-4929-94ab-c6ef8113ba3f has not seen follower/s 701ccf05-4c28-42f5-aa92-67be6d940b6d for 157935ms a9e3505a-b857-4083-807b-c489e4862dfa for 157937ms
2019-09-16 21:10:34,219 [org.apache.ratis.server.impl.LogAppender$AppenderDaemon$$Lambda$505/1255135911@6f115639] ERROR ratis.XceiverServerRatis (XceiverServerRatis.java:triggerPipelineClose(568)) - pipeline Action CLOSE  on pipeline PipelineID=1c222981-f753-43aa-b5f1-5176954a2aab.Reason : ad2d061b-bce4-4929-94ab-c6ef8113ba3f has not seen follower/s 701ccf05-4c28-42f5-aa92-67be6d940b6d for 157940ms a9e3505a-b857-4083-807b-c489e4862dfa for 157943ms
2019-09-16 21:10:34,711 [java.util.concurrent.ThreadPoolExecutor$Worker@5d461e01[State = -1, empty queue]] WARN  server.GrpcLogAppender (GrpcLogAppender.java:timeoutAppendRequest(200)) - ad2d061b-bce4-4929-94ab-c6ef8113ba3f@group-5176954A2AAB->a9e3505a-b857-4083-807b-c489e4862dfa-GrpcLogAppender: appendEntries Timeout, request=ad2d061b-bce4-4929-94ab-c6ef8113ba3f->a9e3505a-b857-4083-807b-c489e4862dfa#81-t2, previous=(t:2, i:19), leaderCommit=12, initializing? false, entries: <empty>
2019-09-16 21:10:34,718 [java.util.concurrent.ThreadPoolExecutor$Worker@a95aeed[State = -1, empty queue]] WARN  server.GrpcLogAppender (GrpcLogAppender.java:timeoutAppendRequest(200)) - ad2d061b-bce4-4929-94ab-c6ef8113ba3f@group-5176954A2AAB->701ccf05-4c28-42f5-aa92-67be6d940b6d-GrpcLogAppender: appendEntries Timeout, request=ad2d061b-bce4-4929-94ab-c6ef8113ba3f->701ccf05-4c28-42f5-aa92-67be6d940b6d#81-t2, previous=(t:2, i:19), leaderCommit=12, initializing? false, entries: <empty>
2019-09-16 21:10:35,195 [EventQueue-PipelineActionsForPipelineActionHandler] ERROR pipeline.PipelineActionHandler (PipelineActionHandler.java:onMessage(60)) - Received pipeline action CLOSE for Pipeline[ Id: 1c222981-f753-43aa-b5f1-5176954a2aab, Nodes: 701ccf05-4c28-42f5-aa92-67be6d940b6d{ip: 192.168.69.85, host: pr-hdds-1054-8d95c-1017424488, networkLocation: /default-rack, certSerialId: null}ad2d061b-bce4-4929-94ab-c6ef8113ba3f{ip: 192.168.69.85, host: pr-hdds-1054-8d95c-1017424488, networkLocation: /default-rack, certSerialId: null}a9e3505a-b857-4083-807b-c489e4862dfa{ip: 192.168.69.85, host: pr-hdds-1054-8d95c-1017424488, networkLocation: /default-rack, certSerialId: null}, Type:RATIS, Factor:THREE, State:CLOSED] from datanode ad2d061b-bce4-4929-94ab-c6ef8113ba3f{ip: 192.168.69.85, host: pr-hdds-1054-8d95c-1017424488, networkLocation: /default-rack, certSerialId: null}. Reason : ad2d061b-bce4-4929-94ab-c6ef8113ba3f has not seen follower/s 701ccf05-4c28-42f5-aa92-67be6d940b6d for 157935ms a9e3505a-b857-4083-807b-c489e4862dfa for 157937ms
2019-09-16 21:10:35,196 [EventQueue-PipelineActionsForPipelineActionHandler] INFO  pipeline.SCMPipelineManager (SCMPipelineManager.java:finalizeAndDestroyPipeline(311)) - destroying pipeline:Pipeline[ Id: 1c222981-f753-43aa-b5f1-5176954a2aab, Nodes: 701ccf05-4c28-42f5-aa92-67be6d940b6d{ip: 192.168.69.85, host: pr-hdds-1054-8d95c-1017424488, networkLocation: /default-rack, certSerialId: null}ad2d061b-bce4-4929-94ab-c6ef8113ba3f{ip: 192.168.69.85, host: pr-hdds-1054-8d95c-1017424488, networkLocation: /default-rack, certSerialId: null}a9e3505a-b857-4083-807b-c489e4862dfa{ip: 192.168.69.85, host: pr-hdds-1054-8d95c-1017424488, networkLocation: /default-rack, certSerialId: null}, Type:RATIS, Factor:THREE, State:CLOSED]
2019-09-16 21:10:36,714 [org.apache.ratis.server.impl.LogAppender$AppenderDaemon$$Lambda$505/1255135911@12b4cd7a] ERROR ratis.XceiverServerRatis (XceiverServerRatis.java:triggerPipelineClose(568)) - pipeline Action CLOSE  on pipeline PipelineID=1c222981-f753-43aa-b5f1-5176954a2aab.Reason : ad2d061b-bce4-4929-94ab-c6ef8113ba3f has not seen follower/s 701ccf05-4c28-42f5-aa92-67be6d940b6d for 160436ms a9e3505a-b857-4083-807b-c489e4862dfa for 160439ms
2019-09-16 21:10:36,719 [org.apache.ratis.server.impl.LogAppender$AppenderDaemon$$Lambda$505/1255135911@6f115639] ERROR ratis.XceiverServerRatis (XceiverServerRatis.java:triggerPipelineClose(568)) - pipeline Action CLOSE  on pipeline PipelineID=1c222981-f753-43aa-b5f1-5176954a2aab.Reason : ad2d061b-bce4-4929-94ab-c6ef8113ba3f has not seen follower/s 701ccf05-4c28-42f5-aa92-67be6d940b6d for 160441ms a9e3505a-b857-4083-807b-c489e4862dfa for 160444ms
2019-09-16 21:10:37,193 [a9e3505a-b857-4083-807b-c489e4862dfa@group-5176954A2AAB-SegmentedRaftLogWorker] WARN  segmented.SegmentedRaftLogWorker (SegmentedRaftLogWorker.java:getFromFuture(90)) - Timeout 15/~
org.apache.ratis.protocol.TimeoutIOException: Timeout 10s: WriteLog:14: (t:2, i:14), STATEMACHINELOGENTRY, client-37F90F3E4798, cid=25-writeStateMachineData
	at org.apache.ratis.util.IOUtils.getFromFuture(IOUtils.java:87)
	at org.apache.ratis.server.raftlog.segmented.SegmentedRaftLogWorker$StateMachineDataPolicy.getFromFuture(SegmentedRaftLogWorker.java:87)
	at org.apache.ratis.server.raftlog.segmented.SegmentedRaftLogWorker$WriteLog.execute(SegmentedRaftLogWorker.java:477)
	at org.apache.ratis.server.raftlog.segmented.SegmentedRaftLogWorker.run(SegmentedRaftLogWorker.java:289)
	at java.lang.Thread.run(Thread.java:748)
Caused by: java.util.concurrent.TimeoutException
	at java.util.concurrent.CompletableFuture.timedGet(CompletableFuture.java:1771)
	at java.util.concurrent.CompletableFuture.get(CompletableFuture.java:1915)
	at org.apache.ratis.util.IOUtils.getFromFuture(IOUtils.java:79)
	... 4 more
2019-09-16 21:10:37,197 [EventQueue-PipelineActionsForPipelineActionHandler] ERROR pipeline.PipelineActionHandler (PipelineActionHandler.java:onMessage(60)) - Received pipeline action CLOSE for Pipeline[ Id: 1c222981-f753-43aa-b5f1-5176954a2aab, Nodes: 701ccf05-4c28-42f5-aa92-67be6d940b6d{ip: 192.168.69.85, host: pr-hdds-1054-8d95c-1017424488, networkLocation: /default-rack, certSerialId: null}ad2d061b-bce4-4929-94ab-c6ef8113ba3f{ip: 192.168.69.85, host: pr-hdds-1054-8d95c-1017424488, networkLocation: /default-rack, certSerialId: null}a9e3505a-b857-4083-807b-c489e4862dfa{ip: 192.168.69.85, host: pr-hdds-1054-8d95c-1017424488, networkLocation: /default-rack, certSerialId: null}, Type:RATIS, Factor:THREE, State:CLOSED] from datanode ad2d061b-bce4-4929-94ab-c6ef8113ba3f{ip: 192.168.69.85, host: pr-hdds-1054-8d95c-1017424488, networkLocation: /default-rack, certSerialId: null}. Reason : ad2d061b-bce4-4929-94ab-c6ef8113ba3f has not seen follower/s 701ccf05-4c28-42f5-aa92-67be6d940b6d for 160436ms a9e3505a-b857-4083-807b-c489e4862dfa for 160439ms
2019-09-16 21:10:37,198 [EventQueue-PipelineActionsForPipelineActionHandler] INFO  pipeline.SCMPipelineManager (SCMPipelineManager.java:finalizeAndDestroyPipeline(311)) - destroying pipeline:Pipeline[ Id: 1c222981-f753-43aa-b5f1-5176954a2aab, Nodes: 701ccf05-4c28-42f5-aa92-67be6d940b6d{ip: 192.168.69.85, host: pr-hdds-1054-8d95c-1017424488, networkLocation: /default-rack, certSerialId: null}ad2d061b-bce4-4929-94ab-c6ef8113ba3f{ip: 192.168.69.85, host: pr-hdds-1054-8d95c-1017424488, networkLocation: /default-rack, certSerialId: null}a9e3505a-b857-4083-807b-c489e4862dfa{ip: 192.168.69.85, host: pr-hdds-1054-8d95c-1017424488, networkLocation: /default-rack, certSerialId: null}, Type:RATIS, Factor:THREE, State:CLOSED]
2019-09-16 21:10:37,201 [ad2d061b-bce4-4929-94ab-c6ef8113ba3f@group-5176954A2AAB-SegmentedRaftLogWorker] WARN  segmented.SegmentedRaftLogWorker (SegmentedRaftLogWorker.java:getFromFuture(90)) - Timeout 15/~
org.apache.ratis.protocol.TimeoutIOException: Timeout 10s: WriteLog:14: (t:2, i:14), STATEMACHINELOGENTRY, client-37F90F3E4798, cid=25-writeStateMachineData
	at org.apache.ratis.util.IOUtils.getFromFuture(IOUtils.java:87)
	at org.apache.ratis.server.raftlog.segmented.SegmentedRaftLogWorker$StateMachineDataPolicy.getFromFuture(SegmentedRaftLogWorker.java:87)
	at org.apache.ratis.server.raftlog.segmented.SegmentedRaftLogWorker$WriteLog.execute(SegmentedRaftLogWorker.java:477)
	at org.apache.ratis.server.raftlog.segmented.SegmentedRaftLogWorker.run(SegmentedRaftLogWorker.java:289)
	at java.lang.Thread.run(Thread.java:748)
Caused by: java.util.concurrent.TimeoutException
	at java.util.concurrent.CompletableFuture.timedGet(CompletableFuture.java:1771)
	at java.util.concurrent.CompletableFuture.get(CompletableFuture.java:1915)
	at org.apache.ratis.util.IOUtils.getFromFuture(IOUtils.java:79)
	... 4 more
2019-09-16 21:10:37,223 [java.util.concurrent.ThreadPoolExecutor$Worker@a95aeed[State = -1, empty queue]] WARN  server.GrpcLogAppender (GrpcLogAppender.java:timeoutAppendRequest(200)) - ad2d061b-bce4-4929-94ab-c6ef8113ba3f@group-5176954A2AAB->701ccf05-4c28-42f5-aa92-67be6d940b6d-GrpcLogAppender: appendEntries Timeout, request=ad2d061b-bce4-4929-94ab-c6ef8113ba3f->701ccf05-4c28-42f5-aa92-67be6d940b6d#82-t2, previous=(t:2, i:19), leaderCommit=12, initializing? false, entries: <empty>
2019-09-16 21:10:37,223 [701ccf05-4c28-42f5-aa92-67be6d940b6d@group-5176954A2AAB-SegmentedRaftLogWorker] WARN  segmented.SegmentedRaftLogWorker (SegmentedRaftLogWorker.java:getFromFuture(90)) - Timeout 15/~
org.apache.ratis.protocol.TimeoutIOException: Timeout 10s: WriteLog:14: (t:2, i:14), STATEMACHINELOGENTRY, client-37F90F3E4798, cid=25-writeStateMachineData
	at org.apache.ratis.util.IOUtils.getFromFuture(IOUtils.java:87)
	at org.apache.ratis.server.raftlog.segmented.SegmentedRaftLogWorker$StateMachineDataPolicy.getFromFuture(SegmentedRaftLogWorker.java:87)
	at org.apache.ratis.server.raftlog.segmented.SegmentedRaftLogWorker$WriteLog.execute(SegmentedRaftLogWorker.java:477)
	at org.apache.ratis.server.raftlog.segmented.SegmentedRaftLogWorker.run(SegmentedRaftLogWorker.java:289)
	at java.lang.Thread.run(Thread.java:748)
Caused by: java.util.concurrent.TimeoutException
	at java.util.concurrent.CompletableFuture.timedGet(CompletableFuture.java:1771)
	at java.util.concurrent.CompletableFuture.get(CompletableFuture.java:1915)
	at org.apache.ratis.util.IOUtils.getFromFuture(IOUtils.java:79)
	... 4 more
2019-09-16 21:10:37,223 [java.util.concurrent.ThreadPoolExecutor$Worker@5d461e01[State = -1, empty queue]] WARN  server.GrpcLogAppender (GrpcLogAppender.java:timeoutAppendRequest(200)) - ad2d061b-bce4-4929-94ab-c6ef8113ba3f@group-5176954A2AAB->a9e3505a-b857-4083-807b-c489e4862dfa-GrpcLogAppender: appendEntries Timeout, request=ad2d061b-bce4-4929-94ab-c6ef8113ba3f->a9e3505a-b857-4083-807b-c489e4862dfa#82-t2, previous=(t:2, i:19), leaderCommit=12, initializing? false, entries: <empty>
2019-09-16 21:10:38,562 [grpc-default-executor-6] INFO  client.GrpcClientProtocolClient (GrpcClientProtocolClient.java:onNext(264)) - client-37F90F3E4798->a9e3505a-b857-4083-807b-c489e4862dfa: receive RaftClientReply:client-37F90F3E4798->a9e3505a-b857-4083-807b-c489e4862dfa@group-5176954A2AAB, cid=24, FAILED org.apache.ratis.protocol.NotLeaderException: Server a9e3505a-b857-4083-807b-c489e4862dfa@group-5176954A2AAB is not the leader ad2d061b-bce4-4929-94ab-c6ef8113ba3f:192.168.69.85:43917, logIndex=0, commits[a9e3505a-b857-4083-807b-c489e4862dfa:c12, ad2d061b-bce4-4929-94ab-c6ef8113ba3f:c12, 701ccf05-4c28-42f5-aa92-67be6d940b6d:c10]
2019-09-16 21:10:39,215 [org.apache.ratis.server.impl.LogAppender$AppenderDaemon$$Lambda$505/1255135911@12b4cd7a] ERROR ratis.XceiverServerRatis (XceiverServerRatis.java:triggerPipelineClose(568)) - pipeline Action CLOSE  on pipeline PipelineID=1c222981-f753-43aa-b5f1-5176954a2aab.Reason : ad2d061b-bce4-4929-94ab-c6ef8113ba3f has not seen follower/s 701ccf05-4c28-42f5-aa92-67be6d940b6d for 162937ms a9e3505a-b857-4083-807b-c489e4862dfa for 162939ms
2019-09-16 21:10:39,220 [org.apache.ratis.server.impl.LogAppender$AppenderDaemon$$Lambda$505/1255135911@6f115639] ERROR ratis.XceiverServerRatis (XceiverServerRatis.java:triggerPipelineClose(568)) - pipeline Action CLOSE  on pipeline PipelineID=1c222981-f753-43aa-b5f1-5176954a2aab.Reason : ad2d061b-bce4-4929-94ab-c6ef8113ba3f has not seen follower/s 701ccf05-4c28-42f5-aa92-67be6d940b6d for 162942ms a9e3505a-b857-4083-807b-c489e4862dfa for 162944ms
2019-09-16 21:10:39,714 [java.util.concurrent.ThreadPoolExecutor$Worker@5d461e01[State = -1, empty queue]] WARN  server.GrpcLogAppender (GrpcLogAppender.java:timeoutAppendRequest(200)) - ad2d061b-bce4-4929-94ab-c6ef8113ba3f@group-5176954A2AAB->a9e3505a-b857-4083-807b-c489e4862dfa-GrpcLogAppender: appendEntries Timeout, request=ad2d061b-bce4-4929-94ab-c6ef8113ba3f->a9e3505a-b857-4083-807b-c489e4862dfa#83-t2, previous=(t:2, i:19), leaderCommit=12, initializing? false, entries: <empty>
2019-09-16 21:10:39,719 [java.util.concurrent.ThreadPoolExecutor$Worker@a95aeed[State = -1, empty queue]] WARN  server.GrpcLogAppender (GrpcLogAppender.java:timeoutAppendRequest(200)) - ad2d061b-bce4-4929-94ab-c6ef8113ba3f@group-5176954A2AAB->701ccf05-4c28-42f5-aa92-67be6d940b6d-GrpcLogAppender: appendEntries Timeout, request=ad2d061b-bce4-4929-94ab-c6ef8113ba3f->701ccf05-4c28-42f5-aa92-67be6d940b6d#83-t2, previous=(t:2, i:19), leaderCommit=12, initializing? false, entries: <empty>
2019-09-16 21:10:40,197 [EventQueue-PipelineActionsForPipelineActionHandler] ERROR pipeline.PipelineActionHandler (PipelineActionHandler.java:onMessage(60)) - Received pipeline action CLOSE for Pipeline[ Id: 1c222981-f753-43aa-b5f1-5176954a2aab, Nodes: 701ccf05-4c28-42f5-aa92-67be6d940b6d{ip: 192.168.69.85, host: pr-hdds-1054-8d95c-1017424488, networkLocation: /default-rack, certSerialId: null}ad2d061b-bce4-4929-94ab-c6ef8113ba3f{ip: 192.168.69.85, host: pr-hdds-1054-8d95c-1017424488, networkLocation: /default-rack, certSerialId: null}a9e3505a-b857-4083-807b-c489e4862dfa{ip: 192.168.69.85, host: pr-hdds-1054-8d95c-1017424488, networkLocation: /default-rack, certSerialId: null}, Type:RATIS, Factor:THREE, State:CLOSED] from datanode ad2d061b-bce4-4929-94ab-c6ef8113ba3f{ip: 192.168.69.85, host: pr-hdds-1054-8d95c-1017424488, networkLocation: /default-rack, certSerialId: null}. Reason : ad2d061b-bce4-4929-94ab-c6ef8113ba3f has not seen follower/s 701ccf05-4c28-42f5-aa92-67be6d940b6d for 162937ms a9e3505a-b857-4083-807b-c489e4862dfa for 162939ms
2019-09-16 21:10:40,198 [EventQueue-PipelineActionsForPipelineActionHandler] INFO  pipeline.SCMPipelineManager (SCMPipelineManager.java:finalizeAndDestroyPipeline(311)) - destroying pipeline:Pipeline[ Id: 1c222981-f753-43aa-b5f1-5176954a2aab, Nodes: 701ccf05-4c28-42f5-aa92-67be6d940b6d{ip: 192.168.69.85, host: pr-hdds-1054-8d95c-1017424488, networkLocation: /default-rack, certSerialId: null}ad2d061b-bce4-4929-94ab-c6ef8113ba3f{ip: 192.168.69.85, host: pr-hdds-1054-8d95c-1017424488, networkLocation: /default-rack, certSerialId: null}a9e3505a-b857-4083-807b-c489e4862dfa{ip: 192.168.69.85, host: pr-hdds-1054-8d95c-1017424488, networkLocation: /default-rack, certSerialId: null}, Type:RATIS, Factor:THREE, State:CLOSED]
2019-09-16 21:10:41,716 [org.apache.ratis.server.impl.LogAppender$AppenderDaemon$$Lambda$505/1255135911@12b4cd7a] ERROR ratis.XceiverServerRatis (XceiverServerRatis.java:triggerPipelineClose(568)) - pipeline Action CLOSE  on pipeline PipelineID=1c222981-f753-43aa-b5f1-5176954a2aab.Reason : ad2d061b-bce4-4929-94ab-c6ef8113ba3f has not seen follower/s 701ccf05-4c28-42f5-aa92-67be6d940b6d for 165438ms a9e3505a-b857-4083-807b-c489e4862dfa for 165441ms
2019-09-16 21:10:41,721 [org.apache.ratis.server.impl.LogAppender$AppenderDaemon$$Lambda$505/1255135911@6f115639] ERROR ratis.XceiverServerRatis (XceiverServerRatis.java:triggerPipelineClose(568)) - pipeline Action CLOSE  on pipeline PipelineID=1c222981-f753-43aa-b5f1-5176954a2aab.Reason : ad2d061b-bce4-4929-94ab-c6ef8113ba3f has not seen follower/s 701ccf05-4c28-42f5-aa92-67be6d940b6d for 165443ms a9e3505a-b857-4083-807b-c489e4862dfa for 165446ms
2019-09-16 21:10:42,198 [EventQueue-PipelineActionsForPipelineActionHandler] ERROR pipeline.PipelineActionHandler (PipelineActionHandler.java:onMessage(60)) - Received pipeline action CLOSE for Pipeline[ Id: 1c222981-f753-43aa-b5f1-5176954a2aab, Nodes: 701ccf05-4c28-42f5-aa92-67be6d940b6d{ip: 192.168.69.85, host: pr-hdds-1054-8d95c-1017424488, networkLocation: /default-rack, certSerialId: null}ad2d061b-bce4-4929-94ab-c6ef8113ba3f{ip: 192.168.69.85, host: pr-hdds-1054-8d95c-1017424488, networkLocation: /default-rack, certSerialId: null}a9e3505a-b857-4083-807b-c489e4862dfa{ip: 192.168.69.85, host: pr-hdds-1054-8d95c-1017424488, networkLocation: /default-rack, certSerialId: null}, Type:RATIS, Factor:THREE, State:CLOSED] from datanode ad2d061b-bce4-4929-94ab-c6ef8113ba3f{ip: 192.168.69.85, host: pr-hdds-1054-8d95c-1017424488, networkLocation: /default-rack, certSerialId: null}. Reason : ad2d061b-bce4-4929-94ab-c6ef8113ba3f has not seen follower/s 701ccf05-4c28-42f5-aa92-67be6d940b6d for 165438ms a9e3505a-b857-4083-807b-c489e4862dfa for 165441ms
2019-09-16 21:10:42,198 [EventQueue-PipelineActionsForPipelineActionHandler] INFO  pipeline.SCMPipelineManager (SCMPipelineManager.java:finalizeAndDestroyPipeline(311)) - destroying pipeline:Pipeline[ Id: 1c222981-f753-43aa-b5f1-5176954a2aab, Nodes: 701ccf05-4c28-42f5-aa92-67be6d940b6d{ip: 192.168.69.85, host: pr-hdds-1054-8d95c-1017424488, networkLocation: /default-rack, certSerialId: null}ad2d061b-bce4-4929-94ab-c6ef8113ba3f{ip: 192.168.69.85, host: pr-hdds-1054-8d95c-1017424488, networkLocation: /default-rack, certSerialId: null}a9e3505a-b857-4083-807b-c489e4862dfa{ip: 192.168.69.85, host: pr-hdds-1054-8d95c-1017424488, networkLocation: /default-rack, certSerialId: null}, Type:RATIS, Factor:THREE, State:CLOSED]
2019-09-16 21:10:42,215 [java.util.concurrent.ThreadPoolExecutor$Worker@5d461e01[State = -1, empty queue]] WARN  server.GrpcLogAppender (GrpcLogAppender.java:timeoutAppendRequest(200)) - ad2d061b-bce4-4929-94ab-c6ef8113ba3f@group-5176954A2AAB->a9e3505a-b857-4083-807b-c489e4862dfa-GrpcLogAppender: appendEntries Timeout, request=ad2d061b-bce4-4929-94ab-c6ef8113ba3f->a9e3505a-b857-4083-807b-c489e4862dfa#84-t2, previous=(t:2, i:19), leaderCommit=12, initializing? false, entries: <empty>
2019-09-16 21:10:42,220 [java.util.concurrent.ThreadPoolExecutor$Worker@a95aeed[State = -1, empty queue]] WARN  server.GrpcLogAppender (GrpcLogAppender.java:timeoutAppendRequest(200)) - ad2d061b-bce4-4929-94ab-c6ef8113ba3f@group-5176954A2AAB->701ccf05-4c28-42f5-aa92-67be6d940b6d-GrpcLogAppender: appendEntries Timeout, request=ad2d061b-bce4-4929-94ab-c6ef8113ba3f->701ccf05-4c28-42f5-aa92-67be6d940b6d#84-t2, previous=(t:2, i:19), leaderCommit=12, initializing? false, entries: <empty>
2019-09-16 21:10:43,601 [grpc-default-executor-6] INFO  client.GrpcClientProtocolClient (GrpcClientProtocolClient.java:onNext(264)) - client-37F90F3E4798->a9e3505a-b857-4083-807b-c489e4862dfa: receive RaftClientReply:client-37F90F3E4798->a9e3505a-b857-4083-807b-c489e4862dfa@group-5176954A2AAB, cid=24, FAILED org.apache.ratis.protocol.NotLeaderException: Server a9e3505a-b857-4083-807b-c489e4862dfa@group-5176954A2AAB is not the leader ad2d061b-bce4-4929-94ab-c6ef8113ba3f:192.168.69.85:43917, logIndex=0, commits[a9e3505a-b857-4083-807b-c489e4862dfa:c12, ad2d061b-bce4-4929-94ab-c6ef8113ba3f:c12, 701ccf05-4c28-42f5-aa92-67be6d940b6d:c10]
2019-09-16 21:10:44,217 [org.apache.ratis.server.impl.LogAppender$AppenderDaemon$$Lambda$505/1255135911@12b4cd7a] ERROR ratis.XceiverServerRatis (XceiverServerRatis.java:triggerPipelineClose(568)) - pipeline Action CLOSE  on pipeline PipelineID=1c222981-f753-43aa-b5f1-5176954a2aab.Reason : ad2d061b-bce4-4929-94ab-c6ef8113ba3f has not seen follower/s 701ccf05-4c28-42f5-aa92-67be6d940b6d for 167939ms a9e3505a-b857-4083-807b-c489e4862dfa for 167942ms
2019-09-16 21:10:44,222 [org.apache.ratis.server.impl.LogAppender$AppenderDaemon$$Lambda$505/1255135911@6f115639] ERROR ratis.XceiverServerRatis (XceiverServerRatis.java:triggerPipelineClose(568)) - pipeline Action CLOSE  on pipeline PipelineID=1c222981-f753-43aa-b5f1-5176954a2aab.Reason : ad2d061b-bce4-4929-94ab-c6ef8113ba3f has not seen follower/s 701ccf05-4c28-42f5-aa92-67be6d940b6d for 167944ms a9e3505a-b857-4083-807b-c489e4862dfa for 167946ms
2019-09-16 21:10:44,716 [java.util.concurrent.ThreadPoolExecutor$Worker@5d461e01[State = -1, empty queue]] WARN  server.GrpcLogAppender (GrpcLogAppender.java:timeoutAppendRequest(200)) - ad2d061b-bce4-4929-94ab-c6ef8113ba3f@group-5176954A2AAB->a9e3505a-b857-4083-807b-c489e4862dfa-GrpcLogAppender: appendEntries Timeout, request=ad2d061b-bce4-4929-94ab-c6ef8113ba3f->a9e3505a-b857-4083-807b-c489e4862dfa#85-t2, previous=(t:2, i:19), leaderCommit=12, initializing? false, entries: <empty>
2019-09-16 21:10:44,721 [java.util.concurrent.ThreadPoolExecutor$Worker@a95aeed[State = -1, empty queue]] WARN  server.GrpcLogAppender (GrpcLogAppender.java:timeoutAppendRequest(200)) - ad2d061b-bce4-4929-94ab-c6ef8113ba3f@group-5176954A2AAB->701ccf05-4c28-42f5-aa92-67be6d940b6d-GrpcLogAppender: appendEntries Timeout, request=ad2d061b-bce4-4929-94ab-c6ef8113ba3f->701ccf05-4c28-42f5-aa92-67be6d940b6d#85-t2, previous=(t:2, i:19), leaderCommit=12, initializing? false, entries: <empty>
2019-09-16 21:10:45,198 [EventQueue-PipelineActionsForPipelineActionHandler] ERROR pipeline.PipelineActionHandler (PipelineActionHandler.java:onMessage(60)) - Received pipeline action CLOSE for Pipeline[ Id: 1c222981-f753-43aa-b5f1-5176954a2aab, Nodes: 701ccf05-4c28-42f5-aa92-67be6d940b6d{ip: 192.168.69.85, host: pr-hdds-1054-8d95c-1017424488, networkLocation: /default-rack, certSerialId: null}ad2d061b-bce4-4929-94ab-c6ef8113ba3f{ip: 192.168.69.85, host: pr-hdds-1054-8d95c-1017424488, networkLocation: /default-rack, certSerialId: null}a9e3505a-b857-4083-807b-c489e4862dfa{ip: 192.168.69.85, host: pr-hdds-1054-8d95c-1017424488, networkLocation: /default-rack, certSerialId: null}, Type:RATIS, Factor:THREE, State:CLOSED] from datanode ad2d061b-bce4-4929-94ab-c6ef8113ba3f{ip: 192.168.69.85, host: pr-hdds-1054-8d95c-1017424488, networkLocation: /default-rack, certSerialId: null}. Reason : ad2d061b-bce4-4929-94ab-c6ef8113ba3f has not seen follower/s 701ccf05-4c28-42f5-aa92-67be6d940b6d for 167939ms a9e3505a-b857-4083-807b-c489e4862dfa for 167942ms
2019-09-16 21:10:45,198 [EventQueue-PipelineActionsForPipelineActionHandler] INFO  pipeline.SCMPipelineManager (SCMPipelineManager.java:finalizeAndDestroyPipeline(311)) - destroying pipeline:Pipeline[ Id: 1c222981-f753-43aa-b5f1-5176954a2aab, Nodes: 701ccf05-4c28-42f5-aa92-67be6d940b6d{ip: 192.168.69.85, host: pr-hdds-1054-8d95c-1017424488, networkLocation: /default-rack, certSerialId: null}ad2d061b-bce4-4929-94ab-c6ef8113ba3f{ip: 192.168.69.85, host: pr-hdds-1054-8d95c-1017424488, networkLocation: /default-rack, certSerialId: null}a9e3505a-b857-4083-807b-c489e4862dfa{ip: 192.168.69.85, host: pr-hdds-1054-8d95c-1017424488, networkLocation: /default-rack, certSerialId: null}, Type:RATIS, Factor:THREE, State:CLOSED]
2019-09-16 21:10:46,719 [org.apache.ratis.server.impl.LogAppender$AppenderDaemon$$Lambda$505/1255135911@12b4cd7a] ERROR ratis.XceiverServerRatis (XceiverServerRatis.java:triggerPipelineClose(568)) - pipeline Action CLOSE  on pipeline PipelineID=1c222981-f753-43aa-b5f1-5176954a2aab.Reason : ad2d061b-bce4-4929-94ab-c6ef8113ba3f has not seen follower/s 701ccf05-4c28-42f5-aa92-67be6d940b6d for 170441ms a9e3505a-b857-4083-807b-c489e4862dfa for 170443ms
2019-09-16 21:10:46,722 [org.apache.ratis.server.impl.LogAppender$AppenderDaemon$$Lambda$505/1255135911@6f115639] ERROR ratis.XceiverServerRatis (XceiverServerRatis.java:triggerPipelineClose(568)) - pipeline Action CLOSE  on pipeline PipelineID=1c222981-f753-43aa-b5f1-5176954a2aab.Reason : ad2d061b-bce4-4929-94ab-c6ef8113ba3f has not seen follower/s 701ccf05-4c28-42f5-aa92-67be6d940b6d for 170444ms a9e3505a-b857-4083-807b-c489e4862dfa for 170447ms
2019-09-16 21:10:47,196 [a9e3505a-b857-4083-807b-c489e4862dfa@group-5176954A2AAB-SegmentedRaftLogWorker] WARN  segmented.SegmentedRaftLogWorker (SegmentedRaftLogWorker.java:getFromFuture(90)) - Timeout 16/~
org.apache.ratis.protocol.TimeoutIOException: Timeout 10s: WriteLog:14: (t:2, i:14), STATEMACHINELOGENTRY, client-37F90F3E4798, cid=25-writeStateMachineData
	at org.apache.ratis.util.IOUtils.getFromFuture(IOUtils.java:87)
	at org.apache.ratis.server.raftlog.segmented.SegmentedRaftLogWorker$StateMachineDataPolicy.getFromFuture(SegmentedRaftLogWorker.java:87)
	at org.apache.ratis.server.raftlog.segmented.SegmentedRaftLogWorker$WriteLog.execute(SegmentedRaftLogWorker.java:477)
	at org.apache.ratis.server.raftlog.segmented.SegmentedRaftLogWorker.run(SegmentedRaftLogWorker.java:289)
	at java.lang.Thread.run(Thread.java:748)
Caused by: java.util.concurrent.TimeoutException
	at java.util.concurrent.CompletableFuture.timedGet(CompletableFuture.java:1771)
	at java.util.concurrent.CompletableFuture.get(CompletableFuture.java:1915)
	at org.apache.ratis.util.IOUtils.getFromFuture(IOUtils.java:79)
	... 4 more
2019-09-16 21:10:47,198 [EventQueue-PipelineActionsForPipelineActionHandler] ERROR pipeline.PipelineActionHandler (PipelineActionHandler.java:onMessage(60)) - Received pipeline action CLOSE for Pipeline[ Id: 1c222981-f753-43aa-b5f1-5176954a2aab, Nodes: 701ccf05-4c28-42f5-aa92-67be6d940b6d{ip: 192.168.69.85, host: pr-hdds-1054-8d95c-1017424488, networkLocation: /default-rack, certSerialId: null}ad2d061b-bce4-4929-94ab-c6ef8113ba3f{ip: 192.168.69.85, host: pr-hdds-1054-8d95c-1017424488, networkLocation: /default-rack, certSerialId: null}a9e3505a-b857-4083-807b-c489e4862dfa{ip: 192.168.69.85, host: pr-hdds-1054-8d95c-1017424488, networkLocation: /default-rack, certSerialId: null}, Type:RATIS, Factor:THREE, State:CLOSED] from datanode ad2d061b-bce4-4929-94ab-c6ef8113ba3f{ip: 192.168.69.85, host: pr-hdds-1054-8d95c-1017424488, networkLocation: /default-rack, certSerialId: null}. Reason : ad2d061b-bce4-4929-94ab-c6ef8113ba3f has not seen follower/s 701ccf05-4c28-42f5-aa92-67be6d940b6d for 170441ms a9e3505a-b857-4083-807b-c489e4862dfa for 170443ms
2019-09-16 21:10:47,198 [EventQueue-PipelineActionsForPipelineActionHandler] INFO  pipeline.SCMPipelineManager (SCMPipelineManager.java:finalizeAndDestroyPipeline(311)) - destroying pipeline:Pipeline[ Id: 1c222981-f753-43aa-b5f1-5176954a2aab, Nodes: 701ccf05-4c28-42f5-aa92-67be6d940b6d{ip: 192.168.69.85, host: pr-hdds-1054-8d95c-1017424488, networkLocation: /default-rack, certSerialId: null}ad2d061b-bce4-4929-94ab-c6ef8113ba3f{ip: 192.168.69.85, host: pr-hdds-1054-8d95c-1017424488, networkLocation: /default-rack, certSerialId: null}a9e3505a-b857-4083-807b-c489e4862dfa{ip: 192.168.69.85, host: pr-hdds-1054-8d95c-1017424488, networkLocation: /default-rack, certSerialId: null}, Type:RATIS, Factor:THREE, State:CLOSED]
2019-09-16 21:10:47,217 [java.util.concurrent.ThreadPoolExecutor$Worker@5d461e01[State = -1, empty queue]] WARN  server.GrpcLogAppender (GrpcLogAppender.java:timeoutAppendRequest(200)) - ad2d061b-bce4-4929-94ab-c6ef8113ba3f@group-5176954A2AAB->a9e3505a-b857-4083-807b-c489e4862dfa-GrpcLogAppender: appendEntries Timeout, request=ad2d061b-bce4-4929-94ab-c6ef8113ba3f->a9e3505a-b857-4083-807b-c489e4862dfa#86-t2, previous=(t:2, i:19), leaderCommit=12, initializing? false, entries: <empty>
2019-09-16 21:10:47,222 [java.util.concurrent.ThreadPoolExecutor$Worker@a95aeed[State = -1, empty queue]] WARN  server.GrpcLogAppender (GrpcLogAppender.java:timeoutAppendRequest(200)) - ad2d061b-bce4-4929-94ab-c6ef8113ba3f@group-5176954A2AAB->701ccf05-4c28-42f5-aa92-67be6d940b6d-GrpcLogAppender: appendEntries Timeout, request=ad2d061b-bce4-4929-94ab-c6ef8113ba3f->701ccf05-4c28-42f5-aa92-67be6d940b6d#86-t2, previous=(t:2, i:19), leaderCommit=12, initializing? false, entries: <empty>
2019-09-16 21:10:47,223 [ad2d061b-bce4-4929-94ab-c6ef8113ba3f@group-5176954A2AAB-SegmentedRaftLogWorker] WARN  segmented.SegmentedRaftLogWorker (SegmentedRaftLogWorker.java:getFromFuture(90)) - Timeout 16/~
org.apache.ratis.protocol.TimeoutIOException: Timeout 10s: WriteLog:14: (t:2, i:14), STATEMACHINELOGENTRY, client-37F90F3E4798, cid=25-writeStateMachineData
	at org.apache.ratis.util.IOUtils.getFromFuture(IOUtils.java:87)
	at org.apache.ratis.server.raftlog.segmented.SegmentedRaftLogWorker$StateMachineDataPolicy.getFromFuture(SegmentedRaftLogWorker.java:87)
	at org.apache.ratis.server.raftlog.segmented.SegmentedRaftLogWorker$WriteLog.execute(SegmentedRaftLogWorker.java:477)
	at org.apache.ratis.server.raftlog.segmented.SegmentedRaftLogWorker.run(SegmentedRaftLogWorker.java:289)
	at java.lang.Thread.run(Thread.java:748)
Caused by: java.util.concurrent.TimeoutException
	at java.util.concurrent.CompletableFuture.timedGet(CompletableFuture.java:1771)
	at java.util.concurrent.CompletableFuture.get(CompletableFuture.java:1915)
	at org.apache.ratis.util.IOUtils.getFromFuture(IOUtils.java:79)
	... 4 more
2019-09-16 21:10:47,224 [701ccf05-4c28-42f5-aa92-67be6d940b6d@group-5176954A2AAB-SegmentedRaftLogWorker] WARN  segmented.SegmentedRaftLogWorker (SegmentedRaftLogWorker.java:getFromFuture(90)) - Timeout 16/~
org.apache.ratis.protocol.TimeoutIOException: Timeout 10s: WriteLog:14: (t:2, i:14), STATEMACHINELOGENTRY, client-37F90F3E4798, cid=25-writeStateMachineData
	at org.apache.ratis.util.IOUtils.getFromFuture(IOUtils.java:87)
	at org.apache.ratis.server.raftlog.segmented.SegmentedRaftLogWorker$StateMachineDataPolicy.getFromFuture(SegmentedRaftLogWorker.java:87)
	at org.apache.ratis.server.raftlog.segmented.SegmentedRaftLogWorker$WriteLog.execute(SegmentedRaftLogWorker.java:477)
	at org.apache.ratis.server.raftlog.segmented.SegmentedRaftLogWorker.run(SegmentedRaftLogWorker.java:289)
	at java.lang.Thread.run(Thread.java:748)
Caused by: java.util.concurrent.TimeoutException
	at java.util.concurrent.CompletableFuture.timedGet(CompletableFuture.java:1771)
	at java.util.concurrent.CompletableFuture.get(CompletableFuture.java:1915)
	at org.apache.ratis.util.IOUtils.getFromFuture(IOUtils.java:79)
	... 4 more
2019-09-16 21:10:48,639 [grpc-default-executor-6] INFO  client.GrpcClientProtocolClient (GrpcClientProtocolClient.java:onNext(264)) - client-37F90F3E4798->701ccf05-4c28-42f5-aa92-67be6d940b6d: receive RaftClientReply:client-37F90F3E4798->701ccf05-4c28-42f5-aa92-67be6d940b6d@group-5176954A2AAB, cid=24, FAILED org.apache.ratis.protocol.NotLeaderException: Server 701ccf05-4c28-42f5-aa92-67be6d940b6d@group-5176954A2AAB is not the leader ad2d061b-bce4-4929-94ab-c6ef8113ba3f:192.168.69.85:43917, logIndex=0, commits[701ccf05-4c28-42f5-aa92-67be6d940b6d:c12, ad2d061b-bce4-4929-94ab-c6ef8113ba3f:c12, a9e3505a-b857-4083-807b-c489e4862dfa:c10]
2019-09-16 21:10:49,220 [org.apache.ratis.server.impl.LogAppender$AppenderDaemon$$Lambda$505/1255135911@12b4cd7a] ERROR ratis.XceiverServerRatis (XceiverServerRatis.java:triggerPipelineClose(568)) - pipeline Action CLOSE  on pipeline PipelineID=1c222981-f753-43aa-b5f1-5176954a2aab.Reason : ad2d061b-bce4-4929-94ab-c6ef8113ba3f has not seen follower/s 701ccf05-4c28-42f5-aa92-67be6d940b6d for 172942ms a9e3505a-b857-4083-807b-c489e4862dfa for 172944ms
2019-09-16 21:10:49,223 [org.apache.ratis.server.impl.LogAppender$AppenderDaemon$$Lambda$505/1255135911@6f115639] ERROR ratis.XceiverServerRatis (XceiverServerRatis.java:triggerPipelineClose(568)) - pipeline Action CLOSE  on pipeline PipelineID=1c222981-f753-43aa-b5f1-5176954a2aab.Reason : ad2d061b-bce4-4929-94ab-c6ef8113ba3f has not seen follower/s 701ccf05-4c28-42f5-aa92-67be6d940b6d for 172945ms a9e3505a-b857-4083-807b-c489e4862dfa for 172947ms
2019-09-16 21:10:49,719 [java.util.concurrent.ThreadPoolExecutor$Worker@5d461e01[State = -1, empty queue]] WARN  server.GrpcLogAppender (GrpcLogAppender.java:timeoutAppendRequest(200)) - ad2d061b-bce4-4929-94ab-c6ef8113ba3f@group-5176954A2AAB->a9e3505a-b857-4083-807b-c489e4862dfa-GrpcLogAppender: appendEntries Timeout, request=ad2d061b-bce4-4929-94ab-c6ef8113ba3f->a9e3505a-b857-4083-807b-c489e4862dfa#87-t2, previous=(t:2, i:19), leaderCommit=12, initializing? false, entries: <empty>
2019-09-16 21:10:49,722 [java.util.concurrent.ThreadPoolExecutor$Worker@a95aeed[State = -1, empty queue]] WARN  server.GrpcLogAppender (GrpcLogAppender.java:timeoutAppendRequest(200)) - ad2d061b-bce4-4929-94ab-c6ef8113ba3f@group-5176954A2AAB->701ccf05-4c28-42f5-aa92-67be6d940b6d-GrpcLogAppender: appendEntries Timeout, request=ad2d061b-bce4-4929-94ab-c6ef8113ba3f->701ccf05-4c28-42f5-aa92-67be6d940b6d#87-t2, previous=(t:2, i:19), leaderCommit=12, initializing? false, entries: <empty>
2019-09-16 21:10:50,199 [EventQueue-PipelineActionsForPipelineActionHandler] ERROR pipeline.PipelineActionHandler (PipelineActionHandler.java:onMessage(60)) - Received pipeline action CLOSE for Pipeline[ Id: 1c222981-f753-43aa-b5f1-5176954a2aab, Nodes: 701ccf05-4c28-42f5-aa92-67be6d940b6d{ip: 192.168.69.85, host: pr-hdds-1054-8d95c-1017424488, networkLocation: /default-rack, certSerialId: null}ad2d061b-bce4-4929-94ab-c6ef8113ba3f{ip: 192.168.69.85, host: pr-hdds-1054-8d95c-1017424488, networkLocation: /default-rack, certSerialId: null}a9e3505a-b857-4083-807b-c489e4862dfa{ip: 192.168.69.85, host: pr-hdds-1054-8d95c-1017424488, networkLocation: /default-rack, certSerialId: null}, Type:RATIS, Factor:THREE, State:CLOSED] from datanode ad2d061b-bce4-4929-94ab-c6ef8113ba3f{ip: 192.168.69.85, host: pr-hdds-1054-8d95c-1017424488, networkLocation: /default-rack, certSerialId: null}. Reason : ad2d061b-bce4-4929-94ab-c6ef8113ba3f has not seen follower/s 701ccf05-4c28-42f5-aa92-67be6d940b6d for 172942ms a9e3505a-b857-4083-807b-c489e4862dfa for 172944ms
2019-09-16 21:10:50,199 [EventQueue-PipelineActionsForPipelineActionHandler] INFO  pipeline.SCMPipelineManager (SCMPipelineManager.java:finalizeAndDestroyPipeline(311)) - destroying pipeline:Pipeline[ Id: 1c222981-f753-43aa-b5f1-5176954a2aab, Nodes: 701ccf05-4c28-42f5-aa92-67be6d940b6d{ip: 192.168.69.85, host: pr-hdds-1054-8d95c-1017424488, networkLocation: /default-rack, certSerialId: null}ad2d061b-bce4-4929-94ab-c6ef8113ba3f{ip: 192.168.69.85, host: pr-hdds-1054-8d95c-1017424488, networkLocation: /default-rack, certSerialId: null}a9e3505a-b857-4083-807b-c489e4862dfa{ip: 192.168.69.85, host: pr-hdds-1054-8d95c-1017424488, networkLocation: /default-rack, certSerialId: null}, Type:RATIS, Factor:THREE, State:CLOSED]
2019-09-16 21:10:51,721 [org.apache.ratis.server.impl.LogAppender$AppenderDaemon$$Lambda$505/1255135911@12b4cd7a] ERROR ratis.XceiverServerRatis (XceiverServerRatis.java:triggerPipelineClose(568)) - pipeline Action CLOSE  on pipeline PipelineID=1c222981-f753-43aa-b5f1-5176954a2aab.Reason : ad2d061b-bce4-4929-94ab-c6ef8113ba3f has not seen follower/s 701ccf05-4c28-42f5-aa92-67be6d940b6d for 175443ms a9e3505a-b857-4083-807b-c489e4862dfa for 175446ms
2019-09-16 21:10:51,724 [org.apache.ratis.server.impl.LogAppender$AppenderDaemon$$Lambda$505/1255135911@6f115639] ERROR ratis.XceiverServerRatis (XceiverServerRatis.java:triggerPipelineClose(568)) - pipeline Action CLOSE  on pipeline PipelineID=1c222981-f753-43aa-b5f1-5176954a2aab.Reason : ad2d061b-bce4-4929-94ab-c6ef8113ba3f has not seen follower/s 701ccf05-4c28-42f5-aa92-67be6d940b6d for 175446ms a9e3505a-b857-4083-807b-c489e4862dfa for 175448ms
2019-09-16 21:10:52,199 [EventQueue-PipelineActionsForPipelineActionHandler] ERROR pipeline.PipelineActionHandler (PipelineActionHandler.java:onMessage(60)) - Received pipeline action CLOSE for Pipeline[ Id: 1c222981-f753-43aa-b5f1-5176954a2aab, Nodes: 701ccf05-4c28-42f5-aa92-67be6d940b6d{ip: 192.168.69.85, host: pr-hdds-1054-8d95c-1017424488, networkLocation: /default-rack, certSerialId: null}ad2d061b-bce4-4929-94ab-c6ef8113ba3f{ip: 192.168.69.85, host: pr-hdds-1054-8d95c-1017424488, networkLocation: /default-rack, certSerialId: null}a9e3505a-b857-4083-807b-c489e4862dfa{ip: 192.168.69.85, host: pr-hdds-1054-8d95c-1017424488, networkLocation: /default-rack, certSerialId: null}, Type:RATIS, Factor:THREE, State:CLOSED] from datanode ad2d061b-bce4-4929-94ab-c6ef8113ba3f{ip: 192.168.69.85, host: pr-hdds-1054-8d95c-1017424488, networkLocation: /default-rack, certSerialId: null}. Reason : ad2d061b-bce4-4929-94ab-c6ef8113ba3f has not seen follower/s 701ccf05-4c28-42f5-aa92-67be6d940b6d for 175443ms a9e3505a-b857-4083-807b-c489e4862dfa for 175446ms
2019-09-16 21:10:52,199 [EventQueue-PipelineActionsForPipelineActionHandler] INFO  pipeline.SCMPipelineManager (SCMPipelineManager.java:finalizeAndDestroyPipeline(311)) - destroying pipeline:Pipeline[ Id: 1c222981-f753-43aa-b5f1-5176954a2aab, Nodes: 701ccf05-4c28-42f5-aa92-67be6d940b6d{ip: 192.168.69.85, host: pr-hdds-1054-8d95c-1017424488, networkLocation: /default-rack, certSerialId: null}ad2d061b-bce4-4929-94ab-c6ef8113ba3f{ip: 192.168.69.85, host: pr-hdds-1054-8d95c-1017424488, networkLocation: /default-rack, certSerialId: null}a9e3505a-b857-4083-807b-c489e4862dfa{ip: 192.168.69.85, host: pr-hdds-1054-8d95c-1017424488, networkLocation: /default-rack, certSerialId: null}, Type:RATIS, Factor:THREE, State:CLOSED]
2019-09-16 21:10:52,220 [java.util.concurrent.ThreadPoolExecutor$Worker@5d461e01[State = -1, empty queue]] WARN  server.GrpcLogAppender (GrpcLogAppender.java:timeoutAppendRequest(200)) - ad2d061b-bce4-4929-94ab-c6ef8113ba3f@group-5176954A2AAB->a9e3505a-b857-4083-807b-c489e4862dfa-GrpcLogAppender: appendEntries Timeout, request=ad2d061b-bce4-4929-94ab-c6ef8113ba3f->a9e3505a-b857-4083-807b-c489e4862dfa#88-t2, previous=(t:2, i:19), leaderCommit=12, initializing? false, entries: <empty>
2019-09-16 21:10:52,223 [java.util.concurrent.ThreadPoolExecutor$Worker@a95aeed[State = -1, empty queue]] WARN  server.GrpcLogAppender (GrpcLogAppender.java:timeoutAppendRequest(200)) - ad2d061b-bce4-4929-94ab-c6ef8113ba3f@group-5176954A2AAB->701ccf05-4c28-42f5-aa92-67be6d940b6d-GrpcLogAppender: appendEntries Timeout, request=ad2d061b-bce4-4929-94ab-c6ef8113ba3f->701ccf05-4c28-42f5-aa92-67be6d940b6d#88-t2, previous=(t:2, i:19), leaderCommit=12, initializing? false, entries: <empty>
2019-09-16 21:10:53,678 [grpc-default-executor-2] INFO  client.GrpcClientProtocolClient (GrpcClientProtocolClient.java:onNext(264)) - client-37F90F3E4798->a9e3505a-b857-4083-807b-c489e4862dfa: receive RaftClientReply:client-37F90F3E4798->a9e3505a-b857-4083-807b-c489e4862dfa@group-5176954A2AAB, cid=24, FAILED org.apache.ratis.protocol.NotLeaderException: Server a9e3505a-b857-4083-807b-c489e4862dfa@group-5176954A2AAB is not the leader ad2d061b-bce4-4929-94ab-c6ef8113ba3f:192.168.69.85:43917, logIndex=0, commits[a9e3505a-b857-4083-807b-c489e4862dfa:c12, ad2d061b-bce4-4929-94ab-c6ef8113ba3f:c12, 701ccf05-4c28-42f5-aa92-67be6d940b6d:c10]
2019-09-16 21:10:54,222 [org.apache.ratis.server.impl.LogAppender$AppenderDaemon$$Lambda$505/1255135911@12b4cd7a] ERROR ratis.XceiverServerRatis (XceiverServerRatis.java:triggerPipelineClose(568)) - pipeline Action CLOSE  on pipeline PipelineID=1c222981-f753-43aa-b5f1-5176954a2aab.Reason : ad2d061b-bce4-4929-94ab-c6ef8113ba3f has not seen follower/s 701ccf05-4c28-42f5-aa92-67be6d940b6d for 177944ms a9e3505a-b857-4083-807b-c489e4862dfa for 177947ms
2019-09-16 21:10:54,224 [org.apache.ratis.server.impl.LogAppender$AppenderDaemon$$Lambda$505/1255135911@6f115639] ERROR ratis.XceiverServerRatis (XceiverServerRatis.java:triggerPipelineClose(568)) - pipeline Action CLOSE  on pipeline PipelineID=1c222981-f753-43aa-b5f1-5176954a2aab.Reason : ad2d061b-bce4-4929-94ab-c6ef8113ba3f has not seen follower/s 701ccf05-4c28-42f5-aa92-67be6d940b6d for 177946ms a9e3505a-b857-4083-807b-c489e4862dfa for 177949ms
2019-09-16 21:10:54,721 [java.util.concurrent.ThreadPoolExecutor$Worker@5d461e01[State = -1, empty queue]] WARN  server.GrpcLogAppender (GrpcLogAppender.java:timeoutAppendRequest(200)) - ad2d061b-bce4-4929-94ab-c6ef8113ba3f@group-5176954A2AAB->a9e3505a-b857-4083-807b-c489e4862dfa-GrpcLogAppender: appendEntries Timeout, request=ad2d061b-bce4-4929-94ab-c6ef8113ba3f->a9e3505a-b857-4083-807b-c489e4862dfa#89-t2, previous=(t:2, i:19), leaderCommit=12, initializing? false, entries: <empty>
2019-09-16 21:10:54,724 [java.util.concurrent.ThreadPoolExecutor$Worker@a95aeed[State = -1, empty queue]] WARN  server.GrpcLogAppender (GrpcLogAppender.java:timeoutAppendRequest(200)) - ad2d061b-bce4-4929-94ab-c6ef8113ba3f@group-5176954A2AAB->701ccf05-4c28-42f5-aa92-67be6d940b6d-GrpcLogAppender: appendEntries Timeout, request=ad2d061b-bce4-4929-94ab-c6ef8113ba3f->701ccf05-4c28-42f5-aa92-67be6d940b6d#89-t2, previous=(t:2, i:19), leaderCommit=12, initializing? false, entries: <empty>
2019-09-16 21:10:55,198 [EventQueue-PipelineActionsForPipelineActionHandler] ERROR pipeline.PipelineActionHandler (PipelineActionHandler.java:onMessage(60)) - Received pipeline action CLOSE for Pipeline[ Id: 1c222981-f753-43aa-b5f1-5176954a2aab, Nodes: 701ccf05-4c28-42f5-aa92-67be6d940b6d{ip: 192.168.69.85, host: pr-hdds-1054-8d95c-1017424488, networkLocation: /default-rack, certSerialId: null}ad2d061b-bce4-4929-94ab-c6ef8113ba3f{ip: 192.168.69.85, host: pr-hdds-1054-8d95c-1017424488, networkLocation: /default-rack, certSerialId: null}a9e3505a-b857-4083-807b-c489e4862dfa{ip: 192.168.69.85, host: pr-hdds-1054-8d95c-1017424488, networkLocation: /default-rack, certSerialId: null}, Type:RATIS, Factor:THREE, State:CLOSED] from datanode ad2d061b-bce4-4929-94ab-c6ef8113ba3f{ip: 192.168.69.85, host: pr-hdds-1054-8d95c-1017424488, networkLocation: /default-rack, certSerialId: null}. Reason : ad2d061b-bce4-4929-94ab-c6ef8113ba3f has not seen follower/s 701ccf05-4c28-42f5-aa92-67be6d940b6d for 177944ms a9e3505a-b857-4083-807b-c489e4862dfa for 177947ms
2019-09-16 21:10:55,199 [EventQueue-PipelineActionsForPipelineActionHandler] INFO  pipeline.SCMPipelineManager (SCMPipelineManager.java:finalizeAndDestroyPipeline(311)) - destroying pipeline:Pipeline[ Id: 1c222981-f753-43aa-b5f1-5176954a2aab, Nodes: 701ccf05-4c28-42f5-aa92-67be6d940b6d{ip: 192.168.69.85, host: pr-hdds-1054-8d95c-1017424488, networkLocation: /default-rack, certSerialId: null}ad2d061b-bce4-4929-94ab-c6ef8113ba3f{ip: 192.168.69.85, host: pr-hdds-1054-8d95c-1017424488, networkLocation: /default-rack, certSerialId: null}a9e3505a-b857-4083-807b-c489e4862dfa{ip: 192.168.69.85, host: pr-hdds-1054-8d95c-1017424488, networkLocation: /default-rack, certSerialId: null}, Type:RATIS, Factor:THREE, State:CLOSED]
2019-09-16 21:10:56,723 [org.apache.ratis.server.impl.LogAppender$AppenderDaemon$$Lambda$505/1255135911@12b4cd7a] ERROR ratis.XceiverServerRatis (XceiverServerRatis.java:triggerPipelineClose(568)) - pipeline Action CLOSE  on pipeline PipelineID=1c222981-f753-43aa-b5f1-5176954a2aab.Reason : ad2d061b-bce4-4929-94ab-c6ef8113ba3f has not seen follower/s 701ccf05-4c28-42f5-aa92-67be6d940b6d for 180445ms a9e3505a-b857-4083-807b-c489e4862dfa for 180448ms
2019-09-16 21:10:56,725 [org.apache.ratis.server.impl.LogAppender$AppenderDaemon$$Lambda$505/1255135911@6f115639] ERROR ratis.XceiverServerRatis (XceiverServerRatis.java:triggerPipelineClose(568)) - pipeline Action CLOSE  on pipeline PipelineID=1c222981-f753-43aa-b5f1-5176954a2aab.Reason : ad2d061b-bce4-4929-94ab-c6ef8113ba3f has not seen follower/s 701ccf05-4c28-42f5-aa92-67be6d940b6d for 180447ms a9e3505a-b857-4083-807b-c489e4862dfa for 180450ms
2019-09-16 21:10:57,197 [a9e3505a-b857-4083-807b-c489e4862dfa@group-5176954A2AAB-SegmentedRaftLogWorker] WARN  segmented.SegmentedRaftLogWorker (SegmentedRaftLogWorker.java:getFromFuture(90)) - Timeout 17/~
org.apache.ratis.protocol.TimeoutIOException: Timeout 10s: WriteLog:14: (t:2, i:14), STATEMACHINELOGENTRY, client-37F90F3E4798, cid=25-writeStateMachineData
	at org.apache.ratis.util.IOUtils.getFromFuture(IOUtils.java:87)
	at org.apache.ratis.server.raftlog.segmented.SegmentedRaftLogWorker$StateMachineDataPolicy.getFromFuture(SegmentedRaftLogWorker.java:87)
	at org.apache.ratis.server.raftlog.segmented.SegmentedRaftLogWorker$WriteLog.execute(SegmentedRaftLogWorker.java:477)
	at org.apache.ratis.server.raftlog.segmented.SegmentedRaftLogWorker.run(SegmentedRaftLogWorker.java:289)
	at java.lang.Thread.run(Thread.java:748)
Caused by: java.util.concurrent.TimeoutException
	at java.util.concurrent.CompletableFuture.timedGet(CompletableFuture.java:1771)
	at java.util.concurrent.CompletableFuture.get(CompletableFuture.java:1915)
	at org.apache.ratis.util.IOUtils.getFromFuture(IOUtils.java:79)
	... 4 more
2019-09-16 21:10:57,198 [EventQueue-PipelineActionsForPipelineActionHandler] ERROR pipeline.PipelineActionHandler (PipelineActionHandler.java:onMessage(60)) - Received pipeline action CLOSE for Pipeline[ Id: 1c222981-f753-43aa-b5f1-5176954a2aab, Nodes: 701ccf05-4c28-42f5-aa92-67be6d940b6d{ip: 192.168.69.85, host: pr-hdds-1054-8d95c-1017424488, networkLocation: /default-rack, certSerialId: null}ad2d061b-bce4-4929-94ab-c6ef8113ba3f{ip: 192.168.69.85, host: pr-hdds-1054-8d95c-1017424488, networkLocation: /default-rack, certSerialId: null}a9e3505a-b857-4083-807b-c489e4862dfa{ip: 192.168.69.85, host: pr-hdds-1054-8d95c-1017424488, networkLocation: /default-rack, certSerialId: null}, Type:RATIS, Factor:THREE, State:CLOSED] from datanode ad2d061b-bce4-4929-94ab-c6ef8113ba3f{ip: 192.168.69.85, host: pr-hdds-1054-8d95c-1017424488, networkLocation: /default-rack, certSerialId: null}. Reason : ad2d061b-bce4-4929-94ab-c6ef8113ba3f has not seen follower/s 701ccf05-4c28-42f5-aa92-67be6d940b6d for 180445ms a9e3505a-b857-4083-807b-c489e4862dfa for 180448ms
2019-09-16 21:10:57,198 [EventQueue-PipelineActionsForPipelineActionHandler] INFO  pipeline.SCMPipelineManager (SCMPipelineManager.java:finalizeAndDestroyPipeline(311)) - destroying pipeline:Pipeline[ Id: 1c222981-f753-43aa-b5f1-5176954a2aab, Nodes: 701ccf05-4c28-42f5-aa92-67be6d940b6d{ip: 192.168.69.85, host: pr-hdds-1054-8d95c-1017424488, networkLocation: /default-rack, certSerialId: null}ad2d061b-bce4-4929-94ab-c6ef8113ba3f{ip: 192.168.69.85, host: pr-hdds-1054-8d95c-1017424488, networkLocation: /default-rack, certSerialId: null}a9e3505a-b857-4083-807b-c489e4862dfa{ip: 192.168.69.85, host: pr-hdds-1054-8d95c-1017424488, networkLocation: /default-rack, certSerialId: null}, Type:RATIS, Factor:THREE, State:CLOSED]
2019-09-16 21:10:57,222 [java.util.concurrent.ThreadPoolExecutor$Worker@5d461e01[State = -1, empty queue]] WARN  server.GrpcLogAppender (GrpcLogAppender.java:timeoutAppendRequest(200)) - ad2d061b-bce4-4929-94ab-c6ef8113ba3f@group-5176954A2AAB->a9e3505a-b857-4083-807b-c489e4862dfa-GrpcLogAppender: appendEntries Timeout, request=ad2d061b-bce4-4929-94ab-c6ef8113ba3f->a9e3505a-b857-4083-807b-c489e4862dfa#90-t2, previous=(t:2, i:19), leaderCommit=12, initializing? false, entries: <empty>
2019-09-16 21:10:57,224 [ad2d061b-bce4-4929-94ab-c6ef8113ba3f@group-5176954A2AAB-SegmentedRaftLogWorker] WARN  segmented.SegmentedRaftLogWorker (SegmentedRaftLogWorker.java:getFromFuture(90)) - Timeout 17/~
org.apache.ratis.protocol.TimeoutIOException: Timeout 10s: WriteLog:14: (t:2, i:14), STATEMACHINELOGENTRY, client-37F90F3E4798, cid=25-writeStateMachineData
	at org.apache.ratis.util.IOUtils.getFromFuture(IOUtils.java:87)
	at org.apache.ratis.server.raftlog.segmented.SegmentedRaftLogWorker$StateMachineDataPolicy.getFromFuture(SegmentedRaftLogWorker.java:87)
	at org.apache.ratis.server.raftlog.segmented.SegmentedRaftLogWorker$WriteLog.execute(SegmentedRaftLogWorker.java:477)
	at org.apache.ratis.server.raftlog.segmented.SegmentedRaftLogWorker.run(SegmentedRaftLogWorker.java:289)
	at java.lang.Thread.run(Thread.java:748)
Caused by: java.util.concurrent.TimeoutException
	at java.util.concurrent.CompletableFuture.timedGet(CompletableFuture.java:1771)
	at java.util.concurrent.CompletableFuture.get(CompletableFuture.java:1915)
	at org.apache.ratis.util.IOUtils.getFromFuture(IOUtils.java:79)
	... 4 more
2019-09-16 21:10:57,224 [java.util.concurrent.ThreadPoolExecutor$Worker@a95aeed[State = -1, empty queue]] WARN  server.GrpcLogAppender (GrpcLogAppender.java:timeoutAppendRequest(200)) - ad2d061b-bce4-4929-94ab-c6ef8113ba3f@group-5176954A2AAB->701ccf05-4c28-42f5-aa92-67be6d940b6d-GrpcLogAppender: appendEntries Timeout, request=ad2d061b-bce4-4929-94ab-c6ef8113ba3f->701ccf05-4c28-42f5-aa92-67be6d940b6d#90-t2, previous=(t:2, i:19), leaderCommit=12, initializing? false, entries: <empty>
2019-09-16 21:10:57,225 [701ccf05-4c28-42f5-aa92-67be6d940b6d@group-5176954A2AAB-SegmentedRaftLogWorker] WARN  segmented.SegmentedRaftLogWorker (SegmentedRaftLogWorker.java:getFromFuture(90)) - Timeout 17/~
org.apache.ratis.protocol.TimeoutIOException: Timeout 10s: WriteLog:14: (t:2, i:14), STATEMACHINELOGENTRY, client-37F90F3E4798, cid=25-writeStateMachineData
	at org.apache.ratis.util.IOUtils.getFromFuture(IOUtils.java:87)
	at org.apache.ratis.server.raftlog.segmented.SegmentedRaftLogWorker$StateMachineDataPolicy.getFromFuture(SegmentedRaftLogWorker.java:87)
	at org.apache.ratis.server.raftlog.segmented.SegmentedRaftLogWorker$WriteLog.execute(SegmentedRaftLogWorker.java:477)
	at org.apache.ratis.server.raftlog.segmented.SegmentedRaftLogWorker.run(SegmentedRaftLogWorker.java:289)
	at java.lang.Thread.run(Thread.java:748)
Caused by: java.util.concurrent.TimeoutException
	at java.util.concurrent.CompletableFuture.timedGet(CompletableFuture.java:1771)
	at java.util.concurrent.CompletableFuture.get(CompletableFuture.java:1915)
	at org.apache.ratis.util.IOUtils.getFromFuture(IOUtils.java:79)
	... 4 more
2019-09-16 21:10:58,727 [grpc-default-executor-6] INFO  client.GrpcClientProtocolClient (GrpcClientProtocolClient.java:onNext(264)) - client-37F90F3E4798->a9e3505a-b857-4083-807b-c489e4862dfa: receive RaftClientReply:client-37F90F3E4798->a9e3505a-b857-4083-807b-c489e4862dfa@group-5176954A2AAB, cid=24, FAILED org.apache.ratis.protocol.NotLeaderException: Server a9e3505a-b857-4083-807b-c489e4862dfa@group-5176954A2AAB is not the leader ad2d061b-bce4-4929-94ab-c6ef8113ba3f:192.168.69.85:43917, logIndex=0, commits[a9e3505a-b857-4083-807b-c489e4862dfa:c12, ad2d061b-bce4-4929-94ab-c6ef8113ba3f:c12, 701ccf05-4c28-42f5-aa92-67be6d940b6d:c10]
2019-09-16 21:10:59,224 [org.apache.ratis.server.impl.LogAppender$AppenderDaemon$$Lambda$505/1255135911@12b4cd7a] ERROR ratis.XceiverServerRatis (XceiverServerRatis.java:triggerPipelineClose(568)) - pipeline Action CLOSE  on pipeline PipelineID=1c222981-f753-43aa-b5f1-5176954a2aab.Reason : ad2d061b-bce4-4929-94ab-c6ef8113ba3f has not seen follower/s 701ccf05-4c28-42f5-aa92-67be6d940b6d for 182946ms a9e3505a-b857-4083-807b-c489e4862dfa for 182948ms
2019-09-16 21:10:59,226 [org.apache.ratis.server.impl.LogAppender$AppenderDaemon$$Lambda$505/1255135911@6f115639] ERROR ratis.XceiverServerRatis (XceiverServerRatis.java:triggerPipelineClose(568)) - pipeline Action CLOSE  on pipeline PipelineID=1c222981-f753-43aa-b5f1-5176954a2aab.Reason : ad2d061b-bce4-4929-94ab-c6ef8113ba3f has not seen follower/s 701ccf05-4c28-42f5-aa92-67be6d940b6d for 182948ms a9e3505a-b857-4083-807b-c489e4862dfa for 182950ms
2019-09-16 21:10:59,723 [java.util.concurrent.ThreadPoolExecutor$Worker@5d461e01[State = -1, empty queue]] WARN  server.GrpcLogAppender (GrpcLogAppender.java:timeoutAppendRequest(200)) - ad2d061b-bce4-4929-94ab-c6ef8113ba3f@group-5176954A2AAB->a9e3505a-b857-4083-807b-c489e4862dfa-GrpcLogAppender: appendEntries Timeout, request=ad2d061b-bce4-4929-94ab-c6ef8113ba3f->a9e3505a-b857-4083-807b-c489e4862dfa#91-t2, previous=(t:2, i:19), leaderCommit=12, initializing? false, entries: <empty>
2019-09-16 21:10:59,725 [java.util.concurrent.ThreadPoolExecutor$Worker@a95aeed[State = -1, empty queue]] WARN  server.GrpcLogAppender (GrpcLogAppender.java:timeoutAppendRequest(200)) - ad2d061b-bce4-4929-94ab-c6ef8113ba3f@group-5176954A2AAB->701ccf05-4c28-42f5-aa92-67be6d940b6d-GrpcLogAppender: appendEntries Timeout, request=ad2d061b-bce4-4929-94ab-c6ef8113ba3f->701ccf05-4c28-42f5-aa92-67be6d940b6d#91-t2, previous=(t:2, i:19), leaderCommit=12, initializing? false, entries: <empty>
2019-09-16 21:11:00,199 [EventQueue-PipelineActionsForPipelineActionHandler] ERROR pipeline.PipelineActionHandler (PipelineActionHandler.java:onMessage(60)) - Received pipeline action CLOSE for Pipeline[ Id: 1c222981-f753-43aa-b5f1-5176954a2aab, Nodes: 701ccf05-4c28-42f5-aa92-67be6d940b6d{ip: 192.168.69.85, host: pr-hdds-1054-8d95c-1017424488, networkLocation: /default-rack, certSerialId: null}ad2d061b-bce4-4929-94ab-c6ef8113ba3f{ip: 192.168.69.85, host: pr-hdds-1054-8d95c-1017424488, networkLocation: /default-rack, certSerialId: null}a9e3505a-b857-4083-807b-c489e4862dfa{ip: 192.168.69.85, host: pr-hdds-1054-8d95c-1017424488, networkLocation: /default-rack, certSerialId: null}, Type:RATIS, Factor:THREE, State:CLOSED] from datanode ad2d061b-bce4-4929-94ab-c6ef8113ba3f{ip: 192.168.69.85, host: pr-hdds-1054-8d95c-1017424488, networkLocation: /default-rack, certSerialId: null}. Reason : ad2d061b-bce4-4929-94ab-c6ef8113ba3f has not seen follower/s 701ccf05-4c28-42f5-aa92-67be6d940b6d for 182946ms a9e3505a-b857-4083-807b-c489e4862dfa for 182948ms
2019-09-16 21:11:00,199 [EventQueue-PipelineActionsForPipelineActionHandler] INFO  pipeline.SCMPipelineManager (SCMPipelineManager.java:finalizeAndDestroyPipeline(311)) - destroying pipeline:Pipeline[ Id: 1c222981-f753-43aa-b5f1-5176954a2aab, Nodes: 701ccf05-4c28-42f5-aa92-67be6d940b6d{ip: 192.168.69.85, host: pr-hdds-1054-8d95c-1017424488, networkLocation: /default-rack, certSerialId: null}ad2d061b-bce4-4929-94ab-c6ef8113ba3f{ip: 192.168.69.85, host: pr-hdds-1054-8d95c-1017424488, networkLocation: /default-rack, certSerialId: null}a9e3505a-b857-4083-807b-c489e4862dfa{ip: 192.168.69.85, host: pr-hdds-1054-8d95c-1017424488, networkLocation: /default-rack, certSerialId: null}, Type:RATIS, Factor:THREE, State:CLOSED]
2019-09-16 21:11:01,726 [org.apache.ratis.server.impl.LogAppender$AppenderDaemon$$Lambda$505/1255135911@12b4cd7a] ERROR ratis.XceiverServerRatis (XceiverServerRatis.java:triggerPipelineClose(568)) - pipeline Action CLOSE  on pipeline PipelineID=1c222981-f753-43aa-b5f1-5176954a2aab.Reason : ad2d061b-bce4-4929-94ab-c6ef8113ba3f has not seen follower/s 701ccf05-4c28-42f5-aa92-67be6d940b6d for 185448ms a9e3505a-b857-4083-807b-c489e4862dfa for 185450ms
2019-09-16 21:11:01,726 [org.apache.ratis.server.impl.LogAppender$AppenderDaemon$$Lambda$505/1255135911@6f115639] ERROR ratis.XceiverServerRatis (XceiverServerRatis.java:triggerPipelineClose(568)) - pipeline Action CLOSE  on pipeline PipelineID=1c222981-f753-43aa-b5f1-5176954a2aab.Reason : ad2d061b-bce4-4929-94ab-c6ef8113ba3f has not seen follower/s 701ccf05-4c28-42f5-aa92-67be6d940b6d for 185448ms a9e3505a-b857-4083-807b-c489e4862dfa for 185451ms
2019-09-16 21:11:02,198 [EventQueue-PipelineActionsForPipelineActionHandler] ERROR pipeline.PipelineActionHandler (PipelineActionHandler.java:onMessage(60)) - Received pipeline action CLOSE for Pipeline[ Id: 1c222981-f753-43aa-b5f1-5176954a2aab, Nodes: 701ccf05-4c28-42f5-aa92-67be6d940b6d{ip: 192.168.69.85, host: pr-hdds-1054-8d95c-1017424488, networkLocation: /default-rack, certSerialId: null}ad2d061b-bce4-4929-94ab-c6ef8113ba3f{ip: 192.168.69.85, host: pr-hdds-1054-8d95c-1017424488, networkLocation: /default-rack, certSerialId: null}a9e3505a-b857-4083-807b-c489e4862dfa{ip: 192.168.69.85, host: pr-hdds-1054-8d95c-1017424488, networkLocation: /default-rack, certSerialId: null}, Type:RATIS, Factor:THREE, State:CLOSED] from datanode ad2d061b-bce4-4929-94ab-c6ef8113ba3f{ip: 192.168.69.85, host: pr-hdds-1054-8d95c-1017424488, networkLocation: /default-rack, certSerialId: null}. Reason : ad2d061b-bce4-4929-94ab-c6ef8113ba3f has not seen follower/s 701ccf05-4c28-42f5-aa92-67be6d940b6d for 185448ms a9e3505a-b857-4083-807b-c489e4862dfa for 185450ms
2019-09-16 21:11:02,199 [EventQueue-PipelineActionsForPipelineActionHandler] INFO  pipeline.SCMPipelineManager (SCMPipelineManager.java:finalizeAndDestroyPipeline(311)) - destroying pipeline:Pipeline[ Id: 1c222981-f753-43aa-b5f1-5176954a2aab, Nodes: 701ccf05-4c28-42f5-aa92-67be6d940b6d{ip: 192.168.69.85, host: pr-hdds-1054-8d95c-1017424488, networkLocation: /default-rack, certSerialId: null}ad2d061b-bce4-4929-94ab-c6ef8113ba3f{ip: 192.168.69.85, host: pr-hdds-1054-8d95c-1017424488, networkLocation: /default-rack, certSerialId: null}a9e3505a-b857-4083-807b-c489e4862dfa{ip: 192.168.69.85, host: pr-hdds-1054-8d95c-1017424488, networkLocation: /default-rack, certSerialId: null}, Type:RATIS, Factor:THREE, State:CLOSED]
2019-09-16 21:11:02,224 [java.util.concurrent.ThreadPoolExecutor$Worker@5d461e01[State = -1, empty queue]] WARN  server.GrpcLogAppender (GrpcLogAppender.java:timeoutAppendRequest(200)) - ad2d061b-bce4-4929-94ab-c6ef8113ba3f@group-5176954A2AAB->a9e3505a-b857-4083-807b-c489e4862dfa-GrpcLogAppender: appendEntries Timeout, request=ad2d061b-bce4-4929-94ab-c6ef8113ba3f->a9e3505a-b857-4083-807b-c489e4862dfa#92-t2, previous=(t:2, i:19), leaderCommit=12, initializing? false, entries: <empty>
2019-09-16 21:11:02,226 [java.util.concurrent.ThreadPoolExecutor$Worker@a95aeed[State = -1, empty queue]] WARN  server.GrpcLogAppender (GrpcLogAppender.java:timeoutAppendRequest(200)) - ad2d061b-bce4-4929-94ab-c6ef8113ba3f@group-5176954A2AAB->701ccf05-4c28-42f5-aa92-67be6d940b6d-GrpcLogAppender: appendEntries Timeout, request=ad2d061b-bce4-4929-94ab-c6ef8113ba3f->701ccf05-4c28-42f5-aa92-67be6d940b6d#92-t2, previous=(t:2, i:19), leaderCommit=12, initializing? false, entries: <empty>
2019-09-16 21:11:03,208 [grpc-default-executor-6] INFO  impl.RaftServerProxy (RaftServerProxy.java:remove(95)) - 701ccf05-4c28-42f5-aa92-67be6d940b6d: remove  FOLLOWER 701ccf05-4c28-42f5-aa92-67be6d940b6d@group-5176954A2AAB:t2, leader=ad2d061b-bce4-4929-94ab-c6ef8113ba3f, voted=ad2d061b-bce4-4929-94ab-c6ef8113ba3f, raftlog=701ccf05-4c28-42f5-aa92-67be6d940b6d@group-5176954A2AAB-SegmentedRaftLog:OPENED:c12,f12,i19, conf=0: [ad2d061b-bce4-4929-94ab-c6ef8113ba3f:192.168.69.85:43917, 701ccf05-4c28-42f5-aa92-67be6d940b6d:192.168.69.85:36099, a9e3505a-b857-4083-807b-c489e4862dfa:192.168.69.85:41188], old=null RUNNING
2019-09-16 21:11:03,215 [grpc-default-executor-6] INFO  impl.RaftServerImpl (RaftServerImpl.java:lambda$shutdown$3(251)) - 701ccf05-4c28-42f5-aa92-67be6d940b6d@group-5176954A2AAB: shutdown
2019-09-16 21:11:03,216 [grpc-default-executor-6] INFO  util.JmxRegister (JmxRegister.java:unregister(73)) - Successfully un-registered JMX Bean with object name Ratis:service=RaftServer,group=group-5176954A2AAB,id=701ccf05-4c28-42f5-aa92-67be6d940b6d
2019-09-16 21:11:03,216 [grpc-default-executor-6] INFO  impl.RoleInfo (RoleInfo.java:shutdownFollowerState(121)) - 701ccf05-4c28-42f5-aa92-67be6d940b6d: shutdown FollowerState
2019-09-16 21:11:03,217 [grpc-default-executor-6] INFO  impl.StateMachineUpdater (StateMachineUpdater.java:stopAndJoin(125)) - 701ccf05-4c28-42f5-aa92-67be6d940b6d@group-5176954A2AAB-StateMachineUpdater: set stopIndex = 12
2019-09-16 21:11:03,217 [Thread-348] INFO  impl.FollowerState (FollowerState.java:run(115)) - 701ccf05-4c28-42f5-aa92-67be6d940b6d: FollowerState was interrupted: java.lang.InterruptedException: sleep interrupted
2019-09-16 21:11:03,217 [701ccf05-4c28-42f5-aa92-67be6d940b6d@group-5176954A2AAB-StateMachineUpdater] INFO  ratis.ContainerStateMachine (ContainerStateMachine.java:takeSnapshot(289)) - group-5176954A2AAB: Taking a snapshot at:(t:2, i:10) file /workdir/hadoop-ozone/integration-test/target/test-dir/MiniOzoneClusterImpl-63b0d747-82b3-46ce-b4ba-fc0c669e0279/datanode-3/data/ratis/1c222981-f753-43aa-b5f1-5176954a2aab/sm/snapshot.2_10
2019-09-16 21:11:03,258 [701ccf05-4c28-42f5-aa92-67be6d940b6d@group-5176954A2AAB-StateMachineUpdater] INFO  ratis.ContainerStateMachine (ContainerStateMachine.java:takeSnapshot(300)) - group-5176954A2AAB: Finished taking a snapshot at:(t:2, i:10) file:/workdir/hadoop-ozone/integration-test/target/test-dir/MiniOzoneClusterImpl-63b0d747-82b3-46ce-b4ba-fc0c669e0279/datanode-3/data/ratis/1c222981-f753-43aa-b5f1-5176954a2aab/sm/snapshot.2_10 time:40
2019-09-16 21:11:03,258 [701ccf05-4c28-42f5-aa92-67be6d940b6d@group-5176954A2AAB-StateMachineUpdater] INFO  impl.StateMachineUpdater (StateMachineUpdater.java:takeSnapshot(258)) - 701ccf05-4c28-42f5-aa92-67be6d940b6d@group-5176954A2AAB-StateMachineUpdater: Took a snapshot at index 10
2019-09-16 21:11:03,261 [701ccf05-4c28-42f5-aa92-67be6d940b6d@group-5176954A2AAB-StateMachineUpdater] INFO  impl.StateMachineUpdater (StateMachineUpdater.java:lambda$new$0(83)) - 701ccf05-4c28-42f5-aa92-67be6d940b6d@group-5176954A2AAB-StateMachineUpdater: snapshotIndex: updateIncreasingly -1 -> 10
2019-09-16 21:11:03,268 [701ccf05-4c28-42f5-aa92-67be6d940b6d@group-5176954A2AAB-StateMachineUpdater] INFO  ratis.ContainerStateMachine (ContainerStateMachine.java:takeSnapshot(289)) - group-5176954A2AAB: Taking a snapshot at:(t:2, i:10) file /workdir/hadoop-ozone/integration-test/target/test-dir/MiniOzoneClusterImpl-63b0d747-82b3-46ce-b4ba-fc0c669e0279/datanode-3/data/ratis/1c222981-f753-43aa-b5f1-5176954a2aab/sm/snapshot.2_10
2019-09-16 21:11:03,281 [701ccf05-4c28-42f5-aa92-67be6d940b6d@group-5176954A2AAB-StateMachineUpdater] INFO  ratis.ContainerStateMachine (ContainerStateMachine.java:takeSnapshot(300)) - group-5176954A2AAB: Finished taking a snapshot at:(t:2, i:10) file:/workdir/hadoop-ozone/integration-test/target/test-dir/MiniOzoneClusterImpl-63b0d747-82b3-46ce-b4ba-fc0c669e0279/datanode-3/data/ratis/1c222981-f753-43aa-b5f1-5176954a2aab/sm/snapshot.2_10 time:13
2019-09-16 21:11:03,281 [701ccf05-4c28-42f5-aa92-67be6d940b6d@group-5176954A2AAB-StateMachineUpdater] INFO  impl.StateMachineUpdater (StateMachineUpdater.java:takeSnapshot(258)) - 701ccf05-4c28-42f5-aa92-67be6d940b6d@group-5176954A2AAB-StateMachineUpdater: Took a snapshot at index 10
2019-09-16 21:11:03,281 [701ccf05-4c28-42f5-aa92-67be6d940b6d@group-5176954A2AAB-StateMachineUpdater] INFO  impl.StateMachineUpdater (StateMachineUpdater.java:lambda$new$0(83)) - 701ccf05-4c28-42f5-aa92-67be6d940b6d@group-5176954A2AAB-StateMachineUpdater: snapshotIndex: updateIncreasingly 10 -> 10
2019-09-16 21:11:03,282 [grpc-default-executor-6] INFO  impl.RaftServerImpl (ServerState.java:close(385)) - 701ccf05-4c28-42f5-aa92-67be6d940b6d@group-5176954A2AAB: closes. applyIndex: 12
2019-09-16 21:11:03,286 [701ccf05-4c28-42f5-aa92-67be6d940b6d@group-5176954A2AAB-SegmentedRaftLogWorker] ERROR ratis.XceiverServerRatis (XceiverServerRatis.java:triggerPipelineClose(568)) - pipeline Action CLOSE  on pipeline PipelineID=1c222981-f753-43aa-b5f1-5176954a2aab.Reason : WriteLog:14: (t:2, i:14), STATEMACHINELOGENTRY, client-37F90F3E4798, cid=25-writeStateMachineData interrupted.
2019-09-16 21:11:03,289 [EventQueue-PipelineActionsForPipelineActionHandler] ERROR pipeline.PipelineActionHandler (PipelineActionHandler.java:onMessage(60)) - Received pipeline action CLOSE for Pipeline[ Id: 1c222981-f753-43aa-b5f1-5176954a2aab, Nodes: 701ccf05-4c28-42f5-aa92-67be6d940b6d{ip: 192.168.69.85, host: pr-hdds-1054-8d95c-1017424488, networkLocation: /default-rack, certSerialId: null}ad2d061b-bce4-4929-94ab-c6ef8113ba3f{ip: 192.168.69.85, host: pr-hdds-1054-8d95c-1017424488, networkLocation: /default-rack, certSerialId: null}a9e3505a-b857-4083-807b-c489e4862dfa{ip: 192.168.69.85, host: pr-hdds-1054-8d95c-1017424488, networkLocation: /default-rack, certSerialId: null}, Type:RATIS, Factor:THREE, State:CLOSED] from datanode 701ccf05-4c28-42f5-aa92-67be6d940b6d{ip: 192.168.69.85, host: pr-hdds-1054-8d95c-1017424488, networkLocation: /default-rack, certSerialId: null}. Reason : WriteLog:14: (t:2, i:14), STATEMACHINELOGENTRY, client-37F90F3E4798, cid=25-writeStateMachineData interrupted.
2019-09-16 21:11:03,290 [EventQueue-PipelineActionsForPipelineActionHandler] INFO  pipeline.SCMPipelineManager (SCMPipelineManager.java:finalizeAndDestroyPipeline(311)) - destroying pipeline:Pipeline[ Id: 1c222981-f753-43aa-b5f1-5176954a2aab, Nodes: 701ccf05-4c28-42f5-aa92-67be6d940b6d{ip: 192.168.69.85, host: pr-hdds-1054-8d95c-1017424488, networkLocation: /default-rack, certSerialId: null}ad2d061b-bce4-4929-94ab-c6ef8113ba3f{ip: 192.168.69.85, host: pr-hdds-1054-8d95c-1017424488, networkLocation: /default-rack, certSerialId: null}a9e3505a-b857-4083-807b-c489e4862dfa{ip: 192.168.69.85, host: pr-hdds-1054-8d95c-1017424488, networkLocation: /default-rack, certSerialId: null}, Type:RATIS, Factor:THREE, State:CLOSED]
2019-09-16 21:11:03,300 [grpc-default-executor-6] INFO  segmented.SegmentedRaftLogWorker (SegmentedRaftLogWorker.java:close(228)) - 701ccf05-4c28-42f5-aa92-67be6d940b6d@group-5176954A2AAB-SegmentedRaftLogWorker close()
2019-09-16 21:11:03,322 [grpc-default-executor-6] INFO  interfaces.Container (KeyValueContainer.java:flushAndSyncDB(386)) - Container 1 is synced with bcsId 4.
2019-09-16 21:11:03,323 [grpc-default-executor-6] INFO  interfaces.Container (KeyValueContainer.java:flushAndSyncDB(386)) - Container 1 is synced with bcsId 4.
2019-09-16 21:11:03,342 [EventQueue-IncrementalContainerReportForIncrementalContainerReportHandler] INFO  container.IncrementalContainerReportHandler (AbstractContainerReportHandler.java:updateContainerState(169)) - Moving container #1 to QUASI_CLOSED state, datanode 701ccf05-4c28-42f5-aa92-67be6d940b6d{ip: 192.168.69.85, host: pr-hdds-1054-8d95c-1017424488, networkLocation: /default-rack, certSerialId: null} reported QUASI_CLOSED replica.
2019-09-16 21:11:03,352 [grpc-default-executor-6] INFO  interfaces.Container (KeyValueContainer.java:flushAndSyncDB(386)) - Container 3 is synced with bcsId 10.
2019-09-16 21:11:03,352 [grpc-default-executor-6] INFO  interfaces.Container (KeyValueContainer.java:flushAndSyncDB(386)) - Container 3 is synced with bcsId 10.
2019-09-16 21:11:03,368 [EventQueue-IncrementalContainerReportForIncrementalContainerReportHandler] INFO  container.IncrementalContainerReportHandler (AbstractContainerReportHandler.java:updateContainerState(169)) - Moving container #3 to QUASI_CLOSED state, datanode 701ccf05-4c28-42f5-aa92-67be6d940b6d{ip: 192.168.69.85, host: pr-hdds-1054-8d95c-1017424488, networkLocation: /default-rack, certSerialId: null} reported QUASI_CLOSED replica.
2019-09-16 21:11:03,411 [grpc-default-executor-6] INFO  interfaces.Container (KeyValueContainer.java:flushAndSyncDB(386)) - Container 4 is synced with bcsId 0.
2019-09-16 21:11:03,411 [grpc-default-executor-6] INFO  interfaces.Container (KeyValueContainer.java:flushAndSyncDB(386)) - Container 4 is synced with bcsId 0.
2019-09-16 21:11:03,419 [EventQueue-IncrementalContainerReportForIncrementalContainerReportHandler] INFO  container.IncrementalContainerReportHandler (AbstractContainerReportHandler.java:updateContainerState(169)) - Moving container #4 to QUASI_CLOSED state, datanode 701ccf05-4c28-42f5-aa92-67be6d940b6d{ip: 192.168.69.85, host: pr-hdds-1054-8d95c-1017424488, networkLocation: /default-rack, certSerialId: null} reported QUASI_CLOSED replica.
2019-09-16 21:11:03,427 [grpc-default-executor-6] INFO  impl.RaftServerProxy (RaftServerProxy.java:remove(95)) - ad2d061b-bce4-4929-94ab-c6ef8113ba3f: remove    LEADER ad2d061b-bce4-4929-94ab-c6ef8113ba3f@group-5176954A2AAB:t2, leader=ad2d061b-bce4-4929-94ab-c6ef8113ba3f, voted=ad2d061b-bce4-4929-94ab-c6ef8113ba3f, raftlog=ad2d061b-bce4-4929-94ab-c6ef8113ba3f@group-5176954A2AAB-SegmentedRaftLog:OPENED:c12,f12,i19, conf=0: [ad2d061b-bce4-4929-94ab-c6ef8113ba3f:192.168.69.85:43917, 701ccf05-4c28-42f5-aa92-67be6d940b6d:192.168.69.85:36099, a9e3505a-b857-4083-807b-c489e4862dfa:192.168.69.85:41188], old=null RUNNING
2019-09-16 21:11:03,428 [grpc-default-executor-6] INFO  impl.RaftServerImpl (RaftServerImpl.java:lambda$shutdown$3(251)) - ad2d061b-bce4-4929-94ab-c6ef8113ba3f@group-5176954A2AAB: shutdown
2019-09-16 21:11:03,428 [grpc-default-executor-6] INFO  util.JmxRegister (JmxRegister.java:unregister(73)) - Successfully un-registered JMX Bean with object name Ratis:service=RaftServer,group=group-5176954A2AAB,id=ad2d061b-bce4-4929-94ab-c6ef8113ba3f
2019-09-16 21:11:03,429 [grpc-default-executor-6] INFO  impl.RoleInfo (RoleInfo.java:shutdownLeaderState(104)) - ad2d061b-bce4-4929-94ab-c6ef8113ba3f: shutdown LeaderState
2019-09-16 21:11:03,437 [grpc-default-executor-6] INFO  impl.PendingRequests (PendingRequests.java:sendNotLeaderResponses(202)) - ad2d061b-bce4-4929-94ab-c6ef8113ba3f-PendingRequests: sendNotLeaderResponses
2019-09-16 21:11:03,439 [org.apache.ratis.server.impl.LogAppender$AppenderDaemon$$Lambda$505/1255135911@12b4cd7a] WARN  server.GrpcLogAppender (GrpcLogAppender.java:mayWait(143)) - ad2d061b-bce4-4929-94ab-c6ef8113ba3f@group-5176954A2AAB->a9e3505a-b857-4083-807b-c489e4862dfa-GrpcLogAppender: Wait interrupted by java.lang.InterruptedException
2019-09-16 21:11:03,439 [org.apache.ratis.server.impl.LogAppender$AppenderDaemon$$Lambda$505/1255135911@6f115639] WARN  server.GrpcLogAppender (GrpcLogAppender.java:mayWait(143)) - ad2d061b-bce4-4929-94ab-c6ef8113ba3f@group-5176954A2AAB->701ccf05-4c28-42f5-aa92-67be6d940b6d-GrpcLogAppender: Wait interrupted by java.lang.InterruptedException
2019-09-16 21:11:03,440 [grpc-default-executor-2] INFO  server.GrpcServerProtocolService (GrpcServerProtocolService.java:onCompleted(113)) - a9e3505a-b857-4083-807b-c489e4862dfa: Completed APPEND_ENTRIES, lastRequest: ad2d061b-bce4-4929-94ab-c6ef8113ba3f->a9e3505a-b857-4083-807b-c489e4862dfa#93-t2, previous=(t:2, i:19), leaderCommit=12, initializing? false, entries: <empty>
2019-09-16 21:11:03,443 [grpc-default-executor-6] INFO  impl.StateMachineUpdater (StateMachineUpdater.java:stopAndJoin(125)) - ad2d061b-bce4-4929-94ab-c6ef8113ba3f@group-5176954A2AAB-StateMachineUpdater: set stopIndex = 12
2019-09-16 21:11:03,443 [ad2d061b-bce4-4929-94ab-c6ef8113ba3f@group-5176954A2AAB-StateMachineUpdater] INFO  ratis.ContainerStateMachine (ContainerStateMachine.java:takeSnapshot(289)) - group-5176954A2AAB: Taking a snapshot at:(t:2, i:12) file /workdir/hadoop-ozone/integration-test/target/test-dir/MiniOzoneClusterImpl-63b0d747-82b3-46ce-b4ba-fc0c669e0279/datanode-0/data/ratis/1c222981-f753-43aa-b5f1-5176954a2aab/sm/snapshot.2_12
2019-09-16 21:11:03,443 [grpc-default-executor-7] INFO  server.GrpcServerProtocolService (GrpcServerProtocolService.java:onCompleted(113)) - 701ccf05-4c28-42f5-aa92-67be6d940b6d: Completed APPEND_ENTRIES, lastRequest: ad2d061b-bce4-4929-94ab-c6ef8113ba3f->701ccf05-4c28-42f5-aa92-67be6d940b6d#93-t2, previous=(t:2, i:19), leaderCommit=12, initializing? false, entries: <empty>
2019-09-16 21:11:03,443 [grpc-default-executor-2] INFO  server.GrpcLogAppender (GrpcLogAppender.java:onCompleted(293)) - ad2d061b-bce4-4929-94ab-c6ef8113ba3f@group-5176954A2AAB->a9e3505a-b857-4083-807b-c489e4862dfa-AppendLogResponseHandler: follower responses appendEntries COMPLETED
2019-09-16 21:11:03,444 [grpc-default-executor-2] INFO  impl.FollowerInfo (FollowerInfo.java:lambda$new$0(51)) - ad2d061b-bce4-4929-94ab-c6ef8113ba3f@group-5176954A2AAB->a9e3505a-b857-4083-807b-c489e4862dfa: nextIndex: updateUnconditionally 20 -> 13
2019-09-16 21:11:03,445 [grpc-default-executor-8] INFO  server.GrpcLogAppender (GrpcLogAppender.java:onCompleted(293)) - ad2d061b-bce4-4929-94ab-c6ef8113ba3f@group-5176954A2AAB->701ccf05-4c28-42f5-aa92-67be6d940b6d-AppendLogResponseHandler: follower responses appendEntries COMPLETED
2019-09-16 21:11:03,445 [grpc-default-executor-8] INFO  impl.FollowerInfo (FollowerInfo.java:lambda$new$0(51)) - ad2d061b-bce4-4929-94ab-c6ef8113ba3f@group-5176954A2AAB->701ccf05-4c28-42f5-aa92-67be6d940b6d: nextIndex: updateUnconditionally 20 -> 13
2019-09-16 21:11:03,466 [ad2d061b-bce4-4929-94ab-c6ef8113ba3f@group-5176954A2AAB-StateMachineUpdater] INFO  ratis.ContainerStateMachine (ContainerStateMachine.java:takeSnapshot(300)) - group-5176954A2AAB: Finished taking a snapshot at:(t:2, i:12) file:/workdir/hadoop-ozone/integration-test/target/test-dir/MiniOzoneClusterImpl-63b0d747-82b3-46ce-b4ba-fc0c669e0279/datanode-0/data/ratis/1c222981-f753-43aa-b5f1-5176954a2aab/sm/snapshot.2_12 time:22
2019-09-16 21:11:03,466 [ad2d061b-bce4-4929-94ab-c6ef8113ba3f@group-5176954A2AAB-StateMachineUpdater] INFO  impl.StateMachineUpdater (StateMachineUpdater.java:takeSnapshot(258)) - ad2d061b-bce4-4929-94ab-c6ef8113ba3f@group-5176954A2AAB-StateMachineUpdater: Took a snapshot at index 12
2019-09-16 21:11:03,466 [ad2d061b-bce4-4929-94ab-c6ef8113ba3f@group-5176954A2AAB-StateMachineUpdater] INFO  impl.StateMachineUpdater (StateMachineUpdater.java:lambda$new$0(83)) - ad2d061b-bce4-4929-94ab-c6ef8113ba3f@group-5176954A2AAB-StateMachineUpdater: snapshotIndex: updateIncreasingly -1 -> 12
2019-09-16 21:11:03,466 [grpc-default-executor-6] INFO  impl.RaftServerImpl (ServerState.java:close(385)) - ad2d061b-bce4-4929-94ab-c6ef8113ba3f@group-5176954A2AAB: closes. applyIndex: 12
2019-09-16 21:11:03,467 [Command processor thread] ERROR commandhandler.CloseContainerCommandHandler (CloseContainerCommandHandler.java:handle(125)) - Can't close container #3
java.io.IOException: org.apache.ratis.protocol.GroupMismatchException: ad2d061b-bce4-4929-94ab-c6ef8113ba3f: group-5176954A2AAB not found.
	at org.apache.hadoop.ozone.container.common.transport.server.ratis.XceiverServerRatis.submitRequest(XceiverServerRatis.java:495)
	at org.apache.hadoop.ozone.container.common.statemachine.commandhandler.CloseContainerCommandHandler.handle(CloseContainerCommandHandler.java:102)
	at org.apache.hadoop.ozone.container.common.statemachine.commandhandler.CommandDispatcher.handle(CommandDispatcher.java:99)
	at org.apache.hadoop.ozone.container.common.statemachine.DatanodeStateMachine.lambda$initCommandHandlerThread$1(DatanodeStateMachine.java:432)
	at java.lang.Thread.run(Thread.java:748)
Caused by: java.util.concurrent.ExecutionException: org.apache.ratis.protocol.GroupMismatchException: ad2d061b-bce4-4929-94ab-c6ef8113ba3f: group-5176954A2AAB not found.
	at java.util.concurrent.CompletableFuture.reportGet(CompletableFuture.java:357)
	at java.util.concurrent.CompletableFuture.get(CompletableFuture.java:1895)
	at org.apache.hadoop.ozone.container.common.transport.server.ratis.XceiverServerRatis.submitRequest(XceiverServerRatis.java:493)
	... 4 more
Caused by: org.apache.ratis.protocol.GroupMismatchException: ad2d061b-bce4-4929-94ab-c6ef8113ba3f: group-5176954A2AAB not found.
	at org.apache.ratis.server.impl.RaftServerProxy$ImplMap.get(RaftServerProxy.java:122)
	at org.apache.ratis.server.impl.RaftServerProxy.getImplFuture(RaftServerProxy.java:269)
	at org.apache.ratis.server.impl.RaftServerProxy.submitRequest(RaftServerProxy.java:327)
	at org.apache.ratis.server.impl.RaftServerProxy.submitClientRequestAsync(RaftServerProxy.java:333)
	... 5 more
2019-09-16 21:11:03,467 [ad2d061b-bce4-4929-94ab-c6ef8113ba3f@group-5176954A2AAB-SegmentedRaftLogWorker] ERROR ratis.XceiverServerRatis (XceiverServerRatis.java:triggerPipelineClose(568)) - pipeline Action CLOSE  on pipeline PipelineID=1c222981-f753-43aa-b5f1-5176954a2aab.Reason : WriteLog:14: (t:2, i:14), STATEMACHINELOGENTRY, client-37F90F3E4798, cid=25-writeStateMachineData interrupted.
2019-09-16 21:11:03,470 [EventQueue-PipelineActionsForPipelineActionHandler] ERROR pipeline.PipelineActionHandler (PipelineActionHandler.java:onMessage(60)) - Received pipeline action CLOSE for Pipeline[ Id: 1c222981-f753-43aa-b5f1-5176954a2aab, Nodes: 701ccf05-4c28-42f5-aa92-67be6d940b6d{ip: 192.168.69.85, host: pr-hdds-1054-8d95c-1017424488, networkLocation: /default-rack, certSerialId: null}ad2d061b-bce4-4929-94ab-c6ef8113ba3f{ip: 192.168.69.85, host: pr-hdds-1054-8d95c-1017424488, networkLocation: /default-rack, certSerialId: null}a9e3505a-b857-4083-807b-c489e4862dfa{ip: 192.168.69.85, host: pr-hdds-1054-8d95c-1017424488, networkLocation: /default-rack, certSerialId: null}, Type:RATIS, Factor:THREE, State:CLOSED] from datanode ad2d061b-bce4-4929-94ab-c6ef8113ba3f{ip: 192.168.69.85, host: pr-hdds-1054-8d95c-1017424488, networkLocation: /default-rack, certSerialId: null}. Reason : WriteLog:14: (t:2, i:14), STATEMACHINELOGENTRY, client-37F90F3E4798, cid=25-writeStateMachineData interrupted.
2019-09-16 21:11:03,470 [EventQueue-PipelineActionsForPipelineActionHandler] INFO  pipeline.SCMPipelineManager (SCMPipelineManager.java:finalizeAndDestroyPipeline(311)) - destroying pipeline:Pipeline[ Id: 1c222981-f753-43aa-b5f1-5176954a2aab, Nodes: 701ccf05-4c28-42f5-aa92-67be6d940b6d{ip: 192.168.69.85, host: pr-hdds-1054-8d95c-1017424488, networkLocation: /default-rack, certSerialId: null}ad2d061b-bce4-4929-94ab-c6ef8113ba3f{ip: 192.168.69.85, host: pr-hdds-1054-8d95c-1017424488, networkLocation: /default-rack, certSerialId: null}a9e3505a-b857-4083-807b-c489e4862dfa{ip: 192.168.69.85, host: pr-hdds-1054-8d95c-1017424488, networkLocation: /default-rack, certSerialId: null}, Type:RATIS, Factor:THREE, State:CLOSED]
2019-09-16 21:11:03,472 [grpc-default-executor-6] INFO  segmented.SegmentedRaftLogWorker (SegmentedRaftLogWorker.java:close(228)) - ad2d061b-bce4-4929-94ab-c6ef8113ba3f@group-5176954A2AAB-SegmentedRaftLogWorker close()
2019-09-16 21:11:03,477 [grpc-default-executor-6] INFO  interfaces.Container (KeyValueContainer.java:flushAndSyncDB(386)) - Container 1 is synced with bcsId 4.
2019-09-16 21:11:03,478 [grpc-default-executor-6] INFO  interfaces.Container (KeyValueContainer.java:flushAndSyncDB(386)) - Container 1 is synced with bcsId 4.
2019-09-16 21:11:03,488 [grpc-default-executor-6] INFO  interfaces.Container (KeyValueContainer.java:flushAndSyncDB(386)) - Container 3 is synced with bcsId 10.
2019-09-16 21:11:03,488 [grpc-default-executor-6] INFO  interfaces.Container (KeyValueContainer.java:flushAndSyncDB(386)) - Container 3 is synced with bcsId 10.
2019-09-16 21:11:03,500 [grpc-default-executor-6] INFO  impl.RaftServerProxy (RaftServerProxy.java:remove(95)) - a9e3505a-b857-4083-807b-c489e4862dfa: remove  FOLLOWER a9e3505a-b857-4083-807b-c489e4862dfa@group-5176954A2AAB:t2, leader=ad2d061b-bce4-4929-94ab-c6ef8113ba3f, voted=ad2d061b-bce4-4929-94ab-c6ef8113ba3f, raftlog=a9e3505a-b857-4083-807b-c489e4862dfa@group-5176954A2AAB-SegmentedRaftLog:OPENED:c12,f12,i19, conf=0: [ad2d061b-bce4-4929-94ab-c6ef8113ba3f:192.168.69.85:43917, 701ccf05-4c28-42f5-aa92-67be6d940b6d:192.168.69.85:36099, a9e3505a-b857-4083-807b-c489e4862dfa:192.168.69.85:41188], old=null RUNNING
2019-09-16 21:11:03,500 [grpc-default-executor-6] INFO  impl.RaftServerImpl (RaftServerImpl.java:lambda$shutdown$3(251)) - a9e3505a-b857-4083-807b-c489e4862dfa@group-5176954A2AAB: shutdown
2019-09-16 21:11:03,500 [grpc-default-executor-6] INFO  util.JmxRegister (JmxRegister.java:unregister(73)) - Successfully un-registered JMX Bean with object name Ratis:service=RaftServer,group=group-5176954A2AAB,id=a9e3505a-b857-4083-807b-c489e4862dfa
2019-09-16 21:11:03,501 [grpc-default-executor-6] INFO  impl.RoleInfo (RoleInfo.java:shutdownFollowerState(121)) - a9e3505a-b857-4083-807b-c489e4862dfa: shutdown FollowerState
2019-09-16 21:11:03,501 [grpc-default-executor-6] INFO  impl.StateMachineUpdater (StateMachineUpdater.java:stopAndJoin(125)) - a9e3505a-b857-4083-807b-c489e4862dfa@group-5176954A2AAB-StateMachineUpdater: set stopIndex = 12
2019-09-16 21:11:03,501 [Thread-349] INFO  impl.FollowerState (FollowerState.java:run(115)) - a9e3505a-b857-4083-807b-c489e4862dfa: FollowerState was interrupted: java.lang.InterruptedException: sleep interrupted
2019-09-16 21:11:03,501 [a9e3505a-b857-4083-807b-c489e4862dfa@group-5176954A2AAB-StateMachineUpdater] INFO  ratis.ContainerStateMachine (ContainerStateMachine.java:takeSnapshot(289)) - group-5176954A2AAB: Taking a snapshot at:(t:2, i:10) file /workdir/hadoop-ozone/integration-test/target/test-dir/MiniOzoneClusterImpl-63b0d747-82b3-46ce-b4ba-fc0c669e0279/datanode-1/data/ratis/1c222981-f753-43aa-b5f1-5176954a2aab/sm/snapshot.2_10
2019-09-16 21:11:03,516 [a9e3505a-b857-4083-807b-c489e4862dfa@group-5176954A2AAB-StateMachineUpdater] INFO  ratis.ContainerStateMachine (ContainerStateMachine.java:takeSnapshot(300)) - group-5176954A2AAB: Finished taking a snapshot at:(t:2, i:10) file:/workdir/hadoop-ozone/integration-test/target/test-dir/MiniOzoneClusterImpl-63b0d747-82b3-46ce-b4ba-fc0c669e0279/datanode-1/data/ratis/1c222981-f753-43aa-b5f1-5176954a2aab/sm/snapshot.2_10 time:15
2019-09-16 21:11:03,517 [a9e3505a-b857-4083-807b-c489e4862dfa@group-5176954A2AAB-StateMachineUpdater] INFO  impl.StateMachineUpdater (StateMachineUpdater.java:takeSnapshot(258)) - a9e3505a-b857-4083-807b-c489e4862dfa@group-5176954A2AAB-StateMachineUpdater: Took a snapshot at index 10
2019-09-16 21:11:03,517 [a9e3505a-b857-4083-807b-c489e4862dfa@group-5176954A2AAB-StateMachineUpdater] INFO  impl.StateMachineUpdater (StateMachineUpdater.java:lambda$new$0(83)) - a9e3505a-b857-4083-807b-c489e4862dfa@group-5176954A2AAB-StateMachineUpdater: snapshotIndex: updateIncreasingly -1 -> 10
2019-09-16 21:11:03,517 [a9e3505a-b857-4083-807b-c489e4862dfa@group-5176954A2AAB-StateMachineUpdater] INFO  ratis.ContainerStateMachine (ContainerStateMachine.java:takeSnapshot(289)) - group-5176954A2AAB: Taking a snapshot at:(t:2, i:10) file /workdir/hadoop-ozone/integration-test/target/test-dir/MiniOzoneClusterImpl-63b0d747-82b3-46ce-b4ba-fc0c669e0279/datanode-1/data/ratis/1c222981-f753-43aa-b5f1-5176954a2aab/sm/snapshot.2_10
2019-09-16 21:11:03,533 [a9e3505a-b857-4083-807b-c489e4862dfa@group-5176954A2AAB-StateMachineUpdater] INFO  ratis.ContainerStateMachine (ContainerStateMachine.java:takeSnapshot(300)) - group-5176954A2AAB: Finished taking a snapshot at:(t:2, i:10) file:/workdir/hadoop-ozone/integration-test/target/test-dir/MiniOzoneClusterImpl-63b0d747-82b3-46ce-b4ba-fc0c669e0279/datanode-1/data/ratis/1c222981-f753-43aa-b5f1-5176954a2aab/sm/snapshot.2_10 time:17
2019-09-16 21:11:03,533 [a9e3505a-b857-4083-807b-c489e4862dfa@group-5176954A2AAB-StateMachineUpdater] INFO  impl.StateMachineUpdater (StateMachineUpdater.java:takeSnapshot(258)) - a9e3505a-b857-4083-807b-c489e4862dfa@group-5176954A2AAB-StateMachineUpdater: Took a snapshot at index 10
2019-09-16 21:11:03,534 [a9e3505a-b857-4083-807b-c489e4862dfa@group-5176954A2AAB-StateMachineUpdater] INFO  impl.StateMachineUpdater (StateMachineUpdater.java:lambda$new$0(83)) - a9e3505a-b857-4083-807b-c489e4862dfa@group-5176954A2AAB-StateMachineUpdater: snapshotIndex: updateIncreasingly 10 -> 10
2019-09-16 21:11:03,534 [grpc-default-executor-6] INFO  impl.RaftServerImpl (ServerState.java:close(385)) - a9e3505a-b857-4083-807b-c489e4862dfa@group-5176954A2AAB: closes. applyIndex: 12
2019-09-16 21:11:03,537 [a9e3505a-b857-4083-807b-c489e4862dfa@group-5176954A2AAB-SegmentedRaftLogWorker] ERROR ratis.XceiverServerRatis (XceiverServerRatis.java:triggerPipelineClose(568)) - pipeline Action CLOSE  on pipeline PipelineID=1c222981-f753-43aa-b5f1-5176954a2aab.Reason : WriteLog:14: (t:2, i:14), STATEMACHINELOGENTRY, client-37F90F3E4798, cid=25-writeStateMachineData interrupted.
2019-09-16 21:11:03,540 [EventQueue-PipelineActionsForPipelineActionHandler] ERROR pipeline.PipelineActionHandler (PipelineActionHandler.java:onMessage(60)) - Received pipeline action CLOSE for Pipeline[ Id: 1c222981-f753-43aa-b5f1-5176954a2aab, Nodes: 701ccf05-4c28-42f5-aa92-67be6d940b6d{ip: 192.168.69.85, host: pr-hdds-1054-8d95c-1017424488, networkLocation: /default-rack, certSerialId: null}ad2d061b-bce4-4929-94ab-c6ef8113ba3f{ip: 192.168.69.85, host: pr-hdds-1054-8d95c-1017424488, networkLocation: /default-rack, certSerialId: null}a9e3505a-b857-4083-807b-c489e4862dfa{ip: 192.168.69.85, host: pr-hdds-1054-8d95c-1017424488, networkLocation: /default-rack, certSerialId: null}, Type:RATIS, Factor:THREE, State:CLOSED] from datanode a9e3505a-b857-4083-807b-c489e4862dfa{ip: 192.168.69.85, host: pr-hdds-1054-8d95c-1017424488, networkLocation: /default-rack, certSerialId: null}. Reason : WriteLog:14: (t:2, i:14), STATEMACHINELOGENTRY, client-37F90F3E4798, cid=25-writeStateMachineData interrupted.
2019-09-16 21:11:03,540 [EventQueue-PipelineActionsForPipelineActionHandler] INFO  pipeline.SCMPipelineManager (SCMPipelineManager.java:finalizeAndDestroyPipeline(311)) - destroying pipeline:Pipeline[ Id: 1c222981-f753-43aa-b5f1-5176954a2aab, Nodes: 701ccf05-4c28-42f5-aa92-67be6d940b6d{ip: 192.168.69.85, host: pr-hdds-1054-8d95c-1017424488, networkLocation: /default-rack, certSerialId: null}ad2d061b-bce4-4929-94ab-c6ef8113ba3f{ip: 192.168.69.85, host: pr-hdds-1054-8d95c-1017424488, networkLocation: /default-rack, certSerialId: null}a9e3505a-b857-4083-807b-c489e4862dfa{ip: 192.168.69.85, host: pr-hdds-1054-8d95c-1017424488, networkLocation: /default-rack, certSerialId: null}, Type:RATIS, Factor:THREE, State:CLOSED]
2019-09-16 21:11:03,546 [grpc-default-executor-6] INFO  segmented.SegmentedRaftLogWorker (SegmentedRaftLogWorker.java:close(228)) - a9e3505a-b857-4083-807b-c489e4862dfa@group-5176954A2AAB-SegmentedRaftLogWorker close()
2019-09-16 21:11:03,562 [grpc-default-executor-6] INFO  interfaces.Container (KeyValueContainer.java:flushAndSyncDB(386)) - Container 1 is synced with bcsId 4.
2019-09-16 21:11:03,562 [grpc-default-executor-6] INFO  interfaces.Container (KeyValueContainer.java:flushAndSyncDB(386)) - Container 1 is synced with bcsId 4.
2019-09-16 21:11:03,579 [grpc-default-executor-6] INFO  interfaces.Container (KeyValueContainer.java:flushAndSyncDB(386)) - Container 3 is synced with bcsId 10.
2019-09-16 21:11:03,579 [grpc-default-executor-6] INFO  interfaces.Container (KeyValueContainer.java:flushAndSyncDB(386)) - Container 3 is synced with bcsId 10.
2019-09-16 21:11:03,683 [grpc-default-executor-6] INFO  interfaces.Container (KeyValueContainer.java:flushAndSyncDB(386)) - Container 4 is synced with bcsId 0.
2019-09-16 21:11:03,684 [grpc-default-executor-6] INFO  interfaces.Container (KeyValueContainer.java:flushAndSyncDB(386)) - Container 4 is synced with bcsId 0.
2019-09-16 21:11:03,711 [RatisPipelineUtilsThread] INFO  pipeline.PipelineStateManager (PipelineStateManager.java:removePipeline(108)) - Pipeline Pipeline[ Id: 1c222981-f753-43aa-b5f1-5176954a2aab, Nodes: 701ccf05-4c28-42f5-aa92-67be6d940b6d{ip: 192.168.69.85, host: pr-hdds-1054-8d95c-1017424488, networkLocation: /default-rack, certSerialId: null}ad2d061b-bce4-4929-94ab-c6ef8113ba3f{ip: 192.168.69.85, host: pr-hdds-1054-8d95c-1017424488, networkLocation: /default-rack, certSerialId: null}a9e3505a-b857-4083-807b-c489e4862dfa{ip: 192.168.69.85, host: pr-hdds-1054-8d95c-1017424488, networkLocation: /default-rack, certSerialId: null}, Type:RATIS, Factor:THREE, State:CLOSED] removed from db
2019-09-16 21:11:03,728 [grpc-default-executor-8] INFO  impl.RaftServerProxy (RaftServerProxy.java:addNew(89)) - ad2d061b-bce4-4929-94ab-c6ef8113ba3f: addNew group-A1C7DCA6ACCF:[ad2d061b-bce4-4929-94ab-c6ef8113ba3f:192.168.69.85:43917, 701ccf05-4c28-42f5-aa92-67be6d940b6d:192.168.69.85:36099, a9e3505a-b857-4083-807b-c489e4862dfa:192.168.69.85:41188] returns group-A1C7DCA6ACCF:java.util.concurrent.CompletableFuture@dd50d10[Not completed]
2019-09-16 21:11:03,728 [grpc-default-executor-2] INFO  impl.RaftServerProxy (RaftServerProxy.java:addNew(89)) - 701ccf05-4c28-42f5-aa92-67be6d940b6d: addNew group-A1C7DCA6ACCF:[ad2d061b-bce4-4929-94ab-c6ef8113ba3f:192.168.69.85:43917, 701ccf05-4c28-42f5-aa92-67be6d940b6d:192.168.69.85:36099, a9e3505a-b857-4083-807b-c489e4862dfa:192.168.69.85:41188] returns group-A1C7DCA6ACCF:java.util.concurrent.CompletableFuture@212fd890[Not completed]
2019-09-16 21:11:03,729 [grpc-default-executor-2] INFO  impl.RaftServerProxy (RaftServerProxy.java:addNew(89)) - a9e3505a-b857-4083-807b-c489e4862dfa: addNew group-A1C7DCA6ACCF:[ad2d061b-bce4-4929-94ab-c6ef8113ba3f:192.168.69.85:43917, 701ccf05-4c28-42f5-aa92-67be6d940b6d:192.168.69.85:36099, a9e3505a-b857-4083-807b-c489e4862dfa:192.168.69.85:41188] returns group-A1C7DCA6ACCF:java.util.concurrent.CompletableFuture@35631581[Not completed]
2019-09-16 21:11:03,735 [pool-27-thread-1] INFO  impl.RaftServerImpl (RaftServerImpl.java:<init>(95)) - ad2d061b-bce4-4929-94ab-c6ef8113ba3f: new RaftServerImpl for group-A1C7DCA6ACCF:[ad2d061b-bce4-4929-94ab-c6ef8113ba3f:192.168.69.85:43917, 701ccf05-4c28-42f5-aa92-67be6d940b6d:192.168.69.85:36099, a9e3505a-b857-4083-807b-c489e4862dfa:192.168.69.85:41188] with ContainerStateMachine:uninitialized
2019-09-16 21:11:03,735 [pool-27-thread-1] INFO  server.RaftServerConfigKeys (ConfUtils.java:logGet(43)) - raft.server.rpc.timeout.min = 5s (custom)
2019-09-16 21:11:03,735 [pool-27-thread-1] INFO  server.RaftServerConfigKeys (ConfUtils.java:logGet(43)) - raft.server.rpc.timeout.max = 5200ms (custom)
2019-09-16 21:11:03,735 [pool-27-thread-1] INFO  server.RaftServerConfigKeys (ConfUtils.java:logGet(43)) - raft.server.rpcslowness.timeout = 120s (custom)
2019-09-16 21:11:03,735 [pool-37-thread-1] INFO  impl.RaftServerImpl (RaftServerImpl.java:<init>(95)) - a9e3505a-b857-4083-807b-c489e4862dfa: new RaftServerImpl for group-A1C7DCA6ACCF:[ad2d061b-bce4-4929-94ab-c6ef8113ba3f:192.168.69.85:43917, 701ccf05-4c28-42f5-aa92-67be6d940b6d:192.168.69.85:36099, a9e3505a-b857-4083-807b-c489e4862dfa:192.168.69.85:41188] with ContainerStateMachine:uninitialized
2019-09-16 21:11:03,735 [pool-27-thread-1] INFO  server.RaftServerConfigKeys (ConfUtils.java:logGet(43)) - raft.server.sleep.deviation.threshold = 300 (default)
2019-09-16 21:11:03,736 [pool-37-thread-1] INFO  server.RaftServerConfigKeys (ConfUtils.java:logGet(43)) - raft.server.rpc.timeout.min = 5s (custom)
2019-09-16 21:11:03,736 [pool-27-thread-1] INFO  server.RaftServerConfigKeys (ConfUtils.java:logGet(43)) - raft.server.log.appender.install.snapshot.enabled = false (custom)
2019-09-16 21:11:03,736 [pool-37-thread-1] INFO  server.RaftServerConfigKeys (ConfUtils.java:logGet(43)) - raft.server.rpc.timeout.max = 5200ms (custom)
2019-09-16 21:11:03,736 [pool-27-thread-1] INFO  impl.RaftServerImpl (ServerState.java:<init>(103)) - ad2d061b-bce4-4929-94ab-c6ef8113ba3f@group-A1C7DCA6ACCF: ConfigurationManager, init=-1: [ad2d061b-bce4-4929-94ab-c6ef8113ba3f:192.168.69.85:43917, 701ccf05-4c28-42f5-aa92-67be6d940b6d:192.168.69.85:36099, a9e3505a-b857-4083-807b-c489e4862dfa:192.168.69.85:41188], old=null, confs=<EMPTY_MAP>
2019-09-16 21:11:03,736 [pool-37-thread-1] INFO  server.RaftServerConfigKeys (ConfUtils.java:logGet(43)) - raft.server.rpcslowness.timeout = 120s (custom)
2019-09-16 21:11:03,736 [pool-37-thread-1] INFO  server.RaftServerConfigKeys (ConfUtils.java:logGet(43)) - raft.server.sleep.deviation.threshold = 300 (default)
2019-09-16 21:11:03,736 [pool-37-thread-1] INFO  server.RaftServerConfigKeys (ConfUtils.java:logGet(43)) - raft.server.log.appender.install.snapshot.enabled = false (custom)
2019-09-16 21:11:03,736 [pool-37-thread-1] INFO  impl.RaftServerImpl (ServerState.java:<init>(103)) - a9e3505a-b857-4083-807b-c489e4862dfa@group-A1C7DCA6ACCF: ConfigurationManager, init=-1: [ad2d061b-bce4-4929-94ab-c6ef8113ba3f:192.168.69.85:43917, 701ccf05-4c28-42f5-aa92-67be6d940b6d:192.168.69.85:36099, a9e3505a-b857-4083-807b-c489e4862dfa:192.168.69.85:41188], old=null, confs=<EMPTY_MAP>
2019-09-16 21:11:03,737 [pool-57-thread-1] INFO  impl.RaftServerImpl (RaftServerImpl.java:<init>(95)) - 701ccf05-4c28-42f5-aa92-67be6d940b6d: new RaftServerImpl for group-A1C7DCA6ACCF:[ad2d061b-bce4-4929-94ab-c6ef8113ba3f:192.168.69.85:43917, 701ccf05-4c28-42f5-aa92-67be6d940b6d:192.168.69.85:36099, a9e3505a-b857-4083-807b-c489e4862dfa:192.168.69.85:41188] with ContainerStateMachine:uninitialized
2019-09-16 21:11:03,736 [pool-27-thread-1] INFO  server.RaftServerConfigKeys (ConfUtils.java:logGet(43)) - raft.server.storage.dir = [/workdir/hadoop-ozone/integration-test/target/test-dir/MiniOzoneClusterImpl-63b0d747-82b3-46ce-b4ba-fc0c669e0279/datanode-0/data/ratis] (custom)
2019-09-16 21:11:03,737 [pool-57-thread-1] INFO  server.RaftServerConfigKeys (ConfUtils.java:logGet(43)) - raft.server.rpc.timeout.min = 5s (custom)
2019-09-16 21:11:03,737 [pool-37-thread-1] INFO  server.RaftServerConfigKeys (ConfUtils.java:logGet(43)) - raft.server.storage.dir = [/workdir/hadoop-ozone/integration-test/target/test-dir/MiniOzoneClusterImpl-63b0d747-82b3-46ce-b4ba-fc0c669e0279/datanode-1/data/ratis] (custom)
2019-09-16 21:11:03,737 [pool-57-thread-1] INFO  server.RaftServerConfigKeys (ConfUtils.java:logGet(43)) - raft.server.rpc.timeout.max = 5200ms (custom)
2019-09-16 21:11:03,737 [pool-27-thread-1] INFO  storage.RaftStorageDirectory (RaftStorageDirectory.java:analyzeStorage(246)) - The storage directory /workdir/hadoop-ozone/integration-test/target/test-dir/MiniOzoneClusterImpl-63b0d747-82b3-46ce-b4ba-fc0c669e0279/datanode-0/data/ratis/ff96675e-0796-4ad9-b7a7-a1c7dca6accf does not exist. Creating ...
2019-09-16 21:11:03,737 [pool-37-thread-1] INFO  storage.RaftStorageDirectory (RaftStorageDirectory.java:analyzeStorage(246)) - The storage directory /workdir/hadoop-ozone/integration-test/target/test-dir/MiniOzoneClusterImpl-63b0d747-82b3-46ce-b4ba-fc0c669e0279/datanode-1/data/ratis/ff96675e-0796-4ad9-b7a7-a1c7dca6accf does not exist. Creating ...
2019-09-16 21:11:03,737 [pool-57-thread-1] INFO  server.RaftServerConfigKeys (ConfUtils.java:logGet(43)) - raft.server.rpcslowness.timeout = 120s (custom)
2019-09-16 21:11:03,738 [pool-57-thread-1] INFO  server.RaftServerConfigKeys (ConfUtils.java:logGet(43)) - raft.server.sleep.deviation.threshold = 300 (default)
2019-09-16 21:11:03,738 [pool-57-thread-1] INFO  server.RaftServerConfigKeys (ConfUtils.java:logGet(43)) - raft.server.log.appender.install.snapshot.enabled = false (custom)
2019-09-16 21:11:03,738 [pool-57-thread-1] INFO  impl.RaftServerImpl (ServerState.java:<init>(103)) - 701ccf05-4c28-42f5-aa92-67be6d940b6d@group-A1C7DCA6ACCF: ConfigurationManager, init=-1: [ad2d061b-bce4-4929-94ab-c6ef8113ba3f:192.168.69.85:43917, 701ccf05-4c28-42f5-aa92-67be6d940b6d:192.168.69.85:36099, a9e3505a-b857-4083-807b-c489e4862dfa:192.168.69.85:41188], old=null, confs=<EMPTY_MAP>
2019-09-16 21:11:03,738 [pool-57-thread-1] INFO  server.RaftServerConfigKeys (ConfUtils.java:logGet(43)) - raft.server.storage.dir = [/workdir/hadoop-ozone/integration-test/target/test-dir/MiniOzoneClusterImpl-63b0d747-82b3-46ce-b4ba-fc0c669e0279/datanode-3/data/ratis] (custom)
2019-09-16 21:11:03,739 [pool-57-thread-1] INFO  storage.RaftStorageDirectory (RaftStorageDirectory.java:analyzeStorage(246)) - The storage directory /workdir/hadoop-ozone/integration-test/target/test-dir/MiniOzoneClusterImpl-63b0d747-82b3-46ce-b4ba-fc0c669e0279/datanode-3/data/ratis/ff96675e-0796-4ad9-b7a7-a1c7dca6accf does not exist. Creating ...
2019-09-16 21:11:03,751 [pool-57-thread-1] INFO  storage.RaftStorageDirectory (RaftStorageDirectory.java:tryLock(328)) - Lock on /workdir/hadoop-ozone/integration-test/target/test-dir/MiniOzoneClusterImpl-63b0d747-82b3-46ce-b4ba-fc0c669e0279/datanode-3/data/ratis/ff96675e-0796-4ad9-b7a7-a1c7dca6accf/in_use.lock acquired by nodename 16390@pr-hdds-1054-8d95c-1017424488
2019-09-16 21:11:03,751 [pool-27-thread-1] INFO  storage.RaftStorageDirectory (RaftStorageDirectory.java:tryLock(328)) - Lock on /workdir/hadoop-ozone/integration-test/target/test-dir/MiniOzoneClusterImpl-63b0d747-82b3-46ce-b4ba-fc0c669e0279/datanode-0/data/ratis/ff96675e-0796-4ad9-b7a7-a1c7dca6accf/in_use.lock acquired by nodename 16390@pr-hdds-1054-8d95c-1017424488
2019-09-16 21:11:03,751 [pool-37-thread-1] INFO  storage.RaftStorageDirectory (RaftStorageDirectory.java:tryLock(328)) - Lock on /workdir/hadoop-ozone/integration-test/target/test-dir/MiniOzoneClusterImpl-63b0d747-82b3-46ce-b4ba-fc0c669e0279/datanode-1/data/ratis/ff96675e-0796-4ad9-b7a7-a1c7dca6accf/in_use.lock acquired by nodename 16390@pr-hdds-1054-8d95c-1017424488
2019-09-16 21:11:03,765 [pool-37-thread-1] INFO  storage.RaftStorage (RaftStorage.java:format(72)) - Storage directory /workdir/hadoop-ozone/integration-test/target/test-dir/MiniOzoneClusterImpl-63b0d747-82b3-46ce-b4ba-fc0c669e0279/datanode-1/data/ratis/ff96675e-0796-4ad9-b7a7-a1c7dca6accf has been successfully formatted.
2019-09-16 21:11:03,765 [pool-27-thread-1] INFO  storage.RaftStorage (RaftStorage.java:format(72)) - Storage directory /workdir/hadoop-ozone/integration-test/target/test-dir/MiniOzoneClusterImpl-63b0d747-82b3-46ce-b4ba-fc0c669e0279/datanode-0/data/ratis/ff96675e-0796-4ad9-b7a7-a1c7dca6accf has been successfully formatted.
2019-09-16 21:11:03,765 [pool-57-thread-1] INFO  storage.RaftStorage (RaftStorage.java:format(72)) - Storage directory /workdir/hadoop-ozone/integration-test/target/test-dir/MiniOzoneClusterImpl-63b0d747-82b3-46ce-b4ba-fc0c669e0279/datanode-3/data/ratis/ff96675e-0796-4ad9-b7a7-a1c7dca6accf has been successfully formatted.
2019-09-16 21:11:03,765 [pool-37-thread-1] INFO  ratis.ContainerStateMachine (ContainerStateMachine.java:loadSnapshot(230)) - group-A1C7DCA6ACCF: The snapshot info is null. Setting the last applied indexto:(t:0, i:~)
2019-09-16 21:11:03,766 [pool-27-thread-1] INFO  ratis.ContainerStateMachine (ContainerStateMachine.java:loadSnapshot(230)) - group-A1C7DCA6ACCF: The snapshot info is null. Setting the last applied indexto:(t:0, i:~)
2019-09-16 21:11:03,766 [pool-37-thread-1] INFO  server.RaftServerConfigKeys (ConfUtils.java:logGet(43)) - raft.server.notification.no-leader.timeout = 120s (custom)
2019-09-16 21:11:03,766 [pool-57-thread-1] INFO  ratis.ContainerStateMachine (ContainerStateMachine.java:loadSnapshot(230)) - group-A1C7DCA6ACCF: The snapshot info is null. Setting the last applied indexto:(t:0, i:~)
2019-09-16 21:11:03,766 [pool-37-thread-1] INFO  server.RaftServerConfigKeys (ConfUtils.java:logGet(43)) - raft.server.log.use.memory = false (default)
2019-09-16 21:11:03,766 [pool-27-thread-1] INFO  server.RaftServerConfigKeys (ConfUtils.java:logGet(43)) - raft.server.notification.no-leader.timeout = 120s (custom)
2019-09-16 21:11:03,766 [pool-37-thread-1] INFO  server.RaftServerConfigKeys (ConfUtils.java:logGet(43)) - raft.server.log.purge.gap = 1000000 (custom)
2019-09-16 21:11:03,766 [pool-57-thread-1] INFO  server.RaftServerConfigKeys (ConfUtils.java:logGet(43)) - raft.server.notification.no-leader.timeout = 120s (custom)
2019-09-16 21:11:03,780 [pool-37-thread-1] INFO  server.RaftServerConfigKeys (ConfUtils.java:logGet(43)) - raft.server.log.appender.buffer.byte-limit = 33554432 (custom)
2019-09-16 21:11:03,766 [pool-27-thread-1] INFO  server.RaftServerConfigKeys (ConfUtils.java:logGet(43)) - raft.server.log.use.memory = false (default)
2019-09-16 21:11:03,781 [pool-37-thread-1] INFO  server.RaftServerConfigKeys (ConfUtils.java:logGet(43)) - raft.server.log.segment.size.max = 1048576 (custom)
2019-09-16 21:11:03,781 [pool-57-thread-1] INFO  server.RaftServerConfigKeys (ConfUtils.java:logGet(43)) - raft.server.log.use.memory = false (default)
2019-09-16 21:11:03,781 [pool-37-thread-1] INFO  server.RaftServerConfigKeys (ConfUtils.java:logGet(43)) - raft.server.log.segment.cache.num.max = 2 (custom)
2019-09-16 21:11:03,781 [pool-27-thread-1] INFO  server.RaftServerConfigKeys (ConfUtils.java:logGet(43)) - raft.server.log.purge.gap = 1000000 (custom)
2019-09-16 21:11:03,781 [pool-37-thread-1] INFO  segmented.SegmentedRaftLogWorker (SegmentedRaftLogWorker.java:<init>(172)) - new a9e3505a-b857-4083-807b-c489e4862dfa@group-A1C7DCA6ACCF-SegmentedRaftLogWorker for RaftStorage:Storage Directory /workdir/hadoop-ozone/integration-test/target/test-dir/MiniOzoneClusterImpl-63b0d747-82b3-46ce-b4ba-fc0c669e0279/datanode-1/data/ratis/ff96675e-0796-4ad9-b7a7-a1c7dca6accf
2019-09-16 21:11:03,781 [pool-57-thread-1] INFO  server.RaftServerConfigKeys (ConfUtils.java:logGet(43)) - raft.server.log.purge.gap = 1000000 (custom)
2019-09-16 21:11:03,782 [pool-37-thread-1] INFO  server.RaftServerConfigKeys (ConfUtils.java:logGet(43)) - raft.server.log.queue.byte-limit = 2147483647 (custom)
2019-09-16 21:11:03,782 [pool-27-thread-1] INFO  server.RaftServerConfigKeys (ConfUtils.java:logGet(43)) - raft.server.log.appender.buffer.byte-limit = 33554432 (custom)
2019-09-16 21:11:03,782 [pool-37-thread-1] INFO  server.RaftServerConfigKeys (ConfUtils.java:logGet(43)) - raft.server.log.queue.element-limit = 1024 (custom)
2019-09-16 21:11:03,782 [pool-57-thread-1] INFO  server.RaftServerConfigKeys (ConfUtils.java:logGet(43)) - raft.server.log.appender.buffer.byte-limit = 33554432 (custom)
2019-09-16 21:11:03,782 [pool-37-thread-1] INFO  server.RaftServerConfigKeys (ConfUtils.java:logGet(43)) - raft.server.log.segment.size.max = 1048576 (custom)
2019-09-16 21:11:03,783 [pool-37-thread-1] INFO  server.RaftServerConfigKeys (ConfUtils.java:logGet(43)) - raft.server.log.preallocated.size = 16384 (custom)
2019-09-16 21:11:03,782 [pool-27-thread-1] INFO  server.RaftServerConfigKeys (ConfUtils.java:logGet(43)) - raft.server.log.segment.size.max = 1048576 (custom)
2019-09-16 21:11:03,783 [pool-37-thread-1] INFO  server.RaftServerConfigKeys (ConfUtils.java:logGet(43)) - raft.server.log.write.buffer.size = 33554432 (custom)
2019-09-16 21:11:03,783 [pool-57-thread-1] INFO  server.RaftServerConfigKeys (ConfUtils.java:logGet(43)) - raft.server.log.segment.size.max = 1048576 (custom)
2019-09-16 21:11:03,783 [pool-37-thread-1] INFO  server.RaftServerConfigKeys (ConfUtils.java:logGet(43)) - raft.server.log.force.sync.num = 128 (default)
2019-09-16 21:11:03,783 [pool-37-thread-1] INFO  server.RaftServerConfigKeys (ConfUtils.java:logGet(43)) - raft.server.log.statemachine.data.sync = true (default)
2019-09-16 21:11:03,783 [pool-27-thread-1] INFO  server.RaftServerConfigKeys (ConfUtils.java:logGet(43)) - raft.server.log.segment.cache.num.max = 2 (custom)
2019-09-16 21:11:03,783 [pool-37-thread-1] INFO  server.RaftServerConfigKeys (ConfUtils.java:logGet(43)) - raft.server.log.statemachine.data.sync.timeout = 10s (default)
2019-09-16 21:11:03,783 [pool-57-thread-1] INFO  server.RaftServerConfigKeys (ConfUtils.java:logGet(43)) - raft.server.log.segment.cache.num.max = 2 (custom)
2019-09-16 21:11:03,786 [pool-37-thread-1] INFO  server.RaftServerConfigKeys (ConfUtils.java:logGet(43)) - raft.server.log.statemachine.data.sync.timeout.retry = -1 (default)
2019-09-16 21:11:03,784 [pool-27-thread-1] INFO  segmented.SegmentedRaftLogWorker (SegmentedRaftLogWorker.java:<init>(172)) - new ad2d061b-bce4-4929-94ab-c6ef8113ba3f@group-A1C7DCA6ACCF-SegmentedRaftLogWorker for RaftStorage:Storage Directory /workdir/hadoop-ozone/integration-test/target/test-dir/MiniOzoneClusterImpl-63b0d747-82b3-46ce-b4ba-fc0c669e0279/datanode-0/data/ratis/ff96675e-0796-4ad9-b7a7-a1c7dca6accf
2019-09-16 21:11:03,786 [pool-37-thread-1] INFO  server.RaftServerConfigKeys (ConfUtils.java:logGet(43)) - raft.server.log.statemachine.data.caching.enabled = true (custom)
2019-09-16 21:11:03,786 [pool-57-thread-1] INFO  segmented.SegmentedRaftLogWorker (SegmentedRaftLogWorker.java:<init>(172)) - new 701ccf05-4c28-42f5-aa92-67be6d940b6d@group-A1C7DCA6ACCF-SegmentedRaftLogWorker for RaftStorage:Storage Directory /workdir/hadoop-ozone/integration-test/target/test-dir/MiniOzoneClusterImpl-63b0d747-82b3-46ce-b4ba-fc0c669e0279/datanode-3/data/ratis/ff96675e-0796-4ad9-b7a7-a1c7dca6accf
2019-09-16 21:11:03,789 [pool-37-thread-1] INFO  segmented.SegmentedRaftLogWorker (SegmentedRaftLogWorker.java:lambda$new$0(132)) - a9e3505a-b857-4083-807b-c489e4862dfa@group-A1C7DCA6ACCF-SegmentedRaftLogWorker: flushIndex: setUnconditionally 0 -> -1
2019-09-16 21:11:03,786 [pool-27-thread-1] INFO  server.RaftServerConfigKeys (ConfUtils.java:logGet(43)) - raft.server.log.queue.byte-limit = 2147483647 (custom)
2019-09-16 21:11:03,789 [pool-27-thread-1] INFO  server.RaftServerConfigKeys (ConfUtils.java:logGet(43)) - raft.server.log.queue.element-limit = 1024 (custom)
2019-09-16 21:11:03,789 [pool-57-thread-1] INFO  server.RaftServerConfigKeys (ConfUtils.java:logGet(43)) - raft.server.log.queue.byte-limit = 2147483647 (custom)
2019-09-16 21:11:03,791 [pool-27-thread-1] INFO  server.RaftServerConfigKeys (ConfUtils.java:logGet(43)) - raft.server.log.segment.size.max = 1048576 (custom)
2019-09-16 21:11:03,795 [pool-27-thread-1] INFO  server.RaftServerConfigKeys (ConfUtils.java:logGet(43)) - raft.server.log.preallocated.size = 16384 (custom)
2019-09-16 21:11:03,789 [pool-37-thread-1] INFO  server.RaftServerConfigKeys (ConfUtils.java:logGet(43)) - raft.server.snapshot.auto.trigger.enabled = true (custom)
2019-09-16 21:11:03,795 [pool-27-thread-1] INFO  server.RaftServerConfigKeys (ConfUtils.java:logGet(43)) - raft.server.log.write.buffer.size = 33554432 (custom)
2019-09-16 21:11:03,795 [pool-27-thread-1] INFO  server.RaftServerConfigKeys (ConfUtils.java:logGet(43)) - raft.server.log.force.sync.num = 128 (default)
2019-09-16 21:11:03,795 [main] WARN  io.KeyOutputStream (KeyOutputStream.java:handleException(276)) - Encountered exception java.io.IOException: Unexpected Storage Container Exception: java.util.concurrent.CompletionException: java.util.concurrent.CompletionException: org.apache.ratis.protocol.GroupMismatchException: 701ccf05-4c28-42f5-aa92-67be6d940b6d: group-5176954A2AAB not found. on the pipeline Pipeline[ Id: 1c222981-f753-43aa-b5f1-5176954a2aab, Nodes: 701ccf05-4c28-42f5-aa92-67be6d940b6d{ip: 192.168.69.85, host: pr-hdds-1054-8d95c-1017424488, networkLocation: /default-rack, certSerialId: null}ad2d061b-bce4-4929-94ab-c6ef8113ba3f{ip: 192.168.69.85, host: pr-hdds-1054-8d95c-1017424488, networkLocation: /default-rack, certSerialId: null}a9e3505a-b857-4083-807b-c489e4862dfa{ip: 192.168.69.85, host: pr-hdds-1054-8d95c-1017424488, networkLocation: /default-rack, certSerialId: null}, Type:RATIS, Factor:THREE, State:OPEN]. The last committed block length is 0, uncommitted data length is 400 retry count 0
2019-09-16 21:11:03,795 [pool-57-thread-1] INFO  server.RaftServerConfigKeys (ConfUtils.java:logGet(43)) - raft.server.log.queue.element-limit = 1024 (custom)
2019-09-16 21:11:03,795 [pool-27-thread-1] INFO  server.RaftServerConfigKeys (ConfUtils.java:logGet(43)) - raft.server.log.statemachine.data.sync = true (default)
2019-09-16 21:11:03,795 [pool-37-thread-1] INFO  server.RaftServerConfigKeys (ConfUtils.java:logGet(43)) - raft.server.snapshot.auto.trigger.threshold = 10000 (custom)
2019-09-16 21:11:03,796 [pool-27-thread-1] INFO  server.RaftServerConfigKeys (ConfUtils.java:logGet(43)) - raft.server.log.statemachine.data.sync.timeout = 10s (default)
2019-09-16 21:11:03,796 [pool-57-thread-1] INFO  server.RaftServerConfigKeys (ConfUtils.java:logGet(43)) - raft.server.log.segment.size.max = 1048576 (custom)
2019-09-16 21:11:03,796 [pool-27-thread-1] INFO  server.RaftServerConfigKeys (ConfUtils.java:logGet(43)) - raft.server.log.statemachine.data.sync.timeout.retry = -1 (default)
2019-09-16 21:11:03,796 [pool-37-thread-1] INFO  server.RaftServerConfigKeys (ConfUtils.java:logGet(43)) - raft.server.snapshot.retention.num.files = -1 (default)
2019-09-16 21:11:03,797 [pool-27-thread-1] INFO  server.RaftServerConfigKeys (ConfUtils.java:logGet(43)) - raft.server.log.statemachine.data.caching.enabled = true (custom)
2019-09-16 21:11:03,797 [pool-57-thread-1] INFO  server.RaftServerConfigKeys (ConfUtils.java:logGet(43)) - raft.server.log.preallocated.size = 16384 (custom)
2019-09-16 21:11:03,797 [pool-37-thread-1] INFO  server.RaftServerConfigKeys (ConfUtils.java:logGet(43)) - raft.server.retrycache.expirytime = 600000ms (custom)
2019-09-16 21:11:03,797 [pool-27-thread-1] INFO  segmented.SegmentedRaftLogWorker (SegmentedRaftLogWorker.java:lambda$new$0(132)) - ad2d061b-bce4-4929-94ab-c6ef8113ba3f@group-A1C7DCA6ACCF-SegmentedRaftLogWorker: flushIndex: setUnconditionally 0 -> -1
2019-09-16 21:11:03,797 [pool-57-thread-1] INFO  server.RaftServerConfigKeys (ConfUtils.java:logGet(43)) - raft.server.log.write.buffer.size = 33554432 (custom)
2019-09-16 21:11:03,798 [pool-57-thread-1] INFO  server.RaftServerConfigKeys (ConfUtils.java:logGet(43)) - raft.server.log.force.sync.num = 128 (default)
2019-09-16 21:11:03,798 [pool-27-thread-1] INFO  server.RaftServerConfigKeys (ConfUtils.java:logGet(43)) - raft.server.snapshot.auto.trigger.enabled = true (custom)
2019-09-16 21:11:03,798 [pool-57-thread-1] INFO  server.RaftServerConfigKeys (ConfUtils.java:logGet(43)) - raft.server.log.statemachine.data.sync = true (default)
2019-09-16 21:11:03,798 [pool-27-thread-1] INFO  server.RaftServerConfigKeys (ConfUtils.java:logGet(43)) - raft.server.snapshot.auto.trigger.threshold = 10000 (custom)
2019-09-16 21:11:03,798 [pool-57-thread-1] INFO  server.RaftServerConfigKeys (ConfUtils.java:logGet(43)) - raft.server.log.statemachine.data.sync.timeout = 10s (default)
2019-09-16 21:11:03,798 [pool-27-thread-1] INFO  server.RaftServerConfigKeys (ConfUtils.java:logGet(43)) - raft.server.snapshot.retention.num.files = -1 (default)
2019-09-16 21:11:03,798 [pool-57-thread-1] INFO  server.RaftServerConfigKeys (ConfUtils.java:logGet(43)) - raft.server.log.statemachine.data.sync.timeout.retry = -1 (default)
2019-09-16 21:11:03,799 [pool-27-thread-1] INFO  server.RaftServerConfigKeys (ConfUtils.java:logGet(43)) - raft.server.retrycache.expirytime = 600000ms (custom)
2019-09-16 21:11:03,799 [pool-57-thread-1] INFO  server.RaftServerConfigKeys (ConfUtils.java:logGet(43)) - raft.server.log.statemachine.data.caching.enabled = true (custom)
2019-09-16 21:11:03,799 [pool-57-thread-1] INFO  segmented.SegmentedRaftLogWorker (SegmentedRaftLogWorker.java:lambda$new$0(132)) - 701ccf05-4c28-42f5-aa92-67be6d940b6d@group-A1C7DCA6ACCF-SegmentedRaftLogWorker: flushIndex: setUnconditionally 0 -> -1
2019-09-16 21:11:03,799 [pool-57-thread-1] INFO  server.RaftServerConfigKeys (ConfUtils.java:logGet(43)) - raft.server.snapshot.auto.trigger.enabled = true (custom)
2019-09-16 21:11:03,800 [pool-57-thread-1] INFO  server.RaftServerConfigKeys (ConfUtils.java:logGet(43)) - raft.server.snapshot.auto.trigger.threshold = 10000 (custom)
2019-09-16 21:11:03,800 [pool-57-thread-1] INFO  server.RaftServerConfigKeys (ConfUtils.java:logGet(43)) - raft.server.snapshot.retention.num.files = -1 (default)
2019-09-16 21:11:03,800 [pool-57-thread-1] INFO  server.RaftServerConfigKeys (ConfUtils.java:logGet(43)) - raft.server.retrycache.expirytime = 600000ms (custom)
2019-09-16 21:11:03,801 [pool-37-thread-1] INFO  impl.RaftServerImpl (RaftServerImpl.java:start(185)) - a9e3505a-b857-4083-807b-c489e4862dfa@group-A1C7DCA6ACCF: start as a follower, conf=-1: [ad2d061b-bce4-4929-94ab-c6ef8113ba3f:192.168.69.85:43917, 701ccf05-4c28-42f5-aa92-67be6d940b6d:192.168.69.85:36099, a9e3505a-b857-4083-807b-c489e4862dfa:192.168.69.85:41188], old=null
2019-09-16 21:11:03,801 [pool-37-thread-1] INFO  impl.RaftServerImpl (RaftServerImpl.java:setRole(174)) - a9e3505a-b857-4083-807b-c489e4862dfa@group-A1C7DCA6ACCF: changes role from      null to FOLLOWER at term 0 for startAsFollower
2019-09-16 21:11:03,801 [pool-37-thread-1] INFO  impl.RoleInfo (RoleInfo.java:updateAndGet(143)) - a9e3505a-b857-4083-807b-c489e4862dfa: start FollowerState
2019-09-16 21:11:03,801 [pool-37-thread-1] INFO  util.JmxRegister (JmxRegister.java:tryRegister(44)) - Successfully registered JMX Bean with object name Ratis:service=RaftServer,group=group-A1C7DCA6ACCF,id=a9e3505a-b857-4083-807b-c489e4862dfa
2019-09-16 21:11:03,802 [pool-27-thread-1] INFO  impl.RaftServerImpl (RaftServerImpl.java:start(185)) - ad2d061b-bce4-4929-94ab-c6ef8113ba3f@group-A1C7DCA6ACCF: start as a follower, conf=-1: [ad2d061b-bce4-4929-94ab-c6ef8113ba3f:192.168.69.85:43917, 701ccf05-4c28-42f5-aa92-67be6d940b6d:192.168.69.85:36099, a9e3505a-b857-4083-807b-c489e4862dfa:192.168.69.85:41188], old=null
2019-09-16 21:11:03,802 [pool-27-thread-1] INFO  impl.RaftServerImpl (RaftServerImpl.java:setRole(174)) - ad2d061b-bce4-4929-94ab-c6ef8113ba3f@group-A1C7DCA6ACCF: changes role from      null to FOLLOWER at term 0 for startAsFollower
2019-09-16 21:11:03,802 [pool-27-thread-1] INFO  impl.RoleInfo (RoleInfo.java:updateAndGet(143)) - ad2d061b-bce4-4929-94ab-c6ef8113ba3f: start FollowerState
2019-09-16 21:11:03,803 [pool-27-thread-1] INFO  util.JmxRegister (JmxRegister.java:tryRegister(44)) - Successfully registered JMX Bean with object name Ratis:service=RaftServer,group=group-A1C7DCA6ACCF,id=ad2d061b-bce4-4929-94ab-c6ef8113ba3f
2019-09-16 21:11:03,803 [pool-57-thread-1] INFO  impl.RaftServerImpl (RaftServerImpl.java:start(185)) - 701ccf05-4c28-42f5-aa92-67be6d940b6d@group-A1C7DCA6ACCF: start as a follower, conf=-1: [ad2d061b-bce4-4929-94ab-c6ef8113ba3f:192.168.69.85:43917, 701ccf05-4c28-42f5-aa92-67be6d940b6d:192.168.69.85:36099, a9e3505a-b857-4083-807b-c489e4862dfa:192.168.69.85:41188], old=null
2019-09-16 21:11:03,804 [pool-57-thread-1] INFO  impl.RaftServerImpl (RaftServerImpl.java:setRole(174)) - 701ccf05-4c28-42f5-aa92-67be6d940b6d@group-A1C7DCA6ACCF: changes role from      null to FOLLOWER at term 0 for startAsFollower
2019-09-16 21:11:03,804 [pool-57-thread-1] INFO  impl.RoleInfo (RoleInfo.java:updateAndGet(143)) - 701ccf05-4c28-42f5-aa92-67be6d940b6d: start FollowerState
2019-09-16 21:11:03,804 [pool-57-thread-1] INFO  util.JmxRegister (JmxRegister.java:tryRegister(44)) - Successfully registered JMX Bean with object name Ratis:service=RaftServer,group=group-A1C7DCA6ACCF,id=701ccf05-4c28-42f5-aa92-67be6d940b6d
2019-09-16 21:11:03,811 [RatisPipelineUtilsThread] INFO  pipeline.PipelineStateManager (PipelineStateManager.java:addPipeline(56)) - Created pipeline Pipeline[ Id: ff96675e-0796-4ad9-b7a7-a1c7dca6accf, Nodes: 701ccf05-4c28-42f5-aa92-67be6d940b6d{ip: 192.168.69.85, host: pr-hdds-1054-8d95c-1017424488, networkLocation: /default-rack, certSerialId: null}ad2d061b-bce4-4929-94ab-c6ef8113ba3f{ip: 192.168.69.85, host: pr-hdds-1054-8d95c-1017424488, networkLocation: /default-rack, certSerialId: null}a9e3505a-b857-4083-807b-c489e4862dfa{ip: 192.168.69.85, host: pr-hdds-1054-8d95c-1017424488, networkLocation: /default-rack, certSerialId: null}, Type:RATIS, Factor:THREE, State:OPEN]
2019-09-16 21:11:03,864 [grpc-default-executor-2] INFO  client.GrpcClientProtocolClient (GrpcClientProtocolClient.java:onNext(264)) - client-270DF42A2954->91e5c6b3-48bd-44b9-8fb1-453cc408c32e: receive RaftClientReply:client-270DF42A2954->91e5c6b3-48bd-44b9-8fb1-453cc408c32e@group-CD3ED798F5EB, cid=36, FAILED org.apache.ratis.protocol.NotLeaderException: Server 91e5c6b3-48bd-44b9-8fb1-453cc408c32e@group-CD3ED798F5EB is not the leader bc03dc43-d8f6-4c92-bab3-f133497e3cb1:192.168.69.85:40237, logIndex=0, commits[91e5c6b3-48bd-44b9-8fb1-453cc408c32e:c10, bc03dc43-d8f6-4c92-bab3-f133497e3cb1:c10, dcee1251-5c47-4bc3-ad20-2bd0ee800f60:c10]
2019-09-16 21:11:04,020 [grpc-default-executor-8] INFO  client.GrpcClientProtocolClient (GrpcClientProtocolClient.java:onNext(264)) - client-270DF42A2954->bc03dc43-d8f6-4c92-bab3-f133497e3cb1: receive RaftClientReply:client-270DF42A2954->bc03dc43-d8f6-4c92-bab3-f133497e3cb1@group-CD3ED798F5EB, cid=36, SUCCESS, logIndex=11, commits[bc03dc43-d8f6-4c92-bab3-f133497e3cb1:c11, 91e5c6b3-48bd-44b9-8fb1-453cc408c32e:c10, dcee1251-5c47-4bc3-ad20-2bd0ee800f60:c10]
2019-09-16 21:11:04,065 [grpc-default-executor-2] INFO  client.GrpcClientProtocolClient (GrpcClientProtocolClient.java:onNext(264)) - client-270DF42A2954->bc03dc43-d8f6-4c92-bab3-f133497e3cb1: receive RaftClientReply:client-270DF42A2954->bc03dc43-d8f6-4c92-bab3-f133497e3cb1@group-CD3ED798F5EB, cid=37, SUCCESS, logIndex=13, commits[bc03dc43-d8f6-4c92-bab3-f133497e3cb1:c16, 91e5c6b3-48bd-44b9-8fb1-453cc408c32e:c12, dcee1251-5c47-4bc3-ad20-2bd0ee800f60:c12]
2019-09-16 21:11:04,122 [grpc-default-executor-2] INFO  client.GrpcClientProtocolClient (GrpcClientProtocolClient.java:onNext(264)) - client-270DF42A2954->bc03dc43-d8f6-4c92-bab3-f133497e3cb1: receive RaftClientReply:client-270DF42A2954->bc03dc43-d8f6-4c92-bab3-f133497e3cb1@group-CD3ED798F5EB, cid=38, SUCCESS, logIndex=14, commits[bc03dc43-d8f6-4c92-bab3-f133497e3cb1:c22, 91e5c6b3-48bd-44b9-8fb1-453cc408c32e:c17, dcee1251-5c47-4bc3-ad20-2bd0ee800f60:c17]
2019-09-16 21:11:04,122 [grpc-default-executor-2] INFO  client.GrpcClientProtocolClient (GrpcClientProtocolClient.java:onNext(264)) - client-270DF42A2954->bc03dc43-d8f6-4c92-bab3-f133497e3cb1: receive RaftClientReply:client-270DF42A2954->bc03dc43-d8f6-4c92-bab3-f133497e3cb1@group-CD3ED798F5EB, cid=39, SUCCESS, logIndex=15, commits[bc03dc43-d8f6-4c92-bab3-f133497e3cb1:c22, 91e5c6b3-48bd-44b9-8fb1-453cc408c32e:c17, dcee1251-5c47-4bc3-ad20-2bd0ee800f60:c17]
2019-09-16 21:11:04,123 [grpc-default-executor-2] INFO  client.GrpcClientProtocolClient (GrpcClientProtocolClient.java:onNext(264)) - client-270DF42A2954->bc03dc43-d8f6-4c92-bab3-f133497e3cb1: receive RaftClientReply:client-270DF42A2954->bc03dc43-d8f6-4c92-bab3-f133497e3cb1@group-CD3ED798F5EB, cid=40, SUCCESS, logIndex=16, commits[bc03dc43-d8f6-4c92-bab3-f133497e3cb1:c22, 91e5c6b3-48bd-44b9-8fb1-453cc408c32e:c17, dcee1251-5c47-4bc3-ad20-2bd0ee800f60:c17]
2019-09-16 21:11:04,277 [grpc-default-executor-2] INFO  client.GrpcClientProtocolClient (GrpcClientProtocolClient.java:onNext(264)) - client-270DF42A2954->bc03dc43-d8f6-4c92-bab3-f133497e3cb1: receive RaftClientReply:client-270DF42A2954->bc03dc43-d8f6-4c92-bab3-f133497e3cb1@group-CD3ED798F5EB, cid=41, SUCCESS, logIndex=17, commits[bc03dc43-d8f6-4c92-bab3-f133497e3cb1:c22, 91e5c6b3-48bd-44b9-8fb1-453cc408c32e:c17, dcee1251-5c47-4bc3-ad20-2bd0ee800f60:c17]
]]></system-out>
  </testcase>
  <testcase name="testBufferCaching" classname="org.apache.hadoop.ozone.client.rpc.TestBlockOutputStream" time="5.425"/>
  <testcase name="testWriteWithExceedingMaxBufferLimit" classname="org.apache.hadoop.ozone.client.rpc.TestBlockOutputStream" time="187.46">
    <failure message="expected:&lt;20&gt; but was:&lt;24&gt;" type="java.lang.AssertionError"><![CDATA[java.lang.AssertionError: expected:<20> but was:<24>
	at org.junit.Assert.fail(Assert.java:88)
	at org.junit.Assert.failNotEquals(Assert.java:743)
	at org.junit.Assert.assertEquals(Assert.java:118)
	at org.junit.Assert.assertEquals(Assert.java:555)
	at org.junit.Assert.assertEquals(Assert.java:542)
	at org.apache.hadoop.ozone.client.rpc.TestBlockOutputStream.testWriteWithExceedingMaxBufferLimit(TestBlockOutputStream.java:614)
	at sun.reflect.NativeMethodAccessorImpl.invoke0(Native Method)
	at sun.reflect.NativeMethodAccessorImpl.invoke(NativeMethodAccessorImpl.java:62)
	at sun.reflect.DelegatingMethodAccessorImpl.invoke(DelegatingMethodAccessorImpl.java:43)
	at java.lang.reflect.Method.invoke(Method.java:498)
	at org.junit.runners.model.FrameworkMethod$1.runReflectiveCall(FrameworkMethod.java:47)
	at org.junit.internal.runners.model.ReflectiveCallable.run(ReflectiveCallable.java:12)
	at org.junit.runners.model.FrameworkMethod.invokeExplosively(FrameworkMethod.java:44)
	at org.junit.internal.runners.statements.InvokeMethod.evaluate(InvokeMethod.java:17)
	at org.junit.runners.ParentRunner.runLeaf(ParentRunner.java:271)
	at org.junit.runners.BlockJUnit4ClassRunner.runChild(BlockJUnit4ClassRunner.java:70)
	at org.junit.runners.BlockJUnit4ClassRunner.runChild(BlockJUnit4ClassRunner.java:50)
	at org.junit.runners.ParentRunner$3.run(ParentRunner.java:238)
	at org.junit.runners.ParentRunner$1.schedule(ParentRunner.java:63)
	at org.junit.runners.ParentRunner.runChildren(ParentRunner.java:236)
	at org.junit.runners.ParentRunner.access$000(ParentRunner.java:53)
	at org.junit.runners.ParentRunner$2.evaluate(ParentRunner.java:229)
	at org.junit.internal.runners.statements.RunBefores.evaluate(RunBefores.java:26)
	at org.junit.internal.runners.statements.RunAfters.evaluate(RunAfters.java:27)
	at org.junit.runners.ParentRunner.run(ParentRunner.java:309)
	at org.apache.maven.surefire.junit4.JUnit4Provider.execute(JUnit4Provider.java:365)
	at org.apache.maven.surefire.junit4.JUnit4Provider.executeWithRerun(JUnit4Provider.java:273)
	at org.apache.maven.surefire.junit4.JUnit4Provider.executeTestSet(JUnit4Provider.java:238)
	at org.apache.maven.surefire.junit4.JUnit4Provider.invoke(JUnit4Provider.java:159)
	at org.apache.maven.surefire.booter.ForkedBooter.invokeProviderInSameClassLoader(ForkedBooter.java:384)
	at org.apache.maven.surefire.booter.ForkedBooter.runSuitesInProcess(ForkedBooter.java:345)
	at org.apache.maven.surefire.booter.ForkedBooter.execute(ForkedBooter.java:126)
	at org.apache.maven.surefire.booter.ForkedBooter.main(ForkedBooter.java:418)
]]></failure>
    <system-out><![CDATA[2019-09-16 21:11:11,201 [grpc-default-executor-7] INFO  impl.RaftServerProxy (RaftServerProxy.java:remove(95)) - 701ccf05-4c28-42f5-aa92-67be6d940b6d: remove group-5176954A2AAB:null
2019-09-16 21:11:11,208 [RatisPipelineUtilsThread] WARN  pipeline.RatisPipelineUtils (RatisPipelineUtils.java:destroyPipeline(66)) - Pipeline destroy failed for pipeline=PipelineID=1c222981-f753-43aa-b5f1-5176954a2aab dn=701ccf05-4c28-42f5-aa92-67be6d940b6d{ip: 192.168.69.85, host: pr-hdds-1054-8d95c-1017424488, networkLocation: /default-rack, certSerialId: null}
2019-09-16 21:11:11,211 [grpc-default-executor-7] INFO  impl.RaftServerProxy (RaftServerProxy.java:remove(95)) - ad2d061b-bce4-4929-94ab-c6ef8113ba3f: remove group-5176954A2AAB:null
2019-09-16 21:11:11,217 [RatisPipelineUtilsThread] WARN  pipeline.RatisPipelineUtils (RatisPipelineUtils.java:destroyPipeline(66)) - Pipeline destroy failed for pipeline=PipelineID=1c222981-f753-43aa-b5f1-5176954a2aab dn=ad2d061b-bce4-4929-94ab-c6ef8113ba3f{ip: 192.168.69.85, host: pr-hdds-1054-8d95c-1017424488, networkLocation: /default-rack, certSerialId: null}
2019-09-16 21:11:11,221 [grpc-default-executor-7] INFO  impl.RaftServerProxy (RaftServerProxy.java:remove(95)) - a9e3505a-b857-4083-807b-c489e4862dfa: remove group-5176954A2AAB:null
2019-09-16 21:11:11,226 [RatisPipelineUtilsThread] WARN  pipeline.RatisPipelineUtils (RatisPipelineUtils.java:destroyPipeline(66)) - Pipeline destroy failed for pipeline=PipelineID=1c222981-f753-43aa-b5f1-5176954a2aab dn=a9e3505a-b857-4083-807b-c489e4862dfa{ip: 192.168.69.85, host: pr-hdds-1054-8d95c-1017424488, networkLocation: /default-rack, certSerialId: null}
2019-09-16 21:11:11,227 [RatisPipelineUtilsThread] ERROR pipeline.SCMPipelineManager (Scheduler.java:lambda$schedule$1(70)) - Destroy pipeline failed for pipeline:Pipeline[ Id: 1c222981-f753-43aa-b5f1-5176954a2aab, Nodes: 701ccf05-4c28-42f5-aa92-67be6d940b6d{ip: 192.168.69.85, host: pr-hdds-1054-8d95c-1017424488, networkLocation: /default-rack, certSerialId: null}ad2d061b-bce4-4929-94ab-c6ef8113ba3f{ip: 192.168.69.85, host: pr-hdds-1054-8d95c-1017424488, networkLocation: /default-rack, certSerialId: null}a9e3505a-b857-4083-807b-c489e4862dfa{ip: 192.168.69.85, host: pr-hdds-1054-8d95c-1017424488, networkLocation: /default-rack, certSerialId: null}, Type:RATIS, Factor:THREE, State:CLOSED]
org.apache.hadoop.hdds.scm.pipeline.PipelineNotFoundException: PipelineID=1c222981-f753-43aa-b5f1-5176954a2aab not found
	at org.apache.hadoop.hdds.scm.pipeline.PipelineStateMap.getPipeline(PipelineStateMap.java:132)
	at org.apache.hadoop.hdds.scm.pipeline.PipelineStateMap.removePipeline(PipelineStateMap.java:322)
	at org.apache.hadoop.hdds.scm.pipeline.PipelineStateManager.removePipeline(PipelineStateManager.java:107)
	at org.apache.hadoop.hdds.scm.pipeline.SCMPipelineManager.removePipeline(SCMPipelineManager.java:423)
	at org.apache.hadoop.hdds.scm.pipeline.SCMPipelineManager.destroyPipeline(SCMPipelineManager.java:409)
	at org.apache.hadoop.hdds.scm.pipeline.SCMPipelineManager.lambda$finalizeAndDestroyPipeline$0(SCMPipelineManager.java:318)
	at org.apache.hadoop.utils.Scheduler.lambda$schedule$1(Scheduler.java:68)
	at java.util.concurrent.Executors$RunnableAdapter.call(Executors.java:511)
	at java.util.concurrent.FutureTask.run(FutureTask.java:266)
	at java.util.concurrent.ScheduledThreadPoolExecutor$ScheduledFutureTask.access$201(ScheduledThreadPoolExecutor.java:180)
	at java.util.concurrent.ScheduledThreadPoolExecutor$ScheduledFutureTask.run(ScheduledThreadPoolExecutor.java:293)
	at java.util.concurrent.ThreadPoolExecutor.runWorker(ThreadPoolExecutor.java:1149)
	at java.util.concurrent.ThreadPoolExecutor$Worker.run(ThreadPoolExecutor.java:624)
	at java.lang.Thread.run(Thread.java:748)
2019-09-16 21:11:12,737 [java.util.concurrent.ThreadPoolExecutor$Worker@796e945c[State = -1, empty queue]] WARN  server.GrpcLogAppender (GrpcLogAppender.java:timeoutAppendRequest(200)) - ad2d061b-bce4-4929-94ab-c6ef8113ba3f@group-A1C7DCA6ACCF->a9e3505a-b857-4083-807b-c489e4862dfa-GrpcLogAppender: appendEntries Timeout, request=ad2d061b-bce4-4929-94ab-c6ef8113ba3f->a9e3505a-b857-4083-807b-c489e4862dfa#6-t1, previous=(t:1, i:4), leaderCommit=4, initializing? false, entries: size=1, first=(t:1, i:5), STATEMACHINELOGENTRY, client-85FCB0D44123, cid=50
2019-09-16 21:11:12,737 [java.util.concurrent.ThreadPoolExecutor$Worker@8186817[State = -1, empty queue]] WARN  server.GrpcLogAppender (GrpcLogAppender.java:timeoutAppendRequest(200)) - ad2d061b-bce4-4929-94ab-c6ef8113ba3f@group-A1C7DCA6ACCF->701ccf05-4c28-42f5-aa92-67be6d940b6d-GrpcLogAppender: appendEntries Timeout, request=ad2d061b-bce4-4929-94ab-c6ef8113ba3f->701ccf05-4c28-42f5-aa92-67be6d940b6d#6-t1, previous=(t:1, i:4), leaderCommit=4, initializing? false, entries: size=1, first=(t:1, i:5), STATEMACHINELOGENTRY, client-85FCB0D44123, cid=50
2019-09-16 21:11:12,738 [java.util.concurrent.ThreadPoolExecutor$Worker@8186817[State = -1, empty queue]] WARN  server.GrpcLogAppender (GrpcLogAppender.java:timeoutAppendRequest(200)) - ad2d061b-bce4-4929-94ab-c6ef8113ba3f@group-A1C7DCA6ACCF->701ccf05-4c28-42f5-aa92-67be6d940b6d-GrpcLogAppender: appendEntries Timeout, request=ad2d061b-bce4-4929-94ab-c6ef8113ba3f->701ccf05-4c28-42f5-aa92-67be6d940b6d#7-t1, previous=(t:1, i:5), leaderCommit=4, initializing? false, entries: size=1, first=(t:1, i:6), STATEMACHINELOGENTRY, client-85FCB0D44123, cid=51
2019-09-16 21:11:12,738 [java.util.concurrent.ThreadPoolExecutor$Worker@796e945c[State = -1, empty queue]] WARN  server.GrpcLogAppender (GrpcLogAppender.java:timeoutAppendRequest(200)) - ad2d061b-bce4-4929-94ab-c6ef8113ba3f@group-A1C7DCA6ACCF->a9e3505a-b857-4083-807b-c489e4862dfa-GrpcLogAppender: appendEntries Timeout, request=ad2d061b-bce4-4929-94ab-c6ef8113ba3f->a9e3505a-b857-4083-807b-c489e4862dfa#7-t1, previous=(t:1, i:5), leaderCommit=4, initializing? false, entries: size=1, first=(t:1, i:6), STATEMACHINELOGENTRY, client-85FCB0D44123, cid=51
2019-09-16 21:11:12,738 [java.util.concurrent.ThreadPoolExecutor$Worker@8186817[State = -1, empty queue]] WARN  server.GrpcLogAppender (GrpcLogAppender.java:timeoutAppendRequest(200)) - ad2d061b-bce4-4929-94ab-c6ef8113ba3f@group-A1C7DCA6ACCF->701ccf05-4c28-42f5-aa92-67be6d940b6d-GrpcLogAppender: appendEntries Timeout, request=ad2d061b-bce4-4929-94ab-c6ef8113ba3f->701ccf05-4c28-42f5-aa92-67be6d940b6d#8-t1, previous=(t:1, i:6), leaderCommit=4, initializing? false, entries: size=1, first=(t:1, i:7), STATEMACHINELOGENTRY, client-85FCB0D44123, cid=52
2019-09-16 21:11:12,738 [java.util.concurrent.ThreadPoolExecutor$Worker@796e945c[State = -1, empty queue]] WARN  server.GrpcLogAppender (GrpcLogAppender.java:timeoutAppendRequest(200)) - ad2d061b-bce4-4929-94ab-c6ef8113ba3f@group-A1C7DCA6ACCF->a9e3505a-b857-4083-807b-c489e4862dfa-GrpcLogAppender: appendEntries Timeout, request=ad2d061b-bce4-4929-94ab-c6ef8113ba3f->a9e3505a-b857-4083-807b-c489e4862dfa#8-t1, previous=(t:1, i:6), leaderCommit=4, initializing? false, entries: size=1, first=(t:1, i:7), STATEMACHINELOGENTRY, client-85FCB0D44123, cid=52
2019-09-16 21:11:12,739 [java.util.concurrent.ThreadPoolExecutor$Worker@8186817[State = -1, empty queue]] WARN  server.GrpcLogAppender (GrpcLogAppender.java:timeoutAppendRequest(200)) - ad2d061b-bce4-4929-94ab-c6ef8113ba3f@group-A1C7DCA6ACCF->701ccf05-4c28-42f5-aa92-67be6d940b6d-GrpcLogAppender: appendEntries Timeout, request=ad2d061b-bce4-4929-94ab-c6ef8113ba3f->701ccf05-4c28-42f5-aa92-67be6d940b6d#9-t1, previous=(t:1, i:7), leaderCommit=4, initializing? false, entries: size=1, first=(t:1, i:8), STATEMACHINELOGENTRY, client-85FCB0D44123, cid=53
2019-09-16 21:11:12,739 [java.util.concurrent.ThreadPoolExecutor$Worker@796e945c[State = -1, empty queue]] WARN  server.GrpcLogAppender (GrpcLogAppender.java:timeoutAppendRequest(200)) - ad2d061b-bce4-4929-94ab-c6ef8113ba3f@group-A1C7DCA6ACCF->a9e3505a-b857-4083-807b-c489e4862dfa-GrpcLogAppender: appendEntries Timeout, request=ad2d061b-bce4-4929-94ab-c6ef8113ba3f->a9e3505a-b857-4083-807b-c489e4862dfa#9-t1, previous=(t:1, i:7), leaderCommit=4, initializing? false, entries: size=1, first=(t:1, i:8), STATEMACHINELOGENTRY, client-85FCB0D44123, cid=53
2019-09-16 21:11:12,740 [java.util.concurrent.ThreadPoolExecutor$Worker@8186817[State = -1, empty queue]] WARN  server.GrpcLogAppender (GrpcLogAppender.java:timeoutAppendRequest(200)) - ad2d061b-bce4-4929-94ab-c6ef8113ba3f@group-A1C7DCA6ACCF->701ccf05-4c28-42f5-aa92-67be6d940b6d-GrpcLogAppender: appendEntries Timeout, request=ad2d061b-bce4-4929-94ab-c6ef8113ba3f->701ccf05-4c28-42f5-aa92-67be6d940b6d#10-t1, previous=(t:1, i:8), leaderCommit=4, initializing? false, entries: size=1, first=(t:1, i:9), STATEMACHINELOGENTRY, client-85FCB0D44123, cid=54
2019-09-16 21:11:12,740 [java.util.concurrent.ThreadPoolExecutor$Worker@796e945c[State = -1, empty queue]] WARN  server.GrpcLogAppender (GrpcLogAppender.java:timeoutAppendRequest(200)) - ad2d061b-bce4-4929-94ab-c6ef8113ba3f@group-A1C7DCA6ACCF->a9e3505a-b857-4083-807b-c489e4862dfa-GrpcLogAppender: appendEntries Timeout, request=ad2d061b-bce4-4929-94ab-c6ef8113ba3f->a9e3505a-b857-4083-807b-c489e4862dfa#10-t1, previous=(t:1, i:8), leaderCommit=4, initializing? false, entries: size=1, first=(t:1, i:9), STATEMACHINELOGENTRY, client-85FCB0D44123, cid=54
2019-09-16 21:11:12,741 [java.util.concurrent.ThreadPoolExecutor$Worker@8186817[State = -1, empty queue]] WARN  server.GrpcLogAppender (GrpcLogAppender.java:timeoutAppendRequest(200)) - ad2d061b-bce4-4929-94ab-c6ef8113ba3f@group-A1C7DCA6ACCF->701ccf05-4c28-42f5-aa92-67be6d940b6d-GrpcLogAppender: appendEntries Timeout, request=ad2d061b-bce4-4929-94ab-c6ef8113ba3f->701ccf05-4c28-42f5-aa92-67be6d940b6d#11-t1, previous=(t:1, i:9), leaderCommit=4, initializing? false, entries: size=1, first=(t:1, i:10), STATEMACHINELOGENTRY, client-85FCB0D44123, cid=55
2019-09-16 21:11:12,741 [java.util.concurrent.ThreadPoolExecutor$Worker@796e945c[State = -1, empty queue]] WARN  server.GrpcLogAppender (GrpcLogAppender.java:timeoutAppendRequest(200)) - ad2d061b-bce4-4929-94ab-c6ef8113ba3f@group-A1C7DCA6ACCF->a9e3505a-b857-4083-807b-c489e4862dfa-GrpcLogAppender: appendEntries Timeout, request=ad2d061b-bce4-4929-94ab-c6ef8113ba3f->a9e3505a-b857-4083-807b-c489e4862dfa#11-t1, previous=(t:1, i:9), leaderCommit=4, initializing? false, entries: size=1, first=(t:1, i:10), STATEMACHINELOGENTRY, client-85FCB0D44123, cid=55
2019-09-16 21:11:13,196 [grpc-default-executor-7] INFO  impl.RaftServerProxy (RaftServerProxy.java:remove(95)) - 701ccf05-4c28-42f5-aa92-67be6d940b6d: remove group-5176954A2AAB:null
2019-09-16 21:11:13,203 [RatisPipelineUtilsThread] WARN  pipeline.RatisPipelineUtils (RatisPipelineUtils.java:destroyPipeline(66)) - Pipeline destroy failed for pipeline=PipelineID=1c222981-f753-43aa-b5f1-5176954a2aab dn=701ccf05-4c28-42f5-aa92-67be6d940b6d{ip: 192.168.69.85, host: pr-hdds-1054-8d95c-1017424488, networkLocation: /default-rack, certSerialId: null}
2019-09-16 21:11:13,206 [grpc-default-executor-7] INFO  impl.RaftServerProxy (RaftServerProxy.java:remove(95)) - ad2d061b-bce4-4929-94ab-c6ef8113ba3f: remove group-5176954A2AAB:null
2019-09-16 21:11:13,213 [RatisPipelineUtilsThread] WARN  pipeline.RatisPipelineUtils (RatisPipelineUtils.java:destroyPipeline(66)) - Pipeline destroy failed for pipeline=PipelineID=1c222981-f753-43aa-b5f1-5176954a2aab dn=ad2d061b-bce4-4929-94ab-c6ef8113ba3f{ip: 192.168.69.85, host: pr-hdds-1054-8d95c-1017424488, networkLocation: /default-rack, certSerialId: null}
2019-09-16 21:11:13,216 [grpc-default-executor-7] INFO  impl.RaftServerProxy (RaftServerProxy.java:remove(95)) - a9e3505a-b857-4083-807b-c489e4862dfa: remove group-5176954A2AAB:null
2019-09-16 21:11:13,222 [RatisPipelineUtilsThread] WARN  pipeline.RatisPipelineUtils (RatisPipelineUtils.java:destroyPipeline(66)) - Pipeline destroy failed for pipeline=PipelineID=1c222981-f753-43aa-b5f1-5176954a2aab dn=a9e3505a-b857-4083-807b-c489e4862dfa{ip: 192.168.69.85, host: pr-hdds-1054-8d95c-1017424488, networkLocation: /default-rack, certSerialId: null}
2019-09-16 21:11:13,222 [RatisPipelineUtilsThread] ERROR pipeline.SCMPipelineManager (Scheduler.java:lambda$schedule$1(70)) - Destroy pipeline failed for pipeline:Pipeline[ Id: 1c222981-f753-43aa-b5f1-5176954a2aab, Nodes: 701ccf05-4c28-42f5-aa92-67be6d940b6d{ip: 192.168.69.85, host: pr-hdds-1054-8d95c-1017424488, networkLocation: /default-rack, certSerialId: null}ad2d061b-bce4-4929-94ab-c6ef8113ba3f{ip: 192.168.69.85, host: pr-hdds-1054-8d95c-1017424488, networkLocation: /default-rack, certSerialId: null}a9e3505a-b857-4083-807b-c489e4862dfa{ip: 192.168.69.85, host: pr-hdds-1054-8d95c-1017424488, networkLocation: /default-rack, certSerialId: null}, Type:RATIS, Factor:THREE, State:CLOSED]
org.apache.hadoop.hdds.scm.pipeline.PipelineNotFoundException: PipelineID=1c222981-f753-43aa-b5f1-5176954a2aab not found
	at org.apache.hadoop.hdds.scm.pipeline.PipelineStateMap.getPipeline(PipelineStateMap.java:132)
	at org.apache.hadoop.hdds.scm.pipeline.PipelineStateMap.removePipeline(PipelineStateMap.java:322)
	at org.apache.hadoop.hdds.scm.pipeline.PipelineStateManager.removePipeline(PipelineStateManager.java:107)
	at org.apache.hadoop.hdds.scm.pipeline.SCMPipelineManager.removePipeline(SCMPipelineManager.java:423)
	at org.apache.hadoop.hdds.scm.pipeline.SCMPipelineManager.destroyPipeline(SCMPipelineManager.java:409)
	at org.apache.hadoop.hdds.scm.pipeline.SCMPipelineManager.lambda$finalizeAndDestroyPipeline$0(SCMPipelineManager.java:318)
	at org.apache.hadoop.utils.Scheduler.lambda$schedule$1(Scheduler.java:68)
	at java.util.concurrent.Executors$RunnableAdapter.call(Executors.java:511)
	at java.util.concurrent.FutureTask.run(FutureTask.java:266)
	at java.util.concurrent.ScheduledThreadPoolExecutor$ScheduledFutureTask.access$201(ScheduledThreadPoolExecutor.java:180)
	at java.util.concurrent.ScheduledThreadPoolExecutor$ScheduledFutureTask.run(ScheduledThreadPoolExecutor.java:293)
	at java.util.concurrent.ThreadPoolExecutor.runWorker(ThreadPoolExecutor.java:1149)
	at java.util.concurrent.ThreadPoolExecutor$Worker.run(ThreadPoolExecutor.java:624)
	at java.lang.Thread.run(Thread.java:748)
2019-09-16 21:11:14,757 [grpc-default-executor-6] INFO  client.GrpcClientProtocolClient (GrpcClientProtocolClient.java:onNext(264)) - client-85FCB0D44123->701ccf05-4c28-42f5-aa92-67be6d940b6d: receive RaftClientReply:client-85FCB0D44123->701ccf05-4c28-42f5-aa92-67be6d940b6d@group-A1C7DCA6ACCF, cid=50, FAILED org.apache.ratis.protocol.NotLeaderException: Server 701ccf05-4c28-42f5-aa92-67be6d940b6d@group-A1C7DCA6ACCF is not the leader ad2d061b-bce4-4929-94ab-c6ef8113ba3f:192.168.69.85:43917, logIndex=0, commits[701ccf05-4c28-42f5-aa92-67be6d940b6d:c4, ad2d061b-bce4-4929-94ab-c6ef8113ba3f:c4, a9e3505a-b857-4083-807b-c489e4862dfa:c3]
2019-09-16 21:11:15,241 [java.util.concurrent.ThreadPoolExecutor$Worker@8186817[State = -1, empty queue]] WARN  server.GrpcLogAppender (GrpcLogAppender.java:timeoutAppendRequest(200)) - ad2d061b-bce4-4929-94ab-c6ef8113ba3f@group-A1C7DCA6ACCF->701ccf05-4c28-42f5-aa92-67be6d940b6d-GrpcLogAppender: appendEntries Timeout, request=ad2d061b-bce4-4929-94ab-c6ef8113ba3f->701ccf05-4c28-42f5-aa92-67be6d940b6d#12-t1, previous=(t:1, i:10), leaderCommit=4, initializing? false, entries: <empty>
2019-09-16 21:11:15,243 [java.util.concurrent.ThreadPoolExecutor$Worker@796e945c[State = -1, empty queue]] WARN  server.GrpcLogAppender (GrpcLogAppender.java:timeoutAppendRequest(200)) - ad2d061b-bce4-4929-94ab-c6ef8113ba3f@group-A1C7DCA6ACCF->a9e3505a-b857-4083-807b-c489e4862dfa-GrpcLogAppender: appendEntries Timeout, request=ad2d061b-bce4-4929-94ab-c6ef8113ba3f->a9e3505a-b857-4083-807b-c489e4862dfa#12-t1, previous=(t:1, i:10), leaderCommit=4, initializing? false, entries: <empty>
2019-09-16 21:11:16,202 [grpc-default-executor-7] INFO  impl.RaftServerProxy (RaftServerProxy.java:remove(95)) - 701ccf05-4c28-42f5-aa92-67be6d940b6d: remove group-5176954A2AAB:null
2019-09-16 21:11:16,210 [RatisPipelineUtilsThread] WARN  pipeline.RatisPipelineUtils (RatisPipelineUtils.java:destroyPipeline(66)) - Pipeline destroy failed for pipeline=PipelineID=1c222981-f753-43aa-b5f1-5176954a2aab dn=701ccf05-4c28-42f5-aa92-67be6d940b6d{ip: 192.168.69.85, host: pr-hdds-1054-8d95c-1017424488, networkLocation: /default-rack, certSerialId: null}
2019-09-16 21:11:16,213 [grpc-default-executor-7] INFO  impl.RaftServerProxy (RaftServerProxy.java:remove(95)) - ad2d061b-bce4-4929-94ab-c6ef8113ba3f: remove group-5176954A2AAB:null
2019-09-16 21:11:16,219 [RatisPipelineUtilsThread] WARN  pipeline.RatisPipelineUtils (RatisPipelineUtils.java:destroyPipeline(66)) - Pipeline destroy failed for pipeline=PipelineID=1c222981-f753-43aa-b5f1-5176954a2aab dn=ad2d061b-bce4-4929-94ab-c6ef8113ba3f{ip: 192.168.69.85, host: pr-hdds-1054-8d95c-1017424488, networkLocation: /default-rack, certSerialId: null}
2019-09-16 21:11:16,222 [grpc-default-executor-7] INFO  impl.RaftServerProxy (RaftServerProxy.java:remove(95)) - a9e3505a-b857-4083-807b-c489e4862dfa: remove group-5176954A2AAB:null
2019-09-16 21:11:16,228 [RatisPipelineUtilsThread] WARN  pipeline.RatisPipelineUtils (RatisPipelineUtils.java:destroyPipeline(66)) - Pipeline destroy failed for pipeline=PipelineID=1c222981-f753-43aa-b5f1-5176954a2aab dn=a9e3505a-b857-4083-807b-c489e4862dfa{ip: 192.168.69.85, host: pr-hdds-1054-8d95c-1017424488, networkLocation: /default-rack, certSerialId: null}
2019-09-16 21:11:16,228 [RatisPipelineUtilsThread] ERROR pipeline.SCMPipelineManager (Scheduler.java:lambda$schedule$1(70)) - Destroy pipeline failed for pipeline:Pipeline[ Id: 1c222981-f753-43aa-b5f1-5176954a2aab, Nodes: 701ccf05-4c28-42f5-aa92-67be6d940b6d{ip: 192.168.69.85, host: pr-hdds-1054-8d95c-1017424488, networkLocation: /default-rack, certSerialId: null}ad2d061b-bce4-4929-94ab-c6ef8113ba3f{ip: 192.168.69.85, host: pr-hdds-1054-8d95c-1017424488, networkLocation: /default-rack, certSerialId: null}a9e3505a-b857-4083-807b-c489e4862dfa{ip: 192.168.69.85, host: pr-hdds-1054-8d95c-1017424488, networkLocation: /default-rack, certSerialId: null}, Type:RATIS, Factor:THREE, State:CLOSED]
org.apache.hadoop.hdds.scm.pipeline.PipelineNotFoundException: PipelineID=1c222981-f753-43aa-b5f1-5176954a2aab not found
	at org.apache.hadoop.hdds.scm.pipeline.PipelineStateMap.getPipeline(PipelineStateMap.java:132)
	at org.apache.hadoop.hdds.scm.pipeline.PipelineStateMap.removePipeline(PipelineStateMap.java:322)
	at org.apache.hadoop.hdds.scm.pipeline.PipelineStateManager.removePipeline(PipelineStateManager.java:107)
	at org.apache.hadoop.hdds.scm.pipeline.SCMPipelineManager.removePipeline(SCMPipelineManager.java:423)
	at org.apache.hadoop.hdds.scm.pipeline.SCMPipelineManager.destroyPipeline(SCMPipelineManager.java:409)
	at org.apache.hadoop.hdds.scm.pipeline.SCMPipelineManager.lambda$finalizeAndDestroyPipeline$0(SCMPipelineManager.java:318)
	at org.apache.hadoop.utils.Scheduler.lambda$schedule$1(Scheduler.java:68)
	at java.util.concurrent.Executors$RunnableAdapter.call(Executors.java:511)
	at java.util.concurrent.FutureTask.run(FutureTask.java:266)
	at java.util.concurrent.ScheduledThreadPoolExecutor$ScheduledFutureTask.access$201(ScheduledThreadPoolExecutor.java:180)
	at java.util.concurrent.ScheduledThreadPoolExecutor$ScheduledFutureTask.run(ScheduledThreadPoolExecutor.java:293)
	at java.util.concurrent.ThreadPoolExecutor.runWorker(ThreadPoolExecutor.java:1149)
	at java.util.concurrent.ThreadPoolExecutor$Worker.run(ThreadPoolExecutor.java:624)
	at java.lang.Thread.run(Thread.java:748)
2019-09-16 21:11:17,742 [java.util.concurrent.ThreadPoolExecutor$Worker@8186817[State = -1, empty queue]] WARN  server.GrpcLogAppender (GrpcLogAppender.java:timeoutAppendRequest(200)) - ad2d061b-bce4-4929-94ab-c6ef8113ba3f@group-A1C7DCA6ACCF->701ccf05-4c28-42f5-aa92-67be6d940b6d-GrpcLogAppender: appendEntries Timeout, request=ad2d061b-bce4-4929-94ab-c6ef8113ba3f->701ccf05-4c28-42f5-aa92-67be6d940b6d#13-t1, previous=(t:1, i:10), leaderCommit=4, initializing? false, entries: <empty>
2019-09-16 21:11:17,743 [java.util.concurrent.ThreadPoolExecutor$Worker@796e945c[State = -1, empty queue]] WARN  server.GrpcLogAppender (GrpcLogAppender.java:timeoutAppendRequest(200)) - ad2d061b-bce4-4929-94ab-c6ef8113ba3f@group-A1C7DCA6ACCF->a9e3505a-b857-4083-807b-c489e4862dfa-GrpcLogAppender: appendEntries Timeout, request=ad2d061b-bce4-4929-94ab-c6ef8113ba3f->a9e3505a-b857-4083-807b-c489e4862dfa#13-t1, previous=(t:1, i:10), leaderCommit=4, initializing? false, entries: <empty>
2019-09-16 21:11:18,196 [grpc-default-executor-2] INFO  impl.RaftServerProxy (RaftServerProxy.java:remove(95)) - 701ccf05-4c28-42f5-aa92-67be6d940b6d: remove group-5176954A2AAB:null
2019-09-16 21:11:18,203 [RatisPipelineUtilsThread] WARN  pipeline.RatisPipelineUtils (RatisPipelineUtils.java:destroyPipeline(66)) - Pipeline destroy failed for pipeline=PipelineID=1c222981-f753-43aa-b5f1-5176954a2aab dn=701ccf05-4c28-42f5-aa92-67be6d940b6d{ip: 192.168.69.85, host: pr-hdds-1054-8d95c-1017424488, networkLocation: /default-rack, certSerialId: null}
2019-09-16 21:11:18,207 [grpc-default-executor-2] INFO  impl.RaftServerProxy (RaftServerProxy.java:remove(95)) - ad2d061b-bce4-4929-94ab-c6ef8113ba3f: remove group-5176954A2AAB:null
2019-09-16 21:11:18,212 [RatisPipelineUtilsThread] WARN  pipeline.RatisPipelineUtils (RatisPipelineUtils.java:destroyPipeline(66)) - Pipeline destroy failed for pipeline=PipelineID=1c222981-f753-43aa-b5f1-5176954a2aab dn=ad2d061b-bce4-4929-94ab-c6ef8113ba3f{ip: 192.168.69.85, host: pr-hdds-1054-8d95c-1017424488, networkLocation: /default-rack, certSerialId: null}
2019-09-16 21:11:18,215 [grpc-default-executor-2] INFO  impl.RaftServerProxy (RaftServerProxy.java:remove(95)) - a9e3505a-b857-4083-807b-c489e4862dfa: remove group-5176954A2AAB:null
2019-09-16 21:11:18,228 [RatisPipelineUtilsThread] WARN  pipeline.RatisPipelineUtils (RatisPipelineUtils.java:destroyPipeline(66)) - Pipeline destroy failed for pipeline=PipelineID=1c222981-f753-43aa-b5f1-5176954a2aab dn=a9e3505a-b857-4083-807b-c489e4862dfa{ip: 192.168.69.85, host: pr-hdds-1054-8d95c-1017424488, networkLocation: /default-rack, certSerialId: null}
2019-09-16 21:11:18,229 [RatisPipelineUtilsThread] ERROR pipeline.SCMPipelineManager (Scheduler.java:lambda$schedule$1(70)) - Destroy pipeline failed for pipeline:Pipeline[ Id: 1c222981-f753-43aa-b5f1-5176954a2aab, Nodes: 701ccf05-4c28-42f5-aa92-67be6d940b6d{ip: 192.168.69.85, host: pr-hdds-1054-8d95c-1017424488, networkLocation: /default-rack, certSerialId: null}ad2d061b-bce4-4929-94ab-c6ef8113ba3f{ip: 192.168.69.85, host: pr-hdds-1054-8d95c-1017424488, networkLocation: /default-rack, certSerialId: null}a9e3505a-b857-4083-807b-c489e4862dfa{ip: 192.168.69.85, host: pr-hdds-1054-8d95c-1017424488, networkLocation: /default-rack, certSerialId: null}, Type:RATIS, Factor:THREE, State:CLOSED]
org.apache.hadoop.hdds.scm.pipeline.PipelineNotFoundException: PipelineID=1c222981-f753-43aa-b5f1-5176954a2aab not found
	at org.apache.hadoop.hdds.scm.pipeline.PipelineStateMap.getPipeline(PipelineStateMap.java:132)
	at org.apache.hadoop.hdds.scm.pipeline.PipelineStateMap.removePipeline(PipelineStateMap.java:322)
	at org.apache.hadoop.hdds.scm.pipeline.PipelineStateManager.removePipeline(PipelineStateManager.java:107)
	at org.apache.hadoop.hdds.scm.pipeline.SCMPipelineManager.removePipeline(SCMPipelineManager.java:423)
	at org.apache.hadoop.hdds.scm.pipeline.SCMPipelineManager.destroyPipeline(SCMPipelineManager.java:409)
	at org.apache.hadoop.hdds.scm.pipeline.SCMPipelineManager.lambda$finalizeAndDestroyPipeline$0(SCMPipelineManager.java:318)
	at org.apache.hadoop.utils.Scheduler.lambda$schedule$1(Scheduler.java:68)
	at java.util.concurrent.Executors$RunnableAdapter.call(Executors.java:511)
	at java.util.concurrent.FutureTask.run(FutureTask.java:266)
	at java.util.concurrent.ScheduledThreadPoolExecutor$ScheduledFutureTask.access$201(ScheduledThreadPoolExecutor.java:180)
	at java.util.concurrent.ScheduledThreadPoolExecutor$ScheduledFutureTask.run(ScheduledThreadPoolExecutor.java:293)
	at java.util.concurrent.ThreadPoolExecutor.runWorker(ThreadPoolExecutor.java:1149)
	at java.util.concurrent.ThreadPoolExecutor$Worker.run(ThreadPoolExecutor.java:624)
	at java.lang.Thread.run(Thread.java:748)
2019-09-16 21:11:19,738 [701ccf05-4c28-42f5-aa92-67be6d940b6d@group-A1C7DCA6ACCF-SegmentedRaftLogWorker] WARN  segmented.SegmentedRaftLogWorker (SegmentedRaftLogWorker.java:getFromFuture(90)) - Timeout 0/~
org.apache.ratis.protocol.TimeoutIOException: Timeout 10s: WriteLog:5: (t:1, i:5), STATEMACHINELOGENTRY, client-85FCB0D44123, cid=50-writeStateMachineData
	at org.apache.ratis.util.IOUtils.getFromFuture(IOUtils.java:87)
	at org.apache.ratis.server.raftlog.segmented.SegmentedRaftLogWorker$StateMachineDataPolicy.getFromFuture(SegmentedRaftLogWorker.java:87)
	at org.apache.ratis.server.raftlog.segmented.SegmentedRaftLogWorker$WriteLog.execute(SegmentedRaftLogWorker.java:477)
	at org.apache.ratis.server.raftlog.segmented.SegmentedRaftLogWorker.run(SegmentedRaftLogWorker.java:289)
	at java.lang.Thread.run(Thread.java:748)
Caused by: java.util.concurrent.TimeoutException
	at java.util.concurrent.CompletableFuture.timedGet(CompletableFuture.java:1771)
	at java.util.concurrent.CompletableFuture.get(CompletableFuture.java:1915)
	at org.apache.ratis.util.IOUtils.getFromFuture(IOUtils.java:79)
	... 4 more
2019-09-16 21:11:19,793 [grpc-default-executor-7] INFO  client.GrpcClientProtocolClient (GrpcClientProtocolClient.java:onNext(264)) - client-85FCB0D44123->701ccf05-4c28-42f5-aa92-67be6d940b6d: receive RaftClientReply:client-85FCB0D44123->701ccf05-4c28-42f5-aa92-67be6d940b6d@group-A1C7DCA6ACCF, cid=50, FAILED org.apache.ratis.protocol.NotLeaderException: Server 701ccf05-4c28-42f5-aa92-67be6d940b6d@group-A1C7DCA6ACCF is not the leader ad2d061b-bce4-4929-94ab-c6ef8113ba3f:192.168.69.85:43917, logIndex=0, commits[701ccf05-4c28-42f5-aa92-67be6d940b6d:c4, ad2d061b-bce4-4929-94ab-c6ef8113ba3f:c4, a9e3505a-b857-4083-807b-c489e4862dfa:c3]
2019-09-16 21:11:19,810 [ad2d061b-bce4-4929-94ab-c6ef8113ba3f@group-A1C7DCA6ACCF-SegmentedRaftLogWorker] WARN  segmented.SegmentedRaftLogWorker (SegmentedRaftLogWorker.java:getFromFuture(90)) - Timeout 0/~
org.apache.ratis.protocol.TimeoutIOException: Timeout 10s: WriteLog:8: (t:1, i:8), STATEMACHINELOGENTRY, client-85FCB0D44123, cid=53-writeStateMachineData
	at org.apache.ratis.util.IOUtils.getFromFuture(IOUtils.java:87)
	at org.apache.ratis.server.raftlog.segmented.SegmentedRaftLogWorker$StateMachineDataPolicy.getFromFuture(SegmentedRaftLogWorker.java:87)
	at org.apache.ratis.server.raftlog.segmented.SegmentedRaftLogWorker$WriteLog.execute(SegmentedRaftLogWorker.java:477)
	at org.apache.ratis.server.raftlog.segmented.SegmentedRaftLogWorker.run(SegmentedRaftLogWorker.java:289)
	at java.lang.Thread.run(Thread.java:748)
Caused by: java.util.concurrent.TimeoutException
	at java.util.concurrent.CompletableFuture.timedGet(CompletableFuture.java:1771)
	at java.util.concurrent.CompletableFuture.get(CompletableFuture.java:1915)
	at org.apache.ratis.util.IOUtils.getFromFuture(IOUtils.java:79)
	... 4 more
2019-09-16 21:11:19,810 [a9e3505a-b857-4083-807b-c489e4862dfa@group-A1C7DCA6ACCF-SegmentedRaftLogWorker] WARN  segmented.SegmentedRaftLogWorker (SegmentedRaftLogWorker.java:getFromFuture(90)) - Timeout 0/~
org.apache.ratis.protocol.TimeoutIOException: Timeout 10s: WriteLog:8: (t:1, i:8), STATEMACHINELOGENTRY, client-85FCB0D44123, cid=53-writeStateMachineData
	at org.apache.ratis.util.IOUtils.getFromFuture(IOUtils.java:87)
	at org.apache.ratis.server.raftlog.segmented.SegmentedRaftLogWorker$StateMachineDataPolicy.getFromFuture(SegmentedRaftLogWorker.java:87)
	at org.apache.ratis.server.raftlog.segmented.SegmentedRaftLogWorker$WriteLog.execute(SegmentedRaftLogWorker.java:477)
	at org.apache.ratis.server.raftlog.segmented.SegmentedRaftLogWorker.run(SegmentedRaftLogWorker.java:289)
	at java.lang.Thread.run(Thread.java:748)
Caused by: java.util.concurrent.TimeoutException
	at java.util.concurrent.CompletableFuture.timedGet(CompletableFuture.java:1771)
	at java.util.concurrent.CompletableFuture.get(CompletableFuture.java:1915)
	at org.apache.ratis.util.IOUtils.getFromFuture(IOUtils.java:79)
	... 4 more
2019-09-16 21:11:20,242 [java.util.concurrent.ThreadPoolExecutor$Worker@8186817[State = -1, empty queue]] WARN  server.GrpcLogAppender (GrpcLogAppender.java:timeoutAppendRequest(200)) - ad2d061b-bce4-4929-94ab-c6ef8113ba3f@group-A1C7DCA6ACCF->701ccf05-4c28-42f5-aa92-67be6d940b6d-GrpcLogAppender: appendEntries Timeout, request=ad2d061b-bce4-4929-94ab-c6ef8113ba3f->701ccf05-4c28-42f5-aa92-67be6d940b6d#14-t1, previous=(t:1, i:10), leaderCommit=4, initializing? false, entries: <empty>
2019-09-16 21:11:20,244 [java.util.concurrent.ThreadPoolExecutor$Worker@796e945c[State = -1, empty queue]] WARN  server.GrpcLogAppender (GrpcLogAppender.java:timeoutAppendRequest(200)) - ad2d061b-bce4-4929-94ab-c6ef8113ba3f@group-A1C7DCA6ACCF->a9e3505a-b857-4083-807b-c489e4862dfa-GrpcLogAppender: appendEntries Timeout, request=ad2d061b-bce4-4929-94ab-c6ef8113ba3f->a9e3505a-b857-4083-807b-c489e4862dfa#14-t1, previous=(t:1, i:10), leaderCommit=4, initializing? false, entries: <empty>
2019-09-16 21:11:21,200 [grpc-default-executor-7] INFO  impl.RaftServerProxy (RaftServerProxy.java:remove(95)) - 701ccf05-4c28-42f5-aa92-67be6d940b6d: remove group-5176954A2AAB:null
2019-09-16 21:11:21,209 [RatisPipelineUtilsThread] WARN  pipeline.RatisPipelineUtils (RatisPipelineUtils.java:destroyPipeline(66)) - Pipeline destroy failed for pipeline=PipelineID=1c222981-f753-43aa-b5f1-5176954a2aab dn=701ccf05-4c28-42f5-aa92-67be6d940b6d{ip: 192.168.69.85, host: pr-hdds-1054-8d95c-1017424488, networkLocation: /default-rack, certSerialId: null}
2019-09-16 21:11:21,213 [grpc-default-executor-7] INFO  impl.RaftServerProxy (RaftServerProxy.java:remove(95)) - ad2d061b-bce4-4929-94ab-c6ef8113ba3f: remove group-5176954A2AAB:null
2019-09-16 21:11:21,218 [RatisPipelineUtilsThread] WARN  pipeline.RatisPipelineUtils (RatisPipelineUtils.java:destroyPipeline(66)) - Pipeline destroy failed for pipeline=PipelineID=1c222981-f753-43aa-b5f1-5176954a2aab dn=ad2d061b-bce4-4929-94ab-c6ef8113ba3f{ip: 192.168.69.85, host: pr-hdds-1054-8d95c-1017424488, networkLocation: /default-rack, certSerialId: null}
2019-09-16 21:11:21,221 [grpc-default-executor-7] INFO  impl.RaftServerProxy (RaftServerProxy.java:remove(95)) - a9e3505a-b857-4083-807b-c489e4862dfa: remove group-5176954A2AAB:null
2019-09-16 21:11:21,227 [RatisPipelineUtilsThread] WARN  pipeline.RatisPipelineUtils (RatisPipelineUtils.java:destroyPipeline(66)) - Pipeline destroy failed for pipeline=PipelineID=1c222981-f753-43aa-b5f1-5176954a2aab dn=a9e3505a-b857-4083-807b-c489e4862dfa{ip: 192.168.69.85, host: pr-hdds-1054-8d95c-1017424488, networkLocation: /default-rack, certSerialId: null}
2019-09-16 21:11:21,228 [RatisPipelineUtilsThread] ERROR pipeline.SCMPipelineManager (Scheduler.java:lambda$schedule$1(70)) - Destroy pipeline failed for pipeline:Pipeline[ Id: 1c222981-f753-43aa-b5f1-5176954a2aab, Nodes: 701ccf05-4c28-42f5-aa92-67be6d940b6d{ip: 192.168.69.85, host: pr-hdds-1054-8d95c-1017424488, networkLocation: /default-rack, certSerialId: null}ad2d061b-bce4-4929-94ab-c6ef8113ba3f{ip: 192.168.69.85, host: pr-hdds-1054-8d95c-1017424488, networkLocation: /default-rack, certSerialId: null}a9e3505a-b857-4083-807b-c489e4862dfa{ip: 192.168.69.85, host: pr-hdds-1054-8d95c-1017424488, networkLocation: /default-rack, certSerialId: null}, Type:RATIS, Factor:THREE, State:CLOSED]
org.apache.hadoop.hdds.scm.pipeline.PipelineNotFoundException: PipelineID=1c222981-f753-43aa-b5f1-5176954a2aab not found
	at org.apache.hadoop.hdds.scm.pipeline.PipelineStateMap.getPipeline(PipelineStateMap.java:132)
	at org.apache.hadoop.hdds.scm.pipeline.PipelineStateMap.removePipeline(PipelineStateMap.java:322)
	at org.apache.hadoop.hdds.scm.pipeline.PipelineStateManager.removePipeline(PipelineStateManager.java:107)
	at org.apache.hadoop.hdds.scm.pipeline.SCMPipelineManager.removePipeline(SCMPipelineManager.java:423)
	at org.apache.hadoop.hdds.scm.pipeline.SCMPipelineManager.destroyPipeline(SCMPipelineManager.java:409)
	at org.apache.hadoop.hdds.scm.pipeline.SCMPipelineManager.lambda$finalizeAndDestroyPipeline$0(SCMPipelineManager.java:318)
	at org.apache.hadoop.utils.Scheduler.lambda$schedule$1(Scheduler.java:68)
	at java.util.concurrent.Executors$RunnableAdapter.call(Executors.java:511)
	at java.util.concurrent.FutureTask.run(FutureTask.java:266)
	at java.util.concurrent.ScheduledThreadPoolExecutor$ScheduledFutureTask.access$201(ScheduledThreadPoolExecutor.java:180)
	at java.util.concurrent.ScheduledThreadPoolExecutor$ScheduledFutureTask.run(ScheduledThreadPoolExecutor.java:293)
	at java.util.concurrent.ThreadPoolExecutor.runWorker(ThreadPoolExecutor.java:1149)
	at java.util.concurrent.ThreadPoolExecutor$Worker.run(ThreadPoolExecutor.java:624)
	at java.lang.Thread.run(Thread.java:748)
2019-09-16 21:11:22,743 [java.util.concurrent.ThreadPoolExecutor$Worker@8186817[State = -1, empty queue]] WARN  server.GrpcLogAppender (GrpcLogAppender.java:timeoutAppendRequest(200)) - ad2d061b-bce4-4929-94ab-c6ef8113ba3f@group-A1C7DCA6ACCF->701ccf05-4c28-42f5-aa92-67be6d940b6d-GrpcLogAppender: appendEntries Timeout, request=ad2d061b-bce4-4929-94ab-c6ef8113ba3f->701ccf05-4c28-42f5-aa92-67be6d940b6d#15-t1, previous=(t:1, i:10), leaderCommit=4, initializing? false, entries: <empty>
2019-09-16 21:11:22,744 [java.util.concurrent.ThreadPoolExecutor$Worker@796e945c[State = -1, empty queue]] WARN  server.GrpcLogAppender (GrpcLogAppender.java:timeoutAppendRequest(200)) - ad2d061b-bce4-4929-94ab-c6ef8113ba3f@group-A1C7DCA6ACCF->a9e3505a-b857-4083-807b-c489e4862dfa-GrpcLogAppender: appendEntries Timeout, request=ad2d061b-bce4-4929-94ab-c6ef8113ba3f->a9e3505a-b857-4083-807b-c489e4862dfa#15-t1, previous=(t:1, i:10), leaderCommit=4, initializing? false, entries: <empty>
2019-09-16 21:11:23,198 [grpc-default-executor-2] INFO  impl.RaftServerProxy (RaftServerProxy.java:remove(95)) - 701ccf05-4c28-42f5-aa92-67be6d940b6d: remove group-5176954A2AAB:null
2019-09-16 21:11:23,205 [RatisPipelineUtilsThread] WARN  pipeline.RatisPipelineUtils (RatisPipelineUtils.java:destroyPipeline(66)) - Pipeline destroy failed for pipeline=PipelineID=1c222981-f753-43aa-b5f1-5176954a2aab dn=701ccf05-4c28-42f5-aa92-67be6d940b6d{ip: 192.168.69.85, host: pr-hdds-1054-8d95c-1017424488, networkLocation: /default-rack, certSerialId: null}
2019-09-16 21:11:23,208 [grpc-default-executor-2] INFO  impl.RaftServerProxy (RaftServerProxy.java:remove(95)) - ad2d061b-bce4-4929-94ab-c6ef8113ba3f: remove group-5176954A2AAB:null
2019-09-16 21:11:23,213 [RatisPipelineUtilsThread] WARN  pipeline.RatisPipelineUtils (RatisPipelineUtils.java:destroyPipeline(66)) - Pipeline destroy failed for pipeline=PipelineID=1c222981-f753-43aa-b5f1-5176954a2aab dn=ad2d061b-bce4-4929-94ab-c6ef8113ba3f{ip: 192.168.69.85, host: pr-hdds-1054-8d95c-1017424488, networkLocation: /default-rack, certSerialId: null}
2019-09-16 21:11:23,216 [grpc-default-executor-2] INFO  impl.RaftServerProxy (RaftServerProxy.java:remove(95)) - a9e3505a-b857-4083-807b-c489e4862dfa: remove group-5176954A2AAB:null
2019-09-16 21:11:23,221 [RatisPipelineUtilsThread] WARN  pipeline.RatisPipelineUtils (RatisPipelineUtils.java:destroyPipeline(66)) - Pipeline destroy failed for pipeline=PipelineID=1c222981-f753-43aa-b5f1-5176954a2aab dn=a9e3505a-b857-4083-807b-c489e4862dfa{ip: 192.168.69.85, host: pr-hdds-1054-8d95c-1017424488, networkLocation: /default-rack, certSerialId: null}
2019-09-16 21:11:23,221 [RatisPipelineUtilsThread] ERROR pipeline.SCMPipelineManager (Scheduler.java:lambda$schedule$1(70)) - Destroy pipeline failed for pipeline:Pipeline[ Id: 1c222981-f753-43aa-b5f1-5176954a2aab, Nodes: 701ccf05-4c28-42f5-aa92-67be6d940b6d{ip: 192.168.69.85, host: pr-hdds-1054-8d95c-1017424488, networkLocation: /default-rack, certSerialId: null}ad2d061b-bce4-4929-94ab-c6ef8113ba3f{ip: 192.168.69.85, host: pr-hdds-1054-8d95c-1017424488, networkLocation: /default-rack, certSerialId: null}a9e3505a-b857-4083-807b-c489e4862dfa{ip: 192.168.69.85, host: pr-hdds-1054-8d95c-1017424488, networkLocation: /default-rack, certSerialId: null}, Type:RATIS, Factor:THREE, State:CLOSED]
org.apache.hadoop.hdds.scm.pipeline.PipelineNotFoundException: PipelineID=1c222981-f753-43aa-b5f1-5176954a2aab not found
	at org.apache.hadoop.hdds.scm.pipeline.PipelineStateMap.getPipeline(PipelineStateMap.java:132)
	at org.apache.hadoop.hdds.scm.pipeline.PipelineStateMap.removePipeline(PipelineStateMap.java:322)
	at org.apache.hadoop.hdds.scm.pipeline.PipelineStateManager.removePipeline(PipelineStateManager.java:107)
	at org.apache.hadoop.hdds.scm.pipeline.SCMPipelineManager.removePipeline(SCMPipelineManager.java:423)
	at org.apache.hadoop.hdds.scm.pipeline.SCMPipelineManager.destroyPipeline(SCMPipelineManager.java:409)
	at org.apache.hadoop.hdds.scm.pipeline.SCMPipelineManager.lambda$finalizeAndDestroyPipeline$0(SCMPipelineManager.java:318)
	at org.apache.hadoop.utils.Scheduler.lambda$schedule$1(Scheduler.java:68)
	at java.util.concurrent.Executors$RunnableAdapter.call(Executors.java:511)
	at java.util.concurrent.FutureTask.run(FutureTask.java:266)
	at java.util.concurrent.ScheduledThreadPoolExecutor$ScheduledFutureTask.access$201(ScheduledThreadPoolExecutor.java:180)
	at java.util.concurrent.ScheduledThreadPoolExecutor$ScheduledFutureTask.run(ScheduledThreadPoolExecutor.java:293)
	at java.util.concurrent.ThreadPoolExecutor.runWorker(ThreadPoolExecutor.java:1149)
	at java.util.concurrent.ThreadPoolExecutor$Worker.run(ThreadPoolExecutor.java:624)
	at java.lang.Thread.run(Thread.java:748)
2019-09-16 21:11:24,837 [grpc-default-executor-7] INFO  client.GrpcClientProtocolClient (GrpcClientProtocolClient.java:onNext(264)) - client-85FCB0D44123->a9e3505a-b857-4083-807b-c489e4862dfa: receive RaftClientReply:client-85FCB0D44123->a9e3505a-b857-4083-807b-c489e4862dfa@group-A1C7DCA6ACCF, cid=50, FAILED org.apache.ratis.protocol.NotLeaderException: Server a9e3505a-b857-4083-807b-c489e4862dfa@group-A1C7DCA6ACCF is not the leader ad2d061b-bce4-4929-94ab-c6ef8113ba3f:192.168.69.85:43917, logIndex=0, commits[a9e3505a-b857-4083-807b-c489e4862dfa:c4, ad2d061b-bce4-4929-94ab-c6ef8113ba3f:c4, 701ccf05-4c28-42f5-aa92-67be6d940b6d:c3]
2019-09-16 21:11:25,244 [java.util.concurrent.ThreadPoolExecutor$Worker@8186817[State = -1, empty queue]] WARN  server.GrpcLogAppender (GrpcLogAppender.java:timeoutAppendRequest(200)) - ad2d061b-bce4-4929-94ab-c6ef8113ba3f@group-A1C7DCA6ACCF->701ccf05-4c28-42f5-aa92-67be6d940b6d-GrpcLogAppender: appendEntries Timeout, request=ad2d061b-bce4-4929-94ab-c6ef8113ba3f->701ccf05-4c28-42f5-aa92-67be6d940b6d#16-t1, previous=(t:1, i:10), leaderCommit=4, initializing? false, entries: <empty>
2019-09-16 21:11:25,245 [java.util.concurrent.ThreadPoolExecutor$Worker@796e945c[State = -1, empty queue]] WARN  server.GrpcLogAppender (GrpcLogAppender.java:timeoutAppendRequest(200)) - ad2d061b-bce4-4929-94ab-c6ef8113ba3f@group-A1C7DCA6ACCF->a9e3505a-b857-4083-807b-c489e4862dfa-GrpcLogAppender: appendEntries Timeout, request=ad2d061b-bce4-4929-94ab-c6ef8113ba3f->a9e3505a-b857-4083-807b-c489e4862dfa#16-t1, previous=(t:1, i:10), leaderCommit=4, initializing? false, entries: <empty>
2019-09-16 21:11:26,199 [grpc-default-executor-2] INFO  impl.RaftServerProxy (RaftServerProxy.java:remove(95)) - 701ccf05-4c28-42f5-aa92-67be6d940b6d: remove group-5176954A2AAB:null
2019-09-16 21:11:26,209 [RatisPipelineUtilsThread] WARN  pipeline.RatisPipelineUtils (RatisPipelineUtils.java:destroyPipeline(66)) - Pipeline destroy failed for pipeline=PipelineID=1c222981-f753-43aa-b5f1-5176954a2aab dn=701ccf05-4c28-42f5-aa92-67be6d940b6d{ip: 192.168.69.85, host: pr-hdds-1054-8d95c-1017424488, networkLocation: /default-rack, certSerialId: null}
2019-09-16 21:11:26,212 [grpc-default-executor-2] INFO  impl.RaftServerProxy (RaftServerProxy.java:remove(95)) - ad2d061b-bce4-4929-94ab-c6ef8113ba3f: remove group-5176954A2AAB:null
2019-09-16 21:11:26,218 [RatisPipelineUtilsThread] WARN  pipeline.RatisPipelineUtils (RatisPipelineUtils.java:destroyPipeline(66)) - Pipeline destroy failed for pipeline=PipelineID=1c222981-f753-43aa-b5f1-5176954a2aab dn=ad2d061b-bce4-4929-94ab-c6ef8113ba3f{ip: 192.168.69.85, host: pr-hdds-1054-8d95c-1017424488, networkLocation: /default-rack, certSerialId: null}
2019-09-16 21:11:26,221 [grpc-default-executor-2] INFO  impl.RaftServerProxy (RaftServerProxy.java:remove(95)) - a9e3505a-b857-4083-807b-c489e4862dfa: remove group-5176954A2AAB:null
2019-09-16 21:11:26,226 [RatisPipelineUtilsThread] WARN  pipeline.RatisPipelineUtils (RatisPipelineUtils.java:destroyPipeline(66)) - Pipeline destroy failed for pipeline=PipelineID=1c222981-f753-43aa-b5f1-5176954a2aab dn=a9e3505a-b857-4083-807b-c489e4862dfa{ip: 192.168.69.85, host: pr-hdds-1054-8d95c-1017424488, networkLocation: /default-rack, certSerialId: null}
2019-09-16 21:11:26,226 [RatisPipelineUtilsThread] ERROR pipeline.SCMPipelineManager (Scheduler.java:lambda$schedule$1(70)) - Destroy pipeline failed for pipeline:Pipeline[ Id: 1c222981-f753-43aa-b5f1-5176954a2aab, Nodes: 701ccf05-4c28-42f5-aa92-67be6d940b6d{ip: 192.168.69.85, host: pr-hdds-1054-8d95c-1017424488, networkLocation: /default-rack, certSerialId: null}ad2d061b-bce4-4929-94ab-c6ef8113ba3f{ip: 192.168.69.85, host: pr-hdds-1054-8d95c-1017424488, networkLocation: /default-rack, certSerialId: null}a9e3505a-b857-4083-807b-c489e4862dfa{ip: 192.168.69.85, host: pr-hdds-1054-8d95c-1017424488, networkLocation: /default-rack, certSerialId: null}, Type:RATIS, Factor:THREE, State:CLOSED]
org.apache.hadoop.hdds.scm.pipeline.PipelineNotFoundException: PipelineID=1c222981-f753-43aa-b5f1-5176954a2aab not found
	at org.apache.hadoop.hdds.scm.pipeline.PipelineStateMap.getPipeline(PipelineStateMap.java:132)
	at org.apache.hadoop.hdds.scm.pipeline.PipelineStateMap.removePipeline(PipelineStateMap.java:322)
	at org.apache.hadoop.hdds.scm.pipeline.PipelineStateManager.removePipeline(PipelineStateManager.java:107)
	at org.apache.hadoop.hdds.scm.pipeline.SCMPipelineManager.removePipeline(SCMPipelineManager.java:423)
	at org.apache.hadoop.hdds.scm.pipeline.SCMPipelineManager.destroyPipeline(SCMPipelineManager.java:409)
	at org.apache.hadoop.hdds.scm.pipeline.SCMPipelineManager.lambda$finalizeAndDestroyPipeline$0(SCMPipelineManager.java:318)
	at org.apache.hadoop.utils.Scheduler.lambda$schedule$1(Scheduler.java:68)
	at java.util.concurrent.Executors$RunnableAdapter.call(Executors.java:511)
	at java.util.concurrent.FutureTask.run(FutureTask.java:266)
	at java.util.concurrent.ScheduledThreadPoolExecutor$ScheduledFutureTask.access$201(ScheduledThreadPoolExecutor.java:180)
	at java.util.concurrent.ScheduledThreadPoolExecutor$ScheduledFutureTask.run(ScheduledThreadPoolExecutor.java:293)
	at java.util.concurrent.ThreadPoolExecutor.runWorker(ThreadPoolExecutor.java:1149)
	at java.util.concurrent.ThreadPoolExecutor$Worker.run(ThreadPoolExecutor.java:624)
	at java.lang.Thread.run(Thread.java:748)
2019-09-16 21:11:27,745 [java.util.concurrent.ThreadPoolExecutor$Worker@8186817[State = -1, empty queue]] WARN  server.GrpcLogAppender (GrpcLogAppender.java:timeoutAppendRequest(200)) - ad2d061b-bce4-4929-94ab-c6ef8113ba3f@group-A1C7DCA6ACCF->701ccf05-4c28-42f5-aa92-67be6d940b6d-GrpcLogAppender: appendEntries Timeout, request=ad2d061b-bce4-4929-94ab-c6ef8113ba3f->701ccf05-4c28-42f5-aa92-67be6d940b6d#17-t1, previous=(t:1, i:10), leaderCommit=4, initializing? false, entries: <empty>
2019-09-16 21:11:27,745 [java.util.concurrent.ThreadPoolExecutor$Worker@796e945c[State = -1, empty queue]] WARN  server.GrpcLogAppender (GrpcLogAppender.java:timeoutAppendRequest(200)) - ad2d061b-bce4-4929-94ab-c6ef8113ba3f@group-A1C7DCA6ACCF->a9e3505a-b857-4083-807b-c489e4862dfa-GrpcLogAppender: appendEntries Timeout, request=ad2d061b-bce4-4929-94ab-c6ef8113ba3f->a9e3505a-b857-4083-807b-c489e4862dfa#17-t1, previous=(t:1, i:10), leaderCommit=4, initializing? false, entries: <empty>
2019-09-16 21:11:28,203 [grpc-default-executor-2] INFO  impl.RaftServerProxy (RaftServerProxy.java:remove(95)) - 701ccf05-4c28-42f5-aa92-67be6d940b6d: remove group-5176954A2AAB:null
2019-09-16 21:11:28,213 [RatisPipelineUtilsThread] WARN  pipeline.RatisPipelineUtils (RatisPipelineUtils.java:destroyPipeline(66)) - Pipeline destroy failed for pipeline=PipelineID=1c222981-f753-43aa-b5f1-5176954a2aab dn=701ccf05-4c28-42f5-aa92-67be6d940b6d{ip: 192.168.69.85, host: pr-hdds-1054-8d95c-1017424488, networkLocation: /default-rack, certSerialId: null}
2019-09-16 21:11:28,216 [grpc-default-executor-2] INFO  impl.RaftServerProxy (RaftServerProxy.java:remove(95)) - ad2d061b-bce4-4929-94ab-c6ef8113ba3f: remove group-5176954A2AAB:null
2019-09-16 21:11:28,221 [RatisPipelineUtilsThread] WARN  pipeline.RatisPipelineUtils (RatisPipelineUtils.java:destroyPipeline(66)) - Pipeline destroy failed for pipeline=PipelineID=1c222981-f753-43aa-b5f1-5176954a2aab dn=ad2d061b-bce4-4929-94ab-c6ef8113ba3f{ip: 192.168.69.85, host: pr-hdds-1054-8d95c-1017424488, networkLocation: /default-rack, certSerialId: null}
2019-09-16 21:11:28,223 [grpc-default-executor-2] INFO  impl.RaftServerProxy (RaftServerProxy.java:remove(95)) - a9e3505a-b857-4083-807b-c489e4862dfa: remove group-5176954A2AAB:null
2019-09-16 21:11:28,229 [RatisPipelineUtilsThread] WARN  pipeline.RatisPipelineUtils (RatisPipelineUtils.java:destroyPipeline(66)) - Pipeline destroy failed for pipeline=PipelineID=1c222981-f753-43aa-b5f1-5176954a2aab dn=a9e3505a-b857-4083-807b-c489e4862dfa{ip: 192.168.69.85, host: pr-hdds-1054-8d95c-1017424488, networkLocation: /default-rack, certSerialId: null}
2019-09-16 21:11:28,230 [RatisPipelineUtilsThread] ERROR pipeline.SCMPipelineManager (Scheduler.java:lambda$schedule$1(70)) - Destroy pipeline failed for pipeline:Pipeline[ Id: 1c222981-f753-43aa-b5f1-5176954a2aab, Nodes: 701ccf05-4c28-42f5-aa92-67be6d940b6d{ip: 192.168.69.85, host: pr-hdds-1054-8d95c-1017424488, networkLocation: /default-rack, certSerialId: null}ad2d061b-bce4-4929-94ab-c6ef8113ba3f{ip: 192.168.69.85, host: pr-hdds-1054-8d95c-1017424488, networkLocation: /default-rack, certSerialId: null}a9e3505a-b857-4083-807b-c489e4862dfa{ip: 192.168.69.85, host: pr-hdds-1054-8d95c-1017424488, networkLocation: /default-rack, certSerialId: null}, Type:RATIS, Factor:THREE, State:CLOSED]
org.apache.hadoop.hdds.scm.pipeline.PipelineNotFoundException: PipelineID=1c222981-f753-43aa-b5f1-5176954a2aab not found
	at org.apache.hadoop.hdds.scm.pipeline.PipelineStateMap.getPipeline(PipelineStateMap.java:132)
	at org.apache.hadoop.hdds.scm.pipeline.PipelineStateMap.removePipeline(PipelineStateMap.java:322)
	at org.apache.hadoop.hdds.scm.pipeline.PipelineStateManager.removePipeline(PipelineStateManager.java:107)
	at org.apache.hadoop.hdds.scm.pipeline.SCMPipelineManager.removePipeline(SCMPipelineManager.java:423)
	at org.apache.hadoop.hdds.scm.pipeline.SCMPipelineManager.destroyPipeline(SCMPipelineManager.java:409)
	at org.apache.hadoop.hdds.scm.pipeline.SCMPipelineManager.lambda$finalizeAndDestroyPipeline$0(SCMPipelineManager.java:318)
	at org.apache.hadoop.utils.Scheduler.lambda$schedule$1(Scheduler.java:68)
	at java.util.concurrent.Executors$RunnableAdapter.call(Executors.java:511)
	at java.util.concurrent.FutureTask.run(FutureTask.java:266)
	at java.util.concurrent.ScheduledThreadPoolExecutor$ScheduledFutureTask.access$201(ScheduledThreadPoolExecutor.java:180)
	at java.util.concurrent.ScheduledThreadPoolExecutor$ScheduledFutureTask.run(ScheduledThreadPoolExecutor.java:293)
	at java.util.concurrent.ThreadPoolExecutor.runWorker(ThreadPoolExecutor.java:1149)
	at java.util.concurrent.ThreadPoolExecutor$Worker.run(ThreadPoolExecutor.java:624)
	at java.lang.Thread.run(Thread.java:748)
2019-09-16 21:11:29,739 [701ccf05-4c28-42f5-aa92-67be6d940b6d@group-A1C7DCA6ACCF-SegmentedRaftLogWorker] WARN  segmented.SegmentedRaftLogWorker (SegmentedRaftLogWorker.java:getFromFuture(90)) - Timeout 1/~
org.apache.ratis.protocol.TimeoutIOException: Timeout 10s: WriteLog:5: (t:1, i:5), STATEMACHINELOGENTRY, client-85FCB0D44123, cid=50-writeStateMachineData
	at org.apache.ratis.util.IOUtils.getFromFuture(IOUtils.java:87)
	at org.apache.ratis.server.raftlog.segmented.SegmentedRaftLogWorker$StateMachineDataPolicy.getFromFuture(SegmentedRaftLogWorker.java:87)
	at org.apache.ratis.server.raftlog.segmented.SegmentedRaftLogWorker$WriteLog.execute(SegmentedRaftLogWorker.java:477)
	at org.apache.ratis.server.raftlog.segmented.SegmentedRaftLogWorker.run(SegmentedRaftLogWorker.java:289)
	at java.lang.Thread.run(Thread.java:748)
Caused by: java.util.concurrent.TimeoutException
	at java.util.concurrent.CompletableFuture.timedGet(CompletableFuture.java:1771)
	at java.util.concurrent.CompletableFuture.get(CompletableFuture.java:1915)
	at org.apache.ratis.util.IOUtils.getFromFuture(IOUtils.java:79)
	... 4 more
2019-09-16 21:11:29,810 [ad2d061b-bce4-4929-94ab-c6ef8113ba3f@group-A1C7DCA6ACCF-SegmentedRaftLogWorker] WARN  segmented.SegmentedRaftLogWorker (SegmentedRaftLogWorker.java:getFromFuture(90)) - Timeout 1/~
org.apache.ratis.protocol.TimeoutIOException: Timeout 10s: WriteLog:8: (t:1, i:8), STATEMACHINELOGENTRY, client-85FCB0D44123, cid=53-writeStateMachineData
	at org.apache.ratis.util.IOUtils.getFromFuture(IOUtils.java:87)
	at org.apache.ratis.server.raftlog.segmented.SegmentedRaftLogWorker$StateMachineDataPolicy.getFromFuture(SegmentedRaftLogWorker.java:87)
	at org.apache.ratis.server.raftlog.segmented.SegmentedRaftLogWorker$WriteLog.execute(SegmentedRaftLogWorker.java:477)
	at org.apache.ratis.server.raftlog.segmented.SegmentedRaftLogWorker.run(SegmentedRaftLogWorker.java:289)
	at java.lang.Thread.run(Thread.java:748)
Caused by: java.util.concurrent.TimeoutException
	at java.util.concurrent.CompletableFuture.timedGet(CompletableFuture.java:1771)
	at java.util.concurrent.CompletableFuture.get(CompletableFuture.java:1915)
	at org.apache.ratis.util.IOUtils.getFromFuture(IOUtils.java:79)
	... 4 more
2019-09-16 21:11:29,811 [a9e3505a-b857-4083-807b-c489e4862dfa@group-A1C7DCA6ACCF-SegmentedRaftLogWorker] WARN  segmented.SegmentedRaftLogWorker (SegmentedRaftLogWorker.java:getFromFuture(90)) - Timeout 1/~
org.apache.ratis.protocol.TimeoutIOException: Timeout 10s: WriteLog:8: (t:1, i:8), STATEMACHINELOGENTRY, client-85FCB0D44123, cid=53-writeStateMachineData
	at org.apache.ratis.util.IOUtils.getFromFuture(IOUtils.java:87)
	at org.apache.ratis.server.raftlog.segmented.SegmentedRaftLogWorker$StateMachineDataPolicy.getFromFuture(SegmentedRaftLogWorker.java:87)
	at org.apache.ratis.server.raftlog.segmented.SegmentedRaftLogWorker$WriteLog.execute(SegmentedRaftLogWorker.java:477)
	at org.apache.ratis.server.raftlog.segmented.SegmentedRaftLogWorker.run(SegmentedRaftLogWorker.java:289)
	at java.lang.Thread.run(Thread.java:748)
Caused by: java.util.concurrent.TimeoutException
	at java.util.concurrent.CompletableFuture.timedGet(CompletableFuture.java:1771)
	at java.util.concurrent.CompletableFuture.get(CompletableFuture.java:1915)
	at org.apache.ratis.util.IOUtils.getFromFuture(IOUtils.java:79)
	... 4 more
2019-09-16 21:11:29,873 [grpc-default-executor-2] INFO  client.GrpcClientProtocolClient (GrpcClientProtocolClient.java:onNext(264)) - client-85FCB0D44123->a9e3505a-b857-4083-807b-c489e4862dfa: receive RaftClientReply:client-85FCB0D44123->a9e3505a-b857-4083-807b-c489e4862dfa@group-A1C7DCA6ACCF, cid=50, FAILED org.apache.ratis.protocol.NotLeaderException: Server a9e3505a-b857-4083-807b-c489e4862dfa@group-A1C7DCA6ACCF is not the leader ad2d061b-bce4-4929-94ab-c6ef8113ba3f:192.168.69.85:43917, logIndex=0, commits[a9e3505a-b857-4083-807b-c489e4862dfa:c4, ad2d061b-bce4-4929-94ab-c6ef8113ba3f:c4, 701ccf05-4c28-42f5-aa92-67be6d940b6d:c3]
2019-09-16 21:11:30,246 [java.util.concurrent.ThreadPoolExecutor$Worker@8186817[State = -1, empty queue]] WARN  server.GrpcLogAppender (GrpcLogAppender.java:timeoutAppendRequest(200)) - ad2d061b-bce4-4929-94ab-c6ef8113ba3f@group-A1C7DCA6ACCF->701ccf05-4c28-42f5-aa92-67be6d940b6d-GrpcLogAppender: appendEntries Timeout, request=ad2d061b-bce4-4929-94ab-c6ef8113ba3f->701ccf05-4c28-42f5-aa92-67be6d940b6d#18-t1, previous=(t:1, i:10), leaderCommit=4, initializing? false, entries: <empty>
2019-09-16 21:11:30,246 [java.util.concurrent.ThreadPoolExecutor$Worker@796e945c[State = -1, empty queue]] WARN  server.GrpcLogAppender (GrpcLogAppender.java:timeoutAppendRequest(200)) - ad2d061b-bce4-4929-94ab-c6ef8113ba3f@group-A1C7DCA6ACCF->a9e3505a-b857-4083-807b-c489e4862dfa-GrpcLogAppender: appendEntries Timeout, request=ad2d061b-bce4-4929-94ab-c6ef8113ba3f->a9e3505a-b857-4083-807b-c489e4862dfa#18-t1, previous=(t:1, i:10), leaderCommit=4, initializing? false, entries: <empty>
2019-09-16 21:11:31,198 [grpc-default-executor-2] INFO  impl.RaftServerProxy (RaftServerProxy.java:remove(95)) - 701ccf05-4c28-42f5-aa92-67be6d940b6d: remove group-5176954A2AAB:null
2019-09-16 21:11:31,205 [RatisPipelineUtilsThread] WARN  pipeline.RatisPipelineUtils (RatisPipelineUtils.java:destroyPipeline(66)) - Pipeline destroy failed for pipeline=PipelineID=1c222981-f753-43aa-b5f1-5176954a2aab dn=701ccf05-4c28-42f5-aa92-67be6d940b6d{ip: 192.168.69.85, host: pr-hdds-1054-8d95c-1017424488, networkLocation: /default-rack, certSerialId: null}
2019-09-16 21:11:31,208 [grpc-default-executor-2] INFO  impl.RaftServerProxy (RaftServerProxy.java:remove(95)) - ad2d061b-bce4-4929-94ab-c6ef8113ba3f: remove group-5176954A2AAB:null
2019-09-16 21:11:31,213 [RatisPipelineUtilsThread] WARN  pipeline.RatisPipelineUtils (RatisPipelineUtils.java:destroyPipeline(66)) - Pipeline destroy failed for pipeline=PipelineID=1c222981-f753-43aa-b5f1-5176954a2aab dn=ad2d061b-bce4-4929-94ab-c6ef8113ba3f{ip: 192.168.69.85, host: pr-hdds-1054-8d95c-1017424488, networkLocation: /default-rack, certSerialId: null}
2019-09-16 21:11:31,216 [grpc-default-executor-2] INFO  impl.RaftServerProxy (RaftServerProxy.java:remove(95)) - a9e3505a-b857-4083-807b-c489e4862dfa: remove group-5176954A2AAB:null
2019-09-16 21:11:31,221 [RatisPipelineUtilsThread] WARN  pipeline.RatisPipelineUtils (RatisPipelineUtils.java:destroyPipeline(66)) - Pipeline destroy failed for pipeline=PipelineID=1c222981-f753-43aa-b5f1-5176954a2aab dn=a9e3505a-b857-4083-807b-c489e4862dfa{ip: 192.168.69.85, host: pr-hdds-1054-8d95c-1017424488, networkLocation: /default-rack, certSerialId: null}
2019-09-16 21:11:31,221 [RatisPipelineUtilsThread] ERROR pipeline.SCMPipelineManager (Scheduler.java:lambda$schedule$1(70)) - Destroy pipeline failed for pipeline:Pipeline[ Id: 1c222981-f753-43aa-b5f1-5176954a2aab, Nodes: 701ccf05-4c28-42f5-aa92-67be6d940b6d{ip: 192.168.69.85, host: pr-hdds-1054-8d95c-1017424488, networkLocation: /default-rack, certSerialId: null}ad2d061b-bce4-4929-94ab-c6ef8113ba3f{ip: 192.168.69.85, host: pr-hdds-1054-8d95c-1017424488, networkLocation: /default-rack, certSerialId: null}a9e3505a-b857-4083-807b-c489e4862dfa{ip: 192.168.69.85, host: pr-hdds-1054-8d95c-1017424488, networkLocation: /default-rack, certSerialId: null}, Type:RATIS, Factor:THREE, State:CLOSED]
org.apache.hadoop.hdds.scm.pipeline.PipelineNotFoundException: PipelineID=1c222981-f753-43aa-b5f1-5176954a2aab not found
	at org.apache.hadoop.hdds.scm.pipeline.PipelineStateMap.getPipeline(PipelineStateMap.java:132)
	at org.apache.hadoop.hdds.scm.pipeline.PipelineStateMap.removePipeline(PipelineStateMap.java:322)
	at org.apache.hadoop.hdds.scm.pipeline.PipelineStateManager.removePipeline(PipelineStateManager.java:107)
	at org.apache.hadoop.hdds.scm.pipeline.SCMPipelineManager.removePipeline(SCMPipelineManager.java:423)
	at org.apache.hadoop.hdds.scm.pipeline.SCMPipelineManager.destroyPipeline(SCMPipelineManager.java:409)
	at org.apache.hadoop.hdds.scm.pipeline.SCMPipelineManager.lambda$finalizeAndDestroyPipeline$0(SCMPipelineManager.java:318)
	at org.apache.hadoop.utils.Scheduler.lambda$schedule$1(Scheduler.java:68)
	at java.util.concurrent.Executors$RunnableAdapter.call(Executors.java:511)
	at java.util.concurrent.FutureTask.run(FutureTask.java:266)
	at java.util.concurrent.ScheduledThreadPoolExecutor$ScheduledFutureTask.access$201(ScheduledThreadPoolExecutor.java:180)
	at java.util.concurrent.ScheduledThreadPoolExecutor$ScheduledFutureTask.run(ScheduledThreadPoolExecutor.java:293)
	at java.util.concurrent.ThreadPoolExecutor.runWorker(ThreadPoolExecutor.java:1149)
	at java.util.concurrent.ThreadPoolExecutor$Worker.run(ThreadPoolExecutor.java:624)
	at java.lang.Thread.run(Thread.java:748)
2019-09-16 21:11:32,746 [java.util.concurrent.ThreadPoolExecutor$Worker@796e945c[State = -1, empty queue]] WARN  server.GrpcLogAppender (GrpcLogAppender.java:timeoutAppendRequest(200)) - ad2d061b-bce4-4929-94ab-c6ef8113ba3f@group-A1C7DCA6ACCF->a9e3505a-b857-4083-807b-c489e4862dfa-GrpcLogAppender: appendEntries Timeout, request=ad2d061b-bce4-4929-94ab-c6ef8113ba3f->a9e3505a-b857-4083-807b-c489e4862dfa#19-t1, previous=(t:1, i:10), leaderCommit=4, initializing? false, entries: <empty>
2019-09-16 21:11:32,746 [java.util.concurrent.ThreadPoolExecutor$Worker@8186817[State = -1, empty queue]] WARN  server.GrpcLogAppender (GrpcLogAppender.java:timeoutAppendRequest(200)) - ad2d061b-bce4-4929-94ab-c6ef8113ba3f@group-A1C7DCA6ACCF->701ccf05-4c28-42f5-aa92-67be6d940b6d-GrpcLogAppender: appendEntries Timeout, request=ad2d061b-bce4-4929-94ab-c6ef8113ba3f->701ccf05-4c28-42f5-aa92-67be6d940b6d#19-t1, previous=(t:1, i:10), leaderCommit=4, initializing? false, entries: <empty>
2019-09-16 21:11:33,199 [grpc-default-executor-2] INFO  impl.RaftServerProxy (RaftServerProxy.java:remove(95)) - 701ccf05-4c28-42f5-aa92-67be6d940b6d: remove group-5176954A2AAB:null
2019-09-16 21:11:33,205 [RatisPipelineUtilsThread] WARN  pipeline.RatisPipelineUtils (RatisPipelineUtils.java:destroyPipeline(66)) - Pipeline destroy failed for pipeline=PipelineID=1c222981-f753-43aa-b5f1-5176954a2aab dn=701ccf05-4c28-42f5-aa92-67be6d940b6d{ip: 192.168.69.85, host: pr-hdds-1054-8d95c-1017424488, networkLocation: /default-rack, certSerialId: null}
2019-09-16 21:11:33,209 [grpc-default-executor-2] INFO  impl.RaftServerProxy (RaftServerProxy.java:remove(95)) - ad2d061b-bce4-4929-94ab-c6ef8113ba3f: remove group-5176954A2AAB:null
2019-09-16 21:11:33,214 [RatisPipelineUtilsThread] WARN  pipeline.RatisPipelineUtils (RatisPipelineUtils.java:destroyPipeline(66)) - Pipeline destroy failed for pipeline=PipelineID=1c222981-f753-43aa-b5f1-5176954a2aab dn=ad2d061b-bce4-4929-94ab-c6ef8113ba3f{ip: 192.168.69.85, host: pr-hdds-1054-8d95c-1017424488, networkLocation: /default-rack, certSerialId: null}
2019-09-16 21:11:33,217 [grpc-default-executor-2] INFO  impl.RaftServerProxy (RaftServerProxy.java:remove(95)) - a9e3505a-b857-4083-807b-c489e4862dfa: remove group-5176954A2AAB:null
2019-09-16 21:11:33,221 [RatisPipelineUtilsThread] WARN  pipeline.RatisPipelineUtils (RatisPipelineUtils.java:destroyPipeline(66)) - Pipeline destroy failed for pipeline=PipelineID=1c222981-f753-43aa-b5f1-5176954a2aab dn=a9e3505a-b857-4083-807b-c489e4862dfa{ip: 192.168.69.85, host: pr-hdds-1054-8d95c-1017424488, networkLocation: /default-rack, certSerialId: null}
2019-09-16 21:11:33,222 [RatisPipelineUtilsThread] ERROR pipeline.SCMPipelineManager (Scheduler.java:lambda$schedule$1(70)) - Destroy pipeline failed for pipeline:Pipeline[ Id: 1c222981-f753-43aa-b5f1-5176954a2aab, Nodes: 701ccf05-4c28-42f5-aa92-67be6d940b6d{ip: 192.168.69.85, host: pr-hdds-1054-8d95c-1017424488, networkLocation: /default-rack, certSerialId: null}ad2d061b-bce4-4929-94ab-c6ef8113ba3f{ip: 192.168.69.85, host: pr-hdds-1054-8d95c-1017424488, networkLocation: /default-rack, certSerialId: null}a9e3505a-b857-4083-807b-c489e4862dfa{ip: 192.168.69.85, host: pr-hdds-1054-8d95c-1017424488, networkLocation: /default-rack, certSerialId: null}, Type:RATIS, Factor:THREE, State:CLOSED]
org.apache.hadoop.hdds.scm.pipeline.PipelineNotFoundException: PipelineID=1c222981-f753-43aa-b5f1-5176954a2aab not found
	at org.apache.hadoop.hdds.scm.pipeline.PipelineStateMap.getPipeline(PipelineStateMap.java:132)
	at org.apache.hadoop.hdds.scm.pipeline.PipelineStateMap.removePipeline(PipelineStateMap.java:322)
	at org.apache.hadoop.hdds.scm.pipeline.PipelineStateManager.removePipeline(PipelineStateManager.java:107)
	at org.apache.hadoop.hdds.scm.pipeline.SCMPipelineManager.removePipeline(SCMPipelineManager.java:423)
	at org.apache.hadoop.hdds.scm.pipeline.SCMPipelineManager.destroyPipeline(SCMPipelineManager.java:409)
	at org.apache.hadoop.hdds.scm.pipeline.SCMPipelineManager.lambda$finalizeAndDestroyPipeline$0(SCMPipelineManager.java:318)
	at org.apache.hadoop.utils.Scheduler.lambda$schedule$1(Scheduler.java:68)
	at java.util.concurrent.Executors$RunnableAdapter.call(Executors.java:511)
	at java.util.concurrent.FutureTask.run(FutureTask.java:266)
	at java.util.concurrent.ScheduledThreadPoolExecutor$ScheduledFutureTask.access$201(ScheduledThreadPoolExecutor.java:180)
	at java.util.concurrent.ScheduledThreadPoolExecutor$ScheduledFutureTask.run(ScheduledThreadPoolExecutor.java:293)
	at java.util.concurrent.ThreadPoolExecutor.runWorker(ThreadPoolExecutor.java:1149)
	at java.util.concurrent.ThreadPoolExecutor$Worker.run(ThreadPoolExecutor.java:624)
	at java.lang.Thread.run(Thread.java:748)
2019-09-16 21:11:34,902 [grpc-default-executor-2] INFO  client.GrpcClientProtocolClient (GrpcClientProtocolClient.java:onNext(264)) - client-85FCB0D44123->a9e3505a-b857-4083-807b-c489e4862dfa: receive RaftClientReply:client-85FCB0D44123->a9e3505a-b857-4083-807b-c489e4862dfa@group-A1C7DCA6ACCF, cid=50, FAILED org.apache.ratis.protocol.NotLeaderException: Server a9e3505a-b857-4083-807b-c489e4862dfa@group-A1C7DCA6ACCF is not the leader ad2d061b-bce4-4929-94ab-c6ef8113ba3f:192.168.69.85:43917, logIndex=0, commits[a9e3505a-b857-4083-807b-c489e4862dfa:c4, ad2d061b-bce4-4929-94ab-c6ef8113ba3f:c4, 701ccf05-4c28-42f5-aa92-67be6d940b6d:c3]
2019-09-16 21:11:35,247 [java.util.concurrent.ThreadPoolExecutor$Worker@8186817[State = -1, empty queue]] WARN  server.GrpcLogAppender (GrpcLogAppender.java:timeoutAppendRequest(200)) - ad2d061b-bce4-4929-94ab-c6ef8113ba3f@group-A1C7DCA6ACCF->701ccf05-4c28-42f5-aa92-67be6d940b6d-GrpcLogAppender: appendEntries Timeout, request=ad2d061b-bce4-4929-94ab-c6ef8113ba3f->701ccf05-4c28-42f5-aa92-67be6d940b6d#20-t1, previous=(t:1, i:10), leaderCommit=4, initializing? false, entries: <empty>
2019-09-16 21:11:35,247 [java.util.concurrent.ThreadPoolExecutor$Worker@796e945c[State = -1, empty queue]] WARN  server.GrpcLogAppender (GrpcLogAppender.java:timeoutAppendRequest(200)) - ad2d061b-bce4-4929-94ab-c6ef8113ba3f@group-A1C7DCA6ACCF->a9e3505a-b857-4083-807b-c489e4862dfa-GrpcLogAppender: appendEntries Timeout, request=ad2d061b-bce4-4929-94ab-c6ef8113ba3f->a9e3505a-b857-4083-807b-c489e4862dfa#20-t1, previous=(t:1, i:10), leaderCommit=4, initializing? false, entries: <empty>
2019-09-16 21:11:36,201 [grpc-default-executor-7] INFO  impl.RaftServerProxy (RaftServerProxy.java:remove(95)) - 701ccf05-4c28-42f5-aa92-67be6d940b6d: remove group-5176954A2AAB:null
2019-09-16 21:11:36,208 [RatisPipelineUtilsThread] WARN  pipeline.RatisPipelineUtils (RatisPipelineUtils.java:destroyPipeline(66)) - Pipeline destroy failed for pipeline=PipelineID=1c222981-f753-43aa-b5f1-5176954a2aab dn=701ccf05-4c28-42f5-aa92-67be6d940b6d{ip: 192.168.69.85, host: pr-hdds-1054-8d95c-1017424488, networkLocation: /default-rack, certSerialId: null}
2019-09-16 21:11:36,212 [grpc-default-executor-7] INFO  impl.RaftServerProxy (RaftServerProxy.java:remove(95)) - ad2d061b-bce4-4929-94ab-c6ef8113ba3f: remove group-5176954A2AAB:null
2019-09-16 21:11:36,228 [RatisPipelineUtilsThread] WARN  pipeline.RatisPipelineUtils (RatisPipelineUtils.java:destroyPipeline(66)) - Pipeline destroy failed for pipeline=PipelineID=1c222981-f753-43aa-b5f1-5176954a2aab dn=ad2d061b-bce4-4929-94ab-c6ef8113ba3f{ip: 192.168.69.85, host: pr-hdds-1054-8d95c-1017424488, networkLocation: /default-rack, certSerialId: null}
2019-09-16 21:11:36,232 [grpc-default-executor-7] INFO  impl.RaftServerProxy (RaftServerProxy.java:remove(95)) - a9e3505a-b857-4083-807b-c489e4862dfa: remove group-5176954A2AAB:null
2019-09-16 21:11:36,235 [RatisPipelineUtilsThread] WARN  pipeline.RatisPipelineUtils (RatisPipelineUtils.java:destroyPipeline(66)) - Pipeline destroy failed for pipeline=PipelineID=1c222981-f753-43aa-b5f1-5176954a2aab dn=a9e3505a-b857-4083-807b-c489e4862dfa{ip: 192.168.69.85, host: pr-hdds-1054-8d95c-1017424488, networkLocation: /default-rack, certSerialId: null}
2019-09-16 21:11:36,235 [RatisPipelineUtilsThread] ERROR pipeline.SCMPipelineManager (Scheduler.java:lambda$schedule$1(70)) - Destroy pipeline failed for pipeline:Pipeline[ Id: 1c222981-f753-43aa-b5f1-5176954a2aab, Nodes: 701ccf05-4c28-42f5-aa92-67be6d940b6d{ip: 192.168.69.85, host: pr-hdds-1054-8d95c-1017424488, networkLocation: /default-rack, certSerialId: null}ad2d061b-bce4-4929-94ab-c6ef8113ba3f{ip: 192.168.69.85, host: pr-hdds-1054-8d95c-1017424488, networkLocation: /default-rack, certSerialId: null}a9e3505a-b857-4083-807b-c489e4862dfa{ip: 192.168.69.85, host: pr-hdds-1054-8d95c-1017424488, networkLocation: /default-rack, certSerialId: null}, Type:RATIS, Factor:THREE, State:CLOSED]
org.apache.hadoop.hdds.scm.pipeline.PipelineNotFoundException: PipelineID=1c222981-f753-43aa-b5f1-5176954a2aab not found
	at org.apache.hadoop.hdds.scm.pipeline.PipelineStateMap.getPipeline(PipelineStateMap.java:132)
	at org.apache.hadoop.hdds.scm.pipeline.PipelineStateMap.removePipeline(PipelineStateMap.java:322)
	at org.apache.hadoop.hdds.scm.pipeline.PipelineStateManager.removePipeline(PipelineStateManager.java:107)
	at org.apache.hadoop.hdds.scm.pipeline.SCMPipelineManager.removePipeline(SCMPipelineManager.java:423)
	at org.apache.hadoop.hdds.scm.pipeline.SCMPipelineManager.destroyPipeline(SCMPipelineManager.java:409)
	at org.apache.hadoop.hdds.scm.pipeline.SCMPipelineManager.lambda$finalizeAndDestroyPipeline$0(SCMPipelineManager.java:318)
	at org.apache.hadoop.utils.Scheduler.lambda$schedule$1(Scheduler.java:68)
	at java.util.concurrent.Executors$RunnableAdapter.call(Executors.java:511)
	at java.util.concurrent.FutureTask.run(FutureTask.java:266)
	at java.util.concurrent.ScheduledThreadPoolExecutor$ScheduledFutureTask.access$201(ScheduledThreadPoolExecutor.java:180)
	at java.util.concurrent.ScheduledThreadPoolExecutor$ScheduledFutureTask.run(ScheduledThreadPoolExecutor.java:293)
	at java.util.concurrent.ThreadPoolExecutor.runWorker(ThreadPoolExecutor.java:1149)
	at java.util.concurrent.ThreadPoolExecutor$Worker.run(ThreadPoolExecutor.java:624)
	at java.lang.Thread.run(Thread.java:748)
2019-09-16 21:11:37,747 [java.util.concurrent.ThreadPoolExecutor$Worker@8186817[State = -1, empty queue]] WARN  server.GrpcLogAppender (GrpcLogAppender.java:timeoutAppendRequest(200)) - ad2d061b-bce4-4929-94ab-c6ef8113ba3f@group-A1C7DCA6ACCF->701ccf05-4c28-42f5-aa92-67be6d940b6d-GrpcLogAppender: appendEntries Timeout, request=ad2d061b-bce4-4929-94ab-c6ef8113ba3f->701ccf05-4c28-42f5-aa92-67be6d940b6d#21-t1, previous=(t:1, i:10), leaderCommit=4, initializing? false, entries: <empty>
2019-09-16 21:11:37,747 [java.util.concurrent.ThreadPoolExecutor$Worker@796e945c[State = -1, empty queue]] WARN  server.GrpcLogAppender (GrpcLogAppender.java:timeoutAppendRequest(200)) - ad2d061b-bce4-4929-94ab-c6ef8113ba3f@group-A1C7DCA6ACCF->a9e3505a-b857-4083-807b-c489e4862dfa-GrpcLogAppender: appendEntries Timeout, request=ad2d061b-bce4-4929-94ab-c6ef8113ba3f->a9e3505a-b857-4083-807b-c489e4862dfa#21-t1, previous=(t:1, i:10), leaderCommit=4, initializing? false, entries: <empty>
2019-09-16 21:11:38,200 [grpc-default-executor-7] INFO  impl.RaftServerProxy (RaftServerProxy.java:remove(95)) - 701ccf05-4c28-42f5-aa92-67be6d940b6d: remove group-5176954A2AAB:null
2019-09-16 21:11:38,204 [RatisPipelineUtilsThread] WARN  pipeline.RatisPipelineUtils (RatisPipelineUtils.java:destroyPipeline(66)) - Pipeline destroy failed for pipeline=PipelineID=1c222981-f753-43aa-b5f1-5176954a2aab dn=701ccf05-4c28-42f5-aa92-67be6d940b6d{ip: 192.168.69.85, host: pr-hdds-1054-8d95c-1017424488, networkLocation: /default-rack, certSerialId: null}
2019-09-16 21:11:38,207 [grpc-default-executor-7] INFO  impl.RaftServerProxy (RaftServerProxy.java:remove(95)) - ad2d061b-bce4-4929-94ab-c6ef8113ba3f: remove group-5176954A2AAB:null
2019-09-16 21:11:38,210 [RatisPipelineUtilsThread] WARN  pipeline.RatisPipelineUtils (RatisPipelineUtils.java:destroyPipeline(66)) - Pipeline destroy failed for pipeline=PipelineID=1c222981-f753-43aa-b5f1-5176954a2aab dn=ad2d061b-bce4-4929-94ab-c6ef8113ba3f{ip: 192.168.69.85, host: pr-hdds-1054-8d95c-1017424488, networkLocation: /default-rack, certSerialId: null}
2019-09-16 21:11:38,213 [grpc-default-executor-7] INFO  impl.RaftServerProxy (RaftServerProxy.java:remove(95)) - a9e3505a-b857-4083-807b-c489e4862dfa: remove group-5176954A2AAB:null
2019-09-16 21:11:38,216 [RatisPipelineUtilsThread] WARN  pipeline.RatisPipelineUtils (RatisPipelineUtils.java:destroyPipeline(66)) - Pipeline destroy failed for pipeline=PipelineID=1c222981-f753-43aa-b5f1-5176954a2aab dn=a9e3505a-b857-4083-807b-c489e4862dfa{ip: 192.168.69.85, host: pr-hdds-1054-8d95c-1017424488, networkLocation: /default-rack, certSerialId: null}
2019-09-16 21:11:38,217 [RatisPipelineUtilsThread] ERROR pipeline.SCMPipelineManager (Scheduler.java:lambda$schedule$1(70)) - Destroy pipeline failed for pipeline:Pipeline[ Id: 1c222981-f753-43aa-b5f1-5176954a2aab, Nodes: 701ccf05-4c28-42f5-aa92-67be6d940b6d{ip: 192.168.69.85, host: pr-hdds-1054-8d95c-1017424488, networkLocation: /default-rack, certSerialId: null}ad2d061b-bce4-4929-94ab-c6ef8113ba3f{ip: 192.168.69.85, host: pr-hdds-1054-8d95c-1017424488, networkLocation: /default-rack, certSerialId: null}a9e3505a-b857-4083-807b-c489e4862dfa{ip: 192.168.69.85, host: pr-hdds-1054-8d95c-1017424488, networkLocation: /default-rack, certSerialId: null}, Type:RATIS, Factor:THREE, State:CLOSED]
org.apache.hadoop.hdds.scm.pipeline.PipelineNotFoundException: PipelineID=1c222981-f753-43aa-b5f1-5176954a2aab not found
	at org.apache.hadoop.hdds.scm.pipeline.PipelineStateMap.getPipeline(PipelineStateMap.java:132)
	at org.apache.hadoop.hdds.scm.pipeline.PipelineStateMap.removePipeline(PipelineStateMap.java:322)
	at org.apache.hadoop.hdds.scm.pipeline.PipelineStateManager.removePipeline(PipelineStateManager.java:107)
	at org.apache.hadoop.hdds.scm.pipeline.SCMPipelineManager.removePipeline(SCMPipelineManager.java:423)
	at org.apache.hadoop.hdds.scm.pipeline.SCMPipelineManager.destroyPipeline(SCMPipelineManager.java:409)
	at org.apache.hadoop.hdds.scm.pipeline.SCMPipelineManager.lambda$finalizeAndDestroyPipeline$0(SCMPipelineManager.java:318)
	at org.apache.hadoop.utils.Scheduler.lambda$schedule$1(Scheduler.java:68)
	at java.util.concurrent.Executors$RunnableAdapter.call(Executors.java:511)
	at java.util.concurrent.FutureTask.run(FutureTask.java:266)
	at java.util.concurrent.ScheduledThreadPoolExecutor$ScheduledFutureTask.access$201(ScheduledThreadPoolExecutor.java:180)
	at java.util.concurrent.ScheduledThreadPoolExecutor$ScheduledFutureTask.run(ScheduledThreadPoolExecutor.java:293)
	at java.util.concurrent.ThreadPoolExecutor.runWorker(ThreadPoolExecutor.java:1149)
	at java.util.concurrent.ThreadPoolExecutor$Worker.run(ThreadPoolExecutor.java:624)
	at java.lang.Thread.run(Thread.java:748)
2019-09-16 21:11:39,740 [701ccf05-4c28-42f5-aa92-67be6d940b6d@group-A1C7DCA6ACCF-SegmentedRaftLogWorker] WARN  segmented.SegmentedRaftLogWorker (SegmentedRaftLogWorker.java:getFromFuture(90)) - Timeout 2/~
org.apache.ratis.protocol.TimeoutIOException: Timeout 10s: WriteLog:5: (t:1, i:5), STATEMACHINELOGENTRY, client-85FCB0D44123, cid=50-writeStateMachineData
	at org.apache.ratis.util.IOUtils.getFromFuture(IOUtils.java:87)
	at org.apache.ratis.server.raftlog.segmented.SegmentedRaftLogWorker$StateMachineDataPolicy.getFromFuture(SegmentedRaftLogWorker.java:87)
	at org.apache.ratis.server.raftlog.segmented.SegmentedRaftLogWorker$WriteLog.execute(SegmentedRaftLogWorker.java:477)
	at org.apache.ratis.server.raftlog.segmented.SegmentedRaftLogWorker.run(SegmentedRaftLogWorker.java:289)
	at java.lang.Thread.run(Thread.java:748)
Caused by: java.util.concurrent.TimeoutException
	at java.util.concurrent.CompletableFuture.timedGet(CompletableFuture.java:1771)
	at java.util.concurrent.CompletableFuture.get(CompletableFuture.java:1915)
	at org.apache.ratis.util.IOUtils.getFromFuture(IOUtils.java:79)
	... 4 more
2019-09-16 21:11:39,811 [ad2d061b-bce4-4929-94ab-c6ef8113ba3f@group-A1C7DCA6ACCF-SegmentedRaftLogWorker] WARN  segmented.SegmentedRaftLogWorker (SegmentedRaftLogWorker.java:getFromFuture(90)) - Timeout 2/~
org.apache.ratis.protocol.TimeoutIOException: Timeout 10s: WriteLog:8: (t:1, i:8), STATEMACHINELOGENTRY, client-85FCB0D44123, cid=53-writeStateMachineData
	at org.apache.ratis.util.IOUtils.getFromFuture(IOUtils.java:87)
	at org.apache.ratis.server.raftlog.segmented.SegmentedRaftLogWorker$StateMachineDataPolicy.getFromFuture(SegmentedRaftLogWorker.java:87)
	at org.apache.ratis.server.raftlog.segmented.SegmentedRaftLogWorker$WriteLog.execute(SegmentedRaftLogWorker.java:477)
	at org.apache.ratis.server.raftlog.segmented.SegmentedRaftLogWorker.run(SegmentedRaftLogWorker.java:289)
	at java.lang.Thread.run(Thread.java:748)
Caused by: java.util.concurrent.TimeoutException
	at java.util.concurrent.CompletableFuture.timedGet(CompletableFuture.java:1771)
	at java.util.concurrent.CompletableFuture.get(CompletableFuture.java:1915)
	at org.apache.ratis.util.IOUtils.getFromFuture(IOUtils.java:79)
	... 4 more
2019-09-16 21:11:39,811 [a9e3505a-b857-4083-807b-c489e4862dfa@group-A1C7DCA6ACCF-SegmentedRaftLogWorker] WARN  segmented.SegmentedRaftLogWorker (SegmentedRaftLogWorker.java:getFromFuture(90)) - Timeout 2/~
org.apache.ratis.protocol.TimeoutIOException: Timeout 10s: WriteLog:8: (t:1, i:8), STATEMACHINELOGENTRY, client-85FCB0D44123, cid=53-writeStateMachineData
	at org.apache.ratis.util.IOUtils.getFromFuture(IOUtils.java:87)
	at org.apache.ratis.server.raftlog.segmented.SegmentedRaftLogWorker$StateMachineDataPolicy.getFromFuture(SegmentedRaftLogWorker.java:87)
	at org.apache.ratis.server.raftlog.segmented.SegmentedRaftLogWorker$WriteLog.execute(SegmentedRaftLogWorker.java:477)
	at org.apache.ratis.server.raftlog.segmented.SegmentedRaftLogWorker.run(SegmentedRaftLogWorker.java:289)
	at java.lang.Thread.run(Thread.java:748)
Caused by: java.util.concurrent.TimeoutException
	at java.util.concurrent.CompletableFuture.timedGet(CompletableFuture.java:1771)
	at java.util.concurrent.CompletableFuture.get(CompletableFuture.java:1915)
	at org.apache.ratis.util.IOUtils.getFromFuture(IOUtils.java:79)
	... 4 more
2019-09-16 21:11:39,970 [grpc-default-executor-7] INFO  client.GrpcClientProtocolClient (GrpcClientProtocolClient.java:onNext(264)) - client-85FCB0D44123->701ccf05-4c28-42f5-aa92-67be6d940b6d: receive RaftClientReply:client-85FCB0D44123->701ccf05-4c28-42f5-aa92-67be6d940b6d@group-A1C7DCA6ACCF, cid=50, FAILED org.apache.ratis.protocol.NotLeaderException: Server 701ccf05-4c28-42f5-aa92-67be6d940b6d@group-A1C7DCA6ACCF is not the leader ad2d061b-bce4-4929-94ab-c6ef8113ba3f:192.168.69.85:43917, logIndex=0, commits[701ccf05-4c28-42f5-aa92-67be6d940b6d:c4, ad2d061b-bce4-4929-94ab-c6ef8113ba3f:c4, a9e3505a-b857-4083-807b-c489e4862dfa:c3]
2019-09-16 21:11:40,248 [java.util.concurrent.ThreadPoolExecutor$Worker@8186817[State = -1, empty queue]] WARN  server.GrpcLogAppender (GrpcLogAppender.java:timeoutAppendRequest(200)) - ad2d061b-bce4-4929-94ab-c6ef8113ba3f@group-A1C7DCA6ACCF->701ccf05-4c28-42f5-aa92-67be6d940b6d-GrpcLogAppender: appendEntries Timeout, request=ad2d061b-bce4-4929-94ab-c6ef8113ba3f->701ccf05-4c28-42f5-aa92-67be6d940b6d#22-t1, previous=(t:1, i:10), leaderCommit=4, initializing? false, entries: <empty>
2019-09-16 21:11:40,248 [java.util.concurrent.ThreadPoolExecutor$Worker@796e945c[State = -1, empty queue]] WARN  server.GrpcLogAppender (GrpcLogAppender.java:timeoutAppendRequest(200)) - ad2d061b-bce4-4929-94ab-c6ef8113ba3f@group-A1C7DCA6ACCF->a9e3505a-b857-4083-807b-c489e4862dfa-GrpcLogAppender: appendEntries Timeout, request=ad2d061b-bce4-4929-94ab-c6ef8113ba3f->a9e3505a-b857-4083-807b-c489e4862dfa#22-t1, previous=(t:1, i:10), leaderCommit=4, initializing? false, entries: <empty>
2019-09-16 21:11:41,202 [grpc-default-executor-7] INFO  impl.RaftServerProxy (RaftServerProxy.java:remove(95)) - 701ccf05-4c28-42f5-aa92-67be6d940b6d: remove group-5176954A2AAB:null
2019-09-16 21:11:41,205 [RatisPipelineUtilsThread] WARN  pipeline.RatisPipelineUtils (RatisPipelineUtils.java:destroyPipeline(66)) - Pipeline destroy failed for pipeline=PipelineID=1c222981-f753-43aa-b5f1-5176954a2aab dn=701ccf05-4c28-42f5-aa92-67be6d940b6d{ip: 192.168.69.85, host: pr-hdds-1054-8d95c-1017424488, networkLocation: /default-rack, certSerialId: null}
2019-09-16 21:11:41,208 [grpc-default-executor-7] INFO  impl.RaftServerProxy (RaftServerProxy.java:remove(95)) - ad2d061b-bce4-4929-94ab-c6ef8113ba3f: remove group-5176954A2AAB:null
2019-09-16 21:11:41,210 [RatisPipelineUtilsThread] WARN  pipeline.RatisPipelineUtils (RatisPipelineUtils.java:destroyPipeline(66)) - Pipeline destroy failed for pipeline=PipelineID=1c222981-f753-43aa-b5f1-5176954a2aab dn=ad2d061b-bce4-4929-94ab-c6ef8113ba3f{ip: 192.168.69.85, host: pr-hdds-1054-8d95c-1017424488, networkLocation: /default-rack, certSerialId: null}
2019-09-16 21:11:41,212 [grpc-default-executor-7] INFO  impl.RaftServerProxy (RaftServerProxy.java:remove(95)) - a9e3505a-b857-4083-807b-c489e4862dfa: remove group-5176954A2AAB:null
2019-09-16 21:11:41,214 [RatisPipelineUtilsThread] WARN  pipeline.RatisPipelineUtils (RatisPipelineUtils.java:destroyPipeline(66)) - Pipeline destroy failed for pipeline=PipelineID=1c222981-f753-43aa-b5f1-5176954a2aab dn=a9e3505a-b857-4083-807b-c489e4862dfa{ip: 192.168.69.85, host: pr-hdds-1054-8d95c-1017424488, networkLocation: /default-rack, certSerialId: null}
2019-09-16 21:11:41,214 [RatisPipelineUtilsThread] ERROR pipeline.SCMPipelineManager (Scheduler.java:lambda$schedule$1(70)) - Destroy pipeline failed for pipeline:Pipeline[ Id: 1c222981-f753-43aa-b5f1-5176954a2aab, Nodes: 701ccf05-4c28-42f5-aa92-67be6d940b6d{ip: 192.168.69.85, host: pr-hdds-1054-8d95c-1017424488, networkLocation: /default-rack, certSerialId: null}ad2d061b-bce4-4929-94ab-c6ef8113ba3f{ip: 192.168.69.85, host: pr-hdds-1054-8d95c-1017424488, networkLocation: /default-rack, certSerialId: null}a9e3505a-b857-4083-807b-c489e4862dfa{ip: 192.168.69.85, host: pr-hdds-1054-8d95c-1017424488, networkLocation: /default-rack, certSerialId: null}, Type:RATIS, Factor:THREE, State:CLOSED]
org.apache.hadoop.hdds.scm.pipeline.PipelineNotFoundException: PipelineID=1c222981-f753-43aa-b5f1-5176954a2aab not found
	at org.apache.hadoop.hdds.scm.pipeline.PipelineStateMap.getPipeline(PipelineStateMap.java:132)
	at org.apache.hadoop.hdds.scm.pipeline.PipelineStateMap.removePipeline(PipelineStateMap.java:322)
	at org.apache.hadoop.hdds.scm.pipeline.PipelineStateManager.removePipeline(PipelineStateManager.java:107)
	at org.apache.hadoop.hdds.scm.pipeline.SCMPipelineManager.removePipeline(SCMPipelineManager.java:423)
	at org.apache.hadoop.hdds.scm.pipeline.SCMPipelineManager.destroyPipeline(SCMPipelineManager.java:409)
	at org.apache.hadoop.hdds.scm.pipeline.SCMPipelineManager.lambda$finalizeAndDestroyPipeline$0(SCMPipelineManager.java:318)
	at org.apache.hadoop.utils.Scheduler.lambda$schedule$1(Scheduler.java:68)
	at java.util.concurrent.Executors$RunnableAdapter.call(Executors.java:511)
	at java.util.concurrent.FutureTask.run(FutureTask.java:266)
	at java.util.concurrent.ScheduledThreadPoolExecutor$ScheduledFutureTask.access$201(ScheduledThreadPoolExecutor.java:180)
	at java.util.concurrent.ScheduledThreadPoolExecutor$ScheduledFutureTask.run(ScheduledThreadPoolExecutor.java:293)
	at java.util.concurrent.ThreadPoolExecutor.runWorker(ThreadPoolExecutor.java:1149)
	at java.util.concurrent.ThreadPoolExecutor$Worker.run(ThreadPoolExecutor.java:624)
	at java.lang.Thread.run(Thread.java:748)
2019-09-16 21:11:42,749 [java.util.concurrent.ThreadPoolExecutor$Worker@796e945c[State = -1, empty queue]] WARN  server.GrpcLogAppender (GrpcLogAppender.java:timeoutAppendRequest(200)) - ad2d061b-bce4-4929-94ab-c6ef8113ba3f@group-A1C7DCA6ACCF->a9e3505a-b857-4083-807b-c489e4862dfa-GrpcLogAppender: appendEntries Timeout, request=ad2d061b-bce4-4929-94ab-c6ef8113ba3f->a9e3505a-b857-4083-807b-c489e4862dfa#23-t1, previous=(t:1, i:10), leaderCommit=4, initializing? false, entries: <empty>
2019-09-16 21:11:42,749 [java.util.concurrent.ThreadPoolExecutor$Worker@8186817[State = -1, empty queue]] WARN  server.GrpcLogAppender (GrpcLogAppender.java:timeoutAppendRequest(200)) - ad2d061b-bce4-4929-94ab-c6ef8113ba3f@group-A1C7DCA6ACCF->701ccf05-4c28-42f5-aa92-67be6d940b6d-GrpcLogAppender: appendEntries Timeout, request=ad2d061b-bce4-4929-94ab-c6ef8113ba3f->701ccf05-4c28-42f5-aa92-67be6d940b6d#23-t1, previous=(t:1, i:10), leaderCommit=4, initializing? false, entries: <empty>
2019-09-16 21:11:43,208 [grpc-default-executor-7] INFO  impl.RaftServerProxy (RaftServerProxy.java:remove(95)) - 701ccf05-4c28-42f5-aa92-67be6d940b6d: remove group-5176954A2AAB:null
2019-09-16 21:11:43,212 [RatisPipelineUtilsThread] WARN  pipeline.RatisPipelineUtils (RatisPipelineUtils.java:destroyPipeline(66)) - Pipeline destroy failed for pipeline=PipelineID=1c222981-f753-43aa-b5f1-5176954a2aab dn=701ccf05-4c28-42f5-aa92-67be6d940b6d{ip: 192.168.69.85, host: pr-hdds-1054-8d95c-1017424488, networkLocation: /default-rack, certSerialId: null}
2019-09-16 21:11:43,215 [grpc-default-executor-7] INFO  impl.RaftServerProxy (RaftServerProxy.java:remove(95)) - ad2d061b-bce4-4929-94ab-c6ef8113ba3f: remove group-5176954A2AAB:null
2019-09-16 21:11:43,218 [RatisPipelineUtilsThread] WARN  pipeline.RatisPipelineUtils (RatisPipelineUtils.java:destroyPipeline(66)) - Pipeline destroy failed for pipeline=PipelineID=1c222981-f753-43aa-b5f1-5176954a2aab dn=ad2d061b-bce4-4929-94ab-c6ef8113ba3f{ip: 192.168.69.85, host: pr-hdds-1054-8d95c-1017424488, networkLocation: /default-rack, certSerialId: null}
2019-09-16 21:11:43,221 [grpc-default-executor-7] INFO  impl.RaftServerProxy (RaftServerProxy.java:remove(95)) - a9e3505a-b857-4083-807b-c489e4862dfa: remove group-5176954A2AAB:null
2019-09-16 21:11:43,223 [RatisPipelineUtilsThread] WARN  pipeline.RatisPipelineUtils (RatisPipelineUtils.java:destroyPipeline(66)) - Pipeline destroy failed for pipeline=PipelineID=1c222981-f753-43aa-b5f1-5176954a2aab dn=a9e3505a-b857-4083-807b-c489e4862dfa{ip: 192.168.69.85, host: pr-hdds-1054-8d95c-1017424488, networkLocation: /default-rack, certSerialId: null}
2019-09-16 21:11:43,223 [RatisPipelineUtilsThread] ERROR pipeline.SCMPipelineManager (Scheduler.java:lambda$schedule$1(70)) - Destroy pipeline failed for pipeline:Pipeline[ Id: 1c222981-f753-43aa-b5f1-5176954a2aab, Nodes: 701ccf05-4c28-42f5-aa92-67be6d940b6d{ip: 192.168.69.85, host: pr-hdds-1054-8d95c-1017424488, networkLocation: /default-rack, certSerialId: null}ad2d061b-bce4-4929-94ab-c6ef8113ba3f{ip: 192.168.69.85, host: pr-hdds-1054-8d95c-1017424488, networkLocation: /default-rack, certSerialId: null}a9e3505a-b857-4083-807b-c489e4862dfa{ip: 192.168.69.85, host: pr-hdds-1054-8d95c-1017424488, networkLocation: /default-rack, certSerialId: null}, Type:RATIS, Factor:THREE, State:CLOSED]
org.apache.hadoop.hdds.scm.pipeline.PipelineNotFoundException: PipelineID=1c222981-f753-43aa-b5f1-5176954a2aab not found
	at org.apache.hadoop.hdds.scm.pipeline.PipelineStateMap.getPipeline(PipelineStateMap.java:132)
	at org.apache.hadoop.hdds.scm.pipeline.PipelineStateMap.removePipeline(PipelineStateMap.java:322)
	at org.apache.hadoop.hdds.scm.pipeline.PipelineStateManager.removePipeline(PipelineStateManager.java:107)
	at org.apache.hadoop.hdds.scm.pipeline.SCMPipelineManager.removePipeline(SCMPipelineManager.java:423)
	at org.apache.hadoop.hdds.scm.pipeline.SCMPipelineManager.destroyPipeline(SCMPipelineManager.java:409)
	at org.apache.hadoop.hdds.scm.pipeline.SCMPipelineManager.lambda$finalizeAndDestroyPipeline$0(SCMPipelineManager.java:318)
	at org.apache.hadoop.utils.Scheduler.lambda$schedule$1(Scheduler.java:68)
	at java.util.concurrent.Executors$RunnableAdapter.call(Executors.java:511)
	at java.util.concurrent.FutureTask.run(FutureTask.java:266)
	at java.util.concurrent.ScheduledThreadPoolExecutor$ScheduledFutureTask.access$201(ScheduledThreadPoolExecutor.java:180)
	at java.util.concurrent.ScheduledThreadPoolExecutor$ScheduledFutureTask.run(ScheduledThreadPoolExecutor.java:293)
	at java.util.concurrent.ThreadPoolExecutor.runWorker(ThreadPoolExecutor.java:1149)
	at java.util.concurrent.ThreadPoolExecutor$Worker.run(ThreadPoolExecutor.java:624)
	at java.lang.Thread.run(Thread.java:748)
2019-09-16 21:11:45,026 [grpc-default-executor-2] INFO  client.GrpcClientProtocolClient (GrpcClientProtocolClient.java:onNext(264)) - client-85FCB0D44123->701ccf05-4c28-42f5-aa92-67be6d940b6d: receive RaftClientReply:client-85FCB0D44123->701ccf05-4c28-42f5-aa92-67be6d940b6d@group-A1C7DCA6ACCF, cid=50, FAILED org.apache.ratis.protocol.NotLeaderException: Server 701ccf05-4c28-42f5-aa92-67be6d940b6d@group-A1C7DCA6ACCF is not the leader ad2d061b-bce4-4929-94ab-c6ef8113ba3f:192.168.69.85:43917, logIndex=0, commits[701ccf05-4c28-42f5-aa92-67be6d940b6d:c4, ad2d061b-bce4-4929-94ab-c6ef8113ba3f:c4, a9e3505a-b857-4083-807b-c489e4862dfa:c3]
2019-09-16 21:11:45,249 [java.util.concurrent.ThreadPoolExecutor$Worker@796e945c[State = -1, empty queue]] WARN  server.GrpcLogAppender (GrpcLogAppender.java:timeoutAppendRequest(200)) - ad2d061b-bce4-4929-94ab-c6ef8113ba3f@group-A1C7DCA6ACCF->a9e3505a-b857-4083-807b-c489e4862dfa-GrpcLogAppender: appendEntries Timeout, request=ad2d061b-bce4-4929-94ab-c6ef8113ba3f->a9e3505a-b857-4083-807b-c489e4862dfa#24-t1, previous=(t:1, i:10), leaderCommit=4, initializing? false, entries: <empty>
2019-09-16 21:11:45,249 [java.util.concurrent.ThreadPoolExecutor$Worker@8186817[State = -1, empty queue]] WARN  server.GrpcLogAppender (GrpcLogAppender.java:timeoutAppendRequest(200)) - ad2d061b-bce4-4929-94ab-c6ef8113ba3f@group-A1C7DCA6ACCF->701ccf05-4c28-42f5-aa92-67be6d940b6d-GrpcLogAppender: appendEntries Timeout, request=ad2d061b-bce4-4929-94ab-c6ef8113ba3f->701ccf05-4c28-42f5-aa92-67be6d940b6d#24-t1, previous=(t:1, i:10), leaderCommit=4, initializing? false, entries: <empty>
2019-09-16 21:11:46,206 [grpc-default-executor-7] INFO  impl.RaftServerProxy (RaftServerProxy.java:remove(95)) - 701ccf05-4c28-42f5-aa92-67be6d940b6d: remove group-5176954A2AAB:null
2019-09-16 21:11:46,210 [RatisPipelineUtilsThread] WARN  pipeline.RatisPipelineUtils (RatisPipelineUtils.java:destroyPipeline(66)) - Pipeline destroy failed for pipeline=PipelineID=1c222981-f753-43aa-b5f1-5176954a2aab dn=701ccf05-4c28-42f5-aa92-67be6d940b6d{ip: 192.168.69.85, host: pr-hdds-1054-8d95c-1017424488, networkLocation: /default-rack, certSerialId: null}
2019-09-16 21:11:46,213 [grpc-default-executor-7] INFO  impl.RaftServerProxy (RaftServerProxy.java:remove(95)) - ad2d061b-bce4-4929-94ab-c6ef8113ba3f: remove group-5176954A2AAB:null
2019-09-16 21:11:46,216 [RatisPipelineUtilsThread] WARN  pipeline.RatisPipelineUtils (RatisPipelineUtils.java:destroyPipeline(66)) - Pipeline destroy failed for pipeline=PipelineID=1c222981-f753-43aa-b5f1-5176954a2aab dn=ad2d061b-bce4-4929-94ab-c6ef8113ba3f{ip: 192.168.69.85, host: pr-hdds-1054-8d95c-1017424488, networkLocation: /default-rack, certSerialId: null}
2019-09-16 21:11:46,218 [grpc-default-executor-7] INFO  impl.RaftServerProxy (RaftServerProxy.java:remove(95)) - a9e3505a-b857-4083-807b-c489e4862dfa: remove group-5176954A2AAB:null
2019-09-16 21:11:46,220 [RatisPipelineUtilsThread] WARN  pipeline.RatisPipelineUtils (RatisPipelineUtils.java:destroyPipeline(66)) - Pipeline destroy failed for pipeline=PipelineID=1c222981-f753-43aa-b5f1-5176954a2aab dn=a9e3505a-b857-4083-807b-c489e4862dfa{ip: 192.168.69.85, host: pr-hdds-1054-8d95c-1017424488, networkLocation: /default-rack, certSerialId: null}
2019-09-16 21:11:46,221 [RatisPipelineUtilsThread] ERROR pipeline.SCMPipelineManager (Scheduler.java:lambda$schedule$1(70)) - Destroy pipeline failed for pipeline:Pipeline[ Id: 1c222981-f753-43aa-b5f1-5176954a2aab, Nodes: 701ccf05-4c28-42f5-aa92-67be6d940b6d{ip: 192.168.69.85, host: pr-hdds-1054-8d95c-1017424488, networkLocation: /default-rack, certSerialId: null}ad2d061b-bce4-4929-94ab-c6ef8113ba3f{ip: 192.168.69.85, host: pr-hdds-1054-8d95c-1017424488, networkLocation: /default-rack, certSerialId: null}a9e3505a-b857-4083-807b-c489e4862dfa{ip: 192.168.69.85, host: pr-hdds-1054-8d95c-1017424488, networkLocation: /default-rack, certSerialId: null}, Type:RATIS, Factor:THREE, State:CLOSED]
org.apache.hadoop.hdds.scm.pipeline.PipelineNotFoundException: PipelineID=1c222981-f753-43aa-b5f1-5176954a2aab not found
	at org.apache.hadoop.hdds.scm.pipeline.PipelineStateMap.getPipeline(PipelineStateMap.java:132)
	at org.apache.hadoop.hdds.scm.pipeline.PipelineStateMap.removePipeline(PipelineStateMap.java:322)
	at org.apache.hadoop.hdds.scm.pipeline.PipelineStateManager.removePipeline(PipelineStateManager.java:107)
	at org.apache.hadoop.hdds.scm.pipeline.SCMPipelineManager.removePipeline(SCMPipelineManager.java:423)
	at org.apache.hadoop.hdds.scm.pipeline.SCMPipelineManager.destroyPipeline(SCMPipelineManager.java:409)
	at org.apache.hadoop.hdds.scm.pipeline.SCMPipelineManager.lambda$finalizeAndDestroyPipeline$0(SCMPipelineManager.java:318)
	at org.apache.hadoop.utils.Scheduler.lambda$schedule$1(Scheduler.java:68)
	at java.util.concurrent.Executors$RunnableAdapter.call(Executors.java:511)
	at java.util.concurrent.FutureTask.run(FutureTask.java:266)
	at java.util.concurrent.ScheduledThreadPoolExecutor$ScheduledFutureTask.access$201(ScheduledThreadPoolExecutor.java:180)
	at java.util.concurrent.ScheduledThreadPoolExecutor$ScheduledFutureTask.run(ScheduledThreadPoolExecutor.java:293)
	at java.util.concurrent.ThreadPoolExecutor.runWorker(ThreadPoolExecutor.java:1149)
	at java.util.concurrent.ThreadPoolExecutor$Worker.run(ThreadPoolExecutor.java:624)
	at java.lang.Thread.run(Thread.java:748)
2019-09-16 21:11:47,751 [java.util.concurrent.ThreadPoolExecutor$Worker@8186817[State = -1, empty queue]] WARN  server.GrpcLogAppender (GrpcLogAppender.java:timeoutAppendRequest(200)) - ad2d061b-bce4-4929-94ab-c6ef8113ba3f@group-A1C7DCA6ACCF->701ccf05-4c28-42f5-aa92-67be6d940b6d-GrpcLogAppender: appendEntries Timeout, request=ad2d061b-bce4-4929-94ab-c6ef8113ba3f->701ccf05-4c28-42f5-aa92-67be6d940b6d#25-t1, previous=(t:1, i:10), leaderCommit=4, initializing? false, entries: <empty>
2019-09-16 21:11:47,751 [java.util.concurrent.ThreadPoolExecutor$Worker@796e945c[State = -1, empty queue]] WARN  server.GrpcLogAppender (GrpcLogAppender.java:timeoutAppendRequest(200)) - ad2d061b-bce4-4929-94ab-c6ef8113ba3f@group-A1C7DCA6ACCF->a9e3505a-b857-4083-807b-c489e4862dfa-GrpcLogAppender: appendEntries Timeout, request=ad2d061b-bce4-4929-94ab-c6ef8113ba3f->a9e3505a-b857-4083-807b-c489e4862dfa#25-t1, previous=(t:1, i:10), leaderCommit=4, initializing? false, entries: <empty>
2019-09-16 21:11:48,207 [grpc-default-executor-2] INFO  impl.RaftServerProxy (RaftServerProxy.java:remove(95)) - 701ccf05-4c28-42f5-aa92-67be6d940b6d: remove group-5176954A2AAB:null
2019-09-16 21:11:48,211 [RatisPipelineUtilsThread] WARN  pipeline.RatisPipelineUtils (RatisPipelineUtils.java:destroyPipeline(66)) - Pipeline destroy failed for pipeline=PipelineID=1c222981-f753-43aa-b5f1-5176954a2aab dn=701ccf05-4c28-42f5-aa92-67be6d940b6d{ip: 192.168.69.85, host: pr-hdds-1054-8d95c-1017424488, networkLocation: /default-rack, certSerialId: null}
2019-09-16 21:11:48,214 [grpc-default-executor-2] INFO  impl.RaftServerProxy (RaftServerProxy.java:remove(95)) - ad2d061b-bce4-4929-94ab-c6ef8113ba3f: remove group-5176954A2AAB:null
2019-09-16 21:11:48,216 [RatisPipelineUtilsThread] WARN  pipeline.RatisPipelineUtils (RatisPipelineUtils.java:destroyPipeline(66)) - Pipeline destroy failed for pipeline=PipelineID=1c222981-f753-43aa-b5f1-5176954a2aab dn=ad2d061b-bce4-4929-94ab-c6ef8113ba3f{ip: 192.168.69.85, host: pr-hdds-1054-8d95c-1017424488, networkLocation: /default-rack, certSerialId: null}
2019-09-16 21:11:48,219 [grpc-default-executor-2] INFO  impl.RaftServerProxy (RaftServerProxy.java:remove(95)) - a9e3505a-b857-4083-807b-c489e4862dfa: remove group-5176954A2AAB:null
2019-09-16 21:11:48,221 [RatisPipelineUtilsThread] WARN  pipeline.RatisPipelineUtils (RatisPipelineUtils.java:destroyPipeline(66)) - Pipeline destroy failed for pipeline=PipelineID=1c222981-f753-43aa-b5f1-5176954a2aab dn=a9e3505a-b857-4083-807b-c489e4862dfa{ip: 192.168.69.85, host: pr-hdds-1054-8d95c-1017424488, networkLocation: /default-rack, certSerialId: null}
2019-09-16 21:11:48,222 [RatisPipelineUtilsThread] ERROR pipeline.SCMPipelineManager (Scheduler.java:lambda$schedule$1(70)) - Destroy pipeline failed for pipeline:Pipeline[ Id: 1c222981-f753-43aa-b5f1-5176954a2aab, Nodes: 701ccf05-4c28-42f5-aa92-67be6d940b6d{ip: 192.168.69.85, host: pr-hdds-1054-8d95c-1017424488, networkLocation: /default-rack, certSerialId: null}ad2d061b-bce4-4929-94ab-c6ef8113ba3f{ip: 192.168.69.85, host: pr-hdds-1054-8d95c-1017424488, networkLocation: /default-rack, certSerialId: null}a9e3505a-b857-4083-807b-c489e4862dfa{ip: 192.168.69.85, host: pr-hdds-1054-8d95c-1017424488, networkLocation: /default-rack, certSerialId: null}, Type:RATIS, Factor:THREE, State:CLOSED]
org.apache.hadoop.hdds.scm.pipeline.PipelineNotFoundException: PipelineID=1c222981-f753-43aa-b5f1-5176954a2aab not found
	at org.apache.hadoop.hdds.scm.pipeline.PipelineStateMap.getPipeline(PipelineStateMap.java:132)
	at org.apache.hadoop.hdds.scm.pipeline.PipelineStateMap.removePipeline(PipelineStateMap.java:322)
	at org.apache.hadoop.hdds.scm.pipeline.PipelineStateManager.removePipeline(PipelineStateManager.java:107)
	at org.apache.hadoop.hdds.scm.pipeline.SCMPipelineManager.removePipeline(SCMPipelineManager.java:423)
	at org.apache.hadoop.hdds.scm.pipeline.SCMPipelineManager.destroyPipeline(SCMPipelineManager.java:409)
	at org.apache.hadoop.hdds.scm.pipeline.SCMPipelineManager.lambda$finalizeAndDestroyPipeline$0(SCMPipelineManager.java:318)
	at org.apache.hadoop.utils.Scheduler.lambda$schedule$1(Scheduler.java:68)
	at java.util.concurrent.Executors$RunnableAdapter.call(Executors.java:511)
	at java.util.concurrent.FutureTask.run(FutureTask.java:266)
	at java.util.concurrent.ScheduledThreadPoolExecutor$ScheduledFutureTask.access$201(ScheduledThreadPoolExecutor.java:180)
	at java.util.concurrent.ScheduledThreadPoolExecutor$ScheduledFutureTask.run(ScheduledThreadPoolExecutor.java:293)
	at java.util.concurrent.ThreadPoolExecutor.runWorker(ThreadPoolExecutor.java:1149)
	at java.util.concurrent.ThreadPoolExecutor$Worker.run(ThreadPoolExecutor.java:624)
	at java.lang.Thread.run(Thread.java:748)
2019-09-16 21:11:49,742 [701ccf05-4c28-42f5-aa92-67be6d940b6d@group-A1C7DCA6ACCF-SegmentedRaftLogWorker] WARN  segmented.SegmentedRaftLogWorker (SegmentedRaftLogWorker.java:getFromFuture(90)) - Timeout 3/~
org.apache.ratis.protocol.TimeoutIOException: Timeout 10s: WriteLog:5: (t:1, i:5), STATEMACHINELOGENTRY, client-85FCB0D44123, cid=50-writeStateMachineData
	at org.apache.ratis.util.IOUtils.getFromFuture(IOUtils.java:87)
	at org.apache.ratis.server.raftlog.segmented.SegmentedRaftLogWorker$StateMachineDataPolicy.getFromFuture(SegmentedRaftLogWorker.java:87)
	at org.apache.ratis.server.raftlog.segmented.SegmentedRaftLogWorker$WriteLog.execute(SegmentedRaftLogWorker.java:477)
	at org.apache.ratis.server.raftlog.segmented.SegmentedRaftLogWorker.run(SegmentedRaftLogWorker.java:289)
	at java.lang.Thread.run(Thread.java:748)
Caused by: java.util.concurrent.TimeoutException
	at java.util.concurrent.CompletableFuture.timedGet(CompletableFuture.java:1771)
	at java.util.concurrent.CompletableFuture.get(CompletableFuture.java:1915)
	at org.apache.ratis.util.IOUtils.getFromFuture(IOUtils.java:79)
	... 4 more
2019-09-16 21:11:49,812 [ad2d061b-bce4-4929-94ab-c6ef8113ba3f@group-A1C7DCA6ACCF-SegmentedRaftLogWorker] WARN  segmented.SegmentedRaftLogWorker (SegmentedRaftLogWorker.java:getFromFuture(90)) - Timeout 3/~
org.apache.ratis.protocol.TimeoutIOException: Timeout 10s: WriteLog:8: (t:1, i:8), STATEMACHINELOGENTRY, client-85FCB0D44123, cid=53-writeStateMachineData
	at org.apache.ratis.util.IOUtils.getFromFuture(IOUtils.java:87)
	at org.apache.ratis.server.raftlog.segmented.SegmentedRaftLogWorker$StateMachineDataPolicy.getFromFuture(SegmentedRaftLogWorker.java:87)
	at org.apache.ratis.server.raftlog.segmented.SegmentedRaftLogWorker$WriteLog.execute(SegmentedRaftLogWorker.java:477)
	at org.apache.ratis.server.raftlog.segmented.SegmentedRaftLogWorker.run(SegmentedRaftLogWorker.java:289)
	at java.lang.Thread.run(Thread.java:748)
Caused by: java.util.concurrent.TimeoutException
	at java.util.concurrent.CompletableFuture.timedGet(CompletableFuture.java:1771)
	at java.util.concurrent.CompletableFuture.get(CompletableFuture.java:1915)
	at org.apache.ratis.util.IOUtils.getFromFuture(IOUtils.java:79)
	... 4 more
2019-09-16 21:11:49,812 [a9e3505a-b857-4083-807b-c489e4862dfa@group-A1C7DCA6ACCF-SegmentedRaftLogWorker] WARN  segmented.SegmentedRaftLogWorker (SegmentedRaftLogWorker.java:getFromFuture(90)) - Timeout 3/~
org.apache.ratis.protocol.TimeoutIOException: Timeout 10s: WriteLog:8: (t:1, i:8), STATEMACHINELOGENTRY, client-85FCB0D44123, cid=53-writeStateMachineData
	at org.apache.ratis.util.IOUtils.getFromFuture(IOUtils.java:87)
	at org.apache.ratis.server.raftlog.segmented.SegmentedRaftLogWorker$StateMachineDataPolicy.getFromFuture(SegmentedRaftLogWorker.java:87)
	at org.apache.ratis.server.raftlog.segmented.SegmentedRaftLogWorker$WriteLog.execute(SegmentedRaftLogWorker.java:477)
	at org.apache.ratis.server.raftlog.segmented.SegmentedRaftLogWorker.run(SegmentedRaftLogWorker.java:289)
	at java.lang.Thread.run(Thread.java:748)
Caused by: java.util.concurrent.TimeoutException
	at java.util.concurrent.CompletableFuture.timedGet(CompletableFuture.java:1771)
	at java.util.concurrent.CompletableFuture.get(CompletableFuture.java:1915)
	at org.apache.ratis.util.IOUtils.getFromFuture(IOUtils.java:79)
	... 4 more
2019-09-16 21:11:50,084 [grpc-default-executor-7] INFO  client.GrpcClientProtocolClient (GrpcClientProtocolClient.java:onNext(264)) - client-85FCB0D44123->a9e3505a-b857-4083-807b-c489e4862dfa: receive RaftClientReply:client-85FCB0D44123->a9e3505a-b857-4083-807b-c489e4862dfa@group-A1C7DCA6ACCF, cid=50, FAILED org.apache.ratis.protocol.NotLeaderException: Server a9e3505a-b857-4083-807b-c489e4862dfa@group-A1C7DCA6ACCF is not the leader ad2d061b-bce4-4929-94ab-c6ef8113ba3f:192.168.69.85:43917, logIndex=0, commits[a9e3505a-b857-4083-807b-c489e4862dfa:c4, ad2d061b-bce4-4929-94ab-c6ef8113ba3f:c4, 701ccf05-4c28-42f5-aa92-67be6d940b6d:c3]
2019-09-16 21:11:50,252 [java.util.concurrent.ThreadPoolExecutor$Worker@796e945c[State = -1, empty queue]] WARN  server.GrpcLogAppender (GrpcLogAppender.java:timeoutAppendRequest(200)) - ad2d061b-bce4-4929-94ab-c6ef8113ba3f@group-A1C7DCA6ACCF->a9e3505a-b857-4083-807b-c489e4862dfa-GrpcLogAppender: appendEntries Timeout, request=ad2d061b-bce4-4929-94ab-c6ef8113ba3f->a9e3505a-b857-4083-807b-c489e4862dfa#26-t1, previous=(t:1, i:10), leaderCommit=4, initializing? false, entries: <empty>
2019-09-16 21:11:50,252 [java.util.concurrent.ThreadPoolExecutor$Worker@8186817[State = -1, empty queue]] WARN  server.GrpcLogAppender (GrpcLogAppender.java:timeoutAppendRequest(200)) - ad2d061b-bce4-4929-94ab-c6ef8113ba3f@group-A1C7DCA6ACCF->701ccf05-4c28-42f5-aa92-67be6d940b6d-GrpcLogAppender: appendEntries Timeout, request=ad2d061b-bce4-4929-94ab-c6ef8113ba3f->701ccf05-4c28-42f5-aa92-67be6d940b6d#26-t1, previous=(t:1, i:10), leaderCommit=4, initializing? false, entries: <empty>
2019-09-16 21:11:51,207 [grpc-default-executor-2] INFO  impl.RaftServerProxy (RaftServerProxy.java:remove(95)) - 701ccf05-4c28-42f5-aa92-67be6d940b6d: remove group-5176954A2AAB:null
2019-09-16 21:11:51,212 [RatisPipelineUtilsThread] WARN  pipeline.RatisPipelineUtils (RatisPipelineUtils.java:destroyPipeline(66)) - Pipeline destroy failed for pipeline=PipelineID=1c222981-f753-43aa-b5f1-5176954a2aab dn=701ccf05-4c28-42f5-aa92-67be6d940b6d{ip: 192.168.69.85, host: pr-hdds-1054-8d95c-1017424488, networkLocation: /default-rack, certSerialId: null}
2019-09-16 21:11:51,215 [grpc-default-executor-2] INFO  impl.RaftServerProxy (RaftServerProxy.java:remove(95)) - ad2d061b-bce4-4929-94ab-c6ef8113ba3f: remove group-5176954A2AAB:null
2019-09-16 21:11:51,218 [RatisPipelineUtilsThread] WARN  pipeline.RatisPipelineUtils (RatisPipelineUtils.java:destroyPipeline(66)) - Pipeline destroy failed for pipeline=PipelineID=1c222981-f753-43aa-b5f1-5176954a2aab dn=ad2d061b-bce4-4929-94ab-c6ef8113ba3f{ip: 192.168.69.85, host: pr-hdds-1054-8d95c-1017424488, networkLocation: /default-rack, certSerialId: null}
2019-09-16 21:11:51,221 [grpc-default-executor-2] INFO  impl.RaftServerProxy (RaftServerProxy.java:remove(95)) - a9e3505a-b857-4083-807b-c489e4862dfa: remove group-5176954A2AAB:null
2019-09-16 21:11:51,224 [RatisPipelineUtilsThread] WARN  pipeline.RatisPipelineUtils (RatisPipelineUtils.java:destroyPipeline(66)) - Pipeline destroy failed for pipeline=PipelineID=1c222981-f753-43aa-b5f1-5176954a2aab dn=a9e3505a-b857-4083-807b-c489e4862dfa{ip: 192.168.69.85, host: pr-hdds-1054-8d95c-1017424488, networkLocation: /default-rack, certSerialId: null}
2019-09-16 21:11:51,224 [RatisPipelineUtilsThread] ERROR pipeline.SCMPipelineManager (Scheduler.java:lambda$schedule$1(70)) - Destroy pipeline failed for pipeline:Pipeline[ Id: 1c222981-f753-43aa-b5f1-5176954a2aab, Nodes: 701ccf05-4c28-42f5-aa92-67be6d940b6d{ip: 192.168.69.85, host: pr-hdds-1054-8d95c-1017424488, networkLocation: /default-rack, certSerialId: null}ad2d061b-bce4-4929-94ab-c6ef8113ba3f{ip: 192.168.69.85, host: pr-hdds-1054-8d95c-1017424488, networkLocation: /default-rack, certSerialId: null}a9e3505a-b857-4083-807b-c489e4862dfa{ip: 192.168.69.85, host: pr-hdds-1054-8d95c-1017424488, networkLocation: /default-rack, certSerialId: null}, Type:RATIS, Factor:THREE, State:CLOSED]
org.apache.hadoop.hdds.scm.pipeline.PipelineNotFoundException: PipelineID=1c222981-f753-43aa-b5f1-5176954a2aab not found
	at org.apache.hadoop.hdds.scm.pipeline.PipelineStateMap.getPipeline(PipelineStateMap.java:132)
	at org.apache.hadoop.hdds.scm.pipeline.PipelineStateMap.removePipeline(PipelineStateMap.java:322)
	at org.apache.hadoop.hdds.scm.pipeline.PipelineStateManager.removePipeline(PipelineStateManager.java:107)
	at org.apache.hadoop.hdds.scm.pipeline.SCMPipelineManager.removePipeline(SCMPipelineManager.java:423)
	at org.apache.hadoop.hdds.scm.pipeline.SCMPipelineManager.destroyPipeline(SCMPipelineManager.java:409)
	at org.apache.hadoop.hdds.scm.pipeline.SCMPipelineManager.lambda$finalizeAndDestroyPipeline$0(SCMPipelineManager.java:318)
	at org.apache.hadoop.utils.Scheduler.lambda$schedule$1(Scheduler.java:68)
	at java.util.concurrent.Executors$RunnableAdapter.call(Executors.java:511)
	at java.util.concurrent.FutureTask.run(FutureTask.java:266)
	at java.util.concurrent.ScheduledThreadPoolExecutor$ScheduledFutureTask.access$201(ScheduledThreadPoolExecutor.java:180)
	at java.util.concurrent.ScheduledThreadPoolExecutor$ScheduledFutureTask.run(ScheduledThreadPoolExecutor.java:293)
	at java.util.concurrent.ThreadPoolExecutor.runWorker(ThreadPoolExecutor.java:1149)
	at java.util.concurrent.ThreadPoolExecutor$Worker.run(ThreadPoolExecutor.java:624)
	at java.lang.Thread.run(Thread.java:748)
2019-09-16 21:11:52,753 [java.util.concurrent.ThreadPoolExecutor$Worker@796e945c[State = -1, empty queue]] WARN  server.GrpcLogAppender (GrpcLogAppender.java:timeoutAppendRequest(200)) - ad2d061b-bce4-4929-94ab-c6ef8113ba3f@group-A1C7DCA6ACCF->a9e3505a-b857-4083-807b-c489e4862dfa-GrpcLogAppender: appendEntries Timeout, request=ad2d061b-bce4-4929-94ab-c6ef8113ba3f->a9e3505a-b857-4083-807b-c489e4862dfa#27-t1, previous=(t:1, i:10), leaderCommit=4, initializing? false, entries: <empty>
2019-09-16 21:11:52,753 [java.util.concurrent.ThreadPoolExecutor$Worker@8186817[State = -1, empty queue]] WARN  server.GrpcLogAppender (GrpcLogAppender.java:timeoutAppendRequest(200)) - ad2d061b-bce4-4929-94ab-c6ef8113ba3f@group-A1C7DCA6ACCF->701ccf05-4c28-42f5-aa92-67be6d940b6d-GrpcLogAppender: appendEntries Timeout, request=ad2d061b-bce4-4929-94ab-c6ef8113ba3f->701ccf05-4c28-42f5-aa92-67be6d940b6d#27-t1, previous=(t:1, i:10), leaderCommit=4, initializing? false, entries: <empty>
2019-09-16 21:11:53,207 [grpc-default-executor-7] INFO  impl.RaftServerProxy (RaftServerProxy.java:remove(95)) - 701ccf05-4c28-42f5-aa92-67be6d940b6d: remove group-5176954A2AAB:null
2019-09-16 21:11:53,212 [RatisPipelineUtilsThread] WARN  pipeline.RatisPipelineUtils (RatisPipelineUtils.java:destroyPipeline(66)) - Pipeline destroy failed for pipeline=PipelineID=1c222981-f753-43aa-b5f1-5176954a2aab dn=701ccf05-4c28-42f5-aa92-67be6d940b6d{ip: 192.168.69.85, host: pr-hdds-1054-8d95c-1017424488, networkLocation: /default-rack, certSerialId: null}
2019-09-16 21:11:53,215 [grpc-default-executor-7] INFO  impl.RaftServerProxy (RaftServerProxy.java:remove(95)) - ad2d061b-bce4-4929-94ab-c6ef8113ba3f: remove group-5176954A2AAB:null
2019-09-16 21:11:53,217 [RatisPipelineUtilsThread] WARN  pipeline.RatisPipelineUtils (RatisPipelineUtils.java:destroyPipeline(66)) - Pipeline destroy failed for pipeline=PipelineID=1c222981-f753-43aa-b5f1-5176954a2aab dn=ad2d061b-bce4-4929-94ab-c6ef8113ba3f{ip: 192.168.69.85, host: pr-hdds-1054-8d95c-1017424488, networkLocation: /default-rack, certSerialId: null}
2019-09-16 21:11:53,221 [grpc-default-executor-7] INFO  impl.RaftServerProxy (RaftServerProxy.java:remove(95)) - a9e3505a-b857-4083-807b-c489e4862dfa: remove group-5176954A2AAB:null
2019-09-16 21:11:53,223 [RatisPipelineUtilsThread] WARN  pipeline.RatisPipelineUtils (RatisPipelineUtils.java:destroyPipeline(66)) - Pipeline destroy failed for pipeline=PipelineID=1c222981-f753-43aa-b5f1-5176954a2aab dn=a9e3505a-b857-4083-807b-c489e4862dfa{ip: 192.168.69.85, host: pr-hdds-1054-8d95c-1017424488, networkLocation: /default-rack, certSerialId: null}
2019-09-16 21:11:53,223 [RatisPipelineUtilsThread] ERROR pipeline.SCMPipelineManager (Scheduler.java:lambda$schedule$1(70)) - Destroy pipeline failed for pipeline:Pipeline[ Id: 1c222981-f753-43aa-b5f1-5176954a2aab, Nodes: 701ccf05-4c28-42f5-aa92-67be6d940b6d{ip: 192.168.69.85, host: pr-hdds-1054-8d95c-1017424488, networkLocation: /default-rack, certSerialId: null}ad2d061b-bce4-4929-94ab-c6ef8113ba3f{ip: 192.168.69.85, host: pr-hdds-1054-8d95c-1017424488, networkLocation: /default-rack, certSerialId: null}a9e3505a-b857-4083-807b-c489e4862dfa{ip: 192.168.69.85, host: pr-hdds-1054-8d95c-1017424488, networkLocation: /default-rack, certSerialId: null}, Type:RATIS, Factor:THREE, State:CLOSED]
org.apache.hadoop.hdds.scm.pipeline.PipelineNotFoundException: PipelineID=1c222981-f753-43aa-b5f1-5176954a2aab not found
	at org.apache.hadoop.hdds.scm.pipeline.PipelineStateMap.getPipeline(PipelineStateMap.java:132)
	at org.apache.hadoop.hdds.scm.pipeline.PipelineStateMap.removePipeline(PipelineStateMap.java:322)
	at org.apache.hadoop.hdds.scm.pipeline.PipelineStateManager.removePipeline(PipelineStateManager.java:107)
	at org.apache.hadoop.hdds.scm.pipeline.SCMPipelineManager.removePipeline(SCMPipelineManager.java:423)
	at org.apache.hadoop.hdds.scm.pipeline.SCMPipelineManager.destroyPipeline(SCMPipelineManager.java:409)
	at org.apache.hadoop.hdds.scm.pipeline.SCMPipelineManager.lambda$finalizeAndDestroyPipeline$0(SCMPipelineManager.java:318)
	at org.apache.hadoop.utils.Scheduler.lambda$schedule$1(Scheduler.java:68)
	at java.util.concurrent.Executors$RunnableAdapter.call(Executors.java:511)
	at java.util.concurrent.FutureTask.run(FutureTask.java:266)
	at java.util.concurrent.ScheduledThreadPoolExecutor$ScheduledFutureTask.access$201(ScheduledThreadPoolExecutor.java:180)
	at java.util.concurrent.ScheduledThreadPoolExecutor$ScheduledFutureTask.run(ScheduledThreadPoolExecutor.java:293)
	at java.util.concurrent.ThreadPoolExecutor.runWorker(ThreadPoolExecutor.java:1149)
	at java.util.concurrent.ThreadPoolExecutor$Worker.run(ThreadPoolExecutor.java:624)
	at java.lang.Thread.run(Thread.java:748)
2019-09-16 21:11:55,127 [grpc-default-executor-2] INFO  client.GrpcClientProtocolClient (GrpcClientProtocolClient.java:onNext(264)) - client-85FCB0D44123->a9e3505a-b857-4083-807b-c489e4862dfa: receive RaftClientReply:client-85FCB0D44123->a9e3505a-b857-4083-807b-c489e4862dfa@group-A1C7DCA6ACCF, cid=50, FAILED org.apache.ratis.protocol.NotLeaderException: Server a9e3505a-b857-4083-807b-c489e4862dfa@group-A1C7DCA6ACCF is not the leader ad2d061b-bce4-4929-94ab-c6ef8113ba3f:192.168.69.85:43917, logIndex=0, commits[a9e3505a-b857-4083-807b-c489e4862dfa:c4, ad2d061b-bce4-4929-94ab-c6ef8113ba3f:c4, 701ccf05-4c28-42f5-aa92-67be6d940b6d:c3]
2019-09-16 21:11:55,253 [java.util.concurrent.ThreadPoolExecutor$Worker@8186817[State = -1, empty queue]] WARN  server.GrpcLogAppender (GrpcLogAppender.java:timeoutAppendRequest(200)) - ad2d061b-bce4-4929-94ab-c6ef8113ba3f@group-A1C7DCA6ACCF->701ccf05-4c28-42f5-aa92-67be6d940b6d-GrpcLogAppender: appendEntries Timeout, request=ad2d061b-bce4-4929-94ab-c6ef8113ba3f->701ccf05-4c28-42f5-aa92-67be6d940b6d#28-t1, previous=(t:1, i:10), leaderCommit=4, initializing? false, entries: <empty>
2019-09-16 21:11:55,253 [java.util.concurrent.ThreadPoolExecutor$Worker@796e945c[State = -1, empty queue]] WARN  server.GrpcLogAppender (GrpcLogAppender.java:timeoutAppendRequest(200)) - ad2d061b-bce4-4929-94ab-c6ef8113ba3f@group-A1C7DCA6ACCF->a9e3505a-b857-4083-807b-c489e4862dfa-GrpcLogAppender: appendEntries Timeout, request=ad2d061b-bce4-4929-94ab-c6ef8113ba3f->a9e3505a-b857-4083-807b-c489e4862dfa#28-t1, previous=(t:1, i:10), leaderCommit=4, initializing? false, entries: <empty>
2019-09-16 21:11:56,206 [grpc-default-executor-2] INFO  impl.RaftServerProxy (RaftServerProxy.java:remove(95)) - 701ccf05-4c28-42f5-aa92-67be6d940b6d: remove group-5176954A2AAB:null
2019-09-16 21:11:56,211 [RatisPipelineUtilsThread] WARN  pipeline.RatisPipelineUtils (RatisPipelineUtils.java:destroyPipeline(66)) - Pipeline destroy failed for pipeline=PipelineID=1c222981-f753-43aa-b5f1-5176954a2aab dn=701ccf05-4c28-42f5-aa92-67be6d940b6d{ip: 192.168.69.85, host: pr-hdds-1054-8d95c-1017424488, networkLocation: /default-rack, certSerialId: null}
2019-09-16 21:11:56,213 [grpc-default-executor-2] INFO  impl.RaftServerProxy (RaftServerProxy.java:remove(95)) - ad2d061b-bce4-4929-94ab-c6ef8113ba3f: remove group-5176954A2AAB:null
2019-09-16 21:11:56,215 [RatisPipelineUtilsThread] WARN  pipeline.RatisPipelineUtils (RatisPipelineUtils.java:destroyPipeline(66)) - Pipeline destroy failed for pipeline=PipelineID=1c222981-f753-43aa-b5f1-5176954a2aab dn=ad2d061b-bce4-4929-94ab-c6ef8113ba3f{ip: 192.168.69.85, host: pr-hdds-1054-8d95c-1017424488, networkLocation: /default-rack, certSerialId: null}
2019-09-16 21:11:56,218 [grpc-default-executor-2] INFO  impl.RaftServerProxy (RaftServerProxy.java:remove(95)) - a9e3505a-b857-4083-807b-c489e4862dfa: remove group-5176954A2AAB:null
2019-09-16 21:11:56,220 [RatisPipelineUtilsThread] WARN  pipeline.RatisPipelineUtils (RatisPipelineUtils.java:destroyPipeline(66)) - Pipeline destroy failed for pipeline=PipelineID=1c222981-f753-43aa-b5f1-5176954a2aab dn=a9e3505a-b857-4083-807b-c489e4862dfa{ip: 192.168.69.85, host: pr-hdds-1054-8d95c-1017424488, networkLocation: /default-rack, certSerialId: null}
2019-09-16 21:11:56,220 [RatisPipelineUtilsThread] ERROR pipeline.SCMPipelineManager (Scheduler.java:lambda$schedule$1(70)) - Destroy pipeline failed for pipeline:Pipeline[ Id: 1c222981-f753-43aa-b5f1-5176954a2aab, Nodes: 701ccf05-4c28-42f5-aa92-67be6d940b6d{ip: 192.168.69.85, host: pr-hdds-1054-8d95c-1017424488, networkLocation: /default-rack, certSerialId: null}ad2d061b-bce4-4929-94ab-c6ef8113ba3f{ip: 192.168.69.85, host: pr-hdds-1054-8d95c-1017424488, networkLocation: /default-rack, certSerialId: null}a9e3505a-b857-4083-807b-c489e4862dfa{ip: 192.168.69.85, host: pr-hdds-1054-8d95c-1017424488, networkLocation: /default-rack, certSerialId: null}, Type:RATIS, Factor:THREE, State:CLOSED]
org.apache.hadoop.hdds.scm.pipeline.PipelineNotFoundException: PipelineID=1c222981-f753-43aa-b5f1-5176954a2aab not found
	at org.apache.hadoop.hdds.scm.pipeline.PipelineStateMap.getPipeline(PipelineStateMap.java:132)
	at org.apache.hadoop.hdds.scm.pipeline.PipelineStateMap.removePipeline(PipelineStateMap.java:322)
	at org.apache.hadoop.hdds.scm.pipeline.PipelineStateManager.removePipeline(PipelineStateManager.java:107)
	at org.apache.hadoop.hdds.scm.pipeline.SCMPipelineManager.removePipeline(SCMPipelineManager.java:423)
	at org.apache.hadoop.hdds.scm.pipeline.SCMPipelineManager.destroyPipeline(SCMPipelineManager.java:409)
	at org.apache.hadoop.hdds.scm.pipeline.SCMPipelineManager.lambda$finalizeAndDestroyPipeline$0(SCMPipelineManager.java:318)
	at org.apache.hadoop.utils.Scheduler.lambda$schedule$1(Scheduler.java:68)
	at java.util.concurrent.Executors$RunnableAdapter.call(Executors.java:511)
	at java.util.concurrent.FutureTask.run(FutureTask.java:266)
	at java.util.concurrent.ScheduledThreadPoolExecutor$ScheduledFutureTask.access$201(ScheduledThreadPoolExecutor.java:180)
	at java.util.concurrent.ScheduledThreadPoolExecutor$ScheduledFutureTask.run(ScheduledThreadPoolExecutor.java:293)
	at java.util.concurrent.ThreadPoolExecutor.runWorker(ThreadPoolExecutor.java:1149)
	at java.util.concurrent.ThreadPoolExecutor$Worker.run(ThreadPoolExecutor.java:624)
	at java.lang.Thread.run(Thread.java:748)
2019-09-16 21:11:57,754 [java.util.concurrent.ThreadPoolExecutor$Worker@8186817[State = -1, empty queue]] WARN  server.GrpcLogAppender (GrpcLogAppender.java:timeoutAppendRequest(200)) - ad2d061b-bce4-4929-94ab-c6ef8113ba3f@group-A1C7DCA6ACCF->701ccf05-4c28-42f5-aa92-67be6d940b6d-GrpcLogAppender: appendEntries Timeout, request=ad2d061b-bce4-4929-94ab-c6ef8113ba3f->701ccf05-4c28-42f5-aa92-67be6d940b6d#29-t1, previous=(t:1, i:10), leaderCommit=4, initializing? false, entries: <empty>
2019-09-16 21:11:57,754 [java.util.concurrent.ThreadPoolExecutor$Worker@796e945c[State = -1, empty queue]] WARN  server.GrpcLogAppender (GrpcLogAppender.java:timeoutAppendRequest(200)) - ad2d061b-bce4-4929-94ab-c6ef8113ba3f@group-A1C7DCA6ACCF->a9e3505a-b857-4083-807b-c489e4862dfa-GrpcLogAppender: appendEntries Timeout, request=ad2d061b-bce4-4929-94ab-c6ef8113ba3f->a9e3505a-b857-4083-807b-c489e4862dfa#29-t1, previous=(t:1, i:10), leaderCommit=4, initializing? false, entries: <empty>
2019-09-16 21:11:58,207 [grpc-default-executor-2] INFO  impl.RaftServerProxy (RaftServerProxy.java:remove(95)) - 701ccf05-4c28-42f5-aa92-67be6d940b6d: remove group-5176954A2AAB:null
2019-09-16 21:11:58,210 [RatisPipelineUtilsThread] WARN  pipeline.RatisPipelineUtils (RatisPipelineUtils.java:destroyPipeline(66)) - Pipeline destroy failed for pipeline=PipelineID=1c222981-f753-43aa-b5f1-5176954a2aab dn=701ccf05-4c28-42f5-aa92-67be6d940b6d{ip: 192.168.69.85, host: pr-hdds-1054-8d95c-1017424488, networkLocation: /default-rack, certSerialId: null}
2019-09-16 21:11:58,213 [grpc-default-executor-2] INFO  impl.RaftServerProxy (RaftServerProxy.java:remove(95)) - ad2d061b-bce4-4929-94ab-c6ef8113ba3f: remove group-5176954A2AAB:null
2019-09-16 21:11:58,215 [RatisPipelineUtilsThread] WARN  pipeline.RatisPipelineUtils (RatisPipelineUtils.java:destroyPipeline(66)) - Pipeline destroy failed for pipeline=PipelineID=1c222981-f753-43aa-b5f1-5176954a2aab dn=ad2d061b-bce4-4929-94ab-c6ef8113ba3f{ip: 192.168.69.85, host: pr-hdds-1054-8d95c-1017424488, networkLocation: /default-rack, certSerialId: null}
2019-09-16 21:11:58,218 [grpc-default-executor-2] INFO  impl.RaftServerProxy (RaftServerProxy.java:remove(95)) - a9e3505a-b857-4083-807b-c489e4862dfa: remove group-5176954A2AAB:null
2019-09-16 21:11:58,220 [RatisPipelineUtilsThread] WARN  pipeline.RatisPipelineUtils (RatisPipelineUtils.java:destroyPipeline(66)) - Pipeline destroy failed for pipeline=PipelineID=1c222981-f753-43aa-b5f1-5176954a2aab dn=a9e3505a-b857-4083-807b-c489e4862dfa{ip: 192.168.69.85, host: pr-hdds-1054-8d95c-1017424488, networkLocation: /default-rack, certSerialId: null}
2019-09-16 21:11:58,220 [RatisPipelineUtilsThread] ERROR pipeline.SCMPipelineManager (Scheduler.java:lambda$schedule$1(70)) - Destroy pipeline failed for pipeline:Pipeline[ Id: 1c222981-f753-43aa-b5f1-5176954a2aab, Nodes: 701ccf05-4c28-42f5-aa92-67be6d940b6d{ip: 192.168.69.85, host: pr-hdds-1054-8d95c-1017424488, networkLocation: /default-rack, certSerialId: null}ad2d061b-bce4-4929-94ab-c6ef8113ba3f{ip: 192.168.69.85, host: pr-hdds-1054-8d95c-1017424488, networkLocation: /default-rack, certSerialId: null}a9e3505a-b857-4083-807b-c489e4862dfa{ip: 192.168.69.85, host: pr-hdds-1054-8d95c-1017424488, networkLocation: /default-rack, certSerialId: null}, Type:RATIS, Factor:THREE, State:CLOSED]
org.apache.hadoop.hdds.scm.pipeline.PipelineNotFoundException: PipelineID=1c222981-f753-43aa-b5f1-5176954a2aab not found
	at org.apache.hadoop.hdds.scm.pipeline.PipelineStateMap.getPipeline(PipelineStateMap.java:132)
	at org.apache.hadoop.hdds.scm.pipeline.PipelineStateMap.removePipeline(PipelineStateMap.java:322)
	at org.apache.hadoop.hdds.scm.pipeline.PipelineStateManager.removePipeline(PipelineStateManager.java:107)
	at org.apache.hadoop.hdds.scm.pipeline.SCMPipelineManager.removePipeline(SCMPipelineManager.java:423)
	at org.apache.hadoop.hdds.scm.pipeline.SCMPipelineManager.destroyPipeline(SCMPipelineManager.java:409)
	at org.apache.hadoop.hdds.scm.pipeline.SCMPipelineManager.lambda$finalizeAndDestroyPipeline$0(SCMPipelineManager.java:318)
	at org.apache.hadoop.utils.Scheduler.lambda$schedule$1(Scheduler.java:68)
	at java.util.concurrent.Executors$RunnableAdapter.call(Executors.java:511)
	at java.util.concurrent.FutureTask.run(FutureTask.java:266)
	at java.util.concurrent.ScheduledThreadPoolExecutor$ScheduledFutureTask.access$201(ScheduledThreadPoolExecutor.java:180)
	at java.util.concurrent.ScheduledThreadPoolExecutor$ScheduledFutureTask.run(ScheduledThreadPoolExecutor.java:293)
	at java.util.concurrent.ThreadPoolExecutor.runWorker(ThreadPoolExecutor.java:1149)
	at java.util.concurrent.ThreadPoolExecutor$Worker.run(ThreadPoolExecutor.java:624)
	at java.lang.Thread.run(Thread.java:748)
2019-09-16 21:11:59,744 [701ccf05-4c28-42f5-aa92-67be6d940b6d@group-A1C7DCA6ACCF-SegmentedRaftLogWorker] WARN  segmented.SegmentedRaftLogWorker (SegmentedRaftLogWorker.java:getFromFuture(90)) - Timeout 4/~
org.apache.ratis.protocol.TimeoutIOException: Timeout 10s: WriteLog:5: (t:1, i:5), STATEMACHINELOGENTRY, client-85FCB0D44123, cid=50-writeStateMachineData
	at org.apache.ratis.util.IOUtils.getFromFuture(IOUtils.java:87)
	at org.apache.ratis.server.raftlog.segmented.SegmentedRaftLogWorker$StateMachineDataPolicy.getFromFuture(SegmentedRaftLogWorker.java:87)
	at org.apache.ratis.server.raftlog.segmented.SegmentedRaftLogWorker$WriteLog.execute(SegmentedRaftLogWorker.java:477)
	at org.apache.ratis.server.raftlog.segmented.SegmentedRaftLogWorker.run(SegmentedRaftLogWorker.java:289)
	at java.lang.Thread.run(Thread.java:748)
Caused by: java.util.concurrent.TimeoutException
	at java.util.concurrent.CompletableFuture.timedGet(CompletableFuture.java:1771)
	at java.util.concurrent.CompletableFuture.get(CompletableFuture.java:1915)
	at org.apache.ratis.util.IOUtils.getFromFuture(IOUtils.java:79)
	... 4 more
2019-09-16 21:11:59,812 [ad2d061b-bce4-4929-94ab-c6ef8113ba3f@group-A1C7DCA6ACCF-SegmentedRaftLogWorker] WARN  segmented.SegmentedRaftLogWorker (SegmentedRaftLogWorker.java:getFromFuture(90)) - Timeout 4/~
org.apache.ratis.protocol.TimeoutIOException: Timeout 10s: WriteLog:8: (t:1, i:8), STATEMACHINELOGENTRY, client-85FCB0D44123, cid=53-writeStateMachineData
	at org.apache.ratis.util.IOUtils.getFromFuture(IOUtils.java:87)
	at org.apache.ratis.server.raftlog.segmented.SegmentedRaftLogWorker$StateMachineDataPolicy.getFromFuture(SegmentedRaftLogWorker.java:87)
	at org.apache.ratis.server.raftlog.segmented.SegmentedRaftLogWorker$WriteLog.execute(SegmentedRaftLogWorker.java:477)
	at org.apache.ratis.server.raftlog.segmented.SegmentedRaftLogWorker.run(SegmentedRaftLogWorker.java:289)
	at java.lang.Thread.run(Thread.java:748)
Caused by: java.util.concurrent.TimeoutException
	at java.util.concurrent.CompletableFuture.timedGet(CompletableFuture.java:1771)
	at java.util.concurrent.CompletableFuture.get(CompletableFuture.java:1915)
	at org.apache.ratis.util.IOUtils.getFromFuture(IOUtils.java:79)
	... 4 more
2019-09-16 21:11:59,813 [a9e3505a-b857-4083-807b-c489e4862dfa@group-A1C7DCA6ACCF-SegmentedRaftLogWorker] WARN  segmented.SegmentedRaftLogWorker (SegmentedRaftLogWorker.java:getFromFuture(90)) - Timeout 4/~
org.apache.ratis.protocol.TimeoutIOException: Timeout 10s: WriteLog:8: (t:1, i:8), STATEMACHINELOGENTRY, client-85FCB0D44123, cid=53-writeStateMachineData
	at org.apache.ratis.util.IOUtils.getFromFuture(IOUtils.java:87)
	at org.apache.ratis.server.raftlog.segmented.SegmentedRaftLogWorker$StateMachineDataPolicy.getFromFuture(SegmentedRaftLogWorker.java:87)
	at org.apache.ratis.server.raftlog.segmented.SegmentedRaftLogWorker$WriteLog.execute(SegmentedRaftLogWorker.java:477)
	at org.apache.ratis.server.raftlog.segmented.SegmentedRaftLogWorker.run(SegmentedRaftLogWorker.java:289)
	at java.lang.Thread.run(Thread.java:748)
Caused by: java.util.concurrent.TimeoutException
	at java.util.concurrent.CompletableFuture.timedGet(CompletableFuture.java:1771)
	at java.util.concurrent.CompletableFuture.get(CompletableFuture.java:1915)
	at org.apache.ratis.util.IOUtils.getFromFuture(IOUtils.java:79)
	... 4 more
2019-09-16 21:12:00,168 [grpc-default-executor-6] INFO  client.GrpcClientProtocolClient (GrpcClientProtocolClient.java:onNext(264)) - client-85FCB0D44123->701ccf05-4c28-42f5-aa92-67be6d940b6d: receive RaftClientReply:client-85FCB0D44123->701ccf05-4c28-42f5-aa92-67be6d940b6d@group-A1C7DCA6ACCF, cid=50, FAILED org.apache.ratis.protocol.NotLeaderException: Server 701ccf05-4c28-42f5-aa92-67be6d940b6d@group-A1C7DCA6ACCF is not the leader ad2d061b-bce4-4929-94ab-c6ef8113ba3f:192.168.69.85:43917, logIndex=0, commits[701ccf05-4c28-42f5-aa92-67be6d940b6d:c4, ad2d061b-bce4-4929-94ab-c6ef8113ba3f:c4, a9e3505a-b857-4083-807b-c489e4862dfa:c3]
2019-09-16 21:12:00,255 [java.util.concurrent.ThreadPoolExecutor$Worker@796e945c[State = -1, empty queue]] WARN  server.GrpcLogAppender (GrpcLogAppender.java:timeoutAppendRequest(200)) - ad2d061b-bce4-4929-94ab-c6ef8113ba3f@group-A1C7DCA6ACCF->a9e3505a-b857-4083-807b-c489e4862dfa-GrpcLogAppender: appendEntries Timeout, request=ad2d061b-bce4-4929-94ab-c6ef8113ba3f->a9e3505a-b857-4083-807b-c489e4862dfa#30-t1, previous=(t:1, i:10), leaderCommit=4, initializing? false, entries: <empty>
2019-09-16 21:12:00,255 [java.util.concurrent.ThreadPoolExecutor$Worker@8186817[State = -1, empty queue]] WARN  server.GrpcLogAppender (GrpcLogAppender.java:timeoutAppendRequest(200)) - ad2d061b-bce4-4929-94ab-c6ef8113ba3f@group-A1C7DCA6ACCF->701ccf05-4c28-42f5-aa92-67be6d940b6d-GrpcLogAppender: appendEntries Timeout, request=ad2d061b-bce4-4929-94ab-c6ef8113ba3f->701ccf05-4c28-42f5-aa92-67be6d940b6d#30-t1, previous=(t:1, i:10), leaderCommit=4, initializing? false, entries: <empty>
2019-09-16 21:12:01,206 [grpc-default-executor-7] INFO  impl.RaftServerProxy (RaftServerProxy.java:remove(95)) - 701ccf05-4c28-42f5-aa92-67be6d940b6d: remove group-5176954A2AAB:null
2019-09-16 21:12:01,211 [RatisPipelineUtilsThread] WARN  pipeline.RatisPipelineUtils (RatisPipelineUtils.java:destroyPipeline(66)) - Pipeline destroy failed for pipeline=PipelineID=1c222981-f753-43aa-b5f1-5176954a2aab dn=701ccf05-4c28-42f5-aa92-67be6d940b6d{ip: 192.168.69.85, host: pr-hdds-1054-8d95c-1017424488, networkLocation: /default-rack, certSerialId: null}
2019-09-16 21:12:01,214 [grpc-default-executor-7] INFO  impl.RaftServerProxy (RaftServerProxy.java:remove(95)) - ad2d061b-bce4-4929-94ab-c6ef8113ba3f: remove group-5176954A2AAB:null
2019-09-16 21:12:01,217 [RatisPipelineUtilsThread] WARN  pipeline.RatisPipelineUtils (RatisPipelineUtils.java:destroyPipeline(66)) - Pipeline destroy failed for pipeline=PipelineID=1c222981-f753-43aa-b5f1-5176954a2aab dn=ad2d061b-bce4-4929-94ab-c6ef8113ba3f{ip: 192.168.69.85, host: pr-hdds-1054-8d95c-1017424488, networkLocation: /default-rack, certSerialId: null}
2019-09-16 21:12:01,220 [grpc-default-executor-7] INFO  impl.RaftServerProxy (RaftServerProxy.java:remove(95)) - a9e3505a-b857-4083-807b-c489e4862dfa: remove group-5176954A2AAB:null
2019-09-16 21:12:01,222 [RatisPipelineUtilsThread] WARN  pipeline.RatisPipelineUtils (RatisPipelineUtils.java:destroyPipeline(66)) - Pipeline destroy failed for pipeline=PipelineID=1c222981-f753-43aa-b5f1-5176954a2aab dn=a9e3505a-b857-4083-807b-c489e4862dfa{ip: 192.168.69.85, host: pr-hdds-1054-8d95c-1017424488, networkLocation: /default-rack, certSerialId: null}
2019-09-16 21:12:01,223 [RatisPipelineUtilsThread] ERROR pipeline.SCMPipelineManager (Scheduler.java:lambda$schedule$1(70)) - Destroy pipeline failed for pipeline:Pipeline[ Id: 1c222981-f753-43aa-b5f1-5176954a2aab, Nodes: 701ccf05-4c28-42f5-aa92-67be6d940b6d{ip: 192.168.69.85, host: pr-hdds-1054-8d95c-1017424488, networkLocation: /default-rack, certSerialId: null}ad2d061b-bce4-4929-94ab-c6ef8113ba3f{ip: 192.168.69.85, host: pr-hdds-1054-8d95c-1017424488, networkLocation: /default-rack, certSerialId: null}a9e3505a-b857-4083-807b-c489e4862dfa{ip: 192.168.69.85, host: pr-hdds-1054-8d95c-1017424488, networkLocation: /default-rack, certSerialId: null}, Type:RATIS, Factor:THREE, State:CLOSED]
org.apache.hadoop.hdds.scm.pipeline.PipelineNotFoundException: PipelineID=1c222981-f753-43aa-b5f1-5176954a2aab not found
	at org.apache.hadoop.hdds.scm.pipeline.PipelineStateMap.getPipeline(PipelineStateMap.java:132)
	at org.apache.hadoop.hdds.scm.pipeline.PipelineStateMap.removePipeline(PipelineStateMap.java:322)
	at org.apache.hadoop.hdds.scm.pipeline.PipelineStateManager.removePipeline(PipelineStateManager.java:107)
	at org.apache.hadoop.hdds.scm.pipeline.SCMPipelineManager.removePipeline(SCMPipelineManager.java:423)
	at org.apache.hadoop.hdds.scm.pipeline.SCMPipelineManager.destroyPipeline(SCMPipelineManager.java:409)
	at org.apache.hadoop.hdds.scm.pipeline.SCMPipelineManager.lambda$finalizeAndDestroyPipeline$0(SCMPipelineManager.java:318)
	at org.apache.hadoop.utils.Scheduler.lambda$schedule$1(Scheduler.java:68)
	at java.util.concurrent.Executors$RunnableAdapter.call(Executors.java:511)
	at java.util.concurrent.FutureTask.run(FutureTask.java:266)
	at java.util.concurrent.ScheduledThreadPoolExecutor$ScheduledFutureTask.access$201(ScheduledThreadPoolExecutor.java:180)
	at java.util.concurrent.ScheduledThreadPoolExecutor$ScheduledFutureTask.run(ScheduledThreadPoolExecutor.java:293)
	at java.util.concurrent.ThreadPoolExecutor.runWorker(ThreadPoolExecutor.java:1149)
	at java.util.concurrent.ThreadPoolExecutor$Worker.run(ThreadPoolExecutor.java:624)
	at java.lang.Thread.run(Thread.java:748)
2019-09-16 21:12:02,756 [java.util.concurrent.ThreadPoolExecutor$Worker@8186817[State = -1, empty queue]] WARN  server.GrpcLogAppender (GrpcLogAppender.java:timeoutAppendRequest(200)) - ad2d061b-bce4-4929-94ab-c6ef8113ba3f@group-A1C7DCA6ACCF->701ccf05-4c28-42f5-aa92-67be6d940b6d-GrpcLogAppender: appendEntries Timeout, request=ad2d061b-bce4-4929-94ab-c6ef8113ba3f->701ccf05-4c28-42f5-aa92-67be6d940b6d#31-t1, previous=(t:1, i:10), leaderCommit=4, initializing? false, entries: <empty>
2019-09-16 21:12:02,756 [java.util.concurrent.ThreadPoolExecutor$Worker@796e945c[State = -1, empty queue]] WARN  server.GrpcLogAppender (GrpcLogAppender.java:timeoutAppendRequest(200)) - ad2d061b-bce4-4929-94ab-c6ef8113ba3f@group-A1C7DCA6ACCF->a9e3505a-b857-4083-807b-c489e4862dfa-GrpcLogAppender: appendEntries Timeout, request=ad2d061b-bce4-4929-94ab-c6ef8113ba3f->a9e3505a-b857-4083-807b-c489e4862dfa#31-t1, previous=(t:1, i:10), leaderCommit=4, initializing? false, entries: <empty>
2019-09-16 21:12:03,209 [grpc-default-executor-7] INFO  impl.RaftServerProxy (RaftServerProxy.java:remove(95)) - 701ccf05-4c28-42f5-aa92-67be6d940b6d: remove group-5176954A2AAB:null
2019-09-16 21:12:03,213 [RatisPipelineUtilsThread] WARN  pipeline.RatisPipelineUtils (RatisPipelineUtils.java:destroyPipeline(66)) - Pipeline destroy failed for pipeline=PipelineID=1c222981-f753-43aa-b5f1-5176954a2aab dn=701ccf05-4c28-42f5-aa92-67be6d940b6d{ip: 192.168.69.85, host: pr-hdds-1054-8d95c-1017424488, networkLocation: /default-rack, certSerialId: null}
2019-09-16 21:12:03,217 [grpc-default-executor-2] INFO  impl.RaftServerProxy (RaftServerProxy.java:remove(95)) - ad2d061b-bce4-4929-94ab-c6ef8113ba3f: remove group-5176954A2AAB:null
2019-09-16 21:12:03,219 [RatisPipelineUtilsThread] WARN  pipeline.RatisPipelineUtils (RatisPipelineUtils.java:destroyPipeline(66)) - Pipeline destroy failed for pipeline=PipelineID=1c222981-f753-43aa-b5f1-5176954a2aab dn=ad2d061b-bce4-4929-94ab-c6ef8113ba3f{ip: 192.168.69.85, host: pr-hdds-1054-8d95c-1017424488, networkLocation: /default-rack, certSerialId: null}
2019-09-16 21:12:03,222 [grpc-default-executor-2] INFO  impl.RaftServerProxy (RaftServerProxy.java:remove(95)) - a9e3505a-b857-4083-807b-c489e4862dfa: remove group-5176954A2AAB:null
2019-09-16 21:12:03,225 [RatisPipelineUtilsThread] WARN  pipeline.RatisPipelineUtils (RatisPipelineUtils.java:destroyPipeline(66)) - Pipeline destroy failed for pipeline=PipelineID=1c222981-f753-43aa-b5f1-5176954a2aab dn=a9e3505a-b857-4083-807b-c489e4862dfa{ip: 192.168.69.85, host: pr-hdds-1054-8d95c-1017424488, networkLocation: /default-rack, certSerialId: null}
2019-09-16 21:12:03,225 [RatisPipelineUtilsThread] ERROR pipeline.SCMPipelineManager (Scheduler.java:lambda$schedule$1(70)) - Destroy pipeline failed for pipeline:Pipeline[ Id: 1c222981-f753-43aa-b5f1-5176954a2aab, Nodes: 701ccf05-4c28-42f5-aa92-67be6d940b6d{ip: 192.168.69.85, host: pr-hdds-1054-8d95c-1017424488, networkLocation: /default-rack, certSerialId: null}ad2d061b-bce4-4929-94ab-c6ef8113ba3f{ip: 192.168.69.85, host: pr-hdds-1054-8d95c-1017424488, networkLocation: /default-rack, certSerialId: null}a9e3505a-b857-4083-807b-c489e4862dfa{ip: 192.168.69.85, host: pr-hdds-1054-8d95c-1017424488, networkLocation: /default-rack, certSerialId: null}, Type:RATIS, Factor:THREE, State:CLOSED]
org.apache.hadoop.hdds.scm.pipeline.PipelineNotFoundException: PipelineID=1c222981-f753-43aa-b5f1-5176954a2aab not found
	at org.apache.hadoop.hdds.scm.pipeline.PipelineStateMap.getPipeline(PipelineStateMap.java:132)
	at org.apache.hadoop.hdds.scm.pipeline.PipelineStateMap.removePipeline(PipelineStateMap.java:322)
	at org.apache.hadoop.hdds.scm.pipeline.PipelineStateManager.removePipeline(PipelineStateManager.java:107)
	at org.apache.hadoop.hdds.scm.pipeline.SCMPipelineManager.removePipeline(SCMPipelineManager.java:423)
	at org.apache.hadoop.hdds.scm.pipeline.SCMPipelineManager.destroyPipeline(SCMPipelineManager.java:409)
	at org.apache.hadoop.hdds.scm.pipeline.SCMPipelineManager.lambda$finalizeAndDestroyPipeline$0(SCMPipelineManager.java:318)
	at org.apache.hadoop.utils.Scheduler.lambda$schedule$1(Scheduler.java:68)
	at java.util.concurrent.Executors$RunnableAdapter.call(Executors.java:511)
	at java.util.concurrent.FutureTask.run(FutureTask.java:266)
	at java.util.concurrent.ScheduledThreadPoolExecutor$ScheduledFutureTask.access$201(ScheduledThreadPoolExecutor.java:180)
	at java.util.concurrent.ScheduledThreadPoolExecutor$ScheduledFutureTask.run(ScheduledThreadPoolExecutor.java:293)
	at java.util.concurrent.ThreadPoolExecutor.runWorker(ThreadPoolExecutor.java:1149)
	at java.util.concurrent.ThreadPoolExecutor$Worker.run(ThreadPoolExecutor.java:624)
	at java.lang.Thread.run(Thread.java:748)
2019-09-16 21:12:05,214 [grpc-default-executor-7] INFO  client.GrpcClientProtocolClient (GrpcClientProtocolClient.java:onNext(264)) - client-85FCB0D44123->a9e3505a-b857-4083-807b-c489e4862dfa: receive RaftClientReply:client-85FCB0D44123->a9e3505a-b857-4083-807b-c489e4862dfa@group-A1C7DCA6ACCF, cid=50, FAILED org.apache.ratis.protocol.NotLeaderException: Server a9e3505a-b857-4083-807b-c489e4862dfa@group-A1C7DCA6ACCF is not the leader ad2d061b-bce4-4929-94ab-c6ef8113ba3f:192.168.69.85:43917, logIndex=0, commits[a9e3505a-b857-4083-807b-c489e4862dfa:c4, ad2d061b-bce4-4929-94ab-c6ef8113ba3f:c4, 701ccf05-4c28-42f5-aa92-67be6d940b6d:c3]
2019-09-16 21:12:05,257 [java.util.concurrent.ThreadPoolExecutor$Worker@8186817[State = -1, empty queue]] WARN  server.GrpcLogAppender (GrpcLogAppender.java:timeoutAppendRequest(200)) - ad2d061b-bce4-4929-94ab-c6ef8113ba3f@group-A1C7DCA6ACCF->701ccf05-4c28-42f5-aa92-67be6d940b6d-GrpcLogAppender: appendEntries Timeout, request=ad2d061b-bce4-4929-94ab-c6ef8113ba3f->701ccf05-4c28-42f5-aa92-67be6d940b6d#32-t1, previous=(t:1, i:10), leaderCommit=4, initializing? false, entries: <empty>
2019-09-16 21:12:05,257 [java.util.concurrent.ThreadPoolExecutor$Worker@796e945c[State = -1, empty queue]] WARN  server.GrpcLogAppender (GrpcLogAppender.java:timeoutAppendRequest(200)) - ad2d061b-bce4-4929-94ab-c6ef8113ba3f@group-A1C7DCA6ACCF->a9e3505a-b857-4083-807b-c489e4862dfa-GrpcLogAppender: appendEntries Timeout, request=ad2d061b-bce4-4929-94ab-c6ef8113ba3f->a9e3505a-b857-4083-807b-c489e4862dfa#32-t1, previous=(t:1, i:10), leaderCommit=4, initializing? false, entries: <empty>
2019-09-16 21:12:06,206 [grpc-default-executor-7] INFO  impl.RaftServerProxy (RaftServerProxy.java:remove(95)) - 701ccf05-4c28-42f5-aa92-67be6d940b6d: remove group-5176954A2AAB:null
2019-09-16 21:12:06,209 [RatisPipelineUtilsThread] WARN  pipeline.RatisPipelineUtils (RatisPipelineUtils.java:destroyPipeline(66)) - Pipeline destroy failed for pipeline=PipelineID=1c222981-f753-43aa-b5f1-5176954a2aab dn=701ccf05-4c28-42f5-aa92-67be6d940b6d{ip: 192.168.69.85, host: pr-hdds-1054-8d95c-1017424488, networkLocation: /default-rack, certSerialId: null}
2019-09-16 21:12:06,213 [grpc-default-executor-7] INFO  impl.RaftServerProxy (RaftServerProxy.java:remove(95)) - ad2d061b-bce4-4929-94ab-c6ef8113ba3f: remove group-5176954A2AAB:null
2019-09-16 21:12:06,215 [RatisPipelineUtilsThread] WARN  pipeline.RatisPipelineUtils (RatisPipelineUtils.java:destroyPipeline(66)) - Pipeline destroy failed for pipeline=PipelineID=1c222981-f753-43aa-b5f1-5176954a2aab dn=ad2d061b-bce4-4929-94ab-c6ef8113ba3f{ip: 192.168.69.85, host: pr-hdds-1054-8d95c-1017424488, networkLocation: /default-rack, certSerialId: null}
2019-09-16 21:12:06,219 [grpc-default-executor-7] INFO  impl.RaftServerProxy (RaftServerProxy.java:remove(95)) - a9e3505a-b857-4083-807b-c489e4862dfa: remove group-5176954A2AAB:null
2019-09-16 21:12:06,221 [RatisPipelineUtilsThread] WARN  pipeline.RatisPipelineUtils (RatisPipelineUtils.java:destroyPipeline(66)) - Pipeline destroy failed for pipeline=PipelineID=1c222981-f753-43aa-b5f1-5176954a2aab dn=a9e3505a-b857-4083-807b-c489e4862dfa{ip: 192.168.69.85, host: pr-hdds-1054-8d95c-1017424488, networkLocation: /default-rack, certSerialId: null}
2019-09-16 21:12:06,222 [RatisPipelineUtilsThread] ERROR pipeline.SCMPipelineManager (Scheduler.java:lambda$schedule$1(70)) - Destroy pipeline failed for pipeline:Pipeline[ Id: 1c222981-f753-43aa-b5f1-5176954a2aab, Nodes: 701ccf05-4c28-42f5-aa92-67be6d940b6d{ip: 192.168.69.85, host: pr-hdds-1054-8d95c-1017424488, networkLocation: /default-rack, certSerialId: null}ad2d061b-bce4-4929-94ab-c6ef8113ba3f{ip: 192.168.69.85, host: pr-hdds-1054-8d95c-1017424488, networkLocation: /default-rack, certSerialId: null}a9e3505a-b857-4083-807b-c489e4862dfa{ip: 192.168.69.85, host: pr-hdds-1054-8d95c-1017424488, networkLocation: /default-rack, certSerialId: null}, Type:RATIS, Factor:THREE, State:CLOSED]
org.apache.hadoop.hdds.scm.pipeline.PipelineNotFoundException: PipelineID=1c222981-f753-43aa-b5f1-5176954a2aab not found
	at org.apache.hadoop.hdds.scm.pipeline.PipelineStateMap.getPipeline(PipelineStateMap.java:132)
	at org.apache.hadoop.hdds.scm.pipeline.PipelineStateMap.removePipeline(PipelineStateMap.java:322)
	at org.apache.hadoop.hdds.scm.pipeline.PipelineStateManager.removePipeline(PipelineStateManager.java:107)
	at org.apache.hadoop.hdds.scm.pipeline.SCMPipelineManager.removePipeline(SCMPipelineManager.java:423)
	at org.apache.hadoop.hdds.scm.pipeline.SCMPipelineManager.destroyPipeline(SCMPipelineManager.java:409)
	at org.apache.hadoop.hdds.scm.pipeline.SCMPipelineManager.lambda$finalizeAndDestroyPipeline$0(SCMPipelineManager.java:318)
	at org.apache.hadoop.utils.Scheduler.lambda$schedule$1(Scheduler.java:68)
	at java.util.concurrent.Executors$RunnableAdapter.call(Executors.java:511)
	at java.util.concurrent.FutureTask.run(FutureTask.java:266)
	at java.util.concurrent.ScheduledThreadPoolExecutor$ScheduledFutureTask.access$201(ScheduledThreadPoolExecutor.java:180)
	at java.util.concurrent.ScheduledThreadPoolExecutor$ScheduledFutureTask.run(ScheduledThreadPoolExecutor.java:293)
	at java.util.concurrent.ThreadPoolExecutor.runWorker(ThreadPoolExecutor.java:1149)
	at java.util.concurrent.ThreadPoolExecutor$Worker.run(ThreadPoolExecutor.java:624)
	at java.lang.Thread.run(Thread.java:748)
2019-09-16 21:12:07,757 [java.util.concurrent.ThreadPoolExecutor$Worker@796e945c[State = -1, empty queue]] WARN  server.GrpcLogAppender (GrpcLogAppender.java:timeoutAppendRequest(200)) - ad2d061b-bce4-4929-94ab-c6ef8113ba3f@group-A1C7DCA6ACCF->a9e3505a-b857-4083-807b-c489e4862dfa-GrpcLogAppender: appendEntries Timeout, request=ad2d061b-bce4-4929-94ab-c6ef8113ba3f->a9e3505a-b857-4083-807b-c489e4862dfa#33-t1, previous=(t:1, i:10), leaderCommit=4, initializing? false, entries: <empty>
2019-09-16 21:12:07,757 [java.util.concurrent.ThreadPoolExecutor$Worker@8186817[State = -1, empty queue]] WARN  server.GrpcLogAppender (GrpcLogAppender.java:timeoutAppendRequest(200)) - ad2d061b-bce4-4929-94ab-c6ef8113ba3f@group-A1C7DCA6ACCF->701ccf05-4c28-42f5-aa92-67be6d940b6d-GrpcLogAppender: appendEntries Timeout, request=ad2d061b-bce4-4929-94ab-c6ef8113ba3f->701ccf05-4c28-42f5-aa92-67be6d940b6d#33-t1, previous=(t:1, i:10), leaderCommit=4, initializing? false, entries: <empty>
2019-09-16 21:12:08,211 [grpc-default-executor-2] INFO  impl.RaftServerProxy (RaftServerProxy.java:remove(95)) - 701ccf05-4c28-42f5-aa92-67be6d940b6d: remove group-5176954A2AAB:null
2019-09-16 21:12:08,216 [RatisPipelineUtilsThread] WARN  pipeline.RatisPipelineUtils (RatisPipelineUtils.java:destroyPipeline(66)) - Pipeline destroy failed for pipeline=PipelineID=1c222981-f753-43aa-b5f1-5176954a2aab dn=701ccf05-4c28-42f5-aa92-67be6d940b6d{ip: 192.168.69.85, host: pr-hdds-1054-8d95c-1017424488, networkLocation: /default-rack, certSerialId: null}
2019-09-16 21:12:08,219 [grpc-default-executor-2] INFO  impl.RaftServerProxy (RaftServerProxy.java:remove(95)) - ad2d061b-bce4-4929-94ab-c6ef8113ba3f: remove group-5176954A2AAB:null
2019-09-16 21:12:08,221 [RatisPipelineUtilsThread] WARN  pipeline.RatisPipelineUtils (RatisPipelineUtils.java:destroyPipeline(66)) - Pipeline destroy failed for pipeline=PipelineID=1c222981-f753-43aa-b5f1-5176954a2aab dn=ad2d061b-bce4-4929-94ab-c6ef8113ba3f{ip: 192.168.69.85, host: pr-hdds-1054-8d95c-1017424488, networkLocation: /default-rack, certSerialId: null}
2019-09-16 21:12:08,224 [grpc-default-executor-2] INFO  impl.RaftServerProxy (RaftServerProxy.java:remove(95)) - a9e3505a-b857-4083-807b-c489e4862dfa: remove group-5176954A2AAB:null
2019-09-16 21:12:08,226 [RatisPipelineUtilsThread] WARN  pipeline.RatisPipelineUtils (RatisPipelineUtils.java:destroyPipeline(66)) - Pipeline destroy failed for pipeline=PipelineID=1c222981-f753-43aa-b5f1-5176954a2aab dn=a9e3505a-b857-4083-807b-c489e4862dfa{ip: 192.168.69.85, host: pr-hdds-1054-8d95c-1017424488, networkLocation: /default-rack, certSerialId: null}
2019-09-16 21:12:08,227 [RatisPipelineUtilsThread] ERROR pipeline.SCMPipelineManager (Scheduler.java:lambda$schedule$1(70)) - Destroy pipeline failed for pipeline:Pipeline[ Id: 1c222981-f753-43aa-b5f1-5176954a2aab, Nodes: 701ccf05-4c28-42f5-aa92-67be6d940b6d{ip: 192.168.69.85, host: pr-hdds-1054-8d95c-1017424488, networkLocation: /default-rack, certSerialId: null}ad2d061b-bce4-4929-94ab-c6ef8113ba3f{ip: 192.168.69.85, host: pr-hdds-1054-8d95c-1017424488, networkLocation: /default-rack, certSerialId: null}a9e3505a-b857-4083-807b-c489e4862dfa{ip: 192.168.69.85, host: pr-hdds-1054-8d95c-1017424488, networkLocation: /default-rack, certSerialId: null}, Type:RATIS, Factor:THREE, State:CLOSED]
org.apache.hadoop.hdds.scm.pipeline.PipelineNotFoundException: PipelineID=1c222981-f753-43aa-b5f1-5176954a2aab not found
	at org.apache.hadoop.hdds.scm.pipeline.PipelineStateMap.getPipeline(PipelineStateMap.java:132)
	at org.apache.hadoop.hdds.scm.pipeline.PipelineStateMap.removePipeline(PipelineStateMap.java:322)
	at org.apache.hadoop.hdds.scm.pipeline.PipelineStateManager.removePipeline(PipelineStateManager.java:107)
	at org.apache.hadoop.hdds.scm.pipeline.SCMPipelineManager.removePipeline(SCMPipelineManager.java:423)
	at org.apache.hadoop.hdds.scm.pipeline.SCMPipelineManager.destroyPipeline(SCMPipelineManager.java:409)
	at org.apache.hadoop.hdds.scm.pipeline.SCMPipelineManager.lambda$finalizeAndDestroyPipeline$0(SCMPipelineManager.java:318)
	at org.apache.hadoop.utils.Scheduler.lambda$schedule$1(Scheduler.java:68)
	at java.util.concurrent.Executors$RunnableAdapter.call(Executors.java:511)
	at java.util.concurrent.FutureTask.run(FutureTask.java:266)
	at java.util.concurrent.ScheduledThreadPoolExecutor$ScheduledFutureTask.access$201(ScheduledThreadPoolExecutor.java:180)
	at java.util.concurrent.ScheduledThreadPoolExecutor$ScheduledFutureTask.run(ScheduledThreadPoolExecutor.java:293)
	at java.util.concurrent.ThreadPoolExecutor.runWorker(ThreadPoolExecutor.java:1149)
	at java.util.concurrent.ThreadPoolExecutor$Worker.run(ThreadPoolExecutor.java:624)
	at java.lang.Thread.run(Thread.java:748)
2019-09-16 21:12:09,295 [grpc-default-executor-7] INFO  impl.RaftServerProxy (RaftServerProxy.java:remove(95)) - 701ccf05-4c28-42f5-aa92-67be6d940b6d: remove group-5176954A2AAB:null
2019-09-16 21:12:09,298 [RatisPipelineUtilsThread] WARN  pipeline.RatisPipelineUtils (RatisPipelineUtils.java:destroyPipeline(66)) - Pipeline destroy failed for pipeline=PipelineID=1c222981-f753-43aa-b5f1-5176954a2aab dn=701ccf05-4c28-42f5-aa92-67be6d940b6d{ip: 192.168.69.85, host: pr-hdds-1054-8d95c-1017424488, networkLocation: /default-rack, certSerialId: null}
2019-09-16 21:12:09,302 [grpc-default-executor-7] INFO  impl.RaftServerProxy (RaftServerProxy.java:remove(95)) - ad2d061b-bce4-4929-94ab-c6ef8113ba3f: remove group-5176954A2AAB:null
2019-09-16 21:12:09,304 [RatisPipelineUtilsThread] WARN  pipeline.RatisPipelineUtils (RatisPipelineUtils.java:destroyPipeline(66)) - Pipeline destroy failed for pipeline=PipelineID=1c222981-f753-43aa-b5f1-5176954a2aab dn=ad2d061b-bce4-4929-94ab-c6ef8113ba3f{ip: 192.168.69.85, host: pr-hdds-1054-8d95c-1017424488, networkLocation: /default-rack, certSerialId: null}
2019-09-16 21:12:09,307 [grpc-default-executor-7] INFO  impl.RaftServerProxy (RaftServerProxy.java:remove(95)) - a9e3505a-b857-4083-807b-c489e4862dfa: remove group-5176954A2AAB:null
2019-09-16 21:12:09,310 [RatisPipelineUtilsThread] WARN  pipeline.RatisPipelineUtils (RatisPipelineUtils.java:destroyPipeline(66)) - Pipeline destroy failed for pipeline=PipelineID=1c222981-f753-43aa-b5f1-5176954a2aab dn=a9e3505a-b857-4083-807b-c489e4862dfa{ip: 192.168.69.85, host: pr-hdds-1054-8d95c-1017424488, networkLocation: /default-rack, certSerialId: null}
2019-09-16 21:12:09,310 [RatisPipelineUtilsThread] ERROR pipeline.SCMPipelineManager (Scheduler.java:lambda$schedule$1(70)) - Destroy pipeline failed for pipeline:Pipeline[ Id: 1c222981-f753-43aa-b5f1-5176954a2aab, Nodes: 701ccf05-4c28-42f5-aa92-67be6d940b6d{ip: 192.168.69.85, host: pr-hdds-1054-8d95c-1017424488, networkLocation: /default-rack, certSerialId: null}ad2d061b-bce4-4929-94ab-c6ef8113ba3f{ip: 192.168.69.85, host: pr-hdds-1054-8d95c-1017424488, networkLocation: /default-rack, certSerialId: null}a9e3505a-b857-4083-807b-c489e4862dfa{ip: 192.168.69.85, host: pr-hdds-1054-8d95c-1017424488, networkLocation: /default-rack, certSerialId: null}, Type:RATIS, Factor:THREE, State:CLOSED]
org.apache.hadoop.hdds.scm.pipeline.PipelineNotFoundException: PipelineID=1c222981-f753-43aa-b5f1-5176954a2aab not found
	at org.apache.hadoop.hdds.scm.pipeline.PipelineStateMap.getPipeline(PipelineStateMap.java:132)
	at org.apache.hadoop.hdds.scm.pipeline.PipelineStateMap.removePipeline(PipelineStateMap.java:322)
	at org.apache.hadoop.hdds.scm.pipeline.PipelineStateManager.removePipeline(PipelineStateManager.java:107)
	at org.apache.hadoop.hdds.scm.pipeline.SCMPipelineManager.removePipeline(SCMPipelineManager.java:423)
	at org.apache.hadoop.hdds.scm.pipeline.SCMPipelineManager.destroyPipeline(SCMPipelineManager.java:409)
	at org.apache.hadoop.hdds.scm.pipeline.SCMPipelineManager.lambda$finalizeAndDestroyPipeline$0(SCMPipelineManager.java:318)
	at org.apache.hadoop.utils.Scheduler.lambda$schedule$1(Scheduler.java:68)
	at java.util.concurrent.Executors$RunnableAdapter.call(Executors.java:511)
	at java.util.concurrent.FutureTask.run(FutureTask.java:266)
	at java.util.concurrent.ScheduledThreadPoolExecutor$ScheduledFutureTask.access$201(ScheduledThreadPoolExecutor.java:180)
	at java.util.concurrent.ScheduledThreadPoolExecutor$ScheduledFutureTask.run(ScheduledThreadPoolExecutor.java:293)
	at java.util.concurrent.ThreadPoolExecutor.runWorker(ThreadPoolExecutor.java:1149)
	at java.util.concurrent.ThreadPoolExecutor$Worker.run(ThreadPoolExecutor.java:624)
	at java.lang.Thread.run(Thread.java:748)
2019-09-16 21:12:09,474 [grpc-default-executor-7] INFO  impl.RaftServerProxy (RaftServerProxy.java:remove(95)) - 701ccf05-4c28-42f5-aa92-67be6d940b6d: remove group-5176954A2AAB:null
2019-09-16 21:12:09,477 [RatisPipelineUtilsThread] WARN  pipeline.RatisPipelineUtils (RatisPipelineUtils.java:destroyPipeline(66)) - Pipeline destroy failed for pipeline=PipelineID=1c222981-f753-43aa-b5f1-5176954a2aab dn=701ccf05-4c28-42f5-aa92-67be6d940b6d{ip: 192.168.69.85, host: pr-hdds-1054-8d95c-1017424488, networkLocation: /default-rack, certSerialId: null}
2019-09-16 21:12:09,480 [grpc-default-executor-7] INFO  impl.RaftServerProxy (RaftServerProxy.java:remove(95)) - ad2d061b-bce4-4929-94ab-c6ef8113ba3f: remove group-5176954A2AAB:null
2019-09-16 21:12:09,482 [RatisPipelineUtilsThread] WARN  pipeline.RatisPipelineUtils (RatisPipelineUtils.java:destroyPipeline(66)) - Pipeline destroy failed for pipeline=PipelineID=1c222981-f753-43aa-b5f1-5176954a2aab dn=ad2d061b-bce4-4929-94ab-c6ef8113ba3f{ip: 192.168.69.85, host: pr-hdds-1054-8d95c-1017424488, networkLocation: /default-rack, certSerialId: null}
2019-09-16 21:12:09,485 [grpc-default-executor-7] INFO  impl.RaftServerProxy (RaftServerProxy.java:remove(95)) - a9e3505a-b857-4083-807b-c489e4862dfa: remove group-5176954A2AAB:null
2019-09-16 21:12:09,487 [RatisPipelineUtilsThread] WARN  pipeline.RatisPipelineUtils (RatisPipelineUtils.java:destroyPipeline(66)) - Pipeline destroy failed for pipeline=PipelineID=1c222981-f753-43aa-b5f1-5176954a2aab dn=a9e3505a-b857-4083-807b-c489e4862dfa{ip: 192.168.69.85, host: pr-hdds-1054-8d95c-1017424488, networkLocation: /default-rack, certSerialId: null}
2019-09-16 21:12:09,487 [RatisPipelineUtilsThread] ERROR pipeline.SCMPipelineManager (Scheduler.java:lambda$schedule$1(70)) - Destroy pipeline failed for pipeline:Pipeline[ Id: 1c222981-f753-43aa-b5f1-5176954a2aab, Nodes: 701ccf05-4c28-42f5-aa92-67be6d940b6d{ip: 192.168.69.85, host: pr-hdds-1054-8d95c-1017424488, networkLocation: /default-rack, certSerialId: null}ad2d061b-bce4-4929-94ab-c6ef8113ba3f{ip: 192.168.69.85, host: pr-hdds-1054-8d95c-1017424488, networkLocation: /default-rack, certSerialId: null}a9e3505a-b857-4083-807b-c489e4862dfa{ip: 192.168.69.85, host: pr-hdds-1054-8d95c-1017424488, networkLocation: /default-rack, certSerialId: null}, Type:RATIS, Factor:THREE, State:CLOSED]
org.apache.hadoop.hdds.scm.pipeline.PipelineNotFoundException: PipelineID=1c222981-f753-43aa-b5f1-5176954a2aab not found
	at org.apache.hadoop.hdds.scm.pipeline.PipelineStateMap.getPipeline(PipelineStateMap.java:132)
	at org.apache.hadoop.hdds.scm.pipeline.PipelineStateMap.removePipeline(PipelineStateMap.java:322)
	at org.apache.hadoop.hdds.scm.pipeline.PipelineStateManager.removePipeline(PipelineStateManager.java:107)
	at org.apache.hadoop.hdds.scm.pipeline.SCMPipelineManager.removePipeline(SCMPipelineManager.java:423)
	at org.apache.hadoop.hdds.scm.pipeline.SCMPipelineManager.destroyPipeline(SCMPipelineManager.java:409)
	at org.apache.hadoop.hdds.scm.pipeline.SCMPipelineManager.lambda$finalizeAndDestroyPipeline$0(SCMPipelineManager.java:318)
	at org.apache.hadoop.utils.Scheduler.lambda$schedule$1(Scheduler.java:68)
	at java.util.concurrent.Executors$RunnableAdapter.call(Executors.java:511)
	at java.util.concurrent.FutureTask.run(FutureTask.java:266)
	at java.util.concurrent.ScheduledThreadPoolExecutor$ScheduledFutureTask.access$201(ScheduledThreadPoolExecutor.java:180)
	at java.util.concurrent.ScheduledThreadPoolExecutor$ScheduledFutureTask.run(ScheduledThreadPoolExecutor.java:293)
	at java.util.concurrent.ThreadPoolExecutor.runWorker(ThreadPoolExecutor.java:1149)
	at java.util.concurrent.ThreadPoolExecutor$Worker.run(ThreadPoolExecutor.java:624)
	at java.lang.Thread.run(Thread.java:748)
2019-09-16 21:12:09,545 [grpc-default-executor-7] INFO  impl.RaftServerProxy (RaftServerProxy.java:remove(95)) - 701ccf05-4c28-42f5-aa92-67be6d940b6d: remove group-5176954A2AAB:null
2019-09-16 21:12:09,549 [RatisPipelineUtilsThread] WARN  pipeline.RatisPipelineUtils (RatisPipelineUtils.java:destroyPipeline(66)) - Pipeline destroy failed for pipeline=PipelineID=1c222981-f753-43aa-b5f1-5176954a2aab dn=701ccf05-4c28-42f5-aa92-67be6d940b6d{ip: 192.168.69.85, host: pr-hdds-1054-8d95c-1017424488, networkLocation: /default-rack, certSerialId: null}
2019-09-16 21:12:09,552 [grpc-default-executor-7] INFO  impl.RaftServerProxy (RaftServerProxy.java:remove(95)) - ad2d061b-bce4-4929-94ab-c6ef8113ba3f: remove group-5176954A2AAB:null
2019-09-16 21:12:09,554 [RatisPipelineUtilsThread] WARN  pipeline.RatisPipelineUtils (RatisPipelineUtils.java:destroyPipeline(66)) - Pipeline destroy failed for pipeline=PipelineID=1c222981-f753-43aa-b5f1-5176954a2aab dn=ad2d061b-bce4-4929-94ab-c6ef8113ba3f{ip: 192.168.69.85, host: pr-hdds-1054-8d95c-1017424488, networkLocation: /default-rack, certSerialId: null}
2019-09-16 21:12:09,557 [grpc-default-executor-7] INFO  impl.RaftServerProxy (RaftServerProxy.java:remove(95)) - a9e3505a-b857-4083-807b-c489e4862dfa: remove group-5176954A2AAB:null
2019-09-16 21:12:09,560 [RatisPipelineUtilsThread] WARN  pipeline.RatisPipelineUtils (RatisPipelineUtils.java:destroyPipeline(66)) - Pipeline destroy failed for pipeline=PipelineID=1c222981-f753-43aa-b5f1-5176954a2aab dn=a9e3505a-b857-4083-807b-c489e4862dfa{ip: 192.168.69.85, host: pr-hdds-1054-8d95c-1017424488, networkLocation: /default-rack, certSerialId: null}
2019-09-16 21:12:09,560 [RatisPipelineUtilsThread] ERROR pipeline.SCMPipelineManager (Scheduler.java:lambda$schedule$1(70)) - Destroy pipeline failed for pipeline:Pipeline[ Id: 1c222981-f753-43aa-b5f1-5176954a2aab, Nodes: 701ccf05-4c28-42f5-aa92-67be6d940b6d{ip: 192.168.69.85, host: pr-hdds-1054-8d95c-1017424488, networkLocation: /default-rack, certSerialId: null}ad2d061b-bce4-4929-94ab-c6ef8113ba3f{ip: 192.168.69.85, host: pr-hdds-1054-8d95c-1017424488, networkLocation: /default-rack, certSerialId: null}a9e3505a-b857-4083-807b-c489e4862dfa{ip: 192.168.69.85, host: pr-hdds-1054-8d95c-1017424488, networkLocation: /default-rack, certSerialId: null}, Type:RATIS, Factor:THREE, State:CLOSED]
org.apache.hadoop.hdds.scm.pipeline.PipelineNotFoundException: PipelineID=1c222981-f753-43aa-b5f1-5176954a2aab not found
	at org.apache.hadoop.hdds.scm.pipeline.PipelineStateMap.getPipeline(PipelineStateMap.java:132)
	at org.apache.hadoop.hdds.scm.pipeline.PipelineStateMap.removePipeline(PipelineStateMap.java:322)
	at org.apache.hadoop.hdds.scm.pipeline.PipelineStateManager.removePipeline(PipelineStateManager.java:107)
	at org.apache.hadoop.hdds.scm.pipeline.SCMPipelineManager.removePipeline(SCMPipelineManager.java:423)
	at org.apache.hadoop.hdds.scm.pipeline.SCMPipelineManager.destroyPipeline(SCMPipelineManager.java:409)
	at org.apache.hadoop.hdds.scm.pipeline.SCMPipelineManager.lambda$finalizeAndDestroyPipeline$0(SCMPipelineManager.java:318)
	at org.apache.hadoop.utils.Scheduler.lambda$schedule$1(Scheduler.java:68)
	at java.util.concurrent.Executors$RunnableAdapter.call(Executors.java:511)
	at java.util.concurrent.FutureTask.run(FutureTask.java:266)
	at java.util.concurrent.ScheduledThreadPoolExecutor$ScheduledFutureTask.access$201(ScheduledThreadPoolExecutor.java:180)
	at java.util.concurrent.ScheduledThreadPoolExecutor$ScheduledFutureTask.run(ScheduledThreadPoolExecutor.java:293)
	at java.util.concurrent.ThreadPoolExecutor.runWorker(ThreadPoolExecutor.java:1149)
	at java.util.concurrent.ThreadPoolExecutor$Worker.run(ThreadPoolExecutor.java:624)
	at java.lang.Thread.run(Thread.java:748)
2019-09-16 21:12:09,746 [701ccf05-4c28-42f5-aa92-67be6d940b6d@group-A1C7DCA6ACCF-SegmentedRaftLogWorker] WARN  segmented.SegmentedRaftLogWorker (SegmentedRaftLogWorker.java:getFromFuture(90)) - Timeout 5/~
org.apache.ratis.protocol.TimeoutIOException: Timeout 10s: WriteLog:5: (t:1, i:5), STATEMACHINELOGENTRY, client-85FCB0D44123, cid=50-writeStateMachineData
	at org.apache.ratis.util.IOUtils.getFromFuture(IOUtils.java:87)
	at org.apache.ratis.server.raftlog.segmented.SegmentedRaftLogWorker$StateMachineDataPolicy.getFromFuture(SegmentedRaftLogWorker.java:87)
	at org.apache.ratis.server.raftlog.segmented.SegmentedRaftLogWorker$WriteLog.execute(SegmentedRaftLogWorker.java:477)
	at org.apache.ratis.server.raftlog.segmented.SegmentedRaftLogWorker.run(SegmentedRaftLogWorker.java:289)
	at java.lang.Thread.run(Thread.java:748)
Caused by: java.util.concurrent.TimeoutException
	at java.util.concurrent.CompletableFuture.timedGet(CompletableFuture.java:1771)
	at java.util.concurrent.CompletableFuture.get(CompletableFuture.java:1915)
	at org.apache.ratis.util.IOUtils.getFromFuture(IOUtils.java:79)
	... 4 more
2019-09-16 21:12:09,813 [ad2d061b-bce4-4929-94ab-c6ef8113ba3f@group-A1C7DCA6ACCF-SegmentedRaftLogWorker] WARN  segmented.SegmentedRaftLogWorker (SegmentedRaftLogWorker.java:getFromFuture(90)) - Timeout 5/~
org.apache.ratis.protocol.TimeoutIOException: Timeout 10s: WriteLog:8: (t:1, i:8), STATEMACHINELOGENTRY, client-85FCB0D44123, cid=53-writeStateMachineData
	at org.apache.ratis.util.IOUtils.getFromFuture(IOUtils.java:87)
	at org.apache.ratis.server.raftlog.segmented.SegmentedRaftLogWorker$StateMachineDataPolicy.getFromFuture(SegmentedRaftLogWorker.java:87)
	at org.apache.ratis.server.raftlog.segmented.SegmentedRaftLogWorker$WriteLog.execute(SegmentedRaftLogWorker.java:477)
	at org.apache.ratis.server.raftlog.segmented.SegmentedRaftLogWorker.run(SegmentedRaftLogWorker.java:289)
	at java.lang.Thread.run(Thread.java:748)
Caused by: java.util.concurrent.TimeoutException
	at java.util.concurrent.CompletableFuture.timedGet(CompletableFuture.java:1771)
	at java.util.concurrent.CompletableFuture.get(CompletableFuture.java:1915)
	at org.apache.ratis.util.IOUtils.getFromFuture(IOUtils.java:79)
	... 4 more
2019-09-16 21:12:09,813 [a9e3505a-b857-4083-807b-c489e4862dfa@group-A1C7DCA6ACCF-SegmentedRaftLogWorker] WARN  segmented.SegmentedRaftLogWorker (SegmentedRaftLogWorker.java:getFromFuture(90)) - Timeout 5/~
org.apache.ratis.protocol.TimeoutIOException: Timeout 10s: WriteLog:8: (t:1, i:8), STATEMACHINELOGENTRY, client-85FCB0D44123, cid=53-writeStateMachineData
	at org.apache.ratis.util.IOUtils.getFromFuture(IOUtils.java:87)
	at org.apache.ratis.server.raftlog.segmented.SegmentedRaftLogWorker$StateMachineDataPolicy.getFromFuture(SegmentedRaftLogWorker.java:87)
	at org.apache.ratis.server.raftlog.segmented.SegmentedRaftLogWorker$WriteLog.execute(SegmentedRaftLogWorker.java:477)
	at org.apache.ratis.server.raftlog.segmented.SegmentedRaftLogWorker.run(SegmentedRaftLogWorker.java:289)
	at java.lang.Thread.run(Thread.java:748)
Caused by: java.util.concurrent.TimeoutException
	at java.util.concurrent.CompletableFuture.timedGet(CompletableFuture.java:1771)
	at java.util.concurrent.CompletableFuture.get(CompletableFuture.java:1915)
	at org.apache.ratis.util.IOUtils.getFromFuture(IOUtils.java:79)
	... 4 more
2019-09-16 21:12:10,257 [grpc-default-executor-7] INFO  client.GrpcClientProtocolClient (GrpcClientProtocolClient.java:onNext(264)) - client-85FCB0D44123->a9e3505a-b857-4083-807b-c489e4862dfa: receive RaftClientReply:client-85FCB0D44123->a9e3505a-b857-4083-807b-c489e4862dfa@group-A1C7DCA6ACCF, cid=50, FAILED org.apache.ratis.protocol.NotLeaderException: Server a9e3505a-b857-4083-807b-c489e4862dfa@group-A1C7DCA6ACCF is not the leader ad2d061b-bce4-4929-94ab-c6ef8113ba3f:192.168.69.85:43917, logIndex=0, commits[a9e3505a-b857-4083-807b-c489e4862dfa:c4, ad2d061b-bce4-4929-94ab-c6ef8113ba3f:c4, 701ccf05-4c28-42f5-aa92-67be6d940b6d:c3]
2019-09-16 21:12:10,259 [java.util.concurrent.ThreadPoolExecutor$Worker@8186817[State = -1, empty queue]] WARN  server.GrpcLogAppender (GrpcLogAppender.java:timeoutAppendRequest(200)) - ad2d061b-bce4-4929-94ab-c6ef8113ba3f@group-A1C7DCA6ACCF->701ccf05-4c28-42f5-aa92-67be6d940b6d-GrpcLogAppender: appendEntries Timeout, request=ad2d061b-bce4-4929-94ab-c6ef8113ba3f->701ccf05-4c28-42f5-aa92-67be6d940b6d#34-t1, previous=(t:1, i:10), leaderCommit=4, initializing? false, entries: <empty>
2019-09-16 21:12:10,260 [java.util.concurrent.ThreadPoolExecutor$Worker@796e945c[State = -1, empty queue]] WARN  server.GrpcLogAppender (GrpcLogAppender.java:timeoutAppendRequest(200)) - ad2d061b-bce4-4929-94ab-c6ef8113ba3f@group-A1C7DCA6ACCF->a9e3505a-b857-4083-807b-c489e4862dfa-GrpcLogAppender: appendEntries Timeout, request=ad2d061b-bce4-4929-94ab-c6ef8113ba3f->a9e3505a-b857-4083-807b-c489e4862dfa#34-t1, previous=(t:1, i:10), leaderCommit=4, initializing? false, entries: <empty>
2019-09-16 21:12:12,759 [java.util.concurrent.ThreadPoolExecutor$Worker@796e945c[State = -1, empty queue]] WARN  server.GrpcLogAppender (GrpcLogAppender.java:timeoutAppendRequest(200)) - ad2d061b-bce4-4929-94ab-c6ef8113ba3f@group-A1C7DCA6ACCF->a9e3505a-b857-4083-807b-c489e4862dfa-GrpcLogAppender: appendEntries Timeout, request=ad2d061b-bce4-4929-94ab-c6ef8113ba3f->a9e3505a-b857-4083-807b-c489e4862dfa#35-t1, previous=(t:1, i:10), leaderCommit=4, initializing? false, entries: <empty>
2019-09-16 21:12:12,759 [java.util.concurrent.ThreadPoolExecutor$Worker@8186817[State = -1, empty queue]] WARN  server.GrpcLogAppender (GrpcLogAppender.java:timeoutAppendRequest(200)) - ad2d061b-bce4-4929-94ab-c6ef8113ba3f@group-A1C7DCA6ACCF->701ccf05-4c28-42f5-aa92-67be6d940b6d-GrpcLogAppender: appendEntries Timeout, request=ad2d061b-bce4-4929-94ab-c6ef8113ba3f->701ccf05-4c28-42f5-aa92-67be6d940b6d#35-t1, previous=(t:1, i:10), leaderCommit=4, initializing? false, entries: <empty>
2019-09-16 21:12:15,259 [java.util.concurrent.ThreadPoolExecutor$Worker@8186817[State = -1, empty queue]] WARN  server.GrpcLogAppender (GrpcLogAppender.java:timeoutAppendRequest(200)) - ad2d061b-bce4-4929-94ab-c6ef8113ba3f@group-A1C7DCA6ACCF->701ccf05-4c28-42f5-aa92-67be6d940b6d-GrpcLogAppender: appendEntries Timeout, request=ad2d061b-bce4-4929-94ab-c6ef8113ba3f->701ccf05-4c28-42f5-aa92-67be6d940b6d#36-t1, previous=(t:1, i:10), leaderCommit=4, initializing? false, entries: <empty>
2019-09-16 21:12:15,259 [java.util.concurrent.ThreadPoolExecutor$Worker@796e945c[State = -1, empty queue]] WARN  server.GrpcLogAppender (GrpcLogAppender.java:timeoutAppendRequest(200)) - ad2d061b-bce4-4929-94ab-c6ef8113ba3f@group-A1C7DCA6ACCF->a9e3505a-b857-4083-807b-c489e4862dfa-GrpcLogAppender: appendEntries Timeout, request=ad2d061b-bce4-4929-94ab-c6ef8113ba3f->a9e3505a-b857-4083-807b-c489e4862dfa#36-t1, previous=(t:1, i:10), leaderCommit=4, initializing? false, entries: <empty>
2019-09-16 21:12:15,285 [grpc-default-executor-2] INFO  client.GrpcClientProtocolClient (GrpcClientProtocolClient.java:onNext(264)) - client-85FCB0D44123->701ccf05-4c28-42f5-aa92-67be6d940b6d: receive RaftClientReply:client-85FCB0D44123->701ccf05-4c28-42f5-aa92-67be6d940b6d@group-A1C7DCA6ACCF, cid=50, FAILED org.apache.ratis.protocol.NotLeaderException: Server 701ccf05-4c28-42f5-aa92-67be6d940b6d@group-A1C7DCA6ACCF is not the leader ad2d061b-bce4-4929-94ab-c6ef8113ba3f:192.168.69.85:43917, logIndex=0, commits[701ccf05-4c28-42f5-aa92-67be6d940b6d:c4, ad2d061b-bce4-4929-94ab-c6ef8113ba3f:c4, a9e3505a-b857-4083-807b-c489e4862dfa:c3]
2019-09-16 21:12:17,759 [java.util.concurrent.ThreadPoolExecutor$Worker@8186817[State = -1, empty queue]] WARN  server.GrpcLogAppender (GrpcLogAppender.java:timeoutAppendRequest(200)) - ad2d061b-bce4-4929-94ab-c6ef8113ba3f@group-A1C7DCA6ACCF->701ccf05-4c28-42f5-aa92-67be6d940b6d-GrpcLogAppender: appendEntries Timeout, request=ad2d061b-bce4-4929-94ab-c6ef8113ba3f->701ccf05-4c28-42f5-aa92-67be6d940b6d#37-t1, previous=(t:1, i:10), leaderCommit=4, initializing? false, entries: <empty>
2019-09-16 21:12:17,759 [java.util.concurrent.ThreadPoolExecutor$Worker@796e945c[State = -1, empty queue]] WARN  server.GrpcLogAppender (GrpcLogAppender.java:timeoutAppendRequest(200)) - ad2d061b-bce4-4929-94ab-c6ef8113ba3f@group-A1C7DCA6ACCF->a9e3505a-b857-4083-807b-c489e4862dfa-GrpcLogAppender: appendEntries Timeout, request=ad2d061b-bce4-4929-94ab-c6ef8113ba3f->a9e3505a-b857-4083-807b-c489e4862dfa#37-t1, previous=(t:1, i:10), leaderCommit=4, initializing? false, entries: <empty>
2019-09-16 21:12:19,747 [701ccf05-4c28-42f5-aa92-67be6d940b6d@group-A1C7DCA6ACCF-SegmentedRaftLogWorker] WARN  segmented.SegmentedRaftLogWorker (SegmentedRaftLogWorker.java:getFromFuture(90)) - Timeout 6/~
org.apache.ratis.protocol.TimeoutIOException: Timeout 10s: WriteLog:5: (t:1, i:5), STATEMACHINELOGENTRY, client-85FCB0D44123, cid=50-writeStateMachineData
	at org.apache.ratis.util.IOUtils.getFromFuture(IOUtils.java:87)
	at org.apache.ratis.server.raftlog.segmented.SegmentedRaftLogWorker$StateMachineDataPolicy.getFromFuture(SegmentedRaftLogWorker.java:87)
	at org.apache.ratis.server.raftlog.segmented.SegmentedRaftLogWorker$WriteLog.execute(SegmentedRaftLogWorker.java:477)
	at org.apache.ratis.server.raftlog.segmented.SegmentedRaftLogWorker.run(SegmentedRaftLogWorker.java:289)
	at java.lang.Thread.run(Thread.java:748)
Caused by: java.util.concurrent.TimeoutException
	at java.util.concurrent.CompletableFuture.timedGet(CompletableFuture.java:1771)
	at java.util.concurrent.CompletableFuture.get(CompletableFuture.java:1915)
	at org.apache.ratis.util.IOUtils.getFromFuture(IOUtils.java:79)
	... 4 more
2019-09-16 21:12:19,813 [ad2d061b-bce4-4929-94ab-c6ef8113ba3f@group-A1C7DCA6ACCF-SegmentedRaftLogWorker] WARN  segmented.SegmentedRaftLogWorker (SegmentedRaftLogWorker.java:getFromFuture(90)) - Timeout 6/~
org.apache.ratis.protocol.TimeoutIOException: Timeout 10s: WriteLog:8: (t:1, i:8), STATEMACHINELOGENTRY, client-85FCB0D44123, cid=53-writeStateMachineData
	at org.apache.ratis.util.IOUtils.getFromFuture(IOUtils.java:87)
	at org.apache.ratis.server.raftlog.segmented.SegmentedRaftLogWorker$StateMachineDataPolicy.getFromFuture(SegmentedRaftLogWorker.java:87)
	at org.apache.ratis.server.raftlog.segmented.SegmentedRaftLogWorker$WriteLog.execute(SegmentedRaftLogWorker.java:477)
	at org.apache.ratis.server.raftlog.segmented.SegmentedRaftLogWorker.run(SegmentedRaftLogWorker.java:289)
	at java.lang.Thread.run(Thread.java:748)
Caused by: java.util.concurrent.TimeoutException
	at java.util.concurrent.CompletableFuture.timedGet(CompletableFuture.java:1771)
	at java.util.concurrent.CompletableFuture.get(CompletableFuture.java:1915)
	at org.apache.ratis.util.IOUtils.getFromFuture(IOUtils.java:79)
	... 4 more
2019-09-16 21:12:19,841 [a9e3505a-b857-4083-807b-c489e4862dfa@group-A1C7DCA6ACCF-SegmentedRaftLogWorker] WARN  segmented.SegmentedRaftLogWorker (SegmentedRaftLogWorker.java:getFromFuture(90)) - Timeout 6/~
org.apache.ratis.protocol.TimeoutIOException: Timeout 10s: WriteLog:8: (t:1, i:8), STATEMACHINELOGENTRY, client-85FCB0D44123, cid=53-writeStateMachineData
	at org.apache.ratis.util.IOUtils.getFromFuture(IOUtils.java:87)
	at org.apache.ratis.server.raftlog.segmented.SegmentedRaftLogWorker$StateMachineDataPolicy.getFromFuture(SegmentedRaftLogWorker.java:87)
	at org.apache.ratis.server.raftlog.segmented.SegmentedRaftLogWorker$WriteLog.execute(SegmentedRaftLogWorker.java:477)
	at org.apache.ratis.server.raftlog.segmented.SegmentedRaftLogWorker.run(SegmentedRaftLogWorker.java:289)
	at java.lang.Thread.run(Thread.java:748)
Caused by: java.util.concurrent.TimeoutException
	at java.util.concurrent.CompletableFuture.timedGet(CompletableFuture.java:1771)
	at java.util.concurrent.CompletableFuture.get(CompletableFuture.java:1915)
	at org.apache.ratis.util.IOUtils.getFromFuture(IOUtils.java:79)
	... 4 more
2019-09-16 21:12:20,260 [java.util.concurrent.ThreadPoolExecutor$Worker@796e945c[State = -1, empty queue]] WARN  server.GrpcLogAppender (GrpcLogAppender.java:timeoutAppendRequest(200)) - ad2d061b-bce4-4929-94ab-c6ef8113ba3f@group-A1C7DCA6ACCF->a9e3505a-b857-4083-807b-c489e4862dfa-GrpcLogAppender: appendEntries Timeout, request=ad2d061b-bce4-4929-94ab-c6ef8113ba3f->a9e3505a-b857-4083-807b-c489e4862dfa#38-t1, previous=(t:1, i:10), leaderCommit=4, initializing? false, entries: <empty>
2019-09-16 21:12:20,260 [java.util.concurrent.ThreadPoolExecutor$Worker@8186817[State = -1, empty queue]] WARN  server.GrpcLogAppender (GrpcLogAppender.java:timeoutAppendRequest(200)) - ad2d061b-bce4-4929-94ab-c6ef8113ba3f@group-A1C7DCA6ACCF->701ccf05-4c28-42f5-aa92-67be6d940b6d-GrpcLogAppender: appendEntries Timeout, request=ad2d061b-bce4-4929-94ab-c6ef8113ba3f->701ccf05-4c28-42f5-aa92-67be6d940b6d#38-t1, previous=(t:1, i:10), leaderCommit=4, initializing? false, entries: <empty>
2019-09-16 21:12:20,326 [grpc-default-executor-7] INFO  client.GrpcClientProtocolClient (GrpcClientProtocolClient.java:onNext(264)) - client-85FCB0D44123->701ccf05-4c28-42f5-aa92-67be6d940b6d: receive RaftClientReply:client-85FCB0D44123->701ccf05-4c28-42f5-aa92-67be6d940b6d@group-A1C7DCA6ACCF, cid=50, FAILED org.apache.ratis.protocol.NotLeaderException: Server 701ccf05-4c28-42f5-aa92-67be6d940b6d@group-A1C7DCA6ACCF is not the leader ad2d061b-bce4-4929-94ab-c6ef8113ba3f:192.168.69.85:43917, logIndex=0, commits[701ccf05-4c28-42f5-aa92-67be6d940b6d:c4, ad2d061b-bce4-4929-94ab-c6ef8113ba3f:c4, a9e3505a-b857-4083-807b-c489e4862dfa:c3]
2019-09-16 21:12:22,760 [java.util.concurrent.ThreadPoolExecutor$Worker@8186817[State = -1, empty queue]] WARN  server.GrpcLogAppender (GrpcLogAppender.java:timeoutAppendRequest(200)) - ad2d061b-bce4-4929-94ab-c6ef8113ba3f@group-A1C7DCA6ACCF->701ccf05-4c28-42f5-aa92-67be6d940b6d-GrpcLogAppender: appendEntries Timeout, request=ad2d061b-bce4-4929-94ab-c6ef8113ba3f->701ccf05-4c28-42f5-aa92-67be6d940b6d#39-t1, previous=(t:1, i:10), leaderCommit=4, initializing? false, entries: <empty>
2019-09-16 21:12:22,760 [java.util.concurrent.ThreadPoolExecutor$Worker@796e945c[State = -1, empty queue]] WARN  server.GrpcLogAppender (GrpcLogAppender.java:timeoutAppendRequest(200)) - ad2d061b-bce4-4929-94ab-c6ef8113ba3f@group-A1C7DCA6ACCF->a9e3505a-b857-4083-807b-c489e4862dfa-GrpcLogAppender: appendEntries Timeout, request=ad2d061b-bce4-4929-94ab-c6ef8113ba3f->a9e3505a-b857-4083-807b-c489e4862dfa#39-t1, previous=(t:1, i:10), leaderCommit=4, initializing? false, entries: <empty>
2019-09-16 21:12:25,261 [java.util.concurrent.ThreadPoolExecutor$Worker@796e945c[State = -1, empty queue]] WARN  server.GrpcLogAppender (GrpcLogAppender.java:timeoutAppendRequest(200)) - ad2d061b-bce4-4929-94ab-c6ef8113ba3f@group-A1C7DCA6ACCF->a9e3505a-b857-4083-807b-c489e4862dfa-GrpcLogAppender: appendEntries Timeout, request=ad2d061b-bce4-4929-94ab-c6ef8113ba3f->a9e3505a-b857-4083-807b-c489e4862dfa#40-t1, previous=(t:1, i:10), leaderCommit=4, initializing? false, entries: <empty>
2019-09-16 21:12:25,261 [java.util.concurrent.ThreadPoolExecutor$Worker@8186817[State = -1, empty queue]] WARN  server.GrpcLogAppender (GrpcLogAppender.java:timeoutAppendRequest(200)) - ad2d061b-bce4-4929-94ab-c6ef8113ba3f@group-A1C7DCA6ACCF->701ccf05-4c28-42f5-aa92-67be6d940b6d-GrpcLogAppender: appendEntries Timeout, request=ad2d061b-bce4-4929-94ab-c6ef8113ba3f->701ccf05-4c28-42f5-aa92-67be6d940b6d#40-t1, previous=(t:1, i:10), leaderCommit=4, initializing? false, entries: <empty>
2019-09-16 21:12:25,373 [grpc-default-executor-2] INFO  client.GrpcClientProtocolClient (GrpcClientProtocolClient.java:onNext(264)) - client-85FCB0D44123->a9e3505a-b857-4083-807b-c489e4862dfa: receive RaftClientReply:client-85FCB0D44123->a9e3505a-b857-4083-807b-c489e4862dfa@group-A1C7DCA6ACCF, cid=50, FAILED org.apache.ratis.protocol.NotLeaderException: Server a9e3505a-b857-4083-807b-c489e4862dfa@group-A1C7DCA6ACCF is not the leader ad2d061b-bce4-4929-94ab-c6ef8113ba3f:192.168.69.85:43917, logIndex=0, commits[a9e3505a-b857-4083-807b-c489e4862dfa:c4, ad2d061b-bce4-4929-94ab-c6ef8113ba3f:c4, 701ccf05-4c28-42f5-aa92-67be6d940b6d:c3]
2019-09-16 21:12:27,761 [java.util.concurrent.ThreadPoolExecutor$Worker@796e945c[State = -1, empty queue]] WARN  server.GrpcLogAppender (GrpcLogAppender.java:timeoutAppendRequest(200)) - ad2d061b-bce4-4929-94ab-c6ef8113ba3f@group-A1C7DCA6ACCF->a9e3505a-b857-4083-807b-c489e4862dfa-GrpcLogAppender: appendEntries Timeout, request=ad2d061b-bce4-4929-94ab-c6ef8113ba3f->a9e3505a-b857-4083-807b-c489e4862dfa#41-t1, previous=(t:1, i:10), leaderCommit=4, initializing? false, entries: <empty>
2019-09-16 21:12:27,761 [java.util.concurrent.ThreadPoolExecutor$Worker@8186817[State = -1, empty queue]] WARN  server.GrpcLogAppender (GrpcLogAppender.java:timeoutAppendRequest(200)) - ad2d061b-bce4-4929-94ab-c6ef8113ba3f@group-A1C7DCA6ACCF->701ccf05-4c28-42f5-aa92-67be6d940b6d-GrpcLogAppender: appendEntries Timeout, request=ad2d061b-bce4-4929-94ab-c6ef8113ba3f->701ccf05-4c28-42f5-aa92-67be6d940b6d#41-t1, previous=(t:1, i:10), leaderCommit=4, initializing? false, entries: <empty>
2019-09-16 21:12:29,748 [701ccf05-4c28-42f5-aa92-67be6d940b6d@group-A1C7DCA6ACCF-SegmentedRaftLogWorker] WARN  segmented.SegmentedRaftLogWorker (SegmentedRaftLogWorker.java:getFromFuture(90)) - Timeout 7/~
org.apache.ratis.protocol.TimeoutIOException: Timeout 10s: WriteLog:5: (t:1, i:5), STATEMACHINELOGENTRY, client-85FCB0D44123, cid=50-writeStateMachineData
	at org.apache.ratis.util.IOUtils.getFromFuture(IOUtils.java:87)
	at org.apache.ratis.server.raftlog.segmented.SegmentedRaftLogWorker$StateMachineDataPolicy.getFromFuture(SegmentedRaftLogWorker.java:87)
	at org.apache.ratis.server.raftlog.segmented.SegmentedRaftLogWorker$WriteLog.execute(SegmentedRaftLogWorker.java:477)
	at org.apache.ratis.server.raftlog.segmented.SegmentedRaftLogWorker.run(SegmentedRaftLogWorker.java:289)
	at java.lang.Thread.run(Thread.java:748)
Caused by: java.util.concurrent.TimeoutException
	at java.util.concurrent.CompletableFuture.timedGet(CompletableFuture.java:1771)
	at java.util.concurrent.CompletableFuture.get(CompletableFuture.java:1915)
	at org.apache.ratis.util.IOUtils.getFromFuture(IOUtils.java:79)
	... 4 more
2019-09-16 21:12:29,841 [ad2d061b-bce4-4929-94ab-c6ef8113ba3f@group-A1C7DCA6ACCF-SegmentedRaftLogWorker] WARN  segmented.SegmentedRaftLogWorker (SegmentedRaftLogWorker.java:getFromFuture(90)) - Timeout 7/~
org.apache.ratis.protocol.TimeoutIOException: Timeout 10s: WriteLog:8: (t:1, i:8), STATEMACHINELOGENTRY, client-85FCB0D44123, cid=53-writeStateMachineData
	at org.apache.ratis.util.IOUtils.getFromFuture(IOUtils.java:87)
	at org.apache.ratis.server.raftlog.segmented.SegmentedRaftLogWorker$StateMachineDataPolicy.getFromFuture(SegmentedRaftLogWorker.java:87)
	at org.apache.ratis.server.raftlog.segmented.SegmentedRaftLogWorker$WriteLog.execute(SegmentedRaftLogWorker.java:477)
	at org.apache.ratis.server.raftlog.segmented.SegmentedRaftLogWorker.run(SegmentedRaftLogWorker.java:289)
	at java.lang.Thread.run(Thread.java:748)
Caused by: java.util.concurrent.TimeoutException
	at java.util.concurrent.CompletableFuture.timedGet(CompletableFuture.java:1771)
	at java.util.concurrent.CompletableFuture.get(CompletableFuture.java:1915)
	at org.apache.ratis.util.IOUtils.getFromFuture(IOUtils.java:79)
	... 4 more
2019-09-16 21:12:29,842 [a9e3505a-b857-4083-807b-c489e4862dfa@group-A1C7DCA6ACCF-SegmentedRaftLogWorker] WARN  segmented.SegmentedRaftLogWorker (SegmentedRaftLogWorker.java:getFromFuture(90)) - Timeout 7/~
org.apache.ratis.protocol.TimeoutIOException: Timeout 10s: WriteLog:8: (t:1, i:8), STATEMACHINELOGENTRY, client-85FCB0D44123, cid=53-writeStateMachineData
	at org.apache.ratis.util.IOUtils.getFromFuture(IOUtils.java:87)
	at org.apache.ratis.server.raftlog.segmented.SegmentedRaftLogWorker$StateMachineDataPolicy.getFromFuture(SegmentedRaftLogWorker.java:87)
	at org.apache.ratis.server.raftlog.segmented.SegmentedRaftLogWorker$WriteLog.execute(SegmentedRaftLogWorker.java:477)
	at org.apache.ratis.server.raftlog.segmented.SegmentedRaftLogWorker.run(SegmentedRaftLogWorker.java:289)
	at java.lang.Thread.run(Thread.java:748)
Caused by: java.util.concurrent.TimeoutException
	at java.util.concurrent.CompletableFuture.timedGet(CompletableFuture.java:1771)
	at java.util.concurrent.CompletableFuture.get(CompletableFuture.java:1915)
	at org.apache.ratis.util.IOUtils.getFromFuture(IOUtils.java:79)
	... 4 more
2019-09-16 21:12:30,262 [java.util.concurrent.ThreadPoolExecutor$Worker@8186817[State = -1, empty queue]] WARN  server.GrpcLogAppender (GrpcLogAppender.java:timeoutAppendRequest(200)) - ad2d061b-bce4-4929-94ab-c6ef8113ba3f@group-A1C7DCA6ACCF->701ccf05-4c28-42f5-aa92-67be6d940b6d-GrpcLogAppender: appendEntries Timeout, request=ad2d061b-bce4-4929-94ab-c6ef8113ba3f->701ccf05-4c28-42f5-aa92-67be6d940b6d#42-t1, previous=(t:1, i:10), leaderCommit=4, initializing? false, entries: <empty>
2019-09-16 21:12:30,262 [java.util.concurrent.ThreadPoolExecutor$Worker@796e945c[State = -1, empty queue]] WARN  server.GrpcLogAppender (GrpcLogAppender.java:timeoutAppendRequest(200)) - ad2d061b-bce4-4929-94ab-c6ef8113ba3f@group-A1C7DCA6ACCF->a9e3505a-b857-4083-807b-c489e4862dfa-GrpcLogAppender: appendEntries Timeout, request=ad2d061b-bce4-4929-94ab-c6ef8113ba3f->a9e3505a-b857-4083-807b-c489e4862dfa#42-t1, previous=(t:1, i:10), leaderCommit=4, initializing? false, entries: <empty>
2019-09-16 21:12:30,434 [grpc-default-executor-2] INFO  client.GrpcClientProtocolClient (GrpcClientProtocolClient.java:onNext(264)) - client-85FCB0D44123->701ccf05-4c28-42f5-aa92-67be6d940b6d: receive RaftClientReply:client-85FCB0D44123->701ccf05-4c28-42f5-aa92-67be6d940b6d@group-A1C7DCA6ACCF, cid=50, FAILED org.apache.ratis.protocol.NotLeaderException: Server 701ccf05-4c28-42f5-aa92-67be6d940b6d@group-A1C7DCA6ACCF is not the leader ad2d061b-bce4-4929-94ab-c6ef8113ba3f:192.168.69.85:43917, logIndex=0, commits[701ccf05-4c28-42f5-aa92-67be6d940b6d:c4, ad2d061b-bce4-4929-94ab-c6ef8113ba3f:c4, a9e3505a-b857-4083-807b-c489e4862dfa:c3]
2019-09-16 21:12:32,763 [java.util.concurrent.ThreadPoolExecutor$Worker@796e945c[State = -1, empty queue]] WARN  server.GrpcLogAppender (GrpcLogAppender.java:timeoutAppendRequest(200)) - ad2d061b-bce4-4929-94ab-c6ef8113ba3f@group-A1C7DCA6ACCF->a9e3505a-b857-4083-807b-c489e4862dfa-GrpcLogAppender: appendEntries Timeout, request=ad2d061b-bce4-4929-94ab-c6ef8113ba3f->a9e3505a-b857-4083-807b-c489e4862dfa#43-t1, previous=(t:1, i:10), leaderCommit=4, initializing? false, entries: <empty>
2019-09-16 21:12:32,763 [java.util.concurrent.ThreadPoolExecutor$Worker@8186817[State = -1, empty queue]] WARN  server.GrpcLogAppender (GrpcLogAppender.java:timeoutAppendRequest(200)) - ad2d061b-bce4-4929-94ab-c6ef8113ba3f@group-A1C7DCA6ACCF->701ccf05-4c28-42f5-aa92-67be6d940b6d-GrpcLogAppender: appendEntries Timeout, request=ad2d061b-bce4-4929-94ab-c6ef8113ba3f->701ccf05-4c28-42f5-aa92-67be6d940b6d#43-t1, previous=(t:1, i:10), leaderCommit=4, initializing? false, entries: <empty>
2019-09-16 21:12:35,263 [java.util.concurrent.ThreadPoolExecutor$Worker@796e945c[State = -1, empty queue]] WARN  server.GrpcLogAppender (GrpcLogAppender.java:timeoutAppendRequest(200)) - ad2d061b-bce4-4929-94ab-c6ef8113ba3f@group-A1C7DCA6ACCF->a9e3505a-b857-4083-807b-c489e4862dfa-GrpcLogAppender: appendEntries Timeout, request=ad2d061b-bce4-4929-94ab-c6ef8113ba3f->a9e3505a-b857-4083-807b-c489e4862dfa#44-t1, previous=(t:1, i:10), leaderCommit=4, initializing? false, entries: <empty>
2019-09-16 21:12:35,263 [java.util.concurrent.ThreadPoolExecutor$Worker@8186817[State = -1, empty queue]] WARN  server.GrpcLogAppender (GrpcLogAppender.java:timeoutAppendRequest(200)) - ad2d061b-bce4-4929-94ab-c6ef8113ba3f@group-A1C7DCA6ACCF->701ccf05-4c28-42f5-aa92-67be6d940b6d-GrpcLogAppender: appendEntries Timeout, request=ad2d061b-bce4-4929-94ab-c6ef8113ba3f->701ccf05-4c28-42f5-aa92-67be6d940b6d#44-t1, previous=(t:1, i:10), leaderCommit=4, initializing? false, entries: <empty>
2019-09-16 21:12:35,475 [grpc-default-executor-6] INFO  client.GrpcClientProtocolClient (GrpcClientProtocolClient.java:onNext(264)) - client-85FCB0D44123->a9e3505a-b857-4083-807b-c489e4862dfa: receive RaftClientReply:client-85FCB0D44123->a9e3505a-b857-4083-807b-c489e4862dfa@group-A1C7DCA6ACCF, cid=50, FAILED org.apache.ratis.protocol.NotLeaderException: Server a9e3505a-b857-4083-807b-c489e4862dfa@group-A1C7DCA6ACCF is not the leader ad2d061b-bce4-4929-94ab-c6ef8113ba3f:192.168.69.85:43917, logIndex=0, commits[a9e3505a-b857-4083-807b-c489e4862dfa:c4, ad2d061b-bce4-4929-94ab-c6ef8113ba3f:c4, 701ccf05-4c28-42f5-aa92-67be6d940b6d:c3]
2019-09-16 21:12:37,763 [java.util.concurrent.ThreadPoolExecutor$Worker@796e945c[State = -1, empty queue]] WARN  server.GrpcLogAppender (GrpcLogAppender.java:timeoutAppendRequest(200)) - ad2d061b-bce4-4929-94ab-c6ef8113ba3f@group-A1C7DCA6ACCF->a9e3505a-b857-4083-807b-c489e4862dfa-GrpcLogAppender: appendEntries Timeout, request=ad2d061b-bce4-4929-94ab-c6ef8113ba3f->a9e3505a-b857-4083-807b-c489e4862dfa#45-t1, previous=(t:1, i:10), leaderCommit=4, initializing? false, entries: <empty>
2019-09-16 21:12:37,763 [java.util.concurrent.ThreadPoolExecutor$Worker@8186817[State = -1, empty queue]] WARN  server.GrpcLogAppender (GrpcLogAppender.java:timeoutAppendRequest(200)) - ad2d061b-bce4-4929-94ab-c6ef8113ba3f@group-A1C7DCA6ACCF->701ccf05-4c28-42f5-aa92-67be6d940b6d-GrpcLogAppender: appendEntries Timeout, request=ad2d061b-bce4-4929-94ab-c6ef8113ba3f->701ccf05-4c28-42f5-aa92-67be6d940b6d#45-t1, previous=(t:1, i:10), leaderCommit=4, initializing? false, entries: <empty>
2019-09-16 21:12:39,750 [701ccf05-4c28-42f5-aa92-67be6d940b6d@group-A1C7DCA6ACCF-SegmentedRaftLogWorker] WARN  segmented.SegmentedRaftLogWorker (SegmentedRaftLogWorker.java:getFromFuture(90)) - Timeout 8/~
org.apache.ratis.protocol.TimeoutIOException: Timeout 10s: WriteLog:5: (t:1, i:5), STATEMACHINELOGENTRY, client-85FCB0D44123, cid=50-writeStateMachineData
	at org.apache.ratis.util.IOUtils.getFromFuture(IOUtils.java:87)
	at org.apache.ratis.server.raftlog.segmented.SegmentedRaftLogWorker$StateMachineDataPolicy.getFromFuture(SegmentedRaftLogWorker.java:87)
	at org.apache.ratis.server.raftlog.segmented.SegmentedRaftLogWorker$WriteLog.execute(SegmentedRaftLogWorker.java:477)
	at org.apache.ratis.server.raftlog.segmented.SegmentedRaftLogWorker.run(SegmentedRaftLogWorker.java:289)
	at java.lang.Thread.run(Thread.java:748)
Caused by: java.util.concurrent.TimeoutException
	at java.util.concurrent.CompletableFuture.timedGet(CompletableFuture.java:1771)
	at java.util.concurrent.CompletableFuture.get(CompletableFuture.java:1915)
	at org.apache.ratis.util.IOUtils.getFromFuture(IOUtils.java:79)
	... 4 more
2019-09-16 21:12:39,843 [ad2d061b-bce4-4929-94ab-c6ef8113ba3f@group-A1C7DCA6ACCF-SegmentedRaftLogWorker] WARN  segmented.SegmentedRaftLogWorker (SegmentedRaftLogWorker.java:getFromFuture(90)) - Timeout 8/~
org.apache.ratis.protocol.TimeoutIOException: Timeout 10s: WriteLog:8: (t:1, i:8), STATEMACHINELOGENTRY, client-85FCB0D44123, cid=53-writeStateMachineData
	at org.apache.ratis.util.IOUtils.getFromFuture(IOUtils.java:87)
	at org.apache.ratis.server.raftlog.segmented.SegmentedRaftLogWorker$StateMachineDataPolicy.getFromFuture(SegmentedRaftLogWorker.java:87)
	at org.apache.ratis.server.raftlog.segmented.SegmentedRaftLogWorker$WriteLog.execute(SegmentedRaftLogWorker.java:477)
	at org.apache.ratis.server.raftlog.segmented.SegmentedRaftLogWorker.run(SegmentedRaftLogWorker.java:289)
	at java.lang.Thread.run(Thread.java:748)
Caused by: java.util.concurrent.TimeoutException
	at java.util.concurrent.CompletableFuture.timedGet(CompletableFuture.java:1771)
	at java.util.concurrent.CompletableFuture.get(CompletableFuture.java:1915)
	at org.apache.ratis.util.IOUtils.getFromFuture(IOUtils.java:79)
	... 4 more
2019-09-16 21:12:39,843 [a9e3505a-b857-4083-807b-c489e4862dfa@group-A1C7DCA6ACCF-SegmentedRaftLogWorker] WARN  segmented.SegmentedRaftLogWorker (SegmentedRaftLogWorker.java:getFromFuture(90)) - Timeout 8/~
org.apache.ratis.protocol.TimeoutIOException: Timeout 10s: WriteLog:8: (t:1, i:8), STATEMACHINELOGENTRY, client-85FCB0D44123, cid=53-writeStateMachineData
	at org.apache.ratis.util.IOUtils.getFromFuture(IOUtils.java:87)
	at org.apache.ratis.server.raftlog.segmented.SegmentedRaftLogWorker$StateMachineDataPolicy.getFromFuture(SegmentedRaftLogWorker.java:87)
	at org.apache.ratis.server.raftlog.segmented.SegmentedRaftLogWorker$WriteLog.execute(SegmentedRaftLogWorker.java:477)
	at org.apache.ratis.server.raftlog.segmented.SegmentedRaftLogWorker.run(SegmentedRaftLogWorker.java:289)
	at java.lang.Thread.run(Thread.java:748)
Caused by: java.util.concurrent.TimeoutException
	at java.util.concurrent.CompletableFuture.timedGet(CompletableFuture.java:1771)
	at java.util.concurrent.CompletableFuture.get(CompletableFuture.java:1915)
	at org.apache.ratis.util.IOUtils.getFromFuture(IOUtils.java:79)
	... 4 more
2019-09-16 21:12:40,264 [java.util.concurrent.ThreadPoolExecutor$Worker@8186817[State = -1, empty queue]] WARN  server.GrpcLogAppender (GrpcLogAppender.java:timeoutAppendRequest(200)) - ad2d061b-bce4-4929-94ab-c6ef8113ba3f@group-A1C7DCA6ACCF->701ccf05-4c28-42f5-aa92-67be6d940b6d-GrpcLogAppender: appendEntries Timeout, request=ad2d061b-bce4-4929-94ab-c6ef8113ba3f->701ccf05-4c28-42f5-aa92-67be6d940b6d#46-t1, previous=(t:1, i:10), leaderCommit=4, initializing? false, entries: <empty>
2019-09-16 21:12:40,264 [java.util.concurrent.ThreadPoolExecutor$Worker@796e945c[State = -1, empty queue]] WARN  server.GrpcLogAppender (GrpcLogAppender.java:timeoutAppendRequest(200)) - ad2d061b-bce4-4929-94ab-c6ef8113ba3f@group-A1C7DCA6ACCF->a9e3505a-b857-4083-807b-c489e4862dfa-GrpcLogAppender: appendEntries Timeout, request=ad2d061b-bce4-4929-94ab-c6ef8113ba3f->a9e3505a-b857-4083-807b-c489e4862dfa#46-t1, previous=(t:1, i:10), leaderCommit=4, initializing? false, entries: <empty>
2019-09-16 21:12:40,515 [grpc-default-executor-2] INFO  client.GrpcClientProtocolClient (GrpcClientProtocolClient.java:onNext(264)) - client-85FCB0D44123->a9e3505a-b857-4083-807b-c489e4862dfa: receive RaftClientReply:client-85FCB0D44123->a9e3505a-b857-4083-807b-c489e4862dfa@group-A1C7DCA6ACCF, cid=50, FAILED org.apache.ratis.protocol.NotLeaderException: Server a9e3505a-b857-4083-807b-c489e4862dfa@group-A1C7DCA6ACCF is not the leader ad2d061b-bce4-4929-94ab-c6ef8113ba3f:192.168.69.85:43917, logIndex=0, commits[a9e3505a-b857-4083-807b-c489e4862dfa:c4, ad2d061b-bce4-4929-94ab-c6ef8113ba3f:c4, 701ccf05-4c28-42f5-aa92-67be6d940b6d:c3]
2019-09-16 21:12:42,640 [ReplicationMonitor] INFO  container.ReplicationManager (ReplicationManager.java:forceCloseContainer(464)) - Force closing container #1 with BCSID 4, which is in QUASI_CLOSED state.
2019-09-16 21:12:42,643 [ReplicationMonitor] INFO  container.ReplicationManager (ReplicationManager.java:sendCloseCommand(659)) - Sending close container command for container #1 to datanode a9e3505a-b857-4083-807b-c489e4862dfa{ip: 192.168.69.85, host: pr-hdds-1054-8d95c-1017424488, networkLocation: /default-rack, certSerialId: null}.
2019-09-16 21:12:42,643 [ReplicationMonitor] INFO  container.ReplicationManager (ReplicationManager.java:sendCloseCommand(659)) - Sending close container command for container #1 to datanode 701ccf05-4c28-42f5-aa92-67be6d940b6d{ip: 192.168.69.85, host: pr-hdds-1054-8d95c-1017424488, networkLocation: /default-rack, certSerialId: null}.
2019-09-16 21:12:42,643 [ReplicationMonitor] INFO  container.ReplicationManager (ReplicationManager.java:sendCloseCommand(659)) - Sending close container command for container #1 to datanode ad2d061b-bce4-4929-94ab-c6ef8113ba3f{ip: 192.168.69.85, host: pr-hdds-1054-8d95c-1017424488, networkLocation: /default-rack, certSerialId: null}.
2019-09-16 21:12:42,644 [ReplicationMonitor] INFO  container.ReplicationManager (ReplicationManager.java:forceCloseContainer(464)) - Force closing container #3 with BCSID 10, which is in QUASI_CLOSED state.
2019-09-16 21:12:42,644 [ReplicationMonitor] INFO  container.ReplicationManager (ReplicationManager.java:sendCloseCommand(659)) - Sending close container command for container #3 to datanode a9e3505a-b857-4083-807b-c489e4862dfa{ip: 192.168.69.85, host: pr-hdds-1054-8d95c-1017424488, networkLocation: /default-rack, certSerialId: null}.
2019-09-16 21:12:42,644 [ReplicationMonitor] INFO  container.ReplicationManager (ReplicationManager.java:sendCloseCommand(659)) - Sending close container command for container #3 to datanode ad2d061b-bce4-4929-94ab-c6ef8113ba3f{ip: 192.168.69.85, host: pr-hdds-1054-8d95c-1017424488, networkLocation: /default-rack, certSerialId: null}.
2019-09-16 21:12:42,644 [ReplicationMonitor] INFO  container.ReplicationManager (ReplicationManager.java:sendCloseCommand(659)) - Sending close container command for container #3 to datanode 701ccf05-4c28-42f5-aa92-67be6d940b6d{ip: 192.168.69.85, host: pr-hdds-1054-8d95c-1017424488, networkLocation: /default-rack, certSerialId: null}.
2019-09-16 21:12:42,645 [ReplicationMonitor] INFO  container.ReplicationManager (ReplicationManager.java:forceCloseContainer(464)) - Force closing container #4 with BCSID 0, which is in QUASI_CLOSED state.
2019-09-16 21:12:42,645 [ReplicationMonitor] INFO  container.ReplicationManager (ReplicationManager.java:sendCloseCommand(659)) - Sending close container command for container #4 to datanode a9e3505a-b857-4083-807b-c489e4862dfa{ip: 192.168.69.85, host: pr-hdds-1054-8d95c-1017424488, networkLocation: /default-rack, certSerialId: null}.
2019-09-16 21:12:42,645 [ReplicationMonitor] INFO  container.ReplicationManager (ReplicationManager.java:sendCloseCommand(659)) - Sending close container command for container #4 to datanode 701ccf05-4c28-42f5-aa92-67be6d940b6d{ip: 192.168.69.85, host: pr-hdds-1054-8d95c-1017424488, networkLocation: /default-rack, certSerialId: null}.
2019-09-16 21:12:42,645 [ReplicationMonitor] INFO  container.ReplicationManager (ReplicationManager.java:run(225)) - Replication Monitor Thread took 14 milliseconds for processing 7 containers.
2019-09-16 21:12:42,765 [java.util.concurrent.ThreadPoolExecutor$Worker@8186817[State = -1, empty queue]] WARN  server.GrpcLogAppender (GrpcLogAppender.java:timeoutAppendRequest(200)) - ad2d061b-bce4-4929-94ab-c6ef8113ba3f@group-A1C7DCA6ACCF->701ccf05-4c28-42f5-aa92-67be6d940b6d-GrpcLogAppender: appendEntries Timeout, request=ad2d061b-bce4-4929-94ab-c6ef8113ba3f->701ccf05-4c28-42f5-aa92-67be6d940b6d#47-t1, previous=(t:1, i:10), leaderCommit=4, initializing? false, entries: <empty>
2019-09-16 21:12:42,765 [java.util.concurrent.ThreadPoolExecutor$Worker@796e945c[State = -1, empty queue]] WARN  server.GrpcLogAppender (GrpcLogAppender.java:timeoutAppendRequest(200)) - ad2d061b-bce4-4929-94ab-c6ef8113ba3f@group-A1C7DCA6ACCF->a9e3505a-b857-4083-807b-c489e4862dfa-GrpcLogAppender: appendEntries Timeout, request=ad2d061b-bce4-4929-94ab-c6ef8113ba3f->a9e3505a-b857-4083-807b-c489e4862dfa#47-t1, previous=(t:1, i:10), leaderCommit=4, initializing? false, entries: <empty>
2019-09-16 21:12:43,839 [Command processor thread] INFO  interfaces.Container (KeyValueContainer.java:flushAndSyncDB(386)) - Container 1 is synced with bcsId 4.
2019-09-16 21:12:43,841 [Command processor thread] INFO  interfaces.Container (KeyValueContainer.java:flushAndSyncDB(386)) - Container 1 is synced with bcsId 4.
2019-09-16 21:12:43,843 [Command processor thread] INFO  interfaces.Container (KeyValueContainer.java:flushAndSyncDB(386)) - Container 1 is synced with bcsId 4.
2019-09-16 21:12:43,843 [Command processor thread] INFO  interfaces.Container (KeyValueContainer.java:flushAndSyncDB(386)) - Container 1 is synced with bcsId 4.
2019-09-16 21:12:43,853 [Command processor thread] INFO  interfaces.Container (KeyValueContainer.java:close(335)) - Container 1 is closed with bcsId 4.
2019-09-16 21:12:43,853 [Command processor thread] INFO  interfaces.Container (KeyValueContainer.java:close(335)) - Container 1 is closed with bcsId 4.
2019-09-16 21:12:43,854 [Command processor thread] INFO  interfaces.Container (KeyValueContainer.java:flushAndSyncDB(386)) - Container 3 is synced with bcsId 10.
2019-09-16 21:12:43,854 [Command processor thread] INFO  interfaces.Container (KeyValueContainer.java:flushAndSyncDB(386)) - Container 3 is synced with bcsId 10.
2019-09-16 21:12:43,854 [Command processor thread] INFO  interfaces.Container (KeyValueContainer.java:flushAndSyncDB(386)) - Container 3 is synced with bcsId 10.
2019-09-16 21:12:43,854 [Command processor thread] INFO  interfaces.Container (KeyValueContainer.java:flushAndSyncDB(386)) - Container 3 is synced with bcsId 10.
2019-09-16 21:12:43,855 [EventQueue-IncrementalContainerReportForIncrementalContainerReportHandler] INFO  container.IncrementalContainerReportHandler (AbstractContainerReportHandler.java:updateContainerState(202)) - Moving container #1 to CLOSED state, datanode 701ccf05-4c28-42f5-aa92-67be6d940b6d{ip: 192.168.69.85, host: pr-hdds-1054-8d95c-1017424488, networkLocation: /default-rack, certSerialId: null} reported CLOSED replica.
2019-09-16 21:12:43,862 [Command processor thread] INFO  interfaces.Container (KeyValueContainer.java:close(335)) - Container 3 is closed with bcsId 10.
2019-09-16 21:12:43,862 [Command processor thread] INFO  interfaces.Container (KeyValueContainer.java:close(335)) - Container 3 is closed with bcsId 10.
2019-09-16 21:12:43,862 [Command processor thread] INFO  interfaces.Container (KeyValueContainer.java:flushAndSyncDB(386)) - Container 4 is synced with bcsId 0.
2019-09-16 21:12:43,862 [Command processor thread] INFO  interfaces.Container (KeyValueContainer.java:flushAndSyncDB(386)) - Container 4 is synced with bcsId 0.
2019-09-16 21:12:43,863 [EventQueue-IncrementalContainerReportForIncrementalContainerReportHandler] INFO  container.IncrementalContainerReportHandler (AbstractContainerReportHandler.java:updateContainerState(202)) - Moving container #3 to CLOSED state, datanode 701ccf05-4c28-42f5-aa92-67be6d940b6d{ip: 192.168.69.85, host: pr-hdds-1054-8d95c-1017424488, networkLocation: /default-rack, certSerialId: null} reported CLOSED replica.
2019-09-16 21:12:43,870 [Command processor thread] INFO  interfaces.Container (KeyValueContainer.java:close(335)) - Container 4 is closed with bcsId 0.
2019-09-16 21:12:43,871 [EventQueue-IncrementalContainerReportForIncrementalContainerReportHandler] INFO  container.IncrementalContainerReportHandler (AbstractContainerReportHandler.java:updateContainerState(202)) - Moving container #4 to CLOSED state, datanode 701ccf05-4c28-42f5-aa92-67be6d940b6d{ip: 192.168.69.85, host: pr-hdds-1054-8d95c-1017424488, networkLocation: /default-rack, certSerialId: null} reported CLOSED replica.
2019-09-16 21:12:44,837 [Command processor thread] INFO  interfaces.Container (KeyValueContainer.java:flushAndSyncDB(386)) - Container 1 is synced with bcsId 4.
2019-09-16 21:12:44,838 [Command processor thread] INFO  interfaces.Container (KeyValueContainer.java:flushAndSyncDB(386)) - Container 1 is synced with bcsId 4.
2019-09-16 21:12:44,860 [Command processor thread] INFO  interfaces.Container (KeyValueContainer.java:close(335)) - Container 1 is closed with bcsId 4.
2019-09-16 21:12:44,860 [Command processor thread] INFO  interfaces.Container (KeyValueContainer.java:flushAndSyncDB(386)) - Container 3 is synced with bcsId 10.
2019-09-16 21:12:44,861 [Command processor thread] INFO  interfaces.Container (KeyValueContainer.java:flushAndSyncDB(386)) - Container 3 is synced with bcsId 10.
2019-09-16 21:12:44,879 [Command processor thread] INFO  interfaces.Container (KeyValueContainer.java:close(335)) - Container 3 is closed with bcsId 10.
2019-09-16 21:12:44,879 [Command processor thread] INFO  interfaces.Container (KeyValueContainer.java:flushAndSyncDB(386)) - Container 4 is synced with bcsId 0.
2019-09-16 21:12:44,879 [Command processor thread] INFO  interfaces.Container (KeyValueContainer.java:flushAndSyncDB(386)) - Container 4 is synced with bcsId 0.
2019-09-16 21:12:44,900 [Command processor thread] INFO  interfaces.Container (KeyValueContainer.java:close(335)) - Container 4 is closed with bcsId 0.
2019-09-16 21:12:45,266 [java.util.concurrent.ThreadPoolExecutor$Worker@8186817[State = -1, empty queue]] WARN  server.GrpcLogAppender (GrpcLogAppender.java:timeoutAppendRequest(200)) - ad2d061b-bce4-4929-94ab-c6ef8113ba3f@group-A1C7DCA6ACCF->701ccf05-4c28-42f5-aa92-67be6d940b6d-GrpcLogAppender: appendEntries Timeout, request=ad2d061b-bce4-4929-94ab-c6ef8113ba3f->701ccf05-4c28-42f5-aa92-67be6d940b6d#48-t1, previous=(t:1, i:10), leaderCommit=4, initializing? false, entries: <empty>
2019-09-16 21:12:45,266 [java.util.concurrent.ThreadPoolExecutor$Worker@796e945c[State = -1, empty queue]] WARN  server.GrpcLogAppender (GrpcLogAppender.java:timeoutAppendRequest(200)) - ad2d061b-bce4-4929-94ab-c6ef8113ba3f@group-A1C7DCA6ACCF->a9e3505a-b857-4083-807b-c489e4862dfa-GrpcLogAppender: appendEntries Timeout, request=ad2d061b-bce4-4929-94ab-c6ef8113ba3f->a9e3505a-b857-4083-807b-c489e4862dfa#48-t1, previous=(t:1, i:10), leaderCommit=4, initializing? false, entries: <empty>
2019-09-16 21:12:45,552 [grpc-default-executor-6] INFO  client.GrpcClientProtocolClient (GrpcClientProtocolClient.java:onNext(264)) - client-85FCB0D44123->a9e3505a-b857-4083-807b-c489e4862dfa: receive RaftClientReply:client-85FCB0D44123->a9e3505a-b857-4083-807b-c489e4862dfa@group-A1C7DCA6ACCF, cid=50, FAILED org.apache.ratis.protocol.NotLeaderException: Server a9e3505a-b857-4083-807b-c489e4862dfa@group-A1C7DCA6ACCF is not the leader ad2d061b-bce4-4929-94ab-c6ef8113ba3f:192.168.69.85:43917, logIndex=0, commits[a9e3505a-b857-4083-807b-c489e4862dfa:c4, ad2d061b-bce4-4929-94ab-c6ef8113ba3f:c4, 701ccf05-4c28-42f5-aa92-67be6d940b6d:c3]
2019-09-16 21:12:47,766 [java.util.concurrent.ThreadPoolExecutor$Worker@8186817[State = -1, empty queue]] WARN  server.GrpcLogAppender (GrpcLogAppender.java:timeoutAppendRequest(200)) - ad2d061b-bce4-4929-94ab-c6ef8113ba3f@group-A1C7DCA6ACCF->701ccf05-4c28-42f5-aa92-67be6d940b6d-GrpcLogAppender: appendEntries Timeout, request=ad2d061b-bce4-4929-94ab-c6ef8113ba3f->701ccf05-4c28-42f5-aa92-67be6d940b6d#49-t1, previous=(t:1, i:10), leaderCommit=4, initializing? false, entries: <empty>
2019-09-16 21:12:47,766 [java.util.concurrent.ThreadPoolExecutor$Worker@796e945c[State = -1, empty queue]] WARN  server.GrpcLogAppender (GrpcLogAppender.java:timeoutAppendRequest(200)) - ad2d061b-bce4-4929-94ab-c6ef8113ba3f@group-A1C7DCA6ACCF->a9e3505a-b857-4083-807b-c489e4862dfa-GrpcLogAppender: appendEntries Timeout, request=ad2d061b-bce4-4929-94ab-c6ef8113ba3f->a9e3505a-b857-4083-807b-c489e4862dfa#49-t1, previous=(t:1, i:10), leaderCommit=4, initializing? false, entries: <empty>
2019-09-16 21:12:49,751 [701ccf05-4c28-42f5-aa92-67be6d940b6d@group-A1C7DCA6ACCF-SegmentedRaftLogWorker] WARN  segmented.SegmentedRaftLogWorker (SegmentedRaftLogWorker.java:getFromFuture(90)) - Timeout 9/~
org.apache.ratis.protocol.TimeoutIOException: Timeout 10s: WriteLog:5: (t:1, i:5), STATEMACHINELOGENTRY, client-85FCB0D44123, cid=50-writeStateMachineData
	at org.apache.ratis.util.IOUtils.getFromFuture(IOUtils.java:87)
	at org.apache.ratis.server.raftlog.segmented.SegmentedRaftLogWorker$StateMachineDataPolicy.getFromFuture(SegmentedRaftLogWorker.java:87)
	at org.apache.ratis.server.raftlog.segmented.SegmentedRaftLogWorker$WriteLog.execute(SegmentedRaftLogWorker.java:477)
	at org.apache.ratis.server.raftlog.segmented.SegmentedRaftLogWorker.run(SegmentedRaftLogWorker.java:289)
	at java.lang.Thread.run(Thread.java:748)
Caused by: java.util.concurrent.TimeoutException
	at java.util.concurrent.CompletableFuture.timedGet(CompletableFuture.java:1771)
	at java.util.concurrent.CompletableFuture.get(CompletableFuture.java:1915)
	at org.apache.ratis.util.IOUtils.getFromFuture(IOUtils.java:79)
	... 4 more
2019-09-16 21:12:49,844 [ad2d061b-bce4-4929-94ab-c6ef8113ba3f@group-A1C7DCA6ACCF-SegmentedRaftLogWorker] WARN  segmented.SegmentedRaftLogWorker (SegmentedRaftLogWorker.java:getFromFuture(90)) - Timeout 9/~
org.apache.ratis.protocol.TimeoutIOException: Timeout 10s: WriteLog:8: (t:1, i:8), STATEMACHINELOGENTRY, client-85FCB0D44123, cid=53-writeStateMachineData
	at org.apache.ratis.util.IOUtils.getFromFuture(IOUtils.java:87)
	at org.apache.ratis.server.raftlog.segmented.SegmentedRaftLogWorker$StateMachineDataPolicy.getFromFuture(SegmentedRaftLogWorker.java:87)
	at org.apache.ratis.server.raftlog.segmented.SegmentedRaftLogWorker$WriteLog.execute(SegmentedRaftLogWorker.java:477)
	at org.apache.ratis.server.raftlog.segmented.SegmentedRaftLogWorker.run(SegmentedRaftLogWorker.java:289)
	at java.lang.Thread.run(Thread.java:748)
Caused by: java.util.concurrent.TimeoutException
	at java.util.concurrent.CompletableFuture.timedGet(CompletableFuture.java:1771)
	at java.util.concurrent.CompletableFuture.get(CompletableFuture.java:1915)
	at org.apache.ratis.util.IOUtils.getFromFuture(IOUtils.java:79)
	... 4 more
2019-09-16 21:12:49,844 [a9e3505a-b857-4083-807b-c489e4862dfa@group-A1C7DCA6ACCF-SegmentedRaftLogWorker] WARN  segmented.SegmentedRaftLogWorker (SegmentedRaftLogWorker.java:getFromFuture(90)) - Timeout 9/~
org.apache.ratis.protocol.TimeoutIOException: Timeout 10s: WriteLog:8: (t:1, i:8), STATEMACHINELOGENTRY, client-85FCB0D44123, cid=53-writeStateMachineData
	at org.apache.ratis.util.IOUtils.getFromFuture(IOUtils.java:87)
	at org.apache.ratis.server.raftlog.segmented.SegmentedRaftLogWorker$StateMachineDataPolicy.getFromFuture(SegmentedRaftLogWorker.java:87)
	at org.apache.ratis.server.raftlog.segmented.SegmentedRaftLogWorker$WriteLog.execute(SegmentedRaftLogWorker.java:477)
	at org.apache.ratis.server.raftlog.segmented.SegmentedRaftLogWorker.run(SegmentedRaftLogWorker.java:289)
	at java.lang.Thread.run(Thread.java:748)
Caused by: java.util.concurrent.TimeoutException
	at java.util.concurrent.CompletableFuture.timedGet(CompletableFuture.java:1771)
	at java.util.concurrent.CompletableFuture.get(CompletableFuture.java:1915)
	at org.apache.ratis.util.IOUtils.getFromFuture(IOUtils.java:79)
	... 4 more
2019-09-16 21:12:50,267 [java.util.concurrent.ThreadPoolExecutor$Worker@796e945c[State = -1, empty queue]] WARN  server.GrpcLogAppender (GrpcLogAppender.java:timeoutAppendRequest(200)) - ad2d061b-bce4-4929-94ab-c6ef8113ba3f@group-A1C7DCA6ACCF->a9e3505a-b857-4083-807b-c489e4862dfa-GrpcLogAppender: appendEntries Timeout, request=ad2d061b-bce4-4929-94ab-c6ef8113ba3f->a9e3505a-b857-4083-807b-c489e4862dfa#50-t1, previous=(t:1, i:10), leaderCommit=4, initializing? false, entries: <empty>
2019-09-16 21:12:50,267 [java.util.concurrent.ThreadPoolExecutor$Worker@8186817[State = -1, empty queue]] WARN  server.GrpcLogAppender (GrpcLogAppender.java:timeoutAppendRequest(200)) - ad2d061b-bce4-4929-94ab-c6ef8113ba3f@group-A1C7DCA6ACCF->701ccf05-4c28-42f5-aa92-67be6d940b6d-GrpcLogAppender: appendEntries Timeout, request=ad2d061b-bce4-4929-94ab-c6ef8113ba3f->701ccf05-4c28-42f5-aa92-67be6d940b6d#50-t1, previous=(t:1, i:10), leaderCommit=4, initializing? false, entries: <empty>
2019-09-16 21:12:50,596 [grpc-default-executor-7] INFO  client.GrpcClientProtocolClient (GrpcClientProtocolClient.java:onNext(264)) - client-85FCB0D44123->a9e3505a-b857-4083-807b-c489e4862dfa: receive RaftClientReply:client-85FCB0D44123->a9e3505a-b857-4083-807b-c489e4862dfa@group-A1C7DCA6ACCF, cid=50, FAILED org.apache.ratis.protocol.NotLeaderException: Server a9e3505a-b857-4083-807b-c489e4862dfa@group-A1C7DCA6ACCF is not the leader ad2d061b-bce4-4929-94ab-c6ef8113ba3f:192.168.69.85:43917, logIndex=0, commits[a9e3505a-b857-4083-807b-c489e4862dfa:c4, ad2d061b-bce4-4929-94ab-c6ef8113ba3f:c4, 701ccf05-4c28-42f5-aa92-67be6d940b6d:c3]
2019-09-16 21:12:52,767 [java.util.concurrent.ThreadPoolExecutor$Worker@796e945c[State = -1, empty queue]] WARN  server.GrpcLogAppender (GrpcLogAppender.java:timeoutAppendRequest(200)) - ad2d061b-bce4-4929-94ab-c6ef8113ba3f@group-A1C7DCA6ACCF->a9e3505a-b857-4083-807b-c489e4862dfa-GrpcLogAppender: appendEntries Timeout, request=ad2d061b-bce4-4929-94ab-c6ef8113ba3f->a9e3505a-b857-4083-807b-c489e4862dfa#51-t1, previous=(t:1, i:10), leaderCommit=4, initializing? false, entries: <empty>
2019-09-16 21:12:52,767 [java.util.concurrent.ThreadPoolExecutor$Worker@8186817[State = -1, empty queue]] WARN  server.GrpcLogAppender (GrpcLogAppender.java:timeoutAppendRequest(200)) - ad2d061b-bce4-4929-94ab-c6ef8113ba3f@group-A1C7DCA6ACCF->701ccf05-4c28-42f5-aa92-67be6d940b6d-GrpcLogAppender: appendEntries Timeout, request=ad2d061b-bce4-4929-94ab-c6ef8113ba3f->701ccf05-4c28-42f5-aa92-67be6d940b6d#51-t1, previous=(t:1, i:10), leaderCommit=4, initializing? false, entries: <empty>
2019-09-16 21:12:55,268 [java.util.concurrent.ThreadPoolExecutor$Worker@796e945c[State = -1, empty queue]] WARN  server.GrpcLogAppender (GrpcLogAppender.java:timeoutAppendRequest(200)) - ad2d061b-bce4-4929-94ab-c6ef8113ba3f@group-A1C7DCA6ACCF->a9e3505a-b857-4083-807b-c489e4862dfa-GrpcLogAppender: appendEntries Timeout, request=ad2d061b-bce4-4929-94ab-c6ef8113ba3f->a9e3505a-b857-4083-807b-c489e4862dfa#52-t1, previous=(t:1, i:10), leaderCommit=4, initializing? false, entries: <empty>
2019-09-16 21:12:55,268 [java.util.concurrent.ThreadPoolExecutor$Worker@8186817[State = -1, empty queue]] WARN  server.GrpcLogAppender (GrpcLogAppender.java:timeoutAppendRequest(200)) - ad2d061b-bce4-4929-94ab-c6ef8113ba3f@group-A1C7DCA6ACCF->701ccf05-4c28-42f5-aa92-67be6d940b6d-GrpcLogAppender: appendEntries Timeout, request=ad2d061b-bce4-4929-94ab-c6ef8113ba3f->701ccf05-4c28-42f5-aa92-67be6d940b6d#52-t1, previous=(t:1, i:10), leaderCommit=4, initializing? false, entries: <empty>
2019-09-16 21:12:55,662 [grpc-default-executor-7] INFO  client.GrpcClientProtocolClient (GrpcClientProtocolClient.java:onNext(264)) - client-85FCB0D44123->a9e3505a-b857-4083-807b-c489e4862dfa: receive RaftClientReply:client-85FCB0D44123->a9e3505a-b857-4083-807b-c489e4862dfa@group-A1C7DCA6ACCF, cid=50, FAILED org.apache.ratis.protocol.NotLeaderException: Server a9e3505a-b857-4083-807b-c489e4862dfa@group-A1C7DCA6ACCF is not the leader ad2d061b-bce4-4929-94ab-c6ef8113ba3f:192.168.69.85:43917, logIndex=0, commits[a9e3505a-b857-4083-807b-c489e4862dfa:c4, ad2d061b-bce4-4929-94ab-c6ef8113ba3f:c4, 701ccf05-4c28-42f5-aa92-67be6d940b6d:c3]
2019-09-16 21:12:57,768 [java.util.concurrent.ThreadPoolExecutor$Worker@796e945c[State = -1, empty queue]] WARN  server.GrpcLogAppender (GrpcLogAppender.java:timeoutAppendRequest(200)) - ad2d061b-bce4-4929-94ab-c6ef8113ba3f@group-A1C7DCA6ACCF->a9e3505a-b857-4083-807b-c489e4862dfa-GrpcLogAppender: appendEntries Timeout, request=ad2d061b-bce4-4929-94ab-c6ef8113ba3f->a9e3505a-b857-4083-807b-c489e4862dfa#53-t1, previous=(t:1, i:10), leaderCommit=4, initializing? false, entries: <empty>
2019-09-16 21:12:57,768 [java.util.concurrent.ThreadPoolExecutor$Worker@8186817[State = -1, empty queue]] WARN  server.GrpcLogAppender (GrpcLogAppender.java:timeoutAppendRequest(200)) - ad2d061b-bce4-4929-94ab-c6ef8113ba3f@group-A1C7DCA6ACCF->701ccf05-4c28-42f5-aa92-67be6d940b6d-GrpcLogAppender: appendEntries Timeout, request=ad2d061b-bce4-4929-94ab-c6ef8113ba3f->701ccf05-4c28-42f5-aa92-67be6d940b6d#53-t1, previous=(t:1, i:10), leaderCommit=4, initializing? false, entries: <empty>
2019-09-16 21:12:59,753 [701ccf05-4c28-42f5-aa92-67be6d940b6d@group-A1C7DCA6ACCF-SegmentedRaftLogWorker] WARN  segmented.SegmentedRaftLogWorker (SegmentedRaftLogWorker.java:getFromFuture(90)) - Timeout 10/~
org.apache.ratis.protocol.TimeoutIOException: Timeout 10s: WriteLog:5: (t:1, i:5), STATEMACHINELOGENTRY, client-85FCB0D44123, cid=50-writeStateMachineData
	at org.apache.ratis.util.IOUtils.getFromFuture(IOUtils.java:87)
	at org.apache.ratis.server.raftlog.segmented.SegmentedRaftLogWorker$StateMachineDataPolicy.getFromFuture(SegmentedRaftLogWorker.java:87)
	at org.apache.ratis.server.raftlog.segmented.SegmentedRaftLogWorker$WriteLog.execute(SegmentedRaftLogWorker.java:477)
	at org.apache.ratis.server.raftlog.segmented.SegmentedRaftLogWorker.run(SegmentedRaftLogWorker.java:289)
	at java.lang.Thread.run(Thread.java:748)
Caused by: java.util.concurrent.TimeoutException
	at java.util.concurrent.CompletableFuture.timedGet(CompletableFuture.java:1771)
	at java.util.concurrent.CompletableFuture.get(CompletableFuture.java:1915)
	at org.apache.ratis.util.IOUtils.getFromFuture(IOUtils.java:79)
	... 4 more
2019-09-16 21:12:59,844 [ad2d061b-bce4-4929-94ab-c6ef8113ba3f@group-A1C7DCA6ACCF-SegmentedRaftLogWorker] WARN  segmented.SegmentedRaftLogWorker (SegmentedRaftLogWorker.java:getFromFuture(90)) - Timeout 10/~
org.apache.ratis.protocol.TimeoutIOException: Timeout 10s: WriteLog:8: (t:1, i:8), STATEMACHINELOGENTRY, client-85FCB0D44123, cid=53-writeStateMachineData
	at org.apache.ratis.util.IOUtils.getFromFuture(IOUtils.java:87)
	at org.apache.ratis.server.raftlog.segmented.SegmentedRaftLogWorker$StateMachineDataPolicy.getFromFuture(SegmentedRaftLogWorker.java:87)
	at org.apache.ratis.server.raftlog.segmented.SegmentedRaftLogWorker$WriteLog.execute(SegmentedRaftLogWorker.java:477)
	at org.apache.ratis.server.raftlog.segmented.SegmentedRaftLogWorker.run(SegmentedRaftLogWorker.java:289)
	at java.lang.Thread.run(Thread.java:748)
Caused by: java.util.concurrent.TimeoutException
	at java.util.concurrent.CompletableFuture.timedGet(CompletableFuture.java:1771)
	at java.util.concurrent.CompletableFuture.get(CompletableFuture.java:1915)
	at org.apache.ratis.util.IOUtils.getFromFuture(IOUtils.java:79)
	... 4 more
2019-09-16 21:12:59,845 [a9e3505a-b857-4083-807b-c489e4862dfa@group-A1C7DCA6ACCF-SegmentedRaftLogWorker] WARN  segmented.SegmentedRaftLogWorker (SegmentedRaftLogWorker.java:getFromFuture(90)) - Timeout 10/~
org.apache.ratis.protocol.TimeoutIOException: Timeout 10s: WriteLog:8: (t:1, i:8), STATEMACHINELOGENTRY, client-85FCB0D44123, cid=53-writeStateMachineData
	at org.apache.ratis.util.IOUtils.getFromFuture(IOUtils.java:87)
	at org.apache.ratis.server.raftlog.segmented.SegmentedRaftLogWorker$StateMachineDataPolicy.getFromFuture(SegmentedRaftLogWorker.java:87)
	at org.apache.ratis.server.raftlog.segmented.SegmentedRaftLogWorker$WriteLog.execute(SegmentedRaftLogWorker.java:477)
	at org.apache.ratis.server.raftlog.segmented.SegmentedRaftLogWorker.run(SegmentedRaftLogWorker.java:289)
	at java.lang.Thread.run(Thread.java:748)
Caused by: java.util.concurrent.TimeoutException
	at java.util.concurrent.CompletableFuture.timedGet(CompletableFuture.java:1771)
	at java.util.concurrent.CompletableFuture.get(CompletableFuture.java:1915)
	at org.apache.ratis.util.IOUtils.getFromFuture(IOUtils.java:79)
	... 4 more
2019-09-16 21:13:00,269 [java.util.concurrent.ThreadPoolExecutor$Worker@8186817[State = -1, empty queue]] WARN  server.GrpcLogAppender (GrpcLogAppender.java:timeoutAppendRequest(200)) - ad2d061b-bce4-4929-94ab-c6ef8113ba3f@group-A1C7DCA6ACCF->701ccf05-4c28-42f5-aa92-67be6d940b6d-GrpcLogAppender: appendEntries Timeout, request=ad2d061b-bce4-4929-94ab-c6ef8113ba3f->701ccf05-4c28-42f5-aa92-67be6d940b6d#54-t1, previous=(t:1, i:10), leaderCommit=4, initializing? false, entries: <empty>
2019-09-16 21:13:00,269 [java.util.concurrent.ThreadPoolExecutor$Worker@796e945c[State = -1, empty queue]] WARN  server.GrpcLogAppender (GrpcLogAppender.java:timeoutAppendRequest(200)) - ad2d061b-bce4-4929-94ab-c6ef8113ba3f@group-A1C7DCA6ACCF->a9e3505a-b857-4083-807b-c489e4862dfa-GrpcLogAppender: appendEntries Timeout, request=ad2d061b-bce4-4929-94ab-c6ef8113ba3f->a9e3505a-b857-4083-807b-c489e4862dfa#54-t1, previous=(t:1, i:10), leaderCommit=4, initializing? false, entries: <empty>
2019-09-16 21:13:00,694 [grpc-default-executor-7] INFO  client.GrpcClientProtocolClient (GrpcClientProtocolClient.java:onNext(264)) - client-85FCB0D44123->701ccf05-4c28-42f5-aa92-67be6d940b6d: receive RaftClientReply:client-85FCB0D44123->701ccf05-4c28-42f5-aa92-67be6d940b6d@group-A1C7DCA6ACCF, cid=50, FAILED org.apache.ratis.protocol.NotLeaderException: Server 701ccf05-4c28-42f5-aa92-67be6d940b6d@group-A1C7DCA6ACCF is not the leader ad2d061b-bce4-4929-94ab-c6ef8113ba3f:192.168.69.85:43917, logIndex=0, commits[701ccf05-4c28-42f5-aa92-67be6d940b6d:c4, ad2d061b-bce4-4929-94ab-c6ef8113ba3f:c4, a9e3505a-b857-4083-807b-c489e4862dfa:c3]
2019-09-16 21:13:02,769 [java.util.concurrent.ThreadPoolExecutor$Worker@796e945c[State = -1, empty queue]] WARN  server.GrpcLogAppender (GrpcLogAppender.java:timeoutAppendRequest(200)) - ad2d061b-bce4-4929-94ab-c6ef8113ba3f@group-A1C7DCA6ACCF->a9e3505a-b857-4083-807b-c489e4862dfa-GrpcLogAppender: appendEntries Timeout, request=ad2d061b-bce4-4929-94ab-c6ef8113ba3f->a9e3505a-b857-4083-807b-c489e4862dfa#55-t1, previous=(t:1, i:10), leaderCommit=4, initializing? false, entries: <empty>
2019-09-16 21:13:02,769 [java.util.concurrent.ThreadPoolExecutor$Worker@8186817[State = -1, empty queue]] WARN  server.GrpcLogAppender (GrpcLogAppender.java:timeoutAppendRequest(200)) - ad2d061b-bce4-4929-94ab-c6ef8113ba3f@group-A1C7DCA6ACCF->701ccf05-4c28-42f5-aa92-67be6d940b6d-GrpcLogAppender: appendEntries Timeout, request=ad2d061b-bce4-4929-94ab-c6ef8113ba3f->701ccf05-4c28-42f5-aa92-67be6d940b6d#55-t1, previous=(t:1, i:10), leaderCommit=4, initializing? false, entries: <empty>
2019-09-16 21:13:05,270 [java.util.concurrent.ThreadPoolExecutor$Worker@8186817[State = -1, empty queue]] WARN  server.GrpcLogAppender (GrpcLogAppender.java:timeoutAppendRequest(200)) - ad2d061b-bce4-4929-94ab-c6ef8113ba3f@group-A1C7DCA6ACCF->701ccf05-4c28-42f5-aa92-67be6d940b6d-GrpcLogAppender: appendEntries Timeout, request=ad2d061b-bce4-4929-94ab-c6ef8113ba3f->701ccf05-4c28-42f5-aa92-67be6d940b6d#56-t1, previous=(t:1, i:10), leaderCommit=4, initializing? false, entries: <empty>
2019-09-16 21:13:05,270 [java.util.concurrent.ThreadPoolExecutor$Worker@796e945c[State = -1, empty queue]] WARN  server.GrpcLogAppender (GrpcLogAppender.java:timeoutAppendRequest(200)) - ad2d061b-bce4-4929-94ab-c6ef8113ba3f@group-A1C7DCA6ACCF->a9e3505a-b857-4083-807b-c489e4862dfa-GrpcLogAppender: appendEntries Timeout, request=ad2d061b-bce4-4929-94ab-c6ef8113ba3f->a9e3505a-b857-4083-807b-c489e4862dfa#56-t1, previous=(t:1, i:10), leaderCommit=4, initializing? false, entries: <empty>
2019-09-16 21:13:05,731 [grpc-default-executor-7] INFO  client.GrpcClientProtocolClient (GrpcClientProtocolClient.java:onNext(264)) - client-85FCB0D44123->701ccf05-4c28-42f5-aa92-67be6d940b6d: receive RaftClientReply:client-85FCB0D44123->701ccf05-4c28-42f5-aa92-67be6d940b6d@group-A1C7DCA6ACCF, cid=50, FAILED org.apache.ratis.protocol.NotLeaderException: Server 701ccf05-4c28-42f5-aa92-67be6d940b6d@group-A1C7DCA6ACCF is not the leader ad2d061b-bce4-4929-94ab-c6ef8113ba3f:192.168.69.85:43917, logIndex=0, commits[701ccf05-4c28-42f5-aa92-67be6d940b6d:c4, ad2d061b-bce4-4929-94ab-c6ef8113ba3f:c4, a9e3505a-b857-4083-807b-c489e4862dfa:c3]
2019-09-16 21:13:07,770 [java.util.concurrent.ThreadPoolExecutor$Worker@8186817[State = -1, empty queue]] WARN  server.GrpcLogAppender (GrpcLogAppender.java:timeoutAppendRequest(200)) - ad2d061b-bce4-4929-94ab-c6ef8113ba3f@group-A1C7DCA6ACCF->701ccf05-4c28-42f5-aa92-67be6d940b6d-GrpcLogAppender: appendEntries Timeout, request=ad2d061b-bce4-4929-94ab-c6ef8113ba3f->701ccf05-4c28-42f5-aa92-67be6d940b6d#57-t1, previous=(t:1, i:10), leaderCommit=4, initializing? false, entries: <empty>
2019-09-16 21:13:07,770 [java.util.concurrent.ThreadPoolExecutor$Worker@796e945c[State = -1, empty queue]] WARN  server.GrpcLogAppender (GrpcLogAppender.java:timeoutAppendRequest(200)) - ad2d061b-bce4-4929-94ab-c6ef8113ba3f@group-A1C7DCA6ACCF->a9e3505a-b857-4083-807b-c489e4862dfa-GrpcLogAppender: appendEntries Timeout, request=ad2d061b-bce4-4929-94ab-c6ef8113ba3f->a9e3505a-b857-4083-807b-c489e4862dfa#57-t1, previous=(t:1, i:10), leaderCommit=4, initializing? false, entries: <empty>
2019-09-16 21:13:09,754 [701ccf05-4c28-42f5-aa92-67be6d940b6d@group-A1C7DCA6ACCF-SegmentedRaftLogWorker] WARN  segmented.SegmentedRaftLogWorker (SegmentedRaftLogWorker.java:getFromFuture(90)) - Timeout 11/~
org.apache.ratis.protocol.TimeoutIOException: Timeout 10s: WriteLog:5: (t:1, i:5), STATEMACHINELOGENTRY, client-85FCB0D44123, cid=50-writeStateMachineData
	at org.apache.ratis.util.IOUtils.getFromFuture(IOUtils.java:87)
	at org.apache.ratis.server.raftlog.segmented.SegmentedRaftLogWorker$StateMachineDataPolicy.getFromFuture(SegmentedRaftLogWorker.java:87)
	at org.apache.ratis.server.raftlog.segmented.SegmentedRaftLogWorker$WriteLog.execute(SegmentedRaftLogWorker.java:477)
	at org.apache.ratis.server.raftlog.segmented.SegmentedRaftLogWorker.run(SegmentedRaftLogWorker.java:289)
	at java.lang.Thread.run(Thread.java:748)
Caused by: java.util.concurrent.TimeoutException
	at java.util.concurrent.CompletableFuture.timedGet(CompletableFuture.java:1771)
	at java.util.concurrent.CompletableFuture.get(CompletableFuture.java:1915)
	at org.apache.ratis.util.IOUtils.getFromFuture(IOUtils.java:79)
	... 4 more
2019-09-16 21:13:09,771 [org.apache.ratis.server.impl.LogAppender$AppenderDaemon$$Lambda$505/1255135911@3fea3e93] ERROR ratis.XceiverServerRatis (XceiverServerRatis.java:triggerPipelineClose(568)) - pipeline Action CLOSE  on pipeline PipelineID=ff96675e-0796-4ad9-b7a7-a1c7dca6accf.Reason : ad2d061b-bce4-4929-94ab-c6ef8113ba3f has not seen follower/s 701ccf05-4c28-42f5-aa92-67be6d940b6d for 120175ms a9e3505a-b857-4083-807b-c489e4862dfa for 120175ms
2019-09-16 21:13:09,771 [org.apache.ratis.server.impl.LogAppender$AppenderDaemon$$Lambda$505/1255135911@492a8bb0] ERROR ratis.XceiverServerRatis (XceiverServerRatis.java:triggerPipelineClose(568)) - pipeline Action CLOSE  on pipeline PipelineID=ff96675e-0796-4ad9-b7a7-a1c7dca6accf.Reason : ad2d061b-bce4-4929-94ab-c6ef8113ba3f has not seen follower/s 701ccf05-4c28-42f5-aa92-67be6d940b6d for 120175ms a9e3505a-b857-4083-807b-c489e4862dfa for 120175ms
2019-09-16 21:13:09,845 [ad2d061b-bce4-4929-94ab-c6ef8113ba3f@group-A1C7DCA6ACCF-SegmentedRaftLogWorker] WARN  segmented.SegmentedRaftLogWorker (SegmentedRaftLogWorker.java:getFromFuture(90)) - Timeout 11/~
org.apache.ratis.protocol.TimeoutIOException: Timeout 10s: WriteLog:8: (t:1, i:8), STATEMACHINELOGENTRY, client-85FCB0D44123, cid=53-writeStateMachineData
	at org.apache.ratis.util.IOUtils.getFromFuture(IOUtils.java:87)
	at org.apache.ratis.server.raftlog.segmented.SegmentedRaftLogWorker$StateMachineDataPolicy.getFromFuture(SegmentedRaftLogWorker.java:87)
	at org.apache.ratis.server.raftlog.segmented.SegmentedRaftLogWorker$WriteLog.execute(SegmentedRaftLogWorker.java:477)
	at org.apache.ratis.server.raftlog.segmented.SegmentedRaftLogWorker.run(SegmentedRaftLogWorker.java:289)
	at java.lang.Thread.run(Thread.java:748)
Caused by: java.util.concurrent.TimeoutException
	at java.util.concurrent.CompletableFuture.timedGet(CompletableFuture.java:1771)
	at java.util.concurrent.CompletableFuture.get(CompletableFuture.java:1915)
	at org.apache.ratis.util.IOUtils.getFromFuture(IOUtils.java:79)
	... 4 more
2019-09-16 21:13:09,845 [a9e3505a-b857-4083-807b-c489e4862dfa@group-A1C7DCA6ACCF-SegmentedRaftLogWorker] WARN  segmented.SegmentedRaftLogWorker (SegmentedRaftLogWorker.java:getFromFuture(90)) - Timeout 11/~
org.apache.ratis.protocol.TimeoutIOException: Timeout 10s: WriteLog:8: (t:1, i:8), STATEMACHINELOGENTRY, client-85FCB0D44123, cid=53-writeStateMachineData
	at org.apache.ratis.util.IOUtils.getFromFuture(IOUtils.java:87)
	at org.apache.ratis.server.raftlog.segmented.SegmentedRaftLogWorker$StateMachineDataPolicy.getFromFuture(SegmentedRaftLogWorker.java:87)
	at org.apache.ratis.server.raftlog.segmented.SegmentedRaftLogWorker$WriteLog.execute(SegmentedRaftLogWorker.java:477)
	at org.apache.ratis.server.raftlog.segmented.SegmentedRaftLogWorker.run(SegmentedRaftLogWorker.java:289)
	at java.lang.Thread.run(Thread.java:748)
Caused by: java.util.concurrent.TimeoutException
	at java.util.concurrent.CompletableFuture.timedGet(CompletableFuture.java:1771)
	at java.util.concurrent.CompletableFuture.get(CompletableFuture.java:1915)
	at org.apache.ratis.util.IOUtils.getFromFuture(IOUtils.java:79)
	... 4 more
2019-09-16 21:13:09,869 [EventQueue-PipelineActionsForPipelineActionHandler] ERROR pipeline.PipelineActionHandler (PipelineActionHandler.java:onMessage(60)) - Received pipeline action CLOSE for Pipeline[ Id: ff96675e-0796-4ad9-b7a7-a1c7dca6accf, Nodes: 701ccf05-4c28-42f5-aa92-67be6d940b6d{ip: 192.168.69.85, host: pr-hdds-1054-8d95c-1017424488, networkLocation: /default-rack, certSerialId: null}ad2d061b-bce4-4929-94ab-c6ef8113ba3f{ip: 192.168.69.85, host: pr-hdds-1054-8d95c-1017424488, networkLocation: /default-rack, certSerialId: null}a9e3505a-b857-4083-807b-c489e4862dfa{ip: 192.168.69.85, host: pr-hdds-1054-8d95c-1017424488, networkLocation: /default-rack, certSerialId: null}, Type:RATIS, Factor:THREE, State:OPEN] from datanode ad2d061b-bce4-4929-94ab-c6ef8113ba3f{ip: 192.168.69.85, host: pr-hdds-1054-8d95c-1017424488, networkLocation: /default-rack, certSerialId: null}. Reason : ad2d061b-bce4-4929-94ab-c6ef8113ba3f has not seen follower/s 701ccf05-4c28-42f5-aa92-67be6d940b6d for 120175ms a9e3505a-b857-4083-807b-c489e4862dfa for 120175ms
2019-09-16 21:13:09,869 [EventQueue-PipelineActionsForPipelineActionHandler] INFO  pipeline.SCMPipelineManager (SCMPipelineManager.java:finalizeAndDestroyPipeline(311)) - destroying pipeline:Pipeline[ Id: ff96675e-0796-4ad9-b7a7-a1c7dca6accf, Nodes: 701ccf05-4c28-42f5-aa92-67be6d940b6d{ip: 192.168.69.85, host: pr-hdds-1054-8d95c-1017424488, networkLocation: /default-rack, certSerialId: null}ad2d061b-bce4-4929-94ab-c6ef8113ba3f{ip: 192.168.69.85, host: pr-hdds-1054-8d95c-1017424488, networkLocation: /default-rack, certSerialId: null}a9e3505a-b857-4083-807b-c489e4862dfa{ip: 192.168.69.85, host: pr-hdds-1054-8d95c-1017424488, networkLocation: /default-rack, certSerialId: null}, Type:RATIS, Factor:THREE, State:OPEN]
2019-09-16 21:13:09,870 [EventQueue-PipelineActionsForPipelineActionHandler] INFO  pipeline.PipelineStateManager (PipelineStateManager.java:finalizePipeline(123)) - Pipeline Pipeline[ Id: ff96675e-0796-4ad9-b7a7-a1c7dca6accf, Nodes: 701ccf05-4c28-42f5-aa92-67be6d940b6d{ip: 192.168.69.85, host: pr-hdds-1054-8d95c-1017424488, networkLocation: /default-rack, certSerialId: null}ad2d061b-bce4-4929-94ab-c6ef8113ba3f{ip: 192.168.69.85, host: pr-hdds-1054-8d95c-1017424488, networkLocation: /default-rack, certSerialId: null}a9e3505a-b857-4083-807b-c489e4862dfa{ip: 192.168.69.85, host: pr-hdds-1054-8d95c-1017424488, networkLocation: /default-rack, certSerialId: null}, Type:RATIS, Factor:THREE, State:CLOSED] moved to CLOSED state
2019-09-16 21:13:09,870 [EventQueue-CloseContainerForCloseContainerEventHandler] INFO  container.CloseContainerEventHandler (CloseContainerEventHandler.java:onMessage(61)) - Close container Event triggered for container : #6
2019-09-16 21:13:09,872 [EventQueue-CloseContainerForCloseContainerEventHandler] INFO  container.CloseContainerEventHandler (CloseContainerEventHandler.java:onMessage(61)) - Close container Event triggered for container : #7
2019-09-16 21:13:10,270 [java.util.concurrent.ThreadPoolExecutor$Worker@8186817[State = -1, empty queue]] WARN  server.GrpcLogAppender (GrpcLogAppender.java:timeoutAppendRequest(200)) - ad2d061b-bce4-4929-94ab-c6ef8113ba3f@group-A1C7DCA6ACCF->701ccf05-4c28-42f5-aa92-67be6d940b6d-GrpcLogAppender: appendEntries Timeout, request=ad2d061b-bce4-4929-94ab-c6ef8113ba3f->701ccf05-4c28-42f5-aa92-67be6d940b6d#58-t1, previous=(t:1, i:10), leaderCommit=4, initializing? false, entries: <empty>
2019-09-16 21:13:10,270 [java.util.concurrent.ThreadPoolExecutor$Worker@796e945c[State = -1, empty queue]] WARN  server.GrpcLogAppender (GrpcLogAppender.java:timeoutAppendRequest(200)) - ad2d061b-bce4-4929-94ab-c6ef8113ba3f@group-A1C7DCA6ACCF->a9e3505a-b857-4083-807b-c489e4862dfa-GrpcLogAppender: appendEntries Timeout, request=ad2d061b-bce4-4929-94ab-c6ef8113ba3f->a9e3505a-b857-4083-807b-c489e4862dfa#58-t1, previous=(t:1, i:10), leaderCommit=4, initializing? false, entries: <empty>
2019-09-16 21:13:10,762 [grpc-default-executor-2] INFO  client.GrpcClientProtocolClient (GrpcClientProtocolClient.java:onNext(264)) - client-85FCB0D44123->701ccf05-4c28-42f5-aa92-67be6d940b6d: receive RaftClientReply:client-85FCB0D44123->701ccf05-4c28-42f5-aa92-67be6d940b6d@group-A1C7DCA6ACCF, cid=50, FAILED org.apache.ratis.protocol.NotLeaderException: Server 701ccf05-4c28-42f5-aa92-67be6d940b6d@group-A1C7DCA6ACCF is not the leader ad2d061b-bce4-4929-94ab-c6ef8113ba3f:192.168.69.85:43917, logIndex=0, commits[701ccf05-4c28-42f5-aa92-67be6d940b6d:c4, ad2d061b-bce4-4929-94ab-c6ef8113ba3f:c4, a9e3505a-b857-4083-807b-c489e4862dfa:c3]
2019-09-16 21:13:12,272 [org.apache.ratis.server.impl.LogAppender$AppenderDaemon$$Lambda$505/1255135911@3fea3e93] ERROR ratis.XceiverServerRatis (XceiverServerRatis.java:triggerPipelineClose(568)) - pipeline Action CLOSE  on pipeline PipelineID=ff96675e-0796-4ad9-b7a7-a1c7dca6accf.Reason : ad2d061b-bce4-4929-94ab-c6ef8113ba3f has not seen follower/s 701ccf05-4c28-42f5-aa92-67be6d940b6d for 122676ms a9e3505a-b857-4083-807b-c489e4862dfa for 122676ms
2019-09-16 21:13:12,272 [org.apache.ratis.server.impl.LogAppender$AppenderDaemon$$Lambda$505/1255135911@492a8bb0] ERROR ratis.XceiverServerRatis (XceiverServerRatis.java:triggerPipelineClose(568)) - pipeline Action CLOSE  on pipeline PipelineID=ff96675e-0796-4ad9-b7a7-a1c7dca6accf.Reason : ad2d061b-bce4-4929-94ab-c6ef8113ba3f has not seen follower/s 701ccf05-4c28-42f5-aa92-67be6d940b6d for 122676ms a9e3505a-b857-4083-807b-c489e4862dfa for 122676ms
2019-09-16 21:13:12,771 [java.util.concurrent.ThreadPoolExecutor$Worker@796e945c[State = -1, empty queue]] WARN  server.GrpcLogAppender (GrpcLogAppender.java:timeoutAppendRequest(200)) - ad2d061b-bce4-4929-94ab-c6ef8113ba3f@group-A1C7DCA6ACCF->a9e3505a-b857-4083-807b-c489e4862dfa-GrpcLogAppender: appendEntries Timeout, request=ad2d061b-bce4-4929-94ab-c6ef8113ba3f->a9e3505a-b857-4083-807b-c489e4862dfa#59-t1, previous=(t:1, i:10), leaderCommit=4, initializing? false, entries: <empty>
2019-09-16 21:13:12,771 [java.util.concurrent.ThreadPoolExecutor$Worker@8186817[State = -1, empty queue]] WARN  server.GrpcLogAppender (GrpcLogAppender.java:timeoutAppendRequest(200)) - ad2d061b-bce4-4929-94ab-c6ef8113ba3f@group-A1C7DCA6ACCF->701ccf05-4c28-42f5-aa92-67be6d940b6d-GrpcLogAppender: appendEntries Timeout, request=ad2d061b-bce4-4929-94ab-c6ef8113ba3f->701ccf05-4c28-42f5-aa92-67be6d940b6d#59-t1, previous=(t:1, i:10), leaderCommit=4, initializing? false, entries: <empty>
2019-09-16 21:13:12,870 [EventQueue-PipelineActionsForPipelineActionHandler] ERROR pipeline.PipelineActionHandler (PipelineActionHandler.java:onMessage(60)) - Received pipeline action CLOSE for Pipeline[ Id: ff96675e-0796-4ad9-b7a7-a1c7dca6accf, Nodes: 701ccf05-4c28-42f5-aa92-67be6d940b6d{ip: 192.168.69.85, host: pr-hdds-1054-8d95c-1017424488, networkLocation: /default-rack, certSerialId: null}ad2d061b-bce4-4929-94ab-c6ef8113ba3f{ip: 192.168.69.85, host: pr-hdds-1054-8d95c-1017424488, networkLocation: /default-rack, certSerialId: null}a9e3505a-b857-4083-807b-c489e4862dfa{ip: 192.168.69.85, host: pr-hdds-1054-8d95c-1017424488, networkLocation: /default-rack, certSerialId: null}, Type:RATIS, Factor:THREE, State:CLOSED] from datanode ad2d061b-bce4-4929-94ab-c6ef8113ba3f{ip: 192.168.69.85, host: pr-hdds-1054-8d95c-1017424488, networkLocation: /default-rack, certSerialId: null}. Reason : ad2d061b-bce4-4929-94ab-c6ef8113ba3f has not seen follower/s 701ccf05-4c28-42f5-aa92-67be6d940b6d for 122676ms a9e3505a-b857-4083-807b-c489e4862dfa for 122676ms
2019-09-16 21:13:12,870 [EventQueue-PipelineActionsForPipelineActionHandler] INFO  pipeline.SCMPipelineManager (SCMPipelineManager.java:finalizeAndDestroyPipeline(311)) - destroying pipeline:Pipeline[ Id: ff96675e-0796-4ad9-b7a7-a1c7dca6accf, Nodes: 701ccf05-4c28-42f5-aa92-67be6d940b6d{ip: 192.168.69.85, host: pr-hdds-1054-8d95c-1017424488, networkLocation: /default-rack, certSerialId: null}ad2d061b-bce4-4929-94ab-c6ef8113ba3f{ip: 192.168.69.85, host: pr-hdds-1054-8d95c-1017424488, networkLocation: /default-rack, certSerialId: null}a9e3505a-b857-4083-807b-c489e4862dfa{ip: 192.168.69.85, host: pr-hdds-1054-8d95c-1017424488, networkLocation: /default-rack, certSerialId: null}, Type:RATIS, Factor:THREE, State:CLOSED]
2019-09-16 21:13:14,774 [org.apache.ratis.server.impl.LogAppender$AppenderDaemon$$Lambda$505/1255135911@492a8bb0] ERROR ratis.XceiverServerRatis (XceiverServerRatis.java:triggerPipelineClose(568)) - pipeline Action CLOSE  on pipeline PipelineID=ff96675e-0796-4ad9-b7a7-a1c7dca6accf.Reason : ad2d061b-bce4-4929-94ab-c6ef8113ba3f has not seen follower/s 701ccf05-4c28-42f5-aa92-67be6d940b6d for 125177ms a9e3505a-b857-4083-807b-c489e4862dfa for 125177ms
2019-09-16 21:13:14,774 [org.apache.ratis.server.impl.LogAppender$AppenderDaemon$$Lambda$505/1255135911@3fea3e93] ERROR ratis.XceiverServerRatis (XceiverServerRatis.java:triggerPipelineClose(568)) - pipeline Action CLOSE  on pipeline PipelineID=ff96675e-0796-4ad9-b7a7-a1c7dca6accf.Reason : ad2d061b-bce4-4929-94ab-c6ef8113ba3f has not seen follower/s 701ccf05-4c28-42f5-aa92-67be6d940b6d for 125177ms a9e3505a-b857-4083-807b-c489e4862dfa for 125177ms
2019-09-16 21:13:14,870 [EventQueue-PipelineActionsForPipelineActionHandler] ERROR pipeline.PipelineActionHandler (PipelineActionHandler.java:onMessage(60)) - Received pipeline action CLOSE for Pipeline[ Id: ff96675e-0796-4ad9-b7a7-a1c7dca6accf, Nodes: 701ccf05-4c28-42f5-aa92-67be6d940b6d{ip: 192.168.69.85, host: pr-hdds-1054-8d95c-1017424488, networkLocation: /default-rack, certSerialId: null}ad2d061b-bce4-4929-94ab-c6ef8113ba3f{ip: 192.168.69.85, host: pr-hdds-1054-8d95c-1017424488, networkLocation: /default-rack, certSerialId: null}a9e3505a-b857-4083-807b-c489e4862dfa{ip: 192.168.69.85, host: pr-hdds-1054-8d95c-1017424488, networkLocation: /default-rack, certSerialId: null}, Type:RATIS, Factor:THREE, State:CLOSED] from datanode ad2d061b-bce4-4929-94ab-c6ef8113ba3f{ip: 192.168.69.85, host: pr-hdds-1054-8d95c-1017424488, networkLocation: /default-rack, certSerialId: null}. Reason : ad2d061b-bce4-4929-94ab-c6ef8113ba3f has not seen follower/s 701ccf05-4c28-42f5-aa92-67be6d940b6d for 125177ms a9e3505a-b857-4083-807b-c489e4862dfa for 125177ms
2019-09-16 21:13:14,870 [EventQueue-PipelineActionsForPipelineActionHandler] INFO  pipeline.SCMPipelineManager (SCMPipelineManager.java:finalizeAndDestroyPipeline(311)) - destroying pipeline:Pipeline[ Id: ff96675e-0796-4ad9-b7a7-a1c7dca6accf, Nodes: 701ccf05-4c28-42f5-aa92-67be6d940b6d{ip: 192.168.69.85, host: pr-hdds-1054-8d95c-1017424488, networkLocation: /default-rack, certSerialId: null}ad2d061b-bce4-4929-94ab-c6ef8113ba3f{ip: 192.168.69.85, host: pr-hdds-1054-8d95c-1017424488, networkLocation: /default-rack, certSerialId: null}a9e3505a-b857-4083-807b-c489e4862dfa{ip: 192.168.69.85, host: pr-hdds-1054-8d95c-1017424488, networkLocation: /default-rack, certSerialId: null}, Type:RATIS, Factor:THREE, State:CLOSED]
2019-09-16 21:13:14,887 [org.apache.ratis.server.impl.LogAppender$AppenderDaemon$$Lambda$505/1255135911@3fea3e93] ERROR ratis.XceiverServerRatis (XceiverServerRatis.java:triggerPipelineClose(568)) - pipeline Action CLOSE  on pipeline PipelineID=ff96675e-0796-4ad9-b7a7-a1c7dca6accf.Reason : ad2d061b-bce4-4929-94ab-c6ef8113ba3f has not seen follower/s 701ccf05-4c28-42f5-aa92-67be6d940b6d for 125291ms a9e3505a-b857-4083-807b-c489e4862dfa for 125291ms
2019-09-16 21:13:14,887 [org.apache.ratis.server.impl.LogAppender$AppenderDaemon$$Lambda$505/1255135911@492a8bb0] ERROR ratis.XceiverServerRatis (XceiverServerRatis.java:triggerPipelineClose(568)) - pipeline Action CLOSE  on pipeline PipelineID=ff96675e-0796-4ad9-b7a7-a1c7dca6accf.Reason : ad2d061b-bce4-4929-94ab-c6ef8113ba3f has not seen follower/s 701ccf05-4c28-42f5-aa92-67be6d940b6d for 125291ms a9e3505a-b857-4083-807b-c489e4862dfa for 125291ms
2019-09-16 21:13:15,272 [java.util.concurrent.ThreadPoolExecutor$Worker@796e945c[State = -1, empty queue]] WARN  server.GrpcLogAppender (GrpcLogAppender.java:timeoutAppendRequest(200)) - ad2d061b-bce4-4929-94ab-c6ef8113ba3f@group-A1C7DCA6ACCF->a9e3505a-b857-4083-807b-c489e4862dfa-GrpcLogAppender: appendEntries Timeout, request=ad2d061b-bce4-4929-94ab-c6ef8113ba3f->a9e3505a-b857-4083-807b-c489e4862dfa#60-t1, previous=(t:1, i:10), leaderCommit=4, initializing? false, entries: <empty>
2019-09-16 21:13:15,272 [java.util.concurrent.ThreadPoolExecutor$Worker@8186817[State = -1, empty queue]] WARN  server.GrpcLogAppender (GrpcLogAppender.java:timeoutAppendRequest(200)) - ad2d061b-bce4-4929-94ab-c6ef8113ba3f@group-A1C7DCA6ACCF->701ccf05-4c28-42f5-aa92-67be6d940b6d-GrpcLogAppender: appendEntries Timeout, request=ad2d061b-bce4-4929-94ab-c6ef8113ba3f->701ccf05-4c28-42f5-aa92-67be6d940b6d#60-t1, previous=(t:1, i:10), leaderCommit=4, initializing? false, entries: <empty>
2019-09-16 21:13:15,807 [grpc-default-executor-2] INFO  client.GrpcClientProtocolClient (GrpcClientProtocolClient.java:onNext(264)) - client-85FCB0D44123->a9e3505a-b857-4083-807b-c489e4862dfa: receive RaftClientReply:client-85FCB0D44123->a9e3505a-b857-4083-807b-c489e4862dfa@group-A1C7DCA6ACCF, cid=50, FAILED org.apache.ratis.protocol.NotLeaderException: Server a9e3505a-b857-4083-807b-c489e4862dfa@group-A1C7DCA6ACCF is not the leader ad2d061b-bce4-4929-94ab-c6ef8113ba3f:192.168.69.85:43917, logIndex=0, commits[a9e3505a-b857-4083-807b-c489e4862dfa:c4, ad2d061b-bce4-4929-94ab-c6ef8113ba3f:c4, 701ccf05-4c28-42f5-aa92-67be6d940b6d:c3]
2019-09-16 21:13:15,885 [EventQueue-PipelineActionsForPipelineActionHandler] ERROR pipeline.PipelineActionHandler (PipelineActionHandler.java:onMessage(60)) - Received pipeline action CLOSE for Pipeline[ Id: ff96675e-0796-4ad9-b7a7-a1c7dca6accf, Nodes: 701ccf05-4c28-42f5-aa92-67be6d940b6d{ip: 192.168.69.85, host: pr-hdds-1054-8d95c-1017424488, networkLocation: /default-rack, certSerialId: null}ad2d061b-bce4-4929-94ab-c6ef8113ba3f{ip: 192.168.69.85, host: pr-hdds-1054-8d95c-1017424488, networkLocation: /default-rack, certSerialId: null}a9e3505a-b857-4083-807b-c489e4862dfa{ip: 192.168.69.85, host: pr-hdds-1054-8d95c-1017424488, networkLocation: /default-rack, certSerialId: null}, Type:RATIS, Factor:THREE, State:CLOSED] from datanode ad2d061b-bce4-4929-94ab-c6ef8113ba3f{ip: 192.168.69.85, host: pr-hdds-1054-8d95c-1017424488, networkLocation: /default-rack, certSerialId: null}. Reason : ad2d061b-bce4-4929-94ab-c6ef8113ba3f has not seen follower/s 701ccf05-4c28-42f5-aa92-67be6d940b6d for 125291ms a9e3505a-b857-4083-807b-c489e4862dfa for 125291ms
2019-09-16 21:13:15,885 [EventQueue-PipelineActionsForPipelineActionHandler] INFO  pipeline.SCMPipelineManager (SCMPipelineManager.java:finalizeAndDestroyPipeline(311)) - destroying pipeline:Pipeline[ Id: ff96675e-0796-4ad9-b7a7-a1c7dca6accf, Nodes: 701ccf05-4c28-42f5-aa92-67be6d940b6d{ip: 192.168.69.85, host: pr-hdds-1054-8d95c-1017424488, networkLocation: /default-rack, certSerialId: null}ad2d061b-bce4-4929-94ab-c6ef8113ba3f{ip: 192.168.69.85, host: pr-hdds-1054-8d95c-1017424488, networkLocation: /default-rack, certSerialId: null}a9e3505a-b857-4083-807b-c489e4862dfa{ip: 192.168.69.85, host: pr-hdds-1054-8d95c-1017424488, networkLocation: /default-rack, certSerialId: null}, Type:RATIS, Factor:THREE, State:CLOSED]
2019-09-16 21:13:17,388 [org.apache.ratis.server.impl.LogAppender$AppenderDaemon$$Lambda$505/1255135911@492a8bb0] ERROR ratis.XceiverServerRatis (XceiverServerRatis.java:triggerPipelineClose(568)) - pipeline Action CLOSE  on pipeline PipelineID=ff96675e-0796-4ad9-b7a7-a1c7dca6accf.Reason : ad2d061b-bce4-4929-94ab-c6ef8113ba3f has not seen follower/s 701ccf05-4c28-42f5-aa92-67be6d940b6d for 127792ms a9e3505a-b857-4083-807b-c489e4862dfa for 127792ms
2019-09-16 21:13:17,388 [org.apache.ratis.server.impl.LogAppender$AppenderDaemon$$Lambda$505/1255135911@3fea3e93] ERROR ratis.XceiverServerRatis (XceiverServerRatis.java:triggerPipelineClose(568)) - pipeline Action CLOSE  on pipeline PipelineID=ff96675e-0796-4ad9-b7a7-a1c7dca6accf.Reason : ad2d061b-bce4-4929-94ab-c6ef8113ba3f has not seen follower/s 701ccf05-4c28-42f5-aa92-67be6d940b6d for 127792ms a9e3505a-b857-4083-807b-c489e4862dfa for 127792ms
2019-09-16 21:13:17,773 [java.util.concurrent.ThreadPoolExecutor$Worker@8186817[State = -1, empty queue]] WARN  server.GrpcLogAppender (GrpcLogAppender.java:timeoutAppendRequest(200)) - ad2d061b-bce4-4929-94ab-c6ef8113ba3f@group-A1C7DCA6ACCF->701ccf05-4c28-42f5-aa92-67be6d940b6d-GrpcLogAppender: appendEntries Timeout, request=ad2d061b-bce4-4929-94ab-c6ef8113ba3f->701ccf05-4c28-42f5-aa92-67be6d940b6d#61-t1, previous=(t:1, i:10), leaderCommit=4, initializing? false, entries: <empty>
2019-09-16 21:13:17,773 [java.util.concurrent.ThreadPoolExecutor$Worker@796e945c[State = -1, empty queue]] WARN  server.GrpcLogAppender (GrpcLogAppender.java:timeoutAppendRequest(200)) - ad2d061b-bce4-4929-94ab-c6ef8113ba3f@group-A1C7DCA6ACCF->a9e3505a-b857-4083-807b-c489e4862dfa-GrpcLogAppender: appendEntries Timeout, request=ad2d061b-bce4-4929-94ab-c6ef8113ba3f->a9e3505a-b857-4083-807b-c489e4862dfa#61-t1, previous=(t:1, i:10), leaderCommit=4, initializing? false, entries: <empty>
2019-09-16 21:13:17,887 [EventQueue-PipelineActionsForPipelineActionHandler] ERROR pipeline.PipelineActionHandler (PipelineActionHandler.java:onMessage(60)) - Received pipeline action CLOSE for Pipeline[ Id: ff96675e-0796-4ad9-b7a7-a1c7dca6accf, Nodes: 701ccf05-4c28-42f5-aa92-67be6d940b6d{ip: 192.168.69.85, host: pr-hdds-1054-8d95c-1017424488, networkLocation: /default-rack, certSerialId: null}ad2d061b-bce4-4929-94ab-c6ef8113ba3f{ip: 192.168.69.85, host: pr-hdds-1054-8d95c-1017424488, networkLocation: /default-rack, certSerialId: null}a9e3505a-b857-4083-807b-c489e4862dfa{ip: 192.168.69.85, host: pr-hdds-1054-8d95c-1017424488, networkLocation: /default-rack, certSerialId: null}, Type:RATIS, Factor:THREE, State:CLOSED] from datanode ad2d061b-bce4-4929-94ab-c6ef8113ba3f{ip: 192.168.69.85, host: pr-hdds-1054-8d95c-1017424488, networkLocation: /default-rack, certSerialId: null}. Reason : ad2d061b-bce4-4929-94ab-c6ef8113ba3f has not seen follower/s 701ccf05-4c28-42f5-aa92-67be6d940b6d for 127792ms a9e3505a-b857-4083-807b-c489e4862dfa for 127792ms
2019-09-16 21:13:17,887 [EventQueue-PipelineActionsForPipelineActionHandler] INFO  pipeline.SCMPipelineManager (SCMPipelineManager.java:finalizeAndDestroyPipeline(311)) - destroying pipeline:Pipeline[ Id: ff96675e-0796-4ad9-b7a7-a1c7dca6accf, Nodes: 701ccf05-4c28-42f5-aa92-67be6d940b6d{ip: 192.168.69.85, host: pr-hdds-1054-8d95c-1017424488, networkLocation: /default-rack, certSerialId: null}ad2d061b-bce4-4929-94ab-c6ef8113ba3f{ip: 192.168.69.85, host: pr-hdds-1054-8d95c-1017424488, networkLocation: /default-rack, certSerialId: null}a9e3505a-b857-4083-807b-c489e4862dfa{ip: 192.168.69.85, host: pr-hdds-1054-8d95c-1017424488, networkLocation: /default-rack, certSerialId: null}, Type:RATIS, Factor:THREE, State:CLOSED]
2019-09-16 21:13:17,887 [java.util.concurrent.ThreadPoolExecutor$Worker@796e945c[State = -1, empty queue]] WARN  server.GrpcLogAppender (GrpcLogAppender.java:timeoutAppendRequest(200)) - ad2d061b-bce4-4929-94ab-c6ef8113ba3f@group-A1C7DCA6ACCF->a9e3505a-b857-4083-807b-c489e4862dfa-GrpcLogAppender: appendEntries Timeout, request=ad2d061b-bce4-4929-94ab-c6ef8113ba3f->a9e3505a-b857-4083-807b-c489e4862dfa#62-t1, previous=(t:1, i:10), leaderCommit=4, initializing? false, entries: size=1, first=(t:1, i:11), STATEMACHINELOGENTRY, client-9D3D98D19E39, cid=12
2019-09-16 21:13:17,887 [java.util.concurrent.ThreadPoolExecutor$Worker@8186817[State = -1, empty queue]] WARN  server.GrpcLogAppender (GrpcLogAppender.java:timeoutAppendRequest(200)) - ad2d061b-bce4-4929-94ab-c6ef8113ba3f@group-A1C7DCA6ACCF->701ccf05-4c28-42f5-aa92-67be6d940b6d-GrpcLogAppender: appendEntries Timeout, request=ad2d061b-bce4-4929-94ab-c6ef8113ba3f->701ccf05-4c28-42f5-aa92-67be6d940b6d#62-t1, previous=(t:1, i:10), leaderCommit=4, initializing? false, entries: size=1, first=(t:1, i:11), STATEMACHINELOGENTRY, client-9D3D98D19E39, cid=12
2019-09-16 21:13:19,755 [701ccf05-4c28-42f5-aa92-67be6d940b6d@group-A1C7DCA6ACCF-SegmentedRaftLogWorker] WARN  segmented.SegmentedRaftLogWorker (SegmentedRaftLogWorker.java:getFromFuture(90)) - Timeout 12/~
org.apache.ratis.protocol.TimeoutIOException: Timeout 10s: WriteLog:5: (t:1, i:5), STATEMACHINELOGENTRY, client-85FCB0D44123, cid=50-writeStateMachineData
	at org.apache.ratis.util.IOUtils.getFromFuture(IOUtils.java:87)
	at org.apache.ratis.server.raftlog.segmented.SegmentedRaftLogWorker$StateMachineDataPolicy.getFromFuture(SegmentedRaftLogWorker.java:87)
	at org.apache.ratis.server.raftlog.segmented.SegmentedRaftLogWorker$WriteLog.execute(SegmentedRaftLogWorker.java:477)
	at org.apache.ratis.server.raftlog.segmented.SegmentedRaftLogWorker.run(SegmentedRaftLogWorker.java:289)
	at java.lang.Thread.run(Thread.java:748)
Caused by: java.util.concurrent.TimeoutException
	at java.util.concurrent.CompletableFuture.timedGet(CompletableFuture.java:1771)
	at java.util.concurrent.CompletableFuture.get(CompletableFuture.java:1915)
	at org.apache.ratis.util.IOUtils.getFromFuture(IOUtils.java:79)
	... 4 more
2019-09-16 21:13:19,846 [ad2d061b-bce4-4929-94ab-c6ef8113ba3f@group-A1C7DCA6ACCF-SegmentedRaftLogWorker] WARN  segmented.SegmentedRaftLogWorker (SegmentedRaftLogWorker.java:getFromFuture(90)) - Timeout 12/~
org.apache.ratis.protocol.TimeoutIOException: Timeout 10s: WriteLog:8: (t:1, i:8), STATEMACHINELOGENTRY, client-85FCB0D44123, cid=53-writeStateMachineData
	at org.apache.ratis.util.IOUtils.getFromFuture(IOUtils.java:87)
	at org.apache.ratis.server.raftlog.segmented.SegmentedRaftLogWorker$StateMachineDataPolicy.getFromFuture(SegmentedRaftLogWorker.java:87)
	at org.apache.ratis.server.raftlog.segmented.SegmentedRaftLogWorker$WriteLog.execute(SegmentedRaftLogWorker.java:477)
	at org.apache.ratis.server.raftlog.segmented.SegmentedRaftLogWorker.run(SegmentedRaftLogWorker.java:289)
	at java.lang.Thread.run(Thread.java:748)
Caused by: java.util.concurrent.TimeoutException
	at java.util.concurrent.CompletableFuture.timedGet(CompletableFuture.java:1771)
	at java.util.concurrent.CompletableFuture.get(CompletableFuture.java:1915)
	at org.apache.ratis.util.IOUtils.getFromFuture(IOUtils.java:79)
	... 4 more
2019-09-16 21:13:19,846 [a9e3505a-b857-4083-807b-c489e4862dfa@group-A1C7DCA6ACCF-SegmentedRaftLogWorker] WARN  segmented.SegmentedRaftLogWorker (SegmentedRaftLogWorker.java:getFromFuture(90)) - Timeout 12/~
org.apache.ratis.protocol.TimeoutIOException: Timeout 10s: WriteLog:8: (t:1, i:8), STATEMACHINELOGENTRY, client-85FCB0D44123, cid=53-writeStateMachineData
	at org.apache.ratis.util.IOUtils.getFromFuture(IOUtils.java:87)
	at org.apache.ratis.server.raftlog.segmented.SegmentedRaftLogWorker$StateMachineDataPolicy.getFromFuture(SegmentedRaftLogWorker.java:87)
	at org.apache.ratis.server.raftlog.segmented.SegmentedRaftLogWorker$WriteLog.execute(SegmentedRaftLogWorker.java:477)
	at org.apache.ratis.server.raftlog.segmented.SegmentedRaftLogWorker.run(SegmentedRaftLogWorker.java:289)
	at java.lang.Thread.run(Thread.java:748)
Caused by: java.util.concurrent.TimeoutException
	at java.util.concurrent.CompletableFuture.timedGet(CompletableFuture.java:1771)
	at java.util.concurrent.CompletableFuture.get(CompletableFuture.java:1915)
	at org.apache.ratis.util.IOUtils.getFromFuture(IOUtils.java:79)
	... 4 more
2019-09-16 21:13:19,889 [org.apache.ratis.server.impl.LogAppender$AppenderDaemon$$Lambda$505/1255135911@492a8bb0] ERROR ratis.XceiverServerRatis (XceiverServerRatis.java:triggerPipelineClose(568)) - pipeline Action CLOSE  on pipeline PipelineID=ff96675e-0796-4ad9-b7a7-a1c7dca6accf.Reason : ad2d061b-bce4-4929-94ab-c6ef8113ba3f has not seen follower/s 701ccf05-4c28-42f5-aa92-67be6d940b6d for 130293ms a9e3505a-b857-4083-807b-c489e4862dfa for 130293ms
2019-09-16 21:13:19,889 [org.apache.ratis.server.impl.LogAppender$AppenderDaemon$$Lambda$505/1255135911@3fea3e93] ERROR ratis.XceiverServerRatis (XceiverServerRatis.java:triggerPipelineClose(568)) - pipeline Action CLOSE  on pipeline PipelineID=ff96675e-0796-4ad9-b7a7-a1c7dca6accf.Reason : ad2d061b-bce4-4929-94ab-c6ef8113ba3f has not seen follower/s 701ccf05-4c28-42f5-aa92-67be6d940b6d for 130293ms a9e3505a-b857-4083-807b-c489e4862dfa for 130293ms
2019-09-16 21:13:20,388 [java.util.concurrent.ThreadPoolExecutor$Worker@796e945c[State = -1, empty queue]] WARN  server.GrpcLogAppender (GrpcLogAppender.java:timeoutAppendRequest(200)) - ad2d061b-bce4-4929-94ab-c6ef8113ba3f@group-A1C7DCA6ACCF->a9e3505a-b857-4083-807b-c489e4862dfa-GrpcLogAppender: appendEntries Timeout, request=ad2d061b-bce4-4929-94ab-c6ef8113ba3f->a9e3505a-b857-4083-807b-c489e4862dfa#63-t1, previous=(t:1, i:11), leaderCommit=4, initializing? false, entries: <empty>
2019-09-16 21:13:20,388 [java.util.concurrent.ThreadPoolExecutor$Worker@8186817[State = -1, empty queue]] WARN  server.GrpcLogAppender (GrpcLogAppender.java:timeoutAppendRequest(200)) - ad2d061b-bce4-4929-94ab-c6ef8113ba3f@group-A1C7DCA6ACCF->701ccf05-4c28-42f5-aa92-67be6d940b6d-GrpcLogAppender: appendEntries Timeout, request=ad2d061b-bce4-4929-94ab-c6ef8113ba3f->701ccf05-4c28-42f5-aa92-67be6d940b6d#63-t1, previous=(t:1, i:11), leaderCommit=4, initializing? false, entries: <empty>
2019-09-16 21:13:20,851 [grpc-default-executor-2] INFO  client.GrpcClientProtocolClient (GrpcClientProtocolClient.java:onNext(264)) - client-85FCB0D44123->a9e3505a-b857-4083-807b-c489e4862dfa: receive RaftClientReply:client-85FCB0D44123->a9e3505a-b857-4083-807b-c489e4862dfa@group-A1C7DCA6ACCF, cid=50, FAILED org.apache.ratis.protocol.NotLeaderException: Server a9e3505a-b857-4083-807b-c489e4862dfa@group-A1C7DCA6ACCF is not the leader ad2d061b-bce4-4929-94ab-c6ef8113ba3f:192.168.69.85:43917, logIndex=0, commits[a9e3505a-b857-4083-807b-c489e4862dfa:c4, ad2d061b-bce4-4929-94ab-c6ef8113ba3f:c4, 701ccf05-4c28-42f5-aa92-67be6d940b6d:c3]
2019-09-16 21:13:20,886 [EventQueue-PipelineActionsForPipelineActionHandler] ERROR pipeline.PipelineActionHandler (PipelineActionHandler.java:onMessage(60)) - Received pipeline action CLOSE for Pipeline[ Id: ff96675e-0796-4ad9-b7a7-a1c7dca6accf, Nodes: 701ccf05-4c28-42f5-aa92-67be6d940b6d{ip: 192.168.69.85, host: pr-hdds-1054-8d95c-1017424488, networkLocation: /default-rack, certSerialId: null}ad2d061b-bce4-4929-94ab-c6ef8113ba3f{ip: 192.168.69.85, host: pr-hdds-1054-8d95c-1017424488, networkLocation: /default-rack, certSerialId: null}a9e3505a-b857-4083-807b-c489e4862dfa{ip: 192.168.69.85, host: pr-hdds-1054-8d95c-1017424488, networkLocation: /default-rack, certSerialId: null}, Type:RATIS, Factor:THREE, State:CLOSED] from datanode ad2d061b-bce4-4929-94ab-c6ef8113ba3f{ip: 192.168.69.85, host: pr-hdds-1054-8d95c-1017424488, networkLocation: /default-rack, certSerialId: null}. Reason : ad2d061b-bce4-4929-94ab-c6ef8113ba3f has not seen follower/s 701ccf05-4c28-42f5-aa92-67be6d940b6d for 130293ms a9e3505a-b857-4083-807b-c489e4862dfa for 130293ms
2019-09-16 21:13:20,887 [EventQueue-PipelineActionsForPipelineActionHandler] INFO  pipeline.SCMPipelineManager (SCMPipelineManager.java:finalizeAndDestroyPipeline(311)) - destroying pipeline:Pipeline[ Id: ff96675e-0796-4ad9-b7a7-a1c7dca6accf, Nodes: 701ccf05-4c28-42f5-aa92-67be6d940b6d{ip: 192.168.69.85, host: pr-hdds-1054-8d95c-1017424488, networkLocation: /default-rack, certSerialId: null}ad2d061b-bce4-4929-94ab-c6ef8113ba3f{ip: 192.168.69.85, host: pr-hdds-1054-8d95c-1017424488, networkLocation: /default-rack, certSerialId: null}a9e3505a-b857-4083-807b-c489e4862dfa{ip: 192.168.69.85, host: pr-hdds-1054-8d95c-1017424488, networkLocation: /default-rack, certSerialId: null}, Type:RATIS, Factor:THREE, State:CLOSED]
2019-09-16 21:13:22,390 [org.apache.ratis.server.impl.LogAppender$AppenderDaemon$$Lambda$505/1255135911@492a8bb0] ERROR ratis.XceiverServerRatis (XceiverServerRatis.java:triggerPipelineClose(568)) - pipeline Action CLOSE  on pipeline PipelineID=ff96675e-0796-4ad9-b7a7-a1c7dca6accf.Reason : ad2d061b-bce4-4929-94ab-c6ef8113ba3f has not seen follower/s 701ccf05-4c28-42f5-aa92-67be6d940b6d for 132794ms a9e3505a-b857-4083-807b-c489e4862dfa for 132794ms
2019-09-16 21:13:22,390 [org.apache.ratis.server.impl.LogAppender$AppenderDaemon$$Lambda$505/1255135911@3fea3e93] ERROR ratis.XceiverServerRatis (XceiverServerRatis.java:triggerPipelineClose(568)) - pipeline Action CLOSE  on pipeline PipelineID=ff96675e-0796-4ad9-b7a7-a1c7dca6accf.Reason : ad2d061b-bce4-4929-94ab-c6ef8113ba3f has not seen follower/s 701ccf05-4c28-42f5-aa92-67be6d940b6d for 132794ms a9e3505a-b857-4083-807b-c489e4862dfa for 132794ms
2019-09-16 21:13:22,885 [EventQueue-PipelineActionsForPipelineActionHandler] ERROR pipeline.PipelineActionHandler (PipelineActionHandler.java:onMessage(60)) - Received pipeline action CLOSE for Pipeline[ Id: ff96675e-0796-4ad9-b7a7-a1c7dca6accf, Nodes: 701ccf05-4c28-42f5-aa92-67be6d940b6d{ip: 192.168.69.85, host: pr-hdds-1054-8d95c-1017424488, networkLocation: /default-rack, certSerialId: null}ad2d061b-bce4-4929-94ab-c6ef8113ba3f{ip: 192.168.69.85, host: pr-hdds-1054-8d95c-1017424488, networkLocation: /default-rack, certSerialId: null}a9e3505a-b857-4083-807b-c489e4862dfa{ip: 192.168.69.85, host: pr-hdds-1054-8d95c-1017424488, networkLocation: /default-rack, certSerialId: null}, Type:RATIS, Factor:THREE, State:CLOSED] from datanode ad2d061b-bce4-4929-94ab-c6ef8113ba3f{ip: 192.168.69.85, host: pr-hdds-1054-8d95c-1017424488, networkLocation: /default-rack, certSerialId: null}. Reason : ad2d061b-bce4-4929-94ab-c6ef8113ba3f has not seen follower/s 701ccf05-4c28-42f5-aa92-67be6d940b6d for 132794ms a9e3505a-b857-4083-807b-c489e4862dfa for 132794ms
2019-09-16 21:13:22,886 [EventQueue-PipelineActionsForPipelineActionHandler] INFO  pipeline.SCMPipelineManager (SCMPipelineManager.java:finalizeAndDestroyPipeline(311)) - destroying pipeline:Pipeline[ Id: ff96675e-0796-4ad9-b7a7-a1c7dca6accf, Nodes: 701ccf05-4c28-42f5-aa92-67be6d940b6d{ip: 192.168.69.85, host: pr-hdds-1054-8d95c-1017424488, networkLocation: /default-rack, certSerialId: null}ad2d061b-bce4-4929-94ab-c6ef8113ba3f{ip: 192.168.69.85, host: pr-hdds-1054-8d95c-1017424488, networkLocation: /default-rack, certSerialId: null}a9e3505a-b857-4083-807b-c489e4862dfa{ip: 192.168.69.85, host: pr-hdds-1054-8d95c-1017424488, networkLocation: /default-rack, certSerialId: null}, Type:RATIS, Factor:THREE, State:CLOSED]
2019-09-16 21:13:22,889 [java.util.concurrent.ThreadPoolExecutor$Worker@796e945c[State = -1, empty queue]] WARN  server.GrpcLogAppender (GrpcLogAppender.java:timeoutAppendRequest(200)) - ad2d061b-bce4-4929-94ab-c6ef8113ba3f@group-A1C7DCA6ACCF->a9e3505a-b857-4083-807b-c489e4862dfa-GrpcLogAppender: appendEntries Timeout, request=ad2d061b-bce4-4929-94ab-c6ef8113ba3f->a9e3505a-b857-4083-807b-c489e4862dfa#64-t1, previous=(t:1, i:11), leaderCommit=4, initializing? false, entries: <empty>
2019-09-16 21:13:22,889 [java.util.concurrent.ThreadPoolExecutor$Worker@8186817[State = -1, empty queue]] WARN  server.GrpcLogAppender (GrpcLogAppender.java:timeoutAppendRequest(200)) - ad2d061b-bce4-4929-94ab-c6ef8113ba3f@group-A1C7DCA6ACCF->701ccf05-4c28-42f5-aa92-67be6d940b6d-GrpcLogAppender: appendEntries Timeout, request=ad2d061b-bce4-4929-94ab-c6ef8113ba3f->701ccf05-4c28-42f5-aa92-67be6d940b6d#64-t1, previous=(t:1, i:11), leaderCommit=4, initializing? false, entries: <empty>
2019-09-16 21:13:24,891 [org.apache.ratis.server.impl.LogAppender$AppenderDaemon$$Lambda$505/1255135911@3fea3e93] ERROR ratis.XceiverServerRatis (XceiverServerRatis.java:triggerPipelineClose(568)) - pipeline Action CLOSE  on pipeline PipelineID=ff96675e-0796-4ad9-b7a7-a1c7dca6accf.Reason : ad2d061b-bce4-4929-94ab-c6ef8113ba3f has not seen follower/s 701ccf05-4c28-42f5-aa92-67be6d940b6d for 135295ms a9e3505a-b857-4083-807b-c489e4862dfa for 135295ms
2019-09-16 21:13:24,891 [org.apache.ratis.server.impl.LogAppender$AppenderDaemon$$Lambda$505/1255135911@492a8bb0] ERROR ratis.XceiverServerRatis (XceiverServerRatis.java:triggerPipelineClose(568)) - pipeline Action CLOSE  on pipeline PipelineID=ff96675e-0796-4ad9-b7a7-a1c7dca6accf.Reason : ad2d061b-bce4-4929-94ab-c6ef8113ba3f has not seen follower/s 701ccf05-4c28-42f5-aa92-67be6d940b6d for 135295ms a9e3505a-b857-4083-807b-c489e4862dfa for 135295ms
2019-09-16 21:13:25,390 [java.util.concurrent.ThreadPoolExecutor$Worker@796e945c[State = -1, empty queue]] WARN  server.GrpcLogAppender (GrpcLogAppender.java:timeoutAppendRequest(200)) - ad2d061b-bce4-4929-94ab-c6ef8113ba3f@group-A1C7DCA6ACCF->a9e3505a-b857-4083-807b-c489e4862dfa-GrpcLogAppender: appendEntries Timeout, request=ad2d061b-bce4-4929-94ab-c6ef8113ba3f->a9e3505a-b857-4083-807b-c489e4862dfa#65-t1, previous=(t:1, i:11), leaderCommit=4, initializing? false, entries: <empty>
2019-09-16 21:13:25,390 [java.util.concurrent.ThreadPoolExecutor$Worker@8186817[State = -1, empty queue]] WARN  server.GrpcLogAppender (GrpcLogAppender.java:timeoutAppendRequest(200)) - ad2d061b-bce4-4929-94ab-c6ef8113ba3f@group-A1C7DCA6ACCF->701ccf05-4c28-42f5-aa92-67be6d940b6d-GrpcLogAppender: appendEntries Timeout, request=ad2d061b-bce4-4929-94ab-c6ef8113ba3f->701ccf05-4c28-42f5-aa92-67be6d940b6d#65-t1, previous=(t:1, i:11), leaderCommit=4, initializing? false, entries: <empty>
2019-09-16 21:13:25,888 [EventQueue-PipelineActionsForPipelineActionHandler] ERROR pipeline.PipelineActionHandler (PipelineActionHandler.java:onMessage(60)) - Received pipeline action CLOSE for Pipeline[ Id: ff96675e-0796-4ad9-b7a7-a1c7dca6accf, Nodes: 701ccf05-4c28-42f5-aa92-67be6d940b6d{ip: 192.168.69.85, host: pr-hdds-1054-8d95c-1017424488, networkLocation: /default-rack, certSerialId: null}ad2d061b-bce4-4929-94ab-c6ef8113ba3f{ip: 192.168.69.85, host: pr-hdds-1054-8d95c-1017424488, networkLocation: /default-rack, certSerialId: null}a9e3505a-b857-4083-807b-c489e4862dfa{ip: 192.168.69.85, host: pr-hdds-1054-8d95c-1017424488, networkLocation: /default-rack, certSerialId: null}, Type:RATIS, Factor:THREE, State:CLOSED] from datanode ad2d061b-bce4-4929-94ab-c6ef8113ba3f{ip: 192.168.69.85, host: pr-hdds-1054-8d95c-1017424488, networkLocation: /default-rack, certSerialId: null}. Reason : ad2d061b-bce4-4929-94ab-c6ef8113ba3f has not seen follower/s 701ccf05-4c28-42f5-aa92-67be6d940b6d for 135295ms a9e3505a-b857-4083-807b-c489e4862dfa for 135295ms
2019-09-16 21:13:25,888 [grpc-default-executor-7] INFO  client.GrpcClientProtocolClient (GrpcClientProtocolClient.java:onNext(264)) - client-85FCB0D44123->701ccf05-4c28-42f5-aa92-67be6d940b6d: receive RaftClientReply:client-85FCB0D44123->701ccf05-4c28-42f5-aa92-67be6d940b6d@group-A1C7DCA6ACCF, cid=50, FAILED org.apache.ratis.protocol.NotLeaderException: Server 701ccf05-4c28-42f5-aa92-67be6d940b6d@group-A1C7DCA6ACCF is not the leader ad2d061b-bce4-4929-94ab-c6ef8113ba3f:192.168.69.85:43917, logIndex=0, commits[701ccf05-4c28-42f5-aa92-67be6d940b6d:c4, ad2d061b-bce4-4929-94ab-c6ef8113ba3f:c4, a9e3505a-b857-4083-807b-c489e4862dfa:c3]
2019-09-16 21:13:25,888 [EventQueue-PipelineActionsForPipelineActionHandler] INFO  pipeline.SCMPipelineManager (SCMPipelineManager.java:finalizeAndDestroyPipeline(311)) - destroying pipeline:Pipeline[ Id: ff96675e-0796-4ad9-b7a7-a1c7dca6accf, Nodes: 701ccf05-4c28-42f5-aa92-67be6d940b6d{ip: 192.168.69.85, host: pr-hdds-1054-8d95c-1017424488, networkLocation: /default-rack, certSerialId: null}ad2d061b-bce4-4929-94ab-c6ef8113ba3f{ip: 192.168.69.85, host: pr-hdds-1054-8d95c-1017424488, networkLocation: /default-rack, certSerialId: null}a9e3505a-b857-4083-807b-c489e4862dfa{ip: 192.168.69.85, host: pr-hdds-1054-8d95c-1017424488, networkLocation: /default-rack, certSerialId: null}, Type:RATIS, Factor:THREE, State:CLOSED]
2019-09-16 21:13:27,392 [org.apache.ratis.server.impl.LogAppender$AppenderDaemon$$Lambda$505/1255135911@3fea3e93] ERROR ratis.XceiverServerRatis (XceiverServerRatis.java:triggerPipelineClose(568)) - pipeline Action CLOSE  on pipeline PipelineID=ff96675e-0796-4ad9-b7a7-a1c7dca6accf.Reason : ad2d061b-bce4-4929-94ab-c6ef8113ba3f has not seen follower/s 701ccf05-4c28-42f5-aa92-67be6d940b6d for 137796ms a9e3505a-b857-4083-807b-c489e4862dfa for 137796ms
2019-09-16 21:13:27,392 [org.apache.ratis.server.impl.LogAppender$AppenderDaemon$$Lambda$505/1255135911@492a8bb0] ERROR ratis.XceiverServerRatis (XceiverServerRatis.java:triggerPipelineClose(568)) - pipeline Action CLOSE  on pipeline PipelineID=ff96675e-0796-4ad9-b7a7-a1c7dca6accf.Reason : ad2d061b-bce4-4929-94ab-c6ef8113ba3f has not seen follower/s 701ccf05-4c28-42f5-aa92-67be6d940b6d for 137796ms a9e3505a-b857-4083-807b-c489e4862dfa for 137796ms
2019-09-16 21:13:27,887 [EventQueue-PipelineActionsForPipelineActionHandler] ERROR pipeline.PipelineActionHandler (PipelineActionHandler.java:onMessage(60)) - Received pipeline action CLOSE for Pipeline[ Id: ff96675e-0796-4ad9-b7a7-a1c7dca6accf, Nodes: 701ccf05-4c28-42f5-aa92-67be6d940b6d{ip: 192.168.69.85, host: pr-hdds-1054-8d95c-1017424488, networkLocation: /default-rack, certSerialId: null}ad2d061b-bce4-4929-94ab-c6ef8113ba3f{ip: 192.168.69.85, host: pr-hdds-1054-8d95c-1017424488, networkLocation: /default-rack, certSerialId: null}a9e3505a-b857-4083-807b-c489e4862dfa{ip: 192.168.69.85, host: pr-hdds-1054-8d95c-1017424488, networkLocation: /default-rack, certSerialId: null}, Type:RATIS, Factor:THREE, State:CLOSED] from datanode ad2d061b-bce4-4929-94ab-c6ef8113ba3f{ip: 192.168.69.85, host: pr-hdds-1054-8d95c-1017424488, networkLocation: /default-rack, certSerialId: null}. Reason : ad2d061b-bce4-4929-94ab-c6ef8113ba3f has not seen follower/s 701ccf05-4c28-42f5-aa92-67be6d940b6d for 137796ms a9e3505a-b857-4083-807b-c489e4862dfa for 137796ms
2019-09-16 21:13:27,887 [EventQueue-PipelineActionsForPipelineActionHandler] INFO  pipeline.SCMPipelineManager (SCMPipelineManager.java:finalizeAndDestroyPipeline(311)) - destroying pipeline:Pipeline[ Id: ff96675e-0796-4ad9-b7a7-a1c7dca6accf, Nodes: 701ccf05-4c28-42f5-aa92-67be6d940b6d{ip: 192.168.69.85, host: pr-hdds-1054-8d95c-1017424488, networkLocation: /default-rack, certSerialId: null}ad2d061b-bce4-4929-94ab-c6ef8113ba3f{ip: 192.168.69.85, host: pr-hdds-1054-8d95c-1017424488, networkLocation: /default-rack, certSerialId: null}a9e3505a-b857-4083-807b-c489e4862dfa{ip: 192.168.69.85, host: pr-hdds-1054-8d95c-1017424488, networkLocation: /default-rack, certSerialId: null}, Type:RATIS, Factor:THREE, State:CLOSED]
2019-09-16 21:13:27,891 [java.util.concurrent.ThreadPoolExecutor$Worker@796e945c[State = -1, empty queue]] WARN  server.GrpcLogAppender (GrpcLogAppender.java:timeoutAppendRequest(200)) - ad2d061b-bce4-4929-94ab-c6ef8113ba3f@group-A1C7DCA6ACCF->a9e3505a-b857-4083-807b-c489e4862dfa-GrpcLogAppender: appendEntries Timeout, request=ad2d061b-bce4-4929-94ab-c6ef8113ba3f->a9e3505a-b857-4083-807b-c489e4862dfa#66-t1, previous=(t:1, i:11), leaderCommit=4, initializing? false, entries: <empty>
2019-09-16 21:13:27,891 [java.util.concurrent.ThreadPoolExecutor$Worker@8186817[State = -1, empty queue]] WARN  server.GrpcLogAppender (GrpcLogAppender.java:timeoutAppendRequest(200)) - ad2d061b-bce4-4929-94ab-c6ef8113ba3f@group-A1C7DCA6ACCF->701ccf05-4c28-42f5-aa92-67be6d940b6d-GrpcLogAppender: appendEntries Timeout, request=ad2d061b-bce4-4929-94ab-c6ef8113ba3f->701ccf05-4c28-42f5-aa92-67be6d940b6d#66-t1, previous=(t:1, i:11), leaderCommit=4, initializing? false, entries: <empty>
2019-09-16 21:13:29,756 [701ccf05-4c28-42f5-aa92-67be6d940b6d@group-A1C7DCA6ACCF-SegmentedRaftLogWorker] WARN  segmented.SegmentedRaftLogWorker (SegmentedRaftLogWorker.java:getFromFuture(90)) - Timeout 13/~
org.apache.ratis.protocol.TimeoutIOException: Timeout 10s: WriteLog:5: (t:1, i:5), STATEMACHINELOGENTRY, client-85FCB0D44123, cid=50-writeStateMachineData
	at org.apache.ratis.util.IOUtils.getFromFuture(IOUtils.java:87)
	at org.apache.ratis.server.raftlog.segmented.SegmentedRaftLogWorker$StateMachineDataPolicy.getFromFuture(SegmentedRaftLogWorker.java:87)
	at org.apache.ratis.server.raftlog.segmented.SegmentedRaftLogWorker$WriteLog.execute(SegmentedRaftLogWorker.java:477)
	at org.apache.ratis.server.raftlog.segmented.SegmentedRaftLogWorker.run(SegmentedRaftLogWorker.java:289)
	at java.lang.Thread.run(Thread.java:748)
Caused by: java.util.concurrent.TimeoutException
	at java.util.concurrent.CompletableFuture.timedGet(CompletableFuture.java:1771)
	at java.util.concurrent.CompletableFuture.get(CompletableFuture.java:1915)
	at org.apache.ratis.util.IOUtils.getFromFuture(IOUtils.java:79)
	... 4 more
2019-09-16 21:13:29,846 [ad2d061b-bce4-4929-94ab-c6ef8113ba3f@group-A1C7DCA6ACCF-SegmentedRaftLogWorker] WARN  segmented.SegmentedRaftLogWorker (SegmentedRaftLogWorker.java:getFromFuture(90)) - Timeout 13/~
org.apache.ratis.protocol.TimeoutIOException: Timeout 10s: WriteLog:8: (t:1, i:8), STATEMACHINELOGENTRY, client-85FCB0D44123, cid=53-writeStateMachineData
	at org.apache.ratis.util.IOUtils.getFromFuture(IOUtils.java:87)
	at org.apache.ratis.server.raftlog.segmented.SegmentedRaftLogWorker$StateMachineDataPolicy.getFromFuture(SegmentedRaftLogWorker.java:87)
	at org.apache.ratis.server.raftlog.segmented.SegmentedRaftLogWorker$WriteLog.execute(SegmentedRaftLogWorker.java:477)
	at org.apache.ratis.server.raftlog.segmented.SegmentedRaftLogWorker.run(SegmentedRaftLogWorker.java:289)
	at java.lang.Thread.run(Thread.java:748)
Caused by: java.util.concurrent.TimeoutException
	at java.util.concurrent.CompletableFuture.timedGet(CompletableFuture.java:1771)
	at java.util.concurrent.CompletableFuture.get(CompletableFuture.java:1915)
	at org.apache.ratis.util.IOUtils.getFromFuture(IOUtils.java:79)
	... 4 more
2019-09-16 21:13:29,847 [a9e3505a-b857-4083-807b-c489e4862dfa@group-A1C7DCA6ACCF-SegmentedRaftLogWorker] WARN  segmented.SegmentedRaftLogWorker (SegmentedRaftLogWorker.java:getFromFuture(90)) - Timeout 13/~
org.apache.ratis.protocol.TimeoutIOException: Timeout 10s: WriteLog:8: (t:1, i:8), STATEMACHINELOGENTRY, client-85FCB0D44123, cid=53-writeStateMachineData
	at org.apache.ratis.util.IOUtils.getFromFuture(IOUtils.java:87)
	at org.apache.ratis.server.raftlog.segmented.SegmentedRaftLogWorker$StateMachineDataPolicy.getFromFuture(SegmentedRaftLogWorker.java:87)
	at org.apache.ratis.server.raftlog.segmented.SegmentedRaftLogWorker$WriteLog.execute(SegmentedRaftLogWorker.java:477)
	at org.apache.ratis.server.raftlog.segmented.SegmentedRaftLogWorker.run(SegmentedRaftLogWorker.java:289)
	at java.lang.Thread.run(Thread.java:748)
Caused by: java.util.concurrent.TimeoutException
	at java.util.concurrent.CompletableFuture.timedGet(CompletableFuture.java:1771)
	at java.util.concurrent.CompletableFuture.get(CompletableFuture.java:1915)
	at org.apache.ratis.util.IOUtils.getFromFuture(IOUtils.java:79)
	... 4 more
2019-09-16 21:13:29,893 [org.apache.ratis.server.impl.LogAppender$AppenderDaemon$$Lambda$505/1255135911@3fea3e93] ERROR ratis.XceiverServerRatis (XceiverServerRatis.java:triggerPipelineClose(568)) - pipeline Action CLOSE  on pipeline PipelineID=ff96675e-0796-4ad9-b7a7-a1c7dca6accf.Reason : ad2d061b-bce4-4929-94ab-c6ef8113ba3f has not seen follower/s 701ccf05-4c28-42f5-aa92-67be6d940b6d for 140297ms a9e3505a-b857-4083-807b-c489e4862dfa for 140297ms
2019-09-16 21:13:29,893 [org.apache.ratis.server.impl.LogAppender$AppenderDaemon$$Lambda$505/1255135911@492a8bb0] ERROR ratis.XceiverServerRatis (XceiverServerRatis.java:triggerPipelineClose(568)) - pipeline Action CLOSE  on pipeline PipelineID=ff96675e-0796-4ad9-b7a7-a1c7dca6accf.Reason : ad2d061b-bce4-4929-94ab-c6ef8113ba3f has not seen follower/s 701ccf05-4c28-42f5-aa92-67be6d940b6d for 140297ms a9e3505a-b857-4083-807b-c489e4862dfa for 140297ms
2019-09-16 21:13:30,392 [java.util.concurrent.ThreadPoolExecutor$Worker@8186817[State = -1, empty queue]] WARN  server.GrpcLogAppender (GrpcLogAppender.java:timeoutAppendRequest(200)) - ad2d061b-bce4-4929-94ab-c6ef8113ba3f@group-A1C7DCA6ACCF->701ccf05-4c28-42f5-aa92-67be6d940b6d-GrpcLogAppender: appendEntries Timeout, request=ad2d061b-bce4-4929-94ab-c6ef8113ba3f->701ccf05-4c28-42f5-aa92-67be6d940b6d#67-t1, previous=(t:1, i:11), leaderCommit=4, initializing? false, entries: <empty>
2019-09-16 21:13:30,392 [java.util.concurrent.ThreadPoolExecutor$Worker@796e945c[State = -1, empty queue]] WARN  server.GrpcLogAppender (GrpcLogAppender.java:timeoutAppendRequest(200)) - ad2d061b-bce4-4929-94ab-c6ef8113ba3f@group-A1C7DCA6ACCF->a9e3505a-b857-4083-807b-c489e4862dfa-GrpcLogAppender: appendEntries Timeout, request=ad2d061b-bce4-4929-94ab-c6ef8113ba3f->a9e3505a-b857-4083-807b-c489e4862dfa#67-t1, previous=(t:1, i:11), leaderCommit=4, initializing? false, entries: <empty>
2019-09-16 21:13:30,887 [EventQueue-PipelineActionsForPipelineActionHandler] ERROR pipeline.PipelineActionHandler (PipelineActionHandler.java:onMessage(60)) - Received pipeline action CLOSE for Pipeline[ Id: ff96675e-0796-4ad9-b7a7-a1c7dca6accf, Nodes: 701ccf05-4c28-42f5-aa92-67be6d940b6d{ip: 192.168.69.85, host: pr-hdds-1054-8d95c-1017424488, networkLocation: /default-rack, certSerialId: null}ad2d061b-bce4-4929-94ab-c6ef8113ba3f{ip: 192.168.69.85, host: pr-hdds-1054-8d95c-1017424488, networkLocation: /default-rack, certSerialId: null}a9e3505a-b857-4083-807b-c489e4862dfa{ip: 192.168.69.85, host: pr-hdds-1054-8d95c-1017424488, networkLocation: /default-rack, certSerialId: null}, Type:RATIS, Factor:THREE, State:CLOSED] from datanode ad2d061b-bce4-4929-94ab-c6ef8113ba3f{ip: 192.168.69.85, host: pr-hdds-1054-8d95c-1017424488, networkLocation: /default-rack, certSerialId: null}. Reason : ad2d061b-bce4-4929-94ab-c6ef8113ba3f has not seen follower/s 701ccf05-4c28-42f5-aa92-67be6d940b6d for 140297ms a9e3505a-b857-4083-807b-c489e4862dfa for 140297ms
2019-09-16 21:13:30,887 [EventQueue-PipelineActionsForPipelineActionHandler] INFO  pipeline.SCMPipelineManager (SCMPipelineManager.java:finalizeAndDestroyPipeline(311)) - destroying pipeline:Pipeline[ Id: ff96675e-0796-4ad9-b7a7-a1c7dca6accf, Nodes: 701ccf05-4c28-42f5-aa92-67be6d940b6d{ip: 192.168.69.85, host: pr-hdds-1054-8d95c-1017424488, networkLocation: /default-rack, certSerialId: null}ad2d061b-bce4-4929-94ab-c6ef8113ba3f{ip: 192.168.69.85, host: pr-hdds-1054-8d95c-1017424488, networkLocation: /default-rack, certSerialId: null}a9e3505a-b857-4083-807b-c489e4862dfa{ip: 192.168.69.85, host: pr-hdds-1054-8d95c-1017424488, networkLocation: /default-rack, certSerialId: null}, Type:RATIS, Factor:THREE, State:CLOSED]
2019-09-16 21:13:30,918 [grpc-default-executor-7] INFO  client.GrpcClientProtocolClient (GrpcClientProtocolClient.java:onNext(264)) - client-85FCB0D44123->701ccf05-4c28-42f5-aa92-67be6d940b6d: receive RaftClientReply:client-85FCB0D44123->701ccf05-4c28-42f5-aa92-67be6d940b6d@group-A1C7DCA6ACCF, cid=50, FAILED org.apache.ratis.protocol.NotLeaderException: Server 701ccf05-4c28-42f5-aa92-67be6d940b6d@group-A1C7DCA6ACCF is not the leader ad2d061b-bce4-4929-94ab-c6ef8113ba3f:192.168.69.85:43917, logIndex=0, commits[701ccf05-4c28-42f5-aa92-67be6d940b6d:c4, ad2d061b-bce4-4929-94ab-c6ef8113ba3f:c4, a9e3505a-b857-4083-807b-c489e4862dfa:c3]
2019-09-16 21:13:32,394 [org.apache.ratis.server.impl.LogAppender$AppenderDaemon$$Lambda$505/1255135911@3fea3e93] ERROR ratis.XceiverServerRatis (XceiverServerRatis.java:triggerPipelineClose(568)) - pipeline Action CLOSE  on pipeline PipelineID=ff96675e-0796-4ad9-b7a7-a1c7dca6accf.Reason : ad2d061b-bce4-4929-94ab-c6ef8113ba3f has not seen follower/s 701ccf05-4c28-42f5-aa92-67be6d940b6d for 142798ms a9e3505a-b857-4083-807b-c489e4862dfa for 142798ms
2019-09-16 21:13:32,394 [org.apache.ratis.server.impl.LogAppender$AppenderDaemon$$Lambda$505/1255135911@492a8bb0] ERROR ratis.XceiverServerRatis (XceiverServerRatis.java:triggerPipelineClose(568)) - pipeline Action CLOSE  on pipeline PipelineID=ff96675e-0796-4ad9-b7a7-a1c7dca6accf.Reason : ad2d061b-bce4-4929-94ab-c6ef8113ba3f has not seen follower/s 701ccf05-4c28-42f5-aa92-67be6d940b6d for 142798ms a9e3505a-b857-4083-807b-c489e4862dfa for 142798ms
2019-09-16 21:13:32,888 [EventQueue-PipelineActionsForPipelineActionHandler] ERROR pipeline.PipelineActionHandler (PipelineActionHandler.java:onMessage(60)) - Received pipeline action CLOSE for Pipeline[ Id: ff96675e-0796-4ad9-b7a7-a1c7dca6accf, Nodes: 701ccf05-4c28-42f5-aa92-67be6d940b6d{ip: 192.168.69.85, host: pr-hdds-1054-8d95c-1017424488, networkLocation: /default-rack, certSerialId: null}ad2d061b-bce4-4929-94ab-c6ef8113ba3f{ip: 192.168.69.85, host: pr-hdds-1054-8d95c-1017424488, networkLocation: /default-rack, certSerialId: null}a9e3505a-b857-4083-807b-c489e4862dfa{ip: 192.168.69.85, host: pr-hdds-1054-8d95c-1017424488, networkLocation: /default-rack, certSerialId: null}, Type:RATIS, Factor:THREE, State:CLOSED] from datanode ad2d061b-bce4-4929-94ab-c6ef8113ba3f{ip: 192.168.69.85, host: pr-hdds-1054-8d95c-1017424488, networkLocation: /default-rack, certSerialId: null}. Reason : ad2d061b-bce4-4929-94ab-c6ef8113ba3f has not seen follower/s 701ccf05-4c28-42f5-aa92-67be6d940b6d for 142798ms a9e3505a-b857-4083-807b-c489e4862dfa for 142798ms
2019-09-16 21:13:32,888 [EventQueue-PipelineActionsForPipelineActionHandler] INFO  pipeline.SCMPipelineManager (SCMPipelineManager.java:finalizeAndDestroyPipeline(311)) - destroying pipeline:Pipeline[ Id: ff96675e-0796-4ad9-b7a7-a1c7dca6accf, Nodes: 701ccf05-4c28-42f5-aa92-67be6d940b6d{ip: 192.168.69.85, host: pr-hdds-1054-8d95c-1017424488, networkLocation: /default-rack, certSerialId: null}ad2d061b-bce4-4929-94ab-c6ef8113ba3f{ip: 192.168.69.85, host: pr-hdds-1054-8d95c-1017424488, networkLocation: /default-rack, certSerialId: null}a9e3505a-b857-4083-807b-c489e4862dfa{ip: 192.168.69.85, host: pr-hdds-1054-8d95c-1017424488, networkLocation: /default-rack, certSerialId: null}, Type:RATIS, Factor:THREE, State:CLOSED]
2019-09-16 21:13:32,893 [java.util.concurrent.ThreadPoolExecutor$Worker@8186817[State = -1, empty queue]] WARN  server.GrpcLogAppender (GrpcLogAppender.java:timeoutAppendRequest(200)) - ad2d061b-bce4-4929-94ab-c6ef8113ba3f@group-A1C7DCA6ACCF->701ccf05-4c28-42f5-aa92-67be6d940b6d-GrpcLogAppender: appendEntries Timeout, request=ad2d061b-bce4-4929-94ab-c6ef8113ba3f->701ccf05-4c28-42f5-aa92-67be6d940b6d#68-t1, previous=(t:1, i:11), leaderCommit=4, initializing? false, entries: <empty>
2019-09-16 21:13:32,893 [java.util.concurrent.ThreadPoolExecutor$Worker@796e945c[State = -1, empty queue]] WARN  server.GrpcLogAppender (GrpcLogAppender.java:timeoutAppendRequest(200)) - ad2d061b-bce4-4929-94ab-c6ef8113ba3f@group-A1C7DCA6ACCF->a9e3505a-b857-4083-807b-c489e4862dfa-GrpcLogAppender: appendEntries Timeout, request=ad2d061b-bce4-4929-94ab-c6ef8113ba3f->a9e3505a-b857-4083-807b-c489e4862dfa#68-t1, previous=(t:1, i:11), leaderCommit=4, initializing? false, entries: <empty>
2019-09-16 21:13:34,895 [org.apache.ratis.server.impl.LogAppender$AppenderDaemon$$Lambda$505/1255135911@3fea3e93] ERROR ratis.XceiverServerRatis (XceiverServerRatis.java:triggerPipelineClose(568)) - pipeline Action CLOSE  on pipeline PipelineID=ff96675e-0796-4ad9-b7a7-a1c7dca6accf.Reason : ad2d061b-bce4-4929-94ab-c6ef8113ba3f has not seen follower/s 701ccf05-4c28-42f5-aa92-67be6d940b6d for 145299ms a9e3505a-b857-4083-807b-c489e4862dfa for 145299ms
2019-09-16 21:13:34,895 [org.apache.ratis.server.impl.LogAppender$AppenderDaemon$$Lambda$505/1255135911@492a8bb0] ERROR ratis.XceiverServerRatis (XceiverServerRatis.java:triggerPipelineClose(568)) - pipeline Action CLOSE  on pipeline PipelineID=ff96675e-0796-4ad9-b7a7-a1c7dca6accf.Reason : ad2d061b-bce4-4929-94ab-c6ef8113ba3f has not seen follower/s 701ccf05-4c28-42f5-aa92-67be6d940b6d for 145299ms a9e3505a-b857-4083-807b-c489e4862dfa for 145299ms
2019-09-16 21:13:35,394 [java.util.concurrent.ThreadPoolExecutor$Worker@8186817[State = -1, empty queue]] WARN  server.GrpcLogAppender (GrpcLogAppender.java:timeoutAppendRequest(200)) - ad2d061b-bce4-4929-94ab-c6ef8113ba3f@group-A1C7DCA6ACCF->701ccf05-4c28-42f5-aa92-67be6d940b6d-GrpcLogAppender: appendEntries Timeout, request=ad2d061b-bce4-4929-94ab-c6ef8113ba3f->701ccf05-4c28-42f5-aa92-67be6d940b6d#69-t1, previous=(t:1, i:11), leaderCommit=4, initializing? false, entries: <empty>
2019-09-16 21:13:35,394 [java.util.concurrent.ThreadPoolExecutor$Worker@796e945c[State = -1, empty queue]] WARN  server.GrpcLogAppender (GrpcLogAppender.java:timeoutAppendRequest(200)) - ad2d061b-bce4-4929-94ab-c6ef8113ba3f@group-A1C7DCA6ACCF->a9e3505a-b857-4083-807b-c489e4862dfa-GrpcLogAppender: appendEntries Timeout, request=ad2d061b-bce4-4929-94ab-c6ef8113ba3f->a9e3505a-b857-4083-807b-c489e4862dfa#69-t1, previous=(t:1, i:11), leaderCommit=4, initializing? false, entries: <empty>
2019-09-16 21:13:35,887 [EventQueue-PipelineActionsForPipelineActionHandler] ERROR pipeline.PipelineActionHandler (PipelineActionHandler.java:onMessage(60)) - Received pipeline action CLOSE for Pipeline[ Id: ff96675e-0796-4ad9-b7a7-a1c7dca6accf, Nodes: 701ccf05-4c28-42f5-aa92-67be6d940b6d{ip: 192.168.69.85, host: pr-hdds-1054-8d95c-1017424488, networkLocation: /default-rack, certSerialId: null}ad2d061b-bce4-4929-94ab-c6ef8113ba3f{ip: 192.168.69.85, host: pr-hdds-1054-8d95c-1017424488, networkLocation: /default-rack, certSerialId: null}a9e3505a-b857-4083-807b-c489e4862dfa{ip: 192.168.69.85, host: pr-hdds-1054-8d95c-1017424488, networkLocation: /default-rack, certSerialId: null}, Type:RATIS, Factor:THREE, State:CLOSED] from datanode ad2d061b-bce4-4929-94ab-c6ef8113ba3f{ip: 192.168.69.85, host: pr-hdds-1054-8d95c-1017424488, networkLocation: /default-rack, certSerialId: null}. Reason : ad2d061b-bce4-4929-94ab-c6ef8113ba3f has not seen follower/s 701ccf05-4c28-42f5-aa92-67be6d940b6d for 145299ms a9e3505a-b857-4083-807b-c489e4862dfa for 145299ms
2019-09-16 21:13:35,888 [EventQueue-PipelineActionsForPipelineActionHandler] INFO  pipeline.SCMPipelineManager (SCMPipelineManager.java:finalizeAndDestroyPipeline(311)) - destroying pipeline:Pipeline[ Id: ff96675e-0796-4ad9-b7a7-a1c7dca6accf, Nodes: 701ccf05-4c28-42f5-aa92-67be6d940b6d{ip: 192.168.69.85, host: pr-hdds-1054-8d95c-1017424488, networkLocation: /default-rack, certSerialId: null}ad2d061b-bce4-4929-94ab-c6ef8113ba3f{ip: 192.168.69.85, host: pr-hdds-1054-8d95c-1017424488, networkLocation: /default-rack, certSerialId: null}a9e3505a-b857-4083-807b-c489e4862dfa{ip: 192.168.69.85, host: pr-hdds-1054-8d95c-1017424488, networkLocation: /default-rack, certSerialId: null}, Type:RATIS, Factor:THREE, State:CLOSED]
2019-09-16 21:13:35,963 [grpc-default-executor-6] INFO  client.GrpcClientProtocolClient (GrpcClientProtocolClient.java:onNext(264)) - client-85FCB0D44123->701ccf05-4c28-42f5-aa92-67be6d940b6d: receive RaftClientReply:client-85FCB0D44123->701ccf05-4c28-42f5-aa92-67be6d940b6d@group-A1C7DCA6ACCF, cid=50, FAILED org.apache.ratis.protocol.NotLeaderException: Server 701ccf05-4c28-42f5-aa92-67be6d940b6d@group-A1C7DCA6ACCF is not the leader ad2d061b-bce4-4929-94ab-c6ef8113ba3f:192.168.69.85:43917, logIndex=0, commits[701ccf05-4c28-42f5-aa92-67be6d940b6d:c4, ad2d061b-bce4-4929-94ab-c6ef8113ba3f:c4, a9e3505a-b857-4083-807b-c489e4862dfa:c3]
2019-09-16 21:13:37,396 [org.apache.ratis.server.impl.LogAppender$AppenderDaemon$$Lambda$505/1255135911@492a8bb0] ERROR ratis.XceiverServerRatis (XceiverServerRatis.java:triggerPipelineClose(568)) - pipeline Action CLOSE  on pipeline PipelineID=ff96675e-0796-4ad9-b7a7-a1c7dca6accf.Reason : ad2d061b-bce4-4929-94ab-c6ef8113ba3f has not seen follower/s 701ccf05-4c28-42f5-aa92-67be6d940b6d for 147799ms a9e3505a-b857-4083-807b-c489e4862dfa for 147799ms
2019-09-16 21:13:37,396 [org.apache.ratis.server.impl.LogAppender$AppenderDaemon$$Lambda$505/1255135911@3fea3e93] ERROR ratis.XceiverServerRatis (XceiverServerRatis.java:triggerPipelineClose(568)) - pipeline Action CLOSE  on pipeline PipelineID=ff96675e-0796-4ad9-b7a7-a1c7dca6accf.Reason : ad2d061b-bce4-4929-94ab-c6ef8113ba3f has not seen follower/s 701ccf05-4c28-42f5-aa92-67be6d940b6d for 147799ms a9e3505a-b857-4083-807b-c489e4862dfa for 147799ms
2019-09-16 21:13:37,888 [EventQueue-PipelineActionsForPipelineActionHandler] ERROR pipeline.PipelineActionHandler (PipelineActionHandler.java:onMessage(60)) - Received pipeline action CLOSE for Pipeline[ Id: ff96675e-0796-4ad9-b7a7-a1c7dca6accf, Nodes: 701ccf05-4c28-42f5-aa92-67be6d940b6d{ip: 192.168.69.85, host: pr-hdds-1054-8d95c-1017424488, networkLocation: /default-rack, certSerialId: null}ad2d061b-bce4-4929-94ab-c6ef8113ba3f{ip: 192.168.69.85, host: pr-hdds-1054-8d95c-1017424488, networkLocation: /default-rack, certSerialId: null}a9e3505a-b857-4083-807b-c489e4862dfa{ip: 192.168.69.85, host: pr-hdds-1054-8d95c-1017424488, networkLocation: /default-rack, certSerialId: null}, Type:RATIS, Factor:THREE, State:CLOSED] from datanode ad2d061b-bce4-4929-94ab-c6ef8113ba3f{ip: 192.168.69.85, host: pr-hdds-1054-8d95c-1017424488, networkLocation: /default-rack, certSerialId: null}. Reason : ad2d061b-bce4-4929-94ab-c6ef8113ba3f has not seen follower/s 701ccf05-4c28-42f5-aa92-67be6d940b6d for 147799ms a9e3505a-b857-4083-807b-c489e4862dfa for 147799ms
2019-09-16 21:13:37,888 [EventQueue-PipelineActionsForPipelineActionHandler] INFO  pipeline.SCMPipelineManager (SCMPipelineManager.java:finalizeAndDestroyPipeline(311)) - destroying pipeline:Pipeline[ Id: ff96675e-0796-4ad9-b7a7-a1c7dca6accf, Nodes: 701ccf05-4c28-42f5-aa92-67be6d940b6d{ip: 192.168.69.85, host: pr-hdds-1054-8d95c-1017424488, networkLocation: /default-rack, certSerialId: null}ad2d061b-bce4-4929-94ab-c6ef8113ba3f{ip: 192.168.69.85, host: pr-hdds-1054-8d95c-1017424488, networkLocation: /default-rack, certSerialId: null}a9e3505a-b857-4083-807b-c489e4862dfa{ip: 192.168.69.85, host: pr-hdds-1054-8d95c-1017424488, networkLocation: /default-rack, certSerialId: null}, Type:RATIS, Factor:THREE, State:CLOSED]
2019-09-16 21:13:37,895 [java.util.concurrent.ThreadPoolExecutor$Worker@8186817[State = -1, empty queue]] WARN  server.GrpcLogAppender (GrpcLogAppender.java:timeoutAppendRequest(200)) - ad2d061b-bce4-4929-94ab-c6ef8113ba3f@group-A1C7DCA6ACCF->701ccf05-4c28-42f5-aa92-67be6d940b6d-GrpcLogAppender: appendEntries Timeout, request=ad2d061b-bce4-4929-94ab-c6ef8113ba3f->701ccf05-4c28-42f5-aa92-67be6d940b6d#70-t1, previous=(t:1, i:11), leaderCommit=4, initializing? false, entries: <empty>
2019-09-16 21:13:37,895 [java.util.concurrent.ThreadPoolExecutor$Worker@796e945c[State = -1, empty queue]] WARN  server.GrpcLogAppender (GrpcLogAppender.java:timeoutAppendRequest(200)) - ad2d061b-bce4-4929-94ab-c6ef8113ba3f@group-A1C7DCA6ACCF->a9e3505a-b857-4083-807b-c489e4862dfa-GrpcLogAppender: appendEntries Timeout, request=ad2d061b-bce4-4929-94ab-c6ef8113ba3f->a9e3505a-b857-4083-807b-c489e4862dfa#70-t1, previous=(t:1, i:11), leaderCommit=4, initializing? false, entries: <empty>
2019-09-16 21:13:39,758 [701ccf05-4c28-42f5-aa92-67be6d940b6d@group-A1C7DCA6ACCF-SegmentedRaftLogWorker] WARN  segmented.SegmentedRaftLogWorker (SegmentedRaftLogWorker.java:getFromFuture(90)) - Timeout 14/~
org.apache.ratis.protocol.TimeoutIOException: Timeout 10s: WriteLog:5: (t:1, i:5), STATEMACHINELOGENTRY, client-85FCB0D44123, cid=50-writeStateMachineData
	at org.apache.ratis.util.IOUtils.getFromFuture(IOUtils.java:87)
	at org.apache.ratis.server.raftlog.segmented.SegmentedRaftLogWorker$StateMachineDataPolicy.getFromFuture(SegmentedRaftLogWorker.java:87)
	at org.apache.ratis.server.raftlog.segmented.SegmentedRaftLogWorker$WriteLog.execute(SegmentedRaftLogWorker.java:477)
	at org.apache.ratis.server.raftlog.segmented.SegmentedRaftLogWorker.run(SegmentedRaftLogWorker.java:289)
	at java.lang.Thread.run(Thread.java:748)
Caused by: java.util.concurrent.TimeoutException
	at java.util.concurrent.CompletableFuture.timedGet(CompletableFuture.java:1771)
	at java.util.concurrent.CompletableFuture.get(CompletableFuture.java:1915)
	at org.apache.ratis.util.IOUtils.getFromFuture(IOUtils.java:79)
	... 4 more
2019-09-16 21:13:39,847 [ad2d061b-bce4-4929-94ab-c6ef8113ba3f@group-A1C7DCA6ACCF-SegmentedRaftLogWorker] WARN  segmented.SegmentedRaftLogWorker (SegmentedRaftLogWorker.java:getFromFuture(90)) - Timeout 14/~
org.apache.ratis.protocol.TimeoutIOException: Timeout 10s: WriteLog:8: (t:1, i:8), STATEMACHINELOGENTRY, client-85FCB0D44123, cid=53-writeStateMachineData
	at org.apache.ratis.util.IOUtils.getFromFuture(IOUtils.java:87)
	at org.apache.ratis.server.raftlog.segmented.SegmentedRaftLogWorker$StateMachineDataPolicy.getFromFuture(SegmentedRaftLogWorker.java:87)
	at org.apache.ratis.server.raftlog.segmented.SegmentedRaftLogWorker$WriteLog.execute(SegmentedRaftLogWorker.java:477)
	at org.apache.ratis.server.raftlog.segmented.SegmentedRaftLogWorker.run(SegmentedRaftLogWorker.java:289)
	at java.lang.Thread.run(Thread.java:748)
Caused by: java.util.concurrent.TimeoutException
	at java.util.concurrent.CompletableFuture.timedGet(CompletableFuture.java:1771)
	at java.util.concurrent.CompletableFuture.get(CompletableFuture.java:1915)
	at org.apache.ratis.util.IOUtils.getFromFuture(IOUtils.java:79)
	... 4 more
2019-09-16 21:13:39,847 [a9e3505a-b857-4083-807b-c489e4862dfa@group-A1C7DCA6ACCF-SegmentedRaftLogWorker] WARN  segmented.SegmentedRaftLogWorker (SegmentedRaftLogWorker.java:getFromFuture(90)) - Timeout 14/~
org.apache.ratis.protocol.TimeoutIOException: Timeout 10s: WriteLog:8: (t:1, i:8), STATEMACHINELOGENTRY, client-85FCB0D44123, cid=53-writeStateMachineData
	at org.apache.ratis.util.IOUtils.getFromFuture(IOUtils.java:87)
	at org.apache.ratis.server.raftlog.segmented.SegmentedRaftLogWorker$StateMachineDataPolicy.getFromFuture(SegmentedRaftLogWorker.java:87)
	at org.apache.ratis.server.raftlog.segmented.SegmentedRaftLogWorker$WriteLog.execute(SegmentedRaftLogWorker.java:477)
	at org.apache.ratis.server.raftlog.segmented.SegmentedRaftLogWorker.run(SegmentedRaftLogWorker.java:289)
	at java.lang.Thread.run(Thread.java:748)
Caused by: java.util.concurrent.TimeoutException
	at java.util.concurrent.CompletableFuture.timedGet(CompletableFuture.java:1771)
	at java.util.concurrent.CompletableFuture.get(CompletableFuture.java:1915)
	at org.apache.ratis.util.IOUtils.getFromFuture(IOUtils.java:79)
	... 4 more
2019-09-16 21:13:39,897 [org.apache.ratis.server.impl.LogAppender$AppenderDaemon$$Lambda$505/1255135911@3fea3e93] ERROR ratis.XceiverServerRatis (XceiverServerRatis.java:triggerPipelineClose(568)) - pipeline Action CLOSE  on pipeline PipelineID=ff96675e-0796-4ad9-b7a7-a1c7dca6accf.Reason : ad2d061b-bce4-4929-94ab-c6ef8113ba3f has not seen follower/s 701ccf05-4c28-42f5-aa92-67be6d940b6d for 150301ms a9e3505a-b857-4083-807b-c489e4862dfa for 150301ms
2019-09-16 21:13:39,897 [org.apache.ratis.server.impl.LogAppender$AppenderDaemon$$Lambda$505/1255135911@492a8bb0] ERROR ratis.XceiverServerRatis (XceiverServerRatis.java:triggerPipelineClose(568)) - pipeline Action CLOSE  on pipeline PipelineID=ff96675e-0796-4ad9-b7a7-a1c7dca6accf.Reason : ad2d061b-bce4-4929-94ab-c6ef8113ba3f has not seen follower/s 701ccf05-4c28-42f5-aa92-67be6d940b6d for 150301ms a9e3505a-b857-4083-807b-c489e4862dfa for 150301ms
2019-09-16 21:13:40,395 [java.util.concurrent.ThreadPoolExecutor$Worker@8186817[State = -1, empty queue]] WARN  server.GrpcLogAppender (GrpcLogAppender.java:timeoutAppendRequest(200)) - ad2d061b-bce4-4929-94ab-c6ef8113ba3f@group-A1C7DCA6ACCF->701ccf05-4c28-42f5-aa92-67be6d940b6d-GrpcLogAppender: appendEntries Timeout, request=ad2d061b-bce4-4929-94ab-c6ef8113ba3f->701ccf05-4c28-42f5-aa92-67be6d940b6d#71-t1, previous=(t:1, i:11), leaderCommit=4, initializing? false, entries: <empty>
2019-09-16 21:13:40,395 [java.util.concurrent.ThreadPoolExecutor$Worker@796e945c[State = -1, empty queue]] WARN  server.GrpcLogAppender (GrpcLogAppender.java:timeoutAppendRequest(200)) - ad2d061b-bce4-4929-94ab-c6ef8113ba3f@group-A1C7DCA6ACCF->a9e3505a-b857-4083-807b-c489e4862dfa-GrpcLogAppender: appendEntries Timeout, request=ad2d061b-bce4-4929-94ab-c6ef8113ba3f->a9e3505a-b857-4083-807b-c489e4862dfa#71-t1, previous=(t:1, i:11), leaderCommit=4, initializing? false, entries: <empty>
2019-09-16 21:13:40,888 [EventQueue-PipelineActionsForPipelineActionHandler] ERROR pipeline.PipelineActionHandler (PipelineActionHandler.java:onMessage(60)) - Received pipeline action CLOSE for Pipeline[ Id: ff96675e-0796-4ad9-b7a7-a1c7dca6accf, Nodes: 701ccf05-4c28-42f5-aa92-67be6d940b6d{ip: 192.168.69.85, host: pr-hdds-1054-8d95c-1017424488, networkLocation: /default-rack, certSerialId: null}ad2d061b-bce4-4929-94ab-c6ef8113ba3f{ip: 192.168.69.85, host: pr-hdds-1054-8d95c-1017424488, networkLocation: /default-rack, certSerialId: null}a9e3505a-b857-4083-807b-c489e4862dfa{ip: 192.168.69.85, host: pr-hdds-1054-8d95c-1017424488, networkLocation: /default-rack, certSerialId: null}, Type:RATIS, Factor:THREE, State:CLOSED] from datanode ad2d061b-bce4-4929-94ab-c6ef8113ba3f{ip: 192.168.69.85, host: pr-hdds-1054-8d95c-1017424488, networkLocation: /default-rack, certSerialId: null}. Reason : ad2d061b-bce4-4929-94ab-c6ef8113ba3f has not seen follower/s 701ccf05-4c28-42f5-aa92-67be6d940b6d for 150301ms a9e3505a-b857-4083-807b-c489e4862dfa for 150301ms
2019-09-16 21:13:40,889 [EventQueue-PipelineActionsForPipelineActionHandler] INFO  pipeline.SCMPipelineManager (SCMPipelineManager.java:finalizeAndDestroyPipeline(311)) - destroying pipeline:Pipeline[ Id: ff96675e-0796-4ad9-b7a7-a1c7dca6accf, Nodes: 701ccf05-4c28-42f5-aa92-67be6d940b6d{ip: 192.168.69.85, host: pr-hdds-1054-8d95c-1017424488, networkLocation: /default-rack, certSerialId: null}ad2d061b-bce4-4929-94ab-c6ef8113ba3f{ip: 192.168.69.85, host: pr-hdds-1054-8d95c-1017424488, networkLocation: /default-rack, certSerialId: null}a9e3505a-b857-4083-807b-c489e4862dfa{ip: 192.168.69.85, host: pr-hdds-1054-8d95c-1017424488, networkLocation: /default-rack, certSerialId: null}, Type:RATIS, Factor:THREE, State:CLOSED]
2019-09-16 21:13:41,081 [grpc-default-executor-2] INFO  client.GrpcClientProtocolClient (GrpcClientProtocolClient.java:onNext(264)) - client-85FCB0D44123->a9e3505a-b857-4083-807b-c489e4862dfa: receive RaftClientReply:client-85FCB0D44123->a9e3505a-b857-4083-807b-c489e4862dfa@group-A1C7DCA6ACCF, cid=50, FAILED org.apache.ratis.protocol.NotLeaderException: Server a9e3505a-b857-4083-807b-c489e4862dfa@group-A1C7DCA6ACCF is not the leader ad2d061b-bce4-4929-94ab-c6ef8113ba3f:192.168.69.85:43917, logIndex=0, commits[a9e3505a-b857-4083-807b-c489e4862dfa:c4, ad2d061b-bce4-4929-94ab-c6ef8113ba3f:c4, 701ccf05-4c28-42f5-aa92-67be6d940b6d:c3]
2019-09-16 21:13:42,198 [grpc-default-executor-7] INFO  impl.RaftServerProxy (RaftServerProxy.java:addNew(89)) - 701ccf05-4c28-42f5-aa92-67be6d940b6d: addNew group-752ECAF84C9E:[ad2d061b-bce4-4929-94ab-c6ef8113ba3f:192.168.69.85:43917, 701ccf05-4c28-42f5-aa92-67be6d940b6d:192.168.69.85:36099, a9e3505a-b857-4083-807b-c489e4862dfa:192.168.69.85:41188] returns group-752ECAF84C9E:java.util.concurrent.CompletableFuture@629b683c[Not completed]
2019-09-16 21:13:42,199 [grpc-default-executor-2] INFO  impl.RaftServerProxy (RaftServerProxy.java:addNew(89)) - ad2d061b-bce4-4929-94ab-c6ef8113ba3f: addNew group-752ECAF84C9E:[ad2d061b-bce4-4929-94ab-c6ef8113ba3f:192.168.69.85:43917, 701ccf05-4c28-42f5-aa92-67be6d940b6d:192.168.69.85:36099, a9e3505a-b857-4083-807b-c489e4862dfa:192.168.69.85:41188] returns group-752ECAF84C9E:java.util.concurrent.CompletableFuture@6ba03714[Not completed]
2019-09-16 21:13:42,198 [grpc-default-executor-6] INFO  impl.RaftServerProxy (RaftServerProxy.java:addNew(89)) - a9e3505a-b857-4083-807b-c489e4862dfa: addNew group-752ECAF84C9E:[ad2d061b-bce4-4929-94ab-c6ef8113ba3f:192.168.69.85:43917, 701ccf05-4c28-42f5-aa92-67be6d940b6d:192.168.69.85:36099, a9e3505a-b857-4083-807b-c489e4862dfa:192.168.69.85:41188] returns group-752ECAF84C9E:java.util.concurrent.CompletableFuture@173848cb[Not completed]
2019-09-16 21:13:42,201 [pool-37-thread-1] INFO  impl.RaftServerImpl (RaftServerImpl.java:<init>(95)) - a9e3505a-b857-4083-807b-c489e4862dfa: new RaftServerImpl for group-752ECAF84C9E:[ad2d061b-bce4-4929-94ab-c6ef8113ba3f:192.168.69.85:43917, 701ccf05-4c28-42f5-aa92-67be6d940b6d:192.168.69.85:36099, a9e3505a-b857-4083-807b-c489e4862dfa:192.168.69.85:41188] with ContainerStateMachine:uninitialized
2019-09-16 21:13:42,201 [pool-37-thread-1] INFO  server.RaftServerConfigKeys (ConfUtils.java:logGet(43)) - raft.server.rpc.timeout.min = 5s (custom)
2019-09-16 21:13:42,201 [pool-37-thread-1] INFO  server.RaftServerConfigKeys (ConfUtils.java:logGet(43)) - raft.server.rpc.timeout.max = 5200ms (custom)
2019-09-16 21:13:42,201 [pool-37-thread-1] INFO  server.RaftServerConfigKeys (ConfUtils.java:logGet(43)) - raft.server.rpcslowness.timeout = 120s (custom)
2019-09-16 21:13:42,201 [pool-37-thread-1] INFO  server.RaftServerConfigKeys (ConfUtils.java:logGet(43)) - raft.server.sleep.deviation.threshold = 300 (default)
2019-09-16 21:13:42,201 [pool-37-thread-1] INFO  server.RaftServerConfigKeys (ConfUtils.java:logGet(43)) - raft.server.log.appender.install.snapshot.enabled = false (custom)
2019-09-16 21:13:42,201 [pool-37-thread-1] INFO  impl.RaftServerImpl (ServerState.java:<init>(103)) - a9e3505a-b857-4083-807b-c489e4862dfa@group-752ECAF84C9E: ConfigurationManager, init=-1: [ad2d061b-bce4-4929-94ab-c6ef8113ba3f:192.168.69.85:43917, 701ccf05-4c28-42f5-aa92-67be6d940b6d:192.168.69.85:36099, a9e3505a-b857-4083-807b-c489e4862dfa:192.168.69.85:41188], old=null, confs=<EMPTY_MAP>
2019-09-16 21:13:42,201 [pool-37-thread-1] INFO  server.RaftServerConfigKeys (ConfUtils.java:logGet(43)) - raft.server.storage.dir = [/workdir/hadoop-ozone/integration-test/target/test-dir/MiniOzoneClusterImpl-63b0d747-82b3-46ce-b4ba-fc0c669e0279/datanode-1/data/ratis] (custom)
2019-09-16 21:13:42,202 [pool-57-thread-1] INFO  impl.RaftServerImpl (RaftServerImpl.java:<init>(95)) - 701ccf05-4c28-42f5-aa92-67be6d940b6d: new RaftServerImpl for group-752ECAF84C9E:[ad2d061b-bce4-4929-94ab-c6ef8113ba3f:192.168.69.85:43917, 701ccf05-4c28-42f5-aa92-67be6d940b6d:192.168.69.85:36099, a9e3505a-b857-4083-807b-c489e4862dfa:192.168.69.85:41188] with ContainerStateMachine:uninitialized
2019-09-16 21:13:42,202 [pool-57-thread-1] INFO  server.RaftServerConfigKeys (ConfUtils.java:logGet(43)) - raft.server.rpc.timeout.min = 5s (custom)
2019-09-16 21:13:42,202 [pool-37-thread-1] INFO  storage.RaftStorageDirectory (RaftStorageDirectory.java:analyzeStorage(246)) - The storage directory /workdir/hadoop-ozone/integration-test/target/test-dir/MiniOzoneClusterImpl-63b0d747-82b3-46ce-b4ba-fc0c669e0279/datanode-1/data/ratis/adb6a8e8-55b1-432e-9d1e-752ecaf84c9e does not exist. Creating ...
2019-09-16 21:13:42,202 [pool-57-thread-1] INFO  server.RaftServerConfigKeys (ConfUtils.java:logGet(43)) - raft.server.rpc.timeout.max = 5200ms (custom)
2019-09-16 21:13:42,202 [pool-57-thread-1] INFO  server.RaftServerConfigKeys (ConfUtils.java:logGet(43)) - raft.server.rpcslowness.timeout = 120s (custom)
2019-09-16 21:13:42,202 [pool-57-thread-1] INFO  server.RaftServerConfigKeys (ConfUtils.java:logGet(43)) - raft.server.sleep.deviation.threshold = 300 (default)
2019-09-16 21:13:42,203 [pool-57-thread-1] INFO  server.RaftServerConfigKeys (ConfUtils.java:logGet(43)) - raft.server.log.appender.install.snapshot.enabled = false (custom)
2019-09-16 21:13:42,203 [pool-57-thread-1] INFO  impl.RaftServerImpl (ServerState.java:<init>(103)) - 701ccf05-4c28-42f5-aa92-67be6d940b6d@group-752ECAF84C9E: ConfigurationManager, init=-1: [ad2d061b-bce4-4929-94ab-c6ef8113ba3f:192.168.69.85:43917, 701ccf05-4c28-42f5-aa92-67be6d940b6d:192.168.69.85:36099, a9e3505a-b857-4083-807b-c489e4862dfa:192.168.69.85:41188], old=null, confs=<EMPTY_MAP>
2019-09-16 21:13:42,203 [pool-27-thread-1] INFO  impl.RaftServerImpl (RaftServerImpl.java:<init>(95)) - ad2d061b-bce4-4929-94ab-c6ef8113ba3f: new RaftServerImpl for group-752ECAF84C9E:[ad2d061b-bce4-4929-94ab-c6ef8113ba3f:192.168.69.85:43917, 701ccf05-4c28-42f5-aa92-67be6d940b6d:192.168.69.85:36099, a9e3505a-b857-4083-807b-c489e4862dfa:192.168.69.85:41188] with ContainerStateMachine:uninitialized
2019-09-16 21:13:42,203 [pool-57-thread-1] INFO  server.RaftServerConfigKeys (ConfUtils.java:logGet(43)) - raft.server.storage.dir = [/workdir/hadoop-ozone/integration-test/target/test-dir/MiniOzoneClusterImpl-63b0d747-82b3-46ce-b4ba-fc0c669e0279/datanode-3/data/ratis] (custom)
2019-09-16 21:13:42,203 [pool-27-thread-1] INFO  server.RaftServerConfigKeys (ConfUtils.java:logGet(43)) - raft.server.rpc.timeout.min = 5s (custom)
2019-09-16 21:13:42,203 [pool-27-thread-1] INFO  server.RaftServerConfigKeys (ConfUtils.java:logGet(43)) - raft.server.rpc.timeout.max = 5200ms (custom)
2019-09-16 21:13:42,203 [pool-57-thread-1] INFO  storage.RaftStorageDirectory (RaftStorageDirectory.java:analyzeStorage(246)) - The storage directory /workdir/hadoop-ozone/integration-test/target/test-dir/MiniOzoneClusterImpl-63b0d747-82b3-46ce-b4ba-fc0c669e0279/datanode-3/data/ratis/adb6a8e8-55b1-432e-9d1e-752ecaf84c9e does not exist. Creating ...
2019-09-16 21:13:42,203 [pool-27-thread-1] INFO  server.RaftServerConfigKeys (ConfUtils.java:logGet(43)) - raft.server.rpcslowness.timeout = 120s (custom)
2019-09-16 21:13:42,204 [pool-27-thread-1] INFO  server.RaftServerConfigKeys (ConfUtils.java:logGet(43)) - raft.server.sleep.deviation.threshold = 300 (default)
2019-09-16 21:13:42,204 [pool-27-thread-1] INFO  server.RaftServerConfigKeys (ConfUtils.java:logGet(43)) - raft.server.log.appender.install.snapshot.enabled = false (custom)
2019-09-16 21:13:42,204 [pool-27-thread-1] INFO  impl.RaftServerImpl (ServerState.java:<init>(103)) - ad2d061b-bce4-4929-94ab-c6ef8113ba3f@group-752ECAF84C9E: ConfigurationManager, init=-1: [ad2d061b-bce4-4929-94ab-c6ef8113ba3f:192.168.69.85:43917, 701ccf05-4c28-42f5-aa92-67be6d940b6d:192.168.69.85:36099, a9e3505a-b857-4083-807b-c489e4862dfa:192.168.69.85:41188], old=null, confs=<EMPTY_MAP>
2019-09-16 21:13:42,204 [pool-27-thread-1] INFO  server.RaftServerConfigKeys (ConfUtils.java:logGet(43)) - raft.server.storage.dir = [/workdir/hadoop-ozone/integration-test/target/test-dir/MiniOzoneClusterImpl-63b0d747-82b3-46ce-b4ba-fc0c669e0279/datanode-0/data/ratis] (custom)
2019-09-16 21:13:42,205 [pool-27-thread-1] INFO  storage.RaftStorageDirectory (RaftStorageDirectory.java:analyzeStorage(246)) - The storage directory /workdir/hadoop-ozone/integration-test/target/test-dir/MiniOzoneClusterImpl-63b0d747-82b3-46ce-b4ba-fc0c669e0279/datanode-0/data/ratis/adb6a8e8-55b1-432e-9d1e-752ecaf84c9e does not exist. Creating ...
2019-09-16 21:13:42,216 [pool-37-thread-1] INFO  storage.RaftStorageDirectory (RaftStorageDirectory.java:tryLock(328)) - Lock on /workdir/hadoop-ozone/integration-test/target/test-dir/MiniOzoneClusterImpl-63b0d747-82b3-46ce-b4ba-fc0c669e0279/datanode-1/data/ratis/adb6a8e8-55b1-432e-9d1e-752ecaf84c9e/in_use.lock acquired by nodename 16390@pr-hdds-1054-8d95c-1017424488
2019-09-16 21:13:42,216 [pool-27-thread-1] INFO  storage.RaftStorageDirectory (RaftStorageDirectory.java:tryLock(328)) - Lock on /workdir/hadoop-ozone/integration-test/target/test-dir/MiniOzoneClusterImpl-63b0d747-82b3-46ce-b4ba-fc0c669e0279/datanode-0/data/ratis/adb6a8e8-55b1-432e-9d1e-752ecaf84c9e/in_use.lock acquired by nodename 16390@pr-hdds-1054-8d95c-1017424488
2019-09-16 21:13:42,216 [pool-57-thread-1] INFO  storage.RaftStorageDirectory (RaftStorageDirectory.java:tryLock(328)) - Lock on /workdir/hadoop-ozone/integration-test/target/test-dir/MiniOzoneClusterImpl-63b0d747-82b3-46ce-b4ba-fc0c669e0279/datanode-3/data/ratis/adb6a8e8-55b1-432e-9d1e-752ecaf84c9e/in_use.lock acquired by nodename 16390@pr-hdds-1054-8d95c-1017424488
2019-09-16 21:13:42,230 [pool-37-thread-1] INFO  storage.RaftStorage (RaftStorage.java:format(72)) - Storage directory /workdir/hadoop-ozone/integration-test/target/test-dir/MiniOzoneClusterImpl-63b0d747-82b3-46ce-b4ba-fc0c669e0279/datanode-1/data/ratis/adb6a8e8-55b1-432e-9d1e-752ecaf84c9e has been successfully formatted.
2019-09-16 21:13:42,230 [pool-57-thread-1] INFO  storage.RaftStorage (RaftStorage.java:format(72)) - Storage directory /workdir/hadoop-ozone/integration-test/target/test-dir/MiniOzoneClusterImpl-63b0d747-82b3-46ce-b4ba-fc0c669e0279/datanode-3/data/ratis/adb6a8e8-55b1-432e-9d1e-752ecaf84c9e has been successfully formatted.
2019-09-16 21:13:42,230 [pool-27-thread-1] INFO  storage.RaftStorage (RaftStorage.java:format(72)) - Storage directory /workdir/hadoop-ozone/integration-test/target/test-dir/MiniOzoneClusterImpl-63b0d747-82b3-46ce-b4ba-fc0c669e0279/datanode-0/data/ratis/adb6a8e8-55b1-432e-9d1e-752ecaf84c9e has been successfully formatted.
2019-09-16 21:13:42,231 [pool-57-thread-1] INFO  ratis.ContainerStateMachine (ContainerStateMachine.java:loadSnapshot(230)) - group-752ECAF84C9E: The snapshot info is null. Setting the last applied indexto:(t:0, i:~)
2019-09-16 21:13:42,230 [pool-37-thread-1] INFO  ratis.ContainerStateMachine (ContainerStateMachine.java:loadSnapshot(230)) - group-752ECAF84C9E: The snapshot info is null. Setting the last applied indexto:(t:0, i:~)
2019-09-16 21:13:42,231 [pool-57-thread-1] INFO  server.RaftServerConfigKeys (ConfUtils.java:logGet(43)) - raft.server.notification.no-leader.timeout = 120s (custom)
2019-09-16 21:13:42,231 [pool-27-thread-1] INFO  ratis.ContainerStateMachine (ContainerStateMachine.java:loadSnapshot(230)) - group-752ECAF84C9E: The snapshot info is null. Setting the last applied indexto:(t:0, i:~)
2019-09-16 21:13:42,231 [pool-57-thread-1] INFO  server.RaftServerConfigKeys (ConfUtils.java:logGet(43)) - raft.server.log.use.memory = false (default)
2019-09-16 21:13:42,231 [pool-37-thread-1] INFO  server.RaftServerConfigKeys (ConfUtils.java:logGet(43)) - raft.server.notification.no-leader.timeout = 120s (custom)
2019-09-16 21:13:42,231 [pool-57-thread-1] INFO  server.RaftServerConfigKeys (ConfUtils.java:logGet(43)) - raft.server.log.purge.gap = 1000000 (custom)
2019-09-16 21:13:42,231 [pool-27-thread-1] INFO  server.RaftServerConfigKeys (ConfUtils.java:logGet(43)) - raft.server.notification.no-leader.timeout = 120s (custom)
2019-09-16 21:13:42,232 [pool-57-thread-1] INFO  server.RaftServerConfigKeys (ConfUtils.java:logGet(43)) - raft.server.log.appender.buffer.byte-limit = 33554432 (custom)
2019-09-16 21:13:42,231 [pool-37-thread-1] INFO  server.RaftServerConfigKeys (ConfUtils.java:logGet(43)) - raft.server.log.use.memory = false (default)
2019-09-16 21:13:42,232 [pool-57-thread-1] INFO  server.RaftServerConfigKeys (ConfUtils.java:logGet(43)) - raft.server.log.segment.size.max = 1048576 (custom)
2019-09-16 21:13:42,232 [pool-27-thread-1] INFO  server.RaftServerConfigKeys (ConfUtils.java:logGet(43)) - raft.server.log.use.memory = false (default)
2019-09-16 21:13:42,232 [pool-57-thread-1] INFO  server.RaftServerConfigKeys (ConfUtils.java:logGet(43)) - raft.server.log.segment.cache.num.max = 2 (custom)
2019-09-16 21:13:42,232 [pool-37-thread-1] INFO  server.RaftServerConfigKeys (ConfUtils.java:logGet(43)) - raft.server.log.purge.gap = 1000000 (custom)
2019-09-16 21:13:42,232 [pool-57-thread-1] INFO  segmented.SegmentedRaftLogWorker (SegmentedRaftLogWorker.java:<init>(172)) - new 701ccf05-4c28-42f5-aa92-67be6d940b6d@group-752ECAF84C9E-SegmentedRaftLogWorker for RaftStorage:Storage Directory /workdir/hadoop-ozone/integration-test/target/test-dir/MiniOzoneClusterImpl-63b0d747-82b3-46ce-b4ba-fc0c669e0279/datanode-3/data/ratis/adb6a8e8-55b1-432e-9d1e-752ecaf84c9e
2019-09-16 21:13:42,232 [pool-27-thread-1] INFO  server.RaftServerConfigKeys (ConfUtils.java:logGet(43)) - raft.server.log.purge.gap = 1000000 (custom)
2019-09-16 21:13:42,233 [pool-57-thread-1] INFO  server.RaftServerConfigKeys (ConfUtils.java:logGet(43)) - raft.server.log.queue.byte-limit = 2147483647 (custom)
2019-09-16 21:13:42,232 [pool-37-thread-1] INFO  server.RaftServerConfigKeys (ConfUtils.java:logGet(43)) - raft.server.log.appender.buffer.byte-limit = 33554432 (custom)
2019-09-16 21:13:42,233 [pool-57-thread-1] INFO  server.RaftServerConfigKeys (ConfUtils.java:logGet(43)) - raft.server.log.queue.element-limit = 1024 (custom)
2019-09-16 21:13:42,233 [pool-27-thread-1] INFO  server.RaftServerConfigKeys (ConfUtils.java:logGet(43)) - raft.server.log.appender.buffer.byte-limit = 33554432 (custom)
2019-09-16 21:13:42,233 [pool-57-thread-1] INFO  server.RaftServerConfigKeys (ConfUtils.java:logGet(43)) - raft.server.log.segment.size.max = 1048576 (custom)
2019-09-16 21:13:42,233 [pool-37-thread-1] INFO  server.RaftServerConfigKeys (ConfUtils.java:logGet(43)) - raft.server.log.segment.size.max = 1048576 (custom)
2019-09-16 21:13:42,233 [pool-57-thread-1] INFO  server.RaftServerConfigKeys (ConfUtils.java:logGet(43)) - raft.server.log.preallocated.size = 16384 (custom)
2019-09-16 21:13:42,233 [pool-27-thread-1] INFO  server.RaftServerConfigKeys (ConfUtils.java:logGet(43)) - raft.server.log.segment.size.max = 1048576 (custom)
2019-09-16 21:13:42,234 [pool-57-thread-1] INFO  server.RaftServerConfigKeys (ConfUtils.java:logGet(43)) - raft.server.log.write.buffer.size = 33554432 (custom)
2019-09-16 21:13:42,233 [pool-37-thread-1] INFO  server.RaftServerConfigKeys (ConfUtils.java:logGet(43)) - raft.server.log.segment.cache.num.max = 2 (custom)
2019-09-16 21:13:42,234 [pool-57-thread-1] INFO  server.RaftServerConfigKeys (ConfUtils.java:logGet(43)) - raft.server.log.force.sync.num = 128 (default)
2019-09-16 21:13:42,234 [pool-27-thread-1] INFO  server.RaftServerConfigKeys (ConfUtils.java:logGet(43)) - raft.server.log.segment.cache.num.max = 2 (custom)
2019-09-16 21:13:42,234 [pool-57-thread-1] INFO  server.RaftServerConfigKeys (ConfUtils.java:logGet(43)) - raft.server.log.statemachine.data.sync = true (default)
2019-09-16 21:13:42,234 [pool-37-thread-1] INFO  segmented.SegmentedRaftLogWorker (SegmentedRaftLogWorker.java:<init>(172)) - new a9e3505a-b857-4083-807b-c489e4862dfa@group-752ECAF84C9E-SegmentedRaftLogWorker for RaftStorage:Storage Directory /workdir/hadoop-ozone/integration-test/target/test-dir/MiniOzoneClusterImpl-63b0d747-82b3-46ce-b4ba-fc0c669e0279/datanode-1/data/ratis/adb6a8e8-55b1-432e-9d1e-752ecaf84c9e
2019-09-16 21:13:42,234 [pool-57-thread-1] INFO  server.RaftServerConfigKeys (ConfUtils.java:logGet(43)) - raft.server.log.statemachine.data.sync.timeout = 10s (default)
2019-09-16 21:13:42,234 [pool-27-thread-1] INFO  segmented.SegmentedRaftLogWorker (SegmentedRaftLogWorker.java:<init>(172)) - new ad2d061b-bce4-4929-94ab-c6ef8113ba3f@group-752ECAF84C9E-SegmentedRaftLogWorker for RaftStorage:Storage Directory /workdir/hadoop-ozone/integration-test/target/test-dir/MiniOzoneClusterImpl-63b0d747-82b3-46ce-b4ba-fc0c669e0279/datanode-0/data/ratis/adb6a8e8-55b1-432e-9d1e-752ecaf84c9e
2019-09-16 21:13:42,235 [pool-57-thread-1] INFO  server.RaftServerConfigKeys (ConfUtils.java:logGet(43)) - raft.server.log.statemachine.data.sync.timeout.retry = -1 (default)
2019-09-16 21:13:42,234 [pool-37-thread-1] INFO  server.RaftServerConfigKeys (ConfUtils.java:logGet(43)) - raft.server.log.queue.byte-limit = 2147483647 (custom)
2019-09-16 21:13:42,235 [pool-57-thread-1] INFO  server.RaftServerConfigKeys (ConfUtils.java:logGet(43)) - raft.server.log.statemachine.data.caching.enabled = true (custom)
2019-09-16 21:13:42,235 [pool-27-thread-1] INFO  server.RaftServerConfigKeys (ConfUtils.java:logGet(43)) - raft.server.log.queue.byte-limit = 2147483647 (custom)
2019-09-16 21:13:42,235 [pool-37-thread-1] INFO  server.RaftServerConfigKeys (ConfUtils.java:logGet(43)) - raft.server.log.queue.element-limit = 1024 (custom)
2019-09-16 21:13:42,235 [pool-27-thread-1] INFO  server.RaftServerConfigKeys (ConfUtils.java:logGet(43)) - raft.server.log.queue.element-limit = 1024 (custom)
2019-09-16 21:13:42,235 [pool-57-thread-1] INFO  segmented.SegmentedRaftLogWorker (SegmentedRaftLogWorker.java:lambda$new$0(132)) - 701ccf05-4c28-42f5-aa92-67be6d940b6d@group-752ECAF84C9E-SegmentedRaftLogWorker: flushIndex: setUnconditionally 0 -> -1
2019-09-16 21:13:42,235 [pool-37-thread-1] INFO  server.RaftServerConfigKeys (ConfUtils.java:logGet(43)) - raft.server.log.segment.size.max = 1048576 (custom)
2019-09-16 21:13:42,235 [pool-27-thread-1] INFO  server.RaftServerConfigKeys (ConfUtils.java:logGet(43)) - raft.server.log.segment.size.max = 1048576 (custom)
2019-09-16 21:13:42,236 [pool-37-thread-1] INFO  server.RaftServerConfigKeys (ConfUtils.java:logGet(43)) - raft.server.log.preallocated.size = 16384 (custom)
2019-09-16 21:13:42,236 [pool-57-thread-1] INFO  server.RaftServerConfigKeys (ConfUtils.java:logGet(43)) - raft.server.snapshot.auto.trigger.enabled = true (custom)
2019-09-16 21:13:42,236 [pool-27-thread-1] INFO  server.RaftServerConfigKeys (ConfUtils.java:logGet(43)) - raft.server.log.preallocated.size = 16384 (custom)
2019-09-16 21:13:42,236 [pool-57-thread-1] INFO  server.RaftServerConfigKeys (ConfUtils.java:logGet(43)) - raft.server.snapshot.auto.trigger.threshold = 10000 (custom)
2019-09-16 21:13:42,236 [pool-37-thread-1] INFO  server.RaftServerConfigKeys (ConfUtils.java:logGet(43)) - raft.server.log.write.buffer.size = 33554432 (custom)
2019-09-16 21:13:42,236 [pool-57-thread-1] INFO  server.RaftServerConfigKeys (ConfUtils.java:logGet(43)) - raft.server.snapshot.retention.num.files = -1 (default)
2019-09-16 21:13:42,236 [pool-27-thread-1] INFO  server.RaftServerConfigKeys (ConfUtils.java:logGet(43)) - raft.server.log.write.buffer.size = 33554432 (custom)
2019-09-16 21:13:42,237 [pool-57-thread-1] INFO  server.RaftServerConfigKeys (ConfUtils.java:logGet(43)) - raft.server.retrycache.expirytime = 600000ms (custom)
2019-09-16 21:13:42,236 [pool-37-thread-1] INFO  server.RaftServerConfigKeys (ConfUtils.java:logGet(43)) - raft.server.log.force.sync.num = 128 (default)
2019-09-16 21:13:42,237 [pool-27-thread-1] INFO  server.RaftServerConfigKeys (ConfUtils.java:logGet(43)) - raft.server.log.force.sync.num = 128 (default)
2019-09-16 21:13:42,237 [pool-37-thread-1] INFO  server.RaftServerConfigKeys (ConfUtils.java:logGet(43)) - raft.server.log.statemachine.data.sync = true (default)
2019-09-16 21:13:42,237 [pool-27-thread-1] INFO  server.RaftServerConfigKeys (ConfUtils.java:logGet(43)) - raft.server.log.statemachine.data.sync = true (default)
2019-09-16 21:13:42,237 [pool-37-thread-1] INFO  server.RaftServerConfigKeys (ConfUtils.java:logGet(43)) - raft.server.log.statemachine.data.sync.timeout = 10s (default)
2019-09-16 21:13:42,237 [pool-27-thread-1] INFO  server.RaftServerConfigKeys (ConfUtils.java:logGet(43)) - raft.server.log.statemachine.data.sync.timeout = 10s (default)
2019-09-16 21:13:42,237 [pool-37-thread-1] INFO  server.RaftServerConfigKeys (ConfUtils.java:logGet(43)) - raft.server.log.statemachine.data.sync.timeout.retry = -1 (default)
2019-09-16 21:13:42,238 [pool-27-thread-1] INFO  server.RaftServerConfigKeys (ConfUtils.java:logGet(43)) - raft.server.log.statemachine.data.sync.timeout.retry = -1 (default)
2019-09-16 21:13:42,238 [pool-37-thread-1] INFO  server.RaftServerConfigKeys (ConfUtils.java:logGet(43)) - raft.server.log.statemachine.data.caching.enabled = true (custom)
2019-09-16 21:13:42,238 [pool-27-thread-1] INFO  server.RaftServerConfigKeys (ConfUtils.java:logGet(43)) - raft.server.log.statemachine.data.caching.enabled = true (custom)
2019-09-16 21:13:42,238 [pool-37-thread-1] INFO  segmented.SegmentedRaftLogWorker (SegmentedRaftLogWorker.java:lambda$new$0(132)) - a9e3505a-b857-4083-807b-c489e4862dfa@group-752ECAF84C9E-SegmentedRaftLogWorker: flushIndex: setUnconditionally 0 -> -1
2019-09-16 21:13:42,238 [pool-27-thread-1] INFO  segmented.SegmentedRaftLogWorker (SegmentedRaftLogWorker.java:lambda$new$0(132)) - ad2d061b-bce4-4929-94ab-c6ef8113ba3f@group-752ECAF84C9E-SegmentedRaftLogWorker: flushIndex: setUnconditionally 0 -> -1
2019-09-16 21:13:42,239 [pool-37-thread-1] INFO  server.RaftServerConfigKeys (ConfUtils.java:logGet(43)) - raft.server.snapshot.auto.trigger.enabled = true (custom)
2019-09-16 21:13:42,239 [pool-37-thread-1] INFO  server.RaftServerConfigKeys (ConfUtils.java:logGet(43)) - raft.server.snapshot.auto.trigger.threshold = 10000 (custom)
2019-09-16 21:13:42,239 [pool-37-thread-1] INFO  server.RaftServerConfigKeys (ConfUtils.java:logGet(43)) - raft.server.snapshot.retention.num.files = -1 (default)
2019-09-16 21:13:42,239 [pool-27-thread-1] INFO  server.RaftServerConfigKeys (ConfUtils.java:logGet(43)) - raft.server.snapshot.auto.trigger.enabled = true (custom)
2019-09-16 21:13:42,239 [pool-37-thread-1] INFO  server.RaftServerConfigKeys (ConfUtils.java:logGet(43)) - raft.server.retrycache.expirytime = 600000ms (custom)
2019-09-16 21:13:42,239 [pool-27-thread-1] INFO  server.RaftServerConfigKeys (ConfUtils.java:logGet(43)) - raft.server.snapshot.auto.trigger.threshold = 10000 (custom)
2019-09-16 21:13:42,239 [pool-27-thread-1] INFO  server.RaftServerConfigKeys (ConfUtils.java:logGet(43)) - raft.server.snapshot.retention.num.files = -1 (default)
2019-09-16 21:13:42,240 [pool-27-thread-1] INFO  server.RaftServerConfigKeys (ConfUtils.java:logGet(43)) - raft.server.retrycache.expirytime = 600000ms (custom)
2019-09-16 21:13:42,240 [pool-57-thread-1] INFO  impl.RaftServerImpl (RaftServerImpl.java:start(185)) - 701ccf05-4c28-42f5-aa92-67be6d940b6d@group-752ECAF84C9E: start as a follower, conf=-1: [ad2d061b-bce4-4929-94ab-c6ef8113ba3f:192.168.69.85:43917, 701ccf05-4c28-42f5-aa92-67be6d940b6d:192.168.69.85:36099, a9e3505a-b857-4083-807b-c489e4862dfa:192.168.69.85:41188], old=null
2019-09-16 21:13:42,240 [pool-57-thread-1] INFO  impl.RaftServerImpl (RaftServerImpl.java:setRole(174)) - 701ccf05-4c28-42f5-aa92-67be6d940b6d@group-752ECAF84C9E: changes role from      null to FOLLOWER at term 0 for startAsFollower
2019-09-16 21:13:42,241 [pool-57-thread-1] INFO  impl.RoleInfo (RoleInfo.java:updateAndGet(143)) - 701ccf05-4c28-42f5-aa92-67be6d940b6d: start FollowerState
2019-09-16 21:13:42,241 [pool-37-thread-1] INFO  impl.RaftServerImpl (RaftServerImpl.java:start(185)) - a9e3505a-b857-4083-807b-c489e4862dfa@group-752ECAF84C9E: start as a follower, conf=-1: [ad2d061b-bce4-4929-94ab-c6ef8113ba3f:192.168.69.85:43917, 701ccf05-4c28-42f5-aa92-67be6d940b6d:192.168.69.85:36099, a9e3505a-b857-4083-807b-c489e4862dfa:192.168.69.85:41188], old=null
2019-09-16 21:13:42,241 [pool-57-thread-1] INFO  util.JmxRegister (JmxRegister.java:tryRegister(44)) - Successfully registered JMX Bean with object name Ratis:service=RaftServer,group=group-752ECAF84C9E,id=701ccf05-4c28-42f5-aa92-67be6d940b6d
2019-09-16 21:13:42,241 [pool-37-thread-1] INFO  impl.RaftServerImpl (RaftServerImpl.java:setRole(174)) - a9e3505a-b857-4083-807b-c489e4862dfa@group-752ECAF84C9E: changes role from      null to FOLLOWER at term 0 for startAsFollower
2019-09-16 21:13:42,242 [pool-37-thread-1] INFO  impl.RoleInfo (RoleInfo.java:updateAndGet(143)) - a9e3505a-b857-4083-807b-c489e4862dfa: start FollowerState
2019-09-16 21:13:42,242 [pool-37-thread-1] INFO  util.JmxRegister (JmxRegister.java:tryRegister(44)) - Successfully registered JMX Bean with object name Ratis:service=RaftServer,group=group-752ECAF84C9E,id=a9e3505a-b857-4083-807b-c489e4862dfa
2019-09-16 21:13:42,244 [pool-27-thread-1] INFO  impl.RaftServerImpl (RaftServerImpl.java:start(185)) - ad2d061b-bce4-4929-94ab-c6ef8113ba3f@group-752ECAF84C9E: start as a follower, conf=-1: [ad2d061b-bce4-4929-94ab-c6ef8113ba3f:192.168.69.85:43917, 701ccf05-4c28-42f5-aa92-67be6d940b6d:192.168.69.85:36099, a9e3505a-b857-4083-807b-c489e4862dfa:192.168.69.85:41188], old=null
2019-09-16 21:13:42,244 [pool-27-thread-1] INFO  impl.RaftServerImpl (RaftServerImpl.java:setRole(174)) - ad2d061b-bce4-4929-94ab-c6ef8113ba3f@group-752ECAF84C9E: changes role from      null to FOLLOWER at term 0 for startAsFollower
2019-09-16 21:13:42,244 [pool-27-thread-1] INFO  impl.RoleInfo (RoleInfo.java:updateAndGet(143)) - ad2d061b-bce4-4929-94ab-c6ef8113ba3f: start FollowerState
2019-09-16 21:13:42,245 [pool-27-thread-1] INFO  util.JmxRegister (JmxRegister.java:tryRegister(44)) - Successfully registered JMX Bean with object name Ratis:service=RaftServer,group=group-752ECAF84C9E,id=ad2d061b-bce4-4929-94ab-c6ef8113ba3f
2019-09-16 21:13:42,247 [RatisPipelineUtilsThread] INFO  pipeline.PipelineStateManager (PipelineStateManager.java:addPipeline(56)) - Created pipeline Pipeline[ Id: adb6a8e8-55b1-432e-9d1e-752ecaf84c9e, Nodes: 701ccf05-4c28-42f5-aa92-67be6d940b6d{ip: 192.168.69.85, host: pr-hdds-1054-8d95c-1017424488, networkLocation: /default-rack, certSerialId: null}ad2d061b-bce4-4929-94ab-c6ef8113ba3f{ip: 192.168.69.85, host: pr-hdds-1054-8d95c-1017424488, networkLocation: /default-rack, certSerialId: null}a9e3505a-b857-4083-807b-c489e4862dfa{ip: 192.168.69.85, host: pr-hdds-1054-8d95c-1017424488, networkLocation: /default-rack, certSerialId: null}, Type:RATIS, Factor:THREE, State:OPEN]
2019-09-16 21:13:42,397 [org.apache.ratis.server.impl.LogAppender$AppenderDaemon$$Lambda$505/1255135911@492a8bb0] ERROR ratis.XceiverServerRatis (XceiverServerRatis.java:triggerPipelineClose(568)) - pipeline Action CLOSE  on pipeline PipelineID=ff96675e-0796-4ad9-b7a7-a1c7dca6accf.Reason : ad2d061b-bce4-4929-94ab-c6ef8113ba3f has not seen follower/s 701ccf05-4c28-42f5-aa92-67be6d940b6d for 152801ms a9e3505a-b857-4083-807b-c489e4862dfa for 152801ms
2019-09-16 21:13:42,397 [org.apache.ratis.server.impl.LogAppender$AppenderDaemon$$Lambda$505/1255135911@3fea3e93] ERROR ratis.XceiverServerRatis (XceiverServerRatis.java:triggerPipelineClose(568)) - pipeline Action CLOSE  on pipeline PipelineID=ff96675e-0796-4ad9-b7a7-a1c7dca6accf.Reason : ad2d061b-bce4-4929-94ab-c6ef8113ba3f has not seen follower/s 701ccf05-4c28-42f5-aa92-67be6d940b6d for 152801ms a9e3505a-b857-4083-807b-c489e4862dfa for 152801ms
2019-09-16 21:13:42,888 [EventQueue-PipelineActionsForPipelineActionHandler] ERROR pipeline.PipelineActionHandler (PipelineActionHandler.java:onMessage(60)) - Received pipeline action CLOSE for Pipeline[ Id: ff96675e-0796-4ad9-b7a7-a1c7dca6accf, Nodes: 701ccf05-4c28-42f5-aa92-67be6d940b6d{ip: 192.168.69.85, host: pr-hdds-1054-8d95c-1017424488, networkLocation: /default-rack, certSerialId: null}ad2d061b-bce4-4929-94ab-c6ef8113ba3f{ip: 192.168.69.85, host: pr-hdds-1054-8d95c-1017424488, networkLocation: /default-rack, certSerialId: null}a9e3505a-b857-4083-807b-c489e4862dfa{ip: 192.168.69.85, host: pr-hdds-1054-8d95c-1017424488, networkLocation: /default-rack, certSerialId: null}, Type:RATIS, Factor:THREE, State:CLOSED] from datanode ad2d061b-bce4-4929-94ab-c6ef8113ba3f{ip: 192.168.69.85, host: pr-hdds-1054-8d95c-1017424488, networkLocation: /default-rack, certSerialId: null}. Reason : ad2d061b-bce4-4929-94ab-c6ef8113ba3f has not seen follower/s 701ccf05-4c28-42f5-aa92-67be6d940b6d for 152801ms a9e3505a-b857-4083-807b-c489e4862dfa for 152801ms
2019-09-16 21:13:42,889 [EventQueue-PipelineActionsForPipelineActionHandler] INFO  pipeline.SCMPipelineManager (SCMPipelineManager.java:finalizeAndDestroyPipeline(311)) - destroying pipeline:Pipeline[ Id: ff96675e-0796-4ad9-b7a7-a1c7dca6accf, Nodes: 701ccf05-4c28-42f5-aa92-67be6d940b6d{ip: 192.168.69.85, host: pr-hdds-1054-8d95c-1017424488, networkLocation: /default-rack, certSerialId: null}ad2d061b-bce4-4929-94ab-c6ef8113ba3f{ip: 192.168.69.85, host: pr-hdds-1054-8d95c-1017424488, networkLocation: /default-rack, certSerialId: null}a9e3505a-b857-4083-807b-c489e4862dfa{ip: 192.168.69.85, host: pr-hdds-1054-8d95c-1017424488, networkLocation: /default-rack, certSerialId: null}, Type:RATIS, Factor:THREE, State:CLOSED]
2019-09-16 21:13:42,897 [java.util.concurrent.ThreadPoolExecutor$Worker@8186817[State = -1, empty queue]] WARN  server.GrpcLogAppender (GrpcLogAppender.java:timeoutAppendRequest(200)) - ad2d061b-bce4-4929-94ab-c6ef8113ba3f@group-A1C7DCA6ACCF->701ccf05-4c28-42f5-aa92-67be6d940b6d-GrpcLogAppender: appendEntries Timeout, request=ad2d061b-bce4-4929-94ab-c6ef8113ba3f->701ccf05-4c28-42f5-aa92-67be6d940b6d#72-t1, previous=(t:1, i:11), leaderCommit=4, initializing? false, entries: <empty>
2019-09-16 21:13:42,897 [java.util.concurrent.ThreadPoolExecutor$Worker@796e945c[State = -1, empty queue]] WARN  server.GrpcLogAppender (GrpcLogAppender.java:timeoutAppendRequest(200)) - ad2d061b-bce4-4929-94ab-c6ef8113ba3f@group-A1C7DCA6ACCF->a9e3505a-b857-4083-807b-c489e4862dfa-GrpcLogAppender: appendEntries Timeout, request=ad2d061b-bce4-4929-94ab-c6ef8113ba3f->a9e3505a-b857-4083-807b-c489e4862dfa#72-t1, previous=(t:1, i:11), leaderCommit=4, initializing? false, entries: <empty>
2019-09-16 21:13:44,898 [org.apache.ratis.server.impl.LogAppender$AppenderDaemon$$Lambda$505/1255135911@3fea3e93] ERROR ratis.XceiverServerRatis (XceiverServerRatis.java:triggerPipelineClose(568)) - pipeline Action CLOSE  on pipeline PipelineID=ff96675e-0796-4ad9-b7a7-a1c7dca6accf.Reason : ad2d061b-bce4-4929-94ab-c6ef8113ba3f has not seen follower/s 701ccf05-4c28-42f5-aa92-67be6d940b6d for 155302ms a9e3505a-b857-4083-807b-c489e4862dfa for 155302ms
2019-09-16 21:13:44,898 [org.apache.ratis.server.impl.LogAppender$AppenderDaemon$$Lambda$505/1255135911@492a8bb0] ERROR ratis.XceiverServerRatis (XceiverServerRatis.java:triggerPipelineClose(568)) - pipeline Action CLOSE  on pipeline PipelineID=ff96675e-0796-4ad9-b7a7-a1c7dca6accf.Reason : ad2d061b-bce4-4929-94ab-c6ef8113ba3f has not seen follower/s 701ccf05-4c28-42f5-aa92-67be6d940b6d for 155302ms a9e3505a-b857-4083-807b-c489e4862dfa for 155302ms
2019-09-16 21:13:45,397 [java.util.concurrent.ThreadPoolExecutor$Worker@796e945c[State = -1, empty queue]] WARN  server.GrpcLogAppender (GrpcLogAppender.java:timeoutAppendRequest(200)) - ad2d061b-bce4-4929-94ab-c6ef8113ba3f@group-A1C7DCA6ACCF->a9e3505a-b857-4083-807b-c489e4862dfa-GrpcLogAppender: appendEntries Timeout, request=ad2d061b-bce4-4929-94ab-c6ef8113ba3f->a9e3505a-b857-4083-807b-c489e4862dfa#73-t1, previous=(t:1, i:11), leaderCommit=4, initializing? false, entries: <empty>
2019-09-16 21:13:45,397 [java.util.concurrent.ThreadPoolExecutor$Worker@8186817[State = -1, empty queue]] WARN  server.GrpcLogAppender (GrpcLogAppender.java:timeoutAppendRequest(200)) - ad2d061b-bce4-4929-94ab-c6ef8113ba3f@group-A1C7DCA6ACCF->701ccf05-4c28-42f5-aa92-67be6d940b6d-GrpcLogAppender: appendEntries Timeout, request=ad2d061b-bce4-4929-94ab-c6ef8113ba3f->701ccf05-4c28-42f5-aa92-67be6d940b6d#73-t1, previous=(t:1, i:11), leaderCommit=4, initializing? false, entries: <empty>
2019-09-16 21:13:45,889 [EventQueue-PipelineActionsForPipelineActionHandler] ERROR pipeline.PipelineActionHandler (PipelineActionHandler.java:onMessage(60)) - Received pipeline action CLOSE for Pipeline[ Id: ff96675e-0796-4ad9-b7a7-a1c7dca6accf, Nodes: 701ccf05-4c28-42f5-aa92-67be6d940b6d{ip: 192.168.69.85, host: pr-hdds-1054-8d95c-1017424488, networkLocation: /default-rack, certSerialId: null}ad2d061b-bce4-4929-94ab-c6ef8113ba3f{ip: 192.168.69.85, host: pr-hdds-1054-8d95c-1017424488, networkLocation: /default-rack, certSerialId: null}a9e3505a-b857-4083-807b-c489e4862dfa{ip: 192.168.69.85, host: pr-hdds-1054-8d95c-1017424488, networkLocation: /default-rack, certSerialId: null}, Type:RATIS, Factor:THREE, State:CLOSED] from datanode ad2d061b-bce4-4929-94ab-c6ef8113ba3f{ip: 192.168.69.85, host: pr-hdds-1054-8d95c-1017424488, networkLocation: /default-rack, certSerialId: null}. Reason : ad2d061b-bce4-4929-94ab-c6ef8113ba3f has not seen follower/s 701ccf05-4c28-42f5-aa92-67be6d940b6d for 155302ms a9e3505a-b857-4083-807b-c489e4862dfa for 155302ms
2019-09-16 21:13:45,890 [EventQueue-PipelineActionsForPipelineActionHandler] INFO  pipeline.SCMPipelineManager (SCMPipelineManager.java:finalizeAndDestroyPipeline(311)) - destroying pipeline:Pipeline[ Id: ff96675e-0796-4ad9-b7a7-a1c7dca6accf, Nodes: 701ccf05-4c28-42f5-aa92-67be6d940b6d{ip: 192.168.69.85, host: pr-hdds-1054-8d95c-1017424488, networkLocation: /default-rack, certSerialId: null}ad2d061b-bce4-4929-94ab-c6ef8113ba3f{ip: 192.168.69.85, host: pr-hdds-1054-8d95c-1017424488, networkLocation: /default-rack, certSerialId: null}a9e3505a-b857-4083-807b-c489e4862dfa{ip: 192.168.69.85, host: pr-hdds-1054-8d95c-1017424488, networkLocation: /default-rack, certSerialId: null}, Type:RATIS, Factor:THREE, State:CLOSED]
2019-09-16 21:13:46,145 [grpc-default-executor-6] INFO  client.GrpcClientProtocolClient (GrpcClientProtocolClient.java:onNext(264)) - client-85FCB0D44123->a9e3505a-b857-4083-807b-c489e4862dfa: receive RaftClientReply:client-85FCB0D44123->a9e3505a-b857-4083-807b-c489e4862dfa@group-A1C7DCA6ACCF, cid=50, FAILED org.apache.ratis.protocol.NotLeaderException: Server a9e3505a-b857-4083-807b-c489e4862dfa@group-A1C7DCA6ACCF is not the leader ad2d061b-bce4-4929-94ab-c6ef8113ba3f:192.168.69.85:43917, logIndex=0, commits[a9e3505a-b857-4083-807b-c489e4862dfa:c4, ad2d061b-bce4-4929-94ab-c6ef8113ba3f:c4, 701ccf05-4c28-42f5-aa92-67be6d940b6d:c3]
2019-09-16 21:13:47,284 [Thread-1435] INFO  impl.FollowerState (FollowerState.java:run(106)) - 701ccf05-4c28-42f5-aa92-67be6d940b6d:group-752ECAF84C9E changes to CANDIDATE, lastRpcTime:5043, electionTimeout:5043ms
2019-09-16 21:13:47,285 [Thread-1435] INFO  impl.RoleInfo (RoleInfo.java:shutdownFollowerState(121)) - 701ccf05-4c28-42f5-aa92-67be6d940b6d: shutdown FollowerState
2019-09-16 21:13:47,286 [Thread-1435] INFO  impl.RaftServerImpl (RaftServerImpl.java:setRole(174)) - 701ccf05-4c28-42f5-aa92-67be6d940b6d@group-752ECAF84C9E: changes role from  FOLLOWER to CANDIDATE at term 0 for changeToCandidate
2019-09-16 21:13:47,286 [Thread-1435] INFO  impl.RoleInfo (RoleInfo.java:updateAndGet(143)) - 701ccf05-4c28-42f5-aa92-67be6d940b6d: start LeaderElection
2019-09-16 21:13:47,366 [Thread-1436] INFO  impl.FollowerState (FollowerState.java:run(106)) - a9e3505a-b857-4083-807b-c489e4862dfa:group-752ECAF84C9E changes to CANDIDATE, lastRpcTime:5124, electionTimeout:5124ms
2019-09-16 21:13:47,367 [Thread-1436] INFO  impl.RoleInfo (RoleInfo.java:shutdownFollowerState(121)) - a9e3505a-b857-4083-807b-c489e4862dfa: shutdown FollowerState
2019-09-16 21:13:47,367 [Thread-1436] INFO  impl.RaftServerImpl (RaftServerImpl.java:setRole(174)) - a9e3505a-b857-4083-807b-c489e4862dfa@group-752ECAF84C9E: changes role from  FOLLOWER to CANDIDATE at term 0 for changeToCandidate
2019-09-16 21:13:47,367 [Thread-1436] INFO  impl.RoleInfo (RoleInfo.java:updateAndGet(143)) - a9e3505a-b857-4083-807b-c489e4862dfa: start LeaderElection
2019-09-16 21:13:47,375 [701ccf05-4c28-42f5-aa92-67be6d940b6d@group-752ECAF84C9E:LeaderElection18] INFO  impl.LeaderElection (LeaderElection.java:askForVotes(182)) - 701ccf05-4c28-42f5-aa92-67be6d940b6d@group-752ECAF84C9E:LeaderElection18: begin an election at term 1 for -1: [ad2d061b-bce4-4929-94ab-c6ef8113ba3f:192.168.69.85:43917, 701ccf05-4c28-42f5-aa92-67be6d940b6d:192.168.69.85:36099, a9e3505a-b857-4083-807b-c489e4862dfa:192.168.69.85:41188], old=null
2019-09-16 21:13:47,385 [grpc-default-executor-6] INFO  impl.RaftServerImpl (RaftServerImpl.java:setRole(174)) - ad2d061b-bce4-4929-94ab-c6ef8113ba3f@group-752ECAF84C9E: changes role from  FOLLOWER to FOLLOWER at term 1 for recognizeCandidate:701ccf05-4c28-42f5-aa92-67be6d940b6d
2019-09-16 21:13:47,385 [grpc-default-executor-6] INFO  impl.RoleInfo (RoleInfo.java:shutdownFollowerState(121)) - ad2d061b-bce4-4929-94ab-c6ef8113ba3f: shutdown FollowerState
2019-09-16 21:13:47,385 [grpc-default-executor-6] INFO  impl.RoleInfo (RoleInfo.java:updateAndGet(143)) - ad2d061b-bce4-4929-94ab-c6ef8113ba3f: start FollowerState
2019-09-16 21:13:47,386 [Thread-1439] INFO  impl.FollowerState (FollowerState.java:run(115)) - ad2d061b-bce4-4929-94ab-c6ef8113ba3f: FollowerState was interrupted: java.lang.InterruptedException: sleep interrupted
2019-09-16 21:13:47,399 [org.apache.ratis.server.impl.LogAppender$AppenderDaemon$$Lambda$505/1255135911@3fea3e93] ERROR ratis.XceiverServerRatis (XceiverServerRatis.java:triggerPipelineClose(568)) - pipeline Action CLOSE  on pipeline PipelineID=ff96675e-0796-4ad9-b7a7-a1c7dca6accf.Reason : ad2d061b-bce4-4929-94ab-c6ef8113ba3f has not seen follower/s 701ccf05-4c28-42f5-aa92-67be6d940b6d for 157802ms a9e3505a-b857-4083-807b-c489e4862dfa for 157802ms
2019-09-16 21:13:47,399 [org.apache.ratis.server.impl.LogAppender$AppenderDaemon$$Lambda$505/1255135911@492a8bb0] ERROR ratis.XceiverServerRatis (XceiverServerRatis.java:triggerPipelineClose(568)) - pipeline Action CLOSE  on pipeline PipelineID=ff96675e-0796-4ad9-b7a7-a1c7dca6accf.Reason : ad2d061b-bce4-4929-94ab-c6ef8113ba3f has not seen follower/s 701ccf05-4c28-42f5-aa92-67be6d940b6d for 157803ms a9e3505a-b857-4083-807b-c489e4862dfa for 157803ms
2019-09-16 21:13:47,435 [a9e3505a-b857-4083-807b-c489e4862dfa@group-752ECAF84C9E:LeaderElection19] INFO  impl.LeaderElection (LeaderElection.java:askForVotes(182)) - a9e3505a-b857-4083-807b-c489e4862dfa@group-752ECAF84C9E:LeaderElection19: begin an election at term 1 for -1: [ad2d061b-bce4-4929-94ab-c6ef8113ba3f:192.168.69.85:43917, 701ccf05-4c28-42f5-aa92-67be6d940b6d:192.168.69.85:36099, a9e3505a-b857-4083-807b-c489e4862dfa:192.168.69.85:41188], old=null
2019-09-16 21:13:47,436 [701ccf05-4c28-42f5-aa92-67be6d940b6d@group-752ECAF84C9E:LeaderElection18] INFO  impl.LeaderElection (LeaderElection.java:logAndReturn(56)) - 701ccf05-4c28-42f5-aa92-67be6d940b6d@group-752ECAF84C9E:LeaderElection18: Election PASSED; received 2 response(s) [701ccf05-4c28-42f5-aa92-67be6d940b6d<-ad2d061b-bce4-4929-94ab-c6ef8113ba3f#0:OK-t1, 701ccf05-4c28-42f5-aa92-67be6d940b6d<-a9e3505a-b857-4083-807b-c489e4862dfa#0:FAIL-t1] and 0 exception(s); 701ccf05-4c28-42f5-aa92-67be6d940b6d@group-752ECAF84C9E:t1, leader=null, voted=701ccf05-4c28-42f5-aa92-67be6d940b6d, raftlog=701ccf05-4c28-42f5-aa92-67be6d940b6d@group-752ECAF84C9E-SegmentedRaftLog:OPENED:c-1,f-1,i0, conf=-1: [ad2d061b-bce4-4929-94ab-c6ef8113ba3f:192.168.69.85:43917, 701ccf05-4c28-42f5-aa92-67be6d940b6d:192.168.69.85:36099, a9e3505a-b857-4083-807b-c489e4862dfa:192.168.69.85:41188], old=null
2019-09-16 21:13:47,437 [701ccf05-4c28-42f5-aa92-67be6d940b6d@group-752ECAF84C9E:LeaderElection18] INFO  impl.RoleInfo (RoleInfo.java:shutdownLeaderElection(134)) - 701ccf05-4c28-42f5-aa92-67be6d940b6d: shutdown LeaderElection
2019-09-16 21:13:47,437 [701ccf05-4c28-42f5-aa92-67be6d940b6d@group-752ECAF84C9E:LeaderElection18] INFO  impl.RaftServerImpl (RaftServerImpl.java:setRole(174)) - 701ccf05-4c28-42f5-aa92-67be6d940b6d@group-752ECAF84C9E: changes role from CANDIDATE to LEADER at term 1 for changeToLeader
2019-09-16 21:13:47,437 [701ccf05-4c28-42f5-aa92-67be6d940b6d@group-752ECAF84C9E:LeaderElection18] INFO  impl.RaftServerImpl (ServerState.java:setLeader(253)) - 701ccf05-4c28-42f5-aa92-67be6d940b6d@group-752ECAF84C9E: change Leader from null to 701ccf05-4c28-42f5-aa92-67be6d940b6d at term 1 for becomeLeader, leader elected after 5206ms
2019-09-16 21:13:47,438 [701ccf05-4c28-42f5-aa92-67be6d940b6d@group-752ECAF84C9E:LeaderElection18] INFO  server.RaftServerConfigKeys (ConfUtils.java:logGet(43)) - raft.server.staging.catchup.gap = 1000 (default)
2019-09-16 21:13:47,441 [701ccf05-4c28-42f5-aa92-67be6d940b6d@group-752ECAF84C9E:LeaderElection18] INFO  server.RaftServerConfigKeys (ConfUtils.java:logGet(43)) - raft.server.rpc.sleep.time = 25ms (default)
2019-09-16 21:13:47,441 [701ccf05-4c28-42f5-aa92-67be6d940b6d@group-752ECAF84C9E:LeaderElection18] INFO  server.RaftServerConfigKeys (ConfUtils.java:logGet(43)) - raft.server.write.element-limit = 4096 (default)
2019-09-16 21:13:47,441 [701ccf05-4c28-42f5-aa92-67be6d940b6d@group-752ECAF84C9E:LeaderElection18] INFO  server.RaftServerConfigKeys (ConfUtils.java:logGet(43)) - raft.server.watch.timeout = 10s (default)
2019-09-16 21:13:47,441 [701ccf05-4c28-42f5-aa92-67be6d940b6d@group-752ECAF84C9E:LeaderElection18] INFO  server.RaftServerConfigKeys (ConfUtils.java:logGet(43)) - raft.server.watch.timeout.denomination = 1s (default)
2019-09-16 21:13:47,442 [701ccf05-4c28-42f5-aa92-67be6d940b6d@group-752ECAF84C9E:LeaderElection18] INFO  server.RaftServerConfigKeys (ConfUtils.java:logGet(43)) - raft.server.watch.element-limit = 65536 (default)
2019-09-16 21:13:47,446 [701ccf05-4c28-42f5-aa92-67be6d940b6d@group-752ECAF84C9E:LeaderElection18] INFO  server.RaftServerConfigKeys (ConfUtils.java:logGet(43)) - raft.server.log.appender.snapshot.chunk.size.max = 16MB (=16777216) (default)
2019-09-16 21:13:47,446 [701ccf05-4c28-42f5-aa92-67be6d940b6d@group-752ECAF84C9E:LeaderElection18] INFO  server.RaftServerConfigKeys (ConfUtils.java:logGet(43)) - raft.server.log.appender.buffer.byte-limit = 33554432 (custom)
2019-09-16 21:13:47,447 [701ccf05-4c28-42f5-aa92-67be6d940b6d@group-752ECAF84C9E:LeaderElection18] INFO  server.RaftServerConfigKeys (ConfUtils.java:logGet(43)) - raft.server.log.appender.buffer.element-limit = 1 (custom)
2019-09-16 21:13:47,447 [701ccf05-4c28-42f5-aa92-67be6d940b6d@group-752ECAF84C9E:LeaderElection18] INFO  grpc.GrpcConfigKeys$Server (ConfUtils.java:logGet(43)) - raft.grpc.server.leader.outstanding.appends.max = 128 (default)
2019-09-16 21:13:47,447 [701ccf05-4c28-42f5-aa92-67be6d940b6d@group-752ECAF84C9E:LeaderElection18] INFO  server.RaftServerConfigKeys (ConfUtils.java:logGet(43)) - raft.server.rpc.request.timeout = 3000ms (default)
2019-09-16 21:13:47,447 [701ccf05-4c28-42f5-aa92-67be6d940b6d@group-752ECAF84C9E:LeaderElection18] INFO  server.RaftServerConfigKeys (ConfUtils.java:logGet(43)) - raft.server.log.appender.install.snapshot.enabled = false (custom)
2019-09-16 21:13:47,448 [701ccf05-4c28-42f5-aa92-67be6d940b6d@group-752ECAF84C9E:LeaderElection18] INFO  server.RaftServerConfigKeys (ConfUtils.java:logGet(43)) - raft.server.log.appender.snapshot.chunk.size.max = 16MB (=16777216) (default)
2019-09-16 21:13:47,448 [701ccf05-4c28-42f5-aa92-67be6d940b6d@group-752ECAF84C9E:LeaderElection18] INFO  server.RaftServerConfigKeys (ConfUtils.java:logGet(43)) - raft.server.log.appender.buffer.byte-limit = 33554432 (custom)
2019-09-16 21:13:47,448 [701ccf05-4c28-42f5-aa92-67be6d940b6d@group-752ECAF84C9E:LeaderElection18] INFO  server.RaftServerConfigKeys (ConfUtils.java:logGet(43)) - raft.server.log.appender.buffer.element-limit = 1 (custom)
2019-09-16 21:13:47,448 [701ccf05-4c28-42f5-aa92-67be6d940b6d@group-752ECAF84C9E:LeaderElection18] INFO  grpc.GrpcConfigKeys$Server (ConfUtils.java:logGet(43)) - raft.grpc.server.leader.outstanding.appends.max = 128 (default)
2019-09-16 21:13:47,449 [701ccf05-4c28-42f5-aa92-67be6d940b6d@group-752ECAF84C9E:LeaderElection18] INFO  server.RaftServerConfigKeys (ConfUtils.java:logGet(43)) - raft.server.rpc.request.timeout = 3000ms (default)
2019-09-16 21:13:47,449 [701ccf05-4c28-42f5-aa92-67be6d940b6d@group-752ECAF84C9E:LeaderElection18] INFO  server.RaftServerConfigKeys (ConfUtils.java:logGet(43)) - raft.server.log.appender.install.snapshot.enabled = false (custom)
2019-09-16 21:13:47,449 [701ccf05-4c28-42f5-aa92-67be6d940b6d@group-752ECAF84C9E:LeaderElection18] INFO  impl.RoleInfo (RoleInfo.java:updateAndGet(143)) - 701ccf05-4c28-42f5-aa92-67be6d940b6d: start LeaderState
2019-09-16 21:13:47,450 [701ccf05-4c28-42f5-aa92-67be6d940b6d@group-752ECAF84C9E:LeaderElection18] INFO  segmented.SegmentedRaftLogWorker (SegmentedRaftLogWorker.java:startLogSegment(380)) - 701ccf05-4c28-42f5-aa92-67be6d940b6d@group-752ECAF84C9E-SegmentedRaftLogWorker: Starting segment from index:0
2019-09-16 21:13:47,451 [701ccf05-4c28-42f5-aa92-67be6d940b6d@group-752ECAF84C9E:LeaderElection18] INFO  impl.RaftServerImpl (ServerState.java:setRaftConf(354)) - 701ccf05-4c28-42f5-aa92-67be6d940b6d@group-752ECAF84C9E: set configuration 0: [ad2d061b-bce4-4929-94ab-c6ef8113ba3f:192.168.69.85:43917, 701ccf05-4c28-42f5-aa92-67be6d940b6d:192.168.69.85:36099, a9e3505a-b857-4083-807b-c489e4862dfa:192.168.69.85:41188], old=null at 0
2019-09-16 21:13:47,451 [grpc-default-executor-6] INFO  impl.RaftServerImpl (RaftServerImpl.java:requestVote(758)) - 701ccf05-4c28-42f5-aa92-67be6d940b6d@group-752ECAF84C9E-   LEADER: Withhold vote from candidate a9e3505a-b857-4083-807b-c489e4862dfa with term 1. State: leader=701ccf05-4c28-42f5-aa92-67be6d940b6d, term=1, lastRpcElapsed=null
2019-09-16 21:13:47,452 [grpc-default-executor-7] INFO  impl.RaftServerImpl (RaftServerImpl.java:setRole(174)) - a9e3505a-b857-4083-807b-c489e4862dfa@group-752ECAF84C9E: changes role from CANDIDATE to FOLLOWER at term 1 for appendEntries
2019-09-16 21:13:47,452 [grpc-default-executor-7] INFO  impl.RoleInfo (RoleInfo.java:shutdownLeaderElection(134)) - a9e3505a-b857-4083-807b-c489e4862dfa: shutdown LeaderElection
2019-09-16 21:13:47,452 [grpc-default-executor-2] INFO  impl.RaftServerImpl (ServerState.java:setLeader(253)) - ad2d061b-bce4-4929-94ab-c6ef8113ba3f@group-752ECAF84C9E: change Leader from null to 701ccf05-4c28-42f5-aa92-67be6d940b6d at term 1 for appendEntries, leader elected after 5221ms
2019-09-16 21:13:47,452 [grpc-default-executor-7] INFO  impl.RoleInfo (RoleInfo.java:updateAndGet(143)) - a9e3505a-b857-4083-807b-c489e4862dfa: start FollowerState
2019-09-16 21:13:47,452 [a9e3505a-b857-4083-807b-c489e4862dfa@group-752ECAF84C9E:LeaderElection19] INFO  impl.LeaderElection (LeaderElection.java:logAndReturn(56)) - a9e3505a-b857-4083-807b-c489e4862dfa@group-752ECAF84C9E:LeaderElection19: Election REJECTED; received 2 response(s) [a9e3505a-b857-4083-807b-c489e4862dfa<-ad2d061b-bce4-4929-94ab-c6ef8113ba3f#0:FAIL-t1, a9e3505a-b857-4083-807b-c489e4862dfa<-701ccf05-4c28-42f5-aa92-67be6d940b6d#0:FAIL-t1] and 0 exception(s); a9e3505a-b857-4083-807b-c489e4862dfa@group-752ECAF84C9E:t1, leader=null, voted=a9e3505a-b857-4083-807b-c489e4862dfa, raftlog=a9e3505a-b857-4083-807b-c489e4862dfa@group-752ECAF84C9E-SegmentedRaftLog:OPENED:c-1,f-1,i0, conf=-1: [ad2d061b-bce4-4929-94ab-c6ef8113ba3f:192.168.69.85:43917, 701ccf05-4c28-42f5-aa92-67be6d940b6d:192.168.69.85:36099, a9e3505a-b857-4083-807b-c489e4862dfa:192.168.69.85:41188], old=null
2019-09-16 21:13:47,453 [grpc-default-executor-7] INFO  impl.RaftServerImpl (ServerState.java:setLeader(253)) - a9e3505a-b857-4083-807b-c489e4862dfa@group-752ECAF84C9E: change Leader from null to 701ccf05-4c28-42f5-aa92-67be6d940b6d at term 1 for appendEntries, leader elected after 5221ms
2019-09-16 21:13:47,455 [grpc-default-executor-7] INFO  impl.RaftServerImpl (ServerState.java:setRaftConf(354)) - a9e3505a-b857-4083-807b-c489e4862dfa@group-752ECAF84C9E: set configuration 0: [ad2d061b-bce4-4929-94ab-c6ef8113ba3f:192.168.69.85:43917, 701ccf05-4c28-42f5-aa92-67be6d940b6d:192.168.69.85:36099, a9e3505a-b857-4083-807b-c489e4862dfa:192.168.69.85:41188], old=null at 0
2019-09-16 21:13:47,455 [grpc-default-executor-2] INFO  impl.RaftServerImpl (ServerState.java:setRaftConf(354)) - ad2d061b-bce4-4929-94ab-c6ef8113ba3f@group-752ECAF84C9E: set configuration 0: [ad2d061b-bce4-4929-94ab-c6ef8113ba3f:192.168.69.85:43917, 701ccf05-4c28-42f5-aa92-67be6d940b6d:192.168.69.85:36099, a9e3505a-b857-4083-807b-c489e4862dfa:192.168.69.85:41188], old=null at 0
2019-09-16 21:13:47,455 [grpc-default-executor-7] INFO  segmented.SegmentedRaftLogWorker (SegmentedRaftLogWorker.java:startLogSegment(380)) - a9e3505a-b857-4083-807b-c489e4862dfa@group-752ECAF84C9E-SegmentedRaftLogWorker: Starting segment from index:0
2019-09-16 21:13:47,455 [grpc-default-executor-2] INFO  segmented.SegmentedRaftLogWorker (SegmentedRaftLogWorker.java:startLogSegment(380)) - ad2d061b-bce4-4929-94ab-c6ef8113ba3f@group-752ECAF84C9E-SegmentedRaftLogWorker: Starting segment from index:0
2019-09-16 21:13:47,518 [701ccf05-4c28-42f5-aa92-67be6d940b6d@group-752ECAF84C9E-SegmentedRaftLogWorker] INFO  segmented.SegmentedRaftLogWorker (SegmentedRaftLogWorker.java:execute(569)) - 701ccf05-4c28-42f5-aa92-67be6d940b6d@group-752ECAF84C9E-SegmentedRaftLogWorker: created new log segment /workdir/hadoop-ozone/integration-test/target/test-dir/MiniOzoneClusterImpl-63b0d747-82b3-46ce-b4ba-fc0c669e0279/datanode-3/data/ratis/adb6a8e8-55b1-432e-9d1e-752ecaf84c9e/current/log_inprogress_0
2019-09-16 21:13:47,518 [a9e3505a-b857-4083-807b-c489e4862dfa@group-752ECAF84C9E-SegmentedRaftLogWorker] INFO  segmented.SegmentedRaftLogWorker (SegmentedRaftLogWorker.java:execute(569)) - a9e3505a-b857-4083-807b-c489e4862dfa@group-752ECAF84C9E-SegmentedRaftLogWorker: created new log segment /workdir/hadoop-ozone/integration-test/target/test-dir/MiniOzoneClusterImpl-63b0d747-82b3-46ce-b4ba-fc0c669e0279/datanode-1/data/ratis/adb6a8e8-55b1-432e-9d1e-752ecaf84c9e/current/log_inprogress_0
2019-09-16 21:13:47,518 [ad2d061b-bce4-4929-94ab-c6ef8113ba3f@group-752ECAF84C9E-SegmentedRaftLogWorker] INFO  segmented.SegmentedRaftLogWorker (SegmentedRaftLogWorker.java:execute(569)) - ad2d061b-bce4-4929-94ab-c6ef8113ba3f@group-752ECAF84C9E-SegmentedRaftLogWorker: created new log segment /workdir/hadoop-ozone/integration-test/target/test-dir/MiniOzoneClusterImpl-63b0d747-82b3-46ce-b4ba-fc0c669e0279/datanode-0/data/ratis/adb6a8e8-55b1-432e-9d1e-752ecaf84c9e/current/log_inprogress_0
2019-09-16 21:13:47,889 [EventQueue-PipelineActionsForPipelineActionHandler] ERROR pipeline.PipelineActionHandler (PipelineActionHandler.java:onMessage(60)) - Received pipeline action CLOSE for Pipeline[ Id: ff96675e-0796-4ad9-b7a7-a1c7dca6accf, Nodes: 701ccf05-4c28-42f5-aa92-67be6d940b6d{ip: 192.168.69.85, host: pr-hdds-1054-8d95c-1017424488, networkLocation: /default-rack, certSerialId: null}ad2d061b-bce4-4929-94ab-c6ef8113ba3f{ip: 192.168.69.85, host: pr-hdds-1054-8d95c-1017424488, networkLocation: /default-rack, certSerialId: null}a9e3505a-b857-4083-807b-c489e4862dfa{ip: 192.168.69.85, host: pr-hdds-1054-8d95c-1017424488, networkLocation: /default-rack, certSerialId: null}, Type:RATIS, Factor:THREE, State:CLOSED] from datanode ad2d061b-bce4-4929-94ab-c6ef8113ba3f{ip: 192.168.69.85, host: pr-hdds-1054-8d95c-1017424488, networkLocation: /default-rack, certSerialId: null}. Reason : ad2d061b-bce4-4929-94ab-c6ef8113ba3f has not seen follower/s 701ccf05-4c28-42f5-aa92-67be6d940b6d for 157802ms a9e3505a-b857-4083-807b-c489e4862dfa for 157802ms
2019-09-16 21:13:47,890 [EventQueue-PipelineActionsForPipelineActionHandler] INFO  pipeline.SCMPipelineManager (SCMPipelineManager.java:finalizeAndDestroyPipeline(311)) - destroying pipeline:Pipeline[ Id: ff96675e-0796-4ad9-b7a7-a1c7dca6accf, Nodes: 701ccf05-4c28-42f5-aa92-67be6d940b6d{ip: 192.168.69.85, host: pr-hdds-1054-8d95c-1017424488, networkLocation: /default-rack, certSerialId: null}ad2d061b-bce4-4929-94ab-c6ef8113ba3f{ip: 192.168.69.85, host: pr-hdds-1054-8d95c-1017424488, networkLocation: /default-rack, certSerialId: null}a9e3505a-b857-4083-807b-c489e4862dfa{ip: 192.168.69.85, host: pr-hdds-1054-8d95c-1017424488, networkLocation: /default-rack, certSerialId: null}, Type:RATIS, Factor:THREE, State:CLOSED]
2019-09-16 21:13:47,898 [java.util.concurrent.ThreadPoolExecutor$Worker@8186817[State = -1, empty queue]] WARN  server.GrpcLogAppender (GrpcLogAppender.java:timeoutAppendRequest(200)) - ad2d061b-bce4-4929-94ab-c6ef8113ba3f@group-A1C7DCA6ACCF->701ccf05-4c28-42f5-aa92-67be6d940b6d-GrpcLogAppender: appendEntries Timeout, request=ad2d061b-bce4-4929-94ab-c6ef8113ba3f->701ccf05-4c28-42f5-aa92-67be6d940b6d#74-t1, previous=(t:1, i:11), leaderCommit=4, initializing? false, entries: <empty>
2019-09-16 21:13:47,898 [java.util.concurrent.ThreadPoolExecutor$Worker@796e945c[State = -1, empty queue]] WARN  server.GrpcLogAppender (GrpcLogAppender.java:timeoutAppendRequest(200)) - ad2d061b-bce4-4929-94ab-c6ef8113ba3f@group-A1C7DCA6ACCF->a9e3505a-b857-4083-807b-c489e4862dfa-GrpcLogAppender: appendEntries Timeout, request=ad2d061b-bce4-4929-94ab-c6ef8113ba3f->a9e3505a-b857-4083-807b-c489e4862dfa#74-t1, previous=(t:1, i:11), leaderCommit=4, initializing? false, entries: <empty>
2019-09-16 21:13:49,760 [701ccf05-4c28-42f5-aa92-67be6d940b6d@group-A1C7DCA6ACCF-SegmentedRaftLogWorker] WARN  segmented.SegmentedRaftLogWorker (SegmentedRaftLogWorker.java:getFromFuture(90)) - Timeout 15/~
org.apache.ratis.protocol.TimeoutIOException: Timeout 10s: WriteLog:5: (t:1, i:5), STATEMACHINELOGENTRY, client-85FCB0D44123, cid=50-writeStateMachineData
	at org.apache.ratis.util.IOUtils.getFromFuture(IOUtils.java:87)
	at org.apache.ratis.server.raftlog.segmented.SegmentedRaftLogWorker$StateMachineDataPolicy.getFromFuture(SegmentedRaftLogWorker.java:87)
	at org.apache.ratis.server.raftlog.segmented.SegmentedRaftLogWorker$WriteLog.execute(SegmentedRaftLogWorker.java:477)
	at org.apache.ratis.server.raftlog.segmented.SegmentedRaftLogWorker.run(SegmentedRaftLogWorker.java:289)
	at java.lang.Thread.run(Thread.java:748)
Caused by: java.util.concurrent.TimeoutException
	at java.util.concurrent.CompletableFuture.timedGet(CompletableFuture.java:1771)
	at java.util.concurrent.CompletableFuture.get(CompletableFuture.java:1915)
	at org.apache.ratis.util.IOUtils.getFromFuture(IOUtils.java:79)
	... 4 more
2019-09-16 21:13:49,848 [ad2d061b-bce4-4929-94ab-c6ef8113ba3f@group-A1C7DCA6ACCF-SegmentedRaftLogWorker] WARN  segmented.SegmentedRaftLogWorker (SegmentedRaftLogWorker.java:getFromFuture(90)) - Timeout 15/~
org.apache.ratis.protocol.TimeoutIOException: Timeout 10s: WriteLog:8: (t:1, i:8), STATEMACHINELOGENTRY, client-85FCB0D44123, cid=53-writeStateMachineData
	at org.apache.ratis.util.IOUtils.getFromFuture(IOUtils.java:87)
	at org.apache.ratis.server.raftlog.segmented.SegmentedRaftLogWorker$StateMachineDataPolicy.getFromFuture(SegmentedRaftLogWorker.java:87)
	at org.apache.ratis.server.raftlog.segmented.SegmentedRaftLogWorker$WriteLog.execute(SegmentedRaftLogWorker.java:477)
	at org.apache.ratis.server.raftlog.segmented.SegmentedRaftLogWorker.run(SegmentedRaftLogWorker.java:289)
	at java.lang.Thread.run(Thread.java:748)
Caused by: java.util.concurrent.TimeoutException
	at java.util.concurrent.CompletableFuture.timedGet(CompletableFuture.java:1771)
	at java.util.concurrent.CompletableFuture.get(CompletableFuture.java:1915)
	at org.apache.ratis.util.IOUtils.getFromFuture(IOUtils.java:79)
	... 4 more
2019-09-16 21:13:49,876 [a9e3505a-b857-4083-807b-c489e4862dfa@group-A1C7DCA6ACCF-SegmentedRaftLogWorker] WARN  segmented.SegmentedRaftLogWorker (SegmentedRaftLogWorker.java:getFromFuture(90)) - Timeout 15/~
org.apache.ratis.protocol.TimeoutIOException: Timeout 10s: WriteLog:8: (t:1, i:8), STATEMACHINELOGENTRY, client-85FCB0D44123, cid=53-writeStateMachineData
	at org.apache.ratis.util.IOUtils.getFromFuture(IOUtils.java:87)
	at org.apache.ratis.server.raftlog.segmented.SegmentedRaftLogWorker$StateMachineDataPolicy.getFromFuture(SegmentedRaftLogWorker.java:87)
	at org.apache.ratis.server.raftlog.segmented.SegmentedRaftLogWorker$WriteLog.execute(SegmentedRaftLogWorker.java:477)
	at org.apache.ratis.server.raftlog.segmented.SegmentedRaftLogWorker.run(SegmentedRaftLogWorker.java:289)
	at java.lang.Thread.run(Thread.java:748)
Caused by: java.util.concurrent.TimeoutException
	at java.util.concurrent.CompletableFuture.timedGet(CompletableFuture.java:1771)
	at java.util.concurrent.CompletableFuture.get(CompletableFuture.java:1915)
	at org.apache.ratis.util.IOUtils.getFromFuture(IOUtils.java:79)
	... 4 more
2019-09-16 21:13:49,900 [org.apache.ratis.server.impl.LogAppender$AppenderDaemon$$Lambda$505/1255135911@3fea3e93] ERROR ratis.XceiverServerRatis (XceiverServerRatis.java:triggerPipelineClose(568)) - pipeline Action CLOSE  on pipeline PipelineID=ff96675e-0796-4ad9-b7a7-a1c7dca6accf.Reason : ad2d061b-bce4-4929-94ab-c6ef8113ba3f has not seen follower/s 701ccf05-4c28-42f5-aa92-67be6d940b6d for 160303ms a9e3505a-b857-4083-807b-c489e4862dfa for 160303ms
2019-09-16 21:13:49,900 [org.apache.ratis.server.impl.LogAppender$AppenderDaemon$$Lambda$505/1255135911@492a8bb0] ERROR ratis.XceiverServerRatis (XceiverServerRatis.java:triggerPipelineClose(568)) - pipeline Action CLOSE  on pipeline PipelineID=ff96675e-0796-4ad9-b7a7-a1c7dca6accf.Reason : ad2d061b-bce4-4929-94ab-c6ef8113ba3f has not seen follower/s 701ccf05-4c28-42f5-aa92-67be6d940b6d for 160304ms a9e3505a-b857-4083-807b-c489e4862dfa for 160304ms
2019-09-16 21:13:50,398 [java.util.concurrent.ThreadPoolExecutor$Worker@8186817[State = -1, empty queue]] WARN  server.GrpcLogAppender (GrpcLogAppender.java:timeoutAppendRequest(200)) - ad2d061b-bce4-4929-94ab-c6ef8113ba3f@group-A1C7DCA6ACCF->701ccf05-4c28-42f5-aa92-67be6d940b6d-GrpcLogAppender: appendEntries Timeout, request=ad2d061b-bce4-4929-94ab-c6ef8113ba3f->701ccf05-4c28-42f5-aa92-67be6d940b6d#75-t1, previous=(t:1, i:11), leaderCommit=4, initializing? false, entries: <empty>
2019-09-16 21:13:50,399 [java.util.concurrent.ThreadPoolExecutor$Worker@796e945c[State = -1, empty queue]] WARN  server.GrpcLogAppender (GrpcLogAppender.java:timeoutAppendRequest(200)) - ad2d061b-bce4-4929-94ab-c6ef8113ba3f@group-A1C7DCA6ACCF->a9e3505a-b857-4083-807b-c489e4862dfa-GrpcLogAppender: appendEntries Timeout, request=ad2d061b-bce4-4929-94ab-c6ef8113ba3f->a9e3505a-b857-4083-807b-c489e4862dfa#75-t1, previous=(t:1, i:11), leaderCommit=4, initializing? false, entries: <empty>
2019-09-16 21:13:50,890 [EventQueue-PipelineActionsForPipelineActionHandler] ERROR pipeline.PipelineActionHandler (PipelineActionHandler.java:onMessage(60)) - Received pipeline action CLOSE for Pipeline[ Id: ff96675e-0796-4ad9-b7a7-a1c7dca6accf, Nodes: 701ccf05-4c28-42f5-aa92-67be6d940b6d{ip: 192.168.69.85, host: pr-hdds-1054-8d95c-1017424488, networkLocation: /default-rack, certSerialId: null}ad2d061b-bce4-4929-94ab-c6ef8113ba3f{ip: 192.168.69.85, host: pr-hdds-1054-8d95c-1017424488, networkLocation: /default-rack, certSerialId: null}a9e3505a-b857-4083-807b-c489e4862dfa{ip: 192.168.69.85, host: pr-hdds-1054-8d95c-1017424488, networkLocation: /default-rack, certSerialId: null}, Type:RATIS, Factor:THREE, State:CLOSED] from datanode ad2d061b-bce4-4929-94ab-c6ef8113ba3f{ip: 192.168.69.85, host: pr-hdds-1054-8d95c-1017424488, networkLocation: /default-rack, certSerialId: null}. Reason : ad2d061b-bce4-4929-94ab-c6ef8113ba3f has not seen follower/s 701ccf05-4c28-42f5-aa92-67be6d940b6d for 160303ms a9e3505a-b857-4083-807b-c489e4862dfa for 160303ms
2019-09-16 21:13:50,890 [EventQueue-PipelineActionsForPipelineActionHandler] INFO  pipeline.SCMPipelineManager (SCMPipelineManager.java:finalizeAndDestroyPipeline(311)) - destroying pipeline:Pipeline[ Id: ff96675e-0796-4ad9-b7a7-a1c7dca6accf, Nodes: 701ccf05-4c28-42f5-aa92-67be6d940b6d{ip: 192.168.69.85, host: pr-hdds-1054-8d95c-1017424488, networkLocation: /default-rack, certSerialId: null}ad2d061b-bce4-4929-94ab-c6ef8113ba3f{ip: 192.168.69.85, host: pr-hdds-1054-8d95c-1017424488, networkLocation: /default-rack, certSerialId: null}a9e3505a-b857-4083-807b-c489e4862dfa{ip: 192.168.69.85, host: pr-hdds-1054-8d95c-1017424488, networkLocation: /default-rack, certSerialId: null}, Type:RATIS, Factor:THREE, State:CLOSED]
2019-09-16 21:13:51,204 [grpc-default-executor-7] INFO  client.GrpcClientProtocolClient (GrpcClientProtocolClient.java:onNext(264)) - client-85FCB0D44123->a9e3505a-b857-4083-807b-c489e4862dfa: receive RaftClientReply:client-85FCB0D44123->a9e3505a-b857-4083-807b-c489e4862dfa@group-A1C7DCA6ACCF, cid=50, FAILED org.apache.ratis.protocol.NotLeaderException: Server a9e3505a-b857-4083-807b-c489e4862dfa@group-A1C7DCA6ACCF is not the leader ad2d061b-bce4-4929-94ab-c6ef8113ba3f:192.168.69.85:43917, logIndex=0, commits[a9e3505a-b857-4083-807b-c489e4862dfa:c4, ad2d061b-bce4-4929-94ab-c6ef8113ba3f:c4, 701ccf05-4c28-42f5-aa92-67be6d940b6d:c3]
2019-09-16 21:13:52,401 [org.apache.ratis.server.impl.LogAppender$AppenderDaemon$$Lambda$505/1255135911@3fea3e93] ERROR ratis.XceiverServerRatis (XceiverServerRatis.java:triggerPipelineClose(568)) - pipeline Action CLOSE  on pipeline PipelineID=ff96675e-0796-4ad9-b7a7-a1c7dca6accf.Reason : ad2d061b-bce4-4929-94ab-c6ef8113ba3f has not seen follower/s 701ccf05-4c28-42f5-aa92-67be6d940b6d for 162804ms a9e3505a-b857-4083-807b-c489e4862dfa for 162804ms
2019-09-16 21:13:52,401 [org.apache.ratis.server.impl.LogAppender$AppenderDaemon$$Lambda$505/1255135911@492a8bb0] ERROR ratis.XceiverServerRatis (XceiverServerRatis.java:triggerPipelineClose(568)) - pipeline Action CLOSE  on pipeline PipelineID=ff96675e-0796-4ad9-b7a7-a1c7dca6accf.Reason : ad2d061b-bce4-4929-94ab-c6ef8113ba3f has not seen follower/s 701ccf05-4c28-42f5-aa92-67be6d940b6d for 162804ms a9e3505a-b857-4083-807b-c489e4862dfa for 162805ms
2019-09-16 21:13:52,890 [EventQueue-PipelineActionsForPipelineActionHandler] ERROR pipeline.PipelineActionHandler (PipelineActionHandler.java:onMessage(60)) - Received pipeline action CLOSE for Pipeline[ Id: ff96675e-0796-4ad9-b7a7-a1c7dca6accf, Nodes: 701ccf05-4c28-42f5-aa92-67be6d940b6d{ip: 192.168.69.85, host: pr-hdds-1054-8d95c-1017424488, networkLocation: /default-rack, certSerialId: null}ad2d061b-bce4-4929-94ab-c6ef8113ba3f{ip: 192.168.69.85, host: pr-hdds-1054-8d95c-1017424488, networkLocation: /default-rack, certSerialId: null}a9e3505a-b857-4083-807b-c489e4862dfa{ip: 192.168.69.85, host: pr-hdds-1054-8d95c-1017424488, networkLocation: /default-rack, certSerialId: null}, Type:RATIS, Factor:THREE, State:CLOSED] from datanode ad2d061b-bce4-4929-94ab-c6ef8113ba3f{ip: 192.168.69.85, host: pr-hdds-1054-8d95c-1017424488, networkLocation: /default-rack, certSerialId: null}. Reason : ad2d061b-bce4-4929-94ab-c6ef8113ba3f has not seen follower/s 701ccf05-4c28-42f5-aa92-67be6d940b6d for 162804ms a9e3505a-b857-4083-807b-c489e4862dfa for 162804ms
2019-09-16 21:13:52,891 [EventQueue-PipelineActionsForPipelineActionHandler] INFO  pipeline.SCMPipelineManager (SCMPipelineManager.java:finalizeAndDestroyPipeline(311)) - destroying pipeline:Pipeline[ Id: ff96675e-0796-4ad9-b7a7-a1c7dca6accf, Nodes: 701ccf05-4c28-42f5-aa92-67be6d940b6d{ip: 192.168.69.85, host: pr-hdds-1054-8d95c-1017424488, networkLocation: /default-rack, certSerialId: null}ad2d061b-bce4-4929-94ab-c6ef8113ba3f{ip: 192.168.69.85, host: pr-hdds-1054-8d95c-1017424488, networkLocation: /default-rack, certSerialId: null}a9e3505a-b857-4083-807b-c489e4862dfa{ip: 192.168.69.85, host: pr-hdds-1054-8d95c-1017424488, networkLocation: /default-rack, certSerialId: null}, Type:RATIS, Factor:THREE, State:CLOSED]
2019-09-16 21:13:52,899 [java.util.concurrent.ThreadPoolExecutor$Worker@8186817[State = -1, empty queue]] WARN  server.GrpcLogAppender (GrpcLogAppender.java:timeoutAppendRequest(200)) - ad2d061b-bce4-4929-94ab-c6ef8113ba3f@group-A1C7DCA6ACCF->701ccf05-4c28-42f5-aa92-67be6d940b6d-GrpcLogAppender: appendEntries Timeout, request=ad2d061b-bce4-4929-94ab-c6ef8113ba3f->701ccf05-4c28-42f5-aa92-67be6d940b6d#76-t1, previous=(t:1, i:11), leaderCommit=4, initializing? false, entries: <empty>
2019-09-16 21:13:52,900 [java.util.concurrent.ThreadPoolExecutor$Worker@796e945c[State = -1, empty queue]] WARN  server.GrpcLogAppender (GrpcLogAppender.java:timeoutAppendRequest(200)) - ad2d061b-bce4-4929-94ab-c6ef8113ba3f@group-A1C7DCA6ACCF->a9e3505a-b857-4083-807b-c489e4862dfa-GrpcLogAppender: appendEntries Timeout, request=ad2d061b-bce4-4929-94ab-c6ef8113ba3f->a9e3505a-b857-4083-807b-c489e4862dfa#76-t1, previous=(t:1, i:11), leaderCommit=4, initializing? false, entries: <empty>
2019-09-16 21:13:54,903 [org.apache.ratis.server.impl.LogAppender$AppenderDaemon$$Lambda$505/1255135911@3fea3e93] ERROR ratis.XceiverServerRatis (XceiverServerRatis.java:triggerPipelineClose(568)) - pipeline Action CLOSE  on pipeline PipelineID=ff96675e-0796-4ad9-b7a7-a1c7dca6accf.Reason : ad2d061b-bce4-4929-94ab-c6ef8113ba3f has not seen follower/s 701ccf05-4c28-42f5-aa92-67be6d940b6d for 165306ms a9e3505a-b857-4083-807b-c489e4862dfa for 165306ms
2019-09-16 21:13:54,903 [org.apache.ratis.server.impl.LogAppender$AppenderDaemon$$Lambda$505/1255135911@492a8bb0] ERROR ratis.XceiverServerRatis (XceiverServerRatis.java:triggerPipelineClose(568)) - pipeline Action CLOSE  on pipeline PipelineID=ff96675e-0796-4ad9-b7a7-a1c7dca6accf.Reason : ad2d061b-bce4-4929-94ab-c6ef8113ba3f has not seen follower/s 701ccf05-4c28-42f5-aa92-67be6d940b6d for 165306ms a9e3505a-b857-4083-807b-c489e4862dfa for 165306ms
2019-09-16 21:13:55,401 [java.util.concurrent.ThreadPoolExecutor$Worker@8186817[State = -1, empty queue]] WARN  server.GrpcLogAppender (GrpcLogAppender.java:timeoutAppendRequest(200)) - ad2d061b-bce4-4929-94ab-c6ef8113ba3f@group-A1C7DCA6ACCF->701ccf05-4c28-42f5-aa92-67be6d940b6d-GrpcLogAppender: appendEntries Timeout, request=ad2d061b-bce4-4929-94ab-c6ef8113ba3f->701ccf05-4c28-42f5-aa92-67be6d940b6d#77-t1, previous=(t:1, i:11), leaderCommit=4, initializing? false, entries: <empty>
2019-09-16 21:13:55,401 [java.util.concurrent.ThreadPoolExecutor$Worker@796e945c[State = -1, empty queue]] WARN  server.GrpcLogAppender (GrpcLogAppender.java:timeoutAppendRequest(200)) - ad2d061b-bce4-4929-94ab-c6ef8113ba3f@group-A1C7DCA6ACCF->a9e3505a-b857-4083-807b-c489e4862dfa-GrpcLogAppender: appendEntries Timeout, request=ad2d061b-bce4-4929-94ab-c6ef8113ba3f->a9e3505a-b857-4083-807b-c489e4862dfa#77-t1, previous=(t:1, i:11), leaderCommit=4, initializing? false, entries: <empty>
2019-09-16 21:13:55,891 [EventQueue-PipelineActionsForPipelineActionHandler] ERROR pipeline.PipelineActionHandler (PipelineActionHandler.java:onMessage(60)) - Received pipeline action CLOSE for Pipeline[ Id: ff96675e-0796-4ad9-b7a7-a1c7dca6accf, Nodes: 701ccf05-4c28-42f5-aa92-67be6d940b6d{ip: 192.168.69.85, host: pr-hdds-1054-8d95c-1017424488, networkLocation: /default-rack, certSerialId: null}ad2d061b-bce4-4929-94ab-c6ef8113ba3f{ip: 192.168.69.85, host: pr-hdds-1054-8d95c-1017424488, networkLocation: /default-rack, certSerialId: null}a9e3505a-b857-4083-807b-c489e4862dfa{ip: 192.168.69.85, host: pr-hdds-1054-8d95c-1017424488, networkLocation: /default-rack, certSerialId: null}, Type:RATIS, Factor:THREE, State:CLOSED] from datanode ad2d061b-bce4-4929-94ab-c6ef8113ba3f{ip: 192.168.69.85, host: pr-hdds-1054-8d95c-1017424488, networkLocation: /default-rack, certSerialId: null}. Reason : ad2d061b-bce4-4929-94ab-c6ef8113ba3f has not seen follower/s 701ccf05-4c28-42f5-aa92-67be6d940b6d for 165306ms a9e3505a-b857-4083-807b-c489e4862dfa for 165306ms
2019-09-16 21:13:55,891 [EventQueue-PipelineActionsForPipelineActionHandler] INFO  pipeline.SCMPipelineManager (SCMPipelineManager.java:finalizeAndDestroyPipeline(311)) - destroying pipeline:Pipeline[ Id: ff96675e-0796-4ad9-b7a7-a1c7dca6accf, Nodes: 701ccf05-4c28-42f5-aa92-67be6d940b6d{ip: 192.168.69.85, host: pr-hdds-1054-8d95c-1017424488, networkLocation: /default-rack, certSerialId: null}ad2d061b-bce4-4929-94ab-c6ef8113ba3f{ip: 192.168.69.85, host: pr-hdds-1054-8d95c-1017424488, networkLocation: /default-rack, certSerialId: null}a9e3505a-b857-4083-807b-c489e4862dfa{ip: 192.168.69.85, host: pr-hdds-1054-8d95c-1017424488, networkLocation: /default-rack, certSerialId: null}, Type:RATIS, Factor:THREE, State:CLOSED]
2019-09-16 21:13:56,244 [grpc-default-executor-7] INFO  client.GrpcClientProtocolClient (GrpcClientProtocolClient.java:onNext(264)) - client-85FCB0D44123->701ccf05-4c28-42f5-aa92-67be6d940b6d: receive RaftClientReply:client-85FCB0D44123->701ccf05-4c28-42f5-aa92-67be6d940b6d@group-A1C7DCA6ACCF, cid=50, FAILED org.apache.ratis.protocol.NotLeaderException: Server 701ccf05-4c28-42f5-aa92-67be6d940b6d@group-A1C7DCA6ACCF is not the leader ad2d061b-bce4-4929-94ab-c6ef8113ba3f:192.168.69.85:43917, logIndex=0, commits[701ccf05-4c28-42f5-aa92-67be6d940b6d:c4, ad2d061b-bce4-4929-94ab-c6ef8113ba3f:c4, a9e3505a-b857-4083-807b-c489e4862dfa:c3]
2019-09-16 21:13:56,258 [grpc-default-worker-ELG-3-2] WARN  nio.NioEventLoop (NioEventLoop.java:select(786)) - Selector.select() returned prematurely {} times in a row; rebuilding Selector {}.
2019-09-16 21:13:56,259 [grpc-default-worker-ELG-3-2] INFO  nio.NioEventLoop (NioEventLoop.java:rebuildSelector0(396)) - Migrated 6 channel(s) to the new Selector.
2019-09-16 21:13:57,403 [org.apache.ratis.server.impl.LogAppender$AppenderDaemon$$Lambda$505/1255135911@3fea3e93] ERROR ratis.XceiverServerRatis (XceiverServerRatis.java:triggerPipelineClose(568)) - pipeline Action CLOSE  on pipeline PipelineID=ff96675e-0796-4ad9-b7a7-a1c7dca6accf.Reason : ad2d061b-bce4-4929-94ab-c6ef8113ba3f has not seen follower/s 701ccf05-4c28-42f5-aa92-67be6d940b6d for 167807ms a9e3505a-b857-4083-807b-c489e4862dfa for 167807ms
2019-09-16 21:13:57,403 [org.apache.ratis.server.impl.LogAppender$AppenderDaemon$$Lambda$505/1255135911@492a8bb0] ERROR ratis.XceiverServerRatis (XceiverServerRatis.java:triggerPipelineClose(568)) - pipeline Action CLOSE  on pipeline PipelineID=ff96675e-0796-4ad9-b7a7-a1c7dca6accf.Reason : ad2d061b-bce4-4929-94ab-c6ef8113ba3f has not seen follower/s 701ccf05-4c28-42f5-aa92-67be6d940b6d for 167807ms a9e3505a-b857-4083-807b-c489e4862dfa for 167807ms
2019-09-16 21:13:57,891 [EventQueue-PipelineActionsForPipelineActionHandler] ERROR pipeline.PipelineActionHandler (PipelineActionHandler.java:onMessage(60)) - Received pipeline action CLOSE for Pipeline[ Id: ff96675e-0796-4ad9-b7a7-a1c7dca6accf, Nodes: 701ccf05-4c28-42f5-aa92-67be6d940b6d{ip: 192.168.69.85, host: pr-hdds-1054-8d95c-1017424488, networkLocation: /default-rack, certSerialId: null}ad2d061b-bce4-4929-94ab-c6ef8113ba3f{ip: 192.168.69.85, host: pr-hdds-1054-8d95c-1017424488, networkLocation: /default-rack, certSerialId: null}a9e3505a-b857-4083-807b-c489e4862dfa{ip: 192.168.69.85, host: pr-hdds-1054-8d95c-1017424488, networkLocation: /default-rack, certSerialId: null}, Type:RATIS, Factor:THREE, State:CLOSED] from datanode ad2d061b-bce4-4929-94ab-c6ef8113ba3f{ip: 192.168.69.85, host: pr-hdds-1054-8d95c-1017424488, networkLocation: /default-rack, certSerialId: null}. Reason : ad2d061b-bce4-4929-94ab-c6ef8113ba3f has not seen follower/s 701ccf05-4c28-42f5-aa92-67be6d940b6d for 167807ms a9e3505a-b857-4083-807b-c489e4862dfa for 167807ms
2019-09-16 21:13:57,892 [EventQueue-PipelineActionsForPipelineActionHandler] INFO  pipeline.SCMPipelineManager (SCMPipelineManager.java:finalizeAndDestroyPipeline(311)) - destroying pipeline:Pipeline[ Id: ff96675e-0796-4ad9-b7a7-a1c7dca6accf, Nodes: 701ccf05-4c28-42f5-aa92-67be6d940b6d{ip: 192.168.69.85, host: pr-hdds-1054-8d95c-1017424488, networkLocation: /default-rack, certSerialId: null}ad2d061b-bce4-4929-94ab-c6ef8113ba3f{ip: 192.168.69.85, host: pr-hdds-1054-8d95c-1017424488, networkLocation: /default-rack, certSerialId: null}a9e3505a-b857-4083-807b-c489e4862dfa{ip: 192.168.69.85, host: pr-hdds-1054-8d95c-1017424488, networkLocation: /default-rack, certSerialId: null}, Type:RATIS, Factor:THREE, State:CLOSED]
2019-09-16 21:13:57,902 [java.util.concurrent.ThreadPoolExecutor$Worker@8186817[State = -1, empty queue]] WARN  server.GrpcLogAppender (GrpcLogAppender.java:timeoutAppendRequest(200)) - ad2d061b-bce4-4929-94ab-c6ef8113ba3f@group-A1C7DCA6ACCF->701ccf05-4c28-42f5-aa92-67be6d940b6d-GrpcLogAppender: appendEntries Timeout, request=ad2d061b-bce4-4929-94ab-c6ef8113ba3f->701ccf05-4c28-42f5-aa92-67be6d940b6d#78-t1, previous=(t:1, i:11), leaderCommit=4, initializing? false, entries: <empty>
2019-09-16 21:13:57,902 [java.util.concurrent.ThreadPoolExecutor$Worker@796e945c[State = -1, empty queue]] WARN  server.GrpcLogAppender (GrpcLogAppender.java:timeoutAppendRequest(200)) - ad2d061b-bce4-4929-94ab-c6ef8113ba3f@group-A1C7DCA6ACCF->a9e3505a-b857-4083-807b-c489e4862dfa-GrpcLogAppender: appendEntries Timeout, request=ad2d061b-bce4-4929-94ab-c6ef8113ba3f->a9e3505a-b857-4083-807b-c489e4862dfa#78-t1, previous=(t:1, i:11), leaderCommit=4, initializing? false, entries: <empty>
2019-09-16 21:13:59,761 [701ccf05-4c28-42f5-aa92-67be6d940b6d@group-A1C7DCA6ACCF-SegmentedRaftLogWorker] WARN  segmented.SegmentedRaftLogWorker (SegmentedRaftLogWorker.java:getFromFuture(90)) - Timeout 16/~
org.apache.ratis.protocol.TimeoutIOException: Timeout 10s: WriteLog:5: (t:1, i:5), STATEMACHINELOGENTRY, client-85FCB0D44123, cid=50-writeStateMachineData
	at org.apache.ratis.util.IOUtils.getFromFuture(IOUtils.java:87)
	at org.apache.ratis.server.raftlog.segmented.SegmentedRaftLogWorker$StateMachineDataPolicy.getFromFuture(SegmentedRaftLogWorker.java:87)
	at org.apache.ratis.server.raftlog.segmented.SegmentedRaftLogWorker$WriteLog.execute(SegmentedRaftLogWorker.java:477)
	at org.apache.ratis.server.raftlog.segmented.SegmentedRaftLogWorker.run(SegmentedRaftLogWorker.java:289)
	at java.lang.Thread.run(Thread.java:748)
Caused by: java.util.concurrent.TimeoutException
	at java.util.concurrent.CompletableFuture.timedGet(CompletableFuture.java:1771)
	at java.util.concurrent.CompletableFuture.get(CompletableFuture.java:1915)
	at org.apache.ratis.util.IOUtils.getFromFuture(IOUtils.java:79)
	... 4 more
2019-09-16 21:13:59,876 [ad2d061b-bce4-4929-94ab-c6ef8113ba3f@group-A1C7DCA6ACCF-SegmentedRaftLogWorker] WARN  segmented.SegmentedRaftLogWorker (SegmentedRaftLogWorker.java:getFromFuture(90)) - Timeout 16/~
org.apache.ratis.protocol.TimeoutIOException: Timeout 10s: WriteLog:8: (t:1, i:8), STATEMACHINELOGENTRY, client-85FCB0D44123, cid=53-writeStateMachineData
	at org.apache.ratis.util.IOUtils.getFromFuture(IOUtils.java:87)
	at org.apache.ratis.server.raftlog.segmented.SegmentedRaftLogWorker$StateMachineDataPolicy.getFromFuture(SegmentedRaftLogWorker.java:87)
	at org.apache.ratis.server.raftlog.segmented.SegmentedRaftLogWorker$WriteLog.execute(SegmentedRaftLogWorker.java:477)
	at org.apache.ratis.server.raftlog.segmented.SegmentedRaftLogWorker.run(SegmentedRaftLogWorker.java:289)
	at java.lang.Thread.run(Thread.java:748)
Caused by: java.util.concurrent.TimeoutException
	at java.util.concurrent.CompletableFuture.timedGet(CompletableFuture.java:1771)
	at java.util.concurrent.CompletableFuture.get(CompletableFuture.java:1915)
	at org.apache.ratis.util.IOUtils.getFromFuture(IOUtils.java:79)
	... 4 more
2019-09-16 21:13:59,877 [a9e3505a-b857-4083-807b-c489e4862dfa@group-A1C7DCA6ACCF-SegmentedRaftLogWorker] WARN  segmented.SegmentedRaftLogWorker (SegmentedRaftLogWorker.java:getFromFuture(90)) - Timeout 16/~
org.apache.ratis.protocol.TimeoutIOException: Timeout 10s: WriteLog:8: (t:1, i:8), STATEMACHINELOGENTRY, client-85FCB0D44123, cid=53-writeStateMachineData
	at org.apache.ratis.util.IOUtils.getFromFuture(IOUtils.java:87)
	at org.apache.ratis.server.raftlog.segmented.SegmentedRaftLogWorker$StateMachineDataPolicy.getFromFuture(SegmentedRaftLogWorker.java:87)
	at org.apache.ratis.server.raftlog.segmented.SegmentedRaftLogWorker$WriteLog.execute(SegmentedRaftLogWorker.java:477)
	at org.apache.ratis.server.raftlog.segmented.SegmentedRaftLogWorker.run(SegmentedRaftLogWorker.java:289)
	at java.lang.Thread.run(Thread.java:748)
Caused by: java.util.concurrent.TimeoutException
	at java.util.concurrent.CompletableFuture.timedGet(CompletableFuture.java:1771)
	at java.util.concurrent.CompletableFuture.get(CompletableFuture.java:1915)
	at org.apache.ratis.util.IOUtils.getFromFuture(IOUtils.java:79)
	... 4 more
2019-09-16 21:13:59,905 [org.apache.ratis.server.impl.LogAppender$AppenderDaemon$$Lambda$505/1255135911@492a8bb0] ERROR ratis.XceiverServerRatis (XceiverServerRatis.java:triggerPipelineClose(568)) - pipeline Action CLOSE  on pipeline PipelineID=ff96675e-0796-4ad9-b7a7-a1c7dca6accf.Reason : ad2d061b-bce4-4929-94ab-c6ef8113ba3f has not seen follower/s 701ccf05-4c28-42f5-aa92-67be6d940b6d for 170308ms a9e3505a-b857-4083-807b-c489e4862dfa for 170308ms
2019-09-16 21:13:59,905 [org.apache.ratis.server.impl.LogAppender$AppenderDaemon$$Lambda$505/1255135911@3fea3e93] ERROR ratis.XceiverServerRatis (XceiverServerRatis.java:triggerPipelineClose(568)) - pipeline Action CLOSE  on pipeline PipelineID=ff96675e-0796-4ad9-b7a7-a1c7dca6accf.Reason : ad2d061b-bce4-4929-94ab-c6ef8113ba3f has not seen follower/s 701ccf05-4c28-42f5-aa92-67be6d940b6d for 170308ms a9e3505a-b857-4083-807b-c489e4862dfa for 170308ms
2019-09-16 21:14:00,403 [java.util.concurrent.ThreadPoolExecutor$Worker@8186817[State = -1, empty queue]] WARN  server.GrpcLogAppender (GrpcLogAppender.java:timeoutAppendRequest(200)) - ad2d061b-bce4-4929-94ab-c6ef8113ba3f@group-A1C7DCA6ACCF->701ccf05-4c28-42f5-aa92-67be6d940b6d-GrpcLogAppender: appendEntries Timeout, request=ad2d061b-bce4-4929-94ab-c6ef8113ba3f->701ccf05-4c28-42f5-aa92-67be6d940b6d#79-t1, previous=(t:1, i:11), leaderCommit=4, initializing? false, entries: <empty>
2019-09-16 21:14:00,403 [java.util.concurrent.ThreadPoolExecutor$Worker@796e945c[State = -1, empty queue]] WARN  server.GrpcLogAppender (GrpcLogAppender.java:timeoutAppendRequest(200)) - ad2d061b-bce4-4929-94ab-c6ef8113ba3f@group-A1C7DCA6ACCF->a9e3505a-b857-4083-807b-c489e4862dfa-GrpcLogAppender: appendEntries Timeout, request=ad2d061b-bce4-4929-94ab-c6ef8113ba3f->a9e3505a-b857-4083-807b-c489e4862dfa#79-t1, previous=(t:1, i:11), leaderCommit=4, initializing? false, entries: <empty>
2019-09-16 21:14:00,892 [EventQueue-PipelineActionsForPipelineActionHandler] ERROR pipeline.PipelineActionHandler (PipelineActionHandler.java:onMessage(60)) - Received pipeline action CLOSE for Pipeline[ Id: ff96675e-0796-4ad9-b7a7-a1c7dca6accf, Nodes: 701ccf05-4c28-42f5-aa92-67be6d940b6d{ip: 192.168.69.85, host: pr-hdds-1054-8d95c-1017424488, networkLocation: /default-rack, certSerialId: null}ad2d061b-bce4-4929-94ab-c6ef8113ba3f{ip: 192.168.69.85, host: pr-hdds-1054-8d95c-1017424488, networkLocation: /default-rack, certSerialId: null}a9e3505a-b857-4083-807b-c489e4862dfa{ip: 192.168.69.85, host: pr-hdds-1054-8d95c-1017424488, networkLocation: /default-rack, certSerialId: null}, Type:RATIS, Factor:THREE, State:CLOSED] from datanode ad2d061b-bce4-4929-94ab-c6ef8113ba3f{ip: 192.168.69.85, host: pr-hdds-1054-8d95c-1017424488, networkLocation: /default-rack, certSerialId: null}. Reason : ad2d061b-bce4-4929-94ab-c6ef8113ba3f has not seen follower/s 701ccf05-4c28-42f5-aa92-67be6d940b6d for 170308ms a9e3505a-b857-4083-807b-c489e4862dfa for 170308ms
2019-09-16 21:14:00,892 [EventQueue-PipelineActionsForPipelineActionHandler] INFO  pipeline.SCMPipelineManager (SCMPipelineManager.java:finalizeAndDestroyPipeline(311)) - destroying pipeline:Pipeline[ Id: ff96675e-0796-4ad9-b7a7-a1c7dca6accf, Nodes: 701ccf05-4c28-42f5-aa92-67be6d940b6d{ip: 192.168.69.85, host: pr-hdds-1054-8d95c-1017424488, networkLocation: /default-rack, certSerialId: null}ad2d061b-bce4-4929-94ab-c6ef8113ba3f{ip: 192.168.69.85, host: pr-hdds-1054-8d95c-1017424488, networkLocation: /default-rack, certSerialId: null}a9e3505a-b857-4083-807b-c489e4862dfa{ip: 192.168.69.85, host: pr-hdds-1054-8d95c-1017424488, networkLocation: /default-rack, certSerialId: null}, Type:RATIS, Factor:THREE, State:CLOSED]
2019-09-16 21:14:01,309 [grpc-default-executor-6] INFO  client.GrpcClientProtocolClient (GrpcClientProtocolClient.java:onNext(264)) - client-85FCB0D44123->a9e3505a-b857-4083-807b-c489e4862dfa: receive RaftClientReply:client-85FCB0D44123->a9e3505a-b857-4083-807b-c489e4862dfa@group-A1C7DCA6ACCF, cid=50, FAILED org.apache.ratis.protocol.NotLeaderException: Server a9e3505a-b857-4083-807b-c489e4862dfa@group-A1C7DCA6ACCF is not the leader ad2d061b-bce4-4929-94ab-c6ef8113ba3f:192.168.69.85:43917, logIndex=0, commits[a9e3505a-b857-4083-807b-c489e4862dfa:c4, ad2d061b-bce4-4929-94ab-c6ef8113ba3f:c4, 701ccf05-4c28-42f5-aa92-67be6d940b6d:c3]
2019-09-16 21:14:02,405 [org.apache.ratis.server.impl.LogAppender$AppenderDaemon$$Lambda$505/1255135911@3fea3e93] ERROR ratis.XceiverServerRatis (XceiverServerRatis.java:triggerPipelineClose(568)) - pipeline Action CLOSE  on pipeline PipelineID=ff96675e-0796-4ad9-b7a7-a1c7dca6accf.Reason : ad2d061b-bce4-4929-94ab-c6ef8113ba3f has not seen follower/s 701ccf05-4c28-42f5-aa92-67be6d940b6d for 172809ms a9e3505a-b857-4083-807b-c489e4862dfa for 172809ms
2019-09-16 21:14:02,405 [org.apache.ratis.server.impl.LogAppender$AppenderDaemon$$Lambda$505/1255135911@492a8bb0] ERROR ratis.XceiverServerRatis (XceiverServerRatis.java:triggerPipelineClose(568)) - pipeline Action CLOSE  on pipeline PipelineID=ff96675e-0796-4ad9-b7a7-a1c7dca6accf.Reason : ad2d061b-bce4-4929-94ab-c6ef8113ba3f has not seen follower/s 701ccf05-4c28-42f5-aa92-67be6d940b6d for 172809ms a9e3505a-b857-4083-807b-c489e4862dfa for 172809ms
2019-09-16 21:14:02,892 [EventQueue-PipelineActionsForPipelineActionHandler] ERROR pipeline.PipelineActionHandler (PipelineActionHandler.java:onMessage(60)) - Received pipeline action CLOSE for Pipeline[ Id: ff96675e-0796-4ad9-b7a7-a1c7dca6accf, Nodes: 701ccf05-4c28-42f5-aa92-67be6d940b6d{ip: 192.168.69.85, host: pr-hdds-1054-8d95c-1017424488, networkLocation: /default-rack, certSerialId: null}ad2d061b-bce4-4929-94ab-c6ef8113ba3f{ip: 192.168.69.85, host: pr-hdds-1054-8d95c-1017424488, networkLocation: /default-rack, certSerialId: null}a9e3505a-b857-4083-807b-c489e4862dfa{ip: 192.168.69.85, host: pr-hdds-1054-8d95c-1017424488, networkLocation: /default-rack, certSerialId: null}, Type:RATIS, Factor:THREE, State:CLOSED] from datanode ad2d061b-bce4-4929-94ab-c6ef8113ba3f{ip: 192.168.69.85, host: pr-hdds-1054-8d95c-1017424488, networkLocation: /default-rack, certSerialId: null}. Reason : ad2d061b-bce4-4929-94ab-c6ef8113ba3f has not seen follower/s 701ccf05-4c28-42f5-aa92-67be6d940b6d for 172809ms a9e3505a-b857-4083-807b-c489e4862dfa for 172809ms
2019-09-16 21:14:02,892 [EventQueue-PipelineActionsForPipelineActionHandler] INFO  pipeline.SCMPipelineManager (SCMPipelineManager.java:finalizeAndDestroyPipeline(311)) - destroying pipeline:Pipeline[ Id: ff96675e-0796-4ad9-b7a7-a1c7dca6accf, Nodes: 701ccf05-4c28-42f5-aa92-67be6d940b6d{ip: 192.168.69.85, host: pr-hdds-1054-8d95c-1017424488, networkLocation: /default-rack, certSerialId: null}ad2d061b-bce4-4929-94ab-c6ef8113ba3f{ip: 192.168.69.85, host: pr-hdds-1054-8d95c-1017424488, networkLocation: /default-rack, certSerialId: null}a9e3505a-b857-4083-807b-c489e4862dfa{ip: 192.168.69.85, host: pr-hdds-1054-8d95c-1017424488, networkLocation: /default-rack, certSerialId: null}, Type:RATIS, Factor:THREE, State:CLOSED]
2019-09-16 21:14:02,904 [java.util.concurrent.ThreadPoolExecutor$Worker@796e945c[State = -1, empty queue]] WARN  server.GrpcLogAppender (GrpcLogAppender.java:timeoutAppendRequest(200)) - ad2d061b-bce4-4929-94ab-c6ef8113ba3f@group-A1C7DCA6ACCF->a9e3505a-b857-4083-807b-c489e4862dfa-GrpcLogAppender: appendEntries Timeout, request=ad2d061b-bce4-4929-94ab-c6ef8113ba3f->a9e3505a-b857-4083-807b-c489e4862dfa#80-t1, previous=(t:1, i:11), leaderCommit=4, initializing? false, entries: <empty>
2019-09-16 21:14:02,904 [java.util.concurrent.ThreadPoolExecutor$Worker@8186817[State = -1, empty queue]] WARN  server.GrpcLogAppender (GrpcLogAppender.java:timeoutAppendRequest(200)) - ad2d061b-bce4-4929-94ab-c6ef8113ba3f@group-A1C7DCA6ACCF->701ccf05-4c28-42f5-aa92-67be6d940b6d-GrpcLogAppender: appendEntries Timeout, request=ad2d061b-bce4-4929-94ab-c6ef8113ba3f->701ccf05-4c28-42f5-aa92-67be6d940b6d#80-t1, previous=(t:1, i:11), leaderCommit=4, initializing? false, entries: <empty>
2019-09-16 21:14:04,907 [org.apache.ratis.server.impl.LogAppender$AppenderDaemon$$Lambda$505/1255135911@492a8bb0] ERROR ratis.XceiverServerRatis (XceiverServerRatis.java:triggerPipelineClose(568)) - pipeline Action CLOSE  on pipeline PipelineID=ff96675e-0796-4ad9-b7a7-a1c7dca6accf.Reason : ad2d061b-bce4-4929-94ab-c6ef8113ba3f has not seen follower/s 701ccf05-4c28-42f5-aa92-67be6d940b6d for 175310ms a9e3505a-b857-4083-807b-c489e4862dfa for 175310ms
2019-09-16 21:14:04,907 [org.apache.ratis.server.impl.LogAppender$AppenderDaemon$$Lambda$505/1255135911@3fea3e93] ERROR ratis.XceiverServerRatis (XceiverServerRatis.java:triggerPipelineClose(568)) - pipeline Action CLOSE  on pipeline PipelineID=ff96675e-0796-4ad9-b7a7-a1c7dca6accf.Reason : ad2d061b-bce4-4929-94ab-c6ef8113ba3f has not seen follower/s 701ccf05-4c28-42f5-aa92-67be6d940b6d for 175310ms a9e3505a-b857-4083-807b-c489e4862dfa for 175310ms
2019-09-16 21:14:05,405 [java.util.concurrent.ThreadPoolExecutor$Worker@8186817[State = -1, empty queue]] WARN  server.GrpcLogAppender (GrpcLogAppender.java:timeoutAppendRequest(200)) - ad2d061b-bce4-4929-94ab-c6ef8113ba3f@group-A1C7DCA6ACCF->701ccf05-4c28-42f5-aa92-67be6d940b6d-GrpcLogAppender: appendEntries Timeout, request=ad2d061b-bce4-4929-94ab-c6ef8113ba3f->701ccf05-4c28-42f5-aa92-67be6d940b6d#81-t1, previous=(t:1, i:11), leaderCommit=4, initializing? false, entries: <empty>
2019-09-16 21:14:05,405 [java.util.concurrent.ThreadPoolExecutor$Worker@796e945c[State = -1, empty queue]] WARN  server.GrpcLogAppender (GrpcLogAppender.java:timeoutAppendRequest(200)) - ad2d061b-bce4-4929-94ab-c6ef8113ba3f@group-A1C7DCA6ACCF->a9e3505a-b857-4083-807b-c489e4862dfa-GrpcLogAppender: appendEntries Timeout, request=ad2d061b-bce4-4929-94ab-c6ef8113ba3f->a9e3505a-b857-4083-807b-c489e4862dfa#81-t1, previous=(t:1, i:11), leaderCommit=4, initializing? false, entries: <empty>
2019-09-16 21:14:05,893 [EventQueue-PipelineActionsForPipelineActionHandler] ERROR pipeline.PipelineActionHandler (PipelineActionHandler.java:onMessage(60)) - Received pipeline action CLOSE for Pipeline[ Id: ff96675e-0796-4ad9-b7a7-a1c7dca6accf, Nodes: 701ccf05-4c28-42f5-aa92-67be6d940b6d{ip: 192.168.69.85, host: pr-hdds-1054-8d95c-1017424488, networkLocation: /default-rack, certSerialId: null}ad2d061b-bce4-4929-94ab-c6ef8113ba3f{ip: 192.168.69.85, host: pr-hdds-1054-8d95c-1017424488, networkLocation: /default-rack, certSerialId: null}a9e3505a-b857-4083-807b-c489e4862dfa{ip: 192.168.69.85, host: pr-hdds-1054-8d95c-1017424488, networkLocation: /default-rack, certSerialId: null}, Type:RATIS, Factor:THREE, State:CLOSED] from datanode ad2d061b-bce4-4929-94ab-c6ef8113ba3f{ip: 192.168.69.85, host: pr-hdds-1054-8d95c-1017424488, networkLocation: /default-rack, certSerialId: null}. Reason : ad2d061b-bce4-4929-94ab-c6ef8113ba3f has not seen follower/s 701ccf05-4c28-42f5-aa92-67be6d940b6d for 175310ms a9e3505a-b857-4083-807b-c489e4862dfa for 175310ms
2019-09-16 21:14:05,893 [EventQueue-PipelineActionsForPipelineActionHandler] INFO  pipeline.SCMPipelineManager (SCMPipelineManager.java:finalizeAndDestroyPipeline(311)) - destroying pipeline:Pipeline[ Id: ff96675e-0796-4ad9-b7a7-a1c7dca6accf, Nodes: 701ccf05-4c28-42f5-aa92-67be6d940b6d{ip: 192.168.69.85, host: pr-hdds-1054-8d95c-1017424488, networkLocation: /default-rack, certSerialId: null}ad2d061b-bce4-4929-94ab-c6ef8113ba3f{ip: 192.168.69.85, host: pr-hdds-1054-8d95c-1017424488, networkLocation: /default-rack, certSerialId: null}a9e3505a-b857-4083-807b-c489e4862dfa{ip: 192.168.69.85, host: pr-hdds-1054-8d95c-1017424488, networkLocation: /default-rack, certSerialId: null}, Type:RATIS, Factor:THREE, State:CLOSED]
2019-09-16 21:14:06,386 [grpc-default-executor-6] INFO  client.GrpcClientProtocolClient (GrpcClientProtocolClient.java:onNext(264)) - client-85FCB0D44123->701ccf05-4c28-42f5-aa92-67be6d940b6d: receive RaftClientReply:client-85FCB0D44123->701ccf05-4c28-42f5-aa92-67be6d940b6d@group-A1C7DCA6ACCF, cid=50, FAILED org.apache.ratis.protocol.NotLeaderException: Server 701ccf05-4c28-42f5-aa92-67be6d940b6d@group-A1C7DCA6ACCF is not the leader ad2d061b-bce4-4929-94ab-c6ef8113ba3f:192.168.69.85:43917, logIndex=0, commits[701ccf05-4c28-42f5-aa92-67be6d940b6d:c4, ad2d061b-bce4-4929-94ab-c6ef8113ba3f:c4, a9e3505a-b857-4083-807b-c489e4862dfa:c3]
2019-09-16 21:14:07,407 [org.apache.ratis.server.impl.LogAppender$AppenderDaemon$$Lambda$505/1255135911@3fea3e93] ERROR ratis.XceiverServerRatis (XceiverServerRatis.java:triggerPipelineClose(568)) - pipeline Action CLOSE  on pipeline PipelineID=ff96675e-0796-4ad9-b7a7-a1c7dca6accf.Reason : ad2d061b-bce4-4929-94ab-c6ef8113ba3f has not seen follower/s 701ccf05-4c28-42f5-aa92-67be6d940b6d for 177811ms a9e3505a-b857-4083-807b-c489e4862dfa for 177811ms
2019-09-16 21:14:07,407 [org.apache.ratis.server.impl.LogAppender$AppenderDaemon$$Lambda$505/1255135911@492a8bb0] ERROR ratis.XceiverServerRatis (XceiverServerRatis.java:triggerPipelineClose(568)) - pipeline Action CLOSE  on pipeline PipelineID=ff96675e-0796-4ad9-b7a7-a1c7dca6accf.Reason : ad2d061b-bce4-4929-94ab-c6ef8113ba3f has not seen follower/s 701ccf05-4c28-42f5-aa92-67be6d940b6d for 177811ms a9e3505a-b857-4083-807b-c489e4862dfa for 177811ms
2019-09-16 21:14:07,892 [EventQueue-PipelineActionsForPipelineActionHandler] ERROR pipeline.PipelineActionHandler (PipelineActionHandler.java:onMessage(60)) - Received pipeline action CLOSE for Pipeline[ Id: ff96675e-0796-4ad9-b7a7-a1c7dca6accf, Nodes: 701ccf05-4c28-42f5-aa92-67be6d940b6d{ip: 192.168.69.85, host: pr-hdds-1054-8d95c-1017424488, networkLocation: /default-rack, certSerialId: null}ad2d061b-bce4-4929-94ab-c6ef8113ba3f{ip: 192.168.69.85, host: pr-hdds-1054-8d95c-1017424488, networkLocation: /default-rack, certSerialId: null}a9e3505a-b857-4083-807b-c489e4862dfa{ip: 192.168.69.85, host: pr-hdds-1054-8d95c-1017424488, networkLocation: /default-rack, certSerialId: null}, Type:RATIS, Factor:THREE, State:CLOSED] from datanode ad2d061b-bce4-4929-94ab-c6ef8113ba3f{ip: 192.168.69.85, host: pr-hdds-1054-8d95c-1017424488, networkLocation: /default-rack, certSerialId: null}. Reason : ad2d061b-bce4-4929-94ab-c6ef8113ba3f has not seen follower/s 701ccf05-4c28-42f5-aa92-67be6d940b6d for 177811ms a9e3505a-b857-4083-807b-c489e4862dfa for 177811ms
2019-09-16 21:14:07,892 [EventQueue-PipelineActionsForPipelineActionHandler] INFO  pipeline.SCMPipelineManager (SCMPipelineManager.java:finalizeAndDestroyPipeline(311)) - destroying pipeline:Pipeline[ Id: ff96675e-0796-4ad9-b7a7-a1c7dca6accf, Nodes: 701ccf05-4c28-42f5-aa92-67be6d940b6d{ip: 192.168.69.85, host: pr-hdds-1054-8d95c-1017424488, networkLocation: /default-rack, certSerialId: null}ad2d061b-bce4-4929-94ab-c6ef8113ba3f{ip: 192.168.69.85, host: pr-hdds-1054-8d95c-1017424488, networkLocation: /default-rack, certSerialId: null}a9e3505a-b857-4083-807b-c489e4862dfa{ip: 192.168.69.85, host: pr-hdds-1054-8d95c-1017424488, networkLocation: /default-rack, certSerialId: null}, Type:RATIS, Factor:THREE, State:CLOSED]
2019-09-16 21:14:07,906 [java.util.concurrent.ThreadPoolExecutor$Worker@796e945c[State = -1, empty queue]] WARN  server.GrpcLogAppender (GrpcLogAppender.java:timeoutAppendRequest(200)) - ad2d061b-bce4-4929-94ab-c6ef8113ba3f@group-A1C7DCA6ACCF->a9e3505a-b857-4083-807b-c489e4862dfa-GrpcLogAppender: appendEntries Timeout, request=ad2d061b-bce4-4929-94ab-c6ef8113ba3f->a9e3505a-b857-4083-807b-c489e4862dfa#82-t1, previous=(t:1, i:11), leaderCommit=4, initializing? false, entries: <empty>
2019-09-16 21:14:07,906 [java.util.concurrent.ThreadPoolExecutor$Worker@8186817[State = -1, empty queue]] WARN  server.GrpcLogAppender (GrpcLogAppender.java:timeoutAppendRequest(200)) - ad2d061b-bce4-4929-94ab-c6ef8113ba3f@group-A1C7DCA6ACCF->701ccf05-4c28-42f5-aa92-67be6d940b6d-GrpcLogAppender: appendEntries Timeout, request=ad2d061b-bce4-4929-94ab-c6ef8113ba3f->701ccf05-4c28-42f5-aa92-67be6d940b6d#82-t1, previous=(t:1, i:11), leaderCommit=4, initializing? false, entries: <empty>
2019-09-16 21:14:09,763 [701ccf05-4c28-42f5-aa92-67be6d940b6d@group-A1C7DCA6ACCF-SegmentedRaftLogWorker] WARN  segmented.SegmentedRaftLogWorker (SegmentedRaftLogWorker.java:getFromFuture(90)) - Timeout 17/~
org.apache.ratis.protocol.TimeoutIOException: Timeout 10s: WriteLog:5: (t:1, i:5), STATEMACHINELOGENTRY, client-85FCB0D44123, cid=50-writeStateMachineData
	at org.apache.ratis.util.IOUtils.getFromFuture(IOUtils.java:87)
	at org.apache.ratis.server.raftlog.segmented.SegmentedRaftLogWorker$StateMachineDataPolicy.getFromFuture(SegmentedRaftLogWorker.java:87)
	at org.apache.ratis.server.raftlog.segmented.SegmentedRaftLogWorker$WriteLog.execute(SegmentedRaftLogWorker.java:477)
	at org.apache.ratis.server.raftlog.segmented.SegmentedRaftLogWorker.run(SegmentedRaftLogWorker.java:289)
	at java.lang.Thread.run(Thread.java:748)
Caused by: java.util.concurrent.TimeoutException
	at java.util.concurrent.CompletableFuture.timedGet(CompletableFuture.java:1771)
	at java.util.concurrent.CompletableFuture.get(CompletableFuture.java:1915)
	at org.apache.ratis.util.IOUtils.getFromFuture(IOUtils.java:79)
	... 4 more
2019-09-16 21:14:09,877 [ad2d061b-bce4-4929-94ab-c6ef8113ba3f@group-A1C7DCA6ACCF-SegmentedRaftLogWorker] WARN  segmented.SegmentedRaftLogWorker (SegmentedRaftLogWorker.java:getFromFuture(90)) - Timeout 17/~
org.apache.ratis.protocol.TimeoutIOException: Timeout 10s: WriteLog:8: (t:1, i:8), STATEMACHINELOGENTRY, client-85FCB0D44123, cid=53-writeStateMachineData
	at org.apache.ratis.util.IOUtils.getFromFuture(IOUtils.java:87)
	at org.apache.ratis.server.raftlog.segmented.SegmentedRaftLogWorker$StateMachineDataPolicy.getFromFuture(SegmentedRaftLogWorker.java:87)
	at org.apache.ratis.server.raftlog.segmented.SegmentedRaftLogWorker$WriteLog.execute(SegmentedRaftLogWorker.java:477)
	at org.apache.ratis.server.raftlog.segmented.SegmentedRaftLogWorker.run(SegmentedRaftLogWorker.java:289)
	at java.lang.Thread.run(Thread.java:748)
Caused by: java.util.concurrent.TimeoutException
	at java.util.concurrent.CompletableFuture.timedGet(CompletableFuture.java:1771)
	at java.util.concurrent.CompletableFuture.get(CompletableFuture.java:1915)
	at org.apache.ratis.util.IOUtils.getFromFuture(IOUtils.java:79)
	... 4 more
2019-09-16 21:14:09,877 [a9e3505a-b857-4083-807b-c489e4862dfa@group-A1C7DCA6ACCF-SegmentedRaftLogWorker] WARN  segmented.SegmentedRaftLogWorker (SegmentedRaftLogWorker.java:getFromFuture(90)) - Timeout 17/~
org.apache.ratis.protocol.TimeoutIOException: Timeout 10s: WriteLog:8: (t:1, i:8), STATEMACHINELOGENTRY, client-85FCB0D44123, cid=53-writeStateMachineData
	at org.apache.ratis.util.IOUtils.getFromFuture(IOUtils.java:87)
	at org.apache.ratis.server.raftlog.segmented.SegmentedRaftLogWorker$StateMachineDataPolicy.getFromFuture(SegmentedRaftLogWorker.java:87)
	at org.apache.ratis.server.raftlog.segmented.SegmentedRaftLogWorker$WriteLog.execute(SegmentedRaftLogWorker.java:477)
	at org.apache.ratis.server.raftlog.segmented.SegmentedRaftLogWorker.run(SegmentedRaftLogWorker.java:289)
	at java.lang.Thread.run(Thread.java:748)
Caused by: java.util.concurrent.TimeoutException
	at java.util.concurrent.CompletableFuture.timedGet(CompletableFuture.java:1771)
	at java.util.concurrent.CompletableFuture.get(CompletableFuture.java:1915)
	at org.apache.ratis.util.IOUtils.getFromFuture(IOUtils.java:79)
	... 4 more
2019-09-16 21:14:09,908 [org.apache.ratis.server.impl.LogAppender$AppenderDaemon$$Lambda$505/1255135911@3fea3e93] ERROR ratis.XceiverServerRatis (XceiverServerRatis.java:triggerPipelineClose(568)) - pipeline Action CLOSE  on pipeline PipelineID=ff96675e-0796-4ad9-b7a7-a1c7dca6accf.Reason : ad2d061b-bce4-4929-94ab-c6ef8113ba3f has not seen follower/s 701ccf05-4c28-42f5-aa92-67be6d940b6d for 180312ms a9e3505a-b857-4083-807b-c489e4862dfa for 180312ms
2019-09-16 21:14:09,908 [org.apache.ratis.server.impl.LogAppender$AppenderDaemon$$Lambda$505/1255135911@492a8bb0] ERROR ratis.XceiverServerRatis (XceiverServerRatis.java:triggerPipelineClose(568)) - pipeline Action CLOSE  on pipeline PipelineID=ff96675e-0796-4ad9-b7a7-a1c7dca6accf.Reason : ad2d061b-bce4-4929-94ab-c6ef8113ba3f has not seen follower/s 701ccf05-4c28-42f5-aa92-67be6d940b6d for 180312ms a9e3505a-b857-4083-807b-c489e4862dfa for 180312ms
2019-09-16 21:14:10,410 [java.util.concurrent.ThreadPoolExecutor$Worker@8186817[State = -1, empty queue]] WARN  server.GrpcLogAppender (GrpcLogAppender.java:timeoutAppendRequest(200)) - ad2d061b-bce4-4929-94ab-c6ef8113ba3f@group-A1C7DCA6ACCF->701ccf05-4c28-42f5-aa92-67be6d940b6d-GrpcLogAppender: appendEntries Timeout, request=ad2d061b-bce4-4929-94ab-c6ef8113ba3f->701ccf05-4c28-42f5-aa92-67be6d940b6d#83-t1, previous=(t:1, i:11), leaderCommit=4, initializing? false, entries: <empty>
2019-09-16 21:14:10,410 [java.util.concurrent.ThreadPoolExecutor$Worker@796e945c[State = -1, empty queue]] WARN  server.GrpcLogAppender (GrpcLogAppender.java:timeoutAppendRequest(200)) - ad2d061b-bce4-4929-94ab-c6ef8113ba3f@group-A1C7DCA6ACCF->a9e3505a-b857-4083-807b-c489e4862dfa-GrpcLogAppender: appendEntries Timeout, request=ad2d061b-bce4-4929-94ab-c6ef8113ba3f->a9e3505a-b857-4083-807b-c489e4862dfa#83-t1, previous=(t:1, i:11), leaderCommit=4, initializing? false, entries: <empty>
2019-09-16 21:14:10,892 [EventQueue-PipelineActionsForPipelineActionHandler] ERROR pipeline.PipelineActionHandler (PipelineActionHandler.java:onMessage(60)) - Received pipeline action CLOSE for Pipeline[ Id: ff96675e-0796-4ad9-b7a7-a1c7dca6accf, Nodes: 701ccf05-4c28-42f5-aa92-67be6d940b6d{ip: 192.168.69.85, host: pr-hdds-1054-8d95c-1017424488, networkLocation: /default-rack, certSerialId: null}ad2d061b-bce4-4929-94ab-c6ef8113ba3f{ip: 192.168.69.85, host: pr-hdds-1054-8d95c-1017424488, networkLocation: /default-rack, certSerialId: null}a9e3505a-b857-4083-807b-c489e4862dfa{ip: 192.168.69.85, host: pr-hdds-1054-8d95c-1017424488, networkLocation: /default-rack, certSerialId: null}, Type:RATIS, Factor:THREE, State:CLOSED] from datanode ad2d061b-bce4-4929-94ab-c6ef8113ba3f{ip: 192.168.69.85, host: pr-hdds-1054-8d95c-1017424488, networkLocation: /default-rack, certSerialId: null}. Reason : ad2d061b-bce4-4929-94ab-c6ef8113ba3f has not seen follower/s 701ccf05-4c28-42f5-aa92-67be6d940b6d for 180312ms a9e3505a-b857-4083-807b-c489e4862dfa for 180312ms
2019-09-16 21:14:10,892 [EventQueue-PipelineActionsForPipelineActionHandler] INFO  pipeline.SCMPipelineManager (SCMPipelineManager.java:finalizeAndDestroyPipeline(311)) - destroying pipeline:Pipeline[ Id: ff96675e-0796-4ad9-b7a7-a1c7dca6accf, Nodes: 701ccf05-4c28-42f5-aa92-67be6d940b6d{ip: 192.168.69.85, host: pr-hdds-1054-8d95c-1017424488, networkLocation: /default-rack, certSerialId: null}ad2d061b-bce4-4929-94ab-c6ef8113ba3f{ip: 192.168.69.85, host: pr-hdds-1054-8d95c-1017424488, networkLocation: /default-rack, certSerialId: null}a9e3505a-b857-4083-807b-c489e4862dfa{ip: 192.168.69.85, host: pr-hdds-1054-8d95c-1017424488, networkLocation: /default-rack, certSerialId: null}, Type:RATIS, Factor:THREE, State:CLOSED]
2019-09-16 21:14:11,434 [grpc-default-executor-7] INFO  client.GrpcClientProtocolClient (GrpcClientProtocolClient.java:onNext(264)) - client-85FCB0D44123->a9e3505a-b857-4083-807b-c489e4862dfa: receive RaftClientReply:client-85FCB0D44123->a9e3505a-b857-4083-807b-c489e4862dfa@group-A1C7DCA6ACCF, cid=50, FAILED org.apache.ratis.protocol.NotLeaderException: Server a9e3505a-b857-4083-807b-c489e4862dfa@group-A1C7DCA6ACCF is not the leader ad2d061b-bce4-4929-94ab-c6ef8113ba3f:192.168.69.85:43917, logIndex=0, commits[a9e3505a-b857-4083-807b-c489e4862dfa:c4, ad2d061b-bce4-4929-94ab-c6ef8113ba3f:c4, 701ccf05-4c28-42f5-aa92-67be6d940b6d:c3]
2019-09-16 21:14:12,409 [org.apache.ratis.server.impl.LogAppender$AppenderDaemon$$Lambda$505/1255135911@492a8bb0] ERROR ratis.XceiverServerRatis (XceiverServerRatis.java:triggerPipelineClose(568)) - pipeline Action CLOSE  on pipeline PipelineID=ff96675e-0796-4ad9-b7a7-a1c7dca6accf.Reason : ad2d061b-bce4-4929-94ab-c6ef8113ba3f has not seen follower/s 701ccf05-4c28-42f5-aa92-67be6d940b6d for 182813ms a9e3505a-b857-4083-807b-c489e4862dfa for 182813ms
2019-09-16 21:14:12,409 [org.apache.ratis.server.impl.LogAppender$AppenderDaemon$$Lambda$505/1255135911@3fea3e93] ERROR ratis.XceiverServerRatis (XceiverServerRatis.java:triggerPipelineClose(568)) - pipeline Action CLOSE  on pipeline PipelineID=ff96675e-0796-4ad9-b7a7-a1c7dca6accf.Reason : ad2d061b-bce4-4929-94ab-c6ef8113ba3f has not seen follower/s 701ccf05-4c28-42f5-aa92-67be6d940b6d for 182813ms a9e3505a-b857-4083-807b-c489e4862dfa for 182813ms
2019-09-16 21:14:12,891 [EventQueue-PipelineActionsForPipelineActionHandler] ERROR pipeline.PipelineActionHandler (PipelineActionHandler.java:onMessage(60)) - Received pipeline action CLOSE for Pipeline[ Id: ff96675e-0796-4ad9-b7a7-a1c7dca6accf, Nodes: 701ccf05-4c28-42f5-aa92-67be6d940b6d{ip: 192.168.69.85, host: pr-hdds-1054-8d95c-1017424488, networkLocation: /default-rack, certSerialId: null}ad2d061b-bce4-4929-94ab-c6ef8113ba3f{ip: 192.168.69.85, host: pr-hdds-1054-8d95c-1017424488, networkLocation: /default-rack, certSerialId: null}a9e3505a-b857-4083-807b-c489e4862dfa{ip: 192.168.69.85, host: pr-hdds-1054-8d95c-1017424488, networkLocation: /default-rack, certSerialId: null}, Type:RATIS, Factor:THREE, State:CLOSED] from datanode ad2d061b-bce4-4929-94ab-c6ef8113ba3f{ip: 192.168.69.85, host: pr-hdds-1054-8d95c-1017424488, networkLocation: /default-rack, certSerialId: null}. Reason : ad2d061b-bce4-4929-94ab-c6ef8113ba3f has not seen follower/s 701ccf05-4c28-42f5-aa92-67be6d940b6d for 182813ms a9e3505a-b857-4083-807b-c489e4862dfa for 182813ms
2019-09-16 21:14:12,891 [EventQueue-PipelineActionsForPipelineActionHandler] INFO  pipeline.SCMPipelineManager (SCMPipelineManager.java:finalizeAndDestroyPipeline(311)) - destroying pipeline:Pipeline[ Id: ff96675e-0796-4ad9-b7a7-a1c7dca6accf, Nodes: 701ccf05-4c28-42f5-aa92-67be6d940b6d{ip: 192.168.69.85, host: pr-hdds-1054-8d95c-1017424488, networkLocation: /default-rack, certSerialId: null}ad2d061b-bce4-4929-94ab-c6ef8113ba3f{ip: 192.168.69.85, host: pr-hdds-1054-8d95c-1017424488, networkLocation: /default-rack, certSerialId: null}a9e3505a-b857-4083-807b-c489e4862dfa{ip: 192.168.69.85, host: pr-hdds-1054-8d95c-1017424488, networkLocation: /default-rack, certSerialId: null}, Type:RATIS, Factor:THREE, State:CLOSED]
2019-09-16 21:14:12,908 [java.util.concurrent.ThreadPoolExecutor$Worker@8186817[State = -1, empty queue]] WARN  server.GrpcLogAppender (GrpcLogAppender.java:timeoutAppendRequest(200)) - ad2d061b-bce4-4929-94ab-c6ef8113ba3f@group-A1C7DCA6ACCF->701ccf05-4c28-42f5-aa92-67be6d940b6d-GrpcLogAppender: appendEntries Timeout, request=ad2d061b-bce4-4929-94ab-c6ef8113ba3f->701ccf05-4c28-42f5-aa92-67be6d940b6d#84-t1, previous=(t:1, i:11), leaderCommit=4, initializing? false, entries: <empty>
2019-09-16 21:14:12,908 [java.util.concurrent.ThreadPoolExecutor$Worker@796e945c[State = -1, empty queue]] WARN  server.GrpcLogAppender (GrpcLogAppender.java:timeoutAppendRequest(200)) - ad2d061b-bce4-4929-94ab-c6ef8113ba3f@group-A1C7DCA6ACCF->a9e3505a-b857-4083-807b-c489e4862dfa-GrpcLogAppender: appendEntries Timeout, request=ad2d061b-bce4-4929-94ab-c6ef8113ba3f->a9e3505a-b857-4083-807b-c489e4862dfa#84-t1, previous=(t:1, i:11), leaderCommit=4, initializing? false, entries: <empty>
2019-09-16 21:14:14,910 [org.apache.ratis.server.impl.LogAppender$AppenderDaemon$$Lambda$505/1255135911@492a8bb0] ERROR ratis.XceiverServerRatis (XceiverServerRatis.java:triggerPipelineClose(568)) - pipeline Action CLOSE  on pipeline PipelineID=ff96675e-0796-4ad9-b7a7-a1c7dca6accf.Reason : ad2d061b-bce4-4929-94ab-c6ef8113ba3f has not seen follower/s 701ccf05-4c28-42f5-aa92-67be6d940b6d for 185314ms a9e3505a-b857-4083-807b-c489e4862dfa for 185314ms
2019-09-16 21:14:14,910 [org.apache.ratis.server.impl.LogAppender$AppenderDaemon$$Lambda$505/1255135911@3fea3e93] ERROR ratis.XceiverServerRatis (XceiverServerRatis.java:triggerPipelineClose(568)) - pipeline Action CLOSE  on pipeline PipelineID=ff96675e-0796-4ad9-b7a7-a1c7dca6accf.Reason : ad2d061b-bce4-4929-94ab-c6ef8113ba3f has not seen follower/s 701ccf05-4c28-42f5-aa92-67be6d940b6d for 185314ms a9e3505a-b857-4083-807b-c489e4862dfa for 185314ms
2019-09-16 21:14:15,409 [java.util.concurrent.ThreadPoolExecutor$Worker@8186817[State = -1, empty queue]] WARN  server.GrpcLogAppender (GrpcLogAppender.java:timeoutAppendRequest(200)) - ad2d061b-bce4-4929-94ab-c6ef8113ba3f@group-A1C7DCA6ACCF->701ccf05-4c28-42f5-aa92-67be6d940b6d-GrpcLogAppender: appendEntries Timeout, request=ad2d061b-bce4-4929-94ab-c6ef8113ba3f->701ccf05-4c28-42f5-aa92-67be6d940b6d#85-t1, previous=(t:1, i:11), leaderCommit=4, initializing? false, entries: <empty>
2019-09-16 21:14:15,409 [java.util.concurrent.ThreadPoolExecutor$Worker@796e945c[State = -1, empty queue]] WARN  server.GrpcLogAppender (GrpcLogAppender.java:timeoutAppendRequest(200)) - ad2d061b-bce4-4929-94ab-c6ef8113ba3f@group-A1C7DCA6ACCF->a9e3505a-b857-4083-807b-c489e4862dfa-GrpcLogAppender: appendEntries Timeout, request=ad2d061b-bce4-4929-94ab-c6ef8113ba3f->a9e3505a-b857-4083-807b-c489e4862dfa#85-t1, previous=(t:1, i:11), leaderCommit=4, initializing? false, entries: <empty>
2019-09-16 21:14:15,879 [grpc-default-executor-7] INFO  impl.RaftServerProxy (RaftServerProxy.java:remove(95)) - 701ccf05-4c28-42f5-aa92-67be6d940b6d: remove  FOLLOWER 701ccf05-4c28-42f5-aa92-67be6d940b6d@group-A1C7DCA6ACCF:t1, leader=ad2d061b-bce4-4929-94ab-c6ef8113ba3f, voted=ad2d061b-bce4-4929-94ab-c6ef8113ba3f, raftlog=701ccf05-4c28-42f5-aa92-67be6d940b6d@group-A1C7DCA6ACCF-SegmentedRaftLog:OPENED:c4,f4,i11, conf=0: [ad2d061b-bce4-4929-94ab-c6ef8113ba3f:192.168.69.85:43917, 701ccf05-4c28-42f5-aa92-67be6d940b6d:192.168.69.85:36099, a9e3505a-b857-4083-807b-c489e4862dfa:192.168.69.85:41188], old=null RUNNING
2019-09-16 21:14:15,880 [grpc-default-executor-7] INFO  impl.RaftServerImpl (RaftServerImpl.java:lambda$shutdown$3(251)) - 701ccf05-4c28-42f5-aa92-67be6d940b6d@group-A1C7DCA6ACCF: shutdown
2019-09-16 21:14:15,880 [grpc-default-executor-7] INFO  util.JmxRegister (JmxRegister.java:unregister(73)) - Successfully un-registered JMX Bean with object name Ratis:service=RaftServer,group=group-A1C7DCA6ACCF,id=701ccf05-4c28-42f5-aa92-67be6d940b6d
2019-09-16 21:14:15,880 [grpc-default-executor-7] INFO  impl.RoleInfo (RoleInfo.java:shutdownFollowerState(121)) - 701ccf05-4c28-42f5-aa92-67be6d940b6d: shutdown FollowerState
2019-09-16 21:14:15,881 [grpc-default-executor-7] INFO  impl.StateMachineUpdater (StateMachineUpdater.java:stopAndJoin(125)) - 701ccf05-4c28-42f5-aa92-67be6d940b6d@group-A1C7DCA6ACCF-StateMachineUpdater: set stopIndex = 4
2019-09-16 21:14:15,881 [Thread-969] INFO  impl.FollowerState (FollowerState.java:run(115)) - 701ccf05-4c28-42f5-aa92-67be6d940b6d: FollowerState was interrupted: java.lang.InterruptedException: sleep interrupted
2019-09-16 21:14:15,881 [701ccf05-4c28-42f5-aa92-67be6d940b6d@group-A1C7DCA6ACCF-StateMachineUpdater] INFO  ratis.ContainerStateMachine (ContainerStateMachine.java:takeSnapshot(289)) - group-A1C7DCA6ACCF: Taking a snapshot at:(t:1, i:3) file /workdir/hadoop-ozone/integration-test/target/test-dir/MiniOzoneClusterImpl-63b0d747-82b3-46ce-b4ba-fc0c669e0279/datanode-3/data/ratis/ff96675e-0796-4ad9-b7a7-a1c7dca6accf/sm/snapshot.1_3
2019-09-16 21:14:15,892 [EventQueue-PipelineActionsForPipelineActionHandler] ERROR pipeline.PipelineActionHandler (PipelineActionHandler.java:onMessage(60)) - Received pipeline action CLOSE for Pipeline[ Id: ff96675e-0796-4ad9-b7a7-a1c7dca6accf, Nodes: 701ccf05-4c28-42f5-aa92-67be6d940b6d{ip: 192.168.69.85, host: pr-hdds-1054-8d95c-1017424488, networkLocation: /default-rack, certSerialId: null}ad2d061b-bce4-4929-94ab-c6ef8113ba3f{ip: 192.168.69.85, host: pr-hdds-1054-8d95c-1017424488, networkLocation: /default-rack, certSerialId: null}a9e3505a-b857-4083-807b-c489e4862dfa{ip: 192.168.69.85, host: pr-hdds-1054-8d95c-1017424488, networkLocation: /default-rack, certSerialId: null}, Type:RATIS, Factor:THREE, State:CLOSED] from datanode ad2d061b-bce4-4929-94ab-c6ef8113ba3f{ip: 192.168.69.85, host: pr-hdds-1054-8d95c-1017424488, networkLocation: /default-rack, certSerialId: null}. Reason : ad2d061b-bce4-4929-94ab-c6ef8113ba3f has not seen follower/s 701ccf05-4c28-42f5-aa92-67be6d940b6d for 185314ms a9e3505a-b857-4083-807b-c489e4862dfa for 185314ms
2019-09-16 21:14:15,892 [EventQueue-PipelineActionsForPipelineActionHandler] INFO  pipeline.SCMPipelineManager (SCMPipelineManager.java:finalizeAndDestroyPipeline(311)) - destroying pipeline:Pipeline[ Id: ff96675e-0796-4ad9-b7a7-a1c7dca6accf, Nodes: 701ccf05-4c28-42f5-aa92-67be6d940b6d{ip: 192.168.69.85, host: pr-hdds-1054-8d95c-1017424488, networkLocation: /default-rack, certSerialId: null}ad2d061b-bce4-4929-94ab-c6ef8113ba3f{ip: 192.168.69.85, host: pr-hdds-1054-8d95c-1017424488, networkLocation: /default-rack, certSerialId: null}a9e3505a-b857-4083-807b-c489e4862dfa{ip: 192.168.69.85, host: pr-hdds-1054-8d95c-1017424488, networkLocation: /default-rack, certSerialId: null}, Type:RATIS, Factor:THREE, State:CLOSED]
2019-09-16 21:14:15,918 [701ccf05-4c28-42f5-aa92-67be6d940b6d@group-A1C7DCA6ACCF-StateMachineUpdater] INFO  ratis.ContainerStateMachine (ContainerStateMachine.java:takeSnapshot(300)) - group-A1C7DCA6ACCF: Finished taking a snapshot at:(t:1, i:3) file:/workdir/hadoop-ozone/integration-test/target/test-dir/MiniOzoneClusterImpl-63b0d747-82b3-46ce-b4ba-fc0c669e0279/datanode-3/data/ratis/ff96675e-0796-4ad9-b7a7-a1c7dca6accf/sm/snapshot.1_3 time:37
2019-09-16 21:14:15,919 [701ccf05-4c28-42f5-aa92-67be6d940b6d@group-A1C7DCA6ACCF-StateMachineUpdater] INFO  impl.StateMachineUpdater (StateMachineUpdater.java:takeSnapshot(258)) - 701ccf05-4c28-42f5-aa92-67be6d940b6d@group-A1C7DCA6ACCF-StateMachineUpdater: Took a snapshot at index 3
2019-09-16 21:14:15,919 [701ccf05-4c28-42f5-aa92-67be6d940b6d@group-A1C7DCA6ACCF-StateMachineUpdater] INFO  impl.StateMachineUpdater (StateMachineUpdater.java:lambda$new$0(83)) - 701ccf05-4c28-42f5-aa92-67be6d940b6d@group-A1C7DCA6ACCF-StateMachineUpdater: snapshotIndex: updateIncreasingly -1 -> 3
2019-09-16 21:14:15,919 [701ccf05-4c28-42f5-aa92-67be6d940b6d@group-A1C7DCA6ACCF-StateMachineUpdater] INFO  ratis.ContainerStateMachine (ContainerStateMachine.java:takeSnapshot(289)) - group-A1C7DCA6ACCF: Taking a snapshot at:(t:1, i:3) file /workdir/hadoop-ozone/integration-test/target/test-dir/MiniOzoneClusterImpl-63b0d747-82b3-46ce-b4ba-fc0c669e0279/datanode-3/data/ratis/ff96675e-0796-4ad9-b7a7-a1c7dca6accf/sm/snapshot.1_3
2019-09-16 21:14:15,948 [701ccf05-4c28-42f5-aa92-67be6d940b6d@group-A1C7DCA6ACCF-StateMachineUpdater] INFO  ratis.ContainerStateMachine (ContainerStateMachine.java:takeSnapshot(300)) - group-A1C7DCA6ACCF: Finished taking a snapshot at:(t:1, i:3) file:/workdir/hadoop-ozone/integration-test/target/test-dir/MiniOzoneClusterImpl-63b0d747-82b3-46ce-b4ba-fc0c669e0279/datanode-3/data/ratis/ff96675e-0796-4ad9-b7a7-a1c7dca6accf/sm/snapshot.1_3 time:30
2019-09-16 21:14:15,948 [701ccf05-4c28-42f5-aa92-67be6d940b6d@group-A1C7DCA6ACCF-StateMachineUpdater] INFO  impl.StateMachineUpdater (StateMachineUpdater.java:takeSnapshot(258)) - 701ccf05-4c28-42f5-aa92-67be6d940b6d@group-A1C7DCA6ACCF-StateMachineUpdater: Took a snapshot at index 3
2019-09-16 21:14:15,948 [701ccf05-4c28-42f5-aa92-67be6d940b6d@group-A1C7DCA6ACCF-StateMachineUpdater] INFO  impl.StateMachineUpdater (StateMachineUpdater.java:lambda$new$0(83)) - 701ccf05-4c28-42f5-aa92-67be6d940b6d@group-A1C7DCA6ACCF-StateMachineUpdater: snapshotIndex: updateIncreasingly 3 -> 3
2019-09-16 21:14:15,949 [grpc-default-executor-7] INFO  impl.RaftServerImpl (ServerState.java:close(385)) - 701ccf05-4c28-42f5-aa92-67be6d940b6d@group-A1C7DCA6ACCF: closes. applyIndex: 4
2019-09-16 21:14:15,950 [701ccf05-4c28-42f5-aa92-67be6d940b6d@group-A1C7DCA6ACCF-SegmentedRaftLogWorker] ERROR ratis.XceiverServerRatis (XceiverServerRatis.java:triggerPipelineClose(568)) - pipeline Action CLOSE  on pipeline PipelineID=ff96675e-0796-4ad9-b7a7-a1c7dca6accf.Reason : WriteLog:5: (t:1, i:5), STATEMACHINELOGENTRY, client-85FCB0D44123, cid=50-writeStateMachineData interrupted.
2019-09-16 21:14:15,955 [EventQueue-PipelineActionsForPipelineActionHandler] ERROR pipeline.PipelineActionHandler (PipelineActionHandler.java:onMessage(60)) - Received pipeline action CLOSE for Pipeline[ Id: ff96675e-0796-4ad9-b7a7-a1c7dca6accf, Nodes: 701ccf05-4c28-42f5-aa92-67be6d940b6d{ip: 192.168.69.85, host: pr-hdds-1054-8d95c-1017424488, networkLocation: /default-rack, certSerialId: null}ad2d061b-bce4-4929-94ab-c6ef8113ba3f{ip: 192.168.69.85, host: pr-hdds-1054-8d95c-1017424488, networkLocation: /default-rack, certSerialId: null}a9e3505a-b857-4083-807b-c489e4862dfa{ip: 192.168.69.85, host: pr-hdds-1054-8d95c-1017424488, networkLocation: /default-rack, certSerialId: null}, Type:RATIS, Factor:THREE, State:CLOSED] from datanode 701ccf05-4c28-42f5-aa92-67be6d940b6d{ip: 192.168.69.85, host: pr-hdds-1054-8d95c-1017424488, networkLocation: /default-rack, certSerialId: null}. Reason : WriteLog:5: (t:1, i:5), STATEMACHINELOGENTRY, client-85FCB0D44123, cid=50-writeStateMachineData interrupted.
2019-09-16 21:14:15,955 [grpc-default-executor-7] INFO  segmented.SegmentedRaftLogWorker (SegmentedRaftLogWorker.java:close(228)) - 701ccf05-4c28-42f5-aa92-67be6d940b6d@group-A1C7DCA6ACCF-SegmentedRaftLogWorker close()
2019-09-16 21:14:15,955 [EventQueue-PipelineActionsForPipelineActionHandler] INFO  pipeline.SCMPipelineManager (SCMPipelineManager.java:finalizeAndDestroyPipeline(311)) - destroying pipeline:Pipeline[ Id: ff96675e-0796-4ad9-b7a7-a1c7dca6accf, Nodes: 701ccf05-4c28-42f5-aa92-67be6d940b6d{ip: 192.168.69.85, host: pr-hdds-1054-8d95c-1017424488, networkLocation: /default-rack, certSerialId: null}ad2d061b-bce4-4929-94ab-c6ef8113ba3f{ip: 192.168.69.85, host: pr-hdds-1054-8d95c-1017424488, networkLocation: /default-rack, certSerialId: null}a9e3505a-b857-4083-807b-c489e4862dfa{ip: 192.168.69.85, host: pr-hdds-1054-8d95c-1017424488, networkLocation: /default-rack, certSerialId: null}, Type:RATIS, Factor:THREE, State:CLOSED]
2019-09-16 21:14:15,986 [grpc-default-executor-7] INFO  interfaces.Container (KeyValueContainer.java:flushAndSyncDB(386)) - Container 6 is synced with bcsId 3.
2019-09-16 21:14:15,986 [grpc-default-executor-7] INFO  interfaces.Container (KeyValueContainer.java:flushAndSyncDB(386)) - Container 6 is synced with bcsId 3.
2019-09-16 21:14:16,013 [EventQueue-IncrementalContainerReportForIncrementalContainerReportHandler] INFO  container.IncrementalContainerReportHandler (AbstractContainerReportHandler.java:updateContainerState(169)) - Moving container #6 to QUASI_CLOSED state, datanode 701ccf05-4c28-42f5-aa92-67be6d940b6d{ip: 192.168.69.85, host: pr-hdds-1054-8d95c-1017424488, networkLocation: /default-rack, certSerialId: null} reported QUASI_CLOSED replica.
2019-09-16 21:14:16,124 [grpc-default-executor-7] INFO  interfaces.Container (KeyValueContainer.java:flushAndSyncDB(386)) - Container 7 is synced with bcsId 0.
2019-09-16 21:14:16,124 [grpc-default-executor-7] INFO  interfaces.Container (KeyValueContainer.java:flushAndSyncDB(386)) - Container 7 is synced with bcsId 0.
2019-09-16 21:14:16,149 [EventQueue-IncrementalContainerReportForIncrementalContainerReportHandler] INFO  container.IncrementalContainerReportHandler (AbstractContainerReportHandler.java:updateContainerState(169)) - Moving container #7 to QUASI_CLOSED state, datanode 701ccf05-4c28-42f5-aa92-67be6d940b6d{ip: 192.168.69.85, host: pr-hdds-1054-8d95c-1017424488, networkLocation: /default-rack, certSerialId: null} reported QUASI_CLOSED replica.
2019-09-16 21:14:16,153 [grpc-default-executor-7] INFO  impl.RaftServerProxy (RaftServerProxy.java:remove(95)) - ad2d061b-bce4-4929-94ab-c6ef8113ba3f: remove    LEADER ad2d061b-bce4-4929-94ab-c6ef8113ba3f@group-A1C7DCA6ACCF:t1, leader=ad2d061b-bce4-4929-94ab-c6ef8113ba3f, voted=ad2d061b-bce4-4929-94ab-c6ef8113ba3f, raftlog=ad2d061b-bce4-4929-94ab-c6ef8113ba3f@group-A1C7DCA6ACCF-SegmentedRaftLog:OPENED:c4,f4,i11, conf=0: [ad2d061b-bce4-4929-94ab-c6ef8113ba3f:192.168.69.85:43917, 701ccf05-4c28-42f5-aa92-67be6d940b6d:192.168.69.85:36099, a9e3505a-b857-4083-807b-c489e4862dfa:192.168.69.85:41188], old=null RUNNING
2019-09-16 21:14:16,154 [grpc-default-executor-7] INFO  impl.RaftServerImpl (RaftServerImpl.java:lambda$shutdown$3(251)) - ad2d061b-bce4-4929-94ab-c6ef8113ba3f@group-A1C7DCA6ACCF: shutdown
2019-09-16 21:14:16,154 [grpc-default-executor-7] INFO  util.JmxRegister (JmxRegister.java:unregister(73)) - Successfully un-registered JMX Bean with object name Ratis:service=RaftServer,group=group-A1C7DCA6ACCF,id=ad2d061b-bce4-4929-94ab-c6ef8113ba3f
2019-09-16 21:14:16,154 [grpc-default-executor-7] INFO  impl.RoleInfo (RoleInfo.java:shutdownLeaderState(104)) - ad2d061b-bce4-4929-94ab-c6ef8113ba3f: shutdown LeaderState
2019-09-16 21:14:16,159 [org.apache.ratis.server.impl.LogAppender$AppenderDaemon$$Lambda$505/1255135911@492a8bb0] WARN  server.GrpcLogAppender (GrpcLogAppender.java:mayWait(143)) - ad2d061b-bce4-4929-94ab-c6ef8113ba3f@group-A1C7DCA6ACCF->a9e3505a-b857-4083-807b-c489e4862dfa-GrpcLogAppender: Wait interrupted by java.lang.InterruptedException
2019-09-16 21:14:16,159 [org.apache.ratis.server.impl.LogAppender$AppenderDaemon$$Lambda$505/1255135911@3fea3e93] WARN  server.GrpcLogAppender (GrpcLogAppender.java:mayWait(143)) - ad2d061b-bce4-4929-94ab-c6ef8113ba3f@group-A1C7DCA6ACCF->701ccf05-4c28-42f5-aa92-67be6d940b6d-GrpcLogAppender: Wait interrupted by java.lang.InterruptedException
2019-09-16 21:14:16,159 [grpc-default-executor-7] INFO  impl.PendingRequests (PendingRequests.java:sendNotLeaderResponses(202)) - ad2d061b-bce4-4929-94ab-c6ef8113ba3f-PendingRequests: sendNotLeaderResponses
2019-09-16 21:14:16,160 [grpc-default-executor-2] INFO  server.GrpcServerProtocolService (GrpcServerProtocolService.java:onCompleted(113)) - a9e3505a-b857-4083-807b-c489e4862dfa: Completed APPEND_ENTRIES, lastRequest: ad2d061b-bce4-4929-94ab-c6ef8113ba3f->a9e3505a-b857-4083-807b-c489e4862dfa#86-t1, previous=(t:1, i:11), leaderCommit=4, initializing? false, entries: <empty>
2019-09-16 21:14:16,160 [grpc-default-executor-6] INFO  server.GrpcServerProtocolService (GrpcServerProtocolService.java:onCompleted(113)) - 701ccf05-4c28-42f5-aa92-67be6d940b6d: Completed APPEND_ENTRIES, lastRequest: ad2d061b-bce4-4929-94ab-c6ef8113ba3f->701ccf05-4c28-42f5-aa92-67be6d940b6d#86-t1, previous=(t:1, i:11), leaderCommit=4, initializing? false, entries: <empty>
2019-09-16 21:14:16,160 [grpc-default-executor-2] INFO  server.GrpcLogAppender (GrpcLogAppender.java:onCompleted(293)) - ad2d061b-bce4-4929-94ab-c6ef8113ba3f@group-A1C7DCA6ACCF->a9e3505a-b857-4083-807b-c489e4862dfa-AppendLogResponseHandler: follower responses appendEntries COMPLETED
2019-09-16 21:14:16,160 [grpc-default-executor-6] INFO  server.GrpcLogAppender (GrpcLogAppender.java:onCompleted(293)) - ad2d061b-bce4-4929-94ab-c6ef8113ba3f@group-A1C7DCA6ACCF->701ccf05-4c28-42f5-aa92-67be6d940b6d-AppendLogResponseHandler: follower responses appendEntries COMPLETED
2019-09-16 21:14:16,161 [grpc-default-executor-2] INFO  impl.FollowerInfo (FollowerInfo.java:lambda$new$0(51)) - ad2d061b-bce4-4929-94ab-c6ef8113ba3f@group-A1C7DCA6ACCF->a9e3505a-b857-4083-807b-c489e4862dfa: nextIndex: updateUnconditionally 12 -> 5
2019-09-16 21:14:16,162 [grpc-default-executor-6] INFO  impl.FollowerInfo (FollowerInfo.java:lambda$new$0(51)) - ad2d061b-bce4-4929-94ab-c6ef8113ba3f@group-A1C7DCA6ACCF->701ccf05-4c28-42f5-aa92-67be6d940b6d: nextIndex: updateUnconditionally 12 -> 5
2019-09-16 21:14:16,166 [grpc-default-executor-7] INFO  impl.StateMachineUpdater (StateMachineUpdater.java:stopAndJoin(125)) - ad2d061b-bce4-4929-94ab-c6ef8113ba3f@group-A1C7DCA6ACCF-StateMachineUpdater: set stopIndex = 4
2019-09-16 21:14:16,166 [ad2d061b-bce4-4929-94ab-c6ef8113ba3f@group-A1C7DCA6ACCF-StateMachineUpdater] INFO  ratis.ContainerStateMachine (ContainerStateMachine.java:takeSnapshot(289)) - group-A1C7DCA6ACCF: Taking a snapshot at:(t:1, i:4) file /workdir/hadoop-ozone/integration-test/target/test-dir/MiniOzoneClusterImpl-63b0d747-82b3-46ce-b4ba-fc0c669e0279/datanode-0/data/ratis/ff96675e-0796-4ad9-b7a7-a1c7dca6accf/sm/snapshot.1_4
2019-09-16 21:14:16,190 [ad2d061b-bce4-4929-94ab-c6ef8113ba3f@group-A1C7DCA6ACCF-StateMachineUpdater] INFO  ratis.ContainerStateMachine (ContainerStateMachine.java:takeSnapshot(300)) - group-A1C7DCA6ACCF: Finished taking a snapshot at:(t:1, i:4) file:/workdir/hadoop-ozone/integration-test/target/test-dir/MiniOzoneClusterImpl-63b0d747-82b3-46ce-b4ba-fc0c669e0279/datanode-0/data/ratis/ff96675e-0796-4ad9-b7a7-a1c7dca6accf/sm/snapshot.1_4 time:24
2019-09-16 21:14:16,190 [ad2d061b-bce4-4929-94ab-c6ef8113ba3f@group-A1C7DCA6ACCF-StateMachineUpdater] INFO  impl.StateMachineUpdater (StateMachineUpdater.java:takeSnapshot(258)) - ad2d061b-bce4-4929-94ab-c6ef8113ba3f@group-A1C7DCA6ACCF-StateMachineUpdater: Took a snapshot at index 4
2019-09-16 21:14:16,190 [ad2d061b-bce4-4929-94ab-c6ef8113ba3f@group-A1C7DCA6ACCF-StateMachineUpdater] INFO  impl.StateMachineUpdater (StateMachineUpdater.java:lambda$new$0(83)) - ad2d061b-bce4-4929-94ab-c6ef8113ba3f@group-A1C7DCA6ACCF-StateMachineUpdater: snapshotIndex: updateIncreasingly -1 -> 4
2019-09-16 21:14:16,191 [grpc-default-executor-7] INFO  impl.RaftServerImpl (ServerState.java:close(385)) - ad2d061b-bce4-4929-94ab-c6ef8113ba3f@group-A1C7DCA6ACCF: closes. applyIndex: 4
2019-09-16 21:14:16,191 [Command processor thread] ERROR commandhandler.CloseContainerCommandHandler (CloseContainerCommandHandler.java:handle(125)) - Can't close container #7
java.io.IOException: org.apache.ratis.protocol.GroupMismatchException: ad2d061b-bce4-4929-94ab-c6ef8113ba3f: group-A1C7DCA6ACCF not found.
	at org.apache.hadoop.ozone.container.common.transport.server.ratis.XceiverServerRatis.submitRequest(XceiverServerRatis.java:495)
	at org.apache.hadoop.ozone.container.common.statemachine.commandhandler.CloseContainerCommandHandler.handle(CloseContainerCommandHandler.java:102)
	at org.apache.hadoop.ozone.container.common.statemachine.commandhandler.CommandDispatcher.handle(CommandDispatcher.java:99)
	at org.apache.hadoop.ozone.container.common.statemachine.DatanodeStateMachine.lambda$initCommandHandlerThread$1(DatanodeStateMachine.java:432)
	at java.lang.Thread.run(Thread.java:748)
Caused by: java.util.concurrent.ExecutionException: org.apache.ratis.protocol.GroupMismatchException: ad2d061b-bce4-4929-94ab-c6ef8113ba3f: group-A1C7DCA6ACCF not found.
	at java.util.concurrent.CompletableFuture.reportGet(CompletableFuture.java:357)
	at java.util.concurrent.CompletableFuture.get(CompletableFuture.java:1895)
	at org.apache.hadoop.ozone.container.common.transport.server.ratis.XceiverServerRatis.submitRequest(XceiverServerRatis.java:493)
	... 4 more
Caused by: org.apache.ratis.protocol.GroupMismatchException: ad2d061b-bce4-4929-94ab-c6ef8113ba3f: group-A1C7DCA6ACCF not found.
	at org.apache.ratis.server.impl.RaftServerProxy$ImplMap.get(RaftServerProxy.java:122)
	at org.apache.ratis.server.impl.RaftServerProxy.getImplFuture(RaftServerProxy.java:269)
	at org.apache.ratis.server.impl.RaftServerProxy.submitRequest(RaftServerProxy.java:327)
	at org.apache.ratis.server.impl.RaftServerProxy.submitClientRequestAsync(RaftServerProxy.java:333)
	... 5 more
2019-09-16 21:14:16,191 [ad2d061b-bce4-4929-94ab-c6ef8113ba3f@group-A1C7DCA6ACCF-SegmentedRaftLogWorker] ERROR ratis.XceiverServerRatis (XceiverServerRatis.java:triggerPipelineClose(568)) - pipeline Action CLOSE  on pipeline PipelineID=ff96675e-0796-4ad9-b7a7-a1c7dca6accf.Reason : WriteLog:8: (t:1, i:8), STATEMACHINELOGENTRY, client-85FCB0D44123, cid=53-writeStateMachineData interrupted.
2019-09-16 21:14:16,194 [EventQueue-PipelineActionsForPipelineActionHandler] ERROR pipeline.PipelineActionHandler (PipelineActionHandler.java:onMessage(60)) - Received pipeline action CLOSE for Pipeline[ Id: ff96675e-0796-4ad9-b7a7-a1c7dca6accf, Nodes: 701ccf05-4c28-42f5-aa92-67be6d940b6d{ip: 192.168.69.85, host: pr-hdds-1054-8d95c-1017424488, networkLocation: /default-rack, certSerialId: null}ad2d061b-bce4-4929-94ab-c6ef8113ba3f{ip: 192.168.69.85, host: pr-hdds-1054-8d95c-1017424488, networkLocation: /default-rack, certSerialId: null}a9e3505a-b857-4083-807b-c489e4862dfa{ip: 192.168.69.85, host: pr-hdds-1054-8d95c-1017424488, networkLocation: /default-rack, certSerialId: null}, Type:RATIS, Factor:THREE, State:CLOSED] from datanode ad2d061b-bce4-4929-94ab-c6ef8113ba3f{ip: 192.168.69.85, host: pr-hdds-1054-8d95c-1017424488, networkLocation: /default-rack, certSerialId: null}. Reason : WriteLog:8: (t:1, i:8), STATEMACHINELOGENTRY, client-85FCB0D44123, cid=53-writeStateMachineData interrupted.
2019-09-16 21:14:16,194 [EventQueue-PipelineActionsForPipelineActionHandler] INFO  pipeline.SCMPipelineManager (SCMPipelineManager.java:finalizeAndDestroyPipeline(311)) - destroying pipeline:Pipeline[ Id: ff96675e-0796-4ad9-b7a7-a1c7dca6accf, Nodes: 701ccf05-4c28-42f5-aa92-67be6d940b6d{ip: 192.168.69.85, host: pr-hdds-1054-8d95c-1017424488, networkLocation: /default-rack, certSerialId: null}ad2d061b-bce4-4929-94ab-c6ef8113ba3f{ip: 192.168.69.85, host: pr-hdds-1054-8d95c-1017424488, networkLocation: /default-rack, certSerialId: null}a9e3505a-b857-4083-807b-c489e4862dfa{ip: 192.168.69.85, host: pr-hdds-1054-8d95c-1017424488, networkLocation: /default-rack, certSerialId: null}, Type:RATIS, Factor:THREE, State:CLOSED]
2019-09-16 21:14:16,210 [grpc-default-executor-7] INFO  segmented.SegmentedRaftLogWorker (SegmentedRaftLogWorker.java:close(228)) - ad2d061b-bce4-4929-94ab-c6ef8113ba3f@group-A1C7DCA6ACCF-SegmentedRaftLogWorker close()
2019-09-16 21:14:16,231 [grpc-default-executor-7] INFO  interfaces.Container (KeyValueContainer.java:flushAndSyncDB(386)) - Container 6 is synced with bcsId 3.
2019-09-16 21:14:16,231 [grpc-default-executor-7] INFO  interfaces.Container (KeyValueContainer.java:flushAndSyncDB(386)) - Container 6 is synced with bcsId 3.
2019-09-16 21:14:16,406 [grpc-default-executor-7] INFO  interfaces.Container (KeyValueContainer.java:flushAndSyncDB(386)) - Container 7 is synced with bcsId 0.
2019-09-16 21:14:16,406 [grpc-default-executor-7] INFO  interfaces.Container (KeyValueContainer.java:flushAndSyncDB(386)) - Container 7 is synced with bcsId 0.
2019-09-16 21:14:16,437 [grpc-default-executor-7] INFO  impl.RaftServerProxy (RaftServerProxy.java:remove(95)) - a9e3505a-b857-4083-807b-c489e4862dfa: remove  FOLLOWER a9e3505a-b857-4083-807b-c489e4862dfa@group-A1C7DCA6ACCF:t1, leader=ad2d061b-bce4-4929-94ab-c6ef8113ba3f, voted=ad2d061b-bce4-4929-94ab-c6ef8113ba3f, raftlog=a9e3505a-b857-4083-807b-c489e4862dfa@group-A1C7DCA6ACCF-SegmentedRaftLog:OPENED:c4,f4,i11, conf=0: [ad2d061b-bce4-4929-94ab-c6ef8113ba3f:192.168.69.85:43917, 701ccf05-4c28-42f5-aa92-67be6d940b6d:192.168.69.85:36099, a9e3505a-b857-4083-807b-c489e4862dfa:192.168.69.85:41188], old=null RUNNING
2019-09-16 21:14:16,437 [grpc-default-executor-7] INFO  impl.RaftServerImpl (RaftServerImpl.java:lambda$shutdown$3(251)) - a9e3505a-b857-4083-807b-c489e4862dfa@group-A1C7DCA6ACCF: shutdown
2019-09-16 21:14:16,437 [grpc-default-executor-7] INFO  util.JmxRegister (JmxRegister.java:unregister(73)) - Successfully un-registered JMX Bean with object name Ratis:service=RaftServer,group=group-A1C7DCA6ACCF,id=a9e3505a-b857-4083-807b-c489e4862dfa
2019-09-16 21:14:16,437 [grpc-default-executor-7] INFO  impl.RoleInfo (RoleInfo.java:shutdownFollowerState(121)) - a9e3505a-b857-4083-807b-c489e4862dfa: shutdown FollowerState
2019-09-16 21:14:16,437 [grpc-default-executor-7] INFO  impl.StateMachineUpdater (StateMachineUpdater.java:stopAndJoin(125)) - a9e3505a-b857-4083-807b-c489e4862dfa@group-A1C7DCA6ACCF-StateMachineUpdater: set stopIndex = 4
2019-09-16 21:14:16,437 [Thread-968] INFO  impl.FollowerState (FollowerState.java:run(115)) - a9e3505a-b857-4083-807b-c489e4862dfa: FollowerState was interrupted: java.lang.InterruptedException: sleep interrupted
2019-09-16 21:14:16,437 [a9e3505a-b857-4083-807b-c489e4862dfa@group-A1C7DCA6ACCF-StateMachineUpdater] INFO  ratis.ContainerStateMachine (ContainerStateMachine.java:takeSnapshot(289)) - group-A1C7DCA6ACCF: Taking a snapshot at:(t:1, i:3) file /workdir/hadoop-ozone/integration-test/target/test-dir/MiniOzoneClusterImpl-63b0d747-82b3-46ce-b4ba-fc0c669e0279/datanode-1/data/ratis/ff96675e-0796-4ad9-b7a7-a1c7dca6accf/sm/snapshot.1_3
2019-09-16 21:14:16,467 [a9e3505a-b857-4083-807b-c489e4862dfa@group-A1C7DCA6ACCF-StateMachineUpdater] INFO  ratis.ContainerStateMachine (ContainerStateMachine.java:takeSnapshot(300)) - group-A1C7DCA6ACCF: Finished taking a snapshot at:(t:1, i:3) file:/workdir/hadoop-ozone/integration-test/target/test-dir/MiniOzoneClusterImpl-63b0d747-82b3-46ce-b4ba-fc0c669e0279/datanode-1/data/ratis/ff96675e-0796-4ad9-b7a7-a1c7dca6accf/sm/snapshot.1_3 time:29
2019-09-16 21:14:16,467 [a9e3505a-b857-4083-807b-c489e4862dfa@group-A1C7DCA6ACCF-StateMachineUpdater] INFO  impl.StateMachineUpdater (StateMachineUpdater.java:takeSnapshot(258)) - a9e3505a-b857-4083-807b-c489e4862dfa@group-A1C7DCA6ACCF-StateMachineUpdater: Took a snapshot at index 3
2019-09-16 21:14:16,467 [a9e3505a-b857-4083-807b-c489e4862dfa@group-A1C7DCA6ACCF-StateMachineUpdater] INFO  impl.StateMachineUpdater (StateMachineUpdater.java:lambda$new$0(83)) - a9e3505a-b857-4083-807b-c489e4862dfa@group-A1C7DCA6ACCF-StateMachineUpdater: snapshotIndex: updateIncreasingly -1 -> 3
2019-09-16 21:14:16,467 [a9e3505a-b857-4083-807b-c489e4862dfa@group-A1C7DCA6ACCF-StateMachineUpdater] INFO  ratis.ContainerStateMachine (ContainerStateMachine.java:takeSnapshot(289)) - group-A1C7DCA6ACCF: Taking a snapshot at:(t:1, i:3) file /workdir/hadoop-ozone/integration-test/target/test-dir/MiniOzoneClusterImpl-63b0d747-82b3-46ce-b4ba-fc0c669e0279/datanode-1/data/ratis/ff96675e-0796-4ad9-b7a7-a1c7dca6accf/sm/snapshot.1_3
2019-09-16 21:14:16,482 [main] WARN  io.KeyOutputStream (KeyOutputStream.java:handleException(276)) - Encountered exception java.io.IOException: Unexpected Storage Container Exception: java.util.concurrent.CompletionException: java.util.concurrent.CompletionException: org.apache.ratis.protocol.GroupMismatchException: a9e3505a-b857-4083-807b-c489e4862dfa: group-A1C7DCA6ACCF not found. on the pipeline Pipeline[ Id: ff96675e-0796-4ad9-b7a7-a1c7dca6accf, Nodes: 701ccf05-4c28-42f5-aa92-67be6d940b6d{ip: 192.168.69.85, host: pr-hdds-1054-8d95c-1017424488, networkLocation: /default-rack, certSerialId: null}ad2d061b-bce4-4929-94ab-c6ef8113ba3f{ip: 192.168.69.85, host: pr-hdds-1054-8d95c-1017424488, networkLocation: /default-rack, certSerialId: null}a9e3505a-b857-4083-807b-c489e4862dfa{ip: 192.168.69.85, host: pr-hdds-1054-8d95c-1017424488, networkLocation: /default-rack, certSerialId: null}, Type:RATIS, Factor:THREE, State:OPEN]. The last committed block length is 0, uncommitted data length is 400 retry count 0
2019-09-16 21:14:16,502 [a9e3505a-b857-4083-807b-c489e4862dfa@group-A1C7DCA6ACCF-StateMachineUpdater] INFO  ratis.ContainerStateMachine (ContainerStateMachine.java:takeSnapshot(300)) - group-A1C7DCA6ACCF: Finished taking a snapshot at:(t:1, i:3) file:/workdir/hadoop-ozone/integration-test/target/test-dir/MiniOzoneClusterImpl-63b0d747-82b3-46ce-b4ba-fc0c669e0279/datanode-1/data/ratis/ff96675e-0796-4ad9-b7a7-a1c7dca6accf/sm/snapshot.1_3 time:34
2019-09-16 21:14:16,507 [a9e3505a-b857-4083-807b-c489e4862dfa@group-A1C7DCA6ACCF-StateMachineUpdater] INFO  impl.StateMachineUpdater (StateMachineUpdater.java:takeSnapshot(258)) - a9e3505a-b857-4083-807b-c489e4862dfa@group-A1C7DCA6ACCF-StateMachineUpdater: Took a snapshot at index 3
2019-09-16 21:14:16,507 [a9e3505a-b857-4083-807b-c489e4862dfa@group-A1C7DCA6ACCF-StateMachineUpdater] INFO  impl.StateMachineUpdater (StateMachineUpdater.java:lambda$new$0(83)) - a9e3505a-b857-4083-807b-c489e4862dfa@group-A1C7DCA6ACCF-StateMachineUpdater: snapshotIndex: updateIncreasingly 3 -> 3
2019-09-16 21:14:16,508 [grpc-default-executor-7] INFO  impl.RaftServerImpl (ServerState.java:close(385)) - a9e3505a-b857-4083-807b-c489e4862dfa@group-A1C7DCA6ACCF: closes. applyIndex: 4
2019-09-16 21:14:16,508 [a9e3505a-b857-4083-807b-c489e4862dfa@group-A1C7DCA6ACCF-SegmentedRaftLogWorker] ERROR ratis.XceiverServerRatis (XceiverServerRatis.java:triggerPipelineClose(568)) - pipeline Action CLOSE  on pipeline PipelineID=ff96675e-0796-4ad9-b7a7-a1c7dca6accf.Reason : WriteLog:8: (t:1, i:8), STATEMACHINELOGENTRY, client-85FCB0D44123, cid=53-writeStateMachineData interrupted.
2019-09-16 21:14:16,511 [EventQueue-PipelineActionsForPipelineActionHandler] ERROR pipeline.PipelineActionHandler (PipelineActionHandler.java:onMessage(60)) - Received pipeline action CLOSE for Pipeline[ Id: ff96675e-0796-4ad9-b7a7-a1c7dca6accf, Nodes: 701ccf05-4c28-42f5-aa92-67be6d940b6d{ip: 192.168.69.85, host: pr-hdds-1054-8d95c-1017424488, networkLocation: /default-rack, certSerialId: null}ad2d061b-bce4-4929-94ab-c6ef8113ba3f{ip: 192.168.69.85, host: pr-hdds-1054-8d95c-1017424488, networkLocation: /default-rack, certSerialId: null}a9e3505a-b857-4083-807b-c489e4862dfa{ip: 192.168.69.85, host: pr-hdds-1054-8d95c-1017424488, networkLocation: /default-rack, certSerialId: null}, Type:RATIS, Factor:THREE, State:CLOSED] from datanode a9e3505a-b857-4083-807b-c489e4862dfa{ip: 192.168.69.85, host: pr-hdds-1054-8d95c-1017424488, networkLocation: /default-rack, certSerialId: null}. Reason : WriteLog:8: (t:1, i:8), STATEMACHINELOGENTRY, client-85FCB0D44123, cid=53-writeStateMachineData interrupted.
2019-09-16 21:14:16,511 [EventQueue-PipelineActionsForPipelineActionHandler] INFO  pipeline.SCMPipelineManager (SCMPipelineManager.java:finalizeAndDestroyPipeline(311)) - destroying pipeline:Pipeline[ Id: ff96675e-0796-4ad9-b7a7-a1c7dca6accf, Nodes: 701ccf05-4c28-42f5-aa92-67be6d940b6d{ip: 192.168.69.85, host: pr-hdds-1054-8d95c-1017424488, networkLocation: /default-rack, certSerialId: null}ad2d061b-bce4-4929-94ab-c6ef8113ba3f{ip: 192.168.69.85, host: pr-hdds-1054-8d95c-1017424488, networkLocation: /default-rack, certSerialId: null}a9e3505a-b857-4083-807b-c489e4862dfa{ip: 192.168.69.85, host: pr-hdds-1054-8d95c-1017424488, networkLocation: /default-rack, certSerialId: null}, Type:RATIS, Factor:THREE, State:CLOSED]
2019-09-16 21:14:16,523 [grpc-default-executor-6] INFO  client.GrpcClientProtocolClient (GrpcClientProtocolClient.java:onNext(264)) - client-BC89D98B609E->91e5c6b3-48bd-44b9-8fb1-453cc408c32e: receive RaftClientReply:client-BC89D98B609E->91e5c6b3-48bd-44b9-8fb1-453cc408c32e@group-CD3ED798F5EB, cid=143, FAILED org.apache.ratis.protocol.NotLeaderException: Server 91e5c6b3-48bd-44b9-8fb1-453cc408c32e@group-CD3ED798F5EB is not the leader bc03dc43-d8f6-4c92-bab3-f133497e3cb1:192.168.69.85:40237, logIndex=0, commits[91e5c6b3-48bd-44b9-8fb1-453cc408c32e:c22, bc03dc43-d8f6-4c92-bab3-f133497e3cb1:c22, dcee1251-5c47-4bc3-ad20-2bd0ee800f60:c22]
2019-09-16 21:14:16,532 [grpc-default-executor-7] INFO  segmented.SegmentedRaftLogWorker (SegmentedRaftLogWorker.java:close(228)) - a9e3505a-b857-4083-807b-c489e4862dfa@group-A1C7DCA6ACCF-SegmentedRaftLogWorker close()
2019-09-16 21:14:16,568 [grpc-default-executor-7] INFO  interfaces.Container (KeyValueContainer.java:flushAndSyncDB(386)) - Container 6 is synced with bcsId 3.
2019-09-16 21:14:16,568 [grpc-default-executor-7] INFO  interfaces.Container (KeyValueContainer.java:flushAndSyncDB(386)) - Container 6 is synced with bcsId 3.
2019-09-16 21:14:16,786 [grpc-default-executor-7] INFO  interfaces.Container (KeyValueContainer.java:flushAndSyncDB(386)) - Container 7 is synced with bcsId 0.
2019-09-16 21:14:16,786 [grpc-default-executor-7] INFO  interfaces.Container (KeyValueContainer.java:flushAndSyncDB(386)) - Container 7 is synced with bcsId 0.
2019-09-16 21:14:16,800 [grpc-default-executor-2] INFO  client.GrpcClientProtocolClient (GrpcClientProtocolClient.java:onNext(264)) - client-BC89D98B609E->bc03dc43-d8f6-4c92-bab3-f133497e3cb1: receive RaftClientReply:client-BC89D98B609E->bc03dc43-d8f6-4c92-bab3-f133497e3cb1@group-CD3ED798F5EB, cid=143, SUCCESS, logIndex=23, commits[bc03dc43-d8f6-4c92-bab3-f133497e3cb1:c24, 91e5c6b3-48bd-44b9-8fb1-453cc408c32e:c22, dcee1251-5c47-4bc3-ad20-2bd0ee800f60:c23]
2019-09-16 21:14:16,810 [RatisPipelineUtilsThread] INFO  pipeline.PipelineStateManager (PipelineStateManager.java:removePipeline(108)) - Pipeline Pipeline[ Id: ff96675e-0796-4ad9-b7a7-a1c7dca6accf, Nodes: 701ccf05-4c28-42f5-aa92-67be6d940b6d{ip: 192.168.69.85, host: pr-hdds-1054-8d95c-1017424488, networkLocation: /default-rack, certSerialId: null}ad2d061b-bce4-4929-94ab-c6ef8113ba3f{ip: 192.168.69.85, host: pr-hdds-1054-8d95c-1017424488, networkLocation: /default-rack, certSerialId: null}a9e3505a-b857-4083-807b-c489e4862dfa{ip: 192.168.69.85, host: pr-hdds-1054-8d95c-1017424488, networkLocation: /default-rack, certSerialId: null}, Type:RATIS, Factor:THREE, State:CLOSED] removed from db
2019-09-16 21:14:16,830 [grpc-default-executor-9] INFO  client.GrpcClientProtocolClient (GrpcClientProtocolClient.java:onNext(264)) - client-BC89D98B609E->bc03dc43-d8f6-4c92-bab3-f133497e3cb1: receive RaftClientReply:client-BC89D98B609E->bc03dc43-d8f6-4c92-bab3-f133497e3cb1@group-CD3ED798F5EB, cid=144, SUCCESS, logIndex=25, commits[bc03dc43-d8f6-4c92-bab3-f133497e3cb1:c25, 91e5c6b3-48bd-44b9-8fb1-453cc408c32e:c24, dcee1251-5c47-4bc3-ad20-2bd0ee800f60:c24]
2019-09-16 21:14:16,934 [grpc-default-executor-9] INFO  client.GrpcClientProtocolClient (GrpcClientProtocolClient.java:onNext(264)) - client-BC89D98B609E->bc03dc43-d8f6-4c92-bab3-f133497e3cb1: receive RaftClientReply:client-BC89D98B609E->bc03dc43-d8f6-4c92-bab3-f133497e3cb1@group-CD3ED798F5EB, cid=145, SUCCESS, logIndex=26, commits[bc03dc43-d8f6-4c92-bab3-f133497e3cb1:c34, 91e5c6b3-48bd-44b9-8fb1-453cc408c32e:c29, dcee1251-5c47-4bc3-ad20-2bd0ee800f60:c29]
2019-09-16 21:14:16,935 [grpc-default-executor-9] INFO  client.GrpcClientProtocolClient (GrpcClientProtocolClient.java:onNext(264)) - client-BC89D98B609E->bc03dc43-d8f6-4c92-bab3-f133497e3cb1: receive RaftClientReply:client-BC89D98B609E->bc03dc43-d8f6-4c92-bab3-f133497e3cb1@group-CD3ED798F5EB, cid=146, SUCCESS, logIndex=27, commits[bc03dc43-d8f6-4c92-bab3-f133497e3cb1:c34, 91e5c6b3-48bd-44b9-8fb1-453cc408c32e:c29, dcee1251-5c47-4bc3-ad20-2bd0ee800f60:c29]
2019-09-16 21:14:16,936 [grpc-default-executor-9] INFO  client.GrpcClientProtocolClient (GrpcClientProtocolClient.java:onNext(264)) - client-BC89D98B609E->bc03dc43-d8f6-4c92-bab3-f133497e3cb1: receive RaftClientReply:client-BC89D98B609E->bc03dc43-d8f6-4c92-bab3-f133497e3cb1@group-CD3ED798F5EB, cid=147, SUCCESS, logIndex=28, commits[bc03dc43-d8f6-4c92-bab3-f133497e3cb1:c34, 91e5c6b3-48bd-44b9-8fb1-453cc408c32e:c29, dcee1251-5c47-4bc3-ad20-2bd0ee800f60:c29]
2019-09-16 21:14:17,177 [grpc-default-executor-9] INFO  client.GrpcClientProtocolClient (GrpcClientProtocolClient.java:onNext(264)) - client-BC89D98B609E->bc03dc43-d8f6-4c92-bab3-f133497e3cb1: receive RaftClientReply:client-BC89D98B609E->bc03dc43-d8f6-4c92-bab3-f133497e3cb1@group-CD3ED798F5EB, cid=148, SUCCESS, logIndex=29, commits[bc03dc43-d8f6-4c92-bab3-f133497e3cb1:c34, 91e5c6b3-48bd-44b9-8fb1-453cc408c32e:c29, dcee1251-5c47-4bc3-ad20-2bd0ee800f60:c29]
]]></system-out>
  </testcase>
</testsuite>