<?xml version="1.0" encoding="UTF-8"?>
<testsuite xmlns:xsi="http://www.w3.org/2001/XMLSchema-instance" xsi:noNamespaceSchemaLocation="https://maven.apache.org/surefire/maven-surefire-plugin/xsd/surefire-test-report.xsd" name="org.apache.hadoop.ozone.client.rpc.TestBlockOutputStreamWithFailures" time="733.609" tests="8" errors="0" skipped="0" failures="1">
  <properties>
    <property name="awt.toolkit" value="sun.awt.X11.XToolkit"/>
    <property name="file.encoding.pkg" value="sun.io"/>
    <property name="java.specification.version" value="1.8"/>
    <property name="sun.cpu.isalist" value=""/>
    <property name="sun.jnu.encoding" value="UTF-8"/>
    <property name="java.class.path" value="/workdir/hadoop-ozone/integration-test/target/test-classes:/workdir/hadoop-ozone/integration-test/target/classes:/home/user/.m2/repository/org/apache/hadoop/hadoop-ozone-common/0.5.0-SNAPSHOT/hadoop-ozone-common-0.5.0-SNAPSHOT.jar:/home/user/.m2/repository/org/apache/commons/commons-compress/1.4.1/commons-compress-1.4.1.jar:/home/user/.m2/repository/org/tukaani/xz/1.0/xz-1.0.jar:/home/user/.m2/repository/org/apache/hadoop/hadoop-common/3.2.0/hadoop-common-3.2.0.jar:/home/user/.m2/repository/org/apache/hadoop/hadoop-hdfs/3.2.0/hadoop-hdfs-3.2.0.jar:/home/user/.m2/repository/org/apache/hadoop/hadoop-hdfs-client/3.2.0/hadoop-hdfs-client-3.2.0.jar:/home/user/.m2/repository/com/fasterxml/jackson/core/jackson-annotations/2.9.5/jackson-annotations-2.9.5.jar:/home/user/.m2/repository/org/apache/hadoop/hadoop-hdds-common/0.5.0-SNAPSHOT/hadoop-hdds-common-0.5.0-SNAPSHOT.jar:/home/user/.m2/repository/javax/annotation/javax.annotation-api/1.2/javax.annotation-api-1.2.jar:/home/user/.m2/repository/org/apache/ratis/ratis-server/0.4.0-2337318-SNAPSHOT/ratis-server-0.4.0-2337318-SNAPSHOT.jar:/home/user/.m2/repository/org/apache/ratis/ratis-thirdparty-misc/0.2.0/ratis-thirdparty-misc-0.2.0.jar:/home/user/.m2/repository/org/apache/ratis/ratis-proto/0.4.0-2337318-SNAPSHOT/ratis-proto-0.4.0-2337318-SNAPSHOT.jar:/home/user/.m2/repository/org/apache/ratis/ratis-common/0.4.0-2337318-SNAPSHOT/ratis-common-0.4.0-2337318-SNAPSHOT.jar:/home/user/.m2/repository/org/apache/ratis/ratis-client/0.4.0-2337318-SNAPSHOT/ratis-client-0.4.0-2337318-SNAPSHOT.jar:/home/user/.m2/repository/org/apache/ratis/ratis-metrics/0.4.0-2337318-SNAPSHOT/ratis-metrics-0.4.0-2337318-SNAPSHOT.jar:/home/user/.m2/repository/org/apache/ratis/ratis-netty/0.4.0-2337318-SNAPSHOT/ratis-netty-0.4.0-2337318-SNAPSHOT.jar:/home/user/.m2/repository/org/apache/ratis/ratis-grpc/0.4.0-2337318-SNAPSHOT/ratis-grpc-0.4.0-2337318-SNAPSHOT.jar:/home/user/.m2/repository/org/rocksdb/rocksdbjni/6.0.1/rocksdbjni-6.0.1.jar:/home/user/.m2/repository/org/apache/logging/log4j/log4j-api/2.11.0/log4j-api-2.11.0.jar:/home/user/.m2/repository/org/apache/logging/log4j/log4j-core/2.11.0/log4j-core-2.11.0.jar:/home/user/.m2/repository/com/lmax/disruptor/3.4.2/disruptor-3.4.2.jar:/home/user/.m2/repository/org/apache/commons/commons-pool2/2.6.0/commons-pool2-2.6.0.jar:/home/user/.m2/repository/org/bouncycastle/bcpkix-jdk15on/1.60/bcpkix-jdk15on-1.60.jar:/home/user/.m2/repository/commons-validator/commons-validator/1.6/commons-validator-1.6.jar:/home/user/.m2/repository/commons-digester/commons-digester/1.8.1/commons-digester-1.8.1.jar:/home/user/.m2/repository/io/jaegertracing/jaeger-client/0.33.1/jaeger-client-0.33.1.jar:/home/user/.m2/repository/io/jaegertracing/jaeger-thrift/0.33.1/jaeger-thrift-0.33.1.jar:/home/user/.m2/repository/org/apache/thrift/libthrift/0.11.0/libthrift-0.11.0.jar:/home/user/.m2/repository/com/squareup/okhttp3/okhttp/3.9.0/okhttp-3.9.0.jar:/home/user/.m2/repository/com/squareup/okio/okio/1.13.0/okio-1.13.0.jar:/home/user/.m2/repository/io/jaegertracing/jaeger-core/0.33.1/jaeger-core-0.33.1.jar:/home/user/.m2/repository/io/jaegertracing/jaeger-tracerresolver/0.33.1/jaeger-tracerresolver-0.33.1.jar:/home/user/.m2/repository/io/opentracing/contrib/opentracing-tracerresolver/0.1.5/opentracing-tracerresolver-0.1.5.jar:/home/user/.m2/repository/io/opentracing/opentracing-util/0.31.0/opentracing-util-0.31.0.jar:/home/user/.m2/repository/io/opentracing/opentracing-api/0.31.0/opentracing-api-0.31.0.jar:/home/user/.m2/repository/io/opentracing/opentracing-noop/0.31.0/opentracing-noop-0.31.0.jar:/home/user/.m2/repository/org/apache/hadoop/hadoop-hdds-server-framework/0.5.0-SNAPSHOT/hadoop-hdds-server-framework-0.5.0-SNAPSHOT.jar:/home/user/.m2/repository/org/apache/hadoop/hadoop-hdds-container-service/0.5.0-SNAPSHOT/hadoop-hdds-container-service-0.5.0-SNAPSHOT.jar:/home/user/.m2/repository/org/apache/hadoop/hadoop-hdds-client/0.5.0-SNAPSHOT/hadoop-hdds-client-0.5.0-SNAPSHOT.jar:/home/user/.m2/repository/org/apache/hadoop/hadoop-hdds-tools/0.5.0-SNAPSHOT/hadoop-hdds-tools-0.5.0-SNAPSHOT.jar:/home/user/.m2/repository/org/apache/hadoop/hadoop-hdds-server-scm/0.5.0-SNAPSHOT/hadoop-hdds-server-scm-0.5.0-SNAPSHOT.jar:/home/user/.m2/repository/org/apache/hadoop/hadoop-hdds-docs/0.5.0-SNAPSHOT/hadoop-hdds-docs-0.5.0-SNAPSHOT.jar:/home/user/.m2/repository/io/dropwizard/metrics/metrics-core/3.2.4/metrics-core-3.2.4.jar:/home/user/.m2/repository/org/hamcrest/hamcrest-all/1.3/hamcrest-all-1.3.jar:/home/user/.m2/repository/org/bouncycastle/bcprov-jdk15on/1.60/bcprov-jdk15on-1.60.jar:/home/user/.m2/repository/info/picocli/picocli/3.9.6/picocli-3.9.6.jar:/home/user/.m2/repository/com/google/protobuf/protobuf-java/2.5.0/protobuf-java-2.5.0.jar:/home/user/.m2/repository/com/google/guava/guava/11.0.2/guava-11.0.2.jar:/home/user/.m2/repository/org/apache/hadoop/hadoop-ozone-ozone-manager/0.5.0-SNAPSHOT/hadoop-ozone-ozone-manager-0.5.0-SNAPSHOT.jar:/home/user/.m2/repository/org/apache/hadoop/hadoop-minikdc/3.2.0/hadoop-minikdc-3.2.0.jar:/home/user/.m2/repository/commons-io/commons-io/2.5/commons-io-2.5.jar:/home/user/.m2/repository/org/apache/kerby/kerb-simplekdc/1.0.1/kerb-simplekdc-1.0.1.jar:/home/user/.m2/repository/org/apache/kerby/kerb-client/1.0.1/kerb-client-1.0.1.jar:/home/user/.m2/repository/org/apache/kerby/kerby-config/1.0.1/kerby-config-1.0.1.jar:/home/user/.m2/repository/org/apache/kerby/kerb-core/1.0.1/kerb-core-1.0.1.jar:/home/user/.m2/repository/org/apache/kerby/kerby-pkix/1.0.1/kerby-pkix-1.0.1.jar:/home/user/.m2/repository/org/apache/kerby/kerby-asn1/1.0.1/kerby-asn1-1.0.1.jar:/home/user/.m2/repository/org/apache/kerby/kerby-util/1.0.1/kerby-util-1.0.1.jar:/home/user/.m2/repository/org/apache/kerby/kerb-common/1.0.1/kerb-common-1.0.1.jar:/home/user/.m2/repository/org/apache/kerby/kerb-crypto/1.0.1/kerb-crypto-1.0.1.jar:/home/user/.m2/repository/org/apache/kerby/kerb-util/1.0.1/kerb-util-1.0.1.jar:/home/user/.m2/repository/org/apache/kerby/token-provider/1.0.1/token-provider-1.0.1.jar:/home/user/.m2/repository/org/apache/kerby/kerb-admin/1.0.1/kerb-admin-1.0.1.jar:/home/user/.m2/repository/org/apache/kerby/kerb-server/1.0.1/kerb-server-1.0.1.jar:/home/user/.m2/repository/org/apache/kerby/kerb-identity/1.0.1/kerb-identity-1.0.1.jar:/home/user/.m2/repository/org/apache/kerby/kerby-xdr/1.0.1/kerby-xdr-1.0.1.jar:/home/user/.m2/repository/org/slf4j/slf4j-log4j12/1.7.25/slf4j-log4j12-1.7.25.jar:/home/user/.m2/repository/org/apache/hadoop/hadoop-ozone-objectstore-service/0.5.0-SNAPSHOT/hadoop-ozone-objectstore-service-0.5.0-SNAPSHOT.jar:/home/user/.m2/repository/org/apache/hadoop/hadoop-ozone-s3gateway/0.5.0-SNAPSHOT/hadoop-ozone-s3gateway-0.5.0-SNAPSHOT.jar:/home/user/.m2/repository/org/jboss/weld/servlet/weld-servlet/2.4.7.Final/weld-servlet-2.4.7.Final.jar:/home/user/.m2/repository/org/glassfish/jersey/containers/jersey-container-servlet-core/2.27/jersey-container-servlet-core-2.27.jar:/home/user/.m2/repository/org/glassfish/hk2/external/javax.inject/2.5.0-b42/javax.inject-2.5.0-b42.jar:/home/user/.m2/repository/org/glassfish/jersey/core/jersey-common/2.27/jersey-common-2.27.jar:/home/user/.m2/repository/org/glassfish/hk2/osgi-resource-locator/1.0.1/osgi-resource-locator-1.0.1.jar:/home/user/.m2/repository/javax/ws/rs/javax.ws.rs-api/2.1/javax.ws.rs-api-2.1.jar:/home/user/.m2/repository/org/glassfish/jersey/ext/cdi/jersey-cdi1x/2.27/jersey-cdi1x-2.27.jar:/home/user/.m2/repository/org/glassfish/jersey/inject/jersey-hk2/2.27/jersey-hk2-2.27.jar:/home/user/.m2/repository/org/glassfish/hk2/hk2-locator/2.5.0-b42/hk2-locator-2.5.0-b42.jar:/home/user/.m2/repository/org/javassist/javassist/3.22.0-CR2/javassist-3.22.0-CR2.jar:/home/user/.m2/repository/org/glassfish/hk2/hk2-api/2.5.0/hk2-api-2.5.0.jar:/home/user/.m2/repository/org/glassfish/hk2/external/jakarta.inject/2.5.0/jakarta.inject-2.5.0.jar:/home/user/.m2/repository/org/glassfish/hk2/hk2-utils/2.5.0/hk2-utils-2.5.0.jar:/home/user/.m2/repository/jakarta/annotation/jakarta.annotation-api/1.3.4/jakarta.annotation-api-1.3.4.jar:/home/user/.m2/repository/org/glassfish/hk2/external/aopalliance-repackaged/2.5.0/aopalliance-repackaged-2.5.0.jar:/home/user/.m2/repository/com/fasterxml/jackson/dataformat/jackson-dataformat-xml/2.9.0/jackson-dataformat-xml-2.9.0.jar:/home/user/.m2/repository/com/fasterxml/jackson/core/jackson-core/2.9.5/jackson-core-2.9.5.jar:/home/user/.m2/repository/com/fasterxml/jackson/module/jackson-module-jaxb-annotations/2.9.5/jackson-module-jaxb-annotations-2.9.5.jar:/home/user/.m2/repository/javax/enterprise/cdi-api/1.2/cdi-api-1.2.jar:/home/user/.m2/repository/javax/el/javax.el-api/3.0.0/javax.el-api-3.0.0.jar:/home/user/.m2/repository/javax/interceptor/javax.interceptor-api/1.2/javax.interceptor-api-1.2.jar:/home/user/.m2/repository/javax/inject/javax.inject/1/javax.inject-1.jar:/home/user/.m2/repository/com/sun/xml/bind/jaxb-impl/2.3.0.1/jaxb-impl-2.3.0.1.jar:/home/user/.m2/repository/com/sun/xml/bind/jaxb-core/2.3.0.1/jaxb-core-2.3.0.1.jar:/home/user/.m2/repository/javax/xml/bind/jaxb-api/2.3.0/jaxb-api-2.3.0.jar:/home/user/.m2/repository/javax/activation/activation/1.1.1/activation-1.1.1.jar:/home/user/.m2/repository/org/apache/hadoop/hadoop-ozone-csi/0.5.0-SNAPSHOT/hadoop-ozone-csi-0.5.0-SNAPSHOT.jar:/home/user/.m2/repository/com/google/protobuf/protobuf-java-util/3.5.1/protobuf-java-util-3.5.1.jar:/home/user/.m2/repository/org/apache/hadoop/hadoop-hdds-config/0.5.0-SNAPSHOT/hadoop-hdds-config-0.5.0-SNAPSHOT.jar:/home/user/.m2/repository/io/grpc/grpc-netty/1.17.1/grpc-netty-1.17.1.jar:/home/user/.m2/repository/io/grpc/grpc-core/1.17.1/grpc-core-1.17.1.jar:/home/user/.m2/repository/io/grpc/grpc-context/1.17.1/grpc-context-1.17.1.jar:/home/user/.m2/repository/com/google/errorprone/error_prone_annotations/2.2.0/error_prone_annotations-2.2.0.jar:/home/user/.m2/repository/org/codehaus/mojo/animal-sniffer-annotations/1.17/animal-sniffer-annotations-1.17.jar:/home/user/.m2/repository/io/opencensus/opencensus-api/0.17.0/opencensus-api-0.17.0.jar:/home/user/.m2/repository/io/opencensus/opencensus-contrib-grpc-metrics/0.17.0/opencensus-contrib-grpc-metrics-0.17.0.jar:/home/user/.m2/repository/io/netty/netty-codec-http2/4.1.30.Final/netty-codec-http2-4.1.30.Final.jar:/home/user/.m2/repository/io/netty/netty-codec-http/4.1.30.Final/netty-codec-http-4.1.30.Final.jar:/home/user/.m2/repository/io/netty/netty-codec/4.1.30.Final/netty-codec-4.1.30.Final.jar:/home/user/.m2/repository/io/netty/netty-handler/4.1.30.Final/netty-handler-4.1.30.Final.jar:/home/user/.m2/repository/io/netty/netty-handler-proxy/4.1.30.Final/netty-handler-proxy-4.1.30.Final.jar:/home/user/.m2/repository/io/netty/netty-codec-socks/4.1.30.Final/netty-codec-socks-4.1.30.Final.jar:/home/user/.m2/repository/io/netty/netty-transport-native-epoll/4.1.30.Final/netty-transport-native-epoll-4.1.30.Final.jar:/home/user/.m2/repository/io/netty/netty-common/4.1.30.Final/netty-common-4.1.30.Final.jar:/home/user/.m2/repository/io/netty/netty-buffer/4.1.30.Final/netty-buffer-4.1.30.Final.jar:/home/user/.m2/repository/io/netty/netty-transport/4.1.30.Final/netty-transport-4.1.30.Final.jar:/home/user/.m2/repository/io/netty/netty-resolver/4.1.30.Final/netty-resolver-4.1.30.Final.jar:/home/user/.m2/repository/io/netty/netty-transport-native-unix-common/4.1.30.Final/netty-transport-native-unix-common-4.1.30.Final.jar:/home/user/.m2/repository/io/grpc/grpc-protobuf/1.17.1/grpc-protobuf-1.17.1.jar:/home/user/.m2/repository/com/google/api/grpc/proto-google-common-protos/1.0.0/proto-google-common-protos-1.0.0.jar:/home/user/.m2/repository/io/grpc/grpc-protobuf-lite/1.17.1/grpc-protobuf-lite-1.17.1.jar:/home/user/.m2/repository/io/grpc/grpc-stub/1.17.1/grpc-stub-1.17.1.jar:/home/user/.m2/repository/org/apache/hadoop/hadoop-ozone-recon/0.5.0-SNAPSHOT/hadoop-ozone-recon-0.5.0-SNAPSHOT.jar:/home/user/.m2/repository/org/apache/hadoop/hadoop-ozone-reconcodegen/0.5.0-SNAPSHOT/hadoop-ozone-reconcodegen-0.5.0-SNAPSHOT.jar:/home/user/.m2/repository/com/google/inject/extensions/guice-multibindings/4.0/guice-multibindings-4.0.jar:/home/user/.m2/repository/com/google/inject/guice/4.0/guice-4.0.jar:/home/user/.m2/repository/aopalliance/aopalliance/1.0/aopalliance-1.0.jar:/home/user/.m2/repository/com/google/inject/extensions/guice-servlet/4.0/guice-servlet-4.0.jar:/home/user/.m2/repository/org/glassfish/jersey/containers/jersey-container-servlet/2.27/jersey-container-servlet-2.27.jar:/home/user/.m2/repository/org/glassfish/hk2/guice-bridge/2.5.0/guice-bridge-2.5.0.jar:/home/user/.m2/repository/org/glassfish/jersey/core/jersey-server/2.27/jersey-server-2.27.jar:/home/user/.m2/repository/org/glassfish/jersey/core/jersey-client/2.27/jersey-client-2.27.jar:/home/user/.m2/repository/org/glassfish/jersey/media/jersey-media-jaxb/2.27/jersey-media-jaxb-2.27.jar:/home/user/.m2/repository/javax/validation/validation-api/1.1.0.Final/validation-api-1.1.0.Final.jar:/home/user/.m2/repository/org/glassfish/jersey/media/jersey-media-json-jackson/2.27/jersey-media-json-jackson-2.27.jar:/home/user/.m2/repository/org/glassfish/jersey/ext/jersey-entity-filtering/2.27/jersey-entity-filtering-2.27.jar:/home/user/.m2/repository/com/google/inject/extensions/guice-assistedinject/4.0/guice-assistedinject-4.0.jar:/home/user/.m2/repository/org/jooq/jooq/3.11.10/jooq-3.11.10.jar:/home/user/.m2/repository/org/jooq/jooq-meta/3.11.10/jooq-meta-3.11.10.jar:/home/user/.m2/repository/org/jooq/jooq-codegen/3.11.10/jooq-codegen-3.11.10.jar:/home/user/.m2/repository/com/jolbox/bonecp/0.8.0.RELEASE/bonecp-0.8.0.RELEASE.jar:/home/user/.m2/repository/org/xerial/sqlite-jdbc/3.25.2/sqlite-jdbc-3.25.2.jar:/home/user/.m2/repository/org/springframework/spring-jdbc/5.1.3.RELEASE/spring-jdbc-5.1.3.RELEASE.jar:/home/user/.m2/repository/org/springframework/spring-beans/5.1.3.RELEASE/spring-beans-5.1.3.RELEASE.jar:/home/user/.m2/repository/org/springframework/spring-core/5.1.3.RELEASE/spring-core-5.1.3.RELEASE.jar:/home/user/.m2/repository/org/springframework/spring-jcl/5.1.3.RELEASE/spring-jcl-5.1.3.RELEASE.jar:/home/user/.m2/repository/org/springframework/spring-tx/5.1.3.RELEASE/spring-tx-5.1.3.RELEASE.jar:/home/user/.m2/repository/org/apache/hadoop/hadoop-ozone-client/0.5.0-SNAPSHOT/hadoop-ozone-client-0.5.0-SNAPSHOT.jar:/home/user/.m2/repository/commons-lang/commons-lang/2.6/commons-lang-2.6.jar:/home/user/.m2/repository/org/apache/hadoop/hadoop-ozone-ozone-manager/0.5.0-SNAPSHOT/hadoop-ozone-ozone-manager-0.5.0-SNAPSHOT-tests.jar:/home/user/.m2/repository/junit/junit/4.11/junit-4.11.jar:/home/user/.m2/repository/org/hamcrest/hamcrest-core/1.3/hamcrest-core-1.3.jar:/home/user/.m2/repository/org/openjdk/jmh/jmh-core/1.19/jmh-core-1.19.jar:/home/user/.m2/repository/net/sf/jopt-simple/jopt-simple/4.6/jopt-simple-4.6.jar:/home/user/.m2/repository/org/apache/commons/commons-math3/3.1.1/commons-math3-3.1.1.jar:/home/user/.m2/repository/org/openjdk/jmh/jmh-generator-annprocess/1.19/jmh-generator-annprocess-1.19.jar:/home/user/.m2/repository/org/mockito/mockito-all/1.8.5/mockito-all-1.8.5.jar:/home/user/.m2/repository/org/apache/hadoop/hadoop-kms/3.2.0/hadoop-kms-3.2.0.jar:/home/user/.m2/repository/org/apache/hadoop/hadoop-auth/3.2.0/hadoop-auth-3.2.0.jar:/home/user/.m2/repository/com/nimbusds/nimbus-jose-jwt/4.41.1/nimbus-jose-jwt-4.41.1.jar:/home/user/.m2/repository/com/github/stephenc/jcip/jcip-annotations/1.0-1/jcip-annotations-1.0-1.jar:/home/user/.m2/repository/net/minidev/json-smart/2.3/json-smart-2.3.jar:/home/user/.m2/repository/net/minidev/accessors-smart/1.2/accessors-smart-1.2.jar:/home/user/.m2/repository/org/ow2/asm/asm/5.0.4/asm-5.0.4.jar:/home/user/.m2/repository/org/apache/curator/curator-framework/2.12.0/curator-framework-2.12.0.jar:/home/user/.m2/repository/com/sun/jersey/jersey-core/1.19/jersey-core-1.19.jar:/home/user/.m2/repository/javax/ws/rs/jsr311-api/1.1.1/jsr311-api-1.1.1.jar:/home/user/.m2/repository/com/sun/jersey/jersey-server/1.19/jersey-server-1.19.jar:/home/user/.m2/repository/javax/servlet/javax.servlet-api/3.1.0/javax.servlet-api-3.1.0.jar:/home/user/.m2/repository/org/eclipse/jetty/jetty-server/9.3.24.v20180605/jetty-server-9.3.24.v20180605.jar:/home/user/.m2/repository/org/eclipse/jetty/jetty-http/9.3.24.v20180605/jetty-http-9.3.24.v20180605.jar:/home/user/.m2/repository/org/eclipse/jetty/jetty-io/9.3.24.v20180605/jetty-io-9.3.24.v20180605.jar:/home/user/.m2/repository/org/eclipse/jetty/jetty-webapp/9.3.24.v20180605/jetty-webapp-9.3.24.v20180605.jar:/home/user/.m2/repository/org/eclipse/jetty/jetty-xml/9.3.24.v20180605/jetty-xml-9.3.24.v20180605.jar:/home/user/.m2/repository/log4j/log4j/1.2.17/log4j-1.2.17.jar:/home/user/.m2/repository/org/slf4j/slf4j-api/1.7.25/slf4j-api-1.7.25.jar:/home/user/.m2/repository/org/slf4j/jul-to-slf4j/1.7.25/jul-to-slf4j-1.7.25.jar:/home/user/.m2/repository/org/eclipse/jetty/jetty-util/9.3.24.v20180605/jetty-util-9.3.24.v20180605.jar:/home/user/.m2/repository/com/fasterxml/jackson/core/jackson-databind/2.9.5/jackson-databind-2.9.5.jar:/home/user/.m2/repository/org/apache/hadoop/hadoop-kms/3.2.0/hadoop-kms-3.2.0-tests.jar:/home/user/.m2/repository/org/apache/hadoop/hadoop-hdds-server-scm/0.5.0-SNAPSHOT/hadoop-hdds-server-scm-0.5.0-SNAPSHOT-tests.jar:/home/user/.m2/repository/org/apache/hadoop/hadoop-hdds-container-service/0.5.0-SNAPSHOT/hadoop-hdds-container-service-0.5.0-SNAPSHOT-tests.jar:/home/user/.m2/repository/org/yaml/snakeyaml/1.16/snakeyaml-1.16.jar:/home/user/.m2/repository/org/apache/hadoop/hadoop-common/3.2.0/hadoop-common-3.2.0-tests.jar:/home/user/.m2/repository/org/apache/hadoop/hadoop-annotations/3.2.0/hadoop-annotations-3.2.0.jar:/usr/lib/jvm/java-1.8-openjdk/jre/../lib/tools.jar:/home/user/.m2/repository/commons-cli/commons-cli/1.2/commons-cli-1.2.jar:/home/user/.m2/repository/org/apache/httpcomponents/httpclient/4.5.2/httpclient-4.5.2.jar:/home/user/.m2/repository/org/apache/httpcomponents/httpcore/4.4.4/httpcore-4.4.4.jar:/home/user/.m2/repository/commons-codec/commons-codec/1.11/commons-codec-1.11.jar:/home/user/.m2/repository/commons-net/commons-net/3.6/commons-net-3.6.jar:/home/user/.m2/repository/commons-collections/commons-collections/3.2.2/commons-collections-3.2.2.jar:/home/user/.m2/repository/org/eclipse/jetty/jetty-servlet/9.3.24.v20180605/jetty-servlet-9.3.24.v20180605.jar:/home/user/.m2/repository/org/eclipse/jetty/jetty-security/9.3.24.v20180605/jetty-security-9.3.24.v20180605.jar:/home/user/.m2/repository/javax/servlet/jsp/jsp-api/2.1/jsp-api-2.1.jar:/home/user/.m2/repository/com/sun/jersey/jersey-servlet/1.19/jersey-servlet-1.19.jar:/home/user/.m2/repository/com/sun/jersey/jersey-json/1.19/jersey-json-1.19.jar:/home/user/.m2/repository/org/codehaus/jettison/jettison/1.1/jettison-1.1.jar:/home/user/.m2/repository/org/codehaus/jackson/jackson-core-asl/1.9.13/jackson-core-asl-1.9.13.jar:/home/user/.m2/repository/org/codehaus/jackson/jackson-mapper-asl/1.9.13/jackson-mapper-asl-1.9.13.jar:/home/user/.m2/repository/org/codehaus/jackson/jackson-jaxrs/1.9.13/jackson-jaxrs-1.9.13.jar:/home/user/.m2/repository/org/codehaus/jackson/jackson-xc/1.9.13/jackson-xc-1.9.13.jar:/home/user/.m2/repository/commons-logging/commons-logging/1.1.3/commons-logging-1.1.3.jar:/home/user/.m2/repository/commons-beanutils/commons-beanutils/1.9.3/commons-beanutils-1.9.3.jar:/home/user/.m2/repository/org/apache/commons/commons-configuration2/2.1.1/commons-configuration2-2.1.1.jar:/home/user/.m2/repository/org/apache/commons/commons-lang3/3.7/commons-lang3-3.7.jar:/home/user/.m2/repository/org/apache/commons/commons-text/1.4/commons-text-1.4.jar:/home/user/.m2/repository/org/apache/avro/avro/1.7.7/avro-1.7.7.jar:/home/user/.m2/repository/com/thoughtworks/paranamer/paranamer/2.3/paranamer-2.3.jar:/home/user/.m2/repository/org/xerial/snappy/snappy-java/1.0.5/snappy-java-1.0.5.jar:/home/user/.m2/repository/com/google/re2j/re2j/1.1/re2j-1.1.jar:/home/user/.m2/repository/com/google/code/gson/gson/2.2.4/gson-2.2.4.jar:/home/user/.m2/repository/com/jcraft/jsch/0.1.54/jsch-0.1.54.jar:/home/user/.m2/repository/org/apache/curator/curator-client/2.12.0/curator-client-2.12.0.jar:/home/user/.m2/repository/org/apache/curator/curator-recipes/2.12.0/curator-recipes-2.12.0.jar:/home/user/.m2/repository/com/google/code/findbugs/jsr305/3.0.0/jsr305-3.0.0.jar:/home/user/.m2/repository/org/apache/htrace/htrace-core4/4.1.0-incubating/htrace-core4-4.1.0-incubating.jar:/home/user/.m2/repository/org/apache/zookeeper/zookeeper/3.4.13/zookeeper-3.4.13.jar:/home/user/.m2/repository/org/apache/yetus/audience-annotations/0.5.0/audience-annotations-0.5.0.jar:/home/user/.m2/repository/org/codehaus/woodstox/stax2-api/3.1.4/stax2-api-3.1.4.jar:/home/user/.m2/repository/com/fasterxml/woodstox/woodstox-core/5.0.3/woodstox-core-5.0.3.jar:/home/user/.m2/repository/dnsjava/dnsjava/2.1.7/dnsjava-2.1.7.jar:/home/user/.m2/repository/org/apache/hadoop/hadoop-hdfs/3.2.0/hadoop-hdfs-3.2.0-tests.jar:/home/user/.m2/repository/org/eclipse/jetty/jetty-util-ajax/9.3.24.v20180605/jetty-util-ajax-9.3.24.v20180605.jar:/home/user/.m2/repository/commons-daemon/commons-daemon/1.0.13/commons-daemon-1.0.13.jar:/home/user/.m2/repository/io/netty/netty/3.10.5.Final/netty-3.10.5.Final.jar:/home/user/.m2/repository/io/netty/netty-all/4.0.52.Final/netty-all-4.0.52.Final.jar:/home/user/.m2/repository/org/fusesource/leveldbjni/leveldbjni-all/1.8/leveldbjni-all-1.8.jar:"/>
    <property name="java.vm.vendor" value="IcedTea"/>
    <property name="sun.arch.data.model" value="64"/>
    <property name="test.build.dir" value="/workdir/hadoop-ozone/integration-test/target/test-dir"/>
    <property name="test.cache.data" value=""/>
    <property name="java.vendor.url" value="https://icedtea.classpath.org"/>
    <property name="user.timezone" value=""/>
    <property name="java.vm.specification.version" value="1.8"/>
    <property name="os.name" value="Linux"/>
    <property name="test.build.data" value="/workdir/hadoop-ozone/integration-test/target/test-dir"/>
    <property name="user.country" value="US"/>
    <property name="sun.java.launcher" value="SUN_STANDARD"/>
    <property name="sun.boot.library.path" value="/usr/lib/jvm/java-1.8-openjdk/jre/lib/amd64"/>
    <property name="sun.java.command" value="/workdir/hadoop-ozone/integration-test/target/surefire/surefirebooter1485824001669270860.jar /workdir/hadoop-ozone/integration-test/target/surefire 2019-08-20T20-38-22_961-jvmRun1 surefire8624761985459116914tmp surefire_488418187177963084125tmp"/>
    <property name="test" value="!TestMiniChaosOzoneCluster"/>
    <property name="surefire.test.class.path" value="/workdir/hadoop-ozone/integration-test/target/test-classes:/workdir/hadoop-ozone/integration-test/target/classes:/home/user/.m2/repository/org/apache/hadoop/hadoop-ozone-common/0.5.0-SNAPSHOT/hadoop-ozone-common-0.5.0-SNAPSHOT.jar:/home/user/.m2/repository/org/apache/commons/commons-compress/1.4.1/commons-compress-1.4.1.jar:/home/user/.m2/repository/org/tukaani/xz/1.0/xz-1.0.jar:/home/user/.m2/repository/org/apache/hadoop/hadoop-common/3.2.0/hadoop-common-3.2.0.jar:/home/user/.m2/repository/org/apache/hadoop/hadoop-hdfs/3.2.0/hadoop-hdfs-3.2.0.jar:/home/user/.m2/repository/org/apache/hadoop/hadoop-hdfs-client/3.2.0/hadoop-hdfs-client-3.2.0.jar:/home/user/.m2/repository/com/fasterxml/jackson/core/jackson-annotations/2.9.5/jackson-annotations-2.9.5.jar:/home/user/.m2/repository/org/apache/hadoop/hadoop-hdds-common/0.5.0-SNAPSHOT/hadoop-hdds-common-0.5.0-SNAPSHOT.jar:/home/user/.m2/repository/javax/annotation/javax.annotation-api/1.2/javax.annotation-api-1.2.jar:/home/user/.m2/repository/org/apache/ratis/ratis-server/0.4.0-2337318-SNAPSHOT/ratis-server-0.4.0-2337318-SNAPSHOT.jar:/home/user/.m2/repository/org/apache/ratis/ratis-thirdparty-misc/0.2.0/ratis-thirdparty-misc-0.2.0.jar:/home/user/.m2/repository/org/apache/ratis/ratis-proto/0.4.0-2337318-SNAPSHOT/ratis-proto-0.4.0-2337318-SNAPSHOT.jar:/home/user/.m2/repository/org/apache/ratis/ratis-common/0.4.0-2337318-SNAPSHOT/ratis-common-0.4.0-2337318-SNAPSHOT.jar:/home/user/.m2/repository/org/apache/ratis/ratis-client/0.4.0-2337318-SNAPSHOT/ratis-client-0.4.0-2337318-SNAPSHOT.jar:/home/user/.m2/repository/org/apache/ratis/ratis-metrics/0.4.0-2337318-SNAPSHOT/ratis-metrics-0.4.0-2337318-SNAPSHOT.jar:/home/user/.m2/repository/org/apache/ratis/ratis-netty/0.4.0-2337318-SNAPSHOT/ratis-netty-0.4.0-2337318-SNAPSHOT.jar:/home/user/.m2/repository/org/apache/ratis/ratis-grpc/0.4.0-2337318-SNAPSHOT/ratis-grpc-0.4.0-2337318-SNAPSHOT.jar:/home/user/.m2/repository/org/rocksdb/rocksdbjni/6.0.1/rocksdbjni-6.0.1.jar:/home/user/.m2/repository/org/apache/logging/log4j/log4j-api/2.11.0/log4j-api-2.11.0.jar:/home/user/.m2/repository/org/apache/logging/log4j/log4j-core/2.11.0/log4j-core-2.11.0.jar:/home/user/.m2/repository/com/lmax/disruptor/3.4.2/disruptor-3.4.2.jar:/home/user/.m2/repository/org/apache/commons/commons-pool2/2.6.0/commons-pool2-2.6.0.jar:/home/user/.m2/repository/org/bouncycastle/bcpkix-jdk15on/1.60/bcpkix-jdk15on-1.60.jar:/home/user/.m2/repository/commons-validator/commons-validator/1.6/commons-validator-1.6.jar:/home/user/.m2/repository/commons-digester/commons-digester/1.8.1/commons-digester-1.8.1.jar:/home/user/.m2/repository/io/jaegertracing/jaeger-client/0.33.1/jaeger-client-0.33.1.jar:/home/user/.m2/repository/io/jaegertracing/jaeger-thrift/0.33.1/jaeger-thrift-0.33.1.jar:/home/user/.m2/repository/org/apache/thrift/libthrift/0.11.0/libthrift-0.11.0.jar:/home/user/.m2/repository/com/squareup/okhttp3/okhttp/3.9.0/okhttp-3.9.0.jar:/home/user/.m2/repository/com/squareup/okio/okio/1.13.0/okio-1.13.0.jar:/home/user/.m2/repository/io/jaegertracing/jaeger-core/0.33.1/jaeger-core-0.33.1.jar:/home/user/.m2/repository/io/jaegertracing/jaeger-tracerresolver/0.33.1/jaeger-tracerresolver-0.33.1.jar:/home/user/.m2/repository/io/opentracing/contrib/opentracing-tracerresolver/0.1.5/opentracing-tracerresolver-0.1.5.jar:/home/user/.m2/repository/io/opentracing/opentracing-util/0.31.0/opentracing-util-0.31.0.jar:/home/user/.m2/repository/io/opentracing/opentracing-api/0.31.0/opentracing-api-0.31.0.jar:/home/user/.m2/repository/io/opentracing/opentracing-noop/0.31.0/opentracing-noop-0.31.0.jar:/home/user/.m2/repository/org/apache/hadoop/hadoop-hdds-server-framework/0.5.0-SNAPSHOT/hadoop-hdds-server-framework-0.5.0-SNAPSHOT.jar:/home/user/.m2/repository/org/apache/hadoop/hadoop-hdds-container-service/0.5.0-SNAPSHOT/hadoop-hdds-container-service-0.5.0-SNAPSHOT.jar:/home/user/.m2/repository/org/apache/hadoop/hadoop-hdds-client/0.5.0-SNAPSHOT/hadoop-hdds-client-0.5.0-SNAPSHOT.jar:/home/user/.m2/repository/org/apache/hadoop/hadoop-hdds-tools/0.5.0-SNAPSHOT/hadoop-hdds-tools-0.5.0-SNAPSHOT.jar:/home/user/.m2/repository/org/apache/hadoop/hadoop-hdds-server-scm/0.5.0-SNAPSHOT/hadoop-hdds-server-scm-0.5.0-SNAPSHOT.jar:/home/user/.m2/repository/org/apache/hadoop/hadoop-hdds-docs/0.5.0-SNAPSHOT/hadoop-hdds-docs-0.5.0-SNAPSHOT.jar:/home/user/.m2/repository/io/dropwizard/metrics/metrics-core/3.2.4/metrics-core-3.2.4.jar:/home/user/.m2/repository/org/hamcrest/hamcrest-all/1.3/hamcrest-all-1.3.jar:/home/user/.m2/repository/org/bouncycastle/bcprov-jdk15on/1.60/bcprov-jdk15on-1.60.jar:/home/user/.m2/repository/info/picocli/picocli/3.9.6/picocli-3.9.6.jar:/home/user/.m2/repository/com/google/protobuf/protobuf-java/2.5.0/protobuf-java-2.5.0.jar:/home/user/.m2/repository/com/google/guava/guava/11.0.2/guava-11.0.2.jar:/home/user/.m2/repository/org/apache/hadoop/hadoop-ozone-ozone-manager/0.5.0-SNAPSHOT/hadoop-ozone-ozone-manager-0.5.0-SNAPSHOT.jar:/home/user/.m2/repository/org/apache/hadoop/hadoop-minikdc/3.2.0/hadoop-minikdc-3.2.0.jar:/home/user/.m2/repository/commons-io/commons-io/2.5/commons-io-2.5.jar:/home/user/.m2/repository/org/apache/kerby/kerb-simplekdc/1.0.1/kerb-simplekdc-1.0.1.jar:/home/user/.m2/repository/org/apache/kerby/kerb-client/1.0.1/kerb-client-1.0.1.jar:/home/user/.m2/repository/org/apache/kerby/kerby-config/1.0.1/kerby-config-1.0.1.jar:/home/user/.m2/repository/org/apache/kerby/kerb-core/1.0.1/kerb-core-1.0.1.jar:/home/user/.m2/repository/org/apache/kerby/kerby-pkix/1.0.1/kerby-pkix-1.0.1.jar:/home/user/.m2/repository/org/apache/kerby/kerby-asn1/1.0.1/kerby-asn1-1.0.1.jar:/home/user/.m2/repository/org/apache/kerby/kerby-util/1.0.1/kerby-util-1.0.1.jar:/home/user/.m2/repository/org/apache/kerby/kerb-common/1.0.1/kerb-common-1.0.1.jar:/home/user/.m2/repository/org/apache/kerby/kerb-crypto/1.0.1/kerb-crypto-1.0.1.jar:/home/user/.m2/repository/org/apache/kerby/kerb-util/1.0.1/kerb-util-1.0.1.jar:/home/user/.m2/repository/org/apache/kerby/token-provider/1.0.1/token-provider-1.0.1.jar:/home/user/.m2/repository/org/apache/kerby/kerb-admin/1.0.1/kerb-admin-1.0.1.jar:/home/user/.m2/repository/org/apache/kerby/kerb-server/1.0.1/kerb-server-1.0.1.jar:/home/user/.m2/repository/org/apache/kerby/kerb-identity/1.0.1/kerb-identity-1.0.1.jar:/home/user/.m2/repository/org/apache/kerby/kerby-xdr/1.0.1/kerby-xdr-1.0.1.jar:/home/user/.m2/repository/org/slf4j/slf4j-log4j12/1.7.25/slf4j-log4j12-1.7.25.jar:/home/user/.m2/repository/org/apache/hadoop/hadoop-ozone-objectstore-service/0.5.0-SNAPSHOT/hadoop-ozone-objectstore-service-0.5.0-SNAPSHOT.jar:/home/user/.m2/repository/org/apache/hadoop/hadoop-ozone-s3gateway/0.5.0-SNAPSHOT/hadoop-ozone-s3gateway-0.5.0-SNAPSHOT.jar:/home/user/.m2/repository/org/jboss/weld/servlet/weld-servlet/2.4.7.Final/weld-servlet-2.4.7.Final.jar:/home/user/.m2/repository/org/glassfish/jersey/containers/jersey-container-servlet-core/2.27/jersey-container-servlet-core-2.27.jar:/home/user/.m2/repository/org/glassfish/hk2/external/javax.inject/2.5.0-b42/javax.inject-2.5.0-b42.jar:/home/user/.m2/repository/org/glassfish/jersey/core/jersey-common/2.27/jersey-common-2.27.jar:/home/user/.m2/repository/org/glassfish/hk2/osgi-resource-locator/1.0.1/osgi-resource-locator-1.0.1.jar:/home/user/.m2/repository/javax/ws/rs/javax.ws.rs-api/2.1/javax.ws.rs-api-2.1.jar:/home/user/.m2/repository/org/glassfish/jersey/ext/cdi/jersey-cdi1x/2.27/jersey-cdi1x-2.27.jar:/home/user/.m2/repository/org/glassfish/jersey/inject/jersey-hk2/2.27/jersey-hk2-2.27.jar:/home/user/.m2/repository/org/glassfish/hk2/hk2-locator/2.5.0-b42/hk2-locator-2.5.0-b42.jar:/home/user/.m2/repository/org/javassist/javassist/3.22.0-CR2/javassist-3.22.0-CR2.jar:/home/user/.m2/repository/org/glassfish/hk2/hk2-api/2.5.0/hk2-api-2.5.0.jar:/home/user/.m2/repository/org/glassfish/hk2/external/jakarta.inject/2.5.0/jakarta.inject-2.5.0.jar:/home/user/.m2/repository/org/glassfish/hk2/hk2-utils/2.5.0/hk2-utils-2.5.0.jar:/home/user/.m2/repository/jakarta/annotation/jakarta.annotation-api/1.3.4/jakarta.annotation-api-1.3.4.jar:/home/user/.m2/repository/org/glassfish/hk2/external/aopalliance-repackaged/2.5.0/aopalliance-repackaged-2.5.0.jar:/home/user/.m2/repository/com/fasterxml/jackson/dataformat/jackson-dataformat-xml/2.9.0/jackson-dataformat-xml-2.9.0.jar:/home/user/.m2/repository/com/fasterxml/jackson/core/jackson-core/2.9.5/jackson-core-2.9.5.jar:/home/user/.m2/repository/com/fasterxml/jackson/module/jackson-module-jaxb-annotations/2.9.5/jackson-module-jaxb-annotations-2.9.5.jar:/home/user/.m2/repository/javax/enterprise/cdi-api/1.2/cdi-api-1.2.jar:/home/user/.m2/repository/javax/el/javax.el-api/3.0.0/javax.el-api-3.0.0.jar:/home/user/.m2/repository/javax/interceptor/javax.interceptor-api/1.2/javax.interceptor-api-1.2.jar:/home/user/.m2/repository/javax/inject/javax.inject/1/javax.inject-1.jar:/home/user/.m2/repository/com/sun/xml/bind/jaxb-impl/2.3.0.1/jaxb-impl-2.3.0.1.jar:/home/user/.m2/repository/com/sun/xml/bind/jaxb-core/2.3.0.1/jaxb-core-2.3.0.1.jar:/home/user/.m2/repository/javax/xml/bind/jaxb-api/2.3.0/jaxb-api-2.3.0.jar:/home/user/.m2/repository/javax/activation/activation/1.1.1/activation-1.1.1.jar:/home/user/.m2/repository/org/apache/hadoop/hadoop-ozone-csi/0.5.0-SNAPSHOT/hadoop-ozone-csi-0.5.0-SNAPSHOT.jar:/home/user/.m2/repository/com/google/protobuf/protobuf-java-util/3.5.1/protobuf-java-util-3.5.1.jar:/home/user/.m2/repository/org/apache/hadoop/hadoop-hdds-config/0.5.0-SNAPSHOT/hadoop-hdds-config-0.5.0-SNAPSHOT.jar:/home/user/.m2/repository/io/grpc/grpc-netty/1.17.1/grpc-netty-1.17.1.jar:/home/user/.m2/repository/io/grpc/grpc-core/1.17.1/grpc-core-1.17.1.jar:/home/user/.m2/repository/io/grpc/grpc-context/1.17.1/grpc-context-1.17.1.jar:/home/user/.m2/repository/com/google/errorprone/error_prone_annotations/2.2.0/error_prone_annotations-2.2.0.jar:/home/user/.m2/repository/org/codehaus/mojo/animal-sniffer-annotations/1.17/animal-sniffer-annotations-1.17.jar:/home/user/.m2/repository/io/opencensus/opencensus-api/0.17.0/opencensus-api-0.17.0.jar:/home/user/.m2/repository/io/opencensus/opencensus-contrib-grpc-metrics/0.17.0/opencensus-contrib-grpc-metrics-0.17.0.jar:/home/user/.m2/repository/io/netty/netty-codec-http2/4.1.30.Final/netty-codec-http2-4.1.30.Final.jar:/home/user/.m2/repository/io/netty/netty-codec-http/4.1.30.Final/netty-codec-http-4.1.30.Final.jar:/home/user/.m2/repository/io/netty/netty-codec/4.1.30.Final/netty-codec-4.1.30.Final.jar:/home/user/.m2/repository/io/netty/netty-handler/4.1.30.Final/netty-handler-4.1.30.Final.jar:/home/user/.m2/repository/io/netty/netty-handler-proxy/4.1.30.Final/netty-handler-proxy-4.1.30.Final.jar:/home/user/.m2/repository/io/netty/netty-codec-socks/4.1.30.Final/netty-codec-socks-4.1.30.Final.jar:/home/user/.m2/repository/io/netty/netty-transport-native-epoll/4.1.30.Final/netty-transport-native-epoll-4.1.30.Final.jar:/home/user/.m2/repository/io/netty/netty-common/4.1.30.Final/netty-common-4.1.30.Final.jar:/home/user/.m2/repository/io/netty/netty-buffer/4.1.30.Final/netty-buffer-4.1.30.Final.jar:/home/user/.m2/repository/io/netty/netty-transport/4.1.30.Final/netty-transport-4.1.30.Final.jar:/home/user/.m2/repository/io/netty/netty-resolver/4.1.30.Final/netty-resolver-4.1.30.Final.jar:/home/user/.m2/repository/io/netty/netty-transport-native-unix-common/4.1.30.Final/netty-transport-native-unix-common-4.1.30.Final.jar:/home/user/.m2/repository/io/grpc/grpc-protobuf/1.17.1/grpc-protobuf-1.17.1.jar:/home/user/.m2/repository/com/google/api/grpc/proto-google-common-protos/1.0.0/proto-google-common-protos-1.0.0.jar:/home/user/.m2/repository/io/grpc/grpc-protobuf-lite/1.17.1/grpc-protobuf-lite-1.17.1.jar:/home/user/.m2/repository/io/grpc/grpc-stub/1.17.1/grpc-stub-1.17.1.jar:/home/user/.m2/repository/org/apache/hadoop/hadoop-ozone-recon/0.5.0-SNAPSHOT/hadoop-ozone-recon-0.5.0-SNAPSHOT.jar:/home/user/.m2/repository/org/apache/hadoop/hadoop-ozone-reconcodegen/0.5.0-SNAPSHOT/hadoop-ozone-reconcodegen-0.5.0-SNAPSHOT.jar:/home/user/.m2/repository/com/google/inject/extensions/guice-multibindings/4.0/guice-multibindings-4.0.jar:/home/user/.m2/repository/com/google/inject/guice/4.0/guice-4.0.jar:/home/user/.m2/repository/aopalliance/aopalliance/1.0/aopalliance-1.0.jar:/home/user/.m2/repository/com/google/inject/extensions/guice-servlet/4.0/guice-servlet-4.0.jar:/home/user/.m2/repository/org/glassfish/jersey/containers/jersey-container-servlet/2.27/jersey-container-servlet-2.27.jar:/home/user/.m2/repository/org/glassfish/hk2/guice-bridge/2.5.0/guice-bridge-2.5.0.jar:/home/user/.m2/repository/org/glassfish/jersey/core/jersey-server/2.27/jersey-server-2.27.jar:/home/user/.m2/repository/org/glassfish/jersey/core/jersey-client/2.27/jersey-client-2.27.jar:/home/user/.m2/repository/org/glassfish/jersey/media/jersey-media-jaxb/2.27/jersey-media-jaxb-2.27.jar:/home/user/.m2/repository/javax/validation/validation-api/1.1.0.Final/validation-api-1.1.0.Final.jar:/home/user/.m2/repository/org/glassfish/jersey/media/jersey-media-json-jackson/2.27/jersey-media-json-jackson-2.27.jar:/home/user/.m2/repository/org/glassfish/jersey/ext/jersey-entity-filtering/2.27/jersey-entity-filtering-2.27.jar:/home/user/.m2/repository/com/google/inject/extensions/guice-assistedinject/4.0/guice-assistedinject-4.0.jar:/home/user/.m2/repository/org/jooq/jooq/3.11.10/jooq-3.11.10.jar:/home/user/.m2/repository/org/jooq/jooq-meta/3.11.10/jooq-meta-3.11.10.jar:/home/user/.m2/repository/org/jooq/jooq-codegen/3.11.10/jooq-codegen-3.11.10.jar:/home/user/.m2/repository/com/jolbox/bonecp/0.8.0.RELEASE/bonecp-0.8.0.RELEASE.jar:/home/user/.m2/repository/org/xerial/sqlite-jdbc/3.25.2/sqlite-jdbc-3.25.2.jar:/home/user/.m2/repository/org/springframework/spring-jdbc/5.1.3.RELEASE/spring-jdbc-5.1.3.RELEASE.jar:/home/user/.m2/repository/org/springframework/spring-beans/5.1.3.RELEASE/spring-beans-5.1.3.RELEASE.jar:/home/user/.m2/repository/org/springframework/spring-core/5.1.3.RELEASE/spring-core-5.1.3.RELEASE.jar:/home/user/.m2/repository/org/springframework/spring-jcl/5.1.3.RELEASE/spring-jcl-5.1.3.RELEASE.jar:/home/user/.m2/repository/org/springframework/spring-tx/5.1.3.RELEASE/spring-tx-5.1.3.RELEASE.jar:/home/user/.m2/repository/org/apache/hadoop/hadoop-ozone-client/0.5.0-SNAPSHOT/hadoop-ozone-client-0.5.0-SNAPSHOT.jar:/home/user/.m2/repository/commons-lang/commons-lang/2.6/commons-lang-2.6.jar:/home/user/.m2/repository/org/apache/hadoop/hadoop-ozone-ozone-manager/0.5.0-SNAPSHOT/hadoop-ozone-ozone-manager-0.5.0-SNAPSHOT-tests.jar:/home/user/.m2/repository/junit/junit/4.11/junit-4.11.jar:/home/user/.m2/repository/org/hamcrest/hamcrest-core/1.3/hamcrest-core-1.3.jar:/home/user/.m2/repository/org/openjdk/jmh/jmh-core/1.19/jmh-core-1.19.jar:/home/user/.m2/repository/net/sf/jopt-simple/jopt-simple/4.6/jopt-simple-4.6.jar:/home/user/.m2/repository/org/apache/commons/commons-math3/3.1.1/commons-math3-3.1.1.jar:/home/user/.m2/repository/org/openjdk/jmh/jmh-generator-annprocess/1.19/jmh-generator-annprocess-1.19.jar:/home/user/.m2/repository/org/mockito/mockito-all/1.8.5/mockito-all-1.8.5.jar:/home/user/.m2/repository/org/apache/hadoop/hadoop-kms/3.2.0/hadoop-kms-3.2.0.jar:/home/user/.m2/repository/org/apache/hadoop/hadoop-auth/3.2.0/hadoop-auth-3.2.0.jar:/home/user/.m2/repository/com/nimbusds/nimbus-jose-jwt/4.41.1/nimbus-jose-jwt-4.41.1.jar:/home/user/.m2/repository/com/github/stephenc/jcip/jcip-annotations/1.0-1/jcip-annotations-1.0-1.jar:/home/user/.m2/repository/net/minidev/json-smart/2.3/json-smart-2.3.jar:/home/user/.m2/repository/net/minidev/accessors-smart/1.2/accessors-smart-1.2.jar:/home/user/.m2/repository/org/ow2/asm/asm/5.0.4/asm-5.0.4.jar:/home/user/.m2/repository/org/apache/curator/curator-framework/2.12.0/curator-framework-2.12.0.jar:/home/user/.m2/repository/com/sun/jersey/jersey-core/1.19/jersey-core-1.19.jar:/home/user/.m2/repository/javax/ws/rs/jsr311-api/1.1.1/jsr311-api-1.1.1.jar:/home/user/.m2/repository/com/sun/jersey/jersey-server/1.19/jersey-server-1.19.jar:/home/user/.m2/repository/javax/servlet/javax.servlet-api/3.1.0/javax.servlet-api-3.1.0.jar:/home/user/.m2/repository/org/eclipse/jetty/jetty-server/9.3.24.v20180605/jetty-server-9.3.24.v20180605.jar:/home/user/.m2/repository/org/eclipse/jetty/jetty-http/9.3.24.v20180605/jetty-http-9.3.24.v20180605.jar:/home/user/.m2/repository/org/eclipse/jetty/jetty-io/9.3.24.v20180605/jetty-io-9.3.24.v20180605.jar:/home/user/.m2/repository/org/eclipse/jetty/jetty-webapp/9.3.24.v20180605/jetty-webapp-9.3.24.v20180605.jar:/home/user/.m2/repository/org/eclipse/jetty/jetty-xml/9.3.24.v20180605/jetty-xml-9.3.24.v20180605.jar:/home/user/.m2/repository/log4j/log4j/1.2.17/log4j-1.2.17.jar:/home/user/.m2/repository/org/slf4j/slf4j-api/1.7.25/slf4j-api-1.7.25.jar:/home/user/.m2/repository/org/slf4j/jul-to-slf4j/1.7.25/jul-to-slf4j-1.7.25.jar:/home/user/.m2/repository/org/eclipse/jetty/jetty-util/9.3.24.v20180605/jetty-util-9.3.24.v20180605.jar:/home/user/.m2/repository/com/fasterxml/jackson/core/jackson-databind/2.9.5/jackson-databind-2.9.5.jar:/home/user/.m2/repository/org/apache/hadoop/hadoop-kms/3.2.0/hadoop-kms-3.2.0-tests.jar:/home/user/.m2/repository/org/apache/hadoop/hadoop-hdds-server-scm/0.5.0-SNAPSHOT/hadoop-hdds-server-scm-0.5.0-SNAPSHOT-tests.jar:/home/user/.m2/repository/org/apache/hadoop/hadoop-hdds-container-service/0.5.0-SNAPSHOT/hadoop-hdds-container-service-0.5.0-SNAPSHOT-tests.jar:/home/user/.m2/repository/org/yaml/snakeyaml/1.16/snakeyaml-1.16.jar:/home/user/.m2/repository/org/apache/hadoop/hadoop-common/3.2.0/hadoop-common-3.2.0-tests.jar:/home/user/.m2/repository/org/apache/hadoop/hadoop-annotations/3.2.0/hadoop-annotations-3.2.0.jar:/usr/lib/jvm/java-1.8-openjdk/jre/../lib/tools.jar:/home/user/.m2/repository/commons-cli/commons-cli/1.2/commons-cli-1.2.jar:/home/user/.m2/repository/org/apache/httpcomponents/httpclient/4.5.2/httpclient-4.5.2.jar:/home/user/.m2/repository/org/apache/httpcomponents/httpcore/4.4.4/httpcore-4.4.4.jar:/home/user/.m2/repository/commons-codec/commons-codec/1.11/commons-codec-1.11.jar:/home/user/.m2/repository/commons-net/commons-net/3.6/commons-net-3.6.jar:/home/user/.m2/repository/commons-collections/commons-collections/3.2.2/commons-collections-3.2.2.jar:/home/user/.m2/repository/org/eclipse/jetty/jetty-servlet/9.3.24.v20180605/jetty-servlet-9.3.24.v20180605.jar:/home/user/.m2/repository/org/eclipse/jetty/jetty-security/9.3.24.v20180605/jetty-security-9.3.24.v20180605.jar:/home/user/.m2/repository/javax/servlet/jsp/jsp-api/2.1/jsp-api-2.1.jar:/home/user/.m2/repository/com/sun/jersey/jersey-servlet/1.19/jersey-servlet-1.19.jar:/home/user/.m2/repository/com/sun/jersey/jersey-json/1.19/jersey-json-1.19.jar:/home/user/.m2/repository/org/codehaus/jettison/jettison/1.1/jettison-1.1.jar:/home/user/.m2/repository/org/codehaus/jackson/jackson-core-asl/1.9.13/jackson-core-asl-1.9.13.jar:/home/user/.m2/repository/org/codehaus/jackson/jackson-mapper-asl/1.9.13/jackson-mapper-asl-1.9.13.jar:/home/user/.m2/repository/org/codehaus/jackson/jackson-jaxrs/1.9.13/jackson-jaxrs-1.9.13.jar:/home/user/.m2/repository/org/codehaus/jackson/jackson-xc/1.9.13/jackson-xc-1.9.13.jar:/home/user/.m2/repository/commons-logging/commons-logging/1.1.3/commons-logging-1.1.3.jar:/home/user/.m2/repository/commons-beanutils/commons-beanutils/1.9.3/commons-beanutils-1.9.3.jar:/home/user/.m2/repository/org/apache/commons/commons-configuration2/2.1.1/commons-configuration2-2.1.1.jar:/home/user/.m2/repository/org/apache/commons/commons-lang3/3.7/commons-lang3-3.7.jar:/home/user/.m2/repository/org/apache/commons/commons-text/1.4/commons-text-1.4.jar:/home/user/.m2/repository/org/apache/avro/avro/1.7.7/avro-1.7.7.jar:/home/user/.m2/repository/com/thoughtworks/paranamer/paranamer/2.3/paranamer-2.3.jar:/home/user/.m2/repository/org/xerial/snappy/snappy-java/1.0.5/snappy-java-1.0.5.jar:/home/user/.m2/repository/com/google/re2j/re2j/1.1/re2j-1.1.jar:/home/user/.m2/repository/com/google/code/gson/gson/2.2.4/gson-2.2.4.jar:/home/user/.m2/repository/com/jcraft/jsch/0.1.54/jsch-0.1.54.jar:/home/user/.m2/repository/org/apache/curator/curator-client/2.12.0/curator-client-2.12.0.jar:/home/user/.m2/repository/org/apache/curator/curator-recipes/2.12.0/curator-recipes-2.12.0.jar:/home/user/.m2/repository/com/google/code/findbugs/jsr305/3.0.0/jsr305-3.0.0.jar:/home/user/.m2/repository/org/apache/htrace/htrace-core4/4.1.0-incubating/htrace-core4-4.1.0-incubating.jar:/home/user/.m2/repository/org/apache/zookeeper/zookeeper/3.4.13/zookeeper-3.4.13.jar:/home/user/.m2/repository/org/apache/yetus/audience-annotations/0.5.0/audience-annotations-0.5.0.jar:/home/user/.m2/repository/org/codehaus/woodstox/stax2-api/3.1.4/stax2-api-3.1.4.jar:/home/user/.m2/repository/com/fasterxml/woodstox/woodstox-core/5.0.3/woodstox-core-5.0.3.jar:/home/user/.m2/repository/dnsjava/dnsjava/2.1.7/dnsjava-2.1.7.jar:/home/user/.m2/repository/org/apache/hadoop/hadoop-hdfs/3.2.0/hadoop-hdfs-3.2.0-tests.jar:/home/user/.m2/repository/org/eclipse/jetty/jetty-util-ajax/9.3.24.v20180605/jetty-util-ajax-9.3.24.v20180605.jar:/home/user/.m2/repository/commons-daemon/commons-daemon/1.0.13/commons-daemon-1.0.13.jar:/home/user/.m2/repository/io/netty/netty/3.10.5.Final/netty-3.10.5.Final.jar:/home/user/.m2/repository/io/netty/netty-all/4.0.52.Final/netty-all-4.0.52.Final.jar:/home/user/.m2/repository/org/fusesource/leveldbjni/leveldbjni-all/1.8/leveldbjni-all-1.8.jar:"/>
    <property name="sun.cpu.endian" value="little"/>
    <property name="user.home" value="/home/user"/>
    <property name="user.language" value="en"/>
    <property name="java.specification.vendor" value="Oracle Corporation"/>
    <property name="java.home" value="/usr/lib/jvm/java-1.8-openjdk/jre"/>
    <property name="java.security.krb5.conf" value="/workdir/hadoop-ozone/integration-test/target/test-classes/krb5.conf"/>
    <property name="basedir" value="/workdir/hadoop-ozone/integration-test"/>
    <property name="file.separator" value="/"/>
    <property name="line.separator" value="&#10;"/>
    <property name="java.vm.specification.vendor" value="Oracle Corporation"/>
    <property name="java.specification.name" value="Java Platform API Specification"/>
    <property name="java.awt.graphicsenv" value="sun.awt.X11GraphicsEnvironment"/>
    <property name="surefire.real.class.path" value="/workdir/hadoop-ozone/integration-test/target/surefire/surefirebooter1485824001669270860.jar"/>
    <property name="hadoop.log.dir" value="/workdir/hadoop-ozone/integration-test/target/log"/>
    <property name="sun.boot.class.path" value="/usr/lib/jvm/java-1.8-openjdk/jre/lib/resources.jar:/usr/lib/jvm/java-1.8-openjdk/jre/lib/rt.jar:/usr/lib/jvm/java-1.8-openjdk/jre/lib/sunrsasign.jar:/usr/lib/jvm/java-1.8-openjdk/jre/lib/jsse.jar:/usr/lib/jvm/java-1.8-openjdk/jre/lib/jce.jar:/usr/lib/jvm/java-1.8-openjdk/jre/lib/charsets.jar:/usr/lib/jvm/java-1.8-openjdk/jre/lib/jfr.jar:/usr/lib/jvm/java-1.8-openjdk/jre/classes"/>
    <property name="sun.management.compiler" value="HotSpot 64-Bit Tiered Compilers"/>
    <property name="java.runtime.version" value="1.8.0_212-b04"/>
    <property name="java.net.preferIPv4Stack" value="true"/>
    <property name="user.name" value="jenkins1000"/>
    <property name="path.separator" value=":"/>
    <property name="java.security.egd" value="file:///dev/urandom"/>
    <property name="os.version" value="3.10.0-957.12.2.el7.x86_64"/>
    <property name="java.endorsed.dirs" value="/usr/lib/jvm/java-1.8-openjdk/jre/lib/endorsed"/>
    <property name="java.runtime.name" value="OpenJDK Runtime Environment"/>
    <property name="file.encoding" value="UTF-8"/>
    <property name="java.vm.name" value="OpenJDK 64-Bit Server VM"/>
    <property name="test.build.webapps" value=""/>
    <property name="localRepository" value="/home/user/.m2/repository"/>
    <property name="java.vendor.url.bug" value="https://icedtea.classpath.org/bugzilla"/>
    <property name="java.io.tmpdir" value="/tmp"/>
    <property name="require.test.libhadoop" value=""/>
    <property name="java.version" value="1.8.0_212"/>
    <property name="user.dir" value="/workdir/hadoop-ozone/integration-test"/>
    <property name="os.arch" value="amd64"/>
    <property name="java.vm.specification.name" value="Java Virtual Machine Specification"/>
    <property name="test.build.classes" value="/workdir/hadoop-ozone/integration-test/target/test-classes"/>
    <property name="java.awt.printerjob" value="sun.print.PSPrinterJob"/>
    <property name="sun.os.patch.level" value="unknown"/>
    <property name="hadoop.tmp.dir" value="/workdir/hadoop-ozone/integration-test/target/tmp"/>
    <property name="java.library.path" value="/usr/lib/jvm/java-1.8-openjdk/jre/lib/amd64/server:/usr/lib/jvm/java-1.8-openjdk/jre/lib/amd64:/usr/lib/jvm/java-1.8-openjdk/jre/../lib/amd64:/workdir/hadoop-ozone/integration-test/target/native/target/usr/local/lib:/workdir/hadoop-ozone/integration-test/../../hadoop-common-project/hadoop-common/target/native/target/usr/local/lib:/usr/java/packages/lib/amd64:/usr/lib64:/lib64:/lib:/usr/lib"/>
    <property name="java.vm.info" value="mixed mode"/>
    <property name="java.vendor" value="IcedTea"/>
    <property name="java.vm.version" value="25.212-b04"/>
    <property name="java.ext.dirs" value="/usr/lib/jvm/java-1.8-openjdk/jre/lib/ext:/usr/java/packages/lib/ext"/>
    <property name="sun.io.unicode.encoding" value="UnicodeLittle"/>
    <property name="java.class.version" value="52.0"/>
  </properties>
  <testcase name="test2DatanodesFailure" classname="org.apache.hadoop.ozone.client.rpc.TestBlockOutputStreamWithFailures" time="106.397"/>
  <testcase name="testDatanodeFailureWithPreAllocation" classname="org.apache.hadoop.ozone.client.rpc.TestBlockOutputStreamWithFailures" time="224.443"/>
  <testcase name="testDatanodeFailureWithSingleNodeRatis" classname="org.apache.hadoop.ozone.client.rpc.TestBlockOutputStreamWithFailures" time="225.439"/>
  <testcase name="testWatchForCommitWithSingleNodeRatis" classname="org.apache.hadoop.ozone.client.rpc.TestBlockOutputStreamWithFailures" time="34.446"/>
  <testcase name="testWatchForCommitDatanodeFailure" classname="org.apache.hadoop.ozone.client.rpc.TestBlockOutputStreamWithFailures" time="35.994"/>
  <testcase name="testFailureWithPrimeSizedData" classname="org.apache.hadoop.ozone.client.rpc.TestBlockOutputStreamWithFailures" time="35.382">
    <failure message="expected:&lt;68&gt; but was:&lt;70&gt;" type="java.lang.AssertionError"><![CDATA[java.lang.AssertionError: expected:<68> but was:<70>
	at org.junit.Assert.fail(Assert.java:88)
	at org.junit.Assert.failNotEquals(Assert.java:743)
	at org.junit.Assert.assertEquals(Assert.java:118)
	at org.junit.Assert.assertEquals(Assert.java:555)
	at org.junit.Assert.assertEquals(Assert.java:542)
	at org.apache.hadoop.ozone.client.rpc.TestBlockOutputStreamWithFailures.testFailureWithPrimeSizedData(TestBlockOutputStreamWithFailures.java:605)
	at sun.reflect.NativeMethodAccessorImpl.invoke0(Native Method)
	at sun.reflect.NativeMethodAccessorImpl.invoke(NativeMethodAccessorImpl.java:62)
	at sun.reflect.DelegatingMethodAccessorImpl.invoke(DelegatingMethodAccessorImpl.java:43)
	at java.lang.reflect.Method.invoke(Method.java:498)
	at org.junit.runners.model.FrameworkMethod$1.runReflectiveCall(FrameworkMethod.java:47)
	at org.junit.internal.runners.model.ReflectiveCallable.run(ReflectiveCallable.java:12)
	at org.junit.runners.model.FrameworkMethod.invokeExplosively(FrameworkMethod.java:44)
	at org.junit.internal.runners.statements.InvokeMethod.evaluate(InvokeMethod.java:17)
	at org.junit.internal.runners.statements.RunBefores.evaluate(RunBefores.java:26)
	at org.junit.internal.runners.statements.RunAfters.evaluate(RunAfters.java:27)
	at org.junit.runners.ParentRunner.runLeaf(ParentRunner.java:271)
	at org.junit.runners.BlockJUnit4ClassRunner.runChild(BlockJUnit4ClassRunner.java:70)
	at org.junit.runners.BlockJUnit4ClassRunner.runChild(BlockJUnit4ClassRunner.java:50)
	at org.junit.runners.ParentRunner$3.run(ParentRunner.java:238)
	at org.junit.runners.ParentRunner$1.schedule(ParentRunner.java:63)
	at org.junit.runners.ParentRunner.runChildren(ParentRunner.java:236)
	at org.junit.runners.ParentRunner.access$000(ParentRunner.java:53)
	at org.junit.runners.ParentRunner$2.evaluate(ParentRunner.java:229)
	at org.junit.runners.ParentRunner.run(ParentRunner.java:309)
	at org.apache.maven.surefire.junit4.JUnit4Provider.execute(JUnit4Provider.java:365)
	at org.apache.maven.surefire.junit4.JUnit4Provider.executeWithRerun(JUnit4Provider.java:273)
	at org.apache.maven.surefire.junit4.JUnit4Provider.executeTestSet(JUnit4Provider.java:238)
	at org.apache.maven.surefire.junit4.JUnit4Provider.invoke(JUnit4Provider.java:159)
	at org.apache.maven.surefire.booter.ForkedBooter.invokeProviderInSameClassLoader(ForkedBooter.java:384)
	at org.apache.maven.surefire.booter.ForkedBooter.runSuitesInProcess(ForkedBooter.java:345)
	at org.apache.maven.surefire.booter.ForkedBooter.execute(ForkedBooter.java:126)
	at org.apache.maven.surefire.booter.ForkedBooter.main(ForkedBooter.java:418)
]]></failure>
    <system-out><![CDATA[2019-08-20 21:14:50,637 [main] WARN  server.ServerUtils (ServerUtils.java:getScmDbDir(145)) - ozone.scm.db.dirs is not configured. We recommend adding this setting. Falling back to ozone.metadata.dirs instead.
2019-08-20 21:14:50,645 [main] WARN  server.ServerUtils (ServerUtils.java:getScmDbDir(145)) - ozone.scm.db.dirs is not configured. We recommend adding this setting. Falling back to ozone.metadata.dirs instead.
2019-08-20 21:14:50,646 [main] WARN  server.ServerUtils (ServerUtils.java:getScmDbDir(145)) - ozone.scm.db.dirs is not configured. We recommend adding this setting. Falling back to ozone.metadata.dirs instead.
2019-08-20 21:14:50,646 [main] INFO  db.DBStoreBuilder (DBStoreBuilder.java:addTable(110)) - using custom profile for table: deletedBlocks
2019-08-20 21:14:50,646 [main] INFO  db.DBStoreBuilder (DBStoreBuilder.java:processTables(161)) - Using default column profile:DBProfile.DISK for Table:deletedBlocks
2019-08-20 21:14:50,646 [main] INFO  db.DBStoreBuilder (DBStoreBuilder.java:addTable(110)) - using custom profile for table: validCerts
2019-08-20 21:14:50,646 [main] INFO  db.DBStoreBuilder (DBStoreBuilder.java:processTables(161)) - Using default column profile:DBProfile.DISK for Table:validCerts
2019-08-20 21:14:50,647 [main] INFO  db.DBStoreBuilder (DBStoreBuilder.java:addTable(110)) - using custom profile for table: revokedCerts
2019-08-20 21:14:50,647 [main] INFO  db.DBStoreBuilder (DBStoreBuilder.java:processTables(161)) - Using default column profile:DBProfile.DISK for Table:revokedCerts
2019-08-20 21:14:50,647 [main] INFO  db.DBStoreBuilder (DBStoreBuilder.java:addTable(110)) - using custom profile for table: default
2019-08-20 21:14:50,647 [main] INFO  db.DBStoreBuilder (DBStoreBuilder.java:processTables(167)) - Using default column profile:DBProfile.DISK for Table:default
2019-08-20 21:14:50,647 [main] INFO  db.DBStoreBuilder (DBStoreBuilder.java:getDbProfile(198)) - Using default options. DBProfile.DISK
2019-08-20 21:14:50,800 [main] INFO  net.NodeSchemaLoader (NodeSchemaLoader.java:loadSchemaFromFile(125)) - Loading file from sun.misc.CompoundEnumeration@4a28b6d0
2019-08-20 21:14:50,801 [main] INFO  net.NodeSchemaLoader (NodeSchemaLoader.java:loadSchema(171)) - Loading network topology layer schema file
2019-08-20 21:14:50,806 [main] INFO  node.SCMNodeManager (SCMNodeManager.java:<init>(121)) - Entering startup safe mode.
2019-08-20 21:14:50,807 [main] INFO  algorithms.ContainerPlacementPolicyFactory (ContainerPlacementPolicyFactory.java:getPolicy(55)) - Create container placement policy of type org.apache.hadoop.hdds.scm.container.placement.algorithms.SCMContainerPlacementRandom
2019-08-20 21:14:50,807 [main] WARN  server.ServerUtils (ServerUtils.java:getScmDbDir(145)) - ozone.scm.db.dirs is not configured. We recommend adding this setting. Falling back to ozone.metadata.dirs instead.
2019-08-20 21:14:50,875 [main] INFO  pipeline.SCMPipelineManager (SCMPipelineManager.java:initializePipelineState(126)) - No pipeline exists in current db
2019-08-20 21:14:50,875 [main] WARN  server.ServerUtils (ServerUtils.java:getScmDbDir(145)) - ozone.scm.db.dirs is not configured. We recommend adding this setting. Falling back to ozone.metadata.dirs instead.
2019-08-20 21:14:50,903 [main] WARN  events.EventQueue (EventQueue.java:fireEvent(175)) - No event handler registered for event TypedEvent{payloadType=SafeModeStatus, name='SafeModeStatus'}
2019-08-20 21:14:50,904 [main] INFO  ipc.CallQueueManager (CallQueueManager.java:<init>(84)) - Using callQueue: class java.util.concurrent.LinkedBlockingQueue, queueCapacity: 2000, scheduler: class org.apache.hadoop.ipc.DefaultRpcScheduler, ipcBackoff: false.
2019-08-20 21:14:50,905 [Socket Reader #1 for port 38263] INFO  ipc.Server (Server.java:run(1074)) - Starting Socket Reader #1 for port 38263
2019-08-20 21:14:50,907 [main] INFO  ipc.CallQueueManager (CallQueueManager.java:<init>(84)) - Using callQueue: class java.util.concurrent.LinkedBlockingQueue, queueCapacity: 2000, scheduler: class org.apache.hadoop.ipc.DefaultRpcScheduler, ipcBackoff: false.
2019-08-20 21:14:50,907 [Socket Reader #1 for port 43423] INFO  ipc.Server (Server.java:run(1074)) - Starting Socket Reader #1 for port 43423
2019-08-20 21:14:50,908 [main] INFO  ipc.CallQueueManager (CallQueueManager.java:<init>(84)) - Using callQueue: class java.util.concurrent.LinkedBlockingQueue, queueCapacity: 2000, scheduler: class org.apache.hadoop.ipc.DefaultRpcScheduler, ipcBackoff: false.
2019-08-20 21:14:50,909 [Socket Reader #1 for port 43151] INFO  ipc.Server (Server.java:run(1074)) - Starting Socket Reader #1 for port 43151
2019-08-20 21:14:50,913 [main] INFO  hdfs.DFSUtil (DFSUtil.java:httpServerTemplateForNNAndJN(1641)) - Starting Web-server for scm at: http://0.0.0.0:0
2019-08-20 21:14:50,917 [main] INFO  server.AuthenticationFilter (AuthenticationFilter.java:constructSecretProvider(240)) - Unable to initialize FileSignerSecretProvider, falling back to use random secrets.
2019-08-20 21:14:50,917 [main] WARN  http.HttpRequestLog (HttpRequestLog.java:getRequestLog(97)) - Jetty request log can only be enabled using Log4j
2019-08-20 21:14:50,919 [main] INFO  http.HttpServer2 (HttpServer2.java:addGlobalFilter(975)) - Added global filter 'safety' (class=org.apache.hadoop.http.HttpServer2$QuotingInputFilter)
2019-08-20 21:14:50,920 [main] INFO  http.HttpServer2 (HttpServer2.java:addFilter(948)) - Added filter static_user_filter (class=org.apache.hadoop.http.lib.StaticUserWebFilter$StaticUserFilter) to context scm
2019-08-20 21:14:50,920 [main] INFO  http.HttpServer2 (HttpServer2.java:addFilter(958)) - Added filter static_user_filter (class=org.apache.hadoop.http.lib.StaticUserWebFilter$StaticUserFilter) to context logs
2019-08-20 21:14:50,920 [main] INFO  http.HttpServer2 (HttpServer2.java:addFilter(958)) - Added filter static_user_filter (class=org.apache.hadoop.http.lib.StaticUserWebFilter$StaticUserFilter) to context static
2019-08-20 21:14:50,922 [main] INFO  server.StorageContainerManager (StorageContainerManager.java:start(759)) - StorageContainerLocationProtocol RPC server is listening at /0.0.0.0:43151
2019-08-20 21:14:50,925 [main] WARN  impl.MetricsConfig (MetricsConfig.java:loadFirst(134)) - Cannot locate configuration: tried hadoop-metrics2-storagecontainermanager.properties,hadoop-metrics2.properties
2019-08-20 21:14:50,926 [main] INFO  impl.MetricsSystemImpl (MetricsSystemImpl.java:startTimer(374)) - Scheduled Metric snapshot period at 10 second(s).
2019-08-20 21:14:50,926 [main] INFO  impl.MetricsSystemImpl (MetricsSystemImpl.java:start(191)) - StorageContainerManager metrics system started
2019-08-20 21:14:51,007 [main] INFO  server.SCMClientProtocolServer (SCMClientProtocolServer.java:start(151)) - RPC server for Client  is listening at /0.0.0.0:43151
2019-08-20 21:14:51,007 [IPC Server Responder] INFO  ipc.Server (Server.java:run(1314)) - IPC Server Responder: starting
2019-08-20 21:14:51,008 [IPC Server listener on 43151] INFO  ipc.Server (Server.java:run(1153)) - IPC Server listener on 43151: starting
2019-08-20 21:14:51,010 [main] INFO  server.StorageContainerManager (StorageContainerManager.java:start(769)) - ScmBlockLocationProtocol RPC server is listening at /0.0.0.0:43423
2019-08-20 21:14:51,011 [main] INFO  server.SCMBlockProtocolServer (SCMBlockProtocolServer.java:start(140)) - RPC server for Block Protocol is listening at /0.0.0.0:43423
2019-08-20 21:14:51,011 [IPC Server Responder] INFO  ipc.Server (Server.java:run(1314)) - IPC Server Responder: starting
2019-08-20 21:14:51,011 [IPC Server listener on 43423] INFO  ipc.Server (Server.java:run(1153)) - IPC Server listener on 43423: starting
2019-08-20 21:14:51,014 [main] INFO  server.StorageContainerManager (StorageContainerManager.java:start(773)) - ScmDatanodeProtocl RPC server is listening at /0.0.0.0:38263
2019-08-20 21:14:51,014 [main] INFO  server.SCMDatanodeProtocolServer (SCMDatanodeProtocolServer.java:start(191)) - RPC server for DataNodes is listening at /0.0.0.0:38263
2019-08-20 21:14:51,014 [IPC Server Responder] INFO  ipc.Server (Server.java:run(1314)) - IPC Server Responder: starting
2019-08-20 21:14:51,016 [IPC Server listener on 38263] INFO  ipc.Server (Server.java:run(1153)) - IPC Server listener on 38263: starting
2019-08-20 21:14:51,020 [main] INFO  http.HttpServer2 (HttpServer2.java:bindListener(1191)) - Jetty bound to port 44346
2019-08-20 21:14:51,020 [main] INFO  server.Server (Server.java:doStart(351)) - jetty-9.3.24.v20180605, build timestamp: 2018-06-05T17:11:56Z, git hash: 84205aa28f11a4f31f2a3b86d1bba2cc8ab69827
2019-08-20 21:14:51,021 [main] INFO  handler.ContextHandler (ContextHandler.java:doStart(781)) - Started o.e.j.s.ServletContextHandler@6c07666f{/logs,file:///workdir/hadoop-ozone/integration-test/target/log,AVAILABLE}
2019-08-20 21:14:51,022 [main] INFO  handler.ContextHandler (ContextHandler.java:doStart(781)) - Started o.e.j.s.ServletContextHandler@4bdec54{/static,file:///workdir/hadoop-ozone/integration-test/target/test-classes/webapps/static,AVAILABLE}
2019-08-20 21:14:51,026 [main] INFO  handler.ContextHandler (ContextHandler.java:doStart(781)) - Started o.e.j.w.WebAppContext@3ffa424d{/,file:///workdir/hadoop-ozone/integration-test/target/test-classes/webapps/scm/,AVAILABLE}{/scm}
2019-08-20 21:14:51,026 [main] INFO  server.AbstractConnector (AbstractConnector.java:doStart(278)) - Started ServerConnector@652cb87d{HTTP/1.1,[http/1.1]}{0.0.0.0:44346}
2019-08-20 21:14:51,027 [main] INFO  server.Server (Server.java:doStart(419)) - Started @627690ms
2019-08-20 21:14:51,028 [main] INFO  server.BaseHttpServer (BaseHttpServer.java:updateConnectorAddress(213)) - HTTP server of SCM is listening at http://0.0.0.0:44346
2019-08-20 21:14:51,030 [main] WARN  server.ServerUtils (ServerUtils.java:getDBPath(222)) - ozone.om.db.dirs is not configured. We recommend adding this setting. Falling back to ozone.metadata.dirs instead.
2019-08-20 21:14:51,030 [org.apache.hadoop.util.JvmPauseMonitor$Monitor@5304cee] INFO  util.JvmPauseMonitor (JvmPauseMonitor.java:run(188)) - Starting JVM pause monitor
2019-08-20 21:14:51,044 [main] WARN  server.ServerUtils (ServerUtils.java:getDBPath(222)) - ozone.om.db.dirs is not configured. We recommend adding this setting. Falling back to ozone.metadata.dirs instead.
2019-08-20 21:14:51,045 [main] WARN  server.ServerUtils (ServerUtils.java:getDBPath(222)) - ozone.om.db.dirs is not configured. We recommend adding this setting. Falling back to ozone.metadata.dirs instead.
2019-08-20 21:14:51,045 [main] INFO  om.OzoneManager (OzoneManager.java:setOMNodeDetails(648)) - OM Service ID is not set. Setting it to the default ID: omServiceIdDefault
2019-08-20 21:14:51,045 [main] INFO  om.OzoneManager (OzoneManager.java:setOMNodeDetails(654)) - OM Node ID is not set. Setting it to the OmStorage's OmID: ec2ba0b0-277b-4d89-a350-05160dde9db7
2019-08-20 21:14:51,046 [main] INFO  om.OzoneManager (OzoneManager.java:loadOMHAConfigs(605)) - Found matching OM address with OMServiceId: null, OMNodeId: null, RPC Address: localhost:0 and Ratis port: 9872
2019-08-20 21:14:51,049 | INFO  | SCMAudit | user=jenkins1000 | ip=192.168.34.22 | op=GET_SCM_INFO null | ret=SUCCESS |  
2019-08-20 21:14:51,051 [main] WARN  server.ServerUtils (ServerUtils.java:getDBPath(222)) - ozone.om.db.dirs is not configured. We recommend adding this setting. Falling back to ozone.metadata.dirs instead.
2019-08-20 21:14:51,052 [main] INFO  db.DBStoreBuilder (DBStoreBuilder.java:addTable(110)) - using custom profile for table: userTable
2019-08-20 21:14:51,052 [main] INFO  db.DBStoreBuilder (DBStoreBuilder.java:processTables(161)) - Using default column profile:DBProfile.DISK for Table:userTable
2019-08-20 21:14:51,052 [main] INFO  db.DBStoreBuilder (DBStoreBuilder.java:addTable(110)) - using custom profile for table: volumeTable
2019-08-20 21:14:51,052 [main] INFO  db.DBStoreBuilder (DBStoreBuilder.java:processTables(161)) - Using default column profile:DBProfile.DISK for Table:volumeTable
2019-08-20 21:14:51,053 [main] INFO  db.DBStoreBuilder (DBStoreBuilder.java:addTable(110)) - using custom profile for table: bucketTable
2019-08-20 21:14:51,053 [main] INFO  db.DBStoreBuilder (DBStoreBuilder.java:processTables(161)) - Using default column profile:DBProfile.DISK for Table:bucketTable
2019-08-20 21:14:51,053 [main] INFO  db.DBStoreBuilder (DBStoreBuilder.java:addTable(110)) - using custom profile for table: keyTable
2019-08-20 21:14:51,053 [main] INFO  db.DBStoreBuilder (DBStoreBuilder.java:processTables(161)) - Using default column profile:DBProfile.DISK for Table:keyTable
2019-08-20 21:14:51,054 [main] INFO  db.DBStoreBuilder (DBStoreBuilder.java:addTable(110)) - using custom profile for table: deletedTable
2019-08-20 21:14:51,054 [main] INFO  db.DBStoreBuilder (DBStoreBuilder.java:processTables(161)) - Using default column profile:DBProfile.DISK for Table:deletedTable
2019-08-20 21:14:51,054 [main] INFO  db.DBStoreBuilder (DBStoreBuilder.java:addTable(110)) - using custom profile for table: openKeyTable
2019-08-20 21:14:51,054 [main] INFO  db.DBStoreBuilder (DBStoreBuilder.java:processTables(161)) - Using default column profile:DBProfile.DISK for Table:openKeyTable
2019-08-20 21:14:51,055 [main] INFO  db.DBStoreBuilder (DBStoreBuilder.java:addTable(110)) - using custom profile for table: s3Table
2019-08-20 21:14:51,055 [main] INFO  db.DBStoreBuilder (DBStoreBuilder.java:processTables(161)) - Using default column profile:DBProfile.DISK for Table:s3Table
2019-08-20 21:14:51,055 [main] INFO  db.DBStoreBuilder (DBStoreBuilder.java:addTable(110)) - using custom profile for table: multipartInfoTable
2019-08-20 21:14:51,055 [main] INFO  db.DBStoreBuilder (DBStoreBuilder.java:processTables(161)) - Using default column profile:DBProfile.DISK for Table:multipartInfoTable
2019-08-20 21:14:51,056 [main] INFO  db.DBStoreBuilder (DBStoreBuilder.java:addTable(110)) - using custom profile for table: dTokenTable
2019-08-20 21:14:51,056 [main] INFO  db.DBStoreBuilder (DBStoreBuilder.java:processTables(161)) - Using default column profile:DBProfile.DISK for Table:dTokenTable
2019-08-20 21:14:51,056 [main] INFO  db.DBStoreBuilder (DBStoreBuilder.java:addTable(110)) - using custom profile for table: s3SecretTable
2019-08-20 21:14:51,056 [main] INFO  db.DBStoreBuilder (DBStoreBuilder.java:processTables(161)) - Using default column profile:DBProfile.DISK for Table:s3SecretTable
2019-08-20 21:14:51,056 [main] INFO  db.DBStoreBuilder (DBStoreBuilder.java:addTable(110)) - using custom profile for table: prefixTable
2019-08-20 21:14:51,057 [main] INFO  db.DBStoreBuilder (DBStoreBuilder.java:processTables(161)) - Using default column profile:DBProfile.DISK for Table:prefixTable
2019-08-20 21:14:51,057 [main] INFO  db.DBStoreBuilder (DBStoreBuilder.java:addTable(110)) - using custom profile for table: default
2019-08-20 21:14:51,057 [main] INFO  db.DBStoreBuilder (DBStoreBuilder.java:processTables(167)) - Using default column profile:DBProfile.DISK for Table:default
2019-08-20 21:14:51,057 [main] INFO  db.DBStoreBuilder (DBStoreBuilder.java:getDbProfile(198)) - Using default options. DBProfile.DISK
2019-08-20 21:14:51,578 [main] INFO  ipc.CallQueueManager (CallQueueManager.java:<init>(84)) - Using callQueue: class java.util.concurrent.LinkedBlockingQueue, queueCapacity: 2000, scheduler: class org.apache.hadoop.ipc.DefaultRpcScheduler, ipcBackoff: false.
2019-08-20 21:14:51,579 [Socket Reader #1 for port 38822] INFO  ipc.Server (Server.java:run(1074)) - Starting Socket Reader #1 for port 38822
2019-08-20 21:14:51,588 [main] INFO  om.OzoneManager (OzoneManager.java:start(1259)) - OzoneManager RPC server is listening at localhost/127.0.0.1:38822
2019-08-20 21:14:51,589 [main] INFO  impl.MetricsSystemImpl (MetricsSystemImpl.java:init(158)) - OzoneManager metrics system started (again)
2019-08-20 21:14:51,589 [IPC Server Responder] INFO  ipc.Server (Server.java:run(1314)) - IPC Server Responder: starting
2019-08-20 21:14:51,589 [IPC Server listener on 38822] INFO  ipc.Server (Server.java:run(1153)) - IPC Server listener on 38822: starting
2019-08-20 21:14:51,595 [main] INFO  hdfs.DFSUtil (DFSUtil.java:httpServerTemplateForNNAndJN(1641)) - Starting Web-server for ozoneManager at: http://0.0.0.0:0
2019-08-20 21:14:51,597 [main] INFO  server.AuthenticationFilter (AuthenticationFilter.java:constructSecretProvider(240)) - Unable to initialize FileSignerSecretProvider, falling back to use random secrets.
2019-08-20 21:14:51,597 [main] WARN  http.HttpRequestLog (HttpRequestLog.java:getRequestLog(97)) - Jetty request log can only be enabled using Log4j
2019-08-20 21:14:51,599 [main] INFO  http.HttpServer2 (HttpServer2.java:addGlobalFilter(975)) - Added global filter 'safety' (class=org.apache.hadoop.http.HttpServer2$QuotingInputFilter)
2019-08-20 21:14:51,599 [main] INFO  http.HttpServer2 (HttpServer2.java:addFilter(948)) - Added filter static_user_filter (class=org.apache.hadoop.http.lib.StaticUserWebFilter$StaticUserFilter) to context ozoneManager
2019-08-20 21:14:51,599 [main] INFO  http.HttpServer2 (HttpServer2.java:addFilter(958)) - Added filter static_user_filter (class=org.apache.hadoop.http.lib.StaticUserWebFilter$StaticUserFilter) to context logs
2019-08-20 21:14:51,600 [main] INFO  http.HttpServer2 (HttpServer2.java:addFilter(958)) - Added filter static_user_filter (class=org.apache.hadoop.http.lib.StaticUserWebFilter$StaticUserFilter) to context static
2019-08-20 21:14:51,601 [main] INFO  http.HttpServer2 (HttpServer2.java:bindListener(1191)) - Jetty bound to port 37634
2019-08-20 21:14:51,601 [main] INFO  server.Server (Server.java:doStart(351)) - jetty-9.3.24.v20180605, build timestamp: 2018-06-05T17:11:56Z, git hash: 84205aa28f11a4f31f2a3b86d1bba2cc8ab69827
2019-08-20 21:14:51,602 [main] INFO  handler.ContextHandler (ContextHandler.java:doStart(781)) - Started o.e.j.s.ServletContextHandler@65595be7{/logs,file:///workdir/hadoop-ozone/integration-test/target/log,AVAILABLE}
2019-08-20 21:14:51,603 [main] INFO  handler.ContextHandler (ContextHandler.java:doStart(781)) - Started o.e.j.s.ServletContextHandler@3bea7134{/static,file:///workdir/hadoop-ozone/integration-test/target/test-classes/webapps/static,AVAILABLE}
2019-08-20 21:14:51,607 [main] INFO  handler.ContextHandler (ContextHandler.java:doStart(781)) - Started o.e.j.w.WebAppContext@6c98079{/,file:///workdir/hadoop-ozone/integration-test/target/test-classes/webapps/ozoneManager/,AVAILABLE}{/ozoneManager}
2019-08-20 21:14:51,607 [main] INFO  server.AbstractConnector (AbstractConnector.java:doStart(278)) - Started ServerConnector@5135b8a3{HTTP/1.1,[http/1.1]}{0.0.0.0:37634}
2019-08-20 21:14:51,609 [main] INFO  server.Server (Server.java:doStart(419)) - Started @628272ms
2019-08-20 21:14:51,610 [main] INFO  server.BaseHttpServer (BaseHttpServer.java:updateConnectorAddress(213)) - HTTP server of OZONEMANAGER is listening at http://0.0.0.0:37634
2019-08-20 21:14:51,623 [main] INFO  impl.MetricsSystemImpl (MetricsSystemImpl.java:init(158)) - HddsDatanode metrics system started (again)
2019-08-20 21:14:51,626 [main] INFO  ozone.HddsDatanodeService (HddsDatanodeService.java:start(184)) - HddsDatanodeService host:pr-hdds-1973-z7hz4-2971538320 ip:192.168.34.22
2019-08-20 21:14:51,635 [main] INFO  volume.HddsVolume (HddsVolume.java:<init>(176)) - Creating Volume: /workdir/hadoop-ozone/integration-test/target/test-dir/MiniOzoneClusterImpl-8c73d54b-95bd-449d-9cb4-8faeda19692d/datanode-0/data/containers/hdds of  storage type : DISK and capacity : 1482555576320
2019-08-20 21:14:51,635 [main] INFO  volume.VolumeSet (VolumeSet.java:initializeVolumeSet(170)) - Added Volume : /workdir/hadoop-ozone/integration-test/target/test-dir/MiniOzoneClusterImpl-8c73d54b-95bd-449d-9cb4-8faeda19692d/datanode-0/data/containers/hdds to VolumeSet
2019-08-20 21:14:51,635 [main] INFO  volume.ThrottledAsyncChecker (ThrottledAsyncChecker.java:schedule(140)) - Scheduling a check for org.apache.hadoop.ozone.container.common.volume.HddsVolume@786125a6
2019-08-20 21:14:51,636 [main] INFO  volume.HddsVolumeChecker (HddsVolumeChecker.java:checkAllVolumes(203)) - Scheduled health check for volume org.apache.hadoop.ozone.container.common.volume.HddsVolume@786125a6
2019-08-20 21:14:51,649 [main] INFO  impl.RaftServerProxy (ConfUtils.java:logGet(43)) - raft.rpc.type = GRPC (default)
2019-08-20 21:14:51,649 [main] INFO  grpc.GrpcFactory (GrpcFactory.java:checkPooledByteBufAllocatorUseCacheForAllThreads(45)) - PERFORMANCE WARNING: useCacheForAllThreads is true that may cause Netty to create a lot garbage objects and, as a result, trigger GC.
	It is recommended to disable useCacheForAllThreads by setting -Dorg.apache.ratis.thirdparty.io.netty.allocator.useCacheForAllThreads=false in command line.
2019-08-20 21:14:51,649 [main] INFO  grpc.GrpcConfigKeys$Server (ConfUtils.java:logGet(43)) - raft.grpc.server.port = 0 (default)
2019-08-20 21:14:51,650 [main] INFO  server.GrpcService (ConfUtils.java:logGet(43)) - raft.grpc.message.size.max = 33570816 (custom)
2019-08-20 21:14:51,650 [main] INFO  server.RaftServerConfigKeys (ConfUtils.java:logGet(43)) - raft.server.log.appender.buffer.byte-limit = 33554432 (custom)
2019-08-20 21:14:51,650 [main] INFO  server.GrpcService (ConfUtils.java:logGet(43)) - raft.grpc.flow.control.window = 1MB (=1048576) (default)
2019-08-20 21:14:51,650 [main] INFO  server.RaftServerConfigKeys (ConfUtils.java:logGet(43)) - raft.server.rpc.request.timeout = 3000ms (default)
2019-08-20 21:14:51,651 [main] INFO  server.RaftServerConfigKeys (ConfUtils.java:logGet(43)) - raft.server.storage.dir = [/workdir/hadoop-ozone/integration-test/target/test-dir/MiniOzoneClusterImpl-8c73d54b-95bd-449d-9cb4-8faeda19692d/datanode-0/data/ratis] (custom)
2019-08-20 21:14:51,651 [main] INFO  replication.SimpleContainerDownloader (SimpleContainerDownloader.java:<init>(72)) - Starting container downloader service to copy containers to replicate.
2019-08-20 21:14:51,652 [main] INFO  hdfs.DFSUtil (DFSUtil.java:httpServerTemplateForNNAndJN(1641)) - Starting Web-server for hddsDatanode at: http://0.0.0.0:0
2019-08-20 21:14:51,653 [main] INFO  server.AuthenticationFilter (AuthenticationFilter.java:constructSecretProvider(240)) - Unable to initialize FileSignerSecretProvider, falling back to use random secrets.
2019-08-20 21:14:51,654 [main] WARN  http.HttpRequestLog (HttpRequestLog.java:getRequestLog(97)) - Jetty request log can only be enabled using Log4j
2019-08-20 21:14:51,655 [main] INFO  http.HttpServer2 (HttpServer2.java:addGlobalFilter(975)) - Added global filter 'safety' (class=org.apache.hadoop.http.HttpServer2$QuotingInputFilter)
2019-08-20 21:14:51,655 [main] INFO  http.HttpServer2 (HttpServer2.java:addFilter(948)) - Added filter static_user_filter (class=org.apache.hadoop.http.lib.StaticUserWebFilter$StaticUserFilter) to context hddsDatanode
2019-08-20 21:14:51,655 [main] INFO  http.HttpServer2 (HttpServer2.java:addFilter(958)) - Added filter static_user_filter (class=org.apache.hadoop.http.lib.StaticUserWebFilter$StaticUserFilter) to context logs
2019-08-20 21:14:51,655 [main] INFO  http.HttpServer2 (HttpServer2.java:addFilter(958)) - Added filter static_user_filter (class=org.apache.hadoop.http.lib.StaticUserWebFilter$StaticUserFilter) to context static
2019-08-20 21:14:51,656 [main] INFO  http.HttpServer2 (HttpServer2.java:bindListener(1191)) - Jetty bound to port 33474
2019-08-20 21:14:51,656 [main] INFO  server.Server (Server.java:doStart(351)) - jetty-9.3.24.v20180605, build timestamp: 2018-06-05T17:11:56Z, git hash: 84205aa28f11a4f31f2a3b86d1bba2cc8ab69827
2019-08-20 21:14:51,657 [main] INFO  handler.ContextHandler (ContextHandler.java:doStart(781)) - Started o.e.j.s.ServletContextHandler@656c356c{/logs,file:///workdir/hadoop-ozone/integration-test/target/log,AVAILABLE}
2019-08-20 21:14:51,658 [main] INFO  handler.ContextHandler (ContextHandler.java:doStart(781)) - Started o.e.j.s.ServletContextHandler@6321e29b{/static,jar:file:/home/user/.m2/repository/org/apache/hadoop/hadoop-hdds-container-service/0.5.0-SNAPSHOT/hadoop-hdds-container-service-0.5.0-SNAPSHOT.jar!/webapps/static,AVAILABLE}
2019-08-20 21:14:51,685 [main] INFO  handler.ContextHandler (ContextHandler.java:doStart(781)) - Started o.e.j.w.WebAppContext@1b09f4fb{/,file:///tmp/jetty-0.0.0.0-33474-hddsDatanode-_-any-440425594730041518.dir/webapp/,AVAILABLE}{/hddsDatanode}
2019-08-20 21:14:51,685 [main] INFO  server.AbstractConnector (AbstractConnector.java:doStart(278)) - Started ServerConnector@47511582{HTTP/1.1,[http/1.1]}{0.0.0.0:33474}
2019-08-20 21:14:51,687 [main] INFO  server.Server (Server.java:doStart(419)) - Started @628349ms
2019-08-20 21:14:51,688 [main] INFO  server.BaseHttpServer (BaseHttpServer.java:updateConnectorAddress(213)) - HTTP server of HDDSDATANODE is listening at http://0.0.0.0:33474
2019-08-20 21:14:51,793 | INFO  | ObjectStoreRestHttpServer | Listening HDDS REST traffic on /0.0.0.0:38031 |  
2019-08-20 21:14:51,793 [main] INFO  ozone.HddsDatanodeService (HddsDatanodeService.java:startPlugins(395)) - Started plug-in org.apache.hadoop.ozone.web.OzoneHddsDatanodeService@72de1d86
2019-08-20 21:14:51,794 [main] INFO  impl.MetricsSystemImpl (MetricsSystemImpl.java:init(158)) - HddsDatanode metrics system started (again)
2019-08-20 21:14:51,796 [main] INFO  ozone.HddsDatanodeService (HddsDatanodeService.java:start(184)) - HddsDatanodeService host:pr-hdds-1973-z7hz4-2971538320 ip:192.168.34.22
2019-08-20 21:14:51,797 [org.apache.hadoop.util.JvmPauseMonitor$Monitor@1134a021] INFO  util.JvmPauseMonitor (JvmPauseMonitor.java:run(188)) - Starting JVM pause monitor
2019-08-20 21:14:51,798 [Datanode State Machine Thread - 0] INFO  datanode.InitDatanodeState (InitDatanodeState.java:persistContainerDatanodeDetails(140)) - DatanodeDetails is persisted to /workdir/hadoop-ozone/integration-test/target/test-dir/MiniOzoneClusterImpl-8c73d54b-95bd-449d-9cb4-8faeda19692d/datanode-0/meta/datanode.id
2019-08-20 21:14:51,807 [main] INFO  volume.HddsVolume (HddsVolume.java:<init>(176)) - Creating Volume: /workdir/hadoop-ozone/integration-test/target/test-dir/MiniOzoneClusterImpl-8c73d54b-95bd-449d-9cb4-8faeda19692d/datanode-1/data/containers/hdds of  storage type : DISK and capacity : 1482555576320
2019-08-20 21:14:51,807 [main] INFO  volume.VolumeSet (VolumeSet.java:initializeVolumeSet(170)) - Added Volume : /workdir/hadoop-ozone/integration-test/target/test-dir/MiniOzoneClusterImpl-8c73d54b-95bd-449d-9cb4-8faeda19692d/datanode-1/data/containers/hdds to VolumeSet
2019-08-20 21:14:51,807 [main] INFO  volume.ThrottledAsyncChecker (ThrottledAsyncChecker.java:schedule(140)) - Scheduling a check for org.apache.hadoop.ozone.container.common.volume.HddsVolume@537360e3
2019-08-20 21:14:51,808 [main] INFO  volume.HddsVolumeChecker (HddsVolumeChecker.java:checkAllVolumes(203)) - Scheduled health check for volume org.apache.hadoop.ozone.container.common.volume.HddsVolume@537360e3
2019-08-20 21:14:51,826 [main] INFO  impl.RaftServerProxy (ConfUtils.java:logGet(43)) - raft.rpc.type = GRPC (default)
2019-08-20 21:14:51,827 [main] INFO  grpc.GrpcFactory (GrpcFactory.java:checkPooledByteBufAllocatorUseCacheForAllThreads(45)) - PERFORMANCE WARNING: useCacheForAllThreads is true that may cause Netty to create a lot garbage objects and, as a result, trigger GC.
	It is recommended to disable useCacheForAllThreads by setting -Dorg.apache.ratis.thirdparty.io.netty.allocator.useCacheForAllThreads=false in command line.
2019-08-20 21:14:51,827 [main] INFO  grpc.GrpcConfigKeys$Server (ConfUtils.java:logGet(43)) - raft.grpc.server.port = 0 (default)
2019-08-20 21:14:51,827 [main] INFO  server.GrpcService (ConfUtils.java:logGet(43)) - raft.grpc.message.size.max = 33570816 (custom)
2019-08-20 21:14:51,827 [main] INFO  server.RaftServerConfigKeys (ConfUtils.java:logGet(43)) - raft.server.log.appender.buffer.byte-limit = 33554432 (custom)
2019-08-20 21:14:51,828 [main] INFO  server.GrpcService (ConfUtils.java:logGet(43)) - raft.grpc.flow.control.window = 1MB (=1048576) (default)
2019-08-20 21:14:51,828 [main] INFO  server.RaftServerConfigKeys (ConfUtils.java:logGet(43)) - raft.server.rpc.request.timeout = 3000ms (default)
2019-08-20 21:14:51,828 [main] INFO  server.RaftServerConfigKeys (ConfUtils.java:logGet(43)) - raft.server.storage.dir = [/workdir/hadoop-ozone/integration-test/target/test-dir/MiniOzoneClusterImpl-8c73d54b-95bd-449d-9cb4-8faeda19692d/datanode-1/data/ratis] (custom)
2019-08-20 21:14:51,829 [main] INFO  replication.SimpleContainerDownloader (SimpleContainerDownloader.java:<init>(72)) - Starting container downloader service to copy containers to replicate.
2019-08-20 21:14:51,830 [main] INFO  hdfs.DFSUtil (DFSUtil.java:httpServerTemplateForNNAndJN(1641)) - Starting Web-server for hddsDatanode at: http://0.0.0.0:0
2019-08-20 21:14:51,831 [main] INFO  server.AuthenticationFilter (AuthenticationFilter.java:constructSecretProvider(240)) - Unable to initialize FileSignerSecretProvider, falling back to use random secrets.
2019-08-20 21:14:51,832 [main] WARN  http.HttpRequestLog (HttpRequestLog.java:getRequestLog(97)) - Jetty request log can only be enabled using Log4j
2019-08-20 21:14:51,833 [main] INFO  http.HttpServer2 (HttpServer2.java:addGlobalFilter(975)) - Added global filter 'safety' (class=org.apache.hadoop.http.HttpServer2$QuotingInputFilter)
2019-08-20 21:14:51,833 [main] INFO  http.HttpServer2 (HttpServer2.java:addFilter(948)) - Added filter static_user_filter (class=org.apache.hadoop.http.lib.StaticUserWebFilter$StaticUserFilter) to context hddsDatanode
2019-08-20 21:14:51,834 [main] INFO  http.HttpServer2 (HttpServer2.java:addFilter(958)) - Added filter static_user_filter (class=org.apache.hadoop.http.lib.StaticUserWebFilter$StaticUserFilter) to context static
2019-08-20 21:14:51,834 [main] INFO  http.HttpServer2 (HttpServer2.java:addFilter(958)) - Added filter static_user_filter (class=org.apache.hadoop.http.lib.StaticUserWebFilter$StaticUserFilter) to context logs
2019-08-20 21:14:51,834 [main] INFO  http.HttpServer2 (HttpServer2.java:bindListener(1191)) - Jetty bound to port 40731
2019-08-20 21:14:51,834 [main] INFO  server.Server (Server.java:doStart(351)) - jetty-9.3.24.v20180605, build timestamp: 2018-06-05T17:11:56Z, git hash: 84205aa28f11a4f31f2a3b86d1bba2cc8ab69827
2019-08-20 21:14:51,836 [main] INFO  handler.ContextHandler (ContextHandler.java:doStart(781)) - Started o.e.j.s.ServletContextHandler@7c4b7bc3{/logs,file:///workdir/hadoop-ozone/integration-test/target/log,AVAILABLE}
2019-08-20 21:14:51,836 [main] INFO  handler.ContextHandler (ContextHandler.java:doStart(781)) - Started o.e.j.s.ServletContextHandler@45b7b254{/static,jar:file:/home/user/.m2/repository/org/apache/hadoop/hadoop-hdds-container-service/0.5.0-SNAPSHOT/hadoop-hdds-container-service-0.5.0-SNAPSHOT.jar!/webapps/static,AVAILABLE}
2019-08-20 21:14:51,866 [main] INFO  handler.ContextHandler (ContextHandler.java:doStart(781)) - Started o.e.j.w.WebAppContext@6bcf2780{/,file:///tmp/jetty-0.0.0.0-40731-hddsDatanode-_-any-1371007964547372039.dir/webapp/,AVAILABLE}{/hddsDatanode}
2019-08-20 21:14:51,866 [main] INFO  server.AbstractConnector (AbstractConnector.java:doStart(278)) - Started ServerConnector@4bb4adf7{HTTP/1.1,[http/1.1]}{0.0.0.0:40731}
2019-08-20 21:14:51,868 [main] INFO  server.Server (Server.java:doStart(419)) - Started @628530ms
2019-08-20 21:14:51,869 [main] INFO  server.BaseHttpServer (BaseHttpServer.java:updateConnectorAddress(213)) - HTTP server of HDDSDATANODE is listening at http://0.0.0.0:40731
2019-08-20 21:14:51,974 | INFO  | ObjectStoreRestHttpServer | Listening HDDS REST traffic on /0.0.0.0:40944 |  
2019-08-20 21:14:51,974 [main] INFO  ozone.HddsDatanodeService (HddsDatanodeService.java:startPlugins(395)) - Started plug-in org.apache.hadoop.ozone.web.OzoneHddsDatanodeService@6e44825e
2019-08-20 21:14:51,975 [main] INFO  impl.MetricsSystemImpl (MetricsSystemImpl.java:init(158)) - HddsDatanode metrics system started (again)
2019-08-20 21:14:51,977 [org.apache.hadoop.util.JvmPauseMonitor$Monitor@1ab996e5] INFO  util.JvmPauseMonitor (JvmPauseMonitor.java:run(188)) - Starting JVM pause monitor
2019-08-20 21:14:51,978 [main] INFO  ozone.HddsDatanodeService (HddsDatanodeService.java:start(184)) - HddsDatanodeService host:pr-hdds-1973-z7hz4-2971538320 ip:192.168.34.22
2019-08-20 21:14:51,978 [Datanode State Machine Thread - 0] INFO  datanode.InitDatanodeState (InitDatanodeState.java:persistContainerDatanodeDetails(140)) - DatanodeDetails is persisted to /workdir/hadoop-ozone/integration-test/target/test-dir/MiniOzoneClusterImpl-8c73d54b-95bd-449d-9cb4-8faeda19692d/datanode-1/meta/datanode.id
2019-08-20 21:14:51,987 [main] INFO  volume.HddsVolume (HddsVolume.java:<init>(176)) - Creating Volume: /workdir/hadoop-ozone/integration-test/target/test-dir/MiniOzoneClusterImpl-8c73d54b-95bd-449d-9cb4-8faeda19692d/datanode-2/data/containers/hdds of  storage type : DISK and capacity : 1482555576320
2019-08-20 21:14:51,987 [main] INFO  volume.VolumeSet (VolumeSet.java:initializeVolumeSet(170)) - Added Volume : /workdir/hadoop-ozone/integration-test/target/test-dir/MiniOzoneClusterImpl-8c73d54b-95bd-449d-9cb4-8faeda19692d/datanode-2/data/containers/hdds to VolumeSet
2019-08-20 21:14:51,987 [main] INFO  volume.ThrottledAsyncChecker (ThrottledAsyncChecker.java:schedule(140)) - Scheduling a check for org.apache.hadoop.ozone.container.common.volume.HddsVolume@2531049f
2019-08-20 21:14:51,988 [main] INFO  volume.HddsVolumeChecker (HddsVolumeChecker.java:checkAllVolumes(203)) - Scheduled health check for volume org.apache.hadoop.ozone.container.common.volume.HddsVolume@2531049f
2019-08-20 21:14:51,999 [main] INFO  impl.RaftServerProxy (ConfUtils.java:logGet(43)) - raft.rpc.type = GRPC (default)
2019-08-20 21:14:52,000 [main] INFO  grpc.GrpcFactory (GrpcFactory.java:checkPooledByteBufAllocatorUseCacheForAllThreads(45)) - PERFORMANCE WARNING: useCacheForAllThreads is true that may cause Netty to create a lot garbage objects and, as a result, trigger GC.
	It is recommended to disable useCacheForAllThreads by setting -Dorg.apache.ratis.thirdparty.io.netty.allocator.useCacheForAllThreads=false in command line.
2019-08-20 21:14:52,000 [main] INFO  grpc.GrpcConfigKeys$Server (ConfUtils.java:logGet(43)) - raft.grpc.server.port = 0 (default)
2019-08-20 21:14:52,000 [main] INFO  server.GrpcService (ConfUtils.java:logGet(43)) - raft.grpc.message.size.max = 33570816 (custom)
2019-08-20 21:14:52,001 [main] INFO  server.RaftServerConfigKeys (ConfUtils.java:logGet(43)) - raft.server.log.appender.buffer.byte-limit = 33554432 (custom)
2019-08-20 21:14:52,001 [main] INFO  server.GrpcService (ConfUtils.java:logGet(43)) - raft.grpc.flow.control.window = 1MB (=1048576) (default)
2019-08-20 21:14:52,001 [main] INFO  server.RaftServerConfigKeys (ConfUtils.java:logGet(43)) - raft.server.rpc.request.timeout = 3000ms (default)
2019-08-20 21:14:52,001 [main] INFO  server.RaftServerConfigKeys (ConfUtils.java:logGet(43)) - raft.server.storage.dir = [/workdir/hadoop-ozone/integration-test/target/test-dir/MiniOzoneClusterImpl-8c73d54b-95bd-449d-9cb4-8faeda19692d/datanode-2/data/ratis] (custom)
2019-08-20 21:14:52,002 [main] INFO  replication.SimpleContainerDownloader (SimpleContainerDownloader.java:<init>(72)) - Starting container downloader service to copy containers to replicate.
2019-08-20 21:14:52,003 [main] INFO  hdfs.DFSUtil (DFSUtil.java:httpServerTemplateForNNAndJN(1641)) - Starting Web-server for hddsDatanode at: http://0.0.0.0:0
2019-08-20 21:14:52,004 [main] INFO  server.AuthenticationFilter (AuthenticationFilter.java:constructSecretProvider(240)) - Unable to initialize FileSignerSecretProvider, falling back to use random secrets.
2019-08-20 21:14:52,005 [main] WARN  http.HttpRequestLog (HttpRequestLog.java:getRequestLog(97)) - Jetty request log can only be enabled using Log4j
2019-08-20 21:14:52,006 [main] INFO  http.HttpServer2 (HttpServer2.java:addGlobalFilter(975)) - Added global filter 'safety' (class=org.apache.hadoop.http.HttpServer2$QuotingInputFilter)
2019-08-20 21:14:52,007 [main] INFO  http.HttpServer2 (HttpServer2.java:addFilter(948)) - Added filter static_user_filter (class=org.apache.hadoop.http.lib.StaticUserWebFilter$StaticUserFilter) to context hddsDatanode
2019-08-20 21:14:52,007 [main] INFO  http.HttpServer2 (HttpServer2.java:addFilter(958)) - Added filter static_user_filter (class=org.apache.hadoop.http.lib.StaticUserWebFilter$StaticUserFilter) to context static
2019-08-20 21:14:52,007 [main] INFO  http.HttpServer2 (HttpServer2.java:addFilter(958)) - Added filter static_user_filter (class=org.apache.hadoop.http.lib.StaticUserWebFilter$StaticUserFilter) to context logs
2019-08-20 21:14:52,008 [main] INFO  http.HttpServer2 (HttpServer2.java:bindListener(1191)) - Jetty bound to port 37807
2019-08-20 21:14:52,008 [main] INFO  server.Server (Server.java:doStart(351)) - jetty-9.3.24.v20180605, build timestamp: 2018-06-05T17:11:56Z, git hash: 84205aa28f11a4f31f2a3b86d1bba2cc8ab69827
2019-08-20 21:14:52,010 [main] INFO  handler.ContextHandler (ContextHandler.java:doStart(781)) - Started o.e.j.s.ServletContextHandler@4c627575{/logs,file:///workdir/hadoop-ozone/integration-test/target/log,AVAILABLE}
2019-08-20 21:14:52,010 [main] INFO  handler.ContextHandler (ContextHandler.java:doStart(781)) - Started o.e.j.s.ServletContextHandler@339b9869{/static,jar:file:/home/user/.m2/repository/org/apache/hadoop/hadoop-hdds-container-service/0.5.0-SNAPSHOT/hadoop-hdds-container-service-0.5.0-SNAPSHOT.jar!/webapps/static,AVAILABLE}
2019-08-20 21:14:52,038 [main] INFO  handler.ContextHandler (ContextHandler.java:doStart(781)) - Started o.e.j.w.WebAppContext@1d280bab{/,file:///tmp/jetty-0.0.0.0-37807-hddsDatanode-_-any-263026508733445721.dir/webapp/,AVAILABLE}{/hddsDatanode}
2019-08-20 21:14:52,038 [main] INFO  server.AbstractConnector (AbstractConnector.java:doStart(278)) - Started ServerConnector@74a121fe{HTTP/1.1,[http/1.1]}{0.0.0.0:37807}
2019-08-20 21:14:52,040 [main] INFO  server.Server (Server.java:doStart(419)) - Started @628702ms
2019-08-20 21:14:52,041 [main] INFO  server.BaseHttpServer (BaseHttpServer.java:updateConnectorAddress(213)) - HTTP server of HDDSDATANODE is listening at http://0.0.0.0:37807
2019-08-20 21:14:52,174 | INFO  | ObjectStoreRestHttpServer | Listening HDDS REST traffic on /0.0.0.0:33238 |  
2019-08-20 21:14:52,174 [main] INFO  ozone.HddsDatanodeService (HddsDatanodeService.java:startPlugins(395)) - Started plug-in org.apache.hadoop.ozone.web.OzoneHddsDatanodeService@3b191676
2019-08-20 21:14:52,175 [main] INFO  impl.MetricsSystemImpl (MetricsSystemImpl.java:init(158)) - HddsDatanode metrics system started (again)
2019-08-20 21:14:52,176 [org.apache.hadoop.util.JvmPauseMonitor$Monitor@64404ec0] INFO  util.JvmPauseMonitor (JvmPauseMonitor.java:run(188)) - Starting JVM pause monitor
2019-08-20 21:14:52,179 [Datanode State Machine Thread - 0] INFO  datanode.InitDatanodeState (InitDatanodeState.java:persistContainerDatanodeDetails(140)) - DatanodeDetails is persisted to /workdir/hadoop-ozone/integration-test/target/test-dir/MiniOzoneClusterImpl-8c73d54b-95bd-449d-9cb4-8faeda19692d/datanode-2/meta/datanode.id
2019-08-20 21:14:52,179 [main] INFO  ozone.HddsDatanodeService (HddsDatanodeService.java:start(184)) - HddsDatanodeService host:pr-hdds-1973-z7hz4-2971538320 ip:192.168.34.22
2019-08-20 21:14:52,187 [main] INFO  volume.HddsVolume (HddsVolume.java:<init>(176)) - Creating Volume: /workdir/hadoop-ozone/integration-test/target/test-dir/MiniOzoneClusterImpl-8c73d54b-95bd-449d-9cb4-8faeda19692d/datanode-3/data/containers/hdds of  storage type : DISK and capacity : 1482555576320
2019-08-20 21:14:52,188 [main] INFO  volume.VolumeSet (VolumeSet.java:initializeVolumeSet(170)) - Added Volume : /workdir/hadoop-ozone/integration-test/target/test-dir/MiniOzoneClusterImpl-8c73d54b-95bd-449d-9cb4-8faeda19692d/datanode-3/data/containers/hdds to VolumeSet
2019-08-20 21:14:52,188 [main] INFO  volume.ThrottledAsyncChecker (ThrottledAsyncChecker.java:schedule(140)) - Scheduling a check for org.apache.hadoop.ozone.container.common.volume.HddsVolume@5b34e7bd
2019-08-20 21:14:52,189 [main] INFO  volume.HddsVolumeChecker (HddsVolumeChecker.java:checkAllVolumes(203)) - Scheduled health check for volume org.apache.hadoop.ozone.container.common.volume.HddsVolume@5b34e7bd
2019-08-20 21:14:52,202 [main] INFO  impl.RaftServerProxy (ConfUtils.java:logGet(43)) - raft.rpc.type = GRPC (default)
2019-08-20 21:14:52,202 [main] INFO  grpc.GrpcFactory (GrpcFactory.java:checkPooledByteBufAllocatorUseCacheForAllThreads(45)) - PERFORMANCE WARNING: useCacheForAllThreads is true that may cause Netty to create a lot garbage objects and, as a result, trigger GC.
	It is recommended to disable useCacheForAllThreads by setting -Dorg.apache.ratis.thirdparty.io.netty.allocator.useCacheForAllThreads=false in command line.
2019-08-20 21:14:52,203 [main] INFO  grpc.GrpcConfigKeys$Server (ConfUtils.java:logGet(43)) - raft.grpc.server.port = 0 (default)
2019-08-20 21:14:52,203 [main] INFO  server.GrpcService (ConfUtils.java:logGet(43)) - raft.grpc.message.size.max = 33570816 (custom)
2019-08-20 21:14:52,203 [main] INFO  server.RaftServerConfigKeys (ConfUtils.java:logGet(43)) - raft.server.log.appender.buffer.byte-limit = 33554432 (custom)
2019-08-20 21:14:52,203 [main] INFO  server.GrpcService (ConfUtils.java:logGet(43)) - raft.grpc.flow.control.window = 1MB (=1048576) (default)
2019-08-20 21:14:52,203 [main] INFO  server.RaftServerConfigKeys (ConfUtils.java:logGet(43)) - raft.server.rpc.request.timeout = 3000ms (default)
2019-08-20 21:14:52,204 [main] INFO  server.RaftServerConfigKeys (ConfUtils.java:logGet(43)) - raft.server.storage.dir = [/workdir/hadoop-ozone/integration-test/target/test-dir/MiniOzoneClusterImpl-8c73d54b-95bd-449d-9cb4-8faeda19692d/datanode-3/data/ratis] (custom)
2019-08-20 21:14:52,204 [main] INFO  replication.SimpleContainerDownloader (SimpleContainerDownloader.java:<init>(72)) - Starting container downloader service to copy containers to replicate.
2019-08-20 21:14:52,207 [main] INFO  hdfs.DFSUtil (DFSUtil.java:httpServerTemplateForNNAndJN(1641)) - Starting Web-server for hddsDatanode at: http://0.0.0.0:0
2019-08-20 21:14:52,209 [main] INFO  server.AuthenticationFilter (AuthenticationFilter.java:constructSecretProvider(240)) - Unable to initialize FileSignerSecretProvider, falling back to use random secrets.
2019-08-20 21:14:52,209 [main] WARN  http.HttpRequestLog (HttpRequestLog.java:getRequestLog(97)) - Jetty request log can only be enabled using Log4j
2019-08-20 21:14:52,211 [main] INFO  http.HttpServer2 (HttpServer2.java:addGlobalFilter(975)) - Added global filter 'safety' (class=org.apache.hadoop.http.HttpServer2$QuotingInputFilter)
2019-08-20 21:14:52,212 [main] INFO  http.HttpServer2 (HttpServer2.java:addFilter(948)) - Added filter static_user_filter (class=org.apache.hadoop.http.lib.StaticUserWebFilter$StaticUserFilter) to context hddsDatanode
2019-08-20 21:14:52,212 [main] INFO  http.HttpServer2 (HttpServer2.java:addFilter(958)) - Added filter static_user_filter (class=org.apache.hadoop.http.lib.StaticUserWebFilter$StaticUserFilter) to context static
2019-08-20 21:14:52,212 [main] INFO  http.HttpServer2 (HttpServer2.java:addFilter(958)) - Added filter static_user_filter (class=org.apache.hadoop.http.lib.StaticUserWebFilter$StaticUserFilter) to context logs
2019-08-20 21:14:52,213 [main] INFO  http.HttpServer2 (HttpServer2.java:bindListener(1191)) - Jetty bound to port 36595
2019-08-20 21:14:52,213 [main] INFO  server.Server (Server.java:doStart(351)) - jetty-9.3.24.v20180605, build timestamp: 2018-06-05T17:11:56Z, git hash: 84205aa28f11a4f31f2a3b86d1bba2cc8ab69827
2019-08-20 21:14:52,215 [main] INFO  handler.ContextHandler (ContextHandler.java:doStart(781)) - Started o.e.j.s.ServletContextHandler@4dba2d07{/logs,file:///workdir/hadoop-ozone/integration-test/target/log,AVAILABLE}
2019-08-20 21:14:52,216 [main] INFO  handler.ContextHandler (ContextHandler.java:doStart(781)) - Started o.e.j.s.ServletContextHandler@7f3616d2{/static,jar:file:/home/user/.m2/repository/org/apache/hadoop/hadoop-hdds-container-service/0.5.0-SNAPSHOT/hadoop-hdds-container-service-0.5.0-SNAPSHOT.jar!/webapps/static,AVAILABLE}
2019-08-20 21:14:52,249 [main] INFO  handler.ContextHandler (ContextHandler.java:doStart(781)) - Started o.e.j.w.WebAppContext@29922188{/,file:///tmp/jetty-0.0.0.0-36595-hddsDatanode-_-any-1826175637051740586.dir/webapp/,AVAILABLE}{/hddsDatanode}
2019-08-20 21:14:52,250 [main] INFO  server.AbstractConnector (AbstractConnector.java:doStart(278)) - Started ServerConnector@6a5ed5f9{HTTP/1.1,[http/1.1]}{0.0.0.0:36595}
2019-08-20 21:14:52,251 [main] INFO  server.Server (Server.java:doStart(419)) - Started @628914ms
2019-08-20 21:14:52,252 [main] INFO  server.BaseHttpServer (BaseHttpServer.java:updateConnectorAddress(213)) - HTTP server of HDDSDATANODE is listening at http://0.0.0.0:36595
2019-08-20 21:14:52,555 | INFO  | ObjectStoreRestHttpServer | Listening HDDS REST traffic on /0.0.0.0:37445 |  
2019-08-20 21:14:52,556 [main] INFO  ozone.HddsDatanodeService (HddsDatanodeService.java:startPlugins(395)) - Started plug-in org.apache.hadoop.ozone.web.OzoneHddsDatanodeService@316975be
2019-08-20 21:14:52,556 [main] INFO  impl.MetricsSystemImpl (MetricsSystemImpl.java:init(158)) - HddsDatanode metrics system started (again)
2019-08-20 21:14:52,559 [org.apache.hadoop.util.JvmPauseMonitor$Monitor@80e670b] INFO  util.JvmPauseMonitor (JvmPauseMonitor.java:run(188)) - Starting JVM pause monitor
2019-08-20 21:14:52,559 [main] INFO  ozone.HddsDatanodeService (HddsDatanodeService.java:start(184)) - HddsDatanodeService host:pr-hdds-1973-z7hz4-2971538320 ip:192.168.34.22
2019-08-20 21:14:52,560 [Datanode State Machine Thread - 0] INFO  datanode.InitDatanodeState (InitDatanodeState.java:persistContainerDatanodeDetails(140)) - DatanodeDetails is persisted to /workdir/hadoop-ozone/integration-test/target/test-dir/MiniOzoneClusterImpl-8c73d54b-95bd-449d-9cb4-8faeda19692d/datanode-3/meta/datanode.id
2019-08-20 21:14:52,568 [main] INFO  volume.HddsVolume (HddsVolume.java:<init>(176)) - Creating Volume: /workdir/hadoop-ozone/integration-test/target/test-dir/MiniOzoneClusterImpl-8c73d54b-95bd-449d-9cb4-8faeda19692d/datanode-4/data/containers/hdds of  storage type : DISK and capacity : 1482555576320
2019-08-20 21:14:52,568 [main] INFO  volume.VolumeSet (VolumeSet.java:initializeVolumeSet(170)) - Added Volume : /workdir/hadoop-ozone/integration-test/target/test-dir/MiniOzoneClusterImpl-8c73d54b-95bd-449d-9cb4-8faeda19692d/datanode-4/data/containers/hdds to VolumeSet
2019-08-20 21:14:52,568 [main] INFO  volume.ThrottledAsyncChecker (ThrottledAsyncChecker.java:schedule(140)) - Scheduling a check for org.apache.hadoop.ozone.container.common.volume.HddsVolume@1398e3aa
2019-08-20 21:14:52,569 [main] INFO  volume.HddsVolumeChecker (HddsVolumeChecker.java:checkAllVolumes(203)) - Scheduled health check for volume org.apache.hadoop.ozone.container.common.volume.HddsVolume@1398e3aa
2019-08-20 21:14:52,581 [main] INFO  impl.RaftServerProxy (ConfUtils.java:logGet(43)) - raft.rpc.type = GRPC (default)
2019-08-20 21:14:52,581 [main] INFO  grpc.GrpcFactory (GrpcFactory.java:checkPooledByteBufAllocatorUseCacheForAllThreads(45)) - PERFORMANCE WARNING: useCacheForAllThreads is true that may cause Netty to create a lot garbage objects and, as a result, trigger GC.
	It is recommended to disable useCacheForAllThreads by setting -Dorg.apache.ratis.thirdparty.io.netty.allocator.useCacheForAllThreads=false in command line.
2019-08-20 21:14:52,581 [main] INFO  grpc.GrpcConfigKeys$Server (ConfUtils.java:logGet(43)) - raft.grpc.server.port = 0 (default)
2019-08-20 21:14:52,581 [main] INFO  server.GrpcService (ConfUtils.java:logGet(43)) - raft.grpc.message.size.max = 33570816 (custom)
2019-08-20 21:14:52,582 [main] INFO  server.RaftServerConfigKeys (ConfUtils.java:logGet(43)) - raft.server.log.appender.buffer.byte-limit = 33554432 (custom)
2019-08-20 21:14:52,582 [main] INFO  server.GrpcService (ConfUtils.java:logGet(43)) - raft.grpc.flow.control.window = 1MB (=1048576) (default)
2019-08-20 21:14:52,582 [main] INFO  server.RaftServerConfigKeys (ConfUtils.java:logGet(43)) - raft.server.rpc.request.timeout = 3000ms (default)
2019-08-20 21:14:52,582 [main] INFO  server.RaftServerConfigKeys (ConfUtils.java:logGet(43)) - raft.server.storage.dir = [/workdir/hadoop-ozone/integration-test/target/test-dir/MiniOzoneClusterImpl-8c73d54b-95bd-449d-9cb4-8faeda19692d/datanode-4/data/ratis] (custom)
2019-08-20 21:14:52,583 [main] INFO  replication.SimpleContainerDownloader (SimpleContainerDownloader.java:<init>(72)) - Starting container downloader service to copy containers to replicate.
2019-08-20 21:14:52,584 [main] INFO  hdfs.DFSUtil (DFSUtil.java:httpServerTemplateForNNAndJN(1641)) - Starting Web-server for hddsDatanode at: http://0.0.0.0:0
2019-08-20 21:14:52,586 [main] INFO  server.AuthenticationFilter (AuthenticationFilter.java:constructSecretProvider(240)) - Unable to initialize FileSignerSecretProvider, falling back to use random secrets.
2019-08-20 21:14:52,586 [main] WARN  http.HttpRequestLog (HttpRequestLog.java:getRequestLog(97)) - Jetty request log can only be enabled using Log4j
2019-08-20 21:14:52,588 [main] INFO  http.HttpServer2 (HttpServer2.java:addGlobalFilter(975)) - Added global filter 'safety' (class=org.apache.hadoop.http.HttpServer2$QuotingInputFilter)
2019-08-20 21:14:52,589 [main] INFO  http.HttpServer2 (HttpServer2.java:addFilter(948)) - Added filter static_user_filter (class=org.apache.hadoop.http.lib.StaticUserWebFilter$StaticUserFilter) to context hddsDatanode
2019-08-20 21:14:52,589 [main] INFO  http.HttpServer2 (HttpServer2.java:addFilter(958)) - Added filter static_user_filter (class=org.apache.hadoop.http.lib.StaticUserWebFilter$StaticUserFilter) to context static
2019-08-20 21:14:52,589 [main] INFO  http.HttpServer2 (HttpServer2.java:addFilter(958)) - Added filter static_user_filter (class=org.apache.hadoop.http.lib.StaticUserWebFilter$StaticUserFilter) to context logs
2019-08-20 21:14:52,590 [main] INFO  http.HttpServer2 (HttpServer2.java:bindListener(1191)) - Jetty bound to port 46471
2019-08-20 21:14:52,590 [main] INFO  server.Server (Server.java:doStart(351)) - jetty-9.3.24.v20180605, build timestamp: 2018-06-05T17:11:56Z, git hash: 84205aa28f11a4f31f2a3b86d1bba2cc8ab69827
2019-08-20 21:14:52,592 [main] INFO  handler.ContextHandler (ContextHandler.java:doStart(781)) - Started o.e.j.s.ServletContextHandler@150eab74{/logs,file:///workdir/hadoop-ozone/integration-test/target/log,AVAILABLE}
2019-08-20 21:14:52,593 [main] INFO  handler.ContextHandler (ContextHandler.java:doStart(781)) - Started o.e.j.s.ServletContextHandler@43f670f3{/static,jar:file:/home/user/.m2/repository/org/apache/hadoop/hadoop-hdds-container-service/0.5.0-SNAPSHOT/hadoop-hdds-container-service-0.5.0-SNAPSHOT.jar!/webapps/static,AVAILABLE}
2019-08-20 21:14:52,634 [main] INFO  handler.ContextHandler (ContextHandler.java:doStart(781)) - Started o.e.j.w.WebAppContext@71b9b035{/,file:///tmp/jetty-0.0.0.0-46471-hddsDatanode-_-any-2894422555876697886.dir/webapp/,AVAILABLE}{/hddsDatanode}
2019-08-20 21:14:52,634 [main] INFO  server.AbstractConnector (AbstractConnector.java:doStart(278)) - Started ServerConnector@7669d7a2{HTTP/1.1,[http/1.1]}{0.0.0.0:46471}
2019-08-20 21:14:52,636 [main] INFO  server.Server (Server.java:doStart(419)) - Started @629299ms
2019-08-20 21:14:52,637 [main] INFO  server.BaseHttpServer (BaseHttpServer.java:updateConnectorAddress(213)) - HTTP server of HDDSDATANODE is listening at http://0.0.0.0:46471
2019-08-20 21:14:52,753 | INFO  | ObjectStoreRestHttpServer | Listening HDDS REST traffic on /0.0.0.0:35534 |  
2019-08-20 21:14:52,753 [main] INFO  ozone.HddsDatanodeService (HddsDatanodeService.java:startPlugins(395)) - Started plug-in org.apache.hadoop.ozone.web.OzoneHddsDatanodeService@65977161
2019-08-20 21:14:52,753 [main] INFO  impl.MetricsSystemImpl (MetricsSystemImpl.java:init(158)) - HddsDatanode metrics system started (again)
2019-08-20 21:14:52,757 [org.apache.hadoop.util.JvmPauseMonitor$Monitor@3b95bf0e] INFO  util.JvmPauseMonitor (JvmPauseMonitor.java:run(188)) - Starting JVM pause monitor
2019-08-20 21:14:52,758 [main] INFO  ozone.HddsDatanodeService (HddsDatanodeService.java:start(184)) - HddsDatanodeService host:pr-hdds-1973-z7hz4-2971538320 ip:192.168.34.22
2019-08-20 21:14:52,758 [Datanode State Machine Thread - 0] INFO  datanode.InitDatanodeState (InitDatanodeState.java:persistContainerDatanodeDetails(140)) - DatanodeDetails is persisted to /workdir/hadoop-ozone/integration-test/target/test-dir/MiniOzoneClusterImpl-8c73d54b-95bd-449d-9cb4-8faeda19692d/datanode-4/meta/datanode.id
2019-08-20 21:14:52,772 [main] INFO  volume.HddsVolume (HddsVolume.java:<init>(176)) - Creating Volume: /workdir/hadoop-ozone/integration-test/target/test-dir/MiniOzoneClusterImpl-8c73d54b-95bd-449d-9cb4-8faeda19692d/datanode-5/data/containers/hdds of  storage type : DISK and capacity : 1482555576320
2019-08-20 21:14:52,773 [main] INFO  volume.VolumeSet (VolumeSet.java:initializeVolumeSet(170)) - Added Volume : /workdir/hadoop-ozone/integration-test/target/test-dir/MiniOzoneClusterImpl-8c73d54b-95bd-449d-9cb4-8faeda19692d/datanode-5/data/containers/hdds to VolumeSet
2019-08-20 21:14:52,773 [main] INFO  volume.ThrottledAsyncChecker (ThrottledAsyncChecker.java:schedule(140)) - Scheduling a check for org.apache.hadoop.ozone.container.common.volume.HddsVolume@6c758c74
2019-08-20 21:14:52,773 [main] INFO  volume.HddsVolumeChecker (HddsVolumeChecker.java:checkAllVolumes(203)) - Scheduled health check for volume org.apache.hadoop.ozone.container.common.volume.HddsVolume@6c758c74
2019-08-20 21:14:52,788 [main] INFO  impl.RaftServerProxy (ConfUtils.java:logGet(43)) - raft.rpc.type = GRPC (default)
2019-08-20 21:14:52,788 [main] INFO  grpc.GrpcFactory (GrpcFactory.java:checkPooledByteBufAllocatorUseCacheForAllThreads(45)) - PERFORMANCE WARNING: useCacheForAllThreads is true that may cause Netty to create a lot garbage objects and, as a result, trigger GC.
	It is recommended to disable useCacheForAllThreads by setting -Dorg.apache.ratis.thirdparty.io.netty.allocator.useCacheForAllThreads=false in command line.
2019-08-20 21:14:52,788 [main] INFO  grpc.GrpcConfigKeys$Server (ConfUtils.java:logGet(43)) - raft.grpc.server.port = 0 (default)
2019-08-20 21:14:52,789 [main] INFO  server.GrpcService (ConfUtils.java:logGet(43)) - raft.grpc.message.size.max = 33570816 (custom)
2019-08-20 21:14:52,789 [main] INFO  server.RaftServerConfigKeys (ConfUtils.java:logGet(43)) - raft.server.log.appender.buffer.byte-limit = 33554432 (custom)
2019-08-20 21:14:52,789 [main] INFO  server.GrpcService (ConfUtils.java:logGet(43)) - raft.grpc.flow.control.window = 1MB (=1048576) (default)
2019-08-20 21:14:52,789 [main] INFO  server.RaftServerConfigKeys (ConfUtils.java:logGet(43)) - raft.server.rpc.request.timeout = 3000ms (default)
2019-08-20 21:14:52,790 [main] INFO  server.RaftServerConfigKeys (ConfUtils.java:logGet(43)) - raft.server.storage.dir = [/workdir/hadoop-ozone/integration-test/target/test-dir/MiniOzoneClusterImpl-8c73d54b-95bd-449d-9cb4-8faeda19692d/datanode-5/data/ratis] (custom)
2019-08-20 21:14:52,790 [main] INFO  replication.SimpleContainerDownloader (SimpleContainerDownloader.java:<init>(72)) - Starting container downloader service to copy containers to replicate.
2019-08-20 21:14:52,791 [main] INFO  hdfs.DFSUtil (DFSUtil.java:httpServerTemplateForNNAndJN(1641)) - Starting Web-server for hddsDatanode at: http://0.0.0.0:0
2019-08-20 21:14:52,793 [main] INFO  server.AuthenticationFilter (AuthenticationFilter.java:constructSecretProvider(240)) - Unable to initialize FileSignerSecretProvider, falling back to use random secrets.
2019-08-20 21:14:52,793 [main] WARN  http.HttpRequestLog (HttpRequestLog.java:getRequestLog(97)) - Jetty request log can only be enabled using Log4j
2019-08-20 21:14:52,794 [main] INFO  http.HttpServer2 (HttpServer2.java:addGlobalFilter(975)) - Added global filter 'safety' (class=org.apache.hadoop.http.HttpServer2$QuotingInputFilter)
2019-08-20 21:14:52,795 [main] INFO  http.HttpServer2 (HttpServer2.java:addFilter(948)) - Added filter static_user_filter (class=org.apache.hadoop.http.lib.StaticUserWebFilter$StaticUserFilter) to context hddsDatanode
2019-08-20 21:14:52,795 [main] INFO  http.HttpServer2 (HttpServer2.java:addFilter(958)) - Added filter static_user_filter (class=org.apache.hadoop.http.lib.StaticUserWebFilter$StaticUserFilter) to context logs
2019-08-20 21:14:52,795 [main] INFO  http.HttpServer2 (HttpServer2.java:addFilter(958)) - Added filter static_user_filter (class=org.apache.hadoop.http.lib.StaticUserWebFilter$StaticUserFilter) to context static
2019-08-20 21:14:52,795 [main] INFO  http.HttpServer2 (HttpServer2.java:bindListener(1191)) - Jetty bound to port 33668
2019-08-20 21:14:52,796 [main] INFO  server.Server (Server.java:doStart(351)) - jetty-9.3.24.v20180605, build timestamp: 2018-06-05T17:11:56Z, git hash: 84205aa28f11a4f31f2a3b86d1bba2cc8ab69827
2019-08-20 21:14:52,797 [main] INFO  handler.ContextHandler (ContextHandler.java:doStart(781)) - Started o.e.j.s.ServletContextHandler@988eae9{/logs,file:///workdir/hadoop-ozone/integration-test/target/log,AVAILABLE}
2019-08-20 21:14:52,797 [main] INFO  handler.ContextHandler (ContextHandler.java:doStart(781)) - Started o.e.j.s.ServletContextHandler@1cfa5e46{/static,jar:file:/home/user/.m2/repository/org/apache/hadoop/hadoop-hdds-container-service/0.5.0-SNAPSHOT/hadoop-hdds-container-service-0.5.0-SNAPSHOT.jar!/webapps/static,AVAILABLE}
2019-08-20 21:14:52,832 [main] INFO  handler.ContextHandler (ContextHandler.java:doStart(781)) - Started o.e.j.w.WebAppContext@ab40f46{/,file:///tmp/jetty-0.0.0.0-33668-hddsDatanode-_-any-3881535796372787936.dir/webapp/,AVAILABLE}{/hddsDatanode}
2019-08-20 21:14:52,833 [main] INFO  server.AbstractConnector (AbstractConnector.java:doStart(278)) - Started ServerConnector@13ac7281{HTTP/1.1,[http/1.1]}{0.0.0.0:33668}
2019-08-20 21:14:52,834 [main] INFO  server.Server (Server.java:doStart(419)) - Started @629497ms
2019-08-20 21:14:52,835 [main] INFO  server.BaseHttpServer (BaseHttpServer.java:updateConnectorAddress(213)) - HTTP server of HDDSDATANODE is listening at http://0.0.0.0:33668
2019-08-20 21:14:52,955 | INFO  | ObjectStoreRestHttpServer | Listening HDDS REST traffic on /0.0.0.0:33100 |  
2019-08-20 21:14:52,955 [main] INFO  ozone.HddsDatanodeService (HddsDatanodeService.java:startPlugins(395)) - Started plug-in org.apache.hadoop.ozone.web.OzoneHddsDatanodeService@6921e251
2019-08-20 21:14:52,955 [main] INFO  impl.MetricsSystemImpl (MetricsSystemImpl.java:init(158)) - HddsDatanode metrics system started (again)
2019-08-20 21:14:52,959 [org.apache.hadoop.util.JvmPauseMonitor$Monitor@675aabf6] INFO  util.JvmPauseMonitor (JvmPauseMonitor.java:run(188)) - Starting JVM pause monitor
2019-08-20 21:14:52,959 [main] INFO  ozone.HddsDatanodeService (HddsDatanodeService.java:start(184)) - HddsDatanodeService host:pr-hdds-1973-z7hz4-2971538320 ip:192.168.34.22
2019-08-20 21:14:52,960 [Datanode State Machine Thread - 0] INFO  datanode.InitDatanodeState (InitDatanodeState.java:persistContainerDatanodeDetails(140)) - DatanodeDetails is persisted to /workdir/hadoop-ozone/integration-test/target/test-dir/MiniOzoneClusterImpl-8c73d54b-95bd-449d-9cb4-8faeda19692d/datanode-5/meta/datanode.id
2019-08-20 21:14:52,968 [main] INFO  volume.HddsVolume (HddsVolume.java:<init>(176)) - Creating Volume: /workdir/hadoop-ozone/integration-test/target/test-dir/MiniOzoneClusterImpl-8c73d54b-95bd-449d-9cb4-8faeda19692d/datanode-6/data/containers/hdds of  storage type : DISK and capacity : 1482555576320
2019-08-20 21:14:52,969 [main] INFO  volume.VolumeSet (VolumeSet.java:initializeVolumeSet(170)) - Added Volume : /workdir/hadoop-ozone/integration-test/target/test-dir/MiniOzoneClusterImpl-8c73d54b-95bd-449d-9cb4-8faeda19692d/datanode-6/data/containers/hdds to VolumeSet
2019-08-20 21:14:52,969 [main] INFO  volume.ThrottledAsyncChecker (ThrottledAsyncChecker.java:schedule(140)) - Scheduling a check for org.apache.hadoop.ozone.container.common.volume.HddsVolume@4947b8a7
2019-08-20 21:14:52,969 [main] INFO  volume.HddsVolumeChecker (HddsVolumeChecker.java:checkAllVolumes(203)) - Scheduled health check for volume org.apache.hadoop.ozone.container.common.volume.HddsVolume@4947b8a7
2019-08-20 21:14:52,983 [main] INFO  impl.RaftServerProxy (ConfUtils.java:logGet(43)) - raft.rpc.type = GRPC (default)
2019-08-20 21:14:52,983 [main] INFO  grpc.GrpcFactory (GrpcFactory.java:checkPooledByteBufAllocatorUseCacheForAllThreads(45)) - PERFORMANCE WARNING: useCacheForAllThreads is true that may cause Netty to create a lot garbage objects and, as a result, trigger GC.
	It is recommended to disable useCacheForAllThreads by setting -Dorg.apache.ratis.thirdparty.io.netty.allocator.useCacheForAllThreads=false in command line.
2019-08-20 21:14:52,983 [main] INFO  grpc.GrpcConfigKeys$Server (ConfUtils.java:logGet(43)) - raft.grpc.server.port = 0 (default)
2019-08-20 21:14:52,983 [main] INFO  server.GrpcService (ConfUtils.java:logGet(43)) - raft.grpc.message.size.max = 33570816 (custom)
2019-08-20 21:14:52,983 [main] INFO  server.RaftServerConfigKeys (ConfUtils.java:logGet(43)) - raft.server.log.appender.buffer.byte-limit = 33554432 (custom)
2019-08-20 21:14:52,984 [main] INFO  server.GrpcService (ConfUtils.java:logGet(43)) - raft.grpc.flow.control.window = 1MB (=1048576) (default)
2019-08-20 21:14:52,984 [main] INFO  server.RaftServerConfigKeys (ConfUtils.java:logGet(43)) - raft.server.rpc.request.timeout = 3000ms (default)
2019-08-20 21:14:52,984 [main] INFO  server.RaftServerConfigKeys (ConfUtils.java:logGet(43)) - raft.server.storage.dir = [/workdir/hadoop-ozone/integration-test/target/test-dir/MiniOzoneClusterImpl-8c73d54b-95bd-449d-9cb4-8faeda19692d/datanode-6/data/ratis] (custom)
2019-08-20 21:14:52,985 [main] INFO  replication.SimpleContainerDownloader (SimpleContainerDownloader.java:<init>(72)) - Starting container downloader service to copy containers to replicate.
2019-08-20 21:14:52,986 [main] INFO  hdfs.DFSUtil (DFSUtil.java:httpServerTemplateForNNAndJN(1641)) - Starting Web-server for hddsDatanode at: http://0.0.0.0:0
2019-08-20 21:14:52,987 [main] INFO  server.AuthenticationFilter (AuthenticationFilter.java:constructSecretProvider(240)) - Unable to initialize FileSignerSecretProvider, falling back to use random secrets.
2019-08-20 21:14:52,987 [main] WARN  http.HttpRequestLog (HttpRequestLog.java:getRequestLog(97)) - Jetty request log can only be enabled using Log4j
2019-08-20 21:14:52,988 [main] INFO  http.HttpServer2 (HttpServer2.java:addGlobalFilter(975)) - Added global filter 'safety' (class=org.apache.hadoop.http.HttpServer2$QuotingInputFilter)
2019-08-20 21:14:52,989 [main] INFO  http.HttpServer2 (HttpServer2.java:addFilter(948)) - Added filter static_user_filter (class=org.apache.hadoop.http.lib.StaticUserWebFilter$StaticUserFilter) to context hddsDatanode
2019-08-20 21:14:52,989 [main] INFO  http.HttpServer2 (HttpServer2.java:addFilter(958)) - Added filter static_user_filter (class=org.apache.hadoop.http.lib.StaticUserWebFilter$StaticUserFilter) to context logs
2019-08-20 21:14:52,989 [main] INFO  http.HttpServer2 (HttpServer2.java:addFilter(958)) - Added filter static_user_filter (class=org.apache.hadoop.http.lib.StaticUserWebFilter$StaticUserFilter) to context static
2019-08-20 21:14:52,989 [main] INFO  http.HttpServer2 (HttpServer2.java:bindListener(1191)) - Jetty bound to port 40295
2019-08-20 21:14:52,990 [main] INFO  server.Server (Server.java:doStart(351)) - jetty-9.3.24.v20180605, build timestamp: 2018-06-05T17:11:56Z, git hash: 84205aa28f11a4f31f2a3b86d1bba2cc8ab69827
2019-08-20 21:14:52,991 [main] INFO  handler.ContextHandler (ContextHandler.java:doStart(781)) - Started o.e.j.s.ServletContextHandler@44b860b1{/logs,file:///workdir/hadoop-ozone/integration-test/target/log,AVAILABLE}
2019-08-20 21:14:52,991 [main] INFO  handler.ContextHandler (ContextHandler.java:doStart(781)) - Started o.e.j.s.ServletContextHandler@3f27a95b{/static,jar:file:/home/user/.m2/repository/org/apache/hadoop/hadoop-hdds-container-service/0.5.0-SNAPSHOT/hadoop-hdds-container-service-0.5.0-SNAPSHOT.jar!/webapps/static,AVAILABLE}
2019-08-20 21:14:53,017 [main] INFO  handler.ContextHandler (ContextHandler.java:doStart(781)) - Started o.e.j.w.WebAppContext@5127de08{/,file:///tmp/jetty-0.0.0.0-40295-hddsDatanode-_-any-3742571598510476070.dir/webapp/,AVAILABLE}{/hddsDatanode}
2019-08-20 21:14:53,018 [main] INFO  server.AbstractConnector (AbstractConnector.java:doStart(278)) - Started ServerConnector@259fb8f5{HTTP/1.1,[http/1.1]}{0.0.0.0:40295}
2019-08-20 21:14:53,018 [main] INFO  server.Server (Server.java:doStart(419)) - Started @629681ms
2019-08-20 21:14:53,037 [main] INFO  server.BaseHttpServer (BaseHttpServer.java:updateConnectorAddress(213)) - HTTP server of HDDSDATANODE is listening at http://0.0.0.0:40295
2019-08-20 21:14:53,195 | INFO  | ObjectStoreRestHttpServer | Listening HDDS REST traffic on /0.0.0.0:35952 |  
2019-08-20 21:14:53,195 [main] INFO  ozone.HddsDatanodeService (HddsDatanodeService.java:startPlugins(395)) - Started plug-in org.apache.hadoop.ozone.web.OzoneHddsDatanodeService@41861964
2019-08-20 21:14:53,196 [main] INFO  ozone.MiniOzoneClusterImpl (MiniOzoneClusterImpl.java:lambda$waitForClusterToBeReady$0(142)) - Waiting for cluster to be ready. Got 0 of 7 DN Heartbeats.
2019-08-20 21:14:53,197 [org.apache.hadoop.util.JvmPauseMonitor$Monitor@5fd91663] INFO  util.JvmPauseMonitor (JvmPauseMonitor.java:run(188)) - Starting JVM pause monitor
2019-08-20 21:14:53,197 [Datanode State Machine Thread - 0] INFO  datanode.InitDatanodeState (InitDatanodeState.java:persistContainerDatanodeDetails(140)) - DatanodeDetails is persisted to /workdir/hadoop-ozone/integration-test/target/test-dir/MiniOzoneClusterImpl-8c73d54b-95bd-449d-9cb4-8faeda19692d/datanode-6/meta/datanode.id
2019-08-20 21:14:53,802 | INFO  | SCMAudit | user=jenkins1000 | ip=192.168.34.22 | op=GET_VERSION null | ret=SUCCESS |  
2019-08-20 21:14:53,839 [Datanode State Machine Thread - 0] INFO  ozoneimpl.OzoneContainer (OzoneContainer.java:start(186)) - Attempting to start container services.
2019-08-20 21:14:53,839 [Datanode State Machine Thread - 0] INFO  ozoneimpl.OzoneContainer (OzoneContainer.java:startContainerScrub(160)) - Background container scrubber has been disabled by hdds.containerscrub.enabled
2019-08-20 21:14:53,840 [Datanode State Machine Thread - 0] INFO  ratis.XceiverServerRatis (XceiverServerRatis.java:start(404)) - Starting XceiverServerRatis 513741be-bb9c-4b44-a92d-df6c353b58d2 at port 0
2019-08-20 21:14:53,844 [Datanode State Machine Thread - 0] INFO  impl.RaftServerProxy (RaftServerProxy.java:lambda$start$3(299)) - 513741be-bb9c-4b44-a92d-df6c353b58d2: start RPC server
2019-08-20 21:14:53,846 [Datanode State Machine Thread - 0] INFO  server.GrpcService (GrpcService.java:startImpl(149)) - 513741be-bb9c-4b44-a92d-df6c353b58d2: GrpcService started, listening on 0.0.0.0/0.0.0.0:39811
2019-08-20 21:14:53,846 [Datanode State Machine Thread - 0] INFO  ratis.XceiverServerRatis (XceiverServerRatis.java:start(414)) - XceiverServerRatis 513741be-bb9c-4b44-a92d-df6c353b58d2 is started using port 39811
2019-08-20 21:14:53,846 [Datanode State Machine Thread - 0] INFO  server.XceiverServerGrpc (XceiverServerGrpc.java:start(161)) - XceiverServerGrpc 513741be-bb9c-4b44-a92d-df6c353b58d2 is started using port 45239
2019-08-20 21:14:53,978 | INFO  | SCMAudit | user=jenkins1000 | ip=192.168.34.22 | op=GET_VERSION null | ret=SUCCESS |  
2019-08-20 21:14:53,993 [Datanode State Machine Thread - 0] INFO  ozoneimpl.OzoneContainer (OzoneContainer.java:start(186)) - Attempting to start container services.
2019-08-20 21:14:53,993 [Datanode State Machine Thread - 0] INFO  ozoneimpl.OzoneContainer (OzoneContainer.java:startContainerScrub(160)) - Background container scrubber has been disabled by hdds.containerscrub.enabled
2019-08-20 21:14:53,993 [Datanode State Machine Thread - 0] INFO  ratis.XceiverServerRatis (XceiverServerRatis.java:start(404)) - Starting XceiverServerRatis 05488788-9b27-429d-ba76-e196dab11564 at port 0
2019-08-20 21:14:53,998 [Datanode State Machine Thread - 0] INFO  impl.RaftServerProxy (RaftServerProxy.java:lambda$start$3(299)) - 05488788-9b27-429d-ba76-e196dab11564: start RPC server
2019-08-20 21:14:53,999 [Datanode State Machine Thread - 0] INFO  server.GrpcService (GrpcService.java:startImpl(149)) - 05488788-9b27-429d-ba76-e196dab11564: GrpcService started, listening on 0.0.0.0/0.0.0.0:34797
2019-08-20 21:14:53,999 [Datanode State Machine Thread - 0] INFO  ratis.XceiverServerRatis (XceiverServerRatis.java:start(414)) - XceiverServerRatis 05488788-9b27-429d-ba76-e196dab11564 is started using port 34797
2019-08-20 21:14:54,001 [Datanode State Machine Thread - 0] INFO  server.XceiverServerGrpc (XceiverServerGrpc.java:start(161)) - XceiverServerGrpc 05488788-9b27-429d-ba76-e196dab11564 is started using port 37861
2019-08-20 21:14:54,177 | INFO  | SCMAudit | user=jenkins1000 | ip=192.168.34.22 | op=GET_VERSION null | ret=SUCCESS |  
2019-08-20 21:14:54,196 [main] INFO  ozone.MiniOzoneClusterImpl (MiniOzoneClusterImpl.java:lambda$waitForClusterToBeReady$0(142)) - Waiting for cluster to be ready. Got 0 of 7 DN Heartbeats.
2019-08-20 21:14:54,202 [Datanode State Machine Thread - 0] INFO  ozoneimpl.OzoneContainer (OzoneContainer.java:start(186)) - Attempting to start container services.
2019-08-20 21:14:54,203 [Datanode State Machine Thread - 0] INFO  ozoneimpl.OzoneContainer (OzoneContainer.java:startContainerScrub(160)) - Background container scrubber has been disabled by hdds.containerscrub.enabled
2019-08-20 21:14:54,203 [Datanode State Machine Thread - 0] INFO  ratis.XceiverServerRatis (XceiverServerRatis.java:start(404)) - Starting XceiverServerRatis 0682f0bd-ffd8-48c0-b0ba-6106fa582228 at port 0
2019-08-20 21:14:54,208 [Datanode State Machine Thread - 0] INFO  impl.RaftServerProxy (RaftServerProxy.java:lambda$start$3(299)) - 0682f0bd-ffd8-48c0-b0ba-6106fa582228: start RPC server
2019-08-20 21:14:54,209 [Datanode State Machine Thread - 0] INFO  server.GrpcService (GrpcService.java:startImpl(149)) - 0682f0bd-ffd8-48c0-b0ba-6106fa582228: GrpcService started, listening on 0.0.0.0/0.0.0.0:45847
2019-08-20 21:14:54,209 [Datanode State Machine Thread - 0] INFO  ratis.XceiverServerRatis (XceiverServerRatis.java:start(414)) - XceiverServerRatis 0682f0bd-ffd8-48c0-b0ba-6106fa582228 is started using port 45847
2019-08-20 21:14:54,215 [Datanode State Machine Thread - 0] INFO  server.XceiverServerGrpc (XceiverServerGrpc.java:start(161)) - XceiverServerGrpc 0682f0bd-ffd8-48c0-b0ba-6106fa582228 is started using port 43942
2019-08-20 21:14:54,560 | INFO  | SCMAudit | user=jenkins1000 | ip=192.168.34.22 | op=GET_VERSION null | ret=SUCCESS |  
2019-08-20 21:14:54,585 [Datanode State Machine Thread - 0] INFO  ozoneimpl.OzoneContainer (OzoneContainer.java:start(186)) - Attempting to start container services.
2019-08-20 21:14:54,586 [Datanode State Machine Thread - 0] INFO  ozoneimpl.OzoneContainer (OzoneContainer.java:startContainerScrub(160)) - Background container scrubber has been disabled by hdds.containerscrub.enabled
2019-08-20 21:14:54,586 [Datanode State Machine Thread - 0] INFO  ratis.XceiverServerRatis (XceiverServerRatis.java:start(404)) - Starting XceiverServerRatis b918b925-974f-4261-bde0-42b23f02a612 at port 0
2019-08-20 21:14:54,591 [Datanode State Machine Thread - 0] INFO  impl.RaftServerProxy (RaftServerProxy.java:lambda$start$3(299)) - b918b925-974f-4261-bde0-42b23f02a612: start RPC server
2019-08-20 21:14:54,594 [Datanode State Machine Thread - 0] INFO  server.GrpcService (GrpcService.java:startImpl(149)) - b918b925-974f-4261-bde0-42b23f02a612: GrpcService started, listening on 0.0.0.0/0.0.0.0:40857
2019-08-20 21:14:54,594 [Datanode State Machine Thread - 0] INFO  ratis.XceiverServerRatis (XceiverServerRatis.java:start(414)) - XceiverServerRatis b918b925-974f-4261-bde0-42b23f02a612 is started using port 40857
2019-08-20 21:14:54,595 [Datanode State Machine Thread - 0] INFO  server.XceiverServerGrpc (XceiverServerGrpc.java:start(161)) - XceiverServerGrpc b918b925-974f-4261-bde0-42b23f02a612 is started using port 41831
2019-08-20 21:14:54,757 | INFO  | SCMAudit | user=jenkins1000 | ip=192.168.34.22 | op=GET_VERSION null | ret=SUCCESS |  
2019-08-20 21:14:54,782 [Datanode State Machine Thread - 0] INFO  ozoneimpl.OzoneContainer (OzoneContainer.java:start(186)) - Attempting to start container services.
2019-08-20 21:14:54,782 [Datanode State Machine Thread - 0] INFO  ozoneimpl.OzoneContainer (OzoneContainer.java:startContainerScrub(160)) - Background container scrubber has been disabled by hdds.containerscrub.enabled
2019-08-20 21:14:54,782 [Datanode State Machine Thread - 0] INFO  ratis.XceiverServerRatis (XceiverServerRatis.java:start(404)) - Starting XceiverServerRatis 7d335ae0-aa74-4335-afe9-a2c1bf276fed at port 0
2019-08-20 21:14:54,787 [Datanode State Machine Thread - 0] INFO  impl.RaftServerProxy (RaftServerProxy.java:lambda$start$3(299)) - 7d335ae0-aa74-4335-afe9-a2c1bf276fed: start RPC server
2019-08-20 21:14:54,791 [Datanode State Machine Thread - 0] INFO  server.GrpcService (GrpcService.java:startImpl(149)) - 7d335ae0-aa74-4335-afe9-a2c1bf276fed: GrpcService started, listening on 0.0.0.0/0.0.0.0:41842
2019-08-20 21:14:54,791 [Datanode State Machine Thread - 0] INFO  ratis.XceiverServerRatis (XceiverServerRatis.java:start(414)) - XceiverServerRatis 7d335ae0-aa74-4335-afe9-a2c1bf276fed is started using port 41842
2019-08-20 21:14:54,793 [Datanode State Machine Thread - 0] INFO  server.XceiverServerGrpc (XceiverServerGrpc.java:start(161)) - XceiverServerGrpc 7d335ae0-aa74-4335-afe9-a2c1bf276fed is started using port 46804
2019-08-20 21:14:54,960 | INFO  | SCMAudit | user=jenkins1000 | ip=192.168.34.22 | op=GET_VERSION null | ret=SUCCESS |  
2019-08-20 21:14:54,976 [Datanode State Machine Thread - 0] INFO  ozoneimpl.OzoneContainer (OzoneContainer.java:start(186)) - Attempting to start container services.
2019-08-20 21:14:54,976 [Datanode State Machine Thread - 0] INFO  ozoneimpl.OzoneContainer (OzoneContainer.java:startContainerScrub(160)) - Background container scrubber has been disabled by hdds.containerscrub.enabled
2019-08-20 21:14:54,976 [Datanode State Machine Thread - 0] INFO  ratis.XceiverServerRatis (XceiverServerRatis.java:start(404)) - Starting XceiverServerRatis 32ffa085-9cde-438a-a539-ceb56a7e13bd at port 0
2019-08-20 21:14:54,980 [Datanode State Machine Thread - 0] INFO  impl.RaftServerProxy (RaftServerProxy.java:lambda$start$3(299)) - 32ffa085-9cde-438a-a539-ceb56a7e13bd: start RPC server
2019-08-20 21:14:54,981 [Datanode State Machine Thread - 0] INFO  server.GrpcService (GrpcService.java:startImpl(149)) - 32ffa085-9cde-438a-a539-ceb56a7e13bd: GrpcService started, listening on 0.0.0.0/0.0.0.0:41770
2019-08-20 21:14:54,981 [Datanode State Machine Thread - 0] INFO  ratis.XceiverServerRatis (XceiverServerRatis.java:start(414)) - XceiverServerRatis 32ffa085-9cde-438a-a539-ceb56a7e13bd is started using port 41770
2019-08-20 21:14:54,981 [Datanode State Machine Thread - 0] INFO  server.XceiverServerGrpc (XceiverServerGrpc.java:start(161)) - XceiverServerGrpc 32ffa085-9cde-438a-a539-ceb56a7e13bd is started using port 33091
2019-08-20 21:14:55,196 [main] INFO  ozone.MiniOzoneClusterImpl (MiniOzoneClusterImpl.java:lambda$waitForClusterToBeReady$0(142)) - Waiting for cluster to be ready. Got 0 of 7 DN Heartbeats.
2019-08-20 21:14:55,197 | INFO  | SCMAudit | user=jenkins1000 | ip=192.168.34.22 | op=GET_VERSION null | ret=SUCCESS |  
2019-08-20 21:14:55,212 [Datanode State Machine Thread - 0] INFO  ozoneimpl.OzoneContainer (OzoneContainer.java:start(186)) - Attempting to start container services.
2019-08-20 21:14:55,212 [Datanode State Machine Thread - 0] INFO  ozoneimpl.OzoneContainer (OzoneContainer.java:startContainerScrub(160)) - Background container scrubber has been disabled by hdds.containerscrub.enabled
2019-08-20 21:14:55,212 [Datanode State Machine Thread - 0] INFO  ratis.XceiverServerRatis (XceiverServerRatis.java:start(404)) - Starting XceiverServerRatis 3ff1b751-dcd6-467f-8d2d-86f1da670590 at port 0
2019-08-20 21:14:55,219 [Datanode State Machine Thread - 0] INFO  impl.RaftServerProxy (RaftServerProxy.java:lambda$start$3(299)) - 3ff1b751-dcd6-467f-8d2d-86f1da670590: start RPC server
2019-08-20 21:14:55,234 [Datanode State Machine Thread - 0] INFO  server.GrpcService (GrpcService.java:startImpl(149)) - 3ff1b751-dcd6-467f-8d2d-86f1da670590: GrpcService started, listening on 0.0.0.0/0.0.0.0:42567
2019-08-20 21:14:55,234 [Datanode State Machine Thread - 0] INFO  ratis.XceiverServerRatis (XceiverServerRatis.java:start(414)) - XceiverServerRatis 3ff1b751-dcd6-467f-8d2d-86f1da670590 is started using port 42567
2019-08-20 21:14:55,235 [Datanode State Machine Thread - 0] INFO  server.XceiverServerGrpc (XceiverServerGrpc.java:start(161)) - XceiverServerGrpc 3ff1b751-dcd6-467f-8d2d-86f1da670590 is started using port 35805
2019-08-20 21:14:55,802 [IPC Server handler 2 on 38263] INFO  net.NetworkTopology (NetworkTopologyImpl.java:add(110)) - Added a new node: /default-rack/513741be-bb9c-4b44-a92d-df6c353b58d2
2019-08-20 21:14:55,804 [IPC Server handler 2 on 38263] INFO  node.SCMNodeManager (SCMNodeManager.java:register(273)) - Registered Data node : 513741be-bb9c-4b44-a92d-df6c353b58d2{ip: 192.168.34.22, host: pr-hdds-1973-z7hz4-2971538320, networkLocation: /default-rack, certSerialId: null}
2019-08-20 21:14:55,805 [EventQueue-NodeRegistrationContainerReportForDataNodeSafeModeRule] INFO  safemode.SCMSafeModeManager (DataNodeSafeModeRule.java:process(71)) - SCM in safe mode. 1 DataNodes registered, 1 required.
2019-08-20 21:14:55,805 | INFO  | SCMAudit | user=jenkins1000 | ip=192.168.34.22 | op=REGISTER {datanodeDetails=513741be-bb9c-4b44-a92d-df6c353b58d2{ip: 192.168.34.22, host: pr-hdds-1973-z7hz4-2971538320, networkLocation: /default-rack, certSerialId: null}} | ret=SUCCESS |  
2019-08-20 21:14:55,808 [EventQueue-NodeRegistrationContainerReportForDataNodeSafeModeRule] INFO  safemode.SCMSafeModeManager (SCMSafeModeManager.java:validateSafeModeExitRules(177)) - ScmSafeModeManager, all rules are successfully validated
2019-08-20 21:14:55,808 [EventQueue-NodeRegistrationContainerReportForDataNodeSafeModeRule] INFO  safemode.SCMSafeModeManager (SCMSafeModeManager.java:exitSafeMode(193)) - SCM exiting safe mode.
2019-08-20 21:14:55,815 [grpc-default-executor-4] INFO  impl.RaftServerProxy (RaftServerProxy.java:addNew(89)) - 513741be-bb9c-4b44-a92d-df6c353b58d2: addNew group-70B74190C8C2:[513741be-bb9c-4b44-a92d-df6c353b58d2:192.168.34.22:39811] returns group-70B74190C8C2:java.util.concurrent.CompletableFuture@387caedc[Not completed]
2019-08-20 21:14:55,816 [pool-536-thread-1] INFO  impl.RaftServerImpl (RaftServerImpl.java:<init>(93)) - 513741be-bb9c-4b44-a92d-df6c353b58d2: new RaftServerImpl for group-70B74190C8C2:[513741be-bb9c-4b44-a92d-df6c353b58d2:192.168.34.22:39811] with ContainerStateMachine:uninitialized
2019-08-20 21:14:55,816 [pool-536-thread-1] INFO  server.RaftServerConfigKeys (ConfUtils.java:logGet(43)) - raft.server.rpc.timeout.min = 5s (custom)
2019-08-20 21:14:55,816 [pool-536-thread-1] INFO  server.RaftServerConfigKeys (ConfUtils.java:logGet(43)) - raft.server.rpc.timeout.max = 5200ms (custom)
2019-08-20 21:14:55,816 [pool-536-thread-1] INFO  server.RaftServerConfigKeys (ConfUtils.java:logGet(43)) - raft.server.rpcslowness.timeout = 120s (custom)
2019-08-20 21:14:55,816 [pool-536-thread-1] INFO  server.RaftServerConfigKeys (ConfUtils.java:logGet(43)) - raft.server.sleep.deviation.threshold = 300 (default)
2019-08-20 21:14:55,816 [pool-536-thread-1] INFO  server.RaftServerConfigKeys (ConfUtils.java:logGet(43)) - raft.server.log.appender.install.snapshot.enabled = false (custom)
2019-08-20 21:14:55,816 [pool-536-thread-1] INFO  impl.RaftServerImpl (ServerState.java:<init>(105)) - 513741be-bb9c-4b44-a92d-df6c353b58d2:group-70B74190C8C2 ConfigurationManager, init=-1: [513741be-bb9c-4b44-a92d-df6c353b58d2:192.168.34.22:39811], old=null, confs=<EMPTY_MAP>
2019-08-20 21:14:55,816 [pool-536-thread-1] INFO  server.RaftServerConfigKeys (ConfUtils.java:logGet(43)) - raft.server.storage.dir = [/workdir/hadoop-ozone/integration-test/target/test-dir/MiniOzoneClusterImpl-8c73d54b-95bd-449d-9cb4-8faeda19692d/datanode-0/data/ratis] (custom)
2019-08-20 21:14:55,817 [pool-536-thread-1] INFO  storage.RaftStorageDirectory (RaftStorageDirectory.java:analyzeStorage(246)) - The storage directory /workdir/hadoop-ozone/integration-test/target/test-dir/MiniOzoneClusterImpl-8c73d54b-95bd-449d-9cb4-8faeda19692d/datanode-0/data/ratis/978a8632-0e4e-4827-8fc0-70b74190c8c2 does not exist. Creating ...
2019-08-20 21:14:55,830 [pool-536-thread-1] INFO  storage.RaftStorageDirectory (RaftStorageDirectory.java:tryLock(328)) - Lock on /workdir/hadoop-ozone/integration-test/target/test-dir/MiniOzoneClusterImpl-8c73d54b-95bd-449d-9cb4-8faeda19692d/datanode-0/data/ratis/978a8632-0e4e-4827-8fc0-70b74190c8c2/in_use.lock acquired by nodename 12292@pr-hdds-1973-z7hz4-2971538320
2019-08-20 21:14:55,843 [pool-536-thread-1] INFO  storage.RaftStorage (RaftStorage.java:format(72)) - Storage directory /workdir/hadoop-ozone/integration-test/target/test-dir/MiniOzoneClusterImpl-8c73d54b-95bd-449d-9cb4-8faeda19692d/datanode-0/data/ratis/978a8632-0e4e-4827-8fc0-70b74190c8c2 has been successfully formatted.
2019-08-20 21:14:55,843 [pool-536-thread-1] INFO  ratis.ContainerStateMachine (ContainerStateMachine.java:loadSnapshot(222)) - group-70B74190C8C2: The snapshot info is null. Setting the last applied indexto:(t:0, i:~)
2019-08-20 21:14:55,843 [pool-536-thread-1] INFO  server.RaftServerConfigKeys (ConfUtils.java:logGet(43)) - raft.server.leader.election.timeout = 120s (custom)
2019-08-20 21:14:55,843 [pool-536-thread-1] INFO  server.RaftServerConfigKeys (ConfUtils.java:logGet(43)) - raft.server.log.use.memory = false (default)
2019-08-20 21:14:55,843 [pool-536-thread-1] INFO  server.RaftServerConfigKeys (ConfUtils.java:logGet(43)) - raft.server.log.purge.gap = 1000000 (custom)
2019-08-20 21:14:55,843 [pool-536-thread-1] INFO  server.RaftServerConfigKeys (ConfUtils.java:logGet(43)) - raft.server.log.appender.buffer.byte-limit = 33554432 (custom)
2019-08-20 21:14:55,844 [pool-536-thread-1] INFO  server.RaftServerConfigKeys (ConfUtils.java:logGet(43)) - raft.server.log.segment.size.max = 1048576 (custom)
2019-08-20 21:14:55,844 [pool-536-thread-1] INFO  server.RaftServerConfigKeys (ConfUtils.java:logGet(43)) - raft.server.log.segment.cache.num.max = 2 (custom)
2019-08-20 21:14:55,844 [pool-536-thread-1] INFO  segmented.SegmentedRaftLogWorker (SegmentedRaftLogWorker.java:<init>(172)) - new 513741be-bb9c-4b44-a92d-df6c353b58d2-SegmentedRaftLogWorker:Storage Directory /workdir/hadoop-ozone/integration-test/target/test-dir/MiniOzoneClusterImpl-8c73d54b-95bd-449d-9cb4-8faeda19692d/datanode-0/data/ratis/978a8632-0e4e-4827-8fc0-70b74190c8c2 for RaftStorage:Storage Directory /workdir/hadoop-ozone/integration-test/target/test-dir/MiniOzoneClusterImpl-8c73d54b-95bd-449d-9cb4-8faeda19692d/datanode-0/data/ratis/978a8632-0e4e-4827-8fc0-70b74190c8c2
2019-08-20 21:14:55,844 [pool-536-thread-1] INFO  server.RaftServerConfigKeys (ConfUtils.java:logGet(43)) - raft.server.log.queue.byte-limit = 2147483647 (custom)
2019-08-20 21:14:55,844 [pool-536-thread-1] INFO  server.RaftServerConfigKeys (ConfUtils.java:logGet(43)) - raft.server.log.queue.element-limit = 1024 (custom)
2019-08-20 21:14:55,844 [pool-536-thread-1] INFO  server.RaftServerConfigKeys (ConfUtils.java:logGet(43)) - raft.server.log.segment.size.max = 1048576 (custom)
2019-08-20 21:14:55,844 [pool-536-thread-1] INFO  server.RaftServerConfigKeys (ConfUtils.java:logGet(43)) - raft.server.log.preallocated.size = 16384 (custom)
2019-08-20 21:14:55,845 [pool-536-thread-1] INFO  server.RaftServerConfigKeys (ConfUtils.java:logGet(43)) - raft.server.log.write.buffer.size = 33554432 (custom)
2019-08-20 21:14:55,845 [pool-536-thread-1] INFO  server.RaftServerConfigKeys (ConfUtils.java:logGet(43)) - raft.server.log.force.sync.num = 128 (default)
2019-08-20 21:14:55,845 [pool-536-thread-1] INFO  server.RaftServerConfigKeys (ConfUtils.java:logGet(43)) - raft.server.log.statemachine.data.sync = true (default)
2019-08-20 21:14:55,845 [pool-536-thread-1] INFO  server.RaftServerConfigKeys (ConfUtils.java:logGet(43)) - raft.server.log.statemachine.data.sync.timeout = 10s (default)
2019-08-20 21:14:55,845 [pool-536-thread-1] INFO  server.RaftServerConfigKeys (ConfUtils.java:logGet(43)) - raft.server.log.statemachine.data.sync.timeout.retry = -1 (default)
2019-08-20 21:14:55,845 [pool-536-thread-1] INFO  server.RaftServerConfigKeys (ConfUtils.java:logGet(43)) - raft.server.log.statemachine.data.caching.enabled = true (custom)
2019-08-20 21:14:55,846 [pool-536-thread-1] INFO  segmented.SegmentedRaftLogWorker (SegmentedRaftLogWorker.java:lambda$new$0(132)) - 513741be-bb9c-4b44-a92d-df6c353b58d2-SegmentedRaftLogWorker:Storage Directory /workdir/hadoop-ozone/integration-test/target/test-dir/MiniOzoneClusterImpl-8c73d54b-95bd-449d-9cb4-8faeda19692d/datanode-0/data/ratis/978a8632-0e4e-4827-8fc0-70b74190c8c2: flushIndex: setUnconditionally 0 -> -1
2019-08-20 21:14:55,846 [pool-536-thread-1] INFO  server.RaftServerConfigKeys (ConfUtils.java:logGet(43)) - raft.server.snapshot.auto.trigger.enabled = true (custom)
2019-08-20 21:14:55,846 [pool-536-thread-1] INFO  server.RaftServerConfigKeys (ConfUtils.java:logGet(43)) - raft.server.snapshot.auto.trigger.threshold = 10000 (custom)
2019-08-20 21:14:55,846 [pool-536-thread-1] INFO  server.RaftServerConfigKeys (ConfUtils.java:logGet(43)) - raft.server.retrycache.expirytime = 600000ms (custom)
2019-08-20 21:14:55,846 [pool-536-thread-1] INFO  impl.RaftServerImpl (RaftServerImpl.java:start(180)) - 513741be-bb9c-4b44-a92d-df6c353b58d2: start group-70B74190C8C2
2019-08-20 21:14:55,846 [pool-536-thread-1] INFO  impl.RaftServerImpl (RaftServerImpl.java:setRole(171)) - 513741be-bb9c-4b44-a92d-df6c353b58d2:group-70B74190C8C2 changes role from null to FOLLOWER at term 0 for startAsFollower
2019-08-20 21:14:55,846 [pool-536-thread-1] INFO  impl.RoleInfo (RoleInfo.java:updateAndGet(143)) - 513741be-bb9c-4b44-a92d-df6c353b58d2: start FollowerState
2019-08-20 21:14:55,847 [pool-536-thread-1] INFO  util.JmxRegister (JmxRegister.java:tryRegister(44)) - Successfully registered JMX Bean with object name Ratis:service=RaftServer,group=group-70B74190C8C2,id=513741be-bb9c-4b44-a92d-df6c353b58d2
2019-08-20 21:14:55,849 [RatisPipelineUtilsThread] INFO  pipeline.PipelineStateManager (PipelineStateManager.java:addPipeline(56)) - Created pipeline Pipeline[ Id: 978a8632-0e4e-4827-8fc0-70b74190c8c2, Nodes: 513741be-bb9c-4b44-a92d-df6c353b58d2{ip: 192.168.34.22, host: pr-hdds-1973-z7hz4-2971538320, networkLocation: /default-rack, certSerialId: null}, Type:RATIS, Factor:ONE, State:OPEN]
2019-08-20 21:14:55,979 [IPC Server handler 13 on 38263] INFO  net.NetworkTopology (NetworkTopologyImpl.java:add(110)) - Added a new node: /default-rack/05488788-9b27-429d-ba76-e196dab11564
2019-08-20 21:14:55,979 [IPC Server handler 13 on 38263] INFO  node.SCMNodeManager (SCMNodeManager.java:register(273)) - Registered Data node : 05488788-9b27-429d-ba76-e196dab11564{ip: 192.168.34.22, host: pr-hdds-1973-z7hz4-2971538320, networkLocation: /default-rack, certSerialId: null}
2019-08-20 21:14:55,980 | INFO  | SCMAudit | user=jenkins1000 | ip=192.168.34.22 | op=REGISTER {datanodeDetails=05488788-9b27-429d-ba76-e196dab11564{ip: 192.168.34.22, host: pr-hdds-1973-z7hz4-2971538320, networkLocation: /default-rack, certSerialId: null}} | ret=SUCCESS |  
2019-08-20 21:14:55,987 [grpc-default-executor-4] INFO  impl.RaftServerProxy (RaftServerProxy.java:addNew(89)) - 05488788-9b27-429d-ba76-e196dab11564: addNew group-0F9CB2E34934:[05488788-9b27-429d-ba76-e196dab11564:192.168.34.22:34797] returns group-0F9CB2E34934:java.util.concurrent.CompletableFuture@da2b69d[Not completed]
2019-08-20 21:14:55,988 [pool-547-thread-1] INFO  impl.RaftServerImpl (RaftServerImpl.java:<init>(93)) - 05488788-9b27-429d-ba76-e196dab11564: new RaftServerImpl for group-0F9CB2E34934:[05488788-9b27-429d-ba76-e196dab11564:192.168.34.22:34797] with ContainerStateMachine:uninitialized
2019-08-20 21:14:55,988 [pool-547-thread-1] INFO  server.RaftServerConfigKeys (ConfUtils.java:logGet(43)) - raft.server.rpc.timeout.min = 5s (custom)
2019-08-20 21:14:55,988 [pool-547-thread-1] INFO  server.RaftServerConfigKeys (ConfUtils.java:logGet(43)) - raft.server.rpc.timeout.max = 5200ms (custom)
2019-08-20 21:14:55,988 [pool-547-thread-1] INFO  server.RaftServerConfigKeys (ConfUtils.java:logGet(43)) - raft.server.rpcslowness.timeout = 120s (custom)
2019-08-20 21:14:55,988 [pool-547-thread-1] INFO  server.RaftServerConfigKeys (ConfUtils.java:logGet(43)) - raft.server.sleep.deviation.threshold = 300 (default)
2019-08-20 21:14:55,989 [pool-547-thread-1] INFO  server.RaftServerConfigKeys (ConfUtils.java:logGet(43)) - raft.server.log.appender.install.snapshot.enabled = false (custom)
2019-08-20 21:14:55,989 [pool-547-thread-1] INFO  impl.RaftServerImpl (ServerState.java:<init>(105)) - 05488788-9b27-429d-ba76-e196dab11564:group-0F9CB2E34934 ConfigurationManager, init=-1: [05488788-9b27-429d-ba76-e196dab11564:192.168.34.22:34797], old=null, confs=<EMPTY_MAP>
2019-08-20 21:14:55,989 [pool-547-thread-1] INFO  server.RaftServerConfigKeys (ConfUtils.java:logGet(43)) - raft.server.storage.dir = [/workdir/hadoop-ozone/integration-test/target/test-dir/MiniOzoneClusterImpl-8c73d54b-95bd-449d-9cb4-8faeda19692d/datanode-1/data/ratis] (custom)
2019-08-20 21:14:55,989 [pool-547-thread-1] INFO  storage.RaftStorageDirectory (RaftStorageDirectory.java:analyzeStorage(246)) - The storage directory /workdir/hadoop-ozone/integration-test/target/test-dir/MiniOzoneClusterImpl-8c73d54b-95bd-449d-9cb4-8faeda19692d/datanode-1/data/ratis/52939d43-d6cb-4723-846f-0f9cb2e34934 does not exist. Creating ...
2019-08-20 21:14:55,999 [pool-547-thread-1] INFO  storage.RaftStorageDirectory (RaftStorageDirectory.java:tryLock(328)) - Lock on /workdir/hadoop-ozone/integration-test/target/test-dir/MiniOzoneClusterImpl-8c73d54b-95bd-449d-9cb4-8faeda19692d/datanode-1/data/ratis/52939d43-d6cb-4723-846f-0f9cb2e34934/in_use.lock acquired by nodename 12292@pr-hdds-1973-z7hz4-2971538320
2019-08-20 21:14:56,002 [pool-547-thread-1] INFO  storage.RaftStorage (RaftStorage.java:format(72)) - Storage directory /workdir/hadoop-ozone/integration-test/target/test-dir/MiniOzoneClusterImpl-8c73d54b-95bd-449d-9cb4-8faeda19692d/datanode-1/data/ratis/52939d43-d6cb-4723-846f-0f9cb2e34934 has been successfully formatted.
2019-08-20 21:14:56,002 [pool-547-thread-1] INFO  ratis.ContainerStateMachine (ContainerStateMachine.java:loadSnapshot(222)) - group-0F9CB2E34934: The snapshot info is null. Setting the last applied indexto:(t:0, i:~)
2019-08-20 21:14:56,002 [pool-547-thread-1] INFO  server.RaftServerConfigKeys (ConfUtils.java:logGet(43)) - raft.server.leader.election.timeout = 120s (custom)
2019-08-20 21:14:56,002 [pool-547-thread-1] INFO  server.RaftServerConfigKeys (ConfUtils.java:logGet(43)) - raft.server.log.use.memory = false (default)
2019-08-20 21:14:56,002 [pool-547-thread-1] INFO  server.RaftServerConfigKeys (ConfUtils.java:logGet(43)) - raft.server.log.purge.gap = 1000000 (custom)
2019-08-20 21:14:56,002 [pool-547-thread-1] INFO  server.RaftServerConfigKeys (ConfUtils.java:logGet(43)) - raft.server.log.appender.buffer.byte-limit = 33554432 (custom)
2019-08-20 21:14:56,002 [pool-547-thread-1] INFO  server.RaftServerConfigKeys (ConfUtils.java:logGet(43)) - raft.server.log.segment.size.max = 1048576 (custom)
2019-08-20 21:14:56,003 [pool-547-thread-1] INFO  server.RaftServerConfigKeys (ConfUtils.java:logGet(43)) - raft.server.log.segment.cache.num.max = 2 (custom)
2019-08-20 21:14:56,003 [pool-547-thread-1] INFO  segmented.SegmentedRaftLogWorker (SegmentedRaftLogWorker.java:<init>(172)) - new 05488788-9b27-429d-ba76-e196dab11564-SegmentedRaftLogWorker:Storage Directory /workdir/hadoop-ozone/integration-test/target/test-dir/MiniOzoneClusterImpl-8c73d54b-95bd-449d-9cb4-8faeda19692d/datanode-1/data/ratis/52939d43-d6cb-4723-846f-0f9cb2e34934 for RaftStorage:Storage Directory /workdir/hadoop-ozone/integration-test/target/test-dir/MiniOzoneClusterImpl-8c73d54b-95bd-449d-9cb4-8faeda19692d/datanode-1/data/ratis/52939d43-d6cb-4723-846f-0f9cb2e34934
2019-08-20 21:14:56,003 [pool-547-thread-1] INFO  server.RaftServerConfigKeys (ConfUtils.java:logGet(43)) - raft.server.log.queue.byte-limit = 2147483647 (custom)
2019-08-20 21:14:56,003 [pool-547-thread-1] INFO  server.RaftServerConfigKeys (ConfUtils.java:logGet(43)) - raft.server.log.queue.element-limit = 1024 (custom)
2019-08-20 21:14:56,003 [pool-547-thread-1] INFO  server.RaftServerConfigKeys (ConfUtils.java:logGet(43)) - raft.server.log.segment.size.max = 1048576 (custom)
2019-08-20 21:14:56,003 [pool-547-thread-1] INFO  server.RaftServerConfigKeys (ConfUtils.java:logGet(43)) - raft.server.log.preallocated.size = 16384 (custom)
2019-08-20 21:14:56,003 [pool-547-thread-1] INFO  server.RaftServerConfigKeys (ConfUtils.java:logGet(43)) - raft.server.log.write.buffer.size = 33554432 (custom)
2019-08-20 21:14:56,004 [pool-547-thread-1] INFO  server.RaftServerConfigKeys (ConfUtils.java:logGet(43)) - raft.server.log.force.sync.num = 128 (default)
2019-08-20 21:14:56,004 [pool-547-thread-1] INFO  server.RaftServerConfigKeys (ConfUtils.java:logGet(43)) - raft.server.log.statemachine.data.sync = true (default)
2019-08-20 21:14:56,004 [pool-547-thread-1] INFO  server.RaftServerConfigKeys (ConfUtils.java:logGet(43)) - raft.server.log.statemachine.data.sync.timeout = 10s (default)
2019-08-20 21:14:56,004 [pool-547-thread-1] INFO  server.RaftServerConfigKeys (ConfUtils.java:logGet(43)) - raft.server.log.statemachine.data.sync.timeout.retry = -1 (default)
2019-08-20 21:14:56,004 [pool-547-thread-1] INFO  server.RaftServerConfigKeys (ConfUtils.java:logGet(43)) - raft.server.log.statemachine.data.caching.enabled = true (custom)
2019-08-20 21:14:56,004 [pool-547-thread-1] INFO  segmented.SegmentedRaftLogWorker (SegmentedRaftLogWorker.java:lambda$new$0(132)) - 05488788-9b27-429d-ba76-e196dab11564-SegmentedRaftLogWorker:Storage Directory /workdir/hadoop-ozone/integration-test/target/test-dir/MiniOzoneClusterImpl-8c73d54b-95bd-449d-9cb4-8faeda19692d/datanode-1/data/ratis/52939d43-d6cb-4723-846f-0f9cb2e34934: flushIndex: setUnconditionally 0 -> -1
2019-08-20 21:14:56,005 [pool-547-thread-1] INFO  server.RaftServerConfigKeys (ConfUtils.java:logGet(43)) - raft.server.snapshot.auto.trigger.enabled = true (custom)
2019-08-20 21:14:56,005 [pool-547-thread-1] INFO  server.RaftServerConfigKeys (ConfUtils.java:logGet(43)) - raft.server.snapshot.auto.trigger.threshold = 10000 (custom)
2019-08-20 21:14:56,005 [pool-547-thread-1] INFO  server.RaftServerConfigKeys (ConfUtils.java:logGet(43)) - raft.server.retrycache.expirytime = 600000ms (custom)
2019-08-20 21:14:56,005 [pool-547-thread-1] INFO  impl.RaftServerImpl (RaftServerImpl.java:start(180)) - 05488788-9b27-429d-ba76-e196dab11564: start group-0F9CB2E34934
2019-08-20 21:14:56,005 [pool-547-thread-1] INFO  impl.RaftServerImpl (RaftServerImpl.java:setRole(171)) - 05488788-9b27-429d-ba76-e196dab11564:group-0F9CB2E34934 changes role from null to FOLLOWER at term 0 for startAsFollower
2019-08-20 21:14:56,005 [pool-547-thread-1] INFO  impl.RoleInfo (RoleInfo.java:updateAndGet(143)) - 05488788-9b27-429d-ba76-e196dab11564: start FollowerState
2019-08-20 21:14:56,006 [pool-547-thread-1] INFO  util.JmxRegister (JmxRegister.java:tryRegister(44)) - Successfully registered JMX Bean with object name Ratis:service=RaftServer,group=group-0F9CB2E34934,id=05488788-9b27-429d-ba76-e196dab11564
2019-08-20 21:14:56,008 [RatisPipelineUtilsThread] INFO  pipeline.PipelineStateManager (PipelineStateManager.java:addPipeline(56)) - Created pipeline Pipeline[ Id: 52939d43-d6cb-4723-846f-0f9cb2e34934, Nodes: 05488788-9b27-429d-ba76-e196dab11564{ip: 192.168.34.22, host: pr-hdds-1973-z7hz4-2971538320, networkLocation: /default-rack, certSerialId: null}, Type:RATIS, Factor:ONE, State:OPEN]
2019-08-20 21:14:56,177 [IPC Server handler 1 on 38263] INFO  net.NetworkTopology (NetworkTopologyImpl.java:add(110)) - Added a new node: /default-rack/0682f0bd-ffd8-48c0-b0ba-6106fa582228
2019-08-20 21:14:56,177 [IPC Server handler 1 on 38263] INFO  node.SCMNodeManager (SCMNodeManager.java:register(273)) - Registered Data node : 0682f0bd-ffd8-48c0-b0ba-6106fa582228{ip: 192.168.34.22, host: pr-hdds-1973-z7hz4-2971538320, networkLocation: /default-rack, certSerialId: null}
2019-08-20 21:14:56,180 | INFO  | SCMAudit | user=jenkins1000 | ip=192.168.34.22 | op=REGISTER {datanodeDetails=0682f0bd-ffd8-48c0-b0ba-6106fa582228{ip: 192.168.34.22, host: pr-hdds-1973-z7hz4-2971538320, networkLocation: /default-rack, certSerialId: null}} | ret=SUCCESS |  
2019-08-20 21:14:56,186 [grpc-default-executor-4] INFO  impl.RaftServerProxy (RaftServerProxy.java:addNew(89)) - 0682f0bd-ffd8-48c0-b0ba-6106fa582228: addNew group-DE7EAC2BD727:[0682f0bd-ffd8-48c0-b0ba-6106fa582228:192.168.34.22:45847] returns group-DE7EAC2BD727:java.util.concurrent.CompletableFuture@2ebbd81[Not completed]
2019-08-20 21:14:56,187 [pool-558-thread-1] INFO  impl.RaftServerImpl (RaftServerImpl.java:<init>(93)) - 0682f0bd-ffd8-48c0-b0ba-6106fa582228: new RaftServerImpl for group-DE7EAC2BD727:[0682f0bd-ffd8-48c0-b0ba-6106fa582228:192.168.34.22:45847] with ContainerStateMachine:uninitialized
2019-08-20 21:14:56,187 [pool-558-thread-1] INFO  server.RaftServerConfigKeys (ConfUtils.java:logGet(43)) - raft.server.rpc.timeout.min = 5s (custom)
2019-08-20 21:14:56,187 [pool-558-thread-1] INFO  server.RaftServerConfigKeys (ConfUtils.java:logGet(43)) - raft.server.rpc.timeout.max = 5200ms (custom)
2019-08-20 21:14:56,187 [pool-558-thread-1] INFO  server.RaftServerConfigKeys (ConfUtils.java:logGet(43)) - raft.server.rpcslowness.timeout = 120s (custom)
2019-08-20 21:14:56,187 [pool-558-thread-1] INFO  server.RaftServerConfigKeys (ConfUtils.java:logGet(43)) - raft.server.sleep.deviation.threshold = 300 (default)
2019-08-20 21:14:56,187 [pool-558-thread-1] INFO  server.RaftServerConfigKeys (ConfUtils.java:logGet(43)) - raft.server.log.appender.install.snapshot.enabled = false (custom)
2019-08-20 21:14:56,187 [pool-558-thread-1] INFO  impl.RaftServerImpl (ServerState.java:<init>(105)) - 0682f0bd-ffd8-48c0-b0ba-6106fa582228:group-DE7EAC2BD727 ConfigurationManager, init=-1: [0682f0bd-ffd8-48c0-b0ba-6106fa582228:192.168.34.22:45847], old=null, confs=<EMPTY_MAP>
2019-08-20 21:14:56,187 [pool-558-thread-1] INFO  server.RaftServerConfigKeys (ConfUtils.java:logGet(43)) - raft.server.storage.dir = [/workdir/hadoop-ozone/integration-test/target/test-dir/MiniOzoneClusterImpl-8c73d54b-95bd-449d-9cb4-8faeda19692d/datanode-2/data/ratis] (custom)
2019-08-20 21:14:56,188 [pool-558-thread-1] INFO  storage.RaftStorageDirectory (RaftStorageDirectory.java:analyzeStorage(246)) - The storage directory /workdir/hadoop-ozone/integration-test/target/test-dir/MiniOzoneClusterImpl-8c73d54b-95bd-449d-9cb4-8faeda19692d/datanode-2/data/ratis/1be2c149-bb43-4009-89e7-de7eac2bd727 does not exist. Creating ...
2019-08-20 21:14:56,197 [main] INFO  ozone.MiniOzoneClusterImpl (MiniOzoneClusterImpl.java:lambda$waitForClusterToBeReady$0(142)) - Waiting for cluster to be ready. Got 3 of 7 DN Heartbeats.
2019-08-20 21:14:56,201 [pool-558-thread-1] INFO  storage.RaftStorageDirectory (RaftStorageDirectory.java:tryLock(328)) - Lock on /workdir/hadoop-ozone/integration-test/target/test-dir/MiniOzoneClusterImpl-8c73d54b-95bd-449d-9cb4-8faeda19692d/datanode-2/data/ratis/1be2c149-bb43-4009-89e7-de7eac2bd727/in_use.lock acquired by nodename 12292@pr-hdds-1973-z7hz4-2971538320
2019-08-20 21:14:56,213 [pool-558-thread-1] INFO  storage.RaftStorage (RaftStorage.java:format(72)) - Storage directory /workdir/hadoop-ozone/integration-test/target/test-dir/MiniOzoneClusterImpl-8c73d54b-95bd-449d-9cb4-8faeda19692d/datanode-2/data/ratis/1be2c149-bb43-4009-89e7-de7eac2bd727 has been successfully formatted.
2019-08-20 21:14:56,213 [pool-558-thread-1] INFO  ratis.ContainerStateMachine (ContainerStateMachine.java:loadSnapshot(222)) - group-DE7EAC2BD727: The snapshot info is null. Setting the last applied indexto:(t:0, i:~)
2019-08-20 21:14:56,214 [pool-558-thread-1] INFO  server.RaftServerConfigKeys (ConfUtils.java:logGet(43)) - raft.server.leader.election.timeout = 120s (custom)
2019-08-20 21:14:56,214 [pool-558-thread-1] INFO  server.RaftServerConfigKeys (ConfUtils.java:logGet(43)) - raft.server.log.use.memory = false (default)
2019-08-20 21:14:56,214 [pool-558-thread-1] INFO  server.RaftServerConfigKeys (ConfUtils.java:logGet(43)) - raft.server.log.purge.gap = 1000000 (custom)
2019-08-20 21:14:56,214 [pool-558-thread-1] INFO  server.RaftServerConfigKeys (ConfUtils.java:logGet(43)) - raft.server.log.appender.buffer.byte-limit = 33554432 (custom)
2019-08-20 21:14:56,214 [pool-558-thread-1] INFO  server.RaftServerConfigKeys (ConfUtils.java:logGet(43)) - raft.server.log.segment.size.max = 1048576 (custom)
2019-08-20 21:14:56,214 [pool-558-thread-1] INFO  server.RaftServerConfigKeys (ConfUtils.java:logGet(43)) - raft.server.log.segment.cache.num.max = 2 (custom)
2019-08-20 21:14:56,214 [pool-558-thread-1] INFO  segmented.SegmentedRaftLogWorker (SegmentedRaftLogWorker.java:<init>(172)) - new 0682f0bd-ffd8-48c0-b0ba-6106fa582228-SegmentedRaftLogWorker:Storage Directory /workdir/hadoop-ozone/integration-test/target/test-dir/MiniOzoneClusterImpl-8c73d54b-95bd-449d-9cb4-8faeda19692d/datanode-2/data/ratis/1be2c149-bb43-4009-89e7-de7eac2bd727 for RaftStorage:Storage Directory /workdir/hadoop-ozone/integration-test/target/test-dir/MiniOzoneClusterImpl-8c73d54b-95bd-449d-9cb4-8faeda19692d/datanode-2/data/ratis/1be2c149-bb43-4009-89e7-de7eac2bd727
2019-08-20 21:14:56,214 [pool-558-thread-1] INFO  server.RaftServerConfigKeys (ConfUtils.java:logGet(43)) - raft.server.log.queue.byte-limit = 2147483647 (custom)
2019-08-20 21:14:56,214 [pool-558-thread-1] INFO  server.RaftServerConfigKeys (ConfUtils.java:logGet(43)) - raft.server.log.queue.element-limit = 1024 (custom)
2019-08-20 21:14:56,215 [pool-558-thread-1] INFO  server.RaftServerConfigKeys (ConfUtils.java:logGet(43)) - raft.server.log.segment.size.max = 1048576 (custom)
2019-08-20 21:14:56,215 [pool-558-thread-1] INFO  server.RaftServerConfigKeys (ConfUtils.java:logGet(43)) - raft.server.log.preallocated.size = 16384 (custom)
2019-08-20 21:14:56,215 [pool-558-thread-1] INFO  server.RaftServerConfigKeys (ConfUtils.java:logGet(43)) - raft.server.log.write.buffer.size = 33554432 (custom)
2019-08-20 21:14:56,215 [pool-558-thread-1] INFO  server.RaftServerConfigKeys (ConfUtils.java:logGet(43)) - raft.server.log.force.sync.num = 128 (default)
2019-08-20 21:14:56,215 [pool-558-thread-1] INFO  server.RaftServerConfigKeys (ConfUtils.java:logGet(43)) - raft.server.log.statemachine.data.sync = true (default)
2019-08-20 21:14:56,215 [pool-558-thread-1] INFO  server.RaftServerConfigKeys (ConfUtils.java:logGet(43)) - raft.server.log.statemachine.data.sync.timeout = 10s (default)
2019-08-20 21:14:56,215 [pool-558-thread-1] INFO  server.RaftServerConfigKeys (ConfUtils.java:logGet(43)) - raft.server.log.statemachine.data.sync.timeout.retry = -1 (default)
2019-08-20 21:14:56,215 [pool-558-thread-1] INFO  server.RaftServerConfigKeys (ConfUtils.java:logGet(43)) - raft.server.log.statemachine.data.caching.enabled = true (custom)
2019-08-20 21:14:56,216 [pool-558-thread-1] INFO  segmented.SegmentedRaftLogWorker (SegmentedRaftLogWorker.java:lambda$new$0(132)) - 0682f0bd-ffd8-48c0-b0ba-6106fa582228-SegmentedRaftLogWorker:Storage Directory /workdir/hadoop-ozone/integration-test/target/test-dir/MiniOzoneClusterImpl-8c73d54b-95bd-449d-9cb4-8faeda19692d/datanode-2/data/ratis/1be2c149-bb43-4009-89e7-de7eac2bd727: flushIndex: setUnconditionally 0 -> -1
2019-08-20 21:14:56,216 [pool-558-thread-1] INFO  server.RaftServerConfigKeys (ConfUtils.java:logGet(43)) - raft.server.snapshot.auto.trigger.enabled = true (custom)
2019-08-20 21:14:56,216 [pool-558-thread-1] INFO  server.RaftServerConfigKeys (ConfUtils.java:logGet(43)) - raft.server.snapshot.auto.trigger.threshold = 10000 (custom)
2019-08-20 21:14:56,216 [pool-558-thread-1] INFO  server.RaftServerConfigKeys (ConfUtils.java:logGet(43)) - raft.server.retrycache.expirytime = 600000ms (custom)
2019-08-20 21:14:56,216 [pool-558-thread-1] INFO  impl.RaftServerImpl (RaftServerImpl.java:start(180)) - 0682f0bd-ffd8-48c0-b0ba-6106fa582228: start group-DE7EAC2BD727
2019-08-20 21:14:56,216 [pool-558-thread-1] INFO  impl.RaftServerImpl (RaftServerImpl.java:setRole(171)) - 0682f0bd-ffd8-48c0-b0ba-6106fa582228:group-DE7EAC2BD727 changes role from null to FOLLOWER at term 0 for startAsFollower
2019-08-20 21:14:56,216 [pool-558-thread-1] INFO  impl.RoleInfo (RoleInfo.java:updateAndGet(143)) - 0682f0bd-ffd8-48c0-b0ba-6106fa582228: start FollowerState
2019-08-20 21:14:56,217 [pool-558-thread-1] INFO  util.JmxRegister (JmxRegister.java:tryRegister(44)) - Successfully registered JMX Bean with object name Ratis:service=RaftServer,group=group-DE7EAC2BD727,id=0682f0bd-ffd8-48c0-b0ba-6106fa582228
2019-08-20 21:14:56,218 [RatisPipelineUtilsThread] INFO  pipeline.PipelineStateManager (PipelineStateManager.java:addPipeline(56)) - Created pipeline Pipeline[ Id: 1be2c149-bb43-4009-89e7-de7eac2bd727, Nodes: 0682f0bd-ffd8-48c0-b0ba-6106fa582228{ip: 192.168.34.22, host: pr-hdds-1973-z7hz4-2971538320, networkLocation: /default-rack, certSerialId: null}, Type:RATIS, Factor:ONE, State:OPEN]
2019-08-20 21:14:56,238 [grpc-default-executor-4] INFO  impl.RaftServerProxy (RaftServerProxy.java:addNew(89)) - 0682f0bd-ffd8-48c0-b0ba-6106fa582228: addNew group-B133B00B6FC4:[513741be-bb9c-4b44-a92d-df6c353b58d2:192.168.34.22:39811, 05488788-9b27-429d-ba76-e196dab11564:192.168.34.22:34797, 0682f0bd-ffd8-48c0-b0ba-6106fa582228:192.168.34.22:45847] returns group-B133B00B6FC4:java.util.concurrent.CompletableFuture@657235d3[Not completed]
2019-08-20 21:14:56,238 [grpc-default-executor-8] INFO  impl.RaftServerProxy (RaftServerProxy.java:addNew(89)) - 513741be-bb9c-4b44-a92d-df6c353b58d2: addNew group-B133B00B6FC4:[513741be-bb9c-4b44-a92d-df6c353b58d2:192.168.34.22:39811, 05488788-9b27-429d-ba76-e196dab11564:192.168.34.22:34797, 0682f0bd-ffd8-48c0-b0ba-6106fa582228:192.168.34.22:45847] returns group-B133B00B6FC4:java.util.concurrent.CompletableFuture@47aefd08[Not completed]
2019-08-20 21:14:56,238 [grpc-default-executor-6] INFO  impl.RaftServerProxy (RaftServerProxy.java:addNew(89)) - 05488788-9b27-429d-ba76-e196dab11564: addNew group-B133B00B6FC4:[513741be-bb9c-4b44-a92d-df6c353b58d2:192.168.34.22:39811, 05488788-9b27-429d-ba76-e196dab11564:192.168.34.22:34797, 0682f0bd-ffd8-48c0-b0ba-6106fa582228:192.168.34.22:45847] returns group-B133B00B6FC4:java.util.concurrent.CompletableFuture@407864bd[Not completed]
2019-08-20 21:14:56,239 [pool-547-thread-1] INFO  impl.RaftServerImpl (RaftServerImpl.java:<init>(93)) - 05488788-9b27-429d-ba76-e196dab11564: new RaftServerImpl for group-B133B00B6FC4:[513741be-bb9c-4b44-a92d-df6c353b58d2:192.168.34.22:39811, 05488788-9b27-429d-ba76-e196dab11564:192.168.34.22:34797, 0682f0bd-ffd8-48c0-b0ba-6106fa582228:192.168.34.22:45847] with ContainerStateMachine:uninitialized
2019-08-20 21:14:56,239 [pool-547-thread-1] INFO  server.RaftServerConfigKeys (ConfUtils.java:logGet(43)) - raft.server.rpc.timeout.min = 5s (custom)
2019-08-20 21:14:56,239 [pool-547-thread-1] INFO  server.RaftServerConfigKeys (ConfUtils.java:logGet(43)) - raft.server.rpc.timeout.max = 5200ms (custom)
2019-08-20 21:14:56,239 [pool-558-thread-1] INFO  impl.RaftServerImpl (RaftServerImpl.java:<init>(93)) - 0682f0bd-ffd8-48c0-b0ba-6106fa582228: new RaftServerImpl for group-B133B00B6FC4:[513741be-bb9c-4b44-a92d-df6c353b58d2:192.168.34.22:39811, 05488788-9b27-429d-ba76-e196dab11564:192.168.34.22:34797, 0682f0bd-ffd8-48c0-b0ba-6106fa582228:192.168.34.22:45847] with ContainerStateMachine:uninitialized
2019-08-20 21:14:56,239 [pool-547-thread-1] INFO  server.RaftServerConfigKeys (ConfUtils.java:logGet(43)) - raft.server.rpcslowness.timeout = 120s (custom)
2019-08-20 21:14:56,239 [pool-558-thread-1] INFO  server.RaftServerConfigKeys (ConfUtils.java:logGet(43)) - raft.server.rpc.timeout.min = 5s (custom)
2019-08-20 21:14:56,239 [pool-536-thread-1] INFO  impl.RaftServerImpl (RaftServerImpl.java:<init>(93)) - 513741be-bb9c-4b44-a92d-df6c353b58d2: new RaftServerImpl for group-B133B00B6FC4:[513741be-bb9c-4b44-a92d-df6c353b58d2:192.168.34.22:39811, 05488788-9b27-429d-ba76-e196dab11564:192.168.34.22:34797, 0682f0bd-ffd8-48c0-b0ba-6106fa582228:192.168.34.22:45847] with ContainerStateMachine:uninitialized
2019-08-20 21:14:56,239 [pool-547-thread-1] INFO  server.RaftServerConfigKeys (ConfUtils.java:logGet(43)) - raft.server.sleep.deviation.threshold = 300 (default)
2019-08-20 21:14:56,240 [pool-536-thread-1] INFO  server.RaftServerConfigKeys (ConfUtils.java:logGet(43)) - raft.server.rpc.timeout.min = 5s (custom)
2019-08-20 21:14:56,240 [pool-558-thread-1] INFO  server.RaftServerConfigKeys (ConfUtils.java:logGet(43)) - raft.server.rpc.timeout.max = 5200ms (custom)
2019-08-20 21:14:56,240 [pool-536-thread-1] INFO  server.RaftServerConfigKeys (ConfUtils.java:logGet(43)) - raft.server.rpc.timeout.max = 5200ms (custom)
2019-08-20 21:14:56,240 [pool-547-thread-1] INFO  server.RaftServerConfigKeys (ConfUtils.java:logGet(43)) - raft.server.log.appender.install.snapshot.enabled = false (custom)
2019-08-20 21:14:56,240 [pool-536-thread-1] INFO  server.RaftServerConfigKeys (ConfUtils.java:logGet(43)) - raft.server.rpcslowness.timeout = 120s (custom)
2019-08-20 21:14:56,240 [pool-558-thread-1] INFO  server.RaftServerConfigKeys (ConfUtils.java:logGet(43)) - raft.server.rpcslowness.timeout = 120s (custom)
2019-08-20 21:14:56,240 [pool-536-thread-1] INFO  server.RaftServerConfigKeys (ConfUtils.java:logGet(43)) - raft.server.sleep.deviation.threshold = 300 (default)
2019-08-20 21:14:56,240 [pool-547-thread-1] INFO  impl.RaftServerImpl (ServerState.java:<init>(105)) - 05488788-9b27-429d-ba76-e196dab11564:group-B133B00B6FC4 ConfigurationManager, init=-1: [513741be-bb9c-4b44-a92d-df6c353b58d2:192.168.34.22:39811, 05488788-9b27-429d-ba76-e196dab11564:192.168.34.22:34797, 0682f0bd-ffd8-48c0-b0ba-6106fa582228:192.168.34.22:45847], old=null, confs=<EMPTY_MAP>
2019-08-20 21:14:56,240 [pool-536-thread-1] INFO  server.RaftServerConfigKeys (ConfUtils.java:logGet(43)) - raft.server.log.appender.install.snapshot.enabled = false (custom)
2019-08-20 21:14:56,240 [pool-558-thread-1] INFO  server.RaftServerConfigKeys (ConfUtils.java:logGet(43)) - raft.server.sleep.deviation.threshold = 300 (default)
2019-08-20 21:14:56,241 [pool-536-thread-1] INFO  impl.RaftServerImpl (ServerState.java:<init>(105)) - 513741be-bb9c-4b44-a92d-df6c353b58d2:group-B133B00B6FC4 ConfigurationManager, init=-1: [513741be-bb9c-4b44-a92d-df6c353b58d2:192.168.34.22:39811, 05488788-9b27-429d-ba76-e196dab11564:192.168.34.22:34797, 0682f0bd-ffd8-48c0-b0ba-6106fa582228:192.168.34.22:45847], old=null, confs=<EMPTY_MAP>
2019-08-20 21:14:56,241 [pool-547-thread-1] INFO  server.RaftServerConfigKeys (ConfUtils.java:logGet(43)) - raft.server.storage.dir = [/workdir/hadoop-ozone/integration-test/target/test-dir/MiniOzoneClusterImpl-8c73d54b-95bd-449d-9cb4-8faeda19692d/datanode-1/data/ratis] (custom)
2019-08-20 21:14:56,241 [pool-536-thread-1] INFO  server.RaftServerConfigKeys (ConfUtils.java:logGet(43)) - raft.server.storage.dir = [/workdir/hadoop-ozone/integration-test/target/test-dir/MiniOzoneClusterImpl-8c73d54b-95bd-449d-9cb4-8faeda19692d/datanode-0/data/ratis] (custom)
2019-08-20 21:14:56,241 [pool-558-thread-1] INFO  server.RaftServerConfigKeys (ConfUtils.java:logGet(43)) - raft.server.log.appender.install.snapshot.enabled = false (custom)
2019-08-20 21:14:56,241 [pool-558-thread-1] INFO  impl.RaftServerImpl (ServerState.java:<init>(105)) - 0682f0bd-ffd8-48c0-b0ba-6106fa582228:group-B133B00B6FC4 ConfigurationManager, init=-1: [513741be-bb9c-4b44-a92d-df6c353b58d2:192.168.34.22:39811, 05488788-9b27-429d-ba76-e196dab11564:192.168.34.22:34797, 0682f0bd-ffd8-48c0-b0ba-6106fa582228:192.168.34.22:45847], old=null, confs=<EMPTY_MAP>
2019-08-20 21:14:56,241 [pool-547-thread-1] INFO  storage.RaftStorageDirectory (RaftStorageDirectory.java:analyzeStorage(246)) - The storage directory /workdir/hadoop-ozone/integration-test/target/test-dir/MiniOzoneClusterImpl-8c73d54b-95bd-449d-9cb4-8faeda19692d/datanode-1/data/ratis/155abae6-99fc-4be2-a2da-b133b00b6fc4 does not exist. Creating ...
2019-08-20 21:14:56,241 [pool-536-thread-1] INFO  storage.RaftStorageDirectory (RaftStorageDirectory.java:analyzeStorage(246)) - The storage directory /workdir/hadoop-ozone/integration-test/target/test-dir/MiniOzoneClusterImpl-8c73d54b-95bd-449d-9cb4-8faeda19692d/datanode-0/data/ratis/155abae6-99fc-4be2-a2da-b133b00b6fc4 does not exist. Creating ...
2019-08-20 21:14:56,241 [pool-558-thread-1] INFO  server.RaftServerConfigKeys (ConfUtils.java:logGet(43)) - raft.server.storage.dir = [/workdir/hadoop-ozone/integration-test/target/test-dir/MiniOzoneClusterImpl-8c73d54b-95bd-449d-9cb4-8faeda19692d/datanode-2/data/ratis] (custom)
2019-08-20 21:14:56,241 [pool-558-thread-1] INFO  storage.RaftStorageDirectory (RaftStorageDirectory.java:analyzeStorage(246)) - The storage directory /workdir/hadoop-ozone/integration-test/target/test-dir/MiniOzoneClusterImpl-8c73d54b-95bd-449d-9cb4-8faeda19692d/datanode-2/data/ratis/155abae6-99fc-4be2-a2da-b133b00b6fc4 does not exist. Creating ...
2019-08-20 21:14:56,262 [pool-536-thread-1] INFO  storage.RaftStorageDirectory (RaftStorageDirectory.java:tryLock(328)) - Lock on /workdir/hadoop-ozone/integration-test/target/test-dir/MiniOzoneClusterImpl-8c73d54b-95bd-449d-9cb4-8faeda19692d/datanode-0/data/ratis/155abae6-99fc-4be2-a2da-b133b00b6fc4/in_use.lock acquired by nodename 12292@pr-hdds-1973-z7hz4-2971538320
2019-08-20 21:14:56,262 [pool-547-thread-1] INFO  storage.RaftStorageDirectory (RaftStorageDirectory.java:tryLock(328)) - Lock on /workdir/hadoop-ozone/integration-test/target/test-dir/MiniOzoneClusterImpl-8c73d54b-95bd-449d-9cb4-8faeda19692d/datanode-1/data/ratis/155abae6-99fc-4be2-a2da-b133b00b6fc4/in_use.lock acquired by nodename 12292@pr-hdds-1973-z7hz4-2971538320
2019-08-20 21:14:56,262 [pool-558-thread-1] INFO  storage.RaftStorageDirectory (RaftStorageDirectory.java:tryLock(328)) - Lock on /workdir/hadoop-ozone/integration-test/target/test-dir/MiniOzoneClusterImpl-8c73d54b-95bd-449d-9cb4-8faeda19692d/datanode-2/data/ratis/155abae6-99fc-4be2-a2da-b133b00b6fc4/in_use.lock acquired by nodename 12292@pr-hdds-1973-z7hz4-2971538320
2019-08-20 21:14:56,277 [pool-547-thread-1] INFO  storage.RaftStorage (RaftStorage.java:format(72)) - Storage directory /workdir/hadoop-ozone/integration-test/target/test-dir/MiniOzoneClusterImpl-8c73d54b-95bd-449d-9cb4-8faeda19692d/datanode-1/data/ratis/155abae6-99fc-4be2-a2da-b133b00b6fc4 has been successfully formatted.
2019-08-20 21:14:56,277 [pool-536-thread-1] INFO  storage.RaftStorage (RaftStorage.java:format(72)) - Storage directory /workdir/hadoop-ozone/integration-test/target/test-dir/MiniOzoneClusterImpl-8c73d54b-95bd-449d-9cb4-8faeda19692d/datanode-0/data/ratis/155abae6-99fc-4be2-a2da-b133b00b6fc4 has been successfully formatted.
2019-08-20 21:14:56,277 [pool-558-thread-1] INFO  storage.RaftStorage (RaftStorage.java:format(72)) - Storage directory /workdir/hadoop-ozone/integration-test/target/test-dir/MiniOzoneClusterImpl-8c73d54b-95bd-449d-9cb4-8faeda19692d/datanode-2/data/ratis/155abae6-99fc-4be2-a2da-b133b00b6fc4 has been successfully formatted.
2019-08-20 21:14:56,277 [pool-547-thread-1] INFO  ratis.ContainerStateMachine (ContainerStateMachine.java:loadSnapshot(222)) - group-B133B00B6FC4: The snapshot info is null. Setting the last applied indexto:(t:0, i:~)
2019-08-20 21:14:56,278 [pool-536-thread-1] INFO  ratis.ContainerStateMachine (ContainerStateMachine.java:loadSnapshot(222)) - group-B133B00B6FC4: The snapshot info is null. Setting the last applied indexto:(t:0, i:~)
2019-08-20 21:14:56,278 [pool-547-thread-1] INFO  server.RaftServerConfigKeys (ConfUtils.java:logGet(43)) - raft.server.leader.election.timeout = 120s (custom)
2019-08-20 21:14:56,278 [pool-558-thread-1] INFO  ratis.ContainerStateMachine (ContainerStateMachine.java:loadSnapshot(222)) - group-B133B00B6FC4: The snapshot info is null. Setting the last applied indexto:(t:0, i:~)
2019-08-20 21:14:56,278 [pool-547-thread-1] INFO  server.RaftServerConfigKeys (ConfUtils.java:logGet(43)) - raft.server.log.use.memory = false (default)
2019-08-20 21:14:56,278 [pool-536-thread-1] INFO  server.RaftServerConfigKeys (ConfUtils.java:logGet(43)) - raft.server.leader.election.timeout = 120s (custom)
2019-08-20 21:14:56,278 [pool-547-thread-1] INFO  server.RaftServerConfigKeys (ConfUtils.java:logGet(43)) - raft.server.log.purge.gap = 1000000 (custom)
2019-08-20 21:14:56,278 [pool-558-thread-1] INFO  server.RaftServerConfigKeys (ConfUtils.java:logGet(43)) - raft.server.leader.election.timeout = 120s (custom)
2019-08-20 21:14:56,278 [pool-547-thread-1] INFO  server.RaftServerConfigKeys (ConfUtils.java:logGet(43)) - raft.server.log.appender.buffer.byte-limit = 33554432 (custom)
2019-08-20 21:14:56,278 [pool-536-thread-1] INFO  server.RaftServerConfigKeys (ConfUtils.java:logGet(43)) - raft.server.log.use.memory = false (default)
2019-08-20 21:14:56,279 [pool-547-thread-1] INFO  server.RaftServerConfigKeys (ConfUtils.java:logGet(43)) - raft.server.log.segment.size.max = 1048576 (custom)
2019-08-20 21:14:56,279 [pool-558-thread-1] INFO  server.RaftServerConfigKeys (ConfUtils.java:logGet(43)) - raft.server.log.use.memory = false (default)
2019-08-20 21:14:56,279 [pool-547-thread-1] INFO  server.RaftServerConfigKeys (ConfUtils.java:logGet(43)) - raft.server.log.segment.cache.num.max = 2 (custom)
2019-08-20 21:14:56,279 [pool-536-thread-1] INFO  server.RaftServerConfigKeys (ConfUtils.java:logGet(43)) - raft.server.log.purge.gap = 1000000 (custom)
2019-08-20 21:14:56,279 [pool-547-thread-1] INFO  segmented.SegmentedRaftLogWorker (SegmentedRaftLogWorker.java:<init>(172)) - new 05488788-9b27-429d-ba76-e196dab11564-SegmentedRaftLogWorker:Storage Directory /workdir/hadoop-ozone/integration-test/target/test-dir/MiniOzoneClusterImpl-8c73d54b-95bd-449d-9cb4-8faeda19692d/datanode-1/data/ratis/155abae6-99fc-4be2-a2da-b133b00b6fc4 for RaftStorage:Storage Directory /workdir/hadoop-ozone/integration-test/target/test-dir/MiniOzoneClusterImpl-8c73d54b-95bd-449d-9cb4-8faeda19692d/datanode-1/data/ratis/155abae6-99fc-4be2-a2da-b133b00b6fc4
2019-08-20 21:14:56,279 [pool-558-thread-1] INFO  server.RaftServerConfigKeys (ConfUtils.java:logGet(43)) - raft.server.log.purge.gap = 1000000 (custom)
2019-08-20 21:14:56,280 [pool-547-thread-1] INFO  server.RaftServerConfigKeys (ConfUtils.java:logGet(43)) - raft.server.log.queue.byte-limit = 2147483647 (custom)
2019-08-20 21:14:56,280 [pool-547-thread-1] INFO  server.RaftServerConfigKeys (ConfUtils.java:logGet(43)) - raft.server.log.queue.element-limit = 1024 (custom)
2019-08-20 21:14:56,279 [pool-536-thread-1] INFO  server.RaftServerConfigKeys (ConfUtils.java:logGet(43)) - raft.server.log.appender.buffer.byte-limit = 33554432 (custom)
2019-08-20 21:14:56,280 [pool-547-thread-1] INFO  server.RaftServerConfigKeys (ConfUtils.java:logGet(43)) - raft.server.log.segment.size.max = 1048576 (custom)
2019-08-20 21:14:56,280 [pool-558-thread-1] INFO  server.RaftServerConfigKeys (ConfUtils.java:logGet(43)) - raft.server.log.appender.buffer.byte-limit = 33554432 (custom)
2019-08-20 21:14:56,280 [pool-547-thread-1] INFO  server.RaftServerConfigKeys (ConfUtils.java:logGet(43)) - raft.server.log.preallocated.size = 16384 (custom)
2019-08-20 21:14:56,280 [pool-536-thread-1] INFO  server.RaftServerConfigKeys (ConfUtils.java:logGet(43)) - raft.server.log.segment.size.max = 1048576 (custom)
2019-08-20 21:14:56,280 [pool-547-thread-1] INFO  server.RaftServerConfigKeys (ConfUtils.java:logGet(43)) - raft.server.log.write.buffer.size = 33554432 (custom)
2019-08-20 21:14:56,280 [pool-558-thread-1] INFO  server.RaftServerConfigKeys (ConfUtils.java:logGet(43)) - raft.server.log.segment.size.max = 1048576 (custom)
2019-08-20 21:14:56,281 [pool-547-thread-1] INFO  server.RaftServerConfigKeys (ConfUtils.java:logGet(43)) - raft.server.log.force.sync.num = 128 (default)
2019-08-20 21:14:56,281 [pool-547-thread-1] INFO  server.RaftServerConfigKeys (ConfUtils.java:logGet(43)) - raft.server.log.statemachine.data.sync = true (default)
2019-08-20 21:14:56,280 [pool-536-thread-1] INFO  server.RaftServerConfigKeys (ConfUtils.java:logGet(43)) - raft.server.log.segment.cache.num.max = 2 (custom)
2019-08-20 21:14:56,281 [pool-547-thread-1] INFO  server.RaftServerConfigKeys (ConfUtils.java:logGet(43)) - raft.server.log.statemachine.data.sync.timeout = 10s (default)
2019-08-20 21:14:56,281 [pool-558-thread-1] INFO  server.RaftServerConfigKeys (ConfUtils.java:logGet(43)) - raft.server.log.segment.cache.num.max = 2 (custom)
2019-08-20 21:14:56,281 [pool-547-thread-1] INFO  server.RaftServerConfigKeys (ConfUtils.java:logGet(43)) - raft.server.log.statemachine.data.sync.timeout.retry = -1 (default)
2019-08-20 21:14:56,281 [pool-536-thread-1] INFO  segmented.SegmentedRaftLogWorker (SegmentedRaftLogWorker.java:<init>(172)) - new 513741be-bb9c-4b44-a92d-df6c353b58d2-SegmentedRaftLogWorker:Storage Directory /workdir/hadoop-ozone/integration-test/target/test-dir/MiniOzoneClusterImpl-8c73d54b-95bd-449d-9cb4-8faeda19692d/datanode-0/data/ratis/155abae6-99fc-4be2-a2da-b133b00b6fc4 for RaftStorage:Storage Directory /workdir/hadoop-ozone/integration-test/target/test-dir/MiniOzoneClusterImpl-8c73d54b-95bd-449d-9cb4-8faeda19692d/datanode-0/data/ratis/155abae6-99fc-4be2-a2da-b133b00b6fc4
2019-08-20 21:14:56,281 [pool-547-thread-1] INFO  server.RaftServerConfigKeys (ConfUtils.java:logGet(43)) - raft.server.log.statemachine.data.caching.enabled = true (custom)
2019-08-20 21:14:56,281 [pool-558-thread-1] INFO  segmented.SegmentedRaftLogWorker (SegmentedRaftLogWorker.java:<init>(172)) - new 0682f0bd-ffd8-48c0-b0ba-6106fa582228-SegmentedRaftLogWorker:Storage Directory /workdir/hadoop-ozone/integration-test/target/test-dir/MiniOzoneClusterImpl-8c73d54b-95bd-449d-9cb4-8faeda19692d/datanode-2/data/ratis/155abae6-99fc-4be2-a2da-b133b00b6fc4 for RaftStorage:Storage Directory /workdir/hadoop-ozone/integration-test/target/test-dir/MiniOzoneClusterImpl-8c73d54b-95bd-449d-9cb4-8faeda19692d/datanode-2/data/ratis/155abae6-99fc-4be2-a2da-b133b00b6fc4
2019-08-20 21:14:56,282 [pool-536-thread-1] INFO  server.RaftServerConfigKeys (ConfUtils.java:logGet(43)) - raft.server.log.queue.byte-limit = 2147483647 (custom)
2019-08-20 21:14:56,282 [pool-547-thread-1] INFO  segmented.SegmentedRaftLogWorker (SegmentedRaftLogWorker.java:lambda$new$0(132)) - 05488788-9b27-429d-ba76-e196dab11564-SegmentedRaftLogWorker:Storage Directory /workdir/hadoop-ozone/integration-test/target/test-dir/MiniOzoneClusterImpl-8c73d54b-95bd-449d-9cb4-8faeda19692d/datanode-1/data/ratis/155abae6-99fc-4be2-a2da-b133b00b6fc4: flushIndex: setUnconditionally 0 -> -1
2019-08-20 21:14:56,282 [pool-558-thread-1] INFO  server.RaftServerConfigKeys (ConfUtils.java:logGet(43)) - raft.server.log.queue.byte-limit = 2147483647 (custom)
2019-08-20 21:14:56,282 [pool-536-thread-1] INFO  server.RaftServerConfigKeys (ConfUtils.java:logGet(43)) - raft.server.log.queue.element-limit = 1024 (custom)
2019-08-20 21:14:56,282 [pool-547-thread-1] INFO  server.RaftServerConfigKeys (ConfUtils.java:logGet(43)) - raft.server.snapshot.auto.trigger.enabled = true (custom)
2019-08-20 21:14:56,282 [pool-558-thread-1] INFO  server.RaftServerConfigKeys (ConfUtils.java:logGet(43)) - raft.server.log.queue.element-limit = 1024 (custom)
2019-08-20 21:14:56,282 [pool-547-thread-1] INFO  server.RaftServerConfigKeys (ConfUtils.java:logGet(43)) - raft.server.snapshot.auto.trigger.threshold = 10000 (custom)
2019-08-20 21:14:56,282 [pool-536-thread-1] INFO  server.RaftServerConfigKeys (ConfUtils.java:logGet(43)) - raft.server.log.segment.size.max = 1048576 (custom)
2019-08-20 21:14:56,283 [pool-547-thread-1] INFO  server.RaftServerConfigKeys (ConfUtils.java:logGet(43)) - raft.server.retrycache.expirytime = 600000ms (custom)
2019-08-20 21:14:56,283 [pool-558-thread-1] INFO  server.RaftServerConfigKeys (ConfUtils.java:logGet(43)) - raft.server.log.segment.size.max = 1048576 (custom)
2019-08-20 21:14:56,283 [pool-547-thread-1] INFO  impl.RaftServerImpl (RaftServerImpl.java:start(180)) - 05488788-9b27-429d-ba76-e196dab11564: start group-B133B00B6FC4
2019-08-20 21:14:56,283 [pool-536-thread-1] INFO  server.RaftServerConfigKeys (ConfUtils.java:logGet(43)) - raft.server.log.preallocated.size = 16384 (custom)
2019-08-20 21:14:56,283 [pool-547-thread-1] INFO  impl.RaftServerImpl (RaftServerImpl.java:setRole(171)) - 05488788-9b27-429d-ba76-e196dab11564:group-B133B00B6FC4 changes role from null to FOLLOWER at term 0 for startAsFollower
2019-08-20 21:14:56,283 [pool-547-thread-1] INFO  impl.RoleInfo (RoleInfo.java:updateAndGet(143)) - 05488788-9b27-429d-ba76-e196dab11564: start FollowerState
2019-08-20 21:14:56,283 [pool-558-thread-1] INFO  server.RaftServerConfigKeys (ConfUtils.java:logGet(43)) - raft.server.log.preallocated.size = 16384 (custom)
2019-08-20 21:14:56,284 [pool-558-thread-1] INFO  server.RaftServerConfigKeys (ConfUtils.java:logGet(43)) - raft.server.log.write.buffer.size = 33554432 (custom)
2019-08-20 21:14:56,284 [pool-547-thread-1] INFO  util.JmxRegister (JmxRegister.java:tryRegister(44)) - Successfully registered JMX Bean with object name Ratis:service=RaftServer,group=group-B133B00B6FC4,id=05488788-9b27-429d-ba76-e196dab11564
2019-08-20 21:14:56,283 [pool-536-thread-1] INFO  server.RaftServerConfigKeys (ConfUtils.java:logGet(43)) - raft.server.log.write.buffer.size = 33554432 (custom)
2019-08-20 21:14:56,284 [pool-558-thread-1] INFO  server.RaftServerConfigKeys (ConfUtils.java:logGet(43)) - raft.server.log.force.sync.num = 128 (default)
2019-08-20 21:14:56,284 [pool-536-thread-1] INFO  server.RaftServerConfigKeys (ConfUtils.java:logGet(43)) - raft.server.log.force.sync.num = 128 (default)
2019-08-20 21:14:56,284 [pool-558-thread-1] INFO  server.RaftServerConfigKeys (ConfUtils.java:logGet(43)) - raft.server.log.statemachine.data.sync = true (default)
2019-08-20 21:14:56,284 [pool-536-thread-1] INFO  server.RaftServerConfigKeys (ConfUtils.java:logGet(43)) - raft.server.log.statemachine.data.sync = true (default)
2019-08-20 21:14:56,284 [pool-558-thread-1] INFO  server.RaftServerConfigKeys (ConfUtils.java:logGet(43)) - raft.server.log.statemachine.data.sync.timeout = 10s (default)
2019-08-20 21:14:56,285 [pool-558-thread-1] INFO  server.RaftServerConfigKeys (ConfUtils.java:logGet(43)) - raft.server.log.statemachine.data.sync.timeout.retry = -1 (default)
2019-08-20 21:14:56,285 [pool-536-thread-1] INFO  server.RaftServerConfigKeys (ConfUtils.java:logGet(43)) - raft.server.log.statemachine.data.sync.timeout = 10s (default)
2019-08-20 21:14:56,285 [pool-558-thread-1] INFO  server.RaftServerConfigKeys (ConfUtils.java:logGet(43)) - raft.server.log.statemachine.data.caching.enabled = true (custom)
2019-08-20 21:14:56,285 [pool-536-thread-1] INFO  server.RaftServerConfigKeys (ConfUtils.java:logGet(43)) - raft.server.log.statemachine.data.sync.timeout.retry = -1 (default)
2019-08-20 21:14:56,285 [pool-536-thread-1] INFO  server.RaftServerConfigKeys (ConfUtils.java:logGet(43)) - raft.server.log.statemachine.data.caching.enabled = true (custom)
2019-08-20 21:14:56,285 [pool-558-thread-1] INFO  segmented.SegmentedRaftLogWorker (SegmentedRaftLogWorker.java:lambda$new$0(132)) - 0682f0bd-ffd8-48c0-b0ba-6106fa582228-SegmentedRaftLogWorker:Storage Directory /workdir/hadoop-ozone/integration-test/target/test-dir/MiniOzoneClusterImpl-8c73d54b-95bd-449d-9cb4-8faeda19692d/datanode-2/data/ratis/155abae6-99fc-4be2-a2da-b133b00b6fc4: flushIndex: setUnconditionally 0 -> -1
2019-08-20 21:14:56,285 [pool-536-thread-1] INFO  segmented.SegmentedRaftLogWorker (SegmentedRaftLogWorker.java:lambda$new$0(132)) - 513741be-bb9c-4b44-a92d-df6c353b58d2-SegmentedRaftLogWorker:Storage Directory /workdir/hadoop-ozone/integration-test/target/test-dir/MiniOzoneClusterImpl-8c73d54b-95bd-449d-9cb4-8faeda19692d/datanode-0/data/ratis/155abae6-99fc-4be2-a2da-b133b00b6fc4: flushIndex: setUnconditionally 0 -> -1
2019-08-20 21:14:56,286 [pool-558-thread-1] INFO  server.RaftServerConfigKeys (ConfUtils.java:logGet(43)) - raft.server.snapshot.auto.trigger.enabled = true (custom)
2019-08-20 21:14:56,286 [pool-536-thread-1] INFO  server.RaftServerConfigKeys (ConfUtils.java:logGet(43)) - raft.server.snapshot.auto.trigger.enabled = true (custom)
2019-08-20 21:14:56,286 [pool-558-thread-1] INFO  server.RaftServerConfigKeys (ConfUtils.java:logGet(43)) - raft.server.snapshot.auto.trigger.threshold = 10000 (custom)
2019-08-20 21:14:56,286 [pool-536-thread-1] INFO  server.RaftServerConfigKeys (ConfUtils.java:logGet(43)) - raft.server.snapshot.auto.trigger.threshold = 10000 (custom)
2019-08-20 21:14:56,286 [pool-558-thread-1] INFO  server.RaftServerConfigKeys (ConfUtils.java:logGet(43)) - raft.server.retrycache.expirytime = 600000ms (custom)
2019-08-20 21:14:56,286 [pool-536-thread-1] INFO  server.RaftServerConfigKeys (ConfUtils.java:logGet(43)) - raft.server.retrycache.expirytime = 600000ms (custom)
2019-08-20 21:14:56,286 [pool-558-thread-1] INFO  impl.RaftServerImpl (RaftServerImpl.java:start(180)) - 0682f0bd-ffd8-48c0-b0ba-6106fa582228: start group-B133B00B6FC4
2019-08-20 21:14:56,286 [pool-536-thread-1] INFO  impl.RaftServerImpl (RaftServerImpl.java:start(180)) - 513741be-bb9c-4b44-a92d-df6c353b58d2: start group-B133B00B6FC4
2019-08-20 21:14:56,286 [pool-558-thread-1] INFO  impl.RaftServerImpl (RaftServerImpl.java:setRole(171)) - 0682f0bd-ffd8-48c0-b0ba-6106fa582228:group-B133B00B6FC4 changes role from null to FOLLOWER at term 0 for startAsFollower
2019-08-20 21:14:56,286 [pool-536-thread-1] INFO  impl.RaftServerImpl (RaftServerImpl.java:setRole(171)) - 513741be-bb9c-4b44-a92d-df6c353b58d2:group-B133B00B6FC4 changes role from null to FOLLOWER at term 0 for startAsFollower
2019-08-20 21:14:56,287 [pool-558-thread-1] INFO  impl.RoleInfo (RoleInfo.java:updateAndGet(143)) - 0682f0bd-ffd8-48c0-b0ba-6106fa582228: start FollowerState
2019-08-20 21:14:56,287 [pool-536-thread-1] INFO  impl.RoleInfo (RoleInfo.java:updateAndGet(143)) - 513741be-bb9c-4b44-a92d-df6c353b58d2: start FollowerState
2019-08-20 21:14:56,287 [pool-558-thread-1] INFO  util.JmxRegister (JmxRegister.java:tryRegister(44)) - Successfully registered JMX Bean with object name Ratis:service=RaftServer,group=group-B133B00B6FC4,id=0682f0bd-ffd8-48c0-b0ba-6106fa582228
2019-08-20 21:14:56,287 [pool-536-thread-1] INFO  util.JmxRegister (JmxRegister.java:tryRegister(44)) - Successfully registered JMX Bean with object name Ratis:service=RaftServer,group=group-B133B00B6FC4,id=513741be-bb9c-4b44-a92d-df6c353b58d2
2019-08-20 21:14:56,289 [RatisPipelineUtilsThread] INFO  pipeline.PipelineStateManager (PipelineStateManager.java:addPipeline(56)) - Created pipeline Pipeline[ Id: 155abae6-99fc-4be2-a2da-b133b00b6fc4, Nodes: 513741be-bb9c-4b44-a92d-df6c353b58d2{ip: 192.168.34.22, host: pr-hdds-1973-z7hz4-2971538320, networkLocation: /default-rack, certSerialId: null}0682f0bd-ffd8-48c0-b0ba-6106fa582228{ip: 192.168.34.22, host: pr-hdds-1973-z7hz4-2971538320, networkLocation: /default-rack, certSerialId: null}05488788-9b27-429d-ba76-e196dab11564{ip: 192.168.34.22, host: pr-hdds-1973-z7hz4-2971538320, networkLocation: /default-rack, certSerialId: null}, Type:RATIS, Factor:THREE, State:OPEN]
2019-08-20 21:14:56,561 [IPC Server handler 3 on 38263] INFO  net.NetworkTopology (NetworkTopologyImpl.java:add(110)) - Added a new node: /default-rack/b918b925-974f-4261-bde0-42b23f02a612
2019-08-20 21:14:56,561 [IPC Server handler 3 on 38263] INFO  node.SCMNodeManager (SCMNodeManager.java:register(273)) - Registered Data node : b918b925-974f-4261-bde0-42b23f02a612{ip: 192.168.34.22, host: pr-hdds-1973-z7hz4-2971538320, networkLocation: /default-rack, certSerialId: null}
2019-08-20 21:14:56,561 | INFO  | SCMAudit | user=jenkins1000 | ip=192.168.34.22 | op=REGISTER {datanodeDetails=b918b925-974f-4261-bde0-42b23f02a612{ip: 192.168.34.22, host: pr-hdds-1973-z7hz4-2971538320, networkLocation: /default-rack, certSerialId: null}} | ret=SUCCESS |  
2019-08-20 21:14:56,576 [grpc-default-executor-8] INFO  impl.RaftServerProxy (RaftServerProxy.java:addNew(89)) - b918b925-974f-4261-bde0-42b23f02a612: addNew group-38A87A6A54C1:[b918b925-974f-4261-bde0-42b23f02a612:192.168.34.22:40857] returns group-38A87A6A54C1:java.util.concurrent.CompletableFuture@51f9bcbb[Not completed]
2019-08-20 21:14:56,577 [pool-569-thread-1] INFO  impl.RaftServerImpl (RaftServerImpl.java:<init>(93)) - b918b925-974f-4261-bde0-42b23f02a612: new RaftServerImpl for group-38A87A6A54C1:[b918b925-974f-4261-bde0-42b23f02a612:192.168.34.22:40857] with ContainerStateMachine:uninitialized
2019-08-20 21:14:56,577 [pool-569-thread-1] INFO  server.RaftServerConfigKeys (ConfUtils.java:logGet(43)) - raft.server.rpc.timeout.min = 5s (custom)
2019-08-20 21:14:56,577 [pool-569-thread-1] INFO  server.RaftServerConfigKeys (ConfUtils.java:logGet(43)) - raft.server.rpc.timeout.max = 5200ms (custom)
2019-08-20 21:14:56,577 [pool-569-thread-1] INFO  server.RaftServerConfigKeys (ConfUtils.java:logGet(43)) - raft.server.rpcslowness.timeout = 120s (custom)
2019-08-20 21:14:56,577 [pool-569-thread-1] INFO  server.RaftServerConfigKeys (ConfUtils.java:logGet(43)) - raft.server.sleep.deviation.threshold = 300 (default)
2019-08-20 21:14:56,577 [pool-569-thread-1] INFO  server.RaftServerConfigKeys (ConfUtils.java:logGet(43)) - raft.server.log.appender.install.snapshot.enabled = false (custom)
2019-08-20 21:14:56,577 [pool-569-thread-1] INFO  impl.RaftServerImpl (ServerState.java:<init>(105)) - b918b925-974f-4261-bde0-42b23f02a612:group-38A87A6A54C1 ConfigurationManager, init=-1: [b918b925-974f-4261-bde0-42b23f02a612:192.168.34.22:40857], old=null, confs=<EMPTY_MAP>
2019-08-20 21:14:56,578 [pool-569-thread-1] INFO  server.RaftServerConfigKeys (ConfUtils.java:logGet(43)) - raft.server.storage.dir = [/workdir/hadoop-ozone/integration-test/target/test-dir/MiniOzoneClusterImpl-8c73d54b-95bd-449d-9cb4-8faeda19692d/datanode-3/data/ratis] (custom)
2019-08-20 21:14:56,578 [pool-569-thread-1] INFO  storage.RaftStorageDirectory (RaftStorageDirectory.java:analyzeStorage(246)) - The storage directory /workdir/hadoop-ozone/integration-test/target/test-dir/MiniOzoneClusterImpl-8c73d54b-95bd-449d-9cb4-8faeda19692d/datanode-3/data/ratis/88efc8b1-af5c-473a-859e-38a87a6a54c1 does not exist. Creating ...
2019-08-20 21:14:56,592 [pool-569-thread-1] INFO  storage.RaftStorageDirectory (RaftStorageDirectory.java:tryLock(328)) - Lock on /workdir/hadoop-ozone/integration-test/target/test-dir/MiniOzoneClusterImpl-8c73d54b-95bd-449d-9cb4-8faeda19692d/datanode-3/data/ratis/88efc8b1-af5c-473a-859e-38a87a6a54c1/in_use.lock acquired by nodename 12292@pr-hdds-1973-z7hz4-2971538320
2019-08-20 21:14:56,606 [pool-569-thread-1] INFO  storage.RaftStorage (RaftStorage.java:format(72)) - Storage directory /workdir/hadoop-ozone/integration-test/target/test-dir/MiniOzoneClusterImpl-8c73d54b-95bd-449d-9cb4-8faeda19692d/datanode-3/data/ratis/88efc8b1-af5c-473a-859e-38a87a6a54c1 has been successfully formatted.
2019-08-20 21:14:56,606 [pool-569-thread-1] INFO  ratis.ContainerStateMachine (ContainerStateMachine.java:loadSnapshot(222)) - group-38A87A6A54C1: The snapshot info is null. Setting the last applied indexto:(t:0, i:~)
2019-08-20 21:14:56,607 [pool-569-thread-1] INFO  server.RaftServerConfigKeys (ConfUtils.java:logGet(43)) - raft.server.leader.election.timeout = 120s (custom)
2019-08-20 21:14:56,607 [pool-569-thread-1] INFO  server.RaftServerConfigKeys (ConfUtils.java:logGet(43)) - raft.server.log.use.memory = false (default)
2019-08-20 21:14:56,607 [pool-569-thread-1] INFO  server.RaftServerConfigKeys (ConfUtils.java:logGet(43)) - raft.server.log.purge.gap = 1000000 (custom)
2019-08-20 21:14:56,607 [pool-569-thread-1] INFO  server.RaftServerConfigKeys (ConfUtils.java:logGet(43)) - raft.server.log.appender.buffer.byte-limit = 33554432 (custom)
2019-08-20 21:14:56,607 [pool-569-thread-1] INFO  server.RaftServerConfigKeys (ConfUtils.java:logGet(43)) - raft.server.log.segment.size.max = 1048576 (custom)
2019-08-20 21:14:56,607 [pool-569-thread-1] INFO  server.RaftServerConfigKeys (ConfUtils.java:logGet(43)) - raft.server.log.segment.cache.num.max = 2 (custom)
2019-08-20 21:14:56,607 [pool-569-thread-1] INFO  segmented.SegmentedRaftLogWorker (SegmentedRaftLogWorker.java:<init>(172)) - new b918b925-974f-4261-bde0-42b23f02a612-SegmentedRaftLogWorker:Storage Directory /workdir/hadoop-ozone/integration-test/target/test-dir/MiniOzoneClusterImpl-8c73d54b-95bd-449d-9cb4-8faeda19692d/datanode-3/data/ratis/88efc8b1-af5c-473a-859e-38a87a6a54c1 for RaftStorage:Storage Directory /workdir/hadoop-ozone/integration-test/target/test-dir/MiniOzoneClusterImpl-8c73d54b-95bd-449d-9cb4-8faeda19692d/datanode-3/data/ratis/88efc8b1-af5c-473a-859e-38a87a6a54c1
2019-08-20 21:14:56,607 [pool-569-thread-1] INFO  server.RaftServerConfigKeys (ConfUtils.java:logGet(43)) - raft.server.log.queue.byte-limit = 2147483647 (custom)
2019-08-20 21:14:56,608 [pool-569-thread-1] INFO  server.RaftServerConfigKeys (ConfUtils.java:logGet(43)) - raft.server.log.queue.element-limit = 1024 (custom)
2019-08-20 21:14:56,608 [pool-569-thread-1] INFO  server.RaftServerConfigKeys (ConfUtils.java:logGet(43)) - raft.server.log.segment.size.max = 1048576 (custom)
2019-08-20 21:14:56,608 [pool-569-thread-1] INFO  server.RaftServerConfigKeys (ConfUtils.java:logGet(43)) - raft.server.log.preallocated.size = 16384 (custom)
2019-08-20 21:14:56,608 [pool-569-thread-1] INFO  server.RaftServerConfigKeys (ConfUtils.java:logGet(43)) - raft.server.log.write.buffer.size = 33554432 (custom)
2019-08-20 21:14:56,608 [pool-569-thread-1] INFO  server.RaftServerConfigKeys (ConfUtils.java:logGet(43)) - raft.server.log.force.sync.num = 128 (default)
2019-08-20 21:14:56,608 [pool-569-thread-1] INFO  server.RaftServerConfigKeys (ConfUtils.java:logGet(43)) - raft.server.log.statemachine.data.sync = true (default)
2019-08-20 21:14:56,608 [pool-569-thread-1] INFO  server.RaftServerConfigKeys (ConfUtils.java:logGet(43)) - raft.server.log.statemachine.data.sync.timeout = 10s (default)
2019-08-20 21:14:56,609 [pool-569-thread-1] INFO  server.RaftServerConfigKeys (ConfUtils.java:logGet(43)) - raft.server.log.statemachine.data.sync.timeout.retry = -1 (default)
2019-08-20 21:14:56,609 [pool-569-thread-1] INFO  server.RaftServerConfigKeys (ConfUtils.java:logGet(43)) - raft.server.log.statemachine.data.caching.enabled = true (custom)
2019-08-20 21:14:56,609 [pool-569-thread-1] INFO  segmented.SegmentedRaftLogWorker (SegmentedRaftLogWorker.java:lambda$new$0(132)) - b918b925-974f-4261-bde0-42b23f02a612-SegmentedRaftLogWorker:Storage Directory /workdir/hadoop-ozone/integration-test/target/test-dir/MiniOzoneClusterImpl-8c73d54b-95bd-449d-9cb4-8faeda19692d/datanode-3/data/ratis/88efc8b1-af5c-473a-859e-38a87a6a54c1: flushIndex: setUnconditionally 0 -> -1
2019-08-20 21:14:56,609 [pool-569-thread-1] INFO  server.RaftServerConfigKeys (ConfUtils.java:logGet(43)) - raft.server.snapshot.auto.trigger.enabled = true (custom)
2019-08-20 21:14:56,609 [pool-569-thread-1] INFO  server.RaftServerConfigKeys (ConfUtils.java:logGet(43)) - raft.server.snapshot.auto.trigger.threshold = 10000 (custom)
2019-08-20 21:14:56,610 [pool-569-thread-1] INFO  server.RaftServerConfigKeys (ConfUtils.java:logGet(43)) - raft.server.retrycache.expirytime = 600000ms (custom)
2019-08-20 21:14:56,610 [pool-569-thread-1] INFO  impl.RaftServerImpl (RaftServerImpl.java:start(180)) - b918b925-974f-4261-bde0-42b23f02a612: start group-38A87A6A54C1
2019-08-20 21:14:56,610 [pool-569-thread-1] INFO  impl.RaftServerImpl (RaftServerImpl.java:setRole(171)) - b918b925-974f-4261-bde0-42b23f02a612:group-38A87A6A54C1 changes role from null to FOLLOWER at term 0 for startAsFollower
2019-08-20 21:14:56,610 [pool-569-thread-1] INFO  impl.RoleInfo (RoleInfo.java:updateAndGet(143)) - b918b925-974f-4261-bde0-42b23f02a612: start FollowerState
2019-08-20 21:14:56,610 [pool-569-thread-1] INFO  util.JmxRegister (JmxRegister.java:tryRegister(44)) - Successfully registered JMX Bean with object name Ratis:service=RaftServer,group=group-38A87A6A54C1,id=b918b925-974f-4261-bde0-42b23f02a612
2019-08-20 21:14:56,612 [RatisPipelineUtilsThread] INFO  pipeline.PipelineStateManager (PipelineStateManager.java:addPipeline(56)) - Created pipeline Pipeline[ Id: 88efc8b1-af5c-473a-859e-38a87a6a54c1, Nodes: b918b925-974f-4261-bde0-42b23f02a612{ip: 192.168.34.22, host: pr-hdds-1973-z7hz4-2971538320, networkLocation: /default-rack, certSerialId: null}, Type:RATIS, Factor:ONE, State:OPEN]
2019-08-20 21:14:56,758 [IPC Server handler 2 on 38263] INFO  net.NetworkTopology (NetworkTopologyImpl.java:add(110)) - Added a new node: /default-rack/7d335ae0-aa74-4335-afe9-a2c1bf276fed
2019-08-20 21:14:56,758 [IPC Server handler 2 on 38263] INFO  node.SCMNodeManager (SCMNodeManager.java:register(273)) - Registered Data node : 7d335ae0-aa74-4335-afe9-a2c1bf276fed{ip: 192.168.34.22, host: pr-hdds-1973-z7hz4-2971538320, networkLocation: /default-rack, certSerialId: null}
2019-08-20 21:14:56,762 | INFO  | SCMAudit | user=jenkins1000 | ip=192.168.34.22 | op=REGISTER {datanodeDetails=7d335ae0-aa74-4335-afe9-a2c1bf276fed{ip: 192.168.34.22, host: pr-hdds-1973-z7hz4-2971538320, networkLocation: /default-rack, certSerialId: null}} | ret=SUCCESS |  
2019-08-20 21:14:56,769 [grpc-default-executor-8] INFO  impl.RaftServerProxy (RaftServerProxy.java:addNew(89)) - 7d335ae0-aa74-4335-afe9-a2c1bf276fed: addNew group-5B1EDAFB322E:[7d335ae0-aa74-4335-afe9-a2c1bf276fed:192.168.34.22:41842] returns group-5B1EDAFB322E:java.util.concurrent.CompletableFuture@9be0c72[Not completed]
2019-08-20 21:14:56,770 [pool-580-thread-1] INFO  impl.RaftServerImpl (RaftServerImpl.java:<init>(93)) - 7d335ae0-aa74-4335-afe9-a2c1bf276fed: new RaftServerImpl for group-5B1EDAFB322E:[7d335ae0-aa74-4335-afe9-a2c1bf276fed:192.168.34.22:41842] with ContainerStateMachine:uninitialized
2019-08-20 21:14:56,770 [pool-580-thread-1] INFO  server.RaftServerConfigKeys (ConfUtils.java:logGet(43)) - raft.server.rpc.timeout.min = 5s (custom)
2019-08-20 21:14:56,770 [pool-580-thread-1] INFO  server.RaftServerConfigKeys (ConfUtils.java:logGet(43)) - raft.server.rpc.timeout.max = 5200ms (custom)
2019-08-20 21:14:56,770 [pool-580-thread-1] INFO  server.RaftServerConfigKeys (ConfUtils.java:logGet(43)) - raft.server.rpcslowness.timeout = 120s (custom)
2019-08-20 21:14:56,770 [pool-580-thread-1] INFO  server.RaftServerConfigKeys (ConfUtils.java:logGet(43)) - raft.server.sleep.deviation.threshold = 300 (default)
2019-08-20 21:14:56,770 [pool-580-thread-1] INFO  server.RaftServerConfigKeys (ConfUtils.java:logGet(43)) - raft.server.log.appender.install.snapshot.enabled = false (custom)
2019-08-20 21:14:56,770 [pool-580-thread-1] INFO  impl.RaftServerImpl (ServerState.java:<init>(105)) - 7d335ae0-aa74-4335-afe9-a2c1bf276fed:group-5B1EDAFB322E ConfigurationManager, init=-1: [7d335ae0-aa74-4335-afe9-a2c1bf276fed:192.168.34.22:41842], old=null, confs=<EMPTY_MAP>
2019-08-20 21:14:56,770 [pool-580-thread-1] INFO  server.RaftServerConfigKeys (ConfUtils.java:logGet(43)) - raft.server.storage.dir = [/workdir/hadoop-ozone/integration-test/target/test-dir/MiniOzoneClusterImpl-8c73d54b-95bd-449d-9cb4-8faeda19692d/datanode-4/data/ratis] (custom)
2019-08-20 21:14:56,771 [pool-580-thread-1] INFO  storage.RaftStorageDirectory (RaftStorageDirectory.java:analyzeStorage(246)) - The storage directory /workdir/hadoop-ozone/integration-test/target/test-dir/MiniOzoneClusterImpl-8c73d54b-95bd-449d-9cb4-8faeda19692d/datanode-4/data/ratis/fbdb9ada-d8bf-48b9-9563-5b1edafb322e does not exist. Creating ...
2019-08-20 21:14:56,816 [pool-580-thread-1] INFO  storage.RaftStorageDirectory (RaftStorageDirectory.java:tryLock(328)) - Lock on /workdir/hadoop-ozone/integration-test/target/test-dir/MiniOzoneClusterImpl-8c73d54b-95bd-449d-9cb4-8faeda19692d/datanode-4/data/ratis/fbdb9ada-d8bf-48b9-9563-5b1edafb322e/in_use.lock acquired by nodename 12292@pr-hdds-1973-z7hz4-2971538320
2019-08-20 21:14:56,819 [pool-580-thread-1] INFO  storage.RaftStorage (RaftStorage.java:format(72)) - Storage directory /workdir/hadoop-ozone/integration-test/target/test-dir/MiniOzoneClusterImpl-8c73d54b-95bd-449d-9cb4-8faeda19692d/datanode-4/data/ratis/fbdb9ada-d8bf-48b9-9563-5b1edafb322e has been successfully formatted.
2019-08-20 21:14:56,820 [pool-580-thread-1] INFO  ratis.ContainerStateMachine (ContainerStateMachine.java:loadSnapshot(222)) - group-5B1EDAFB322E: The snapshot info is null. Setting the last applied indexto:(t:0, i:~)
2019-08-20 21:14:56,820 [pool-580-thread-1] INFO  server.RaftServerConfigKeys (ConfUtils.java:logGet(43)) - raft.server.leader.election.timeout = 120s (custom)
2019-08-20 21:14:56,820 [pool-580-thread-1] INFO  server.RaftServerConfigKeys (ConfUtils.java:logGet(43)) - raft.server.log.use.memory = false (default)
2019-08-20 21:14:56,820 [pool-580-thread-1] INFO  server.RaftServerConfigKeys (ConfUtils.java:logGet(43)) - raft.server.log.purge.gap = 1000000 (custom)
2019-08-20 21:14:56,820 [pool-580-thread-1] INFO  server.RaftServerConfigKeys (ConfUtils.java:logGet(43)) - raft.server.log.appender.buffer.byte-limit = 33554432 (custom)
2019-08-20 21:14:56,820 [pool-580-thread-1] INFO  server.RaftServerConfigKeys (ConfUtils.java:logGet(43)) - raft.server.log.segment.size.max = 1048576 (custom)
2019-08-20 21:14:56,820 [pool-580-thread-1] INFO  server.RaftServerConfigKeys (ConfUtils.java:logGet(43)) - raft.server.log.segment.cache.num.max = 2 (custom)
2019-08-20 21:14:56,820 [pool-580-thread-1] INFO  segmented.SegmentedRaftLogWorker (SegmentedRaftLogWorker.java:<init>(172)) - new 7d335ae0-aa74-4335-afe9-a2c1bf276fed-SegmentedRaftLogWorker:Storage Directory /workdir/hadoop-ozone/integration-test/target/test-dir/MiniOzoneClusterImpl-8c73d54b-95bd-449d-9cb4-8faeda19692d/datanode-4/data/ratis/fbdb9ada-d8bf-48b9-9563-5b1edafb322e for RaftStorage:Storage Directory /workdir/hadoop-ozone/integration-test/target/test-dir/MiniOzoneClusterImpl-8c73d54b-95bd-449d-9cb4-8faeda19692d/datanode-4/data/ratis/fbdb9ada-d8bf-48b9-9563-5b1edafb322e
2019-08-20 21:14:56,820 [pool-580-thread-1] INFO  server.RaftServerConfigKeys (ConfUtils.java:logGet(43)) - raft.server.log.queue.byte-limit = 2147483647 (custom)
2019-08-20 21:14:56,820 [pool-580-thread-1] INFO  server.RaftServerConfigKeys (ConfUtils.java:logGet(43)) - raft.server.log.queue.element-limit = 1024 (custom)
2019-08-20 21:14:56,821 [pool-580-thread-1] INFO  server.RaftServerConfigKeys (ConfUtils.java:logGet(43)) - raft.server.log.segment.size.max = 1048576 (custom)
2019-08-20 21:14:56,821 [pool-580-thread-1] INFO  server.RaftServerConfigKeys (ConfUtils.java:logGet(43)) - raft.server.log.preallocated.size = 16384 (custom)
2019-08-20 21:14:56,821 [pool-580-thread-1] INFO  server.RaftServerConfigKeys (ConfUtils.java:logGet(43)) - raft.server.log.write.buffer.size = 33554432 (custom)
2019-08-20 21:14:56,821 [pool-580-thread-1] INFO  server.RaftServerConfigKeys (ConfUtils.java:logGet(43)) - raft.server.log.force.sync.num = 128 (default)
2019-08-20 21:14:56,821 [pool-580-thread-1] INFO  server.RaftServerConfigKeys (ConfUtils.java:logGet(43)) - raft.server.log.statemachine.data.sync = true (default)
2019-08-20 21:14:56,821 [pool-580-thread-1] INFO  server.RaftServerConfigKeys (ConfUtils.java:logGet(43)) - raft.server.log.statemachine.data.sync.timeout = 10s (default)
2019-08-20 21:14:56,821 [pool-580-thread-1] INFO  server.RaftServerConfigKeys (ConfUtils.java:logGet(43)) - raft.server.log.statemachine.data.sync.timeout.retry = -1 (default)
2019-08-20 21:14:56,821 [pool-580-thread-1] INFO  server.RaftServerConfigKeys (ConfUtils.java:logGet(43)) - raft.server.log.statemachine.data.caching.enabled = true (custom)
2019-08-20 21:14:56,822 [pool-580-thread-1] INFO  segmented.SegmentedRaftLogWorker (SegmentedRaftLogWorker.java:lambda$new$0(132)) - 7d335ae0-aa74-4335-afe9-a2c1bf276fed-SegmentedRaftLogWorker:Storage Directory /workdir/hadoop-ozone/integration-test/target/test-dir/MiniOzoneClusterImpl-8c73d54b-95bd-449d-9cb4-8faeda19692d/datanode-4/data/ratis/fbdb9ada-d8bf-48b9-9563-5b1edafb322e: flushIndex: setUnconditionally 0 -> -1
2019-08-20 21:14:56,822 [pool-580-thread-1] INFO  server.RaftServerConfigKeys (ConfUtils.java:logGet(43)) - raft.server.snapshot.auto.trigger.enabled = true (custom)
2019-08-20 21:14:56,822 [pool-580-thread-1] INFO  server.RaftServerConfigKeys (ConfUtils.java:logGet(43)) - raft.server.snapshot.auto.trigger.threshold = 10000 (custom)
2019-08-20 21:14:56,822 [pool-580-thread-1] INFO  server.RaftServerConfigKeys (ConfUtils.java:logGet(43)) - raft.server.retrycache.expirytime = 600000ms (custom)
2019-08-20 21:14:56,822 [pool-580-thread-1] INFO  impl.RaftServerImpl (RaftServerImpl.java:start(180)) - 7d335ae0-aa74-4335-afe9-a2c1bf276fed: start group-5B1EDAFB322E
2019-08-20 21:14:56,822 [pool-580-thread-1] INFO  impl.RaftServerImpl (RaftServerImpl.java:setRole(171)) - 7d335ae0-aa74-4335-afe9-a2c1bf276fed:group-5B1EDAFB322E changes role from null to FOLLOWER at term 0 for startAsFollower
2019-08-20 21:14:56,822 [pool-580-thread-1] INFO  impl.RoleInfo (RoleInfo.java:updateAndGet(143)) - 7d335ae0-aa74-4335-afe9-a2c1bf276fed: start FollowerState
2019-08-20 21:14:56,823 [pool-580-thread-1] INFO  util.JmxRegister (JmxRegister.java:tryRegister(44)) - Successfully registered JMX Bean with object name Ratis:service=RaftServer,group=group-5B1EDAFB322E,id=7d335ae0-aa74-4335-afe9-a2c1bf276fed
2019-08-20 21:14:56,824 [RatisPipelineUtilsThread] INFO  pipeline.PipelineStateManager (PipelineStateManager.java:addPipeline(56)) - Created pipeline Pipeline[ Id: fbdb9ada-d8bf-48b9-9563-5b1edafb322e, Nodes: 7d335ae0-aa74-4335-afe9-a2c1bf276fed{ip: 192.168.34.22, host: pr-hdds-1973-z7hz4-2971538320, networkLocation: /default-rack, certSerialId: null}, Type:RATIS, Factor:ONE, State:OPEN]
2019-08-20 21:14:56,960 [IPC Server handler 13 on 38263] INFO  net.NetworkTopology (NetworkTopologyImpl.java:add(110)) - Added a new node: /default-rack/32ffa085-9cde-438a-a539-ceb56a7e13bd
2019-08-20 21:14:56,960 [IPC Server handler 13 on 38263] INFO  node.SCMNodeManager (SCMNodeManager.java:register(273)) - Registered Data node : 32ffa085-9cde-438a-a539-ceb56a7e13bd{ip: 192.168.34.22, host: pr-hdds-1973-z7hz4-2971538320, networkLocation: /default-rack, certSerialId: null}
2019-08-20 21:14:56,960 | INFO  | SCMAudit | user=jenkins1000 | ip=192.168.34.22 | op=REGISTER {datanodeDetails=32ffa085-9cde-438a-a539-ceb56a7e13bd{ip: 192.168.34.22, host: pr-hdds-1973-z7hz4-2971538320, networkLocation: /default-rack, certSerialId: null}} | ret=SUCCESS |  
2019-08-20 21:14:56,967 [grpc-default-executor-8] INFO  impl.RaftServerProxy (RaftServerProxy.java:addNew(89)) - 32ffa085-9cde-438a-a539-ceb56a7e13bd: addNew group-38B8956BBA49:[32ffa085-9cde-438a-a539-ceb56a7e13bd:192.168.34.22:41770] returns group-38B8956BBA49:java.util.concurrent.CompletableFuture@1b3ef374[Not completed]
2019-08-20 21:14:56,968 [pool-591-thread-1] INFO  impl.RaftServerImpl (RaftServerImpl.java:<init>(93)) - 32ffa085-9cde-438a-a539-ceb56a7e13bd: new RaftServerImpl for group-38B8956BBA49:[32ffa085-9cde-438a-a539-ceb56a7e13bd:192.168.34.22:41770] with ContainerStateMachine:uninitialized
2019-08-20 21:14:56,969 [pool-591-thread-1] INFO  server.RaftServerConfigKeys (ConfUtils.java:logGet(43)) - raft.server.rpc.timeout.min = 5s (custom)
2019-08-20 21:14:56,969 [pool-591-thread-1] INFO  server.RaftServerConfigKeys (ConfUtils.java:logGet(43)) - raft.server.rpc.timeout.max = 5200ms (custom)
2019-08-20 21:14:56,969 [pool-591-thread-1] INFO  server.RaftServerConfigKeys (ConfUtils.java:logGet(43)) - raft.server.rpcslowness.timeout = 120s (custom)
2019-08-20 21:14:56,969 [pool-591-thread-1] INFO  server.RaftServerConfigKeys (ConfUtils.java:logGet(43)) - raft.server.sleep.deviation.threshold = 300 (default)
2019-08-20 21:14:56,969 [pool-591-thread-1] INFO  server.RaftServerConfigKeys (ConfUtils.java:logGet(43)) - raft.server.log.appender.install.snapshot.enabled = false (custom)
2019-08-20 21:14:56,969 [pool-591-thread-1] INFO  impl.RaftServerImpl (ServerState.java:<init>(105)) - 32ffa085-9cde-438a-a539-ceb56a7e13bd:group-38B8956BBA49 ConfigurationManager, init=-1: [32ffa085-9cde-438a-a539-ceb56a7e13bd:192.168.34.22:41770], old=null, confs=<EMPTY_MAP>
2019-08-20 21:14:56,969 [pool-591-thread-1] INFO  server.RaftServerConfigKeys (ConfUtils.java:logGet(43)) - raft.server.storage.dir = [/workdir/hadoop-ozone/integration-test/target/test-dir/MiniOzoneClusterImpl-8c73d54b-95bd-449d-9cb4-8faeda19692d/datanode-5/data/ratis] (custom)
2019-08-20 21:14:56,969 [pool-591-thread-1] INFO  storage.RaftStorageDirectory (RaftStorageDirectory.java:analyzeStorage(246)) - The storage directory /workdir/hadoop-ozone/integration-test/target/test-dir/MiniOzoneClusterImpl-8c73d54b-95bd-449d-9cb4-8faeda19692d/datanode-5/data/ratis/02b9f26f-6241-4790-b8e8-38b8956bba49 does not exist. Creating ...
2019-08-20 21:14:56,986 [pool-591-thread-1] INFO  storage.RaftStorageDirectory (RaftStorageDirectory.java:tryLock(328)) - Lock on /workdir/hadoop-ozone/integration-test/target/test-dir/MiniOzoneClusterImpl-8c73d54b-95bd-449d-9cb4-8faeda19692d/datanode-5/data/ratis/02b9f26f-6241-4790-b8e8-38b8956bba49/in_use.lock acquired by nodename 12292@pr-hdds-1973-z7hz4-2971538320
2019-08-20 21:14:57,000 [pool-591-thread-1] INFO  storage.RaftStorage (RaftStorage.java:format(72)) - Storage directory /workdir/hadoop-ozone/integration-test/target/test-dir/MiniOzoneClusterImpl-8c73d54b-95bd-449d-9cb4-8faeda19692d/datanode-5/data/ratis/02b9f26f-6241-4790-b8e8-38b8956bba49 has been successfully formatted.
2019-08-20 21:14:57,001 [pool-591-thread-1] INFO  ratis.ContainerStateMachine (ContainerStateMachine.java:loadSnapshot(222)) - group-38B8956BBA49: The snapshot info is null. Setting the last applied indexto:(t:0, i:~)
2019-08-20 21:14:57,001 [pool-591-thread-1] INFO  server.RaftServerConfigKeys (ConfUtils.java:logGet(43)) - raft.server.leader.election.timeout = 120s (custom)
2019-08-20 21:14:57,001 [pool-591-thread-1] INFO  server.RaftServerConfigKeys (ConfUtils.java:logGet(43)) - raft.server.log.use.memory = false (default)
2019-08-20 21:14:57,001 [pool-591-thread-1] INFO  server.RaftServerConfigKeys (ConfUtils.java:logGet(43)) - raft.server.log.purge.gap = 1000000 (custom)
2019-08-20 21:14:57,001 [pool-591-thread-1] INFO  server.RaftServerConfigKeys (ConfUtils.java:logGet(43)) - raft.server.log.appender.buffer.byte-limit = 33554432 (custom)
2019-08-20 21:14:57,001 [pool-591-thread-1] INFO  server.RaftServerConfigKeys (ConfUtils.java:logGet(43)) - raft.server.log.segment.size.max = 1048576 (custom)
2019-08-20 21:14:57,001 [pool-591-thread-1] INFO  server.RaftServerConfigKeys (ConfUtils.java:logGet(43)) - raft.server.log.segment.cache.num.max = 2 (custom)
2019-08-20 21:14:57,001 [pool-591-thread-1] INFO  segmented.SegmentedRaftLogWorker (SegmentedRaftLogWorker.java:<init>(172)) - new 32ffa085-9cde-438a-a539-ceb56a7e13bd-SegmentedRaftLogWorker:Storage Directory /workdir/hadoop-ozone/integration-test/target/test-dir/MiniOzoneClusterImpl-8c73d54b-95bd-449d-9cb4-8faeda19692d/datanode-5/data/ratis/02b9f26f-6241-4790-b8e8-38b8956bba49 for RaftStorage:Storage Directory /workdir/hadoop-ozone/integration-test/target/test-dir/MiniOzoneClusterImpl-8c73d54b-95bd-449d-9cb4-8faeda19692d/datanode-5/data/ratis/02b9f26f-6241-4790-b8e8-38b8956bba49
2019-08-20 21:14:57,002 [pool-591-thread-1] INFO  server.RaftServerConfigKeys (ConfUtils.java:logGet(43)) - raft.server.log.queue.byte-limit = 2147483647 (custom)
2019-08-20 21:14:57,002 [pool-591-thread-1] INFO  server.RaftServerConfigKeys (ConfUtils.java:logGet(43)) - raft.server.log.queue.element-limit = 1024 (custom)
2019-08-20 21:14:57,002 [pool-591-thread-1] INFO  server.RaftServerConfigKeys (ConfUtils.java:logGet(43)) - raft.server.log.segment.size.max = 1048576 (custom)
2019-08-20 21:14:57,002 [pool-591-thread-1] INFO  server.RaftServerConfigKeys (ConfUtils.java:logGet(43)) - raft.server.log.preallocated.size = 16384 (custom)
2019-08-20 21:14:57,002 [pool-591-thread-1] INFO  server.RaftServerConfigKeys (ConfUtils.java:logGet(43)) - raft.server.log.write.buffer.size = 33554432 (custom)
2019-08-20 21:14:57,002 [pool-591-thread-1] INFO  server.RaftServerConfigKeys (ConfUtils.java:logGet(43)) - raft.server.log.force.sync.num = 128 (default)
2019-08-20 21:14:57,002 [pool-591-thread-1] INFO  server.RaftServerConfigKeys (ConfUtils.java:logGet(43)) - raft.server.log.statemachine.data.sync = true (default)
2019-08-20 21:14:57,002 [pool-591-thread-1] INFO  server.RaftServerConfigKeys (ConfUtils.java:logGet(43)) - raft.server.log.statemachine.data.sync.timeout = 10s (default)
2019-08-20 21:14:57,003 [pool-591-thread-1] INFO  server.RaftServerConfigKeys (ConfUtils.java:logGet(43)) - raft.server.log.statemachine.data.sync.timeout.retry = -1 (default)
2019-08-20 21:14:57,003 [pool-591-thread-1] INFO  server.RaftServerConfigKeys (ConfUtils.java:logGet(43)) - raft.server.log.statemachine.data.caching.enabled = true (custom)
2019-08-20 21:14:57,003 [pool-591-thread-1] INFO  segmented.SegmentedRaftLogWorker (SegmentedRaftLogWorker.java:lambda$new$0(132)) - 32ffa085-9cde-438a-a539-ceb56a7e13bd-SegmentedRaftLogWorker:Storage Directory /workdir/hadoop-ozone/integration-test/target/test-dir/MiniOzoneClusterImpl-8c73d54b-95bd-449d-9cb4-8faeda19692d/datanode-5/data/ratis/02b9f26f-6241-4790-b8e8-38b8956bba49: flushIndex: setUnconditionally 0 -> -1
2019-08-20 21:14:57,003 [pool-591-thread-1] INFO  server.RaftServerConfigKeys (ConfUtils.java:logGet(43)) - raft.server.snapshot.auto.trigger.enabled = true (custom)
2019-08-20 21:14:57,004 [pool-591-thread-1] INFO  server.RaftServerConfigKeys (ConfUtils.java:logGet(43)) - raft.server.snapshot.auto.trigger.threshold = 10000 (custom)
2019-08-20 21:14:57,004 [pool-591-thread-1] INFO  server.RaftServerConfigKeys (ConfUtils.java:logGet(43)) - raft.server.retrycache.expirytime = 600000ms (custom)
2019-08-20 21:14:57,004 [pool-591-thread-1] INFO  impl.RaftServerImpl (RaftServerImpl.java:start(180)) - 32ffa085-9cde-438a-a539-ceb56a7e13bd: start group-38B8956BBA49
2019-08-20 21:14:57,004 [pool-591-thread-1] INFO  impl.RaftServerImpl (RaftServerImpl.java:setRole(171)) - 32ffa085-9cde-438a-a539-ceb56a7e13bd:group-38B8956BBA49 changes role from null to FOLLOWER at term 0 for startAsFollower
2019-08-20 21:14:57,004 [pool-591-thread-1] INFO  impl.RoleInfo (RoleInfo.java:updateAndGet(143)) - 32ffa085-9cde-438a-a539-ceb56a7e13bd: start FollowerState
2019-08-20 21:14:57,005 [pool-591-thread-1] INFO  util.JmxRegister (JmxRegister.java:tryRegister(44)) - Successfully registered JMX Bean with object name Ratis:service=RaftServer,group=group-38B8956BBA49,id=32ffa085-9cde-438a-a539-ceb56a7e13bd
2019-08-20 21:14:57,007 [RatisPipelineUtilsThread] INFO  pipeline.PipelineStateManager (PipelineStateManager.java:addPipeline(56)) - Created pipeline Pipeline[ Id: 02b9f26f-6241-4790-b8e8-38b8956bba49, Nodes: 32ffa085-9cde-438a-a539-ceb56a7e13bd{ip: 192.168.34.22, host: pr-hdds-1973-z7hz4-2971538320, networkLocation: /default-rack, certSerialId: null}, Type:RATIS, Factor:ONE, State:OPEN]
2019-08-20 21:14:57,029 [grpc-default-executor-8] INFO  impl.RaftServerProxy (RaftServerProxy.java:addNew(89)) - 7d335ae0-aa74-4335-afe9-a2c1bf276fed: addNew group-C6D50AD0AAE4:[32ffa085-9cde-438a-a539-ceb56a7e13bd:192.168.34.22:41770, 7d335ae0-aa74-4335-afe9-a2c1bf276fed:192.168.34.22:41842, b918b925-974f-4261-bde0-42b23f02a612:192.168.34.22:40857] returns group-C6D50AD0AAE4:java.util.concurrent.CompletableFuture@4ee1a81[Not completed]
2019-08-20 21:14:57,029 [grpc-default-executor-6] INFO  impl.RaftServerProxy (RaftServerProxy.java:addNew(89)) - 32ffa085-9cde-438a-a539-ceb56a7e13bd: addNew group-C6D50AD0AAE4:[32ffa085-9cde-438a-a539-ceb56a7e13bd:192.168.34.22:41770, 7d335ae0-aa74-4335-afe9-a2c1bf276fed:192.168.34.22:41842, b918b925-974f-4261-bde0-42b23f02a612:192.168.34.22:40857] returns group-C6D50AD0AAE4:java.util.concurrent.CompletableFuture@2289efda[Not completed]
2019-08-20 21:14:57,033 [grpc-default-executor-4] INFO  impl.RaftServerProxy (RaftServerProxy.java:addNew(89)) - b918b925-974f-4261-bde0-42b23f02a612: addNew group-C6D50AD0AAE4:[32ffa085-9cde-438a-a539-ceb56a7e13bd:192.168.34.22:41770, 7d335ae0-aa74-4335-afe9-a2c1bf276fed:192.168.34.22:41842, b918b925-974f-4261-bde0-42b23f02a612:192.168.34.22:40857] returns group-C6D50AD0AAE4:java.util.concurrent.CompletableFuture@59c012fd[Not completed]
2019-08-20 21:14:57,035 [pool-580-thread-1] INFO  impl.RaftServerImpl (RaftServerImpl.java:<init>(93)) - 7d335ae0-aa74-4335-afe9-a2c1bf276fed: new RaftServerImpl for group-C6D50AD0AAE4:[32ffa085-9cde-438a-a539-ceb56a7e13bd:192.168.34.22:41770, 7d335ae0-aa74-4335-afe9-a2c1bf276fed:192.168.34.22:41842, b918b925-974f-4261-bde0-42b23f02a612:192.168.34.22:40857] with ContainerStateMachine:uninitialized
2019-08-20 21:14:57,035 [pool-580-thread-1] INFO  server.RaftServerConfigKeys (ConfUtils.java:logGet(43)) - raft.server.rpc.timeout.min = 5s (custom)
2019-08-20 21:14:57,035 [pool-569-thread-1] INFO  impl.RaftServerImpl (RaftServerImpl.java:<init>(93)) - b918b925-974f-4261-bde0-42b23f02a612: new RaftServerImpl for group-C6D50AD0AAE4:[32ffa085-9cde-438a-a539-ceb56a7e13bd:192.168.34.22:41770, 7d335ae0-aa74-4335-afe9-a2c1bf276fed:192.168.34.22:41842, b918b925-974f-4261-bde0-42b23f02a612:192.168.34.22:40857] with ContainerStateMachine:uninitialized
2019-08-20 21:14:57,035 [pool-591-thread-1] INFO  impl.RaftServerImpl (RaftServerImpl.java:<init>(93)) - 32ffa085-9cde-438a-a539-ceb56a7e13bd: new RaftServerImpl for group-C6D50AD0AAE4:[32ffa085-9cde-438a-a539-ceb56a7e13bd:192.168.34.22:41770, 7d335ae0-aa74-4335-afe9-a2c1bf276fed:192.168.34.22:41842, b918b925-974f-4261-bde0-42b23f02a612:192.168.34.22:40857] with ContainerStateMachine:uninitialized
2019-08-20 21:14:57,035 [pool-580-thread-1] INFO  server.RaftServerConfigKeys (ConfUtils.java:logGet(43)) - raft.server.rpc.timeout.max = 5200ms (custom)
2019-08-20 21:14:57,035 [pool-591-thread-1] INFO  server.RaftServerConfigKeys (ConfUtils.java:logGet(43)) - raft.server.rpc.timeout.min = 5s (custom)
2019-08-20 21:14:57,035 [pool-569-thread-1] INFO  server.RaftServerConfigKeys (ConfUtils.java:logGet(43)) - raft.server.rpc.timeout.min = 5s (custom)
2019-08-20 21:14:57,036 [pool-591-thread-1] INFO  server.RaftServerConfigKeys (ConfUtils.java:logGet(43)) - raft.server.rpc.timeout.max = 5200ms (custom)
2019-08-20 21:14:57,035 [pool-580-thread-1] INFO  server.RaftServerConfigKeys (ConfUtils.java:logGet(43)) - raft.server.rpcslowness.timeout = 120s (custom)
2019-08-20 21:14:57,036 [pool-591-thread-1] INFO  server.RaftServerConfigKeys (ConfUtils.java:logGet(43)) - raft.server.rpcslowness.timeout = 120s (custom)
2019-08-20 21:14:57,036 [pool-569-thread-1] INFO  server.RaftServerConfigKeys (ConfUtils.java:logGet(43)) - raft.server.rpc.timeout.max = 5200ms (custom)
2019-08-20 21:14:57,036 [pool-591-thread-1] INFO  server.RaftServerConfigKeys (ConfUtils.java:logGet(43)) - raft.server.sleep.deviation.threshold = 300 (default)
2019-08-20 21:14:57,036 [pool-580-thread-1] INFO  server.RaftServerConfigKeys (ConfUtils.java:logGet(43)) - raft.server.sleep.deviation.threshold = 300 (default)
2019-08-20 21:14:57,036 [pool-591-thread-1] INFO  server.RaftServerConfigKeys (ConfUtils.java:logGet(43)) - raft.server.log.appender.install.snapshot.enabled = false (custom)
2019-08-20 21:14:57,036 [pool-569-thread-1] INFO  server.RaftServerConfigKeys (ConfUtils.java:logGet(43)) - raft.server.rpcslowness.timeout = 120s (custom)
2019-08-20 21:14:57,037 [pool-591-thread-1] INFO  impl.RaftServerImpl (ServerState.java:<init>(105)) - 32ffa085-9cde-438a-a539-ceb56a7e13bd:group-C6D50AD0AAE4 ConfigurationManager, init=-1: [32ffa085-9cde-438a-a539-ceb56a7e13bd:192.168.34.22:41770, 7d335ae0-aa74-4335-afe9-a2c1bf276fed:192.168.34.22:41842, b918b925-974f-4261-bde0-42b23f02a612:192.168.34.22:40857], old=null, confs=<EMPTY_MAP>
2019-08-20 21:14:57,036 [pool-580-thread-1] INFO  server.RaftServerConfigKeys (ConfUtils.java:logGet(43)) - raft.server.log.appender.install.snapshot.enabled = false (custom)
2019-08-20 21:14:57,037 [pool-591-thread-1] INFO  server.RaftServerConfigKeys (ConfUtils.java:logGet(43)) - raft.server.storage.dir = [/workdir/hadoop-ozone/integration-test/target/test-dir/MiniOzoneClusterImpl-8c73d54b-95bd-449d-9cb4-8faeda19692d/datanode-5/data/ratis] (custom)
2019-08-20 21:14:57,037 [pool-569-thread-1] INFO  server.RaftServerConfigKeys (ConfUtils.java:logGet(43)) - raft.server.sleep.deviation.threshold = 300 (default)
2019-08-20 21:14:57,037 [pool-580-thread-1] INFO  impl.RaftServerImpl (ServerState.java:<init>(105)) - 7d335ae0-aa74-4335-afe9-a2c1bf276fed:group-C6D50AD0AAE4 ConfigurationManager, init=-1: [32ffa085-9cde-438a-a539-ceb56a7e13bd:192.168.34.22:41770, 7d335ae0-aa74-4335-afe9-a2c1bf276fed:192.168.34.22:41842, b918b925-974f-4261-bde0-42b23f02a612:192.168.34.22:40857], old=null, confs=<EMPTY_MAP>
2019-08-20 21:14:57,037 [pool-569-thread-1] INFO  server.RaftServerConfigKeys (ConfUtils.java:logGet(43)) - raft.server.log.appender.install.snapshot.enabled = false (custom)
2019-08-20 21:14:57,037 [pool-591-thread-1] INFO  storage.RaftStorageDirectory (RaftStorageDirectory.java:analyzeStorage(246)) - The storage directory /workdir/hadoop-ozone/integration-test/target/test-dir/MiniOzoneClusterImpl-8c73d54b-95bd-449d-9cb4-8faeda19692d/datanode-5/data/ratis/530e808b-628d-460b-b596-c6d50ad0aae4 does not exist. Creating ...
2019-08-20 21:14:57,037 [pool-580-thread-1] INFO  server.RaftServerConfigKeys (ConfUtils.java:logGet(43)) - raft.server.storage.dir = [/workdir/hadoop-ozone/integration-test/target/test-dir/MiniOzoneClusterImpl-8c73d54b-95bd-449d-9cb4-8faeda19692d/datanode-4/data/ratis] (custom)
2019-08-20 21:14:57,037 [pool-569-thread-1] INFO  impl.RaftServerImpl (ServerState.java:<init>(105)) - b918b925-974f-4261-bde0-42b23f02a612:group-C6D50AD0AAE4 ConfigurationManager, init=-1: [32ffa085-9cde-438a-a539-ceb56a7e13bd:192.168.34.22:41770, 7d335ae0-aa74-4335-afe9-a2c1bf276fed:192.168.34.22:41842, b918b925-974f-4261-bde0-42b23f02a612:192.168.34.22:40857], old=null, confs=<EMPTY_MAP>
2019-08-20 21:14:57,038 [pool-580-thread-1] INFO  storage.RaftStorageDirectory (RaftStorageDirectory.java:analyzeStorage(246)) - The storage directory /workdir/hadoop-ozone/integration-test/target/test-dir/MiniOzoneClusterImpl-8c73d54b-95bd-449d-9cb4-8faeda19692d/datanode-4/data/ratis/530e808b-628d-460b-b596-c6d50ad0aae4 does not exist. Creating ...
2019-08-20 21:14:57,038 [pool-569-thread-1] INFO  server.RaftServerConfigKeys (ConfUtils.java:logGet(43)) - raft.server.storage.dir = [/workdir/hadoop-ozone/integration-test/target/test-dir/MiniOzoneClusterImpl-8c73d54b-95bd-449d-9cb4-8faeda19692d/datanode-3/data/ratis] (custom)
2019-08-20 21:14:57,038 [pool-569-thread-1] INFO  storage.RaftStorageDirectory (RaftStorageDirectory.java:analyzeStorage(246)) - The storage directory /workdir/hadoop-ozone/integration-test/target/test-dir/MiniOzoneClusterImpl-8c73d54b-95bd-449d-9cb4-8faeda19692d/datanode-3/data/ratis/530e808b-628d-460b-b596-c6d50ad0aae4 does not exist. Creating ...
2019-08-20 21:14:57,048 [pool-580-thread-1] INFO  storage.RaftStorageDirectory (RaftStorageDirectory.java:tryLock(328)) - Lock on /workdir/hadoop-ozone/integration-test/target/test-dir/MiniOzoneClusterImpl-8c73d54b-95bd-449d-9cb4-8faeda19692d/datanode-4/data/ratis/530e808b-628d-460b-b596-c6d50ad0aae4/in_use.lock acquired by nodename 12292@pr-hdds-1973-z7hz4-2971538320
2019-08-20 21:14:57,048 [pool-591-thread-1] INFO  storage.RaftStorageDirectory (RaftStorageDirectory.java:tryLock(328)) - Lock on /workdir/hadoop-ozone/integration-test/target/test-dir/MiniOzoneClusterImpl-8c73d54b-95bd-449d-9cb4-8faeda19692d/datanode-5/data/ratis/530e808b-628d-460b-b596-c6d50ad0aae4/in_use.lock acquired by nodename 12292@pr-hdds-1973-z7hz4-2971538320
2019-08-20 21:14:57,048 [pool-569-thread-1] INFO  storage.RaftStorageDirectory (RaftStorageDirectory.java:tryLock(328)) - Lock on /workdir/hadoop-ozone/integration-test/target/test-dir/MiniOzoneClusterImpl-8c73d54b-95bd-449d-9cb4-8faeda19692d/datanode-3/data/ratis/530e808b-628d-460b-b596-c6d50ad0aae4/in_use.lock acquired by nodename 12292@pr-hdds-1973-z7hz4-2971538320
2019-08-20 21:14:57,074 [pool-569-thread-1] INFO  storage.RaftStorage (RaftStorage.java:format(72)) - Storage directory /workdir/hadoop-ozone/integration-test/target/test-dir/MiniOzoneClusterImpl-8c73d54b-95bd-449d-9cb4-8faeda19692d/datanode-3/data/ratis/530e808b-628d-460b-b596-c6d50ad0aae4 has been successfully formatted.
2019-08-20 21:14:57,074 [pool-591-thread-1] INFO  storage.RaftStorage (RaftStorage.java:format(72)) - Storage directory /workdir/hadoop-ozone/integration-test/target/test-dir/MiniOzoneClusterImpl-8c73d54b-95bd-449d-9cb4-8faeda19692d/datanode-5/data/ratis/530e808b-628d-460b-b596-c6d50ad0aae4 has been successfully formatted.
2019-08-20 21:14:57,074 [pool-580-thread-1] INFO  storage.RaftStorage (RaftStorage.java:format(72)) - Storage directory /workdir/hadoop-ozone/integration-test/target/test-dir/MiniOzoneClusterImpl-8c73d54b-95bd-449d-9cb4-8faeda19692d/datanode-4/data/ratis/530e808b-628d-460b-b596-c6d50ad0aae4 has been successfully formatted.
2019-08-20 21:14:57,074 [pool-569-thread-1] INFO  ratis.ContainerStateMachine (ContainerStateMachine.java:loadSnapshot(222)) - group-C6D50AD0AAE4: The snapshot info is null. Setting the last applied indexto:(t:0, i:~)
2019-08-20 21:14:57,075 [pool-580-thread-1] INFO  ratis.ContainerStateMachine (ContainerStateMachine.java:loadSnapshot(222)) - group-C6D50AD0AAE4: The snapshot info is null. Setting the last applied indexto:(t:0, i:~)
2019-08-20 21:14:57,075 [pool-569-thread-1] INFO  server.RaftServerConfigKeys (ConfUtils.java:logGet(43)) - raft.server.leader.election.timeout = 120s (custom)
2019-08-20 21:14:57,075 [pool-591-thread-1] INFO  ratis.ContainerStateMachine (ContainerStateMachine.java:loadSnapshot(222)) - group-C6D50AD0AAE4: The snapshot info is null. Setting the last applied indexto:(t:0, i:~)
2019-08-20 21:14:57,075 [pool-569-thread-1] INFO  server.RaftServerConfigKeys (ConfUtils.java:logGet(43)) - raft.server.log.use.memory = false (default)
2019-08-20 21:14:57,075 [pool-580-thread-1] INFO  server.RaftServerConfigKeys (ConfUtils.java:logGet(43)) - raft.server.leader.election.timeout = 120s (custom)
2019-08-20 21:14:57,075 [pool-569-thread-1] INFO  server.RaftServerConfigKeys (ConfUtils.java:logGet(43)) - raft.server.log.purge.gap = 1000000 (custom)
2019-08-20 21:14:57,075 [pool-591-thread-1] INFO  server.RaftServerConfigKeys (ConfUtils.java:logGet(43)) - raft.server.leader.election.timeout = 120s (custom)
2019-08-20 21:14:57,075 [pool-569-thread-1] INFO  server.RaftServerConfigKeys (ConfUtils.java:logGet(43)) - raft.server.log.appender.buffer.byte-limit = 33554432 (custom)
2019-08-20 21:14:57,075 [pool-580-thread-1] INFO  server.RaftServerConfigKeys (ConfUtils.java:logGet(43)) - raft.server.log.use.memory = false (default)
2019-08-20 21:14:57,076 [pool-569-thread-1] INFO  server.RaftServerConfigKeys (ConfUtils.java:logGet(43)) - raft.server.log.segment.size.max = 1048576 (custom)
2019-08-20 21:14:57,075 [pool-591-thread-1] INFO  server.RaftServerConfigKeys (ConfUtils.java:logGet(43)) - raft.server.log.use.memory = false (default)
2019-08-20 21:14:57,076 [pool-569-thread-1] INFO  server.RaftServerConfigKeys (ConfUtils.java:logGet(43)) - raft.server.log.segment.cache.num.max = 2 (custom)
2019-08-20 21:14:57,076 [pool-580-thread-1] INFO  server.RaftServerConfigKeys (ConfUtils.java:logGet(43)) - raft.server.log.purge.gap = 1000000 (custom)
2019-08-20 21:14:57,076 [pool-569-thread-1] INFO  segmented.SegmentedRaftLogWorker (SegmentedRaftLogWorker.java:<init>(172)) - new b918b925-974f-4261-bde0-42b23f02a612-SegmentedRaftLogWorker:Storage Directory /workdir/hadoop-ozone/integration-test/target/test-dir/MiniOzoneClusterImpl-8c73d54b-95bd-449d-9cb4-8faeda19692d/datanode-3/data/ratis/530e808b-628d-460b-b596-c6d50ad0aae4 for RaftStorage:Storage Directory /workdir/hadoop-ozone/integration-test/target/test-dir/MiniOzoneClusterImpl-8c73d54b-95bd-449d-9cb4-8faeda19692d/datanode-3/data/ratis/530e808b-628d-460b-b596-c6d50ad0aae4
2019-08-20 21:14:57,076 [pool-591-thread-1] INFO  server.RaftServerConfigKeys (ConfUtils.java:logGet(43)) - raft.server.log.purge.gap = 1000000 (custom)
2019-08-20 21:14:57,076 [pool-580-thread-1] INFO  server.RaftServerConfigKeys (ConfUtils.java:logGet(43)) - raft.server.log.appender.buffer.byte-limit = 33554432 (custom)
2019-08-20 21:14:57,076 [pool-569-thread-1] INFO  server.RaftServerConfigKeys (ConfUtils.java:logGet(43)) - raft.server.log.queue.byte-limit = 2147483647 (custom)
2019-08-20 21:14:57,076 [pool-591-thread-1] INFO  server.RaftServerConfigKeys (ConfUtils.java:logGet(43)) - raft.server.log.appender.buffer.byte-limit = 33554432 (custom)
2019-08-20 21:14:57,077 [pool-569-thread-1] INFO  server.RaftServerConfigKeys (ConfUtils.java:logGet(43)) - raft.server.log.queue.element-limit = 1024 (custom)
2019-08-20 21:14:57,076 [pool-580-thread-1] INFO  server.RaftServerConfigKeys (ConfUtils.java:logGet(43)) - raft.server.log.segment.size.max = 1048576 (custom)
2019-08-20 21:14:57,077 [pool-569-thread-1] INFO  server.RaftServerConfigKeys (ConfUtils.java:logGet(43)) - raft.server.log.segment.size.max = 1048576 (custom)
2019-08-20 21:14:57,077 [pool-591-thread-1] INFO  server.RaftServerConfigKeys (ConfUtils.java:logGet(43)) - raft.server.log.segment.size.max = 1048576 (custom)
2019-08-20 21:14:57,077 [pool-569-thread-1] INFO  server.RaftServerConfigKeys (ConfUtils.java:logGet(43)) - raft.server.log.preallocated.size = 16384 (custom)
2019-08-20 21:14:57,077 [pool-580-thread-1] INFO  server.RaftServerConfigKeys (ConfUtils.java:logGet(43)) - raft.server.log.segment.cache.num.max = 2 (custom)
2019-08-20 21:14:57,077 [pool-569-thread-1] INFO  server.RaftServerConfigKeys (ConfUtils.java:logGet(43)) - raft.server.log.write.buffer.size = 33554432 (custom)
2019-08-20 21:14:57,077 [pool-591-thread-1] INFO  server.RaftServerConfigKeys (ConfUtils.java:logGet(43)) - raft.server.log.segment.cache.num.max = 2 (custom)
2019-08-20 21:14:57,077 [pool-569-thread-1] INFO  server.RaftServerConfigKeys (ConfUtils.java:logGet(43)) - raft.server.log.force.sync.num = 128 (default)
2019-08-20 21:14:57,077 [pool-580-thread-1] INFO  segmented.SegmentedRaftLogWorker (SegmentedRaftLogWorker.java:<init>(172)) - new 7d335ae0-aa74-4335-afe9-a2c1bf276fed-SegmentedRaftLogWorker:Storage Directory /workdir/hadoop-ozone/integration-test/target/test-dir/MiniOzoneClusterImpl-8c73d54b-95bd-449d-9cb4-8faeda19692d/datanode-4/data/ratis/530e808b-628d-460b-b596-c6d50ad0aae4 for RaftStorage:Storage Directory /workdir/hadoop-ozone/integration-test/target/test-dir/MiniOzoneClusterImpl-8c73d54b-95bd-449d-9cb4-8faeda19692d/datanode-4/data/ratis/530e808b-628d-460b-b596-c6d50ad0aae4
2019-08-20 21:14:57,078 [pool-569-thread-1] INFO  server.RaftServerConfigKeys (ConfUtils.java:logGet(43)) - raft.server.log.statemachine.data.sync = true (default)
2019-08-20 21:14:57,078 [pool-591-thread-1] INFO  segmented.SegmentedRaftLogWorker (SegmentedRaftLogWorker.java:<init>(172)) - new 32ffa085-9cde-438a-a539-ceb56a7e13bd-SegmentedRaftLogWorker:Storage Directory /workdir/hadoop-ozone/integration-test/target/test-dir/MiniOzoneClusterImpl-8c73d54b-95bd-449d-9cb4-8faeda19692d/datanode-5/data/ratis/530e808b-628d-460b-b596-c6d50ad0aae4 for RaftStorage:Storage Directory /workdir/hadoop-ozone/integration-test/target/test-dir/MiniOzoneClusterImpl-8c73d54b-95bd-449d-9cb4-8faeda19692d/datanode-5/data/ratis/530e808b-628d-460b-b596-c6d50ad0aae4
2019-08-20 21:14:57,078 [pool-569-thread-1] INFO  server.RaftServerConfigKeys (ConfUtils.java:logGet(43)) - raft.server.log.statemachine.data.sync.timeout = 10s (default)
2019-08-20 21:14:57,078 [pool-580-thread-1] INFO  server.RaftServerConfigKeys (ConfUtils.java:logGet(43)) - raft.server.log.queue.byte-limit = 2147483647 (custom)
2019-08-20 21:14:57,078 [pool-569-thread-1] INFO  server.RaftServerConfigKeys (ConfUtils.java:logGet(43)) - raft.server.log.statemachine.data.sync.timeout.retry = -1 (default)
2019-08-20 21:14:57,078 [pool-591-thread-1] INFO  server.RaftServerConfigKeys (ConfUtils.java:logGet(43)) - raft.server.log.queue.byte-limit = 2147483647 (custom)
2019-08-20 21:14:57,078 [pool-569-thread-1] INFO  server.RaftServerConfigKeys (ConfUtils.java:logGet(43)) - raft.server.log.statemachine.data.caching.enabled = true (custom)
2019-08-20 21:14:57,078 [pool-580-thread-1] INFO  server.RaftServerConfigKeys (ConfUtils.java:logGet(43)) - raft.server.log.queue.element-limit = 1024 (custom)
2019-08-20 21:14:57,078 [pool-591-thread-1] INFO  server.RaftServerConfigKeys (ConfUtils.java:logGet(43)) - raft.server.log.queue.element-limit = 1024 (custom)
2019-08-20 21:14:57,079 [pool-569-thread-1] INFO  segmented.SegmentedRaftLogWorker (SegmentedRaftLogWorker.java:lambda$new$0(132)) - b918b925-974f-4261-bde0-42b23f02a612-SegmentedRaftLogWorker:Storage Directory /workdir/hadoop-ozone/integration-test/target/test-dir/MiniOzoneClusterImpl-8c73d54b-95bd-449d-9cb4-8faeda19692d/datanode-3/data/ratis/530e808b-628d-460b-b596-c6d50ad0aae4: flushIndex: setUnconditionally 0 -> -1
2019-08-20 21:14:57,079 [pool-580-thread-1] INFO  server.RaftServerConfigKeys (ConfUtils.java:logGet(43)) - raft.server.log.segment.size.max = 1048576 (custom)
2019-08-20 21:14:57,079 [pool-591-thread-1] INFO  server.RaftServerConfigKeys (ConfUtils.java:logGet(43)) - raft.server.log.segment.size.max = 1048576 (custom)
2019-08-20 21:14:57,079 [pool-569-thread-1] INFO  server.RaftServerConfigKeys (ConfUtils.java:logGet(43)) - raft.server.snapshot.auto.trigger.enabled = true (custom)
2019-08-20 21:14:57,079 [pool-580-thread-1] INFO  server.RaftServerConfigKeys (ConfUtils.java:logGet(43)) - raft.server.log.preallocated.size = 16384 (custom)
2019-08-20 21:14:57,079 [pool-569-thread-1] INFO  server.RaftServerConfigKeys (ConfUtils.java:logGet(43)) - raft.server.snapshot.auto.trigger.threshold = 10000 (custom)
2019-08-20 21:14:57,079 [pool-591-thread-1] INFO  server.RaftServerConfigKeys (ConfUtils.java:logGet(43)) - raft.server.log.preallocated.size = 16384 (custom)
2019-08-20 21:14:57,079 [pool-569-thread-1] INFO  server.RaftServerConfigKeys (ConfUtils.java:logGet(43)) - raft.server.retrycache.expirytime = 600000ms (custom)
2019-08-20 21:14:57,079 [pool-580-thread-1] INFO  server.RaftServerConfigKeys (ConfUtils.java:logGet(43)) - raft.server.log.write.buffer.size = 33554432 (custom)
2019-08-20 21:14:57,079 [pool-591-thread-1] INFO  server.RaftServerConfigKeys (ConfUtils.java:logGet(43)) - raft.server.log.write.buffer.size = 33554432 (custom)
2019-08-20 21:14:57,080 [pool-569-thread-1] INFO  impl.RaftServerImpl (RaftServerImpl.java:start(180)) - b918b925-974f-4261-bde0-42b23f02a612: start group-C6D50AD0AAE4
2019-08-20 21:14:57,080 [pool-580-thread-1] INFO  server.RaftServerConfigKeys (ConfUtils.java:logGet(43)) - raft.server.log.force.sync.num = 128 (default)
2019-08-20 21:14:57,080 [pool-569-thread-1] INFO  impl.RaftServerImpl (RaftServerImpl.java:setRole(171)) - b918b925-974f-4261-bde0-42b23f02a612:group-C6D50AD0AAE4 changes role from null to FOLLOWER at term 0 for startAsFollower
2019-08-20 21:14:57,080 [pool-591-thread-1] INFO  server.RaftServerConfigKeys (ConfUtils.java:logGet(43)) - raft.server.log.force.sync.num = 128 (default)
2019-08-20 21:14:57,080 [pool-569-thread-1] INFO  impl.RoleInfo (RoleInfo.java:updateAndGet(143)) - b918b925-974f-4261-bde0-42b23f02a612: start FollowerState
2019-08-20 21:14:57,080 [pool-580-thread-1] INFO  server.RaftServerConfigKeys (ConfUtils.java:logGet(43)) - raft.server.log.statemachine.data.sync = true (default)
2019-08-20 21:14:57,080 [pool-591-thread-1] INFO  server.RaftServerConfigKeys (ConfUtils.java:logGet(43)) - raft.server.log.statemachine.data.sync = true (default)
2019-08-20 21:14:57,080 [pool-580-thread-1] INFO  server.RaftServerConfigKeys (ConfUtils.java:logGet(43)) - raft.server.log.statemachine.data.sync.timeout = 10s (default)
2019-08-20 21:14:57,080 [pool-591-thread-1] INFO  server.RaftServerConfigKeys (ConfUtils.java:logGet(43)) - raft.server.log.statemachine.data.sync.timeout = 10s (default)
2019-08-20 21:14:57,081 [pool-569-thread-1] INFO  util.JmxRegister (JmxRegister.java:tryRegister(44)) - Successfully registered JMX Bean with object name Ratis:service=RaftServer,group=group-C6D50AD0AAE4,id=b918b925-974f-4261-bde0-42b23f02a612
2019-08-20 21:14:57,081 [pool-580-thread-1] INFO  server.RaftServerConfigKeys (ConfUtils.java:logGet(43)) - raft.server.log.statemachine.data.sync.timeout.retry = -1 (default)
2019-08-20 21:14:57,081 [pool-591-thread-1] INFO  server.RaftServerConfigKeys (ConfUtils.java:logGet(43)) - raft.server.log.statemachine.data.sync.timeout.retry = -1 (default)
2019-08-20 21:14:57,081 [pool-580-thread-1] INFO  server.RaftServerConfigKeys (ConfUtils.java:logGet(43)) - raft.server.log.statemachine.data.caching.enabled = true (custom)
2019-08-20 21:14:57,081 [pool-591-thread-1] INFO  server.RaftServerConfigKeys (ConfUtils.java:logGet(43)) - raft.server.log.statemachine.data.caching.enabled = true (custom)
2019-08-20 21:14:57,081 [pool-580-thread-1] INFO  segmented.SegmentedRaftLogWorker (SegmentedRaftLogWorker.java:lambda$new$0(132)) - 7d335ae0-aa74-4335-afe9-a2c1bf276fed-SegmentedRaftLogWorker:Storage Directory /workdir/hadoop-ozone/integration-test/target/test-dir/MiniOzoneClusterImpl-8c73d54b-95bd-449d-9cb4-8faeda19692d/datanode-4/data/ratis/530e808b-628d-460b-b596-c6d50ad0aae4: flushIndex: setUnconditionally 0 -> -1
2019-08-20 21:14:57,081 [pool-591-thread-1] INFO  segmented.SegmentedRaftLogWorker (SegmentedRaftLogWorker.java:lambda$new$0(132)) - 32ffa085-9cde-438a-a539-ceb56a7e13bd-SegmentedRaftLogWorker:Storage Directory /workdir/hadoop-ozone/integration-test/target/test-dir/MiniOzoneClusterImpl-8c73d54b-95bd-449d-9cb4-8faeda19692d/datanode-5/data/ratis/530e808b-628d-460b-b596-c6d50ad0aae4: flushIndex: setUnconditionally 0 -> -1
2019-08-20 21:14:57,082 [pool-580-thread-1] INFO  server.RaftServerConfigKeys (ConfUtils.java:logGet(43)) - raft.server.snapshot.auto.trigger.enabled = true (custom)
2019-08-20 21:14:57,082 [pool-580-thread-1] INFO  server.RaftServerConfigKeys (ConfUtils.java:logGet(43)) - raft.server.snapshot.auto.trigger.threshold = 10000 (custom)
2019-08-20 21:14:57,082 [pool-591-thread-1] INFO  server.RaftServerConfigKeys (ConfUtils.java:logGet(43)) - raft.server.snapshot.auto.trigger.enabled = true (custom)
2019-08-20 21:14:57,082 [pool-580-thread-1] INFO  server.RaftServerConfigKeys (ConfUtils.java:logGet(43)) - raft.server.retrycache.expirytime = 600000ms (custom)
2019-08-20 21:14:57,082 [pool-591-thread-1] INFO  server.RaftServerConfigKeys (ConfUtils.java:logGet(43)) - raft.server.snapshot.auto.trigger.threshold = 10000 (custom)
2019-08-20 21:14:57,082 [pool-580-thread-1] INFO  impl.RaftServerImpl (RaftServerImpl.java:start(180)) - 7d335ae0-aa74-4335-afe9-a2c1bf276fed: start group-C6D50AD0AAE4
2019-08-20 21:14:57,082 [pool-591-thread-1] INFO  server.RaftServerConfigKeys (ConfUtils.java:logGet(43)) - raft.server.retrycache.expirytime = 600000ms (custom)
2019-08-20 21:14:57,082 [pool-580-thread-1] INFO  impl.RaftServerImpl (RaftServerImpl.java:setRole(171)) - 7d335ae0-aa74-4335-afe9-a2c1bf276fed:group-C6D50AD0AAE4 changes role from null to FOLLOWER at term 0 for startAsFollower
2019-08-20 21:14:57,082 [pool-591-thread-1] INFO  impl.RaftServerImpl (RaftServerImpl.java:start(180)) - 32ffa085-9cde-438a-a539-ceb56a7e13bd: start group-C6D50AD0AAE4
2019-08-20 21:14:57,082 [pool-580-thread-1] INFO  impl.RoleInfo (RoleInfo.java:updateAndGet(143)) - 7d335ae0-aa74-4335-afe9-a2c1bf276fed: start FollowerState
2019-08-20 21:14:57,082 [pool-591-thread-1] INFO  impl.RaftServerImpl (RaftServerImpl.java:setRole(171)) - 32ffa085-9cde-438a-a539-ceb56a7e13bd:group-C6D50AD0AAE4 changes role from null to FOLLOWER at term 0 for startAsFollower
2019-08-20 21:14:57,083 [pool-591-thread-1] INFO  impl.RoleInfo (RoleInfo.java:updateAndGet(143)) - 32ffa085-9cde-438a-a539-ceb56a7e13bd: start FollowerState
2019-08-20 21:14:57,083 [pool-580-thread-1] INFO  util.JmxRegister (JmxRegister.java:tryRegister(44)) - Successfully registered JMX Bean with object name Ratis:service=RaftServer,group=group-C6D50AD0AAE4,id=7d335ae0-aa74-4335-afe9-a2c1bf276fed
2019-08-20 21:14:57,083 [pool-591-thread-1] INFO  util.JmxRegister (JmxRegister.java:tryRegister(44)) - Successfully registered JMX Bean with object name Ratis:service=RaftServer,group=group-C6D50AD0AAE4,id=32ffa085-9cde-438a-a539-ceb56a7e13bd
2019-08-20 21:14:57,085 [RatisPipelineUtilsThread] INFO  pipeline.PipelineStateManager (PipelineStateManager.java:addPipeline(56)) - Created pipeline Pipeline[ Id: 530e808b-628d-460b-b596-c6d50ad0aae4, Nodes: 7d335ae0-aa74-4335-afe9-a2c1bf276fed{ip: 192.168.34.22, host: pr-hdds-1973-z7hz4-2971538320, networkLocation: /default-rack, certSerialId: null}b918b925-974f-4261-bde0-42b23f02a612{ip: 192.168.34.22, host: pr-hdds-1973-z7hz4-2971538320, networkLocation: /default-rack, certSerialId: null}32ffa085-9cde-438a-a539-ceb56a7e13bd{ip: 192.168.34.22, host: pr-hdds-1973-z7hz4-2971538320, networkLocation: /default-rack, certSerialId: null}, Type:RATIS, Factor:THREE, State:OPEN]
2019-08-20 21:14:57,197 [main] INFO  ozone.MiniOzoneClusterImpl (MiniOzoneClusterImpl.java:lambda$waitForClusterToBeReady$0(142)) - Waiting for cluster to be ready. Got 6 of 7 DN Heartbeats.
2019-08-20 21:14:57,197 [IPC Server handler 0 on 38263] INFO  net.NetworkTopology (NetworkTopologyImpl.java:add(110)) - Added a new node: /default-rack/3ff1b751-dcd6-467f-8d2d-86f1da670590
2019-08-20 21:14:57,201 [IPC Server handler 0 on 38263] INFO  node.SCMNodeManager (SCMNodeManager.java:register(273)) - Registered Data node : 3ff1b751-dcd6-467f-8d2d-86f1da670590{ip: 192.168.34.22, host: pr-hdds-1973-z7hz4-2971538320, networkLocation: /default-rack, certSerialId: null}
2019-08-20 21:14:57,201 | INFO  | SCMAudit | user=jenkins1000 | ip=192.168.34.22 | op=REGISTER {datanodeDetails=3ff1b751-dcd6-467f-8d2d-86f1da670590{ip: 192.168.34.22, host: pr-hdds-1973-z7hz4-2971538320, networkLocation: /default-rack, certSerialId: null}} | ret=SUCCESS |  
2019-08-20 21:14:57,206 [grpc-default-executor-4] INFO  impl.RaftServerProxy (RaftServerProxy.java:addNew(89)) - 3ff1b751-dcd6-467f-8d2d-86f1da670590: addNew group-CFE6107906F4:[3ff1b751-dcd6-467f-8d2d-86f1da670590:192.168.34.22:42567] returns group-CFE6107906F4:java.util.concurrent.CompletableFuture@5bcbcec6[Not completed]
2019-08-20 21:14:57,207 [pool-602-thread-1] INFO  impl.RaftServerImpl (RaftServerImpl.java:<init>(93)) - 3ff1b751-dcd6-467f-8d2d-86f1da670590: new RaftServerImpl for group-CFE6107906F4:[3ff1b751-dcd6-467f-8d2d-86f1da670590:192.168.34.22:42567] with ContainerStateMachine:uninitialized
2019-08-20 21:14:57,207 [pool-602-thread-1] INFO  server.RaftServerConfigKeys (ConfUtils.java:logGet(43)) - raft.server.rpc.timeout.min = 5s (custom)
2019-08-20 21:14:57,207 [pool-602-thread-1] INFO  server.RaftServerConfigKeys (ConfUtils.java:logGet(43)) - raft.server.rpc.timeout.max = 5200ms (custom)
2019-08-20 21:14:57,207 [pool-602-thread-1] INFO  server.RaftServerConfigKeys (ConfUtils.java:logGet(43)) - raft.server.rpcslowness.timeout = 120s (custom)
2019-08-20 21:14:57,207 [pool-602-thread-1] INFO  server.RaftServerConfigKeys (ConfUtils.java:logGet(43)) - raft.server.sleep.deviation.threshold = 300 (default)
2019-08-20 21:14:57,207 [pool-602-thread-1] INFO  server.RaftServerConfigKeys (ConfUtils.java:logGet(43)) - raft.server.log.appender.install.snapshot.enabled = false (custom)
2019-08-20 21:14:57,207 [pool-602-thread-1] INFO  impl.RaftServerImpl (ServerState.java:<init>(105)) - 3ff1b751-dcd6-467f-8d2d-86f1da670590:group-CFE6107906F4 ConfigurationManager, init=-1: [3ff1b751-dcd6-467f-8d2d-86f1da670590:192.168.34.22:42567], old=null, confs=<EMPTY_MAP>
2019-08-20 21:14:57,208 [pool-602-thread-1] INFO  server.RaftServerConfigKeys (ConfUtils.java:logGet(43)) - raft.server.storage.dir = [/workdir/hadoop-ozone/integration-test/target/test-dir/MiniOzoneClusterImpl-8c73d54b-95bd-449d-9cb4-8faeda19692d/datanode-6/data/ratis] (custom)
2019-08-20 21:14:57,208 [pool-602-thread-1] INFO  storage.RaftStorageDirectory (RaftStorageDirectory.java:analyzeStorage(246)) - The storage directory /workdir/hadoop-ozone/integration-test/target/test-dir/MiniOzoneClusterImpl-8c73d54b-95bd-449d-9cb4-8faeda19692d/datanode-6/data/ratis/f78e3924-a342-4075-81d1-cfe6107906f4 does not exist. Creating ...
2019-08-20 21:14:57,232 [pool-602-thread-1] INFO  storage.RaftStorageDirectory (RaftStorageDirectory.java:tryLock(328)) - Lock on /workdir/hadoop-ozone/integration-test/target/test-dir/MiniOzoneClusterImpl-8c73d54b-95bd-449d-9cb4-8faeda19692d/datanode-6/data/ratis/f78e3924-a342-4075-81d1-cfe6107906f4/in_use.lock acquired by nodename 12292@pr-hdds-1973-z7hz4-2971538320
2019-08-20 21:14:57,245 [pool-602-thread-1] INFO  storage.RaftStorage (RaftStorage.java:format(72)) - Storage directory /workdir/hadoop-ozone/integration-test/target/test-dir/MiniOzoneClusterImpl-8c73d54b-95bd-449d-9cb4-8faeda19692d/datanode-6/data/ratis/f78e3924-a342-4075-81d1-cfe6107906f4 has been successfully formatted.
2019-08-20 21:14:57,245 [pool-602-thread-1] INFO  ratis.ContainerStateMachine (ContainerStateMachine.java:loadSnapshot(222)) - group-CFE6107906F4: The snapshot info is null. Setting the last applied indexto:(t:0, i:~)
2019-08-20 21:14:57,246 [pool-602-thread-1] INFO  server.RaftServerConfigKeys (ConfUtils.java:logGet(43)) - raft.server.leader.election.timeout = 120s (custom)
2019-08-20 21:14:57,246 [pool-602-thread-1] INFO  server.RaftServerConfigKeys (ConfUtils.java:logGet(43)) - raft.server.log.use.memory = false (default)
2019-08-20 21:14:57,246 [pool-602-thread-1] INFO  server.RaftServerConfigKeys (ConfUtils.java:logGet(43)) - raft.server.log.purge.gap = 1000000 (custom)
2019-08-20 21:14:57,246 [pool-602-thread-1] INFO  server.RaftServerConfigKeys (ConfUtils.java:logGet(43)) - raft.server.log.appender.buffer.byte-limit = 33554432 (custom)
2019-08-20 21:14:57,246 [pool-602-thread-1] INFO  server.RaftServerConfigKeys (ConfUtils.java:logGet(43)) - raft.server.log.segment.size.max = 1048576 (custom)
2019-08-20 21:14:57,246 [pool-602-thread-1] INFO  server.RaftServerConfigKeys (ConfUtils.java:logGet(43)) - raft.server.log.segment.cache.num.max = 2 (custom)
2019-08-20 21:14:57,246 [pool-602-thread-1] INFO  segmented.SegmentedRaftLogWorker (SegmentedRaftLogWorker.java:<init>(172)) - new 3ff1b751-dcd6-467f-8d2d-86f1da670590-SegmentedRaftLogWorker:Storage Directory /workdir/hadoop-ozone/integration-test/target/test-dir/MiniOzoneClusterImpl-8c73d54b-95bd-449d-9cb4-8faeda19692d/datanode-6/data/ratis/f78e3924-a342-4075-81d1-cfe6107906f4 for RaftStorage:Storage Directory /workdir/hadoop-ozone/integration-test/target/test-dir/MiniOzoneClusterImpl-8c73d54b-95bd-449d-9cb4-8faeda19692d/datanode-6/data/ratis/f78e3924-a342-4075-81d1-cfe6107906f4
2019-08-20 21:14:57,246 [pool-602-thread-1] INFO  server.RaftServerConfigKeys (ConfUtils.java:logGet(43)) - raft.server.log.queue.byte-limit = 2147483647 (custom)
2019-08-20 21:14:57,246 [pool-602-thread-1] INFO  server.RaftServerConfigKeys (ConfUtils.java:logGet(43)) - raft.server.log.queue.element-limit = 1024 (custom)
2019-08-20 21:14:57,247 [pool-602-thread-1] INFO  server.RaftServerConfigKeys (ConfUtils.java:logGet(43)) - raft.server.log.segment.size.max = 1048576 (custom)
2019-08-20 21:14:57,247 [pool-602-thread-1] INFO  server.RaftServerConfigKeys (ConfUtils.java:logGet(43)) - raft.server.log.preallocated.size = 16384 (custom)
2019-08-20 21:14:57,247 [pool-602-thread-1] INFO  server.RaftServerConfigKeys (ConfUtils.java:logGet(43)) - raft.server.log.write.buffer.size = 33554432 (custom)
2019-08-20 21:14:57,247 [pool-602-thread-1] INFO  server.RaftServerConfigKeys (ConfUtils.java:logGet(43)) - raft.server.log.force.sync.num = 128 (default)
2019-08-20 21:14:57,247 [pool-602-thread-1] INFO  server.RaftServerConfigKeys (ConfUtils.java:logGet(43)) - raft.server.log.statemachine.data.sync = true (default)
2019-08-20 21:14:57,247 [pool-602-thread-1] INFO  server.RaftServerConfigKeys (ConfUtils.java:logGet(43)) - raft.server.log.statemachine.data.sync.timeout = 10s (default)
2019-08-20 21:14:57,247 [pool-602-thread-1] INFO  server.RaftServerConfigKeys (ConfUtils.java:logGet(43)) - raft.server.log.statemachine.data.sync.timeout.retry = -1 (default)
2019-08-20 21:14:57,247 [pool-602-thread-1] INFO  server.RaftServerConfigKeys (ConfUtils.java:logGet(43)) - raft.server.log.statemachine.data.caching.enabled = true (custom)
2019-08-20 21:14:57,248 [pool-602-thread-1] INFO  segmented.SegmentedRaftLogWorker (SegmentedRaftLogWorker.java:lambda$new$0(132)) - 3ff1b751-dcd6-467f-8d2d-86f1da670590-SegmentedRaftLogWorker:Storage Directory /workdir/hadoop-ozone/integration-test/target/test-dir/MiniOzoneClusterImpl-8c73d54b-95bd-449d-9cb4-8faeda19692d/datanode-6/data/ratis/f78e3924-a342-4075-81d1-cfe6107906f4: flushIndex: setUnconditionally 0 -> -1
2019-08-20 21:14:57,248 [pool-602-thread-1] INFO  server.RaftServerConfigKeys (ConfUtils.java:logGet(43)) - raft.server.snapshot.auto.trigger.enabled = true (custom)
2019-08-20 21:14:57,248 [pool-602-thread-1] INFO  server.RaftServerConfigKeys (ConfUtils.java:logGet(43)) - raft.server.snapshot.auto.trigger.threshold = 10000 (custom)
2019-08-20 21:14:57,248 [pool-602-thread-1] INFO  server.RaftServerConfigKeys (ConfUtils.java:logGet(43)) - raft.server.retrycache.expirytime = 600000ms (custom)
2019-08-20 21:14:57,248 [pool-602-thread-1] INFO  impl.RaftServerImpl (RaftServerImpl.java:start(180)) - 3ff1b751-dcd6-467f-8d2d-86f1da670590: start group-CFE6107906F4
2019-08-20 21:14:57,248 [pool-602-thread-1] INFO  impl.RaftServerImpl (RaftServerImpl.java:setRole(171)) - 3ff1b751-dcd6-467f-8d2d-86f1da670590:group-CFE6107906F4 changes role from null to FOLLOWER at term 0 for startAsFollower
2019-08-20 21:14:57,248 [pool-602-thread-1] INFO  impl.RoleInfo (RoleInfo.java:updateAndGet(143)) - 3ff1b751-dcd6-467f-8d2d-86f1da670590: start FollowerState
2019-08-20 21:14:57,249 [pool-602-thread-1] INFO  util.JmxRegister (JmxRegister.java:tryRegister(44)) - Successfully registered JMX Bean with object name Ratis:service=RaftServer,group=group-CFE6107906F4,id=3ff1b751-dcd6-467f-8d2d-86f1da670590
2019-08-20 21:14:57,250 [RatisPipelineUtilsThread] INFO  pipeline.PipelineStateManager (PipelineStateManager.java:addPipeline(56)) - Created pipeline Pipeline[ Id: f78e3924-a342-4075-81d1-cfe6107906f4, Nodes: 3ff1b751-dcd6-467f-8d2d-86f1da670590{ip: 192.168.34.22, host: pr-hdds-1973-z7hz4-2971538320, networkLocation: /default-rack, certSerialId: null}, Type:RATIS, Factor:ONE, State:OPEN]
2019-08-20 21:14:57,798 | INFO  | SCMAudit | user=jenkins1000 | ip=192.168.34.22 | op=SEND_HEARTBEAT {datanodeUUID=513741be-bb9c-4b44-a92d-df6c353b58d2, command=[]} | ret=SUCCESS |  
2019-08-20 21:14:57,978 | INFO  | SCMAudit | user=jenkins1000 | ip=192.168.34.22 | op=SEND_HEARTBEAT {datanodeUUID=05488788-9b27-429d-ba76-e196dab11564, command=[]} | ret=SUCCESS |  
2019-08-20 21:14:58,176 | INFO  | SCMAudit | user=jenkins1000 | ip=192.168.34.22 | op=SEND_HEARTBEAT {datanodeUUID=0682f0bd-ffd8-48c0-b0ba-6106fa582228, command=[]} | ret=SUCCESS |  
2019-08-20 21:14:58,198 [main] INFO  ozone.MiniOzoneClusterImpl (MiniOzoneClusterImpl.java:lambda$waitForClusterToBeReady$0(142)) - Cluster is ready. Got 7 of 7 DN Heartbeats.
2019-08-20 21:14:58,219 [main] INFO  rpc.RpcClient (RpcClient.java:createVolume(292)) - Creating Volume: testblockoutputstream, with jenkins1000 as owner.
2019-08-20 21:14:58,221 | INFO  | OMAudit | user=jenkins1000 | ip=127.0.0.1 | op=CREATE_VOLUME {admin=jenkins1000, owner=jenkins1000, volume=testblockoutputstream, creationTime=1566335698220, quotaInBytes=1152921504606846976} | ret=SUCCESS |  
2019-08-20 21:14:58,230 | INFO  | OMAudit | user=jenkins1000 | ip=127.0.0.1 | op=READ_VOLUME {volume=testblockoutputstream} | ret=SUCCESS |  
2019-08-20 21:14:58,231 [main] INFO  rpc.RpcClient (RpcClient.java:createBucket(431)) - Creating Bucket: testblockoutputstream/testblockoutputstream, with Versioning false and Storage Type set to DISK and Encryption set to false 
2019-08-20 21:14:58,234 | INFO  | OMAudit | user=jenkins1000 | ip=127.0.0.1 | op=CREATE_BUCKET {volume=testblockoutputstream, bucket=testblockoutputstream, acls=[user:jenkins1000:a[ACCESS], group:default:a[ACCESS]], isVersionEnabled=false, storageType=DISK, creationTime=0} | ret=SUCCESS |  
2019-08-20 21:14:58,237 | INFO  | OMAudit | user=jenkins1000 | ip=127.0.0.1 | op=READ_VOLUME {volume=testblockoutputstream} | ret=SUCCESS |  
2019-08-20 21:14:58,239 | INFO  | OMAudit | user=jenkins1000 | ip=127.0.0.1 | op=READ_BUCKET {volume=testblockoutputstream, bucket=testblockoutputstream} | ret=SUCCESS |  
2019-08-20 21:14:58,241 | INFO  | SCMAudit | user=jenkins1000 | ip=192.168.34.22 | op=ALLOCATE_BLOCK {owner=ec2ba0b0-277b-4d89-a350-05160dde9db7, size=800, type=RATIS, factor=THREE} | ret=SUCCESS |  
2019-08-20 21:14:58,245 | INFO  | OMAudit | user=jenkins1000 | ip=127.0.0.1 | op=ALLOCATE_KEY {volume=testblockoutputstream, bucket=testblockoutputstream, key=172a6397-2bbf-473a-812f-e318a9586747, dataSize=0, replicationType=RATIS, replicationFactor=THREE, keyLocationInfo=null} | ret=SUCCESS |  
2019-08-20 21:14:58,253 [grpc-default-executor-4] INFO  client.GrpcClientProtocolClient (GrpcClientProtocolClient.java:onNext(255)) - client-138EFE56AC23->513741be-bb9c-4b44-a92d-df6c353b58d2: receive RaftClientReply:client-138EFE56AC23->513741be-bb9c-4b44-a92d-df6c353b58d2@group-B133B00B6FC4, cid=215, FAILED org.apache.ratis.protocol.NotLeaderException: Server 513741be-bb9c-4b44-a92d-df6c353b58d2 is not the leader (null). Request must be sent to leader., logIndex=0, commits[513741be-bb9c-4b44-a92d-df6c353b58d2:c-1]
2019-08-20 21:14:58,560 | INFO  | SCMAudit | user=jenkins1000 | ip=192.168.34.22 | op=SEND_HEARTBEAT {datanodeUUID=b918b925-974f-4261-bde0-42b23f02a612, command=[]} | ret=SUCCESS |  
2019-08-20 21:14:58,758 | INFO  | SCMAudit | user=jenkins1000 | ip=192.168.34.22 | op=SEND_HEARTBEAT {datanodeUUID=7d335ae0-aa74-4335-afe9-a2c1bf276fed, command=[]} | ret=SUCCESS |  
2019-08-20 21:14:58,799 | INFO  | SCMAudit | user=jenkins1000 | ip=192.168.34.22 | op=SEND_HEARTBEAT {datanodeUUID=513741be-bb9c-4b44-a92d-df6c353b58d2, command=[]} | ret=SUCCESS |  
2019-08-20 21:14:58,809 [Thread-4012] INFO  container.ReplicationManager (ReplicationManager.java:start(152)) - Starting Replication Monitor Thread.
2019-08-20 21:14:58,813 [ReplicationMonitor] INFO  container.ReplicationManager (ReplicationManager.java:run(215)) - Replication Monitor Thread took 0 milliseconds for processing 1 containers.
2019-08-20 21:14:58,959 | INFO  | SCMAudit | user=jenkins1000 | ip=192.168.34.22 | op=SEND_HEARTBEAT {datanodeUUID=32ffa085-9cde-438a-a539-ceb56a7e13bd, command=[]} | ret=SUCCESS |  
2019-08-20 21:14:58,978 | INFO  | SCMAudit | user=jenkins1000 | ip=192.168.34.22 | op=SEND_HEARTBEAT {datanodeUUID=05488788-9b27-429d-ba76-e196dab11564, command=[]} | ret=SUCCESS |  
2019-08-20 21:14:59,176 | INFO  | SCMAudit | user=jenkins1000 | ip=192.168.34.22 | op=SEND_HEARTBEAT {datanodeUUID=0682f0bd-ffd8-48c0-b0ba-6106fa582228, command=[]} | ret=SUCCESS |  
2019-08-20 21:14:59,197 | INFO  | SCMAudit | user=jenkins1000 | ip=192.168.34.22 | op=SEND_HEARTBEAT {datanodeUUID=3ff1b751-dcd6-467f-8d2d-86f1da670590, command=[]} | ret=SUCCESS |  
2019-08-20 21:14:59,266 [grpc-default-executor-4] INFO  client.GrpcClientProtocolClient (GrpcClientProtocolClient.java:onNext(255)) - client-138EFE56AC23->0682f0bd-ffd8-48c0-b0ba-6106fa582228: receive RaftClientReply:client-138EFE56AC23->0682f0bd-ffd8-48c0-b0ba-6106fa582228@group-B133B00B6FC4, cid=215, FAILED org.apache.ratis.protocol.NotLeaderException: Server 0682f0bd-ffd8-48c0-b0ba-6106fa582228 is not the leader (null). Request must be sent to leader., logIndex=0, commits[0682f0bd-ffd8-48c0-b0ba-6106fa582228:c-1]
2019-08-20 21:14:59,562 | INFO  | SCMAudit | user=jenkins1000 | ip=192.168.34.22 | op=SEND_HEARTBEAT {datanodeUUID=b918b925-974f-4261-bde0-42b23f02a612, command=[]} | ret=SUCCESS |  
2019-08-20 21:14:59,758 | INFO  | SCMAudit | user=jenkins1000 | ip=192.168.34.22 | op=SEND_HEARTBEAT {datanodeUUID=7d335ae0-aa74-4335-afe9-a2c1bf276fed, command=[]} | ret=SUCCESS |  
2019-08-20 21:14:59,798 | INFO  | SCMAudit | user=jenkins1000 | ip=192.168.34.22 | op=SEND_HEARTBEAT {datanodeUUID=513741be-bb9c-4b44-a92d-df6c353b58d2, command=[]} | ret=SUCCESS |  
2019-08-20 21:14:59,960 | INFO  | SCMAudit | user=jenkins1000 | ip=192.168.34.22 | op=SEND_HEARTBEAT {datanodeUUID=32ffa085-9cde-438a-a539-ceb56a7e13bd, command=[]} | ret=SUCCESS |  
2019-08-20 21:14:59,978 | INFO  | SCMAudit | user=jenkins1000 | ip=192.168.34.22 | op=SEND_HEARTBEAT {datanodeUUID=05488788-9b27-429d-ba76-e196dab11564, command=[]} | ret=SUCCESS |  
2019-08-20 21:15:00,177 | INFO  | SCMAudit | user=jenkins1000 | ip=192.168.34.22 | op=SEND_HEARTBEAT {datanodeUUID=0682f0bd-ffd8-48c0-b0ba-6106fa582228, command=[]} | ret=SUCCESS |  
2019-08-20 21:15:00,197 | INFO  | SCMAudit | user=jenkins1000 | ip=192.168.34.22 | op=SEND_HEARTBEAT {datanodeUUID=3ff1b751-dcd6-467f-8d2d-86f1da670590, command=[]} | ret=SUCCESS |  
2019-08-20 21:15:00,275 [grpc-default-executor-8] INFO  client.GrpcClientProtocolClient (GrpcClientProtocolClient.java:onNext(255)) - client-138EFE56AC23->513741be-bb9c-4b44-a92d-df6c353b58d2: receive RaftClientReply:client-138EFE56AC23->513741be-bb9c-4b44-a92d-df6c353b58d2@group-B133B00B6FC4, cid=215, FAILED org.apache.ratis.protocol.NotLeaderException: Server 513741be-bb9c-4b44-a92d-df6c353b58d2 is not the leader (null). Request must be sent to leader., logIndex=0, commits[513741be-bb9c-4b44-a92d-df6c353b58d2:c-1]
2019-08-20 21:15:00,562 | INFO  | SCMAudit | user=jenkins1000 | ip=192.168.34.22 | op=SEND_HEARTBEAT {datanodeUUID=b918b925-974f-4261-bde0-42b23f02a612, command=[]} | ret=SUCCESS |  
2019-08-20 21:15:00,758 | INFO  | SCMAudit | user=jenkins1000 | ip=192.168.34.22 | op=SEND_HEARTBEAT {datanodeUUID=7d335ae0-aa74-4335-afe9-a2c1bf276fed, command=[]} | ret=SUCCESS |  
2019-08-20 21:15:00,798 | INFO  | SCMAudit | user=jenkins1000 | ip=192.168.34.22 | op=SEND_HEARTBEAT {datanodeUUID=513741be-bb9c-4b44-a92d-df6c353b58d2, command=[]} | ret=SUCCESS |  
2019-08-20 21:15:00,959 | INFO  | SCMAudit | user=jenkins1000 | ip=192.168.34.22 | op=SEND_HEARTBEAT {datanodeUUID=32ffa085-9cde-438a-a539-ceb56a7e13bd, command=[]} | ret=SUCCESS |  
2019-08-20 21:15:00,972 [Thread-4014] INFO  impl.FollowerState (FollowerState.java:run(106)) - 513741be-bb9c-4b44-a92d-df6c353b58d2:group-70B74190C8C2 changes to CANDIDATE, lastRpcTime:5125, electionTimeout:5125ms
2019-08-20 21:15:00,972 [Thread-4014] INFO  impl.RoleInfo (RoleInfo.java:shutdownFollowerState(121)) - 513741be-bb9c-4b44-a92d-df6c353b58d2: shutdown FollowerState
2019-08-20 21:15:00,972 [Thread-4014] INFO  impl.RaftServerImpl (RaftServerImpl.java:setRole(171)) - 513741be-bb9c-4b44-a92d-df6c353b58d2:group-70B74190C8C2 changes role from FOLLOWER to CANDIDATE at term 0 for changeToCandidate
2019-08-20 21:15:00,972 [Thread-4014] INFO  impl.RoleInfo (RoleInfo.java:updateAndGet(143)) - 513741be-bb9c-4b44-a92d-df6c353b58d2: start LeaderElection
2019-08-20 21:15:00,978 | INFO  | SCMAudit | user=jenkins1000 | ip=192.168.34.22 | op=SEND_HEARTBEAT {datanodeUUID=05488788-9b27-429d-ba76-e196dab11564, command=[]} | ret=SUCCESS |  
2019-08-20 21:15:00,991 [513741be-bb9c-4b44-a92d-df6c353b58d2:group-70B74190C8C2:LeaderElection73] INFO  impl.LeaderElection (LeaderElection.java:askForVotes(181)) - 513741be-bb9c-4b44-a92d-df6c353b58d2:group-70B74190C8C2:LeaderElection73: begin an election at term 1 for -1: [513741be-bb9c-4b44-a92d-df6c353b58d2:192.168.34.22:39811], old=null
2019-08-20 21:15:00,991 [513741be-bb9c-4b44-a92d-df6c353b58d2:group-70B74190C8C2:LeaderElection73] INFO  impl.RoleInfo (RoleInfo.java:shutdownLeaderElection(134)) - 513741be-bb9c-4b44-a92d-df6c353b58d2: shutdown LeaderElection
2019-08-20 21:15:00,991 [513741be-bb9c-4b44-a92d-df6c353b58d2:group-70B74190C8C2:LeaderElection73] INFO  impl.RaftServerImpl (RaftServerImpl.java:setRole(171)) - 513741be-bb9c-4b44-a92d-df6c353b58d2:group-70B74190C8C2 changes role from CANDIDATE to LEADER at term 1 for changeToLeader
2019-08-20 21:15:00,991 [513741be-bb9c-4b44-a92d-df6c353b58d2:group-70B74190C8C2:LeaderElection73] INFO  impl.RaftServerImpl (ServerState.java:setLeader(263)) - 513741be-bb9c-4b44-a92d-df6c353b58d2:group-70B74190C8C2 change Leader from null to 513741be-bb9c-4b44-a92d-df6c353b58d2 at term 1 for becomeLeader, leader elected after 5148ms
2019-08-20 21:15:00,992 [513741be-bb9c-4b44-a92d-df6c353b58d2:group-70B74190C8C2:LeaderElection73] INFO  server.RaftServerConfigKeys (ConfUtils.java:logGet(43)) - raft.server.staging.catchup.gap = 1000 (default)
2019-08-20 21:15:00,992 [513741be-bb9c-4b44-a92d-df6c353b58d2:group-70B74190C8C2:LeaderElection73] INFO  server.RaftServerConfigKeys (ConfUtils.java:logGet(43)) - raft.server.rpc.sleep.time = 25ms (default)
2019-08-20 21:15:00,992 [513741be-bb9c-4b44-a92d-df6c353b58d2:group-70B74190C8C2:LeaderElection73] INFO  server.RaftServerConfigKeys (ConfUtils.java:logGet(43)) - raft.server.write.element-limit = 4096 (default)
2019-08-20 21:15:00,992 [513741be-bb9c-4b44-a92d-df6c353b58d2:group-70B74190C8C2:LeaderElection73] INFO  server.RaftServerConfigKeys (ConfUtils.java:logGet(43)) - raft.server.watch.timeout = 10s (default)
2019-08-20 21:15:00,992 [513741be-bb9c-4b44-a92d-df6c353b58d2:group-70B74190C8C2:LeaderElection73] INFO  server.RaftServerConfigKeys (ConfUtils.java:logGet(43)) - raft.server.watch.timeout.denomination = 1s (default)
2019-08-20 21:15:00,992 [513741be-bb9c-4b44-a92d-df6c353b58d2:group-70B74190C8C2:LeaderElection73] INFO  server.RaftServerConfigKeys (ConfUtils.java:logGet(43)) - raft.server.watch.element-limit = 65536 (default)
2019-08-20 21:15:00,992 [513741be-bb9c-4b44-a92d-df6c353b58d2:group-70B74190C8C2:LeaderElection73] INFO  impl.RoleInfo (RoleInfo.java:updateAndGet(143)) - 513741be-bb9c-4b44-a92d-df6c353b58d2: start LeaderState
2019-08-20 21:15:00,992 [513741be-bb9c-4b44-a92d-df6c353b58d2:group-70B74190C8C2:LeaderElection73] INFO  segmented.SegmentedRaftLogWorker (SegmentedRaftLogWorker.java:startLogSegment(380)) - 513741be-bb9c-4b44-a92d-df6c353b58d2-SegmentedRaftLogWorker:Storage Directory /workdir/hadoop-ozone/integration-test/target/test-dir/MiniOzoneClusterImpl-8c73d54b-95bd-449d-9cb4-8faeda19692d/datanode-0/data/ratis/978a8632-0e4e-4827-8fc0-70b74190c8c2: Starting segment from index:0
2019-08-20 21:15:00,993 [513741be-bb9c-4b44-a92d-df6c353b58d2:group-70B74190C8C2:LeaderElection73] INFO  impl.RaftServerImpl (ServerState.java:setRaftConf(361)) - 513741be-bb9c-4b44-a92d-df6c353b58d2:group-70B74190C8C2 set configuration 0: [513741be-bb9c-4b44-a92d-df6c353b58d2:192.168.34.22:39811], old=null at 0
2019-08-20 21:15:01,033 [513741be-bb9c-4b44-a92d-df6c353b58d2-SegmentedRaftLogWorker:Storage Directory /workdir/hadoop-ozone/integration-test/target/test-dir/MiniOzoneClusterImpl-8c73d54b-95bd-449d-9cb4-8faeda19692d/datanode-0/data/ratis/978a8632-0e4e-4827-8fc0-70b74190c8c2] INFO  segmented.SegmentedRaftLogWorker (SegmentedRaftLogWorker.java:execute(569)) - 513741be-bb9c-4b44-a92d-df6c353b58d2-SegmentedRaftLogWorker:Storage Directory /workdir/hadoop-ozone/integration-test/target/test-dir/MiniOzoneClusterImpl-8c73d54b-95bd-449d-9cb4-8faeda19692d/datanode-0/data/ratis/978a8632-0e4e-4827-8fc0-70b74190c8c2: created new log segment /workdir/hadoop-ozone/integration-test/target/test-dir/MiniOzoneClusterImpl-8c73d54b-95bd-449d-9cb4-8faeda19692d/datanode-0/data/ratis/978a8632-0e4e-4827-8fc0-70b74190c8c2/current/log_inprogress_0
2019-08-20 21:15:01,093 [Thread-4017] INFO  impl.FollowerState (FollowerState.java:run(106)) - 05488788-9b27-429d-ba76-e196dab11564:group-0F9CB2E34934 changes to CANDIDATE, lastRpcTime:5087, electionTimeout:5087ms
2019-08-20 21:15:01,093 [Thread-4017] INFO  impl.RoleInfo (RoleInfo.java:shutdownFollowerState(121)) - 05488788-9b27-429d-ba76-e196dab11564: shutdown FollowerState
2019-08-20 21:15:01,093 [Thread-4017] INFO  impl.RaftServerImpl (RaftServerImpl.java:setRole(171)) - 05488788-9b27-429d-ba76-e196dab11564:group-0F9CB2E34934 changes role from FOLLOWER to CANDIDATE at term 0 for changeToCandidate
2019-08-20 21:15:01,093 [Thread-4017] INFO  impl.RoleInfo (RoleInfo.java:updateAndGet(143)) - 05488788-9b27-429d-ba76-e196dab11564: start LeaderElection
2019-08-20 21:15:01,123 [05488788-9b27-429d-ba76-e196dab11564:group-0F9CB2E34934:LeaderElection74] INFO  impl.LeaderElection (LeaderElection.java:askForVotes(181)) - 05488788-9b27-429d-ba76-e196dab11564:group-0F9CB2E34934:LeaderElection74: begin an election at term 1 for -1: [05488788-9b27-429d-ba76-e196dab11564:192.168.34.22:34797], old=null
2019-08-20 21:15:01,123 [05488788-9b27-429d-ba76-e196dab11564:group-0F9CB2E34934:LeaderElection74] INFO  impl.RoleInfo (RoleInfo.java:shutdownLeaderElection(134)) - 05488788-9b27-429d-ba76-e196dab11564: shutdown LeaderElection
2019-08-20 21:15:01,123 [05488788-9b27-429d-ba76-e196dab11564:group-0F9CB2E34934:LeaderElection74] INFO  impl.RaftServerImpl (RaftServerImpl.java:setRole(171)) - 05488788-9b27-429d-ba76-e196dab11564:group-0F9CB2E34934 changes role from CANDIDATE to LEADER at term 1 for changeToLeader
2019-08-20 21:15:01,123 [05488788-9b27-429d-ba76-e196dab11564:group-0F9CB2E34934:LeaderElection74] INFO  impl.RaftServerImpl (ServerState.java:setLeader(263)) - 05488788-9b27-429d-ba76-e196dab11564:group-0F9CB2E34934 change Leader from null to 05488788-9b27-429d-ba76-e196dab11564 at term 1 for becomeLeader, leader elected after 5121ms
2019-08-20 21:15:01,123 [05488788-9b27-429d-ba76-e196dab11564:group-0F9CB2E34934:LeaderElection74] INFO  server.RaftServerConfigKeys (ConfUtils.java:logGet(43)) - raft.server.staging.catchup.gap = 1000 (default)
2019-08-20 21:15:01,123 [05488788-9b27-429d-ba76-e196dab11564:group-0F9CB2E34934:LeaderElection74] INFO  server.RaftServerConfigKeys (ConfUtils.java:logGet(43)) - raft.server.rpc.sleep.time = 25ms (default)
2019-08-20 21:15:01,124 [05488788-9b27-429d-ba76-e196dab11564:group-0F9CB2E34934:LeaderElection74] INFO  server.RaftServerConfigKeys (ConfUtils.java:logGet(43)) - raft.server.write.element-limit = 4096 (default)
2019-08-20 21:15:01,124 [05488788-9b27-429d-ba76-e196dab11564:group-0F9CB2E34934:LeaderElection74] INFO  server.RaftServerConfigKeys (ConfUtils.java:logGet(43)) - raft.server.watch.timeout = 10s (default)
2019-08-20 21:15:01,124 [05488788-9b27-429d-ba76-e196dab11564:group-0F9CB2E34934:LeaderElection74] INFO  server.RaftServerConfigKeys (ConfUtils.java:logGet(43)) - raft.server.watch.timeout.denomination = 1s (default)
2019-08-20 21:15:01,124 [05488788-9b27-429d-ba76-e196dab11564:group-0F9CB2E34934:LeaderElection74] INFO  server.RaftServerConfigKeys (ConfUtils.java:logGet(43)) - raft.server.watch.element-limit = 65536 (default)
2019-08-20 21:15:01,124 [05488788-9b27-429d-ba76-e196dab11564:group-0F9CB2E34934:LeaderElection74] INFO  impl.RoleInfo (RoleInfo.java:updateAndGet(143)) - 05488788-9b27-429d-ba76-e196dab11564: start LeaderState
2019-08-20 21:15:01,124 [05488788-9b27-429d-ba76-e196dab11564:group-0F9CB2E34934:LeaderElection74] INFO  segmented.SegmentedRaftLogWorker (SegmentedRaftLogWorker.java:startLogSegment(380)) - 05488788-9b27-429d-ba76-e196dab11564-SegmentedRaftLogWorker:Storage Directory /workdir/hadoop-ozone/integration-test/target/test-dir/MiniOzoneClusterImpl-8c73d54b-95bd-449d-9cb4-8faeda19692d/datanode-1/data/ratis/52939d43-d6cb-4723-846f-0f9cb2e34934: Starting segment from index:0
2019-08-20 21:15:01,124 [05488788-9b27-429d-ba76-e196dab11564:group-0F9CB2E34934:LeaderElection74] INFO  impl.RaftServerImpl (ServerState.java:setRaftConf(361)) - 05488788-9b27-429d-ba76-e196dab11564:group-0F9CB2E34934 set configuration 0: [05488788-9b27-429d-ba76-e196dab11564:192.168.34.22:34797], old=null at 0
2019-08-20 21:15:01,162 [05488788-9b27-429d-ba76-e196dab11564-SegmentedRaftLogWorker:Storage Directory /workdir/hadoop-ozone/integration-test/target/test-dir/MiniOzoneClusterImpl-8c73d54b-95bd-449d-9cb4-8faeda19692d/datanode-1/data/ratis/52939d43-d6cb-4723-846f-0f9cb2e34934] INFO  segmented.SegmentedRaftLogWorker (SegmentedRaftLogWorker.java:execute(569)) - 05488788-9b27-429d-ba76-e196dab11564-SegmentedRaftLogWorker:Storage Directory /workdir/hadoop-ozone/integration-test/target/test-dir/MiniOzoneClusterImpl-8c73d54b-95bd-449d-9cb4-8faeda19692d/datanode-1/data/ratis/52939d43-d6cb-4723-846f-0f9cb2e34934: created new log segment /workdir/hadoop-ozone/integration-test/target/test-dir/MiniOzoneClusterImpl-8c73d54b-95bd-449d-9cb4-8faeda19692d/datanode-1/data/ratis/52939d43-d6cb-4723-846f-0f9cb2e34934/current/log_inprogress_0
2019-08-20 21:15:01,176 | INFO  | SCMAudit | user=jenkins1000 | ip=192.168.34.22 | op=SEND_HEARTBEAT {datanodeUUID=0682f0bd-ffd8-48c0-b0ba-6106fa582228, command=[]} | ret=SUCCESS |  
2019-08-20 21:15:01,197 | INFO  | SCMAudit | user=jenkins1000 | ip=192.168.34.22 | op=SEND_HEARTBEAT {datanodeUUID=3ff1b751-dcd6-467f-8d2d-86f1da670590, command=[]} | ret=SUCCESS |  
2019-08-20 21:15:01,282 [grpc-default-executor-8] INFO  client.GrpcClientProtocolClient (GrpcClientProtocolClient.java:onNext(255)) - client-138EFE56AC23->0682f0bd-ffd8-48c0-b0ba-6106fa582228: receive RaftClientReply:client-138EFE56AC23->0682f0bd-ffd8-48c0-b0ba-6106fa582228@group-B133B00B6FC4, cid=215, FAILED org.apache.ratis.protocol.NotLeaderException: Server 0682f0bd-ffd8-48c0-b0ba-6106fa582228 is not the leader (null). Request must be sent to leader., logIndex=0, commits[0682f0bd-ffd8-48c0-b0ba-6106fa582228:c-1]
2019-08-20 21:15:01,375 [Thread-4020] INFO  impl.FollowerState (FollowerState.java:run(106)) - 0682f0bd-ffd8-48c0-b0ba-6106fa582228:group-DE7EAC2BD727 changes to CANDIDATE, lastRpcTime:5158, electionTimeout:5158ms
2019-08-20 21:15:01,375 [Thread-4020] INFO  impl.RoleInfo (RoleInfo.java:shutdownFollowerState(121)) - 0682f0bd-ffd8-48c0-b0ba-6106fa582228: shutdown FollowerState
2019-08-20 21:15:01,375 [Thread-4020] INFO  impl.RaftServerImpl (RaftServerImpl.java:setRole(171)) - 0682f0bd-ffd8-48c0-b0ba-6106fa582228:group-DE7EAC2BD727 changes role from FOLLOWER to CANDIDATE at term 0 for changeToCandidate
2019-08-20 21:15:01,375 [Thread-4020] INFO  impl.RoleInfo (RoleInfo.java:updateAndGet(143)) - 0682f0bd-ffd8-48c0-b0ba-6106fa582228: start LeaderElection
2019-08-20 21:15:01,403 [0682f0bd-ffd8-48c0-b0ba-6106fa582228:group-DE7EAC2BD727:LeaderElection75] INFO  impl.LeaderElection (LeaderElection.java:askForVotes(181)) - 0682f0bd-ffd8-48c0-b0ba-6106fa582228:group-DE7EAC2BD727:LeaderElection75: begin an election at term 1 for -1: [0682f0bd-ffd8-48c0-b0ba-6106fa582228:192.168.34.22:45847], old=null
2019-08-20 21:15:01,403 [0682f0bd-ffd8-48c0-b0ba-6106fa582228:group-DE7EAC2BD727:LeaderElection75] INFO  impl.RoleInfo (RoleInfo.java:shutdownLeaderElection(134)) - 0682f0bd-ffd8-48c0-b0ba-6106fa582228: shutdown LeaderElection
2019-08-20 21:15:01,403 [0682f0bd-ffd8-48c0-b0ba-6106fa582228:group-DE7EAC2BD727:LeaderElection75] INFO  impl.RaftServerImpl (RaftServerImpl.java:setRole(171)) - 0682f0bd-ffd8-48c0-b0ba-6106fa582228:group-DE7EAC2BD727 changes role from CANDIDATE to LEADER at term 1 for changeToLeader
2019-08-20 21:15:01,403 [0682f0bd-ffd8-48c0-b0ba-6106fa582228:group-DE7EAC2BD727:LeaderElection75] INFO  impl.RaftServerImpl (ServerState.java:setLeader(263)) - 0682f0bd-ffd8-48c0-b0ba-6106fa582228:group-DE7EAC2BD727 change Leader from null to 0682f0bd-ffd8-48c0-b0ba-6106fa582228 at term 1 for becomeLeader, leader elected after 5189ms
2019-08-20 21:15:01,404 [0682f0bd-ffd8-48c0-b0ba-6106fa582228:group-DE7EAC2BD727:LeaderElection75] INFO  server.RaftServerConfigKeys (ConfUtils.java:logGet(43)) - raft.server.staging.catchup.gap = 1000 (default)
2019-08-20 21:15:01,404 [0682f0bd-ffd8-48c0-b0ba-6106fa582228:group-DE7EAC2BD727:LeaderElection75] INFO  server.RaftServerConfigKeys (ConfUtils.java:logGet(43)) - raft.server.rpc.sleep.time = 25ms (default)
2019-08-20 21:15:01,404 [0682f0bd-ffd8-48c0-b0ba-6106fa582228:group-DE7EAC2BD727:LeaderElection75] INFO  server.RaftServerConfigKeys (ConfUtils.java:logGet(43)) - raft.server.write.element-limit = 4096 (default)
2019-08-20 21:15:01,404 [0682f0bd-ffd8-48c0-b0ba-6106fa582228:group-DE7EAC2BD727:LeaderElection75] INFO  server.RaftServerConfigKeys (ConfUtils.java:logGet(43)) - raft.server.watch.timeout = 10s (default)
2019-08-20 21:15:01,404 [0682f0bd-ffd8-48c0-b0ba-6106fa582228:group-DE7EAC2BD727:LeaderElection75] INFO  server.RaftServerConfigKeys (ConfUtils.java:logGet(43)) - raft.server.watch.timeout.denomination = 1s (default)
2019-08-20 21:15:01,404 [0682f0bd-ffd8-48c0-b0ba-6106fa582228:group-DE7EAC2BD727:LeaderElection75] INFO  server.RaftServerConfigKeys (ConfUtils.java:logGet(43)) - raft.server.watch.element-limit = 65536 (default)
2019-08-20 21:15:01,404 [0682f0bd-ffd8-48c0-b0ba-6106fa582228:group-DE7EAC2BD727:LeaderElection75] INFO  impl.RoleInfo (RoleInfo.java:updateAndGet(143)) - 0682f0bd-ffd8-48c0-b0ba-6106fa582228: start LeaderState
2019-08-20 21:15:01,404 [0682f0bd-ffd8-48c0-b0ba-6106fa582228:group-DE7EAC2BD727:LeaderElection75] INFO  segmented.SegmentedRaftLogWorker (SegmentedRaftLogWorker.java:startLogSegment(380)) - 0682f0bd-ffd8-48c0-b0ba-6106fa582228-SegmentedRaftLogWorker:Storage Directory /workdir/hadoop-ozone/integration-test/target/test-dir/MiniOzoneClusterImpl-8c73d54b-95bd-449d-9cb4-8faeda19692d/datanode-2/data/ratis/1be2c149-bb43-4009-89e7-de7eac2bd727: Starting segment from index:0
2019-08-20 21:15:01,405 [0682f0bd-ffd8-48c0-b0ba-6106fa582228:group-DE7EAC2BD727:LeaderElection75] INFO  impl.RaftServerImpl (ServerState.java:setRaftConf(361)) - 0682f0bd-ffd8-48c0-b0ba-6106fa582228:group-DE7EAC2BD727 set configuration 0: [0682f0bd-ffd8-48c0-b0ba-6106fa582228:192.168.34.22:45847], old=null at 0
2019-08-20 21:15:01,426 [Thread-4023] INFO  impl.FollowerState (FollowerState.java:run(106)) - 05488788-9b27-429d-ba76-e196dab11564:group-B133B00B6FC4 changes to CANDIDATE, lastRpcTime:5142, electionTimeout:5142ms
2019-08-20 21:15:01,426 [Thread-4023] INFO  impl.RoleInfo (RoleInfo.java:shutdownFollowerState(121)) - 05488788-9b27-429d-ba76-e196dab11564: shutdown FollowerState
2019-08-20 21:15:01,426 [Thread-4023] INFO  impl.RaftServerImpl (RaftServerImpl.java:setRole(171)) - 05488788-9b27-429d-ba76-e196dab11564:group-B133B00B6FC4 changes role from FOLLOWER to CANDIDATE at term 0 for changeToCandidate
2019-08-20 21:15:01,426 [Thread-4023] INFO  impl.RoleInfo (RoleInfo.java:updateAndGet(143)) - 05488788-9b27-429d-ba76-e196dab11564: start LeaderElection
2019-08-20 21:15:01,462 [0682f0bd-ffd8-48c0-b0ba-6106fa582228-SegmentedRaftLogWorker:Storage Directory /workdir/hadoop-ozone/integration-test/target/test-dir/MiniOzoneClusterImpl-8c73d54b-95bd-449d-9cb4-8faeda19692d/datanode-2/data/ratis/1be2c149-bb43-4009-89e7-de7eac2bd727] INFO  segmented.SegmentedRaftLogWorker (SegmentedRaftLogWorker.java:execute(569)) - 0682f0bd-ffd8-48c0-b0ba-6106fa582228-SegmentedRaftLogWorker:Storage Directory /workdir/hadoop-ozone/integration-test/target/test-dir/MiniOzoneClusterImpl-8c73d54b-95bd-449d-9cb4-8faeda19692d/datanode-2/data/ratis/1be2c149-bb43-4009-89e7-de7eac2bd727: created new log segment /workdir/hadoop-ozone/integration-test/target/test-dir/MiniOzoneClusterImpl-8c73d54b-95bd-449d-9cb4-8faeda19692d/datanode-2/data/ratis/1be2c149-bb43-4009-89e7-de7eac2bd727/current/log_inprogress_0
2019-08-20 21:15:01,462 [05488788-9b27-429d-ba76-e196dab11564:group-B133B00B6FC4:LeaderElection76] INFO  impl.LeaderElection (LeaderElection.java:askForVotes(181)) - 05488788-9b27-429d-ba76-e196dab11564:group-B133B00B6FC4:LeaderElection76: begin an election at term 1 for -1: [513741be-bb9c-4b44-a92d-df6c353b58d2:192.168.34.22:39811, 05488788-9b27-429d-ba76-e196dab11564:192.168.34.22:34797, 0682f0bd-ffd8-48c0-b0ba-6106fa582228:192.168.34.22:45847], old=null
2019-08-20 21:15:01,463 [Thread-4027] INFO  impl.FollowerState (FollowerState.java:run(106)) - 0682f0bd-ffd8-48c0-b0ba-6106fa582228:group-B133B00B6FC4 changes to CANDIDATE, lastRpcTime:5176, electionTimeout:5176ms
2019-08-20 21:15:01,463 [Thread-4027] INFO  impl.RoleInfo (RoleInfo.java:shutdownFollowerState(121)) - 0682f0bd-ffd8-48c0-b0ba-6106fa582228: shutdown FollowerState
2019-08-20 21:15:01,463 [Thread-4027] INFO  impl.RaftServerImpl (RaftServerImpl.java:setRole(171)) - 0682f0bd-ffd8-48c0-b0ba-6106fa582228:group-B133B00B6FC4 changes role from FOLLOWER to CANDIDATE at term 0 for changeToCandidate
2019-08-20 21:15:01,463 [Thread-4027] INFO  impl.RoleInfo (RoleInfo.java:updateAndGet(143)) - 0682f0bd-ffd8-48c0-b0ba-6106fa582228: start LeaderElection
2019-08-20 21:15:01,468 [grpc-default-executor-8] INFO  impl.RaftServerImpl (RaftServerImpl.java:setRole(171)) - 513741be-bb9c-4b44-a92d-df6c353b58d2:group-B133B00B6FC4 changes role from FOLLOWER to FOLLOWER at term 1 for recognizeCandidate:05488788-9b27-429d-ba76-e196dab11564
2019-08-20 21:15:01,468 [grpc-default-executor-8] INFO  impl.RoleInfo (RoleInfo.java:shutdownFollowerState(121)) - 513741be-bb9c-4b44-a92d-df6c353b58d2: shutdown FollowerState
2019-08-20 21:15:01,469 [grpc-default-executor-8] INFO  impl.RoleInfo (RoleInfo.java:updateAndGet(143)) - 513741be-bb9c-4b44-a92d-df6c353b58d2: start FollowerState
2019-08-20 21:15:01,469 [Thread-4028] INFO  impl.FollowerState (FollowerState.java:run(114)) - 513741be-bb9c-4b44-a92d-df6c353b58d2: FollowerState was interrupted: java.lang.InterruptedException: sleep interrupted
2019-08-20 21:15:01,470 [0682f0bd-ffd8-48c0-b0ba-6106fa582228:group-B133B00B6FC4:LeaderElection77] INFO  impl.LeaderElection (LeaderElection.java:askForVotes(181)) - 0682f0bd-ffd8-48c0-b0ba-6106fa582228:group-B133B00B6FC4:LeaderElection77: begin an election at term 1 for -1: [513741be-bb9c-4b44-a92d-df6c353b58d2:192.168.34.22:39811, 05488788-9b27-429d-ba76-e196dab11564:192.168.34.22:34797, 0682f0bd-ffd8-48c0-b0ba-6106fa582228:192.168.34.22:45847], old=null
2019-08-20 21:15:01,475 [0682f0bd-ffd8-48c0-b0ba-6106fa582228:group-B133B00B6FC4:LeaderElection77] INFO  impl.LeaderElection (LeaderElection.java:logAndReturn(56)) - 0682f0bd-ffd8-48c0-b0ba-6106fa582228:group-B133B00B6FC4:LeaderElection77: Election REJECTED; received 2 response(s) [0682f0bd-ffd8-48c0-b0ba-6106fa582228<-513741be-bb9c-4b44-a92d-df6c353b58d2#0:FAIL-t1, 0682f0bd-ffd8-48c0-b0ba-6106fa582228<-05488788-9b27-429d-ba76-e196dab11564#0:FAIL-t1] and 0 exception(s); 0682f0bd-ffd8-48c0-b0ba-6106fa582228:t1, leader=null, voted=0682f0bd-ffd8-48c0-b0ba-6106fa582228, raftlog=0682f0bd-ffd8-48c0-b0ba-6106fa582228-SegmentedRaftLog:OPENED:c-1,f-1,i0, conf=-1: [513741be-bb9c-4b44-a92d-df6c353b58d2:192.168.34.22:39811, 05488788-9b27-429d-ba76-e196dab11564:192.168.34.22:34797, 0682f0bd-ffd8-48c0-b0ba-6106fa582228:192.168.34.22:45847], old=null
2019-08-20 21:15:01,475 [05488788-9b27-429d-ba76-e196dab11564:group-B133B00B6FC4:LeaderElection76] INFO  impl.LeaderElection (LeaderElection.java:logAndReturn(56)) - 05488788-9b27-429d-ba76-e196dab11564:group-B133B00B6FC4:LeaderElection76: Election PASSED; received 2 response(s) [05488788-9b27-429d-ba76-e196dab11564<-513741be-bb9c-4b44-a92d-df6c353b58d2#0:OK-t1, 05488788-9b27-429d-ba76-e196dab11564<-0682f0bd-ffd8-48c0-b0ba-6106fa582228#0:FAIL-t1] and 0 exception(s); 05488788-9b27-429d-ba76-e196dab11564:t1, leader=null, voted=05488788-9b27-429d-ba76-e196dab11564, raftlog=05488788-9b27-429d-ba76-e196dab11564-SegmentedRaftLog:OPENED:c-1,f-1,i0, conf=-1: [513741be-bb9c-4b44-a92d-df6c353b58d2:192.168.34.22:39811, 05488788-9b27-429d-ba76-e196dab11564:192.168.34.22:34797, 0682f0bd-ffd8-48c0-b0ba-6106fa582228:192.168.34.22:45847], old=null
2019-08-20 21:15:01,476 [0682f0bd-ffd8-48c0-b0ba-6106fa582228:group-B133B00B6FC4:LeaderElection77] INFO  impl.RaftServerImpl (RaftServerImpl.java:setRole(171)) - 0682f0bd-ffd8-48c0-b0ba-6106fa582228:group-B133B00B6FC4 changes role from CANDIDATE to FOLLOWER at term 1 for DISCOVERED_A_NEW_TERM
2019-08-20 21:15:01,476 [05488788-9b27-429d-ba76-e196dab11564:group-B133B00B6FC4:LeaderElection76] INFO  impl.RoleInfo (RoleInfo.java:shutdownLeaderElection(134)) - 05488788-9b27-429d-ba76-e196dab11564: shutdown LeaderElection
2019-08-20 21:15:01,476 [0682f0bd-ffd8-48c0-b0ba-6106fa582228:group-B133B00B6FC4:LeaderElection77] INFO  impl.RoleInfo (RoleInfo.java:shutdownLeaderElection(134)) - 0682f0bd-ffd8-48c0-b0ba-6106fa582228: shutdown LeaderElection
2019-08-20 21:15:01,476 [05488788-9b27-429d-ba76-e196dab11564:group-B133B00B6FC4:LeaderElection76] INFO  impl.RaftServerImpl (RaftServerImpl.java:setRole(171)) - 05488788-9b27-429d-ba76-e196dab11564:group-B133B00B6FC4 changes role from CANDIDATE to LEADER at term 1 for changeToLeader
2019-08-20 21:15:01,476 [0682f0bd-ffd8-48c0-b0ba-6106fa582228:group-B133B00B6FC4:LeaderElection77] INFO  impl.RoleInfo (RoleInfo.java:updateAndGet(143)) - 0682f0bd-ffd8-48c0-b0ba-6106fa582228: start FollowerState
2019-08-20 21:15:01,476 [05488788-9b27-429d-ba76-e196dab11564:group-B133B00B6FC4:LeaderElection76] INFO  impl.RaftServerImpl (ServerState.java:setLeader(263)) - 05488788-9b27-429d-ba76-e196dab11564:group-B133B00B6FC4 change Leader from null to 05488788-9b27-429d-ba76-e196dab11564 at term 1 for becomeLeader, leader elected after 5198ms
2019-08-20 21:15:01,476 [05488788-9b27-429d-ba76-e196dab11564:group-B133B00B6FC4:LeaderElection76] INFO  server.RaftServerConfigKeys (ConfUtils.java:logGet(43)) - raft.server.staging.catchup.gap = 1000 (default)
2019-08-20 21:15:01,476 [05488788-9b27-429d-ba76-e196dab11564:group-B133B00B6FC4:LeaderElection76] INFO  server.RaftServerConfigKeys (ConfUtils.java:logGet(43)) - raft.server.rpc.sleep.time = 25ms (default)
2019-08-20 21:15:01,477 [05488788-9b27-429d-ba76-e196dab11564:group-B133B00B6FC4:LeaderElection76] INFO  server.RaftServerConfigKeys (ConfUtils.java:logGet(43)) - raft.server.write.element-limit = 4096 (default)
2019-08-20 21:15:01,477 [05488788-9b27-429d-ba76-e196dab11564:group-B133B00B6FC4:LeaderElection76] INFO  server.RaftServerConfigKeys (ConfUtils.java:logGet(43)) - raft.server.watch.timeout = 10s (default)
2019-08-20 21:15:01,477 [05488788-9b27-429d-ba76-e196dab11564:group-B133B00B6FC4:LeaderElection76] INFO  server.RaftServerConfigKeys (ConfUtils.java:logGet(43)) - raft.server.watch.timeout.denomination = 1s (default)
2019-08-20 21:15:01,477 [05488788-9b27-429d-ba76-e196dab11564:group-B133B00B6FC4:LeaderElection76] INFO  server.RaftServerConfigKeys (ConfUtils.java:logGet(43)) - raft.server.watch.element-limit = 65536 (default)
2019-08-20 21:15:01,477 [05488788-9b27-429d-ba76-e196dab11564:group-B133B00B6FC4:LeaderElection76] INFO  server.RaftServerConfigKeys (ConfUtils.java:logGet(43)) - raft.server.log.appender.snapshot.chunk.size.max = 16MB (=16777216) (default)
2019-08-20 21:15:01,477 [05488788-9b27-429d-ba76-e196dab11564:group-B133B00B6FC4:LeaderElection76] INFO  server.RaftServerConfigKeys (ConfUtils.java:logGet(43)) - raft.server.log.appender.buffer.byte-limit = 33554432 (custom)
2019-08-20 21:15:01,477 [05488788-9b27-429d-ba76-e196dab11564:group-B133B00B6FC4:LeaderElection76] INFO  server.RaftServerConfigKeys (ConfUtils.java:logGet(43)) - raft.server.log.appender.buffer.element-limit = 1 (custom)
2019-08-20 21:15:01,478 [05488788-9b27-429d-ba76-e196dab11564:group-B133B00B6FC4:LeaderElection76] INFO  grpc.GrpcConfigKeys$Server (ConfUtils.java:logGet(43)) - raft.grpc.server.leader.outstanding.appends.max = 128 (default)
2019-08-20 21:15:01,478 [05488788-9b27-429d-ba76-e196dab11564:group-B133B00B6FC4:LeaderElection76] INFO  server.RaftServerConfigKeys (ConfUtils.java:logGet(43)) - raft.server.rpc.request.timeout = 3000ms (default)
2019-08-20 21:15:01,478 [05488788-9b27-429d-ba76-e196dab11564:group-B133B00B6FC4:LeaderElection76] INFO  server.RaftServerConfigKeys (ConfUtils.java:logGet(43)) - raft.server.log.appender.install.snapshot.enabled = false (custom)
2019-08-20 21:15:01,478 [05488788-9b27-429d-ba76-e196dab11564:group-B133B00B6FC4:LeaderElection76] INFO  server.RaftServerConfigKeys (ConfUtils.java:logGet(43)) - raft.server.log.appender.snapshot.chunk.size.max = 16MB (=16777216) (default)
2019-08-20 21:15:01,478 [05488788-9b27-429d-ba76-e196dab11564:group-B133B00B6FC4:LeaderElection76] INFO  server.RaftServerConfigKeys (ConfUtils.java:logGet(43)) - raft.server.log.appender.buffer.byte-limit = 33554432 (custom)
2019-08-20 21:15:01,478 [05488788-9b27-429d-ba76-e196dab11564:group-B133B00B6FC4:LeaderElection76] INFO  server.RaftServerConfigKeys (ConfUtils.java:logGet(43)) - raft.server.log.appender.buffer.element-limit = 1 (custom)
2019-08-20 21:15:01,478 [05488788-9b27-429d-ba76-e196dab11564:group-B133B00B6FC4:LeaderElection76] INFO  grpc.GrpcConfigKeys$Server (ConfUtils.java:logGet(43)) - raft.grpc.server.leader.outstanding.appends.max = 128 (default)
2019-08-20 21:15:01,478 [05488788-9b27-429d-ba76-e196dab11564:group-B133B00B6FC4:LeaderElection76] INFO  server.RaftServerConfigKeys (ConfUtils.java:logGet(43)) - raft.server.rpc.request.timeout = 3000ms (default)
2019-08-20 21:15:01,478 [05488788-9b27-429d-ba76-e196dab11564:group-B133B00B6FC4:LeaderElection76] INFO  server.RaftServerConfigKeys (ConfUtils.java:logGet(43)) - raft.server.log.appender.install.snapshot.enabled = false (custom)
2019-08-20 21:15:01,479 [05488788-9b27-429d-ba76-e196dab11564:group-B133B00B6FC4:LeaderElection76] INFO  impl.RoleInfo (RoleInfo.java:updateAndGet(143)) - 05488788-9b27-429d-ba76-e196dab11564: start LeaderState
2019-08-20 21:15:01,479 [05488788-9b27-429d-ba76-e196dab11564:group-B133B00B6FC4:LeaderElection76] INFO  segmented.SegmentedRaftLogWorker (SegmentedRaftLogWorker.java:startLogSegment(380)) - 05488788-9b27-429d-ba76-e196dab11564-SegmentedRaftLogWorker:Storage Directory /workdir/hadoop-ozone/integration-test/target/test-dir/MiniOzoneClusterImpl-8c73d54b-95bd-449d-9cb4-8faeda19692d/datanode-1/data/ratis/155abae6-99fc-4be2-a2da-b133b00b6fc4: Starting segment from index:0
2019-08-20 21:15:01,479 [05488788-9b27-429d-ba76-e196dab11564:group-B133B00B6FC4:LeaderElection76] INFO  impl.RaftServerImpl (ServerState.java:setRaftConf(361)) - 05488788-9b27-429d-ba76-e196dab11564:group-B133B00B6FC4 set configuration 0: [513741be-bb9c-4b44-a92d-df6c353b58d2:192.168.34.22:39811, 05488788-9b27-429d-ba76-e196dab11564:192.168.34.22:34797, 0682f0bd-ffd8-48c0-b0ba-6106fa582228:192.168.34.22:45847], old=null at 0
2019-08-20 21:15:01,506 [grpc-default-executor-8] INFO  impl.RaftServerImpl (ServerState.java:setLeader(263)) - 513741be-bb9c-4b44-a92d-df6c353b58d2:group-B133B00B6FC4 change Leader from null to 05488788-9b27-429d-ba76-e196dab11564 at term 1 for appendEntries, leader elected after 5227ms
2019-08-20 21:15:01,506 [grpc-default-executor-4] INFO  impl.RaftServerImpl (ServerState.java:setLeader(263)) - 0682f0bd-ffd8-48c0-b0ba-6106fa582228:group-B133B00B6FC4 change Leader from null to 05488788-9b27-429d-ba76-e196dab11564 at term 1 for appendEntries, leader elected after 5227ms
2019-08-20 21:15:01,507 [grpc-default-executor-4] INFO  impl.RaftServerImpl (ServerState.java:setRaftConf(361)) - 0682f0bd-ffd8-48c0-b0ba-6106fa582228:group-B133B00B6FC4 set configuration 0: [513741be-bb9c-4b44-a92d-df6c353b58d2:192.168.34.22:39811, 05488788-9b27-429d-ba76-e196dab11564:192.168.34.22:34797, 0682f0bd-ffd8-48c0-b0ba-6106fa582228:192.168.34.22:45847], old=null at 0
2019-08-20 21:15:01,507 [grpc-default-executor-8] INFO  impl.RaftServerImpl (ServerState.java:setRaftConf(361)) - 513741be-bb9c-4b44-a92d-df6c353b58d2:group-B133B00B6FC4 set configuration 0: [513741be-bb9c-4b44-a92d-df6c353b58d2:192.168.34.22:39811, 05488788-9b27-429d-ba76-e196dab11564:192.168.34.22:34797, 0682f0bd-ffd8-48c0-b0ba-6106fa582228:192.168.34.22:45847], old=null at 0
2019-08-20 21:15:01,508 [grpc-default-executor-4] INFO  segmented.SegmentedRaftLogWorker (SegmentedRaftLogWorker.java:startLogSegment(380)) - 0682f0bd-ffd8-48c0-b0ba-6106fa582228-SegmentedRaftLogWorker:Storage Directory /workdir/hadoop-ozone/integration-test/target/test-dir/MiniOzoneClusterImpl-8c73d54b-95bd-449d-9cb4-8faeda19692d/datanode-2/data/ratis/155abae6-99fc-4be2-a2da-b133b00b6fc4: Starting segment from index:0
2019-08-20 21:15:01,508 [grpc-default-executor-8] INFO  segmented.SegmentedRaftLogWorker (SegmentedRaftLogWorker.java:startLogSegment(380)) - 513741be-bb9c-4b44-a92d-df6c353b58d2-SegmentedRaftLogWorker:Storage Directory /workdir/hadoop-ozone/integration-test/target/test-dir/MiniOzoneClusterImpl-8c73d54b-95bd-449d-9cb4-8faeda19692d/datanode-0/data/ratis/155abae6-99fc-4be2-a2da-b133b00b6fc4: Starting segment from index:0
2019-08-20 21:15:01,523 [05488788-9b27-429d-ba76-e196dab11564-SegmentedRaftLogWorker:Storage Directory /workdir/hadoop-ozone/integration-test/target/test-dir/MiniOzoneClusterImpl-8c73d54b-95bd-449d-9cb4-8faeda19692d/datanode-1/data/ratis/155abae6-99fc-4be2-a2da-b133b00b6fc4] INFO  segmented.SegmentedRaftLogWorker (SegmentedRaftLogWorker.java:execute(569)) - 05488788-9b27-429d-ba76-e196dab11564-SegmentedRaftLogWorker:Storage Directory /workdir/hadoop-ozone/integration-test/target/test-dir/MiniOzoneClusterImpl-8c73d54b-95bd-449d-9cb4-8faeda19692d/datanode-1/data/ratis/155abae6-99fc-4be2-a2da-b133b00b6fc4: created new log segment /workdir/hadoop-ozone/integration-test/target/test-dir/MiniOzoneClusterImpl-8c73d54b-95bd-449d-9cb4-8faeda19692d/datanode-1/data/ratis/155abae6-99fc-4be2-a2da-b133b00b6fc4/current/log_inprogress_0
2019-08-20 21:15:01,542 [513741be-bb9c-4b44-a92d-df6c353b58d2-SegmentedRaftLogWorker:Storage Directory /workdir/hadoop-ozone/integration-test/target/test-dir/MiniOzoneClusterImpl-8c73d54b-95bd-449d-9cb4-8faeda19692d/datanode-0/data/ratis/155abae6-99fc-4be2-a2da-b133b00b6fc4] INFO  segmented.SegmentedRaftLogWorker (SegmentedRaftLogWorker.java:execute(569)) - 513741be-bb9c-4b44-a92d-df6c353b58d2-SegmentedRaftLogWorker:Storage Directory /workdir/hadoop-ozone/integration-test/target/test-dir/MiniOzoneClusterImpl-8c73d54b-95bd-449d-9cb4-8faeda19692d/datanode-0/data/ratis/155abae6-99fc-4be2-a2da-b133b00b6fc4: created new log segment /workdir/hadoop-ozone/integration-test/target/test-dir/MiniOzoneClusterImpl-8c73d54b-95bd-449d-9cb4-8faeda19692d/datanode-0/data/ratis/155abae6-99fc-4be2-a2da-b133b00b6fc4/current/log_inprogress_0
2019-08-20 21:15:01,542 [0682f0bd-ffd8-48c0-b0ba-6106fa582228-SegmentedRaftLogWorker:Storage Directory /workdir/hadoop-ozone/integration-test/target/test-dir/MiniOzoneClusterImpl-8c73d54b-95bd-449d-9cb4-8faeda19692d/datanode-2/data/ratis/155abae6-99fc-4be2-a2da-b133b00b6fc4] INFO  segmented.SegmentedRaftLogWorker (SegmentedRaftLogWorker.java:execute(569)) - 0682f0bd-ffd8-48c0-b0ba-6106fa582228-SegmentedRaftLogWorker:Storage Directory /workdir/hadoop-ozone/integration-test/target/test-dir/MiniOzoneClusterImpl-8c73d54b-95bd-449d-9cb4-8faeda19692d/datanode-2/data/ratis/155abae6-99fc-4be2-a2da-b133b00b6fc4: created new log segment /workdir/hadoop-ozone/integration-test/target/test-dir/MiniOzoneClusterImpl-8c73d54b-95bd-449d-9cb4-8faeda19692d/datanode-2/data/ratis/155abae6-99fc-4be2-a2da-b133b00b6fc4/current/log_inprogress_0
2019-08-20 21:15:01,563 | INFO  | SCMAudit | user=jenkins1000 | ip=192.168.34.22 | op=SEND_HEARTBEAT {datanodeUUID=b918b925-974f-4261-bde0-42b23f02a612, command=[]} | ret=SUCCESS |  
2019-08-20 21:15:01,742 [Thread-4035] INFO  impl.FollowerState (FollowerState.java:run(106)) - b918b925-974f-4261-bde0-42b23f02a612:group-38A87A6A54C1 changes to CANDIDATE, lastRpcTime:5132, electionTimeout:5132ms
2019-08-20 21:15:01,743 [Thread-4035] INFO  impl.RoleInfo (RoleInfo.java:shutdownFollowerState(121)) - b918b925-974f-4261-bde0-42b23f02a612: shutdown FollowerState
2019-08-20 21:15:01,743 [Thread-4035] INFO  impl.RaftServerImpl (RaftServerImpl.java:setRole(171)) - b918b925-974f-4261-bde0-42b23f02a612:group-38A87A6A54C1 changes role from FOLLOWER to CANDIDATE at term 0 for changeToCandidate
2019-08-20 21:15:01,743 [Thread-4035] INFO  impl.RoleInfo (RoleInfo.java:updateAndGet(143)) - b918b925-974f-4261-bde0-42b23f02a612: start LeaderElection
2019-08-20 21:15:01,758 | INFO  | SCMAudit | user=jenkins1000 | ip=192.168.34.22 | op=SEND_HEARTBEAT {datanodeUUID=7d335ae0-aa74-4335-afe9-a2c1bf276fed, command=[]} | ret=SUCCESS |  
2019-08-20 21:15:01,768 [b918b925-974f-4261-bde0-42b23f02a612:group-38A87A6A54C1:LeaderElection78] INFO  impl.LeaderElection (LeaderElection.java:askForVotes(181)) - b918b925-974f-4261-bde0-42b23f02a612:group-38A87A6A54C1:LeaderElection78: begin an election at term 1 for -1: [b918b925-974f-4261-bde0-42b23f02a612:192.168.34.22:40857], old=null
2019-08-20 21:15:01,768 [b918b925-974f-4261-bde0-42b23f02a612:group-38A87A6A54C1:LeaderElection78] INFO  impl.RoleInfo (RoleInfo.java:shutdownLeaderElection(134)) - b918b925-974f-4261-bde0-42b23f02a612: shutdown LeaderElection
2019-08-20 21:15:01,768 [b918b925-974f-4261-bde0-42b23f02a612:group-38A87A6A54C1:LeaderElection78] INFO  impl.RaftServerImpl (RaftServerImpl.java:setRole(171)) - b918b925-974f-4261-bde0-42b23f02a612:group-38A87A6A54C1 changes role from CANDIDATE to LEADER at term 1 for changeToLeader
2019-08-20 21:15:01,768 [b918b925-974f-4261-bde0-42b23f02a612:group-38A87A6A54C1:LeaderElection78] INFO  impl.RaftServerImpl (ServerState.java:setLeader(263)) - b918b925-974f-4261-bde0-42b23f02a612:group-38A87A6A54C1 change Leader from null to b918b925-974f-4261-bde0-42b23f02a612 at term 1 for becomeLeader, leader elected after 5161ms
2019-08-20 21:15:01,768 [b918b925-974f-4261-bde0-42b23f02a612:group-38A87A6A54C1:LeaderElection78] INFO  server.RaftServerConfigKeys (ConfUtils.java:logGet(43)) - raft.server.staging.catchup.gap = 1000 (default)
2019-08-20 21:15:01,768 [b918b925-974f-4261-bde0-42b23f02a612:group-38A87A6A54C1:LeaderElection78] INFO  server.RaftServerConfigKeys (ConfUtils.java:logGet(43)) - raft.server.rpc.sleep.time = 25ms (default)
2019-08-20 21:15:01,768 [b918b925-974f-4261-bde0-42b23f02a612:group-38A87A6A54C1:LeaderElection78] INFO  server.RaftServerConfigKeys (ConfUtils.java:logGet(43)) - raft.server.write.element-limit = 4096 (default)
2019-08-20 21:15:01,768 [b918b925-974f-4261-bde0-42b23f02a612:group-38A87A6A54C1:LeaderElection78] INFO  server.RaftServerConfigKeys (ConfUtils.java:logGet(43)) - raft.server.watch.timeout = 10s (default)
2019-08-20 21:15:01,768 [b918b925-974f-4261-bde0-42b23f02a612:group-38A87A6A54C1:LeaderElection78] INFO  server.RaftServerConfigKeys (ConfUtils.java:logGet(43)) - raft.server.watch.timeout.denomination = 1s (default)
2019-08-20 21:15:01,769 [b918b925-974f-4261-bde0-42b23f02a612:group-38A87A6A54C1:LeaderElection78] INFO  server.RaftServerConfigKeys (ConfUtils.java:logGet(43)) - raft.server.watch.element-limit = 65536 (default)
2019-08-20 21:15:01,769 [b918b925-974f-4261-bde0-42b23f02a612:group-38A87A6A54C1:LeaderElection78] INFO  impl.RoleInfo (RoleInfo.java:updateAndGet(143)) - b918b925-974f-4261-bde0-42b23f02a612: start LeaderState
2019-08-20 21:15:01,769 [b918b925-974f-4261-bde0-42b23f02a612:group-38A87A6A54C1:LeaderElection78] INFO  segmented.SegmentedRaftLogWorker (SegmentedRaftLogWorker.java:startLogSegment(380)) - b918b925-974f-4261-bde0-42b23f02a612-SegmentedRaftLogWorker:Storage Directory /workdir/hadoop-ozone/integration-test/target/test-dir/MiniOzoneClusterImpl-8c73d54b-95bd-449d-9cb4-8faeda19692d/datanode-3/data/ratis/88efc8b1-af5c-473a-859e-38a87a6a54c1: Starting segment from index:0
2019-08-20 21:15:01,769 [b918b925-974f-4261-bde0-42b23f02a612:group-38A87A6A54C1:LeaderElection78] INFO  impl.RaftServerImpl (ServerState.java:setRaftConf(361)) - b918b925-974f-4261-bde0-42b23f02a612:group-38A87A6A54C1 set configuration 0: [b918b925-974f-4261-bde0-42b23f02a612:192.168.34.22:40857], old=null at 0
2019-08-20 21:15:01,798 | INFO  | SCMAudit | user=jenkins1000 | ip=192.168.34.22 | op=SEND_HEARTBEAT {datanodeUUID=513741be-bb9c-4b44-a92d-df6c353b58d2, command=[]} | ret=SUCCESS |  
2019-08-20 21:15:01,806 [b918b925-974f-4261-bde0-42b23f02a612-SegmentedRaftLogWorker:Storage Directory /workdir/hadoop-ozone/integration-test/target/test-dir/MiniOzoneClusterImpl-8c73d54b-95bd-449d-9cb4-8faeda19692d/datanode-3/data/ratis/88efc8b1-af5c-473a-859e-38a87a6a54c1] INFO  segmented.SegmentedRaftLogWorker (SegmentedRaftLogWorker.java:execute(569)) - b918b925-974f-4261-bde0-42b23f02a612-SegmentedRaftLogWorker:Storage Directory /workdir/hadoop-ozone/integration-test/target/test-dir/MiniOzoneClusterImpl-8c73d54b-95bd-449d-9cb4-8faeda19692d/datanode-3/data/ratis/88efc8b1-af5c-473a-859e-38a87a6a54c1: created new log segment /workdir/hadoop-ozone/integration-test/target/test-dir/MiniOzoneClusterImpl-8c73d54b-95bd-449d-9cb4-8faeda19692d/datanode-3/data/ratis/88efc8b1-af5c-473a-859e-38a87a6a54c1/current/log_inprogress_0
2019-08-20 21:15:01,959 | INFO  | SCMAudit | user=jenkins1000 | ip=192.168.34.22 | op=SEND_HEARTBEAT {datanodeUUID=32ffa085-9cde-438a-a539-ceb56a7e13bd, command=[]} | ret=SUCCESS |  
2019-08-20 21:15:01,978 | INFO  | SCMAudit | user=jenkins1000 | ip=192.168.34.22 | op=SEND_HEARTBEAT {datanodeUUID=05488788-9b27-429d-ba76-e196dab11564, command=[]} | ret=SUCCESS |  
2019-08-20 21:15:01,996 [Thread-4038] INFO  impl.FollowerState (FollowerState.java:run(106)) - 7d335ae0-aa74-4335-afe9-a2c1bf276fed:group-5B1EDAFB322E changes to CANDIDATE, lastRpcTime:5173, electionTimeout:5173ms
2019-08-20 21:15:01,996 [Thread-4038] INFO  impl.RoleInfo (RoleInfo.java:shutdownFollowerState(121)) - 7d335ae0-aa74-4335-afe9-a2c1bf276fed: shutdown FollowerState
2019-08-20 21:15:01,996 [Thread-4038] INFO  impl.RaftServerImpl (RaftServerImpl.java:setRole(171)) - 7d335ae0-aa74-4335-afe9-a2c1bf276fed:group-5B1EDAFB322E changes role from FOLLOWER to CANDIDATE at term 0 for changeToCandidate
2019-08-20 21:15:01,996 [Thread-4038] INFO  impl.RoleInfo (RoleInfo.java:updateAndGet(143)) - 7d335ae0-aa74-4335-afe9-a2c1bf276fed: start LeaderElection
2019-08-20 21:15:02,017 [7d335ae0-aa74-4335-afe9-a2c1bf276fed:group-5B1EDAFB322E:LeaderElection79] INFO  impl.LeaderElection (LeaderElection.java:askForVotes(181)) - 7d335ae0-aa74-4335-afe9-a2c1bf276fed:group-5B1EDAFB322E:LeaderElection79: begin an election at term 1 for -1: [7d335ae0-aa74-4335-afe9-a2c1bf276fed:192.168.34.22:41842], old=null
2019-08-20 21:15:02,017 [7d335ae0-aa74-4335-afe9-a2c1bf276fed:group-5B1EDAFB322E:LeaderElection79] INFO  impl.RoleInfo (RoleInfo.java:shutdownLeaderElection(134)) - 7d335ae0-aa74-4335-afe9-a2c1bf276fed: shutdown LeaderElection
2019-08-20 21:15:02,017 [7d335ae0-aa74-4335-afe9-a2c1bf276fed:group-5B1EDAFB322E:LeaderElection79] INFO  impl.RaftServerImpl (RaftServerImpl.java:setRole(171)) - 7d335ae0-aa74-4335-afe9-a2c1bf276fed:group-5B1EDAFB322E changes role from CANDIDATE to LEADER at term 1 for changeToLeader
2019-08-20 21:15:02,017 [7d335ae0-aa74-4335-afe9-a2c1bf276fed:group-5B1EDAFB322E:LeaderElection79] INFO  impl.RaftServerImpl (ServerState.java:setLeader(263)) - 7d335ae0-aa74-4335-afe9-a2c1bf276fed:group-5B1EDAFB322E change Leader from null to 7d335ae0-aa74-4335-afe9-a2c1bf276fed at term 1 for becomeLeader, leader elected after 5197ms
2019-08-20 21:15:02,017 [7d335ae0-aa74-4335-afe9-a2c1bf276fed:group-5B1EDAFB322E:LeaderElection79] INFO  server.RaftServerConfigKeys (ConfUtils.java:logGet(43)) - raft.server.staging.catchup.gap = 1000 (default)
2019-08-20 21:15:02,017 [7d335ae0-aa74-4335-afe9-a2c1bf276fed:group-5B1EDAFB322E:LeaderElection79] INFO  server.RaftServerConfigKeys (ConfUtils.java:logGet(43)) - raft.server.rpc.sleep.time = 25ms (default)
2019-08-20 21:15:02,017 [7d335ae0-aa74-4335-afe9-a2c1bf276fed:group-5B1EDAFB322E:LeaderElection79] INFO  server.RaftServerConfigKeys (ConfUtils.java:logGet(43)) - raft.server.write.element-limit = 4096 (default)
2019-08-20 21:15:02,017 [7d335ae0-aa74-4335-afe9-a2c1bf276fed:group-5B1EDAFB322E:LeaderElection79] INFO  server.RaftServerConfigKeys (ConfUtils.java:logGet(43)) - raft.server.watch.timeout = 10s (default)
2019-08-20 21:15:02,017 [7d335ae0-aa74-4335-afe9-a2c1bf276fed:group-5B1EDAFB322E:LeaderElection79] INFO  server.RaftServerConfigKeys (ConfUtils.java:logGet(43)) - raft.server.watch.timeout.denomination = 1s (default)
2019-08-20 21:15:02,017 [7d335ae0-aa74-4335-afe9-a2c1bf276fed:group-5B1EDAFB322E:LeaderElection79] INFO  server.RaftServerConfigKeys (ConfUtils.java:logGet(43)) - raft.server.watch.element-limit = 65536 (default)
2019-08-20 21:15:02,018 [7d335ae0-aa74-4335-afe9-a2c1bf276fed:group-5B1EDAFB322E:LeaderElection79] INFO  impl.RoleInfo (RoleInfo.java:updateAndGet(143)) - 7d335ae0-aa74-4335-afe9-a2c1bf276fed: start LeaderState
2019-08-20 21:15:02,018 [7d335ae0-aa74-4335-afe9-a2c1bf276fed:group-5B1EDAFB322E:LeaderElection79] INFO  segmented.SegmentedRaftLogWorker (SegmentedRaftLogWorker.java:startLogSegment(380)) - 7d335ae0-aa74-4335-afe9-a2c1bf276fed-SegmentedRaftLogWorker:Storage Directory /workdir/hadoop-ozone/integration-test/target/test-dir/MiniOzoneClusterImpl-8c73d54b-95bd-449d-9cb4-8faeda19692d/datanode-4/data/ratis/fbdb9ada-d8bf-48b9-9563-5b1edafb322e: Starting segment from index:0
2019-08-20 21:15:02,018 [7d335ae0-aa74-4335-afe9-a2c1bf276fed:group-5B1EDAFB322E:LeaderElection79] INFO  impl.RaftServerImpl (ServerState.java:setRaftConf(361)) - 7d335ae0-aa74-4335-afe9-a2c1bf276fed:group-5B1EDAFB322E set configuration 0: [7d335ae0-aa74-4335-afe9-a2c1bf276fed:192.168.34.22:41842], old=null at 0
2019-08-20 21:15:02,063 [7d335ae0-aa74-4335-afe9-a2c1bf276fed-SegmentedRaftLogWorker:Storage Directory /workdir/hadoop-ozone/integration-test/target/test-dir/MiniOzoneClusterImpl-8c73d54b-95bd-449d-9cb4-8faeda19692d/datanode-4/data/ratis/fbdb9ada-d8bf-48b9-9563-5b1edafb322e] INFO  segmented.SegmentedRaftLogWorker (SegmentedRaftLogWorker.java:execute(569)) - 7d335ae0-aa74-4335-afe9-a2c1bf276fed-SegmentedRaftLogWorker:Storage Directory /workdir/hadoop-ozone/integration-test/target/test-dir/MiniOzoneClusterImpl-8c73d54b-95bd-449d-9cb4-8faeda19692d/datanode-4/data/ratis/fbdb9ada-d8bf-48b9-9563-5b1edafb322e: created new log segment /workdir/hadoop-ozone/integration-test/target/test-dir/MiniOzoneClusterImpl-8c73d54b-95bd-449d-9cb4-8faeda19692d/datanode-4/data/ratis/fbdb9ada-d8bf-48b9-9563-5b1edafb322e/current/log_inprogress_0
2019-08-20 21:15:02,092 [Thread-4049] INFO  impl.FollowerState (FollowerState.java:run(106)) - 32ffa085-9cde-438a-a539-ceb56a7e13bd:group-C6D50AD0AAE4 changes to CANDIDATE, lastRpcTime:5009, electionTimeout:5009ms
2019-08-20 21:15:02,092 [Thread-4049] INFO  impl.RoleInfo (RoleInfo.java:shutdownFollowerState(121)) - 32ffa085-9cde-438a-a539-ceb56a7e13bd: shutdown FollowerState
2019-08-20 21:15:02,092 [Thread-4049] INFO  impl.RaftServerImpl (RaftServerImpl.java:setRole(171)) - 32ffa085-9cde-438a-a539-ceb56a7e13bd:group-C6D50AD0AAE4 changes role from FOLLOWER to CANDIDATE at term 0 for changeToCandidate
2019-08-20 21:15:02,092 [Thread-4049] INFO  impl.RoleInfo (RoleInfo.java:updateAndGet(143)) - 32ffa085-9cde-438a-a539-ceb56a7e13bd: start LeaderElection
2019-08-20 21:15:02,110 [32ffa085-9cde-438a-a539-ceb56a7e13bd:group-C6D50AD0AAE4:LeaderElection80] INFO  impl.LeaderElection (LeaderElection.java:askForVotes(181)) - 32ffa085-9cde-438a-a539-ceb56a7e13bd:group-C6D50AD0AAE4:LeaderElection80: begin an election at term 1 for -1: [32ffa085-9cde-438a-a539-ceb56a7e13bd:192.168.34.22:41770, 7d335ae0-aa74-4335-afe9-a2c1bf276fed:192.168.34.22:41842, b918b925-974f-4261-bde0-42b23f02a612:192.168.34.22:40857], old=null
2019-08-20 21:15:02,115 [grpc-default-executor-8] INFO  impl.RaftServerImpl (RaftServerImpl.java:setRole(171)) - b918b925-974f-4261-bde0-42b23f02a612:group-C6D50AD0AAE4 changes role from FOLLOWER to FOLLOWER at term 1 for recognizeCandidate:32ffa085-9cde-438a-a539-ceb56a7e13bd
2019-08-20 21:15:02,115 [grpc-default-executor-4] INFO  impl.RaftServerImpl (RaftServerImpl.java:setRole(171)) - 7d335ae0-aa74-4335-afe9-a2c1bf276fed:group-C6D50AD0AAE4 changes role from FOLLOWER to FOLLOWER at term 1 for recognizeCandidate:32ffa085-9cde-438a-a539-ceb56a7e13bd
2019-08-20 21:15:02,115 [grpc-default-executor-8] INFO  impl.RoleInfo (RoleInfo.java:shutdownFollowerState(121)) - b918b925-974f-4261-bde0-42b23f02a612: shutdown FollowerState
2019-08-20 21:15:02,116 [grpc-default-executor-4] INFO  impl.RoleInfo (RoleInfo.java:shutdownFollowerState(121)) - 7d335ae0-aa74-4335-afe9-a2c1bf276fed: shutdown FollowerState
2019-08-20 21:15:02,116 [Thread-4044] INFO  impl.FollowerState (FollowerState.java:run(114)) - b918b925-974f-4261-bde0-42b23f02a612: FollowerState was interrupted: java.lang.InterruptedException: sleep interrupted
2019-08-20 21:15:02,116 [Thread-4048] INFO  impl.FollowerState (FollowerState.java:run(114)) - 7d335ae0-aa74-4335-afe9-a2c1bf276fed: FollowerState was interrupted: java.lang.InterruptedException: sleep interrupted
2019-08-20 21:15:02,116 [grpc-default-executor-8] INFO  impl.RoleInfo (RoleInfo.java:updateAndGet(143)) - b918b925-974f-4261-bde0-42b23f02a612: start FollowerState
2019-08-20 21:15:02,116 [grpc-default-executor-4] INFO  impl.RoleInfo (RoleInfo.java:updateAndGet(143)) - 7d335ae0-aa74-4335-afe9-a2c1bf276fed: start FollowerState
2019-08-20 21:15:02,133 [32ffa085-9cde-438a-a539-ceb56a7e13bd:group-C6D50AD0AAE4:LeaderElection80] INFO  impl.LeaderElection (LeaderElection.java:logAndReturn(56)) - 32ffa085-9cde-438a-a539-ceb56a7e13bd:group-C6D50AD0AAE4:LeaderElection80: Election PASSED; received 1 response(s) [32ffa085-9cde-438a-a539-ceb56a7e13bd<-b918b925-974f-4261-bde0-42b23f02a612#0:OK-t1] and 0 exception(s); 32ffa085-9cde-438a-a539-ceb56a7e13bd:t1, leader=null, voted=32ffa085-9cde-438a-a539-ceb56a7e13bd, raftlog=32ffa085-9cde-438a-a539-ceb56a7e13bd-SegmentedRaftLog:OPENED:c-1,f-1,i0, conf=-1: [32ffa085-9cde-438a-a539-ceb56a7e13bd:192.168.34.22:41770, 7d335ae0-aa74-4335-afe9-a2c1bf276fed:192.168.34.22:41842, b918b925-974f-4261-bde0-42b23f02a612:192.168.34.22:40857], old=null
2019-08-20 21:15:02,133 [32ffa085-9cde-438a-a539-ceb56a7e13bd:group-C6D50AD0AAE4:LeaderElection80] INFO  impl.RoleInfo (RoleInfo.java:shutdownLeaderElection(134)) - 32ffa085-9cde-438a-a539-ceb56a7e13bd: shutdown LeaderElection
2019-08-20 21:15:02,133 [32ffa085-9cde-438a-a539-ceb56a7e13bd:group-C6D50AD0AAE4:LeaderElection80] INFO  impl.RaftServerImpl (RaftServerImpl.java:setRole(171)) - 32ffa085-9cde-438a-a539-ceb56a7e13bd:group-C6D50AD0AAE4 changes role from CANDIDATE to LEADER at term 1 for changeToLeader
2019-08-20 21:15:02,133 [32ffa085-9cde-438a-a539-ceb56a7e13bd:group-C6D50AD0AAE4:LeaderElection80] INFO  impl.RaftServerImpl (ServerState.java:setLeader(263)) - 32ffa085-9cde-438a-a539-ceb56a7e13bd:group-C6D50AD0AAE4 change Leader from null to 32ffa085-9cde-438a-a539-ceb56a7e13bd at term 1 for becomeLeader, leader elected after 5058ms
2019-08-20 21:15:02,133 [32ffa085-9cde-438a-a539-ceb56a7e13bd:group-C6D50AD0AAE4:LeaderElection80] INFO  server.RaftServerConfigKeys (ConfUtils.java:logGet(43)) - raft.server.staging.catchup.gap = 1000 (default)
2019-08-20 21:15:02,134 [32ffa085-9cde-438a-a539-ceb56a7e13bd:group-C6D50AD0AAE4:LeaderElection80] INFO  server.RaftServerConfigKeys (ConfUtils.java:logGet(43)) - raft.server.rpc.sleep.time = 25ms (default)
2019-08-20 21:15:02,134 [32ffa085-9cde-438a-a539-ceb56a7e13bd:group-C6D50AD0AAE4:LeaderElection80] INFO  server.RaftServerConfigKeys (ConfUtils.java:logGet(43)) - raft.server.write.element-limit = 4096 (default)
2019-08-20 21:15:02,134 [32ffa085-9cde-438a-a539-ceb56a7e13bd:group-C6D50AD0AAE4:LeaderElection80] INFO  server.RaftServerConfigKeys (ConfUtils.java:logGet(43)) - raft.server.watch.timeout = 10s (default)
2019-08-20 21:15:02,134 [32ffa085-9cde-438a-a539-ceb56a7e13bd:group-C6D50AD0AAE4:LeaderElection80] INFO  server.RaftServerConfigKeys (ConfUtils.java:logGet(43)) - raft.server.watch.timeout.denomination = 1s (default)
2019-08-20 21:15:02,134 [32ffa085-9cde-438a-a539-ceb56a7e13bd:group-C6D50AD0AAE4:LeaderElection80] INFO  server.RaftServerConfigKeys (ConfUtils.java:logGet(43)) - raft.server.watch.element-limit = 65536 (default)
2019-08-20 21:15:02,134 [32ffa085-9cde-438a-a539-ceb56a7e13bd:group-C6D50AD0AAE4:LeaderElection80] INFO  server.RaftServerConfigKeys (ConfUtils.java:logGet(43)) - raft.server.log.appender.snapshot.chunk.size.max = 16MB (=16777216) (default)
2019-08-20 21:15:02,134 [32ffa085-9cde-438a-a539-ceb56a7e13bd:group-C6D50AD0AAE4:LeaderElection80] INFO  server.RaftServerConfigKeys (ConfUtils.java:logGet(43)) - raft.server.log.appender.buffer.byte-limit = 33554432 (custom)
2019-08-20 21:15:02,134 [32ffa085-9cde-438a-a539-ceb56a7e13bd:group-C6D50AD0AAE4:LeaderElection80] INFO  server.RaftServerConfigKeys (ConfUtils.java:logGet(43)) - raft.server.log.appender.buffer.element-limit = 1 (custom)
2019-08-20 21:15:02,135 [32ffa085-9cde-438a-a539-ceb56a7e13bd:group-C6D50AD0AAE4:LeaderElection80] INFO  grpc.GrpcConfigKeys$Server (ConfUtils.java:logGet(43)) - raft.grpc.server.leader.outstanding.appends.max = 128 (default)
2019-08-20 21:15:02,135 [32ffa085-9cde-438a-a539-ceb56a7e13bd:group-C6D50AD0AAE4:LeaderElection80] INFO  server.RaftServerConfigKeys (ConfUtils.java:logGet(43)) - raft.server.rpc.request.timeout = 3000ms (default)
2019-08-20 21:15:02,135 [32ffa085-9cde-438a-a539-ceb56a7e13bd:group-C6D50AD0AAE4:LeaderElection80] INFO  server.RaftServerConfigKeys (ConfUtils.java:logGet(43)) - raft.server.log.appender.install.snapshot.enabled = false (custom)
2019-08-20 21:15:02,135 [32ffa085-9cde-438a-a539-ceb56a7e13bd:group-C6D50AD0AAE4:LeaderElection80] INFO  server.RaftServerConfigKeys (ConfUtils.java:logGet(43)) - raft.server.log.appender.snapshot.chunk.size.max = 16MB (=16777216) (default)
2019-08-20 21:15:02,135 [32ffa085-9cde-438a-a539-ceb56a7e13bd:group-C6D50AD0AAE4:LeaderElection80] INFO  server.RaftServerConfigKeys (ConfUtils.java:logGet(43)) - raft.server.log.appender.buffer.byte-limit = 33554432 (custom)
2019-08-20 21:15:02,135 [32ffa085-9cde-438a-a539-ceb56a7e13bd:group-C6D50AD0AAE4:LeaderElection80] INFO  server.RaftServerConfigKeys (ConfUtils.java:logGet(43)) - raft.server.log.appender.buffer.element-limit = 1 (custom)
2019-08-20 21:15:02,135 [32ffa085-9cde-438a-a539-ceb56a7e13bd:group-C6D50AD0AAE4:LeaderElection80] INFO  grpc.GrpcConfigKeys$Server (ConfUtils.java:logGet(43)) - raft.grpc.server.leader.outstanding.appends.max = 128 (default)
2019-08-20 21:15:02,135 [32ffa085-9cde-438a-a539-ceb56a7e13bd:group-C6D50AD0AAE4:LeaderElection80] INFO  server.RaftServerConfigKeys (ConfUtils.java:logGet(43)) - raft.server.rpc.request.timeout = 3000ms (default)
2019-08-20 21:15:02,136 [32ffa085-9cde-438a-a539-ceb56a7e13bd:group-C6D50AD0AAE4:LeaderElection80] INFO  server.RaftServerConfigKeys (ConfUtils.java:logGet(43)) - raft.server.log.appender.install.snapshot.enabled = false (custom)
2019-08-20 21:15:02,136 [32ffa085-9cde-438a-a539-ceb56a7e13bd:group-C6D50AD0AAE4:LeaderElection80] INFO  impl.RoleInfo (RoleInfo.java:updateAndGet(143)) - 32ffa085-9cde-438a-a539-ceb56a7e13bd: start LeaderState
2019-08-20 21:15:02,136 [32ffa085-9cde-438a-a539-ceb56a7e13bd:group-C6D50AD0AAE4:LeaderElection80] INFO  segmented.SegmentedRaftLogWorker (SegmentedRaftLogWorker.java:startLogSegment(380)) - 32ffa085-9cde-438a-a539-ceb56a7e13bd-SegmentedRaftLogWorker:Storage Directory /workdir/hadoop-ozone/integration-test/target/test-dir/MiniOzoneClusterImpl-8c73d54b-95bd-449d-9cb4-8faeda19692d/datanode-5/data/ratis/530e808b-628d-460b-b596-c6d50ad0aae4: Starting segment from index:0
2019-08-20 21:15:02,136 [32ffa085-9cde-438a-a539-ceb56a7e13bd:group-C6D50AD0AAE4:LeaderElection80] INFO  impl.RaftServerImpl (ServerState.java:setRaftConf(361)) - 32ffa085-9cde-438a-a539-ceb56a7e13bd:group-C6D50AD0AAE4 set configuration 0: [32ffa085-9cde-438a-a539-ceb56a7e13bd:192.168.34.22:41770, 7d335ae0-aa74-4335-afe9-a2c1bf276fed:192.168.34.22:41842, b918b925-974f-4261-bde0-42b23f02a612:192.168.34.22:40857], old=null at 0
2019-08-20 21:15:02,170 [grpc-default-executor-4] INFO  impl.RaftServerImpl (ServerState.java:setLeader(263)) - b918b925-974f-4261-bde0-42b23f02a612:group-C6D50AD0AAE4 change Leader from null to 32ffa085-9cde-438a-a539-ceb56a7e13bd at term 1 for appendEntries, leader elected after 5095ms
2019-08-20 21:15:02,170 [grpc-default-executor-8] INFO  impl.RaftServerImpl (ServerState.java:setLeader(263)) - 7d335ae0-aa74-4335-afe9-a2c1bf276fed:group-C6D50AD0AAE4 change Leader from null to 32ffa085-9cde-438a-a539-ceb56a7e13bd at term 1 for appendEntries, leader elected after 5095ms
2019-08-20 21:15:02,170 [Thread-4041] INFO  impl.FollowerState (FollowerState.java:run(106)) - 32ffa085-9cde-438a-a539-ceb56a7e13bd:group-38B8956BBA49 changes to CANDIDATE, lastRpcTime:5165, electionTimeout:5156ms
2019-08-20 21:15:02,171 [Thread-4041] INFO  impl.RoleInfo (RoleInfo.java:shutdownFollowerState(121)) - 32ffa085-9cde-438a-a539-ceb56a7e13bd: shutdown FollowerState
2019-08-20 21:15:02,171 [Thread-4041] INFO  impl.RaftServerImpl (RaftServerImpl.java:setRole(171)) - 32ffa085-9cde-438a-a539-ceb56a7e13bd:group-38B8956BBA49 changes role from FOLLOWER to CANDIDATE at term 0 for changeToCandidate
2019-08-20 21:15:02,171 [Thread-4041] INFO  impl.RoleInfo (RoleInfo.java:updateAndGet(143)) - 32ffa085-9cde-438a-a539-ceb56a7e13bd: start LeaderElection
2019-08-20 21:15:02,175 [grpc-default-executor-8] INFO  impl.RaftServerImpl (ServerState.java:setRaftConf(361)) - b918b925-974f-4261-bde0-42b23f02a612:group-C6D50AD0AAE4 set configuration 0: [32ffa085-9cde-438a-a539-ceb56a7e13bd:192.168.34.22:41770, 7d335ae0-aa74-4335-afe9-a2c1bf276fed:192.168.34.22:41842, b918b925-974f-4261-bde0-42b23f02a612:192.168.34.22:40857], old=null at 0
2019-08-20 21:15:02,175 [grpc-default-executor-4] INFO  impl.RaftServerImpl (ServerState.java:setRaftConf(361)) - 7d335ae0-aa74-4335-afe9-a2c1bf276fed:group-C6D50AD0AAE4 set configuration 0: [32ffa085-9cde-438a-a539-ceb56a7e13bd:192.168.34.22:41770, 7d335ae0-aa74-4335-afe9-a2c1bf276fed:192.168.34.22:41842, b918b925-974f-4261-bde0-42b23f02a612:192.168.34.22:40857], old=null at 0
2019-08-20 21:15:02,175 [grpc-default-executor-8] INFO  segmented.SegmentedRaftLogWorker (SegmentedRaftLogWorker.java:startLogSegment(380)) - b918b925-974f-4261-bde0-42b23f02a612-SegmentedRaftLogWorker:Storage Directory /workdir/hadoop-ozone/integration-test/target/test-dir/MiniOzoneClusterImpl-8c73d54b-95bd-449d-9cb4-8faeda19692d/datanode-3/data/ratis/530e808b-628d-460b-b596-c6d50ad0aae4: Starting segment from index:0
2019-08-20 21:15:02,176 | INFO  | SCMAudit | user=jenkins1000 | ip=192.168.34.22 | op=SEND_HEARTBEAT {datanodeUUID=0682f0bd-ffd8-48c0-b0ba-6106fa582228, command=[]} | ret=SUCCESS |  
2019-08-20 21:15:02,176 [grpc-default-executor-4] INFO  segmented.SegmentedRaftLogWorker (SegmentedRaftLogWorker.java:startLogSegment(380)) - 7d335ae0-aa74-4335-afe9-a2c1bf276fed-SegmentedRaftLogWorker:Storage Directory /workdir/hadoop-ozone/integration-test/target/test-dir/MiniOzoneClusterImpl-8c73d54b-95bd-449d-9cb4-8faeda19692d/datanode-4/data/ratis/530e808b-628d-460b-b596-c6d50ad0aae4: Starting segment from index:0
2019-08-20 21:15:02,183 [32ffa085-9cde-438a-a539-ceb56a7e13bd-SegmentedRaftLogWorker:Storage Directory /workdir/hadoop-ozone/integration-test/target/test-dir/MiniOzoneClusterImpl-8c73d54b-95bd-449d-9cb4-8faeda19692d/datanode-5/data/ratis/530e808b-628d-460b-b596-c6d50ad0aae4] INFO  segmented.SegmentedRaftLogWorker (SegmentedRaftLogWorker.java:execute(569)) - 32ffa085-9cde-438a-a539-ceb56a7e13bd-SegmentedRaftLogWorker:Storage Directory /workdir/hadoop-ozone/integration-test/target/test-dir/MiniOzoneClusterImpl-8c73d54b-95bd-449d-9cb4-8faeda19692d/datanode-5/data/ratis/530e808b-628d-460b-b596-c6d50ad0aae4: created new log segment /workdir/hadoop-ozone/integration-test/target/test-dir/MiniOzoneClusterImpl-8c73d54b-95bd-449d-9cb4-8faeda19692d/datanode-5/data/ratis/530e808b-628d-460b-b596-c6d50ad0aae4/current/log_inprogress_0
2019-08-20 21:15:02,183 [32ffa085-9cde-438a-a539-ceb56a7e13bd:group-38B8956BBA49:LeaderElection81] INFO  impl.LeaderElection (LeaderElection.java:askForVotes(181)) - 32ffa085-9cde-438a-a539-ceb56a7e13bd:group-38B8956BBA49:LeaderElection81: begin an election at term 1 for -1: [32ffa085-9cde-438a-a539-ceb56a7e13bd:192.168.34.22:41770], old=null
2019-08-20 21:15:02,183 [32ffa085-9cde-438a-a539-ceb56a7e13bd:group-38B8956BBA49:LeaderElection81] INFO  impl.RoleInfo (RoleInfo.java:shutdownLeaderElection(134)) - 32ffa085-9cde-438a-a539-ceb56a7e13bd: shutdown LeaderElection
2019-08-20 21:15:02,183 [32ffa085-9cde-438a-a539-ceb56a7e13bd:group-38B8956BBA49:LeaderElection81] INFO  impl.RaftServerImpl (RaftServerImpl.java:setRole(171)) - 32ffa085-9cde-438a-a539-ceb56a7e13bd:group-38B8956BBA49 changes role from CANDIDATE to LEADER at term 1 for changeToLeader
2019-08-20 21:15:02,183 [32ffa085-9cde-438a-a539-ceb56a7e13bd:group-38B8956BBA49:LeaderElection81] INFO  impl.RaftServerImpl (ServerState.java:setLeader(263)) - 32ffa085-9cde-438a-a539-ceb56a7e13bd:group-38B8956BBA49 change Leader from null to 32ffa085-9cde-438a-a539-ceb56a7e13bd at term 1 for becomeLeader, leader elected after 5182ms
2019-08-20 21:15:02,184 [32ffa085-9cde-438a-a539-ceb56a7e13bd:group-38B8956BBA49:LeaderElection81] INFO  server.RaftServerConfigKeys (ConfUtils.java:logGet(43)) - raft.server.staging.catchup.gap = 1000 (default)
2019-08-20 21:15:02,184 [32ffa085-9cde-438a-a539-ceb56a7e13bd:group-38B8956BBA49:LeaderElection81] INFO  server.RaftServerConfigKeys (ConfUtils.java:logGet(43)) - raft.server.rpc.sleep.time = 25ms (default)
2019-08-20 21:15:02,184 [32ffa085-9cde-438a-a539-ceb56a7e13bd:group-38B8956BBA49:LeaderElection81] INFO  server.RaftServerConfigKeys (ConfUtils.java:logGet(43)) - raft.server.write.element-limit = 4096 (default)
2019-08-20 21:15:02,184 [32ffa085-9cde-438a-a539-ceb56a7e13bd:group-38B8956BBA49:LeaderElection81] INFO  server.RaftServerConfigKeys (ConfUtils.java:logGet(43)) - raft.server.watch.timeout = 10s (default)
2019-08-20 21:15:02,184 [32ffa085-9cde-438a-a539-ceb56a7e13bd:group-38B8956BBA49:LeaderElection81] INFO  server.RaftServerConfigKeys (ConfUtils.java:logGet(43)) - raft.server.watch.timeout.denomination = 1s (default)
2019-08-20 21:15:02,184 [32ffa085-9cde-438a-a539-ceb56a7e13bd:group-38B8956BBA49:LeaderElection81] INFO  server.RaftServerConfigKeys (ConfUtils.java:logGet(43)) - raft.server.watch.element-limit = 65536 (default)
2019-08-20 21:15:02,184 [32ffa085-9cde-438a-a539-ceb56a7e13bd:group-38B8956BBA49:LeaderElection81] INFO  impl.RoleInfo (RoleInfo.java:updateAndGet(143)) - 32ffa085-9cde-438a-a539-ceb56a7e13bd: start LeaderState
2019-08-20 21:15:02,184 [32ffa085-9cde-438a-a539-ceb56a7e13bd:group-38B8956BBA49:LeaderElection81] INFO  segmented.SegmentedRaftLogWorker (SegmentedRaftLogWorker.java:startLogSegment(380)) - 32ffa085-9cde-438a-a539-ceb56a7e13bd-SegmentedRaftLogWorker:Storage Directory /workdir/hadoop-ozone/integration-test/target/test-dir/MiniOzoneClusterImpl-8c73d54b-95bd-449d-9cb4-8faeda19692d/datanode-5/data/ratis/02b9f26f-6241-4790-b8e8-38b8956bba49: Starting segment from index:0
2019-08-20 21:15:02,185 [32ffa085-9cde-438a-a539-ceb56a7e13bd:group-38B8956BBA49:LeaderElection81] INFO  impl.RaftServerImpl (ServerState.java:setRaftConf(361)) - 32ffa085-9cde-438a-a539-ceb56a7e13bd:group-38B8956BBA49 set configuration 0: [32ffa085-9cde-438a-a539-ceb56a7e13bd:192.168.34.22:41770], old=null at 0
2019-08-20 21:15:02,197 | INFO  | SCMAudit | user=jenkins1000 | ip=192.168.34.22 | op=SEND_HEARTBEAT {datanodeUUID=3ff1b751-dcd6-467f-8d2d-86f1da670590, command=[]} | ret=SUCCESS |  
2019-08-20 21:15:02,213 [32ffa085-9cde-438a-a539-ceb56a7e13bd-SegmentedRaftLogWorker:Storage Directory /workdir/hadoop-ozone/integration-test/target/test-dir/MiniOzoneClusterImpl-8c73d54b-95bd-449d-9cb4-8faeda19692d/datanode-5/data/ratis/02b9f26f-6241-4790-b8e8-38b8956bba49] INFO  segmented.SegmentedRaftLogWorker (SegmentedRaftLogWorker.java:execute(569)) - 32ffa085-9cde-438a-a539-ceb56a7e13bd-SegmentedRaftLogWorker:Storage Directory /workdir/hadoop-ozone/integration-test/target/test-dir/MiniOzoneClusterImpl-8c73d54b-95bd-449d-9cb4-8faeda19692d/datanode-5/data/ratis/02b9f26f-6241-4790-b8e8-38b8956bba49: created new log segment /workdir/hadoop-ozone/integration-test/target/test-dir/MiniOzoneClusterImpl-8c73d54b-95bd-449d-9cb4-8faeda19692d/datanode-5/data/ratis/02b9f26f-6241-4790-b8e8-38b8956bba49/current/log_inprogress_0
2019-08-20 21:15:02,213 [b918b925-974f-4261-bde0-42b23f02a612-SegmentedRaftLogWorker:Storage Directory /workdir/hadoop-ozone/integration-test/target/test-dir/MiniOzoneClusterImpl-8c73d54b-95bd-449d-9cb4-8faeda19692d/datanode-3/data/ratis/530e808b-628d-460b-b596-c6d50ad0aae4] INFO  segmented.SegmentedRaftLogWorker (SegmentedRaftLogWorker.java:execute(569)) - b918b925-974f-4261-bde0-42b23f02a612-SegmentedRaftLogWorker:Storage Directory /workdir/hadoop-ozone/integration-test/target/test-dir/MiniOzoneClusterImpl-8c73d54b-95bd-449d-9cb4-8faeda19692d/datanode-3/data/ratis/530e808b-628d-460b-b596-c6d50ad0aae4: created new log segment /workdir/hadoop-ozone/integration-test/target/test-dir/MiniOzoneClusterImpl-8c73d54b-95bd-449d-9cb4-8faeda19692d/datanode-3/data/ratis/530e808b-628d-460b-b596-c6d50ad0aae4/current/log_inprogress_0
2019-08-20 21:15:02,213 [7d335ae0-aa74-4335-afe9-a2c1bf276fed-SegmentedRaftLogWorker:Storage Directory /workdir/hadoop-ozone/integration-test/target/test-dir/MiniOzoneClusterImpl-8c73d54b-95bd-449d-9cb4-8faeda19692d/datanode-4/data/ratis/530e808b-628d-460b-b596-c6d50ad0aae4] INFO  segmented.SegmentedRaftLogWorker (SegmentedRaftLogWorker.java:execute(569)) - 7d335ae0-aa74-4335-afe9-a2c1bf276fed-SegmentedRaftLogWorker:Storage Directory /workdir/hadoop-ozone/integration-test/target/test-dir/MiniOzoneClusterImpl-8c73d54b-95bd-449d-9cb4-8faeda19692d/datanode-4/data/ratis/530e808b-628d-460b-b596-c6d50ad0aae4: created new log segment /workdir/hadoop-ozone/integration-test/target/test-dir/MiniOzoneClusterImpl-8c73d54b-95bd-449d-9cb4-8faeda19692d/datanode-4/data/ratis/530e808b-628d-460b-b596-c6d50ad0aae4/current/log_inprogress_0
2019-08-20 21:15:02,365 [Thread-4053] INFO  impl.FollowerState (FollowerState.java:run(106)) - 3ff1b751-dcd6-467f-8d2d-86f1da670590:group-CFE6107906F4 changes to CANDIDATE, lastRpcTime:5116, electionTimeout:5116ms
2019-08-20 21:15:02,365 [Thread-4053] INFO  impl.RoleInfo (RoleInfo.java:shutdownFollowerState(121)) - 3ff1b751-dcd6-467f-8d2d-86f1da670590: shutdown FollowerState
2019-08-20 21:15:02,365 [Thread-4053] INFO  impl.RaftServerImpl (RaftServerImpl.java:setRole(171)) - 3ff1b751-dcd6-467f-8d2d-86f1da670590:group-CFE6107906F4 changes role from FOLLOWER to CANDIDATE at term 0 for changeToCandidate
2019-08-20 21:15:02,365 [Thread-4053] INFO  impl.RoleInfo (RoleInfo.java:updateAndGet(143)) - 3ff1b751-dcd6-467f-8d2d-86f1da670590: start LeaderElection
2019-08-20 21:15:02,380 [3ff1b751-dcd6-467f-8d2d-86f1da670590:group-CFE6107906F4:LeaderElection82] INFO  impl.LeaderElection (LeaderElection.java:askForVotes(181)) - 3ff1b751-dcd6-467f-8d2d-86f1da670590:group-CFE6107906F4:LeaderElection82: begin an election at term 1 for -1: [3ff1b751-dcd6-467f-8d2d-86f1da670590:192.168.34.22:42567], old=null
2019-08-20 21:15:02,382 [3ff1b751-dcd6-467f-8d2d-86f1da670590:group-CFE6107906F4:LeaderElection82] INFO  impl.RoleInfo (RoleInfo.java:shutdownLeaderElection(134)) - 3ff1b751-dcd6-467f-8d2d-86f1da670590: shutdown LeaderElection
2019-08-20 21:15:02,382 [3ff1b751-dcd6-467f-8d2d-86f1da670590:group-CFE6107906F4:LeaderElection82] INFO  impl.RaftServerImpl (RaftServerImpl.java:setRole(171)) - 3ff1b751-dcd6-467f-8d2d-86f1da670590:group-CFE6107906F4 changes role from CANDIDATE to LEADER at term 1 for changeToLeader
2019-08-20 21:15:02,382 [3ff1b751-dcd6-467f-8d2d-86f1da670590:group-CFE6107906F4:LeaderElection82] INFO  impl.RaftServerImpl (ServerState.java:setLeader(263)) - 3ff1b751-dcd6-467f-8d2d-86f1da670590:group-CFE6107906F4 change Leader from null to 3ff1b751-dcd6-467f-8d2d-86f1da670590 at term 1 for becomeLeader, leader elected after 5136ms
2019-08-20 21:15:02,383 [3ff1b751-dcd6-467f-8d2d-86f1da670590:group-CFE6107906F4:LeaderElection82] INFO  server.RaftServerConfigKeys (ConfUtils.java:logGet(43)) - raft.server.staging.catchup.gap = 1000 (default)
2019-08-20 21:15:02,383 [3ff1b751-dcd6-467f-8d2d-86f1da670590:group-CFE6107906F4:LeaderElection82] INFO  server.RaftServerConfigKeys (ConfUtils.java:logGet(43)) - raft.server.rpc.sleep.time = 25ms (default)
2019-08-20 21:15:02,383 [3ff1b751-dcd6-467f-8d2d-86f1da670590:group-CFE6107906F4:LeaderElection82] INFO  server.RaftServerConfigKeys (ConfUtils.java:logGet(43)) - raft.server.write.element-limit = 4096 (default)
2019-08-20 21:15:02,383 | INFO  | DNAudit | user=null | ip=null | op=WRITE_CHUNK {blockData=conID: 1 locID: 102651376319922193 bcsId: 0} | ret=SUCCESS |  
2019-08-20 21:15:02,383 | INFO  | DNAudit | user=null | ip=null | op=WRITE_CHUNK {blockData=conID: 1 locID: 102651376319922193 bcsId: 0} | ret=SUCCESS |  
2019-08-20 21:15:02,383 | INFO  | SCMAudit | user=jenkins1000 | ip=192.168.34.22 | op=SEND_HEARTBEAT {datanodeUUID=513741be-bb9c-4b44-a92d-df6c353b58d2, command=[]} | ret=SUCCESS |  
2019-08-20 21:15:02,383 | INFO  | SCMAudit | user=jenkins1000 | ip=192.168.34.22 | op=SEND_HEARTBEAT {datanodeUUID=05488788-9b27-429d-ba76-e196dab11564, command=[]} | ret=SUCCESS |  
2019-08-20 21:15:02,383 | INFO  | SCMAudit | user=jenkins1000 | ip=192.168.34.22 | op=SEND_HEARTBEAT {datanodeUUID=0682f0bd-ffd8-48c0-b0ba-6106fa582228, command=[]} | ret=SUCCESS |  
2019-08-20 21:15:02,383 [3ff1b751-dcd6-467f-8d2d-86f1da670590:group-CFE6107906F4:LeaderElection82] INFO  server.RaftServerConfigKeys (ConfUtils.java:logGet(43)) - raft.server.watch.timeout = 10s (default)
2019-08-20 21:15:02,383 | INFO  | DNAudit | user=null | ip=null | op=WRITE_CHUNK {blockData=conID: 1 locID: 102651376319922193 bcsId: 0} | ret=SUCCESS |  
2019-08-20 21:15:02,383 [3ff1b751-dcd6-467f-8d2d-86f1da670590:group-CFE6107906F4:LeaderElection82] INFO  server.RaftServerConfigKeys (ConfUtils.java:logGet(43)) - raft.server.watch.timeout.denomination = 1s (default)
2019-08-20 21:15:02,383 [3ff1b751-dcd6-467f-8d2d-86f1da670590:group-CFE6107906F4:LeaderElection82] INFO  server.RaftServerConfigKeys (ConfUtils.java:logGet(43)) - raft.server.watch.element-limit = 65536 (default)
2019-08-20 21:15:02,383 [3ff1b751-dcd6-467f-8d2d-86f1da670590:group-CFE6107906F4:LeaderElection82] INFO  impl.RoleInfo (RoleInfo.java:updateAndGet(143)) - 3ff1b751-dcd6-467f-8d2d-86f1da670590: start LeaderState
2019-08-20 21:15:02,383 [3ff1b751-dcd6-467f-8d2d-86f1da670590:group-CFE6107906F4:LeaderElection82] INFO  segmented.SegmentedRaftLogWorker (SegmentedRaftLogWorker.java:startLogSegment(380)) - 3ff1b751-dcd6-467f-8d2d-86f1da670590-SegmentedRaftLogWorker:Storage Directory /workdir/hadoop-ozone/integration-test/target/test-dir/MiniOzoneClusterImpl-8c73d54b-95bd-449d-9cb4-8faeda19692d/datanode-6/data/ratis/f78e3924-a342-4075-81d1-cfe6107906f4: Starting segment from index:0
2019-08-20 21:15:02,384 [3ff1b751-dcd6-467f-8d2d-86f1da670590:group-CFE6107906F4:LeaderElection82] INFO  impl.RaftServerImpl (ServerState.java:setRaftConf(361)) - 3ff1b751-dcd6-467f-8d2d-86f1da670590:group-CFE6107906F4 set configuration 0: [3ff1b751-dcd6-467f-8d2d-86f1da670590:192.168.34.22:42567], old=null at 0
2019-08-20 21:15:02,396 | INFO  | DNAudit | user=null | ip=null | op=WRITE_CHUNK {blockData=conID: 1 locID: 102651376319922193 bcsId: 0} | ret=SUCCESS |  
2019-08-20 21:15:02,410 [grpc-default-executor-8] INFO  client.GrpcClientProtocolClient (GrpcClientProtocolClient.java:onNext(255)) - client-138EFE56AC23->05488788-9b27-429d-ba76-e196dab11564: receive RaftClientReply:client-138EFE56AC23->05488788-9b27-429d-ba76-e196dab11564@group-B133B00B6FC4, cid=215, SUCCESS, logIndex=1, commits[05488788-9b27-429d-ba76-e196dab11564:c1, 513741be-bb9c-4b44-a92d-df6c353b58d2:c0, 0682f0bd-ffd8-48c0-b0ba-6106fa582228:c0]
2019-08-20 21:15:02,411 | INFO  | DNAudit | user=null | ip=null | op=WRITE_CHUNK {blockData=conID: 1 locID: 102651376319922193 bcsId: 0} | ret=SUCCESS |  
2019-08-20 21:15:02,411 | INFO  | DNAudit | user=null | ip=null | op=WRITE_CHUNK {blockData=conID: 1 locID: 102651376319922193 bcsId: 0} | ret=SUCCESS |  
2019-08-20 21:15:02,414 | INFO  | DNAudit | user=null | ip=null | op=WRITE_CHUNK {blockData=conID: 1 locID: 102651376319922193 bcsId: 0} | ret=SUCCESS |  
2019-08-20 21:15:02,415 | INFO  | DNAudit | user=null | ip=null | op=WRITE_CHUNK {blockData=conID: 1 locID: 102651376319922193 bcsId: 0} | ret=SUCCESS |  
2019-08-20 21:15:02,415 | INFO  | DNAudit | user=null | ip=null | op=WRITE_CHUNK {blockData=conID: 1 locID: 102651376319922193 bcsId: 0} | ret=SUCCESS |  
2019-08-20 21:15:02,424 [3ff1b751-dcd6-467f-8d2d-86f1da670590-SegmentedRaftLogWorker:Storage Directory /workdir/hadoop-ozone/integration-test/target/test-dir/MiniOzoneClusterImpl-8c73d54b-95bd-449d-9cb4-8faeda19692d/datanode-6/data/ratis/f78e3924-a342-4075-81d1-cfe6107906f4] INFO  segmented.SegmentedRaftLogWorker (SegmentedRaftLogWorker.java:execute(569)) - 3ff1b751-dcd6-467f-8d2d-86f1da670590-SegmentedRaftLogWorker:Storage Directory /workdir/hadoop-ozone/integration-test/target/test-dir/MiniOzoneClusterImpl-8c73d54b-95bd-449d-9cb4-8faeda19692d/datanode-6/data/ratis/f78e3924-a342-4075-81d1-cfe6107906f4: created new log segment /workdir/hadoop-ozone/integration-test/target/test-dir/MiniOzoneClusterImpl-8c73d54b-95bd-449d-9cb4-8faeda19692d/datanode-6/data/ratis/f78e3924-a342-4075-81d1-cfe6107906f4/current/log_inprogress_0
2019-08-20 21:15:02,425 | INFO  | DNAudit | user=null | ip=null | op=WRITE_CHUNK {blockData=conID: 1 locID: 102651376319922193 bcsId: 0} | ret=SUCCESS |  
2019-08-20 21:15:02,428 [grpc-default-executor-4] INFO  client.GrpcClientProtocolClient (GrpcClientProtocolClient.java:onNext(255)) - client-138EFE56AC23->05488788-9b27-429d-ba76-e196dab11564: receive RaftClientReply:client-138EFE56AC23->05488788-9b27-429d-ba76-e196dab11564@group-B133B00B6FC4, cid=216, SUCCESS, logIndex=3, commits[05488788-9b27-429d-ba76-e196dab11564:c3, 513741be-bb9c-4b44-a92d-df6c353b58d2:c2, 0682f0bd-ffd8-48c0-b0ba-6106fa582228:c2]
2019-08-20 21:15:02,436 | INFO  | DNAudit | user=null | ip=null | op=WRITE_CHUNK {blockData=conID: 1 locID: 102651376319922193 bcsId: 0} | ret=SUCCESS |  
2019-08-20 21:15:02,436 | INFO  | DNAudit | user=null | ip=null | op=WRITE_CHUNK {blockData=conID: 1 locID: 102651376319922193 bcsId: 0} | ret=SUCCESS |  
2019-08-20 21:15:02,484 | INFO  | DNAudit | user=null | ip=null | op=PUT_BLOCK {blockData=[blockId=conID: 1 locID: 102651376319922193 bcsId: 0,size=167]} | ret=SUCCESS |  
2019-08-20 21:15:02,485 [grpc-default-executor-8] INFO  client.GrpcClientProtocolClient (GrpcClientProtocolClient.java:onNext(255)) - client-138EFE56AC23->05488788-9b27-429d-ba76-e196dab11564: receive RaftClientReply:client-138EFE56AC23->05488788-9b27-429d-ba76-e196dab11564@group-B133B00B6FC4, cid=217, SUCCESS, logIndex=4, commits[05488788-9b27-429d-ba76-e196dab11564:c6, 513741be-bb9c-4b44-a92d-df6c353b58d2:c3, 0682f0bd-ffd8-48c0-b0ba-6106fa582228:c3]
2019-08-20 21:15:02,562 | INFO  | SCMAudit | user=jenkins1000 | ip=192.168.34.22 | op=SEND_HEARTBEAT {datanodeUUID=b918b925-974f-4261-bde0-42b23f02a612, command=[]} | ret=SUCCESS |  
2019-08-20 21:15:02,758 | INFO  | SCMAudit | user=jenkins1000 | ip=192.168.34.22 | op=SEND_HEARTBEAT {datanodeUUID=7d335ae0-aa74-4335-afe9-a2c1bf276fed, command=[]} | ret=SUCCESS |  
2019-08-20 21:15:02,960 | INFO  | SCMAudit | user=jenkins1000 | ip=192.168.34.22 | op=SEND_HEARTBEAT {datanodeUUID=32ffa085-9cde-438a-a539-ceb56a7e13bd, command=[]} | ret=SUCCESS |  
2019-08-20 21:15:03,197 | INFO  | SCMAudit | user=jenkins1000 | ip=192.168.34.22 | op=SEND_HEARTBEAT {datanodeUUID=3ff1b751-dcd6-467f-8d2d-86f1da670590, command=[]} | ret=SUCCESS |  
2019-08-20 21:15:03,384 | INFO  | SCMAudit | user=jenkins1000 | ip=192.168.34.22 | op=SEND_HEARTBEAT {datanodeUUID=0682f0bd-ffd8-48c0-b0ba-6106fa582228, command=[]} | ret=SUCCESS |  
2019-08-20 21:15:03,384 | INFO  | SCMAudit | user=jenkins1000 | ip=192.168.34.22 | op=SEND_HEARTBEAT {datanodeUUID=513741be-bb9c-4b44-a92d-df6c353b58d2, command=[]} | ret=SUCCESS |  
2019-08-20 21:15:03,384 | INFO  | SCMAudit | user=jenkins1000 | ip=192.168.34.22 | op=SEND_HEARTBEAT {datanodeUUID=05488788-9b27-429d-ba76-e196dab11564, command=[]} | ret=SUCCESS |  
2019-08-20 21:15:03,486 [main] WARN  scm.XceiverClientRatis (XceiverClientRatis.java:watchForCommit(262)) - 3 way commit failed on pipeline Pipeline[ Id: 155abae6-99fc-4be2-a2da-b133b00b6fc4, Nodes: 513741be-bb9c-4b44-a92d-df6c353b58d2{ip: 192.168.34.22, host: pr-hdds-1973-z7hz4-2971538320, networkLocation: /default-rack, certSerialId: null}0682f0bd-ffd8-48c0-b0ba-6106fa582228{ip: 192.168.34.22, host: pr-hdds-1973-z7hz4-2971538320, networkLocation: /default-rack, certSerialId: null}05488788-9b27-429d-ba76-e196dab11564{ip: 192.168.34.22, host: pr-hdds-1973-z7hz4-2971538320, networkLocation: /default-rack, certSerialId: null}, Type:RATIS, Factor:THREE, State:OPEN]
java.util.concurrent.TimeoutException
	at java.util.concurrent.CompletableFuture.timedGet(CompletableFuture.java:1771)
	at java.util.concurrent.CompletableFuture.get(CompletableFuture.java:1915)
	at org.apache.hadoop.hdds.scm.XceiverClientRatis.watchForCommit(XceiverClientRatis.java:259)
	at org.apache.hadoop.hdds.scm.storage.CommitWatcher.watchForCommit(CommitWatcher.java:194)
	at org.apache.hadoop.hdds.scm.storage.CommitWatcher.watchOnLastIndex(CommitWatcher.java:157)
	at org.apache.hadoop.hdds.scm.storage.BlockOutputStream.watchForCommit(BlockOutputStream.java:347)
	at org.apache.hadoop.hdds.scm.storage.BlockOutputStream.handleFlush(BlockOutputStream.java:479)
	at org.apache.hadoop.hdds.scm.storage.BlockOutputStream.flush(BlockOutputStream.java:428)
	at org.apache.hadoop.ozone.client.io.BlockOutputStreamEntry.flush(BlockOutputStreamEntry.java:136)
	at org.apache.hadoop.ozone.client.io.KeyOutputStream.handleFlushOrClose(KeyOutputStream.java:442)
	at org.apache.hadoop.ozone.client.io.KeyOutputStream.flush(KeyOutputStream.java:396)
	at org.apache.hadoop.ozone.client.io.OzoneOutputStream.flush(OzoneOutputStream.java:54)
	at org.apache.hadoop.ozone.client.rpc.TestBlockOutputStreamWithFailures.testFailureWithPrimeSizedData(TestBlockOutputStreamWithFailures.java:599)
	at sun.reflect.NativeMethodAccessorImpl.invoke0(Native Method)
	at sun.reflect.NativeMethodAccessorImpl.invoke(NativeMethodAccessorImpl.java:62)
	at sun.reflect.DelegatingMethodAccessorImpl.invoke(DelegatingMethodAccessorImpl.java:43)
	at java.lang.reflect.Method.invoke(Method.java:498)
	at org.junit.runners.model.FrameworkMethod$1.runReflectiveCall(FrameworkMethod.java:47)
	at org.junit.internal.runners.model.ReflectiveCallable.run(ReflectiveCallable.java:12)
	at org.junit.runners.model.FrameworkMethod.invokeExplosively(FrameworkMethod.java:44)
	at org.junit.internal.runners.statements.InvokeMethod.evaluate(InvokeMethod.java:17)
	at org.junit.internal.runners.statements.RunBefores.evaluate(RunBefores.java:26)
	at org.junit.internal.runners.statements.RunAfters.evaluate(RunAfters.java:27)
	at org.junit.runners.ParentRunner.runLeaf(ParentRunner.java:271)
	at org.junit.runners.BlockJUnit4ClassRunner.runChild(BlockJUnit4ClassRunner.java:70)
	at org.junit.runners.BlockJUnit4ClassRunner.runChild(BlockJUnit4ClassRunner.java:50)
	at org.junit.runners.ParentRunner$3.run(ParentRunner.java:238)
	at org.junit.runners.ParentRunner$1.schedule(ParentRunner.java:63)
	at org.junit.runners.ParentRunner.runChildren(ParentRunner.java:236)
	at org.junit.runners.ParentRunner.access$000(ParentRunner.java:53)
	at org.junit.runners.ParentRunner$2.evaluate(ParentRunner.java:229)
	at org.junit.runners.ParentRunner.run(ParentRunner.java:309)
	at org.apache.maven.surefire.junit4.JUnit4Provider.execute(JUnit4Provider.java:365)
	at org.apache.maven.surefire.junit4.JUnit4Provider.executeWithRerun(JUnit4Provider.java:273)
	at org.apache.maven.surefire.junit4.JUnit4Provider.executeTestSet(JUnit4Provider.java:238)
	at org.apache.maven.surefire.junit4.JUnit4Provider.invoke(JUnit4Provider.java:159)
	at org.apache.maven.surefire.booter.ForkedBooter.invokeProviderInSameClassLoader(ForkedBooter.java:384)
	at org.apache.maven.surefire.booter.ForkedBooter.runSuitesInProcess(ForkedBooter.java:345)
	at org.apache.maven.surefire.booter.ForkedBooter.execute(ForkedBooter.java:126)
	at org.apache.maven.surefire.booter.ForkedBooter.main(ForkedBooter.java:418)
2019-08-20 21:15:03,563 | INFO  | SCMAudit | user=jenkins1000 | ip=192.168.34.22 | op=SEND_HEARTBEAT {datanodeUUID=b918b925-974f-4261-bde0-42b23f02a612, command=[]} | ret=SUCCESS |  
2019-08-20 21:15:03,758 | INFO  | SCMAudit | user=jenkins1000 | ip=192.168.34.22 | op=SEND_HEARTBEAT {datanodeUUID=7d335ae0-aa74-4335-afe9-a2c1bf276fed, command=[]} | ret=SUCCESS |  
2019-08-20 21:15:03,960 | INFO  | SCMAudit | user=jenkins1000 | ip=192.168.34.22 | op=SEND_HEARTBEAT {datanodeUUID=32ffa085-9cde-438a-a539-ceb56a7e13bd, command=[]} | ret=SUCCESS |  
2019-08-20 21:15:04,198 | INFO  | SCMAudit | user=jenkins1000 | ip=192.168.34.22 | op=SEND_HEARTBEAT {datanodeUUID=3ff1b751-dcd6-467f-8d2d-86f1da670590, command=[]} | ret=SUCCESS |  
2019-08-20 21:15:04,385 | INFO  | SCMAudit | user=jenkins1000 | ip=192.168.34.22 | op=SEND_HEARTBEAT {datanodeUUID=0682f0bd-ffd8-48c0-b0ba-6106fa582228, command=[]} | ret=SUCCESS |  
2019-08-20 21:15:04,385 | INFO  | SCMAudit | user=jenkins1000 | ip=192.168.34.22 | op=SEND_HEARTBEAT {datanodeUUID=513741be-bb9c-4b44-a92d-df6c353b58d2, command=[]} | ret=SUCCESS |  
2019-08-20 21:15:04,385 | INFO  | SCMAudit | user=jenkins1000 | ip=192.168.34.22 | op=SEND_HEARTBEAT {datanodeUUID=05488788-9b27-429d-ba76-e196dab11564, command=[]} | ret=SUCCESS |  
2019-08-20 21:15:04,490 [main] WARN  storage.CommitWatcher (CommitWatcher.java:watchForCommit(203)) - watchForCommit failed for index 4
java.util.concurrent.TimeoutException
	at java.util.concurrent.CompletableFuture.timedGet(CompletableFuture.java:1771)
	at java.util.concurrent.CompletableFuture.get(CompletableFuture.java:1915)
	at org.apache.hadoop.hdds.scm.XceiverClientRatis.watchForCommit(XceiverClientRatis.java:268)
	at org.apache.hadoop.hdds.scm.storage.CommitWatcher.watchForCommit(CommitWatcher.java:194)
	at org.apache.hadoop.hdds.scm.storage.CommitWatcher.watchOnLastIndex(CommitWatcher.java:157)
	at org.apache.hadoop.hdds.scm.storage.BlockOutputStream.watchForCommit(BlockOutputStream.java:347)
	at org.apache.hadoop.hdds.scm.storage.BlockOutputStream.handleFlush(BlockOutputStream.java:479)
	at org.apache.hadoop.hdds.scm.storage.BlockOutputStream.flush(BlockOutputStream.java:428)
	at org.apache.hadoop.ozone.client.io.BlockOutputStreamEntry.flush(BlockOutputStreamEntry.java:136)
	at org.apache.hadoop.ozone.client.io.KeyOutputStream.handleFlushOrClose(KeyOutputStream.java:442)
	at org.apache.hadoop.ozone.client.io.KeyOutputStream.flush(KeyOutputStream.java:396)
	at org.apache.hadoop.ozone.client.io.OzoneOutputStream.flush(OzoneOutputStream.java:54)
	at org.apache.hadoop.ozone.client.rpc.TestBlockOutputStreamWithFailures.testFailureWithPrimeSizedData(TestBlockOutputStreamWithFailures.java:599)
	at sun.reflect.NativeMethodAccessorImpl.invoke0(Native Method)
	at sun.reflect.NativeMethodAccessorImpl.invoke(NativeMethodAccessorImpl.java:62)
	at sun.reflect.DelegatingMethodAccessorImpl.invoke(DelegatingMethodAccessorImpl.java:43)
	at java.lang.reflect.Method.invoke(Method.java:498)
	at org.junit.runners.model.FrameworkMethod$1.runReflectiveCall(FrameworkMethod.java:47)
	at org.junit.internal.runners.model.ReflectiveCallable.run(ReflectiveCallable.java:12)
	at org.junit.runners.model.FrameworkMethod.invokeExplosively(FrameworkMethod.java:44)
	at org.junit.internal.runners.statements.InvokeMethod.evaluate(InvokeMethod.java:17)
	at org.junit.internal.runners.statements.RunBefores.evaluate(RunBefores.java:26)
	at org.junit.internal.runners.statements.RunAfters.evaluate(RunAfters.java:27)
	at org.junit.runners.ParentRunner.runLeaf(ParentRunner.java:271)
	at org.junit.runners.BlockJUnit4ClassRunner.runChild(BlockJUnit4ClassRunner.java:70)
	at org.junit.runners.BlockJUnit4ClassRunner.runChild(BlockJUnit4ClassRunner.java:50)
	at org.junit.runners.ParentRunner$3.run(ParentRunner.java:238)
	at org.junit.runners.ParentRunner$1.schedule(ParentRunner.java:63)
	at org.junit.runners.ParentRunner.runChildren(ParentRunner.java:236)
	at org.junit.runners.ParentRunner.access$000(ParentRunner.java:53)
	at org.junit.runners.ParentRunner$2.evaluate(ParentRunner.java:229)
	at org.junit.runners.ParentRunner.run(ParentRunner.java:309)
	at org.apache.maven.surefire.junit4.JUnit4Provider.execute(JUnit4Provider.java:365)
	at org.apache.maven.surefire.junit4.JUnit4Provider.executeWithRerun(JUnit4Provider.java:273)
	at org.apache.maven.surefire.junit4.JUnit4Provider.executeTestSet(JUnit4Provider.java:238)
	at org.apache.maven.surefire.junit4.JUnit4Provider.invoke(JUnit4Provider.java:159)
	at org.apache.maven.surefire.booter.ForkedBooter.invokeProviderInSameClassLoader(ForkedBooter.java:384)
	at org.apache.maven.surefire.booter.ForkedBooter.runSuitesInProcess(ForkedBooter.java:345)
	at org.apache.maven.surefire.booter.ForkedBooter.execute(ForkedBooter.java:126)
	at org.apache.maven.surefire.booter.ForkedBooter.main(ForkedBooter.java:418)
2019-08-20 21:15:04,491 [main] WARN  io.KeyOutputStream (KeyOutputStream.java:handleException(276)) - Encountered exception java.io.IOException: Unexpected Storage Container Exception: java.io.IOException: Unexpected Storage Container Exception: java.util.concurrent.TimeoutException on the pipeline Pipeline[ Id: 155abae6-99fc-4be2-a2da-b133b00b6fc4, Nodes: 513741be-bb9c-4b44-a92d-df6c353b58d2{ip: 192.168.34.22, host: pr-hdds-1973-z7hz4-2971538320, networkLocation: /default-rack, certSerialId: null}0682f0bd-ffd8-48c0-b0ba-6106fa582228{ip: 192.168.34.22, host: pr-hdds-1973-z7hz4-2971538320, networkLocation: /default-rack, certSerialId: null}05488788-9b27-429d-ba76-e196dab11564{ip: 192.168.34.22, host: pr-hdds-1973-z7hz4-2971538320, networkLocation: /default-rack, certSerialId: null}, Type:RATIS, Factor:THREE, State:OPEN]. The last committed block length is 0, uncommitted data length is 167 retry count 0
2019-08-20 21:15:04,500 | INFO  | SCMAudit | user=jenkins1000 | ip=192.168.34.22 | op=ALLOCATE_BLOCK {owner=ec2ba0b0-277b-4d89-a350-05160dde9db7, size=800, type=RATIS, factor=THREE} | ret=SUCCESS |  
2019-08-20 21:15:04,501 | INFO  | OMAudit | user=jenkins1000 | ip=127.0.0.1 | op=ALLOCATE_BLOCK {volume=testblockoutputstream, bucket=testblockoutputstream, key=172a6397-2bbf-473a-812f-e318a9586747, dataSize=0, replicationType=null, replicationFactor=null, keyLocationInfo=null, clientID=102651376319856656} | ret=SUCCESS |  
2019-08-20 21:15:04,514 [grpc-default-executor-6] INFO  client.GrpcClientProtocolClient (GrpcClientProtocolClient.java:onNext(255)) - client-D3570E968A3A->7d335ae0-aa74-4335-afe9-a2c1bf276fed: receive RaftClientReply:client-D3570E968A3A->7d335ae0-aa74-4335-afe9-a2c1bf276fed@group-C6D50AD0AAE4, cid=220, FAILED org.apache.ratis.protocol.NotLeaderException: Server 7d335ae0-aa74-4335-afe9-a2c1bf276fed is not the leader (32ffa085-9cde-438a-a539-ceb56a7e13bd:192.168.34.22:41770). Request must be sent to leader., logIndex=0, commits[7d335ae0-aa74-4335-afe9-a2c1bf276fed:c-1, 32ffa085-9cde-438a-a539-ceb56a7e13bd:c-1, b918b925-974f-4261-bde0-42b23f02a612:c-1]
2019-08-20 21:15:04,562 | INFO  | SCMAudit | user=jenkins1000 | ip=192.168.34.22 | op=SEND_HEARTBEAT {datanodeUUID=b918b925-974f-4261-bde0-42b23f02a612, command=[]} | ret=SUCCESS |  
2019-08-20 21:15:04,604 | INFO  | DNAudit | user=null | ip=null | op=WRITE_CHUNK {blockData=conID: 2 locID: 102651376730112018 bcsId: 0} | ret=SUCCESS |  
2019-08-20 21:15:04,604 | INFO  | DNAudit | user=null | ip=null | op=WRITE_CHUNK {blockData=conID: 2 locID: 102651376730112018 bcsId: 0} | ret=SUCCESS |  
2019-08-20 21:15:04,604 | INFO  | DNAudit | user=null | ip=null | op=WRITE_CHUNK {blockData=conID: 2 locID: 102651376730112018 bcsId: 0} | ret=SUCCESS |  
2019-08-20 21:15:04,605 | INFO  | SCMAudit | user=jenkins1000 | ip=192.168.34.22 | op=SEND_HEARTBEAT {datanodeUUID=7d335ae0-aa74-4335-afe9-a2c1bf276fed, command=[]} | ret=SUCCESS |  
2019-08-20 21:15:04,605 | INFO  | SCMAudit | user=jenkins1000 | ip=192.168.34.22 | op=SEND_HEARTBEAT {datanodeUUID=32ffa085-9cde-438a-a539-ceb56a7e13bd, command=[]} | ret=SUCCESS |  
2019-08-20 21:15:04,605 | INFO  | SCMAudit | user=jenkins1000 | ip=192.168.34.22 | op=SEND_HEARTBEAT {datanodeUUID=b918b925-974f-4261-bde0-42b23f02a612, command=[]} | ret=SUCCESS |  
2019-08-20 21:15:04,621 | INFO  | DNAudit | user=null | ip=null | op=WRITE_CHUNK {blockData=conID: 2 locID: 102651376730112018 bcsId: 0} | ret=SUCCESS |  
2019-08-20 21:15:04,625 [grpc-default-executor-8] INFO  client.GrpcClientProtocolClient (GrpcClientProtocolClient.java:onNext(255)) - client-D3570E968A3A->32ffa085-9cde-438a-a539-ceb56a7e13bd: receive RaftClientReply:client-D3570E968A3A->32ffa085-9cde-438a-a539-ceb56a7e13bd@group-C6D50AD0AAE4, cid=220, SUCCESS, logIndex=1, commits[32ffa085-9cde-438a-a539-ceb56a7e13bd:c1, 7d335ae0-aa74-4335-afe9-a2c1bf276fed:c0, b918b925-974f-4261-bde0-42b23f02a612:c0]
2019-08-20 21:15:04,625 | INFO  | DNAudit | user=null | ip=null | op=WRITE_CHUNK {blockData=conID: 2 locID: 102651376730112018 bcsId: 0} | ret=SUCCESS |  
2019-08-20 21:15:04,625 | INFO  | DNAudit | user=null | ip=null | op=WRITE_CHUNK {blockData=conID: 2 locID: 102651376730112018 bcsId: 0} | ret=SUCCESS |  
2019-08-20 21:15:04,629 | INFO  | DNAudit | user=null | ip=null | op=WRITE_CHUNK {blockData=conID: 2 locID: 102651376730112018 bcsId: 0} | ret=SUCCESS |  
2019-08-20 21:15:04,630 | INFO  | DNAudit | user=null | ip=null | op=WRITE_CHUNK {blockData=conID: 2 locID: 102651376730112018 bcsId: 0} | ret=SUCCESS |  
2019-08-20 21:15:04,630 | INFO  | DNAudit | user=null | ip=null | op=WRITE_CHUNK {blockData=conID: 2 locID: 102651376730112018 bcsId: 0} | ret=SUCCESS |  
2019-08-20 21:15:04,640 | INFO  | DNAudit | user=null | ip=null | op=WRITE_CHUNK {blockData=conID: 2 locID: 102651376730112018 bcsId: 0} | ret=SUCCESS |  
2019-08-20 21:15:04,644 [grpc-default-executor-4] INFO  client.GrpcClientProtocolClient (GrpcClientProtocolClient.java:onNext(255)) - client-D3570E968A3A->32ffa085-9cde-438a-a539-ceb56a7e13bd: receive RaftClientReply:client-D3570E968A3A->32ffa085-9cde-438a-a539-ceb56a7e13bd@group-C6D50AD0AAE4, cid=221, SUCCESS, logIndex=3, commits[32ffa085-9cde-438a-a539-ceb56a7e13bd:c4, 7d335ae0-aa74-4335-afe9-a2c1bf276fed:c2, b918b925-974f-4261-bde0-42b23f02a612:c2]
2019-08-20 21:15:04,654 | INFO  | DNAudit | user=null | ip=null | op=WRITE_CHUNK {blockData=conID: 2 locID: 102651376730112018 bcsId: 0} | ret=SUCCESS |  
2019-08-20 21:15:04,654 | INFO  | DNAudit | user=null | ip=null | op=WRITE_CHUNK {blockData=conID: 2 locID: 102651376730112018 bcsId: 0} | ret=SUCCESS |  
2019-08-20 21:15:04,702 | INFO  | DNAudit | user=null | ip=null | op=PUT_BLOCK {blockData=[blockId=conID: 2 locID: 102651376730112018 bcsId: 0,size=167]} | ret=SUCCESS |  
2019-08-20 21:15:04,703 [grpc-default-executor-8] INFO  client.GrpcClientProtocolClient (GrpcClientProtocolClient.java:onNext(255)) - client-D3570E968A3A->32ffa085-9cde-438a-a539-ceb56a7e13bd: receive RaftClientReply:client-D3570E968A3A->32ffa085-9cde-438a-a539-ceb56a7e13bd@group-C6D50AD0AAE4, cid=222, SUCCESS, logIndex=4, commits[32ffa085-9cde-438a-a539-ceb56a7e13bd:c6, 7d335ae0-aa74-4335-afe9-a2c1bf276fed:c4, b918b925-974f-4261-bde0-42b23f02a612:c4]
2019-08-20 21:15:04,704 [main] INFO  ozone.MiniOzoneClusterImpl (MiniOzoneClusterImpl.java:shutdown(321)) - Shutting down the Mini Ozone Cluster
2019-08-20 21:15:04,704 | INFO  | SCMAudit | user=null | ip=null | op=GET_SCM_INFO null | ret=SUCCESS |  
2019-08-20 21:15:04,704 [main] INFO  ozone.MiniOzoneClusterImpl (MiniOzoneClusterImpl.java:stop(336)) - Stopping the Mini Ozone Cluster
2019-08-20 21:15:04,704 [main] INFO  ozone.MiniOzoneClusterImpl (MiniOzoneClusterImpl.java:stop(338)) - Stopping the OzoneManager
2019-08-20 21:15:04,705 [main] INFO  ipc.Server (Server.java:stop(3082)) - Stopping server on 38822
2019-08-20 21:15:04,717 [IPC Server listener on 38822] INFO  ipc.Server (Server.java:run(1185)) - Stopping IPC Server listener on 38822
2019-08-20 21:15:04,717 [main] INFO  ratis.OzoneManagerDoubleBuffer (OzoneManagerDoubleBuffer.java:stop(248)) - Stopping OMDoubleBuffer flush thread
2019-08-20 21:15:04,721 [IPC Server Responder] INFO  ipc.Server (Server.java:run(1319)) - Stopping IPC Server Responder
2019-08-20 21:15:04,737 [OMDoubleBufferFlushThread] INFO  ratis.OzoneManagerDoubleBuffer (OzoneManagerDoubleBuffer.java:flushTransactions(191)) - OMDoubleBuffer flush thread OMDoubleBufferFlushThread is interrupted and will exit. OMDoubleBufferFlushThread
2019-08-20 21:15:04,738 [main] INFO  utils.BackgroundService (BackgroundService.java:shutdown(148)) - Shutting down service KeyDeletingService
2019-08-20 21:15:04,739 [main] INFO  handler.ContextHandler (ContextHandler.java:doStop(910)) - Stopped o.e.j.w.WebAppContext@6c98079{/,null,UNAVAILABLE}{/ozoneManager}
2019-08-20 21:15:04,739 [main] INFO  server.AbstractConnector (AbstractConnector.java:doStop(318)) - Stopped ServerConnector@5135b8a3{HTTP/1.1,[http/1.1]}{0.0.0.0:0}
2019-08-20 21:15:04,739 [main] INFO  handler.ContextHandler (ContextHandler.java:doStop(910)) - Stopped o.e.j.s.ServletContextHandler@3bea7134{/static,file:///workdir/hadoop-ozone/integration-test/target/test-classes/webapps/static,UNAVAILABLE}
2019-08-20 21:15:04,740 [main] INFO  handler.ContextHandler (ContextHandler.java:doStop(910)) - Stopped o.e.j.s.ServletContextHandler@65595be7{/logs,file:///workdir/hadoop-ozone/integration-test/target/log,UNAVAILABLE}
2019-08-20 21:15:04,742 [main] INFO  ozone.MiniOzoneClusterImpl (MiniOzoneClusterImpl.java:stop(344)) - Shutting the HddsDatanodes
2019-08-20 21:15:04,742 [main] INFO  datanode.ObjectStoreHandler (ObjectStoreHandler.java:close(155)) - Closing ObjectStoreHandler.
2019-08-20 21:15:04,742 [ForkJoinPool.commonPool-worker-0] INFO  datanode.ObjectStoreHandler (ObjectStoreHandler.java:close(155)) - Closing ObjectStoreHandler.
2019-08-20 21:15:04,743 [main] INFO  ozone.HddsDatanodeService (HddsDatanodeService.java:stop(451)) - Stopped plug-in org.apache.hadoop.ozone.web.OzoneHddsDatanodeService@65977161
2019-08-20 21:15:04,743 [ForkJoinPool.commonPool-worker-0] INFO  ozone.HddsDatanodeService (HddsDatanodeService.java:stop(451)) - Stopped plug-in org.apache.hadoop.ozone.web.OzoneHddsDatanodeService@6e44825e
2019-08-20 21:15:04,775 | INFO  | DNAudit | user=null | ip=null | op=PUT_BLOCK {blockData=[blockId=conID: 2 locID: 102651376730112018 bcsId: 0,size=167]} | ret=SUCCESS |  
2019-08-20 21:15:04,791 | INFO  | DNAudit | user=null | ip=null | op=PUT_BLOCK {blockData=[blockId=conID: 2 locID: 102651376730112018 bcsId: 0,size=167]} | ret=SUCCESS |  
2019-08-20 21:15:04,953 [grpc-default-executor-4] INFO  client.GrpcClientProtocolClient (GrpcClientProtocolClient.java:onNext(255)) - client-138EFE56AC23->05488788-9b27-429d-ba76-e196dab11564: receive RaftClientReply:client-138EFE56AC23->05488788-9b27-429d-ba76-e196dab11564@group-B133B00B6FC4, cid=219, SUCCESS, logIndex=0, commits[05488788-9b27-429d-ba76-e196dab11564:c6, 513741be-bb9c-4b44-a92d-df6c353b58d2:c6, 0682f0bd-ffd8-48c0-b0ba-6106fa582228:c6]
2019-08-20 21:15:04,954 [grpc-default-executor-4] INFO  client.GrpcClientProtocolClient (GrpcClientProtocolClient.java:onNext(255)) - client-138EFE56AC23->05488788-9b27-429d-ba76-e196dab11564: receive RaftClientReply:client-138EFE56AC23->05488788-9b27-429d-ba76-e196dab11564@group-B133B00B6FC4, cid=218, SUCCESS, logIndex=0, commits[05488788-9b27-429d-ba76-e196dab11564:c6, 513741be-bb9c-4b44-a92d-df6c353b58d2:c6, 0682f0bd-ffd8-48c0-b0ba-6106fa582228:c6]
2019-08-20 21:15:04,982 | INFO  | DNAudit | user=null | ip=null | op=PUT_BLOCK {blockData=[blockId=conID: 1 locID: 102651376319922193 bcsId: 0,size=167]} | ret=SUCCESS |  
2019-08-20 21:15:05,079 | INFO  | DNAudit | user=null | ip=null | op=PUT_BLOCK {blockData=[blockId=conID: 1 locID: 102651376319922193 bcsId: 0,size=167]} | ret=SUCCESS |  
2019-08-20 21:15:05,198 | INFO  | SCMAudit | user=jenkins1000 | ip=192.168.34.22 | op=SEND_HEARTBEAT {datanodeUUID=3ff1b751-dcd6-467f-8d2d-86f1da670590, command=[]} | ret=SUCCESS |  
2019-08-20 21:15:05,384 [Datanode State Machine Thread - 0] INFO  statemachine.DatanodeStateMachine (DatanodeStateMachine.java:lambda$startDaemon$0(350)) - Ozone container server started.
2019-08-20 21:15:05,385 | INFO  | SCMAudit | user=jenkins1000 | ip=192.168.34.22 | op=SEND_HEARTBEAT {datanodeUUID=513741be-bb9c-4b44-a92d-df6c353b58d2, command=[]} | ret=SUCCESS |  
2019-08-20 21:15:05,385 | INFO  | SCMAudit | user=jenkins1000 | ip=192.168.34.22 | op=SEND_HEARTBEAT {datanodeUUID=0682f0bd-ffd8-48c0-b0ba-6106fa582228, command=[]} | ret=SUCCESS |  
2019-08-20 21:15:05,604 [Datanode State Machine Thread - 0] INFO  statemachine.DatanodeStateMachine (DatanodeStateMachine.java:lambda$startDaemon$0(350)) - Ozone container server started.
2019-08-20 21:15:05,605 | INFO  | SCMAudit | user=jenkins1000 | ip=192.168.34.22 | op=SEND_HEARTBEAT {datanodeUUID=b918b925-974f-4261-bde0-42b23f02a612, command=[]} | ret=SUCCESS |  
2019-08-20 21:15:05,605 | INFO  | SCMAudit | user=jenkins1000 | ip=192.168.34.22 | op=SEND_HEARTBEAT {datanodeUUID=32ffa085-9cde-438a-a539-ceb56a7e13bd, command=[]} | ret=SUCCESS |  
2019-08-20 21:15:06,198 | INFO  | SCMAudit | user=jenkins1000 | ip=192.168.34.22 | op=SEND_HEARTBEAT {datanodeUUID=3ff1b751-dcd6-467f-8d2d-86f1da670590, command=[]} | ret=SUCCESS |  
2019-08-20 21:15:06,385 | INFO  | SCMAudit | user=jenkins1000 | ip=192.168.34.22 | op=SEND_HEARTBEAT {datanodeUUID=513741be-bb9c-4b44-a92d-df6c353b58d2, command=[]} | ret=SUCCESS |  
2019-08-20 21:15:06,385 | INFO  | SCMAudit | user=jenkins1000 | ip=192.168.34.22 | op=SEND_HEARTBEAT {datanodeUUID=0682f0bd-ffd8-48c0-b0ba-6106fa582228, command=[]} | ret=SUCCESS |  
2019-08-20 21:15:06,605 | INFO  | SCMAudit | user=jenkins1000 | ip=192.168.34.22 | op=SEND_HEARTBEAT {datanodeUUID=32ffa085-9cde-438a-a539-ceb56a7e13bd, command=[]} | ret=SUCCESS |  
2019-08-20 21:15:06,605 | INFO  | SCMAudit | user=jenkins1000 | ip=192.168.34.22 | op=SEND_HEARTBEAT {datanodeUUID=b918b925-974f-4261-bde0-42b23f02a612, command=[]} | ret=SUCCESS |  
2019-08-20 21:15:07,199 | INFO  | SCMAudit | user=jenkins1000 | ip=192.168.34.22 | op=SEND_HEARTBEAT {datanodeUUID=3ff1b751-dcd6-467f-8d2d-86f1da670590, command=[]} | ret=SUCCESS |  
2019-08-20 21:15:07,385 | INFO  | SCMAudit | user=jenkins1000 | ip=192.168.34.22 | op=SEND_HEARTBEAT {datanodeUUID=513741be-bb9c-4b44-a92d-df6c353b58d2, command=[]} | ret=SUCCESS |  
2019-08-20 21:15:07,385 | INFO  | SCMAudit | user=jenkins1000 | ip=192.168.34.22 | op=SEND_HEARTBEAT {datanodeUUID=0682f0bd-ffd8-48c0-b0ba-6106fa582228, command=[]} | ret=SUCCESS |  
2019-08-20 21:15:07,605 | INFO  | SCMAudit | user=jenkins1000 | ip=192.168.34.22 | op=SEND_HEARTBEAT {datanodeUUID=32ffa085-9cde-438a-a539-ceb56a7e13bd, command=[]} | ret=SUCCESS |  
2019-08-20 21:15:07,605 | INFO  | SCMAudit | user=jenkins1000 | ip=192.168.34.22 | op=SEND_HEARTBEAT {datanodeUUID=b918b925-974f-4261-bde0-42b23f02a612, command=[]} | ret=SUCCESS |  
2019-08-20 21:15:08,199 | INFO  | SCMAudit | user=jenkins1000 | ip=192.168.34.22 | op=SEND_HEARTBEAT {datanodeUUID=3ff1b751-dcd6-467f-8d2d-86f1da670590, command=[]} | ret=SUCCESS |  
2019-08-20 21:15:08,385 | INFO  | SCMAudit | user=jenkins1000 | ip=192.168.34.22 | op=SEND_HEARTBEAT {datanodeUUID=513741be-bb9c-4b44-a92d-df6c353b58d2, command=[]} | ret=SUCCESS |  
2019-08-20 21:15:08,385 | INFO  | SCMAudit | user=jenkins1000 | ip=192.168.34.22 | op=SEND_HEARTBEAT {datanodeUUID=0682f0bd-ffd8-48c0-b0ba-6106fa582228, command=[]} | ret=SUCCESS |  
2019-08-20 21:15:08,605 | INFO  | SCMAudit | user=jenkins1000 | ip=192.168.34.22 | op=SEND_HEARTBEAT {datanodeUUID=b918b925-974f-4261-bde0-42b23f02a612, command=[]} | ret=SUCCESS |  
2019-08-20 21:15:08,605 | INFO  | SCMAudit | user=jenkins1000 | ip=192.168.34.22 | op=SEND_HEARTBEAT {datanodeUUID=32ffa085-9cde-438a-a539-ceb56a7e13bd, command=[]} | ret=SUCCESS |  
2019-08-20 21:15:09,199 | INFO  | SCMAudit | user=jenkins1000 | ip=192.168.34.22 | op=SEND_HEARTBEAT {datanodeUUID=3ff1b751-dcd6-467f-8d2d-86f1da670590, command=[]} | ret=SUCCESS |  
2019-08-20 21:15:09,385 | INFO  | SCMAudit | user=jenkins1000 | ip=192.168.34.22 | op=SEND_HEARTBEAT {datanodeUUID=513741be-bb9c-4b44-a92d-df6c353b58d2, command=[]} | ret=SUCCESS |  
2019-08-20 21:15:09,385 | INFO  | SCMAudit | user=jenkins1000 | ip=192.168.34.22 | op=SEND_HEARTBEAT {datanodeUUID=0682f0bd-ffd8-48c0-b0ba-6106fa582228, command=[]} | ret=SUCCESS |  
2019-08-20 21:15:09,420 [EventQueue-StaleNodeForStaleNodeHandler] INFO  node.StaleNodeHandler (StaleNodeHandler.java:onMessage(58)) - Datanode 05488788-9b27-429d-ba76-e196dab11564{ip: 192.168.34.22, host: pr-hdds-1973-z7hz4-2971538320, networkLocation: /default-rack, certSerialId: null} moved to stale state. Finalizing its pipelines [PipelineID=155abae6-99fc-4be2-a2da-b133b00b6fc4, PipelineID=52939d43-d6cb-4723-846f-0f9cb2e34934]
2019-08-20 21:15:09,421 [EventQueue-StaleNodeForStaleNodeHandler] INFO  pipeline.SCMPipelineManager (SCMPipelineManager.java:finalizeAndDestroyPipeline(309)) - destroying pipeline:Pipeline[ Id: 155abae6-99fc-4be2-a2da-b133b00b6fc4, Nodes: 513741be-bb9c-4b44-a92d-df6c353b58d2{ip: 192.168.34.22, host: pr-hdds-1973-z7hz4-2971538320, networkLocation: /default-rack, certSerialId: null}0682f0bd-ffd8-48c0-b0ba-6106fa582228{ip: 192.168.34.22, host: pr-hdds-1973-z7hz4-2971538320, networkLocation: /default-rack, certSerialId: null}05488788-9b27-429d-ba76-e196dab11564{ip: 192.168.34.22, host: pr-hdds-1973-z7hz4-2971538320, networkLocation: /default-rack, certSerialId: null}, Type:RATIS, Factor:THREE, State:OPEN]
2019-08-20 21:15:09,421 [EventQueue-StaleNodeForStaleNodeHandler] INFO  pipeline.PipelineStateManager (PipelineStateManager.java:finalizePipeline(123)) - Pipeline Pipeline[ Id: 155abae6-99fc-4be2-a2da-b133b00b6fc4, Nodes: 513741be-bb9c-4b44-a92d-df6c353b58d2{ip: 192.168.34.22, host: pr-hdds-1973-z7hz4-2971538320, networkLocation: /default-rack, certSerialId: null}0682f0bd-ffd8-48c0-b0ba-6106fa582228{ip: 192.168.34.22, host: pr-hdds-1973-z7hz4-2971538320, networkLocation: /default-rack, certSerialId: null}05488788-9b27-429d-ba76-e196dab11564{ip: 192.168.34.22, host: pr-hdds-1973-z7hz4-2971538320, networkLocation: /default-rack, certSerialId: null}, Type:RATIS, Factor:THREE, State:CLOSED] moved to CLOSED state
2019-08-20 21:15:09,421 [EventQueue-StaleNodeForStaleNodeHandler] INFO  pipeline.SCMPipelineManager (SCMPipelineManager.java:finalizeAndDestroyPipeline(309)) - destroying pipeline:Pipeline[ Id: 52939d43-d6cb-4723-846f-0f9cb2e34934, Nodes: 05488788-9b27-429d-ba76-e196dab11564{ip: 192.168.34.22, host: pr-hdds-1973-z7hz4-2971538320, networkLocation: /default-rack, certSerialId: null}, Type:RATIS, Factor:ONE, State:OPEN]
2019-08-20 21:15:09,421 [EventQueue-CloseContainerForCloseContainerEventHandler] INFO  container.CloseContainerEventHandler (CloseContainerEventHandler.java:onMessage(61)) - Close container Event triggered for container : #1
2019-08-20 21:15:09,421 [EventQueue-StaleNodeForStaleNodeHandler] INFO  pipeline.PipelineStateManager (PipelineStateManager.java:finalizePipeline(123)) - Pipeline Pipeline[ Id: 52939d43-d6cb-4723-846f-0f9cb2e34934, Nodes: 05488788-9b27-429d-ba76-e196dab11564{ip: 192.168.34.22, host: pr-hdds-1973-z7hz4-2971538320, networkLocation: /default-rack, certSerialId: null}, Type:RATIS, Factor:ONE, State:CLOSED] moved to CLOSED state
2019-08-20 21:15:09,605 | INFO  | SCMAudit | user=jenkins1000 | ip=192.168.34.22 | op=SEND_HEARTBEAT {datanodeUUID=b918b925-974f-4261-bde0-42b23f02a612, command=[]} | ret=SUCCESS |  
2019-08-20 21:15:09,605 | INFO  | SCMAudit | user=jenkins1000 | ip=192.168.34.22 | op=SEND_HEARTBEAT {datanodeUUID=32ffa085-9cde-438a-a539-ceb56a7e13bd, command=[]} | ret=SUCCESS |  
2019-08-20 21:15:09,620 [EventQueue-StaleNodeForStaleNodeHandler] INFO  node.StaleNodeHandler (StaleNodeHandler.java:onMessage(58)) - Datanode 7d335ae0-aa74-4335-afe9-a2c1bf276fed{ip: 192.168.34.22, host: pr-hdds-1973-z7hz4-2971538320, networkLocation: /default-rack, certSerialId: null} moved to stale state. Finalizing its pipelines [PipelineID=530e808b-628d-460b-b596-c6d50ad0aae4, PipelineID=fbdb9ada-d8bf-48b9-9563-5b1edafb322e]
2019-08-20 21:15:09,621 [EventQueue-StaleNodeForStaleNodeHandler] INFO  pipeline.SCMPipelineManager (SCMPipelineManager.java:finalizeAndDestroyPipeline(309)) - destroying pipeline:Pipeline[ Id: 530e808b-628d-460b-b596-c6d50ad0aae4, Nodes: 7d335ae0-aa74-4335-afe9-a2c1bf276fed{ip: 192.168.34.22, host: pr-hdds-1973-z7hz4-2971538320, networkLocation: /default-rack, certSerialId: null}b918b925-974f-4261-bde0-42b23f02a612{ip: 192.168.34.22, host: pr-hdds-1973-z7hz4-2971538320, networkLocation: /default-rack, certSerialId: null}32ffa085-9cde-438a-a539-ceb56a7e13bd{ip: 192.168.34.22, host: pr-hdds-1973-z7hz4-2971538320, networkLocation: /default-rack, certSerialId: null}, Type:RATIS, Factor:THREE, State:OPEN]
2019-08-20 21:15:09,621 [EventQueue-StaleNodeForStaleNodeHandler] INFO  pipeline.PipelineStateManager (PipelineStateManager.java:finalizePipeline(123)) - Pipeline Pipeline[ Id: 530e808b-628d-460b-b596-c6d50ad0aae4, Nodes: 7d335ae0-aa74-4335-afe9-a2c1bf276fed{ip: 192.168.34.22, host: pr-hdds-1973-z7hz4-2971538320, networkLocation: /default-rack, certSerialId: null}b918b925-974f-4261-bde0-42b23f02a612{ip: 192.168.34.22, host: pr-hdds-1973-z7hz4-2971538320, networkLocation: /default-rack, certSerialId: null}32ffa085-9cde-438a-a539-ceb56a7e13bd{ip: 192.168.34.22, host: pr-hdds-1973-z7hz4-2971538320, networkLocation: /default-rack, certSerialId: null}, Type:RATIS, Factor:THREE, State:CLOSED] moved to CLOSED state
2019-08-20 21:15:09,621 [EventQueue-CloseContainerForCloseContainerEventHandler] INFO  container.CloseContainerEventHandler (CloseContainerEventHandler.java:onMessage(61)) - Close container Event triggered for container : #2
2019-08-20 21:15:09,621 [EventQueue-StaleNodeForStaleNodeHandler] INFO  pipeline.SCMPipelineManager (SCMPipelineManager.java:finalizeAndDestroyPipeline(309)) - destroying pipeline:Pipeline[ Id: fbdb9ada-d8bf-48b9-9563-5b1edafb322e, Nodes: 7d335ae0-aa74-4335-afe9-a2c1bf276fed{ip: 192.168.34.22, host: pr-hdds-1973-z7hz4-2971538320, networkLocation: /default-rack, certSerialId: null}, Type:RATIS, Factor:ONE, State:OPEN]
2019-08-20 21:15:09,621 [EventQueue-StaleNodeForStaleNodeHandler] INFO  pipeline.PipelineStateManager (PipelineStateManager.java:finalizePipeline(123)) - Pipeline Pipeline[ Id: fbdb9ada-d8bf-48b9-9563-5b1edafb322e, Nodes: 7d335ae0-aa74-4335-afe9-a2c1bf276fed{ip: 192.168.34.22, host: pr-hdds-1973-z7hz4-2971538320, networkLocation: /default-rack, certSerialId: null}, Type:RATIS, Factor:ONE, State:CLOSED] moved to CLOSED state
2019-08-20 21:15:09,744 [ForkJoinPool.commonPool-worker-0] INFO  ozoneimpl.OzoneContainer (OzoneContainer.java:stop(199)) - Attempting to stop container services.
2019-08-20 21:15:09,744 [main] INFO  ozoneimpl.OzoneContainer (OzoneContainer.java:stop(199)) - Attempting to stop container services.
2019-08-20 21:15:09,744 [ForkJoinPool.commonPool-worker-0] INFO  impl.RaftServerProxy (RaftServerProxy.java:lambda$close$4(314)) - 05488788-9b27-429d-ba76-e196dab11564: close
2019-08-20 21:15:09,744 [main] INFO  impl.RaftServerProxy (RaftServerProxy.java:lambda$close$4(314)) - 7d335ae0-aa74-4335-afe9-a2c1bf276fed: close
2019-08-20 21:15:09,745 [ForkJoinPool.commonPool-worker-0] INFO  impl.RaftServerImpl (RaftServerImpl.java:lambda$shutdown$3(245)) - 05488788-9b27-429d-ba76-e196dab11564: shutdown group-B133B00B6FC4
2019-08-20 21:15:09,745 [main] INFO  impl.RaftServerImpl (RaftServerImpl.java:lambda$shutdown$3(245)) - 7d335ae0-aa74-4335-afe9-a2c1bf276fed: shutdown group-C6D50AD0AAE4
2019-08-20 21:15:09,745 [ForkJoinPool.commonPool-worker-0] INFO  util.JmxRegister (JmxRegister.java:unregister(73)) - Successfully un-registered JMX Bean with object name Ratis:service=RaftServer,group=group-B133B00B6FC4,id=05488788-9b27-429d-ba76-e196dab11564
2019-08-20 21:15:09,746 [main] INFO  util.JmxRegister (JmxRegister.java:unregister(73)) - Successfully un-registered JMX Bean with object name Ratis:service=RaftServer,group=group-C6D50AD0AAE4,id=7d335ae0-aa74-4335-afe9-a2c1bf276fed
2019-08-20 21:15:09,746 [ForkJoinPool.commonPool-worker-0] INFO  impl.RoleInfo (RoleInfo.java:shutdownLeaderState(104)) - 05488788-9b27-429d-ba76-e196dab11564: shutdown LeaderState
2019-08-20 21:15:09,746 [main] INFO  impl.RoleInfo (RoleInfo.java:shutdownFollowerState(121)) - 7d335ae0-aa74-4335-afe9-a2c1bf276fed: shutdown FollowerState
2019-08-20 21:15:09,753 [org.apache.ratis.server.impl.LogAppender$AppenderDaemon$$Lambda$491/835682614@162def9f] WARN  server.GrpcLogAppender (GrpcLogAppender.java:mayWait(143)) - GrpcLogAppender(05488788-9b27-429d-ba76-e196dab11564->513741be-bb9c-4b44-a92d-df6c353b58d2): Wait interrupted by java.lang.InterruptedException
2019-08-20 21:15:09,753 [StateMachineUpdater:7d335ae0-aa74-4335-afe9-a2c1bf276fed:group-C6D50AD0AAE4] INFO  ratis.ContainerStateMachine (ContainerStateMachine.java:takeSnapshot(271)) - group-C6D50AD0AAE4: Taking a snapshot at:(t:1, i:4) file /workdir/hadoop-ozone/integration-test/target/test-dir/MiniOzoneClusterImpl-8c73d54b-95bd-449d-9cb4-8faeda19692d/datanode-4/data/ratis/530e808b-628d-460b-b596-c6d50ad0aae4/sm/snapshot.1_4
2019-08-20 21:15:09,753 [ForkJoinPool.commonPool-worker-0] INFO  impl.PendingRequests (PendingRequests.java:sendNotLeaderResponses(202)) - 05488788-9b27-429d-ba76-e196dab11564-PendingRequests: sendNotLeaderResponses
2019-08-20 21:15:09,753 [org.apache.ratis.server.impl.LogAppender$AppenderDaemon$$Lambda$491/835682614@532f633e] WARN  server.GrpcLogAppender (GrpcLogAppender.java:mayWait(143)) - GrpcLogAppender(05488788-9b27-429d-ba76-e196dab11564->0682f0bd-ffd8-48c0-b0ba-6106fa582228): Wait interrupted by java.lang.InterruptedException
2019-08-20 21:15:09,753 [grpc-default-executor-6] INFO  server.GrpcServerProtocolService (GrpcServerProtocolService.java:onCompleted(104)) - 513741be-bb9c-4b44-a92d-df6c353b58d2: appendEntries completed
2019-08-20 21:15:09,753 [Thread-4116] INFO  impl.FollowerState (FollowerState.java:run(114)) - 7d335ae0-aa74-4335-afe9-a2c1bf276fed: FollowerState was interrupted: java.lang.InterruptedException: sleep interrupted
2019-08-20 21:15:09,753 [main] INFO  impl.StateMachineUpdater (StateMachineUpdater.java:stopAndJoin(115)) - StateMachineUpdater:7d335ae0-aa74-4335-afe9-a2c1bf276fed:group-C6D50AD0AAE4: set stopIndex = 6
2019-08-20 21:15:09,761 [grpc-default-executor-5] INFO  server.GrpcLogAppender (GrpcLogAppender.java:onCompleted(292)) - 05488788-9b27-429d-ba76-e196dab11564->513741be-bb9c-4b44-a92d-df6c353b58d2: follower responses appendEntries COMPLETED
2019-08-20 21:15:09,761 [StateMachineUpdater:05488788-9b27-429d-ba76-e196dab11564:group-B133B00B6FC4] INFO  ratis.ContainerStateMachine (ContainerStateMachine.java:takeSnapshot(271)) - group-B133B00B6FC4: Taking a snapshot at:(t:1, i:6) file /workdir/hadoop-ozone/integration-test/target/test-dir/MiniOzoneClusterImpl-8c73d54b-95bd-449d-9cb4-8faeda19692d/datanode-1/data/ratis/155abae6-99fc-4be2-a2da-b133b00b6fc4/sm/snapshot.1_6
2019-08-20 21:15:09,761 [grpc-default-executor-5] INFO  impl.FollowerInfo (FollowerInfo.java:lambda$new$0(50)) - 05488788-9b27-429d-ba76-e196dab11564->513741be-bb9c-4b44-a92d-df6c353b58d2: nextIndex: updateUnconditionally 7 -> 6
2019-08-20 21:15:09,759 [ForkJoinPool.commonPool-worker-0] INFO  impl.StateMachineUpdater (StateMachineUpdater.java:stopAndJoin(115)) - StateMachineUpdater:05488788-9b27-429d-ba76-e196dab11564:group-B133B00B6FC4: set stopIndex = 6
2019-08-20 21:15:09,759 [grpc-default-executor-8] INFO  server.GrpcServerProtocolService (GrpcServerProtocolService.java:onCompleted(104)) - 0682f0bd-ffd8-48c0-b0ba-6106fa582228: appendEntries completed
2019-08-20 21:15:09,762 [grpc-default-executor-8] INFO  server.GrpcLogAppender (GrpcLogAppender.java:onCompleted(292)) - 05488788-9b27-429d-ba76-e196dab11564->0682f0bd-ffd8-48c0-b0ba-6106fa582228: follower responses appendEntries COMPLETED
2019-08-20 21:15:09,762 [grpc-default-executor-8] INFO  impl.FollowerInfo (FollowerInfo.java:lambda$new$0(50)) - 05488788-9b27-429d-ba76-e196dab11564->0682f0bd-ffd8-48c0-b0ba-6106fa582228: nextIndex: updateUnconditionally 7 -> 6
2019-08-20 21:15:09,977 [StateMachineUpdater:7d335ae0-aa74-4335-afe9-a2c1bf276fed:group-C6D50AD0AAE4] INFO  ratis.ContainerStateMachine (ContainerStateMachine.java:takeSnapshot(282)) - group-C6D50AD0AAE4: Finished taking a snapshot at:(t:1, i:4) file:/workdir/hadoop-ozone/integration-test/target/test-dir/MiniOzoneClusterImpl-8c73d54b-95bd-449d-9cb4-8faeda19692d/datanode-4/data/ratis/530e808b-628d-460b-b596-c6d50ad0aae4/sm/snapshot.1_4 time:224
2019-08-20 21:15:09,977 [StateMachineUpdater:05488788-9b27-429d-ba76-e196dab11564:group-B133B00B6FC4] INFO  ratis.ContainerStateMachine (ContainerStateMachine.java:takeSnapshot(282)) - group-B133B00B6FC4: Finished taking a snapshot at:(t:1, i:6) file:/workdir/hadoop-ozone/integration-test/target/test-dir/MiniOzoneClusterImpl-8c73d54b-95bd-449d-9cb4-8faeda19692d/datanode-1/data/ratis/155abae6-99fc-4be2-a2da-b133b00b6fc4/sm/snapshot.1_6 time:216
2019-08-20 21:15:09,977 [StateMachineUpdater:7d335ae0-aa74-4335-afe9-a2c1bf276fed:group-C6D50AD0AAE4] INFO  impl.StateMachineUpdater (StateMachineUpdater.java:takeSnapshot(242)) - StateMachineUpdater:7d335ae0-aa74-4335-afe9-a2c1bf276fed:group-C6D50AD0AAE4: Took a snapshot at index 4
2019-08-20 21:15:09,977 [StateMachineUpdater:05488788-9b27-429d-ba76-e196dab11564:group-B133B00B6FC4] INFO  impl.StateMachineUpdater (StateMachineUpdater.java:takeSnapshot(242)) - StateMachineUpdater:05488788-9b27-429d-ba76-e196dab11564:group-B133B00B6FC4: Took a snapshot at index 6
2019-08-20 21:15:09,978 [StateMachineUpdater:7d335ae0-aa74-4335-afe9-a2c1bf276fed:group-C6D50AD0AAE4] INFO  impl.StateMachineUpdater (StateMachineUpdater.java:lambda$new$0(80)) - StateMachineUpdater:7d335ae0-aa74-4335-afe9-a2c1bf276fed:group-C6D50AD0AAE4: snapshotIndex: updateIncreasingly -1 -> 4
2019-08-20 21:15:09,978 [StateMachineUpdater:05488788-9b27-429d-ba76-e196dab11564:group-B133B00B6FC4] INFO  impl.StateMachineUpdater (StateMachineUpdater.java:lambda$new$0(80)) - StateMachineUpdater:05488788-9b27-429d-ba76-e196dab11564:group-B133B00B6FC4: snapshotIndex: updateIncreasingly -1 -> 6
2019-08-20 21:15:09,978 [ForkJoinPool.commonPool-worker-0] INFO  impl.RaftServerImpl (ServerState.java:close(394)) - 05488788-9b27-429d-ba76-e196dab11564:group-B133B00B6FC4 closes. The last applied log index is 6
2019-08-20 21:15:09,978 [main] INFO  impl.RaftServerImpl (ServerState.java:close(394)) - 7d335ae0-aa74-4335-afe9-a2c1bf276fed:group-C6D50AD0AAE4 closes. The last applied log index is 6
2019-08-20 21:15:09,979 [05488788-9b27-429d-ba76-e196dab11564-SegmentedRaftLogWorker:Storage Directory /workdir/hadoop-ozone/integration-test/target/test-dir/MiniOzoneClusterImpl-8c73d54b-95bd-449d-9cb4-8faeda19692d/datanode-1/data/ratis/155abae6-99fc-4be2-a2da-b133b00b6fc4] INFO  segmented.SegmentedRaftLogWorker (SegmentedRaftLogWorker.java:run(313)) - 05488788-9b27-429d-ba76-e196dab11564-SegmentedRaftLogWorker:Storage Directory /workdir/hadoop-ozone/integration-test/target/test-dir/MiniOzoneClusterImpl-8c73d54b-95bd-449d-9cb4-8faeda19692d/datanode-1/data/ratis/155abae6-99fc-4be2-a2da-b133b00b6fc4 was interrupted, exiting. There are 0 tasks remaining in the queue.
2019-08-20 21:15:09,979 [7d335ae0-aa74-4335-afe9-a2c1bf276fed-SegmentedRaftLogWorker:Storage Directory /workdir/hadoop-ozone/integration-test/target/test-dir/MiniOzoneClusterImpl-8c73d54b-95bd-449d-9cb4-8faeda19692d/datanode-4/data/ratis/530e808b-628d-460b-b596-c6d50ad0aae4] INFO  segmented.SegmentedRaftLogWorker (SegmentedRaftLogWorker.java:run(313)) - 7d335ae0-aa74-4335-afe9-a2c1bf276fed-SegmentedRaftLogWorker:Storage Directory /workdir/hadoop-ozone/integration-test/target/test-dir/MiniOzoneClusterImpl-8c73d54b-95bd-449d-9cb4-8faeda19692d/datanode-4/data/ratis/530e808b-628d-460b-b596-c6d50ad0aae4 was interrupted, exiting. There are 0 tasks remaining in the queue.
2019-08-20 21:15:09,985 [ForkJoinPool.commonPool-worker-0] INFO  segmented.SegmentedRaftLogWorker (SegmentedRaftLogWorker.java:close(228)) - 05488788-9b27-429d-ba76-e196dab11564-SegmentedRaftLogWorker:Storage Directory /workdir/hadoop-ozone/integration-test/target/test-dir/MiniOzoneClusterImpl-8c73d54b-95bd-449d-9cb4-8faeda19692d/datanode-1/data/ratis/155abae6-99fc-4be2-a2da-b133b00b6fc4 close()
2019-08-20 21:15:09,985 [main] INFO  segmented.SegmentedRaftLogWorker (SegmentedRaftLogWorker.java:close(228)) - 7d335ae0-aa74-4335-afe9-a2c1bf276fed-SegmentedRaftLogWorker:Storage Directory /workdir/hadoop-ozone/integration-test/target/test-dir/MiniOzoneClusterImpl-8c73d54b-95bd-449d-9cb4-8faeda19692d/datanode-4/data/ratis/530e808b-628d-460b-b596-c6d50ad0aae4 close()
2019-08-20 21:15:09,990 [ForkJoinPool.commonPool-worker-0] INFO  impl.RaftServerImpl (RaftServerImpl.java:lambda$shutdown$3(245)) - 05488788-9b27-429d-ba76-e196dab11564: shutdown group-0F9CB2E34934
2019-08-20 21:15:09,995 [main] INFO  impl.RaftServerImpl (RaftServerImpl.java:lambda$shutdown$3(245)) - 7d335ae0-aa74-4335-afe9-a2c1bf276fed: shutdown group-5B1EDAFB322E
2019-08-20 21:15:09,996 [ForkJoinPool.commonPool-worker-0] INFO  util.JmxRegister (JmxRegister.java:unregister(73)) - Successfully un-registered JMX Bean with object name Ratis:service=RaftServer,group=group-0F9CB2E34934,id=05488788-9b27-429d-ba76-e196dab11564
2019-08-20 21:15:09,996 [main] INFO  util.JmxRegister (JmxRegister.java:unregister(73)) - Successfully un-registered JMX Bean with object name Ratis:service=RaftServer,group=group-5B1EDAFB322E,id=7d335ae0-aa74-4335-afe9-a2c1bf276fed
2019-08-20 21:15:09,996 [ForkJoinPool.commonPool-worker-0] INFO  impl.RoleInfo (RoleInfo.java:shutdownLeaderState(104)) - 05488788-9b27-429d-ba76-e196dab11564: shutdown LeaderState
2019-08-20 21:15:09,997 [main] INFO  impl.RoleInfo (RoleInfo.java:shutdownLeaderState(104)) - 7d335ae0-aa74-4335-afe9-a2c1bf276fed: shutdown LeaderState
2019-08-20 21:15:09,997 [ForkJoinPool.commonPool-worker-0] INFO  impl.PendingRequests (PendingRequests.java:sendNotLeaderResponses(202)) - 05488788-9b27-429d-ba76-e196dab11564-PendingRequests: sendNotLeaderResponses
2019-08-20 21:15:09,997 [main] INFO  impl.PendingRequests (PendingRequests.java:sendNotLeaderResponses(202)) - 7d335ae0-aa74-4335-afe9-a2c1bf276fed-PendingRequests: sendNotLeaderResponses
2019-08-20 21:15:09,998 [ForkJoinPool.commonPool-worker-0] INFO  impl.StateMachineUpdater (StateMachineUpdater.java:stopAndJoin(115)) - StateMachineUpdater:05488788-9b27-429d-ba76-e196dab11564:group-0F9CB2E34934: set stopIndex = 0
2019-08-20 21:15:09,998 [main] INFO  impl.StateMachineUpdater (StateMachineUpdater.java:stopAndJoin(115)) - StateMachineUpdater:7d335ae0-aa74-4335-afe9-a2c1bf276fed:group-5B1EDAFB322E: set stopIndex = 0
2019-08-20 21:15:09,998 [ForkJoinPool.commonPool-worker-0] INFO  impl.RaftServerImpl (ServerState.java:close(394)) - 05488788-9b27-429d-ba76-e196dab11564:group-0F9CB2E34934 closes. The last applied log index is 0
2019-08-20 21:15:09,999 [main] INFO  impl.RaftServerImpl (ServerState.java:close(394)) - 7d335ae0-aa74-4335-afe9-a2c1bf276fed:group-5B1EDAFB322E closes. The last applied log index is 0
2019-08-20 21:15:09,999 [05488788-9b27-429d-ba76-e196dab11564-SegmentedRaftLogWorker:Storage Directory /workdir/hadoop-ozone/integration-test/target/test-dir/MiniOzoneClusterImpl-8c73d54b-95bd-449d-9cb4-8faeda19692d/datanode-1/data/ratis/52939d43-d6cb-4723-846f-0f9cb2e34934] INFO  segmented.SegmentedRaftLogWorker (SegmentedRaftLogWorker.java:run(313)) - 05488788-9b27-429d-ba76-e196dab11564-SegmentedRaftLogWorker:Storage Directory /workdir/hadoop-ozone/integration-test/target/test-dir/MiniOzoneClusterImpl-8c73d54b-95bd-449d-9cb4-8faeda19692d/datanode-1/data/ratis/52939d43-d6cb-4723-846f-0f9cb2e34934 was interrupted, exiting. There are 0 tasks remaining in the queue.
2019-08-20 21:15:10,000 [7d335ae0-aa74-4335-afe9-a2c1bf276fed-SegmentedRaftLogWorker:Storage Directory /workdir/hadoop-ozone/integration-test/target/test-dir/MiniOzoneClusterImpl-8c73d54b-95bd-449d-9cb4-8faeda19692d/datanode-4/data/ratis/fbdb9ada-d8bf-48b9-9563-5b1edafb322e] INFO  segmented.SegmentedRaftLogWorker (SegmentedRaftLogWorker.java:run(313)) - 7d335ae0-aa74-4335-afe9-a2c1bf276fed-SegmentedRaftLogWorker:Storage Directory /workdir/hadoop-ozone/integration-test/target/test-dir/MiniOzoneClusterImpl-8c73d54b-95bd-449d-9cb4-8faeda19692d/datanode-4/data/ratis/fbdb9ada-d8bf-48b9-9563-5b1edafb322e was interrupted, exiting. There are 0 tasks remaining in the queue.
2019-08-20 21:15:10,003 [ForkJoinPool.commonPool-worker-0] INFO  segmented.SegmentedRaftLogWorker (SegmentedRaftLogWorker.java:close(228)) - 05488788-9b27-429d-ba76-e196dab11564-SegmentedRaftLogWorker:Storage Directory /workdir/hadoop-ozone/integration-test/target/test-dir/MiniOzoneClusterImpl-8c73d54b-95bd-449d-9cb4-8faeda19692d/datanode-1/data/ratis/52939d43-d6cb-4723-846f-0f9cb2e34934 close()
2019-08-20 21:15:10,003 [main] INFO  segmented.SegmentedRaftLogWorker (SegmentedRaftLogWorker.java:close(228)) - 7d335ae0-aa74-4335-afe9-a2c1bf276fed-SegmentedRaftLogWorker:Storage Directory /workdir/hadoop-ozone/integration-test/target/test-dir/MiniOzoneClusterImpl-8c73d54b-95bd-449d-9cb4-8faeda19692d/datanode-4/data/ratis/fbdb9ada-d8bf-48b9-9563-5b1edafb322e close()
2019-08-20 21:15:10,008 [ForkJoinPool.commonPool-worker-0] INFO  server.GrpcService (GrpcService.java:closeImpl(155)) - 05488788-9b27-429d-ba76-e196dab11564: shutdown server with port 34797 now
2019-08-20 21:15:10,013 [main] INFO  server.GrpcService (GrpcService.java:closeImpl(155)) - 7d335ae0-aa74-4335-afe9-a2c1bf276fed: shutdown server with port 41842 now
2019-08-20 21:15:10,014 [grpc-default-executor-7] WARN  client.GrpcClientProtocolService (LogUtils.java:warn(134)) - 1-UnorderedRequestStreamObserver1: onError: org.apache.ratis.thirdparty.io.grpc.StatusRuntimeException: CANCELLED: cancelled before receiving half close
2019-08-20 21:15:10,014 [ForkJoinPool.commonPool-worker-0] INFO  server.GrpcService (GrpcService.java:closeImpl(163)) - 05488788-9b27-429d-ba76-e196dab11564: shutdown server with port 34797 successfully
2019-08-20 21:15:10,014 [grpc-default-executor-8] WARN  server.GrpcServerProtocolService (LogUtils.java:warn(134)) - 7d335ae0-aa74-4335-afe9-a2c1bf276fed: appendEntries onError: org.apache.ratis.thirdparty.io.grpc.StatusRuntimeException: CANCELLED: cancelled before receiving half close
2019-08-20 21:15:10,014 [grpc-default-executor-5] WARN  server.GrpcLogAppender (LogUtils.java:warn(134)) - 32ffa085-9cde-438a-a539-ceb56a7e13bd->7d335ae0-aa74-4335-afe9-a2c1bf276fed: Failed appendEntries: org.apache.ratis.thirdparty.io.grpc.StatusRuntimeException: CANCELLED: HTTP/2 error code: CANCEL
Received Rst Stream
2019-08-20 21:15:10,014 [main] INFO  server.GrpcService (GrpcService.java:closeImpl(163)) - 7d335ae0-aa74-4335-afe9-a2c1bf276fed: shutdown server with port 41842 successfully
2019-08-20 21:15:10,014 [grpc-default-executor-5] INFO  impl.FollowerInfo (FollowerInfo.java:lambda$new$0(50)) - 32ffa085-9cde-438a-a539-ceb56a7e13bd->7d335ae0-aa74-4335-afe9-a2c1bf276fed: nextIndex: updateUnconditionally 7 -> 6
2019-08-20 21:15:10,016 [main] INFO  utils.BackgroundService (BackgroundService.java:shutdown(148)) - Shutting down service BlockDeletingService
2019-08-20 21:15:10,016 [ForkJoinPool.commonPool-worker-0] INFO  utils.BackgroundService (BackgroundService.java:shutdown(148)) - Shutting down service BlockDeletingService
2019-08-20 21:15:10,017 [refreshUsed-/workdir/hadoop-ozone/integration-test/target/test-dir/MiniOzoneClusterImpl-8c73d54b-95bd-449d-9cb4-8faeda19692d/datanode-4/data/containers] WARN  fs.CachingGetSpaceUsed (CachingGetSpaceUsed.java:run(183)) - Thread Interrupted waiting to refresh disk information: sleep interrupted
2019-08-20 21:15:10,019 [refreshUsed-/workdir/hadoop-ozone/integration-test/target/test-dir/MiniOzoneClusterImpl-8c73d54b-95bd-449d-9cb4-8faeda19692d/datanode-1/data/containers] WARN  fs.CachingGetSpaceUsed (CachingGetSpaceUsed.java:run(183)) - Thread Interrupted waiting to refresh disk information: sleep interrupted
2019-08-20 21:15:10,039 [ForkJoinPool.commonPool-worker-0] INFO  statemachine.DatanodeStateMachine (DatanodeStateMachine.java:stopDaemon(395)) - Ozone container server stopped.
2019-08-20 21:15:10,040 [main] INFO  statemachine.DatanodeStateMachine (DatanodeStateMachine.java:stopDaemon(395)) - Ozone container server stopped.
2019-08-20 21:15:10,046 [ForkJoinPool.commonPool-worker-0] INFO  handler.ContextHandler (ContextHandler.java:doStop(910)) - Stopped o.e.j.w.WebAppContext@6bcf2780{/,null,UNAVAILABLE}{/hddsDatanode}
2019-08-20 21:15:10,046 [main] INFO  handler.ContextHandler (ContextHandler.java:doStop(910)) - Stopped o.e.j.w.WebAppContext@71b9b035{/,null,UNAVAILABLE}{/hddsDatanode}
2019-08-20 21:15:10,047 [ForkJoinPool.commonPool-worker-0] INFO  server.AbstractConnector (AbstractConnector.java:doStop(318)) - Stopped ServerConnector@4bb4adf7{HTTP/1.1,[http/1.1]}{0.0.0.0:0}
2019-08-20 21:15:10,048 [ForkJoinPool.commonPool-worker-0] INFO  handler.ContextHandler (ContextHandler.java:doStop(910)) - Stopped o.e.j.s.ServletContextHandler@45b7b254{/static,jar:file:/home/user/.m2/repository/org/apache/hadoop/hadoop-hdds-container-service/0.5.0-SNAPSHOT/hadoop-hdds-container-service-0.5.0-SNAPSHOT.jar!/webapps/static,UNAVAILABLE}
2019-08-20 21:15:10,048 [main] INFO  server.AbstractConnector (AbstractConnector.java:doStop(318)) - Stopped ServerConnector@7669d7a2{HTTP/1.1,[http/1.1]}{0.0.0.0:0}
2019-08-20 21:15:10,050 [ForkJoinPool.commonPool-worker-0] INFO  handler.ContextHandler (ContextHandler.java:doStop(910)) - Stopped o.e.j.s.ServletContextHandler@7c4b7bc3{/logs,file:///workdir/hadoop-ozone/integration-test/target/log,UNAVAILABLE}
2019-08-20 21:15:10,050 [main] INFO  handler.ContextHandler (ContextHandler.java:doStop(910)) - Stopped o.e.j.s.ServletContextHandler@43f670f3{/static,jar:file:/home/user/.m2/repository/org/apache/hadoop/hadoop-hdds-container-service/0.5.0-SNAPSHOT/hadoop-hdds-container-service-0.5.0-SNAPSHOT.jar!/webapps/static,UNAVAILABLE}
2019-08-20 21:15:10,051 [main] INFO  handler.ContextHandler (ContextHandler.java:doStop(910)) - Stopped o.e.j.s.ServletContextHandler@150eab74{/logs,file:///workdir/hadoop-ozone/integration-test/target/log,UNAVAILABLE}
2019-08-20 21:15:10,051 [ForkJoinPool.commonPool-worker-0] INFO  datanode.ObjectStoreHandler (ObjectStoreHandler.java:close(155)) - Closing ObjectStoreHandler.
2019-08-20 21:15:10,052 [ForkJoinPool.commonPool-worker-0] INFO  ozone.HddsDatanodeService (HddsDatanodeService.java:stop(451)) - Stopped plug-in org.apache.hadoop.ozone.web.OzoneHddsDatanodeService@3b191676
2019-08-20 21:15:10,052 [main] INFO  datanode.ObjectStoreHandler (ObjectStoreHandler.java:close(155)) - Closing ObjectStoreHandler.
2019-08-20 21:15:10,052 [main] INFO  ozone.HddsDatanodeService (HddsDatanodeService.java:stop(451)) - Stopped plug-in org.apache.hadoop.ozone.web.OzoneHddsDatanodeService@316975be
2019-08-20 21:15:10,198 | INFO  | SCMAudit | user=jenkins1000 | ip=192.168.34.22 | op=SEND_HEARTBEAT {datanodeUUID=3ff1b751-dcd6-467f-8d2d-86f1da670590, command=[]} | ret=SUCCESS |  
2019-08-20 21:15:10,384 [Datanode State Machine Thread - 0] INFO  statemachine.DatanodeStateMachine (DatanodeStateMachine.java:lambda$startDaemon$0(350)) - Ozone container server started.
2019-08-20 21:15:10,386 | INFO  | SCMAudit | user=jenkins1000 | ip=192.168.34.22 | op=SEND_HEARTBEAT {datanodeUUID=513741be-bb9c-4b44-a92d-df6c353b58d2, command=[commandType: closeContainerCommand closeContainerCommandProto { containerID: 1 pipelineID { id: "155abae6-99fc-4be2-a2da-b133b00b6fc4" } cmdId: 1 force: false } ]} | ret=SUCCESS |  
2019-08-20 21:15:10,604 [Datanode State Machine Thread - 0] INFO  statemachine.DatanodeStateMachine (DatanodeStateMachine.java:lambda$startDaemon$0(350)) - Ozone container server started.
2019-08-20 21:15:10,605 | INFO  | SCMAudit | user=jenkins1000 | ip=192.168.34.22 | op=SEND_HEARTBEAT {datanodeUUID=32ffa085-9cde-438a-a539-ceb56a7e13bd, command=[commandType: closeContainerCommand closeContainerCommandProto { containerID: 2 pipelineID { id: "530e808b-628d-460b-b596-c6d50ad0aae4" } cmdId: 2 force: false } ]} | ret=SUCCESS |  
2019-08-20 21:15:11,198 | INFO  | SCMAudit | user=jenkins1000 | ip=192.168.34.22 | op=SEND_HEARTBEAT {datanodeUUID=3ff1b751-dcd6-467f-8d2d-86f1da670590, command=[]} | ret=SUCCESS |  
2019-08-20 21:15:11,386 | INFO  | SCMAudit | user=jenkins1000 | ip=192.168.34.22 | op=SEND_HEARTBEAT {datanodeUUID=513741be-bb9c-4b44-a92d-df6c353b58d2, command=[]} | ret=SUCCESS |  
2019-08-20 21:15:11,605 | INFO  | SCMAudit | user=jenkins1000 | ip=192.168.34.22 | op=SEND_HEARTBEAT {datanodeUUID=32ffa085-9cde-438a-a539-ceb56a7e13bd, command=[]} | ret=SUCCESS |  
2019-08-20 21:15:12,164 [grpc-default-executor-8] WARN  server.GrpcLogAppender (LogUtils.java:warn(134)) - 32ffa085-9cde-438a-a539-ceb56a7e13bd->7d335ae0-aa74-4335-afe9-a2c1bf276fed: Failed appendEntries: org.apache.ratis.thirdparty.io.grpc.StatusRuntimeException: UNAVAILABLE: io exception
2019-08-20 21:15:12,164 [grpc-default-executor-8] INFO  impl.FollowerInfo (FollowerInfo.java:lambda$new$0(50)) - 32ffa085-9cde-438a-a539-ceb56a7e13bd->7d335ae0-aa74-4335-afe9-a2c1bf276fed: nextIndex: updateUnconditionally 6 -> 5
2019-08-20 21:15:12,198 | INFO  | SCMAudit | user=jenkins1000 | ip=192.168.34.22 | op=SEND_HEARTBEAT {datanodeUUID=3ff1b751-dcd6-467f-8d2d-86f1da670590, command=[]} | ret=SUCCESS |  
2019-08-20 21:15:12,385 | INFO  | SCMAudit | user=jenkins1000 | ip=192.168.34.22 | op=SEND_HEARTBEAT {datanodeUUID=513741be-bb9c-4b44-a92d-df6c353b58d2, command=[]} | ret=SUCCESS |  
2019-08-20 21:15:12,431 | INFO  | SCMAudit | user=jenkins1000 | ip=192.168.34.22 | op=SEND_HEARTBEAT {datanodeUUID=513741be-bb9c-4b44-a92d-df6c353b58d2, command=[]} | ret=SUCCESS |  
2019-08-20 21:15:12,431 | INFO  | SCMAudit | user=jenkins1000 | ip=192.168.34.22 | op=SEND_HEARTBEAT {datanodeUUID=32ffa085-9cde-438a-a539-ceb56a7e13bd, command=[]} | ret=SUCCESS |  
2019-08-20 21:15:12,433 [grpc-default-executor-7] WARN  server.GrpcLogAppender (LogUtils.java:warn(134)) - 32ffa085-9cde-438a-a539-ceb56a7e13bd->7d335ae0-aa74-4335-afe9-a2c1bf276fed: Failed appendEntries: org.apache.ratis.thirdparty.io.grpc.StatusRuntimeException: UNAVAILABLE: io exception
2019-08-20 21:15:12,433 [grpc-default-executor-7] INFO  impl.FollowerInfo (FollowerInfo.java:lambda$new$0(50)) - 32ffa085-9cde-438a-a539-ceb56a7e13bd->7d335ae0-aa74-4335-afe9-a2c1bf276fed: nextIndex: updateUnconditionally 6 -> 5
2019-08-20 21:15:12,449 [grpc-default-executor-8] WARN  server.GrpcLogAppender (LogUtils.java:warn(134)) - 32ffa085-9cde-438a-a539-ceb56a7e13bd->7d335ae0-aa74-4335-afe9-a2c1bf276fed: Failed appendEntries: org.apache.ratis.thirdparty.io.grpc.StatusRuntimeException: UNAVAILABLE: io exception
2019-08-20 21:15:12,449 [grpc-default-executor-8] INFO  impl.FollowerInfo (FollowerInfo.java:lambda$new$0(50)) - 32ffa085-9cde-438a-a539-ceb56a7e13bd->7d335ae0-aa74-4335-afe9-a2c1bf276fed: nextIndex: updateUnconditionally 6 -> 5
2019-08-20 21:15:12,459 [grpc-default-executor-7] WARN  server.GrpcLogAppender (LogUtils.java:warn(134)) - 32ffa085-9cde-438a-a539-ceb56a7e13bd->7d335ae0-aa74-4335-afe9-a2c1bf276fed: Failed appendEntries: org.apache.ratis.thirdparty.io.grpc.StatusRuntimeException: UNAVAILABLE: io exception
2019-08-20 21:15:12,459 [grpc-default-executor-7] INFO  impl.FollowerInfo (FollowerInfo.java:lambda$new$0(50)) - 32ffa085-9cde-438a-a539-ceb56a7e13bd->7d335ae0-aa74-4335-afe9-a2c1bf276fed: nextIndex: updateUnconditionally 6 -> 5
2019-08-20 21:15:12,498 [RatisApplyTransactionExecutor 2] INFO  interfaces.Container (KeyValueContainer.java:compactDB(356)) - Container 2 is closed with bcsId 4.
2019-08-20 21:15:12,501 | INFO  | DNAudit | user=null | ip=null | op=CLOSE_CONTAINER {containerID=2} | ret=SUCCESS |  
2019-08-20 21:15:12,501 | INFO  | SCMAudit | user=jenkins1000 | ip=192.168.34.22 | op=SEND_HEARTBEAT {datanodeUUID=32ffa085-9cde-438a-a539-ceb56a7e13bd, command=[]} | ret=SUCCESS |  
2019-08-20 21:15:12,501 [EventQueue-IncrementalContainerReportForIncrementalContainerReportHandler] INFO  container.IncrementalContainerReportHandler (AbstractContainerReportHandler.java:updateContainerState(176)) - Moving container #2 to CLOSED state, datanode 32ffa085-9cde-438a-a539-ceb56a7e13bd{ip: 192.168.34.22, host: pr-hdds-1973-z7hz4-2971538320, networkLocation: /default-rack, certSerialId: null} reported CLOSED replica.
2019-08-20 21:15:12,530 [RatisApplyTransactionExecutor 2] INFO  interfaces.Container (KeyValueContainer.java:compactDB(356)) - Container 2 is closed with bcsId 4.
2019-08-20 21:15:12,531 | INFO  | DNAudit | user=null | ip=null | op=CLOSE_CONTAINER {containerID=2} | ret=SUCCESS |  
2019-08-20 21:15:13,198 | INFO  | SCMAudit | user=jenkins1000 | ip=192.168.34.22 | op=SEND_HEARTBEAT {datanodeUUID=3ff1b751-dcd6-467f-8d2d-86f1da670590, command=[]} | ret=SUCCESS |  
2019-08-20 21:15:13,432 | INFO  | SCMAudit | user=jenkins1000 | ip=192.168.34.22 | op=SEND_HEARTBEAT {datanodeUUID=513741be-bb9c-4b44-a92d-df6c353b58d2, command=[]} | ret=SUCCESS |  
2019-08-20 21:15:13,501 | INFO  | SCMAudit | user=jenkins1000 | ip=192.168.34.22 | op=SEND_HEARTBEAT {datanodeUUID=32ffa085-9cde-438a-a539-ceb56a7e13bd, command=[]} | ret=SUCCESS |  
2019-08-20 21:15:14,198 | INFO  | SCMAudit | user=jenkins1000 | ip=192.168.34.22 | op=SEND_HEARTBEAT {datanodeUUID=3ff1b751-dcd6-467f-8d2d-86f1da670590, command=[]} | ret=SUCCESS |  
2019-08-20 21:15:14,426 [EventQueue-StaleNodeForStaleNodeHandler] INFO  node.StaleNodeHandler (StaleNodeHandler.java:onMessage(58)) - Datanode 0682f0bd-ffd8-48c0-b0ba-6106fa582228{ip: 192.168.34.22, host: pr-hdds-1973-z7hz4-2971538320, networkLocation: /default-rack, certSerialId: null} moved to stale state. Finalizing its pipelines [PipelineID=1be2c149-bb43-4009-89e7-de7eac2bd727, PipelineID=155abae6-99fc-4be2-a2da-b133b00b6fc4]
2019-08-20 21:15:14,426 [EventQueue-StaleNodeForStaleNodeHandler] INFO  pipeline.SCMPipelineManager (SCMPipelineManager.java:finalizeAndDestroyPipeline(309)) - destroying pipeline:Pipeline[ Id: 1be2c149-bb43-4009-89e7-de7eac2bd727, Nodes: 0682f0bd-ffd8-48c0-b0ba-6106fa582228{ip: 192.168.34.22, host: pr-hdds-1973-z7hz4-2971538320, networkLocation: /default-rack, certSerialId: null}, Type:RATIS, Factor:ONE, State:OPEN]
2019-08-20 21:15:14,427 [EventQueue-StaleNodeForStaleNodeHandler] INFO  pipeline.PipelineStateManager (PipelineStateManager.java:finalizePipeline(123)) - Pipeline Pipeline[ Id: 1be2c149-bb43-4009-89e7-de7eac2bd727, Nodes: 0682f0bd-ffd8-48c0-b0ba-6106fa582228{ip: 192.168.34.22, host: pr-hdds-1973-z7hz4-2971538320, networkLocation: /default-rack, certSerialId: null}, Type:RATIS, Factor:ONE, State:CLOSED] moved to CLOSED state
2019-08-20 21:15:14,427 [EventQueue-StaleNodeForStaleNodeHandler] INFO  pipeline.SCMPipelineManager (SCMPipelineManager.java:finalizeAndDestroyPipeline(309)) - destroying pipeline:Pipeline[ Id: 155abae6-99fc-4be2-a2da-b133b00b6fc4, Nodes: 513741be-bb9c-4b44-a92d-df6c353b58d2{ip: 192.168.34.22, host: pr-hdds-1973-z7hz4-2971538320, networkLocation: /default-rack, certSerialId: null}0682f0bd-ffd8-48c0-b0ba-6106fa582228{ip: 192.168.34.22, host: pr-hdds-1973-z7hz4-2971538320, networkLocation: /default-rack, certSerialId: null}05488788-9b27-429d-ba76-e196dab11564{ip: 192.168.34.22, host: pr-hdds-1973-z7hz4-2971538320, networkLocation: /default-rack, certSerialId: null}, Type:RATIS, Factor:THREE, State:CLOSED]
2019-08-20 21:15:14,432 | INFO  | SCMAudit | user=jenkins1000 | ip=192.168.34.22 | op=SEND_HEARTBEAT {datanodeUUID=513741be-bb9c-4b44-a92d-df6c353b58d2, command=[]} | ret=SUCCESS |  
2019-08-20 21:15:14,501 | INFO  | SCMAudit | user=jenkins1000 | ip=192.168.34.22 | op=SEND_HEARTBEAT {datanodeUUID=32ffa085-9cde-438a-a539-ceb56a7e13bd, command=[]} | ret=SUCCESS |  
2019-08-20 21:15:14,626 [EventQueue-StaleNodeForStaleNodeHandler] INFO  node.StaleNodeHandler (StaleNodeHandler.java:onMessage(58)) - Datanode b918b925-974f-4261-bde0-42b23f02a612{ip: 192.168.34.22, host: pr-hdds-1973-z7hz4-2971538320, networkLocation: /default-rack, certSerialId: null} moved to stale state. Finalizing its pipelines [PipelineID=530e808b-628d-460b-b596-c6d50ad0aae4, PipelineID=88efc8b1-af5c-473a-859e-38a87a6a54c1]
2019-08-20 21:15:14,627 [EventQueue-StaleNodeForStaleNodeHandler] INFO  pipeline.SCMPipelineManager (SCMPipelineManager.java:finalizeAndDestroyPipeline(309)) - destroying pipeline:Pipeline[ Id: 530e808b-628d-460b-b596-c6d50ad0aae4, Nodes: 7d335ae0-aa74-4335-afe9-a2c1bf276fed{ip: 192.168.34.22, host: pr-hdds-1973-z7hz4-2971538320, networkLocation: /default-rack, certSerialId: null}b918b925-974f-4261-bde0-42b23f02a612{ip: 192.168.34.22, host: pr-hdds-1973-z7hz4-2971538320, networkLocation: /default-rack, certSerialId: null}32ffa085-9cde-438a-a539-ceb56a7e13bd{ip: 192.168.34.22, host: pr-hdds-1973-z7hz4-2971538320, networkLocation: /default-rack, certSerialId: null}, Type:RATIS, Factor:THREE, State:CLOSED]
2019-08-20 21:15:14,627 [EventQueue-StaleNodeForStaleNodeHandler] INFO  pipeline.SCMPipelineManager (SCMPipelineManager.java:finalizeAndDestroyPipeline(309)) - destroying pipeline:Pipeline[ Id: 88efc8b1-af5c-473a-859e-38a87a6a54c1, Nodes: b918b925-974f-4261-bde0-42b23f02a612{ip: 192.168.34.22, host: pr-hdds-1973-z7hz4-2971538320, networkLocation: /default-rack, certSerialId: null}, Type:RATIS, Factor:ONE, State:OPEN]
2019-08-20 21:15:14,627 [EventQueue-StaleNodeForStaleNodeHandler] INFO  pipeline.PipelineStateManager (PipelineStateManager.java:finalizePipeline(123)) - Pipeline Pipeline[ Id: 88efc8b1-af5c-473a-859e-38a87a6a54c1, Nodes: b918b925-974f-4261-bde0-42b23f02a612{ip: 192.168.34.22, host: pr-hdds-1973-z7hz4-2971538320, networkLocation: /default-rack, certSerialId: null}, Type:RATIS, Factor:ONE, State:CLOSED] moved to CLOSED state
2019-08-20 21:15:14,960 [grpc-default-executor-8] WARN  server.GrpcLogAppender (LogUtils.java:warn(134)) - 32ffa085-9cde-438a-a539-ceb56a7e13bd->7d335ae0-aa74-4335-afe9-a2c1bf276fed: Failed appendEntries: org.apache.ratis.thirdparty.io.grpc.StatusRuntimeException: UNAVAILABLE: io exception
2019-08-20 21:15:14,961 [grpc-default-executor-8] INFO  impl.FollowerInfo (FollowerInfo.java:lambda$new$0(50)) - 32ffa085-9cde-438a-a539-ceb56a7e13bd->7d335ae0-aa74-4335-afe9-a2c1bf276fed: nextIndex: updateUnconditionally 5 -> 4
2019-08-20 21:15:15,052 [ForkJoinPool.commonPool-worker-0] INFO  ozoneimpl.OzoneContainer (OzoneContainer.java:stop(199)) - Attempting to stop container services.
2019-08-20 21:15:15,053 [main] INFO  ozoneimpl.OzoneContainer (OzoneContainer.java:stop(199)) - Attempting to stop container services.
2019-08-20 21:15:15,053 [ForkJoinPool.commonPool-worker-0] INFO  impl.RaftServerProxy (RaftServerProxy.java:lambda$close$4(314)) - 0682f0bd-ffd8-48c0-b0ba-6106fa582228: close
2019-08-20 21:15:15,053 [main] INFO  impl.RaftServerProxy (RaftServerProxy.java:lambda$close$4(314)) - b918b925-974f-4261-bde0-42b23f02a612: close
2019-08-20 21:15:15,053 [ForkJoinPool.commonPool-worker-0] INFO  impl.RaftServerImpl (RaftServerImpl.java:lambda$shutdown$3(245)) - 0682f0bd-ffd8-48c0-b0ba-6106fa582228: shutdown group-DE7EAC2BD727
2019-08-20 21:15:15,054 [main] INFO  impl.RaftServerImpl (RaftServerImpl.java:lambda$shutdown$3(245)) - b918b925-974f-4261-bde0-42b23f02a612: shutdown group-C6D50AD0AAE4
2019-08-20 21:15:15,054 [ForkJoinPool.commonPool-worker-0] INFO  util.JmxRegister (JmxRegister.java:unregister(73)) - Successfully un-registered JMX Bean with object name Ratis:service=RaftServer,group=group-DE7EAC2BD727,id=0682f0bd-ffd8-48c0-b0ba-6106fa582228
2019-08-20 21:15:15,054 [main] INFO  util.JmxRegister (JmxRegister.java:unregister(73)) - Successfully un-registered JMX Bean with object name Ratis:service=RaftServer,group=group-C6D50AD0AAE4,id=b918b925-974f-4261-bde0-42b23f02a612
2019-08-20 21:15:15,055 [main] INFO  impl.RoleInfo (RoleInfo.java:shutdownFollowerState(121)) - b918b925-974f-4261-bde0-42b23f02a612: shutdown FollowerState
2019-08-20 21:15:15,055 [main] INFO  impl.StateMachineUpdater (StateMachineUpdater.java:stopAndJoin(115)) - StateMachineUpdater:b918b925-974f-4261-bde0-42b23f02a612:group-C6D50AD0AAE4: set stopIndex = 8
2019-08-20 21:15:15,054 [ForkJoinPool.commonPool-worker-0] INFO  impl.RoleInfo (RoleInfo.java:shutdownLeaderState(104)) - 0682f0bd-ffd8-48c0-b0ba-6106fa582228: shutdown LeaderState
2019-08-20 21:15:15,055 [StateMachineUpdater:b918b925-974f-4261-bde0-42b23f02a612:group-C6D50AD0AAE4] INFO  ratis.ContainerStateMachine (ContainerStateMachine.java:takeSnapshot(271)) - group-C6D50AD0AAE4: Taking a snapshot at:(t:1, i:7) file /workdir/hadoop-ozone/integration-test/target/test-dir/MiniOzoneClusterImpl-8c73d54b-95bd-449d-9cb4-8faeda19692d/datanode-3/data/ratis/530e808b-628d-460b-b596-c6d50ad0aae4/sm/snapshot.1_7
2019-08-20 21:15:15,055 [Thread-4115] INFO  impl.FollowerState (FollowerState.java:run(114)) - b918b925-974f-4261-bde0-42b23f02a612: FollowerState was interrupted: java.lang.InterruptedException: sleep interrupted
2019-08-20 21:15:15,056 [ForkJoinPool.commonPool-worker-0] INFO  impl.PendingRequests (PendingRequests.java:sendNotLeaderResponses(202)) - 0682f0bd-ffd8-48c0-b0ba-6106fa582228-PendingRequests: sendNotLeaderResponses
2019-08-20 21:15:15,059 [ForkJoinPool.commonPool-worker-0] INFO  impl.StateMachineUpdater (StateMachineUpdater.java:stopAndJoin(115)) - StateMachineUpdater:0682f0bd-ffd8-48c0-b0ba-6106fa582228:group-DE7EAC2BD727: set stopIndex = 0
2019-08-20 21:15:15,060 [ForkJoinPool.commonPool-worker-0] INFO  impl.RaftServerImpl (ServerState.java:close(394)) - 0682f0bd-ffd8-48c0-b0ba-6106fa582228:group-DE7EAC2BD727 closes. The last applied log index is 0
2019-08-20 21:15:15,060 [0682f0bd-ffd8-48c0-b0ba-6106fa582228-SegmentedRaftLogWorker:Storage Directory /workdir/hadoop-ozone/integration-test/target/test-dir/MiniOzoneClusterImpl-8c73d54b-95bd-449d-9cb4-8faeda19692d/datanode-2/data/ratis/1be2c149-bb43-4009-89e7-de7eac2bd727] INFO  segmented.SegmentedRaftLogWorker (SegmentedRaftLogWorker.java:run(313)) - 0682f0bd-ffd8-48c0-b0ba-6106fa582228-SegmentedRaftLogWorker:Storage Directory /workdir/hadoop-ozone/integration-test/target/test-dir/MiniOzoneClusterImpl-8c73d54b-95bd-449d-9cb4-8faeda19692d/datanode-2/data/ratis/1be2c149-bb43-4009-89e7-de7eac2bd727 was interrupted, exiting. There are 0 tasks remaining in the queue.
2019-08-20 21:15:15,062 [ForkJoinPool.commonPool-worker-0] INFO  segmented.SegmentedRaftLogWorker (SegmentedRaftLogWorker.java:close(228)) - 0682f0bd-ffd8-48c0-b0ba-6106fa582228-SegmentedRaftLogWorker:Storage Directory /workdir/hadoop-ozone/integration-test/target/test-dir/MiniOzoneClusterImpl-8c73d54b-95bd-449d-9cb4-8faeda19692d/datanode-2/data/ratis/1be2c149-bb43-4009-89e7-de7eac2bd727 close()
2019-08-20 21:15:15,067 [ForkJoinPool.commonPool-worker-0] INFO  impl.RaftServerImpl (RaftServerImpl.java:lambda$shutdown$3(245)) - 0682f0bd-ffd8-48c0-b0ba-6106fa582228: shutdown group-B133B00B6FC4
2019-08-20 21:15:15,067 [ForkJoinPool.commonPool-worker-0] INFO  util.JmxRegister (JmxRegister.java:unregister(73)) - Successfully un-registered JMX Bean with object name Ratis:service=RaftServer,group=group-B133B00B6FC4,id=0682f0bd-ffd8-48c0-b0ba-6106fa582228
2019-08-20 21:15:15,067 [ForkJoinPool.commonPool-worker-0] INFO  impl.RoleInfo (RoleInfo.java:shutdownFollowerState(121)) - 0682f0bd-ffd8-48c0-b0ba-6106fa582228: shutdown FollowerState
2019-08-20 21:15:15,067 [ForkJoinPool.commonPool-worker-0] INFO  impl.StateMachineUpdater (StateMachineUpdater.java:stopAndJoin(115)) - StateMachineUpdater:0682f0bd-ffd8-48c0-b0ba-6106fa582228:group-B133B00B6FC4: set stopIndex = 6
2019-08-20 21:15:15,067 [StateMachineUpdater:0682f0bd-ffd8-48c0-b0ba-6106fa582228:group-B133B00B6FC4] INFO  ratis.ContainerStateMachine (ContainerStateMachine.java:takeSnapshot(271)) - group-B133B00B6FC4: Taking a snapshot at:(t:1, i:6) file /workdir/hadoop-ozone/integration-test/target/test-dir/MiniOzoneClusterImpl-8c73d54b-95bd-449d-9cb4-8faeda19692d/datanode-2/data/ratis/155abae6-99fc-4be2-a2da-b133b00b6fc4/sm/snapshot.1_6
2019-08-20 21:15:15,067 [Thread-4095] INFO  impl.FollowerState (FollowerState.java:run(114)) - 0682f0bd-ffd8-48c0-b0ba-6106fa582228: FollowerState was interrupted: java.lang.InterruptedException: sleep interrupted
2019-08-20 21:15:15,085 [StateMachineUpdater:0682f0bd-ffd8-48c0-b0ba-6106fa582228:group-B133B00B6FC4] INFO  ratis.ContainerStateMachine (ContainerStateMachine.java:takeSnapshot(282)) - group-B133B00B6FC4: Finished taking a snapshot at:(t:1, i:6) file:/workdir/hadoop-ozone/integration-test/target/test-dir/MiniOzoneClusterImpl-8c73d54b-95bd-449d-9cb4-8faeda19692d/datanode-2/data/ratis/155abae6-99fc-4be2-a2da-b133b00b6fc4/sm/snapshot.1_6 time:17
2019-08-20 21:15:15,085 [StateMachineUpdater:b918b925-974f-4261-bde0-42b23f02a612:group-C6D50AD0AAE4] INFO  ratis.ContainerStateMachine (ContainerStateMachine.java:takeSnapshot(282)) - group-C6D50AD0AAE4: Finished taking a snapshot at:(t:1, i:7) file:/workdir/hadoop-ozone/integration-test/target/test-dir/MiniOzoneClusterImpl-8c73d54b-95bd-449d-9cb4-8faeda19692d/datanode-3/data/ratis/530e808b-628d-460b-b596-c6d50ad0aae4/sm/snapshot.1_7 time:29
2019-08-20 21:15:15,085 [StateMachineUpdater:0682f0bd-ffd8-48c0-b0ba-6106fa582228:group-B133B00B6FC4] INFO  impl.StateMachineUpdater (StateMachineUpdater.java:takeSnapshot(242)) - StateMachineUpdater:0682f0bd-ffd8-48c0-b0ba-6106fa582228:group-B133B00B6FC4: Took a snapshot at index 6
2019-08-20 21:15:15,085 [StateMachineUpdater:b918b925-974f-4261-bde0-42b23f02a612:group-C6D50AD0AAE4] INFO  impl.StateMachineUpdater (StateMachineUpdater.java:takeSnapshot(242)) - StateMachineUpdater:b918b925-974f-4261-bde0-42b23f02a612:group-C6D50AD0AAE4: Took a snapshot at index 7
2019-08-20 21:15:15,085 [StateMachineUpdater:0682f0bd-ffd8-48c0-b0ba-6106fa582228:group-B133B00B6FC4] INFO  impl.StateMachineUpdater (StateMachineUpdater.java:lambda$new$0(80)) - StateMachineUpdater:0682f0bd-ffd8-48c0-b0ba-6106fa582228:group-B133B00B6FC4: snapshotIndex: updateIncreasingly -1 -> 6
2019-08-20 21:15:15,085 [StateMachineUpdater:b918b925-974f-4261-bde0-42b23f02a612:group-C6D50AD0AAE4] INFO  impl.StateMachineUpdater (StateMachineUpdater.java:lambda$new$0(80)) - StateMachineUpdater:b918b925-974f-4261-bde0-42b23f02a612:group-C6D50AD0AAE4: snapshotIndex: updateIncreasingly -1 -> 7
2019-08-20 21:15:15,085 [ForkJoinPool.commonPool-worker-0] INFO  impl.RaftServerImpl (ServerState.java:close(394)) - 0682f0bd-ffd8-48c0-b0ba-6106fa582228:group-B133B00B6FC4 closes. The last applied log index is 6
2019-08-20 21:15:15,085 [main] INFO  impl.RaftServerImpl (ServerState.java:close(394)) - b918b925-974f-4261-bde0-42b23f02a612:group-C6D50AD0AAE4 closes. The last applied log index is 8
2019-08-20 21:15:15,086 [0682f0bd-ffd8-48c0-b0ba-6106fa582228-SegmentedRaftLogWorker:Storage Directory /workdir/hadoop-ozone/integration-test/target/test-dir/MiniOzoneClusterImpl-8c73d54b-95bd-449d-9cb4-8faeda19692d/datanode-2/data/ratis/155abae6-99fc-4be2-a2da-b133b00b6fc4] INFO  segmented.SegmentedRaftLogWorker (SegmentedRaftLogWorker.java:run(313)) - 0682f0bd-ffd8-48c0-b0ba-6106fa582228-SegmentedRaftLogWorker:Storage Directory /workdir/hadoop-ozone/integration-test/target/test-dir/MiniOzoneClusterImpl-8c73d54b-95bd-449d-9cb4-8faeda19692d/datanode-2/data/ratis/155abae6-99fc-4be2-a2da-b133b00b6fc4 was interrupted, exiting. There are 0 tasks remaining in the queue.
2019-08-20 21:15:15,086 [b918b925-974f-4261-bde0-42b23f02a612-SegmentedRaftLogWorker:Storage Directory /workdir/hadoop-ozone/integration-test/target/test-dir/MiniOzoneClusterImpl-8c73d54b-95bd-449d-9cb4-8faeda19692d/datanode-3/data/ratis/530e808b-628d-460b-b596-c6d50ad0aae4] INFO  segmented.SegmentedRaftLogWorker (SegmentedRaftLogWorker.java:run(313)) - b918b925-974f-4261-bde0-42b23f02a612-SegmentedRaftLogWorker:Storage Directory /workdir/hadoop-ozone/integration-test/target/test-dir/MiniOzoneClusterImpl-8c73d54b-95bd-449d-9cb4-8faeda19692d/datanode-3/data/ratis/530e808b-628d-460b-b596-c6d50ad0aae4 was interrupted, exiting. There are 0 tasks remaining in the queue.
2019-08-20 21:15:15,089 [ForkJoinPool.commonPool-worker-0] INFO  segmented.SegmentedRaftLogWorker (SegmentedRaftLogWorker.java:close(228)) - 0682f0bd-ffd8-48c0-b0ba-6106fa582228-SegmentedRaftLogWorker:Storage Directory /workdir/hadoop-ozone/integration-test/target/test-dir/MiniOzoneClusterImpl-8c73d54b-95bd-449d-9cb4-8faeda19692d/datanode-2/data/ratis/155abae6-99fc-4be2-a2da-b133b00b6fc4 close()
2019-08-20 21:15:15,091 [main] INFO  segmented.SegmentedRaftLogWorker (SegmentedRaftLogWorker.java:close(228)) - b918b925-974f-4261-bde0-42b23f02a612-SegmentedRaftLogWorker:Storage Directory /workdir/hadoop-ozone/integration-test/target/test-dir/MiniOzoneClusterImpl-8c73d54b-95bd-449d-9cb4-8faeda19692d/datanode-3/data/ratis/530e808b-628d-460b-b596-c6d50ad0aae4 close()
2019-08-20 21:15:15,095 [ForkJoinPool.commonPool-worker-0] INFO  server.GrpcService (GrpcService.java:closeImpl(155)) - 0682f0bd-ffd8-48c0-b0ba-6106fa582228: shutdown server with port 45847 now
2019-08-20 21:15:15,108 [main] INFO  impl.RaftServerImpl (RaftServerImpl.java:lambda$shutdown$3(245)) - b918b925-974f-4261-bde0-42b23f02a612: shutdown group-38A87A6A54C1
2019-08-20 21:15:15,108 [ForkJoinPool.commonPool-worker-0] INFO  server.GrpcService (GrpcService.java:closeImpl(163)) - 0682f0bd-ffd8-48c0-b0ba-6106fa582228: shutdown server with port 45847 successfully
2019-08-20 21:15:15,109 [main] INFO  util.JmxRegister (JmxRegister.java:unregister(73)) - Successfully un-registered JMX Bean with object name Ratis:service=RaftServer,group=group-38A87A6A54C1,id=b918b925-974f-4261-bde0-42b23f02a612
2019-08-20 21:15:15,109 [main] INFO  impl.RoleInfo (RoleInfo.java:shutdownLeaderState(104)) - b918b925-974f-4261-bde0-42b23f02a612: shutdown LeaderState
2019-08-20 21:15:15,110 [main] INFO  impl.PendingRequests (PendingRequests.java:sendNotLeaderResponses(202)) - b918b925-974f-4261-bde0-42b23f02a612-PendingRequests: sendNotLeaderResponses
2019-08-20 21:15:15,110 [main] INFO  impl.StateMachineUpdater (StateMachineUpdater.java:stopAndJoin(115)) - StateMachineUpdater:b918b925-974f-4261-bde0-42b23f02a612:group-38A87A6A54C1: set stopIndex = 0
2019-08-20 21:15:15,111 [main] INFO  impl.RaftServerImpl (ServerState.java:close(394)) - b918b925-974f-4261-bde0-42b23f02a612:group-38A87A6A54C1 closes. The last applied log index is 0
2019-08-20 21:15:15,112 [b918b925-974f-4261-bde0-42b23f02a612-SegmentedRaftLogWorker:Storage Directory /workdir/hadoop-ozone/integration-test/target/test-dir/MiniOzoneClusterImpl-8c73d54b-95bd-449d-9cb4-8faeda19692d/datanode-3/data/ratis/88efc8b1-af5c-473a-859e-38a87a6a54c1] INFO  segmented.SegmentedRaftLogWorker (SegmentedRaftLogWorker.java:run(313)) - b918b925-974f-4261-bde0-42b23f02a612-SegmentedRaftLogWorker:Storage Directory /workdir/hadoop-ozone/integration-test/target/test-dir/MiniOzoneClusterImpl-8c73d54b-95bd-449d-9cb4-8faeda19692d/datanode-3/data/ratis/88efc8b1-af5c-473a-859e-38a87a6a54c1 was interrupted, exiting. There are 0 tasks remaining in the queue.
2019-08-20 21:15:15,113 [ForkJoinPool.commonPool-worker-0] INFO  utils.BackgroundService (BackgroundService.java:shutdown(148)) - Shutting down service BlockDeletingService
2019-08-20 21:15:15,116 [main] INFO  segmented.SegmentedRaftLogWorker (SegmentedRaftLogWorker.java:close(228)) - b918b925-974f-4261-bde0-42b23f02a612-SegmentedRaftLogWorker:Storage Directory /workdir/hadoop-ozone/integration-test/target/test-dir/MiniOzoneClusterImpl-8c73d54b-95bd-449d-9cb4-8faeda19692d/datanode-3/data/ratis/88efc8b1-af5c-473a-859e-38a87a6a54c1 close()
2019-08-20 21:15:15,118 [main] INFO  server.GrpcService (GrpcService.java:closeImpl(155)) - b918b925-974f-4261-bde0-42b23f02a612: shutdown server with port 40857 now
2019-08-20 21:15:15,118 [refreshUsed-/workdir/hadoop-ozone/integration-test/target/test-dir/MiniOzoneClusterImpl-8c73d54b-95bd-449d-9cb4-8faeda19692d/datanode-2/data/containers] WARN  fs.CachingGetSpaceUsed (CachingGetSpaceUsed.java:run(183)) - Thread Interrupted waiting to refresh disk information: sleep interrupted
2019-08-20 21:15:15,119 [main] INFO  server.GrpcService (GrpcService.java:closeImpl(163)) - b918b925-974f-4261-bde0-42b23f02a612: shutdown server with port 40857 successfully
2019-08-20 21:15:15,119 [grpc-default-executor-8] WARN  server.GrpcLogAppender (LogUtils.java:warn(134)) - 32ffa085-9cde-438a-a539-ceb56a7e13bd->b918b925-974f-4261-bde0-42b23f02a612: Failed appendEntries: org.apache.ratis.thirdparty.io.grpc.StatusRuntimeException: CANCELLED: HTTP/2 error code: CANCEL
Received Rst Stream
2019-08-20 21:15:15,119 [grpc-default-executor-5] WARN  server.GrpcServerProtocolService (LogUtils.java:warn(134)) - b918b925-974f-4261-bde0-42b23f02a612: appendEntries onError: org.apache.ratis.thirdparty.io.grpc.StatusRuntimeException: CANCELLED: cancelled before receiving half close
2019-08-20 21:15:15,120 [grpc-default-executor-8] INFO  impl.FollowerInfo (FollowerInfo.java:lambda$new$0(50)) - 32ffa085-9cde-438a-a539-ceb56a7e13bd->b918b925-974f-4261-bde0-42b23f02a612: nextIndex: updateUnconditionally 9 -> 8
2019-08-20 21:15:15,120 [main] INFO  utils.BackgroundService (BackgroundService.java:shutdown(148)) - Shutting down service BlockDeletingService
2019-08-20 21:15:15,121 [refreshUsed-/workdir/hadoop-ozone/integration-test/target/test-dir/MiniOzoneClusterImpl-8c73d54b-95bd-449d-9cb4-8faeda19692d/datanode-3/data/containers] WARN  fs.CachingGetSpaceUsed (CachingGetSpaceUsed.java:run(183)) - Thread Interrupted waiting to refresh disk information: sleep interrupted
2019-08-20 21:15:15,138 [main] INFO  statemachine.DatanodeStateMachine (DatanodeStateMachine.java:stopDaemon(395)) - Ozone container server stopped.
2019-08-20 21:15:15,146 [ForkJoinPool.commonPool-worker-0] INFO  statemachine.DatanodeStateMachine (DatanodeStateMachine.java:stopDaemon(395)) - Ozone container server stopped.
2019-08-20 21:15:15,151 [main] INFO  handler.ContextHandler (ContextHandler.java:doStop(910)) - Stopped o.e.j.w.WebAppContext@29922188{/,null,UNAVAILABLE}{/hddsDatanode}
2019-08-20 21:15:15,151 [ForkJoinPool.commonPool-worker-0] INFO  handler.ContextHandler (ContextHandler.java:doStop(910)) - Stopped o.e.j.w.WebAppContext@1d280bab{/,null,UNAVAILABLE}{/hddsDatanode}
2019-08-20 21:15:15,152 [main] INFO  server.AbstractConnector (AbstractConnector.java:doStop(318)) - Stopped ServerConnector@6a5ed5f9{HTTP/1.1,[http/1.1]}{0.0.0.0:0}
2019-08-20 21:15:15,152 [ForkJoinPool.commonPool-worker-0] INFO  server.AbstractConnector (AbstractConnector.java:doStop(318)) - Stopped ServerConnector@74a121fe{HTTP/1.1,[http/1.1]}{0.0.0.0:0}
2019-08-20 21:15:15,152 [main] INFO  handler.ContextHandler (ContextHandler.java:doStop(910)) - Stopped o.e.j.s.ServletContextHandler@7f3616d2{/static,jar:file:/home/user/.m2/repository/org/apache/hadoop/hadoop-hdds-container-service/0.5.0-SNAPSHOT/hadoop-hdds-container-service-0.5.0-SNAPSHOT.jar!/webapps/static,UNAVAILABLE}
2019-08-20 21:15:15,154 [ForkJoinPool.commonPool-worker-0] INFO  handler.ContextHandler (ContextHandler.java:doStop(910)) - Stopped o.e.j.s.ServletContextHandler@339b9869{/static,jar:file:/home/user/.m2/repository/org/apache/hadoop/hadoop-hdds-container-service/0.5.0-SNAPSHOT/hadoop-hdds-container-service-0.5.0-SNAPSHOT.jar!/webapps/static,UNAVAILABLE}
2019-08-20 21:15:15,154 [main] INFO  handler.ContextHandler (ContextHandler.java:doStop(910)) - Stopped o.e.j.s.ServletContextHandler@4dba2d07{/logs,file:///workdir/hadoop-ozone/integration-test/target/log,UNAVAILABLE}
2019-08-20 21:15:15,155 [ForkJoinPool.commonPool-worker-0] INFO  handler.ContextHandler (ContextHandler.java:doStop(910)) - Stopped o.e.j.s.ServletContextHandler@4c627575{/logs,file:///workdir/hadoop-ozone/integration-test/target/log,UNAVAILABLE}
2019-08-20 21:15:15,156 [main] INFO  datanode.ObjectStoreHandler (ObjectStoreHandler.java:close(155)) - Closing ObjectStoreHandler.
2019-08-20 21:15:15,156 [ForkJoinPool.commonPool-worker-0] INFO  datanode.ObjectStoreHandler (ObjectStoreHandler.java:close(155)) - Closing ObjectStoreHandler.
2019-08-20 21:15:15,157 [main] INFO  ozone.HddsDatanodeService (HddsDatanodeService.java:stop(451)) - Stopped plug-in org.apache.hadoop.ozone.web.OzoneHddsDatanodeService@41861964
2019-08-20 21:15:15,157 [ForkJoinPool.commonPool-worker-0] INFO  ozone.HddsDatanodeService (HddsDatanodeService.java:stop(451)) - Stopped plug-in org.apache.hadoop.ozone.web.OzoneHddsDatanodeService@72de1d86
2019-08-20 21:15:15,198 [Datanode State Machine Thread - 0] INFO  statemachine.DatanodeStateMachine (DatanodeStateMachine.java:lambda$startDaemon$0(350)) - Ozone container server started.
2019-08-20 21:15:15,431 [Datanode State Machine Thread - 0] INFO  statemachine.DatanodeStateMachine (DatanodeStateMachine.java:lambda$startDaemon$0(350)) - Ozone container server started.
2019-08-20 21:15:15,501 | INFO  | SCMAudit | user=jenkins1000 | ip=192.168.34.22 | op=SEND_HEARTBEAT {datanodeUUID=32ffa085-9cde-438a-a539-ceb56a7e13bd, command=[]} | ret=SUCCESS |  
2019-08-20 21:15:16,502 | INFO  | SCMAudit | user=jenkins1000 | ip=192.168.34.22 | op=SEND_HEARTBEAT {datanodeUUID=32ffa085-9cde-438a-a539-ceb56a7e13bd, command=[]} | ret=SUCCESS |  
2019-08-20 21:15:16,780 [Thread-4092] INFO  impl.FollowerState (FollowerState.java:run(106)) - 513741be-bb9c-4b44-a92d-df6c353b58d2:group-B133B00B6FC4 changes to CANDIDATE, lastRpcTime:9326, electionTimeout:5020ms
2019-08-20 21:15:16,781 [Thread-4092] INFO  impl.RoleInfo (RoleInfo.java:shutdownFollowerState(121)) - 513741be-bb9c-4b44-a92d-df6c353b58d2: shutdown FollowerState
2019-08-20 21:15:16,781 [Thread-4092] INFO  impl.RaftServerImpl (RaftServerImpl.java:setRole(171)) - 513741be-bb9c-4b44-a92d-df6c353b58d2:group-B133B00B6FC4 changes role from FOLLOWER to CANDIDATE at term 1 for changeToCandidate
2019-08-20 21:15:16,781 [Thread-4092] INFO  impl.RoleInfo (RoleInfo.java:updateAndGet(143)) - 513741be-bb9c-4b44-a92d-df6c353b58d2: start LeaderElection
2019-08-20 21:15:16,784 [513741be-bb9c-4b44-a92d-df6c353b58d2:group-B133B00B6FC4:LeaderElection83] INFO  impl.RaftServerImpl (ServerState.java:setLeader(263)) - 513741be-bb9c-4b44-a92d-df6c353b58d2:group-B133B00B6FC4 change Leader from 05488788-9b27-429d-ba76-e196dab11564 to null at term 1 for initElection
2019-08-20 21:15:16,809 [513741be-bb9c-4b44-a92d-df6c353b58d2:group-B133B00B6FC4:LeaderElection83] INFO  impl.LeaderElection (LeaderElection.java:askForVotes(181)) - 513741be-bb9c-4b44-a92d-df6c353b58d2:group-B133B00B6FC4:LeaderElection83: begin an election at term 2 for 0: [513741be-bb9c-4b44-a92d-df6c353b58d2:192.168.34.22:39811, 05488788-9b27-429d-ba76-e196dab11564:192.168.34.22:34797, 0682f0bd-ffd8-48c0-b0ba-6106fa582228:192.168.34.22:45847], old=null
2019-08-20 21:15:16,813 [513741be-bb9c-4b44-a92d-df6c353b58d2:group-B133B00B6FC4:LeaderElection83] INFO  impl.LeaderElection (LogUtils.java:infoOrTrace(149)) - 513741be-bb9c-4b44-a92d-df6c353b58d2:group-B133B00B6FC4:LeaderElection83 got exception when requesting votes: {}
java.util.concurrent.ExecutionException: org.apache.ratis.thirdparty.io.grpc.StatusRuntimeException: UNAVAILABLE: io exception
	at java.util.concurrent.FutureTask.report(FutureTask.java:122)
	at java.util.concurrent.FutureTask.get(FutureTask.java:192)
	at org.apache.ratis.server.impl.LeaderElection.waitForResults(LeaderElection.java:262)
	at org.apache.ratis.server.impl.LeaderElection.askForVotes(LeaderElection.java:200)
	at org.apache.ratis.server.impl.LeaderElection.run(LeaderElection.java:130)
	at java.lang.Thread.run(Thread.java:748)
Caused by: org.apache.ratis.thirdparty.io.grpc.StatusRuntimeException: UNAVAILABLE: io exception
	at org.apache.ratis.thirdparty.io.grpc.stub.ClientCalls.toStatusRuntimeException(ClientCalls.java:233)
	at org.apache.ratis.thirdparty.io.grpc.stub.ClientCalls.getUnchecked(ClientCalls.java:214)
	at org.apache.ratis.thirdparty.io.grpc.stub.ClientCalls.blockingUnaryCall(ClientCalls.java:139)
	at org.apache.ratis.proto.grpc.RaftServerProtocolServiceGrpc$RaftServerProtocolServiceBlockingStub.requestVote(RaftServerProtocolServiceGrpc.java:265)
	at org.apache.ratis.grpc.server.GrpcServerProtocolClient.requestVote(GrpcServerProtocolClient.java:83)
	at org.apache.ratis.grpc.server.GrpcService.requestVote(GrpcService.java:195)
	at org.apache.ratis.server.impl.LeaderElection.lambda$submitRequests$1(LeaderElection.java:237)
	at java.util.concurrent.FutureTask.run(FutureTask.java:266)
	at java.util.concurrent.Executors$RunnableAdapter.call(Executors.java:511)
	at java.util.concurrent.FutureTask.run(FutureTask.java:266)
	at java.util.concurrent.ThreadPoolExecutor.runWorker(ThreadPoolExecutor.java:1149)
	at java.util.concurrent.ThreadPoolExecutor$Worker.run(ThreadPoolExecutor.java:624)
	... 1 more
Caused by: org.apache.ratis.thirdparty.io.netty.channel.AbstractChannel$AnnotatedConnectException: Connection refused: /192.168.34.22:34797
	at sun.nio.ch.SocketChannelImpl.checkConnect(Native Method)
	at sun.nio.ch.SocketChannelImpl.finishConnect(SocketChannelImpl.java:717)
	at org.apache.ratis.thirdparty.io.netty.channel.socket.nio.NioSocketChannel.doFinishConnect(NioSocketChannel.java:327)
	at org.apache.ratis.thirdparty.io.netty.channel.nio.AbstractNioChannel$AbstractNioUnsafe.finishConnect(AbstractNioChannel.java:340)
	at org.apache.ratis.thirdparty.io.netty.channel.nio.NioEventLoop.processSelectedKey(NioEventLoop.java:632)
	at org.apache.ratis.thirdparty.io.netty.channel.nio.NioEventLoop.processSelectedKeysOptimized(NioEventLoop.java:579)
	at org.apache.ratis.thirdparty.io.netty.channel.nio.NioEventLoop.processSelectedKeys(NioEventLoop.java:496)
	at org.apache.ratis.thirdparty.io.netty.channel.nio.NioEventLoop.run(NioEventLoop.java:458)
	at org.apache.ratis.thirdparty.io.netty.util.concurrent.SingleThreadEventExecutor$5.run(SingleThreadEventExecutor.java:897)
	at org.apache.ratis.thirdparty.io.netty.util.concurrent.FastThreadLocalRunnable.run(FastThreadLocalRunnable.java:30)
	... 1 more
Caused by: java.net.ConnectException: Connection refused
	... 11 more
2019-08-20 21:15:16,815 [513741be-bb9c-4b44-a92d-df6c353b58d2:group-B133B00B6FC4:LeaderElection83] INFO  impl.LeaderElection (LogUtils.java:infoOrTrace(149)) - 513741be-bb9c-4b44-a92d-df6c353b58d2:group-B133B00B6FC4:LeaderElection83 got exception when requesting votes: {}
java.util.concurrent.ExecutionException: org.apache.ratis.thirdparty.io.grpc.StatusRuntimeException: UNAVAILABLE: io exception
	at java.util.concurrent.FutureTask.report(FutureTask.java:122)
	at java.util.concurrent.FutureTask.get(FutureTask.java:192)
	at org.apache.ratis.server.impl.LeaderElection.waitForResults(LeaderElection.java:262)
	at org.apache.ratis.server.impl.LeaderElection.askForVotes(LeaderElection.java:200)
	at org.apache.ratis.server.impl.LeaderElection.run(LeaderElection.java:130)
	at java.lang.Thread.run(Thread.java:748)
Caused by: org.apache.ratis.thirdparty.io.grpc.StatusRuntimeException: UNAVAILABLE: io exception
	at org.apache.ratis.thirdparty.io.grpc.stub.ClientCalls.toStatusRuntimeException(ClientCalls.java:233)
	at org.apache.ratis.thirdparty.io.grpc.stub.ClientCalls.getUnchecked(ClientCalls.java:214)
	at org.apache.ratis.thirdparty.io.grpc.stub.ClientCalls.blockingUnaryCall(ClientCalls.java:139)
	at org.apache.ratis.proto.grpc.RaftServerProtocolServiceGrpc$RaftServerProtocolServiceBlockingStub.requestVote(RaftServerProtocolServiceGrpc.java:265)
	at org.apache.ratis.grpc.server.GrpcServerProtocolClient.requestVote(GrpcServerProtocolClient.java:83)
	at org.apache.ratis.grpc.server.GrpcService.requestVote(GrpcService.java:195)
	at org.apache.ratis.server.impl.LeaderElection.lambda$submitRequests$1(LeaderElection.java:237)
	at java.util.concurrent.FutureTask.run(FutureTask.java:266)
	at java.util.concurrent.Executors$RunnableAdapter.call(Executors.java:511)
	at java.util.concurrent.FutureTask.run(FutureTask.java:266)
	at java.util.concurrent.ThreadPoolExecutor.runWorker(ThreadPoolExecutor.java:1149)
	at java.util.concurrent.ThreadPoolExecutor$Worker.run(ThreadPoolExecutor.java:624)
	... 1 more
Caused by: org.apache.ratis.thirdparty.io.netty.channel.AbstractChannel$AnnotatedConnectException: Connection refused: /192.168.34.22:45847
	at sun.nio.ch.SocketChannelImpl.checkConnect(Native Method)
	at sun.nio.ch.SocketChannelImpl.finishConnect(SocketChannelImpl.java:717)
	at org.apache.ratis.thirdparty.io.netty.channel.socket.nio.NioSocketChannel.doFinishConnect(NioSocketChannel.java:327)
	at org.apache.ratis.thirdparty.io.netty.channel.nio.AbstractNioChannel$AbstractNioUnsafe.finishConnect(AbstractNioChannel.java:340)
	at org.apache.ratis.thirdparty.io.netty.channel.nio.NioEventLoop.processSelectedKey(NioEventLoop.java:632)
	at org.apache.ratis.thirdparty.io.netty.channel.nio.NioEventLoop.processSelectedKeysOptimized(NioEventLoop.java:579)
	at org.apache.ratis.thirdparty.io.netty.channel.nio.NioEventLoop.processSelectedKeys(NioEventLoop.java:496)
	at org.apache.ratis.thirdparty.io.netty.channel.nio.NioEventLoop.run(NioEventLoop.java:458)
	at org.apache.ratis.thirdparty.io.netty.util.concurrent.SingleThreadEventExecutor$5.run(SingleThreadEventExecutor.java:897)
	at org.apache.ratis.thirdparty.io.netty.util.concurrent.FastThreadLocalRunnable.run(FastThreadLocalRunnable.java:30)
	... 1 more
Caused by: java.net.ConnectException: Connection refused
	... 11 more
2019-08-20 21:15:16,817 [513741be-bb9c-4b44-a92d-df6c353b58d2:group-B133B00B6FC4:LeaderElection83] INFO  impl.LeaderElection (LeaderElection.java:logAndReturn(56)) - 513741be-bb9c-4b44-a92d-df6c353b58d2:group-B133B00B6FC4:LeaderElection83: Election REJECTED; received 0 response(s) [] and 2 exception(s); 513741be-bb9c-4b44-a92d-df6c353b58d2:t2, leader=null, voted=513741be-bb9c-4b44-a92d-df6c353b58d2, raftlog=513741be-bb9c-4b44-a92d-df6c353b58d2-SegmentedRaftLog:OPENED:c6,f6,i6, conf=0: [513741be-bb9c-4b44-a92d-df6c353b58d2:192.168.34.22:39811, 05488788-9b27-429d-ba76-e196dab11564:192.168.34.22:34797, 0682f0bd-ffd8-48c0-b0ba-6106fa582228:192.168.34.22:45847], old=null
2019-08-20 21:15:16,817 [513741be-bb9c-4b44-a92d-df6c353b58d2:group-B133B00B6FC4:LeaderElection83] INFO  impl.LeaderElection (LogUtils.java:infoOrTrace(149)) -   Exception 0: {}
java.util.concurrent.ExecutionException: org.apache.ratis.thirdparty.io.grpc.StatusRuntimeException: UNAVAILABLE: io exception
	at java.util.concurrent.FutureTask.report(FutureTask.java:122)
	at java.util.concurrent.FutureTask.get(FutureTask.java:192)
	at org.apache.ratis.server.impl.LeaderElection.waitForResults(LeaderElection.java:262)
	at org.apache.ratis.server.impl.LeaderElection.askForVotes(LeaderElection.java:200)
	at org.apache.ratis.server.impl.LeaderElection.run(LeaderElection.java:130)
	at java.lang.Thread.run(Thread.java:748)
Caused by: org.apache.ratis.thirdparty.io.grpc.StatusRuntimeException: UNAVAILABLE: io exception
	at org.apache.ratis.thirdparty.io.grpc.stub.ClientCalls.toStatusRuntimeException(ClientCalls.java:233)
	at org.apache.ratis.thirdparty.io.grpc.stub.ClientCalls.getUnchecked(ClientCalls.java:214)
	at org.apache.ratis.thirdparty.io.grpc.stub.ClientCalls.blockingUnaryCall(ClientCalls.java:139)
	at org.apache.ratis.proto.grpc.RaftServerProtocolServiceGrpc$RaftServerProtocolServiceBlockingStub.requestVote(RaftServerProtocolServiceGrpc.java:265)
	at org.apache.ratis.grpc.server.GrpcServerProtocolClient.requestVote(GrpcServerProtocolClient.java:83)
	at org.apache.ratis.grpc.server.GrpcService.requestVote(GrpcService.java:195)
	at org.apache.ratis.server.impl.LeaderElection.lambda$submitRequests$1(LeaderElection.java:237)
	at java.util.concurrent.FutureTask.run(FutureTask.java:266)
	at java.util.concurrent.Executors$RunnableAdapter.call(Executors.java:511)
	at java.util.concurrent.FutureTask.run(FutureTask.java:266)
	at java.util.concurrent.ThreadPoolExecutor.runWorker(ThreadPoolExecutor.java:1149)
	at java.util.concurrent.ThreadPoolExecutor$Worker.run(ThreadPoolExecutor.java:624)
	... 1 more
Caused by: org.apache.ratis.thirdparty.io.netty.channel.AbstractChannel$AnnotatedConnectException: Connection refused: /192.168.34.22:34797
	at sun.nio.ch.SocketChannelImpl.checkConnect(Native Method)
	at sun.nio.ch.SocketChannelImpl.finishConnect(SocketChannelImpl.java:717)
	at org.apache.ratis.thirdparty.io.netty.channel.socket.nio.NioSocketChannel.doFinishConnect(NioSocketChannel.java:327)
	at org.apache.ratis.thirdparty.io.netty.channel.nio.AbstractNioChannel$AbstractNioUnsafe.finishConnect(AbstractNioChannel.java:340)
	at org.apache.ratis.thirdparty.io.netty.channel.nio.NioEventLoop.processSelectedKey(NioEventLoop.java:632)
	at org.apache.ratis.thirdparty.io.netty.channel.nio.NioEventLoop.processSelectedKeysOptimized(NioEventLoop.java:579)
	at org.apache.ratis.thirdparty.io.netty.channel.nio.NioEventLoop.processSelectedKeys(NioEventLoop.java:496)
	at org.apache.ratis.thirdparty.io.netty.channel.nio.NioEventLoop.run(NioEventLoop.java:458)
	at org.apache.ratis.thirdparty.io.netty.util.concurrent.SingleThreadEventExecutor$5.run(SingleThreadEventExecutor.java:897)
	at org.apache.ratis.thirdparty.io.netty.util.concurrent.FastThreadLocalRunnable.run(FastThreadLocalRunnable.java:30)
	... 1 more
Caused by: java.net.ConnectException: Connection refused
	... 11 more
2019-08-20 21:15:16,817 [513741be-bb9c-4b44-a92d-df6c353b58d2:group-B133B00B6FC4:LeaderElection83] INFO  impl.LeaderElection (LogUtils.java:infoOrTrace(149)) -   Exception 1: {}
java.util.concurrent.ExecutionException: org.apache.ratis.thirdparty.io.grpc.StatusRuntimeException: UNAVAILABLE: io exception
	at java.util.concurrent.FutureTask.report(FutureTask.java:122)
	at java.util.concurrent.FutureTask.get(FutureTask.java:192)
	at org.apache.ratis.server.impl.LeaderElection.waitForResults(LeaderElection.java:262)
	at org.apache.ratis.server.impl.LeaderElection.askForVotes(LeaderElection.java:200)
	at org.apache.ratis.server.impl.LeaderElection.run(LeaderElection.java:130)
	at java.lang.Thread.run(Thread.java:748)
Caused by: org.apache.ratis.thirdparty.io.grpc.StatusRuntimeException: UNAVAILABLE: io exception
	at org.apache.ratis.thirdparty.io.grpc.stub.ClientCalls.toStatusRuntimeException(ClientCalls.java:233)
	at org.apache.ratis.thirdparty.io.grpc.stub.ClientCalls.getUnchecked(ClientCalls.java:214)
	at org.apache.ratis.thirdparty.io.grpc.stub.ClientCalls.blockingUnaryCall(ClientCalls.java:139)
	at org.apache.ratis.proto.grpc.RaftServerProtocolServiceGrpc$RaftServerProtocolServiceBlockingStub.requestVote(RaftServerProtocolServiceGrpc.java:265)
	at org.apache.ratis.grpc.server.GrpcServerProtocolClient.requestVote(GrpcServerProtocolClient.java:83)
	at org.apache.ratis.grpc.server.GrpcService.requestVote(GrpcService.java:195)
	at org.apache.ratis.server.impl.LeaderElection.lambda$submitRequests$1(LeaderElection.java:237)
	at java.util.concurrent.FutureTask.run(FutureTask.java:266)
	at java.util.concurrent.Executors$RunnableAdapter.call(Executors.java:511)
	at java.util.concurrent.FutureTask.run(FutureTask.java:266)
	at java.util.concurrent.ThreadPoolExecutor.runWorker(ThreadPoolExecutor.java:1149)
	at java.util.concurrent.ThreadPoolExecutor$Worker.run(ThreadPoolExecutor.java:624)
	... 1 more
Caused by: org.apache.ratis.thirdparty.io.netty.channel.AbstractChannel$AnnotatedConnectException: Connection refused: /192.168.34.22:45847
	at sun.nio.ch.SocketChannelImpl.checkConnect(Native Method)
	at sun.nio.ch.SocketChannelImpl.finishConnect(SocketChannelImpl.java:717)
	at org.apache.ratis.thirdparty.io.netty.channel.socket.nio.NioSocketChannel.doFinishConnect(NioSocketChannel.java:327)
	at org.apache.ratis.thirdparty.io.netty.channel.nio.AbstractNioChannel$AbstractNioUnsafe.finishConnect(AbstractNioChannel.java:340)
	at org.apache.ratis.thirdparty.io.netty.channel.nio.NioEventLoop.processSelectedKey(NioEventLoop.java:632)
	at org.apache.ratis.thirdparty.io.netty.channel.nio.NioEventLoop.processSelectedKeysOptimized(NioEventLoop.java:579)
	at org.apache.ratis.thirdparty.io.netty.channel.nio.NioEventLoop.processSelectedKeys(NioEventLoop.java:496)
	at org.apache.ratis.thirdparty.io.netty.channel.nio.NioEventLoop.run(NioEventLoop.java:458)
	at org.apache.ratis.thirdparty.io.netty.util.concurrent.SingleThreadEventExecutor$5.run(SingleThreadEventExecutor.java:897)
	at org.apache.ratis.thirdparty.io.netty.util.concurrent.FastThreadLocalRunnable.run(FastThreadLocalRunnable.java:30)
	... 1 more
Caused by: java.net.ConnectException: Connection refused
	... 11 more
2019-08-20 21:15:16,817 [513741be-bb9c-4b44-a92d-df6c353b58d2:group-B133B00B6FC4:LeaderElection83] INFO  impl.RaftServerImpl (RaftServerImpl.java:setRole(171)) - 513741be-bb9c-4b44-a92d-df6c353b58d2:group-B133B00B6FC4 changes role from CANDIDATE to FOLLOWER at term 2 for DISCOVERED_A_NEW_TERM
2019-08-20 21:15:16,817 [513741be-bb9c-4b44-a92d-df6c353b58d2:group-B133B00B6FC4:LeaderElection83] INFO  impl.RoleInfo (RoleInfo.java:shutdownLeaderElection(134)) - 513741be-bb9c-4b44-a92d-df6c353b58d2: shutdown LeaderElection
2019-08-20 21:15:16,817 [513741be-bb9c-4b44-a92d-df6c353b58d2:group-B133B00B6FC4:LeaderElection83] INFO  impl.RoleInfo (RoleInfo.java:updateAndGet(143)) - 513741be-bb9c-4b44-a92d-df6c353b58d2: start FollowerState
2019-08-20 21:15:17,461 [grpc-default-executor-8] WARN  server.GrpcLogAppender (LogUtils.java:warn(134)) - 32ffa085-9cde-438a-a539-ceb56a7e13bd->7d335ae0-aa74-4335-afe9-a2c1bf276fed: Failed appendEntries: org.apache.ratis.thirdparty.io.grpc.StatusRuntimeException: UNAVAILABLE: io exception
2019-08-20 21:15:17,462 [grpc-default-executor-4] WARN  server.GrpcLogAppender (LogUtils.java:warn(134)) - 32ffa085-9cde-438a-a539-ceb56a7e13bd->b918b925-974f-4261-bde0-42b23f02a612: Failed appendEntries: org.apache.ratis.thirdparty.io.grpc.StatusRuntimeException: UNAVAILABLE: io exception
2019-08-20 21:15:17,462 [grpc-default-executor-8] INFO  impl.FollowerInfo (FollowerInfo.java:lambda$new$0(50)) - 32ffa085-9cde-438a-a539-ceb56a7e13bd->7d335ae0-aa74-4335-afe9-a2c1bf276fed: nextIndex: updateUnconditionally 4 -> 3
2019-08-20 21:15:17,462 [grpc-default-executor-4] INFO  impl.FollowerInfo (FollowerInfo.java:lambda$new$0(50)) - 32ffa085-9cde-438a-a539-ceb56a7e13bd->b918b925-974f-4261-bde0-42b23f02a612: nextIndex: updateUnconditionally 8 -> 7
2019-08-20 21:15:17,502 | INFO  | SCMAudit | user=jenkins1000 | ip=192.168.34.22 | op=SEND_HEARTBEAT {datanodeUUID=32ffa085-9cde-438a-a539-ceb56a7e13bd, command=[]} | ret=SUCCESS |  
2019-08-20 21:15:18,501 | INFO  | SCMAudit | user=jenkins1000 | ip=192.168.34.22 | op=SEND_HEARTBEAT {datanodeUUID=32ffa085-9cde-438a-a539-ceb56a7e13bd, command=[]} | ret=SUCCESS |  
2019-08-20 21:15:19,232 [EventQueue-StaleNodeForStaleNodeHandler] INFO  node.StaleNodeHandler (StaleNodeHandler.java:onMessage(58)) - Datanode 3ff1b751-dcd6-467f-8d2d-86f1da670590{ip: 192.168.34.22, host: pr-hdds-1973-z7hz4-2971538320, networkLocation: /default-rack, certSerialId: null} moved to stale state. Finalizing its pipelines [PipelineID=f78e3924-a342-4075-81d1-cfe6107906f4]
2019-08-20 21:15:19,233 [EventQueue-StaleNodeForStaleNodeHandler] INFO  pipeline.SCMPipelineManager (SCMPipelineManager.java:finalizeAndDestroyPipeline(309)) - destroying pipeline:Pipeline[ Id: f78e3924-a342-4075-81d1-cfe6107906f4, Nodes: 3ff1b751-dcd6-467f-8d2d-86f1da670590{ip: 192.168.34.22, host: pr-hdds-1973-z7hz4-2971538320, networkLocation: /default-rack, certSerialId: null}, Type:RATIS, Factor:ONE, State:OPEN]
2019-08-20 21:15:19,233 [EventQueue-StaleNodeForStaleNodeHandler] INFO  pipeline.PipelineStateManager (PipelineStateManager.java:finalizePipeline(123)) - Pipeline Pipeline[ Id: f78e3924-a342-4075-81d1-cfe6107906f4, Nodes: 3ff1b751-dcd6-467f-8d2d-86f1da670590{ip: 192.168.34.22, host: pr-hdds-1973-z7hz4-2971538320, networkLocation: /default-rack, certSerialId: null}, Type:RATIS, Factor:ONE, State:CLOSED] moved to CLOSED state
2019-08-20 21:15:19,433 [EventQueue-StaleNodeForStaleNodeHandler] INFO  node.StaleNodeHandler (StaleNodeHandler.java:onMessage(58)) - Datanode 513741be-bb9c-4b44-a92d-df6c353b58d2{ip: 192.168.34.22, host: pr-hdds-1973-z7hz4-2971538320, networkLocation: /default-rack, certSerialId: null} moved to stale state. Finalizing its pipelines [PipelineID=978a8632-0e4e-4827-8fc0-70b74190c8c2, PipelineID=155abae6-99fc-4be2-a2da-b133b00b6fc4]
2019-08-20 21:15:19,433 [EventQueue-StaleNodeForStaleNodeHandler] INFO  pipeline.SCMPipelineManager (SCMPipelineManager.java:finalizeAndDestroyPipeline(309)) - destroying pipeline:Pipeline[ Id: 978a8632-0e4e-4827-8fc0-70b74190c8c2, Nodes: 513741be-bb9c-4b44-a92d-df6c353b58d2{ip: 192.168.34.22, host: pr-hdds-1973-z7hz4-2971538320, networkLocation: /default-rack, certSerialId: null}, Type:RATIS, Factor:ONE, State:OPEN]
2019-08-20 21:15:19,433 [EventQueue-StaleNodeForStaleNodeHandler] INFO  pipeline.PipelineStateManager (PipelineStateManager.java:finalizePipeline(123)) - Pipeline Pipeline[ Id: 978a8632-0e4e-4827-8fc0-70b74190c8c2, Nodes: 513741be-bb9c-4b44-a92d-df6c353b58d2{ip: 192.168.34.22, host: pr-hdds-1973-z7hz4-2971538320, networkLocation: /default-rack, certSerialId: null}, Type:RATIS, Factor:ONE, State:CLOSED] moved to CLOSED state
2019-08-20 21:15:19,433 [EventQueue-StaleNodeForStaleNodeHandler] INFO  pipeline.SCMPipelineManager (SCMPipelineManager.java:finalizeAndDestroyPipeline(309)) - destroying pipeline:Pipeline[ Id: 155abae6-99fc-4be2-a2da-b133b00b6fc4, Nodes: 513741be-bb9c-4b44-a92d-df6c353b58d2{ip: 192.168.34.22, host: pr-hdds-1973-z7hz4-2971538320, networkLocation: /default-rack, certSerialId: null}0682f0bd-ffd8-48c0-b0ba-6106fa582228{ip: 192.168.34.22, host: pr-hdds-1973-z7hz4-2971538320, networkLocation: /default-rack, certSerialId: null}05488788-9b27-429d-ba76-e196dab11564{ip: 192.168.34.22, host: pr-hdds-1973-z7hz4-2971538320, networkLocation: /default-rack, certSerialId: null}, Type:RATIS, Factor:THREE, State:CLOSED]
2019-08-20 21:15:19,501 | INFO  | SCMAudit | user=jenkins1000 | ip=192.168.34.22 | op=SEND_HEARTBEAT {datanodeUUID=32ffa085-9cde-438a-a539-ceb56a7e13bd, command=[]} | ret=SUCCESS |  
2019-08-20 21:15:19,961 [grpc-default-executor-8] WARN  server.GrpcLogAppender (LogUtils.java:warn(134)) - 32ffa085-9cde-438a-a539-ceb56a7e13bd->7d335ae0-aa74-4335-afe9-a2c1bf276fed: Failed appendEntries: org.apache.ratis.thirdparty.io.grpc.StatusRuntimeException: UNAVAILABLE: io exception
2019-08-20 21:15:19,962 [grpc-default-executor-8] INFO  impl.FollowerInfo (FollowerInfo.java:lambda$new$0(50)) - 32ffa085-9cde-438a-a539-ceb56a7e13bd->7d335ae0-aa74-4335-afe9-a2c1bf276fed: nextIndex: updateUnconditionally 3 -> 2
2019-08-20 21:15:19,962 [grpc-default-executor-8] WARN  server.GrpcLogAppender (LogUtils.java:warn(134)) - 32ffa085-9cde-438a-a539-ceb56a7e13bd->b918b925-974f-4261-bde0-42b23f02a612: Failed appendEntries: org.apache.ratis.thirdparty.io.grpc.StatusRuntimeException: UNAVAILABLE: io exception
2019-08-20 21:15:19,962 [grpc-default-executor-8] INFO  impl.FollowerInfo (FollowerInfo.java:lambda$new$0(50)) - 32ffa085-9cde-438a-a539-ceb56a7e13bd->b918b925-974f-4261-bde0-42b23f02a612: nextIndex: updateUnconditionally 7 -> 6
2019-08-20 21:15:20,157 [main] INFO  ozoneimpl.OzoneContainer (OzoneContainer.java:stop(199)) - Attempting to stop container services.
2019-08-20 21:15:20,158 [ForkJoinPool.commonPool-worker-0] INFO  ozoneimpl.OzoneContainer (OzoneContainer.java:stop(199)) - Attempting to stop container services.
2019-08-20 21:15:20,158 [main] INFO  impl.RaftServerProxy (RaftServerProxy.java:lambda$close$4(314)) - 3ff1b751-dcd6-467f-8d2d-86f1da670590: close
2019-08-20 21:15:20,158 [ForkJoinPool.commonPool-worker-0] INFO  impl.RaftServerProxy (RaftServerProxy.java:lambda$close$4(314)) - 513741be-bb9c-4b44-a92d-df6c353b58d2: close
2019-08-20 21:15:20,159 [main] INFO  impl.RaftServerImpl (RaftServerImpl.java:lambda$shutdown$3(245)) - 3ff1b751-dcd6-467f-8d2d-86f1da670590: shutdown group-CFE6107906F4
2019-08-20 21:15:20,159 [ForkJoinPool.commonPool-worker-0] INFO  impl.RaftServerImpl (RaftServerImpl.java:lambda$shutdown$3(245)) - 513741be-bb9c-4b44-a92d-df6c353b58d2: shutdown group-70B74190C8C2
2019-08-20 21:15:20,159 [main] INFO  util.JmxRegister (JmxRegister.java:unregister(73)) - Successfully un-registered JMX Bean with object name Ratis:service=RaftServer,group=group-CFE6107906F4,id=3ff1b751-dcd6-467f-8d2d-86f1da670590
2019-08-20 21:15:20,160 [main] INFO  impl.RoleInfo (RoleInfo.java:shutdownLeaderState(104)) - 3ff1b751-dcd6-467f-8d2d-86f1da670590: shutdown LeaderState
2019-08-20 21:15:20,159 [ForkJoinPool.commonPool-worker-0] INFO  util.JmxRegister (JmxRegister.java:unregister(73)) - Successfully un-registered JMX Bean with object name Ratis:service=RaftServer,group=group-70B74190C8C2,id=513741be-bb9c-4b44-a92d-df6c353b58d2
2019-08-20 21:15:20,160 [main] INFO  impl.PendingRequests (PendingRequests.java:sendNotLeaderResponses(202)) - 3ff1b751-dcd6-467f-8d2d-86f1da670590-PendingRequests: sendNotLeaderResponses
2019-08-20 21:15:20,160 [ForkJoinPool.commonPool-worker-0] INFO  impl.RoleInfo (RoleInfo.java:shutdownLeaderState(104)) - 513741be-bb9c-4b44-a92d-df6c353b58d2: shutdown LeaderState
2019-08-20 21:15:20,161 [main] INFO  impl.StateMachineUpdater (StateMachineUpdater.java:stopAndJoin(115)) - StateMachineUpdater:3ff1b751-dcd6-467f-8d2d-86f1da670590:group-CFE6107906F4: set stopIndex = 0
2019-08-20 21:15:20,161 [ForkJoinPool.commonPool-worker-0] INFO  impl.PendingRequests (PendingRequests.java:sendNotLeaderResponses(202)) - 513741be-bb9c-4b44-a92d-df6c353b58d2-PendingRequests: sendNotLeaderResponses
2019-08-20 21:15:20,162 [main] INFO  impl.RaftServerImpl (ServerState.java:close(394)) - 3ff1b751-dcd6-467f-8d2d-86f1da670590:group-CFE6107906F4 closes. The last applied log index is 0
2019-08-20 21:15:20,162 [ForkJoinPool.commonPool-worker-0] INFO  impl.StateMachineUpdater (StateMachineUpdater.java:stopAndJoin(115)) - StateMachineUpdater:513741be-bb9c-4b44-a92d-df6c353b58d2:group-70B74190C8C2: set stopIndex = 0
2019-08-20 21:15:20,162 [3ff1b751-dcd6-467f-8d2d-86f1da670590-SegmentedRaftLogWorker:Storage Directory /workdir/hadoop-ozone/integration-test/target/test-dir/MiniOzoneClusterImpl-8c73d54b-95bd-449d-9cb4-8faeda19692d/datanode-6/data/ratis/f78e3924-a342-4075-81d1-cfe6107906f4] INFO  segmented.SegmentedRaftLogWorker (SegmentedRaftLogWorker.java:run(313)) - 3ff1b751-dcd6-467f-8d2d-86f1da670590-SegmentedRaftLogWorker:Storage Directory /workdir/hadoop-ozone/integration-test/target/test-dir/MiniOzoneClusterImpl-8c73d54b-95bd-449d-9cb4-8faeda19692d/datanode-6/data/ratis/f78e3924-a342-4075-81d1-cfe6107906f4 was interrupted, exiting. There are 0 tasks remaining in the queue.
2019-08-20 21:15:20,163 [ForkJoinPool.commonPool-worker-0] INFO  impl.RaftServerImpl (ServerState.java:close(394)) - 513741be-bb9c-4b44-a92d-df6c353b58d2:group-70B74190C8C2 closes. The last applied log index is 0
2019-08-20 21:15:20,166 [main] INFO  segmented.SegmentedRaftLogWorker (SegmentedRaftLogWorker.java:close(228)) - 3ff1b751-dcd6-467f-8d2d-86f1da670590-SegmentedRaftLogWorker:Storage Directory /workdir/hadoop-ozone/integration-test/target/test-dir/MiniOzoneClusterImpl-8c73d54b-95bd-449d-9cb4-8faeda19692d/datanode-6/data/ratis/f78e3924-a342-4075-81d1-cfe6107906f4 close()
2019-08-20 21:15:20,166 [513741be-bb9c-4b44-a92d-df6c353b58d2-SegmentedRaftLogWorker:Storage Directory /workdir/hadoop-ozone/integration-test/target/test-dir/MiniOzoneClusterImpl-8c73d54b-95bd-449d-9cb4-8faeda19692d/datanode-0/data/ratis/978a8632-0e4e-4827-8fc0-70b74190c8c2] INFO  segmented.SegmentedRaftLogWorker (SegmentedRaftLogWorker.java:run(313)) - 513741be-bb9c-4b44-a92d-df6c353b58d2-SegmentedRaftLogWorker:Storage Directory /workdir/hadoop-ozone/integration-test/target/test-dir/MiniOzoneClusterImpl-8c73d54b-95bd-449d-9cb4-8faeda19692d/datanode-0/data/ratis/978a8632-0e4e-4827-8fc0-70b74190c8c2 was interrupted, exiting. There are 0 tasks remaining in the queue.
2019-08-20 21:15:20,168 [main] INFO  server.GrpcService (GrpcService.java:closeImpl(155)) - 3ff1b751-dcd6-467f-8d2d-86f1da670590: shutdown server with port 42567 now
2019-08-20 21:15:20,170 [ForkJoinPool.commonPool-worker-0] INFO  segmented.SegmentedRaftLogWorker (SegmentedRaftLogWorker.java:close(228)) - 513741be-bb9c-4b44-a92d-df6c353b58d2-SegmentedRaftLogWorker:Storage Directory /workdir/hadoop-ozone/integration-test/target/test-dir/MiniOzoneClusterImpl-8c73d54b-95bd-449d-9cb4-8faeda19692d/datanode-0/data/ratis/978a8632-0e4e-4827-8fc0-70b74190c8c2 close()
2019-08-20 21:15:20,177 [ForkJoinPool.commonPool-worker-0] INFO  impl.RaftServerImpl (RaftServerImpl.java:lambda$shutdown$3(245)) - 513741be-bb9c-4b44-a92d-df6c353b58d2: shutdown group-B133B00B6FC4
2019-08-20 21:15:20,177 [main] INFO  server.GrpcService (GrpcService.java:closeImpl(163)) - 3ff1b751-dcd6-467f-8d2d-86f1da670590: shutdown server with port 42567 successfully
2019-08-20 21:15:20,177 [ForkJoinPool.commonPool-worker-0] INFO  util.JmxRegister (JmxRegister.java:unregister(73)) - Successfully un-registered JMX Bean with object name Ratis:service=RaftServer,group=group-B133B00B6FC4,id=513741be-bb9c-4b44-a92d-df6c353b58d2
2019-08-20 21:15:20,177 [ForkJoinPool.commonPool-worker-0] INFO  impl.RoleInfo (RoleInfo.java:shutdownFollowerState(121)) - 513741be-bb9c-4b44-a92d-df6c353b58d2: shutdown FollowerState
2019-08-20 21:15:20,178 [ForkJoinPool.commonPool-worker-0] INFO  impl.StateMachineUpdater (StateMachineUpdater.java:stopAndJoin(115)) - StateMachineUpdater:513741be-bb9c-4b44-a92d-df6c353b58d2:group-B133B00B6FC4: set stopIndex = 6
2019-08-20 21:15:20,178 [StateMachineUpdater:513741be-bb9c-4b44-a92d-df6c353b58d2:group-B133B00B6FC4] INFO  ratis.ContainerStateMachine (ContainerStateMachine.java:takeSnapshot(271)) - group-B133B00B6FC4: Taking a snapshot at:(t:1, i:6) file /workdir/hadoop-ozone/integration-test/target/test-dir/MiniOzoneClusterImpl-8c73d54b-95bd-449d-9cb4-8faeda19692d/datanode-0/data/ratis/155abae6-99fc-4be2-a2da-b133b00b6fc4/sm/snapshot.1_6
2019-08-20 21:15:20,178 [Thread-4250] INFO  impl.FollowerState (FollowerState.java:run(114)) - 513741be-bb9c-4b44-a92d-df6c353b58d2: FollowerState was interrupted: java.lang.InterruptedException: sleep interrupted
2019-08-20 21:15:20,178 [main] INFO  utils.BackgroundService (BackgroundService.java:shutdown(148)) - Shutting down service BlockDeletingService
2019-08-20 21:15:20,181 [refreshUsed-/workdir/hadoop-ozone/integration-test/target/test-dir/MiniOzoneClusterImpl-8c73d54b-95bd-449d-9cb4-8faeda19692d/datanode-6/data/containers] WARN  fs.CachingGetSpaceUsed (CachingGetSpaceUsed.java:run(183)) - Thread Interrupted waiting to refresh disk information: sleep interrupted
2019-08-20 21:15:20,193 [StateMachineUpdater:513741be-bb9c-4b44-a92d-df6c353b58d2:group-B133B00B6FC4] INFO  ratis.ContainerStateMachine (ContainerStateMachine.java:takeSnapshot(282)) - group-B133B00B6FC4: Finished taking a snapshot at:(t:1, i:6) file:/workdir/hadoop-ozone/integration-test/target/test-dir/MiniOzoneClusterImpl-8c73d54b-95bd-449d-9cb4-8faeda19692d/datanode-0/data/ratis/155abae6-99fc-4be2-a2da-b133b00b6fc4/sm/snapshot.1_6 time:16
2019-08-20 21:15:20,193 [StateMachineUpdater:513741be-bb9c-4b44-a92d-df6c353b58d2:group-B133B00B6FC4] INFO  impl.StateMachineUpdater (StateMachineUpdater.java:takeSnapshot(242)) - StateMachineUpdater:513741be-bb9c-4b44-a92d-df6c353b58d2:group-B133B00B6FC4: Took a snapshot at index 6
2019-08-20 21:15:20,193 [StateMachineUpdater:513741be-bb9c-4b44-a92d-df6c353b58d2:group-B133B00B6FC4] INFO  impl.StateMachineUpdater (StateMachineUpdater.java:lambda$new$0(80)) - StateMachineUpdater:513741be-bb9c-4b44-a92d-df6c353b58d2:group-B133B00B6FC4: snapshotIndex: updateIncreasingly -1 -> 6
2019-08-20 21:15:20,194 [ForkJoinPool.commonPool-worker-0] INFO  impl.RaftServerImpl (ServerState.java:close(394)) - 513741be-bb9c-4b44-a92d-df6c353b58d2:group-B133B00B6FC4 closes. The last applied log index is 6
2019-08-20 21:15:20,194 [513741be-bb9c-4b44-a92d-df6c353b58d2-SegmentedRaftLogWorker:Storage Directory /workdir/hadoop-ozone/integration-test/target/test-dir/MiniOzoneClusterImpl-8c73d54b-95bd-449d-9cb4-8faeda19692d/datanode-0/data/ratis/155abae6-99fc-4be2-a2da-b133b00b6fc4] INFO  segmented.SegmentedRaftLogWorker (SegmentedRaftLogWorker.java:run(313)) - 513741be-bb9c-4b44-a92d-df6c353b58d2-SegmentedRaftLogWorker:Storage Directory /workdir/hadoop-ozone/integration-test/target/test-dir/MiniOzoneClusterImpl-8c73d54b-95bd-449d-9cb4-8faeda19692d/datanode-0/data/ratis/155abae6-99fc-4be2-a2da-b133b00b6fc4 was interrupted, exiting. There are 0 tasks remaining in the queue.
2019-08-20 21:15:20,194 [ForkJoinPool.commonPool-worker-0] INFO  segmented.SegmentedRaftLogWorker (SegmentedRaftLogWorker.java:close(228)) - 513741be-bb9c-4b44-a92d-df6c353b58d2-SegmentedRaftLogWorker:Storage Directory /workdir/hadoop-ozone/integration-test/target/test-dir/MiniOzoneClusterImpl-8c73d54b-95bd-449d-9cb4-8faeda19692d/datanode-0/data/ratis/155abae6-99fc-4be2-a2da-b133b00b6fc4 close()
2019-08-20 21:15:20,195 [ForkJoinPool.commonPool-worker-0] INFO  server.GrpcService (GrpcService.java:closeImpl(155)) - 513741be-bb9c-4b44-a92d-df6c353b58d2: shutdown server with port 39811 now
2019-08-20 21:15:20,195 [ForkJoinPool.commonPool-worker-0] INFO  server.GrpcService (GrpcService.java:closeImpl(163)) - 513741be-bb9c-4b44-a92d-df6c353b58d2: shutdown server with port 39811 successfully
2019-08-20 21:15:20,196 [ForkJoinPool.commonPool-worker-0] INFO  utils.BackgroundService (BackgroundService.java:shutdown(148)) - Shutting down service BlockDeletingService
2019-08-20 21:15:20,198 [refreshUsed-/workdir/hadoop-ozone/integration-test/target/test-dir/MiniOzoneClusterImpl-8c73d54b-95bd-449d-9cb4-8faeda19692d/datanode-0/data/containers] WARN  fs.CachingGetSpaceUsed (CachingGetSpaceUsed.java:run(183)) - Thread Interrupted waiting to refresh disk information: sleep interrupted
2019-08-20 21:15:20,202 [main] INFO  statemachine.DatanodeStateMachine (DatanodeStateMachine.java:stopDaemon(395)) - Ozone container server stopped.
2019-08-20 21:15:20,203 [main] INFO  handler.ContextHandler (ContextHandler.java:doStop(910)) - Stopped o.e.j.w.WebAppContext@5127de08{/,null,UNAVAILABLE}{/hddsDatanode}
2019-08-20 21:15:20,203 [main] INFO  server.AbstractConnector (AbstractConnector.java:doStop(318)) - Stopped ServerConnector@259fb8f5{HTTP/1.1,[http/1.1]}{0.0.0.0:0}
2019-08-20 21:15:20,204 [main] INFO  handler.ContextHandler (ContextHandler.java:doStop(910)) - Stopped o.e.j.s.ServletContextHandler@3f27a95b{/static,jar:file:/home/user/.m2/repository/org/apache/hadoop/hadoop-hdds-container-service/0.5.0-SNAPSHOT/hadoop-hdds-container-service-0.5.0-SNAPSHOT.jar!/webapps/static,UNAVAILABLE}
2019-08-20 21:15:20,204 [main] INFO  handler.ContextHandler (ContextHandler.java:doStop(910)) - Stopped o.e.j.s.ServletContextHandler@44b860b1{/logs,file:///workdir/hadoop-ozone/integration-test/target/log,UNAVAILABLE}
2019-08-20 21:15:20,205 [main] INFO  datanode.ObjectStoreHandler (ObjectStoreHandler.java:close(155)) - Closing ObjectStoreHandler.
2019-08-20 21:15:20,205 [main] INFO  ozone.HddsDatanodeService (HddsDatanodeService.java:stop(451)) - Stopped plug-in org.apache.hadoop.ozone.web.OzoneHddsDatanodeService@6921e251
2019-08-20 21:15:20,224 [ForkJoinPool.commonPool-worker-0] INFO  statemachine.DatanodeStateMachine (DatanodeStateMachine.java:stopDaemon(395)) - Ozone container server stopped.
2019-08-20 21:15:20,228 [ForkJoinPool.commonPool-worker-0] INFO  handler.ContextHandler (ContextHandler.java:doStop(910)) - Stopped o.e.j.w.WebAppContext@1b09f4fb{/,null,UNAVAILABLE}{/hddsDatanode}
2019-08-20 21:15:20,228 [ForkJoinPool.commonPool-worker-0] INFO  server.AbstractConnector (AbstractConnector.java:doStop(318)) - Stopped ServerConnector@47511582{HTTP/1.1,[http/1.1]}{0.0.0.0:0}
2019-08-20 21:15:20,229 [ForkJoinPool.commonPool-worker-0] INFO  handler.ContextHandler (ContextHandler.java:doStop(910)) - Stopped o.e.j.s.ServletContextHandler@6321e29b{/static,jar:file:/home/user/.m2/repository/org/apache/hadoop/hadoop-hdds-container-service/0.5.0-SNAPSHOT/hadoop-hdds-container-service-0.5.0-SNAPSHOT.jar!/webapps/static,UNAVAILABLE}
2019-08-20 21:15:20,230 [ForkJoinPool.commonPool-worker-0] INFO  handler.ContextHandler (ContextHandler.java:doStop(910)) - Stopped o.e.j.s.ServletContextHandler@656c356c{/logs,file:///workdir/hadoop-ozone/integration-test/target/log,UNAVAILABLE}
2019-08-20 21:15:20,501 [Datanode State Machine Thread - 0] INFO  statemachine.DatanodeStateMachine (DatanodeStateMachine.java:lambda$startDaemon$0(350)) - Ozone container server started.
2019-08-20 21:15:22,462 [grpc-default-executor-8] WARN  server.GrpcLogAppender (LogUtils.java:warn(134)) - 32ffa085-9cde-438a-a539-ceb56a7e13bd->7d335ae0-aa74-4335-afe9-a2c1bf276fed: Failed appendEntries: org.apache.ratis.thirdparty.io.grpc.StatusRuntimeException: UNAVAILABLE: io exception
2019-08-20 21:15:22,462 [grpc-default-executor-7] WARN  server.GrpcLogAppender (LogUtils.java:warn(134)) - 32ffa085-9cde-438a-a539-ceb56a7e13bd->b918b925-974f-4261-bde0-42b23f02a612: Failed appendEntries: org.apache.ratis.thirdparty.io.grpc.StatusRuntimeException: UNAVAILABLE: io exception
2019-08-20 21:15:22,463 [grpc-default-executor-8] INFO  impl.FollowerInfo (FollowerInfo.java:lambda$new$0(50)) - 32ffa085-9cde-438a-a539-ceb56a7e13bd->7d335ae0-aa74-4335-afe9-a2c1bf276fed: nextIndex: updateUnconditionally 2 -> 1
2019-08-20 21:15:22,463 [grpc-default-executor-7] INFO  impl.FollowerInfo (FollowerInfo.java:lambda$new$0(50)) - 32ffa085-9cde-438a-a539-ceb56a7e13bd->b918b925-974f-4261-bde0-42b23f02a612: nextIndex: updateUnconditionally 6 -> 5
2019-08-20 21:15:24,539 [EventQueue-StaleNodeForStaleNodeHandler] INFO  node.StaleNodeHandler (StaleNodeHandler.java:onMessage(58)) - Datanode 32ffa085-9cde-438a-a539-ceb56a7e13bd{ip: 192.168.34.22, host: pr-hdds-1973-z7hz4-2971538320, networkLocation: /default-rack, certSerialId: null} moved to stale state. Finalizing its pipelines [PipelineID=530e808b-628d-460b-b596-c6d50ad0aae4, PipelineID=02b9f26f-6241-4790-b8e8-38b8956bba49]
2019-08-20 21:15:24,539 [EventQueue-StaleNodeForStaleNodeHandler] INFO  pipeline.SCMPipelineManager (SCMPipelineManager.java:finalizeAndDestroyPipeline(309)) - destroying pipeline:Pipeline[ Id: 530e808b-628d-460b-b596-c6d50ad0aae4, Nodes: 7d335ae0-aa74-4335-afe9-a2c1bf276fed{ip: 192.168.34.22, host: pr-hdds-1973-z7hz4-2971538320, networkLocation: /default-rack, certSerialId: null}b918b925-974f-4261-bde0-42b23f02a612{ip: 192.168.34.22, host: pr-hdds-1973-z7hz4-2971538320, networkLocation: /default-rack, certSerialId: null}32ffa085-9cde-438a-a539-ceb56a7e13bd{ip: 192.168.34.22, host: pr-hdds-1973-z7hz4-2971538320, networkLocation: /default-rack, certSerialId: null}, Type:RATIS, Factor:THREE, State:CLOSED]
2019-08-20 21:15:24,540 [EventQueue-StaleNodeForStaleNodeHandler] INFO  pipeline.SCMPipelineManager (SCMPipelineManager.java:finalizeAndDestroyPipeline(309)) - destroying pipeline:Pipeline[ Id: 02b9f26f-6241-4790-b8e8-38b8956bba49, Nodes: 32ffa085-9cde-438a-a539-ceb56a7e13bd{ip: 192.168.34.22, host: pr-hdds-1973-z7hz4-2971538320, networkLocation: /default-rack, certSerialId: null}, Type:RATIS, Factor:ONE, State:OPEN]
2019-08-20 21:15:24,540 [EventQueue-StaleNodeForStaleNodeHandler] INFO  pipeline.PipelineStateManager (PipelineStateManager.java:finalizePipeline(123)) - Pipeline Pipeline[ Id: 02b9f26f-6241-4790-b8e8-38b8956bba49, Nodes: 32ffa085-9cde-438a-a539-ceb56a7e13bd{ip: 192.168.34.22, host: pr-hdds-1973-z7hz4-2971538320, networkLocation: /default-rack, certSerialId: null}, Type:RATIS, Factor:ONE, State:CLOSED] moved to CLOSED state
2019-08-20 21:15:24,963 [grpc-default-executor-7] WARN  server.GrpcLogAppender (LogUtils.java:warn(134)) - 32ffa085-9cde-438a-a539-ceb56a7e13bd->7d335ae0-aa74-4335-afe9-a2c1bf276fed: Failed appendEntries: org.apache.ratis.thirdparty.io.grpc.StatusRuntimeException: UNAVAILABLE: io exception
2019-08-20 21:15:24,963 [grpc-default-executor-6] WARN  server.GrpcLogAppender (LogUtils.java:warn(134)) - 32ffa085-9cde-438a-a539-ceb56a7e13bd->b918b925-974f-4261-bde0-42b23f02a612: Failed appendEntries: org.apache.ratis.thirdparty.io.grpc.StatusRuntimeException: UNAVAILABLE: io exception
2019-08-20 21:15:24,963 [grpc-default-executor-7] INFO  impl.FollowerInfo (FollowerInfo.java:lambda$new$0(50)) - 32ffa085-9cde-438a-a539-ceb56a7e13bd->7d335ae0-aa74-4335-afe9-a2c1bf276fed: nextIndex: updateUnconditionally 1 -> 0
2019-08-20 21:15:24,964 [grpc-default-executor-6] INFO  impl.FollowerInfo (FollowerInfo.java:lambda$new$0(50)) - 32ffa085-9cde-438a-a539-ceb56a7e13bd->b918b925-974f-4261-bde0-42b23f02a612: nextIndex: updateUnconditionally 5 -> 4
2019-08-20 21:15:25,206 [main] INFO  ozoneimpl.OzoneContainer (OzoneContainer.java:stop(199)) - Attempting to stop container services.
2019-08-20 21:15:25,206 [main] INFO  impl.RaftServerProxy (RaftServerProxy.java:lambda$close$4(314)) - 32ffa085-9cde-438a-a539-ceb56a7e13bd: close
2019-08-20 21:15:25,207 [main] INFO  impl.RaftServerImpl (RaftServerImpl.java:lambda$shutdown$3(245)) - 32ffa085-9cde-438a-a539-ceb56a7e13bd: shutdown group-C6D50AD0AAE4
2019-08-20 21:15:25,208 [main] INFO  util.JmxRegister (JmxRegister.java:unregister(73)) - Successfully un-registered JMX Bean with object name Ratis:service=RaftServer,group=group-C6D50AD0AAE4,id=32ffa085-9cde-438a-a539-ceb56a7e13bd
2019-08-20 21:15:25,208 [main] INFO  impl.RoleInfo (RoleInfo.java:shutdownLeaderState(104)) - 32ffa085-9cde-438a-a539-ceb56a7e13bd: shutdown LeaderState
2019-08-20 21:15:25,212 [main] INFO  impl.PendingRequests (PendingRequests.java:sendNotLeaderResponses(202)) - 32ffa085-9cde-438a-a539-ceb56a7e13bd-PendingRequests: sendNotLeaderResponses
2019-08-20 21:15:25,212 [org.apache.ratis.server.impl.LogAppender$AppenderDaemon$$Lambda$491/835682614@3b5eb8c1] WARN  server.GrpcLogAppender (GrpcLogAppender.java:mayWait(143)) - GrpcLogAppender(32ffa085-9cde-438a-a539-ceb56a7e13bd->7d335ae0-aa74-4335-afe9-a2c1bf276fed): Wait interrupted by java.lang.InterruptedException
2019-08-20 21:15:25,212 [org.apache.ratis.server.impl.LogAppender$AppenderDaemon$$Lambda$491/835682614@7e5c21ce] WARN  server.GrpcLogAppender (GrpcLogAppender.java:mayWait(143)) - GrpcLogAppender(32ffa085-9cde-438a-a539-ceb56a7e13bd->b918b925-974f-4261-bde0-42b23f02a612): Wait interrupted by java.lang.InterruptedException
2019-08-20 21:15:25,215 [main] INFO  impl.StateMachineUpdater (StateMachineUpdater.java:stopAndJoin(115)) - StateMachineUpdater:32ffa085-9cde-438a-a539-ceb56a7e13bd:group-C6D50AD0AAE4: set stopIndex = 8
2019-08-20 21:15:25,215 [StateMachineUpdater:32ffa085-9cde-438a-a539-ceb56a7e13bd:group-C6D50AD0AAE4] INFO  ratis.ContainerStateMachine (ContainerStateMachine.java:takeSnapshot(271)) - group-C6D50AD0AAE4: Taking a snapshot at:(t:1, i:8) file /workdir/hadoop-ozone/integration-test/target/test-dir/MiniOzoneClusterImpl-8c73d54b-95bd-449d-9cb4-8faeda19692d/datanode-5/data/ratis/530e808b-628d-460b-b596-c6d50ad0aae4/sm/snapshot.1_8
2019-08-20 21:15:25,853 [StateMachineUpdater:32ffa085-9cde-438a-a539-ceb56a7e13bd:group-C6D50AD0AAE4] INFO  ratis.ContainerStateMachine (ContainerStateMachine.java:takeSnapshot(282)) - group-C6D50AD0AAE4: Finished taking a snapshot at:(t:1, i:8) file:/workdir/hadoop-ozone/integration-test/target/test-dir/MiniOzoneClusterImpl-8c73d54b-95bd-449d-9cb4-8faeda19692d/datanode-5/data/ratis/530e808b-628d-460b-b596-c6d50ad0aae4/sm/snapshot.1_8 time:638
2019-08-20 21:15:25,853 [StateMachineUpdater:32ffa085-9cde-438a-a539-ceb56a7e13bd:group-C6D50AD0AAE4] INFO  impl.StateMachineUpdater (StateMachineUpdater.java:takeSnapshot(242)) - StateMachineUpdater:32ffa085-9cde-438a-a539-ceb56a7e13bd:group-C6D50AD0AAE4: Took a snapshot at index 8
2019-08-20 21:15:25,853 [StateMachineUpdater:32ffa085-9cde-438a-a539-ceb56a7e13bd:group-C6D50AD0AAE4] INFO  impl.StateMachineUpdater (StateMachineUpdater.java:lambda$new$0(80)) - StateMachineUpdater:32ffa085-9cde-438a-a539-ceb56a7e13bd:group-C6D50AD0AAE4: snapshotIndex: updateIncreasingly -1 -> 8
2019-08-20 21:15:25,854 [main] INFO  impl.RaftServerImpl (ServerState.java:close(394)) - 32ffa085-9cde-438a-a539-ceb56a7e13bd:group-C6D50AD0AAE4 closes. The last applied log index is 8
2019-08-20 21:15:25,854 [32ffa085-9cde-438a-a539-ceb56a7e13bd-SegmentedRaftLogWorker:Storage Directory /workdir/hadoop-ozone/integration-test/target/test-dir/MiniOzoneClusterImpl-8c73d54b-95bd-449d-9cb4-8faeda19692d/datanode-5/data/ratis/530e808b-628d-460b-b596-c6d50ad0aae4] INFO  segmented.SegmentedRaftLogWorker (SegmentedRaftLogWorker.java:run(313)) - 32ffa085-9cde-438a-a539-ceb56a7e13bd-SegmentedRaftLogWorker:Storage Directory /workdir/hadoop-ozone/integration-test/target/test-dir/MiniOzoneClusterImpl-8c73d54b-95bd-449d-9cb4-8faeda19692d/datanode-5/data/ratis/530e808b-628d-460b-b596-c6d50ad0aae4 was interrupted, exiting. There are 0 tasks remaining in the queue.
2019-08-20 21:15:25,855 [main] INFO  segmented.SegmentedRaftLogWorker (SegmentedRaftLogWorker.java:close(228)) - 32ffa085-9cde-438a-a539-ceb56a7e13bd-SegmentedRaftLogWorker:Storage Directory /workdir/hadoop-ozone/integration-test/target/test-dir/MiniOzoneClusterImpl-8c73d54b-95bd-449d-9cb4-8faeda19692d/datanode-5/data/ratis/530e808b-628d-460b-b596-c6d50ad0aae4 close()
2019-08-20 21:15:25,855 [main] INFO  impl.RaftServerImpl (RaftServerImpl.java:lambda$shutdown$3(245)) - 32ffa085-9cde-438a-a539-ceb56a7e13bd: shutdown group-38B8956BBA49
2019-08-20 21:15:25,856 [main] INFO  util.JmxRegister (JmxRegister.java:unregister(73)) - Successfully un-registered JMX Bean with object name Ratis:service=RaftServer,group=group-38B8956BBA49,id=32ffa085-9cde-438a-a539-ceb56a7e13bd
2019-08-20 21:15:25,856 [main] INFO  impl.RoleInfo (RoleInfo.java:shutdownLeaderState(104)) - 32ffa085-9cde-438a-a539-ceb56a7e13bd: shutdown LeaderState
2019-08-20 21:15:25,856 [main] INFO  impl.PendingRequests (PendingRequests.java:sendNotLeaderResponses(202)) - 32ffa085-9cde-438a-a539-ceb56a7e13bd-PendingRequests: sendNotLeaderResponses
2019-08-20 21:15:25,857 [main] INFO  impl.StateMachineUpdater (StateMachineUpdater.java:stopAndJoin(115)) - StateMachineUpdater:32ffa085-9cde-438a-a539-ceb56a7e13bd:group-38B8956BBA49: set stopIndex = 0
2019-08-20 21:15:25,857 [main] INFO  impl.RaftServerImpl (ServerState.java:close(394)) - 32ffa085-9cde-438a-a539-ceb56a7e13bd:group-38B8956BBA49 closes. The last applied log index is 0
2019-08-20 21:15:25,857 [32ffa085-9cde-438a-a539-ceb56a7e13bd-SegmentedRaftLogWorker:Storage Directory /workdir/hadoop-ozone/integration-test/target/test-dir/MiniOzoneClusterImpl-8c73d54b-95bd-449d-9cb4-8faeda19692d/datanode-5/data/ratis/02b9f26f-6241-4790-b8e8-38b8956bba49] INFO  segmented.SegmentedRaftLogWorker (SegmentedRaftLogWorker.java:run(313)) - 32ffa085-9cde-438a-a539-ceb56a7e13bd-SegmentedRaftLogWorker:Storage Directory /workdir/hadoop-ozone/integration-test/target/test-dir/MiniOzoneClusterImpl-8c73d54b-95bd-449d-9cb4-8faeda19692d/datanode-5/data/ratis/02b9f26f-6241-4790-b8e8-38b8956bba49 was interrupted, exiting. There are 0 tasks remaining in the queue.
2019-08-20 21:15:25,858 [main] INFO  segmented.SegmentedRaftLogWorker (SegmentedRaftLogWorker.java:close(228)) - 32ffa085-9cde-438a-a539-ceb56a7e13bd-SegmentedRaftLogWorker:Storage Directory /workdir/hadoop-ozone/integration-test/target/test-dir/MiniOzoneClusterImpl-8c73d54b-95bd-449d-9cb4-8faeda19692d/datanode-5/data/ratis/02b9f26f-6241-4790-b8e8-38b8956bba49 close()
2019-08-20 21:15:25,858 [main] INFO  server.GrpcService (GrpcService.java:closeImpl(155)) - 32ffa085-9cde-438a-a539-ceb56a7e13bd: shutdown server with port 41770 now
2019-08-20 21:15:25,859 [main] INFO  server.GrpcService (GrpcService.java:closeImpl(163)) - 32ffa085-9cde-438a-a539-ceb56a7e13bd: shutdown server with port 41770 successfully
2019-08-20 21:15:25,860 [main] INFO  utils.BackgroundService (BackgroundService.java:shutdown(148)) - Shutting down service BlockDeletingService
2019-08-20 21:15:25,863 [refreshUsed-/workdir/hadoop-ozone/integration-test/target/test-dir/MiniOzoneClusterImpl-8c73d54b-95bd-449d-9cb4-8faeda19692d/datanode-5/data/containers] WARN  fs.CachingGetSpaceUsed (CachingGetSpaceUsed.java:run(183)) - Thread Interrupted waiting to refresh disk information: sleep interrupted
2019-08-20 21:15:25,876 [main] INFO  statemachine.DatanodeStateMachine (DatanodeStateMachine.java:stopDaemon(395)) - Ozone container server stopped.
2019-08-20 21:15:25,878 [main] INFO  handler.ContextHandler (ContextHandler.java:doStop(910)) - Stopped o.e.j.w.WebAppContext@ab40f46{/,null,UNAVAILABLE}{/hddsDatanode}
2019-08-20 21:15:25,878 [main] INFO  server.AbstractConnector (AbstractConnector.java:doStop(318)) - Stopped ServerConnector@13ac7281{HTTP/1.1,[http/1.1]}{0.0.0.0:0}
2019-08-20 21:15:25,879 [main] INFO  handler.ContextHandler (ContextHandler.java:doStop(910)) - Stopped o.e.j.s.ServletContextHandler@1cfa5e46{/static,jar:file:/home/user/.m2/repository/org/apache/hadoop/hadoop-hdds-container-service/0.5.0-SNAPSHOT/hadoop-hdds-container-service-0.5.0-SNAPSHOT.jar!/webapps/static,UNAVAILABLE}
2019-08-20 21:15:25,879 [main] INFO  handler.ContextHandler (ContextHandler.java:doStop(910)) - Stopped o.e.j.s.ServletContextHandler@988eae9{/logs,file:///workdir/hadoop-ozone/integration-test/target/log,UNAVAILABLE}
2019-08-20 21:15:25,880 [main] INFO  ozone.MiniOzoneClusterImpl (MiniOzoneClusterImpl.java:stop(353)) - Stopping the StorageContainerManager
2019-08-20 21:15:25,880 [main] INFO  server.StorageContainerManager (StorageContainerManager.java:stop(797)) - Stopping Replication Manager Service.
2019-08-20 21:15:25,880 [main] INFO  container.ReplicationManager (ReplicationManager.java:stop(193)) - Stopping Replication Monitor Thread.
2019-08-20 21:15:25,880 [main] INFO  server.StorageContainerManager (StorageContainerManager.java:stop(804)) - Stopping Lease Manager of the command watchers
2019-08-20 21:15:25,881 [main] INFO  server.StorageContainerManager (StorageContainerManager.java:stop(811)) - Stopping datanode service RPC server
2019-08-20 21:15:25,881 [main] INFO  server.SCMDatanodeProtocolServer (SCMDatanodeProtocolServer.java:stop(367)) - Stopping the RPC server for DataNodes
2019-08-20 21:15:25,881 [main] INFO  ipc.Server (Server.java:stop(3082)) - Stopping server on 38263
2019-08-20 21:15:25,884 [IPC Server listener on 38263] INFO  ipc.Server (Server.java:run(1185)) - Stopping IPC Server listener on 38263
2019-08-20 21:15:25,885 [IPC Server Responder] INFO  ipc.Server (Server.java:run(1319)) - Stopping IPC Server Responder
2019-08-20 21:15:25,941 [SCM Heartbeat Processing Thread - 0] WARN  node.NodeStateManager (NodeStateManager.java:scheduleNextHealthCheck(646)) - Current Thread is interrupted, shutting down HB processing thread for Node Manager.
2019-08-20 21:15:25,941 [main] INFO  server.StorageContainerManager (StorageContainerManager.java:stop(819)) - Stopping block service RPC server
2019-08-20 21:15:25,942 [main] INFO  server.SCMBlockProtocolServer (SCMBlockProtocolServer.java:stop(148)) - Stopping the RPC server for Block Protocol
2019-08-20 21:15:25,942 [main] INFO  ipc.Server (Server.java:stop(3082)) - Stopping server on 43423
2019-08-20 21:15:25,944 [IPC Server listener on 43423] INFO  ipc.Server (Server.java:run(1185)) - Stopping IPC Server listener on 43423
2019-08-20 21:15:25,947 [main] INFO  server.StorageContainerManager (StorageContainerManager.java:stop(826)) - Stopping the StorageContainerLocationProtocol RPC server
2019-08-20 21:15:25,947 [IPC Server Responder] INFO  ipc.Server (Server.java:run(1319)) - Stopping IPC Server Responder
2019-08-20 21:15:25,948 [main] INFO  server.SCMClientProtocolServer (SCMClientProtocolServer.java:stop(159)) - Stopping the RPC server for Client Protocol
2019-08-20 21:15:25,948 [main] INFO  ipc.Server (Server.java:stop(3082)) - Stopping server on 43151
2019-08-20 21:15:25,951 [IPC Server listener on 43151] INFO  ipc.Server (Server.java:run(1185)) - Stopping IPC Server listener on 43151
2019-08-20 21:15:25,951 [main] INFO  server.StorageContainerManager (StorageContainerManager.java:stop(833)) - Stopping Storage Container Manager HTTP server.
2019-08-20 21:15:25,952 [IPC Server Responder] INFO  ipc.Server (Server.java:run(1319)) - Stopping IPC Server Responder
2019-08-20 21:15:25,953 [main] INFO  handler.ContextHandler (ContextHandler.java:doStop(910)) - Stopped o.e.j.w.WebAppContext@3ffa424d{/,null,UNAVAILABLE}{/scm}
2019-08-20 21:15:25,954 [main] INFO  server.AbstractConnector (AbstractConnector.java:doStop(318)) - Stopped ServerConnector@652cb87d{HTTP/1.1,[http/1.1]}{0.0.0.0:0}
2019-08-20 21:15:25,954 [main] INFO  handler.ContextHandler (ContextHandler.java:doStop(910)) - Stopped o.e.j.s.ServletContextHandler@4bdec54{/static,file:///workdir/hadoop-ozone/integration-test/target/test-classes/webapps/static,UNAVAILABLE}
2019-08-20 21:15:25,954 [main] INFO  handler.ContextHandler (ContextHandler.java:doStop(910)) - Stopped o.e.j.s.ServletContextHandler@6c07666f{/logs,file:///workdir/hadoop-ozone/integration-test/target/log,UNAVAILABLE}
2019-08-20 21:15:25,955 [main] INFO  server.StorageContainerManager (StorageContainerManager.java:stop(844)) - Stopping Block Manager Service.
2019-08-20 21:15:25,955 [main] INFO  utils.BackgroundService (BackgroundService.java:shutdown(148)) - Shutting down service SCMBlockDeletingService
2019-08-20 21:15:25,955 [main] INFO  utils.BackgroundService (BackgroundService.java:shutdown(148)) - Shutting down service SCMBlockDeletingService
2019-08-20 21:15:25,956 [main] INFO  server.StorageContainerManager (StorageContainerManager.java:stop(866)) - Stopping SCM Event Queue.
2019-08-20 21:15:25,959 [main] INFO  impl.MetricsSystemImpl (MetricsSystemImpl.java:stop(210)) - Stopping HddsDatanode metrics system...
2019-08-20 21:15:25,970 [main] INFO  impl.MetricsSystemImpl (MetricsSystemImpl.java:stop(216)) - HddsDatanode metrics system stopped.
]]></system-out>
    <system-err><![CDATA[Aug 20, 2019 9:14:51 PM com.sun.jersey.server.impl.application.WebApplicationImpl _initiate
INFO: Initiating Jersey application, version 'Jersey: 1.19 02/11/2015 03:25 AM'
Aug 20, 2019 9:14:51 PM com.sun.jersey.server.impl.application.WebApplicationImpl _initiate
INFO: Initiating Jersey application, version 'Jersey: 1.19 02/11/2015 03:25 AM'
Aug 20, 2019 9:14:52 PM com.sun.jersey.server.impl.application.WebApplicationImpl _initiate
INFO: Initiating Jersey application, version 'Jersey: 1.19 02/11/2015 03:25 AM'
Aug 20, 2019 9:14:52 PM com.sun.jersey.server.impl.application.WebApplicationImpl _initiate
INFO: Initiating Jersey application, version 'Jersey: 1.19 02/11/2015 03:25 AM'
Aug 20, 2019 9:14:52 PM com.sun.jersey.server.impl.application.WebApplicationImpl _initiate
INFO: Initiating Jersey application, version 'Jersey: 1.19 02/11/2015 03:25 AM'
Aug 20, 2019 9:14:52 PM com.sun.jersey.server.impl.application.WebApplicationImpl _initiate
INFO: Initiating Jersey application, version 'Jersey: 1.19 02/11/2015 03:25 AM'
Aug 20, 2019 9:14:53 PM com.sun.jersey.server.impl.application.WebApplicationImpl _initiate
INFO: Initiating Jersey application, version 'Jersey: 1.19 02/11/2015 03:25 AM'
Aug 20, 2019 9:14:53 PM org.apache.ratis.thirdparty.io.grpc.internal.ManagedChannelOrphanWrapper$ManagedChannelReference cleanQueue
SEVERE: *~*~*~ Channel ManagedChannelImpl{logId=3188, target=192.168.34.22:36187} was not shutdown properly!!! ~*~*~*
    Make sure to call shutdown()/shutdownNow() and wait until awaitTermination() returns true.
java.lang.RuntimeException: ManagedChannel allocation site
	at org.apache.ratis.thirdparty.io.grpc.internal.ManagedChannelOrphanWrapper$ManagedChannelReference.<init>(ManagedChannelOrphanWrapper.java:103)
	at org.apache.ratis.thirdparty.io.grpc.internal.ManagedChannelOrphanWrapper.<init>(ManagedChannelOrphanWrapper.java:53)
	at org.apache.ratis.thirdparty.io.grpc.internal.ManagedChannelOrphanWrapper.<init>(ManagedChannelOrphanWrapper.java:44)
	at org.apache.ratis.thirdparty.io.grpc.internal.AbstractManagedChannelImplBuilder.build(AbstractManagedChannelImplBuilder.java:411)
	at org.apache.hadoop.hdds.scm.XceiverClientGrpc.connectToDatanode(XceiverClientGrpc.java:174)
	at org.apache.hadoop.hdds.scm.XceiverClientGrpc.reconnect(XceiverClientGrpc.java:422)
	at org.apache.hadoop.hdds.scm.XceiverClientGrpc.sendCommandAsync(XceiverClientGrpc.java:371)
	at org.apache.hadoop.hdds.scm.XceiverClientGrpc.sendCommandWithRetry(XceiverClientGrpc.java:284)
	at org.apache.hadoop.hdds.scm.XceiverClientGrpc.sendCommandWithTraceIDAndRetry(XceiverClientGrpc.java:250)
	at org.apache.hadoop.hdds.scm.XceiverClientGrpc.sendCommand(XceiverClientGrpc.java:233)
	at org.apache.hadoop.hdds.scm.storage.ContainerProtocolCalls.getBlock(ContainerProtocolCalls.java:118)
	at org.apache.hadoop.hdds.scm.storage.BlockInputStream.getChunkInfos(BlockInputStream.java:167)
	at org.apache.hadoop.hdds.scm.storage.BlockInputStream.initialize(BlockInputStream.java:118)
	at org.apache.hadoop.hdds.scm.storage.BlockInputStream.read(BlockInputStream.java:222)
	at org.apache.hadoop.ozone.client.io.KeyInputStream.read(KeyInputStream.java:171)
	at org.apache.hadoop.ozone.client.io.OzoneInputStream.read(OzoneInputStream.java:47)
	at java.io.InputStream.read(InputStream.java:101)
	at org.apache.hadoop.ozone.container.ContainerTestHelper.validateData(ContainerTestHelper.java:709)
	at org.apache.hadoop.ozone.client.rpc.TestBlockOutputStreamWithFailures.validateData(TestBlockOutputStreamWithFailures.java:1216)
	at org.apache.hadoop.ozone.client.rpc.TestBlockOutputStreamWithFailures.testWatchForCommitDatanodeFailure(TestBlockOutputStreamWithFailures.java:393)
	at sun.reflect.NativeMethodAccessorImpl.invoke0(Native Method)
	at sun.reflect.NativeMethodAccessorImpl.invoke(NativeMethodAccessorImpl.java:62)
	at sun.reflect.DelegatingMethodAccessorImpl.invoke(DelegatingMethodAccessorImpl.java:43)
	at java.lang.reflect.Method.invoke(Method.java:498)
	at org.junit.runners.model.FrameworkMethod$1.runReflectiveCall(FrameworkMethod.java:47)
	at org.junit.internal.runners.model.ReflectiveCallable.run(ReflectiveCallable.java:12)
	at org.junit.runners.model.FrameworkMethod.invokeExplosively(FrameworkMethod.java:44)
	at org.junit.internal.runners.statements.InvokeMethod.evaluate(InvokeMethod.java:17)
	at org.junit.internal.runners.statements.RunBefores.evaluate(RunBefores.java:26)
	at org.junit.internal.runners.statements.RunAfters.evaluate(RunAfters.java:27)
	at org.junit.runners.ParentRunner.runLeaf(ParentRunner.java:271)
	at org.junit.runners.BlockJUnit4ClassRunner.runChild(BlockJUnit4ClassRunner.java:70)
	at org.junit.runners.BlockJUnit4ClassRunner.runChild(BlockJUnit4ClassRunner.java:50)
	at org.junit.runners.ParentRunner$3.run(ParentRunner.java:238)
	at org.junit.runners.ParentRunner$1.schedule(ParentRunner.java:63)
	at org.junit.runners.ParentRunner.runChildren(ParentRunner.java:236)
	at org.junit.runners.ParentRunner.access$000(ParentRunner.java:53)
	at org.junit.runners.ParentRunner$2.evaluate(ParentRunner.java:229)
	at org.junit.runners.ParentRunner.run(ParentRunner.java:309)
	at org.apache.maven.surefire.junit4.JUnit4Provider.execute(JUnit4Provider.java:365)
	at org.apache.maven.surefire.junit4.JUnit4Provider.executeWithRerun(JUnit4Provider.java:273)
	at org.apache.maven.surefire.junit4.JUnit4Provider.executeTestSet(JUnit4Provider.java:238)
	at org.apache.maven.surefire.junit4.JUnit4Provider.invoke(JUnit4Provider.java:159)
	at org.apache.maven.surefire.booter.ForkedBooter.invokeProviderInSameClassLoader(ForkedBooter.java:384)
	at org.apache.maven.surefire.booter.ForkedBooter.runSuitesInProcess(ForkedBooter.java:345)
	at org.apache.maven.surefire.booter.ForkedBooter.execute(ForkedBooter.java:126)
	at org.apache.maven.surefire.booter.ForkedBooter.main(ForkedBooter.java:418)

Aug 20, 2019 9:14:53 PM org.apache.ratis.thirdparty.io.grpc.internal.ManagedChannelOrphanWrapper$ManagedChannelReference cleanQueue
SEVERE: *~*~*~ Channel ManagedChannelImpl{logId=3183, target=192.168.34.22:42602} was not shutdown properly!!! ~*~*~*
    Make sure to call shutdown()/shutdownNow() and wait until awaitTermination() returns true.
java.lang.RuntimeException: ManagedChannel allocation site
	at org.apache.ratis.thirdparty.io.grpc.internal.ManagedChannelOrphanWrapper$ManagedChannelReference.<init>(ManagedChannelOrphanWrapper.java:103)
	at org.apache.ratis.thirdparty.io.grpc.internal.ManagedChannelOrphanWrapper.<init>(ManagedChannelOrphanWrapper.java:53)
	at org.apache.ratis.thirdparty.io.grpc.internal.ManagedChannelOrphanWrapper.<init>(ManagedChannelOrphanWrapper.java:44)
	at org.apache.ratis.thirdparty.io.grpc.internal.AbstractManagedChannelImplBuilder.build(AbstractManagedChannelImplBuilder.java:411)
	at org.apache.hadoop.hdds.scm.XceiverClientGrpc.connectToDatanode(XceiverClientGrpc.java:174)
	at org.apache.hadoop.hdds.scm.XceiverClientGrpc.reconnect(XceiverClientGrpc.java:422)
	at org.apache.hadoop.hdds.scm.XceiverClientGrpc.sendCommandAsync(XceiverClientGrpc.java:371)
	at org.apache.hadoop.hdds.scm.XceiverClientGrpc.sendCommandWithRetry(XceiverClientGrpc.java:284)
	at org.apache.hadoop.hdds.scm.XceiverClientGrpc.sendCommandWithTraceIDAndRetry(XceiverClientGrpc.java:250)
	at org.apache.hadoop.hdds.scm.XceiverClientGrpc.sendCommand(XceiverClientGrpc.java:233)
	at org.apache.hadoop.hdds.scm.storage.ContainerProtocolCalls.readChunk(ContainerProtocolCalls.java:245)
	at org.apache.hadoop.hdds.scm.storage.ChunkInputStream.readChunk(ChunkInputStream.java:335)
	at org.apache.hadoop.hdds.scm.storage.ChunkInputStream.readChunkFromContainer(ChunkInputStream.java:307)
	at org.apache.hadoop.hdds.scm.storage.ChunkInputStream.prepareRead(ChunkInputStream.java:259)
	at org.apache.hadoop.hdds.scm.storage.ChunkInputStream.read(ChunkInputStream.java:144)
	at org.apache.hadoop.hdds.scm.storage.BlockInputStream.read(BlockInputStream.java:239)
	at org.apache.hadoop.ozone.client.io.KeyInputStream.read(KeyInputStream.java:171)
	at org.apache.hadoop.ozone.client.io.OzoneInputStream.read(OzoneInputStream.java:47)
	at java.io.InputStream.read(InputStream.java:101)
	at org.apache.hadoop.ozone.container.ContainerTestHelper.validateData(ContainerTestHelper.java:709)
	at org.apache.hadoop.ozone.client.rpc.TestBlockOutputStreamWithFailures.validateData(TestBlockOutputStreamWithFailures.java:1216)
	at org.apache.hadoop.ozone.client.rpc.TestBlockOutputStreamWithFailures.testWatchForCommitDatanodeFailure(TestBlockOutputStreamWithFailures.java:393)
	at sun.reflect.NativeMethodAccessorImpl.invoke0(Native Method)
	at sun.reflect.NativeMethodAccessorImpl.invoke(NativeMethodAccessorImpl.java:62)
	at sun.reflect.DelegatingMethodAccessorImpl.invoke(DelegatingMethodAccessorImpl.java:43)
	at java.lang.reflect.Method.invoke(Method.java:498)
	at org.junit.runners.model.FrameworkMethod$1.runReflectiveCall(FrameworkMethod.java:47)
	at org.junit.internal.runners.model.ReflectiveCallable.run(ReflectiveCallable.java:12)
	at org.junit.runners.model.FrameworkMethod.invokeExplosively(FrameworkMethod.java:44)
	at org.junit.internal.runners.statements.InvokeMethod.evaluate(InvokeMethod.java:17)
	at org.junit.internal.runners.statements.RunBefores.evaluate(RunBefores.java:26)
	at org.junit.internal.runners.statements.RunAfters.evaluate(RunAfters.java:27)
	at org.junit.runners.ParentRunner.runLeaf(ParentRunner.java:271)
	at org.junit.runners.BlockJUnit4ClassRunner.runChild(BlockJUnit4ClassRunner.java:70)
	at org.junit.runners.BlockJUnit4ClassRunner.runChild(BlockJUnit4ClassRunner.java:50)
	at org.junit.runners.ParentRunner$3.run(ParentRunner.java:238)
	at org.junit.runners.ParentRunner$1.schedule(ParentRunner.java:63)
	at org.junit.runners.ParentRunner.runChildren(ParentRunner.java:236)
	at org.junit.runners.ParentRunner.access$000(ParentRunner.java:53)
	at org.junit.runners.ParentRunner$2.evaluate(ParentRunner.java:229)
	at org.junit.runners.ParentRunner.run(ParentRunner.java:309)
	at org.apache.maven.surefire.junit4.JUnit4Provider.execute(JUnit4Provider.java:365)
	at org.apache.maven.surefire.junit4.JUnit4Provider.executeWithRerun(JUnit4Provider.java:273)
	at org.apache.maven.surefire.junit4.JUnit4Provider.executeTestSet(JUnit4Provider.java:238)
	at org.apache.maven.surefire.junit4.JUnit4Provider.invoke(JUnit4Provider.java:159)
	at org.apache.maven.surefire.booter.ForkedBooter.invokeProviderInSameClassLoader(ForkedBooter.java:384)
	at org.apache.maven.surefire.booter.ForkedBooter.runSuitesInProcess(ForkedBooter.java:345)
	at org.apache.maven.surefire.booter.ForkedBooter.execute(ForkedBooter.java:126)
	at org.apache.maven.surefire.booter.ForkedBooter.main(ForkedBooter.java:418)

Aug 20, 2019 9:14:53 PM org.apache.ratis.thirdparty.io.grpc.internal.ManagedChannelOrphanWrapper$ManagedChannelReference cleanQueue
SEVERE: *~*~*~ Channel ManagedChannelImpl{logId=3193, target=192.168.34.22:41643} was not shutdown properly!!! ~*~*~*
    Make sure to call shutdown()/shutdownNow() and wait until awaitTermination() returns true.
java.lang.RuntimeException: ManagedChannel allocation site
	at org.apache.ratis.thirdparty.io.grpc.internal.ManagedChannelOrphanWrapper$ManagedChannelReference.<init>(ManagedChannelOrphanWrapper.java:103)
	at org.apache.ratis.thirdparty.io.grpc.internal.ManagedChannelOrphanWrapper.<init>(ManagedChannelOrphanWrapper.java:53)
	at org.apache.ratis.thirdparty.io.grpc.internal.ManagedChannelOrphanWrapper.<init>(ManagedChannelOrphanWrapper.java:44)
	at org.apache.ratis.thirdparty.io.grpc.internal.AbstractManagedChannelImplBuilder.build(AbstractManagedChannelImplBuilder.java:411)
	at org.apache.hadoop.hdds.scm.XceiverClientGrpc.connectToDatanode(XceiverClientGrpc.java:174)
	at org.apache.hadoop.hdds.scm.XceiverClientGrpc.reconnect(XceiverClientGrpc.java:422)
	at org.apache.hadoop.hdds.scm.XceiverClientGrpc.sendCommandAsync(XceiverClientGrpc.java:371)
	at org.apache.hadoop.hdds.scm.XceiverClientGrpc.sendCommandWithRetry(XceiverClientGrpc.java:284)
	at org.apache.hadoop.hdds.scm.XceiverClientGrpc.sendCommandWithTraceIDAndRetry(XceiverClientGrpc.java:250)
	at org.apache.hadoop.hdds.scm.XceiverClientGrpc.sendCommand(XceiverClientGrpc.java:233)
	at org.apache.hadoop.hdds.scm.storage.ContainerProtocolCalls.readChunk(ContainerProtocolCalls.java:245)
	at org.apache.hadoop.hdds.scm.storage.ChunkInputStream.readChunk(ChunkInputStream.java:335)
	at org.apache.hadoop.hdds.scm.storage.ChunkInputStream.readChunkFromContainer(ChunkInputStream.java:307)
	at org.apache.hadoop.hdds.scm.storage.ChunkInputStream.prepareRead(ChunkInputStream.java:259)
	at org.apache.hadoop.hdds.scm.storage.ChunkInputStream.read(ChunkInputStream.java:144)
	at org.apache.hadoop.hdds.scm.storage.BlockInputStream.read(BlockInputStream.java:239)
	at org.apache.hadoop.ozone.client.io.KeyInputStream.read(KeyInputStream.java:171)
	at org.apache.hadoop.ozone.client.io.OzoneInputStream.read(OzoneInputStream.java:47)
	at java.io.InputStream.read(InputStream.java:101)
	at org.apache.hadoop.ozone.container.ContainerTestHelper.validateData(ContainerTestHelper.java:709)
	at org.apache.hadoop.ozone.client.rpc.TestBlockOutputStreamWithFailures.validateData(TestBlockOutputStreamWithFailures.java:1216)
	at org.apache.hadoop.ozone.client.rpc.TestBlockOutputStreamWithFailures.testWatchForCommitDatanodeFailure(TestBlockOutputStreamWithFailures.java:393)
	at sun.reflect.NativeMethodAccessorImpl.invoke0(Native Method)
	at sun.reflect.NativeMethodAccessorImpl.invoke(NativeMethodAccessorImpl.java:62)
	at sun.reflect.DelegatingMethodAccessorImpl.invoke(DelegatingMethodAccessorImpl.java:43)
	at java.lang.reflect.Method.invoke(Method.java:498)
	at org.junit.runners.model.FrameworkMethod$1.runReflectiveCall(FrameworkMethod.java:47)
	at org.junit.internal.runners.model.ReflectiveCallable.run(ReflectiveCallable.java:12)
	at org.junit.runners.model.FrameworkMethod.invokeExplosively(FrameworkMethod.java:44)
	at org.junit.internal.runners.statements.InvokeMethod.evaluate(InvokeMethod.java:17)
	at org.junit.internal.runners.statements.RunBefores.evaluate(RunBefores.java:26)
	at org.junit.internal.runners.statements.RunAfters.evaluate(RunAfters.java:27)
	at org.junit.runners.ParentRunner.runLeaf(ParentRunner.java:271)
	at org.junit.runners.BlockJUnit4ClassRunner.runChild(BlockJUnit4ClassRunner.java:70)
	at org.junit.runners.BlockJUnit4ClassRunner.runChild(BlockJUnit4ClassRunner.java:50)
	at org.junit.runners.ParentRunner$3.run(ParentRunner.java:238)
	at org.junit.runners.ParentRunner$1.schedule(ParentRunner.java:63)
	at org.junit.runners.ParentRunner.runChildren(ParentRunner.java:236)
	at org.junit.runners.ParentRunner.access$000(ParentRunner.java:53)
	at org.junit.runners.ParentRunner$2.evaluate(ParentRunner.java:229)
	at org.junit.runners.ParentRunner.run(ParentRunner.java:309)
	at org.apache.maven.surefire.junit4.JUnit4Provider.execute(JUnit4Provider.java:365)
	at org.apache.maven.surefire.junit4.JUnit4Provider.executeWithRerun(JUnit4Provider.java:273)
	at org.apache.maven.surefire.junit4.JUnit4Provider.executeTestSet(JUnit4Provider.java:238)
	at org.apache.maven.surefire.junit4.JUnit4Provider.invoke(JUnit4Provider.java:159)
	at org.apache.maven.surefire.booter.ForkedBooter.invokeProviderInSameClassLoader(ForkedBooter.java:384)
	at org.apache.maven.surefire.booter.ForkedBooter.runSuitesInProcess(ForkedBooter.java:345)
	at org.apache.maven.surefire.booter.ForkedBooter.execute(ForkedBooter.java:126)
	at org.apache.maven.surefire.booter.ForkedBooter.main(ForkedBooter.java:418)

Aug 20, 2019 9:14:53 PM org.apache.ratis.thirdparty.io.grpc.internal.ManagedChannelOrphanWrapper$ManagedChannelReference cleanQueue
SEVERE: *~*~*~ Channel ManagedChannelImpl{logId=3178, target=192.168.34.22:33129} was not shutdown properly!!! ~*~*~*
    Make sure to call shutdown()/shutdownNow() and wait until awaitTermination() returns true.
java.lang.RuntimeException: ManagedChannel allocation site
	at org.apache.ratis.thirdparty.io.grpc.internal.ManagedChannelOrphanWrapper$ManagedChannelReference.<init>(ManagedChannelOrphanWrapper.java:103)
	at org.apache.ratis.thirdparty.io.grpc.internal.ManagedChannelOrphanWrapper.<init>(ManagedChannelOrphanWrapper.java:53)
	at org.apache.ratis.thirdparty.io.grpc.internal.ManagedChannelOrphanWrapper.<init>(ManagedChannelOrphanWrapper.java:44)
	at org.apache.ratis.thirdparty.io.grpc.internal.AbstractManagedChannelImplBuilder.build(AbstractManagedChannelImplBuilder.java:411)
	at org.apache.hadoop.hdds.scm.XceiverClientGrpc.connectToDatanode(XceiverClientGrpc.java:174)
	at org.apache.hadoop.hdds.scm.XceiverClientGrpc.reconnect(XceiverClientGrpc.java:422)
	at org.apache.hadoop.hdds.scm.XceiverClientGrpc.sendCommandAsync(XceiverClientGrpc.java:371)
	at org.apache.hadoop.hdds.scm.XceiverClientGrpc.sendCommandWithRetry(XceiverClientGrpc.java:284)
	at org.apache.hadoop.hdds.scm.XceiverClientGrpc.sendCommandWithTraceIDAndRetry(XceiverClientGrpc.java:250)
	at org.apache.hadoop.hdds.scm.XceiverClientGrpc.sendCommand(XceiverClientGrpc.java:233)
	at org.apache.hadoop.hdds.scm.storage.ContainerProtocolCalls.getBlock(ContainerProtocolCalls.java:118)
	at org.apache.hadoop.hdds.scm.storage.BlockInputStream.getChunkInfos(BlockInputStream.java:167)
	at org.apache.hadoop.hdds.scm.storage.BlockInputStream.initialize(BlockInputStream.java:118)
	at org.apache.hadoop.hdds.scm.storage.BlockInputStream.read(BlockInputStream.java:222)
	at org.apache.hadoop.ozone.client.io.KeyInputStream.read(KeyInputStream.java:171)
	at org.apache.hadoop.ozone.client.io.OzoneInputStream.read(OzoneInputStream.java:47)
	at java.io.InputStream.read(InputStream.java:101)
	at org.apache.hadoop.ozone.container.ContainerTestHelper.validateData(ContainerTestHelper.java:709)
	at org.apache.hadoop.ozone.client.rpc.TestBlockOutputStreamWithFailures.validateData(TestBlockOutputStreamWithFailures.java:1216)
	at org.apache.hadoop.ozone.client.rpc.TestBlockOutputStreamWithFailures.testWatchForCommitDatanodeFailure(TestBlockOutputStreamWithFailures.java:393)
	at sun.reflect.NativeMethodAccessorImpl.invoke0(Native Method)
	at sun.reflect.NativeMethodAccessorImpl.invoke(NativeMethodAccessorImpl.java:62)
	at sun.reflect.DelegatingMethodAccessorImpl.invoke(DelegatingMethodAccessorImpl.java:43)
	at java.lang.reflect.Method.invoke(Method.java:498)
	at org.junit.runners.model.FrameworkMethod$1.runReflectiveCall(FrameworkMethod.java:47)
	at org.junit.internal.runners.model.ReflectiveCallable.run(ReflectiveCallable.java:12)
	at org.junit.runners.model.FrameworkMethod.invokeExplosively(FrameworkMethod.java:44)
	at org.junit.internal.runners.statements.InvokeMethod.evaluate(InvokeMethod.java:17)
	at org.junit.internal.runners.statements.RunBefores.evaluate(RunBefores.java:26)
	at org.junit.internal.runners.statements.RunAfters.evaluate(RunAfters.java:27)
	at org.junit.runners.ParentRunner.runLeaf(ParentRunner.java:271)
	at org.junit.runners.BlockJUnit4ClassRunner.runChild(BlockJUnit4ClassRunner.java:70)
	at org.junit.runners.BlockJUnit4ClassRunner.runChild(BlockJUnit4ClassRunner.java:50)
	at org.junit.runners.ParentRunner$3.run(ParentRunner.java:238)
	at org.junit.runners.ParentRunner$1.schedule(ParentRunner.java:63)
	at org.junit.runners.ParentRunner.runChildren(ParentRunner.java:236)
	at org.junit.runners.ParentRunner.access$000(ParentRunner.java:53)
	at org.junit.runners.ParentRunner$2.evaluate(ParentRunner.java:229)
	at org.junit.runners.ParentRunner.run(ParentRunner.java:309)
	at org.apache.maven.surefire.junit4.JUnit4Provider.execute(JUnit4Provider.java:365)
	at org.apache.maven.surefire.junit4.JUnit4Provider.executeWithRerun(JUnit4Provider.java:273)
	at org.apache.maven.surefire.junit4.JUnit4Provider.executeTestSet(JUnit4Provider.java:238)
	at org.apache.maven.surefire.junit4.JUnit4Provider.invoke(JUnit4Provider.java:159)
	at org.apache.maven.surefire.booter.ForkedBooter.invokeProviderInSameClassLoader(ForkedBooter.java:384)
	at org.apache.maven.surefire.booter.ForkedBooter.runSuitesInProcess(ForkedBooter.java:345)
	at org.apache.maven.surefire.booter.ForkedBooter.execute(ForkedBooter.java:126)
	at org.apache.maven.surefire.booter.ForkedBooter.main(ForkedBooter.java:418)

Aug 20, 2019 9:14:53 PM org.apache.ratis.thirdparty.io.grpc.internal.ManagedChannelOrphanWrapper$ManagedChannelReference cleanQueue
SEVERE: *~*~*~ Channel ManagedChannelImpl{logId=3169, target=192.168.34.22:39612} was not shutdown properly!!! ~*~*~*
    Make sure to call shutdown()/shutdownNow() and wait until awaitTermination() returns true.
java.lang.RuntimeException: ManagedChannel allocation site
	at org.apache.ratis.thirdparty.io.grpc.internal.ManagedChannelOrphanWrapper$ManagedChannelReference.<init>(ManagedChannelOrphanWrapper.java:103)
	at org.apache.ratis.thirdparty.io.grpc.internal.ManagedChannelOrphanWrapper.<init>(ManagedChannelOrphanWrapper.java:53)
	at org.apache.ratis.thirdparty.io.grpc.internal.ManagedChannelOrphanWrapper.<init>(ManagedChannelOrphanWrapper.java:44)
	at org.apache.ratis.thirdparty.io.grpc.internal.AbstractManagedChannelImplBuilder.build(AbstractManagedChannelImplBuilder.java:411)
	at org.apache.ratis.grpc.client.GrpcClientProtocolClient.<init>(GrpcClientProtocolClient.java:119)
	at org.apache.ratis.grpc.client.GrpcClientRpc.lambda$new$0(GrpcClientRpc.java:55)
	at org.apache.ratis.util.PeerProxyMap$PeerAndProxy.lambda$getProxy$0(PeerProxyMap.java:61)
	at org.apache.ratis.util.LifeCycle.startAndTransition(LifeCycle.java:202)
	at org.apache.ratis.util.PeerProxyMap$PeerAndProxy.getProxy(PeerProxyMap.java:60)
	at org.apache.ratis.util.PeerProxyMap.getProxy(PeerProxyMap.java:107)
	at org.apache.ratis.grpc.client.GrpcClientRpc.sendRequestAsync(GrpcClientRpc.java:66)
	at org.apache.ratis.client.impl.OrderedAsync.sendRequest(OrderedAsync.java:208)
	at org.apache.ratis.client.impl.OrderedAsync.sendRequestWithRetry(OrderedAsync.java:169)
	at org.apache.ratis.util.SlidingWindow$Client.sendOrDelayRequest(SlidingWindow.java:278)
	at org.apache.ratis.util.SlidingWindow$Client.retry(SlidingWindow.java:294)
	at org.apache.ratis.client.impl.OrderedAsync.lambda$scheduleWithTimeout$7(OrderedAsync.java:195)
	at org.apache.ratis.util.TimeoutScheduler.lambda$onTimeout$0(TimeoutScheduler.java:85)
	at org.apache.ratis.util.TimeoutScheduler.lambda$onTimeout$1(TimeoutScheduler.java:104)
	at org.apache.ratis.util.LogUtils.runAndLog(LogUtils.java:50)
	at org.apache.ratis.util.LogUtils$1.run(LogUtils.java:91)
	at java.util.concurrent.Executors$RunnableAdapter.call(Executors.java:511)
	at java.util.concurrent.FutureTask.run(FutureTask.java:266)
	at java.util.concurrent.ScheduledThreadPoolExecutor$ScheduledFutureTask.access$201(ScheduledThreadPoolExecutor.java:180)
	at java.util.concurrent.ScheduledThreadPoolExecutor$ScheduledFutureTask.run(ScheduledThreadPoolExecutor.java:293)
	at java.util.concurrent.ThreadPoolExecutor.runWorker(ThreadPoolExecutor.java:1149)
	at java.util.concurrent.ThreadPoolExecutor$Worker.run(ThreadPoolExecutor.java:624)
	at java.lang.Thread.run(Thread.java:748)

Aug 20, 2019 9:14:53 PM org.apache.ratis.thirdparty.io.grpc.internal.ManagedChannelOrphanWrapper$ManagedChannelReference cleanQueue
SEVERE: *~*~*~ Channel ManagedChannelImpl{logId=3174, target=192.168.34.22:35476} was not shutdown properly!!! ~*~*~*
    Make sure to call shutdown()/shutdownNow() and wait until awaitTermination() returns true.
java.lang.RuntimeException: ManagedChannel allocation site
	at org.apache.ratis.thirdparty.io.grpc.internal.ManagedChannelOrphanWrapper$ManagedChannelReference.<init>(ManagedChannelOrphanWrapper.java:103)
	at org.apache.ratis.thirdparty.io.grpc.internal.ManagedChannelOrphanWrapper.<init>(ManagedChannelOrphanWrapper.java:53)
	at org.apache.ratis.thirdparty.io.grpc.internal.ManagedChannelOrphanWrapper.<init>(ManagedChannelOrphanWrapper.java:44)
	at org.apache.ratis.thirdparty.io.grpc.internal.AbstractManagedChannelImplBuilder.build(AbstractManagedChannelImplBuilder.java:411)
	at org.apache.hadoop.hdds.scm.XceiverClientGrpc.connectToDatanode(XceiverClientGrpc.java:174)
	at org.apache.hadoop.hdds.scm.XceiverClientGrpc.reconnect(XceiverClientGrpc.java:422)
	at org.apache.hadoop.hdds.scm.XceiverClientGrpc.sendCommandAsync(XceiverClientGrpc.java:371)
	at org.apache.hadoop.hdds.scm.XceiverClientGrpc.sendCommandWithRetry(XceiverClientGrpc.java:284)
	at org.apache.hadoop.hdds.scm.XceiverClientGrpc.sendCommandWithTraceIDAndRetry(XceiverClientGrpc.java:250)
	at org.apache.hadoop.hdds.scm.XceiverClientGrpc.sendCommand(XceiverClientGrpc.java:233)
	at org.apache.hadoop.hdds.scm.storage.ContainerProtocolCalls.getBlock(ContainerProtocolCalls.java:118)
	at org.apache.hadoop.hdds.scm.storage.BlockInputStream.getChunkInfos(BlockInputStream.java:167)
	at org.apache.hadoop.hdds.scm.storage.BlockInputStream.initialize(BlockInputStream.java:118)
	at org.apache.hadoop.hdds.scm.storage.BlockInputStream.read(BlockInputStream.java:222)
	at org.apache.hadoop.ozone.client.io.KeyInputStream.read(KeyInputStream.java:171)
	at org.apache.hadoop.ozone.client.io.OzoneInputStream.read(OzoneInputStream.java:47)
	at java.io.InputStream.read(InputStream.java:101)
	at org.apache.hadoop.ozone.container.ContainerTestHelper.validateData(ContainerTestHelper.java:709)
	at org.apache.hadoop.ozone.client.rpc.TestBlockOutputStreamWithFailures.validateData(TestBlockOutputStreamWithFailures.java:1216)
	at org.apache.hadoop.ozone.client.rpc.TestBlockOutputStreamWithFailures.testWatchForCommitDatanodeFailure(TestBlockOutputStreamWithFailures.java:393)
	at sun.reflect.NativeMethodAccessorImpl.invoke0(Native Method)
	at sun.reflect.NativeMethodAccessorImpl.invoke(NativeMethodAccessorImpl.java:62)
	at sun.reflect.DelegatingMethodAccessorImpl.invoke(DelegatingMethodAccessorImpl.java:43)
	at java.lang.reflect.Method.invoke(Method.java:498)
	at org.junit.runners.model.FrameworkMethod$1.runReflectiveCall(FrameworkMethod.java:47)
	at org.junit.internal.runners.model.ReflectiveCallable.run(ReflectiveCallable.java:12)
	at org.junit.runners.model.FrameworkMethod.invokeExplosively(FrameworkMethod.java:44)
	at org.junit.internal.runners.statements.InvokeMethod.evaluate(InvokeMethod.java:17)
	at org.junit.internal.runners.statements.RunBefores.evaluate(RunBefores.java:26)
	at org.junit.internal.runners.statements.RunAfters.evaluate(RunAfters.java:27)
	at org.junit.runners.ParentRunner.runLeaf(ParentRunner.java:271)
	at org.junit.runners.BlockJUnit4ClassRunner.runChild(BlockJUnit4ClassRunner.java:70)
	at org.junit.runners.BlockJUnit4ClassRunner.runChild(BlockJUnit4ClassRunner.java:50)
	at org.junit.runners.ParentRunner$3.run(ParentRunner.java:238)
	at org.junit.runners.ParentRunner$1.schedule(ParentRunner.java:63)
	at org.junit.runners.ParentRunner.runChildren(ParentRunner.java:236)
	at org.junit.runners.ParentRunner.access$000(ParentRunner.java:53)
	at org.junit.runners.ParentRunner$2.evaluate(ParentRunner.java:229)
	at org.junit.runners.ParentRunner.run(ParentRunner.java:309)
	at org.apache.maven.surefire.junit4.JUnit4Provider.execute(JUnit4Provider.java:365)
	at org.apache.maven.surefire.junit4.JUnit4Provider.executeWithRerun(JUnit4Provider.java:273)
	at org.apache.maven.surefire.junit4.JUnit4Provider.executeTestSet(JUnit4Provider.java:238)
	at org.apache.maven.surefire.junit4.JUnit4Provider.invoke(JUnit4Provider.java:159)
	at org.apache.maven.surefire.booter.ForkedBooter.invokeProviderInSameClassLoader(ForkedBooter.java:384)
	at org.apache.maven.surefire.booter.ForkedBooter.runSuitesInProcess(ForkedBooter.java:345)
	at org.apache.maven.surefire.booter.ForkedBooter.execute(ForkedBooter.java:126)
	at org.apache.maven.surefire.booter.ForkedBooter.main(ForkedBooter.java:418)

]]></system-err>
  </testcase>
  <testcase name="testWatchForCommitWithCloseContainerException" classname="org.apache.hadoop.ozone.client.rpc.TestBlockOutputStreamWithFailures" time="36.515"/>
  <testcase name="testExceptionDuringClose" classname="org.apache.hadoop.ozone.client.rpc.TestBlockOutputStreamWithFailures" time="34.752"/>
</testsuite>