<?xml version="1.0" encoding="UTF-8"?>
<testsuite xmlns:xsi="http://www.w3.org/2001/XMLSchema-instance" xsi:noNamespaceSchemaLocation="https://maven.apache.org/surefire/maven-surefire-plugin/xsd/surefire-test-report.xsd" name="org.apache.hadoop.ozone.client.rpc.Test2WayCommitInRatis" time="37.412" tests="1" errors="1" skipped="0" failures="0">
  <properties>
    <property name="awt.toolkit" value="sun.awt.X11.XToolkit"/>
    <property name="file.encoding.pkg" value="sun.io"/>
    <property name="java.specification.version" value="1.8"/>
    <property name="sun.cpu.isalist" value=""/>
    <property name="sun.jnu.encoding" value="UTF-8"/>
    <property name="java.class.path" value="/workdir/hadoop-ozone/integration-test/target/test-classes:/workdir/hadoop-ozone/integration-test/target/classes:/home/user/.m2/repository/org/apache/hadoop/hadoop-ozone-common/0.5.0-SNAPSHOT/hadoop-ozone-common-0.5.0-SNAPSHOT.jar:/home/user/.m2/repository/org/apache/commons/commons-compress/1.4.1/commons-compress-1.4.1.jar:/home/user/.m2/repository/org/tukaani/xz/1.0/xz-1.0.jar:/home/user/.m2/repository/org/apache/hadoop/hadoop-common/3.2.0/hadoop-common-3.2.0.jar:/home/user/.m2/repository/org/apache/hadoop/hadoop-hdfs/3.2.0/hadoop-hdfs-3.2.0.jar:/home/user/.m2/repository/org/apache/hadoop/hadoop-hdfs-client/3.2.0/hadoop-hdfs-client-3.2.0.jar:/home/user/.m2/repository/com/fasterxml/jackson/core/jackson-annotations/2.9.5/jackson-annotations-2.9.5.jar:/home/user/.m2/repository/org/apache/hadoop/hadoop-hdds-common/0.5.0-SNAPSHOT/hadoop-hdds-common-0.5.0-SNAPSHOT.jar:/home/user/.m2/repository/javax/annotation/javax.annotation-api/1.2/javax.annotation-api-1.2.jar:/home/user/.m2/repository/org/apache/ratis/ratis-server/0.4.0-2337318-SNAPSHOT/ratis-server-0.4.0-2337318-SNAPSHOT.jar:/home/user/.m2/repository/org/apache/ratis/ratis-thirdparty-misc/0.2.0/ratis-thirdparty-misc-0.2.0.jar:/home/user/.m2/repository/org/apache/ratis/ratis-proto/0.4.0-2337318-SNAPSHOT/ratis-proto-0.4.0-2337318-SNAPSHOT.jar:/home/user/.m2/repository/org/apache/ratis/ratis-common/0.4.0-2337318-SNAPSHOT/ratis-common-0.4.0-2337318-SNAPSHOT.jar:/home/user/.m2/repository/org/apache/ratis/ratis-client/0.4.0-2337318-SNAPSHOT/ratis-client-0.4.0-2337318-SNAPSHOT.jar:/home/user/.m2/repository/org/apache/ratis/ratis-metrics/0.4.0-2337318-SNAPSHOT/ratis-metrics-0.4.0-2337318-SNAPSHOT.jar:/home/user/.m2/repository/org/apache/ratis/ratis-netty/0.4.0-2337318-SNAPSHOT/ratis-netty-0.4.0-2337318-SNAPSHOT.jar:/home/user/.m2/repository/org/apache/ratis/ratis-grpc/0.4.0-2337318-SNAPSHOT/ratis-grpc-0.4.0-2337318-SNAPSHOT.jar:/home/user/.m2/repository/org/rocksdb/rocksdbjni/6.0.1/rocksdbjni-6.0.1.jar:/home/user/.m2/repository/org/apache/logging/log4j/log4j-api/2.11.0/log4j-api-2.11.0.jar:/home/user/.m2/repository/org/apache/logging/log4j/log4j-core/2.11.0/log4j-core-2.11.0.jar:/home/user/.m2/repository/com/lmax/disruptor/3.4.2/disruptor-3.4.2.jar:/home/user/.m2/repository/org/apache/commons/commons-pool2/2.6.0/commons-pool2-2.6.0.jar:/home/user/.m2/repository/org/bouncycastle/bcpkix-jdk15on/1.60/bcpkix-jdk15on-1.60.jar:/home/user/.m2/repository/commons-validator/commons-validator/1.6/commons-validator-1.6.jar:/home/user/.m2/repository/commons-digester/commons-digester/1.8.1/commons-digester-1.8.1.jar:/home/user/.m2/repository/io/jaegertracing/jaeger-client/0.33.1/jaeger-client-0.33.1.jar:/home/user/.m2/repository/io/jaegertracing/jaeger-thrift/0.33.1/jaeger-thrift-0.33.1.jar:/home/user/.m2/repository/org/apache/thrift/libthrift/0.11.0/libthrift-0.11.0.jar:/home/user/.m2/repository/com/squareup/okhttp3/okhttp/3.9.0/okhttp-3.9.0.jar:/home/user/.m2/repository/com/squareup/okio/okio/1.13.0/okio-1.13.0.jar:/home/user/.m2/repository/io/jaegertracing/jaeger-core/0.33.1/jaeger-core-0.33.1.jar:/home/user/.m2/repository/io/jaegertracing/jaeger-tracerresolver/0.33.1/jaeger-tracerresolver-0.33.1.jar:/home/user/.m2/repository/io/opentracing/contrib/opentracing-tracerresolver/0.1.5/opentracing-tracerresolver-0.1.5.jar:/home/user/.m2/repository/io/opentracing/opentracing-util/0.31.0/opentracing-util-0.31.0.jar:/home/user/.m2/repository/io/opentracing/opentracing-api/0.31.0/opentracing-api-0.31.0.jar:/home/user/.m2/repository/io/opentracing/opentracing-noop/0.31.0/opentracing-noop-0.31.0.jar:/home/user/.m2/repository/org/apache/hadoop/hadoop-hdds-server-framework/0.5.0-SNAPSHOT/hadoop-hdds-server-framework-0.5.0-SNAPSHOT.jar:/home/user/.m2/repository/org/apache/hadoop/hadoop-hdds-container-service/0.5.0-SNAPSHOT/hadoop-hdds-container-service-0.5.0-SNAPSHOT.jar:/home/user/.m2/repository/org/apache/hadoop/hadoop-hdds-client/0.5.0-SNAPSHOT/hadoop-hdds-client-0.5.0-SNAPSHOT.jar:/home/user/.m2/repository/org/apache/hadoop/hadoop-hdds-tools/0.5.0-SNAPSHOT/hadoop-hdds-tools-0.5.0-SNAPSHOT.jar:/home/user/.m2/repository/org/apache/hadoop/hadoop-hdds-server-scm/0.5.0-SNAPSHOT/hadoop-hdds-server-scm-0.5.0-SNAPSHOT.jar:/home/user/.m2/repository/org/apache/hadoop/hadoop-hdds-docs/0.5.0-SNAPSHOT/hadoop-hdds-docs-0.5.0-SNAPSHOT.jar:/home/user/.m2/repository/io/dropwizard/metrics/metrics-core/3.2.4/metrics-core-3.2.4.jar:/home/user/.m2/repository/org/hamcrest/hamcrest-all/1.3/hamcrest-all-1.3.jar:/home/user/.m2/repository/org/bouncycastle/bcprov-jdk15on/1.60/bcprov-jdk15on-1.60.jar:/home/user/.m2/repository/info/picocli/picocli/3.9.6/picocli-3.9.6.jar:/home/user/.m2/repository/com/google/protobuf/protobuf-java/2.5.0/protobuf-java-2.5.0.jar:/home/user/.m2/repository/com/google/guava/guava/11.0.2/guava-11.0.2.jar:/home/user/.m2/repository/org/apache/hadoop/hadoop-ozone-ozone-manager/0.5.0-SNAPSHOT/hadoop-ozone-ozone-manager-0.5.0-SNAPSHOT.jar:/home/user/.m2/repository/org/apache/hadoop/hadoop-minikdc/3.2.0/hadoop-minikdc-3.2.0.jar:/home/user/.m2/repository/commons-io/commons-io/2.5/commons-io-2.5.jar:/home/user/.m2/repository/org/apache/kerby/kerb-simplekdc/1.0.1/kerb-simplekdc-1.0.1.jar:/home/user/.m2/repository/org/apache/kerby/kerb-client/1.0.1/kerb-client-1.0.1.jar:/home/user/.m2/repository/org/apache/kerby/kerby-config/1.0.1/kerby-config-1.0.1.jar:/home/user/.m2/repository/org/apache/kerby/kerb-core/1.0.1/kerb-core-1.0.1.jar:/home/user/.m2/repository/org/apache/kerby/kerby-pkix/1.0.1/kerby-pkix-1.0.1.jar:/home/user/.m2/repository/org/apache/kerby/kerby-asn1/1.0.1/kerby-asn1-1.0.1.jar:/home/user/.m2/repository/org/apache/kerby/kerby-util/1.0.1/kerby-util-1.0.1.jar:/home/user/.m2/repository/org/apache/kerby/kerb-common/1.0.1/kerb-common-1.0.1.jar:/home/user/.m2/repository/org/apache/kerby/kerb-crypto/1.0.1/kerb-crypto-1.0.1.jar:/home/user/.m2/repository/org/apache/kerby/kerb-util/1.0.1/kerb-util-1.0.1.jar:/home/user/.m2/repository/org/apache/kerby/token-provider/1.0.1/token-provider-1.0.1.jar:/home/user/.m2/repository/org/apache/kerby/kerb-admin/1.0.1/kerb-admin-1.0.1.jar:/home/user/.m2/repository/org/apache/kerby/kerb-server/1.0.1/kerb-server-1.0.1.jar:/home/user/.m2/repository/org/apache/kerby/kerb-identity/1.0.1/kerb-identity-1.0.1.jar:/home/user/.m2/repository/org/apache/kerby/kerby-xdr/1.0.1/kerby-xdr-1.0.1.jar:/home/user/.m2/repository/org/slf4j/slf4j-log4j12/1.7.25/slf4j-log4j12-1.7.25.jar:/home/user/.m2/repository/org/apache/hadoop/hadoop-ozone-objectstore-service/0.5.0-SNAPSHOT/hadoop-ozone-objectstore-service-0.5.0-SNAPSHOT.jar:/home/user/.m2/repository/org/apache/hadoop/hadoop-ozone-s3gateway/0.5.0-SNAPSHOT/hadoop-ozone-s3gateway-0.5.0-SNAPSHOT.jar:/home/user/.m2/repository/org/jboss/weld/servlet/weld-servlet/2.4.7.Final/weld-servlet-2.4.7.Final.jar:/home/user/.m2/repository/org/glassfish/jersey/containers/jersey-container-servlet-core/2.27/jersey-container-servlet-core-2.27.jar:/home/user/.m2/repository/org/glassfish/hk2/external/javax.inject/2.5.0-b42/javax.inject-2.5.0-b42.jar:/home/user/.m2/repository/org/glassfish/jersey/core/jersey-common/2.27/jersey-common-2.27.jar:/home/user/.m2/repository/org/glassfish/hk2/osgi-resource-locator/1.0.1/osgi-resource-locator-1.0.1.jar:/home/user/.m2/repository/javax/ws/rs/javax.ws.rs-api/2.1/javax.ws.rs-api-2.1.jar:/home/user/.m2/repository/org/glassfish/jersey/ext/cdi/jersey-cdi1x/2.27/jersey-cdi1x-2.27.jar:/home/user/.m2/repository/org/glassfish/jersey/inject/jersey-hk2/2.27/jersey-hk2-2.27.jar:/home/user/.m2/repository/org/glassfish/hk2/hk2-locator/2.5.0-b42/hk2-locator-2.5.0-b42.jar:/home/user/.m2/repository/org/javassist/javassist/3.22.0-CR2/javassist-3.22.0-CR2.jar:/home/user/.m2/repository/org/glassfish/hk2/hk2-api/2.5.0/hk2-api-2.5.0.jar:/home/user/.m2/repository/org/glassfish/hk2/external/jakarta.inject/2.5.0/jakarta.inject-2.5.0.jar:/home/user/.m2/repository/org/glassfish/hk2/hk2-utils/2.5.0/hk2-utils-2.5.0.jar:/home/user/.m2/repository/jakarta/annotation/jakarta.annotation-api/1.3.4/jakarta.annotation-api-1.3.4.jar:/home/user/.m2/repository/org/glassfish/hk2/external/aopalliance-repackaged/2.5.0/aopalliance-repackaged-2.5.0.jar:/home/user/.m2/repository/com/fasterxml/jackson/dataformat/jackson-dataformat-xml/2.9.0/jackson-dataformat-xml-2.9.0.jar:/home/user/.m2/repository/com/fasterxml/jackson/core/jackson-core/2.9.5/jackson-core-2.9.5.jar:/home/user/.m2/repository/com/fasterxml/jackson/module/jackson-module-jaxb-annotations/2.9.5/jackson-module-jaxb-annotations-2.9.5.jar:/home/user/.m2/repository/javax/enterprise/cdi-api/1.2/cdi-api-1.2.jar:/home/user/.m2/repository/javax/el/javax.el-api/3.0.0/javax.el-api-3.0.0.jar:/home/user/.m2/repository/javax/interceptor/javax.interceptor-api/1.2/javax.interceptor-api-1.2.jar:/home/user/.m2/repository/javax/inject/javax.inject/1/javax.inject-1.jar:/home/user/.m2/repository/com/sun/xml/bind/jaxb-impl/2.3.0.1/jaxb-impl-2.3.0.1.jar:/home/user/.m2/repository/com/sun/xml/bind/jaxb-core/2.3.0.1/jaxb-core-2.3.0.1.jar:/home/user/.m2/repository/javax/xml/bind/jaxb-api/2.3.0/jaxb-api-2.3.0.jar:/home/user/.m2/repository/javax/activation/activation/1.1.1/activation-1.1.1.jar:/home/user/.m2/repository/org/apache/hadoop/hadoop-ozone-csi/0.5.0-SNAPSHOT/hadoop-ozone-csi-0.5.0-SNAPSHOT.jar:/home/user/.m2/repository/com/google/protobuf/protobuf-java-util/3.5.1/protobuf-java-util-3.5.1.jar:/home/user/.m2/repository/org/apache/hadoop/hadoop-hdds-config/0.5.0-SNAPSHOT/hadoop-hdds-config-0.5.0-SNAPSHOT.jar:/home/user/.m2/repository/io/grpc/grpc-netty/1.17.1/grpc-netty-1.17.1.jar:/home/user/.m2/repository/io/grpc/grpc-core/1.17.1/grpc-core-1.17.1.jar:/home/user/.m2/repository/io/grpc/grpc-context/1.17.1/grpc-context-1.17.1.jar:/home/user/.m2/repository/com/google/errorprone/error_prone_annotations/2.2.0/error_prone_annotations-2.2.0.jar:/home/user/.m2/repository/org/codehaus/mojo/animal-sniffer-annotations/1.17/animal-sniffer-annotations-1.17.jar:/home/user/.m2/repository/io/opencensus/opencensus-api/0.17.0/opencensus-api-0.17.0.jar:/home/user/.m2/repository/io/opencensus/opencensus-contrib-grpc-metrics/0.17.0/opencensus-contrib-grpc-metrics-0.17.0.jar:/home/user/.m2/repository/io/netty/netty-codec-http2/4.1.30.Final/netty-codec-http2-4.1.30.Final.jar:/home/user/.m2/repository/io/netty/netty-codec-http/4.1.30.Final/netty-codec-http-4.1.30.Final.jar:/home/user/.m2/repository/io/netty/netty-codec/4.1.30.Final/netty-codec-4.1.30.Final.jar:/home/user/.m2/repository/io/netty/netty-handler/4.1.30.Final/netty-handler-4.1.30.Final.jar:/home/user/.m2/repository/io/netty/netty-handler-proxy/4.1.30.Final/netty-handler-proxy-4.1.30.Final.jar:/home/user/.m2/repository/io/netty/netty-codec-socks/4.1.30.Final/netty-codec-socks-4.1.30.Final.jar:/home/user/.m2/repository/io/netty/netty-transport-native-epoll/4.1.30.Final/netty-transport-native-epoll-4.1.30.Final.jar:/home/user/.m2/repository/io/netty/netty-common/4.1.30.Final/netty-common-4.1.30.Final.jar:/home/user/.m2/repository/io/netty/netty-buffer/4.1.30.Final/netty-buffer-4.1.30.Final.jar:/home/user/.m2/repository/io/netty/netty-transport/4.1.30.Final/netty-transport-4.1.30.Final.jar:/home/user/.m2/repository/io/netty/netty-resolver/4.1.30.Final/netty-resolver-4.1.30.Final.jar:/home/user/.m2/repository/io/netty/netty-transport-native-unix-common/4.1.30.Final/netty-transport-native-unix-common-4.1.30.Final.jar:/home/user/.m2/repository/io/grpc/grpc-protobuf/1.17.1/grpc-protobuf-1.17.1.jar:/home/user/.m2/repository/com/google/api/grpc/proto-google-common-protos/1.0.0/proto-google-common-protos-1.0.0.jar:/home/user/.m2/repository/io/grpc/grpc-protobuf-lite/1.17.1/grpc-protobuf-lite-1.17.1.jar:/home/user/.m2/repository/io/grpc/grpc-stub/1.17.1/grpc-stub-1.17.1.jar:/home/user/.m2/repository/org/apache/hadoop/hadoop-ozone-recon/0.5.0-SNAPSHOT/hadoop-ozone-recon-0.5.0-SNAPSHOT.jar:/home/user/.m2/repository/org/apache/hadoop/hadoop-ozone-reconcodegen/0.5.0-SNAPSHOT/hadoop-ozone-reconcodegen-0.5.0-SNAPSHOT.jar:/home/user/.m2/repository/com/google/inject/extensions/guice-multibindings/4.0/guice-multibindings-4.0.jar:/home/user/.m2/repository/com/google/inject/guice/4.0/guice-4.0.jar:/home/user/.m2/repository/aopalliance/aopalliance/1.0/aopalliance-1.0.jar:/home/user/.m2/repository/com/google/inject/extensions/guice-servlet/4.0/guice-servlet-4.0.jar:/home/user/.m2/repository/org/glassfish/jersey/containers/jersey-container-servlet/2.27/jersey-container-servlet-2.27.jar:/home/user/.m2/repository/org/glassfish/hk2/guice-bridge/2.5.0/guice-bridge-2.5.0.jar:/home/user/.m2/repository/org/glassfish/jersey/core/jersey-server/2.27/jersey-server-2.27.jar:/home/user/.m2/repository/org/glassfish/jersey/core/jersey-client/2.27/jersey-client-2.27.jar:/home/user/.m2/repository/org/glassfish/jersey/media/jersey-media-jaxb/2.27/jersey-media-jaxb-2.27.jar:/home/user/.m2/repository/javax/validation/validation-api/1.1.0.Final/validation-api-1.1.0.Final.jar:/home/user/.m2/repository/org/glassfish/jersey/media/jersey-media-json-jackson/2.27/jersey-media-json-jackson-2.27.jar:/home/user/.m2/repository/org/glassfish/jersey/ext/jersey-entity-filtering/2.27/jersey-entity-filtering-2.27.jar:/home/user/.m2/repository/com/google/inject/extensions/guice-assistedinject/4.0/guice-assistedinject-4.0.jar:/home/user/.m2/repository/org/jooq/jooq/3.11.10/jooq-3.11.10.jar:/home/user/.m2/repository/org/jooq/jooq-meta/3.11.10/jooq-meta-3.11.10.jar:/home/user/.m2/repository/org/jooq/jooq-codegen/3.11.10/jooq-codegen-3.11.10.jar:/home/user/.m2/repository/com/jolbox/bonecp/0.8.0.RELEASE/bonecp-0.8.0.RELEASE.jar:/home/user/.m2/repository/org/xerial/sqlite-jdbc/3.25.2/sqlite-jdbc-3.25.2.jar:/home/user/.m2/repository/org/springframework/spring-jdbc/5.1.3.RELEASE/spring-jdbc-5.1.3.RELEASE.jar:/home/user/.m2/repository/org/springframework/spring-beans/5.1.3.RELEASE/spring-beans-5.1.3.RELEASE.jar:/home/user/.m2/repository/org/springframework/spring-core/5.1.3.RELEASE/spring-core-5.1.3.RELEASE.jar:/home/user/.m2/repository/org/springframework/spring-jcl/5.1.3.RELEASE/spring-jcl-5.1.3.RELEASE.jar:/home/user/.m2/repository/org/springframework/spring-tx/5.1.3.RELEASE/spring-tx-5.1.3.RELEASE.jar:/home/user/.m2/repository/org/apache/hadoop/hadoop-ozone-client/0.5.0-SNAPSHOT/hadoop-ozone-client-0.5.0-SNAPSHOT.jar:/home/user/.m2/repository/commons-lang/commons-lang/2.6/commons-lang-2.6.jar:/home/user/.m2/repository/org/apache/hadoop/hadoop-ozone-ozone-manager/0.5.0-SNAPSHOT/hadoop-ozone-ozone-manager-0.5.0-SNAPSHOT-tests.jar:/home/user/.m2/repository/junit/junit/4.11/junit-4.11.jar:/home/user/.m2/repository/org/hamcrest/hamcrest-core/1.3/hamcrest-core-1.3.jar:/home/user/.m2/repository/org/openjdk/jmh/jmh-core/1.19/jmh-core-1.19.jar:/home/user/.m2/repository/net/sf/jopt-simple/jopt-simple/4.6/jopt-simple-4.6.jar:/home/user/.m2/repository/org/apache/commons/commons-math3/3.1.1/commons-math3-3.1.1.jar:/home/user/.m2/repository/org/openjdk/jmh/jmh-generator-annprocess/1.19/jmh-generator-annprocess-1.19.jar:/home/user/.m2/repository/org/mockito/mockito-all/1.8.5/mockito-all-1.8.5.jar:/home/user/.m2/repository/org/apache/hadoop/hadoop-kms/3.2.0/hadoop-kms-3.2.0.jar:/home/user/.m2/repository/org/apache/hadoop/hadoop-auth/3.2.0/hadoop-auth-3.2.0.jar:/home/user/.m2/repository/com/nimbusds/nimbus-jose-jwt/4.41.1/nimbus-jose-jwt-4.41.1.jar:/home/user/.m2/repository/com/github/stephenc/jcip/jcip-annotations/1.0-1/jcip-annotations-1.0-1.jar:/home/user/.m2/repository/net/minidev/json-smart/2.3/json-smart-2.3.jar:/home/user/.m2/repository/net/minidev/accessors-smart/1.2/accessors-smart-1.2.jar:/home/user/.m2/repository/org/ow2/asm/asm/5.0.4/asm-5.0.4.jar:/home/user/.m2/repository/org/apache/curator/curator-framework/2.12.0/curator-framework-2.12.0.jar:/home/user/.m2/repository/com/sun/jersey/jersey-core/1.19/jersey-core-1.19.jar:/home/user/.m2/repository/javax/ws/rs/jsr311-api/1.1.1/jsr311-api-1.1.1.jar:/home/user/.m2/repository/com/sun/jersey/jersey-server/1.19/jersey-server-1.19.jar:/home/user/.m2/repository/javax/servlet/javax.servlet-api/3.1.0/javax.servlet-api-3.1.0.jar:/home/user/.m2/repository/org/eclipse/jetty/jetty-server/9.3.24.v20180605/jetty-server-9.3.24.v20180605.jar:/home/user/.m2/repository/org/eclipse/jetty/jetty-http/9.3.24.v20180605/jetty-http-9.3.24.v20180605.jar:/home/user/.m2/repository/org/eclipse/jetty/jetty-io/9.3.24.v20180605/jetty-io-9.3.24.v20180605.jar:/home/user/.m2/repository/org/eclipse/jetty/jetty-webapp/9.3.24.v20180605/jetty-webapp-9.3.24.v20180605.jar:/home/user/.m2/repository/org/eclipse/jetty/jetty-xml/9.3.24.v20180605/jetty-xml-9.3.24.v20180605.jar:/home/user/.m2/repository/log4j/log4j/1.2.17/log4j-1.2.17.jar:/home/user/.m2/repository/org/slf4j/slf4j-api/1.7.25/slf4j-api-1.7.25.jar:/home/user/.m2/repository/org/slf4j/jul-to-slf4j/1.7.25/jul-to-slf4j-1.7.25.jar:/home/user/.m2/repository/org/eclipse/jetty/jetty-util/9.3.24.v20180605/jetty-util-9.3.24.v20180605.jar:/home/user/.m2/repository/com/fasterxml/jackson/core/jackson-databind/2.9.5/jackson-databind-2.9.5.jar:/home/user/.m2/repository/org/apache/hadoop/hadoop-kms/3.2.0/hadoop-kms-3.2.0-tests.jar:/home/user/.m2/repository/org/apache/hadoop/hadoop-hdds-server-scm/0.5.0-SNAPSHOT/hadoop-hdds-server-scm-0.5.0-SNAPSHOT-tests.jar:/home/user/.m2/repository/org/apache/hadoop/hadoop-hdds-container-service/0.5.0-SNAPSHOT/hadoop-hdds-container-service-0.5.0-SNAPSHOT-tests.jar:/home/user/.m2/repository/org/yaml/snakeyaml/1.16/snakeyaml-1.16.jar:/home/user/.m2/repository/org/apache/hadoop/hadoop-common/3.2.0/hadoop-common-3.2.0-tests.jar:/home/user/.m2/repository/org/apache/hadoop/hadoop-annotations/3.2.0/hadoop-annotations-3.2.0.jar:/usr/lib/jvm/java-1.8-openjdk/jre/../lib/tools.jar:/home/user/.m2/repository/commons-cli/commons-cli/1.2/commons-cli-1.2.jar:/home/user/.m2/repository/org/apache/httpcomponents/httpclient/4.5.2/httpclient-4.5.2.jar:/home/user/.m2/repository/org/apache/httpcomponents/httpcore/4.4.4/httpcore-4.4.4.jar:/home/user/.m2/repository/commons-codec/commons-codec/1.11/commons-codec-1.11.jar:/home/user/.m2/repository/commons-net/commons-net/3.6/commons-net-3.6.jar:/home/user/.m2/repository/commons-collections/commons-collections/3.2.2/commons-collections-3.2.2.jar:/home/user/.m2/repository/org/eclipse/jetty/jetty-servlet/9.3.24.v20180605/jetty-servlet-9.3.24.v20180605.jar:/home/user/.m2/repository/org/eclipse/jetty/jetty-security/9.3.24.v20180605/jetty-security-9.3.24.v20180605.jar:/home/user/.m2/repository/javax/servlet/jsp/jsp-api/2.1/jsp-api-2.1.jar:/home/user/.m2/repository/com/sun/jersey/jersey-servlet/1.19/jersey-servlet-1.19.jar:/home/user/.m2/repository/com/sun/jersey/jersey-json/1.19/jersey-json-1.19.jar:/home/user/.m2/repository/org/codehaus/jettison/jettison/1.1/jettison-1.1.jar:/home/user/.m2/repository/org/codehaus/jackson/jackson-core-asl/1.9.13/jackson-core-asl-1.9.13.jar:/home/user/.m2/repository/org/codehaus/jackson/jackson-mapper-asl/1.9.13/jackson-mapper-asl-1.9.13.jar:/home/user/.m2/repository/org/codehaus/jackson/jackson-jaxrs/1.9.13/jackson-jaxrs-1.9.13.jar:/home/user/.m2/repository/org/codehaus/jackson/jackson-xc/1.9.13/jackson-xc-1.9.13.jar:/home/user/.m2/repository/commons-logging/commons-logging/1.1.3/commons-logging-1.1.3.jar:/home/user/.m2/repository/commons-beanutils/commons-beanutils/1.9.3/commons-beanutils-1.9.3.jar:/home/user/.m2/repository/org/apache/commons/commons-configuration2/2.1.1/commons-configuration2-2.1.1.jar:/home/user/.m2/repository/org/apache/commons/commons-lang3/3.7/commons-lang3-3.7.jar:/home/user/.m2/repository/org/apache/commons/commons-text/1.4/commons-text-1.4.jar:/home/user/.m2/repository/org/apache/avro/avro/1.7.7/avro-1.7.7.jar:/home/user/.m2/repository/com/thoughtworks/paranamer/paranamer/2.3/paranamer-2.3.jar:/home/user/.m2/repository/org/xerial/snappy/snappy-java/1.0.5/snappy-java-1.0.5.jar:/home/user/.m2/repository/com/google/re2j/re2j/1.1/re2j-1.1.jar:/home/user/.m2/repository/com/google/code/gson/gson/2.2.4/gson-2.2.4.jar:/home/user/.m2/repository/com/jcraft/jsch/0.1.54/jsch-0.1.54.jar:/home/user/.m2/repository/org/apache/curator/curator-client/2.12.0/curator-client-2.12.0.jar:/home/user/.m2/repository/org/apache/curator/curator-recipes/2.12.0/curator-recipes-2.12.0.jar:/home/user/.m2/repository/com/google/code/findbugs/jsr305/3.0.0/jsr305-3.0.0.jar:/home/user/.m2/repository/org/apache/htrace/htrace-core4/4.1.0-incubating/htrace-core4-4.1.0-incubating.jar:/home/user/.m2/repository/org/apache/zookeeper/zookeeper/3.4.13/zookeeper-3.4.13.jar:/home/user/.m2/repository/org/apache/yetus/audience-annotations/0.5.0/audience-annotations-0.5.0.jar:/home/user/.m2/repository/org/codehaus/woodstox/stax2-api/3.1.4/stax2-api-3.1.4.jar:/home/user/.m2/repository/com/fasterxml/woodstox/woodstox-core/5.0.3/woodstox-core-5.0.3.jar:/home/user/.m2/repository/dnsjava/dnsjava/2.1.7/dnsjava-2.1.7.jar:/home/user/.m2/repository/org/apache/hadoop/hadoop-hdfs/3.2.0/hadoop-hdfs-3.2.0-tests.jar:/home/user/.m2/repository/org/eclipse/jetty/jetty-util-ajax/9.3.24.v20180605/jetty-util-ajax-9.3.24.v20180605.jar:/home/user/.m2/repository/commons-daemon/commons-daemon/1.0.13/commons-daemon-1.0.13.jar:/home/user/.m2/repository/io/netty/netty/3.10.5.Final/netty-3.10.5.Final.jar:/home/user/.m2/repository/io/netty/netty-all/4.0.52.Final/netty-all-4.0.52.Final.jar:/home/user/.m2/repository/org/fusesource/leveldbjni/leveldbjni-all/1.8/leveldbjni-all-1.8.jar:"/>
    <property name="java.vm.vendor" value="IcedTea"/>
    <property name="sun.arch.data.model" value="64"/>
    <property name="test.build.dir" value="/workdir/hadoop-ozone/integration-test/target/test-dir"/>
    <property name="test.cache.data" value=""/>
    <property name="java.vendor.url" value="https://icedtea.classpath.org"/>
    <property name="user.timezone" value=""/>
    <property name="java.vm.specification.version" value="1.8"/>
    <property name="os.name" value="Linux"/>
    <property name="test.build.data" value="/workdir/hadoop-ozone/integration-test/target/test-dir"/>
    <property name="user.country" value="US"/>
    <property name="sun.java.launcher" value="SUN_STANDARD"/>
    <property name="sun.boot.library.path" value="/usr/lib/jvm/java-1.8-openjdk/jre/lib/amd64"/>
    <property name="sun.java.command" value="/workdir/hadoop-ozone/integration-test/target/surefire/surefirebooter4662644913681203110.jar /workdir/hadoop-ozone/integration-test/target/surefire 2019-08-21T15-00-36_417-jvmRun1 surefire8012007939301307752tmp surefire_244435672445972793799tmp"/>
    <property name="test" value="!TestMiniChaosOzoneCluster"/>
    <property name="surefire.test.class.path" value="/workdir/hadoop-ozone/integration-test/target/test-classes:/workdir/hadoop-ozone/integration-test/target/classes:/home/user/.m2/repository/org/apache/hadoop/hadoop-ozone-common/0.5.0-SNAPSHOT/hadoop-ozone-common-0.5.0-SNAPSHOT.jar:/home/user/.m2/repository/org/apache/commons/commons-compress/1.4.1/commons-compress-1.4.1.jar:/home/user/.m2/repository/org/tukaani/xz/1.0/xz-1.0.jar:/home/user/.m2/repository/org/apache/hadoop/hadoop-common/3.2.0/hadoop-common-3.2.0.jar:/home/user/.m2/repository/org/apache/hadoop/hadoop-hdfs/3.2.0/hadoop-hdfs-3.2.0.jar:/home/user/.m2/repository/org/apache/hadoop/hadoop-hdfs-client/3.2.0/hadoop-hdfs-client-3.2.0.jar:/home/user/.m2/repository/com/fasterxml/jackson/core/jackson-annotations/2.9.5/jackson-annotations-2.9.5.jar:/home/user/.m2/repository/org/apache/hadoop/hadoop-hdds-common/0.5.0-SNAPSHOT/hadoop-hdds-common-0.5.0-SNAPSHOT.jar:/home/user/.m2/repository/javax/annotation/javax.annotation-api/1.2/javax.annotation-api-1.2.jar:/home/user/.m2/repository/org/apache/ratis/ratis-server/0.4.0-2337318-SNAPSHOT/ratis-server-0.4.0-2337318-SNAPSHOT.jar:/home/user/.m2/repository/org/apache/ratis/ratis-thirdparty-misc/0.2.0/ratis-thirdparty-misc-0.2.0.jar:/home/user/.m2/repository/org/apache/ratis/ratis-proto/0.4.0-2337318-SNAPSHOT/ratis-proto-0.4.0-2337318-SNAPSHOT.jar:/home/user/.m2/repository/org/apache/ratis/ratis-common/0.4.0-2337318-SNAPSHOT/ratis-common-0.4.0-2337318-SNAPSHOT.jar:/home/user/.m2/repository/org/apache/ratis/ratis-client/0.4.0-2337318-SNAPSHOT/ratis-client-0.4.0-2337318-SNAPSHOT.jar:/home/user/.m2/repository/org/apache/ratis/ratis-metrics/0.4.0-2337318-SNAPSHOT/ratis-metrics-0.4.0-2337318-SNAPSHOT.jar:/home/user/.m2/repository/org/apache/ratis/ratis-netty/0.4.0-2337318-SNAPSHOT/ratis-netty-0.4.0-2337318-SNAPSHOT.jar:/home/user/.m2/repository/org/apache/ratis/ratis-grpc/0.4.0-2337318-SNAPSHOT/ratis-grpc-0.4.0-2337318-SNAPSHOT.jar:/home/user/.m2/repository/org/rocksdb/rocksdbjni/6.0.1/rocksdbjni-6.0.1.jar:/home/user/.m2/repository/org/apache/logging/log4j/log4j-api/2.11.0/log4j-api-2.11.0.jar:/home/user/.m2/repository/org/apache/logging/log4j/log4j-core/2.11.0/log4j-core-2.11.0.jar:/home/user/.m2/repository/com/lmax/disruptor/3.4.2/disruptor-3.4.2.jar:/home/user/.m2/repository/org/apache/commons/commons-pool2/2.6.0/commons-pool2-2.6.0.jar:/home/user/.m2/repository/org/bouncycastle/bcpkix-jdk15on/1.60/bcpkix-jdk15on-1.60.jar:/home/user/.m2/repository/commons-validator/commons-validator/1.6/commons-validator-1.6.jar:/home/user/.m2/repository/commons-digester/commons-digester/1.8.1/commons-digester-1.8.1.jar:/home/user/.m2/repository/io/jaegertracing/jaeger-client/0.33.1/jaeger-client-0.33.1.jar:/home/user/.m2/repository/io/jaegertracing/jaeger-thrift/0.33.1/jaeger-thrift-0.33.1.jar:/home/user/.m2/repository/org/apache/thrift/libthrift/0.11.0/libthrift-0.11.0.jar:/home/user/.m2/repository/com/squareup/okhttp3/okhttp/3.9.0/okhttp-3.9.0.jar:/home/user/.m2/repository/com/squareup/okio/okio/1.13.0/okio-1.13.0.jar:/home/user/.m2/repository/io/jaegertracing/jaeger-core/0.33.1/jaeger-core-0.33.1.jar:/home/user/.m2/repository/io/jaegertracing/jaeger-tracerresolver/0.33.1/jaeger-tracerresolver-0.33.1.jar:/home/user/.m2/repository/io/opentracing/contrib/opentracing-tracerresolver/0.1.5/opentracing-tracerresolver-0.1.5.jar:/home/user/.m2/repository/io/opentracing/opentracing-util/0.31.0/opentracing-util-0.31.0.jar:/home/user/.m2/repository/io/opentracing/opentracing-api/0.31.0/opentracing-api-0.31.0.jar:/home/user/.m2/repository/io/opentracing/opentracing-noop/0.31.0/opentracing-noop-0.31.0.jar:/home/user/.m2/repository/org/apache/hadoop/hadoop-hdds-server-framework/0.5.0-SNAPSHOT/hadoop-hdds-server-framework-0.5.0-SNAPSHOT.jar:/home/user/.m2/repository/org/apache/hadoop/hadoop-hdds-container-service/0.5.0-SNAPSHOT/hadoop-hdds-container-service-0.5.0-SNAPSHOT.jar:/home/user/.m2/repository/org/apache/hadoop/hadoop-hdds-client/0.5.0-SNAPSHOT/hadoop-hdds-client-0.5.0-SNAPSHOT.jar:/home/user/.m2/repository/org/apache/hadoop/hadoop-hdds-tools/0.5.0-SNAPSHOT/hadoop-hdds-tools-0.5.0-SNAPSHOT.jar:/home/user/.m2/repository/org/apache/hadoop/hadoop-hdds-server-scm/0.5.0-SNAPSHOT/hadoop-hdds-server-scm-0.5.0-SNAPSHOT.jar:/home/user/.m2/repository/org/apache/hadoop/hadoop-hdds-docs/0.5.0-SNAPSHOT/hadoop-hdds-docs-0.5.0-SNAPSHOT.jar:/home/user/.m2/repository/io/dropwizard/metrics/metrics-core/3.2.4/metrics-core-3.2.4.jar:/home/user/.m2/repository/org/hamcrest/hamcrest-all/1.3/hamcrest-all-1.3.jar:/home/user/.m2/repository/org/bouncycastle/bcprov-jdk15on/1.60/bcprov-jdk15on-1.60.jar:/home/user/.m2/repository/info/picocli/picocli/3.9.6/picocli-3.9.6.jar:/home/user/.m2/repository/com/google/protobuf/protobuf-java/2.5.0/protobuf-java-2.5.0.jar:/home/user/.m2/repository/com/google/guava/guava/11.0.2/guava-11.0.2.jar:/home/user/.m2/repository/org/apache/hadoop/hadoop-ozone-ozone-manager/0.5.0-SNAPSHOT/hadoop-ozone-ozone-manager-0.5.0-SNAPSHOT.jar:/home/user/.m2/repository/org/apache/hadoop/hadoop-minikdc/3.2.0/hadoop-minikdc-3.2.0.jar:/home/user/.m2/repository/commons-io/commons-io/2.5/commons-io-2.5.jar:/home/user/.m2/repository/org/apache/kerby/kerb-simplekdc/1.0.1/kerb-simplekdc-1.0.1.jar:/home/user/.m2/repository/org/apache/kerby/kerb-client/1.0.1/kerb-client-1.0.1.jar:/home/user/.m2/repository/org/apache/kerby/kerby-config/1.0.1/kerby-config-1.0.1.jar:/home/user/.m2/repository/org/apache/kerby/kerb-core/1.0.1/kerb-core-1.0.1.jar:/home/user/.m2/repository/org/apache/kerby/kerby-pkix/1.0.1/kerby-pkix-1.0.1.jar:/home/user/.m2/repository/org/apache/kerby/kerby-asn1/1.0.1/kerby-asn1-1.0.1.jar:/home/user/.m2/repository/org/apache/kerby/kerby-util/1.0.1/kerby-util-1.0.1.jar:/home/user/.m2/repository/org/apache/kerby/kerb-common/1.0.1/kerb-common-1.0.1.jar:/home/user/.m2/repository/org/apache/kerby/kerb-crypto/1.0.1/kerb-crypto-1.0.1.jar:/home/user/.m2/repository/org/apache/kerby/kerb-util/1.0.1/kerb-util-1.0.1.jar:/home/user/.m2/repository/org/apache/kerby/token-provider/1.0.1/token-provider-1.0.1.jar:/home/user/.m2/repository/org/apache/kerby/kerb-admin/1.0.1/kerb-admin-1.0.1.jar:/home/user/.m2/repository/org/apache/kerby/kerb-server/1.0.1/kerb-server-1.0.1.jar:/home/user/.m2/repository/org/apache/kerby/kerb-identity/1.0.1/kerb-identity-1.0.1.jar:/home/user/.m2/repository/org/apache/kerby/kerby-xdr/1.0.1/kerby-xdr-1.0.1.jar:/home/user/.m2/repository/org/slf4j/slf4j-log4j12/1.7.25/slf4j-log4j12-1.7.25.jar:/home/user/.m2/repository/org/apache/hadoop/hadoop-ozone-objectstore-service/0.5.0-SNAPSHOT/hadoop-ozone-objectstore-service-0.5.0-SNAPSHOT.jar:/home/user/.m2/repository/org/apache/hadoop/hadoop-ozone-s3gateway/0.5.0-SNAPSHOT/hadoop-ozone-s3gateway-0.5.0-SNAPSHOT.jar:/home/user/.m2/repository/org/jboss/weld/servlet/weld-servlet/2.4.7.Final/weld-servlet-2.4.7.Final.jar:/home/user/.m2/repository/org/glassfish/jersey/containers/jersey-container-servlet-core/2.27/jersey-container-servlet-core-2.27.jar:/home/user/.m2/repository/org/glassfish/hk2/external/javax.inject/2.5.0-b42/javax.inject-2.5.0-b42.jar:/home/user/.m2/repository/org/glassfish/jersey/core/jersey-common/2.27/jersey-common-2.27.jar:/home/user/.m2/repository/org/glassfish/hk2/osgi-resource-locator/1.0.1/osgi-resource-locator-1.0.1.jar:/home/user/.m2/repository/javax/ws/rs/javax.ws.rs-api/2.1/javax.ws.rs-api-2.1.jar:/home/user/.m2/repository/org/glassfish/jersey/ext/cdi/jersey-cdi1x/2.27/jersey-cdi1x-2.27.jar:/home/user/.m2/repository/org/glassfish/jersey/inject/jersey-hk2/2.27/jersey-hk2-2.27.jar:/home/user/.m2/repository/org/glassfish/hk2/hk2-locator/2.5.0-b42/hk2-locator-2.5.0-b42.jar:/home/user/.m2/repository/org/javassist/javassist/3.22.0-CR2/javassist-3.22.0-CR2.jar:/home/user/.m2/repository/org/glassfish/hk2/hk2-api/2.5.0/hk2-api-2.5.0.jar:/home/user/.m2/repository/org/glassfish/hk2/external/jakarta.inject/2.5.0/jakarta.inject-2.5.0.jar:/home/user/.m2/repository/org/glassfish/hk2/hk2-utils/2.5.0/hk2-utils-2.5.0.jar:/home/user/.m2/repository/jakarta/annotation/jakarta.annotation-api/1.3.4/jakarta.annotation-api-1.3.4.jar:/home/user/.m2/repository/org/glassfish/hk2/external/aopalliance-repackaged/2.5.0/aopalliance-repackaged-2.5.0.jar:/home/user/.m2/repository/com/fasterxml/jackson/dataformat/jackson-dataformat-xml/2.9.0/jackson-dataformat-xml-2.9.0.jar:/home/user/.m2/repository/com/fasterxml/jackson/core/jackson-core/2.9.5/jackson-core-2.9.5.jar:/home/user/.m2/repository/com/fasterxml/jackson/module/jackson-module-jaxb-annotations/2.9.5/jackson-module-jaxb-annotations-2.9.5.jar:/home/user/.m2/repository/javax/enterprise/cdi-api/1.2/cdi-api-1.2.jar:/home/user/.m2/repository/javax/el/javax.el-api/3.0.0/javax.el-api-3.0.0.jar:/home/user/.m2/repository/javax/interceptor/javax.interceptor-api/1.2/javax.interceptor-api-1.2.jar:/home/user/.m2/repository/javax/inject/javax.inject/1/javax.inject-1.jar:/home/user/.m2/repository/com/sun/xml/bind/jaxb-impl/2.3.0.1/jaxb-impl-2.3.0.1.jar:/home/user/.m2/repository/com/sun/xml/bind/jaxb-core/2.3.0.1/jaxb-core-2.3.0.1.jar:/home/user/.m2/repository/javax/xml/bind/jaxb-api/2.3.0/jaxb-api-2.3.0.jar:/home/user/.m2/repository/javax/activation/activation/1.1.1/activation-1.1.1.jar:/home/user/.m2/repository/org/apache/hadoop/hadoop-ozone-csi/0.5.0-SNAPSHOT/hadoop-ozone-csi-0.5.0-SNAPSHOT.jar:/home/user/.m2/repository/com/google/protobuf/protobuf-java-util/3.5.1/protobuf-java-util-3.5.1.jar:/home/user/.m2/repository/org/apache/hadoop/hadoop-hdds-config/0.5.0-SNAPSHOT/hadoop-hdds-config-0.5.0-SNAPSHOT.jar:/home/user/.m2/repository/io/grpc/grpc-netty/1.17.1/grpc-netty-1.17.1.jar:/home/user/.m2/repository/io/grpc/grpc-core/1.17.1/grpc-core-1.17.1.jar:/home/user/.m2/repository/io/grpc/grpc-context/1.17.1/grpc-context-1.17.1.jar:/home/user/.m2/repository/com/google/errorprone/error_prone_annotations/2.2.0/error_prone_annotations-2.2.0.jar:/home/user/.m2/repository/org/codehaus/mojo/animal-sniffer-annotations/1.17/animal-sniffer-annotations-1.17.jar:/home/user/.m2/repository/io/opencensus/opencensus-api/0.17.0/opencensus-api-0.17.0.jar:/home/user/.m2/repository/io/opencensus/opencensus-contrib-grpc-metrics/0.17.0/opencensus-contrib-grpc-metrics-0.17.0.jar:/home/user/.m2/repository/io/netty/netty-codec-http2/4.1.30.Final/netty-codec-http2-4.1.30.Final.jar:/home/user/.m2/repository/io/netty/netty-codec-http/4.1.30.Final/netty-codec-http-4.1.30.Final.jar:/home/user/.m2/repository/io/netty/netty-codec/4.1.30.Final/netty-codec-4.1.30.Final.jar:/home/user/.m2/repository/io/netty/netty-handler/4.1.30.Final/netty-handler-4.1.30.Final.jar:/home/user/.m2/repository/io/netty/netty-handler-proxy/4.1.30.Final/netty-handler-proxy-4.1.30.Final.jar:/home/user/.m2/repository/io/netty/netty-codec-socks/4.1.30.Final/netty-codec-socks-4.1.30.Final.jar:/home/user/.m2/repository/io/netty/netty-transport-native-epoll/4.1.30.Final/netty-transport-native-epoll-4.1.30.Final.jar:/home/user/.m2/repository/io/netty/netty-common/4.1.30.Final/netty-common-4.1.30.Final.jar:/home/user/.m2/repository/io/netty/netty-buffer/4.1.30.Final/netty-buffer-4.1.30.Final.jar:/home/user/.m2/repository/io/netty/netty-transport/4.1.30.Final/netty-transport-4.1.30.Final.jar:/home/user/.m2/repository/io/netty/netty-resolver/4.1.30.Final/netty-resolver-4.1.30.Final.jar:/home/user/.m2/repository/io/netty/netty-transport-native-unix-common/4.1.30.Final/netty-transport-native-unix-common-4.1.30.Final.jar:/home/user/.m2/repository/io/grpc/grpc-protobuf/1.17.1/grpc-protobuf-1.17.1.jar:/home/user/.m2/repository/com/google/api/grpc/proto-google-common-protos/1.0.0/proto-google-common-protos-1.0.0.jar:/home/user/.m2/repository/io/grpc/grpc-protobuf-lite/1.17.1/grpc-protobuf-lite-1.17.1.jar:/home/user/.m2/repository/io/grpc/grpc-stub/1.17.1/grpc-stub-1.17.1.jar:/home/user/.m2/repository/org/apache/hadoop/hadoop-ozone-recon/0.5.0-SNAPSHOT/hadoop-ozone-recon-0.5.0-SNAPSHOT.jar:/home/user/.m2/repository/org/apache/hadoop/hadoop-ozone-reconcodegen/0.5.0-SNAPSHOT/hadoop-ozone-reconcodegen-0.5.0-SNAPSHOT.jar:/home/user/.m2/repository/com/google/inject/extensions/guice-multibindings/4.0/guice-multibindings-4.0.jar:/home/user/.m2/repository/com/google/inject/guice/4.0/guice-4.0.jar:/home/user/.m2/repository/aopalliance/aopalliance/1.0/aopalliance-1.0.jar:/home/user/.m2/repository/com/google/inject/extensions/guice-servlet/4.0/guice-servlet-4.0.jar:/home/user/.m2/repository/org/glassfish/jersey/containers/jersey-container-servlet/2.27/jersey-container-servlet-2.27.jar:/home/user/.m2/repository/org/glassfish/hk2/guice-bridge/2.5.0/guice-bridge-2.5.0.jar:/home/user/.m2/repository/org/glassfish/jersey/core/jersey-server/2.27/jersey-server-2.27.jar:/home/user/.m2/repository/org/glassfish/jersey/core/jersey-client/2.27/jersey-client-2.27.jar:/home/user/.m2/repository/org/glassfish/jersey/media/jersey-media-jaxb/2.27/jersey-media-jaxb-2.27.jar:/home/user/.m2/repository/javax/validation/validation-api/1.1.0.Final/validation-api-1.1.0.Final.jar:/home/user/.m2/repository/org/glassfish/jersey/media/jersey-media-json-jackson/2.27/jersey-media-json-jackson-2.27.jar:/home/user/.m2/repository/org/glassfish/jersey/ext/jersey-entity-filtering/2.27/jersey-entity-filtering-2.27.jar:/home/user/.m2/repository/com/google/inject/extensions/guice-assistedinject/4.0/guice-assistedinject-4.0.jar:/home/user/.m2/repository/org/jooq/jooq/3.11.10/jooq-3.11.10.jar:/home/user/.m2/repository/org/jooq/jooq-meta/3.11.10/jooq-meta-3.11.10.jar:/home/user/.m2/repository/org/jooq/jooq-codegen/3.11.10/jooq-codegen-3.11.10.jar:/home/user/.m2/repository/com/jolbox/bonecp/0.8.0.RELEASE/bonecp-0.8.0.RELEASE.jar:/home/user/.m2/repository/org/xerial/sqlite-jdbc/3.25.2/sqlite-jdbc-3.25.2.jar:/home/user/.m2/repository/org/springframework/spring-jdbc/5.1.3.RELEASE/spring-jdbc-5.1.3.RELEASE.jar:/home/user/.m2/repository/org/springframework/spring-beans/5.1.3.RELEASE/spring-beans-5.1.3.RELEASE.jar:/home/user/.m2/repository/org/springframework/spring-core/5.1.3.RELEASE/spring-core-5.1.3.RELEASE.jar:/home/user/.m2/repository/org/springframework/spring-jcl/5.1.3.RELEASE/spring-jcl-5.1.3.RELEASE.jar:/home/user/.m2/repository/org/springframework/spring-tx/5.1.3.RELEASE/spring-tx-5.1.3.RELEASE.jar:/home/user/.m2/repository/org/apache/hadoop/hadoop-ozone-client/0.5.0-SNAPSHOT/hadoop-ozone-client-0.5.0-SNAPSHOT.jar:/home/user/.m2/repository/commons-lang/commons-lang/2.6/commons-lang-2.6.jar:/home/user/.m2/repository/org/apache/hadoop/hadoop-ozone-ozone-manager/0.5.0-SNAPSHOT/hadoop-ozone-ozone-manager-0.5.0-SNAPSHOT-tests.jar:/home/user/.m2/repository/junit/junit/4.11/junit-4.11.jar:/home/user/.m2/repository/org/hamcrest/hamcrest-core/1.3/hamcrest-core-1.3.jar:/home/user/.m2/repository/org/openjdk/jmh/jmh-core/1.19/jmh-core-1.19.jar:/home/user/.m2/repository/net/sf/jopt-simple/jopt-simple/4.6/jopt-simple-4.6.jar:/home/user/.m2/repository/org/apache/commons/commons-math3/3.1.1/commons-math3-3.1.1.jar:/home/user/.m2/repository/org/openjdk/jmh/jmh-generator-annprocess/1.19/jmh-generator-annprocess-1.19.jar:/home/user/.m2/repository/org/mockito/mockito-all/1.8.5/mockito-all-1.8.5.jar:/home/user/.m2/repository/org/apache/hadoop/hadoop-kms/3.2.0/hadoop-kms-3.2.0.jar:/home/user/.m2/repository/org/apache/hadoop/hadoop-auth/3.2.0/hadoop-auth-3.2.0.jar:/home/user/.m2/repository/com/nimbusds/nimbus-jose-jwt/4.41.1/nimbus-jose-jwt-4.41.1.jar:/home/user/.m2/repository/com/github/stephenc/jcip/jcip-annotations/1.0-1/jcip-annotations-1.0-1.jar:/home/user/.m2/repository/net/minidev/json-smart/2.3/json-smart-2.3.jar:/home/user/.m2/repository/net/minidev/accessors-smart/1.2/accessors-smart-1.2.jar:/home/user/.m2/repository/org/ow2/asm/asm/5.0.4/asm-5.0.4.jar:/home/user/.m2/repository/org/apache/curator/curator-framework/2.12.0/curator-framework-2.12.0.jar:/home/user/.m2/repository/com/sun/jersey/jersey-core/1.19/jersey-core-1.19.jar:/home/user/.m2/repository/javax/ws/rs/jsr311-api/1.1.1/jsr311-api-1.1.1.jar:/home/user/.m2/repository/com/sun/jersey/jersey-server/1.19/jersey-server-1.19.jar:/home/user/.m2/repository/javax/servlet/javax.servlet-api/3.1.0/javax.servlet-api-3.1.0.jar:/home/user/.m2/repository/org/eclipse/jetty/jetty-server/9.3.24.v20180605/jetty-server-9.3.24.v20180605.jar:/home/user/.m2/repository/org/eclipse/jetty/jetty-http/9.3.24.v20180605/jetty-http-9.3.24.v20180605.jar:/home/user/.m2/repository/org/eclipse/jetty/jetty-io/9.3.24.v20180605/jetty-io-9.3.24.v20180605.jar:/home/user/.m2/repository/org/eclipse/jetty/jetty-webapp/9.3.24.v20180605/jetty-webapp-9.3.24.v20180605.jar:/home/user/.m2/repository/org/eclipse/jetty/jetty-xml/9.3.24.v20180605/jetty-xml-9.3.24.v20180605.jar:/home/user/.m2/repository/log4j/log4j/1.2.17/log4j-1.2.17.jar:/home/user/.m2/repository/org/slf4j/slf4j-api/1.7.25/slf4j-api-1.7.25.jar:/home/user/.m2/repository/org/slf4j/jul-to-slf4j/1.7.25/jul-to-slf4j-1.7.25.jar:/home/user/.m2/repository/org/eclipse/jetty/jetty-util/9.3.24.v20180605/jetty-util-9.3.24.v20180605.jar:/home/user/.m2/repository/com/fasterxml/jackson/core/jackson-databind/2.9.5/jackson-databind-2.9.5.jar:/home/user/.m2/repository/org/apache/hadoop/hadoop-kms/3.2.0/hadoop-kms-3.2.0-tests.jar:/home/user/.m2/repository/org/apache/hadoop/hadoop-hdds-server-scm/0.5.0-SNAPSHOT/hadoop-hdds-server-scm-0.5.0-SNAPSHOT-tests.jar:/home/user/.m2/repository/org/apache/hadoop/hadoop-hdds-container-service/0.5.0-SNAPSHOT/hadoop-hdds-container-service-0.5.0-SNAPSHOT-tests.jar:/home/user/.m2/repository/org/yaml/snakeyaml/1.16/snakeyaml-1.16.jar:/home/user/.m2/repository/org/apache/hadoop/hadoop-common/3.2.0/hadoop-common-3.2.0-tests.jar:/home/user/.m2/repository/org/apache/hadoop/hadoop-annotations/3.2.0/hadoop-annotations-3.2.0.jar:/usr/lib/jvm/java-1.8-openjdk/jre/../lib/tools.jar:/home/user/.m2/repository/commons-cli/commons-cli/1.2/commons-cli-1.2.jar:/home/user/.m2/repository/org/apache/httpcomponents/httpclient/4.5.2/httpclient-4.5.2.jar:/home/user/.m2/repository/org/apache/httpcomponents/httpcore/4.4.4/httpcore-4.4.4.jar:/home/user/.m2/repository/commons-codec/commons-codec/1.11/commons-codec-1.11.jar:/home/user/.m2/repository/commons-net/commons-net/3.6/commons-net-3.6.jar:/home/user/.m2/repository/commons-collections/commons-collections/3.2.2/commons-collections-3.2.2.jar:/home/user/.m2/repository/org/eclipse/jetty/jetty-servlet/9.3.24.v20180605/jetty-servlet-9.3.24.v20180605.jar:/home/user/.m2/repository/org/eclipse/jetty/jetty-security/9.3.24.v20180605/jetty-security-9.3.24.v20180605.jar:/home/user/.m2/repository/javax/servlet/jsp/jsp-api/2.1/jsp-api-2.1.jar:/home/user/.m2/repository/com/sun/jersey/jersey-servlet/1.19/jersey-servlet-1.19.jar:/home/user/.m2/repository/com/sun/jersey/jersey-json/1.19/jersey-json-1.19.jar:/home/user/.m2/repository/org/codehaus/jettison/jettison/1.1/jettison-1.1.jar:/home/user/.m2/repository/org/codehaus/jackson/jackson-core-asl/1.9.13/jackson-core-asl-1.9.13.jar:/home/user/.m2/repository/org/codehaus/jackson/jackson-mapper-asl/1.9.13/jackson-mapper-asl-1.9.13.jar:/home/user/.m2/repository/org/codehaus/jackson/jackson-jaxrs/1.9.13/jackson-jaxrs-1.9.13.jar:/home/user/.m2/repository/org/codehaus/jackson/jackson-xc/1.9.13/jackson-xc-1.9.13.jar:/home/user/.m2/repository/commons-logging/commons-logging/1.1.3/commons-logging-1.1.3.jar:/home/user/.m2/repository/commons-beanutils/commons-beanutils/1.9.3/commons-beanutils-1.9.3.jar:/home/user/.m2/repository/org/apache/commons/commons-configuration2/2.1.1/commons-configuration2-2.1.1.jar:/home/user/.m2/repository/org/apache/commons/commons-lang3/3.7/commons-lang3-3.7.jar:/home/user/.m2/repository/org/apache/commons/commons-text/1.4/commons-text-1.4.jar:/home/user/.m2/repository/org/apache/avro/avro/1.7.7/avro-1.7.7.jar:/home/user/.m2/repository/com/thoughtworks/paranamer/paranamer/2.3/paranamer-2.3.jar:/home/user/.m2/repository/org/xerial/snappy/snappy-java/1.0.5/snappy-java-1.0.5.jar:/home/user/.m2/repository/com/google/re2j/re2j/1.1/re2j-1.1.jar:/home/user/.m2/repository/com/google/code/gson/gson/2.2.4/gson-2.2.4.jar:/home/user/.m2/repository/com/jcraft/jsch/0.1.54/jsch-0.1.54.jar:/home/user/.m2/repository/org/apache/curator/curator-client/2.12.0/curator-client-2.12.0.jar:/home/user/.m2/repository/org/apache/curator/curator-recipes/2.12.0/curator-recipes-2.12.0.jar:/home/user/.m2/repository/com/google/code/findbugs/jsr305/3.0.0/jsr305-3.0.0.jar:/home/user/.m2/repository/org/apache/htrace/htrace-core4/4.1.0-incubating/htrace-core4-4.1.0-incubating.jar:/home/user/.m2/repository/org/apache/zookeeper/zookeeper/3.4.13/zookeeper-3.4.13.jar:/home/user/.m2/repository/org/apache/yetus/audience-annotations/0.5.0/audience-annotations-0.5.0.jar:/home/user/.m2/repository/org/codehaus/woodstox/stax2-api/3.1.4/stax2-api-3.1.4.jar:/home/user/.m2/repository/com/fasterxml/woodstox/woodstox-core/5.0.3/woodstox-core-5.0.3.jar:/home/user/.m2/repository/dnsjava/dnsjava/2.1.7/dnsjava-2.1.7.jar:/home/user/.m2/repository/org/apache/hadoop/hadoop-hdfs/3.2.0/hadoop-hdfs-3.2.0-tests.jar:/home/user/.m2/repository/org/eclipse/jetty/jetty-util-ajax/9.3.24.v20180605/jetty-util-ajax-9.3.24.v20180605.jar:/home/user/.m2/repository/commons-daemon/commons-daemon/1.0.13/commons-daemon-1.0.13.jar:/home/user/.m2/repository/io/netty/netty/3.10.5.Final/netty-3.10.5.Final.jar:/home/user/.m2/repository/io/netty/netty-all/4.0.52.Final/netty-all-4.0.52.Final.jar:/home/user/.m2/repository/org/fusesource/leveldbjni/leveldbjni-all/1.8/leveldbjni-all-1.8.jar:"/>
    <property name="sun.cpu.endian" value="little"/>
    <property name="user.home" value="/home/user"/>
    <property name="user.language" value="en"/>
    <property name="java.specification.vendor" value="Oracle Corporation"/>
    <property name="java.home" value="/usr/lib/jvm/java-1.8-openjdk/jre"/>
    <property name="java.security.krb5.conf" value="/workdir/hadoop-ozone/integration-test/target/test-classes/krb5.conf"/>
    <property name="basedir" value="/workdir/hadoop-ozone/integration-test"/>
    <property name="file.separator" value="/"/>
    <property name="line.separator" value="&#10;"/>
    <property name="java.vm.specification.vendor" value="Oracle Corporation"/>
    <property name="java.specification.name" value="Java Platform API Specification"/>
    <property name="java.awt.graphicsenv" value="sun.awt.X11GraphicsEnvironment"/>
    <property name="surefire.real.class.path" value="/workdir/hadoop-ozone/integration-test/target/surefire/surefirebooter4662644913681203110.jar"/>
    <property name="hadoop.log.dir" value="/workdir/hadoop-ozone/integration-test/target/log"/>
    <property name="sun.boot.class.path" value="/usr/lib/jvm/java-1.8-openjdk/jre/lib/resources.jar:/usr/lib/jvm/java-1.8-openjdk/jre/lib/rt.jar:/usr/lib/jvm/java-1.8-openjdk/jre/lib/sunrsasign.jar:/usr/lib/jvm/java-1.8-openjdk/jre/lib/jsse.jar:/usr/lib/jvm/java-1.8-openjdk/jre/lib/jce.jar:/usr/lib/jvm/java-1.8-openjdk/jre/lib/charsets.jar:/usr/lib/jvm/java-1.8-openjdk/jre/lib/jfr.jar:/usr/lib/jvm/java-1.8-openjdk/jre/classes"/>
    <property name="sun.management.compiler" value="HotSpot 64-Bit Tiered Compilers"/>
    <property name="java.runtime.version" value="1.8.0_212-b04"/>
    <property name="java.net.preferIPv4Stack" value="true"/>
    <property name="user.name" value="jenkins1000"/>
    <property name="path.separator" value=":"/>
    <property name="java.security.egd" value="file:///dev/urandom"/>
    <property name="os.version" value="3.10.0-957.12.2.el7.x86_64"/>
    <property name="java.endorsed.dirs" value="/usr/lib/jvm/java-1.8-openjdk/jre/lib/endorsed"/>
    <property name="java.runtime.name" value="OpenJDK Runtime Environment"/>
    <property name="file.encoding" value="UTF-8"/>
    <property name="java.vm.name" value="OpenJDK 64-Bit Server VM"/>
    <property name="test.build.webapps" value=""/>
    <property name="localRepository" value="/home/user/.m2/repository"/>
    <property name="java.vendor.url.bug" value="https://icedtea.classpath.org/bugzilla"/>
    <property name="java.io.tmpdir" value="/tmp"/>
    <property name="require.test.libhadoop" value=""/>
    <property name="java.version" value="1.8.0_212"/>
    <property name="user.dir" value="/workdir/hadoop-ozone/integration-test"/>
    <property name="os.arch" value="amd64"/>
    <property name="java.vm.specification.name" value="Java Virtual Machine Specification"/>
    <property name="test.build.classes" value="/workdir/hadoop-ozone/integration-test/target/test-classes"/>
    <property name="java.awt.printerjob" value="sun.print.PSPrinterJob"/>
    <property name="sun.os.patch.level" value="unknown"/>
    <property name="hadoop.tmp.dir" value="/workdir/hadoop-ozone/integration-test/target/tmp"/>
    <property name="java.library.path" value="/usr/lib/jvm/java-1.8-openjdk/jre/lib/amd64/server:/usr/lib/jvm/java-1.8-openjdk/jre/lib/amd64:/usr/lib/jvm/java-1.8-openjdk/jre/../lib/amd64:/workdir/hadoop-ozone/integration-test/target/native/target/usr/local/lib:/workdir/hadoop-ozone/integration-test/../../hadoop-common-project/hadoop-common/target/native/target/usr/local/lib:/usr/java/packages/lib/amd64:/usr/lib64:/lib64:/lib:/usr/lib"/>
    <property name="java.vm.info" value="mixed mode"/>
    <property name="java.vendor" value="IcedTea"/>
    <property name="java.vm.version" value="25.212-b04"/>
    <property name="java.ext.dirs" value="/usr/lib/jvm/java-1.8-openjdk/jre/lib/ext:/usr/java/packages/lib/ext"/>
    <property name="sun.io.unicode.encoding" value="UnicodeLittle"/>
    <property name="java.class.version" value="52.0"/>
  </properties>
  <testcase name="test2WayCommitForRetryfailure" classname="org.apache.hadoop.ozone.client.rpc.Test2WayCommitInRatis" time="37.348">
    <error message="org.apache.ratis.protocol.RaftRetryFailureException: Failed RaftClientRequest:client-8F68879DA1B4-&gt;20f26f50-31a5-4065-a99c-917b728ca18a@group-8C515FE36C8F, cid=14, seq=2*, RW, org.apache.hadoop.hdds.scm.XceiverClientRatis$$Lambda$297/236275784@73fed1af for 20 attempts with RetryLimited(maxAttempts=20, sleepTime=1000ms)" type="java.util.concurrent.ExecutionException">java.util.concurrent.ExecutionException: org.apache.ratis.protocol.RaftRetryFailureException: Failed RaftClientRequest:client-8F68879DA1B4->20f26f50-31a5-4065-a99c-917b728ca18a@group-8C515FE36C8F, cid=14, seq=2*, RW, org.apache.hadoop.hdds.scm.XceiverClientRatis$$Lambda$297/236275784@73fed1af for 20 attempts with RetryLimited(maxAttempts=20, sleepTime=1000ms)
	at java.util.concurrent.CompletableFuture.reportGet(CompletableFuture.java:357)
	at java.util.concurrent.CompletableFuture.get(CompletableFuture.java:1895)
	at org.apache.hadoop.ozone.client.rpc.Test2WayCommitInRatis.test2WayCommitForRetryfailure(Test2WayCommitInRatis.java:144)
	at sun.reflect.NativeMethodAccessorImpl.invoke0(Native Method)
	at sun.reflect.NativeMethodAccessorImpl.invoke(NativeMethodAccessorImpl.java:62)
	at sun.reflect.DelegatingMethodAccessorImpl.invoke(DelegatingMethodAccessorImpl.java:43)
	at java.lang.reflect.Method.invoke(Method.java:498)
	at org.junit.runners.model.FrameworkMethod$1.runReflectiveCall(FrameworkMethod.java:47)
	at org.junit.internal.runners.model.ReflectiveCallable.run(ReflectiveCallable.java:12)
	at org.junit.runners.model.FrameworkMethod.invokeExplosively(FrameworkMethod.java:44)
	at org.junit.internal.runners.statements.InvokeMethod.evaluate(InvokeMethod.java:17)
	at org.junit.runners.ParentRunner.runLeaf(ParentRunner.java:271)
	at org.junit.runners.BlockJUnit4ClassRunner.runChild(BlockJUnit4ClassRunner.java:70)
	at org.junit.runners.BlockJUnit4ClassRunner.runChild(BlockJUnit4ClassRunner.java:50)
	at org.junit.runners.ParentRunner$3.run(ParentRunner.java:238)
	at org.junit.runners.ParentRunner$1.schedule(ParentRunner.java:63)
	at org.junit.runners.ParentRunner.runChildren(ParentRunner.java:236)
	at org.junit.runners.ParentRunner.access$000(ParentRunner.java:53)
	at org.junit.runners.ParentRunner$2.evaluate(ParentRunner.java:229)
	at org.junit.runners.ParentRunner.run(ParentRunner.java:309)
	at org.apache.maven.surefire.junit4.JUnit4Provider.execute(JUnit4Provider.java:365)
	at org.apache.maven.surefire.junit4.JUnit4Provider.executeWithRerun(JUnit4Provider.java:273)
	at org.apache.maven.surefire.junit4.JUnit4Provider.executeTestSet(JUnit4Provider.java:238)
	at org.apache.maven.surefire.junit4.JUnit4Provider.invoke(JUnit4Provider.java:159)
	at org.apache.maven.surefire.booter.ForkedBooter.invokeProviderInSameClassLoader(ForkedBooter.java:384)
	at org.apache.maven.surefire.booter.ForkedBooter.runSuitesInProcess(ForkedBooter.java:345)
	at org.apache.maven.surefire.booter.ForkedBooter.execute(ForkedBooter.java:126)
	at org.apache.maven.surefire.booter.ForkedBooter.main(ForkedBooter.java:418)
Caused by: org.apache.ratis.protocol.RaftRetryFailureException: Failed RaftClientRequest:client-8F68879DA1B4->20f26f50-31a5-4065-a99c-917b728ca18a@group-8C515FE36C8F, cid=14, seq=2*, RW, org.apache.hadoop.hdds.scm.XceiverClientRatis$$Lambda$297/236275784@73fed1af for 20 attempts with RetryLimited(maxAttempts=20, sleepTime=1000ms)
	at org.apache.ratis.client.impl.RaftClientImpl.noMoreRetries(RaftClientImpl.java:272)
	at org.apache.ratis.client.impl.OrderedAsync.handleAsyncRetryFailure(OrderedAsync.java:138)
	at org.apache.ratis.client.impl.OrderedAsync.lambda$sendRequest$10(OrderedAsync.java:230)
	at java.util.concurrent.CompletableFuture.uniExceptionally(CompletableFuture.java:870)
	at java.util.concurrent.CompletableFuture$UniExceptionally.tryFire(CompletableFuture.java:852)
	at java.util.concurrent.CompletableFuture.postComplete(CompletableFuture.java:474)
	at java.util.concurrent.CompletableFuture.completeExceptionally(CompletableFuture.java:1977)
	at org.apache.ratis.grpc.client.GrpcClientProtocolClient$AsyncStreamObservers.completeReplyExceptionally(GrpcClientProtocolClient.java:330)
	at org.apache.ratis.grpc.client.GrpcClientProtocolClient$AsyncStreamObservers.access$000(GrpcClientProtocolClient.java:246)
	at org.apache.ratis.grpc.client.GrpcClientProtocolClient$AsyncStreamObservers$1.onNext(GrpcClientProtocolClient.java:258)
	at org.apache.ratis.grpc.client.GrpcClientProtocolClient$AsyncStreamObservers$1.onNext(GrpcClientProtocolClient.java:249)
	at org.apache.ratis.thirdparty.io.grpc.stub.ClientCalls$StreamObserverToCallListenerAdapter.onMessage(ClientCalls.java:421)
	at org.apache.ratis.thirdparty.io.grpc.ForwardingClientCallListener.onMessage(ForwardingClientCallListener.java:33)
	at org.apache.ratis.thirdparty.io.grpc.ForwardingClientCallListener.onMessage(ForwardingClientCallListener.java:33)
	at org.apache.ratis.thirdparty.io.grpc.internal.ClientCallImpl$ClientStreamListenerImpl$1MessagesAvailable.runInContext(ClientCallImpl.java:519)
	at org.apache.ratis.thirdparty.io.grpc.internal.ContextRunnable.run(ContextRunnable.java:37)
	at org.apache.ratis.thirdparty.io.grpc.internal.SerializingExecutor.run(SerializingExecutor.java:123)
	at java.util.concurrent.ThreadPoolExecutor.runWorker(ThreadPoolExecutor.java:1149)
	at java.util.concurrent.ThreadPoolExecutor$Worker.run(ThreadPoolExecutor.java:624)
	at java.lang.Thread.run(Thread.java:748)
Caused by: org.apache.ratis.protocol.NotLeaderException: Server 20f26f50-31a5-4065-a99c-917b728ca18a is not the leader (null). Request must be sent to leader.
	at org.apache.ratis.client.impl.ClientProtoUtils.toRaftClientReply(ClientProtoUtils.java:242)
	at org.apache.ratis.grpc.client.GrpcClientProtocolClient$AsyncStreamObservers$1.onNext(GrpcClientProtocolClient.java:254)
	... 10 more
</error>
    <system-out><![CDATA[2019-08-21 15:25:29,102 [main] WARN  server.ServerUtils (ServerUtils.java:getScmDbDir(145)) - ozone.scm.db.dirs is not configured. We recommend adding this setting. Falling back to ozone.metadata.dirs instead.
2019-08-21 15:25:29,224 [main] WARN  server.ServerUtils (ServerUtils.java:getScmDbDir(145)) - ozone.scm.db.dirs is not configured. We recommend adding this setting. Falling back to ozone.metadata.dirs instead.
2019-08-21 15:25:29,227 [main] WARN  server.ServerUtils (ServerUtils.java:getScmDbDir(145)) - ozone.scm.db.dirs is not configured. We recommend adding this setting. Falling back to ozone.metadata.dirs instead.
2019-08-21 15:25:29,246 [main] INFO  util.log (Log.java:initialized(192)) - Logging initialized @923ms
2019-08-21 15:25:29,351 [main] INFO  db.DBStoreBuilder (DBStoreBuilder.java:addTable(110)) - using custom profile for table: deletedBlocks
2019-08-21 15:25:29,351 [main] INFO  db.DBStoreBuilder (DBStoreBuilder.java:processTables(161)) - Using default column profile:DBProfile.DISK for Table:deletedBlocks
2019-08-21 15:25:29,352 [main] INFO  db.DBStoreBuilder (DBStoreBuilder.java:addTable(110)) - using custom profile for table: validCerts
2019-08-21 15:25:29,352 [main] INFO  db.DBStoreBuilder (DBStoreBuilder.java:processTables(161)) - Using default column profile:DBProfile.DISK for Table:validCerts
2019-08-21 15:25:29,352 [main] INFO  db.DBStoreBuilder (DBStoreBuilder.java:addTable(110)) - using custom profile for table: revokedCerts
2019-08-21 15:25:29,353 [main] INFO  db.DBStoreBuilder (DBStoreBuilder.java:processTables(161)) - Using default column profile:DBProfile.DISK for Table:revokedCerts
2019-08-21 15:25:29,366 [main] INFO  db.DBStoreBuilder (DBStoreBuilder.java:addTable(110)) - using custom profile for table: default
2019-08-21 15:25:29,366 [main] INFO  db.DBStoreBuilder (DBStoreBuilder.java:processTables(167)) - Using default column profile:DBProfile.DISK for Table:default
2019-08-21 15:25:29,368 [main] INFO  db.DBStoreBuilder (DBStoreBuilder.java:getDbProfile(198)) - Using default options. DBProfile.DISK
2019-08-21 15:25:30,952 [main] INFO  net.NodeSchemaLoader (NodeSchemaLoader.java:loadSchemaFromFile(125)) - Loading file from sun.misc.CompoundEnumeration@6eda5c9
2019-08-21 15:25:30,955 [main] INFO  net.NodeSchemaLoader (NodeSchemaLoader.java:loadSchema(171)) - Loading network topology layer schema file
2019-08-21 15:25:31,048 [main] WARN  server.ServerUtils (ServerUtils.java:sanitizeUserArgs(70)) - ozone.scm.stale.node.interval value = 300000 is larger than max = 100000 based on the key value of ozone.scm.heartbeat.thread.interval, reset to the max value 100000.
2019-08-21 15:25:31,050 [main] WARN  server.ServerUtils (ServerUtils.java:sanitizeUserArgs(70)) - ozone.scm.stale.node.interval value = 300000 is larger than max = 100000 based on the key value of ozone.scm.heartbeat.thread.interval, reset to the max value 100000.
2019-08-21 15:25:31,053 [main] INFO  node.SCMNodeManager (SCMNodeManager.java:<init>(121)) - Entering startup safe mode.
2019-08-21 15:25:31,125 [main] INFO  algorithms.ContainerPlacementPolicyFactory (ContainerPlacementPolicyFactory.java:getPolicy(55)) - Create container placement policy of type org.apache.hadoop.hdds.scm.container.placement.algorithms.SCMContainerPlacementRandom
2019-08-21 15:25:31,141 [main] WARN  server.ServerUtils (ServerUtils.java:getScmDbDir(145)) - ozone.scm.db.dirs is not configured. We recommend adding this setting. Falling back to ozone.metadata.dirs instead.
2019-08-21 15:25:31,263 [main] INFO  pipeline.SCMPipelineManager (SCMPipelineManager.java:initializePipelineState(126)) - No pipeline exists in current db
2019-08-21 15:25:31,266 [main] WARN  server.ServerUtils (ServerUtils.java:getScmDbDir(145)) - ozone.scm.db.dirs is not configured. We recommend adding this setting. Falling back to ozone.metadata.dirs instead.
2019-08-21 15:25:31,427 [main] WARN  events.EventQueue (EventQueue.java:fireEvent(175)) - No event handler registered for event TypedEvent{payloadType=SafeModeStatus, name='SafeModeStatus'}
2019-08-21 15:25:31,928 [main] INFO  ipc.CallQueueManager (CallQueueManager.java:<init>(84)) - Using callQueue: class java.util.concurrent.LinkedBlockingQueue, queueCapacity: 2000, scheduler: class org.apache.hadoop.ipc.DefaultRpcScheduler, ipcBackoff: false.
2019-08-21 15:25:32,293 [Socket Reader #1 for port 33664] INFO  ipc.Server (Server.java:run(1074)) - Starting Socket Reader #1 for port 33664
2019-08-21 15:25:32,324 [main] INFO  ipc.CallQueueManager (CallQueueManager.java:<init>(84)) - Using callQueue: class java.util.concurrent.LinkedBlockingQueue, queueCapacity: 2000, scheduler: class org.apache.hadoop.ipc.DefaultRpcScheduler, ipcBackoff: false.
2019-08-21 15:25:32,325 [Socket Reader #1 for port 45635] INFO  ipc.Server (Server.java:run(1074)) - Starting Socket Reader #1 for port 45635
2019-08-21 15:25:32,333 [main] INFO  ipc.CallQueueManager (CallQueueManager.java:<init>(84)) - Using callQueue: class java.util.concurrent.LinkedBlockingQueue, queueCapacity: 2000, scheduler: class org.apache.hadoop.ipc.DefaultRpcScheduler, ipcBackoff: false.
2019-08-21 15:25:32,334 [Socket Reader #1 for port 40562] INFO  ipc.Server (Server.java:run(1074)) - Starting Socket Reader #1 for port 40562
2019-08-21 15:25:32,357 [main] INFO  hdfs.DFSUtil (DFSUtil.java:httpServerTemplateForNNAndJN(1641)) - Starting Web-server for scm at: http://0.0.0.0:0
2019-08-21 15:25:32,503 [main] INFO  server.AuthenticationFilter (AuthenticationFilter.java:constructSecretProvider(240)) - Unable to initialize FileSignerSecretProvider, falling back to use random secrets.
2019-08-21 15:25:32,511 [main] WARN  http.HttpRequestLog (HttpRequestLog.java:getRequestLog(97)) - Jetty request log can only be enabled using Log4j
2019-08-21 15:25:32,519 [main] INFO  http.HttpServer2 (HttpServer2.java:addGlobalFilter(975)) - Added global filter 'safety' (class=org.apache.hadoop.http.HttpServer2$QuotingInputFilter)
2019-08-21 15:25:32,522 [main] INFO  http.HttpServer2 (HttpServer2.java:addFilter(948)) - Added filter static_user_filter (class=org.apache.hadoop.http.lib.StaticUserWebFilter$StaticUserFilter) to context scm
2019-08-21 15:25:32,522 [main] INFO  http.HttpServer2 (HttpServer2.java:addFilter(958)) - Added filter static_user_filter (class=org.apache.hadoop.http.lib.StaticUserWebFilter$StaticUserFilter) to context logs
2019-08-21 15:25:32,522 [main] INFO  http.HttpServer2 (HttpServer2.java:addFilter(958)) - Added filter static_user_filter (class=org.apache.hadoop.http.lib.StaticUserWebFilter$StaticUserFilter) to context static
2019-08-21 15:25:32,552 [main] INFO  server.StorageContainerManager (StorageContainerManager.java:start(759)) - StorageContainerLocationProtocol RPC server is listening at /0.0.0.0:40562
2019-08-21 15:25:32,616 [main] WARN  impl.MetricsConfig (MetricsConfig.java:loadFirst(134)) - Cannot locate configuration: tried hadoop-metrics2-storagecontainermanager.properties,hadoop-metrics2.properties
2019-08-21 15:25:32,629 [main] INFO  impl.MetricsSystemImpl (MetricsSystemImpl.java:startTimer(374)) - Scheduled Metric snapshot period at 10 second(s).
2019-08-21 15:25:32,629 [main] INFO  impl.MetricsSystemImpl (MetricsSystemImpl.java:start(191)) - StorageContainerManager metrics system started
2019-08-21 15:25:32,884 [main] INFO  server.SCMClientProtocolServer (SCMClientProtocolServer.java:start(151)) - RPC server for Client  is listening at /0.0.0.0:40562
2019-08-21 15:25:32,885 [IPC Server Responder] INFO  ipc.Server (Server.java:run(1314)) - IPC Server Responder: starting
2019-08-21 15:25:32,885 [IPC Server listener on 40562] INFO  ipc.Server (Server.java:run(1153)) - IPC Server listener on 40562: starting
2019-08-21 15:25:32,887 [main] INFO  server.StorageContainerManager (StorageContainerManager.java:start(769)) - ScmBlockLocationProtocol RPC server is listening at /0.0.0.0:45635
2019-08-21 15:25:32,887 [main] INFO  server.SCMBlockProtocolServer (SCMBlockProtocolServer.java:start(140)) - RPC server for Block Protocol is listening at /0.0.0.0:45635
2019-08-21 15:25:32,888 [IPC Server Responder] INFO  ipc.Server (Server.java:run(1314)) - IPC Server Responder: starting
2019-08-21 15:25:32,888 [IPC Server listener on 45635] INFO  ipc.Server (Server.java:run(1153)) - IPC Server listener on 45635: starting
2019-08-21 15:25:32,892 [main] INFO  server.StorageContainerManager (StorageContainerManager.java:start(773)) - ScmDatanodeProtocl RPC server is listening at /0.0.0.0:33664
2019-08-21 15:25:32,893 [main] INFO  server.SCMDatanodeProtocolServer (SCMDatanodeProtocolServer.java:start(191)) - RPC server for DataNodes is listening at /0.0.0.0:33664
2019-08-21 15:25:32,893 [IPC Server Responder] INFO  ipc.Server (Server.java:run(1314)) - IPC Server Responder: starting
2019-08-21 15:25:32,893 [IPC Server listener on 33664] INFO  ipc.Server (Server.java:run(1153)) - IPC Server listener on 33664: starting
2019-08-21 15:25:32,899 [main] INFO  http.HttpServer2 (HttpServer2.java:bindListener(1191)) - Jetty bound to port 36468
2019-08-21 15:25:32,901 [main] INFO  server.Server (Server.java:doStart(351)) - jetty-9.3.24.v20180605, build timestamp: 2018-06-05T17:11:56Z, git hash: 84205aa28f11a4f31f2a3b86d1bba2cc8ab69827
2019-08-21 15:25:32,939 [main] INFO  handler.ContextHandler (ContextHandler.java:doStart(781)) - Started o.e.j.s.ServletContextHandler@47a5b70d{/logs,file:///workdir/hadoop-ozone/integration-test/target/log,AVAILABLE}
2019-08-21 15:25:32,940 [main] INFO  handler.ContextHandler (ContextHandler.java:doStart(781)) - Started o.e.j.s.ServletContextHandler@1a45193b{/static,file:///workdir/hadoop-ozone/integration-test/target/test-classes/webapps/static,AVAILABLE}
2019-08-21 15:25:32,972 [main] INFO  handler.ContextHandler (ContextHandler.java:doStart(781)) - Started o.e.j.w.WebAppContext@30b34287{/,file:///workdir/hadoop-ozone/integration-test/target/test-classes/webapps/scm/,AVAILABLE}{/scm}
2019-08-21 15:25:32,978 [main] INFO  server.AbstractConnector (AbstractConnector.java:doStart(278)) - Started ServerConnector@672f11c2{HTTP/1.1,[http/1.1]}{0.0.0.0:36468}
2019-08-21 15:25:32,979 [main] INFO  server.Server (Server.java:doStart(419)) - Started @4656ms
2019-08-21 15:25:32,980 [main] INFO  server.BaseHttpServer (BaseHttpServer.java:updateConnectorAddress(213)) - HTTP server of SCM is listening at http://0.0.0.0:36468
2019-08-21 15:25:32,985 [org.apache.hadoop.util.JvmPauseMonitor$Monitor@173b9122] INFO  util.JvmPauseMonitor (JvmPauseMonitor.java:run(188)) - Starting JVM pause monitor
2019-08-21 15:25:32,987 [main] WARN  server.ServerUtils (ServerUtils.java:getDBPath(222)) - ozone.om.db.dirs is not configured. We recommend adding this setting. Falling back to ozone.metadata.dirs instead.
2019-08-21 15:25:33,077 [main] WARN  server.ServerUtils (ServerUtils.java:getDBPath(222)) - ozone.om.db.dirs is not configured. We recommend adding this setting. Falling back to ozone.metadata.dirs instead.
2019-08-21 15:25:33,077 [main] WARN  server.ServerUtils (ServerUtils.java:getDBPath(222)) - ozone.om.db.dirs is not configured. We recommend adding this setting. Falling back to ozone.metadata.dirs instead.
2019-08-21 15:25:33,078 [main] INFO  om.OzoneManager (OzoneManager.java:setOMNodeDetails(648)) - OM Service ID is not set. Setting it to the default ID: omServiceIdDefault
2019-08-21 15:25:33,078 [main] INFO  om.OzoneManager (OzoneManager.java:setOMNodeDetails(654)) - OM Node ID is not set. Setting it to the OmStorage's OmID: d115b187-131e-4424-8d0e-488d85bef3fc
2019-08-21 15:25:33,079 [main] INFO  om.OzoneManager (OzoneManager.java:loadOMHAConfigs(605)) - Found matching OM address with OMServiceId: null, OMNodeId: null, RPC Address: localhost:0 and Ratis port: 9872
2019-08-21 15:25:33,302 | INFO  | SCMAudit | user=jenkins1000 | ip=192.168.69.66 | op=GET_SCM_INFO null | ret=SUCCESS |  
2019-08-21 15:25:33,735 [main] WARN  server.ServerUtils (ServerUtils.java:getDBPath(222)) - ozone.om.db.dirs is not configured. We recommend adding this setting. Falling back to ozone.metadata.dirs instead.
2019-08-21 15:25:33,742 [main] INFO  db.DBStoreBuilder (DBStoreBuilder.java:addTable(110)) - using custom profile for table: userTable
2019-08-21 15:25:33,743 [main] INFO  db.DBStoreBuilder (DBStoreBuilder.java:processTables(161)) - Using default column profile:DBProfile.DISK for Table:userTable
2019-08-21 15:25:33,743 [main] INFO  db.DBStoreBuilder (DBStoreBuilder.java:addTable(110)) - using custom profile for table: volumeTable
2019-08-21 15:25:33,743 [main] INFO  db.DBStoreBuilder (DBStoreBuilder.java:processTables(161)) - Using default column profile:DBProfile.DISK for Table:volumeTable
2019-08-21 15:25:33,743 [main] INFO  db.DBStoreBuilder (DBStoreBuilder.java:addTable(110)) - using custom profile for table: bucketTable
2019-08-21 15:25:33,744 [main] INFO  db.DBStoreBuilder (DBStoreBuilder.java:processTables(161)) - Using default column profile:DBProfile.DISK for Table:bucketTable
2019-08-21 15:25:33,744 [main] INFO  db.DBStoreBuilder (DBStoreBuilder.java:addTable(110)) - using custom profile for table: keyTable
2019-08-21 15:25:33,744 [main] INFO  db.DBStoreBuilder (DBStoreBuilder.java:processTables(161)) - Using default column profile:DBProfile.DISK for Table:keyTable
2019-08-21 15:25:33,744 [main] INFO  db.DBStoreBuilder (DBStoreBuilder.java:addTable(110)) - using custom profile for table: deletedTable
2019-08-21 15:25:33,745 [main] INFO  db.DBStoreBuilder (DBStoreBuilder.java:processTables(161)) - Using default column profile:DBProfile.DISK for Table:deletedTable
2019-08-21 15:25:33,745 [main] INFO  db.DBStoreBuilder (DBStoreBuilder.java:addTable(110)) - using custom profile for table: openKeyTable
2019-08-21 15:25:33,745 [main] INFO  db.DBStoreBuilder (DBStoreBuilder.java:processTables(161)) - Using default column profile:DBProfile.DISK for Table:openKeyTable
2019-08-21 15:25:33,745 [main] INFO  db.DBStoreBuilder (DBStoreBuilder.java:addTable(110)) - using custom profile for table: s3Table
2019-08-21 15:25:33,745 [main] INFO  db.DBStoreBuilder (DBStoreBuilder.java:processTables(161)) - Using default column profile:DBProfile.DISK for Table:s3Table
2019-08-21 15:25:33,746 [main] INFO  db.DBStoreBuilder (DBStoreBuilder.java:addTable(110)) - using custom profile for table: multipartInfoTable
2019-08-21 15:25:33,746 [main] INFO  db.DBStoreBuilder (DBStoreBuilder.java:processTables(161)) - Using default column profile:DBProfile.DISK for Table:multipartInfoTable
2019-08-21 15:25:33,746 [main] INFO  db.DBStoreBuilder (DBStoreBuilder.java:addTable(110)) - using custom profile for table: dTokenTable
2019-08-21 15:25:33,746 [main] INFO  db.DBStoreBuilder (DBStoreBuilder.java:processTables(161)) - Using default column profile:DBProfile.DISK for Table:dTokenTable
2019-08-21 15:25:33,747 [main] INFO  db.DBStoreBuilder (DBStoreBuilder.java:addTable(110)) - using custom profile for table: s3SecretTable
2019-08-21 15:25:33,747 [main] INFO  db.DBStoreBuilder (DBStoreBuilder.java:processTables(161)) - Using default column profile:DBProfile.DISK for Table:s3SecretTable
2019-08-21 15:25:33,747 [main] INFO  db.DBStoreBuilder (DBStoreBuilder.java:addTable(110)) - using custom profile for table: prefixTable
2019-08-21 15:25:33,747 [main] INFO  db.DBStoreBuilder (DBStoreBuilder.java:processTables(161)) - Using default column profile:DBProfile.DISK for Table:prefixTable
2019-08-21 15:25:33,748 [main] INFO  db.DBStoreBuilder (DBStoreBuilder.java:addTable(110)) - using custom profile for table: default
2019-08-21 15:25:33,748 [main] INFO  db.DBStoreBuilder (DBStoreBuilder.java:processTables(167)) - Using default column profile:DBProfile.DISK for Table:default
2019-08-21 15:25:33,748 [main] INFO  db.DBStoreBuilder (DBStoreBuilder.java:getDbProfile(198)) - Using default options. DBProfile.DISK
2019-08-21 15:25:34,368 [main] INFO  ipc.CallQueueManager (CallQueueManager.java:<init>(84)) - Using callQueue: class java.util.concurrent.LinkedBlockingQueue, queueCapacity: 2000, scheduler: class org.apache.hadoop.ipc.DefaultRpcScheduler, ipcBackoff: false.
2019-08-21 15:25:34,369 [Socket Reader #1 for port 42463] INFO  ipc.Server (Server.java:run(1074)) - Starting Socket Reader #1 for port 42463
2019-08-21 15:25:34,392 [main] INFO  om.OzoneManager (OzoneManager.java:start(1259)) - OzoneManager RPC server is listening at localhost/127.0.0.1:42463
2019-08-21 15:25:34,392 [main] INFO  impl.MetricsSystemImpl (MetricsSystemImpl.java:init(158)) - OzoneManager metrics system started (again)
2019-08-21 15:25:34,393 [IPC Server Responder] INFO  ipc.Server (Server.java:run(1314)) - IPC Server Responder: starting
2019-08-21 15:25:34,394 [IPC Server listener on 42463] INFO  ipc.Server (Server.java:run(1153)) - IPC Server listener on 42463: starting
2019-08-21 15:25:34,401 [main] INFO  hdfs.DFSUtil (DFSUtil.java:httpServerTemplateForNNAndJN(1641)) - Starting Web-server for ozoneManager at: http://0.0.0.0:0
2019-08-21 15:25:34,403 [main] INFO  server.AuthenticationFilter (AuthenticationFilter.java:constructSecretProvider(240)) - Unable to initialize FileSignerSecretProvider, falling back to use random secrets.
2019-08-21 15:25:34,403 [main] WARN  http.HttpRequestLog (HttpRequestLog.java:getRequestLog(97)) - Jetty request log can only be enabled using Log4j
2019-08-21 15:25:34,405 [main] INFO  http.HttpServer2 (HttpServer2.java:addGlobalFilter(975)) - Added global filter 'safety' (class=org.apache.hadoop.http.HttpServer2$QuotingInputFilter)
2019-08-21 15:25:34,406 [main] INFO  http.HttpServer2 (HttpServer2.java:addFilter(948)) - Added filter static_user_filter (class=org.apache.hadoop.http.lib.StaticUserWebFilter$StaticUserFilter) to context ozoneManager
2019-08-21 15:25:34,406 [main] INFO  http.HttpServer2 (HttpServer2.java:addFilter(958)) - Added filter static_user_filter (class=org.apache.hadoop.http.lib.StaticUserWebFilter$StaticUserFilter) to context static
2019-08-21 15:25:34,407 [main] INFO  http.HttpServer2 (HttpServer2.java:addFilter(958)) - Added filter static_user_filter (class=org.apache.hadoop.http.lib.StaticUserWebFilter$StaticUserFilter) to context logs
2019-08-21 15:25:34,409 [main] INFO  http.HttpServer2 (HttpServer2.java:bindListener(1191)) - Jetty bound to port 45816
2019-08-21 15:25:34,556 [main] INFO  server.Server (Server.java:doStart(351)) - jetty-9.3.24.v20180605, build timestamp: 2018-06-05T17:11:56Z, git hash: 84205aa28f11a4f31f2a3b86d1bba2cc8ab69827
2019-08-21 15:25:34,560 [main] INFO  handler.ContextHandler (ContextHandler.java:doStart(781)) - Started o.e.j.s.ServletContextHandler@2c16fadb{/logs,file:///workdir/hadoop-ozone/integration-test/target/log,AVAILABLE}
2019-08-21 15:25:34,561 [main] INFO  handler.ContextHandler (ContextHandler.java:doStart(781)) - Started o.e.j.s.ServletContextHandler@2227a6c1{/static,file:///workdir/hadoop-ozone/integration-test/target/test-classes/webapps/static,AVAILABLE}
2019-08-21 15:25:34,568 [main] INFO  handler.ContextHandler (ContextHandler.java:doStart(781)) - Started o.e.j.w.WebAppContext@49601f82{/,file:///workdir/hadoop-ozone/integration-test/target/test-classes/webapps/ozoneManager/,AVAILABLE}{/ozoneManager}
2019-08-21 15:25:34,568 [main] INFO  server.AbstractConnector (AbstractConnector.java:doStart(278)) - Started ServerConnector@23e44287{HTTP/1.1,[http/1.1]}{0.0.0.0:45816}
2019-08-21 15:25:34,569 [main] INFO  server.Server (Server.java:doStart(419)) - Started @6247ms
2019-08-21 15:25:34,570 [main] INFO  server.BaseHttpServer (BaseHttpServer.java:updateConnectorAddress(213)) - HTTP server of OZONEMANAGER is listening at http://0.0.0.0:45816
2019-08-21 15:25:34,703 [main] INFO  impl.MetricsSystemImpl (MetricsSystemImpl.java:init(158)) - HddsDatanode metrics system started (again)
2019-08-21 15:25:34,784 [main] INFO  ozone.HddsDatanodeService (HddsDatanodeService.java:start(184)) - HddsDatanodeService host:pr-hdds-2000-fmv89-2959555139 ip:192.168.69.66
2019-08-21 15:25:34,824 [main] INFO  volume.HddsVolume (HddsVolume.java:<init>(176)) - Creating Volume: /workdir/hadoop-ozone/integration-test/target/test-dir/MiniOzoneClusterImpl-347934cf-c549-4c2f-b9a9-78d2da9c4574/datanode-0/data/containers/hdds of  storage type : DISK and capacity : 1482555576320
2019-08-21 15:25:34,827 [main] INFO  volume.VolumeSet (VolumeSet.java:initializeVolumeSet(170)) - Added Volume : /workdir/hadoop-ozone/integration-test/target/test-dir/MiniOzoneClusterImpl-347934cf-c549-4c2f-b9a9-78d2da9c4574/datanode-0/data/containers/hdds to VolumeSet
2019-08-21 15:25:34,831 [main] INFO  volume.ThrottledAsyncChecker (ThrottledAsyncChecker.java:schedule(140)) - Scheduling a check for org.apache.hadoop.ozone.container.common.volume.HddsVolume@468be356
2019-08-21 15:25:34,854 [main] INFO  volume.HddsVolumeChecker (HddsVolumeChecker.java:checkAllVolumes(203)) - Scheduled health check for volume org.apache.hadoop.ozone.container.common.volume.HddsVolume@468be356
2019-08-21 15:25:34,961 [main] INFO  impl.RaftServerProxy (ConfUtils.java:logGet(43)) - raft.rpc.type = GRPC (default)
2019-08-21 15:25:35,025 [main] INFO  grpc.GrpcFactory (GrpcFactory.java:checkPooledByteBufAllocatorUseCacheForAllThreads(45)) - PERFORMANCE WARNING: useCacheForAllThreads is true that may cause Netty to create a lot garbage objects and, as a result, trigger GC.
	It is recommended to disable useCacheForAllThreads by setting -Dorg.apache.ratis.thirdparty.io.netty.allocator.useCacheForAllThreads=false in command line.
2019-08-21 15:25:35,030 [main] INFO  grpc.GrpcConfigKeys$Server (ConfUtils.java:logGet(43)) - raft.grpc.server.port = 0 (default)
2019-08-21 15:25:35,031 [main] INFO  server.GrpcService (ConfUtils.java:logGet(43)) - raft.grpc.message.size.max = 33570816 (custom)
2019-08-21 15:25:35,032 [main] INFO  server.RaftServerConfigKeys (ConfUtils.java:logGet(43)) - raft.server.log.appender.buffer.byte-limit = 33554432 (custom)
2019-08-21 15:25:35,033 [main] INFO  server.GrpcService (ConfUtils.java:logGet(43)) - raft.grpc.flow.control.window = 1MB (=1048576) (default)
2019-08-21 15:25:35,034 [main] INFO  server.RaftServerConfigKeys (ConfUtils.java:logGet(43)) - raft.server.rpc.request.timeout = 3000ms (default)
2019-08-21 15:25:35,191 [main] INFO  server.RaftServerConfigKeys (ConfUtils.java:logGet(43)) - raft.server.storage.dir = [/workdir/hadoop-ozone/integration-test/target/test-dir/MiniOzoneClusterImpl-347934cf-c549-4c2f-b9a9-78d2da9c4574/datanode-0/data/ratis] (custom)
2019-08-21 15:25:35,228 [main] INFO  replication.SimpleContainerDownloader (SimpleContainerDownloader.java:<init>(72)) - Starting container downloader service to copy containers to replicate.
2019-08-21 15:25:35,241 [main] INFO  hdfs.DFSUtil (DFSUtil.java:httpServerTemplateForNNAndJN(1641)) - Starting Web-server for hddsDatanode at: http://0.0.0.0:0
2019-08-21 15:25:35,243 [main] INFO  server.AuthenticationFilter (AuthenticationFilter.java:constructSecretProvider(240)) - Unable to initialize FileSignerSecretProvider, falling back to use random secrets.
2019-08-21 15:25:35,244 [main] WARN  http.HttpRequestLog (HttpRequestLog.java:getRequestLog(97)) - Jetty request log can only be enabled using Log4j
2019-08-21 15:25:35,247 [main] INFO  http.HttpServer2 (HttpServer2.java:addGlobalFilter(975)) - Added global filter 'safety' (class=org.apache.hadoop.http.HttpServer2$QuotingInputFilter)
2019-08-21 15:25:35,248 [main] INFO  http.HttpServer2 (HttpServer2.java:addFilter(948)) - Added filter static_user_filter (class=org.apache.hadoop.http.lib.StaticUserWebFilter$StaticUserFilter) to context hddsDatanode
2019-08-21 15:25:35,248 [main] INFO  http.HttpServer2 (HttpServer2.java:addFilter(958)) - Added filter static_user_filter (class=org.apache.hadoop.http.lib.StaticUserWebFilter$StaticUserFilter) to context static
2019-08-21 15:25:35,248 [main] INFO  http.HttpServer2 (HttpServer2.java:addFilter(958)) - Added filter static_user_filter (class=org.apache.hadoop.http.lib.StaticUserWebFilter$StaticUserFilter) to context logs
2019-08-21 15:25:35,250 [main] INFO  http.HttpServer2 (HttpServer2.java:bindListener(1191)) - Jetty bound to port 38838
2019-08-21 15:25:35,250 [main] INFO  server.Server (Server.java:doStart(351)) - jetty-9.3.24.v20180605, build timestamp: 2018-06-05T17:11:56Z, git hash: 84205aa28f11a4f31f2a3b86d1bba2cc8ab69827
2019-08-21 15:25:35,255 [main] INFO  handler.ContextHandler (ContextHandler.java:doStart(781)) - Started o.e.j.s.ServletContextHandler@22eaa86e{/logs,file:///workdir/hadoop-ozone/integration-test/target/log,AVAILABLE}
2019-08-21 15:25:35,256 [main] INFO  handler.ContextHandler (ContextHandler.java:doStart(781)) - Started o.e.j.s.ServletContextHandler@1cc680e{/static,jar:file:/home/user/.m2/repository/org/apache/hadoop/hadoop-hdds-container-service/0.5.0-SNAPSHOT/hadoop-hdds-container-service-0.5.0-SNAPSHOT.jar!/webapps/static,AVAILABLE}
2019-08-21 15:25:35,300 [main] INFO  handler.ContextHandler (ContextHandler.java:doStart(781)) - Started o.e.j.w.WebAppContext@a5272be{/,file:///tmp/jetty-0.0.0.0-38838-hddsDatanode-_-any-7452909086327413672.dir/webapp/,AVAILABLE}{/hddsDatanode}
2019-08-21 15:25:35,301 [main] INFO  server.AbstractConnector (AbstractConnector.java:doStart(278)) - Started ServerConnector@58ba5b30{HTTP/1.1,[http/1.1]}{0.0.0.0:38838}
2019-08-21 15:25:35,301 [main] INFO  server.Server (Server.java:doStart(419)) - Started @6979ms
2019-08-21 15:25:35,303 [main] INFO  server.BaseHttpServer (BaseHttpServer.java:updateConnectorAddress(213)) - HTTP server of HDDSDATANODE is listening at http://0.0.0.0:38838
2019-08-21 15:25:36,324 | INFO  | ObjectStoreRestHttpServer | Listening HDDS REST traffic on /0.0.0.0:35274 |  
2019-08-21 15:25:36,325 [main] INFO  ozone.HddsDatanodeService (HddsDatanodeService.java:startPlugins(395)) - Started plug-in org.apache.hadoop.ozone.web.OzoneHddsDatanodeService@7c5df615
2019-08-21 15:25:36,326 [main] INFO  impl.MetricsSystemImpl (MetricsSystemImpl.java:init(158)) - HddsDatanode metrics system started (again)
2019-08-21 15:25:36,329 [main] INFO  ozone.HddsDatanodeService (HddsDatanodeService.java:start(184)) - HddsDatanodeService host:pr-hdds-2000-fmv89-2959555139 ip:192.168.69.66
2019-08-21 15:25:36,337 [main] INFO  volume.HddsVolume (HddsVolume.java:<init>(176)) - Creating Volume: /workdir/hadoop-ozone/integration-test/target/test-dir/MiniOzoneClusterImpl-347934cf-c549-4c2f-b9a9-78d2da9c4574/datanode-1/data/containers/hdds of  storage type : DISK and capacity : 1482555576320
2019-08-21 15:25:36,338 [org.apache.hadoop.util.JvmPauseMonitor$Monitor@4fcf2468] INFO  util.JvmPauseMonitor (JvmPauseMonitor.java:run(188)) - Starting JVM pause monitor
2019-08-21 15:25:36,339 [main] INFO  volume.VolumeSet (VolumeSet.java:initializeVolumeSet(170)) - Added Volume : /workdir/hadoop-ozone/integration-test/target/test-dir/MiniOzoneClusterImpl-347934cf-c549-4c2f-b9a9-78d2da9c4574/datanode-1/data/containers/hdds to VolumeSet
2019-08-21 15:25:36,339 [main] INFO  volume.ThrottledAsyncChecker (ThrottledAsyncChecker.java:schedule(140)) - Scheduling a check for org.apache.hadoop.ozone.container.common.volume.HddsVolume@6637a365
2019-08-21 15:25:36,339 [main] INFO  volume.HddsVolumeChecker (HddsVolumeChecker.java:checkAllVolumes(203)) - Scheduled health check for volume org.apache.hadoop.ozone.container.common.volume.HddsVolume@6637a365
2019-08-21 15:25:36,361 [main] INFO  impl.RaftServerProxy (ConfUtils.java:logGet(43)) - raft.rpc.type = GRPC (default)
2019-08-21 15:25:36,361 [main] INFO  grpc.GrpcFactory (GrpcFactory.java:checkPooledByteBufAllocatorUseCacheForAllThreads(45)) - PERFORMANCE WARNING: useCacheForAllThreads is true that may cause Netty to create a lot garbage objects and, as a result, trigger GC.
	It is recommended to disable useCacheForAllThreads by setting -Dorg.apache.ratis.thirdparty.io.netty.allocator.useCacheForAllThreads=false in command line.
2019-08-21 15:25:36,361 [main] INFO  grpc.GrpcConfigKeys$Server (ConfUtils.java:logGet(43)) - raft.grpc.server.port = 0 (default)
2019-08-21 15:25:36,362 [main] INFO  server.GrpcService (ConfUtils.java:logGet(43)) - raft.grpc.message.size.max = 33570816 (custom)
2019-08-21 15:25:36,362 [main] INFO  server.RaftServerConfigKeys (ConfUtils.java:logGet(43)) - raft.server.log.appender.buffer.byte-limit = 33554432 (custom)
2019-08-21 15:25:36,363 [main] INFO  server.GrpcService (ConfUtils.java:logGet(43)) - raft.grpc.flow.control.window = 1MB (=1048576) (default)
2019-08-21 15:25:36,363 [main] INFO  server.RaftServerConfigKeys (ConfUtils.java:logGet(43)) - raft.server.rpc.request.timeout = 3000ms (default)
2019-08-21 15:25:36,364 [main] INFO  server.RaftServerConfigKeys (ConfUtils.java:logGet(43)) - raft.server.storage.dir = [/workdir/hadoop-ozone/integration-test/target/test-dir/MiniOzoneClusterImpl-347934cf-c549-4c2f-b9a9-78d2da9c4574/datanode-1/data/ratis] (custom)
2019-08-21 15:25:36,365 [main] INFO  replication.SimpleContainerDownloader (SimpleContainerDownloader.java:<init>(72)) - Starting container downloader service to copy containers to replicate.
2019-08-21 15:25:36,367 [main] INFO  hdfs.DFSUtil (DFSUtil.java:httpServerTemplateForNNAndJN(1641)) - Starting Web-server for hddsDatanode at: http://0.0.0.0:0
2019-08-21 15:25:36,369 [main] INFO  server.AuthenticationFilter (AuthenticationFilter.java:constructSecretProvider(240)) - Unable to initialize FileSignerSecretProvider, falling back to use random secrets.
2019-08-21 15:25:36,370 [main] WARN  http.HttpRequestLog (HttpRequestLog.java:getRequestLog(97)) - Jetty request log can only be enabled using Log4j
2019-08-21 15:25:36,373 [main] INFO  http.HttpServer2 (HttpServer2.java:addGlobalFilter(975)) - Added global filter 'safety' (class=org.apache.hadoop.http.HttpServer2$QuotingInputFilter)
2019-08-21 15:25:36,374 [main] INFO  http.HttpServer2 (HttpServer2.java:addFilter(948)) - Added filter static_user_filter (class=org.apache.hadoop.http.lib.StaticUserWebFilter$StaticUserFilter) to context hddsDatanode
2019-08-21 15:25:36,374 [main] INFO  http.HttpServer2 (HttpServer2.java:addFilter(958)) - Added filter static_user_filter (class=org.apache.hadoop.http.lib.StaticUserWebFilter$StaticUserFilter) to context logs
2019-08-21 15:25:36,374 [main] INFO  http.HttpServer2 (HttpServer2.java:addFilter(958)) - Added filter static_user_filter (class=org.apache.hadoop.http.lib.StaticUserWebFilter$StaticUserFilter) to context static
2019-08-21 15:25:36,375 [main] INFO  http.HttpServer2 (HttpServer2.java:bindListener(1191)) - Jetty bound to port 39168
2019-08-21 15:25:36,375 [main] INFO  server.Server (Server.java:doStart(351)) - jetty-9.3.24.v20180605, build timestamp: 2018-06-05T17:11:56Z, git hash: 84205aa28f11a4f31f2a3b86d1bba2cc8ab69827
2019-08-21 15:25:36,378 [main] INFO  handler.ContextHandler (ContextHandler.java:doStart(781)) - Started o.e.j.s.ServletContextHandler@5460edd3{/logs,file:///workdir/hadoop-ozone/integration-test/target/log,AVAILABLE}
2019-08-21 15:25:36,379 [main] INFO  handler.ContextHandler (ContextHandler.java:doStart(781)) - Started o.e.j.s.ServletContextHandler@613f7eb7{/static,jar:file:/home/user/.m2/repository/org/apache/hadoop/hadoop-hdds-container-service/0.5.0-SNAPSHOT/hadoop-hdds-container-service-0.5.0-SNAPSHOT.jar!/webapps/static,AVAILABLE}
2019-08-21 15:25:36,416 [main] INFO  handler.ContextHandler (ContextHandler.java:doStart(781)) - Started o.e.j.w.WebAppContext@44f0ff2b{/,file:///tmp/jetty-0.0.0.0-39168-hddsDatanode-_-any-8957820837438595969.dir/webapp/,AVAILABLE}{/hddsDatanode}
2019-08-21 15:25:36,417 [main] INFO  server.AbstractConnector (AbstractConnector.java:doStart(278)) - Started ServerConnector@22ead351{HTTP/1.1,[http/1.1]}{0.0.0.0:39168}
2019-08-21 15:25:36,418 [main] INFO  server.Server (Server.java:doStart(419)) - Started @8095ms
2019-08-21 15:25:36,419 [main] INFO  server.BaseHttpServer (BaseHttpServer.java:updateConnectorAddress(213)) - HTTP server of HDDSDATANODE is listening at http://0.0.0.0:39168
2019-08-21 15:25:36,452 [Datanode State Machine Thread - 0] INFO  datanode.InitDatanodeState (InitDatanodeState.java:persistContainerDatanodeDetails(140)) - DatanodeDetails is persisted to /workdir/hadoop-ozone/integration-test/target/test-dir/MiniOzoneClusterImpl-347934cf-c549-4c2f-b9a9-78d2da9c4574/datanode-0/meta/datanode.id
2019-08-21 15:25:36,613 | INFO  | ObjectStoreRestHttpServer | Listening HDDS REST traffic on /0.0.0.0:35521 |  
2019-08-21 15:25:36,613 [main] INFO  ozone.HddsDatanodeService (HddsDatanodeService.java:startPlugins(395)) - Started plug-in org.apache.hadoop.ozone.web.OzoneHddsDatanodeService@8fcc534
2019-08-21 15:25:36,614 [main] INFO  impl.MetricsSystemImpl (MetricsSystemImpl.java:init(158)) - HddsDatanode metrics system started (again)
2019-08-21 15:25:36,617 [main] INFO  ozone.HddsDatanodeService (HddsDatanodeService.java:start(184)) - HddsDatanodeService host:pr-hdds-2000-fmv89-2959555139 ip:192.168.69.66
2019-08-21 15:25:36,617 [org.apache.hadoop.util.JvmPauseMonitor$Monitor@43d5d0f] INFO  util.JvmPauseMonitor (JvmPauseMonitor.java:run(188)) - Starting JVM pause monitor
2019-08-21 15:25:36,625 [main] INFO  volume.HddsVolume (HddsVolume.java:<init>(176)) - Creating Volume: /workdir/hadoop-ozone/integration-test/target/test-dir/MiniOzoneClusterImpl-347934cf-c549-4c2f-b9a9-78d2da9c4574/datanode-2/data/containers/hdds of  storage type : DISK and capacity : 1482555576320
2019-08-21 15:25:36,626 [main] INFO  volume.VolumeSet (VolumeSet.java:initializeVolumeSet(170)) - Added Volume : /workdir/hadoop-ozone/integration-test/target/test-dir/MiniOzoneClusterImpl-347934cf-c549-4c2f-b9a9-78d2da9c4574/datanode-2/data/containers/hdds to VolumeSet
2019-08-21 15:25:36,626 [main] INFO  volume.ThrottledAsyncChecker (ThrottledAsyncChecker.java:schedule(140)) - Scheduling a check for org.apache.hadoop.ozone.container.common.volume.HddsVolume@40d848f9
2019-08-21 15:25:36,626 [main] INFO  volume.HddsVolumeChecker (HddsVolumeChecker.java:checkAllVolumes(203)) - Scheduled health check for volume org.apache.hadoop.ozone.container.common.volume.HddsVolume@40d848f9
2019-08-21 15:25:36,628 [Datanode State Machine Thread - 0] INFO  datanode.InitDatanodeState (InitDatanodeState.java:persistContainerDatanodeDetails(140)) - DatanodeDetails is persisted to /workdir/hadoop-ozone/integration-test/target/test-dir/MiniOzoneClusterImpl-347934cf-c549-4c2f-b9a9-78d2da9c4574/datanode-1/meta/datanode.id
2019-08-21 15:25:36,643 [main] INFO  impl.RaftServerProxy (ConfUtils.java:logGet(43)) - raft.rpc.type = GRPC (default)
2019-08-21 15:25:36,644 [main] INFO  grpc.GrpcFactory (GrpcFactory.java:checkPooledByteBufAllocatorUseCacheForAllThreads(45)) - PERFORMANCE WARNING: useCacheForAllThreads is true that may cause Netty to create a lot garbage objects and, as a result, trigger GC.
	It is recommended to disable useCacheForAllThreads by setting -Dorg.apache.ratis.thirdparty.io.netty.allocator.useCacheForAllThreads=false in command line.
2019-08-21 15:25:36,644 [main] INFO  grpc.GrpcConfigKeys$Server (ConfUtils.java:logGet(43)) - raft.grpc.server.port = 0 (default)
2019-08-21 15:25:36,644 [main] INFO  server.GrpcService (ConfUtils.java:logGet(43)) - raft.grpc.message.size.max = 33570816 (custom)
2019-08-21 15:25:36,644 [main] INFO  server.RaftServerConfigKeys (ConfUtils.java:logGet(43)) - raft.server.log.appender.buffer.byte-limit = 33554432 (custom)
2019-08-21 15:25:36,644 [main] INFO  server.GrpcService (ConfUtils.java:logGet(43)) - raft.grpc.flow.control.window = 1MB (=1048576) (default)
2019-08-21 15:25:36,645 [main] INFO  server.RaftServerConfigKeys (ConfUtils.java:logGet(43)) - raft.server.rpc.request.timeout = 3000ms (default)
2019-08-21 15:25:36,645 [main] INFO  server.RaftServerConfigKeys (ConfUtils.java:logGet(43)) - raft.server.storage.dir = [/workdir/hadoop-ozone/integration-test/target/test-dir/MiniOzoneClusterImpl-347934cf-c549-4c2f-b9a9-78d2da9c4574/datanode-2/data/ratis] (custom)
2019-08-21 15:25:36,646 [main] INFO  replication.SimpleContainerDownloader (SimpleContainerDownloader.java:<init>(72)) - Starting container downloader service to copy containers to replicate.
2019-08-21 15:25:36,647 [main] INFO  hdfs.DFSUtil (DFSUtil.java:httpServerTemplateForNNAndJN(1641)) - Starting Web-server for hddsDatanode at: http://0.0.0.0:0
2019-08-21 15:25:36,649 [main] INFO  server.AuthenticationFilter (AuthenticationFilter.java:constructSecretProvider(240)) - Unable to initialize FileSignerSecretProvider, falling back to use random secrets.
2019-08-21 15:25:36,650 [main] WARN  http.HttpRequestLog (HttpRequestLog.java:getRequestLog(97)) - Jetty request log can only be enabled using Log4j
2019-08-21 15:25:36,652 [main] INFO  http.HttpServer2 (HttpServer2.java:addGlobalFilter(975)) - Added global filter 'safety' (class=org.apache.hadoop.http.HttpServer2$QuotingInputFilter)
2019-08-21 15:25:36,654 [main] INFO  http.HttpServer2 (HttpServer2.java:addFilter(948)) - Added filter static_user_filter (class=org.apache.hadoop.http.lib.StaticUserWebFilter$StaticUserFilter) to context hddsDatanode
2019-08-21 15:25:36,654 [main] INFO  http.HttpServer2 (HttpServer2.java:addFilter(958)) - Added filter static_user_filter (class=org.apache.hadoop.http.lib.StaticUserWebFilter$StaticUserFilter) to context logs
2019-08-21 15:25:36,654 [main] INFO  http.HttpServer2 (HttpServer2.java:addFilter(958)) - Added filter static_user_filter (class=org.apache.hadoop.http.lib.StaticUserWebFilter$StaticUserFilter) to context static
2019-08-21 15:25:36,655 [main] INFO  http.HttpServer2 (HttpServer2.java:bindListener(1191)) - Jetty bound to port 38509
2019-08-21 15:25:36,656 [main] INFO  server.Server (Server.java:doStart(351)) - jetty-9.3.24.v20180605, build timestamp: 2018-06-05T17:11:56Z, git hash: 84205aa28f11a4f31f2a3b86d1bba2cc8ab69827
2019-08-21 15:25:36,660 [main] INFO  handler.ContextHandler (ContextHandler.java:doStart(781)) - Started o.e.j.s.ServletContextHandler@395f52ed{/logs,file:///workdir/hadoop-ozone/integration-test/target/log,AVAILABLE}
2019-08-21 15:25:36,660 [main] INFO  handler.ContextHandler (ContextHandler.java:doStart(781)) - Started o.e.j.s.ServletContextHandler@102c18e{/static,jar:file:/home/user/.m2/repository/org/apache/hadoop/hadoop-hdds-container-service/0.5.0-SNAPSHOT/hadoop-hdds-container-service-0.5.0-SNAPSHOT.jar!/webapps/static,AVAILABLE}
2019-08-21 15:25:36,698 [main] INFO  handler.ContextHandler (ContextHandler.java:doStart(781)) - Started o.e.j.w.WebAppContext@448c92fc{/,file:///tmp/jetty-0.0.0.0-38509-hddsDatanode-_-any-7910519330373216008.dir/webapp/,AVAILABLE}{/hddsDatanode}
2019-08-21 15:25:36,698 [main] INFO  server.AbstractConnector (AbstractConnector.java:doStart(278)) - Started ServerConnector@251c8145{HTTP/1.1,[http/1.1]}{0.0.0.0:38509}
2019-08-21 15:25:36,699 [main] INFO  server.Server (Server.java:doStart(419)) - Started @8377ms
2019-08-21 15:25:36,700 [main] INFO  server.BaseHttpServer (BaseHttpServer.java:updateConnectorAddress(213)) - HTTP server of HDDSDATANODE is listening at http://0.0.0.0:38509
2019-08-21 15:25:36,843 | INFO  | ObjectStoreRestHttpServer | Listening HDDS REST traffic on /0.0.0.0:43183 |  
2019-08-21 15:25:36,844 [main] INFO  ozone.HddsDatanodeService (HddsDatanodeService.java:startPlugins(395)) - Started plug-in org.apache.hadoop.ozone.web.OzoneHddsDatanodeService@49a38b1
2019-08-21 15:25:36,844 [main] INFO  impl.MetricsSystemImpl (MetricsSystemImpl.java:init(158)) - HddsDatanode metrics system started (again)
2019-08-21 15:25:36,848 [main] INFO  ozone.HddsDatanodeService (HddsDatanodeService.java:start(184)) - HddsDatanodeService host:pr-hdds-2000-fmv89-2959555139 ip:192.168.69.66
2019-08-21 15:25:36,848 [org.apache.hadoop.util.JvmPauseMonitor$Monitor@5fc889af] INFO  util.JvmPauseMonitor (JvmPauseMonitor.java:run(188)) - Starting JVM pause monitor
2019-08-21 15:25:36,852 [Datanode State Machine Thread - 0] INFO  datanode.InitDatanodeState (InitDatanodeState.java:persistContainerDatanodeDetails(140)) - DatanodeDetails is persisted to /workdir/hadoop-ozone/integration-test/target/test-dir/MiniOzoneClusterImpl-347934cf-c549-4c2f-b9a9-78d2da9c4574/datanode-2/meta/datanode.id
2019-08-21 15:25:36,855 [main] INFO  volume.HddsVolume (HddsVolume.java:<init>(176)) - Creating Volume: /workdir/hadoop-ozone/integration-test/target/test-dir/MiniOzoneClusterImpl-347934cf-c549-4c2f-b9a9-78d2da9c4574/datanode-3/data/containers/hdds of  storage type : DISK and capacity : 1482555576320
2019-08-21 15:25:36,856 [main] INFO  volume.VolumeSet (VolumeSet.java:initializeVolumeSet(170)) - Added Volume : /workdir/hadoop-ozone/integration-test/target/test-dir/MiniOzoneClusterImpl-347934cf-c549-4c2f-b9a9-78d2da9c4574/datanode-3/data/containers/hdds to VolumeSet
2019-08-21 15:25:36,856 [main] INFO  volume.ThrottledAsyncChecker (ThrottledAsyncChecker.java:schedule(140)) - Scheduling a check for org.apache.hadoop.ozone.container.common.volume.HddsVolume@10b8b900
2019-08-21 15:25:36,856 [main] INFO  volume.HddsVolumeChecker (HddsVolumeChecker.java:checkAllVolumes(203)) - Scheduled health check for volume org.apache.hadoop.ozone.container.common.volume.HddsVolume@10b8b900
2019-08-21 15:25:36,869 [main] INFO  impl.RaftServerProxy (ConfUtils.java:logGet(43)) - raft.rpc.type = GRPC (default)
2019-08-21 15:25:36,870 [main] INFO  grpc.GrpcFactory (GrpcFactory.java:checkPooledByteBufAllocatorUseCacheForAllThreads(45)) - PERFORMANCE WARNING: useCacheForAllThreads is true that may cause Netty to create a lot garbage objects and, as a result, trigger GC.
	It is recommended to disable useCacheForAllThreads by setting -Dorg.apache.ratis.thirdparty.io.netty.allocator.useCacheForAllThreads=false in command line.
2019-08-21 15:25:36,870 [main] INFO  grpc.GrpcConfigKeys$Server (ConfUtils.java:logGet(43)) - raft.grpc.server.port = 0 (default)
2019-08-21 15:25:36,870 [main] INFO  server.GrpcService (ConfUtils.java:logGet(43)) - raft.grpc.message.size.max = 33570816 (custom)
2019-08-21 15:25:36,870 [main] INFO  server.RaftServerConfigKeys (ConfUtils.java:logGet(43)) - raft.server.log.appender.buffer.byte-limit = 33554432 (custom)
2019-08-21 15:25:36,871 [main] INFO  server.GrpcService (ConfUtils.java:logGet(43)) - raft.grpc.flow.control.window = 1MB (=1048576) (default)
2019-08-21 15:25:36,871 [main] INFO  server.RaftServerConfigKeys (ConfUtils.java:logGet(43)) - raft.server.rpc.request.timeout = 3000ms (default)
2019-08-21 15:25:36,871 [main] INFO  server.RaftServerConfigKeys (ConfUtils.java:logGet(43)) - raft.server.storage.dir = [/workdir/hadoop-ozone/integration-test/target/test-dir/MiniOzoneClusterImpl-347934cf-c549-4c2f-b9a9-78d2da9c4574/datanode-3/data/ratis] (custom)
2019-08-21 15:25:36,872 [main] INFO  replication.SimpleContainerDownloader (SimpleContainerDownloader.java:<init>(72)) - Starting container downloader service to copy containers to replicate.
2019-08-21 15:25:36,873 [main] INFO  hdfs.DFSUtil (DFSUtil.java:httpServerTemplateForNNAndJN(1641)) - Starting Web-server for hddsDatanode at: http://0.0.0.0:0
2019-08-21 15:25:36,874 [main] INFO  server.AuthenticationFilter (AuthenticationFilter.java:constructSecretProvider(240)) - Unable to initialize FileSignerSecretProvider, falling back to use random secrets.
2019-08-21 15:25:36,874 [main] WARN  http.HttpRequestLog (HttpRequestLog.java:getRequestLog(97)) - Jetty request log can only be enabled using Log4j
2019-08-21 15:25:36,876 [main] INFO  http.HttpServer2 (HttpServer2.java:addGlobalFilter(975)) - Added global filter 'safety' (class=org.apache.hadoop.http.HttpServer2$QuotingInputFilter)
2019-08-21 15:25:36,876 [main] INFO  http.HttpServer2 (HttpServer2.java:addFilter(948)) - Added filter static_user_filter (class=org.apache.hadoop.http.lib.StaticUserWebFilter$StaticUserFilter) to context hddsDatanode
2019-08-21 15:25:36,876 [main] INFO  http.HttpServer2 (HttpServer2.java:addFilter(958)) - Added filter static_user_filter (class=org.apache.hadoop.http.lib.StaticUserWebFilter$StaticUserFilter) to context static
2019-08-21 15:25:36,877 [main] INFO  http.HttpServer2 (HttpServer2.java:addFilter(958)) - Added filter static_user_filter (class=org.apache.hadoop.http.lib.StaticUserWebFilter$StaticUserFilter) to context logs
2019-08-21 15:25:36,877 [main] INFO  http.HttpServer2 (HttpServer2.java:bindListener(1191)) - Jetty bound to port 33371
2019-08-21 15:25:36,877 [main] INFO  server.Server (Server.java:doStart(351)) - jetty-9.3.24.v20180605, build timestamp: 2018-06-05T17:11:56Z, git hash: 84205aa28f11a4f31f2a3b86d1bba2cc8ab69827
2019-08-21 15:25:36,879 [main] INFO  handler.ContextHandler (ContextHandler.java:doStart(781)) - Started o.e.j.s.ServletContextHandler@1a914089{/logs,file:///workdir/hadoop-ozone/integration-test/target/log,AVAILABLE}
2019-08-21 15:25:36,879 [main] INFO  handler.ContextHandler (ContextHandler.java:doStart(781)) - Started o.e.j.s.ServletContextHandler@4a2bf50f{/static,jar:file:/home/user/.m2/repository/org/apache/hadoop/hadoop-hdds-container-service/0.5.0-SNAPSHOT/hadoop-hdds-container-service-0.5.0-SNAPSHOT.jar!/webapps/static,AVAILABLE}
2019-08-21 15:25:36,903 [main] INFO  handler.ContextHandler (ContextHandler.java:doStart(781)) - Started o.e.j.w.WebAppContext@4eeab3e{/,file:///tmp/jetty-0.0.0.0-33371-hddsDatanode-_-any-2921056361048372072.dir/webapp/,AVAILABLE}{/hddsDatanode}
2019-08-21 15:25:36,903 [main] INFO  server.AbstractConnector (AbstractConnector.java:doStart(278)) - Started ServerConnector@2b6fb197{HTTP/1.1,[http/1.1]}{0.0.0.0:33371}
2019-08-21 15:25:36,904 [main] INFO  server.Server (Server.java:doStart(419)) - Started @8582ms
2019-08-21 15:25:36,905 [main] INFO  server.BaseHttpServer (BaseHttpServer.java:updateConnectorAddress(213)) - HTTP server of HDDSDATANODE is listening at http://0.0.0.0:33371
2019-08-21 15:25:37,043 | INFO  | ObjectStoreRestHttpServer | Listening HDDS REST traffic on /0.0.0.0:35449 |  
2019-08-21 15:25:37,044 [main] INFO  ozone.HddsDatanodeService (HddsDatanodeService.java:startPlugins(395)) - Started plug-in org.apache.hadoop.ozone.web.OzoneHddsDatanodeService@1eb85a47
2019-08-21 15:25:37,044 [main] INFO  impl.MetricsSystemImpl (MetricsSystemImpl.java:init(158)) - HddsDatanode metrics system started (again)
2019-08-21 15:25:37,048 [main] INFO  ozone.HddsDatanodeService (HddsDatanodeService.java:start(184)) - HddsDatanodeService host:pr-hdds-2000-fmv89-2959555139 ip:192.168.69.66
2019-08-21 15:25:37,049 [org.apache.hadoop.util.JvmPauseMonitor$Monitor@3fcb4cac] INFO  util.JvmPauseMonitor (JvmPauseMonitor.java:run(188)) - Starting JVM pause monitor
2019-08-21 15:25:37,053 [Datanode State Machine Thread - 0] INFO  datanode.InitDatanodeState (InitDatanodeState.java:persistContainerDatanodeDetails(140)) - DatanodeDetails is persisted to /workdir/hadoop-ozone/integration-test/target/test-dir/MiniOzoneClusterImpl-347934cf-c549-4c2f-b9a9-78d2da9c4574/datanode-3/meta/datanode.id
2019-08-21 15:25:37,058 [main] INFO  volume.HddsVolume (HddsVolume.java:<init>(176)) - Creating Volume: /workdir/hadoop-ozone/integration-test/target/test-dir/MiniOzoneClusterImpl-347934cf-c549-4c2f-b9a9-78d2da9c4574/datanode-4/data/containers/hdds of  storage type : DISK and capacity : 1482555576320
2019-08-21 15:25:37,059 [main] INFO  volume.VolumeSet (VolumeSet.java:initializeVolumeSet(170)) - Added Volume : /workdir/hadoop-ozone/integration-test/target/test-dir/MiniOzoneClusterImpl-347934cf-c549-4c2f-b9a9-78d2da9c4574/datanode-4/data/containers/hdds to VolumeSet
2019-08-21 15:25:37,060 [main] INFO  volume.ThrottledAsyncChecker (ThrottledAsyncChecker.java:schedule(140)) - Scheduling a check for org.apache.hadoop.ozone.container.common.volume.HddsVolume@403364e9
2019-08-21 15:25:37,061 [main] INFO  volume.HddsVolumeChecker (HddsVolumeChecker.java:checkAllVolumes(203)) - Scheduled health check for volume org.apache.hadoop.ozone.container.common.volume.HddsVolume@403364e9
2019-08-21 15:25:37,083 [main] INFO  impl.RaftServerProxy (ConfUtils.java:logGet(43)) - raft.rpc.type = GRPC (default)
2019-08-21 15:25:37,083 [main] INFO  grpc.GrpcFactory (GrpcFactory.java:checkPooledByteBufAllocatorUseCacheForAllThreads(45)) - PERFORMANCE WARNING: useCacheForAllThreads is true that may cause Netty to create a lot garbage objects and, as a result, trigger GC.
	It is recommended to disable useCacheForAllThreads by setting -Dorg.apache.ratis.thirdparty.io.netty.allocator.useCacheForAllThreads=false in command line.
2019-08-21 15:25:37,084 [main] INFO  grpc.GrpcConfigKeys$Server (ConfUtils.java:logGet(43)) - raft.grpc.server.port = 0 (default)
2019-08-21 15:25:37,084 [main] INFO  server.GrpcService (ConfUtils.java:logGet(43)) - raft.grpc.message.size.max = 33570816 (custom)
2019-08-21 15:25:37,084 [main] INFO  server.RaftServerConfigKeys (ConfUtils.java:logGet(43)) - raft.server.log.appender.buffer.byte-limit = 33554432 (custom)
2019-08-21 15:25:37,085 [main] INFO  server.GrpcService (ConfUtils.java:logGet(43)) - raft.grpc.flow.control.window = 1MB (=1048576) (default)
2019-08-21 15:25:37,085 [main] INFO  server.RaftServerConfigKeys (ConfUtils.java:logGet(43)) - raft.server.rpc.request.timeout = 3000ms (default)
2019-08-21 15:25:37,086 [main] INFO  server.RaftServerConfigKeys (ConfUtils.java:logGet(43)) - raft.server.storage.dir = [/workdir/hadoop-ozone/integration-test/target/test-dir/MiniOzoneClusterImpl-347934cf-c549-4c2f-b9a9-78d2da9c4574/datanode-4/data/ratis] (custom)
2019-08-21 15:25:37,087 [main] INFO  replication.SimpleContainerDownloader (SimpleContainerDownloader.java:<init>(72)) - Starting container downloader service to copy containers to replicate.
2019-08-21 15:25:37,088 [main] INFO  hdfs.DFSUtil (DFSUtil.java:httpServerTemplateForNNAndJN(1641)) - Starting Web-server for hddsDatanode at: http://0.0.0.0:0
2019-08-21 15:25:37,090 [main] INFO  server.AuthenticationFilter (AuthenticationFilter.java:constructSecretProvider(240)) - Unable to initialize FileSignerSecretProvider, falling back to use random secrets.
2019-08-21 15:25:37,090 [main] WARN  http.HttpRequestLog (HttpRequestLog.java:getRequestLog(97)) - Jetty request log can only be enabled using Log4j
2019-08-21 15:25:37,092 [main] INFO  http.HttpServer2 (HttpServer2.java:addGlobalFilter(975)) - Added global filter 'safety' (class=org.apache.hadoop.http.HttpServer2$QuotingInputFilter)
2019-08-21 15:25:37,092 [main] INFO  http.HttpServer2 (HttpServer2.java:addFilter(948)) - Added filter static_user_filter (class=org.apache.hadoop.http.lib.StaticUserWebFilter$StaticUserFilter) to context hddsDatanode
2019-08-21 15:25:37,092 [main] INFO  http.HttpServer2 (HttpServer2.java:addFilter(958)) - Added filter static_user_filter (class=org.apache.hadoop.http.lib.StaticUserWebFilter$StaticUserFilter) to context logs
2019-08-21 15:25:37,093 [main] INFO  http.HttpServer2 (HttpServer2.java:addFilter(958)) - Added filter static_user_filter (class=org.apache.hadoop.http.lib.StaticUserWebFilter$StaticUserFilter) to context static
2019-08-21 15:25:37,093 [main] INFO  http.HttpServer2 (HttpServer2.java:bindListener(1191)) - Jetty bound to port 33028
2019-08-21 15:25:37,093 [main] INFO  server.Server (Server.java:doStart(351)) - jetty-9.3.24.v20180605, build timestamp: 2018-06-05T17:11:56Z, git hash: 84205aa28f11a4f31f2a3b86d1bba2cc8ab69827
2019-08-21 15:25:37,096 [main] INFO  handler.ContextHandler (ContextHandler.java:doStart(781)) - Started o.e.j.s.ServletContextHandler@9408857{/logs,file:///workdir/hadoop-ozone/integration-test/target/log,AVAILABLE}
2019-08-21 15:25:37,096 [main] INFO  handler.ContextHandler (ContextHandler.java:doStart(781)) - Started o.e.j.s.ServletContextHandler@2f09e6b2{/static,jar:file:/home/user/.m2/repository/org/apache/hadoop/hadoop-hdds-container-service/0.5.0-SNAPSHOT/hadoop-hdds-container-service-0.5.0-SNAPSHOT.jar!/webapps/static,AVAILABLE}
2019-08-21 15:25:37,123 [main] INFO  handler.ContextHandler (ContextHandler.java:doStart(781)) - Started o.e.j.w.WebAppContext@6321a5aa{/,file:///tmp/jetty-0.0.0.0-33028-hddsDatanode-_-any-4573700158027473688.dir/webapp/,AVAILABLE}{/hddsDatanode}
2019-08-21 15:25:37,123 [main] INFO  server.AbstractConnector (AbstractConnector.java:doStart(278)) - Started ServerConnector@1c7f9861{HTTP/1.1,[http/1.1]}{0.0.0.0:33028}
2019-08-21 15:25:37,124 [main] INFO  server.Server (Server.java:doStart(419)) - Started @8802ms
2019-08-21 15:25:37,125 [main] INFO  server.BaseHttpServer (BaseHttpServer.java:updateConnectorAddress(213)) - HTTP server of HDDSDATANODE is listening at http://0.0.0.0:33028
2019-08-21 15:25:37,257 | INFO  | ObjectStoreRestHttpServer | Listening HDDS REST traffic on /0.0.0.0:34583 |  
2019-08-21 15:25:37,258 [main] INFO  ozone.HddsDatanodeService (HddsDatanodeService.java:startPlugins(395)) - Started plug-in org.apache.hadoop.ozone.web.OzoneHddsDatanodeService@388be5fd
2019-08-21 15:25:37,258 [main] INFO  impl.MetricsSystemImpl (MetricsSystemImpl.java:init(158)) - HddsDatanode metrics system started (again)
2019-08-21 15:25:37,261 [main] INFO  ozone.HddsDatanodeService (HddsDatanodeService.java:start(184)) - HddsDatanodeService host:pr-hdds-2000-fmv89-2959555139 ip:192.168.69.66
2019-08-21 15:25:37,322 [org.apache.hadoop.util.JvmPauseMonitor$Monitor@197b57fd] INFO  util.JvmPauseMonitor (JvmPauseMonitor.java:run(188)) - Starting JVM pause monitor
2019-08-21 15:25:37,329 [Datanode State Machine Thread - 0] INFO  datanode.InitDatanodeState (InitDatanodeState.java:persistContainerDatanodeDetails(140)) - DatanodeDetails is persisted to /workdir/hadoop-ozone/integration-test/target/test-dir/MiniOzoneClusterImpl-347934cf-c549-4c2f-b9a9-78d2da9c4574/datanode-4/meta/datanode.id
2019-08-21 15:25:37,334 [main] INFO  volume.HddsVolume (HddsVolume.java:<init>(176)) - Creating Volume: /workdir/hadoop-ozone/integration-test/target/test-dir/MiniOzoneClusterImpl-347934cf-c549-4c2f-b9a9-78d2da9c4574/datanode-5/data/containers/hdds of  storage type : DISK and capacity : 1482555576320
2019-08-21 15:25:37,335 [main] INFO  volume.VolumeSet (VolumeSet.java:initializeVolumeSet(170)) - Added Volume : /workdir/hadoop-ozone/integration-test/target/test-dir/MiniOzoneClusterImpl-347934cf-c549-4c2f-b9a9-78d2da9c4574/datanode-5/data/containers/hdds to VolumeSet
2019-08-21 15:25:37,335 [main] INFO  volume.ThrottledAsyncChecker (ThrottledAsyncChecker.java:schedule(140)) - Scheduling a check for org.apache.hadoop.ozone.container.common.volume.HddsVolume@3a109ff7
2019-08-21 15:25:37,336 [main] INFO  volume.HddsVolumeChecker (HddsVolumeChecker.java:checkAllVolumes(203)) - Scheduled health check for volume org.apache.hadoop.ozone.container.common.volume.HddsVolume@3a109ff7
2019-08-21 15:25:37,361 [main] INFO  impl.RaftServerProxy (ConfUtils.java:logGet(43)) - raft.rpc.type = GRPC (default)
2019-08-21 15:25:37,362 [main] INFO  grpc.GrpcFactory (GrpcFactory.java:checkPooledByteBufAllocatorUseCacheForAllThreads(45)) - PERFORMANCE WARNING: useCacheForAllThreads is true that may cause Netty to create a lot garbage objects and, as a result, trigger GC.
	It is recommended to disable useCacheForAllThreads by setting -Dorg.apache.ratis.thirdparty.io.netty.allocator.useCacheForAllThreads=false in command line.
2019-08-21 15:25:37,362 [main] INFO  grpc.GrpcConfigKeys$Server (ConfUtils.java:logGet(43)) - raft.grpc.server.port = 0 (default)
2019-08-21 15:25:37,362 [main] INFO  server.GrpcService (ConfUtils.java:logGet(43)) - raft.grpc.message.size.max = 33570816 (custom)
2019-08-21 15:25:37,363 [main] INFO  server.RaftServerConfigKeys (ConfUtils.java:logGet(43)) - raft.server.log.appender.buffer.byte-limit = 33554432 (custom)
2019-08-21 15:25:37,363 [main] INFO  server.GrpcService (ConfUtils.java:logGet(43)) - raft.grpc.flow.control.window = 1MB (=1048576) (default)
2019-08-21 15:25:37,363 [main] INFO  server.RaftServerConfigKeys (ConfUtils.java:logGet(43)) - raft.server.rpc.request.timeout = 3000ms (default)
2019-08-21 15:25:37,364 [main] INFO  server.RaftServerConfigKeys (ConfUtils.java:logGet(43)) - raft.server.storage.dir = [/workdir/hadoop-ozone/integration-test/target/test-dir/MiniOzoneClusterImpl-347934cf-c549-4c2f-b9a9-78d2da9c4574/datanode-5/data/ratis] (custom)
2019-08-21 15:25:37,364 [main] INFO  replication.SimpleContainerDownloader (SimpleContainerDownloader.java:<init>(72)) - Starting container downloader service to copy containers to replicate.
2019-08-21 15:25:37,366 [main] INFO  hdfs.DFSUtil (DFSUtil.java:httpServerTemplateForNNAndJN(1641)) - Starting Web-server for hddsDatanode at: http://0.0.0.0:0
2019-08-21 15:25:37,368 [main] INFO  server.AuthenticationFilter (AuthenticationFilter.java:constructSecretProvider(240)) - Unable to initialize FileSignerSecretProvider, falling back to use random secrets.
2019-08-21 15:25:37,368 [main] WARN  http.HttpRequestLog (HttpRequestLog.java:getRequestLog(97)) - Jetty request log can only be enabled using Log4j
2019-08-21 15:25:37,370 [main] INFO  http.HttpServer2 (HttpServer2.java:addGlobalFilter(975)) - Added global filter 'safety' (class=org.apache.hadoop.http.HttpServer2$QuotingInputFilter)
2019-08-21 15:25:37,371 [main] INFO  http.HttpServer2 (HttpServer2.java:addFilter(948)) - Added filter static_user_filter (class=org.apache.hadoop.http.lib.StaticUserWebFilter$StaticUserFilter) to context hddsDatanode
2019-08-21 15:25:37,372 [main] INFO  http.HttpServer2 (HttpServer2.java:addFilter(958)) - Added filter static_user_filter (class=org.apache.hadoop.http.lib.StaticUserWebFilter$StaticUserFilter) to context static
2019-08-21 15:25:37,373 [main] INFO  http.HttpServer2 (HttpServer2.java:addFilter(958)) - Added filter static_user_filter (class=org.apache.hadoop.http.lib.StaticUserWebFilter$StaticUserFilter) to context logs
2019-08-21 15:25:37,374 [main] INFO  http.HttpServer2 (HttpServer2.java:bindListener(1191)) - Jetty bound to port 34021
2019-08-21 15:25:37,374 [main] INFO  server.Server (Server.java:doStart(351)) - jetty-9.3.24.v20180605, build timestamp: 2018-06-05T17:11:56Z, git hash: 84205aa28f11a4f31f2a3b86d1bba2cc8ab69827
2019-08-21 15:25:37,377 [main] INFO  handler.ContextHandler (ContextHandler.java:doStart(781)) - Started o.e.j.s.ServletContextHandler@33bdd01{/logs,file:///workdir/hadoop-ozone/integration-test/target/log,AVAILABLE}
2019-08-21 15:25:37,377 [main] INFO  handler.ContextHandler (ContextHandler.java:doStart(781)) - Started o.e.j.s.ServletContextHandler@7ac48f05{/static,jar:file:/home/user/.m2/repository/org/apache/hadoop/hadoop-hdds-container-service/0.5.0-SNAPSHOT/hadoop-hdds-container-service-0.5.0-SNAPSHOT.jar!/webapps/static,AVAILABLE}
2019-08-21 15:25:37,411 [main] INFO  handler.ContextHandler (ContextHandler.java:doStart(781)) - Started o.e.j.w.WebAppContext@62e73ab6{/,file:///tmp/jetty-0.0.0.0-34021-hddsDatanode-_-any-7464057839102073084.dir/webapp/,AVAILABLE}{/hddsDatanode}
2019-08-21 15:25:37,412 [main] INFO  server.AbstractConnector (AbstractConnector.java:doStart(278)) - Started ServerConnector@5d7f8467{HTTP/1.1,[http/1.1]}{0.0.0.0:34021}
2019-08-21 15:25:37,412 [main] INFO  server.Server (Server.java:doStart(419)) - Started @9090ms
2019-08-21 15:25:37,413 [main] INFO  server.BaseHttpServer (BaseHttpServer.java:updateConnectorAddress(213)) - HTTP server of HDDSDATANODE is listening at http://0.0.0.0:34021
2019-08-21 15:25:37,565 | INFO  | ObjectStoreRestHttpServer | Listening HDDS REST traffic on /0.0.0.0:35492 |  
2019-08-21 15:25:37,565 [main] INFO  ozone.HddsDatanodeService (HddsDatanodeService.java:startPlugins(395)) - Started plug-in org.apache.hadoop.ozone.web.OzoneHddsDatanodeService@78479f2b
2019-08-21 15:25:37,565 [main] INFO  impl.MetricsSystemImpl (MetricsSystemImpl.java:init(158)) - HddsDatanode metrics system started (again)
2019-08-21 15:25:37,568 [org.apache.hadoop.util.JvmPauseMonitor$Monitor@4ea898f0] INFO  util.JvmPauseMonitor (JvmPauseMonitor.java:run(188)) - Starting JVM pause monitor
2019-08-21 15:25:37,569 [main] INFO  ozone.HddsDatanodeService (HddsDatanodeService.java:start(184)) - HddsDatanodeService host:pr-hdds-2000-fmv89-2959555139 ip:192.168.69.66
2019-08-21 15:25:37,570 [Datanode State Machine Thread - 0] INFO  datanode.InitDatanodeState (InitDatanodeState.java:persistContainerDatanodeDetails(140)) - DatanodeDetails is persisted to /workdir/hadoop-ozone/integration-test/target/test-dir/MiniOzoneClusterImpl-347934cf-c549-4c2f-b9a9-78d2da9c4574/datanode-5/meta/datanode.id
2019-08-21 15:25:37,576 [main] INFO  volume.HddsVolume (HddsVolume.java:<init>(176)) - Creating Volume: /workdir/hadoop-ozone/integration-test/target/test-dir/MiniOzoneClusterImpl-347934cf-c549-4c2f-b9a9-78d2da9c4574/datanode-6/data/containers/hdds of  storage type : DISK and capacity : 1482555576320
2019-08-21 15:25:37,576 [main] INFO  volume.VolumeSet (VolumeSet.java:initializeVolumeSet(170)) - Added Volume : /workdir/hadoop-ozone/integration-test/target/test-dir/MiniOzoneClusterImpl-347934cf-c549-4c2f-b9a9-78d2da9c4574/datanode-6/data/containers/hdds to VolumeSet
2019-08-21 15:25:37,576 [main] INFO  volume.ThrottledAsyncChecker (ThrottledAsyncChecker.java:schedule(140)) - Scheduling a check for org.apache.hadoop.ozone.container.common.volume.HddsVolume@5d5d3a5c
2019-08-21 15:25:37,577 [main] INFO  volume.HddsVolumeChecker (HddsVolumeChecker.java:checkAllVolumes(203)) - Scheduled health check for volume org.apache.hadoop.ozone.container.common.volume.HddsVolume@5d5d3a5c
2019-08-21 15:25:37,597 [main] INFO  impl.RaftServerProxy (ConfUtils.java:logGet(43)) - raft.rpc.type = GRPC (default)
2019-08-21 15:25:37,597 [main] INFO  grpc.GrpcFactory (GrpcFactory.java:checkPooledByteBufAllocatorUseCacheForAllThreads(45)) - PERFORMANCE WARNING: useCacheForAllThreads is true that may cause Netty to create a lot garbage objects and, as a result, trigger GC.
	It is recommended to disable useCacheForAllThreads by setting -Dorg.apache.ratis.thirdparty.io.netty.allocator.useCacheForAllThreads=false in command line.
2019-08-21 15:25:37,597 [main] INFO  grpc.GrpcConfigKeys$Server (ConfUtils.java:logGet(43)) - raft.grpc.server.port = 0 (default)
2019-08-21 15:25:37,598 [main] INFO  server.GrpcService (ConfUtils.java:logGet(43)) - raft.grpc.message.size.max = 33570816 (custom)
2019-08-21 15:25:37,598 [main] INFO  server.RaftServerConfigKeys (ConfUtils.java:logGet(43)) - raft.server.log.appender.buffer.byte-limit = 33554432 (custom)
2019-08-21 15:25:37,598 [main] INFO  server.GrpcService (ConfUtils.java:logGet(43)) - raft.grpc.flow.control.window = 1MB (=1048576) (default)
2019-08-21 15:25:37,599 [main] INFO  server.RaftServerConfigKeys (ConfUtils.java:logGet(43)) - raft.server.rpc.request.timeout = 3000ms (default)
2019-08-21 15:25:37,599 [main] INFO  server.RaftServerConfigKeys (ConfUtils.java:logGet(43)) - raft.server.storage.dir = [/workdir/hadoop-ozone/integration-test/target/test-dir/MiniOzoneClusterImpl-347934cf-c549-4c2f-b9a9-78d2da9c4574/datanode-6/data/ratis] (custom)
2019-08-21 15:25:37,600 [main] INFO  replication.SimpleContainerDownloader (SimpleContainerDownloader.java:<init>(72)) - Starting container downloader service to copy containers to replicate.
2019-08-21 15:25:37,601 [main] INFO  hdfs.DFSUtil (DFSUtil.java:httpServerTemplateForNNAndJN(1641)) - Starting Web-server for hddsDatanode at: http://0.0.0.0:0
2019-08-21 15:25:37,603 [main] INFO  server.AuthenticationFilter (AuthenticationFilter.java:constructSecretProvider(240)) - Unable to initialize FileSignerSecretProvider, falling back to use random secrets.
2019-08-21 15:25:37,603 [main] WARN  http.HttpRequestLog (HttpRequestLog.java:getRequestLog(97)) - Jetty request log can only be enabled using Log4j
2019-08-21 15:25:37,605 [main] INFO  http.HttpServer2 (HttpServer2.java:addGlobalFilter(975)) - Added global filter 'safety' (class=org.apache.hadoop.http.HttpServer2$QuotingInputFilter)
2019-08-21 15:25:37,605 [main] INFO  http.HttpServer2 (HttpServer2.java:addFilter(948)) - Added filter static_user_filter (class=org.apache.hadoop.http.lib.StaticUserWebFilter$StaticUserFilter) to context hddsDatanode
2019-08-21 15:25:37,606 [main] INFO  http.HttpServer2 (HttpServer2.java:addFilter(958)) - Added filter static_user_filter (class=org.apache.hadoop.http.lib.StaticUserWebFilter$StaticUserFilter) to context logs
2019-08-21 15:25:37,606 [main] INFO  http.HttpServer2 (HttpServer2.java:addFilter(958)) - Added filter static_user_filter (class=org.apache.hadoop.http.lib.StaticUserWebFilter$StaticUserFilter) to context static
2019-08-21 15:25:37,606 [main] INFO  http.HttpServer2 (HttpServer2.java:bindListener(1191)) - Jetty bound to port 38101
2019-08-21 15:25:37,607 [main] INFO  server.Server (Server.java:doStart(351)) - jetty-9.3.24.v20180605, build timestamp: 2018-06-05T17:11:56Z, git hash: 84205aa28f11a4f31f2a3b86d1bba2cc8ab69827
2019-08-21 15:25:37,608 [main] INFO  handler.ContextHandler (ContextHandler.java:doStart(781)) - Started o.e.j.s.ServletContextHandler@5c70d7f0{/logs,file:///workdir/hadoop-ozone/integration-test/target/log,AVAILABLE}
2019-08-21 15:25:37,609 [main] INFO  handler.ContextHandler (ContextHandler.java:doStart(781)) - Started o.e.j.s.ServletContextHandler@1e6bd263{/static,jar:file:/home/user/.m2/repository/org/apache/hadoop/hadoop-hdds-container-service/0.5.0-SNAPSHOT/hadoop-hdds-container-service-0.5.0-SNAPSHOT.jar!/webapps/static,AVAILABLE}
2019-08-21 15:25:37,647 [main] INFO  handler.ContextHandler (ContextHandler.java:doStart(781)) - Started o.e.j.w.WebAppContext@6a7a1a0d{/,file:///tmp/jetty-0.0.0.0-38101-hddsDatanode-_-any-1845427093887475872.dir/webapp/,AVAILABLE}{/hddsDatanode}
2019-08-21 15:25:37,649 [main] INFO  server.AbstractConnector (AbstractConnector.java:doStart(278)) - Started ServerConnector@1c6e3ff9{HTTP/1.1,[http/1.1]}{0.0.0.0:38101}
2019-08-21 15:25:37,649 [main] INFO  server.Server (Server.java:doStart(419)) - Started @9327ms
2019-08-21 15:25:37,650 [main] INFO  server.BaseHttpServer (BaseHttpServer.java:updateConnectorAddress(213)) - HTTP server of HDDSDATANODE is listening at http://0.0.0.0:38101
2019-08-21 15:25:37,820 | INFO  | ObjectStoreRestHttpServer | Listening HDDS REST traffic on /0.0.0.0:33984 |  
2019-08-21 15:25:37,820 [main] INFO  ozone.HddsDatanodeService (HddsDatanodeService.java:startPlugins(395)) - Started plug-in org.apache.hadoop.ozone.web.OzoneHddsDatanodeService@2d74cbbd
2019-08-21 15:25:37,823 [main] INFO  ozone.MiniOzoneClusterImpl (MiniOzoneClusterImpl.java:lambda$waitForClusterToBeReady$0(142)) - Waiting for cluster to be ready. Got 0 of 7 DN Heartbeats.
2019-08-21 15:25:37,824 [org.apache.hadoop.util.JvmPauseMonitor$Monitor@29e089e5] INFO  util.JvmPauseMonitor (JvmPauseMonitor.java:run(188)) - Starting JVM pause monitor
2019-08-21 15:25:37,833 [Datanode State Machine Thread - 0] INFO  datanode.InitDatanodeState (InitDatanodeState.java:persistContainerDatanodeDetails(140)) - DatanodeDetails is persisted to /workdir/hadoop-ozone/integration-test/target/test-dir/MiniOzoneClusterImpl-347934cf-c549-4c2f-b9a9-78d2da9c4574/datanode-6/meta/datanode.id
2019-08-21 15:25:38,376 | INFO  | SCMAudit | user=jenkins1000 | ip=192.168.69.66 | op=GET_VERSION null | ret=SUCCESS |  
2019-08-21 15:25:38,428 [Datanode State Machine Thread - 0] INFO  ozoneimpl.OzoneContainer (OzoneContainer.java:start(186)) - Attempting to start container services.
2019-08-21 15:25:38,430 [Datanode State Machine Thread - 0] INFO  ozoneimpl.OzoneContainer (OzoneContainer.java:startContainerScrub(160)) - Background container scrubber has been disabled by hdds.containerscrub.enabled
2019-08-21 15:25:38,430 [Datanode State Machine Thread - 0] INFO  ratis.XceiverServerRatis (XceiverServerRatis.java:start(404)) - Starting XceiverServerRatis a382de20-91b6-4175-90f3-7f10d3274d35 at port 0
2019-08-21 15:25:38,448 [Datanode State Machine Thread - 0] INFO  impl.RaftServerProxy (RaftServerProxy.java:lambda$start$3(299)) - a382de20-91b6-4175-90f3-7f10d3274d35: start RPC server
2019-08-21 15:25:38,561 [Datanode State Machine Thread - 0] INFO  server.GrpcService (GrpcService.java:startImpl(149)) - a382de20-91b6-4175-90f3-7f10d3274d35: GrpcService started, listening on 0.0.0.0/0.0.0.0:42817
2019-08-21 15:25:38,562 [Datanode State Machine Thread - 0] INFO  ratis.XceiverServerRatis (XceiverServerRatis.java:start(414)) - XceiverServerRatis a382de20-91b6-4175-90f3-7f10d3274d35 is started using port 42817
2019-08-21 15:25:38,564 [Datanode State Machine Thread - 0] INFO  server.XceiverServerGrpc (XceiverServerGrpc.java:start(161)) - XceiverServerGrpc a382de20-91b6-4175-90f3-7f10d3274d35 is started using port 38371
2019-08-21 15:25:38,620 | INFO  | SCMAudit | user=jenkins1000 | ip=192.168.69.66 | op=GET_VERSION null | ret=SUCCESS |  
2019-08-21 15:25:38,635 [Datanode State Machine Thread - 0] INFO  ozoneimpl.OzoneContainer (OzoneContainer.java:start(186)) - Attempting to start container services.
2019-08-21 15:25:38,637 [Datanode State Machine Thread - 0] INFO  ozoneimpl.OzoneContainer (OzoneContainer.java:startContainerScrub(160)) - Background container scrubber has been disabled by hdds.containerscrub.enabled
2019-08-21 15:25:38,637 [Datanode State Machine Thread - 0] INFO  ratis.XceiverServerRatis (XceiverServerRatis.java:start(404)) - Starting XceiverServerRatis 365de576-2a66-45d6-9e61-a070dcb6ef76 at port 0
2019-08-21 15:25:38,646 [Datanode State Machine Thread - 0] INFO  impl.RaftServerProxy (RaftServerProxy.java:lambda$start$3(299)) - 365de576-2a66-45d6-9e61-a070dcb6ef76: start RPC server
2019-08-21 15:25:38,648 [Datanode State Machine Thread - 0] INFO  server.GrpcService (GrpcService.java:startImpl(149)) - 365de576-2a66-45d6-9e61-a070dcb6ef76: GrpcService started, listening on 0.0.0.0/0.0.0.0:34536
2019-08-21 15:25:38,649 [Datanode State Machine Thread - 0] INFO  ratis.XceiverServerRatis (XceiverServerRatis.java:start(414)) - XceiverServerRatis 365de576-2a66-45d6-9e61-a070dcb6ef76 is started using port 34536
2019-08-21 15:25:38,651 [Datanode State Machine Thread - 0] INFO  server.XceiverServerGrpc (XceiverServerGrpc.java:start(161)) - XceiverServerGrpc 365de576-2a66-45d6-9e61-a070dcb6ef76 is started using port 41993
2019-08-21 15:25:38,823 [main] INFO  ozone.MiniOzoneClusterImpl (MiniOzoneClusterImpl.java:lambda$waitForClusterToBeReady$0(142)) - Waiting for cluster to be ready. Got 0 of 7 DN Heartbeats.
2019-08-21 15:25:38,852 | INFO  | SCMAudit | user=jenkins1000 | ip=192.168.69.66 | op=GET_VERSION null | ret=SUCCESS |  
2019-08-21 15:25:38,875 [Datanode State Machine Thread - 0] INFO  ozoneimpl.OzoneContainer (OzoneContainer.java:start(186)) - Attempting to start container services.
2019-08-21 15:25:38,878 [Datanode State Machine Thread - 0] INFO  ozoneimpl.OzoneContainer (OzoneContainer.java:startContainerScrub(160)) - Background container scrubber has been disabled by hdds.containerscrub.enabled
2019-08-21 15:25:38,879 [Datanode State Machine Thread - 0] INFO  ratis.XceiverServerRatis (XceiverServerRatis.java:start(404)) - Starting XceiverServerRatis 1aacd0c4-76a7-48b7-8ae6-c1c768db399a at port 0
2019-08-21 15:25:38,887 [Datanode State Machine Thread - 0] INFO  impl.RaftServerProxy (RaftServerProxy.java:lambda$start$3(299)) - 1aacd0c4-76a7-48b7-8ae6-c1c768db399a: start RPC server
2019-08-21 15:25:38,889 [Datanode State Machine Thread - 0] INFO  server.GrpcService (GrpcService.java:startImpl(149)) - 1aacd0c4-76a7-48b7-8ae6-c1c768db399a: GrpcService started, listening on 0.0.0.0/0.0.0.0:43791
2019-08-21 15:25:38,890 [Datanode State Machine Thread - 0] INFO  ratis.XceiverServerRatis (XceiverServerRatis.java:start(414)) - XceiverServerRatis 1aacd0c4-76a7-48b7-8ae6-c1c768db399a is started using port 43791
2019-08-21 15:25:38,892 [Datanode State Machine Thread - 0] INFO  server.XceiverServerGrpc (XceiverServerGrpc.java:start(161)) - XceiverServerGrpc 1aacd0c4-76a7-48b7-8ae6-c1c768db399a is started using port 42588
2019-08-21 15:25:39,052 | INFO  | SCMAudit | user=jenkins1000 | ip=192.168.69.66 | op=GET_VERSION null | ret=SUCCESS |  
2019-08-21 15:25:39,066 [Datanode State Machine Thread - 0] INFO  ozoneimpl.OzoneContainer (OzoneContainer.java:start(186)) - Attempting to start container services.
2019-08-21 15:25:39,067 [Datanode State Machine Thread - 0] INFO  ozoneimpl.OzoneContainer (OzoneContainer.java:startContainerScrub(160)) - Background container scrubber has been disabled by hdds.containerscrub.enabled
2019-08-21 15:25:39,067 [Datanode State Machine Thread - 0] INFO  ratis.XceiverServerRatis (XceiverServerRatis.java:start(404)) - Starting XceiverServerRatis d9b07869-42ab-49cb-b7c3-7a1f30a8fac0 at port 0
2019-08-21 15:25:39,075 [Datanode State Machine Thread - 0] INFO  impl.RaftServerProxy (RaftServerProxy.java:lambda$start$3(299)) - d9b07869-42ab-49cb-b7c3-7a1f30a8fac0: start RPC server
2019-08-21 15:25:39,079 [Datanode State Machine Thread - 0] INFO  server.GrpcService (GrpcService.java:startImpl(149)) - d9b07869-42ab-49cb-b7c3-7a1f30a8fac0: GrpcService started, listening on 0.0.0.0/0.0.0.0:37356
2019-08-21 15:25:39,079 [Datanode State Machine Thread - 0] INFO  ratis.XceiverServerRatis (XceiverServerRatis.java:start(414)) - XceiverServerRatis d9b07869-42ab-49cb-b7c3-7a1f30a8fac0 is started using port 37356
2019-08-21 15:25:39,084 [Datanode State Machine Thread - 0] INFO  server.XceiverServerGrpc (XceiverServerGrpc.java:start(161)) - XceiverServerGrpc d9b07869-42ab-49cb-b7c3-7a1f30a8fac0 is started using port 44839
2019-08-21 15:25:39,264 | INFO  | SCMAudit | user=jenkins1000 | ip=192.168.69.66 | op=GET_VERSION null | ret=SUCCESS |  
2019-08-21 15:25:39,279 [Datanode State Machine Thread - 0] INFO  ozoneimpl.OzoneContainer (OzoneContainer.java:start(186)) - Attempting to start container services.
2019-08-21 15:25:39,279 [Datanode State Machine Thread - 0] INFO  ozoneimpl.OzoneContainer (OzoneContainer.java:startContainerScrub(160)) - Background container scrubber has been disabled by hdds.containerscrub.enabled
2019-08-21 15:25:39,279 [Datanode State Machine Thread - 0] INFO  ratis.XceiverServerRatis (XceiverServerRatis.java:start(404)) - Starting XceiverServerRatis 0fd88f8c-6b3d-41ef-987e-b97c2c0b5243 at port 0
2019-08-21 15:25:39,287 [Datanode State Machine Thread - 0] INFO  impl.RaftServerProxy (RaftServerProxy.java:lambda$start$3(299)) - 0fd88f8c-6b3d-41ef-987e-b97c2c0b5243: start RPC server
2019-08-21 15:25:39,291 [Datanode State Machine Thread - 0] INFO  server.GrpcService (GrpcService.java:startImpl(149)) - 0fd88f8c-6b3d-41ef-987e-b97c2c0b5243: GrpcService started, listening on 0.0.0.0/0.0.0.0:36687
2019-08-21 15:25:39,291 [Datanode State Machine Thread - 0] INFO  ratis.XceiverServerRatis (XceiverServerRatis.java:start(414)) - XceiverServerRatis 0fd88f8c-6b3d-41ef-987e-b97c2c0b5243 is started using port 36687
2019-08-21 15:25:39,295 [Datanode State Machine Thread - 0] INFO  server.XceiverServerGrpc (XceiverServerGrpc.java:start(161)) - XceiverServerGrpc 0fd88f8c-6b3d-41ef-987e-b97c2c0b5243 is started using port 36099
2019-08-21 15:25:39,572 | INFO  | SCMAudit | user=jenkins1000 | ip=192.168.69.66 | op=GET_VERSION null | ret=SUCCESS |  
2019-08-21 15:25:39,587 [Datanode State Machine Thread - 0] INFO  ozoneimpl.OzoneContainer (OzoneContainer.java:start(186)) - Attempting to start container services.
2019-08-21 15:25:39,587 [Datanode State Machine Thread - 0] INFO  ozoneimpl.OzoneContainer (OzoneContainer.java:startContainerScrub(160)) - Background container scrubber has been disabled by hdds.containerscrub.enabled
2019-08-21 15:25:39,587 [Datanode State Machine Thread - 0] INFO  ratis.XceiverServerRatis (XceiverServerRatis.java:start(404)) - Starting XceiverServerRatis 7cd51e96-9e9a-4fa6-9923-5d34258d4f7e at port 0
2019-08-21 15:25:39,594 [Datanode State Machine Thread - 0] INFO  impl.RaftServerProxy (RaftServerProxy.java:lambda$start$3(299)) - 7cd51e96-9e9a-4fa6-9923-5d34258d4f7e: start RPC server
2019-08-21 15:25:39,597 [Datanode State Machine Thread - 0] INFO  server.GrpcService (GrpcService.java:startImpl(149)) - 7cd51e96-9e9a-4fa6-9923-5d34258d4f7e: GrpcService started, listening on 0.0.0.0/0.0.0.0:42148
2019-08-21 15:25:39,598 [Datanode State Machine Thread - 0] INFO  ratis.XceiverServerRatis (XceiverServerRatis.java:start(414)) - XceiverServerRatis 7cd51e96-9e9a-4fa6-9923-5d34258d4f7e is started using port 42148
2019-08-21 15:25:39,601 [Datanode State Machine Thread - 0] INFO  server.XceiverServerGrpc (XceiverServerGrpc.java:start(161)) - XceiverServerGrpc 7cd51e96-9e9a-4fa6-9923-5d34258d4f7e is started using port 37024
2019-08-21 15:25:39,824 [main] INFO  ozone.MiniOzoneClusterImpl (MiniOzoneClusterImpl.java:lambda$waitForClusterToBeReady$0(142)) - Waiting for cluster to be ready. Got 0 of 7 DN Heartbeats.
2019-08-21 15:25:39,828 | INFO  | SCMAudit | user=jenkins1000 | ip=192.168.69.66 | op=GET_VERSION null | ret=SUCCESS |  
2019-08-21 15:25:39,842 [Datanode State Machine Thread - 0] INFO  ozoneimpl.OzoneContainer (OzoneContainer.java:start(186)) - Attempting to start container services.
2019-08-21 15:25:39,843 [Datanode State Machine Thread - 0] INFO  ozoneimpl.OzoneContainer (OzoneContainer.java:startContainerScrub(160)) - Background container scrubber has been disabled by hdds.containerscrub.enabled
2019-08-21 15:25:39,843 [Datanode State Machine Thread - 0] INFO  ratis.XceiverServerRatis (XceiverServerRatis.java:start(404)) - Starting XceiverServerRatis 20f26f50-31a5-4065-a99c-917b728ca18a at port 0
2019-08-21 15:25:39,855 [Datanode State Machine Thread - 0] INFO  impl.RaftServerProxy (RaftServerProxy.java:lambda$start$3(299)) - 20f26f50-31a5-4065-a99c-917b728ca18a: start RPC server
2019-08-21 15:25:39,858 [Datanode State Machine Thread - 0] INFO  server.GrpcService (GrpcService.java:startImpl(149)) - 20f26f50-31a5-4065-a99c-917b728ca18a: GrpcService started, listening on 0.0.0.0/0.0.0.0:40152
2019-08-21 15:25:39,858 [Datanode State Machine Thread - 0] INFO  ratis.XceiverServerRatis (XceiverServerRatis.java:start(414)) - XceiverServerRatis 20f26f50-31a5-4065-a99c-917b728ca18a is started using port 40152
2019-08-21 15:25:39,861 [Datanode State Machine Thread - 0] INFO  server.XceiverServerGrpc (XceiverServerGrpc.java:start(161)) - XceiverServerGrpc 20f26f50-31a5-4065-a99c-917b728ca18a is started using port 35775
2019-08-21 15:25:40,375 [IPC Server handler 2 on 33664] INFO  net.NetworkTopology (NetworkTopologyImpl.java:add(110)) - Added a new node: /default-rack/a382de20-91b6-4175-90f3-7f10d3274d35
2019-08-21 15:25:40,375 [IPC Server handler 2 on 33664] INFO  node.SCMNodeManager (SCMNodeManager.java:register(273)) - Registered Data node : a382de20-91b6-4175-90f3-7f10d3274d35{ip: 192.168.69.66, host: pr-hdds-2000-fmv89-2959555139, networkLocation: /default-rack, certSerialId: null}
2019-08-21 15:25:40,380 [EventQueue-NodeRegistrationContainerReportForDataNodeSafeModeRule] INFO  safemode.SCMSafeModeManager (DataNodeSafeModeRule.java:process(71)) - SCM in safe mode. 1 DataNodes registered, 1 required.
2019-08-21 15:25:40,381 [EventQueue-NodeRegistrationContainerReportForDataNodeSafeModeRule] INFO  safemode.SCMSafeModeManager (SCMSafeModeManager.java:validateSafeModeExitRules(177)) - ScmSafeModeManager, all rules are successfully validated
2019-08-21 15:25:40,381 [EventQueue-NodeRegistrationContainerReportForDataNodeSafeModeRule] INFO  safemode.SCMSafeModeManager (SCMSafeModeManager.java:exitSafeMode(193)) - SCM exiting safe mode.
2019-08-21 15:25:40,388 | INFO  | SCMAudit | user=jenkins1000 | ip=192.168.69.66 | op=REGISTER {datanodeDetails=a382de20-91b6-4175-90f3-7f10d3274d35{ip: 192.168.69.66, host: pr-hdds-2000-fmv89-2959555139, networkLocation: /default-rack, certSerialId: null}} | ret=SUCCESS |  
2019-08-21 15:25:40,623 [IPC Server handler 5 on 33664] INFO  net.NetworkTopology (NetworkTopologyImpl.java:add(110)) - Added a new node: /default-rack/365de576-2a66-45d6-9e61-a070dcb6ef76
2019-08-21 15:25:40,624 [IPC Server handler 5 on 33664] INFO  node.SCMNodeManager (SCMNodeManager.java:register(273)) - Registered Data node : 365de576-2a66-45d6-9e61-a070dcb6ef76{ip: 192.168.69.66, host: pr-hdds-2000-fmv89-2959555139, networkLocation: /default-rack, certSerialId: null}
2019-08-21 15:25:40,624 | INFO  | SCMAudit | user=jenkins1000 | ip=192.168.69.66 | op=REGISTER {datanodeDetails=365de576-2a66-45d6-9e61-a070dcb6ef76{ip: 192.168.69.66, host: pr-hdds-2000-fmv89-2959555139, networkLocation: /default-rack, certSerialId: null}} | ret=SUCCESS |  
2019-08-21 15:25:41,228 [main] INFO  ozone.MiniOzoneClusterImpl (MiniOzoneClusterImpl.java:lambda$waitForClusterToBeReady$0(142)) - Waiting for cluster to be ready. Got 2 of 7 DN Heartbeats.
2019-08-21 15:25:41,229 [IPC Server handler 1 on 33664] INFO  net.NetworkTopology (NetworkTopologyImpl.java:add(110)) - Added a new node: /default-rack/d9b07869-42ab-49cb-b7c3-7a1f30a8fac0
2019-08-21 15:25:41,231 [IPC Server handler 1 on 33664] INFO  node.SCMNodeManager (SCMNodeManager.java:register(273)) - Registered Data node : d9b07869-42ab-49cb-b7c3-7a1f30a8fac0{ip: 192.168.69.66, host: pr-hdds-2000-fmv89-2959555139, networkLocation: /default-rack, certSerialId: null}
2019-08-21 15:25:41,238 [IPC Server handler 2 on 33664] INFO  net.NetworkTopology (NetworkTopologyImpl.java:add(110)) - Added a new node: /default-rack/1aacd0c4-76a7-48b7-8ae6-c1c768db399a
2019-08-21 15:25:41,245 [IPC Server handler 2 on 33664] INFO  node.SCMNodeManager (SCMNodeManager.java:register(273)) - Registered Data node : 1aacd0c4-76a7-48b7-8ae6-c1c768db399a{ip: 192.168.69.66, host: pr-hdds-2000-fmv89-2959555139, networkLocation: /default-rack, certSerialId: null}
2019-08-21 15:25:41,245 | INFO  | SCMAudit | user=jenkins1000 | ip=192.168.69.66 | op=REGISTER {datanodeDetails=d9b07869-42ab-49cb-b7c3-7a1f30a8fac0{ip: 192.168.69.66, host: pr-hdds-2000-fmv89-2959555139, networkLocation: /default-rack, certSerialId: null}} | ret=SUCCESS |  
2019-08-21 15:25:41,252 | INFO  | SCMAudit | user=jenkins1000 | ip=192.168.69.66 | op=REGISTER {datanodeDetails=1aacd0c4-76a7-48b7-8ae6-c1c768db399a{ip: 192.168.69.66, host: pr-hdds-2000-fmv89-2959555139, networkLocation: /default-rack, certSerialId: null}} | ret=SUCCESS |  
2019-08-21 15:25:41,283 [IPC Server handler 5 on 33664] INFO  net.NetworkTopology (NetworkTopologyImpl.java:add(110)) - Added a new node: /default-rack/0fd88f8c-6b3d-41ef-987e-b97c2c0b5243
2019-08-21 15:25:41,304 [IPC Server handler 5 on 33664] INFO  node.SCMNodeManager (SCMNodeManager.java:register(273)) - Registered Data node : 0fd88f8c-6b3d-41ef-987e-b97c2c0b5243{ip: 192.168.69.66, host: pr-hdds-2000-fmv89-2959555139, networkLocation: /default-rack, certSerialId: null}
2019-08-21 15:25:41,305 | INFO  | SCMAudit | user=jenkins1000 | ip=192.168.69.66 | op=REGISTER {datanodeDetails=0fd88f8c-6b3d-41ef-987e-b97c2c0b5243{ip: 192.168.69.66, host: pr-hdds-2000-fmv89-2959555139, networkLocation: /default-rack, certSerialId: null}} | ret=SUCCESS |  
2019-08-21 15:25:41,446 [grpc-default-executor-0] INFO  impl.RaftServerProxy (RaftServerProxy.java:addNew(89)) - a382de20-91b6-4175-90f3-7f10d3274d35: addNew group-5D37C5E07CB6:[a382de20-91b6-4175-90f3-7f10d3274d35:192.168.69.66:42817] returns group-5D37C5E07CB6:java.util.concurrent.CompletableFuture@313f5306[Not completed]
2019-08-21 15:25:41,466 [pool-27-thread-1] INFO  impl.RaftServerImpl (RaftServerImpl.java:<init>(93)) - a382de20-91b6-4175-90f3-7f10d3274d35: new RaftServerImpl for group-5D37C5E07CB6:[a382de20-91b6-4175-90f3-7f10d3274d35:192.168.69.66:42817] with ContainerStateMachine:uninitialized
2019-08-21 15:25:41,468 [pool-27-thread-1] INFO  server.RaftServerConfigKeys (ConfUtils.java:logGet(43)) - raft.server.rpc.timeout.min = 5s (custom)
2019-08-21 15:25:41,470 [pool-27-thread-1] INFO  server.RaftServerConfigKeys (ConfUtils.java:logGet(43)) - raft.server.rpc.timeout.max = 5200ms (custom)
2019-08-21 15:25:41,470 [pool-27-thread-1] INFO  server.RaftServerConfigKeys (ConfUtils.java:logGet(43)) - raft.server.rpcslowness.timeout = 120s (custom)
2019-08-21 15:25:41,471 [pool-27-thread-1] INFO  server.RaftServerConfigKeys (ConfUtils.java:logGet(43)) - raft.server.sleep.deviation.threshold = 300 (default)
2019-08-21 15:25:41,471 [pool-27-thread-1] INFO  server.RaftServerConfigKeys (ConfUtils.java:logGet(43)) - raft.server.log.appender.install.snapshot.enabled = false (custom)
2019-08-21 15:25:41,479 [pool-27-thread-1] INFO  impl.RaftServerImpl (ServerState.java:<init>(105)) - a382de20-91b6-4175-90f3-7f10d3274d35:group-5D37C5E07CB6 ConfigurationManager, init=-1: [a382de20-91b6-4175-90f3-7f10d3274d35:192.168.69.66:42817], old=null, confs=<EMPTY_MAP>
2019-08-21 15:25:41,479 [pool-27-thread-1] INFO  server.RaftServerConfigKeys (ConfUtils.java:logGet(43)) - raft.server.storage.dir = [/workdir/hadoop-ozone/integration-test/target/test-dir/MiniOzoneClusterImpl-347934cf-c549-4c2f-b9a9-78d2da9c4574/datanode-0/data/ratis] (custom)
2019-08-21 15:25:41,486 [pool-27-thread-1] INFO  storage.RaftStorageDirectory (RaftStorageDirectory.java:analyzeStorage(246)) - The storage directory /workdir/hadoop-ozone/integration-test/target/test-dir/MiniOzoneClusterImpl-347934cf-c549-4c2f-b9a9-78d2da9c4574/datanode-0/data/ratis/c29be607-01cc-4140-ad8a-5d37c5e07cb6 does not exist. Creating ...
2019-08-21 15:25:41,502 [pool-27-thread-1] INFO  storage.RaftStorageDirectory (RaftStorageDirectory.java:tryLock(328)) - Lock on /workdir/hadoop-ozone/integration-test/target/test-dir/MiniOzoneClusterImpl-347934cf-c549-4c2f-b9a9-78d2da9c4574/datanode-0/data/ratis/c29be607-01cc-4140-ad8a-5d37c5e07cb6/in_use.lock acquired by nodename 31461@pr-hdds-2000-fmv89-2959555139
2019-08-21 15:25:41,518 [pool-27-thread-1] INFO  storage.RaftStorage (RaftStorage.java:format(72)) - Storage directory /workdir/hadoop-ozone/integration-test/target/test-dir/MiniOzoneClusterImpl-347934cf-c549-4c2f-b9a9-78d2da9c4574/datanode-0/data/ratis/c29be607-01cc-4140-ad8a-5d37c5e07cb6 has been successfully formatted.
2019-08-21 15:25:41,520 [pool-27-thread-1] INFO  ratis.ContainerStateMachine (ContainerStateMachine.java:loadSnapshot(226)) - group-5D37C5E07CB6: The snapshot info is null. Setting the last applied indexto:(t:0, i:~)
2019-08-21 15:25:41,520 [pool-27-thread-1] INFO  server.RaftServerConfigKeys (ConfUtils.java:logGet(43)) - raft.server.leader.election.timeout = 120s (custom)
2019-08-21 15:25:41,523 [pool-27-thread-1] INFO  server.RaftServerConfigKeys (ConfUtils.java:logGet(43)) - raft.server.log.use.memory = false (default)
2019-08-21 15:25:41,527 [pool-27-thread-1] INFO  server.RaftServerConfigKeys (ConfUtils.java:logGet(43)) - raft.server.log.purge.gap = 1000000 (custom)
2019-08-21 15:25:41,528 [pool-27-thread-1] INFO  server.RaftServerConfigKeys (ConfUtils.java:logGet(43)) - raft.server.log.appender.buffer.byte-limit = 33554432 (custom)
2019-08-21 15:25:41,529 [pool-27-thread-1] INFO  server.RaftServerConfigKeys (ConfUtils.java:logGet(43)) - raft.server.log.segment.size.max = 1048576 (custom)
2019-08-21 15:25:41,533 [pool-27-thread-1] INFO  server.RaftServerConfigKeys (ConfUtils.java:logGet(43)) - raft.server.log.segment.cache.num.max = 2 (custom)
2019-08-21 15:25:41,538 [pool-27-thread-1] INFO  segmented.SegmentedRaftLogWorker (SegmentedRaftLogWorker.java:<init>(172)) - new a382de20-91b6-4175-90f3-7f10d3274d35-SegmentedRaftLogWorker:Storage Directory /workdir/hadoop-ozone/integration-test/target/test-dir/MiniOzoneClusterImpl-347934cf-c549-4c2f-b9a9-78d2da9c4574/datanode-0/data/ratis/c29be607-01cc-4140-ad8a-5d37c5e07cb6 for RaftStorage:Storage Directory /workdir/hadoop-ozone/integration-test/target/test-dir/MiniOzoneClusterImpl-347934cf-c549-4c2f-b9a9-78d2da9c4574/datanode-0/data/ratis/c29be607-01cc-4140-ad8a-5d37c5e07cb6
2019-08-21 15:25:41,550 [pool-27-thread-1] INFO  server.RaftServerConfigKeys (ConfUtils.java:logGet(43)) - raft.server.log.queue.byte-limit = 2147483647 (custom)
2019-08-21 15:25:41,550 [pool-27-thread-1] INFO  server.RaftServerConfigKeys (ConfUtils.java:logGet(43)) - raft.server.log.queue.element-limit = 1024 (custom)
2019-08-21 15:25:41,555 [pool-27-thread-1] INFO  server.RaftServerConfigKeys (ConfUtils.java:logGet(43)) - raft.server.log.segment.size.max = 1048576 (custom)
2019-08-21 15:25:41,555 [pool-27-thread-1] INFO  server.RaftServerConfigKeys (ConfUtils.java:logGet(43)) - raft.server.log.preallocated.size = 16384 (custom)
2019-08-21 15:25:41,556 [pool-27-thread-1] INFO  server.RaftServerConfigKeys (ConfUtils.java:logGet(43)) - raft.server.log.write.buffer.size = 33554432 (custom)
2019-08-21 15:25:41,556 [pool-27-thread-1] INFO  server.RaftServerConfigKeys (ConfUtils.java:logGet(43)) - raft.server.log.force.sync.num = 128 (default)
2019-08-21 15:25:41,557 [pool-27-thread-1] INFO  server.RaftServerConfigKeys (ConfUtils.java:logGet(43)) - raft.server.log.statemachine.data.sync = true (default)
2019-08-21 15:25:41,557 [pool-27-thread-1] INFO  server.RaftServerConfigKeys (ConfUtils.java:logGet(43)) - raft.server.log.statemachine.data.sync.timeout = 10s (default)
2019-08-21 15:25:41,558 [pool-27-thread-1] INFO  server.RaftServerConfigKeys (ConfUtils.java:logGet(43)) - raft.server.log.statemachine.data.sync.timeout.retry = -1 (default)
2019-08-21 15:25:41,566 [pool-27-thread-1] INFO  server.RaftServerConfigKeys (ConfUtils.java:logGet(43)) - raft.server.log.statemachine.data.caching.enabled = true (custom)
2019-08-21 15:25:41,572 [IPC Server handler 0 on 33664] INFO  net.NetworkTopology (NetworkTopologyImpl.java:add(110)) - Added a new node: /default-rack/7cd51e96-9e9a-4fa6-9923-5d34258d4f7e
2019-08-21 15:25:41,574 [IPC Server handler 0 on 33664] INFO  node.SCMNodeManager (SCMNodeManager.java:register(273)) - Registered Data node : 7cd51e96-9e9a-4fa6-9923-5d34258d4f7e{ip: 192.168.69.66, host: pr-hdds-2000-fmv89-2959555139, networkLocation: /default-rack, certSerialId: null}
2019-08-21 15:25:41,574 [pool-27-thread-1] INFO  segmented.SegmentedRaftLogWorker (SegmentedRaftLogWorker.java:lambda$new$0(132)) - a382de20-91b6-4175-90f3-7f10d3274d35-SegmentedRaftLogWorker:Storage Directory /workdir/hadoop-ozone/integration-test/target/test-dir/MiniOzoneClusterImpl-347934cf-c549-4c2f-b9a9-78d2da9c4574/datanode-0/data/ratis/c29be607-01cc-4140-ad8a-5d37c5e07cb6: flushIndex: setUnconditionally 0 -> -1
2019-08-21 15:25:41,574 | INFO  | SCMAudit | user=jenkins1000 | ip=192.168.69.66 | op=REGISTER {datanodeDetails=7cd51e96-9e9a-4fa6-9923-5d34258d4f7e{ip: 192.168.69.66, host: pr-hdds-2000-fmv89-2959555139, networkLocation: /default-rack, certSerialId: null}} | ret=SUCCESS |  
2019-08-21 15:25:41,579 [pool-27-thread-1] INFO  server.RaftServerConfigKeys (ConfUtils.java:logGet(43)) - raft.server.snapshot.auto.trigger.enabled = true (custom)
2019-08-21 15:25:41,580 [pool-27-thread-1] INFO  server.RaftServerConfigKeys (ConfUtils.java:logGet(43)) - raft.server.snapshot.auto.trigger.threshold = 10000 (custom)
2019-08-21 15:25:41,580 [pool-27-thread-1] INFO  server.RaftServerConfigKeys (ConfUtils.java:logGet(43)) - raft.server.retrycache.expirytime = 600000ms (custom)
2019-08-21 15:25:41,606 [pool-27-thread-1] INFO  impl.RaftServerImpl (RaftServerImpl.java:start(180)) - a382de20-91b6-4175-90f3-7f10d3274d35: start group-5D37C5E07CB6
2019-08-21 15:25:41,608 [pool-27-thread-1] INFO  impl.RaftServerImpl (RaftServerImpl.java:setRole(171)) - a382de20-91b6-4175-90f3-7f10d3274d35:group-5D37C5E07CB6 changes role from null to FOLLOWER at term 0 for startAsFollower
2019-08-21 15:25:41,609 [pool-27-thread-1] INFO  impl.RoleInfo (RoleInfo.java:updateAndGet(143)) - a382de20-91b6-4175-90f3-7f10d3274d35: start FollowerState
2019-08-21 15:25:41,611 [pool-27-thread-1] INFO  util.JmxRegister (JmxRegister.java:tryRegister(44)) - Successfully registered JMX Bean with object name Ratis:service=RaftServer,group=group-5D37C5E07CB6,id=a382de20-91b6-4175-90f3-7f10d3274d35
2019-08-21 15:25:41,666 [RatisPipelineUtilsThread] INFO  pipeline.PipelineStateManager (PipelineStateManager.java:addPipeline(56)) - Created pipeline Pipeline[ Id: c29be607-01cc-4140-ad8a-5d37c5e07cb6, Nodes: a382de20-91b6-4175-90f3-7f10d3274d35{ip: 192.168.69.66, host: pr-hdds-2000-fmv89-2959555139, networkLocation: /default-rack, certSerialId: null}, Type:RATIS, Factor:ONE, State:OPEN]
2019-08-21 15:25:41,692 [grpc-default-executor-0] INFO  impl.RaftServerProxy (RaftServerProxy.java:addNew(89)) - 1aacd0c4-76a7-48b7-8ae6-c1c768db399a: addNew group-CEA2FDCDB548:[1aacd0c4-76a7-48b7-8ae6-c1c768db399a:192.168.69.66:43791] returns group-CEA2FDCDB548:java.util.concurrent.CompletableFuture@2fb8bbf0[Not completed]
2019-08-21 15:25:41,731 [pool-49-thread-1] INFO  impl.RaftServerImpl (RaftServerImpl.java:<init>(93)) - 1aacd0c4-76a7-48b7-8ae6-c1c768db399a: new RaftServerImpl for group-CEA2FDCDB548:[1aacd0c4-76a7-48b7-8ae6-c1c768db399a:192.168.69.66:43791] with ContainerStateMachine:uninitialized
2019-08-21 15:25:41,732 [pool-49-thread-1] INFO  server.RaftServerConfigKeys (ConfUtils.java:logGet(43)) - raft.server.rpc.timeout.min = 5s (custom)
2019-08-21 15:25:41,732 [pool-49-thread-1] INFO  server.RaftServerConfigKeys (ConfUtils.java:logGet(43)) - raft.server.rpc.timeout.max = 5200ms (custom)
2019-08-21 15:25:41,733 [pool-49-thread-1] INFO  server.RaftServerConfigKeys (ConfUtils.java:logGet(43)) - raft.server.rpcslowness.timeout = 120s (custom)
2019-08-21 15:25:41,733 [pool-49-thread-1] INFO  server.RaftServerConfigKeys (ConfUtils.java:logGet(43)) - raft.server.sleep.deviation.threshold = 300 (default)
2019-08-21 15:25:41,733 [pool-49-thread-1] INFO  server.RaftServerConfigKeys (ConfUtils.java:logGet(43)) - raft.server.log.appender.install.snapshot.enabled = false (custom)
2019-08-21 15:25:41,733 [pool-49-thread-1] INFO  impl.RaftServerImpl (ServerState.java:<init>(105)) - 1aacd0c4-76a7-48b7-8ae6-c1c768db399a:group-CEA2FDCDB548 ConfigurationManager, init=-1: [1aacd0c4-76a7-48b7-8ae6-c1c768db399a:192.168.69.66:43791], old=null, confs=<EMPTY_MAP>
2019-08-21 15:25:41,733 [pool-49-thread-1] INFO  server.RaftServerConfigKeys (ConfUtils.java:logGet(43)) - raft.server.storage.dir = [/workdir/hadoop-ozone/integration-test/target/test-dir/MiniOzoneClusterImpl-347934cf-c549-4c2f-b9a9-78d2da9c4574/datanode-2/data/ratis] (custom)
2019-08-21 15:25:41,733 [pool-49-thread-1] INFO  storage.RaftStorageDirectory (RaftStorageDirectory.java:analyzeStorage(246)) - The storage directory /workdir/hadoop-ozone/integration-test/target/test-dir/MiniOzoneClusterImpl-347934cf-c549-4c2f-b9a9-78d2da9c4574/datanode-2/data/ratis/3aaf1ad4-3f41-44ae-a69d-cea2fdcdb548 does not exist. Creating ...
2019-08-21 15:25:41,747 [pool-49-thread-1] INFO  storage.RaftStorageDirectory (RaftStorageDirectory.java:tryLock(328)) - Lock on /workdir/hadoop-ozone/integration-test/target/test-dir/MiniOzoneClusterImpl-347934cf-c549-4c2f-b9a9-78d2da9c4574/datanode-2/data/ratis/3aaf1ad4-3f41-44ae-a69d-cea2fdcdb548/in_use.lock acquired by nodename 31461@pr-hdds-2000-fmv89-2959555139
2019-08-21 15:25:41,760 [pool-49-thread-1] INFO  storage.RaftStorage (RaftStorage.java:format(72)) - Storage directory /workdir/hadoop-ozone/integration-test/target/test-dir/MiniOzoneClusterImpl-347934cf-c549-4c2f-b9a9-78d2da9c4574/datanode-2/data/ratis/3aaf1ad4-3f41-44ae-a69d-cea2fdcdb548 has been successfully formatted.
2019-08-21 15:25:41,763 [pool-49-thread-1] INFO  ratis.ContainerStateMachine (ContainerStateMachine.java:loadSnapshot(226)) - group-CEA2FDCDB548: The snapshot info is null. Setting the last applied indexto:(t:0, i:~)
2019-08-21 15:25:41,764 [pool-49-thread-1] INFO  server.RaftServerConfigKeys (ConfUtils.java:logGet(43)) - raft.server.leader.election.timeout = 120s (custom)
2019-08-21 15:25:41,764 [pool-49-thread-1] INFO  server.RaftServerConfigKeys (ConfUtils.java:logGet(43)) - raft.server.log.use.memory = false (default)
2019-08-21 15:25:41,764 [pool-49-thread-1] INFO  server.RaftServerConfigKeys (ConfUtils.java:logGet(43)) - raft.server.log.purge.gap = 1000000 (custom)
2019-08-21 15:25:41,764 [pool-49-thread-1] INFO  server.RaftServerConfigKeys (ConfUtils.java:logGet(43)) - raft.server.log.appender.buffer.byte-limit = 33554432 (custom)
2019-08-21 15:25:41,765 [pool-49-thread-1] INFO  server.RaftServerConfigKeys (ConfUtils.java:logGet(43)) - raft.server.log.segment.size.max = 1048576 (custom)
2019-08-21 15:25:41,765 [pool-49-thread-1] INFO  server.RaftServerConfigKeys (ConfUtils.java:logGet(43)) - raft.server.log.segment.cache.num.max = 2 (custom)
2019-08-21 15:25:41,765 [pool-49-thread-1] INFO  segmented.SegmentedRaftLogWorker (SegmentedRaftLogWorker.java:<init>(172)) - new 1aacd0c4-76a7-48b7-8ae6-c1c768db399a-SegmentedRaftLogWorker:Storage Directory /workdir/hadoop-ozone/integration-test/target/test-dir/MiniOzoneClusterImpl-347934cf-c549-4c2f-b9a9-78d2da9c4574/datanode-2/data/ratis/3aaf1ad4-3f41-44ae-a69d-cea2fdcdb548 for RaftStorage:Storage Directory /workdir/hadoop-ozone/integration-test/target/test-dir/MiniOzoneClusterImpl-347934cf-c549-4c2f-b9a9-78d2da9c4574/datanode-2/data/ratis/3aaf1ad4-3f41-44ae-a69d-cea2fdcdb548
2019-08-21 15:25:41,766 [pool-49-thread-1] INFO  server.RaftServerConfigKeys (ConfUtils.java:logGet(43)) - raft.server.log.queue.byte-limit = 2147483647 (custom)
2019-08-21 15:25:41,766 [pool-49-thread-1] INFO  server.RaftServerConfigKeys (ConfUtils.java:logGet(43)) - raft.server.log.queue.element-limit = 1024 (custom)
2019-08-21 15:25:41,767 [pool-49-thread-1] INFO  server.RaftServerConfigKeys (ConfUtils.java:logGet(43)) - raft.server.log.segment.size.max = 1048576 (custom)
2019-08-21 15:25:41,767 [pool-49-thread-1] INFO  server.RaftServerConfigKeys (ConfUtils.java:logGet(43)) - raft.server.log.preallocated.size = 16384 (custom)
2019-08-21 15:25:41,767 [pool-49-thread-1] INFO  server.RaftServerConfigKeys (ConfUtils.java:logGet(43)) - raft.server.log.write.buffer.size = 33554432 (custom)
2019-08-21 15:25:41,767 [pool-49-thread-1] INFO  server.RaftServerConfigKeys (ConfUtils.java:logGet(43)) - raft.server.log.force.sync.num = 128 (default)
2019-08-21 15:25:41,767 [pool-49-thread-1] INFO  server.RaftServerConfigKeys (ConfUtils.java:logGet(43)) - raft.server.log.statemachine.data.sync = true (default)
2019-08-21 15:25:41,767 [pool-49-thread-1] INFO  server.RaftServerConfigKeys (ConfUtils.java:logGet(43)) - raft.server.log.statemachine.data.sync.timeout = 10s (default)
2019-08-21 15:25:41,767 [pool-49-thread-1] INFO  server.RaftServerConfigKeys (ConfUtils.java:logGet(43)) - raft.server.log.statemachine.data.sync.timeout.retry = -1 (default)
2019-08-21 15:25:41,768 [pool-49-thread-1] INFO  server.RaftServerConfigKeys (ConfUtils.java:logGet(43)) - raft.server.log.statemachine.data.caching.enabled = true (custom)
2019-08-21 15:25:41,768 [pool-49-thread-1] INFO  segmented.SegmentedRaftLogWorker (SegmentedRaftLogWorker.java:lambda$new$0(132)) - 1aacd0c4-76a7-48b7-8ae6-c1c768db399a-SegmentedRaftLogWorker:Storage Directory /workdir/hadoop-ozone/integration-test/target/test-dir/MiniOzoneClusterImpl-347934cf-c549-4c2f-b9a9-78d2da9c4574/datanode-2/data/ratis/3aaf1ad4-3f41-44ae-a69d-cea2fdcdb548: flushIndex: setUnconditionally 0 -> -1
2019-08-21 15:25:41,768 [pool-49-thread-1] INFO  server.RaftServerConfigKeys (ConfUtils.java:logGet(43)) - raft.server.snapshot.auto.trigger.enabled = true (custom)
2019-08-21 15:25:41,768 [pool-49-thread-1] INFO  server.RaftServerConfigKeys (ConfUtils.java:logGet(43)) - raft.server.snapshot.auto.trigger.threshold = 10000 (custom)
2019-08-21 15:25:41,769 [pool-49-thread-1] INFO  server.RaftServerConfigKeys (ConfUtils.java:logGet(43)) - raft.server.retrycache.expirytime = 600000ms (custom)
2019-08-21 15:25:41,769 [pool-49-thread-1] INFO  impl.RaftServerImpl (RaftServerImpl.java:start(180)) - 1aacd0c4-76a7-48b7-8ae6-c1c768db399a: start group-CEA2FDCDB548
2019-08-21 15:25:41,769 [pool-49-thread-1] INFO  impl.RaftServerImpl (RaftServerImpl.java:setRole(171)) - 1aacd0c4-76a7-48b7-8ae6-c1c768db399a:group-CEA2FDCDB548 changes role from null to FOLLOWER at term 0 for startAsFollower
2019-08-21 15:25:41,769 [pool-49-thread-1] INFO  impl.RoleInfo (RoleInfo.java:updateAndGet(143)) - 1aacd0c4-76a7-48b7-8ae6-c1c768db399a: start FollowerState
2019-08-21 15:25:41,770 [pool-49-thread-1] INFO  util.JmxRegister (JmxRegister.java:tryRegister(44)) - Successfully registered JMX Bean with object name Ratis:service=RaftServer,group=group-CEA2FDCDB548,id=1aacd0c4-76a7-48b7-8ae6-c1c768db399a
2019-08-21 15:25:41,782 [RatisPipelineUtilsThread] INFO  pipeline.PipelineStateManager (PipelineStateManager.java:addPipeline(56)) - Created pipeline Pipeline[ Id: 3aaf1ad4-3f41-44ae-a69d-cea2fdcdb548, Nodes: 1aacd0c4-76a7-48b7-8ae6-c1c768db399a{ip: 192.168.69.66, host: pr-hdds-2000-fmv89-2959555139, networkLocation: /default-rack, certSerialId: null}, Type:RATIS, Factor:ONE, State:OPEN]
2019-08-21 15:25:41,806 [grpc-default-executor-0] INFO  impl.RaftServerProxy (RaftServerProxy.java:addNew(89)) - 365de576-2a66-45d6-9e61-a070dcb6ef76: addNew group-E556FD9790FD:[365de576-2a66-45d6-9e61-a070dcb6ef76:192.168.69.66:34536] returns group-E556FD9790FD:java.util.concurrent.CompletableFuture@699744be[Not completed]
2019-08-21 15:25:41,817 [pool-38-thread-1] INFO  impl.RaftServerImpl (RaftServerImpl.java:<init>(93)) - 365de576-2a66-45d6-9e61-a070dcb6ef76: new RaftServerImpl for group-E556FD9790FD:[365de576-2a66-45d6-9e61-a070dcb6ef76:192.168.69.66:34536] with ContainerStateMachine:uninitialized
2019-08-21 15:25:41,817 [pool-38-thread-1] INFO  server.RaftServerConfigKeys (ConfUtils.java:logGet(43)) - raft.server.rpc.timeout.min = 5s (custom)
2019-08-21 15:25:41,817 [pool-38-thread-1] INFO  server.RaftServerConfigKeys (ConfUtils.java:logGet(43)) - raft.server.rpc.timeout.max = 5200ms (custom)
2019-08-21 15:25:41,818 [pool-38-thread-1] INFO  server.RaftServerConfigKeys (ConfUtils.java:logGet(43)) - raft.server.rpcslowness.timeout = 120s (custom)
2019-08-21 15:25:41,818 [pool-38-thread-1] INFO  server.RaftServerConfigKeys (ConfUtils.java:logGet(43)) - raft.server.sleep.deviation.threshold = 300 (default)
2019-08-21 15:25:41,818 [pool-38-thread-1] INFO  server.RaftServerConfigKeys (ConfUtils.java:logGet(43)) - raft.server.log.appender.install.snapshot.enabled = false (custom)
2019-08-21 15:25:41,818 [pool-38-thread-1] INFO  impl.RaftServerImpl (ServerState.java:<init>(105)) - 365de576-2a66-45d6-9e61-a070dcb6ef76:group-E556FD9790FD ConfigurationManager, init=-1: [365de576-2a66-45d6-9e61-a070dcb6ef76:192.168.69.66:34536], old=null, confs=<EMPTY_MAP>
2019-08-21 15:25:41,818 [pool-38-thread-1] INFO  server.RaftServerConfigKeys (ConfUtils.java:logGet(43)) - raft.server.storage.dir = [/workdir/hadoop-ozone/integration-test/target/test-dir/MiniOzoneClusterImpl-347934cf-c549-4c2f-b9a9-78d2da9c4574/datanode-1/data/ratis] (custom)
2019-08-21 15:25:41,818 [pool-38-thread-1] INFO  storage.RaftStorageDirectory (RaftStorageDirectory.java:analyzeStorage(246)) - The storage directory /workdir/hadoop-ozone/integration-test/target/test-dir/MiniOzoneClusterImpl-347934cf-c549-4c2f-b9a9-78d2da9c4574/datanode-1/data/ratis/c5c66a46-d4b0-4cf4-8ab1-e556fd9790fd does not exist. Creating ...
2019-08-21 15:25:41,827 [IPC Server handler 19 on 33664] INFO  net.NetworkTopology (NetworkTopologyImpl.java:add(110)) - Added a new node: /default-rack/20f26f50-31a5-4065-a99c-917b728ca18a
2019-08-21 15:25:41,827 [IPC Server handler 19 on 33664] INFO  node.SCMNodeManager (SCMNodeManager.java:register(273)) - Registered Data node : 20f26f50-31a5-4065-a99c-917b728ca18a{ip: 192.168.69.66, host: pr-hdds-2000-fmv89-2959555139, networkLocation: /default-rack, certSerialId: null}
2019-08-21 15:25:41,827 | INFO  | SCMAudit | user=jenkins1000 | ip=192.168.69.66 | op=REGISTER {datanodeDetails=20f26f50-31a5-4065-a99c-917b728ca18a{ip: 192.168.69.66, host: pr-hdds-2000-fmv89-2959555139, networkLocation: /default-rack, certSerialId: null}} | ret=SUCCESS |  
2019-08-21 15:25:41,831 [pool-38-thread-1] INFO  storage.RaftStorageDirectory (RaftStorageDirectory.java:tryLock(328)) - Lock on /workdir/hadoop-ozone/integration-test/target/test-dir/MiniOzoneClusterImpl-347934cf-c549-4c2f-b9a9-78d2da9c4574/datanode-1/data/ratis/c5c66a46-d4b0-4cf4-8ab1-e556fd9790fd/in_use.lock acquired by nodename 31461@pr-hdds-2000-fmv89-2959555139
2019-08-21 15:25:41,834 [pool-38-thread-1] INFO  storage.RaftStorage (RaftStorage.java:format(72)) - Storage directory /workdir/hadoop-ozone/integration-test/target/test-dir/MiniOzoneClusterImpl-347934cf-c549-4c2f-b9a9-78d2da9c4574/datanode-1/data/ratis/c5c66a46-d4b0-4cf4-8ab1-e556fd9790fd has been successfully formatted.
2019-08-21 15:25:41,834 [pool-38-thread-1] INFO  ratis.ContainerStateMachine (ContainerStateMachine.java:loadSnapshot(226)) - group-E556FD9790FD: The snapshot info is null. Setting the last applied indexto:(t:0, i:~)
2019-08-21 15:25:41,834 [pool-38-thread-1] INFO  server.RaftServerConfigKeys (ConfUtils.java:logGet(43)) - raft.server.leader.election.timeout = 120s (custom)
2019-08-21 15:25:41,835 [pool-38-thread-1] INFO  server.RaftServerConfigKeys (ConfUtils.java:logGet(43)) - raft.server.log.use.memory = false (default)
2019-08-21 15:25:41,835 [pool-38-thread-1] INFO  server.RaftServerConfigKeys (ConfUtils.java:logGet(43)) - raft.server.log.purge.gap = 1000000 (custom)
2019-08-21 15:25:41,835 [pool-38-thread-1] INFO  server.RaftServerConfigKeys (ConfUtils.java:logGet(43)) - raft.server.log.appender.buffer.byte-limit = 33554432 (custom)
2019-08-21 15:25:41,835 [pool-38-thread-1] INFO  server.RaftServerConfigKeys (ConfUtils.java:logGet(43)) - raft.server.log.segment.size.max = 1048576 (custom)
2019-08-21 15:25:41,835 [pool-38-thread-1] INFO  server.RaftServerConfigKeys (ConfUtils.java:logGet(43)) - raft.server.log.segment.cache.num.max = 2 (custom)
2019-08-21 15:25:41,835 [pool-38-thread-1] INFO  segmented.SegmentedRaftLogWorker (SegmentedRaftLogWorker.java:<init>(172)) - new 365de576-2a66-45d6-9e61-a070dcb6ef76-SegmentedRaftLogWorker:Storage Directory /workdir/hadoop-ozone/integration-test/target/test-dir/MiniOzoneClusterImpl-347934cf-c549-4c2f-b9a9-78d2da9c4574/datanode-1/data/ratis/c5c66a46-d4b0-4cf4-8ab1-e556fd9790fd for RaftStorage:Storage Directory /workdir/hadoop-ozone/integration-test/target/test-dir/MiniOzoneClusterImpl-347934cf-c549-4c2f-b9a9-78d2da9c4574/datanode-1/data/ratis/c5c66a46-d4b0-4cf4-8ab1-e556fd9790fd
2019-08-21 15:25:41,835 [pool-38-thread-1] INFO  server.RaftServerConfigKeys (ConfUtils.java:logGet(43)) - raft.server.log.queue.byte-limit = 2147483647 (custom)
2019-08-21 15:25:41,836 [pool-38-thread-1] INFO  server.RaftServerConfigKeys (ConfUtils.java:logGet(43)) - raft.server.log.queue.element-limit = 1024 (custom)
2019-08-21 15:25:41,836 [pool-38-thread-1] INFO  server.RaftServerConfigKeys (ConfUtils.java:logGet(43)) - raft.server.log.segment.size.max = 1048576 (custom)
2019-08-21 15:25:41,836 [pool-38-thread-1] INFO  server.RaftServerConfigKeys (ConfUtils.java:logGet(43)) - raft.server.log.preallocated.size = 16384 (custom)
2019-08-21 15:25:41,836 [pool-38-thread-1] INFO  server.RaftServerConfigKeys (ConfUtils.java:logGet(43)) - raft.server.log.write.buffer.size = 33554432 (custom)
2019-08-21 15:25:41,836 [pool-38-thread-1] INFO  server.RaftServerConfigKeys (ConfUtils.java:logGet(43)) - raft.server.log.force.sync.num = 128 (default)
2019-08-21 15:25:41,836 [pool-38-thread-1] INFO  server.RaftServerConfigKeys (ConfUtils.java:logGet(43)) - raft.server.log.statemachine.data.sync = true (default)
2019-08-21 15:25:41,836 [pool-38-thread-1] INFO  server.RaftServerConfigKeys (ConfUtils.java:logGet(43)) - raft.server.log.statemachine.data.sync.timeout = 10s (default)
2019-08-21 15:25:41,837 [pool-38-thread-1] INFO  server.RaftServerConfigKeys (ConfUtils.java:logGet(43)) - raft.server.log.statemachine.data.sync.timeout.retry = -1 (default)
2019-08-21 15:25:41,837 [pool-38-thread-1] INFO  server.RaftServerConfigKeys (ConfUtils.java:logGet(43)) - raft.server.log.statemachine.data.caching.enabled = true (custom)
2019-08-21 15:25:41,837 [pool-38-thread-1] INFO  segmented.SegmentedRaftLogWorker (SegmentedRaftLogWorker.java:lambda$new$0(132)) - 365de576-2a66-45d6-9e61-a070dcb6ef76-SegmentedRaftLogWorker:Storage Directory /workdir/hadoop-ozone/integration-test/target/test-dir/MiniOzoneClusterImpl-347934cf-c549-4c2f-b9a9-78d2da9c4574/datanode-1/data/ratis/c5c66a46-d4b0-4cf4-8ab1-e556fd9790fd: flushIndex: setUnconditionally 0 -> -1
2019-08-21 15:25:41,837 [pool-38-thread-1] INFO  server.RaftServerConfigKeys (ConfUtils.java:logGet(43)) - raft.server.snapshot.auto.trigger.enabled = true (custom)
2019-08-21 15:25:41,838 [pool-38-thread-1] INFO  server.RaftServerConfigKeys (ConfUtils.java:logGet(43)) - raft.server.snapshot.auto.trigger.threshold = 10000 (custom)
2019-08-21 15:25:41,838 [pool-38-thread-1] INFO  server.RaftServerConfigKeys (ConfUtils.java:logGet(43)) - raft.server.retrycache.expirytime = 600000ms (custom)
2019-08-21 15:25:41,838 [pool-38-thread-1] INFO  impl.RaftServerImpl (RaftServerImpl.java:start(180)) - 365de576-2a66-45d6-9e61-a070dcb6ef76: start group-E556FD9790FD
2019-08-21 15:25:41,838 [pool-38-thread-1] INFO  impl.RaftServerImpl (RaftServerImpl.java:setRole(171)) - 365de576-2a66-45d6-9e61-a070dcb6ef76:group-E556FD9790FD changes role from null to FOLLOWER at term 0 for startAsFollower
2019-08-21 15:25:41,838 [pool-38-thread-1] INFO  impl.RoleInfo (RoleInfo.java:updateAndGet(143)) - 365de576-2a66-45d6-9e61-a070dcb6ef76: start FollowerState
2019-08-21 15:25:41,839 [pool-38-thread-1] INFO  util.JmxRegister (JmxRegister.java:tryRegister(44)) - Successfully registered JMX Bean with object name Ratis:service=RaftServer,group=group-E556FD9790FD,id=365de576-2a66-45d6-9e61-a070dcb6ef76
2019-08-21 15:25:41,849 [RatisPipelineUtilsThread] INFO  pipeline.PipelineStateManager (PipelineStateManager.java:addPipeline(56)) - Created pipeline Pipeline[ Id: c5c66a46-d4b0-4cf4-8ab1-e556fd9790fd, Nodes: 365de576-2a66-45d6-9e61-a070dcb6ef76{ip: 192.168.69.66, host: pr-hdds-2000-fmv89-2959555139, networkLocation: /default-rack, certSerialId: null}, Type:RATIS, Factor:ONE, State:OPEN]
2019-08-21 15:25:41,867 [grpc-default-executor-0] INFO  impl.RaftServerProxy (RaftServerProxy.java:addNew(89)) - 20f26f50-31a5-4065-a99c-917b728ca18a: addNew group-86DDBA057EC8:[20f26f50-31a5-4065-a99c-917b728ca18a:192.168.69.66:40152] returns group-86DDBA057EC8:java.util.concurrent.CompletableFuture@5e38828c[Not completed]
2019-08-21 15:25:41,870 [pool-93-thread-1] INFO  impl.RaftServerImpl (RaftServerImpl.java:<init>(93)) - 20f26f50-31a5-4065-a99c-917b728ca18a: new RaftServerImpl for group-86DDBA057EC8:[20f26f50-31a5-4065-a99c-917b728ca18a:192.168.69.66:40152] with ContainerStateMachine:uninitialized
2019-08-21 15:25:41,870 [pool-93-thread-1] INFO  server.RaftServerConfigKeys (ConfUtils.java:logGet(43)) - raft.server.rpc.timeout.min = 5s (custom)
2019-08-21 15:25:41,870 [pool-93-thread-1] INFO  server.RaftServerConfigKeys (ConfUtils.java:logGet(43)) - raft.server.rpc.timeout.max = 5200ms (custom)
2019-08-21 15:25:41,871 [pool-93-thread-1] INFO  server.RaftServerConfigKeys (ConfUtils.java:logGet(43)) - raft.server.rpcslowness.timeout = 120s (custom)
2019-08-21 15:25:41,871 [pool-93-thread-1] INFO  server.RaftServerConfigKeys (ConfUtils.java:logGet(43)) - raft.server.sleep.deviation.threshold = 300 (default)
2019-08-21 15:25:41,871 [pool-93-thread-1] INFO  server.RaftServerConfigKeys (ConfUtils.java:logGet(43)) - raft.server.log.appender.install.snapshot.enabled = false (custom)
2019-08-21 15:25:41,871 [pool-93-thread-1] INFO  impl.RaftServerImpl (ServerState.java:<init>(105)) - 20f26f50-31a5-4065-a99c-917b728ca18a:group-86DDBA057EC8 ConfigurationManager, init=-1: [20f26f50-31a5-4065-a99c-917b728ca18a:192.168.69.66:40152], old=null, confs=<EMPTY_MAP>
2019-08-21 15:25:41,871 [pool-93-thread-1] INFO  server.RaftServerConfigKeys (ConfUtils.java:logGet(43)) - raft.server.storage.dir = [/workdir/hadoop-ozone/integration-test/target/test-dir/MiniOzoneClusterImpl-347934cf-c549-4c2f-b9a9-78d2da9c4574/datanode-6/data/ratis] (custom)
2019-08-21 15:25:41,871 [pool-93-thread-1] INFO  storage.RaftStorageDirectory (RaftStorageDirectory.java:analyzeStorage(246)) - The storage directory /workdir/hadoop-ozone/integration-test/target/test-dir/MiniOzoneClusterImpl-347934cf-c549-4c2f-b9a9-78d2da9c4574/datanode-6/data/ratis/5f19d398-44dd-4c66-8693-86ddba057ec8 does not exist. Creating ...
2019-08-21 15:25:41,882 [pool-93-thread-1] INFO  storage.RaftStorageDirectory (RaftStorageDirectory.java:tryLock(328)) - Lock on /workdir/hadoop-ozone/integration-test/target/test-dir/MiniOzoneClusterImpl-347934cf-c549-4c2f-b9a9-78d2da9c4574/datanode-6/data/ratis/5f19d398-44dd-4c66-8693-86ddba057ec8/in_use.lock acquired by nodename 31461@pr-hdds-2000-fmv89-2959555139
2019-08-21 15:25:41,886 [pool-93-thread-1] INFO  storage.RaftStorage (RaftStorage.java:format(72)) - Storage directory /workdir/hadoop-ozone/integration-test/target/test-dir/MiniOzoneClusterImpl-347934cf-c549-4c2f-b9a9-78d2da9c4574/datanode-6/data/ratis/5f19d398-44dd-4c66-8693-86ddba057ec8 has been successfully formatted.
2019-08-21 15:25:41,886 [pool-93-thread-1] INFO  ratis.ContainerStateMachine (ContainerStateMachine.java:loadSnapshot(226)) - group-86DDBA057EC8: The snapshot info is null. Setting the last applied indexto:(t:0, i:~)
2019-08-21 15:25:41,886 [pool-93-thread-1] INFO  server.RaftServerConfigKeys (ConfUtils.java:logGet(43)) - raft.server.leader.election.timeout = 120s (custom)
2019-08-21 15:25:41,886 [pool-93-thread-1] INFO  server.RaftServerConfigKeys (ConfUtils.java:logGet(43)) - raft.server.log.use.memory = false (default)
2019-08-21 15:25:41,886 [pool-93-thread-1] INFO  server.RaftServerConfigKeys (ConfUtils.java:logGet(43)) - raft.server.log.purge.gap = 1000000 (custom)
2019-08-21 15:25:41,887 [pool-93-thread-1] INFO  server.RaftServerConfigKeys (ConfUtils.java:logGet(43)) - raft.server.log.appender.buffer.byte-limit = 33554432 (custom)
2019-08-21 15:25:41,887 [pool-93-thread-1] INFO  server.RaftServerConfigKeys (ConfUtils.java:logGet(43)) - raft.server.log.segment.size.max = 1048576 (custom)
2019-08-21 15:25:41,887 [pool-93-thread-1] INFO  server.RaftServerConfigKeys (ConfUtils.java:logGet(43)) - raft.server.log.segment.cache.num.max = 2 (custom)
2019-08-21 15:25:41,887 [pool-93-thread-1] INFO  segmented.SegmentedRaftLogWorker (SegmentedRaftLogWorker.java:<init>(172)) - new 20f26f50-31a5-4065-a99c-917b728ca18a-SegmentedRaftLogWorker:Storage Directory /workdir/hadoop-ozone/integration-test/target/test-dir/MiniOzoneClusterImpl-347934cf-c549-4c2f-b9a9-78d2da9c4574/datanode-6/data/ratis/5f19d398-44dd-4c66-8693-86ddba057ec8 for RaftStorage:Storage Directory /workdir/hadoop-ozone/integration-test/target/test-dir/MiniOzoneClusterImpl-347934cf-c549-4c2f-b9a9-78d2da9c4574/datanode-6/data/ratis/5f19d398-44dd-4c66-8693-86ddba057ec8
2019-08-21 15:25:41,887 [pool-93-thread-1] INFO  server.RaftServerConfigKeys (ConfUtils.java:logGet(43)) - raft.server.log.queue.byte-limit = 2147483647 (custom)
2019-08-21 15:25:41,887 [pool-93-thread-1] INFO  server.RaftServerConfigKeys (ConfUtils.java:logGet(43)) - raft.server.log.queue.element-limit = 1024 (custom)
2019-08-21 15:25:41,888 [pool-93-thread-1] INFO  server.RaftServerConfigKeys (ConfUtils.java:logGet(43)) - raft.server.log.segment.size.max = 1048576 (custom)
2019-08-21 15:25:41,888 [pool-93-thread-1] INFO  server.RaftServerConfigKeys (ConfUtils.java:logGet(43)) - raft.server.log.preallocated.size = 16384 (custom)
2019-08-21 15:25:41,888 [pool-93-thread-1] INFO  server.RaftServerConfigKeys (ConfUtils.java:logGet(43)) - raft.server.log.write.buffer.size = 33554432 (custom)
2019-08-21 15:25:41,888 [pool-93-thread-1] INFO  server.RaftServerConfigKeys (ConfUtils.java:logGet(43)) - raft.server.log.force.sync.num = 128 (default)
2019-08-21 15:25:41,888 [pool-93-thread-1] INFO  server.RaftServerConfigKeys (ConfUtils.java:logGet(43)) - raft.server.log.statemachine.data.sync = true (default)
2019-08-21 15:25:41,888 [pool-93-thread-1] INFO  server.RaftServerConfigKeys (ConfUtils.java:logGet(43)) - raft.server.log.statemachine.data.sync.timeout = 10s (default)
2019-08-21 15:25:41,888 [pool-93-thread-1] INFO  server.RaftServerConfigKeys (ConfUtils.java:logGet(43)) - raft.server.log.statemachine.data.sync.timeout.retry = -1 (default)
2019-08-21 15:25:41,889 [pool-93-thread-1] INFO  server.RaftServerConfigKeys (ConfUtils.java:logGet(43)) - raft.server.log.statemachine.data.caching.enabled = true (custom)
2019-08-21 15:25:41,889 [pool-93-thread-1] INFO  segmented.SegmentedRaftLogWorker (SegmentedRaftLogWorker.java:lambda$new$0(132)) - 20f26f50-31a5-4065-a99c-917b728ca18a-SegmentedRaftLogWorker:Storage Directory /workdir/hadoop-ozone/integration-test/target/test-dir/MiniOzoneClusterImpl-347934cf-c549-4c2f-b9a9-78d2da9c4574/datanode-6/data/ratis/5f19d398-44dd-4c66-8693-86ddba057ec8: flushIndex: setUnconditionally 0 -> -1
2019-08-21 15:25:41,889 [pool-93-thread-1] INFO  server.RaftServerConfigKeys (ConfUtils.java:logGet(43)) - raft.server.snapshot.auto.trigger.enabled = true (custom)
2019-08-21 15:25:41,890 [pool-93-thread-1] INFO  server.RaftServerConfigKeys (ConfUtils.java:logGet(43)) - raft.server.snapshot.auto.trigger.threshold = 10000 (custom)
2019-08-21 15:25:41,890 [pool-93-thread-1] INFO  server.RaftServerConfigKeys (ConfUtils.java:logGet(43)) - raft.server.retrycache.expirytime = 600000ms (custom)
2019-08-21 15:25:41,890 [pool-93-thread-1] INFO  impl.RaftServerImpl (RaftServerImpl.java:start(180)) - 20f26f50-31a5-4065-a99c-917b728ca18a: start group-86DDBA057EC8
2019-08-21 15:25:41,890 [pool-93-thread-1] INFO  impl.RaftServerImpl (RaftServerImpl.java:setRole(171)) - 20f26f50-31a5-4065-a99c-917b728ca18a:group-86DDBA057EC8 changes role from null to FOLLOWER at term 0 for startAsFollower
2019-08-21 15:25:41,890 [pool-93-thread-1] INFO  impl.RoleInfo (RoleInfo.java:updateAndGet(143)) - 20f26f50-31a5-4065-a99c-917b728ca18a: start FollowerState
2019-08-21 15:25:41,891 [pool-93-thread-1] INFO  util.JmxRegister (JmxRegister.java:tryRegister(44)) - Successfully registered JMX Bean with object name Ratis:service=RaftServer,group=group-86DDBA057EC8,id=20f26f50-31a5-4065-a99c-917b728ca18a
2019-08-21 15:25:41,901 [RatisPipelineUtilsThread] INFO  pipeline.PipelineStateManager (PipelineStateManager.java:addPipeline(56)) - Created pipeline Pipeline[ Id: 5f19d398-44dd-4c66-8693-86ddba057ec8, Nodes: 20f26f50-31a5-4065-a99c-917b728ca18a{ip: 192.168.69.66, host: pr-hdds-2000-fmv89-2959555139, networkLocation: /default-rack, certSerialId: null}, Type:RATIS, Factor:ONE, State:OPEN]
2019-08-21 15:25:41,924 [grpc-default-executor-0] INFO  impl.RaftServerProxy (RaftServerProxy.java:addNew(89)) - 7cd51e96-9e9a-4fa6-9923-5d34258d4f7e: addNew group-603A3D52B728:[7cd51e96-9e9a-4fa6-9923-5d34258d4f7e:192.168.69.66:42148] returns group-603A3D52B728:java.util.concurrent.CompletableFuture@4555c7d7[Not completed]
2019-08-21 15:25:41,927 [pool-82-thread-1] INFO  impl.RaftServerImpl (RaftServerImpl.java:<init>(93)) - 7cd51e96-9e9a-4fa6-9923-5d34258d4f7e: new RaftServerImpl for group-603A3D52B728:[7cd51e96-9e9a-4fa6-9923-5d34258d4f7e:192.168.69.66:42148] with ContainerStateMachine:uninitialized
2019-08-21 15:25:41,927 [pool-82-thread-1] INFO  server.RaftServerConfigKeys (ConfUtils.java:logGet(43)) - raft.server.rpc.timeout.min = 5s (custom)
2019-08-21 15:25:41,927 [pool-82-thread-1] INFO  server.RaftServerConfigKeys (ConfUtils.java:logGet(43)) - raft.server.rpc.timeout.max = 5200ms (custom)
2019-08-21 15:25:41,928 [pool-82-thread-1] INFO  server.RaftServerConfigKeys (ConfUtils.java:logGet(43)) - raft.server.rpcslowness.timeout = 120s (custom)
2019-08-21 15:25:41,928 [pool-82-thread-1] INFO  server.RaftServerConfigKeys (ConfUtils.java:logGet(43)) - raft.server.sleep.deviation.threshold = 300 (default)
2019-08-21 15:25:41,928 [pool-82-thread-1] INFO  server.RaftServerConfigKeys (ConfUtils.java:logGet(43)) - raft.server.log.appender.install.snapshot.enabled = false (custom)
2019-08-21 15:25:41,928 [pool-82-thread-1] INFO  impl.RaftServerImpl (ServerState.java:<init>(105)) - 7cd51e96-9e9a-4fa6-9923-5d34258d4f7e:group-603A3D52B728 ConfigurationManager, init=-1: [7cd51e96-9e9a-4fa6-9923-5d34258d4f7e:192.168.69.66:42148], old=null, confs=<EMPTY_MAP>
2019-08-21 15:25:41,928 [pool-82-thread-1] INFO  server.RaftServerConfigKeys (ConfUtils.java:logGet(43)) - raft.server.storage.dir = [/workdir/hadoop-ozone/integration-test/target/test-dir/MiniOzoneClusterImpl-347934cf-c549-4c2f-b9a9-78d2da9c4574/datanode-5/data/ratis] (custom)
2019-08-21 15:25:41,928 [pool-82-thread-1] INFO  storage.RaftStorageDirectory (RaftStorageDirectory.java:analyzeStorage(246)) - The storage directory /workdir/hadoop-ozone/integration-test/target/test-dir/MiniOzoneClusterImpl-347934cf-c549-4c2f-b9a9-78d2da9c4574/datanode-5/data/ratis/d98bf8f3-b5d4-4ac0-87da-603a3d52b728 does not exist. Creating ...
2019-08-21 15:25:41,940 [pool-82-thread-1] INFO  storage.RaftStorageDirectory (RaftStorageDirectory.java:tryLock(328)) - Lock on /workdir/hadoop-ozone/integration-test/target/test-dir/MiniOzoneClusterImpl-347934cf-c549-4c2f-b9a9-78d2da9c4574/datanode-5/data/ratis/d98bf8f3-b5d4-4ac0-87da-603a3d52b728/in_use.lock acquired by nodename 31461@pr-hdds-2000-fmv89-2959555139
2019-08-21 15:25:41,945 [pool-82-thread-1] INFO  storage.RaftStorage (RaftStorage.java:format(72)) - Storage directory /workdir/hadoop-ozone/integration-test/target/test-dir/MiniOzoneClusterImpl-347934cf-c549-4c2f-b9a9-78d2da9c4574/datanode-5/data/ratis/d98bf8f3-b5d4-4ac0-87da-603a3d52b728 has been successfully formatted.
2019-08-21 15:25:41,945 [pool-82-thread-1] INFO  ratis.ContainerStateMachine (ContainerStateMachine.java:loadSnapshot(226)) - group-603A3D52B728: The snapshot info is null. Setting the last applied indexto:(t:0, i:~)
2019-08-21 15:25:41,945 [pool-82-thread-1] INFO  server.RaftServerConfigKeys (ConfUtils.java:logGet(43)) - raft.server.leader.election.timeout = 120s (custom)
2019-08-21 15:25:41,945 [pool-82-thread-1] INFO  server.RaftServerConfigKeys (ConfUtils.java:logGet(43)) - raft.server.log.use.memory = false (default)
2019-08-21 15:25:41,945 [pool-82-thread-1] INFO  server.RaftServerConfigKeys (ConfUtils.java:logGet(43)) - raft.server.log.purge.gap = 1000000 (custom)
2019-08-21 15:25:41,946 [pool-82-thread-1] INFO  server.RaftServerConfigKeys (ConfUtils.java:logGet(43)) - raft.server.log.appender.buffer.byte-limit = 33554432 (custom)
2019-08-21 15:25:41,946 [pool-82-thread-1] INFO  server.RaftServerConfigKeys (ConfUtils.java:logGet(43)) - raft.server.log.segment.size.max = 1048576 (custom)
2019-08-21 15:25:41,946 [pool-82-thread-1] INFO  server.RaftServerConfigKeys (ConfUtils.java:logGet(43)) - raft.server.log.segment.cache.num.max = 2 (custom)
2019-08-21 15:25:41,946 [pool-82-thread-1] INFO  segmented.SegmentedRaftLogWorker (SegmentedRaftLogWorker.java:<init>(172)) - new 7cd51e96-9e9a-4fa6-9923-5d34258d4f7e-SegmentedRaftLogWorker:Storage Directory /workdir/hadoop-ozone/integration-test/target/test-dir/MiniOzoneClusterImpl-347934cf-c549-4c2f-b9a9-78d2da9c4574/datanode-5/data/ratis/d98bf8f3-b5d4-4ac0-87da-603a3d52b728 for RaftStorage:Storage Directory /workdir/hadoop-ozone/integration-test/target/test-dir/MiniOzoneClusterImpl-347934cf-c549-4c2f-b9a9-78d2da9c4574/datanode-5/data/ratis/d98bf8f3-b5d4-4ac0-87da-603a3d52b728
2019-08-21 15:25:41,946 [pool-82-thread-1] INFO  server.RaftServerConfigKeys (ConfUtils.java:logGet(43)) - raft.server.log.queue.byte-limit = 2147483647 (custom)
2019-08-21 15:25:41,946 [pool-82-thread-1] INFO  server.RaftServerConfigKeys (ConfUtils.java:logGet(43)) - raft.server.log.queue.element-limit = 1024 (custom)
2019-08-21 15:25:41,946 [pool-82-thread-1] INFO  server.RaftServerConfigKeys (ConfUtils.java:logGet(43)) - raft.server.log.segment.size.max = 1048576 (custom)
2019-08-21 15:25:41,947 [pool-82-thread-1] INFO  server.RaftServerConfigKeys (ConfUtils.java:logGet(43)) - raft.server.log.preallocated.size = 16384 (custom)
2019-08-21 15:25:41,947 [pool-82-thread-1] INFO  server.RaftServerConfigKeys (ConfUtils.java:logGet(43)) - raft.server.log.write.buffer.size = 33554432 (custom)
2019-08-21 15:25:41,947 [pool-82-thread-1] INFO  server.RaftServerConfigKeys (ConfUtils.java:logGet(43)) - raft.server.log.force.sync.num = 128 (default)
2019-08-21 15:25:41,947 [pool-82-thread-1] INFO  server.RaftServerConfigKeys (ConfUtils.java:logGet(43)) - raft.server.log.statemachine.data.sync = true (default)
2019-08-21 15:25:41,947 [pool-82-thread-1] INFO  server.RaftServerConfigKeys (ConfUtils.java:logGet(43)) - raft.server.log.statemachine.data.sync.timeout = 10s (default)
2019-08-21 15:25:41,947 [pool-82-thread-1] INFO  server.RaftServerConfigKeys (ConfUtils.java:logGet(43)) - raft.server.log.statemachine.data.sync.timeout.retry = -1 (default)
2019-08-21 15:25:41,947 [pool-82-thread-1] INFO  server.RaftServerConfigKeys (ConfUtils.java:logGet(43)) - raft.server.log.statemachine.data.caching.enabled = true (custom)
2019-08-21 15:25:41,948 [pool-82-thread-1] INFO  segmented.SegmentedRaftLogWorker (SegmentedRaftLogWorker.java:lambda$new$0(132)) - 7cd51e96-9e9a-4fa6-9923-5d34258d4f7e-SegmentedRaftLogWorker:Storage Directory /workdir/hadoop-ozone/integration-test/target/test-dir/MiniOzoneClusterImpl-347934cf-c549-4c2f-b9a9-78d2da9c4574/datanode-5/data/ratis/d98bf8f3-b5d4-4ac0-87da-603a3d52b728: flushIndex: setUnconditionally 0 -> -1
2019-08-21 15:25:41,948 [pool-82-thread-1] INFO  server.RaftServerConfigKeys (ConfUtils.java:logGet(43)) - raft.server.snapshot.auto.trigger.enabled = true (custom)
2019-08-21 15:25:41,948 [pool-82-thread-1] INFO  server.RaftServerConfigKeys (ConfUtils.java:logGet(43)) - raft.server.snapshot.auto.trigger.threshold = 10000 (custom)
2019-08-21 15:25:41,948 [pool-82-thread-1] INFO  server.RaftServerConfigKeys (ConfUtils.java:logGet(43)) - raft.server.retrycache.expirytime = 600000ms (custom)
2019-08-21 15:25:41,948 [pool-82-thread-1] INFO  impl.RaftServerImpl (RaftServerImpl.java:start(180)) - 7cd51e96-9e9a-4fa6-9923-5d34258d4f7e: start group-603A3D52B728
2019-08-21 15:25:41,948 [pool-82-thread-1] INFO  impl.RaftServerImpl (RaftServerImpl.java:setRole(171)) - 7cd51e96-9e9a-4fa6-9923-5d34258d4f7e:group-603A3D52B728 changes role from null to FOLLOWER at term 0 for startAsFollower
2019-08-21 15:25:41,948 [pool-82-thread-1] INFO  impl.RoleInfo (RoleInfo.java:updateAndGet(143)) - 7cd51e96-9e9a-4fa6-9923-5d34258d4f7e: start FollowerState
2019-08-21 15:25:41,949 [pool-82-thread-1] INFO  util.JmxRegister (JmxRegister.java:tryRegister(44)) - Successfully registered JMX Bean with object name Ratis:service=RaftServer,group=group-603A3D52B728,id=7cd51e96-9e9a-4fa6-9923-5d34258d4f7e
2019-08-21 15:25:41,958 [RatisPipelineUtilsThread] INFO  pipeline.PipelineStateManager (PipelineStateManager.java:addPipeline(56)) - Created pipeline Pipeline[ Id: d98bf8f3-b5d4-4ac0-87da-603a3d52b728, Nodes: 7cd51e96-9e9a-4fa6-9923-5d34258d4f7e{ip: 192.168.69.66, host: pr-hdds-2000-fmv89-2959555139, networkLocation: /default-rack, certSerialId: null}, Type:RATIS, Factor:ONE, State:OPEN]
2019-08-21 15:25:41,977 [grpc-default-executor-0] INFO  impl.RaftServerProxy (RaftServerProxy.java:addNew(89)) - 0fd88f8c-6b3d-41ef-987e-b97c2c0b5243: addNew group-E4876D0F99D7:[0fd88f8c-6b3d-41ef-987e-b97c2c0b5243:192.168.69.66:36687] returns group-E4876D0F99D7:java.util.concurrent.CompletableFuture@1029986a[Not completed]
2019-08-21 15:25:41,981 [pool-71-thread-1] INFO  impl.RaftServerImpl (RaftServerImpl.java:<init>(93)) - 0fd88f8c-6b3d-41ef-987e-b97c2c0b5243: new RaftServerImpl for group-E4876D0F99D7:[0fd88f8c-6b3d-41ef-987e-b97c2c0b5243:192.168.69.66:36687] with ContainerStateMachine:uninitialized
2019-08-21 15:25:41,982 [pool-71-thread-1] INFO  server.RaftServerConfigKeys (ConfUtils.java:logGet(43)) - raft.server.rpc.timeout.min = 5s (custom)
2019-08-21 15:25:41,982 [pool-71-thread-1] INFO  server.RaftServerConfigKeys (ConfUtils.java:logGet(43)) - raft.server.rpc.timeout.max = 5200ms (custom)
2019-08-21 15:25:41,982 [pool-71-thread-1] INFO  server.RaftServerConfigKeys (ConfUtils.java:logGet(43)) - raft.server.rpcslowness.timeout = 120s (custom)
2019-08-21 15:25:41,982 [pool-71-thread-1] INFO  server.RaftServerConfigKeys (ConfUtils.java:logGet(43)) - raft.server.sleep.deviation.threshold = 300 (default)
2019-08-21 15:25:41,982 [pool-71-thread-1] INFO  server.RaftServerConfigKeys (ConfUtils.java:logGet(43)) - raft.server.log.appender.install.snapshot.enabled = false (custom)
2019-08-21 15:25:41,982 [pool-71-thread-1] INFO  impl.RaftServerImpl (ServerState.java:<init>(105)) - 0fd88f8c-6b3d-41ef-987e-b97c2c0b5243:group-E4876D0F99D7 ConfigurationManager, init=-1: [0fd88f8c-6b3d-41ef-987e-b97c2c0b5243:192.168.69.66:36687], old=null, confs=<EMPTY_MAP>
2019-08-21 15:25:41,983 [pool-71-thread-1] INFO  server.RaftServerConfigKeys (ConfUtils.java:logGet(43)) - raft.server.storage.dir = [/workdir/hadoop-ozone/integration-test/target/test-dir/MiniOzoneClusterImpl-347934cf-c549-4c2f-b9a9-78d2da9c4574/datanode-4/data/ratis] (custom)
2019-08-21 15:25:41,983 [pool-71-thread-1] INFO  storage.RaftStorageDirectory (RaftStorageDirectory.java:analyzeStorage(246)) - The storage directory /workdir/hadoop-ozone/integration-test/target/test-dir/MiniOzoneClusterImpl-347934cf-c549-4c2f-b9a9-78d2da9c4574/datanode-4/data/ratis/a27c94d8-6203-4917-acca-e4876d0f99d7 does not exist. Creating ...
2019-08-21 15:25:41,996 [pool-71-thread-1] INFO  storage.RaftStorageDirectory (RaftStorageDirectory.java:tryLock(328)) - Lock on /workdir/hadoop-ozone/integration-test/target/test-dir/MiniOzoneClusterImpl-347934cf-c549-4c2f-b9a9-78d2da9c4574/datanode-4/data/ratis/a27c94d8-6203-4917-acca-e4876d0f99d7/in_use.lock acquired by nodename 31461@pr-hdds-2000-fmv89-2959555139
2019-08-21 15:25:42,009 [pool-71-thread-1] INFO  storage.RaftStorage (RaftStorage.java:format(72)) - Storage directory /workdir/hadoop-ozone/integration-test/target/test-dir/MiniOzoneClusterImpl-347934cf-c549-4c2f-b9a9-78d2da9c4574/datanode-4/data/ratis/a27c94d8-6203-4917-acca-e4876d0f99d7 has been successfully formatted.
2019-08-21 15:25:42,010 [pool-71-thread-1] INFO  ratis.ContainerStateMachine (ContainerStateMachine.java:loadSnapshot(226)) - group-E4876D0F99D7: The snapshot info is null. Setting the last applied indexto:(t:0, i:~)
2019-08-21 15:25:42,010 [pool-71-thread-1] INFO  server.RaftServerConfigKeys (ConfUtils.java:logGet(43)) - raft.server.leader.election.timeout = 120s (custom)
2019-08-21 15:25:42,010 [pool-71-thread-1] INFO  server.RaftServerConfigKeys (ConfUtils.java:logGet(43)) - raft.server.log.use.memory = false (default)
2019-08-21 15:25:42,011 [pool-71-thread-1] INFO  server.RaftServerConfigKeys (ConfUtils.java:logGet(43)) - raft.server.log.purge.gap = 1000000 (custom)
2019-08-21 15:25:42,011 [pool-71-thread-1] INFO  server.RaftServerConfigKeys (ConfUtils.java:logGet(43)) - raft.server.log.appender.buffer.byte-limit = 33554432 (custom)
2019-08-21 15:25:42,011 [pool-71-thread-1] INFO  server.RaftServerConfigKeys (ConfUtils.java:logGet(43)) - raft.server.log.segment.size.max = 1048576 (custom)
2019-08-21 15:25:42,011 [pool-71-thread-1] INFO  server.RaftServerConfigKeys (ConfUtils.java:logGet(43)) - raft.server.log.segment.cache.num.max = 2 (custom)
2019-08-21 15:25:42,011 [pool-71-thread-1] INFO  segmented.SegmentedRaftLogWorker (SegmentedRaftLogWorker.java:<init>(172)) - new 0fd88f8c-6b3d-41ef-987e-b97c2c0b5243-SegmentedRaftLogWorker:Storage Directory /workdir/hadoop-ozone/integration-test/target/test-dir/MiniOzoneClusterImpl-347934cf-c549-4c2f-b9a9-78d2da9c4574/datanode-4/data/ratis/a27c94d8-6203-4917-acca-e4876d0f99d7 for RaftStorage:Storage Directory /workdir/hadoop-ozone/integration-test/target/test-dir/MiniOzoneClusterImpl-347934cf-c549-4c2f-b9a9-78d2da9c4574/datanode-4/data/ratis/a27c94d8-6203-4917-acca-e4876d0f99d7
2019-08-21 15:25:42,012 [pool-71-thread-1] INFO  server.RaftServerConfigKeys (ConfUtils.java:logGet(43)) - raft.server.log.queue.byte-limit = 2147483647 (custom)
2019-08-21 15:25:42,012 [pool-71-thread-1] INFO  server.RaftServerConfigKeys (ConfUtils.java:logGet(43)) - raft.server.log.queue.element-limit = 1024 (custom)
2019-08-21 15:25:42,012 [pool-71-thread-1] INFO  server.RaftServerConfigKeys (ConfUtils.java:logGet(43)) - raft.server.log.segment.size.max = 1048576 (custom)
2019-08-21 15:25:42,012 [pool-71-thread-1] INFO  server.RaftServerConfigKeys (ConfUtils.java:logGet(43)) - raft.server.log.preallocated.size = 16384 (custom)
2019-08-21 15:25:42,012 [pool-71-thread-1] INFO  server.RaftServerConfigKeys (ConfUtils.java:logGet(43)) - raft.server.log.write.buffer.size = 33554432 (custom)
2019-08-21 15:25:42,012 [pool-71-thread-1] INFO  server.RaftServerConfigKeys (ConfUtils.java:logGet(43)) - raft.server.log.force.sync.num = 128 (default)
2019-08-21 15:25:42,013 [pool-71-thread-1] INFO  server.RaftServerConfigKeys (ConfUtils.java:logGet(43)) - raft.server.log.statemachine.data.sync = true (default)
2019-08-21 15:25:42,013 [pool-71-thread-1] INFO  server.RaftServerConfigKeys (ConfUtils.java:logGet(43)) - raft.server.log.statemachine.data.sync.timeout = 10s (default)
2019-08-21 15:25:42,013 [pool-71-thread-1] INFO  server.RaftServerConfigKeys (ConfUtils.java:logGet(43)) - raft.server.log.statemachine.data.sync.timeout.retry = -1 (default)
2019-08-21 15:25:42,013 [pool-71-thread-1] INFO  server.RaftServerConfigKeys (ConfUtils.java:logGet(43)) - raft.server.log.statemachine.data.caching.enabled = true (custom)
2019-08-21 15:25:42,014 [pool-71-thread-1] INFO  segmented.SegmentedRaftLogWorker (SegmentedRaftLogWorker.java:lambda$new$0(132)) - 0fd88f8c-6b3d-41ef-987e-b97c2c0b5243-SegmentedRaftLogWorker:Storage Directory /workdir/hadoop-ozone/integration-test/target/test-dir/MiniOzoneClusterImpl-347934cf-c549-4c2f-b9a9-78d2da9c4574/datanode-4/data/ratis/a27c94d8-6203-4917-acca-e4876d0f99d7: flushIndex: setUnconditionally 0 -> -1
2019-08-21 15:25:42,014 [pool-71-thread-1] INFO  server.RaftServerConfigKeys (ConfUtils.java:logGet(43)) - raft.server.snapshot.auto.trigger.enabled = true (custom)
2019-08-21 15:25:42,014 [pool-71-thread-1] INFO  server.RaftServerConfigKeys (ConfUtils.java:logGet(43)) - raft.server.snapshot.auto.trigger.threshold = 10000 (custom)
2019-08-21 15:25:42,014 [pool-71-thread-1] INFO  server.RaftServerConfigKeys (ConfUtils.java:logGet(43)) - raft.server.retrycache.expirytime = 600000ms (custom)
2019-08-21 15:25:42,015 [pool-71-thread-1] INFO  impl.RaftServerImpl (RaftServerImpl.java:start(180)) - 0fd88f8c-6b3d-41ef-987e-b97c2c0b5243: start group-E4876D0F99D7
2019-08-21 15:25:42,015 [pool-71-thread-1] INFO  impl.RaftServerImpl (RaftServerImpl.java:setRole(171)) - 0fd88f8c-6b3d-41ef-987e-b97c2c0b5243:group-E4876D0F99D7 changes role from null to FOLLOWER at term 0 for startAsFollower
2019-08-21 15:25:42,015 [pool-71-thread-1] INFO  impl.RoleInfo (RoleInfo.java:updateAndGet(143)) - 0fd88f8c-6b3d-41ef-987e-b97c2c0b5243: start FollowerState
2019-08-21 15:25:42,015 [pool-71-thread-1] INFO  util.JmxRegister (JmxRegister.java:tryRegister(44)) - Successfully registered JMX Bean with object name Ratis:service=RaftServer,group=group-E4876D0F99D7,id=0fd88f8c-6b3d-41ef-987e-b97c2c0b5243
2019-08-21 15:25:42,027 [RatisPipelineUtilsThread] INFO  pipeline.PipelineStateManager (PipelineStateManager.java:addPipeline(56)) - Created pipeline Pipeline[ Id: a27c94d8-6203-4917-acca-e4876d0f99d7, Nodes: 0fd88f8c-6b3d-41ef-987e-b97c2c0b5243{ip: 192.168.69.66, host: pr-hdds-2000-fmv89-2959555139, networkLocation: /default-rack, certSerialId: null}, Type:RATIS, Factor:ONE, State:OPEN]
2019-08-21 15:25:42,045 [grpc-default-executor-0] INFO  impl.RaftServerProxy (RaftServerProxy.java:addNew(89)) - d9b07869-42ab-49cb-b7c3-7a1f30a8fac0: addNew group-570AA26173D5:[d9b07869-42ab-49cb-b7c3-7a1f30a8fac0:192.168.69.66:37356] returns group-570AA26173D5:java.util.concurrent.CompletableFuture@2f667277[Not completed]
2019-08-21 15:25:42,049 [pool-60-thread-1] INFO  impl.RaftServerImpl (RaftServerImpl.java:<init>(93)) - d9b07869-42ab-49cb-b7c3-7a1f30a8fac0: new RaftServerImpl for group-570AA26173D5:[d9b07869-42ab-49cb-b7c3-7a1f30a8fac0:192.168.69.66:37356] with ContainerStateMachine:uninitialized
2019-08-21 15:25:42,049 [pool-60-thread-1] INFO  server.RaftServerConfigKeys (ConfUtils.java:logGet(43)) - raft.server.rpc.timeout.min = 5s (custom)
2019-08-21 15:25:42,049 [pool-60-thread-1] INFO  server.RaftServerConfigKeys (ConfUtils.java:logGet(43)) - raft.server.rpc.timeout.max = 5200ms (custom)
2019-08-21 15:25:42,049 [pool-60-thread-1] INFO  server.RaftServerConfigKeys (ConfUtils.java:logGet(43)) - raft.server.rpcslowness.timeout = 120s (custom)
2019-08-21 15:25:42,050 [pool-60-thread-1] INFO  server.RaftServerConfigKeys (ConfUtils.java:logGet(43)) - raft.server.sleep.deviation.threshold = 300 (default)
2019-08-21 15:25:42,050 [pool-60-thread-1] INFO  server.RaftServerConfigKeys (ConfUtils.java:logGet(43)) - raft.server.log.appender.install.snapshot.enabled = false (custom)
2019-08-21 15:25:42,050 [pool-60-thread-1] INFO  impl.RaftServerImpl (ServerState.java:<init>(105)) - d9b07869-42ab-49cb-b7c3-7a1f30a8fac0:group-570AA26173D5 ConfigurationManager, init=-1: [d9b07869-42ab-49cb-b7c3-7a1f30a8fac0:192.168.69.66:37356], old=null, confs=<EMPTY_MAP>
2019-08-21 15:25:42,050 [pool-60-thread-1] INFO  server.RaftServerConfigKeys (ConfUtils.java:logGet(43)) - raft.server.storage.dir = [/workdir/hadoop-ozone/integration-test/target/test-dir/MiniOzoneClusterImpl-347934cf-c549-4c2f-b9a9-78d2da9c4574/datanode-3/data/ratis] (custom)
2019-08-21 15:25:42,050 [pool-60-thread-1] INFO  storage.RaftStorageDirectory (RaftStorageDirectory.java:analyzeStorage(246)) - The storage directory /workdir/hadoop-ozone/integration-test/target/test-dir/MiniOzoneClusterImpl-347934cf-c549-4c2f-b9a9-78d2da9c4574/datanode-3/data/ratis/a25f7f7e-79d9-4454-bd22-570aa26173d5 does not exist. Creating ...
2019-08-21 15:25:42,063 [pool-60-thread-1] INFO  storage.RaftStorageDirectory (RaftStorageDirectory.java:tryLock(328)) - Lock on /workdir/hadoop-ozone/integration-test/target/test-dir/MiniOzoneClusterImpl-347934cf-c549-4c2f-b9a9-78d2da9c4574/datanode-3/data/ratis/a25f7f7e-79d9-4454-bd22-570aa26173d5/in_use.lock acquired by nodename 31461@pr-hdds-2000-fmv89-2959555139
2019-08-21 15:25:42,076 [pool-60-thread-1] INFO  storage.RaftStorage (RaftStorage.java:format(72)) - Storage directory /workdir/hadoop-ozone/integration-test/target/test-dir/MiniOzoneClusterImpl-347934cf-c549-4c2f-b9a9-78d2da9c4574/datanode-3/data/ratis/a25f7f7e-79d9-4454-bd22-570aa26173d5 has been successfully formatted.
2019-08-21 15:25:42,076 [pool-60-thread-1] INFO  ratis.ContainerStateMachine (ContainerStateMachine.java:loadSnapshot(226)) - group-570AA26173D5: The snapshot info is null. Setting the last applied indexto:(t:0, i:~)
2019-08-21 15:25:42,076 [pool-60-thread-1] INFO  server.RaftServerConfigKeys (ConfUtils.java:logGet(43)) - raft.server.leader.election.timeout = 120s (custom)
2019-08-21 15:25:42,076 [pool-60-thread-1] INFO  server.RaftServerConfigKeys (ConfUtils.java:logGet(43)) - raft.server.log.use.memory = false (default)
2019-08-21 15:25:42,076 [pool-60-thread-1] INFO  server.RaftServerConfigKeys (ConfUtils.java:logGet(43)) - raft.server.log.purge.gap = 1000000 (custom)
2019-08-21 15:25:42,076 [pool-60-thread-1] INFO  server.RaftServerConfigKeys (ConfUtils.java:logGet(43)) - raft.server.log.appender.buffer.byte-limit = 33554432 (custom)
2019-08-21 15:25:42,076 [pool-60-thread-1] INFO  server.RaftServerConfigKeys (ConfUtils.java:logGet(43)) - raft.server.log.segment.size.max = 1048576 (custom)
2019-08-21 15:25:42,077 [pool-60-thread-1] INFO  server.RaftServerConfigKeys (ConfUtils.java:logGet(43)) - raft.server.log.segment.cache.num.max = 2 (custom)
2019-08-21 15:25:42,077 [pool-60-thread-1] INFO  segmented.SegmentedRaftLogWorker (SegmentedRaftLogWorker.java:<init>(172)) - new d9b07869-42ab-49cb-b7c3-7a1f30a8fac0-SegmentedRaftLogWorker:Storage Directory /workdir/hadoop-ozone/integration-test/target/test-dir/MiniOzoneClusterImpl-347934cf-c549-4c2f-b9a9-78d2da9c4574/datanode-3/data/ratis/a25f7f7e-79d9-4454-bd22-570aa26173d5 for RaftStorage:Storage Directory /workdir/hadoop-ozone/integration-test/target/test-dir/MiniOzoneClusterImpl-347934cf-c549-4c2f-b9a9-78d2da9c4574/datanode-3/data/ratis/a25f7f7e-79d9-4454-bd22-570aa26173d5
2019-08-21 15:25:42,077 [pool-60-thread-1] INFO  server.RaftServerConfigKeys (ConfUtils.java:logGet(43)) - raft.server.log.queue.byte-limit = 2147483647 (custom)
2019-08-21 15:25:42,077 [pool-60-thread-1] INFO  server.RaftServerConfigKeys (ConfUtils.java:logGet(43)) - raft.server.log.queue.element-limit = 1024 (custom)
2019-08-21 15:25:42,077 [pool-60-thread-1] INFO  server.RaftServerConfigKeys (ConfUtils.java:logGet(43)) - raft.server.log.segment.size.max = 1048576 (custom)
2019-08-21 15:25:42,077 [pool-60-thread-1] INFO  server.RaftServerConfigKeys (ConfUtils.java:logGet(43)) - raft.server.log.preallocated.size = 16384 (custom)
2019-08-21 15:25:42,077 [pool-60-thread-1] INFO  server.RaftServerConfigKeys (ConfUtils.java:logGet(43)) - raft.server.log.write.buffer.size = 33554432 (custom)
2019-08-21 15:25:42,077 [pool-60-thread-1] INFO  server.RaftServerConfigKeys (ConfUtils.java:logGet(43)) - raft.server.log.force.sync.num = 128 (default)
2019-08-21 15:25:42,078 [pool-60-thread-1] INFO  server.RaftServerConfigKeys (ConfUtils.java:logGet(43)) - raft.server.log.statemachine.data.sync = true (default)
2019-08-21 15:25:42,078 [pool-60-thread-1] INFO  server.RaftServerConfigKeys (ConfUtils.java:logGet(43)) - raft.server.log.statemachine.data.sync.timeout = 10s (default)
2019-08-21 15:25:42,078 [pool-60-thread-1] INFO  server.RaftServerConfigKeys (ConfUtils.java:logGet(43)) - raft.server.log.statemachine.data.sync.timeout.retry = -1 (default)
2019-08-21 15:25:42,078 [pool-60-thread-1] INFO  server.RaftServerConfigKeys (ConfUtils.java:logGet(43)) - raft.server.log.statemachine.data.caching.enabled = true (custom)
2019-08-21 15:25:42,078 [pool-60-thread-1] INFO  segmented.SegmentedRaftLogWorker (SegmentedRaftLogWorker.java:lambda$new$0(132)) - d9b07869-42ab-49cb-b7c3-7a1f30a8fac0-SegmentedRaftLogWorker:Storage Directory /workdir/hadoop-ozone/integration-test/target/test-dir/MiniOzoneClusterImpl-347934cf-c549-4c2f-b9a9-78d2da9c4574/datanode-3/data/ratis/a25f7f7e-79d9-4454-bd22-570aa26173d5: flushIndex: setUnconditionally 0 -> -1
2019-08-21 15:25:42,078 [pool-60-thread-1] INFO  server.RaftServerConfigKeys (ConfUtils.java:logGet(43)) - raft.server.snapshot.auto.trigger.enabled = true (custom)
2019-08-21 15:25:42,079 [pool-60-thread-1] INFO  server.RaftServerConfigKeys (ConfUtils.java:logGet(43)) - raft.server.snapshot.auto.trigger.threshold = 10000 (custom)
2019-08-21 15:25:42,079 [pool-60-thread-1] INFO  server.RaftServerConfigKeys (ConfUtils.java:logGet(43)) - raft.server.retrycache.expirytime = 600000ms (custom)
2019-08-21 15:25:42,079 [pool-60-thread-1] INFO  impl.RaftServerImpl (RaftServerImpl.java:start(180)) - d9b07869-42ab-49cb-b7c3-7a1f30a8fac0: start group-570AA26173D5
2019-08-21 15:25:42,079 [pool-60-thread-1] INFO  impl.RaftServerImpl (RaftServerImpl.java:setRole(171)) - d9b07869-42ab-49cb-b7c3-7a1f30a8fac0:group-570AA26173D5 changes role from null to FOLLOWER at term 0 for startAsFollower
2019-08-21 15:25:42,079 [pool-60-thread-1] INFO  impl.RoleInfo (RoleInfo.java:updateAndGet(143)) - d9b07869-42ab-49cb-b7c3-7a1f30a8fac0: start FollowerState
2019-08-21 15:25:42,079 [pool-60-thread-1] INFO  util.JmxRegister (JmxRegister.java:tryRegister(44)) - Successfully registered JMX Bean with object name Ratis:service=RaftServer,group=group-570AA26173D5,id=d9b07869-42ab-49cb-b7c3-7a1f30a8fac0
2019-08-21 15:25:42,094 [RatisPipelineUtilsThread] INFO  pipeline.PipelineStateManager (PipelineStateManager.java:addPipeline(56)) - Created pipeline Pipeline[ Id: a25f7f7e-79d9-4454-bd22-570aa26173d5, Nodes: d9b07869-42ab-49cb-b7c3-7a1f30a8fac0{ip: 192.168.69.66, host: pr-hdds-2000-fmv89-2959555139, networkLocation: /default-rack, certSerialId: null}, Type:RATIS, Factor:ONE, State:OPEN]
2019-08-21 15:25:42,127 [grpc-default-executor-0] INFO  impl.RaftServerProxy (RaftServerProxy.java:addNew(89)) - 1aacd0c4-76a7-48b7-8ae6-c1c768db399a: addNew group-8C515FE36C8F:[20f26f50-31a5-4065-a99c-917b728ca18a:192.168.69.66:40152, a382de20-91b6-4175-90f3-7f10d3274d35:192.168.69.66:42817, 1aacd0c4-76a7-48b7-8ae6-c1c768db399a:192.168.69.66:43791] returns group-8C515FE36C8F:java.util.concurrent.CompletableFuture@4fda20f5[Not completed]
2019-08-21 15:25:42,129 [grpc-default-executor-0] INFO  impl.RaftServerProxy (RaftServerProxy.java:addNew(89)) - 20f26f50-31a5-4065-a99c-917b728ca18a: addNew group-8C515FE36C8F:[20f26f50-31a5-4065-a99c-917b728ca18a:192.168.69.66:40152, a382de20-91b6-4175-90f3-7f10d3274d35:192.168.69.66:42817, 1aacd0c4-76a7-48b7-8ae6-c1c768db399a:192.168.69.66:43791] returns group-8C515FE36C8F:java.util.concurrent.CompletableFuture@3e525dba[Not completed]
2019-08-21 15:25:42,131 [pool-49-thread-1] INFO  impl.RaftServerImpl (RaftServerImpl.java:<init>(93)) - 1aacd0c4-76a7-48b7-8ae6-c1c768db399a: new RaftServerImpl for group-8C515FE36C8F:[20f26f50-31a5-4065-a99c-917b728ca18a:192.168.69.66:40152, a382de20-91b6-4175-90f3-7f10d3274d35:192.168.69.66:42817, 1aacd0c4-76a7-48b7-8ae6-c1c768db399a:192.168.69.66:43791] with ContainerStateMachine:uninitialized
2019-08-21 15:25:42,131 [grpc-default-executor-0] INFO  impl.RaftServerProxy (RaftServerProxy.java:addNew(89)) - a382de20-91b6-4175-90f3-7f10d3274d35: addNew group-8C515FE36C8F:[20f26f50-31a5-4065-a99c-917b728ca18a:192.168.69.66:40152, a382de20-91b6-4175-90f3-7f10d3274d35:192.168.69.66:42817, 1aacd0c4-76a7-48b7-8ae6-c1c768db399a:192.168.69.66:43791] returns group-8C515FE36C8F:java.util.concurrent.CompletableFuture@702fa954[Not completed]
2019-08-21 15:25:42,131 [pool-49-thread-1] INFO  server.RaftServerConfigKeys (ConfUtils.java:logGet(43)) - raft.server.rpc.timeout.min = 5s (custom)
2019-08-21 15:25:42,132 [pool-49-thread-1] INFO  server.RaftServerConfigKeys (ConfUtils.java:logGet(43)) - raft.server.rpc.timeout.max = 5200ms (custom)
2019-08-21 15:25:42,132 [pool-49-thread-1] INFO  server.RaftServerConfigKeys (ConfUtils.java:logGet(43)) - raft.server.rpcslowness.timeout = 120s (custom)
2019-08-21 15:25:42,132 [pool-49-thread-1] INFO  server.RaftServerConfigKeys (ConfUtils.java:logGet(43)) - raft.server.sleep.deviation.threshold = 300 (default)
2019-08-21 15:25:42,132 [pool-49-thread-1] INFO  server.RaftServerConfigKeys (ConfUtils.java:logGet(43)) - raft.server.log.appender.install.snapshot.enabled = false (custom)
2019-08-21 15:25:42,132 [pool-49-thread-1] INFO  impl.RaftServerImpl (ServerState.java:<init>(105)) - 1aacd0c4-76a7-48b7-8ae6-c1c768db399a:group-8C515FE36C8F ConfigurationManager, init=-1: [20f26f50-31a5-4065-a99c-917b728ca18a:192.168.69.66:40152, a382de20-91b6-4175-90f3-7f10d3274d35:192.168.69.66:42817, 1aacd0c4-76a7-48b7-8ae6-c1c768db399a:192.168.69.66:43791], old=null, confs=<EMPTY_MAP>
2019-08-21 15:25:42,132 [pool-49-thread-1] INFO  server.RaftServerConfigKeys (ConfUtils.java:logGet(43)) - raft.server.storage.dir = [/workdir/hadoop-ozone/integration-test/target/test-dir/MiniOzoneClusterImpl-347934cf-c549-4c2f-b9a9-78d2da9c4574/datanode-2/data/ratis] (custom)
2019-08-21 15:25:42,133 [pool-49-thread-1] INFO  storage.RaftStorageDirectory (RaftStorageDirectory.java:analyzeStorage(246)) - The storage directory /workdir/hadoop-ozone/integration-test/target/test-dir/MiniOzoneClusterImpl-347934cf-c549-4c2f-b9a9-78d2da9c4574/datanode-2/data/ratis/7472164b-5118-4dbd-bc59-8c515fe36c8f does not exist. Creating ...
2019-08-21 15:25:42,133 [pool-93-thread-1] INFO  impl.RaftServerImpl (RaftServerImpl.java:<init>(93)) - 20f26f50-31a5-4065-a99c-917b728ca18a: new RaftServerImpl for group-8C515FE36C8F:[20f26f50-31a5-4065-a99c-917b728ca18a:192.168.69.66:40152, a382de20-91b6-4175-90f3-7f10d3274d35:192.168.69.66:42817, 1aacd0c4-76a7-48b7-8ae6-c1c768db399a:192.168.69.66:43791] with ContainerStateMachine:uninitialized
2019-08-21 15:25:42,133 [pool-93-thread-1] INFO  server.RaftServerConfigKeys (ConfUtils.java:logGet(43)) - raft.server.rpc.timeout.min = 5s (custom)
2019-08-21 15:25:42,133 [pool-93-thread-1] INFO  server.RaftServerConfigKeys (ConfUtils.java:logGet(43)) - raft.server.rpc.timeout.max = 5200ms (custom)
2019-08-21 15:25:42,133 [pool-93-thread-1] INFO  server.RaftServerConfigKeys (ConfUtils.java:logGet(43)) - raft.server.rpcslowness.timeout = 120s (custom)
2019-08-21 15:25:42,133 [pool-93-thread-1] INFO  server.RaftServerConfigKeys (ConfUtils.java:logGet(43)) - raft.server.sleep.deviation.threshold = 300 (default)
2019-08-21 15:25:42,133 [pool-27-thread-1] INFO  impl.RaftServerImpl (RaftServerImpl.java:<init>(93)) - a382de20-91b6-4175-90f3-7f10d3274d35: new RaftServerImpl for group-8C515FE36C8F:[20f26f50-31a5-4065-a99c-917b728ca18a:192.168.69.66:40152, a382de20-91b6-4175-90f3-7f10d3274d35:192.168.69.66:42817, 1aacd0c4-76a7-48b7-8ae6-c1c768db399a:192.168.69.66:43791] with ContainerStateMachine:uninitialized
2019-08-21 15:25:42,133 [pool-93-thread-1] INFO  server.RaftServerConfigKeys (ConfUtils.java:logGet(43)) - raft.server.log.appender.install.snapshot.enabled = false (custom)
2019-08-21 15:25:42,133 [pool-27-thread-1] INFO  server.RaftServerConfigKeys (ConfUtils.java:logGet(43)) - raft.server.rpc.timeout.min = 5s (custom)
2019-08-21 15:25:42,133 [pool-93-thread-1] INFO  impl.RaftServerImpl (ServerState.java:<init>(105)) - 20f26f50-31a5-4065-a99c-917b728ca18a:group-8C515FE36C8F ConfigurationManager, init=-1: [20f26f50-31a5-4065-a99c-917b728ca18a:192.168.69.66:40152, a382de20-91b6-4175-90f3-7f10d3274d35:192.168.69.66:42817, 1aacd0c4-76a7-48b7-8ae6-c1c768db399a:192.168.69.66:43791], old=null, confs=<EMPTY_MAP>
2019-08-21 15:25:42,133 [pool-27-thread-1] INFO  server.RaftServerConfigKeys (ConfUtils.java:logGet(43)) - raft.server.rpc.timeout.max = 5200ms (custom)
2019-08-21 15:25:42,134 [pool-93-thread-1] INFO  server.RaftServerConfigKeys (ConfUtils.java:logGet(43)) - raft.server.storage.dir = [/workdir/hadoop-ozone/integration-test/target/test-dir/MiniOzoneClusterImpl-347934cf-c549-4c2f-b9a9-78d2da9c4574/datanode-6/data/ratis] (custom)
2019-08-21 15:25:42,134 [pool-27-thread-1] INFO  server.RaftServerConfigKeys (ConfUtils.java:logGet(43)) - raft.server.rpcslowness.timeout = 120s (custom)
2019-08-21 15:25:42,134 [pool-27-thread-1] INFO  server.RaftServerConfigKeys (ConfUtils.java:logGet(43)) - raft.server.sleep.deviation.threshold = 300 (default)
2019-08-21 15:25:42,134 [pool-27-thread-1] INFO  server.RaftServerConfigKeys (ConfUtils.java:logGet(43)) - raft.server.log.appender.install.snapshot.enabled = false (custom)
2019-08-21 15:25:42,134 [pool-93-thread-1] INFO  storage.RaftStorageDirectory (RaftStorageDirectory.java:analyzeStorage(246)) - The storage directory /workdir/hadoop-ozone/integration-test/target/test-dir/MiniOzoneClusterImpl-347934cf-c549-4c2f-b9a9-78d2da9c4574/datanode-6/data/ratis/7472164b-5118-4dbd-bc59-8c515fe36c8f does not exist. Creating ...
2019-08-21 15:25:42,134 [pool-27-thread-1] INFO  impl.RaftServerImpl (ServerState.java:<init>(105)) - a382de20-91b6-4175-90f3-7f10d3274d35:group-8C515FE36C8F ConfigurationManager, init=-1: [20f26f50-31a5-4065-a99c-917b728ca18a:192.168.69.66:40152, a382de20-91b6-4175-90f3-7f10d3274d35:192.168.69.66:42817, 1aacd0c4-76a7-48b7-8ae6-c1c768db399a:192.168.69.66:43791], old=null, confs=<EMPTY_MAP>
2019-08-21 15:25:42,134 [pool-27-thread-1] INFO  server.RaftServerConfigKeys (ConfUtils.java:logGet(43)) - raft.server.storage.dir = [/workdir/hadoop-ozone/integration-test/target/test-dir/MiniOzoneClusterImpl-347934cf-c549-4c2f-b9a9-78d2da9c4574/datanode-0/data/ratis] (custom)
2019-08-21 15:25:42,134 [pool-27-thread-1] INFO  storage.RaftStorageDirectory (RaftStorageDirectory.java:analyzeStorage(246)) - The storage directory /workdir/hadoop-ozone/integration-test/target/test-dir/MiniOzoneClusterImpl-347934cf-c549-4c2f-b9a9-78d2da9c4574/datanode-0/data/ratis/7472164b-5118-4dbd-bc59-8c515fe36c8f does not exist. Creating ...
2019-08-21 15:25:42,146 [pool-49-thread-1] INFO  storage.RaftStorageDirectory (RaftStorageDirectory.java:tryLock(328)) - Lock on /workdir/hadoop-ozone/integration-test/target/test-dir/MiniOzoneClusterImpl-347934cf-c549-4c2f-b9a9-78d2da9c4574/datanode-2/data/ratis/7472164b-5118-4dbd-bc59-8c515fe36c8f/in_use.lock acquired by nodename 31461@pr-hdds-2000-fmv89-2959555139
2019-08-21 15:25:42,146 [pool-93-thread-1] INFO  storage.RaftStorageDirectory (RaftStorageDirectory.java:tryLock(328)) - Lock on /workdir/hadoop-ozone/integration-test/target/test-dir/MiniOzoneClusterImpl-347934cf-c549-4c2f-b9a9-78d2da9c4574/datanode-6/data/ratis/7472164b-5118-4dbd-bc59-8c515fe36c8f/in_use.lock acquired by nodename 31461@pr-hdds-2000-fmv89-2959555139
2019-08-21 15:25:42,146 [pool-27-thread-1] INFO  storage.RaftStorageDirectory (RaftStorageDirectory.java:tryLock(328)) - Lock on /workdir/hadoop-ozone/integration-test/target/test-dir/MiniOzoneClusterImpl-347934cf-c549-4c2f-b9a9-78d2da9c4574/datanode-0/data/ratis/7472164b-5118-4dbd-bc59-8c515fe36c8f/in_use.lock acquired by nodename 31461@pr-hdds-2000-fmv89-2959555139
2019-08-21 15:25:42,159 [pool-49-thread-1] INFO  storage.RaftStorage (RaftStorage.java:format(72)) - Storage directory /workdir/hadoop-ozone/integration-test/target/test-dir/MiniOzoneClusterImpl-347934cf-c549-4c2f-b9a9-78d2da9c4574/datanode-2/data/ratis/7472164b-5118-4dbd-bc59-8c515fe36c8f has been successfully formatted.
2019-08-21 15:25:42,159 [pool-93-thread-1] INFO  storage.RaftStorage (RaftStorage.java:format(72)) - Storage directory /workdir/hadoop-ozone/integration-test/target/test-dir/MiniOzoneClusterImpl-347934cf-c549-4c2f-b9a9-78d2da9c4574/datanode-6/data/ratis/7472164b-5118-4dbd-bc59-8c515fe36c8f has been successfully formatted.
2019-08-21 15:25:42,160 [pool-49-thread-1] INFO  ratis.ContainerStateMachine (ContainerStateMachine.java:loadSnapshot(226)) - group-8C515FE36C8F: The snapshot info is null. Setting the last applied indexto:(t:0, i:~)
2019-08-21 15:25:42,159 [pool-27-thread-1] INFO  storage.RaftStorage (RaftStorage.java:format(72)) - Storage directory /workdir/hadoop-ozone/integration-test/target/test-dir/MiniOzoneClusterImpl-347934cf-c549-4c2f-b9a9-78d2da9c4574/datanode-0/data/ratis/7472164b-5118-4dbd-bc59-8c515fe36c8f has been successfully formatted.
2019-08-21 15:25:42,160 [pool-49-thread-1] INFO  server.RaftServerConfigKeys (ConfUtils.java:logGet(43)) - raft.server.leader.election.timeout = 120s (custom)
2019-08-21 15:25:42,160 [pool-93-thread-1] INFO  ratis.ContainerStateMachine (ContainerStateMachine.java:loadSnapshot(226)) - group-8C515FE36C8F: The snapshot info is null. Setting the last applied indexto:(t:0, i:~)
2019-08-21 15:25:42,160 [pool-27-thread-1] INFO  ratis.ContainerStateMachine (ContainerStateMachine.java:loadSnapshot(226)) - group-8C515FE36C8F: The snapshot info is null. Setting the last applied indexto:(t:0, i:~)
2019-08-21 15:25:42,160 [pool-49-thread-1] INFO  server.RaftServerConfigKeys (ConfUtils.java:logGet(43)) - raft.server.log.use.memory = false (default)
2019-08-21 15:25:42,160 [pool-27-thread-1] INFO  server.RaftServerConfigKeys (ConfUtils.java:logGet(43)) - raft.server.leader.election.timeout = 120s (custom)
2019-08-21 15:25:42,160 [pool-93-thread-1] INFO  server.RaftServerConfigKeys (ConfUtils.java:logGet(43)) - raft.server.leader.election.timeout = 120s (custom)
2019-08-21 15:25:42,160 [pool-27-thread-1] INFO  server.RaftServerConfigKeys (ConfUtils.java:logGet(43)) - raft.server.log.use.memory = false (default)
2019-08-21 15:25:42,160 [pool-49-thread-1] INFO  server.RaftServerConfigKeys (ConfUtils.java:logGet(43)) - raft.server.log.purge.gap = 1000000 (custom)
2019-08-21 15:25:42,161 [pool-27-thread-1] INFO  server.RaftServerConfigKeys (ConfUtils.java:logGet(43)) - raft.server.log.purge.gap = 1000000 (custom)
2019-08-21 15:25:42,161 [pool-93-thread-1] INFO  server.RaftServerConfigKeys (ConfUtils.java:logGet(43)) - raft.server.log.use.memory = false (default)
2019-08-21 15:25:42,161 [pool-27-thread-1] INFO  server.RaftServerConfigKeys (ConfUtils.java:logGet(43)) - raft.server.log.appender.buffer.byte-limit = 33554432 (custom)
2019-08-21 15:25:42,161 [pool-49-thread-1] INFO  server.RaftServerConfigKeys (ConfUtils.java:logGet(43)) - raft.server.log.appender.buffer.byte-limit = 33554432 (custom)
2019-08-21 15:25:42,161 [pool-27-thread-1] INFO  server.RaftServerConfigKeys (ConfUtils.java:logGet(43)) - raft.server.log.segment.size.max = 1048576 (custom)
2019-08-21 15:25:42,161 [pool-93-thread-1] INFO  server.RaftServerConfigKeys (ConfUtils.java:logGet(43)) - raft.server.log.purge.gap = 1000000 (custom)
2019-08-21 15:25:42,161 [pool-27-thread-1] INFO  server.RaftServerConfigKeys (ConfUtils.java:logGet(43)) - raft.server.log.segment.cache.num.max = 2 (custom)
2019-08-21 15:25:42,161 [pool-49-thread-1] INFO  server.RaftServerConfigKeys (ConfUtils.java:logGet(43)) - raft.server.log.segment.size.max = 1048576 (custom)
2019-08-21 15:25:42,162 [pool-27-thread-1] INFO  segmented.SegmentedRaftLogWorker (SegmentedRaftLogWorker.java:<init>(172)) - new a382de20-91b6-4175-90f3-7f10d3274d35-SegmentedRaftLogWorker:Storage Directory /workdir/hadoop-ozone/integration-test/target/test-dir/MiniOzoneClusterImpl-347934cf-c549-4c2f-b9a9-78d2da9c4574/datanode-0/data/ratis/7472164b-5118-4dbd-bc59-8c515fe36c8f for RaftStorage:Storage Directory /workdir/hadoop-ozone/integration-test/target/test-dir/MiniOzoneClusterImpl-347934cf-c549-4c2f-b9a9-78d2da9c4574/datanode-0/data/ratis/7472164b-5118-4dbd-bc59-8c515fe36c8f
2019-08-21 15:25:42,161 [pool-93-thread-1] INFO  server.RaftServerConfigKeys (ConfUtils.java:logGet(43)) - raft.server.log.appender.buffer.byte-limit = 33554432 (custom)
2019-08-21 15:25:42,162 [pool-27-thread-1] INFO  server.RaftServerConfigKeys (ConfUtils.java:logGet(43)) - raft.server.log.queue.byte-limit = 2147483647 (custom)
2019-08-21 15:25:42,163 [pool-93-thread-1] INFO  server.RaftServerConfigKeys (ConfUtils.java:logGet(43)) - raft.server.log.segment.size.max = 1048576 (custom)
2019-08-21 15:25:42,162 [pool-49-thread-1] INFO  server.RaftServerConfigKeys (ConfUtils.java:logGet(43)) - raft.server.log.segment.cache.num.max = 2 (custom)
2019-08-21 15:25:42,163 [pool-93-thread-1] INFO  server.RaftServerConfigKeys (ConfUtils.java:logGet(43)) - raft.server.log.segment.cache.num.max = 2 (custom)
2019-08-21 15:25:42,163 [pool-27-thread-1] INFO  server.RaftServerConfigKeys (ConfUtils.java:logGet(43)) - raft.server.log.queue.element-limit = 1024 (custom)
2019-08-21 15:25:42,164 [pool-93-thread-1] INFO  segmented.SegmentedRaftLogWorker (SegmentedRaftLogWorker.java:<init>(172)) - new 20f26f50-31a5-4065-a99c-917b728ca18a-SegmentedRaftLogWorker:Storage Directory /workdir/hadoop-ozone/integration-test/target/test-dir/MiniOzoneClusterImpl-347934cf-c549-4c2f-b9a9-78d2da9c4574/datanode-6/data/ratis/7472164b-5118-4dbd-bc59-8c515fe36c8f for RaftStorage:Storage Directory /workdir/hadoop-ozone/integration-test/target/test-dir/MiniOzoneClusterImpl-347934cf-c549-4c2f-b9a9-78d2da9c4574/datanode-6/data/ratis/7472164b-5118-4dbd-bc59-8c515fe36c8f
2019-08-21 15:25:42,163 [pool-49-thread-1] INFO  segmented.SegmentedRaftLogWorker (SegmentedRaftLogWorker.java:<init>(172)) - new 1aacd0c4-76a7-48b7-8ae6-c1c768db399a-SegmentedRaftLogWorker:Storage Directory /workdir/hadoop-ozone/integration-test/target/test-dir/MiniOzoneClusterImpl-347934cf-c549-4c2f-b9a9-78d2da9c4574/datanode-2/data/ratis/7472164b-5118-4dbd-bc59-8c515fe36c8f for RaftStorage:Storage Directory /workdir/hadoop-ozone/integration-test/target/test-dir/MiniOzoneClusterImpl-347934cf-c549-4c2f-b9a9-78d2da9c4574/datanode-2/data/ratis/7472164b-5118-4dbd-bc59-8c515fe36c8f
2019-08-21 15:25:42,164 [pool-93-thread-1] INFO  server.RaftServerConfigKeys (ConfUtils.java:logGet(43)) - raft.server.log.queue.byte-limit = 2147483647 (custom)
2019-08-21 15:25:42,164 [pool-27-thread-1] INFO  server.RaftServerConfigKeys (ConfUtils.java:logGet(43)) - raft.server.log.segment.size.max = 1048576 (custom)
2019-08-21 15:25:42,166 [pool-93-thread-1] INFO  server.RaftServerConfigKeys (ConfUtils.java:logGet(43)) - raft.server.log.queue.element-limit = 1024 (custom)
2019-08-21 15:25:42,164 [pool-49-thread-1] INFO  server.RaftServerConfigKeys (ConfUtils.java:logGet(43)) - raft.server.log.queue.byte-limit = 2147483647 (custom)
2019-08-21 15:25:42,166 [pool-93-thread-1] INFO  server.RaftServerConfigKeys (ConfUtils.java:logGet(43)) - raft.server.log.segment.size.max = 1048576 (custom)
2019-08-21 15:25:42,166 [pool-27-thread-1] INFO  server.RaftServerConfigKeys (ConfUtils.java:logGet(43)) - raft.server.log.preallocated.size = 16384 (custom)
2019-08-21 15:25:42,167 [pool-93-thread-1] INFO  server.RaftServerConfigKeys (ConfUtils.java:logGet(43)) - raft.server.log.preallocated.size = 16384 (custom)
2019-08-21 15:25:42,166 [pool-49-thread-1] INFO  server.RaftServerConfigKeys (ConfUtils.java:logGet(43)) - raft.server.log.queue.element-limit = 1024 (custom)
2019-08-21 15:25:42,167 [pool-93-thread-1] INFO  server.RaftServerConfigKeys (ConfUtils.java:logGet(43)) - raft.server.log.write.buffer.size = 33554432 (custom)
2019-08-21 15:25:42,167 [pool-27-thread-1] INFO  server.RaftServerConfigKeys (ConfUtils.java:logGet(43)) - raft.server.log.write.buffer.size = 33554432 (custom)
2019-08-21 15:25:42,167 [pool-93-thread-1] INFO  server.RaftServerConfigKeys (ConfUtils.java:logGet(43)) - raft.server.log.force.sync.num = 128 (default)
2019-08-21 15:25:42,167 [pool-49-thread-1] INFO  server.RaftServerConfigKeys (ConfUtils.java:logGet(43)) - raft.server.log.segment.size.max = 1048576 (custom)
2019-08-21 15:25:42,167 [pool-93-thread-1] INFO  server.RaftServerConfigKeys (ConfUtils.java:logGet(43)) - raft.server.log.statemachine.data.sync = true (default)
2019-08-21 15:25:42,167 [pool-27-thread-1] INFO  server.RaftServerConfigKeys (ConfUtils.java:logGet(43)) - raft.server.log.force.sync.num = 128 (default)
2019-08-21 15:25:42,168 [pool-93-thread-1] INFO  server.RaftServerConfigKeys (ConfUtils.java:logGet(43)) - raft.server.log.statemachine.data.sync.timeout = 10s (default)
2019-08-21 15:25:42,168 [pool-49-thread-1] INFO  server.RaftServerConfigKeys (ConfUtils.java:logGet(43)) - raft.server.log.preallocated.size = 16384 (custom)
2019-08-21 15:25:42,168 [pool-93-thread-1] INFO  server.RaftServerConfigKeys (ConfUtils.java:logGet(43)) - raft.server.log.statemachine.data.sync.timeout.retry = -1 (default)
2019-08-21 15:25:42,168 [pool-27-thread-1] INFO  server.RaftServerConfigKeys (ConfUtils.java:logGet(43)) - raft.server.log.statemachine.data.sync = true (default)
2019-08-21 15:25:42,168 [pool-49-thread-1] INFO  server.RaftServerConfigKeys (ConfUtils.java:logGet(43)) - raft.server.log.write.buffer.size = 33554432 (custom)
2019-08-21 15:25:42,168 [pool-27-thread-1] INFO  server.RaftServerConfigKeys (ConfUtils.java:logGet(43)) - raft.server.log.statemachine.data.sync.timeout = 10s (default)
2019-08-21 15:25:42,168 [pool-93-thread-1] INFO  server.RaftServerConfigKeys (ConfUtils.java:logGet(43)) - raft.server.log.statemachine.data.caching.enabled = true (custom)
2019-08-21 15:25:42,169 [pool-27-thread-1] INFO  server.RaftServerConfigKeys (ConfUtils.java:logGet(43)) - raft.server.log.statemachine.data.sync.timeout.retry = -1 (default)
2019-08-21 15:25:42,169 [pool-49-thread-1] INFO  server.RaftServerConfigKeys (ConfUtils.java:logGet(43)) - raft.server.log.force.sync.num = 128 (default)
2019-08-21 15:25:42,169 [pool-27-thread-1] INFO  server.RaftServerConfigKeys (ConfUtils.java:logGet(43)) - raft.server.log.statemachine.data.caching.enabled = true (custom)
2019-08-21 15:25:42,169 [pool-93-thread-1] INFO  segmented.SegmentedRaftLogWorker (SegmentedRaftLogWorker.java:lambda$new$0(132)) - 20f26f50-31a5-4065-a99c-917b728ca18a-SegmentedRaftLogWorker:Storage Directory /workdir/hadoop-ozone/integration-test/target/test-dir/MiniOzoneClusterImpl-347934cf-c549-4c2f-b9a9-78d2da9c4574/datanode-6/data/ratis/7472164b-5118-4dbd-bc59-8c515fe36c8f: flushIndex: setUnconditionally 0 -> -1
2019-08-21 15:25:42,169 [pool-49-thread-1] INFO  server.RaftServerConfigKeys (ConfUtils.java:logGet(43)) - raft.server.log.statemachine.data.sync = true (default)
2019-08-21 15:25:42,169 [pool-27-thread-1] INFO  segmented.SegmentedRaftLogWorker (SegmentedRaftLogWorker.java:lambda$new$0(132)) - a382de20-91b6-4175-90f3-7f10d3274d35-SegmentedRaftLogWorker:Storage Directory /workdir/hadoop-ozone/integration-test/target/test-dir/MiniOzoneClusterImpl-347934cf-c549-4c2f-b9a9-78d2da9c4574/datanode-0/data/ratis/7472164b-5118-4dbd-bc59-8c515fe36c8f: flushIndex: setUnconditionally 0 -> -1
2019-08-21 15:25:42,169 [pool-49-thread-1] INFO  server.RaftServerConfigKeys (ConfUtils.java:logGet(43)) - raft.server.log.statemachine.data.sync.timeout = 10s (default)
2019-08-21 15:25:42,169 [pool-93-thread-1] INFO  server.RaftServerConfigKeys (ConfUtils.java:logGet(43)) - raft.server.snapshot.auto.trigger.enabled = true (custom)
2019-08-21 15:25:42,170 [pool-27-thread-1] INFO  server.RaftServerConfigKeys (ConfUtils.java:logGet(43)) - raft.server.snapshot.auto.trigger.enabled = true (custom)
2019-08-21 15:25:42,170 [pool-49-thread-1] INFO  server.RaftServerConfigKeys (ConfUtils.java:logGet(43)) - raft.server.log.statemachine.data.sync.timeout.retry = -1 (default)
2019-08-21 15:25:42,170 [pool-27-thread-1] INFO  server.RaftServerConfigKeys (ConfUtils.java:logGet(43)) - raft.server.snapshot.auto.trigger.threshold = 10000 (custom)
2019-08-21 15:25:42,170 [pool-49-thread-1] INFO  server.RaftServerConfigKeys (ConfUtils.java:logGet(43)) - raft.server.log.statemachine.data.caching.enabled = true (custom)
2019-08-21 15:25:42,170 [pool-27-thread-1] INFO  server.RaftServerConfigKeys (ConfUtils.java:logGet(43)) - raft.server.retrycache.expirytime = 600000ms (custom)
2019-08-21 15:25:42,170 [pool-93-thread-1] INFO  server.RaftServerConfigKeys (ConfUtils.java:logGet(43)) - raft.server.snapshot.auto.trigger.threshold = 10000 (custom)
2019-08-21 15:25:42,170 [pool-27-thread-1] INFO  impl.RaftServerImpl (RaftServerImpl.java:start(180)) - a382de20-91b6-4175-90f3-7f10d3274d35: start group-8C515FE36C8F
2019-08-21 15:25:42,170 [pool-49-thread-1] INFO  segmented.SegmentedRaftLogWorker (SegmentedRaftLogWorker.java:lambda$new$0(132)) - 1aacd0c4-76a7-48b7-8ae6-c1c768db399a-SegmentedRaftLogWorker:Storage Directory /workdir/hadoop-ozone/integration-test/target/test-dir/MiniOzoneClusterImpl-347934cf-c549-4c2f-b9a9-78d2da9c4574/datanode-2/data/ratis/7472164b-5118-4dbd-bc59-8c515fe36c8f: flushIndex: setUnconditionally 0 -> -1
2019-08-21 15:25:42,170 [pool-93-thread-1] INFO  server.RaftServerConfigKeys (ConfUtils.java:logGet(43)) - raft.server.retrycache.expirytime = 600000ms (custom)
2019-08-21 15:25:42,170 [pool-27-thread-1] INFO  impl.RaftServerImpl (RaftServerImpl.java:setRole(171)) - a382de20-91b6-4175-90f3-7f10d3274d35:group-8C515FE36C8F changes role from null to FOLLOWER at term 0 for startAsFollower
2019-08-21 15:25:42,171 [pool-49-thread-1] INFO  server.RaftServerConfigKeys (ConfUtils.java:logGet(43)) - raft.server.snapshot.auto.trigger.enabled = true (custom)
2019-08-21 15:25:42,171 [pool-93-thread-1] INFO  impl.RaftServerImpl (RaftServerImpl.java:start(180)) - 20f26f50-31a5-4065-a99c-917b728ca18a: start group-8C515FE36C8F
2019-08-21 15:25:42,171 [pool-27-thread-1] INFO  impl.RoleInfo (RoleInfo.java:updateAndGet(143)) - a382de20-91b6-4175-90f3-7f10d3274d35: start FollowerState
2019-08-21 15:25:42,171 [pool-93-thread-1] INFO  impl.RaftServerImpl (RaftServerImpl.java:setRole(171)) - 20f26f50-31a5-4065-a99c-917b728ca18a:group-8C515FE36C8F changes role from null to FOLLOWER at term 0 for startAsFollower
2019-08-21 15:25:42,171 [pool-49-thread-1] INFO  server.RaftServerConfigKeys (ConfUtils.java:logGet(43)) - raft.server.snapshot.auto.trigger.threshold = 10000 (custom)
2019-08-21 15:25:42,171 [pool-27-thread-1] INFO  util.JmxRegister (JmxRegister.java:tryRegister(44)) - Successfully registered JMX Bean with object name Ratis:service=RaftServer,group=group-8C515FE36C8F,id=a382de20-91b6-4175-90f3-7f10d3274d35
2019-08-21 15:25:42,171 [pool-49-thread-1] INFO  server.RaftServerConfigKeys (ConfUtils.java:logGet(43)) - raft.server.retrycache.expirytime = 600000ms (custom)
2019-08-21 15:25:42,171 [pool-93-thread-1] INFO  impl.RoleInfo (RoleInfo.java:updateAndGet(143)) - 20f26f50-31a5-4065-a99c-917b728ca18a: start FollowerState
2019-08-21 15:25:42,172 [pool-49-thread-1] INFO  impl.RaftServerImpl (RaftServerImpl.java:start(180)) - 1aacd0c4-76a7-48b7-8ae6-c1c768db399a: start group-8C515FE36C8F
2019-08-21 15:25:42,172 [pool-49-thread-1] INFO  impl.RaftServerImpl (RaftServerImpl.java:setRole(171)) - 1aacd0c4-76a7-48b7-8ae6-c1c768db399a:group-8C515FE36C8F changes role from null to FOLLOWER at term 0 for startAsFollower
2019-08-21 15:25:42,172 [pool-49-thread-1] INFO  impl.RoleInfo (RoleInfo.java:updateAndGet(143)) - 1aacd0c4-76a7-48b7-8ae6-c1c768db399a: start FollowerState
2019-08-21 15:25:42,172 [pool-49-thread-1] INFO  util.JmxRegister (JmxRegister.java:tryRegister(44)) - Successfully registered JMX Bean with object name Ratis:service=RaftServer,group=group-8C515FE36C8F,id=1aacd0c4-76a7-48b7-8ae6-c1c768db399a
2019-08-21 15:25:42,172 [pool-93-thread-1] INFO  util.JmxRegister (JmxRegister.java:tryRegister(44)) - Successfully registered JMX Bean with object name Ratis:service=RaftServer,group=group-8C515FE36C8F,id=20f26f50-31a5-4065-a99c-917b728ca18a
2019-08-21 15:25:42,188 [RatisPipelineUtilsThread] INFO  pipeline.PipelineStateManager (PipelineStateManager.java:addPipeline(56)) - Created pipeline Pipeline[ Id: 7472164b-5118-4dbd-bc59-8c515fe36c8f, Nodes: a382de20-91b6-4175-90f3-7f10d3274d35{ip: 192.168.69.66, host: pr-hdds-2000-fmv89-2959555139, networkLocation: /default-rack, certSerialId: null}20f26f50-31a5-4065-a99c-917b728ca18a{ip: 192.168.69.66, host: pr-hdds-2000-fmv89-2959555139, networkLocation: /default-rack, certSerialId: null}1aacd0c4-76a7-48b7-8ae6-c1c768db399a{ip: 192.168.69.66, host: pr-hdds-2000-fmv89-2959555139, networkLocation: /default-rack, certSerialId: null}, Type:RATIS, Factor:THREE, State:OPEN]
2019-08-21 15:25:42,212 [grpc-default-executor-1] INFO  impl.RaftServerProxy (RaftServerProxy.java:addNew(89)) - 7cd51e96-9e9a-4fa6-9923-5d34258d4f7e: addNew group-707094CE100D:[7cd51e96-9e9a-4fa6-9923-5d34258d4f7e:192.168.69.66:42148, 365de576-2a66-45d6-9e61-a070dcb6ef76:192.168.69.66:34536, 0fd88f8c-6b3d-41ef-987e-b97c2c0b5243:192.168.69.66:36687] returns group-707094CE100D:java.util.concurrent.CompletableFuture@20eaf19b[Not completed]
2019-08-21 15:25:42,212 [grpc-default-executor-0] INFO  impl.RaftServerProxy (RaftServerProxy.java:addNew(89)) - 0fd88f8c-6b3d-41ef-987e-b97c2c0b5243: addNew group-707094CE100D:[7cd51e96-9e9a-4fa6-9923-5d34258d4f7e:192.168.69.66:42148, 365de576-2a66-45d6-9e61-a070dcb6ef76:192.168.69.66:34536, 0fd88f8c-6b3d-41ef-987e-b97c2c0b5243:192.168.69.66:36687] returns group-707094CE100D:java.util.concurrent.CompletableFuture@f4365a8[Not completed]
2019-08-21 15:25:42,213 [grpc-default-executor-2] INFO  impl.RaftServerProxy (RaftServerProxy.java:addNew(89)) - 365de576-2a66-45d6-9e61-a070dcb6ef76: addNew group-707094CE100D:[7cd51e96-9e9a-4fa6-9923-5d34258d4f7e:192.168.69.66:42148, 365de576-2a66-45d6-9e61-a070dcb6ef76:192.168.69.66:34536, 0fd88f8c-6b3d-41ef-987e-b97c2c0b5243:192.168.69.66:36687] returns group-707094CE100D:java.util.concurrent.CompletableFuture@402dc6b9[Not completed]
2019-08-21 15:25:42,215 [pool-82-thread-1] INFO  impl.RaftServerImpl (RaftServerImpl.java:<init>(93)) - 7cd51e96-9e9a-4fa6-9923-5d34258d4f7e: new RaftServerImpl for group-707094CE100D:[7cd51e96-9e9a-4fa6-9923-5d34258d4f7e:192.168.69.66:42148, 365de576-2a66-45d6-9e61-a070dcb6ef76:192.168.69.66:34536, 0fd88f8c-6b3d-41ef-987e-b97c2c0b5243:192.168.69.66:36687] with ContainerStateMachine:uninitialized
2019-08-21 15:25:42,216 [pool-82-thread-1] INFO  server.RaftServerConfigKeys (ConfUtils.java:logGet(43)) - raft.server.rpc.timeout.min = 5s (custom)
2019-08-21 15:25:42,216 [pool-82-thread-1] INFO  server.RaftServerConfigKeys (ConfUtils.java:logGet(43)) - raft.server.rpc.timeout.max = 5200ms (custom)
2019-08-21 15:25:42,216 [pool-82-thread-1] INFO  server.RaftServerConfigKeys (ConfUtils.java:logGet(43)) - raft.server.rpcslowness.timeout = 120s (custom)
2019-08-21 15:25:42,216 [pool-82-thread-1] INFO  server.RaftServerConfigKeys (ConfUtils.java:logGet(43)) - raft.server.sleep.deviation.threshold = 300 (default)
2019-08-21 15:25:42,216 [pool-38-thread-1] INFO  impl.RaftServerImpl (RaftServerImpl.java:<init>(93)) - 365de576-2a66-45d6-9e61-a070dcb6ef76: new RaftServerImpl for group-707094CE100D:[7cd51e96-9e9a-4fa6-9923-5d34258d4f7e:192.168.69.66:42148, 365de576-2a66-45d6-9e61-a070dcb6ef76:192.168.69.66:34536, 0fd88f8c-6b3d-41ef-987e-b97c2c0b5243:192.168.69.66:36687] with ContainerStateMachine:uninitialized
2019-08-21 15:25:42,216 [pool-82-thread-1] INFO  server.RaftServerConfigKeys (ConfUtils.java:logGet(43)) - raft.server.log.appender.install.snapshot.enabled = false (custom)
2019-08-21 15:25:42,216 [pool-38-thread-1] INFO  server.RaftServerConfigKeys (ConfUtils.java:logGet(43)) - raft.server.rpc.timeout.min = 5s (custom)
2019-08-21 15:25:42,217 [pool-82-thread-1] INFO  impl.RaftServerImpl (ServerState.java:<init>(105)) - 7cd51e96-9e9a-4fa6-9923-5d34258d4f7e:group-707094CE100D ConfigurationManager, init=-1: [7cd51e96-9e9a-4fa6-9923-5d34258d4f7e:192.168.69.66:42148, 365de576-2a66-45d6-9e61-a070dcb6ef76:192.168.69.66:34536, 0fd88f8c-6b3d-41ef-987e-b97c2c0b5243:192.168.69.66:36687], old=null, confs=<EMPTY_MAP>
2019-08-21 15:25:42,217 [pool-38-thread-1] INFO  server.RaftServerConfigKeys (ConfUtils.java:logGet(43)) - raft.server.rpc.timeout.max = 5200ms (custom)
2019-08-21 15:25:42,217 [pool-82-thread-1] INFO  server.RaftServerConfigKeys (ConfUtils.java:logGet(43)) - raft.server.storage.dir = [/workdir/hadoop-ozone/integration-test/target/test-dir/MiniOzoneClusterImpl-347934cf-c549-4c2f-b9a9-78d2da9c4574/datanode-5/data/ratis] (custom)
2019-08-21 15:25:42,217 [pool-71-thread-1] INFO  impl.RaftServerImpl (RaftServerImpl.java:<init>(93)) - 0fd88f8c-6b3d-41ef-987e-b97c2c0b5243: new RaftServerImpl for group-707094CE100D:[7cd51e96-9e9a-4fa6-9923-5d34258d4f7e:192.168.69.66:42148, 365de576-2a66-45d6-9e61-a070dcb6ef76:192.168.69.66:34536, 0fd88f8c-6b3d-41ef-987e-b97c2c0b5243:192.168.69.66:36687] with ContainerStateMachine:uninitialized
2019-08-21 15:25:42,217 [pool-38-thread-1] INFO  server.RaftServerConfigKeys (ConfUtils.java:logGet(43)) - raft.server.rpcslowness.timeout = 120s (custom)
2019-08-21 15:25:42,217 [pool-71-thread-1] INFO  server.RaftServerConfigKeys (ConfUtils.java:logGet(43)) - raft.server.rpc.timeout.min = 5s (custom)
2019-08-21 15:25:42,217 [pool-82-thread-1] INFO  storage.RaftStorageDirectory (RaftStorageDirectory.java:analyzeStorage(246)) - The storage directory /workdir/hadoop-ozone/integration-test/target/test-dir/MiniOzoneClusterImpl-347934cf-c549-4c2f-b9a9-78d2da9c4574/datanode-5/data/ratis/3efdfce1-48f1-4c64-a0a7-707094ce100d does not exist. Creating ...
2019-08-21 15:25:42,217 [pool-38-thread-1] INFO  server.RaftServerConfigKeys (ConfUtils.java:logGet(43)) - raft.server.sleep.deviation.threshold = 300 (default)
2019-08-21 15:25:42,218 [pool-71-thread-1] INFO  server.RaftServerConfigKeys (ConfUtils.java:logGet(43)) - raft.server.rpc.timeout.max = 5200ms (custom)
2019-08-21 15:25:42,218 [pool-38-thread-1] INFO  server.RaftServerConfigKeys (ConfUtils.java:logGet(43)) - raft.server.log.appender.install.snapshot.enabled = false (custom)
2019-08-21 15:25:42,218 [pool-71-thread-1] INFO  server.RaftServerConfigKeys (ConfUtils.java:logGet(43)) - raft.server.rpcslowness.timeout = 120s (custom)
2019-08-21 15:25:42,218 [pool-38-thread-1] INFO  impl.RaftServerImpl (ServerState.java:<init>(105)) - 365de576-2a66-45d6-9e61-a070dcb6ef76:group-707094CE100D ConfigurationManager, init=-1: [7cd51e96-9e9a-4fa6-9923-5d34258d4f7e:192.168.69.66:42148, 365de576-2a66-45d6-9e61-a070dcb6ef76:192.168.69.66:34536, 0fd88f8c-6b3d-41ef-987e-b97c2c0b5243:192.168.69.66:36687], old=null, confs=<EMPTY_MAP>
2019-08-21 15:25:42,218 [pool-71-thread-1] INFO  server.RaftServerConfigKeys (ConfUtils.java:logGet(43)) - raft.server.sleep.deviation.threshold = 300 (default)
2019-08-21 15:25:42,218 [pool-71-thread-1] INFO  server.RaftServerConfigKeys (ConfUtils.java:logGet(43)) - raft.server.log.appender.install.snapshot.enabled = false (custom)
2019-08-21 15:25:42,218 [pool-38-thread-1] INFO  server.RaftServerConfigKeys (ConfUtils.java:logGet(43)) - raft.server.storage.dir = [/workdir/hadoop-ozone/integration-test/target/test-dir/MiniOzoneClusterImpl-347934cf-c549-4c2f-b9a9-78d2da9c4574/datanode-1/data/ratis] (custom)
2019-08-21 15:25:42,218 [pool-71-thread-1] INFO  impl.RaftServerImpl (ServerState.java:<init>(105)) - 0fd88f8c-6b3d-41ef-987e-b97c2c0b5243:group-707094CE100D ConfigurationManager, init=-1: [7cd51e96-9e9a-4fa6-9923-5d34258d4f7e:192.168.69.66:42148, 365de576-2a66-45d6-9e61-a070dcb6ef76:192.168.69.66:34536, 0fd88f8c-6b3d-41ef-987e-b97c2c0b5243:192.168.69.66:36687], old=null, confs=<EMPTY_MAP>
2019-08-21 15:25:42,219 [pool-71-thread-1] INFO  server.RaftServerConfigKeys (ConfUtils.java:logGet(43)) - raft.server.storage.dir = [/workdir/hadoop-ozone/integration-test/target/test-dir/MiniOzoneClusterImpl-347934cf-c549-4c2f-b9a9-78d2da9c4574/datanode-4/data/ratis] (custom)
2019-08-21 15:25:42,219 [pool-38-thread-1] INFO  storage.RaftStorageDirectory (RaftStorageDirectory.java:analyzeStorage(246)) - The storage directory /workdir/hadoop-ozone/integration-test/target/test-dir/MiniOzoneClusterImpl-347934cf-c549-4c2f-b9a9-78d2da9c4574/datanode-1/data/ratis/3efdfce1-48f1-4c64-a0a7-707094ce100d does not exist. Creating ...
2019-08-21 15:25:42,219 [pool-71-thread-1] INFO  storage.RaftStorageDirectory (RaftStorageDirectory.java:analyzeStorage(246)) - The storage directory /workdir/hadoop-ozone/integration-test/target/test-dir/MiniOzoneClusterImpl-347934cf-c549-4c2f-b9a9-78d2da9c4574/datanode-4/data/ratis/3efdfce1-48f1-4c64-a0a7-707094ce100d does not exist. Creating ...
2019-08-21 15:25:42,229 [main] INFO  ozone.MiniOzoneClusterImpl (MiniOzoneClusterImpl.java:lambda$waitForClusterToBeReady$0(142)) - Cluster is ready. Got 7 of 7 DN Heartbeats.
2019-08-21 15:25:42,231 [pool-71-thread-1] INFO  storage.RaftStorageDirectory (RaftStorageDirectory.java:tryLock(328)) - Lock on /workdir/hadoop-ozone/integration-test/target/test-dir/MiniOzoneClusterImpl-347934cf-c549-4c2f-b9a9-78d2da9c4574/datanode-4/data/ratis/3efdfce1-48f1-4c64-a0a7-707094ce100d/in_use.lock acquired by nodename 31461@pr-hdds-2000-fmv89-2959555139
2019-08-21 15:25:42,231 [pool-82-thread-1] INFO  storage.RaftStorageDirectory (RaftStorageDirectory.java:tryLock(328)) - Lock on /workdir/hadoop-ozone/integration-test/target/test-dir/MiniOzoneClusterImpl-347934cf-c549-4c2f-b9a9-78d2da9c4574/datanode-5/data/ratis/3efdfce1-48f1-4c64-a0a7-707094ce100d/in_use.lock acquired by nodename 31461@pr-hdds-2000-fmv89-2959555139
2019-08-21 15:25:42,231 [pool-38-thread-1] INFO  storage.RaftStorageDirectory (RaftStorageDirectory.java:tryLock(328)) - Lock on /workdir/hadoop-ozone/integration-test/target/test-dir/MiniOzoneClusterImpl-347934cf-c549-4c2f-b9a9-78d2da9c4574/datanode-1/data/ratis/3efdfce1-48f1-4c64-a0a7-707094ce100d/in_use.lock acquired by nodename 31461@pr-hdds-2000-fmv89-2959555139
2019-08-21 15:25:42,250 [pool-71-thread-1] INFO  storage.RaftStorage (RaftStorage.java:format(72)) - Storage directory /workdir/hadoop-ozone/integration-test/target/test-dir/MiniOzoneClusterImpl-347934cf-c549-4c2f-b9a9-78d2da9c4574/datanode-4/data/ratis/3efdfce1-48f1-4c64-a0a7-707094ce100d has been successfully formatted.
2019-08-21 15:25:42,250 [pool-38-thread-1] INFO  storage.RaftStorage (RaftStorage.java:format(72)) - Storage directory /workdir/hadoop-ozone/integration-test/target/test-dir/MiniOzoneClusterImpl-347934cf-c549-4c2f-b9a9-78d2da9c4574/datanode-1/data/ratis/3efdfce1-48f1-4c64-a0a7-707094ce100d has been successfully formatted.
2019-08-21 15:25:42,250 [pool-82-thread-1] INFO  storage.RaftStorage (RaftStorage.java:format(72)) - Storage directory /workdir/hadoop-ozone/integration-test/target/test-dir/MiniOzoneClusterImpl-347934cf-c549-4c2f-b9a9-78d2da9c4574/datanode-5/data/ratis/3efdfce1-48f1-4c64-a0a7-707094ce100d has been successfully formatted.
2019-08-21 15:25:42,250 [pool-71-thread-1] INFO  ratis.ContainerStateMachine (ContainerStateMachine.java:loadSnapshot(226)) - group-707094CE100D: The snapshot info is null. Setting the last applied indexto:(t:0, i:~)
2019-08-21 15:25:42,251 [pool-38-thread-1] INFO  ratis.ContainerStateMachine (ContainerStateMachine.java:loadSnapshot(226)) - group-707094CE100D: The snapshot info is null. Setting the last applied indexto:(t:0, i:~)
2019-08-21 15:25:42,251 [pool-71-thread-1] INFO  server.RaftServerConfigKeys (ConfUtils.java:logGet(43)) - raft.server.leader.election.timeout = 120s (custom)
2019-08-21 15:25:42,251 [pool-82-thread-1] INFO  ratis.ContainerStateMachine (ContainerStateMachine.java:loadSnapshot(226)) - group-707094CE100D: The snapshot info is null. Setting the last applied indexto:(t:0, i:~)
2019-08-21 15:25:42,251 [pool-71-thread-1] INFO  server.RaftServerConfigKeys (ConfUtils.java:logGet(43)) - raft.server.log.use.memory = false (default)
2019-08-21 15:25:42,251 [pool-38-thread-1] INFO  server.RaftServerConfigKeys (ConfUtils.java:logGet(43)) - raft.server.leader.election.timeout = 120s (custom)
2019-08-21 15:25:42,251 [pool-71-thread-1] INFO  server.RaftServerConfigKeys (ConfUtils.java:logGet(43)) - raft.server.log.purge.gap = 1000000 (custom)
2019-08-21 15:25:42,251 [pool-82-thread-1] INFO  server.RaftServerConfigKeys (ConfUtils.java:logGet(43)) - raft.server.leader.election.timeout = 120s (custom)
2019-08-21 15:25:42,252 [pool-71-thread-1] INFO  server.RaftServerConfigKeys (ConfUtils.java:logGet(43)) - raft.server.log.appender.buffer.byte-limit = 33554432 (custom)
2019-08-21 15:25:42,252 [pool-38-thread-1] INFO  server.RaftServerConfigKeys (ConfUtils.java:logGet(43)) - raft.server.log.use.memory = false (default)
2019-08-21 15:25:42,252 [pool-71-thread-1] INFO  server.RaftServerConfigKeys (ConfUtils.java:logGet(43)) - raft.server.log.segment.size.max = 1048576 (custom)
2019-08-21 15:25:42,252 [pool-82-thread-1] INFO  server.RaftServerConfigKeys (ConfUtils.java:logGet(43)) - raft.server.log.use.memory = false (default)
2019-08-21 15:25:42,252 [pool-71-thread-1] INFO  server.RaftServerConfigKeys (ConfUtils.java:logGet(43)) - raft.server.log.segment.cache.num.max = 2 (custom)
2019-08-21 15:25:42,252 [pool-38-thread-1] INFO  server.RaftServerConfigKeys (ConfUtils.java:logGet(43)) - raft.server.log.purge.gap = 1000000 (custom)
2019-08-21 15:25:42,252 [pool-71-thread-1] INFO  segmented.SegmentedRaftLogWorker (SegmentedRaftLogWorker.java:<init>(172)) - new 0fd88f8c-6b3d-41ef-987e-b97c2c0b5243-SegmentedRaftLogWorker:Storage Directory /workdir/hadoop-ozone/integration-test/target/test-dir/MiniOzoneClusterImpl-347934cf-c549-4c2f-b9a9-78d2da9c4574/datanode-4/data/ratis/3efdfce1-48f1-4c64-a0a7-707094ce100d for RaftStorage:Storage Directory /workdir/hadoop-ozone/integration-test/target/test-dir/MiniOzoneClusterImpl-347934cf-c549-4c2f-b9a9-78d2da9c4574/datanode-4/data/ratis/3efdfce1-48f1-4c64-a0a7-707094ce100d
2019-08-21 15:25:42,252 [pool-82-thread-1] INFO  server.RaftServerConfigKeys (ConfUtils.java:logGet(43)) - raft.server.log.purge.gap = 1000000 (custom)
2019-08-21 15:25:42,253 [pool-71-thread-1] INFO  server.RaftServerConfigKeys (ConfUtils.java:logGet(43)) - raft.server.log.queue.byte-limit = 2147483647 (custom)
2019-08-21 15:25:42,253 [pool-38-thread-1] INFO  server.RaftServerConfigKeys (ConfUtils.java:logGet(43)) - raft.server.log.appender.buffer.byte-limit = 33554432 (custom)
2019-08-21 15:25:42,257 [pool-71-thread-1] INFO  server.RaftServerConfigKeys (ConfUtils.java:logGet(43)) - raft.server.log.queue.element-limit = 1024 (custom)
2019-08-21 15:25:42,253 [pool-82-thread-1] INFO  server.RaftServerConfigKeys (ConfUtils.java:logGet(43)) - raft.server.log.appender.buffer.byte-limit = 33554432 (custom)
2019-08-21 15:25:42,257 [pool-71-thread-1] INFO  server.RaftServerConfigKeys (ConfUtils.java:logGet(43)) - raft.server.log.segment.size.max = 1048576 (custom)
2019-08-21 15:25:42,257 [pool-38-thread-1] INFO  server.RaftServerConfigKeys (ConfUtils.java:logGet(43)) - raft.server.log.segment.size.max = 1048576 (custom)
2019-08-21 15:25:42,257 [pool-71-thread-1] INFO  server.RaftServerConfigKeys (ConfUtils.java:logGet(43)) - raft.server.log.preallocated.size = 16384 (custom)
2019-08-21 15:25:42,257 [pool-82-thread-1] INFO  server.RaftServerConfigKeys (ConfUtils.java:logGet(43)) - raft.server.log.segment.size.max = 1048576 (custom)
2019-08-21 15:25:42,258 [pool-71-thread-1] INFO  server.RaftServerConfigKeys (ConfUtils.java:logGet(43)) - raft.server.log.write.buffer.size = 33554432 (custom)
2019-08-21 15:25:42,258 [pool-38-thread-1] INFO  server.RaftServerConfigKeys (ConfUtils.java:logGet(43)) - raft.server.log.segment.cache.num.max = 2 (custom)
2019-08-21 15:25:42,258 [pool-71-thread-1] INFO  server.RaftServerConfigKeys (ConfUtils.java:logGet(43)) - raft.server.log.force.sync.num = 128 (default)
2019-08-21 15:25:42,258 [pool-71-thread-1] INFO  server.RaftServerConfigKeys (ConfUtils.java:logGet(43)) - raft.server.log.statemachine.data.sync = true (default)
2019-08-21 15:25:42,258 [pool-82-thread-1] INFO  server.RaftServerConfigKeys (ConfUtils.java:logGet(43)) - raft.server.log.segment.cache.num.max = 2 (custom)
2019-08-21 15:25:42,258 [pool-71-thread-1] INFO  server.RaftServerConfigKeys (ConfUtils.java:logGet(43)) - raft.server.log.statemachine.data.sync.timeout = 10s (default)
2019-08-21 15:25:42,258 [pool-38-thread-1] INFO  segmented.SegmentedRaftLogWorker (SegmentedRaftLogWorker.java:<init>(172)) - new 365de576-2a66-45d6-9e61-a070dcb6ef76-SegmentedRaftLogWorker:Storage Directory /workdir/hadoop-ozone/integration-test/target/test-dir/MiniOzoneClusterImpl-347934cf-c549-4c2f-b9a9-78d2da9c4574/datanode-1/data/ratis/3efdfce1-48f1-4c64-a0a7-707094ce100d for RaftStorage:Storage Directory /workdir/hadoop-ozone/integration-test/target/test-dir/MiniOzoneClusterImpl-347934cf-c549-4c2f-b9a9-78d2da9c4574/datanode-1/data/ratis/3efdfce1-48f1-4c64-a0a7-707094ce100d
2019-08-21 15:25:42,259 [pool-71-thread-1] INFO  server.RaftServerConfigKeys (ConfUtils.java:logGet(43)) - raft.server.log.statemachine.data.sync.timeout.retry = -1 (default)
2019-08-21 15:25:42,259 [pool-82-thread-1] INFO  segmented.SegmentedRaftLogWorker (SegmentedRaftLogWorker.java:<init>(172)) - new 7cd51e96-9e9a-4fa6-9923-5d34258d4f7e-SegmentedRaftLogWorker:Storage Directory /workdir/hadoop-ozone/integration-test/target/test-dir/MiniOzoneClusterImpl-347934cf-c549-4c2f-b9a9-78d2da9c4574/datanode-5/data/ratis/3efdfce1-48f1-4c64-a0a7-707094ce100d for RaftStorage:Storage Directory /workdir/hadoop-ozone/integration-test/target/test-dir/MiniOzoneClusterImpl-347934cf-c549-4c2f-b9a9-78d2da9c4574/datanode-5/data/ratis/3efdfce1-48f1-4c64-a0a7-707094ce100d
2019-08-21 15:25:42,261 [pool-71-thread-1] INFO  server.RaftServerConfigKeys (ConfUtils.java:logGet(43)) - raft.server.log.statemachine.data.caching.enabled = true (custom)
2019-08-21 15:25:42,259 [pool-38-thread-1] INFO  server.RaftServerConfigKeys (ConfUtils.java:logGet(43)) - raft.server.log.queue.byte-limit = 2147483647 (custom)
2019-08-21 15:25:42,266 [pool-71-thread-1] INFO  segmented.SegmentedRaftLogWorker (SegmentedRaftLogWorker.java:lambda$new$0(132)) - 0fd88f8c-6b3d-41ef-987e-b97c2c0b5243-SegmentedRaftLogWorker:Storage Directory /workdir/hadoop-ozone/integration-test/target/test-dir/MiniOzoneClusterImpl-347934cf-c549-4c2f-b9a9-78d2da9c4574/datanode-4/data/ratis/3efdfce1-48f1-4c64-a0a7-707094ce100d: flushIndex: setUnconditionally 0 -> -1
2019-08-21 15:25:42,266 [pool-38-thread-1] INFO  server.RaftServerConfigKeys (ConfUtils.java:logGet(43)) - raft.server.log.queue.element-limit = 1024 (custom)
2019-08-21 15:25:42,265 [pool-82-thread-1] INFO  server.RaftServerConfigKeys (ConfUtils.java:logGet(43)) - raft.server.log.queue.byte-limit = 2147483647 (custom)
2019-08-21 15:25:42,266 [pool-38-thread-1] INFO  server.RaftServerConfigKeys (ConfUtils.java:logGet(43)) - raft.server.log.segment.size.max = 1048576 (custom)
2019-08-21 15:25:42,266 [pool-71-thread-1] INFO  server.RaftServerConfigKeys (ConfUtils.java:logGet(43)) - raft.server.snapshot.auto.trigger.enabled = true (custom)
2019-08-21 15:25:42,267 [pool-38-thread-1] INFO  server.RaftServerConfigKeys (ConfUtils.java:logGet(43)) - raft.server.log.preallocated.size = 16384 (custom)
2019-08-21 15:25:42,267 [pool-82-thread-1] INFO  server.RaftServerConfigKeys (ConfUtils.java:logGet(43)) - raft.server.log.queue.element-limit = 1024 (custom)
2019-08-21 15:25:42,267 [pool-38-thread-1] INFO  server.RaftServerConfigKeys (ConfUtils.java:logGet(43)) - raft.server.log.write.buffer.size = 33554432 (custom)
2019-08-21 15:25:42,267 [pool-71-thread-1] INFO  server.RaftServerConfigKeys (ConfUtils.java:logGet(43)) - raft.server.snapshot.auto.trigger.threshold = 10000 (custom)
2019-08-21 15:25:42,267 [pool-38-thread-1] INFO  server.RaftServerConfigKeys (ConfUtils.java:logGet(43)) - raft.server.log.force.sync.num = 128 (default)
2019-08-21 15:25:42,267 [pool-82-thread-1] INFO  server.RaftServerConfigKeys (ConfUtils.java:logGet(43)) - raft.server.log.segment.size.max = 1048576 (custom)
2019-08-21 15:25:42,268 [pool-38-thread-1] INFO  server.RaftServerConfigKeys (ConfUtils.java:logGet(43)) - raft.server.log.statemachine.data.sync = true (default)
2019-08-21 15:25:42,267 [pool-71-thread-1] INFO  server.RaftServerConfigKeys (ConfUtils.java:logGet(43)) - raft.server.retrycache.expirytime = 600000ms (custom)
2019-08-21 15:25:42,268 [pool-38-thread-1] INFO  server.RaftServerConfigKeys (ConfUtils.java:logGet(43)) - raft.server.log.statemachine.data.sync.timeout = 10s (default)
2019-08-21 15:25:42,268 [pool-82-thread-1] INFO  server.RaftServerConfigKeys (ConfUtils.java:logGet(43)) - raft.server.log.preallocated.size = 16384 (custom)
2019-08-21 15:25:42,268 [pool-38-thread-1] INFO  server.RaftServerConfigKeys (ConfUtils.java:logGet(43)) - raft.server.log.statemachine.data.sync.timeout.retry = -1 (default)
2019-08-21 15:25:42,268 [pool-71-thread-1] INFO  impl.RaftServerImpl (RaftServerImpl.java:start(180)) - 0fd88f8c-6b3d-41ef-987e-b97c2c0b5243: start group-707094CE100D
2019-08-21 15:25:42,268 [pool-82-thread-1] INFO  server.RaftServerConfigKeys (ConfUtils.java:logGet(43)) - raft.server.log.write.buffer.size = 33554432 (custom)
2019-08-21 15:25:42,269 [pool-38-thread-1] INFO  server.RaftServerConfigKeys (ConfUtils.java:logGet(43)) - raft.server.log.statemachine.data.caching.enabled = true (custom)
2019-08-21 15:25:42,269 [pool-71-thread-1] INFO  impl.RaftServerImpl (RaftServerImpl.java:setRole(171)) - 0fd88f8c-6b3d-41ef-987e-b97c2c0b5243:group-707094CE100D changes role from null to FOLLOWER at term 0 for startAsFollower
2019-08-21 15:25:42,269 [pool-82-thread-1] INFO  server.RaftServerConfigKeys (ConfUtils.java:logGet(43)) - raft.server.log.force.sync.num = 128 (default)
2019-08-21 15:25:42,269 [pool-71-thread-1] INFO  impl.RoleInfo (RoleInfo.java:updateAndGet(143)) - 0fd88f8c-6b3d-41ef-987e-b97c2c0b5243: start FollowerState
2019-08-21 15:25:42,269 [pool-38-thread-1] INFO  segmented.SegmentedRaftLogWorker (SegmentedRaftLogWorker.java:lambda$new$0(132)) - 365de576-2a66-45d6-9e61-a070dcb6ef76-SegmentedRaftLogWorker:Storage Directory /workdir/hadoop-ozone/integration-test/target/test-dir/MiniOzoneClusterImpl-347934cf-c549-4c2f-b9a9-78d2da9c4574/datanode-1/data/ratis/3efdfce1-48f1-4c64-a0a7-707094ce100d: flushIndex: setUnconditionally 0 -> -1
2019-08-21 15:25:42,269 [pool-82-thread-1] INFO  server.RaftServerConfigKeys (ConfUtils.java:logGet(43)) - raft.server.log.statemachine.data.sync = true (default)
2019-08-21 15:25:42,270 [pool-71-thread-1] INFO  util.JmxRegister (JmxRegister.java:tryRegister(44)) - Successfully registered JMX Bean with object name Ratis:service=RaftServer,group=group-707094CE100D,id=0fd88f8c-6b3d-41ef-987e-b97c2c0b5243
2019-08-21 15:25:42,270 [pool-38-thread-1] INFO  server.RaftServerConfigKeys (ConfUtils.java:logGet(43)) - raft.server.snapshot.auto.trigger.enabled = true (custom)
2019-08-21 15:25:42,270 [pool-82-thread-1] INFO  server.RaftServerConfigKeys (ConfUtils.java:logGet(43)) - raft.server.log.statemachine.data.sync.timeout = 10s (default)
2019-08-21 15:25:42,270 [pool-38-thread-1] INFO  server.RaftServerConfigKeys (ConfUtils.java:logGet(43)) - raft.server.snapshot.auto.trigger.threshold = 10000 (custom)
2019-08-21 15:25:42,270 [pool-82-thread-1] INFO  server.RaftServerConfigKeys (ConfUtils.java:logGet(43)) - raft.server.log.statemachine.data.sync.timeout.retry = -1 (default)
2019-08-21 15:25:42,271 [pool-38-thread-1] INFO  server.RaftServerConfigKeys (ConfUtils.java:logGet(43)) - raft.server.retrycache.expirytime = 600000ms (custom)
2019-08-21 15:25:42,271 [pool-82-thread-1] INFO  server.RaftServerConfigKeys (ConfUtils.java:logGet(43)) - raft.server.log.statemachine.data.caching.enabled = true (custom)
2019-08-21 15:25:42,271 [pool-38-thread-1] INFO  impl.RaftServerImpl (RaftServerImpl.java:start(180)) - 365de576-2a66-45d6-9e61-a070dcb6ef76: start group-707094CE100D
2019-08-21 15:25:42,275 [pool-82-thread-1] INFO  segmented.SegmentedRaftLogWorker (SegmentedRaftLogWorker.java:lambda$new$0(132)) - 7cd51e96-9e9a-4fa6-9923-5d34258d4f7e-SegmentedRaftLogWorker:Storage Directory /workdir/hadoop-ozone/integration-test/target/test-dir/MiniOzoneClusterImpl-347934cf-c549-4c2f-b9a9-78d2da9c4574/datanode-5/data/ratis/3efdfce1-48f1-4c64-a0a7-707094ce100d: flushIndex: setUnconditionally 0 -> -1
2019-08-21 15:25:42,277 [pool-38-thread-1] INFO  impl.RaftServerImpl (RaftServerImpl.java:setRole(171)) - 365de576-2a66-45d6-9e61-a070dcb6ef76:group-707094CE100D changes role from null to FOLLOWER at term 0 for startAsFollower
2019-08-21 15:25:42,278 [pool-82-thread-1] INFO  server.RaftServerConfigKeys (ConfUtils.java:logGet(43)) - raft.server.snapshot.auto.trigger.enabled = true (custom)
2019-08-21 15:25:42,280 [pool-82-thread-1] INFO  server.RaftServerConfigKeys (ConfUtils.java:logGet(43)) - raft.server.snapshot.auto.trigger.threshold = 10000 (custom)
2019-08-21 15:25:42,280 [pool-38-thread-1] INFO  impl.RoleInfo (RoleInfo.java:updateAndGet(143)) - 365de576-2a66-45d6-9e61-a070dcb6ef76: start FollowerState
2019-08-21 15:25:42,280 [pool-82-thread-1] INFO  server.RaftServerConfigKeys (ConfUtils.java:logGet(43)) - raft.server.retrycache.expirytime = 600000ms (custom)
2019-08-21 15:25:42,280 [pool-82-thread-1] INFO  impl.RaftServerImpl (RaftServerImpl.java:start(180)) - 7cd51e96-9e9a-4fa6-9923-5d34258d4f7e: start group-707094CE100D
2019-08-21 15:25:42,282 [pool-82-thread-1] INFO  impl.RaftServerImpl (RaftServerImpl.java:setRole(171)) - 7cd51e96-9e9a-4fa6-9923-5d34258d4f7e:group-707094CE100D changes role from null to FOLLOWER at term 0 for startAsFollower
2019-08-21 15:25:42,282 [pool-82-thread-1] INFO  impl.RoleInfo (RoleInfo.java:updateAndGet(143)) - 7cd51e96-9e9a-4fa6-9923-5d34258d4f7e: start FollowerState
2019-08-21 15:25:42,282 [pool-38-thread-1] INFO  util.JmxRegister (JmxRegister.java:tryRegister(44)) - Successfully registered JMX Bean with object name Ratis:service=RaftServer,group=group-707094CE100D,id=365de576-2a66-45d6-9e61-a070dcb6ef76
2019-08-21 15:25:42,284 [pool-82-thread-1] INFO  util.JmxRegister (JmxRegister.java:tryRegister(44)) - Successfully registered JMX Bean with object name Ratis:service=RaftServer,group=group-707094CE100D,id=7cd51e96-9e9a-4fa6-9923-5d34258d4f7e
2019-08-21 15:25:42,302 [RatisPipelineUtilsThread] INFO  pipeline.PipelineStateManager (PipelineStateManager.java:addPipeline(56)) - Created pipeline Pipeline[ Id: 3efdfce1-48f1-4c64-a0a7-707094ce100d, Nodes: 365de576-2a66-45d6-9e61-a070dcb6ef76{ip: 192.168.69.66, host: pr-hdds-2000-fmv89-2959555139, networkLocation: /default-rack, certSerialId: null}7cd51e96-9e9a-4fa6-9923-5d34258d4f7e{ip: 192.168.69.66, host: pr-hdds-2000-fmv89-2959555139, networkLocation: /default-rack, certSerialId: null}0fd88f8c-6b3d-41ef-987e-b97c2c0b5243{ip: 192.168.69.66, host: pr-hdds-2000-fmv89-2959555139, networkLocation: /default-rack, certSerialId: null}, Type:RATIS, Factor:THREE, State:OPEN]
2019-08-21 15:25:42,352 | INFO  | SCMAudit | user=jenkins1000 | ip=192.168.69.66 | op=SEND_HEARTBEAT {datanodeUUID=a382de20-91b6-4175-90f3-7f10d3274d35, command=[]} | ret=SUCCESS |  
2019-08-21 15:25:42,596 [main] INFO  rpc.RpcClient (RpcClient.java:createVolume(292)) - Creating Volume: watchforcommithandlingtest, with jenkins1000 as owner.
2019-08-21 15:25:42,633 | INFO  | OMAudit | user=jenkins1000 | ip=127.0.0.1 | op=CREATE_VOLUME {admin=jenkins1000, owner=jenkins1000, volume=watchforcommithandlingtest, creationTime=1566401142613, quotaInBytes=1152921504606846976} | ret=SUCCESS |  
2019-08-21 15:25:42,633 | INFO  | SCMAudit | user=jenkins1000 | ip=192.168.69.66 | op=SEND_HEARTBEAT {datanodeUUID=365de576-2a66-45d6-9e61-a070dcb6ef76, command=[]} | ret=SUCCESS |  
2019-08-21 15:25:42,652 | INFO  | OMAudit | user=jenkins1000 | ip=127.0.0.1 | op=READ_VOLUME {volume=watchforcommithandlingtest} | ret=SUCCESS |  
2019-08-21 15:25:42,657 [main] INFO  rpc.RpcClient (RpcClient.java:createBucket(431)) - Creating Bucket: watchforcommithandlingtest/watchforcommithandlingtest, with Versioning false and Storage Type set to DISK and Encryption set to false 
2019-08-21 15:25:42,678 | INFO  | OMAudit | user=jenkins1000 | ip=127.0.0.1 | op=CREATE_BUCKET {volume=watchforcommithandlingtest, bucket=watchforcommithandlingtest, acls=[user:jenkins1000:a[ACCESS], group:default:a[ACCESS]], isVersionEnabled=false, storageType=DISK, creationTime=0} | ret=SUCCESS |  
2019-08-21 15:25:42,679 [main] INFO  ozone.MiniOzoneClusterImpl (MiniOzoneClusterImpl.java:getStorageContainerLocationClient(241)) - Creating StorageContainerLocationProtocol RPC client with address /0.0.0.0:40562
2019-08-21 15:25:42,729 [main] INFO  impl.MetricsSystemImpl (MetricsSystemImpl.java:init(158)) - XceiverClientMetrics metrics system started (again)
2019-08-21 15:25:42,828 [grpc-default-executor-0] INFO  client.GrpcClientProtocolClient (GrpcClientProtocolClient.java:onNext(255)) - client-8F68879DA1B4->a382de20-91b6-4175-90f3-7f10d3274d35: receive RaftClientReply:client-8F68879DA1B4->a382de20-91b6-4175-90f3-7f10d3274d35@group-8C515FE36C8F, cid=13, FAILED org.apache.ratis.protocol.NotLeaderException: Server a382de20-91b6-4175-90f3-7f10d3274d35 is not the leader (null). Request must be sent to leader., logIndex=0, commits[a382de20-91b6-4175-90f3-7f10d3274d35:c-1]
2019-08-21 15:25:43,229 | INFO  | SCMAudit | user=jenkins1000 | ip=192.168.69.66 | op=SEND_HEARTBEAT {datanodeUUID=d9b07869-42ab-49cb-b7c3-7a1f30a8fac0, command=[]} | ret=SUCCESS |  
2019-08-21 15:25:43,232 | INFO  | SCMAudit | user=jenkins1000 | ip=192.168.69.66 | op=SEND_HEARTBEAT {datanodeUUID=1aacd0c4-76a7-48b7-8ae6-c1c768db399a, command=[]} | ret=SUCCESS |  
2019-08-21 15:25:43,287 | INFO  | SCMAudit | user=jenkins1000 | ip=192.168.69.66 | op=SEND_HEARTBEAT {datanodeUUID=0fd88f8c-6b3d-41ef-987e-b97c2c0b5243, command=[]} | ret=SUCCESS |  
2019-08-21 15:25:43,342 | INFO  | SCMAudit | user=jenkins1000 | ip=192.168.69.66 | op=SEND_HEARTBEAT {datanodeUUID=a382de20-91b6-4175-90f3-7f10d3274d35, command=[]} | ret=SUCCESS |  
2019-08-21 15:25:43,383 [Thread-237] INFO  container.ReplicationManager (ReplicationManager.java:start(152)) - Starting Replication Monitor Thread.
2019-08-21 15:25:43,390 [ReplicationMonitor] INFO  container.ReplicationManager (ReplicationManager.java:run(215)) - Replication Monitor Thread took 6 milliseconds for processing 1 containers.
2019-08-21 15:25:43,574 | INFO  | SCMAudit | user=jenkins1000 | ip=192.168.69.66 | op=SEND_HEARTBEAT {datanodeUUID=7cd51e96-9e9a-4fa6-9923-5d34258d4f7e, command=[]} | ret=SUCCESS |  
2019-08-21 15:25:43,621 | INFO  | SCMAudit | user=jenkins1000 | ip=192.168.69.66 | op=SEND_HEARTBEAT {datanodeUUID=365de576-2a66-45d6-9e61-a070dcb6ef76, command=[]} | ret=SUCCESS |  
2019-08-21 15:25:43,828 | INFO  | SCMAudit | user=jenkins1000 | ip=192.168.69.66 | op=SEND_HEARTBEAT {datanodeUUID=20f26f50-31a5-4065-a99c-917b728ca18a, command=[]} | ret=SUCCESS |  
2019-08-21 15:25:43,883 [grpc-default-executor-2] INFO  client.GrpcClientProtocolClient (GrpcClientProtocolClient.java:onNext(255)) - client-8F68879DA1B4->20f26f50-31a5-4065-a99c-917b728ca18a: receive RaftClientReply:client-8F68879DA1B4->20f26f50-31a5-4065-a99c-917b728ca18a@group-8C515FE36C8F, cid=13, FAILED org.apache.ratis.protocol.NotLeaderException: Server 20f26f50-31a5-4065-a99c-917b728ca18a is not the leader (null). Request must be sent to leader., logIndex=0, commits[20f26f50-31a5-4065-a99c-917b728ca18a:c-1]
2019-08-21 15:25:44,229 | INFO  | SCMAudit | user=jenkins1000 | ip=192.168.69.66 | op=SEND_HEARTBEAT {datanodeUUID=d9b07869-42ab-49cb-b7c3-7a1f30a8fac0, command=[]} | ret=SUCCESS |  
2019-08-21 15:25:44,232 | INFO  | SCMAudit | user=jenkins1000 | ip=192.168.69.66 | op=SEND_HEARTBEAT {datanodeUUID=1aacd0c4-76a7-48b7-8ae6-c1c768db399a, command=[]} | ret=SUCCESS |  
2019-08-21 15:25:44,275 | INFO  | SCMAudit | user=jenkins1000 | ip=192.168.69.66 | op=SEND_HEARTBEAT {datanodeUUID=0fd88f8c-6b3d-41ef-987e-b97c2c0b5243, command=[]} | ret=SUCCESS |  
2019-08-21 15:25:44,342 | INFO  | SCMAudit | user=jenkins1000 | ip=192.168.69.66 | op=SEND_HEARTBEAT {datanodeUUID=a382de20-91b6-4175-90f3-7f10d3274d35, command=[]} | ret=SUCCESS |  
2019-08-21 15:25:44,574 | INFO  | SCMAudit | user=jenkins1000 | ip=192.168.69.66 | op=SEND_HEARTBEAT {datanodeUUID=7cd51e96-9e9a-4fa6-9923-5d34258d4f7e, command=[]} | ret=SUCCESS |  
2019-08-21 15:25:44,621 | INFO  | SCMAudit | user=jenkins1000 | ip=192.168.69.66 | op=SEND_HEARTBEAT {datanodeUUID=365de576-2a66-45d6-9e61-a070dcb6ef76, command=[]} | ret=SUCCESS |  
2019-08-21 15:25:44,828 | INFO  | SCMAudit | user=jenkins1000 | ip=192.168.69.66 | op=SEND_HEARTBEAT {datanodeUUID=20f26f50-31a5-4065-a99c-917b728ca18a, command=[]} | ret=SUCCESS |  
2019-08-21 15:25:44,909 [grpc-default-executor-0] INFO  client.GrpcClientProtocolClient (GrpcClientProtocolClient.java:onNext(255)) - client-8F68879DA1B4->a382de20-91b6-4175-90f3-7f10d3274d35: receive RaftClientReply:client-8F68879DA1B4->a382de20-91b6-4175-90f3-7f10d3274d35@group-8C515FE36C8F, cid=13, FAILED org.apache.ratis.protocol.NotLeaderException: Server a382de20-91b6-4175-90f3-7f10d3274d35 is not the leader (null). Request must be sent to leader., logIndex=0, commits[a382de20-91b6-4175-90f3-7f10d3274d35:c-1]
2019-08-21 15:25:45,233 | INFO  | SCMAudit | user=jenkins1000 | ip=192.168.69.66 | op=SEND_HEARTBEAT {datanodeUUID=d9b07869-42ab-49cb-b7c3-7a1f30a8fac0, command=[]} | ret=SUCCESS |  
2019-08-21 15:25:45,233 | INFO  | SCMAudit | user=jenkins1000 | ip=192.168.69.66 | op=SEND_HEARTBEAT {datanodeUUID=1aacd0c4-76a7-48b7-8ae6-c1c768db399a, command=[]} | ret=SUCCESS |  
2019-08-21 15:25:45,290 | INFO  | SCMAudit | user=jenkins1000 | ip=192.168.69.66 | op=SEND_HEARTBEAT {datanodeUUID=0fd88f8c-6b3d-41ef-987e-b97c2c0b5243, command=[]} | ret=SUCCESS |  
2019-08-21 15:25:45,340 | INFO  | SCMAudit | user=jenkins1000 | ip=192.168.69.66 | op=SEND_HEARTBEAT {datanodeUUID=a382de20-91b6-4175-90f3-7f10d3274d35, command=[]} | ret=SUCCESS |  
2019-08-21 15:25:45,571 | INFO  | SCMAudit | user=jenkins1000 | ip=192.168.69.66 | op=SEND_HEARTBEAT {datanodeUUID=7cd51e96-9e9a-4fa6-9923-5d34258d4f7e, command=[]} | ret=SUCCESS |  
2019-08-21 15:25:45,619 | INFO  | SCMAudit | user=jenkins1000 | ip=192.168.69.66 | op=SEND_HEARTBEAT {datanodeUUID=365de576-2a66-45d6-9e61-a070dcb6ef76, command=[]} | ret=SUCCESS |  
2019-08-21 15:25:45,827 | INFO  | SCMAudit | user=jenkins1000 | ip=192.168.69.66 | op=SEND_HEARTBEAT {datanodeUUID=20f26f50-31a5-4065-a99c-917b728ca18a, command=[]} | ret=SUCCESS |  
2019-08-21 15:25:45,935 [grpc-default-executor-2] INFO  client.GrpcClientProtocolClient (GrpcClientProtocolClient.java:onNext(255)) - client-8F68879DA1B4->1aacd0c4-76a7-48b7-8ae6-c1c768db399a: receive RaftClientReply:client-8F68879DA1B4->1aacd0c4-76a7-48b7-8ae6-c1c768db399a@group-8C515FE36C8F, cid=13, FAILED org.apache.ratis.protocol.NotLeaderException: Server 1aacd0c4-76a7-48b7-8ae6-c1c768db399a is not the leader (null). Request must be sent to leader., logIndex=0, commits[1aacd0c4-76a7-48b7-8ae6-c1c768db399a:c-1]
2019-08-21 15:25:46,226 | INFO  | SCMAudit | user=jenkins1000 | ip=192.168.69.66 | op=SEND_HEARTBEAT {datanodeUUID=d9b07869-42ab-49cb-b7c3-7a1f30a8fac0, command=[]} | ret=SUCCESS |  
2019-08-21 15:25:46,230 | INFO  | SCMAudit | user=jenkins1000 | ip=192.168.69.66 | op=SEND_HEARTBEAT {datanodeUUID=1aacd0c4-76a7-48b7-8ae6-c1c768db399a, command=[]} | ret=SUCCESS |  
2019-08-21 15:25:46,272 | INFO  | SCMAudit | user=jenkins1000 | ip=192.168.69.66 | op=SEND_HEARTBEAT {datanodeUUID=0fd88f8c-6b3d-41ef-987e-b97c2c0b5243, command=[]} | ret=SUCCESS |  
2019-08-21 15:25:46,340 | INFO  | SCMAudit | user=jenkins1000 | ip=192.168.69.66 | op=SEND_HEARTBEAT {datanodeUUID=a382de20-91b6-4175-90f3-7f10d3274d35, command=[]} | ret=SUCCESS |  
2019-08-21 15:25:46,571 | INFO  | SCMAudit | user=jenkins1000 | ip=192.168.69.66 | op=SEND_HEARTBEAT {datanodeUUID=7cd51e96-9e9a-4fa6-9923-5d34258d4f7e, command=[]} | ret=SUCCESS |  
2019-08-21 15:25:46,618 | INFO  | SCMAudit | user=jenkins1000 | ip=192.168.69.66 | op=SEND_HEARTBEAT {datanodeUUID=365de576-2a66-45d6-9e61-a070dcb6ef76, command=[]} | ret=SUCCESS |  
2019-08-21 15:25:46,679 [Thread-239] INFO  impl.FollowerState (FollowerState.java:run(106)) - a382de20-91b6-4175-90f3-7f10d3274d35:group-5D37C5E07CB6 changes to CANDIDATE, lastRpcTime:5070, electionTimeout:5069ms
2019-08-21 15:25:46,681 [Thread-239] INFO  impl.RoleInfo (RoleInfo.java:shutdownFollowerState(121)) - a382de20-91b6-4175-90f3-7f10d3274d35: shutdown FollowerState
2019-08-21 15:25:46,682 [Thread-239] INFO  impl.RaftServerImpl (RaftServerImpl.java:setRole(171)) - a382de20-91b6-4175-90f3-7f10d3274d35:group-5D37C5E07CB6 changes role from FOLLOWER to CANDIDATE at term 0 for changeToCandidate
2019-08-21 15:25:46,688 [Thread-239] INFO  impl.RoleInfo (RoleInfo.java:updateAndGet(143)) - a382de20-91b6-4175-90f3-7f10d3274d35: start LeaderElection
2019-08-21 15:25:46,710 [a382de20-91b6-4175-90f3-7f10d3274d35:group-5D37C5E07CB6:LeaderElection1] INFO  impl.LeaderElection (LeaderElection.java:askForVotes(181)) - a382de20-91b6-4175-90f3-7f10d3274d35:group-5D37C5E07CB6:LeaderElection1: begin an election at term 1 for -1: [a382de20-91b6-4175-90f3-7f10d3274d35:192.168.69.66:42817], old=null
2019-08-21 15:25:46,714 [a382de20-91b6-4175-90f3-7f10d3274d35:group-5D37C5E07CB6:LeaderElection1] INFO  impl.RoleInfo (RoleInfo.java:shutdownLeaderElection(134)) - a382de20-91b6-4175-90f3-7f10d3274d35: shutdown LeaderElection
2019-08-21 15:25:46,714 [a382de20-91b6-4175-90f3-7f10d3274d35:group-5D37C5E07CB6:LeaderElection1] INFO  impl.RaftServerImpl (RaftServerImpl.java:setRole(171)) - a382de20-91b6-4175-90f3-7f10d3274d35:group-5D37C5E07CB6 changes role from CANDIDATE to LEADER at term 1 for changeToLeader
2019-08-21 15:25:46,715 [a382de20-91b6-4175-90f3-7f10d3274d35:group-5D37C5E07CB6:LeaderElection1] INFO  impl.RaftServerImpl (ServerState.java:setLeader(263)) - a382de20-91b6-4175-90f3-7f10d3274d35:group-5D37C5E07CB6 change Leader from null to a382de20-91b6-4175-90f3-7f10d3274d35 at term 1 for becomeLeader, leader elected after 5194ms
2019-08-21 15:25:46,724 [a382de20-91b6-4175-90f3-7f10d3274d35:group-5D37C5E07CB6:LeaderElection1] INFO  server.RaftServerConfigKeys (ConfUtils.java:logGet(43)) - raft.server.staging.catchup.gap = 1000 (default)
2019-08-21 15:25:46,724 [a382de20-91b6-4175-90f3-7f10d3274d35:group-5D37C5E07CB6:LeaderElection1] INFO  server.RaftServerConfigKeys (ConfUtils.java:logGet(43)) - raft.server.rpc.sleep.time = 25ms (default)
2019-08-21 15:25:46,728 [a382de20-91b6-4175-90f3-7f10d3274d35:group-5D37C5E07CB6:LeaderElection1] INFO  server.RaftServerConfigKeys (ConfUtils.java:logGet(43)) - raft.server.write.element-limit = 4096 (default)
2019-08-21 15:25:46,732 [a382de20-91b6-4175-90f3-7f10d3274d35:group-5D37C5E07CB6:LeaderElection1] INFO  server.RaftServerConfigKeys (ConfUtils.java:logGet(43)) - raft.server.watch.timeout = 10s (default)
2019-08-21 15:25:46,732 [a382de20-91b6-4175-90f3-7f10d3274d35:group-5D37C5E07CB6:LeaderElection1] INFO  server.RaftServerConfigKeys (ConfUtils.java:logGet(43)) - raft.server.watch.timeout.denomination = 1s (default)
2019-08-21 15:25:46,733 [a382de20-91b6-4175-90f3-7f10d3274d35:group-5D37C5E07CB6:LeaderElection1] INFO  server.RaftServerConfigKeys (ConfUtils.java:logGet(43)) - raft.server.watch.element-limit = 65536 (default)
2019-08-21 15:25:46,746 [a382de20-91b6-4175-90f3-7f10d3274d35:group-5D37C5E07CB6:LeaderElection1] INFO  impl.RoleInfo (RoleInfo.java:updateAndGet(143)) - a382de20-91b6-4175-90f3-7f10d3274d35: start LeaderState
2019-08-21 15:25:46,774 [a382de20-91b6-4175-90f3-7f10d3274d35:group-5D37C5E07CB6:LeaderElection1] INFO  segmented.SegmentedRaftLogWorker (SegmentedRaftLogWorker.java:startLogSegment(380)) - a382de20-91b6-4175-90f3-7f10d3274d35-SegmentedRaftLogWorker:Storage Directory /workdir/hadoop-ozone/integration-test/target/test-dir/MiniOzoneClusterImpl-347934cf-c549-4c2f-b9a9-78d2da9c4574/datanode-0/data/ratis/c29be607-01cc-4140-ad8a-5d37c5e07cb6: Starting segment from index:0
2019-08-21 15:25:46,789 [a382de20-91b6-4175-90f3-7f10d3274d35:group-5D37C5E07CB6:LeaderElection1] INFO  impl.RaftServerImpl (ServerState.java:setRaftConf(361)) - a382de20-91b6-4175-90f3-7f10d3274d35:group-5D37C5E07CB6 set configuration 0: [a382de20-91b6-4175-90f3-7f10d3274d35:192.168.69.66:42817], old=null at 0
2019-08-21 15:25:46,827 | INFO  | SCMAudit | user=jenkins1000 | ip=192.168.69.66 | op=SEND_HEARTBEAT {datanodeUUID=20f26f50-31a5-4065-a99c-917b728ca18a, command=[]} | ret=SUCCESS |  
2019-08-21 15:25:46,978 [Thread-248] INFO  impl.FollowerState (FollowerState.java:run(106)) - 20f26f50-31a5-4065-a99c-917b728ca18a:group-86DDBA057EC8 changes to CANDIDATE, lastRpcTime:5087, electionTimeout:5083ms
2019-08-21 15:25:46,980 [Thread-242] INFO  impl.FollowerState (FollowerState.java:run(106)) - 1aacd0c4-76a7-48b7-8ae6-c1c768db399a:group-CEA2FDCDB548 changes to CANDIDATE, lastRpcTime:5210, electionTimeout:5196ms
2019-08-21 15:25:46,980 [Thread-248] INFO  impl.RoleInfo (RoleInfo.java:shutdownFollowerState(121)) - 20f26f50-31a5-4065-a99c-917b728ca18a: shutdown FollowerState
2019-08-21 15:25:46,980 [Thread-242] INFO  impl.RoleInfo (RoleInfo.java:shutdownFollowerState(121)) - 1aacd0c4-76a7-48b7-8ae6-c1c768db399a: shutdown FollowerState
2019-08-21 15:25:46,980 [Thread-248] INFO  impl.RaftServerImpl (RaftServerImpl.java:setRole(171)) - 20f26f50-31a5-4065-a99c-917b728ca18a:group-86DDBA057EC8 changes role from FOLLOWER to CANDIDATE at term 0 for changeToCandidate
2019-08-21 15:25:46,980 [Thread-242] INFO  impl.RaftServerImpl (RaftServerImpl.java:setRole(171)) - 1aacd0c4-76a7-48b7-8ae6-c1c768db399a:group-CEA2FDCDB548 changes role from FOLLOWER to CANDIDATE at term 0 for changeToCandidate
2019-08-21 15:25:46,981 [Thread-248] INFO  impl.RoleInfo (RoleInfo.java:updateAndGet(143)) - 20f26f50-31a5-4065-a99c-917b728ca18a: start LeaderElection
2019-08-21 15:25:46,981 [Thread-242] INFO  impl.RoleInfo (RoleInfo.java:updateAndGet(143)) - 1aacd0c4-76a7-48b7-8ae6-c1c768db399a: start LeaderElection
2019-08-21 15:25:46,990 [grpc-default-executor-0] INFO  client.GrpcClientProtocolClient (GrpcClientProtocolClient.java:onNext(255)) - client-8F68879DA1B4->20f26f50-31a5-4065-a99c-917b728ca18a: receive RaftClientReply:client-8F68879DA1B4->20f26f50-31a5-4065-a99c-917b728ca18a@group-8C515FE36C8F, cid=13, FAILED org.apache.ratis.protocol.NotLeaderException: Server 20f26f50-31a5-4065-a99c-917b728ca18a is not the leader (null). Request must be sent to leader., logIndex=0, commits[20f26f50-31a5-4065-a99c-917b728ca18a:c-1]
2019-08-21 15:25:46,994 [Thread-251] INFO  impl.FollowerState (FollowerState.java:run(106)) - 7cd51e96-9e9a-4fa6-9923-5d34258d4f7e:group-603A3D52B728 changes to CANDIDATE, lastRpcTime:5046, electionTimeout:5044ms
2019-08-21 15:25:46,995 [Thread-251] INFO  impl.RoleInfo (RoleInfo.java:shutdownFollowerState(121)) - 7cd51e96-9e9a-4fa6-9923-5d34258d4f7e: shutdown FollowerState
2019-08-21 15:25:46,998 [Thread-251] INFO  impl.RaftServerImpl (RaftServerImpl.java:setRole(171)) - 7cd51e96-9e9a-4fa6-9923-5d34258d4f7e:group-603A3D52B728 changes role from FOLLOWER to CANDIDATE at term 0 for changeToCandidate
2019-08-21 15:25:46,999 [Thread-251] INFO  impl.RoleInfo (RoleInfo.java:updateAndGet(143)) - 7cd51e96-9e9a-4fa6-9923-5d34258d4f7e: start LeaderElection
2019-08-21 15:25:47,006 [Thread-245] INFO  impl.FollowerState (FollowerState.java:run(106)) - 365de576-2a66-45d6-9e61-a070dcb6ef76:group-E556FD9790FD changes to CANDIDATE, lastRpcTime:5167, electionTimeout:5167ms
2019-08-21 15:25:47,013 [a382de20-91b6-4175-90f3-7f10d3274d35-SegmentedRaftLogWorker:Storage Directory /workdir/hadoop-ozone/integration-test/target/test-dir/MiniOzoneClusterImpl-347934cf-c549-4c2f-b9a9-78d2da9c4574/datanode-0/data/ratis/c29be607-01cc-4140-ad8a-5d37c5e07cb6] INFO  segmented.SegmentedRaftLogWorker (SegmentedRaftLogWorker.java:execute(569)) - a382de20-91b6-4175-90f3-7f10d3274d35-SegmentedRaftLogWorker:Storage Directory /workdir/hadoop-ozone/integration-test/target/test-dir/MiniOzoneClusterImpl-347934cf-c549-4c2f-b9a9-78d2da9c4574/datanode-0/data/ratis/c29be607-01cc-4140-ad8a-5d37c5e07cb6: created new log segment /workdir/hadoop-ozone/integration-test/target/test-dir/MiniOzoneClusterImpl-347934cf-c549-4c2f-b9a9-78d2da9c4574/datanode-0/data/ratis/c29be607-01cc-4140-ad8a-5d37c5e07cb6/current/log_inprogress_0
2019-08-21 15:25:47,015 [20f26f50-31a5-4065-a99c-917b728ca18a:group-86DDBA057EC8:LeaderElection2] INFO  impl.LeaderElection (LeaderElection.java:askForVotes(181)) - 20f26f50-31a5-4065-a99c-917b728ca18a:group-86DDBA057EC8:LeaderElection2: begin an election at term 1 for -1: [20f26f50-31a5-4065-a99c-917b728ca18a:192.168.69.66:40152], old=null
2019-08-21 15:25:47,013 [1aacd0c4-76a7-48b7-8ae6-c1c768db399a:group-CEA2FDCDB548:LeaderElection3] INFO  impl.LeaderElection (LeaderElection.java:askForVotes(181)) - 1aacd0c4-76a7-48b7-8ae6-c1c768db399a:group-CEA2FDCDB548:LeaderElection3: begin an election at term 1 for -1: [1aacd0c4-76a7-48b7-8ae6-c1c768db399a:192.168.69.66:43791], old=null
2019-08-21 15:25:47,015 [Thread-245] INFO  impl.RoleInfo (RoleInfo.java:shutdownFollowerState(121)) - 365de576-2a66-45d6-9e61-a070dcb6ef76: shutdown FollowerState
2019-08-21 15:25:47,017 [20f26f50-31a5-4065-a99c-917b728ca18a:group-86DDBA057EC8:LeaderElection2] INFO  impl.RoleInfo (RoleInfo.java:shutdownLeaderElection(134)) - 20f26f50-31a5-4065-a99c-917b728ca18a: shutdown LeaderElection
2019-08-21 15:25:47,017 [1aacd0c4-76a7-48b7-8ae6-c1c768db399a:group-CEA2FDCDB548:LeaderElection3] INFO  impl.RoleInfo (RoleInfo.java:shutdownLeaderElection(134)) - 1aacd0c4-76a7-48b7-8ae6-c1c768db399a: shutdown LeaderElection
2019-08-21 15:25:47,017 [20f26f50-31a5-4065-a99c-917b728ca18a:group-86DDBA057EC8:LeaderElection2] INFO  impl.RaftServerImpl (RaftServerImpl.java:setRole(171)) - 20f26f50-31a5-4065-a99c-917b728ca18a:group-86DDBA057EC8 changes role from CANDIDATE to LEADER at term 1 for changeToLeader
2019-08-21 15:25:47,017 [Thread-245] INFO  impl.RaftServerImpl (RaftServerImpl.java:setRole(171)) - 365de576-2a66-45d6-9e61-a070dcb6ef76:group-E556FD9790FD changes role from FOLLOWER to CANDIDATE at term 0 for changeToCandidate
2019-08-21 15:25:47,017 [20f26f50-31a5-4065-a99c-917b728ca18a:group-86DDBA057EC8:LeaderElection2] INFO  impl.RaftServerImpl (ServerState.java:setLeader(263)) - 20f26f50-31a5-4065-a99c-917b728ca18a:group-86DDBA057EC8 change Leader from null to 20f26f50-31a5-4065-a99c-917b728ca18a at term 1 for becomeLeader, leader elected after 5131ms
2019-08-21 15:25:47,017 [1aacd0c4-76a7-48b7-8ae6-c1c768db399a:group-CEA2FDCDB548:LeaderElection3] INFO  impl.RaftServerImpl (RaftServerImpl.java:setRole(171)) - 1aacd0c4-76a7-48b7-8ae6-c1c768db399a:group-CEA2FDCDB548 changes role from CANDIDATE to LEADER at term 1 for changeToLeader
2019-08-21 15:25:47,018 [Thread-245] INFO  impl.RoleInfo (RoleInfo.java:updateAndGet(143)) - 365de576-2a66-45d6-9e61-a070dcb6ef76: start LeaderElection
2019-08-21 15:25:47,020 [1aacd0c4-76a7-48b7-8ae6-c1c768db399a:group-CEA2FDCDB548:LeaderElection3] INFO  impl.RaftServerImpl (ServerState.java:setLeader(263)) - 1aacd0c4-76a7-48b7-8ae6-c1c768db399a:group-CEA2FDCDB548 change Leader from null to 1aacd0c4-76a7-48b7-8ae6-c1c768db399a at term 1 for becomeLeader, leader elected after 5256ms
2019-08-21 15:25:47,020 [20f26f50-31a5-4065-a99c-917b728ca18a:group-86DDBA057EC8:LeaderElection2] INFO  server.RaftServerConfigKeys (ConfUtils.java:logGet(43)) - raft.server.staging.catchup.gap = 1000 (default)
2019-08-21 15:25:47,024 [1aacd0c4-76a7-48b7-8ae6-c1c768db399a:group-CEA2FDCDB548:LeaderElection3] INFO  server.RaftServerConfigKeys (ConfUtils.java:logGet(43)) - raft.server.staging.catchup.gap = 1000 (default)
2019-08-21 15:25:47,024 [20f26f50-31a5-4065-a99c-917b728ca18a:group-86DDBA057EC8:LeaderElection2] INFO  server.RaftServerConfigKeys (ConfUtils.java:logGet(43)) - raft.server.rpc.sleep.time = 25ms (default)
2019-08-21 15:25:47,026 [1aacd0c4-76a7-48b7-8ae6-c1c768db399a:group-CEA2FDCDB548:LeaderElection3] INFO  server.RaftServerConfigKeys (ConfUtils.java:logGet(43)) - raft.server.rpc.sleep.time = 25ms (default)
2019-08-21 15:25:47,026 [20f26f50-31a5-4065-a99c-917b728ca18a:group-86DDBA057EC8:LeaderElection2] INFO  server.RaftServerConfigKeys (ConfUtils.java:logGet(43)) - raft.server.write.element-limit = 4096 (default)
2019-08-21 15:25:47,026 [1aacd0c4-76a7-48b7-8ae6-c1c768db399a:group-CEA2FDCDB548:LeaderElection3] INFO  server.RaftServerConfigKeys (ConfUtils.java:logGet(43)) - raft.server.write.element-limit = 4096 (default)
2019-08-21 15:25:47,026 [20f26f50-31a5-4065-a99c-917b728ca18a:group-86DDBA057EC8:LeaderElection2] INFO  server.RaftServerConfigKeys (ConfUtils.java:logGet(43)) - raft.server.watch.timeout = 10s (default)
2019-08-21 15:25:47,027 [1aacd0c4-76a7-48b7-8ae6-c1c768db399a:group-CEA2FDCDB548:LeaderElection3] INFO  server.RaftServerConfigKeys (ConfUtils.java:logGet(43)) - raft.server.watch.timeout = 10s (default)
2019-08-21 15:25:47,027 [20f26f50-31a5-4065-a99c-917b728ca18a:group-86DDBA057EC8:LeaderElection2] INFO  server.RaftServerConfigKeys (ConfUtils.java:logGet(43)) - raft.server.watch.timeout.denomination = 1s (default)
2019-08-21 15:25:47,027 [1aacd0c4-76a7-48b7-8ae6-c1c768db399a:group-CEA2FDCDB548:LeaderElection3] INFO  server.RaftServerConfigKeys (ConfUtils.java:logGet(43)) - raft.server.watch.timeout.denomination = 1s (default)
2019-08-21 15:25:47,027 [20f26f50-31a5-4065-a99c-917b728ca18a:group-86DDBA057EC8:LeaderElection2] INFO  server.RaftServerConfigKeys (ConfUtils.java:logGet(43)) - raft.server.watch.element-limit = 65536 (default)
2019-08-21 15:25:47,027 [1aacd0c4-76a7-48b7-8ae6-c1c768db399a:group-CEA2FDCDB548:LeaderElection3] INFO  server.RaftServerConfigKeys (ConfUtils.java:logGet(43)) - raft.server.watch.element-limit = 65536 (default)
2019-08-21 15:25:47,027 [20f26f50-31a5-4065-a99c-917b728ca18a:group-86DDBA057EC8:LeaderElection2] INFO  impl.RoleInfo (RoleInfo.java:updateAndGet(143)) - 20f26f50-31a5-4065-a99c-917b728ca18a: start LeaderState
2019-08-21 15:25:47,028 [7cd51e96-9e9a-4fa6-9923-5d34258d4f7e:group-603A3D52B728:LeaderElection4] INFO  impl.LeaderElection (LeaderElection.java:askForVotes(181)) - 7cd51e96-9e9a-4fa6-9923-5d34258d4f7e:group-603A3D52B728:LeaderElection4: begin an election at term 1 for -1: [7cd51e96-9e9a-4fa6-9923-5d34258d4f7e:192.168.69.66:42148], old=null
2019-08-21 15:25:47,028 [1aacd0c4-76a7-48b7-8ae6-c1c768db399a:group-CEA2FDCDB548:LeaderElection3] INFO  impl.RoleInfo (RoleInfo.java:updateAndGet(143)) - 1aacd0c4-76a7-48b7-8ae6-c1c768db399a: start LeaderState
2019-08-21 15:25:47,028 [20f26f50-31a5-4065-a99c-917b728ca18a:group-86DDBA057EC8:LeaderElection2] INFO  segmented.SegmentedRaftLogWorker (SegmentedRaftLogWorker.java:startLogSegment(380)) - 20f26f50-31a5-4065-a99c-917b728ca18a-SegmentedRaftLogWorker:Storage Directory /workdir/hadoop-ozone/integration-test/target/test-dir/MiniOzoneClusterImpl-347934cf-c549-4c2f-b9a9-78d2da9c4574/datanode-6/data/ratis/5f19d398-44dd-4c66-8693-86ddba057ec8: Starting segment from index:0
2019-08-21 15:25:47,028 [1aacd0c4-76a7-48b7-8ae6-c1c768db399a:group-CEA2FDCDB548:LeaderElection3] INFO  segmented.SegmentedRaftLogWorker (SegmentedRaftLogWorker.java:startLogSegment(380)) - 1aacd0c4-76a7-48b7-8ae6-c1c768db399a-SegmentedRaftLogWorker:Storage Directory /workdir/hadoop-ozone/integration-test/target/test-dir/MiniOzoneClusterImpl-347934cf-c549-4c2f-b9a9-78d2da9c4574/datanode-2/data/ratis/3aaf1ad4-3f41-44ae-a69d-cea2fdcdb548: Starting segment from index:0
2019-08-21 15:25:47,028 [7cd51e96-9e9a-4fa6-9923-5d34258d4f7e:group-603A3D52B728:LeaderElection4] INFO  impl.RoleInfo (RoleInfo.java:shutdownLeaderElection(134)) - 7cd51e96-9e9a-4fa6-9923-5d34258d4f7e: shutdown LeaderElection
2019-08-21 15:25:47,028 [7cd51e96-9e9a-4fa6-9923-5d34258d4f7e:group-603A3D52B728:LeaderElection4] INFO  impl.RaftServerImpl (RaftServerImpl.java:setRole(171)) - 7cd51e96-9e9a-4fa6-9923-5d34258d4f7e:group-603A3D52B728 changes role from CANDIDATE to LEADER at term 1 for changeToLeader
2019-08-21 15:25:47,028 [7cd51e96-9e9a-4fa6-9923-5d34258d4f7e:group-603A3D52B728:LeaderElection4] INFO  impl.RaftServerImpl (ServerState.java:setLeader(263)) - 7cd51e96-9e9a-4fa6-9923-5d34258d4f7e:group-603A3D52B728 change Leader from null to 7cd51e96-9e9a-4fa6-9923-5d34258d4f7e at term 1 for becomeLeader, leader elected after 5083ms
2019-08-21 15:25:47,029 [20f26f50-31a5-4065-a99c-917b728ca18a:group-86DDBA057EC8:LeaderElection2] INFO  impl.RaftServerImpl (ServerState.java:setRaftConf(361)) - 20f26f50-31a5-4065-a99c-917b728ca18a:group-86DDBA057EC8 set configuration 0: [20f26f50-31a5-4065-a99c-917b728ca18a:192.168.69.66:40152], old=null at 0
2019-08-21 15:25:47,030 [7cd51e96-9e9a-4fa6-9923-5d34258d4f7e:group-603A3D52B728:LeaderElection4] INFO  server.RaftServerConfigKeys (ConfUtils.java:logGet(43)) - raft.server.staging.catchup.gap = 1000 (default)
2019-08-21 15:25:47,030 [1aacd0c4-76a7-48b7-8ae6-c1c768db399a:group-CEA2FDCDB548:LeaderElection3] INFO  impl.RaftServerImpl (ServerState.java:setRaftConf(361)) - 1aacd0c4-76a7-48b7-8ae6-c1c768db399a:group-CEA2FDCDB548 set configuration 0: [1aacd0c4-76a7-48b7-8ae6-c1c768db399a:192.168.69.66:43791], old=null at 0
2019-08-21 15:25:47,063 [365de576-2a66-45d6-9e61-a070dcb6ef76:group-E556FD9790FD:LeaderElection5] INFO  impl.LeaderElection (LeaderElection.java:askForVotes(181)) - 365de576-2a66-45d6-9e61-a070dcb6ef76:group-E556FD9790FD:LeaderElection5: begin an election at term 1 for -1: [365de576-2a66-45d6-9e61-a070dcb6ef76:192.168.69.66:34536], old=null
2019-08-21 15:25:47,063 [7cd51e96-9e9a-4fa6-9923-5d34258d4f7e:group-603A3D52B728:LeaderElection4] INFO  server.RaftServerConfigKeys (ConfUtils.java:logGet(43)) - raft.server.rpc.sleep.time = 25ms (default)
2019-08-21 15:25:47,065 [365de576-2a66-45d6-9e61-a070dcb6ef76:group-E556FD9790FD:LeaderElection5] INFO  impl.RoleInfo (RoleInfo.java:shutdownLeaderElection(134)) - 365de576-2a66-45d6-9e61-a070dcb6ef76: shutdown LeaderElection
2019-08-21 15:25:47,066 [365de576-2a66-45d6-9e61-a070dcb6ef76:group-E556FD9790FD:LeaderElection5] INFO  impl.RaftServerImpl (RaftServerImpl.java:setRole(171)) - 365de576-2a66-45d6-9e61-a070dcb6ef76:group-E556FD9790FD changes role from CANDIDATE to LEADER at term 1 for changeToLeader
2019-08-21 15:25:47,066 [7cd51e96-9e9a-4fa6-9923-5d34258d4f7e:group-603A3D52B728:LeaderElection4] INFO  server.RaftServerConfigKeys (ConfUtils.java:logGet(43)) - raft.server.write.element-limit = 4096 (default)
2019-08-21 15:25:47,066 [365de576-2a66-45d6-9e61-a070dcb6ef76:group-E556FD9790FD:LeaderElection5] INFO  impl.RaftServerImpl (ServerState.java:setLeader(263)) - 365de576-2a66-45d6-9e61-a070dcb6ef76:group-E556FD9790FD change Leader from null to 365de576-2a66-45d6-9e61-a070dcb6ef76 at term 1 for becomeLeader, leader elected after 5231ms
2019-08-21 15:25:47,066 [7cd51e96-9e9a-4fa6-9923-5d34258d4f7e:group-603A3D52B728:LeaderElection4] INFO  server.RaftServerConfigKeys (ConfUtils.java:logGet(43)) - raft.server.watch.timeout = 10s (default)
2019-08-21 15:25:47,068 [365de576-2a66-45d6-9e61-a070dcb6ef76:group-E556FD9790FD:LeaderElection5] INFO  server.RaftServerConfigKeys (ConfUtils.java:logGet(43)) - raft.server.staging.catchup.gap = 1000 (default)
2019-08-21 15:25:47,068 [7cd51e96-9e9a-4fa6-9923-5d34258d4f7e:group-603A3D52B728:LeaderElection4] INFO  server.RaftServerConfigKeys (ConfUtils.java:logGet(43)) - raft.server.watch.timeout.denomination = 1s (default)
2019-08-21 15:25:47,068 [365de576-2a66-45d6-9e61-a070dcb6ef76:group-E556FD9790FD:LeaderElection5] INFO  server.RaftServerConfigKeys (ConfUtils.java:logGet(43)) - raft.server.rpc.sleep.time = 25ms (default)
2019-08-21 15:25:47,068 [7cd51e96-9e9a-4fa6-9923-5d34258d4f7e:group-603A3D52B728:LeaderElection4] INFO  server.RaftServerConfigKeys (ConfUtils.java:logGet(43)) - raft.server.watch.element-limit = 65536 (default)
2019-08-21 15:25:47,069 [365de576-2a66-45d6-9e61-a070dcb6ef76:group-E556FD9790FD:LeaderElection5] INFO  server.RaftServerConfigKeys (ConfUtils.java:logGet(43)) - raft.server.write.element-limit = 4096 (default)
2019-08-21 15:25:47,069 [365de576-2a66-45d6-9e61-a070dcb6ef76:group-E556FD9790FD:LeaderElection5] INFO  server.RaftServerConfigKeys (ConfUtils.java:logGet(43)) - raft.server.watch.timeout = 10s (default)
2019-08-21 15:25:47,069 [365de576-2a66-45d6-9e61-a070dcb6ef76:group-E556FD9790FD:LeaderElection5] INFO  server.RaftServerConfigKeys (ConfUtils.java:logGet(43)) - raft.server.watch.timeout.denomination = 1s (default)
2019-08-21 15:25:47,069 [7cd51e96-9e9a-4fa6-9923-5d34258d4f7e:group-603A3D52B728:LeaderElection4] INFO  impl.RoleInfo (RoleInfo.java:updateAndGet(143)) - 7cd51e96-9e9a-4fa6-9923-5d34258d4f7e: start LeaderState
2019-08-21 15:25:47,069 [365de576-2a66-45d6-9e61-a070dcb6ef76:group-E556FD9790FD:LeaderElection5] INFO  server.RaftServerConfigKeys (ConfUtils.java:logGet(43)) - raft.server.watch.element-limit = 65536 (default)
2019-08-21 15:25:47,070 [365de576-2a66-45d6-9e61-a070dcb6ef76:group-E556FD9790FD:LeaderElection5] INFO  impl.RoleInfo (RoleInfo.java:updateAndGet(143)) - 365de576-2a66-45d6-9e61-a070dcb6ef76: start LeaderState
2019-08-21 15:25:47,070 [7cd51e96-9e9a-4fa6-9923-5d34258d4f7e:group-603A3D52B728:LeaderElection4] INFO  segmented.SegmentedRaftLogWorker (SegmentedRaftLogWorker.java:startLogSegment(380)) - 7cd51e96-9e9a-4fa6-9923-5d34258d4f7e-SegmentedRaftLogWorker:Storage Directory /workdir/hadoop-ozone/integration-test/target/test-dir/MiniOzoneClusterImpl-347934cf-c549-4c2f-b9a9-78d2da9c4574/datanode-5/data/ratis/d98bf8f3-b5d4-4ac0-87da-603a3d52b728: Starting segment from index:0
2019-08-21 15:25:47,070 [365de576-2a66-45d6-9e61-a070dcb6ef76:group-E556FD9790FD:LeaderElection5] INFO  segmented.SegmentedRaftLogWorker (SegmentedRaftLogWorker.java:startLogSegment(380)) - 365de576-2a66-45d6-9e61-a070dcb6ef76-SegmentedRaftLogWorker:Storage Directory /workdir/hadoop-ozone/integration-test/target/test-dir/MiniOzoneClusterImpl-347934cf-c549-4c2f-b9a9-78d2da9c4574/datanode-1/data/ratis/c5c66a46-d4b0-4cf4-8ab1-e556fd9790fd: Starting segment from index:0
2019-08-21 15:25:47,071 [365de576-2a66-45d6-9e61-a070dcb6ef76:group-E556FD9790FD:LeaderElection5] INFO  impl.RaftServerImpl (ServerState.java:setRaftConf(361)) - 365de576-2a66-45d6-9e61-a070dcb6ef76:group-E556FD9790FD set configuration 0: [365de576-2a66-45d6-9e61-a070dcb6ef76:192.168.69.66:34536], old=null at 0
2019-08-21 15:25:47,103 [Thread-254] INFO  impl.FollowerState (FollowerState.java:run(106)) - 0fd88f8c-6b3d-41ef-987e-b97c2c0b5243:group-E4876D0F99D7 changes to CANDIDATE, lastRpcTime:5088, electionTimeout:5062ms
2019-08-21 15:25:47,104 [7cd51e96-9e9a-4fa6-9923-5d34258d4f7e:group-603A3D52B728:LeaderElection4] INFO  impl.RaftServerImpl (ServerState.java:setRaftConf(361)) - 7cd51e96-9e9a-4fa6-9923-5d34258d4f7e:group-603A3D52B728 set configuration 0: [7cd51e96-9e9a-4fa6-9923-5d34258d4f7e:192.168.69.66:42148], old=null at 0
2019-08-21 15:25:47,104 [Thread-254] INFO  impl.RoleInfo (RoleInfo.java:shutdownFollowerState(121)) - 0fd88f8c-6b3d-41ef-987e-b97c2c0b5243: shutdown FollowerState
2019-08-21 15:25:47,104 [20f26f50-31a5-4065-a99c-917b728ca18a-SegmentedRaftLogWorker:Storage Directory /workdir/hadoop-ozone/integration-test/target/test-dir/MiniOzoneClusterImpl-347934cf-c549-4c2f-b9a9-78d2da9c4574/datanode-6/data/ratis/5f19d398-44dd-4c66-8693-86ddba057ec8] INFO  segmented.SegmentedRaftLogWorker (SegmentedRaftLogWorker.java:execute(569)) - 20f26f50-31a5-4065-a99c-917b728ca18a-SegmentedRaftLogWorker:Storage Directory /workdir/hadoop-ozone/integration-test/target/test-dir/MiniOzoneClusterImpl-347934cf-c549-4c2f-b9a9-78d2da9c4574/datanode-6/data/ratis/5f19d398-44dd-4c66-8693-86ddba057ec8: created new log segment /workdir/hadoop-ozone/integration-test/target/test-dir/MiniOzoneClusterImpl-347934cf-c549-4c2f-b9a9-78d2da9c4574/datanode-6/data/ratis/5f19d398-44dd-4c66-8693-86ddba057ec8/current/log_inprogress_0
2019-08-21 15:25:47,103 [1aacd0c4-76a7-48b7-8ae6-c1c768db399a-SegmentedRaftLogWorker:Storage Directory /workdir/hadoop-ozone/integration-test/target/test-dir/MiniOzoneClusterImpl-347934cf-c549-4c2f-b9a9-78d2da9c4574/datanode-2/data/ratis/3aaf1ad4-3f41-44ae-a69d-cea2fdcdb548] INFO  segmented.SegmentedRaftLogWorker (SegmentedRaftLogWorker.java:execute(569)) - 1aacd0c4-76a7-48b7-8ae6-c1c768db399a-SegmentedRaftLogWorker:Storage Directory /workdir/hadoop-ozone/integration-test/target/test-dir/MiniOzoneClusterImpl-347934cf-c549-4c2f-b9a9-78d2da9c4574/datanode-2/data/ratis/3aaf1ad4-3f41-44ae-a69d-cea2fdcdb548: created new log segment /workdir/hadoop-ozone/integration-test/target/test-dir/MiniOzoneClusterImpl-347934cf-c549-4c2f-b9a9-78d2da9c4574/datanode-2/data/ratis/3aaf1ad4-3f41-44ae-a69d-cea2fdcdb548/current/log_inprogress_0
2019-08-21 15:25:47,106 [Thread-254] INFO  impl.RaftServerImpl (RaftServerImpl.java:setRole(171)) - 0fd88f8c-6b3d-41ef-987e-b97c2c0b5243:group-E4876D0F99D7 changes role from FOLLOWER to CANDIDATE at term 0 for changeToCandidate
2019-08-21 15:25:47,108 [Thread-254] INFO  impl.RoleInfo (RoleInfo.java:updateAndGet(143)) - 0fd88f8c-6b3d-41ef-987e-b97c2c0b5243: start LeaderElection
2019-08-21 15:25:47,117 [365de576-2a66-45d6-9e61-a070dcb6ef76-SegmentedRaftLogWorker:Storage Directory /workdir/hadoop-ozone/integration-test/target/test-dir/MiniOzoneClusterImpl-347934cf-c549-4c2f-b9a9-78d2da9c4574/datanode-1/data/ratis/c5c66a46-d4b0-4cf4-8ab1-e556fd9790fd] INFO  segmented.SegmentedRaftLogWorker (SegmentedRaftLogWorker.java:execute(569)) - 365de576-2a66-45d6-9e61-a070dcb6ef76-SegmentedRaftLogWorker:Storage Directory /workdir/hadoop-ozone/integration-test/target/test-dir/MiniOzoneClusterImpl-347934cf-c549-4c2f-b9a9-78d2da9c4574/datanode-1/data/ratis/c5c66a46-d4b0-4cf4-8ab1-e556fd9790fd: created new log segment /workdir/hadoop-ozone/integration-test/target/test-dir/MiniOzoneClusterImpl-347934cf-c549-4c2f-b9a9-78d2da9c4574/datanode-1/data/ratis/c5c66a46-d4b0-4cf4-8ab1-e556fd9790fd/current/log_inprogress_0
2019-08-21 15:25:47,118 [7cd51e96-9e9a-4fa6-9923-5d34258d4f7e-SegmentedRaftLogWorker:Storage Directory /workdir/hadoop-ozone/integration-test/target/test-dir/MiniOzoneClusterImpl-347934cf-c549-4c2f-b9a9-78d2da9c4574/datanode-5/data/ratis/d98bf8f3-b5d4-4ac0-87da-603a3d52b728] INFO  segmented.SegmentedRaftLogWorker (SegmentedRaftLogWorker.java:execute(569)) - 7cd51e96-9e9a-4fa6-9923-5d34258d4f7e-SegmentedRaftLogWorker:Storage Directory /workdir/hadoop-ozone/integration-test/target/test-dir/MiniOzoneClusterImpl-347934cf-c549-4c2f-b9a9-78d2da9c4574/datanode-5/data/ratis/d98bf8f3-b5d4-4ac0-87da-603a3d52b728: created new log segment /workdir/hadoop-ozone/integration-test/target/test-dir/MiniOzoneClusterImpl-347934cf-c549-4c2f-b9a9-78d2da9c4574/datanode-5/data/ratis/d98bf8f3-b5d4-4ac0-87da-603a3d52b728/current/log_inprogress_0
2019-08-21 15:25:47,118 [0fd88f8c-6b3d-41ef-987e-b97c2c0b5243:group-E4876D0F99D7:LeaderElection6] INFO  impl.LeaderElection (LeaderElection.java:askForVotes(181)) - 0fd88f8c-6b3d-41ef-987e-b97c2c0b5243:group-E4876D0F99D7:LeaderElection6: begin an election at term 1 for -1: [0fd88f8c-6b3d-41ef-987e-b97c2c0b5243:192.168.69.66:36687], old=null
2019-08-21 15:25:47,121 [0fd88f8c-6b3d-41ef-987e-b97c2c0b5243:group-E4876D0F99D7:LeaderElection6] INFO  impl.RoleInfo (RoleInfo.java:shutdownLeaderElection(134)) - 0fd88f8c-6b3d-41ef-987e-b97c2c0b5243: shutdown LeaderElection
2019-08-21 15:25:47,121 [0fd88f8c-6b3d-41ef-987e-b97c2c0b5243:group-E4876D0F99D7:LeaderElection6] INFO  impl.RaftServerImpl (RaftServerImpl.java:setRole(171)) - 0fd88f8c-6b3d-41ef-987e-b97c2c0b5243:group-E4876D0F99D7 changes role from CANDIDATE to LEADER at term 1 for changeToLeader
2019-08-21 15:25:47,121 [0fd88f8c-6b3d-41ef-987e-b97c2c0b5243:group-E4876D0F99D7:LeaderElection6] INFO  impl.RaftServerImpl (ServerState.java:setLeader(263)) - 0fd88f8c-6b3d-41ef-987e-b97c2c0b5243:group-E4876D0F99D7 change Leader from null to 0fd88f8c-6b3d-41ef-987e-b97c2c0b5243 at term 1 for becomeLeader, leader elected after 5111ms
2019-08-21 15:25:47,123 [0fd88f8c-6b3d-41ef-987e-b97c2c0b5243:group-E4876D0F99D7:LeaderElection6] INFO  server.RaftServerConfigKeys (ConfUtils.java:logGet(43)) - raft.server.staging.catchup.gap = 1000 (default)
2019-08-21 15:25:47,123 [0fd88f8c-6b3d-41ef-987e-b97c2c0b5243:group-E4876D0F99D7:LeaderElection6] INFO  server.RaftServerConfigKeys (ConfUtils.java:logGet(43)) - raft.server.rpc.sleep.time = 25ms (default)
2019-08-21 15:25:47,123 [0fd88f8c-6b3d-41ef-987e-b97c2c0b5243:group-E4876D0F99D7:LeaderElection6] INFO  server.RaftServerConfigKeys (ConfUtils.java:logGet(43)) - raft.server.write.element-limit = 4096 (default)
2019-08-21 15:25:47,124 [0fd88f8c-6b3d-41ef-987e-b97c2c0b5243:group-E4876D0F99D7:LeaderElection6] INFO  server.RaftServerConfigKeys (ConfUtils.java:logGet(43)) - raft.server.watch.timeout = 10s (default)
2019-08-21 15:25:47,124 [0fd88f8c-6b3d-41ef-987e-b97c2c0b5243:group-E4876D0F99D7:LeaderElection6] INFO  server.RaftServerConfigKeys (ConfUtils.java:logGet(43)) - raft.server.watch.timeout.denomination = 1s (default)
2019-08-21 15:25:47,124 [0fd88f8c-6b3d-41ef-987e-b97c2c0b5243:group-E4876D0F99D7:LeaderElection6] INFO  server.RaftServerConfigKeys (ConfUtils.java:logGet(43)) - raft.server.watch.element-limit = 65536 (default)
2019-08-21 15:25:47,124 [0fd88f8c-6b3d-41ef-987e-b97c2c0b5243:group-E4876D0F99D7:LeaderElection6] INFO  impl.RoleInfo (RoleInfo.java:updateAndGet(143)) - 0fd88f8c-6b3d-41ef-987e-b97c2c0b5243: start LeaderState
2019-08-21 15:25:47,124 [0fd88f8c-6b3d-41ef-987e-b97c2c0b5243:group-E4876D0F99D7:LeaderElection6] INFO  segmented.SegmentedRaftLogWorker (SegmentedRaftLogWorker.java:startLogSegment(380)) - 0fd88f8c-6b3d-41ef-987e-b97c2c0b5243-SegmentedRaftLogWorker:Storage Directory /workdir/hadoop-ozone/integration-test/target/test-dir/MiniOzoneClusterImpl-347934cf-c549-4c2f-b9a9-78d2da9c4574/datanode-4/data/ratis/a27c94d8-6203-4917-acca-e4876d0f99d7: Starting segment from index:0
2019-08-21 15:25:47,125 [0fd88f8c-6b3d-41ef-987e-b97c2c0b5243:group-E4876D0F99D7:LeaderElection6] INFO  impl.RaftServerImpl (ServerState.java:setRaftConf(361)) - 0fd88f8c-6b3d-41ef-987e-b97c2c0b5243:group-E4876D0F99D7 set configuration 0: [0fd88f8c-6b3d-41ef-987e-b97c2c0b5243:192.168.69.66:36687], old=null at 0
2019-08-21 15:25:47,165 [0fd88f8c-6b3d-41ef-987e-b97c2c0b5243-SegmentedRaftLogWorker:Storage Directory /workdir/hadoop-ozone/integration-test/target/test-dir/MiniOzoneClusterImpl-347934cf-c549-4c2f-b9a9-78d2da9c4574/datanode-4/data/ratis/a27c94d8-6203-4917-acca-e4876d0f99d7] INFO  segmented.SegmentedRaftLogWorker (SegmentedRaftLogWorker.java:execute(569)) - 0fd88f8c-6b3d-41ef-987e-b97c2c0b5243-SegmentedRaftLogWorker:Storage Directory /workdir/hadoop-ozone/integration-test/target/test-dir/MiniOzoneClusterImpl-347934cf-c549-4c2f-b9a9-78d2da9c4574/datanode-4/data/ratis/a27c94d8-6203-4917-acca-e4876d0f99d7: created new log segment /workdir/hadoop-ozone/integration-test/target/test-dir/MiniOzoneClusterImpl-347934cf-c549-4c2f-b9a9-78d2da9c4574/datanode-4/data/ratis/a27c94d8-6203-4917-acca-e4876d0f99d7/current/log_inprogress_0
2019-08-21 15:25:47,176 [Thread-261] INFO  impl.FollowerState (FollowerState.java:run(106)) - a382de20-91b6-4175-90f3-7f10d3274d35:group-8C515FE36C8F changes to CANDIDATE, lastRpcTime:5005, electionTimeout:5005ms
2019-08-21 15:25:47,177 [Thread-261] INFO  impl.RoleInfo (RoleInfo.java:shutdownFollowerState(121)) - a382de20-91b6-4175-90f3-7f10d3274d35: shutdown FollowerState
2019-08-21 15:25:47,177 [Thread-261] INFO  impl.RaftServerImpl (RaftServerImpl.java:setRole(171)) - a382de20-91b6-4175-90f3-7f10d3274d35:group-8C515FE36C8F changes role from FOLLOWER to CANDIDATE at term 0 for changeToCandidate
2019-08-21 15:25:47,177 [Thread-261] INFO  impl.RoleInfo (RoleInfo.java:updateAndGet(143)) - a382de20-91b6-4175-90f3-7f10d3274d35: start LeaderElection
2019-08-21 15:25:47,192 [a382de20-91b6-4175-90f3-7f10d3274d35:group-8C515FE36C8F:LeaderElection7] INFO  impl.LeaderElection (LeaderElection.java:askForVotes(181)) - a382de20-91b6-4175-90f3-7f10d3274d35:group-8C515FE36C8F:LeaderElection7: begin an election at term 1 for -1: [20f26f50-31a5-4065-a99c-917b728ca18a:192.168.69.66:40152, a382de20-91b6-4175-90f3-7f10d3274d35:192.168.69.66:42817, 1aacd0c4-76a7-48b7-8ae6-c1c768db399a:192.168.69.66:43791], old=null
2019-08-21 15:25:47,217 [grpc-default-executor-2] INFO  impl.RaftServerImpl (RaftServerImpl.java:setRole(171)) - 1aacd0c4-76a7-48b7-8ae6-c1c768db399a:group-8C515FE36C8F changes role from FOLLOWER to FOLLOWER at term 1 for recognizeCandidate:a382de20-91b6-4175-90f3-7f10d3274d35
2019-08-21 15:25:47,217 [grpc-default-executor-0] INFO  impl.RaftServerImpl (RaftServerImpl.java:setRole(171)) - 20f26f50-31a5-4065-a99c-917b728ca18a:group-8C515FE36C8F changes role from FOLLOWER to FOLLOWER at term 1 for recognizeCandidate:a382de20-91b6-4175-90f3-7f10d3274d35
2019-08-21 15:25:47,217 [grpc-default-executor-2] INFO  impl.RoleInfo (RoleInfo.java:shutdownFollowerState(121)) - 1aacd0c4-76a7-48b7-8ae6-c1c768db399a: shutdown FollowerState
2019-08-21 15:25:47,218 [grpc-default-executor-0] INFO  impl.RoleInfo (RoleInfo.java:shutdownFollowerState(121)) - 20f26f50-31a5-4065-a99c-917b728ca18a: shutdown FollowerState
2019-08-21 15:25:47,218 [grpc-default-executor-2] INFO  impl.RoleInfo (RoleInfo.java:updateAndGet(143)) - 1aacd0c4-76a7-48b7-8ae6-c1c768db399a: start FollowerState
2019-08-21 15:25:47,218 [grpc-default-executor-0] INFO  impl.RoleInfo (RoleInfo.java:updateAndGet(143)) - 20f26f50-31a5-4065-a99c-917b728ca18a: start FollowerState
2019-08-21 15:25:47,218 [Thread-262] INFO  impl.FollowerState (FollowerState.java:run(114)) - 20f26f50-31a5-4065-a99c-917b728ca18a: FollowerState was interrupted: java.lang.InterruptedException: sleep interrupted
2019-08-21 15:25:47,218 [Thread-265] INFO  impl.FollowerState (FollowerState.java:run(114)) - 1aacd0c4-76a7-48b7-8ae6-c1c768db399a: FollowerState was interrupted: java.lang.InterruptedException: sleep interrupted
2019-08-21 15:25:47,227 | INFO  | SCMAudit | user=jenkins1000 | ip=192.168.69.66 | op=SEND_HEARTBEAT {datanodeUUID=d9b07869-42ab-49cb-b7c3-7a1f30a8fac0, command=[]} | ret=SUCCESS |  
2019-08-21 15:25:47,231 | INFO  | SCMAudit | user=jenkins1000 | ip=192.168.69.66 | op=SEND_HEARTBEAT {datanodeUUID=1aacd0c4-76a7-48b7-8ae6-c1c768db399a, command=[]} | ret=SUCCESS |  
2019-08-21 15:25:47,247 [Thread-257] INFO  impl.FollowerState (FollowerState.java:run(106)) - d9b07869-42ab-49cb-b7c3-7a1f30a8fac0:group-570AA26173D5 changes to CANDIDATE, lastRpcTime:5167, electionTimeout:5163ms
2019-08-21 15:25:47,247 [Thread-257] INFO  impl.RoleInfo (RoleInfo.java:shutdownFollowerState(121)) - d9b07869-42ab-49cb-b7c3-7a1f30a8fac0: shutdown FollowerState
2019-08-21 15:25:47,247 [Thread-257] INFO  impl.RaftServerImpl (RaftServerImpl.java:setRole(171)) - d9b07869-42ab-49cb-b7c3-7a1f30a8fac0:group-570AA26173D5 changes role from FOLLOWER to CANDIDATE at term 0 for changeToCandidate
2019-08-21 15:25:47,247 [Thread-257] INFO  impl.RoleInfo (RoleInfo.java:updateAndGet(143)) - d9b07869-42ab-49cb-b7c3-7a1f30a8fac0: start LeaderElection
2019-08-21 15:25:47,251 [a382de20-91b6-4175-90f3-7f10d3274d35:group-8C515FE36C8F:LeaderElection7] INFO  impl.LeaderElection (LeaderElection.java:logAndReturn(56)) - a382de20-91b6-4175-90f3-7f10d3274d35:group-8C515FE36C8F:LeaderElection7: Election PASSED; received 1 response(s) [a382de20-91b6-4175-90f3-7f10d3274d35<-20f26f50-31a5-4065-a99c-917b728ca18a#0:OK-t1] and 0 exception(s); a382de20-91b6-4175-90f3-7f10d3274d35:t1, leader=null, voted=a382de20-91b6-4175-90f3-7f10d3274d35, raftlog=a382de20-91b6-4175-90f3-7f10d3274d35-SegmentedRaftLog:OPENED:c-1,f-1,i0, conf=-1: [20f26f50-31a5-4065-a99c-917b728ca18a:192.168.69.66:40152, a382de20-91b6-4175-90f3-7f10d3274d35:192.168.69.66:42817, 1aacd0c4-76a7-48b7-8ae6-c1c768db399a:192.168.69.66:43791], old=null
2019-08-21 15:25:47,252 [a382de20-91b6-4175-90f3-7f10d3274d35:group-8C515FE36C8F:LeaderElection7] INFO  impl.RoleInfo (RoleInfo.java:shutdownLeaderElection(134)) - a382de20-91b6-4175-90f3-7f10d3274d35: shutdown LeaderElection
2019-08-21 15:25:47,252 [a382de20-91b6-4175-90f3-7f10d3274d35:group-8C515FE36C8F:LeaderElection7] INFO  impl.RaftServerImpl (RaftServerImpl.java:setRole(171)) - a382de20-91b6-4175-90f3-7f10d3274d35:group-8C515FE36C8F changes role from CANDIDATE to LEADER at term 1 for changeToLeader
2019-08-21 15:25:47,252 [a382de20-91b6-4175-90f3-7f10d3274d35:group-8C515FE36C8F:LeaderElection7] INFO  impl.RaftServerImpl (ServerState.java:setLeader(263)) - a382de20-91b6-4175-90f3-7f10d3274d35:group-8C515FE36C8F change Leader from null to a382de20-91b6-4175-90f3-7f10d3274d35 at term 1 for becomeLeader, leader elected after 5091ms
2019-08-21 15:25:47,254 [a382de20-91b6-4175-90f3-7f10d3274d35:group-8C515FE36C8F:LeaderElection7] INFO  server.RaftServerConfigKeys (ConfUtils.java:logGet(43)) - raft.server.staging.catchup.gap = 1000 (default)
2019-08-21 15:25:47,254 [a382de20-91b6-4175-90f3-7f10d3274d35:group-8C515FE36C8F:LeaderElection7] INFO  server.RaftServerConfigKeys (ConfUtils.java:logGet(43)) - raft.server.rpc.sleep.time = 25ms (default)
2019-08-21 15:25:47,255 [a382de20-91b6-4175-90f3-7f10d3274d35:group-8C515FE36C8F:LeaderElection7] INFO  server.RaftServerConfigKeys (ConfUtils.java:logGet(43)) - raft.server.write.element-limit = 4096 (default)
2019-08-21 15:25:47,255 [a382de20-91b6-4175-90f3-7f10d3274d35:group-8C515FE36C8F:LeaderElection7] INFO  server.RaftServerConfigKeys (ConfUtils.java:logGet(43)) - raft.server.watch.timeout = 10s (default)
2019-08-21 15:25:47,255 [a382de20-91b6-4175-90f3-7f10d3274d35:group-8C515FE36C8F:LeaderElection7] INFO  server.RaftServerConfigKeys (ConfUtils.java:logGet(43)) - raft.server.watch.timeout.denomination = 1s (default)
2019-08-21 15:25:47,255 [a382de20-91b6-4175-90f3-7f10d3274d35:group-8C515FE36C8F:LeaderElection7] INFO  server.RaftServerConfigKeys (ConfUtils.java:logGet(43)) - raft.server.watch.element-limit = 65536 (default)
2019-08-21 15:25:47,257 [a382de20-91b6-4175-90f3-7f10d3274d35:group-8C515FE36C8F:LeaderElection7] INFO  server.RaftServerConfigKeys (ConfUtils.java:logGet(43)) - raft.server.log.appender.snapshot.chunk.size.max = 16MB (=16777216) (default)
2019-08-21 15:25:47,257 [a382de20-91b6-4175-90f3-7f10d3274d35:group-8C515FE36C8F:LeaderElection7] INFO  server.RaftServerConfigKeys (ConfUtils.java:logGet(43)) - raft.server.log.appender.buffer.byte-limit = 33554432 (custom)
2019-08-21 15:25:47,257 [a382de20-91b6-4175-90f3-7f10d3274d35:group-8C515FE36C8F:LeaderElection7] INFO  server.RaftServerConfigKeys (ConfUtils.java:logGet(43)) - raft.server.log.appender.buffer.element-limit = 1 (custom)
2019-08-21 15:25:47,260 [a382de20-91b6-4175-90f3-7f10d3274d35:group-8C515FE36C8F:LeaderElection7] INFO  grpc.GrpcConfigKeys$Server (ConfUtils.java:logGet(43)) - raft.grpc.server.leader.outstanding.appends.max = 128 (default)
2019-08-21 15:25:47,261 [a382de20-91b6-4175-90f3-7f10d3274d35:group-8C515FE36C8F:LeaderElection7] INFO  server.RaftServerConfigKeys (ConfUtils.java:logGet(43)) - raft.server.rpc.request.timeout = 3000ms (default)
2019-08-21 15:25:47,261 [a382de20-91b6-4175-90f3-7f10d3274d35:group-8C515FE36C8F:LeaderElection7] INFO  server.RaftServerConfigKeys (ConfUtils.java:logGet(43)) - raft.server.log.appender.install.snapshot.enabled = false (custom)
2019-08-21 15:25:47,261 [a382de20-91b6-4175-90f3-7f10d3274d35:group-8C515FE36C8F:LeaderElection7] INFO  server.RaftServerConfigKeys (ConfUtils.java:logGet(43)) - raft.server.log.appender.snapshot.chunk.size.max = 16MB (=16777216) (default)
2019-08-21 15:25:47,261 [a382de20-91b6-4175-90f3-7f10d3274d35:group-8C515FE36C8F:LeaderElection7] INFO  server.RaftServerConfigKeys (ConfUtils.java:logGet(43)) - raft.server.log.appender.buffer.byte-limit = 33554432 (custom)
2019-08-21 15:25:47,262 [a382de20-91b6-4175-90f3-7f10d3274d35:group-8C515FE36C8F:LeaderElection7] INFO  server.RaftServerConfigKeys (ConfUtils.java:logGet(43)) - raft.server.log.appender.buffer.element-limit = 1 (custom)
2019-08-21 15:25:47,262 [a382de20-91b6-4175-90f3-7f10d3274d35:group-8C515FE36C8F:LeaderElection7] INFO  grpc.GrpcConfigKeys$Server (ConfUtils.java:logGet(43)) - raft.grpc.server.leader.outstanding.appends.max = 128 (default)
2019-08-21 15:25:47,262 [a382de20-91b6-4175-90f3-7f10d3274d35:group-8C515FE36C8F:LeaderElection7] INFO  server.RaftServerConfigKeys (ConfUtils.java:logGet(43)) - raft.server.rpc.request.timeout = 3000ms (default)
2019-08-21 15:25:47,262 [a382de20-91b6-4175-90f3-7f10d3274d35:group-8C515FE36C8F:LeaderElection7] INFO  server.RaftServerConfigKeys (ConfUtils.java:logGet(43)) - raft.server.log.appender.install.snapshot.enabled = false (custom)
2019-08-21 15:25:47,263 [a382de20-91b6-4175-90f3-7f10d3274d35:group-8C515FE36C8F:LeaderElection7] INFO  impl.RoleInfo (RoleInfo.java:updateAndGet(143)) - a382de20-91b6-4175-90f3-7f10d3274d35: start LeaderState
2019-08-21 15:25:47,263 [a382de20-91b6-4175-90f3-7f10d3274d35:group-8C515FE36C8F:LeaderElection7] INFO  segmented.SegmentedRaftLogWorker (SegmentedRaftLogWorker.java:startLogSegment(380)) - a382de20-91b6-4175-90f3-7f10d3274d35-SegmentedRaftLogWorker:Storage Directory /workdir/hadoop-ozone/integration-test/target/test-dir/MiniOzoneClusterImpl-347934cf-c549-4c2f-b9a9-78d2da9c4574/datanode-0/data/ratis/7472164b-5118-4dbd-bc59-8c515fe36c8f: Starting segment from index:0
2019-08-21 15:25:47,263 [d9b07869-42ab-49cb-b7c3-7a1f30a8fac0:group-570AA26173D5:LeaderElection8] INFO  impl.LeaderElection (LeaderElection.java:askForVotes(181)) - d9b07869-42ab-49cb-b7c3-7a1f30a8fac0:group-570AA26173D5:LeaderElection8: begin an election at term 1 for -1: [d9b07869-42ab-49cb-b7c3-7a1f30a8fac0:192.168.69.66:37356], old=null
2019-08-21 15:25:47,265 [d9b07869-42ab-49cb-b7c3-7a1f30a8fac0:group-570AA26173D5:LeaderElection8] INFO  impl.RoleInfo (RoleInfo.java:shutdownLeaderElection(134)) - d9b07869-42ab-49cb-b7c3-7a1f30a8fac0: shutdown LeaderElection
2019-08-21 15:25:47,265 [d9b07869-42ab-49cb-b7c3-7a1f30a8fac0:group-570AA26173D5:LeaderElection8] INFO  impl.RaftServerImpl (RaftServerImpl.java:setRole(171)) - d9b07869-42ab-49cb-b7c3-7a1f30a8fac0:group-570AA26173D5 changes role from CANDIDATE to LEADER at term 1 for changeToLeader
2019-08-21 15:25:47,265 [d9b07869-42ab-49cb-b7c3-7a1f30a8fac0:group-570AA26173D5:LeaderElection8] INFO  impl.RaftServerImpl (ServerState.java:setLeader(263)) - d9b07869-42ab-49cb-b7c3-7a1f30a8fac0:group-570AA26173D5 change Leader from null to d9b07869-42ab-49cb-b7c3-7a1f30a8fac0 at term 1 for becomeLeader, leader elected after 5189ms
2019-08-21 15:25:47,265 [a382de20-91b6-4175-90f3-7f10d3274d35:group-8C515FE36C8F:LeaderElection7] INFO  impl.RaftServerImpl (ServerState.java:setRaftConf(361)) - a382de20-91b6-4175-90f3-7f10d3274d35:group-8C515FE36C8F set configuration 0: [20f26f50-31a5-4065-a99c-917b728ca18a:192.168.69.66:40152, a382de20-91b6-4175-90f3-7f10d3274d35:192.168.69.66:42817, 1aacd0c4-76a7-48b7-8ae6-c1c768db399a:192.168.69.66:43791], old=null at 0
2019-08-21 15:25:47,300 [d9b07869-42ab-49cb-b7c3-7a1f30a8fac0:group-570AA26173D5:LeaderElection8] INFO  server.RaftServerConfigKeys (ConfUtils.java:logGet(43)) - raft.server.staging.catchup.gap = 1000 (default)
2019-08-21 15:25:47,303 [d9b07869-42ab-49cb-b7c3-7a1f30a8fac0:group-570AA26173D5:LeaderElection8] INFO  server.RaftServerConfigKeys (ConfUtils.java:logGet(43)) - raft.server.rpc.sleep.time = 25ms (default)
2019-08-21 15:25:47,303 [d9b07869-42ab-49cb-b7c3-7a1f30a8fac0:group-570AA26173D5:LeaderElection8] INFO  server.RaftServerConfigKeys (ConfUtils.java:logGet(43)) - raft.server.write.element-limit = 4096 (default)
2019-08-21 15:25:47,303 [d9b07869-42ab-49cb-b7c3-7a1f30a8fac0:group-570AA26173D5:LeaderElection8] INFO  server.RaftServerConfigKeys (ConfUtils.java:logGet(43)) - raft.server.watch.timeout = 10s (default)
2019-08-21 15:25:47,303 | INFO  | SCMAudit | user=jenkins1000 | ip=192.168.69.66 | op=SEND_HEARTBEAT {datanodeUUID=0fd88f8c-6b3d-41ef-987e-b97c2c0b5243, command=[]} | ret=SUCCESS |  
2019-08-21 15:25:47,303 [d9b07869-42ab-49cb-b7c3-7a1f30a8fac0:group-570AA26173D5:LeaderElection8] INFO  server.RaftServerConfigKeys (ConfUtils.java:logGet(43)) - raft.server.watch.timeout.denomination = 1s (default)
2019-08-21 15:25:47,304 [d9b07869-42ab-49cb-b7c3-7a1f30a8fac0:group-570AA26173D5:LeaderElection8] INFO  server.RaftServerConfigKeys (ConfUtils.java:logGet(43)) - raft.server.watch.element-limit = 65536 (default)
2019-08-21 15:25:47,304 [d9b07869-42ab-49cb-b7c3-7a1f30a8fac0:group-570AA26173D5:LeaderElection8] INFO  impl.RoleInfo (RoleInfo.java:updateAndGet(143)) - d9b07869-42ab-49cb-b7c3-7a1f30a8fac0: start LeaderState
2019-08-21 15:25:47,304 [d9b07869-42ab-49cb-b7c3-7a1f30a8fac0:group-570AA26173D5:LeaderElection8] INFO  segmented.SegmentedRaftLogWorker (SegmentedRaftLogWorker.java:startLogSegment(380)) - d9b07869-42ab-49cb-b7c3-7a1f30a8fac0-SegmentedRaftLogWorker:Storage Directory /workdir/hadoop-ozone/integration-test/target/test-dir/MiniOzoneClusterImpl-347934cf-c549-4c2f-b9a9-78d2da9c4574/datanode-3/data/ratis/a25f7f7e-79d9-4454-bd22-570aa26173d5: Starting segment from index:0
2019-08-21 15:25:47,307 [d9b07869-42ab-49cb-b7c3-7a1f30a8fac0:group-570AA26173D5:LeaderElection8] INFO  impl.RaftServerImpl (ServerState.java:setRaftConf(361)) - d9b07869-42ab-49cb-b7c3-7a1f30a8fac0:group-570AA26173D5 set configuration 0: [d9b07869-42ab-49cb-b7c3-7a1f30a8fac0:192.168.69.66:37356], old=null at 0
2019-08-21 15:25:47,339 [a382de20-91b6-4175-90f3-7f10d3274d35-SegmentedRaftLogWorker:Storage Directory /workdir/hadoop-ozone/integration-test/target/test-dir/MiniOzoneClusterImpl-347934cf-c549-4c2f-b9a9-78d2da9c4574/datanode-0/data/ratis/7472164b-5118-4dbd-bc59-8c515fe36c8f] INFO  segmented.SegmentedRaftLogWorker (SegmentedRaftLogWorker.java:execute(569)) - a382de20-91b6-4175-90f3-7f10d3274d35-SegmentedRaftLogWorker:Storage Directory /workdir/hadoop-ozone/integration-test/target/test-dir/MiniOzoneClusterImpl-347934cf-c549-4c2f-b9a9-78d2da9c4574/datanode-0/data/ratis/7472164b-5118-4dbd-bc59-8c515fe36c8f: created new log segment /workdir/hadoop-ozone/integration-test/target/test-dir/MiniOzoneClusterImpl-347934cf-c549-4c2f-b9a9-78d2da9c4574/datanode-0/data/ratis/7472164b-5118-4dbd-bc59-8c515fe36c8f/current/log_inprogress_0
2019-08-21 15:25:47,340 | INFO  | SCMAudit | user=jenkins1000 | ip=192.168.69.66 | op=SEND_HEARTBEAT {datanodeUUID=a382de20-91b6-4175-90f3-7f10d3274d35, command=[]} | ret=SUCCESS |  
2019-08-21 15:25:47,352 [d9b07869-42ab-49cb-b7c3-7a1f30a8fac0-SegmentedRaftLogWorker:Storage Directory /workdir/hadoop-ozone/integration-test/target/test-dir/MiniOzoneClusterImpl-347934cf-c549-4c2f-b9a9-78d2da9c4574/datanode-3/data/ratis/a25f7f7e-79d9-4454-bd22-570aa26173d5] INFO  segmented.SegmentedRaftLogWorker (SegmentedRaftLogWorker.java:execute(569)) - d9b07869-42ab-49cb-b7c3-7a1f30a8fac0-SegmentedRaftLogWorker:Storage Directory /workdir/hadoop-ozone/integration-test/target/test-dir/MiniOzoneClusterImpl-347934cf-c549-4c2f-b9a9-78d2da9c4574/datanode-3/data/ratis/a25f7f7e-79d9-4454-bd22-570aa26173d5: created new log segment /workdir/hadoop-ozone/integration-test/target/test-dir/MiniOzoneClusterImpl-347934cf-c549-4c2f-b9a9-78d2da9c4574/datanode-3/data/ratis/a25f7f7e-79d9-4454-bd22-570aa26173d5/current/log_inprogress_0
2019-08-21 15:25:47,364 [grpc-default-executor-0] INFO  impl.RaftServerImpl (ServerState.java:setLeader(263)) - 1aacd0c4-76a7-48b7-8ae6-c1c768db399a:group-8C515FE36C8F change Leader from null to a382de20-91b6-4175-90f3-7f10d3274d35 at term 1 for appendEntries, leader elected after 5204ms
2019-08-21 15:25:47,364 [grpc-default-executor-2] INFO  impl.RaftServerImpl (ServerState.java:setLeader(263)) - 20f26f50-31a5-4065-a99c-917b728ca18a:group-8C515FE36C8F change Leader from null to a382de20-91b6-4175-90f3-7f10d3274d35 at term 1 for appendEntries, leader elected after 5204ms
2019-08-21 15:25:47,405 [Thread-275] INFO  impl.FollowerState (FollowerState.java:run(106)) - 7cd51e96-9e9a-4fa6-9923-5d34258d4f7e:group-707094CE100D changes to CANDIDATE, lastRpcTime:5123, electionTimeout:5121ms
2019-08-21 15:25:47,406 [Thread-275] INFO  impl.RoleInfo (RoleInfo.java:shutdownFollowerState(121)) - 7cd51e96-9e9a-4fa6-9923-5d34258d4f7e: shutdown FollowerState
2019-08-21 15:25:47,406 [Thread-275] INFO  impl.RaftServerImpl (RaftServerImpl.java:setRole(171)) - 7cd51e96-9e9a-4fa6-9923-5d34258d4f7e:group-707094CE100D changes role from FOLLOWER to CANDIDATE at term 0 for changeToCandidate
2019-08-21 15:25:47,406 [grpc-default-executor-0] INFO  impl.RaftServerImpl (ServerState.java:setRaftConf(361)) - 20f26f50-31a5-4065-a99c-917b728ca18a:group-8C515FE36C8F set configuration 0: [20f26f50-31a5-4065-a99c-917b728ca18a:192.168.69.66:40152, a382de20-91b6-4175-90f3-7f10d3274d35:192.168.69.66:42817, 1aacd0c4-76a7-48b7-8ae6-c1c768db399a:192.168.69.66:43791], old=null at 0
2019-08-21 15:25:47,406 [Thread-275] INFO  impl.RoleInfo (RoleInfo.java:updateAndGet(143)) - 7cd51e96-9e9a-4fa6-9923-5d34258d4f7e: start LeaderElection
2019-08-21 15:25:47,406 [grpc-default-executor-2] INFO  impl.RaftServerImpl (ServerState.java:setRaftConf(361)) - 1aacd0c4-76a7-48b7-8ae6-c1c768db399a:group-8C515FE36C8F set configuration 0: [20f26f50-31a5-4065-a99c-917b728ca18a:192.168.69.66:40152, a382de20-91b6-4175-90f3-7f10d3274d35:192.168.69.66:42817, 1aacd0c4-76a7-48b7-8ae6-c1c768db399a:192.168.69.66:43791], old=null at 0
2019-08-21 15:25:47,406 [grpc-default-executor-0] INFO  segmented.SegmentedRaftLogWorker (SegmentedRaftLogWorker.java:startLogSegment(380)) - 20f26f50-31a5-4065-a99c-917b728ca18a-SegmentedRaftLogWorker:Storage Directory /workdir/hadoop-ozone/integration-test/target/test-dir/MiniOzoneClusterImpl-347934cf-c549-4c2f-b9a9-78d2da9c4574/datanode-6/data/ratis/7472164b-5118-4dbd-bc59-8c515fe36c8f: Starting segment from index:0
2019-08-21 15:25:47,408 [grpc-default-executor-2] INFO  segmented.SegmentedRaftLogWorker (SegmentedRaftLogWorker.java:startLogSegment(380)) - 1aacd0c4-76a7-48b7-8ae6-c1c768db399a-SegmentedRaftLogWorker:Storage Directory /workdir/hadoop-ozone/integration-test/target/test-dir/MiniOzoneClusterImpl-347934cf-c549-4c2f-b9a9-78d2da9c4574/datanode-2/data/ratis/7472164b-5118-4dbd-bc59-8c515fe36c8f: Starting segment from index:0
2019-08-21 15:25:47,411 [Thread-269] INFO  impl.FollowerState (FollowerState.java:run(106)) - 0fd88f8c-6b3d-41ef-987e-b97c2c0b5243:group-707094CE100D changes to CANDIDATE, lastRpcTime:5142, electionTimeout:5139ms
2019-08-21 15:25:47,412 [Thread-269] INFO  impl.RoleInfo (RoleInfo.java:shutdownFollowerState(121)) - 0fd88f8c-6b3d-41ef-987e-b97c2c0b5243: shutdown FollowerState
2019-08-21 15:25:47,412 [Thread-269] INFO  impl.RaftServerImpl (RaftServerImpl.java:setRole(171)) - 0fd88f8c-6b3d-41ef-987e-b97c2c0b5243:group-707094CE100D changes role from FOLLOWER to CANDIDATE at term 0 for changeToCandidate
2019-08-21 15:25:47,412 [Thread-269] INFO  impl.RoleInfo (RoleInfo.java:updateAndGet(143)) - 0fd88f8c-6b3d-41ef-987e-b97c2c0b5243: start LeaderElection
2019-08-21 15:25:47,450 [Thread-273] INFO  impl.FollowerState (FollowerState.java:run(106)) - 365de576-2a66-45d6-9e61-a070dcb6ef76:group-707094CE100D changes to CANDIDATE, lastRpcTime:5169, electionTimeout:5163ms
2019-08-21 15:25:47,450 [7cd51e96-9e9a-4fa6-9923-5d34258d4f7e:group-707094CE100D:LeaderElection9] INFO  impl.LeaderElection (LeaderElection.java:askForVotes(181)) - 7cd51e96-9e9a-4fa6-9923-5d34258d4f7e:group-707094CE100D:LeaderElection9: begin an election at term 1 for -1: [7cd51e96-9e9a-4fa6-9923-5d34258d4f7e:192.168.69.66:42148, 365de576-2a66-45d6-9e61-a070dcb6ef76:192.168.69.66:34536, 0fd88f8c-6b3d-41ef-987e-b97c2c0b5243:192.168.69.66:36687], old=null
2019-08-21 15:25:47,453 [1aacd0c4-76a7-48b7-8ae6-c1c768db399a-SegmentedRaftLogWorker:Storage Directory /workdir/hadoop-ozone/integration-test/target/test-dir/MiniOzoneClusterImpl-347934cf-c549-4c2f-b9a9-78d2da9c4574/datanode-2/data/ratis/7472164b-5118-4dbd-bc59-8c515fe36c8f] INFO  segmented.SegmentedRaftLogWorker (SegmentedRaftLogWorker.java:execute(569)) - 1aacd0c4-76a7-48b7-8ae6-c1c768db399a-SegmentedRaftLogWorker:Storage Directory /workdir/hadoop-ozone/integration-test/target/test-dir/MiniOzoneClusterImpl-347934cf-c549-4c2f-b9a9-78d2da9c4574/datanode-2/data/ratis/7472164b-5118-4dbd-bc59-8c515fe36c8f: created new log segment /workdir/hadoop-ozone/integration-test/target/test-dir/MiniOzoneClusterImpl-347934cf-c549-4c2f-b9a9-78d2da9c4574/datanode-2/data/ratis/7472164b-5118-4dbd-bc59-8c515fe36c8f/current/log_inprogress_0
2019-08-21 15:25:47,453 [Thread-273] INFO  impl.RoleInfo (RoleInfo.java:shutdownFollowerState(121)) - 365de576-2a66-45d6-9e61-a070dcb6ef76: shutdown FollowerState
2019-08-21 15:25:47,453 [20f26f50-31a5-4065-a99c-917b728ca18a-SegmentedRaftLogWorker:Storage Directory /workdir/hadoop-ozone/integration-test/target/test-dir/MiniOzoneClusterImpl-347934cf-c549-4c2f-b9a9-78d2da9c4574/datanode-6/data/ratis/7472164b-5118-4dbd-bc59-8c515fe36c8f] INFO  segmented.SegmentedRaftLogWorker (SegmentedRaftLogWorker.java:execute(569)) - 20f26f50-31a5-4065-a99c-917b728ca18a-SegmentedRaftLogWorker:Storage Directory /workdir/hadoop-ozone/integration-test/target/test-dir/MiniOzoneClusterImpl-347934cf-c549-4c2f-b9a9-78d2da9c4574/datanode-6/data/ratis/7472164b-5118-4dbd-bc59-8c515fe36c8f: created new log segment /workdir/hadoop-ozone/integration-test/target/test-dir/MiniOzoneClusterImpl-347934cf-c549-4c2f-b9a9-78d2da9c4574/datanode-6/data/ratis/7472164b-5118-4dbd-bc59-8c515fe36c8f/current/log_inprogress_0
2019-08-21 15:25:47,454 [Thread-273] INFO  impl.RaftServerImpl (RaftServerImpl.java:setRole(171)) - 365de576-2a66-45d6-9e61-a070dcb6ef76:group-707094CE100D changes role from FOLLOWER to CANDIDATE at term 0 for changeToCandidate
2019-08-21 15:25:47,456 [Thread-273] INFO  impl.RoleInfo (RoleInfo.java:updateAndGet(143)) - 365de576-2a66-45d6-9e61-a070dcb6ef76: start LeaderElection
2019-08-21 15:25:47,459 [0fd88f8c-6b3d-41ef-987e-b97c2c0b5243:group-707094CE100D:LeaderElection10] INFO  impl.LeaderElection (LeaderElection.java:askForVotes(181)) - 0fd88f8c-6b3d-41ef-987e-b97c2c0b5243:group-707094CE100D:LeaderElection10: begin an election at term 1 for -1: [7cd51e96-9e9a-4fa6-9923-5d34258d4f7e:192.168.69.66:42148, 365de576-2a66-45d6-9e61-a070dcb6ef76:192.168.69.66:34536, 0fd88f8c-6b3d-41ef-987e-b97c2c0b5243:192.168.69.66:36687], old=null
2019-08-21 15:25:47,467 [365de576-2a66-45d6-9e61-a070dcb6ef76:group-707094CE100D:LeaderElection11] INFO  impl.LeaderElection (LeaderElection.java:askForVotes(181)) - 365de576-2a66-45d6-9e61-a070dcb6ef76:group-707094CE100D:LeaderElection11: begin an election at term 1 for -1: [7cd51e96-9e9a-4fa6-9923-5d34258d4f7e:192.168.69.66:42148, 365de576-2a66-45d6-9e61-a070dcb6ef76:192.168.69.66:34536, 0fd88f8c-6b3d-41ef-987e-b97c2c0b5243:192.168.69.66:36687], old=null
2019-08-21 15:25:47,504 [7cd51e96-9e9a-4fa6-9923-5d34258d4f7e:group-707094CE100D:LeaderElection9] INFO  impl.LeaderElection (LeaderElection.java:logAndReturn(56)) - 7cd51e96-9e9a-4fa6-9923-5d34258d4f7e:group-707094CE100D:LeaderElection9: Election REJECTED; received 2 response(s) [7cd51e96-9e9a-4fa6-9923-5d34258d4f7e<-365de576-2a66-45d6-9e61-a070dcb6ef76#0:FAIL-t1, 7cd51e96-9e9a-4fa6-9923-5d34258d4f7e<-0fd88f8c-6b3d-41ef-987e-b97c2c0b5243#0:FAIL-t1] and 0 exception(s); 7cd51e96-9e9a-4fa6-9923-5d34258d4f7e:t1, leader=null, voted=7cd51e96-9e9a-4fa6-9923-5d34258d4f7e, raftlog=7cd51e96-9e9a-4fa6-9923-5d34258d4f7e-SegmentedRaftLog:OPENED:c-1,f-1,i0, conf=-1: [7cd51e96-9e9a-4fa6-9923-5d34258d4f7e:192.168.69.66:42148, 365de576-2a66-45d6-9e61-a070dcb6ef76:192.168.69.66:34536, 0fd88f8c-6b3d-41ef-987e-b97c2c0b5243:192.168.69.66:36687], old=null
2019-08-21 15:25:47,504 [7cd51e96-9e9a-4fa6-9923-5d34258d4f7e:group-707094CE100D:LeaderElection9] INFO  impl.RaftServerImpl (RaftServerImpl.java:setRole(171)) - 7cd51e96-9e9a-4fa6-9923-5d34258d4f7e:group-707094CE100D changes role from CANDIDATE to FOLLOWER at term 1 for DISCOVERED_A_NEW_TERM
2019-08-21 15:25:47,507 [7cd51e96-9e9a-4fa6-9923-5d34258d4f7e:group-707094CE100D:LeaderElection9] INFO  impl.RoleInfo (RoleInfo.java:shutdownLeaderElection(134)) - 7cd51e96-9e9a-4fa6-9923-5d34258d4f7e: shutdown LeaderElection
2019-08-21 15:25:47,507 [0fd88f8c-6b3d-41ef-987e-b97c2c0b5243:group-707094CE100D:LeaderElection10] INFO  impl.LeaderElection (LeaderElection.java:logAndReturn(56)) - 0fd88f8c-6b3d-41ef-987e-b97c2c0b5243:group-707094CE100D:LeaderElection10: Election REJECTED; received 2 response(s) [0fd88f8c-6b3d-41ef-987e-b97c2c0b5243<-7cd51e96-9e9a-4fa6-9923-5d34258d4f7e#0:FAIL-t1, 0fd88f8c-6b3d-41ef-987e-b97c2c0b5243<-365de576-2a66-45d6-9e61-a070dcb6ef76#0:FAIL-t1] and 0 exception(s); 0fd88f8c-6b3d-41ef-987e-b97c2c0b5243:t1, leader=null, voted=0fd88f8c-6b3d-41ef-987e-b97c2c0b5243, raftlog=0fd88f8c-6b3d-41ef-987e-b97c2c0b5243-SegmentedRaftLog:OPENED:c-1,f-1,i0, conf=-1: [7cd51e96-9e9a-4fa6-9923-5d34258d4f7e:192.168.69.66:42148, 365de576-2a66-45d6-9e61-a070dcb6ef76:192.168.69.66:34536, 0fd88f8c-6b3d-41ef-987e-b97c2c0b5243:192.168.69.66:36687], old=null
2019-08-21 15:25:47,509 [7cd51e96-9e9a-4fa6-9923-5d34258d4f7e:group-707094CE100D:LeaderElection9] INFO  impl.RoleInfo (RoleInfo.java:updateAndGet(143)) - 7cd51e96-9e9a-4fa6-9923-5d34258d4f7e: start FollowerState
2019-08-21 15:25:47,509 [0fd88f8c-6b3d-41ef-987e-b97c2c0b5243:group-707094CE100D:LeaderElection10] INFO  impl.RaftServerImpl (RaftServerImpl.java:setRole(171)) - 0fd88f8c-6b3d-41ef-987e-b97c2c0b5243:group-707094CE100D changes role from CANDIDATE to FOLLOWER at term 1 for DISCOVERED_A_NEW_TERM
2019-08-21 15:25:47,514 [0fd88f8c-6b3d-41ef-987e-b97c2c0b5243:group-707094CE100D:LeaderElection10] INFO  impl.RoleInfo (RoleInfo.java:shutdownLeaderElection(134)) - 0fd88f8c-6b3d-41ef-987e-b97c2c0b5243: shutdown LeaderElection
2019-08-21 15:25:47,514 [0fd88f8c-6b3d-41ef-987e-b97c2c0b5243:group-707094CE100D:LeaderElection10] INFO  impl.RoleInfo (RoleInfo.java:updateAndGet(143)) - 0fd88f8c-6b3d-41ef-987e-b97c2c0b5243: start FollowerState
2019-08-21 15:25:47,519 [365de576-2a66-45d6-9e61-a070dcb6ef76:group-707094CE100D:LeaderElection11] INFO  impl.LeaderElection (LeaderElection.java:logAndReturn(56)) - 365de576-2a66-45d6-9e61-a070dcb6ef76:group-707094CE100D:LeaderElection11: Election REJECTED; received 2 response(s) [365de576-2a66-45d6-9e61-a070dcb6ef76<-7cd51e96-9e9a-4fa6-9923-5d34258d4f7e#0:FAIL-t1, 365de576-2a66-45d6-9e61-a070dcb6ef76<-0fd88f8c-6b3d-41ef-987e-b97c2c0b5243#0:FAIL-t1] and 0 exception(s); 365de576-2a66-45d6-9e61-a070dcb6ef76:t1, leader=null, voted=365de576-2a66-45d6-9e61-a070dcb6ef76, raftlog=365de576-2a66-45d6-9e61-a070dcb6ef76-SegmentedRaftLog:OPENED:c-1,f-1,i0, conf=-1: [7cd51e96-9e9a-4fa6-9923-5d34258d4f7e:192.168.69.66:42148, 365de576-2a66-45d6-9e61-a070dcb6ef76:192.168.69.66:34536, 0fd88f8c-6b3d-41ef-987e-b97c2c0b5243:192.168.69.66:36687], old=null
2019-08-21 15:25:47,519 [365de576-2a66-45d6-9e61-a070dcb6ef76:group-707094CE100D:LeaderElection11] INFO  impl.RaftServerImpl (RaftServerImpl.java:setRole(171)) - 365de576-2a66-45d6-9e61-a070dcb6ef76:group-707094CE100D changes role from CANDIDATE to FOLLOWER at term 1 for DISCOVERED_A_NEW_TERM
2019-08-21 15:25:47,521 [365de576-2a66-45d6-9e61-a070dcb6ef76:group-707094CE100D:LeaderElection11] INFO  impl.RoleInfo (RoleInfo.java:shutdownLeaderElection(134)) - 365de576-2a66-45d6-9e61-a070dcb6ef76: shutdown LeaderElection
2019-08-21 15:25:47,523 [365de576-2a66-45d6-9e61-a070dcb6ef76:group-707094CE100D:LeaderElection11] INFO  impl.RoleInfo (RoleInfo.java:updateAndGet(143)) - 365de576-2a66-45d6-9e61-a070dcb6ef76: start FollowerState
2019-08-21 15:25:47,571 | INFO  | SCMAudit | user=jenkins1000 | ip=192.168.69.66 | op=SEND_HEARTBEAT {datanodeUUID=7cd51e96-9e9a-4fa6-9923-5d34258d4f7e, command=[]} | ret=SUCCESS |  
2019-08-21 15:25:47,619 | INFO  | SCMAudit | user=jenkins1000 | ip=192.168.69.66 | op=SEND_HEARTBEAT {datanodeUUID=365de576-2a66-45d6-9e61-a070dcb6ef76, command=[]} | ret=SUCCESS |  
2019-08-21 15:25:47,827 | INFO  | SCMAudit | user=jenkins1000 | ip=192.168.69.66 | op=SEND_HEARTBEAT {datanodeUUID=20f26f50-31a5-4065-a99c-917b728ca18a, command=[]} | ret=SUCCESS |  
2019-08-21 15:25:48,016 [grpc-default-executor-2] INFO  client.GrpcClientProtocolClient (GrpcClientProtocolClient.java:onNext(255)) - client-8F68879DA1B4->1aacd0c4-76a7-48b7-8ae6-c1c768db399a: receive RaftClientReply:client-8F68879DA1B4->1aacd0c4-76a7-48b7-8ae6-c1c768db399a@group-8C515FE36C8F, cid=13, FAILED org.apache.ratis.protocol.NotLeaderException: Server 1aacd0c4-76a7-48b7-8ae6-c1c768db399a is not the leader (a382de20-91b6-4175-90f3-7f10d3274d35:192.168.69.66:42817). Request must be sent to leader., logIndex=0, commits[1aacd0c4-76a7-48b7-8ae6-c1c768db399a:c0, 20f26f50-31a5-4065-a99c-917b728ca18a:c-1, a382de20-91b6-4175-90f3-7f10d3274d35:c0]
2019-08-21 15:25:48,226 | INFO  | SCMAudit | user=jenkins1000 | ip=192.168.69.66 | op=SEND_HEARTBEAT {datanodeUUID=d9b07869-42ab-49cb-b7c3-7a1f30a8fac0, command=[]} | ret=SUCCESS |  
2019-08-21 15:25:48,232 | INFO  | SCMAudit | user=jenkins1000 | ip=192.168.69.66 | op=SEND_HEARTBEAT {datanodeUUID=1aacd0c4-76a7-48b7-8ae6-c1c768db399a, command=[]} | ret=SUCCESS |  
2019-08-21 15:25:48,266 | INFO  | SCMAudit | user=jenkins1000 | ip=192.168.69.66 | op=SEND_HEARTBEAT {datanodeUUID=a382de20-91b6-4175-90f3-7f10d3274d35, command=[]} | ret=SUCCESS |  
2019-08-21 15:25:48,266 | INFO  | SCMAudit | user=jenkins1000 | ip=192.168.69.66 | op=SEND_HEARTBEAT {datanodeUUID=1aacd0c4-76a7-48b7-8ae6-c1c768db399a, command=[]} | ret=SUCCESS |  
2019-08-21 15:25:48,266 | INFO  | SCMAudit | user=jenkins1000 | ip=192.168.69.66 | op=SEND_HEARTBEAT {datanodeUUID=20f26f50-31a5-4065-a99c-917b728ca18a, command=[]} | ret=SUCCESS |  
2019-08-21 15:25:48,277 | INFO  | DNAudit | user=null | ip=null | op=CREATE_CONTAINER {containerID=1, containerType=KeyValueContainer} | ret=SUCCESS |  
2019-08-21 15:25:48,277 | INFO  | DNAudit | user=null | ip=null | op=CREATE_CONTAINER {containerID=1, containerType=KeyValueContainer} | ret=SUCCESS |  
2019-08-21 15:25:48,277 | INFO  | DNAudit | user=null | ip=null | op=CREATE_CONTAINER {containerID=1, containerType=KeyValueContainer} | ret=SUCCESS |  
2019-08-21 15:25:48,288 [grpc-default-executor-2] INFO  client.GrpcClientProtocolClient (GrpcClientProtocolClient.java:onNext(255)) - client-8F68879DA1B4->a382de20-91b6-4175-90f3-7f10d3274d35: receive RaftClientReply:client-8F68879DA1B4->a382de20-91b6-4175-90f3-7f10d3274d35@group-8C515FE36C8F, cid=13, SUCCESS, logIndex=1, commits[a382de20-91b6-4175-90f3-7f10d3274d35:c2, 20f26f50-31a5-4065-a99c-917b728ca18a:c1, 1aacd0c4-76a7-48b7-8ae6-c1c768db399a:c1]
2019-08-21 15:25:48,293 [main] INFO  datanode.ObjectStoreHandler (ObjectStoreHandler.java:close(155)) - Closing ObjectStoreHandler.
2019-08-21 15:25:48,295 [main] INFO  ozone.HddsDatanodeService (HddsDatanodeService.java:stop(451)) - Stopped plug-in org.apache.hadoop.ozone.web.OzoneHddsDatanodeService@7c5df615
2019-08-21 15:25:48,302 | INFO  | SCMAudit | user=jenkins1000 | ip=192.168.69.66 | op=SEND_HEARTBEAT {datanodeUUID=0fd88f8c-6b3d-41ef-987e-b97c2c0b5243, command=[]} | ret=SUCCESS |  
2019-08-21 15:25:48,571 | INFO  | SCMAudit | user=jenkins1000 | ip=192.168.69.66 | op=SEND_HEARTBEAT {datanodeUUID=7cd51e96-9e9a-4fa6-9923-5d34258d4f7e, command=[]} | ret=SUCCESS |  
2019-08-21 15:25:48,619 | INFO  | SCMAudit | user=jenkins1000 | ip=192.168.69.66 | op=SEND_HEARTBEAT {datanodeUUID=365de576-2a66-45d6-9e61-a070dcb6ef76, command=[]} | ret=SUCCESS |  
2019-08-21 15:25:49,226 | INFO  | SCMAudit | user=jenkins1000 | ip=192.168.69.66 | op=SEND_HEARTBEAT {datanodeUUID=d9b07869-42ab-49cb-b7c3-7a1f30a8fac0, command=[]} | ret=SUCCESS |  
2019-08-21 15:25:49,242 [Datanode State Machine Thread - 0] INFO  statemachine.DatanodeStateMachine (DatanodeStateMachine.java:lambda$startDaemon$0(350)) - Ozone container server started.
2019-08-21 15:25:49,243 | INFO  | SCMAudit | user=jenkins1000 | ip=192.168.69.66 | op=SEND_HEARTBEAT {datanodeUUID=20f26f50-31a5-4065-a99c-917b728ca18a, command=[]} | ret=SUCCESS |  
2019-08-21 15:25:49,243 | INFO  | SCMAudit | user=jenkins1000 | ip=192.168.69.66 | op=SEND_HEARTBEAT {datanodeUUID=1aacd0c4-76a7-48b7-8ae6-c1c768db399a, command=[]} | ret=SUCCESS |  
2019-08-21 15:25:49,301 | INFO  | SCMAudit | user=jenkins1000 | ip=192.168.69.66 | op=SEND_HEARTBEAT {datanodeUUID=0fd88f8c-6b3d-41ef-987e-b97c2c0b5243, command=[]} | ret=SUCCESS |  
2019-08-21 15:25:49,572 | INFO  | SCMAudit | user=jenkins1000 | ip=192.168.69.66 | op=SEND_HEARTBEAT {datanodeUUID=7cd51e96-9e9a-4fa6-9923-5d34258d4f7e, command=[]} | ret=SUCCESS |  
2019-08-21 15:25:49,619 | INFO  | SCMAudit | user=jenkins1000 | ip=192.168.69.66 | op=SEND_HEARTBEAT {datanodeUUID=365de576-2a66-45d6-9e61-a070dcb6ef76, command=[]} | ret=SUCCESS |  
2019-08-21 15:25:50,226 | INFO  | SCMAudit | user=jenkins1000 | ip=192.168.69.66 | op=SEND_HEARTBEAT {datanodeUUID=d9b07869-42ab-49cb-b7c3-7a1f30a8fac0, command=[]} | ret=SUCCESS |  
2019-08-21 15:25:50,243 | INFO  | SCMAudit | user=jenkins1000 | ip=192.168.69.66 | op=SEND_HEARTBEAT {datanodeUUID=1aacd0c4-76a7-48b7-8ae6-c1c768db399a, command=[]} | ret=SUCCESS |  
2019-08-21 15:25:50,243 | INFO  | SCMAudit | user=jenkins1000 | ip=192.168.69.66 | op=SEND_HEARTBEAT {datanodeUUID=20f26f50-31a5-4065-a99c-917b728ca18a, command=[]} | ret=SUCCESS |  
2019-08-21 15:25:50,301 | INFO  | SCMAudit | user=jenkins1000 | ip=192.168.69.66 | op=SEND_HEARTBEAT {datanodeUUID=0fd88f8c-6b3d-41ef-987e-b97c2c0b5243, command=[]} | ret=SUCCESS |  
2019-08-21 15:25:50,572 | INFO  | SCMAudit | user=jenkins1000 | ip=192.168.69.66 | op=SEND_HEARTBEAT {datanodeUUID=7cd51e96-9e9a-4fa6-9923-5d34258d4f7e, command=[]} | ret=SUCCESS |  
2019-08-21 15:25:50,619 | INFO  | SCMAudit | user=jenkins1000 | ip=192.168.69.66 | op=SEND_HEARTBEAT {datanodeUUID=365de576-2a66-45d6-9e61-a070dcb6ef76, command=[]} | ret=SUCCESS |  
2019-08-21 15:25:51,226 | INFO  | SCMAudit | user=jenkins1000 | ip=192.168.69.66 | op=SEND_HEARTBEAT {datanodeUUID=d9b07869-42ab-49cb-b7c3-7a1f30a8fac0, command=[]} | ret=SUCCESS |  
2019-08-21 15:25:51,243 | INFO  | SCMAudit | user=jenkins1000 | ip=192.168.69.66 | op=SEND_HEARTBEAT {datanodeUUID=1aacd0c4-76a7-48b7-8ae6-c1c768db399a, command=[]} | ret=SUCCESS |  
2019-08-21 15:25:51,243 | INFO  | SCMAudit | user=jenkins1000 | ip=192.168.69.66 | op=SEND_HEARTBEAT {datanodeUUID=20f26f50-31a5-4065-a99c-917b728ca18a, command=[]} | ret=SUCCESS |  
2019-08-21 15:25:51,302 | INFO  | SCMAudit | user=jenkins1000 | ip=192.168.69.66 | op=SEND_HEARTBEAT {datanodeUUID=0fd88f8c-6b3d-41ef-987e-b97c2c0b5243, command=[]} | ret=SUCCESS |  
2019-08-21 15:25:51,572 | INFO  | SCMAudit | user=jenkins1000 | ip=192.168.69.66 | op=SEND_HEARTBEAT {datanodeUUID=7cd51e96-9e9a-4fa6-9923-5d34258d4f7e, command=[]} | ret=SUCCESS |  
2019-08-21 15:25:51,618 | INFO  | SCMAudit | user=jenkins1000 | ip=192.168.69.66 | op=SEND_HEARTBEAT {datanodeUUID=365de576-2a66-45d6-9e61-a070dcb6ef76, command=[]} | ret=SUCCESS |  
2019-08-21 15:25:52,226 | INFO  | SCMAudit | user=jenkins1000 | ip=192.168.69.66 | op=SEND_HEARTBEAT {datanodeUUID=d9b07869-42ab-49cb-b7c3-7a1f30a8fac0, command=[]} | ret=SUCCESS |  
2019-08-21 15:25:52,242 | INFO  | SCMAudit | user=jenkins1000 | ip=192.168.69.66 | op=SEND_HEARTBEAT {datanodeUUID=1aacd0c4-76a7-48b7-8ae6-c1c768db399a, command=[]} | ret=SUCCESS |  
2019-08-21 15:25:52,243 | INFO  | SCMAudit | user=jenkins1000 | ip=192.168.69.66 | op=SEND_HEARTBEAT {datanodeUUID=20f26f50-31a5-4065-a99c-917b728ca18a, command=[]} | ret=SUCCESS |  
2019-08-21 15:25:52,303 | INFO  | SCMAudit | user=jenkins1000 | ip=192.168.69.66 | op=SEND_HEARTBEAT {datanodeUUID=0fd88f8c-6b3d-41ef-987e-b97c2c0b5243, command=[]} | ret=SUCCESS |  
2019-08-21 15:25:52,546 [Thread-334] INFO  impl.FollowerState (FollowerState.java:run(106)) - 0fd88f8c-6b3d-41ef-987e-b97c2c0b5243:group-707094CE100D changes to CANDIDATE, lastRpcTime:5031, electionTimeout:5031ms
2019-08-21 15:25:52,546 [Thread-334] INFO  impl.RoleInfo (RoleInfo.java:shutdownFollowerState(121)) - 0fd88f8c-6b3d-41ef-987e-b97c2c0b5243: shutdown FollowerState
2019-08-21 15:25:52,546 [Thread-334] INFO  impl.RaftServerImpl (RaftServerImpl.java:setRole(171)) - 0fd88f8c-6b3d-41ef-987e-b97c2c0b5243:group-707094CE100D changes role from FOLLOWER to CANDIDATE at term 1 for changeToCandidate
2019-08-21 15:25:52,546 [Thread-334] INFO  impl.RoleInfo (RoleInfo.java:updateAndGet(143)) - 0fd88f8c-6b3d-41ef-987e-b97c2c0b5243: start LeaderElection
2019-08-21 15:25:52,562 [0fd88f8c-6b3d-41ef-987e-b97c2c0b5243:group-707094CE100D:LeaderElection12] INFO  impl.LeaderElection (LeaderElection.java:askForVotes(181)) - 0fd88f8c-6b3d-41ef-987e-b97c2c0b5243:group-707094CE100D:LeaderElection12: begin an election at term 2 for -1: [7cd51e96-9e9a-4fa6-9923-5d34258d4f7e:192.168.69.66:42148, 365de576-2a66-45d6-9e61-a070dcb6ef76:192.168.69.66:34536, 0fd88f8c-6b3d-41ef-987e-b97c2c0b5243:192.168.69.66:36687], old=null
2019-08-21 15:25:52,570 [grpc-default-executor-0] INFO  impl.RaftServerImpl (RaftServerImpl.java:setRole(171)) - 7cd51e96-9e9a-4fa6-9923-5d34258d4f7e:group-707094CE100D changes role from FOLLOWER to FOLLOWER at term 2 for recognizeCandidate:0fd88f8c-6b3d-41ef-987e-b97c2c0b5243
2019-08-21 15:25:52,571 [grpc-default-executor-2] INFO  impl.RaftServerImpl (RaftServerImpl.java:setRole(171)) - 365de576-2a66-45d6-9e61-a070dcb6ef76:group-707094CE100D changes role from FOLLOWER to FOLLOWER at term 2 for recognizeCandidate:0fd88f8c-6b3d-41ef-987e-b97c2c0b5243
2019-08-21 15:25:52,571 [grpc-default-executor-0] INFO  impl.RoleInfo (RoleInfo.java:shutdownFollowerState(121)) - 7cd51e96-9e9a-4fa6-9923-5d34258d4f7e: shutdown FollowerState
2019-08-21 15:25:52,571 [grpc-default-executor-2] INFO  impl.RoleInfo (RoleInfo.java:shutdownFollowerState(121)) - 365de576-2a66-45d6-9e61-a070dcb6ef76: shutdown FollowerState
2019-08-21 15:25:52,571 [Thread-333] INFO  impl.FollowerState (FollowerState.java:run(114)) - 7cd51e96-9e9a-4fa6-9923-5d34258d4f7e: FollowerState was interrupted: java.lang.InterruptedException: sleep interrupted
2019-08-21 15:25:52,571 | INFO  | SCMAudit | user=jenkins1000 | ip=192.168.69.66 | op=SEND_HEARTBEAT {datanodeUUID=7cd51e96-9e9a-4fa6-9923-5d34258d4f7e, command=[]} | ret=SUCCESS |  
2019-08-21 15:25:52,571 [grpc-default-executor-0] INFO  impl.RoleInfo (RoleInfo.java:updateAndGet(143)) - 7cd51e96-9e9a-4fa6-9923-5d34258d4f7e: start FollowerState
2019-08-21 15:25:52,571 [Thread-335] INFO  impl.FollowerState (FollowerState.java:run(114)) - 365de576-2a66-45d6-9e61-a070dcb6ef76: FollowerState was interrupted: java.lang.InterruptedException: sleep interrupted
2019-08-21 15:25:52,571 [grpc-default-executor-2] INFO  impl.RoleInfo (RoleInfo.java:updateAndGet(143)) - 365de576-2a66-45d6-9e61-a070dcb6ef76: start FollowerState
2019-08-21 15:25:52,591 [0fd88f8c-6b3d-41ef-987e-b97c2c0b5243:group-707094CE100D:LeaderElection12] INFO  impl.LeaderElection (LeaderElection.java:logAndReturn(56)) - 0fd88f8c-6b3d-41ef-987e-b97c2c0b5243:group-707094CE100D:LeaderElection12: Election PASSED; received 1 response(s) [0fd88f8c-6b3d-41ef-987e-b97c2c0b5243<-7cd51e96-9e9a-4fa6-9923-5d34258d4f7e#0:OK-t2] and 0 exception(s); 0fd88f8c-6b3d-41ef-987e-b97c2c0b5243:t2, leader=null, voted=0fd88f8c-6b3d-41ef-987e-b97c2c0b5243, raftlog=0fd88f8c-6b3d-41ef-987e-b97c2c0b5243-SegmentedRaftLog:OPENED:c-1,f-1,i0, conf=-1: [7cd51e96-9e9a-4fa6-9923-5d34258d4f7e:192.168.69.66:42148, 365de576-2a66-45d6-9e61-a070dcb6ef76:192.168.69.66:34536, 0fd88f8c-6b3d-41ef-987e-b97c2c0b5243:192.168.69.66:36687], old=null
2019-08-21 15:25:52,592 [0fd88f8c-6b3d-41ef-987e-b97c2c0b5243:group-707094CE100D:LeaderElection12] INFO  impl.RoleInfo (RoleInfo.java:shutdownLeaderElection(134)) - 0fd88f8c-6b3d-41ef-987e-b97c2c0b5243: shutdown LeaderElection
2019-08-21 15:25:52,600 [0fd88f8c-6b3d-41ef-987e-b97c2c0b5243:group-707094CE100D:LeaderElection12] INFO  impl.RaftServerImpl (RaftServerImpl.java:setRole(171)) - 0fd88f8c-6b3d-41ef-987e-b97c2c0b5243:group-707094CE100D changes role from CANDIDATE to LEADER at term 2 for changeToLeader
2019-08-21 15:25:52,601 [0fd88f8c-6b3d-41ef-987e-b97c2c0b5243:group-707094CE100D:LeaderElection12] INFO  impl.RaftServerImpl (ServerState.java:setLeader(263)) - 0fd88f8c-6b3d-41ef-987e-b97c2c0b5243:group-707094CE100D change Leader from null to 0fd88f8c-6b3d-41ef-987e-b97c2c0b5243 at term 2 for becomeLeader, leader elected after 10349ms
2019-08-21 15:25:52,601 [0fd88f8c-6b3d-41ef-987e-b97c2c0b5243:group-707094CE100D:LeaderElection12] INFO  server.RaftServerConfigKeys (ConfUtils.java:logGet(43)) - raft.server.staging.catchup.gap = 1000 (default)
2019-08-21 15:25:52,601 [0fd88f8c-6b3d-41ef-987e-b97c2c0b5243:group-707094CE100D:LeaderElection12] INFO  server.RaftServerConfigKeys (ConfUtils.java:logGet(43)) - raft.server.rpc.sleep.time = 25ms (default)
2019-08-21 15:25:52,601 [0fd88f8c-6b3d-41ef-987e-b97c2c0b5243:group-707094CE100D:LeaderElection12] INFO  server.RaftServerConfigKeys (ConfUtils.java:logGet(43)) - raft.server.write.element-limit = 4096 (default)
2019-08-21 15:25:52,601 [0fd88f8c-6b3d-41ef-987e-b97c2c0b5243:group-707094CE100D:LeaderElection12] INFO  server.RaftServerConfigKeys (ConfUtils.java:logGet(43)) - raft.server.watch.timeout = 10s (default)
2019-08-21 15:25:52,602 [0fd88f8c-6b3d-41ef-987e-b97c2c0b5243:group-707094CE100D:LeaderElection12] INFO  server.RaftServerConfigKeys (ConfUtils.java:logGet(43)) - raft.server.watch.timeout.denomination = 1s (default)
2019-08-21 15:25:52,602 [0fd88f8c-6b3d-41ef-987e-b97c2c0b5243:group-707094CE100D:LeaderElection12] INFO  server.RaftServerConfigKeys (ConfUtils.java:logGet(43)) - raft.server.watch.element-limit = 65536 (default)
2019-08-21 15:25:52,602 [0fd88f8c-6b3d-41ef-987e-b97c2c0b5243:group-707094CE100D:LeaderElection12] INFO  server.RaftServerConfigKeys (ConfUtils.java:logGet(43)) - raft.server.log.appender.snapshot.chunk.size.max = 16MB (=16777216) (default)
2019-08-21 15:25:52,602 [0fd88f8c-6b3d-41ef-987e-b97c2c0b5243:group-707094CE100D:LeaderElection12] INFO  server.RaftServerConfigKeys (ConfUtils.java:logGet(43)) - raft.server.log.appender.buffer.byte-limit = 33554432 (custom)
2019-08-21 15:25:52,602 [0fd88f8c-6b3d-41ef-987e-b97c2c0b5243:group-707094CE100D:LeaderElection12] INFO  server.RaftServerConfigKeys (ConfUtils.java:logGet(43)) - raft.server.log.appender.buffer.element-limit = 1 (custom)
2019-08-21 15:25:52,603 [0fd88f8c-6b3d-41ef-987e-b97c2c0b5243:group-707094CE100D:LeaderElection12] INFO  grpc.GrpcConfigKeys$Server (ConfUtils.java:logGet(43)) - raft.grpc.server.leader.outstanding.appends.max = 128 (default)
2019-08-21 15:25:52,603 [0fd88f8c-6b3d-41ef-987e-b97c2c0b5243:group-707094CE100D:LeaderElection12] INFO  server.RaftServerConfigKeys (ConfUtils.java:logGet(43)) - raft.server.rpc.request.timeout = 3000ms (default)
2019-08-21 15:25:52,603 [0fd88f8c-6b3d-41ef-987e-b97c2c0b5243:group-707094CE100D:LeaderElection12] INFO  server.RaftServerConfigKeys (ConfUtils.java:logGet(43)) - raft.server.log.appender.install.snapshot.enabled = false (custom)
2019-08-21 15:25:52,604 [0fd88f8c-6b3d-41ef-987e-b97c2c0b5243:group-707094CE100D:LeaderElection12] INFO  server.RaftServerConfigKeys (ConfUtils.java:logGet(43)) - raft.server.log.appender.snapshot.chunk.size.max = 16MB (=16777216) (default)
2019-08-21 15:25:52,604 [0fd88f8c-6b3d-41ef-987e-b97c2c0b5243:group-707094CE100D:LeaderElection12] INFO  server.RaftServerConfigKeys (ConfUtils.java:logGet(43)) - raft.server.log.appender.buffer.byte-limit = 33554432 (custom)
2019-08-21 15:25:52,604 [0fd88f8c-6b3d-41ef-987e-b97c2c0b5243:group-707094CE100D:LeaderElection12] INFO  server.RaftServerConfigKeys (ConfUtils.java:logGet(43)) - raft.server.log.appender.buffer.element-limit = 1 (custom)
2019-08-21 15:25:52,604 [0fd88f8c-6b3d-41ef-987e-b97c2c0b5243:group-707094CE100D:LeaderElection12] INFO  grpc.GrpcConfigKeys$Server (ConfUtils.java:logGet(43)) - raft.grpc.server.leader.outstanding.appends.max = 128 (default)
2019-08-21 15:25:52,604 [0fd88f8c-6b3d-41ef-987e-b97c2c0b5243:group-707094CE100D:LeaderElection12] INFO  server.RaftServerConfigKeys (ConfUtils.java:logGet(43)) - raft.server.rpc.request.timeout = 3000ms (default)
2019-08-21 15:25:52,605 [0fd88f8c-6b3d-41ef-987e-b97c2c0b5243:group-707094CE100D:LeaderElection12] INFO  server.RaftServerConfigKeys (ConfUtils.java:logGet(43)) - raft.server.log.appender.install.snapshot.enabled = false (custom)
2019-08-21 15:25:52,605 [0fd88f8c-6b3d-41ef-987e-b97c2c0b5243:group-707094CE100D:LeaderElection12] INFO  impl.RoleInfo (RoleInfo.java:updateAndGet(143)) - 0fd88f8c-6b3d-41ef-987e-b97c2c0b5243: start LeaderState
2019-08-21 15:25:52,605 [0fd88f8c-6b3d-41ef-987e-b97c2c0b5243:group-707094CE100D:LeaderElection12] INFO  segmented.SegmentedRaftLogWorker (SegmentedRaftLogWorker.java:startLogSegment(380)) - 0fd88f8c-6b3d-41ef-987e-b97c2c0b5243-SegmentedRaftLogWorker:Storage Directory /workdir/hadoop-ozone/integration-test/target/test-dir/MiniOzoneClusterImpl-347934cf-c549-4c2f-b9a9-78d2da9c4574/datanode-4/data/ratis/3efdfce1-48f1-4c64-a0a7-707094ce100d: Starting segment from index:0
2019-08-21 15:25:52,606 [0fd88f8c-6b3d-41ef-987e-b97c2c0b5243:group-707094CE100D:LeaderElection12] INFO  impl.RaftServerImpl (ServerState.java:setRaftConf(361)) - 0fd88f8c-6b3d-41ef-987e-b97c2c0b5243:group-707094CE100D set configuration 0: [7cd51e96-9e9a-4fa6-9923-5d34258d4f7e:192.168.69.66:42148, 365de576-2a66-45d6-9e61-a070dcb6ef76:192.168.69.66:34536, 0fd88f8c-6b3d-41ef-987e-b97c2c0b5243:192.168.69.66:36687], old=null at 0
2019-08-21 15:25:52,609 [grpc-default-executor-0] INFO  impl.RaftServerImpl (ServerState.java:setLeader(263)) - 365de576-2a66-45d6-9e61-a070dcb6ef76:group-707094CE100D change Leader from null to 0fd88f8c-6b3d-41ef-987e-b97c2c0b5243 at term 2 for appendEntries, leader elected after 10357ms
2019-08-21 15:25:52,639 [grpc-default-executor-2] INFO  impl.RaftServerImpl (ServerState.java:setLeader(263)) - 7cd51e96-9e9a-4fa6-9923-5d34258d4f7e:group-707094CE100D change Leader from null to 0fd88f8c-6b3d-41ef-987e-b97c2c0b5243 at term 2 for appendEntries, leader elected after 10387ms
2019-08-21 15:25:52,640 | INFO  | SCMAudit | user=jenkins1000 | ip=192.168.69.66 | op=SEND_HEARTBEAT {datanodeUUID=365de576-2a66-45d6-9e61-a070dcb6ef76, command=[]} | ret=SUCCESS |  
2019-08-21 15:25:52,644 [grpc-default-executor-0] INFO  impl.RaftServerImpl (ServerState.java:setRaftConf(361)) - 7cd51e96-9e9a-4fa6-9923-5d34258d4f7e:group-707094CE100D set configuration 0: [7cd51e96-9e9a-4fa6-9923-5d34258d4f7e:192.168.69.66:42148, 365de576-2a66-45d6-9e61-a070dcb6ef76:192.168.69.66:34536, 0fd88f8c-6b3d-41ef-987e-b97c2c0b5243:192.168.69.66:36687], old=null at 0
2019-08-21 15:25:52,644 [grpc-default-executor-2] INFO  impl.RaftServerImpl (ServerState.java:setRaftConf(361)) - 365de576-2a66-45d6-9e61-a070dcb6ef76:group-707094CE100D set configuration 0: [7cd51e96-9e9a-4fa6-9923-5d34258d4f7e:192.168.69.66:42148, 365de576-2a66-45d6-9e61-a070dcb6ef76:192.168.69.66:34536, 0fd88f8c-6b3d-41ef-987e-b97c2c0b5243:192.168.69.66:36687], old=null at 0
2019-08-21 15:25:52,644 [grpc-default-executor-0] INFO  segmented.SegmentedRaftLogWorker (SegmentedRaftLogWorker.java:startLogSegment(380)) - 7cd51e96-9e9a-4fa6-9923-5d34258d4f7e-SegmentedRaftLogWorker:Storage Directory /workdir/hadoop-ozone/integration-test/target/test-dir/MiniOzoneClusterImpl-347934cf-c549-4c2f-b9a9-78d2da9c4574/datanode-5/data/ratis/3efdfce1-48f1-4c64-a0a7-707094ce100d: Starting segment from index:0
2019-08-21 15:25:52,644 [grpc-default-executor-2] INFO  segmented.SegmentedRaftLogWorker (SegmentedRaftLogWorker.java:startLogSegment(380)) - 365de576-2a66-45d6-9e61-a070dcb6ef76-SegmentedRaftLogWorker:Storage Directory /workdir/hadoop-ozone/integration-test/target/test-dir/MiniOzoneClusterImpl-347934cf-c549-4c2f-b9a9-78d2da9c4574/datanode-1/data/ratis/3efdfce1-48f1-4c64-a0a7-707094ce100d: Starting segment from index:0
2019-08-21 15:25:52,651 [0fd88f8c-6b3d-41ef-987e-b97c2c0b5243-SegmentedRaftLogWorker:Storage Directory /workdir/hadoop-ozone/integration-test/target/test-dir/MiniOzoneClusterImpl-347934cf-c549-4c2f-b9a9-78d2da9c4574/datanode-4/data/ratis/3efdfce1-48f1-4c64-a0a7-707094ce100d] INFO  segmented.SegmentedRaftLogWorker (SegmentedRaftLogWorker.java:execute(569)) - 0fd88f8c-6b3d-41ef-987e-b97c2c0b5243-SegmentedRaftLogWorker:Storage Directory /workdir/hadoop-ozone/integration-test/target/test-dir/MiniOzoneClusterImpl-347934cf-c549-4c2f-b9a9-78d2da9c4574/datanode-4/data/ratis/3efdfce1-48f1-4c64-a0a7-707094ce100d: created new log segment /workdir/hadoop-ozone/integration-test/target/test-dir/MiniOzoneClusterImpl-347934cf-c549-4c2f-b9a9-78d2da9c4574/datanode-4/data/ratis/3efdfce1-48f1-4c64-a0a7-707094ce100d/current/log_inprogress_0
2019-08-21 15:25:52,693 [7cd51e96-9e9a-4fa6-9923-5d34258d4f7e-SegmentedRaftLogWorker:Storage Directory /workdir/hadoop-ozone/integration-test/target/test-dir/MiniOzoneClusterImpl-347934cf-c549-4c2f-b9a9-78d2da9c4574/datanode-5/data/ratis/3efdfce1-48f1-4c64-a0a7-707094ce100d] INFO  segmented.SegmentedRaftLogWorker (SegmentedRaftLogWorker.java:execute(569)) - 7cd51e96-9e9a-4fa6-9923-5d34258d4f7e-SegmentedRaftLogWorker:Storage Directory /workdir/hadoop-ozone/integration-test/target/test-dir/MiniOzoneClusterImpl-347934cf-c549-4c2f-b9a9-78d2da9c4574/datanode-5/data/ratis/3efdfce1-48f1-4c64-a0a7-707094ce100d: created new log segment /workdir/hadoop-ozone/integration-test/target/test-dir/MiniOzoneClusterImpl-347934cf-c549-4c2f-b9a9-78d2da9c4574/datanode-5/data/ratis/3efdfce1-48f1-4c64-a0a7-707094ce100d/current/log_inprogress_0
2019-08-21 15:25:52,693 [365de576-2a66-45d6-9e61-a070dcb6ef76-SegmentedRaftLogWorker:Storage Directory /workdir/hadoop-ozone/integration-test/target/test-dir/MiniOzoneClusterImpl-347934cf-c549-4c2f-b9a9-78d2da9c4574/datanode-1/data/ratis/3efdfce1-48f1-4c64-a0a7-707094ce100d] INFO  segmented.SegmentedRaftLogWorker (SegmentedRaftLogWorker.java:execute(569)) - 365de576-2a66-45d6-9e61-a070dcb6ef76-SegmentedRaftLogWorker:Storage Directory /workdir/hadoop-ozone/integration-test/target/test-dir/MiniOzoneClusterImpl-347934cf-c549-4c2f-b9a9-78d2da9c4574/datanode-1/data/ratis/3efdfce1-48f1-4c64-a0a7-707094ce100d: created new log segment /workdir/hadoop-ozone/integration-test/target/test-dir/MiniOzoneClusterImpl-347934cf-c549-4c2f-b9a9-78d2da9c4574/datanode-1/data/ratis/3efdfce1-48f1-4c64-a0a7-707094ce100d/current/log_inprogress_0
2019-08-21 15:25:53,226 | INFO  | SCMAudit | user=jenkins1000 | ip=192.168.69.66 | op=SEND_HEARTBEAT {datanodeUUID=d9b07869-42ab-49cb-b7c3-7a1f30a8fac0, command=[]} | ret=SUCCESS |  
2019-08-21 15:25:53,242 | INFO  | SCMAudit | user=jenkins1000 | ip=192.168.69.66 | op=SEND_HEARTBEAT {datanodeUUID=1aacd0c4-76a7-48b7-8ae6-c1c768db399a, command=[]} | ret=SUCCESS |  
2019-08-21 15:25:53,242 | INFO  | SCMAudit | user=jenkins1000 | ip=192.168.69.66 | op=SEND_HEARTBEAT {datanodeUUID=20f26f50-31a5-4065-a99c-917b728ca18a, command=[]} | ret=SUCCESS |  
2019-08-21 15:25:53,297 [main] INFO  ozoneimpl.OzoneContainer (OzoneContainer.java:stop(199)) - Attempting to stop container services.
2019-08-21 15:25:53,301 [main] INFO  impl.RaftServerProxy (RaftServerProxy.java:lambda$close$4(314)) - a382de20-91b6-4175-90f3-7f10d3274d35: close
2019-08-21 15:25:53,303 | INFO  | SCMAudit | user=jenkins1000 | ip=192.168.69.66 | op=SEND_HEARTBEAT {datanodeUUID=0fd88f8c-6b3d-41ef-987e-b97c2c0b5243, command=[]} | ret=SUCCESS |  
2019-08-21 15:25:53,304 [main] INFO  impl.RaftServerImpl (RaftServerImpl.java:lambda$shutdown$3(245)) - a382de20-91b6-4175-90f3-7f10d3274d35: shutdown group-8C515FE36C8F
2019-08-21 15:25:53,304 [main] INFO  util.JmxRegister (JmxRegister.java:unregister(73)) - Successfully un-registered JMX Bean with object name Ratis:service=RaftServer,group=group-8C515FE36C8F,id=a382de20-91b6-4175-90f3-7f10d3274d35
2019-08-21 15:25:53,305 [main] INFO  impl.RoleInfo (RoleInfo.java:shutdownLeaderState(104)) - a382de20-91b6-4175-90f3-7f10d3274d35: shutdown LeaderState
2019-08-21 15:25:53,309 [org.apache.ratis.server.impl.LogAppender$AppenderDaemon$$Lambda$447/1393913186@758447c3] WARN  server.GrpcLogAppender (GrpcLogAppender.java:mayWait(143)) - GrpcLogAppender(a382de20-91b6-4175-90f3-7f10d3274d35->20f26f50-31a5-4065-a99c-917b728ca18a): Wait interrupted by java.lang.InterruptedException
2019-08-21 15:25:53,321 [main] INFO  impl.PendingRequests (PendingRequests.java:sendNotLeaderResponses(202)) - a382de20-91b6-4175-90f3-7f10d3274d35-PendingRequests: sendNotLeaderResponses
2019-08-21 15:25:53,309 [org.apache.ratis.server.impl.LogAppender$AppenderDaemon$$Lambda$447/1393913186@1a25d34b] WARN  server.GrpcLogAppender (GrpcLogAppender.java:mayWait(143)) - GrpcLogAppender(a382de20-91b6-4175-90f3-7f10d3274d35->1aacd0c4-76a7-48b7-8ae6-c1c768db399a): Wait interrupted by java.lang.InterruptedException
2019-08-21 15:25:53,325 [grpc-default-executor-2] INFO  server.GrpcServerProtocolService (GrpcServerProtocolService.java:onCompleted(104)) - 1aacd0c4-76a7-48b7-8ae6-c1c768db399a: appendEntries completed
2019-08-21 15:25:53,325 [grpc-default-executor-0] INFO  server.GrpcServerProtocolService (GrpcServerProtocolService.java:onCompleted(104)) - 20f26f50-31a5-4065-a99c-917b728ca18a: appendEntries completed
2019-08-21 15:25:53,335 [main] INFO  impl.StateMachineUpdater (StateMachineUpdater.java:stopAndJoin(115)) - StateMachineUpdater:a382de20-91b6-4175-90f3-7f10d3274d35:group-8C515FE36C8F: set stopIndex = 2
2019-08-21 15:25:53,337 [StateMachineUpdater:a382de20-91b6-4175-90f3-7f10d3274d35:group-8C515FE36C8F] INFO  ratis.ContainerStateMachine (ContainerStateMachine.java:takeSnapshot(283)) - group-8C515FE36C8F: Taking a snapshot at:(t:1, i:2) file /workdir/hadoop-ozone/integration-test/target/test-dir/MiniOzoneClusterImpl-347934cf-c549-4c2f-b9a9-78d2da9c4574/datanode-0/data/ratis/7472164b-5118-4dbd-bc59-8c515fe36c8f/sm/snapshot.1_2
2019-08-21 15:25:53,335 [grpc-default-executor-0] INFO  server.GrpcLogAppender (GrpcLogAppender.java:onCompleted(292)) - a382de20-91b6-4175-90f3-7f10d3274d35->1aacd0c4-76a7-48b7-8ae6-c1c768db399a: follower responses appendEntries COMPLETED
2019-08-21 15:25:53,344 [grpc-default-executor-0] INFO  impl.FollowerInfo (FollowerInfo.java:lambda$new$0(50)) - a382de20-91b6-4175-90f3-7f10d3274d35->1aacd0c4-76a7-48b7-8ae6-c1c768db399a: nextIndex: updateUnconditionally 3 -> 2
2019-08-21 15:25:53,344 [grpc-default-executor-2] INFO  server.GrpcLogAppender (GrpcLogAppender.java:onCompleted(292)) - a382de20-91b6-4175-90f3-7f10d3274d35->20f26f50-31a5-4065-a99c-917b728ca18a: follower responses appendEntries COMPLETED
2019-08-21 15:25:53,347 [grpc-default-executor-2] INFO  impl.FollowerInfo (FollowerInfo.java:lambda$new$0(50)) - a382de20-91b6-4175-90f3-7f10d3274d35->20f26f50-31a5-4065-a99c-917b728ca18a: nextIndex: updateUnconditionally 3 -> 2
2019-08-21 15:25:53,369 [StateMachineUpdater:a382de20-91b6-4175-90f3-7f10d3274d35:group-8C515FE36C8F] INFO  ratis.ContainerStateMachine (ContainerStateMachine.java:takeSnapshot(294)) - group-8C515FE36C8F: Finished taking a snapshot at:(t:1, i:2) file:/workdir/hadoop-ozone/integration-test/target/test-dir/MiniOzoneClusterImpl-347934cf-c549-4c2f-b9a9-78d2da9c4574/datanode-0/data/ratis/7472164b-5118-4dbd-bc59-8c515fe36c8f/sm/snapshot.1_2 time:34
2019-08-21 15:25:53,370 [StateMachineUpdater:a382de20-91b6-4175-90f3-7f10d3274d35:group-8C515FE36C8F] INFO  impl.StateMachineUpdater (StateMachineUpdater.java:takeSnapshot(242)) - StateMachineUpdater:a382de20-91b6-4175-90f3-7f10d3274d35:group-8C515FE36C8F: Took a snapshot at index 2
2019-08-21 15:25:53,373 [StateMachineUpdater:a382de20-91b6-4175-90f3-7f10d3274d35:group-8C515FE36C8F] INFO  impl.StateMachineUpdater (StateMachineUpdater.java:lambda$new$0(80)) - StateMachineUpdater:a382de20-91b6-4175-90f3-7f10d3274d35:group-8C515FE36C8F: snapshotIndex: updateIncreasingly -1 -> 2
2019-08-21 15:25:53,382 [main] INFO  impl.RaftServerImpl (ServerState.java:close(394)) - a382de20-91b6-4175-90f3-7f10d3274d35:group-8C515FE36C8F closes. The last applied log index is 2
2019-08-21 15:25:53,384 [a382de20-91b6-4175-90f3-7f10d3274d35-SegmentedRaftLogWorker:Storage Directory /workdir/hadoop-ozone/integration-test/target/test-dir/MiniOzoneClusterImpl-347934cf-c549-4c2f-b9a9-78d2da9c4574/datanode-0/data/ratis/7472164b-5118-4dbd-bc59-8c515fe36c8f] INFO  segmented.SegmentedRaftLogWorker (SegmentedRaftLogWorker.java:run(313)) - a382de20-91b6-4175-90f3-7f10d3274d35-SegmentedRaftLogWorker:Storage Directory /workdir/hadoop-ozone/integration-test/target/test-dir/MiniOzoneClusterImpl-347934cf-c549-4c2f-b9a9-78d2da9c4574/datanode-0/data/ratis/7472164b-5118-4dbd-bc59-8c515fe36c8f was interrupted, exiting. There are 0 tasks remaining in the queue.
2019-08-21 15:25:53,387 [main] INFO  segmented.SegmentedRaftLogWorker (SegmentedRaftLogWorker.java:close(228)) - a382de20-91b6-4175-90f3-7f10d3274d35-SegmentedRaftLogWorker:Storage Directory /workdir/hadoop-ozone/integration-test/target/test-dir/MiniOzoneClusterImpl-347934cf-c549-4c2f-b9a9-78d2da9c4574/datanode-0/data/ratis/7472164b-5118-4dbd-bc59-8c515fe36c8f close()
2019-08-21 15:25:53,392 [main] INFO  impl.RaftServerImpl (RaftServerImpl.java:lambda$shutdown$3(245)) - a382de20-91b6-4175-90f3-7f10d3274d35: shutdown group-5D37C5E07CB6
2019-08-21 15:25:53,392 [main] INFO  util.JmxRegister (JmxRegister.java:unregister(73)) - Successfully un-registered JMX Bean with object name Ratis:service=RaftServer,group=group-5D37C5E07CB6,id=a382de20-91b6-4175-90f3-7f10d3274d35
2019-08-21 15:25:53,393 [main] INFO  impl.RoleInfo (RoleInfo.java:shutdownLeaderState(104)) - a382de20-91b6-4175-90f3-7f10d3274d35: shutdown LeaderState
2019-08-21 15:25:53,393 [main] INFO  impl.PendingRequests (PendingRequests.java:sendNotLeaderResponses(202)) - a382de20-91b6-4175-90f3-7f10d3274d35-PendingRequests: sendNotLeaderResponses
2019-08-21 15:25:53,394 [main] INFO  impl.StateMachineUpdater (StateMachineUpdater.java:stopAndJoin(115)) - StateMachineUpdater:a382de20-91b6-4175-90f3-7f10d3274d35:group-5D37C5E07CB6: set stopIndex = 0
2019-08-21 15:25:53,394 [main] INFO  impl.RaftServerImpl (ServerState.java:close(394)) - a382de20-91b6-4175-90f3-7f10d3274d35:group-5D37C5E07CB6 closes. The last applied log index is 0
2019-08-21 15:25:53,395 [a382de20-91b6-4175-90f3-7f10d3274d35-SegmentedRaftLogWorker:Storage Directory /workdir/hadoop-ozone/integration-test/target/test-dir/MiniOzoneClusterImpl-347934cf-c549-4c2f-b9a9-78d2da9c4574/datanode-0/data/ratis/c29be607-01cc-4140-ad8a-5d37c5e07cb6] INFO  segmented.SegmentedRaftLogWorker (SegmentedRaftLogWorker.java:run(313)) - a382de20-91b6-4175-90f3-7f10d3274d35-SegmentedRaftLogWorker:Storage Directory /workdir/hadoop-ozone/integration-test/target/test-dir/MiniOzoneClusterImpl-347934cf-c549-4c2f-b9a9-78d2da9c4574/datanode-0/data/ratis/c29be607-01cc-4140-ad8a-5d37c5e07cb6 was interrupted, exiting. There are 0 tasks remaining in the queue.
2019-08-21 15:25:53,399 [main] INFO  segmented.SegmentedRaftLogWorker (SegmentedRaftLogWorker.java:close(228)) - a382de20-91b6-4175-90f3-7f10d3274d35-SegmentedRaftLogWorker:Storage Directory /workdir/hadoop-ozone/integration-test/target/test-dir/MiniOzoneClusterImpl-347934cf-c549-4c2f-b9a9-78d2da9c4574/datanode-0/data/ratis/c29be607-01cc-4140-ad8a-5d37c5e07cb6 close()
2019-08-21 15:25:53,403 [main] INFO  server.GrpcService (GrpcService.java:closeImpl(155)) - a382de20-91b6-4175-90f3-7f10d3274d35: shutdown server with port 42817 now
2019-08-21 15:25:53,406 [main] INFO  server.GrpcService (GrpcService.java:closeImpl(163)) - a382de20-91b6-4175-90f3-7f10d3274d35: shutdown server with port 42817 successfully
2019-08-21 15:25:53,408 [main] INFO  utils.BackgroundService (BackgroundService.java:shutdown(148)) - Shutting down service BlockDeletingService
2019-08-21 15:25:53,409 [refreshUsed-/workdir/hadoop-ozone/integration-test/target/test-dir/MiniOzoneClusterImpl-347934cf-c549-4c2f-b9a9-78d2da9c4574/datanode-0/data/containers] WARN  fs.CachingGetSpaceUsed (CachingGetSpaceUsed.java:run(183)) - Thread Interrupted waiting to refresh disk information: sleep interrupted
2019-08-21 15:25:53,438 [main] INFO  statemachine.DatanodeStateMachine (DatanodeStateMachine.java:stopDaemon(395)) - Ozone container server stopped.
2019-08-21 15:25:53,442 [main] INFO  handler.ContextHandler (ContextHandler.java:doStop(910)) - Stopped o.e.j.w.WebAppContext@a5272be{/,null,UNAVAILABLE}{/hddsDatanode}
2019-08-21 15:25:53,448 [main] INFO  server.AbstractConnector (AbstractConnector.java:doStop(318)) - Stopped ServerConnector@58ba5b30{HTTP/1.1,[http/1.1]}{0.0.0.0:0}
2019-08-21 15:25:53,448 [main] INFO  handler.ContextHandler (ContextHandler.java:doStop(910)) - Stopped o.e.j.s.ServletContextHandler@1cc680e{/static,jar:file:/home/user/.m2/repository/org/apache/hadoop/hadoop-hdds-container-service/0.5.0-SNAPSHOT/hadoop-hdds-container-service-0.5.0-SNAPSHOT.jar!/webapps/static,UNAVAILABLE}
2019-08-21 15:25:53,449 [main] INFO  handler.ContextHandler (ContextHandler.java:doStop(910)) - Stopped o.e.j.s.ServletContextHandler@22eaa86e{/logs,file:///workdir/hadoop-ozone/integration-test/target/log,UNAVAILABLE}
2019-08-21 15:25:53,572 | INFO  | SCMAudit | user=jenkins1000 | ip=192.168.69.66 | op=SEND_HEARTBEAT {datanodeUUID=7cd51e96-9e9a-4fa6-9923-5d34258d4f7e, command=[]} | ret=SUCCESS |  
2019-08-21 15:25:53,640 | INFO  | SCMAudit | user=jenkins1000 | ip=192.168.69.66 | op=SEND_HEARTBEAT {datanodeUUID=365de576-2a66-45d6-9e61-a070dcb6ef76, command=[]} | ret=SUCCESS |  
2019-08-21 15:25:54,227 | INFO  | SCMAudit | user=jenkins1000 | ip=192.168.69.66 | op=SEND_HEARTBEAT {datanodeUUID=d9b07869-42ab-49cb-b7c3-7a1f30a8fac0, command=[]} | ret=SUCCESS |  
2019-08-21 15:25:54,242 | INFO  | SCMAudit | user=jenkins1000 | ip=192.168.69.66 | op=SEND_HEARTBEAT {datanodeUUID=20f26f50-31a5-4065-a99c-917b728ca18a, command=[]} | ret=SUCCESS |  
2019-08-21 15:25:54,243 | INFO  | SCMAudit | user=jenkins1000 | ip=192.168.69.66 | op=SEND_HEARTBEAT {datanodeUUID=1aacd0c4-76a7-48b7-8ae6-c1c768db399a, command=[]} | ret=SUCCESS |  
2019-08-21 15:25:54,302 | INFO  | SCMAudit | user=jenkins1000 | ip=192.168.69.66 | op=SEND_HEARTBEAT {datanodeUUID=0fd88f8c-6b3d-41ef-987e-b97c2c0b5243, command=[]} | ret=SUCCESS |  
2019-08-21 15:25:54,572 | INFO  | SCMAudit | user=jenkins1000 | ip=192.168.69.66 | op=SEND_HEARTBEAT {datanodeUUID=7cd51e96-9e9a-4fa6-9923-5d34258d4f7e, command=[]} | ret=SUCCESS |  
2019-08-21 15:25:54,641 | INFO  | SCMAudit | user=jenkins1000 | ip=192.168.69.66 | op=SEND_HEARTBEAT {datanodeUUID=365de576-2a66-45d6-9e61-a070dcb6ef76, command=[]} | ret=SUCCESS |  
2019-08-21 15:25:55,227 | INFO  | SCMAudit | user=jenkins1000 | ip=192.168.69.66 | op=SEND_HEARTBEAT {datanodeUUID=d9b07869-42ab-49cb-b7c3-7a1f30a8fac0, command=[]} | ret=SUCCESS |  
2019-08-21 15:25:55,242 | INFO  | SCMAudit | user=jenkins1000 | ip=192.168.69.66 | op=SEND_HEARTBEAT {datanodeUUID=20f26f50-31a5-4065-a99c-917b728ca18a, command=[]} | ret=SUCCESS |  
2019-08-21 15:25:55,243 | INFO  | SCMAudit | user=jenkins1000 | ip=192.168.69.66 | op=SEND_HEARTBEAT {datanodeUUID=1aacd0c4-76a7-48b7-8ae6-c1c768db399a, command=[]} | ret=SUCCESS |  
2019-08-21 15:25:55,303 | INFO  | SCMAudit | user=jenkins1000 | ip=192.168.69.66 | op=SEND_HEARTBEAT {datanodeUUID=0fd88f8c-6b3d-41ef-987e-b97c2c0b5243, command=[]} | ret=SUCCESS |  
2019-08-21 15:25:55,494 [grpc-default-executor-0] INFO  client.GrpcClientProtocolClient (GrpcClientProtocolClient.java:onNext(255)) - client-8F68879DA1B4->1aacd0c4-76a7-48b7-8ae6-c1c768db399a: receive RaftClientReply:client-8F68879DA1B4->1aacd0c4-76a7-48b7-8ae6-c1c768db399a@group-8C515FE36C8F, cid=14, FAILED org.apache.ratis.protocol.NotLeaderException: Server 1aacd0c4-76a7-48b7-8ae6-c1c768db399a is not the leader (a382de20-91b6-4175-90f3-7f10d3274d35:192.168.69.66:42817). Request must be sent to leader., logIndex=0, commits[1aacd0c4-76a7-48b7-8ae6-c1c768db399a:c2, 20f26f50-31a5-4065-a99c-917b728ca18a:c2, a382de20-91b6-4175-90f3-7f10d3274d35:c2]
2019-08-21 15:25:55,573 | INFO  | SCMAudit | user=jenkins1000 | ip=192.168.69.66 | op=SEND_HEARTBEAT {datanodeUUID=7cd51e96-9e9a-4fa6-9923-5d34258d4f7e, command=[]} | ret=SUCCESS |  
2019-08-21 15:25:55,642 | INFO  | SCMAudit | user=jenkins1000 | ip=192.168.69.66 | op=SEND_HEARTBEAT {datanodeUUID=365de576-2a66-45d6-9e61-a070dcb6ef76, command=[]} | ret=SUCCESS |  
2019-08-21 15:25:56,227 | INFO  | SCMAudit | user=jenkins1000 | ip=192.168.69.66 | op=SEND_HEARTBEAT {datanodeUUID=d9b07869-42ab-49cb-b7c3-7a1f30a8fac0, command=[]} | ret=SUCCESS |  
2019-08-21 15:25:56,243 | INFO  | SCMAudit | user=jenkins1000 | ip=192.168.69.66 | op=SEND_HEARTBEAT {datanodeUUID=20f26f50-31a5-4065-a99c-917b728ca18a, command=[]} | ret=SUCCESS |  
2019-08-21 15:25:56,243 | INFO  | SCMAudit | user=jenkins1000 | ip=192.168.69.66 | op=SEND_HEARTBEAT {datanodeUUID=1aacd0c4-76a7-48b7-8ae6-c1c768db399a, command=[]} | ret=SUCCESS |  
2019-08-21 15:25:56,304 | INFO  | SCMAudit | user=jenkins1000 | ip=192.168.69.66 | op=SEND_HEARTBEAT {datanodeUUID=0fd88f8c-6b3d-41ef-987e-b97c2c0b5243, command=[]} | ret=SUCCESS |  
2019-08-21 15:25:56,528 [grpc-default-executor-3] INFO  client.GrpcClientProtocolClient (GrpcClientProtocolClient.java:onNext(255)) - client-8F68879DA1B4->20f26f50-31a5-4065-a99c-917b728ca18a: receive RaftClientReply:client-8F68879DA1B4->20f26f50-31a5-4065-a99c-917b728ca18a@group-8C515FE36C8F, cid=14, FAILED org.apache.ratis.protocol.NotLeaderException: Server 20f26f50-31a5-4065-a99c-917b728ca18a is not the leader (a382de20-91b6-4175-90f3-7f10d3274d35:192.168.69.66:42817). Request must be sent to leader., logIndex=0, commits[20f26f50-31a5-4065-a99c-917b728ca18a:c2, a382de20-91b6-4175-90f3-7f10d3274d35:c2, 1aacd0c4-76a7-48b7-8ae6-c1c768db399a:c2]
2019-08-21 15:25:56,572 | INFO  | SCMAudit | user=jenkins1000 | ip=192.168.69.66 | op=SEND_HEARTBEAT {datanodeUUID=7cd51e96-9e9a-4fa6-9923-5d34258d4f7e, command=[]} | ret=SUCCESS |  
2019-08-21 15:25:56,643 | INFO  | SCMAudit | user=jenkins1000 | ip=192.168.69.66 | op=SEND_HEARTBEAT {datanodeUUID=365de576-2a66-45d6-9e61-a070dcb6ef76, command=[]} | ret=SUCCESS |  
2019-08-21 15:25:57,227 | INFO  | SCMAudit | user=jenkins1000 | ip=192.168.69.66 | op=SEND_HEARTBEAT {datanodeUUID=d9b07869-42ab-49cb-b7c3-7a1f30a8fac0, command=[]} | ret=SUCCESS |  
2019-08-21 15:25:57,242 | INFO  | SCMAudit | user=jenkins1000 | ip=192.168.69.66 | op=SEND_HEARTBEAT {datanodeUUID=20f26f50-31a5-4065-a99c-917b728ca18a, command=[]} | ret=SUCCESS |  
2019-08-21 15:25:57,243 | INFO  | SCMAudit | user=jenkins1000 | ip=192.168.69.66 | op=SEND_HEARTBEAT {datanodeUUID=1aacd0c4-76a7-48b7-8ae6-c1c768db399a, command=[]} | ret=SUCCESS |  
2019-08-21 15:25:57,309 | INFO  | SCMAudit | user=jenkins1000 | ip=192.168.69.66 | op=SEND_HEARTBEAT {datanodeUUID=0fd88f8c-6b3d-41ef-987e-b97c2c0b5243, command=[]} | ret=SUCCESS |  
2019-08-21 15:25:57,559 [grpc-default-executor-0] INFO  client.GrpcClientProtocolClient (GrpcClientProtocolClient.java:onNext(255)) - client-8F68879DA1B4->20f26f50-31a5-4065-a99c-917b728ca18a: receive RaftClientReply:client-8F68879DA1B4->20f26f50-31a5-4065-a99c-917b728ca18a@group-8C515FE36C8F, cid=14, FAILED org.apache.ratis.protocol.NotLeaderException: Server 20f26f50-31a5-4065-a99c-917b728ca18a is not the leader (a382de20-91b6-4175-90f3-7f10d3274d35:192.168.69.66:42817). Request must be sent to leader., logIndex=0, commits[20f26f50-31a5-4065-a99c-917b728ca18a:c2, a382de20-91b6-4175-90f3-7f10d3274d35:c2, 1aacd0c4-76a7-48b7-8ae6-c1c768db399a:c2]
2019-08-21 15:25:57,574 | INFO  | SCMAudit | user=jenkins1000 | ip=192.168.69.66 | op=SEND_HEARTBEAT {datanodeUUID=7cd51e96-9e9a-4fa6-9923-5d34258d4f7e, command=[]} | ret=SUCCESS |  
2019-08-21 15:25:57,644 | INFO  | SCMAudit | user=jenkins1000 | ip=192.168.69.66 | op=SEND_HEARTBEAT {datanodeUUID=365de576-2a66-45d6-9e61-a070dcb6ef76, command=[]} | ret=SUCCESS |  
2019-08-21 15:25:58,228 | INFO  | SCMAudit | user=jenkins1000 | ip=192.168.69.66 | op=SEND_HEARTBEAT {datanodeUUID=d9b07869-42ab-49cb-b7c3-7a1f30a8fac0, command=[]} | ret=SUCCESS |  
2019-08-21 15:25:58,242 | INFO  | SCMAudit | user=jenkins1000 | ip=192.168.69.66 | op=SEND_HEARTBEAT {datanodeUUID=20f26f50-31a5-4065-a99c-917b728ca18a, command=[]} | ret=SUCCESS |  
2019-08-21 15:25:58,244 | INFO  | SCMAudit | user=jenkins1000 | ip=192.168.69.66 | op=SEND_HEARTBEAT {datanodeUUID=1aacd0c4-76a7-48b7-8ae6-c1c768db399a, command=[]} | ret=SUCCESS |  
2019-08-21 15:25:58,303 | INFO  | SCMAudit | user=jenkins1000 | ip=192.168.69.66 | op=SEND_HEARTBEAT {datanodeUUID=0fd88f8c-6b3d-41ef-987e-b97c2c0b5243, command=[]} | ret=SUCCESS |  
2019-08-21 15:25:58,574 | INFO  | SCMAudit | user=jenkins1000 | ip=192.168.69.66 | op=SEND_HEARTBEAT {datanodeUUID=7cd51e96-9e9a-4fa6-9923-5d34258d4f7e, command=[]} | ret=SUCCESS |  
2019-08-21 15:25:58,588 [grpc-default-executor-0] INFO  client.GrpcClientProtocolClient (GrpcClientProtocolClient.java:onNext(255)) - client-8F68879DA1B4->20f26f50-31a5-4065-a99c-917b728ca18a: receive RaftClientReply:client-8F68879DA1B4->20f26f50-31a5-4065-a99c-917b728ca18a@group-8C515FE36C8F, cid=14, FAILED org.apache.ratis.protocol.NotLeaderException: Server 20f26f50-31a5-4065-a99c-917b728ca18a is not the leader (a382de20-91b6-4175-90f3-7f10d3274d35:192.168.69.66:42817). Request must be sent to leader., logIndex=0, commits[20f26f50-31a5-4065-a99c-917b728ca18a:c2, a382de20-91b6-4175-90f3-7f10d3274d35:c2, 1aacd0c4-76a7-48b7-8ae6-c1c768db399a:c2]
2019-08-21 15:25:58,645 | INFO  | SCMAudit | user=jenkins1000 | ip=192.168.69.66 | op=SEND_HEARTBEAT {datanodeUUID=365de576-2a66-45d6-9e61-a070dcb6ef76, command=[]} | ret=SUCCESS |  
2019-08-21 15:25:59,229 | INFO  | SCMAudit | user=jenkins1000 | ip=192.168.69.66 | op=SEND_HEARTBEAT {datanodeUUID=d9b07869-42ab-49cb-b7c3-7a1f30a8fac0, command=[]} | ret=SUCCESS |  
2019-08-21 15:25:59,243 | INFO  | SCMAudit | user=jenkins1000 | ip=192.168.69.66 | op=SEND_HEARTBEAT {datanodeUUID=20f26f50-31a5-4065-a99c-917b728ca18a, command=[]} | ret=SUCCESS |  
2019-08-21 15:25:59,243 | INFO  | SCMAudit | user=jenkins1000 | ip=192.168.69.66 | op=SEND_HEARTBEAT {datanodeUUID=1aacd0c4-76a7-48b7-8ae6-c1c768db399a, command=[]} | ret=SUCCESS |  
2019-08-21 15:25:59,304 | INFO  | SCMAudit | user=jenkins1000 | ip=192.168.69.66 | op=SEND_HEARTBEAT {datanodeUUID=0fd88f8c-6b3d-41ef-987e-b97c2c0b5243, command=[]} | ret=SUCCESS |  
2019-08-21 15:25:59,575 | INFO  | SCMAudit | user=jenkins1000 | ip=192.168.69.66 | op=SEND_HEARTBEAT {datanodeUUID=7cd51e96-9e9a-4fa6-9923-5d34258d4f7e, command=[]} | ret=SUCCESS |  
2019-08-21 15:25:59,621 [grpc-default-executor-3] INFO  client.GrpcClientProtocolClient (GrpcClientProtocolClient.java:onNext(255)) - client-8F68879DA1B4->20f26f50-31a5-4065-a99c-917b728ca18a: receive RaftClientReply:client-8F68879DA1B4->20f26f50-31a5-4065-a99c-917b728ca18a@group-8C515FE36C8F, cid=14, FAILED org.apache.ratis.protocol.NotLeaderException: Server 20f26f50-31a5-4065-a99c-917b728ca18a is not the leader (a382de20-91b6-4175-90f3-7f10d3274d35:192.168.69.66:42817). Request must be sent to leader., logIndex=0, commits[20f26f50-31a5-4065-a99c-917b728ca18a:c2, a382de20-91b6-4175-90f3-7f10d3274d35:c2, 1aacd0c4-76a7-48b7-8ae6-c1c768db399a:c2]
2019-08-21 15:25:59,645 | INFO  | SCMAudit | user=jenkins1000 | ip=192.168.69.66 | op=SEND_HEARTBEAT {datanodeUUID=365de576-2a66-45d6-9e61-a070dcb6ef76, command=[]} | ret=SUCCESS |  
2019-08-21 15:26:00,230 | INFO  | SCMAudit | user=jenkins1000 | ip=192.168.69.66 | op=SEND_HEARTBEAT {datanodeUUID=d9b07869-42ab-49cb-b7c3-7a1f30a8fac0, command=[]} | ret=SUCCESS |  
2019-08-21 15:26:00,242 | INFO  | SCMAudit | user=jenkins1000 | ip=192.168.69.66 | op=SEND_HEARTBEAT {datanodeUUID=20f26f50-31a5-4065-a99c-917b728ca18a, command=[]} | ret=SUCCESS |  
2019-08-21 15:26:00,243 | INFO  | SCMAudit | user=jenkins1000 | ip=192.168.69.66 | op=SEND_HEARTBEAT {datanodeUUID=1aacd0c4-76a7-48b7-8ae6-c1c768db399a, command=[]} | ret=SUCCESS |  
2019-08-21 15:26:00,305 | INFO  | SCMAudit | user=jenkins1000 | ip=192.168.69.66 | op=SEND_HEARTBEAT {datanodeUUID=0fd88f8c-6b3d-41ef-987e-b97c2c0b5243, command=[]} | ret=SUCCESS |  
2019-08-21 15:26:00,574 | INFO  | SCMAudit | user=jenkins1000 | ip=192.168.69.66 | op=SEND_HEARTBEAT {datanodeUUID=7cd51e96-9e9a-4fa6-9923-5d34258d4f7e, command=[]} | ret=SUCCESS |  
2019-08-21 15:26:00,645 | INFO  | SCMAudit | user=jenkins1000 | ip=192.168.69.66 | op=SEND_HEARTBEAT {datanodeUUID=365de576-2a66-45d6-9e61-a070dcb6ef76, command=[]} | ret=SUCCESS |  
2019-08-21 15:26:00,670 [grpc-default-executor-2] INFO  client.GrpcClientProtocolClient (GrpcClientProtocolClient.java:onNext(255)) - client-8F68879DA1B4->20f26f50-31a5-4065-a99c-917b728ca18a: receive RaftClientReply:client-8F68879DA1B4->20f26f50-31a5-4065-a99c-917b728ca18a@group-8C515FE36C8F, cid=14, FAILED org.apache.ratis.protocol.NotLeaderException: Server 20f26f50-31a5-4065-a99c-917b728ca18a is not the leader (a382de20-91b6-4175-90f3-7f10d3274d35:192.168.69.66:42817). Request must be sent to leader., logIndex=0, commits[20f26f50-31a5-4065-a99c-917b728ca18a:c2, a382de20-91b6-4175-90f3-7f10d3274d35:c2, 1aacd0c4-76a7-48b7-8ae6-c1c768db399a:c2]
2019-08-21 15:26:01,230 | INFO  | SCMAudit | user=jenkins1000 | ip=192.168.69.66 | op=SEND_HEARTBEAT {datanodeUUID=d9b07869-42ab-49cb-b7c3-7a1f30a8fac0, command=[]} | ret=SUCCESS |  
2019-08-21 15:26:01,243 | INFO  | SCMAudit | user=jenkins1000 | ip=192.168.69.66 | op=SEND_HEARTBEAT {datanodeUUID=20f26f50-31a5-4065-a99c-917b728ca18a, command=[]} | ret=SUCCESS |  
2019-08-21 15:26:01,244 | INFO  | SCMAudit | user=jenkins1000 | ip=192.168.69.66 | op=SEND_HEARTBEAT {datanodeUUID=1aacd0c4-76a7-48b7-8ae6-c1c768db399a, command=[]} | ret=SUCCESS |  
2019-08-21 15:26:01,305 | INFO  | SCMAudit | user=jenkins1000 | ip=192.168.69.66 | op=SEND_HEARTBEAT {datanodeUUID=0fd88f8c-6b3d-41ef-987e-b97c2c0b5243, command=[]} | ret=SUCCESS |  
2019-08-21 15:26:01,574 | INFO  | SCMAudit | user=jenkins1000 | ip=192.168.69.66 | op=SEND_HEARTBEAT {datanodeUUID=7cd51e96-9e9a-4fa6-9923-5d34258d4f7e, command=[]} | ret=SUCCESS |  
2019-08-21 15:26:01,645 | INFO  | SCMAudit | user=jenkins1000 | ip=192.168.69.66 | op=SEND_HEARTBEAT {datanodeUUID=365de576-2a66-45d6-9e61-a070dcb6ef76, command=[]} | ret=SUCCESS |  
2019-08-21 15:26:01,983 [SCM Heartbeat Processing Thread - 0] ERROR node.NodeStateManager (NodeStateManager.java:checkNodesHealth(626)) - Total time spend processing datanode HB's is greater than configured values for datanode heartbeats. Please adjust the heartbeat configs. Time Spend on HB processing: 0 seconds Datanode heartbeat Interval: 100 seconds.
2019-08-21 15:26:01,993 [grpc-default-executor-0] INFO  client.GrpcClientProtocolClient (GrpcClientProtocolClient.java:onNext(255)) - client-8F68879DA1B4->1aacd0c4-76a7-48b7-8ae6-c1c768db399a: receive RaftClientReply:client-8F68879DA1B4->1aacd0c4-76a7-48b7-8ae6-c1c768db399a@group-8C515FE36C8F, cid=14, FAILED org.apache.ratis.protocol.NotLeaderException: Server 1aacd0c4-76a7-48b7-8ae6-c1c768db399a is not the leader (a382de20-91b6-4175-90f3-7f10d3274d35:192.168.69.66:42817). Request must be sent to leader., logIndex=0, commits[1aacd0c4-76a7-48b7-8ae6-c1c768db399a:c2, 20f26f50-31a5-4065-a99c-917b728ca18a:c2, a382de20-91b6-4175-90f3-7f10d3274d35:c2]
2019-08-21 15:26:02,229 | INFO  | SCMAudit | user=jenkins1000 | ip=192.168.69.66 | op=SEND_HEARTBEAT {datanodeUUID=d9b07869-42ab-49cb-b7c3-7a1f30a8fac0, command=[]} | ret=SUCCESS |  
2019-08-21 15:26:02,243 | INFO  | SCMAudit | user=jenkins1000 | ip=192.168.69.66 | op=SEND_HEARTBEAT {datanodeUUID=20f26f50-31a5-4065-a99c-917b728ca18a, command=[]} | ret=SUCCESS |  
2019-08-21 15:26:02,385 | INFO  | SCMAudit | user=jenkins1000 | ip=192.168.69.66 | op=SEND_HEARTBEAT {datanodeUUID=1aacd0c4-76a7-48b7-8ae6-c1c768db399a, command=[]} | ret=SUCCESS |  
2019-08-21 15:26:02,385 | INFO  | SCMAudit | user=jenkins1000 | ip=192.168.69.66 | op=SEND_HEARTBEAT {datanodeUUID=0fd88f8c-6b3d-41ef-987e-b97c2c0b5243, command=[]} | ret=SUCCESS |  
2019-08-21 15:26:02,404 [Thread-312] INFO  impl.FollowerState (FollowerState.java:run(106)) - 20f26f50-31a5-4065-a99c-917b728ca18a:group-8C515FE36C8F changes to CANDIDATE, lastRpcTime:9310, electionTimeout:5015ms
2019-08-21 15:26:02,404 [Thread-312] INFO  impl.RoleInfo (RoleInfo.java:shutdownFollowerState(121)) - 20f26f50-31a5-4065-a99c-917b728ca18a: shutdown FollowerState
2019-08-21 15:26:02,404 [Thread-312] INFO  impl.RaftServerImpl (RaftServerImpl.java:setRole(171)) - 20f26f50-31a5-4065-a99c-917b728ca18a:group-8C515FE36C8F changes role from FOLLOWER to CANDIDATE at term 1 for changeToCandidate
2019-08-21 15:26:02,404 [Thread-312] INFO  impl.RoleInfo (RoleInfo.java:updateAndGet(143)) - 20f26f50-31a5-4065-a99c-917b728ca18a: start LeaderElection
2019-08-21 15:26:02,534 [20f26f50-31a5-4065-a99c-917b728ca18a:group-8C515FE36C8F:LeaderElection13] INFO  impl.RaftServerImpl (ServerState.java:setLeader(263)) - 20f26f50-31a5-4065-a99c-917b728ca18a:group-8C515FE36C8F change Leader from a382de20-91b6-4175-90f3-7f10d3274d35 to null at term 1 for initElection
2019-08-21 15:26:02,574 | INFO  | SCMAudit | user=jenkins1000 | ip=192.168.69.66 | op=SEND_HEARTBEAT {datanodeUUID=7cd51e96-9e9a-4fa6-9923-5d34258d4f7e, command=[]} | ret=SUCCESS |  
2019-08-21 15:26:02,645 | INFO  | SCMAudit | user=jenkins1000 | ip=192.168.69.66 | op=SEND_HEARTBEAT {datanodeUUID=365de576-2a66-45d6-9e61-a070dcb6ef76, command=[]} | ret=SUCCESS |  
2019-08-21 15:26:02,681 [Thread-311] INFO  impl.FollowerState (FollowerState.java:run(106)) - 1aacd0c4-76a7-48b7-8ae6-c1c768db399a:group-8C515FE36C8F changes to CANDIDATE, lastRpcTime:9589, electionTimeout:5165ms
2019-08-21 15:26:02,681 [Thread-311] INFO  impl.RoleInfo (RoleInfo.java:shutdownFollowerState(121)) - 1aacd0c4-76a7-48b7-8ae6-c1c768db399a: shutdown FollowerState
2019-08-21 15:26:02,681 [Thread-311] INFO  impl.RaftServerImpl (RaftServerImpl.java:setRole(171)) - 1aacd0c4-76a7-48b7-8ae6-c1c768db399a:group-8C515FE36C8F changes role from FOLLOWER to CANDIDATE at term 1 for changeToCandidate
2019-08-21 15:26:02,681 [Thread-311] INFO  impl.RoleInfo (RoleInfo.java:updateAndGet(143)) - 1aacd0c4-76a7-48b7-8ae6-c1c768db399a: start LeaderElection
2019-08-21 15:26:02,684 [1aacd0c4-76a7-48b7-8ae6-c1c768db399a:group-8C515FE36C8F:LeaderElection14] INFO  impl.RaftServerImpl (ServerState.java:setLeader(263)) - 1aacd0c4-76a7-48b7-8ae6-c1c768db399a:group-8C515FE36C8F change Leader from a382de20-91b6-4175-90f3-7f10d3274d35 to null at term 1 for initElection
2019-08-21 15:26:02,739 [20f26f50-31a5-4065-a99c-917b728ca18a:group-8C515FE36C8F:LeaderElection13] INFO  impl.LeaderElection (LeaderElection.java:askForVotes(181)) - 20f26f50-31a5-4065-a99c-917b728ca18a:group-8C515FE36C8F:LeaderElection13: begin an election at term 2 for 0: [20f26f50-31a5-4065-a99c-917b728ca18a:192.168.69.66:40152, a382de20-91b6-4175-90f3-7f10d3274d35:192.168.69.66:42817, 1aacd0c4-76a7-48b7-8ae6-c1c768db399a:192.168.69.66:43791], old=null
2019-08-21 15:26:02,740 [1aacd0c4-76a7-48b7-8ae6-c1c768db399a:group-8C515FE36C8F:LeaderElection14] INFO  impl.LeaderElection (LeaderElection.java:askForVotes(181)) - 1aacd0c4-76a7-48b7-8ae6-c1c768db399a:group-8C515FE36C8F:LeaderElection14: begin an election at term 2 for 0: [20f26f50-31a5-4065-a99c-917b728ca18a:192.168.69.66:40152, a382de20-91b6-4175-90f3-7f10d3274d35:192.168.69.66:42817, 1aacd0c4-76a7-48b7-8ae6-c1c768db399a:192.168.69.66:43791], old=null
2019-08-21 15:26:02,753 [1aacd0c4-76a7-48b7-8ae6-c1c768db399a:group-8C515FE36C8F:LeaderElection14] INFO  impl.LeaderElection (LogUtils.java:infoOrTrace(149)) - 1aacd0c4-76a7-48b7-8ae6-c1c768db399a:group-8C515FE36C8F:LeaderElection14 got exception when requesting votes: {}
java.util.concurrent.ExecutionException: org.apache.ratis.thirdparty.io.grpc.StatusRuntimeException: UNAVAILABLE: io exception
	at java.util.concurrent.FutureTask.report(FutureTask.java:122)
	at java.util.concurrent.FutureTask.get(FutureTask.java:192)
	at org.apache.ratis.server.impl.LeaderElection.waitForResults(LeaderElection.java:262)
	at org.apache.ratis.server.impl.LeaderElection.askForVotes(LeaderElection.java:200)
	at org.apache.ratis.server.impl.LeaderElection.run(LeaderElection.java:130)
	at java.lang.Thread.run(Thread.java:748)
Caused by: org.apache.ratis.thirdparty.io.grpc.StatusRuntimeException: UNAVAILABLE: io exception
	at org.apache.ratis.thirdparty.io.grpc.stub.ClientCalls.toStatusRuntimeException(ClientCalls.java:233)
	at org.apache.ratis.thirdparty.io.grpc.stub.ClientCalls.getUnchecked(ClientCalls.java:214)
	at org.apache.ratis.thirdparty.io.grpc.stub.ClientCalls.blockingUnaryCall(ClientCalls.java:139)
	at org.apache.ratis.proto.grpc.RaftServerProtocolServiceGrpc$RaftServerProtocolServiceBlockingStub.requestVote(RaftServerProtocolServiceGrpc.java:265)
	at org.apache.ratis.grpc.server.GrpcServerProtocolClient.requestVote(GrpcServerProtocolClient.java:83)
	at org.apache.ratis.grpc.server.GrpcService.requestVote(GrpcService.java:195)
	at org.apache.ratis.server.impl.LeaderElection.lambda$submitRequests$1(LeaderElection.java:237)
	at java.util.concurrent.FutureTask.run(FutureTask.java:266)
	at java.util.concurrent.Executors$RunnableAdapter.call(Executors.java:511)
	at java.util.concurrent.FutureTask.run(FutureTask.java:266)
	at java.util.concurrent.ThreadPoolExecutor.runWorker(ThreadPoolExecutor.java:1149)
	at java.util.concurrent.ThreadPoolExecutor$Worker.run(ThreadPoolExecutor.java:624)
	... 1 more
Caused by: org.apache.ratis.thirdparty.io.netty.channel.AbstractChannel$AnnotatedConnectException: Connection refused: /192.168.69.66:42817
	at sun.nio.ch.SocketChannelImpl.checkConnect(Native Method)
	at sun.nio.ch.SocketChannelImpl.finishConnect(SocketChannelImpl.java:717)
	at org.apache.ratis.thirdparty.io.netty.channel.socket.nio.NioSocketChannel.doFinishConnect(NioSocketChannel.java:327)
	at org.apache.ratis.thirdparty.io.netty.channel.nio.AbstractNioChannel$AbstractNioUnsafe.finishConnect(AbstractNioChannel.java:340)
	at org.apache.ratis.thirdparty.io.netty.channel.nio.NioEventLoop.processSelectedKey(NioEventLoop.java:632)
	at org.apache.ratis.thirdparty.io.netty.channel.nio.NioEventLoop.processSelectedKeysOptimized(NioEventLoop.java:579)
	at org.apache.ratis.thirdparty.io.netty.channel.nio.NioEventLoop.processSelectedKeys(NioEventLoop.java:496)
	at org.apache.ratis.thirdparty.io.netty.channel.nio.NioEventLoop.run(NioEventLoop.java:458)
	at org.apache.ratis.thirdparty.io.netty.util.concurrent.SingleThreadEventExecutor$5.run(SingleThreadEventExecutor.java:897)
	at org.apache.ratis.thirdparty.io.netty.util.concurrent.FastThreadLocalRunnable.run(FastThreadLocalRunnable.java:30)
	... 1 more
Caused by: java.net.ConnectException: Connection refused
	... 11 more
2019-08-21 15:26:02,753 [20f26f50-31a5-4065-a99c-917b728ca18a:group-8C515FE36C8F:LeaderElection13] INFO  impl.LeaderElection (LogUtils.java:infoOrTrace(149)) - 20f26f50-31a5-4065-a99c-917b728ca18a:group-8C515FE36C8F:LeaderElection13 got exception when requesting votes: {}
java.util.concurrent.ExecutionException: org.apache.ratis.thirdparty.io.grpc.StatusRuntimeException: UNAVAILABLE: io exception
	at java.util.concurrent.FutureTask.report(FutureTask.java:122)
	at java.util.concurrent.FutureTask.get(FutureTask.java:192)
	at org.apache.ratis.server.impl.LeaderElection.waitForResults(LeaderElection.java:262)
	at org.apache.ratis.server.impl.LeaderElection.askForVotes(LeaderElection.java:200)
	at org.apache.ratis.server.impl.LeaderElection.run(LeaderElection.java:130)
	at java.lang.Thread.run(Thread.java:748)
Caused by: org.apache.ratis.thirdparty.io.grpc.StatusRuntimeException: UNAVAILABLE: io exception
	at org.apache.ratis.thirdparty.io.grpc.stub.ClientCalls.toStatusRuntimeException(ClientCalls.java:233)
	at org.apache.ratis.thirdparty.io.grpc.stub.ClientCalls.getUnchecked(ClientCalls.java:214)
	at org.apache.ratis.thirdparty.io.grpc.stub.ClientCalls.blockingUnaryCall(ClientCalls.java:139)
	at org.apache.ratis.proto.grpc.RaftServerProtocolServiceGrpc$RaftServerProtocolServiceBlockingStub.requestVote(RaftServerProtocolServiceGrpc.java:265)
	at org.apache.ratis.grpc.server.GrpcServerProtocolClient.requestVote(GrpcServerProtocolClient.java:83)
	at org.apache.ratis.grpc.server.GrpcService.requestVote(GrpcService.java:195)
	at org.apache.ratis.server.impl.LeaderElection.lambda$submitRequests$1(LeaderElection.java:237)
	at java.util.concurrent.FutureTask.run(FutureTask.java:266)
	at java.util.concurrent.Executors$RunnableAdapter.call(Executors.java:511)
	at java.util.concurrent.FutureTask.run(FutureTask.java:266)
	at java.util.concurrent.ThreadPoolExecutor.runWorker(ThreadPoolExecutor.java:1149)
	at java.util.concurrent.ThreadPoolExecutor$Worker.run(ThreadPoolExecutor.java:624)
	... 1 more
Caused by: org.apache.ratis.thirdparty.io.netty.channel.AbstractChannel$AnnotatedConnectException: Connection refused: /192.168.69.66:42817
	at sun.nio.ch.SocketChannelImpl.checkConnect(Native Method)
	at sun.nio.ch.SocketChannelImpl.finishConnect(SocketChannelImpl.java:717)
	at org.apache.ratis.thirdparty.io.netty.channel.socket.nio.NioSocketChannel.doFinishConnect(NioSocketChannel.java:327)
	at org.apache.ratis.thirdparty.io.netty.channel.nio.AbstractNioChannel$AbstractNioUnsafe.finishConnect(AbstractNioChannel.java:340)
	at org.apache.ratis.thirdparty.io.netty.channel.nio.NioEventLoop.processSelectedKey(NioEventLoop.java:632)
	at org.apache.ratis.thirdparty.io.netty.channel.nio.NioEventLoop.processSelectedKeysOptimized(NioEventLoop.java:579)
	at org.apache.ratis.thirdparty.io.netty.channel.nio.NioEventLoop.processSelectedKeys(NioEventLoop.java:496)
	at org.apache.ratis.thirdparty.io.netty.channel.nio.NioEventLoop.run(NioEventLoop.java:458)
	at org.apache.ratis.thirdparty.io.netty.util.concurrent.SingleThreadEventExecutor$5.run(SingleThreadEventExecutor.java:897)
	at org.apache.ratis.thirdparty.io.netty.util.concurrent.FastThreadLocalRunnable.run(FastThreadLocalRunnable.java:30)
	... 1 more
Caused by: java.net.ConnectException: Connection refused
	... 11 more
2019-08-21 15:26:02,758 [1aacd0c4-76a7-48b7-8ae6-c1c768db399a:group-8C515FE36C8F:LeaderElection14] INFO  impl.LeaderElection (LeaderElection.java:logAndReturn(56)) - 1aacd0c4-76a7-48b7-8ae6-c1c768db399a:group-8C515FE36C8F:LeaderElection14: Election REJECTED; received 1 response(s) [1aacd0c4-76a7-48b7-8ae6-c1c768db399a<-20f26f50-31a5-4065-a99c-917b728ca18a#0:FAIL-t2] and 1 exception(s); 1aacd0c4-76a7-48b7-8ae6-c1c768db399a:t2, leader=null, voted=1aacd0c4-76a7-48b7-8ae6-c1c768db399a, raftlog=1aacd0c4-76a7-48b7-8ae6-c1c768db399a-SegmentedRaftLog:OPENED:c2,f2,i2, conf=0: [20f26f50-31a5-4065-a99c-917b728ca18a:192.168.69.66:40152, a382de20-91b6-4175-90f3-7f10d3274d35:192.168.69.66:42817, 1aacd0c4-76a7-48b7-8ae6-c1c768db399a:192.168.69.66:43791], old=null
2019-08-21 15:26:02,759 [20f26f50-31a5-4065-a99c-917b728ca18a:group-8C515FE36C8F:LeaderElection13] INFO  impl.LeaderElection (LeaderElection.java:logAndReturn(56)) - 20f26f50-31a5-4065-a99c-917b728ca18a:group-8C515FE36C8F:LeaderElection13: Election REJECTED; received 1 response(s) [20f26f50-31a5-4065-a99c-917b728ca18a<-1aacd0c4-76a7-48b7-8ae6-c1c768db399a#0:FAIL-t2] and 1 exception(s); 20f26f50-31a5-4065-a99c-917b728ca18a:t2, leader=null, voted=20f26f50-31a5-4065-a99c-917b728ca18a, raftlog=20f26f50-31a5-4065-a99c-917b728ca18a-SegmentedRaftLog:OPENED:c2,f2,i2, conf=0: [20f26f50-31a5-4065-a99c-917b728ca18a:192.168.69.66:40152, a382de20-91b6-4175-90f3-7f10d3274d35:192.168.69.66:42817, 1aacd0c4-76a7-48b7-8ae6-c1c768db399a:192.168.69.66:43791], old=null
2019-08-21 15:26:02,759 [20f26f50-31a5-4065-a99c-917b728ca18a:group-8C515FE36C8F:LeaderElection13] INFO  impl.LeaderElection (LogUtils.java:infoOrTrace(149)) -   Exception 0: {}
java.util.concurrent.ExecutionException: org.apache.ratis.thirdparty.io.grpc.StatusRuntimeException: UNAVAILABLE: io exception
	at java.util.concurrent.FutureTask.report(FutureTask.java:122)
	at java.util.concurrent.FutureTask.get(FutureTask.java:192)
	at org.apache.ratis.server.impl.LeaderElection.waitForResults(LeaderElection.java:262)
	at org.apache.ratis.server.impl.LeaderElection.askForVotes(LeaderElection.java:200)
	at org.apache.ratis.server.impl.LeaderElection.run(LeaderElection.java:130)
	at java.lang.Thread.run(Thread.java:748)
Caused by: org.apache.ratis.thirdparty.io.grpc.StatusRuntimeException: UNAVAILABLE: io exception
	at org.apache.ratis.thirdparty.io.grpc.stub.ClientCalls.toStatusRuntimeException(ClientCalls.java:233)
	at org.apache.ratis.thirdparty.io.grpc.stub.ClientCalls.getUnchecked(ClientCalls.java:214)
	at org.apache.ratis.thirdparty.io.grpc.stub.ClientCalls.blockingUnaryCall(ClientCalls.java:139)
	at org.apache.ratis.proto.grpc.RaftServerProtocolServiceGrpc$RaftServerProtocolServiceBlockingStub.requestVote(RaftServerProtocolServiceGrpc.java:265)
	at org.apache.ratis.grpc.server.GrpcServerProtocolClient.requestVote(GrpcServerProtocolClient.java:83)
	at org.apache.ratis.grpc.server.GrpcService.requestVote(GrpcService.java:195)
	at org.apache.ratis.server.impl.LeaderElection.lambda$submitRequests$1(LeaderElection.java:237)
	at java.util.concurrent.FutureTask.run(FutureTask.java:266)
	at java.util.concurrent.Executors$RunnableAdapter.call(Executors.java:511)
	at java.util.concurrent.FutureTask.run(FutureTask.java:266)
	at java.util.concurrent.ThreadPoolExecutor.runWorker(ThreadPoolExecutor.java:1149)
	at java.util.concurrent.ThreadPoolExecutor$Worker.run(ThreadPoolExecutor.java:624)
	... 1 more
Caused by: org.apache.ratis.thirdparty.io.netty.channel.AbstractChannel$AnnotatedConnectException: Connection refused: /192.168.69.66:42817
	at sun.nio.ch.SocketChannelImpl.checkConnect(Native Method)
	at sun.nio.ch.SocketChannelImpl.finishConnect(SocketChannelImpl.java:717)
	at org.apache.ratis.thirdparty.io.netty.channel.socket.nio.NioSocketChannel.doFinishConnect(NioSocketChannel.java:327)
	at org.apache.ratis.thirdparty.io.netty.channel.nio.AbstractNioChannel$AbstractNioUnsafe.finishConnect(AbstractNioChannel.java:340)
	at org.apache.ratis.thirdparty.io.netty.channel.nio.NioEventLoop.processSelectedKey(NioEventLoop.java:632)
	at org.apache.ratis.thirdparty.io.netty.channel.nio.NioEventLoop.processSelectedKeysOptimized(NioEventLoop.java:579)
	at org.apache.ratis.thirdparty.io.netty.channel.nio.NioEventLoop.processSelectedKeys(NioEventLoop.java:496)
	at org.apache.ratis.thirdparty.io.netty.channel.nio.NioEventLoop.run(NioEventLoop.java:458)
	at org.apache.ratis.thirdparty.io.netty.util.concurrent.SingleThreadEventExecutor$5.run(SingleThreadEventExecutor.java:897)
	at org.apache.ratis.thirdparty.io.netty.util.concurrent.FastThreadLocalRunnable.run(FastThreadLocalRunnable.java:30)
	... 1 more
Caused by: java.net.ConnectException: Connection refused
	... 11 more
2019-08-21 15:26:02,759 [1aacd0c4-76a7-48b7-8ae6-c1c768db399a:group-8C515FE36C8F:LeaderElection14] INFO  impl.LeaderElection (LogUtils.java:infoOrTrace(149)) -   Exception 0: {}
java.util.concurrent.ExecutionException: org.apache.ratis.thirdparty.io.grpc.StatusRuntimeException: UNAVAILABLE: io exception
	at java.util.concurrent.FutureTask.report(FutureTask.java:122)
	at java.util.concurrent.FutureTask.get(FutureTask.java:192)
	at org.apache.ratis.server.impl.LeaderElection.waitForResults(LeaderElection.java:262)
	at org.apache.ratis.server.impl.LeaderElection.askForVotes(LeaderElection.java:200)
	at org.apache.ratis.server.impl.LeaderElection.run(LeaderElection.java:130)
	at java.lang.Thread.run(Thread.java:748)
Caused by: org.apache.ratis.thirdparty.io.grpc.StatusRuntimeException: UNAVAILABLE: io exception
	at org.apache.ratis.thirdparty.io.grpc.stub.ClientCalls.toStatusRuntimeException(ClientCalls.java:233)
	at org.apache.ratis.thirdparty.io.grpc.stub.ClientCalls.getUnchecked(ClientCalls.java:214)
	at org.apache.ratis.thirdparty.io.grpc.stub.ClientCalls.blockingUnaryCall(ClientCalls.java:139)
	at org.apache.ratis.proto.grpc.RaftServerProtocolServiceGrpc$RaftServerProtocolServiceBlockingStub.requestVote(RaftServerProtocolServiceGrpc.java:265)
	at org.apache.ratis.grpc.server.GrpcServerProtocolClient.requestVote(GrpcServerProtocolClient.java:83)
	at org.apache.ratis.grpc.server.GrpcService.requestVote(GrpcService.java:195)
	at org.apache.ratis.server.impl.LeaderElection.lambda$submitRequests$1(LeaderElection.java:237)
	at java.util.concurrent.FutureTask.run(FutureTask.java:266)
	at java.util.concurrent.Executors$RunnableAdapter.call(Executors.java:511)
	at java.util.concurrent.FutureTask.run(FutureTask.java:266)
	at java.util.concurrent.ThreadPoolExecutor.runWorker(ThreadPoolExecutor.java:1149)
	at java.util.concurrent.ThreadPoolExecutor$Worker.run(ThreadPoolExecutor.java:624)
	... 1 more
Caused by: org.apache.ratis.thirdparty.io.netty.channel.AbstractChannel$AnnotatedConnectException: Connection refused: /192.168.69.66:42817
	at sun.nio.ch.SocketChannelImpl.checkConnect(Native Method)
	at sun.nio.ch.SocketChannelImpl.finishConnect(SocketChannelImpl.java:717)
	at org.apache.ratis.thirdparty.io.netty.channel.socket.nio.NioSocketChannel.doFinishConnect(NioSocketChannel.java:327)
	at org.apache.ratis.thirdparty.io.netty.channel.nio.AbstractNioChannel$AbstractNioUnsafe.finishConnect(AbstractNioChannel.java:340)
	at org.apache.ratis.thirdparty.io.netty.channel.nio.NioEventLoop.processSelectedKey(NioEventLoop.java:632)
	at org.apache.ratis.thirdparty.io.netty.channel.nio.NioEventLoop.processSelectedKeysOptimized(NioEventLoop.java:579)
	at org.apache.ratis.thirdparty.io.netty.channel.nio.NioEventLoop.processSelectedKeys(NioEventLoop.java:496)
	at org.apache.ratis.thirdparty.io.netty.channel.nio.NioEventLoop.run(NioEventLoop.java:458)
	at org.apache.ratis.thirdparty.io.netty.util.concurrent.SingleThreadEventExecutor$5.run(SingleThreadEventExecutor.java:897)
	at org.apache.ratis.thirdparty.io.netty.util.concurrent.FastThreadLocalRunnable.run(FastThreadLocalRunnable.java:30)
	... 1 more
Caused by: java.net.ConnectException: Connection refused
	... 11 more
2019-08-21 15:26:02,760 [20f26f50-31a5-4065-a99c-917b728ca18a:group-8C515FE36C8F:LeaderElection13] INFO  impl.RaftServerImpl (RaftServerImpl.java:setRole(171)) - 20f26f50-31a5-4065-a99c-917b728ca18a:group-8C515FE36C8F changes role from CANDIDATE to FOLLOWER at term 2 for DISCOVERED_A_NEW_TERM
2019-08-21 15:26:02,765 [1aacd0c4-76a7-48b7-8ae6-c1c768db399a:group-8C515FE36C8F:LeaderElection14] INFO  impl.RaftServerImpl (RaftServerImpl.java:setRole(171)) - 1aacd0c4-76a7-48b7-8ae6-c1c768db399a:group-8C515FE36C8F changes role from CANDIDATE to FOLLOWER at term 2 for DISCOVERED_A_NEW_TERM
2019-08-21 15:26:02,767 [20f26f50-31a5-4065-a99c-917b728ca18a:group-8C515FE36C8F:LeaderElection13] INFO  impl.RoleInfo (RoleInfo.java:shutdownLeaderElection(134)) - 20f26f50-31a5-4065-a99c-917b728ca18a: shutdown LeaderElection
2019-08-21 15:26:02,767 [1aacd0c4-76a7-48b7-8ae6-c1c768db399a:group-8C515FE36C8F:LeaderElection14] INFO  impl.RoleInfo (RoleInfo.java:shutdownLeaderElection(134)) - 1aacd0c4-76a7-48b7-8ae6-c1c768db399a: shutdown LeaderElection
2019-08-21 15:26:02,767 [20f26f50-31a5-4065-a99c-917b728ca18a:group-8C515FE36C8F:LeaderElection13] INFO  impl.RoleInfo (RoleInfo.java:updateAndGet(143)) - 20f26f50-31a5-4065-a99c-917b728ca18a: start FollowerState
2019-08-21 15:26:02,767 [1aacd0c4-76a7-48b7-8ae6-c1c768db399a:group-8C515FE36C8F:LeaderElection14] INFO  impl.RoleInfo (RoleInfo.java:updateAndGet(143)) - 1aacd0c4-76a7-48b7-8ae6-c1c768db399a: start FollowerState
2019-08-21 15:26:03,048 [grpc-default-executor-1] INFO  client.GrpcClientProtocolClient (GrpcClientProtocolClient.java:onNext(255)) - client-8F68879DA1B4->1aacd0c4-76a7-48b7-8ae6-c1c768db399a: receive RaftClientReply:client-8F68879DA1B4->1aacd0c4-76a7-48b7-8ae6-c1c768db399a@group-8C515FE36C8F, cid=14, FAILED org.apache.ratis.protocol.NotLeaderException: Server 1aacd0c4-76a7-48b7-8ae6-c1c768db399a is not the leader (null). Request must be sent to leader., logIndex=0, commits[1aacd0c4-76a7-48b7-8ae6-c1c768db399a:c2, 20f26f50-31a5-4065-a99c-917b728ca18a:c2, a382de20-91b6-4175-90f3-7f10d3274d35:c2]
2019-08-21 15:26:03,229 | INFO  | SCMAudit | user=jenkins1000 | ip=192.168.69.66 | op=SEND_HEARTBEAT {datanodeUUID=d9b07869-42ab-49cb-b7c3-7a1f30a8fac0, command=[]} | ret=SUCCESS |  
2019-08-21 15:26:03,242 | INFO  | SCMAudit | user=jenkins1000 | ip=192.168.69.66 | op=SEND_HEARTBEAT {datanodeUUID=20f26f50-31a5-4065-a99c-917b728ca18a, command=[]} | ret=SUCCESS |  
2019-08-21 15:26:03,306 | INFO  | SCMAudit | user=jenkins1000 | ip=192.168.69.66 | op=SEND_HEARTBEAT {datanodeUUID=0fd88f8c-6b3d-41ef-987e-b97c2c0b5243, command=[]} | ret=SUCCESS |  
2019-08-21 15:26:03,370 | INFO  | SCMAudit | user=jenkins1000 | ip=192.168.69.66 | op=SEND_HEARTBEAT {datanodeUUID=1aacd0c4-76a7-48b7-8ae6-c1c768db399a, command=[]} | ret=SUCCESS |  
2019-08-21 15:26:03,574 | INFO  | SCMAudit | user=jenkins1000 | ip=192.168.69.66 | op=SEND_HEARTBEAT {datanodeUUID=7cd51e96-9e9a-4fa6-9923-5d34258d4f7e, command=[]} | ret=SUCCESS |  
2019-08-21 15:26:03,646 | INFO  | SCMAudit | user=jenkins1000 | ip=192.168.69.66 | op=SEND_HEARTBEAT {datanodeUUID=365de576-2a66-45d6-9e61-a070dcb6ef76, command=[]} | ret=SUCCESS |  
2019-08-21 15:26:04,229 | INFO  | SCMAudit | user=jenkins1000 | ip=192.168.69.66 | op=SEND_HEARTBEAT {datanodeUUID=d9b07869-42ab-49cb-b7c3-7a1f30a8fac0, command=[]} | ret=SUCCESS |  
2019-08-21 15:26:04,243 | INFO  | SCMAudit | user=jenkins1000 | ip=192.168.69.66 | op=SEND_HEARTBEAT {datanodeUUID=20f26f50-31a5-4065-a99c-917b728ca18a, command=[]} | ret=SUCCESS |  
2019-08-21 15:26:04,306 | INFO  | SCMAudit | user=jenkins1000 | ip=192.168.69.66 | op=SEND_HEARTBEAT {datanodeUUID=0fd88f8c-6b3d-41ef-987e-b97c2c0b5243, command=[]} | ret=SUCCESS |  
2019-08-21 15:26:04,370 | INFO  | SCMAudit | user=jenkins1000 | ip=192.168.69.66 | op=SEND_HEARTBEAT {datanodeUUID=1aacd0c4-76a7-48b7-8ae6-c1c768db399a, command=[]} | ret=SUCCESS |  
2019-08-21 15:26:04,575 | INFO  | SCMAudit | user=jenkins1000 | ip=192.168.69.66 | op=SEND_HEARTBEAT {datanodeUUID=7cd51e96-9e9a-4fa6-9923-5d34258d4f7e, command=[]} | ret=SUCCESS |  
2019-08-21 15:26:04,646 | INFO  | SCMAudit | user=jenkins1000 | ip=192.168.69.66 | op=SEND_HEARTBEAT {datanodeUUID=365de576-2a66-45d6-9e61-a070dcb6ef76, command=[]} | ret=SUCCESS |  
2019-08-21 15:26:05,071 [grpc-default-executor-3] INFO  client.GrpcClientProtocolClient (GrpcClientProtocolClient.java:onNext(255)) - client-8F68879DA1B4->1aacd0c4-76a7-48b7-8ae6-c1c768db399a: receive RaftClientReply:client-8F68879DA1B4->1aacd0c4-76a7-48b7-8ae6-c1c768db399a@group-8C515FE36C8F, cid=14, FAILED org.apache.ratis.protocol.NotLeaderException: Server 1aacd0c4-76a7-48b7-8ae6-c1c768db399a is not the leader (null). Request must be sent to leader., logIndex=0, commits[1aacd0c4-76a7-48b7-8ae6-c1c768db399a:c2, 20f26f50-31a5-4065-a99c-917b728ca18a:c2, a382de20-91b6-4175-90f3-7f10d3274d35:c2]
2019-08-21 15:26:05,229 | INFO  | SCMAudit | user=jenkins1000 | ip=192.168.69.66 | op=SEND_HEARTBEAT {datanodeUUID=d9b07869-42ab-49cb-b7c3-7a1f30a8fac0, command=[]} | ret=SUCCESS |  
2019-08-21 15:26:05,242 | INFO  | SCMAudit | user=jenkins1000 | ip=192.168.69.66 | op=SEND_HEARTBEAT {datanodeUUID=20f26f50-31a5-4065-a99c-917b728ca18a, command=[]} | ret=SUCCESS |  
2019-08-21 15:26:05,305 | INFO  | SCMAudit | user=jenkins1000 | ip=192.168.69.66 | op=SEND_HEARTBEAT {datanodeUUID=0fd88f8c-6b3d-41ef-987e-b97c2c0b5243, command=[]} | ret=SUCCESS |  
2019-08-21 15:26:05,370 | INFO  | SCMAudit | user=jenkins1000 | ip=192.168.69.66 | op=SEND_HEARTBEAT {datanodeUUID=1aacd0c4-76a7-48b7-8ae6-c1c768db399a, command=[]} | ret=SUCCESS |  
2019-08-21 15:26:05,576 | INFO  | SCMAudit | user=jenkins1000 | ip=192.168.69.66 | op=SEND_HEARTBEAT {datanodeUUID=7cd51e96-9e9a-4fa6-9923-5d34258d4f7e, command=[]} | ret=SUCCESS |  
2019-08-21 15:26:05,646 | INFO  | SCMAudit | user=jenkins1000 | ip=192.168.69.66 | op=SEND_HEARTBEAT {datanodeUUID=365de576-2a66-45d6-9e61-a070dcb6ef76, command=[]} | ret=SUCCESS |  
2019-08-21 15:26:06,092 [grpc-default-executor-3] INFO  client.GrpcClientProtocolClient (GrpcClientProtocolClient.java:onNext(255)) - client-8F68879DA1B4->20f26f50-31a5-4065-a99c-917b728ca18a: receive RaftClientReply:client-8F68879DA1B4->20f26f50-31a5-4065-a99c-917b728ca18a@group-8C515FE36C8F, cid=14, FAILED org.apache.ratis.protocol.NotLeaderException: Server 20f26f50-31a5-4065-a99c-917b728ca18a is not the leader (null). Request must be sent to leader., logIndex=0, commits[20f26f50-31a5-4065-a99c-917b728ca18a:c2, a382de20-91b6-4175-90f3-7f10d3274d35:c2, 1aacd0c4-76a7-48b7-8ae6-c1c768db399a:c2]
]]></system-out>
    <system-err><![CDATA[Aug 21, 2019 3:25:35 PM com.sun.jersey.server.impl.application.WebApplicationImpl _initiate
INFO: Initiating Jersey application, version 'Jersey: 1.19 02/11/2015 03:25 AM'
Aug 21, 2019 3:25:36 PM com.sun.jersey.server.impl.application.WebApplicationImpl _initiate
INFO: Initiating Jersey application, version 'Jersey: 1.19 02/11/2015 03:25 AM'
Aug 21, 2019 3:25:36 PM com.sun.jersey.server.impl.application.WebApplicationImpl _initiate
INFO: Initiating Jersey application, version 'Jersey: 1.19 02/11/2015 03:25 AM'
Aug 21, 2019 3:25:36 PM com.sun.jersey.server.impl.application.WebApplicationImpl _initiate
INFO: Initiating Jersey application, version 'Jersey: 1.19 02/11/2015 03:25 AM'
Aug 21, 2019 3:25:37 PM com.sun.jersey.server.impl.application.WebApplicationImpl _initiate
INFO: Initiating Jersey application, version 'Jersey: 1.19 02/11/2015 03:25 AM'
Aug 21, 2019 3:25:37 PM com.sun.jersey.server.impl.application.WebApplicationImpl _initiate
INFO: Initiating Jersey application, version 'Jersey: 1.19 02/11/2015 03:25 AM'
Aug 21, 2019 3:25:37 PM com.sun.jersey.server.impl.application.WebApplicationImpl _initiate
INFO: Initiating Jersey application, version 'Jersey: 1.19 02/11/2015 03:25 AM'
]]></system-err>
  </testcase>
</testsuite>