<?xml version="1.0" encoding="UTF-8"?>
<testsuite xmlns:xsi="http://www.w3.org/2001/XMLSchema-instance" xsi:noNamespaceSchemaLocation="https://maven.apache.org/surefire/maven-surefire-plugin/xsd/surefire-test-report.xsd" name="org.apache.hadoop.ozone.freon.TestDataValidateWithUnsafeByteOperations" time="68.91" tests="3" errors="1" skipped="0" failures="0">
  <properties>
    <property name="awt.toolkit" value="sun.awt.X11.XToolkit"/>
    <property name="file.encoding.pkg" value="sun.io"/>
    <property name="java.specification.version" value="1.8"/>
    <property name="sun.cpu.isalist" value=""/>
    <property name="sun.jnu.encoding" value="UTF-8"/>
    <property name="java.class.path" value="/workdir/hadoop-ozone/tools/target/test-classes:/workdir/hadoop-ozone/tools/target/classes:/home/user/.m2/repository/org/apache/hadoop/hadoop-ozone-ozone-manager/0.5.0-SNAPSHOT/hadoop-ozone-ozone-manager-0.5.0-SNAPSHOT.jar:/home/user/.m2/repository/org/apache/hadoop/hadoop-hdds-docs/0.5.0-SNAPSHOT/hadoop-hdds-docs-0.5.0-SNAPSHOT.jar:/home/user/.m2/repository/org/bouncycastle/bcprov-jdk15on/1.60/bcprov-jdk15on-1.60.jar:/home/user/.m2/repository/org/apache/hadoop/hadoop-ozone-common/0.5.0-SNAPSHOT/hadoop-ozone-common-0.5.0-SNAPSHOT.jar:/home/user/.m2/repository/org/apache/commons/commons-compress/1.4.1/commons-compress-1.4.1.jar:/home/user/.m2/repository/org/tukaani/xz/1.0/xz-1.0.jar:/home/user/.m2/repository/org/apache/hadoop/hadoop-hdfs-client/3.2.0/hadoop-hdfs-client-3.2.0.jar:/home/user/.m2/repository/com/fasterxml/jackson/core/jackson-annotations/2.9.5/jackson-annotations-2.9.5.jar:/home/user/.m2/repository/org/apache/hadoop/hadoop-hdds-common/0.5.0-SNAPSHOT/hadoop-hdds-common-0.5.0-SNAPSHOT.jar:/home/user/.m2/repository/org/apache/hadoop/hadoop-hdds-config/0.5.0-SNAPSHOT/hadoop-hdds-config-0.5.0-SNAPSHOT.jar:/home/user/.m2/repository/javax/annotation/javax.annotation-api/1.2/javax.annotation-api-1.2.jar:/home/user/.m2/repository/org/apache/ratis/ratis-server/0.4.0-2337318-SNAPSHOT/ratis-server-0.4.0-2337318-SNAPSHOT.jar:/home/user/.m2/repository/org/apache/ratis/ratis-thirdparty-misc/0.2.0/ratis-thirdparty-misc-0.2.0.jar:/home/user/.m2/repository/org/apache/ratis/ratis-proto/0.4.0-2337318-SNAPSHOT/ratis-proto-0.4.0-2337318-SNAPSHOT.jar:/home/user/.m2/repository/org/apache/ratis/ratis-common/0.4.0-2337318-SNAPSHOT/ratis-common-0.4.0-2337318-SNAPSHOT.jar:/home/user/.m2/repository/org/apache/ratis/ratis-client/0.4.0-2337318-SNAPSHOT/ratis-client-0.4.0-2337318-SNAPSHOT.jar:/home/user/.m2/repository/org/apache/ratis/ratis-metrics/0.4.0-2337318-SNAPSHOT/ratis-metrics-0.4.0-2337318-SNAPSHOT.jar:/home/user/.m2/repository/org/apache/ratis/ratis-netty/0.4.0-2337318-SNAPSHOT/ratis-netty-0.4.0-2337318-SNAPSHOT.jar:/home/user/.m2/repository/org/apache/ratis/ratis-grpc/0.4.0-2337318-SNAPSHOT/ratis-grpc-0.4.0-2337318-SNAPSHOT.jar:/home/user/.m2/repository/org/rocksdb/rocksdbjni/6.0.1/rocksdbjni-6.0.1.jar:/home/user/.m2/repository/org/apache/logging/log4j/log4j-api/2.11.0/log4j-api-2.11.0.jar:/home/user/.m2/repository/org/apache/logging/log4j/log4j-core/2.11.0/log4j-core-2.11.0.jar:/home/user/.m2/repository/com/lmax/disruptor/3.4.2/disruptor-3.4.2.jar:/home/user/.m2/repository/org/apache/commons/commons-pool2/2.6.0/commons-pool2-2.6.0.jar:/home/user/.m2/repository/org/bouncycastle/bcpkix-jdk15on/1.60/bcpkix-jdk15on-1.60.jar:/home/user/.m2/repository/commons-validator/commons-validator/1.6/commons-validator-1.6.jar:/home/user/.m2/repository/commons-digester/commons-digester/1.8.1/commons-digester-1.8.1.jar:/home/user/.m2/repository/io/jaegertracing/jaeger-client/0.33.1/jaeger-client-0.33.1.jar:/home/user/.m2/repository/io/jaegertracing/jaeger-thrift/0.33.1/jaeger-thrift-0.33.1.jar:/home/user/.m2/repository/org/apache/thrift/libthrift/0.11.0/libthrift-0.11.0.jar:/home/user/.m2/repository/com/squareup/okhttp3/okhttp/3.9.0/okhttp-3.9.0.jar:/home/user/.m2/repository/com/squareup/okio/okio/1.13.0/okio-1.13.0.jar:/home/user/.m2/repository/io/jaegertracing/jaeger-core/0.33.1/jaeger-core-0.33.1.jar:/home/user/.m2/repository/io/jaegertracing/jaeger-tracerresolver/0.33.1/jaeger-tracerresolver-0.33.1.jar:/home/user/.m2/repository/io/opentracing/contrib/opentracing-tracerresolver/0.1.5/opentracing-tracerresolver-0.1.5.jar:/home/user/.m2/repository/io/opentracing/opentracing-util/0.31.0/opentracing-util-0.31.0.jar:/home/user/.m2/repository/io/opentracing/opentracing-api/0.31.0/opentracing-api-0.31.0.jar:/home/user/.m2/repository/io/opentracing/opentracing-noop/0.31.0/opentracing-noop-0.31.0.jar:/home/user/.m2/repository/org/yaml/snakeyaml/1.16/snakeyaml-1.16.jar:/home/user/.m2/repository/org/apache/hadoop/hadoop-hdds-container-service/0.5.0-SNAPSHOT/hadoop-hdds-container-service-0.5.0-SNAPSHOT.jar:/home/user/.m2/repository/org/apache/hadoop/hadoop-hdds-client/0.5.0-SNAPSHOT/hadoop-hdds-client-0.5.0-SNAPSHOT.jar:/home/user/.m2/repository/org/apache/hadoop/hadoop-hdds-tools/0.5.0-SNAPSHOT/hadoop-hdds-tools-0.5.0-SNAPSHOT.jar:/home/user/.m2/repository/org/xerial/sqlite-jdbc/3.25.2/sqlite-jdbc-3.25.2.jar:/home/user/.m2/repository/org/apache/hadoop/hadoop-hdds-server-scm/0.5.0-SNAPSHOT/hadoop-hdds-server-scm-0.5.0-SNAPSHOT.jar:/home/user/.m2/repository/org/hamcrest/hamcrest-all/1.3/hamcrest-all-1.3.jar:/home/user/.m2/repository/info/picocli/picocli/3.9.6/picocli-3.9.6.jar:/home/user/.m2/repository/com/google/protobuf/protobuf-java/2.5.0/protobuf-java-2.5.0.jar:/home/user/.m2/repository/com/google/guava/guava/11.0.2/guava-11.0.2.jar:/home/user/.m2/repository/org/apache/hadoop/hadoop-ozone-client/0.5.0-SNAPSHOT/hadoop-ozone-client-0.5.0-SNAPSHOT.jar:/workdir/hadoop-ozone/ozonefs/target/classes:/home/user/.m2/repository/org/apache/hadoop/hadoop-hdds-server-framework/0.5.0-SNAPSHOT/hadoop-hdds-server-framework-0.5.0-SNAPSHOT.jar:/home/user/.m2/repository/org/apache/hadoop/hadoop-common/3.2.0/hadoop-common-3.2.0.jar:/home/user/.m2/repository/org/apache/hadoop/hadoop-annotations/3.2.0/hadoop-annotations-3.2.0.jar:/usr/lib/jvm/java-1.8-openjdk/jre/../lib/tools.jar:/home/user/.m2/repository/commons-cli/commons-cli/1.2/commons-cli-1.2.jar:/home/user/.m2/repository/org/apache/commons/commons-math3/3.1.1/commons-math3-3.1.1.jar:/home/user/.m2/repository/org/apache/httpcomponents/httpclient/4.5.2/httpclient-4.5.2.jar:/home/user/.m2/repository/org/apache/httpcomponents/httpcore/4.4.4/httpcore-4.4.4.jar:/home/user/.m2/repository/commons-codec/commons-codec/1.11/commons-codec-1.11.jar:/home/user/.m2/repository/commons-io/commons-io/2.5/commons-io-2.5.jar:/home/user/.m2/repository/commons-net/commons-net/3.6/commons-net-3.6.jar:/home/user/.m2/repository/commons-collections/commons-collections/3.2.2/commons-collections-3.2.2.jar:/home/user/.m2/repository/javax/servlet/javax.servlet-api/3.1.0/javax.servlet-api-3.1.0.jar:/home/user/.m2/repository/org/eclipse/jetty/jetty-server/9.3.24.v20180605/jetty-server-9.3.24.v20180605.jar:/home/user/.m2/repository/org/eclipse/jetty/jetty-http/9.3.24.v20180605/jetty-http-9.3.24.v20180605.jar:/home/user/.m2/repository/org/eclipse/jetty/jetty-io/9.3.24.v20180605/jetty-io-9.3.24.v20180605.jar:/home/user/.m2/repository/org/eclipse/jetty/jetty-util/9.3.24.v20180605/jetty-util-9.3.24.v20180605.jar:/home/user/.m2/repository/org/eclipse/jetty/jetty-servlet/9.3.24.v20180605/jetty-servlet-9.3.24.v20180605.jar:/home/user/.m2/repository/org/eclipse/jetty/jetty-security/9.3.24.v20180605/jetty-security-9.3.24.v20180605.jar:/home/user/.m2/repository/org/eclipse/jetty/jetty-webapp/9.3.24.v20180605/jetty-webapp-9.3.24.v20180605.jar:/home/user/.m2/repository/org/eclipse/jetty/jetty-xml/9.3.24.v20180605/jetty-xml-9.3.24.v20180605.jar:/home/user/.m2/repository/javax/servlet/jsp/jsp-api/2.1/jsp-api-2.1.jar:/home/user/.m2/repository/com/sun/jersey/jersey-core/1.19/jersey-core-1.19.jar:/home/user/.m2/repository/javax/ws/rs/jsr311-api/1.1.1/jsr311-api-1.1.1.jar:/home/user/.m2/repository/com/sun/jersey/jersey-servlet/1.19/jersey-servlet-1.19.jar:/home/user/.m2/repository/com/sun/jersey/jersey-json/1.19/jersey-json-1.19.jar:/home/user/.m2/repository/org/codehaus/jettison/jettison/1.1/jettison-1.1.jar:/home/user/.m2/repository/com/sun/xml/bind/jaxb-impl/2.3.0.1/jaxb-impl-2.3.0.1.jar:/home/user/.m2/repository/org/codehaus/jackson/jackson-core-asl/1.9.13/jackson-core-asl-1.9.13.jar:/home/user/.m2/repository/org/codehaus/jackson/jackson-mapper-asl/1.9.13/jackson-mapper-asl-1.9.13.jar:/home/user/.m2/repository/org/codehaus/jackson/jackson-jaxrs/1.9.13/jackson-jaxrs-1.9.13.jar:/home/user/.m2/repository/org/codehaus/jackson/jackson-xc/1.9.13/jackson-xc-1.9.13.jar:/home/user/.m2/repository/com/sun/jersey/jersey-server/1.19/jersey-server-1.19.jar:/home/user/.m2/repository/commons-logging/commons-logging/1.1.3/commons-logging-1.1.3.jar:/home/user/.m2/repository/log4j/log4j/1.2.17/log4j-1.2.17.jar:/home/user/.m2/repository/commons-beanutils/commons-beanutils/1.9.3/commons-beanutils-1.9.3.jar:/home/user/.m2/repository/org/apache/commons/commons-configuration2/2.1.1/commons-configuration2-2.1.1.jar:/home/user/.m2/repository/org/apache/commons/commons-lang3/3.7/commons-lang3-3.7.jar:/home/user/.m2/repository/org/apache/commons/commons-text/1.4/commons-text-1.4.jar:/home/user/.m2/repository/org/slf4j/slf4j-api/1.7.25/slf4j-api-1.7.25.jar:/home/user/.m2/repository/org/slf4j/slf4j-log4j12/1.7.25/slf4j-log4j12-1.7.25.jar:/home/user/.m2/repository/org/apache/avro/avro/1.7.7/avro-1.7.7.jar:/home/user/.m2/repository/com/thoughtworks/paranamer/paranamer/2.3/paranamer-2.3.jar:/home/user/.m2/repository/org/xerial/snappy/snappy-java/1.0.5/snappy-java-1.0.5.jar:/home/user/.m2/repository/com/google/re2j/re2j/1.1/re2j-1.1.jar:/home/user/.m2/repository/com/google/code/gson/gson/2.2.4/gson-2.2.4.jar:/home/user/.m2/repository/org/apache/hadoop/hadoop-auth/3.2.0/hadoop-auth-3.2.0.jar:/home/user/.m2/repository/com/nimbusds/nimbus-jose-jwt/4.41.1/nimbus-jose-jwt-4.41.1.jar:/home/user/.m2/repository/com/github/stephenc/jcip/jcip-annotations/1.0-1/jcip-annotations-1.0-1.jar:/home/user/.m2/repository/net/minidev/json-smart/2.3/json-smart-2.3.jar:/home/user/.m2/repository/net/minidev/accessors-smart/1.2/accessors-smart-1.2.jar:/home/user/.m2/repository/org/apache/curator/curator-framework/2.12.0/curator-framework-2.12.0.jar:/home/user/.m2/repository/com/jcraft/jsch/0.1.54/jsch-0.1.54.jar:/home/user/.m2/repository/org/apache/curator/curator-client/2.12.0/curator-client-2.12.0.jar:/home/user/.m2/repository/org/apache/curator/curator-recipes/2.12.0/curator-recipes-2.12.0.jar:/home/user/.m2/repository/com/google/code/findbugs/jsr305/3.0.0/jsr305-3.0.0.jar:/home/user/.m2/repository/org/apache/htrace/htrace-core4/4.1.0-incubating/htrace-core4-4.1.0-incubating.jar:/home/user/.m2/repository/org/apache/zookeeper/zookeeper/3.4.13/zookeeper-3.4.13.jar:/home/user/.m2/repository/org/apache/yetus/audience-annotations/0.5.0/audience-annotations-0.5.0.jar:/home/user/.m2/repository/org/apache/kerby/kerb-simplekdc/1.0.1/kerb-simplekdc-1.0.1.jar:/home/user/.m2/repository/org/apache/kerby/kerb-client/1.0.1/kerb-client-1.0.1.jar:/home/user/.m2/repository/org/apache/kerby/kerby-config/1.0.1/kerby-config-1.0.1.jar:/home/user/.m2/repository/org/apache/kerby/kerb-core/1.0.1/kerb-core-1.0.1.jar:/home/user/.m2/repository/org/apache/kerby/kerby-pkix/1.0.1/kerby-pkix-1.0.1.jar:/home/user/.m2/repository/org/apache/kerby/kerby-asn1/1.0.1/kerby-asn1-1.0.1.jar:/home/user/.m2/repository/org/apache/kerby/kerby-util/1.0.1/kerby-util-1.0.1.jar:/home/user/.m2/repository/org/apache/kerby/kerb-common/1.0.1/kerb-common-1.0.1.jar:/home/user/.m2/repository/org/apache/kerby/kerb-crypto/1.0.1/kerb-crypto-1.0.1.jar:/home/user/.m2/repository/org/apache/kerby/kerb-util/1.0.1/kerb-util-1.0.1.jar:/home/user/.m2/repository/org/apache/kerby/token-provider/1.0.1/token-provider-1.0.1.jar:/home/user/.m2/repository/org/apache/kerby/kerb-admin/1.0.1/kerb-admin-1.0.1.jar:/home/user/.m2/repository/org/apache/kerby/kerb-server/1.0.1/kerb-server-1.0.1.jar:/home/user/.m2/repository/org/apache/kerby/kerb-identity/1.0.1/kerb-identity-1.0.1.jar:/home/user/.m2/repository/org/apache/kerby/kerby-xdr/1.0.1/kerby-xdr-1.0.1.jar:/home/user/.m2/repository/com/fasterxml/jackson/core/jackson-databind/2.9.5/jackson-databind-2.9.5.jar:/home/user/.m2/repository/com/fasterxml/jackson/core/jackson-core/2.9.5/jackson-core-2.9.5.jar:/home/user/.m2/repository/org/codehaus/woodstox/stax2-api/3.1.4/stax2-api-3.1.4.jar:/home/user/.m2/repository/com/fasterxml/woodstox/woodstox-core/5.0.3/woodstox-core-5.0.3.jar:/home/user/.m2/repository/dnsjava/dnsjava/2.1.7/dnsjava-2.1.7.jar:/home/user/.m2/repository/org/apache/hadoop/hadoop-hdfs/3.2.0/hadoop-hdfs-3.2.0.jar:/home/user/.m2/repository/org/eclipse/jetty/jetty-util-ajax/9.3.24.v20180605/jetty-util-ajax-9.3.24.v20180605.jar:/home/user/.m2/repository/commons-daemon/commons-daemon/1.0.13/commons-daemon-1.0.13.jar:/home/user/.m2/repository/io/netty/netty/3.10.5.Final/netty-3.10.5.Final.jar:/home/user/.m2/repository/io/netty/netty-all/4.0.52.Final/netty-all-4.0.52.Final.jar:/home/user/.m2/repository/org/fusesource/leveldbjni/leveldbjni-all/1.8/leveldbjni-all-1.8.jar:/home/user/.m2/repository/com/sun/xml/bind/jaxb-core/2.3.0.1/jaxb-core-2.3.0.1.jar:/home/user/.m2/repository/javax/xml/bind/jaxb-api/2.3.0/jaxb-api-2.3.0.jar:/home/user/.m2/repository/javax/activation/activation/1.1.1/activation-1.1.1.jar:/home/user/.m2/repository/io/dropwizard/metrics/metrics-core/3.2.4/metrics-core-3.2.4.jar:/home/user/.m2/repository/org/openjdk/jmh/jmh-core/1.19/jmh-core-1.19.jar:/home/user/.m2/repository/net/sf/jopt-simple/jopt-simple/4.6/jopt-simple-4.6.jar:/home/user/.m2/repository/org/openjdk/jmh/jmh-generator-annprocess/1.19/jmh-generator-annprocess-1.19.jar:/home/user/.m2/repository/com/google/code/findbugs/findbugs/3.0.1/findbugs-3.0.1.jar:/home/user/.m2/repository/net/jcip/jcip-annotations/1.0/jcip-annotations-1.0.jar:/home/user/.m2/repository/com/google/code/findbugs/bcel-findbugs/6.0/bcel-findbugs-6.0.jar:/home/user/.m2/repository/com/google/code/findbugs/jFormatString/2.0.1/jFormatString-2.0.1.jar:/home/user/.m2/repository/dom4j/dom4j/1.6.1/dom4j-1.6.1.jar:/home/user/.m2/repository/xml-apis/xml-apis/1.0.b2/xml-apis-1.0.b2.jar:/home/user/.m2/repository/org/ow2/asm/asm-debug-all/5.0.2/asm-debug-all-5.0.2.jar:/home/user/.m2/repository/org/ow2/asm/asm-commons/5.0.2/asm-commons-5.0.2.jar:/home/user/.m2/repository/org/ow2/asm/asm-tree/5.0.2/asm-tree-5.0.2.jar:/home/user/.m2/repository/org/ow2/asm/asm/5.0.4/asm-5.0.4.jar:/home/user/.m2/repository/commons-lang/commons-lang/2.6/commons-lang-2.6.jar:/home/user/.m2/repository/com/apple/AppleJavaExtensions/1.4/AppleJavaExtensions-1.4.jar:/home/user/.m2/repository/jaxen/jaxen/1.1.6/jaxen-1.1.6.jar:/home/user/.m2/repository/junit/junit/4.11/junit-4.11.jar:/home/user/.m2/repository/org/hamcrest/hamcrest-core/1.3/hamcrest-core-1.3.jar:/home/user/.m2/repository/org/apache/hadoop/hadoop-common/3.2.0/hadoop-common-3.2.0-tests.jar:/workdir/hadoop-ozone/integration-test/target/test-classes:/home/user/.m2/repository/org/apache/hadoop/hadoop-ozone-objectstore-service/0.5.0-SNAPSHOT/hadoop-ozone-objectstore-service-0.5.0-SNAPSHOT.jar:/home/user/.m2/repository/org/apache/hadoop/hadoop-ozone-s3gateway/0.5.0-SNAPSHOT/hadoop-ozone-s3gateway-0.5.0-SNAPSHOT.jar:/home/user/.m2/repository/org/jboss/weld/servlet/weld-servlet/2.4.7.Final/weld-servlet-2.4.7.Final.jar:/home/user/.m2/repository/org/glassfish/jersey/containers/jersey-container-servlet-core/2.27/jersey-container-servlet-core-2.27.jar:/home/user/.m2/repository/org/glassfish/hk2/external/javax.inject/2.5.0-b42/javax.inject-2.5.0-b42.jar:/home/user/.m2/repository/org/glassfish/jersey/core/jersey-common/2.27/jersey-common-2.27.jar:/home/user/.m2/repository/org/glassfish/hk2/osgi-resource-locator/1.0.1/osgi-resource-locator-1.0.1.jar:/home/user/.m2/repository/javax/ws/rs/javax.ws.rs-api/2.1/javax.ws.rs-api-2.1.jar:/home/user/.m2/repository/org/glassfish/jersey/ext/cdi/jersey-cdi1x/2.27/jersey-cdi1x-2.27.jar:/home/user/.m2/repository/org/glassfish/jersey/inject/jersey-hk2/2.27/jersey-hk2-2.27.jar:/home/user/.m2/repository/org/glassfish/hk2/hk2-locator/2.5.0-b42/hk2-locator-2.5.0-b42.jar:/home/user/.m2/repository/org/javassist/javassist/3.22.0-CR2/javassist-3.22.0-CR2.jar:/home/user/.m2/repository/org/glassfish/hk2/hk2-api/2.5.0/hk2-api-2.5.0.jar:/home/user/.m2/repository/org/glassfish/hk2/external/jakarta.inject/2.5.0/jakarta.inject-2.5.0.jar:/home/user/.m2/repository/org/glassfish/hk2/hk2-utils/2.5.0/hk2-utils-2.5.0.jar:/home/user/.m2/repository/jakarta/annotation/jakarta.annotation-api/1.3.4/jakarta.annotation-api-1.3.4.jar:/home/user/.m2/repository/org/glassfish/hk2/external/aopalliance-repackaged/2.5.0/aopalliance-repackaged-2.5.0.jar:/home/user/.m2/repository/com/fasterxml/jackson/dataformat/jackson-dataformat-xml/2.9.0/jackson-dataformat-xml-2.9.0.jar:/home/user/.m2/repository/com/fasterxml/jackson/module/jackson-module-jaxb-annotations/2.9.5/jackson-module-jaxb-annotations-2.9.5.jar:/home/user/.m2/repository/javax/enterprise/cdi-api/1.2/cdi-api-1.2.jar:/home/user/.m2/repository/javax/el/javax.el-api/3.0.0/javax.el-api-3.0.0.jar:/home/user/.m2/repository/javax/interceptor/javax.interceptor-api/1.2/javax.interceptor-api-1.2.jar:/home/user/.m2/repository/javax/inject/javax.inject/1/javax.inject-1.jar:/home/user/.m2/repository/org/apache/hadoop/hadoop-ozone-csi/0.5.0-SNAPSHOT/hadoop-ozone-csi-0.5.0-SNAPSHOT.jar:/home/user/.m2/repository/com/google/protobuf/protobuf-java-util/3.5.1/protobuf-java-util-3.5.1.jar:/home/user/.m2/repository/io/grpc/grpc-netty/1.17.1/grpc-netty-1.17.1.jar:/home/user/.m2/repository/io/grpc/grpc-core/1.17.1/grpc-core-1.17.1.jar:/home/user/.m2/repository/io/grpc/grpc-context/1.17.1/grpc-context-1.17.1.jar:/home/user/.m2/repository/com/google/errorprone/error_prone_annotations/2.2.0/error_prone_annotations-2.2.0.jar:/home/user/.m2/repository/org/codehaus/mojo/animal-sniffer-annotations/1.17/animal-sniffer-annotations-1.17.jar:/home/user/.m2/repository/io/opencensus/opencensus-api/0.17.0/opencensus-api-0.17.0.jar:/home/user/.m2/repository/io/opencensus/opencensus-contrib-grpc-metrics/0.17.0/opencensus-contrib-grpc-metrics-0.17.0.jar:/home/user/.m2/repository/io/netty/netty-codec-http2/4.1.30.Final/netty-codec-http2-4.1.30.Final.jar:/home/user/.m2/repository/io/netty/netty-codec-http/4.1.30.Final/netty-codec-http-4.1.30.Final.jar:/home/user/.m2/repository/io/netty/netty-codec/4.1.30.Final/netty-codec-4.1.30.Final.jar:/home/user/.m2/repository/io/netty/netty-handler/4.1.30.Final/netty-handler-4.1.30.Final.jar:/home/user/.m2/repository/io/netty/netty-handler-proxy/4.1.30.Final/netty-handler-proxy-4.1.30.Final.jar:/home/user/.m2/repository/io/netty/netty-codec-socks/4.1.30.Final/netty-codec-socks-4.1.30.Final.jar:/home/user/.m2/repository/io/netty/netty-transport-native-epoll/4.1.30.Final/netty-transport-native-epoll-4.1.30.Final.jar:/home/user/.m2/repository/io/netty/netty-common/4.1.30.Final/netty-common-4.1.30.Final.jar:/home/user/.m2/repository/io/netty/netty-buffer/4.1.30.Final/netty-buffer-4.1.30.Final.jar:/home/user/.m2/repository/io/netty/netty-transport/4.1.30.Final/netty-transport-4.1.30.Final.jar:/home/user/.m2/repository/io/netty/netty-resolver/4.1.30.Final/netty-resolver-4.1.30.Final.jar:/home/user/.m2/repository/io/netty/netty-transport-native-unix-common/4.1.30.Final/netty-transport-native-unix-common-4.1.30.Final.jar:/home/user/.m2/repository/io/grpc/grpc-protobuf/1.17.1/grpc-protobuf-1.17.1.jar:/home/user/.m2/repository/com/google/api/grpc/proto-google-common-protos/1.0.0/proto-google-common-protos-1.0.0.jar:/home/user/.m2/repository/io/grpc/grpc-protobuf-lite/1.17.1/grpc-protobuf-lite-1.17.1.jar:/home/user/.m2/repository/io/grpc/grpc-stub/1.17.1/grpc-stub-1.17.1.jar:/home/user/.m2/repository/org/apache/hadoop/hadoop-ozone-recon/0.5.0-SNAPSHOT/hadoop-ozone-recon-0.5.0-SNAPSHOT.jar:/home/user/.m2/repository/org/apache/hadoop/hadoop-ozone-reconcodegen/0.5.0-SNAPSHOT/hadoop-ozone-reconcodegen-0.5.0-SNAPSHOT.jar:/home/user/.m2/repository/com/google/inject/extensions/guice-multibindings/4.0/guice-multibindings-4.0.jar:/home/user/.m2/repository/com/google/inject/guice/4.0/guice-4.0.jar:/home/user/.m2/repository/aopalliance/aopalliance/1.0/aopalliance-1.0.jar:/home/user/.m2/repository/com/google/inject/extensions/guice-servlet/4.0/guice-servlet-4.0.jar:/home/user/.m2/repository/org/glassfish/jersey/containers/jersey-container-servlet/2.27/jersey-container-servlet-2.27.jar:/home/user/.m2/repository/org/glassfish/hk2/guice-bridge/2.5.0/guice-bridge-2.5.0.jar:/home/user/.m2/repository/org/glassfish/jersey/core/jersey-server/2.27/jersey-server-2.27.jar:/home/user/.m2/repository/org/glassfish/jersey/core/jersey-client/2.27/jersey-client-2.27.jar:/home/user/.m2/repository/org/glassfish/jersey/media/jersey-media-jaxb/2.27/jersey-media-jaxb-2.27.jar:/home/user/.m2/repository/javax/validation/validation-api/1.1.0.Final/validation-api-1.1.0.Final.jar:/home/user/.m2/repository/org/glassfish/jersey/media/jersey-media-json-jackson/2.27/jersey-media-json-jackson-2.27.jar:/home/user/.m2/repository/org/glassfish/jersey/ext/jersey-entity-filtering/2.27/jersey-entity-filtering-2.27.jar:/home/user/.m2/repository/com/google/inject/extensions/guice-assistedinject/4.0/guice-assistedinject-4.0.jar:/home/user/.m2/repository/org/jooq/jooq/3.11.10/jooq-3.11.10.jar:/home/user/.m2/repository/org/jooq/jooq-meta/3.11.10/jooq-meta-3.11.10.jar:/home/user/.m2/repository/org/jooq/jooq-codegen/3.11.10/jooq-codegen-3.11.10.jar:/home/user/.m2/repository/com/jolbox/bonecp/0.8.0.RELEASE/bonecp-0.8.0.RELEASE.jar:/home/user/.m2/repository/org/springframework/spring-jdbc/5.1.3.RELEASE/spring-jdbc-5.1.3.RELEASE.jar:/home/user/.m2/repository/org/springframework/spring-beans/5.1.3.RELEASE/spring-beans-5.1.3.RELEASE.jar:/home/user/.m2/repository/org/springframework/spring-core/5.1.3.RELEASE/spring-core-5.1.3.RELEASE.jar:/home/user/.m2/repository/org/springframework/spring-jcl/5.1.3.RELEASE/spring-jcl-5.1.3.RELEASE.jar:/home/user/.m2/repository/org/springframework/spring-tx/5.1.3.RELEASE/spring-tx-5.1.3.RELEASE.jar:/home/user/.m2/repository/org/mockito/mockito-core/2.15.0/mockito-core-2.15.0.jar:/home/user/.m2/repository/net/bytebuddy/byte-buddy/1.7.9/byte-buddy-1.7.9.jar:/home/user/.m2/repository/net/bytebuddy/byte-buddy-agent/1.7.9/byte-buddy-agent-1.7.9.jar:/home/user/.m2/repository/org/objenesis/objenesis/1.0/objenesis-1.0.jar:"/>
    <property name="java.vm.vendor" value="IcedTea"/>
    <property name="sun.arch.data.model" value="64"/>
    <property name="test.build.dir" value="/workdir/hadoop-ozone/tools/target/test-dir"/>
    <property name="test.cache.data" value=""/>
    <property name="java.vendor.url" value="https://icedtea.classpath.org"/>
    <property name="user.timezone" value=""/>
    <property name="java.vm.specification.version" value="1.8"/>
    <property name="os.name" value="Linux"/>
    <property name="test.build.data" value="/workdir/hadoop-ozone/tools/target/test-dir"/>
    <property name="user.country" value="US"/>
    <property name="sun.java.launcher" value="SUN_STANDARD"/>
    <property name="sun.boot.library.path" value="/usr/lib/jvm/java-1.8-openjdk/jre/lib/amd64"/>
    <property name="sun.java.command" value="/workdir/hadoop-ozone/tools/target/surefire/surefirebooter3111152565263224897.jar /workdir/hadoop-ozone/tools/target/surefire 2019-08-23T02-20-40_244-jvmRun1 surefire1692602047913157323tmp surefire_1186116487505582529879tmp"/>
    <property name="test" value="!TestMiniChaosOzoneCluster"/>
    <property name="surefire.test.class.path" value="/workdir/hadoop-ozone/tools/target/test-classes:/workdir/hadoop-ozone/tools/target/classes:/home/user/.m2/repository/org/apache/hadoop/hadoop-ozone-ozone-manager/0.5.0-SNAPSHOT/hadoop-ozone-ozone-manager-0.5.0-SNAPSHOT.jar:/home/user/.m2/repository/org/apache/hadoop/hadoop-hdds-docs/0.5.0-SNAPSHOT/hadoop-hdds-docs-0.5.0-SNAPSHOT.jar:/home/user/.m2/repository/org/bouncycastle/bcprov-jdk15on/1.60/bcprov-jdk15on-1.60.jar:/home/user/.m2/repository/org/apache/hadoop/hadoop-ozone-common/0.5.0-SNAPSHOT/hadoop-ozone-common-0.5.0-SNAPSHOT.jar:/home/user/.m2/repository/org/apache/commons/commons-compress/1.4.1/commons-compress-1.4.1.jar:/home/user/.m2/repository/org/tukaani/xz/1.0/xz-1.0.jar:/home/user/.m2/repository/org/apache/hadoop/hadoop-hdfs-client/3.2.0/hadoop-hdfs-client-3.2.0.jar:/home/user/.m2/repository/com/fasterxml/jackson/core/jackson-annotations/2.9.5/jackson-annotations-2.9.5.jar:/home/user/.m2/repository/org/apache/hadoop/hadoop-hdds-common/0.5.0-SNAPSHOT/hadoop-hdds-common-0.5.0-SNAPSHOT.jar:/home/user/.m2/repository/org/apache/hadoop/hadoop-hdds-config/0.5.0-SNAPSHOT/hadoop-hdds-config-0.5.0-SNAPSHOT.jar:/home/user/.m2/repository/javax/annotation/javax.annotation-api/1.2/javax.annotation-api-1.2.jar:/home/user/.m2/repository/org/apache/ratis/ratis-server/0.4.0-2337318-SNAPSHOT/ratis-server-0.4.0-2337318-SNAPSHOT.jar:/home/user/.m2/repository/org/apache/ratis/ratis-thirdparty-misc/0.2.0/ratis-thirdparty-misc-0.2.0.jar:/home/user/.m2/repository/org/apache/ratis/ratis-proto/0.4.0-2337318-SNAPSHOT/ratis-proto-0.4.0-2337318-SNAPSHOT.jar:/home/user/.m2/repository/org/apache/ratis/ratis-common/0.4.0-2337318-SNAPSHOT/ratis-common-0.4.0-2337318-SNAPSHOT.jar:/home/user/.m2/repository/org/apache/ratis/ratis-client/0.4.0-2337318-SNAPSHOT/ratis-client-0.4.0-2337318-SNAPSHOT.jar:/home/user/.m2/repository/org/apache/ratis/ratis-metrics/0.4.0-2337318-SNAPSHOT/ratis-metrics-0.4.0-2337318-SNAPSHOT.jar:/home/user/.m2/repository/org/apache/ratis/ratis-netty/0.4.0-2337318-SNAPSHOT/ratis-netty-0.4.0-2337318-SNAPSHOT.jar:/home/user/.m2/repository/org/apache/ratis/ratis-grpc/0.4.0-2337318-SNAPSHOT/ratis-grpc-0.4.0-2337318-SNAPSHOT.jar:/home/user/.m2/repository/org/rocksdb/rocksdbjni/6.0.1/rocksdbjni-6.0.1.jar:/home/user/.m2/repository/org/apache/logging/log4j/log4j-api/2.11.0/log4j-api-2.11.0.jar:/home/user/.m2/repository/org/apache/logging/log4j/log4j-core/2.11.0/log4j-core-2.11.0.jar:/home/user/.m2/repository/com/lmax/disruptor/3.4.2/disruptor-3.4.2.jar:/home/user/.m2/repository/org/apache/commons/commons-pool2/2.6.0/commons-pool2-2.6.0.jar:/home/user/.m2/repository/org/bouncycastle/bcpkix-jdk15on/1.60/bcpkix-jdk15on-1.60.jar:/home/user/.m2/repository/commons-validator/commons-validator/1.6/commons-validator-1.6.jar:/home/user/.m2/repository/commons-digester/commons-digester/1.8.1/commons-digester-1.8.1.jar:/home/user/.m2/repository/io/jaegertracing/jaeger-client/0.33.1/jaeger-client-0.33.1.jar:/home/user/.m2/repository/io/jaegertracing/jaeger-thrift/0.33.1/jaeger-thrift-0.33.1.jar:/home/user/.m2/repository/org/apache/thrift/libthrift/0.11.0/libthrift-0.11.0.jar:/home/user/.m2/repository/com/squareup/okhttp3/okhttp/3.9.0/okhttp-3.9.0.jar:/home/user/.m2/repository/com/squareup/okio/okio/1.13.0/okio-1.13.0.jar:/home/user/.m2/repository/io/jaegertracing/jaeger-core/0.33.1/jaeger-core-0.33.1.jar:/home/user/.m2/repository/io/jaegertracing/jaeger-tracerresolver/0.33.1/jaeger-tracerresolver-0.33.1.jar:/home/user/.m2/repository/io/opentracing/contrib/opentracing-tracerresolver/0.1.5/opentracing-tracerresolver-0.1.5.jar:/home/user/.m2/repository/io/opentracing/opentracing-util/0.31.0/opentracing-util-0.31.0.jar:/home/user/.m2/repository/io/opentracing/opentracing-api/0.31.0/opentracing-api-0.31.0.jar:/home/user/.m2/repository/io/opentracing/opentracing-noop/0.31.0/opentracing-noop-0.31.0.jar:/home/user/.m2/repository/org/yaml/snakeyaml/1.16/snakeyaml-1.16.jar:/home/user/.m2/repository/org/apache/hadoop/hadoop-hdds-container-service/0.5.0-SNAPSHOT/hadoop-hdds-container-service-0.5.0-SNAPSHOT.jar:/home/user/.m2/repository/org/apache/hadoop/hadoop-hdds-client/0.5.0-SNAPSHOT/hadoop-hdds-client-0.5.0-SNAPSHOT.jar:/home/user/.m2/repository/org/apache/hadoop/hadoop-hdds-tools/0.5.0-SNAPSHOT/hadoop-hdds-tools-0.5.0-SNAPSHOT.jar:/home/user/.m2/repository/org/xerial/sqlite-jdbc/3.25.2/sqlite-jdbc-3.25.2.jar:/home/user/.m2/repository/org/apache/hadoop/hadoop-hdds-server-scm/0.5.0-SNAPSHOT/hadoop-hdds-server-scm-0.5.0-SNAPSHOT.jar:/home/user/.m2/repository/org/hamcrest/hamcrest-all/1.3/hamcrest-all-1.3.jar:/home/user/.m2/repository/info/picocli/picocli/3.9.6/picocli-3.9.6.jar:/home/user/.m2/repository/com/google/protobuf/protobuf-java/2.5.0/protobuf-java-2.5.0.jar:/home/user/.m2/repository/com/google/guava/guava/11.0.2/guava-11.0.2.jar:/home/user/.m2/repository/org/apache/hadoop/hadoop-ozone-client/0.5.0-SNAPSHOT/hadoop-ozone-client-0.5.0-SNAPSHOT.jar:/workdir/hadoop-ozone/ozonefs/target/classes:/home/user/.m2/repository/org/apache/hadoop/hadoop-hdds-server-framework/0.5.0-SNAPSHOT/hadoop-hdds-server-framework-0.5.0-SNAPSHOT.jar:/home/user/.m2/repository/org/apache/hadoop/hadoop-common/3.2.0/hadoop-common-3.2.0.jar:/home/user/.m2/repository/org/apache/hadoop/hadoop-annotations/3.2.0/hadoop-annotations-3.2.0.jar:/usr/lib/jvm/java-1.8-openjdk/jre/../lib/tools.jar:/home/user/.m2/repository/commons-cli/commons-cli/1.2/commons-cli-1.2.jar:/home/user/.m2/repository/org/apache/commons/commons-math3/3.1.1/commons-math3-3.1.1.jar:/home/user/.m2/repository/org/apache/httpcomponents/httpclient/4.5.2/httpclient-4.5.2.jar:/home/user/.m2/repository/org/apache/httpcomponents/httpcore/4.4.4/httpcore-4.4.4.jar:/home/user/.m2/repository/commons-codec/commons-codec/1.11/commons-codec-1.11.jar:/home/user/.m2/repository/commons-io/commons-io/2.5/commons-io-2.5.jar:/home/user/.m2/repository/commons-net/commons-net/3.6/commons-net-3.6.jar:/home/user/.m2/repository/commons-collections/commons-collections/3.2.2/commons-collections-3.2.2.jar:/home/user/.m2/repository/javax/servlet/javax.servlet-api/3.1.0/javax.servlet-api-3.1.0.jar:/home/user/.m2/repository/org/eclipse/jetty/jetty-server/9.3.24.v20180605/jetty-server-9.3.24.v20180605.jar:/home/user/.m2/repository/org/eclipse/jetty/jetty-http/9.3.24.v20180605/jetty-http-9.3.24.v20180605.jar:/home/user/.m2/repository/org/eclipse/jetty/jetty-io/9.3.24.v20180605/jetty-io-9.3.24.v20180605.jar:/home/user/.m2/repository/org/eclipse/jetty/jetty-util/9.3.24.v20180605/jetty-util-9.3.24.v20180605.jar:/home/user/.m2/repository/org/eclipse/jetty/jetty-servlet/9.3.24.v20180605/jetty-servlet-9.3.24.v20180605.jar:/home/user/.m2/repository/org/eclipse/jetty/jetty-security/9.3.24.v20180605/jetty-security-9.3.24.v20180605.jar:/home/user/.m2/repository/org/eclipse/jetty/jetty-webapp/9.3.24.v20180605/jetty-webapp-9.3.24.v20180605.jar:/home/user/.m2/repository/org/eclipse/jetty/jetty-xml/9.3.24.v20180605/jetty-xml-9.3.24.v20180605.jar:/home/user/.m2/repository/javax/servlet/jsp/jsp-api/2.1/jsp-api-2.1.jar:/home/user/.m2/repository/com/sun/jersey/jersey-core/1.19/jersey-core-1.19.jar:/home/user/.m2/repository/javax/ws/rs/jsr311-api/1.1.1/jsr311-api-1.1.1.jar:/home/user/.m2/repository/com/sun/jersey/jersey-servlet/1.19/jersey-servlet-1.19.jar:/home/user/.m2/repository/com/sun/jersey/jersey-json/1.19/jersey-json-1.19.jar:/home/user/.m2/repository/org/codehaus/jettison/jettison/1.1/jettison-1.1.jar:/home/user/.m2/repository/com/sun/xml/bind/jaxb-impl/2.3.0.1/jaxb-impl-2.3.0.1.jar:/home/user/.m2/repository/org/codehaus/jackson/jackson-core-asl/1.9.13/jackson-core-asl-1.9.13.jar:/home/user/.m2/repository/org/codehaus/jackson/jackson-mapper-asl/1.9.13/jackson-mapper-asl-1.9.13.jar:/home/user/.m2/repository/org/codehaus/jackson/jackson-jaxrs/1.9.13/jackson-jaxrs-1.9.13.jar:/home/user/.m2/repository/org/codehaus/jackson/jackson-xc/1.9.13/jackson-xc-1.9.13.jar:/home/user/.m2/repository/com/sun/jersey/jersey-server/1.19/jersey-server-1.19.jar:/home/user/.m2/repository/commons-logging/commons-logging/1.1.3/commons-logging-1.1.3.jar:/home/user/.m2/repository/log4j/log4j/1.2.17/log4j-1.2.17.jar:/home/user/.m2/repository/commons-beanutils/commons-beanutils/1.9.3/commons-beanutils-1.9.3.jar:/home/user/.m2/repository/org/apache/commons/commons-configuration2/2.1.1/commons-configuration2-2.1.1.jar:/home/user/.m2/repository/org/apache/commons/commons-lang3/3.7/commons-lang3-3.7.jar:/home/user/.m2/repository/org/apache/commons/commons-text/1.4/commons-text-1.4.jar:/home/user/.m2/repository/org/slf4j/slf4j-api/1.7.25/slf4j-api-1.7.25.jar:/home/user/.m2/repository/org/slf4j/slf4j-log4j12/1.7.25/slf4j-log4j12-1.7.25.jar:/home/user/.m2/repository/org/apache/avro/avro/1.7.7/avro-1.7.7.jar:/home/user/.m2/repository/com/thoughtworks/paranamer/paranamer/2.3/paranamer-2.3.jar:/home/user/.m2/repository/org/xerial/snappy/snappy-java/1.0.5/snappy-java-1.0.5.jar:/home/user/.m2/repository/com/google/re2j/re2j/1.1/re2j-1.1.jar:/home/user/.m2/repository/com/google/code/gson/gson/2.2.4/gson-2.2.4.jar:/home/user/.m2/repository/org/apache/hadoop/hadoop-auth/3.2.0/hadoop-auth-3.2.0.jar:/home/user/.m2/repository/com/nimbusds/nimbus-jose-jwt/4.41.1/nimbus-jose-jwt-4.41.1.jar:/home/user/.m2/repository/com/github/stephenc/jcip/jcip-annotations/1.0-1/jcip-annotations-1.0-1.jar:/home/user/.m2/repository/net/minidev/json-smart/2.3/json-smart-2.3.jar:/home/user/.m2/repository/net/minidev/accessors-smart/1.2/accessors-smart-1.2.jar:/home/user/.m2/repository/org/apache/curator/curator-framework/2.12.0/curator-framework-2.12.0.jar:/home/user/.m2/repository/com/jcraft/jsch/0.1.54/jsch-0.1.54.jar:/home/user/.m2/repository/org/apache/curator/curator-client/2.12.0/curator-client-2.12.0.jar:/home/user/.m2/repository/org/apache/curator/curator-recipes/2.12.0/curator-recipes-2.12.0.jar:/home/user/.m2/repository/com/google/code/findbugs/jsr305/3.0.0/jsr305-3.0.0.jar:/home/user/.m2/repository/org/apache/htrace/htrace-core4/4.1.0-incubating/htrace-core4-4.1.0-incubating.jar:/home/user/.m2/repository/org/apache/zookeeper/zookeeper/3.4.13/zookeeper-3.4.13.jar:/home/user/.m2/repository/org/apache/yetus/audience-annotations/0.5.0/audience-annotations-0.5.0.jar:/home/user/.m2/repository/org/apache/kerby/kerb-simplekdc/1.0.1/kerb-simplekdc-1.0.1.jar:/home/user/.m2/repository/org/apache/kerby/kerb-client/1.0.1/kerb-client-1.0.1.jar:/home/user/.m2/repository/org/apache/kerby/kerby-config/1.0.1/kerby-config-1.0.1.jar:/home/user/.m2/repository/org/apache/kerby/kerb-core/1.0.1/kerb-core-1.0.1.jar:/home/user/.m2/repository/org/apache/kerby/kerby-pkix/1.0.1/kerby-pkix-1.0.1.jar:/home/user/.m2/repository/org/apache/kerby/kerby-asn1/1.0.1/kerby-asn1-1.0.1.jar:/home/user/.m2/repository/org/apache/kerby/kerby-util/1.0.1/kerby-util-1.0.1.jar:/home/user/.m2/repository/org/apache/kerby/kerb-common/1.0.1/kerb-common-1.0.1.jar:/home/user/.m2/repository/org/apache/kerby/kerb-crypto/1.0.1/kerb-crypto-1.0.1.jar:/home/user/.m2/repository/org/apache/kerby/kerb-util/1.0.1/kerb-util-1.0.1.jar:/home/user/.m2/repository/org/apache/kerby/token-provider/1.0.1/token-provider-1.0.1.jar:/home/user/.m2/repository/org/apache/kerby/kerb-admin/1.0.1/kerb-admin-1.0.1.jar:/home/user/.m2/repository/org/apache/kerby/kerb-server/1.0.1/kerb-server-1.0.1.jar:/home/user/.m2/repository/org/apache/kerby/kerb-identity/1.0.1/kerb-identity-1.0.1.jar:/home/user/.m2/repository/org/apache/kerby/kerby-xdr/1.0.1/kerby-xdr-1.0.1.jar:/home/user/.m2/repository/com/fasterxml/jackson/core/jackson-databind/2.9.5/jackson-databind-2.9.5.jar:/home/user/.m2/repository/com/fasterxml/jackson/core/jackson-core/2.9.5/jackson-core-2.9.5.jar:/home/user/.m2/repository/org/codehaus/woodstox/stax2-api/3.1.4/stax2-api-3.1.4.jar:/home/user/.m2/repository/com/fasterxml/woodstox/woodstox-core/5.0.3/woodstox-core-5.0.3.jar:/home/user/.m2/repository/dnsjava/dnsjava/2.1.7/dnsjava-2.1.7.jar:/home/user/.m2/repository/org/apache/hadoop/hadoop-hdfs/3.2.0/hadoop-hdfs-3.2.0.jar:/home/user/.m2/repository/org/eclipse/jetty/jetty-util-ajax/9.3.24.v20180605/jetty-util-ajax-9.3.24.v20180605.jar:/home/user/.m2/repository/commons-daemon/commons-daemon/1.0.13/commons-daemon-1.0.13.jar:/home/user/.m2/repository/io/netty/netty/3.10.5.Final/netty-3.10.5.Final.jar:/home/user/.m2/repository/io/netty/netty-all/4.0.52.Final/netty-all-4.0.52.Final.jar:/home/user/.m2/repository/org/fusesource/leveldbjni/leveldbjni-all/1.8/leveldbjni-all-1.8.jar:/home/user/.m2/repository/com/sun/xml/bind/jaxb-core/2.3.0.1/jaxb-core-2.3.0.1.jar:/home/user/.m2/repository/javax/xml/bind/jaxb-api/2.3.0/jaxb-api-2.3.0.jar:/home/user/.m2/repository/javax/activation/activation/1.1.1/activation-1.1.1.jar:/home/user/.m2/repository/io/dropwizard/metrics/metrics-core/3.2.4/metrics-core-3.2.4.jar:/home/user/.m2/repository/org/openjdk/jmh/jmh-core/1.19/jmh-core-1.19.jar:/home/user/.m2/repository/net/sf/jopt-simple/jopt-simple/4.6/jopt-simple-4.6.jar:/home/user/.m2/repository/org/openjdk/jmh/jmh-generator-annprocess/1.19/jmh-generator-annprocess-1.19.jar:/home/user/.m2/repository/com/google/code/findbugs/findbugs/3.0.1/findbugs-3.0.1.jar:/home/user/.m2/repository/net/jcip/jcip-annotations/1.0/jcip-annotations-1.0.jar:/home/user/.m2/repository/com/google/code/findbugs/bcel-findbugs/6.0/bcel-findbugs-6.0.jar:/home/user/.m2/repository/com/google/code/findbugs/jFormatString/2.0.1/jFormatString-2.0.1.jar:/home/user/.m2/repository/dom4j/dom4j/1.6.1/dom4j-1.6.1.jar:/home/user/.m2/repository/xml-apis/xml-apis/1.0.b2/xml-apis-1.0.b2.jar:/home/user/.m2/repository/org/ow2/asm/asm-debug-all/5.0.2/asm-debug-all-5.0.2.jar:/home/user/.m2/repository/org/ow2/asm/asm-commons/5.0.2/asm-commons-5.0.2.jar:/home/user/.m2/repository/org/ow2/asm/asm-tree/5.0.2/asm-tree-5.0.2.jar:/home/user/.m2/repository/org/ow2/asm/asm/5.0.4/asm-5.0.4.jar:/home/user/.m2/repository/commons-lang/commons-lang/2.6/commons-lang-2.6.jar:/home/user/.m2/repository/com/apple/AppleJavaExtensions/1.4/AppleJavaExtensions-1.4.jar:/home/user/.m2/repository/jaxen/jaxen/1.1.6/jaxen-1.1.6.jar:/home/user/.m2/repository/junit/junit/4.11/junit-4.11.jar:/home/user/.m2/repository/org/hamcrest/hamcrest-core/1.3/hamcrest-core-1.3.jar:/home/user/.m2/repository/org/apache/hadoop/hadoop-common/3.2.0/hadoop-common-3.2.0-tests.jar:/workdir/hadoop-ozone/integration-test/target/test-classes:/home/user/.m2/repository/org/apache/hadoop/hadoop-ozone-objectstore-service/0.5.0-SNAPSHOT/hadoop-ozone-objectstore-service-0.5.0-SNAPSHOT.jar:/home/user/.m2/repository/org/apache/hadoop/hadoop-ozone-s3gateway/0.5.0-SNAPSHOT/hadoop-ozone-s3gateway-0.5.0-SNAPSHOT.jar:/home/user/.m2/repository/org/jboss/weld/servlet/weld-servlet/2.4.7.Final/weld-servlet-2.4.7.Final.jar:/home/user/.m2/repository/org/glassfish/jersey/containers/jersey-container-servlet-core/2.27/jersey-container-servlet-core-2.27.jar:/home/user/.m2/repository/org/glassfish/hk2/external/javax.inject/2.5.0-b42/javax.inject-2.5.0-b42.jar:/home/user/.m2/repository/org/glassfish/jersey/core/jersey-common/2.27/jersey-common-2.27.jar:/home/user/.m2/repository/org/glassfish/hk2/osgi-resource-locator/1.0.1/osgi-resource-locator-1.0.1.jar:/home/user/.m2/repository/javax/ws/rs/javax.ws.rs-api/2.1/javax.ws.rs-api-2.1.jar:/home/user/.m2/repository/org/glassfish/jersey/ext/cdi/jersey-cdi1x/2.27/jersey-cdi1x-2.27.jar:/home/user/.m2/repository/org/glassfish/jersey/inject/jersey-hk2/2.27/jersey-hk2-2.27.jar:/home/user/.m2/repository/org/glassfish/hk2/hk2-locator/2.5.0-b42/hk2-locator-2.5.0-b42.jar:/home/user/.m2/repository/org/javassist/javassist/3.22.0-CR2/javassist-3.22.0-CR2.jar:/home/user/.m2/repository/org/glassfish/hk2/hk2-api/2.5.0/hk2-api-2.5.0.jar:/home/user/.m2/repository/org/glassfish/hk2/external/jakarta.inject/2.5.0/jakarta.inject-2.5.0.jar:/home/user/.m2/repository/org/glassfish/hk2/hk2-utils/2.5.0/hk2-utils-2.5.0.jar:/home/user/.m2/repository/jakarta/annotation/jakarta.annotation-api/1.3.4/jakarta.annotation-api-1.3.4.jar:/home/user/.m2/repository/org/glassfish/hk2/external/aopalliance-repackaged/2.5.0/aopalliance-repackaged-2.5.0.jar:/home/user/.m2/repository/com/fasterxml/jackson/dataformat/jackson-dataformat-xml/2.9.0/jackson-dataformat-xml-2.9.0.jar:/home/user/.m2/repository/com/fasterxml/jackson/module/jackson-module-jaxb-annotations/2.9.5/jackson-module-jaxb-annotations-2.9.5.jar:/home/user/.m2/repository/javax/enterprise/cdi-api/1.2/cdi-api-1.2.jar:/home/user/.m2/repository/javax/el/javax.el-api/3.0.0/javax.el-api-3.0.0.jar:/home/user/.m2/repository/javax/interceptor/javax.interceptor-api/1.2/javax.interceptor-api-1.2.jar:/home/user/.m2/repository/javax/inject/javax.inject/1/javax.inject-1.jar:/home/user/.m2/repository/org/apache/hadoop/hadoop-ozone-csi/0.5.0-SNAPSHOT/hadoop-ozone-csi-0.5.0-SNAPSHOT.jar:/home/user/.m2/repository/com/google/protobuf/protobuf-java-util/3.5.1/protobuf-java-util-3.5.1.jar:/home/user/.m2/repository/io/grpc/grpc-netty/1.17.1/grpc-netty-1.17.1.jar:/home/user/.m2/repository/io/grpc/grpc-core/1.17.1/grpc-core-1.17.1.jar:/home/user/.m2/repository/io/grpc/grpc-context/1.17.1/grpc-context-1.17.1.jar:/home/user/.m2/repository/com/google/errorprone/error_prone_annotations/2.2.0/error_prone_annotations-2.2.0.jar:/home/user/.m2/repository/org/codehaus/mojo/animal-sniffer-annotations/1.17/animal-sniffer-annotations-1.17.jar:/home/user/.m2/repository/io/opencensus/opencensus-api/0.17.0/opencensus-api-0.17.0.jar:/home/user/.m2/repository/io/opencensus/opencensus-contrib-grpc-metrics/0.17.0/opencensus-contrib-grpc-metrics-0.17.0.jar:/home/user/.m2/repository/io/netty/netty-codec-http2/4.1.30.Final/netty-codec-http2-4.1.30.Final.jar:/home/user/.m2/repository/io/netty/netty-codec-http/4.1.30.Final/netty-codec-http-4.1.30.Final.jar:/home/user/.m2/repository/io/netty/netty-codec/4.1.30.Final/netty-codec-4.1.30.Final.jar:/home/user/.m2/repository/io/netty/netty-handler/4.1.30.Final/netty-handler-4.1.30.Final.jar:/home/user/.m2/repository/io/netty/netty-handler-proxy/4.1.30.Final/netty-handler-proxy-4.1.30.Final.jar:/home/user/.m2/repository/io/netty/netty-codec-socks/4.1.30.Final/netty-codec-socks-4.1.30.Final.jar:/home/user/.m2/repository/io/netty/netty-transport-native-epoll/4.1.30.Final/netty-transport-native-epoll-4.1.30.Final.jar:/home/user/.m2/repository/io/netty/netty-common/4.1.30.Final/netty-common-4.1.30.Final.jar:/home/user/.m2/repository/io/netty/netty-buffer/4.1.30.Final/netty-buffer-4.1.30.Final.jar:/home/user/.m2/repository/io/netty/netty-transport/4.1.30.Final/netty-transport-4.1.30.Final.jar:/home/user/.m2/repository/io/netty/netty-resolver/4.1.30.Final/netty-resolver-4.1.30.Final.jar:/home/user/.m2/repository/io/netty/netty-transport-native-unix-common/4.1.30.Final/netty-transport-native-unix-common-4.1.30.Final.jar:/home/user/.m2/repository/io/grpc/grpc-protobuf/1.17.1/grpc-protobuf-1.17.1.jar:/home/user/.m2/repository/com/google/api/grpc/proto-google-common-protos/1.0.0/proto-google-common-protos-1.0.0.jar:/home/user/.m2/repository/io/grpc/grpc-protobuf-lite/1.17.1/grpc-protobuf-lite-1.17.1.jar:/home/user/.m2/repository/io/grpc/grpc-stub/1.17.1/grpc-stub-1.17.1.jar:/home/user/.m2/repository/org/apache/hadoop/hadoop-ozone-recon/0.5.0-SNAPSHOT/hadoop-ozone-recon-0.5.0-SNAPSHOT.jar:/home/user/.m2/repository/org/apache/hadoop/hadoop-ozone-reconcodegen/0.5.0-SNAPSHOT/hadoop-ozone-reconcodegen-0.5.0-SNAPSHOT.jar:/home/user/.m2/repository/com/google/inject/extensions/guice-multibindings/4.0/guice-multibindings-4.0.jar:/home/user/.m2/repository/com/google/inject/guice/4.0/guice-4.0.jar:/home/user/.m2/repository/aopalliance/aopalliance/1.0/aopalliance-1.0.jar:/home/user/.m2/repository/com/google/inject/extensions/guice-servlet/4.0/guice-servlet-4.0.jar:/home/user/.m2/repository/org/glassfish/jersey/containers/jersey-container-servlet/2.27/jersey-container-servlet-2.27.jar:/home/user/.m2/repository/org/glassfish/hk2/guice-bridge/2.5.0/guice-bridge-2.5.0.jar:/home/user/.m2/repository/org/glassfish/jersey/core/jersey-server/2.27/jersey-server-2.27.jar:/home/user/.m2/repository/org/glassfish/jersey/core/jersey-client/2.27/jersey-client-2.27.jar:/home/user/.m2/repository/org/glassfish/jersey/media/jersey-media-jaxb/2.27/jersey-media-jaxb-2.27.jar:/home/user/.m2/repository/javax/validation/validation-api/1.1.0.Final/validation-api-1.1.0.Final.jar:/home/user/.m2/repository/org/glassfish/jersey/media/jersey-media-json-jackson/2.27/jersey-media-json-jackson-2.27.jar:/home/user/.m2/repository/org/glassfish/jersey/ext/jersey-entity-filtering/2.27/jersey-entity-filtering-2.27.jar:/home/user/.m2/repository/com/google/inject/extensions/guice-assistedinject/4.0/guice-assistedinject-4.0.jar:/home/user/.m2/repository/org/jooq/jooq/3.11.10/jooq-3.11.10.jar:/home/user/.m2/repository/org/jooq/jooq-meta/3.11.10/jooq-meta-3.11.10.jar:/home/user/.m2/repository/org/jooq/jooq-codegen/3.11.10/jooq-codegen-3.11.10.jar:/home/user/.m2/repository/com/jolbox/bonecp/0.8.0.RELEASE/bonecp-0.8.0.RELEASE.jar:/home/user/.m2/repository/org/springframework/spring-jdbc/5.1.3.RELEASE/spring-jdbc-5.1.3.RELEASE.jar:/home/user/.m2/repository/org/springframework/spring-beans/5.1.3.RELEASE/spring-beans-5.1.3.RELEASE.jar:/home/user/.m2/repository/org/springframework/spring-core/5.1.3.RELEASE/spring-core-5.1.3.RELEASE.jar:/home/user/.m2/repository/org/springframework/spring-jcl/5.1.3.RELEASE/spring-jcl-5.1.3.RELEASE.jar:/home/user/.m2/repository/org/springframework/spring-tx/5.1.3.RELEASE/spring-tx-5.1.3.RELEASE.jar:/home/user/.m2/repository/org/mockito/mockito-core/2.15.0/mockito-core-2.15.0.jar:/home/user/.m2/repository/net/bytebuddy/byte-buddy/1.7.9/byte-buddy-1.7.9.jar:/home/user/.m2/repository/net/bytebuddy/byte-buddy-agent/1.7.9/byte-buddy-agent-1.7.9.jar:/home/user/.m2/repository/org/objenesis/objenesis/1.0/objenesis-1.0.jar:"/>
    <property name="sun.cpu.endian" value="little"/>
    <property name="user.home" value="/home/user"/>
    <property name="user.language" value="en"/>
    <property name="java.specification.vendor" value="Oracle Corporation"/>
    <property name="java.home" value="/usr/lib/jvm/java-1.8-openjdk/jre"/>
    <property name="java.security.krb5.conf" value="/workdir/hadoop-ozone/tools/target/test-classes/krb5.conf"/>
    <property name="basedir" value="/workdir/hadoop-ozone/tools"/>
    <property name="file.separator" value="/"/>
    <property name="line.separator" value="&#10;"/>
    <property name="java.vm.specification.vendor" value="Oracle Corporation"/>
    <property name="java.specification.name" value="Java Platform API Specification"/>
    <property name="java.awt.graphicsenv" value="sun.awt.X11GraphicsEnvironment"/>
    <property name="surefire.real.class.path" value="/workdir/hadoop-ozone/tools/target/surefire/surefirebooter3111152565263224897.jar"/>
    <property name="hadoop.log.dir" value="/workdir/hadoop-ozone/tools/target/log"/>
    <property name="sun.boot.class.path" value="/usr/lib/jvm/java-1.8-openjdk/jre/lib/resources.jar:/usr/lib/jvm/java-1.8-openjdk/jre/lib/rt.jar:/usr/lib/jvm/java-1.8-openjdk/jre/lib/sunrsasign.jar:/usr/lib/jvm/java-1.8-openjdk/jre/lib/jsse.jar:/usr/lib/jvm/java-1.8-openjdk/jre/lib/jce.jar:/usr/lib/jvm/java-1.8-openjdk/jre/lib/charsets.jar:/usr/lib/jvm/java-1.8-openjdk/jre/lib/jfr.jar:/usr/lib/jvm/java-1.8-openjdk/jre/classes"/>
    <property name="sun.management.compiler" value="HotSpot 64-Bit Tiered Compilers"/>
    <property name="java.runtime.version" value="1.8.0_212-b04"/>
    <property name="java.net.preferIPv4Stack" value="true"/>
    <property name="user.name" value="jenkins1000"/>
    <property name="path.separator" value=":"/>
    <property name="java.security.egd" value="file:///dev/urandom"/>
    <property name="os.version" value="3.10.0-957.12.2.el7.x86_64"/>
    <property name="java.endorsed.dirs" value="/usr/lib/jvm/java-1.8-openjdk/jre/lib/endorsed"/>
    <property name="java.runtime.name" value="OpenJDK Runtime Environment"/>
    <property name="file.encoding" value="UTF-8"/>
    <property name="java.vm.name" value="OpenJDK 64-Bit Server VM"/>
    <property name="test.build.webapps" value=""/>
    <property name="localRepository" value="/home/user/.m2/repository"/>
    <property name="java.vendor.url.bug" value="https://icedtea.classpath.org/bugzilla"/>
    <property name="java.io.tmpdir" value="/tmp"/>
    <property name="require.test.libhadoop" value=""/>
    <property name="java.version" value="1.8.0_212"/>
    <property name="user.dir" value="/workdir/hadoop-ozone/tools"/>
    <property name="os.arch" value="amd64"/>
    <property name="java.vm.specification.name" value="Java Virtual Machine Specification"/>
    <property name="test.build.classes" value="/workdir/hadoop-ozone/tools/target/test-classes"/>
    <property name="java.awt.printerjob" value="sun.print.PSPrinterJob"/>
    <property name="sun.os.patch.level" value="unknown"/>
    <property name="hadoop.tmp.dir" value="/workdir/hadoop-ozone/tools/target/tmp"/>
    <property name="java.library.path" value="/usr/lib/jvm/java-1.8-openjdk/jre/lib/amd64/server:/usr/lib/jvm/java-1.8-openjdk/jre/lib/amd64:/usr/lib/jvm/java-1.8-openjdk/jre/../lib/amd64:/workdir/hadoop-ozone/tools/target/native/target/usr/local/lib:/workdir/hadoop-ozone/tools/../../hadoop-common-project/hadoop-common/target/native/target/usr/local/lib:/usr/java/packages/lib/amd64:/usr/lib64:/lib64:/lib:/usr/lib"/>
    <property name="java.vm.info" value="mixed mode"/>
    <property name="java.vendor" value="IcedTea"/>
    <property name="java.vm.version" value="25.212-b04"/>
    <property name="java.ext.dirs" value="/usr/lib/jvm/java-1.8-openjdk/jre/lib/ext:/usr/java/packages/lib/ext"/>
    <property name="sun.io.unicode.encoding" value="UnicodeLittle"/>
    <property name="java.class.version" value="52.0"/>
  </properties>
  <testcase name="ratisTestLargeKey" classname="org.apache.hadoop.ozone.freon.TestDataValidateWithUnsafeByteOperations" time="14.126"/>
  <testcase name="standaloneTestLargeKey" classname="org.apache.hadoop.ozone.freon.TestDataValidateWithUnsafeByteOperations" time="6.542"/>
  <testcase name="validateWriteTest" classname="org.apache.hadoop.ozone.freon.TestDataValidateWithUnsafeByteOperations" time="15.933">
    <error message="Allocated 0 blocks. Requested 1 blocks" type="INTERNAL_ERROR org.apache.hadoop.ozone.om.exceptions.OMException">INTERNAL_ERROR org.apache.hadoop.ozone.om.exceptions.OMException: Allocated 0 blocks. Requested 1 blocks
	at org.apache.hadoop.ozone.om.protocolPB.OzoneManagerProtocolClientSideTranslatorPB.handleError(OzoneManagerProtocolClientSideTranslatorPB.java:725)
	at org.apache.hadoop.ozone.om.protocolPB.OzoneManagerProtocolClientSideTranslatorPB.allocateBlock(OzoneManagerProtocolClientSideTranslatorPB.java:757)
	at org.apache.hadoop.ozone.client.io.BlockOutputStreamEntryPool.allocateNewBlock(BlockOutputStreamEntryPool.java:248)
	at org.apache.hadoop.ozone.client.io.BlockOutputStreamEntryPool.allocateBlockIfNeeded(BlockOutputStreamEntryPool.java:296)
	at org.apache.hadoop.ozone.client.io.KeyOutputStream.handleWrite(KeyOutputStream.java:201)
	at org.apache.hadoop.ozone.client.io.KeyOutputStream.handleRetry(KeyOutputStream.java:376)
	at org.apache.hadoop.ozone.client.io.KeyOutputStream.handleException(KeyOutputStream.java:325)
	at org.apache.hadoop.ozone.client.io.KeyOutputStream.handleFlushOrClose(KeyOutputStream.java:448)
	at org.apache.hadoop.ozone.client.io.KeyOutputStream.close(KeyOutputStream.java:472)
	at org.apache.hadoop.ozone.client.io.OzoneOutputStream.close(OzoneOutputStream.java:60)
	at org.apache.hadoop.ozone.freon.RandomKeyGenerator.createKey(RandomKeyGenerator.java:701)
	at org.apache.hadoop.ozone.freon.RandomKeyGenerator.access$1100(RandomKeyGenerator.java:87)
	at org.apache.hadoop.ozone.freon.RandomKeyGenerator$ObjectCreator.run(RandomKeyGenerator.java:606)
	at java.util.concurrent.Executors$RunnableAdapter.call(Executors.java:511)
	at java.util.concurrent.FutureTask.run(FutureTask.java:266)
	at java.util.concurrent.ThreadPoolExecutor.runWorker(ThreadPoolExecutor.java:1149)
	at java.util.concurrent.ThreadPoolExecutor$Worker.run(ThreadPoolExecutor.java:624)
	at java.lang.Thread.run(Thread.java:748)
</error>
    <system-out><![CDATA[2019-08-23 04:27:11,529 [main] INFO  freon.RandomKeyGenerator (RandomKeyGenerator.java:call(275)) - Number of Threads: 10
2019-08-23 04:27:11,530 [main] INFO  freon.RandomKeyGenerator (RandomKeyGenerator.java:call(280)) - Number of Volumes: 2.
2019-08-23 04:27:11,530 [main] INFO  freon.RandomKeyGenerator (RandomKeyGenerator.java:call(281)) - Number of Buckets per Volume: 5.
2019-08-23 04:27:11,530 [main] INFO  freon.RandomKeyGenerator (RandomKeyGenerator.java:call(282)) - Number of Keys per Bucket: 10.
2019-08-23 04:27:11,530 [main] INFO  freon.RandomKeyGenerator (RandomKeyGenerator.java:call(283)) - Key size: 10240 bytes
2019-08-23 04:27:11,530 [main] INFO  freon.RandomKeyGenerator (RandomKeyGenerator.java:call(284)) - Buffer size: 4096 bytes
2019-08-23 04:27:11,532 [pool-90-thread-2] INFO  rpc.RpcClient (RpcClient.java:createVolume(293)) - Creating Volume: vol-1-20205, with jenkins1000 as owner.
2019-08-23 04:27:11,532 [pool-90-thread-1] INFO  rpc.RpcClient (RpcClient.java:createVolume(293)) - Creating Volume: vol-0-42659, with jenkins1000 as owner.
2019-08-23 04:27:11,534 [main] INFO  freon.RandomKeyGenerator (RandomKeyGenerator.java:call(298)) - Data validation is enabled.
2019-08-23 04:27:11,534 [main] INFO  freon.RandomKeyGenerator (RandomKeyGenerator.java:call(304)) - Starting progress bar Thread.

 0.00% |█                                                                                                    |  0/100 Time: 0:00:002019-08-23 04:27:11,536 | INFO  | OMAudit | user=jenkins1000 | ip=127.0.0.1 | op=CREATE_VOLUME {admin=jenkins1000, owner=jenkins1000, volume=vol-0-42659, creationTime=1566534431535, quotaInBytes=1152921504606846976} | ret=SUCCESS |  
2019-08-23 04:27:11,536 | INFO  | OMAudit | user=jenkins1000 | ip=127.0.0.1 | op=CREATE_VOLUME {admin=jenkins1000, owner=jenkins1000, volume=vol-1-20205, creationTime=1566534431536, quotaInBytes=1152921504606846976} | ret=SUCCESS |  
2019-08-23 04:27:11,539 | INFO  | OMAudit | user=jenkins1000 | ip=127.0.0.1 | op=READ_VOLUME {volume=vol-0-42659} | ret=SUCCESS |  
2019-08-23 04:27:11,540 | INFO  | OMAudit | user=jenkins1000 | ip=127.0.0.1 | op=READ_VOLUME {volume=vol-1-20205} | ret=SUCCESS |  
2019-08-23 04:27:11,544 [pool-90-thread-1] INFO  rpc.RpcClient (RpcClient.java:createBucket(432)) - Creating Bucket: vol-0-42659/bucket-4-88694, with Versioning false and Storage Type set to DISK and Encryption set to false 
2019-08-23 04:27:11,544 [pool-90-thread-3] INFO  rpc.RpcClient (RpcClient.java:createBucket(432)) - Creating Bucket: vol-0-42659/bucket-0-06613, with Versioning false and Storage Type set to DISK and Encryption set to false 
2019-08-23 04:27:11,544 [pool-90-thread-7] INFO  rpc.RpcClient (RpcClient.java:createBucket(432)) - Creating Bucket: vol-0-42659/bucket-2-77083, with Versioning false and Storage Type set to DISK and Encryption set to false 
2019-08-23 04:27:11,544 [pool-90-thread-2] INFO  rpc.RpcClient (RpcClient.java:createBucket(432)) - Creating Bucket: vol-1-20205/bucket-4-54813, with Versioning false and Storage Type set to DISK and Encryption set to false 
2019-08-23 04:27:11,544 [pool-90-thread-9] INFO  rpc.RpcClient (RpcClient.java:createBucket(432)) - Creating Bucket: vol-0-42659/bucket-3-42268, with Versioning false and Storage Type set to DISK and Encryption set to false 
2019-08-23 04:27:11,544 [pool-90-thread-10] INFO  rpc.RpcClient (RpcClient.java:createBucket(432)) - Creating Bucket: vol-1-20205/bucket-3-54341, with Versioning false and Storage Type set to DISK and Encryption set to false 
2019-08-23 04:27:11,548 | INFO  | OMAudit | user=jenkins1000 | ip=127.0.0.1 | op=CREATE_BUCKET {volume=vol-0-42659, bucket=bucket-0-06613, acls=[user:jenkins1000:a[ACCESS], group:default:a[ACCESS]], isVersionEnabled=false, storageType=DISK, creationTime=0} | ret=SUCCESS |  
2019-08-23 04:27:11,550 | INFO  | OMAudit | user=jenkins1000 | ip=127.0.0.1 | op=CREATE_BUCKET {volume=vol-1-20205, bucket=bucket-4-54813, acls=[user:jenkins1000:a[ACCESS], group:default:a[ACCESS]], isVersionEnabled=false, storageType=DISK, creationTime=0} | ret=SUCCESS |  
2019-08-23 04:27:11,550 | INFO  | OMAudit | user=jenkins1000 | ip=127.0.0.1 | op=CREATE_BUCKET {volume=vol-0-42659, bucket=bucket-4-88694, acls=[user:jenkins1000:a[ACCESS], group:default:a[ACCESS]], isVersionEnabled=false, storageType=DISK, creationTime=0} | ret=SUCCESS |  
2019-08-23 04:27:11,550 | INFO  | OMAudit | user=jenkins1000 | ip=127.0.0.1 | op=CREATE_BUCKET {volume=vol-1-20205, bucket=bucket-3-54341, acls=[user:jenkins1000:a[ACCESS], group:default:a[ACCESS]], isVersionEnabled=false, storageType=DISK, creationTime=0} | ret=SUCCESS |  
2019-08-23 04:27:11,551 | INFO  | OMAudit | user=jenkins1000 | ip=127.0.0.1 | op=CREATE_BUCKET {volume=vol-0-42659, bucket=bucket-2-77083, acls=[user:jenkins1000:a[ACCESS], group:default:a[ACCESS]], isVersionEnabled=false, storageType=DISK, creationTime=0} | ret=SUCCESS |  
2019-08-23 04:27:11,551 | INFO  | OMAudit | user=jenkins1000 | ip=127.0.0.1 | op=CREATE_BUCKET {volume=vol-0-42659, bucket=bucket-3-42268, acls=[user:jenkins1000:a[ACCESS], group:default:a[ACCESS]], isVersionEnabled=false, storageType=DISK, creationTime=0} | ret=SUCCESS |  
2019-08-23 04:27:11,552 | INFO  | OMAudit | user=jenkins1000 | ip=127.0.0.1 | op=READ_BUCKET {volume=vol-0-42659, bucket=bucket-4-88694} | ret=SUCCESS |  
2019-08-23 04:27:11,552 | INFO  | OMAudit | user=jenkins1000 | ip=127.0.0.1 | op=READ_BUCKET {volume=vol-0-42659, bucket=bucket-0-06613} | ret=SUCCESS |  
2019-08-23 04:27:11,552 | INFO  | OMAudit | user=jenkins1000 | ip=127.0.0.1 | op=READ_BUCKET {volume=vol-1-20205, bucket=bucket-4-54813} | ret=SUCCESS |  
2019-08-23 04:27:11,552 | INFO  | OMAudit | user=jenkins1000 | ip=127.0.0.1 | op=READ_BUCKET {volume=vol-1-20205, bucket=bucket-3-54341} | ret=SUCCESS |  
2019-08-23 04:27:11,552 [pool-90-thread-5] INFO  rpc.RpcClient (RpcClient.java:createBucket(432)) - Creating Bucket: vol-0-42659/bucket-1-34712, with Versioning false and Storage Type set to DISK and Encryption set to false 
2019-08-23 04:27:11,552 | INFO  | OMAudit | user=jenkins1000 | ip=127.0.0.1 | op=READ_BUCKET {volume=vol-0-42659, bucket=bucket-2-77083} | ret=SUCCESS |  
2019-08-23 04:27:11,553 | INFO  | OMAudit | user=jenkins1000 | ip=127.0.0.1 | op=READ_BUCKET {volume=vol-0-42659, bucket=bucket-3-42268} | ret=SUCCESS |  
2019-08-23 04:27:11,554 [pool-90-thread-4] INFO  rpc.RpcClient (RpcClient.java:createBucket(432)) - Creating Bucket: vol-1-20205/bucket-0-84326, with Versioning false and Storage Type set to DISK and Encryption set to false 
2019-08-23 04:27:11,554 [pool-90-thread-8] INFO  rpc.RpcClient (RpcClient.java:createBucket(432)) - Creating Bucket: vol-1-20205/bucket-2-67835, with Versioning false and Storage Type set to DISK and Encryption set to false 
2019-08-23 04:27:11,554 | INFO  | OMAudit | user=jenkins1000 | ip=127.0.0.1 | op=CREATE_BUCKET {volume=vol-0-42659, bucket=bucket-1-34712, acls=[user:jenkins1000:a[ACCESS], group:default:a[ACCESS]], isVersionEnabled=false, storageType=DISK, creationTime=0} | ret=SUCCESS |  
2019-08-23 04:27:11,554 [pool-90-thread-6] INFO  rpc.RpcClient (RpcClient.java:createBucket(432)) - Creating Bucket: vol-1-20205/bucket-1-61988, with Versioning false and Storage Type set to DISK and Encryption set to false 
2019-08-23 04:27:11,557 | INFO  | OMAudit | user=jenkins1000 | ip=127.0.0.1 | op=READ_BUCKET {volume=vol-0-42659, bucket=bucket-1-34712} | ret=SUCCESS |  
2019-08-23 04:27:11,557 | INFO  | OMAudit | user=jenkins1000 | ip=127.0.0.1 | op=CREATE_BUCKET {volume=vol-1-20205, bucket=bucket-0-84326, acls=[user:jenkins1000:a[ACCESS], group:default:a[ACCESS]], isVersionEnabled=false, storageType=DISK, creationTime=0} | ret=SUCCESS |  
2019-08-23 04:27:11,558 | INFO  | OMAudit | user=jenkins1000 | ip=127.0.0.1 | op=CREATE_BUCKET {volume=vol-1-20205, bucket=bucket-2-67835, acls=[user:jenkins1000:a[ACCESS], group:default:a[ACCESS]], isVersionEnabled=false, storageType=DISK, creationTime=0} | ret=SUCCESS |  
2019-08-23 04:27:11,558 | INFO  | SCMAudit | user=jenkins1000 | ip=192.168.36.77 | op=ALLOCATE_BLOCK {owner=0ede6294-5fd7-421b-8eb7-9656e082115f, size=4194304, type=RATIS, factor=THREE} | ret=SUCCESS |  
2019-08-23 04:27:11,559 | INFO  | OMAudit | user=jenkins1000 | ip=127.0.0.1 | op=CREATE_BUCKET {volume=vol-1-20205, bucket=bucket-1-61988, acls=[user:jenkins1000:a[ACCESS], group:default:a[ACCESS]], isVersionEnabled=false, storageType=DISK, creationTime=0} | ret=SUCCESS |  
2019-08-23 04:27:11,559 | INFO  | OMAudit | user=jenkins1000 | ip=127.0.0.1 | op=READ_BUCKET {volume=vol-1-20205, bucket=bucket-0-84326} | ret=SUCCESS |  
2019-08-23 04:27:11,561 | INFO  | OMAudit | user=jenkins1000 | ip=127.0.0.1 | op=READ_BUCKET {volume=vol-1-20205, bucket=bucket-2-67835} | ret=SUCCESS |  
2019-08-23 04:27:11,562 | INFO  | OMAudit | user=jenkins1000 | ip=127.0.0.1 | op=ALLOCATE_KEY {volume=vol-0-42659, bucket=bucket-2-77083, key=key-0-63343, dataSize=10240, replicationType=RATIS, replicationFactor=THREE, keyLocationInfo=null} | ret=SUCCESS |  
2019-08-23 04:27:11,562 | INFO  | OMAudit | user=jenkins1000 | ip=127.0.0.1 | op=READ_BUCKET {volume=vol-1-20205, bucket=bucket-1-61988} | ret=SUCCESS |  
2019-08-23 04:27:11,563 | INFO  | SCMAudit | user=jenkins1000 | ip=192.168.36.77 | op=ALLOCATE_BLOCK {owner=0ede6294-5fd7-421b-8eb7-9656e082115f, size=4194304, type=RATIS, factor=THREE} | ret=SUCCESS |  
2019-08-23 04:27:11,564 | INFO  | SCMAudit | user=jenkins1000 | ip=192.168.36.77 | op=ALLOCATE_BLOCK {owner=0ede6294-5fd7-421b-8eb7-9656e082115f, size=4194304, type=RATIS, factor=THREE} | ret=SUCCESS |  
2019-08-23 04:27:11,564 | INFO  | OMAudit | user=jenkins1000 | ip=127.0.0.1 | op=ALLOCATE_KEY {volume=vol-0-42659, bucket=bucket-3-42268, key=key-0-62644, dataSize=10240, replicationType=RATIS, replicationFactor=THREE, keyLocationInfo=null} | ret=SUCCESS |  
2019-08-23 04:27:11,565 | INFO  | SCMAudit | user=jenkins1000 | ip=192.168.36.77 | op=ALLOCATE_BLOCK {owner=0ede6294-5fd7-421b-8eb7-9656e082115f, size=4194304, type=RATIS, factor=THREE} | ret=SUCCESS |  
2019-08-23 04:27:11,565 | INFO  | SCMAudit | user=jenkins1000 | ip=192.168.36.77 | op=ALLOCATE_BLOCK {owner=0ede6294-5fd7-421b-8eb7-9656e082115f, size=4194304, type=RATIS, factor=THREE} | ret=SUCCESS |  
2019-08-23 04:27:11,566 | INFO  | SCMAudit | user=jenkins1000 | ip=192.168.36.77 | op=ALLOCATE_BLOCK {owner=0ede6294-5fd7-421b-8eb7-9656e082115f, size=4194304, type=RATIS, factor=THREE} | ret=SUCCESS |  
2019-08-23 04:27:11,566 | INFO  | OMAudit | user=jenkins1000 | ip=127.0.0.1 | op=ALLOCATE_KEY {volume=vol-1-20205, bucket=bucket-3-54341, key=key-0-76312, dataSize=10240, replicationType=RATIS, replicationFactor=THREE, keyLocationInfo=null} | ret=SUCCESS |  
2019-08-23 04:27:11,567 | INFO  | SCMAudit | user=jenkins1000 | ip=192.168.36.77 | op=ALLOCATE_BLOCK {owner=0ede6294-5fd7-421b-8eb7-9656e082115f, size=4194304, type=RATIS, factor=THREE} | ret=SUCCESS |  
2019-08-23 04:27:11,568 | INFO  | SCMAudit | user=jenkins1000 | ip=192.168.36.77 | op=ALLOCATE_BLOCK {owner=0ede6294-5fd7-421b-8eb7-9656e082115f, size=4194304, type=RATIS, factor=THREE} | ret=SUCCESS |  
2019-08-23 04:27:11,568 | INFO  | OMAudit | user=jenkins1000 | ip=127.0.0.1 | op=ALLOCATE_KEY {volume=vol-0-42659, bucket=bucket-0-06613, key=key-0-09404, dataSize=10240, replicationType=RATIS, replicationFactor=THREE, keyLocationInfo=null} | ret=SUCCESS |  
2019-08-23 04:27:11,568 | INFO  | SCMAudit | user=jenkins1000 | ip=192.168.36.77 | op=ALLOCATE_BLOCK {owner=0ede6294-5fd7-421b-8eb7-9656e082115f, size=4194304, type=RATIS, factor=THREE} | ret=SUCCESS |  
2019-08-23 04:27:11,568 | INFO  | OMAudit | user=jenkins1000 | ip=127.0.0.1 | op=ALLOCATE_KEY {volume=vol-0-42659, bucket=bucket-4-88694, key=key-0-06907, dataSize=10240, replicationType=RATIS, replicationFactor=THREE, keyLocationInfo=null} | ret=SUCCESS |  
2019-08-23 04:27:11,569 | INFO  | OMAudit | user=jenkins1000 | ip=127.0.0.1 | op=ALLOCATE_KEY {volume=vol-0-42659, bucket=bucket-1-34712, key=key-0-71445, dataSize=10240, replicationType=RATIS, replicationFactor=THREE, keyLocationInfo=null} | ret=SUCCESS |  
2019-08-23 04:27:11,569 | INFO  | SCMAudit | user=jenkins1000 | ip=192.168.36.77 | op=ALLOCATE_BLOCK {owner=0ede6294-5fd7-421b-8eb7-9656e082115f, size=4194304, type=RATIS, factor=THREE} | ret=SUCCESS |  
2019-08-23 04:27:11,571 | INFO  | OMAudit | user=jenkins1000 | ip=127.0.0.1 | op=ALLOCATE_KEY {volume=vol-1-20205, bucket=bucket-0-84326, key=key-0-53719, dataSize=10240, replicationType=RATIS, replicationFactor=THREE, keyLocationInfo=null} | ret=SUCCESS |  
2019-08-23 04:27:11,573 | INFO  | OMAudit | user=jenkins1000 | ip=127.0.0.1 | op=ALLOCATE_KEY {volume=vol-1-20205, bucket=bucket-1-61988, key=key-0-11151, dataSize=10240, replicationType=RATIS, replicationFactor=THREE, keyLocationInfo=null} | ret=SUCCESS |  
2019-08-23 04:27:11,574 | INFO  | OMAudit | user=jenkins1000 | ip=127.0.0.1 | op=ALLOCATE_KEY {volume=vol-1-20205, bucket=bucket-4-54813, key=key-0-94822, dataSize=10240, replicationType=RATIS, replicationFactor=THREE, keyLocationInfo=null} | ret=SUCCESS |  
2019-08-23 04:27:11,575 | INFO  | OMAudit | user=jenkins1000 | ip=127.0.0.1 | op=ALLOCATE_KEY {volume=vol-1-20205, bucket=bucket-2-67835, key=key-0-50760, dataSize=10240, replicationType=RATIS, replicationFactor=THREE, keyLocationInfo=null} | ret=SUCCESS |  
2019-08-23 04:27:11,582 [grpc-default-executor-3] INFO  client.GrpcClientProtocolClient (GrpcClientProtocolClient.java:onNext(255)) - client-8C6AA2FA99F1->f6d593da-3d81-42e7-b927-5f502e16088c: receive RaftClientReply:client-8C6AA2FA99F1->f6d593da-3d81-42e7-b927-5f502e16088c@group-C455D70D824C, cid=103, FAILED org.apache.ratis.protocol.NotLeaderException: Server f6d593da-3d81-42e7-b927-5f502e16088c is not the leader (aaa8e91e-0eca-44f4-ad30-66eff97d1642:192.168.36.77:35914). Request must be sent to leader., logIndex=0, commits[f6d593da-3d81-42e7-b927-5f502e16088c:c157, 8d5baa0f-1210-41f1-915f-fdffd8779ee7:c157, aaa8e91e-0eca-44f4-ad30-66eff97d1642:c157]
2019-08-23 04:27:11,599 | INFO  | DNAudit | user=null | ip=null | op=WRITE_CHUNK {blockData=conID: 2 locID: 102664400506585101 bcsId: 0} | ret=SUCCESS |  
2019-08-23 04:27:11,600 | INFO  | DNAudit | user=null | ip=null | op=WRITE_CHUNK {blockData=conID: 2 locID: 102664400506585101 bcsId: 0} | ret=SUCCESS |  
2019-08-23 04:27:11,600 | INFO  | DNAudit | user=null | ip=null | op=WRITE_CHUNK {blockData=conID: 2 locID: 102664400506585101 bcsId: 0} | ret=SUCCESS |  
2019-08-23 04:27:11,613 | INFO  | DNAudit | user=null | ip=null | op=WRITE_CHUNK {blockData=conID: 2 locID: 102664400506585101 bcsId: 0} | ret=SUCCESS |  
2019-08-23 04:27:11,618 [grpc-default-executor-3] INFO  client.GrpcClientProtocolClient (GrpcClientProtocolClient.java:onNext(255)) - client-8C6AA2FA99F1->aaa8e91e-0eca-44f4-ad30-66eff97d1642: receive RaftClientReply:client-8C6AA2FA99F1->aaa8e91e-0eca-44f4-ad30-66eff97d1642@group-C455D70D824C, cid=103, SUCCESS, logIndex=158, commits[aaa8e91e-0eca-44f4-ad30-66eff97d1642:c158, f6d593da-3d81-42e7-b927-5f502e16088c:c157, 8d5baa0f-1210-41f1-915f-fdffd8779ee7:c157]
2019-08-23 04:27:11,624 | INFO  | DNAudit | user=null | ip=null | op=WRITE_CHUNK {blockData=conID: 2 locID: 102664400507043865 bcsId: 0} | ret=SUCCESS |  
2019-08-23 04:27:11,625 | INFO  | DNAudit | user=null | ip=null | op=WRITE_CHUNK {blockData=conID: 3 locID: 102664400506912784 bcsId: 0} | ret=SUCCESS |  
2019-08-23 04:27:11,626 | INFO  | DNAudit | user=null | ip=null | op=WRITE_CHUNK {blockData=conID: 2 locID: 102664400506585101 bcsId: 0} | ret=SUCCESS |  
2019-08-23 04:27:11,626 | INFO  | DNAudit | user=null | ip=null | op=WRITE_CHUNK {blockData=conID: 2 locID: 102664400506585101 bcsId: 0} | ret=SUCCESS |  
2019-08-23 04:27:11,626 | INFO  | DNAudit | user=null | ip=null | op=WRITE_CHUNK {blockData=conID: 1 locID: 102664400506978324 bcsId: 0} | ret=SUCCESS |  
2019-08-23 04:27:11,626 | INFO  | DNAudit | user=null | ip=null | op=WRITE_CHUNK {blockData=conID: 2 locID: 102664400507043865 bcsId: 0} | ret=SUCCESS |  
2019-08-23 04:27:11,626 | INFO  | DNAudit | user=null | ip=null | op=WRITE_CHUNK {blockData=conID: 2 locID: 102664400507043865 bcsId: 0} | ret=SUCCESS |  
2019-08-23 04:27:11,627 | INFO  | DNAudit | user=null | ip=null | op=WRITE_CHUNK {blockData=conID: 3 locID: 102664400506912784 bcsId: 0} | ret=SUCCESS |  
2019-08-23 04:27:11,627 | INFO  | DNAudit | user=null | ip=null | op=WRITE_CHUNK {blockData=conID: 3 locID: 102664400506912784 bcsId: 0} | ret=SUCCESS |  
2019-08-23 04:27:11,627 | INFO  | DNAudit | user=null | ip=null | op=WRITE_CHUNK {blockData=conID: 1 locID: 102664400506978324 bcsId: 0} | ret=SUCCESS |  
2019-08-23 04:27:11,627 | INFO  | DNAudit | user=null | ip=null | op=WRITE_CHUNK {blockData=conID: 1 locID: 102664400506978324 bcsId: 0} | ret=SUCCESS |  
2019-08-23 04:27:11,629 | INFO  | DNAudit | user=null | ip=null | op=WRITE_CHUNK {blockData=conID: 2 locID: 102664400507043864 bcsId: 0} | ret=SUCCESS |  
2019-08-23 04:27:11,630 | INFO  | DNAudit | user=null | ip=null | op=WRITE_CHUNK {blockData=conID: 2 locID: 102664400507043864 bcsId: 0} | ret=SUCCESS |  
2019-08-23 04:27:11,630 | INFO  | DNAudit | user=null | ip=null | op=WRITE_CHUNK {blockData=conID: 2 locID: 102664400507043864 bcsId: 0} | ret=SUCCESS |  
2019-08-23 04:27:11,631 | INFO  | DNAudit | user=null | ip=null | op=WRITE_CHUNK {blockData=conID: 3 locID: 102664400507043867 bcsId: 0} | ret=SUCCESS |  
2019-08-23 04:27:11,632 | INFO  | DNAudit | user=null | ip=null | op=WRITE_CHUNK {blockData=conID: 3 locID: 102664400507043867 bcsId: 0} | ret=SUCCESS |  
2019-08-23 04:27:11,632 | INFO  | DNAudit | user=null | ip=null | op=WRITE_CHUNK {blockData=conID: 3 locID: 102664400507043867 bcsId: 0} | ret=SUCCESS |  
2019-08-23 04:27:11,632 | INFO  | DNAudit | user=null | ip=null | op=WRITE_CHUNK {blockData=conID: 2 locID: 102664400507174941 bcsId: 0} | ret=SUCCESS |  
2019-08-23 04:27:11,633 | INFO  | DNAudit | user=null | ip=null | op=WRITE_CHUNK {blockData=conID: 1 locID: 102664400507109404 bcsId: 0} | ret=SUCCESS |  
2019-08-23 04:27:11,633 | INFO  | DNAudit | user=null | ip=null | op=WRITE_CHUNK {blockData=conID: 2 locID: 102664400507174941 bcsId: 0} | ret=SUCCESS |  
2019-08-23 04:27:11,634 | INFO  | DNAudit | user=null | ip=null | op=WRITE_CHUNK {blockData=conID: 2 locID: 102664400507174941 bcsId: 0} | ret=SUCCESS |  
2019-08-23 04:27:11,634 | INFO  | DNAudit | user=null | ip=null | op=WRITE_CHUNK {blockData=conID: 1 locID: 102664400507109404 bcsId: 0} | ret=SUCCESS |  
2019-08-23 04:27:11,634 | INFO  | DNAudit | user=null | ip=null | op=WRITE_CHUNK {blockData=conID: 1 locID: 102664400507109404 bcsId: 0} | ret=SUCCESS |  
2019-08-23 04:27:11,634 | INFO  | DNAudit | user=null | ip=null | op=WRITE_CHUNK {blockData=conID: 3 locID: 102664400507240478 bcsId: 0} | ret=SUCCESS |  
2019-08-23 04:27:11,636 | INFO  | DNAudit | user=null | ip=null | op=WRITE_CHUNK {blockData=conID: 3 locID: 102664400507240478 bcsId: 0} | ret=SUCCESS |  
2019-08-23 04:27:11,636 | INFO  | DNAudit | user=null | ip=null | op=WRITE_CHUNK {blockData=conID: 3 locID: 102664400507240478 bcsId: 0} | ret=SUCCESS |  
2019-08-23 04:27:11,636 | INFO  | DNAudit | user=null | ip=null | op=WRITE_CHUNK {blockData=conID: 1 locID: 102664400507306015 bcsId: 0} | ret=SUCCESS |  
2019-08-23 04:27:11,637 | INFO  | DNAudit | user=null | ip=null | op=WRITE_CHUNK {blockData=conID: 1 locID: 102664400507306015 bcsId: 0} | ret=SUCCESS |  
2019-08-23 04:27:11,637 | INFO  | DNAudit | user=null | ip=null | op=WRITE_CHUNK {blockData=conID: 1 locID: 102664400507306015 bcsId: 0} | ret=SUCCESS |  
2019-08-23 04:27:11,639 | INFO  | DNAudit | user=null | ip=null | op=WRITE_CHUNK {blockData=conID: 2 locID: 102664400507043865 bcsId: 0} | ret=SUCCESS |  
2019-08-23 04:27:11,640 | INFO  | DNAudit | user=null | ip=null | op=WRITE_CHUNK {blockData=conID: 3 locID: 102664400506912784 bcsId: 0} | ret=SUCCESS |  
2019-08-23 04:27:11,640 | INFO  | DNAudit | user=null | ip=null | op=WRITE_CHUNK {blockData=conID: 1 locID: 102664400506978324 bcsId: 0} | ret=SUCCESS |  
2019-08-23 04:27:11,644 | INFO  | DNAudit | user=null | ip=null | op=PUT_BLOCK {blockData=[blockId=conID: 2 locID: 102664400506585101 bcsId: 0,size=10240]} | ret=SUCCESS |  
2019-08-23 04:27:11,643 [grpc-default-executor-1] INFO  client.GrpcClientProtocolClient (GrpcClientProtocolClient.java:onNext(255)) - client-8C6AA2FA99F1->aaa8e91e-0eca-44f4-ad30-66eff97d1642: receive RaftClientReply:client-8C6AA2FA99F1->aaa8e91e-0eca-44f4-ad30-66eff97d1642@group-C455D70D824C, cid=105, SUCCESS, logIndex=160, commits[aaa8e91e-0eca-44f4-ad30-66eff97d1642:c162, f6d593da-3d81-42e7-b927-5f502e16088c:c159, 8d5baa0f-1210-41f1-915f-fdffd8779ee7:c158]
2019-08-23 04:27:11,645 [grpc-default-executor-4] INFO  client.GrpcClientProtocolClient (GrpcClientProtocolClient.java:onNext(255)) - client-8C6AA2FA99F1->aaa8e91e-0eca-44f4-ad30-66eff97d1642: receive RaftClientReply:client-8C6AA2FA99F1->aaa8e91e-0eca-44f4-ad30-66eff97d1642@group-C455D70D824C, cid=104, SUCCESS, logIndex=161, commits[aaa8e91e-0eca-44f4-ad30-66eff97d1642:c162, f6d593da-3d81-42e7-b927-5f502e16088c:c159, 8d5baa0f-1210-41f1-915f-fdffd8779ee7:c158]
2019-08-23 04:27:11,646 [grpc-default-executor-4] INFO  client.GrpcClientProtocolClient (GrpcClientProtocolClient.java:onNext(255)) - client-8C6AA2FA99F1->aaa8e91e-0eca-44f4-ad30-66eff97d1642: receive RaftClientReply:client-8C6AA2FA99F1->aaa8e91e-0eca-44f4-ad30-66eff97d1642@group-C455D70D824C, cid=106, SUCCESS, logIndex=162, commits[aaa8e91e-0eca-44f4-ad30-66eff97d1642:c163, f6d593da-3d81-42e7-b927-5f502e16088c:c159, 8d5baa0f-1210-41f1-915f-fdffd8779ee7:c158]
2019-08-23 04:27:11,646 [grpc-default-executor-4] INFO  client.GrpcClientProtocolClient (GrpcClientProtocolClient.java:onNext(255)) - client-8C6AA2FA99F1->aaa8e91e-0eca-44f4-ad30-66eff97d1642: receive RaftClientReply:client-8C6AA2FA99F1->aaa8e91e-0eca-44f4-ad30-66eff97d1642@group-C455D70D824C, cid=107, SUCCESS, logIndex=163, commits[aaa8e91e-0eca-44f4-ad30-66eff97d1642:c163, f6d593da-3d81-42e7-b927-5f502e16088c:c159, 8d5baa0f-1210-41f1-915f-fdffd8779ee7:c159]
2019-08-23 04:27:11,653 | INFO  | DNAudit | user=null | ip=null | op=PUT_BLOCK {blockData=[blockId=conID: 2 locID: 102664400507043865 bcsId: 0,size=10240]} | ret=SUCCESS |  
2019-08-23 04:27:11,653 | INFO  | DNAudit | user=null | ip=null | op=PUT_BLOCK {blockData=[blockId=conID: 3 locID: 102664400506912784 bcsId: 0,size=10240]} | ret=SUCCESS |  
2019-08-23 04:27:11,655 | INFO  | DNAudit | user=null | ip=null | op=WRITE_CHUNK {blockData=conID: 2 locID: 102664400507043864 bcsId: 0} | ret=SUCCESS |  
2019-08-23 04:27:11,655 | INFO  | DNAudit | user=null | ip=null | op=PUT_BLOCK {blockData=[blockId=conID: 1 locID: 102664400506978324 bcsId: 0,size=10240]} | ret=SUCCESS |  
2019-08-23 04:27:11,655 | INFO  | DNAudit | user=null | ip=null | op=WRITE_CHUNK {blockData=conID: 3 locID: 102664400507043867 bcsId: 0} | ret=SUCCESS |  
2019-08-23 04:27:11,655 [grpc-default-executor-0] INFO  client.GrpcClientProtocolClient (GrpcClientProtocolClient.java:onNext(255)) - client-8C6AA2FA99F1->aaa8e91e-0eca-44f4-ad30-66eff97d1642: receive RaftClientReply:client-8C6AA2FA99F1->aaa8e91e-0eca-44f4-ad30-66eff97d1642@group-C455D70D824C, cid=108, SUCCESS, logIndex=164, commits[aaa8e91e-0eca-44f4-ad30-66eff97d1642:c166, f6d593da-3d81-42e7-b927-5f502e16088c:c159, 8d5baa0f-1210-41f1-915f-fdffd8779ee7:c159]
2019-08-23 04:27:11,656 | INFO  | DNAudit | user=null | ip=null | op=PUT_BLOCK {blockData=[blockId=conID: 2 locID: 102664400507043864 bcsId: 0,size=10240]} | ret=SUCCESS |  
2019-08-23 04:27:11,656 | INFO  | DNAudit | user=null | ip=null | op=PUT_BLOCK {blockData=[blockId=conID: 3 locID: 102664400507043867 bcsId: 0,size=10240]} | ret=SUCCESS |  
2019-08-23 04:27:11,657 [grpc-default-executor-4] INFO  client.GrpcClientProtocolClient (GrpcClientProtocolClient.java:onNext(255)) - client-8C6AA2FA99F1->aaa8e91e-0eca-44f4-ad30-66eff97d1642: receive RaftClientReply:client-8C6AA2FA99F1->aaa8e91e-0eca-44f4-ad30-66eff97d1642@group-C455D70D824C, cid=109, SUCCESS, logIndex=165, commits[aaa8e91e-0eca-44f4-ad30-66eff97d1642:c166, f6d593da-3d81-42e7-b927-5f502e16088c:c159, 8d5baa0f-1210-41f1-915f-fdffd8779ee7:c159]
2019-08-23 04:27:11,660 | INFO  | DNAudit | user=null | ip=null | op=WRITE_CHUNK {blockData=conID: 1 locID: 102664400507109404 bcsId: 0} | ret=SUCCESS |  
2019-08-23 04:27:11,660 [grpc-default-executor-3] INFO  client.GrpcClientProtocolClient (GrpcClientProtocolClient.java:onNext(255)) - client-8C6AA2FA99F1->aaa8e91e-0eca-44f4-ad30-66eff97d1642: receive RaftClientReply:client-8C6AA2FA99F1->aaa8e91e-0eca-44f4-ad30-66eff97d1642@group-C455D70D824C, cid=110, SUCCESS, logIndex=166, commits[aaa8e91e-0eca-44f4-ad30-66eff97d1642:c171, f6d593da-3d81-42e7-b927-5f502e16088c:c159, 8d5baa0f-1210-41f1-915f-fdffd8779ee7:c159]
2019-08-23 04:27:11,662 | INFO  | DNAudit | user=null | ip=null | op=WRITE_CHUNK {blockData=conID: 3 locID: 102664400507240478 bcsId: 0} | ret=SUCCESS |  
2019-08-23 04:27:11,664 | INFO  | DNAudit | user=null | ip=null | op=WRITE_CHUNK {blockData=conID: 2 locID: 102664400507174941 bcsId: 0} | ret=SUCCESS |  
2019-08-23 04:27:11,662 [grpc-default-executor-3] INFO  client.GrpcClientProtocolClient (GrpcClientProtocolClient.java:onNext(255)) - client-8C6AA2FA99F1->aaa8e91e-0eca-44f4-ad30-66eff97d1642: receive RaftClientReply:client-8C6AA2FA99F1->aaa8e91e-0eca-44f4-ad30-66eff97d1642@group-C455D70D824C, cid=111, SUCCESS, logIndex=167, commits[aaa8e91e-0eca-44f4-ad30-66eff97d1642:c171, f6d593da-3d81-42e7-b927-5f502e16088c:c159, 8d5baa0f-1210-41f1-915f-fdffd8779ee7:c159]
2019-08-23 04:27:11,665 [grpc-default-executor-3] INFO  client.GrpcClientProtocolClient (GrpcClientProtocolClient.java:onNext(255)) - client-8C6AA2FA99F1->aaa8e91e-0eca-44f4-ad30-66eff97d1642: receive RaftClientReply:client-8C6AA2FA99F1->aaa8e91e-0eca-44f4-ad30-66eff97d1642@group-C455D70D824C, cid=112, SUCCESS, logIndex=168, commits[aaa8e91e-0eca-44f4-ad30-66eff97d1642:c171, f6d593da-3d81-42e7-b927-5f502e16088c:c159, 8d5baa0f-1210-41f1-915f-fdffd8779ee7:c159]
2019-08-23 04:27:11,665 | INFO  | DNAudit | user=null | ip=null | op=WRITE_CHUNK {blockData=conID: 2 locID: 102664400507043865 bcsId: 0} | ret=SUCCESS |  
2019-08-23 04:27:11,665 | INFO  | DNAudit | user=null | ip=null | op=WRITE_CHUNK {blockData=conID: 3 locID: 102664400506912784 bcsId: 0} | ret=SUCCESS |  
2019-08-23 04:27:11,665 | INFO  | DNAudit | user=null | ip=null | op=WRITE_CHUNK {blockData=conID: 1 locID: 102664400506978324 bcsId: 0} | ret=SUCCESS |  
2019-08-23 04:27:11,666 | INFO  | DNAudit | user=null | ip=null | op=PUT_BLOCK {blockData=[blockId=conID: 1 locID: 102664400507109404 bcsId: 0,size=10240]} | ret=SUCCESS |  
2019-08-23 04:27:11,666 | INFO  | DNAudit | user=null | ip=null | op=PUT_BLOCK {blockData=[blockId=conID: 3 locID: 102664400507240478 bcsId: 0,size=10240]} | ret=SUCCESS |  
2019-08-23 04:27:11,666 | INFO  | SCMAudit | user=jenkins1000 | ip=192.168.36.77 | op=SEND_HEARTBEAT {datanodeUUID=aaa8e91e-0eca-44f4-ad30-66eff97d1642, command=[]} | ret=SUCCESS |  
2019-08-23 04:27:11,666 | INFO  | DNAudit | user=null | ip=null | op=PUT_BLOCK {blockData=[blockId=conID: 2 locID: 102664400506585101 bcsId: 0,size=10240]} | ret=SUCCESS |  
2019-08-23 04:27:11,666 [grpc-default-executor-3] INFO  client.GrpcClientProtocolClient (GrpcClientProtocolClient.java:onNext(255)) - client-8C6AA2FA99F1->aaa8e91e-0eca-44f4-ad30-66eff97d1642: receive RaftClientReply:client-8C6AA2FA99F1->aaa8e91e-0eca-44f4-ad30-66eff97d1642@group-C455D70D824C, cid=113, SUCCESS, logIndex=169, commits[aaa8e91e-0eca-44f4-ad30-66eff97d1642:c171, f6d593da-3d81-42e7-b927-5f502e16088c:c159, 8d5baa0f-1210-41f1-915f-fdffd8779ee7:c159]
2019-08-23 04:27:11,666 | INFO  | SCMAudit | user=jenkins1000 | ip=192.168.36.77 | op=SEND_HEARTBEAT {datanodeUUID=f6d593da-3d81-42e7-b927-5f502e16088c, command=[]} | ret=SUCCESS |  
2019-08-23 04:27:11,666 | INFO  | SCMAudit | user=jenkins1000 | ip=192.168.36.77 | op=SEND_HEARTBEAT {datanodeUUID=8d5baa0f-1210-41f1-915f-fdffd8779ee7, command=[]} | ret=SUCCESS |  
2019-08-23 04:27:11,666 | INFO  | DNAudit | user=null | ip=null | op=WRITE_CHUNK {blockData=conID: 2 locID: 102664400507043865 bcsId: 0} | ret=SUCCESS |  
2019-08-23 04:27:11,667 | INFO  | DNAudit | user=null | ip=null | op=WRITE_CHUNK {blockData=conID: 3 locID: 102664400506912784 bcsId: 0} | ret=SUCCESS |  
2019-08-23 04:27:11,667 | INFO  | DNAudit | user=null | ip=null | op=PUT_BLOCK {blockData=[blockId=conID: 2 locID: 102664400507043865 bcsId: 0,size=10240]} | ret=SUCCESS |  
2019-08-23 04:27:11,667 | INFO  | DNAudit | user=null | ip=null | op=PUT_BLOCK {blockData=[blockId=conID: 2 locID: 102664400507174941 bcsId: 0,size=10240]} | ret=SUCCESS |  
2019-08-23 04:27:11,667 | INFO  | DNAudit | user=null | ip=null | op=WRITE_CHUNK {blockData=conID: 1 locID: 102664400506978324 bcsId: 0} | ret=SUCCESS |  
2019-08-23 04:27:11,667 | INFO  | DNAudit | user=null | ip=null | op=PUT_BLOCK {blockData=[blockId=conID: 2 locID: 102664400506585101 bcsId: 0,size=10240]} | ret=SUCCESS |  
2019-08-23 04:27:11,667 | INFO  | DNAudit | user=null | ip=null | op=WRITE_CHUNK {blockData=conID: 2 locID: 102664400507043864 bcsId: 0} | ret=SUCCESS |  
2019-08-23 04:27:11,668 | INFO  | DNAudit | user=null | ip=null | op=PUT_BLOCK {blockData=[blockId=conID: 3 locID: 102664400506912784 bcsId: 0,size=10240]} | ret=SUCCESS |  
2019-08-23 04:27:11,667 [grpc-default-executor-3] INFO  client.GrpcClientProtocolClient (GrpcClientProtocolClient.java:onNext(255)) - client-8C6AA2FA99F1->aaa8e91e-0eca-44f4-ad30-66eff97d1642: receive RaftClientReply:client-8C6AA2FA99F1->aaa8e91e-0eca-44f4-ad30-66eff97d1642@group-C455D70D824C, cid=114, SUCCESS, logIndex=170, commits[aaa8e91e-0eca-44f4-ad30-66eff97d1642:c171, f6d593da-3d81-42e7-b927-5f502e16088c:c159, 8d5baa0f-1210-41f1-915f-fdffd8779ee7:c159]
2019-08-23 04:27:11,668 | INFO  | DNAudit | user=null | ip=null | op=PUT_BLOCK {blockData=[blockId=conID: 3 locID: 102664400506912784 bcsId: 0,size=10240]} | ret=SUCCESS |  
2019-08-23 04:27:11,668 | INFO  | DNAudit | user=null | ip=null | op=PUT_BLOCK {blockData=[blockId=conID: 2 locID: 102664400507043865 bcsId: 0,size=10240]} | ret=SUCCESS |  
2019-08-23 04:27:11,668 | INFO  | DNAudit | user=null | ip=null | op=WRITE_CHUNK {blockData=conID: 2 locID: 102664400507043864 bcsId: 0} | ret=SUCCESS |  
2019-08-23 04:27:11,668 | INFO  | DNAudit | user=null | ip=null | op=PUT_BLOCK {blockData=[blockId=conID: 1 locID: 102664400506978324 bcsId: 0,size=10240]} | ret=SUCCESS |  
2019-08-23 04:27:11,668 | INFO  | DNAudit | user=null | ip=null | op=PUT_BLOCK {blockData=[blockId=conID: 2 locID: 102664400507043864 bcsId: 0,size=10240]} | ret=SUCCESS |  
2019-08-23 04:27:11,668 | INFO  | DNAudit | user=null | ip=null | op=PUT_BLOCK {blockData=[blockId=conID: 1 locID: 102664400506978324 bcsId: 0,size=10240]} | ret=SUCCESS |  
2019-08-23 04:27:11,668 | INFO  | DNAudit | user=null | ip=null | op=WRITE_CHUNK {blockData=conID: 3 locID: 102664400507043867 bcsId: 0} | ret=SUCCESS |  
2019-08-23 04:27:11,668 | INFO  | DNAudit | user=null | ip=null | op=WRITE_CHUNK {blockData=conID: 3 locID: 102664400507043867 bcsId: 0} | ret=SUCCESS |  
2019-08-23 04:27:11,669 | INFO  | DNAudit | user=null | ip=null | op=PUT_BLOCK {blockData=[blockId=conID: 2 locID: 102664400507043864 bcsId: 0,size=10240]} | ret=SUCCESS |  
2019-08-23 04:27:11,669 | INFO  | DNAudit | user=null | ip=null | op=PUT_BLOCK {blockData=[blockId=conID: 3 locID: 102664400507043867 bcsId: 0,size=10240]} | ret=SUCCESS |  
2019-08-23 04:27:11,669 [grpc-default-executor-1] INFO  client.GrpcClientProtocolClient (GrpcClientProtocolClient.java:onNext(255)) - client-8C6AA2FA99F1->aaa8e91e-0eca-44f4-ad30-66eff97d1642: receive RaftClientReply:client-8C6AA2FA99F1->aaa8e91e-0eca-44f4-ad30-66eff97d1642@group-C455D70D824C, cid=123, SUCCESS, logIndex=0, commits[aaa8e91e-0eca-44f4-ad30-66eff97d1642:c178, f6d593da-3d81-42e7-b927-5f502e16088c:c163, 8d5baa0f-1210-41f1-915f-fdffd8779ee7:c164]
2019-08-23 04:27:11,669 [grpc-default-executor-3] INFO  client.GrpcClientProtocolClient (GrpcClientProtocolClient.java:onNext(255)) - client-8C6AA2FA99F1->aaa8e91e-0eca-44f4-ad30-66eff97d1642: receive RaftClientReply:client-8C6AA2FA99F1->aaa8e91e-0eca-44f4-ad30-66eff97d1642@group-C455D70D824C, cid=115, SUCCESS, logIndex=171, commits[aaa8e91e-0eca-44f4-ad30-66eff97d1642:c174, f6d593da-3d81-42e7-b927-5f502e16088c:c159, 8d5baa0f-1210-41f1-915f-fdffd8779ee7:c159]
2019-08-23 04:27:11,669 | INFO  | DNAudit | user=null | ip=null | op=PUT_BLOCK {blockData=[blockId=conID: 3 locID: 102664400507043867 bcsId: 0,size=10240]} | ret=SUCCESS |  
2019-08-23 04:27:11,669 | INFO  | DNAudit | user=null | ip=null | op=WRITE_CHUNK {blockData=conID: 2 locID: 102664400507174941 bcsId: 0} | ret=SUCCESS |  
2019-08-23 04:27:11,670 | INFO  | DNAudit | user=null | ip=null | op=WRITE_CHUNK {blockData=conID: 2 locID: 102664400507174941 bcsId: 0} | ret=SUCCESS |  
2019-08-23 04:27:11,670 | INFO  | DNAudit | user=null | ip=null | op=WRITE_CHUNK {blockData=conID: 1 locID: 102664400507306015 bcsId: 0} | ret=SUCCESS |  
2019-08-23 04:27:11,670 [grpc-default-executor-4] INFO  client.GrpcClientProtocolClient (GrpcClientProtocolClient.java:onNext(255)) - client-8C6AA2FA99F1->aaa8e91e-0eca-44f4-ad30-66eff97d1642: receive RaftClientReply:client-8C6AA2FA99F1->aaa8e91e-0eca-44f4-ad30-66eff97d1642@group-C455D70D824C, cid=116, SUCCESS, logIndex=172, commits[aaa8e91e-0eca-44f4-ad30-66eff97d1642:c174, f6d593da-3d81-42e7-b927-5f502e16088c:c159, 8d5baa0f-1210-41f1-915f-fdffd8779ee7:c159]
2019-08-23 04:27:11,670 [grpc-default-executor-3] INFO  client.GrpcClientProtocolClient (GrpcClientProtocolClient.java:onNext(255)) - client-8C6AA2FA99F1->aaa8e91e-0eca-44f4-ad30-66eff97d1642: receive RaftClientReply:client-8C6AA2FA99F1->aaa8e91e-0eca-44f4-ad30-66eff97d1642@group-C455D70D824C, cid=124, SUCCESS, logIndex=0, commits[aaa8e91e-0eca-44f4-ad30-66eff97d1642:c178, f6d593da-3d81-42e7-b927-5f502e16088c:c165, 8d5baa0f-1210-41f1-915f-fdffd8779ee7:c166]
2019-08-23 04:27:11,670 | INFO  | DNAudit | user=null | ip=null | op=WRITE_CHUNK {blockData=conID: 1 locID: 102664400507109404 bcsId: 0} | ret=SUCCESS |  
2019-08-23 04:27:11,670 | INFO  | DNAudit | user=null | ip=null | op=PUT_BLOCK {blockData=[blockId=conID: 2 locID: 102664400507174941 bcsId: 0,size=10240]} | ret=SUCCESS |  
2019-08-23 04:27:11,671 | INFO  | DNAudit | user=null | ip=null | op=WRITE_CHUNK {blockData=conID: 3 locID: 102664400507240478 bcsId: 0} | ret=SUCCESS |  
2019-08-23 04:27:11,671 [grpc-default-executor-4] INFO  client.GrpcClientProtocolClient (GrpcClientProtocolClient.java:onNext(255)) - client-8C6AA2FA99F1->aaa8e91e-0eca-44f4-ad30-66eff97d1642: receive RaftClientReply:client-8C6AA2FA99F1->aaa8e91e-0eca-44f4-ad30-66eff97d1642@group-C455D70D824C, cid=117, SUCCESS, logIndex=173, commits[aaa8e91e-0eca-44f4-ad30-66eff97d1642:c178, f6d593da-3d81-42e7-b927-5f502e16088c:c162, 8d5baa0f-1210-41f1-915f-fdffd8779ee7:c164]
2019-08-23 04:27:11,671 | INFO  | DNAudit | user=null | ip=null | op=PUT_BLOCK {blockData=[blockId=conID: 1 locID: 102664400507306015 bcsId: 0,size=10240]} | ret=SUCCESS |  
2019-08-23 04:27:11,671 [grpc-default-executor-3] INFO  client.GrpcClientProtocolClient (GrpcClientProtocolClient.java:onNext(255)) - client-8C6AA2FA99F1->aaa8e91e-0eca-44f4-ad30-66eff97d1642: receive RaftClientReply:client-8C6AA2FA99F1->aaa8e91e-0eca-44f4-ad30-66eff97d1642@group-C455D70D824C, cid=125, SUCCESS, logIndex=0, commits[aaa8e91e-0eca-44f4-ad30-66eff97d1642:c178, f6d593da-3d81-42e7-b927-5f502e16088c:c165, 8d5baa0f-1210-41f1-915f-fdffd8779ee7:c166]
2019-08-23 04:27:11,672 [grpc-default-executor-4] INFO  client.GrpcClientProtocolClient (GrpcClientProtocolClient.java:onNext(255)) - client-8C6AA2FA99F1->aaa8e91e-0eca-44f4-ad30-66eff97d1642: receive RaftClientReply:client-8C6AA2FA99F1->aaa8e91e-0eca-44f4-ad30-66eff97d1642@group-C455D70D824C, cid=118, SUCCESS, logIndex=174, commits[aaa8e91e-0eca-44f4-ad30-66eff97d1642:c174, f6d593da-3d81-42e7-b927-5f502e16088c:c159, 8d5baa0f-1210-41f1-915f-fdffd8779ee7:c159]
2019-08-23 04:27:11,672 [grpc-default-executor-3] INFO  client.GrpcClientProtocolClient (GrpcClientProtocolClient.java:onNext(255)) - client-8C6AA2FA99F1->aaa8e91e-0eca-44f4-ad30-66eff97d1642: receive RaftClientReply:client-8C6AA2FA99F1->aaa8e91e-0eca-44f4-ad30-66eff97d1642@group-C455D70D824C, cid=128, SUCCESS, logIndex=0, commits[aaa8e91e-0eca-44f4-ad30-66eff97d1642:c186, f6d593da-3d81-42e7-b927-5f502e16088c:c170, 8d5baa0f-1210-41f1-915f-fdffd8779ee7:c170]
2019-08-23 04:27:11,672 [grpc-default-executor-4] INFO  client.GrpcClientProtocolClient (GrpcClientProtocolClient.java:onNext(255)) - client-8C6AA2FA99F1->aaa8e91e-0eca-44f4-ad30-66eff97d1642: receive RaftClientReply:client-8C6AA2FA99F1->aaa8e91e-0eca-44f4-ad30-66eff97d1642@group-C455D70D824C, cid=119, SUCCESS, logIndex=175, commits[aaa8e91e-0eca-44f4-ad30-66eff97d1642:c178, f6d593da-3d81-42e7-b927-5f502e16088c:c159, 8d5baa0f-1210-41f1-915f-fdffd8779ee7:c162]
2019-08-23 04:27:11,672 [grpc-default-executor-3] INFO  client.GrpcClientProtocolClient (GrpcClientProtocolClient.java:onNext(255)) - client-8C6AA2FA99F1->aaa8e91e-0eca-44f4-ad30-66eff97d1642: receive RaftClientReply:client-8C6AA2FA99F1->aaa8e91e-0eca-44f4-ad30-66eff97d1642@group-C455D70D824C, cid=126, SUCCESS, logIndex=0, commits[aaa8e91e-0eca-44f4-ad30-66eff97d1642:c186, f6d593da-3d81-42e7-b927-5f502e16088c:c170, 8d5baa0f-1210-41f1-915f-fdffd8779ee7:c170]
2019-08-23 04:27:11,673 [grpc-default-executor-4] INFO  client.GrpcClientProtocolClient (GrpcClientProtocolClient.java:onNext(255)) - client-8C6AA2FA99F1->aaa8e91e-0eca-44f4-ad30-66eff97d1642: receive RaftClientReply:client-8C6AA2FA99F1->aaa8e91e-0eca-44f4-ad30-66eff97d1642@group-C455D70D824C, cid=120, SUCCESS, logIndex=176, commits[aaa8e91e-0eca-44f4-ad30-66eff97d1642:c178, f6d593da-3d81-42e7-b927-5f502e16088c:c159, 8d5baa0f-1210-41f1-915f-fdffd8779ee7:c162]
2019-08-23 04:27:11,673 [grpc-default-executor-3] INFO  client.GrpcClientProtocolClient (GrpcClientProtocolClient.java:onNext(255)) - client-8C6AA2FA99F1->aaa8e91e-0eca-44f4-ad30-66eff97d1642: receive RaftClientReply:client-8C6AA2FA99F1->aaa8e91e-0eca-44f4-ad30-66eff97d1642@group-C455D70D824C, cid=127, SUCCESS, logIndex=0, commits[aaa8e91e-0eca-44f4-ad30-66eff97d1642:c186, f6d593da-3d81-42e7-b927-5f502e16088c:c170, 8d5baa0f-1210-41f1-915f-fdffd8779ee7:c174]
2019-08-23 04:27:11,673 | INFO  | OMAudit | user=jenkins1000 | ip=127.0.0.1 | op=COMMIT_KEY {volume=vol-0-42659, bucket=bucket-2-77083, key=key-0-63343, dataSize=10240, replicationType=null, replicationFactor=null, keyLocationInfo=[{blockID={containerID=2, localID=102664400506585101}, length=10240, offset=0, token=null, pipeline=Pipeline[ Id: 66543a4c-018c-4a46-974e-c455d70d824c, Nodes: f6d593da-3d81-42e7-b927-5f502e16088c{ip: 192.168.36.77, host: pr-hdds-2000-5mb45-3533150274, networkLocation: /default-rack, certSerialId: null}8d5baa0f-1210-41f1-915f-fdffd8779ee7{ip: 192.168.36.77, host: pr-hdds-2000-5mb45-3533150274, networkLocation: /default-rack, certSerialId: null}aaa8e91e-0eca-44f4-ad30-66eff97d1642{ip: 192.168.36.77, host: pr-hdds-2000-5mb45-3533150274, networkLocation: /default-rack, certSerialId: null}, Type:RATIS, Factor:THREE, State:OPEN], createVersion=0}], clientID=102664400506322956} | ret=SUCCESS |  
2019-08-23 04:27:11,673 [grpc-default-executor-4] INFO  client.GrpcClientProtocolClient (GrpcClientProtocolClient.java:onNext(255)) - client-8C6AA2FA99F1->aaa8e91e-0eca-44f4-ad30-66eff97d1642: receive RaftClientReply:client-8C6AA2FA99F1->aaa8e91e-0eca-44f4-ad30-66eff97d1642@group-C455D70D824C, cid=121, SUCCESS, logIndex=177, commits[aaa8e91e-0eca-44f4-ad30-66eff97d1642:c186, f6d593da-3d81-42e7-b927-5f502e16088c:c170, 8d5baa0f-1210-41f1-915f-fdffd8779ee7:c171]
2019-08-23 04:27:11,674 | INFO  | OMAudit | user=jenkins1000 | ip=127.0.0.1 | op=COMMIT_KEY {volume=vol-0-42659, bucket=bucket-0-06613, key=key-0-09404, dataSize=10240, replicationType=null, replicationFactor=null, keyLocationInfo=[{blockID={containerID=2, localID=102664400507043865}, length=10240, offset=0, token=null, pipeline=Pipeline[ Id: 66543a4c-018c-4a46-974e-c455d70d824c, Nodes: f6d593da-3d81-42e7-b927-5f502e16088c{ip: 192.168.36.77, host: pr-hdds-2000-5mb45-3533150274, networkLocation: /default-rack, certSerialId: null}8d5baa0f-1210-41f1-915f-fdffd8779ee7{ip: 192.168.36.77, host: pr-hdds-2000-5mb45-3533150274, networkLocation: /default-rack, certSerialId: null}aaa8e91e-0eca-44f4-ad30-66eff97d1642{ip: 192.168.36.77, host: pr-hdds-2000-5mb45-3533150274, networkLocation: /default-rack, certSerialId: null}, Type:RATIS, Factor:THREE, State:OPEN], createVersion=0}], clientID=102664400506912786} | ret=SUCCESS |  
2019-08-23 04:27:11,674 [grpc-default-executor-4] INFO  client.GrpcClientProtocolClient (GrpcClientProtocolClient.java:onNext(255)) - client-8C6AA2FA99F1->aaa8e91e-0eca-44f4-ad30-66eff97d1642: receive RaftClientReply:client-8C6AA2FA99F1->aaa8e91e-0eca-44f4-ad30-66eff97d1642@group-C455D70D824C, cid=122, SUCCESS, logIndex=178, commits[aaa8e91e-0eca-44f4-ad30-66eff97d1642:c188, f6d593da-3d81-42e7-b927-5f502e16088c:c171, 8d5baa0f-1210-41f1-915f-fdffd8779ee7:c174]
2019-08-23 04:27:11,674 | INFO  | OMAudit | user=jenkins1000 | ip=127.0.0.1 | op=COMMIT_KEY {volume=vol-0-42659, bucket=bucket-3-42268, key=key-0-62644, dataSize=10240, replicationType=null, replicationFactor=null, keyLocationInfo=[{blockID={containerID=3, localID=102664400506912784}, length=10240, offset=0, token=null, pipeline=Pipeline[ Id: 66543a4c-018c-4a46-974e-c455d70d824c, Nodes: f6d593da-3d81-42e7-b927-5f502e16088c{ip: 192.168.36.77, host: pr-hdds-2000-5mb45-3533150274, networkLocation: /default-rack, certSerialId: null}8d5baa0f-1210-41f1-915f-fdffd8779ee7{ip: 192.168.36.77, host: pr-hdds-2000-5mb45-3533150274, networkLocation: /default-rack, certSerialId: null}aaa8e91e-0eca-44f4-ad30-66eff97d1642{ip: 192.168.36.77, host: pr-hdds-2000-5mb45-3533150274, networkLocation: /default-rack, certSerialId: null}, Type:RATIS, Factor:THREE, State:OPEN], createVersion=0}], clientID=102664400506781710} | ret=SUCCESS |  
2019-08-23 04:27:11,675 | INFO  | OMAudit | user=jenkins1000 | ip=127.0.0.1 | op=COMMIT_KEY {volume=vol-0-42659, bucket=bucket-1-34712, key=key-0-71445, dataSize=10240, replicationType=null, replicationFactor=null, keyLocationInfo=[{blockID={containerID=3, localID=102664400507043867}, length=10240, offset=0, token=null, pipeline=Pipeline[ Id: 66543a4c-018c-4a46-974e-c455d70d824c, Nodes: f6d593da-3d81-42e7-b927-5f502e16088c{ip: 192.168.36.77, host: pr-hdds-2000-5mb45-3533150274, networkLocation: /default-rack, certSerialId: null}8d5baa0f-1210-41f1-915f-fdffd8779ee7{ip: 192.168.36.77, host: pr-hdds-2000-5mb45-3533150274, networkLocation: /default-rack, certSerialId: null}aaa8e91e-0eca-44f4-ad30-66eff97d1642{ip: 192.168.36.77, host: pr-hdds-2000-5mb45-3533150274, networkLocation: /default-rack, certSerialId: null}, Type:RATIS, Factor:THREE, State:OPEN], createVersion=0}], clientID=102664400506978325} | ret=SUCCESS |  
2019-08-23 04:27:11,675 | INFO  | OMAudit | user=jenkins1000 | ip=127.0.0.1 | op=COMMIT_KEY {volume=vol-1-20205, bucket=bucket-3-54341, key=key-0-76312, dataSize=10240, replicationType=null, replicationFactor=null, keyLocationInfo=[{blockID={containerID=1, localID=102664400506978324}, length=10240, offset=0, token=null, pipeline=Pipeline[ Id: 66543a4c-018c-4a46-974e-c455d70d824c, Nodes: f6d593da-3d81-42e7-b927-5f502e16088c{ip: 192.168.36.77, host: pr-hdds-2000-5mb45-3533150274, networkLocation: /default-rack, certSerialId: null}8d5baa0f-1210-41f1-915f-fdffd8779ee7{ip: 192.168.36.77, host: pr-hdds-2000-5mb45-3533150274, networkLocation: /default-rack, certSerialId: null}aaa8e91e-0eca-44f4-ad30-66eff97d1642{ip: 192.168.36.77, host: pr-hdds-2000-5mb45-3533150274, networkLocation: /default-rack, certSerialId: null}, Type:RATIS, Factor:THREE, State:OPEN], createVersion=0}], clientID=102664400506847247} | ret=SUCCESS |  
2019-08-23 04:27:11,675 | INFO  | SCMAudit | user=jenkins1000 | ip=192.168.36.77 | op=GET_CONTAINER_WITH_PIPELINE {containerID=#2} | ret=SUCCESS |  
2019-08-23 04:27:11,676 | INFO  | OMAudit | user=jenkins1000 | ip=127.0.0.1 | op=COMMIT_KEY {volume=vol-0-42659, bucket=bucket-4-88694, key=key-0-06907, dataSize=10240, replicationType=null, replicationFactor=null, keyLocationInfo=[{blockID={containerID=2, localID=102664400507043864}, length=10240, offset=0, token=null, pipeline=Pipeline[ Id: 66543a4c-018c-4a46-974e-c455d70d824c, Nodes: f6d593da-3d81-42e7-b927-5f502e16088c{ip: 192.168.36.77, host: pr-hdds-2000-5mb45-3533150274, networkLocation: /default-rack, certSerialId: null}8d5baa0f-1210-41f1-915f-fdffd8779ee7{ip: 192.168.36.77, host: pr-hdds-2000-5mb45-3533150274, networkLocation: /default-rack, certSerialId: null}aaa8e91e-0eca-44f4-ad30-66eff97d1642{ip: 192.168.36.77, host: pr-hdds-2000-5mb45-3533150274, networkLocation: /default-rack, certSerialId: null}, Type:RATIS, Factor:THREE, State:OPEN], createVersion=0}], clientID=102664400506912785} | ret=SUCCESS |  
2019-08-23 04:27:11,676 | INFO  | SCMAudit | user=jenkins1000 | ip=192.168.36.77 | op=ALLOCATE_BLOCK {owner=0ede6294-5fd7-421b-8eb7-9656e082115f, size=4194304, type=RATIS, factor=THREE} | ret=SUCCESS |  
2019-08-23 04:27:11,676 | INFO  | OMAudit | user=jenkins1000 | ip=127.0.0.1 | op=READ_KEY {volume=vol-0-42659, bucket=bucket-2-77083, key=key-0-63343, dataSize=0, replicationType=null, replicationFactor=null, keyLocationInfo=null} | ret=SUCCESS |  
2019-08-23 04:27:11,677 | INFO  | DNAudit | user=null | ip=null | op=WRITE_CHUNK {blockData=conID: 1 locID: 102664400507109404 bcsId: 0} | ret=SUCCESS |  
2019-08-23 04:27:11,677 | INFO  | SCMAudit | user=jenkins1000 | ip=192.168.36.77 | op=ALLOCATE_BLOCK {owner=0ede6294-5fd7-421b-8eb7-9656e082115f, size=4194304, type=RATIS, factor=THREE} | ret=SUCCESS |  
2019-08-23 04:27:11,677 | INFO  | SCMAudit | user=jenkins1000 | ip=192.168.36.77 | op=ALLOCATE_BLOCK {owner=0ede6294-5fd7-421b-8eb7-9656e082115f, size=4194304, type=RATIS, factor=THREE} | ret=SUCCESS |  
2019-08-23 04:27:11,677 | INFO  | OMAudit | user=jenkins1000 | ip=127.0.0.1 | op=ALLOCATE_KEY {volume=vol-0-42659, bucket=bucket-0-06613, key=key-1-94341, dataSize=10240, replicationType=RATIS, replicationFactor=THREE, keyLocationInfo=null} | ret=SUCCESS |  
2019-08-23 04:27:11,677 | INFO  | DNAudit | user=null | ip=null | op=PUT_BLOCK {blockData=[blockId=conID: 2 locID: 102664400507174941 bcsId: 0,size=10240]} | ret=SUCCESS |  
2019-08-23 04:27:11,677 | INFO  | DNAudit | user=null | ip=null | op=PUT_BLOCK {blockData=[blockId=conID: 1 locID: 102664400507109404 bcsId: 0,size=10240]} | ret=SUCCESS |  
2019-08-23 04:27:11,677 | INFO  | DNAudit | user=null | ip=null | op=PUT_BLOCK {blockData=[blockId=conID: 3 locID: 102664400507240478 bcsId: 0,size=10240]} | ret=SUCCESS |  
2019-08-23 04:27:11,677 | INFO  | DNAudit | user=null | ip=null | op=PUT_BLOCK {blockData=[blockId=conID: 1 locID: 102664400507109404 bcsId: 0,size=10240]} | ret=SUCCESS |  
2019-08-23 04:27:11,678 | INFO  | DNAudit | user=null | ip=null | op=WRITE_CHUNK {blockData=conID: 3 locID: 102664400507240478 bcsId: 0} | ret=SUCCESS |  
2019-08-23 04:27:11,678 | INFO  | DNAudit | user=null | ip=null | op=WRITE_CHUNK {blockData=conID: 1 locID: 102664400507306015 bcsId: 0} | ret=SUCCESS |  
2019-08-23 04:27:11,678 | INFO  | DNAudit | user=null | ip=null | op=WRITE_CHUNK {blockData=conID: 1 locID: 102664400507306015 bcsId: 0} | ret=SUCCESS |  
2019-08-23 04:27:11,678 | INFO  | SCMAudit | user=jenkins1000 | ip=192.168.36.77 | op=ALLOCATE_BLOCK {owner=0ede6294-5fd7-421b-8eb7-9656e082115f, size=4194304, type=RATIS, factor=THREE} | ret=SUCCESS |  
2019-08-23 04:27:11,678 | INFO  | SCMAudit | user=jenkins1000 | ip=192.168.36.77 | op=ALLOCATE_BLOCK {owner=0ede6294-5fd7-421b-8eb7-9656e082115f, size=4194304, type=RATIS, factor=THREE} | ret=SUCCESS |  
2019-08-23 04:27:11,680 | INFO  | OMAudit | user=jenkins1000 | ip=127.0.0.1 | op=ALLOCATE_KEY {volume=vol-1-20205, bucket=bucket-0-84326, key=key-1-81951, dataSize=10240, replicationType=RATIS, replicationFactor=THREE, keyLocationInfo=null} | ret=SUCCESS |  
2019-08-23 04:27:11,680 | INFO  | DNAudit | user=null | ip=null | op=PUT_BLOCK {blockData=[blockId=conID: 1 locID: 102664400507306015 bcsId: 0,size=10240]} | ret=SUCCESS |  
2019-08-23 04:27:11,681 | INFO  | DNAudit | user=null | ip=null | op=PUT_BLOCK {blockData=[blockId=conID: 3 locID: 102664400507240478 bcsId: 0,size=10240]} | ret=SUCCESS |  
2019-08-23 04:27:11,681 | INFO  | DNAudit | user=null | ip=null | op=PUT_BLOCK {blockData=[blockId=conID: 1 locID: 102664400507306015 bcsId: 0,size=10240]} | ret=SUCCESS |  
2019-08-23 04:27:11,681 [grpc-default-executor-4] INFO  client.GrpcClientProtocolClient (GrpcClientProtocolClient.java:onNext(255)) - client-8C6AA2FA99F1->aaa8e91e-0eca-44f4-ad30-66eff97d1642: receive RaftClientReply:client-8C6AA2FA99F1->aaa8e91e-0eca-44f4-ad30-66eff97d1642@group-C455D70D824C, cid=129, SUCCESS, logIndex=0, commits[aaa8e91e-0eca-44f4-ad30-66eff97d1642:c189, f6d593da-3d81-42e7-b927-5f502e16088c:c174, 8d5baa0f-1210-41f1-915f-fdffd8779ee7:c178]
2019-08-23 04:27:11,681 | INFO  | OMAudit | user=jenkins1000 | ip=127.0.0.1 | op=ALLOCATE_KEY {volume=vol-0-42659, bucket=bucket-1-34712, key=key-1-92484, dataSize=10240, replicationType=RATIS, replicationFactor=THREE, keyLocationInfo=null} | ret=SUCCESS |  
2019-08-23 04:27:11,681 [grpc-default-executor-4] INFO  client.GrpcClientProtocolClient (GrpcClientProtocolClient.java:onNext(255)) - client-8C6AA2FA99F1->aaa8e91e-0eca-44f4-ad30-66eff97d1642: receive RaftClientReply:client-8C6AA2FA99F1->aaa8e91e-0eca-44f4-ad30-66eff97d1642@group-C455D70D824C, cid=130, SUCCESS, logIndex=0, commits[aaa8e91e-0eca-44f4-ad30-66eff97d1642:c189, f6d593da-3d81-42e7-b927-5f502e16088c:c178, 8d5baa0f-1210-41f1-915f-fdffd8779ee7:c178]
2019-08-23 04:27:11,681 | INFO  | SCMAudit | user=jenkins1000 | ip=192.168.36.77 | op=ALLOCATE_BLOCK {owner=0ede6294-5fd7-421b-8eb7-9656e082115f, size=4194304, type=RATIS, factor=THREE} | ret=SUCCESS |  
2019-08-23 04:27:11,681 | INFO  | OMAudit | user=jenkins1000 | ip=127.0.0.1 | op=ALLOCATE_KEY {volume=vol-0-42659, bucket=bucket-2-77083, key=key-1-76662, dataSize=10240, replicationType=RATIS, replicationFactor=THREE, keyLocationInfo=null} | ret=SUCCESS |  
2019-08-23 04:27:11,682 [grpc-default-executor-4] INFO  client.GrpcClientProtocolClient (GrpcClientProtocolClient.java:onNext(255)) - client-8C6AA2FA99F1->aaa8e91e-0eca-44f4-ad30-66eff97d1642: receive RaftClientReply:client-8C6AA2FA99F1->aaa8e91e-0eca-44f4-ad30-66eff97d1642@group-C455D70D824C, cid=132, SUCCESS, logIndex=0, commits[aaa8e91e-0eca-44f4-ad30-66eff97d1642:c189, f6d593da-3d81-42e7-b927-5f502e16088c:c178, 8d5baa0f-1210-41f1-915f-fdffd8779ee7:c178]
2019-08-23 04:27:11,682 | INFO  | OMAudit | user=jenkins1000 | ip=127.0.0.1 | op=ALLOCATE_KEY {volume=vol-1-20205, bucket=bucket-1-61988, key=key-1-30016, dataSize=10240, replicationType=RATIS, replicationFactor=THREE, keyLocationInfo=null} | ret=SUCCESS |  
2019-08-23 04:27:11,682 [grpc-default-executor-4] INFO  client.GrpcClientProtocolClient (GrpcClientProtocolClient.java:onNext(255)) - client-8C6AA2FA99F1->aaa8e91e-0eca-44f4-ad30-66eff97d1642: receive RaftClientReply:client-8C6AA2FA99F1->aaa8e91e-0eca-44f4-ad30-66eff97d1642@group-C455D70D824C, cid=131, SUCCESS, logIndex=0, commits[aaa8e91e-0eca-44f4-ad30-66eff97d1642:c189, f6d593da-3d81-42e7-b927-5f502e16088c:c178, 8d5baa0f-1210-41f1-915f-fdffd8779ee7:c178]
2019-08-23 04:27:11,683 | INFO  | OMAudit | user=jenkins1000 | ip=127.0.0.1 | op=ALLOCATE_KEY {volume=vol-1-20205, bucket=bucket-2-67835, key=key-1-36315, dataSize=10240, replicationType=RATIS, replicationFactor=THREE, keyLocationInfo=null} | ret=SUCCESS |  
2019-08-23 04:27:11,683 | INFO  | DNAudit | user=null | ip=null | op=WRITE_CHUNK {blockData=conID: 2 locID: 102664400514318371 bcsId: 0} | ret=SUCCESS |  
2019-08-23 04:27:11,684 | INFO  | OMAudit | user=jenkins1000 | ip=127.0.0.1 | op=COMMIT_KEY {volume=vol-1-20205, bucket=bucket-1-61988, key=key-0-11151, dataSize=10240, replicationType=null, replicationFactor=null, keyLocationInfo=[{blockID={containerID=2, localID=102664400507174941}, length=10240, offset=0, token=null, pipeline=Pipeline[ Id: 66543a4c-018c-4a46-974e-c455d70d824c, Nodes: f6d593da-3d81-42e7-b927-5f502e16088c{ip: 192.168.36.77, host: pr-hdds-2000-5mb45-3533150274, networkLocation: /default-rack, certSerialId: null}8d5baa0f-1210-41f1-915f-fdffd8779ee7{ip: 192.168.36.77, host: pr-hdds-2000-5mb45-3533150274, networkLocation: /default-rack, certSerialId: null}aaa8e91e-0eca-44f4-ad30-66eff97d1642{ip: 192.168.36.77, host: pr-hdds-2000-5mb45-3533150274, networkLocation: /default-rack, certSerialId: null}, Type:RATIS, Factor:THREE, State:OPEN], createVersion=0}], clientID=102664400506978327} | ret=SUCCESS |  
2019-08-23 04:27:11,686 | INFO  | DNAudit | user=null | ip=null | op=GET_BLOCK {blockData=conID: 2 locID: 102664400506585101 bcsId: 163} | ret=SUCCESS |  
2019-08-23 04:27:11,686 | INFO  | DNAudit | user=null | ip=null | op=WRITE_CHUNK {blockData=conID: 2 locID: 102664400514318371 bcsId: 0} | ret=SUCCESS |  
2019-08-23 04:27:11,686 | INFO  | OMAudit | user=jenkins1000 | ip=127.0.0.1 | op=COMMIT_KEY {volume=vol-1-20205, bucket=bucket-2-67835, key=key-0-50760, dataSize=10240, replicationType=null, replicationFactor=null, keyLocationInfo=[{blockID={containerID=1, localID=102664400507306015}, length=10240, offset=0, token=null, pipeline=Pipeline[ Id: 66543a4c-018c-4a46-974e-c455d70d824c, Nodes: f6d593da-3d81-42e7-b927-5f502e16088c{ip: 192.168.36.77, host: pr-hdds-2000-5mb45-3533150274, networkLocation: /default-rack, certSerialId: null}8d5baa0f-1210-41f1-915f-fdffd8779ee7{ip: 192.168.36.77, host: pr-hdds-2000-5mb45-3533150274, networkLocation: /default-rack, certSerialId: null}aaa8e91e-0eca-44f4-ad30-66eff97d1642{ip: 192.168.36.77, host: pr-hdds-2000-5mb45-3533150274, networkLocation: /default-rack, certSerialId: null}, Type:RATIS, Factor:THREE, State:OPEN], createVersion=0}], clientID=102664400507043866} | ret=SUCCESS |  
2019-08-23 04:27:11,686 | INFO  | OMAudit | user=jenkins1000 | ip=127.0.0.1 | op=COMMIT_KEY {volume=vol-1-20205, bucket=bucket-0-84326, key=key-0-53719, dataSize=10240, replicationType=null, replicationFactor=null, keyLocationInfo=[{blockID={containerID=1, localID=102664400507109404}, length=10240, offset=0, token=null, pipeline=Pipeline[ Id: 66543a4c-018c-4a46-974e-c455d70d824c, Nodes: f6d593da-3d81-42e7-b927-5f502e16088c{ip: 192.168.36.77, host: pr-hdds-2000-5mb45-3533150274, networkLocation: /default-rack, certSerialId: null}8d5baa0f-1210-41f1-915f-fdffd8779ee7{ip: 192.168.36.77, host: pr-hdds-2000-5mb45-3533150274, networkLocation: /default-rack, certSerialId: null}aaa8e91e-0eca-44f4-ad30-66eff97d1642{ip: 192.168.36.77, host: pr-hdds-2000-5mb45-3533150274, networkLocation: /default-rack, certSerialId: null}, Type:RATIS, Factor:THREE, State:OPEN], createVersion=0}], clientID=102664400506978323} | ret=SUCCESS |  
2019-08-23 04:27:11,686 | INFO  | OMAudit | user=jenkins1000 | ip=127.0.0.1 | op=COMMIT_KEY {volume=vol-1-20205, bucket=bucket-4-54813, key=key-0-94822, dataSize=10240, replicationType=null, replicationFactor=null, keyLocationInfo=[{blockID={containerID=3, localID=102664400507240478}, length=10240, offset=0, token=null, pipeline=Pipeline[ Id: 66543a4c-018c-4a46-974e-c455d70d824c, Nodes: f6d593da-3d81-42e7-b927-5f502e16088c{ip: 192.168.36.77, host: pr-hdds-2000-5mb45-3533150274, networkLocation: /default-rack, certSerialId: null}8d5baa0f-1210-41f1-915f-fdffd8779ee7{ip: 192.168.36.77, host: pr-hdds-2000-5mb45-3533150274, networkLocation: /default-rack, certSerialId: null}aaa8e91e-0eca-44f4-ad30-66eff97d1642{ip: 192.168.36.77, host: pr-hdds-2000-5mb45-3533150274, networkLocation: /default-rack, certSerialId: null}, Type:RATIS, Factor:THREE, State:OPEN], createVersion=0}], clientID=102664400506978326} | ret=SUCCESS |  
2019-08-23 04:27:11,688 | INFO  | DNAudit | user=null | ip=null | op=WRITE_CHUNK {blockData=conID: 3 locID: 102664400514383910 bcsId: 0} | ret=SUCCESS |  
2019-08-23 04:27:11,688 | INFO  | DNAudit | user=null | ip=null | op=WRITE_CHUNK {blockData=conID: 2 locID: 102664400514318371 bcsId: 0} | ret=SUCCESS |  
2019-08-23 04:27:11,690 | INFO  | DNAudit | user=null | ip=null | op=WRITE_CHUNK {blockData=conID: 2 locID: 102664400514449450 bcsId: 0} | ret=SUCCESS |  
2019-08-23 04:27:11,690 | INFO  | DNAudit | user=null | ip=null | op=WRITE_CHUNK {blockData=conID: 3 locID: 102664400514383910 bcsId: 0} | ret=SUCCESS |  
2019-08-23 04:27:11,691 | INFO  | DNAudit | user=null | ip=null | op=WRITE_CHUNK {blockData=conID: 2 locID: 102664400514449449 bcsId: 0} | ret=SUCCESS |  
2019-08-23 04:27:11,692 | INFO  | DNAudit | user=null | ip=null | op=WRITE_CHUNK {blockData=conID: 2 locID: 102664400514449450 bcsId: 0} | ret=SUCCESS |  
2019-08-23 04:27:11,692 | INFO  | SCMAudit | user=jenkins1000 | ip=192.168.36.77 | op=ALLOCATE_BLOCK {owner=0ede6294-5fd7-421b-8eb7-9656e082115f, size=4194304, type=RATIS, factor=THREE} | ret=SUCCESS |  
2019-08-23 04:27:11,693 | INFO  | DNAudit | user=null | ip=null | op=WRITE_CHUNK {blockData=conID: 3 locID: 102664400514383910 bcsId: 0} | ret=SUCCESS |  
2019-08-23 04:27:11,693 | INFO  | SCMAudit | user=jenkins1000 | ip=192.168.36.77 | op=ALLOCATE_BLOCK {owner=0ede6294-5fd7-421b-8eb7-9656e082115f, size=4194304, type=RATIS, factor=THREE} | ret=SUCCESS |  
2019-08-23 04:27:11,693 | INFO  | DNAudit | user=null | ip=null | op=WRITE_CHUNK {blockData=conID: 2 locID: 102664400514449450 bcsId: 0} | ret=SUCCESS |  
2019-08-23 04:27:11,693 | INFO  | DNAudit | user=null | ip=null | op=WRITE_CHUNK {blockData=conID: 2 locID: 102664400514449449 bcsId: 0} | ret=SUCCESS |  
2019-08-23 04:27:11,693 | INFO  | SCMAudit | user=jenkins1000 | ip=192.168.36.77 | op=ALLOCATE_BLOCK {owner=0ede6294-5fd7-421b-8eb7-9656e082115f, size=4194304, type=RATIS, factor=THREE} | ret=SUCCESS |  
2019-08-23 04:27:11,693 | INFO  | SCMAudit | user=jenkins1000 | ip=192.168.36.77 | op=ALLOCATE_BLOCK {owner=0ede6294-5fd7-421b-8eb7-9656e082115f, size=4194304, type=RATIS, factor=THREE} | ret=SUCCESS |  
2019-08-23 04:27:11,693 | INFO  | DNAudit | user=null | ip=null | op=WRITE_CHUNK {blockData=conID: 2 locID: 102664400514449449 bcsId: 0} | ret=SUCCESS |  
2019-08-23 04:27:11,694 | INFO  | OMAudit | user=jenkins1000 | ip=127.0.0.1 | op=ALLOCATE_KEY {volume=vol-1-20205, bucket=bucket-4-54813, key=key-1-21125, dataSize=10240, replicationType=RATIS, replicationFactor=THREE, keyLocationInfo=null} | ret=SUCCESS |  
2019-08-23 04:27:11,694 | INFO  | DNAudit | user=null | ip=null | op=WRITE_CHUNK {blockData=conID: 1 locID: 102664400514383911 bcsId: 0} | ret=SUCCESS |  
2019-08-23 04:27:11,694 | INFO  | OMAudit | user=jenkins1000 | ip=127.0.0.1 | op=ALLOCATE_KEY {volume=vol-0-42659, bucket=bucket-3-42268, key=key-1-41618, dataSize=10240, replicationType=RATIS, replicationFactor=THREE, keyLocationInfo=null} | ret=SUCCESS |  
2019-08-23 04:27:11,694 | INFO  | OMAudit | user=jenkins1000 | ip=127.0.0.1 | op=ALLOCATE_KEY {volume=vol-0-42659, bucket=bucket-4-88694, key=key-1-19578, dataSize=10240, replicationType=RATIS, replicationFactor=THREE, keyLocationInfo=null} | ret=SUCCESS |  
2019-08-23 04:27:11,694 | INFO  | OMAudit | user=jenkins1000 | ip=127.0.0.1 | op=ALLOCATE_KEY {volume=vol-1-20205, bucket=bucket-3-54341, key=key-1-21624, dataSize=10240, replicationType=RATIS, replicationFactor=THREE, keyLocationInfo=null} | ret=SUCCESS |  
2019-08-23 04:27:11,695 | INFO  | DNAudit | user=null | ip=null | op=WRITE_CHUNK {blockData=conID: 3 locID: 102664400514646059 bcsId: 0} | ret=SUCCESS |  
2019-08-23 04:27:11,695 | INFO  | DNAudit | user=null | ip=null | op=WRITE_CHUNK {blockData=conID: 1 locID: 102664400514383911 bcsId: 0} | ret=SUCCESS |  
2019-08-23 04:27:11,695 | INFO  | DNAudit | user=null | ip=null | op=WRITE_CHUNK {blockData=conID: 1 locID: 102664400514383911 bcsId: 0} | ret=SUCCESS |  
2019-08-23 04:27:11,696 | INFO  | DNAudit | user=null | ip=null | op=READ_CHUNK {blockData=conID: 2 locID: 102664400506585101 bcsId: 163} | ret=SUCCESS |  
2019-08-23 04:27:11,696 | INFO  | DNAudit | user=null | ip=null | op=WRITE_CHUNK {blockData=conID: 3 locID: 102664400514646059 bcsId: 0} | ret=SUCCESS |  
2019-08-23 04:27:11,697 | INFO  | DNAudit | user=null | ip=null | op=WRITE_CHUNK {blockData=conID: 2 locID: 102664400515432497 bcsId: 0} | ret=SUCCESS |  
2019-08-23 04:27:11,699 | INFO  | DNAudit | user=null | ip=null | op=WRITE_CHUNK {blockData=conID: 2 locID: 102664400514318371 bcsId: 0} | ret=SUCCESS |  
2019-08-23 04:27:11,699 | INFO  | DNAudit | user=null | ip=null | op=WRITE_CHUNK {blockData=conID: 3 locID: 102664400514646059 bcsId: 0} | ret=SUCCESS |  
2019-08-23 04:27:11,700 | INFO  | DNAudit | user=null | ip=null | op=WRITE_CHUNK {blockData=conID: 2 locID: 102664400515432497 bcsId: 0} | ret=SUCCESS |  
2019-08-23 04:27:11,700 | INFO  | DNAudit | user=null | ip=null | op=PUT_BLOCK {blockData=[blockId=conID: 2 locID: 102664400514318371 bcsId: 0,size=10240]} | ret=SUCCESS |  
2019-08-23 04:27:11,700 | INFO  | DNAudit | user=null | ip=null | op=WRITE_CHUNK {blockData=conID: 3 locID: 102664400514383910 bcsId: 0} | ret=SUCCESS |  
2019-08-23 04:27:11,700 | INFO  | DNAudit | user=null | ip=null | op=WRITE_CHUNK {blockData=conID: 2 locID: 102664400515432497 bcsId: 0} | ret=SUCCESS |  
2019-08-23 04:27:11,701 | INFO  | DNAudit | user=null | ip=null | op=WRITE_CHUNK {blockData=conID: 1 locID: 102664400515366960 bcsId: 0} | ret=SUCCESS |  
2019-08-23 04:27:11,707 | INFO  | DNAudit | user=null | ip=null | op=PUT_BLOCK {blockData=[blockId=conID: 3 locID: 102664400514383910 bcsId: 0,size=10240]} | ret=SUCCESS |  
2019-08-23 04:27:11,707 | INFO  | DNAudit | user=null | ip=null | op=WRITE_CHUNK {blockData=conID: 2 locID: 102664400514449450 bcsId: 0} | ret=SUCCESS |  
2019-08-23 04:27:11,707 | INFO  | DNAudit | user=null | ip=null | op=WRITE_CHUNK {blockData=conID: 1 locID: 102664400514383911 bcsId: 0} | ret=SUCCESS |  
2019-08-23 04:27:11,707 | INFO  | SCMAudit | user=jenkins1000 | ip=192.168.36.77 | op=SEND_HEARTBEAT {datanodeUUID=a8987870-153b-42d5-a42b-636ff3374f98, command=[]} | ret=SUCCESS |  
2019-08-23 04:27:11,707 [grpc-default-executor-1] INFO  client.GrpcClientProtocolClient (GrpcClientProtocolClient.java:onNext(255)) - client-8C6AA2FA99F1->aaa8e91e-0eca-44f4-ad30-66eff97d1642: receive RaftClientReply:client-8C6AA2FA99F1->aaa8e91e-0eca-44f4-ad30-66eff97d1642@group-C455D70D824C, cid=133, SUCCESS, logIndex=190, commits[aaa8e91e-0eca-44f4-ad30-66eff97d1642:c191, f6d593da-3d81-42e7-b927-5f502e16088c:c189, 8d5baa0f-1210-41f1-915f-fdffd8779ee7:c189]
2019-08-23 04:27:11,708 | INFO  | DNAudit | user=null | ip=null | op=WRITE_CHUNK {blockData=conID: 1 locID: 102664400515366960 bcsId: 0} | ret=SUCCESS |  
2019-08-23 04:27:11,708 | INFO  | SCMAudit | user=jenkins1000 | ip=192.168.36.77 | op=GET_CONTAINER_WITH_PIPELINE {containerID=#2} | ret=SUCCESS |  
2019-08-23 04:27:11,708 | INFO  | DNAudit | user=null | ip=null | op=WRITE_CHUNK {blockData=conID: 1 locID: 102664400515366960 bcsId: 0} | ret=SUCCESS |  
2019-08-23 04:27:11,709 | INFO  | DNAudit | user=null | ip=null | op=WRITE_CHUNK {blockData=conID: 3 locID: 102664400515432499 bcsId: 0} | ret=SUCCESS |  
2019-08-23 04:27:11,709 | INFO  | OMAudit | user=jenkins1000 | ip=127.0.0.1 | op=READ_KEY {volume=vol-0-42659, bucket=bucket-0-06613, key=key-0-09404, dataSize=0, replicationType=null, replicationFactor=null, keyLocationInfo=null} | ret=SUCCESS |  
2019-08-23 04:27:11,709 | INFO  | DNAudit | user=null | ip=null | op=WRITE_CHUNK {blockData=conID: 2 locID: 102664400514449449 bcsId: 0} | ret=SUCCESS |  
2019-08-23 04:27:11,709 [grpc-default-executor-1] INFO  client.GrpcClientProtocolClient (GrpcClientProtocolClient.java:onNext(255)) - client-8C6AA2FA99F1->aaa8e91e-0eca-44f4-ad30-66eff97d1642: receive RaftClientReply:client-8C6AA2FA99F1->aaa8e91e-0eca-44f4-ad30-66eff97d1642@group-C455D70D824C, cid=134, SUCCESS, logIndex=191, commits[aaa8e91e-0eca-44f4-ad30-66eff97d1642:c192, f6d593da-3d81-42e7-b927-5f502e16088c:c189, 8d5baa0f-1210-41f1-915f-fdffd8779ee7:c189]
2019-08-23 04:27:11,710 | INFO  | DNAudit | user=null | ip=null | op=WRITE_CHUNK {blockData=conID: 3 locID: 102664400515432499 bcsId: 0} | ret=SUCCESS |  
2019-08-23 04:27:11,710 | INFO  | DNAudit | user=null | ip=null | op=PUT_BLOCK {blockData=[blockId=conID: 1 locID: 102664400514383911 bcsId: 0,size=10240]} | ret=SUCCESS |  
2019-08-23 04:27:11,710 | INFO  | DNAudit | user=null | ip=null | op=WRITE_CHUNK {blockData=conID: 3 locID: 102664400515432499 bcsId: 0} | ret=SUCCESS |  
2019-08-23 04:27:11,710 | INFO  | DNAudit | user=null | ip=null | op=WRITE_CHUNK {blockData=conID: 3 locID: 102664400515432498 bcsId: 0} | ret=SUCCESS |  
2019-08-23 04:27:11,710 | INFO  | DNAudit | user=null | ip=null | op=WRITE_CHUNK {blockData=conID: 2 locID: 102664400514318371 bcsId: 0} | ret=SUCCESS |  
2019-08-23 04:27:11,710 | INFO  | DNAudit | user=null | ip=null | op=WRITE_CHUNK {blockData=conID: 3 locID: 102664400514646059 bcsId: 0} | ret=SUCCESS |  
2019-08-23 04:27:11,710 [grpc-default-executor-0] INFO  client.GrpcClientProtocolClient (GrpcClientProtocolClient.java:onNext(255)) - client-8C6AA2FA99F1->aaa8e91e-0eca-44f4-ad30-66eff97d1642: receive RaftClientReply:client-8C6AA2FA99F1->aaa8e91e-0eca-44f4-ad30-66eff97d1642@group-C455D70D824C, cid=135, SUCCESS, logIndex=192, commits[aaa8e91e-0eca-44f4-ad30-66eff97d1642:c192, f6d593da-3d81-42e7-b927-5f502e16088c:c189, 8d5baa0f-1210-41f1-915f-fdffd8779ee7:c189]
2019-08-23 04:27:11,711 | INFO  | DNAudit | user=null | ip=null | op=PUT_BLOCK {blockData=[blockId=conID: 2 locID: 102664400514449450 bcsId: 0,size=10240]} | ret=SUCCESS |  
2019-08-23 04:27:11,711 | INFO  | DNAudit | user=null | ip=null | op=WRITE_CHUNK {blockData=conID: 2 locID: 102664400514318371 bcsId: 0} | ret=SUCCESS |  
2019-08-23 04:27:11,711 | INFO  | DNAudit | user=null | ip=null | op=WRITE_CHUNK {blockData=conID: 3 locID: 102664400515432498 bcsId: 0} | ret=SUCCESS |  
2019-08-23 04:27:11,711 | INFO  | DNAudit | user=null | ip=null | op=PUT_BLOCK {blockData=[blockId=conID: 2 locID: 102664400514318371 bcsId: 0,size=10240]} | ret=SUCCESS |  
2019-08-23 04:27:11,712 | INFO  | DNAudit | user=null | ip=null | op=WRITE_CHUNK {blockData=conID: 3 locID: 102664400515432498 bcsId: 0} | ret=SUCCESS |  
2019-08-23 04:27:11,712 | INFO  | DNAudit | user=null | ip=null | op=WRITE_CHUNK {blockData=conID: 3 locID: 102664400514383910 bcsId: 0} | ret=SUCCESS |  
2019-08-23 04:27:11,712 | INFO  | DNAudit | user=null | ip=null | op=GET_BLOCK {blockData=conID: 2 locID: 102664400507043865 bcsId: 164} | ret=SUCCESS |  
2019-08-23 04:27:11,712 | INFO  | DNAudit | user=null | ip=null | op=PUT_BLOCK {blockData=[blockId=conID: 2 locID: 102664400514318371 bcsId: 0,size=10240]} | ret=SUCCESS |  
2019-08-23 04:27:11,713 | INFO  | DNAudit | user=null | ip=null | op=PUT_BLOCK {blockData=[blockId=conID: 3 locID: 102664400514383910 bcsId: 0,size=10240]} | ret=SUCCESS |  
2019-08-23 04:27:11,713 | INFO  | DNAudit | user=null | ip=null | op=WRITE_CHUNK {blockData=conID: 2 locID: 102664400514449450 bcsId: 0} | ret=SUCCESS |  
2019-08-23 04:27:11,713 | INFO  | DNAudit | user=null | ip=null | op=WRITE_CHUNK {blockData=conID: 1 locID: 102664400514383911 bcsId: 0} | ret=SUCCESS |  
2019-08-23 04:27:11,713 | INFO  | DNAudit | user=null | ip=null | op=WRITE_CHUNK {blockData=conID: 3 locID: 102664400514383910 bcsId: 0} | ret=SUCCESS |  
2019-08-23 04:27:11,713 | INFO  | DNAudit | user=null | ip=null | op=WRITE_CHUNK {blockData=conID: 2 locID: 102664400514449449 bcsId: 0} | ret=SUCCESS |  
2019-08-23 04:27:11,713 | INFO  | DNAudit | user=null | ip=null | op=PUT_BLOCK {blockData=[blockId=conID: 2 locID: 102664400514449449 bcsId: 0,size=10240]} | ret=SUCCESS |  
2019-08-23 04:27:11,713 | INFO  | DNAudit | user=null | ip=null | op=WRITE_CHUNK {blockData=conID: 2 locID: 102664400514449450 bcsId: 0} | ret=SUCCESS |  
2019-08-23 04:27:11,713 | INFO  | DNAudit | user=null | ip=null | op=PUT_BLOCK {blockData=[blockId=conID: 3 locID: 102664400514383910 bcsId: 0,size=10240]} | ret=SUCCESS |  
2019-08-23 04:27:11,714 | INFO  | DNAudit | user=null | ip=null | op=WRITE_CHUNK {blockData=conID: 1 locID: 102664400514383911 bcsId: 0} | ret=SUCCESS |  
2019-08-23 04:27:11,714 | INFO  | DNAudit | user=null | ip=null | op=WRITE_CHUNK {blockData=conID: 2 locID: 102664400514449449 bcsId: 0} | ret=SUCCESS |  
2019-08-23 04:27:11,714 | INFO  | DNAudit | user=null | ip=null | op=PUT_BLOCK {blockData=[blockId=conID: 2 locID: 102664400514449450 bcsId: 0,size=10240]} | ret=SUCCESS |  
2019-08-23 04:27:11,714 | INFO  | DNAudit | user=null | ip=null | op=PUT_BLOCK {blockData=[blockId=conID: 3 locID: 102664400514646059 bcsId: 0,size=10240]} | ret=SUCCESS |  
2019-08-23 04:27:11,714 | INFO  | DNAudit | user=null | ip=null | op=WRITE_CHUNK {blockData=conID: 2 locID: 102664400515432497 bcsId: 0} | ret=SUCCESS |  
2019-08-23 04:27:11,714 | INFO  | DNAudit | user=null | ip=null | op=PUT_BLOCK {blockData=[blockId=conID: 1 locID: 102664400514383911 bcsId: 0,size=10240]} | ret=SUCCESS |  
2019-08-23 04:27:11,714 | INFO  | DNAudit | user=null | ip=null | op=PUT_BLOCK {blockData=[blockId=conID: 2 locID: 102664400514449450 bcsId: 0,size=10240]} | ret=SUCCESS |  
2019-08-23 04:27:11,714 | INFO  | DNAudit | user=null | ip=null | op=PUT_BLOCK {blockData=[blockId=conID: 2 locID: 102664400514449449 bcsId: 0,size=10240]} | ret=SUCCESS |  
2019-08-23 04:27:11,715 | INFO  | DNAudit | user=null | ip=null | op=PUT_BLOCK {blockData=[blockId=conID: 1 locID: 102664400514383911 bcsId: 0,size=10240]} | ret=SUCCESS |  
2019-08-23 04:27:11,715 [grpc-default-executor-2] INFO  client.GrpcClientProtocolClient (GrpcClientProtocolClient.java:onNext(255)) - client-8C6AA2FA99F1->aaa8e91e-0eca-44f4-ad30-66eff97d1642: receive RaftClientReply:client-8C6AA2FA99F1->aaa8e91e-0eca-44f4-ad30-66eff97d1642@group-C455D70D824C, cid=153, SUCCESS, logIndex=0, commits[aaa8e91e-0eca-44f4-ad30-66eff97d1642:c204, f6d593da-3d81-42e7-b927-5f502e16088c:c191, 8d5baa0f-1210-41f1-915f-fdffd8779ee7:c191]
2019-08-23 04:27:11,715 [grpc-default-executor-1] INFO  client.GrpcClientProtocolClient (GrpcClientProtocolClient.java:onNext(255)) - client-8C6AA2FA99F1->aaa8e91e-0eca-44f4-ad30-66eff97d1642: receive RaftClientReply:client-8C6AA2FA99F1->aaa8e91e-0eca-44f4-ad30-66eff97d1642@group-C455D70D824C, cid=136, SUCCESS, logIndex=193, commits[aaa8e91e-0eca-44f4-ad30-66eff97d1642:c198, f6d593da-3d81-42e7-b927-5f502e16088c:c189, 8d5baa0f-1210-41f1-915f-fdffd8779ee7:c189]
2019-08-23 04:27:11,715 | INFO  | DNAudit | user=null | ip=null | op=WRITE_CHUNK {blockData=conID: 1 locID: 102664400515366960 bcsId: 0} | ret=SUCCESS |  
2019-08-23 04:27:11,715 | INFO  | DNAudit | user=null | ip=null | op=PUT_BLOCK {blockData=[blockId=conID: 2 locID: 102664400514449449 bcsId: 0,size=10240]} | ret=SUCCESS |  
2019-08-23 04:27:11,716 [grpc-default-executor-1] INFO  client.GrpcClientProtocolClient (GrpcClientProtocolClient.java:onNext(255)) - client-8C6AA2FA99F1->aaa8e91e-0eca-44f4-ad30-66eff97d1642: receive RaftClientReply:client-8C6AA2FA99F1->aaa8e91e-0eca-44f4-ad30-66eff97d1642@group-C455D70D824C, cid=137, SUCCESS, logIndex=194, commits[aaa8e91e-0eca-44f4-ad30-66eff97d1642:c198, f6d593da-3d81-42e7-b927-5f502e16088c:c189, 8d5baa0f-1210-41f1-915f-fdffd8779ee7:c189]
2019-08-23 04:27:11,718 | INFO  | DNAudit | user=null | ip=null | op=PUT_BLOCK {blockData=[blockId=conID: 2 locID: 102664400515432497 bcsId: 0,size=10240]} | ret=SUCCESS |  
2019-08-23 04:27:11,719 | INFO  | DNAudit | user=null | ip=null | op=WRITE_CHUNK {blockData=conID: 3 locID: 102664400514646059 bcsId: 0} | ret=SUCCESS |  
2019-08-23 04:27:11,719 [grpc-default-executor-1] INFO  client.GrpcClientProtocolClient (GrpcClientProtocolClient.java:onNext(255)) - client-8C6AA2FA99F1->aaa8e91e-0eca-44f4-ad30-66eff97d1642: receive RaftClientReply:client-8C6AA2FA99F1->aaa8e91e-0eca-44f4-ad30-66eff97d1642@group-C455D70D824C, cid=138, SUCCESS, logIndex=195, commits[aaa8e91e-0eca-44f4-ad30-66eff97d1642:c199, f6d593da-3d81-42e7-b927-5f502e16088c:c189, 8d5baa0f-1210-41f1-915f-fdffd8779ee7:c189]
2019-08-23 04:27:11,719 | INFO  | DNAudit | user=null | ip=null | op=PUT_BLOCK {blockData=[blockId=conID: 3 locID: 102664400514646059 bcsId: 0,size=10240]} | ret=SUCCESS |  
2019-08-23 04:27:11,719 | INFO  | DNAudit | user=null | ip=null | op=WRITE_CHUNK {blockData=conID: 3 locID: 102664400515432499 bcsId: 0} | ret=SUCCESS |  
2019-08-23 04:27:11,720 | INFO  | DNAudit | user=null | ip=null | op=WRITE_CHUNK {blockData=conID: 3 locID: 102664400514646059 bcsId: 0} | ret=SUCCESS |  
2019-08-23 04:27:11,720 [grpc-default-executor-1] INFO  client.GrpcClientProtocolClient (GrpcClientProtocolClient.java:onNext(255)) - client-8C6AA2FA99F1->aaa8e91e-0eca-44f4-ad30-66eff97d1642: receive RaftClientReply:client-8C6AA2FA99F1->aaa8e91e-0eca-44f4-ad30-66eff97d1642@group-C455D70D824C, cid=154, SUCCESS, logIndex=0, commits[aaa8e91e-0eca-44f4-ad30-66eff97d1642:c210, f6d593da-3d81-42e7-b927-5f502e16088c:c199, 8d5baa0f-1210-41f1-915f-fdffd8779ee7:c199]
2019-08-23 04:27:11,720 [grpc-default-executor-5] INFO  client.GrpcClientProtocolClient (GrpcClientProtocolClient.java:onNext(255)) - client-8C6AA2FA99F1->aaa8e91e-0eca-44f4-ad30-66eff97d1642: receive RaftClientReply:client-8C6AA2FA99F1->aaa8e91e-0eca-44f4-ad30-66eff97d1642@group-C455D70D824C, cid=139, SUCCESS, logIndex=196, commits[aaa8e91e-0eca-44f4-ad30-66eff97d1642:c201, f6d593da-3d81-42e7-b927-5f502e16088c:c189, 8d5baa0f-1210-41f1-915f-fdffd8779ee7:c189]
2019-08-23 04:27:11,720 | INFO  | DNAudit | user=null | ip=null | op=PUT_BLOCK {blockData=[blockId=conID: 3 locID: 102664400514646059 bcsId: 0,size=10240]} | ret=SUCCESS |  
2019-08-23 04:27:11,720 | INFO  | DNAudit | user=null | ip=null | op=WRITE_CHUNK {blockData=conID: 3 locID: 102664400515432498 bcsId: 0} | ret=SUCCESS |  
2019-08-23 04:27:11,720 [grpc-default-executor-5] INFO  client.GrpcClientProtocolClient (GrpcClientProtocolClient.java:onNext(255)) - client-8C6AA2FA99F1->aaa8e91e-0eca-44f4-ad30-66eff97d1642: receive RaftClientReply:client-8C6AA2FA99F1->aaa8e91e-0eca-44f4-ad30-66eff97d1642@group-C455D70D824C, cid=140, SUCCESS, logIndex=197, commits[aaa8e91e-0eca-44f4-ad30-66eff97d1642:c204, f6d593da-3d81-42e7-b927-5f502e16088c:c191, 8d5baa0f-1210-41f1-915f-fdffd8779ee7:c191]
2019-08-23 04:27:11,721 [grpc-default-executor-5] INFO  client.GrpcClientProtocolClient (GrpcClientProtocolClient.java:onNext(255)) - client-8C6AA2FA99F1->aaa8e91e-0eca-44f4-ad30-66eff97d1642: receive RaftClientReply:client-8C6AA2FA99F1->aaa8e91e-0eca-44f4-ad30-66eff97d1642@group-C455D70D824C, cid=141, SUCCESS, logIndex=198, commits[aaa8e91e-0eca-44f4-ad30-66eff97d1642:c199, f6d593da-3d81-42e7-b927-5f502e16088c:c189, 8d5baa0f-1210-41f1-915f-fdffd8779ee7:c189]
2019-08-23 04:27:11,721 | INFO  | OMAudit | user=jenkins1000 | ip=127.0.0.1 | op=COMMIT_KEY {volume=vol-0-42659, bucket=bucket-0-06613, key=key-1-94341, dataSize=10240, replicationType=null, replicationFactor=null, keyLocationInfo=[{blockID={containerID=2, localID=102664400514318371}, length=10240, offset=0, token=null, pipeline=Pipeline[ Id: 66543a4c-018c-4a46-974e-c455d70d824c, Nodes: f6d593da-3d81-42e7-b927-5f502e16088c{ip: 192.168.36.77, host: pr-hdds-2000-5mb45-3533150274, networkLocation: /default-rack, certSerialId: null}8d5baa0f-1210-41f1-915f-fdffd8779ee7{ip: 192.168.36.77, host: pr-hdds-2000-5mb45-3533150274, networkLocation: /default-rack, certSerialId: null}aaa8e91e-0eca-44f4-ad30-66eff97d1642{ip: 192.168.36.77, host: pr-hdds-2000-5mb45-3533150274, networkLocation: /default-rack, certSerialId: null}, Type:RATIS, Factor:THREE, State:OPEN], createVersion=0}], clientID=102664400514252832} | ret=SUCCESS |  
2019-08-23 04:27:11,721 [grpc-default-executor-5] INFO  client.GrpcClientProtocolClient (GrpcClientProtocolClient.java:onNext(255)) - client-8C6AA2FA99F1->aaa8e91e-0eca-44f4-ad30-66eff97d1642: receive RaftClientReply:client-8C6AA2FA99F1->aaa8e91e-0eca-44f4-ad30-66eff97d1642@group-C455D70D824C, cid=142, SUCCESS, logIndex=199, commits[aaa8e91e-0eca-44f4-ad30-66eff97d1642:c201, f6d593da-3d81-42e7-b927-5f502e16088c:c189, 8d5baa0f-1210-41f1-915f-fdffd8779ee7:c189]
2019-08-23 04:27:11,722 | INFO  | DNAudit | user=null | ip=null | op=READ_CHUNK {blockData=conID: 2 locID: 102664400507043865 bcsId: 164} | ret=SUCCESS |  
2019-08-23 04:27:11,722 [grpc-default-executor-2] INFO  client.GrpcClientProtocolClient (GrpcClientProtocolClient.java:onNext(255)) - client-8C6AA2FA99F1->aaa8e91e-0eca-44f4-ad30-66eff97d1642: receive RaftClientReply:client-8C6AA2FA99F1->aaa8e91e-0eca-44f4-ad30-66eff97d1642@group-C455D70D824C, cid=155, SUCCESS, logIndex=0, commits[aaa8e91e-0eca-44f4-ad30-66eff97d1642:c214, f6d593da-3d81-42e7-b927-5f502e16088c:c201, 8d5baa0f-1210-41f1-915f-fdffd8779ee7:c201]
2019-08-23 04:27:11,722 [grpc-default-executor-5] INFO  client.GrpcClientProtocolClient (GrpcClientProtocolClient.java:onNext(255)) - client-8C6AA2FA99F1->aaa8e91e-0eca-44f4-ad30-66eff97d1642: receive RaftClientReply:client-8C6AA2FA99F1->aaa8e91e-0eca-44f4-ad30-66eff97d1642@group-C455D70D824C, cid=143, SUCCESS, logIndex=200, commits[aaa8e91e-0eca-44f4-ad30-66eff97d1642:c201, f6d593da-3d81-42e7-b927-5f502e16088c:c189, 8d5baa0f-1210-41f1-915f-fdffd8779ee7:c189]
2019-08-23 04:27:11,722 [grpc-default-executor-2] INFO  client.GrpcClientProtocolClient (GrpcClientProtocolClient.java:onNext(255)) - client-8C6AA2FA99F1->aaa8e91e-0eca-44f4-ad30-66eff97d1642: receive RaftClientReply:client-8C6AA2FA99F1->aaa8e91e-0eca-44f4-ad30-66eff97d1642@group-C455D70D824C, cid=156, SUCCESS, logIndex=0, commits[aaa8e91e-0eca-44f4-ad30-66eff97d1642:c214, f6d593da-3d81-42e7-b927-5f502e16088c:c201, 8d5baa0f-1210-41f1-915f-fdffd8779ee7:c201]
2019-08-23 04:27:11,724 [grpc-default-executor-1] INFO  client.GrpcClientProtocolClient (GrpcClientProtocolClient.java:onNext(255)) - client-8C6AA2FA99F1->aaa8e91e-0eca-44f4-ad30-66eff97d1642: receive RaftClientReply:client-8C6AA2FA99F1->aaa8e91e-0eca-44f4-ad30-66eff97d1642@group-C455D70D824C, cid=144, SUCCESS, logIndex=201, commits[aaa8e91e-0eca-44f4-ad30-66eff97d1642:c204, f6d593da-3d81-42e7-b927-5f502e16088c:c191, 8d5baa0f-1210-41f1-915f-fdffd8779ee7:c198]
2019-08-23 04:27:11,724 | INFO  | OMAudit | user=jenkins1000 | ip=127.0.0.1 | op=COMMIT_KEY {volume=vol-1-20205, bucket=bucket-0-84326, key=key-1-81951, dataSize=10240, replicationType=null, replicationFactor=null, keyLocationInfo=[{blockID={containerID=3, localID=102664400514383910}, length=10240, offset=0, token=null, pipeline=Pipeline[ Id: 66543a4c-018c-4a46-974e-c455d70d824c, Nodes: f6d593da-3d81-42e7-b927-5f502e16088c{ip: 192.168.36.77, host: pr-hdds-2000-5mb45-3533150274, networkLocation: /default-rack, certSerialId: null}8d5baa0f-1210-41f1-915f-fdffd8779ee7{ip: 192.168.36.77, host: pr-hdds-2000-5mb45-3533150274, networkLocation: /default-rack, certSerialId: null}aaa8e91e-0eca-44f4-ad30-66eff97d1642{ip: 192.168.36.77, host: pr-hdds-2000-5mb45-3533150274, networkLocation: /default-rack, certSerialId: null}, Type:RATIS, Factor:THREE, State:OPEN], createVersion=0}], clientID=102664400514252833} | ret=SUCCESS |  
2019-08-23 04:27:11,724 [grpc-default-executor-1] INFO  client.GrpcClientProtocolClient (GrpcClientProtocolClient.java:onNext(255)) - client-8C6AA2FA99F1->aaa8e91e-0eca-44f4-ad30-66eff97d1642: receive RaftClientReply:client-8C6AA2FA99F1->aaa8e91e-0eca-44f4-ad30-66eff97d1642@group-C455D70D824C, cid=145, SUCCESS, logIndex=202, commits[aaa8e91e-0eca-44f4-ad30-66eff97d1642:c204, f6d593da-3d81-42e7-b927-5f502e16088c:c192, 8d5baa0f-1210-41f1-915f-fdffd8779ee7:c198]
2019-08-23 04:27:11,725 [grpc-default-executor-2] INFO  client.GrpcClientProtocolClient (GrpcClientProtocolClient.java:onNext(255)) - client-8C6AA2FA99F1->aaa8e91e-0eca-44f4-ad30-66eff97d1642: receive RaftClientReply:client-8C6AA2FA99F1->aaa8e91e-0eca-44f4-ad30-66eff97d1642@group-C455D70D824C, cid=157, SUCCESS, logIndex=0, commits[aaa8e91e-0eca-44f4-ad30-66eff97d1642:c214, f6d593da-3d81-42e7-b927-5f502e16088c:c201, 8d5baa0f-1210-41f1-915f-fdffd8779ee7:c201]
2019-08-23 04:27:11,725 [grpc-default-executor-1] INFO  client.GrpcClientProtocolClient (GrpcClientProtocolClient.java:onNext(255)) - client-8C6AA2FA99F1->aaa8e91e-0eca-44f4-ad30-66eff97d1642: receive RaftClientReply:client-8C6AA2FA99F1->aaa8e91e-0eca-44f4-ad30-66eff97d1642@group-C455D70D824C, cid=146, SUCCESS, logIndex=204, commits[aaa8e91e-0eca-44f4-ad30-66eff97d1642:c210, f6d593da-3d81-42e7-b927-5f502e16088c:c199, 8d5baa0f-1210-41f1-915f-fdffd8779ee7:c199]
2019-08-23 04:27:11,725 | INFO  | SCMAudit | user=jenkins1000 | ip=192.168.36.77 | op=GET_CONTAINER_WITH_PIPELINE {containerID=#3} | ret=SUCCESS |  
2019-08-23 04:27:11,725 [grpc-default-executor-2] INFO  client.GrpcClientProtocolClient (GrpcClientProtocolClient.java:onNext(255)) - client-8C6AA2FA99F1->aaa8e91e-0eca-44f4-ad30-66eff97d1642: receive RaftClientReply:client-8C6AA2FA99F1->aaa8e91e-0eca-44f4-ad30-66eff97d1642@group-C455D70D824C, cid=158, SUCCESS, logIndex=0, commits[aaa8e91e-0eca-44f4-ad30-66eff97d1642:c214, f6d593da-3d81-42e7-b927-5f502e16088c:c201, 8d5baa0f-1210-41f1-915f-fdffd8779ee7:c201]
2019-08-23 04:27:11,725 | INFO  | SCMAudit | user=jenkins1000 | ip=192.168.36.77 | op=ALLOCATE_BLOCK {owner=0ede6294-5fd7-421b-8eb7-9656e082115f, size=4194304, type=RATIS, factor=THREE} | ret=SUCCESS |  
2019-08-23 04:27:11,725 [grpc-default-executor-1] INFO  client.GrpcClientProtocolClient (GrpcClientProtocolClient.java:onNext(255)) - client-8C6AA2FA99F1->aaa8e91e-0eca-44f4-ad30-66eff97d1642: receive RaftClientReply:client-8C6AA2FA99F1->aaa8e91e-0eca-44f4-ad30-66eff97d1642@group-C455D70D824C, cid=147, SUCCESS, logIndex=206, commits[aaa8e91e-0eca-44f4-ad30-66eff97d1642:c209, f6d593da-3d81-42e7-b927-5f502e16088c:c199, 8d5baa0f-1210-41f1-915f-fdffd8779ee7:c198]
2019-08-23 04:27:11,726 [grpc-default-executor-1] INFO  client.GrpcClientProtocolClient (GrpcClientProtocolClient.java:onNext(255)) - client-8C6AA2FA99F1->aaa8e91e-0eca-44f4-ad30-66eff97d1642: receive RaftClientReply:client-8C6AA2FA99F1->aaa8e91e-0eca-44f4-ad30-66eff97d1642@group-C455D70D824C, cid=148, SUCCESS, logIndex=212, commits[aaa8e91e-0eca-44f4-ad30-66eff97d1642:c212, f6d593da-3d81-42e7-b927-5f502e16088c:c199, 8d5baa0f-1210-41f1-915f-fdffd8779ee7:c199]
2019-08-23 04:27:11,726 | INFO  | OMAudit | user=jenkins1000 | ip=127.0.0.1 | op=READ_KEY {volume=vol-0-42659, bucket=bucket-3-42268, key=key-0-62644, dataSize=0, replicationType=null, replicationFactor=null, keyLocationInfo=null} | ret=SUCCESS |  
2019-08-23 04:27:11,726 | INFO  | SCMAudit | user=jenkins1000 | ip=192.168.36.77 | op=ALLOCATE_BLOCK {owner=0ede6294-5fd7-421b-8eb7-9656e082115f, size=4194304, type=RATIS, factor=THREE} | ret=SUCCESS |  
2019-08-23 04:27:11,726 [grpc-default-executor-1] INFO  client.GrpcClientProtocolClient (GrpcClientProtocolClient.java:onNext(255)) - client-8C6AA2FA99F1->aaa8e91e-0eca-44f4-ad30-66eff97d1642: receive RaftClientReply:client-8C6AA2FA99F1->aaa8e91e-0eca-44f4-ad30-66eff97d1642@group-C455D70D824C, cid=149, SUCCESS, logIndex=213, commits[aaa8e91e-0eca-44f4-ad30-66eff97d1642:c214, f6d593da-3d81-42e7-b927-5f502e16088c:c201, 8d5baa0f-1210-41f1-915f-fdffd8779ee7:c201]
2019-08-23 04:27:11,729 | INFO  | DNAudit | user=null | ip=null | op=GET_BLOCK {blockData=conID: 3 locID: 102664400506912784 bcsId: 165} | ret=SUCCESS |  
2019-08-23 04:27:11,736 | INFO  | DNAudit | user=null | ip=null | op=READ_CHUNK {blockData=conID: 3 locID: 102664400506912784 bcsId: 165} | ret=SUCCESS |  
2019-08-23 04:27:11,736 | INFO  | OMAudit | user=jenkins1000 | ip=127.0.0.1 | op=COMMIT_KEY {volume=vol-0-42659, bucket=bucket-2-77083, key=key-1-76662, dataSize=10240, replicationType=null, replicationFactor=null, keyLocationInfo=[{blockID={containerID=2, localID=102664400514449450}, length=10240, offset=0, token=null, pipeline=Pipeline[ Id: 66543a4c-018c-4a46-974e-c455d70d824c, Nodes: f6d593da-3d81-42e7-b927-5f502e16088c{ip: 192.168.36.77, host: pr-hdds-2000-5mb45-3533150274, networkLocation: /default-rack, certSerialId: null}8d5baa0f-1210-41f1-915f-fdffd8779ee7{ip: 192.168.36.77, host: pr-hdds-2000-5mb45-3533150274, networkLocation: /default-rack, certSerialId: null}aaa8e91e-0eca-44f4-ad30-66eff97d1642{ip: 192.168.36.77, host: pr-hdds-2000-5mb45-3533150274, networkLocation: /default-rack, certSerialId: null}, Type:RATIS, Factor:THREE, State:OPEN], createVersion=0}], clientID=102664400514318373} | ret=SUCCESS |  
2019-08-23 04:27:11,736 | INFO  | OMAudit | user=jenkins1000 | ip=127.0.0.1 | op=ALLOCATE_KEY {volume=vol-1-20205, bucket=bucket-0-84326, key=key-2-09226, dataSize=10240, replicationType=RATIS, replicationFactor=THREE, keyLocationInfo=null} | ret=SUCCESS |  
2019-08-23 04:27:11,736 | INFO  | OMAudit | user=jenkins1000 | ip=127.0.0.1 | op=ALLOCATE_KEY {volume=vol-0-42659, bucket=bucket-0-06613, key=key-2-98710, dataSize=10240, replicationType=RATIS, replicationFactor=THREE, keyLocationInfo=null} | ret=SUCCESS |  
2019-08-23 04:27:11,736 | INFO  | OMAudit | user=jenkins1000 | ip=127.0.0.1 | op=COMMIT_KEY {volume=vol-1-20205, bucket=bucket-1-61988, key=key-1-30016, dataSize=10240, replicationType=null, replicationFactor=null, keyLocationInfo=[{blockID={containerID=2, localID=102664400514449449}, length=10240, offset=0, token=null, pipeline=Pipeline[ Id: 66543a4c-018c-4a46-974e-c455d70d824c, Nodes: f6d593da-3d81-42e7-b927-5f502e16088c{ip: 192.168.36.77, host: pr-hdds-2000-5mb45-3533150274, networkLocation: /default-rack, certSerialId: null}8d5baa0f-1210-41f1-915f-fdffd8779ee7{ip: 192.168.36.77, host: pr-hdds-2000-5mb45-3533150274, networkLocation: /default-rack, certSerialId: null}aaa8e91e-0eca-44f4-ad30-66eff97d1642{ip: 192.168.36.77, host: pr-hdds-2000-5mb45-3533150274, networkLocation: /default-rack, certSerialId: null}, Type:RATIS, Factor:THREE, State:OPEN], createVersion=0}], clientID=102664400514318372} | ret=SUCCESS |  
2019-08-23 04:27:11,736 | INFO  | OMAudit | user=jenkins1000 | ip=127.0.0.1 | op=COMMIT_KEY {volume=vol-0-42659, bucket=bucket-1-34712, key=key-1-92484, dataSize=10240, replicationType=null, replicationFactor=null, keyLocationInfo=[{blockID={containerID=1, localID=102664400514383911}, length=10240, offset=0, token=null, pipeline=Pipeline[ Id: 66543a4c-018c-4a46-974e-c455d70d824c, Nodes: f6d593da-3d81-42e7-b927-5f502e16088c{ip: 192.168.36.77, host: pr-hdds-2000-5mb45-3533150274, networkLocation: /default-rack, certSerialId: null}8d5baa0f-1210-41f1-915f-fdffd8779ee7{ip: 192.168.36.77, host: pr-hdds-2000-5mb45-3533150274, networkLocation: /default-rack, certSerialId: null}aaa8e91e-0eca-44f4-ad30-66eff97d1642{ip: 192.168.36.77, host: pr-hdds-2000-5mb45-3533150274, networkLocation: /default-rack, certSerialId: null}, Type:RATIS, Factor:THREE, State:OPEN], createVersion=0}], clientID=102664400514318370} | ret=SUCCESS |  
2019-08-23 04:27:11,736 | INFO  | OMAudit | user=jenkins1000 | ip=127.0.0.1 | op=COMMIT_KEY {volume=vol-1-20205, bucket=bucket-2-67835, key=key-1-36315, dataSize=10240, replicationType=null, replicationFactor=null, keyLocationInfo=[{blockID={containerID=3, localID=102664400514646059}, length=10240, offset=0, token=null, pipeline=Pipeline[ Id: 66543a4c-018c-4a46-974e-c455d70d824c, Nodes: f6d593da-3d81-42e7-b927-5f502e16088c{ip: 192.168.36.77, host: pr-hdds-2000-5mb45-3533150274, networkLocation: /default-rack, certSerialId: null}8d5baa0f-1210-41f1-915f-fdffd8779ee7{ip: 192.168.36.77, host: pr-hdds-2000-5mb45-3533150274, networkLocation: /default-rack, certSerialId: null}aaa8e91e-0eca-44f4-ad30-66eff97d1642{ip: 192.168.36.77, host: pr-hdds-2000-5mb45-3533150274, networkLocation: /default-rack, certSerialId: null}, Type:RATIS, Factor:THREE, State:OPEN], createVersion=0}], clientID=102664400514383912} | ret=SUCCESS |  
2019-08-23 04:27:11,738 | INFO  | DNAudit | user=null | ip=null | op=WRITE_CHUNK {blockData=conID: 2 locID: 102664400515432497 bcsId: 0} | ret=SUCCESS |  
2019-08-23 04:27:11,738 | INFO  | DNAudit | user=null | ip=null | op=WRITE_CHUNK {blockData=conID: 2 locID: 102664400515432497 bcsId: 0} | ret=SUCCESS |  
2019-08-23 04:27:11,738 | INFO  | DNAudit | user=null | ip=null | op=PUT_BLOCK {blockData=[blockId=conID: 3 locID: 102664400515432499 bcsId: 0,size=10240]} | ret=SUCCESS |  
2019-08-23 04:27:11,738 | INFO  | DNAudit | user=null | ip=null | op=PUT_BLOCK {blockData=[blockId=conID: 2 locID: 102664400515432497 bcsId: 0,size=10240]} | ret=SUCCESS |  
2019-08-23 04:27:11,739 | INFO  | DNAudit | user=null | ip=null | op=PUT_BLOCK {blockData=[blockId=conID: 2 locID: 102664400515432497 bcsId: 0,size=10240]} | ret=SUCCESS |  
2019-08-23 04:27:11,739 | INFO  | SCMAudit | user=jenkins1000 | ip=192.168.36.77 | op=ALLOCATE_BLOCK {owner=0ede6294-5fd7-421b-8eb7-9656e082115f, size=4194304, type=RATIS, factor=THREE} | ret=SUCCESS |  
2019-08-23 04:27:11,739 | INFO  | SCMAudit | user=jenkins1000 | ip=192.168.36.77 | op=GET_CONTAINER_WITH_PIPELINE {containerID=#3} | ret=SUCCESS |  
2019-08-23 04:27:11,739 | INFO  | DNAudit | user=null | ip=null | op=PUT_BLOCK {blockData=[blockId=conID: 3 locID: 102664400515432498 bcsId: 0,size=10240]} | ret=SUCCESS |  
2019-08-23 04:27:11,739 | INFO  | DNAudit | user=null | ip=null | op=PUT_BLOCK {blockData=[blockId=conID: 1 locID: 102664400515366960 bcsId: 0,size=10240]} | ret=SUCCESS |  
2019-08-23 04:27:11,739 | INFO  | SCMAudit | user=jenkins1000 | ip=192.168.36.77 | op=ALLOCATE_BLOCK {owner=0ede6294-5fd7-421b-8eb7-9656e082115f, size=4194304, type=RATIS, factor=THREE} | ret=SUCCESS |  
2019-08-23 04:27:11,739 | INFO  | DNAudit | user=null | ip=null | op=WRITE_CHUNK {blockData=conID: 2 locID: 102664400517595191 bcsId: 0} | ret=SUCCESS |  
2019-08-23 04:27:11,739 | INFO  | SCMAudit | user=jenkins1000 | ip=192.168.36.77 | op=ALLOCATE_BLOCK {owner=0ede6294-5fd7-421b-8eb7-9656e082115f, size=4194304, type=RATIS, factor=THREE} | ret=SUCCESS |  
2019-08-23 04:27:11,739 [grpc-default-executor-5] INFO  client.GrpcClientProtocolClient (GrpcClientProtocolClient.java:onNext(255)) - client-8C6AA2FA99F1->aaa8e91e-0eca-44f4-ad30-66eff97d1642: receive RaftClientReply:client-8C6AA2FA99F1->aaa8e91e-0eca-44f4-ad30-66eff97d1642@group-C455D70D824C, cid=159, SUCCESS, logIndex=0, commits[aaa8e91e-0eca-44f4-ad30-66eff97d1642:c217, f6d593da-3d81-42e7-b927-5f502e16088c:c204, 8d5baa0f-1210-41f1-915f-fdffd8779ee7:c204]
2019-08-23 04:27:11,740 | INFO  | OMAudit | user=jenkins1000 | ip=127.0.0.1 | op=READ_KEY {volume=vol-0-42659, bucket=bucket-1-34712, key=key-0-71445, dataSize=0, replicationType=null, replicationFactor=null, keyLocationInfo=null} | ret=SUCCESS |  
2019-08-23 04:27:11,740 [grpc-default-executor-5] INFO  client.GrpcClientProtocolClient (GrpcClientProtocolClient.java:onNext(255)) - client-8C6AA2FA99F1->aaa8e91e-0eca-44f4-ad30-66eff97d1642: receive RaftClientReply:client-8C6AA2FA99F1->aaa8e91e-0eca-44f4-ad30-66eff97d1642@group-C455D70D824C, cid=151, SUCCESS, logIndex=215, commits[aaa8e91e-0eca-44f4-ad30-66eff97d1642:c217, f6d593da-3d81-42e7-b927-5f502e16088c:c204, 8d5baa0f-1210-41f1-915f-fdffd8779ee7:c204]
2019-08-23 04:27:11,740 | INFO  | OMAudit | user=jenkins1000 | ip=127.0.0.1 | op=ALLOCATE_KEY {volume=vol-1-20205, bucket=bucket-1-61988, key=key-2-39710, dataSize=10240, replicationType=RATIS, replicationFactor=THREE, keyLocationInfo=null} | ret=SUCCESS |  
2019-08-23 04:27:11,740 | INFO  | DNAudit | user=null | ip=null | op=WRITE_CHUNK {blockData=conID: 2 locID: 102664400517595191 bcsId: 0} | ret=SUCCESS |  
2019-08-23 04:27:11,740 | INFO  | DNAudit | user=null | ip=null | op=WRITE_CHUNK {blockData=conID: 2 locID: 102664400517595191 bcsId: 0} | ret=SUCCESS |  
2019-08-23 04:27:11,741 | INFO  | OMAudit | user=jenkins1000 | ip=127.0.0.1 | op=ALLOCATE_KEY {volume=vol-0-42659, bucket=bucket-2-77083, key=key-2-88502, dataSize=10240, replicationType=RATIS, replicationFactor=THREE, keyLocationInfo=null} | ret=SUCCESS |  
2019-08-23 04:27:11,741 | INFO  | OMAudit | user=jenkins1000 | ip=127.0.0.1 | op=ALLOCATE_KEY {volume=vol-1-20205, bucket=bucket-2-67835, key=key-2-26022, dataSize=10240, replicationType=RATIS, replicationFactor=THREE, keyLocationInfo=null} | ret=SUCCESS |  
2019-08-23 04:27:11,741 | INFO  | SCMAudit | user=jenkins1000 | ip=192.168.36.77 | op=ALLOCATE_BLOCK {owner=0ede6294-5fd7-421b-8eb7-9656e082115f, size=4194304, type=RATIS, factor=THREE} | ret=SUCCESS |  
2019-08-23 04:27:11,741 [grpc-default-executor-1] INFO  client.GrpcClientProtocolClient (GrpcClientProtocolClient.java:onNext(255)) - client-8C6AA2FA99F1->aaa8e91e-0eca-44f4-ad30-66eff97d1642: receive RaftClientReply:client-8C6AA2FA99F1->aaa8e91e-0eca-44f4-ad30-66eff97d1642@group-C455D70D824C, cid=152, SUCCESS, logIndex=217, commits[aaa8e91e-0eca-44f4-ad30-66eff97d1642:c218, f6d593da-3d81-42e7-b927-5f502e16088c:c204, 8d5baa0f-1210-41f1-915f-fdffd8779ee7:c204]
2019-08-23 04:27:11,741 | INFO  | DNAudit | user=null | ip=null | op=WRITE_CHUNK {blockData=conID: 1 locID: 102664400517529654 bcsId: 0} | ret=SUCCESS |  
2019-08-23 04:27:11,741 [grpc-default-executor-0] INFO  client.GrpcClientProtocolClient (GrpcClientProtocolClient.java:onNext(255)) - client-8C6AA2FA99F1->aaa8e91e-0eca-44f4-ad30-66eff97d1642: receive RaftClientReply:client-8C6AA2FA99F1->aaa8e91e-0eca-44f4-ad30-66eff97d1642@group-C455D70D824C, cid=150, SUCCESS, logIndex=218, commits[aaa8e91e-0eca-44f4-ad30-66eff97d1642:c218, f6d593da-3d81-42e7-b927-5f502e16088c:c204, 8d5baa0f-1210-41f1-915f-fdffd8779ee7:c204]
2019-08-23 04:27:11,742 | INFO  | OMAudit | user=jenkins1000 | ip=127.0.0.1 | op=ALLOCATE_KEY {volume=vol-0-42659, bucket=bucket-1-34712, key=key-2-46672, dataSize=10240, replicationType=RATIS, replicationFactor=THREE, keyLocationInfo=null} | ret=SUCCESS |  
2019-08-23 04:27:11,742 | INFO  | OMAudit | user=jenkins1000 | ip=127.0.0.1 | op=COMMIT_KEY {volume=vol-1-20205, bucket=bucket-4-54813, key=key-1-21125, dataSize=10240, replicationType=null, replicationFactor=null, keyLocationInfo=[{blockID={containerID=2, localID=102664400515432497}, length=10240, offset=0, token=null, pipeline=Pipeline[ Id: 66543a4c-018c-4a46-974e-c455d70d824c, Nodes: f6d593da-3d81-42e7-b927-5f502e16088c{ip: 192.168.36.77, host: pr-hdds-2000-5mb45-3533150274, networkLocation: /default-rack, certSerialId: null}8d5baa0f-1210-41f1-915f-fdffd8779ee7{ip: 192.168.36.77, host: pr-hdds-2000-5mb45-3533150274, networkLocation: /default-rack, certSerialId: null}aaa8e91e-0eca-44f4-ad30-66eff97d1642{ip: 192.168.36.77, host: pr-hdds-2000-5mb45-3533150274, networkLocation: /default-rack, certSerialId: null}, Type:RATIS, Factor:THREE, State:OPEN], createVersion=0}], clientID=102664400515235885} | ret=SUCCESS |  
2019-08-23 04:27:11,742 | INFO  | DNAudit | user=null | ip=null | op=WRITE_CHUNK {blockData=conID: 1 locID: 102664400517529654 bcsId: 0} | ret=SUCCESS |  
2019-08-23 04:27:11,743 | INFO  | DNAudit | user=null | ip=null | op=WRITE_CHUNK {blockData=conID: 1 locID: 102664400517529654 bcsId: 0} | ret=SUCCESS |  
2019-08-23 04:27:11,743 | INFO  | DNAudit | user=null | ip=null | op=WRITE_CHUNK {blockData=conID: 3 locID: 102664400518447164 bcsId: 0} | ret=SUCCESS |  
2019-08-23 04:27:11,743 | INFO  | DNAudit | user=null | ip=null | op=GET_BLOCK {blockData=conID: 3 locID: 102664400507043867 bcsId: 170} | ret=SUCCESS |  
2019-08-23 04:27:11,744 | INFO  | DNAudit | user=null | ip=null | op=WRITE_CHUNK {blockData=conID: 3 locID: 102664400518447164 bcsId: 0} | ret=SUCCESS |  
2019-08-23 04:27:11,744 | INFO  | DNAudit | user=null | ip=null | op=WRITE_CHUNK {blockData=conID: 3 locID: 102664400518447164 bcsId: 0} | ret=SUCCESS |  
2019-08-23 04:27:11,746 | INFO  | DNAudit | user=null | ip=null | op=WRITE_CHUNK {blockData=conID: 1 locID: 102664400518447165 bcsId: 0} | ret=SUCCESS |  
2019-08-23 04:27:11,746 | INFO  | SCMAudit | user=jenkins1000 | ip=192.168.36.77 | op=ALLOCATE_BLOCK {owner=0ede6294-5fd7-421b-8eb7-9656e082115f, size=4194304, type=RATIS, factor=THREE} | ret=SUCCESS |  
2019-08-23 04:27:11,747 | INFO  | DNAudit | user=null | ip=null | op=WRITE_CHUNK {blockData=conID: 1 locID: 102664400518447165 bcsId: 0} | ret=SUCCESS |  
2019-08-23 04:27:11,747 | INFO  | DNAudit | user=null | ip=null | op=WRITE_CHUNK {blockData=conID: 1 locID: 102664400515366960 bcsId: 0} | ret=SUCCESS |  
2019-08-23 04:27:11,747 | INFO  | DNAudit | user=null | ip=null | op=WRITE_CHUNK {blockData=conID: 1 locID: 102664400518447165 bcsId: 0} | ret=SUCCESS |  
2019-08-23 04:27:11,747 | INFO  | DNAudit | user=null | ip=null | op=WRITE_CHUNK {blockData=conID: 3 locID: 102664400515432499 bcsId: 0} | ret=SUCCESS |  
2019-08-23 04:27:11,747 | INFO  | DNAudit | user=null | ip=null | op=WRITE_CHUNK {blockData=conID: 2 locID: 102664400518447166 bcsId: 0} | ret=SUCCESS |  
2019-08-23 04:27:11,747 | INFO  | DNAudit | user=null | ip=null | op=WRITE_CHUNK {blockData=conID: 1 locID: 102664400515366960 bcsId: 0} | ret=SUCCESS |  
2019-08-23 04:27:11,747 | INFO  | DNAudit | user=null | ip=null | op=WRITE_CHUNK {blockData=conID: 3 locID: 102664400515432499 bcsId: 0} | ret=SUCCESS |  
2019-08-23 04:27:11,747 | INFO  | DNAudit | user=null | ip=null | op=WRITE_CHUNK {blockData=conID: 3 locID: 102664400515432498 bcsId: 0} | ret=SUCCESS |  
2019-08-23 04:27:11,748 | INFO  | DNAudit | user=null | ip=null | op=WRITE_CHUNK {blockData=conID: 3 locID: 102664400515432498 bcsId: 0} | ret=SUCCESS |  
2019-08-23 04:27:11,748 | INFO  | OMAudit | user=jenkins1000 | ip=127.0.0.1 | op=ALLOCATE_KEY {volume=vol-0-42659, bucket=bucket-3-42268, key=key-2-43493, dataSize=10240, replicationType=RATIS, replicationFactor=THREE, keyLocationInfo=null} | ret=SUCCESS |  
2019-08-23 04:27:11,748 | INFO  | DNAudit | user=null | ip=null | op=READ_CHUNK {blockData=conID: 3 locID: 102664400507043867 bcsId: 170} | ret=SUCCESS |  
2019-08-23 04:27:11,748 | INFO  | DNAudit | user=null | ip=null | op=PUT_BLOCK {blockData=[blockId=conID: 3 locID: 102664400515432499 bcsId: 0,size=10240]} | ret=SUCCESS |  
2019-08-23 04:27:11,748 | INFO  | DNAudit | user=null | ip=null | op=WRITE_CHUNK {blockData=conID: 2 locID: 102664400518447166 bcsId: 0} | ret=SUCCESS |  
2019-08-23 04:27:11,748 | INFO  | DNAudit | user=null | ip=null | op=WRITE_CHUNK {blockData=conID: 2 locID: 102664400518447166 bcsId: 0} | ret=SUCCESS |  
2019-08-23 04:27:11,748 | INFO  | DNAudit | user=null | ip=null | op=PUT_BLOCK {blockData=[blockId=conID: 3 locID: 102664400515432499 bcsId: 0,size=10240]} | ret=SUCCESS |  
2019-08-23 04:27:11,748 | INFO  | DNAudit | user=null | ip=null | op=WRITE_CHUNK {blockData=conID: 3 locID: 102664400518578239 bcsId: 0} | ret=SUCCESS |  
2019-08-23 04:27:11,749 | INFO  | DNAudit | user=null | ip=null | op=PUT_BLOCK {blockData=[blockId=conID: 3 locID: 102664400515432498 bcsId: 0,size=10240]} | ret=SUCCESS |  
2019-08-23 04:27:11,749 | INFO  | DNAudit | user=null | ip=null | op=PUT_BLOCK {blockData=[blockId=conID: 3 locID: 102664400515432498 bcsId: 0,size=10240]} | ret=SUCCESS |  
2019-08-23 04:27:11,749 | INFO  | DNAudit | user=null | ip=null | op=PUT_BLOCK {blockData=[blockId=conID: 1 locID: 102664400515366960 bcsId: 0,size=10240]} | ret=SUCCESS |  
2019-08-23 04:27:11,749 | INFO  | DNAudit | user=null | ip=null | op=PUT_BLOCK {blockData=[blockId=conID: 1 locID: 102664400515366960 bcsId: 0,size=10240]} | ret=SUCCESS |  
2019-08-23 04:27:11,749 | INFO  | DNAudit | user=null | ip=null | op=WRITE_CHUNK {blockData=conID: 3 locID: 102664400518578239 bcsId: 0} | ret=SUCCESS |  
2019-08-23 04:27:11,749 | INFO  | DNAudit | user=null | ip=null | op=WRITE_CHUNK {blockData=conID: 3 locID: 102664400518578239 bcsId: 0} | ret=SUCCESS |  
2019-08-23 04:27:11,750 | INFO  | DNAudit | user=null | ip=null | op=WRITE_CHUNK {blockData=conID: 1 locID: 102664400518905921 bcsId: 0} | ret=SUCCESS |  
2019-08-23 04:27:11,751 | INFO  | DNAudit | user=null | ip=null | op=WRITE_CHUNK {blockData=conID: 2 locID: 102664400517595191 bcsId: 0} | ret=SUCCESS |  
2019-08-23 04:27:11,751 | INFO  | DNAudit | user=null | ip=null | op=WRITE_CHUNK {blockData=conID: 1 locID: 102664400518905921 bcsId: 0} | ret=SUCCESS |  
2019-08-23 04:27:11,751 | INFO  | DNAudit | user=null | ip=null | op=WRITE_CHUNK {blockData=conID: 1 locID: 102664400518905921 bcsId: 0} | ret=SUCCESS |  
2019-08-23 04:27:11,751 | INFO  | SCMAudit | user=jenkins1000 | ip=192.168.36.77 | op=GET_CONTAINER_WITH_PIPELINE {containerID=#1} | ret=SUCCESS |  
2019-08-23 04:27:11,751 [grpc-default-executor-5] INFO  client.GrpcClientProtocolClient (GrpcClientProtocolClient.java:onNext(255)) - client-8C6AA2FA99F1->aaa8e91e-0eca-44f4-ad30-66eff97d1642: receive RaftClientReply:client-8C6AA2FA99F1->aaa8e91e-0eca-44f4-ad30-66eff97d1642@group-C455D70D824C, cid=164, SUCCESS, logIndex=0, commits[aaa8e91e-0eca-44f4-ad30-66eff97d1642:c221, f6d593da-3d81-42e7-b927-5f502e16088c:c215, 8d5baa0f-1210-41f1-915f-fdffd8779ee7:c215]
2019-08-23 04:27:11,752 | INFO  | DNAudit | user=null | ip=null | op=PUT_BLOCK {blockData=[blockId=conID: 2 locID: 102664400517595191 bcsId: 0,size=10240]} | ret=SUCCESS |  
2019-08-23 04:27:11,752 | INFO  | DNAudit | user=null | ip=null | op=WRITE_CHUNK {blockData=conID: 1 locID: 102664400517529654 bcsId: 0} | ret=SUCCESS |  
2019-08-23 04:27:11,752 [grpc-default-executor-5] INFO  client.GrpcClientProtocolClient (GrpcClientProtocolClient.java:onNext(255)) - client-8C6AA2FA99F1->aaa8e91e-0eca-44f4-ad30-66eff97d1642: receive RaftClientReply:client-8C6AA2FA99F1->aaa8e91e-0eca-44f4-ad30-66eff97d1642@group-C455D70D824C, cid=165, SUCCESS, logIndex=0, commits[aaa8e91e-0eca-44f4-ad30-66eff97d1642:c223, f6d593da-3d81-42e7-b927-5f502e16088c:c218, 8d5baa0f-1210-41f1-915f-fdffd8779ee7:c218]
2019-08-23 04:27:11,752 | INFO  | DNAudit | user=null | ip=null | op=WRITE_CHUNK {blockData=conID: 3 locID: 102664400518447164 bcsId: 0} | ret=SUCCESS |  
2019-08-23 04:27:11,752 [grpc-default-executor-4] INFO  client.GrpcClientProtocolClient (GrpcClientProtocolClient.java:onNext(255)) - client-8C6AA2FA99F1->aaa8e91e-0eca-44f4-ad30-66eff97d1642: receive RaftClientReply:client-8C6AA2FA99F1->aaa8e91e-0eca-44f4-ad30-66eff97d1642@group-C455D70D824C, cid=160, SUCCESS, logIndex=224, commits[aaa8e91e-0eca-44f4-ad30-66eff97d1642:c226, f6d593da-3d81-42e7-b927-5f502e16088c:c218, 8d5baa0f-1210-41f1-915f-fdffd8779ee7:c218]
2019-08-23 04:27:11,753 | INFO  | OMAudit | user=jenkins1000 | ip=127.0.0.1 | op=READ_KEY {volume=vol-1-20205, bucket=bucket-3-54341, key=key-0-76312, dataSize=0, replicationType=null, replicationFactor=null, keyLocationInfo=null} | ret=SUCCESS |  
2019-08-23 04:27:11,753 [grpc-default-executor-5] INFO  client.GrpcClientProtocolClient (GrpcClientProtocolClient.java:onNext(255)) - client-8C6AA2FA99F1->aaa8e91e-0eca-44f4-ad30-66eff97d1642: receive RaftClientReply:client-8C6AA2FA99F1->aaa8e91e-0eca-44f4-ad30-66eff97d1642@group-C455D70D824C, cid=169, SUCCESS, logIndex=0, commits[aaa8e91e-0eca-44f4-ad30-66eff97d1642:c224, f6d593da-3d81-42e7-b927-5f502e16088c:c218, 8d5baa0f-1210-41f1-915f-fdffd8779ee7:c218]
2019-08-23 04:27:11,753 | INFO  | DNAudit | user=null | ip=null | op=PUT_BLOCK {blockData=[blockId=conID: 1 locID: 102664400517529654 bcsId: 0,size=10240]} | ret=SUCCESS |  
2019-08-23 04:27:11,753 [grpc-default-executor-4] INFO  client.GrpcClientProtocolClient (GrpcClientProtocolClient.java:onNext(255)) - client-8C6AA2FA99F1->aaa8e91e-0eca-44f4-ad30-66eff97d1642: receive RaftClientReply:client-8C6AA2FA99F1->aaa8e91e-0eca-44f4-ad30-66eff97d1642@group-C455D70D824C, cid=161, SUCCESS, logIndex=225, commits[aaa8e91e-0eca-44f4-ad30-66eff97d1642:c231, f6d593da-3d81-42e7-b927-5f502e16088c:c218, 8d5baa0f-1210-41f1-915f-fdffd8779ee7:c218]
2019-08-23 04:27:11,753 | INFO  | DNAudit | user=null | ip=null | op=WRITE_CHUNK {blockData=conID: 2 locID: 102664400518447166 bcsId: 0} | ret=SUCCESS |  
2019-08-23 04:27:11,754 | INFO  | DNAudit | user=null | ip=null | op=PUT_BLOCK {blockData=[blockId=conID: 3 locID: 102664400518447164 bcsId: 0,size=10240]} | ret=SUCCESS |  
2019-08-23 04:27:11,754 [grpc-default-executor-0] INFO  client.GrpcClientProtocolClient (GrpcClientProtocolClient.java:onNext(255)) - client-8C6AA2FA99F1->aaa8e91e-0eca-44f4-ad30-66eff97d1642: receive RaftClientReply:client-8C6AA2FA99F1->aaa8e91e-0eca-44f4-ad30-66eff97d1642@group-C455D70D824C, cid=162, SUCCESS, logIndex=226, commits[aaa8e91e-0eca-44f4-ad30-66eff97d1642:c231, f6d593da-3d81-42e7-b927-5f502e16088c:c218, 8d5baa0f-1210-41f1-915f-fdffd8779ee7:c218]
2019-08-23 04:27:11,755 | INFO  | DNAudit | user=null | ip=null | op=PUT_BLOCK {blockData=[blockId=conID: 2 locID: 102664400518447166 bcsId: 0,size=10240]} | ret=SUCCESS |  
2019-08-23 04:27:11,755 | INFO  | DNAudit | user=null | ip=null | op=WRITE_CHUNK {blockData=conID: 3 locID: 102664400518578239 bcsId: 0} | ret=SUCCESS |  
2019-08-23 04:27:11,755 | INFO  | DNAudit | user=null | ip=null | op=WRITE_CHUNK {blockData=conID: 1 locID: 102664400518447165 bcsId: 0} | ret=SUCCESS |  
2019-08-23 04:27:11,755 | INFO  | DNAudit | user=null | ip=null | op=WRITE_CHUNK {blockData=conID: 2 locID: 102664400517595191 bcsId: 0} | ret=SUCCESS |  
2019-08-23 04:27:11,755 | INFO  | DNAudit | user=null | ip=null | op=GET_BLOCK {blockData=conID: 1 locID: 102664400506978324 bcsId: 167} | ret=SUCCESS |  
2019-08-23 04:27:11,756 | INFO  | DNAudit | user=null | ip=null | op=PUT_BLOCK {blockData=[blockId=conID: 3 locID: 102664400518578239 bcsId: 0,size=10240]} | ret=SUCCESS |  
2019-08-23 04:27:11,756 | INFO  | OMAudit | user=jenkins1000 | ip=127.0.0.1 | op=COMMIT_KEY {volume=vol-1-20205, bucket=bucket-3-54341, key=key-1-21624, dataSize=10240, replicationType=null, replicationFactor=null, keyLocationInfo=[{blockID={containerID=3, localID=102664400515432499}, length=10240, offset=0, token=null, pipeline=Pipeline[ Id: 66543a4c-018c-4a46-974e-c455d70d824c, Nodes: f6d593da-3d81-42e7-b927-5f502e16088c{ip: 192.168.36.77, host: pr-hdds-2000-5mb45-3533150274, networkLocation: /default-rack, certSerialId: null}8d5baa0f-1210-41f1-915f-fdffd8779ee7{ip: 192.168.36.77, host: pr-hdds-2000-5mb45-3533150274, networkLocation: /default-rack, certSerialId: null}aaa8e91e-0eca-44f4-ad30-66eff97d1642{ip: 192.168.36.77, host: pr-hdds-2000-5mb45-3533150274, networkLocation: /default-rack, certSerialId: null}, Type:RATIS, Factor:THREE, State:OPEN], createVersion=0}], clientID=102664400515301422} | ret=SUCCESS |  
2019-08-23 04:27:11,756 | INFO  | DNAudit | user=null | ip=null | op=PUT_BLOCK {blockData=[blockId=conID: 2 locID: 102664400517595191 bcsId: 0,size=10240]} | ret=SUCCESS |  
2019-08-23 04:27:11,756 | INFO  | DNAudit | user=null | ip=null | op=PUT_BLOCK {blockData=[blockId=conID: 1 locID: 102664400518447165 bcsId: 0,size=10240]} | ret=SUCCESS |  
2019-08-23 04:27:11,756 | INFO  | OMAudit | user=jenkins1000 | ip=127.0.0.1 | op=COMMIT_KEY {volume=vol-0-42659, bucket=bucket-4-88694, key=key-1-19578, dataSize=10240, replicationType=null, replicationFactor=null, keyLocationInfo=[{blockID={containerID=3, localID=102664400515432498}, length=10240, offset=0, token=null, pipeline=Pipeline[ Id: 66543a4c-018c-4a46-974e-c455d70d824c, Nodes: f6d593da-3d81-42e7-b927-5f502e16088c{ip: 192.168.36.77, host: pr-hdds-2000-5mb45-3533150274, networkLocation: /default-rack, certSerialId: null}8d5baa0f-1210-41f1-915f-fdffd8779ee7{ip: 192.168.36.77, host: pr-hdds-2000-5mb45-3533150274, networkLocation: /default-rack, certSerialId: null}aaa8e91e-0eca-44f4-ad30-66eff97d1642{ip: 192.168.36.77, host: pr-hdds-2000-5mb45-3533150274, networkLocation: /default-rack, certSerialId: null}, Type:RATIS, Factor:THREE, State:OPEN], createVersion=0}], clientID=102664400515301423} | ret=SUCCESS |  
2019-08-23 04:27:11,758 | INFO  | DNAudit | user=null | ip=null | op=WRITE_CHUNK {blockData=conID: 1 locID: 102664400517529654 bcsId: 0} | ret=SUCCESS |  
2019-08-23 04:27:11,758 | INFO  | OMAudit | user=jenkins1000 | ip=127.0.0.1 | op=COMMIT_KEY {volume=vol-0-42659, bucket=bucket-3-42268, key=key-1-41618, dataSize=10240, replicationType=null, replicationFactor=null, keyLocationInfo=[{blockID={containerID=1, localID=102664400515366960}, length=10240, offset=0, token=null, pipeline=Pipeline[ Id: 66543a4c-018c-4a46-974e-c455d70d824c, Nodes: f6d593da-3d81-42e7-b927-5f502e16088c{ip: 192.168.36.77, host: pr-hdds-2000-5mb45-3533150274, networkLocation: /default-rack, certSerialId: null}8d5baa0f-1210-41f1-915f-fdffd8779ee7{ip: 192.168.36.77, host: pr-hdds-2000-5mb45-3533150274, networkLocation: /default-rack, certSerialId: null}aaa8e91e-0eca-44f4-ad30-66eff97d1642{ip: 192.168.36.77, host: pr-hdds-2000-5mb45-3533150274, networkLocation: /default-rack, certSerialId: null}, Type:RATIS, Factor:THREE, State:OPEN], createVersion=0}], clientID=102664400515235884} | ret=SUCCESS |  
2019-08-23 04:27:11,759 | INFO  | DNAudit | user=null | ip=null | op=PUT_BLOCK {blockData=[blockId=conID: 1 locID: 102664400517529654 bcsId: 0,size=10240]} | ret=SUCCESS |  
2019-08-23 04:27:11,759 | INFO  | DNAudit | user=null | ip=null | op=WRITE_CHUNK {blockData=conID: 3 locID: 102664400518447164 bcsId: 0} | ret=SUCCESS |  
2019-08-23 04:27:11,759 [grpc-default-executor-4] INFO  client.GrpcClientProtocolClient (GrpcClientProtocolClient.java:onNext(255)) - client-8C6AA2FA99F1->aaa8e91e-0eca-44f4-ad30-66eff97d1642: receive RaftClientReply:client-8C6AA2FA99F1->aaa8e91e-0eca-44f4-ad30-66eff97d1642@group-C455D70D824C, cid=163, SUCCESS, logIndex=227, commits[aaa8e91e-0eca-44f4-ad30-66eff97d1642:c234, f6d593da-3d81-42e7-b927-5f502e16088c:c221, 8d5baa0f-1210-41f1-915f-fdffd8779ee7:c218]
2019-08-23 04:27:11,759 | INFO  | DNAudit | user=null | ip=null | op=WRITE_CHUNK {blockData=conID: 1 locID: 102664400518447165 bcsId: 0} | ret=SUCCESS |  
2019-08-23 04:27:11,759 | INFO  | DNAudit | user=null | ip=null | op=WRITE_CHUNK {blockData=conID: 1 locID: 102664400518905921 bcsId: 0} | ret=SUCCESS |  
2019-08-23 04:27:11,759 [grpc-default-executor-0] INFO  client.GrpcClientProtocolClient (GrpcClientProtocolClient.java:onNext(255)) - client-8C6AA2FA99F1->aaa8e91e-0eca-44f4-ad30-66eff97d1642: receive RaftClientReply:client-8C6AA2FA99F1->aaa8e91e-0eca-44f4-ad30-66eff97d1642@group-C455D70D824C, cid=166, SUCCESS, logIndex=228, commits[aaa8e91e-0eca-44f4-ad30-66eff97d1642:c231, f6d593da-3d81-42e7-b927-5f502e16088c:c218, 8d5baa0f-1210-41f1-915f-fdffd8779ee7:c218]
2019-08-23 04:27:11,759 | INFO  | DNAudit | user=null | ip=null | op=PUT_BLOCK {blockData=[blockId=conID: 3 locID: 102664400518447164 bcsId: 0,size=10240]} | ret=SUCCESS |  
2019-08-23 04:27:11,759 | INFO  | DNAudit | user=null | ip=null | op=PUT_BLOCK {blockData=[blockId=conID: 1 locID: 102664400518905921 bcsId: 0,size=10240]} | ret=SUCCESS |  
2019-08-23 04:27:11,759 [grpc-default-executor-0] INFO  client.GrpcClientProtocolClient (GrpcClientProtocolClient.java:onNext(255)) - client-8C6AA2FA99F1->aaa8e91e-0eca-44f4-ad30-66eff97d1642: receive RaftClientReply:client-8C6AA2FA99F1->aaa8e91e-0eca-44f4-ad30-66eff97d1642@group-C455D70D824C, cid=168, SUCCESS, logIndex=229, commits[aaa8e91e-0eca-44f4-ad30-66eff97d1642:c234, f6d593da-3d81-42e7-b927-5f502e16088c:c221, 8d5baa0f-1210-41f1-915f-fdffd8779ee7:c221]
2019-08-23 04:27:11,760 [grpc-default-executor-0] INFO  client.GrpcClientProtocolClient (GrpcClientProtocolClient.java:onNext(255)) - client-8C6AA2FA99F1->aaa8e91e-0eca-44f4-ad30-66eff97d1642: receive RaftClientReply:client-8C6AA2FA99F1->aaa8e91e-0eca-44f4-ad30-66eff97d1642@group-C455D70D824C, cid=167, SUCCESS, logIndex=230, commits[aaa8e91e-0eca-44f4-ad30-66eff97d1642:c235, f6d593da-3d81-42e7-b927-5f502e16088c:c224, 8d5baa0f-1210-41f1-915f-fdffd8779ee7:c221]
2019-08-23 04:27:11,760 | INFO  | DNAudit | user=null | ip=null | op=READ_CHUNK {blockData=conID: 1 locID: 102664400506978324 bcsId: 167} | ret=SUCCESS |  
2019-08-23 04:27:11,760 | INFO  | SCMAudit | user=jenkins1000 | ip=192.168.36.77 | op=ALLOCATE_BLOCK {owner=0ede6294-5fd7-421b-8eb7-9656e082115f, size=4194304, type=RATIS, factor=THREE} | ret=SUCCESS |  
2019-08-23 04:27:11,760 [grpc-default-executor-0] INFO  client.GrpcClientProtocolClient (GrpcClientProtocolClient.java:onNext(255)) - client-8C6AA2FA99F1->aaa8e91e-0eca-44f4-ad30-66eff97d1642: receive RaftClientReply:client-8C6AA2FA99F1->aaa8e91e-0eca-44f4-ad30-66eff97d1642@group-C455D70D824C, cid=170, SUCCESS, logIndex=231, commits[aaa8e91e-0eca-44f4-ad30-66eff97d1642:c235, f6d593da-3d81-42e7-b927-5f502e16088c:c226, 8d5baa0f-1210-41f1-915f-fdffd8779ee7:c221]
2019-08-23 04:27:11,760 | INFO  | SCMAudit | user=jenkins1000 | ip=192.168.36.77 | op=ALLOCATE_BLOCK {owner=0ede6294-5fd7-421b-8eb7-9656e082115f, size=4194304, type=RATIS, factor=THREE} | ret=SUCCESS |  
2019-08-23 04:27:11,761 | INFO  | SCMAudit | user=jenkins1000 | ip=192.168.36.77 | op=ALLOCATE_BLOCK {owner=0ede6294-5fd7-421b-8eb7-9656e082115f, size=4194304, type=RATIS, factor=THREE} | ret=SUCCESS |  
2019-08-23 04:27:11,761 [grpc-default-executor-5] INFO  client.GrpcClientProtocolClient (GrpcClientProtocolClient.java:onNext(255)) - client-8C6AA2FA99F1->aaa8e91e-0eca-44f4-ad30-66eff97d1642: receive RaftClientReply:client-8C6AA2FA99F1->aaa8e91e-0eca-44f4-ad30-66eff97d1642@group-C455D70D824C, cid=171, SUCCESS, logIndex=232, commits[aaa8e91e-0eca-44f4-ad30-66eff97d1642:c234, f6d593da-3d81-42e7-b927-5f502e16088c:c221, 8d5baa0f-1210-41f1-915f-fdffd8779ee7:c218]
2019-08-23 04:27:11,761 | INFO  | OMAudit | user=jenkins1000 | ip=127.0.0.1 | op=ALLOCATE_KEY {volume=vol-1-20205, bucket=bucket-3-54341, key=key-2-32470, dataSize=10240, replicationType=RATIS, replicationFactor=THREE, keyLocationInfo=null} | ret=SUCCESS |  
2019-08-23 04:27:11,761 | INFO  | OMAudit | user=jenkins1000 | ip=127.0.0.1 | op=ALLOCATE_KEY {volume=vol-0-42659, bucket=bucket-4-88694, key=key-2-46067, dataSize=10240, replicationType=RATIS, replicationFactor=THREE, keyLocationInfo=null} | ret=SUCCESS |  
2019-08-23 04:27:11,761 [grpc-default-executor-5] INFO  client.GrpcClientProtocolClient (GrpcClientProtocolClient.java:onNext(255)) - client-8C6AA2FA99F1->aaa8e91e-0eca-44f4-ad30-66eff97d1642: receive RaftClientReply:client-8C6AA2FA99F1->aaa8e91e-0eca-44f4-ad30-66eff97d1642@group-C455D70D824C, cid=172, SUCCESS, logIndex=233, commits[aaa8e91e-0eca-44f4-ad30-66eff97d1642:c234, f6d593da-3d81-42e7-b927-5f502e16088c:c221, 8d5baa0f-1210-41f1-915f-fdffd8779ee7:c221]
2019-08-23 04:27:11,761 | INFO  | OMAudit | user=jenkins1000 | ip=127.0.0.1 | op=ALLOCATE_KEY {volume=vol-1-20205, bucket=bucket-4-54813, key=key-2-39500, dataSize=10240, replicationType=RATIS, replicationFactor=THREE, keyLocationInfo=null} | ret=SUCCESS |  
2019-08-23 04:27:11,762 [grpc-default-executor-5] INFO  client.GrpcClientProtocolClient (GrpcClientProtocolClient.java:onNext(255)) - client-8C6AA2FA99F1->aaa8e91e-0eca-44f4-ad30-66eff97d1642: receive RaftClientReply:client-8C6AA2FA99F1->aaa8e91e-0eca-44f4-ad30-66eff97d1642@group-C455D70D824C, cid=173, SUCCESS, logIndex=234, commits[aaa8e91e-0eca-44f4-ad30-66eff97d1642:c234, f6d593da-3d81-42e7-b927-5f502e16088c:c221, 8d5baa0f-1210-41f1-915f-fdffd8779ee7:c221]
2019-08-23 04:27:11,762 [grpc-default-executor-5] INFO  client.GrpcClientProtocolClient (GrpcClientProtocolClient.java:onNext(255)) - client-8C6AA2FA99F1->aaa8e91e-0eca-44f4-ad30-66eff97d1642: receive RaftClientReply:client-8C6AA2FA99F1->aaa8e91e-0eca-44f4-ad30-66eff97d1642@group-C455D70D824C, cid=174, SUCCESS, logIndex=235, commits[aaa8e91e-0eca-44f4-ad30-66eff97d1642:c235, f6d593da-3d81-42e7-b927-5f502e16088c:c224, 8d5baa0f-1210-41f1-915f-fdffd8779ee7:c221]
2019-08-23 04:27:11,762 [grpc-default-executor-5] INFO  client.GrpcClientProtocolClient (GrpcClientProtocolClient.java:onNext(255)) - client-8C6AA2FA99F1->aaa8e91e-0eca-44f4-ad30-66eff97d1642: receive RaftClientReply:client-8C6AA2FA99F1->aaa8e91e-0eca-44f4-ad30-66eff97d1642@group-C455D70D824C, cid=175, SUCCESS, logIndex=236, commits[aaa8e91e-0eca-44f4-ad30-66eff97d1642:c241, f6d593da-3d81-42e7-b927-5f502e16088c:c230, 8d5baa0f-1210-41f1-915f-fdffd8779ee7:c221]
2019-08-23 04:27:11,763 | INFO  | SCMAudit | user=jenkins1000 | ip=192.168.36.77 | op=GET_CONTAINER_WITH_PIPELINE {containerID=#2} | ret=SUCCESS |  
2019-08-23 04:27:11,763 [grpc-default-executor-5] INFO  client.GrpcClientProtocolClient (GrpcClientProtocolClient.java:onNext(255)) - client-8C6AA2FA99F1->aaa8e91e-0eca-44f4-ad30-66eff97d1642: receive RaftClientReply:client-8C6AA2FA99F1->aaa8e91e-0eca-44f4-ad30-66eff97d1642@group-C455D70D824C, cid=176, SUCCESS, logIndex=238, commits[aaa8e91e-0eca-44f4-ad30-66eff97d1642:c242, f6d593da-3d81-42e7-b927-5f502e16088c:c230, 8d5baa0f-1210-41f1-915f-fdffd8779ee7:c221]
2019-08-23 04:27:11,764 | INFO  | DNAudit | user=null | ip=null | op=WRITE_CHUNK {blockData=conID: 2 locID: 102664400519823429 bcsId: 0} | ret=SUCCESS |  
2019-08-23 04:27:11,764 | INFO  | OMAudit | user=jenkins1000 | ip=127.0.0.1 | op=READ_KEY {volume=vol-0-42659, bucket=bucket-4-88694, key=key-0-06907, dataSize=0, replicationType=null, replicationFactor=null, keyLocationInfo=null} | ret=SUCCESS |  
2019-08-23 04:27:11,764 | INFO  | DNAudit | user=null | ip=null | op=WRITE_CHUNK {blockData=conID: 3 locID: 102664400519823430 bcsId: 0} | ret=SUCCESS |  
2019-08-23 04:27:11,764 | INFO  | DNAudit | user=null | ip=null | op=WRITE_CHUNK {blockData=conID: 2 locID: 102664400517595191 bcsId: 0} | ret=SUCCESS |  
2019-08-23 04:27:11,764 | INFO  | DNAudit | user=null | ip=null | op=WRITE_CHUNK {blockData=conID: 2 locID: 102664400519823429 bcsId: 0} | ret=SUCCESS |  
2019-08-23 04:27:11,765 | INFO  | DNAudit | user=null | ip=null | op=WRITE_CHUNK {blockData=conID: 2 locID: 102664400519823429 bcsId: 0} | ret=SUCCESS |  
2019-08-23 04:27:11,765 | INFO  | DNAudit | user=null | ip=null | op=WRITE_CHUNK {blockData=conID: 2 locID: 102664400518447166 bcsId: 0} | ret=SUCCESS |  
2019-08-23 04:27:11,765 | INFO  | DNAudit | user=null | ip=null | op=PUT_BLOCK {blockData=[blockId=conID: 1 locID: 102664400518447165 bcsId: 0,size=10240]} | ret=SUCCESS |  
2019-08-23 04:27:11,765 | INFO  | DNAudit | user=null | ip=null | op=WRITE_CHUNK {blockData=conID: 1 locID: 102664400517529654 bcsId: 0} | ret=SUCCESS |  
2019-08-23 04:27:11,765 | INFO  | DNAudit | user=null | ip=null | op=WRITE_CHUNK {blockData=conID: 3 locID: 102664400519823430 bcsId: 0} | ret=SUCCESS |  
2019-08-23 04:27:11,765 | INFO  | DNAudit | user=null | ip=null | op=PUT_BLOCK {blockData=[blockId=conID: 2 locID: 102664400517595191 bcsId: 0,size=10240]} | ret=SUCCESS |  
2019-08-23 04:27:11,765 | INFO  | DNAudit | user=null | ip=null | op=WRITE_CHUNK {blockData=conID: 3 locID: 102664400518578239 bcsId: 0} | ret=SUCCESS |  
2019-08-23 04:27:11,765 | INFO  | DNAudit | user=null | ip=null | op=PUT_BLOCK {blockData=[blockId=conID: 2 locID: 102664400518447166 bcsId: 0,size=10240]} | ret=SUCCESS |  
2019-08-23 04:27:11,766 | INFO  | DNAudit | user=null | ip=null | op=PUT_BLOCK {blockData=[blockId=conID: 3 locID: 102664400518578239 bcsId: 0,size=10240]} | ret=SUCCESS |  
2019-08-23 04:27:11,766 | INFO  | DNAudit | user=null | ip=null | op=PUT_BLOCK {blockData=[blockId=conID: 1 locID: 102664400517529654 bcsId: 0,size=10240]} | ret=SUCCESS |  
2019-08-23 04:27:11,766 | INFO  | DNAudit | user=null | ip=null | op=WRITE_CHUNK {blockData=conID: 3 locID: 102664400518447164 bcsId: 0} | ret=SUCCESS |  
2019-08-23 04:27:11,766 [grpc-default-executor-0] INFO  client.GrpcClientProtocolClient (GrpcClientProtocolClient.java:onNext(255)) - client-8C6AA2FA99F1->aaa8e91e-0eca-44f4-ad30-66eff97d1642: receive RaftClientReply:client-8C6AA2FA99F1->aaa8e91e-0eca-44f4-ad30-66eff97d1642@group-C455D70D824C, cid=177, SUCCESS, logIndex=0, commits[aaa8e91e-0eca-44f4-ad30-66eff97d1642:c242, f6d593da-3d81-42e7-b927-5f502e16088c:c230, 8d5baa0f-1210-41f1-915f-fdffd8779ee7:c225]
2019-08-23 04:27:11,766 | INFO  | DNAudit | user=null | ip=null | op=WRITE_CHUNK {blockData=conID: 1 locID: 102664400519888967 bcsId: 0} | ret=SUCCESS |  
2019-08-23 04:27:11,766 | INFO  | DNAudit | user=null | ip=null | op=WRITE_CHUNK {blockData=conID: 1 locID: 102664400518447165 bcsId: 0} | ret=SUCCESS |  
2019-08-23 04:27:11,766 | INFO  | DNAudit | user=null | ip=null | op=PUT_BLOCK {blockData=[blockId=conID: 3 locID: 102664400518447164 bcsId: 0,size=10240]} | ret=SUCCESS |  
2019-08-23 04:27:11,767 | INFO  | DNAudit | user=null | ip=null | op=PUT_BLOCK {blockData=[blockId=conID: 1 locID: 102664400518447165 bcsId: 0,size=10240]} | ret=SUCCESS |  
2019-08-23 04:27:11,767 | INFO  | DNAudit | user=null | ip=null | op=WRITE_CHUNK {blockData=conID: 3 locID: 102664400519823430 bcsId: 0} | ret=SUCCESS |  
2019-08-23 04:27:11,767 | INFO  | DNAudit | user=null | ip=null | op=WRITE_CHUNK {blockData=conID: 1 locID: 102664400519888967 bcsId: 0} | ret=SUCCESS |  
2019-08-23 04:27:11,767 | INFO  | DNAudit | user=null | ip=null | op=WRITE_CHUNK {blockData=conID: 1 locID: 102664400519888967 bcsId: 0} | ret=SUCCESS |  
2019-08-23 04:27:11,767 | INFO  | DNAudit | user=null | ip=null | op=WRITE_CHUNK {blockData=conID: 2 locID: 102664400518447166 bcsId: 0} | ret=SUCCESS |  
2019-08-23 04:27:11,767 | INFO  | DNAudit | user=null | ip=null | op=WRITE_CHUNK {blockData=conID: 3 locID: 102664400518578239 bcsId: 0} | ret=SUCCESS |  
2019-08-23 04:27:11,767 | INFO  | DNAudit | user=null | ip=null | op=PUT_BLOCK {blockData=[blockId=conID: 2 locID: 102664400518447166 bcsId: 0,size=10240]} | ret=SUCCESS |  
2019-08-23 04:27:11,767 [grpc-default-executor-5] INFO  client.GrpcClientProtocolClient (GrpcClientProtocolClient.java:onNext(255)) - client-8C6AA2FA99F1->aaa8e91e-0eca-44f4-ad30-66eff97d1642: receive RaftClientReply:client-8C6AA2FA99F1->aaa8e91e-0eca-44f4-ad30-66eff97d1642@group-C455D70D824C, cid=178, SUCCESS, logIndex=0, commits[aaa8e91e-0eca-44f4-ad30-66eff97d1642:c245, f6d593da-3d81-42e7-b927-5f502e16088c:c235, 8d5baa0f-1210-41f1-915f-fdffd8779ee7:c230]
2019-08-23 04:27:11,768 | INFO  | DNAudit | user=null | ip=null | op=WRITE_CHUNK {blockData=conID: 2 locID: 102664400519823429 bcsId: 0} | ret=SUCCESS |  
2019-08-23 04:27:11,768 | INFO  | DNAudit | user=null | ip=null | op=WRITE_CHUNK {blockData=conID: 1 locID: 102664400518905921 bcsId: 0} | ret=SUCCESS |  
2019-08-23 04:27:11,768 [grpc-default-executor-5] INFO  client.GrpcClientProtocolClient (GrpcClientProtocolClient.java:onNext(255)) - client-8C6AA2FA99F1->aaa8e91e-0eca-44f4-ad30-66eff97d1642: receive RaftClientReply:client-8C6AA2FA99F1->aaa8e91e-0eca-44f4-ad30-66eff97d1642@group-C455D70D824C, cid=179, SUCCESS, logIndex=0, commits[aaa8e91e-0eca-44f4-ad30-66eff97d1642:c245, f6d593da-3d81-42e7-b927-5f502e16088c:c235, 8d5baa0f-1210-41f1-915f-fdffd8779ee7:c230]
2019-08-23 04:27:11,768 | INFO  | DNAudit | user=null | ip=null | op=PUT_BLOCK {blockData=[blockId=conID: 1 locID: 102664400518905921 bcsId: 0,size=10240]} | ret=SUCCESS |  
2019-08-23 04:27:11,768 [grpc-default-executor-4] INFO  client.GrpcClientProtocolClient (GrpcClientProtocolClient.java:onNext(255)) - client-8C6AA2FA99F1->aaa8e91e-0eca-44f4-ad30-66eff97d1642: receive RaftClientReply:client-8C6AA2FA99F1->aaa8e91e-0eca-44f4-ad30-66eff97d1642@group-C455D70D824C, cid=180, SUCCESS, logIndex=0, commits[aaa8e91e-0eca-44f4-ad30-66eff97d1642:c245, f6d593da-3d81-42e7-b927-5f502e16088c:c235, 8d5baa0f-1210-41f1-915f-fdffd8779ee7:c231]
2019-08-23 04:27:11,769 [grpc-default-executor-2] INFO  client.GrpcClientProtocolClient (GrpcClientProtocolClient.java:onNext(255)) - client-8C6AA2FA99F1->aaa8e91e-0eca-44f4-ad30-66eff97d1642: receive RaftClientReply:client-8C6AA2FA99F1->aaa8e91e-0eca-44f4-ad30-66eff97d1642@group-C455D70D824C, cid=182, SUCCESS, logIndex=246, commits[aaa8e91e-0eca-44f4-ad30-66eff97d1642:c246, f6d593da-3d81-42e7-b927-5f502e16088c:c242, 8d5baa0f-1210-41f1-915f-fdffd8779ee7:c234]
2019-08-23 04:27:11,769 | INFO  | DNAudit | user=null | ip=null | op=GET_BLOCK {blockData=conID: 2 locID: 102664400507043864 bcsId: 168} | ret=SUCCESS |  
2019-08-23 04:27:11,769 [grpc-default-executor-4] INFO  client.GrpcClientProtocolClient (GrpcClientProtocolClient.java:onNext(255)) - client-8C6AA2FA99F1->aaa8e91e-0eca-44f4-ad30-66eff97d1642: receive RaftClientReply:client-8C6AA2FA99F1->aaa8e91e-0eca-44f4-ad30-66eff97d1642@group-C455D70D824C, cid=181, SUCCESS, logIndex=0, commits[aaa8e91e-0eca-44f4-ad30-66eff97d1642:c246, f6d593da-3d81-42e7-b927-5f502e16088c:c242, 8d5baa0f-1210-41f1-915f-fdffd8779ee7:c234]
2019-08-23 04:27:11,769 | INFO  | OMAudit | user=jenkins1000 | ip=127.0.0.1 | op=COMMIT_KEY {volume=vol-1-20205, bucket=bucket-0-84326, key=key-2-09226, dataSize=10240, replicationType=null, replicationFactor=null, keyLocationInfo=[{blockID={containerID=2, localID=102664400517595191}, length=10240, offset=0, token=null, pipeline=Pipeline[ Id: 66543a4c-018c-4a46-974e-c455d70d824c, Nodes: f6d593da-3d81-42e7-b927-5f502e16088c{ip: 192.168.36.77, host: pr-hdds-2000-5mb45-3533150274, networkLocation: /default-rack, certSerialId: null}8d5baa0f-1210-41f1-915f-fdffd8779ee7{ip: 192.168.36.77, host: pr-hdds-2000-5mb45-3533150274, networkLocation: /default-rack, certSerialId: null}aaa8e91e-0eca-44f4-ad30-66eff97d1642{ip: 192.168.36.77, host: pr-hdds-2000-5mb45-3533150274, networkLocation: /default-rack, certSerialId: null}, Type:RATIS, Factor:THREE, State:OPEN], createVersion=0}], clientID=102664400517529653} | ret=SUCCESS |  
2019-08-23 04:27:11,769 | INFO  | DNAudit | user=null | ip=null | op=WRITE_CHUNK {blockData=conID: 3 locID: 102664400519823430 bcsId: 0} | ret=SUCCESS |  
2019-08-23 04:27:11,770 | INFO  | DNAudit | user=null | ip=null | op=PUT_BLOCK {blockData=[blockId=conID: 2 locID: 102664400519823429 bcsId: 0,size=10240]} | ret=SUCCESS |  
2019-08-23 04:27:11,772 | INFO  | DNAudit | user=null | ip=null | op=PUT_BLOCK {blockData=[blockId=conID: 3 locID: 102664400519823430 bcsId: 0,size=10240]} | ret=SUCCESS |  
2019-08-23 04:27:11,772 | INFO  | OMAudit | user=jenkins1000 | ip=127.0.0.1 | op=COMMIT_KEY {volume=vol-0-42659, bucket=bucket-0-06613, key=key-2-98710, dataSize=10240, replicationType=null, replicationFactor=null, keyLocationInfo=[{blockID={containerID=1, localID=102664400517529654}, length=10240, offset=0, token=null, pipeline=Pipeline[ Id: 66543a4c-018c-4a46-974e-c455d70d824c, Nodes: f6d593da-3d81-42e7-b927-5f502e16088c{ip: 192.168.36.77, host: pr-hdds-2000-5mb45-3533150274, networkLocation: /default-rack, certSerialId: null}8d5baa0f-1210-41f1-915f-fdffd8779ee7{ip: 192.168.36.77, host: pr-hdds-2000-5mb45-3533150274, networkLocation: /default-rack, certSerialId: null}aaa8e91e-0eca-44f4-ad30-66eff97d1642{ip: 192.168.36.77, host: pr-hdds-2000-5mb45-3533150274, networkLocation: /default-rack, certSerialId: null}, Type:RATIS, Factor:THREE, State:OPEN], createVersion=0}], clientID=102664400517464116} | ret=SUCCESS |  
2019-08-23 04:27:11,773 | INFO  | DNAudit | user=null | ip=null | op=WRITE_CHUNK {blockData=conID: 1 locID: 102664400518905921 bcsId: 0} | ret=SUCCESS |  
2019-08-23 04:27:11,773 | INFO  | DNAudit | user=null | ip=null | op=PUT_BLOCK {blockData=[blockId=conID: 3 locID: 102664400518578239 bcsId: 0,size=10240]} | ret=SUCCESS |  
2019-08-23 04:27:11,773 [grpc-default-executor-2] INFO  client.GrpcClientProtocolClient (GrpcClientProtocolClient.java:onNext(255)) - client-8C6AA2FA99F1->aaa8e91e-0eca-44f4-ad30-66eff97d1642: receive RaftClientReply:client-8C6AA2FA99F1->aaa8e91e-0eca-44f4-ad30-66eff97d1642@group-C455D70D824C, cid=184, SUCCESS, logIndex=247, commits[aaa8e91e-0eca-44f4-ad30-66eff97d1642:c249, f6d593da-3d81-42e7-b927-5f502e16088c:c242, 8d5baa0f-1210-41f1-915f-fdffd8779ee7:c234]
2019-08-23 04:27:11,773 | INFO  | OMAudit | user=jenkins1000 | ip=127.0.0.1 | op=COMMIT_KEY {volume=vol-0-42659, bucket=bucket-2-77083, key=key-2-88502, dataSize=10240, replicationType=null, replicationFactor=null, keyLocationInfo=[{blockID={containerID=1, localID=102664400518447165}, length=10240, offset=0, token=null, pipeline=Pipeline[ Id: 66543a4c-018c-4a46-974e-c455d70d824c, Nodes: f6d593da-3d81-42e7-b927-5f502e16088c{ip: 192.168.36.77, host: pr-hdds-2000-5mb45-3533150274, networkLocation: /default-rack, certSerialId: null}8d5baa0f-1210-41f1-915f-fdffd8779ee7{ip: 192.168.36.77, host: pr-hdds-2000-5mb45-3533150274, networkLocation: /default-rack, certSerialId: null}aaa8e91e-0eca-44f4-ad30-66eff97d1642{ip: 192.168.36.77, host: pr-hdds-2000-5mb45-3533150274, networkLocation: /default-rack, certSerialId: null}, Type:RATIS, Factor:THREE, State:OPEN], createVersion=0}], clientID=102664400518381626} | ret=SUCCESS |  
2019-08-23 04:27:11,774 | INFO  | DNAudit | user=null | ip=null | op=WRITE_CHUNK {blockData=conID: 1 locID: 102664400519888967 bcsId: 0} | ret=SUCCESS |  
2019-08-23 04:27:11,774 [grpc-default-executor-1] INFO  client.GrpcClientProtocolClient (GrpcClientProtocolClient.java:onNext(255)) - client-8C6AA2FA99F1->aaa8e91e-0eca-44f4-ad30-66eff97d1642: receive RaftClientReply:client-8C6AA2FA99F1->aaa8e91e-0eca-44f4-ad30-66eff97d1642@group-C455D70D824C, cid=183, SUCCESS, logIndex=0, commits[aaa8e91e-0eca-44f4-ad30-66eff97d1642:c249, f6d593da-3d81-42e7-b927-5f502e16088c:c242, 8d5baa0f-1210-41f1-915f-fdffd8779ee7:c235]
2019-08-23 04:27:11,774 | INFO  | DNAudit | user=null | ip=null | op=PUT_BLOCK {blockData=[blockId=conID: 1 locID: 102664400518905921 bcsId: 0,size=10240]} | ret=SUCCESS |  
2019-08-23 04:27:11,774 | INFO  | OMAudit | user=jenkins1000 | ip=127.0.0.1 | op=COMMIT_KEY {volume=vol-1-20205, bucket=bucket-1-61988, key=key-2-39710, dataSize=10240, replicationType=null, replicationFactor=null, keyLocationInfo=[{blockID={containerID=3, localID=102664400518447164}, length=10240, offset=0, token=null, pipeline=Pipeline[ Id: 66543a4c-018c-4a46-974e-c455d70d824c, Nodes: f6d593da-3d81-42e7-b927-5f502e16088c{ip: 192.168.36.77, host: pr-hdds-2000-5mb45-3533150274, networkLocation: /default-rack, certSerialId: null}8d5baa0f-1210-41f1-915f-fdffd8779ee7{ip: 192.168.36.77, host: pr-hdds-2000-5mb45-3533150274, networkLocation: /default-rack, certSerialId: null}aaa8e91e-0eca-44f4-ad30-66eff97d1642{ip: 192.168.36.77, host: pr-hdds-2000-5mb45-3533150274, networkLocation: /default-rack, certSerialId: null}, Type:RATIS, Factor:THREE, State:OPEN], createVersion=0}], clientID=102664400518316088} | ret=SUCCESS |  
2019-08-23 04:27:11,774 | INFO  | SCMAudit | user=jenkins1000 | ip=192.168.36.77 | op=ALLOCATE_BLOCK {owner=0ede6294-5fd7-421b-8eb7-9656e082115f, size=4194304, type=RATIS, factor=THREE} | ret=SUCCESS |  
2019-08-23 04:27:11,774 | INFO  | DNAudit | user=null | ip=null | op=PUT_BLOCK {blockData=[blockId=conID: 1 locID: 102664400519888967 bcsId: 0,size=10240]} | ret=SUCCESS |  
2019-08-23 04:27:11,774 | INFO  | DNAudit | user=null | ip=null | op=READ_CHUNK {blockData=conID: 2 locID: 102664400507043864 bcsId: 168} | ret=SUCCESS |  
2019-08-23 04:27:11,774 [grpc-default-executor-1] INFO  client.GrpcClientProtocolClient (GrpcClientProtocolClient.java:onNext(255)) - client-8C6AA2FA99F1->aaa8e91e-0eca-44f4-ad30-66eff97d1642: receive RaftClientReply:client-8C6AA2FA99F1->aaa8e91e-0eca-44f4-ad30-66eff97d1642@group-C455D70D824C, cid=186, SUCCESS, logIndex=248, commits[aaa8e91e-0eca-44f4-ad30-66eff97d1642:c249, f6d593da-3d81-42e7-b927-5f502e16088c:c242, 8d5baa0f-1210-41f1-915f-fdffd8779ee7:c235]
2019-08-23 04:27:11,774 [grpc-default-executor-0] INFO  client.GrpcClientProtocolClient (GrpcClientProtocolClient.java:onNext(255)) - client-8C6AA2FA99F1->aaa8e91e-0eca-44f4-ad30-66eff97d1642: receive RaftClientReply:client-8C6AA2FA99F1->aaa8e91e-0eca-44f4-ad30-66eff97d1642@group-C455D70D824C, cid=188, SUCCESS, logIndex=0, commits[aaa8e91e-0eca-44f4-ad30-66eff97d1642:c250, f6d593da-3d81-42e7-b927-5f502e16088c:c245, 8d5baa0f-1210-41f1-915f-fdffd8779ee7:c242]
2019-08-23 04:27:11,775 | INFO  | SCMAudit | user=jenkins1000 | ip=192.168.36.77 | op=ALLOCATE_BLOCK {owner=0ede6294-5fd7-421b-8eb7-9656e082115f, size=4194304, type=RATIS, factor=THREE} | ret=SUCCESS |  
2019-08-23 04:27:11,776 [grpc-default-executor-1] INFO  client.GrpcClientProtocolClient (GrpcClientProtocolClient.java:onNext(255)) - client-8C6AA2FA99F1->aaa8e91e-0eca-44f4-ad30-66eff97d1642: receive RaftClientReply:client-8C6AA2FA99F1->aaa8e91e-0eca-44f4-ad30-66eff97d1642@group-C455D70D824C, cid=185, SUCCESS, logIndex=249, commits[aaa8e91e-0eca-44f4-ad30-66eff97d1642:c249, f6d593da-3d81-42e7-b927-5f502e16088c:c242, 8d5baa0f-1210-41f1-915f-fdffd8779ee7:c234]
2019-08-23 04:27:11,777 | INFO  | OMAudit | user=jenkins1000 | ip=127.0.0.1 | op=ALLOCATE_KEY {volume=vol-0-42659, bucket=bucket-0-06613, key=key-3-80080, dataSize=10240, replicationType=RATIS, replicationFactor=THREE, keyLocationInfo=null} | ret=SUCCESS |  
2019-08-23 04:27:11,777 | INFO  | OMAudit | user=jenkins1000 | ip=127.0.0.1 | op=COMMIT_KEY {volume=vol-1-20205, bucket=bucket-2-67835, key=key-2-26022, dataSize=10240, replicationType=null, replicationFactor=null, keyLocationInfo=[{blockID={containerID=2, localID=102664400518447166}, length=10240, offset=0, token=null, pipeline=Pipeline[ Id: 66543a4c-018c-4a46-974e-c455d70d824c, Nodes: f6d593da-3d81-42e7-b927-5f502e16088c{ip: 192.168.36.77, host: pr-hdds-2000-5mb45-3533150274, networkLocation: /default-rack, certSerialId: null}8d5baa0f-1210-41f1-915f-fdffd8779ee7{ip: 192.168.36.77, host: pr-hdds-2000-5mb45-3533150274, networkLocation: /default-rack, certSerialId: null}aaa8e91e-0eca-44f4-ad30-66eff97d1642{ip: 192.168.36.77, host: pr-hdds-2000-5mb45-3533150274, networkLocation: /default-rack, certSerialId: null}, Type:RATIS, Factor:THREE, State:OPEN], createVersion=0}], clientID=102664400518381627} | ret=SUCCESS |  
2019-08-23 04:27:11,777 [grpc-default-executor-1] INFO  client.GrpcClientProtocolClient (GrpcClientProtocolClient.java:onNext(255)) - client-8C6AA2FA99F1->aaa8e91e-0eca-44f4-ad30-66eff97d1642: receive RaftClientReply:client-8C6AA2FA99F1->aaa8e91e-0eca-44f4-ad30-66eff97d1642@group-C455D70D824C, cid=187, SUCCESS, logIndex=250, commits[aaa8e91e-0eca-44f4-ad30-66eff97d1642:c251, f6d593da-3d81-42e7-b927-5f502e16088c:c245, 8d5baa0f-1210-41f1-915f-fdffd8779ee7:c242]
2019-08-23 04:27:11,777 | INFO  | OMAudit | user=jenkins1000 | ip=127.0.0.1 | op=ALLOCATE_KEY {volume=vol-1-20205, bucket=bucket-0-84326, key=key-3-00723, dataSize=10240, replicationType=RATIS, replicationFactor=THREE, keyLocationInfo=null} | ret=SUCCESS |  
2019-08-23 04:27:11,777 [grpc-default-executor-1] INFO  client.GrpcClientProtocolClient (GrpcClientProtocolClient.java:onNext(255)) - client-8C6AA2FA99F1->aaa8e91e-0eca-44f4-ad30-66eff97d1642: receive RaftClientReply:client-8C6AA2FA99F1->aaa8e91e-0eca-44f4-ad30-66eff97d1642@group-C455D70D824C, cid=189, SUCCESS, logIndex=251, commits[aaa8e91e-0eca-44f4-ad30-66eff97d1642:c251, f6d593da-3d81-42e7-b927-5f502e16088c:c245, 8d5baa0f-1210-41f1-915f-fdffd8779ee7:c242]
2019-08-23 04:27:11,778 | INFO  | SCMAudit | user=jenkins1000 | ip=192.168.36.77 | op=ALLOCATE_BLOCK {owner=0ede6294-5fd7-421b-8eb7-9656e082115f, size=4194304, type=RATIS, factor=THREE} | ret=SUCCESS |  
2019-08-23 04:27:11,778 | INFO  | SCMAudit | user=jenkins1000 | ip=192.168.36.77 | op=ALLOCATE_BLOCK {owner=0ede6294-5fd7-421b-8eb7-9656e082115f, size=4194304, type=RATIS, factor=THREE} | ret=SUCCESS |  
2019-08-23 04:27:11,778 | INFO  | OMAudit | user=jenkins1000 | ip=127.0.0.1 | op=COMMIT_KEY {volume=vol-0-42659, bucket=bucket-3-42268, key=key-2-43493, dataSize=10240, replicationType=null, replicationFactor=null, keyLocationInfo=[{blockID={containerID=1, localID=102664400518905921}, length=10240, offset=0, token=null, pipeline=Pipeline[ Id: 66543a4c-018c-4a46-974e-c455d70d824c, Nodes: f6d593da-3d81-42e7-b927-5f502e16088c{ip: 192.168.36.77, host: pr-hdds-2000-5mb45-3533150274, networkLocation: /default-rack, certSerialId: null}8d5baa0f-1210-41f1-915f-fdffd8779ee7{ip: 192.168.36.77, host: pr-hdds-2000-5mb45-3533150274, networkLocation: /default-rack, certSerialId: null}aaa8e91e-0eca-44f4-ad30-66eff97d1642{ip: 192.168.36.77, host: pr-hdds-2000-5mb45-3533150274, networkLocation: /default-rack, certSerialId: null}, Type:RATIS, Factor:THREE, State:OPEN], createVersion=0}], clientID=102664400518709312} | ret=SUCCESS |  
2019-08-23 04:27:11,778 | INFO  | OMAudit | user=jenkins1000 | ip=127.0.0.1 | op=COMMIT_KEY {volume=vol-0-42659, bucket=bucket-1-34712, key=key-2-46672, dataSize=10240, replicationType=null, replicationFactor=null, keyLocationInfo=[{blockID={containerID=3, localID=102664400518578239}, length=10240, offset=0, token=null, pipeline=Pipeline[ Id: 66543a4c-018c-4a46-974e-c455d70d824c, Nodes: f6d593da-3d81-42e7-b927-5f502e16088c{ip: 192.168.36.77, host: pr-hdds-2000-5mb45-3533150274, networkLocation: /default-rack, certSerialId: null}8d5baa0f-1210-41f1-915f-fdffd8779ee7{ip: 192.168.36.77, host: pr-hdds-2000-5mb45-3533150274, networkLocation: /default-rack, certSerialId: null}aaa8e91e-0eca-44f4-ad30-66eff97d1642{ip: 192.168.36.77, host: pr-hdds-2000-5mb45-3533150274, networkLocation: /default-rack, certSerialId: null}, Type:RATIS, Factor:THREE, State:OPEN], createVersion=0}], clientID=102664400518381625} | ret=SUCCESS |  
2019-08-23 04:27:11,779 | INFO  | OMAudit | user=jenkins1000 | ip=127.0.0.1 | op=ALLOCATE_KEY {volume=vol-1-20205, bucket=bucket-1-61988, key=key-3-87637, dataSize=10240, replicationType=RATIS, replicationFactor=THREE, keyLocationInfo=null} | ret=SUCCESS |  
2019-08-23 04:27:11,779 | INFO  | SCMAudit | user=jenkins1000 | ip=192.168.36.77 | op=ALLOCATE_BLOCK {owner=0ede6294-5fd7-421b-8eb7-9656e082115f, size=4194304, type=RATIS, factor=THREE} | ret=SUCCESS |  
2019-08-23 04:27:11,779 | INFO  | OMAudit | user=jenkins1000 | ip=127.0.0.1 | op=ALLOCATE_KEY {volume=vol-0-42659, bucket=bucket-1-34712, key=key-3-76860, dataSize=10240, replicationType=RATIS, replicationFactor=THREE, keyLocationInfo=null} | ret=SUCCESS |  
2019-08-23 04:27:11,779 | INFO  | SCMAudit | user=jenkins1000 | ip=192.168.36.77 | op=GET_CONTAINER_WITH_PIPELINE {containerID=#2} | ret=SUCCESS |  
2019-08-23 04:27:11,779 | INFO  | DNAudit | user=null | ip=null | op=WRITE_CHUNK {blockData=conID: 2 locID: 102664400520740938 bcsId: 0} | ret=SUCCESS |  
2019-08-23 04:27:11,780 | INFO  | OMAudit | user=jenkins1000 | ip=127.0.0.1 | op=ALLOCATE_KEY {volume=vol-0-42659, bucket=bucket-2-77083, key=key-3-35706, dataSize=10240, replicationType=RATIS, replicationFactor=THREE, keyLocationInfo=null} | ret=SUCCESS |  
2019-08-23 04:27:11,780 | INFO  | OMAudit | user=jenkins1000 | ip=127.0.0.1 | op=READ_KEY {volume=vol-1-20205, bucket=bucket-1-61988, key=key-0-11151, dataSize=0, replicationType=null, replicationFactor=null, keyLocationInfo=null} | ret=SUCCESS |  
2019-08-23 04:27:11,780 | INFO  | DNAudit | user=null | ip=null | op=WRITE_CHUNK {blockData=conID: 2 locID: 102664400520740938 bcsId: 0} | ret=SUCCESS |  
2019-08-23 04:27:11,780 | INFO  | DNAudit | user=null | ip=null | op=WRITE_CHUNK {blockData=conID: 3 locID: 102664400520806475 bcsId: 0} | ret=SUCCESS |  
2019-08-23 04:27:11,780 | INFO  | DNAudit | user=null | ip=null | op=WRITE_CHUNK {blockData=conID: 2 locID: 102664400520740938 bcsId: 0} | ret=SUCCESS |  
2019-08-23 04:27:11,781 | INFO  | SCMAudit | user=jenkins1000 | ip=192.168.36.77 | op=ALLOCATE_BLOCK {owner=0ede6294-5fd7-421b-8eb7-9656e082115f, size=4194304, type=RATIS, factor=THREE} | ret=SUCCESS |  
2019-08-23 04:27:11,781 | INFO  | SCMAudit | user=jenkins1000 | ip=192.168.36.77 | op=ALLOCATE_BLOCK {owner=0ede6294-5fd7-421b-8eb7-9656e082115f, size=4194304, type=RATIS, factor=THREE} | ret=SUCCESS |  
2019-08-23 04:27:11,781 | INFO  | DNAudit | user=null | ip=null | op=WRITE_CHUNK {blockData=conID: 3 locID: 102664400520806475 bcsId: 0} | ret=SUCCESS |  
2019-08-23 04:27:11,781 | INFO  | DNAudit | user=null | ip=null | op=WRITE_CHUNK {blockData=conID: 3 locID: 102664400520806475 bcsId: 0} | ret=SUCCESS |  
2019-08-23 04:27:11,781 | INFO  | OMAudit | user=jenkins1000 | ip=127.0.0.1 | op=ALLOCATE_KEY {volume=vol-1-20205, bucket=bucket-2-67835, key=key-3-90913, dataSize=10240, replicationType=RATIS, replicationFactor=THREE, keyLocationInfo=null} | ret=SUCCESS |  
2019-08-23 04:27:11,782 | INFO  | DNAudit | user=null | ip=null | op=WRITE_CHUNK {blockData=conID: 2 locID: 102664400519823429 bcsId: 0} | ret=SUCCESS |  
2019-08-23 04:27:11,782 | INFO  | OMAudit | user=jenkins1000 | ip=127.0.0.1 | op=ALLOCATE_KEY {volume=vol-0-42659, bucket=bucket-3-42268, key=key-3-01793, dataSize=10240, replicationType=RATIS, replicationFactor=THREE, keyLocationInfo=null} | ret=SUCCESS |  
2019-08-23 04:27:11,782 | INFO  | DNAudit | user=null | ip=null | op=WRITE_CHUNK {blockData=conID: 3 locID: 102664400519823430 bcsId: 0} | ret=SUCCESS |  
2019-08-23 04:27:11,783 | INFO  | DNAudit | user=null | ip=null | op=WRITE_CHUNK {blockData=conID: 2 locID: 102664400519823429 bcsId: 0} | ret=SUCCESS |  
2019-08-23 04:27:11,783 | INFO  | DNAudit | user=null | ip=null | op=PUT_BLOCK {blockData=[blockId=conID: 3 locID: 102664400519823430 bcsId: 0,size=10240]} | ret=SUCCESS |  
2019-08-23 04:27:11,783 | INFO  | DNAudit | user=null | ip=null | op=GET_BLOCK {blockData=conID: 2 locID: 102664400507174941 bcsId: 173} | ret=SUCCESS |  
2019-08-23 04:27:11,783 | INFO  | DNAudit | user=null | ip=null | op=WRITE_CHUNK {blockData=conID: 3 locID: 102664400519823430 bcsId: 0} | ret=SUCCESS |  
2019-08-23 04:27:11,783 | INFO  | DNAudit | user=null | ip=null | op=PUT_BLOCK {blockData=[blockId=conID: 3 locID: 102664400519823430 bcsId: 0,size=10240]} | ret=SUCCESS |  
2019-08-23 04:27:11,783 | INFO  | DNAudit | user=null | ip=null | op=PUT_BLOCK {blockData=[blockId=conID: 2 locID: 102664400519823429 bcsId: 0,size=10240]} | ret=SUCCESS |  
2019-08-23 04:27:11,783 | INFO  | DNAudit | user=null | ip=null | op=WRITE_CHUNK {blockData=conID: 2 locID: 102664400521003087 bcsId: 0} | ret=SUCCESS |  
2019-08-23 04:27:11,784 | INFO  | DNAudit | user=null | ip=null | op=PUT_BLOCK {blockData=[blockId=conID: 2 locID: 102664400519823429 bcsId: 0,size=10240]} | ret=SUCCESS |  
2019-08-23 04:27:11,784 | INFO  | DNAudit | user=null | ip=null | op=WRITE_CHUNK {blockData=conID: 1 locID: 102664400519888967 bcsId: 0} | ret=SUCCESS |  
2019-08-23 04:27:11,786 | INFO  | DNAudit | user=null | ip=null | op=WRITE_CHUNK {blockData=conID: 1 locID: 102664400521003086 bcsId: 0} | ret=SUCCESS |  
2019-08-23 04:27:11,786 | INFO  | DNAudit | user=null | ip=null | op=WRITE_CHUNK {blockData=conID: 2 locID: 102664400521003087 bcsId: 0} | ret=SUCCESS |  
2019-08-23 04:27:11,786 | INFO  | DNAudit | user=null | ip=null | op=WRITE_CHUNK {blockData=conID: 2 locID: 102664400521003087 bcsId: 0} | ret=SUCCESS |  
2019-08-23 04:27:11,787 | INFO  | DNAudit | user=null | ip=null | op=PUT_BLOCK {blockData=[blockId=conID: 1 locID: 102664400519888967 bcsId: 0,size=10240]} | ret=SUCCESS |  
2019-08-23 04:27:11,787 | INFO  | DNAudit | user=null | ip=null | op=WRITE_CHUNK {blockData=conID: 1 locID: 102664400521003086 bcsId: 0} | ret=SUCCESS |  
2019-08-23 04:27:11,787 [grpc-default-executor-1] INFO  client.GrpcClientProtocolClient (GrpcClientProtocolClient.java:onNext(255)) - client-8C6AA2FA99F1->aaa8e91e-0eca-44f4-ad30-66eff97d1642: receive RaftClientReply:client-8C6AA2FA99F1->aaa8e91e-0eca-44f4-ad30-66eff97d1642@group-C455D70D824C, cid=190, SUCCESS, logIndex=0, commits[aaa8e91e-0eca-44f4-ad30-66eff97d1642:c254, f6d593da-3d81-42e7-b927-5f502e16088c:c248, 8d5baa0f-1210-41f1-915f-fdffd8779ee7:c249]
2019-08-23 04:27:11,787 | INFO  | DNAudit | user=null | ip=null | op=WRITE_CHUNK {blockData=conID: 1 locID: 102664400521003086 bcsId: 0} | ret=SUCCESS |  
2019-08-23 04:27:11,787 | INFO  | DNAudit | user=null | ip=null | op=READ_CHUNK {blockData=conID: 2 locID: 102664400507174941 bcsId: 173} | ret=SUCCESS |  
2019-08-23 04:27:11,787 | INFO  | DNAudit | user=null | ip=null | op=WRITE_CHUNK {blockData=conID: 2 locID: 102664400520740938 bcsId: 0} | ret=SUCCESS |  
2019-08-23 04:27:11,788 | INFO  | DNAudit | user=null | ip=null | op=WRITE_CHUNK {blockData=conID: 1 locID: 102664400519888967 bcsId: 0} | ret=SUCCESS |  
2019-08-23 04:27:11,788 | INFO  | DNAudit | user=null | ip=null | op=WRITE_CHUNK {blockData=conID: 3 locID: 102664400520806475 bcsId: 0} | ret=SUCCESS |  
2019-08-23 04:27:11,788 | INFO  | DNAudit | user=null | ip=null | op=PUT_BLOCK {blockData=[blockId=conID: 2 locID: 102664400520740938 bcsId: 0,size=10240]} | ret=SUCCESS |  
2019-08-23 04:27:11,788 [grpc-default-executor-1] INFO  client.GrpcClientProtocolClient (GrpcClientProtocolClient.java:onNext(255)) - client-8C6AA2FA99F1->aaa8e91e-0eca-44f4-ad30-66eff97d1642: receive RaftClientReply:client-8C6AA2FA99F1->aaa8e91e-0eca-44f4-ad30-66eff97d1642@group-C455D70D824C, cid=191, SUCCESS, logIndex=0, commits[aaa8e91e-0eca-44f4-ad30-66eff97d1642:c254, f6d593da-3d81-42e7-b927-5f502e16088c:c249, 8d5baa0f-1210-41f1-915f-fdffd8779ee7:c249]
2019-08-23 04:27:11,789 | INFO  | DNAudit | user=null | ip=null | op=PUT_BLOCK {blockData=[blockId=conID: 3 locID: 102664400520806475 bcsId: 0,size=10240]} | ret=SUCCESS |  
2019-08-23 04:27:11,789 | INFO  | DNAudit | user=null | ip=null | op=PUT_BLOCK {blockData=[blockId=conID: 1 locID: 102664400519888967 bcsId: 0,size=10240]} | ret=SUCCESS |  
2019-08-23 04:27:11,789 | INFO  | DNAudit | user=null | ip=null | op=WRITE_CHUNK {blockData=conID: 3 locID: 102664400521068625 bcsId: 0} | ret=SUCCESS |  
2019-08-23 04:27:11,789 [grpc-default-executor-1] INFO  client.GrpcClientProtocolClient (GrpcClientProtocolClient.java:onNext(255)) - client-8C6AA2FA99F1->aaa8e91e-0eca-44f4-ad30-66eff97d1642: receive RaftClientReply:client-8C6AA2FA99F1->aaa8e91e-0eca-44f4-ad30-66eff97d1642@group-C455D70D824C, cid=193, SUCCESS, logIndex=258, commits[aaa8e91e-0eca-44f4-ad30-66eff97d1642:c260, f6d593da-3d81-42e7-b927-5f502e16088c:c251, 8d5baa0f-1210-41f1-915f-fdffd8779ee7:c249]
2019-08-23 04:27:11,789 [grpc-default-executor-6] INFO  client.GrpcClientProtocolClient (GrpcClientProtocolClient.java:onNext(255)) - client-8C6AA2FA99F1->aaa8e91e-0eca-44f4-ad30-66eff97d1642: receive RaftClientReply:client-8C6AA2FA99F1->aaa8e91e-0eca-44f4-ad30-66eff97d1642@group-C455D70D824C, cid=192, SUCCESS, logIndex=0, commits[aaa8e91e-0eca-44f4-ad30-66eff97d1642:c261, f6d593da-3d81-42e7-b927-5f502e16088c:c251, 8d5baa0f-1210-41f1-915f-fdffd8779ee7:c251]
2019-08-23 04:27:11,790 | INFO  | DNAudit | user=null | ip=null | op=WRITE_CHUNK {blockData=conID: 3 locID: 102664400521068625 bcsId: 0} | ret=SUCCESS |  
2019-08-23 04:27:11,790 | INFO  | DNAudit | user=null | ip=null | op=WRITE_CHUNK {blockData=conID: 3 locID: 102664400521068625 bcsId: 0} | ret=SUCCESS |  
2019-08-23 04:27:11,790 [grpc-default-executor-6] INFO  client.GrpcClientProtocolClient (GrpcClientProtocolClient.java:onNext(255)) - client-8C6AA2FA99F1->aaa8e91e-0eca-44f4-ad30-66eff97d1642: receive RaftClientReply:client-8C6AA2FA99F1->aaa8e91e-0eca-44f4-ad30-66eff97d1642@group-C455D70D824C, cid=194, SUCCESS, logIndex=259, commits[aaa8e91e-0eca-44f4-ad30-66eff97d1642:c261, f6d593da-3d81-42e7-b927-5f502e16088c:c251, 8d5baa0f-1210-41f1-915f-fdffd8779ee7:c251]
2019-08-23 04:27:11,791 | INFO  | SCMAudit | user=jenkins1000 | ip=192.168.36.77 | op=GET_CONTAINER_WITH_PIPELINE {containerID=#1} | ret=SUCCESS |  
2019-08-23 04:27:11,791 [grpc-default-executor-6] INFO  client.GrpcClientProtocolClient (GrpcClientProtocolClient.java:onNext(255)) - client-8C6AA2FA99F1->aaa8e91e-0eca-44f4-ad30-66eff97d1642: receive RaftClientReply:client-8C6AA2FA99F1->aaa8e91e-0eca-44f4-ad30-66eff97d1642@group-C455D70D824C, cid=195, SUCCESS, logIndex=260, commits[aaa8e91e-0eca-44f4-ad30-66eff97d1642:c261, f6d593da-3d81-42e7-b927-5f502e16088c:c251, 8d5baa0f-1210-41f1-915f-fdffd8779ee7:c249]
2019-08-23 04:27:11,791 | INFO  | OMAudit | user=jenkins1000 | ip=127.0.0.1 | op=COMMIT_KEY {volume=vol-0-42659, bucket=bucket-4-88694, key=key-2-46067, dataSize=10240, replicationType=null, replicationFactor=null, keyLocationInfo=[{blockID={containerID=3, localID=102664400519823430}, length=10240, offset=0, token=null, pipeline=Pipeline[ Id: 66543a4c-018c-4a46-974e-c455d70d824c, Nodes: f6d593da-3d81-42e7-b927-5f502e16088c{ip: 192.168.36.77, host: pr-hdds-2000-5mb45-3533150274, networkLocation: /default-rack, certSerialId: null}8d5baa0f-1210-41f1-915f-fdffd8779ee7{ip: 192.168.36.77, host: pr-hdds-2000-5mb45-3533150274, networkLocation: /default-rack, certSerialId: null}aaa8e91e-0eca-44f4-ad30-66eff97d1642{ip: 192.168.36.77, host: pr-hdds-2000-5mb45-3533150274, networkLocation: /default-rack, certSerialId: null}, Type:RATIS, Factor:THREE, State:OPEN], createVersion=0}], clientID=102664400519757891} | ret=SUCCESS |  
2019-08-23 04:27:11,791 | INFO  | OMAudit | user=jenkins1000 | ip=127.0.0.1 | op=COMMIT_KEY {volume=vol-1-20205, bucket=bucket-3-54341, key=key-2-32470, dataSize=10240, replicationType=null, replicationFactor=null, keyLocationInfo=[{blockID={containerID=2, localID=102664400519823429}, length=10240, offset=0, token=null, pipeline=Pipeline[ Id: 66543a4c-018c-4a46-974e-c455d70d824c, Nodes: f6d593da-3d81-42e7-b927-5f502e16088c{ip: 192.168.36.77, host: pr-hdds-2000-5mb45-3533150274, networkLocation: /default-rack, certSerialId: null}8d5baa0f-1210-41f1-915f-fdffd8779ee7{ip: 192.168.36.77, host: pr-hdds-2000-5mb45-3533150274, networkLocation: /default-rack, certSerialId: null}aaa8e91e-0eca-44f4-ad30-66eff97d1642{ip: 192.168.36.77, host: pr-hdds-2000-5mb45-3533150274, networkLocation: /default-rack, certSerialId: null}, Type:RATIS, Factor:THREE, State:OPEN], createVersion=0}], clientID=102664400519757890} | ret=SUCCESS |  
2019-08-23 04:27:11,791 [grpc-default-executor-6] INFO  client.GrpcClientProtocolClient (GrpcClientProtocolClient.java:onNext(255)) - client-8C6AA2FA99F1->aaa8e91e-0eca-44f4-ad30-66eff97d1642: receive RaftClientReply:client-8C6AA2FA99F1->aaa8e91e-0eca-44f4-ad30-66eff97d1642@group-C455D70D824C, cid=196, SUCCESS, logIndex=261, commits[aaa8e91e-0eca-44f4-ad30-66eff97d1642:c261, f6d593da-3d81-42e7-b927-5f502e16088c:c251, 8d5baa0f-1210-41f1-915f-fdffd8779ee7:c251]
2019-08-23 04:27:11,791 | INFO  | DNAudit | user=null | ip=null | op=WRITE_CHUNK {blockData=conID: 1 locID: 102664400521199700 bcsId: 0} | ret=SUCCESS |  
2019-08-23 04:27:11,792 | INFO  | OMAudit | user=jenkins1000 | ip=127.0.0.1 | op=READ_KEY {volume=vol-1-20205, bucket=bucket-2-67835, key=key-0-50760, dataSize=0, replicationType=null, replicationFactor=null, keyLocationInfo=null} | ret=SUCCESS |  
2019-08-23 04:27:11,792 | INFO  | OMAudit | user=jenkins1000 | ip=127.0.0.1 | op=COMMIT_KEY {volume=vol-1-20205, bucket=bucket-4-54813, key=key-2-39500, dataSize=10240, replicationType=null, replicationFactor=null, keyLocationInfo=[{blockID={containerID=1, localID=102664400519888967}, length=10240, offset=0, token=null, pipeline=Pipeline[ Id: 66543a4c-018c-4a46-974e-c455d70d824c, Nodes: f6d593da-3d81-42e7-b927-5f502e16088c{ip: 192.168.36.77, host: pr-hdds-2000-5mb45-3533150274, networkLocation: /default-rack, certSerialId: null}8d5baa0f-1210-41f1-915f-fdffd8779ee7{ip: 192.168.36.77, host: pr-hdds-2000-5mb45-3533150274, networkLocation: /default-rack, certSerialId: null}aaa8e91e-0eca-44f4-ad30-66eff97d1642{ip: 192.168.36.77, host: pr-hdds-2000-5mb45-3533150274, networkLocation: /default-rack, certSerialId: null}, Type:RATIS, Factor:THREE, State:OPEN], createVersion=0}], clientID=102664400519823428} | ret=SUCCESS |  
2019-08-23 04:27:11,792 | INFO  | DNAudit | user=null | ip=null | op=WRITE_CHUNK {blockData=conID: 1 locID: 102664400521199700 bcsId: 0} | ret=SUCCESS |  
2019-08-23 04:27:11,792 | INFO  | DNAudit | user=null | ip=null | op=WRITE_CHUNK {blockData=conID: 1 locID: 102664400521199700 bcsId: 0} | ret=SUCCESS |  
2019-08-23 04:27:11,792 | INFO  | DNAudit | user=null | ip=null | op=WRITE_CHUNK {blockData=conID: 2 locID: 102664400521199701 bcsId: 0} | ret=SUCCESS |  
2019-08-23 04:27:11,793 | INFO  | DNAudit | user=null | ip=null | op=WRITE_CHUNK {blockData=conID: 2 locID: 102664400521199701 bcsId: 0} | ret=SUCCESS |  
2019-08-23 04:27:11,793 | INFO  | DNAudit | user=null | ip=null | op=WRITE_CHUNK {blockData=conID: 2 locID: 102664400521199701 bcsId: 0} | ret=SUCCESS |  
2019-08-23 04:27:11,793 | INFO  | SCMAudit | user=jenkins1000 | ip=192.168.36.77 | op=ALLOCATE_BLOCK {owner=0ede6294-5fd7-421b-8eb7-9656e082115f, size=4194304, type=RATIS, factor=THREE} | ret=SUCCESS |  
2019-08-23 04:27:11,793 | INFO  | SCMAudit | user=jenkins1000 | ip=192.168.36.77 | op=ALLOCATE_BLOCK {owner=0ede6294-5fd7-421b-8eb7-9656e082115f, size=4194304, type=RATIS, factor=THREE} | ret=SUCCESS |  
2019-08-23 04:27:11,794 | INFO  | DNAudit | user=null | ip=null | op=GET_BLOCK {blockData=conID: 1 locID: 102664400507306015 bcsId: 178} | ret=SUCCESS |  
2019-08-23 04:27:11,794 | INFO  | SCMAudit | user=jenkins1000 | ip=192.168.36.77 | op=ALLOCATE_BLOCK {owner=0ede6294-5fd7-421b-8eb7-9656e082115f, size=4194304, type=RATIS, factor=THREE} | ret=SUCCESS |  
2019-08-23 04:27:11,794 | INFO  | OMAudit | user=jenkins1000 | ip=127.0.0.1 | op=ALLOCATE_KEY {volume=vol-0-42659, bucket=bucket-4-88694, key=key-3-42080, dataSize=10240, replicationType=RATIS, replicationFactor=THREE, keyLocationInfo=null} | ret=SUCCESS |  
2019-08-23 04:27:11,794 | INFO  | OMAudit | user=jenkins1000 | ip=127.0.0.1 | op=ALLOCATE_KEY {volume=vol-1-20205, bucket=bucket-3-54341, key=key-3-56060, dataSize=10240, replicationType=RATIS, replicationFactor=THREE, keyLocationInfo=null} | ret=SUCCESS |  
2019-08-23 04:27:11,795 | INFO  | OMAudit | user=jenkins1000 | ip=127.0.0.1 | op=ALLOCATE_KEY {volume=vol-1-20205, bucket=bucket-4-54813, key=key-3-30333, dataSize=10240, replicationType=RATIS, replicationFactor=THREE, keyLocationInfo=null} | ret=SUCCESS |  
2019-08-23 04:27:11,796 | INFO  | DNAudit | user=null | ip=null | op=READ_CHUNK {blockData=conID: 1 locID: 102664400507306015 bcsId: 178} | ret=SUCCESS |  
2019-08-23 04:27:11,799 | INFO  | DNAudit | user=null | ip=null | op=WRITE_CHUNK {blockData=conID: 3 locID: 102664400521986138 bcsId: 0} | ret=SUCCESS |  
2019-08-23 04:27:11,799 | INFO  | DNAudit | user=null | ip=null | op=WRITE_CHUNK {blockData=conID: 2 locID: 102664400520740938 bcsId: 0} | ret=SUCCESS |  
2019-08-23 04:27:11,799 | INFO  | DNAudit | user=null | ip=null | op=WRITE_CHUNK {blockData=conID: 3 locID: 102664400520806475 bcsId: 0} | ret=SUCCESS |  
2019-08-23 04:27:11,800 | INFO  | DNAudit | user=null | ip=null | op=WRITE_CHUNK {blockData=conID: 2 locID: 102664400521003087 bcsId: 0} | ret=SUCCESS |  
2019-08-23 04:27:11,800 | INFO  | DNAudit | user=null | ip=null | op=WRITE_CHUNK {blockData=conID: 1 locID: 102664400521003086 bcsId: 0} | ret=SUCCESS |  
2019-08-23 04:27:11,800 | INFO  | DNAudit | user=null | ip=null | op=PUT_BLOCK {blockData=[blockId=conID: 2 locID: 102664400520740938 bcsId: 0,size=10240]} | ret=SUCCESS |  
2019-08-23 04:27:11,800 | INFO  | DNAudit | user=null | ip=null | op=WRITE_CHUNK {blockData=conID: 3 locID: 102664400521986138 bcsId: 0} | ret=SUCCESS |  
2019-08-23 04:27:11,800 | INFO  | DNAudit | user=null | ip=null | op=WRITE_CHUNK {blockData=conID: 3 locID: 102664400521986138 bcsId: 0} | ret=SUCCESS |  
2019-08-23 04:27:11,800 | INFO  | DNAudit | user=null | ip=null | op=WRITE_CHUNK {blockData=conID: 2 locID: 102664400520740938 bcsId: 0} | ret=SUCCESS |  
2019-08-23 04:27:11,800 | INFO  | DNAudit | user=null | ip=null | op=WRITE_CHUNK {blockData=conID: 3 locID: 102664400520806475 bcsId: 0} | ret=SUCCESS |  
2019-08-23 04:27:11,800 | INFO  | DNAudit | user=null | ip=null | op=WRITE_CHUNK {blockData=conID: 3 locID: 102664400521986137 bcsId: 0} | ret=SUCCESS |  
2019-08-23 04:27:11,801 | INFO  | DNAudit | user=null | ip=null | op=PUT_BLOCK {blockData=[blockId=conID: 2 locID: 102664400520740938 bcsId: 0,size=10240]} | ret=SUCCESS |  
2019-08-23 04:27:11,801 | INFO  | DNAudit | user=null | ip=null | op=PUT_BLOCK {blockData=[blockId=conID: 3 locID: 102664400520806475 bcsId: 0,size=10240]} | ret=SUCCESS |  
2019-08-23 04:27:11,801 | INFO  | DNAudit | user=null | ip=null | op=WRITE_CHUNK {blockData=conID: 3 locID: 102664400521986137 bcsId: 0} | ret=SUCCESS |  
2019-08-23 04:27:11,801 | INFO  | DNAudit | user=null | ip=null | op=PUT_BLOCK {blockData=[blockId=conID: 2 locID: 102664400521003087 bcsId: 0,size=10240]} | ret=SUCCESS |  
2019-08-23 04:27:11,801 | INFO  | SCMAudit | user=jenkins1000 | ip=192.168.36.77 | op=GET_CONTAINER_WITH_PIPELINE {containerID=#1} | ret=SUCCESS |  
2019-08-23 04:27:11,802 | INFO  | DNAudit | user=null | ip=null | op=PUT_BLOCK {blockData=[blockId=conID: 1 locID: 102664400521003086 bcsId: 0,size=10240]} | ret=SUCCESS |  
2019-08-23 04:27:11,802 | INFO  | DNAudit | user=null | ip=null | op=WRITE_CHUNK {blockData=conID: 3 locID: 102664400521986137 bcsId: 0} | ret=SUCCESS |  
2019-08-23 04:27:11,802 [grpc-default-executor-6] INFO  client.GrpcClientProtocolClient (GrpcClientProtocolClient.java:onNext(255)) - client-8C6AA2FA99F1->aaa8e91e-0eca-44f4-ad30-66eff97d1642: receive RaftClientReply:client-8C6AA2FA99F1->aaa8e91e-0eca-44f4-ad30-66eff97d1642@group-C455D70D824C, cid=197, SUCCESS, logIndex=262, commits[aaa8e91e-0eca-44f4-ad30-66eff97d1642:c264, f6d593da-3d81-42e7-b927-5f502e16088c:c254, 8d5baa0f-1210-41f1-915f-fdffd8779ee7:c259]
2019-08-23 04:27:11,802 [grpc-default-executor-4] INFO  client.GrpcClientProtocolClient (GrpcClientProtocolClient.java:onNext(255)) - client-8C6AA2FA99F1->aaa8e91e-0eca-44f4-ad30-66eff97d1642: receive RaftClientReply:client-8C6AA2FA99F1->aaa8e91e-0eca-44f4-ad30-66eff97d1642@group-C455D70D824C, cid=207, SUCCESS, logIndex=0, commits[aaa8e91e-0eca-44f4-ad30-66eff97d1642:c264, f6d593da-3d81-42e7-b927-5f502e16088c:c259, 8d5baa0f-1210-41f1-915f-fdffd8779ee7:c260]
2019-08-23 04:27:11,803 | INFO  | DNAudit | user=null | ip=null | op=WRITE_CHUNK {blockData=conID: 1 locID: 102664400522051675 bcsId: 0} | ret=SUCCESS |  
2019-08-23 04:27:11,803 | INFO  | OMAudit | user=jenkins1000 | ip=127.0.0.1 | op=READ_KEY {volume=vol-1-20205, bucket=bucket-0-84326, key=key-0-53719, dataSize=0, replicationType=null, replicationFactor=null, keyLocationInfo=null} | ret=SUCCESS |  
2019-08-23 04:27:11,803 [grpc-default-executor-6] INFO  client.GrpcClientProtocolClient (GrpcClientProtocolClient.java:onNext(255)) - client-8C6AA2FA99F1->aaa8e91e-0eca-44f4-ad30-66eff97d1642: receive RaftClientReply:client-8C6AA2FA99F1->aaa8e91e-0eca-44f4-ad30-66eff97d1642@group-C455D70D824C, cid=198, SUCCESS, logIndex=263, commits[aaa8e91e-0eca-44f4-ad30-66eff97d1642:c264, f6d593da-3d81-42e7-b927-5f502e16088c:c254, 8d5baa0f-1210-41f1-915f-fdffd8779ee7:c260]
2019-08-23 04:27:11,803 | INFO  | DNAudit | user=null | ip=null | op=WRITE_CHUNK {blockData=conID: 3 locID: 102664400521068625 bcsId: 0} | ret=SUCCESS |  
2019-08-23 04:27:11,803 | INFO  | DNAudit | user=null | ip=null | op=WRITE_CHUNK {blockData=conID: 2 locID: 102664400521199701 bcsId: 0} | ret=SUCCESS |  
2019-08-23 04:27:11,803 [grpc-default-executor-6] INFO  client.GrpcClientProtocolClient (GrpcClientProtocolClient.java:onNext(255)) - client-8C6AA2FA99F1->aaa8e91e-0eca-44f4-ad30-66eff97d1642: receive RaftClientReply:client-8C6AA2FA99F1->aaa8e91e-0eca-44f4-ad30-66eff97d1642@group-C455D70D824C, cid=199, SUCCESS, logIndex=264, commits[aaa8e91e-0eca-44f4-ad30-66eff97d1642:c267, f6d593da-3d81-42e7-b927-5f502e16088c:c259, 8d5baa0f-1210-41f1-915f-fdffd8779ee7:c260]
2019-08-23 04:27:11,803 | INFO  | DNAudit | user=null | ip=null | op=WRITE_CHUNK {blockData=conID: 1 locID: 102664400521199700 bcsId: 0} | ret=SUCCESS |  
2019-08-23 04:27:11,803 | INFO  | DNAudit | user=null | ip=null | op=WRITE_CHUNK {blockData=conID: 1 locID: 102664400522051675 bcsId: 0} | ret=SUCCESS |  
2019-08-23 04:27:11,804 | INFO  | DNAudit | user=null | ip=null | op=WRITE_CHUNK {blockData=conID: 1 locID: 102664400522051675 bcsId: 0} | ret=SUCCESS |  
2019-08-23 04:27:11,804 | INFO  | DNAudit | user=null | ip=null | op=PUT_BLOCK {blockData=[blockId=conID: 3 locID: 102664400521068625 bcsId: 0,size=10240]} | ret=SUCCESS |  
2019-08-23 04:27:11,804 [grpc-default-executor-5] INFO  client.GrpcClientProtocolClient (GrpcClientProtocolClient.java:onNext(255)) - client-8C6AA2FA99F1->aaa8e91e-0eca-44f4-ad30-66eff97d1642: receive RaftClientReply:client-8C6AA2FA99F1->aaa8e91e-0eca-44f4-ad30-66eff97d1642@group-C455D70D824C, cid=200, SUCCESS, logIndex=265, commits[aaa8e91e-0eca-44f4-ad30-66eff97d1642:c267, f6d593da-3d81-42e7-b927-5f502e16088c:c260, 8d5baa0f-1210-41f1-915f-fdffd8779ee7:c260]
2019-08-23 04:27:11,804 | INFO  | DNAudit | user=null | ip=null | op=PUT_BLOCK {blockData=[blockId=conID: 2 locID: 102664400521199701 bcsId: 0,size=10240]} | ret=SUCCESS |  
2019-08-23 04:27:11,804 | INFO  | DNAudit | user=null | ip=null | op=PUT_BLOCK {blockData=[blockId=conID: 1 locID: 102664400521199700 bcsId: 0,size=10240]} | ret=SUCCESS |  
2019-08-23 04:27:11,804 [grpc-default-executor-6] INFO  client.GrpcClientProtocolClient (GrpcClientProtocolClient.java:onNext(255)) - client-8C6AA2FA99F1->aaa8e91e-0eca-44f4-ad30-66eff97d1642: receive RaftClientReply:client-8C6AA2FA99F1->aaa8e91e-0eca-44f4-ad30-66eff97d1642@group-C455D70D824C, cid=201, SUCCESS, logIndex=270, commits[aaa8e91e-0eca-44f4-ad30-66eff97d1642:c275, f6d593da-3d81-42e7-b927-5f502e16088c:c261, 8d5baa0f-1210-41f1-915f-fdffd8779ee7:c260]
2019-08-23 04:27:11,805 [grpc-default-executor-6] INFO  client.GrpcClientProtocolClient (GrpcClientProtocolClient.java:onNext(255)) - client-8C6AA2FA99F1->aaa8e91e-0eca-44f4-ad30-66eff97d1642: receive RaftClientReply:client-8C6AA2FA99F1->aaa8e91e-0eca-44f4-ad30-66eff97d1642@group-C455D70D824C, cid=202, SUCCESS, logIndex=271, commits[aaa8e91e-0eca-44f4-ad30-66eff97d1642:c275, f6d593da-3d81-42e7-b927-5f502e16088c:c261, 8d5baa0f-1210-41f1-915f-fdffd8779ee7:c260]
2019-08-23 04:27:11,805 [grpc-default-executor-6] INFO  client.GrpcClientProtocolClient (GrpcClientProtocolClient.java:onNext(255)) - client-8C6AA2FA99F1->aaa8e91e-0eca-44f4-ad30-66eff97d1642: receive RaftClientReply:client-8C6AA2FA99F1->aaa8e91e-0eca-44f4-ad30-66eff97d1642@group-C455D70D824C, cid=203, SUCCESS, logIndex=272, commits[aaa8e91e-0eca-44f4-ad30-66eff97d1642:c275, f6d593da-3d81-42e7-b927-5f502e16088c:c261, 8d5baa0f-1210-41f1-915f-fdffd8779ee7:c260]
2019-08-23 04:27:11,805 | INFO  | OMAudit | user=jenkins1000 | ip=127.0.0.1 | op=COMMIT_KEY {volume=vol-0-42659, bucket=bucket-0-06613, key=key-3-80080, dataSize=10240, replicationType=null, replicationFactor=null, keyLocationInfo=[{blockID={containerID=2, localID=102664400520740938}, length=10240, offset=0, token=null, pipeline=Pipeline[ Id: 66543a4c-018c-4a46-974e-c455d70d824c, Nodes: f6d593da-3d81-42e7-b927-5f502e16088c{ip: 192.168.36.77, host: pr-hdds-2000-5mb45-3533150274, networkLocation: /default-rack, certSerialId: null}8d5baa0f-1210-41f1-915f-fdffd8779ee7{ip: 192.168.36.77, host: pr-hdds-2000-5mb45-3533150274, networkLocation: /default-rack, certSerialId: null}aaa8e91e-0eca-44f4-ad30-66eff97d1642{ip: 192.168.36.77, host: pr-hdds-2000-5mb45-3533150274, networkLocation: /default-rack, certSerialId: null}, Type:RATIS, Factor:THREE, State:OPEN], createVersion=0}], clientID=102664400520675400} | ret=SUCCESS |  
2019-08-23 04:27:11,805 | INFO  | DNAudit | user=null | ip=null | op=GET_BLOCK {blockData=conID: 1 locID: 102664400507109404 bcsId: 175} | ret=SUCCESS |  
2019-08-23 04:27:11,805 [grpc-default-executor-6] INFO  client.GrpcClientProtocolClient (GrpcClientProtocolClient.java:onNext(255)) - client-8C6AA2FA99F1->aaa8e91e-0eca-44f4-ad30-66eff97d1642: receive RaftClientReply:client-8C6AA2FA99F1->aaa8e91e-0eca-44f4-ad30-66eff97d1642@group-C455D70D824C, cid=204, SUCCESS, logIndex=273, commits[aaa8e91e-0eca-44f4-ad30-66eff97d1642:c275, f6d593da-3d81-42e7-b927-5f502e16088c:c261, 8d5baa0f-1210-41f1-915f-fdffd8779ee7:c260]
2019-08-23 04:27:11,806 [grpc-default-executor-1] INFO  client.GrpcClientProtocolClient (GrpcClientProtocolClient.java:onNext(255)) - client-8C6AA2FA99F1->aaa8e91e-0eca-44f4-ad30-66eff97d1642: receive RaftClientReply:client-8C6AA2FA99F1->aaa8e91e-0eca-44f4-ad30-66eff97d1642@group-C455D70D824C, cid=205, SUCCESS, logIndex=274, commits[aaa8e91e-0eca-44f4-ad30-66eff97d1642:c275, f6d593da-3d81-42e7-b927-5f502e16088c:c261, 8d5baa0f-1210-41f1-915f-fdffd8779ee7:c260]
2019-08-23 04:27:11,806 [grpc-default-executor-1] INFO  client.GrpcClientProtocolClient (GrpcClientProtocolClient.java:onNext(255)) - client-8C6AA2FA99F1->aaa8e91e-0eca-44f4-ad30-66eff97d1642: receive RaftClientReply:client-8C6AA2FA99F1->aaa8e91e-0eca-44f4-ad30-66eff97d1642@group-C455D70D824C, cid=206, SUCCESS, logIndex=275, commits[aaa8e91e-0eca-44f4-ad30-66eff97d1642:c275, f6d593da-3d81-42e7-b927-5f502e16088c:c261, 8d5baa0f-1210-41f1-915f-fdffd8779ee7:c260]
2019-08-23 04:27:11,807 | INFO  | DNAudit | user=null | ip=null | op=READ_CHUNK {blockData=conID: 1 locID: 102664400507109404 bcsId: 175} | ret=SUCCESS |  
2019-08-23 04:27:11,808 | INFO  | SCMAudit | user=jenkins1000 | ip=192.168.36.77 | op=ALLOCATE_BLOCK {owner=0ede6294-5fd7-421b-8eb7-9656e082115f, size=4194304, type=RATIS, factor=THREE} | ret=SUCCESS |  
2019-08-23 04:27:11,809 | INFO  | DNAudit | user=null | ip=null | op=PUT_BLOCK {blockData=[blockId=conID: 3 locID: 102664400520806475 bcsId: 0,size=10240]} | ret=SUCCESS |  
2019-08-23 04:27:11,809 | INFO  | OMAudit | user=jenkins1000 | ip=127.0.0.1 | op=ALLOCATE_KEY {volume=vol-0-42659, bucket=bucket-0-06613, key=key-4-16484, dataSize=10240, replicationType=RATIS, replicationFactor=THREE, keyLocationInfo=null} | ret=SUCCESS |  
2019-08-23 04:27:11,809 [grpc-default-executor-1] INFO  client.GrpcClientProtocolClient (GrpcClientProtocolClient.java:onNext(255)) - client-8C6AA2FA99F1->aaa8e91e-0eca-44f4-ad30-66eff97d1642: receive RaftClientReply:client-8C6AA2FA99F1->aaa8e91e-0eca-44f4-ad30-66eff97d1642@group-C455D70D824C, cid=208, SUCCESS, logIndex=0, commits[aaa8e91e-0eca-44f4-ad30-66eff97d1642:c275, f6d593da-3d81-42e7-b927-5f502e16088c:c261, 8d5baa0f-1210-41f1-915f-fdffd8779ee7:c261]
2019-08-23 04:27:11,810 | INFO  | DNAudit | user=null | ip=null | op=WRITE_CHUNK {blockData=conID: 2 locID: 102664400521003087 bcsId: 0} | ret=SUCCESS |  
2019-08-23 04:27:11,810 | INFO  | DNAudit | user=null | ip=null | op=WRITE_CHUNK {blockData=conID: 3 locID: 102664400521986138 bcsId: 0} | ret=SUCCESS |  
2019-08-23 04:27:11,810 | INFO  | SCMAudit | user=jenkins1000 | ip=192.168.36.77 | op=GET_CONTAINER_WITH_PIPELINE {containerID=#3} | ret=SUCCESS |  
2019-08-23 04:27:11,810 | INFO  | DNAudit | user=null | ip=null | op=WRITE_CHUNK {blockData=conID: 1 locID: 102664400521003086 bcsId: 0} | ret=SUCCESS |  
2019-08-23 04:27:11,811 | INFO  | DNAudit | user=null | ip=null | op=PUT_BLOCK {blockData=[blockId=conID: 2 locID: 102664400521003087 bcsId: 0,size=10240]} | ret=SUCCESS |  
2019-08-23 04:27:11,811 [grpc-default-executor-1] INFO  client.GrpcClientProtocolClient (GrpcClientProtocolClient.java:onNext(255)) - client-8C6AA2FA99F1->aaa8e91e-0eca-44f4-ad30-66eff97d1642: receive RaftClientReply:client-8C6AA2FA99F1->aaa8e91e-0eca-44f4-ad30-66eff97d1642@group-C455D70D824C, cid=209, SUCCESS, logIndex=276, commits[aaa8e91e-0eca-44f4-ad30-66eff97d1642:c277, f6d593da-3d81-42e7-b927-5f502e16088c:c262, 8d5baa0f-1210-41f1-915f-fdffd8779ee7:c261]
2019-08-23 04:27:11,811 | INFO  | OMAudit | user=jenkins1000 | ip=127.0.0.1 | op=READ_KEY {volume=vol-1-20205, bucket=bucket-4-54813, key=key-0-94822, dataSize=0, replicationType=null, replicationFactor=null, keyLocationInfo=null} | ret=SUCCESS |  
2019-08-23 04:27:11,811 | INFO  | DNAudit | user=null | ip=null | op=WRITE_CHUNK {blockData=conID: 3 locID: 102664400521986137 bcsId: 0} | ret=SUCCESS |  
2019-08-23 04:27:11,812 | INFO  | DNAudit | user=null | ip=null | op=WRITE_CHUNK {blockData=conID: 2 locID: 102664400522903645 bcsId: 0} | ret=SUCCESS |  
2019-08-23 04:27:11,812 | INFO  | DNAudit | user=null | ip=null | op=PUT_BLOCK {blockData=[blockId=conID: 3 locID: 102664400521986138 bcsId: 0,size=10240]} | ret=SUCCESS |  
2019-08-23 04:27:11,812 | INFO  | OMAudit | user=jenkins1000 | ip=127.0.0.1 | op=COMMIT_KEY {volume=vol-1-20205, bucket=bucket-0-84326, key=key-3-00723, dataSize=10240, replicationType=null, replicationFactor=null, keyLocationInfo=[{blockID={containerID=3, localID=102664400520806475}, length=10240, offset=0, token=null, pipeline=Pipeline[ Id: 66543a4c-018c-4a46-974e-c455d70d824c, Nodes: f6d593da-3d81-42e7-b927-5f502e16088c{ip: 192.168.36.77, host: pr-hdds-2000-5mb45-3533150274, networkLocation: /default-rack, certSerialId: null}8d5baa0f-1210-41f1-915f-fdffd8779ee7{ip: 192.168.36.77, host: pr-hdds-2000-5mb45-3533150274, networkLocation: /default-rack, certSerialId: null}aaa8e91e-0eca-44f4-ad30-66eff97d1642{ip: 192.168.36.77, host: pr-hdds-2000-5mb45-3533150274, networkLocation: /default-rack, certSerialId: null}, Type:RATIS, Factor:THREE, State:OPEN], createVersion=0}], clientID=102664400520740937} | ret=SUCCESS |  
2019-08-23 04:27:11,812 | INFO  | DNAudit | user=null | ip=null | op=WRITE_CHUNK {blockData=conID: 2 locID: 102664400522903645 bcsId: 0} | ret=SUCCESS |  
2019-08-23 04:27:11,812 [grpc-default-executor-5] INFO  client.GrpcClientProtocolClient (GrpcClientProtocolClient.java:onNext(255)) - client-8C6AA2FA99F1->aaa8e91e-0eca-44f4-ad30-66eff97d1642: receive RaftClientReply:client-8C6AA2FA99F1->aaa8e91e-0eca-44f4-ad30-66eff97d1642@group-C455D70D824C, cid=210, SUCCESS, logIndex=280, commits[aaa8e91e-0eca-44f4-ad30-66eff97d1642:c280, f6d593da-3d81-42e7-b927-5f502e16088c:c264, 8d5baa0f-1210-41f1-915f-fdffd8779ee7:c261]
2019-08-23 04:27:11,812 | INFO  | DNAudit | user=null | ip=null | op=WRITE_CHUNK {blockData=conID: 2 locID: 102664400522903645 bcsId: 0} | ret=SUCCESS |  
2019-08-23 04:27:11,813 [grpc-default-executor-5] INFO  client.GrpcClientProtocolClient (GrpcClientProtocolClient.java:onNext(255)) - client-8C6AA2FA99F1->aaa8e91e-0eca-44f4-ad30-66eff97d1642: receive RaftClientReply:client-8C6AA2FA99F1->aaa8e91e-0eca-44f4-ad30-66eff97d1642@group-C455D70D824C, cid=211, SUCCESS, logIndex=281, commits[aaa8e91e-0eca-44f4-ad30-66eff97d1642:c281, f6d593da-3d81-42e7-b927-5f502e16088c:c264, 8d5baa0f-1210-41f1-915f-fdffd8779ee7:c261]
2019-08-23 04:27:11,813 | INFO  | DNAudit | user=null | ip=null | op=GET_BLOCK {blockData=conID: 3 locID: 102664400507240478 bcsId: 176} | ret=SUCCESS |  
2019-08-23 04:27:11,815 | INFO  | SCMAudit | user=jenkins1000 | ip=192.168.36.77 | op=ALLOCATE_BLOCK {owner=0ede6294-5fd7-421b-8eb7-9656e082115f, size=4194304, type=RATIS, factor=THREE} | ret=SUCCESS |  
2019-08-23 04:27:11,815 | INFO  | OMAudit | user=jenkins1000 | ip=127.0.0.1 | op=ALLOCATE_KEY {volume=vol-1-20205, bucket=bucket-0-84326, key=key-4-27414, dataSize=10240, replicationType=RATIS, replicationFactor=THREE, keyLocationInfo=null} | ret=SUCCESS |  
2019-08-23 04:27:11,816 | INFO  | DNAudit | user=null | ip=null | op=READ_CHUNK {blockData=conID: 3 locID: 102664400507240478 bcsId: 176} | ret=SUCCESS |  
2019-08-23 04:27:11,818 | INFO  | DNAudit | user=null | ip=null | op=WRITE_CHUNK {blockData=conID: 3 locID: 102664400523362399 bcsId: 0} | ret=SUCCESS |  
2019-08-23 04:27:11,818 | INFO  | SCMAudit | user=jenkins1000 | ip=192.168.36.77 | op=GET_CONTAINER_WITH_PIPELINE {containerID=#2} | ret=SUCCESS |  
2019-08-23 04:27:11,818 | INFO  | DNAudit | user=null | ip=null | op=WRITE_CHUNK {blockData=conID: 3 locID: 102664400523362399 bcsId: 0} | ret=SUCCESS |  
2019-08-23 04:27:11,818 | INFO  | DNAudit | user=null | ip=null | op=WRITE_CHUNK {blockData=conID: 3 locID: 102664400523362399 bcsId: 0} | ret=SUCCESS |  
2019-08-23 04:27:11,819 | INFO  | OMAudit | user=jenkins1000 | ip=127.0.0.1 | op=READ_KEY {volume=vol-0-42659, bucket=bucket-0-06613, key=key-1-94341, dataSize=0, replicationType=null, replicationFactor=null, keyLocationInfo=null} | ret=SUCCESS |  
2019-08-23 04:27:11,820 | INFO  | DNAudit | user=null | ip=null | op=WRITE_CHUNK {blockData=conID: 2 locID: 102664400521003087 bcsId: 0} | ret=SUCCESS |  
2019-08-23 04:27:11,820 | INFO  | DNAudit | user=null | ip=null | op=WRITE_CHUNK {blockData=conID: 1 locID: 102664400521003086 bcsId: 0} | ret=SUCCESS |  
2019-08-23 04:27:11,820 | INFO  | DNAudit | user=null | ip=null | op=PUT_BLOCK {blockData=[blockId=conID: 2 locID: 102664400521003087 bcsId: 0,size=10240]} | ret=SUCCESS |  
2019-08-23 04:27:11,820 | INFO  | DNAudit | user=null | ip=null | op=PUT_BLOCK {blockData=[blockId=conID: 1 locID: 102664400521003086 bcsId: 0,size=10240]} | ret=SUCCESS |  
2019-08-23 04:27:11,820 | INFO  | DNAudit | user=null | ip=null | op=WRITE_CHUNK {blockData=conID: 3 locID: 102664400521068625 bcsId: 0} | ret=SUCCESS |  
2019-08-23 04:27:11,821 | INFO  | DNAudit | user=null | ip=null | op=WRITE_CHUNK {blockData=conID: 1 locID: 102664400521199700 bcsId: 0} | ret=SUCCESS |  
2019-08-23 04:27:11,821 [grpc-default-executor-5] INFO  client.GrpcClientProtocolClient (GrpcClientProtocolClient.java:onNext(255)) - client-8C6AA2FA99F1->aaa8e91e-0eca-44f4-ad30-66eff97d1642: receive RaftClientReply:client-8C6AA2FA99F1->aaa8e91e-0eca-44f4-ad30-66eff97d1642@group-C455D70D824C, cid=215, SUCCESS, logIndex=0, commits[aaa8e91e-0eca-44f4-ad30-66eff97d1642:c281, f6d593da-3d81-42e7-b927-5f502e16088c:c264, 8d5baa0f-1210-41f1-915f-fdffd8779ee7:c264]
2019-08-23 04:27:11,821 | INFO  | DNAudit | user=null | ip=null | op=PUT_BLOCK {blockData=[blockId=conID: 3 locID: 102664400521986137 bcsId: 0,size=10240]} | ret=SUCCESS |  
2019-08-23 04:27:11,821 | INFO  | DNAudit | user=null | ip=null | op=WRITE_CHUNK {blockData=conID: 1 locID: 102664400522051675 bcsId: 0} | ret=SUCCESS |  
2019-08-23 04:27:11,821 | INFO  | DNAudit | user=null | ip=null | op=WRITE_CHUNK {blockData=conID: 2 locID: 102664400521199701 bcsId: 0} | ret=SUCCESS |  
2019-08-23 04:27:11,821 | INFO  | DNAudit | user=null | ip=null | op=PUT_BLOCK {blockData=[blockId=conID: 3 locID: 102664400521068625 bcsId: 0,size=10240]} | ret=SUCCESS |  
2019-08-23 04:27:11,821 | INFO  | DNAudit | user=null | ip=null | op=PUT_BLOCK {blockData=[blockId=conID: 1 locID: 102664400521199700 bcsId: 0,size=10240]} | ret=SUCCESS |  
2019-08-23 04:27:11,821 | INFO  | DNAudit | user=null | ip=null | op=GET_BLOCK {blockData=conID: 2 locID: 102664400514318371 bcsId: 191} | ret=SUCCESS |  
2019-08-23 04:27:11,822 | INFO  | DNAudit | user=null | ip=null | op=PUT_BLOCK {blockData=[blockId=conID: 1 locID: 102664400521003086 bcsId: 0,size=10240]} | ret=SUCCESS |  
2019-08-23 04:27:11,828 [grpc-default-executor-5] INFO  client.GrpcClientProtocolClient (GrpcClientProtocolClient.java:onNext(255)) - client-8C6AA2FA99F1->aaa8e91e-0eca-44f4-ad30-66eff97d1642: receive RaftClientReply:client-8C6AA2FA99F1->aaa8e91e-0eca-44f4-ad30-66eff97d1642@group-C455D70D824C, cid=212, SUCCESS, logIndex=282, commits[aaa8e91e-0eca-44f4-ad30-66eff97d1642:c283, f6d593da-3d81-42e7-b927-5f502e16088c:c273, 8d5baa0f-1210-41f1-915f-fdffd8779ee7:c264]
2019-08-23 04:27:11,829 | INFO  | DNAudit | user=null | ip=null | op=PUT_BLOCK {blockData=[blockId=conID: 2 locID: 102664400521199701 bcsId: 0,size=10240]} | ret=SUCCESS |  
2019-08-23 04:27:11,829 | INFO  | DNAudit | user=null | ip=null | op=WRITE_CHUNK {blockData=conID: 3 locID: 102664400521068625 bcsId: 0} | ret=SUCCESS |  
2019-08-23 04:27:11,829 [grpc-default-executor-5] INFO  client.GrpcClientProtocolClient (GrpcClientProtocolClient.java:onNext(255)) - client-8C6AA2FA99F1->aaa8e91e-0eca-44f4-ad30-66eff97d1642: receive RaftClientReply:client-8C6AA2FA99F1->aaa8e91e-0eca-44f4-ad30-66eff97d1642@group-C455D70D824C, cid=213, SUCCESS, logIndex=283, commits[aaa8e91e-0eca-44f4-ad30-66eff97d1642:c283, f6d593da-3d81-42e7-b927-5f502e16088c:c273, 8d5baa0f-1210-41f1-915f-fdffd8779ee7:c264]
2019-08-23 04:27:11,829 | INFO  | DNAudit | user=null | ip=null | op=WRITE_CHUNK {blockData=conID: 1 locID: 102664400521199700 bcsId: 0} | ret=SUCCESS |  
2019-08-23 04:27:11,829 | INFO  | DNAudit | user=null | ip=null | op=WRITE_CHUNK {blockData=conID: 2 locID: 102664400521199701 bcsId: 0} | ret=SUCCESS |  
2019-08-23 04:27:11,829 [grpc-default-executor-6] INFO  client.GrpcClientProtocolClient (GrpcClientProtocolClient.java:onNext(255)) - client-8C6AA2FA99F1->aaa8e91e-0eca-44f4-ad30-66eff97d1642: receive RaftClientReply:client-8C6AA2FA99F1->aaa8e91e-0eca-44f4-ad30-66eff97d1642@group-C455D70D824C, cid=216, SUCCESS, logIndex=0, commits[aaa8e91e-0eca-44f4-ad30-66eff97d1642:c285, f6d593da-3d81-42e7-b927-5f502e16088c:c274, 8d5baa0f-1210-41f1-915f-fdffd8779ee7:c267]
2019-08-23 04:27:11,830 | INFO  | DNAudit | user=null | ip=null | op=PUT_BLOCK {blockData=[blockId=conID: 1 locID: 102664400522051675 bcsId: 0,size=10240]} | ret=SUCCESS |  
2019-08-23 04:27:11,830 | INFO  | DNAudit | user=null | ip=null | op=PUT_BLOCK {blockData=[blockId=conID: 3 locID: 102664400521068625 bcsId: 0,size=10240]} | ret=SUCCESS |  
2019-08-23 04:27:11,830 | INFO  | DNAudit | user=null | ip=null | op=WRITE_CHUNK {blockData=conID: 3 locID: 102664400521986138 bcsId: 0} | ret=SUCCESS |  
2019-08-23 04:27:11,830 | INFO  | DNAudit | user=null | ip=null | op=PUT_BLOCK {blockData=[blockId=conID: 1 locID: 102664400521199700 bcsId: 0,size=10240]} | ret=SUCCESS |  
2019-08-23 04:27:11,830 | INFO  | DNAudit | user=null | ip=null | op=PUT_BLOCK {blockData=[blockId=conID: 2 locID: 102664400521199701 bcsId: 0,size=10240]} | ret=SUCCESS |  
2019-08-23 04:27:11,830 [grpc-default-executor-6] INFO  client.GrpcClientProtocolClient (GrpcClientProtocolClient.java:onNext(255)) - client-8C6AA2FA99F1->aaa8e91e-0eca-44f4-ad30-66eff97d1642: receive RaftClientReply:client-8C6AA2FA99F1->aaa8e91e-0eca-44f4-ad30-66eff97d1642@group-C455D70D824C, cid=217, SUCCESS, logIndex=0, commits[aaa8e91e-0eca-44f4-ad30-66eff97d1642:c287, f6d593da-3d81-42e7-b927-5f502e16088c:c275, 8d5baa0f-1210-41f1-915f-fdffd8779ee7:c273]
2019-08-23 04:27:11,831 [grpc-default-executor-0] INFO  client.GrpcClientProtocolClient (GrpcClientProtocolClient.java:onNext(255)) - client-8C6AA2FA99F1->aaa8e91e-0eca-44f4-ad30-66eff97d1642: receive RaftClientReply:client-8C6AA2FA99F1->aaa8e91e-0eca-44f4-ad30-66eff97d1642@group-C455D70D824C, cid=214, SUCCESS, logIndex=287, commits[aaa8e91e-0eca-44f4-ad30-66eff97d1642:c287, f6d593da-3d81-42e7-b927-5f502e16088c:c275, 8d5baa0f-1210-41f1-915f-fdffd8779ee7:c273]
2019-08-23 04:27:11,831 | INFO  | DNAudit | user=null | ip=null | op=READ_CHUNK {blockData=conID: 2 locID: 102664400514318371 bcsId: 191} | ret=SUCCESS |  
2019-08-23 04:27:11,831 [grpc-default-executor-6] INFO  client.GrpcClientProtocolClient (GrpcClientProtocolClient.java:onNext(255)) - client-8C6AA2FA99F1->aaa8e91e-0eca-44f4-ad30-66eff97d1642: receive RaftClientReply:client-8C6AA2FA99F1->aaa8e91e-0eca-44f4-ad30-66eff97d1642@group-C455D70D824C, cid=218, SUCCESS, logIndex=0, commits[aaa8e91e-0eca-44f4-ad30-66eff97d1642:c287, f6d593da-3d81-42e7-b927-5f502e16088c:c275, 8d5baa0f-1210-41f1-915f-fdffd8779ee7:c273]
2019-08-23 04:27:11,831 | INFO  | OMAudit | user=jenkins1000 | ip=127.0.0.1 | op=COMMIT_KEY {volume=vol-1-20205, bucket=bucket-1-61988, key=key-3-87637, dataSize=10240, replicationType=null, replicationFactor=null, keyLocationInfo=[{blockID={containerID=2, localID=102664400521003087}, length=10240, offset=0, token=null, pipeline=Pipeline[ Id: 66543a4c-018c-4a46-974e-c455d70d824c, Nodes: f6d593da-3d81-42e7-b927-5f502e16088c{ip: 192.168.36.77, host: pr-hdds-2000-5mb45-3533150274, networkLocation: /default-rack, certSerialId: null}8d5baa0f-1210-41f1-915f-fdffd8779ee7{ip: 192.168.36.77, host: pr-hdds-2000-5mb45-3533150274, networkLocation: /default-rack, certSerialId: null}aaa8e91e-0eca-44f4-ad30-66eff97d1642{ip: 192.168.36.77, host: pr-hdds-2000-5mb45-3533150274, networkLocation: /default-rack, certSerialId: null}, Type:RATIS, Factor:THREE, State:OPEN], createVersion=0}], clientID=102664400520937549} | ret=SUCCESS |  
2019-08-23 04:27:11,831 [grpc-default-executor-6] INFO  client.GrpcClientProtocolClient (GrpcClientProtocolClient.java:onNext(255)) - client-8C6AA2FA99F1->aaa8e91e-0eca-44f4-ad30-66eff97d1642: receive RaftClientReply:client-8C6AA2FA99F1->aaa8e91e-0eca-44f4-ad30-66eff97d1642@group-C455D70D824C, cid=219, SUCCESS, logIndex=0, commits[aaa8e91e-0eca-44f4-ad30-66eff97d1642:c288, f6d593da-3d81-42e7-b927-5f502e16088c:c276, 8d5baa0f-1210-41f1-915f-fdffd8779ee7:c275]
2019-08-23 04:27:11,832 | INFO  | OMAudit | user=jenkins1000 | ip=127.0.0.1 | op=COMMIT_KEY {volume=vol-0-42659, bucket=bucket-1-34712, key=key-3-76860, dataSize=10240, replicationType=null, replicationFactor=null, keyLocationInfo=[{blockID={containerID=1, localID=102664400521003086}, length=10240, offset=0, token=null, pipeline=Pipeline[ Id: 66543a4c-018c-4a46-974e-c455d70d824c, Nodes: f6d593da-3d81-42e7-b927-5f502e16088c{ip: 192.168.36.77, host: pr-hdds-2000-5mb45-3533150274, networkLocation: /default-rack, certSerialId: null}8d5baa0f-1210-41f1-915f-fdffd8779ee7{ip: 192.168.36.77, host: pr-hdds-2000-5mb45-3533150274, networkLocation: /default-rack, certSerialId: null}aaa8e91e-0eca-44f4-ad30-66eff97d1642{ip: 192.168.36.77, host: pr-hdds-2000-5mb45-3533150274, networkLocation: /default-rack, certSerialId: null}, Type:RATIS, Factor:THREE, State:OPEN], createVersion=0}], clientID=102664400520937548} | ret=SUCCESS |  
2019-08-23 04:27:11,832 | INFO  | OMAudit | user=jenkins1000 | ip=127.0.0.1 | op=COMMIT_KEY {volume=vol-0-42659, bucket=bucket-2-77083, key=key-3-35706, dataSize=10240, replicationType=null, replicationFactor=null, keyLocationInfo=[{blockID={containerID=3, localID=102664400521068625}, length=10240, offset=0, token=null, pipeline=Pipeline[ Id: 66543a4c-018c-4a46-974e-c455d70d824c, Nodes: f6d593da-3d81-42e7-b927-5f502e16088c{ip: 192.168.36.77, host: pr-hdds-2000-5mb45-3533150274, networkLocation: /default-rack, certSerialId: null}8d5baa0f-1210-41f1-915f-fdffd8779ee7{ip: 192.168.36.77, host: pr-hdds-2000-5mb45-3533150274, networkLocation: /default-rack, certSerialId: null}aaa8e91e-0eca-44f4-ad30-66eff97d1642{ip: 192.168.36.77, host: pr-hdds-2000-5mb45-3533150274, networkLocation: /default-rack, certSerialId: null}, Type:RATIS, Factor:THREE, State:OPEN], createVersion=0}], clientID=102664400521003088} | ret=SUCCESS |  
2019-08-23 04:27:11,833 | INFO  | SCMAudit | user=jenkins1000 | ip=192.168.36.77 | op=GET_CONTAINER_WITH_PIPELINE {containerID=#3} | ret=SUCCESS |  
2019-08-23 04:27:11,833 | INFO  | OMAudit | user=jenkins1000 | ip=127.0.0.1 | op=COMMIT_KEY {volume=vol-1-20205, bucket=bucket-2-67835, key=key-3-90913, dataSize=10240, replicationType=null, replicationFactor=null, keyLocationInfo=[{blockID={containerID=1, localID=102664400521199700}, length=10240, offset=0, token=null, pipeline=Pipeline[ Id: 66543a4c-018c-4a46-974e-c455d70d824c, Nodes: f6d593da-3d81-42e7-b927-5f502e16088c{ip: 192.168.36.77, host: pr-hdds-2000-5mb45-3533150274, networkLocation: /default-rack, certSerialId: null}8d5baa0f-1210-41f1-915f-fdffd8779ee7{ip: 192.168.36.77, host: pr-hdds-2000-5mb45-3533150274, networkLocation: /default-rack, certSerialId: null}aaa8e91e-0eca-44f4-ad30-66eff97d1642{ip: 192.168.36.77, host: pr-hdds-2000-5mb45-3533150274, networkLocation: /default-rack, certSerialId: null}, Type:RATIS, Factor:THREE, State:OPEN], createVersion=0}], clientID=102664400521134162} | ret=SUCCESS |  
2019-08-23 04:27:11,833 | INFO  | OMAudit | user=jenkins1000 | ip=127.0.0.1 | op=COMMIT_KEY {volume=vol-0-42659, bucket=bucket-3-42268, key=key-3-01793, dataSize=10240, replicationType=null, replicationFactor=null, keyLocationInfo=[{blockID={containerID=2, localID=102664400521199701}, length=10240, offset=0, token=null, pipeline=Pipeline[ Id: 66543a4c-018c-4a46-974e-c455d70d824c, Nodes: f6d593da-3d81-42e7-b927-5f502e16088c{ip: 192.168.36.77, host: pr-hdds-2000-5mb45-3533150274, networkLocation: /default-rack, certSerialId: null}8d5baa0f-1210-41f1-915f-fdffd8779ee7{ip: 192.168.36.77, host: pr-hdds-2000-5mb45-3533150274, networkLocation: /default-rack, certSerialId: null}aaa8e91e-0eca-44f4-ad30-66eff97d1642{ip: 192.168.36.77, host: pr-hdds-2000-5mb45-3533150274, networkLocation: /default-rack, certSerialId: null}, Type:RATIS, Factor:THREE, State:OPEN], createVersion=0}], clientID=102664400521134163} | ret=SUCCESS |  
2019-08-23 04:27:11,833 | INFO  | OMAudit | user=jenkins1000 | ip=127.0.0.1 | op=READ_KEY {volume=vol-1-20205, bucket=bucket-0-84326, key=key-1-81951, dataSize=0, replicationType=null, replicationFactor=null, keyLocationInfo=null} | ret=SUCCESS |  
2019-08-23 04:27:11,834 | INFO  | SCMAudit | user=jenkins1000 | ip=192.168.36.77 | op=ALLOCATE_BLOCK {owner=0ede6294-5fd7-421b-8eb7-9656e082115f, size=4194304, type=RATIS, factor=THREE} | ret=SUCCESS |  
2019-08-23 04:27:11,834 | INFO  | SCMAudit | user=jenkins1000 | ip=192.168.36.77 | op=ALLOCATE_BLOCK {owner=0ede6294-5fd7-421b-8eb7-9656e082115f, size=4194304, type=RATIS, factor=THREE} | ret=SUCCESS |  
2019-08-23 04:27:11,834 | INFO  | SCMAudit | user=jenkins1000 | ip=192.168.36.77 | op=ALLOCATE_BLOCK {owner=0ede6294-5fd7-421b-8eb7-9656e082115f, size=4194304, type=RATIS, factor=THREE} | ret=SUCCESS |  
2019-08-23 04:27:11,834 | INFO  | OMAudit | user=jenkins1000 | ip=127.0.0.1 | op=ALLOCATE_KEY {volume=vol-0-42659, bucket=bucket-1-34712, key=key-4-01817, dataSize=10240, replicationType=RATIS, replicationFactor=THREE, keyLocationInfo=null} | ret=SUCCESS |  
2019-08-23 04:27:11,835 | INFO  | SCMAudit | user=jenkins1000 | ip=192.168.36.77 | op=ALLOCATE_BLOCK {owner=0ede6294-5fd7-421b-8eb7-9656e082115f, size=4194304, type=RATIS, factor=THREE} | ret=SUCCESS |  
2019-08-23 04:27:11,835 | INFO  | SCMAudit | user=jenkins1000 | ip=192.168.36.77 | op=ALLOCATE_BLOCK {owner=0ede6294-5fd7-421b-8eb7-9656e082115f, size=4194304, type=RATIS, factor=THREE} | ret=SUCCESS |  
2019-08-23 04:27:11,835 | INFO  | OMAudit | user=jenkins1000 | ip=127.0.0.1 | op=ALLOCATE_KEY {volume=vol-0-42659, bucket=bucket-2-77083, key=key-4-05777, dataSize=10240, replicationType=RATIS, replicationFactor=THREE, keyLocationInfo=null} | ret=SUCCESS |  
2019-08-23 04:27:11,835 | INFO  | OMAudit | user=jenkins1000 | ip=127.0.0.1 | op=ALLOCATE_KEY {volume=vol-1-20205, bucket=bucket-1-61988, key=key-4-96894, dataSize=10240, replicationType=RATIS, replicationFactor=THREE, keyLocationInfo=null} | ret=SUCCESS |  
2019-08-23 04:27:11,835 | INFO  | OMAudit | user=jenkins1000 | ip=127.0.0.1 | op=ALLOCATE_KEY {volume=vol-1-20205, bucket=bucket-2-67835, key=key-4-66358, dataSize=10240, replicationType=RATIS, replicationFactor=THREE, keyLocationInfo=null} | ret=SUCCESS |  
2019-08-23 04:27:11,836 | INFO  | OMAudit | user=jenkins1000 | ip=127.0.0.1 | op=ALLOCATE_KEY {volume=vol-0-42659, bucket=bucket-3-42268, key=key-4-66324, dataSize=10240, replicationType=RATIS, replicationFactor=THREE, keyLocationInfo=null} | ret=SUCCESS |  
2019-08-23 04:27:11,836 | INFO  | DNAudit | user=null | ip=null | op=GET_BLOCK {blockData=conID: 3 locID: 102664400514383910 bcsId: 193} | ret=SUCCESS |  
2019-08-23 04:27:11,837 | INFO  | DNAudit | user=null | ip=null | op=WRITE_CHUNK {blockData=conID: 1 locID: 102664400524607586 bcsId: 0} | ret=SUCCESS |  
2019-08-23 04:27:11,838 | INFO  | DNAudit | user=null | ip=null | op=READ_CHUNK {blockData=conID: 3 locID: 102664400514383910 bcsId: 193} | ret=SUCCESS |  
2019-08-23 04:27:11,838 | INFO  | DNAudit | user=null | ip=null | op=WRITE_CHUNK {blockData=conID: 1 locID: 102664400524607586 bcsId: 0} | ret=SUCCESS |  
2019-08-23 04:27:11,838 | INFO  | DNAudit | user=null | ip=null | op=WRITE_CHUNK {blockData=conID: 1 locID: 102664400524607586 bcsId: 0} | ret=SUCCESS |  
2019-08-23 04:27:11,838 | INFO  | DNAudit | user=null | ip=null | op=WRITE_CHUNK {blockData=conID: 2 locID: 102664400524673126 bcsId: 0} | ret=SUCCESS |  
2019-08-23 04:27:11,838 | INFO  | DNAudit | user=null | ip=null | op=WRITE_CHUNK {blockData=conID: 3 locID: 102664400521986138 bcsId: 0} | ret=SUCCESS |  
2019-08-23 04:27:11,839 | INFO  | DNAudit | user=null | ip=null | op=WRITE_CHUNK {blockData=conID: 3 locID: 102664400524738664 bcsId: 0} | ret=SUCCESS |  
2019-08-23 04:27:11,839 | INFO  | DNAudit | user=null | ip=null | op=WRITE_CHUNK {blockData=conID: 2 locID: 102664400524673126 bcsId: 0} | ret=SUCCESS |  
2019-08-23 04:27:11,839 | INFO  | DNAudit | user=null | ip=null | op=WRITE_CHUNK {blockData=conID: 2 locID: 102664400524673126 bcsId: 0} | ret=SUCCESS |  
2019-08-23 04:27:11,839 | INFO  | DNAudit | user=null | ip=null | op=WRITE_CHUNK {blockData=conID: 1 locID: 102664400524738665 bcsId: 0} | ret=SUCCESS |  
2019-08-23 04:27:11,839 | INFO  | DNAudit | user=null | ip=null | op=WRITE_CHUNK {blockData=conID: 3 locID: 102664400521986137 bcsId: 0} | ret=SUCCESS |  
2019-08-23 04:27:11,839 | INFO  | DNAudit | user=null | ip=null | op=WRITE_CHUNK {blockData=conID: 3 locID: 102664400524738664 bcsId: 0} | ret=SUCCESS |  
2019-08-23 04:27:11,840 | INFO  | DNAudit | user=null | ip=null | op=WRITE_CHUNK {blockData=conID: 2 locID: 102664400522903645 bcsId: 0} | ret=SUCCESS |  
2019-08-23 04:27:11,840 | INFO  | DNAudit | user=null | ip=null | op=WRITE_CHUNK {blockData=conID: 3 locID: 102664400524738664 bcsId: 0} | ret=SUCCESS |  
2019-08-23 04:27:11,840 | INFO  | DNAudit | user=null | ip=null | op=PUT_BLOCK {blockData=[blockId=conID: 3 locID: 102664400521986138 bcsId: 0,size=10240]} | ret=SUCCESS |  
2019-08-23 04:27:11,840 | INFO  | DNAudit | user=null | ip=null | op=WRITE_CHUNK {blockData=conID: 1 locID: 102664400524738665 bcsId: 0} | ret=SUCCESS |  
2019-08-23 04:27:11,840 | INFO  | DNAudit | user=null | ip=null | op=WRITE_CHUNK {blockData=conID: 1 locID: 102664400524738665 bcsId: 0} | ret=SUCCESS |  
2019-08-23 04:27:11,840 | INFO  | SCMAudit | user=jenkins1000 | ip=192.168.36.77 | op=GET_CONTAINER_WITH_PIPELINE {containerID=#2} | ret=SUCCESS |  
2019-08-23 04:27:11,840 | INFO  | DNAudit | user=null | ip=null | op=PUT_BLOCK {blockData=[blockId=conID: 3 locID: 102664400521986137 bcsId: 0,size=10240]} | ret=SUCCESS |  
2019-08-23 04:27:11,840 | INFO  | DNAudit | user=null | ip=null | op=WRITE_CHUNK {blockData=conID: 1 locID: 102664400522051675 bcsId: 0} | ret=SUCCESS |  
2019-08-23 04:27:11,840 | INFO  | DNAudit | user=null | ip=null | op=WRITE_CHUNK {blockData=conID: 3 locID: 102664400521986137 bcsId: 0} | ret=SUCCESS |  
2019-08-23 04:27:11,841 | INFO  | DNAudit | user=null | ip=null | op=WRITE_CHUNK {blockData=conID: 3 locID: 102664400523362399 bcsId: 0} | ret=SUCCESS |  
2019-08-23 04:27:11,841 | INFO  | DNAudit | user=null | ip=null | op=PUT_BLOCK {blockData=[blockId=conID: 2 locID: 102664400522903645 bcsId: 0,size=10240]} | ret=SUCCESS |  
2019-08-23 04:27:11,841 | INFO  | DNAudit | user=null | ip=null | op=PUT_BLOCK {blockData=[blockId=conID: 3 locID: 102664400521986138 bcsId: 0,size=10240]} | ret=SUCCESS |  
2019-08-23 04:27:11,841 | INFO  | OMAudit | user=jenkins1000 | ip=127.0.0.1 | op=READ_KEY {volume=vol-0-42659, bucket=bucket-2-77083, key=key-1-76662, dataSize=0, replicationType=null, replicationFactor=null, keyLocationInfo=null} | ret=SUCCESS |  
2019-08-23 04:27:11,841 | INFO  | DNAudit | user=null | ip=null | op=PUT_BLOCK {blockData=[blockId=conID: 3 locID: 102664400523362399 bcsId: 0,size=10240]} | ret=SUCCESS |  
2019-08-23 04:27:11,841 | INFO  | DNAudit | user=null | ip=null | op=PUT_BLOCK {blockData=[blockId=conID: 1 locID: 102664400522051675 bcsId: 0,size=10240]} | ret=SUCCESS |  
2019-08-23 04:27:11,841 [grpc-default-executor-0] INFO  client.GrpcClientProtocolClient (GrpcClientProtocolClient.java:onNext(255)) - client-8C6AA2FA99F1->aaa8e91e-0eca-44f4-ad30-66eff97d1642: receive RaftClientReply:client-8C6AA2FA99F1->aaa8e91e-0eca-44f4-ad30-66eff97d1642@group-C455D70D824C, cid=220, SUCCESS, logIndex=290, commits[aaa8e91e-0eca-44f4-ad30-66eff97d1642:c290, f6d593da-3d81-42e7-b927-5f502e16088c:c276, 8d5baa0f-1210-41f1-915f-fdffd8779ee7:c281]
2019-08-23 04:27:11,842 [grpc-default-executor-6] INFO  client.GrpcClientProtocolClient (GrpcClientProtocolClient.java:onNext(255)) - client-8C6AA2FA99F1->aaa8e91e-0eca-44f4-ad30-66eff97d1642: receive RaftClientReply:client-8C6AA2FA99F1->aaa8e91e-0eca-44f4-ad30-66eff97d1642@group-C455D70D824C, cid=222, SUCCESS, logIndex=0, commits[aaa8e91e-0eca-44f4-ad30-66eff97d1642:c296, f6d593da-3d81-42e7-b927-5f502e16088c:c281, 8d5baa0f-1210-41f1-915f-fdffd8779ee7:c283]
2019-08-23 04:27:11,842 | INFO  | DNAudit | user=null | ip=null | op=WRITE_CHUNK {blockData=conID: 1 locID: 102664400524607586 bcsId: 0} | ret=SUCCESS |  
2019-08-23 04:27:11,842 | INFO  | DNAudit | user=null | ip=null | op=WRITE_CHUNK {blockData=conID: 2 locID: 102664400524673127 bcsId: 0} | ret=SUCCESS |  
2019-08-23 04:27:11,843 | INFO  | DNAudit | user=null | ip=null | op=PUT_BLOCK {blockData=[blockId=conID: 1 locID: 102664400524607586 bcsId: 0,size=10240]} | ret=SUCCESS |  
2019-08-23 04:27:11,843 | INFO  | DNAudit | user=null | ip=null | op=WRITE_CHUNK {blockData=conID: 2 locID: 102664400524673126 bcsId: 0} | ret=SUCCESS |  
2019-08-23 04:27:11,843 [grpc-default-executor-4] INFO  client.GrpcClientProtocolClient (GrpcClientProtocolClient.java:onNext(255)) - client-8C6AA2FA99F1->aaa8e91e-0eca-44f4-ad30-66eff97d1642: receive RaftClientReply:client-8C6AA2FA99F1->aaa8e91e-0eca-44f4-ad30-66eff97d1642@group-C455D70D824C, cid=221, SUCCESS, logIndex=292, commits[aaa8e91e-0eca-44f4-ad30-66eff97d1642:c296, f6d593da-3d81-42e7-b927-5f502e16088c:c280, 8d5baa0f-1210-41f1-915f-fdffd8779ee7:c283]
2019-08-23 04:27:11,843 | INFO  | DNAudit | user=null | ip=null | op=PUT_BLOCK {blockData=[blockId=conID: 3 locID: 102664400521986137 bcsId: 0,size=10240]} | ret=SUCCESS |  
2019-08-23 04:27:11,843 | INFO  | DNAudit | user=null | ip=null | op=WRITE_CHUNK {blockData=conID: 1 locID: 102664400522051675 bcsId: 0} | ret=SUCCESS |  
2019-08-23 04:27:11,843 | INFO  | DNAudit | user=null | ip=null | op=WRITE_CHUNK {blockData=conID: 2 locID: 102664400524673127 bcsId: 0} | ret=SUCCESS |  
2019-08-23 04:27:11,843 | INFO  | DNAudit | user=null | ip=null | op=GET_BLOCK {blockData=conID: 2 locID: 102664400514449450 bcsId: 196} | ret=SUCCESS |  
2019-08-23 04:27:11,844 | INFO  | DNAudit | user=null | ip=null | op=WRITE_CHUNK {blockData=conID: 2 locID: 102664400524673127 bcsId: 0} | ret=SUCCESS |  
2019-08-23 04:27:11,844 | INFO  | DNAudit | user=null | ip=null | op=WRITE_CHUNK {blockData=conID: 2 locID: 102664400522903645 bcsId: 0} | ret=SUCCESS |  
2019-08-23 04:27:11,844 [grpc-default-executor-0] INFO  client.GrpcClientProtocolClient (GrpcClientProtocolClient.java:onNext(255)) - client-8C6AA2FA99F1->aaa8e91e-0eca-44f4-ad30-66eff97d1642: receive RaftClientReply:client-8C6AA2FA99F1->aaa8e91e-0eca-44f4-ad30-66eff97d1642@group-C455D70D824C, cid=225, SUCCESS, logIndex=0, commits[aaa8e91e-0eca-44f4-ad30-66eff97d1642:c300, f6d593da-3d81-42e7-b927-5f502e16088c:c283, 8d5baa0f-1210-41f1-915f-fdffd8779ee7:c288]
2019-08-23 04:27:11,844 [grpc-default-executor-4] INFO  client.GrpcClientProtocolClient (GrpcClientProtocolClient.java:onNext(255)) - client-8C6AA2FA99F1->aaa8e91e-0eca-44f4-ad30-66eff97d1642: receive RaftClientReply:client-8C6AA2FA99F1->aaa8e91e-0eca-44f4-ad30-66eff97d1642@group-C455D70D824C, cid=223, SUCCESS, logIndex=293, commits[aaa8e91e-0eca-44f4-ad30-66eff97d1642:c296, f6d593da-3d81-42e7-b927-5f502e16088c:c280, 8d5baa0f-1210-41f1-915f-fdffd8779ee7:c283]
2019-08-23 04:27:11,845 | INFO  | DNAudit | user=null | ip=null | op=PUT_BLOCK {blockData=[blockId=conID: 2 locID: 102664400522903645 bcsId: 0,size=10240]} | ret=SUCCESS |  
2019-08-23 04:27:11,845 | INFO  | OMAudit | user=jenkins1000 | ip=127.0.0.1 | op=COMMIT_KEY {volume=vol-0-42659, bucket=bucket-4-88694, key=key-3-42080, dataSize=10240, replicationType=null, replicationFactor=null, keyLocationInfo=[{blockID={containerID=3, localID=102664400521986138}, length=10240, offset=0, token=null, pipeline=Pipeline[ Id: 66543a4c-018c-4a46-974e-c455d70d824c, Nodes: f6d593da-3d81-42e7-b927-5f502e16088c{ip: 192.168.36.77, host: pr-hdds-2000-5mb45-3533150274, networkLocation: /default-rack, certSerialId: null}8d5baa0f-1210-41f1-915f-fdffd8779ee7{ip: 192.168.36.77, host: pr-hdds-2000-5mb45-3533150274, networkLocation: /default-rack, certSerialId: null}aaa8e91e-0eca-44f4-ad30-66eff97d1642{ip: 192.168.36.77, host: pr-hdds-2000-5mb45-3533150274, networkLocation: /default-rack, certSerialId: null}, Type:RATIS, Factor:THREE, State:OPEN], createVersion=0}], clientID=102664400521920599} | ret=SUCCESS |  
2019-08-23 04:27:11,845 | INFO  | DNAudit | user=null | ip=null | op=WRITE_CHUNK {blockData=conID: 3 locID: 102664400523362399 bcsId: 0} | ret=SUCCESS |  
2019-08-23 04:27:11,845 | INFO  | DNAudit | user=null | ip=null | op=WRITE_CHUNK {blockData=conID: 3 locID: 102664400524738664 bcsId: 0} | ret=SUCCESS |  
2019-08-23 04:27:11,845 [grpc-default-executor-5] INFO  client.GrpcClientProtocolClient (GrpcClientProtocolClient.java:onNext(255)) - client-8C6AA2FA99F1->aaa8e91e-0eca-44f4-ad30-66eff97d1642: receive RaftClientReply:client-8C6AA2FA99F1->aaa8e91e-0eca-44f4-ad30-66eff97d1642@group-C455D70D824C, cid=224, SUCCESS, logIndex=294, commits[aaa8e91e-0eca-44f4-ad30-66eff97d1642:c296, f6d593da-3d81-42e7-b927-5f502e16088c:c281, 8d5baa0f-1210-41f1-915f-fdffd8779ee7:c287]
2019-08-23 04:27:11,845 | INFO  | DNAudit | user=null | ip=null | op=PUT_BLOCK {blockData=[blockId=conID: 3 locID: 102664400523362399 bcsId: 0,size=10240]} | ret=SUCCESS |  
2019-08-23 04:27:11,845 [grpc-default-executor-5] INFO  client.GrpcClientProtocolClient (GrpcClientProtocolClient.java:onNext(255)) - client-8C6AA2FA99F1->aaa8e91e-0eca-44f4-ad30-66eff97d1642: receive RaftClientReply:client-8C6AA2FA99F1->aaa8e91e-0eca-44f4-ad30-66eff97d1642@group-C455D70D824C, cid=227, SUCCESS, logIndex=298, commits[aaa8e91e-0eca-44f4-ad30-66eff97d1642:c298, f6d593da-3d81-42e7-b927-5f502e16088c:c281, 8d5baa0f-1210-41f1-915f-fdffd8779ee7:c288]
2019-08-23 04:27:11,846 | INFO  | DNAudit | user=null | ip=null | op=WRITE_CHUNK {blockData=conID: 1 locID: 102664400524738665 bcsId: 0} | ret=SUCCESS |  
2019-08-23 04:27:11,846 | INFO  | DNAudit | user=null | ip=null | op=READ_CHUNK {blockData=conID: 2 locID: 102664400514449450 bcsId: 196} | ret=SUCCESS |  
2019-08-23 04:27:11,846 | INFO  | DNAudit | user=null | ip=null | op=PUT_BLOCK {blockData=[blockId=conID: 2 locID: 102664400524673126 bcsId: 0,size=10240]} | ret=SUCCESS |  
2019-08-23 04:27:11,846 | INFO  | DNAudit | user=null | ip=null | op=PUT_BLOCK {blockData=[blockId=conID: 1 locID: 102664400522051675 bcsId: 0,size=10240]} | ret=SUCCESS |  
2019-08-23 04:27:11,846 | INFO  | DNAudit | user=null | ip=null | op=PUT_BLOCK {blockData=[blockId=conID: 3 locID: 102664400524738664 bcsId: 0,size=10240]} | ret=SUCCESS |  
2019-08-23 04:27:11,846 | INFO  | OMAudit | user=jenkins1000 | ip=127.0.0.1 | op=COMMIT_KEY {volume=vol-1-20205, bucket=bucket-3-54341, key=key-3-56060, dataSize=10240, replicationType=null, replicationFactor=null, keyLocationInfo=[{blockID={containerID=3, localID=102664400521986137}, length=10240, offset=0, token=null, pipeline=Pipeline[ Id: 66543a4c-018c-4a46-974e-c455d70d824c, Nodes: f6d593da-3d81-42e7-b927-5f502e16088c{ip: 192.168.36.77, host: pr-hdds-2000-5mb45-3533150274, networkLocation: /default-rack, certSerialId: null}8d5baa0f-1210-41f1-915f-fdffd8779ee7{ip: 192.168.36.77, host: pr-hdds-2000-5mb45-3533150274, networkLocation: /default-rack, certSerialId: null}aaa8e91e-0eca-44f4-ad30-66eff97d1642{ip: 192.168.36.77, host: pr-hdds-2000-5mb45-3533150274, networkLocation: /default-rack, certSerialId: null}, Type:RATIS, Factor:THREE, State:OPEN], createVersion=0}], clientID=102664400521920598} | ret=SUCCESS |  
2019-08-23 04:27:11,847 [grpc-default-executor-4] INFO  client.GrpcClientProtocolClient (GrpcClientProtocolClient.java:onNext(255)) - client-8C6AA2FA99F1->aaa8e91e-0eca-44f4-ad30-66eff97d1642: receive RaftClientReply:client-8C6AA2FA99F1->aaa8e91e-0eca-44f4-ad30-66eff97d1642@group-C455D70D824C, cid=228, SUCCESS, logIndex=299, commits[aaa8e91e-0eca-44f4-ad30-66eff97d1642:c300, f6d593da-3d81-42e7-b927-5f502e16088c:c281, 8d5baa0f-1210-41f1-915f-fdffd8779ee7:c288]
2019-08-23 04:27:11,847 | INFO  | DNAudit | user=null | ip=null | op=WRITE_CHUNK {blockData=conID: 1 locID: 102664400524607586 bcsId: 0} | ret=SUCCESS |  
2019-08-23 04:27:11,847 | INFO  | DNAudit | user=null | ip=null | op=PUT_BLOCK {blockData=[blockId=conID: 1 locID: 102664400524738665 bcsId: 0,size=10240]} | ret=SUCCESS |  
2019-08-23 04:27:11,847 | INFO  | DNAudit | user=null | ip=null | op=PUT_BLOCK {blockData=[blockId=conID: 1 locID: 102664400524607586 bcsId: 0,size=10240]} | ret=SUCCESS |  
2019-08-23 04:27:11,847 [grpc-default-executor-4] INFO  client.GrpcClientProtocolClient (GrpcClientProtocolClient.java:onNext(255)) - client-8C6AA2FA99F1->aaa8e91e-0eca-44f4-ad30-66eff97d1642: receive RaftClientReply:client-8C6AA2FA99F1->aaa8e91e-0eca-44f4-ad30-66eff97d1642@group-C455D70D824C, cid=229, SUCCESS, logIndex=300, commits[aaa8e91e-0eca-44f4-ad30-66eff97d1642:c300, f6d593da-3d81-42e7-b927-5f502e16088c:c281, 8d5baa0f-1210-41f1-915f-fdffd8779ee7:c288]
2019-08-23 04:27:11,848 | INFO  | SCMAudit | user=jenkins1000 | ip=192.168.36.77 | op=ALLOCATE_BLOCK {owner=0ede6294-5fd7-421b-8eb7-9656e082115f, size=4194304, type=RATIS, factor=THREE} | ret=SUCCESS |  
2019-08-23 04:27:11,848 | INFO  | DNAudit | user=null | ip=null | op=WRITE_CHUNK {blockData=conID: 2 locID: 102664400522903645 bcsId: 0} | ret=SUCCESS |  
2019-08-23 04:27:11,848 [grpc-default-executor-5] INFO  client.GrpcClientProtocolClient (GrpcClientProtocolClient.java:onNext(255)) - client-8C6AA2FA99F1->aaa8e91e-0eca-44f4-ad30-66eff97d1642: receive RaftClientReply:client-8C6AA2FA99F1->aaa8e91e-0eca-44f4-ad30-66eff97d1642@group-C455D70D824C, cid=226, SUCCESS, logIndex=0, commits[aaa8e91e-0eca-44f4-ad30-66eff97d1642:c307, f6d593da-3d81-42e7-b927-5f502e16088c:c287, 8d5baa0f-1210-41f1-915f-fdffd8779ee7:c296]
2019-08-23 04:27:11,848 | INFO  | DNAudit | user=null | ip=null | op=WRITE_CHUNK {blockData=conID: 2 locID: 102664400524673126 bcsId: 0} | ret=SUCCESS |  
2019-08-23 04:27:11,848 [grpc-default-executor-4] INFO  client.GrpcClientProtocolClient (GrpcClientProtocolClient.java:onNext(255)) - client-8C6AA2FA99F1->aaa8e91e-0eca-44f4-ad30-66eff97d1642: receive RaftClientReply:client-8C6AA2FA99F1->aaa8e91e-0eca-44f4-ad30-66eff97d1642@group-C455D70D824C, cid=231, SUCCESS, logIndex=301, commits[aaa8e91e-0eca-44f4-ad30-66eff97d1642:c301, f6d593da-3d81-42e7-b927-5f502e16088c:c283, 8d5baa0f-1210-41f1-915f-fdffd8779ee7:c290]
2019-08-23 04:27:11,848 | INFO  | SCMAudit | user=jenkins1000 | ip=192.168.36.77 | op=ALLOCATE_BLOCK {owner=0ede6294-5fd7-421b-8eb7-9656e082115f, size=4194304, type=RATIS, factor=THREE} | ret=SUCCESS |  
2019-08-23 04:27:11,849 | INFO  | OMAudit | user=jenkins1000 | ip=127.0.0.1 | op=ALLOCATE_KEY {volume=vol-1-20205, bucket=bucket-3-54341, key=key-4-04530, dataSize=10240, replicationType=RATIS, replicationFactor=THREE, keyLocationInfo=null} | ret=SUCCESS |  
2019-08-23 04:27:11,849 | INFO  | DNAudit | user=null | ip=null | op=PUT_BLOCK {blockData=[blockId=conID: 2 locID: 102664400522903645 bcsId: 0,size=10240]} | ret=SUCCESS |  
2019-08-23 04:27:11,849 | INFO  | DNAudit | user=null | ip=null | op=WRITE_CHUNK {blockData=conID: 2 locID: 102664400524673127 bcsId: 0} | ret=SUCCESS |  
2019-08-23 04:27:11,849 | INFO  | DNAudit | user=null | ip=null | op=WRITE_CHUNK {blockData=conID: 3 locID: 102664400523362399 bcsId: 0} | ret=SUCCESS |  
2019-08-23 04:27:11,849 | INFO  | OMAudit | user=jenkins1000 | ip=127.0.0.1 | op=ALLOCATE_KEY {volume=vol-0-42659, bucket=bucket-4-88694, key=key-4-34424, dataSize=10240, replicationType=RATIS, replicationFactor=THREE, keyLocationInfo=null} | ret=SUCCESS |  
2019-08-23 04:27:11,849 | INFO  | SCMAudit | user=jenkins1000 | ip=192.168.36.77 | op=GET_CONTAINER_WITH_PIPELINE {containerID=#2} | ret=SUCCESS |  
2019-08-23 04:27:11,850 | INFO  | DNAudit | user=null | ip=null | op=PUT_BLOCK {blockData=[blockId=conID: 3 locID: 102664400523362399 bcsId: 0,size=10240]} | ret=SUCCESS |  
2019-08-23 04:27:11,850 [grpc-default-executor-4] INFO  client.GrpcClientProtocolClient (GrpcClientProtocolClient.java:onNext(255)) - client-8C6AA2FA99F1->aaa8e91e-0eca-44f4-ad30-66eff97d1642: receive RaftClientReply:client-8C6AA2FA99F1->aaa8e91e-0eca-44f4-ad30-66eff97d1642@group-C455D70D824C, cid=232, SUCCESS, logIndex=302, commits[aaa8e91e-0eca-44f4-ad30-66eff97d1642:c307, f6d593da-3d81-42e7-b927-5f502e16088c:c283, 8d5baa0f-1210-41f1-915f-fdffd8779ee7:c296]
2019-08-23 04:27:11,850 | INFO  | OMAudit | user=jenkins1000 | ip=127.0.0.1 | op=READ_KEY {volume=vol-1-20205, bucket=bucket-1-61988, key=key-1-30016, dataSize=0, replicationType=null, replicationFactor=null, keyLocationInfo=null} | ret=SUCCESS |  
2019-08-23 04:27:11,850 | INFO  | DNAudit | user=null | ip=null | op=PUT_BLOCK {blockData=[blockId=conID: 2 locID: 102664400524673127 bcsId: 0,size=10240]} | ret=SUCCESS |  
2019-08-23 04:27:11,851 | INFO  | DNAudit | user=null | ip=null | op=WRITE_CHUNK {blockData=conID: 1 locID: 102664400524607586 bcsId: 0} | ret=SUCCESS |  
2019-08-23 04:27:11,851 [grpc-default-executor-4] INFO  client.GrpcClientProtocolClient (GrpcClientProtocolClient.java:onNext(255)) - client-8C6AA2FA99F1->aaa8e91e-0eca-44f4-ad30-66eff97d1642: receive RaftClientReply:client-8C6AA2FA99F1->aaa8e91e-0eca-44f4-ad30-66eff97d1642@group-C455D70D824C, cid=233, SUCCESS, logIndex=304, commits[aaa8e91e-0eca-44f4-ad30-66eff97d1642:c307, f6d593da-3d81-42e7-b927-5f502e16088c:c283, 8d5baa0f-1210-41f1-915f-fdffd8779ee7:c296]
2019-08-23 04:27:11,851 [grpc-default-executor-2] INFO  client.GrpcClientProtocolClient (GrpcClientProtocolClient.java:onNext(255)) - client-8C6AA2FA99F1->aaa8e91e-0eca-44f4-ad30-66eff97d1642: receive RaftClientReply:client-8C6AA2FA99F1->aaa8e91e-0eca-44f4-ad30-66eff97d1642@group-C455D70D824C, cid=237, SUCCESS, logIndex=0, commits[aaa8e91e-0eca-44f4-ad30-66eff97d1642:c311, f6d593da-3d81-42e7-b927-5f502e16088c:c294, 8d5baa0f-1210-41f1-915f-fdffd8779ee7:c300]
2019-08-23 04:27:11,851 [grpc-default-executor-1] INFO  client.GrpcClientProtocolClient (GrpcClientProtocolClient.java:onNext(255)) - client-8C6AA2FA99F1->aaa8e91e-0eca-44f4-ad30-66eff97d1642: receive RaftClientReply:client-8C6AA2FA99F1->aaa8e91e-0eca-44f4-ad30-66eff97d1642@group-C455D70D824C, cid=235, SUCCESS, logIndex=306, commits[aaa8e91e-0eca-44f4-ad30-66eff97d1642:c307, f6d593da-3d81-42e7-b927-5f502e16088c:c287, 8d5baa0f-1210-41f1-915f-fdffd8779ee7:c298]
2019-08-23 04:27:11,851 | INFO  | DNAudit | user=null | ip=null | op=WRITE_CHUNK {blockData=conID: 2 locID: 102664400525525099 bcsId: 0} | ret=SUCCESS |  
2019-08-23 04:27:11,851 | INFO  | OMAudit | user=jenkins1000 | ip=127.0.0.1 | op=COMMIT_KEY {volume=vol-1-20205, bucket=bucket-4-54813, key=key-3-30333, dataSize=10240, replicationType=null, replicationFactor=null, keyLocationInfo=[{blockID={containerID=1, localID=102664400522051675}, length=10240, offset=0, token=null, pipeline=Pipeline[ Id: 66543a4c-018c-4a46-974e-c455d70d824c, Nodes: f6d593da-3d81-42e7-b927-5f502e16088c{ip: 192.168.36.77, host: pr-hdds-2000-5mb45-3533150274, networkLocation: /default-rack, certSerialId: null}8d5baa0f-1210-41f1-915f-fdffd8779ee7{ip: 192.168.36.77, host: pr-hdds-2000-5mb45-3533150274, networkLocation: /default-rack, certSerialId: null}aaa8e91e-0eca-44f4-ad30-66eff97d1642{ip: 192.168.36.77, host: pr-hdds-2000-5mb45-3533150274, networkLocation: /default-rack, certSerialId: null}, Type:RATIS, Factor:THREE, State:OPEN], createVersion=0}], clientID=102664400521986136} | ret=SUCCESS |  
2019-08-23 04:27:11,852 [grpc-default-executor-5] INFO  client.GrpcClientProtocolClient (GrpcClientProtocolClient.java:onNext(255)) - client-8C6AA2FA99F1->aaa8e91e-0eca-44f4-ad30-66eff97d1642: receive RaftClientReply:client-8C6AA2FA99F1->aaa8e91e-0eca-44f4-ad30-66eff97d1642@group-C455D70D824C, cid=238, SUCCESS, logIndex=0, commits[aaa8e91e-0eca-44f4-ad30-66eff97d1642:c312, f6d593da-3d81-42e7-b927-5f502e16088c:c294, 8d5baa0f-1210-41f1-915f-fdffd8779ee7:c300]
2019-08-23 04:27:11,852 [grpc-default-executor-1] INFO  client.GrpcClientProtocolClient (GrpcClientProtocolClient.java:onNext(255)) - client-8C6AA2FA99F1->aaa8e91e-0eca-44f4-ad30-66eff97d1642: receive RaftClientReply:client-8C6AA2FA99F1->aaa8e91e-0eca-44f4-ad30-66eff97d1642@group-C455D70D824C, cid=234, SUCCESS, logIndex=307, commits[aaa8e91e-0eca-44f4-ad30-66eff97d1642:c307, f6d593da-3d81-42e7-b927-5f502e16088c:c283, 8d5baa0f-1210-41f1-915f-fdffd8779ee7:c296]
2019-08-23 04:27:11,852 [grpc-default-executor-1] INFO  client.GrpcClientProtocolClient (GrpcClientProtocolClient.java:onNext(255)) - client-8C6AA2FA99F1->aaa8e91e-0eca-44f4-ad30-66eff97d1642: receive RaftClientReply:client-8C6AA2FA99F1->aaa8e91e-0eca-44f4-ad30-66eff97d1642@group-C455D70D824C, cid=230, SUCCESS, logIndex=309, commits[aaa8e91e-0eca-44f4-ad30-66eff97d1642:c311, f6d593da-3d81-42e7-b927-5f502e16088c:c294, 8d5baa0f-1210-41f1-915f-fdffd8779ee7:c300]
2019-08-23 04:27:11,852 | INFO  | DNAudit | user=null | ip=null | op=WRITE_CHUNK {blockData=conID: 2 locID: 102664400525525099 bcsId: 0} | ret=SUCCESS |  
2019-08-23 04:27:11,852 | INFO  | DNAudit | user=null | ip=null | op=GET_BLOCK {blockData=conID: 2 locID: 102664400514449449 bcsId: 197} | ret=SUCCESS |  
2019-08-23 04:27:11,853 | INFO  | DNAudit | user=null | ip=null | op=WRITE_CHUNK {blockData=conID: 3 locID: 102664400525590637 bcsId: 0} | ret=SUCCESS |  
2019-08-23 04:27:11,853 | INFO  | DNAudit | user=null | ip=null | op=WRITE_CHUNK {blockData=conID: 2 locID: 102664400525525099 bcsId: 0} | ret=SUCCESS |  
2019-08-23 04:27:11,853 [grpc-default-executor-0] INFO  client.GrpcClientProtocolClient (GrpcClientProtocolClient.java:onNext(255)) - client-8C6AA2FA99F1->aaa8e91e-0eca-44f4-ad30-66eff97d1642: receive RaftClientReply:client-8C6AA2FA99F1->aaa8e91e-0eca-44f4-ad30-66eff97d1642@group-C455D70D824C, cid=236, SUCCESS, logIndex=312, commits[aaa8e91e-0eca-44f4-ad30-66eff97d1642:c312, f6d593da-3d81-42e7-b927-5f502e16088c:c294, 8d5baa0f-1210-41f1-915f-fdffd8779ee7:c300]
2019-08-23 04:27:11,853 | INFO  | OMAudit | user=jenkins1000 | ip=127.0.0.1 | op=COMMIT_KEY {volume=vol-0-42659, bucket=bucket-0-06613, key=key-4-16484, dataSize=10240, replicationType=null, replicationFactor=null, keyLocationInfo=[{blockID={containerID=2, localID=102664400522903645}, length=10240, offset=0, token=null, pipeline=Pipeline[ Id: 66543a4c-018c-4a46-974e-c455d70d824c, Nodes: f6d593da-3d81-42e7-b927-5f502e16088c{ip: 192.168.36.77, host: pr-hdds-2000-5mb45-3533150274, networkLocation: /default-rack, certSerialId: null}8d5baa0f-1210-41f1-915f-fdffd8779ee7{ip: 192.168.36.77, host: pr-hdds-2000-5mb45-3533150274, networkLocation: /default-rack, certSerialId: null}aaa8e91e-0eca-44f4-ad30-66eff97d1642{ip: 192.168.36.77, host: pr-hdds-2000-5mb45-3533150274, networkLocation: /default-rack, certSerialId: null}, Type:RATIS, Factor:THREE, State:OPEN], createVersion=0}], clientID=102664400522838108} | ret=SUCCESS |  
2019-08-23 04:27:11,853 | INFO  | DNAudit | user=null | ip=null | op=WRITE_CHUNK {blockData=conID: 3 locID: 102664400525590637 bcsId: 0} | ret=SUCCESS |  
2019-08-23 04:27:11,854 | INFO  | DNAudit | user=null | ip=null | op=WRITE_CHUNK {blockData=conID: 3 locID: 102664400525590637 bcsId: 0} | ret=SUCCESS |  
2019-08-23 04:27:11,854 | INFO  | OMAudit | user=jenkins1000 | ip=127.0.0.1 | op=COMMIT_KEY {volume=vol-1-20205, bucket=bucket-0-84326, key=key-4-27414, dataSize=10240, replicationType=null, replicationFactor=null, keyLocationInfo=[{blockID={containerID=3, localID=102664400523362399}, length=10240, offset=0, token=null, pipeline=Pipeline[ Id: 66543a4c-018c-4a46-974e-c455d70d824c, Nodes: f6d593da-3d81-42e7-b927-5f502e16088c{ip: 192.168.36.77, host: pr-hdds-2000-5mb45-3533150274, networkLocation: /default-rack, certSerialId: null}8d5baa0f-1210-41f1-915f-fdffd8779ee7{ip: 192.168.36.77, host: pr-hdds-2000-5mb45-3533150274, networkLocation: /default-rack, certSerialId: null}aaa8e91e-0eca-44f4-ad30-66eff97d1642{ip: 192.168.36.77, host: pr-hdds-2000-5mb45-3533150274, networkLocation: /default-rack, certSerialId: null}, Type:RATIS, Factor:THREE, State:OPEN], createVersion=0}], clientID=102664400523362398} | ret=SUCCESS |  
2019-08-23 04:27:11,854 | INFO  | SCMAudit | user=jenkins1000 | ip=192.168.36.77 | op=ALLOCATE_BLOCK {owner=0ede6294-5fd7-421b-8eb7-9656e082115f, size=4194304, type=RATIS, factor=THREE} | ret=SUCCESS |  
2019-08-23 04:27:11,854 | INFO  | OMAudit | user=jenkins1000 | ip=127.0.0.1 | op=ALLOCATE_KEY {volume=vol-1-20205, bucket=bucket-4-54813, key=key-4-84742, dataSize=10240, replicationType=RATIS, replicationFactor=THREE, keyLocationInfo=null} | ret=SUCCESS |  
2019-08-23 04:27:11,854 | INFO  | DNAudit | user=null | ip=null | op=READ_CHUNK {blockData=conID: 2 locID: 102664400514449449 bcsId: 197} | ret=SUCCESS |  
2019-08-23 04:27:11,855 | INFO  | SCMAudit | user=jenkins1000 | ip=192.168.36.77 | op=ALLOCATE_BLOCK {owner=0ede6294-5fd7-421b-8eb7-9656e082115f, size=4194304, type=RATIS, factor=THREE} | ret=SUCCESS |  
2019-08-23 04:27:11,855 | INFO  | SCMAudit | user=jenkins1000 | ip=192.168.36.77 | op=ALLOCATE_BLOCK {owner=0ede6294-5fd7-421b-8eb7-9656e082115f, size=4194304, type=RATIS, factor=THREE} | ret=SUCCESS |  
2019-08-23 04:27:11,856 | INFO  | OMAudit | user=jenkins1000 | ip=127.0.0.1 | op=ALLOCATE_KEY {volume=vol-0-42659, bucket=bucket-0-06613, key=key-5-94862, dataSize=10240, replicationType=RATIS, replicationFactor=THREE, keyLocationInfo=null} | ret=SUCCESS |  
2019-08-23 04:27:11,856 | INFO  | OMAudit | user=jenkins1000 | ip=127.0.0.1 | op=ALLOCATE_KEY {volume=vol-1-20205, bucket=bucket-0-84326, key=key-5-28083, dataSize=10240, replicationType=RATIS, replicationFactor=THREE, keyLocationInfo=null} | ret=SUCCESS |  
2019-08-23 04:27:11,856 | INFO  | SCMAudit | user=jenkins1000 | ip=192.168.36.77 | op=GET_CONTAINER_WITH_PIPELINE {containerID=#3} | ret=SUCCESS |  
2019-08-23 04:27:11,857 | INFO  | OMAudit | user=jenkins1000 | ip=127.0.0.1 | op=READ_KEY {volume=vol-1-20205, bucket=bucket-2-67835, key=key-1-36315, dataSize=0, replicationType=null, replicationFactor=null, keyLocationInfo=null} | ret=SUCCESS |  
2019-08-23 04:27:11,857 | INFO  | DNAudit | user=null | ip=null | op=WRITE_CHUNK {blockData=conID: 1 locID: 102664400525983855 bcsId: 0} | ret=SUCCESS |  
2019-08-23 04:27:11,857 | INFO  | DNAudit | user=null | ip=null | op=WRITE_CHUNK {blockData=conID: 1 locID: 102664400525983855 bcsId: 0} | ret=SUCCESS |  
2019-08-23 04:27:11,857 | INFO  | DNAudit | user=null | ip=null | op=WRITE_CHUNK {blockData=conID: 1 locID: 102664400525983855 bcsId: 0} | ret=SUCCESS |  
2019-08-23 04:27:11,858 | INFO  | DNAudit | user=null | ip=null | op=WRITE_CHUNK {blockData=conID: 2 locID: 102664400526049394 bcsId: 0} | ret=SUCCESS |  
2019-08-23 04:27:11,858 | INFO  | DNAudit | user=null | ip=null | op=WRITE_CHUNK {blockData=conID: 3 locID: 102664400524738664 bcsId: 0} | ret=SUCCESS |  
2019-08-23 04:27:11,858 | INFO  | DNAudit | user=null | ip=null | op=WRITE_CHUNK {blockData=conID: 1 locID: 102664400524738665 bcsId: 0} | ret=SUCCESS |  
2019-08-23 04:27:11,859 | INFO  | DNAudit | user=null | ip=null | op=GET_BLOCK {blockData=conID: 3 locID: 102664400514646059 bcsId: 201} | ret=SUCCESS |  
2019-08-23 04:27:11,859 | INFO  | DNAudit | user=null | ip=null | op=WRITE_CHUNK {blockData=conID: 2 locID: 102664400526049394 bcsId: 0} | ret=SUCCESS |  
2019-08-23 04:27:11,859 | INFO  | DNAudit | user=null | ip=null | op=PUT_BLOCK {blockData=[blockId=conID: 2 locID: 102664400524673126 bcsId: 0,size=10240]} | ret=SUCCESS |  
2019-08-23 04:27:11,859 | INFO  | DNAudit | user=null | ip=null | op=WRITE_CHUNK {blockData=conID: 2 locID: 102664400526049394 bcsId: 0} | ret=SUCCESS |  
2019-08-23 04:27:11,859 | INFO  | DNAudit | user=null | ip=null | op=WRITE_CHUNK {blockData=conID: 3 locID: 102664400526049395 bcsId: 0} | ret=SUCCESS |  
2019-08-23 04:27:11,859 | INFO  | DNAudit | user=null | ip=null | op=PUT_BLOCK {blockData=[blockId=conID: 1 locID: 102664400524738665 bcsId: 0,size=10240]} | ret=SUCCESS |  
2019-08-23 04:27:11,859 | INFO  | DNAudit | user=null | ip=null | op=PUT_BLOCK {blockData=[blockId=conID: 1 locID: 102664400524607586 bcsId: 0,size=10240]} | ret=SUCCESS |  
2019-08-23 04:27:11,859 | INFO  | DNAudit | user=null | ip=null | op=WRITE_CHUNK {blockData=conID: 2 locID: 102664400524673126 bcsId: 0} | ret=SUCCESS |  
2019-08-23 04:27:11,860 | INFO  | DNAudit | user=null | ip=null | op=PUT_BLOCK {blockData=[blockId=conID: 3 locID: 102664400524738664 bcsId: 0,size=10240]} | ret=SUCCESS |  
2019-08-23 04:27:11,860 | INFO  | DNAudit | user=null | ip=null | op=WRITE_CHUNK {blockData=conID: 3 locID: 102664400524738664 bcsId: 0} | ret=SUCCESS |  
2019-08-23 04:27:11,860 | INFO  | DNAudit | user=null | ip=null | op=WRITE_CHUNK {blockData=conID: 2 locID: 102664400524673127 bcsId: 0} | ret=SUCCESS |  
2019-08-23 04:27:11,860 | INFO  | DNAudit | user=null | ip=null | op=WRITE_CHUNK {blockData=conID: 3 locID: 102664400526049395 bcsId: 0} | ret=SUCCESS |  
2019-08-23 04:27:11,861 | INFO  | DNAudit | user=null | ip=null | op=PUT_BLOCK {blockData=[blockId=conID: 2 locID: 102664400524673127 bcsId: 0,size=10240]} | ret=SUCCESS |  
2019-08-23 04:27:11,861 | INFO  | DNAudit | user=null | ip=null | op=WRITE_CHUNK {blockData=conID: 3 locID: 102664400526049395 bcsId: 0} | ret=SUCCESS |  
2019-08-23 04:27:11,861 [grpc-default-executor-1] INFO  client.GrpcClientProtocolClient (GrpcClientProtocolClient.java:onNext(255)) - client-8C6AA2FA99F1->aaa8e91e-0eca-44f4-ad30-66eff97d1642: receive RaftClientReply:client-8C6AA2FA99F1->aaa8e91e-0eca-44f4-ad30-66eff97d1642@group-C455D70D824C, cid=239, SUCCESS, logIndex=0, commits[aaa8e91e-0eca-44f4-ad30-66eff97d1642:c315, f6d593da-3d81-42e7-b927-5f502e16088c:c299, 8d5baa0f-1210-41f1-915f-fdffd8779ee7:c306]
2019-08-23 04:27:11,861 | INFO  | DNAudit | user=null | ip=null | op=WRITE_CHUNK {blockData=conID: 1 locID: 102664400524738665 bcsId: 0} | ret=SUCCESS |  
2019-08-23 04:27:11,861 | INFO  | DNAudit | user=null | ip=null | op=PUT_BLOCK {blockData=[blockId=conID: 2 locID: 102664400524673126 bcsId: 0,size=10240]} | ret=SUCCESS |  
2019-08-23 04:27:11,861 | INFO  | DNAudit | user=null | ip=null | op=READ_CHUNK {blockData=conID: 3 locID: 102664400514646059 bcsId: 201} | ret=SUCCESS |  
2019-08-23 04:27:11,861 | INFO  | DNAudit | user=null | ip=null | op=PUT_BLOCK {blockData=[blockId=conID: 1 locID: 102664400524738665 bcsId: 0,size=10240]} | ret=SUCCESS |  
2019-08-23 04:27:11,861 | INFO  | DNAudit | user=null | ip=null | op=WRITE_CHUNK {blockData=conID: 2 locID: 102664400525525099 bcsId: 0} | ret=SUCCESS |  
2019-08-23 04:27:11,861 | INFO  | DNAudit | user=null | ip=null | op=WRITE_CHUNK {blockData=conID: 3 locID: 102664400525590637 bcsId: 0} | ret=SUCCESS |  
2019-08-23 04:27:11,862 | INFO  | DNAudit | user=null | ip=null | op=PUT_BLOCK {blockData=[blockId=conID: 3 locID: 102664400524738664 bcsId: 0,size=10240]} | ret=SUCCESS |  
2019-08-23 04:27:11,862 | INFO  | DNAudit | user=null | ip=null | op=PUT_BLOCK {blockData=[blockId=conID: 2 locID: 102664400525525099 bcsId: 0,size=10240]} | ret=SUCCESS |  
2019-08-23 04:27:11,862 [grpc-default-executor-1] INFO  client.GrpcClientProtocolClient (GrpcClientProtocolClient.java:onNext(255)) - client-8C6AA2FA99F1->aaa8e91e-0eca-44f4-ad30-66eff97d1642: receive RaftClientReply:client-8C6AA2FA99F1->aaa8e91e-0eca-44f4-ad30-66eff97d1642@group-C455D70D824C, cid=244, SUCCESS, logIndex=0, commits[aaa8e91e-0eca-44f4-ad30-66eff97d1642:c318, f6d593da-3d81-42e7-b927-5f502e16088c:c306, 8d5baa0f-1210-41f1-915f-fdffd8779ee7:c312]
2019-08-23 04:27:11,862 [grpc-default-executor-4] INFO  client.GrpcClientProtocolClient (GrpcClientProtocolClient.java:onNext(255)) - client-8C6AA2FA99F1->aaa8e91e-0eca-44f4-ad30-66eff97d1642: receive RaftClientReply:client-8C6AA2FA99F1->aaa8e91e-0eca-44f4-ad30-66eff97d1642@group-C455D70D824C, cid=240, SUCCESS, logIndex=318, commits[aaa8e91e-0eca-44f4-ad30-66eff97d1642:c320, f6d593da-3d81-42e7-b927-5f502e16088c:c306, 8d5baa0f-1210-41f1-915f-fdffd8779ee7:c312]
2019-08-23 04:27:11,863 | INFO  | DNAudit | user=null | ip=null | op=PUT_BLOCK {blockData=[blockId=conID: 3 locID: 102664400525590637 bcsId: 0,size=10240]} | ret=SUCCESS |  
2019-08-23 04:27:11,863 | INFO  | DNAudit | user=null | ip=null | op=WRITE_CHUNK {blockData=conID: 1 locID: 102664400525983855 bcsId: 0} | ret=SUCCESS |  
2019-08-23 04:27:11,863 [grpc-default-executor-2] INFO  client.GrpcClientProtocolClient (GrpcClientProtocolClient.java:onNext(255)) - client-8C6AA2FA99F1->aaa8e91e-0eca-44f4-ad30-66eff97d1642: receive RaftClientReply:client-8C6AA2FA99F1->aaa8e91e-0eca-44f4-ad30-66eff97d1642@group-C455D70D824C, cid=245, SUCCESS, logIndex=0, commits[aaa8e91e-0eca-44f4-ad30-66eff97d1642:c319, f6d593da-3d81-42e7-b927-5f502e16088c:c306, 8d5baa0f-1210-41f1-915f-fdffd8779ee7:c312]
2019-08-23 04:27:11,863 | INFO  | DNAudit | user=null | ip=null | op=WRITE_CHUNK {blockData=conID: 2 locID: 102664400524673127 bcsId: 0} | ret=SUCCESS |  
2019-08-23 04:27:11,864 | INFO  | SCMAudit | user=jenkins1000 | ip=192.168.36.77 | op=GET_CONTAINER_WITH_PIPELINE {containerID=#1} | ret=SUCCESS |  
2019-08-23 04:27:11,864 | INFO  | DNAudit | user=null | ip=null | op=PUT_BLOCK {blockData=[blockId=conID: 2 locID: 102664400524673127 bcsId: 0,size=10240]} | ret=SUCCESS |  
2019-08-23 04:27:11,864 [grpc-default-executor-4] INFO  client.GrpcClientProtocolClient (GrpcClientProtocolClient.java:onNext(255)) - client-8C6AA2FA99F1->aaa8e91e-0eca-44f4-ad30-66eff97d1642: receive RaftClientReply:client-8C6AA2FA99F1->aaa8e91e-0eca-44f4-ad30-66eff97d1642@group-C455D70D824C, cid=242, SUCCESS, logIndex=319, commits[aaa8e91e-0eca-44f4-ad30-66eff97d1642:c320, f6d593da-3d81-42e7-b927-5f502e16088c:c306, 8d5baa0f-1210-41f1-915f-fdffd8779ee7:c312]
2019-08-23 04:27:11,864 | INFO  | OMAudit | user=jenkins1000 | ip=127.0.0.1 | op=READ_KEY {volume=vol-0-42659, bucket=bucket-1-34712, key=key-1-92484, dataSize=0, replicationType=null, replicationFactor=null, keyLocationInfo=null} | ret=SUCCESS |  
2019-08-23 04:27:11,865 [grpc-default-executor-2] INFO  client.GrpcClientProtocolClient (GrpcClientProtocolClient.java:onNext(255)) - client-8C6AA2FA99F1->aaa8e91e-0eca-44f4-ad30-66eff97d1642: receive RaftClientReply:client-8C6AA2FA99F1->aaa8e91e-0eca-44f4-ad30-66eff97d1642@group-C455D70D824C, cid=246, SUCCESS, logIndex=0, commits[aaa8e91e-0eca-44f4-ad30-66eff97d1642:c320, f6d593da-3d81-42e7-b927-5f502e16088c:c307, 8d5baa0f-1210-41f1-915f-fdffd8779ee7:c312]
2019-08-23 04:27:11,865 [grpc-default-executor-2] INFO  client.GrpcClientProtocolClient (GrpcClientProtocolClient.java:onNext(255)) - client-8C6AA2FA99F1->aaa8e91e-0eca-44f4-ad30-66eff97d1642: receive RaftClientReply:client-8C6AA2FA99F1->aaa8e91e-0eca-44f4-ad30-66eff97d1642@group-C455D70D824C, cid=247, SUCCESS, logIndex=0, commits[aaa8e91e-0eca-44f4-ad30-66eff97d1642:c322, f6d593da-3d81-42e7-b927-5f502e16088c:c312, 8d5baa0f-1210-41f1-915f-fdffd8779ee7:c312]
2019-08-23 04:27:11,865 | INFO  | OMAudit | user=jenkins1000 | ip=127.0.0.1 | op=COMMIT_KEY {volume=vol-0-42659, bucket=bucket-1-34712, key=key-4-01817, dataSize=10240, replicationType=null, replicationFactor=null, keyLocationInfo=[{blockID={containerID=1, localID=102664400524607586}, length=10240, offset=0, token=null, pipeline=Pipeline[ Id: 66543a4c-018c-4a46-974e-c455d70d824c, Nodes: f6d593da-3d81-42e7-b927-5f502e16088c{ip: 192.168.36.77, host: pr-hdds-2000-5mb45-3533150274, networkLocation: /default-rack, certSerialId: null}8d5baa0f-1210-41f1-915f-fdffd8779ee7{ip: 192.168.36.77, host: pr-hdds-2000-5mb45-3533150274, networkLocation: /default-rack, certSerialId: null}aaa8e91e-0eca-44f4-ad30-66eff97d1642{ip: 192.168.36.77, host: pr-hdds-2000-5mb45-3533150274, networkLocation: /default-rack, certSerialId: null}, Type:RATIS, Factor:THREE, State:OPEN], createVersion=0}], clientID=102664400524542048} | ret=SUCCESS |  
2019-08-23 04:27:11,865 [grpc-default-executor-0] INFO  client.GrpcClientProtocolClient (GrpcClientProtocolClient.java:onNext(255)) - client-8C6AA2FA99F1->aaa8e91e-0eca-44f4-ad30-66eff97d1642: receive RaftClientReply:client-8C6AA2FA99F1->aaa8e91e-0eca-44f4-ad30-66eff97d1642@group-C455D70D824C, cid=241, SUCCESS, logIndex=320, commits[aaa8e91e-0eca-44f4-ad30-66eff97d1642:c320, f6d593da-3d81-42e7-b927-5f502e16088c:c306, 8d5baa0f-1210-41f1-915f-fdffd8779ee7:c312]
2019-08-23 04:27:11,866 | INFO  | DNAudit | user=null | ip=null | op=PUT_BLOCK {blockData=[blockId=conID: 1 locID: 102664400525983855 bcsId: 0,size=10240]} | ret=SUCCESS |  
2019-08-23 04:27:11,866 | INFO  | DNAudit | user=null | ip=null | op=WRITE_CHUNK {blockData=conID: 3 locID: 102664400526049395 bcsId: 0} | ret=SUCCESS |  
2019-08-23 04:27:11,866 | INFO  | DNAudit | user=null | ip=null | op=WRITE_CHUNK {blockData=conID: 2 locID: 102664400526049394 bcsId: 0} | ret=SUCCESS |  
2019-08-23 04:27:11,866 | INFO  | OMAudit | user=jenkins1000 | ip=127.0.0.1 | op=COMMIT_KEY {volume=vol-0-42659, bucket=bucket-2-77083, key=key-4-05777, dataSize=10240, replicationType=null, replicationFactor=null, keyLocationInfo=[{blockID={containerID=2, localID=102664400524673126}, length=10240, offset=0, token=null, pipeline=Pipeline[ Id: 66543a4c-018c-4a46-974e-c455d70d824c, Nodes: f6d593da-3d81-42e7-b927-5f502e16088c{ip: 192.168.36.77, host: pr-hdds-2000-5mb45-3533150274, networkLocation: /default-rack, certSerialId: null}8d5baa0f-1210-41f1-915f-fdffd8779ee7{ip: 192.168.36.77, host: pr-hdds-2000-5mb45-3533150274, networkLocation: /default-rack, certSerialId: null}aaa8e91e-0eca-44f4-ad30-66eff97d1642{ip: 192.168.36.77, host: pr-hdds-2000-5mb45-3533150274, networkLocation: /default-rack, certSerialId: null}, Type:RATIS, Factor:THREE, State:OPEN], createVersion=0}], clientID=102664400524607585} | ret=SUCCESS |  
2019-08-23 04:27:11,867 | INFO  | DNAudit | user=null | ip=null | op=GET_BLOCK {blockData=conID: 1 locID: 102664400514383911 bcsId: 199} | ret=SUCCESS |  
2019-08-23 04:27:11,867 | INFO  | DNAudit | user=null | ip=null | op=WRITE_CHUNK {blockData=conID: 2 locID: 102664400525525099 bcsId: 0} | ret=SUCCESS |  
2019-08-23 04:27:11,867 | INFO  | OMAudit | user=jenkins1000 | ip=127.0.0.1 | op=COMMIT_KEY {volume=vol-0-42659, bucket=bucket-3-42268, key=key-4-66324, dataSize=10240, replicationType=null, replicationFactor=null, keyLocationInfo=[{blockID={containerID=1, localID=102664400524738665}, length=10240, offset=0, token=null, pipeline=Pipeline[ Id: 66543a4c-018c-4a46-974e-c455d70d824c, Nodes: f6d593da-3d81-42e7-b927-5f502e16088c{ip: 192.168.36.77, host: pr-hdds-2000-5mb45-3533150274, networkLocation: /default-rack, certSerialId: null}8d5baa0f-1210-41f1-915f-fdffd8779ee7{ip: 192.168.36.77, host: pr-hdds-2000-5mb45-3533150274, networkLocation: /default-rack, certSerialId: null}aaa8e91e-0eca-44f4-ad30-66eff97d1642{ip: 192.168.36.77, host: pr-hdds-2000-5mb45-3533150274, networkLocation: /default-rack, certSerialId: null}, Type:RATIS, Factor:THREE, State:OPEN], createVersion=0}], clientID=102664400524673125} | ret=SUCCESS |  
2019-08-23 04:27:11,867 | INFO  | DNAudit | user=null | ip=null | op=WRITE_CHUNK {blockData=conID: 3 locID: 102664400525590637 bcsId: 0} | ret=SUCCESS |  
2019-08-23 04:27:11,867 | INFO  | DNAudit | user=null | ip=null | op=PUT_BLOCK {blockData=[blockId=conID: 2 locID: 102664400525525099 bcsId: 0,size=10240]} | ret=SUCCESS |  
2019-08-23 04:27:11,867 | INFO  | DNAudit | user=null | ip=null | op=PUT_BLOCK {blockData=[blockId=conID: 3 locID: 102664400525590637 bcsId: 0,size=10240]} | ret=SUCCESS |  
2019-08-23 04:27:11,867 | INFO  | SCMAudit | user=jenkins1000 | ip=192.168.36.77 | op=ALLOCATE_BLOCK {owner=0ede6294-5fd7-421b-8eb7-9656e082115f, size=4194304, type=RATIS, factor=THREE} | ret=SUCCESS |  
2019-08-23 04:27:11,868 | INFO  | DNAudit | user=null | ip=null | op=PUT_BLOCK {blockData=[blockId=conID: 2 locID: 102664400526049394 bcsId: 0,size=10240]} | ret=SUCCESS |  
2019-08-23 04:27:11,868 [grpc-default-executor-6] INFO  client.GrpcClientProtocolClient (GrpcClientProtocolClient.java:onNext(255)) - client-8C6AA2FA99F1->aaa8e91e-0eca-44f4-ad30-66eff97d1642: receive RaftClientReply:client-8C6AA2FA99F1->aaa8e91e-0eca-44f4-ad30-66eff97d1642@group-C455D70D824C, cid=243, SUCCESS, logIndex=321, commits[aaa8e91e-0eca-44f4-ad30-66eff97d1642:c322, f6d593da-3d81-42e7-b927-5f502e16088c:c307, 8d5baa0f-1210-41f1-915f-fdffd8779ee7:c312]
2019-08-23 04:27:11,868 | INFO  | OMAudit | user=jenkins1000 | ip=127.0.0.1 | op=COMMIT_KEY {volume=vol-1-20205, bucket=bucket-2-67835, key=key-4-66358, dataSize=10240, replicationType=null, replicationFactor=null, keyLocationInfo=[{blockID={containerID=3, localID=102664400524738664}, length=10240, offset=0, token=null, pipeline=Pipeline[ Id: 66543a4c-018c-4a46-974e-c455d70d824c, Nodes: f6d593da-3d81-42e7-b927-5f502e16088c{ip: 192.168.36.77, host: pr-hdds-2000-5mb45-3533150274, networkLocation: /default-rack, certSerialId: null}8d5baa0f-1210-41f1-915f-fdffd8779ee7{ip: 192.168.36.77, host: pr-hdds-2000-5mb45-3533150274, networkLocation: /default-rack, certSerialId: null}aaa8e91e-0eca-44f4-ad30-66eff97d1642{ip: 192.168.36.77, host: pr-hdds-2000-5mb45-3533150274, networkLocation: /default-rack, certSerialId: null}, Type:RATIS, Factor:THREE, State:OPEN], createVersion=0}], clientID=102664400524673124} | ret=SUCCESS |  
2019-08-23 04:27:11,868 | INFO  | DNAudit | user=null | ip=null | op=WRITE_CHUNK {blockData=conID: 2 locID: 102664400525525099 bcsId: 0} | ret=SUCCESS |  
2019-08-23 04:27:11,868 | INFO  | DNAudit | user=null | ip=null | op=PUT_BLOCK {blockData=[blockId=conID: 3 locID: 102664400526049395 bcsId: 0,size=10240]} | ret=SUCCESS |  
2019-08-23 04:27:11,868 | INFO  | DNAudit | user=null | ip=null | op=WRITE_CHUNK {blockData=conID: 1 locID: 102664400525983855 bcsId: 0} | ret=SUCCESS |  
2019-08-23 04:27:11,868 | INFO  | OMAudit | user=jenkins1000 | ip=127.0.0.1 | op=ALLOCATE_KEY {volume=vol-0-42659, bucket=bucket-1-34712, key=key-5-46095, dataSize=10240, replicationType=RATIS, replicationFactor=THREE, keyLocationInfo=null} | ret=SUCCESS |  
2019-08-23 04:27:11,868 [grpc-default-executor-6] INFO  client.GrpcClientProtocolClient (GrpcClientProtocolClient.java:onNext(255)) - client-8C6AA2FA99F1->aaa8e91e-0eca-44f4-ad30-66eff97d1642: receive RaftClientReply:client-8C6AA2FA99F1->aaa8e91e-0eca-44f4-ad30-66eff97d1642@group-C455D70D824C, cid=248, SUCCESS, logIndex=322, commits[aaa8e91e-0eca-44f4-ad30-66eff97d1642:c322, f6d593da-3d81-42e7-b927-5f502e16088c:c307, 8d5baa0f-1210-41f1-915f-fdffd8779ee7:c312]
2019-08-23 04:27:11,869 | INFO  | SCMAudit | user=jenkins1000 | ip=192.168.36.77 | op=ALLOCATE_BLOCK {owner=0ede6294-5fd7-421b-8eb7-9656e082115f, size=4194304, type=RATIS, factor=THREE} | ret=SUCCESS |  
2019-08-23 04:27:11,869 | INFO  | DNAudit | user=null | ip=null | op=PUT_BLOCK {blockData=[blockId=conID: 2 locID: 102664400525525099 bcsId: 0,size=10240]} | ret=SUCCESS |  
2019-08-23 04:27:11,869 | INFO  | DNAudit | user=null | ip=null | op=PUT_BLOCK {blockData=[blockId=conID: 1 locID: 102664400525983855 bcsId: 0,size=10240]} | ret=SUCCESS |  
2019-08-23 04:27:11,869 | INFO  | OMAudit | user=jenkins1000 | ip=127.0.0.1 | op=COMMIT_KEY {volume=vol-1-20205, bucket=bucket-1-61988, key=key-4-96894, dataSize=10240, replicationType=null, replicationFactor=null, keyLocationInfo=[{blockID={containerID=2, localID=102664400524673127}, length=10240, offset=0, token=null, pipeline=Pipeline[ Id: 66543a4c-018c-4a46-974e-c455d70d824c, Nodes: f6d593da-3d81-42e7-b927-5f502e16088c{ip: 192.168.36.77, host: pr-hdds-2000-5mb45-3533150274, networkLocation: /default-rack, certSerialId: null}8d5baa0f-1210-41f1-915f-fdffd8779ee7{ip: 192.168.36.77, host: pr-hdds-2000-5mb45-3533150274, networkLocation: /default-rack, certSerialId: null}aaa8e91e-0eca-44f4-ad30-66eff97d1642{ip: 192.168.36.77, host: pr-hdds-2000-5mb45-3533150274, networkLocation: /default-rack, certSerialId: null}, Type:RATIS, Factor:THREE, State:OPEN], createVersion=0}], clientID=102664400524673123} | ret=SUCCESS |  
2019-08-23 04:27:11,869 | INFO  | DNAudit | user=null | ip=null | op=READ_CHUNK {blockData=conID: 1 locID: 102664400514383911 bcsId: 199} | ret=SUCCESS |  
2019-08-23 04:27:11,869 | INFO  | DNAudit | user=null | ip=null | op=WRITE_CHUNK {blockData=conID: 3 locID: 102664400525590637 bcsId: 0} | ret=SUCCESS |  
2019-08-23 04:27:11,869 | INFO  | SCMAudit | user=jenkins1000 | ip=192.168.36.77 | op=ALLOCATE_BLOCK {owner=0ede6294-5fd7-421b-8eb7-9656e082115f, size=4194304, type=RATIS, factor=THREE} | ret=SUCCESS |  
2019-08-23 04:27:11,869 | INFO  | OMAudit | user=jenkins1000 | ip=127.0.0.1 | op=ALLOCATE_KEY {volume=vol-1-20205, bucket=bucket-1-61988, key=key-5-01954, dataSize=10240, replicationType=RATIS, replicationFactor=THREE, keyLocationInfo=null} | ret=SUCCESS |  
2019-08-23 04:27:11,870 | INFO  | DNAudit | user=null | ip=null | op=WRITE_CHUNK {blockData=conID: 1 locID: 102664400525983855 bcsId: 0} | ret=SUCCESS |  
2019-08-23 04:27:11,870 | INFO  | DNAudit | user=null | ip=null | op=PUT_BLOCK {blockData=[blockId=conID: 3 locID: 102664400525590637 bcsId: 0,size=10240]} | ret=SUCCESS |  
2019-08-23 04:27:11,870 [grpc-default-executor-6] INFO  client.GrpcClientProtocolClient (GrpcClientProtocolClient.java:onNext(255)) - client-8C6AA2FA99F1->aaa8e91e-0eca-44f4-ad30-66eff97d1642: receive RaftClientReply:client-8C6AA2FA99F1->aaa8e91e-0eca-44f4-ad30-66eff97d1642@group-C455D70D824C, cid=249, SUCCESS, logIndex=323, commits[aaa8e91e-0eca-44f4-ad30-66eff97d1642:c326, f6d593da-3d81-42e7-b927-5f502e16088c:c313, 8d5baa0f-1210-41f1-915f-fdffd8779ee7:c312]
2019-08-23 04:27:11,870 | INFO  | DNAudit | user=null | ip=null | op=PUT_BLOCK {blockData=[blockId=conID: 1 locID: 102664400525983855 bcsId: 0,size=10240]} | ret=SUCCESS |  
2019-08-23 04:27:11,870 | INFO  | OMAudit | user=jenkins1000 | ip=127.0.0.1 | op=ALLOCATE_KEY {volume=vol-0-42659, bucket=bucket-2-77083, key=key-5-56391, dataSize=10240, replicationType=RATIS, replicationFactor=THREE, keyLocationInfo=null} | ret=SUCCESS |  
2019-08-23 04:27:11,871 | INFO  | SCMAudit | user=jenkins1000 | ip=192.168.36.77 | op=ALLOCATE_BLOCK {owner=0ede6294-5fd7-421b-8eb7-9656e082115f, size=4194304, type=RATIS, factor=THREE} | ret=SUCCESS |  
2019-08-23 04:27:11,871 [grpc-default-executor-2] INFO  client.GrpcClientProtocolClient (GrpcClientProtocolClient.java:onNext(255)) - client-8C6AA2FA99F1->aaa8e91e-0eca-44f4-ad30-66eff97d1642: receive RaftClientReply:client-8C6AA2FA99F1->aaa8e91e-0eca-44f4-ad30-66eff97d1642@group-C455D70D824C, cid=254, SUCCESS, logIndex=0, commits[aaa8e91e-0eca-44f4-ad30-66eff97d1642:c331, f6d593da-3d81-42e7-b927-5f502e16088c:c319, 8d5baa0f-1210-41f1-915f-fdffd8779ee7:c323]
2019-08-23 04:27:11,871 [grpc-default-executor-5] INFO  client.GrpcClientProtocolClient (GrpcClientProtocolClient.java:onNext(255)) - client-8C6AA2FA99F1->aaa8e91e-0eca-44f4-ad30-66eff97d1642: receive RaftClientReply:client-8C6AA2FA99F1->aaa8e91e-0eca-44f4-ad30-66eff97d1642@group-C455D70D824C, cid=250, SUCCESS, logIndex=324, commits[aaa8e91e-0eca-44f4-ad30-66eff97d1642:c326, f6d593da-3d81-42e7-b927-5f502e16088c:c313, 8d5baa0f-1210-41f1-915f-fdffd8779ee7:c312]
2019-08-23 04:27:11,871 | INFO  | DNAudit | user=null | ip=null | op=WRITE_CHUNK {blockData=conID: 2 locID: 102664400526049394 bcsId: 0} | ret=SUCCESS |  
2019-08-23 04:27:11,871 | INFO  | DNAudit | user=null | ip=null | op=WRITE_CHUNK {blockData=conID: 3 locID: 102664400526049395 bcsId: 0} | ret=SUCCESS |  
2019-08-23 04:27:11,871 | INFO  | SCMAudit | user=jenkins1000 | ip=192.168.36.77 | op=GET_CONTAINER_WITH_PIPELINE {containerID=#2} | ret=SUCCESS |  
2019-08-23 04:27:11,871 | INFO  | DNAudit | user=null | ip=null | op=PUT_BLOCK {blockData=[blockId=conID: 2 locID: 102664400526049394 bcsId: 0,size=10240]} | ret=SUCCESS |  
2019-08-23 04:27:11,871 | INFO  | DNAudit | user=null | ip=null | op=WRITE_CHUNK {blockData=conID: 1 locID: 102664400526835829 bcsId: 0} | ret=SUCCESS |  
2019-08-23 04:27:11,871 | INFO  | SCMAudit | user=jenkins1000 | ip=192.168.36.77 | op=ALLOCATE_BLOCK {owner=0ede6294-5fd7-421b-8eb7-9656e082115f, size=4194304, type=RATIS, factor=THREE} | ret=SUCCESS |  
2019-08-23 04:27:11,871 | INFO  | OMAudit | user=jenkins1000 | ip=127.0.0.1 | op=ALLOCATE_KEY {volume=vol-1-20205, bucket=bucket-2-67835, key=key-5-91093, dataSize=10240, replicationType=RATIS, replicationFactor=THREE, keyLocationInfo=null} | ret=SUCCESS |  
2019-08-23 04:27:11,871 [grpc-default-executor-5] INFO  client.GrpcClientProtocolClient (GrpcClientProtocolClient.java:onNext(255)) - client-8C6AA2FA99F1->aaa8e91e-0eca-44f4-ad30-66eff97d1642: receive RaftClientReply:client-8C6AA2FA99F1->aaa8e91e-0eca-44f4-ad30-66eff97d1642@group-C455D70D824C, cid=251, SUCCESS, logIndex=325, commits[aaa8e91e-0eca-44f4-ad30-66eff97d1642:c326, f6d593da-3d81-42e7-b927-5f502e16088c:c313, 8d5baa0f-1210-41f1-915f-fdffd8779ee7:c312]
2019-08-23 04:27:11,872 | INFO  | OMAudit | user=jenkins1000 | ip=127.0.0.1 | op=READ_KEY {volume=vol-1-20205, bucket=bucket-4-54813, key=key-1-21125, dataSize=0, replicationType=null, replicationFactor=null, keyLocationInfo=null} | ret=SUCCESS |  
2019-08-23 04:27:11,872 [grpc-default-executor-1] INFO  client.GrpcClientProtocolClient (GrpcClientProtocolClient.java:onNext(255)) - client-8C6AA2FA99F1->aaa8e91e-0eca-44f4-ad30-66eff97d1642: receive RaftClientReply:client-8C6AA2FA99F1->aaa8e91e-0eca-44f4-ad30-66eff97d1642@group-C455D70D824C, cid=255, SUCCESS, logIndex=0, commits[aaa8e91e-0eca-44f4-ad30-66eff97d1642:c333, f6d593da-3d81-42e7-b927-5f502e16088c:c321, 8d5baa0f-1210-41f1-915f-fdffd8779ee7:c323]
2019-08-23 04:27:11,872 [grpc-default-executor-2] INFO  client.GrpcClientProtocolClient (GrpcClientProtocolClient.java:onNext(255)) - client-8C6AA2FA99F1->aaa8e91e-0eca-44f4-ad30-66eff97d1642: receive RaftClientReply:client-8C6AA2FA99F1->aaa8e91e-0eca-44f4-ad30-66eff97d1642@group-C455D70D824C, cid=252, SUCCESS, logIndex=326, commits[aaa8e91e-0eca-44f4-ad30-66eff97d1642:c331, f6d593da-3d81-42e7-b927-5f502e16088c:c315, 8d5baa0f-1210-41f1-915f-fdffd8779ee7:c321]
2019-08-23 04:27:11,872 | INFO  | DNAudit | user=null | ip=null | op=WRITE_CHUNK {blockData=conID: 1 locID: 102664400526835829 bcsId: 0} | ret=SUCCESS |  
2019-08-23 04:27:11,872 | INFO  | OMAudit | user=jenkins1000 | ip=127.0.0.1 | op=ALLOCATE_KEY {volume=vol-0-42659, bucket=bucket-3-42268, key=key-5-95500, dataSize=10240, replicationType=RATIS, replicationFactor=THREE, keyLocationInfo=null} | ret=SUCCESS |  
2019-08-23 04:27:11,872 [grpc-default-executor-1] INFO  client.GrpcClientProtocolClient (GrpcClientProtocolClient.java:onNext(255)) - client-8C6AA2FA99F1->aaa8e91e-0eca-44f4-ad30-66eff97d1642: receive RaftClientReply:client-8C6AA2FA99F1->aaa8e91e-0eca-44f4-ad30-66eff97d1642@group-C455D70D824C, cid=253, SUCCESS, logIndex=327, commits[aaa8e91e-0eca-44f4-ad30-66eff97d1642:c331, f6d593da-3d81-42e7-b927-5f502e16088c:c318, 8d5baa0f-1210-41f1-915f-fdffd8779ee7:c321]
2019-08-23 04:27:11,873 [grpc-default-executor-0] INFO  client.GrpcClientProtocolClient (GrpcClientProtocolClient.java:onNext(255)) - client-8C6AA2FA99F1->aaa8e91e-0eca-44f4-ad30-66eff97d1642: receive RaftClientReply:client-8C6AA2FA99F1->aaa8e91e-0eca-44f4-ad30-66eff97d1642@group-C455D70D824C, cid=258, SUCCESS, logIndex=0, commits[aaa8e91e-0eca-44f4-ad30-66eff97d1642:c333, f6d593da-3d81-42e7-b927-5f502e16088c:c323, 8d5baa0f-1210-41f1-915f-fdffd8779ee7:c326]
2019-08-23 04:27:11,873 | INFO  | DNAudit | user=null | ip=null | op=WRITE_CHUNK {blockData=conID: 2 locID: 102664400526901368 bcsId: 0} | ret=SUCCESS |  
2019-08-23 04:27:11,873 | INFO  | DNAudit | user=null | ip=null | op=WRITE_CHUNK {blockData=conID: 1 locID: 102664400526835829 bcsId: 0} | ret=SUCCESS |  
2019-08-23 04:27:11,873 | INFO  | OMAudit | user=jenkins1000 | ip=127.0.0.1 | op=COMMIT_KEY {volume=vol-1-20205, bucket=bucket-3-54341, key=key-4-04530, dataSize=10240, replicationType=null, replicationFactor=null, keyLocationInfo=[{blockID={containerID=2, localID=102664400525525099}, length=10240, offset=0, token=null, pipeline=Pipeline[ Id: 66543a4c-018c-4a46-974e-c455d70d824c, Nodes: f6d593da-3d81-42e7-b927-5f502e16088c{ip: 192.168.36.77, host: pr-hdds-2000-5mb45-3533150274, networkLocation: /default-rack, certSerialId: null}8d5baa0f-1210-41f1-915f-fdffd8779ee7{ip: 192.168.36.77, host: pr-hdds-2000-5mb45-3533150274, networkLocation: /default-rack, certSerialId: null}aaa8e91e-0eca-44f4-ad30-66eff97d1642{ip: 192.168.36.77, host: pr-hdds-2000-5mb45-3533150274, networkLocation: /default-rack, certSerialId: null}, Type:RATIS, Factor:THREE, State:OPEN], createVersion=0}], clientID=102664400525459562} | ret=SUCCESS |  
2019-08-23 04:27:11,874 | INFO  | DNAudit | user=null | ip=null | op=WRITE_CHUNK {blockData=conID: 2 locID: 102664400526901368 bcsId: 0} | ret=SUCCESS |  
2019-08-23 04:27:11,874 | INFO  | DNAudit | user=null | ip=null | op=WRITE_CHUNK {blockData=conID: 2 locID: 102664400526901368 bcsId: 0} | ret=SUCCESS |  
2019-08-23 04:27:11,874 | INFO  | DNAudit | user=null | ip=null | op=WRITE_CHUNK {blockData=conID: 3 locID: 102664400526966905 bcsId: 0} | ret=SUCCESS |  
2019-08-23 04:27:11,874 | INFO  | OMAudit | user=jenkins1000 | ip=127.0.0.1 | op=COMMIT_KEY {volume=vol-0-42659, bucket=bucket-4-88694, key=key-4-34424, dataSize=10240, replicationType=null, replicationFactor=null, keyLocationInfo=[{blockID={containerID=3, localID=102664400525590637}, length=10240, offset=0, token=null, pipeline=Pipeline[ Id: 66543a4c-018c-4a46-974e-c455d70d824c, Nodes: f6d593da-3d81-42e7-b927-5f502e16088c{ip: 192.168.36.77, host: pr-hdds-2000-5mb45-3533150274, networkLocation: /default-rack, certSerialId: null}8d5baa0f-1210-41f1-915f-fdffd8779ee7{ip: 192.168.36.77, host: pr-hdds-2000-5mb45-3533150274, networkLocation: /default-rack, certSerialId: null}aaa8e91e-0eca-44f4-ad30-66eff97d1642{ip: 192.168.36.77, host: pr-hdds-2000-5mb45-3533150274, networkLocation: /default-rack, certSerialId: null}, Type:RATIS, Factor:THREE, State:OPEN], createVersion=0}], clientID=102664400525525100} | ret=SUCCESS |  
2019-08-23 04:27:11,874 | INFO  | DNAudit | user=null | ip=null | op=GET_BLOCK {blockData=conID: 2 locID: 102664400515432497 bcsId: 204} | ret=SUCCESS |  
2019-08-23 04:27:11,874 | INFO  | OMAudit | user=jenkins1000 | ip=127.0.0.1 | op=COMMIT_KEY {volume=vol-1-20205, bucket=bucket-4-54813, key=key-4-84742, dataSize=10240, replicationType=null, replicationFactor=null, keyLocationInfo=[{blockID={containerID=1, localID=102664400525983855}, length=10240, offset=0, token=null, pipeline=Pipeline[ Id: 66543a4c-018c-4a46-974e-c455d70d824c, Nodes: f6d593da-3d81-42e7-b927-5f502e16088c{ip: 192.168.36.77, host: pr-hdds-2000-5mb45-3533150274, networkLocation: /default-rack, certSerialId: null}8d5baa0f-1210-41f1-915f-fdffd8779ee7{ip: 192.168.36.77, host: pr-hdds-2000-5mb45-3533150274, networkLocation: /default-rack, certSerialId: null}aaa8e91e-0eca-44f4-ad30-66eff97d1642{ip: 192.168.36.77, host: pr-hdds-2000-5mb45-3533150274, networkLocation: /default-rack, certSerialId: null}, Type:RATIS, Factor:THREE, State:OPEN], createVersion=0}], clientID=102664400525918318} | ret=SUCCESS |  
2019-08-23 04:27:11,875 | INFO  | DNAudit | user=null | ip=null | op=WRITE_CHUNK {blockData=conID: 1 locID: 102664400527032444 bcsId: 0} | ret=SUCCESS |  
2019-08-23 04:27:11,875 | INFO  | DNAudit | user=null | ip=null | op=WRITE_CHUNK {blockData=conID: 3 locID: 102664400526966905 bcsId: 0} | ret=SUCCESS |  
2019-08-23 04:27:11,875 | INFO  | DNAudit | user=null | ip=null | op=WRITE_CHUNK {blockData=conID: 3 locID: 102664400526966905 bcsId: 0} | ret=SUCCESS |  
2019-08-23 04:27:11,875 | INFO  | SCMAudit | user=jenkins1000 | ip=192.168.36.77 | op=ALLOCATE_BLOCK {owner=0ede6294-5fd7-421b-8eb7-9656e082115f, size=4194304, type=RATIS, factor=THREE} | ret=SUCCESS |  
2019-08-23 04:27:11,876 | INFO  | DNAudit | user=null | ip=null | op=WRITE_CHUNK {blockData=conID: 2 locID: 102664400527097981 bcsId: 0} | ret=SUCCESS |  
2019-08-23 04:27:11,876 | INFO  | DNAudit | user=null | ip=null | op=WRITE_CHUNK {blockData=conID: 1 locID: 102664400527032444 bcsId: 0} | ret=SUCCESS |  
2019-08-23 04:27:11,876 | INFO  | DNAudit | user=null | ip=null | op=WRITE_CHUNK {blockData=conID: 1 locID: 102664400527032444 bcsId: 0} | ret=SUCCESS |  
2019-08-23 04:27:11,876 | INFO  | OMAudit | user=jenkins1000 | ip=127.0.0.1 | op=ALLOCATE_KEY {volume=vol-1-20205, bucket=bucket-3-54341, key=key-5-08289, dataSize=10240, replicationType=RATIS, replicationFactor=THREE, keyLocationInfo=null} | ret=SUCCESS |  
2019-08-23 04:27:11,876 | INFO  | DNAudit | user=null | ip=null | op=WRITE_CHUNK {blockData=conID: 2 locID: 102664400527097981 bcsId: 0} | ret=SUCCESS |  
2019-08-23 04:27:11,876 | INFO  | DNAudit | user=null | ip=null | op=WRITE_CHUNK {blockData=conID: 2 locID: 102664400527097981 bcsId: 0} | ret=SUCCESS |  
2019-08-23 04:27:11,876 | INFO  | SCMAudit | user=jenkins1000 | ip=192.168.36.77 | op=ALLOCATE_BLOCK {owner=0ede6294-5fd7-421b-8eb7-9656e082115f, size=4194304, type=RATIS, factor=THREE} | ret=SUCCESS |  
2019-08-23 04:27:11,876 | INFO  | DNAudit | user=null | ip=null | op=READ_CHUNK {blockData=conID: 2 locID: 102664400515432497 bcsId: 204} | ret=SUCCESS |  
2019-08-23 04:27:11,876 | INFO  | SCMAudit | user=jenkins1000 | ip=192.168.36.77 | op=ALLOCATE_BLOCK {owner=0ede6294-5fd7-421b-8eb7-9656e082115f, size=4194304, type=RATIS, factor=THREE} | ret=SUCCESS |  
2019-08-23 04:27:11,877 | INFO  | OMAudit | user=jenkins1000 | ip=127.0.0.1 | op=ALLOCATE_KEY {volume=vol-0-42659, bucket=bucket-4-88694, key=key-5-65984, dataSize=10240, replicationType=RATIS, replicationFactor=THREE, keyLocationInfo=null} | ret=SUCCESS |  
2019-08-23 04:27:11,877 | INFO  | OMAudit | user=jenkins1000 | ip=127.0.0.1 | op=ALLOCATE_KEY {volume=vol-1-20205, bucket=bucket-4-54813, key=key-5-71891, dataSize=10240, replicationType=RATIS, replicationFactor=THREE, keyLocationInfo=null} | ret=SUCCESS |  
2019-08-23 04:27:11,878 | INFO  | DNAudit | user=null | ip=null | op=WRITE_CHUNK {blockData=conID: 3 locID: 102664400527360127 bcsId: 0} | ret=SUCCESS |  
2019-08-23 04:27:11,879 | INFO  | SCMAudit | user=jenkins1000 | ip=192.168.36.77 | op=GET_CONTAINER_WITH_PIPELINE {containerID=#3} | ret=SUCCESS |  
2019-08-23 04:27:11,879 | INFO  | OMAudit | user=jenkins1000 | ip=127.0.0.1 | op=READ_KEY {volume=vol-1-20205, bucket=bucket-3-54341, key=key-1-21624, dataSize=0, replicationType=null, replicationFactor=null, keyLocationInfo=null} | ret=SUCCESS |  
2019-08-23 04:27:11,879 | INFO  | DNAudit | user=null | ip=null | op=WRITE_CHUNK {blockData=conID: 3 locID: 102664400527360127 bcsId: 0} | ret=SUCCESS |  
2019-08-23 04:27:11,879 | INFO  | DNAudit | user=null | ip=null | op=WRITE_CHUNK {blockData=conID: 3 locID: 102664400527360127 bcsId: 0} | ret=SUCCESS |  
2019-08-23 04:27:11,880 | INFO  | DNAudit | user=null | ip=null | op=WRITE_CHUNK {blockData=conID: 1 locID: 102664400527425666 bcsId: 0} | ret=SUCCESS |  
2019-08-23 04:27:11,881 | INFO  | DNAudit | user=null | ip=null | op=WRITE_CHUNK {blockData=conID: 1 locID: 102664400527425666 bcsId: 0} | ret=SUCCESS |  
2019-08-23 04:27:11,881 | INFO  | DNAudit | user=null | ip=null | op=WRITE_CHUNK {blockData=conID: 1 locID: 102664400527425666 bcsId: 0} | ret=SUCCESS |  
2019-08-23 04:27:11,882 | INFO  | DNAudit | user=null | ip=null | op=GET_BLOCK {blockData=conID: 3 locID: 102664400515432499 bcsId: 215} | ret=SUCCESS |  
2019-08-23 04:27:11,882 | INFO  | DNAudit | user=null | ip=null | op=WRITE_CHUNK {blockData=conID: 2 locID: 102664400527425667 bcsId: 0} | ret=SUCCESS |  
2019-08-23 04:27:11,883 | INFO  | DNAudit | user=null | ip=null | op=WRITE_CHUNK {blockData=conID: 2 locID: 102664400527425667 bcsId: 0} | ret=SUCCESS |  
2019-08-23 04:27:11,883 | INFO  | DNAudit | user=null | ip=null | op=WRITE_CHUNK {blockData=conID: 2 locID: 102664400527425667 bcsId: 0} | ret=SUCCESS |  
2019-08-23 04:27:11,884 | INFO  | DNAudit | user=null | ip=null | op=READ_CHUNK {blockData=conID: 3 locID: 102664400515432499 bcsId: 215} | ret=SUCCESS |  
2019-08-23 04:27:11,886 | INFO  | SCMAudit | user=jenkins1000 | ip=192.168.36.77 | op=GET_CONTAINER_WITH_PIPELINE {containerID=#3} | ret=SUCCESS |  
2019-08-23 04:27:11,887 | INFO  | OMAudit | user=jenkins1000 | ip=127.0.0.1 | op=READ_KEY {volume=vol-0-42659, bucket=bucket-4-88694, key=key-1-19578, dataSize=0, replicationType=null, replicationFactor=null, keyLocationInfo=null} | ret=SUCCESS |  
2019-08-23 04:27:11,889 | INFO  | DNAudit | user=null | ip=null | op=GET_BLOCK {blockData=conID: 3 locID: 102664400515432498 bcsId: 217} | ret=SUCCESS |  
2019-08-23 04:27:11,892 [grpc-default-executor-6] INFO  client.GrpcClientProtocolClient (GrpcClientProtocolClient.java:onNext(255)) - client-8C6AA2FA99F1->aaa8e91e-0eca-44f4-ad30-66eff97d1642: receive RaftClientReply:client-8C6AA2FA99F1->aaa8e91e-0eca-44f4-ad30-66eff97d1642@group-C455D70D824C, cid=263, SUCCESS, logIndex=0, commits[aaa8e91e-0eca-44f4-ad30-66eff97d1642:c334, f6d593da-3d81-42e7-b927-5f502e16088c:c326, 8d5baa0f-1210-41f1-915f-fdffd8779ee7:c326]
2019-08-23 04:27:11,903 | INFO  | DNAudit | user=null | ip=null | op=WRITE_CHUNK {blockData=conID: 2 locID: 102664400526049394 bcsId: 0} | ret=SUCCESS |  
2019-08-23 04:27:11,903 | INFO  | DNAudit | user=null | ip=null | op=WRITE_CHUNK {blockData=conID: 3 locID: 102664400526049395 bcsId: 0} | ret=SUCCESS |  
2019-08-23 04:27:11,903 | INFO  | DNAudit | user=null | ip=null | op=READ_CHUNK {blockData=conID: 3 locID: 102664400515432498 bcsId: 217} | ret=SUCCESS |  
2019-08-23 04:27:11,903 | INFO  | OMAudit | user=jenkins1000 | ip=127.0.0.1 | op=COMMIT_KEY {volume=vol-0-42659, bucket=bucket-0-06613, key=key-5-94862, dataSize=10240, replicationType=null, replicationFactor=null, keyLocationInfo=[{blockID={containerID=2, localID=102664400526049394}, length=10240, offset=0, token=null, pipeline=Pipeline[ Id: 66543a4c-018c-4a46-974e-c455d70d824c, Nodes: f6d593da-3d81-42e7-b927-5f502e16088c{ip: 192.168.36.77, host: pr-hdds-2000-5mb45-3533150274, networkLocation: /default-rack, certSerialId: null}8d5baa0f-1210-41f1-915f-fdffd8779ee7{ip: 192.168.36.77, host: pr-hdds-2000-5mb45-3533150274, networkLocation: /default-rack, certSerialId: null}aaa8e91e-0eca-44f4-ad30-66eff97d1642{ip: 192.168.36.77, host: pr-hdds-2000-5mb45-3533150274, networkLocation: /default-rack, certSerialId: null}, Type:RATIS, Factor:THREE, State:OPEN], createVersion=0}], clientID=102664400525983856} | ret=SUCCESS |  
2019-08-23 04:27:11,903 | INFO  | DNAudit | user=null | ip=null | op=PUT_BLOCK {blockData=[blockId=conID: 2 locID: 102664400526049394 bcsId: 0,size=10240]} | ret=SUCCESS |  
2019-08-23 04:27:11,904 | INFO  | DNAudit | user=null | ip=null | op=PUT_BLOCK {blockData=[blockId=conID: 3 locID: 102664400526049395 bcsId: 0,size=10240]} | ret=SUCCESS |  
2019-08-23 04:27:11,904 | INFO  | DNAudit | user=null | ip=null | op=PUT_BLOCK {blockData=[blockId=conID: 3 locID: 102664400526049395 bcsId: 0,size=10240]} | ret=SUCCESS |  
2019-08-23 04:27:11,905 | INFO  | DNAudit | user=null | ip=null | op=WRITE_CHUNK {blockData=conID: 1 locID: 102664400526835829 bcsId: 0} | ret=SUCCESS |  
2019-08-23 04:27:11,905 | INFO  | SCMAudit | user=jenkins1000 | ip=192.168.36.77 | op=GET_CONTAINER_WITH_PIPELINE {containerID=#1} | ret=SUCCESS |  
2019-08-23 04:27:11,906 | INFO  | OMAudit | user=jenkins1000 | ip=127.0.0.1 | op=READ_KEY {volume=vol-0-42659, bucket=bucket-3-42268, key=key-1-41618, dataSize=0, replicationType=null, replicationFactor=null, keyLocationInfo=null} | ret=SUCCESS |  
2019-08-23 04:27:11,906 [grpc-default-executor-1] INFO  client.GrpcClientProtocolClient (GrpcClientProtocolClient.java:onNext(255)) - client-8C6AA2FA99F1->aaa8e91e-0eca-44f4-ad30-66eff97d1642: receive RaftClientReply:client-8C6AA2FA99F1->aaa8e91e-0eca-44f4-ad30-66eff97d1642@group-C455D70D824C, cid=266, SUCCESS, logIndex=0, commits[aaa8e91e-0eca-44f4-ad30-66eff97d1642:c335, f6d593da-3d81-42e7-b927-5f502e16088c:c333, 8d5baa0f-1210-41f1-915f-fdffd8779ee7:c333]
2019-08-23 04:27:11,906 | INFO  | SCMAudit | user=jenkins1000 | ip=192.168.36.77 | op=ALLOCATE_BLOCK {owner=0ede6294-5fd7-421b-8eb7-9656e082115f, size=4194304, type=RATIS, factor=THREE} | ret=SUCCESS |  
2019-08-23 04:27:11,906 [grpc-default-executor-2] INFO  client.GrpcClientProtocolClient (GrpcClientProtocolClient.java:onNext(255)) - client-8C6AA2FA99F1->aaa8e91e-0eca-44f4-ad30-66eff97d1642: receive RaftClientReply:client-8C6AA2FA99F1->aaa8e91e-0eca-44f4-ad30-66eff97d1642@group-C455D70D824C, cid=256, SUCCESS, logIndex=335, commits[aaa8e91e-0eca-44f4-ad30-66eff97d1642:c335, f6d593da-3d81-42e7-b927-5f502e16088c:c334, 8d5baa0f-1210-41f1-915f-fdffd8779ee7:c333]
2019-08-23 04:27:11,907 | INFO  | OMAudit | user=jenkins1000 | ip=127.0.0.1 | op=ALLOCATE_KEY {volume=vol-0-42659, bucket=bucket-0-06613, key=key-6-75676, dataSize=10240, replicationType=RATIS, replicationFactor=THREE, keyLocationInfo=null} | ret=SUCCESS |  
2019-08-23 04:27:11,908 | INFO  | OMAudit | user=jenkins1000 | ip=127.0.0.1 | op=COMMIT_KEY {volume=vol-1-20205, bucket=bucket-0-84326, key=key-5-28083, dataSize=10240, replicationType=null, replicationFactor=null, keyLocationInfo=[{blockID={containerID=3, localID=102664400526049395}, length=10240, offset=0, token=null, pipeline=Pipeline[ Id: 66543a4c-018c-4a46-974e-c455d70d824c, Nodes: f6d593da-3d81-42e7-b927-5f502e16088c{ip: 192.168.36.77, host: pr-hdds-2000-5mb45-3533150274, networkLocation: /default-rack, certSerialId: null}8d5baa0f-1210-41f1-915f-fdffd8779ee7{ip: 192.168.36.77, host: pr-hdds-2000-5mb45-3533150274, networkLocation: /default-rack, certSerialId: null}aaa8e91e-0eca-44f4-ad30-66eff97d1642{ip: 192.168.36.77, host: pr-hdds-2000-5mb45-3533150274, networkLocation: /default-rack, certSerialId: null}, Type:RATIS, Factor:THREE, State:OPEN], createVersion=0}], clientID=102664400526049393} | ret=SUCCESS |  
2019-08-23 04:27:11,908 | INFO  | DNAudit | user=null | ip=null | op=GET_BLOCK {blockData=conID: 1 locID: 102664400515366960 bcsId: 218} | ret=SUCCESS |  
2019-08-23 04:27:11,909 | INFO  | DNAudit | user=null | ip=null | op=WRITE_CHUNK {blockData=conID: 3 locID: 102664400529391749 bcsId: 0} | ret=SUCCESS |  
2019-08-23 04:27:11,910 | INFO  | DNAudit | user=null | ip=null | op=WRITE_CHUNK {blockData=conID: 3 locID: 102664400529391749 bcsId: 0} | ret=SUCCESS |  
2019-08-23 04:27:11,910 | INFO  | SCMAudit | user=jenkins1000 | ip=192.168.36.77 | op=ALLOCATE_BLOCK {owner=0ede6294-5fd7-421b-8eb7-9656e082115f, size=4194304, type=RATIS, factor=THREE} | ret=SUCCESS |  
2019-08-23 04:27:11,910 | INFO  | DNAudit | user=null | ip=null | op=WRITE_CHUNK {blockData=conID: 3 locID: 102664400529391749 bcsId: 0} | ret=SUCCESS |  
2019-08-23 04:27:11,911 | INFO  | DNAudit | user=null | ip=null | op=READ_CHUNK {blockData=conID: 1 locID: 102664400515366960 bcsId: 218} | ret=SUCCESS |  
2019-08-23 04:27:11,911 | INFO  | OMAudit | user=jenkins1000 | ip=127.0.0.1 | op=ALLOCATE_KEY {volume=vol-1-20205, bucket=bucket-0-84326, key=key-6-85973, dataSize=10240, replicationType=RATIS, replicationFactor=THREE, keyLocationInfo=null} | ret=SUCCESS |  
2019-08-23 04:27:11,912 | INFO  | SCMAudit | user=jenkins1000 | ip=192.168.36.77 | op=GET_CONTAINER_WITH_PIPELINE {containerID=#2} | ret=SUCCESS |  
2019-08-23 04:27:11,913 | INFO  | OMAudit | user=jenkins1000 | ip=127.0.0.1 | op=READ_KEY {volume=vol-1-20205, bucket=bucket-0-84326, key=key-2-09226, dataSize=0, replicationType=null, replicationFactor=null, keyLocationInfo=null} | ret=SUCCESS |  
2019-08-23 04:27:11,914 | INFO  | DNAudit | user=null | ip=null | op=WRITE_CHUNK {blockData=conID: 1 locID: 102664400529653895 bcsId: 0} | ret=SUCCESS |  
2019-08-23 04:27:11,915 | INFO  | DNAudit | user=null | ip=null | op=GET_BLOCK {blockData=conID: 2 locID: 102664400517595191 bcsId: 225} | ret=SUCCESS |  
2019-08-23 04:27:11,929 | INFO  | DNAudit | user=null | ip=null | op=WRITE_CHUNK {blockData=conID: 1 locID: 102664400526835829 bcsId: 0} | ret=SUCCESS |  
2019-08-23 04:27:11,929 | INFO  | DNAudit | user=null | ip=null | op=WRITE_CHUNK {blockData=conID: 1 locID: 102664400529653895 bcsId: 0} | ret=SUCCESS |  
2019-08-23 04:27:11,929 | INFO  | DNAudit | user=null | ip=null | op=WRITE_CHUNK {blockData=conID: 1 locID: 102664400529653895 bcsId: 0} | ret=SUCCESS |  
2019-08-23 04:27:11,929 | INFO  | DNAudit | user=null | ip=null | op=READ_CHUNK {blockData=conID: 2 locID: 102664400517595191 bcsId: 225} | ret=SUCCESS |  
2019-08-23 04:27:11,931 | INFO  | SCMAudit | user=jenkins1000 | ip=192.168.36.77 | op=GET_CONTAINER_WITH_PIPELINE {containerID=#1} | ret=SUCCESS |  
2019-08-23 04:27:11,932 | INFO  | OMAudit | user=jenkins1000 | ip=127.0.0.1 | op=READ_KEY {volume=vol-0-42659, bucket=bucket-0-06613, key=key-2-98710, dataSize=0, replicationType=null, replicationFactor=null, keyLocationInfo=null} | ret=SUCCESS |  
2019-08-23 04:27:11,934 | INFO  | DNAudit | user=null | ip=null | op=GET_BLOCK {blockData=conID: 1 locID: 102664400517529654 bcsId: 227} | ret=SUCCESS |  
2019-08-23 04:27:11,935 | INFO  | DNAudit | user=null | ip=null | op=READ_CHUNK {blockData=conID: 1 locID: 102664400517529654 bcsId: 227} | ret=SUCCESS |  
2019-08-23 04:27:11,937 | INFO  | SCMAudit | user=jenkins1000 | ip=192.168.36.77 | op=GET_CONTAINER_WITH_PIPELINE {containerID=#1} | ret=SUCCESS |  
2019-08-23 04:27:11,938 | INFO  | DNAudit | user=null | ip=null | op=PUT_BLOCK {blockData=[blockId=conID: 1 locID: 102664400526835829 bcsId: 0,size=10240]} | ret=SUCCESS |  
2019-08-23 04:27:11,938 | INFO  | DNAudit | user=null | ip=null | op=WRITE_CHUNK {blockData=conID: 2 locID: 102664400526901368 bcsId: 0} | ret=SUCCESS |  
2019-08-23 04:27:11,938 | INFO  | DNAudit | user=null | ip=null | op=WRITE_CHUNK {blockData=conID: 3 locID: 102664400526966905 bcsId: 0} | ret=SUCCESS |  
2019-08-23 04:27:11,938 | INFO  | OMAudit | user=jenkins1000 | ip=127.0.0.1 | op=READ_KEY {volume=vol-0-42659, bucket=bucket-2-77083, key=key-2-88502, dataSize=0, replicationType=null, replicationFactor=null, keyLocationInfo=null} | ret=SUCCESS |  
2019-08-23 04:27:11,938 | INFO  | DNAudit | user=null | ip=null | op=WRITE_CHUNK {blockData=conID: 1 locID: 102664400527032444 bcsId: 0} | ret=SUCCESS |  
2019-08-23 04:27:11,938 | INFO  | DNAudit | user=null | ip=null | op=PUT_BLOCK {blockData=[blockId=conID: 2 locID: 102664400526901368 bcsId: 0,size=10240]} | ret=SUCCESS |  
2019-08-23 04:27:11,938 | INFO  | DNAudit | user=null | ip=null | op=PUT_BLOCK {blockData=[blockId=conID: 3 locID: 102664400526966905 bcsId: 0,size=10240]} | ret=SUCCESS |  
2019-08-23 04:27:11,938 | INFO  | DNAudit | user=null | ip=null | op=PUT_BLOCK {blockData=[blockId=conID: 1 locID: 102664400527032444 bcsId: 0,size=10240]} | ret=SUCCESS |  
2019-08-23 04:27:11,938 [grpc-default-executor-0] INFO  client.GrpcClientProtocolClient (GrpcClientProtocolClient.java:onNext(255)) - client-8C6AA2FA99F1->aaa8e91e-0eca-44f4-ad30-66eff97d1642: receive RaftClientReply:client-8C6AA2FA99F1->aaa8e91e-0eca-44f4-ad30-66eff97d1642@group-C455D70D824C, cid=257, SUCCESS, logIndex=336, commits[aaa8e91e-0eca-44f4-ad30-66eff97d1642:c350, f6d593da-3d81-42e7-b927-5f502e16088c:c335, 8d5baa0f-1210-41f1-915f-fdffd8779ee7:c334]
2019-08-23 04:27:11,939 | INFO  | DNAudit | user=null | ip=null | op=WRITE_CHUNK {blockData=conID: 2 locID: 102664400527097981 bcsId: 0} | ret=SUCCESS |  
2019-08-23 04:27:11,939 | INFO  | DNAudit | user=null | ip=null | op=WRITE_CHUNK {blockData=conID: 1 locID: 102664400527425666 bcsId: 0} | ret=SUCCESS |  
2019-08-23 04:27:11,939 | INFO  | DNAudit | user=null | ip=null | op=WRITE_CHUNK {blockData=conID: 3 locID: 102664400527360127 bcsId: 0} | ret=SUCCESS |  
2019-08-23 04:27:11,939 [grpc-default-executor-0] INFO  client.GrpcClientProtocolClient (GrpcClientProtocolClient.java:onNext(255)) - client-8C6AA2FA99F1->aaa8e91e-0eca-44f4-ad30-66eff97d1642: receive RaftClientReply:client-8C6AA2FA99F1->aaa8e91e-0eca-44f4-ad30-66eff97d1642@group-C455D70D824C, cid=259, SUCCESS, logIndex=337, commits[aaa8e91e-0eca-44f4-ad30-66eff97d1642:c350, f6d593da-3d81-42e7-b927-5f502e16088c:c335, 8d5baa0f-1210-41f1-915f-fdffd8779ee7:c334]
2019-08-23 04:27:11,939 | INFO  | DNAudit | user=null | ip=null | op=PUT_BLOCK {blockData=[blockId=conID: 2 locID: 102664400527097981 bcsId: 0,size=10240]} | ret=SUCCESS |  
2019-08-23 04:27:11,939 | INFO  | DNAudit | user=null | ip=null | op=PUT_BLOCK {blockData=[blockId=conID: 1 locID: 102664400527425666 bcsId: 0,size=10240]} | ret=SUCCESS |  
2019-08-23 04:27:11,940 [grpc-default-executor-0] INFO  client.GrpcClientProtocolClient (GrpcClientProtocolClient.java:onNext(255)) - client-8C6AA2FA99F1->aaa8e91e-0eca-44f4-ad30-66eff97d1642: receive RaftClientReply:client-8C6AA2FA99F1->aaa8e91e-0eca-44f4-ad30-66eff97d1642@group-C455D70D824C, cid=260, SUCCESS, logIndex=338, commits[aaa8e91e-0eca-44f4-ad30-66eff97d1642:c350, f6d593da-3d81-42e7-b927-5f502e16088c:c335, 8d5baa0f-1210-41f1-915f-fdffd8779ee7:c334]
2019-08-23 04:27:11,940 | INFO  | DNAudit | user=null | ip=null | op=PUT_BLOCK {blockData=[blockId=conID: 3 locID: 102664400527360127 bcsId: 0,size=10240]} | ret=SUCCESS |  
2019-08-23 04:27:11,940 | INFO  | DNAudit | user=null | ip=null | op=GET_BLOCK {blockData=conID: 1 locID: 102664400518447165 bcsId: 231} | ret=SUCCESS |  
2019-08-23 04:27:11,940 | INFO  | DNAudit | user=null | ip=null | op=WRITE_CHUNK {blockData=conID: 2 locID: 102664400527425667 bcsId: 0} | ret=SUCCESS |  
2019-08-23 04:27:11,940 [grpc-default-executor-1] INFO  client.GrpcClientProtocolClient (GrpcClientProtocolClient.java:onNext(255)) - client-8C6AA2FA99F1->aaa8e91e-0eca-44f4-ad30-66eff97d1642: receive RaftClientReply:client-8C6AA2FA99F1->aaa8e91e-0eca-44f4-ad30-66eff97d1642@group-C455D70D824C, cid=261, SUCCESS, logIndex=339, commits[aaa8e91e-0eca-44f4-ad30-66eff97d1642:c350, f6d593da-3d81-42e7-b927-5f502e16088c:c335, 8d5baa0f-1210-41f1-915f-fdffd8779ee7:c334]
2019-08-23 04:27:11,941 | INFO  | DNAudit | user=null | ip=null | op=WRITE_CHUNK {blockData=conID: 1 locID: 102664400526835829 bcsId: 0} | ret=SUCCESS |  
2019-08-23 04:27:11,941 | INFO  | DNAudit | user=null | ip=null | op=PUT_BLOCK {blockData=[blockId=conID: 2 locID: 102664400527425667 bcsId: 0,size=10240]} | ret=SUCCESS |  
2019-08-23 04:27:11,941 | INFO  | DNAudit | user=null | ip=null | op=WRITE_CHUNK {blockData=conID: 3 locID: 102664400529391749 bcsId: 0} | ret=SUCCESS |  
2019-08-23 04:27:11,941 [grpc-default-executor-5] INFO  client.GrpcClientProtocolClient (GrpcClientProtocolClient.java:onNext(255)) - client-8C6AA2FA99F1->aaa8e91e-0eca-44f4-ad30-66eff97d1642: receive RaftClientReply:client-8C6AA2FA99F1->aaa8e91e-0eca-44f4-ad30-66eff97d1642@group-C455D70D824C, cid=262, SUCCESS, logIndex=340, commits[aaa8e91e-0eca-44f4-ad30-66eff97d1642:c350, f6d593da-3d81-42e7-b927-5f502e16088c:c335, 8d5baa0f-1210-41f1-915f-fdffd8779ee7:c334]
2019-08-23 04:27:11,942 | INFO  | DNAudit | user=null | ip=null | op=PUT_BLOCK {blockData=[blockId=conID: 3 locID: 102664400529391749 bcsId: 0,size=10240]} | ret=SUCCESS |  
2019-08-23 04:27:11,942 | INFO  | DNAudit | user=null | ip=null | op=READ_CHUNK {blockData=conID: 1 locID: 102664400518447165 bcsId: 231} | ret=SUCCESS |  
2019-08-23 04:27:11,942 [grpc-default-executor-2] INFO  client.GrpcClientProtocolClient (GrpcClientProtocolClient.java:onNext(255)) - client-8C6AA2FA99F1->aaa8e91e-0eca-44f4-ad30-66eff97d1642: receive RaftClientReply:client-8C6AA2FA99F1->aaa8e91e-0eca-44f4-ad30-66eff97d1642@group-C455D70D824C, cid=264, SUCCESS, logIndex=341, commits[aaa8e91e-0eca-44f4-ad30-66eff97d1642:c350, f6d593da-3d81-42e7-b927-5f502e16088c:c335, 8d5baa0f-1210-41f1-915f-fdffd8779ee7:c334]
2019-08-23 04:27:11,943 | INFO  | DNAudit | user=null | ip=null | op=WRITE_CHUNK {blockData=conID: 1 locID: 102664400529653895 bcsId: 0} | ret=SUCCESS |  
2019-08-23 04:27:11,943 [grpc-default-executor-5] INFO  client.GrpcClientProtocolClient (GrpcClientProtocolClient.java:onNext(255)) - client-8C6AA2FA99F1->aaa8e91e-0eca-44f4-ad30-66eff97d1642: receive RaftClientReply:client-8C6AA2FA99F1->aaa8e91e-0eca-44f4-ad30-66eff97d1642@group-C455D70D824C, cid=265, SUCCESS, logIndex=342, commits[aaa8e91e-0eca-44f4-ad30-66eff97d1642:c350, f6d593da-3d81-42e7-b927-5f502e16088c:c335, 8d5baa0f-1210-41f1-915f-fdffd8779ee7:c334]
2019-08-23 04:27:11,943 [grpc-default-executor-5] INFO  client.GrpcClientProtocolClient (GrpcClientProtocolClient.java:onNext(255)) - client-8C6AA2FA99F1->aaa8e91e-0eca-44f4-ad30-66eff97d1642: receive RaftClientReply:client-8C6AA2FA99F1->aaa8e91e-0eca-44f4-ad30-66eff97d1642@group-C455D70D824C, cid=267, SUCCESS, logIndex=343, commits[aaa8e91e-0eca-44f4-ad30-66eff97d1642:c350, f6d593da-3d81-42e7-b927-5f502e16088c:c335, 8d5baa0f-1210-41f1-915f-fdffd8779ee7:c334]
2019-08-23 04:27:11,944 | INFO  | DNAudit | user=null | ip=null | op=PUT_BLOCK {blockData=[blockId=conID: 1 locID: 102664400529653895 bcsId: 0,size=10240]} | ret=SUCCESS |  
2019-08-23 04:27:11,944 | INFO  | SCMAudit | user=jenkins1000 | ip=192.168.36.77 | op=GET_CONTAINER_WITH_PIPELINE {containerID=#3} | ret=SUCCESS |  
2019-08-23 04:27:11,944 [grpc-default-executor-5] INFO  client.GrpcClientProtocolClient (GrpcClientProtocolClient.java:onNext(255)) - client-8C6AA2FA99F1->aaa8e91e-0eca-44f4-ad30-66eff97d1642: receive RaftClientReply:client-8C6AA2FA99F1->aaa8e91e-0eca-44f4-ad30-66eff97d1642@group-C455D70D824C, cid=268, SUCCESS, logIndex=344, commits[aaa8e91e-0eca-44f4-ad30-66eff97d1642:c350, f6d593da-3d81-42e7-b927-5f502e16088c:c335, 8d5baa0f-1210-41f1-915f-fdffd8779ee7:c334]
2019-08-23 04:27:11,945 | INFO  | OMAudit | user=jenkins1000 | ip=127.0.0.1 | op=READ_KEY {volume=vol-1-20205, bucket=bucket-1-61988, key=key-2-39710, dataSize=0, replicationType=null, replicationFactor=null, keyLocationInfo=null} | ret=SUCCESS |  
2019-08-23 04:27:11,945 [grpc-default-executor-5] INFO  client.GrpcClientProtocolClient (GrpcClientProtocolClient.java:onNext(255)) - client-8C6AA2FA99F1->aaa8e91e-0eca-44f4-ad30-66eff97d1642: receive RaftClientReply:client-8C6AA2FA99F1->aaa8e91e-0eca-44f4-ad30-66eff97d1642@group-C455D70D824C, cid=269, SUCCESS, logIndex=345, commits[aaa8e91e-0eca-44f4-ad30-66eff97d1642:c350, f6d593da-3d81-42e7-b927-5f502e16088c:c335, 8d5baa0f-1210-41f1-915f-fdffd8779ee7:c334]
2019-08-23 04:27:11,946 [grpc-default-executor-6] INFO  client.GrpcClientProtocolClient (GrpcClientProtocolClient.java:onNext(255)) - client-8C6AA2FA99F1->aaa8e91e-0eca-44f4-ad30-66eff97d1642: receive RaftClientReply:client-8C6AA2FA99F1->aaa8e91e-0eca-44f4-ad30-66eff97d1642@group-C455D70D824C, cid=270, SUCCESS, logIndex=346, commits[aaa8e91e-0eca-44f4-ad30-66eff97d1642:c350, f6d593da-3d81-42e7-b927-5f502e16088c:c335, 8d5baa0f-1210-41f1-915f-fdffd8779ee7:c334]
2019-08-23 04:27:11,946 [grpc-default-executor-2] INFO  client.GrpcClientProtocolClient (GrpcClientProtocolClient.java:onNext(255)) - client-8C6AA2FA99F1->aaa8e91e-0eca-44f4-ad30-66eff97d1642: receive RaftClientReply:client-8C6AA2FA99F1->aaa8e91e-0eca-44f4-ad30-66eff97d1642@group-C455D70D824C, cid=271, SUCCESS, logIndex=347, commits[aaa8e91e-0eca-44f4-ad30-66eff97d1642:c350, f6d593da-3d81-42e7-b927-5f502e16088c:c335, 8d5baa0f-1210-41f1-915f-fdffd8779ee7:c334]
2019-08-23 04:27:11,947 | INFO  | DNAudit | user=null | ip=null | op=GET_BLOCK {blockData=conID: 3 locID: 102664400518447164 bcsId: 229} | ret=SUCCESS |  
2019-08-23 04:27:11,947 [grpc-default-executor-5] INFO  client.GrpcClientProtocolClient (GrpcClientProtocolClient.java:onNext(255)) - client-8C6AA2FA99F1->aaa8e91e-0eca-44f4-ad30-66eff97d1642: receive RaftClientReply:client-8C6AA2FA99F1->aaa8e91e-0eca-44f4-ad30-66eff97d1642@group-C455D70D824C, cid=272, SUCCESS, logIndex=348, commits[aaa8e91e-0eca-44f4-ad30-66eff97d1642:c350, f6d593da-3d81-42e7-b927-5f502e16088c:c335, 8d5baa0f-1210-41f1-915f-fdffd8779ee7:c334]
2019-08-23 04:27:11,948 [grpc-default-executor-5] INFO  client.GrpcClientProtocolClient (GrpcClientProtocolClient.java:onNext(255)) - client-8C6AA2FA99F1->aaa8e91e-0eca-44f4-ad30-66eff97d1642: receive RaftClientReply:client-8C6AA2FA99F1->aaa8e91e-0eca-44f4-ad30-66eff97d1642@group-C455D70D824C, cid=273, SUCCESS, logIndex=349, commits[aaa8e91e-0eca-44f4-ad30-66eff97d1642:c350, f6d593da-3d81-42e7-b927-5f502e16088c:c335, 8d5baa0f-1210-41f1-915f-fdffd8779ee7:c334]
2019-08-23 04:27:11,948 [grpc-default-executor-5] INFO  client.GrpcClientProtocolClient (GrpcClientProtocolClient.java:onNext(255)) - client-8C6AA2FA99F1->aaa8e91e-0eca-44f4-ad30-66eff97d1642: receive RaftClientReply:client-8C6AA2FA99F1->aaa8e91e-0eca-44f4-ad30-66eff97d1642@group-C455D70D824C, cid=274, SUCCESS, logIndex=350, commits[aaa8e91e-0eca-44f4-ad30-66eff97d1642:c354, f6d593da-3d81-42e7-b927-5f502e16088c:c335, 8d5baa0f-1210-41f1-915f-fdffd8779ee7:c335]
2019-08-23 04:27:11,949 [grpc-default-executor-5] INFO  client.GrpcClientProtocolClient (GrpcClientProtocolClient.java:onNext(255)) - client-8C6AA2FA99F1->aaa8e91e-0eca-44f4-ad30-66eff97d1642: receive RaftClientReply:client-8C6AA2FA99F1->aaa8e91e-0eca-44f4-ad30-66eff97d1642@group-C455D70D824C, cid=275, SUCCESS, logIndex=353, commits[aaa8e91e-0eca-44f4-ad30-66eff97d1642:c354, f6d593da-3d81-42e7-b927-5f502e16088c:c335, 8d5baa0f-1210-41f1-915f-fdffd8779ee7:c335]
2019-08-23 04:27:11,949 | INFO  | DNAudit | user=null | ip=null | op=READ_CHUNK {blockData=conID: 3 locID: 102664400518447164 bcsId: 229} | ret=SUCCESS |  
2019-08-23 04:27:11,949 [grpc-default-executor-6] INFO  client.GrpcClientProtocolClient (GrpcClientProtocolClient.java:onNext(255)) - client-8C6AA2FA99F1->aaa8e91e-0eca-44f4-ad30-66eff97d1642: receive RaftClientReply:client-8C6AA2FA99F1->aaa8e91e-0eca-44f4-ad30-66eff97d1642@group-C455D70D824C, cid=276, SUCCESS, logIndex=354, commits[aaa8e91e-0eca-44f4-ad30-66eff97d1642:c354, f6d593da-3d81-42e7-b927-5f502e16088c:c335, 8d5baa0f-1210-41f1-915f-fdffd8779ee7:c335]
2019-08-23 04:27:11,950 [grpc-default-executor-6] INFO  client.GrpcClientProtocolClient (GrpcClientProtocolClient.java:onNext(255)) - client-8C6AA2FA99F1->aaa8e91e-0eca-44f4-ad30-66eff97d1642: receive RaftClientReply:client-8C6AA2FA99F1->aaa8e91e-0eca-44f4-ad30-66eff97d1642@group-C455D70D824C, cid=277, SUCCESS, logIndex=355, commits[aaa8e91e-0eca-44f4-ad30-66eff97d1642:c356, f6d593da-3d81-42e7-b927-5f502e16088c:c335, 8d5baa0f-1210-41f1-915f-fdffd8779ee7:c335]
2019-08-23 04:27:11,950 [grpc-default-executor-6] INFO  client.GrpcClientProtocolClient (GrpcClientProtocolClient.java:onNext(255)) - client-8C6AA2FA99F1->aaa8e91e-0eca-44f4-ad30-66eff97d1642: receive RaftClientReply:client-8C6AA2FA99F1->aaa8e91e-0eca-44f4-ad30-66eff97d1642@group-C455D70D824C, cid=278, SUCCESS, logIndex=356, commits[aaa8e91e-0eca-44f4-ad30-66eff97d1642:c358, f6d593da-3d81-42e7-b927-5f502e16088c:c335, 8d5baa0f-1210-41f1-915f-fdffd8779ee7:c335]
2019-08-23 04:27:11,951 | INFO  | SCMAudit | user=jenkins1000 | ip=192.168.36.77 | op=GET_CONTAINER_WITH_PIPELINE {containerID=#2} | ret=SUCCESS |  
2019-08-23 04:27:11,951 | INFO  | OMAudit | user=jenkins1000 | ip=127.0.0.1 | op=READ_KEY {volume=vol-1-20205, bucket=bucket-2-67835, key=key-2-26022, dataSize=0, replicationType=null, replicationFactor=null, keyLocationInfo=null} | ret=SUCCESS |  
2019-08-23 04:27:11,953 | INFO  | DNAudit | user=null | ip=null | op=GET_BLOCK {blockData=conID: 2 locID: 102664400518447166 bcsId: 233} | ret=SUCCESS |  
2019-08-23 04:27:11,955 | INFO  | DNAudit | user=null | ip=null | op=PUT_BLOCK {blockData=[blockId=conID: 1 locID: 102664400526835829 bcsId: 0,size=10240]} | ret=SUCCESS |  
2019-08-23 04:27:11,955 | INFO  | DNAudit | user=null | ip=null | op=WRITE_CHUNK {blockData=conID: 2 locID: 102664400526901368 bcsId: 0} | ret=SUCCESS |  
2019-08-23 04:27:11,955 | INFO  | DNAudit | user=null | ip=null | op=WRITE_CHUNK {blockData=conID: 2 locID: 102664400526901368 bcsId: 0} | ret=SUCCESS |  
2019-08-23 04:27:11,955 | INFO  | DNAudit | user=null | ip=null | op=WRITE_CHUNK {blockData=conID: 3 locID: 102664400526966905 bcsId: 0} | ret=SUCCESS |  
2019-08-23 04:27:11,955 | INFO  | DNAudit | user=null | ip=null | op=PUT_BLOCK {blockData=[blockId=conID: 1 locID: 102664400526835829 bcsId: 0,size=10240]} | ret=SUCCESS |  
2019-08-23 04:27:11,955 | INFO  | DNAudit | user=null | ip=null | op=READ_CHUNK {blockData=conID: 2 locID: 102664400518447166 bcsId: 233} | ret=SUCCESS |  
2019-08-23 04:27:11,955 | INFO  | DNAudit | user=null | ip=null | op=WRITE_CHUNK {blockData=conID: 3 locID: 102664400526966905 bcsId: 0} | ret=SUCCESS |  
2019-08-23 04:27:11,955 | INFO  | DNAudit | user=null | ip=null | op=PUT_BLOCK {blockData=[blockId=conID: 2 locID: 102664400526901368 bcsId: 0,size=10240]} | ret=SUCCESS |  
2019-08-23 04:27:11,955 | INFO  | DNAudit | user=null | ip=null | op=WRITE_CHUNK {blockData=conID: 1 locID: 102664400527032444 bcsId: 0} | ret=SUCCESS |  
2019-08-23 04:27:11,955 | INFO  | DNAudit | user=null | ip=null | op=PUT_BLOCK {blockData=[blockId=conID: 2 locID: 102664400526901368 bcsId: 0,size=10240]} | ret=SUCCESS |  
2019-08-23 04:27:11,955 | INFO  | DNAudit | user=null | ip=null | op=PUT_BLOCK {blockData=[blockId=conID: 3 locID: 102664400526966905 bcsId: 0,size=10240]} | ret=SUCCESS |  
2019-08-23 04:27:11,955 | INFO  | DNAudit | user=null | ip=null | op=WRITE_CHUNK {blockData=conID: 1 locID: 102664400527032444 bcsId: 0} | ret=SUCCESS |  
2019-08-23 04:27:11,955 | INFO  | DNAudit | user=null | ip=null | op=WRITE_CHUNK {blockData=conID: 2 locID: 102664400527097981 bcsId: 0} | ret=SUCCESS |  
2019-08-23 04:27:11,955 | INFO  | DNAudit | user=null | ip=null | op=PUT_BLOCK {blockData=[blockId=conID: 3 locID: 102664400526966905 bcsId: 0,size=10240]} | ret=SUCCESS |  
2019-08-23 04:27:11,955 | INFO  | DNAudit | user=null | ip=null | op=PUT_BLOCK {blockData=[blockId=conID: 1 locID: 102664400527032444 bcsId: 0,size=10240]} | ret=SUCCESS |  
2019-08-23 04:27:11,955 | INFO  | DNAudit | user=null | ip=null | op=WRITE_CHUNK {blockData=conID: 2 locID: 102664400527097981 bcsId: 0} | ret=SUCCESS |  
2019-08-23 04:27:11,956 | INFO  | DNAudit | user=null | ip=null | op=WRITE_CHUNK {blockData=conID: 3 locID: 102664400527360127 bcsId: 0} | ret=SUCCESS |  
2019-08-23 04:27:11,956 | INFO  | DNAudit | user=null | ip=null | op=PUT_BLOCK {blockData=[blockId=conID: 1 locID: 102664400527032444 bcsId: 0,size=10240]} | ret=SUCCESS |  
2019-08-23 04:27:11,956 | INFO  | DNAudit | user=null | ip=null | op=WRITE_CHUNK {blockData=conID: 3 locID: 102664400527360127 bcsId: 0} | ret=SUCCESS |  
2019-08-23 04:27:11,956 | INFO  | DNAudit | user=null | ip=null | op=PUT_BLOCK {blockData=[blockId=conID: 2 locID: 102664400527097981 bcsId: 0,size=10240]} | ret=SUCCESS |  
2019-08-23 04:27:11,956 | INFO  | DNAudit | user=null | ip=null | op=WRITE_CHUNK {blockData=conID: 1 locID: 102664400527425666 bcsId: 0} | ret=SUCCESS |  
2019-08-23 04:27:11,956 | INFO  | DNAudit | user=null | ip=null | op=PUT_BLOCK {blockData=[blockId=conID: 2 locID: 102664400527097981 bcsId: 0,size=10240]} | ret=SUCCESS |  
2019-08-23 04:27:11,956 [grpc-default-executor-6] INFO  client.GrpcClientProtocolClient (GrpcClientProtocolClient.java:onNext(255)) - client-8C6AA2FA99F1->aaa8e91e-0eca-44f4-ad30-66eff97d1642: receive RaftClientReply:client-8C6AA2FA99F1->aaa8e91e-0eca-44f4-ad30-66eff97d1642@group-C455D70D824C, cid=279, SUCCESS, logIndex=0, commits[aaa8e91e-0eca-44f4-ad30-66eff97d1642:c371, f6d593da-3d81-42e7-b927-5f502e16088c:c354, 8d5baa0f-1210-41f1-915f-fdffd8779ee7:c354]
2019-08-23 04:27:11,956 | INFO  | DNAudit | user=null | ip=null | op=PUT_BLOCK {blockData=[blockId=conID: 3 locID: 102664400527360127 bcsId: 0,size=10240]} | ret=SUCCESS |  
2019-08-23 04:27:11,956 | INFO  | DNAudit | user=null | ip=null | op=WRITE_CHUNK {blockData=conID: 2 locID: 102664400527425667 bcsId: 0} | ret=SUCCESS |  
2019-08-23 04:27:11,956 | INFO  | DNAudit | user=null | ip=null | op=WRITE_CHUNK {blockData=conID: 1 locID: 102664400527425666 bcsId: 0} | ret=SUCCESS |  
2019-08-23 04:27:11,956 | INFO  | DNAudit | user=null | ip=null | op=WRITE_CHUNK {blockData=conID: 2 locID: 102664400527425667 bcsId: 0} | ret=SUCCESS |  
2019-08-23 04:27:11,956 | INFO  | DNAudit | user=null | ip=null | op=PUT_BLOCK {blockData=[blockId=conID: 3 locID: 102664400527360127 bcsId: 0,size=10240]} | ret=SUCCESS |  
2019-08-23 04:27:11,956 | INFO  | DNAudit | user=null | ip=null | op=PUT_BLOCK {blockData=[blockId=conID: 1 locID: 102664400527425666 bcsId: 0,size=10240]} | ret=SUCCESS |  
2019-08-23 04:27:11,956 | INFO  | DNAudit | user=null | ip=null | op=WRITE_CHUNK {blockData=conID: 3 locID: 102664400529391749 bcsId: 0} | ret=SUCCESS |  
2019-08-23 04:27:11,956 | INFO  | DNAudit | user=null | ip=null | op=PUT_BLOCK {blockData=[blockId=conID: 2 locID: 102664400527425667 bcsId: 0,size=10240]} | ret=SUCCESS |  
2019-08-23 04:27:11,956 | INFO  | DNAudit | user=null | ip=null | op=WRITE_CHUNK {blockData=conID: 3 locID: 102664400529391749 bcsId: 0} | ret=SUCCESS |  
2019-08-23 04:27:11,956 [grpc-default-executor-6] INFO  client.GrpcClientProtocolClient (GrpcClientProtocolClient.java:onNext(255)) - client-8C6AA2FA99F1->aaa8e91e-0eca-44f4-ad30-66eff97d1642: receive RaftClientReply:client-8C6AA2FA99F1->aaa8e91e-0eca-44f4-ad30-66eff97d1642@group-C455D70D824C, cid=280, SUCCESS, logIndex=0, commits[aaa8e91e-0eca-44f4-ad30-66eff97d1642:c372, f6d593da-3d81-42e7-b927-5f502e16088c:c354, 8d5baa0f-1210-41f1-915f-fdffd8779ee7:c354]
2019-08-23 04:27:11,957 | INFO  | DNAudit | user=null | ip=null | op=PUT_BLOCK {blockData=[blockId=conID: 1 locID: 102664400527425666 bcsId: 0,size=10240]} | ret=SUCCESS |  
2019-08-23 04:27:11,957 | INFO  | DNAudit | user=null | ip=null | op=PUT_BLOCK {blockData=[blockId=conID: 2 locID: 102664400527425667 bcsId: 0,size=10240]} | ret=SUCCESS |  
2019-08-23 04:27:11,957 | INFO  | DNAudit | user=null | ip=null | op=WRITE_CHUNK {blockData=conID: 1 locID: 102664400529653895 bcsId: 0} | ret=SUCCESS |  
2019-08-23 04:27:11,957 | INFO  | DNAudit | user=null | ip=null | op=PUT_BLOCK {blockData=[blockId=conID: 3 locID: 102664400529391749 bcsId: 0,size=10240]} | ret=SUCCESS |  
2019-08-23 04:27:11,957 | INFO  | DNAudit | user=null | ip=null | op=WRITE_CHUNK {blockData=conID: 1 locID: 102664400529653895 bcsId: 0} | ret=SUCCESS |  
2019-08-23 04:27:11,957 | INFO  | DNAudit | user=null | ip=null | op=PUT_BLOCK {blockData=[blockId=conID: 3 locID: 102664400529391749 bcsId: 0,size=10240]} | ret=SUCCESS |  
2019-08-23 04:27:11,957 | INFO  | SCMAudit | user=jenkins1000 | ip=192.168.36.77 | op=GET_CONTAINER_WITH_PIPELINE {containerID=#1} | ret=SUCCESS |  
2019-08-23 04:27:11,957 [grpc-default-executor-5] INFO  client.GrpcClientProtocolClient (GrpcClientProtocolClient.java:onNext(255)) - client-8C6AA2FA99F1->aaa8e91e-0eca-44f4-ad30-66eff97d1642: receive RaftClientReply:client-8C6AA2FA99F1->aaa8e91e-0eca-44f4-ad30-66eff97d1642@group-C455D70D824C, cid=281, SUCCESS, logIndex=0, commits[aaa8e91e-0eca-44f4-ad30-66eff97d1642:c372, f6d593da-3d81-42e7-b927-5f502e16088c:c354, 8d5baa0f-1210-41f1-915f-fdffd8779ee7:c355]
2019-08-23 04:27:11,957 | INFO  | DNAudit | user=null | ip=null | op=PUT_BLOCK {blockData=[blockId=conID: 1 locID: 102664400529653895 bcsId: 0,size=10240]} | ret=SUCCESS |  
2019-08-23 04:27:11,957 | INFO  | DNAudit | user=null | ip=null | op=PUT_BLOCK {blockData=[blockId=conID: 1 locID: 102664400529653895 bcsId: 0,size=10240]} | ret=SUCCESS |  
2019-08-23 04:27:11,957 [grpc-default-executor-5] INFO  client.GrpcClientProtocolClient (GrpcClientProtocolClient.java:onNext(255)) - client-8C6AA2FA99F1->aaa8e91e-0eca-44f4-ad30-66eff97d1642: receive RaftClientReply:client-8C6AA2FA99F1->aaa8e91e-0eca-44f4-ad30-66eff97d1642@group-C455D70D824C, cid=283, SUCCESS, logIndex=0, commits[aaa8e91e-0eca-44f4-ad30-66eff97d1642:c373, f6d593da-3d81-42e7-b927-5f502e16088c:c354, 8d5baa0f-1210-41f1-915f-fdffd8779ee7:c355]
2019-08-23 04:27:11,958 | INFO  | OMAudit | user=jenkins1000 | ip=127.0.0.1 | op=READ_KEY {volume=vol-0-42659, bucket=bucket-3-42268, key=key-2-43493, dataSize=0, replicationType=null, replicationFactor=null, keyLocationInfo=null} | ret=SUCCESS |  
2019-08-23 04:27:11,958 [grpc-default-executor-5] INFO  client.GrpcClientProtocolClient (GrpcClientProtocolClient.java:onNext(255)) - client-8C6AA2FA99F1->aaa8e91e-0eca-44f4-ad30-66eff97d1642: receive RaftClientReply:client-8C6AA2FA99F1->aaa8e91e-0eca-44f4-ad30-66eff97d1642@group-C455D70D824C, cid=285, SUCCESS, logIndex=0, commits[aaa8e91e-0eca-44f4-ad30-66eff97d1642:c374, f6d593da-3d81-42e7-b927-5f502e16088c:c354, 8d5baa0f-1210-41f1-915f-fdffd8779ee7:c356]
2019-08-23 04:27:11,958 [grpc-default-executor-5] INFO  client.GrpcClientProtocolClient (GrpcClientProtocolClient.java:onNext(255)) - client-8C6AA2FA99F1->aaa8e91e-0eca-44f4-ad30-66eff97d1642: receive RaftClientReply:client-8C6AA2FA99F1->aaa8e91e-0eca-44f4-ad30-66eff97d1642@group-C455D70D824C, cid=284, SUCCESS, logIndex=0, commits[aaa8e91e-0eca-44f4-ad30-66eff97d1642:c373, f6d593da-3d81-42e7-b927-5f502e16088c:c354, 8d5baa0f-1210-41f1-915f-fdffd8779ee7:c356]
2019-08-23 04:27:11,958 | INFO  | OMAudit | user=jenkins1000 | ip=127.0.0.1 | op=COMMIT_KEY {volume=vol-0-42659, bucket=bucket-1-34712, key=key-5-46095, dataSize=10240, replicationType=null, replicationFactor=null, keyLocationInfo=[{blockID={containerID=1, localID=102664400526835829}, length=10240, offset=0, token=null, pipeline=Pipeline[ Id: 66543a4c-018c-4a46-974e-c455d70d824c, Nodes: f6d593da-3d81-42e7-b927-5f502e16088c{ip: 192.168.36.77, host: pr-hdds-2000-5mb45-3533150274, networkLocation: /default-rack, certSerialId: null}8d5baa0f-1210-41f1-915f-fdffd8779ee7{ip: 192.168.36.77, host: pr-hdds-2000-5mb45-3533150274, networkLocation: /default-rack, certSerialId: null}aaa8e91e-0eca-44f4-ad30-66eff97d1642{ip: 192.168.36.77, host: pr-hdds-2000-5mb45-3533150274, networkLocation: /default-rack, certSerialId: null}, Type:RATIS, Factor:THREE, State:OPEN], createVersion=0}], clientID=102664400526770292} | ret=SUCCESS |  
2019-08-23 04:27:11,959 [grpc-default-executor-5] INFO  client.GrpcClientProtocolClient (GrpcClientProtocolClient.java:onNext(255)) - client-8C6AA2FA99F1->aaa8e91e-0eca-44f4-ad30-66eff97d1642: receive RaftClientReply:client-8C6AA2FA99F1->aaa8e91e-0eca-44f4-ad30-66eff97d1642@group-C455D70D824C, cid=282, SUCCESS, logIndex=0, commits[aaa8e91e-0eca-44f4-ad30-66eff97d1642:c373, f6d593da-3d81-42e7-b927-5f502e16088c:c354, 8d5baa0f-1210-41f1-915f-fdffd8779ee7:c355]
2019-08-23 04:27:11,959 | INFO  | OMAudit | user=jenkins1000 | ip=127.0.0.1 | op=COMMIT_KEY {volume=vol-1-20205, bucket=bucket-1-61988, key=key-5-01954, dataSize=10240, replicationType=null, replicationFactor=null, keyLocationInfo=[{blockID={containerID=2, localID=102664400526901368}, length=10240, offset=0, token=null, pipeline=Pipeline[ Id: 66543a4c-018c-4a46-974e-c455d70d824c, Nodes: f6d593da-3d81-42e7-b927-5f502e16088c{ip: 192.168.36.77, host: pr-hdds-2000-5mb45-3533150274, networkLocation: /default-rack, certSerialId: null}8d5baa0f-1210-41f1-915f-fdffd8779ee7{ip: 192.168.36.77, host: pr-hdds-2000-5mb45-3533150274, networkLocation: /default-rack, certSerialId: null}aaa8e91e-0eca-44f4-ad30-66eff97d1642{ip: 192.168.36.77, host: pr-hdds-2000-5mb45-3533150274, networkLocation: /default-rack, certSerialId: null}, Type:RATIS, Factor:THREE, State:OPEN], createVersion=0}], clientID=102664400526835830} | ret=SUCCESS |  
2019-08-23 04:27:11,959 | INFO  | OMAudit | user=jenkins1000 | ip=127.0.0.1 | op=COMMIT_KEY {volume=vol-0-42659, bucket=bucket-2-77083, key=key-5-56391, dataSize=10240, replicationType=null, replicationFactor=null, keyLocationInfo=[{blockID={containerID=3, localID=102664400526966905}, length=10240, offset=0, token=null, pipeline=Pipeline[ Id: 66543a4c-018c-4a46-974e-c455d70d824c, Nodes: f6d593da-3d81-42e7-b927-5f502e16088c{ip: 192.168.36.77, host: pr-hdds-2000-5mb45-3533150274, networkLocation: /default-rack, certSerialId: null}8d5baa0f-1210-41f1-915f-fdffd8779ee7{ip: 192.168.36.77, host: pr-hdds-2000-5mb45-3533150274, networkLocation: /default-rack, certSerialId: null}aaa8e91e-0eca-44f4-ad30-66eff97d1642{ip: 192.168.36.77, host: pr-hdds-2000-5mb45-3533150274, networkLocation: /default-rack, certSerialId: null}, Type:RATIS, Factor:THREE, State:OPEN], createVersion=0}], clientID=102664400526901367} | ret=SUCCESS |  
2019-08-23 04:27:11,959 [grpc-default-executor-5] INFO  client.GrpcClientProtocolClient (GrpcClientProtocolClient.java:onNext(255)) - client-8C6AA2FA99F1->aaa8e91e-0eca-44f4-ad30-66eff97d1642: receive RaftClientReply:client-8C6AA2FA99F1->aaa8e91e-0eca-44f4-ad30-66eff97d1642@group-C455D70D824C, cid=288, SUCCESS, logIndex=0, commits[aaa8e91e-0eca-44f4-ad30-66eff97d1642:c374, f6d593da-3d81-42e7-b927-5f502e16088c:c356, 8d5baa0f-1210-41f1-915f-fdffd8779ee7:c356]
2019-08-23 04:27:11,959 [grpc-default-executor-5] INFO  client.GrpcClientProtocolClient (GrpcClientProtocolClient.java:onNext(255)) - client-8C6AA2FA99F1->aaa8e91e-0eca-44f4-ad30-66eff97d1642: receive RaftClientReply:client-8C6AA2FA99F1->aaa8e91e-0eca-44f4-ad30-66eff97d1642@group-C455D70D824C, cid=287, SUCCESS, logIndex=0, commits[aaa8e91e-0eca-44f4-ad30-66eff97d1642:c374, f6d593da-3d81-42e7-b927-5f502e16088c:c354, 8d5baa0f-1210-41f1-915f-fdffd8779ee7:c356]
2019-08-23 04:27:11,960 | INFO  | OMAudit | user=jenkins1000 | ip=127.0.0.1 | op=COMMIT_KEY {volume=vol-0-42659, bucket=bucket-3-42268, key=key-5-95500, dataSize=10240, replicationType=null, replicationFactor=null, keyLocationInfo=[{blockID={containerID=2, localID=102664400527097981}, length=10240, offset=0, token=null, pipeline=Pipeline[ Id: 66543a4c-018c-4a46-974e-c455d70d824c, Nodes: f6d593da-3d81-42e7-b927-5f502e16088c{ip: 192.168.36.77, host: pr-hdds-2000-5mb45-3533150274, networkLocation: /default-rack, certSerialId: null}8d5baa0f-1210-41f1-915f-fdffd8779ee7{ip: 192.168.36.77, host: pr-hdds-2000-5mb45-3533150274, networkLocation: /default-rack, certSerialId: null}aaa8e91e-0eca-44f4-ad30-66eff97d1642{ip: 192.168.36.77, host: pr-hdds-2000-5mb45-3533150274, networkLocation: /default-rack, certSerialId: null}, Type:RATIS, Factor:THREE, State:OPEN], createVersion=0}], clientID=102664400527032443} | ret=SUCCESS |  
2019-08-23 04:27:11,960 [grpc-default-executor-5] INFO  client.GrpcClientProtocolClient (GrpcClientProtocolClient.java:onNext(255)) - client-8C6AA2FA99F1->aaa8e91e-0eca-44f4-ad30-66eff97d1642: receive RaftClientReply:client-8C6AA2FA99F1->aaa8e91e-0eca-44f4-ad30-66eff97d1642@group-C455D70D824C, cid=286, SUCCESS, logIndex=0, commits[aaa8e91e-0eca-44f4-ad30-66eff97d1642:c374, f6d593da-3d81-42e7-b927-5f502e16088c:c354, 8d5baa0f-1210-41f1-915f-fdffd8779ee7:c356]
2019-08-23 04:27:11,960 | INFO  | OMAudit | user=jenkins1000 | ip=127.0.0.1 | op=COMMIT_KEY {volume=vol-1-20205, bucket=bucket-3-54341, key=key-5-08289, dataSize=10240, replicationType=null, replicationFactor=null, keyLocationInfo=[{blockID={containerID=3, localID=102664400527360127}, length=10240, offset=0, token=null, pipeline=Pipeline[ Id: 66543a4c-018c-4a46-974e-c455d70d824c, Nodes: f6d593da-3d81-42e7-b927-5f502e16088c{ip: 192.168.36.77, host: pr-hdds-2000-5mb45-3533150274, networkLocation: /default-rack, certSerialId: null}8d5baa0f-1210-41f1-915f-fdffd8779ee7{ip: 192.168.36.77, host: pr-hdds-2000-5mb45-3533150274, networkLocation: /default-rack, certSerialId: null}aaa8e91e-0eca-44f4-ad30-66eff97d1642{ip: 192.168.36.77, host: pr-hdds-2000-5mb45-3533150274, networkLocation: /default-rack, certSerialId: null}, Type:RATIS, Factor:THREE, State:OPEN], createVersion=0}], clientID=102664400527294590} | ret=SUCCESS |  
2019-08-23 04:27:11,960 | INFO  | DNAudit | user=null | ip=null | op=GET_BLOCK {blockData=conID: 1 locID: 102664400518905921 bcsId: 238} | ret=SUCCESS |  
2019-08-23 04:27:11,960 | INFO  | OMAudit | user=jenkins1000 | ip=127.0.0.1 | op=COMMIT_KEY {volume=vol-0-42659, bucket=bucket-4-88694, key=key-5-65984, dataSize=10240, replicationType=null, replicationFactor=null, keyLocationInfo=[{blockID={containerID=1, localID=102664400527425666}, length=10240, offset=0, token=null, pipeline=Pipeline[ Id: 66543a4c-018c-4a46-974e-c455d70d824c, Nodes: f6d593da-3d81-42e7-b927-5f502e16088c{ip: 192.168.36.77, host: pr-hdds-2000-5mb45-3533150274, networkLocation: /default-rack, certSerialId: null}8d5baa0f-1210-41f1-915f-fdffd8779ee7{ip: 192.168.36.77, host: pr-hdds-2000-5mb45-3533150274, networkLocation: /default-rack, certSerialId: null}aaa8e91e-0eca-44f4-ad30-66eff97d1642{ip: 192.168.36.77, host: pr-hdds-2000-5mb45-3533150274, networkLocation: /default-rack, certSerialId: null}, Type:RATIS, Factor:THREE, State:OPEN], createVersion=0}], clientID=102664400527360128} | ret=SUCCESS |  
2019-08-23 04:27:11,961 | INFO  | OMAudit | user=jenkins1000 | ip=127.0.0.1 | op=COMMIT_KEY {volume=vol-1-20205, bucket=bucket-2-67835, key=key-5-91093, dataSize=10240, replicationType=null, replicationFactor=null, keyLocationInfo=[{blockID={containerID=1, localID=102664400527032444}, length=10240, offset=0, token=null, pipeline=Pipeline[ Id: 66543a4c-018c-4a46-974e-c455d70d824c, Nodes: f6d593da-3d81-42e7-b927-5f502e16088c{ip: 192.168.36.77, host: pr-hdds-2000-5mb45-3533150274, networkLocation: /default-rack, certSerialId: null}8d5baa0f-1210-41f1-915f-fdffd8779ee7{ip: 192.168.36.77, host: pr-hdds-2000-5mb45-3533150274, networkLocation: /default-rack, certSerialId: null}aaa8e91e-0eca-44f4-ad30-66eff97d1642{ip: 192.168.36.77, host: pr-hdds-2000-5mb45-3533150274, networkLocation: /default-rack, certSerialId: null}, Type:RATIS, Factor:THREE, State:OPEN], createVersion=0}], clientID=102664400526966906} | ret=SUCCESS |  
2019-08-23 04:27:11,961 | INFO  | OMAudit | user=jenkins1000 | ip=127.0.0.1 | op=COMMIT_KEY {volume=vol-1-20205, bucket=bucket-0-84326, key=key-6-85973, dataSize=10240, replicationType=null, replicationFactor=null, keyLocationInfo=[{blockID={containerID=1, localID=102664400529653895}, length=10240, offset=0, token=null, pipeline=Pipeline[ Id: 66543a4c-018c-4a46-974e-c455d70d824c, Nodes: f6d593da-3d81-42e7-b927-5f502e16088c{ip: 192.168.36.77, host: pr-hdds-2000-5mb45-3533150274, networkLocation: /default-rack, certSerialId: null}8d5baa0f-1210-41f1-915f-fdffd8779ee7{ip: 192.168.36.77, host: pr-hdds-2000-5mb45-3533150274, networkLocation: /default-rack, certSerialId: null}aaa8e91e-0eca-44f4-ad30-66eff97d1642{ip: 192.168.36.77, host: pr-hdds-2000-5mb45-3533150274, networkLocation: /default-rack, certSerialId: null}, Type:RATIS, Factor:THREE, State:OPEN], createVersion=0}], clientID=102664400529588358} | ret=SUCCESS |  
2019-08-23 04:27:11,961 | INFO  | SCMAudit | user=jenkins1000 | ip=192.168.36.77 | op=ALLOCATE_BLOCK {owner=0ede6294-5fd7-421b-8eb7-9656e082115f, size=4194304, type=RATIS, factor=THREE} | ret=SUCCESS |  
2019-08-23 04:27:11,961 | INFO  | SCMAudit | user=jenkins1000 | ip=192.168.36.77 | op=ALLOCATE_BLOCK {owner=0ede6294-5fd7-421b-8eb7-9656e082115f, size=4194304, type=RATIS, factor=THREE} | ret=SUCCESS |  
2019-08-23 04:27:11,961 | INFO  | SCMAudit | user=jenkins1000 | ip=192.168.36.77 | op=ALLOCATE_BLOCK {owner=0ede6294-5fd7-421b-8eb7-9656e082115f, size=4194304, type=RATIS, factor=THREE} | ret=SUCCESS |  
2019-08-23 04:27:11,961 | INFO  | SCMAudit | user=jenkins1000 | ip=192.168.36.77 | op=ALLOCATE_BLOCK {owner=0ede6294-5fd7-421b-8eb7-9656e082115f, size=4194304, type=RATIS, factor=THREE} | ret=SUCCESS |  
2019-08-23 04:27:11,962 | INFO  | OMAudit | user=jenkins1000 | ip=127.0.0.1 | op=COMMIT_KEY {volume=vol-0-42659, bucket=bucket-0-06613, key=key-6-75676, dataSize=10240, replicationType=null, replicationFactor=null, keyLocationInfo=[{blockID={containerID=3, localID=102664400529391749}, length=10240, offset=0, token=null, pipeline=Pipeline[ Id: 66543a4c-018c-4a46-974e-c455d70d824c, Nodes: f6d593da-3d81-42e7-b927-5f502e16088c{ip: 192.168.36.77, host: pr-hdds-2000-5mb45-3533150274, networkLocation: /default-rack, certSerialId: null}8d5baa0f-1210-41f1-915f-fdffd8779ee7{ip: 192.168.36.77, host: pr-hdds-2000-5mb45-3533150274, networkLocation: /default-rack, certSerialId: null}aaa8e91e-0eca-44f4-ad30-66eff97d1642{ip: 192.168.36.77, host: pr-hdds-2000-5mb45-3533150274, networkLocation: /default-rack, certSerialId: null}, Type:RATIS, Factor:THREE, State:OPEN], createVersion=0}], clientID=102664400529260676} | ret=SUCCESS |  
2019-08-23 04:27:11,962 | INFO  | OMAudit | user=jenkins1000 | ip=127.0.0.1 | op=ALLOCATE_KEY {volume=vol-0-42659, bucket=bucket-1-34712, key=key-6-21582, dataSize=10240, replicationType=RATIS, replicationFactor=THREE, keyLocationInfo=null} | ret=SUCCESS |  
2019-08-23 04:27:11,962 | INFO  | OMAudit | user=jenkins1000 | ip=127.0.0.1 | op=ALLOCATE_KEY {volume=vol-0-42659, bucket=bucket-2-77083, key=key-6-50940, dataSize=10240, replicationType=RATIS, replicationFactor=THREE, keyLocationInfo=null} | ret=SUCCESS |  
2019-08-23 04:27:11,962 | INFO  | OMAudit | user=jenkins1000 | ip=127.0.0.1 | op=ALLOCATE_KEY {volume=vol-1-20205, bucket=bucket-1-61988, key=key-6-92678, dataSize=10240, replicationType=RATIS, replicationFactor=THREE, keyLocationInfo=null} | ret=SUCCESS |  
2019-08-23 04:27:11,962 | INFO  | OMAudit | user=jenkins1000 | ip=127.0.0.1 | op=COMMIT_KEY {volume=vol-1-20205, bucket=bucket-4-54813, key=key-5-71891, dataSize=10240, replicationType=null, replicationFactor=null, keyLocationInfo=[{blockID={containerID=2, localID=102664400527425667}, length=10240, offset=0, token=null, pipeline=Pipeline[ Id: 66543a4c-018c-4a46-974e-c455d70d824c, Nodes: f6d593da-3d81-42e7-b927-5f502e16088c{ip: 192.168.36.77, host: pr-hdds-2000-5mb45-3533150274, networkLocation: /default-rack, certSerialId: null}8d5baa0f-1210-41f1-915f-fdffd8779ee7{ip: 192.168.36.77, host: pr-hdds-2000-5mb45-3533150274, networkLocation: /default-rack, certSerialId: null}aaa8e91e-0eca-44f4-ad30-66eff97d1642{ip: 192.168.36.77, host: pr-hdds-2000-5mb45-3533150274, networkLocation: /default-rack, certSerialId: null}, Type:RATIS, Factor:THREE, State:OPEN], createVersion=0}], clientID=102664400527425665} | ret=SUCCESS |  
2019-08-23 04:27:11,962 | INFO  | OMAudit | user=jenkins1000 | ip=127.0.0.1 | op=ALLOCATE_KEY {volume=vol-1-20205, bucket=bucket-2-67835, key=key-6-02170, dataSize=10240, replicationType=RATIS, replicationFactor=THREE, keyLocationInfo=null} | ret=SUCCESS |  
2019-08-23 04:27:11,963 | INFO  | DNAudit | user=null | ip=null | op=READ_CHUNK {blockData=conID: 1 locID: 102664400518905921 bcsId: 238} | ret=SUCCESS |  
2019-08-23 04:27:11,963 | INFO  | SCMAudit | user=jenkins1000 | ip=192.168.36.77 | op=ALLOCATE_BLOCK {owner=0ede6294-5fd7-421b-8eb7-9656e082115f, size=4194304, type=RATIS, factor=THREE} | ret=SUCCESS |  
2019-08-23 04:27:11,963 | INFO  | SCMAudit | user=jenkins1000 | ip=192.168.36.77 | op=ALLOCATE_BLOCK {owner=0ede6294-5fd7-421b-8eb7-9656e082115f, size=4194304, type=RATIS, factor=THREE} | ret=SUCCESS |  
2019-08-23 04:27:11,963 | INFO  | SCMAudit | user=jenkins1000 | ip=192.168.36.77 | op=ALLOCATE_BLOCK {owner=0ede6294-5fd7-421b-8eb7-9656e082115f, size=4194304, type=RATIS, factor=THREE} | ret=SUCCESS |  
2019-08-23 04:27:11,963 | INFO  | SCMAudit | user=jenkins1000 | ip=192.168.36.77 | op=ALLOCATE_BLOCK {owner=0ede6294-5fd7-421b-8eb7-9656e082115f, size=4194304, type=RATIS, factor=THREE} | ret=SUCCESS |  
2019-08-23 04:27:11,964 | INFO  | SCMAudit | user=jenkins1000 | ip=192.168.36.77 | op=ALLOCATE_BLOCK {owner=0ede6294-5fd7-421b-8eb7-9656e082115f, size=4194304, type=RATIS, factor=THREE} | ret=SUCCESS |  
2019-08-23 04:27:11,964 | INFO  | OMAudit | user=jenkins1000 | ip=127.0.0.1 | op=ALLOCATE_KEY {volume=vol-0-42659, bucket=bucket-3-42268, key=key-6-29056, dataSize=10240, replicationType=RATIS, replicationFactor=THREE, keyLocationInfo=null} | ret=SUCCESS |  
2019-08-23 04:27:11,964 | INFO  | OMAudit | user=jenkins1000 | ip=127.0.0.1 | op=ALLOCATE_KEY {volume=vol-0-42659, bucket=bucket-4-88694, key=key-6-04180, dataSize=10240, replicationType=RATIS, replicationFactor=THREE, keyLocationInfo=null} | ret=SUCCESS |  
2019-08-23 04:27:11,964 | INFO  | OMAudit | user=jenkins1000 | ip=127.0.0.1 | op=ALLOCATE_KEY {volume=vol-1-20205, bucket=bucket-3-54341, key=key-6-43513, dataSize=10240, replicationType=RATIS, replicationFactor=THREE, keyLocationInfo=null} | ret=SUCCESS |  
2019-08-23 04:27:11,964 | INFO  | OMAudit | user=jenkins1000 | ip=127.0.0.1 | op=ALLOCATE_KEY {volume=vol-1-20205, bucket=bucket-4-54813, key=key-6-79891, dataSize=10240, replicationType=RATIS, replicationFactor=THREE, keyLocationInfo=null} | ret=SUCCESS |  
2019-08-23 04:27:11,964 | INFO  | SCMAudit | user=jenkins1000 | ip=192.168.36.77 | op=ALLOCATE_BLOCK {owner=0ede6294-5fd7-421b-8eb7-9656e082115f, size=4194304, type=RATIS, factor=THREE} | ret=SUCCESS |  
2019-08-23 04:27:11,964 | INFO  | OMAudit | user=jenkins1000 | ip=127.0.0.1 | op=ALLOCATE_KEY {volume=vol-0-42659, bucket=bucket-0-06613, key=key-7-34200, dataSize=10240, replicationType=RATIS, replicationFactor=THREE, keyLocationInfo=null} | ret=SUCCESS |  
2019-08-23 04:27:11,964 | INFO  | SCMAudit | user=jenkins1000 | ip=192.168.36.77 | op=GET_CONTAINER_WITH_PIPELINE {containerID=#3} | ret=SUCCESS |  
2019-08-23 04:27:11,964 | INFO  | DNAudit | user=null | ip=null | op=WRITE_CHUNK {blockData=conID: 2 locID: 102664400532996236 bcsId: 0} | ret=SUCCESS |  
2019-08-23 04:27:11,965 | INFO  | OMAudit | user=jenkins1000 | ip=127.0.0.1 | op=ALLOCATE_KEY {volume=vol-1-20205, bucket=bucket-0-84326, key=key-7-56156, dataSize=10240, replicationType=RATIS, replicationFactor=THREE, keyLocationInfo=null} | ret=SUCCESS |  
2019-08-23 04:27:11,965 | INFO  | OMAudit | user=jenkins1000 | ip=127.0.0.1 | op=READ_KEY {volume=vol-0-42659, bucket=bucket-1-34712, key=key-2-46672, dataSize=0, replicationType=null, replicationFactor=null, keyLocationInfo=null} | ret=SUCCESS |  
2019-08-23 04:27:11,966 | INFO  | DNAudit | user=null | ip=null | op=WRITE_CHUNK {blockData=conID: 2 locID: 102664400532996236 bcsId: 0} | ret=SUCCESS |  
2019-08-23 04:27:11,966 | INFO  | DNAudit | user=null | ip=null | op=WRITE_CHUNK {blockData=conID: 2 locID: 102664400532996236 bcsId: 0} | ret=SUCCESS |  
2019-08-23 04:27:11,966 | INFO  | DNAudit | user=null | ip=null | op=WRITE_CHUNK {blockData=conID: 3 locID: 102664400532996237 bcsId: 0} | ret=SUCCESS |  
2019-08-23 04:27:11,966 | INFO  | DNAudit | user=null | ip=null | op=WRITE_CHUNK {blockData=conID: 1 locID: 102664400532996239 bcsId: 0} | ret=SUCCESS |  
2019-08-23 04:27:11,966 | INFO  | DNAudit | user=null | ip=null | op=WRITE_CHUNK {blockData=conID: 3 locID: 102664400532996237 bcsId: 0} | ret=SUCCESS |  
2019-08-23 04:27:11,967 | INFO  | DNAudit | user=null | ip=null | op=WRITE_CHUNK {blockData=conID: 1 locID: 102664400532996239 bcsId: 0} | ret=SUCCESS |  
2019-08-23 04:27:11,967 | INFO  | DNAudit | user=null | ip=null | op=WRITE_CHUNK {blockData=conID: 3 locID: 102664400532996238 bcsId: 0} | ret=SUCCESS |  
2019-08-23 04:27:11,967 | INFO  | DNAudit | user=null | ip=null | op=WRITE_CHUNK {blockData=conID: 3 locID: 102664400532996237 bcsId: 0} | ret=SUCCESS |  
2019-08-23 04:27:11,968 | INFO  | DNAudit | user=null | ip=null | op=WRITE_CHUNK {blockData=conID: 1 locID: 102664400532996239 bcsId: 0} | ret=SUCCESS |  
2019-08-23 04:27:11,968 | INFO  | DNAudit | user=null | ip=null | op=WRITE_CHUNK {blockData=conID: 3 locID: 102664400532996238 bcsId: 0} | ret=SUCCESS |  
2019-08-23 04:27:11,968 | INFO  | DNAudit | user=null | ip=null | op=GET_BLOCK {blockData=conID: 3 locID: 102664400518578239 bcsId: 235} | ret=SUCCESS |  
2019-08-23 04:27:11,968 | INFO  | DNAudit | user=null | ip=null | op=WRITE_CHUNK {blockData=conID: 3 locID: 102664400533127319 bcsId: 0} | ret=SUCCESS |  
2019-08-23 04:27:11,969 | INFO  | DNAudit | user=null | ip=null | op=WRITE_CHUNK {blockData=conID: 3 locID: 102664400532996238 bcsId: 0} | ret=SUCCESS |  
2019-08-23 04:27:11,969 | INFO  | DNAudit | user=null | ip=null | op=WRITE_CHUNK {blockData=conID: 2 locID: 102664400533127317 bcsId: 0} | ret=SUCCESS |  
2019-08-23 04:27:11,969 | INFO  | DNAudit | user=null | ip=null | op=WRITE_CHUNK {blockData=conID: 3 locID: 102664400533127319 bcsId: 0} | ret=SUCCESS |  
2019-08-23 04:27:11,970 | INFO  | DNAudit | user=null | ip=null | op=WRITE_CHUNK {blockData=conID: 3 locID: 102664400533127319 bcsId: 0} | ret=SUCCESS |  
2019-08-23 04:27:11,970 | INFO  | DNAudit | user=null | ip=null | op=WRITE_CHUNK {blockData=conID: 2 locID: 102664400533127317 bcsId: 0} | ret=SUCCESS |  
2019-08-23 04:27:11,970 | INFO  | DNAudit | user=null | ip=null | op=WRITE_CHUNK {blockData=conID: 2 locID: 102664400533127317 bcsId: 0} | ret=SUCCESS |  
2019-08-23 04:27:11,970 | INFO  | DNAudit | user=null | ip=null | op=READ_CHUNK {blockData=conID: 3 locID: 102664400518578239 bcsId: 235} | ret=SUCCESS |  
2019-08-23 04:27:11,970 | INFO  | DNAudit | user=null | ip=null | op=WRITE_CHUNK {blockData=conID: 2 locID: 102664400533192858 bcsId: 0} | ret=SUCCESS |  
2019-08-23 04:27:11,971 | INFO  | DNAudit | user=null | ip=null | op=WRITE_CHUNK {blockData=conID: 1 locID: 102664400533127320 bcsId: 0} | ret=SUCCESS |  
2019-08-23 04:27:11,971 | INFO  | DNAudit | user=null | ip=null | op=WRITE_CHUNK {blockData=conID: 2 locID: 102664400533192858 bcsId: 0} | ret=SUCCESS |  
2019-08-23 04:27:11,971 | INFO  | DNAudit | user=null | ip=null | op=WRITE_CHUNK {blockData=conID: 2 locID: 102664400533192858 bcsId: 0} | ret=SUCCESS |  
2019-08-23 04:27:11,972 | INFO  | DNAudit | user=null | ip=null | op=WRITE_CHUNK {blockData=conID: 1 locID: 102664400533127320 bcsId: 0} | ret=SUCCESS |  
2019-08-23 04:27:11,972 | INFO  | DNAudit | user=null | ip=null | op=WRITE_CHUNK {blockData=conID: 1 locID: 102664400533127320 bcsId: 0} | ret=SUCCESS |  
2019-08-23 04:27:11,972 | INFO  | DNAudit | user=null | ip=null | op=WRITE_CHUNK {blockData=conID: 2 locID: 102664400533127318 bcsId: 0} | ret=SUCCESS |  
2019-08-23 04:27:11,972 | INFO  | DNAudit | user=null | ip=null | op=WRITE_CHUNK {blockData=conID: 2 locID: 102664400533127318 bcsId: 0} | ret=SUCCESS |  
2019-08-23 04:27:11,972 | INFO  | SCMAudit | user=jenkins1000 | ip=192.168.36.77 | op=GET_CONTAINER_WITH_PIPELINE {containerID=#3} | ret=SUCCESS |  
2019-08-23 04:27:11,972 | INFO  | DNAudit | user=null | ip=null | op=WRITE_CHUNK {blockData=conID: 2 locID: 102664400533127318 bcsId: 0} | ret=SUCCESS |  
2019-08-23 04:27:11,973 | INFO  | OMAudit | user=jenkins1000 | ip=127.0.0.1 | op=READ_KEY {volume=vol-0-42659, bucket=bucket-4-88694, key=key-2-46067, dataSize=0, replicationType=null, replicationFactor=null, keyLocationInfo=null} | ret=SUCCESS |  
2019-08-23 04:27:11,973 | INFO  | DNAudit | user=null | ip=null | op=WRITE_CHUNK {blockData=conID: 3 locID: 102664400533192859 bcsId: 0} | ret=SUCCESS |  
2019-08-23 04:27:11,974 | INFO  | DNAudit | user=null | ip=null | op=WRITE_CHUNK {blockData=conID: 3 locID: 102664400533192859 bcsId: 0} | ret=SUCCESS |  
2019-08-23 04:27:11,974 | INFO  | DNAudit | user=null | ip=null | op=WRITE_CHUNK {blockData=conID: 3 locID: 102664400533192859 bcsId: 0} | ret=SUCCESS |  
2019-08-23 04:27:11,975 | INFO  | DNAudit | user=null | ip=null | op=GET_BLOCK {blockData=conID: 3 locID: 102664400519823430 bcsId: 248} | ret=SUCCESS |  
2019-08-23 04:27:11,977 | INFO  | DNAudit | user=null | ip=null | op=READ_CHUNK {blockData=conID: 3 locID: 102664400519823430 bcsId: 248} | ret=SUCCESS |  
2019-08-23 04:27:11,977 | INFO  | DNAudit | user=null | ip=null | op=WRITE_CHUNK {blockData=conID: 2 locID: 102664400532996236 bcsId: 0} | ret=SUCCESS |  
2019-08-23 04:27:11,978 | INFO  | DNAudit | user=null | ip=null | op=PUT_BLOCK {blockData=[blockId=conID: 2 locID: 102664400532996236 bcsId: 0,size=10240]} | ret=SUCCESS |  
2019-08-23 04:27:11,978 [grpc-default-executor-6] INFO  client.GrpcClientProtocolClient (GrpcClientProtocolClient.java:onNext(255)) - client-8C6AA2FA99F1->aaa8e91e-0eca-44f4-ad30-66eff97d1642: receive RaftClientReply:client-8C6AA2FA99F1->aaa8e91e-0eca-44f4-ad30-66eff97d1642@group-C455D70D824C, cid=289, SUCCESS, logIndex=375, commits[aaa8e91e-0eca-44f4-ad30-66eff97d1642:c376, f6d593da-3d81-42e7-b927-5f502e16088c:c374, 8d5baa0f-1210-41f1-915f-fdffd8779ee7:c374]
2019-08-23 04:27:11,979 | INFO  | DNAudit | user=null | ip=null | op=WRITE_CHUNK {blockData=conID: 1 locID: 102664400532996239 bcsId: 0} | ret=SUCCESS |  
2019-08-23 04:27:11,979 | INFO  | DNAudit | user=null | ip=null | op=WRITE_CHUNK {blockData=conID: 3 locID: 102664400532996237 bcsId: 0} | ret=SUCCESS |  
2019-08-23 04:27:11,979 [grpc-default-executor-6] INFO  client.GrpcClientProtocolClient (GrpcClientProtocolClient.java:onNext(255)) - client-8C6AA2FA99F1->aaa8e91e-0eca-44f4-ad30-66eff97d1642: receive RaftClientReply:client-8C6AA2FA99F1->aaa8e91e-0eca-44f4-ad30-66eff97d1642@group-C455D70D824C, cid=290, SUCCESS, logIndex=376, commits[aaa8e91e-0eca-44f4-ad30-66eff97d1642:c376, f6d593da-3d81-42e7-b927-5f502e16088c:c374, 8d5baa0f-1210-41f1-915f-fdffd8779ee7:c374]
2019-08-23 04:27:11,979 | INFO  | SCMAudit | user=jenkins1000 | ip=192.168.36.77 | op=GET_CONTAINER_WITH_PIPELINE {containerID=#2} | ret=SUCCESS |  
2019-08-23 04:27:11,980 | INFO  | DNAudit | user=null | ip=null | op=PUT_BLOCK {blockData=[blockId=conID: 1 locID: 102664400532996239 bcsId: 0,size=10240]} | ret=SUCCESS |  
2019-08-23 04:27:11,980 | INFO  | DNAudit | user=null | ip=null | op=PUT_BLOCK {blockData=[blockId=conID: 3 locID: 102664400532996237 bcsId: 0,size=10240]} | ret=SUCCESS |  
2019-08-23 04:27:11,980 | INFO  | DNAudit | user=null | ip=null | op=WRITE_CHUNK {blockData=conID: 2 locID: 102664400533127317 bcsId: 0} | ret=SUCCESS |  
2019-08-23 04:27:11,980 | INFO  | OMAudit | user=jenkins1000 | ip=127.0.0.1 | op=READ_KEY {volume=vol-1-20205, bucket=bucket-3-54341, key=key-2-32470, dataSize=0, replicationType=null, replicationFactor=null, keyLocationInfo=null} | ret=SUCCESS |  
2019-08-23 04:27:11,981 [grpc-default-executor-6] INFO  client.GrpcClientProtocolClient (GrpcClientProtocolClient.java:onNext(255)) - client-8C6AA2FA99F1->aaa8e91e-0eca-44f4-ad30-66eff97d1642: receive RaftClientReply:client-8C6AA2FA99F1->aaa8e91e-0eca-44f4-ad30-66eff97d1642@group-C455D70D824C, cid=291, SUCCESS, logIndex=377, commits[aaa8e91e-0eca-44f4-ad30-66eff97d1642:c379, f6d593da-3d81-42e7-b927-5f502e16088c:c374, 8d5baa0f-1210-41f1-915f-fdffd8779ee7:c374]
2019-08-23 04:27:11,981 | INFO  | DNAudit | user=null | ip=null | op=WRITE_CHUNK {blockData=conID: 3 locID: 102664400532996238 bcsId: 0} | ret=SUCCESS |  
2019-08-23 04:27:11,981 | INFO  | DNAudit | user=null | ip=null | op=PUT_BLOCK {blockData=[blockId=conID: 2 locID: 102664400533127317 bcsId: 0,size=10240]} | ret=SUCCESS |  
2019-08-23 04:27:11,981 [grpc-default-executor-6] INFO  client.GrpcClientProtocolClient (GrpcClientProtocolClient.java:onNext(255)) - client-8C6AA2FA99F1->aaa8e91e-0eca-44f4-ad30-66eff97d1642: receive RaftClientReply:client-8C6AA2FA99F1->aaa8e91e-0eca-44f4-ad30-66eff97d1642@group-C455D70D824C, cid=293, SUCCESS, logIndex=378, commits[aaa8e91e-0eca-44f4-ad30-66eff97d1642:c379, f6d593da-3d81-42e7-b927-5f502e16088c:c374, 8d5baa0f-1210-41f1-915f-fdffd8779ee7:c374]
2019-08-23 04:27:11,982 | INFO  | DNAudit | user=null | ip=null | op=WRITE_CHUNK {blockData=conID: 1 locID: 102664400533127320 bcsId: 0} | ret=SUCCESS |  
2019-08-23 04:27:11,982 | INFO  | DNAudit | user=null | ip=null | op=PUT_BLOCK {blockData=[blockId=conID: 3 locID: 102664400532996238 bcsId: 0,size=10240]} | ret=SUCCESS |  
2019-08-23 04:27:11,982 | INFO  | DNAudit | user=null | ip=null | op=GET_BLOCK {blockData=conID: 2 locID: 102664400519823429 bcsId: 249} | ret=SUCCESS |  
2019-08-23 04:27:11,982 | INFO  | DNAudit | user=null | ip=null | op=WRITE_CHUNK {blockData=conID: 2 locID: 102664400533192858 bcsId: 0} | ret=SUCCESS |  
2019-08-23 04:27:11,982 [grpc-default-executor-6] INFO  client.GrpcClientProtocolClient (GrpcClientProtocolClient.java:onNext(255)) - client-8C6AA2FA99F1->aaa8e91e-0eca-44f4-ad30-66eff97d1642: receive RaftClientReply:client-8C6AA2FA99F1->aaa8e91e-0eca-44f4-ad30-66eff97d1642@group-C455D70D824C, cid=294, SUCCESS, logIndex=379, commits[aaa8e91e-0eca-44f4-ad30-66eff97d1642:c385, f6d593da-3d81-42e7-b927-5f502e16088c:c374, 8d5baa0f-1210-41f1-915f-fdffd8779ee7:c374]
2019-08-23 04:27:11,983 | INFO  | DNAudit | user=null | ip=null | op=WRITE_CHUNK {blockData=conID: 3 locID: 102664400533127319 bcsId: 0} | ret=SUCCESS |  
2019-08-23 04:27:11,983 | INFO  | DNAudit | user=null | ip=null | op=PUT_BLOCK {blockData=[blockId=conID: 1 locID: 102664400533127320 bcsId: 0,size=10240]} | ret=SUCCESS |  
2019-08-23 04:27:11,984 | INFO  | DNAudit | user=null | ip=null | op=PUT_BLOCK {blockData=[blockId=conID: 3 locID: 102664400533127319 bcsId: 0,size=10240]} | ret=SUCCESS |  
2019-08-23 04:27:11,984 [grpc-default-executor-0] INFO  client.GrpcClientProtocolClient (GrpcClientProtocolClient.java:onNext(255)) - client-8C6AA2FA99F1->aaa8e91e-0eca-44f4-ad30-66eff97d1642: receive RaftClientReply:client-8C6AA2FA99F1->aaa8e91e-0eca-44f4-ad30-66eff97d1642@group-C455D70D824C, cid=292, SUCCESS, logIndex=380, commits[aaa8e91e-0eca-44f4-ad30-66eff97d1642:c388, f6d593da-3d81-42e7-b927-5f502e16088c:c374, 8d5baa0f-1210-41f1-915f-fdffd8779ee7:c374]
2019-08-23 04:27:11,984 | INFO  | DNAudit | user=null | ip=null | op=WRITE_CHUNK {blockData=conID: 2 locID: 102664400533127318 bcsId: 0} | ret=SUCCESS |  
2019-08-23 04:27:11,984 | INFO  | DNAudit | user=null | ip=null | op=WRITE_CHUNK {blockData=conID: 3 locID: 102664400533192859 bcsId: 0} | ret=SUCCESS |  
2019-08-23 04:27:11,984 [grpc-default-executor-0] INFO  client.GrpcClientProtocolClient (GrpcClientProtocolClient.java:onNext(255)) - client-8C6AA2FA99F1->aaa8e91e-0eca-44f4-ad30-66eff97d1642: receive RaftClientReply:client-8C6AA2FA99F1->aaa8e91e-0eca-44f4-ad30-66eff97d1642@group-C455D70D824C, cid=295, SUCCESS, logIndex=381, commits[aaa8e91e-0eca-44f4-ad30-66eff97d1642:c385, f6d593da-3d81-42e7-b927-5f502e16088c:c374, 8d5baa0f-1210-41f1-915f-fdffd8779ee7:c374]
2019-08-23 04:27:11,984 | INFO  | DNAudit | user=null | ip=null | op=READ_CHUNK {blockData=conID: 2 locID: 102664400519823429 bcsId: 249} | ret=SUCCESS |  
2019-08-23 04:27:11,985 | INFO  | DNAudit | user=null | ip=null | op=PUT_BLOCK {blockData=[blockId=conID: 3 locID: 102664400533192859 bcsId: 0,size=10240]} | ret=SUCCESS |  
2019-08-23 04:27:11,985 [grpc-default-executor-0] INFO  client.GrpcClientProtocolClient (GrpcClientProtocolClient.java:onNext(255)) - client-8C6AA2FA99F1->aaa8e91e-0eca-44f4-ad30-66eff97d1642: receive RaftClientReply:client-8C6AA2FA99F1->aaa8e91e-0eca-44f4-ad30-66eff97d1642@group-C455D70D824C, cid=296, SUCCESS, logIndex=382, commits[aaa8e91e-0eca-44f4-ad30-66eff97d1642:c388, f6d593da-3d81-42e7-b927-5f502e16088c:c374, 8d5baa0f-1210-41f1-915f-fdffd8779ee7:c374]
2019-08-23 04:27:11,985 | INFO  | DNAudit | user=null | ip=null | op=PUT_BLOCK {blockData=[blockId=conID: 2 locID: 102664400533192858 bcsId: 0,size=10240]} | ret=SUCCESS |  
2019-08-23 04:27:11,985 [grpc-default-executor-6] INFO  client.GrpcClientProtocolClient (GrpcClientProtocolClient.java:onNext(255)) - client-8C6AA2FA99F1->aaa8e91e-0eca-44f4-ad30-66eff97d1642: receive RaftClientReply:client-8C6AA2FA99F1->aaa8e91e-0eca-44f4-ad30-66eff97d1642@group-C455D70D824C, cid=297, SUCCESS, logIndex=383, commits[aaa8e91e-0eca-44f4-ad30-66eff97d1642:c391, f6d593da-3d81-42e7-b927-5f502e16088c:c374, 8d5baa0f-1210-41f1-915f-fdffd8779ee7:c374]
2019-08-23 04:27:11,986 | INFO  | DNAudit | user=null | ip=null | op=PUT_BLOCK {blockData=[blockId=conID: 2 locID: 102664400533127318 bcsId: 0,size=10240]} | ret=SUCCESS |  
2019-08-23 04:27:11,986 [grpc-default-executor-6] INFO  client.GrpcClientProtocolClient (GrpcClientProtocolClient.java:onNext(255)) - client-8C6AA2FA99F1->aaa8e91e-0eca-44f4-ad30-66eff97d1642: receive RaftClientReply:client-8C6AA2FA99F1->aaa8e91e-0eca-44f4-ad30-66eff97d1642@group-C455D70D824C, cid=298, SUCCESS, logIndex=384, commits[aaa8e91e-0eca-44f4-ad30-66eff97d1642:c385, f6d593da-3d81-42e7-b927-5f502e16088c:c374, 8d5baa0f-1210-41f1-915f-fdffd8779ee7:c374]
2019-08-23 04:27:11,986 [grpc-default-executor-6] INFO  client.GrpcClientProtocolClient (GrpcClientProtocolClient.java:onNext(255)) - client-8C6AA2FA99F1->aaa8e91e-0eca-44f4-ad30-66eff97d1642: receive RaftClientReply:client-8C6AA2FA99F1->aaa8e91e-0eca-44f4-ad30-66eff97d1642@group-C455D70D824C, cid=299, SUCCESS, logIndex=385, commits[aaa8e91e-0eca-44f4-ad30-66eff97d1642:c394, f6d593da-3d81-42e7-b927-5f502e16088c:c374, 8d5baa0f-1210-41f1-915f-fdffd8779ee7:c374]
2019-08-23 04:27:11,986 | INFO  | SCMAudit | user=jenkins1000 | ip=192.168.36.77 | op=GET_CONTAINER_WITH_PIPELINE {containerID=#1} | ret=SUCCESS |  
2019-08-23 04:27:11,987 [grpc-default-executor-6] INFO  client.GrpcClientProtocolClient (GrpcClientProtocolClient.java:onNext(255)) - client-8C6AA2FA99F1->aaa8e91e-0eca-44f4-ad30-66eff97d1642: receive RaftClientReply:client-8C6AA2FA99F1->aaa8e91e-0eca-44f4-ad30-66eff97d1642@group-C455D70D824C, cid=300, SUCCESS, logIndex=386, commits[aaa8e91e-0eca-44f4-ad30-66eff97d1642:c388, f6d593da-3d81-42e7-b927-5f502e16088c:c374, 8d5baa0f-1210-41f1-915f-fdffd8779ee7:c374]
2019-08-23 04:27:11,987 | INFO  | OMAudit | user=jenkins1000 | ip=127.0.0.1 | op=READ_KEY {volume=vol-1-20205, bucket=bucket-4-54813, key=key-2-39500, dataSize=0, replicationType=null, replicationFactor=null, keyLocationInfo=null} | ret=SUCCESS |  
2019-08-23 04:27:11,987 [grpc-default-executor-6] INFO  client.GrpcClientProtocolClient (GrpcClientProtocolClient.java:onNext(255)) - client-8C6AA2FA99F1->aaa8e91e-0eca-44f4-ad30-66eff97d1642: receive RaftClientReply:client-8C6AA2FA99F1->aaa8e91e-0eca-44f4-ad30-66eff97d1642@group-C455D70D824C, cid=301, SUCCESS, logIndex=387, commits[aaa8e91e-0eca-44f4-ad30-66eff97d1642:c388, f6d593da-3d81-42e7-b927-5f502e16088c:c374, 8d5baa0f-1210-41f1-915f-fdffd8779ee7:c374]
2019-08-23 04:27:11,987 [grpc-default-executor-2] INFO  client.GrpcClientProtocolClient (GrpcClientProtocolClient.java:onNext(255)) - client-8C6AA2FA99F1->aaa8e91e-0eca-44f4-ad30-66eff97d1642: receive RaftClientReply:client-8C6AA2FA99F1->aaa8e91e-0eca-44f4-ad30-66eff97d1642@group-C455D70D824C, cid=302, SUCCESS, logIndex=388, commits[aaa8e91e-0eca-44f4-ad30-66eff97d1642:c388, f6d593da-3d81-42e7-b927-5f502e16088c:c374, 8d5baa0f-1210-41f1-915f-fdffd8779ee7:c374]
2019-08-23 04:27:11,988 [grpc-default-executor-2] INFO  client.GrpcClientProtocolClient (GrpcClientProtocolClient.java:onNext(255)) - client-8C6AA2FA99F1->aaa8e91e-0eca-44f4-ad30-66eff97d1642: receive RaftClientReply:client-8C6AA2FA99F1->aaa8e91e-0eca-44f4-ad30-66eff97d1642@group-C455D70D824C, cid=303, SUCCESS, logIndex=389, commits[aaa8e91e-0eca-44f4-ad30-66eff97d1642:c394, f6d593da-3d81-42e7-b927-5f502e16088c:c374, 8d5baa0f-1210-41f1-915f-fdffd8779ee7:c374]
2019-08-23 04:27:11,988 [grpc-default-executor-2] INFO  client.GrpcClientProtocolClient (GrpcClientProtocolClient.java:onNext(255)) - client-8C6AA2FA99F1->aaa8e91e-0eca-44f4-ad30-66eff97d1642: receive RaftClientReply:client-8C6AA2FA99F1->aaa8e91e-0eca-44f4-ad30-66eff97d1642@group-C455D70D824C, cid=305, SUCCESS, logIndex=390, commits[aaa8e91e-0eca-44f4-ad30-66eff97d1642:c394, f6d593da-3d81-42e7-b927-5f502e16088c:c374, 8d5baa0f-1210-41f1-915f-fdffd8779ee7:c374]
2019-08-23 04:27:11,989 [grpc-default-executor-2] INFO  client.GrpcClientProtocolClient (GrpcClientProtocolClient.java:onNext(255)) - client-8C6AA2FA99F1->aaa8e91e-0eca-44f4-ad30-66eff97d1642: receive RaftClientReply:client-8C6AA2FA99F1->aaa8e91e-0eca-44f4-ad30-66eff97d1642@group-C455D70D824C, cid=304, SUCCESS, logIndex=391, commits[aaa8e91e-0eca-44f4-ad30-66eff97d1642:c394, f6d593da-3d81-42e7-b927-5f502e16088c:c374, 8d5baa0f-1210-41f1-915f-fdffd8779ee7:c374]
2019-08-23 04:27:11,989 | INFO  | DNAudit | user=null | ip=null | op=GET_BLOCK {blockData=conID: 1 locID: 102664400519888967 bcsId: 251} | ret=SUCCESS |  
2019-08-23 04:27:11,989 [grpc-default-executor-2] INFO  client.GrpcClientProtocolClient (GrpcClientProtocolClient.java:onNext(255)) - client-8C6AA2FA99F1->aaa8e91e-0eca-44f4-ad30-66eff97d1642: receive RaftClientReply:client-8C6AA2FA99F1->aaa8e91e-0eca-44f4-ad30-66eff97d1642@group-C455D70D824C, cid=306, SUCCESS, logIndex=392, commits[aaa8e91e-0eca-44f4-ad30-66eff97d1642:c394, f6d593da-3d81-42e7-b927-5f502e16088c:c374, 8d5baa0f-1210-41f1-915f-fdffd8779ee7:c374]
2019-08-23 04:27:11,989 [grpc-default-executor-2] INFO  client.GrpcClientProtocolClient (GrpcClientProtocolClient.java:onNext(255)) - client-8C6AA2FA99F1->aaa8e91e-0eca-44f4-ad30-66eff97d1642: receive RaftClientReply:client-8C6AA2FA99F1->aaa8e91e-0eca-44f4-ad30-66eff97d1642@group-C455D70D824C, cid=307, SUCCESS, logIndex=393, commits[aaa8e91e-0eca-44f4-ad30-66eff97d1642:c394, f6d593da-3d81-42e7-b927-5f502e16088c:c374, 8d5baa0f-1210-41f1-915f-fdffd8779ee7:c374]
2019-08-23 04:27:11,990 [grpc-default-executor-2] INFO  client.GrpcClientProtocolClient (GrpcClientProtocolClient.java:onNext(255)) - client-8C6AA2FA99F1->aaa8e91e-0eca-44f4-ad30-66eff97d1642: receive RaftClientReply:client-8C6AA2FA99F1->aaa8e91e-0eca-44f4-ad30-66eff97d1642@group-C455D70D824C, cid=308, SUCCESS, logIndex=394, commits[aaa8e91e-0eca-44f4-ad30-66eff97d1642:c394, f6d593da-3d81-42e7-b927-5f502e16088c:c374, 8d5baa0f-1210-41f1-915f-fdffd8779ee7:c374]
2019-08-23 04:27:11,991 | INFO  | DNAudit | user=null | ip=null | op=READ_CHUNK {blockData=conID: 1 locID: 102664400519888967 bcsId: 251} | ret=SUCCESS |  
2019-08-23 04:27:11,992 | INFO  | SCMAudit | user=jenkins1000 | ip=192.168.36.77 | op=GET_CONTAINER_WITH_PIPELINE {containerID=#2} | ret=SUCCESS |  
2019-08-23 04:27:11,993 | INFO  | DNAudit | user=null | ip=null | op=WRITE_CHUNK {blockData=conID: 2 locID: 102664400532996236 bcsId: 0} | ret=SUCCESS |  
2019-08-23 04:27:11,993 | INFO  | DNAudit | user=null | ip=null | op=WRITE_CHUNK {blockData=conID: 2 locID: 102664400532996236 bcsId: 0} | ret=SUCCESS |  
2019-08-23 04:27:11,993 | INFO  | DNAudit | user=null | ip=null | op=WRITE_CHUNK {blockData=conID: 3 locID: 102664400532996237 bcsId: 0} | ret=SUCCESS |  
2019-08-23 04:27:11,993 | INFO  | OMAudit | user=jenkins1000 | ip=127.0.0.1 | op=READ_KEY {volume=vol-0-42659, bucket=bucket-0-06613, key=key-3-80080, dataSize=0, replicationType=null, replicationFactor=null, keyLocationInfo=null} | ret=SUCCESS |  
2019-08-23 04:27:11,993 | INFO  | DNAudit | user=null | ip=null | op=WRITE_CHUNK {blockData=conID: 3 locID: 102664400532996237 bcsId: 0} | ret=SUCCESS |  
2019-08-23 04:27:11,993 | INFO  | DNAudit | user=null | ip=null | op=PUT_BLOCK {blockData=[blockId=conID: 2 locID: 102664400532996236 bcsId: 0,size=10240]} | ret=SUCCESS |  
2019-08-23 04:27:11,993 | INFO  | DNAudit | user=null | ip=null | op=WRITE_CHUNK {blockData=conID: 1 locID: 102664400532996239 bcsId: 0} | ret=SUCCESS |  
2019-08-23 04:27:11,994 | INFO  | DNAudit | user=null | ip=null | op=WRITE_CHUNK {blockData=conID: 1 locID: 102664400532996239 bcsId: 0} | ret=SUCCESS |  
2019-08-23 04:27:11,994 | INFO  | DNAudit | user=null | ip=null | op=PUT_BLOCK {blockData=[blockId=conID: 2 locID: 102664400532996236 bcsId: 0,size=10240]} | ret=SUCCESS |  
2019-08-23 04:27:11,994 | INFO  | DNAudit | user=null | ip=null | op=PUT_BLOCK {blockData=[blockId=conID: 3 locID: 102664400532996237 bcsId: 0,size=10240]} | ret=SUCCESS |  
2019-08-23 04:27:11,994 | INFO  | DNAudit | user=null | ip=null | op=PUT_BLOCK {blockData=[blockId=conID: 3 locID: 102664400532996237 bcsId: 0,size=10240]} | ret=SUCCESS |  
2019-08-23 04:27:11,994 | INFO  | DNAudit | user=null | ip=null | op=PUT_BLOCK {blockData=[blockId=conID: 1 locID: 102664400532996239 bcsId: 0,size=10240]} | ret=SUCCESS |  
2019-08-23 04:27:11,994 | INFO  | DNAudit | user=null | ip=null | op=WRITE_CHUNK {blockData=conID: 3 locID: 102664400532996238 bcsId: 0} | ret=SUCCESS |  
2019-08-23 04:27:11,994 [grpc-default-executor-6] INFO  client.GrpcClientProtocolClient (GrpcClientProtocolClient.java:onNext(255)) - client-8C6AA2FA99F1->aaa8e91e-0eca-44f4-ad30-66eff97d1642: receive RaftClientReply:client-8C6AA2FA99F1->aaa8e91e-0eca-44f4-ad30-66eff97d1642@group-C455D70D824C, cid=309, SUCCESS, logIndex=0, commits[aaa8e91e-0eca-44f4-ad30-66eff97d1642:c395, f6d593da-3d81-42e7-b927-5f502e16088c:c376, 8d5baa0f-1210-41f1-915f-fdffd8779ee7:c376]
2019-08-23 04:27:11,995 | INFO  | DNAudit | user=null | ip=null | op=WRITE_CHUNK {blockData=conID: 3 locID: 102664400532996238 bcsId: 0} | ret=SUCCESS |  
2019-08-23 04:27:11,995 | INFO  | DNAudit | user=null | ip=null | op=PUT_BLOCK {blockData=[blockId=conID: 1 locID: 102664400532996239 bcsId: 0,size=10240]} | ret=SUCCESS |  
2019-08-23 04:27:11,995 | INFO  | DNAudit | user=null | ip=null | op=PUT_BLOCK {blockData=[blockId=conID: 3 locID: 102664400532996238 bcsId: 0,size=10240]} | ret=SUCCESS |  
2019-08-23 04:27:11,995 | INFO  | DNAudit | user=null | ip=null | op=WRITE_CHUNK {blockData=conID: 2 locID: 102664400533127317 bcsId: 0} | ret=SUCCESS |  
2019-08-23 04:27:11,995 | INFO  | DNAudit | user=null | ip=null | op=PUT_BLOCK {blockData=[blockId=conID: 3 locID: 102664400532996238 bcsId: 0,size=10240]} | ret=SUCCESS |  
2019-08-23 04:27:11,995 | INFO  | DNAudit | user=null | ip=null | op=WRITE_CHUNK {blockData=conID: 3 locID: 102664400533127319 bcsId: 0} | ret=SUCCESS |  
2019-08-23 04:27:11,995 | INFO  | DNAudit | user=null | ip=null | op=PUT_BLOCK {blockData=[blockId=conID: 2 locID: 102664400533127317 bcsId: 0,size=10240]} | ret=SUCCESS |  
2019-08-23 04:27:11,995 | INFO  | DNAudit | user=null | ip=null | op=WRITE_CHUNK {blockData=conID: 3 locID: 102664400533127319 bcsId: 0} | ret=SUCCESS |  
2019-08-23 04:27:11,995 | INFO  | DNAudit | user=null | ip=null | op=WRITE_CHUNK {blockData=conID: 1 locID: 102664400533127320 bcsId: 0} | ret=SUCCESS |  
2019-08-23 04:27:11,995 [grpc-default-executor-5] INFO  client.GrpcClientProtocolClient (GrpcClientProtocolClient.java:onNext(255)) - client-8C6AA2FA99F1->aaa8e91e-0eca-44f4-ad30-66eff97d1642: receive RaftClientReply:client-8C6AA2FA99F1->aaa8e91e-0eca-44f4-ad30-66eff97d1642@group-C455D70D824C, cid=310, SUCCESS, logIndex=0, commits[aaa8e91e-0eca-44f4-ad30-66eff97d1642:c400, f6d593da-3d81-42e7-b927-5f502e16088c:c379, 8d5baa0f-1210-41f1-915f-fdffd8779ee7:c383]
2019-08-23 04:27:11,995 | INFO  | DNAudit | user=null | ip=null | op=WRITE_CHUNK {blockData=conID: 2 locID: 102664400533127317 bcsId: 0} | ret=SUCCESS |  
2019-08-23 04:27:11,996 | INFO  | DNAudit | user=null | ip=null | op=PUT_BLOCK {blockData=[blockId=conID: 3 locID: 102664400533127319 bcsId: 0,size=10240]} | ret=SUCCESS |  
2019-08-23 04:27:11,996 | INFO  | DNAudit | user=null | ip=null | op=WRITE_CHUNK {blockData=conID: 2 locID: 102664400533192858 bcsId: 0} | ret=SUCCESS |  
2019-08-23 04:27:11,996 | INFO  | DNAudit | user=null | ip=null | op=GET_BLOCK {blockData=conID: 2 locID: 102664400520740938 bcsId: 259} | ret=SUCCESS |  
2019-08-23 04:27:11,996 | INFO  | DNAudit | user=null | ip=null | op=PUT_BLOCK {blockData=[blockId=conID: 3 locID: 102664400533127319 bcsId: 0,size=10240]} | ret=SUCCESS |  
2019-08-23 04:27:11,996 | INFO  | DNAudit | user=null | ip=null | op=PUT_BLOCK {blockData=[blockId=conID: 1 locID: 102664400533127320 bcsId: 0,size=10240]} | ret=SUCCESS |  
2019-08-23 04:27:11,996 | INFO  | DNAudit | user=null | ip=null | op=WRITE_CHUNK {blockData=conID: 3 locID: 102664400533192859 bcsId: 0} | ret=SUCCESS |  
2019-08-23 04:27:11,996 | INFO  | DNAudit | user=null | ip=null | op=PUT_BLOCK {blockData=[blockId=conID: 2 locID: 102664400533127317 bcsId: 0,size=10240]} | ret=SUCCESS |  
2019-08-23 04:27:11,996 | INFO  | DNAudit | user=null | ip=null | op=WRITE_CHUNK {blockData=conID: 2 locID: 102664400533127318 bcsId: 0} | ret=SUCCESS |  
2019-08-23 04:27:11,996 | INFO  | DNAudit | user=null | ip=null | op=WRITE_CHUNK {blockData=conID: 1 locID: 102664400533127320 bcsId: 0} | ret=SUCCESS |  
2019-08-23 04:27:11,996 [grpc-default-executor-2] INFO  client.GrpcClientProtocolClient (GrpcClientProtocolClient.java:onNext(255)) - client-8C6AA2FA99F1->aaa8e91e-0eca-44f4-ad30-66eff97d1642: receive RaftClientReply:client-8C6AA2FA99F1->aaa8e91e-0eca-44f4-ad30-66eff97d1642@group-C455D70D824C, cid=311, SUCCESS, logIndex=0, commits[aaa8e91e-0eca-44f4-ad30-66eff97d1642:c402, f6d593da-3d81-42e7-b927-5f502e16088c:c383, 8d5baa0f-1210-41f1-915f-fdffd8779ee7:c385]
2019-08-23 04:27:11,996 | INFO  | DNAudit | user=null | ip=null | op=PUT_BLOCK {blockData=[blockId=conID: 3 locID: 102664400533192859 bcsId: 0,size=10240]} | ret=SUCCESS |  
2019-08-23 04:27:11,996 | INFO  | DNAudit | user=null | ip=null | op=WRITE_CHUNK {blockData=conID: 2 locID: 102664400533192858 bcsId: 0} | ret=SUCCESS |  
2019-08-23 04:27:11,996 | INFO  | DNAudit | user=null | ip=null | op=PUT_BLOCK {blockData=[blockId=conID: 2 locID: 102664400533192858 bcsId: 0,size=10240]} | ret=SUCCESS |  
2019-08-23 04:27:11,997 | INFO  | DNAudit | user=null | ip=null | op=PUT_BLOCK {blockData=[blockId=conID: 2 locID: 102664400533127318 bcsId: 0,size=10240]} | ret=SUCCESS |  
2019-08-23 04:27:11,997 [grpc-default-executor-2] INFO  client.GrpcClientProtocolClient (GrpcClientProtocolClient.java:onNext(255)) - client-8C6AA2FA99F1->aaa8e91e-0eca-44f4-ad30-66eff97d1642: receive RaftClientReply:client-8C6AA2FA99F1->aaa8e91e-0eca-44f4-ad30-66eff97d1642@group-C455D70D824C, cid=312, SUCCESS, logIndex=0, commits[aaa8e91e-0eca-44f4-ad30-66eff97d1642:c403, f6d593da-3d81-42e7-b927-5f502e16088c:c383, 8d5baa0f-1210-41f1-915f-fdffd8779ee7:c391]
2019-08-23 04:27:11,997 [grpc-default-executor-6] INFO  client.GrpcClientProtocolClient (GrpcClientProtocolClient.java:onNext(255)) - client-8C6AA2FA99F1->aaa8e91e-0eca-44f4-ad30-66eff97d1642: receive RaftClientReply:client-8C6AA2FA99F1->aaa8e91e-0eca-44f4-ad30-66eff97d1642@group-C455D70D824C, cid=313, SUCCESS, logIndex=0, commits[aaa8e91e-0eca-44f4-ad30-66eff97d1642:c406, f6d593da-3d81-42e7-b927-5f502e16088c:c385, 8d5baa0f-1210-41f1-915f-fdffd8779ee7:c394]
2019-08-23 04:27:11,998 | INFO  | OMAudit | user=jenkins1000 | ip=127.0.0.1 | op=COMMIT_KEY {volume=vol-0-42659, bucket=bucket-2-77083, key=key-6-50940, dataSize=10240, replicationType=null, replicationFactor=null, keyLocationInfo=[{blockID={containerID=3, localID=102664400532996237}, length=10240, offset=0, token=null, pipeline=Pipeline[ Id: 66543a4c-018c-4a46-974e-c455d70d824c, Nodes: f6d593da-3d81-42e7-b927-5f502e16088c{ip: 192.168.36.77, host: pr-hdds-2000-5mb45-3533150274, networkLocation: /default-rack, certSerialId: null}8d5baa0f-1210-41f1-915f-fdffd8779ee7{ip: 192.168.36.77, host: pr-hdds-2000-5mb45-3533150274, networkLocation: /default-rack, certSerialId: null}aaa8e91e-0eca-44f4-ad30-66eff97d1642{ip: 192.168.36.77, host: pr-hdds-2000-5mb45-3533150274, networkLocation: /default-rack, certSerialId: null}, Type:RATIS, Factor:THREE, State:OPEN], createVersion=0}], clientID=102664400532930698} | ret=SUCCESS |  
2019-08-23 04:27:11,998 | INFO  | DNAudit | user=null | ip=null | op=READ_CHUNK {blockData=conID: 2 locID: 102664400520740938 bcsId: 259} | ret=SUCCESS |  
2019-08-23 04:27:11,998 | INFO  | OMAudit | user=jenkins1000 | ip=127.0.0.1 | op=COMMIT_KEY {volume=vol-0-42659, bucket=bucket-1-34712, key=key-6-21582, dataSize=10240, replicationType=null, replicationFactor=null, keyLocationInfo=[{blockID={containerID=2, localID=102664400532996236}, length=10240, offset=0, token=null, pipeline=Pipeline[ Id: 66543a4c-018c-4a46-974e-c455d70d824c, Nodes: f6d593da-3d81-42e7-b927-5f502e16088c{ip: 192.168.36.77, host: pr-hdds-2000-5mb45-3533150274, networkLocation: /default-rack, certSerialId: null}8d5baa0f-1210-41f1-915f-fdffd8779ee7{ip: 192.168.36.77, host: pr-hdds-2000-5mb45-3533150274, networkLocation: /default-rack, certSerialId: null}aaa8e91e-0eca-44f4-ad30-66eff97d1642{ip: 192.168.36.77, host: pr-hdds-2000-5mb45-3533150274, networkLocation: /default-rack, certSerialId: null}, Type:RATIS, Factor:THREE, State:OPEN], createVersion=0}], clientID=102664400532930696} | ret=SUCCESS |  
2019-08-23 04:27:11,998 | INFO  | OMAudit | user=jenkins1000 | ip=127.0.0.1 | op=COMMIT_KEY {volume=vol-1-20205, bucket=bucket-2-67835, key=key-6-02170, dataSize=10240, replicationType=null, replicationFactor=null, keyLocationInfo=[{blockID={containerID=1, localID=102664400532996239}, length=10240, offset=0, token=null, pipeline=Pipeline[ Id: 66543a4c-018c-4a46-974e-c455d70d824c, Nodes: f6d593da-3d81-42e7-b927-5f502e16088c{ip: 192.168.36.77, host: pr-hdds-2000-5mb45-3533150274, networkLocation: /default-rack, certSerialId: null}8d5baa0f-1210-41f1-915f-fdffd8779ee7{ip: 192.168.36.77, host: pr-hdds-2000-5mb45-3533150274, networkLocation: /default-rack, certSerialId: null}aaa8e91e-0eca-44f4-ad30-66eff97d1642{ip: 192.168.36.77, host: pr-hdds-2000-5mb45-3533150274, networkLocation: /default-rack, certSerialId: null}, Type:RATIS, Factor:THREE, State:OPEN], createVersion=0}], clientID=102664400532996235} | ret=SUCCESS |  
2019-08-23 04:27:11,998 [grpc-default-executor-6] INFO  client.GrpcClientProtocolClient (GrpcClientProtocolClient.java:onNext(255)) - client-8C6AA2FA99F1->aaa8e91e-0eca-44f4-ad30-66eff97d1642: receive RaftClientReply:client-8C6AA2FA99F1->aaa8e91e-0eca-44f4-ad30-66eff97d1642@group-C455D70D824C, cid=314, SUCCESS, logIndex=0, commits[aaa8e91e-0eca-44f4-ad30-66eff97d1642:c406, f6d593da-3d81-42e7-b927-5f502e16088c:c388, 8d5baa0f-1210-41f1-915f-fdffd8779ee7:c394]
2019-08-23 04:27:11,999 | INFO  | OMAudit | user=jenkins1000 | ip=127.0.0.1 | op=COMMIT_KEY {volume=vol-1-20205, bucket=bucket-1-61988, key=key-6-92678, dataSize=10240, replicationType=null, replicationFactor=null, keyLocationInfo=[{blockID={containerID=3, localID=102664400532996238}, length=10240, offset=0, token=null, pipeline=Pipeline[ Id: 66543a4c-018c-4a46-974e-c455d70d824c, Nodes: f6d593da-3d81-42e7-b927-5f502e16088c{ip: 192.168.36.77, host: pr-hdds-2000-5mb45-3533150274, networkLocation: /default-rack, certSerialId: null}8d5baa0f-1210-41f1-915f-fdffd8779ee7{ip: 192.168.36.77, host: pr-hdds-2000-5mb45-3533150274, networkLocation: /default-rack, certSerialId: null}aaa8e91e-0eca-44f4-ad30-66eff97d1642{ip: 192.168.36.77, host: pr-hdds-2000-5mb45-3533150274, networkLocation: /default-rack, certSerialId: null}, Type:RATIS, Factor:THREE, State:OPEN], createVersion=0}], clientID=102664400532930697} | ret=SUCCESS |  
2019-08-23 04:27:11,999 | INFO  | OMAudit | user=jenkins1000 | ip=127.0.0.1 | op=COMMIT_KEY {volume=vol-1-20205, bucket=bucket-3-54341, key=key-6-43513, dataSize=10240, replicationType=null, replicationFactor=null, keyLocationInfo=[{blockID={containerID=3, localID=102664400533127319}, length=10240, offset=0, token=null, pipeline=Pipeline[ Id: 66543a4c-018c-4a46-974e-c455d70d824c, Nodes: f6d593da-3d81-42e7-b927-5f502e16088c{ip: 192.168.36.77, host: pr-hdds-2000-5mb45-3533150274, networkLocation: /default-rack, certSerialId: null}8d5baa0f-1210-41f1-915f-fdffd8779ee7{ip: 192.168.36.77, host: pr-hdds-2000-5mb45-3533150274, networkLocation: /default-rack, certSerialId: null}aaa8e91e-0eca-44f4-ad30-66eff97d1642{ip: 192.168.36.77, host: pr-hdds-2000-5mb45-3533150274, networkLocation: /default-rack, certSerialId: null}, Type:RATIS, Factor:THREE, State:OPEN], createVersion=0}], clientID=102664400533061777} | ret=SUCCESS |  
2019-08-23 04:27:12,001 | INFO  | SCMAudit | user=jenkins1000 | ip=192.168.36.77 | op=GET_CONTAINER_WITH_PIPELINE {containerID=#3} | ret=SUCCESS |  
2019-08-23 04:27:12,002 | INFO  | OMAudit | user=jenkins1000 | ip=127.0.0.1 | op=COMMIT_KEY {volume=vol-0-42659, bucket=bucket-4-88694, key=key-6-04180, dataSize=10240, replicationType=null, replicationFactor=null, keyLocationInfo=[{blockID={containerID=2, localID=102664400533127317}, length=10240, offset=0, token=null, pipeline=Pipeline[ Id: 66543a4c-018c-4a46-974e-c455d70d824c, Nodes: f6d593da-3d81-42e7-b927-5f502e16088c{ip: 192.168.36.77, host: pr-hdds-2000-5mb45-3533150274, networkLocation: /default-rack, certSerialId: null}8d5baa0f-1210-41f1-915f-fdffd8779ee7{ip: 192.168.36.77, host: pr-hdds-2000-5mb45-3533150274, networkLocation: /default-rack, certSerialId: null}aaa8e91e-0eca-44f4-ad30-66eff97d1642{ip: 192.168.36.77, host: pr-hdds-2000-5mb45-3533150274, networkLocation: /default-rack, certSerialId: null}, Type:RATIS, Factor:THREE, State:OPEN], createVersion=0}], clientID=102664400533061776} | ret=SUCCESS |  
2019-08-23 04:27:12,002 | INFO  | SCMAudit | user=jenkins1000 | ip=192.168.36.77 | op=ALLOCATE_BLOCK {owner=0ede6294-5fd7-421b-8eb7-9656e082115f, size=4194304, type=RATIS, factor=THREE} | ret=SUCCESS |  
2019-08-23 04:27:12,002 | INFO  | OMAudit | user=jenkins1000 | ip=127.0.0.1 | op=READ_KEY {volume=vol-1-20205, bucket=bucket-0-84326, key=key-3-00723, dataSize=0, replicationType=null, replicationFactor=null, keyLocationInfo=null} | ret=SUCCESS |  
2019-08-23 04:27:12,002 | INFO  | SCMAudit | user=jenkins1000 | ip=192.168.36.77 | op=ALLOCATE_BLOCK {owner=0ede6294-5fd7-421b-8eb7-9656e082115f, size=4194304, type=RATIS, factor=THREE} | ret=SUCCESS |  
2019-08-23 04:27:12,002 | INFO  | SCMAudit | user=jenkins1000 | ip=192.168.36.77 | op=ALLOCATE_BLOCK {owner=0ede6294-5fd7-421b-8eb7-9656e082115f, size=4194304, type=RATIS, factor=THREE} | ret=SUCCESS |  
2019-08-23 04:27:12,002 | INFO  | SCMAudit | user=jenkins1000 | ip=192.168.36.77 | op=ALLOCATE_BLOCK {owner=0ede6294-5fd7-421b-8eb7-9656e082115f, size=4194304, type=RATIS, factor=THREE} | ret=SUCCESS |  
2019-08-23 04:27:12,002 | INFO  | OMAudit | user=jenkins1000 | ip=127.0.0.1 | op=ALLOCATE_KEY {volume=vol-0-42659, bucket=bucket-1-34712, key=key-7-86182, dataSize=10240, replicationType=RATIS, replicationFactor=THREE, keyLocationInfo=null} | ret=SUCCESS |  
2019-08-23 04:27:12,003 | INFO  | OMAudit | user=jenkins1000 | ip=127.0.0.1 | op=ALLOCATE_KEY {volume=vol-0-42659, bucket=bucket-2-77083, key=key-7-46379, dataSize=10240, replicationType=RATIS, replicationFactor=THREE, keyLocationInfo=null} | ret=SUCCESS |  
2019-08-23 04:27:12,003 | INFO  | SCMAudit | user=jenkins1000 | ip=192.168.36.77 | op=ALLOCATE_BLOCK {owner=0ede6294-5fd7-421b-8eb7-9656e082115f, size=4194304, type=RATIS, factor=THREE} | ret=SUCCESS |  
2019-08-23 04:27:12,003 | INFO  | OMAudit | user=jenkins1000 | ip=127.0.0.1 | op=ALLOCATE_KEY {volume=vol-1-20205, bucket=bucket-1-61988, key=key-7-84561, dataSize=10240, replicationType=RATIS, replicationFactor=THREE, keyLocationInfo=null} | ret=SUCCESS |  
2019-08-23 04:27:12,003 | INFO  | OMAudit | user=jenkins1000 | ip=127.0.0.1 | op=ALLOCATE_KEY {volume=vol-1-20205, bucket=bucket-2-67835, key=key-7-67774, dataSize=10240, replicationType=RATIS, replicationFactor=THREE, keyLocationInfo=null} | ret=SUCCESS |  
2019-08-23 04:27:12,003 | INFO  | SCMAudit | user=jenkins1000 | ip=192.168.36.77 | op=ALLOCATE_BLOCK {owner=0ede6294-5fd7-421b-8eb7-9656e082115f, size=4194304, type=RATIS, factor=THREE} | ret=SUCCESS |  
2019-08-23 04:27:12,003 | INFO  | OMAudit | user=jenkins1000 | ip=127.0.0.1 | op=ALLOCATE_KEY {volume=vol-0-42659, bucket=bucket-3-42268, key=key-7-58617, dataSize=10240, replicationType=RATIS, replicationFactor=THREE, keyLocationInfo=null} | ret=SUCCESS |  
2019-08-23 04:27:12,004 | INFO  | DNAudit | user=null | ip=null | op=GET_BLOCK {blockData=conID: 3 locID: 102664400520806475 bcsId: 261} | ret=SUCCESS |  
2019-08-23 04:27:12,004 | INFO  | OMAudit | user=jenkins1000 | ip=127.0.0.1 | op=ALLOCATE_KEY {volume=vol-1-20205, bucket=bucket-3-54341, key=key-7-91721, dataSize=10240, replicationType=RATIS, replicationFactor=THREE, keyLocationInfo=null} | ret=SUCCESS |  
2019-08-23 04:27:12,005 | INFO  | DNAudit | user=null | ip=null | op=WRITE_CHUNK {blockData=conID: 1 locID: 102664400535683231 bcsId: 0} | ret=SUCCESS |  
2019-08-23 04:27:12,005 | INFO  | DNAudit | user=null | ip=null | op=WRITE_CHUNK {blockData=conID: 2 locID: 102664400535683233 bcsId: 0} | ret=SUCCESS |  
2019-08-23 04:27:12,006 | INFO  | DNAudit | user=null | ip=null | op=READ_CHUNK {blockData=conID: 3 locID: 102664400520806475 bcsId: 261} | ret=SUCCESS |  
2019-08-23 04:27:12,006 | INFO  | DNAudit | user=null | ip=null | op=WRITE_CHUNK {blockData=conID: 1 locID: 102664400535683231 bcsId: 0} | ret=SUCCESS |  
2019-08-23 04:27:12,006 | INFO  | DNAudit | user=null | ip=null | op=WRITE_CHUNK {blockData=conID: 1 locID: 102664400535683231 bcsId: 0} | ret=SUCCESS |  
2019-08-23 04:27:12,006 | INFO  | DNAudit | user=null | ip=null | op=WRITE_CHUNK {blockData=conID: 3 locID: 102664400535683236 bcsId: 0} | ret=SUCCESS |  
2019-08-23 04:27:12,006 | INFO  | DNAudit | user=null | ip=null | op=WRITE_CHUNK {blockData=conID: 2 locID: 102664400535683233 bcsId: 0} | ret=SUCCESS |  
2019-08-23 04:27:12,006 | INFO  | DNAudit | user=null | ip=null | op=WRITE_CHUNK {blockData=conID: 2 locID: 102664400535683233 bcsId: 0} | ret=SUCCESS |  
2019-08-23 04:27:12,007 | INFO  | DNAudit | user=null | ip=null | op=WRITE_CHUNK {blockData=conID: 3 locID: 102664400535683236 bcsId: 0} | ret=SUCCESS |  
2019-08-23 04:27:12,007 | INFO  | DNAudit | user=null | ip=null | op=WRITE_CHUNK {blockData=conID: 3 locID: 102664400535683236 bcsId: 0} | ret=SUCCESS |  
2019-08-23 04:27:12,007 | INFO  | DNAudit | user=null | ip=null | op=WRITE_CHUNK {blockData=conID: 2 locID: 102664400533127318 bcsId: 0} | ret=SUCCESS |  
2019-08-23 04:27:12,007 | INFO  | DNAudit | user=null | ip=null | op=PUT_BLOCK {blockData=[blockId=conID: 1 locID: 102664400533127320 bcsId: 0,size=10240]} | ret=SUCCESS |  
2019-08-23 04:27:12,007 | INFO  | DNAudit | user=null | ip=null | op=WRITE_CHUNK {blockData=conID: 2 locID: 102664400535683234 bcsId: 0} | ret=SUCCESS |  
2019-08-23 04:27:12,007 | INFO  | DNAudit | user=null | ip=null | op=WRITE_CHUNK {blockData=conID: 3 locID: 102664400533192859 bcsId: 0} | ret=SUCCESS |  
2019-08-23 04:27:12,007 | INFO  | SCMAudit | user=jenkins1000 | ip=192.168.36.77 | op=GET_CONTAINER_WITH_PIPELINE {containerID=#2} | ret=SUCCESS |  
2019-08-23 04:27:12,007 | INFO  | DNAudit | user=null | ip=null | op=PUT_BLOCK {blockData=[blockId=conID: 2 locID: 102664400533192858 bcsId: 0,size=10240]} | ret=SUCCESS |  
2019-08-23 04:27:12,008 | INFO  | DNAudit | user=null | ip=null | op=PUT_BLOCK {blockData=[blockId=conID: 3 locID: 102664400533192859 bcsId: 0,size=10240]} | ret=SUCCESS |  
2019-08-23 04:27:12,008 [grpc-default-executor-1] INFO  client.GrpcClientProtocolClient (GrpcClientProtocolClient.java:onNext(255)) - client-8C6AA2FA99F1->aaa8e91e-0eca-44f4-ad30-66eff97d1642: receive RaftClientReply:client-8C6AA2FA99F1->aaa8e91e-0eca-44f4-ad30-66eff97d1642@group-C455D70D824C, cid=315, SUCCESS, logIndex=0, commits[aaa8e91e-0eca-44f4-ad30-66eff97d1642:c406, f6d593da-3d81-42e7-b927-5f502e16088c:c391, 8d5baa0f-1210-41f1-915f-fdffd8779ee7:c394]
2019-08-23 04:27:12,008 | INFO  | DNAudit | user=null | ip=null | op=PUT_BLOCK {blockData=[blockId=conID: 2 locID: 102664400533127318 bcsId: 0,size=10240]} | ret=SUCCESS |  
2019-08-23 04:27:12,008 | INFO  | DNAudit | user=null | ip=null | op=WRITE_CHUNK {blockData=conID: 2 locID: 102664400535683234 bcsId: 0} | ret=SUCCESS |  
2019-08-23 04:27:12,008 | INFO  | DNAudit | user=null | ip=null | op=WRITE_CHUNK {blockData=conID: 2 locID: 102664400535683234 bcsId: 0} | ret=SUCCESS |  
2019-08-23 04:27:12,008 | INFO  | OMAudit | user=jenkins1000 | ip=127.0.0.1 | op=READ_KEY {volume=vol-1-20205, bucket=bucket-1-61988, key=key-3-87637, dataSize=0, replicationType=null, replicationFactor=null, keyLocationInfo=null} | ret=SUCCESS |  
2019-08-23 04:27:12,008 | INFO  | DNAudit | user=null | ip=null | op=WRITE_CHUNK {blockData=conID: 1 locID: 102664400535748774 bcsId: 0} | ret=SUCCESS |  
2019-08-23 04:27:12,008 [grpc-default-executor-5] INFO  client.GrpcClientProtocolClient (GrpcClientProtocolClient.java:onNext(255)) - client-8C6AA2FA99F1->aaa8e91e-0eca-44f4-ad30-66eff97d1642: receive RaftClientReply:client-8C6AA2FA99F1->aaa8e91e-0eca-44f4-ad30-66eff97d1642@group-C455D70D824C, cid=316, SUCCESS, logIndex=0, commits[aaa8e91e-0eca-44f4-ad30-66eff97d1642:c406, f6d593da-3d81-42e7-b927-5f502e16088c:c391, 8d5baa0f-1210-41f1-915f-fdffd8779ee7:c394]
2019-08-23 04:27:12,009 [grpc-default-executor-2] INFO  client.GrpcClientProtocolClient (GrpcClientProtocolClient.java:onNext(255)) - client-8C6AA2FA99F1->aaa8e91e-0eca-44f4-ad30-66eff97d1642: receive RaftClientReply:client-8C6AA2FA99F1->aaa8e91e-0eca-44f4-ad30-66eff97d1642@group-C455D70D824C, cid=317, SUCCESS, logIndex=0, commits[aaa8e91e-0eca-44f4-ad30-66eff97d1642:c406, f6d593da-3d81-42e7-b927-5f502e16088c:c394, 8d5baa0f-1210-41f1-915f-fdffd8779ee7:c394]
2019-08-23 04:27:12,009 | INFO  | DNAudit | user=null | ip=null | op=WRITE_CHUNK {blockData=conID: 1 locID: 102664400535748774 bcsId: 0} | ret=SUCCESS |  
2019-08-23 04:27:12,009 | INFO  | DNAudit | user=null | ip=null | op=WRITE_CHUNK {blockData=conID: 1 locID: 102664400535748774 bcsId: 0} | ret=SUCCESS |  
2019-08-23 04:27:12,009 [grpc-default-executor-1] INFO  client.GrpcClientProtocolClient (GrpcClientProtocolClient.java:onNext(255)) - client-8C6AA2FA99F1->aaa8e91e-0eca-44f4-ad30-66eff97d1642: receive RaftClientReply:client-8C6AA2FA99F1->aaa8e91e-0eca-44f4-ad30-66eff97d1642@group-C455D70D824C, cid=318, SUCCESS, logIndex=0, commits[aaa8e91e-0eca-44f4-ad30-66eff97d1642:c406, f6d593da-3d81-42e7-b927-5f502e16088c:c394, 8d5baa0f-1210-41f1-915f-fdffd8779ee7:c394]
2019-08-23 04:27:12,010 | INFO  | DNAudit | user=null | ip=null | op=WRITE_CHUNK {blockData=conID: 2 locID: 102664400535683233 bcsId: 0} | ret=SUCCESS |  
2019-08-23 04:27:12,010 | INFO  | DNAudit | user=null | ip=null | op=WRITE_CHUNK {blockData=conID: 1 locID: 102664400535683231 bcsId: 0} | ret=SUCCESS |  
2019-08-23 04:27:12,010 | INFO  | DNAudit | user=null | ip=null | op=WRITE_CHUNK {blockData=conID: 2 locID: 102664400535748775 bcsId: 0} | ret=SUCCESS |  
2019-08-23 04:27:12,011 | INFO  | OMAudit | user=jenkins1000 | ip=127.0.0.1 | op=COMMIT_KEY {volume=vol-1-20205, bucket=bucket-4-54813, key=key-6-79891, dataSize=10240, replicationType=null, replicationFactor=null, keyLocationInfo=[{blockID={containerID=1, localID=102664400533127320}, length=10240, offset=0, token=null, pipeline=Pipeline[ Id: 66543a4c-018c-4a46-974e-c455d70d824c, Nodes: f6d593da-3d81-42e7-b927-5f502e16088c{ip: 192.168.36.77, host: pr-hdds-2000-5mb45-3533150274, networkLocation: /default-rack, certSerialId: null}8d5baa0f-1210-41f1-915f-fdffd8779ee7{ip: 192.168.36.77, host: pr-hdds-2000-5mb45-3533150274, networkLocation: /default-rack, certSerialId: null}aaa8e91e-0eca-44f4-ad30-66eff97d1642{ip: 192.168.36.77, host: pr-hdds-2000-5mb45-3533150274, networkLocation: /default-rack, certSerialId: null}, Type:RATIS, Factor:THREE, State:OPEN], createVersion=0}], clientID=102664400533061778} | ret=SUCCESS |  
2019-08-23 04:27:12,011 | INFO  | DNAudit | user=null | ip=null | op=GET_BLOCK {blockData=conID: 2 locID: 102664400521003087 bcsId: 264} | ret=SUCCESS |  
2019-08-23 04:27:12,011 | INFO  | OMAudit | user=jenkins1000 | ip=127.0.0.1 | op=COMMIT_KEY {volume=vol-0-42659, bucket=bucket-0-06613, key=key-7-34200, dataSize=10240, replicationType=null, replicationFactor=null, keyLocationInfo=[{blockID={containerID=2, localID=102664400533192858}, length=10240, offset=0, token=null, pipeline=Pipeline[ Id: 66543a4c-018c-4a46-974e-c455d70d824c, Nodes: f6d593da-3d81-42e7-b927-5f502e16088c{ip: 192.168.36.77, host: pr-hdds-2000-5mb45-3533150274, networkLocation: /default-rack, certSerialId: null}8d5baa0f-1210-41f1-915f-fdffd8779ee7{ip: 192.168.36.77, host: pr-hdds-2000-5mb45-3533150274, networkLocation: /default-rack, certSerialId: null}aaa8e91e-0eca-44f4-ad30-66eff97d1642{ip: 192.168.36.77, host: pr-hdds-2000-5mb45-3533150274, networkLocation: /default-rack, certSerialId: null}, Type:RATIS, Factor:THREE, State:OPEN], createVersion=0}], clientID=102664400533127316} | ret=SUCCESS |  
2019-08-23 04:27:12,011 | INFO  | DNAudit | user=null | ip=null | op=WRITE_CHUNK {blockData=conID: 2 locID: 102664400535748775 bcsId: 0} | ret=SUCCESS |  
2019-08-23 04:27:12,012 | INFO  | DNAudit | user=null | ip=null | op=WRITE_CHUNK {blockData=conID: 2 locID: 102664400535748775 bcsId: 0} | ret=SUCCESS |  
2019-08-23 04:27:12,012 | INFO  | OMAudit | user=jenkins1000 | ip=127.0.0.1 | op=COMMIT_KEY {volume=vol-0-42659, bucket=bucket-3-42268, key=key-6-29056, dataSize=10240, replicationType=null, replicationFactor=null, keyLocationInfo=[{blockID={containerID=2, localID=102664400533127318}, length=10240, offset=0, token=null, pipeline=Pipeline[ Id: 66543a4c-018c-4a46-974e-c455d70d824c, Nodes: f6d593da-3d81-42e7-b927-5f502e16088c{ip: 192.168.36.77, host: pr-hdds-2000-5mb45-3533150274, networkLocation: /default-rack, certSerialId: null}8d5baa0f-1210-41f1-915f-fdffd8779ee7{ip: 192.168.36.77, host: pr-hdds-2000-5mb45-3533150274, networkLocation: /default-rack, certSerialId: null}aaa8e91e-0eca-44f4-ad30-66eff97d1642{ip: 192.168.36.77, host: pr-hdds-2000-5mb45-3533150274, networkLocation: /default-rack, certSerialId: null}, Type:RATIS, Factor:THREE, State:OPEN], createVersion=0}], clientID=102664400533061779} | ret=SUCCESS |  
2019-08-23 04:27:12,013 | INFO  | SCMAudit | user=jenkins1000 | ip=192.168.36.77 | op=ALLOCATE_BLOCK {owner=0ede6294-5fd7-421b-8eb7-9656e082115f, size=4194304, type=RATIS, factor=THREE} | ret=SUCCESS |  
2019-08-23 04:27:12,013 | INFO  | DNAudit | user=null | ip=null | op=READ_CHUNK {blockData=conID: 2 locID: 102664400521003087 bcsId: 264} | ret=SUCCESS |  
2019-08-23 04:27:12,013 | INFO  | DNAudit | user=null | ip=null | op=WRITE_CHUNK {blockData=conID: 3 locID: 102664400535683236 bcsId: 0} | ret=SUCCESS |  
2019-08-23 04:27:12,013 | INFO  | SCMAudit | user=jenkins1000 | ip=192.168.36.77 | op=ALLOCATE_BLOCK {owner=0ede6294-5fd7-421b-8eb7-9656e082115f, size=4194304, type=RATIS, factor=THREE} | ret=SUCCESS |  
2019-08-23 04:27:12,013 | INFO  | DNAudit | user=null | ip=null | op=WRITE_CHUNK {blockData=conID: 2 locID: 102664400535683234 bcsId: 0} | ret=SUCCESS |  
2019-08-23 04:27:12,013 | INFO  | DNAudit | user=null | ip=null | op=PUT_BLOCK {blockData=[blockId=conID: 1 locID: 102664400535683231 bcsId: 0,size=10240]} | ret=SUCCESS |  
2019-08-23 04:27:12,013 [grpc-default-executor-1] INFO  client.GrpcClientProtocolClient (GrpcClientProtocolClient.java:onNext(255)) - client-8C6AA2FA99F1->aaa8e91e-0eca-44f4-ad30-66eff97d1642: receive RaftClientReply:client-8C6AA2FA99F1->aaa8e91e-0eca-44f4-ad30-66eff97d1642@group-C455D70D824C, cid=319, SUCCESS, logIndex=407, commits[aaa8e91e-0eca-44f4-ad30-66eff97d1642:c408, f6d593da-3d81-42e7-b927-5f502e16088c:c406, 8d5baa0f-1210-41f1-915f-fdffd8779ee7:c406]
2019-08-23 04:27:12,013 | INFO  | DNAudit | user=null | ip=null | op=PUT_BLOCK {blockData=[blockId=conID: 3 locID: 102664400535683236 bcsId: 0,size=10240]} | ret=SUCCESS |  
2019-08-23 04:27:12,014 | INFO  | OMAudit | user=jenkins1000 | ip=127.0.0.1 | op=COMMIT_KEY {volume=vol-1-20205, bucket=bucket-0-84326, key=key-7-56156, dataSize=10240, replicationType=null, replicationFactor=null, keyLocationInfo=[{blockID={containerID=3, localID=102664400533192859}, length=10240, offset=0, token=null, pipeline=Pipeline[ Id: 66543a4c-018c-4a46-974e-c455d70d824c, Nodes: f6d593da-3d81-42e7-b927-5f502e16088c{ip: 192.168.36.77, host: pr-hdds-2000-5mb45-3533150274, networkLocation: /default-rack, certSerialId: null}8d5baa0f-1210-41f1-915f-fdffd8779ee7{ip: 192.168.36.77, host: pr-hdds-2000-5mb45-3533150274, networkLocation: /default-rack, certSerialId: null}aaa8e91e-0eca-44f4-ad30-66eff97d1642{ip: 192.168.36.77, host: pr-hdds-2000-5mb45-3533150274, networkLocation: /default-rack, certSerialId: null}, Type:RATIS, Factor:THREE, State:OPEN], createVersion=0}], clientID=102664400533127321} | ret=SUCCESS |  
2019-08-23 04:27:12,014 [grpc-default-executor-1] INFO  client.GrpcClientProtocolClient (GrpcClientProtocolClient.java:onNext(255)) - client-8C6AA2FA99F1->aaa8e91e-0eca-44f4-ad30-66eff97d1642: receive RaftClientReply:client-8C6AA2FA99F1->aaa8e91e-0eca-44f4-ad30-66eff97d1642@group-C455D70D824C, cid=320, SUCCESS, logIndex=408, commits[aaa8e91e-0eca-44f4-ad30-66eff97d1642:c408, f6d593da-3d81-42e7-b927-5f502e16088c:c406, 8d5baa0f-1210-41f1-915f-fdffd8779ee7:c406]
2019-08-23 04:27:12,014 | INFO  | OMAudit | user=jenkins1000 | ip=127.0.0.1 | op=ALLOCATE_KEY {volume=vol-1-20205, bucket=bucket-4-54813, key=key-7-84618, dataSize=10240, replicationType=RATIS, replicationFactor=THREE, keyLocationInfo=null} | ret=SUCCESS |  
2019-08-23 04:27:12,014 | INFO  | OMAudit | user=jenkins1000 | ip=127.0.0.1 | op=ALLOCATE_KEY {volume=vol-0-42659, bucket=bucket-4-88694, key=key-7-60675, dataSize=10240, replicationType=RATIS, replicationFactor=THREE, keyLocationInfo=null} | ret=SUCCESS |  
2019-08-23 04:27:12,014 | INFO  | SCMAudit | user=jenkins1000 | ip=192.168.36.77 | op=ALLOCATE_BLOCK {owner=0ede6294-5fd7-421b-8eb7-9656e082115f, size=4194304, type=RATIS, factor=THREE} | ret=SUCCESS |  
2019-08-23 04:27:12,014 | INFO  | DNAudit | user=null | ip=null | op=PUT_BLOCK {blockData=[blockId=conID: 2 locID: 102664400535683233 bcsId: 0,size=10240]} | ret=SUCCESS |  
2019-08-23 04:27:12,014 | INFO  | DNAudit | user=null | ip=null | op=WRITE_CHUNK {blockData=conID: 1 locID: 102664400535748774 bcsId: 0} | ret=SUCCESS |  
2019-08-23 04:27:12,014 [grpc-default-executor-1] INFO  client.GrpcClientProtocolClient (GrpcClientProtocolClient.java:onNext(255)) - client-8C6AA2FA99F1->aaa8e91e-0eca-44f4-ad30-66eff97d1642: receive RaftClientReply:client-8C6AA2FA99F1->aaa8e91e-0eca-44f4-ad30-66eff97d1642@group-C455D70D824C, cid=322, SUCCESS, logIndex=409, commits[aaa8e91e-0eca-44f4-ad30-66eff97d1642:c412, f6d593da-3d81-42e7-b927-5f502e16088c:c406, 8d5baa0f-1210-41f1-915f-fdffd8779ee7:c406]
2019-08-23 04:27:12,015 | INFO  | SCMAudit | user=jenkins1000 | ip=192.168.36.77 | op=GET_CONTAINER_WITH_PIPELINE {containerID=#1} | ret=SUCCESS |  
2019-08-23 04:27:12,015 | INFO  | OMAudit | user=jenkins1000 | ip=127.0.0.1 | op=ALLOCATE_KEY {volume=vol-0-42659, bucket=bucket-0-06613, key=key-8-76389, dataSize=10240, replicationType=RATIS, replicationFactor=THREE, keyLocationInfo=null} | ret=SUCCESS |  
2019-08-23 04:27:12,015 [grpc-default-executor-1] INFO  client.GrpcClientProtocolClient (GrpcClientProtocolClient.java:onNext(255)) - client-8C6AA2FA99F1->aaa8e91e-0eca-44f4-ad30-66eff97d1642: receive RaftClientReply:client-8C6AA2FA99F1->aaa8e91e-0eca-44f4-ad30-66eff97d1642@group-C455D70D824C, cid=321, SUCCESS, logIndex=410, commits[aaa8e91e-0eca-44f4-ad30-66eff97d1642:c412, f6d593da-3d81-42e7-b927-5f502e16088c:c406, 8d5baa0f-1210-41f1-915f-fdffd8779ee7:c406]
2019-08-23 04:27:12,015 | INFO  | OMAudit | user=jenkins1000 | ip=127.0.0.1 | op=READ_KEY {volume=vol-0-42659, bucket=bucket-1-34712, key=key-3-76860, dataSize=0, replicationType=null, replicationFactor=null, keyLocationInfo=null} | ret=SUCCESS |  
2019-08-23 04:27:12,015 [grpc-default-executor-1] INFO  client.GrpcClientProtocolClient (GrpcClientProtocolClient.java:onNext(255)) - client-8C6AA2FA99F1->aaa8e91e-0eca-44f4-ad30-66eff97d1642: receive RaftClientReply:client-8C6AA2FA99F1->aaa8e91e-0eca-44f4-ad30-66eff97d1642@group-C455D70D824C, cid=325, SUCCESS, logIndex=411, commits[aaa8e91e-0eca-44f4-ad30-66eff97d1642:c412, f6d593da-3d81-42e7-b927-5f502e16088c:c406, 8d5baa0f-1210-41f1-915f-fdffd8779ee7:c406]
2019-08-23 04:27:12,016 [grpc-default-executor-1] INFO  client.GrpcClientProtocolClient (GrpcClientProtocolClient.java:onNext(255)) - client-8C6AA2FA99F1->aaa8e91e-0eca-44f4-ad30-66eff97d1642: receive RaftClientReply:client-8C6AA2FA99F1->aaa8e91e-0eca-44f4-ad30-66eff97d1642@group-C455D70D824C, cid=324, SUCCESS, logIndex=412, commits[aaa8e91e-0eca-44f4-ad30-66eff97d1642:c412, f6d593da-3d81-42e7-b927-5f502e16088c:c406, 8d5baa0f-1210-41f1-915f-fdffd8779ee7:c406]
2019-08-23 04:27:12,016 | INFO  | SCMAudit | user=jenkins1000 | ip=192.168.36.77 | op=ALLOCATE_BLOCK {owner=0ede6294-5fd7-421b-8eb7-9656e082115f, size=4194304, type=RATIS, factor=THREE} | ret=SUCCESS |  
2019-08-23 04:27:12,016 [grpc-default-executor-1] INFO  client.GrpcClientProtocolClient (GrpcClientProtocolClient.java:onNext(255)) - client-8C6AA2FA99F1->aaa8e91e-0eca-44f4-ad30-66eff97d1642: receive RaftClientReply:client-8C6AA2FA99F1->aaa8e91e-0eca-44f4-ad30-66eff97d1642@group-C455D70D824C, cid=323, SUCCESS, logIndex=413, commits[aaa8e91e-0eca-44f4-ad30-66eff97d1642:c414, f6d593da-3d81-42e7-b927-5f502e16088c:c406, 8d5baa0f-1210-41f1-915f-fdffd8779ee7:c406]
2019-08-23 04:27:12,017 | INFO  | OMAudit | user=jenkins1000 | ip=127.0.0.1 | op=ALLOCATE_KEY {volume=vol-1-20205, bucket=bucket-0-84326, key=key-8-62471, dataSize=10240, replicationType=RATIS, replicationFactor=THREE, keyLocationInfo=null} | ret=SUCCESS |  
2019-08-23 04:27:12,017 | INFO  | DNAudit | user=null | ip=null | op=WRITE_CHUNK {blockData=conID: 3 locID: 102664400536404138 bcsId: 0} | ret=SUCCESS |  
2019-08-23 04:27:12,017 [grpc-default-executor-1] INFO  client.GrpcClientProtocolClient (GrpcClientProtocolClient.java:onNext(255)) - client-8C6AA2FA99F1->aaa8e91e-0eca-44f4-ad30-66eff97d1642: receive RaftClientReply:client-8C6AA2FA99F1->aaa8e91e-0eca-44f4-ad30-66eff97d1642@group-C455D70D824C, cid=326, SUCCESS, logIndex=414, commits[aaa8e91e-0eca-44f4-ad30-66eff97d1642:c414, f6d593da-3d81-42e7-b927-5f502e16088c:c406, 8d5baa0f-1210-41f1-915f-fdffd8779ee7:c406]
2019-08-23 04:27:12,017 | INFO  | DNAudit | user=null | ip=null | op=WRITE_CHUNK {blockData=conID: 1 locID: 102664400536404139 bcsId: 0} | ret=SUCCESS |  
2019-08-23 04:27:12,018 | INFO  | DNAudit | user=null | ip=null | op=WRITE_CHUNK {blockData=conID: 3 locID: 102664400536404138 bcsId: 0} | ret=SUCCESS |  
2019-08-23 04:27:12,018 | INFO  | DNAudit | user=null | ip=null | op=GET_BLOCK {blockData=conID: 1 locID: 102664400521003086 bcsId: 265} | ret=SUCCESS |  
2019-08-23 04:27:12,018 | INFO  | DNAudit | user=null | ip=null | op=WRITE_CHUNK {blockData=conID: 3 locID: 102664400536404138 bcsId: 0} | ret=SUCCESS |  
2019-08-23 04:27:12,018 | INFO  | DNAudit | user=null | ip=null | op=WRITE_CHUNK {blockData=conID: 1 locID: 102664400536404139 bcsId: 0} | ret=SUCCESS |  
2019-08-23 04:27:12,018 | INFO  | DNAudit | user=null | ip=null | op=WRITE_CHUNK {blockData=conID: 2 locID: 102664400536469677 bcsId: 0} | ret=SUCCESS |  
2019-08-23 04:27:12,018 | INFO  | DNAudit | user=null | ip=null | op=WRITE_CHUNK {blockData=conID: 1 locID: 102664400536404139 bcsId: 0} | ret=SUCCESS |  
2019-08-23 04:27:12,019 | INFO  | DNAudit | user=null | ip=null | op=WRITE_CHUNK {blockData=conID: 2 locID: 102664400536469677 bcsId: 0} | ret=SUCCESS |  
2019-08-23 04:27:12,019 | INFO  | DNAudit | user=null | ip=null | op=WRITE_CHUNK {blockData=conID: 2 locID: 102664400536469677 bcsId: 0} | ret=SUCCESS |  
2019-08-23 04:27:12,019 | INFO  | DNAudit | user=null | ip=null | op=WRITE_CHUNK {blockData=conID: 3 locID: 102664400536600751 bcsId: 0} | ret=SUCCESS |  
2019-08-23 04:27:12,020 | INFO  | DNAudit | user=null | ip=null | op=READ_CHUNK {blockData=conID: 1 locID: 102664400521003086 bcsId: 265} | ret=SUCCESS |  
2019-08-23 04:27:12,020 | INFO  | DNAudit | user=null | ip=null | op=WRITE_CHUNK {blockData=conID: 3 locID: 102664400536600751 bcsId: 0} | ret=SUCCESS |  
2019-08-23 04:27:12,020 | INFO  | DNAudit | user=null | ip=null | op=WRITE_CHUNK {blockData=conID: 3 locID: 102664400536600751 bcsId: 0} | ret=SUCCESS |  
2019-08-23 04:27:12,021 | INFO  | SCMAudit | user=jenkins1000 | ip=192.168.36.77 | op=GET_CONTAINER_WITH_PIPELINE {containerID=#3} | ret=SUCCESS |  
2019-08-23 04:27:12,022 | INFO  | OMAudit | user=jenkins1000 | ip=127.0.0.1 | op=READ_KEY {volume=vol-0-42659, bucket=bucket-2-77083, key=key-3-35706, dataSize=0, replicationType=null, replicationFactor=null, keyLocationInfo=null} | ret=SUCCESS |  
2019-08-23 04:27:12,024 | INFO  | DNAudit | user=null | ip=null | op=GET_BLOCK {blockData=conID: 3 locID: 102664400521068625 bcsId: 271} | ret=SUCCESS |  
2019-08-23 04:27:12,025 | INFO  | DNAudit | user=null | ip=null | op=READ_CHUNK {blockData=conID: 3 locID: 102664400521068625 bcsId: 271} | ret=SUCCESS |  
2019-08-23 04:27:12,027 | INFO  | SCMAudit | user=jenkins1000 | ip=192.168.36.77 | op=GET_CONTAINER_WITH_PIPELINE {containerID=#1} | ret=SUCCESS |  
2019-08-23 04:27:12,028 | INFO  | OMAudit | user=jenkins1000 | ip=127.0.0.1 | op=READ_KEY {volume=vol-1-20205, bucket=bucket-2-67835, key=key-3-90913, dataSize=0, replicationType=null, replicationFactor=null, keyLocationInfo=null} | ret=SUCCESS |  
2019-08-23 04:27:12,030 | INFO  | DNAudit | user=null | ip=null | op=GET_BLOCK {blockData=conID: 1 locID: 102664400521199700 bcsId: 273} | ret=SUCCESS |  
2019-08-23 04:27:12,032 | INFO  | DNAudit | user=null | ip=null | op=WRITE_CHUNK {blockData=conID: 1 locID: 102664400535683231 bcsId: 0} | ret=SUCCESS |  
2019-08-23 04:27:12,032 | INFO  | DNAudit | user=null | ip=null | op=WRITE_CHUNK {blockData=conID: 2 locID: 102664400535683233 bcsId: 0} | ret=SUCCESS |  
2019-08-23 04:27:12,032 | INFO  | DNAudit | user=null | ip=null | op=PUT_BLOCK {blockData=[blockId=conID: 2 locID: 102664400535683234 bcsId: 0,size=10240]} | ret=SUCCESS |  
2019-08-23 04:27:12,032 | INFO  | DNAudit | user=null | ip=null | op=READ_CHUNK {blockData=conID: 1 locID: 102664400521199700 bcsId: 273} | ret=SUCCESS |  
2019-08-23 04:27:12,032 | INFO  | DNAudit | user=null | ip=null | op=PUT_BLOCK {blockData=[blockId=conID: 1 locID: 102664400535748774 bcsId: 0,size=10240]} | ret=SUCCESS |  
2019-08-23 04:27:12,032 | INFO  | DNAudit | user=null | ip=null | op=WRITE_CHUNK {blockData=conID: 2 locID: 102664400535748775 bcsId: 0} | ret=SUCCESS |  
2019-08-23 04:27:12,033 [grpc-default-executor-6] INFO  client.GrpcClientProtocolClient (GrpcClientProtocolClient.java:onNext(255)) - client-8C6AA2FA99F1->aaa8e91e-0eca-44f4-ad30-66eff97d1642: receive RaftClientReply:client-8C6AA2FA99F1->aaa8e91e-0eca-44f4-ad30-66eff97d1642@group-C455D70D824C, cid=327, SUCCESS, logIndex=415, commits[aaa8e91e-0eca-44f4-ad30-66eff97d1642:c417, f6d593da-3d81-42e7-b927-5f502e16088c:c406, 8d5baa0f-1210-41f1-915f-fdffd8779ee7:c408]
2019-08-23 04:27:12,033 | INFO  | DNAudit | user=null | ip=null | op=PUT_BLOCK {blockData=[blockId=conID: 2 locID: 102664400535748775 bcsId: 0,size=10240]} | ret=SUCCESS |  
2019-08-23 04:27:12,033 [grpc-default-executor-6] INFO  client.GrpcClientProtocolClient (GrpcClientProtocolClient.java:onNext(255)) - client-8C6AA2FA99F1->aaa8e91e-0eca-44f4-ad30-66eff97d1642: receive RaftClientReply:client-8C6AA2FA99F1->aaa8e91e-0eca-44f4-ad30-66eff97d1642@group-C455D70D824C, cid=328, SUCCESS, logIndex=417, commits[aaa8e91e-0eca-44f4-ad30-66eff97d1642:c420, f6d593da-3d81-42e7-b927-5f502e16088c:c406, 8d5baa0f-1210-41f1-915f-fdffd8779ee7:c408]
2019-08-23 04:27:12,033 [grpc-default-executor-6] INFO  client.GrpcClientProtocolClient (GrpcClientProtocolClient.java:onNext(255)) - client-8C6AA2FA99F1->aaa8e91e-0eca-44f4-ad30-66eff97d1642: receive RaftClientReply:client-8C6AA2FA99F1->aaa8e91e-0eca-44f4-ad30-66eff97d1642@group-C455D70D824C, cid=329, SUCCESS, logIndex=419, commits[aaa8e91e-0eca-44f4-ad30-66eff97d1642:c420, f6d593da-3d81-42e7-b927-5f502e16088c:c406, 8d5baa0f-1210-41f1-915f-fdffd8779ee7:c408]
2019-08-23 04:27:12,034 | INFO  | SCMAudit | user=jenkins1000 | ip=192.168.36.77 | op=GET_CONTAINER_WITH_PIPELINE {containerID=#2} | ret=SUCCESS |  
2019-08-23 04:27:12,034 [grpc-default-executor-6] INFO  client.GrpcClientProtocolClient (GrpcClientProtocolClient.java:onNext(255)) - client-8C6AA2FA99F1->aaa8e91e-0eca-44f4-ad30-66eff97d1642: receive RaftClientReply:client-8C6AA2FA99F1->aaa8e91e-0eca-44f4-ad30-66eff97d1642@group-C455D70D824C, cid=330, SUCCESS, logIndex=420, commits[aaa8e91e-0eca-44f4-ad30-66eff97d1642:c420, f6d593da-3d81-42e7-b927-5f502e16088c:c406, 8d5baa0f-1210-41f1-915f-fdffd8779ee7:c408]
2019-08-23 04:27:12,034 | INFO  | OMAudit | user=jenkins1000 | ip=127.0.0.1 | op=READ_KEY {volume=vol-0-42659, bucket=bucket-3-42268, key=key-3-01793, dataSize=0, replicationType=null, replicationFactor=null, keyLocationInfo=null} | ret=SUCCESS |  
2019-08-23 04:27:12,036 | INFO  | DNAudit | user=null | ip=null | op=GET_BLOCK {blockData=conID: 2 locID: 102664400521199701 bcsId: 275} | ret=SUCCESS |  
2019-08-23 04:27:12,038 | INFO  | DNAudit | user=null | ip=null | op=READ_CHUNK {blockData=conID: 2 locID: 102664400521199701 bcsId: 275} | ret=SUCCESS |  
2019-08-23 04:27:12,045 | INFO  | SCMAudit | user=jenkins1000 | ip=192.168.36.77 | op=GET_CONTAINER_WITH_PIPELINE {containerID=#3} | ret=SUCCESS |  
2019-08-23 04:27:12,046 | INFO  | OMAudit | user=jenkins1000 | ip=127.0.0.1 | op=READ_KEY {volume=vol-0-42659, bucket=bucket-4-88694, key=key-3-42080, dataSize=0, replicationType=null, replicationFactor=null, keyLocationInfo=null} | ret=SUCCESS |  
2019-08-23 04:27:12,048 | INFO  | DNAudit | user=null | ip=null | op=GET_BLOCK {blockData=conID: 3 locID: 102664400521986138 bcsId: 281} | ret=SUCCESS |  
2019-08-23 04:27:12,050 | INFO  | DNAudit | user=null | ip=null | op=READ_CHUNK {blockData=conID: 3 locID: 102664400521986138 bcsId: 281} | ret=SUCCESS |  
2019-08-23 04:27:12,051 | INFO  | SCMAudit | user=jenkins1000 | ip=192.168.36.77 | op=GET_CONTAINER_WITH_PIPELINE {containerID=#3} | ret=SUCCESS |  
2019-08-23 04:27:12,052 | INFO  | OMAudit | user=jenkins1000 | ip=127.0.0.1 | op=READ_KEY {volume=vol-1-20205, bucket=bucket-3-54341, key=key-3-56060, dataSize=0, replicationType=null, replicationFactor=null, keyLocationInfo=null} | ret=SUCCESS |  
2019-08-23 04:27:12,263 | INFO  | DNAudit | user=null | ip=null | op=WRITE_CHUNK {blockData=conID: 3 locID: 102664400535683236 bcsId: 0} | ret=SUCCESS |  
2019-08-23 04:27:12,263 | INFO  | DNAudit | user=null | ip=null | op=PUT_BLOCK {blockData=[blockId=conID: 1 locID: 102664400535683231 bcsId: 0,size=10240]} | ret=SUCCESS |  
2019-08-23 04:27:12,263 | INFO  | DNAudit | user=null | ip=null | op=WRITE_CHUNK {blockData=conID: 2 locID: 102664400535683234 bcsId: 0} | ret=SUCCESS |  
2019-08-23 04:27:12,263 | INFO  | SCMAudit | user=jenkins1000 | ip=192.168.36.77 | op=SEND_HEARTBEAT {datanodeUUID=1394b7c5-6324-4406-bd9f-1c4b9a85bfa9, command=[]} | ret=SUCCESS |  
2019-08-23 04:27:12,264 | INFO  | DNAudit | user=null | ip=null | op=PUT_BLOCK {blockData=[blockId=conID: 3 locID: 102664400535683236 bcsId: 0,size=10240]} | ret=SUCCESS |  
2019-08-23 04:27:12,264 | INFO  | DNAudit | user=null | ip=null | op=PUT_BLOCK {blockData=[blockId=conID: 2 locID: 102664400535683233 bcsId: 0,size=10240]} | ret=SUCCESS |  
2019-08-23 04:27:12,264 | INFO  | DNAudit | user=null | ip=null | op=WRITE_CHUNK {blockData=conID: 1 locID: 102664400535748774 bcsId: 0} | ret=SUCCESS |  
2019-08-23 04:27:12,265 | INFO  | DNAudit | user=null | ip=null | op=WRITE_CHUNK {blockData=conID: 1 locID: 102664400535683231 bcsId: 0} | ret=SUCCESS |  
2019-08-23 04:27:12,265 | INFO  | DNAudit | user=null | ip=null | op=GET_BLOCK {blockData=conID: 3 locID: 102664400521986137 bcsId: 282} | ret=SUCCESS |  
2019-08-23 04:27:12,265 | INFO  | DNAudit | user=null | ip=null | op=WRITE_CHUNK {blockData=conID: 2 locID: 102664400535683233 bcsId: 0} | ret=SUCCESS |  
2019-08-23 04:27:12,267 | INFO  | DNAudit | user=null | ip=null | op=WRITE_CHUNK {blockData=conID: 3 locID: 102664400536404138 bcsId: 0} | ret=SUCCESS |  
2019-08-23 04:27:12,267 | INFO  | DNAudit | user=null | ip=null | op=WRITE_CHUNK {blockData=conID: 1 locID: 102664400536404139 bcsId: 0} | ret=SUCCESS |  
2019-08-23 04:27:12,267 | INFO  | DNAudit | user=null | ip=null | op=WRITE_CHUNK {blockData=conID: 2 locID: 102664400536469677 bcsId: 0} | ret=SUCCESS |  
2019-08-23 04:27:12,268 | INFO  | DNAudit | user=null | ip=null | op=PUT_BLOCK {blockData=[blockId=conID: 3 locID: 102664400536404138 bcsId: 0,size=10240]} | ret=SUCCESS |  
2019-08-23 04:27:12,268 | INFO  | DNAudit | user=null | ip=null | op=PUT_BLOCK {blockData=[blockId=conID: 2 locID: 102664400536469677 bcsId: 0,size=10240]} | ret=SUCCESS |  
2019-08-23 04:27:12,269 | INFO  | DNAudit | user=null | ip=null | op=PUT_BLOCK {blockData=[blockId=conID: 1 locID: 102664400536404139 bcsId: 0,size=10240]} | ret=SUCCESS |  
2019-08-23 04:27:12,269 | INFO  | DNAudit | user=null | ip=null | op=READ_CHUNK {blockData=conID: 3 locID: 102664400521986137 bcsId: 282} | ret=SUCCESS |  
2019-08-23 04:27:12,269 | INFO  | DNAudit | user=null | ip=null | op=WRITE_CHUNK {blockData=conID: 3 locID: 102664400536600751 bcsId: 0} | ret=SUCCESS |  
2019-08-23 04:27:12,269 [grpc-default-executor-5] INFO  client.GrpcClientProtocolClient (GrpcClientProtocolClient.java:onNext(255)) - client-8C6AA2FA99F1->aaa8e91e-0eca-44f4-ad30-66eff97d1642: receive RaftClientReply:client-8C6AA2FA99F1->aaa8e91e-0eca-44f4-ad30-66eff97d1642@group-C455D70D824C, cid=332, SUCCESS, logIndex=424, commits[aaa8e91e-0eca-44f4-ad30-66eff97d1642:c427, f6d593da-3d81-42e7-b927-5f502e16088c:c406, 8d5baa0f-1210-41f1-915f-fdffd8779ee7:c414]
2019-08-23 04:27:12,270 | INFO  | DNAudit | user=null | ip=null | op=PUT_BLOCK {blockData=[blockId=conID: 3 locID: 102664400536600751 bcsId: 0,size=10240]} | ret=SUCCESS |  
2019-08-23 04:27:12,270 [grpc-default-executor-5] INFO  client.GrpcClientProtocolClient (GrpcClientProtocolClient.java:onNext(255)) - client-8C6AA2FA99F1->aaa8e91e-0eca-44f4-ad30-66eff97d1642: receive RaftClientReply:client-8C6AA2FA99F1->aaa8e91e-0eca-44f4-ad30-66eff97d1642@group-C455D70D824C, cid=333, SUCCESS, logIndex=425, commits[aaa8e91e-0eca-44f4-ad30-66eff97d1642:c427, f6d593da-3d81-42e7-b927-5f502e16088c:c406, 8d5baa0f-1210-41f1-915f-fdffd8779ee7:c414]
2019-08-23 04:27:12,271 [grpc-default-executor-5] INFO  client.GrpcClientProtocolClient (GrpcClientProtocolClient.java:onNext(255)) - client-8C6AA2FA99F1->aaa8e91e-0eca-44f4-ad30-66eff97d1642: receive RaftClientReply:client-8C6AA2FA99F1->aaa8e91e-0eca-44f4-ad30-66eff97d1642@group-C455D70D824C, cid=335, SUCCESS, logIndex=426, commits[aaa8e91e-0eca-44f4-ad30-66eff97d1642:c428, f6d593da-3d81-42e7-b927-5f502e16088c:c408, 8d5baa0f-1210-41f1-915f-fdffd8779ee7:c414]
2019-08-23 04:27:12,271 [grpc-default-executor-5] INFO  client.GrpcClientProtocolClient (GrpcClientProtocolClient.java:onNext(255)) - client-8C6AA2FA99F1->aaa8e91e-0eca-44f4-ad30-66eff97d1642: receive RaftClientReply:client-8C6AA2FA99F1->aaa8e91e-0eca-44f4-ad30-66eff97d1642@group-C455D70D824C, cid=337, SUCCESS, logIndex=427, commits[aaa8e91e-0eca-44f4-ad30-66eff97d1642:c427, f6d593da-3d81-42e7-b927-5f502e16088c:c406, 8d5baa0f-1210-41f1-915f-fdffd8779ee7:c414]
2019-08-23 04:27:12,272 | INFO  | SCMAudit | user=jenkins1000 | ip=192.168.36.77 | op=GET_CONTAINER_WITH_PIPELINE {containerID=#1} | ret=SUCCESS |  
2019-08-23 04:27:12,272 [grpc-default-executor-5] INFO  client.GrpcClientProtocolClient (GrpcClientProtocolClient.java:onNext(255)) - client-8C6AA2FA99F1->aaa8e91e-0eca-44f4-ad30-66eff97d1642: receive RaftClientReply:client-8C6AA2FA99F1->aaa8e91e-0eca-44f4-ad30-66eff97d1642@group-C455D70D824C, cid=336, SUCCESS, logIndex=428, commits[aaa8e91e-0eca-44f4-ad30-66eff97d1642:c431, f6d593da-3d81-42e7-b927-5f502e16088c:c408, 8d5baa0f-1210-41f1-915f-fdffd8779ee7:c414]
2019-08-23 04:27:12,272 | INFO  | OMAudit | user=jenkins1000 | ip=127.0.0.1 | op=READ_KEY {volume=vol-1-20205, bucket=bucket-4-54813, key=key-3-30333, dataSize=0, replicationType=null, replicationFactor=null, keyLocationInfo=null} | ret=SUCCESS |  
2019-08-23 04:27:12,272 [grpc-default-executor-5] INFO  client.GrpcClientProtocolClient (GrpcClientProtocolClient.java:onNext(255)) - client-8C6AA2FA99F1->aaa8e91e-0eca-44f4-ad30-66eff97d1642: receive RaftClientReply:client-8C6AA2FA99F1->aaa8e91e-0eca-44f4-ad30-66eff97d1642@group-C455D70D824C, cid=338, SUCCESS, logIndex=429, commits[aaa8e91e-0eca-44f4-ad30-66eff97d1642:c431, f6d593da-3d81-42e7-b927-5f502e16088c:c408, 8d5baa0f-1210-41f1-915f-fdffd8779ee7:c414]
2019-08-23 04:27:12,273 [grpc-default-executor-1] INFO  client.GrpcClientProtocolClient (GrpcClientProtocolClient.java:onNext(255)) - client-8C6AA2FA99F1->aaa8e91e-0eca-44f4-ad30-66eff97d1642: receive RaftClientReply:client-8C6AA2FA99F1->aaa8e91e-0eca-44f4-ad30-66eff97d1642@group-C455D70D824C, cid=340, SUCCESS, logIndex=430, commits[aaa8e91e-0eca-44f4-ad30-66eff97d1642:c431, f6d593da-3d81-42e7-b927-5f502e16088c:c408, 8d5baa0f-1210-41f1-915f-fdffd8779ee7:c414]
2019-08-23 04:27:12,274 [grpc-default-executor-1] INFO  client.GrpcClientProtocolClient (GrpcClientProtocolClient.java:onNext(255)) - client-8C6AA2FA99F1->aaa8e91e-0eca-44f4-ad30-66eff97d1642: receive RaftClientReply:client-8C6AA2FA99F1->aaa8e91e-0eca-44f4-ad30-66eff97d1642@group-C455D70D824C, cid=341, SUCCESS, logIndex=431, commits[aaa8e91e-0eca-44f4-ad30-66eff97d1642:c431, f6d593da-3d81-42e7-b927-5f502e16088c:c408, 8d5baa0f-1210-41f1-915f-fdffd8779ee7:c414]
2019-08-23 04:27:12,275 | INFO  | DNAudit | user=null | ip=null | op=GET_BLOCK {blockData=conID: 1 locID: 102664400522051675 bcsId: 287} | ret=SUCCESS |  
2019-08-23 04:27:12,278 | INFO  | DNAudit | user=null | ip=null | op=READ_CHUNK {blockData=conID: 1 locID: 102664400522051675 bcsId: 287} | ret=SUCCESS |  
2019-08-23 04:27:12,281 | INFO  | SCMAudit | user=jenkins1000 | ip=192.168.36.77 | op=GET_CONTAINER_WITH_PIPELINE {containerID=#2} | ret=SUCCESS |  
2019-08-23 04:27:12,282 | INFO  | OMAudit | user=jenkins1000 | ip=127.0.0.1 | op=READ_KEY {volume=vol-0-42659, bucket=bucket-0-06613, key=key-4-16484, dataSize=0, replicationType=null, replicationFactor=null, keyLocationInfo=null} | ret=SUCCESS |  
2019-08-23 04:27:12,285 | INFO  | DNAudit | user=null | ip=null | op=GET_BLOCK {blockData=conID: 2 locID: 102664400522903645 bcsId: 292} | ret=SUCCESS |  
2019-08-23 04:27:12,287 | INFO  | DNAudit | user=null | ip=null | op=READ_CHUNK {blockData=conID: 2 locID: 102664400522903645 bcsId: 292} | ret=SUCCESS |  
2019-08-23 04:27:12,289 | INFO  | SCMAudit | user=jenkins1000 | ip=192.168.36.77 | op=GET_CONTAINER_WITH_PIPELINE {containerID=#3} | ret=SUCCESS |  
2019-08-23 04:27:12,290 | INFO  | OMAudit | user=jenkins1000 | ip=127.0.0.1 | op=READ_KEY {volume=vol-1-20205, bucket=bucket-0-84326, key=key-4-27414, dataSize=0, replicationType=null, replicationFactor=null, keyLocationInfo=null} | ret=SUCCESS |  
2019-08-23 04:27:12,292 | INFO  | DNAudit | user=null | ip=null | op=GET_BLOCK {blockData=conID: 3 locID: 102664400523362399 bcsId: 294} | ret=SUCCESS |  
2019-08-23 04:27:12,294 | INFO  | DNAudit | user=null | ip=null | op=READ_CHUNK {blockData=conID: 3 locID: 102664400523362399 bcsId: 294} | ret=SUCCESS |  
2019-08-23 04:27:12,296 | INFO  | SCMAudit | user=jenkins1000 | ip=192.168.36.77 | op=GET_CONTAINER_WITH_PIPELINE {containerID=#1} | ret=SUCCESS |  
2019-08-23 04:27:12,297 | INFO  | OMAudit | user=jenkins1000 | ip=127.0.0.1 | op=READ_KEY {volume=vol-0-42659, bucket=bucket-1-34712, key=key-4-01817, dataSize=0, replicationType=null, replicationFactor=null, keyLocationInfo=null} | ret=SUCCESS |  
2019-08-23 04:27:12,299 | INFO  | DNAudit | user=null | ip=null | op=GET_BLOCK {blockData=conID: 1 locID: 102664400524607586 bcsId: 299} | ret=SUCCESS |  
2019-08-23 04:27:12,302 | INFO  | DNAudit | user=null | ip=null | op=READ_CHUNK {blockData=conID: 1 locID: 102664400524607586 bcsId: 299} | ret=SUCCESS |  
2019-08-23 04:27:12,304 | INFO  | SCMAudit | user=jenkins1000 | ip=192.168.36.77 | op=GET_CONTAINER_WITH_PIPELINE {containerID=#2} | ret=SUCCESS |  
2019-08-23 04:27:12,305 | INFO  | OMAudit | user=jenkins1000 | ip=127.0.0.1 | op=READ_KEY {volume=vol-0-42659, bucket=bucket-2-77083, key=key-4-05777, dataSize=0, replicationType=null, replicationFactor=null, keyLocationInfo=null} | ret=SUCCESS |  
2019-08-23 04:27:12,307 | INFO  | DNAudit | user=null | ip=null | op=GET_BLOCK {blockData=conID: 2 locID: 102664400524673126 bcsId: 304} | ret=SUCCESS |  
2019-08-23 04:27:12,309 | INFO  | DNAudit | user=null | ip=null | op=READ_CHUNK {blockData=conID: 2 locID: 102664400524673126 bcsId: 304} | ret=SUCCESS |  
2019-08-23 04:27:12,311 | INFO  | SCMAudit | user=jenkins1000 | ip=192.168.36.77 | op=GET_CONTAINER_WITH_PIPELINE {containerID=#1} | ret=SUCCESS |  
2019-08-23 04:27:12,312 | INFO  | OMAudit | user=jenkins1000 | ip=127.0.0.1 | op=READ_KEY {volume=vol-0-42659, bucket=bucket-3-42268, key=key-4-66324, dataSize=0, replicationType=null, replicationFactor=null, keyLocationInfo=null} | ret=SUCCESS |  
2019-08-23 04:27:12,314 | INFO  | DNAudit | user=null | ip=null | op=GET_BLOCK {blockData=conID: 1 locID: 102664400524738665 bcsId: 306} | ret=SUCCESS |  
2019-08-23 04:27:12,316 | INFO  | DNAudit | user=null | ip=null | op=READ_CHUNK {blockData=conID: 1 locID: 102664400524738665 bcsId: 306} | ret=SUCCESS |  
2019-08-23 04:27:12,318 | INFO  | SCMAudit | user=jenkins1000 | ip=192.168.36.77 | op=GET_CONTAINER_WITH_PIPELINE {containerID=#3} | ret=SUCCESS |  
2019-08-23 04:27:12,319 | INFO  | OMAudit | user=jenkins1000 | ip=127.0.0.1 | op=READ_KEY {volume=vol-1-20205, bucket=bucket-2-67835, key=key-4-66358, dataSize=0, replicationType=null, replicationFactor=null, keyLocationInfo=null} | ret=SUCCESS |  
2019-08-23 04:27:12,322 | INFO  | DNAudit | user=null | ip=null | op=GET_BLOCK {blockData=conID: 3 locID: 102664400524738664 bcsId: 307} | ret=SUCCESS |  
2019-08-23 04:27:12,324 | INFO  | DNAudit | user=null | ip=null | op=READ_CHUNK {blockData=conID: 3 locID: 102664400524738664 bcsId: 307} | ret=SUCCESS |  
2019-08-23 04:27:12,326 | INFO  | SCMAudit | user=jenkins1000 | ip=192.168.36.77 | op=GET_CONTAINER_WITH_PIPELINE {containerID=#2} | ret=SUCCESS |  
2019-08-23 04:27:12,327 | INFO  | OMAudit | user=jenkins1000 | ip=127.0.0.1 | op=READ_KEY {volume=vol-1-20205, bucket=bucket-1-61988, key=key-4-96894, dataSize=0, replicationType=null, replicationFactor=null, keyLocationInfo=null} | ret=SUCCESS |  
2019-08-23 04:27:12,330 | INFO  | DNAudit | user=null | ip=null | op=GET_BLOCK {blockData=conID: 2 locID: 102664400524673127 bcsId: 312} | ret=SUCCESS |  
2019-08-23 04:27:12,332 | INFO  | DNAudit | user=null | ip=null | op=READ_CHUNK {blockData=conID: 2 locID: 102664400524673127 bcsId: 312} | ret=SUCCESS |  
2019-08-23 04:27:12,334 | INFO  | SCMAudit | user=jenkins1000 | ip=192.168.36.77 | op=GET_CONTAINER_WITH_PIPELINE {containerID=#2} | ret=SUCCESS |  
2019-08-23 04:27:12,335 | INFO  | OMAudit | user=jenkins1000 | ip=127.0.0.1 | op=READ_KEY {volume=vol-1-20205, bucket=bucket-3-54341, key=key-4-04530, dataSize=0, replicationType=null, replicationFactor=null, keyLocationInfo=null} | ret=SUCCESS |  
2019-08-23 04:27:12,337 | INFO  | DNAudit | user=null | ip=null | op=GET_BLOCK {blockData=conID: 2 locID: 102664400525525099 bcsId: 319} | ret=SUCCESS |  
2019-08-23 04:27:12,339 | INFO  | DNAudit | user=null | ip=null | op=READ_CHUNK {blockData=conID: 2 locID: 102664400525525099 bcsId: 319} | ret=SUCCESS |  
2019-08-23 04:27:12,342 | INFO  | SCMAudit | user=jenkins1000 | ip=192.168.36.77 | op=GET_CONTAINER_WITH_PIPELINE {containerID=#3} | ret=SUCCESS |  
2019-08-23 04:27:12,342 | INFO  | OMAudit | user=jenkins1000 | ip=127.0.0.1 | op=READ_KEY {volume=vol-0-42659, bucket=bucket-4-88694, key=key-4-34424, dataSize=0, replicationType=null, replicationFactor=null, keyLocationInfo=null} | ret=SUCCESS |  
2019-08-23 04:27:12,344 | INFO  | DNAudit | user=null | ip=null | op=GET_BLOCK {blockData=conID: 3 locID: 102664400525590637 bcsId: 321} | ret=SUCCESS |  
2019-08-23 04:27:12,346 | INFO  | DNAudit | user=null | ip=null | op=READ_CHUNK {blockData=conID: 3 locID: 102664400525590637 bcsId: 321} | ret=SUCCESS |  
2019-08-23 04:27:12,349 | INFO  | SCMAudit | user=jenkins1000 | ip=192.168.36.77 | op=GET_CONTAINER_WITH_PIPELINE {containerID=#1} | ret=SUCCESS |  
2019-08-23 04:27:12,350 | INFO  | OMAudit | user=jenkins1000 | ip=127.0.0.1 | op=READ_KEY {volume=vol-1-20205, bucket=bucket-4-54813, key=key-4-84742, dataSize=0, replicationType=null, replicationFactor=null, keyLocationInfo=null} | ret=SUCCESS |  
2019-08-23 04:27:12,352 | INFO  | DNAudit | user=null | ip=null | op=GET_BLOCK {blockData=conID: 1 locID: 102664400525983855 bcsId: 323} | ret=SUCCESS |  
2019-08-23 04:27:12,354 | INFO  | DNAudit | user=null | ip=null | op=READ_CHUNK {blockData=conID: 1 locID: 102664400525983855 bcsId: 323} | ret=SUCCESS |  
2019-08-23 04:27:12,356 | INFO  | SCMAudit | user=jenkins1000 | ip=192.168.36.77 | op=GET_CONTAINER_WITH_PIPELINE {containerID=#2} | ret=SUCCESS |  
2019-08-23 04:27:12,357 | INFO  | OMAudit | user=jenkins1000 | ip=127.0.0.1 | op=READ_KEY {volume=vol-0-42659, bucket=bucket-0-06613, key=key-5-94862, dataSize=0, replicationType=null, replicationFactor=null, keyLocationInfo=null} | ret=SUCCESS |  
2019-08-23 04:27:12,360 | INFO  | DNAudit | user=null | ip=null | op=GET_BLOCK {blockData=conID: 2 locID: 102664400526049394 bcsId: 326} | ret=SUCCESS |  
2019-08-23 04:27:12,362 | INFO  | DNAudit | user=null | ip=null | op=READ_CHUNK {blockData=conID: 2 locID: 102664400526049394 bcsId: 326} | ret=SUCCESS |  
2019-08-23 04:27:12,364 | INFO  | SCMAudit | user=jenkins1000 | ip=192.168.36.77 | op=GET_CONTAINER_WITH_PIPELINE {containerID=#3} | ret=SUCCESS |  
2019-08-23 04:27:12,365 | INFO  | OMAudit | user=jenkins1000 | ip=127.0.0.1 | op=READ_KEY {volume=vol-1-20205, bucket=bucket-0-84326, key=key-5-28083, dataSize=0, replicationType=null, replicationFactor=null, keyLocationInfo=null} | ret=SUCCESS |  
2019-08-23 04:27:12,368 | INFO  | DNAudit | user=null | ip=null | op=GET_BLOCK {blockData=conID: 3 locID: 102664400526049395 bcsId: 327} | ret=SUCCESS |  
2019-08-23 04:27:12,370 | INFO  | DNAudit | user=null | ip=null | op=READ_CHUNK {blockData=conID: 3 locID: 102664400526049395 bcsId: 327} | ret=SUCCESS |  
2019-08-23 04:27:12,372 | INFO  | SCMAudit | user=jenkins1000 | ip=192.168.36.77 | op=GET_CONTAINER_WITH_PIPELINE {containerID=#1} | ret=SUCCESS |  
2019-08-23 04:27:12,373 | INFO  | OMAudit | user=jenkins1000 | ip=127.0.0.1 | op=READ_KEY {volume=vol-0-42659, bucket=bucket-1-34712, key=key-5-46095, dataSize=0, replicationType=null, replicationFactor=null, keyLocationInfo=null} | ret=SUCCESS |  
2019-08-23 04:27:12,375 | INFO  | DNAudit | user=null | ip=null | op=GET_BLOCK {blockData=conID: 1 locID: 102664400526835829 bcsId: 336} | ret=SUCCESS |  
2019-08-23 04:27:12,377 | INFO  | DNAudit | user=null | ip=null | op=READ_CHUNK {blockData=conID: 1 locID: 102664400526835829 bcsId: 336} | ret=SUCCESS |  
2019-08-23 04:27:12,379 | INFO  | SCMAudit | user=jenkins1000 | ip=192.168.36.77 | op=GET_CONTAINER_WITH_PIPELINE {containerID=#2} | ret=SUCCESS |  
2019-08-23 04:27:12,379 | INFO  | OMAudit | user=jenkins1000 | ip=127.0.0.1 | op=READ_KEY {volume=vol-1-20205, bucket=bucket-1-61988, key=key-5-01954, dataSize=0, replicationType=null, replicationFactor=null, keyLocationInfo=null} | ret=SUCCESS |  
2019-08-23 04:27:12,381 | INFO  | DNAudit | user=null | ip=null | op=GET_BLOCK {blockData=conID: 2 locID: 102664400526901368 bcsId: 338} | ret=SUCCESS |  
2019-08-23 04:27:12,383 | INFO  | DNAudit | user=null | ip=null | op=READ_CHUNK {blockData=conID: 2 locID: 102664400526901368 bcsId: 338} | ret=SUCCESS |  
2019-08-23 04:27:12,386 | INFO  | SCMAudit | user=jenkins1000 | ip=192.168.36.77 | op=GET_CONTAINER_WITH_PIPELINE {containerID=#3} | ret=SUCCESS |  
2019-08-23 04:27:12,386 | INFO  | OMAudit | user=jenkins1000 | ip=127.0.0.1 | op=READ_KEY {volume=vol-0-42659, bucket=bucket-2-77083, key=key-5-56391, dataSize=0, replicationType=null, replicationFactor=null, keyLocationInfo=null} | ret=SUCCESS |  
2019-08-23 04:27:12,388 | INFO  | DNAudit | user=null | ip=null | op=GET_BLOCK {blockData=conID: 3 locID: 102664400526966905 bcsId: 340} | ret=SUCCESS |  
2019-08-23 04:27:12,390 | INFO  | DNAudit | user=null | ip=null | op=READ_CHUNK {blockData=conID: 3 locID: 102664400526966905 bcsId: 340} | ret=SUCCESS |  
2019-08-23 04:27:12,392 | INFO  | SCMAudit | user=jenkins1000 | ip=192.168.36.77 | op=GET_CONTAINER_WITH_PIPELINE {containerID=#2} | ret=SUCCESS |  
2019-08-23 04:27:12,393 | INFO  | OMAudit | user=jenkins1000 | ip=127.0.0.1 | op=READ_KEY {volume=vol-0-42659, bucket=bucket-3-42268, key=key-5-95500, dataSize=0, replicationType=null, replicationFactor=null, keyLocationInfo=null} | ret=SUCCESS |  
2019-08-23 04:27:12,395 | INFO  | DNAudit | user=null | ip=null | op=GET_BLOCK {blockData=conID: 2 locID: 102664400527097981 bcsId: 344} | ret=SUCCESS |  
2019-08-23 04:27:12,397 | INFO  | DNAudit | user=null | ip=null | op=READ_CHUNK {blockData=conID: 2 locID: 102664400527097981 bcsId: 344} | ret=SUCCESS |  
2019-08-23 04:27:12,399 | INFO  | SCMAudit | user=jenkins1000 | ip=192.168.36.77 | op=GET_CONTAINER_WITH_PIPELINE {containerID=#3} | ret=SUCCESS |  
2019-08-23 04:27:12,400 | INFO  | OMAudit | user=jenkins1000 | ip=127.0.0.1 | op=READ_KEY {volume=vol-1-20205, bucket=bucket-3-54341, key=key-5-08289, dataSize=0, replicationType=null, replicationFactor=null, keyLocationInfo=null} | ret=SUCCESS |  
2019-08-23 04:27:12,402 | INFO  | DNAudit | user=null | ip=null | op=GET_BLOCK {blockData=conID: 3 locID: 102664400527360127 bcsId: 346} | ret=SUCCESS |  
2019-08-23 04:27:12,404 | INFO  | DNAudit | user=null | ip=null | op=READ_CHUNK {blockData=conID: 3 locID: 102664400527360127 bcsId: 346} | ret=SUCCESS |  
2019-08-23 04:27:12,406 | INFO  | SCMAudit | user=jenkins1000 | ip=192.168.36.77 | op=GET_CONTAINER_WITH_PIPELINE {containerID=#1} | ret=SUCCESS |  
2019-08-23 04:27:12,407 | INFO  | OMAudit | user=jenkins1000 | ip=127.0.0.1 | op=READ_KEY {volume=vol-0-42659, bucket=bucket-4-88694, key=key-5-65984, dataSize=0, replicationType=null, replicationFactor=null, keyLocationInfo=null} | ret=SUCCESS |  
2019-08-23 04:27:12,409 | INFO  | DNAudit | user=null | ip=null | op=GET_BLOCK {blockData=conID: 1 locID: 102664400527425666 bcsId: 348} | ret=SUCCESS |  
2019-08-23 04:27:12,411 | INFO  | DNAudit | user=null | ip=null | op=READ_CHUNK {blockData=conID: 1 locID: 102664400527425666 bcsId: 348} | ret=SUCCESS |  
2019-08-23 04:27:12,413 | INFO  | SCMAudit | user=jenkins1000 | ip=192.168.36.77 | op=GET_CONTAINER_WITH_PIPELINE {containerID=#1} | ret=SUCCESS |  
2019-08-23 04:27:12,414 | INFO  | OMAudit | user=jenkins1000 | ip=127.0.0.1 | op=READ_KEY {volume=vol-1-20205, bucket=bucket-2-67835, key=key-5-91093, dataSize=0, replicationType=null, replicationFactor=null, keyLocationInfo=null} | ret=SUCCESS |  
2019-08-23 04:27:12,416 | INFO  | DNAudit | user=null | ip=null | op=GET_BLOCK {blockData=conID: 1 locID: 102664400527032444 bcsId: 342} | ret=SUCCESS |  
2019-08-23 04:27:12,418 | INFO  | DNAudit | user=null | ip=null | op=READ_CHUNK {blockData=conID: 1 locID: 102664400527032444 bcsId: 342} | ret=SUCCESS |  
2019-08-23 04:27:12,420 | INFO  | SCMAudit | user=jenkins1000 | ip=192.168.36.77 | op=GET_CONTAINER_WITH_PIPELINE {containerID=#1} | ret=SUCCESS |  
2019-08-23 04:27:12,421 | INFO  | OMAudit | user=jenkins1000 | ip=127.0.0.1 | op=READ_KEY {volume=vol-1-20205, bucket=bucket-0-84326, key=key-6-85973, dataSize=0, replicationType=null, replicationFactor=null, keyLocationInfo=null} | ret=SUCCESS |  
2019-08-23 04:27:12,423 | INFO  | DNAudit | user=null | ip=null | op=GET_BLOCK {blockData=conID: 1 locID: 102664400529653895 bcsId: 356} | ret=SUCCESS |  
2019-08-23 04:27:12,425 | INFO  | DNAudit | user=null | ip=null | op=READ_CHUNK {blockData=conID: 1 locID: 102664400529653895 bcsId: 356} | ret=SUCCESS |  
2019-08-23 04:27:12,427 | INFO  | SCMAudit | user=jenkins1000 | ip=192.168.36.77 | op=GET_CONTAINER_WITH_PIPELINE {containerID=#3} | ret=SUCCESS |  
2019-08-23 04:27:12,427 | INFO  | OMAudit | user=jenkins1000 | ip=127.0.0.1 | op=READ_KEY {volume=vol-0-42659, bucket=bucket-0-06613, key=key-6-75676, dataSize=0, replicationType=null, replicationFactor=null, keyLocationInfo=null} | ret=SUCCESS |  
2019-08-23 04:27:12,430 | INFO  | DNAudit | user=null | ip=null | op=GET_BLOCK {blockData=conID: 3 locID: 102664400529391749 bcsId: 354} | ret=SUCCESS |  
2019-08-23 04:27:12,432 | INFO  | DNAudit | user=null | ip=null | op=READ_CHUNK {blockData=conID: 3 locID: 102664400529391749 bcsId: 354} | ret=SUCCESS |  
2019-08-23 04:27:12,434 | INFO  | SCMAudit | user=jenkins1000 | ip=192.168.36.77 | op=GET_CONTAINER_WITH_PIPELINE {containerID=#2} | ret=SUCCESS |  
2019-08-23 04:27:12,434 | INFO  | OMAudit | user=jenkins1000 | ip=127.0.0.1 | op=READ_KEY {volume=vol-1-20205, bucket=bucket-4-54813, key=key-5-71891, dataSize=0, replicationType=null, replicationFactor=null, keyLocationInfo=null} | ret=SUCCESS |  
2019-08-23 04:27:12,436 | INFO  | DNAudit | user=null | ip=null | op=GET_BLOCK {blockData=conID: 2 locID: 102664400527425667 bcsId: 350} | ret=SUCCESS |  
2019-08-23 04:27:12,438 | INFO  | DNAudit | user=null | ip=null | op=READ_CHUNK {blockData=conID: 2 locID: 102664400527425667 bcsId: 350} | ret=SUCCESS |  
2019-08-23 04:27:12,440 | INFO  | SCMAudit | user=jenkins1000 | ip=192.168.36.77 | op=GET_CONTAINER_WITH_PIPELINE {containerID=#3} | ret=SUCCESS |  
2019-08-23 04:27:12,441 | INFO  | OMAudit | user=jenkins1000 | ip=127.0.0.1 | op=READ_KEY {volume=vol-0-42659, bucket=bucket-2-77083, key=key-6-50940, dataSize=0, replicationType=null, replicationFactor=null, keyLocationInfo=null} | ret=SUCCESS |  
2019-08-23 04:27:12,443 | INFO  | DNAudit | user=null | ip=null | op=GET_BLOCK {blockData=conID: 3 locID: 102664400532996237 bcsId: 379} | ret=SUCCESS |  
2019-08-23 04:27:12,445 | INFO  | DNAudit | user=null | ip=null | op=READ_CHUNK {blockData=conID: 3 locID: 102664400532996237 bcsId: 379} | ret=SUCCESS |  
2019-08-23 04:27:12,447 | INFO  | SCMAudit | user=jenkins1000 | ip=192.168.36.77 | op=GET_CONTAINER_WITH_PIPELINE {containerID=#2} | ret=SUCCESS |  
2019-08-23 04:27:12,448 | INFO  | OMAudit | user=jenkins1000 | ip=127.0.0.1 | op=READ_KEY {volume=vol-0-42659, bucket=bucket-1-34712, key=key-6-21582, dataSize=0, replicationType=null, replicationFactor=null, keyLocationInfo=null} | ret=SUCCESS |  
2019-08-23 04:27:12,450 | INFO  | DNAudit | user=null | ip=null | op=GET_BLOCK {blockData=conID: 2 locID: 102664400532996236 bcsId: 376} | ret=SUCCESS |  
2019-08-23 04:27:12,452 | INFO  | DNAudit | user=null | ip=null | op=READ_CHUNK {blockData=conID: 2 locID: 102664400532996236 bcsId: 376} | ret=SUCCESS |  
2019-08-23 04:27:12,454 | INFO  | SCMAudit | user=jenkins1000 | ip=192.168.36.77 | op=GET_CONTAINER_WITH_PIPELINE {containerID=#1} | ret=SUCCESS |  
2019-08-23 04:27:12,454 | INFO  | OMAudit | user=jenkins1000 | ip=127.0.0.1 | op=READ_KEY {volume=vol-1-20205, bucket=bucket-2-67835, key=key-6-02170, dataSize=0, replicationType=null, replicationFactor=null, keyLocationInfo=null} | ret=SUCCESS |  
2019-08-23 04:27:12,457 | INFO  | DNAudit | user=null | ip=null | op=GET_BLOCK {blockData=conID: 1 locID: 102664400532996239 bcsId: 381} | ret=SUCCESS |  
2019-08-23 04:27:12,459 | INFO  | DNAudit | user=null | ip=null | op=READ_CHUNK {blockData=conID: 1 locID: 102664400532996239 bcsId: 381} | ret=SUCCESS |  
2019-08-23 04:27:12,461 | INFO  | SCMAudit | user=jenkins1000 | ip=192.168.36.77 | op=GET_CONTAINER_WITH_PIPELINE {containerID=#3} | ret=SUCCESS |  
2019-08-23 04:27:12,462 | INFO  | OMAudit | user=jenkins1000 | ip=127.0.0.1 | op=READ_KEY {volume=vol-1-20205, bucket=bucket-1-61988, key=key-6-92678, dataSize=0, replicationType=null, replicationFactor=null, keyLocationInfo=null} | ret=SUCCESS |  
2019-08-23 04:27:12,464 | INFO  | DNAudit | user=null | ip=null | op=GET_BLOCK {blockData=conID: 3 locID: 102664400532996238 bcsId: 382} | ret=SUCCESS |  
2019-08-23 04:27:12,466 | INFO  | DNAudit | user=null | ip=null | op=READ_CHUNK {blockData=conID: 3 locID: 102664400532996238 bcsId: 382} | ret=SUCCESS |  
2019-08-23 04:27:12,468 | INFO  | SCMAudit | user=jenkins1000 | ip=192.168.36.77 | op=GET_CONTAINER_WITH_PIPELINE {containerID=#3} | ret=SUCCESS |  
2019-08-23 04:27:12,469 | INFO  | OMAudit | user=jenkins1000 | ip=127.0.0.1 | op=READ_KEY {volume=vol-1-20205, bucket=bucket-3-54341, key=key-6-43513, dataSize=0, replicationType=null, replicationFactor=null, keyLocationInfo=null} | ret=SUCCESS |  
2019-08-23 04:27:12,471 | INFO  | DNAudit | user=null | ip=null | op=GET_BLOCK {blockData=conID: 3 locID: 102664400533127319 bcsId: 385} | ret=SUCCESS |  
2019-08-23 04:27:12,473 | INFO  | DNAudit | user=null | ip=null | op=READ_CHUNK {blockData=conID: 3 locID: 102664400533127319 bcsId: 385} | ret=SUCCESS |  
2019-08-23 04:27:12,476 | INFO  | SCMAudit | user=jenkins1000 | ip=192.168.36.77 | op=GET_CONTAINER_WITH_PIPELINE {containerID=#2} | ret=SUCCESS |  
2019-08-23 04:27:12,476 | INFO  | OMAudit | user=jenkins1000 | ip=127.0.0.1 | op=READ_KEY {volume=vol-0-42659, bucket=bucket-4-88694, key=key-6-04180, dataSize=0, replicationType=null, replicationFactor=null, keyLocationInfo=null} | ret=SUCCESS |  
2019-08-23 04:27:12,479 | INFO  | DNAudit | user=null | ip=null | op=GET_BLOCK {blockData=conID: 2 locID: 102664400533127317 bcsId: 386} | ret=SUCCESS |  
2019-08-23 04:27:12,481 | INFO  | DNAudit | user=null | ip=null | op=READ_CHUNK {blockData=conID: 2 locID: 102664400533127317 bcsId: 386} | ret=SUCCESS |  
2019-08-23 04:27:12,483 | INFO  | SCMAudit | user=jenkins1000 | ip=192.168.36.77 | op=GET_CONTAINER_WITH_PIPELINE {containerID=#1} | ret=SUCCESS |  
2019-08-23 04:27:12,483 | INFO  | OMAudit | user=jenkins1000 | ip=127.0.0.1 | op=READ_KEY {volume=vol-1-20205, bucket=bucket-4-54813, key=key-6-79891, dataSize=0, replicationType=null, replicationFactor=null, keyLocationInfo=null} | ret=SUCCESS |  
2019-08-23 04:27:12,486 | INFO  | DNAudit | user=null | ip=null | op=GET_BLOCK {blockData=conID: 1 locID: 102664400533127320 bcsId: 390} | ret=SUCCESS |  
2019-08-23 04:27:12,488 | INFO  | DNAudit | user=null | ip=null | op=READ_CHUNK {blockData=conID: 1 locID: 102664400533127320 bcsId: 390} | ret=SUCCESS |  
2019-08-23 04:27:12,490 | INFO  | SCMAudit | user=jenkins1000 | ip=192.168.36.77 | op=GET_CONTAINER_WITH_PIPELINE {containerID=#2} | ret=SUCCESS |  
2019-08-23 04:27:12,491 | INFO  | OMAudit | user=jenkins1000 | ip=127.0.0.1 | op=READ_KEY {volume=vol-0-42659, bucket=bucket-0-06613, key=key-7-34200, dataSize=0, replicationType=null, replicationFactor=null, keyLocationInfo=null} | ret=SUCCESS |  
2019-08-23 04:27:12,493 | INFO  | DNAudit | user=null | ip=null | op=GET_BLOCK {blockData=conID: 2 locID: 102664400533192858 bcsId: 391} | ret=SUCCESS |  
2019-08-23 04:27:12,495 | INFO  | DNAudit | user=null | ip=null | op=READ_CHUNK {blockData=conID: 2 locID: 102664400533192858 bcsId: 391} | ret=SUCCESS |  
2019-08-23 04:27:12,497 | INFO  | SCMAudit | user=jenkins1000 | ip=192.168.36.77 | op=GET_CONTAINER_WITH_PIPELINE {containerID=#2} | ret=SUCCESS |  
2019-08-23 04:27:12,498 | INFO  | OMAudit | user=jenkins1000 | ip=127.0.0.1 | op=READ_KEY {volume=vol-0-42659, bucket=bucket-3-42268, key=key-6-29056, dataSize=0, replicationType=null, replicationFactor=null, keyLocationInfo=null} | ret=SUCCESS |  
2019-08-23 04:27:12,500 | INFO  | DNAudit | user=null | ip=null | op=GET_BLOCK {blockData=conID: 2 locID: 102664400533127318 bcsId: 392} | ret=SUCCESS |  
2019-08-23 04:27:12,502 | INFO  | DNAudit | user=null | ip=null | op=READ_CHUNK {blockData=conID: 2 locID: 102664400533127318 bcsId: 392} | ret=SUCCESS |  
2019-08-23 04:27:12,504 | INFO  | SCMAudit | user=jenkins1000 | ip=192.168.36.77 | op=GET_CONTAINER_WITH_PIPELINE {containerID=#3} | ret=SUCCESS |  
2019-08-23 04:27:12,505 | INFO  | OMAudit | user=jenkins1000 | ip=127.0.0.1 | op=READ_KEY {volume=vol-1-20205, bucket=bucket-0-84326, key=key-7-56156, dataSize=0, replicationType=null, replicationFactor=null, keyLocationInfo=null} | ret=SUCCESS |  
2019-08-23 04:27:12,507 | INFO  | DNAudit | user=null | ip=null | op=GET_BLOCK {blockData=conID: 3 locID: 102664400533192859 bcsId: 394} | ret=SUCCESS |  
2019-08-23 04:27:12,510 | INFO  | DNAudit | user=null | ip=null | op=READ_CHUNK {blockData=conID: 3 locID: 102664400533192859 bcsId: 394} | ret=SUCCESS |  
 72.00% |█████████████████████████████████████████████████████████████████████████                            |  72/100 Time: 0:00:012019-08-23 04:27:12,665 | INFO  | SCMAudit | user=jenkins1000 | ip=192.168.36.77 | op=SEND_HEARTBEAT {datanodeUUID=aaa8e91e-0eca-44f4-ad30-66eff97d1642, command=[]} | ret=SUCCESS |  
2019-08-23 04:27:12,667 | INFO  | SCMAudit | user=jenkins1000 | ip=192.168.36.77 | op=SEND_HEARTBEAT {datanodeUUID=f6d593da-3d81-42e7-b927-5f502e16088c, command=[]} | ret=SUCCESS |  
2019-08-23 04:27:12,667 | INFO  | SCMAudit | user=jenkins1000 | ip=192.168.36.77 | op=SEND_HEARTBEAT {datanodeUUID=8d5baa0f-1210-41f1-915f-fdffd8779ee7, command=[]} | ret=SUCCESS |  
2019-08-23 04:27:12,708 | INFO  | SCMAudit | user=jenkins1000 | ip=192.168.36.77 | op=SEND_HEARTBEAT {datanodeUUID=a8987870-153b-42d5-a42b-636ff3374f98, command=[]} | ret=SUCCESS |  
2019-08-23 04:27:13,266 | INFO  | SCMAudit | user=jenkins1000 | ip=192.168.36.77 | op=SEND_HEARTBEAT {datanodeUUID=1394b7c5-6324-4406-bd9f-1c4b9a85bfa9, command=[]} | ret=SUCCESS |  
 72.00% |█████████████████████████████████████████████████████████████████████████                            |  72/100 Time: 0:00:022019-08-23 04:27:13,666 | INFO  | SCMAudit | user=jenkins1000 | ip=192.168.36.77 | op=SEND_HEARTBEAT {datanodeUUID=aaa8e91e-0eca-44f4-ad30-66eff97d1642, command=[]} | ret=SUCCESS |  
2019-08-23 04:27:13,667 | INFO  | SCMAudit | user=jenkins1000 | ip=192.168.36.77 | op=SEND_HEARTBEAT {datanodeUUID=f6d593da-3d81-42e7-b927-5f502e16088c, command=[]} | ret=SUCCESS |  
2019-08-23 04:27:13,667 | INFO  | SCMAudit | user=jenkins1000 | ip=192.168.36.77 | op=SEND_HEARTBEAT {datanodeUUID=8d5baa0f-1210-41f1-915f-fdffd8779ee7, command=[]} | ret=SUCCESS |  
2019-08-23 04:27:13,708 | INFO  | SCMAudit | user=jenkins1000 | ip=192.168.36.77 | op=SEND_HEARTBEAT {datanodeUUID=a8987870-153b-42d5-a42b-636ff3374f98, command=[]} | ret=SUCCESS |  
2019-08-23 04:27:14,269 | INFO  | SCMAudit | user=jenkins1000 | ip=192.168.36.77 | op=SEND_HEARTBEAT {datanodeUUID=1394b7c5-6324-4406-bd9f-1c4b9a85bfa9, command=[]} | ret=SUCCESS |  
 72.00% |█████████████████████████████████████████████████████████████████████████                            |  72/100 Time: 0:00:032019-08-23 04:27:14,667 | INFO  | SCMAudit | user=jenkins1000 | ip=192.168.36.77 | op=SEND_HEARTBEAT {datanodeUUID=aaa8e91e-0eca-44f4-ad30-66eff97d1642, command=[]} | ret=SUCCESS |  
2019-08-23 04:27:14,668 | INFO  | SCMAudit | user=jenkins1000 | ip=192.168.36.77 | op=SEND_HEARTBEAT {datanodeUUID=f6d593da-3d81-42e7-b927-5f502e16088c, command=[]} | ret=SUCCESS |  
2019-08-23 04:27:14,668 | INFO  | SCMAudit | user=jenkins1000 | ip=192.168.36.77 | op=SEND_HEARTBEAT {datanodeUUID=8d5baa0f-1210-41f1-915f-fdffd8779ee7, command=[]} | ret=SUCCESS |  
2019-08-23 04:27:14,708 | INFO  | SCMAudit | user=jenkins1000 | ip=192.168.36.77 | op=SEND_HEARTBEAT {datanodeUUID=a8987870-153b-42d5-a42b-636ff3374f98, command=[]} | ret=SUCCESS |  
2019-08-23 04:27:14,772 | INFO  | DNAudit | user=null | ip=null | op=WRITE_CHUNK {blockData=conID: 3 locID: 102664400535683236 bcsId: 0} | ret=SUCCESS |  
2019-08-23 04:27:14,773 | INFO  | DNAudit | user=null | ip=null | op=PUT_BLOCK {blockData=[blockId=conID: 2 locID: 102664400535683234 bcsId: 0,size=10240]} | ret=SUCCESS |  
2019-08-23 04:27:14,773 | INFO  | DNAudit | user=null | ip=null | op=PUT_BLOCK {blockData=[blockId=conID: 1 locID: 102664400535683231 bcsId: 0,size=10240]} | ret=SUCCESS |  
2019-08-23 04:27:14,773 | INFO  | DNAudit | user=null | ip=null | op=PUT_BLOCK {blockData=[blockId=conID: 1 locID: 102664400535748774 bcsId: 0,size=10240]} | ret=SUCCESS |  
2019-08-23 04:27:14,773 | INFO  | DNAudit | user=null | ip=null | op=PUT_BLOCK {blockData=[blockId=conID: 3 locID: 102664400535683236 bcsId: 0,size=10240]} | ret=SUCCESS |  
2019-08-23 04:27:14,773 | INFO  | DNAudit | user=null | ip=null | op=WRITE_CHUNK {blockData=conID: 2 locID: 102664400535683234 bcsId: 0} | ret=SUCCESS |  
2019-08-23 04:27:14,773 | INFO  | DNAudit | user=null | ip=null | op=WRITE_CHUNK {blockData=conID: 1 locID: 102664400535748774 bcsId: 0} | ret=SUCCESS |  
2019-08-23 04:27:14,773 | INFO  | DNAudit | user=null | ip=null | op=WRITE_CHUNK {blockData=conID: 2 locID: 102664400535748775 bcsId: 0} | ret=SUCCESS |  
2019-08-23 04:27:14,774 | INFO  | DNAudit | user=null | ip=null | op=WRITE_CHUNK {blockData=conID: 1 locID: 102664400536404139 bcsId: 0} | ret=SUCCESS |  
2019-08-23 04:27:14,774 | INFO  | DNAudit | user=null | ip=null | op=WRITE_CHUNK {blockData=conID: 3 locID: 102664400536404138 bcsId: 0} | ret=SUCCESS |  
2019-08-23 04:27:14,774 | INFO  | DNAudit | user=null | ip=null | op=PUT_BLOCK {blockData=[blockId=conID: 2 locID: 102664400535683233 bcsId: 0,size=10240]} | ret=SUCCESS |  
2019-08-23 04:27:14,774 | INFO  | DNAudit | user=null | ip=null | op=PUT_BLOCK {blockData=[blockId=conID: 1 locID: 102664400535748774 bcsId: 0,size=10240]} | ret=SUCCESS |  
2019-08-23 04:27:14,774 | INFO  | DNAudit | user=null | ip=null | op=PUT_BLOCK {blockData=[blockId=conID: 2 locID: 102664400535748775 bcsId: 0,size=10240]} | ret=SUCCESS |  
2019-08-23 04:27:14,774 | INFO  | DNAudit | user=null | ip=null | op=PUT_BLOCK {blockData=[blockId=conID: 1 locID: 102664400536404139 bcsId: 0,size=10240]} | ret=SUCCESS |  
2019-08-23 04:27:14,774 | INFO  | DNAudit | user=null | ip=null | op=PUT_BLOCK {blockData=[blockId=conID: 2 locID: 102664400535683234 bcsId: 0,size=10240]} | ret=SUCCESS |  
2019-08-23 04:27:14,775 | INFO  | DNAudit | user=null | ip=null | op=PUT_BLOCK {blockData=[blockId=conID: 3 locID: 102664400536404138 bcsId: 0,size=10240]} | ret=SUCCESS |  
2019-08-23 04:27:14,775 | INFO  | DNAudit | user=null | ip=null | op=WRITE_CHUNK {blockData=conID: 2 locID: 102664400536469677 bcsId: 0} | ret=SUCCESS |  
2019-08-23 04:27:14,775 | INFO  | DNAudit | user=null | ip=null | op=WRITE_CHUNK {blockData=conID: 2 locID: 102664400535748775 bcsId: 0} | ret=SUCCESS |  
2019-08-23 04:27:14,775 | INFO  | DNAudit | user=null | ip=null | op=PUT_BLOCK {blockData=[blockId=conID: 2 locID: 102664400536469677 bcsId: 0,size=10240]} | ret=SUCCESS |  
2019-08-23 04:27:14,775 | INFO  | DNAudit | user=null | ip=null | op=WRITE_CHUNK {blockData=conID: 3 locID: 102664400536600751 bcsId: 0} | ret=SUCCESS |  
2019-08-23 04:27:14,776 | INFO  | DNAudit | user=null | ip=null | op=PUT_BLOCK {blockData=[blockId=conID: 2 locID: 102664400535748775 bcsId: 0,size=10240]} | ret=SUCCESS |  
2019-08-23 04:27:14,776 | INFO  | DNAudit | user=null | ip=null | op=PUT_BLOCK {blockData=[blockId=conID: 3 locID: 102664400536600751 bcsId: 0,size=10240]} | ret=SUCCESS |  
2019-08-23 04:27:15,013 [java.util.concurrent.ThreadPoolExecutor$Worker@4d11b51[State = -1, empty queue]] WARN  server.GrpcLogAppender (GrpcLogAppender.java:timeoutAppendRequest(200)) - GrpcLogAppender(aaa8e91e-0eca-44f4-ad30-66eff97d1642->f6d593da-3d81-42e7-b927-5f502e16088c): appendEntries Timeout, request=aaa8e91e-0eca-44f4-ad30-66eff97d1642->f6d593da-3d81-42e7-b927-5f502e16088c#426-t1, previous=(t:1, i:420), leaderCommit=412, initializing? false, entries: size=1, first=(t:1, i:421), METADATAENTRY(c412)
2019-08-23 04:27:15,014 [java.util.concurrent.ThreadPoolExecutor$Worker@4d11b51[State = -1, empty queue]] WARN  server.GrpcLogAppender (GrpcLogAppender.java:timeoutAppendRequest(200)) - GrpcLogAppender(aaa8e91e-0eca-44f4-ad30-66eff97d1642->f6d593da-3d81-42e7-b927-5f502e16088c): appendEntries Timeout, request=aaa8e91e-0eca-44f4-ad30-66eff97d1642->f6d593da-3d81-42e7-b927-5f502e16088c#427-t1, previous=(t:1, i:421), leaderCommit=414, initializing? false, entries: size=1, first=(t:1, i:422), METADATAENTRY(c413)
2019-08-23 04:27:15,015 [java.util.concurrent.ThreadPoolExecutor$Worker@4d11b51[State = -1, empty queue]] WARN  server.GrpcLogAppender (GrpcLogAppender.java:timeoutAppendRequest(200)) - GrpcLogAppender(aaa8e91e-0eca-44f4-ad30-66eff97d1642->f6d593da-3d81-42e7-b927-5f502e16088c): appendEntries Timeout, request=aaa8e91e-0eca-44f4-ad30-66eff97d1642->f6d593da-3d81-42e7-b927-5f502e16088c#428-t1, previous=(t:1, i:422), leaderCommit=414, initializing? false, entries: size=1, first=(t:1, i:423), METADATAENTRY(c414)
2019-08-23 04:27:15,020 [java.util.concurrent.ThreadPoolExecutor$Worker@4d11b51[State = -1, empty queue]] WARN  server.GrpcLogAppender (GrpcLogAppender.java:timeoutAppendRequest(200)) - GrpcLogAppender(aaa8e91e-0eca-44f4-ad30-66eff97d1642->f6d593da-3d81-42e7-b927-5f502e16088c): appendEntries Timeout, request=aaa8e91e-0eca-44f4-ad30-66eff97d1642->f6d593da-3d81-42e7-b927-5f502e16088c#429-t1, previous=(t:1, i:423), leaderCommit=414, initializing? false, entries: size=1, first=(t:1, i:424), STATEMACHINELOGENTRY, client-8C6AA2FA99F1, cid=332
2019-08-23 04:27:15,021 [java.util.concurrent.ThreadPoolExecutor$Worker@4d11b51[State = -1, empty queue]] WARN  server.GrpcLogAppender (GrpcLogAppender.java:timeoutAppendRequest(200)) - GrpcLogAppender(aaa8e91e-0eca-44f4-ad30-66eff97d1642->f6d593da-3d81-42e7-b927-5f502e16088c): appendEntries Timeout, request=aaa8e91e-0eca-44f4-ad30-66eff97d1642->f6d593da-3d81-42e7-b927-5f502e16088c#430-t1, previous=(t:1, i:424), leaderCommit=414, initializing? false, entries: size=1, first=(t:1, i:425), STATEMACHINELOGENTRY, client-8C6AA2FA99F1, cid=333
2019-08-23 04:27:15,021 [java.util.concurrent.ThreadPoolExecutor$Worker@4d11b51[State = -1, empty queue]] WARN  server.GrpcLogAppender (GrpcLogAppender.java:timeoutAppendRequest(200)) - GrpcLogAppender(aaa8e91e-0eca-44f4-ad30-66eff97d1642->f6d593da-3d81-42e7-b927-5f502e16088c): appendEntries Timeout, request=aaa8e91e-0eca-44f4-ad30-66eff97d1642->f6d593da-3d81-42e7-b927-5f502e16088c#431-t1, previous=(t:1, i:425), leaderCommit=414, initializing? false, entries: size=1, first=(t:1, i:426), STATEMACHINELOGENTRY, client-8C6AA2FA99F1, cid=335
2019-08-23 04:27:15,022 [java.util.concurrent.ThreadPoolExecutor$Worker@4d11b51[State = -1, empty queue]] WARN  server.GrpcLogAppender (GrpcLogAppender.java:timeoutAppendRequest(200)) - GrpcLogAppender(aaa8e91e-0eca-44f4-ad30-66eff97d1642->f6d593da-3d81-42e7-b927-5f502e16088c): appendEntries Timeout, request=aaa8e91e-0eca-44f4-ad30-66eff97d1642->f6d593da-3d81-42e7-b927-5f502e16088c#432-t1, previous=(t:1, i:426), leaderCommit=414, initializing? false, entries: size=1, first=(t:1, i:427), STATEMACHINELOGENTRY, client-8C6AA2FA99F1, cid=337
2019-08-23 04:27:15,023 [java.util.concurrent.ThreadPoolExecutor$Worker@4d11b51[State = -1, empty queue]] WARN  server.GrpcLogAppender (GrpcLogAppender.java:timeoutAppendRequest(200)) - GrpcLogAppender(aaa8e91e-0eca-44f4-ad30-66eff97d1642->f6d593da-3d81-42e7-b927-5f502e16088c): appendEntries Timeout, request=aaa8e91e-0eca-44f4-ad30-66eff97d1642->f6d593da-3d81-42e7-b927-5f502e16088c#433-t1, previous=(t:1, i:427), leaderCommit=414, initializing? false, entries: size=1, first=(t:1, i:428), STATEMACHINELOGENTRY, client-8C6AA2FA99F1, cid=336
2019-08-23 04:27:15,023 [java.util.concurrent.ThreadPoolExecutor$Worker@4d11b51[State = -1, empty queue]] WARN  server.GrpcLogAppender (GrpcLogAppender.java:timeoutAppendRequest(200)) - GrpcLogAppender(aaa8e91e-0eca-44f4-ad30-66eff97d1642->f6d593da-3d81-42e7-b927-5f502e16088c): appendEntries Timeout, request=aaa8e91e-0eca-44f4-ad30-66eff97d1642->f6d593da-3d81-42e7-b927-5f502e16088c#434-t1, previous=(t:1, i:428), leaderCommit=414, initializing? false, entries: size=1, first=(t:1, i:429), STATEMACHINELOGENTRY, client-8C6AA2FA99F1, cid=338
2019-08-23 04:27:15,023 [java.util.concurrent.ThreadPoolExecutor$Worker@4d11b51[State = -1, empty queue]] WARN  server.GrpcLogAppender (GrpcLogAppender.java:timeoutAppendRequest(200)) - GrpcLogAppender(aaa8e91e-0eca-44f4-ad30-66eff97d1642->f6d593da-3d81-42e7-b927-5f502e16088c): appendEntries Timeout, request=aaa8e91e-0eca-44f4-ad30-66eff97d1642->f6d593da-3d81-42e7-b927-5f502e16088c#435-t1, previous=(t:1, i:429), leaderCommit=414, initializing? false, entries: size=1, first=(t:1, i:430), STATEMACHINELOGENTRY, client-8C6AA2FA99F1, cid=340
2019-08-23 04:27:15,027 [java.util.concurrent.ThreadPoolExecutor$Worker@4d11b51[State = -1, empty queue]] WARN  server.GrpcLogAppender (GrpcLogAppender.java:timeoutAppendRequest(200)) - GrpcLogAppender(aaa8e91e-0eca-44f4-ad30-66eff97d1642->f6d593da-3d81-42e7-b927-5f502e16088c): appendEntries Timeout, request=aaa8e91e-0eca-44f4-ad30-66eff97d1642->f6d593da-3d81-42e7-b927-5f502e16088c#436-t1, previous=(t:1, i:430), leaderCommit=414, initializing? false, entries: size=1, first=(t:1, i:431), STATEMACHINELOGENTRY, client-8C6AA2FA99F1, cid=341
2019-08-23 04:27:15,032 [java.util.concurrent.ThreadPoolExecutor$Worker@4d11b51[State = -1, empty queue]] WARN  server.GrpcLogAppender (GrpcLogAppender.java:timeoutAppendRequest(200)) - GrpcLogAppender(aaa8e91e-0eca-44f4-ad30-66eff97d1642->f6d593da-3d81-42e7-b927-5f502e16088c): appendEntries Timeout, request=aaa8e91e-0eca-44f4-ad30-66eff97d1642->f6d593da-3d81-42e7-b927-5f502e16088c#437-t1, previous=(t:1, i:431), leaderCommit=416, initializing? false, entries: size=1, first=(t:1, i:432), METADATAENTRY(c415)
2019-08-23 04:27:15,032 [java.util.concurrent.ThreadPoolExecutor$Worker@57ec34a1[State = -1, empty queue]] WARN  server.GrpcLogAppender (GrpcLogAppender.java:timeoutAppendRequest(200)) - GrpcLogAppender(aaa8e91e-0eca-44f4-ad30-66eff97d1642->8d5baa0f-1210-41f1-915f-fdffd8779ee7): appendEntries Timeout, request=aaa8e91e-0eca-44f4-ad30-66eff97d1642->8d5baa0f-1210-41f1-915f-fdffd8779ee7#437-t1, previous=(t:1, i:431), leaderCommit=416, initializing? false, entries: size=1, first=(t:1, i:432), METADATAENTRY(c415)
2019-08-23 04:27:15,044 [java.util.concurrent.ThreadPoolExecutor$Worker@4d11b51[State = -1, empty queue]] WARN  server.GrpcLogAppender (GrpcLogAppender.java:timeoutAppendRequest(200)) - GrpcLogAppender(aaa8e91e-0eca-44f4-ad30-66eff97d1642->f6d593da-3d81-42e7-b927-5f502e16088c): appendEntries Timeout, request=aaa8e91e-0eca-44f4-ad30-66eff97d1642->f6d593da-3d81-42e7-b927-5f502e16088c#438-t1, previous=(t:1, i:432), leaderCommit=417, initializing? false, entries: size=1, first=(t:1, i:433), METADATAENTRY(c417)
2019-08-23 04:27:15,050 [java.util.concurrent.ThreadPoolExecutor$Worker@57ec34a1[State = -1, empty queue]] WARN  server.GrpcLogAppender (GrpcLogAppender.java:timeoutAppendRequest(200)) - GrpcLogAppender(aaa8e91e-0eca-44f4-ad30-66eff97d1642->8d5baa0f-1210-41f1-915f-fdffd8779ee7): appendEntries Timeout, request=aaa8e91e-0eca-44f4-ad30-66eff97d1642->8d5baa0f-1210-41f1-915f-fdffd8779ee7#438-t1, previous=(t:1, i:432), leaderCommit=417, initializing? false, entries: size=1, first=(t:1, i:433), METADATAENTRY(c417)
2019-08-23 04:27:15,051 [java.util.concurrent.ThreadPoolExecutor$Worker@4d11b51[State = -1, empty queue]] WARN  server.GrpcLogAppender (GrpcLogAppender.java:timeoutAppendRequest(200)) - GrpcLogAppender(aaa8e91e-0eca-44f4-ad30-66eff97d1642->f6d593da-3d81-42e7-b927-5f502e16088c): appendEntries Timeout, request=aaa8e91e-0eca-44f4-ad30-66eff97d1642->f6d593da-3d81-42e7-b927-5f502e16088c#439-t1, previous=(t:1, i:433), leaderCommit=419, initializing? false, entries: size=1, first=(t:1, i:434), METADATAENTRY(c419)
2019-08-23 04:27:15,051 [java.util.concurrent.ThreadPoolExecutor$Worker@57ec34a1[State = -1, empty queue]] WARN  server.GrpcLogAppender (GrpcLogAppender.java:timeoutAppendRequest(200)) - GrpcLogAppender(aaa8e91e-0eca-44f4-ad30-66eff97d1642->8d5baa0f-1210-41f1-915f-fdffd8779ee7): appendEntries Timeout, request=aaa8e91e-0eca-44f4-ad30-66eff97d1642->8d5baa0f-1210-41f1-915f-fdffd8779ee7#439-t1, previous=(t:1, i:433), leaderCommit=420, initializing? false, entries: size=1, first=(t:1, i:434), METADATAENTRY(c419)
2019-08-23 04:27:15,051 [java.util.concurrent.ThreadPoolExecutor$Worker@4d11b51[State = -1, empty queue]] WARN  server.GrpcLogAppender (GrpcLogAppender.java:timeoutAppendRequest(200)) - GrpcLogAppender(aaa8e91e-0eca-44f4-ad30-66eff97d1642->f6d593da-3d81-42e7-b927-5f502e16088c): appendEntries Timeout, request=aaa8e91e-0eca-44f4-ad30-66eff97d1642->f6d593da-3d81-42e7-b927-5f502e16088c#440-t1, previous=(t:1, i:434), leaderCommit=420, initializing? false, entries: size=1, first=(t:1, i:435), METADATAENTRY(c420)
2019-08-23 04:27:15,051 [java.util.concurrent.ThreadPoolExecutor$Worker@57ec34a1[State = -1, empty queue]] WARN  server.GrpcLogAppender (GrpcLogAppender.java:timeoutAppendRequest(200)) - GrpcLogAppender(aaa8e91e-0eca-44f4-ad30-66eff97d1642->8d5baa0f-1210-41f1-915f-fdffd8779ee7): appendEntries Timeout, request=aaa8e91e-0eca-44f4-ad30-66eff97d1642->8d5baa0f-1210-41f1-915f-fdffd8779ee7#440-t1, previous=(t:1, i:434), leaderCommit=420, initializing? false, entries: size=1, first=(t:1, i:435), METADATAENTRY(c420)
2019-08-23 04:27:15,266 [java.util.concurrent.ThreadPoolExecutor$Worker@4d11b51[State = -1, empty queue]] WARN  server.GrpcLogAppender (GrpcLogAppender.java:timeoutAppendRequest(200)) - GrpcLogAppender(aaa8e91e-0eca-44f4-ad30-66eff97d1642->f6d593da-3d81-42e7-b927-5f502e16088c): appendEntries Timeout, request=aaa8e91e-0eca-44f4-ad30-66eff97d1642->f6d593da-3d81-42e7-b927-5f502e16088c#441-t1, previous=(t:1, i:435), leaderCommit=425, initializing? false, entries: size=1, first=(t:1, i:436), METADATAENTRY(c424)
2019-08-23 04:27:15,267 [java.util.concurrent.ThreadPoolExecutor$Worker@57ec34a1[State = -1, empty queue]] WARN  server.GrpcLogAppender (GrpcLogAppender.java:timeoutAppendRequest(200)) - GrpcLogAppender(aaa8e91e-0eca-44f4-ad30-66eff97d1642->8d5baa0f-1210-41f1-915f-fdffd8779ee7): appendEntries Timeout, request=aaa8e91e-0eca-44f4-ad30-66eff97d1642->8d5baa0f-1210-41f1-915f-fdffd8779ee7#441-t1, previous=(t:1, i:435), leaderCommit=425, initializing? false, entries: size=1, first=(t:1, i:436), METADATAENTRY(c424)
2019-08-23 04:27:15,267 [java.util.concurrent.ThreadPoolExecutor$Worker@4d11b51[State = -1, empty queue]] WARN  server.GrpcLogAppender (GrpcLogAppender.java:timeoutAppendRequest(200)) - GrpcLogAppender(aaa8e91e-0eca-44f4-ad30-66eff97d1642->f6d593da-3d81-42e7-b927-5f502e16088c): appendEntries Timeout, request=aaa8e91e-0eca-44f4-ad30-66eff97d1642->f6d593da-3d81-42e7-b927-5f502e16088c#442-t1, previous=(t:1, i:436), leaderCommit=426, initializing? false, entries: size=1, first=(t:1, i:437), METADATAENTRY(c425)
2019-08-23 04:27:15,267 [java.util.concurrent.ThreadPoolExecutor$Worker@57ec34a1[State = -1, empty queue]] WARN  server.GrpcLogAppender (GrpcLogAppender.java:timeoutAppendRequest(200)) - GrpcLogAppender(aaa8e91e-0eca-44f4-ad30-66eff97d1642->8d5baa0f-1210-41f1-915f-fdffd8779ee7): appendEntries Timeout, request=aaa8e91e-0eca-44f4-ad30-66eff97d1642->8d5baa0f-1210-41f1-915f-fdffd8779ee7#442-t1, previous=(t:1, i:436), leaderCommit=426, initializing? false, entries: size=1, first=(t:1, i:437), METADATAENTRY(c425)
2019-08-23 04:27:15,267 [java.util.concurrent.ThreadPoolExecutor$Worker@4d11b51[State = -1, empty queue]] WARN  server.GrpcLogAppender (GrpcLogAppender.java:timeoutAppendRequest(200)) - GrpcLogAppender(aaa8e91e-0eca-44f4-ad30-66eff97d1642->f6d593da-3d81-42e7-b927-5f502e16088c): appendEntries Timeout, request=aaa8e91e-0eca-44f4-ad30-66eff97d1642->f6d593da-3d81-42e7-b927-5f502e16088c#443-t1, previous=(t:1, i:437), leaderCommit=427, initializing? false, entries: size=1, first=(t:1, i:438), METADATAENTRY(c426)
2019-08-23 04:27:15,267 [java.util.concurrent.ThreadPoolExecutor$Worker@57ec34a1[State = -1, empty queue]] WARN  server.GrpcLogAppender (GrpcLogAppender.java:timeoutAppendRequest(200)) - GrpcLogAppender(aaa8e91e-0eca-44f4-ad30-66eff97d1642->8d5baa0f-1210-41f1-915f-fdffd8779ee7): appendEntries Timeout, request=aaa8e91e-0eca-44f4-ad30-66eff97d1642->8d5baa0f-1210-41f1-915f-fdffd8779ee7#443-t1, previous=(t:1, i:437), leaderCommit=427, initializing? false, entries: size=1, first=(t:1, i:438), METADATAENTRY(c426)
2019-08-23 04:27:15,268 [java.util.concurrent.ThreadPoolExecutor$Worker@4d11b51[State = -1, empty queue]] WARN  server.GrpcLogAppender (GrpcLogAppender.java:timeoutAppendRequest(200)) - GrpcLogAppender(aaa8e91e-0eca-44f4-ad30-66eff97d1642->f6d593da-3d81-42e7-b927-5f502e16088c): appendEntries Timeout, request=aaa8e91e-0eca-44f4-ad30-66eff97d1642->f6d593da-3d81-42e7-b927-5f502e16088c#444-t1, previous=(t:1, i:438), leaderCommit=427, initializing? false, entries: size=1, first=(t:1, i:439), METADATAENTRY(c427)
2019-08-23 04:27:15,268 [java.util.concurrent.ThreadPoolExecutor$Worker@57ec34a1[State = -1, empty queue]] WARN  server.GrpcLogAppender (GrpcLogAppender.java:timeoutAppendRequest(200)) - GrpcLogAppender(aaa8e91e-0eca-44f4-ad30-66eff97d1642->8d5baa0f-1210-41f1-915f-fdffd8779ee7): appendEntries Timeout, request=aaa8e91e-0eca-44f4-ad30-66eff97d1642->8d5baa0f-1210-41f1-915f-fdffd8779ee7#444-t1, previous=(t:1, i:438), leaderCommit=427, initializing? false, entries: size=1, first=(t:1, i:439), METADATAENTRY(c427)
2019-08-23 04:27:15,268 [java.util.concurrent.ThreadPoolExecutor$Worker@57ec34a1[State = -1, empty queue]] WARN  server.GrpcLogAppender (GrpcLogAppender.java:timeoutAppendRequest(200)) - GrpcLogAppender(aaa8e91e-0eca-44f4-ad30-66eff97d1642->8d5baa0f-1210-41f1-915f-fdffd8779ee7): appendEntries Timeout, request=aaa8e91e-0eca-44f4-ad30-66eff97d1642->8d5baa0f-1210-41f1-915f-fdffd8779ee7#445-t1, previous=(t:1, i:439), leaderCommit=429, initializing? false, entries: size=1, first=(t:1, i:440), METADATAENTRY(c428)
2019-08-23 04:27:15,268 [java.util.concurrent.ThreadPoolExecutor$Worker@4d11b51[State = -1, empty queue]] WARN  server.GrpcLogAppender (GrpcLogAppender.java:timeoutAppendRequest(200)) - GrpcLogAppender(aaa8e91e-0eca-44f4-ad30-66eff97d1642->f6d593da-3d81-42e7-b927-5f502e16088c): appendEntries Timeout, request=aaa8e91e-0eca-44f4-ad30-66eff97d1642->f6d593da-3d81-42e7-b927-5f502e16088c#445-t1, previous=(t:1, i:439), leaderCommit=429, initializing? false, entries: size=1, first=(t:1, i:440), METADATAENTRY(c428)
2019-08-23 04:27:15,269 [java.util.concurrent.ThreadPoolExecutor$Worker@57ec34a1[State = -1, empty queue]] WARN  server.GrpcLogAppender (GrpcLogAppender.java:timeoutAppendRequest(200)) - GrpcLogAppender(aaa8e91e-0eca-44f4-ad30-66eff97d1642->8d5baa0f-1210-41f1-915f-fdffd8779ee7): appendEntries Timeout, request=aaa8e91e-0eca-44f4-ad30-66eff97d1642->8d5baa0f-1210-41f1-915f-fdffd8779ee7#446-t1, previous=(t:1, i:440), leaderCommit=430, initializing? false, entries: size=1, first=(t:1, i:441), METADATAENTRY(c429)
2019-08-23 04:27:15,269 [java.util.concurrent.ThreadPoolExecutor$Worker@4d11b51[State = -1, empty queue]] WARN  server.GrpcLogAppender (GrpcLogAppender.java:timeoutAppendRequest(200)) - GrpcLogAppender(aaa8e91e-0eca-44f4-ad30-66eff97d1642->f6d593da-3d81-42e7-b927-5f502e16088c): appendEntries Timeout, request=aaa8e91e-0eca-44f4-ad30-66eff97d1642->f6d593da-3d81-42e7-b927-5f502e16088c#446-t1, previous=(t:1, i:440), leaderCommit=430, initializing? false, entries: size=1, first=(t:1, i:441), METADATAENTRY(c429)
2019-08-23 04:27:15,269 [java.util.concurrent.ThreadPoolExecutor$Worker@57ec34a1[State = -1, empty queue]] WARN  server.GrpcLogAppender (GrpcLogAppender.java:timeoutAppendRequest(200)) - GrpcLogAppender(aaa8e91e-0eca-44f4-ad30-66eff97d1642->8d5baa0f-1210-41f1-915f-fdffd8779ee7): appendEntries Timeout, request=aaa8e91e-0eca-44f4-ad30-66eff97d1642->8d5baa0f-1210-41f1-915f-fdffd8779ee7#447-t1, previous=(t:1, i:441), leaderCommit=431, initializing? false, entries: size=1, first=(t:1, i:442), METADATAENTRY(c430)
2019-08-23 04:27:15,269 [java.util.concurrent.ThreadPoolExecutor$Worker@4d11b51[State = -1, empty queue]] WARN  server.GrpcLogAppender (GrpcLogAppender.java:timeoutAppendRequest(200)) - GrpcLogAppender(aaa8e91e-0eca-44f4-ad30-66eff97d1642->f6d593da-3d81-42e7-b927-5f502e16088c): appendEntries Timeout, request=aaa8e91e-0eca-44f4-ad30-66eff97d1642->f6d593da-3d81-42e7-b927-5f502e16088c#447-t1, previous=(t:1, i:441), leaderCommit=431, initializing? false, entries: size=1, first=(t:1, i:442), METADATAENTRY(c430)
2019-08-23 04:27:15,269 | INFO  | SCMAudit | user=jenkins1000 | ip=192.168.36.77 | op=SEND_HEARTBEAT {datanodeUUID=1394b7c5-6324-4406-bd9f-1c4b9a85bfa9, command=[]} | ret=SUCCESS |  
2019-08-23 04:27:15,269 [java.util.concurrent.ThreadPoolExecutor$Worker@57ec34a1[State = -1, empty queue]] WARN  server.GrpcLogAppender (GrpcLogAppender.java:timeoutAppendRequest(200)) - GrpcLogAppender(aaa8e91e-0eca-44f4-ad30-66eff97d1642->8d5baa0f-1210-41f1-915f-fdffd8779ee7): appendEntries Timeout, request=aaa8e91e-0eca-44f4-ad30-66eff97d1642->8d5baa0f-1210-41f1-915f-fdffd8779ee7#448-t1, previous=(t:1, i:442), leaderCommit=431, initializing? false, entries: size=1, first=(t:1, i:443), METADATAENTRY(c431)
2019-08-23 04:27:15,270 [java.util.concurrent.ThreadPoolExecutor$Worker@4d11b51[State = -1, empty queue]] WARN  server.GrpcLogAppender (GrpcLogAppender.java:timeoutAppendRequest(200)) - GrpcLogAppender(aaa8e91e-0eca-44f4-ad30-66eff97d1642->f6d593da-3d81-42e7-b927-5f502e16088c): appendEntries Timeout, request=aaa8e91e-0eca-44f4-ad30-66eff97d1642->f6d593da-3d81-42e7-b927-5f502e16088c#448-t1, previous=(t:1, i:442), leaderCommit=431, initializing? false, entries: size=1, first=(t:1, i:443), METADATAENTRY(c431)
 72.00% |█████████████████████████████████████████████████████████████████████████                            |  72/100 Time: 0:00:042019-08-23 04:27:15,666 | INFO  | SCMAudit | user=jenkins1000 | ip=192.168.36.77 | op=SEND_HEARTBEAT {datanodeUUID=aaa8e91e-0eca-44f4-ad30-66eff97d1642, command=[]} | ret=SUCCESS |  
2019-08-23 04:27:15,667 | INFO  | SCMAudit | user=jenkins1000 | ip=192.168.36.77 | op=SEND_HEARTBEAT {datanodeUUID=8d5baa0f-1210-41f1-915f-fdffd8779ee7, command=[]} | ret=SUCCESS |  
2019-08-23 04:27:15,668 | INFO  | SCMAudit | user=jenkins1000 | ip=192.168.36.77 | op=SEND_HEARTBEAT {datanodeUUID=f6d593da-3d81-42e7-b927-5f502e16088c, command=[]} | ret=SUCCESS |  
2019-08-23 04:27:15,708 | INFO  | SCMAudit | user=jenkins1000 | ip=192.168.36.77 | op=SEND_HEARTBEAT {datanodeUUID=a8987870-153b-42d5-a42b-636ff3374f98, command=[]} | ret=SUCCESS |  
2019-08-23 04:27:16,269 | INFO  | SCMAudit | user=jenkins1000 | ip=192.168.36.77 | op=SEND_HEARTBEAT {datanodeUUID=1394b7c5-6324-4406-bd9f-1c4b9a85bfa9, command=[]} | ret=SUCCESS |  
 72.00% |█████████████████████████████████████████████████████████████████████████                            |  72/100 Time: 0:00:052019-08-23 04:27:16,666 | INFO  | SCMAudit | user=jenkins1000 | ip=192.168.36.77 | op=SEND_HEARTBEAT {datanodeUUID=aaa8e91e-0eca-44f4-ad30-66eff97d1642, command=[]} | ret=SUCCESS |  
2019-08-23 04:27:16,668 | INFO  | SCMAudit | user=jenkins1000 | ip=192.168.36.77 | op=SEND_HEARTBEAT {datanodeUUID=f6d593da-3d81-42e7-b927-5f502e16088c, command=[]} | ret=SUCCESS |  
2019-08-23 04:27:16,668 | INFO  | SCMAudit | user=jenkins1000 | ip=192.168.36.77 | op=SEND_HEARTBEAT {datanodeUUID=8d5baa0f-1210-41f1-915f-fdffd8779ee7, command=[]} | ret=SUCCESS |  
2019-08-23 04:27:16,708 | INFO  | SCMAudit | user=jenkins1000 | ip=192.168.36.77 | op=SEND_HEARTBEAT {datanodeUUID=a8987870-153b-42d5-a42b-636ff3374f98, command=[]} | ret=SUCCESS |  
2019-08-23 04:27:17,017 [pool-90-thread-5] WARN  scm.XceiverClientRatis (XceiverClientRatis.java:watchForCommit(262)) - 3 way commit failed on pipeline Pipeline[ Id: 66543a4c-018c-4a46-974e-c455d70d824c, Nodes: f6d593da-3d81-42e7-b927-5f502e16088c{ip: 192.168.36.77, host: pr-hdds-2000-5mb45-3533150274, networkLocation: /default-rack, certSerialId: null}8d5baa0f-1210-41f1-915f-fdffd8779ee7{ip: 192.168.36.77, host: pr-hdds-2000-5mb45-3533150274, networkLocation: /default-rack, certSerialId: null}aaa8e91e-0eca-44f4-ad30-66eff97d1642{ip: 192.168.36.77, host: pr-hdds-2000-5mb45-3533150274, networkLocation: /default-rack, certSerialId: null}, Type:RATIS, Factor:THREE, State:OPEN]
java.util.concurrent.TimeoutException
	at java.util.concurrent.CompletableFuture.timedGet(CompletableFuture.java:1771)
	at java.util.concurrent.CompletableFuture.get(CompletableFuture.java:1915)
	at org.apache.hadoop.hdds.scm.XceiverClientRatis.watchForCommit(XceiverClientRatis.java:259)
	at org.apache.hadoop.hdds.scm.storage.CommitWatcher.watchForCommit(CommitWatcher.java:194)
	at org.apache.hadoop.hdds.scm.storage.CommitWatcher.watchOnLastIndex(CommitWatcher.java:157)
	at org.apache.hadoop.hdds.scm.storage.BlockOutputStream.watchForCommit(BlockOutputStream.java:347)
	at org.apache.hadoop.hdds.scm.storage.BlockOutputStream.handleFlush(BlockOutputStream.java:479)
	at org.apache.hadoop.hdds.scm.storage.BlockOutputStream.close(BlockOutputStream.java:493)
	at org.apache.hadoop.ozone.client.io.BlockOutputStreamEntry.close(BlockOutputStreamEntry.java:143)
	at org.apache.hadoop.ozone.client.io.KeyOutputStream.handleFlushOrClose(KeyOutputStream.java:434)
	at org.apache.hadoop.ozone.client.io.KeyOutputStream.close(KeyOutputStream.java:472)
	at org.apache.hadoop.ozone.client.io.OzoneOutputStream.close(OzoneOutputStream.java:60)
	at org.apache.hadoop.ozone.freon.RandomKeyGenerator.createKey(RandomKeyGenerator.java:701)
	at org.apache.hadoop.ozone.freon.RandomKeyGenerator.access$1100(RandomKeyGenerator.java:87)
	at org.apache.hadoop.ozone.freon.RandomKeyGenerator$ObjectCreator.run(RandomKeyGenerator.java:606)
	at java.util.concurrent.Executors$RunnableAdapter.call(Executors.java:511)
	at java.util.concurrent.FutureTask.run(FutureTask.java:266)
	at java.util.concurrent.ThreadPoolExecutor.runWorker(ThreadPoolExecutor.java:1149)
	at java.util.concurrent.ThreadPoolExecutor$Worker.run(ThreadPoolExecutor.java:624)
	at java.lang.Thread.run(Thread.java:748)
2019-08-23 04:27:17,017 [pool-90-thread-8] WARN  scm.XceiverClientRatis (XceiverClientRatis.java:watchForCommit(262)) - 3 way commit failed on pipeline Pipeline[ Id: 66543a4c-018c-4a46-974e-c455d70d824c, Nodes: f6d593da-3d81-42e7-b927-5f502e16088c{ip: 192.168.36.77, host: pr-hdds-2000-5mb45-3533150274, networkLocation: /default-rack, certSerialId: null}8d5baa0f-1210-41f1-915f-fdffd8779ee7{ip: 192.168.36.77, host: pr-hdds-2000-5mb45-3533150274, networkLocation: /default-rack, certSerialId: null}aaa8e91e-0eca-44f4-ad30-66eff97d1642{ip: 192.168.36.77, host: pr-hdds-2000-5mb45-3533150274, networkLocation: /default-rack, certSerialId: null}, Type:RATIS, Factor:THREE, State:OPEN]
java.util.concurrent.TimeoutException
	at java.util.concurrent.CompletableFuture.timedGet(CompletableFuture.java:1771)
	at java.util.concurrent.CompletableFuture.get(CompletableFuture.java:1915)
	at org.apache.hadoop.hdds.scm.XceiverClientRatis.watchForCommit(XceiverClientRatis.java:259)
	at org.apache.hadoop.hdds.scm.storage.CommitWatcher.watchForCommit(CommitWatcher.java:194)
	at org.apache.hadoop.hdds.scm.storage.CommitWatcher.watchOnLastIndex(CommitWatcher.java:157)
	at org.apache.hadoop.hdds.scm.storage.BlockOutputStream.watchForCommit(BlockOutputStream.java:347)
	at org.apache.hadoop.hdds.scm.storage.BlockOutputStream.handleFlush(BlockOutputStream.java:479)
	at org.apache.hadoop.hdds.scm.storage.BlockOutputStream.close(BlockOutputStream.java:493)
	at org.apache.hadoop.ozone.client.io.BlockOutputStreamEntry.close(BlockOutputStreamEntry.java:143)
	at org.apache.hadoop.ozone.client.io.KeyOutputStream.handleFlushOrClose(KeyOutputStream.java:434)
	at org.apache.hadoop.ozone.client.io.KeyOutputStream.close(KeyOutputStream.java:472)
	at org.apache.hadoop.ozone.client.io.OzoneOutputStream.close(OzoneOutputStream.java:60)
	at org.apache.hadoop.ozone.freon.RandomKeyGenerator.createKey(RandomKeyGenerator.java:701)
	at org.apache.hadoop.ozone.freon.RandomKeyGenerator.access$1100(RandomKeyGenerator.java:87)
	at org.apache.hadoop.ozone.freon.RandomKeyGenerator$ObjectCreator.run(RandomKeyGenerator.java:606)
	at java.util.concurrent.Executors$RunnableAdapter.call(Executors.java:511)
	at java.util.concurrent.FutureTask.run(FutureTask.java:266)
	at java.util.concurrent.ThreadPoolExecutor.runWorker(ThreadPoolExecutor.java:1149)
	at java.util.concurrent.ThreadPoolExecutor$Worker.run(ThreadPoolExecutor.java:624)
	at java.lang.Thread.run(Thread.java:748)
2019-08-23 04:27:17,017 [pool-90-thread-4] WARN  scm.XceiverClientRatis (XceiverClientRatis.java:watchForCommit(262)) - 3 way commit failed on pipeline Pipeline[ Id: 66543a4c-018c-4a46-974e-c455d70d824c, Nodes: f6d593da-3d81-42e7-b927-5f502e16088c{ip: 192.168.36.77, host: pr-hdds-2000-5mb45-3533150274, networkLocation: /default-rack, certSerialId: null}8d5baa0f-1210-41f1-915f-fdffd8779ee7{ip: 192.168.36.77, host: pr-hdds-2000-5mb45-3533150274, networkLocation: /default-rack, certSerialId: null}aaa8e91e-0eca-44f4-ad30-66eff97d1642{ip: 192.168.36.77, host: pr-hdds-2000-5mb45-3533150274, networkLocation: /default-rack, certSerialId: null}, Type:RATIS, Factor:THREE, State:OPEN]
java.util.concurrent.TimeoutException
	at java.util.concurrent.CompletableFuture.timedGet(CompletableFuture.java:1771)
	at java.util.concurrent.CompletableFuture.get(CompletableFuture.java:1915)
	at org.apache.hadoop.hdds.scm.XceiverClientRatis.watchForCommit(XceiverClientRatis.java:259)
	at org.apache.hadoop.hdds.scm.storage.CommitWatcher.watchForCommit(CommitWatcher.java:194)
	at org.apache.hadoop.hdds.scm.storage.CommitWatcher.watchOnLastIndex(CommitWatcher.java:157)
	at org.apache.hadoop.hdds.scm.storage.BlockOutputStream.watchForCommit(BlockOutputStream.java:347)
	at org.apache.hadoop.hdds.scm.storage.BlockOutputStream.handleFlush(BlockOutputStream.java:479)
	at org.apache.hadoop.hdds.scm.storage.BlockOutputStream.close(BlockOutputStream.java:493)
	at org.apache.hadoop.ozone.client.io.BlockOutputStreamEntry.close(BlockOutputStreamEntry.java:143)
	at org.apache.hadoop.ozone.client.io.KeyOutputStream.handleFlushOrClose(KeyOutputStream.java:434)
	at org.apache.hadoop.ozone.client.io.KeyOutputStream.close(KeyOutputStream.java:472)
	at org.apache.hadoop.ozone.client.io.OzoneOutputStream.close(OzoneOutputStream.java:60)
	at org.apache.hadoop.ozone.freon.RandomKeyGenerator.createKey(RandomKeyGenerator.java:701)
	at org.apache.hadoop.ozone.freon.RandomKeyGenerator.access$1100(RandomKeyGenerator.java:87)
	at org.apache.hadoop.ozone.freon.RandomKeyGenerator$ObjectCreator.run(RandomKeyGenerator.java:606)
	at java.util.concurrent.Executors$RunnableAdapter.call(Executors.java:511)
	at java.util.concurrent.FutureTask.run(FutureTask.java:266)
	at java.util.concurrent.ThreadPoolExecutor.runWorker(ThreadPoolExecutor.java:1149)
	at java.util.concurrent.ThreadPoolExecutor$Worker.run(ThreadPoolExecutor.java:624)
	at java.lang.Thread.run(Thread.java:748)
2019-08-23 04:27:17,028 [grpc-default-executor-1] INFO  client.GrpcClientProtocolClient (GrpcClientProtocolClient.java:onNext(255)) - client-8C6AA2FA99F1->aaa8e91e-0eca-44f4-ad30-66eff97d1642: receive RaftClientReply:client-8C6AA2FA99F1->aaa8e91e-0eca-44f4-ad30-66eff97d1642@group-C455D70D824C, cid=349, SUCCESS, logIndex=0, commits[aaa8e91e-0eca-44f4-ad30-66eff97d1642:c431, f6d593da-3d81-42e7-b927-5f502e16088c:c408, 8d5baa0f-1210-41f1-915f-fdffd8779ee7:c414]
2019-08-23 04:27:17,031 [grpc-default-executor-1] INFO  client.GrpcClientProtocolClient (GrpcClientProtocolClient.java:onNext(255)) - client-8C6AA2FA99F1->aaa8e91e-0eca-44f4-ad30-66eff97d1642: receive RaftClientReply:client-8C6AA2FA99F1->aaa8e91e-0eca-44f4-ad30-66eff97d1642@group-C455D70D824C, cid=350, SUCCESS, logIndex=0, commits[aaa8e91e-0eca-44f4-ad30-66eff97d1642:c431, f6d593da-3d81-42e7-b927-5f502e16088c:c408, 8d5baa0f-1210-41f1-915f-fdffd8779ee7:c414]
2019-08-23 04:27:17,032 [grpc-default-executor-1] INFO  client.GrpcClientProtocolClient (GrpcClientProtocolClient.java:onNext(255)) - client-8C6AA2FA99F1->aaa8e91e-0eca-44f4-ad30-66eff97d1642: receive RaftClientReply:client-8C6AA2FA99F1->aaa8e91e-0eca-44f4-ad30-66eff97d1642@group-C455D70D824C, cid=351, SUCCESS, logIndex=0, commits[aaa8e91e-0eca-44f4-ad30-66eff97d1642:c431, f6d593da-3d81-42e7-b927-5f502e16088c:c408, 8d5baa0f-1210-41f1-915f-fdffd8779ee7:c414]
2019-08-23 04:27:17,035 [pool-90-thread-2] WARN  scm.XceiverClientRatis (XceiverClientRatis.java:watchForCommit(262)) - 3 way commit failed on pipeline Pipeline[ Id: 66543a4c-018c-4a46-974e-c455d70d824c, Nodes: f6d593da-3d81-42e7-b927-5f502e16088c{ip: 192.168.36.77, host: pr-hdds-2000-5mb45-3533150274, networkLocation: /default-rack, certSerialId: null}8d5baa0f-1210-41f1-915f-fdffd8779ee7{ip: 192.168.36.77, host: pr-hdds-2000-5mb45-3533150274, networkLocation: /default-rack, certSerialId: null}aaa8e91e-0eca-44f4-ad30-66eff97d1642{ip: 192.168.36.77, host: pr-hdds-2000-5mb45-3533150274, networkLocation: /default-rack, certSerialId: null}, Type:RATIS, Factor:THREE, State:OPEN]
java.util.concurrent.TimeoutException
	at java.util.concurrent.CompletableFuture.timedGet(CompletableFuture.java:1771)
	at java.util.concurrent.CompletableFuture.get(CompletableFuture.java:1915)
	at org.apache.hadoop.hdds.scm.XceiverClientRatis.watchForCommit(XceiverClientRatis.java:259)
	at org.apache.hadoop.hdds.scm.storage.CommitWatcher.watchForCommit(CommitWatcher.java:194)
	at org.apache.hadoop.hdds.scm.storage.CommitWatcher.watchOnLastIndex(CommitWatcher.java:157)
	at org.apache.hadoop.hdds.scm.storage.BlockOutputStream.watchForCommit(BlockOutputStream.java:347)
	at org.apache.hadoop.hdds.scm.storage.BlockOutputStream.handleFlush(BlockOutputStream.java:479)
	at org.apache.hadoop.hdds.scm.storage.BlockOutputStream.close(BlockOutputStream.java:493)
	at org.apache.hadoop.ozone.client.io.BlockOutputStreamEntry.close(BlockOutputStreamEntry.java:143)
	at org.apache.hadoop.ozone.client.io.KeyOutputStream.handleFlushOrClose(KeyOutputStream.java:434)
	at org.apache.hadoop.ozone.client.io.KeyOutputStream.close(KeyOutputStream.java:472)
	at org.apache.hadoop.ozone.client.io.OzoneOutputStream.close(OzoneOutputStream.java:60)
	at org.apache.hadoop.ozone.freon.RandomKeyGenerator.createKey(RandomKeyGenerator.java:701)
	at org.apache.hadoop.ozone.freon.RandomKeyGenerator.access$1100(RandomKeyGenerator.java:87)
	at org.apache.hadoop.ozone.freon.RandomKeyGenerator$ObjectCreator.run(RandomKeyGenerator.java:606)
	at java.util.concurrent.Executors$RunnableAdapter.call(Executors.java:511)
	at java.util.concurrent.FutureTask.run(FutureTask.java:266)
	at java.util.concurrent.ThreadPoolExecutor.runWorker(ThreadPoolExecutor.java:1149)
	at java.util.concurrent.ThreadPoolExecutor$Worker.run(ThreadPoolExecutor.java:624)
	at java.lang.Thread.run(Thread.java:748)
2019-08-23 04:27:17,038 [pool-90-thread-4] INFO  scm.XceiverClientRatis (XceiverClientRatis.java:lambda$watchForCommit$7(280)) - Could not commit index 410 on pipeline Pipeline[ Id: 66543a4c-018c-4a46-974e-c455d70d824c, Nodes: f6d593da-3d81-42e7-b927-5f502e16088c{ip: 192.168.36.77, host: pr-hdds-2000-5mb45-3533150274, networkLocation: /default-rack, certSerialId: null}8d5baa0f-1210-41f1-915f-fdffd8779ee7{ip: 192.168.36.77, host: pr-hdds-2000-5mb45-3533150274, networkLocation: /default-rack, certSerialId: null}aaa8e91e-0eca-44f4-ad30-66eff97d1642{ip: 192.168.36.77, host: pr-hdds-2000-5mb45-3533150274, networkLocation: /default-rack, certSerialId: null}, Type:RATIS, Factor:THREE, State:OPEN] to all the nodes. Server f6d593da-3d81-42e7-b927-5f502e16088c has failed. Committed by majority.
2019-08-23 04:27:17,038 [pool-90-thread-8] INFO  scm.XceiverClientRatis (XceiverClientRatis.java:lambda$watchForCommit$7(280)) - Could not commit index 413 on pipeline Pipeline[ Id: 66543a4c-018c-4a46-974e-c455d70d824c, Nodes: f6d593da-3d81-42e7-b927-5f502e16088c{ip: 192.168.36.77, host: pr-hdds-2000-5mb45-3533150274, networkLocation: /default-rack, certSerialId: null}8d5baa0f-1210-41f1-915f-fdffd8779ee7{ip: 192.168.36.77, host: pr-hdds-2000-5mb45-3533150274, networkLocation: /default-rack, certSerialId: null}aaa8e91e-0eca-44f4-ad30-66eff97d1642{ip: 192.168.36.77, host: pr-hdds-2000-5mb45-3533150274, networkLocation: /default-rack, certSerialId: null}, Type:RATIS, Factor:THREE, State:OPEN] to all the nodes. Server f6d593da-3d81-42e7-b927-5f502e16088c has failed. Committed by majority.
2019-08-23 04:27:17,038 [pool-90-thread-5] INFO  scm.XceiverClientRatis (XceiverClientRatis.java:lambda$watchForCommit$7(280)) - Could not commit index 411 on pipeline Pipeline[ Id: 66543a4c-018c-4a46-974e-c455d70d824c, Nodes: f6d593da-3d81-42e7-b927-5f502e16088c{ip: 192.168.36.77, host: pr-hdds-2000-5mb45-3533150274, networkLocation: /default-rack, certSerialId: null}8d5baa0f-1210-41f1-915f-fdffd8779ee7{ip: 192.168.36.77, host: pr-hdds-2000-5mb45-3533150274, networkLocation: /default-rack, certSerialId: null}aaa8e91e-0eca-44f4-ad30-66eff97d1642{ip: 192.168.36.77, host: pr-hdds-2000-5mb45-3533150274, networkLocation: /default-rack, certSerialId: null}, Type:RATIS, Factor:THREE, State:OPEN] to all the nodes. Server f6d593da-3d81-42e7-b927-5f502e16088c has failed. Committed by majority.
2019-08-23 04:27:17,037 [pool-90-thread-6] WARN  scm.XceiverClientRatis (XceiverClientRatis.java:watchForCommit(262)) - 3 way commit failed on pipeline Pipeline[ Id: 66543a4c-018c-4a46-974e-c455d70d824c, Nodes: f6d593da-3d81-42e7-b927-5f502e16088c{ip: 192.168.36.77, host: pr-hdds-2000-5mb45-3533150274, networkLocation: /default-rack, certSerialId: null}8d5baa0f-1210-41f1-915f-fdffd8779ee7{ip: 192.168.36.77, host: pr-hdds-2000-5mb45-3533150274, networkLocation: /default-rack, certSerialId: null}aaa8e91e-0eca-44f4-ad30-66eff97d1642{ip: 192.168.36.77, host: pr-hdds-2000-5mb45-3533150274, networkLocation: /default-rack, certSerialId: null}, Type:RATIS, Factor:THREE, State:OPEN]
java.util.concurrent.TimeoutException
	at java.util.concurrent.CompletableFuture.timedGet(CompletableFuture.java:1771)
	at java.util.concurrent.CompletableFuture.get(CompletableFuture.java:1915)
	at org.apache.hadoop.hdds.scm.XceiverClientRatis.watchForCommit(XceiverClientRatis.java:259)
	at org.apache.hadoop.hdds.scm.storage.CommitWatcher.watchForCommit(CommitWatcher.java:194)
	at org.apache.hadoop.hdds.scm.storage.CommitWatcher.watchOnLastIndex(CommitWatcher.java:157)
	at org.apache.hadoop.hdds.scm.storage.BlockOutputStream.watchForCommit(BlockOutputStream.java:347)
	at org.apache.hadoop.hdds.scm.storage.BlockOutputStream.handleFlush(BlockOutputStream.java:479)
	at org.apache.hadoop.hdds.scm.storage.BlockOutputStream.close(BlockOutputStream.java:493)
	at org.apache.hadoop.ozone.client.io.BlockOutputStreamEntry.close(BlockOutputStreamEntry.java:143)
	at org.apache.hadoop.ozone.client.io.KeyOutputStream.handleFlushOrClose(KeyOutputStream.java:434)
	at org.apache.hadoop.ozone.client.io.KeyOutputStream.close(KeyOutputStream.java:472)
	at org.apache.hadoop.ozone.client.io.OzoneOutputStream.close(OzoneOutputStream.java:60)
	at org.apache.hadoop.ozone.freon.RandomKeyGenerator.createKey(RandomKeyGenerator.java:701)
	at org.apache.hadoop.ozone.freon.RandomKeyGenerator.access$1100(RandomKeyGenerator.java:87)
	at org.apache.hadoop.ozone.freon.RandomKeyGenerator$ObjectCreator.run(RandomKeyGenerator.java:606)
	at java.util.concurrent.Executors$RunnableAdapter.call(Executors.java:511)
	at java.util.concurrent.FutureTask.run(FutureTask.java:266)
	at java.util.concurrent.ThreadPoolExecutor.runWorker(ThreadPoolExecutor.java:1149)
	at java.util.concurrent.ThreadPoolExecutor$Worker.run(ThreadPoolExecutor.java:624)
	at java.lang.Thread.run(Thread.java:748)
2019-08-23 04:27:17,035 [pool-90-thread-3] WARN  scm.XceiverClientRatis (XceiverClientRatis.java:watchForCommit(262)) - 3 way commit failed on pipeline Pipeline[ Id: 66543a4c-018c-4a46-974e-c455d70d824c, Nodes: f6d593da-3d81-42e7-b927-5f502e16088c{ip: 192.168.36.77, host: pr-hdds-2000-5mb45-3533150274, networkLocation: /default-rack, certSerialId: null}8d5baa0f-1210-41f1-915f-fdffd8779ee7{ip: 192.168.36.77, host: pr-hdds-2000-5mb45-3533150274, networkLocation: /default-rack, certSerialId: null}aaa8e91e-0eca-44f4-ad30-66eff97d1642{ip: 192.168.36.77, host: pr-hdds-2000-5mb45-3533150274, networkLocation: /default-rack, certSerialId: null}, Type:RATIS, Factor:THREE, State:OPEN]
java.util.concurrent.TimeoutException
	at java.util.concurrent.CompletableFuture.timedGet(CompletableFuture.java:1771)
	at java.util.concurrent.CompletableFuture.get(CompletableFuture.java:1915)
	at org.apache.hadoop.hdds.scm.XceiverClientRatis.watchForCommit(XceiverClientRatis.java:259)
	at org.apache.hadoop.hdds.scm.storage.CommitWatcher.watchForCommit(CommitWatcher.java:194)
	at org.apache.hadoop.hdds.scm.storage.CommitWatcher.watchOnLastIndex(CommitWatcher.java:157)
	at org.apache.hadoop.hdds.scm.storage.BlockOutputStream.watchForCommit(BlockOutputStream.java:347)
	at org.apache.hadoop.hdds.scm.storage.BlockOutputStream.handleFlush(BlockOutputStream.java:479)
	at org.apache.hadoop.hdds.scm.storage.BlockOutputStream.close(BlockOutputStream.java:493)
	at org.apache.hadoop.ozone.client.io.BlockOutputStreamEntry.close(BlockOutputStreamEntry.java:143)
	at org.apache.hadoop.ozone.client.io.KeyOutputStream.handleFlushOrClose(KeyOutputStream.java:434)
	at org.apache.hadoop.ozone.client.io.KeyOutputStream.close(KeyOutputStream.java:472)
	at org.apache.hadoop.ozone.client.io.OzoneOutputStream.close(OzoneOutputStream.java:60)
	at org.apache.hadoop.ozone.freon.RandomKeyGenerator.createKey(RandomKeyGenerator.java:701)
	at org.apache.hadoop.ozone.freon.RandomKeyGenerator.access$1100(RandomKeyGenerator.java:87)
	at org.apache.hadoop.ozone.freon.RandomKeyGenerator$ObjectCreator.run(RandomKeyGenerator.java:606)
	at java.util.concurrent.Executors$RunnableAdapter.call(Executors.java:511)
	at java.util.concurrent.FutureTask.run(FutureTask.java:266)
	at java.util.concurrent.ThreadPoolExecutor.runWorker(ThreadPoolExecutor.java:1149)
	at java.util.concurrent.ThreadPoolExecutor$Worker.run(ThreadPoolExecutor.java:624)
	at java.lang.Thread.run(Thread.java:748)
2019-08-23 04:27:17,047 [pool-90-thread-5] WARN  storage.BlockOutputStream (BlockOutputStream.java:watchForCommit(353)) - Failed to commit BlockId conID: 3 locID: 102664400535683236 bcsId: 411 on Pipeline[ Id: 66543a4c-018c-4a46-974e-c455d70d824c, Nodes: f6d593da-3d81-42e7-b927-5f502e16088c{ip: 192.168.36.77, host: pr-hdds-2000-5mb45-3533150274, networkLocation: /default-rack, certSerialId: null}8d5baa0f-1210-41f1-915f-fdffd8779ee7{ip: 192.168.36.77, host: pr-hdds-2000-5mb45-3533150274, networkLocation: /default-rack, certSerialId: null}aaa8e91e-0eca-44f4-ad30-66eff97d1642{ip: 192.168.36.77, host: pr-hdds-2000-5mb45-3533150274, networkLocation: /default-rack, certSerialId: null}, Type:RATIS, Factor:THREE, State:OPEN]. Failed nodes: [f6d593da-3d81-42e7-b927-5f502e16088c{ip: null, host: null, networkLocation: /default-rack, certSerialId: null}]
2019-08-23 04:27:17,043 [pool-90-thread-8] WARN  storage.BlockOutputStream (BlockOutputStream.java:watchForCommit(353)) - Failed to commit BlockId conID: 2 locID: 102664400535683233 bcsId: 413 on Pipeline[ Id: 66543a4c-018c-4a46-974e-c455d70d824c, Nodes: f6d593da-3d81-42e7-b927-5f502e16088c{ip: 192.168.36.77, host: pr-hdds-2000-5mb45-3533150274, networkLocation: /default-rack, certSerialId: null}8d5baa0f-1210-41f1-915f-fdffd8779ee7{ip: 192.168.36.77, host: pr-hdds-2000-5mb45-3533150274, networkLocation: /default-rack, certSerialId: null}aaa8e91e-0eca-44f4-ad30-66eff97d1642{ip: 192.168.36.77, host: pr-hdds-2000-5mb45-3533150274, networkLocation: /default-rack, certSerialId: null}, Type:RATIS, Factor:THREE, State:OPEN]. Failed nodes: [f6d593da-3d81-42e7-b927-5f502e16088c{ip: null, host: null, networkLocation: /default-rack, certSerialId: null}]
2019-08-23 04:27:17,041 [pool-90-thread-4] WARN  storage.BlockOutputStream (BlockOutputStream.java:watchForCommit(353)) - Failed to commit BlockId conID: 1 locID: 102664400535683231 bcsId: 410 on Pipeline[ Id: 66543a4c-018c-4a46-974e-c455d70d824c, Nodes: f6d593da-3d81-42e7-b927-5f502e16088c{ip: 192.168.36.77, host: pr-hdds-2000-5mb45-3533150274, networkLocation: /default-rack, certSerialId: null}8d5baa0f-1210-41f1-915f-fdffd8779ee7{ip: 192.168.36.77, host: pr-hdds-2000-5mb45-3533150274, networkLocation: /default-rack, certSerialId: null}aaa8e91e-0eca-44f4-ad30-66eff97d1642{ip: 192.168.36.77, host: pr-hdds-2000-5mb45-3533150274, networkLocation: /default-rack, certSerialId: null}, Type:RATIS, Factor:THREE, State:OPEN]. Failed nodes: [f6d593da-3d81-42e7-b927-5f502e16088c{ip: null, host: null, networkLocation: /default-rack, certSerialId: null}]
2019-08-23 04:27:17,060 | INFO  | OMAudit | user=jenkins1000 | ip=127.0.0.1 | op=COMMIT_KEY {volume=vol-0-42659, bucket=bucket-2-77083, key=key-7-46379, dataSize=10240, replicationType=null, replicationFactor=null, keyLocationInfo=[{blockID={containerID=2, localID=102664400535683233}, length=10240, offset=0, token=null, pipeline=Pipeline[ Id: 66543a4c-018c-4a46-974e-c455d70d824c, Nodes: f6d593da-3d81-42e7-b927-5f502e16088c{ip: 192.168.36.77, host: pr-hdds-2000-5mb45-3533150274, networkLocation: /default-rack, certSerialId: null}8d5baa0f-1210-41f1-915f-fdffd8779ee7{ip: 192.168.36.77, host: pr-hdds-2000-5mb45-3533150274, networkLocation: /default-rack, certSerialId: null}aaa8e91e-0eca-44f4-ad30-66eff97d1642{ip: 192.168.36.77, host: pr-hdds-2000-5mb45-3533150274, networkLocation: /default-rack, certSerialId: null}, Type:RATIS, Factor:THREE, State:OPEN], createVersion=0}], clientID=102664400535486621} | ret=SUCCESS |  
2019-08-23 04:27:17,060 | INFO  | OMAudit | user=jenkins1000 | ip=127.0.0.1 | op=COMMIT_KEY {volume=vol-1-20205, bucket=bucket-2-67835, key=key-7-67774, dataSize=10240, replicationType=null, replicationFactor=null, keyLocationInfo=[{blockID={containerID=3, localID=102664400535683236}, length=10240, offset=0, token=null, pipeline=Pipeline[ Id: 66543a4c-018c-4a46-974e-c455d70d824c, Nodes: f6d593da-3d81-42e7-b927-5f502e16088c{ip: 192.168.36.77, host: pr-hdds-2000-5mb45-3533150274, networkLocation: /default-rack, certSerialId: null}8d5baa0f-1210-41f1-915f-fdffd8779ee7{ip: 192.168.36.77, host: pr-hdds-2000-5mb45-3533150274, networkLocation: /default-rack, certSerialId: null}aaa8e91e-0eca-44f4-ad30-66eff97d1642{ip: 192.168.36.77, host: pr-hdds-2000-5mb45-3533150274, networkLocation: /default-rack, certSerialId: null}, Type:RATIS, Factor:THREE, State:OPEN], createVersion=0}], clientID=102664400535683232} | ret=SUCCESS |  
2019-08-23 04:27:17,060 | INFO  | OMAudit | user=jenkins1000 | ip=127.0.0.1 | op=COMMIT_KEY {volume=vol-0-42659, bucket=bucket-1-34712, key=key-7-86182, dataSize=10240, replicationType=null, replicationFactor=null, keyLocationInfo=[{blockID={containerID=1, localID=102664400535683231}, length=10240, offset=0, token=null, pipeline=Pipeline[ Id: 66543a4c-018c-4a46-974e-c455d70d824c, Nodes: f6d593da-3d81-42e7-b927-5f502e16088c{ip: 192.168.36.77, host: pr-hdds-2000-5mb45-3533150274, networkLocation: /default-rack, certSerialId: null}8d5baa0f-1210-41f1-915f-fdffd8779ee7{ip: 192.168.36.77, host: pr-hdds-2000-5mb45-3533150274, networkLocation: /default-rack, certSerialId: null}aaa8e91e-0eca-44f4-ad30-66eff97d1642{ip: 192.168.36.77, host: pr-hdds-2000-5mb45-3533150274, networkLocation: /default-rack, certSerialId: null}, Type:RATIS, Factor:THREE, State:OPEN], createVersion=0}], clientID=102664400535486620} | ret=SUCCESS |  
2019-08-23 04:27:17,063 | INFO  | SCMAudit | user=jenkins1000 | ip=192.168.36.77 | op=GET_CONTAINER_WITH_PIPELINE {containerID=#3} | ret=SUCCESS |  
2019-08-23 04:27:17,066 | INFO  | OMAudit | user=jenkins1000 | ip=127.0.0.1 | op=READ_KEY {volume=vol-1-20205, bucket=bucket-2-67835, key=key-7-67774, dataSize=0, replicationType=null, replicationFactor=null, keyLocationInfo=null} | ret=SUCCESS |  
2019-08-23 04:27:17,067 | INFO  | SCMAudit | user=jenkins1000 | ip=192.168.36.77 | op=ALLOCATE_BLOCK {owner=0ede6294-5fd7-421b-8eb7-9656e082115f, size=4194304, type=RATIS, factor=THREE} | ret=SUCCESS |  
2019-08-23 04:27:17,068 | INFO  | SCMAudit | user=jenkins1000 | ip=192.168.36.77 | op=ALLOCATE_BLOCK {owner=0ede6294-5fd7-421b-8eb7-9656e082115f, size=4194304, type=RATIS, factor=THREE} | ret=SUCCESS |  
2019-08-23 04:27:17,068 | INFO  | SCMAudit | user=jenkins1000 | ip=192.168.36.77 | op=ALLOCATE_BLOCK {owner=0ede6294-5fd7-421b-8eb7-9656e082115f, size=4194304, type=RATIS, factor=THREE} | ret=SUCCESS |  
2019-08-23 04:27:17,069 | INFO  | OMAudit | user=jenkins1000 | ip=127.0.0.1 | op=ALLOCATE_KEY {volume=vol-0-42659, bucket=bucket-1-34712, key=key-8-87523, dataSize=10240, replicationType=RATIS, replicationFactor=THREE, keyLocationInfo=null} | ret=SUCCESS |  
2019-08-23 04:27:17,069 | INFO  | OMAudit | user=jenkins1000 | ip=127.0.0.1 | op=ALLOCATE_KEY {volume=vol-1-20205, bucket=bucket-1-61988, key=key-8-07445, dataSize=10240, replicationType=RATIS, replicationFactor=THREE, keyLocationInfo=null} | ret=SUCCESS |  
2019-08-23 04:27:17,070 | INFO  | OMAudit | user=jenkins1000 | ip=127.0.0.1 | op=ALLOCATE_KEY {volume=vol-0-42659, bucket=bucket-2-77083, key=key-8-13173, dataSize=10240, replicationType=RATIS, replicationFactor=THREE, keyLocationInfo=null} | ret=SUCCESS |  
2019-08-23 04:27:17,071 | INFO  | DNAudit | user=null | ip=null | op=GET_BLOCK {blockData=conID: 3 locID: 102664400535683236 bcsId: 411} | ret=SUCCESS |  
2019-08-23 04:27:17,074 | INFO  | DNAudit | user=null | ip=null | op=WRITE_CHUNK {blockData=conID: 2 locID: 102664400867688629 bcsId: 0} | ret=SUCCESS |  
2019-08-23 04:27:17,075 | INFO  | DNAudit | user=null | ip=null | op=READ_CHUNK {blockData=conID: 3 locID: 102664400535683236 bcsId: 411} | ret=SUCCESS |  
2019-08-23 04:27:17,075 | INFO  | DNAudit | user=null | ip=null | op=WRITE_CHUNK {blockData=conID: 1 locID: 102664400867623091 bcsId: 0} | ret=SUCCESS |  
2019-08-23 04:27:17,076 | INFO  | DNAudit | user=null | ip=null | op=WRITE_CHUNK {blockData=conID: 2 locID: 102664400867688629 bcsId: 0} | ret=SUCCESS |  
2019-08-23 04:27:17,076 | INFO  | DNAudit | user=null | ip=null | op=WRITE_CHUNK {blockData=conID: 2 locID: 102664400867688629 bcsId: 0} | ret=SUCCESS |  
2019-08-23 04:27:17,076 | INFO  | DNAudit | user=null | ip=null | op=WRITE_CHUNK {blockData=conID: 1 locID: 102664400867623091 bcsId: 0} | ret=SUCCESS |  
2019-08-23 04:27:17,076 | INFO  | DNAudit | user=null | ip=null | op=WRITE_CHUNK {blockData=conID: 1 locID: 102664400867623091 bcsId: 0} | ret=SUCCESS |  
2019-08-23 04:27:17,077 | INFO  | DNAudit | user=null | ip=null | op=WRITE_CHUNK {blockData=conID: 2 locID: 102664400867688628 bcsId: 0} | ret=SUCCESS |  
2019-08-23 04:27:17,078 | INFO  | SCMAudit | user=jenkins1000 | ip=192.168.36.77 | op=GET_CONTAINER_WITH_PIPELINE {containerID=#1} | ret=SUCCESS |  
2019-08-23 04:27:17,078 | INFO  | DNAudit | user=null | ip=null | op=WRITE_CHUNK {blockData=conID: 2 locID: 102664400867688628 bcsId: 0} | ret=SUCCESS |  
2019-08-23 04:27:17,078 | INFO  | DNAudit | user=null | ip=null | op=WRITE_CHUNK {blockData=conID: 2 locID: 102664400867688628 bcsId: 0} | ret=SUCCESS |  
2019-08-23 04:27:17,079 | INFO  | OMAudit | user=jenkins1000 | ip=127.0.0.1 | op=READ_KEY {volume=vol-0-42659, bucket=bucket-1-34712, key=key-7-86182, dataSize=0, replicationType=null, replicationFactor=null, keyLocationInfo=null} | ret=SUCCESS |  
2019-08-23 04:27:17,081 | INFO  | DNAudit | user=null | ip=null | op=GET_BLOCK {blockData=conID: 1 locID: 102664400535683231 bcsId: 410} | ret=SUCCESS |  
2019-08-23 04:27:17,084 | INFO  | DNAudit | user=null | ip=null | op=READ_CHUNK {blockData=conID: 1 locID: 102664400535683231 bcsId: 410} | ret=SUCCESS |  
2019-08-23 04:27:17,087 | INFO  | SCMAudit | user=jenkins1000 | ip=192.168.36.77 | op=GET_CONTAINER_WITH_PIPELINE {containerID=#2} | ret=SUCCESS |  
2019-08-23 04:27:17,088 | INFO  | OMAudit | user=jenkins1000 | ip=127.0.0.1 | op=READ_KEY {volume=vol-0-42659, bucket=bucket-2-77083, key=key-7-46379, dataSize=0, replicationType=null, replicationFactor=null, keyLocationInfo=null} | ret=SUCCESS |  
2019-08-23 04:27:17,090 | INFO  | DNAudit | user=null | ip=null | op=GET_BLOCK {blockData=conID: 2 locID: 102664400535683233 bcsId: 413} | ret=SUCCESS |  
2019-08-23 04:27:17,093 | INFO  | DNAudit | user=null | ip=null | op=READ_CHUNK {blockData=conID: 2 locID: 102664400535683233 bcsId: 413} | ret=SUCCESS |  
2019-08-23 04:27:17,269 | INFO  | SCMAudit | user=jenkins1000 | ip=192.168.36.77 | op=SEND_HEARTBEAT {datanodeUUID=1394b7c5-6324-4406-bd9f-1c4b9a85bfa9, command=[]} | ret=SUCCESS |  
2019-08-23 04:27:17,272 [pool-90-thread-7] WARN  scm.XceiverClientRatis (XceiverClientRatis.java:watchForCommit(262)) - 3 way commit failed on pipeline Pipeline[ Id: 66543a4c-018c-4a46-974e-c455d70d824c, Nodes: f6d593da-3d81-42e7-b927-5f502e16088c{ip: 192.168.36.77, host: pr-hdds-2000-5mb45-3533150274, networkLocation: /default-rack, certSerialId: null}8d5baa0f-1210-41f1-915f-fdffd8779ee7{ip: 192.168.36.77, host: pr-hdds-2000-5mb45-3533150274, networkLocation: /default-rack, certSerialId: null}aaa8e91e-0eca-44f4-ad30-66eff97d1642{ip: 192.168.36.77, host: pr-hdds-2000-5mb45-3533150274, networkLocation: /default-rack, certSerialId: null}, Type:RATIS, Factor:THREE, State:OPEN]
java.util.concurrent.TimeoutException
	at java.util.concurrent.CompletableFuture.timedGet(CompletableFuture.java:1771)
	at java.util.concurrent.CompletableFuture.get(CompletableFuture.java:1915)
	at org.apache.hadoop.hdds.scm.XceiverClientRatis.watchForCommit(XceiverClientRatis.java:259)
	at org.apache.hadoop.hdds.scm.storage.CommitWatcher.watchForCommit(CommitWatcher.java:194)
	at org.apache.hadoop.hdds.scm.storage.CommitWatcher.watchOnLastIndex(CommitWatcher.java:157)
	at org.apache.hadoop.hdds.scm.storage.BlockOutputStream.watchForCommit(BlockOutputStream.java:347)
	at org.apache.hadoop.hdds.scm.storage.BlockOutputStream.handleFlush(BlockOutputStream.java:479)
	at org.apache.hadoop.hdds.scm.storage.BlockOutputStream.close(BlockOutputStream.java:493)
	at org.apache.hadoop.ozone.client.io.BlockOutputStreamEntry.close(BlockOutputStreamEntry.java:143)
	at org.apache.hadoop.ozone.client.io.KeyOutputStream.handleFlushOrClose(KeyOutputStream.java:434)
	at org.apache.hadoop.ozone.client.io.KeyOutputStream.close(KeyOutputStream.java:472)
	at org.apache.hadoop.ozone.client.io.OzoneOutputStream.close(OzoneOutputStream.java:60)
	at org.apache.hadoop.ozone.freon.RandomKeyGenerator.createKey(RandomKeyGenerator.java:701)
	at org.apache.hadoop.ozone.freon.RandomKeyGenerator.access$1100(RandomKeyGenerator.java:87)
	at org.apache.hadoop.ozone.freon.RandomKeyGenerator$ObjectCreator.run(RandomKeyGenerator.java:606)
	at java.util.concurrent.Executors$RunnableAdapter.call(Executors.java:511)
	at java.util.concurrent.FutureTask.run(FutureTask.java:266)
	at java.util.concurrent.ThreadPoolExecutor.runWorker(ThreadPoolExecutor.java:1149)
	at java.util.concurrent.ThreadPoolExecutor$Worker.run(ThreadPoolExecutor.java:624)
	at java.lang.Thread.run(Thread.java:748)
2019-08-23 04:27:17,275 [pool-90-thread-9] WARN  scm.XceiverClientRatis (XceiverClientRatis.java:watchForCommit(262)) - 3 way commit failed on pipeline Pipeline[ Id: 66543a4c-018c-4a46-974e-c455d70d824c, Nodes: f6d593da-3d81-42e7-b927-5f502e16088c{ip: 192.168.36.77, host: pr-hdds-2000-5mb45-3533150274, networkLocation: /default-rack, certSerialId: null}8d5baa0f-1210-41f1-915f-fdffd8779ee7{ip: 192.168.36.77, host: pr-hdds-2000-5mb45-3533150274, networkLocation: /default-rack, certSerialId: null}aaa8e91e-0eca-44f4-ad30-66eff97d1642{ip: 192.168.36.77, host: pr-hdds-2000-5mb45-3533150274, networkLocation: /default-rack, certSerialId: null}, Type:RATIS, Factor:THREE, State:OPEN]
java.util.concurrent.TimeoutException
	at java.util.concurrent.CompletableFuture.timedGet(CompletableFuture.java:1771)
	at java.util.concurrent.CompletableFuture.get(CompletableFuture.java:1915)
	at org.apache.hadoop.hdds.scm.XceiverClientRatis.watchForCommit(XceiverClientRatis.java:259)
	at org.apache.hadoop.hdds.scm.storage.CommitWatcher.watchForCommit(CommitWatcher.java:194)
	at org.apache.hadoop.hdds.scm.storage.CommitWatcher.watchOnLastIndex(CommitWatcher.java:157)
	at org.apache.hadoop.hdds.scm.storage.BlockOutputStream.watchForCommit(BlockOutputStream.java:347)
	at org.apache.hadoop.hdds.scm.storage.BlockOutputStream.handleFlush(BlockOutputStream.java:479)
	at org.apache.hadoop.hdds.scm.storage.BlockOutputStream.close(BlockOutputStream.java:493)
	at org.apache.hadoop.ozone.client.io.BlockOutputStreamEntry.close(BlockOutputStreamEntry.java:143)
	at org.apache.hadoop.ozone.client.io.KeyOutputStream.handleFlushOrClose(KeyOutputStream.java:434)
	at org.apache.hadoop.ozone.client.io.KeyOutputStream.close(KeyOutputStream.java:472)
	at org.apache.hadoop.ozone.client.io.OzoneOutputStream.close(OzoneOutputStream.java:60)
	at org.apache.hadoop.ozone.freon.RandomKeyGenerator.createKey(RandomKeyGenerator.java:701)
	at org.apache.hadoop.ozone.freon.RandomKeyGenerator.access$1100(RandomKeyGenerator.java:87)
	at org.apache.hadoop.ozone.freon.RandomKeyGenerator$ObjectCreator.run(RandomKeyGenerator.java:606)
	at java.util.concurrent.Executors$RunnableAdapter.call(Executors.java:511)
	at java.util.concurrent.FutureTask.run(FutureTask.java:266)
	at java.util.concurrent.ThreadPoolExecutor.runWorker(ThreadPoolExecutor.java:1149)
	at java.util.concurrent.ThreadPoolExecutor$Worker.run(ThreadPoolExecutor.java:624)
	at java.lang.Thread.run(Thread.java:748)
2019-08-23 04:27:17,275 [pool-90-thread-10] WARN  scm.XceiverClientRatis (XceiverClientRatis.java:watchForCommit(262)) - 3 way commit failed on pipeline Pipeline[ Id: 66543a4c-018c-4a46-974e-c455d70d824c, Nodes: f6d593da-3d81-42e7-b927-5f502e16088c{ip: 192.168.36.77, host: pr-hdds-2000-5mb45-3533150274, networkLocation: /default-rack, certSerialId: null}8d5baa0f-1210-41f1-915f-fdffd8779ee7{ip: 192.168.36.77, host: pr-hdds-2000-5mb45-3533150274, networkLocation: /default-rack, certSerialId: null}aaa8e91e-0eca-44f4-ad30-66eff97d1642{ip: 192.168.36.77, host: pr-hdds-2000-5mb45-3533150274, networkLocation: /default-rack, certSerialId: null}, Type:RATIS, Factor:THREE, State:OPEN]
java.util.concurrent.TimeoutException
	at java.util.concurrent.CompletableFuture.timedGet(CompletableFuture.java:1771)
	at java.util.concurrent.CompletableFuture.get(CompletableFuture.java:1915)
	at org.apache.hadoop.hdds.scm.XceiverClientRatis.watchForCommit(XceiverClientRatis.java:259)
	at org.apache.hadoop.hdds.scm.storage.CommitWatcher.watchForCommit(CommitWatcher.java:194)
	at org.apache.hadoop.hdds.scm.storage.CommitWatcher.watchOnLastIndex(CommitWatcher.java:157)
	at org.apache.hadoop.hdds.scm.storage.BlockOutputStream.watchForCommit(BlockOutputStream.java:347)
	at org.apache.hadoop.hdds.scm.storage.BlockOutputStream.handleFlush(BlockOutputStream.java:479)
	at org.apache.hadoop.hdds.scm.storage.BlockOutputStream.close(BlockOutputStream.java:493)
	at org.apache.hadoop.ozone.client.io.BlockOutputStreamEntry.close(BlockOutputStreamEntry.java:143)
	at org.apache.hadoop.ozone.client.io.KeyOutputStream.handleFlushOrClose(KeyOutputStream.java:434)
	at org.apache.hadoop.ozone.client.io.KeyOutputStream.close(KeyOutputStream.java:472)
	at org.apache.hadoop.ozone.client.io.OzoneOutputStream.close(OzoneOutputStream.java:60)
	at org.apache.hadoop.ozone.freon.RandomKeyGenerator.createKey(RandomKeyGenerator.java:701)
	at org.apache.hadoop.ozone.freon.RandomKeyGenerator.access$1100(RandomKeyGenerator.java:87)
	at org.apache.hadoop.ozone.freon.RandomKeyGenerator$ObjectCreator.run(RandomKeyGenerator.java:606)
	at java.util.concurrent.Executors$RunnableAdapter.call(Executors.java:511)
	at java.util.concurrent.FutureTask.run(FutureTask.java:266)
	at java.util.concurrent.ThreadPoolExecutor.runWorker(ThreadPoolExecutor.java:1149)
	at java.util.concurrent.ThreadPoolExecutor$Worker.run(ThreadPoolExecutor.java:624)
	at java.lang.Thread.run(Thread.java:748)
2019-08-23 04:27:17,275 [pool-90-thread-1] WARN  scm.XceiverClientRatis (XceiverClientRatis.java:watchForCommit(262)) - 3 way commit failed on pipeline Pipeline[ Id: 66543a4c-018c-4a46-974e-c455d70d824c, Nodes: f6d593da-3d81-42e7-b927-5f502e16088c{ip: 192.168.36.77, host: pr-hdds-2000-5mb45-3533150274, networkLocation: /default-rack, certSerialId: null}8d5baa0f-1210-41f1-915f-fdffd8779ee7{ip: 192.168.36.77, host: pr-hdds-2000-5mb45-3533150274, networkLocation: /default-rack, certSerialId: null}aaa8e91e-0eca-44f4-ad30-66eff97d1642{ip: 192.168.36.77, host: pr-hdds-2000-5mb45-3533150274, networkLocation: /default-rack, certSerialId: null}, Type:RATIS, Factor:THREE, State:OPEN]
java.util.concurrent.TimeoutException
	at java.util.concurrent.CompletableFuture.timedGet(CompletableFuture.java:1771)
	at java.util.concurrent.CompletableFuture.get(CompletableFuture.java:1915)
	at org.apache.hadoop.hdds.scm.XceiverClientRatis.watchForCommit(XceiverClientRatis.java:259)
	at org.apache.hadoop.hdds.scm.storage.CommitWatcher.watchForCommit(CommitWatcher.java:194)
	at org.apache.hadoop.hdds.scm.storage.CommitWatcher.watchOnLastIndex(CommitWatcher.java:157)
	at org.apache.hadoop.hdds.scm.storage.BlockOutputStream.watchForCommit(BlockOutputStream.java:347)
	at org.apache.hadoop.hdds.scm.storage.BlockOutputStream.handleFlush(BlockOutputStream.java:479)
	at org.apache.hadoop.hdds.scm.storage.BlockOutputStream.close(BlockOutputStream.java:493)
	at org.apache.hadoop.ozone.client.io.BlockOutputStreamEntry.close(BlockOutputStreamEntry.java:143)
	at org.apache.hadoop.ozone.client.io.KeyOutputStream.handleFlushOrClose(KeyOutputStream.java:434)
	at org.apache.hadoop.ozone.client.io.KeyOutputStream.close(KeyOutputStream.java:472)
	at org.apache.hadoop.ozone.client.io.OzoneOutputStream.close(OzoneOutputStream.java:60)
	at org.apache.hadoop.ozone.freon.RandomKeyGenerator.createKey(RandomKeyGenerator.java:701)
	at org.apache.hadoop.ozone.freon.RandomKeyGenerator.access$1100(RandomKeyGenerator.java:87)
	at org.apache.hadoop.ozone.freon.RandomKeyGenerator$ObjectCreator.run(RandomKeyGenerator.java:606)
	at java.util.concurrent.Executors$RunnableAdapter.call(Executors.java:511)
	at java.util.concurrent.FutureTask.run(FutureTask.java:266)
	at java.util.concurrent.ThreadPoolExecutor.runWorker(ThreadPoolExecutor.java:1149)
	at java.util.concurrent.ThreadPoolExecutor$Worker.run(ThreadPoolExecutor.java:624)
	at java.lang.Thread.run(Thread.java:748)
2019-08-23 04:27:17,420 [grpc-default-executor-5] WARN  server.GrpcLogAppender (GrpcLogAppender.java:onNextImpl(250)) - org.apache.ratis.grpc.server.GrpcLogAppender$AppendLogResponseHandler@6c86e8af: Request not found, ignoring reply: aaa8e91e-0eca-44f4-ad30-66eff97d1642<-f6d593da-3d81-42e7-b927-5f502e16088c#426:OK,SUCCESS,nextIndex:422,term:1,followerCommit:420
2019-08-23 04:27:17,423 [grpc-default-executor-5] WARN  server.GrpcLogAppender (GrpcLogAppender.java:onNextImpl(250)) - org.apache.ratis.grpc.server.GrpcLogAppender$AppendLogResponseHandler@6c86e8af: Request not found, ignoring reply: aaa8e91e-0eca-44f4-ad30-66eff97d1642<-f6d593da-3d81-42e7-b927-5f502e16088c#427:OK,SUCCESS,nextIndex:423,term:1,followerCommit:420
2019-08-23 04:27:17,424 [grpc-default-executor-5] WARN  server.GrpcLogAppender (GrpcLogAppender.java:onNextImpl(250)) - org.apache.ratis.grpc.server.GrpcLogAppender$AppendLogResponseHandler@6c86e8af: Request not found, ignoring reply: aaa8e91e-0eca-44f4-ad30-66eff97d1642<-f6d593da-3d81-42e7-b927-5f502e16088c#428:OK,SUCCESS,nextIndex:424,term:1,followerCommit:420
2019-08-23 04:27:17,424 [grpc-default-executor-5] WARN  server.GrpcLogAppender (GrpcLogAppender.java:onNextImpl(250)) - org.apache.ratis.grpc.server.GrpcLogAppender$AppendLogResponseHandler@6c86e8af: Request not found, ignoring reply: aaa8e91e-0eca-44f4-ad30-66eff97d1642<-f6d593da-3d81-42e7-b927-5f502e16088c#429:OK,SUCCESS,nextIndex:425,term:1,followerCommit:420
2019-08-23 04:27:17,424 [grpc-default-executor-5] WARN  server.GrpcLogAppender (GrpcLogAppender.java:onNextImpl(250)) - org.apache.ratis.grpc.server.GrpcLogAppender$AppendLogResponseHandler@6c86e8af: Request not found, ignoring reply: aaa8e91e-0eca-44f4-ad30-66eff97d1642<-f6d593da-3d81-42e7-b927-5f502e16088c#430:OK,SUCCESS,nextIndex:426,term:1,followerCommit:420
2019-08-23 04:27:17,425 [grpc-default-executor-5] WARN  server.GrpcLogAppender (GrpcLogAppender.java:onNextImpl(250)) - org.apache.ratis.grpc.server.GrpcLogAppender$AppendLogResponseHandler@6c86e8af: Request not found, ignoring reply: aaa8e91e-0eca-44f4-ad30-66eff97d1642<-f6d593da-3d81-42e7-b927-5f502e16088c#431:OK,SUCCESS,nextIndex:427,term:1,followerCommit:420
2019-08-23 04:27:17,425 [grpc-default-executor-5] WARN  server.GrpcLogAppender (GrpcLogAppender.java:onNextImpl(250)) - org.apache.ratis.grpc.server.GrpcLogAppender$AppendLogResponseHandler@6c86e8af: Request not found, ignoring reply: aaa8e91e-0eca-44f4-ad30-66eff97d1642<-f6d593da-3d81-42e7-b927-5f502e16088c#432:OK,SUCCESS,nextIndex:428,term:1,followerCommit:420
2019-08-23 04:27:17,425 [grpc-default-executor-5] WARN  server.GrpcLogAppender (GrpcLogAppender.java:onNextImpl(250)) - org.apache.ratis.grpc.server.GrpcLogAppender$AppendLogResponseHandler@6c86e8af: Request not found, ignoring reply: aaa8e91e-0eca-44f4-ad30-66eff97d1642<-f6d593da-3d81-42e7-b927-5f502e16088c#433:OK,SUCCESS,nextIndex:429,term:1,followerCommit:420
2019-08-23 04:27:17,426 [grpc-default-executor-5] WARN  server.GrpcLogAppender (GrpcLogAppender.java:onNextImpl(250)) - org.apache.ratis.grpc.server.GrpcLogAppender$AppendLogResponseHandler@6c86e8af: Request not found, ignoring reply: aaa8e91e-0eca-44f4-ad30-66eff97d1642<-f6d593da-3d81-42e7-b927-5f502e16088c#434:OK,SUCCESS,nextIndex:430,term:1,followerCommit:420
2019-08-23 04:27:17,426 [grpc-default-executor-5] WARN  server.GrpcLogAppender (GrpcLogAppender.java:onNextImpl(250)) - org.apache.ratis.grpc.server.GrpcLogAppender$AppendLogResponseHandler@6c86e8af: Request not found, ignoring reply: aaa8e91e-0eca-44f4-ad30-66eff97d1642<-f6d593da-3d81-42e7-b927-5f502e16088c#435:OK,SUCCESS,nextIndex:431,term:1,followerCommit:420
2019-08-23 04:27:17,426 [grpc-default-executor-5] WARN  server.GrpcLogAppender (GrpcLogAppender.java:onNextImpl(250)) - org.apache.ratis.grpc.server.GrpcLogAppender$AppendLogResponseHandler@6c86e8af: Request not found, ignoring reply: aaa8e91e-0eca-44f4-ad30-66eff97d1642<-f6d593da-3d81-42e7-b927-5f502e16088c#436:OK,SUCCESS,nextIndex:432,term:1,followerCommit:420
2019-08-23 04:27:17,427 [grpc-default-executor-5] WARN  server.GrpcLogAppender (GrpcLogAppender.java:onNextImpl(250)) - org.apache.ratis.grpc.server.GrpcLogAppender$AppendLogResponseHandler@6c86e8af: Request not found, ignoring reply: aaa8e91e-0eca-44f4-ad30-66eff97d1642<-f6d593da-3d81-42e7-b927-5f502e16088c#437:OK,SUCCESS,nextIndex:433,term:1,followerCommit:420
2019-08-23 04:27:17,427 [grpc-default-executor-5] WARN  server.GrpcLogAppender (GrpcLogAppender.java:onNextImpl(250)) - org.apache.ratis.grpc.server.GrpcLogAppender$AppendLogResponseHandler@6c86e8af: Request not found, ignoring reply: aaa8e91e-0eca-44f4-ad30-66eff97d1642<-f6d593da-3d81-42e7-b927-5f502e16088c#438:OK,SUCCESS,nextIndex:434,term:1,followerCommit:420
2019-08-23 04:27:17,427 [grpc-default-executor-5] WARN  server.GrpcLogAppender (GrpcLogAppender.java:onNextImpl(250)) - org.apache.ratis.grpc.server.GrpcLogAppender$AppendLogResponseHandler@6c86e8af: Request not found, ignoring reply: aaa8e91e-0eca-44f4-ad30-66eff97d1642<-f6d593da-3d81-42e7-b927-5f502e16088c#439:OK,SUCCESS,nextIndex:435,term:1,followerCommit:420
2019-08-23 04:27:17,427 [grpc-default-executor-5] WARN  server.GrpcLogAppender (GrpcLogAppender.java:onNextImpl(250)) - org.apache.ratis.grpc.server.GrpcLogAppender$AppendLogResponseHandler@6c86e8af: Request not found, ignoring reply: aaa8e91e-0eca-44f4-ad30-66eff97d1642<-f6d593da-3d81-42e7-b927-5f502e16088c#440:OK,SUCCESS,nextIndex:436,term:1,followerCommit:420
2019-08-23 04:27:17,482 [grpc-default-executor-5] WARN  server.GrpcLogAppender (GrpcLogAppender.java:onNextImpl(250)) - org.apache.ratis.grpc.server.GrpcLogAppender$AppendLogResponseHandler@73d071de: Request not found, ignoring reply: aaa8e91e-0eca-44f4-ad30-66eff97d1642<-8d5baa0f-1210-41f1-915f-fdffd8779ee7#437:OK,SUCCESS,nextIndex:433,term:1,followerCommit:431
2019-08-23 04:27:17,482 [grpc-default-executor-5] WARN  server.GrpcLogAppender (GrpcLogAppender.java:onNextImpl(250)) - org.apache.ratis.grpc.server.GrpcLogAppender$AppendLogResponseHandler@73d071de: Request not found, ignoring reply: aaa8e91e-0eca-44f4-ad30-66eff97d1642<-8d5baa0f-1210-41f1-915f-fdffd8779ee7#438:OK,SUCCESS,nextIndex:434,term:1,followerCommit:431
2019-08-23 04:27:17,483 [grpc-default-executor-5] WARN  server.GrpcLogAppender (GrpcLogAppender.java:onNextImpl(250)) - org.apache.ratis.grpc.server.GrpcLogAppender$AppendLogResponseHandler@73d071de: Request not found, ignoring reply: aaa8e91e-0eca-44f4-ad30-66eff97d1642<-8d5baa0f-1210-41f1-915f-fdffd8779ee7#439:OK,SUCCESS,nextIndex:435,term:1,followerCommit:431
2019-08-23 04:27:17,483 [grpc-default-executor-5] WARN  server.GrpcLogAppender (GrpcLogAppender.java:onNextImpl(250)) - org.apache.ratis.grpc.server.GrpcLogAppender$AppendLogResponseHandler@73d071de: Request not found, ignoring reply: aaa8e91e-0eca-44f4-ad30-66eff97d1642<-8d5baa0f-1210-41f1-915f-fdffd8779ee7#440:OK,SUCCESS,nextIndex:436,term:1,followerCommit:431
 75.00% |████████████████████████████████████████████████████████████████████████████                         |  75/100 Time: 0:00:062019-08-23 04:27:17,666 | INFO  | SCMAudit | user=jenkins1000 | ip=192.168.36.77 | op=SEND_HEARTBEAT {datanodeUUID=aaa8e91e-0eca-44f4-ad30-66eff97d1642, command=[]} | ret=SUCCESS |  
2019-08-23 04:27:17,667 | INFO  | SCMAudit | user=jenkins1000 | ip=192.168.36.77 | op=SEND_HEARTBEAT {datanodeUUID=8d5baa0f-1210-41f1-915f-fdffd8779ee7, command=[]} | ret=SUCCESS |  
2019-08-23 04:27:17,668 | INFO  | SCMAudit | user=jenkins1000 | ip=192.168.36.77 | op=SEND_HEARTBEAT {datanodeUUID=f6d593da-3d81-42e7-b927-5f502e16088c, command=[]} | ret=SUCCESS |  
2019-08-23 04:27:17,708 | INFO  | SCMAudit | user=jenkins1000 | ip=192.168.36.77 | op=SEND_HEARTBEAT {datanodeUUID=a8987870-153b-42d5-a42b-636ff3374f98, command=[]} | ret=SUCCESS |  
2019-08-23 04:27:17,770 [java.util.concurrent.ThreadPoolExecutor$Worker@4d11b51[State = -1, empty queue]] WARN  server.GrpcLogAppender (GrpcLogAppender.java:timeoutAppendRequest(200)) - GrpcLogAppender(aaa8e91e-0eca-44f4-ad30-66eff97d1642->f6d593da-3d81-42e7-b927-5f502e16088c): appendEntries Timeout, request=aaa8e91e-0eca-44f4-ad30-66eff97d1642->f6d593da-3d81-42e7-b927-5f502e16088c#449-t1, previous=(t:1, i:443), leaderCommit=431, initializing? false, entries: <empty>
2019-08-23 04:27:17,770 [java.util.concurrent.ThreadPoolExecutor$Worker@57ec34a1[State = -1, empty queue]] WARN  server.GrpcLogAppender (GrpcLogAppender.java:timeoutAppendRequest(200)) - GrpcLogAppender(aaa8e91e-0eca-44f4-ad30-66eff97d1642->8d5baa0f-1210-41f1-915f-fdffd8779ee7): appendEntries Timeout, request=aaa8e91e-0eca-44f4-ad30-66eff97d1642->8d5baa0f-1210-41f1-915f-fdffd8779ee7#449-t1, previous=(t:1, i:443), leaderCommit=431, initializing? false, entries: <empty>
2019-08-23 04:27:18,269 | INFO  | SCMAudit | user=jenkins1000 | ip=192.168.36.77 | op=SEND_HEARTBEAT {datanodeUUID=1394b7c5-6324-4406-bd9f-1c4b9a85bfa9, command=[]} | ret=SUCCESS |  
 75.00% |████████████████████████████████████████████████████████████████████████████                         |  75/100 Time: 0:00:072019-08-23 04:27:18,666 | INFO  | SCMAudit | user=jenkins1000 | ip=192.168.36.77 | op=SEND_HEARTBEAT {datanodeUUID=aaa8e91e-0eca-44f4-ad30-66eff97d1642, command=[]} | ret=SUCCESS |  
2019-08-23 04:27:18,667 | INFO  | SCMAudit | user=jenkins1000 | ip=192.168.36.77 | op=SEND_HEARTBEAT {datanodeUUID=8d5baa0f-1210-41f1-915f-fdffd8779ee7, command=[]} | ret=SUCCESS |  
2019-08-23 04:27:18,668 | INFO  | SCMAudit | user=jenkins1000 | ip=192.168.36.77 | op=SEND_HEARTBEAT {datanodeUUID=f6d593da-3d81-42e7-b927-5f502e16088c, command=[]} | ret=SUCCESS |  
2019-08-23 04:27:18,708 | INFO  | SCMAudit | user=jenkins1000 | ip=192.168.36.77 | op=SEND_HEARTBEAT {datanodeUUID=a8987870-153b-42d5-a42b-636ff3374f98, command=[]} | ret=SUCCESS |  
2019-08-23 04:27:19,270 | INFO  | SCMAudit | user=jenkins1000 | ip=192.168.36.77 | op=SEND_HEARTBEAT {datanodeUUID=1394b7c5-6324-4406-bd9f-1c4b9a85bfa9, command=[]} | ret=SUCCESS |  
 75.00% |████████████████████████████████████████████████████████████████████████████                         |  75/100 Time: 0:00:082019-08-23 04:27:19,666 | INFO  | SCMAudit | user=jenkins1000 | ip=192.168.36.77 | op=SEND_HEARTBEAT {datanodeUUID=aaa8e91e-0eca-44f4-ad30-66eff97d1642, command=[]} | ret=SUCCESS |  
2019-08-23 04:27:19,668 | INFO  | SCMAudit | user=jenkins1000 | ip=192.168.36.77 | op=SEND_HEARTBEAT {datanodeUUID=8d5baa0f-1210-41f1-915f-fdffd8779ee7, command=[]} | ret=SUCCESS |  
2019-08-23 04:27:19,669 | INFO  | SCMAudit | user=jenkins1000 | ip=192.168.36.77 | op=SEND_HEARTBEAT {datanodeUUID=f6d593da-3d81-42e7-b927-5f502e16088c, command=[]} | ret=SUCCESS |  
2019-08-23 04:27:19,708 | INFO  | SCMAudit | user=jenkins1000 | ip=192.168.36.77 | op=SEND_HEARTBEAT {datanodeUUID=a8987870-153b-42d5-a42b-636ff3374f98, command=[]} | ret=SUCCESS |  
2019-08-23 04:27:19,931 | INFO  | DNAudit | user=null | ip=null | op=WRITE_CHUNK {blockData=conID: 3 locID: 102664400536404138 bcsId: 0} | ret=SUCCESS |  
2019-08-23 04:27:19,931 | INFO  | DNAudit | user=null | ip=null | op=WRITE_CHUNK {blockData=conID: 1 locID: 102664400536404139 bcsId: 0} | ret=SUCCESS |  
2019-08-23 04:27:19,932 | INFO  | DNAudit | user=null | ip=null | op=WRITE_CHUNK {blockData=conID: 2 locID: 102664400536469677 bcsId: 0} | ret=SUCCESS |  
2019-08-23 04:27:19,932 | INFO  | DNAudit | user=null | ip=null | op=PUT_BLOCK {blockData=[blockId=conID: 1 locID: 102664400536404139 bcsId: 0,size=10240]} | ret=SUCCESS |  
2019-08-23 04:27:19,932 | INFO  | DNAudit | user=null | ip=null | op=PUT_BLOCK {blockData=[blockId=conID: 3 locID: 102664400536404138 bcsId: 0,size=10240]} | ret=SUCCESS |  
2019-08-23 04:27:19,932 | INFO  | DNAudit | user=null | ip=null | op=PUT_BLOCK {blockData=[blockId=conID: 2 locID: 102664400536469677 bcsId: 0,size=10240]} | ret=SUCCESS |  
2019-08-23 04:27:19,933 | INFO  | DNAudit | user=null | ip=null | op=WRITE_CHUNK {blockData=conID: 3 locID: 102664400536600751 bcsId: 0} | ret=SUCCESS |  
2019-08-23 04:27:19,934 | INFO  | DNAudit | user=null | ip=null | op=PUT_BLOCK {blockData=[blockId=conID: 3 locID: 102664400536600751 bcsId: 0,size=10240]} | ret=SUCCESS |  
2019-08-23 04:27:20,075 [java.util.concurrent.ThreadPoolExecutor$Worker@4d11b51[State = -1, empty queue]] WARN  server.GrpcLogAppender (GrpcLogAppender.java:timeoutAppendRequest(200)) - GrpcLogAppender(aaa8e91e-0eca-44f4-ad30-66eff97d1642->f6d593da-3d81-42e7-b927-5f502e16088c): appendEntries Timeout, request=aaa8e91e-0eca-44f4-ad30-66eff97d1642->f6d593da-3d81-42e7-b927-5f502e16088c#450-t1, previous=(t:1, i:443), leaderCommit=431, initializing? false, entries: size=1, first=(t:1, i:444), STATEMACHINELOGENTRY, client-8C6AA2FA99F1, cid=356
2019-08-23 04:27:20,075 [java.util.concurrent.ThreadPoolExecutor$Worker@57ec34a1[State = -1, empty queue]] WARN  server.GrpcLogAppender (GrpcLogAppender.java:timeoutAppendRequest(200)) - GrpcLogAppender(aaa8e91e-0eca-44f4-ad30-66eff97d1642->8d5baa0f-1210-41f1-915f-fdffd8779ee7): appendEntries Timeout, request=aaa8e91e-0eca-44f4-ad30-66eff97d1642->8d5baa0f-1210-41f1-915f-fdffd8779ee7#450-t1, previous=(t:1, i:443), leaderCommit=431, initializing? false, entries: size=1, first=(t:1, i:444), STATEMACHINELOGENTRY, client-8C6AA2FA99F1, cid=356
2019-08-23 04:27:20,075 [java.util.concurrent.ThreadPoolExecutor$Worker@4d11b51[State = -1, empty queue]] WARN  server.GrpcLogAppender (GrpcLogAppender.java:timeoutAppendRequest(200)) - GrpcLogAppender(aaa8e91e-0eca-44f4-ad30-66eff97d1642->f6d593da-3d81-42e7-b927-5f502e16088c): appendEntries Timeout, request=aaa8e91e-0eca-44f4-ad30-66eff97d1642->f6d593da-3d81-42e7-b927-5f502e16088c#451-t1, previous=(t:1, i:444), leaderCommit=431, initializing? false, entries: size=1, first=(t:1, i:445), STATEMACHINELOGENTRY, client-8C6AA2FA99F1, cid=355
2019-08-23 04:27:20,075 [java.util.concurrent.ThreadPoolExecutor$Worker@57ec34a1[State = -1, empty queue]] WARN  server.GrpcLogAppender (GrpcLogAppender.java:timeoutAppendRequest(200)) - GrpcLogAppender(aaa8e91e-0eca-44f4-ad30-66eff97d1642->8d5baa0f-1210-41f1-915f-fdffd8779ee7): appendEntries Timeout, request=aaa8e91e-0eca-44f4-ad30-66eff97d1642->8d5baa0f-1210-41f1-915f-fdffd8779ee7#451-t1, previous=(t:1, i:444), leaderCommit=431, initializing? false, entries: size=1, first=(t:1, i:445), STATEMACHINELOGENTRY, client-8C6AA2FA99F1, cid=355
2019-08-23 04:27:20,075 [java.util.concurrent.ThreadPoolExecutor$Worker@4d11b51[State = -1, empty queue]] WARN  server.GrpcLogAppender (GrpcLogAppender.java:timeoutAppendRequest(200)) - GrpcLogAppender(aaa8e91e-0eca-44f4-ad30-66eff97d1642->f6d593da-3d81-42e7-b927-5f502e16088c): appendEntries Timeout, request=aaa8e91e-0eca-44f4-ad30-66eff97d1642->f6d593da-3d81-42e7-b927-5f502e16088c#452-t1, previous=(t:1, i:445), leaderCommit=431, initializing? false, entries: size=1, first=(t:1, i:446), STATEMACHINELOGENTRY, client-8C6AA2FA99F1, cid=357
2019-08-23 04:27:20,076 [java.util.concurrent.ThreadPoolExecutor$Worker@57ec34a1[State = -1, empty queue]] WARN  server.GrpcLogAppender (GrpcLogAppender.java:timeoutAppendRequest(200)) - GrpcLogAppender(aaa8e91e-0eca-44f4-ad30-66eff97d1642->8d5baa0f-1210-41f1-915f-fdffd8779ee7): appendEntries Timeout, request=aaa8e91e-0eca-44f4-ad30-66eff97d1642->8d5baa0f-1210-41f1-915f-fdffd8779ee7#452-t1, previous=(t:1, i:445), leaderCommit=431, initializing? false, entries: size=1, first=(t:1, i:446), STATEMACHINELOGENTRY, client-8C6AA2FA99F1, cid=357
2019-08-23 04:27:20,076 [java.util.concurrent.ThreadPoolExecutor$Worker@4d11b51[State = -1, empty queue]] WARN  server.GrpcLogAppender (GrpcLogAppender.java:timeoutAppendRequest(200)) - GrpcLogAppender(aaa8e91e-0eca-44f4-ad30-66eff97d1642->f6d593da-3d81-42e7-b927-5f502e16088c): appendEntries Timeout, request=aaa8e91e-0eca-44f4-ad30-66eff97d1642->f6d593da-3d81-42e7-b927-5f502e16088c#453-t1, previous=(t:1, i:446), leaderCommit=431, initializing? false, entries: size=1, first=(t:1, i:447), STATEMACHINELOGENTRY, client-8C6AA2FA99F1, cid=359
2019-08-23 04:27:20,076 [java.util.concurrent.ThreadPoolExecutor$Worker@57ec34a1[State = -1, empty queue]] WARN  server.GrpcLogAppender (GrpcLogAppender.java:timeoutAppendRequest(200)) - GrpcLogAppender(aaa8e91e-0eca-44f4-ad30-66eff97d1642->8d5baa0f-1210-41f1-915f-fdffd8779ee7): appendEntries Timeout, request=aaa8e91e-0eca-44f4-ad30-66eff97d1642->8d5baa0f-1210-41f1-915f-fdffd8779ee7#453-t1, previous=(t:1, i:446), leaderCommit=431, initializing? false, entries: size=1, first=(t:1, i:447), STATEMACHINELOGENTRY, client-8C6AA2FA99F1, cid=359
2019-08-23 04:27:20,077 [java.util.concurrent.ThreadPoolExecutor$Worker@4d11b51[State = -1, empty queue]] WARN  server.GrpcLogAppender (GrpcLogAppender.java:timeoutAppendRequest(200)) - GrpcLogAppender(aaa8e91e-0eca-44f4-ad30-66eff97d1642->f6d593da-3d81-42e7-b927-5f502e16088c): appendEntries Timeout, request=aaa8e91e-0eca-44f4-ad30-66eff97d1642->f6d593da-3d81-42e7-b927-5f502e16088c#454-t1, previous=(t:1, i:447), leaderCommit=431, initializing? false, entries: size=1, first=(t:1, i:448), STATEMACHINELOGENTRY, client-8C6AA2FA99F1, cid=358
2019-08-23 04:27:20,077 [java.util.concurrent.ThreadPoolExecutor$Worker@57ec34a1[State = -1, empty queue]] WARN  server.GrpcLogAppender (GrpcLogAppender.java:timeoutAppendRequest(200)) - GrpcLogAppender(aaa8e91e-0eca-44f4-ad30-66eff97d1642->8d5baa0f-1210-41f1-915f-fdffd8779ee7): appendEntries Timeout, request=aaa8e91e-0eca-44f4-ad30-66eff97d1642->8d5baa0f-1210-41f1-915f-fdffd8779ee7#454-t1, previous=(t:1, i:447), leaderCommit=431, initializing? false, entries: size=1, first=(t:1, i:448), STATEMACHINELOGENTRY, client-8C6AA2FA99F1, cid=358
2019-08-23 04:27:20,077 [java.util.concurrent.ThreadPoolExecutor$Worker@4d11b51[State = -1, empty queue]] WARN  server.GrpcLogAppender (GrpcLogAppender.java:timeoutAppendRequest(200)) - GrpcLogAppender(aaa8e91e-0eca-44f4-ad30-66eff97d1642->f6d593da-3d81-42e7-b927-5f502e16088c): appendEntries Timeout, request=aaa8e91e-0eca-44f4-ad30-66eff97d1642->f6d593da-3d81-42e7-b927-5f502e16088c#455-t1, previous=(t:1, i:448), leaderCommit=431, initializing? false, entries: size=1, first=(t:1, i:449), STATEMACHINELOGENTRY, client-8C6AA2FA99F1, cid=360
2019-08-23 04:27:20,078 [java.util.concurrent.ThreadPoolExecutor$Worker@57ec34a1[State = -1, empty queue]] WARN  server.GrpcLogAppender (GrpcLogAppender.java:timeoutAppendRequest(200)) - GrpcLogAppender(aaa8e91e-0eca-44f4-ad30-66eff97d1642->8d5baa0f-1210-41f1-915f-fdffd8779ee7): appendEntries Timeout, request=aaa8e91e-0eca-44f4-ad30-66eff97d1642->8d5baa0f-1210-41f1-915f-fdffd8779ee7#455-t1, previous=(t:1, i:448), leaderCommit=431, initializing? false, entries: size=1, first=(t:1, i:449), STATEMACHINELOGENTRY, client-8C6AA2FA99F1, cid=360
2019-08-23 04:27:20,270 | INFO  | SCMAudit | user=jenkins1000 | ip=192.168.36.77 | op=SEND_HEARTBEAT {datanodeUUID=1394b7c5-6324-4406-bd9f-1c4b9a85bfa9, command=[]} | ret=SUCCESS |  
 75.00% |████████████████████████████████████████████████████████████████████████████                         |  75/100 Time: 0:00:092019-08-23 04:27:20,666 | INFO  | SCMAudit | user=jenkins1000 | ip=192.168.36.77 | op=SEND_HEARTBEAT {datanodeUUID=aaa8e91e-0eca-44f4-ad30-66eff97d1642, command=[]} | ret=SUCCESS |  
2019-08-23 04:27:20,668 | INFO  | SCMAudit | user=jenkins1000 | ip=192.168.36.77 | op=SEND_HEARTBEAT {datanodeUUID=8d5baa0f-1210-41f1-915f-fdffd8779ee7, command=[]} | ret=SUCCESS |  
2019-08-23 04:27:20,668 | INFO  | SCMAudit | user=jenkins1000 | ip=192.168.36.77 | op=SEND_HEARTBEAT {datanodeUUID=f6d593da-3d81-42e7-b927-5f502e16088c, command=[]} | ret=SUCCESS |  
2019-08-23 04:27:20,708 | INFO  | SCMAudit | user=jenkins1000 | ip=192.168.36.77 | op=SEND_HEARTBEAT {datanodeUUID=a8987870-153b-42d5-a42b-636ff3374f98, command=[]} | ret=SUCCESS |  
2019-08-23 04:27:21,270 | INFO  | SCMAudit | user=jenkins1000 | ip=192.168.36.77 | op=SEND_HEARTBEAT {datanodeUUID=1394b7c5-6324-4406-bd9f-1c4b9a85bfa9, command=[]} | ret=SUCCESS |  
2019-08-23 04:27:21,295 [Thread-1671] INFO  client.GrpcClientProtocolService (GrpcClientProtocolService.java:lambda$processClientRequest$0(278)) - Failed RaftClientRequest:client-8C6AA2FA99F1->f6d593da-3d81-42e7-b927-5f502e16088c@group-C455D70D824C, cid=361, seq=0, Watch-MAJORITY_COMMITTED(426), Message:<EMPTY>, reply=RaftClientReply:client-8C6AA2FA99F1->f6d593da-3d81-42e7-b927-5f502e16088c@group-C455D70D824C, cid=361, FAILED org.apache.ratis.protocol.NotLeaderException: Server f6d593da-3d81-42e7-b927-5f502e16088c is not the leader (aaa8e91e-0eca-44f4-ad30-66eff97d1642:192.168.36.77:35914). Request must be sent to leader., logIndex=0, commits[f6d593da-3d81-42e7-b927-5f502e16088c:c431, 8d5baa0f-1210-41f1-915f-fdffd8779ee7:c414, aaa8e91e-0eca-44f4-ad30-66eff97d1642:c431]
2019-08-23 04:27:21,296 [Thread-1672] INFO  client.GrpcClientProtocolService (GrpcClientProtocolService.java:lambda$processClientRequest$0(278)) - Failed RaftClientRequest:client-8C6AA2FA99F1->f6d593da-3d81-42e7-b927-5f502e16088c@group-C455D70D824C, cid=362, seq=0, Watch-MAJORITY_COMMITTED(429), Message:<EMPTY>, reply=RaftClientReply:client-8C6AA2FA99F1->f6d593da-3d81-42e7-b927-5f502e16088c@group-C455D70D824C, cid=362, FAILED org.apache.ratis.protocol.NotLeaderException: Server f6d593da-3d81-42e7-b927-5f502e16088c is not the leader (aaa8e91e-0eca-44f4-ad30-66eff97d1642:192.168.36.77:35914). Request must be sent to leader., logIndex=0, commits[f6d593da-3d81-42e7-b927-5f502e16088c:c431, 8d5baa0f-1210-41f1-915f-fdffd8779ee7:c414, aaa8e91e-0eca-44f4-ad30-66eff97d1642:c431]
2019-08-23 04:27:21,300 [Thread-1673] INFO  client.GrpcClientProtocolService (GrpcClientProtocolService.java:lambda$processClientRequest$0(278)) - Failed RaftClientRequest:client-8C6AA2FA99F1->f6d593da-3d81-42e7-b927-5f502e16088c@group-C455D70D824C, cid=364, seq=0, Watch-MAJORITY_COMMITTED(428), Message:<EMPTY>, reply=RaftClientReply:client-8C6AA2FA99F1->f6d593da-3d81-42e7-b927-5f502e16088c@group-C455D70D824C, cid=364, FAILED org.apache.ratis.protocol.NotLeaderException: Server f6d593da-3d81-42e7-b927-5f502e16088c is not the leader (aaa8e91e-0eca-44f4-ad30-66eff97d1642:192.168.36.77:35914). Request must be sent to leader., logIndex=0, commits[f6d593da-3d81-42e7-b927-5f502e16088c:c431, 8d5baa0f-1210-41f1-915f-fdffd8779ee7:c414, aaa8e91e-0eca-44f4-ad30-66eff97d1642:c431]
2019-08-23 04:27:21,303 [Thread-1674] INFO  client.GrpcClientProtocolService (GrpcClientProtocolService.java:lambda$processClientRequest$0(278)) - Failed RaftClientRequest:client-8C6AA2FA99F1->f6d593da-3d81-42e7-b927-5f502e16088c@group-C455D70D824C, cid=363, seq=0, Watch-MAJORITY_COMMITTED(431), Message:<EMPTY>, reply=RaftClientReply:client-8C6AA2FA99F1->f6d593da-3d81-42e7-b927-5f502e16088c@group-C455D70D824C, cid=363, FAILED org.apache.ratis.protocol.NotLeaderException: Server f6d593da-3d81-42e7-b927-5f502e16088c is not the leader (aaa8e91e-0eca-44f4-ad30-66eff97d1642:192.168.36.77:35914). Request must be sent to leader., logIndex=0, commits[f6d593da-3d81-42e7-b927-5f502e16088c:c431, 8d5baa0f-1210-41f1-915f-fdffd8779ee7:c414, aaa8e91e-0eca-44f4-ad30-66eff97d1642:c431]
2019-08-23 04:27:21,303 [grpc-default-executor-2] INFO  client.GrpcClientProtocolClient (GrpcClientProtocolClient.java:onNext(255)) - client-8C6AA2FA99F1->f6d593da-3d81-42e7-b927-5f502e16088c: receive RaftClientReply:client-8C6AA2FA99F1->f6d593da-3d81-42e7-b927-5f502e16088c@group-C455D70D824C, cid=361, FAILED org.apache.ratis.protocol.NotLeaderException: Server f6d593da-3d81-42e7-b927-5f502e16088c is not the leader (aaa8e91e-0eca-44f4-ad30-66eff97d1642:192.168.36.77:35914). Request must be sent to leader., logIndex=0, commits[f6d593da-3d81-42e7-b927-5f502e16088c:c431, 8d5baa0f-1210-41f1-915f-fdffd8779ee7:c414, aaa8e91e-0eca-44f4-ad30-66eff97d1642:c431]
2019-08-23 04:27:21,310 [grpc-default-executor-2] INFO  client.GrpcClientProtocolClient (GrpcClientProtocolClient.java:onNext(255)) - client-8C6AA2FA99F1->f6d593da-3d81-42e7-b927-5f502e16088c: receive RaftClientReply:client-8C6AA2FA99F1->f6d593da-3d81-42e7-b927-5f502e16088c@group-C455D70D824C, cid=364, FAILED org.apache.ratis.protocol.NotLeaderException: Server f6d593da-3d81-42e7-b927-5f502e16088c is not the leader (aaa8e91e-0eca-44f4-ad30-66eff97d1642:192.168.36.77:35914). Request must be sent to leader., logIndex=0, commits[f6d593da-3d81-42e7-b927-5f502e16088c:c431, 8d5baa0f-1210-41f1-915f-fdffd8779ee7:c414, aaa8e91e-0eca-44f4-ad30-66eff97d1642:c431]
 75.00% |████████████████████████████████████████████████████████████████████████████                         |  75/100 Time: 0:00:102019-08-23 04:27:21,667 | INFO  | SCMAudit | user=jenkins1000 | ip=192.168.36.77 | op=SEND_HEARTBEAT {datanodeUUID=aaa8e91e-0eca-44f4-ad30-66eff97d1642, command=[]} | ret=SUCCESS |  
2019-08-23 04:27:21,669 | INFO  | SCMAudit | user=jenkins1000 | ip=192.168.36.77 | op=SEND_HEARTBEAT {datanodeUUID=8d5baa0f-1210-41f1-915f-fdffd8779ee7, command=[]} | ret=SUCCESS |  
2019-08-23 04:27:21,669 | INFO  | SCMAudit | user=jenkins1000 | ip=192.168.36.77 | op=SEND_HEARTBEAT {datanodeUUID=f6d593da-3d81-42e7-b927-5f502e16088c, command=[]} | ret=SUCCESS |  
2019-08-23 04:27:21,709 | INFO  | SCMAudit | user=jenkins1000 | ip=192.168.36.77 | op=SEND_HEARTBEAT {datanodeUUID=a8987870-153b-42d5-a42b-636ff3374f98, command=[]} | ret=SUCCESS |  
2019-08-23 04:27:21,957 [grpc-default-executor-1] WARN  server.GrpcLogAppender (GrpcLogAppender.java:onNextImpl(250)) - org.apache.ratis.grpc.server.GrpcLogAppender$AppendLogResponseHandler@73d071de: Request not found, ignoring reply: aaa8e91e-0eca-44f4-ad30-66eff97d1642<-8d5baa0f-1210-41f1-915f-fdffd8779ee7#441:OK,SUCCESS,nextIndex:437,term:1,followerCommit:431
2019-08-23 04:27:21,957 [grpc-default-executor-2] WARN  server.GrpcLogAppender (GrpcLogAppender.java:onNextImpl(250)) - org.apache.ratis.grpc.server.GrpcLogAppender$AppendLogResponseHandler@6c86e8af: Request not found, ignoring reply: aaa8e91e-0eca-44f4-ad30-66eff97d1642<-f6d593da-3d81-42e7-b927-5f502e16088c#441:OK,SUCCESS,nextIndex:437,term:1,followerCommit:431
2019-08-23 04:27:21,958 [grpc-default-executor-1] WARN  server.GrpcLogAppender (GrpcLogAppender.java:onNextImpl(250)) - org.apache.ratis.grpc.server.GrpcLogAppender$AppendLogResponseHandler@73d071de: Request not found, ignoring reply: aaa8e91e-0eca-44f4-ad30-66eff97d1642<-8d5baa0f-1210-41f1-915f-fdffd8779ee7#442:OK,SUCCESS,nextIndex:438,term:1,followerCommit:431
2019-08-23 04:27:21,959 [grpc-default-executor-2] WARN  server.GrpcLogAppender (GrpcLogAppender.java:onNextImpl(250)) - org.apache.ratis.grpc.server.GrpcLogAppender$AppendLogResponseHandler@6c86e8af: Request not found, ignoring reply: aaa8e91e-0eca-44f4-ad30-66eff97d1642<-f6d593da-3d81-42e7-b927-5f502e16088c#442:OK,SUCCESS,nextIndex:438,term:1,followerCommit:431
2019-08-23 04:27:21,959 [grpc-default-executor-1] WARN  server.GrpcLogAppender (GrpcLogAppender.java:onNextImpl(250)) - org.apache.ratis.grpc.server.GrpcLogAppender$AppendLogResponseHandler@73d071de: Request not found, ignoring reply: aaa8e91e-0eca-44f4-ad30-66eff97d1642<-8d5baa0f-1210-41f1-915f-fdffd8779ee7#443:OK,SUCCESS,nextIndex:439,term:1,followerCommit:431
2019-08-23 04:27:21,960 [grpc-default-executor-2] WARN  server.GrpcLogAppender (GrpcLogAppender.java:onNextImpl(250)) - org.apache.ratis.grpc.server.GrpcLogAppender$AppendLogResponseHandler@6c86e8af: Request not found, ignoring reply: aaa8e91e-0eca-44f4-ad30-66eff97d1642<-f6d593da-3d81-42e7-b927-5f502e16088c#443:OK,SUCCESS,nextIndex:439,term:1,followerCommit:431
2019-08-23 04:27:21,960 [grpc-default-executor-1] WARN  server.GrpcLogAppender (GrpcLogAppender.java:onNextImpl(250)) - org.apache.ratis.grpc.server.GrpcLogAppender$AppendLogResponseHandler@73d071de: Request not found, ignoring reply: aaa8e91e-0eca-44f4-ad30-66eff97d1642<-8d5baa0f-1210-41f1-915f-fdffd8779ee7#444:OK,SUCCESS,nextIndex:440,term:1,followerCommit:431
2019-08-23 04:27:21,960 [grpc-default-executor-2] WARN  server.GrpcLogAppender (GrpcLogAppender.java:onNextImpl(250)) - org.apache.ratis.grpc.server.GrpcLogAppender$AppendLogResponseHandler@6c86e8af: Request not found, ignoring reply: aaa8e91e-0eca-44f4-ad30-66eff97d1642<-f6d593da-3d81-42e7-b927-5f502e16088c#444:OK,SUCCESS,nextIndex:440,term:1,followerCommit:431
2019-08-23 04:27:21,960 [grpc-default-executor-1] WARN  server.GrpcLogAppender (GrpcLogAppender.java:onNextImpl(250)) - org.apache.ratis.grpc.server.GrpcLogAppender$AppendLogResponseHandler@73d071de: Request not found, ignoring reply: aaa8e91e-0eca-44f4-ad30-66eff97d1642<-8d5baa0f-1210-41f1-915f-fdffd8779ee7#445:OK,SUCCESS,nextIndex:441,term:1,followerCommit:431
2019-08-23 04:27:21,960 [grpc-default-executor-2] WARN  server.GrpcLogAppender (GrpcLogAppender.java:onNextImpl(250)) - org.apache.ratis.grpc.server.GrpcLogAppender$AppendLogResponseHandler@6c86e8af: Request not found, ignoring reply: aaa8e91e-0eca-44f4-ad30-66eff97d1642<-f6d593da-3d81-42e7-b927-5f502e16088c#445:OK,SUCCESS,nextIndex:441,term:1,followerCommit:431
2019-08-23 04:27:21,961 [grpc-default-executor-1] WARN  server.GrpcLogAppender (GrpcLogAppender.java:onNextImpl(250)) - org.apache.ratis.grpc.server.GrpcLogAppender$AppendLogResponseHandler@73d071de: Request not found, ignoring reply: aaa8e91e-0eca-44f4-ad30-66eff97d1642<-8d5baa0f-1210-41f1-915f-fdffd8779ee7#446:OK,SUCCESS,nextIndex:442,term:1,followerCommit:431
2019-08-23 04:27:21,961 [grpc-default-executor-1] WARN  server.GrpcLogAppender (GrpcLogAppender.java:onNextImpl(250)) - org.apache.ratis.grpc.server.GrpcLogAppender$AppendLogResponseHandler@73d071de: Request not found, ignoring reply: aaa8e91e-0eca-44f4-ad30-66eff97d1642<-8d5baa0f-1210-41f1-915f-fdffd8779ee7#447:OK,SUCCESS,nextIndex:443,term:1,followerCommit:431
2019-08-23 04:27:21,961 [grpc-default-executor-1] WARN  server.GrpcLogAppender (GrpcLogAppender.java:onNextImpl(250)) - org.apache.ratis.grpc.server.GrpcLogAppender$AppendLogResponseHandler@73d071de: Request not found, ignoring reply: aaa8e91e-0eca-44f4-ad30-66eff97d1642<-8d5baa0f-1210-41f1-915f-fdffd8779ee7#448:OK,SUCCESS,nextIndex:444,term:1,followerCommit:431
2019-08-23 04:27:21,962 [grpc-default-executor-1] WARN  server.GrpcLogAppender (GrpcLogAppender.java:onNextImpl(250)) - org.apache.ratis.grpc.server.GrpcLogAppender$AppendLogResponseHandler@73d071de: Request not found, ignoring reply: aaa8e91e-0eca-44f4-ad30-66eff97d1642<-8d5baa0f-1210-41f1-915f-fdffd8779ee7#449:OK,SUCCESS,nextIndex:444,term:1,followerCommit:431
2019-08-23 04:27:21,962 [grpc-default-executor-2] WARN  server.GrpcLogAppender (GrpcLogAppender.java:onNextImpl(250)) - org.apache.ratis.grpc.server.GrpcLogAppender$AppendLogResponseHandler@6c86e8af: Request not found, ignoring reply: aaa8e91e-0eca-44f4-ad30-66eff97d1642<-f6d593da-3d81-42e7-b927-5f502e16088c#446:OK,SUCCESS,nextIndex:442,term:1,followerCommit:431
2019-08-23 04:27:21,962 [grpc-default-executor-1] WARN  server.GrpcLogAppender (GrpcLogAppender.java:onNextImpl(250)) - org.apache.ratis.grpc.server.GrpcLogAppender$AppendLogResponseHandler@73d071de: Request not found, ignoring reply: aaa8e91e-0eca-44f4-ad30-66eff97d1642<-8d5baa0f-1210-41f1-915f-fdffd8779ee7#450:OK,SUCCESS,nextIndex:445,term:1,followerCommit:431
2019-08-23 04:27:21,962 [grpc-default-executor-2] WARN  server.GrpcLogAppender (GrpcLogAppender.java:onNextImpl(250)) - org.apache.ratis.grpc.server.GrpcLogAppender$AppendLogResponseHandler@6c86e8af: Request not found, ignoring reply: aaa8e91e-0eca-44f4-ad30-66eff97d1642<-f6d593da-3d81-42e7-b927-5f502e16088c#447:OK,SUCCESS,nextIndex:443,term:1,followerCommit:431
2019-08-23 04:27:21,963 [grpc-default-executor-1] WARN  server.GrpcLogAppender (GrpcLogAppender.java:onNextImpl(250)) - org.apache.ratis.grpc.server.GrpcLogAppender$AppendLogResponseHandler@73d071de: Request not found, ignoring reply: aaa8e91e-0eca-44f4-ad30-66eff97d1642<-8d5baa0f-1210-41f1-915f-fdffd8779ee7#451:OK,SUCCESS,nextIndex:446,term:1,followerCommit:431
2019-08-23 04:27:21,963 [grpc-default-executor-2] WARN  server.GrpcLogAppender (GrpcLogAppender.java:onNextImpl(250)) - org.apache.ratis.grpc.server.GrpcLogAppender$AppendLogResponseHandler@6c86e8af: Request not found, ignoring reply: aaa8e91e-0eca-44f4-ad30-66eff97d1642<-f6d593da-3d81-42e7-b927-5f502e16088c#448:OK,SUCCESS,nextIndex:444,term:1,followerCommit:431
2019-08-23 04:27:21,963 [grpc-default-executor-1] WARN  server.GrpcLogAppender (GrpcLogAppender.java:onNextImpl(250)) - org.apache.ratis.grpc.server.GrpcLogAppender$AppendLogResponseHandler@73d071de: Request not found, ignoring reply: aaa8e91e-0eca-44f4-ad30-66eff97d1642<-8d5baa0f-1210-41f1-915f-fdffd8779ee7#452:OK,SUCCESS,nextIndex:447,term:1,followerCommit:431
2019-08-23 04:27:21,963 [grpc-default-executor-2] WARN  server.GrpcLogAppender (GrpcLogAppender.java:onNextImpl(250)) - org.apache.ratis.grpc.server.GrpcLogAppender$AppendLogResponseHandler@6c86e8af: Request not found, ignoring reply: aaa8e91e-0eca-44f4-ad30-66eff97d1642<-f6d593da-3d81-42e7-b927-5f502e16088c#449:OK,SUCCESS,nextIndex:444,term:1,followerCommit:420
2019-08-23 04:27:21,963 [grpc-default-executor-1] WARN  server.GrpcLogAppender (GrpcLogAppender.java:onNextImpl(250)) - org.apache.ratis.grpc.server.GrpcLogAppender$AppendLogResponseHandler@73d071de: Request not found, ignoring reply: aaa8e91e-0eca-44f4-ad30-66eff97d1642<-8d5baa0f-1210-41f1-915f-fdffd8779ee7#453:OK,SUCCESS,nextIndex:448,term:1,followerCommit:431
2019-08-23 04:27:21,964 [grpc-default-executor-2] WARN  server.GrpcLogAppender (GrpcLogAppender.java:onNextImpl(250)) - org.apache.ratis.grpc.server.GrpcLogAppender$AppendLogResponseHandler@6c86e8af: Request not found, ignoring reply: aaa8e91e-0eca-44f4-ad30-66eff97d1642<-f6d593da-3d81-42e7-b927-5f502e16088c#450:OK,SUCCESS,nextIndex:445,term:1,followerCommit:431
2019-08-23 04:27:21,964 [grpc-default-executor-1] WARN  server.GrpcLogAppender (GrpcLogAppender.java:onNextImpl(250)) - org.apache.ratis.grpc.server.GrpcLogAppender$AppendLogResponseHandler@73d071de: Request not found, ignoring reply: aaa8e91e-0eca-44f4-ad30-66eff97d1642<-8d5baa0f-1210-41f1-915f-fdffd8779ee7#454:OK,SUCCESS,nextIndex:449,term:1,followerCommit:431
2019-08-23 04:27:21,964 [grpc-default-executor-2] WARN  server.GrpcLogAppender (GrpcLogAppender.java:onNextImpl(250)) - org.apache.ratis.grpc.server.GrpcLogAppender$AppendLogResponseHandler@6c86e8af: Request not found, ignoring reply: aaa8e91e-0eca-44f4-ad30-66eff97d1642<-f6d593da-3d81-42e7-b927-5f502e16088c#451:OK,SUCCESS,nextIndex:446,term:1,followerCommit:431
2019-08-23 04:27:21,964 [grpc-default-executor-1] WARN  server.GrpcLogAppender (GrpcLogAppender.java:onNextImpl(250)) - org.apache.ratis.grpc.server.GrpcLogAppender$AppendLogResponseHandler@73d071de: Request not found, ignoring reply: aaa8e91e-0eca-44f4-ad30-66eff97d1642<-8d5baa0f-1210-41f1-915f-fdffd8779ee7#455:OK,SUCCESS,nextIndex:450,term:1,followerCommit:431
2019-08-23 04:27:21,964 [grpc-default-executor-2] WARN  server.GrpcLogAppender (GrpcLogAppender.java:onNextImpl(250)) - org.apache.ratis.grpc.server.GrpcLogAppender$AppendLogResponseHandler@6c86e8af: Request not found, ignoring reply: aaa8e91e-0eca-44f4-ad30-66eff97d1642<-f6d593da-3d81-42e7-b927-5f502e16088c#452:OK,SUCCESS,nextIndex:447,term:1,followerCommit:431
2019-08-23 04:27:21,965 [grpc-default-executor-2] WARN  server.GrpcLogAppender (GrpcLogAppender.java:onNextImpl(250)) - org.apache.ratis.grpc.server.GrpcLogAppender$AppendLogResponseHandler@6c86e8af: Request not found, ignoring reply: aaa8e91e-0eca-44f4-ad30-66eff97d1642<-f6d593da-3d81-42e7-b927-5f502e16088c#453:OK,SUCCESS,nextIndex:448,term:1,followerCommit:431
2019-08-23 04:27:21,965 [grpc-default-executor-2] WARN  server.GrpcLogAppender (GrpcLogAppender.java:onNextImpl(250)) - org.apache.ratis.grpc.server.GrpcLogAppender$AppendLogResponseHandler@6c86e8af: Request not found, ignoring reply: aaa8e91e-0eca-44f4-ad30-66eff97d1642<-f6d593da-3d81-42e7-b927-5f502e16088c#454:OK,SUCCESS,nextIndex:449,term:1,followerCommit:431
2019-08-23 04:27:21,965 [grpc-default-executor-2] WARN  server.GrpcLogAppender (GrpcLogAppender.java:onNextImpl(250)) - org.apache.ratis.grpc.server.GrpcLogAppender$AppendLogResponseHandler@6c86e8af: Request not found, ignoring reply: aaa8e91e-0eca-44f4-ad30-66eff97d1642<-f6d593da-3d81-42e7-b927-5f502e16088c#455:OK,SUCCESS,nextIndex:450,term:1,followerCommit:431
2019-08-23 04:27:21,975 [grpc-default-executor-5] INFO  client.GrpcClientProtocolClient (GrpcClientProtocolClient.java:onNext(255)) - client-8C6AA2FA99F1->aaa8e91e-0eca-44f4-ad30-66eff97d1642: receive RaftClientReply:client-8C6AA2FA99F1->aaa8e91e-0eca-44f4-ad30-66eff97d1642@group-C455D70D824C, cid=361, SUCCESS, logIndex=0, commits[aaa8e91e-0eca-44f4-ad30-66eff97d1642:c431, f6d593da-3d81-42e7-b927-5f502e16088c:c431, 8d5baa0f-1210-41f1-915f-fdffd8779ee7:c431]
2019-08-23 04:27:21,977 [grpc-default-executor-5] INFO  client.GrpcClientProtocolClient (GrpcClientProtocolClient.java:onNext(255)) - client-8C6AA2FA99F1->aaa8e91e-0eca-44f4-ad30-66eff97d1642: receive RaftClientReply:client-8C6AA2FA99F1->aaa8e91e-0eca-44f4-ad30-66eff97d1642@group-C455D70D824C, cid=364, SUCCESS, logIndex=0, commits[aaa8e91e-0eca-44f4-ad30-66eff97d1642:c431, f6d593da-3d81-42e7-b927-5f502e16088c:c431, 8d5baa0f-1210-41f1-915f-fdffd8779ee7:c431]
2019-08-23 04:27:21,978 [grpc-default-executor-5] INFO  client.GrpcClientProtocolClient (GrpcClientProtocolClient.java:onNext(255)) - client-8C6AA2FA99F1->aaa8e91e-0eca-44f4-ad30-66eff97d1642: receive RaftClientReply:client-8C6AA2FA99F1->aaa8e91e-0eca-44f4-ad30-66eff97d1642@group-C455D70D824C, cid=362, SUCCESS, logIndex=0, commits[aaa8e91e-0eca-44f4-ad30-66eff97d1642:c431, f6d593da-3d81-42e7-b927-5f502e16088c:c431, 8d5baa0f-1210-41f1-915f-fdffd8779ee7:c431]
2019-08-23 04:27:21,979 [grpc-default-executor-5] INFO  client.GrpcClientProtocolClient (GrpcClientProtocolClient.java:onNext(255)) - client-8C6AA2FA99F1->aaa8e91e-0eca-44f4-ad30-66eff97d1642: receive RaftClientReply:client-8C6AA2FA99F1->aaa8e91e-0eca-44f4-ad30-66eff97d1642@group-C455D70D824C, cid=363, SUCCESS, logIndex=0, commits[aaa8e91e-0eca-44f4-ad30-66eff97d1642:c431, f6d593da-3d81-42e7-b927-5f502e16088c:c431, 8d5baa0f-1210-41f1-915f-fdffd8779ee7:c431]
2019-08-23 04:27:21,987 | INFO  | DNAudit | user=null | ip=null | op=WRITE_CHUNK {blockData=conID: 1 locID: 102664400867623091 bcsId: 0} | ret=SUCCESS |  
2019-08-23 04:27:21,987 | INFO  | DNAudit | user=null | ip=null | op=WRITE_CHUNK {blockData=conID: 2 locID: 102664400867688629 bcsId: 0} | ret=SUCCESS |  
2019-08-23 04:27:21,990 | INFO  | DNAudit | user=null | ip=null | op=PUT_BLOCK {blockData=[blockId=conID: 1 locID: 102664400867623091 bcsId: 0,size=10240]} | ret=SUCCESS |  
2019-08-23 04:27:21,990 | INFO  | DNAudit | user=null | ip=null | op=PUT_BLOCK {blockData=[blockId=conID: 2 locID: 102664400867688629 bcsId: 0,size=10240]} | ret=SUCCESS |  
2019-08-23 04:27:21,991 | INFO  | DNAudit | user=null | ip=null | op=WRITE_CHUNK {blockData=conID: 2 locID: 102664400867688628 bcsId: 0} | ret=SUCCESS |  
2019-08-23 04:27:21,992 | INFO  | OMAudit | user=jenkins1000 | ip=127.0.0.1 | op=COMMIT_KEY {volume=vol-1-20205, bucket=bucket-0-84326, key=key-8-62471, dataSize=10240, replicationType=null, replicationFactor=null, keyLocationInfo=[{blockID={containerID=3, localID=102664400536600751}, length=10240, offset=0, token=null, pipeline=Pipeline[ Id: 66543a4c-018c-4a46-974e-c455d70d824c, Nodes: f6d593da-3d81-42e7-b927-5f502e16088c{ip: 192.168.36.77, host: pr-hdds-2000-5mb45-3533150274, networkLocation: /default-rack, certSerialId: null}8d5baa0f-1210-41f1-915f-fdffd8779ee7{ip: 192.168.36.77, host: pr-hdds-2000-5mb45-3533150274, networkLocation: /default-rack, certSerialId: null}aaa8e91e-0eca-44f4-ad30-66eff97d1642{ip: 192.168.36.77, host: pr-hdds-2000-5mb45-3533150274, networkLocation: /default-rack, certSerialId: null}, Type:RATIS, Factor:THREE, State:OPEN], createVersion=0}], clientID=102664400536535214} | ret=SUCCESS |  
2019-08-23 04:27:22,003 | INFO  | OMAudit | user=jenkins1000 | ip=127.0.0.1 | op=COMMIT_KEY {volume=vol-0-42659, bucket=bucket-0-06613, key=key-8-76389, dataSize=10240, replicationType=null, replicationFactor=null, keyLocationInfo=[{blockID={containerID=2, localID=102664400536469677}, length=10240, offset=0, token=null, pipeline=Pipeline[ Id: 66543a4c-018c-4a46-974e-c455d70d824c, Nodes: f6d593da-3d81-42e7-b927-5f502e16088c{ip: 192.168.36.77, host: pr-hdds-2000-5mb45-3533150274, networkLocation: /default-rack, certSerialId: null}8d5baa0f-1210-41f1-915f-fdffd8779ee7{ip: 192.168.36.77, host: pr-hdds-2000-5mb45-3533150274, networkLocation: /default-rack, certSerialId: null}aaa8e91e-0eca-44f4-ad30-66eff97d1642{ip: 192.168.36.77, host: pr-hdds-2000-5mb45-3533150274, networkLocation: /default-rack, certSerialId: null}, Type:RATIS, Factor:THREE, State:OPEN], createVersion=0}], clientID=102664400536404140} | ret=SUCCESS |  
2019-08-23 04:27:22,003 | INFO  | OMAudit | user=jenkins1000 | ip=127.0.0.1 | op=COMMIT_KEY {volume=vol-0-42659, bucket=bucket-4-88694, key=key-7-60675, dataSize=10240, replicationType=null, replicationFactor=null, keyLocationInfo=[{blockID={containerID=3, localID=102664400536404138}, length=10240, offset=0, token=null, pipeline=Pipeline[ Id: 66543a4c-018c-4a46-974e-c455d70d824c, Nodes: f6d593da-3d81-42e7-b927-5f502e16088c{ip: 192.168.36.77, host: pr-hdds-2000-5mb45-3533150274, networkLocation: /default-rack, certSerialId: null}8d5baa0f-1210-41f1-915f-fdffd8779ee7{ip: 192.168.36.77, host: pr-hdds-2000-5mb45-3533150274, networkLocation: /default-rack, certSerialId: null}aaa8e91e-0eca-44f4-ad30-66eff97d1642{ip: 192.168.36.77, host: pr-hdds-2000-5mb45-3533150274, networkLocation: /default-rack, certSerialId: null}, Type:RATIS, Factor:THREE, State:OPEN], createVersion=0}], clientID=102664400536338600} | ret=SUCCESS |  
2019-08-23 04:27:22,003 | INFO  | OMAudit | user=jenkins1000 | ip=127.0.0.1 | op=COMMIT_KEY {volume=vol-1-20205, bucket=bucket-4-54813, key=key-7-84618, dataSize=10240, replicationType=null, replicationFactor=null, keyLocationInfo=[{blockID={containerID=1, localID=102664400536404139}, length=10240, offset=0, token=null, pipeline=Pipeline[ Id: 66543a4c-018c-4a46-974e-c455d70d824c, Nodes: f6d593da-3d81-42e7-b927-5f502e16088c{ip: 192.168.36.77, host: pr-hdds-2000-5mb45-3533150274, networkLocation: /default-rack, certSerialId: null}8d5baa0f-1210-41f1-915f-fdffd8779ee7{ip: 192.168.36.77, host: pr-hdds-2000-5mb45-3533150274, networkLocation: /default-rack, certSerialId: null}aaa8e91e-0eca-44f4-ad30-66eff97d1642{ip: 192.168.36.77, host: pr-hdds-2000-5mb45-3533150274, networkLocation: /default-rack, certSerialId: null}, Type:RATIS, Factor:THREE, State:OPEN], createVersion=0}], clientID=102664400536338601} | ret=SUCCESS |  
2019-08-23 04:27:22,003 | INFO  | DNAudit | user=null | ip=null | op=PUT_BLOCK {blockData=[blockId=conID: 2 locID: 102664400867688628 bcsId: 0,size=10240]} | ret=SUCCESS |  
2019-08-23 04:27:22,007 | INFO  | SCMAudit | user=jenkins1000 | ip=192.168.36.77 | op=GET_CONTAINER_WITH_PIPELINE {containerID=#2} | ret=SUCCESS |  
2019-08-23 04:27:22,008 | INFO  | SCMAudit | user=jenkins1000 | ip=192.168.36.77 | op=ALLOCATE_BLOCK {owner=0ede6294-5fd7-421b-8eb7-9656e082115f, size=4194304, type=RATIS, factor=THREE} | ret=SUCCESS |  
2019-08-23 04:27:22,008 | INFO  | SCMAudit | user=jenkins1000 | ip=192.168.36.77 | op=ALLOCATE_BLOCK {owner=0ede6294-5fd7-421b-8eb7-9656e082115f, size=4194304, type=RATIS, factor=THREE} | ret=SUCCESS |  
2019-08-23 04:27:22,008 | INFO  | SCMAudit | user=jenkins1000 | ip=192.168.36.77 | op=ALLOCATE_BLOCK {owner=0ede6294-5fd7-421b-8eb7-9656e082115f, size=4194304, type=RATIS, factor=THREE} | ret=SUCCESS |  
2019-08-23 04:27:22,008 | INFO  | OMAudit | user=jenkins1000 | ip=127.0.0.1 | op=READ_KEY {volume=vol-0-42659, bucket=bucket-0-06613, key=key-8-76389, dataSize=0, replicationType=null, replicationFactor=null, keyLocationInfo=null} | ret=SUCCESS |  
2019-08-23 04:27:22,009 | INFO  | SCMAudit | user=jenkins1000 | ip=192.168.36.77 | op=ALLOCATE_BLOCK {owner=0ede6294-5fd7-421b-8eb7-9656e082115f, size=4194304, type=RATIS, factor=THREE} | ret=SUCCESS |  
2019-08-23 04:27:22,010 | INFO  | OMAudit | user=jenkins1000 | ip=127.0.0.1 | op=ALLOCATE_KEY {volume=vol-0-42659, bucket=bucket-4-88694, key=key-8-54879, dataSize=10240, replicationType=RATIS, replicationFactor=THREE, keyLocationInfo=null} | ret=SUCCESS |  
2019-08-23 04:27:22,010 | INFO  | OMAudit | user=jenkins1000 | ip=127.0.0.1 | op=ALLOCATE_KEY {volume=vol-1-20205, bucket=bucket-2-67835, key=key-8-89839, dataSize=10240, replicationType=RATIS, replicationFactor=THREE, keyLocationInfo=null} | ret=SUCCESS |  
2019-08-23 04:27:22,010 | INFO  | OMAudit | user=jenkins1000 | ip=127.0.0.1 | op=ALLOCATE_KEY {volume=vol-1-20205, bucket=bucket-3-54341, key=key-8-93633, dataSize=10240, replicationType=RATIS, replicationFactor=THREE, keyLocationInfo=null} | ret=SUCCESS |  
2019-08-23 04:27:22,010 | INFO  | OMAudit | user=jenkins1000 | ip=127.0.0.1 | op=ALLOCATE_KEY {volume=vol-0-42659, bucket=bucket-3-42268, key=key-8-22149, dataSize=10240, replicationType=RATIS, replicationFactor=THREE, keyLocationInfo=null} | ret=SUCCESS |  
2019-08-23 04:27:22,013 | INFO  | DNAudit | user=null | ip=null | op=GET_BLOCK {blockData=conID: 2 locID: 102664400536469677 bcsId: 429} | ret=SUCCESS |  
2019-08-23 04:27:22,016 | INFO  | DNAudit | user=null | ip=null | op=READ_CHUNK {blockData=conID: 2 locID: 102664400536469677 bcsId: 429} | ret=SUCCESS |  
2019-08-23 04:27:22,024 | INFO  | SCMAudit | user=jenkins1000 | ip=192.168.36.77 | op=GET_CONTAINER_WITH_PIPELINE {containerID=#3} | ret=SUCCESS |  
2019-08-23 04:27:22,024 | INFO  | OMAudit | user=jenkins1000 | ip=127.0.0.1 | op=READ_KEY {volume=vol-0-42659, bucket=bucket-4-88694, key=key-7-60675, dataSize=0, replicationType=null, replicationFactor=null, keyLocationInfo=null} | ret=SUCCESS |  
2019-08-23 04:27:22,027 | INFO  | DNAudit | user=null | ip=null | op=GET_BLOCK {blockData=conID: 3 locID: 102664400536404138 bcsId: 426} | ret=SUCCESS |  
2019-08-23 04:27:22,029 | INFO  | DNAudit | user=null | ip=null | op=READ_CHUNK {blockData=conID: 3 locID: 102664400536404138 bcsId: 426} | ret=SUCCESS |  
2019-08-23 04:27:22,031 | INFO  | SCMAudit | user=jenkins1000 | ip=192.168.36.77 | op=GET_CONTAINER_WITH_PIPELINE {containerID=#1} | ret=SUCCESS |  
2019-08-23 04:27:22,031 | INFO  | OMAudit | user=jenkins1000 | ip=127.0.0.1 | op=READ_KEY {volume=vol-1-20205, bucket=bucket-4-54813, key=key-7-84618, dataSize=0, replicationType=null, replicationFactor=null, keyLocationInfo=null} | ret=SUCCESS |  
2019-08-23 04:27:22,033 | INFO  | DNAudit | user=null | ip=null | op=GET_BLOCK {blockData=conID: 1 locID: 102664400536404139 bcsId: 428} | ret=SUCCESS |  
2019-08-23 04:27:22,035 | INFO  | DNAudit | user=null | ip=null | op=READ_CHUNK {blockData=conID: 1 locID: 102664400536404139 bcsId: 428} | ret=SUCCESS |  
2019-08-23 04:27:22,037 | INFO  | SCMAudit | user=jenkins1000 | ip=192.168.36.77 | op=GET_CONTAINER_WITH_PIPELINE {containerID=#3} | ret=SUCCESS |  
2019-08-23 04:27:22,038 | INFO  | OMAudit | user=jenkins1000 | ip=127.0.0.1 | op=READ_KEY {volume=vol-1-20205, bucket=bucket-0-84326, key=key-8-62471, dataSize=0, replicationType=null, replicationFactor=null, keyLocationInfo=null} | ret=SUCCESS |  
2019-08-23 04:27:22,038 [pool-90-thread-2] WARN  storage.CommitWatcher (CommitWatcher.java:watchForCommit(203)) - watchForCommit failed for index 415
java.util.concurrent.TimeoutException
	at java.util.concurrent.CompletableFuture.timedGet(CompletableFuture.java:1771)
	at java.util.concurrent.CompletableFuture.get(CompletableFuture.java:1915)
	at org.apache.hadoop.hdds.scm.XceiverClientRatis.watchForCommit(XceiverClientRatis.java:268)
	at org.apache.hadoop.hdds.scm.storage.CommitWatcher.watchForCommit(CommitWatcher.java:194)
	at org.apache.hadoop.hdds.scm.storage.CommitWatcher.watchOnLastIndex(CommitWatcher.java:157)
	at org.apache.hadoop.hdds.scm.storage.BlockOutputStream.watchForCommit(BlockOutputStream.java:347)
	at org.apache.hadoop.hdds.scm.storage.BlockOutputStream.handleFlush(BlockOutputStream.java:479)
	at org.apache.hadoop.hdds.scm.storage.BlockOutputStream.close(BlockOutputStream.java:493)
	at org.apache.hadoop.ozone.client.io.BlockOutputStreamEntry.close(BlockOutputStreamEntry.java:143)
	at org.apache.hadoop.ozone.client.io.KeyOutputStream.handleFlushOrClose(KeyOutputStream.java:434)
	at org.apache.hadoop.ozone.client.io.KeyOutputStream.close(KeyOutputStream.java:472)
	at org.apache.hadoop.ozone.client.io.OzoneOutputStream.close(OzoneOutputStream.java:60)
	at org.apache.hadoop.ozone.freon.RandomKeyGenerator.createKey(RandomKeyGenerator.java:701)
	at org.apache.hadoop.ozone.freon.RandomKeyGenerator.access$1100(RandomKeyGenerator.java:87)
	at org.apache.hadoop.ozone.freon.RandomKeyGenerator$ObjectCreator.run(RandomKeyGenerator.java:606)
	at java.util.concurrent.Executors$RunnableAdapter.call(Executors.java:511)
	at java.util.concurrent.FutureTask.run(FutureTask.java:266)
	at java.util.concurrent.ThreadPoolExecutor.runWorker(ThreadPoolExecutor.java:1149)
	at java.util.concurrent.ThreadPoolExecutor$Worker.run(ThreadPoolExecutor.java:624)
	at java.lang.Thread.run(Thread.java:748)
2019-08-23 04:27:22,040 | INFO  | DNAudit | user=null | ip=null | op=GET_BLOCK {blockData=conID: 3 locID: 102664400536600751 bcsId: 431} | ret=SUCCESS |  
2019-08-23 04:27:22,040 [pool-90-thread-2] WARN  io.KeyOutputStream (KeyOutputStream.java:handleException(276)) - Encountered exception java.io.IOException: Unexpected Storage Container Exception: java.io.IOException: Unexpected Storage Container Exception: java.util.concurrent.TimeoutException on the pipeline Pipeline[ Id: 66543a4c-018c-4a46-974e-c455d70d824c, Nodes: f6d593da-3d81-42e7-b927-5f502e16088c{ip: 192.168.36.77, host: pr-hdds-2000-5mb45-3533150274, networkLocation: /default-rack, certSerialId: null}8d5baa0f-1210-41f1-915f-fdffd8779ee7{ip: 192.168.36.77, host: pr-hdds-2000-5mb45-3533150274, networkLocation: /default-rack, certSerialId: null}aaa8e91e-0eca-44f4-ad30-66eff97d1642{ip: 192.168.36.77, host: pr-hdds-2000-5mb45-3533150274, networkLocation: /default-rack, certSerialId: null}, Type:RATIS, Factor:THREE, State:OPEN]. The last committed block length is 0, uncommitted data length is 10240 retry count 0
2019-08-23 04:27:22,042 | INFO  | DNAudit | user=null | ip=null | op=READ_CHUNK {blockData=conID: 3 locID: 102664400536600751 bcsId: 431} | ret=SUCCESS |  
2019-08-23 04:27:22,050 [pool-90-thread-6] WARN  storage.CommitWatcher (CommitWatcher.java:watchForCommit(203)) - watchForCommit failed for index 420
java.util.concurrent.TimeoutException
	at java.util.concurrent.CompletableFuture.timedGet(CompletableFuture.java:1771)
	at java.util.concurrent.CompletableFuture.get(CompletableFuture.java:1915)
	at org.apache.hadoop.hdds.scm.XceiverClientRatis.watchForCommit(XceiverClientRatis.java:268)
	at org.apache.hadoop.hdds.scm.storage.CommitWatcher.watchForCommit(CommitWatcher.java:194)
	at org.apache.hadoop.hdds.scm.storage.CommitWatcher.watchOnLastIndex(CommitWatcher.java:157)
	at org.apache.hadoop.hdds.scm.storage.BlockOutputStream.watchForCommit(BlockOutputStream.java:347)
	at org.apache.hadoop.hdds.scm.storage.BlockOutputStream.handleFlush(BlockOutputStream.java:479)
	at org.apache.hadoop.hdds.scm.storage.BlockOutputStream.close(BlockOutputStream.java:493)
	at org.apache.hadoop.ozone.client.io.BlockOutputStreamEntry.close(BlockOutputStreamEntry.java:143)
	at org.apache.hadoop.ozone.client.io.KeyOutputStream.handleFlushOrClose(KeyOutputStream.java:434)
	at org.apache.hadoop.ozone.client.io.KeyOutputStream.close(KeyOutputStream.java:472)
	at org.apache.hadoop.ozone.client.io.OzoneOutputStream.close(OzoneOutputStream.java:60)
	at org.apache.hadoop.ozone.freon.RandomKeyGenerator.createKey(RandomKeyGenerator.java:701)
	at org.apache.hadoop.ozone.freon.RandomKeyGenerator.access$1100(RandomKeyGenerator.java:87)
	at org.apache.hadoop.ozone.freon.RandomKeyGenerator$ObjectCreator.run(RandomKeyGenerator.java:606)
	at java.util.concurrent.Executors$RunnableAdapter.call(Executors.java:511)
	at java.util.concurrent.FutureTask.run(FutureTask.java:266)
	at java.util.concurrent.ThreadPoolExecutor.runWorker(ThreadPoolExecutor.java:1149)
	at java.util.concurrent.ThreadPoolExecutor$Worker.run(ThreadPoolExecutor.java:624)
	at java.lang.Thread.run(Thread.java:748)
2019-08-23 04:27:22,052 [pool-90-thread-6] WARN  io.KeyOutputStream (KeyOutputStream.java:handleException(276)) - Encountered exception java.io.IOException: Unexpected Storage Container Exception: java.io.IOException: Unexpected Storage Container Exception: java.util.concurrent.TimeoutException on the pipeline Pipeline[ Id: 66543a4c-018c-4a46-974e-c455d70d824c, Nodes: f6d593da-3d81-42e7-b927-5f502e16088c{ip: 192.168.36.77, host: pr-hdds-2000-5mb45-3533150274, networkLocation: /default-rack, certSerialId: null}8d5baa0f-1210-41f1-915f-fdffd8779ee7{ip: 192.168.36.77, host: pr-hdds-2000-5mb45-3533150274, networkLocation: /default-rack, certSerialId: null}aaa8e91e-0eca-44f4-ad30-66eff97d1642{ip: 192.168.36.77, host: pr-hdds-2000-5mb45-3533150274, networkLocation: /default-rack, certSerialId: null}, Type:RATIS, Factor:THREE, State:OPEN]. The last committed block length is 0, uncommitted data length is 10240 retry count 0
2019-08-23 04:27:22,054 [pool-90-thread-3] WARN  storage.CommitWatcher (CommitWatcher.java:watchForCommit(203)) - watchForCommit failed for index 417
java.util.concurrent.TimeoutException
	at java.util.concurrent.CompletableFuture.timedGet(CompletableFuture.java:1771)
	at java.util.concurrent.CompletableFuture.get(CompletableFuture.java:1915)
	at org.apache.hadoop.hdds.scm.XceiverClientRatis.watchForCommit(XceiverClientRatis.java:268)
	at org.apache.hadoop.hdds.scm.storage.CommitWatcher.watchForCommit(CommitWatcher.java:194)
	at org.apache.hadoop.hdds.scm.storage.CommitWatcher.watchOnLastIndex(CommitWatcher.java:157)
	at org.apache.hadoop.hdds.scm.storage.BlockOutputStream.watchForCommit(BlockOutputStream.java:347)
	at org.apache.hadoop.hdds.scm.storage.BlockOutputStream.handleFlush(BlockOutputStream.java:479)
	at org.apache.hadoop.hdds.scm.storage.BlockOutputStream.close(BlockOutputStream.java:493)
	at org.apache.hadoop.ozone.client.io.BlockOutputStreamEntry.close(BlockOutputStreamEntry.java:143)
	at org.apache.hadoop.ozone.client.io.KeyOutputStream.handleFlushOrClose(KeyOutputStream.java:434)
	at org.apache.hadoop.ozone.client.io.KeyOutputStream.close(KeyOutputStream.java:472)
	at org.apache.hadoop.ozone.client.io.OzoneOutputStream.close(OzoneOutputStream.java:60)
	at org.apache.hadoop.ozone.freon.RandomKeyGenerator.createKey(RandomKeyGenerator.java:701)
	at org.apache.hadoop.ozone.freon.RandomKeyGenerator.access$1100(RandomKeyGenerator.java:87)
	at org.apache.hadoop.ozone.freon.RandomKeyGenerator$ObjectCreator.run(RandomKeyGenerator.java:606)
	at java.util.concurrent.Executors$RunnableAdapter.call(Executors.java:511)
	at java.util.concurrent.FutureTask.run(FutureTask.java:266)
	at java.util.concurrent.ThreadPoolExecutor.runWorker(ThreadPoolExecutor.java:1149)
	at java.util.concurrent.ThreadPoolExecutor$Worker.run(ThreadPoolExecutor.java:624)
	at java.lang.Thread.run(Thread.java:748)
2019-08-23 04:27:22,054 [pool-90-thread-3] WARN  io.KeyOutputStream (KeyOutputStream.java:handleException(276)) - Encountered exception java.io.IOException: Unexpected Storage Container Exception: java.io.IOException: Unexpected Storage Container Exception: java.util.concurrent.TimeoutException on the pipeline Pipeline[ Id: 66543a4c-018c-4a46-974e-c455d70d824c, Nodes: f6d593da-3d81-42e7-b927-5f502e16088c{ip: 192.168.36.77, host: pr-hdds-2000-5mb45-3533150274, networkLocation: /default-rack, certSerialId: null}8d5baa0f-1210-41f1-915f-fdffd8779ee7{ip: 192.168.36.77, host: pr-hdds-2000-5mb45-3533150274, networkLocation: /default-rack, certSerialId: null}aaa8e91e-0eca-44f4-ad30-66eff97d1642{ip: 192.168.36.77, host: pr-hdds-2000-5mb45-3533150274, networkLocation: /default-rack, certSerialId: null}, Type:RATIS, Factor:THREE, State:OPEN]. The last committed block length is 0, uncommitted data length is 10240 retry count 0
2019-08-23 04:27:22,060 [IPC Server handler 19 on 33739] WARN  block.BlockManagerImpl (BlockManagerImpl.java:allocateBlock(192)) - Pipeline creation failed for type:RATIS factor:THREE. Retrying get pipelines call once.
org.apache.hadoop.hdds.scm.pipeline.InsufficientDatanodesException: Cannot create pipeline of factor 3 using 2 nodes.
	at org.apache.hadoop.hdds.scm.pipeline.RatisPipelineProvider.create(RatisPipelineProvider.java:151)
	at org.apache.hadoop.hdds.scm.pipeline.PipelineFactory.create(PipelineFactory.java:57)
	at org.apache.hadoop.hdds.scm.pipeline.SCMPipelineManager.createPipeline(SCMPipelineManager.java:149)
	at org.apache.hadoop.hdds.scm.block.BlockManagerImpl.allocateBlock(BlockManagerImpl.java:190)
	at org.apache.hadoop.hdds.scm.server.SCMBlockProtocolServer.allocateBlock(SCMBlockProtocolServer.java:175)
	at org.apache.hadoop.ozone.protocolPB.ScmBlockLocationProtocolServerSideTranslatorPB.allocateScmBlock(ScmBlockLocationProtocolServerSideTranslatorPB.java:153)
	at org.apache.hadoop.ozone.protocolPB.ScmBlockLocationProtocolServerSideTranslatorPB.send(ScmBlockLocationProtocolServerSideTranslatorPB.java:112)
	at org.apache.hadoop.hdds.protocol.proto.ScmBlockLocationProtocolProtos$ScmBlockLocationProtocolService$2.callBlockingMethod(ScmBlockLocationProtocolProtos.java:13157)
	at org.apache.hadoop.ipc.ProtobufRpcEngine$Server$ProtoBufRpcInvoker.call(ProtobufRpcEngine.java:524)
	at org.apache.hadoop.ipc.RPC$Server.call(RPC.java:1025)
	at org.apache.hadoop.ipc.Server$RpcCall.run(Server.java:876)
	at org.apache.hadoop.ipc.Server$RpcCall.run(Server.java:822)
	at java.security.AccessController.doPrivileged(Native Method)
	at javax.security.auth.Subject.doAs(Subject.java:422)
	at org.apache.hadoop.security.UserGroupInformation.doAs(UserGroupInformation.java:1730)
	at org.apache.hadoop.ipc.Server$Handler.run(Server.java:2682)
2019-08-23 04:27:22,062 [IPC Server handler 11 on 33739] WARN  block.BlockManagerImpl (BlockManagerImpl.java:allocateBlock(192)) - Pipeline creation failed for type:RATIS factor:THREE. Retrying get pipelines call once.
org.apache.hadoop.hdds.scm.pipeline.InsufficientDatanodesException: Cannot create pipeline of factor 3 using 2 nodes.
	at org.apache.hadoop.hdds.scm.pipeline.RatisPipelineProvider.create(RatisPipelineProvider.java:151)
	at org.apache.hadoop.hdds.scm.pipeline.PipelineFactory.create(PipelineFactory.java:57)
	at org.apache.hadoop.hdds.scm.pipeline.SCMPipelineManager.createPipeline(SCMPipelineManager.java:149)
	at org.apache.hadoop.hdds.scm.block.BlockManagerImpl.allocateBlock(BlockManagerImpl.java:190)
	at org.apache.hadoop.hdds.scm.server.SCMBlockProtocolServer.allocateBlock(SCMBlockProtocolServer.java:175)
	at org.apache.hadoop.ozone.protocolPB.ScmBlockLocationProtocolServerSideTranslatorPB.allocateScmBlock(ScmBlockLocationProtocolServerSideTranslatorPB.java:153)
	at org.apache.hadoop.ozone.protocolPB.ScmBlockLocationProtocolServerSideTranslatorPB.send(ScmBlockLocationProtocolServerSideTranslatorPB.java:112)
	at org.apache.hadoop.hdds.protocol.proto.ScmBlockLocationProtocolProtos$ScmBlockLocationProtocolService$2.callBlockingMethod(ScmBlockLocationProtocolProtos.java:13157)
	at org.apache.hadoop.ipc.ProtobufRpcEngine$Server$ProtoBufRpcInvoker.call(ProtobufRpcEngine.java:524)
	at org.apache.hadoop.ipc.RPC$Server.call(RPC.java:1025)
	at org.apache.hadoop.ipc.Server$RpcCall.run(Server.java:876)
	at org.apache.hadoop.ipc.Server$RpcCall.run(Server.java:822)
	at java.security.AccessController.doPrivileged(Native Method)
	at javax.security.auth.Subject.doAs(Subject.java:422)
	at org.apache.hadoop.security.UserGroupInformation.doAs(UserGroupInformation.java:1730)
	at org.apache.hadoop.ipc.Server$Handler.run(Server.java:2682)
2019-08-23 04:27:22,064 [IPC Server handler 19 on 33739] INFO  block.BlockManagerImpl (BlockManagerImpl.java:allocateBlock(198)) - Could not find available pipeline of type:RATIS and factor:THREE even after retrying
2019-08-23 04:27:22,064 [IPC Server handler 11 on 33739] INFO  block.BlockManagerImpl (BlockManagerImpl.java:allocateBlock(198)) - Could not find available pipeline of type:RATIS and factor:THREE even after retrying
2019-08-23 04:27:22,064 [IPC Server handler 5 on 33739] WARN  block.BlockManagerImpl (BlockManagerImpl.java:allocateBlock(192)) - Pipeline creation failed for type:RATIS factor:THREE. Retrying get pipelines call once.
org.apache.hadoop.hdds.scm.pipeline.InsufficientDatanodesException: Cannot create pipeline of factor 3 using 2 nodes.
	at org.apache.hadoop.hdds.scm.pipeline.RatisPipelineProvider.create(RatisPipelineProvider.java:151)
	at org.apache.hadoop.hdds.scm.pipeline.PipelineFactory.create(PipelineFactory.java:57)
	at org.apache.hadoop.hdds.scm.pipeline.SCMPipelineManager.createPipeline(SCMPipelineManager.java:149)
	at org.apache.hadoop.hdds.scm.block.BlockManagerImpl.allocateBlock(BlockManagerImpl.java:190)
	at org.apache.hadoop.hdds.scm.server.SCMBlockProtocolServer.allocateBlock(SCMBlockProtocolServer.java:175)
	at org.apache.hadoop.ozone.protocolPB.ScmBlockLocationProtocolServerSideTranslatorPB.allocateScmBlock(ScmBlockLocationProtocolServerSideTranslatorPB.java:153)
	at org.apache.hadoop.ozone.protocolPB.ScmBlockLocationProtocolServerSideTranslatorPB.send(ScmBlockLocationProtocolServerSideTranslatorPB.java:112)
	at org.apache.hadoop.hdds.protocol.proto.ScmBlockLocationProtocolProtos$ScmBlockLocationProtocolService$2.callBlockingMethod(ScmBlockLocationProtocolProtos.java:13157)
	at org.apache.hadoop.ipc.ProtobufRpcEngine$Server$ProtoBufRpcInvoker.call(ProtobufRpcEngine.java:524)
	at org.apache.hadoop.ipc.RPC$Server.call(RPC.java:1025)
	at org.apache.hadoop.ipc.Server$RpcCall.run(Server.java:876)
	at org.apache.hadoop.ipc.Server$RpcCall.run(Server.java:822)
	at java.security.AccessController.doPrivileged(Native Method)
	at javax.security.auth.Subject.doAs(Subject.java:422)
	at org.apache.hadoop.security.UserGroupInformation.doAs(UserGroupInformation.java:1730)
	at org.apache.hadoop.ipc.Server$Handler.run(Server.java:2682)
2019-08-23 04:27:22,064 [IPC Server handler 11 on 33739] ERROR block.BlockManagerImpl (BlockManagerImpl.java:allocateBlock(222)) - Unable to allocate a block for the size: 4194304, type: RATIS, factor: THREE
2019-08-23 04:27:22,065 | INFO  | SCMAudit | user=jenkins1000 | ip=192.168.36.77 | op=ALLOCATE_BLOCK {owner=0ede6294-5fd7-421b-8eb7-9656e082115f, size=4194304, type=RATIS, factor=THREE} | ret=SUCCESS |  
2019-08-23 04:27:22,064 [IPC Server handler 19 on 33739] ERROR block.BlockManagerImpl (BlockManagerImpl.java:allocateBlock(222)) - Unable to allocate a block for the size: 4194304, type: RATIS, factor: THREE
2019-08-23 04:27:22,065 | INFO  | SCMAudit | user=jenkins1000 | ip=192.168.36.77 | op=ALLOCATE_BLOCK {owner=0ede6294-5fd7-421b-8eb7-9656e082115f, size=4194304, type=RATIS, factor=THREE} | ret=SUCCESS |  
2019-08-23 04:27:22,065 [IPC Server handler 5 on 33739] INFO  block.BlockManagerImpl (BlockManagerImpl.java:allocateBlock(198)) - Could not find available pipeline of type:RATIS and factor:THREE even after retrying
2019-08-23 04:27:22,065 [IPC Server handler 5 on 33739] ERROR block.BlockManagerImpl (BlockManagerImpl.java:allocateBlock(222)) - Unable to allocate a block for the size: 4194304, type: RATIS, factor: THREE
2019-08-23 04:27:22,065 | INFO  | SCMAudit | user=jenkins1000 | ip=192.168.36.77 | op=ALLOCATE_BLOCK {owner=0ede6294-5fd7-421b-8eb7-9656e082115f, size=4194304, type=RATIS, factor=THREE} | ret=SUCCESS |  
2019-08-23 04:27:22,066 | ERROR | OMAudit | user=jenkins1000 | ip=127.0.0.1 | op=ALLOCATE_BLOCK {volume=vol-1-20205, bucket=bucket-3-54341, key=key-7-91721, dataSize=0, replicationType=null, replicationFactor=null, keyLocationInfo=null, clientID=102664400535748773} | ret=FAILURE | org.apache.hadoop.hdds.scm.exceptions.SCMException: Allocated 0 blocks. Requested 1 blocks
	at org.apache.hadoop.hdds.scm.protocolPB.ScmBlockLocationProtocolClientSideTranslatorPB.handleError(ScmBlockLocationProtocolClientSideTranslatorPB.java:118)
	at org.apache.hadoop.hdds.scm.protocolPB.ScmBlockLocationProtocolClientSideTranslatorPB.allocateBlock(ScmBlockLocationProtocolClientSideTranslatorPB.java:156) 
2019-08-23 04:27:22,066 | ERROR | OMAudit | user=jenkins1000 | ip=127.0.0.1 | op=ALLOCATE_BLOCK {volume=vol-1-20205, bucket=bucket-1-61988, key=key-7-84561, dataSize=0, replicationType=null, replicationFactor=null, keyLocationInfo=null, clientID=102664400535486622} | ret=FAILURE | org.apache.hadoop.hdds.scm.exceptions.SCMException: Allocated 0 blocks. Requested 1 blocks
	at org.apache.hadoop.hdds.scm.protocolPB.ScmBlockLocationProtocolClientSideTranslatorPB.handleError(ScmBlockLocationProtocolClientSideTranslatorPB.java:118)
	at org.apache.hadoop.hdds.scm.protocolPB.ScmBlockLocationProtocolClientSideTranslatorPB.allocateBlock(ScmBlockLocationProtocolClientSideTranslatorPB.java:156) 
2019-08-23 04:27:22,066 | ERROR | OMAudit | user=jenkins1000 | ip=127.0.0.1 | op=ALLOCATE_BLOCK {volume=vol-0-42659, bucket=bucket-3-42268, key=key-7-58617, dataSize=0, replicationType=null, replicationFactor=null, keyLocationInfo=null, clientID=102664400535683235} | ret=FAILURE | org.apache.hadoop.hdds.scm.exceptions.SCMException: Allocated 0 blocks. Requested 1 blocks
	at org.apache.hadoop.hdds.scm.protocolPB.ScmBlockLocationProtocolClientSideTranslatorPB.handleError(ScmBlockLocationProtocolClientSideTranslatorPB.java:118)
	at org.apache.hadoop.hdds.scm.protocolPB.ScmBlockLocationProtocolClientSideTranslatorPB.allocateBlock(ScmBlockLocationProtocolClientSideTranslatorPB.java:156) 
2019-08-23 04:27:22,070 [pool-90-thread-3] ERROR io.BlockOutputStreamEntryPool (BlockOutputStreamEntryPool.java:allocateBlockIfNeeded(299)) - Try to allocate more blocks for write failed, already allocated 0 blocks for this write.
INTERNAL_ERROR org.apache.hadoop.ozone.om.exceptions.OMException: Allocated 0 blocks. Requested 1 blocks
	at org.apache.hadoop.ozone.om.protocolPB.OzoneManagerProtocolClientSideTranslatorPB.handleError(OzoneManagerProtocolClientSideTranslatorPB.java:725)
	at org.apache.hadoop.ozone.om.protocolPB.OzoneManagerProtocolClientSideTranslatorPB.allocateBlock(OzoneManagerProtocolClientSideTranslatorPB.java:757)
	at org.apache.hadoop.ozone.client.io.BlockOutputStreamEntryPool.allocateNewBlock(BlockOutputStreamEntryPool.java:248)
	at org.apache.hadoop.ozone.client.io.BlockOutputStreamEntryPool.allocateBlockIfNeeded(BlockOutputStreamEntryPool.java:296)
	at org.apache.hadoop.ozone.client.io.KeyOutputStream.handleWrite(KeyOutputStream.java:201)
	at org.apache.hadoop.ozone.client.io.KeyOutputStream.handleRetry(KeyOutputStream.java:376)
	at org.apache.hadoop.ozone.client.io.KeyOutputStream.handleException(KeyOutputStream.java:325)
	at org.apache.hadoop.ozone.client.io.KeyOutputStream.handleFlushOrClose(KeyOutputStream.java:448)
	at org.apache.hadoop.ozone.client.io.KeyOutputStream.close(KeyOutputStream.java:472)
	at org.apache.hadoop.ozone.client.io.OzoneOutputStream.close(OzoneOutputStream.java:60)
	at org.apache.hadoop.ozone.freon.RandomKeyGenerator.createKey(RandomKeyGenerator.java:701)
	at org.apache.hadoop.ozone.freon.RandomKeyGenerator.access$1100(RandomKeyGenerator.java:87)
	at org.apache.hadoop.ozone.freon.RandomKeyGenerator$ObjectCreator.run(RandomKeyGenerator.java:606)
	at java.util.concurrent.Executors$RunnableAdapter.call(Executors.java:511)
	at java.util.concurrent.FutureTask.run(FutureTask.java:266)
	at java.util.concurrent.ThreadPoolExecutor.runWorker(ThreadPoolExecutor.java:1149)
	at java.util.concurrent.ThreadPoolExecutor$Worker.run(ThreadPoolExecutor.java:624)
	at java.lang.Thread.run(Thread.java:748)
2019-08-23 04:27:22,071 [pool-90-thread-2] ERROR io.BlockOutputStreamEntryPool (BlockOutputStreamEntryPool.java:allocateBlockIfNeeded(299)) - Try to allocate more blocks for write failed, already allocated 0 blocks for this write.
INTERNAL_ERROR org.apache.hadoop.ozone.om.exceptions.OMException: Allocated 0 blocks. Requested 1 blocks
	at org.apache.hadoop.ozone.om.protocolPB.OzoneManagerProtocolClientSideTranslatorPB.handleError(OzoneManagerProtocolClientSideTranslatorPB.java:725)
	at org.apache.hadoop.ozone.om.protocolPB.OzoneManagerProtocolClientSideTranslatorPB.allocateBlock(OzoneManagerProtocolClientSideTranslatorPB.java:757)
	at org.apache.hadoop.ozone.client.io.BlockOutputStreamEntryPool.allocateNewBlock(BlockOutputStreamEntryPool.java:248)
	at org.apache.hadoop.ozone.client.io.BlockOutputStreamEntryPool.allocateBlockIfNeeded(BlockOutputStreamEntryPool.java:296)
	at org.apache.hadoop.ozone.client.io.KeyOutputStream.handleWrite(KeyOutputStream.java:201)
	at org.apache.hadoop.ozone.client.io.KeyOutputStream.handleRetry(KeyOutputStream.java:376)
	at org.apache.hadoop.ozone.client.io.KeyOutputStream.handleException(KeyOutputStream.java:325)
	at org.apache.hadoop.ozone.client.io.KeyOutputStream.handleFlushOrClose(KeyOutputStream.java:448)
	at org.apache.hadoop.ozone.client.io.KeyOutputStream.close(KeyOutputStream.java:472)
	at org.apache.hadoop.ozone.client.io.OzoneOutputStream.close(OzoneOutputStream.java:60)
	at org.apache.hadoop.ozone.freon.RandomKeyGenerator.createKey(RandomKeyGenerator.java:701)
	at org.apache.hadoop.ozone.freon.RandomKeyGenerator.access$1100(RandomKeyGenerator.java:87)
	at org.apache.hadoop.ozone.freon.RandomKeyGenerator$ObjectCreator.run(RandomKeyGenerator.java:606)
	at java.util.concurrent.Executors$RunnableAdapter.call(Executors.java:511)
	at java.util.concurrent.FutureTask.run(FutureTask.java:266)
	at java.util.concurrent.ThreadPoolExecutor.runWorker(ThreadPoolExecutor.java:1149)
	at java.util.concurrent.ThreadPoolExecutor$Worker.run(ThreadPoolExecutor.java:624)
	at java.lang.Thread.run(Thread.java:748)
2019-08-23 04:27:22,070 [pool-90-thread-6] ERROR io.BlockOutputStreamEntryPool (BlockOutputStreamEntryPool.java:allocateBlockIfNeeded(299)) - Try to allocate more blocks for write failed, already allocated 0 blocks for this write.
INTERNAL_ERROR org.apache.hadoop.ozone.om.exceptions.OMException: Allocated 0 blocks. Requested 1 blocks
	at org.apache.hadoop.ozone.om.protocolPB.OzoneManagerProtocolClientSideTranslatorPB.handleError(OzoneManagerProtocolClientSideTranslatorPB.java:725)
	at org.apache.hadoop.ozone.om.protocolPB.OzoneManagerProtocolClientSideTranslatorPB.allocateBlock(OzoneManagerProtocolClientSideTranslatorPB.java:757)
	at org.apache.hadoop.ozone.client.io.BlockOutputStreamEntryPool.allocateNewBlock(BlockOutputStreamEntryPool.java:248)
	at org.apache.hadoop.ozone.client.io.BlockOutputStreamEntryPool.allocateBlockIfNeeded(BlockOutputStreamEntryPool.java:296)
	at org.apache.hadoop.ozone.client.io.KeyOutputStream.handleWrite(KeyOutputStream.java:201)
	at org.apache.hadoop.ozone.client.io.KeyOutputStream.handleRetry(KeyOutputStream.java:376)
	at org.apache.hadoop.ozone.client.io.KeyOutputStream.handleException(KeyOutputStream.java:325)
	at org.apache.hadoop.ozone.client.io.KeyOutputStream.handleFlushOrClose(KeyOutputStream.java:448)
	at org.apache.hadoop.ozone.client.io.KeyOutputStream.close(KeyOutputStream.java:472)
	at org.apache.hadoop.ozone.client.io.OzoneOutputStream.close(OzoneOutputStream.java:60)
	at org.apache.hadoop.ozone.freon.RandomKeyGenerator.createKey(RandomKeyGenerator.java:701)
	at org.apache.hadoop.ozone.freon.RandomKeyGenerator.access$1100(RandomKeyGenerator.java:87)
	at org.apache.hadoop.ozone.freon.RandomKeyGenerator$ObjectCreator.run(RandomKeyGenerator.java:606)
	at java.util.concurrent.Executors$RunnableAdapter.call(Executors.java:511)
	at java.util.concurrent.FutureTask.run(FutureTask.java:266)
	at java.util.concurrent.ThreadPoolExecutor.runWorker(ThreadPoolExecutor.java:1149)
	at java.util.concurrent.ThreadPoolExecutor$Worker.run(ThreadPoolExecutor.java:624)
	at java.lang.Thread.run(Thread.java:748)
2019-08-23 04:27:22,072 [pool-90-thread-2] ERROR freon.RandomKeyGenerator (RandomKeyGenerator.java:createKey(724)) - Exception while adding key: key-7-84561 in bucket: bucket-1-61988 of volume: vol-1-20205.
INTERNAL_ERROR org.apache.hadoop.ozone.om.exceptions.OMException: Allocated 0 blocks. Requested 1 blocks
	at org.apache.hadoop.ozone.om.protocolPB.OzoneManagerProtocolClientSideTranslatorPB.handleError(OzoneManagerProtocolClientSideTranslatorPB.java:725)
	at org.apache.hadoop.ozone.om.protocolPB.OzoneManagerProtocolClientSideTranslatorPB.allocateBlock(OzoneManagerProtocolClientSideTranslatorPB.java:757)
	at org.apache.hadoop.ozone.client.io.BlockOutputStreamEntryPool.allocateNewBlock(BlockOutputStreamEntryPool.java:248)
	at org.apache.hadoop.ozone.client.io.BlockOutputStreamEntryPool.allocateBlockIfNeeded(BlockOutputStreamEntryPool.java:296)
	at org.apache.hadoop.ozone.client.io.KeyOutputStream.handleWrite(KeyOutputStream.java:201)
	at org.apache.hadoop.ozone.client.io.KeyOutputStream.handleRetry(KeyOutputStream.java:376)
	at org.apache.hadoop.ozone.client.io.KeyOutputStream.handleException(KeyOutputStream.java:325)
	at org.apache.hadoop.ozone.client.io.KeyOutputStream.handleFlushOrClose(KeyOutputStream.java:448)
	at org.apache.hadoop.ozone.client.io.KeyOutputStream.close(KeyOutputStream.java:472)
	at org.apache.hadoop.ozone.client.io.OzoneOutputStream.close(OzoneOutputStream.java:60)
	at org.apache.hadoop.ozone.freon.RandomKeyGenerator.createKey(RandomKeyGenerator.java:701)
	at org.apache.hadoop.ozone.freon.RandomKeyGenerator.access$1100(RandomKeyGenerator.java:87)
	at org.apache.hadoop.ozone.freon.RandomKeyGenerator$ObjectCreator.run(RandomKeyGenerator.java:606)
	at java.util.concurrent.Executors$RunnableAdapter.call(Executors.java:511)
	at java.util.concurrent.FutureTask.run(FutureTask.java:266)
	at java.util.concurrent.ThreadPoolExecutor.runWorker(ThreadPoolExecutor.java:1149)
	at java.util.concurrent.ThreadPoolExecutor$Worker.run(ThreadPoolExecutor.java:624)
	at java.lang.Thread.run(Thread.java:748)
2019-08-23 04:27:22,071 [pool-90-thread-3] ERROR freon.RandomKeyGenerator (RandomKeyGenerator.java:createKey(724)) - Exception while adding key: key-7-58617 in bucket: bucket-3-42268 of volume: vol-0-42659.
INTERNAL_ERROR org.apache.hadoop.ozone.om.exceptions.OMException: Allocated 0 blocks. Requested 1 blocks
	at org.apache.hadoop.ozone.om.protocolPB.OzoneManagerProtocolClientSideTranslatorPB.handleError(OzoneManagerProtocolClientSideTranslatorPB.java:725)
	at org.apache.hadoop.ozone.om.protocolPB.OzoneManagerProtocolClientSideTranslatorPB.allocateBlock(OzoneManagerProtocolClientSideTranslatorPB.java:757)
	at org.apache.hadoop.ozone.client.io.BlockOutputStreamEntryPool.allocateNewBlock(BlockOutputStreamEntryPool.java:248)
	at org.apache.hadoop.ozone.client.io.BlockOutputStreamEntryPool.allocateBlockIfNeeded(BlockOutputStreamEntryPool.java:296)
	at org.apache.hadoop.ozone.client.io.KeyOutputStream.handleWrite(KeyOutputStream.java:201)
	at org.apache.hadoop.ozone.client.io.KeyOutputStream.handleRetry(KeyOutputStream.java:376)
	at org.apache.hadoop.ozone.client.io.KeyOutputStream.handleException(KeyOutputStream.java:325)
	at org.apache.hadoop.ozone.client.io.KeyOutputStream.handleFlushOrClose(KeyOutputStream.java:448)
	at org.apache.hadoop.ozone.client.io.KeyOutputStream.close(KeyOutputStream.java:472)
	at org.apache.hadoop.ozone.client.io.OzoneOutputStream.close(OzoneOutputStream.java:60)
	at org.apache.hadoop.ozone.freon.RandomKeyGenerator.createKey(RandomKeyGenerator.java:701)
	at org.apache.hadoop.ozone.freon.RandomKeyGenerator.access$1100(RandomKeyGenerator.java:87)
	at org.apache.hadoop.ozone.freon.RandomKeyGenerator$ObjectCreator.run(RandomKeyGenerator.java:606)
	at java.util.concurrent.Executors$RunnableAdapter.call(Executors.java:511)
	at java.util.concurrent.FutureTask.run(FutureTask.java:266)
	at java.util.concurrent.ThreadPoolExecutor.runWorker(ThreadPoolExecutor.java:1149)
	at java.util.concurrent.ThreadPoolExecutor$Worker.run(ThreadPoolExecutor.java:624)
	at java.lang.Thread.run(Thread.java:748)
2019-08-23 04:27:22,073 [pool-90-thread-6] ERROR freon.RandomKeyGenerator (RandomKeyGenerator.java:createKey(724)) - Exception while adding key: key-7-91721 in bucket: bucket-3-54341 of volume: vol-1-20205.
INTERNAL_ERROR org.apache.hadoop.ozone.om.exceptions.OMException: Allocated 0 blocks. Requested 1 blocks
	at org.apache.hadoop.ozone.om.protocolPB.OzoneManagerProtocolClientSideTranslatorPB.handleError(OzoneManagerProtocolClientSideTranslatorPB.java:725)
	at org.apache.hadoop.ozone.om.protocolPB.OzoneManagerProtocolClientSideTranslatorPB.allocateBlock(OzoneManagerProtocolClientSideTranslatorPB.java:757)
	at org.apache.hadoop.ozone.client.io.BlockOutputStreamEntryPool.allocateNewBlock(BlockOutputStreamEntryPool.java:248)
	at org.apache.hadoop.ozone.client.io.BlockOutputStreamEntryPool.allocateBlockIfNeeded(BlockOutputStreamEntryPool.java:296)
	at org.apache.hadoop.ozone.client.io.KeyOutputStream.handleWrite(KeyOutputStream.java:201)
	at org.apache.hadoop.ozone.client.io.KeyOutputStream.handleRetry(KeyOutputStream.java:376)
	at org.apache.hadoop.ozone.client.io.KeyOutputStream.handleException(KeyOutputStream.java:325)
	at org.apache.hadoop.ozone.client.io.KeyOutputStream.handleFlushOrClose(KeyOutputStream.java:448)
	at org.apache.hadoop.ozone.client.io.KeyOutputStream.close(KeyOutputStream.java:472)
	at org.apache.hadoop.ozone.client.io.OzoneOutputStream.close(OzoneOutputStream.java:60)
	at org.apache.hadoop.ozone.freon.RandomKeyGenerator.createKey(RandomKeyGenerator.java:701)
	at org.apache.hadoop.ozone.freon.RandomKeyGenerator.access$1100(RandomKeyGenerator.java:87)
	at org.apache.hadoop.ozone.freon.RandomKeyGenerator$ObjectCreator.run(RandomKeyGenerator.java:606)
	at java.util.concurrent.Executors$RunnableAdapter.call(Executors.java:511)
	at java.util.concurrent.FutureTask.run(FutureTask.java:266)
	at java.util.concurrent.ThreadPoolExecutor.runWorker(ThreadPoolExecutor.java:1149)
	at java.util.concurrent.ThreadPoolExecutor$Worker.run(ThreadPoolExecutor.java:624)
	at java.lang.Thread.run(Thread.java:748)
2019-08-23 04:27:22,146 [grpc-default-executor-1] INFO  client.GrpcClientProtocolClient (GrpcClientProtocolClient.java:onNext(255)) - client-8C6AA2FA99F1->aaa8e91e-0eca-44f4-ad30-66eff97d1642: receive RaftClientReply:client-8C6AA2FA99F1->aaa8e91e-0eca-44f4-ad30-66eff97d1642@group-C455D70D824C, cid=347, SUCCESS, logIndex=0, commits[aaa8e91e-0eca-44f4-ad30-66eff97d1642:c449, f6d593da-3d81-42e7-b927-5f502e16088c:c431, 8d5baa0f-1210-41f1-915f-fdffd8779ee7:c431]
2019-08-23 04:27:22,147 [grpc-default-executor-1] INFO  client.GrpcClientProtocolClient (GrpcClientProtocolClient.java:onNext(255)) - client-8C6AA2FA99F1->aaa8e91e-0eca-44f4-ad30-66eff97d1642: receive RaftClientReply:client-8C6AA2FA99F1->aaa8e91e-0eca-44f4-ad30-66eff97d1642@group-C455D70D824C, cid=356, SUCCESS, logIndex=444, commits[aaa8e91e-0eca-44f4-ad30-66eff97d1642:c449, f6d593da-3d81-42e7-b927-5f502e16088c:c431, 8d5baa0f-1210-41f1-915f-fdffd8779ee7:c431]
2019-08-23 04:27:22,147 [grpc-default-executor-0] INFO  client.GrpcClientProtocolClient (GrpcClientProtocolClient.java:onNext(255)) - client-8C6AA2FA99F1->aaa8e91e-0eca-44f4-ad30-66eff97d1642: receive RaftClientReply:client-8C6AA2FA99F1->aaa8e91e-0eca-44f4-ad30-66eff97d1642@group-C455D70D824C, cid=346, SUCCESS, logIndex=0, commits[aaa8e91e-0eca-44f4-ad30-66eff97d1642:c449, f6d593da-3d81-42e7-b927-5f502e16088c:c431, 8d5baa0f-1210-41f1-915f-fdffd8779ee7:c431]
2019-08-23 04:27:22,151 [grpc-default-executor-2] INFO  client.GrpcClientProtocolClient (GrpcClientProtocolClient.java:onNext(255)) - client-8C6AA2FA99F1->aaa8e91e-0eca-44f4-ad30-66eff97d1642: receive RaftClientReply:client-8C6AA2FA99F1->aaa8e91e-0eca-44f4-ad30-66eff97d1642@group-C455D70D824C, cid=345, SUCCESS, logIndex=0, commits[aaa8e91e-0eca-44f4-ad30-66eff97d1642:c449, f6d593da-3d81-42e7-b927-5f502e16088c:c431, 8d5baa0f-1210-41f1-915f-fdffd8779ee7:c431]
2019-08-23 04:27:22,152 [grpc-default-executor-2] INFO  client.GrpcClientProtocolClient (GrpcClientProtocolClient.java:onNext(255)) - client-8C6AA2FA99F1->aaa8e91e-0eca-44f4-ad30-66eff97d1642: receive RaftClientReply:client-8C6AA2FA99F1->aaa8e91e-0eca-44f4-ad30-66eff97d1642@group-C455D70D824C, cid=343, SUCCESS, logIndex=0, commits[aaa8e91e-0eca-44f4-ad30-66eff97d1642:c449, f6d593da-3d81-42e7-b927-5f502e16088c:c431, 8d5baa0f-1210-41f1-915f-fdffd8779ee7:c431]
2019-08-23 04:27:22,154 [grpc-default-executor-1] INFO  client.GrpcClientProtocolClient (GrpcClientProtocolClient.java:onNext(255)) - client-8C6AA2FA99F1->aaa8e91e-0eca-44f4-ad30-66eff97d1642: receive RaftClientReply:client-8C6AA2FA99F1->aaa8e91e-0eca-44f4-ad30-66eff97d1642@group-C455D70D824C, cid=342, SUCCESS, logIndex=0, commits[aaa8e91e-0eca-44f4-ad30-66eff97d1642:c449, f6d593da-3d81-42e7-b927-5f502e16088c:c431, 8d5baa0f-1210-41f1-915f-fdffd8779ee7:c431]
2019-08-23 04:27:22,154 [grpc-default-executor-0] INFO  client.GrpcClientProtocolClient (GrpcClientProtocolClient.java:onNext(255)) - client-8C6AA2FA99F1->aaa8e91e-0eca-44f4-ad30-66eff97d1642: receive RaftClientReply:client-8C6AA2FA99F1->aaa8e91e-0eca-44f4-ad30-66eff97d1642@group-C455D70D824C, cid=355, SUCCESS, logIndex=445, commits[aaa8e91e-0eca-44f4-ad30-66eff97d1642:c449, f6d593da-3d81-42e7-b927-5f502e16088c:c431, 8d5baa0f-1210-41f1-915f-fdffd8779ee7:c431]
2019-08-23 04:27:22,155 [grpc-default-executor-1] INFO  client.GrpcClientProtocolClient (GrpcClientProtocolClient.java:onNext(255)) - client-8C6AA2FA99F1->aaa8e91e-0eca-44f4-ad30-66eff97d1642: receive RaftClientReply:client-8C6AA2FA99F1->aaa8e91e-0eca-44f4-ad30-66eff97d1642@group-C455D70D824C, cid=344, SUCCESS, logIndex=0, commits[aaa8e91e-0eca-44f4-ad30-66eff97d1642:c449, f6d593da-3d81-42e7-b927-5f502e16088c:c431, 8d5baa0f-1210-41f1-915f-fdffd8779ee7:c431]
2019-08-23 04:27:22,156 [grpc-default-executor-0] INFO  client.GrpcClientProtocolClient (GrpcClientProtocolClient.java:onNext(255)) - client-8C6AA2FA99F1->aaa8e91e-0eca-44f4-ad30-66eff97d1642: receive RaftClientReply:client-8C6AA2FA99F1->aaa8e91e-0eca-44f4-ad30-66eff97d1642@group-C455D70D824C, cid=357, SUCCESS, logIndex=446, commits[aaa8e91e-0eca-44f4-ad30-66eff97d1642:c449, f6d593da-3d81-42e7-b927-5f502e16088c:c431, 8d5baa0f-1210-41f1-915f-fdffd8779ee7:c431]
2019-08-23 04:27:22,156 [grpc-default-executor-1] INFO  client.GrpcClientProtocolClient (GrpcClientProtocolClient.java:onNext(255)) - client-8C6AA2FA99F1->aaa8e91e-0eca-44f4-ad30-66eff97d1642: receive RaftClientReply:client-8C6AA2FA99F1->aaa8e91e-0eca-44f4-ad30-66eff97d1642@group-C455D70D824C, cid=334, SUCCESS, logIndex=0, commits[aaa8e91e-0eca-44f4-ad30-66eff97d1642:c449, f6d593da-3d81-42e7-b927-5f502e16088c:c431, 8d5baa0f-1210-41f1-915f-fdffd8779ee7:c431]
2019-08-23 04:27:22,156 [grpc-default-executor-1] INFO  client.GrpcClientProtocolClient (GrpcClientProtocolClient.java:onNext(255)) - client-8C6AA2FA99F1->aaa8e91e-0eca-44f4-ad30-66eff97d1642: receive RaftClientReply:client-8C6AA2FA99F1->aaa8e91e-0eca-44f4-ad30-66eff97d1642@group-C455D70D824C, cid=339, SUCCESS, logIndex=0, commits[aaa8e91e-0eca-44f4-ad30-66eff97d1642:c449, f6d593da-3d81-42e7-b927-5f502e16088c:c431, 8d5baa0f-1210-41f1-915f-fdffd8779ee7:c431]
2019-08-23 04:27:22,156 [grpc-default-executor-0] INFO  client.GrpcClientProtocolClient (GrpcClientProtocolClient.java:onNext(255)) - client-8C6AA2FA99F1->aaa8e91e-0eca-44f4-ad30-66eff97d1642: receive RaftClientReply:client-8C6AA2FA99F1->aaa8e91e-0eca-44f4-ad30-66eff97d1642@group-C455D70D824C, cid=359, SUCCESS, logIndex=447, commits[aaa8e91e-0eca-44f4-ad30-66eff97d1642:c449, f6d593da-3d81-42e7-b927-5f502e16088c:c431, 8d5baa0f-1210-41f1-915f-fdffd8779ee7:c431]
2019-08-23 04:27:22,157 [grpc-default-executor-1] INFO  client.GrpcClientProtocolClient (GrpcClientProtocolClient.java:onNext(255)) - client-8C6AA2FA99F1->aaa8e91e-0eca-44f4-ad30-66eff97d1642: receive RaftClientReply:client-8C6AA2FA99F1->aaa8e91e-0eca-44f4-ad30-66eff97d1642@group-C455D70D824C, cid=331, SUCCESS, logIndex=0, commits[aaa8e91e-0eca-44f4-ad30-66eff97d1642:c449, f6d593da-3d81-42e7-b927-5f502e16088c:c431, 8d5baa0f-1210-41f1-915f-fdffd8779ee7:c431]
2019-08-23 04:27:22,158 [grpc-default-executor-0] INFO  client.GrpcClientProtocolClient (GrpcClientProtocolClient.java:onNext(255)) - client-8C6AA2FA99F1->aaa8e91e-0eca-44f4-ad30-66eff97d1642: receive RaftClientReply:client-8C6AA2FA99F1->aaa8e91e-0eca-44f4-ad30-66eff97d1642@group-C455D70D824C, cid=358, SUCCESS, logIndex=448, commits[aaa8e91e-0eca-44f4-ad30-66eff97d1642:c449, f6d593da-3d81-42e7-b927-5f502e16088c:c431, 8d5baa0f-1210-41f1-915f-fdffd8779ee7:c431]
2019-08-23 04:27:22,158 [grpc-default-executor-1] INFO  client.GrpcClientProtocolClient (GrpcClientProtocolClient.java:onNext(255)) - client-8C6AA2FA99F1->aaa8e91e-0eca-44f4-ad30-66eff97d1642: receive RaftClientReply:client-8C6AA2FA99F1->aaa8e91e-0eca-44f4-ad30-66eff97d1642@group-C455D70D824C, cid=354, SUCCESS, logIndex=0, commits[aaa8e91e-0eca-44f4-ad30-66eff97d1642:c449, f6d593da-3d81-42e7-b927-5f502e16088c:c431, 8d5baa0f-1210-41f1-915f-fdffd8779ee7:c431]
2019-08-23 04:27:22,159 [grpc-default-executor-1] INFO  client.GrpcClientProtocolClient (GrpcClientProtocolClient.java:onNext(255)) - client-8C6AA2FA99F1->aaa8e91e-0eca-44f4-ad30-66eff97d1642: receive RaftClientReply:client-8C6AA2FA99F1->aaa8e91e-0eca-44f4-ad30-66eff97d1642@group-C455D70D824C, cid=352, SUCCESS, logIndex=0, commits[aaa8e91e-0eca-44f4-ad30-66eff97d1642:c449, f6d593da-3d81-42e7-b927-5f502e16088c:c431, 8d5baa0f-1210-41f1-915f-fdffd8779ee7:c431]
2019-08-23 04:27:22,160 [grpc-default-executor-1] INFO  client.GrpcClientProtocolClient (GrpcClientProtocolClient.java:onNext(255)) - client-8C6AA2FA99F1->aaa8e91e-0eca-44f4-ad30-66eff97d1642: receive RaftClientReply:client-8C6AA2FA99F1->aaa8e91e-0eca-44f4-ad30-66eff97d1642@group-C455D70D824C, cid=353, SUCCESS, logIndex=0, commits[aaa8e91e-0eca-44f4-ad30-66eff97d1642:c449, f6d593da-3d81-42e7-b927-5f502e16088c:c431, 8d5baa0f-1210-41f1-915f-fdffd8779ee7:c431]
2019-08-23 04:27:22,160 | INFO  | DNAudit | user=null | ip=null | op=WRITE_CHUNK {blockData=conID: 1 locID: 102664401191436475 bcsId: 0} | ret=SUCCESS |  
2019-08-23 04:27:22,160 [grpc-default-executor-1] INFO  client.GrpcClientProtocolClient (GrpcClientProtocolClient.java:onNext(255)) - client-8C6AA2FA99F1->aaa8e91e-0eca-44f4-ad30-66eff97d1642: receive RaftClientReply:client-8C6AA2FA99F1->aaa8e91e-0eca-44f4-ad30-66eff97d1642@group-C455D70D824C, cid=348, SUCCESS, logIndex=0, commits[aaa8e91e-0eca-44f4-ad30-66eff97d1642:c449, f6d593da-3d81-42e7-b927-5f502e16088c:c431, 8d5baa0f-1210-41f1-915f-fdffd8779ee7:c431]
2019-08-23 04:27:22,162 [grpc-default-executor-0] INFO  client.GrpcClientProtocolClient (GrpcClientProtocolClient.java:onNext(255)) - client-8C6AA2FA99F1->aaa8e91e-0eca-44f4-ad30-66eff97d1642: receive RaftClientReply:client-8C6AA2FA99F1->aaa8e91e-0eca-44f4-ad30-66eff97d1642@group-C455D70D824C, cid=360, SUCCESS, logIndex=449, commits[aaa8e91e-0eca-44f4-ad30-66eff97d1642:c449, f6d593da-3d81-42e7-b927-5f502e16088c:c431, 8d5baa0f-1210-41f1-915f-fdffd8779ee7:c431]
2019-08-23 04:27:22,162 | INFO  | DNAudit | user=null | ip=null | op=WRITE_CHUNK {blockData=conID: 1 locID: 102664401191436475 bcsId: 0} | ret=SUCCESS |  
2019-08-23 04:27:22,162 | INFO  | DNAudit | user=null | ip=null | op=WRITE_CHUNK {blockData=conID: 1 locID: 102664401191436475 bcsId: 0} | ret=SUCCESS |  
2019-08-23 04:27:22,163 | INFO  | DNAudit | user=null | ip=null | op=WRITE_CHUNK {blockData=conID: 2 locID: 102664401191436477 bcsId: 0} | ret=SUCCESS |  
2019-08-23 04:27:22,164 | INFO  | DNAudit | user=null | ip=null | op=WRITE_CHUNK {blockData=conID: 1 locID: 102664401191436476 bcsId: 0} | ret=SUCCESS |  
2019-08-23 04:27:22,164 | INFO  | DNAudit | user=null | ip=null | op=WRITE_CHUNK {blockData=conID: 2 locID: 102664401191436477 bcsId: 0} | ret=SUCCESS |  
2019-08-23 04:27:22,164 | INFO  | DNAudit | user=null | ip=null | op=WRITE_CHUNK {blockData=conID: 2 locID: 102664401191436477 bcsId: 0} | ret=SUCCESS |  
2019-08-23 04:27:22,164 | INFO  | DNAudit | user=null | ip=null | op=WRITE_CHUNK {blockData=conID: 3 locID: 102664401191436474 bcsId: 0} | ret=SUCCESS |  
2019-08-23 04:27:22,165 | INFO  | DNAudit | user=null | ip=null | op=WRITE_CHUNK {blockData=conID: 1 locID: 102664401191436476 bcsId: 0} | ret=SUCCESS |  
2019-08-23 04:27:22,165 | INFO  | DNAudit | user=null | ip=null | op=WRITE_CHUNK {blockData=conID: 1 locID: 102664401191436476 bcsId: 0} | ret=SUCCESS |  
2019-08-23 04:27:22,165 | INFO  | DNAudit | user=null | ip=null | op=WRITE_CHUNK {blockData=conID: 3 locID: 102664401191436474 bcsId: 0} | ret=SUCCESS |  
2019-08-23 04:27:22,166 | INFO  | DNAudit | user=null | ip=null | op=WRITE_CHUNK {blockData=conID: 3 locID: 102664401191436474 bcsId: 0} | ret=SUCCESS |  
2019-08-23 04:27:22,259 | INFO  | DNAudit | user=null | ip=null | op=WRITE_CHUNK {blockData=conID: 2 locID: 102664400867688629 bcsId: 0} | ret=SUCCESS |  
2019-08-23 04:27:22,260 | INFO  | DNAudit | user=null | ip=null | op=WRITE_CHUNK {blockData=conID: 2 locID: 102664400867688629 bcsId: 0} | ret=SUCCESS |  
2019-08-23 04:27:22,260 | INFO  | DNAudit | user=null | ip=null | op=WRITE_CHUNK {blockData=conID: 1 locID: 102664400867623091 bcsId: 0} | ret=SUCCESS |  
2019-08-23 04:27:22,260 | INFO  | DNAudit | user=null | ip=null | op=WRITE_CHUNK {blockData=conID: 1 locID: 102664400867623091 bcsId: 0} | ret=SUCCESS |  
2019-08-23 04:27:22,260 | INFO  | DNAudit | user=null | ip=null | op=PUT_BLOCK {blockData=[blockId=conID: 2 locID: 102664400867688629 bcsId: 0,size=10240]} | ret=SUCCESS |  
2019-08-23 04:27:22,260 | INFO  | DNAudit | user=null | ip=null | op=PUT_BLOCK {blockData=[blockId=conID: 2 locID: 102664400867688629 bcsId: 0,size=10240]} | ret=SUCCESS |  
2019-08-23 04:27:22,261 | INFO  | DNAudit | user=null | ip=null | op=PUT_BLOCK {blockData=[blockId=conID: 1 locID: 102664400867623091 bcsId: 0,size=10240]} | ret=SUCCESS |  
2019-08-23 04:27:22,261 | INFO  | DNAudit | user=null | ip=null | op=PUT_BLOCK {blockData=[blockId=conID: 1 locID: 102664400867623091 bcsId: 0,size=10240]} | ret=SUCCESS |  
2019-08-23 04:27:22,261 | INFO  | DNAudit | user=null | ip=null | op=WRITE_CHUNK {blockData=conID: 2 locID: 102664400867688628 bcsId: 0} | ret=SUCCESS |  
2019-08-23 04:27:22,261 | INFO  | DNAudit | user=null | ip=null | op=WRITE_CHUNK {blockData=conID: 2 locID: 102664400867688628 bcsId: 0} | ret=SUCCESS |  
2019-08-23 04:27:22,262 | INFO  | DNAudit | user=null | ip=null | op=PUT_BLOCK {blockData=[blockId=conID: 2 locID: 102664400867688628 bcsId: 0,size=10240]} | ret=SUCCESS |  
2019-08-23 04:27:22,262 | INFO  | DNAudit | user=null | ip=null | op=PUT_BLOCK {blockData=[blockId=conID: 2 locID: 102664400867688628 bcsId: 0,size=10240]} | ret=SUCCESS |  
2019-08-23 04:27:22,262 [grpc-default-executor-5] INFO  client.GrpcClientProtocolClient (GrpcClientProtocolClient.java:onNext(255)) - client-8C6AA2FA99F1->aaa8e91e-0eca-44f4-ad30-66eff97d1642: receive RaftClientReply:client-8C6AA2FA99F1->aaa8e91e-0eca-44f4-ad30-66eff97d1642@group-C455D70D824C, cid=373, SUCCESS, logIndex=0, commits[aaa8e91e-0eca-44f4-ad30-66eff97d1642:c450, f6d593da-3d81-42e7-b927-5f502e16088c:c449, 8d5baa0f-1210-41f1-915f-fdffd8779ee7:c449]
2019-08-23 04:27:22,263 [grpc-default-executor-5] INFO  client.GrpcClientProtocolClient (GrpcClientProtocolClient.java:onNext(255)) - client-8C6AA2FA99F1->aaa8e91e-0eca-44f4-ad30-66eff97d1642: receive RaftClientReply:client-8C6AA2FA99F1->aaa8e91e-0eca-44f4-ad30-66eff97d1642@group-C455D70D824C, cid=375, SUCCESS, logIndex=0, commits[aaa8e91e-0eca-44f4-ad30-66eff97d1642:c450, f6d593da-3d81-42e7-b927-5f502e16088c:c449, 8d5baa0f-1210-41f1-915f-fdffd8779ee7:c449]
2019-08-23 04:27:22,264 [grpc-default-executor-5] INFO  client.GrpcClientProtocolClient (GrpcClientProtocolClient.java:onNext(255)) - client-8C6AA2FA99F1->aaa8e91e-0eca-44f4-ad30-66eff97d1642: receive RaftClientReply:client-8C6AA2FA99F1->aaa8e91e-0eca-44f4-ad30-66eff97d1642@group-C455D70D824C, cid=374, SUCCESS, logIndex=0, commits[aaa8e91e-0eca-44f4-ad30-66eff97d1642:c450, f6d593da-3d81-42e7-b927-5f502e16088c:c449, 8d5baa0f-1210-41f1-915f-fdffd8779ee7:c449]
2019-08-23 04:27:22,267 | INFO  | OMAudit | user=jenkins1000 | ip=127.0.0.1 | op=COMMIT_KEY {volume=vol-1-20205, bucket=bucket-1-61988, key=key-8-07445, dataSize=10240, replicationType=null, replicationFactor=null, keyLocationInfo=[{blockID={containerID=2, localID=102664400867688628}, length=10240, offset=0, token=null, pipeline=Pipeline[ Id: 66543a4c-018c-4a46-974e-c455d70d824c, Nodes: f6d593da-3d81-42e7-b927-5f502e16088c{ip: 192.168.36.77, host: pr-hdds-2000-5mb45-3533150274, networkLocation: /default-rack, certSerialId: null}8d5baa0f-1210-41f1-915f-fdffd8779ee7{ip: 192.168.36.77, host: pr-hdds-2000-5mb45-3533150274, networkLocation: /default-rack, certSerialId: null}aaa8e91e-0eca-44f4-ad30-66eff97d1642{ip: 192.168.36.77, host: pr-hdds-2000-5mb45-3533150274, networkLocation: /default-rack, certSerialId: null}, Type:RATIS, Factor:THREE, State:OPEN], createVersion=0}], clientID=102664400867360945} | ret=SUCCESS |  
2019-08-23 04:27:22,267 | INFO  | OMAudit | user=jenkins1000 | ip=127.0.0.1 | op=COMMIT_KEY {volume=vol-0-42659, bucket=bucket-1-34712, key=key-8-87523, dataSize=10240, replicationType=null, replicationFactor=null, keyLocationInfo=[{blockID={containerID=1, localID=102664400867623091}, length=10240, offset=0, token=null, pipeline=Pipeline[ Id: 66543a4c-018c-4a46-974e-c455d70d824c, Nodes: f6d593da-3d81-42e7-b927-5f502e16088c{ip: 192.168.36.77, host: pr-hdds-2000-5mb45-3533150274, networkLocation: /default-rack, certSerialId: null}8d5baa0f-1210-41f1-915f-fdffd8779ee7{ip: 192.168.36.77, host: pr-hdds-2000-5mb45-3533150274, networkLocation: /default-rack, certSerialId: null}aaa8e91e-0eca-44f4-ad30-66eff97d1642{ip: 192.168.36.77, host: pr-hdds-2000-5mb45-3533150274, networkLocation: /default-rack, certSerialId: null}, Type:RATIS, Factor:THREE, State:OPEN], createVersion=0}], clientID=102664400867360944} | ret=SUCCESS |  
2019-08-23 04:27:22,267 | INFO  | OMAudit | user=jenkins1000 | ip=127.0.0.1 | op=COMMIT_KEY {volume=vol-0-42659, bucket=bucket-2-77083, key=key-8-13173, dataSize=10240, replicationType=null, replicationFactor=null, keyLocationInfo=[{blockID={containerID=2, localID=102664400867688629}, length=10240, offset=0, token=null, pipeline=Pipeline[ Id: 66543a4c-018c-4a46-974e-c455d70d824c, Nodes: f6d593da-3d81-42e7-b927-5f502e16088c{ip: 192.168.36.77, host: pr-hdds-2000-5mb45-3533150274, networkLocation: /default-rack, certSerialId: null}8d5baa0f-1210-41f1-915f-fdffd8779ee7{ip: 192.168.36.77, host: pr-hdds-2000-5mb45-3533150274, networkLocation: /default-rack, certSerialId: null}aaa8e91e-0eca-44f4-ad30-66eff97d1642{ip: 192.168.36.77, host: pr-hdds-2000-5mb45-3533150274, networkLocation: /default-rack, certSerialId: null}, Type:RATIS, Factor:THREE, State:OPEN], createVersion=0}], clientID=102664400867360946} | ret=SUCCESS |  
2019-08-23 04:27:22,269 | INFO  | SCMAudit | user=jenkins1000 | ip=192.168.36.77 | op=GET_CONTAINER_WITH_PIPELINE {containerID=#2} | ret=SUCCESS |  
2019-08-23 04:27:22,269 | INFO  | SCMAudit | user=jenkins1000 | ip=192.168.36.77 | op=SEND_HEARTBEAT {datanodeUUID=1394b7c5-6324-4406-bd9f-1c4b9a85bfa9, command=[]} | ret=SUCCESS |  
2019-08-23 04:27:22,270 | INFO  | SCMAudit | user=jenkins1000 | ip=192.168.36.77 | op=ALLOCATE_BLOCK {owner=0ede6294-5fd7-421b-8eb7-9656e082115f, size=4194304, type=RATIS, factor=THREE} | ret=SUCCESS |  
2019-08-23 04:27:22,270 | INFO  | SCMAudit | user=jenkins1000 | ip=192.168.36.77 | op=ALLOCATE_BLOCK {owner=0ede6294-5fd7-421b-8eb7-9656e082115f, size=4194304, type=RATIS, factor=THREE} | ret=SUCCESS |  
2019-08-23 04:27:22,270 | INFO  | OMAudit | user=jenkins1000 | ip=127.0.0.1 | op=READ_KEY {volume=vol-1-20205, bucket=bucket-1-61988, key=key-8-07445, dataSize=0, replicationType=null, replicationFactor=null, keyLocationInfo=null} | ret=SUCCESS |  
2019-08-23 04:27:22,270 | INFO  | SCMAudit | user=jenkins1000 | ip=192.168.36.77 | op=ALLOCATE_BLOCK {owner=0ede6294-5fd7-421b-8eb7-9656e082115f, size=4194304, type=RATIS, factor=THREE} | ret=SUCCESS |  
2019-08-23 04:27:22,279 | INFO  | OMAudit | user=jenkins1000 | ip=127.0.0.1 | op=ALLOCATE_KEY {volume=vol-1-20205, bucket=bucket-0-84326, key=key-9-02162, dataSize=10240, replicationType=RATIS, replicationFactor=THREE, keyLocationInfo=null} | ret=SUCCESS |  
2019-08-23 04:27:22,279 | INFO  | OMAudit | user=jenkins1000 | ip=127.0.0.1 | op=ALLOCATE_KEY {volume=vol-0-42659, bucket=bucket-0-06613, key=key-9-34841, dataSize=10240, replicationType=RATIS, replicationFactor=THREE, keyLocationInfo=null} | ret=SUCCESS |  
2019-08-23 04:27:22,279 | INFO  | OMAudit | user=jenkins1000 | ip=127.0.0.1 | op=ALLOCATE_KEY {volume=vol-1-20205, bucket=bucket-4-54813, key=key-8-49358, dataSize=10240, replicationType=RATIS, replicationFactor=THREE, keyLocationInfo=null} | ret=SUCCESS |  
2019-08-23 04:27:22,281 | INFO  | DNAudit | user=null | ip=null | op=WRITE_CHUNK {blockData=conID: 1 locID: 102664401191436475 bcsId: 0} | ret=SUCCESS |  
2019-08-23 04:27:22,282 | INFO  | DNAudit | user=null | ip=null | op=GET_BLOCK {blockData=conID: 2 locID: 102664400867688628 bcsId: 449} | ret=SUCCESS |  
2019-08-23 04:27:22,283 | INFO  | DNAudit | user=null | ip=null | op=WRITE_CHUNK {blockData=conID: 2 locID: 102664401191436477 bcsId: 0} | ret=SUCCESS |  
2019-08-23 04:27:22,283 | INFO  | DNAudit | user=null | ip=null | op=WRITE_CHUNK {blockData=conID: 1 locID: 102664401191436476 bcsId: 0} | ret=SUCCESS |  
2019-08-23 04:27:22,284 | INFO  | DNAudit | user=null | ip=null | op=WRITE_CHUNK {blockData=conID: 3 locID: 102664401191436474 bcsId: 0} | ret=SUCCESS |  
2019-08-23 04:27:22,284 | INFO  | DNAudit | user=null | ip=null | op=PUT_BLOCK {blockData=[blockId=conID: 1 locID: 102664401191436475 bcsId: 0,size=10240]} | ret=SUCCESS |  
2019-08-23 04:27:22,285 | INFO  | DNAudit | user=null | ip=null | op=PUT_BLOCK {blockData=[blockId=conID: 2 locID: 102664401191436477 bcsId: 0,size=10240]} | ret=SUCCESS |  
2019-08-23 04:27:22,285 [grpc-default-executor-2] INFO  client.GrpcClientProtocolClient (GrpcClientProtocolClient.java:onNext(255)) - client-8C6AA2FA99F1->aaa8e91e-0eca-44f4-ad30-66eff97d1642: receive RaftClientReply:client-8C6AA2FA99F1->aaa8e91e-0eca-44f4-ad30-66eff97d1642@group-C455D70D824C, cid=365, SUCCESS, logIndex=451, commits[aaa8e91e-0eca-44f4-ad30-66eff97d1642:c451, f6d593da-3d81-42e7-b927-5f502e16088c:c449, 8d5baa0f-1210-41f1-915f-fdffd8779ee7:c449]
2019-08-23 04:27:22,285 | INFO  | DNAudit | user=null | ip=null | op=PUT_BLOCK {blockData=[blockId=conID: 1 locID: 102664401191436476 bcsId: 0,size=10240]} | ret=SUCCESS |  
2019-08-23 04:27:22,285 | INFO  | DNAudit | user=null | ip=null | op=PUT_BLOCK {blockData=[blockId=conID: 3 locID: 102664401191436474 bcsId: 0,size=10240]} | ret=SUCCESS |  
2019-08-23 04:27:22,286 [grpc-default-executor-2] INFO  client.GrpcClientProtocolClient (GrpcClientProtocolClient.java:onNext(255)) - client-8C6AA2FA99F1->aaa8e91e-0eca-44f4-ad30-66eff97d1642: receive RaftClientReply:client-8C6AA2FA99F1->aaa8e91e-0eca-44f4-ad30-66eff97d1642@group-C455D70D824C, cid=366, SUCCESS, logIndex=452, commits[aaa8e91e-0eca-44f4-ad30-66eff97d1642:c456, f6d593da-3d81-42e7-b927-5f502e16088c:c449, 8d5baa0f-1210-41f1-915f-fdffd8779ee7:c449]
2019-08-23 04:27:22,286 | INFO  | DNAudit | user=null | ip=null | op=READ_CHUNK {blockData=conID: 2 locID: 102664400867688628 bcsId: 449} | ret=SUCCESS |  
2019-08-23 04:27:22,287 | INFO  | DNAudit | user=null | ip=null | op=WRITE_CHUNK {blockData=conID: 1 locID: 102664401208606914 bcsId: 0} | ret=SUCCESS |  
2019-08-23 04:27:22,287 [grpc-default-executor-2] INFO  client.GrpcClientProtocolClient (GrpcClientProtocolClient.java:onNext(255)) - client-8C6AA2FA99F1->aaa8e91e-0eca-44f4-ad30-66eff97d1642: receive RaftClientReply:client-8C6AA2FA99F1->aaa8e91e-0eca-44f4-ad30-66eff97d1642@group-C455D70D824C, cid=367, SUCCESS, logIndex=453, commits[aaa8e91e-0eca-44f4-ad30-66eff97d1642:c456, f6d593da-3d81-42e7-b927-5f502e16088c:c449, 8d5baa0f-1210-41f1-915f-fdffd8779ee7:c449]
2019-08-23 04:27:22,288 [grpc-default-executor-2] INFO  client.GrpcClientProtocolClient (GrpcClientProtocolClient.java:onNext(255)) - client-8C6AA2FA99F1->aaa8e91e-0eca-44f4-ad30-66eff97d1642: receive RaftClientReply:client-8C6AA2FA99F1->aaa8e91e-0eca-44f4-ad30-66eff97d1642@group-C455D70D824C, cid=368, SUCCESS, logIndex=454, commits[aaa8e91e-0eca-44f4-ad30-66eff97d1642:c456, f6d593da-3d81-42e7-b927-5f502e16088c:c449, 8d5baa0f-1210-41f1-915f-fdffd8779ee7:c449]
2019-08-23 04:27:22,288 | INFO  | DNAudit | user=null | ip=null | op=WRITE_CHUNK {blockData=conID: 1 locID: 102664401208606914 bcsId: 0} | ret=SUCCESS |  
2019-08-23 04:27:22,289 [grpc-default-executor-2] INFO  client.GrpcClientProtocolClient (GrpcClientProtocolClient.java:onNext(255)) - client-8C6AA2FA99F1->aaa8e91e-0eca-44f4-ad30-66eff97d1642: receive RaftClientReply:client-8C6AA2FA99F1->aaa8e91e-0eca-44f4-ad30-66eff97d1642@group-C455D70D824C, cid=369, SUCCESS, logIndex=455, commits[aaa8e91e-0eca-44f4-ad30-66eff97d1642:c458, f6d593da-3d81-42e7-b927-5f502e16088c:c449, 8d5baa0f-1210-41f1-915f-fdffd8779ee7:c449]
2019-08-23 04:27:22,289 | INFO  | DNAudit | user=null | ip=null | op=WRITE_CHUNK {blockData=conID: 1 locID: 102664401208606914 bcsId: 0} | ret=SUCCESS |  
2019-08-23 04:27:22,289 [grpc-default-executor-2] INFO  client.GrpcClientProtocolClient (GrpcClientProtocolClient.java:onNext(255)) - client-8C6AA2FA99F1->aaa8e91e-0eca-44f4-ad30-66eff97d1642: receive RaftClientReply:client-8C6AA2FA99F1->aaa8e91e-0eca-44f4-ad30-66eff97d1642@group-C455D70D824C, cid=370, SUCCESS, logIndex=456, commits[aaa8e91e-0eca-44f4-ad30-66eff97d1642:c458, f6d593da-3d81-42e7-b927-5f502e16088c:c449, 8d5baa0f-1210-41f1-915f-fdffd8779ee7:c449]
2019-08-23 04:27:22,290 | INFO  | SCMAudit | user=jenkins1000 | ip=192.168.36.77 | op=GET_CONTAINER_WITH_PIPELINE {containerID=#2} | ret=SUCCESS |  
2019-08-23 04:27:22,290 [grpc-default-executor-2] INFO  client.GrpcClientProtocolClient (GrpcClientProtocolClient.java:onNext(255)) - client-8C6AA2FA99F1->aaa8e91e-0eca-44f4-ad30-66eff97d1642: receive RaftClientReply:client-8C6AA2FA99F1->aaa8e91e-0eca-44f4-ad30-66eff97d1642@group-C455D70D824C, cid=371, SUCCESS, logIndex=457, commits[aaa8e91e-0eca-44f4-ad30-66eff97d1642:c458, f6d593da-3d81-42e7-b927-5f502e16088c:c449, 8d5baa0f-1210-41f1-915f-fdffd8779ee7:c449]
2019-08-23 04:27:22,290 | INFO  | DNAudit | user=null | ip=null | op=WRITE_CHUNK {blockData=conID: 3 locID: 102664401208606913 bcsId: 0} | ret=SUCCESS |  
2019-08-23 04:27:22,290 [grpc-default-executor-2] INFO  client.GrpcClientProtocolClient (GrpcClientProtocolClient.java:onNext(255)) - client-8C6AA2FA99F1->aaa8e91e-0eca-44f4-ad30-66eff97d1642: receive RaftClientReply:client-8C6AA2FA99F1->aaa8e91e-0eca-44f4-ad30-66eff97d1642@group-C455D70D824C, cid=372, SUCCESS, logIndex=458, commits[aaa8e91e-0eca-44f4-ad30-66eff97d1642:c458, f6d593da-3d81-42e7-b927-5f502e16088c:c449, 8d5baa0f-1210-41f1-915f-fdffd8779ee7:c449]
2019-08-23 04:27:22,290 | INFO  | OMAudit | user=jenkins1000 | ip=127.0.0.1 | op=READ_KEY {volume=vol-0-42659, bucket=bucket-2-77083, key=key-8-13173, dataSize=0, replicationType=null, replicationFactor=null, keyLocationInfo=null} | ret=SUCCESS |  
2019-08-23 04:27:22,291 | INFO  | DNAudit | user=null | ip=null | op=WRITE_CHUNK {blockData=conID: 2 locID: 102664401208606915 bcsId: 0} | ret=SUCCESS |  
2019-08-23 04:27:22,291 | INFO  | DNAudit | user=null | ip=null | op=WRITE_CHUNK {blockData=conID: 3 locID: 102664401208606913 bcsId: 0} | ret=SUCCESS |  
2019-08-23 04:27:22,291 | INFO  | DNAudit | user=null | ip=null | op=WRITE_CHUNK {blockData=conID: 3 locID: 102664401208606913 bcsId: 0} | ret=SUCCESS |  
2019-08-23 04:27:22,292 | INFO  | DNAudit | user=null | ip=null | op=WRITE_CHUNK {blockData=conID: 2 locID: 102664401208606915 bcsId: 0} | ret=SUCCESS |  
2019-08-23 04:27:22,292 | INFO  | DNAudit | user=null | ip=null | op=WRITE_CHUNK {blockData=conID: 2 locID: 102664401208606915 bcsId: 0} | ret=SUCCESS |  
2019-08-23 04:27:22,293 | INFO  | DNAudit | user=null | ip=null | op=WRITE_CHUNK {blockData=conID: 1 locID: 102664401191436475 bcsId: 0} | ret=SUCCESS |  
2019-08-23 04:27:22,293 | INFO  | DNAudit | user=null | ip=null | op=WRITE_CHUNK {blockData=conID: 1 locID: 102664401191436475 bcsId: 0} | ret=SUCCESS |  
2019-08-23 04:27:22,294 | INFO  | DNAudit | user=null | ip=null | op=GET_BLOCK {blockData=conID: 2 locID: 102664400867688629 bcsId: 446} | ret=SUCCESS |  
2019-08-23 04:27:22,294 | INFO  | DNAudit | user=null | ip=null | op=WRITE_CHUNK {blockData=conID: 2 locID: 102664401191436477 bcsId: 0} | ret=SUCCESS |  
2019-08-23 04:27:22,295 | INFO  | DNAudit | user=null | ip=null | op=WRITE_CHUNK {blockData=conID: 1 locID: 102664401191436476 bcsId: 0} | ret=SUCCESS |  
2019-08-23 04:27:22,295 | INFO  | DNAudit | user=null | ip=null | op=WRITE_CHUNK {blockData=conID: 2 locID: 102664401191436477 bcsId: 0} | ret=SUCCESS |  
2019-08-23 04:27:22,296 | INFO  | DNAudit | user=null | ip=null | op=PUT_BLOCK {blockData=[blockId=conID: 1 locID: 102664401191436475 bcsId: 0,size=10240]} | ret=SUCCESS |  
2019-08-23 04:27:22,296 | INFO  | DNAudit | user=null | ip=null | op=PUT_BLOCK {blockData=[blockId=conID: 2 locID: 102664401191436477 bcsId: 0,size=10240]} | ret=SUCCESS |  
2019-08-23 04:27:22,296 | INFO  | DNAudit | user=null | ip=null | op=WRITE_CHUNK {blockData=conID: 1 locID: 102664401191436476 bcsId: 0} | ret=SUCCESS |  
2019-08-23 04:27:22,296 | INFO  | DNAudit | user=null | ip=null | op=WRITE_CHUNK {blockData=conID: 3 locID: 102664401191436474 bcsId: 0} | ret=SUCCESS |  
2019-08-23 04:27:22,297 | INFO  | DNAudit | user=null | ip=null | op=PUT_BLOCK {blockData=[blockId=conID: 1 locID: 102664401191436476 bcsId: 0,size=10240]} | ret=SUCCESS |  
2019-08-23 04:27:22,297 | INFO  | DNAudit | user=null | ip=null | op=WRITE_CHUNK {blockData=conID: 3 locID: 102664401191436474 bcsId: 0} | ret=SUCCESS |  
2019-08-23 04:27:22,297 | INFO  | DNAudit | user=null | ip=null | op=PUT_BLOCK {blockData=[blockId=conID: 3 locID: 102664401191436474 bcsId: 0,size=10240]} | ret=SUCCESS |  
2019-08-23 04:27:22,297 | INFO  | DNAudit | user=null | ip=null | op=PUT_BLOCK {blockData=[blockId=conID: 1 locID: 102664401191436475 bcsId: 0,size=10240]} | ret=SUCCESS |  
2019-08-23 04:27:22,300 | INFO  | DNAudit | user=null | ip=null | op=PUT_BLOCK {blockData=[blockId=conID: 2 locID: 102664401191436477 bcsId: 0,size=10240]} | ret=SUCCESS |  
2019-08-23 04:27:22,301 | INFO  | DNAudit | user=null | ip=null | op=PUT_BLOCK {blockData=[blockId=conID: 3 locID: 102664401191436474 bcsId: 0,size=10240]} | ret=SUCCESS |  
2019-08-23 04:27:22,302 | INFO  | DNAudit | user=null | ip=null | op=PUT_BLOCK {blockData=[blockId=conID: 1 locID: 102664401191436476 bcsId: 0,size=10240]} | ret=SUCCESS |  
2019-08-23 04:27:22,302 | INFO  | DNAudit | user=null | ip=null | op=READ_CHUNK {blockData=conID: 2 locID: 102664400867688629 bcsId: 446} | ret=SUCCESS |  
2019-08-23 04:27:22,303 [grpc-default-executor-1] INFO  client.GrpcClientProtocolClient (GrpcClientProtocolClient.java:onNext(255)) - client-8C6AA2FA99F1->aaa8e91e-0eca-44f4-ad30-66eff97d1642: receive RaftClientReply:client-8C6AA2FA99F1->aaa8e91e-0eca-44f4-ad30-66eff97d1642@group-C455D70D824C, cid=382, SUCCESS, logIndex=0, commits[aaa8e91e-0eca-44f4-ad30-66eff97d1642:c462, f6d593da-3d81-42e7-b927-5f502e16088c:c456, 8d5baa0f-1210-41f1-915f-fdffd8779ee7:c456]
2019-08-23 04:27:22,304 [grpc-default-executor-1] INFO  client.GrpcClientProtocolClient (GrpcClientProtocolClient.java:onNext(255)) - client-8C6AA2FA99F1->aaa8e91e-0eca-44f4-ad30-66eff97d1642: receive RaftClientReply:client-8C6AA2FA99F1->aaa8e91e-0eca-44f4-ad30-66eff97d1642@group-C455D70D824C, cid=383, SUCCESS, logIndex=0, commits[aaa8e91e-0eca-44f4-ad30-66eff97d1642:c462, f6d593da-3d81-42e7-b927-5f502e16088c:c456, 8d5baa0f-1210-41f1-915f-fdffd8779ee7:c456]
2019-08-23 04:27:22,305 | INFO  | DNAudit | user=null | ip=null | op=WRITE_CHUNK {blockData=conID: 1 locID: 102664401208606914 bcsId: 0} | ret=SUCCESS |  
2019-08-23 04:27:22,305 [grpc-default-executor-5] INFO  client.GrpcClientProtocolClient (GrpcClientProtocolClient.java:onNext(255)) - client-8C6AA2FA99F1->aaa8e91e-0eca-44f4-ad30-66eff97d1642: receive RaftClientReply:client-8C6AA2FA99F1->aaa8e91e-0eca-44f4-ad30-66eff97d1642@group-C455D70D824C, cid=384, SUCCESS, logIndex=0, commits[aaa8e91e-0eca-44f4-ad30-66eff97d1642:c463, f6d593da-3d81-42e7-b927-5f502e16088c:c458, 8d5baa0f-1210-41f1-915f-fdffd8779ee7:c458]
2019-08-23 04:27:22,306 | INFO  | DNAudit | user=null | ip=null | op=WRITE_CHUNK {blockData=conID: 3 locID: 102664401208606913 bcsId: 0} | ret=SUCCESS |  
2019-08-23 04:27:22,306 | INFO  | DNAudit | user=null | ip=null | op=WRITE_CHUNK {blockData=conID: 2 locID: 102664401208606915 bcsId: 0} | ret=SUCCESS |  
2019-08-23 04:27:22,306 [grpc-default-executor-5] INFO  client.GrpcClientProtocolClient (GrpcClientProtocolClient.java:onNext(255)) - client-8C6AA2FA99F1->aaa8e91e-0eca-44f4-ad30-66eff97d1642: receive RaftClientReply:client-8C6AA2FA99F1->aaa8e91e-0eca-44f4-ad30-66eff97d1642@group-C455D70D824C, cid=385, SUCCESS, logIndex=0, commits[aaa8e91e-0eca-44f4-ad30-66eff97d1642:c466, f6d593da-3d81-42e7-b927-5f502e16088c:c458, 8d5baa0f-1210-41f1-915f-fdffd8779ee7:c458]
2019-08-23 04:27:22,306 | INFO  | DNAudit | user=null | ip=null | op=PUT_BLOCK {blockData=[blockId=conID: 1 locID: 102664401208606914 bcsId: 0,size=10240]} | ret=SUCCESS |  
2019-08-23 04:27:22,307 | INFO  | DNAudit | user=null | ip=null | op=PUT_BLOCK {blockData=[blockId=conID: 2 locID: 102664401208606915 bcsId: 0,size=10240]} | ret=SUCCESS |  
2019-08-23 04:27:22,308 [grpc-default-executor-5] INFO  client.GrpcClientProtocolClient (GrpcClientProtocolClient.java:onNext(255)) - client-8C6AA2FA99F1->aaa8e91e-0eca-44f4-ad30-66eff97d1642: receive RaftClientReply:client-8C6AA2FA99F1->aaa8e91e-0eca-44f4-ad30-66eff97d1642@group-C455D70D824C, cid=376, SUCCESS, logIndex=464, commits[aaa8e91e-0eca-44f4-ad30-66eff97d1642:c468, f6d593da-3d81-42e7-b927-5f502e16088c:c458, 8d5baa0f-1210-41f1-915f-fdffd8779ee7:c458]
2019-08-23 04:27:22,309 [grpc-default-executor-5] INFO  client.GrpcClientProtocolClient (GrpcClientProtocolClient.java:onNext(255)) - client-8C6AA2FA99F1->aaa8e91e-0eca-44f4-ad30-66eff97d1642: receive RaftClientReply:client-8C6AA2FA99F1->aaa8e91e-0eca-44f4-ad30-66eff97d1642@group-C455D70D824C, cid=378, SUCCESS, logIndex=465, commits[aaa8e91e-0eca-44f4-ad30-66eff97d1642:c468, f6d593da-3d81-42e7-b927-5f502e16088c:c458, 8d5baa0f-1210-41f1-915f-fdffd8779ee7:c458]
2019-08-23 04:27:22,312 [grpc-default-executor-5] INFO  client.GrpcClientProtocolClient (GrpcClientProtocolClient.java:onNext(255)) - client-8C6AA2FA99F1->aaa8e91e-0eca-44f4-ad30-66eff97d1642: receive RaftClientReply:client-8C6AA2FA99F1->aaa8e91e-0eca-44f4-ad30-66eff97d1642@group-C455D70D824C, cid=377, SUCCESS, logIndex=466, commits[aaa8e91e-0eca-44f4-ad30-66eff97d1642:c468, f6d593da-3d81-42e7-b927-5f502e16088c:c458, 8d5baa0f-1210-41f1-915f-fdffd8779ee7:c458]
2019-08-23 04:27:22,313 [grpc-default-executor-5] INFO  client.GrpcClientProtocolClient (GrpcClientProtocolClient.java:onNext(255)) - client-8C6AA2FA99F1->aaa8e91e-0eca-44f4-ad30-66eff97d1642: receive RaftClientReply:client-8C6AA2FA99F1->aaa8e91e-0eca-44f4-ad30-66eff97d1642@group-C455D70D824C, cid=379, SUCCESS, logIndex=467, commits[aaa8e91e-0eca-44f4-ad30-66eff97d1642:c468, f6d593da-3d81-42e7-b927-5f502e16088c:c458, 8d5baa0f-1210-41f1-915f-fdffd8779ee7:c458]
2019-08-23 04:27:22,313 | INFO  | DNAudit | user=null | ip=null | op=PUT_BLOCK {blockData=[blockId=conID: 3 locID: 102664401208606913 bcsId: 0,size=10240]} | ret=SUCCESS |  
2019-08-23 04:27:22,314 | INFO  | DNAudit | user=null | ip=null | op=WRITE_CHUNK {blockData=conID: 1 locID: 102664401208606914 bcsId: 0} | ret=SUCCESS |  
2019-08-23 04:27:22,314 [grpc-default-executor-5] INFO  client.GrpcClientProtocolClient (GrpcClientProtocolClient.java:onNext(255)) - client-8C6AA2FA99F1->aaa8e91e-0eca-44f4-ad30-66eff97d1642: receive RaftClientReply:client-8C6AA2FA99F1->aaa8e91e-0eca-44f4-ad30-66eff97d1642@group-C455D70D824C, cid=381, SUCCESS, logIndex=468, commits[aaa8e91e-0eca-44f4-ad30-66eff97d1642:c468, f6d593da-3d81-42e7-b927-5f502e16088c:c458, 8d5baa0f-1210-41f1-915f-fdffd8779ee7:c458]
2019-08-23 04:27:22,314 | INFO  | DNAudit | user=null | ip=null | op=PUT_BLOCK {blockData=[blockId=conID: 1 locID: 102664401208606914 bcsId: 0,size=10240]} | ret=SUCCESS |  
2019-08-23 04:27:22,315 | INFO  | SCMAudit | user=jenkins1000 | ip=192.168.36.77 | op=GET_CONTAINER_WITH_PIPELINE {containerID=#1} | ret=SUCCESS |  
2019-08-23 04:27:22,315 | INFO  | DNAudit | user=null | ip=null | op=WRITE_CHUNK {blockData=conID: 2 locID: 102664401208606915 bcsId: 0} | ret=SUCCESS |  
2019-08-23 04:27:22,315 | INFO  | DNAudit | user=null | ip=null | op=WRITE_CHUNK {blockData=conID: 3 locID: 102664401208606913 bcsId: 0} | ret=SUCCESS |  
2019-08-23 04:27:22,315 | INFO  | OMAudit | user=jenkins1000 | ip=127.0.0.1 | op=COMMIT_KEY {volume=vol-1-20205, bucket=bucket-3-54341, key=key-8-93633, dataSize=10240, replicationType=null, replicationFactor=null, keyLocationInfo=[{blockID={containerID=2, localID=102664401191436477}, length=10240, offset=0, token=null, pipeline=Pipeline[ Id: 66543a4c-018c-4a46-974e-c455d70d824c, Nodes: f6d593da-3d81-42e7-b927-5f502e16088c{ip: 192.168.36.77, host: pr-hdds-2000-5mb45-3533150274, networkLocation: /default-rack, certSerialId: null}8d5baa0f-1210-41f1-915f-fdffd8779ee7{ip: 192.168.36.77, host: pr-hdds-2000-5mb45-3533150274, networkLocation: /default-rack, certSerialId: null}aaa8e91e-0eca-44f4-ad30-66eff97d1642{ip: 192.168.36.77, host: pr-hdds-2000-5mb45-3533150274, networkLocation: /default-rack, certSerialId: null}, Type:RATIS, Factor:THREE, State:OPEN], createVersion=0}], clientID=102664401191239865} | ret=SUCCESS |  
2019-08-23 04:27:22,315 | INFO  | OMAudit | user=jenkins1000 | ip=127.0.0.1 | op=COMMIT_KEY {volume=vol-0-42659, bucket=bucket-3-42268, key=key-8-22149, dataSize=10240, replicationType=null, replicationFactor=null, keyLocationInfo=[{blockID={containerID=3, localID=102664401191436474}, length=10240, offset=0, token=null, pipeline=Pipeline[ Id: 66543a4c-018c-4a46-974e-c455d70d824c, Nodes: f6d593da-3d81-42e7-b927-5f502e16088c{ip: 192.168.36.77, host: pr-hdds-2000-5mb45-3533150274, networkLocation: /default-rack, certSerialId: null}8d5baa0f-1210-41f1-915f-fdffd8779ee7{ip: 192.168.36.77, host: pr-hdds-2000-5mb45-3533150274, networkLocation: /default-rack, certSerialId: null}aaa8e91e-0eca-44f4-ad30-66eff97d1642{ip: 192.168.36.77, host: pr-hdds-2000-5mb45-3533150274, networkLocation: /default-rack, certSerialId: null}, Type:RATIS, Factor:THREE, State:OPEN], createVersion=0}], clientID=102664401191239864} | ret=SUCCESS |  
2019-08-23 04:27:22,315 | INFO  | OMAudit | user=jenkins1000 | ip=127.0.0.1 | op=COMMIT_KEY {volume=vol-0-42659, bucket=bucket-4-88694, key=key-8-54879, dataSize=10240, replicationType=null, replicationFactor=null, keyLocationInfo=[{blockID={containerID=1, localID=102664401191436475}, length=10240, offset=0, token=null, pipeline=Pipeline[ Id: 66543a4c-018c-4a46-974e-c455d70d824c, Nodes: f6d593da-3d81-42e7-b927-5f502e16088c{ip: 192.168.36.77, host: pr-hdds-2000-5mb45-3533150274, networkLocation: /default-rack, certSerialId: null}8d5baa0f-1210-41f1-915f-fdffd8779ee7{ip: 192.168.36.77, host: pr-hdds-2000-5mb45-3533150274, networkLocation: /default-rack, certSerialId: null}aaa8e91e-0eca-44f4-ad30-66eff97d1642{ip: 192.168.36.77, host: pr-hdds-2000-5mb45-3533150274, networkLocation: /default-rack, certSerialId: null}, Type:RATIS, Factor:THREE, State:OPEN], createVersion=0}], clientID=102664401191239862} | ret=SUCCESS |  
2019-08-23 04:27:22,315 | INFO  | OMAudit | user=jenkins1000 | ip=127.0.0.1 | op=COMMIT_KEY {volume=vol-1-20205, bucket=bucket-2-67835, key=key-8-89839, dataSize=10240, replicationType=null, replicationFactor=null, keyLocationInfo=[{blockID={containerID=1, localID=102664401191436476}, length=10240, offset=0, token=null, pipeline=Pipeline[ Id: 66543a4c-018c-4a46-974e-c455d70d824c, Nodes: f6d593da-3d81-42e7-b927-5f502e16088c{ip: 192.168.36.77, host: pr-hdds-2000-5mb45-3533150274, networkLocation: /default-rack, certSerialId: null}8d5baa0f-1210-41f1-915f-fdffd8779ee7{ip: 192.168.36.77, host: pr-hdds-2000-5mb45-3533150274, networkLocation: /default-rack, certSerialId: null}aaa8e91e-0eca-44f4-ad30-66eff97d1642{ip: 192.168.36.77, host: pr-hdds-2000-5mb45-3533150274, networkLocation: /default-rack, certSerialId: null}, Type:RATIS, Factor:THREE, State:OPEN], createVersion=0}], clientID=102664401191239863} | ret=SUCCESS |  
2019-08-23 04:27:22,315 | INFO  | DNAudit | user=null | ip=null | op=PUT_BLOCK {blockData=[blockId=conID: 2 locID: 102664401208606915 bcsId: 0,size=10240]} | ret=SUCCESS |  
2019-08-23 04:27:22,315 [grpc-default-executor-5] INFO  client.GrpcClientProtocolClient (GrpcClientProtocolClient.java:onNext(255)) - client-8C6AA2FA99F1->aaa8e91e-0eca-44f4-ad30-66eff97d1642: receive RaftClientReply:client-8C6AA2FA99F1->aaa8e91e-0eca-44f4-ad30-66eff97d1642@group-C455D70D824C, cid=380, SUCCESS, logIndex=469, commits[aaa8e91e-0eca-44f4-ad30-66eff97d1642:c469, f6d593da-3d81-42e7-b927-5f502e16088c:c458, 8d5baa0f-1210-41f1-915f-fdffd8779ee7:c458]
2019-08-23 04:27:22,316 | INFO  | OMAudit | user=jenkins1000 | ip=127.0.0.1 | op=READ_KEY {volume=vol-0-42659, bucket=bucket-1-34712, key=key-8-87523, dataSize=0, replicationType=null, replicationFactor=null, keyLocationInfo=null} | ret=SUCCESS |  
2019-08-23 04:27:22,320 | INFO  | SCMAudit | user=jenkins1000 | ip=192.168.36.77 | op=ALLOCATE_BLOCK {owner=0ede6294-5fd7-421b-8eb7-9656e082115f, size=4194304, type=RATIS, factor=THREE} | ret=SUCCESS |  
2019-08-23 04:27:22,320 | INFO  | SCMAudit | user=jenkins1000 | ip=192.168.36.77 | op=ALLOCATE_BLOCK {owner=0ede6294-5fd7-421b-8eb7-9656e082115f, size=4194304, type=RATIS, factor=THREE} | ret=SUCCESS |  
2019-08-23 04:27:22,320 | INFO  | SCMAudit | user=jenkins1000 | ip=192.168.36.77 | op=ALLOCATE_BLOCK {owner=0ede6294-5fd7-421b-8eb7-9656e082115f, size=4194304, type=RATIS, factor=THREE} | ret=SUCCESS |  
2019-08-23 04:27:22,320 | INFO  | SCMAudit | user=jenkins1000 | ip=192.168.36.77 | op=ALLOCATE_BLOCK {owner=0ede6294-5fd7-421b-8eb7-9656e082115f, size=4194304, type=RATIS, factor=THREE} | ret=SUCCESS |  
2019-08-23 04:27:22,321 | INFO  | DNAudit | user=null | ip=null | op=GET_BLOCK {blockData=conID: 1 locID: 102664400867623091 bcsId: 447} | ret=SUCCESS |  
2019-08-23 04:27:22,321 | INFO  | OMAudit | user=jenkins1000 | ip=127.0.0.1 | op=ALLOCATE_KEY {volume=vol-0-42659, bucket=bucket-1-34712, key=key-9-28474, dataSize=10240, replicationType=RATIS, replicationFactor=THREE, keyLocationInfo=null} | ret=SUCCESS |  
2019-08-23 04:27:22,321 | INFO  | OMAudit | user=jenkins1000 | ip=127.0.0.1 | op=ALLOCATE_KEY {volume=vol-1-20205, bucket=bucket-2-67835, key=key-9-17172, dataSize=10240, replicationType=RATIS, replicationFactor=THREE, keyLocationInfo=null} | ret=SUCCESS |  
2019-08-23 04:27:22,321 | INFO  | OMAudit | user=jenkins1000 | ip=127.0.0.1 | op=ALLOCATE_KEY {volume=vol-0-42659, bucket=bucket-2-77083, key=key-9-28165, dataSize=10240, replicationType=RATIS, replicationFactor=THREE, keyLocationInfo=null} | ret=SUCCESS |  
2019-08-23 04:27:22,321 | INFO  | OMAudit | user=jenkins1000 | ip=127.0.0.1 | op=ALLOCATE_KEY {volume=vol-1-20205, bucket=bucket-1-61988, key=key-9-05859, dataSize=10240, replicationType=RATIS, replicationFactor=THREE, keyLocationInfo=null} | ret=SUCCESS |  
2019-08-23 04:27:22,324 | INFO  | DNAudit | user=null | ip=null | op=READ_CHUNK {blockData=conID: 1 locID: 102664400867623091 bcsId: 447} | ret=SUCCESS |  
2019-08-23 04:27:22,324 | INFO  | DNAudit | user=null | ip=null | op=WRITE_CHUNK {blockData=conID: 1 locID: 102664401208606914 bcsId: 0} | ret=SUCCESS |  
2019-08-23 04:27:22,325 | INFO  | DNAudit | user=null | ip=null | op=WRITE_CHUNK {blockData=conID: 2 locID: 102664401208606915 bcsId: 0} | ret=SUCCESS |  
2019-08-23 04:27:22,325 | INFO  | DNAudit | user=null | ip=null | op=PUT_BLOCK {blockData=[blockId=conID: 3 locID: 102664401208606913 bcsId: 0,size=10240]} | ret=SUCCESS |  
2019-08-23 04:27:22,325 | INFO  | DNAudit | user=null | ip=null | op=WRITE_CHUNK {blockData=conID: 3 locID: 102664401208606913 bcsId: 0} | ret=SUCCESS |  
2019-08-23 04:27:22,325 | INFO  | DNAudit | user=null | ip=null | op=PUT_BLOCK {blockData=[blockId=conID: 1 locID: 102664401208606914 bcsId: 0,size=10240]} | ret=SUCCESS |  
2019-08-23 04:27:22,325 | INFO  | DNAudit | user=null | ip=null | op=PUT_BLOCK {blockData=[blockId=conID: 2 locID: 102664401208606915 bcsId: 0,size=10240]} | ret=SUCCESS |  
2019-08-23 04:27:22,325 | INFO  | DNAudit | user=null | ip=null | op=PUT_BLOCK {blockData=[blockId=conID: 3 locID: 102664401208606913 bcsId: 0,size=10240]} | ret=SUCCESS |  
2019-08-23 04:27:22,326 | INFO  | DNAudit | user=null | ip=null | op=WRITE_CHUNK {blockData=conID: 3 locID: 102664401211883720 bcsId: 0} | ret=SUCCESS |  
2019-08-23 04:27:22,326 | INFO  | SCMAudit | user=jenkins1000 | ip=192.168.36.77 | op=GET_CONTAINER_WITH_PIPELINE {containerID=#2} | ret=SUCCESS |  
2019-08-23 04:27:22,326 [grpc-default-executor-6] INFO  client.GrpcClientProtocolClient (GrpcClientProtocolClient.java:onNext(255)) - client-8C6AA2FA99F1->aaa8e91e-0eca-44f4-ad30-66eff97d1642: receive RaftClientReply:client-8C6AA2FA99F1->aaa8e91e-0eca-44f4-ad30-66eff97d1642@group-C455D70D824C, cid=386, SUCCESS, logIndex=0, commits[aaa8e91e-0eca-44f4-ad30-66eff97d1642:c471, f6d593da-3d81-42e7-b927-5f502e16088c:c468, 8d5baa0f-1210-41f1-915f-fdffd8779ee7:c468]
2019-08-23 04:27:22,327 | INFO  | DNAudit | user=null | ip=null | op=WRITE_CHUNK {blockData=conID: 3 locID: 102664401211883720 bcsId: 0} | ret=SUCCESS |  
2019-08-23 04:27:22,327 | INFO  | DNAudit | user=null | ip=null | op=WRITE_CHUNK {blockData=conID: 2 locID: 102664401211883723 bcsId: 0} | ret=SUCCESS |  
2019-08-23 04:27:22,327 | INFO  | DNAudit | user=null | ip=null | op=WRITE_CHUNK {blockData=conID: 3 locID: 102664401211883720 bcsId: 0} | ret=SUCCESS |  
2019-08-23 04:27:22,327 | INFO  | OMAudit | user=jenkins1000 | ip=127.0.0.1 | op=READ_KEY {volume=vol-1-20205, bucket=bucket-3-54341, key=key-8-93633, dataSize=0, replicationType=null, replicationFactor=null, keyLocationInfo=null} | ret=SUCCESS |  
2019-08-23 04:27:22,327 [grpc-default-executor-0] INFO  client.GrpcClientProtocolClient (GrpcClientProtocolClient.java:onNext(255)) - client-8C6AA2FA99F1->aaa8e91e-0eca-44f4-ad30-66eff97d1642: receive RaftClientReply:client-8C6AA2FA99F1->aaa8e91e-0eca-44f4-ad30-66eff97d1642@group-C455D70D824C, cid=387, SUCCESS, logIndex=0, commits[aaa8e91e-0eca-44f4-ad30-66eff97d1642:c471, f6d593da-3d81-42e7-b927-5f502e16088c:c468, 8d5baa0f-1210-41f1-915f-fdffd8779ee7:c469]
2019-08-23 04:27:22,328 | INFO  | DNAudit | user=null | ip=null | op=WRITE_CHUNK {blockData=conID: 2 locID: 102664401211883723 bcsId: 0} | ret=SUCCESS |  
2019-08-23 04:27:22,328 [grpc-default-executor-0] INFO  client.GrpcClientProtocolClient (GrpcClientProtocolClient.java:onNext(255)) - client-8C6AA2FA99F1->aaa8e91e-0eca-44f4-ad30-66eff97d1642: receive RaftClientReply:client-8C6AA2FA99F1->aaa8e91e-0eca-44f4-ad30-66eff97d1642@group-C455D70D824C, cid=388, SUCCESS, logIndex=0, commits[aaa8e91e-0eca-44f4-ad30-66eff97d1642:c472, f6d593da-3d81-42e7-b927-5f502e16088c:c469, 8d5baa0f-1210-41f1-915f-fdffd8779ee7:c469]
2019-08-23 04:27:22,328 | INFO  | DNAudit | user=null | ip=null | op=WRITE_CHUNK {blockData=conID: 2 locID: 102664401211883723 bcsId: 0} | ret=SUCCESS |  
2019-08-23 04:27:22,328 | INFO  | DNAudit | user=null | ip=null | op=WRITE_CHUNK {blockData=conID: 3 locID: 102664401211883721 bcsId: 0} | ret=SUCCESS |  
2019-08-23 04:27:22,329 | INFO  | DNAudit | user=null | ip=null | op=WRITE_CHUNK {blockData=conID: 1 locID: 102664401211883722 bcsId: 0} | ret=SUCCESS |  
2019-08-23 04:27:22,329 | INFO  | DNAudit | user=null | ip=null | op=WRITE_CHUNK {blockData=conID: 3 locID: 102664401211883721 bcsId: 0} | ret=SUCCESS |  
2019-08-23 04:27:22,329 | INFO  | DNAudit | user=null | ip=null | op=WRITE_CHUNK {blockData=conID: 3 locID: 102664401211883721 bcsId: 0} | ret=SUCCESS |  
2019-08-23 04:27:22,329 | INFO  | OMAudit | user=jenkins1000 | ip=127.0.0.1 | op=COMMIT_KEY {volume=vol-0-42659, bucket=bucket-0-06613, key=key-9-34841, dataSize=10240, replicationType=null, replicationFactor=null, keyLocationInfo=[{blockID={containerID=1, localID=102664401208606914}, length=10240, offset=0, token=null, pipeline=Pipeline[ Id: 66543a4c-018c-4a46-974e-c455d70d824c, Nodes: f6d593da-3d81-42e7-b927-5f502e16088c{ip: 192.168.36.77, host: pr-hdds-2000-5mb45-3533150274, networkLocation: /default-rack, certSerialId: null}8d5baa0f-1210-41f1-915f-fdffd8779ee7{ip: 192.168.36.77, host: pr-hdds-2000-5mb45-3533150274, networkLocation: /default-rack, certSerialId: null}aaa8e91e-0eca-44f4-ad30-66eff97d1642{ip: 192.168.36.77, host: pr-hdds-2000-5mb45-3533150274, networkLocation: /default-rack, certSerialId: null}, Type:RATIS, Factor:THREE, State:OPEN], createVersion=0}], clientID=102664401208475838} | ret=SUCCESS |  
2019-08-23 04:27:22,330 | INFO  | OMAudit | user=jenkins1000 | ip=127.0.0.1 | op=COMMIT_KEY {volume=vol-1-20205, bucket=bucket-4-54813, key=key-8-49358, dataSize=10240, replicationType=null, replicationFactor=null, keyLocationInfo=[{blockID={containerID=2, localID=102664401208606915}, length=10240, offset=0, token=null, pipeline=Pipeline[ Id: 66543a4c-018c-4a46-974e-c455d70d824c, Nodes: f6d593da-3d81-42e7-b927-5f502e16088c{ip: 192.168.36.77, host: pr-hdds-2000-5mb45-3533150274, networkLocation: /default-rack, certSerialId: null}8d5baa0f-1210-41f1-915f-fdffd8779ee7{ip: 192.168.36.77, host: pr-hdds-2000-5mb45-3533150274, networkLocation: /default-rack, certSerialId: null}aaa8e91e-0eca-44f4-ad30-66eff97d1642{ip: 192.168.36.77, host: pr-hdds-2000-5mb45-3533150274, networkLocation: /default-rack, certSerialId: null}, Type:RATIS, Factor:THREE, State:OPEN], createVersion=0}], clientID=102664401208541376} | ret=SUCCESS |  
2019-08-23 04:27:22,330 | INFO  | DNAudit | user=null | ip=null | op=WRITE_CHUNK {blockData=conID: 1 locID: 102664401211883722 bcsId: 0} | ret=SUCCESS |  
2019-08-23 04:27:22,330 | INFO  | DNAudit | user=null | ip=null | op=WRITE_CHUNK {blockData=conID: 1 locID: 102664401211883722 bcsId: 0} | ret=SUCCESS |  
2019-08-23 04:27:22,330 | INFO  | DNAudit | user=null | ip=null | op=GET_BLOCK {blockData=conID: 2 locID: 102664401191436477 bcsId: 457} | ret=SUCCESS |  
2019-08-23 04:27:22,331 | INFO  | OMAudit | user=jenkins1000 | ip=127.0.0.1 | op=COMMIT_KEY {volume=vol-1-20205, bucket=bucket-0-84326, key=key-9-02162, dataSize=10240, replicationType=null, replicationFactor=null, keyLocationInfo=[{blockID={containerID=3, localID=102664401208606913}, length=10240, offset=0, token=null, pipeline=Pipeline[ Id: 66543a4c-018c-4a46-974e-c455d70d824c, Nodes: f6d593da-3d81-42e7-b927-5f502e16088c{ip: 192.168.36.77, host: pr-hdds-2000-5mb45-3533150274, networkLocation: /default-rack, certSerialId: null}8d5baa0f-1210-41f1-915f-fdffd8779ee7{ip: 192.168.36.77, host: pr-hdds-2000-5mb45-3533150274, networkLocation: /default-rack, certSerialId: null}aaa8e91e-0eca-44f4-ad30-66eff97d1642{ip: 192.168.36.77, host: pr-hdds-2000-5mb45-3533150274, networkLocation: /default-rack, certSerialId: null}, Type:RATIS, Factor:THREE, State:OPEN], createVersion=0}], clientID=102664401208541375} | ret=SUCCESS |  
2019-08-23 04:27:22,332 | INFO  | SCMAudit | user=jenkins1000 | ip=192.168.36.77 | op=ALLOCATE_BLOCK {owner=0ede6294-5fd7-421b-8eb7-9656e082115f, size=4194304, type=RATIS, factor=THREE} | ret=SUCCESS |  
2019-08-23 04:27:22,332 | INFO  | SCMAudit | user=jenkins1000 | ip=192.168.36.77 | op=ALLOCATE_BLOCK {owner=0ede6294-5fd7-421b-8eb7-9656e082115f, size=4194304, type=RATIS, factor=THREE} | ret=SUCCESS |  
2019-08-23 04:27:22,333 | INFO  | SCMAudit | user=jenkins1000 | ip=192.168.36.77 | op=ALLOCATE_BLOCK {owner=0ede6294-5fd7-421b-8eb7-9656e082115f, size=4194304, type=RATIS, factor=THREE} | ret=SUCCESS |  
2019-08-23 04:27:22,333 | INFO  | DNAudit | user=null | ip=null | op=READ_CHUNK {blockData=conID: 2 locID: 102664401191436477 bcsId: 457} | ret=SUCCESS |  
2019-08-23 04:27:22,333 | INFO  | OMAudit | user=jenkins1000 | ip=127.0.0.1 | op=ALLOCATE_KEY {volume=vol-1-20205, bucket=bucket-3-54341, key=key-9-81900, dataSize=10240, replicationType=RATIS, replicationFactor=THREE, keyLocationInfo=null} | ret=SUCCESS |  
2019-08-23 04:27:22,333 | INFO  | OMAudit | user=jenkins1000 | ip=127.0.0.1 | op=ALLOCATE_KEY {volume=vol-0-42659, bucket=bucket-3-42268, key=key-9-39295, dataSize=10240, replicationType=RATIS, replicationFactor=THREE, keyLocationInfo=null} | ret=SUCCESS |  
2019-08-23 04:27:22,334 | INFO  | OMAudit | user=jenkins1000 | ip=127.0.0.1 | op=ALLOCATE_KEY {volume=vol-0-42659, bucket=bucket-4-88694, key=key-9-60252, dataSize=10240, replicationType=RATIS, replicationFactor=THREE, keyLocationInfo=null} | ret=SUCCESS |  
2019-08-23 04:27:22,335 | INFO  | SCMAudit | user=jenkins1000 | ip=192.168.36.77 | op=GET_CONTAINER_WITH_PIPELINE {containerID=#3} | ret=SUCCESS |  
2019-08-23 04:27:22,336 | INFO  | OMAudit | user=jenkins1000 | ip=127.0.0.1 | op=READ_KEY {volume=vol-0-42659, bucket=bucket-3-42268, key=key-8-22149, dataSize=0, replicationType=null, replicationFactor=null, keyLocationInfo=null} | ret=SUCCESS |  
2019-08-23 04:27:22,336 | INFO  | DNAudit | user=null | ip=null | op=WRITE_CHUNK {blockData=conID: 2 locID: 102664401212735697 bcsId: 0} | ret=SUCCESS |  
2019-08-23 04:27:22,337 | INFO  | DNAudit | user=null | ip=null | op=WRITE_CHUNK {blockData=conID: 3 locID: 102664401212670159 bcsId: 0} | ret=SUCCESS |  
2019-08-23 04:27:22,337 | INFO  | DNAudit | user=null | ip=null | op=WRITE_CHUNK {blockData=conID: 2 locID: 102664401212735697 bcsId: 0} | ret=SUCCESS |  
2019-08-23 04:27:22,337 | INFO  | DNAudit | user=null | ip=null | op=WRITE_CHUNK {blockData=conID: 2 locID: 102664401212735697 bcsId: 0} | ret=SUCCESS |  
2019-08-23 04:27:22,338 | INFO  | DNAudit | user=null | ip=null | op=WRITE_CHUNK {blockData=conID: 1 locID: 102664401212670160 bcsId: 0} | ret=SUCCESS |  
2019-08-23 04:27:22,338 | INFO  | DNAudit | user=null | ip=null | op=WRITE_CHUNK {blockData=conID: 3 locID: 102664401212670159 bcsId: 0} | ret=SUCCESS |  
2019-08-23 04:27:22,338 | INFO  | DNAudit | user=null | ip=null | op=WRITE_CHUNK {blockData=conID: 3 locID: 102664401212670159 bcsId: 0} | ret=SUCCESS |  
2019-08-23 04:27:22,338 | INFO  | DNAudit | user=null | ip=null | op=WRITE_CHUNK {blockData=conID: 1 locID: 102664401212670160 bcsId: 0} | ret=SUCCESS |  
2019-08-23 04:27:22,339 | INFO  | DNAudit | user=null | ip=null | op=WRITE_CHUNK {blockData=conID: 1 locID: 102664401212670160 bcsId: 0} | ret=SUCCESS |  
2019-08-23 04:27:22,339 | INFO  | DNAudit | user=null | ip=null | op=GET_BLOCK {blockData=conID: 3 locID: 102664401191436474 bcsId: 458} | ret=SUCCESS |  
2019-08-23 04:27:22,339 | INFO  | DNAudit | user=null | ip=null | op=WRITE_CHUNK {blockData=conID: 3 locID: 102664401211883720 bcsId: 0} | ret=SUCCESS |  
2019-08-23 04:27:22,340 | INFO  | DNAudit | user=null | ip=null | op=WRITE_CHUNK {blockData=conID: 2 locID: 102664401211883723 bcsId: 0} | ret=SUCCESS |  
2019-08-23 04:27:22,341 | INFO  | DNAudit | user=null | ip=null | op=WRITE_CHUNK {blockData=conID: 3 locID: 102664401211883721 bcsId: 0} | ret=SUCCESS |  
2019-08-23 04:27:22,341 | INFO  | DNAudit | user=null | ip=null | op=WRITE_CHUNK {blockData=conID: 1 locID: 102664401211883722 bcsId: 0} | ret=SUCCESS |  
2019-08-23 04:27:22,341 [grpc-default-executor-2] INFO  client.GrpcClientProtocolClient (GrpcClientProtocolClient.java:onNext(255)) - client-8C6AA2FA99F1->aaa8e91e-0eca-44f4-ad30-66eff97d1642: receive RaftClientReply:client-8C6AA2FA99F1->aaa8e91e-0eca-44f4-ad30-66eff97d1642@group-C455D70D824C, cid=389, SUCCESS, logIndex=473, commits[aaa8e91e-0eca-44f4-ad30-66eff97d1642:c473, f6d593da-3d81-42e7-b927-5f502e16088c:c471, 8d5baa0f-1210-41f1-915f-fdffd8779ee7:c471]
2019-08-23 04:27:22,342 | INFO  | DNAudit | user=null | ip=null | op=READ_CHUNK {blockData=conID: 3 locID: 102664401191436474 bcsId: 458} | ret=SUCCESS |  
2019-08-23 04:27:22,343 | INFO  | DNAudit | user=null | ip=null | op=PUT_BLOCK {blockData=[blockId=conID: 3 locID: 102664401211883721 bcsId: 0,size=10240]} | ret=SUCCESS |  
2019-08-23 04:27:22,343 | INFO  | DNAudit | user=null | ip=null | op=PUT_BLOCK {blockData=[blockId=conID: 2 locID: 102664401211883723 bcsId: 0,size=10240]} | ret=SUCCESS |  
2019-08-23 04:27:22,343 | INFO  | DNAudit | user=null | ip=null | op=PUT_BLOCK {blockData=[blockId=conID: 1 locID: 102664401211883722 bcsId: 0,size=10240]} | ret=SUCCESS |  
2019-08-23 04:27:22,344 | INFO  | DNAudit | user=null | ip=null | op=PUT_BLOCK {blockData=[blockId=conID: 3 locID: 102664401211883720 bcsId: 0,size=10240]} | ret=SUCCESS |  
2019-08-23 04:27:22,343 [grpc-default-executor-5] INFO  client.GrpcClientProtocolClient (GrpcClientProtocolClient.java:onNext(255)) - client-8C6AA2FA99F1->aaa8e91e-0eca-44f4-ad30-66eff97d1642: receive RaftClientReply:client-8C6AA2FA99F1->aaa8e91e-0eca-44f4-ad30-66eff97d1642@group-C455D70D824C, cid=392, SUCCESS, logIndex=474, commits[aaa8e91e-0eca-44f4-ad30-66eff97d1642:c477, f6d593da-3d81-42e7-b927-5f502e16088c:c471, 8d5baa0f-1210-41f1-915f-fdffd8779ee7:c472]
2019-08-23 04:27:22,344 | INFO  | DNAudit | user=null | ip=null | op=WRITE_CHUNK {blockData=conID: 2 locID: 102664401212735697 bcsId: 0} | ret=SUCCESS |  
2019-08-23 04:27:22,344 | INFO  | DNAudit | user=null | ip=null | op=WRITE_CHUNK {blockData=conID: 3 locID: 102664401211883720 bcsId: 0} | ret=SUCCESS |  
2019-08-23 04:27:22,344 | INFO  | SCMAudit | user=jenkins1000 | ip=192.168.36.77 | op=GET_CONTAINER_WITH_PIPELINE {containerID=#1} | ret=SUCCESS |  
2019-08-23 04:27:22,345 [grpc-default-executor-1] INFO  client.GrpcClientProtocolClient (GrpcClientProtocolClient.java:onNext(255)) - client-8C6AA2FA99F1->aaa8e91e-0eca-44f4-ad30-66eff97d1642: receive RaftClientReply:client-8C6AA2FA99F1->aaa8e91e-0eca-44f4-ad30-66eff97d1642@group-C455D70D824C, cid=391, SUCCESS, logIndex=475, commits[aaa8e91e-0eca-44f4-ad30-66eff97d1642:c477, f6d593da-3d81-42e7-b927-5f502e16088c:c471, 8d5baa0f-1210-41f1-915f-fdffd8779ee7:c472]
2019-08-23 04:27:22,345 | INFO  | OMAudit | user=jenkins1000 | ip=127.0.0.1 | op=READ_KEY {volume=vol-0-42659, bucket=bucket-4-88694, key=key-8-54879, dataSize=0, replicationType=null, replicationFactor=null, keyLocationInfo=null} | ret=SUCCESS |  
2019-08-23 04:27:22,346 | INFO  | DNAudit | user=null | ip=null | op=WRITE_CHUNK {blockData=conID: 3 locID: 102664401212670159 bcsId: 0} | ret=SUCCESS |  
2019-08-23 04:27:22,346 | INFO  | DNAudit | user=null | ip=null | op=WRITE_CHUNK {blockData=conID: 2 locID: 102664401211883723 bcsId: 0} | ret=SUCCESS |  
2019-08-23 04:27:22,346 | INFO  | DNAudit | user=null | ip=null | op=PUT_BLOCK {blockData=[blockId=conID: 2 locID: 102664401212735697 bcsId: 0,size=10240]} | ret=SUCCESS |  
2019-08-23 04:27:22,346 [grpc-default-executor-1] INFO  client.GrpcClientProtocolClient (GrpcClientProtocolClient.java:onNext(255)) - client-8C6AA2FA99F1->aaa8e91e-0eca-44f4-ad30-66eff97d1642: receive RaftClientReply:client-8C6AA2FA99F1->aaa8e91e-0eca-44f4-ad30-66eff97d1642@group-C455D70D824C, cid=390, SUCCESS, logIndex=476, commits[aaa8e91e-0eca-44f4-ad30-66eff97d1642:c477, f6d593da-3d81-42e7-b927-5f502e16088c:c472, 8d5baa0f-1210-41f1-915f-fdffd8779ee7:c472]
2019-08-23 04:27:22,346 | INFO  | DNAudit | user=null | ip=null | op=WRITE_CHUNK {blockData=conID: 1 locID: 102664401212670160 bcsId: 0} | ret=SUCCESS |  
2019-08-23 04:27:22,346 | INFO  | DNAudit | user=null | ip=null | op=WRITE_CHUNK {blockData=conID: 3 locID: 102664401211883721 bcsId: 0} | ret=SUCCESS |  
2019-08-23 04:27:22,346 | INFO  | DNAudit | user=null | ip=null | op=WRITE_CHUNK {blockData=conID: 1 locID: 102664401211883722 bcsId: 0} | ret=SUCCESS |  
2019-08-23 04:27:22,346 | INFO  | DNAudit | user=null | ip=null | op=PUT_BLOCK {blockData=[blockId=conID: 3 locID: 102664401212670159 bcsId: 0,size=10240]} | ret=SUCCESS |  
2019-08-23 04:27:22,346 | INFO  | DNAudit | user=null | ip=null | op=PUT_BLOCK {blockData=[blockId=conID: 3 locID: 102664401211883721 bcsId: 0,size=10240]} | ret=SUCCESS |  
2019-08-23 04:27:22,347 | INFO  | DNAudit | user=null | ip=null | op=PUT_BLOCK {blockData=[blockId=conID: 1 locID: 102664401212670160 bcsId: 0,size=10240]} | ret=SUCCESS |  
2019-08-23 04:27:22,347 [grpc-default-executor-1] INFO  client.GrpcClientProtocolClient (GrpcClientProtocolClient.java:onNext(255)) - client-8C6AA2FA99F1->aaa8e91e-0eca-44f4-ad30-66eff97d1642: receive RaftClientReply:client-8C6AA2FA99F1->aaa8e91e-0eca-44f4-ad30-66eff97d1642@group-C455D70D824C, cid=395, SUCCESS, logIndex=477, commits[aaa8e91e-0eca-44f4-ad30-66eff97d1642:c481, f6d593da-3d81-42e7-b927-5f502e16088c:c472, 8d5baa0f-1210-41f1-915f-fdffd8779ee7:c472]
2019-08-23 04:27:22,347 [grpc-default-executor-1] INFO  client.GrpcClientProtocolClient (GrpcClientProtocolClient.java:onNext(255)) - client-8C6AA2FA99F1->aaa8e91e-0eca-44f4-ad30-66eff97d1642: receive RaftClientReply:client-8C6AA2FA99F1->aaa8e91e-0eca-44f4-ad30-66eff97d1642@group-C455D70D824C, cid=394, SUCCESS, logIndex=478, commits[aaa8e91e-0eca-44f4-ad30-66eff97d1642:c481, f6d593da-3d81-42e7-b927-5f502e16088c:c472, 8d5baa0f-1210-41f1-915f-fdffd8779ee7:c472]
2019-08-23 04:27:22,348 [grpc-default-executor-1] INFO  client.GrpcClientProtocolClient (GrpcClientProtocolClient.java:onNext(255)) - client-8C6AA2FA99F1->aaa8e91e-0eca-44f4-ad30-66eff97d1642: receive RaftClientReply:client-8C6AA2FA99F1->aaa8e91e-0eca-44f4-ad30-66eff97d1642@group-C455D70D824C, cid=393, SUCCESS, logIndex=479, commits[aaa8e91e-0eca-44f4-ad30-66eff97d1642:c481, f6d593da-3d81-42e7-b927-5f502e16088c:c472, 8d5baa0f-1210-41f1-915f-fdffd8779ee7:c472]
2019-08-23 04:27:22,348 [grpc-default-executor-2] INFO  client.GrpcClientProtocolClient (GrpcClientProtocolClient.java:onNext(255)) - client-8C6AA2FA99F1->aaa8e91e-0eca-44f4-ad30-66eff97d1642: receive RaftClientReply:client-8C6AA2FA99F1->aaa8e91e-0eca-44f4-ad30-66eff97d1642@group-C455D70D824C, cid=396, SUCCESS, logIndex=480, commits[aaa8e91e-0eca-44f4-ad30-66eff97d1642:c481, f6d593da-3d81-42e7-b927-5f502e16088c:c472, 8d5baa0f-1210-41f1-915f-fdffd8779ee7:c472]
2019-08-23 04:27:22,348 | INFO  | DNAudit | user=null | ip=null | op=GET_BLOCK {blockData=conID: 1 locID: 102664401191436475 bcsId: 455} | ret=SUCCESS |  
2019-08-23 04:27:22,348 [grpc-default-executor-2] INFO  client.GrpcClientProtocolClient (GrpcClientProtocolClient.java:onNext(255)) - client-8C6AA2FA99F1->aaa8e91e-0eca-44f4-ad30-66eff97d1642: receive RaftClientReply:client-8C6AA2FA99F1->aaa8e91e-0eca-44f4-ad30-66eff97d1642@group-C455D70D824C, cid=397, SUCCESS, logIndex=481, commits[aaa8e91e-0eca-44f4-ad30-66eff97d1642:c481, f6d593da-3d81-42e7-b927-5f502e16088c:c472, 8d5baa0f-1210-41f1-915f-fdffd8779ee7:c472]
2019-08-23 04:27:22,349 [grpc-default-executor-1] INFO  client.GrpcClientProtocolClient (GrpcClientProtocolClient.java:onNext(255)) - client-8C6AA2FA99F1->aaa8e91e-0eca-44f4-ad30-66eff97d1642: receive RaftClientReply:client-8C6AA2FA99F1->aaa8e91e-0eca-44f4-ad30-66eff97d1642@group-C455D70D824C, cid=399, SUCCESS, logIndex=482, commits[aaa8e91e-0eca-44f4-ad30-66eff97d1642:c487, f6d593da-3d81-42e7-b927-5f502e16088c:c472, 8d5baa0f-1210-41f1-915f-fdffd8779ee7:c473]
2019-08-23 04:27:22,349 [grpc-default-executor-1] INFO  client.GrpcClientProtocolClient (GrpcClientProtocolClient.java:onNext(255)) - client-8C6AA2FA99F1->aaa8e91e-0eca-44f4-ad30-66eff97d1642: receive RaftClientReply:client-8C6AA2FA99F1->aaa8e91e-0eca-44f4-ad30-66eff97d1642@group-C455D70D824C, cid=400, SUCCESS, logIndex=483, commits[aaa8e91e-0eca-44f4-ad30-66eff97d1642:c487, f6d593da-3d81-42e7-b927-5f502e16088c:c472, 8d5baa0f-1210-41f1-915f-fdffd8779ee7:c473]
2019-08-23 04:27:22,350 [grpc-default-executor-1] INFO  client.GrpcClientProtocolClient (GrpcClientProtocolClient.java:onNext(255)) - client-8C6AA2FA99F1->aaa8e91e-0eca-44f4-ad30-66eff97d1642: receive RaftClientReply:client-8C6AA2FA99F1->aaa8e91e-0eca-44f4-ad30-66eff97d1642@group-C455D70D824C, cid=398, SUCCESS, logIndex=484, commits[aaa8e91e-0eca-44f4-ad30-66eff97d1642:c487, f6d593da-3d81-42e7-b927-5f502e16088c:c472, 8d5baa0f-1210-41f1-915f-fdffd8779ee7:c476]
2019-08-23 04:27:22,350 | INFO  | DNAudit | user=null | ip=null | op=READ_CHUNK {blockData=conID: 1 locID: 102664401191436475 bcsId: 455} | ret=SUCCESS |  
2019-08-23 04:27:22,350 [grpc-default-executor-2] INFO  client.GrpcClientProtocolClient (GrpcClientProtocolClient.java:onNext(255)) - client-8C6AA2FA99F1->aaa8e91e-0eca-44f4-ad30-66eff97d1642: receive RaftClientReply:client-8C6AA2FA99F1->aaa8e91e-0eca-44f4-ad30-66eff97d1642@group-C455D70D824C, cid=401, SUCCESS, logIndex=485, commits[aaa8e91e-0eca-44f4-ad30-66eff97d1642:c488, f6d593da-3d81-42e7-b927-5f502e16088c:c472, 8d5baa0f-1210-41f1-915f-fdffd8779ee7:c477]
2019-08-23 04:27:22,351 [grpc-default-executor-2] INFO  client.GrpcClientProtocolClient (GrpcClientProtocolClient.java:onNext(255)) - client-8C6AA2FA99F1->aaa8e91e-0eca-44f4-ad30-66eff97d1642: receive RaftClientReply:client-8C6AA2FA99F1->aaa8e91e-0eca-44f4-ad30-66eff97d1642@group-C455D70D824C, cid=402, SUCCESS, logIndex=487, commits[aaa8e91e-0eca-44f4-ad30-66eff97d1642:c490, f6d593da-3d81-42e7-b927-5f502e16088c:c472, 8d5baa0f-1210-41f1-915f-fdffd8779ee7:c477]
2019-08-23 04:27:22,352 | INFO  | SCMAudit | user=jenkins1000 | ip=192.168.36.77 | op=GET_CONTAINER_WITH_PIPELINE {containerID=#1} | ret=SUCCESS |  
2019-08-23 04:27:22,353 | INFO  | OMAudit | user=jenkins1000 | ip=127.0.0.1 | op=READ_KEY {volume=vol-1-20205, bucket=bucket-2-67835, key=key-8-89839, dataSize=0, replicationType=null, replicationFactor=null, keyLocationInfo=null} | ret=SUCCESS |  
2019-08-23 04:27:22,355 | INFO  | DNAudit | user=null | ip=null | op=WRITE_CHUNK {blockData=conID: 3 locID: 102664401211883720 bcsId: 0} | ret=SUCCESS |  
2019-08-23 04:27:22,355 | INFO  | DNAudit | user=null | ip=null | op=GET_BLOCK {blockData=conID: 1 locID: 102664401191436476 bcsId: 456} | ret=SUCCESS |  
2019-08-23 04:27:22,355 | INFO  | DNAudit | user=null | ip=null | op=WRITE_CHUNK {blockData=conID: 2 locID: 102664401211883723 bcsId: 0} | ret=SUCCESS |  
2019-08-23 04:27:22,355 | INFO  | DNAudit | user=null | ip=null | op=WRITE_CHUNK {blockData=conID: 3 locID: 102664401211883721 bcsId: 0} | ret=SUCCESS |  
2019-08-23 04:27:22,355 | INFO  | DNAudit | user=null | ip=null | op=WRITE_CHUNK {blockData=conID: 1 locID: 102664401211883722 bcsId: 0} | ret=SUCCESS |  
2019-08-23 04:27:22,355 | INFO  | DNAudit | user=null | ip=null | op=PUT_BLOCK {blockData=[blockId=conID: 2 locID: 102664401211883723 bcsId: 0,size=10240]} | ret=SUCCESS |  
2019-08-23 04:27:22,355 | INFO  | DNAudit | user=null | ip=null | op=PUT_BLOCK {blockData=[blockId=conID: 3 locID: 102664401211883720 bcsId: 0,size=10240]} | ret=SUCCESS |  
2019-08-23 04:27:22,355 | INFO  | DNAudit | user=null | ip=null | op=PUT_BLOCK {blockData=[blockId=conID: 3 locID: 102664401211883721 bcsId: 0,size=10240]} | ret=SUCCESS |  
2019-08-23 04:27:22,356 | INFO  | DNAudit | user=null | ip=null | op=PUT_BLOCK {blockData=[blockId=conID: 1 locID: 102664401211883722 bcsId: 0,size=10240]} | ret=SUCCESS |  
2019-08-23 04:27:22,356 | INFO  | DNAudit | user=null | ip=null | op=PUT_BLOCK {blockData=[blockId=conID: 2 locID: 102664401211883723 bcsId: 0,size=10240]} | ret=SUCCESS |  
2019-08-23 04:27:22,356 | INFO  | DNAudit | user=null | ip=null | op=WRITE_CHUNK {blockData=conID: 2 locID: 102664401212735697 bcsId: 0} | ret=SUCCESS |  
2019-08-23 04:27:22,356 | INFO  | DNAudit | user=null | ip=null | op=PUT_BLOCK {blockData=[blockId=conID: 1 locID: 102664401211883722 bcsId: 0,size=10240]} | ret=SUCCESS |  
2019-08-23 04:27:22,356 | INFO  | DNAudit | user=null | ip=null | op=WRITE_CHUNK {blockData=conID: 2 locID: 102664401212735697 bcsId: 0} | ret=SUCCESS |  
2019-08-23 04:27:22,356 | INFO  | DNAudit | user=null | ip=null | op=PUT_BLOCK {blockData=[blockId=conID: 3 locID: 102664401211883720 bcsId: 0,size=10240]} | ret=SUCCESS |  
2019-08-23 04:27:22,356 | INFO  | DNAudit | user=null | ip=null | op=WRITE_CHUNK {blockData=conID: 3 locID: 102664401212670159 bcsId: 0} | ret=SUCCESS |  
2019-08-23 04:27:22,356 | INFO  | DNAudit | user=null | ip=null | op=PUT_BLOCK {blockData=[blockId=conID: 2 locID: 102664401212735697 bcsId: 0,size=10240]} | ret=SUCCESS |  
2019-08-23 04:27:22,356 | INFO  | DNAudit | user=null | ip=null | op=PUT_BLOCK {blockData=[blockId=conID: 2 locID: 102664401212735697 bcsId: 0,size=10240]} | ret=SUCCESS |  
2019-08-23 04:27:22,356 | INFO  | DNAudit | user=null | ip=null | op=WRITE_CHUNK {blockData=conID: 1 locID: 102664401212670160 bcsId: 0} | ret=SUCCESS |  
2019-08-23 04:27:22,357 | INFO  | DNAudit | user=null | ip=null | op=WRITE_CHUNK {blockData=conID: 1 locID: 102664401212670160 bcsId: 0} | ret=SUCCESS |  
2019-08-23 04:27:22,357 | INFO  | DNAudit | user=null | ip=null | op=WRITE_CHUNK {blockData=conID: 3 locID: 102664401212670159 bcsId: 0} | ret=SUCCESS |  
2019-08-23 04:27:22,357 | INFO  | DNAudit | user=null | ip=null | op=PUT_BLOCK {blockData=[blockId=conID: 3 locID: 102664401212670159 bcsId: 0,size=10240]} | ret=SUCCESS |  
2019-08-23 04:27:22,357 [grpc-default-executor-5] INFO  client.GrpcClientProtocolClient (GrpcClientProtocolClient.java:onNext(255)) - client-8C6AA2FA99F1->aaa8e91e-0eca-44f4-ad30-66eff97d1642: receive RaftClientReply:client-8C6AA2FA99F1->aaa8e91e-0eca-44f4-ad30-66eff97d1642@group-C455D70D824C, cid=403, SUCCESS, logIndex=0, commits[aaa8e91e-0eca-44f4-ad30-66eff97d1642:c490, f6d593da-3d81-42e7-b927-5f502e16088c:c477, 8d5baa0f-1210-41f1-915f-fdffd8779ee7:c477]
2019-08-23 04:27:22,357 | INFO  | DNAudit | user=null | ip=null | op=PUT_BLOCK {blockData=[blockId=conID: 1 locID: 102664401212670160 bcsId: 0,size=10240]} | ret=SUCCESS |  
2019-08-23 04:27:22,357 | INFO  | DNAudit | user=null | ip=null | op=PUT_BLOCK {blockData=[blockId=conID: 1 locID: 102664401212670160 bcsId: 0,size=10240]} | ret=SUCCESS |  
2019-08-23 04:27:22,357 | INFO  | DNAudit | user=null | ip=null | op=PUT_BLOCK {blockData=[blockId=conID: 3 locID: 102664401212670159 bcsId: 0,size=10240]} | ret=SUCCESS |  
2019-08-23 04:27:22,357 | INFO  | DNAudit | user=null | ip=null | op=READ_CHUNK {blockData=conID: 1 locID: 102664401191436476 bcsId: 456} | ret=SUCCESS |  
2019-08-23 04:27:22,357 [grpc-default-executor-5] INFO  client.GrpcClientProtocolClient (GrpcClientProtocolClient.java:onNext(255)) - client-8C6AA2FA99F1->aaa8e91e-0eca-44f4-ad30-66eff97d1642: receive RaftClientReply:client-8C6AA2FA99F1->aaa8e91e-0eca-44f4-ad30-66eff97d1642@group-C455D70D824C, cid=404, SUCCESS, logIndex=0, commits[aaa8e91e-0eca-44f4-ad30-66eff97d1642:c491, f6d593da-3d81-42e7-b927-5f502e16088c:c481, 8d5baa0f-1210-41f1-915f-fdffd8779ee7:c481]
2019-08-23 04:27:22,358 [grpc-default-executor-1] INFO  client.GrpcClientProtocolClient (GrpcClientProtocolClient.java:onNext(255)) - client-8C6AA2FA99F1->aaa8e91e-0eca-44f4-ad30-66eff97d1642: receive RaftClientReply:client-8C6AA2FA99F1->aaa8e91e-0eca-44f4-ad30-66eff97d1642@group-C455D70D824C, cid=405, SUCCESS, logIndex=0, commits[aaa8e91e-0eca-44f4-ad30-66eff97d1642:c491, f6d593da-3d81-42e7-b927-5f502e16088c:c481, 8d5baa0f-1210-41f1-915f-fdffd8779ee7:c481]
2019-08-23 04:27:22,358 [grpc-default-executor-1] INFO  client.GrpcClientProtocolClient (GrpcClientProtocolClient.java:onNext(255)) - client-8C6AA2FA99F1->aaa8e91e-0eca-44f4-ad30-66eff97d1642: receive RaftClientReply:client-8C6AA2FA99F1->aaa8e91e-0eca-44f4-ad30-66eff97d1642@group-C455D70D824C, cid=408, SUCCESS, logIndex=0, commits[aaa8e91e-0eca-44f4-ad30-66eff97d1642:c492, f6d593da-3d81-42e7-b927-5f502e16088c:c487, 8d5baa0f-1210-41f1-915f-fdffd8779ee7:c487]
2019-08-23 04:27:22,359 [grpc-default-executor-1] INFO  client.GrpcClientProtocolClient (GrpcClientProtocolClient.java:onNext(255)) - client-8C6AA2FA99F1->aaa8e91e-0eca-44f4-ad30-66eff97d1642: receive RaftClientReply:client-8C6AA2FA99F1->aaa8e91e-0eca-44f4-ad30-66eff97d1642@group-C455D70D824C, cid=407, SUCCESS, logIndex=0, commits[aaa8e91e-0eca-44f4-ad30-66eff97d1642:c492, f6d593da-3d81-42e7-b927-5f502e16088c:c487, 8d5baa0f-1210-41f1-915f-fdffd8779ee7:c487]
2019-08-23 04:27:22,359 [grpc-default-executor-1] INFO  client.GrpcClientProtocolClient (GrpcClientProtocolClient.java:onNext(255)) - client-8C6AA2FA99F1->aaa8e91e-0eca-44f4-ad30-66eff97d1642: receive RaftClientReply:client-8C6AA2FA99F1->aaa8e91e-0eca-44f4-ad30-66eff97d1642@group-C455D70D824C, cid=409, SUCCESS, logIndex=0, commits[aaa8e91e-0eca-44f4-ad30-66eff97d1642:c492, f6d593da-3d81-42e7-b927-5f502e16088c:c487, 8d5baa0f-1210-41f1-915f-fdffd8779ee7:c487]
2019-08-23 04:27:22,359 | INFO  | SCMAudit | user=jenkins1000 | ip=192.168.36.77 | op=GET_CONTAINER_WITH_PIPELINE {containerID=#1} | ret=SUCCESS |  
2019-08-23 04:27:22,359 | INFO  | OMAudit | user=jenkins1000 | ip=127.0.0.1 | op=COMMIT_KEY {volume=vol-1-20205, bucket=bucket-1-61988, key=key-9-05859, dataSize=10240, replicationType=null, replicationFactor=null, keyLocationInfo=[{blockID={containerID=3, localID=102664401211883721}, length=10240, offset=0, token=null, pipeline=Pipeline[ Id: 66543a4c-018c-4a46-974e-c455d70d824c, Nodes: f6d593da-3d81-42e7-b927-5f502e16088c{ip: 192.168.36.77, host: pr-hdds-2000-5mb45-3533150274, networkLocation: /default-rack, certSerialId: null}8d5baa0f-1210-41f1-915f-fdffd8779ee7{ip: 192.168.36.77, host: pr-hdds-2000-5mb45-3533150274, networkLocation: /default-rack, certSerialId: null}aaa8e91e-0eca-44f4-ad30-66eff97d1642{ip: 192.168.36.77, host: pr-hdds-2000-5mb45-3533150274, networkLocation: /default-rack, certSerialId: null}, Type:RATIS, Factor:THREE, State:OPEN], createVersion=0}], clientID=102664401211687109} | ret=SUCCESS |  
2019-08-23 04:27:22,360 [grpc-default-executor-1] INFO  client.GrpcClientProtocolClient (GrpcClientProtocolClient.java:onNext(255)) - client-8C6AA2FA99F1->aaa8e91e-0eca-44f4-ad30-66eff97d1642: receive RaftClientReply:client-8C6AA2FA99F1->aaa8e91e-0eca-44f4-ad30-66eff97d1642@group-C455D70D824C, cid=406, SUCCESS, logIndex=0, commits[aaa8e91e-0eca-44f4-ad30-66eff97d1642:c491, f6d593da-3d81-42e7-b927-5f502e16088c:c481, 8d5baa0f-1210-41f1-915f-fdffd8779ee7:c481]
2019-08-23 04:27:22,360 | INFO  | OMAudit | user=jenkins1000 | ip=127.0.0.1 | op=COMMIT_KEY {volume=vol-0-42659, bucket=bucket-2-77083, key=key-9-28165, dataSize=10240, replicationType=null, replicationFactor=null, keyLocationInfo=[{blockID={containerID=2, localID=102664401211883723}, length=10240, offset=0, token=null, pipeline=Pipeline[ Id: 66543a4c-018c-4a46-974e-c455d70d824c, Nodes: f6d593da-3d81-42e7-b927-5f502e16088c{ip: 192.168.36.77, host: pr-hdds-2000-5mb45-3533150274, networkLocation: /default-rack, certSerialId: null}8d5baa0f-1210-41f1-915f-fdffd8779ee7{ip: 192.168.36.77, host: pr-hdds-2000-5mb45-3533150274, networkLocation: /default-rack, certSerialId: null}aaa8e91e-0eca-44f4-ad30-66eff97d1642{ip: 192.168.36.77, host: pr-hdds-2000-5mb45-3533150274, networkLocation: /default-rack, certSerialId: null}, Type:RATIS, Factor:THREE, State:OPEN], createVersion=0}], clientID=102664401211687111} | ret=SUCCESS |  
2019-08-23 04:27:22,360 | INFO  | OMAudit | user=jenkins1000 | ip=127.0.0.1 | op=READ_KEY {volume=vol-0-42659, bucket=bucket-0-06613, key=key-9-34841, dataSize=0, replicationType=null, replicationFactor=null, keyLocationInfo=null} | ret=SUCCESS |  
2019-08-23 04:27:22,360 | INFO  | OMAudit | user=jenkins1000 | ip=127.0.0.1 | op=COMMIT_KEY {volume=vol-0-42659, bucket=bucket-1-34712, key=key-9-28474, dataSize=10240, replicationType=null, replicationFactor=null, keyLocationInfo=[{blockID={containerID=3, localID=102664401211883720}, length=10240, offset=0, token=null, pipeline=Pipeline[ Id: 66543a4c-018c-4a46-974e-c455d70d824c, Nodes: f6d593da-3d81-42e7-b927-5f502e16088c{ip: 192.168.36.77, host: pr-hdds-2000-5mb45-3533150274, networkLocation: /default-rack, certSerialId: null}8d5baa0f-1210-41f1-915f-fdffd8779ee7{ip: 192.168.36.77, host: pr-hdds-2000-5mb45-3533150274, networkLocation: /default-rack, certSerialId: null}aaa8e91e-0eca-44f4-ad30-66eff97d1642{ip: 192.168.36.77, host: pr-hdds-2000-5mb45-3533150274, networkLocation: /default-rack, certSerialId: null}, Type:RATIS, Factor:THREE, State:OPEN], createVersion=0}], clientID=102664401211687108} | ret=SUCCESS |  
2019-08-23 04:27:22,360 | INFO  | OMAudit | user=jenkins1000 | ip=127.0.0.1 | op=COMMIT_KEY {volume=vol-1-20205, bucket=bucket-3-54341, key=key-9-81900, dataSize=10240, replicationType=null, replicationFactor=null, keyLocationInfo=[{blockID={containerID=3, localID=102664401212670159}, length=10240, offset=0, token=null, pipeline=Pipeline[ Id: 66543a4c-018c-4a46-974e-c455d70d824c, Nodes: f6d593da-3d81-42e7-b927-5f502e16088c{ip: 192.168.36.77, host: pr-hdds-2000-5mb45-3533150274, networkLocation: /default-rack, certSerialId: null}8d5baa0f-1210-41f1-915f-fdffd8779ee7{ip: 192.168.36.77, host: pr-hdds-2000-5mb45-3533150274, networkLocation: /default-rack, certSerialId: null}aaa8e91e-0eca-44f4-ad30-66eff97d1642{ip: 192.168.36.77, host: pr-hdds-2000-5mb45-3533150274, networkLocation: /default-rack, certSerialId: null}, Type:RATIS, Factor:THREE, State:OPEN], createVersion=0}], clientID=102664401212604621} | ret=SUCCESS |  
2019-08-23 04:27:22,361 | INFO  | OMAudit | user=jenkins1000 | ip=127.0.0.1 | op=COMMIT_KEY {volume=vol-0-42659, bucket=bucket-4-88694, key=key-9-60252, dataSize=10240, replicationType=null, replicationFactor=null, keyLocationInfo=[{blockID={containerID=2, localID=102664401212735697}, length=10240, offset=0, token=null, pipeline=Pipeline[ Id: 66543a4c-018c-4a46-974e-c455d70d824c, Nodes: f6d593da-3d81-42e7-b927-5f502e16088c{ip: 192.168.36.77, host: pr-hdds-2000-5mb45-3533150274, networkLocation: /default-rack, certSerialId: null}8d5baa0f-1210-41f1-915f-fdffd8779ee7{ip: 192.168.36.77, host: pr-hdds-2000-5mb45-3533150274, networkLocation: /default-rack, certSerialId: null}aaa8e91e-0eca-44f4-ad30-66eff97d1642{ip: 192.168.36.77, host: pr-hdds-2000-5mb45-3533150274, networkLocation: /default-rack, certSerialId: null}, Type:RATIS, Factor:THREE, State:OPEN], createVersion=0}], clientID=102664401212670158} | ret=SUCCESS |  
2019-08-23 04:27:22,361 | INFO  | OMAudit | user=jenkins1000 | ip=127.0.0.1 | op=COMMIT_KEY {volume=vol-0-42659, bucket=bucket-3-42268, key=key-9-39295, dataSize=10240, replicationType=null, replicationFactor=null, keyLocationInfo=[{blockID={containerID=1, localID=102664401212670160}, length=10240, offset=0, token=null, pipeline=Pipeline[ Id: 66543a4c-018c-4a46-974e-c455d70d824c, Nodes: f6d593da-3d81-42e7-b927-5f502e16088c{ip: 192.168.36.77, host: pr-hdds-2000-5mb45-3533150274, networkLocation: /default-rack, certSerialId: null}8d5baa0f-1210-41f1-915f-fdffd8779ee7{ip: 192.168.36.77, host: pr-hdds-2000-5mb45-3533150274, networkLocation: /default-rack, certSerialId: null}aaa8e91e-0eca-44f4-ad30-66eff97d1642{ip: 192.168.36.77, host: pr-hdds-2000-5mb45-3533150274, networkLocation: /default-rack, certSerialId: null}, Type:RATIS, Factor:THREE, State:OPEN], createVersion=0}], clientID=102664401212604620} | ret=SUCCESS |  
2019-08-23 04:27:22,362 | INFO  | OMAudit | user=jenkins1000 | ip=127.0.0.1 | op=COMMIT_KEY {volume=vol-1-20205, bucket=bucket-2-67835, key=key-9-17172, dataSize=10240, replicationType=null, replicationFactor=null, keyLocationInfo=[{blockID={containerID=1, localID=102664401211883722}, length=10240, offset=0, token=null, pipeline=Pipeline[ Id: 66543a4c-018c-4a46-974e-c455d70d824c, Nodes: f6d593da-3d81-42e7-b927-5f502e16088c{ip: 192.168.36.77, host: pr-hdds-2000-5mb45-3533150274, networkLocation: /default-rack, certSerialId: null}8d5baa0f-1210-41f1-915f-fdffd8779ee7{ip: 192.168.36.77, host: pr-hdds-2000-5mb45-3533150274, networkLocation: /default-rack, certSerialId: null}aaa8e91e-0eca-44f4-ad30-66eff97d1642{ip: 192.168.36.77, host: pr-hdds-2000-5mb45-3533150274, networkLocation: /default-rack, certSerialId: null}, Type:RATIS, Factor:THREE, State:OPEN], createVersion=0}], clientID=102664401211687110} | ret=SUCCESS |  
2019-08-23 04:27:22,362 | INFO  | SCMAudit | user=jenkins1000 | ip=192.168.36.77 | op=ALLOCATE_BLOCK {owner=0ede6294-5fd7-421b-8eb7-9656e082115f, size=4194304, type=RATIS, factor=THREE} | ret=SUCCESS |  
2019-08-23 04:27:22,362 | INFO  | DNAudit | user=null | ip=null | op=GET_BLOCK {blockData=conID: 1 locID: 102664401208606914 bcsId: 465} | ret=SUCCESS |  
2019-08-23 04:27:22,362 | INFO  | OMAudit | user=jenkins1000 | ip=127.0.0.1 | op=ALLOCATE_KEY {volume=vol-1-20205, bucket=bucket-4-54813, key=key-9-86365, dataSize=10240, replicationType=RATIS, replicationFactor=THREE, keyLocationInfo=null} | ret=SUCCESS |  
2019-08-23 04:27:22,364 | INFO  | DNAudit | user=null | ip=null | op=READ_CHUNK {blockData=conID: 1 locID: 102664401208606914 bcsId: 465} | ret=SUCCESS |  
2019-08-23 04:27:22,365 | INFO  | DNAudit | user=null | ip=null | op=WRITE_CHUNK {blockData=conID: 3 locID: 102664401214636243 bcsId: 0} | ret=SUCCESS |  
2019-08-23 04:27:22,366 | INFO  | DNAudit | user=null | ip=null | op=WRITE_CHUNK {blockData=conID: 3 locID: 102664401214636243 bcsId: 0} | ret=SUCCESS |  
2019-08-23 04:27:22,366 | INFO  | DNAudit | user=null | ip=null | op=WRITE_CHUNK {blockData=conID: 3 locID: 102664401214636243 bcsId: 0} | ret=SUCCESS |  
2019-08-23 04:27:22,366 | INFO  | SCMAudit | user=jenkins1000 | ip=192.168.36.77 | op=GET_CONTAINER_WITH_PIPELINE {containerID=#2} | ret=SUCCESS |  
2019-08-23 04:27:22,367 | INFO  | OMAudit | user=jenkins1000 | ip=127.0.0.1 | op=READ_KEY {volume=vol-1-20205, bucket=bucket-4-54813, key=key-8-49358, dataSize=0, replicationType=null, replicationFactor=null, keyLocationInfo=null} | ret=SUCCESS |  
2019-08-23 04:27:22,368 | INFO  | DNAudit | user=null | ip=null | op=GET_BLOCK {blockData=conID: 2 locID: 102664401208606915 bcsId: 468} | ret=SUCCESS |  
2019-08-23 04:27:22,370 | INFO  | DNAudit | user=null | ip=null | op=READ_CHUNK {blockData=conID: 2 locID: 102664401208606915 bcsId: 468} | ret=SUCCESS |  
2019-08-23 04:27:22,372 | INFO  | SCMAudit | user=jenkins1000 | ip=192.168.36.77 | op=GET_CONTAINER_WITH_PIPELINE {containerID=#3} | ret=SUCCESS |  
2019-08-23 04:27:22,373 | INFO  | OMAudit | user=jenkins1000 | ip=127.0.0.1 | op=READ_KEY {volume=vol-1-20205, bucket=bucket-0-84326, key=key-9-02162, dataSize=0, replicationType=null, replicationFactor=null, keyLocationInfo=null} | ret=SUCCESS |  
2019-08-23 04:27:22,375 | INFO  | DNAudit | user=null | ip=null | op=GET_BLOCK {blockData=conID: 3 locID: 102664401208606913 bcsId: 469} | ret=SUCCESS |  
2019-08-23 04:27:22,377 | INFO  | DNAudit | user=null | ip=null | op=READ_CHUNK {blockData=conID: 3 locID: 102664401208606913 bcsId: 469} | ret=SUCCESS |  
2019-08-23 04:27:22,378 | INFO  | DNAudit | user=null | ip=null | op=WRITE_CHUNK {blockData=conID: 3 locID: 102664401214636243 bcsId: 0} | ret=SUCCESS |  
2019-08-23 04:27:22,378 | INFO  | DNAudit | user=null | ip=null | op=PUT_BLOCK {blockData=[blockId=conID: 3 locID: 102664401214636243 bcsId: 0,size=10240]} | ret=SUCCESS |  
2019-08-23 04:27:22,379 | INFO  | SCMAudit | user=jenkins1000 | ip=192.168.36.77 | op=GET_CONTAINER_WITH_PIPELINE {containerID=#3} | ret=SUCCESS |  
2019-08-23 04:27:22,379 [grpc-default-executor-5] INFO  client.GrpcClientProtocolClient (GrpcClientProtocolClient.java:onNext(255)) - client-8C6AA2FA99F1->aaa8e91e-0eca-44f4-ad30-66eff97d1642: receive RaftClientReply:client-8C6AA2FA99F1->aaa8e91e-0eca-44f4-ad30-66eff97d1642@group-C455D70D824C, cid=410, SUCCESS, logIndex=493, commits[aaa8e91e-0eca-44f4-ad30-66eff97d1642:c494, f6d593da-3d81-42e7-b927-5f502e16088c:c492, 8d5baa0f-1210-41f1-915f-fdffd8779ee7:c492]
2019-08-23 04:27:22,379 | INFO  | OMAudit | user=jenkins1000 | ip=127.0.0.1 | op=READ_KEY {volume=vol-1-20205, bucket=bucket-1-61988, key=key-9-05859, dataSize=0, replicationType=null, replicationFactor=null, keyLocationInfo=null} | ret=SUCCESS |  
2019-08-23 04:27:22,379 [grpc-default-executor-5] INFO  client.GrpcClientProtocolClient (GrpcClientProtocolClient.java:onNext(255)) - client-8C6AA2FA99F1->aaa8e91e-0eca-44f4-ad30-66eff97d1642: receive RaftClientReply:client-8C6AA2FA99F1->aaa8e91e-0eca-44f4-ad30-66eff97d1642@group-C455D70D824C, cid=411, SUCCESS, logIndex=494, commits[aaa8e91e-0eca-44f4-ad30-66eff97d1642:c494, f6d593da-3d81-42e7-b927-5f502e16088c:c492, 8d5baa0f-1210-41f1-915f-fdffd8779ee7:c492]
2019-08-23 04:27:22,381 | INFO  | DNAudit | user=null | ip=null | op=GET_BLOCK {blockData=conID: 3 locID: 102664401211883721 bcsId: 477} | ret=SUCCESS |  
2019-08-23 04:27:22,382 | INFO  | DNAudit | user=null | ip=null | op=READ_CHUNK {blockData=conID: 3 locID: 102664401211883721 bcsId: 477} | ret=SUCCESS |  
2019-08-23 04:27:22,384 | INFO  | SCMAudit | user=jenkins1000 | ip=192.168.36.77 | op=GET_CONTAINER_WITH_PIPELINE {containerID=#2} | ret=SUCCESS |  
2019-08-23 04:27:22,385 | INFO  | OMAudit | user=jenkins1000 | ip=127.0.0.1 | op=READ_KEY {volume=vol-0-42659, bucket=bucket-2-77083, key=key-9-28165, dataSize=0, replicationType=null, replicationFactor=null, keyLocationInfo=null} | ret=SUCCESS |  
2019-08-23 04:27:22,386 | INFO  | DNAudit | user=null | ip=null | op=GET_BLOCK {blockData=conID: 2 locID: 102664401211883723 bcsId: 478} | ret=SUCCESS |  
2019-08-23 04:27:22,388 | INFO  | DNAudit | user=null | ip=null | op=READ_CHUNK {blockData=conID: 2 locID: 102664401211883723 bcsId: 478} | ret=SUCCESS |  
2019-08-23 04:27:22,389 | INFO  | DNAudit | user=null | ip=null | op=WRITE_CHUNK {blockData=conID: 3 locID: 102664401214636243 bcsId: 0} | ret=SUCCESS |  
2019-08-23 04:27:22,389 | INFO  | DNAudit | user=null | ip=null | op=WRITE_CHUNK {blockData=conID: 3 locID: 102664401214636243 bcsId: 0} | ret=SUCCESS |  
2019-08-23 04:27:22,390 | INFO  | SCMAudit | user=jenkins1000 | ip=192.168.36.77 | op=GET_CONTAINER_WITH_PIPELINE {containerID=#3} | ret=SUCCESS |  
2019-08-23 04:27:22,390 | INFO  | OMAudit | user=jenkins1000 | ip=127.0.0.1 | op=READ_KEY {volume=vol-0-42659, bucket=bucket-1-34712, key=key-9-28474, dataSize=0, replicationType=null, replicationFactor=null, keyLocationInfo=null} | ret=SUCCESS |  
2019-08-23 04:27:22,390 | INFO  | DNAudit | user=null | ip=null | op=PUT_BLOCK {blockData=[blockId=conID: 3 locID: 102664401214636243 bcsId: 0,size=10240]} | ret=SUCCESS |  
2019-08-23 04:27:22,390 | INFO  | DNAudit | user=null | ip=null | op=PUT_BLOCK {blockData=[blockId=conID: 3 locID: 102664401214636243 bcsId: 0,size=10240]} | ret=SUCCESS |  
2019-08-23 04:27:22,392 [grpc-default-executor-5] INFO  client.GrpcClientProtocolClient (GrpcClientProtocolClient.java:onNext(255)) - client-8C6AA2FA99F1->aaa8e91e-0eca-44f4-ad30-66eff97d1642: receive RaftClientReply:client-8C6AA2FA99F1->aaa8e91e-0eca-44f4-ad30-66eff97d1642@group-C455D70D824C, cid=412, SUCCESS, logIndex=0, commits[aaa8e91e-0eca-44f4-ad30-66eff97d1642:c496, f6d593da-3d81-42e7-b927-5f502e16088c:c494, 8d5baa0f-1210-41f1-915f-fdffd8779ee7:c494]
2019-08-23 04:27:22,392 | INFO  | DNAudit | user=null | ip=null | op=GET_BLOCK {blockData=conID: 3 locID: 102664401211883720 bcsId: 479} | ret=SUCCESS |  
2019-08-23 04:27:22,393 | INFO  | OMAudit | user=jenkins1000 | ip=127.0.0.1 | op=COMMIT_KEY {volume=vol-1-20205, bucket=bucket-4-54813, key=key-9-86365, dataSize=10240, replicationType=null, replicationFactor=null, keyLocationInfo=[{blockID={containerID=3, localID=102664401214636243}, length=10240, offset=0, token=null, pipeline=Pipeline[ Id: 66543a4c-018c-4a46-974e-c455d70d824c, Nodes: f6d593da-3d81-42e7-b927-5f502e16088c{ip: 192.168.36.77, host: pr-hdds-2000-5mb45-3533150274, networkLocation: /default-rack, certSerialId: null}8d5baa0f-1210-41f1-915f-fdffd8779ee7{ip: 192.168.36.77, host: pr-hdds-2000-5mb45-3533150274, networkLocation: /default-rack, certSerialId: null}aaa8e91e-0eca-44f4-ad30-66eff97d1642{ip: 192.168.36.77, host: pr-hdds-2000-5mb45-3533150274, networkLocation: /default-rack, certSerialId: null}, Type:RATIS, Factor:THREE, State:OPEN], createVersion=0}], clientID=102664401214570706} | ret=SUCCESS |  
2019-08-23 04:27:22,394 | INFO  | DNAudit | user=null | ip=null | op=READ_CHUNK {blockData=conID: 3 locID: 102664401211883720 bcsId: 479} | ret=SUCCESS |  
2019-08-23 04:27:22,395 | INFO  | SCMAudit | user=jenkins1000 | ip=192.168.36.77 | op=GET_CONTAINER_WITH_PIPELINE {containerID=#3} | ret=SUCCESS |  
2019-08-23 04:27:22,396 | INFO  | OMAudit | user=jenkins1000 | ip=127.0.0.1 | op=READ_KEY {volume=vol-1-20205, bucket=bucket-3-54341, key=key-9-81900, dataSize=0, replicationType=null, replicationFactor=null, keyLocationInfo=null} | ret=SUCCESS |  
2019-08-23 04:27:22,397 | INFO  | DNAudit | user=null | ip=null | op=GET_BLOCK {blockData=conID: 3 locID: 102664401212670159 bcsId: 485} | ret=SUCCESS |  
2019-08-23 04:27:22,399 | INFO  | DNAudit | user=null | ip=null | op=READ_CHUNK {blockData=conID: 3 locID: 102664401212670159 bcsId: 485} | ret=SUCCESS |  
2019-08-23 04:27:22,401 | INFO  | SCMAudit | user=jenkins1000 | ip=192.168.36.77 | op=GET_CONTAINER_WITH_PIPELINE {containerID=#2} | ret=SUCCESS |  
2019-08-23 04:27:22,401 | INFO  | OMAudit | user=jenkins1000 | ip=127.0.0.1 | op=READ_KEY {volume=vol-0-42659, bucket=bucket-4-88694, key=key-9-60252, dataSize=0, replicationType=null, replicationFactor=null, keyLocationInfo=null} | ret=SUCCESS |  
2019-08-23 04:27:22,403 | INFO  | DNAudit | user=null | ip=null | op=GET_BLOCK {blockData=conID: 2 locID: 102664401212735697 bcsId: 483} | ret=SUCCESS |  
2019-08-23 04:27:22,405 | INFO  | DNAudit | user=null | ip=null | op=READ_CHUNK {blockData=conID: 2 locID: 102664401212735697 bcsId: 483} | ret=SUCCESS |  
2019-08-23 04:27:22,406 | INFO  | SCMAudit | user=jenkins1000 | ip=192.168.36.77 | op=GET_CONTAINER_WITH_PIPELINE {containerID=#1} | ret=SUCCESS |  
2019-08-23 04:27:22,407 | INFO  | OMAudit | user=jenkins1000 | ip=127.0.0.1 | op=READ_KEY {volume=vol-0-42659, bucket=bucket-3-42268, key=key-9-39295, dataSize=0, replicationType=null, replicationFactor=null, keyLocationInfo=null} | ret=SUCCESS |  
2019-08-23 04:27:22,409 | INFO  | DNAudit | user=null | ip=null | op=GET_BLOCK {blockData=conID: 1 locID: 102664401212670160 bcsId: 487} | ret=SUCCESS |  
2019-08-23 04:27:22,410 | INFO  | DNAudit | user=null | ip=null | op=READ_CHUNK {blockData=conID: 1 locID: 102664401212670160 bcsId: 487} | ret=SUCCESS |  
2019-08-23 04:27:22,412 | INFO  | SCMAudit | user=jenkins1000 | ip=192.168.36.77 | op=GET_CONTAINER_WITH_PIPELINE {containerID=#1} | ret=SUCCESS |  
2019-08-23 04:27:22,412 | INFO  | OMAudit | user=jenkins1000 | ip=127.0.0.1 | op=READ_KEY {volume=vol-1-20205, bucket=bucket-2-67835, key=key-9-17172, dataSize=0, replicationType=null, replicationFactor=null, keyLocationInfo=null} | ret=SUCCESS |  
2019-08-23 04:27:22,414 | INFO  | DNAudit | user=null | ip=null | op=GET_BLOCK {blockData=conID: 1 locID: 102664401211883722 bcsId: 480} | ret=SUCCESS |  
2019-08-23 04:27:22,416 | INFO  | DNAudit | user=null | ip=null | op=READ_CHUNK {blockData=conID: 1 locID: 102664401211883722 bcsId: 480} | ret=SUCCESS |  
2019-08-23 04:27:22,418 | INFO  | SCMAudit | user=jenkins1000 | ip=192.168.36.77 | op=GET_CONTAINER_WITH_PIPELINE {containerID=#3} | ret=SUCCESS |  
2019-08-23 04:27:22,418 | INFO  | OMAudit | user=jenkins1000 | ip=127.0.0.1 | op=READ_KEY {volume=vol-1-20205, bucket=bucket-4-54813, key=key-9-86365, dataSize=0, replicationType=null, replicationFactor=null, keyLocationInfo=null} | ret=SUCCESS |  
2019-08-23 04:27:22,420 | INFO  | DNAudit | user=null | ip=null | op=GET_BLOCK {blockData=conID: 3 locID: 102664401214636243 bcsId: 494} | ret=SUCCESS |  
2019-08-23 04:27:22,422 | INFO  | DNAudit | user=null | ip=null | op=READ_CHUNK {blockData=conID: 3 locID: 102664401214636243 bcsId: 494} | ret=SUCCESS |  
 97.00% |██████████████████████████████████████████████████████████████████████████████████████████████████   |  97/100 Time: 0:00:112019-08-23 04:27:22,666 | INFO  | SCMAudit | user=jenkins1000 | ip=192.168.36.77 | op=SEND_HEARTBEAT {datanodeUUID=aaa8e91e-0eca-44f4-ad30-66eff97d1642, command=[]} | ret=SUCCESS |  
2019-08-23 04:27:22,669 | INFO  | SCMAudit | user=jenkins1000 | ip=192.168.36.77 | op=SEND_HEARTBEAT {datanodeUUID=f6d593da-3d81-42e7-b927-5f502e16088c, command=[]} | ret=SUCCESS |  
2019-08-23 04:27:22,669 | INFO  | SCMAudit | user=jenkins1000 | ip=192.168.36.77 | op=SEND_HEARTBEAT {datanodeUUID=8d5baa0f-1210-41f1-915f-fdffd8779ee7, command=[]} | ret=SUCCESS |  
2019-08-23 04:27:22,708 | INFO  | SCMAudit | user=jenkins1000 | ip=192.168.36.77 | op=SEND_HEARTBEAT {datanodeUUID=a8987870-153b-42d5-a42b-636ff3374f98, command=[]} | ret=SUCCESS |  
2019-08-23 04:27:23,270 | INFO  | SCMAudit | user=jenkins1000 | ip=192.168.36.77 | op=SEND_HEARTBEAT {datanodeUUID=1394b7c5-6324-4406-bd9f-1c4b9a85bfa9, command=[]} | ret=SUCCESS |  
 97.00% |██████████████████████████████████████████████████████████████████████████████████████████████████   |  97/100 Time: 0:00:122019-08-23 04:27:23,666 | INFO  | SCMAudit | user=jenkins1000 | ip=192.168.36.77 | op=SEND_HEARTBEAT {datanodeUUID=aaa8e91e-0eca-44f4-ad30-66eff97d1642, command=[]} | ret=SUCCESS |  
2019-08-23 04:27:23,669 | INFO  | SCMAudit | user=jenkins1000 | ip=192.168.36.77 | op=SEND_HEARTBEAT {datanodeUUID=f6d593da-3d81-42e7-b927-5f502e16088c, command=[]} | ret=SUCCESS |  
2019-08-23 04:27:23,669 | INFO  | SCMAudit | user=jenkins1000 | ip=192.168.36.77 | op=SEND_HEARTBEAT {datanodeUUID=8d5baa0f-1210-41f1-915f-fdffd8779ee7, command=[]} | ret=SUCCESS |  
2019-08-23 04:27:23,709 | INFO  | SCMAudit | user=jenkins1000 | ip=192.168.36.77 | op=SEND_HEARTBEAT {datanodeUUID=a8987870-153b-42d5-a42b-636ff3374f98, command=[]} | ret=SUCCESS |  
2019-08-23 04:27:24,270 | INFO  | SCMAudit | user=jenkins1000 | ip=192.168.36.77 | op=SEND_HEARTBEAT {datanodeUUID=1394b7c5-6324-4406-bd9f-1c4b9a85bfa9, command=[]} | ret=SUCCESS |  
 97.00% |██████████████████████████████████████████████████████████████████████████████████████████████████   |  97/100 Time: 0:00:132019-08-23 04:27:24,666 | INFO  | SCMAudit | user=jenkins1000 | ip=192.168.36.77 | op=SEND_HEARTBEAT {datanodeUUID=aaa8e91e-0eca-44f4-ad30-66eff97d1642, command=[]} | ret=SUCCESS |  
2019-08-23 04:27:24,670 | INFO  | SCMAudit | user=jenkins1000 | ip=192.168.36.77 | op=SEND_HEARTBEAT {datanodeUUID=f6d593da-3d81-42e7-b927-5f502e16088c, command=[]} | ret=SUCCESS |  
2019-08-23 04:27:24,670 | INFO  | SCMAudit | user=jenkins1000 | ip=192.168.36.77 | op=SEND_HEARTBEAT {datanodeUUID=8d5baa0f-1210-41f1-915f-fdffd8779ee7, command=[]} | ret=SUCCESS |  
2019-08-23 04:27:24,709 | INFO  | SCMAudit | user=jenkins1000 | ip=192.168.36.77 | op=SEND_HEARTBEAT {datanodeUUID=a8987870-153b-42d5-a42b-636ff3374f98, command=[]} | ret=SUCCESS |  
2019-08-23 04:27:25,270 | INFO  | SCMAudit | user=jenkins1000 | ip=192.168.36.77 | op=SEND_HEARTBEAT {datanodeUUID=1394b7c5-6324-4406-bd9f-1c4b9a85bfa9, command=[]} | ret=SUCCESS |  
 97.00% |██████████████████████████████████████████████████████████████████████████████████████████████████   |  97/100 Time: 0:00:142019-08-23 04:27:25,666 | INFO  | SCMAudit | user=jenkins1000 | ip=192.168.36.77 | op=SEND_HEARTBEAT {datanodeUUID=aaa8e91e-0eca-44f4-ad30-66eff97d1642, command=[]} | ret=SUCCESS |  
2019-08-23 04:27:25,670 | INFO  | SCMAudit | user=jenkins1000 | ip=192.168.36.77 | op=SEND_HEARTBEAT {datanodeUUID=8d5baa0f-1210-41f1-915f-fdffd8779ee7, command=[]} | ret=SUCCESS |  
2019-08-23 04:27:25,670 | INFO  | SCMAudit | user=jenkins1000 | ip=192.168.36.77 | op=SEND_HEARTBEAT {datanodeUUID=f6d593da-3d81-42e7-b927-5f502e16088c, command=[]} | ret=SUCCESS |  
2019-08-23 04:27:25,708 | INFO  | SCMAudit | user=jenkins1000 | ip=192.168.36.77 | op=SEND_HEARTBEAT {datanodeUUID=a8987870-153b-42d5-a42b-636ff3374f98, command=[]} | ret=SUCCESS |  
2019-08-23 04:27:26,270 | INFO  | SCMAudit | user=jenkins1000 | ip=192.168.36.77 | op=SEND_HEARTBEAT {datanodeUUID=1394b7c5-6324-4406-bd9f-1c4b9a85bfa9, command=[]} | ret=SUCCESS |  
 100.00% |█████████████████████████████████████████████████████████████████████████████████████████████████████|  100/100 Time: 0:00:15
2019-08-23 04:27:26,666 | INFO  | SCMAudit | user=jenkins1000 | ip=192.168.36.77 | op=SEND_HEARTBEAT {datanodeUUID=aaa8e91e-0eca-44f4-ad30-66eff97d1642, command=[]} | ret=SUCCESS |  
2019-08-23 04:27:26,670 | INFO  | SCMAudit | user=jenkins1000 | ip=192.168.36.77 | op=SEND_HEARTBEAT {datanodeUUID=f6d593da-3d81-42e7-b927-5f502e16088c, command=[]} | ret=SUCCESS |  
2019-08-23 04:27:26,670 | INFO  | SCMAudit | user=jenkins1000 | ip=192.168.36.77 | op=SEND_HEARTBEAT {datanodeUUID=8d5baa0f-1210-41f1-915f-fdffd8779ee7, command=[]} | ret=SUCCESS |  
2019-08-23 04:27:26,709 | INFO  | SCMAudit | user=jenkins1000 | ip=192.168.36.77 | op=SEND_HEARTBEAT {datanodeUUID=a8987870-153b-42d5-a42b-636ff3374f98, command=[]} | ret=SUCCESS |  
2019-08-23 04:27:27,270 | INFO  | SCMAudit | user=jenkins1000 | ip=192.168.36.77 | op=SEND_HEARTBEAT {datanodeUUID=1394b7c5-6324-4406-bd9f-1c4b9a85bfa9, command=[]} | ret=SUCCESS |  
2019-08-23 04:27:27,431 [grpc-default-executor-1] WARN  client.GrpcClientProtocolService (LogUtils.java:warn(134)) - 9-UnorderedRequestStreamObserver9: onError: org.apache.ratis.thirdparty.io.grpc.StatusRuntimeException: CANCELLED: cancelled before receiving half close
2019-08-23 04:27:27,431 [grpc-default-executor-2] WARN  client.GrpcClientProtocolService (LogUtils.java:warn(134)) - 8-UnorderedRequestStreamObserver8: onError: org.apache.ratis.thirdparty.io.grpc.StatusRuntimeException: CANCELLED: cancelled before receiving half close
]]></system-out>
  </testcase>
</testsuite>