<?xml version="1.0" encoding="UTF-8"?>
<testsuite xmlns:xsi="http://www.w3.org/2001/XMLSchema-instance" xsi:noNamespaceSchemaLocation="https://maven.apache.org/surefire/maven-surefire-plugin/xsd/surefire-test-report.xsd" name="org.apache.hadoop.ozone.client.rpc.TestBlockOutputStreamWithFailures" time="756.613" tests="8" errors="0" skipped="0" failures="1">
  <properties>
    <property name="awt.toolkit" value="sun.awt.X11.XToolkit"/>
    <property name="file.encoding.pkg" value="sun.io"/>
    <property name="java.specification.version" value="1.8"/>
    <property name="sun.cpu.isalist" value=""/>
    <property name="sun.jnu.encoding" value="UTF-8"/>
    <property name="java.class.path" value="/workdir/hadoop-ozone/integration-test/target/test-classes:/workdir/hadoop-ozone/integration-test/target/classes:/home/user/.m2/repository/org/apache/hadoop/hadoop-ozone-common/0.5.0-SNAPSHOT/hadoop-ozone-common-0.5.0-SNAPSHOT.jar:/home/user/.m2/repository/org/apache/commons/commons-compress/1.4.1/commons-compress-1.4.1.jar:/home/user/.m2/repository/org/tukaani/xz/1.0/xz-1.0.jar:/home/user/.m2/repository/org/apache/hadoop/hadoop-common/3.2.0/hadoop-common-3.2.0.jar:/home/user/.m2/repository/org/apache/hadoop/hadoop-hdfs/3.2.0/hadoop-hdfs-3.2.0.jar:/home/user/.m2/repository/org/apache/hadoop/hadoop-hdfs-client/3.2.0/hadoop-hdfs-client-3.2.0.jar:/home/user/.m2/repository/com/fasterxml/jackson/core/jackson-annotations/2.9.5/jackson-annotations-2.9.5.jar:/home/user/.m2/repository/org/apache/hadoop/hadoop-hdds-common/0.5.0-SNAPSHOT/hadoop-hdds-common-0.5.0-SNAPSHOT.jar:/home/user/.m2/repository/javax/annotation/javax.annotation-api/1.2/javax.annotation-api-1.2.jar:/home/user/.m2/repository/org/apache/ratis/ratis-server/0.4.0-2337318-SNAPSHOT/ratis-server-0.4.0-2337318-SNAPSHOT.jar:/home/user/.m2/repository/org/apache/ratis/ratis-thirdparty-misc/0.2.0/ratis-thirdparty-misc-0.2.0.jar:/home/user/.m2/repository/org/apache/ratis/ratis-proto/0.4.0-2337318-SNAPSHOT/ratis-proto-0.4.0-2337318-SNAPSHOT.jar:/home/user/.m2/repository/org/apache/ratis/ratis-common/0.4.0-2337318-SNAPSHOT/ratis-common-0.4.0-2337318-SNAPSHOT.jar:/home/user/.m2/repository/org/apache/ratis/ratis-client/0.4.0-2337318-SNAPSHOT/ratis-client-0.4.0-2337318-SNAPSHOT.jar:/home/user/.m2/repository/org/apache/ratis/ratis-metrics/0.4.0-2337318-SNAPSHOT/ratis-metrics-0.4.0-2337318-SNAPSHOT.jar:/home/user/.m2/repository/org/apache/ratis/ratis-netty/0.4.0-2337318-SNAPSHOT/ratis-netty-0.4.0-2337318-SNAPSHOT.jar:/home/user/.m2/repository/org/apache/ratis/ratis-grpc/0.4.0-2337318-SNAPSHOT/ratis-grpc-0.4.0-2337318-SNAPSHOT.jar:/home/user/.m2/repository/org/rocksdb/rocksdbjni/6.0.1/rocksdbjni-6.0.1.jar:/home/user/.m2/repository/org/apache/logging/log4j/log4j-api/2.11.0/log4j-api-2.11.0.jar:/home/user/.m2/repository/org/apache/logging/log4j/log4j-core/2.11.0/log4j-core-2.11.0.jar:/home/user/.m2/repository/com/lmax/disruptor/3.4.2/disruptor-3.4.2.jar:/home/user/.m2/repository/org/apache/commons/commons-pool2/2.6.0/commons-pool2-2.6.0.jar:/home/user/.m2/repository/org/bouncycastle/bcpkix-jdk15on/1.60/bcpkix-jdk15on-1.60.jar:/home/user/.m2/repository/commons-validator/commons-validator/1.6/commons-validator-1.6.jar:/home/user/.m2/repository/commons-digester/commons-digester/1.8.1/commons-digester-1.8.1.jar:/home/user/.m2/repository/io/jaegertracing/jaeger-client/0.33.1/jaeger-client-0.33.1.jar:/home/user/.m2/repository/io/jaegertracing/jaeger-thrift/0.33.1/jaeger-thrift-0.33.1.jar:/home/user/.m2/repository/org/apache/thrift/libthrift/0.11.0/libthrift-0.11.0.jar:/home/user/.m2/repository/com/squareup/okhttp3/okhttp/3.9.0/okhttp-3.9.0.jar:/home/user/.m2/repository/com/squareup/okio/okio/1.13.0/okio-1.13.0.jar:/home/user/.m2/repository/io/jaegertracing/jaeger-core/0.33.1/jaeger-core-0.33.1.jar:/home/user/.m2/repository/io/jaegertracing/jaeger-tracerresolver/0.33.1/jaeger-tracerresolver-0.33.1.jar:/home/user/.m2/repository/io/opentracing/contrib/opentracing-tracerresolver/0.1.5/opentracing-tracerresolver-0.1.5.jar:/home/user/.m2/repository/io/opentracing/opentracing-util/0.31.0/opentracing-util-0.31.0.jar:/home/user/.m2/repository/io/opentracing/opentracing-api/0.31.0/opentracing-api-0.31.0.jar:/home/user/.m2/repository/io/opentracing/opentracing-noop/0.31.0/opentracing-noop-0.31.0.jar:/home/user/.m2/repository/org/apache/hadoop/hadoop-hdds-server-framework/0.5.0-SNAPSHOT/hadoop-hdds-server-framework-0.5.0-SNAPSHOT.jar:/home/user/.m2/repository/org/apache/hadoop/hadoop-hdds-container-service/0.5.0-SNAPSHOT/hadoop-hdds-container-service-0.5.0-SNAPSHOT.jar:/home/user/.m2/repository/org/apache/hadoop/hadoop-hdds-client/0.5.0-SNAPSHOT/hadoop-hdds-client-0.5.0-SNAPSHOT.jar:/home/user/.m2/repository/org/apache/hadoop/hadoop-hdds-tools/0.5.0-SNAPSHOT/hadoop-hdds-tools-0.5.0-SNAPSHOT.jar:/home/user/.m2/repository/org/apache/hadoop/hadoop-hdds-server-scm/0.5.0-SNAPSHOT/hadoop-hdds-server-scm-0.5.0-SNAPSHOT.jar:/home/user/.m2/repository/org/apache/hadoop/hadoop-hdds-docs/0.5.0-SNAPSHOT/hadoop-hdds-docs-0.5.0-SNAPSHOT.jar:/home/user/.m2/repository/io/dropwizard/metrics/metrics-core/3.2.4/metrics-core-3.2.4.jar:/home/user/.m2/repository/org/hamcrest/hamcrest-all/1.3/hamcrest-all-1.3.jar:/home/user/.m2/repository/org/bouncycastle/bcprov-jdk15on/1.60/bcprov-jdk15on-1.60.jar:/home/user/.m2/repository/info/picocli/picocli/3.9.6/picocli-3.9.6.jar:/home/user/.m2/repository/com/google/protobuf/protobuf-java/2.5.0/protobuf-java-2.5.0.jar:/home/user/.m2/repository/com/google/guava/guava/11.0.2/guava-11.0.2.jar:/home/user/.m2/repository/org/apache/hadoop/hadoop-ozone-ozone-manager/0.5.0-SNAPSHOT/hadoop-ozone-ozone-manager-0.5.0-SNAPSHOT.jar:/home/user/.m2/repository/org/apache/hadoop/hadoop-minikdc/3.2.0/hadoop-minikdc-3.2.0.jar:/home/user/.m2/repository/commons-io/commons-io/2.5/commons-io-2.5.jar:/home/user/.m2/repository/org/apache/kerby/kerb-simplekdc/1.0.1/kerb-simplekdc-1.0.1.jar:/home/user/.m2/repository/org/apache/kerby/kerb-client/1.0.1/kerb-client-1.0.1.jar:/home/user/.m2/repository/org/apache/kerby/kerby-config/1.0.1/kerby-config-1.0.1.jar:/home/user/.m2/repository/org/apache/kerby/kerb-core/1.0.1/kerb-core-1.0.1.jar:/home/user/.m2/repository/org/apache/kerby/kerby-pkix/1.0.1/kerby-pkix-1.0.1.jar:/home/user/.m2/repository/org/apache/kerby/kerby-asn1/1.0.1/kerby-asn1-1.0.1.jar:/home/user/.m2/repository/org/apache/kerby/kerby-util/1.0.1/kerby-util-1.0.1.jar:/home/user/.m2/repository/org/apache/kerby/kerb-common/1.0.1/kerb-common-1.0.1.jar:/home/user/.m2/repository/org/apache/kerby/kerb-crypto/1.0.1/kerb-crypto-1.0.1.jar:/home/user/.m2/repository/org/apache/kerby/kerb-util/1.0.1/kerb-util-1.0.1.jar:/home/user/.m2/repository/org/apache/kerby/token-provider/1.0.1/token-provider-1.0.1.jar:/home/user/.m2/repository/org/apache/kerby/kerb-admin/1.0.1/kerb-admin-1.0.1.jar:/home/user/.m2/repository/org/apache/kerby/kerb-server/1.0.1/kerb-server-1.0.1.jar:/home/user/.m2/repository/org/apache/kerby/kerb-identity/1.0.1/kerb-identity-1.0.1.jar:/home/user/.m2/repository/org/apache/kerby/kerby-xdr/1.0.1/kerby-xdr-1.0.1.jar:/home/user/.m2/repository/org/slf4j/slf4j-log4j12/1.7.25/slf4j-log4j12-1.7.25.jar:/home/user/.m2/repository/org/apache/hadoop/hadoop-ozone-s3gateway/0.5.0-SNAPSHOT/hadoop-ozone-s3gateway-0.5.0-SNAPSHOT.jar:/home/user/.m2/repository/org/jboss/weld/servlet/weld-servlet/2.4.7.Final/weld-servlet-2.4.7.Final.jar:/home/user/.m2/repository/org/glassfish/jersey/containers/jersey-container-servlet-core/2.27/jersey-container-servlet-core-2.27.jar:/home/user/.m2/repository/org/glassfish/hk2/external/javax.inject/2.5.0-b42/javax.inject-2.5.0-b42.jar:/home/user/.m2/repository/org/glassfish/jersey/core/jersey-common/2.27/jersey-common-2.27.jar:/home/user/.m2/repository/org/glassfish/hk2/osgi-resource-locator/1.0.1/osgi-resource-locator-1.0.1.jar:/home/user/.m2/repository/javax/ws/rs/javax.ws.rs-api/2.1/javax.ws.rs-api-2.1.jar:/home/user/.m2/repository/org/glassfish/jersey/ext/cdi/jersey-cdi1x/2.27/jersey-cdi1x-2.27.jar:/home/user/.m2/repository/org/glassfish/jersey/inject/jersey-hk2/2.27/jersey-hk2-2.27.jar:/home/user/.m2/repository/org/glassfish/hk2/hk2-locator/2.5.0-b42/hk2-locator-2.5.0-b42.jar:/home/user/.m2/repository/org/javassist/javassist/3.22.0-CR2/javassist-3.22.0-CR2.jar:/home/user/.m2/repository/org/glassfish/hk2/hk2-api/2.5.0/hk2-api-2.5.0.jar:/home/user/.m2/repository/org/glassfish/hk2/external/jakarta.inject/2.5.0/jakarta.inject-2.5.0.jar:/home/user/.m2/repository/org/glassfish/hk2/hk2-utils/2.5.0/hk2-utils-2.5.0.jar:/home/user/.m2/repository/jakarta/annotation/jakarta.annotation-api/1.3.4/jakarta.annotation-api-1.3.4.jar:/home/user/.m2/repository/org/glassfish/hk2/external/aopalliance-repackaged/2.5.0/aopalliance-repackaged-2.5.0.jar:/home/user/.m2/repository/com/fasterxml/jackson/dataformat/jackson-dataformat-xml/2.9.0/jackson-dataformat-xml-2.9.0.jar:/home/user/.m2/repository/com/fasterxml/jackson/core/jackson-core/2.9.5/jackson-core-2.9.5.jar:/home/user/.m2/repository/com/fasterxml/jackson/module/jackson-module-jaxb-annotations/2.9.5/jackson-module-jaxb-annotations-2.9.5.jar:/home/user/.m2/repository/javax/enterprise/cdi-api/1.2/cdi-api-1.2.jar:/home/user/.m2/repository/javax/el/javax.el-api/3.0.0/javax.el-api-3.0.0.jar:/home/user/.m2/repository/javax/interceptor/javax.interceptor-api/1.2/javax.interceptor-api-1.2.jar:/home/user/.m2/repository/javax/inject/javax.inject/1/javax.inject-1.jar:/home/user/.m2/repository/com/sun/xml/bind/jaxb-impl/2.3.0.1/jaxb-impl-2.3.0.1.jar:/home/user/.m2/repository/com/sun/xml/bind/jaxb-core/2.3.0.1/jaxb-core-2.3.0.1.jar:/home/user/.m2/repository/javax/xml/bind/jaxb-api/2.3.0/jaxb-api-2.3.0.jar:/home/user/.m2/repository/javax/activation/activation/1.1.1/activation-1.1.1.jar:/home/user/.m2/repository/org/apache/hadoop/hadoop-ozone-csi/0.5.0-SNAPSHOT/hadoop-ozone-csi-0.5.0-SNAPSHOT.jar:/home/user/.m2/repository/com/google/protobuf/protobuf-java-util/3.5.1/protobuf-java-util-3.5.1.jar:/home/user/.m2/repository/org/apache/hadoop/hadoop-hdds-config/0.5.0-SNAPSHOT/hadoop-hdds-config-0.5.0-SNAPSHOT.jar:/home/user/.m2/repository/io/grpc/grpc-netty/1.17.1/grpc-netty-1.17.1.jar:/home/user/.m2/repository/io/grpc/grpc-core/1.17.1/grpc-core-1.17.1.jar:/home/user/.m2/repository/io/grpc/grpc-context/1.17.1/grpc-context-1.17.1.jar:/home/user/.m2/repository/com/google/errorprone/error_prone_annotations/2.2.0/error_prone_annotations-2.2.0.jar:/home/user/.m2/repository/org/codehaus/mojo/animal-sniffer-annotations/1.17/animal-sniffer-annotations-1.17.jar:/home/user/.m2/repository/io/opencensus/opencensus-api/0.17.0/opencensus-api-0.17.0.jar:/home/user/.m2/repository/io/opencensus/opencensus-contrib-grpc-metrics/0.17.0/opencensus-contrib-grpc-metrics-0.17.0.jar:/home/user/.m2/repository/io/netty/netty-codec-http2/4.1.30.Final/netty-codec-http2-4.1.30.Final.jar:/home/user/.m2/repository/io/netty/netty-codec-http/4.1.30.Final/netty-codec-http-4.1.30.Final.jar:/home/user/.m2/repository/io/netty/netty-codec/4.1.30.Final/netty-codec-4.1.30.Final.jar:/home/user/.m2/repository/io/netty/netty-handler/4.1.30.Final/netty-handler-4.1.30.Final.jar:/home/user/.m2/repository/io/netty/netty-handler-proxy/4.1.30.Final/netty-handler-proxy-4.1.30.Final.jar:/home/user/.m2/repository/io/netty/netty-codec-socks/4.1.30.Final/netty-codec-socks-4.1.30.Final.jar:/home/user/.m2/repository/io/netty/netty-transport-native-epoll/4.1.30.Final/netty-transport-native-epoll-4.1.30.Final.jar:/home/user/.m2/repository/io/netty/netty-common/4.1.30.Final/netty-common-4.1.30.Final.jar:/home/user/.m2/repository/io/netty/netty-buffer/4.1.30.Final/netty-buffer-4.1.30.Final.jar:/home/user/.m2/repository/io/netty/netty-transport/4.1.30.Final/netty-transport-4.1.30.Final.jar:/home/user/.m2/repository/io/netty/netty-resolver/4.1.30.Final/netty-resolver-4.1.30.Final.jar:/home/user/.m2/repository/io/netty/netty-transport-native-unix-common/4.1.30.Final/netty-transport-native-unix-common-4.1.30.Final.jar:/home/user/.m2/repository/io/grpc/grpc-protobuf/1.17.1/grpc-protobuf-1.17.1.jar:/home/user/.m2/repository/com/google/api/grpc/proto-google-common-protos/1.0.0/proto-google-common-protos-1.0.0.jar:/home/user/.m2/repository/io/grpc/grpc-protobuf-lite/1.17.1/grpc-protobuf-lite-1.17.1.jar:/home/user/.m2/repository/io/grpc/grpc-stub/1.17.1/grpc-stub-1.17.1.jar:/home/user/.m2/repository/org/apache/hadoop/hadoop-ozone-recon/0.5.0-SNAPSHOT/hadoop-ozone-recon-0.5.0-SNAPSHOT.jar:/home/user/.m2/repository/org/apache/hadoop/hadoop-ozone-reconcodegen/0.5.0-SNAPSHOT/hadoop-ozone-reconcodegen-0.5.0-SNAPSHOT.jar:/home/user/.m2/repository/com/google/inject/extensions/guice-multibindings/4.0/guice-multibindings-4.0.jar:/home/user/.m2/repository/com/google/inject/guice/4.0/guice-4.0.jar:/home/user/.m2/repository/aopalliance/aopalliance/1.0/aopalliance-1.0.jar:/home/user/.m2/repository/com/google/inject/extensions/guice-servlet/4.0/guice-servlet-4.0.jar:/home/user/.m2/repository/org/glassfish/jersey/containers/jersey-container-servlet/2.27/jersey-container-servlet-2.27.jar:/home/user/.m2/repository/org/glassfish/hk2/guice-bridge/2.5.0/guice-bridge-2.5.0.jar:/home/user/.m2/repository/org/glassfish/jersey/core/jersey-server/2.27/jersey-server-2.27.jar:/home/user/.m2/repository/org/glassfish/jersey/core/jersey-client/2.27/jersey-client-2.27.jar:/home/user/.m2/repository/org/glassfish/jersey/media/jersey-media-jaxb/2.27/jersey-media-jaxb-2.27.jar:/home/user/.m2/repository/javax/validation/validation-api/1.1.0.Final/validation-api-1.1.0.Final.jar:/home/user/.m2/repository/org/glassfish/jersey/media/jersey-media-json-jackson/2.27/jersey-media-json-jackson-2.27.jar:/home/user/.m2/repository/org/glassfish/jersey/ext/jersey-entity-filtering/2.27/jersey-entity-filtering-2.27.jar:/home/user/.m2/repository/com/google/inject/extensions/guice-assistedinject/4.0/guice-assistedinject-4.0.jar:/home/user/.m2/repository/org/jooq/jooq/3.11.10/jooq-3.11.10.jar:/home/user/.m2/repository/org/jooq/jooq-meta/3.11.10/jooq-meta-3.11.10.jar:/home/user/.m2/repository/org/jooq/jooq-codegen/3.11.10/jooq-codegen-3.11.10.jar:/home/user/.m2/repository/com/jolbox/bonecp/0.8.0.RELEASE/bonecp-0.8.0.RELEASE.jar:/home/user/.m2/repository/org/xerial/sqlite-jdbc/3.25.2/sqlite-jdbc-3.25.2.jar:/home/user/.m2/repository/org/springframework/spring-jdbc/5.1.3.RELEASE/spring-jdbc-5.1.3.RELEASE.jar:/home/user/.m2/repository/org/springframework/spring-beans/5.1.3.RELEASE/spring-beans-5.1.3.RELEASE.jar:/home/user/.m2/repository/org/springframework/spring-core/5.1.3.RELEASE/spring-core-5.1.3.RELEASE.jar:/home/user/.m2/repository/org/springframework/spring-jcl/5.1.3.RELEASE/spring-jcl-5.1.3.RELEASE.jar:/home/user/.m2/repository/org/springframework/spring-tx/5.1.3.RELEASE/spring-tx-5.1.3.RELEASE.jar:/home/user/.m2/repository/org/apache/hadoop/hadoop-ozone-client/0.5.0-SNAPSHOT/hadoop-ozone-client-0.5.0-SNAPSHOT.jar:/home/user/.m2/repository/commons-lang/commons-lang/2.6/commons-lang-2.6.jar:/home/user/.m2/repository/org/apache/hadoop/hadoop-ozone-ozone-manager/0.5.0-SNAPSHOT/hadoop-ozone-ozone-manager-0.5.0-SNAPSHOT-tests.jar:/home/user/.m2/repository/junit/junit/4.11/junit-4.11.jar:/home/user/.m2/repository/org/hamcrest/hamcrest-core/1.3/hamcrest-core-1.3.jar:/home/user/.m2/repository/org/openjdk/jmh/jmh-core/1.19/jmh-core-1.19.jar:/home/user/.m2/repository/net/sf/jopt-simple/jopt-simple/4.6/jopt-simple-4.6.jar:/home/user/.m2/repository/org/apache/commons/commons-math3/3.1.1/commons-math3-3.1.1.jar:/home/user/.m2/repository/org/openjdk/jmh/jmh-generator-annprocess/1.19/jmh-generator-annprocess-1.19.jar:/home/user/.m2/repository/org/mockito/mockito-all/1.8.5/mockito-all-1.8.5.jar:/home/user/.m2/repository/org/apache/hadoop/hadoop-kms/3.2.0/hadoop-kms-3.2.0.jar:/home/user/.m2/repository/org/apache/hadoop/hadoop-auth/3.2.0/hadoop-auth-3.2.0.jar:/home/user/.m2/repository/com/nimbusds/nimbus-jose-jwt/4.41.1/nimbus-jose-jwt-4.41.1.jar:/home/user/.m2/repository/com/github/stephenc/jcip/jcip-annotations/1.0-1/jcip-annotations-1.0-1.jar:/home/user/.m2/repository/net/minidev/json-smart/2.3/json-smart-2.3.jar:/home/user/.m2/repository/net/minidev/accessors-smart/1.2/accessors-smart-1.2.jar:/home/user/.m2/repository/org/ow2/asm/asm/5.0.4/asm-5.0.4.jar:/home/user/.m2/repository/org/apache/curator/curator-framework/2.12.0/curator-framework-2.12.0.jar:/home/user/.m2/repository/com/sun/jersey/jersey-core/1.19/jersey-core-1.19.jar:/home/user/.m2/repository/javax/ws/rs/jsr311-api/1.1.1/jsr311-api-1.1.1.jar:/home/user/.m2/repository/com/sun/jersey/jersey-server/1.19/jersey-server-1.19.jar:/home/user/.m2/repository/javax/servlet/javax.servlet-api/3.1.0/javax.servlet-api-3.1.0.jar:/home/user/.m2/repository/org/eclipse/jetty/jetty-server/9.3.24.v20180605/jetty-server-9.3.24.v20180605.jar:/home/user/.m2/repository/org/eclipse/jetty/jetty-http/9.3.24.v20180605/jetty-http-9.3.24.v20180605.jar:/home/user/.m2/repository/org/eclipse/jetty/jetty-io/9.3.24.v20180605/jetty-io-9.3.24.v20180605.jar:/home/user/.m2/repository/org/eclipse/jetty/jetty-webapp/9.3.24.v20180605/jetty-webapp-9.3.24.v20180605.jar:/home/user/.m2/repository/org/eclipse/jetty/jetty-xml/9.3.24.v20180605/jetty-xml-9.3.24.v20180605.jar:/home/user/.m2/repository/log4j/log4j/1.2.17/log4j-1.2.17.jar:/home/user/.m2/repository/org/slf4j/slf4j-api/1.7.25/slf4j-api-1.7.25.jar:/home/user/.m2/repository/org/slf4j/jul-to-slf4j/1.7.25/jul-to-slf4j-1.7.25.jar:/home/user/.m2/repository/org/eclipse/jetty/jetty-util/9.3.24.v20180605/jetty-util-9.3.24.v20180605.jar:/home/user/.m2/repository/com/fasterxml/jackson/core/jackson-databind/2.9.5/jackson-databind-2.9.5.jar:/home/user/.m2/repository/org/apache/hadoop/hadoop-kms/3.2.0/hadoop-kms-3.2.0-tests.jar:/home/user/.m2/repository/org/apache/hadoop/hadoop-hdds-server-scm/0.5.0-SNAPSHOT/hadoop-hdds-server-scm-0.5.0-SNAPSHOT-tests.jar:/home/user/.m2/repository/org/apache/hadoop/hadoop-hdds-container-service/0.5.0-SNAPSHOT/hadoop-hdds-container-service-0.5.0-SNAPSHOT-tests.jar:/home/user/.m2/repository/org/yaml/snakeyaml/1.16/snakeyaml-1.16.jar:/home/user/.m2/repository/org/apache/hadoop/hadoop-common/3.2.0/hadoop-common-3.2.0-tests.jar:/home/user/.m2/repository/org/apache/hadoop/hadoop-annotations/3.2.0/hadoop-annotations-3.2.0.jar:/usr/lib/jvm/java-1.8-openjdk/jre/../lib/tools.jar:/home/user/.m2/repository/commons-cli/commons-cli/1.2/commons-cli-1.2.jar:/home/user/.m2/repository/org/apache/httpcomponents/httpclient/4.5.2/httpclient-4.5.2.jar:/home/user/.m2/repository/org/apache/httpcomponents/httpcore/4.4.4/httpcore-4.4.4.jar:/home/user/.m2/repository/commons-codec/commons-codec/1.11/commons-codec-1.11.jar:/home/user/.m2/repository/commons-net/commons-net/3.6/commons-net-3.6.jar:/home/user/.m2/repository/commons-collections/commons-collections/3.2.2/commons-collections-3.2.2.jar:/home/user/.m2/repository/org/eclipse/jetty/jetty-servlet/9.3.24.v20180605/jetty-servlet-9.3.24.v20180605.jar:/home/user/.m2/repository/org/eclipse/jetty/jetty-security/9.3.24.v20180605/jetty-security-9.3.24.v20180605.jar:/home/user/.m2/repository/javax/servlet/jsp/jsp-api/2.1/jsp-api-2.1.jar:/home/user/.m2/repository/com/sun/jersey/jersey-servlet/1.19/jersey-servlet-1.19.jar:/home/user/.m2/repository/com/sun/jersey/jersey-json/1.19/jersey-json-1.19.jar:/home/user/.m2/repository/org/codehaus/jettison/jettison/1.1/jettison-1.1.jar:/home/user/.m2/repository/org/codehaus/jackson/jackson-core-asl/1.9.13/jackson-core-asl-1.9.13.jar:/home/user/.m2/repository/org/codehaus/jackson/jackson-mapper-asl/1.9.13/jackson-mapper-asl-1.9.13.jar:/home/user/.m2/repository/org/codehaus/jackson/jackson-jaxrs/1.9.13/jackson-jaxrs-1.9.13.jar:/home/user/.m2/repository/org/codehaus/jackson/jackson-xc/1.9.13/jackson-xc-1.9.13.jar:/home/user/.m2/repository/commons-logging/commons-logging/1.1.3/commons-logging-1.1.3.jar:/home/user/.m2/repository/commons-beanutils/commons-beanutils/1.9.3/commons-beanutils-1.9.3.jar:/home/user/.m2/repository/org/apache/commons/commons-configuration2/2.1.1/commons-configuration2-2.1.1.jar:/home/user/.m2/repository/org/apache/commons/commons-lang3/3.7/commons-lang3-3.7.jar:/home/user/.m2/repository/org/apache/commons/commons-text/1.4/commons-text-1.4.jar:/home/user/.m2/repository/org/apache/avro/avro/1.7.7/avro-1.7.7.jar:/home/user/.m2/repository/com/thoughtworks/paranamer/paranamer/2.3/paranamer-2.3.jar:/home/user/.m2/repository/org/xerial/snappy/snappy-java/1.0.5/snappy-java-1.0.5.jar:/home/user/.m2/repository/com/google/re2j/re2j/1.1/re2j-1.1.jar:/home/user/.m2/repository/com/google/code/gson/gson/2.2.4/gson-2.2.4.jar:/home/user/.m2/repository/com/jcraft/jsch/0.1.54/jsch-0.1.54.jar:/home/user/.m2/repository/org/apache/curator/curator-client/2.12.0/curator-client-2.12.0.jar:/home/user/.m2/repository/org/apache/curator/curator-recipes/2.12.0/curator-recipes-2.12.0.jar:/home/user/.m2/repository/com/google/code/findbugs/jsr305/3.0.0/jsr305-3.0.0.jar:/home/user/.m2/repository/org/apache/htrace/htrace-core4/4.1.0-incubating/htrace-core4-4.1.0-incubating.jar:/home/user/.m2/repository/org/apache/zookeeper/zookeeper/3.4.13/zookeeper-3.4.13.jar:/home/user/.m2/repository/org/apache/yetus/audience-annotations/0.5.0/audience-annotations-0.5.0.jar:/home/user/.m2/repository/org/codehaus/woodstox/stax2-api/3.1.4/stax2-api-3.1.4.jar:/home/user/.m2/repository/com/fasterxml/woodstox/woodstox-core/5.0.3/woodstox-core-5.0.3.jar:/home/user/.m2/repository/dnsjava/dnsjava/2.1.7/dnsjava-2.1.7.jar:/home/user/.m2/repository/org/apache/hadoop/hadoop-hdfs/3.2.0/hadoop-hdfs-3.2.0-tests.jar:/home/user/.m2/repository/org/eclipse/jetty/jetty-util-ajax/9.3.24.v20180605/jetty-util-ajax-9.3.24.v20180605.jar:/home/user/.m2/repository/commons-daemon/commons-daemon/1.0.13/commons-daemon-1.0.13.jar:/home/user/.m2/repository/io/netty/netty/3.10.5.Final/netty-3.10.5.Final.jar:/home/user/.m2/repository/io/netty/netty-all/4.0.52.Final/netty-all-4.0.52.Final.jar:/home/user/.m2/repository/org/fusesource/leveldbjni/leveldbjni-all/1.8/leveldbjni-all-1.8.jar:"/>
    <property name="java.vm.vendor" value="IcedTea"/>
    <property name="sun.arch.data.model" value="64"/>
    <property name="test.build.dir" value="/workdir/hadoop-ozone/integration-test/target/test-dir"/>
    <property name="test.cache.data" value=""/>
    <property name="java.vendor.url" value="https://icedtea.classpath.org"/>
    <property name="user.timezone" value=""/>
    <property name="java.vm.specification.version" value="1.8"/>
    <property name="os.name" value="Linux"/>
    <property name="test.build.data" value="/workdir/hadoop-ozone/integration-test/target/test-dir"/>
    <property name="user.country" value="US"/>
    <property name="sun.java.launcher" value="SUN_STANDARD"/>
    <property name="sun.boot.library.path" value="/usr/lib/jvm/java-1.8-openjdk/jre/lib/amd64"/>
    <property name="sun.java.command" value="/workdir/hadoop-ozone/integration-test/target/surefire/surefirebooter4872515798453871980.jar /workdir/hadoop-ozone/integration-test/target/surefire 2019-08-30T13-02-22_444-jvmRun1 surefire5538998846113684819tmp surefire_206822654715592986460tmp"/>
    <property name="test" value="!TestMiniChaosOzoneCluster"/>
    <property name="surefire.test.class.path" value="/workdir/hadoop-ozone/integration-test/target/test-classes:/workdir/hadoop-ozone/integration-test/target/classes:/home/user/.m2/repository/org/apache/hadoop/hadoop-ozone-common/0.5.0-SNAPSHOT/hadoop-ozone-common-0.5.0-SNAPSHOT.jar:/home/user/.m2/repository/org/apache/commons/commons-compress/1.4.1/commons-compress-1.4.1.jar:/home/user/.m2/repository/org/tukaani/xz/1.0/xz-1.0.jar:/home/user/.m2/repository/org/apache/hadoop/hadoop-common/3.2.0/hadoop-common-3.2.0.jar:/home/user/.m2/repository/org/apache/hadoop/hadoop-hdfs/3.2.0/hadoop-hdfs-3.2.0.jar:/home/user/.m2/repository/org/apache/hadoop/hadoop-hdfs-client/3.2.0/hadoop-hdfs-client-3.2.0.jar:/home/user/.m2/repository/com/fasterxml/jackson/core/jackson-annotations/2.9.5/jackson-annotations-2.9.5.jar:/home/user/.m2/repository/org/apache/hadoop/hadoop-hdds-common/0.5.0-SNAPSHOT/hadoop-hdds-common-0.5.0-SNAPSHOT.jar:/home/user/.m2/repository/javax/annotation/javax.annotation-api/1.2/javax.annotation-api-1.2.jar:/home/user/.m2/repository/org/apache/ratis/ratis-server/0.4.0-2337318-SNAPSHOT/ratis-server-0.4.0-2337318-SNAPSHOT.jar:/home/user/.m2/repository/org/apache/ratis/ratis-thirdparty-misc/0.2.0/ratis-thirdparty-misc-0.2.0.jar:/home/user/.m2/repository/org/apache/ratis/ratis-proto/0.4.0-2337318-SNAPSHOT/ratis-proto-0.4.0-2337318-SNAPSHOT.jar:/home/user/.m2/repository/org/apache/ratis/ratis-common/0.4.0-2337318-SNAPSHOT/ratis-common-0.4.0-2337318-SNAPSHOT.jar:/home/user/.m2/repository/org/apache/ratis/ratis-client/0.4.0-2337318-SNAPSHOT/ratis-client-0.4.0-2337318-SNAPSHOT.jar:/home/user/.m2/repository/org/apache/ratis/ratis-metrics/0.4.0-2337318-SNAPSHOT/ratis-metrics-0.4.0-2337318-SNAPSHOT.jar:/home/user/.m2/repository/org/apache/ratis/ratis-netty/0.4.0-2337318-SNAPSHOT/ratis-netty-0.4.0-2337318-SNAPSHOT.jar:/home/user/.m2/repository/org/apache/ratis/ratis-grpc/0.4.0-2337318-SNAPSHOT/ratis-grpc-0.4.0-2337318-SNAPSHOT.jar:/home/user/.m2/repository/org/rocksdb/rocksdbjni/6.0.1/rocksdbjni-6.0.1.jar:/home/user/.m2/repository/org/apache/logging/log4j/log4j-api/2.11.0/log4j-api-2.11.0.jar:/home/user/.m2/repository/org/apache/logging/log4j/log4j-core/2.11.0/log4j-core-2.11.0.jar:/home/user/.m2/repository/com/lmax/disruptor/3.4.2/disruptor-3.4.2.jar:/home/user/.m2/repository/org/apache/commons/commons-pool2/2.6.0/commons-pool2-2.6.0.jar:/home/user/.m2/repository/org/bouncycastle/bcpkix-jdk15on/1.60/bcpkix-jdk15on-1.60.jar:/home/user/.m2/repository/commons-validator/commons-validator/1.6/commons-validator-1.6.jar:/home/user/.m2/repository/commons-digester/commons-digester/1.8.1/commons-digester-1.8.1.jar:/home/user/.m2/repository/io/jaegertracing/jaeger-client/0.33.1/jaeger-client-0.33.1.jar:/home/user/.m2/repository/io/jaegertracing/jaeger-thrift/0.33.1/jaeger-thrift-0.33.1.jar:/home/user/.m2/repository/org/apache/thrift/libthrift/0.11.0/libthrift-0.11.0.jar:/home/user/.m2/repository/com/squareup/okhttp3/okhttp/3.9.0/okhttp-3.9.0.jar:/home/user/.m2/repository/com/squareup/okio/okio/1.13.0/okio-1.13.0.jar:/home/user/.m2/repository/io/jaegertracing/jaeger-core/0.33.1/jaeger-core-0.33.1.jar:/home/user/.m2/repository/io/jaegertracing/jaeger-tracerresolver/0.33.1/jaeger-tracerresolver-0.33.1.jar:/home/user/.m2/repository/io/opentracing/contrib/opentracing-tracerresolver/0.1.5/opentracing-tracerresolver-0.1.5.jar:/home/user/.m2/repository/io/opentracing/opentracing-util/0.31.0/opentracing-util-0.31.0.jar:/home/user/.m2/repository/io/opentracing/opentracing-api/0.31.0/opentracing-api-0.31.0.jar:/home/user/.m2/repository/io/opentracing/opentracing-noop/0.31.0/opentracing-noop-0.31.0.jar:/home/user/.m2/repository/org/apache/hadoop/hadoop-hdds-server-framework/0.5.0-SNAPSHOT/hadoop-hdds-server-framework-0.5.0-SNAPSHOT.jar:/home/user/.m2/repository/org/apache/hadoop/hadoop-hdds-container-service/0.5.0-SNAPSHOT/hadoop-hdds-container-service-0.5.0-SNAPSHOT.jar:/home/user/.m2/repository/org/apache/hadoop/hadoop-hdds-client/0.5.0-SNAPSHOT/hadoop-hdds-client-0.5.0-SNAPSHOT.jar:/home/user/.m2/repository/org/apache/hadoop/hadoop-hdds-tools/0.5.0-SNAPSHOT/hadoop-hdds-tools-0.5.0-SNAPSHOT.jar:/home/user/.m2/repository/org/apache/hadoop/hadoop-hdds-server-scm/0.5.0-SNAPSHOT/hadoop-hdds-server-scm-0.5.0-SNAPSHOT.jar:/home/user/.m2/repository/org/apache/hadoop/hadoop-hdds-docs/0.5.0-SNAPSHOT/hadoop-hdds-docs-0.5.0-SNAPSHOT.jar:/home/user/.m2/repository/io/dropwizard/metrics/metrics-core/3.2.4/metrics-core-3.2.4.jar:/home/user/.m2/repository/org/hamcrest/hamcrest-all/1.3/hamcrest-all-1.3.jar:/home/user/.m2/repository/org/bouncycastle/bcprov-jdk15on/1.60/bcprov-jdk15on-1.60.jar:/home/user/.m2/repository/info/picocli/picocli/3.9.6/picocli-3.9.6.jar:/home/user/.m2/repository/com/google/protobuf/protobuf-java/2.5.0/protobuf-java-2.5.0.jar:/home/user/.m2/repository/com/google/guava/guava/11.0.2/guava-11.0.2.jar:/home/user/.m2/repository/org/apache/hadoop/hadoop-ozone-ozone-manager/0.5.0-SNAPSHOT/hadoop-ozone-ozone-manager-0.5.0-SNAPSHOT.jar:/home/user/.m2/repository/org/apache/hadoop/hadoop-minikdc/3.2.0/hadoop-minikdc-3.2.0.jar:/home/user/.m2/repository/commons-io/commons-io/2.5/commons-io-2.5.jar:/home/user/.m2/repository/org/apache/kerby/kerb-simplekdc/1.0.1/kerb-simplekdc-1.0.1.jar:/home/user/.m2/repository/org/apache/kerby/kerb-client/1.0.1/kerb-client-1.0.1.jar:/home/user/.m2/repository/org/apache/kerby/kerby-config/1.0.1/kerby-config-1.0.1.jar:/home/user/.m2/repository/org/apache/kerby/kerb-core/1.0.1/kerb-core-1.0.1.jar:/home/user/.m2/repository/org/apache/kerby/kerby-pkix/1.0.1/kerby-pkix-1.0.1.jar:/home/user/.m2/repository/org/apache/kerby/kerby-asn1/1.0.1/kerby-asn1-1.0.1.jar:/home/user/.m2/repository/org/apache/kerby/kerby-util/1.0.1/kerby-util-1.0.1.jar:/home/user/.m2/repository/org/apache/kerby/kerb-common/1.0.1/kerb-common-1.0.1.jar:/home/user/.m2/repository/org/apache/kerby/kerb-crypto/1.0.1/kerb-crypto-1.0.1.jar:/home/user/.m2/repository/org/apache/kerby/kerb-util/1.0.1/kerb-util-1.0.1.jar:/home/user/.m2/repository/org/apache/kerby/token-provider/1.0.1/token-provider-1.0.1.jar:/home/user/.m2/repository/org/apache/kerby/kerb-admin/1.0.1/kerb-admin-1.0.1.jar:/home/user/.m2/repository/org/apache/kerby/kerb-server/1.0.1/kerb-server-1.0.1.jar:/home/user/.m2/repository/org/apache/kerby/kerb-identity/1.0.1/kerb-identity-1.0.1.jar:/home/user/.m2/repository/org/apache/kerby/kerby-xdr/1.0.1/kerby-xdr-1.0.1.jar:/home/user/.m2/repository/org/slf4j/slf4j-log4j12/1.7.25/slf4j-log4j12-1.7.25.jar:/home/user/.m2/repository/org/apache/hadoop/hadoop-ozone-s3gateway/0.5.0-SNAPSHOT/hadoop-ozone-s3gateway-0.5.0-SNAPSHOT.jar:/home/user/.m2/repository/org/jboss/weld/servlet/weld-servlet/2.4.7.Final/weld-servlet-2.4.7.Final.jar:/home/user/.m2/repository/org/glassfish/jersey/containers/jersey-container-servlet-core/2.27/jersey-container-servlet-core-2.27.jar:/home/user/.m2/repository/org/glassfish/hk2/external/javax.inject/2.5.0-b42/javax.inject-2.5.0-b42.jar:/home/user/.m2/repository/org/glassfish/jersey/core/jersey-common/2.27/jersey-common-2.27.jar:/home/user/.m2/repository/org/glassfish/hk2/osgi-resource-locator/1.0.1/osgi-resource-locator-1.0.1.jar:/home/user/.m2/repository/javax/ws/rs/javax.ws.rs-api/2.1/javax.ws.rs-api-2.1.jar:/home/user/.m2/repository/org/glassfish/jersey/ext/cdi/jersey-cdi1x/2.27/jersey-cdi1x-2.27.jar:/home/user/.m2/repository/org/glassfish/jersey/inject/jersey-hk2/2.27/jersey-hk2-2.27.jar:/home/user/.m2/repository/org/glassfish/hk2/hk2-locator/2.5.0-b42/hk2-locator-2.5.0-b42.jar:/home/user/.m2/repository/org/javassist/javassist/3.22.0-CR2/javassist-3.22.0-CR2.jar:/home/user/.m2/repository/org/glassfish/hk2/hk2-api/2.5.0/hk2-api-2.5.0.jar:/home/user/.m2/repository/org/glassfish/hk2/external/jakarta.inject/2.5.0/jakarta.inject-2.5.0.jar:/home/user/.m2/repository/org/glassfish/hk2/hk2-utils/2.5.0/hk2-utils-2.5.0.jar:/home/user/.m2/repository/jakarta/annotation/jakarta.annotation-api/1.3.4/jakarta.annotation-api-1.3.4.jar:/home/user/.m2/repository/org/glassfish/hk2/external/aopalliance-repackaged/2.5.0/aopalliance-repackaged-2.5.0.jar:/home/user/.m2/repository/com/fasterxml/jackson/dataformat/jackson-dataformat-xml/2.9.0/jackson-dataformat-xml-2.9.0.jar:/home/user/.m2/repository/com/fasterxml/jackson/core/jackson-core/2.9.5/jackson-core-2.9.5.jar:/home/user/.m2/repository/com/fasterxml/jackson/module/jackson-module-jaxb-annotations/2.9.5/jackson-module-jaxb-annotations-2.9.5.jar:/home/user/.m2/repository/javax/enterprise/cdi-api/1.2/cdi-api-1.2.jar:/home/user/.m2/repository/javax/el/javax.el-api/3.0.0/javax.el-api-3.0.0.jar:/home/user/.m2/repository/javax/interceptor/javax.interceptor-api/1.2/javax.interceptor-api-1.2.jar:/home/user/.m2/repository/javax/inject/javax.inject/1/javax.inject-1.jar:/home/user/.m2/repository/com/sun/xml/bind/jaxb-impl/2.3.0.1/jaxb-impl-2.3.0.1.jar:/home/user/.m2/repository/com/sun/xml/bind/jaxb-core/2.3.0.1/jaxb-core-2.3.0.1.jar:/home/user/.m2/repository/javax/xml/bind/jaxb-api/2.3.0/jaxb-api-2.3.0.jar:/home/user/.m2/repository/javax/activation/activation/1.1.1/activation-1.1.1.jar:/home/user/.m2/repository/org/apache/hadoop/hadoop-ozone-csi/0.5.0-SNAPSHOT/hadoop-ozone-csi-0.5.0-SNAPSHOT.jar:/home/user/.m2/repository/com/google/protobuf/protobuf-java-util/3.5.1/protobuf-java-util-3.5.1.jar:/home/user/.m2/repository/org/apache/hadoop/hadoop-hdds-config/0.5.0-SNAPSHOT/hadoop-hdds-config-0.5.0-SNAPSHOT.jar:/home/user/.m2/repository/io/grpc/grpc-netty/1.17.1/grpc-netty-1.17.1.jar:/home/user/.m2/repository/io/grpc/grpc-core/1.17.1/grpc-core-1.17.1.jar:/home/user/.m2/repository/io/grpc/grpc-context/1.17.1/grpc-context-1.17.1.jar:/home/user/.m2/repository/com/google/errorprone/error_prone_annotations/2.2.0/error_prone_annotations-2.2.0.jar:/home/user/.m2/repository/org/codehaus/mojo/animal-sniffer-annotations/1.17/animal-sniffer-annotations-1.17.jar:/home/user/.m2/repository/io/opencensus/opencensus-api/0.17.0/opencensus-api-0.17.0.jar:/home/user/.m2/repository/io/opencensus/opencensus-contrib-grpc-metrics/0.17.0/opencensus-contrib-grpc-metrics-0.17.0.jar:/home/user/.m2/repository/io/netty/netty-codec-http2/4.1.30.Final/netty-codec-http2-4.1.30.Final.jar:/home/user/.m2/repository/io/netty/netty-codec-http/4.1.30.Final/netty-codec-http-4.1.30.Final.jar:/home/user/.m2/repository/io/netty/netty-codec/4.1.30.Final/netty-codec-4.1.30.Final.jar:/home/user/.m2/repository/io/netty/netty-handler/4.1.30.Final/netty-handler-4.1.30.Final.jar:/home/user/.m2/repository/io/netty/netty-handler-proxy/4.1.30.Final/netty-handler-proxy-4.1.30.Final.jar:/home/user/.m2/repository/io/netty/netty-codec-socks/4.1.30.Final/netty-codec-socks-4.1.30.Final.jar:/home/user/.m2/repository/io/netty/netty-transport-native-epoll/4.1.30.Final/netty-transport-native-epoll-4.1.30.Final.jar:/home/user/.m2/repository/io/netty/netty-common/4.1.30.Final/netty-common-4.1.30.Final.jar:/home/user/.m2/repository/io/netty/netty-buffer/4.1.30.Final/netty-buffer-4.1.30.Final.jar:/home/user/.m2/repository/io/netty/netty-transport/4.1.30.Final/netty-transport-4.1.30.Final.jar:/home/user/.m2/repository/io/netty/netty-resolver/4.1.30.Final/netty-resolver-4.1.30.Final.jar:/home/user/.m2/repository/io/netty/netty-transport-native-unix-common/4.1.30.Final/netty-transport-native-unix-common-4.1.30.Final.jar:/home/user/.m2/repository/io/grpc/grpc-protobuf/1.17.1/grpc-protobuf-1.17.1.jar:/home/user/.m2/repository/com/google/api/grpc/proto-google-common-protos/1.0.0/proto-google-common-protos-1.0.0.jar:/home/user/.m2/repository/io/grpc/grpc-protobuf-lite/1.17.1/grpc-protobuf-lite-1.17.1.jar:/home/user/.m2/repository/io/grpc/grpc-stub/1.17.1/grpc-stub-1.17.1.jar:/home/user/.m2/repository/org/apache/hadoop/hadoop-ozone-recon/0.5.0-SNAPSHOT/hadoop-ozone-recon-0.5.0-SNAPSHOT.jar:/home/user/.m2/repository/org/apache/hadoop/hadoop-ozone-reconcodegen/0.5.0-SNAPSHOT/hadoop-ozone-reconcodegen-0.5.0-SNAPSHOT.jar:/home/user/.m2/repository/com/google/inject/extensions/guice-multibindings/4.0/guice-multibindings-4.0.jar:/home/user/.m2/repository/com/google/inject/guice/4.0/guice-4.0.jar:/home/user/.m2/repository/aopalliance/aopalliance/1.0/aopalliance-1.0.jar:/home/user/.m2/repository/com/google/inject/extensions/guice-servlet/4.0/guice-servlet-4.0.jar:/home/user/.m2/repository/org/glassfish/jersey/containers/jersey-container-servlet/2.27/jersey-container-servlet-2.27.jar:/home/user/.m2/repository/org/glassfish/hk2/guice-bridge/2.5.0/guice-bridge-2.5.0.jar:/home/user/.m2/repository/org/glassfish/jersey/core/jersey-server/2.27/jersey-server-2.27.jar:/home/user/.m2/repository/org/glassfish/jersey/core/jersey-client/2.27/jersey-client-2.27.jar:/home/user/.m2/repository/org/glassfish/jersey/media/jersey-media-jaxb/2.27/jersey-media-jaxb-2.27.jar:/home/user/.m2/repository/javax/validation/validation-api/1.1.0.Final/validation-api-1.1.0.Final.jar:/home/user/.m2/repository/org/glassfish/jersey/media/jersey-media-json-jackson/2.27/jersey-media-json-jackson-2.27.jar:/home/user/.m2/repository/org/glassfish/jersey/ext/jersey-entity-filtering/2.27/jersey-entity-filtering-2.27.jar:/home/user/.m2/repository/com/google/inject/extensions/guice-assistedinject/4.0/guice-assistedinject-4.0.jar:/home/user/.m2/repository/org/jooq/jooq/3.11.10/jooq-3.11.10.jar:/home/user/.m2/repository/org/jooq/jooq-meta/3.11.10/jooq-meta-3.11.10.jar:/home/user/.m2/repository/org/jooq/jooq-codegen/3.11.10/jooq-codegen-3.11.10.jar:/home/user/.m2/repository/com/jolbox/bonecp/0.8.0.RELEASE/bonecp-0.8.0.RELEASE.jar:/home/user/.m2/repository/org/xerial/sqlite-jdbc/3.25.2/sqlite-jdbc-3.25.2.jar:/home/user/.m2/repository/org/springframework/spring-jdbc/5.1.3.RELEASE/spring-jdbc-5.1.3.RELEASE.jar:/home/user/.m2/repository/org/springframework/spring-beans/5.1.3.RELEASE/spring-beans-5.1.3.RELEASE.jar:/home/user/.m2/repository/org/springframework/spring-core/5.1.3.RELEASE/spring-core-5.1.3.RELEASE.jar:/home/user/.m2/repository/org/springframework/spring-jcl/5.1.3.RELEASE/spring-jcl-5.1.3.RELEASE.jar:/home/user/.m2/repository/org/springframework/spring-tx/5.1.3.RELEASE/spring-tx-5.1.3.RELEASE.jar:/home/user/.m2/repository/org/apache/hadoop/hadoop-ozone-client/0.5.0-SNAPSHOT/hadoop-ozone-client-0.5.0-SNAPSHOT.jar:/home/user/.m2/repository/commons-lang/commons-lang/2.6/commons-lang-2.6.jar:/home/user/.m2/repository/org/apache/hadoop/hadoop-ozone-ozone-manager/0.5.0-SNAPSHOT/hadoop-ozone-ozone-manager-0.5.0-SNAPSHOT-tests.jar:/home/user/.m2/repository/junit/junit/4.11/junit-4.11.jar:/home/user/.m2/repository/org/hamcrest/hamcrest-core/1.3/hamcrest-core-1.3.jar:/home/user/.m2/repository/org/openjdk/jmh/jmh-core/1.19/jmh-core-1.19.jar:/home/user/.m2/repository/net/sf/jopt-simple/jopt-simple/4.6/jopt-simple-4.6.jar:/home/user/.m2/repository/org/apache/commons/commons-math3/3.1.1/commons-math3-3.1.1.jar:/home/user/.m2/repository/org/openjdk/jmh/jmh-generator-annprocess/1.19/jmh-generator-annprocess-1.19.jar:/home/user/.m2/repository/org/mockito/mockito-all/1.8.5/mockito-all-1.8.5.jar:/home/user/.m2/repository/org/apache/hadoop/hadoop-kms/3.2.0/hadoop-kms-3.2.0.jar:/home/user/.m2/repository/org/apache/hadoop/hadoop-auth/3.2.0/hadoop-auth-3.2.0.jar:/home/user/.m2/repository/com/nimbusds/nimbus-jose-jwt/4.41.1/nimbus-jose-jwt-4.41.1.jar:/home/user/.m2/repository/com/github/stephenc/jcip/jcip-annotations/1.0-1/jcip-annotations-1.0-1.jar:/home/user/.m2/repository/net/minidev/json-smart/2.3/json-smart-2.3.jar:/home/user/.m2/repository/net/minidev/accessors-smart/1.2/accessors-smart-1.2.jar:/home/user/.m2/repository/org/ow2/asm/asm/5.0.4/asm-5.0.4.jar:/home/user/.m2/repository/org/apache/curator/curator-framework/2.12.0/curator-framework-2.12.0.jar:/home/user/.m2/repository/com/sun/jersey/jersey-core/1.19/jersey-core-1.19.jar:/home/user/.m2/repository/javax/ws/rs/jsr311-api/1.1.1/jsr311-api-1.1.1.jar:/home/user/.m2/repository/com/sun/jersey/jersey-server/1.19/jersey-server-1.19.jar:/home/user/.m2/repository/javax/servlet/javax.servlet-api/3.1.0/javax.servlet-api-3.1.0.jar:/home/user/.m2/repository/org/eclipse/jetty/jetty-server/9.3.24.v20180605/jetty-server-9.3.24.v20180605.jar:/home/user/.m2/repository/org/eclipse/jetty/jetty-http/9.3.24.v20180605/jetty-http-9.3.24.v20180605.jar:/home/user/.m2/repository/org/eclipse/jetty/jetty-io/9.3.24.v20180605/jetty-io-9.3.24.v20180605.jar:/home/user/.m2/repository/org/eclipse/jetty/jetty-webapp/9.3.24.v20180605/jetty-webapp-9.3.24.v20180605.jar:/home/user/.m2/repository/org/eclipse/jetty/jetty-xml/9.3.24.v20180605/jetty-xml-9.3.24.v20180605.jar:/home/user/.m2/repository/log4j/log4j/1.2.17/log4j-1.2.17.jar:/home/user/.m2/repository/org/slf4j/slf4j-api/1.7.25/slf4j-api-1.7.25.jar:/home/user/.m2/repository/org/slf4j/jul-to-slf4j/1.7.25/jul-to-slf4j-1.7.25.jar:/home/user/.m2/repository/org/eclipse/jetty/jetty-util/9.3.24.v20180605/jetty-util-9.3.24.v20180605.jar:/home/user/.m2/repository/com/fasterxml/jackson/core/jackson-databind/2.9.5/jackson-databind-2.9.5.jar:/home/user/.m2/repository/org/apache/hadoop/hadoop-kms/3.2.0/hadoop-kms-3.2.0-tests.jar:/home/user/.m2/repository/org/apache/hadoop/hadoop-hdds-server-scm/0.5.0-SNAPSHOT/hadoop-hdds-server-scm-0.5.0-SNAPSHOT-tests.jar:/home/user/.m2/repository/org/apache/hadoop/hadoop-hdds-container-service/0.5.0-SNAPSHOT/hadoop-hdds-container-service-0.5.0-SNAPSHOT-tests.jar:/home/user/.m2/repository/org/yaml/snakeyaml/1.16/snakeyaml-1.16.jar:/home/user/.m2/repository/org/apache/hadoop/hadoop-common/3.2.0/hadoop-common-3.2.0-tests.jar:/home/user/.m2/repository/org/apache/hadoop/hadoop-annotations/3.2.0/hadoop-annotations-3.2.0.jar:/usr/lib/jvm/java-1.8-openjdk/jre/../lib/tools.jar:/home/user/.m2/repository/commons-cli/commons-cli/1.2/commons-cli-1.2.jar:/home/user/.m2/repository/org/apache/httpcomponents/httpclient/4.5.2/httpclient-4.5.2.jar:/home/user/.m2/repository/org/apache/httpcomponents/httpcore/4.4.4/httpcore-4.4.4.jar:/home/user/.m2/repository/commons-codec/commons-codec/1.11/commons-codec-1.11.jar:/home/user/.m2/repository/commons-net/commons-net/3.6/commons-net-3.6.jar:/home/user/.m2/repository/commons-collections/commons-collections/3.2.2/commons-collections-3.2.2.jar:/home/user/.m2/repository/org/eclipse/jetty/jetty-servlet/9.3.24.v20180605/jetty-servlet-9.3.24.v20180605.jar:/home/user/.m2/repository/org/eclipse/jetty/jetty-security/9.3.24.v20180605/jetty-security-9.3.24.v20180605.jar:/home/user/.m2/repository/javax/servlet/jsp/jsp-api/2.1/jsp-api-2.1.jar:/home/user/.m2/repository/com/sun/jersey/jersey-servlet/1.19/jersey-servlet-1.19.jar:/home/user/.m2/repository/com/sun/jersey/jersey-json/1.19/jersey-json-1.19.jar:/home/user/.m2/repository/org/codehaus/jettison/jettison/1.1/jettison-1.1.jar:/home/user/.m2/repository/org/codehaus/jackson/jackson-core-asl/1.9.13/jackson-core-asl-1.9.13.jar:/home/user/.m2/repository/org/codehaus/jackson/jackson-mapper-asl/1.9.13/jackson-mapper-asl-1.9.13.jar:/home/user/.m2/repository/org/codehaus/jackson/jackson-jaxrs/1.9.13/jackson-jaxrs-1.9.13.jar:/home/user/.m2/repository/org/codehaus/jackson/jackson-xc/1.9.13/jackson-xc-1.9.13.jar:/home/user/.m2/repository/commons-logging/commons-logging/1.1.3/commons-logging-1.1.3.jar:/home/user/.m2/repository/commons-beanutils/commons-beanutils/1.9.3/commons-beanutils-1.9.3.jar:/home/user/.m2/repository/org/apache/commons/commons-configuration2/2.1.1/commons-configuration2-2.1.1.jar:/home/user/.m2/repository/org/apache/commons/commons-lang3/3.7/commons-lang3-3.7.jar:/home/user/.m2/repository/org/apache/commons/commons-text/1.4/commons-text-1.4.jar:/home/user/.m2/repository/org/apache/avro/avro/1.7.7/avro-1.7.7.jar:/home/user/.m2/repository/com/thoughtworks/paranamer/paranamer/2.3/paranamer-2.3.jar:/home/user/.m2/repository/org/xerial/snappy/snappy-java/1.0.5/snappy-java-1.0.5.jar:/home/user/.m2/repository/com/google/re2j/re2j/1.1/re2j-1.1.jar:/home/user/.m2/repository/com/google/code/gson/gson/2.2.4/gson-2.2.4.jar:/home/user/.m2/repository/com/jcraft/jsch/0.1.54/jsch-0.1.54.jar:/home/user/.m2/repository/org/apache/curator/curator-client/2.12.0/curator-client-2.12.0.jar:/home/user/.m2/repository/org/apache/curator/curator-recipes/2.12.0/curator-recipes-2.12.0.jar:/home/user/.m2/repository/com/google/code/findbugs/jsr305/3.0.0/jsr305-3.0.0.jar:/home/user/.m2/repository/org/apache/htrace/htrace-core4/4.1.0-incubating/htrace-core4-4.1.0-incubating.jar:/home/user/.m2/repository/org/apache/zookeeper/zookeeper/3.4.13/zookeeper-3.4.13.jar:/home/user/.m2/repository/org/apache/yetus/audience-annotations/0.5.0/audience-annotations-0.5.0.jar:/home/user/.m2/repository/org/codehaus/woodstox/stax2-api/3.1.4/stax2-api-3.1.4.jar:/home/user/.m2/repository/com/fasterxml/woodstox/woodstox-core/5.0.3/woodstox-core-5.0.3.jar:/home/user/.m2/repository/dnsjava/dnsjava/2.1.7/dnsjava-2.1.7.jar:/home/user/.m2/repository/org/apache/hadoop/hadoop-hdfs/3.2.0/hadoop-hdfs-3.2.0-tests.jar:/home/user/.m2/repository/org/eclipse/jetty/jetty-util-ajax/9.3.24.v20180605/jetty-util-ajax-9.3.24.v20180605.jar:/home/user/.m2/repository/commons-daemon/commons-daemon/1.0.13/commons-daemon-1.0.13.jar:/home/user/.m2/repository/io/netty/netty/3.10.5.Final/netty-3.10.5.Final.jar:/home/user/.m2/repository/io/netty/netty-all/4.0.52.Final/netty-all-4.0.52.Final.jar:/home/user/.m2/repository/org/fusesource/leveldbjni/leveldbjni-all/1.8/leveldbjni-all-1.8.jar:"/>
    <property name="sun.cpu.endian" value="little"/>
    <property name="user.home" value="/home/user"/>
    <property name="user.language" value="en"/>
    <property name="java.specification.vendor" value="Oracle Corporation"/>
    <property name="java.home" value="/usr/lib/jvm/java-1.8-openjdk/jre"/>
    <property name="java.security.krb5.conf" value="/workdir/hadoop-ozone/integration-test/target/test-classes/krb5.conf"/>
    <property name="basedir" value="/workdir/hadoop-ozone/integration-test"/>
    <property name="file.separator" value="/"/>
    <property name="line.separator" value="&#10;"/>
    <property name="java.vm.specification.vendor" value="Oracle Corporation"/>
    <property name="java.specification.name" value="Java Platform API Specification"/>
    <property name="java.awt.graphicsenv" value="sun.awt.X11GraphicsEnvironment"/>
    <property name="surefire.real.class.path" value="/workdir/hadoop-ozone/integration-test/target/surefire/surefirebooter4872515798453871980.jar"/>
    <property name="hadoop.log.dir" value="/workdir/hadoop-ozone/integration-test/target/log"/>
    <property name="sun.boot.class.path" value="/usr/lib/jvm/java-1.8-openjdk/jre/lib/resources.jar:/usr/lib/jvm/java-1.8-openjdk/jre/lib/rt.jar:/usr/lib/jvm/java-1.8-openjdk/jre/lib/sunrsasign.jar:/usr/lib/jvm/java-1.8-openjdk/jre/lib/jsse.jar:/usr/lib/jvm/java-1.8-openjdk/jre/lib/jce.jar:/usr/lib/jvm/java-1.8-openjdk/jre/lib/charsets.jar:/usr/lib/jvm/java-1.8-openjdk/jre/lib/jfr.jar:/usr/lib/jvm/java-1.8-openjdk/jre/classes"/>
    <property name="sun.management.compiler" value="HotSpot 64-Bit Tiered Compilers"/>
    <property name="java.runtime.version" value="1.8.0_212-b04"/>
    <property name="java.net.preferIPv4Stack" value="true"/>
    <property name="user.name" value="jenkins1000"/>
    <property name="path.separator" value=":"/>
    <property name="java.security.egd" value="file:///dev/urandom"/>
    <property name="os.version" value="3.10.0-957.12.2.el7.x86_64"/>
    <property name="java.endorsed.dirs" value="/usr/lib/jvm/java-1.8-openjdk/jre/lib/endorsed"/>
    <property name="java.runtime.name" value="OpenJDK Runtime Environment"/>
    <property name="file.encoding" value="UTF-8"/>
    <property name="java.vm.name" value="OpenJDK 64-Bit Server VM"/>
    <property name="test.build.webapps" value=""/>
    <property name="localRepository" value="/home/user/.m2/repository"/>
    <property name="java.vendor.url.bug" value="https://icedtea.classpath.org/bugzilla"/>
    <property name="java.io.tmpdir" value="/tmp"/>
    <property name="require.test.libhadoop" value=""/>
    <property name="java.version" value="1.8.0_212"/>
    <property name="user.dir" value="/workdir/hadoop-ozone/integration-test"/>
    <property name="os.arch" value="amd64"/>
    <property name="java.vm.specification.name" value="Java Virtual Machine Specification"/>
    <property name="test.build.classes" value="/workdir/hadoop-ozone/integration-test/target/test-classes"/>
    <property name="java.awt.printerjob" value="sun.print.PSPrinterJob"/>
    <property name="sun.os.patch.level" value="unknown"/>
    <property name="hadoop.tmp.dir" value="/workdir/hadoop-ozone/integration-test/target/tmp"/>
    <property name="java.library.path" value="/usr/lib/jvm/java-1.8-openjdk/jre/lib/amd64/server:/usr/lib/jvm/java-1.8-openjdk/jre/lib/amd64:/usr/lib/jvm/java-1.8-openjdk/jre/../lib/amd64:/workdir/hadoop-ozone/integration-test/target/native/target/usr/local/lib:/workdir/hadoop-ozone/integration-test/../../hadoop-common-project/hadoop-common/target/native/target/usr/local/lib:/usr/java/packages/lib/amd64:/usr/lib64:/lib64:/lib:/usr/lib"/>
    <property name="java.vm.info" value="mixed mode"/>
    <property name="java.vendor" value="IcedTea"/>
    <property name="java.vm.version" value="25.212-b04"/>
    <property name="java.ext.dirs" value="/usr/lib/jvm/java-1.8-openjdk/jre/lib/ext:/usr/java/packages/lib/ext"/>
    <property name="sun.io.unicode.encoding" value="UnicodeLittle"/>
    <property name="java.class.version" value="52.0"/>
  </properties>
  <testcase name="test2DatanodesFailure" classname="org.apache.hadoop.ozone.client.rpc.TestBlockOutputStreamWithFailures" time="109.694"/>
  <testcase name="testDatanodeFailureWithPreAllocation" classname="org.apache.hadoop.ozone.client.rpc.TestBlockOutputStreamWithFailures" time="226.224"/>
  <testcase name="testDatanodeFailureWithSingleNodeRatis" classname="org.apache.hadoop.ozone.client.rpc.TestBlockOutputStreamWithFailures" time="225.502"/>
  <testcase name="testWatchForCommitWithSingleNodeRatis" classname="org.apache.hadoop.ozone.client.rpc.TestBlockOutputStreamWithFailures" time="33.819"/>
  <testcase name="testWatchForCommitDatanodeFailure" classname="org.apache.hadoop.ozone.client.rpc.TestBlockOutputStreamWithFailures" time="53.21">
    <failure message="expected:&lt;2&gt; but was:&lt;3&gt;" type="java.lang.AssertionError"><![CDATA[java.lang.AssertionError: expected:<2> but was:<3>
	at org.junit.Assert.fail(Assert.java:88)
	at org.junit.Assert.failNotEquals(Assert.java:743)
	at org.junit.Assert.assertEquals(Assert.java:118)
	at org.junit.Assert.assertEquals(Assert.java:555)
	at org.junit.Assert.assertEquals(Assert.java:542)
	at org.apache.hadoop.ozone.client.rpc.TestBlockOutputStreamWithFailures.testWatchForCommitDatanodeFailure(TestBlockOutputStreamWithFailures.java:366)
	at sun.reflect.NativeMethodAccessorImpl.invoke0(Native Method)
	at sun.reflect.NativeMethodAccessorImpl.invoke(NativeMethodAccessorImpl.java:62)
	at sun.reflect.DelegatingMethodAccessorImpl.invoke(DelegatingMethodAccessorImpl.java:43)
	at java.lang.reflect.Method.invoke(Method.java:498)
	at org.junit.runners.model.FrameworkMethod$1.runReflectiveCall(FrameworkMethod.java:47)
	at org.junit.internal.runners.model.ReflectiveCallable.run(ReflectiveCallable.java:12)
	at org.junit.runners.model.FrameworkMethod.invokeExplosively(FrameworkMethod.java:44)
	at org.junit.internal.runners.statements.InvokeMethod.evaluate(InvokeMethod.java:17)
	at org.junit.internal.runners.statements.RunBefores.evaluate(RunBefores.java:26)
	at org.junit.internal.runners.statements.RunAfters.evaluate(RunAfters.java:27)
	at org.junit.runners.ParentRunner.runLeaf(ParentRunner.java:271)
	at org.junit.runners.BlockJUnit4ClassRunner.runChild(BlockJUnit4ClassRunner.java:70)
	at org.junit.runners.BlockJUnit4ClassRunner.runChild(BlockJUnit4ClassRunner.java:50)
	at org.junit.runners.ParentRunner$3.run(ParentRunner.java:238)
	at org.junit.runners.ParentRunner$1.schedule(ParentRunner.java:63)
	at org.junit.runners.ParentRunner.runChildren(ParentRunner.java:236)
	at org.junit.runners.ParentRunner.access$000(ParentRunner.java:53)
	at org.junit.runners.ParentRunner$2.evaluate(ParentRunner.java:229)
	at org.junit.runners.ParentRunner.run(ParentRunner.java:309)
	at org.apache.maven.surefire.junit4.JUnit4Provider.execute(JUnit4Provider.java:365)
	at org.apache.maven.surefire.junit4.JUnit4Provider.executeWithRerun(JUnit4Provider.java:273)
	at org.apache.maven.surefire.junit4.JUnit4Provider.executeTestSet(JUnit4Provider.java:238)
	at org.apache.maven.surefire.junit4.JUnit4Provider.invoke(JUnit4Provider.java:159)
	at org.apache.maven.surefire.booter.ForkedBooter.invokeProviderInSameClassLoader(ForkedBooter.java:384)
	at org.apache.maven.surefire.booter.ForkedBooter.runSuitesInProcess(ForkedBooter.java:345)
	at org.apache.maven.surefire.booter.ForkedBooter.execute(ForkedBooter.java:126)
	at org.apache.maven.surefire.booter.ForkedBooter.main(ForkedBooter.java:418)
]]></failure>
    <system-out><![CDATA[2019-08-30 13:29:55,242 [main] WARN  server.ServerUtils (ServerUtils.java:getScmDbDir(145)) - ozone.scm.db.dirs is not configured. We recommend adding this setting. Falling back to ozone.metadata.dirs instead.
2019-08-30 13:29:55,259 [main] WARN  server.ServerUtils (ServerUtils.java:getScmDbDir(145)) - ozone.scm.db.dirs is not configured. We recommend adding this setting. Falling back to ozone.metadata.dirs instead.
2019-08-30 13:29:55,259 [main] WARN  server.ServerUtils (ServerUtils.java:getScmDbDir(145)) - ozone.scm.db.dirs is not configured. We recommend adding this setting. Falling back to ozone.metadata.dirs instead.
2019-08-30 13:29:55,260 [main] INFO  db.DBStoreBuilder (DBStoreBuilder.java:addTable(110)) - using custom profile for table: deletedBlocks
2019-08-30 13:29:55,260 [main] INFO  db.DBStoreBuilder (DBStoreBuilder.java:processTables(161)) - Using default column profile:DBProfile.DISK for Table:deletedBlocks
2019-08-30 13:29:55,260 [main] INFO  db.DBStoreBuilder (DBStoreBuilder.java:addTable(110)) - using custom profile for table: validCerts
2019-08-30 13:29:55,260 [main] INFO  db.DBStoreBuilder (DBStoreBuilder.java:processTables(161)) - Using default column profile:DBProfile.DISK for Table:validCerts
2019-08-30 13:29:55,260 [main] INFO  db.DBStoreBuilder (DBStoreBuilder.java:addTable(110)) - using custom profile for table: revokedCerts
2019-08-30 13:29:55,261 [main] INFO  db.DBStoreBuilder (DBStoreBuilder.java:processTables(161)) - Using default column profile:DBProfile.DISK for Table:revokedCerts
2019-08-30 13:29:55,261 [main] INFO  db.DBStoreBuilder (DBStoreBuilder.java:addTable(110)) - using custom profile for table: default
2019-08-30 13:29:55,261 [main] INFO  db.DBStoreBuilder (DBStoreBuilder.java:processTables(167)) - Using default column profile:DBProfile.DISK for Table:default
2019-08-30 13:29:55,261 [main] INFO  db.DBStoreBuilder (DBStoreBuilder.java:getDbProfile(198)) - Using default options. DBProfile.DISK
2019-08-30 13:29:55,471 [main] INFO  net.NodeSchemaLoader (NodeSchemaLoader.java:loadSchemaFromFile(125)) - Loading file from sun.misc.CompoundEnumeration@6a1568d6
2019-08-30 13:29:55,472 [main] INFO  net.NodeSchemaLoader (NodeSchemaLoader.java:loadSchema(171)) - Loading network topology layer schema file
2019-08-30 13:29:55,480 [main] INFO  node.SCMNodeManager (SCMNodeManager.java:<init>(114)) - Entering startup safe mode.
2019-08-30 13:29:55,481 [main] INFO  algorithms.ContainerPlacementPolicyFactory (ContainerPlacementPolicyFactory.java:getPolicy(55)) - Create container placement policy of type org.apache.hadoop.hdds.scm.container.placement.algorithms.SCMContainerPlacementRandom
2019-08-30 13:29:55,481 [main] WARN  server.ServerUtils (ServerUtils.java:getScmDbDir(145)) - ozone.scm.db.dirs is not configured. We recommend adding this setting. Falling back to ozone.metadata.dirs instead.
2019-08-30 13:29:55,626 [main] INFO  pipeline.SCMPipelineManager (SCMPipelineManager.java:initializePipelineState(126)) - No pipeline exists in current db
2019-08-30 13:29:55,627 [main] WARN  server.ServerUtils (ServerUtils.java:getScmDbDir(145)) - ozone.scm.db.dirs is not configured. We recommend adding this setting. Falling back to ozone.metadata.dirs instead.
2019-08-30 13:29:55,710 [main] WARN  events.EventQueue (EventQueue.java:fireEvent(183)) - No event handler registered for event TypedEvent{payloadType=SafeModeStatus, name='SafeModeStatus'}
2019-08-30 13:29:55,711 [main] INFO  ipc.CallQueueManager (CallQueueManager.java:<init>(84)) - Using callQueue: class java.util.concurrent.LinkedBlockingQueue, queueCapacity: 2000, scheduler: class org.apache.hadoop.ipc.DefaultRpcScheduler, ipcBackoff: false.
2019-08-30 13:29:55,712 [Socket Reader #1 for port 45796] INFO  ipc.Server (Server.java:run(1074)) - Starting Socket Reader #1 for port 45796
2019-08-30 13:29:55,713 [main] INFO  ipc.CallQueueManager (CallQueueManager.java:<init>(84)) - Using callQueue: class java.util.concurrent.LinkedBlockingQueue, queueCapacity: 2000, scheduler: class org.apache.hadoop.ipc.DefaultRpcScheduler, ipcBackoff: false.
2019-08-30 13:29:55,714 [Socket Reader #1 for port 40249] INFO  ipc.Server (Server.java:run(1074)) - Starting Socket Reader #1 for port 40249
2019-08-30 13:29:55,716 [main] INFO  ipc.CallQueueManager (CallQueueManager.java:<init>(84)) - Using callQueue: class java.util.concurrent.LinkedBlockingQueue, queueCapacity: 2000, scheduler: class org.apache.hadoop.ipc.DefaultRpcScheduler, ipcBackoff: false.
2019-08-30 13:29:55,716 [Socket Reader #1 for port 35043] INFO  ipc.Server (Server.java:run(1074)) - Starting Socket Reader #1 for port 35043
2019-08-30 13:29:55,718 [main] INFO  hdfs.DFSUtil (DFSUtil.java:httpServerTemplateForNNAndJN(1641)) - Starting Web-server for scm at: http://0.0.0.0:0
2019-08-30 13:29:55,720 [main] INFO  server.AuthenticationFilter (AuthenticationFilter.java:constructSecretProvider(240)) - Unable to initialize FileSignerSecretProvider, falling back to use random secrets.
2019-08-30 13:29:55,720 [main] WARN  http.HttpRequestLog (HttpRequestLog.java:getRequestLog(97)) - Jetty request log can only be enabled using Log4j
2019-08-30 13:29:55,722 [main] INFO  http.HttpServer2 (HttpServer2.java:addGlobalFilter(975)) - Added global filter 'safety' (class=org.apache.hadoop.http.HttpServer2$QuotingInputFilter)
2019-08-30 13:29:55,722 [main] INFO  http.HttpServer2 (HttpServer2.java:addFilter(948)) - Added filter static_user_filter (class=org.apache.hadoop.http.lib.StaticUserWebFilter$StaticUserFilter) to context scm
2019-08-30 13:29:55,722 [main] INFO  http.HttpServer2 (HttpServer2.java:addFilter(958)) - Added filter static_user_filter (class=org.apache.hadoop.http.lib.StaticUserWebFilter$StaticUserFilter) to context static
2019-08-30 13:29:55,723 [main] INFO  http.HttpServer2 (HttpServer2.java:addFilter(958)) - Added filter static_user_filter (class=org.apache.hadoop.http.lib.StaticUserWebFilter$StaticUserFilter) to context logs
2019-08-30 13:29:55,724 [main] INFO  server.StorageContainerManager (StorageContainerManager.java:start(759)) - StorageContainerLocationProtocol RPC server is listening at /0.0.0.0:35043
2019-08-30 13:29:55,726 [main] WARN  impl.MetricsConfig (MetricsConfig.java:loadFirst(134)) - Cannot locate configuration: tried hadoop-metrics2-storagecontainermanager.properties,hadoop-metrics2.properties
2019-08-30 13:29:55,727 [main] INFO  impl.MetricsSystemImpl (MetricsSystemImpl.java:startTimer(374)) - Scheduled Metric snapshot period at 10 second(s).
2019-08-30 13:29:55,727 [main] INFO  impl.MetricsSystemImpl (MetricsSystemImpl.java:start(191)) - StorageContainerManager metrics system started
2019-08-30 13:29:55,750 [main] WARN  impl.MetricsSystemImpl (MetricsSystemImpl.java:register(276)) - Sink prometheus already exists!
2019-08-30 13:29:55,790 [main] INFO  server.SCMClientProtocolServer (SCMClientProtocolServer.java:start(151)) - RPC server for Client  is listening at /0.0.0.0:35043
2019-08-30 13:29:55,791 [IPC Server Responder] INFO  ipc.Server (Server.java:run(1314)) - IPC Server Responder: starting
2019-08-30 13:29:55,791 [IPC Server listener on 35043] INFO  ipc.Server (Server.java:run(1153)) - IPC Server listener on 35043: starting
2019-08-30 13:29:55,795 [main] INFO  server.StorageContainerManager (StorageContainerManager.java:start(769)) - ScmBlockLocationProtocol RPC server is listening at /0.0.0.0:40249
2019-08-30 13:29:55,795 [main] INFO  server.SCMBlockProtocolServer (SCMBlockProtocolServer.java:start(146)) - RPC server for Block Protocol is listening at /0.0.0.0:40249
2019-08-30 13:29:55,796 [IPC Server Responder] INFO  ipc.Server (Server.java:run(1314)) - IPC Server Responder: starting
2019-08-30 13:29:55,796 [IPC Server listener on 40249] INFO  ipc.Server (Server.java:run(1153)) - IPC Server listener on 40249: starting
2019-08-30 13:29:55,799 [main] INFO  server.StorageContainerManager (StorageContainerManager.java:start(773)) - ScmDatanodeProtocl RPC server is listening at /0.0.0.0:45796
2019-08-30 13:29:55,799 [main] INFO  server.SCMDatanodeProtocolServer (SCMDatanodeProtocolServer.java:start(191)) - RPC server for DataNodes is listening at /0.0.0.0:45796
2019-08-30 13:29:55,800 [IPC Server listener on 45796] INFO  ipc.Server (Server.java:run(1153)) - IPC Server listener on 45796: starting
2019-08-30 13:29:55,800 [IPC Server Responder] INFO  ipc.Server (Server.java:run(1314)) - IPC Server Responder: starting
2019-08-30 13:29:55,803 [main] INFO  http.HttpServer2 (HttpServer2.java:bindListener(1191)) - Jetty bound to port 40087
2019-08-30 13:29:55,803 [main] INFO  server.Server (Server.java:doStart(351)) - jetty-9.3.24.v20180605, build timestamp: 2018-06-05T17:11:56Z, git hash: 84205aa28f11a4f31f2a3b86d1bba2cc8ab69827
2019-08-30 13:29:55,805 [main] INFO  handler.ContextHandler (ContextHandler.java:doStart(781)) - Started o.e.j.s.ServletContextHandler@31aab981{/logs,file:///workdir/hadoop-ozone/integration-test/target/log,AVAILABLE}
2019-08-30 13:29:55,805 [main] INFO  handler.ContextHandler (ContextHandler.java:doStart(781)) - Started o.e.j.s.ServletContextHandler@4d518c66{/static,file:///workdir/hadoop-ozone/integration-test/target/test-classes/webapps/static,AVAILABLE}
2019-08-30 13:29:55,809 [main] INFO  handler.ContextHandler (ContextHandler.java:doStart(781)) - Started o.e.j.w.WebAppContext@15e8f9b2{/,file:///workdir/hadoop-ozone/integration-test/target/test-classes/webapps/scm/,AVAILABLE}{/scm}
2019-08-30 13:29:55,810 [main] INFO  server.AbstractConnector (AbstractConnector.java:doStart(278)) - Started ServerConnector@7a65c995{HTTP/1.1,[http/1.1]}{0.0.0.0:40087}
2019-08-30 13:29:55,810 [main] INFO  server.Server (Server.java:doStart(419)) - Started @596378ms
2019-08-30 13:29:55,811 [main] WARN  impl.MetricsSystemImpl (MetricsSystemImpl.java:register(276)) - Sink prometheus already exists!
2019-08-30 13:29:55,812 [main] INFO  server.BaseHttpServer (BaseHttpServer.java:updateConnectorAddress(215)) - HTTP server of SCM is listening at http://0.0.0.0:40087
2019-08-30 13:29:55,813 [main] WARN  server.ServerUtils (ServerUtils.java:getDBPath(222)) - ozone.om.db.dirs is not configured. We recommend adding this setting. Falling back to ozone.metadata.dirs instead.
2019-08-30 13:29:55,813 [org.apache.hadoop.util.JvmPauseMonitor$Monitor@3af10d0b] INFO  util.JvmPauseMonitor (JvmPauseMonitor.java:run(188)) - Starting JVM pause monitor
2019-08-30 13:29:55,826 [main] WARN  server.ServerUtils (ServerUtils.java:getDBPath(222)) - ozone.om.db.dirs is not configured. We recommend adding this setting. Falling back to ozone.metadata.dirs instead.
2019-08-30 13:29:55,827 [main] WARN  server.ServerUtils (ServerUtils.java:getDBPath(222)) - ozone.om.db.dirs is not configured. We recommend adding this setting. Falling back to ozone.metadata.dirs instead.
2019-08-30 13:29:55,827 [main] INFO  om.OzoneManager (OzoneManager.java:setOMNodeDetails(652)) - OM Service ID is not set. Setting it to the default ID: omServiceIdDefault
2019-08-30 13:29:55,827 [main] INFO  om.OzoneManager (OzoneManager.java:setOMNodeDetails(658)) - OM Node ID is not set. Setting it to the OmStorage's OmID: f461016d-e93d-4552-a9f8-7ff69daa513a
2019-08-30 13:29:55,828 [main] INFO  om.OzoneManager (OzoneManager.java:loadOMHAConfigs(609)) - Found matching OM address with OMServiceId: null, OMNodeId: null, RPC Address: localhost:0 and Ratis port: 9872
2019-08-30 13:29:55,832 [main] WARN  server.ServerUtils (ServerUtils.java:getDBPath(222)) - ozone.om.db.dirs is not configured. We recommend adding this setting. Falling back to ozone.metadata.dirs instead.
2019-08-30 13:29:55,833 [main] INFO  db.DBStoreBuilder (DBStoreBuilder.java:addTable(110)) - using custom profile for table: userTable
2019-08-30 13:29:55,833 [main] INFO  db.DBStoreBuilder (DBStoreBuilder.java:processTables(161)) - Using default column profile:DBProfile.DISK for Table:userTable
2019-08-30 13:29:55,833 [main] INFO  db.DBStoreBuilder (DBStoreBuilder.java:addTable(110)) - using custom profile for table: volumeTable
2019-08-30 13:29:55,833 [main] INFO  db.DBStoreBuilder (DBStoreBuilder.java:processTables(161)) - Using default column profile:DBProfile.DISK for Table:volumeTable
2019-08-30 13:29:55,834 [main] INFO  db.DBStoreBuilder (DBStoreBuilder.java:addTable(110)) - using custom profile for table: bucketTable
2019-08-30 13:29:55,834 [main] INFO  db.DBStoreBuilder (DBStoreBuilder.java:processTables(161)) - Using default column profile:DBProfile.DISK for Table:bucketTable
2019-08-30 13:29:55,834 [main] INFO  db.DBStoreBuilder (DBStoreBuilder.java:addTable(110)) - using custom profile for table: keyTable
2019-08-30 13:29:55,834 [main] INFO  db.DBStoreBuilder (DBStoreBuilder.java:processTables(161)) - Using default column profile:DBProfile.DISK for Table:keyTable
2019-08-30 13:29:55,834 [main] INFO  db.DBStoreBuilder (DBStoreBuilder.java:addTable(110)) - using custom profile for table: deletedTable
2019-08-30 13:29:55,834 [main] INFO  db.DBStoreBuilder (DBStoreBuilder.java:processTables(161)) - Using default column profile:DBProfile.DISK for Table:deletedTable
2019-08-30 13:29:55,835 [main] INFO  db.DBStoreBuilder (DBStoreBuilder.java:addTable(110)) - using custom profile for table: openKeyTable
2019-08-30 13:29:55,835 [main] INFO  db.DBStoreBuilder (DBStoreBuilder.java:processTables(161)) - Using default column profile:DBProfile.DISK for Table:openKeyTable
2019-08-30 13:29:55,835 [main] INFO  db.DBStoreBuilder (DBStoreBuilder.java:addTable(110)) - using custom profile for table: s3Table
2019-08-30 13:29:55,835 [main] INFO  db.DBStoreBuilder (DBStoreBuilder.java:processTables(161)) - Using default column profile:DBProfile.DISK for Table:s3Table
2019-08-30 13:29:55,835 [main] INFO  db.DBStoreBuilder (DBStoreBuilder.java:addTable(110)) - using custom profile for table: multipartInfoTable
2019-08-30 13:29:55,835 [main] INFO  db.DBStoreBuilder (DBStoreBuilder.java:processTables(161)) - Using default column profile:DBProfile.DISK for Table:multipartInfoTable
2019-08-30 13:29:55,836 [main] INFO  db.DBStoreBuilder (DBStoreBuilder.java:addTable(110)) - using custom profile for table: dTokenTable
2019-08-30 13:29:55,836 [main] INFO  db.DBStoreBuilder (DBStoreBuilder.java:processTables(161)) - Using default column profile:DBProfile.DISK for Table:dTokenTable
2019-08-30 13:29:55,836 [main] INFO  db.DBStoreBuilder (DBStoreBuilder.java:addTable(110)) - using custom profile for table: s3SecretTable
2019-08-30 13:29:55,836 [main] INFO  db.DBStoreBuilder (DBStoreBuilder.java:processTables(161)) - Using default column profile:DBProfile.DISK for Table:s3SecretTable
2019-08-30 13:29:55,836 [main] INFO  db.DBStoreBuilder (DBStoreBuilder.java:addTable(110)) - using custom profile for table: prefixTable
2019-08-30 13:29:55,836 [main] INFO  db.DBStoreBuilder (DBStoreBuilder.java:processTables(161)) - Using default column profile:DBProfile.DISK for Table:prefixTable
2019-08-30 13:29:55,837 [main] INFO  db.DBStoreBuilder (DBStoreBuilder.java:addTable(110)) - using custom profile for table: default
2019-08-30 13:29:55,837 [main] INFO  db.DBStoreBuilder (DBStoreBuilder.java:processTables(167)) - Using default column profile:DBProfile.DISK for Table:default
2019-08-30 13:29:55,837 [main] INFO  db.DBStoreBuilder (DBStoreBuilder.java:getDbProfile(198)) - Using default options. DBProfile.DISK
2019-08-30 13:29:56,440 [main] INFO  ipc.CallQueueManager (CallQueueManager.java:<init>(84)) - Using callQueue: class java.util.concurrent.LinkedBlockingQueue, queueCapacity: 2000, scheduler: class org.apache.hadoop.ipc.DefaultRpcScheduler, ipcBackoff: false.
2019-08-30 13:29:56,441 [Socket Reader #1 for port 35249] INFO  ipc.Server (Server.java:run(1074)) - Starting Socket Reader #1 for port 35249
2019-08-30 13:29:56,452 [main] INFO  om.OzoneManager (OzoneManager.java:start(1266)) - OzoneManager RPC server is listening at localhost/127.0.0.1:35249
2019-08-30 13:29:56,453 [main] INFO  impl.MetricsSystemImpl (MetricsSystemImpl.java:init(158)) - OzoneManager metrics system started (again)
2019-08-30 13:29:56,453 [IPC Server Responder] INFO  ipc.Server (Server.java:run(1314)) - IPC Server Responder: starting
2019-08-30 13:29:56,453 [IPC Server listener on 35249] INFO  ipc.Server (Server.java:run(1153)) - IPC Server listener on 35249: starting
2019-08-30 13:29:56,457 [main] INFO  hdfs.DFSUtil (DFSUtil.java:httpServerTemplateForNNAndJN(1641)) - Starting Web-server for ozoneManager at: http://0.0.0.0:0
2019-08-30 13:29:56,458 [main] INFO  server.AuthenticationFilter (AuthenticationFilter.java:constructSecretProvider(240)) - Unable to initialize FileSignerSecretProvider, falling back to use random secrets.
2019-08-30 13:29:56,458 [main] WARN  http.HttpRequestLog (HttpRequestLog.java:getRequestLog(97)) - Jetty request log can only be enabled using Log4j
2019-08-30 13:29:56,460 [main] INFO  http.HttpServer2 (HttpServer2.java:addGlobalFilter(975)) - Added global filter 'safety' (class=org.apache.hadoop.http.HttpServer2$QuotingInputFilter)
2019-08-30 13:29:56,460 [main] INFO  http.HttpServer2 (HttpServer2.java:addFilter(948)) - Added filter static_user_filter (class=org.apache.hadoop.http.lib.StaticUserWebFilter$StaticUserFilter) to context ozoneManager
2019-08-30 13:29:56,460 [main] INFO  http.HttpServer2 (HttpServer2.java:addFilter(958)) - Added filter static_user_filter (class=org.apache.hadoop.http.lib.StaticUserWebFilter$StaticUserFilter) to context logs
2019-08-30 13:29:56,460 [main] INFO  http.HttpServer2 (HttpServer2.java:addFilter(958)) - Added filter static_user_filter (class=org.apache.hadoop.http.lib.StaticUserWebFilter$StaticUserFilter) to context static
2019-08-30 13:29:56,461 [main] INFO  http.HttpServer2 (HttpServer2.java:bindListener(1191)) - Jetty bound to port 40997
2019-08-30 13:29:56,461 [main] INFO  server.Server (Server.java:doStart(351)) - jetty-9.3.24.v20180605, build timestamp: 2018-06-05T17:11:56Z, git hash: 84205aa28f11a4f31f2a3b86d1bba2cc8ab69827
2019-08-30 13:29:56,462 [main] INFO  handler.ContextHandler (ContextHandler.java:doStart(781)) - Started o.e.j.s.ServletContextHandler@19b75b2b{/logs,file:///workdir/hadoop-ozone/integration-test/target/log,AVAILABLE}
2019-08-30 13:29:56,463 [main] INFO  handler.ContextHandler (ContextHandler.java:doStart(781)) - Started o.e.j.s.ServletContextHandler@634f58d2{/static,file:///workdir/hadoop-ozone/integration-test/target/test-classes/webapps/static,AVAILABLE}
2019-08-30 13:29:56,466 [main] INFO  handler.ContextHandler (ContextHandler.java:doStart(781)) - Started o.e.j.w.WebAppContext@1e226bcd{/,file:///workdir/hadoop-ozone/integration-test/target/test-classes/webapps/ozoneManager/,AVAILABLE}{/ozoneManager}
2019-08-30 13:29:56,466 [main] INFO  server.AbstractConnector (AbstractConnector.java:doStart(278)) - Started ServerConnector@2a8dd942{HTTP/1.1,[http/1.1]}{0.0.0.0:40997}
2019-08-30 13:29:56,467 [main] INFO  server.Server (Server.java:doStart(419)) - Started @597035ms
2019-08-30 13:29:56,467 [main] WARN  impl.MetricsSystemImpl (MetricsSystemImpl.java:register(276)) - Sink prometheus already exists!
2019-08-30 13:29:56,468 [main] INFO  server.BaseHttpServer (BaseHttpServer.java:updateConnectorAddress(215)) - HTTP server of OZONEMANAGER is listening at http://0.0.0.0:40997
2019-08-30 13:29:56,480 [main] INFO  impl.MetricsSystemImpl (MetricsSystemImpl.java:init(158)) - HddsDatanode metrics system started (again)
2019-08-30 13:29:56,481 [main] INFO  ozone.HddsDatanodeService (HddsDatanodeService.java:start(184)) - HddsDatanodeService host:pr-hdds-2063-9bpvp-3383687481 ip:192.168.5.187
2019-08-30 13:29:56,486 [main] INFO  volume.HddsVolume (HddsVolume.java:<init>(176)) - Creating Volume: /workdir/hadoop-ozone/integration-test/target/test-dir/MiniOzoneClusterImpl-87a06edb-9c05-4a0f-ad83-64a51ce4a81e/datanode-0/data/containers/hdds of  storage type : DISK and capacity : 1482555576320
2019-08-30 13:29:56,487 [main] INFO  volume.VolumeSet (VolumeSet.java:initializeVolumeSet(170)) - Added Volume : /workdir/hadoop-ozone/integration-test/target/test-dir/MiniOzoneClusterImpl-87a06edb-9c05-4a0f-ad83-64a51ce4a81e/datanode-0/data/containers/hdds to VolumeSet
2019-08-30 13:29:56,487 [main] INFO  volume.ThrottledAsyncChecker (ThrottledAsyncChecker.java:schedule(140)) - Scheduling a check for org.apache.hadoop.ozone.container.common.volume.HddsVolume@7c8874ef
2019-08-30 13:29:56,487 [main] INFO  volume.HddsVolumeChecker (HddsVolumeChecker.java:checkAllVolumes(203)) - Scheduled health check for volume org.apache.hadoop.ozone.container.common.volume.HddsVolume@7c8874ef
2019-08-30 13:29:56,499 [main] INFO  impl.RaftServerProxy (ConfUtils.java:logGet(43)) - raft.rpc.type = GRPC (default)
2019-08-30 13:29:56,500 [main] INFO  grpc.GrpcFactory (GrpcFactory.java:checkPooledByteBufAllocatorUseCacheForAllThreads(45)) - PERFORMANCE WARNING: useCacheForAllThreads is true that may cause Netty to create a lot garbage objects and, as a result, trigger GC.
	It is recommended to disable useCacheForAllThreads by setting -Dorg.apache.ratis.thirdparty.io.netty.allocator.useCacheForAllThreads=false in command line.
2019-08-30 13:29:56,500 [main] INFO  grpc.GrpcConfigKeys$Server (ConfUtils.java:logGet(43)) - raft.grpc.server.port = 0 (default)
2019-08-30 13:29:56,500 [main] INFO  server.GrpcService (ConfUtils.java:logGet(43)) - raft.grpc.message.size.max = 33570816 (custom)
2019-08-30 13:29:56,500 [main] INFO  server.RaftServerConfigKeys (ConfUtils.java:logGet(43)) - raft.server.log.appender.buffer.byte-limit = 33554432 (custom)
2019-08-30 13:29:56,500 [main] INFO  server.GrpcService (ConfUtils.java:logGet(43)) - raft.grpc.flow.control.window = 1MB (=1048576) (default)
2019-08-30 13:29:56,500 [main] INFO  server.RaftServerConfigKeys (ConfUtils.java:logGet(43)) - raft.server.rpc.request.timeout = 3000ms (default)
2019-08-30 13:29:56,501 [main] INFO  server.RaftServerConfigKeys (ConfUtils.java:logGet(43)) - raft.server.storage.dir = [/workdir/hadoop-ozone/integration-test/target/test-dir/MiniOzoneClusterImpl-87a06edb-9c05-4a0f-ad83-64a51ce4a81e/datanode-0/data/ratis] (custom)
2019-08-30 13:29:56,502 [main] INFO  hdfs.DFSUtil (DFSUtil.java:httpServerTemplateForNNAndJN(1641)) - Starting Web-server for hddsDatanode at: http://0.0.0.0:0
2019-08-30 13:29:56,504 [main] INFO  server.AuthenticationFilter (AuthenticationFilter.java:constructSecretProvider(240)) - Unable to initialize FileSignerSecretProvider, falling back to use random secrets.
2019-08-30 13:29:56,505 [main] WARN  http.HttpRequestLog (HttpRequestLog.java:getRequestLog(97)) - Jetty request log can only be enabled using Log4j
2019-08-30 13:29:56,507 [main] INFO  http.HttpServer2 (HttpServer2.java:addGlobalFilter(975)) - Added global filter 'safety' (class=org.apache.hadoop.http.HttpServer2$QuotingInputFilter)
2019-08-30 13:29:56,508 [main] INFO  http.HttpServer2 (HttpServer2.java:addFilter(948)) - Added filter static_user_filter (class=org.apache.hadoop.http.lib.StaticUserWebFilter$StaticUserFilter) to context hddsDatanode
2019-08-30 13:29:56,508 [main] INFO  http.HttpServer2 (HttpServer2.java:addFilter(958)) - Added filter static_user_filter (class=org.apache.hadoop.http.lib.StaticUserWebFilter$StaticUserFilter) to context static
2019-08-30 13:29:56,508 [main] INFO  http.HttpServer2 (HttpServer2.java:addFilter(958)) - Added filter static_user_filter (class=org.apache.hadoop.http.lib.StaticUserWebFilter$StaticUserFilter) to context logs
2019-08-30 13:29:56,508 [main] INFO  http.HttpServer2 (HttpServer2.java:bindListener(1191)) - Jetty bound to port 32985
2019-08-30 13:29:56,509 [main] INFO  server.Server (Server.java:doStart(351)) - jetty-9.3.24.v20180605, build timestamp: 2018-06-05T17:11:56Z, git hash: 84205aa28f11a4f31f2a3b86d1bba2cc8ab69827
2019-08-30 13:29:56,510 [main] INFO  handler.ContextHandler (ContextHandler.java:doStart(781)) - Started o.e.j.s.ServletContextHandler@515ab3f2{/logs,file:///workdir/hadoop-ozone/integration-test/target/log,AVAILABLE}
2019-08-30 13:29:56,511 [main] INFO  handler.ContextHandler (ContextHandler.java:doStart(781)) - Started o.e.j.s.ServletContextHandler@7e7740a5{/static,jar:file:/home/user/.m2/repository/org/apache/hadoop/hadoop-hdds-container-service/0.5.0-SNAPSHOT/hadoop-hdds-container-service-0.5.0-SNAPSHOT.jar!/webapps/static,AVAILABLE}
2019-08-30 13:29:56,541 [main] INFO  handler.ContextHandler (ContextHandler.java:doStart(781)) - Started o.e.j.w.WebAppContext@28be7fec{/,file:///tmp/jetty-0.0.0.0-32985-hddsDatanode-_-any-7540185137166545941.dir/webapp/,AVAILABLE}{/hddsDatanode}
2019-08-30 13:29:56,542 [main] INFO  server.AbstractConnector (AbstractConnector.java:doStart(278)) - Started ServerConnector@26f0141{HTTP/1.1,[http/1.1]}{0.0.0.0:32985}
2019-08-30 13:29:56,543 [main] INFO  server.Server (Server.java:doStart(419)) - Started @597111ms
2019-08-30 13:29:56,543 [main] WARN  impl.MetricsSystemImpl (MetricsSystemImpl.java:register(276)) - Sink prometheus already exists!
2019-08-30 13:29:56,544 [main] INFO  server.BaseHttpServer (BaseHttpServer.java:updateConnectorAddress(215)) - HTTP server of HDDSDATANODE is listening at http://0.0.0.0:32985
2019-08-30 13:29:56,544 [main] INFO  impl.MetricsSystemImpl (MetricsSystemImpl.java:init(158)) - HddsDatanode metrics system started (again)
2019-08-30 13:29:56,546 [org.apache.hadoop.util.JvmPauseMonitor$Monitor@49f66ab7] INFO  util.JvmPauseMonitor (JvmPauseMonitor.java:run(188)) - Starting JVM pause monitor
2019-08-30 13:29:56,546 [main] INFO  ozone.HddsDatanodeService (HddsDatanodeService.java:start(184)) - HddsDatanodeService host:pr-hdds-2063-9bpvp-3383687481 ip:192.168.5.187
2019-08-30 13:29:56,547 [Datanode State Machine Thread - 0] INFO  datanode.InitDatanodeState (InitDatanodeState.java:persistContainerDatanodeDetails(140)) - DatanodeDetails is persisted to /workdir/hadoop-ozone/integration-test/target/test-dir/MiniOzoneClusterImpl-87a06edb-9c05-4a0f-ad83-64a51ce4a81e/datanode-0/meta/datanode.id
2019-08-30 13:29:56,552 [main] INFO  volume.HddsVolume (HddsVolume.java:<init>(176)) - Creating Volume: /workdir/hadoop-ozone/integration-test/target/test-dir/MiniOzoneClusterImpl-87a06edb-9c05-4a0f-ad83-64a51ce4a81e/datanode-1/data/containers/hdds of  storage type : DISK and capacity : 1482555576320
2019-08-30 13:29:56,552 [main] INFO  volume.VolumeSet (VolumeSet.java:initializeVolumeSet(170)) - Added Volume : /workdir/hadoop-ozone/integration-test/target/test-dir/MiniOzoneClusterImpl-87a06edb-9c05-4a0f-ad83-64a51ce4a81e/datanode-1/data/containers/hdds to VolumeSet
2019-08-30 13:29:56,553 [main] INFO  volume.ThrottledAsyncChecker (ThrottledAsyncChecker.java:schedule(140)) - Scheduling a check for org.apache.hadoop.ozone.container.common.volume.HddsVolume@16d431b4
2019-08-30 13:29:56,553 [main] INFO  volume.HddsVolumeChecker (HddsVolumeChecker.java:checkAllVolumes(203)) - Scheduled health check for volume org.apache.hadoop.ozone.container.common.volume.HddsVolume@16d431b4
2019-08-30 13:29:56,568 [main] INFO  impl.RaftServerProxy (ConfUtils.java:logGet(43)) - raft.rpc.type = GRPC (default)
2019-08-30 13:29:56,568 [main] INFO  grpc.GrpcFactory (GrpcFactory.java:checkPooledByteBufAllocatorUseCacheForAllThreads(45)) - PERFORMANCE WARNING: useCacheForAllThreads is true that may cause Netty to create a lot garbage objects and, as a result, trigger GC.
	It is recommended to disable useCacheForAllThreads by setting -Dorg.apache.ratis.thirdparty.io.netty.allocator.useCacheForAllThreads=false in command line.
2019-08-30 13:29:56,569 [main] INFO  grpc.GrpcConfigKeys$Server (ConfUtils.java:logGet(43)) - raft.grpc.server.port = 0 (default)
2019-08-30 13:29:56,569 [main] INFO  server.GrpcService (ConfUtils.java:logGet(43)) - raft.grpc.message.size.max = 33570816 (custom)
2019-08-30 13:29:56,569 [main] INFO  server.RaftServerConfigKeys (ConfUtils.java:logGet(43)) - raft.server.log.appender.buffer.byte-limit = 33554432 (custom)
2019-08-30 13:29:56,569 [main] INFO  server.GrpcService (ConfUtils.java:logGet(43)) - raft.grpc.flow.control.window = 1MB (=1048576) (default)
2019-08-30 13:29:56,569 [main] INFO  server.RaftServerConfigKeys (ConfUtils.java:logGet(43)) - raft.server.rpc.request.timeout = 3000ms (default)
2019-08-30 13:29:56,570 [main] INFO  server.RaftServerConfigKeys (ConfUtils.java:logGet(43)) - raft.server.storage.dir = [/workdir/hadoop-ozone/integration-test/target/test-dir/MiniOzoneClusterImpl-87a06edb-9c05-4a0f-ad83-64a51ce4a81e/datanode-1/data/ratis] (custom)
2019-08-30 13:29:56,571 [main] INFO  hdfs.DFSUtil (DFSUtil.java:httpServerTemplateForNNAndJN(1641)) - Starting Web-server for hddsDatanode at: http://0.0.0.0:0
2019-08-30 13:29:56,572 [main] INFO  server.AuthenticationFilter (AuthenticationFilter.java:constructSecretProvider(240)) - Unable to initialize FileSignerSecretProvider, falling back to use random secrets.
2019-08-30 13:29:56,573 [main] WARN  http.HttpRequestLog (HttpRequestLog.java:getRequestLog(97)) - Jetty request log can only be enabled using Log4j
2019-08-30 13:29:56,574 [main] INFO  http.HttpServer2 (HttpServer2.java:addGlobalFilter(975)) - Added global filter 'safety' (class=org.apache.hadoop.http.HttpServer2$QuotingInputFilter)
2019-08-30 13:29:56,574 [main] INFO  http.HttpServer2 (HttpServer2.java:addFilter(948)) - Added filter static_user_filter (class=org.apache.hadoop.http.lib.StaticUserWebFilter$StaticUserFilter) to context hddsDatanode
2019-08-30 13:29:56,574 [main] INFO  http.HttpServer2 (HttpServer2.java:addFilter(958)) - Added filter static_user_filter (class=org.apache.hadoop.http.lib.StaticUserWebFilter$StaticUserFilter) to context static
2019-08-30 13:29:56,575 [main] INFO  http.HttpServer2 (HttpServer2.java:addFilter(958)) - Added filter static_user_filter (class=org.apache.hadoop.http.lib.StaticUserWebFilter$StaticUserFilter) to context logs
2019-08-30 13:29:56,575 [main] INFO  http.HttpServer2 (HttpServer2.java:bindListener(1191)) - Jetty bound to port 38499
2019-08-30 13:29:56,575 [main] INFO  server.Server (Server.java:doStart(351)) - jetty-9.3.24.v20180605, build timestamp: 2018-06-05T17:11:56Z, git hash: 84205aa28f11a4f31f2a3b86d1bba2cc8ab69827
2019-08-30 13:29:56,577 [main] INFO  handler.ContextHandler (ContextHandler.java:doStart(781)) - Started o.e.j.s.ServletContextHandler@508ad266{/logs,file:///workdir/hadoop-ozone/integration-test/target/log,AVAILABLE}
2019-08-30 13:29:56,577 [main] INFO  handler.ContextHandler (ContextHandler.java:doStart(781)) - Started o.e.j.s.ServletContextHandler@216372b7{/static,jar:file:/home/user/.m2/repository/org/apache/hadoop/hadoop-hdds-container-service/0.5.0-SNAPSHOT/hadoop-hdds-container-service-0.5.0-SNAPSHOT.jar!/webapps/static,AVAILABLE}
2019-08-30 13:29:56,604 [main] INFO  handler.ContextHandler (ContextHandler.java:doStart(781)) - Started o.e.j.w.WebAppContext@6f91fbda{/,file:///tmp/jetty-0.0.0.0-38499-hddsDatanode-_-any-4858429738200515067.dir/webapp/,AVAILABLE}{/hddsDatanode}
2019-08-30 13:29:56,604 [main] INFO  server.AbstractConnector (AbstractConnector.java:doStart(278)) - Started ServerConnector@723e3c17{HTTP/1.1,[http/1.1]}{0.0.0.0:38499}
2019-08-30 13:29:56,604 [main] INFO  server.Server (Server.java:doStart(419)) - Started @597173ms
2019-08-30 13:29:56,606 [main] WARN  impl.MetricsSystemImpl (MetricsSystemImpl.java:register(276)) - Sink prometheus already exists!
2019-08-30 13:29:56,606 [main] INFO  server.BaseHttpServer (BaseHttpServer.java:updateConnectorAddress(215)) - HTTP server of HDDSDATANODE is listening at http://0.0.0.0:38499
2019-08-30 13:29:56,607 [main] INFO  impl.MetricsSystemImpl (MetricsSystemImpl.java:init(158)) - HddsDatanode metrics system started (again)
2019-08-30 13:29:56,609 [org.apache.hadoop.util.JvmPauseMonitor$Monitor@7f5a5943] INFO  util.JvmPauseMonitor (JvmPauseMonitor.java:run(188)) - Starting JVM pause monitor
2019-08-30 13:29:56,609 [main] INFO  ozone.HddsDatanodeService (HddsDatanodeService.java:start(184)) - HddsDatanodeService host:pr-hdds-2063-9bpvp-3383687481 ip:192.168.5.187
2019-08-30 13:29:56,610 [Datanode State Machine Thread - 0] INFO  datanode.InitDatanodeState (InitDatanodeState.java:persistContainerDatanodeDetails(140)) - DatanodeDetails is persisted to /workdir/hadoop-ozone/integration-test/target/test-dir/MiniOzoneClusterImpl-87a06edb-9c05-4a0f-ad83-64a51ce4a81e/datanode-1/meta/datanode.id
2019-08-30 13:29:56,615 [main] INFO  volume.HddsVolume (HddsVolume.java:<init>(176)) - Creating Volume: /workdir/hadoop-ozone/integration-test/target/test-dir/MiniOzoneClusterImpl-87a06edb-9c05-4a0f-ad83-64a51ce4a81e/datanode-2/data/containers/hdds of  storage type : DISK and capacity : 1482555576320
2019-08-30 13:29:56,615 [main] INFO  volume.VolumeSet (VolumeSet.java:initializeVolumeSet(170)) - Added Volume : /workdir/hadoop-ozone/integration-test/target/test-dir/MiniOzoneClusterImpl-87a06edb-9c05-4a0f-ad83-64a51ce4a81e/datanode-2/data/containers/hdds to VolumeSet
2019-08-30 13:29:56,616 [main] INFO  volume.ThrottledAsyncChecker (ThrottledAsyncChecker.java:schedule(140)) - Scheduling a check for org.apache.hadoop.ozone.container.common.volume.HddsVolume@6870cfac
2019-08-30 13:29:56,616 [main] INFO  volume.HddsVolumeChecker (HddsVolumeChecker.java:checkAllVolumes(203)) - Scheduled health check for volume org.apache.hadoop.ozone.container.common.volume.HddsVolume@6870cfac
2019-08-30 13:29:56,629 [main] INFO  impl.RaftServerProxy (ConfUtils.java:logGet(43)) - raft.rpc.type = GRPC (default)
2019-08-30 13:29:56,630 [main] INFO  grpc.GrpcFactory (GrpcFactory.java:checkPooledByteBufAllocatorUseCacheForAllThreads(45)) - PERFORMANCE WARNING: useCacheForAllThreads is true that may cause Netty to create a lot garbage objects and, as a result, trigger GC.
	It is recommended to disable useCacheForAllThreads by setting -Dorg.apache.ratis.thirdparty.io.netty.allocator.useCacheForAllThreads=false in command line.
2019-08-30 13:29:56,630 [main] INFO  grpc.GrpcConfigKeys$Server (ConfUtils.java:logGet(43)) - raft.grpc.server.port = 0 (default)
2019-08-30 13:29:56,630 [main] INFO  server.GrpcService (ConfUtils.java:logGet(43)) - raft.grpc.message.size.max = 33570816 (custom)
2019-08-30 13:29:56,630 [main] INFO  server.RaftServerConfigKeys (ConfUtils.java:logGet(43)) - raft.server.log.appender.buffer.byte-limit = 33554432 (custom)
2019-08-30 13:29:56,630 [main] INFO  server.GrpcService (ConfUtils.java:logGet(43)) - raft.grpc.flow.control.window = 1MB (=1048576) (default)
2019-08-30 13:29:56,631 [main] INFO  server.RaftServerConfigKeys (ConfUtils.java:logGet(43)) - raft.server.rpc.request.timeout = 3000ms (default)
2019-08-30 13:29:56,631 [main] INFO  server.RaftServerConfigKeys (ConfUtils.java:logGet(43)) - raft.server.storage.dir = [/workdir/hadoop-ozone/integration-test/target/test-dir/MiniOzoneClusterImpl-87a06edb-9c05-4a0f-ad83-64a51ce4a81e/datanode-2/data/ratis] (custom)
2019-08-30 13:29:56,632 [main] INFO  hdfs.DFSUtil (DFSUtil.java:httpServerTemplateForNNAndJN(1641)) - Starting Web-server for hddsDatanode at: http://0.0.0.0:0
2019-08-30 13:29:56,633 [main] INFO  server.AuthenticationFilter (AuthenticationFilter.java:constructSecretProvider(240)) - Unable to initialize FileSignerSecretProvider, falling back to use random secrets.
2019-08-30 13:29:56,634 [main] WARN  http.HttpRequestLog (HttpRequestLog.java:getRequestLog(97)) - Jetty request log can only be enabled using Log4j
2019-08-30 13:29:56,635 [main] INFO  http.HttpServer2 (HttpServer2.java:addGlobalFilter(975)) - Added global filter 'safety' (class=org.apache.hadoop.http.HttpServer2$QuotingInputFilter)
2019-08-30 13:29:56,635 [main] INFO  http.HttpServer2 (HttpServer2.java:addFilter(948)) - Added filter static_user_filter (class=org.apache.hadoop.http.lib.StaticUserWebFilter$StaticUserFilter) to context hddsDatanode
2019-08-30 13:29:56,636 [main] INFO  http.HttpServer2 (HttpServer2.java:addFilter(958)) - Added filter static_user_filter (class=org.apache.hadoop.http.lib.StaticUserWebFilter$StaticUserFilter) to context logs
2019-08-30 13:29:56,636 [main] INFO  http.HttpServer2 (HttpServer2.java:addFilter(958)) - Added filter static_user_filter (class=org.apache.hadoop.http.lib.StaticUserWebFilter$StaticUserFilter) to context static
2019-08-30 13:29:56,636 [main] INFO  http.HttpServer2 (HttpServer2.java:bindListener(1191)) - Jetty bound to port 39644
2019-08-30 13:29:56,636 [main] INFO  server.Server (Server.java:doStart(351)) - jetty-9.3.24.v20180605, build timestamp: 2018-06-05T17:11:56Z, git hash: 84205aa28f11a4f31f2a3b86d1bba2cc8ab69827
2019-08-30 13:29:56,638 [main] INFO  handler.ContextHandler (ContextHandler.java:doStart(781)) - Started o.e.j.s.ServletContextHandler@53314f76{/logs,file:///workdir/hadoop-ozone/integration-test/target/log,AVAILABLE}
2019-08-30 13:29:56,638 [main] INFO  handler.ContextHandler (ContextHandler.java:doStart(781)) - Started o.e.j.s.ServletContextHandler@70881123{/static,jar:file:/home/user/.m2/repository/org/apache/hadoop/hadoop-hdds-container-service/0.5.0-SNAPSHOT/hadoop-hdds-container-service-0.5.0-SNAPSHOT.jar!/webapps/static,AVAILABLE}
2019-08-30 13:29:56,665 [main] INFO  handler.ContextHandler (ContextHandler.java:doStart(781)) - Started o.e.j.w.WebAppContext@55877274{/,file:///tmp/jetty-0.0.0.0-39644-hddsDatanode-_-any-7061127156750243377.dir/webapp/,AVAILABLE}{/hddsDatanode}
2019-08-30 13:29:56,665 [main] INFO  server.AbstractConnector (AbstractConnector.java:doStart(278)) - Started ServerConnector@723e2d08{HTTP/1.1,[http/1.1]}{0.0.0.0:39644}
2019-08-30 13:29:56,666 [main] INFO  server.Server (Server.java:doStart(419)) - Started @597234ms
2019-08-30 13:29:56,667 [main] WARN  impl.MetricsSystemImpl (MetricsSystemImpl.java:register(276)) - Sink prometheus already exists!
2019-08-30 13:29:56,668 [main] INFO  server.BaseHttpServer (BaseHttpServer.java:updateConnectorAddress(215)) - HTTP server of HDDSDATANODE is listening at http://0.0.0.0:39644
2019-08-30 13:29:56,668 [main] INFO  impl.MetricsSystemImpl (MetricsSystemImpl.java:init(158)) - HddsDatanode metrics system started (again)
2019-08-30 13:29:56,671 [main] INFO  ozone.HddsDatanodeService (HddsDatanodeService.java:start(184)) - HddsDatanodeService host:pr-hdds-2063-9bpvp-3383687481 ip:192.168.5.187
2019-08-30 13:29:56,671 [org.apache.hadoop.util.JvmPauseMonitor$Monitor@4573bcb] INFO  util.JvmPauseMonitor (JvmPauseMonitor.java:run(188)) - Starting JVM pause monitor
2019-08-30 13:29:56,672 [Datanode State Machine Thread - 0] INFO  datanode.InitDatanodeState (InitDatanodeState.java:persistContainerDatanodeDetails(140)) - DatanodeDetails is persisted to /workdir/hadoop-ozone/integration-test/target/test-dir/MiniOzoneClusterImpl-87a06edb-9c05-4a0f-ad83-64a51ce4a81e/datanode-2/meta/datanode.id
2019-08-30 13:29:56,677 [main] INFO  volume.HddsVolume (HddsVolume.java:<init>(176)) - Creating Volume: /workdir/hadoop-ozone/integration-test/target/test-dir/MiniOzoneClusterImpl-87a06edb-9c05-4a0f-ad83-64a51ce4a81e/datanode-3/data/containers/hdds of  storage type : DISK and capacity : 1482555576320
2019-08-30 13:29:56,678 [main] INFO  volume.VolumeSet (VolumeSet.java:initializeVolumeSet(170)) - Added Volume : /workdir/hadoop-ozone/integration-test/target/test-dir/MiniOzoneClusterImpl-87a06edb-9c05-4a0f-ad83-64a51ce4a81e/datanode-3/data/containers/hdds to VolumeSet
2019-08-30 13:29:56,678 [main] INFO  volume.ThrottledAsyncChecker (ThrottledAsyncChecker.java:schedule(140)) - Scheduling a check for org.apache.hadoop.ozone.container.common.volume.HddsVolume@212fafd1
2019-08-30 13:29:56,678 [main] INFO  volume.HddsVolumeChecker (HddsVolumeChecker.java:checkAllVolumes(203)) - Scheduled health check for volume org.apache.hadoop.ozone.container.common.volume.HddsVolume@212fafd1
2019-08-30 13:29:56,692 [main] INFO  impl.RaftServerProxy (ConfUtils.java:logGet(43)) - raft.rpc.type = GRPC (default)
2019-08-30 13:29:56,692 [main] INFO  grpc.GrpcFactory (GrpcFactory.java:checkPooledByteBufAllocatorUseCacheForAllThreads(45)) - PERFORMANCE WARNING: useCacheForAllThreads is true that may cause Netty to create a lot garbage objects and, as a result, trigger GC.
	It is recommended to disable useCacheForAllThreads by setting -Dorg.apache.ratis.thirdparty.io.netty.allocator.useCacheForAllThreads=false in command line.
2019-08-30 13:29:56,692 [main] INFO  grpc.GrpcConfigKeys$Server (ConfUtils.java:logGet(43)) - raft.grpc.server.port = 0 (default)
2019-08-30 13:29:56,693 [main] INFO  server.GrpcService (ConfUtils.java:logGet(43)) - raft.grpc.message.size.max = 33570816 (custom)
2019-08-30 13:29:56,693 [main] INFO  server.RaftServerConfigKeys (ConfUtils.java:logGet(43)) - raft.server.log.appender.buffer.byte-limit = 33554432 (custom)
2019-08-30 13:29:56,693 [main] INFO  server.GrpcService (ConfUtils.java:logGet(43)) - raft.grpc.flow.control.window = 1MB (=1048576) (default)
2019-08-30 13:29:56,693 [main] INFO  server.RaftServerConfigKeys (ConfUtils.java:logGet(43)) - raft.server.rpc.request.timeout = 3000ms (default)
2019-08-30 13:29:56,693 [main] INFO  server.RaftServerConfigKeys (ConfUtils.java:logGet(43)) - raft.server.storage.dir = [/workdir/hadoop-ozone/integration-test/target/test-dir/MiniOzoneClusterImpl-87a06edb-9c05-4a0f-ad83-64a51ce4a81e/datanode-3/data/ratis] (custom)
2019-08-30 13:29:56,695 [main] INFO  hdfs.DFSUtil (DFSUtil.java:httpServerTemplateForNNAndJN(1641)) - Starting Web-server for hddsDatanode at: http://0.0.0.0:0
2019-08-30 13:29:56,696 [main] INFO  server.AuthenticationFilter (AuthenticationFilter.java:constructSecretProvider(240)) - Unable to initialize FileSignerSecretProvider, falling back to use random secrets.
2019-08-30 13:29:56,696 [main] WARN  http.HttpRequestLog (HttpRequestLog.java:getRequestLog(97)) - Jetty request log can only be enabled using Log4j
2019-08-30 13:29:56,698 [main] INFO  http.HttpServer2 (HttpServer2.java:addGlobalFilter(975)) - Added global filter 'safety' (class=org.apache.hadoop.http.HttpServer2$QuotingInputFilter)
2019-08-30 13:29:56,698 [main] INFO  http.HttpServer2 (HttpServer2.java:addFilter(948)) - Added filter static_user_filter (class=org.apache.hadoop.http.lib.StaticUserWebFilter$StaticUserFilter) to context hddsDatanode
2019-08-30 13:29:56,698 [main] INFO  http.HttpServer2 (HttpServer2.java:addFilter(958)) - Added filter static_user_filter (class=org.apache.hadoop.http.lib.StaticUserWebFilter$StaticUserFilter) to context logs
2019-08-30 13:29:56,698 [main] INFO  http.HttpServer2 (HttpServer2.java:addFilter(958)) - Added filter static_user_filter (class=org.apache.hadoop.http.lib.StaticUserWebFilter$StaticUserFilter) to context static
2019-08-30 13:29:56,699 [main] INFO  http.HttpServer2 (HttpServer2.java:bindListener(1191)) - Jetty bound to port 37784
2019-08-30 13:29:56,699 [main] INFO  server.Server (Server.java:doStart(351)) - jetty-9.3.24.v20180605, build timestamp: 2018-06-05T17:11:56Z, git hash: 84205aa28f11a4f31f2a3b86d1bba2cc8ab69827
2019-08-30 13:29:56,701 [main] INFO  handler.ContextHandler (ContextHandler.java:doStart(781)) - Started o.e.j.s.ServletContextHandler@1332dec4{/logs,file:///workdir/hadoop-ozone/integration-test/target/log,AVAILABLE}
2019-08-30 13:29:56,701 [main] INFO  handler.ContextHandler (ContextHandler.java:doStart(781)) - Started o.e.j.s.ServletContextHandler@6889f56f{/static,jar:file:/home/user/.m2/repository/org/apache/hadoop/hadoop-hdds-container-service/0.5.0-SNAPSHOT/hadoop-hdds-container-service-0.5.0-SNAPSHOT.jar!/webapps/static,AVAILABLE}
2019-08-30 13:29:56,728 [main] INFO  handler.ContextHandler (ContextHandler.java:doStart(781)) - Started o.e.j.w.WebAppContext@4def7d36{/,file:///tmp/jetty-0.0.0.0-37784-hddsDatanode-_-any-195711300494230781.dir/webapp/,AVAILABLE}{/hddsDatanode}
2019-08-30 13:29:56,729 [main] INFO  server.AbstractConnector (AbstractConnector.java:doStart(278)) - Started ServerConnector@43c7fe8a{HTTP/1.1,[http/1.1]}{0.0.0.0:37784}
2019-08-30 13:29:56,730 [main] INFO  server.Server (Server.java:doStart(419)) - Started @597297ms
2019-08-30 13:29:56,730 [main] WARN  impl.MetricsSystemImpl (MetricsSystemImpl.java:register(276)) - Sink prometheus already exists!
2019-08-30 13:29:56,731 [main] INFO  server.BaseHttpServer (BaseHttpServer.java:updateConnectorAddress(215)) - HTTP server of HDDSDATANODE is listening at http://0.0.0.0:37784
2019-08-30 13:29:56,731 [main] INFO  impl.MetricsSystemImpl (MetricsSystemImpl.java:init(158)) - HddsDatanode metrics system started (again)
2019-08-30 13:29:56,734 [main] INFO  ozone.HddsDatanodeService (HddsDatanodeService.java:start(184)) - HddsDatanodeService host:pr-hdds-2063-9bpvp-3383687481 ip:192.168.5.187
2019-08-30 13:29:56,734 [org.apache.hadoop.util.JvmPauseMonitor$Monitor@7cf818e] INFO  util.JvmPauseMonitor (JvmPauseMonitor.java:run(188)) - Starting JVM pause monitor
2019-08-30 13:29:56,736 [Datanode State Machine Thread - 0] INFO  datanode.InitDatanodeState (InitDatanodeState.java:persistContainerDatanodeDetails(140)) - DatanodeDetails is persisted to /workdir/hadoop-ozone/integration-test/target/test-dir/MiniOzoneClusterImpl-87a06edb-9c05-4a0f-ad83-64a51ce4a81e/datanode-3/meta/datanode.id
2019-08-30 13:29:56,740 [main] INFO  volume.HddsVolume (HddsVolume.java:<init>(176)) - Creating Volume: /workdir/hadoop-ozone/integration-test/target/test-dir/MiniOzoneClusterImpl-87a06edb-9c05-4a0f-ad83-64a51ce4a81e/datanode-4/data/containers/hdds of  storage type : DISK and capacity : 1482555576320
2019-08-30 13:29:56,741 [main] INFO  volume.VolumeSet (VolumeSet.java:initializeVolumeSet(170)) - Added Volume : /workdir/hadoop-ozone/integration-test/target/test-dir/MiniOzoneClusterImpl-87a06edb-9c05-4a0f-ad83-64a51ce4a81e/datanode-4/data/containers/hdds to VolumeSet
2019-08-30 13:29:56,741 [main] INFO  volume.ThrottledAsyncChecker (ThrottledAsyncChecker.java:schedule(140)) - Scheduling a check for org.apache.hadoop.ozone.container.common.volume.HddsVolume@3457cc8d
2019-08-30 13:29:56,741 [main] INFO  volume.HddsVolumeChecker (HddsVolumeChecker.java:checkAllVolumes(203)) - Scheduled health check for volume org.apache.hadoop.ozone.container.common.volume.HddsVolume@3457cc8d
2019-08-30 13:29:56,755 [main] INFO  impl.RaftServerProxy (ConfUtils.java:logGet(43)) - raft.rpc.type = GRPC (default)
2019-08-30 13:29:56,755 [main] INFO  grpc.GrpcFactory (GrpcFactory.java:checkPooledByteBufAllocatorUseCacheForAllThreads(45)) - PERFORMANCE WARNING: useCacheForAllThreads is true that may cause Netty to create a lot garbage objects and, as a result, trigger GC.
	It is recommended to disable useCacheForAllThreads by setting -Dorg.apache.ratis.thirdparty.io.netty.allocator.useCacheForAllThreads=false in command line.
2019-08-30 13:29:56,755 [main] INFO  grpc.GrpcConfigKeys$Server (ConfUtils.java:logGet(43)) - raft.grpc.server.port = 0 (default)
2019-08-30 13:29:56,756 [main] INFO  server.GrpcService (ConfUtils.java:logGet(43)) - raft.grpc.message.size.max = 33570816 (custom)
2019-08-30 13:29:56,756 [main] INFO  server.RaftServerConfigKeys (ConfUtils.java:logGet(43)) - raft.server.log.appender.buffer.byte-limit = 33554432 (custom)
2019-08-30 13:29:56,756 [main] INFO  server.GrpcService (ConfUtils.java:logGet(43)) - raft.grpc.flow.control.window = 1MB (=1048576) (default)
2019-08-30 13:29:56,756 [main] INFO  server.RaftServerConfigKeys (ConfUtils.java:logGet(43)) - raft.server.rpc.request.timeout = 3000ms (default)
2019-08-30 13:29:56,756 [main] INFO  server.RaftServerConfigKeys (ConfUtils.java:logGet(43)) - raft.server.storage.dir = [/workdir/hadoop-ozone/integration-test/target/test-dir/MiniOzoneClusterImpl-87a06edb-9c05-4a0f-ad83-64a51ce4a81e/datanode-4/data/ratis] (custom)
2019-08-30 13:29:56,758 [main] INFO  hdfs.DFSUtil (DFSUtil.java:httpServerTemplateForNNAndJN(1641)) - Starting Web-server for hddsDatanode at: http://0.0.0.0:0
2019-08-30 13:29:56,759 [main] INFO  server.AuthenticationFilter (AuthenticationFilter.java:constructSecretProvider(240)) - Unable to initialize FileSignerSecretProvider, falling back to use random secrets.
2019-08-30 13:29:56,759 [main] WARN  http.HttpRequestLog (HttpRequestLog.java:getRequestLog(97)) - Jetty request log can only be enabled using Log4j
2019-08-30 13:29:56,761 [main] INFO  http.HttpServer2 (HttpServer2.java:addGlobalFilter(975)) - Added global filter 'safety' (class=org.apache.hadoop.http.HttpServer2$QuotingInputFilter)
2019-08-30 13:29:56,761 [main] INFO  http.HttpServer2 (HttpServer2.java:addFilter(948)) - Added filter static_user_filter (class=org.apache.hadoop.http.lib.StaticUserWebFilter$StaticUserFilter) to context hddsDatanode
2019-08-30 13:29:56,761 [main] INFO  http.HttpServer2 (HttpServer2.java:addFilter(958)) - Added filter static_user_filter (class=org.apache.hadoop.http.lib.StaticUserWebFilter$StaticUserFilter) to context logs
2019-08-30 13:29:56,761 [main] INFO  http.HttpServer2 (HttpServer2.java:addFilter(958)) - Added filter static_user_filter (class=org.apache.hadoop.http.lib.StaticUserWebFilter$StaticUserFilter) to context static
2019-08-30 13:29:56,762 [main] INFO  http.HttpServer2 (HttpServer2.java:bindListener(1191)) - Jetty bound to port 36586
2019-08-30 13:29:56,762 [main] INFO  server.Server (Server.java:doStart(351)) - jetty-9.3.24.v20180605, build timestamp: 2018-06-05T17:11:56Z, git hash: 84205aa28f11a4f31f2a3b86d1bba2cc8ab69827
2019-08-30 13:29:56,763 [main] INFO  handler.ContextHandler (ContextHandler.java:doStart(781)) - Started o.e.j.s.ServletContextHandler@216c22ce{/logs,file:///workdir/hadoop-ozone/integration-test/target/log,AVAILABLE}
2019-08-30 13:29:56,764 [main] INFO  handler.ContextHandler (ContextHandler.java:doStart(781)) - Started o.e.j.s.ServletContextHandler@21e5f0b6{/static,jar:file:/home/user/.m2/repository/org/apache/hadoop/hadoop-hdds-container-service/0.5.0-SNAPSHOT/hadoop-hdds-container-service-0.5.0-SNAPSHOT.jar!/webapps/static,AVAILABLE}
2019-08-30 13:29:56,791 [main] INFO  handler.ContextHandler (ContextHandler.java:doStart(781)) - Started o.e.j.w.WebAppContext@63d677f5{/,file:///tmp/jetty-0.0.0.0-36586-hddsDatanode-_-any-3236534904888540251.dir/webapp/,AVAILABLE}{/hddsDatanode}
2019-08-30 13:29:56,791 [main] INFO  server.AbstractConnector (AbstractConnector.java:doStart(278)) - Started ServerConnector@71d55b7e{HTTP/1.1,[http/1.1]}{0.0.0.0:36586}
2019-08-30 13:29:56,792 [main] INFO  server.Server (Server.java:doStart(419)) - Started @597360ms
2019-08-30 13:29:56,793 [main] WARN  impl.MetricsSystemImpl (MetricsSystemImpl.java:register(276)) - Sink prometheus already exists!
2019-08-30 13:29:56,794 [main] INFO  server.BaseHttpServer (BaseHttpServer.java:updateConnectorAddress(215)) - HTTP server of HDDSDATANODE is listening at http://0.0.0.0:36586
2019-08-30 13:29:56,794 [main] INFO  impl.MetricsSystemImpl (MetricsSystemImpl.java:init(158)) - HddsDatanode metrics system started (again)
2019-08-30 13:29:56,799 [org.apache.hadoop.util.JvmPauseMonitor$Monitor@169b0cdf] INFO  util.JvmPauseMonitor (JvmPauseMonitor.java:run(188)) - Starting JVM pause monitor
2019-08-30 13:29:56,799 [main] INFO  ozone.HddsDatanodeService (HddsDatanodeService.java:start(184)) - HddsDatanodeService host:pr-hdds-2063-9bpvp-3383687481 ip:192.168.5.187
2019-08-30 13:29:56,801 [Datanode State Machine Thread - 0] INFO  datanode.InitDatanodeState (InitDatanodeState.java:persistContainerDatanodeDetails(140)) - DatanodeDetails is persisted to /workdir/hadoop-ozone/integration-test/target/test-dir/MiniOzoneClusterImpl-87a06edb-9c05-4a0f-ad83-64a51ce4a81e/datanode-4/meta/datanode.id
2019-08-30 13:29:56,806 [main] INFO  volume.HddsVolume (HddsVolume.java:<init>(176)) - Creating Volume: /workdir/hadoop-ozone/integration-test/target/test-dir/MiniOzoneClusterImpl-87a06edb-9c05-4a0f-ad83-64a51ce4a81e/datanode-5/data/containers/hdds of  storage type : DISK and capacity : 1482555576320
2019-08-30 13:29:56,807 [main] INFO  volume.VolumeSet (VolumeSet.java:initializeVolumeSet(170)) - Added Volume : /workdir/hadoop-ozone/integration-test/target/test-dir/MiniOzoneClusterImpl-87a06edb-9c05-4a0f-ad83-64a51ce4a81e/datanode-5/data/containers/hdds to VolumeSet
2019-08-30 13:29:56,807 [main] INFO  volume.ThrottledAsyncChecker (ThrottledAsyncChecker.java:schedule(140)) - Scheduling a check for org.apache.hadoop.ozone.container.common.volume.HddsVolume@5ea7bc4
2019-08-30 13:29:56,807 [main] INFO  volume.HddsVolumeChecker (HddsVolumeChecker.java:checkAllVolumes(203)) - Scheduled health check for volume org.apache.hadoop.ozone.container.common.volume.HddsVolume@5ea7bc4
2019-08-30 13:29:56,822 [main] INFO  impl.RaftServerProxy (ConfUtils.java:logGet(43)) - raft.rpc.type = GRPC (default)
2019-08-30 13:29:56,822 [main] INFO  grpc.GrpcFactory (GrpcFactory.java:checkPooledByteBufAllocatorUseCacheForAllThreads(45)) - PERFORMANCE WARNING: useCacheForAllThreads is true that may cause Netty to create a lot garbage objects and, as a result, trigger GC.
	It is recommended to disable useCacheForAllThreads by setting -Dorg.apache.ratis.thirdparty.io.netty.allocator.useCacheForAllThreads=false in command line.
2019-08-30 13:29:56,822 [main] INFO  grpc.GrpcConfigKeys$Server (ConfUtils.java:logGet(43)) - raft.grpc.server.port = 0 (default)
2019-08-30 13:29:56,822 [main] INFO  server.GrpcService (ConfUtils.java:logGet(43)) - raft.grpc.message.size.max = 33570816 (custom)
2019-08-30 13:29:56,823 [main] INFO  server.RaftServerConfigKeys (ConfUtils.java:logGet(43)) - raft.server.log.appender.buffer.byte-limit = 33554432 (custom)
2019-08-30 13:29:56,823 [main] INFO  server.GrpcService (ConfUtils.java:logGet(43)) - raft.grpc.flow.control.window = 1MB (=1048576) (default)
2019-08-30 13:29:56,823 [main] INFO  server.RaftServerConfigKeys (ConfUtils.java:logGet(43)) - raft.server.rpc.request.timeout = 3000ms (default)
2019-08-30 13:29:56,824 [main] INFO  server.RaftServerConfigKeys (ConfUtils.java:logGet(43)) - raft.server.storage.dir = [/workdir/hadoop-ozone/integration-test/target/test-dir/MiniOzoneClusterImpl-87a06edb-9c05-4a0f-ad83-64a51ce4a81e/datanode-5/data/ratis] (custom)
2019-08-30 13:29:56,825 [main] INFO  hdfs.DFSUtil (DFSUtil.java:httpServerTemplateForNNAndJN(1641)) - Starting Web-server for hddsDatanode at: http://0.0.0.0:0
2019-08-30 13:29:56,826 [main] INFO  server.AuthenticationFilter (AuthenticationFilter.java:constructSecretProvider(240)) - Unable to initialize FileSignerSecretProvider, falling back to use random secrets.
2019-08-30 13:29:56,827 [main] WARN  http.HttpRequestLog (HttpRequestLog.java:getRequestLog(97)) - Jetty request log can only be enabled using Log4j
2019-08-30 13:29:56,828 [main] INFO  http.HttpServer2 (HttpServer2.java:addGlobalFilter(975)) - Added global filter 'safety' (class=org.apache.hadoop.http.HttpServer2$QuotingInputFilter)
2019-08-30 13:29:56,829 [main] INFO  http.HttpServer2 (HttpServer2.java:addFilter(948)) - Added filter static_user_filter (class=org.apache.hadoop.http.lib.StaticUserWebFilter$StaticUserFilter) to context hddsDatanode
2019-08-30 13:29:56,829 [main] INFO  http.HttpServer2 (HttpServer2.java:addFilter(958)) - Added filter static_user_filter (class=org.apache.hadoop.http.lib.StaticUserWebFilter$StaticUserFilter) to context logs
2019-08-30 13:29:56,829 [main] INFO  http.HttpServer2 (HttpServer2.java:addFilter(958)) - Added filter static_user_filter (class=org.apache.hadoop.http.lib.StaticUserWebFilter$StaticUserFilter) to context static
2019-08-30 13:29:56,830 [main] INFO  http.HttpServer2 (HttpServer2.java:bindListener(1191)) - Jetty bound to port 39696
2019-08-30 13:29:56,830 [main] INFO  server.Server (Server.java:doStart(351)) - jetty-9.3.24.v20180605, build timestamp: 2018-06-05T17:11:56Z, git hash: 84205aa28f11a4f31f2a3b86d1bba2cc8ab69827
2019-08-30 13:29:56,831 [main] INFO  handler.ContextHandler (ContextHandler.java:doStart(781)) - Started o.e.j.s.ServletContextHandler@120aa40b{/logs,file:///workdir/hadoop-ozone/integration-test/target/log,AVAILABLE}
2019-08-30 13:29:56,832 [main] INFO  handler.ContextHandler (ContextHandler.java:doStart(781)) - Started o.e.j.s.ServletContextHandler@6ad6443{/static,jar:file:/home/user/.m2/repository/org/apache/hadoop/hadoop-hdds-container-service/0.5.0-SNAPSHOT/hadoop-hdds-container-service-0.5.0-SNAPSHOT.jar!/webapps/static,AVAILABLE}
2019-08-30 13:29:56,859 [main] INFO  handler.ContextHandler (ContextHandler.java:doStart(781)) - Started o.e.j.w.WebAppContext@74a820bf{/,file:///tmp/jetty-0.0.0.0-39696-hddsDatanode-_-any-3211048822433043465.dir/webapp/,AVAILABLE}{/hddsDatanode}
2019-08-30 13:29:56,859 [main] INFO  server.AbstractConnector (AbstractConnector.java:doStart(278)) - Started ServerConnector@5a30722c{HTTP/1.1,[http/1.1]}{0.0.0.0:39696}
2019-08-30 13:29:56,860 [main] INFO  server.Server (Server.java:doStart(419)) - Started @597428ms
2019-08-30 13:29:56,861 [main] WARN  impl.MetricsSystemImpl (MetricsSystemImpl.java:register(276)) - Sink prometheus already exists!
2019-08-30 13:29:56,862 [main] INFO  server.BaseHttpServer (BaseHttpServer.java:updateConnectorAddress(215)) - HTTP server of HDDSDATANODE is listening at http://0.0.0.0:39696
2019-08-30 13:29:56,862 [main] INFO  impl.MetricsSystemImpl (MetricsSystemImpl.java:init(158)) - HddsDatanode metrics system started (again)
2019-08-30 13:29:56,866 [org.apache.hadoop.util.JvmPauseMonitor$Monitor@7e69fe4d] INFO  util.JvmPauseMonitor (JvmPauseMonitor.java:run(188)) - Starting JVM pause monitor
2019-08-30 13:29:56,866 [main] INFO  ozone.HddsDatanodeService (HddsDatanodeService.java:start(184)) - HddsDatanodeService host:pr-hdds-2063-9bpvp-3383687481 ip:192.168.5.187
2019-08-30 13:29:56,867 [Datanode State Machine Thread - 0] INFO  datanode.InitDatanodeState (InitDatanodeState.java:persistContainerDatanodeDetails(140)) - DatanodeDetails is persisted to /workdir/hadoop-ozone/integration-test/target/test-dir/MiniOzoneClusterImpl-87a06edb-9c05-4a0f-ad83-64a51ce4a81e/datanode-5/meta/datanode.id
2019-08-30 13:29:56,873 [main] INFO  volume.HddsVolume (HddsVolume.java:<init>(176)) - Creating Volume: /workdir/hadoop-ozone/integration-test/target/test-dir/MiniOzoneClusterImpl-87a06edb-9c05-4a0f-ad83-64a51ce4a81e/datanode-6/data/containers/hdds of  storage type : DISK and capacity : 1482555576320
2019-08-30 13:29:56,873 [main] INFO  volume.VolumeSet (VolumeSet.java:initializeVolumeSet(170)) - Added Volume : /workdir/hadoop-ozone/integration-test/target/test-dir/MiniOzoneClusterImpl-87a06edb-9c05-4a0f-ad83-64a51ce4a81e/datanode-6/data/containers/hdds to VolumeSet
2019-08-30 13:29:56,873 [main] INFO  volume.ThrottledAsyncChecker (ThrottledAsyncChecker.java:schedule(140)) - Scheduling a check for org.apache.hadoop.ozone.container.common.volume.HddsVolume@68dfda77
2019-08-30 13:29:56,873 [main] INFO  volume.HddsVolumeChecker (HddsVolumeChecker.java:checkAllVolumes(203)) - Scheduled health check for volume org.apache.hadoop.ozone.container.common.volume.HddsVolume@68dfda77
2019-08-30 13:29:56,890 [main] INFO  impl.RaftServerProxy (ConfUtils.java:logGet(43)) - raft.rpc.type = GRPC (default)
2019-08-30 13:29:56,890 [main] INFO  grpc.GrpcFactory (GrpcFactory.java:checkPooledByteBufAllocatorUseCacheForAllThreads(45)) - PERFORMANCE WARNING: useCacheForAllThreads is true that may cause Netty to create a lot garbage objects and, as a result, trigger GC.
	It is recommended to disable useCacheForAllThreads by setting -Dorg.apache.ratis.thirdparty.io.netty.allocator.useCacheForAllThreads=false in command line.
2019-08-30 13:29:56,890 [main] INFO  grpc.GrpcConfigKeys$Server (ConfUtils.java:logGet(43)) - raft.grpc.server.port = 0 (default)
2019-08-30 13:29:56,891 [main] INFO  server.GrpcService (ConfUtils.java:logGet(43)) - raft.grpc.message.size.max = 33570816 (custom)
2019-08-30 13:29:56,891 [main] INFO  server.RaftServerConfigKeys (ConfUtils.java:logGet(43)) - raft.server.log.appender.buffer.byte-limit = 33554432 (custom)
2019-08-30 13:29:56,891 [main] INFO  server.GrpcService (ConfUtils.java:logGet(43)) - raft.grpc.flow.control.window = 1MB (=1048576) (default)
2019-08-30 13:29:56,891 [main] INFO  server.RaftServerConfigKeys (ConfUtils.java:logGet(43)) - raft.server.rpc.request.timeout = 3000ms (default)
2019-08-30 13:29:56,892 [main] INFO  server.RaftServerConfigKeys (ConfUtils.java:logGet(43)) - raft.server.storage.dir = [/workdir/hadoop-ozone/integration-test/target/test-dir/MiniOzoneClusterImpl-87a06edb-9c05-4a0f-ad83-64a51ce4a81e/datanode-6/data/ratis] (custom)
2019-08-30 13:29:56,893 [main] INFO  hdfs.DFSUtil (DFSUtil.java:httpServerTemplateForNNAndJN(1641)) - Starting Web-server for hddsDatanode at: http://0.0.0.0:0
2019-08-30 13:29:56,894 [main] INFO  server.AuthenticationFilter (AuthenticationFilter.java:constructSecretProvider(240)) - Unable to initialize FileSignerSecretProvider, falling back to use random secrets.
2019-08-30 13:29:56,895 [main] WARN  http.HttpRequestLog (HttpRequestLog.java:getRequestLog(97)) - Jetty request log can only be enabled using Log4j
2019-08-30 13:29:56,896 [main] INFO  http.HttpServer2 (HttpServer2.java:addGlobalFilter(975)) - Added global filter 'safety' (class=org.apache.hadoop.http.HttpServer2$QuotingInputFilter)
2019-08-30 13:29:56,896 [main] INFO  http.HttpServer2 (HttpServer2.java:addFilter(948)) - Added filter static_user_filter (class=org.apache.hadoop.http.lib.StaticUserWebFilter$StaticUserFilter) to context hddsDatanode
2019-08-30 13:29:56,896 [main] INFO  http.HttpServer2 (HttpServer2.java:addFilter(958)) - Added filter static_user_filter (class=org.apache.hadoop.http.lib.StaticUserWebFilter$StaticUserFilter) to context logs
2019-08-30 13:29:56,897 [main] INFO  http.HttpServer2 (HttpServer2.java:addFilter(958)) - Added filter static_user_filter (class=org.apache.hadoop.http.lib.StaticUserWebFilter$StaticUserFilter) to context static
2019-08-30 13:29:56,897 [main] INFO  http.HttpServer2 (HttpServer2.java:bindListener(1191)) - Jetty bound to port 45758
2019-08-30 13:29:56,898 [main] INFO  server.Server (Server.java:doStart(351)) - jetty-9.3.24.v20180605, build timestamp: 2018-06-05T17:11:56Z, git hash: 84205aa28f11a4f31f2a3b86d1bba2cc8ab69827
2019-08-30 13:29:56,899 [main] INFO  handler.ContextHandler (ContextHandler.java:doStart(781)) - Started o.e.j.s.ServletContextHandler@5fdd97c1{/logs,file:///workdir/hadoop-ozone/integration-test/target/log,AVAILABLE}
2019-08-30 13:29:56,900 [main] INFO  handler.ContextHandler (ContextHandler.java:doStart(781)) - Started o.e.j.s.ServletContextHandler@15d236fd{/static,jar:file:/home/user/.m2/repository/org/apache/hadoop/hadoop-hdds-container-service/0.5.0-SNAPSHOT/hadoop-hdds-container-service-0.5.0-SNAPSHOT.jar!/webapps/static,AVAILABLE}
2019-08-30 13:29:56,932 [main] INFO  handler.ContextHandler (ContextHandler.java:doStart(781)) - Started o.e.j.w.WebAppContext@4a22e4d7{/,file:///tmp/jetty-0.0.0.0-45758-hddsDatanode-_-any-7501257917618229154.dir/webapp/,AVAILABLE}{/hddsDatanode}
2019-08-30 13:29:56,932 [main] INFO  server.AbstractConnector (AbstractConnector.java:doStart(278)) - Started ServerConnector@d8835af{HTTP/1.1,[http/1.1]}{0.0.0.0:45758}
2019-08-30 13:29:56,936 [main] INFO  server.Server (Server.java:doStart(419)) - Started @597504ms
2019-08-30 13:29:56,936 [main] WARN  impl.MetricsSystemImpl (MetricsSystemImpl.java:register(276)) - Sink prometheus already exists!
2019-08-30 13:29:56,937 [main] INFO  server.BaseHttpServer (BaseHttpServer.java:updateConnectorAddress(215)) - HTTP server of HDDSDATANODE is listening at http://0.0.0.0:45758
2019-08-30 13:29:56,938 [main] INFO  ozone.MiniOzoneClusterImpl (MiniOzoneClusterImpl.java:lambda$waitForClusterToBeReady$0(140)) - Waiting for cluster to be ready. Got 0 of 7 DN Heartbeats.
2019-08-30 13:29:56,939 [org.apache.hadoop.util.JvmPauseMonitor$Monitor@5f89a5a2] INFO  util.JvmPauseMonitor (JvmPauseMonitor.java:run(188)) - Starting JVM pause monitor
2019-08-30 13:29:56,940 [Datanode State Machine Thread - 0] INFO  datanode.InitDatanodeState (InitDatanodeState.java:persistContainerDatanodeDetails(140)) - DatanodeDetails is persisted to /workdir/hadoop-ozone/integration-test/target/test-dir/MiniOzoneClusterImpl-87a06edb-9c05-4a0f-ad83-64a51ce4a81e/datanode-6/meta/datanode.id
2019-08-30 13:29:57,938 [main] INFO  ozone.MiniOzoneClusterImpl (MiniOzoneClusterImpl.java:lambda$waitForClusterToBeReady$0(140)) - Waiting for cluster to be ready. Got 0 of 7 DN Heartbeats.
2019-08-30 13:29:58,593 [Datanode State Machine Thread - 0] INFO  ozoneimpl.OzoneContainer (OzoneContainer.java:start(201)) - Attempting to start container services.
2019-08-30 13:29:58,594 [Datanode State Machine Thread - 0] INFO  ozoneimpl.OzoneContainer (OzoneContainer.java:startContainerScrub(175)) - Background container scrubber has been disabled by hdds.containerscrub.enabled
2019-08-30 13:29:58,594 [Datanode State Machine Thread - 0] INFO  ratis.XceiverServerRatis (XceiverServerRatis.java:start(393)) - Starting XceiverServerRatis 3d46801a-90d5-4528-b1c3-555bb626bd0c at port 0
2019-08-30 13:29:58,600 [Datanode State Machine Thread - 0] INFO  impl.RaftServerProxy (RaftServerProxy.java:lambda$start$3(299)) - 3d46801a-90d5-4528-b1c3-555bb626bd0c: start RPC server
2019-08-30 13:29:58,602 [Datanode State Machine Thread - 0] INFO  server.GrpcService (GrpcService.java:startImpl(149)) - 3d46801a-90d5-4528-b1c3-555bb626bd0c: GrpcService started, listening on 0.0.0.0/0.0.0.0:36120
2019-08-30 13:29:58,602 [Datanode State Machine Thread - 0] INFO  ratis.XceiverServerRatis (XceiverServerRatis.java:start(403)) - XceiverServerRatis 3d46801a-90d5-4528-b1c3-555bb626bd0c is started using port 36120
2019-08-30 13:29:58,602 [Datanode State Machine Thread - 0] INFO  server.XceiverServerGrpc (XceiverServerGrpc.java:start(163)) - XceiverServerGrpc 3d46801a-90d5-4528-b1c3-555bb626bd0c is started using port 41083
2019-08-30 13:29:58,625 [Datanode State Machine Thread - 0] INFO  ozoneimpl.OzoneContainer (OzoneContainer.java:start(201)) - Attempting to start container services.
2019-08-30 13:29:58,626 [Datanode State Machine Thread - 0] INFO  ozoneimpl.OzoneContainer (OzoneContainer.java:startContainerScrub(175)) - Background container scrubber has been disabled by hdds.containerscrub.enabled
2019-08-30 13:29:58,626 [Datanode State Machine Thread - 0] INFO  ratis.XceiverServerRatis (XceiverServerRatis.java:start(393)) - Starting XceiverServerRatis a806dd1e-846c-462d-a504-58098052d4fb at port 0
2019-08-30 13:29:58,632 [Datanode State Machine Thread - 0] INFO  impl.RaftServerProxy (RaftServerProxy.java:lambda$start$3(299)) - a806dd1e-846c-462d-a504-58098052d4fb: start RPC server
2019-08-30 13:29:58,634 [Datanode State Machine Thread - 0] INFO  server.GrpcService (GrpcService.java:startImpl(149)) - a806dd1e-846c-462d-a504-58098052d4fb: GrpcService started, listening on 0.0.0.0/0.0.0.0:38282
2019-08-30 13:29:58,634 [Datanode State Machine Thread - 0] INFO  ratis.XceiverServerRatis (XceiverServerRatis.java:start(403)) - XceiverServerRatis a806dd1e-846c-462d-a504-58098052d4fb is started using port 38282
2019-08-30 13:29:58,634 [Datanode State Machine Thread - 0] INFO  server.XceiverServerGrpc (XceiverServerGrpc.java:start(163)) - XceiverServerGrpc a806dd1e-846c-462d-a504-58098052d4fb is started using port 46787
2019-08-30 13:29:58,685 [Datanode State Machine Thread - 0] INFO  ozoneimpl.OzoneContainer (OzoneContainer.java:start(201)) - Attempting to start container services.
2019-08-30 13:29:58,685 [Datanode State Machine Thread - 0] INFO  ozoneimpl.OzoneContainer (OzoneContainer.java:startContainerScrub(175)) - Background container scrubber has been disabled by hdds.containerscrub.enabled
2019-08-30 13:29:58,685 [Datanode State Machine Thread - 0] INFO  ratis.XceiverServerRatis (XceiverServerRatis.java:start(393)) - Starting XceiverServerRatis ba1175ab-072c-479e-90dd-4f55ee4d9691 at port 0
2019-08-30 13:29:58,691 [Datanode State Machine Thread - 0] INFO  impl.RaftServerProxy (RaftServerProxy.java:lambda$start$3(299)) - ba1175ab-072c-479e-90dd-4f55ee4d9691: start RPC server
2019-08-30 13:29:58,692 [Datanode State Machine Thread - 0] INFO  server.GrpcService (GrpcService.java:startImpl(149)) - ba1175ab-072c-479e-90dd-4f55ee4d9691: GrpcService started, listening on 0.0.0.0/0.0.0.0:35142
2019-08-30 13:29:58,692 [Datanode State Machine Thread - 0] INFO  ratis.XceiverServerRatis (XceiverServerRatis.java:start(403)) - XceiverServerRatis ba1175ab-072c-479e-90dd-4f55ee4d9691 is started using port 35142
2019-08-30 13:29:58,692 [Datanode State Machine Thread - 0] INFO  server.XceiverServerGrpc (XceiverServerGrpc.java:start(163)) - XceiverServerGrpc ba1175ab-072c-479e-90dd-4f55ee4d9691 is started using port 33651
2019-08-30 13:29:58,739 [Datanode State Machine Thread - 0] INFO  ozoneimpl.OzoneContainer (OzoneContainer.java:start(201)) - Attempting to start container services.
2019-08-30 13:29:58,739 [Datanode State Machine Thread - 0] INFO  ozoneimpl.OzoneContainer (OzoneContainer.java:startContainerScrub(175)) - Background container scrubber has been disabled by hdds.containerscrub.enabled
2019-08-30 13:29:58,740 [Datanode State Machine Thread - 0] INFO  ratis.XceiverServerRatis (XceiverServerRatis.java:start(393)) - Starting XceiverServerRatis ce179378-4143-4946-9570-61adb5fbe2a3 at port 0
2019-08-30 13:29:58,745 [Datanode State Machine Thread - 0] INFO  impl.RaftServerProxy (RaftServerProxy.java:lambda$start$3(299)) - ce179378-4143-4946-9570-61adb5fbe2a3: start RPC server
2019-08-30 13:29:58,746 [Datanode State Machine Thread - 0] INFO  server.GrpcService (GrpcService.java:startImpl(149)) - ce179378-4143-4946-9570-61adb5fbe2a3: GrpcService started, listening on 0.0.0.0/0.0.0.0:42060
2019-08-30 13:29:58,746 [Datanode State Machine Thread - 0] INFO  ratis.XceiverServerRatis (XceiverServerRatis.java:start(403)) - XceiverServerRatis ce179378-4143-4946-9570-61adb5fbe2a3 is started using port 42060
2019-08-30 13:29:58,746 [Datanode State Machine Thread - 0] INFO  server.XceiverServerGrpc (XceiverServerGrpc.java:start(163)) - XceiverServerGrpc ce179378-4143-4946-9570-61adb5fbe2a3 is started using port 43183
2019-08-30 13:29:58,813 [Datanode State Machine Thread - 0] INFO  ozoneimpl.OzoneContainer (OzoneContainer.java:start(201)) - Attempting to start container services.
2019-08-30 13:29:58,813 [Datanode State Machine Thread - 0] INFO  ozoneimpl.OzoneContainer (OzoneContainer.java:startContainerScrub(175)) - Background container scrubber has been disabled by hdds.containerscrub.enabled
2019-08-30 13:29:58,813 [Datanode State Machine Thread - 0] INFO  ratis.XceiverServerRatis (XceiverServerRatis.java:start(393)) - Starting XceiverServerRatis 88755f3d-3e87-497e-8a8d-202fed172cc3 at port 0
2019-08-30 13:29:58,820 [Datanode State Machine Thread - 0] INFO  impl.RaftServerProxy (RaftServerProxy.java:lambda$start$3(299)) - 88755f3d-3e87-497e-8a8d-202fed172cc3: start RPC server
2019-08-30 13:29:58,822 [Datanode State Machine Thread - 0] INFO  server.GrpcService (GrpcService.java:startImpl(149)) - 88755f3d-3e87-497e-8a8d-202fed172cc3: GrpcService started, listening on 0.0.0.0/0.0.0.0:46544
2019-08-30 13:29:58,823 [Datanode State Machine Thread - 0] INFO  ratis.XceiverServerRatis (XceiverServerRatis.java:start(403)) - XceiverServerRatis 88755f3d-3e87-497e-8a8d-202fed172cc3 is started using port 46544
2019-08-30 13:29:58,824 [Datanode State Machine Thread - 0] INFO  server.XceiverServerGrpc (XceiverServerGrpc.java:start(163)) - XceiverServerGrpc 88755f3d-3e87-497e-8a8d-202fed172cc3 is started using port 37798
2019-08-30 13:29:58,885 [Datanode State Machine Thread - 0] INFO  ozoneimpl.OzoneContainer (OzoneContainer.java:start(201)) - Attempting to start container services.
2019-08-30 13:29:58,886 [Datanode State Machine Thread - 0] INFO  ozoneimpl.OzoneContainer (OzoneContainer.java:startContainerScrub(175)) - Background container scrubber has been disabled by hdds.containerscrub.enabled
2019-08-30 13:29:58,886 [Datanode State Machine Thread - 0] INFO  ratis.XceiverServerRatis (XceiverServerRatis.java:start(393)) - Starting XceiverServerRatis 17eac7c6-5527-41ae-a3ec-0a2e795a5a04 at port 0
2019-08-30 13:29:58,891 [Datanode State Machine Thread - 0] INFO  impl.RaftServerProxy (RaftServerProxy.java:lambda$start$3(299)) - 17eac7c6-5527-41ae-a3ec-0a2e795a5a04: start RPC server
2019-08-30 13:29:58,900 [Datanode State Machine Thread - 0] INFO  server.GrpcService (GrpcService.java:startImpl(149)) - 17eac7c6-5527-41ae-a3ec-0a2e795a5a04: GrpcService started, listening on 0.0.0.0/0.0.0.0:35675
2019-08-30 13:29:58,901 [Datanode State Machine Thread - 0] INFO  ratis.XceiverServerRatis (XceiverServerRatis.java:start(403)) - XceiverServerRatis 17eac7c6-5527-41ae-a3ec-0a2e795a5a04 is started using port 35675
2019-08-30 13:29:58,901 [Datanode State Machine Thread - 0] INFO  server.XceiverServerGrpc (XceiverServerGrpc.java:start(163)) - XceiverServerGrpc 17eac7c6-5527-41ae-a3ec-0a2e795a5a04 is started using port 46015
2019-08-30 13:29:58,938 [main] INFO  ozone.MiniOzoneClusterImpl (MiniOzoneClusterImpl.java:lambda$waitForClusterToBeReady$0(140)) - Waiting for cluster to be ready. Got 0 of 7 DN Heartbeats.
2019-08-30 13:29:58,953 [Datanode State Machine Thread - 0] INFO  ozoneimpl.OzoneContainer (OzoneContainer.java:start(201)) - Attempting to start container services.
2019-08-30 13:29:58,953 [Datanode State Machine Thread - 0] INFO  ozoneimpl.OzoneContainer (OzoneContainer.java:startContainerScrub(175)) - Background container scrubber has been disabled by hdds.containerscrub.enabled
2019-08-30 13:29:58,953 [Datanode State Machine Thread - 0] INFO  ratis.XceiverServerRatis (XceiverServerRatis.java:start(393)) - Starting XceiverServerRatis 340f6f47-2259-4dbb-bff3-14284eae0e6a at port 0
2019-08-30 13:29:58,959 [Datanode State Machine Thread - 0] INFO  impl.RaftServerProxy (RaftServerProxy.java:lambda$start$3(299)) - 340f6f47-2259-4dbb-bff3-14284eae0e6a: start RPC server
2019-08-30 13:29:58,960 [Datanode State Machine Thread - 0] INFO  server.GrpcService (GrpcService.java:startImpl(149)) - 340f6f47-2259-4dbb-bff3-14284eae0e6a: GrpcService started, listening on 0.0.0.0/0.0.0.0:38975
2019-08-30 13:29:58,960 [Datanode State Machine Thread - 0] INFO  ratis.XceiverServerRatis (XceiverServerRatis.java:start(403)) - XceiverServerRatis 340f6f47-2259-4dbb-bff3-14284eae0e6a is started using port 38975
2019-08-30 13:29:58,961 [Datanode State Machine Thread - 0] INFO  server.XceiverServerGrpc (XceiverServerGrpc.java:start(163)) - XceiverServerGrpc 340f6f47-2259-4dbb-bff3-14284eae0e6a is started using port 33391
2019-08-30 13:29:59,939 [main] INFO  ozone.MiniOzoneClusterImpl (MiniOzoneClusterImpl.java:lambda$waitForClusterToBeReady$0(140)) - Waiting for cluster to be ready. Got 0 of 7 DN Heartbeats.
2019-08-30 13:30:00,551 [IPC Server handler 2 on 45796] INFO  net.NetworkTopology (NetworkTopologyImpl.java:add(110)) - Added a new node: /default-rack/3d46801a-90d5-4528-b1c3-555bb626bd0c
2019-08-30 13:30:00,553 [IPC Server handler 2 on 45796] INFO  node.SCMNodeManager (SCMNodeManager.java:register(266)) - Registered Data node : 3d46801a-90d5-4528-b1c3-555bb626bd0c{ip: 192.168.5.187, host: pr-hdds-2063-9bpvp-3383687481, networkLocation: /default-rack, certSerialId: null}
2019-08-30 13:30:00,554 [EventQueue-NodeRegistrationContainerReportForDataNodeSafeModeRule] INFO  safemode.SCMSafeModeManager (DataNodeSafeModeRule.java:process(71)) - SCM in safe mode. 1 DataNodes registered, 1 required.
2019-08-30 13:30:00,562 [EventQueue-NodeRegistrationContainerReportForDataNodeSafeModeRule] INFO  safemode.SCMSafeModeManager (SCMSafeModeManager.java:validateSafeModeExitRules(177)) - ScmSafeModeManager, all rules are successfully validated
2019-08-30 13:30:00,563 [EventQueue-NodeRegistrationContainerReportForDataNodeSafeModeRule] INFO  safemode.SCMSafeModeManager (SCMSafeModeManager.java:exitSafeMode(193)) - SCM exiting safe mode.
2019-08-30 13:30:00,568 [grpc-default-executor-12] INFO  impl.RaftServerProxy (RaftServerProxy.java:addNew(89)) - 3d46801a-90d5-4528-b1c3-555bb626bd0c: addNew group-A2913935CC11:[3d46801a-90d5-4528-b1c3-555bb626bd0c:192.168.5.187:36120] returns group-A2913935CC11:java.util.concurrent.CompletableFuture@5688085b[Not completed]
2019-08-30 13:30:00,570 [pool-409-thread-1] INFO  impl.RaftServerImpl (RaftServerImpl.java:<init>(93)) - 3d46801a-90d5-4528-b1c3-555bb626bd0c: new RaftServerImpl for group-A2913935CC11:[3d46801a-90d5-4528-b1c3-555bb626bd0c:192.168.5.187:36120] with ContainerStateMachine:uninitialized
2019-08-30 13:30:00,570 [pool-409-thread-1] INFO  server.RaftServerConfigKeys (ConfUtils.java:logGet(43)) - raft.server.rpc.timeout.min = 5s (custom)
2019-08-30 13:30:00,571 [pool-409-thread-1] INFO  server.RaftServerConfigKeys (ConfUtils.java:logGet(43)) - raft.server.rpc.timeout.max = 5200ms (custom)
2019-08-30 13:30:00,571 [pool-409-thread-1] INFO  server.RaftServerConfigKeys (ConfUtils.java:logGet(43)) - raft.server.rpcslowness.timeout = 120s (custom)
2019-08-30 13:30:00,571 [pool-409-thread-1] INFO  server.RaftServerConfigKeys (ConfUtils.java:logGet(43)) - raft.server.sleep.deviation.threshold = 300 (default)
2019-08-30 13:30:00,571 [pool-409-thread-1] INFO  server.RaftServerConfigKeys (ConfUtils.java:logGet(43)) - raft.server.log.appender.install.snapshot.enabled = false (custom)
2019-08-30 13:30:00,571 [pool-409-thread-1] INFO  impl.RaftServerImpl (ServerState.java:<init>(105)) - 3d46801a-90d5-4528-b1c3-555bb626bd0c:group-A2913935CC11 ConfigurationManager, init=-1: [3d46801a-90d5-4528-b1c3-555bb626bd0c:192.168.5.187:36120], old=null, confs=<EMPTY_MAP>
2019-08-30 13:30:00,571 [pool-409-thread-1] INFO  server.RaftServerConfigKeys (ConfUtils.java:logGet(43)) - raft.server.storage.dir = [/workdir/hadoop-ozone/integration-test/target/test-dir/MiniOzoneClusterImpl-87a06edb-9c05-4a0f-ad83-64a51ce4a81e/datanode-0/data/ratis] (custom)
2019-08-30 13:30:00,572 [pool-409-thread-1] INFO  storage.RaftStorageDirectory (RaftStorageDirectory.java:analyzeStorage(246)) - The storage directory /workdir/hadoop-ozone/integration-test/target/test-dir/MiniOzoneClusterImpl-87a06edb-9c05-4a0f-ad83-64a51ce4a81e/datanode-0/data/ratis/ff684d2a-2495-4a7d-8504-a2913935cc11 does not exist. Creating ...
2019-08-30 13:30:00,585 [pool-409-thread-1] INFO  storage.RaftStorageDirectory (RaftStorageDirectory.java:tryLock(328)) - Lock on /workdir/hadoop-ozone/integration-test/target/test-dir/MiniOzoneClusterImpl-87a06edb-9c05-4a0f-ad83-64a51ce4a81e/datanode-0/data/ratis/ff684d2a-2495-4a7d-8504-a2913935cc11/in_use.lock acquired by nodename 28373@pr-hdds-2063-9bpvp-3383687481
2019-08-30 13:30:00,607 [pool-409-thread-1] INFO  storage.RaftStorage (RaftStorage.java:format(72)) - Storage directory /workdir/hadoop-ozone/integration-test/target/test-dir/MiniOzoneClusterImpl-87a06edb-9c05-4a0f-ad83-64a51ce4a81e/datanode-0/data/ratis/ff684d2a-2495-4a7d-8504-a2913935cc11 has been successfully formatted.
2019-08-30 13:30:00,607 [pool-409-thread-1] INFO  ratis.ContainerStateMachine (ContainerStateMachine.java:loadSnapshot(227)) - group-A2913935CC11: The snapshot info is null. Setting the last applied indexto:(t:0, i:~)
2019-08-30 13:30:00,607 [pool-409-thread-1] INFO  server.RaftServerConfigKeys (ConfUtils.java:logGet(43)) - raft.server.leader.election.timeout = 120s (custom)
2019-08-30 13:30:00,607 [pool-409-thread-1] INFO  server.RaftServerConfigKeys (ConfUtils.java:logGet(43)) - raft.server.log.use.memory = false (default)
2019-08-30 13:30:00,608 [pool-409-thread-1] INFO  server.RaftServerConfigKeys (ConfUtils.java:logGet(43)) - raft.server.log.purge.gap = 1000000 (custom)
2019-08-30 13:30:00,608 [pool-409-thread-1] INFO  server.RaftServerConfigKeys (ConfUtils.java:logGet(43)) - raft.server.log.appender.buffer.byte-limit = 33554432 (custom)
2019-08-30 13:30:00,608 [pool-409-thread-1] INFO  server.RaftServerConfigKeys (ConfUtils.java:logGet(43)) - raft.server.log.segment.size.max = 1048576 (custom)
2019-08-30 13:30:00,608 [pool-409-thread-1] INFO  server.RaftServerConfigKeys (ConfUtils.java:logGet(43)) - raft.server.log.segment.cache.num.max = 2 (custom)
2019-08-30 13:30:00,608 [pool-409-thread-1] INFO  segmented.SegmentedRaftLogWorker (SegmentedRaftLogWorker.java:<init>(172)) - new 3d46801a-90d5-4528-b1c3-555bb626bd0c-SegmentedRaftLogWorker:Storage Directory /workdir/hadoop-ozone/integration-test/target/test-dir/MiniOzoneClusterImpl-87a06edb-9c05-4a0f-ad83-64a51ce4a81e/datanode-0/data/ratis/ff684d2a-2495-4a7d-8504-a2913935cc11 for RaftStorage:Storage Directory /workdir/hadoop-ozone/integration-test/target/test-dir/MiniOzoneClusterImpl-87a06edb-9c05-4a0f-ad83-64a51ce4a81e/datanode-0/data/ratis/ff684d2a-2495-4a7d-8504-a2913935cc11
2019-08-30 13:30:00,609 [pool-409-thread-1] INFO  server.RaftServerConfigKeys (ConfUtils.java:logGet(43)) - raft.server.log.queue.byte-limit = 2147483647 (custom)
2019-08-30 13:30:00,609 [pool-409-thread-1] INFO  server.RaftServerConfigKeys (ConfUtils.java:logGet(43)) - raft.server.log.queue.element-limit = 1024 (custom)
2019-08-30 13:30:00,609 [pool-409-thread-1] INFO  server.RaftServerConfigKeys (ConfUtils.java:logGet(43)) - raft.server.log.segment.size.max = 1048576 (custom)
2019-08-30 13:30:00,609 [pool-409-thread-1] INFO  server.RaftServerConfigKeys (ConfUtils.java:logGet(43)) - raft.server.log.preallocated.size = 16384 (custom)
2019-08-30 13:30:00,609 [pool-409-thread-1] INFO  server.RaftServerConfigKeys (ConfUtils.java:logGet(43)) - raft.server.log.write.buffer.size = 33554432 (custom)
2019-08-30 13:30:00,610 [pool-409-thread-1] INFO  server.RaftServerConfigKeys (ConfUtils.java:logGet(43)) - raft.server.log.force.sync.num = 128 (default)
2019-08-30 13:30:00,610 [pool-409-thread-1] INFO  server.RaftServerConfigKeys (ConfUtils.java:logGet(43)) - raft.server.log.statemachine.data.sync = true (default)
2019-08-30 13:30:00,610 [pool-409-thread-1] INFO  server.RaftServerConfigKeys (ConfUtils.java:logGet(43)) - raft.server.log.statemachine.data.sync.timeout = 10s (default)
2019-08-30 13:30:00,610 [IPC Server handler 4 on 45796] INFO  net.NetworkTopology (NetworkTopologyImpl.java:add(110)) - Added a new node: /default-rack/a806dd1e-846c-462d-a504-58098052d4fb
2019-08-30 13:30:00,610 [pool-409-thread-1] INFO  server.RaftServerConfigKeys (ConfUtils.java:logGet(43)) - raft.server.log.statemachine.data.sync.timeout.retry = -1 (default)
2019-08-30 13:30:00,610 [IPC Server handler 4 on 45796] INFO  node.SCMNodeManager (SCMNodeManager.java:register(266)) - Registered Data node : a806dd1e-846c-462d-a504-58098052d4fb{ip: 192.168.5.187, host: pr-hdds-2063-9bpvp-3383687481, networkLocation: /default-rack, certSerialId: null}
2019-08-30 13:30:00,611 [pool-409-thread-1] INFO  server.RaftServerConfigKeys (ConfUtils.java:logGet(43)) - raft.server.log.statemachine.data.caching.enabled = true (custom)
2019-08-30 13:30:00,611 [pool-409-thread-1] INFO  segmented.SegmentedRaftLogWorker (SegmentedRaftLogWorker.java:lambda$new$0(132)) - 3d46801a-90d5-4528-b1c3-555bb626bd0c-SegmentedRaftLogWorker:Storage Directory /workdir/hadoop-ozone/integration-test/target/test-dir/MiniOzoneClusterImpl-87a06edb-9c05-4a0f-ad83-64a51ce4a81e/datanode-0/data/ratis/ff684d2a-2495-4a7d-8504-a2913935cc11: flushIndex: setUnconditionally 0 -> -1
2019-08-30 13:30:00,611 [pool-409-thread-1] INFO  server.RaftServerConfigKeys (ConfUtils.java:logGet(43)) - raft.server.snapshot.auto.trigger.enabled = true (custom)
2019-08-30 13:30:00,611 [pool-409-thread-1] INFO  server.RaftServerConfigKeys (ConfUtils.java:logGet(43)) - raft.server.snapshot.auto.trigger.threshold = 10000 (custom)
2019-08-30 13:30:00,612 [pool-409-thread-1] INFO  server.RaftServerConfigKeys (ConfUtils.java:logGet(43)) - raft.server.retrycache.expirytime = 600000ms (custom)
2019-08-30 13:30:00,612 [pool-409-thread-1] INFO  impl.RaftServerImpl (RaftServerImpl.java:start(180)) - 3d46801a-90d5-4528-b1c3-555bb626bd0c: start group-A2913935CC11
2019-08-30 13:30:00,612 [pool-409-thread-1] INFO  impl.RaftServerImpl (RaftServerImpl.java:setRole(171)) - 3d46801a-90d5-4528-b1c3-555bb626bd0c:group-A2913935CC11 changes role from null to FOLLOWER at term 0 for startAsFollower
2019-08-30 13:30:00,612 [pool-409-thread-1] INFO  impl.RoleInfo (RoleInfo.java:updateAndGet(143)) - 3d46801a-90d5-4528-b1c3-555bb626bd0c: start FollowerState
2019-08-30 13:30:00,613 [pool-409-thread-1] INFO  util.JmxRegister (JmxRegister.java:tryRegister(44)) - Successfully registered JMX Bean with object name Ratis:service=RaftServer,group=group-A2913935CC11,id=3d46801a-90d5-4528-b1c3-555bb626bd0c
2019-08-30 13:30:00,619 [RatisPipelineUtilsThread] INFO  pipeline.PipelineStateManager (PipelineStateManager.java:addPipeline(56)) - Created pipeline Pipeline[ Id: ff684d2a-2495-4a7d-8504-a2913935cc11, Nodes: 3d46801a-90d5-4528-b1c3-555bb626bd0c{ip: 192.168.5.187, host: pr-hdds-2063-9bpvp-3383687481, networkLocation: /default-rack, certSerialId: null}, Type:RATIS, Factor:ONE, State:OPEN]
2019-08-30 13:30:00,625 [grpc-default-executor-12] INFO  impl.RaftServerProxy (RaftServerProxy.java:addNew(89)) - a806dd1e-846c-462d-a504-58098052d4fb: addNew group-513BB4A0FD9F:[a806dd1e-846c-462d-a504-58098052d4fb:192.168.5.187:38282] returns group-513BB4A0FD9F:java.util.concurrent.CompletableFuture@59e28c1a[Not completed]
2019-08-30 13:30:00,626 [pool-419-thread-1] INFO  impl.RaftServerImpl (RaftServerImpl.java:<init>(93)) - a806dd1e-846c-462d-a504-58098052d4fb: new RaftServerImpl for group-513BB4A0FD9F:[a806dd1e-846c-462d-a504-58098052d4fb:192.168.5.187:38282] with ContainerStateMachine:uninitialized
2019-08-30 13:30:00,626 [pool-419-thread-1] INFO  server.RaftServerConfigKeys (ConfUtils.java:logGet(43)) - raft.server.rpc.timeout.min = 5s (custom)
2019-08-30 13:30:00,626 [pool-419-thread-1] INFO  server.RaftServerConfigKeys (ConfUtils.java:logGet(43)) - raft.server.rpc.timeout.max = 5200ms (custom)
2019-08-30 13:30:00,626 [pool-419-thread-1] INFO  server.RaftServerConfigKeys (ConfUtils.java:logGet(43)) - raft.server.rpcslowness.timeout = 120s (custom)
2019-08-30 13:30:00,626 [pool-419-thread-1] INFO  server.RaftServerConfigKeys (ConfUtils.java:logGet(43)) - raft.server.sleep.deviation.threshold = 300 (default)
2019-08-30 13:30:00,627 [pool-419-thread-1] INFO  server.RaftServerConfigKeys (ConfUtils.java:logGet(43)) - raft.server.log.appender.install.snapshot.enabled = false (custom)
2019-08-30 13:30:00,627 [pool-419-thread-1] INFO  impl.RaftServerImpl (ServerState.java:<init>(105)) - a806dd1e-846c-462d-a504-58098052d4fb:group-513BB4A0FD9F ConfigurationManager, init=-1: [a806dd1e-846c-462d-a504-58098052d4fb:192.168.5.187:38282], old=null, confs=<EMPTY_MAP>
2019-08-30 13:30:00,627 [pool-419-thread-1] INFO  server.RaftServerConfigKeys (ConfUtils.java:logGet(43)) - raft.server.storage.dir = [/workdir/hadoop-ozone/integration-test/target/test-dir/MiniOzoneClusterImpl-87a06edb-9c05-4a0f-ad83-64a51ce4a81e/datanode-1/data/ratis] (custom)
2019-08-30 13:30:00,627 [pool-419-thread-1] INFO  storage.RaftStorageDirectory (RaftStorageDirectory.java:analyzeStorage(246)) - The storage directory /workdir/hadoop-ozone/integration-test/target/test-dir/MiniOzoneClusterImpl-87a06edb-9c05-4a0f-ad83-64a51ce4a81e/datanode-1/data/ratis/08617c75-550a-4b9f-a393-513bb4a0fd9f does not exist. Creating ...
2019-08-30 13:30:00,651 [pool-419-thread-1] INFO  storage.RaftStorageDirectory (RaftStorageDirectory.java:tryLock(328)) - Lock on /workdir/hadoop-ozone/integration-test/target/test-dir/MiniOzoneClusterImpl-87a06edb-9c05-4a0f-ad83-64a51ce4a81e/datanode-1/data/ratis/08617c75-550a-4b9f-a393-513bb4a0fd9f/in_use.lock acquired by nodename 28373@pr-hdds-2063-9bpvp-3383687481
2019-08-30 13:30:00,665 [pool-419-thread-1] INFO  storage.RaftStorage (RaftStorage.java:format(72)) - Storage directory /workdir/hadoop-ozone/integration-test/target/test-dir/MiniOzoneClusterImpl-87a06edb-9c05-4a0f-ad83-64a51ce4a81e/datanode-1/data/ratis/08617c75-550a-4b9f-a393-513bb4a0fd9f has been successfully formatted.
2019-08-30 13:30:00,666 [pool-419-thread-1] INFO  ratis.ContainerStateMachine (ContainerStateMachine.java:loadSnapshot(227)) - group-513BB4A0FD9F: The snapshot info is null. Setting the last applied indexto:(t:0, i:~)
2019-08-30 13:30:00,666 [pool-419-thread-1] INFO  server.RaftServerConfigKeys (ConfUtils.java:logGet(43)) - raft.server.leader.election.timeout = 120s (custom)
2019-08-30 13:30:00,666 [pool-419-thread-1] INFO  server.RaftServerConfigKeys (ConfUtils.java:logGet(43)) - raft.server.log.use.memory = false (default)
2019-08-30 13:30:00,666 [pool-419-thread-1] INFO  server.RaftServerConfigKeys (ConfUtils.java:logGet(43)) - raft.server.log.purge.gap = 1000000 (custom)
2019-08-30 13:30:00,666 [pool-419-thread-1] INFO  server.RaftServerConfigKeys (ConfUtils.java:logGet(43)) - raft.server.log.appender.buffer.byte-limit = 33554432 (custom)
2019-08-30 13:30:00,666 [pool-419-thread-1] INFO  server.RaftServerConfigKeys (ConfUtils.java:logGet(43)) - raft.server.log.segment.size.max = 1048576 (custom)
2019-08-30 13:30:00,666 [pool-419-thread-1] INFO  server.RaftServerConfigKeys (ConfUtils.java:logGet(43)) - raft.server.log.segment.cache.num.max = 2 (custom)
2019-08-30 13:30:00,667 [pool-419-thread-1] INFO  segmented.SegmentedRaftLogWorker (SegmentedRaftLogWorker.java:<init>(172)) - new a806dd1e-846c-462d-a504-58098052d4fb-SegmentedRaftLogWorker:Storage Directory /workdir/hadoop-ozone/integration-test/target/test-dir/MiniOzoneClusterImpl-87a06edb-9c05-4a0f-ad83-64a51ce4a81e/datanode-1/data/ratis/08617c75-550a-4b9f-a393-513bb4a0fd9f for RaftStorage:Storage Directory /workdir/hadoop-ozone/integration-test/target/test-dir/MiniOzoneClusterImpl-87a06edb-9c05-4a0f-ad83-64a51ce4a81e/datanode-1/data/ratis/08617c75-550a-4b9f-a393-513bb4a0fd9f
2019-08-30 13:30:00,667 [pool-419-thread-1] INFO  server.RaftServerConfigKeys (ConfUtils.java:logGet(43)) - raft.server.log.queue.byte-limit = 2147483647 (custom)
2019-08-30 13:30:00,667 [pool-419-thread-1] INFO  server.RaftServerConfigKeys (ConfUtils.java:logGet(43)) - raft.server.log.queue.element-limit = 1024 (custom)
2019-08-30 13:30:00,667 [pool-419-thread-1] INFO  server.RaftServerConfigKeys (ConfUtils.java:logGet(43)) - raft.server.log.segment.size.max = 1048576 (custom)
2019-08-30 13:30:00,667 [pool-419-thread-1] INFO  server.RaftServerConfigKeys (ConfUtils.java:logGet(43)) - raft.server.log.preallocated.size = 16384 (custom)
2019-08-30 13:30:00,668 [pool-419-thread-1] INFO  server.RaftServerConfigKeys (ConfUtils.java:logGet(43)) - raft.server.log.write.buffer.size = 33554432 (custom)
2019-08-30 13:30:00,668 [pool-419-thread-1] INFO  server.RaftServerConfigKeys (ConfUtils.java:logGet(43)) - raft.server.log.force.sync.num = 128 (default)
2019-08-30 13:30:00,668 [pool-419-thread-1] INFO  server.RaftServerConfigKeys (ConfUtils.java:logGet(43)) - raft.server.log.statemachine.data.sync = true (default)
2019-08-30 13:30:00,668 [pool-419-thread-1] INFO  server.RaftServerConfigKeys (ConfUtils.java:logGet(43)) - raft.server.log.statemachine.data.sync.timeout = 10s (default)
2019-08-30 13:30:00,668 [pool-419-thread-1] INFO  server.RaftServerConfigKeys (ConfUtils.java:logGet(43)) - raft.server.log.statemachine.data.sync.timeout.retry = -1 (default)
2019-08-30 13:30:00,668 [pool-419-thread-1] INFO  server.RaftServerConfigKeys (ConfUtils.java:logGet(43)) - raft.server.log.statemachine.data.caching.enabled = true (custom)
2019-08-30 13:30:00,669 [pool-419-thread-1] INFO  segmented.SegmentedRaftLogWorker (SegmentedRaftLogWorker.java:lambda$new$0(132)) - a806dd1e-846c-462d-a504-58098052d4fb-SegmentedRaftLogWorker:Storage Directory /workdir/hadoop-ozone/integration-test/target/test-dir/MiniOzoneClusterImpl-87a06edb-9c05-4a0f-ad83-64a51ce4a81e/datanode-1/data/ratis/08617c75-550a-4b9f-a393-513bb4a0fd9f: flushIndex: setUnconditionally 0 -> -1
2019-08-30 13:30:00,669 [pool-419-thread-1] INFO  server.RaftServerConfigKeys (ConfUtils.java:logGet(43)) - raft.server.snapshot.auto.trigger.enabled = true (custom)
2019-08-30 13:30:00,669 [pool-419-thread-1] INFO  server.RaftServerConfigKeys (ConfUtils.java:logGet(43)) - raft.server.snapshot.auto.trigger.threshold = 10000 (custom)
2019-08-30 13:30:00,669 [pool-419-thread-1] INFO  server.RaftServerConfigKeys (ConfUtils.java:logGet(43)) - raft.server.retrycache.expirytime = 600000ms (custom)
2019-08-30 13:30:00,669 [pool-419-thread-1] INFO  impl.RaftServerImpl (RaftServerImpl.java:start(180)) - a806dd1e-846c-462d-a504-58098052d4fb: start group-513BB4A0FD9F
2019-08-30 13:30:00,670 [pool-419-thread-1] INFO  impl.RaftServerImpl (RaftServerImpl.java:setRole(171)) - a806dd1e-846c-462d-a504-58098052d4fb:group-513BB4A0FD9F changes role from null to FOLLOWER at term 0 for startAsFollower
2019-08-30 13:30:00,670 [pool-419-thread-1] INFO  impl.RoleInfo (RoleInfo.java:updateAndGet(143)) - a806dd1e-846c-462d-a504-58098052d4fb: start FollowerState
2019-08-30 13:30:00,670 [pool-419-thread-1] INFO  util.JmxRegister (JmxRegister.java:tryRegister(44)) - Successfully registered JMX Bean with object name Ratis:service=RaftServer,group=group-513BB4A0FD9F,id=a806dd1e-846c-462d-a504-58098052d4fb
2019-08-30 13:30:00,674 [IPC Server handler 3 on 45796] INFO  net.NetworkTopology (NetworkTopologyImpl.java:add(110)) - Added a new node: /default-rack/ba1175ab-072c-479e-90dd-4f55ee4d9691
2019-08-30 13:30:00,674 [IPC Server handler 3 on 45796] INFO  node.SCMNodeManager (SCMNodeManager.java:register(266)) - Registered Data node : ba1175ab-072c-479e-90dd-4f55ee4d9691{ip: 192.168.5.187, host: pr-hdds-2063-9bpvp-3383687481, networkLocation: /default-rack, certSerialId: null}
2019-08-30 13:30:00,675 [RatisPipelineUtilsThread] INFO  pipeline.PipelineStateManager (PipelineStateManager.java:addPipeline(56)) - Created pipeline Pipeline[ Id: 08617c75-550a-4b9f-a393-513bb4a0fd9f, Nodes: a806dd1e-846c-462d-a504-58098052d4fb{ip: 192.168.5.187, host: pr-hdds-2063-9bpvp-3383687481, networkLocation: /default-rack, certSerialId: null}, Type:RATIS, Factor:ONE, State:OPEN]
2019-08-30 13:30:00,682 [grpc-default-executor-12] INFO  impl.RaftServerProxy (RaftServerProxy.java:addNew(89)) - ba1175ab-072c-479e-90dd-4f55ee4d9691: addNew group-6CEADEDC504E:[ba1175ab-072c-479e-90dd-4f55ee4d9691:192.168.5.187:35142] returns group-6CEADEDC504E:java.util.concurrent.CompletableFuture@3cb2c1ac[Not completed]
2019-08-30 13:30:00,683 [pool-429-thread-1] INFO  impl.RaftServerImpl (RaftServerImpl.java:<init>(93)) - ba1175ab-072c-479e-90dd-4f55ee4d9691: new RaftServerImpl for group-6CEADEDC504E:[ba1175ab-072c-479e-90dd-4f55ee4d9691:192.168.5.187:35142] with ContainerStateMachine:uninitialized
2019-08-30 13:30:00,683 [pool-429-thread-1] INFO  server.RaftServerConfigKeys (ConfUtils.java:logGet(43)) - raft.server.rpc.timeout.min = 5s (custom)
2019-08-30 13:30:00,683 [pool-429-thread-1] INFO  server.RaftServerConfigKeys (ConfUtils.java:logGet(43)) - raft.server.rpc.timeout.max = 5200ms (custom)
2019-08-30 13:30:00,684 [pool-429-thread-1] INFO  server.RaftServerConfigKeys (ConfUtils.java:logGet(43)) - raft.server.rpcslowness.timeout = 120s (custom)
2019-08-30 13:30:00,684 [pool-429-thread-1] INFO  server.RaftServerConfigKeys (ConfUtils.java:logGet(43)) - raft.server.sleep.deviation.threshold = 300 (default)
2019-08-30 13:30:00,684 [pool-429-thread-1] INFO  server.RaftServerConfigKeys (ConfUtils.java:logGet(43)) - raft.server.log.appender.install.snapshot.enabled = false (custom)
2019-08-30 13:30:00,684 [pool-429-thread-1] INFO  impl.RaftServerImpl (ServerState.java:<init>(105)) - ba1175ab-072c-479e-90dd-4f55ee4d9691:group-6CEADEDC504E ConfigurationManager, init=-1: [ba1175ab-072c-479e-90dd-4f55ee4d9691:192.168.5.187:35142], old=null, confs=<EMPTY_MAP>
2019-08-30 13:30:00,684 [pool-429-thread-1] INFO  server.RaftServerConfigKeys (ConfUtils.java:logGet(43)) - raft.server.storage.dir = [/workdir/hadoop-ozone/integration-test/target/test-dir/MiniOzoneClusterImpl-87a06edb-9c05-4a0f-ad83-64a51ce4a81e/datanode-2/data/ratis] (custom)
2019-08-30 13:30:00,684 [pool-429-thread-1] INFO  storage.RaftStorageDirectory (RaftStorageDirectory.java:analyzeStorage(246)) - The storage directory /workdir/hadoop-ozone/integration-test/target/test-dir/MiniOzoneClusterImpl-87a06edb-9c05-4a0f-ad83-64a51ce4a81e/datanode-2/data/ratis/9daf2756-2038-4fcf-a0e1-6ceadedc504e does not exist. Creating ...
2019-08-30 13:30:00,697 [pool-429-thread-1] INFO  storage.RaftStorageDirectory (RaftStorageDirectory.java:tryLock(328)) - Lock on /workdir/hadoop-ozone/integration-test/target/test-dir/MiniOzoneClusterImpl-87a06edb-9c05-4a0f-ad83-64a51ce4a81e/datanode-2/data/ratis/9daf2756-2038-4fcf-a0e1-6ceadedc504e/in_use.lock acquired by nodename 28373@pr-hdds-2063-9bpvp-3383687481
2019-08-30 13:30:00,710 [pool-429-thread-1] INFO  storage.RaftStorage (RaftStorage.java:format(72)) - Storage directory /workdir/hadoop-ozone/integration-test/target/test-dir/MiniOzoneClusterImpl-87a06edb-9c05-4a0f-ad83-64a51ce4a81e/datanode-2/data/ratis/9daf2756-2038-4fcf-a0e1-6ceadedc504e has been successfully formatted.
2019-08-30 13:30:00,711 [pool-429-thread-1] INFO  ratis.ContainerStateMachine (ContainerStateMachine.java:loadSnapshot(227)) - group-6CEADEDC504E: The snapshot info is null. Setting the last applied indexto:(t:0, i:~)
2019-08-30 13:30:00,711 [pool-429-thread-1] INFO  server.RaftServerConfigKeys (ConfUtils.java:logGet(43)) - raft.server.leader.election.timeout = 120s (custom)
2019-08-30 13:30:00,711 [pool-429-thread-1] INFO  server.RaftServerConfigKeys (ConfUtils.java:logGet(43)) - raft.server.log.use.memory = false (default)
2019-08-30 13:30:00,711 [pool-429-thread-1] INFO  server.RaftServerConfigKeys (ConfUtils.java:logGet(43)) - raft.server.log.purge.gap = 1000000 (custom)
2019-08-30 13:30:00,711 [pool-429-thread-1] INFO  server.RaftServerConfigKeys (ConfUtils.java:logGet(43)) - raft.server.log.appender.buffer.byte-limit = 33554432 (custom)
2019-08-30 13:30:00,711 [pool-429-thread-1] INFO  server.RaftServerConfigKeys (ConfUtils.java:logGet(43)) - raft.server.log.segment.size.max = 1048576 (custom)
2019-08-30 13:30:00,712 [pool-429-thread-1] INFO  server.RaftServerConfigKeys (ConfUtils.java:logGet(43)) - raft.server.log.segment.cache.num.max = 2 (custom)
2019-08-30 13:30:00,712 [pool-429-thread-1] INFO  segmented.SegmentedRaftLogWorker (SegmentedRaftLogWorker.java:<init>(172)) - new ba1175ab-072c-479e-90dd-4f55ee4d9691-SegmentedRaftLogWorker:Storage Directory /workdir/hadoop-ozone/integration-test/target/test-dir/MiniOzoneClusterImpl-87a06edb-9c05-4a0f-ad83-64a51ce4a81e/datanode-2/data/ratis/9daf2756-2038-4fcf-a0e1-6ceadedc504e for RaftStorage:Storage Directory /workdir/hadoop-ozone/integration-test/target/test-dir/MiniOzoneClusterImpl-87a06edb-9c05-4a0f-ad83-64a51ce4a81e/datanode-2/data/ratis/9daf2756-2038-4fcf-a0e1-6ceadedc504e
2019-08-30 13:30:00,712 [pool-429-thread-1] INFO  server.RaftServerConfigKeys (ConfUtils.java:logGet(43)) - raft.server.log.queue.byte-limit = 2147483647 (custom)
2019-08-30 13:30:00,712 [pool-429-thread-1] INFO  server.RaftServerConfigKeys (ConfUtils.java:logGet(43)) - raft.server.log.queue.element-limit = 1024 (custom)
2019-08-30 13:30:00,712 [pool-429-thread-1] INFO  server.RaftServerConfigKeys (ConfUtils.java:logGet(43)) - raft.server.log.segment.size.max = 1048576 (custom)
2019-08-30 13:30:00,712 [pool-429-thread-1] INFO  server.RaftServerConfigKeys (ConfUtils.java:logGet(43)) - raft.server.log.preallocated.size = 16384 (custom)
2019-08-30 13:30:00,712 [pool-429-thread-1] INFO  server.RaftServerConfigKeys (ConfUtils.java:logGet(43)) - raft.server.log.write.buffer.size = 33554432 (custom)
2019-08-30 13:30:00,713 [pool-429-thread-1] INFO  server.RaftServerConfigKeys (ConfUtils.java:logGet(43)) - raft.server.log.force.sync.num = 128 (default)
2019-08-30 13:30:00,713 [pool-429-thread-1] INFO  server.RaftServerConfigKeys (ConfUtils.java:logGet(43)) - raft.server.log.statemachine.data.sync = true (default)
2019-08-30 13:30:00,713 [pool-429-thread-1] INFO  server.RaftServerConfigKeys (ConfUtils.java:logGet(43)) - raft.server.log.statemachine.data.sync.timeout = 10s (default)
2019-08-30 13:30:00,713 [pool-429-thread-1] INFO  server.RaftServerConfigKeys (ConfUtils.java:logGet(43)) - raft.server.log.statemachine.data.sync.timeout.retry = -1 (default)
2019-08-30 13:30:00,713 [pool-429-thread-1] INFO  server.RaftServerConfigKeys (ConfUtils.java:logGet(43)) - raft.server.log.statemachine.data.caching.enabled = true (custom)
2019-08-30 13:30:00,713 [pool-429-thread-1] INFO  segmented.SegmentedRaftLogWorker (SegmentedRaftLogWorker.java:lambda$new$0(132)) - ba1175ab-072c-479e-90dd-4f55ee4d9691-SegmentedRaftLogWorker:Storage Directory /workdir/hadoop-ozone/integration-test/target/test-dir/MiniOzoneClusterImpl-87a06edb-9c05-4a0f-ad83-64a51ce4a81e/datanode-2/data/ratis/9daf2756-2038-4fcf-a0e1-6ceadedc504e: flushIndex: setUnconditionally 0 -> -1
2019-08-30 13:30:00,714 [pool-429-thread-1] INFO  server.RaftServerConfigKeys (ConfUtils.java:logGet(43)) - raft.server.snapshot.auto.trigger.enabled = true (custom)
2019-08-30 13:30:00,714 [pool-429-thread-1] INFO  server.RaftServerConfigKeys (ConfUtils.java:logGet(43)) - raft.server.snapshot.auto.trigger.threshold = 10000 (custom)
2019-08-30 13:30:00,714 [pool-429-thread-1] INFO  server.RaftServerConfigKeys (ConfUtils.java:logGet(43)) - raft.server.retrycache.expirytime = 600000ms (custom)
2019-08-30 13:30:00,714 [pool-429-thread-1] INFO  impl.RaftServerImpl (RaftServerImpl.java:start(180)) - ba1175ab-072c-479e-90dd-4f55ee4d9691: start group-6CEADEDC504E
2019-08-30 13:30:00,714 [pool-429-thread-1] INFO  impl.RaftServerImpl (RaftServerImpl.java:setRole(171)) - ba1175ab-072c-479e-90dd-4f55ee4d9691:group-6CEADEDC504E changes role from null to FOLLOWER at term 0 for startAsFollower
2019-08-30 13:30:00,714 [pool-429-thread-1] INFO  impl.RoleInfo (RoleInfo.java:updateAndGet(143)) - ba1175ab-072c-479e-90dd-4f55ee4d9691: start FollowerState
2019-08-30 13:30:00,715 [pool-429-thread-1] INFO  util.JmxRegister (JmxRegister.java:tryRegister(44)) - Successfully registered JMX Bean with object name Ratis:service=RaftServer,group=group-6CEADEDC504E,id=ba1175ab-072c-479e-90dd-4f55ee4d9691
2019-08-30 13:30:00,719 [RatisPipelineUtilsThread] INFO  pipeline.PipelineStateManager (PipelineStateManager.java:addPipeline(56)) - Created pipeline Pipeline[ Id: 9daf2756-2038-4fcf-a0e1-6ceadedc504e, Nodes: ba1175ab-072c-479e-90dd-4f55ee4d9691{ip: 192.168.5.187, host: pr-hdds-2063-9bpvp-3383687481, networkLocation: /default-rack, certSerialId: null}, Type:RATIS, Factor:ONE, State:OPEN]
2019-08-30 13:30:00,726 [grpc-default-executor-16] INFO  impl.RaftServerProxy (RaftServerProxy.java:addNew(89)) - ba1175ab-072c-479e-90dd-4f55ee4d9691: addNew group-2C32FE13FBC5:[a806dd1e-846c-462d-a504-58098052d4fb:192.168.5.187:38282, 3d46801a-90d5-4528-b1c3-555bb626bd0c:192.168.5.187:36120, ba1175ab-072c-479e-90dd-4f55ee4d9691:192.168.5.187:35142] returns group-2C32FE13FBC5:java.util.concurrent.CompletableFuture@6ab7a48b[Not completed]
2019-08-30 13:30:00,727 [grpc-default-executor-10] INFO  impl.RaftServerProxy (RaftServerProxy.java:addNew(89)) - 3d46801a-90d5-4528-b1c3-555bb626bd0c: addNew group-2C32FE13FBC5:[a806dd1e-846c-462d-a504-58098052d4fb:192.168.5.187:38282, 3d46801a-90d5-4528-b1c3-555bb626bd0c:192.168.5.187:36120, ba1175ab-072c-479e-90dd-4f55ee4d9691:192.168.5.187:35142] returns group-2C32FE13FBC5:java.util.concurrent.CompletableFuture@302a2ce5[Not completed]
2019-08-30 13:30:00,727 [grpc-default-executor-16] INFO  impl.RaftServerProxy (RaftServerProxy.java:addNew(89)) - a806dd1e-846c-462d-a504-58098052d4fb: addNew group-2C32FE13FBC5:[a806dd1e-846c-462d-a504-58098052d4fb:192.168.5.187:38282, 3d46801a-90d5-4528-b1c3-555bb626bd0c:192.168.5.187:36120, ba1175ab-072c-479e-90dd-4f55ee4d9691:192.168.5.187:35142] returns group-2C32FE13FBC5:java.util.concurrent.CompletableFuture@2823501e[Not completed]
2019-08-30 13:30:00,727 [pool-429-thread-1] INFO  impl.RaftServerImpl (RaftServerImpl.java:<init>(93)) - ba1175ab-072c-479e-90dd-4f55ee4d9691: new RaftServerImpl for group-2C32FE13FBC5:[a806dd1e-846c-462d-a504-58098052d4fb:192.168.5.187:38282, 3d46801a-90d5-4528-b1c3-555bb626bd0c:192.168.5.187:36120, ba1175ab-072c-479e-90dd-4f55ee4d9691:192.168.5.187:35142] with ContainerStateMachine:uninitialized
2019-08-30 13:30:00,728 [pool-429-thread-1] INFO  server.RaftServerConfigKeys (ConfUtils.java:logGet(43)) - raft.server.rpc.timeout.min = 5s (custom)
2019-08-30 13:30:00,728 [pool-429-thread-1] INFO  server.RaftServerConfigKeys (ConfUtils.java:logGet(43)) - raft.server.rpc.timeout.max = 5200ms (custom)
2019-08-30 13:30:00,728 [pool-429-thread-1] INFO  server.RaftServerConfigKeys (ConfUtils.java:logGet(43)) - raft.server.rpcslowness.timeout = 120s (custom)
2019-08-30 13:30:00,728 [pool-429-thread-1] INFO  server.RaftServerConfigKeys (ConfUtils.java:logGet(43)) - raft.server.sleep.deviation.threshold = 300 (default)
2019-08-30 13:30:00,728 [pool-429-thread-1] INFO  server.RaftServerConfigKeys (ConfUtils.java:logGet(43)) - raft.server.log.appender.install.snapshot.enabled = false (custom)
2019-08-30 13:30:00,728 [pool-419-thread-1] INFO  impl.RaftServerImpl (RaftServerImpl.java:<init>(93)) - a806dd1e-846c-462d-a504-58098052d4fb: new RaftServerImpl for group-2C32FE13FBC5:[a806dd1e-846c-462d-a504-58098052d4fb:192.168.5.187:38282, 3d46801a-90d5-4528-b1c3-555bb626bd0c:192.168.5.187:36120, ba1175ab-072c-479e-90dd-4f55ee4d9691:192.168.5.187:35142] with ContainerStateMachine:uninitialized
2019-08-30 13:30:00,728 [pool-429-thread-1] INFO  impl.RaftServerImpl (ServerState.java:<init>(105)) - ba1175ab-072c-479e-90dd-4f55ee4d9691:group-2C32FE13FBC5 ConfigurationManager, init=-1: [a806dd1e-846c-462d-a504-58098052d4fb:192.168.5.187:38282, 3d46801a-90d5-4528-b1c3-555bb626bd0c:192.168.5.187:36120, ba1175ab-072c-479e-90dd-4f55ee4d9691:192.168.5.187:35142], old=null, confs=<EMPTY_MAP>
2019-08-30 13:30:00,728 [pool-419-thread-1] INFO  server.RaftServerConfigKeys (ConfUtils.java:logGet(43)) - raft.server.rpc.timeout.min = 5s (custom)
2019-08-30 13:30:00,728 [pool-429-thread-1] INFO  server.RaftServerConfigKeys (ConfUtils.java:logGet(43)) - raft.server.storage.dir = [/workdir/hadoop-ozone/integration-test/target/test-dir/MiniOzoneClusterImpl-87a06edb-9c05-4a0f-ad83-64a51ce4a81e/datanode-2/data/ratis] (custom)
2019-08-30 13:30:00,728 [pool-419-thread-1] INFO  server.RaftServerConfigKeys (ConfUtils.java:logGet(43)) - raft.server.rpc.timeout.max = 5200ms (custom)
2019-08-30 13:30:00,729 [pool-419-thread-1] INFO  server.RaftServerConfigKeys (ConfUtils.java:logGet(43)) - raft.server.rpcslowness.timeout = 120s (custom)
2019-08-30 13:30:00,729 [pool-419-thread-1] INFO  server.RaftServerConfigKeys (ConfUtils.java:logGet(43)) - raft.server.sleep.deviation.threshold = 300 (default)
2019-08-30 13:30:00,729 [pool-429-thread-1] INFO  storage.RaftStorageDirectory (RaftStorageDirectory.java:analyzeStorage(246)) - The storage directory /workdir/hadoop-ozone/integration-test/target/test-dir/MiniOzoneClusterImpl-87a06edb-9c05-4a0f-ad83-64a51ce4a81e/datanode-2/data/ratis/57159889-37ca-43ae-afae-2c32fe13fbc5 does not exist. Creating ...
2019-08-30 13:30:00,729 [pool-409-thread-1] INFO  impl.RaftServerImpl (RaftServerImpl.java:<init>(93)) - 3d46801a-90d5-4528-b1c3-555bb626bd0c: new RaftServerImpl for group-2C32FE13FBC5:[a806dd1e-846c-462d-a504-58098052d4fb:192.168.5.187:38282, 3d46801a-90d5-4528-b1c3-555bb626bd0c:192.168.5.187:36120, ba1175ab-072c-479e-90dd-4f55ee4d9691:192.168.5.187:35142] with ContainerStateMachine:uninitialized
2019-08-30 13:30:00,729 [pool-419-thread-1] INFO  server.RaftServerConfigKeys (ConfUtils.java:logGet(43)) - raft.server.log.appender.install.snapshot.enabled = false (custom)
2019-08-30 13:30:00,729 [pool-409-thread-1] INFO  server.RaftServerConfigKeys (ConfUtils.java:logGet(43)) - raft.server.rpc.timeout.min = 5s (custom)
2019-08-30 13:30:00,729 [pool-419-thread-1] INFO  impl.RaftServerImpl (ServerState.java:<init>(105)) - a806dd1e-846c-462d-a504-58098052d4fb:group-2C32FE13FBC5 ConfigurationManager, init=-1: [a806dd1e-846c-462d-a504-58098052d4fb:192.168.5.187:38282, 3d46801a-90d5-4528-b1c3-555bb626bd0c:192.168.5.187:36120, ba1175ab-072c-479e-90dd-4f55ee4d9691:192.168.5.187:35142], old=null, confs=<EMPTY_MAP>
2019-08-30 13:30:00,729 [pool-409-thread-1] INFO  server.RaftServerConfigKeys (ConfUtils.java:logGet(43)) - raft.server.rpc.timeout.max = 5200ms (custom)
2019-08-30 13:30:00,729 [pool-419-thread-1] INFO  server.RaftServerConfigKeys (ConfUtils.java:logGet(43)) - raft.server.storage.dir = [/workdir/hadoop-ozone/integration-test/target/test-dir/MiniOzoneClusterImpl-87a06edb-9c05-4a0f-ad83-64a51ce4a81e/datanode-1/data/ratis] (custom)
2019-08-30 13:30:00,729 [pool-409-thread-1] INFO  server.RaftServerConfigKeys (ConfUtils.java:logGet(43)) - raft.server.rpcslowness.timeout = 120s (custom)
2019-08-30 13:30:00,730 [pool-409-thread-1] INFO  server.RaftServerConfigKeys (ConfUtils.java:logGet(43)) - raft.server.sleep.deviation.threshold = 300 (default)
2019-08-30 13:30:00,730 [pool-419-thread-1] INFO  storage.RaftStorageDirectory (RaftStorageDirectory.java:analyzeStorage(246)) - The storage directory /workdir/hadoop-ozone/integration-test/target/test-dir/MiniOzoneClusterImpl-87a06edb-9c05-4a0f-ad83-64a51ce4a81e/datanode-1/data/ratis/57159889-37ca-43ae-afae-2c32fe13fbc5 does not exist. Creating ...
2019-08-30 13:30:00,730 [pool-409-thread-1] INFO  server.RaftServerConfigKeys (ConfUtils.java:logGet(43)) - raft.server.log.appender.install.snapshot.enabled = false (custom)
2019-08-30 13:30:00,730 [pool-409-thread-1] INFO  impl.RaftServerImpl (ServerState.java:<init>(105)) - 3d46801a-90d5-4528-b1c3-555bb626bd0c:group-2C32FE13FBC5 ConfigurationManager, init=-1: [a806dd1e-846c-462d-a504-58098052d4fb:192.168.5.187:38282, 3d46801a-90d5-4528-b1c3-555bb626bd0c:192.168.5.187:36120, ba1175ab-072c-479e-90dd-4f55ee4d9691:192.168.5.187:35142], old=null, confs=<EMPTY_MAP>
2019-08-30 13:30:00,730 [pool-409-thread-1] INFO  server.RaftServerConfigKeys (ConfUtils.java:logGet(43)) - raft.server.storage.dir = [/workdir/hadoop-ozone/integration-test/target/test-dir/MiniOzoneClusterImpl-87a06edb-9c05-4a0f-ad83-64a51ce4a81e/datanode-0/data/ratis] (custom)
2019-08-30 13:30:00,730 [pool-409-thread-1] INFO  storage.RaftStorageDirectory (RaftStorageDirectory.java:analyzeStorage(246)) - The storage directory /workdir/hadoop-ozone/integration-test/target/test-dir/MiniOzoneClusterImpl-87a06edb-9c05-4a0f-ad83-64a51ce4a81e/datanode-0/data/ratis/57159889-37ca-43ae-afae-2c32fe13fbc5 does not exist. Creating ...
2019-08-30 13:30:00,735 [IPC Server handler 5 on 45796] INFO  net.NetworkTopology (NetworkTopologyImpl.java:add(110)) - Added a new node: /default-rack/ce179378-4143-4946-9570-61adb5fbe2a3
2019-08-30 13:30:00,735 [IPC Server handler 5 on 45796] INFO  node.SCMNodeManager (SCMNodeManager.java:register(266)) - Registered Data node : ce179378-4143-4946-9570-61adb5fbe2a3{ip: 192.168.5.187, host: pr-hdds-2063-9bpvp-3383687481, networkLocation: /default-rack, certSerialId: null}
2019-08-30 13:30:00,744 [pool-409-thread-1] INFO  storage.RaftStorageDirectory (RaftStorageDirectory.java:tryLock(328)) - Lock on /workdir/hadoop-ozone/integration-test/target/test-dir/MiniOzoneClusterImpl-87a06edb-9c05-4a0f-ad83-64a51ce4a81e/datanode-0/data/ratis/57159889-37ca-43ae-afae-2c32fe13fbc5/in_use.lock acquired by nodename 28373@pr-hdds-2063-9bpvp-3383687481
2019-08-30 13:30:00,744 [pool-419-thread-1] INFO  storage.RaftStorageDirectory (RaftStorageDirectory.java:tryLock(328)) - Lock on /workdir/hadoop-ozone/integration-test/target/test-dir/MiniOzoneClusterImpl-87a06edb-9c05-4a0f-ad83-64a51ce4a81e/datanode-1/data/ratis/57159889-37ca-43ae-afae-2c32fe13fbc5/in_use.lock acquired by nodename 28373@pr-hdds-2063-9bpvp-3383687481
2019-08-30 13:30:00,744 [pool-429-thread-1] INFO  storage.RaftStorageDirectory (RaftStorageDirectory.java:tryLock(328)) - Lock on /workdir/hadoop-ozone/integration-test/target/test-dir/MiniOzoneClusterImpl-87a06edb-9c05-4a0f-ad83-64a51ce4a81e/datanode-2/data/ratis/57159889-37ca-43ae-afae-2c32fe13fbc5/in_use.lock acquired by nodename 28373@pr-hdds-2063-9bpvp-3383687481
2019-08-30 13:30:00,758 [pool-409-thread-1] INFO  storage.RaftStorage (RaftStorage.java:format(72)) - Storage directory /workdir/hadoop-ozone/integration-test/target/test-dir/MiniOzoneClusterImpl-87a06edb-9c05-4a0f-ad83-64a51ce4a81e/datanode-0/data/ratis/57159889-37ca-43ae-afae-2c32fe13fbc5 has been successfully formatted.
2019-08-30 13:30:00,758 [pool-419-thread-1] INFO  storage.RaftStorage (RaftStorage.java:format(72)) - Storage directory /workdir/hadoop-ozone/integration-test/target/test-dir/MiniOzoneClusterImpl-87a06edb-9c05-4a0f-ad83-64a51ce4a81e/datanode-1/data/ratis/57159889-37ca-43ae-afae-2c32fe13fbc5 has been successfully formatted.
2019-08-30 13:30:00,758 [pool-409-thread-1] INFO  ratis.ContainerStateMachine (ContainerStateMachine.java:loadSnapshot(227)) - group-2C32FE13FBC5: The snapshot info is null. Setting the last applied indexto:(t:0, i:~)
2019-08-30 13:30:00,758 [pool-429-thread-1] INFO  storage.RaftStorage (RaftStorage.java:format(72)) - Storage directory /workdir/hadoop-ozone/integration-test/target/test-dir/MiniOzoneClusterImpl-87a06edb-9c05-4a0f-ad83-64a51ce4a81e/datanode-2/data/ratis/57159889-37ca-43ae-afae-2c32fe13fbc5 has been successfully formatted.
2019-08-30 13:30:00,758 [pool-409-thread-1] INFO  server.RaftServerConfigKeys (ConfUtils.java:logGet(43)) - raft.server.leader.election.timeout = 120s (custom)
2019-08-30 13:30:00,758 [pool-419-thread-1] INFO  ratis.ContainerStateMachine (ContainerStateMachine.java:loadSnapshot(227)) - group-2C32FE13FBC5: The snapshot info is null. Setting the last applied indexto:(t:0, i:~)
2019-08-30 13:30:00,759 [pool-429-thread-1] INFO  ratis.ContainerStateMachine (ContainerStateMachine.java:loadSnapshot(227)) - group-2C32FE13FBC5: The snapshot info is null. Setting the last applied indexto:(t:0, i:~)
2019-08-30 13:30:00,759 [pool-409-thread-1] INFO  server.RaftServerConfigKeys (ConfUtils.java:logGet(43)) - raft.server.log.use.memory = false (default)
2019-08-30 13:30:00,759 [pool-429-thread-1] INFO  server.RaftServerConfigKeys (ConfUtils.java:logGet(43)) - raft.server.leader.election.timeout = 120s (custom)
2019-08-30 13:30:00,759 [pool-419-thread-1] INFO  server.RaftServerConfigKeys (ConfUtils.java:logGet(43)) - raft.server.leader.election.timeout = 120s (custom)
2019-08-30 13:30:00,759 [pool-429-thread-1] INFO  server.RaftServerConfigKeys (ConfUtils.java:logGet(43)) - raft.server.log.use.memory = false (default)
2019-08-30 13:30:00,759 [pool-409-thread-1] INFO  server.RaftServerConfigKeys (ConfUtils.java:logGet(43)) - raft.server.log.purge.gap = 1000000 (custom)
2019-08-30 13:30:00,759 [pool-429-thread-1] INFO  server.RaftServerConfigKeys (ConfUtils.java:logGet(43)) - raft.server.log.purge.gap = 1000000 (custom)
2019-08-30 13:30:00,759 [pool-419-thread-1] INFO  server.RaftServerConfigKeys (ConfUtils.java:logGet(43)) - raft.server.log.use.memory = false (default)
2019-08-30 13:30:00,759 [pool-429-thread-1] INFO  server.RaftServerConfigKeys (ConfUtils.java:logGet(43)) - raft.server.log.appender.buffer.byte-limit = 33554432 (custom)
2019-08-30 13:30:00,759 [pool-409-thread-1] INFO  server.RaftServerConfigKeys (ConfUtils.java:logGet(43)) - raft.server.log.appender.buffer.byte-limit = 33554432 (custom)
2019-08-30 13:30:00,760 [pool-429-thread-1] INFO  server.RaftServerConfigKeys (ConfUtils.java:logGet(43)) - raft.server.log.segment.size.max = 1048576 (custom)
2019-08-30 13:30:00,759 [pool-419-thread-1] INFO  server.RaftServerConfigKeys (ConfUtils.java:logGet(43)) - raft.server.log.purge.gap = 1000000 (custom)
2019-08-30 13:30:00,760 [pool-429-thread-1] INFO  server.RaftServerConfigKeys (ConfUtils.java:logGet(43)) - raft.server.log.segment.cache.num.max = 2 (custom)
2019-08-30 13:30:00,760 [pool-409-thread-1] INFO  server.RaftServerConfigKeys (ConfUtils.java:logGet(43)) - raft.server.log.segment.size.max = 1048576 (custom)
2019-08-30 13:30:00,760 [pool-429-thread-1] INFO  segmented.SegmentedRaftLogWorker (SegmentedRaftLogWorker.java:<init>(172)) - new ba1175ab-072c-479e-90dd-4f55ee4d9691-SegmentedRaftLogWorker:Storage Directory /workdir/hadoop-ozone/integration-test/target/test-dir/MiniOzoneClusterImpl-87a06edb-9c05-4a0f-ad83-64a51ce4a81e/datanode-2/data/ratis/57159889-37ca-43ae-afae-2c32fe13fbc5 for RaftStorage:Storage Directory /workdir/hadoop-ozone/integration-test/target/test-dir/MiniOzoneClusterImpl-87a06edb-9c05-4a0f-ad83-64a51ce4a81e/datanode-2/data/ratis/57159889-37ca-43ae-afae-2c32fe13fbc5
2019-08-30 13:30:00,760 [pool-419-thread-1] INFO  server.RaftServerConfigKeys (ConfUtils.java:logGet(43)) - raft.server.log.appender.buffer.byte-limit = 33554432 (custom)
2019-08-30 13:30:00,760 [pool-429-thread-1] INFO  server.RaftServerConfigKeys (ConfUtils.java:logGet(43)) - raft.server.log.queue.byte-limit = 2147483647 (custom)
2019-08-30 13:30:00,760 [pool-409-thread-1] INFO  server.RaftServerConfigKeys (ConfUtils.java:logGet(43)) - raft.server.log.segment.cache.num.max = 2 (custom)
2019-08-30 13:30:00,760 [pool-429-thread-1] INFO  server.RaftServerConfigKeys (ConfUtils.java:logGet(43)) - raft.server.log.queue.element-limit = 1024 (custom)
2019-08-30 13:30:00,760 [pool-419-thread-1] INFO  server.RaftServerConfigKeys (ConfUtils.java:logGet(43)) - raft.server.log.segment.size.max = 1048576 (custom)
2019-08-30 13:30:00,761 [pool-429-thread-1] INFO  server.RaftServerConfigKeys (ConfUtils.java:logGet(43)) - raft.server.log.segment.size.max = 1048576 (custom)
2019-08-30 13:30:00,760 [pool-409-thread-1] INFO  segmented.SegmentedRaftLogWorker (SegmentedRaftLogWorker.java:<init>(172)) - new 3d46801a-90d5-4528-b1c3-555bb626bd0c-SegmentedRaftLogWorker:Storage Directory /workdir/hadoop-ozone/integration-test/target/test-dir/MiniOzoneClusterImpl-87a06edb-9c05-4a0f-ad83-64a51ce4a81e/datanode-0/data/ratis/57159889-37ca-43ae-afae-2c32fe13fbc5 for RaftStorage:Storage Directory /workdir/hadoop-ozone/integration-test/target/test-dir/MiniOzoneClusterImpl-87a06edb-9c05-4a0f-ad83-64a51ce4a81e/datanode-0/data/ratis/57159889-37ca-43ae-afae-2c32fe13fbc5
2019-08-30 13:30:00,761 [pool-429-thread-1] INFO  server.RaftServerConfigKeys (ConfUtils.java:logGet(43)) - raft.server.log.preallocated.size = 16384 (custom)
2019-08-30 13:30:00,761 [pool-419-thread-1] INFO  server.RaftServerConfigKeys (ConfUtils.java:logGet(43)) - raft.server.log.segment.cache.num.max = 2 (custom)
2019-08-30 13:30:00,761 [pool-429-thread-1] INFO  server.RaftServerConfigKeys (ConfUtils.java:logGet(43)) - raft.server.log.write.buffer.size = 33554432 (custom)
2019-08-30 13:30:00,761 [pool-409-thread-1] INFO  server.RaftServerConfigKeys (ConfUtils.java:logGet(43)) - raft.server.log.queue.byte-limit = 2147483647 (custom)
2019-08-30 13:30:00,761 [pool-429-thread-1] INFO  server.RaftServerConfigKeys (ConfUtils.java:logGet(43)) - raft.server.log.force.sync.num = 128 (default)
2019-08-30 13:30:00,761 [pool-419-thread-1] INFO  segmented.SegmentedRaftLogWorker (SegmentedRaftLogWorker.java:<init>(172)) - new a806dd1e-846c-462d-a504-58098052d4fb-SegmentedRaftLogWorker:Storage Directory /workdir/hadoop-ozone/integration-test/target/test-dir/MiniOzoneClusterImpl-87a06edb-9c05-4a0f-ad83-64a51ce4a81e/datanode-1/data/ratis/57159889-37ca-43ae-afae-2c32fe13fbc5 for RaftStorage:Storage Directory /workdir/hadoop-ozone/integration-test/target/test-dir/MiniOzoneClusterImpl-87a06edb-9c05-4a0f-ad83-64a51ce4a81e/datanode-1/data/ratis/57159889-37ca-43ae-afae-2c32fe13fbc5
2019-08-30 13:30:00,761 [pool-429-thread-1] INFO  server.RaftServerConfigKeys (ConfUtils.java:logGet(43)) - raft.server.log.statemachine.data.sync = true (default)
2019-08-30 13:30:00,761 [pool-409-thread-1] INFO  server.RaftServerConfigKeys (ConfUtils.java:logGet(43)) - raft.server.log.queue.element-limit = 1024 (custom)
2019-08-30 13:30:00,762 [pool-429-thread-1] INFO  server.RaftServerConfigKeys (ConfUtils.java:logGet(43)) - raft.server.log.statemachine.data.sync.timeout = 10s (default)
2019-08-30 13:30:00,761 [pool-419-thread-1] INFO  server.RaftServerConfigKeys (ConfUtils.java:logGet(43)) - raft.server.log.queue.byte-limit = 2147483647 (custom)
2019-08-30 13:30:00,762 [pool-429-thread-1] INFO  server.RaftServerConfigKeys (ConfUtils.java:logGet(43)) - raft.server.log.statemachine.data.sync.timeout.retry = -1 (default)
2019-08-30 13:30:00,762 [pool-409-thread-1] INFO  server.RaftServerConfigKeys (ConfUtils.java:logGet(43)) - raft.server.log.segment.size.max = 1048576 (custom)
2019-08-30 13:30:00,762 [pool-429-thread-1] INFO  server.RaftServerConfigKeys (ConfUtils.java:logGet(43)) - raft.server.log.statemachine.data.caching.enabled = true (custom)
2019-08-30 13:30:00,762 [pool-419-thread-1] INFO  server.RaftServerConfigKeys (ConfUtils.java:logGet(43)) - raft.server.log.queue.element-limit = 1024 (custom)
2019-08-30 13:30:00,762 [pool-409-thread-1] INFO  server.RaftServerConfigKeys (ConfUtils.java:logGet(43)) - raft.server.log.preallocated.size = 16384 (custom)
2019-08-30 13:30:00,762 [pool-429-thread-1] INFO  segmented.SegmentedRaftLogWorker (SegmentedRaftLogWorker.java:lambda$new$0(132)) - ba1175ab-072c-479e-90dd-4f55ee4d9691-SegmentedRaftLogWorker:Storage Directory /workdir/hadoop-ozone/integration-test/target/test-dir/MiniOzoneClusterImpl-87a06edb-9c05-4a0f-ad83-64a51ce4a81e/datanode-2/data/ratis/57159889-37ca-43ae-afae-2c32fe13fbc5: flushIndex: setUnconditionally 0 -> -1
2019-08-30 13:30:00,762 [pool-419-thread-1] INFO  server.RaftServerConfigKeys (ConfUtils.java:logGet(43)) - raft.server.log.segment.size.max = 1048576 (custom)
2019-08-30 13:30:00,762 [pool-409-thread-1] INFO  server.RaftServerConfigKeys (ConfUtils.java:logGet(43)) - raft.server.log.write.buffer.size = 33554432 (custom)
2019-08-30 13:30:00,763 [pool-429-thread-1] INFO  server.RaftServerConfigKeys (ConfUtils.java:logGet(43)) - raft.server.snapshot.auto.trigger.enabled = true (custom)
2019-08-30 13:30:00,763 [pool-419-thread-1] INFO  server.RaftServerConfigKeys (ConfUtils.java:logGet(43)) - raft.server.log.preallocated.size = 16384 (custom)
2019-08-30 13:30:00,763 [pool-429-thread-1] INFO  server.RaftServerConfigKeys (ConfUtils.java:logGet(43)) - raft.server.snapshot.auto.trigger.threshold = 10000 (custom)
2019-08-30 13:30:00,763 [pool-409-thread-1] INFO  server.RaftServerConfigKeys (ConfUtils.java:logGet(43)) - raft.server.log.force.sync.num = 128 (default)
2019-08-30 13:30:00,763 [pool-429-thread-1] INFO  server.RaftServerConfigKeys (ConfUtils.java:logGet(43)) - raft.server.retrycache.expirytime = 600000ms (custom)
2019-08-30 13:30:00,763 [pool-419-thread-1] INFO  server.RaftServerConfigKeys (ConfUtils.java:logGet(43)) - raft.server.log.write.buffer.size = 33554432 (custom)
2019-08-30 13:30:00,763 [pool-429-thread-1] INFO  impl.RaftServerImpl (RaftServerImpl.java:start(180)) - ba1175ab-072c-479e-90dd-4f55ee4d9691: start group-2C32FE13FBC5
2019-08-30 13:30:00,764 [pool-429-thread-1] INFO  impl.RaftServerImpl (RaftServerImpl.java:setRole(171)) - ba1175ab-072c-479e-90dd-4f55ee4d9691:group-2C32FE13FBC5 changes role from null to FOLLOWER at term 0 for startAsFollower
2019-08-30 13:30:00,763 [pool-409-thread-1] INFO  server.RaftServerConfigKeys (ConfUtils.java:logGet(43)) - raft.server.log.statemachine.data.sync = true (default)
2019-08-30 13:30:00,764 [pool-429-thread-1] INFO  impl.RoleInfo (RoleInfo.java:updateAndGet(143)) - ba1175ab-072c-479e-90dd-4f55ee4d9691: start FollowerState
2019-08-30 13:30:00,764 [pool-419-thread-1] INFO  server.RaftServerConfigKeys (ConfUtils.java:logGet(43)) - raft.server.log.force.sync.num = 128 (default)
2019-08-30 13:30:00,764 [pool-409-thread-1] INFO  server.RaftServerConfigKeys (ConfUtils.java:logGet(43)) - raft.server.log.statemachine.data.sync.timeout = 10s (default)
2019-08-30 13:30:00,764 [pool-419-thread-1] INFO  server.RaftServerConfigKeys (ConfUtils.java:logGet(43)) - raft.server.log.statemachine.data.sync = true (default)
2019-08-30 13:30:00,764 [pool-429-thread-1] INFO  util.JmxRegister (JmxRegister.java:tryRegister(44)) - Successfully registered JMX Bean with object name Ratis:service=RaftServer,group=group-2C32FE13FBC5,id=ba1175ab-072c-479e-90dd-4f55ee4d9691
2019-08-30 13:30:00,764 [pool-409-thread-1] INFO  server.RaftServerConfigKeys (ConfUtils.java:logGet(43)) - raft.server.log.statemachine.data.sync.timeout.retry = -1 (default)
2019-08-30 13:30:00,764 [pool-419-thread-1] INFO  server.RaftServerConfigKeys (ConfUtils.java:logGet(43)) - raft.server.log.statemachine.data.sync.timeout = 10s (default)
2019-08-30 13:30:00,765 [pool-409-thread-1] INFO  server.RaftServerConfigKeys (ConfUtils.java:logGet(43)) - raft.server.log.statemachine.data.caching.enabled = true (custom)
2019-08-30 13:30:00,765 [pool-419-thread-1] INFO  server.RaftServerConfigKeys (ConfUtils.java:logGet(43)) - raft.server.log.statemachine.data.sync.timeout.retry = -1 (default)
2019-08-30 13:30:00,765 [pool-409-thread-1] INFO  segmented.SegmentedRaftLogWorker (SegmentedRaftLogWorker.java:lambda$new$0(132)) - 3d46801a-90d5-4528-b1c3-555bb626bd0c-SegmentedRaftLogWorker:Storage Directory /workdir/hadoop-ozone/integration-test/target/test-dir/MiniOzoneClusterImpl-87a06edb-9c05-4a0f-ad83-64a51ce4a81e/datanode-0/data/ratis/57159889-37ca-43ae-afae-2c32fe13fbc5: flushIndex: setUnconditionally 0 -> -1
2019-08-30 13:30:00,765 [pool-419-thread-1] INFO  server.RaftServerConfigKeys (ConfUtils.java:logGet(43)) - raft.server.log.statemachine.data.caching.enabled = true (custom)
2019-08-30 13:30:00,765 [pool-409-thread-1] INFO  server.RaftServerConfigKeys (ConfUtils.java:logGet(43)) - raft.server.snapshot.auto.trigger.enabled = true (custom)
2019-08-30 13:30:00,765 [pool-419-thread-1] INFO  segmented.SegmentedRaftLogWorker (SegmentedRaftLogWorker.java:lambda$new$0(132)) - a806dd1e-846c-462d-a504-58098052d4fb-SegmentedRaftLogWorker:Storage Directory /workdir/hadoop-ozone/integration-test/target/test-dir/MiniOzoneClusterImpl-87a06edb-9c05-4a0f-ad83-64a51ce4a81e/datanode-1/data/ratis/57159889-37ca-43ae-afae-2c32fe13fbc5: flushIndex: setUnconditionally 0 -> -1
2019-08-30 13:30:00,765 [pool-409-thread-1] INFO  server.RaftServerConfigKeys (ConfUtils.java:logGet(43)) - raft.server.snapshot.auto.trigger.threshold = 10000 (custom)
2019-08-30 13:30:00,768 [pool-409-thread-1] INFO  server.RaftServerConfigKeys (ConfUtils.java:logGet(43)) - raft.server.retrycache.expirytime = 600000ms (custom)
2019-08-30 13:30:00,768 [pool-419-thread-1] INFO  server.RaftServerConfigKeys (ConfUtils.java:logGet(43)) - raft.server.snapshot.auto.trigger.enabled = true (custom)
2019-08-30 13:30:00,768 [pool-409-thread-1] INFO  impl.RaftServerImpl (RaftServerImpl.java:start(180)) - 3d46801a-90d5-4528-b1c3-555bb626bd0c: start group-2C32FE13FBC5
2019-08-30 13:30:00,768 [pool-419-thread-1] INFO  server.RaftServerConfigKeys (ConfUtils.java:logGet(43)) - raft.server.snapshot.auto.trigger.threshold = 10000 (custom)
2019-08-30 13:30:00,768 [pool-409-thread-1] INFO  impl.RaftServerImpl (RaftServerImpl.java:setRole(171)) - 3d46801a-90d5-4528-b1c3-555bb626bd0c:group-2C32FE13FBC5 changes role from null to FOLLOWER at term 0 for startAsFollower
2019-08-30 13:30:00,768 [pool-419-thread-1] INFO  server.RaftServerConfigKeys (ConfUtils.java:logGet(43)) - raft.server.retrycache.expirytime = 600000ms (custom)
2019-08-30 13:30:00,768 [pool-409-thread-1] INFO  impl.RoleInfo (RoleInfo.java:updateAndGet(143)) - 3d46801a-90d5-4528-b1c3-555bb626bd0c: start FollowerState
2019-08-30 13:30:00,769 [pool-419-thread-1] INFO  impl.RaftServerImpl (RaftServerImpl.java:start(180)) - a806dd1e-846c-462d-a504-58098052d4fb: start group-2C32FE13FBC5
2019-08-30 13:30:00,769 [pool-419-thread-1] INFO  impl.RaftServerImpl (RaftServerImpl.java:setRole(171)) - a806dd1e-846c-462d-a504-58098052d4fb:group-2C32FE13FBC5 changes role from null to FOLLOWER at term 0 for startAsFollower
2019-08-30 13:30:00,769 [pool-419-thread-1] INFO  impl.RoleInfo (RoleInfo.java:updateAndGet(143)) - a806dd1e-846c-462d-a504-58098052d4fb: start FollowerState
2019-08-30 13:30:00,769 [pool-409-thread-1] INFO  util.JmxRegister (JmxRegister.java:tryRegister(44)) - Successfully registered JMX Bean with object name Ratis:service=RaftServer,group=group-2C32FE13FBC5,id=3d46801a-90d5-4528-b1c3-555bb626bd0c
2019-08-30 13:30:00,769 [pool-419-thread-1] INFO  util.JmxRegister (JmxRegister.java:tryRegister(44)) - Successfully registered JMX Bean with object name Ratis:service=RaftServer,group=group-2C32FE13FBC5,id=a806dd1e-846c-462d-a504-58098052d4fb
2019-08-30 13:30:00,776 [RatisPipelineUtilsThread] INFO  pipeline.PipelineStateManager (PipelineStateManager.java:addPipeline(56)) - Created pipeline Pipeline[ Id: 57159889-37ca-43ae-afae-2c32fe13fbc5, Nodes: 3d46801a-90d5-4528-b1c3-555bb626bd0c{ip: 192.168.5.187, host: pr-hdds-2063-9bpvp-3383687481, networkLocation: /default-rack, certSerialId: null}ba1175ab-072c-479e-90dd-4f55ee4d9691{ip: 192.168.5.187, host: pr-hdds-2063-9bpvp-3383687481, networkLocation: /default-rack, certSerialId: null}a806dd1e-846c-462d-a504-58098052d4fb{ip: 192.168.5.187, host: pr-hdds-2063-9bpvp-3383687481, networkLocation: /default-rack, certSerialId: null}, Type:RATIS, Factor:THREE, State:OPEN]
2019-08-30 13:30:00,788 [grpc-default-executor-16] INFO  impl.RaftServerProxy (RaftServerProxy.java:addNew(89)) - ce179378-4143-4946-9570-61adb5fbe2a3: addNew group-FC975474794A:[ce179378-4143-4946-9570-61adb5fbe2a3:192.168.5.187:42060] returns group-FC975474794A:java.util.concurrent.CompletableFuture@2eadb40e[Not completed]
2019-08-30 13:30:00,790 [pool-439-thread-1] INFO  impl.RaftServerImpl (RaftServerImpl.java:<init>(93)) - ce179378-4143-4946-9570-61adb5fbe2a3: new RaftServerImpl for group-FC975474794A:[ce179378-4143-4946-9570-61adb5fbe2a3:192.168.5.187:42060] with ContainerStateMachine:uninitialized
2019-08-30 13:30:00,790 [pool-439-thread-1] INFO  server.RaftServerConfigKeys (ConfUtils.java:logGet(43)) - raft.server.rpc.timeout.min = 5s (custom)
2019-08-30 13:30:00,790 [pool-439-thread-1] INFO  server.RaftServerConfigKeys (ConfUtils.java:logGet(43)) - raft.server.rpc.timeout.max = 5200ms (custom)
2019-08-30 13:30:00,790 [pool-439-thread-1] INFO  server.RaftServerConfigKeys (ConfUtils.java:logGet(43)) - raft.server.rpcslowness.timeout = 120s (custom)
2019-08-30 13:30:00,790 [pool-439-thread-1] INFO  server.RaftServerConfigKeys (ConfUtils.java:logGet(43)) - raft.server.sleep.deviation.threshold = 300 (default)
2019-08-30 13:30:00,790 [pool-439-thread-1] INFO  server.RaftServerConfigKeys (ConfUtils.java:logGet(43)) - raft.server.log.appender.install.snapshot.enabled = false (custom)
2019-08-30 13:30:00,790 [pool-439-thread-1] INFO  impl.RaftServerImpl (ServerState.java:<init>(105)) - ce179378-4143-4946-9570-61adb5fbe2a3:group-FC975474794A ConfigurationManager, init=-1: [ce179378-4143-4946-9570-61adb5fbe2a3:192.168.5.187:42060], old=null, confs=<EMPTY_MAP>
2019-08-30 13:30:00,791 [pool-439-thread-1] INFO  server.RaftServerConfigKeys (ConfUtils.java:logGet(43)) - raft.server.storage.dir = [/workdir/hadoop-ozone/integration-test/target/test-dir/MiniOzoneClusterImpl-87a06edb-9c05-4a0f-ad83-64a51ce4a81e/datanode-3/data/ratis] (custom)
2019-08-30 13:30:00,791 [pool-439-thread-1] INFO  storage.RaftStorageDirectory (RaftStorageDirectory.java:analyzeStorage(246)) - The storage directory /workdir/hadoop-ozone/integration-test/target/test-dir/MiniOzoneClusterImpl-87a06edb-9c05-4a0f-ad83-64a51ce4a81e/datanode-3/data/ratis/b4a43481-aff0-4f03-8ed4-fc975474794a does not exist. Creating ...
2019-08-30 13:30:00,799 [IPC Server handler 6 on 45796] INFO  net.NetworkTopology (NetworkTopologyImpl.java:add(110)) - Added a new node: /default-rack/88755f3d-3e87-497e-8a8d-202fed172cc3
2019-08-30 13:30:00,799 [IPC Server handler 6 on 45796] INFO  node.SCMNodeManager (SCMNodeManager.java:register(266)) - Registered Data node : 88755f3d-3e87-497e-8a8d-202fed172cc3{ip: 192.168.5.187, host: pr-hdds-2063-9bpvp-3383687481, networkLocation: /default-rack, certSerialId: null}
2019-08-30 13:30:00,804 [pool-439-thread-1] INFO  storage.RaftStorageDirectory (RaftStorageDirectory.java:tryLock(328)) - Lock on /workdir/hadoop-ozone/integration-test/target/test-dir/MiniOzoneClusterImpl-87a06edb-9c05-4a0f-ad83-64a51ce4a81e/datanode-3/data/ratis/b4a43481-aff0-4f03-8ed4-fc975474794a/in_use.lock acquired by nodename 28373@pr-hdds-2063-9bpvp-3383687481
2019-08-30 13:30:00,817 [pool-439-thread-1] INFO  storage.RaftStorage (RaftStorage.java:format(72)) - Storage directory /workdir/hadoop-ozone/integration-test/target/test-dir/MiniOzoneClusterImpl-87a06edb-9c05-4a0f-ad83-64a51ce4a81e/datanode-3/data/ratis/b4a43481-aff0-4f03-8ed4-fc975474794a has been successfully formatted.
2019-08-30 13:30:00,817 [pool-439-thread-1] INFO  ratis.ContainerStateMachine (ContainerStateMachine.java:loadSnapshot(227)) - group-FC975474794A: The snapshot info is null. Setting the last applied indexto:(t:0, i:~)
2019-08-30 13:30:00,817 [pool-439-thread-1] INFO  server.RaftServerConfigKeys (ConfUtils.java:logGet(43)) - raft.server.leader.election.timeout = 120s (custom)
2019-08-30 13:30:00,817 [pool-439-thread-1] INFO  server.RaftServerConfigKeys (ConfUtils.java:logGet(43)) - raft.server.log.use.memory = false (default)
2019-08-30 13:30:00,818 [pool-439-thread-1] INFO  server.RaftServerConfigKeys (ConfUtils.java:logGet(43)) - raft.server.log.purge.gap = 1000000 (custom)
2019-08-30 13:30:00,818 [pool-439-thread-1] INFO  server.RaftServerConfigKeys (ConfUtils.java:logGet(43)) - raft.server.log.appender.buffer.byte-limit = 33554432 (custom)
2019-08-30 13:30:00,818 [pool-439-thread-1] INFO  server.RaftServerConfigKeys (ConfUtils.java:logGet(43)) - raft.server.log.segment.size.max = 1048576 (custom)
2019-08-30 13:30:00,818 [pool-439-thread-1] INFO  server.RaftServerConfigKeys (ConfUtils.java:logGet(43)) - raft.server.log.segment.cache.num.max = 2 (custom)
2019-08-30 13:30:00,818 [pool-439-thread-1] INFO  segmented.SegmentedRaftLogWorker (SegmentedRaftLogWorker.java:<init>(172)) - new ce179378-4143-4946-9570-61adb5fbe2a3-SegmentedRaftLogWorker:Storage Directory /workdir/hadoop-ozone/integration-test/target/test-dir/MiniOzoneClusterImpl-87a06edb-9c05-4a0f-ad83-64a51ce4a81e/datanode-3/data/ratis/b4a43481-aff0-4f03-8ed4-fc975474794a for RaftStorage:Storage Directory /workdir/hadoop-ozone/integration-test/target/test-dir/MiniOzoneClusterImpl-87a06edb-9c05-4a0f-ad83-64a51ce4a81e/datanode-3/data/ratis/b4a43481-aff0-4f03-8ed4-fc975474794a
2019-08-30 13:30:00,819 [pool-439-thread-1] INFO  server.RaftServerConfigKeys (ConfUtils.java:logGet(43)) - raft.server.log.queue.byte-limit = 2147483647 (custom)
2019-08-30 13:30:00,819 [pool-439-thread-1] INFO  server.RaftServerConfigKeys (ConfUtils.java:logGet(43)) - raft.server.log.queue.element-limit = 1024 (custom)
2019-08-30 13:30:00,819 [pool-439-thread-1] INFO  server.RaftServerConfigKeys (ConfUtils.java:logGet(43)) - raft.server.log.segment.size.max = 1048576 (custom)
2019-08-30 13:30:00,819 [pool-439-thread-1] INFO  server.RaftServerConfigKeys (ConfUtils.java:logGet(43)) - raft.server.log.preallocated.size = 16384 (custom)
2019-08-30 13:30:00,819 [pool-439-thread-1] INFO  server.RaftServerConfigKeys (ConfUtils.java:logGet(43)) - raft.server.log.write.buffer.size = 33554432 (custom)
2019-08-30 13:30:00,819 [pool-439-thread-1] INFO  server.RaftServerConfigKeys (ConfUtils.java:logGet(43)) - raft.server.log.force.sync.num = 128 (default)
2019-08-30 13:30:00,820 [pool-439-thread-1] INFO  server.RaftServerConfigKeys (ConfUtils.java:logGet(43)) - raft.server.log.statemachine.data.sync = true (default)
2019-08-30 13:30:00,820 [pool-439-thread-1] INFO  server.RaftServerConfigKeys (ConfUtils.java:logGet(43)) - raft.server.log.statemachine.data.sync.timeout = 10s (default)
2019-08-30 13:30:00,820 [pool-439-thread-1] INFO  server.RaftServerConfigKeys (ConfUtils.java:logGet(43)) - raft.server.log.statemachine.data.sync.timeout.retry = -1 (default)
2019-08-30 13:30:00,820 [pool-439-thread-1] INFO  server.RaftServerConfigKeys (ConfUtils.java:logGet(43)) - raft.server.log.statemachine.data.caching.enabled = true (custom)
2019-08-30 13:30:00,820 [pool-439-thread-1] INFO  segmented.SegmentedRaftLogWorker (SegmentedRaftLogWorker.java:lambda$new$0(132)) - ce179378-4143-4946-9570-61adb5fbe2a3-SegmentedRaftLogWorker:Storage Directory /workdir/hadoop-ozone/integration-test/target/test-dir/MiniOzoneClusterImpl-87a06edb-9c05-4a0f-ad83-64a51ce4a81e/datanode-3/data/ratis/b4a43481-aff0-4f03-8ed4-fc975474794a: flushIndex: setUnconditionally 0 -> -1
2019-08-30 13:30:00,821 [pool-439-thread-1] INFO  server.RaftServerConfigKeys (ConfUtils.java:logGet(43)) - raft.server.snapshot.auto.trigger.enabled = true (custom)
2019-08-30 13:30:00,821 [pool-439-thread-1] INFO  server.RaftServerConfigKeys (ConfUtils.java:logGet(43)) - raft.server.snapshot.auto.trigger.threshold = 10000 (custom)
2019-08-30 13:30:00,821 [pool-439-thread-1] INFO  server.RaftServerConfigKeys (ConfUtils.java:logGet(43)) - raft.server.retrycache.expirytime = 600000ms (custom)
2019-08-30 13:30:00,821 [pool-439-thread-1] INFO  impl.RaftServerImpl (RaftServerImpl.java:start(180)) - ce179378-4143-4946-9570-61adb5fbe2a3: start group-FC975474794A
2019-08-30 13:30:00,821 [pool-439-thread-1] INFO  impl.RaftServerImpl (RaftServerImpl.java:setRole(171)) - ce179378-4143-4946-9570-61adb5fbe2a3:group-FC975474794A changes role from null to FOLLOWER at term 0 for startAsFollower
2019-08-30 13:30:00,821 [pool-439-thread-1] INFO  impl.RoleInfo (RoleInfo.java:updateAndGet(143)) - ce179378-4143-4946-9570-61adb5fbe2a3: start FollowerState
2019-08-30 13:30:00,830 [pool-439-thread-1] INFO  util.JmxRegister (JmxRegister.java:tryRegister(44)) - Successfully registered JMX Bean with object name Ratis:service=RaftServer,group=group-FC975474794A,id=ce179378-4143-4946-9570-61adb5fbe2a3
2019-08-30 13:30:00,839 [RatisPipelineUtilsThread] INFO  pipeline.PipelineStateManager (PipelineStateManager.java:addPipeline(56)) - Created pipeline Pipeline[ Id: b4a43481-aff0-4f03-8ed4-fc975474794a, Nodes: ce179378-4143-4946-9570-61adb5fbe2a3{ip: 192.168.5.187, host: pr-hdds-2063-9bpvp-3383687481, networkLocation: /default-rack, certSerialId: null}, Type:RATIS, Factor:ONE, State:OPEN]
2019-08-30 13:30:00,846 [grpc-default-executor-16] INFO  impl.RaftServerProxy (RaftServerProxy.java:addNew(89)) - 88755f3d-3e87-497e-8a8d-202fed172cc3: addNew group-0240A6AA991A:[88755f3d-3e87-497e-8a8d-202fed172cc3:192.168.5.187:46544] returns group-0240A6AA991A:java.util.concurrent.CompletableFuture@492ebd5c[Not completed]
2019-08-30 13:30:00,847 [pool-449-thread-1] INFO  impl.RaftServerImpl (RaftServerImpl.java:<init>(93)) - 88755f3d-3e87-497e-8a8d-202fed172cc3: new RaftServerImpl for group-0240A6AA991A:[88755f3d-3e87-497e-8a8d-202fed172cc3:192.168.5.187:46544] with ContainerStateMachine:uninitialized
2019-08-30 13:30:00,847 [pool-449-thread-1] INFO  server.RaftServerConfigKeys (ConfUtils.java:logGet(43)) - raft.server.rpc.timeout.min = 5s (custom)
2019-08-30 13:30:00,847 [pool-449-thread-1] INFO  server.RaftServerConfigKeys (ConfUtils.java:logGet(43)) - raft.server.rpc.timeout.max = 5200ms (custom)
2019-08-30 13:30:00,847 [pool-449-thread-1] INFO  server.RaftServerConfigKeys (ConfUtils.java:logGet(43)) - raft.server.rpcslowness.timeout = 120s (custom)
2019-08-30 13:30:00,847 [pool-449-thread-1] INFO  server.RaftServerConfigKeys (ConfUtils.java:logGet(43)) - raft.server.sleep.deviation.threshold = 300 (default)
2019-08-30 13:30:00,847 [pool-449-thread-1] INFO  server.RaftServerConfigKeys (ConfUtils.java:logGet(43)) - raft.server.log.appender.install.snapshot.enabled = false (custom)
2019-08-30 13:30:00,848 [pool-449-thread-1] INFO  impl.RaftServerImpl (ServerState.java:<init>(105)) - 88755f3d-3e87-497e-8a8d-202fed172cc3:group-0240A6AA991A ConfigurationManager, init=-1: [88755f3d-3e87-497e-8a8d-202fed172cc3:192.168.5.187:46544], old=null, confs=<EMPTY_MAP>
2019-08-30 13:30:00,848 [pool-449-thread-1] INFO  server.RaftServerConfigKeys (ConfUtils.java:logGet(43)) - raft.server.storage.dir = [/workdir/hadoop-ozone/integration-test/target/test-dir/MiniOzoneClusterImpl-87a06edb-9c05-4a0f-ad83-64a51ce4a81e/datanode-4/data/ratis] (custom)
2019-08-30 13:30:00,848 [pool-449-thread-1] INFO  storage.RaftStorageDirectory (RaftStorageDirectory.java:analyzeStorage(246)) - The storage directory /workdir/hadoop-ozone/integration-test/target/test-dir/MiniOzoneClusterImpl-87a06edb-9c05-4a0f-ad83-64a51ce4a81e/datanode-4/data/ratis/cea46d99-c9d4-4b48-b74d-0240a6aa991a does not exist. Creating ...
2019-08-30 13:30:00,861 [pool-449-thread-1] INFO  storage.RaftStorageDirectory (RaftStorageDirectory.java:tryLock(328)) - Lock on /workdir/hadoop-ozone/integration-test/target/test-dir/MiniOzoneClusterImpl-87a06edb-9c05-4a0f-ad83-64a51ce4a81e/datanode-4/data/ratis/cea46d99-c9d4-4b48-b74d-0240a6aa991a/in_use.lock acquired by nodename 28373@pr-hdds-2063-9bpvp-3383687481
2019-08-30 13:30:00,867 [IPC Server handler 1 on 45796] INFO  net.NetworkTopology (NetworkTopologyImpl.java:add(110)) - Added a new node: /default-rack/17eac7c6-5527-41ae-a3ec-0a2e795a5a04
2019-08-30 13:30:00,867 [IPC Server handler 1 on 45796] INFO  node.SCMNodeManager (SCMNodeManager.java:register(266)) - Registered Data node : 17eac7c6-5527-41ae-a3ec-0a2e795a5a04{ip: 192.168.5.187, host: pr-hdds-2063-9bpvp-3383687481, networkLocation: /default-rack, certSerialId: null}
2019-08-30 13:30:00,874 [pool-449-thread-1] INFO  storage.RaftStorage (RaftStorage.java:format(72)) - Storage directory /workdir/hadoop-ozone/integration-test/target/test-dir/MiniOzoneClusterImpl-87a06edb-9c05-4a0f-ad83-64a51ce4a81e/datanode-4/data/ratis/cea46d99-c9d4-4b48-b74d-0240a6aa991a has been successfully formatted.
2019-08-30 13:30:00,874 [pool-449-thread-1] INFO  ratis.ContainerStateMachine (ContainerStateMachine.java:loadSnapshot(227)) - group-0240A6AA991A: The snapshot info is null. Setting the last applied indexto:(t:0, i:~)
2019-08-30 13:30:00,874 [pool-449-thread-1] INFO  server.RaftServerConfigKeys (ConfUtils.java:logGet(43)) - raft.server.leader.election.timeout = 120s (custom)
2019-08-30 13:30:00,874 [pool-449-thread-1] INFO  server.RaftServerConfigKeys (ConfUtils.java:logGet(43)) - raft.server.log.use.memory = false (default)
2019-08-30 13:30:00,874 [pool-449-thread-1] INFO  server.RaftServerConfigKeys (ConfUtils.java:logGet(43)) - raft.server.log.purge.gap = 1000000 (custom)
2019-08-30 13:30:00,875 [pool-449-thread-1] INFO  server.RaftServerConfigKeys (ConfUtils.java:logGet(43)) - raft.server.log.appender.buffer.byte-limit = 33554432 (custom)
2019-08-30 13:30:00,875 [pool-449-thread-1] INFO  server.RaftServerConfigKeys (ConfUtils.java:logGet(43)) - raft.server.log.segment.size.max = 1048576 (custom)
2019-08-30 13:30:00,875 [pool-449-thread-1] INFO  server.RaftServerConfigKeys (ConfUtils.java:logGet(43)) - raft.server.log.segment.cache.num.max = 2 (custom)
2019-08-30 13:30:00,875 [pool-449-thread-1] INFO  segmented.SegmentedRaftLogWorker (SegmentedRaftLogWorker.java:<init>(172)) - new 88755f3d-3e87-497e-8a8d-202fed172cc3-SegmentedRaftLogWorker:Storage Directory /workdir/hadoop-ozone/integration-test/target/test-dir/MiniOzoneClusterImpl-87a06edb-9c05-4a0f-ad83-64a51ce4a81e/datanode-4/data/ratis/cea46d99-c9d4-4b48-b74d-0240a6aa991a for RaftStorage:Storage Directory /workdir/hadoop-ozone/integration-test/target/test-dir/MiniOzoneClusterImpl-87a06edb-9c05-4a0f-ad83-64a51ce4a81e/datanode-4/data/ratis/cea46d99-c9d4-4b48-b74d-0240a6aa991a
2019-08-30 13:30:00,875 [pool-449-thread-1] INFO  server.RaftServerConfigKeys (ConfUtils.java:logGet(43)) - raft.server.log.queue.byte-limit = 2147483647 (custom)
2019-08-30 13:30:00,875 [pool-449-thread-1] INFO  server.RaftServerConfigKeys (ConfUtils.java:logGet(43)) - raft.server.log.queue.element-limit = 1024 (custom)
2019-08-30 13:30:00,876 [pool-449-thread-1] INFO  server.RaftServerConfigKeys (ConfUtils.java:logGet(43)) - raft.server.log.segment.size.max = 1048576 (custom)
2019-08-30 13:30:00,876 [pool-449-thread-1] INFO  server.RaftServerConfigKeys (ConfUtils.java:logGet(43)) - raft.server.log.preallocated.size = 16384 (custom)
2019-08-30 13:30:00,876 [pool-449-thread-1] INFO  server.RaftServerConfigKeys (ConfUtils.java:logGet(43)) - raft.server.log.write.buffer.size = 33554432 (custom)
2019-08-30 13:30:00,876 [pool-449-thread-1] INFO  server.RaftServerConfigKeys (ConfUtils.java:logGet(43)) - raft.server.log.force.sync.num = 128 (default)
2019-08-30 13:30:00,876 [pool-449-thread-1] INFO  server.RaftServerConfigKeys (ConfUtils.java:logGet(43)) - raft.server.log.statemachine.data.sync = true (default)
2019-08-30 13:30:00,877 [pool-449-thread-1] INFO  server.RaftServerConfigKeys (ConfUtils.java:logGet(43)) - raft.server.log.statemachine.data.sync.timeout = 10s (default)
2019-08-30 13:30:00,877 [pool-449-thread-1] INFO  server.RaftServerConfigKeys (ConfUtils.java:logGet(43)) - raft.server.log.statemachine.data.sync.timeout.retry = -1 (default)
2019-08-30 13:30:00,877 [pool-449-thread-1] INFO  server.RaftServerConfigKeys (ConfUtils.java:logGet(43)) - raft.server.log.statemachine.data.caching.enabled = true (custom)
2019-08-30 13:30:00,877 [pool-449-thread-1] INFO  segmented.SegmentedRaftLogWorker (SegmentedRaftLogWorker.java:lambda$new$0(132)) - 88755f3d-3e87-497e-8a8d-202fed172cc3-SegmentedRaftLogWorker:Storage Directory /workdir/hadoop-ozone/integration-test/target/test-dir/MiniOzoneClusterImpl-87a06edb-9c05-4a0f-ad83-64a51ce4a81e/datanode-4/data/ratis/cea46d99-c9d4-4b48-b74d-0240a6aa991a: flushIndex: setUnconditionally 0 -> -1
2019-08-30 13:30:00,878 [pool-449-thread-1] INFO  server.RaftServerConfigKeys (ConfUtils.java:logGet(43)) - raft.server.snapshot.auto.trigger.enabled = true (custom)
2019-08-30 13:30:00,878 [pool-449-thread-1] INFO  server.RaftServerConfigKeys (ConfUtils.java:logGet(43)) - raft.server.snapshot.auto.trigger.threshold = 10000 (custom)
2019-08-30 13:30:00,878 [pool-449-thread-1] INFO  server.RaftServerConfigKeys (ConfUtils.java:logGet(43)) - raft.server.retrycache.expirytime = 600000ms (custom)
2019-08-30 13:30:00,878 [pool-449-thread-1] INFO  impl.RaftServerImpl (RaftServerImpl.java:start(180)) - 88755f3d-3e87-497e-8a8d-202fed172cc3: start group-0240A6AA991A
2019-08-30 13:30:00,878 [pool-449-thread-1] INFO  impl.RaftServerImpl (RaftServerImpl.java:setRole(171)) - 88755f3d-3e87-497e-8a8d-202fed172cc3:group-0240A6AA991A changes role from null to FOLLOWER at term 0 for startAsFollower
2019-08-30 13:30:00,878 [pool-449-thread-1] INFO  impl.RoleInfo (RoleInfo.java:updateAndGet(143)) - 88755f3d-3e87-497e-8a8d-202fed172cc3: start FollowerState
2019-08-30 13:30:00,879 [pool-449-thread-1] INFO  util.JmxRegister (JmxRegister.java:tryRegister(44)) - Successfully registered JMX Bean with object name Ratis:service=RaftServer,group=group-0240A6AA991A,id=88755f3d-3e87-497e-8a8d-202fed172cc3
2019-08-30 13:30:00,887 [RatisPipelineUtilsThread] INFO  pipeline.PipelineStateManager (PipelineStateManager.java:addPipeline(56)) - Created pipeline Pipeline[ Id: cea46d99-c9d4-4b48-b74d-0240a6aa991a, Nodes: 88755f3d-3e87-497e-8a8d-202fed172cc3{ip: 192.168.5.187, host: pr-hdds-2063-9bpvp-3383687481, networkLocation: /default-rack, certSerialId: null}, Type:RATIS, Factor:ONE, State:OPEN]
2019-08-30 13:30:00,896 [grpc-default-executor-16] INFO  impl.RaftServerProxy (RaftServerProxy.java:addNew(89)) - 17eac7c6-5527-41ae-a3ec-0a2e795a5a04: addNew group-37EAE59E7D15:[17eac7c6-5527-41ae-a3ec-0a2e795a5a04:192.168.5.187:35675] returns group-37EAE59E7D15:java.util.concurrent.CompletableFuture@1d6755ed[Not completed]
2019-08-30 13:30:00,897 [pool-459-thread-1] INFO  impl.RaftServerImpl (RaftServerImpl.java:<init>(93)) - 17eac7c6-5527-41ae-a3ec-0a2e795a5a04: new RaftServerImpl for group-37EAE59E7D15:[17eac7c6-5527-41ae-a3ec-0a2e795a5a04:192.168.5.187:35675] with ContainerStateMachine:uninitialized
2019-08-30 13:30:00,897 [pool-459-thread-1] INFO  server.RaftServerConfigKeys (ConfUtils.java:logGet(43)) - raft.server.rpc.timeout.min = 5s (custom)
2019-08-30 13:30:00,897 [pool-459-thread-1] INFO  server.RaftServerConfigKeys (ConfUtils.java:logGet(43)) - raft.server.rpc.timeout.max = 5200ms (custom)
2019-08-30 13:30:00,897 [pool-459-thread-1] INFO  server.RaftServerConfigKeys (ConfUtils.java:logGet(43)) - raft.server.rpcslowness.timeout = 120s (custom)
2019-08-30 13:30:00,897 [pool-459-thread-1] INFO  server.RaftServerConfigKeys (ConfUtils.java:logGet(43)) - raft.server.sleep.deviation.threshold = 300 (default)
2019-08-30 13:30:00,897 [pool-459-thread-1] INFO  server.RaftServerConfigKeys (ConfUtils.java:logGet(43)) - raft.server.log.appender.install.snapshot.enabled = false (custom)
2019-08-30 13:30:00,897 [pool-459-thread-1] INFO  impl.RaftServerImpl (ServerState.java:<init>(105)) - 17eac7c6-5527-41ae-a3ec-0a2e795a5a04:group-37EAE59E7D15 ConfigurationManager, init=-1: [17eac7c6-5527-41ae-a3ec-0a2e795a5a04:192.168.5.187:35675], old=null, confs=<EMPTY_MAP>
2019-08-30 13:30:00,898 [pool-459-thread-1] INFO  server.RaftServerConfigKeys (ConfUtils.java:logGet(43)) - raft.server.storage.dir = [/workdir/hadoop-ozone/integration-test/target/test-dir/MiniOzoneClusterImpl-87a06edb-9c05-4a0f-ad83-64a51ce4a81e/datanode-5/data/ratis] (custom)
2019-08-30 13:30:00,898 [pool-459-thread-1] INFO  storage.RaftStorageDirectory (RaftStorageDirectory.java:analyzeStorage(246)) - The storage directory /workdir/hadoop-ozone/integration-test/target/test-dir/MiniOzoneClusterImpl-87a06edb-9c05-4a0f-ad83-64a51ce4a81e/datanode-5/data/ratis/e527d19f-14db-4b37-af9f-37eae59e7d15 does not exist. Creating ...
2019-08-30 13:30:00,910 [pool-459-thread-1] INFO  storage.RaftStorageDirectory (RaftStorageDirectory.java:tryLock(328)) - Lock on /workdir/hadoop-ozone/integration-test/target/test-dir/MiniOzoneClusterImpl-87a06edb-9c05-4a0f-ad83-64a51ce4a81e/datanode-5/data/ratis/e527d19f-14db-4b37-af9f-37eae59e7d15/in_use.lock acquired by nodename 28373@pr-hdds-2063-9bpvp-3383687481
2019-08-30 13:30:00,923 [pool-459-thread-1] INFO  storage.RaftStorage (RaftStorage.java:format(72)) - Storage directory /workdir/hadoop-ozone/integration-test/target/test-dir/MiniOzoneClusterImpl-87a06edb-9c05-4a0f-ad83-64a51ce4a81e/datanode-5/data/ratis/e527d19f-14db-4b37-af9f-37eae59e7d15 has been successfully formatted.
2019-08-30 13:30:00,924 [pool-459-thread-1] INFO  ratis.ContainerStateMachine (ContainerStateMachine.java:loadSnapshot(227)) - group-37EAE59E7D15: The snapshot info is null. Setting the last applied indexto:(t:0, i:~)
2019-08-30 13:30:00,924 [pool-459-thread-1] INFO  server.RaftServerConfigKeys (ConfUtils.java:logGet(43)) - raft.server.leader.election.timeout = 120s (custom)
2019-08-30 13:30:00,924 [pool-459-thread-1] INFO  server.RaftServerConfigKeys (ConfUtils.java:logGet(43)) - raft.server.log.use.memory = false (default)
2019-08-30 13:30:00,924 [pool-459-thread-1] INFO  server.RaftServerConfigKeys (ConfUtils.java:logGet(43)) - raft.server.log.purge.gap = 1000000 (custom)
2019-08-30 13:30:00,924 [pool-459-thread-1] INFO  server.RaftServerConfigKeys (ConfUtils.java:logGet(43)) - raft.server.log.appender.buffer.byte-limit = 33554432 (custom)
2019-08-30 13:30:00,924 [pool-459-thread-1] INFO  server.RaftServerConfigKeys (ConfUtils.java:logGet(43)) - raft.server.log.segment.size.max = 1048576 (custom)
2019-08-30 13:30:00,924 [pool-459-thread-1] INFO  server.RaftServerConfigKeys (ConfUtils.java:logGet(43)) - raft.server.log.segment.cache.num.max = 2 (custom)
2019-08-30 13:30:00,924 [pool-459-thread-1] INFO  segmented.SegmentedRaftLogWorker (SegmentedRaftLogWorker.java:<init>(172)) - new 17eac7c6-5527-41ae-a3ec-0a2e795a5a04-SegmentedRaftLogWorker:Storage Directory /workdir/hadoop-ozone/integration-test/target/test-dir/MiniOzoneClusterImpl-87a06edb-9c05-4a0f-ad83-64a51ce4a81e/datanode-5/data/ratis/e527d19f-14db-4b37-af9f-37eae59e7d15 for RaftStorage:Storage Directory /workdir/hadoop-ozone/integration-test/target/test-dir/MiniOzoneClusterImpl-87a06edb-9c05-4a0f-ad83-64a51ce4a81e/datanode-5/data/ratis/e527d19f-14db-4b37-af9f-37eae59e7d15
2019-08-30 13:30:00,925 [pool-459-thread-1] INFO  server.RaftServerConfigKeys (ConfUtils.java:logGet(43)) - raft.server.log.queue.byte-limit = 2147483647 (custom)
2019-08-30 13:30:00,925 [pool-459-thread-1] INFO  server.RaftServerConfigKeys (ConfUtils.java:logGet(43)) - raft.server.log.queue.element-limit = 1024 (custom)
2019-08-30 13:30:00,925 [pool-459-thread-1] INFO  server.RaftServerConfigKeys (ConfUtils.java:logGet(43)) - raft.server.log.segment.size.max = 1048576 (custom)
2019-08-30 13:30:00,925 [pool-459-thread-1] INFO  server.RaftServerConfigKeys (ConfUtils.java:logGet(43)) - raft.server.log.preallocated.size = 16384 (custom)
2019-08-30 13:30:00,925 [pool-459-thread-1] INFO  server.RaftServerConfigKeys (ConfUtils.java:logGet(43)) - raft.server.log.write.buffer.size = 33554432 (custom)
2019-08-30 13:30:00,925 [pool-459-thread-1] INFO  server.RaftServerConfigKeys (ConfUtils.java:logGet(43)) - raft.server.log.force.sync.num = 128 (default)
2019-08-30 13:30:00,925 [pool-459-thread-1] INFO  server.RaftServerConfigKeys (ConfUtils.java:logGet(43)) - raft.server.log.statemachine.data.sync = true (default)
2019-08-30 13:30:00,926 [pool-459-thread-1] INFO  server.RaftServerConfigKeys (ConfUtils.java:logGet(43)) - raft.server.log.statemachine.data.sync.timeout = 10s (default)
2019-08-30 13:30:00,926 [pool-459-thread-1] INFO  server.RaftServerConfigKeys (ConfUtils.java:logGet(43)) - raft.server.log.statemachine.data.sync.timeout.retry = -1 (default)
2019-08-30 13:30:00,926 [pool-459-thread-1] INFO  server.RaftServerConfigKeys (ConfUtils.java:logGet(43)) - raft.server.log.statemachine.data.caching.enabled = true (custom)
2019-08-30 13:30:00,927 [pool-459-thread-1] INFO  segmented.SegmentedRaftLogWorker (SegmentedRaftLogWorker.java:lambda$new$0(132)) - 17eac7c6-5527-41ae-a3ec-0a2e795a5a04-SegmentedRaftLogWorker:Storage Directory /workdir/hadoop-ozone/integration-test/target/test-dir/MiniOzoneClusterImpl-87a06edb-9c05-4a0f-ad83-64a51ce4a81e/datanode-5/data/ratis/e527d19f-14db-4b37-af9f-37eae59e7d15: flushIndex: setUnconditionally 0 -> -1
2019-08-30 13:30:00,927 [pool-459-thread-1] INFO  server.RaftServerConfigKeys (ConfUtils.java:logGet(43)) - raft.server.snapshot.auto.trigger.enabled = true (custom)
2019-08-30 13:30:00,927 [pool-459-thread-1] INFO  server.RaftServerConfigKeys (ConfUtils.java:logGet(43)) - raft.server.snapshot.auto.trigger.threshold = 10000 (custom)
2019-08-30 13:30:00,927 [pool-459-thread-1] INFO  server.RaftServerConfigKeys (ConfUtils.java:logGet(43)) - raft.server.retrycache.expirytime = 600000ms (custom)
2019-08-30 13:30:00,927 [pool-459-thread-1] INFO  impl.RaftServerImpl (RaftServerImpl.java:start(180)) - 17eac7c6-5527-41ae-a3ec-0a2e795a5a04: start group-37EAE59E7D15
2019-08-30 13:30:00,927 [pool-459-thread-1] INFO  impl.RaftServerImpl (RaftServerImpl.java:setRole(171)) - 17eac7c6-5527-41ae-a3ec-0a2e795a5a04:group-37EAE59E7D15 changes role from null to FOLLOWER at term 0 for startAsFollower
2019-08-30 13:30:00,928 [pool-459-thread-1] INFO  impl.RoleInfo (RoleInfo.java:updateAndGet(143)) - 17eac7c6-5527-41ae-a3ec-0a2e795a5a04: start FollowerState
2019-08-30 13:30:00,928 [pool-459-thread-1] INFO  util.JmxRegister (JmxRegister.java:tryRegister(44)) - Successfully registered JMX Bean with object name Ratis:service=RaftServer,group=group-37EAE59E7D15,id=17eac7c6-5527-41ae-a3ec-0a2e795a5a04
2019-08-30 13:30:00,932 [RatisPipelineUtilsThread] INFO  pipeline.PipelineStateManager (PipelineStateManager.java:addPipeline(56)) - Created pipeline Pipeline[ Id: e527d19f-14db-4b37-af9f-37eae59e7d15, Nodes: 17eac7c6-5527-41ae-a3ec-0a2e795a5a04{ip: 192.168.5.187, host: pr-hdds-2063-9bpvp-3383687481, networkLocation: /default-rack, certSerialId: null}, Type:RATIS, Factor:ONE, State:OPEN]
2019-08-30 13:30:00,940 [main] INFO  ozone.MiniOzoneClusterImpl (MiniOzoneClusterImpl.java:lambda$waitForClusterToBeReady$0(140)) - Waiting for cluster to be ready. Got 6 of 7 DN Heartbeats.
2019-08-30 13:30:00,942 [IPC Server handler 2 on 45796] INFO  net.NetworkTopology (NetworkTopologyImpl.java:add(110)) - Added a new node: /default-rack/340f6f47-2259-4dbb-bff3-14284eae0e6a
2019-08-30 13:30:00,942 [IPC Server handler 2 on 45796] INFO  node.SCMNodeManager (SCMNodeManager.java:register(266)) - Registered Data node : 340f6f47-2259-4dbb-bff3-14284eae0e6a{ip: 192.168.5.187, host: pr-hdds-2063-9bpvp-3383687481, networkLocation: /default-rack, certSerialId: null}
2019-08-30 13:30:00,943 [grpc-default-executor-16] INFO  impl.RaftServerProxy (RaftServerProxy.java:addNew(89)) - ce179378-4143-4946-9570-61adb5fbe2a3: addNew group-6081EC5FEC8F:[ce179378-4143-4946-9570-61adb5fbe2a3:192.168.5.187:42060, 17eac7c6-5527-41ae-a3ec-0a2e795a5a04:192.168.5.187:35675, 88755f3d-3e87-497e-8a8d-202fed172cc3:192.168.5.187:46544] returns group-6081EC5FEC8F:java.util.concurrent.CompletableFuture@289b2325[Not completed]
2019-08-30 13:30:00,943 [grpc-default-executor-12] INFO  impl.RaftServerProxy (RaftServerProxy.java:addNew(89)) - 17eac7c6-5527-41ae-a3ec-0a2e795a5a04: addNew group-6081EC5FEC8F:[ce179378-4143-4946-9570-61adb5fbe2a3:192.168.5.187:42060, 17eac7c6-5527-41ae-a3ec-0a2e795a5a04:192.168.5.187:35675, 88755f3d-3e87-497e-8a8d-202fed172cc3:192.168.5.187:46544] returns group-6081EC5FEC8F:java.util.concurrent.CompletableFuture@6322fb62[Not completed]
2019-08-30 13:30:00,943 [grpc-default-executor-10] INFO  impl.RaftServerProxy (RaftServerProxy.java:addNew(89)) - 88755f3d-3e87-497e-8a8d-202fed172cc3: addNew group-6081EC5FEC8F:[ce179378-4143-4946-9570-61adb5fbe2a3:192.168.5.187:42060, 17eac7c6-5527-41ae-a3ec-0a2e795a5a04:192.168.5.187:35675, 88755f3d-3e87-497e-8a8d-202fed172cc3:192.168.5.187:46544] returns group-6081EC5FEC8F:java.util.concurrent.CompletableFuture@3ea44481[Not completed]
2019-08-30 13:30:00,944 [pool-459-thread-1] INFO  impl.RaftServerImpl (RaftServerImpl.java:<init>(93)) - 17eac7c6-5527-41ae-a3ec-0a2e795a5a04: new RaftServerImpl for group-6081EC5FEC8F:[ce179378-4143-4946-9570-61adb5fbe2a3:192.168.5.187:42060, 17eac7c6-5527-41ae-a3ec-0a2e795a5a04:192.168.5.187:35675, 88755f3d-3e87-497e-8a8d-202fed172cc3:192.168.5.187:46544] with ContainerStateMachine:uninitialized
2019-08-30 13:30:00,944 [pool-459-thread-1] INFO  server.RaftServerConfigKeys (ConfUtils.java:logGet(43)) - raft.server.rpc.timeout.min = 5s (custom)
2019-08-30 13:30:00,945 [pool-459-thread-1] INFO  server.RaftServerConfigKeys (ConfUtils.java:logGet(43)) - raft.server.rpc.timeout.max = 5200ms (custom)
2019-08-30 13:30:00,945 [pool-459-thread-1] INFO  server.RaftServerConfigKeys (ConfUtils.java:logGet(43)) - raft.server.rpcslowness.timeout = 120s (custom)
2019-08-30 13:30:00,945 [pool-459-thread-1] INFO  server.RaftServerConfigKeys (ConfUtils.java:logGet(43)) - raft.server.sleep.deviation.threshold = 300 (default)
2019-08-30 13:30:00,945 [pool-459-thread-1] INFO  server.RaftServerConfigKeys (ConfUtils.java:logGet(43)) - raft.server.log.appender.install.snapshot.enabled = false (custom)
2019-08-30 13:30:00,945 [pool-439-thread-1] INFO  impl.RaftServerImpl (RaftServerImpl.java:<init>(93)) - ce179378-4143-4946-9570-61adb5fbe2a3: new RaftServerImpl for group-6081EC5FEC8F:[ce179378-4143-4946-9570-61adb5fbe2a3:192.168.5.187:42060, 17eac7c6-5527-41ae-a3ec-0a2e795a5a04:192.168.5.187:35675, 88755f3d-3e87-497e-8a8d-202fed172cc3:192.168.5.187:46544] with ContainerStateMachine:uninitialized
2019-08-30 13:30:00,945 [pool-459-thread-1] INFO  impl.RaftServerImpl (ServerState.java:<init>(105)) - 17eac7c6-5527-41ae-a3ec-0a2e795a5a04:group-6081EC5FEC8F ConfigurationManager, init=-1: [ce179378-4143-4946-9570-61adb5fbe2a3:192.168.5.187:42060, 17eac7c6-5527-41ae-a3ec-0a2e795a5a04:192.168.5.187:35675, 88755f3d-3e87-497e-8a8d-202fed172cc3:192.168.5.187:46544], old=null, confs=<EMPTY_MAP>
2019-08-30 13:30:00,945 [pool-439-thread-1] INFO  server.RaftServerConfigKeys (ConfUtils.java:logGet(43)) - raft.server.rpc.timeout.min = 5s (custom)
2019-08-30 13:30:00,945 [pool-459-thread-1] INFO  server.RaftServerConfigKeys (ConfUtils.java:logGet(43)) - raft.server.storage.dir = [/workdir/hadoop-ozone/integration-test/target/test-dir/MiniOzoneClusterImpl-87a06edb-9c05-4a0f-ad83-64a51ce4a81e/datanode-5/data/ratis] (custom)
2019-08-30 13:30:00,945 [pool-449-thread-1] INFO  impl.RaftServerImpl (RaftServerImpl.java:<init>(93)) - 88755f3d-3e87-497e-8a8d-202fed172cc3: new RaftServerImpl for group-6081EC5FEC8F:[ce179378-4143-4946-9570-61adb5fbe2a3:192.168.5.187:42060, 17eac7c6-5527-41ae-a3ec-0a2e795a5a04:192.168.5.187:35675, 88755f3d-3e87-497e-8a8d-202fed172cc3:192.168.5.187:46544] with ContainerStateMachine:uninitialized
2019-08-30 13:30:00,945 [pool-439-thread-1] INFO  server.RaftServerConfigKeys (ConfUtils.java:logGet(43)) - raft.server.rpc.timeout.max = 5200ms (custom)
2019-08-30 13:30:00,946 [pool-449-thread-1] INFO  server.RaftServerConfigKeys (ConfUtils.java:logGet(43)) - raft.server.rpc.timeout.min = 5s (custom)
2019-08-30 13:30:00,946 [pool-459-thread-1] INFO  storage.RaftStorageDirectory (RaftStorageDirectory.java:analyzeStorage(246)) - The storage directory /workdir/hadoop-ozone/integration-test/target/test-dir/MiniOzoneClusterImpl-87a06edb-9c05-4a0f-ad83-64a51ce4a81e/datanode-5/data/ratis/6bb3a726-945f-4281-9668-6081ec5fec8f does not exist. Creating ...
2019-08-30 13:30:00,946 [pool-439-thread-1] INFO  server.RaftServerConfigKeys (ConfUtils.java:logGet(43)) - raft.server.rpcslowness.timeout = 120s (custom)
2019-08-30 13:30:00,946 [pool-449-thread-1] INFO  server.RaftServerConfigKeys (ConfUtils.java:logGet(43)) - raft.server.rpc.timeout.max = 5200ms (custom)
2019-08-30 13:30:00,946 [pool-439-thread-1] INFO  server.RaftServerConfigKeys (ConfUtils.java:logGet(43)) - raft.server.sleep.deviation.threshold = 300 (default)
2019-08-30 13:30:00,946 [pool-449-thread-1] INFO  server.RaftServerConfigKeys (ConfUtils.java:logGet(43)) - raft.server.rpcslowness.timeout = 120s (custom)
2019-08-30 13:30:00,946 [pool-439-thread-1] INFO  server.RaftServerConfigKeys (ConfUtils.java:logGet(43)) - raft.server.log.appender.install.snapshot.enabled = false (custom)
2019-08-30 13:30:00,946 [pool-449-thread-1] INFO  server.RaftServerConfigKeys (ConfUtils.java:logGet(43)) - raft.server.sleep.deviation.threshold = 300 (default)
2019-08-30 13:30:00,946 [pool-439-thread-1] INFO  impl.RaftServerImpl (ServerState.java:<init>(105)) - ce179378-4143-4946-9570-61adb5fbe2a3:group-6081EC5FEC8F ConfigurationManager, init=-1: [ce179378-4143-4946-9570-61adb5fbe2a3:192.168.5.187:42060, 17eac7c6-5527-41ae-a3ec-0a2e795a5a04:192.168.5.187:35675, 88755f3d-3e87-497e-8a8d-202fed172cc3:192.168.5.187:46544], old=null, confs=<EMPTY_MAP>
2019-08-30 13:30:00,947 [pool-449-thread-1] INFO  server.RaftServerConfigKeys (ConfUtils.java:logGet(43)) - raft.server.log.appender.install.snapshot.enabled = false (custom)
2019-08-30 13:30:00,947 [pool-439-thread-1] INFO  server.RaftServerConfigKeys (ConfUtils.java:logGet(43)) - raft.server.storage.dir = [/workdir/hadoop-ozone/integration-test/target/test-dir/MiniOzoneClusterImpl-87a06edb-9c05-4a0f-ad83-64a51ce4a81e/datanode-3/data/ratis] (custom)
2019-08-30 13:30:00,947 [pool-449-thread-1] INFO  impl.RaftServerImpl (ServerState.java:<init>(105)) - 88755f3d-3e87-497e-8a8d-202fed172cc3:group-6081EC5FEC8F ConfigurationManager, init=-1: [ce179378-4143-4946-9570-61adb5fbe2a3:192.168.5.187:42060, 17eac7c6-5527-41ae-a3ec-0a2e795a5a04:192.168.5.187:35675, 88755f3d-3e87-497e-8a8d-202fed172cc3:192.168.5.187:46544], old=null, confs=<EMPTY_MAP>
2019-08-30 13:30:00,947 [pool-449-thread-1] INFO  server.RaftServerConfigKeys (ConfUtils.java:logGet(43)) - raft.server.storage.dir = [/workdir/hadoop-ozone/integration-test/target/test-dir/MiniOzoneClusterImpl-87a06edb-9c05-4a0f-ad83-64a51ce4a81e/datanode-4/data/ratis] (custom)
2019-08-30 13:30:00,947 [pool-439-thread-1] INFO  storage.RaftStorageDirectory (RaftStorageDirectory.java:analyzeStorage(246)) - The storage directory /workdir/hadoop-ozone/integration-test/target/test-dir/MiniOzoneClusterImpl-87a06edb-9c05-4a0f-ad83-64a51ce4a81e/datanode-3/data/ratis/6bb3a726-945f-4281-9668-6081ec5fec8f does not exist. Creating ...
2019-08-30 13:30:00,947 [pool-449-thread-1] INFO  storage.RaftStorageDirectory (RaftStorageDirectory.java:analyzeStorage(246)) - The storage directory /workdir/hadoop-ozone/integration-test/target/test-dir/MiniOzoneClusterImpl-87a06edb-9c05-4a0f-ad83-64a51ce4a81e/datanode-4/data/ratis/6bb3a726-945f-4281-9668-6081ec5fec8f does not exist. Creating ...
2019-08-30 13:30:00,959 [pool-439-thread-1] INFO  storage.RaftStorageDirectory (RaftStorageDirectory.java:tryLock(328)) - Lock on /workdir/hadoop-ozone/integration-test/target/test-dir/MiniOzoneClusterImpl-87a06edb-9c05-4a0f-ad83-64a51ce4a81e/datanode-3/data/ratis/6bb3a726-945f-4281-9668-6081ec5fec8f/in_use.lock acquired by nodename 28373@pr-hdds-2063-9bpvp-3383687481
2019-08-30 13:30:00,959 [pool-459-thread-1] INFO  storage.RaftStorageDirectory (RaftStorageDirectory.java:tryLock(328)) - Lock on /workdir/hadoop-ozone/integration-test/target/test-dir/MiniOzoneClusterImpl-87a06edb-9c05-4a0f-ad83-64a51ce4a81e/datanode-5/data/ratis/6bb3a726-945f-4281-9668-6081ec5fec8f/in_use.lock acquired by nodename 28373@pr-hdds-2063-9bpvp-3383687481
2019-08-30 13:30:00,959 [pool-449-thread-1] INFO  storage.RaftStorageDirectory (RaftStorageDirectory.java:tryLock(328)) - Lock on /workdir/hadoop-ozone/integration-test/target/test-dir/MiniOzoneClusterImpl-87a06edb-9c05-4a0f-ad83-64a51ce4a81e/datanode-4/data/ratis/6bb3a726-945f-4281-9668-6081ec5fec8f/in_use.lock acquired by nodename 28373@pr-hdds-2063-9bpvp-3383687481
2019-08-30 13:30:00,973 [pool-459-thread-1] INFO  storage.RaftStorage (RaftStorage.java:format(72)) - Storage directory /workdir/hadoop-ozone/integration-test/target/test-dir/MiniOzoneClusterImpl-87a06edb-9c05-4a0f-ad83-64a51ce4a81e/datanode-5/data/ratis/6bb3a726-945f-4281-9668-6081ec5fec8f has been successfully formatted.
2019-08-30 13:30:00,973 [pool-439-thread-1] INFO  storage.RaftStorage (RaftStorage.java:format(72)) - Storage directory /workdir/hadoop-ozone/integration-test/target/test-dir/MiniOzoneClusterImpl-87a06edb-9c05-4a0f-ad83-64a51ce4a81e/datanode-3/data/ratis/6bb3a726-945f-4281-9668-6081ec5fec8f has been successfully formatted.
2019-08-30 13:30:00,973 [pool-449-thread-1] INFO  storage.RaftStorage (RaftStorage.java:format(72)) - Storage directory /workdir/hadoop-ozone/integration-test/target/test-dir/MiniOzoneClusterImpl-87a06edb-9c05-4a0f-ad83-64a51ce4a81e/datanode-4/data/ratis/6bb3a726-945f-4281-9668-6081ec5fec8f has been successfully formatted.
2019-08-30 13:30:00,973 [pool-459-thread-1] INFO  ratis.ContainerStateMachine (ContainerStateMachine.java:loadSnapshot(227)) - group-6081EC5FEC8F: The snapshot info is null. Setting the last applied indexto:(t:0, i:~)
2019-08-30 13:30:00,973 [pool-449-thread-1] INFO  ratis.ContainerStateMachine (ContainerStateMachine.java:loadSnapshot(227)) - group-6081EC5FEC8F: The snapshot info is null. Setting the last applied indexto:(t:0, i:~)
2019-08-30 13:30:00,973 [pool-439-thread-1] INFO  ratis.ContainerStateMachine (ContainerStateMachine.java:loadSnapshot(227)) - group-6081EC5FEC8F: The snapshot info is null. Setting the last applied indexto:(t:0, i:~)
2019-08-30 13:30:00,974 [pool-449-thread-1] INFO  server.RaftServerConfigKeys (ConfUtils.java:logGet(43)) - raft.server.leader.election.timeout = 120s (custom)
2019-08-30 13:30:00,973 [pool-459-thread-1] INFO  server.RaftServerConfigKeys (ConfUtils.java:logGet(43)) - raft.server.leader.election.timeout = 120s (custom)
2019-08-30 13:30:00,974 [pool-449-thread-1] INFO  server.RaftServerConfigKeys (ConfUtils.java:logGet(43)) - raft.server.log.use.memory = false (default)
2019-08-30 13:30:00,974 [pool-439-thread-1] INFO  server.RaftServerConfigKeys (ConfUtils.java:logGet(43)) - raft.server.leader.election.timeout = 120s (custom)
2019-08-30 13:30:00,974 [pool-449-thread-1] INFO  server.RaftServerConfigKeys (ConfUtils.java:logGet(43)) - raft.server.log.purge.gap = 1000000 (custom)
2019-08-30 13:30:00,974 [pool-459-thread-1] INFO  server.RaftServerConfigKeys (ConfUtils.java:logGet(43)) - raft.server.log.use.memory = false (default)
2019-08-30 13:30:00,974 [pool-449-thread-1] INFO  server.RaftServerConfigKeys (ConfUtils.java:logGet(43)) - raft.server.log.appender.buffer.byte-limit = 33554432 (custom)
2019-08-30 13:30:00,974 [pool-439-thread-1] INFO  server.RaftServerConfigKeys (ConfUtils.java:logGet(43)) - raft.server.log.use.memory = false (default)
2019-08-30 13:30:00,974 [pool-449-thread-1] INFO  server.RaftServerConfigKeys (ConfUtils.java:logGet(43)) - raft.server.log.segment.size.max = 1048576 (custom)
2019-08-30 13:30:00,974 [pool-459-thread-1] INFO  server.RaftServerConfigKeys (ConfUtils.java:logGet(43)) - raft.server.log.purge.gap = 1000000 (custom)
2019-08-30 13:30:00,974 [pool-449-thread-1] INFO  server.RaftServerConfigKeys (ConfUtils.java:logGet(43)) - raft.server.log.segment.cache.num.max = 2 (custom)
2019-08-30 13:30:00,974 [pool-439-thread-1] INFO  server.RaftServerConfigKeys (ConfUtils.java:logGet(43)) - raft.server.log.purge.gap = 1000000 (custom)
2019-08-30 13:30:00,975 [pool-449-thread-1] INFO  segmented.SegmentedRaftLogWorker (SegmentedRaftLogWorker.java:<init>(172)) - new 88755f3d-3e87-497e-8a8d-202fed172cc3-SegmentedRaftLogWorker:Storage Directory /workdir/hadoop-ozone/integration-test/target/test-dir/MiniOzoneClusterImpl-87a06edb-9c05-4a0f-ad83-64a51ce4a81e/datanode-4/data/ratis/6bb3a726-945f-4281-9668-6081ec5fec8f for RaftStorage:Storage Directory /workdir/hadoop-ozone/integration-test/target/test-dir/MiniOzoneClusterImpl-87a06edb-9c05-4a0f-ad83-64a51ce4a81e/datanode-4/data/ratis/6bb3a726-945f-4281-9668-6081ec5fec8f
2019-08-30 13:30:00,975 [pool-459-thread-1] INFO  server.RaftServerConfigKeys (ConfUtils.java:logGet(43)) - raft.server.log.appender.buffer.byte-limit = 33554432 (custom)
2019-08-30 13:30:00,975 [pool-449-thread-1] INFO  server.RaftServerConfigKeys (ConfUtils.java:logGet(43)) - raft.server.log.queue.byte-limit = 2147483647 (custom)
2019-08-30 13:30:00,975 [pool-439-thread-1] INFO  server.RaftServerConfigKeys (ConfUtils.java:logGet(43)) - raft.server.log.appender.buffer.byte-limit = 33554432 (custom)
2019-08-30 13:30:00,975 [pool-449-thread-1] INFO  server.RaftServerConfigKeys (ConfUtils.java:logGet(43)) - raft.server.log.queue.element-limit = 1024 (custom)
2019-08-30 13:30:00,975 [pool-459-thread-1] INFO  server.RaftServerConfigKeys (ConfUtils.java:logGet(43)) - raft.server.log.segment.size.max = 1048576 (custom)
2019-08-30 13:30:00,975 [pool-449-thread-1] INFO  server.RaftServerConfigKeys (ConfUtils.java:logGet(43)) - raft.server.log.segment.size.max = 1048576 (custom)
2019-08-30 13:30:00,975 [pool-439-thread-1] INFO  server.RaftServerConfigKeys (ConfUtils.java:logGet(43)) - raft.server.log.segment.size.max = 1048576 (custom)
2019-08-30 13:30:00,975 [pool-449-thread-1] INFO  server.RaftServerConfigKeys (ConfUtils.java:logGet(43)) - raft.server.log.preallocated.size = 16384 (custom)
2019-08-30 13:30:00,975 [pool-459-thread-1] INFO  server.RaftServerConfigKeys (ConfUtils.java:logGet(43)) - raft.server.log.segment.cache.num.max = 2 (custom)
2019-08-30 13:30:00,976 [pool-449-thread-1] INFO  server.RaftServerConfigKeys (ConfUtils.java:logGet(43)) - raft.server.log.write.buffer.size = 33554432 (custom)
2019-08-30 13:30:00,976 [pool-439-thread-1] INFO  server.RaftServerConfigKeys (ConfUtils.java:logGet(43)) - raft.server.log.segment.cache.num.max = 2 (custom)
2019-08-30 13:30:00,976 [pool-449-thread-1] INFO  server.RaftServerConfigKeys (ConfUtils.java:logGet(43)) - raft.server.log.force.sync.num = 128 (default)
2019-08-30 13:30:00,976 [pool-459-thread-1] INFO  segmented.SegmentedRaftLogWorker (SegmentedRaftLogWorker.java:<init>(172)) - new 17eac7c6-5527-41ae-a3ec-0a2e795a5a04-SegmentedRaftLogWorker:Storage Directory /workdir/hadoop-ozone/integration-test/target/test-dir/MiniOzoneClusterImpl-87a06edb-9c05-4a0f-ad83-64a51ce4a81e/datanode-5/data/ratis/6bb3a726-945f-4281-9668-6081ec5fec8f for RaftStorage:Storage Directory /workdir/hadoop-ozone/integration-test/target/test-dir/MiniOzoneClusterImpl-87a06edb-9c05-4a0f-ad83-64a51ce4a81e/datanode-5/data/ratis/6bb3a726-945f-4281-9668-6081ec5fec8f
2019-08-30 13:30:00,976 [pool-449-thread-1] INFO  server.RaftServerConfigKeys (ConfUtils.java:logGet(43)) - raft.server.log.statemachine.data.sync = true (default)
2019-08-30 13:30:00,976 [pool-449-thread-1] INFO  server.RaftServerConfigKeys (ConfUtils.java:logGet(43)) - raft.server.log.statemachine.data.sync.timeout = 10s (default)
2019-08-30 13:30:00,976 [pool-439-thread-1] INFO  segmented.SegmentedRaftLogWorker (SegmentedRaftLogWorker.java:<init>(172)) - new ce179378-4143-4946-9570-61adb5fbe2a3-SegmentedRaftLogWorker:Storage Directory /workdir/hadoop-ozone/integration-test/target/test-dir/MiniOzoneClusterImpl-87a06edb-9c05-4a0f-ad83-64a51ce4a81e/datanode-3/data/ratis/6bb3a726-945f-4281-9668-6081ec5fec8f for RaftStorage:Storage Directory /workdir/hadoop-ozone/integration-test/target/test-dir/MiniOzoneClusterImpl-87a06edb-9c05-4a0f-ad83-64a51ce4a81e/datanode-3/data/ratis/6bb3a726-945f-4281-9668-6081ec5fec8f
2019-08-30 13:30:00,976 [pool-449-thread-1] INFO  server.RaftServerConfigKeys (ConfUtils.java:logGet(43)) - raft.server.log.statemachine.data.sync.timeout.retry = -1 (default)
2019-08-30 13:30:00,976 [pool-459-thread-1] INFO  server.RaftServerConfigKeys (ConfUtils.java:logGet(43)) - raft.server.log.queue.byte-limit = 2147483647 (custom)
2019-08-30 13:30:00,977 [pool-449-thread-1] INFO  server.RaftServerConfigKeys (ConfUtils.java:logGet(43)) - raft.server.log.statemachine.data.caching.enabled = true (custom)
2019-08-30 13:30:00,976 [pool-439-thread-1] INFO  server.RaftServerConfigKeys (ConfUtils.java:logGet(43)) - raft.server.log.queue.byte-limit = 2147483647 (custom)
2019-08-30 13:30:00,977 [pool-459-thread-1] INFO  server.RaftServerConfigKeys (ConfUtils.java:logGet(43)) - raft.server.log.queue.element-limit = 1024 (custom)
2019-08-30 13:30:00,977 [pool-459-thread-1] INFO  server.RaftServerConfigKeys (ConfUtils.java:logGet(43)) - raft.server.log.segment.size.max = 1048576 (custom)
2019-08-30 13:30:00,977 [pool-439-thread-1] INFO  server.RaftServerConfigKeys (ConfUtils.java:logGet(43)) - raft.server.log.queue.element-limit = 1024 (custom)
2019-08-30 13:30:00,977 [pool-459-thread-1] INFO  server.RaftServerConfigKeys (ConfUtils.java:logGet(43)) - raft.server.log.preallocated.size = 16384 (custom)
2019-08-30 13:30:00,977 [pool-439-thread-1] INFO  server.RaftServerConfigKeys (ConfUtils.java:logGet(43)) - raft.server.log.segment.size.max = 1048576 (custom)
2019-08-30 13:30:00,977 [pool-449-thread-1] INFO  segmented.SegmentedRaftLogWorker (SegmentedRaftLogWorker.java:lambda$new$0(132)) - 88755f3d-3e87-497e-8a8d-202fed172cc3-SegmentedRaftLogWorker:Storage Directory /workdir/hadoop-ozone/integration-test/target/test-dir/MiniOzoneClusterImpl-87a06edb-9c05-4a0f-ad83-64a51ce4a81e/datanode-4/data/ratis/6bb3a726-945f-4281-9668-6081ec5fec8f: flushIndex: setUnconditionally 0 -> -1
2019-08-30 13:30:00,978 [pool-439-thread-1] INFO  server.RaftServerConfigKeys (ConfUtils.java:logGet(43)) - raft.server.log.preallocated.size = 16384 (custom)
2019-08-30 13:30:00,977 [pool-459-thread-1] INFO  server.RaftServerConfigKeys (ConfUtils.java:logGet(43)) - raft.server.log.write.buffer.size = 33554432 (custom)
2019-08-30 13:30:00,978 [pool-449-thread-1] INFO  server.RaftServerConfigKeys (ConfUtils.java:logGet(43)) - raft.server.snapshot.auto.trigger.enabled = true (custom)
2019-08-30 13:30:00,978 [pool-439-thread-1] INFO  server.RaftServerConfigKeys (ConfUtils.java:logGet(43)) - raft.server.log.write.buffer.size = 33554432 (custom)
2019-08-30 13:30:00,978 [pool-449-thread-1] INFO  server.RaftServerConfigKeys (ConfUtils.java:logGet(43)) - raft.server.snapshot.auto.trigger.threshold = 10000 (custom)
2019-08-30 13:30:00,978 [pool-459-thread-1] INFO  server.RaftServerConfigKeys (ConfUtils.java:logGet(43)) - raft.server.log.force.sync.num = 128 (default)
2019-08-30 13:30:00,978 [pool-449-thread-1] INFO  server.RaftServerConfigKeys (ConfUtils.java:logGet(43)) - raft.server.retrycache.expirytime = 600000ms (custom)
2019-08-30 13:30:00,978 [pool-439-thread-1] INFO  server.RaftServerConfigKeys (ConfUtils.java:logGet(43)) - raft.server.log.force.sync.num = 128 (default)
2019-08-30 13:30:00,978 [pool-459-thread-1] INFO  server.RaftServerConfigKeys (ConfUtils.java:logGet(43)) - raft.server.log.statemachine.data.sync = true (default)
2019-08-30 13:30:00,979 [pool-439-thread-1] INFO  server.RaftServerConfigKeys (ConfUtils.java:logGet(43)) - raft.server.log.statemachine.data.sync = true (default)
2019-08-30 13:30:00,979 [pool-449-thread-1] INFO  impl.RaftServerImpl (RaftServerImpl.java:start(180)) - 88755f3d-3e87-497e-8a8d-202fed172cc3: start group-6081EC5FEC8F
2019-08-30 13:30:00,979 [pool-439-thread-1] INFO  server.RaftServerConfigKeys (ConfUtils.java:logGet(43)) - raft.server.log.statemachine.data.sync.timeout = 10s (default)
2019-08-30 13:30:00,979 [pool-459-thread-1] INFO  server.RaftServerConfigKeys (ConfUtils.java:logGet(43)) - raft.server.log.statemachine.data.sync.timeout = 10s (default)
2019-08-30 13:30:00,979 [pool-439-thread-1] INFO  server.RaftServerConfigKeys (ConfUtils.java:logGet(43)) - raft.server.log.statemachine.data.sync.timeout.retry = -1 (default)
2019-08-30 13:30:00,979 [pool-449-thread-1] INFO  impl.RaftServerImpl (RaftServerImpl.java:setRole(171)) - 88755f3d-3e87-497e-8a8d-202fed172cc3:group-6081EC5FEC8F changes role from null to FOLLOWER at term 0 for startAsFollower
2019-08-30 13:30:00,979 [pool-439-thread-1] INFO  server.RaftServerConfigKeys (ConfUtils.java:logGet(43)) - raft.server.log.statemachine.data.caching.enabled = true (custom)
2019-08-30 13:30:00,979 [pool-459-thread-1] INFO  server.RaftServerConfigKeys (ConfUtils.java:logGet(43)) - raft.server.log.statemachine.data.sync.timeout.retry = -1 (default)
2019-08-30 13:30:00,980 [pool-449-thread-1] INFO  impl.RoleInfo (RoleInfo.java:updateAndGet(143)) - 88755f3d-3e87-497e-8a8d-202fed172cc3: start FollowerState
2019-08-30 13:30:00,980 [pool-459-thread-1] INFO  server.RaftServerConfigKeys (ConfUtils.java:logGet(43)) - raft.server.log.statemachine.data.caching.enabled = true (custom)
2019-08-30 13:30:00,980 [pool-439-thread-1] INFO  segmented.SegmentedRaftLogWorker (SegmentedRaftLogWorker.java:lambda$new$0(132)) - ce179378-4143-4946-9570-61adb5fbe2a3-SegmentedRaftLogWorker:Storage Directory /workdir/hadoop-ozone/integration-test/target/test-dir/MiniOzoneClusterImpl-87a06edb-9c05-4a0f-ad83-64a51ce4a81e/datanode-3/data/ratis/6bb3a726-945f-4281-9668-6081ec5fec8f: flushIndex: setUnconditionally 0 -> -1
2019-08-30 13:30:00,980 [pool-459-thread-1] INFO  segmented.SegmentedRaftLogWorker (SegmentedRaftLogWorker.java:lambda$new$0(132)) - 17eac7c6-5527-41ae-a3ec-0a2e795a5a04-SegmentedRaftLogWorker:Storage Directory /workdir/hadoop-ozone/integration-test/target/test-dir/MiniOzoneClusterImpl-87a06edb-9c05-4a0f-ad83-64a51ce4a81e/datanode-5/data/ratis/6bb3a726-945f-4281-9668-6081ec5fec8f: flushIndex: setUnconditionally 0 -> -1
2019-08-30 13:30:00,980 [pool-439-thread-1] INFO  server.RaftServerConfigKeys (ConfUtils.java:logGet(43)) - raft.server.snapshot.auto.trigger.enabled = true (custom)
2019-08-30 13:30:00,980 [pool-449-thread-1] INFO  util.JmxRegister (JmxRegister.java:tryRegister(44)) - Successfully registered JMX Bean with object name Ratis:service=RaftServer,group=group-6081EC5FEC8F,id=88755f3d-3e87-497e-8a8d-202fed172cc3
2019-08-30 13:30:00,981 [pool-459-thread-1] INFO  server.RaftServerConfigKeys (ConfUtils.java:logGet(43)) - raft.server.snapshot.auto.trigger.enabled = true (custom)
2019-08-30 13:30:00,981 [pool-439-thread-1] INFO  server.RaftServerConfigKeys (ConfUtils.java:logGet(43)) - raft.server.snapshot.auto.trigger.threshold = 10000 (custom)
2019-08-30 13:30:00,981 [pool-459-thread-1] INFO  server.RaftServerConfigKeys (ConfUtils.java:logGet(43)) - raft.server.snapshot.auto.trigger.threshold = 10000 (custom)
2019-08-30 13:30:00,981 [pool-439-thread-1] INFO  server.RaftServerConfigKeys (ConfUtils.java:logGet(43)) - raft.server.retrycache.expirytime = 600000ms (custom)
2019-08-30 13:30:00,981 [pool-459-thread-1] INFO  server.RaftServerConfigKeys (ConfUtils.java:logGet(43)) - raft.server.retrycache.expirytime = 600000ms (custom)
2019-08-30 13:30:00,981 [pool-439-thread-1] INFO  impl.RaftServerImpl (RaftServerImpl.java:start(180)) - ce179378-4143-4946-9570-61adb5fbe2a3: start group-6081EC5FEC8F
2019-08-30 13:30:00,981 [pool-459-thread-1] INFO  impl.RaftServerImpl (RaftServerImpl.java:start(180)) - 17eac7c6-5527-41ae-a3ec-0a2e795a5a04: start group-6081EC5FEC8F
2019-08-30 13:30:00,981 [pool-439-thread-1] INFO  impl.RaftServerImpl (RaftServerImpl.java:setRole(171)) - ce179378-4143-4946-9570-61adb5fbe2a3:group-6081EC5FEC8F changes role from null to FOLLOWER at term 0 for startAsFollower
2019-08-30 13:30:00,982 [pool-459-thread-1] INFO  impl.RaftServerImpl (RaftServerImpl.java:setRole(171)) - 17eac7c6-5527-41ae-a3ec-0a2e795a5a04:group-6081EC5FEC8F changes role from null to FOLLOWER at term 0 for startAsFollower
2019-08-30 13:30:00,982 [pool-439-thread-1] INFO  impl.RoleInfo (RoleInfo.java:updateAndGet(143)) - ce179378-4143-4946-9570-61adb5fbe2a3: start FollowerState
2019-08-30 13:30:00,982 [pool-459-thread-1] INFO  impl.RoleInfo (RoleInfo.java:updateAndGet(143)) - 17eac7c6-5527-41ae-a3ec-0a2e795a5a04: start FollowerState
2019-08-30 13:30:00,985 [pool-459-thread-1] INFO  util.JmxRegister (JmxRegister.java:tryRegister(44)) - Successfully registered JMX Bean with object name Ratis:service=RaftServer,group=group-6081EC5FEC8F,id=17eac7c6-5527-41ae-a3ec-0a2e795a5a04
2019-08-30 13:30:00,985 [pool-439-thread-1] INFO  util.JmxRegister (JmxRegister.java:tryRegister(44)) - Successfully registered JMX Bean with object name Ratis:service=RaftServer,group=group-6081EC5FEC8F,id=ce179378-4143-4946-9570-61adb5fbe2a3
2019-08-30 13:30:00,992 [RatisPipelineUtilsThread] INFO  pipeline.PipelineStateManager (PipelineStateManager.java:addPipeline(56)) - Created pipeline Pipeline[ Id: 6bb3a726-945f-4281-9668-6081ec5fec8f, Nodes: 88755f3d-3e87-497e-8a8d-202fed172cc3{ip: 192.168.5.187, host: pr-hdds-2063-9bpvp-3383687481, networkLocation: /default-rack, certSerialId: null}17eac7c6-5527-41ae-a3ec-0a2e795a5a04{ip: 192.168.5.187, host: pr-hdds-2063-9bpvp-3383687481, networkLocation: /default-rack, certSerialId: null}ce179378-4143-4946-9570-61adb5fbe2a3{ip: 192.168.5.187, host: pr-hdds-2063-9bpvp-3383687481, networkLocation: /default-rack, certSerialId: null}, Type:RATIS, Factor:THREE, State:OPEN]
2019-08-30 13:30:01,942 [main] INFO  ozone.MiniOzoneClusterImpl (MiniOzoneClusterImpl.java:lambda$waitForClusterToBeReady$0(140)) - Cluster is ready. Got 7 of 7 DN Heartbeats.
2019-08-30 13:30:01,975 [main] INFO  rpc.RpcClient (RpcClient.java:createVolume(293)) - Creating Volume: testblockoutputstream, with jenkins1000 as owner.
2019-08-30 13:30:02,032 [main] INFO  rpc.RpcClient (RpcClient.java:createBucket(432)) - Creating Bucket: testblockoutputstream/testblockoutputstream, with Versioning false and Storage Type set to DISK and Encryption set to false 
2019-08-30 13:30:02,053 [grpc-default-executor-10] INFO  client.GrpcClientProtocolClient (GrpcClientProtocolClient.java:onNext(255)) - client-4649EAAEC38A->88755f3d-3e87-497e-8a8d-202fed172cc3: receive RaftClientReply:client-4649EAAEC38A->88755f3d-3e87-497e-8a8d-202fed172cc3@group-6081EC5FEC8F, cid=175, FAILED org.apache.ratis.protocol.NotLeaderException: Server 88755f3d-3e87-497e-8a8d-202fed172cc3 is not the leader (null). Request must be sent to leader., logIndex=0, commits[88755f3d-3e87-497e-8a8d-202fed172cc3:c-1]
2019-08-30 13:30:03,079 [grpc-default-executor-10] INFO  client.GrpcClientProtocolClient (GrpcClientProtocolClient.java:onNext(255)) - client-4649EAAEC38A->ce179378-4143-4946-9570-61adb5fbe2a3: receive RaftClientReply:client-4649EAAEC38A->ce179378-4143-4946-9570-61adb5fbe2a3@group-6081EC5FEC8F, cid=175, FAILED org.apache.ratis.protocol.NotLeaderException: Server ce179378-4143-4946-9570-61adb5fbe2a3 is not the leader (null). Request must be sent to leader., logIndex=0, commits[ce179378-4143-4946-9570-61adb5fbe2a3:c-1]
2019-08-30 13:30:03,564 [Thread-3587] INFO  container.ReplicationManager (ReplicationManager.java:start(162)) - Starting Replication Monitor Thread.
2019-08-30 13:30:03,568 [ReplicationMonitor] INFO  container.ReplicationManager (ReplicationManager.java:run(225)) - Replication Monitor Thread took 0 milliseconds for processing 1 containers.
2019-08-30 13:30:04,088 [grpc-default-executor-12] INFO  client.GrpcClientProtocolClient (GrpcClientProtocolClient.java:onNext(255)) - client-4649EAAEC38A->88755f3d-3e87-497e-8a8d-202fed172cc3: receive RaftClientReply:client-4649EAAEC38A->88755f3d-3e87-497e-8a8d-202fed172cc3@group-6081EC5FEC8F, cid=175, FAILED org.apache.ratis.protocol.NotLeaderException: Server 88755f3d-3e87-497e-8a8d-202fed172cc3 is not the leader (null). Request must be sent to leader., logIndex=0, commits[88755f3d-3e87-497e-8a8d-202fed172cc3:c-1]
2019-08-30 13:30:05,097 [grpc-default-executor-10] INFO  client.GrpcClientProtocolClient (GrpcClientProtocolClient.java:onNext(255)) - client-4649EAAEC38A->17eac7c6-5527-41ae-a3ec-0a2e795a5a04: receive RaftClientReply:client-4649EAAEC38A->17eac7c6-5527-41ae-a3ec-0a2e795a5a04@group-6081EC5FEC8F, cid=175, FAILED org.apache.ratis.protocol.NotLeaderException: Server 17eac7c6-5527-41ae-a3ec-0a2e795a5a04 is not the leader (null). Request must be sent to leader., logIndex=0, commits[17eac7c6-5527-41ae-a3ec-0a2e795a5a04:c-1]
2019-08-30 13:30:05,730 [Thread-3589] INFO  impl.FollowerState (FollowerState.java:run(106)) - 3d46801a-90d5-4528-b1c3-555bb626bd0c:group-A2913935CC11 changes to CANDIDATE, lastRpcTime:5117, electionTimeout:5117ms
2019-08-30 13:30:05,730 [Thread-3589] INFO  impl.RoleInfo (RoleInfo.java:shutdownFollowerState(121)) - 3d46801a-90d5-4528-b1c3-555bb626bd0c: shutdown FollowerState
2019-08-30 13:30:05,730 [Thread-3589] INFO  impl.RaftServerImpl (RaftServerImpl.java:setRole(171)) - 3d46801a-90d5-4528-b1c3-555bb626bd0c:group-A2913935CC11 changes role from FOLLOWER to CANDIDATE at term 0 for changeToCandidate
2019-08-30 13:30:05,730 [Thread-3589] INFO  impl.RoleInfo (RoleInfo.java:updateAndGet(143)) - 3d46801a-90d5-4528-b1c3-555bb626bd0c: start LeaderElection
2019-08-30 13:30:05,753 [3d46801a-90d5-4528-b1c3-555bb626bd0c:group-A2913935CC11:LeaderElection71] INFO  impl.LeaderElection (LeaderElection.java:askForVotes(181)) - 3d46801a-90d5-4528-b1c3-555bb626bd0c:group-A2913935CC11:LeaderElection71: begin an election at term 1 for -1: [3d46801a-90d5-4528-b1c3-555bb626bd0c:192.168.5.187:36120], old=null
2019-08-30 13:30:05,753 [3d46801a-90d5-4528-b1c3-555bb626bd0c:group-A2913935CC11:LeaderElection71] INFO  impl.RoleInfo (RoleInfo.java:shutdownLeaderElection(134)) - 3d46801a-90d5-4528-b1c3-555bb626bd0c: shutdown LeaderElection
2019-08-30 13:30:05,753 [3d46801a-90d5-4528-b1c3-555bb626bd0c:group-A2913935CC11:LeaderElection71] INFO  impl.RaftServerImpl (RaftServerImpl.java:setRole(171)) - 3d46801a-90d5-4528-b1c3-555bb626bd0c:group-A2913935CC11 changes role from CANDIDATE to LEADER at term 1 for changeToLeader
2019-08-30 13:30:05,753 [3d46801a-90d5-4528-b1c3-555bb626bd0c:group-A2913935CC11:LeaderElection71] INFO  impl.RaftServerImpl (ServerState.java:setLeader(263)) - 3d46801a-90d5-4528-b1c3-555bb626bd0c:group-A2913935CC11 change Leader from null to 3d46801a-90d5-4528-b1c3-555bb626bd0c at term 1 for becomeLeader, leader elected after 5146ms
2019-08-30 13:30:05,754 [3d46801a-90d5-4528-b1c3-555bb626bd0c:group-A2913935CC11:LeaderElection71] INFO  server.RaftServerConfigKeys (ConfUtils.java:logGet(43)) - raft.server.staging.catchup.gap = 1000 (default)
2019-08-30 13:30:05,754 [3d46801a-90d5-4528-b1c3-555bb626bd0c:group-A2913935CC11:LeaderElection71] INFO  server.RaftServerConfigKeys (ConfUtils.java:logGet(43)) - raft.server.rpc.sleep.time = 25ms (default)
2019-08-30 13:30:05,754 [3d46801a-90d5-4528-b1c3-555bb626bd0c:group-A2913935CC11:LeaderElection71] INFO  server.RaftServerConfigKeys (ConfUtils.java:logGet(43)) - raft.server.write.element-limit = 4096 (default)
2019-08-30 13:30:05,754 [3d46801a-90d5-4528-b1c3-555bb626bd0c:group-A2913935CC11:LeaderElection71] INFO  server.RaftServerConfigKeys (ConfUtils.java:logGet(43)) - raft.server.watch.timeout = 10s (default)
2019-08-30 13:30:05,754 [3d46801a-90d5-4528-b1c3-555bb626bd0c:group-A2913935CC11:LeaderElection71] INFO  server.RaftServerConfigKeys (ConfUtils.java:logGet(43)) - raft.server.watch.timeout.denomination = 1s (default)
2019-08-30 13:30:05,754 [3d46801a-90d5-4528-b1c3-555bb626bd0c:group-A2913935CC11:LeaderElection71] INFO  server.RaftServerConfigKeys (ConfUtils.java:logGet(43)) - raft.server.watch.element-limit = 65536 (default)
2019-08-30 13:30:05,755 [3d46801a-90d5-4528-b1c3-555bb626bd0c:group-A2913935CC11:LeaderElection71] INFO  impl.RoleInfo (RoleInfo.java:updateAndGet(143)) - 3d46801a-90d5-4528-b1c3-555bb626bd0c: start LeaderState
2019-08-30 13:30:05,755 [3d46801a-90d5-4528-b1c3-555bb626bd0c:group-A2913935CC11:LeaderElection71] INFO  segmented.SegmentedRaftLogWorker (SegmentedRaftLogWorker.java:startLogSegment(380)) - 3d46801a-90d5-4528-b1c3-555bb626bd0c-SegmentedRaftLogWorker:Storage Directory /workdir/hadoop-ozone/integration-test/target/test-dir/MiniOzoneClusterImpl-87a06edb-9c05-4a0f-ad83-64a51ce4a81e/datanode-0/data/ratis/ff684d2a-2495-4a7d-8504-a2913935cc11: Starting segment from index:0
2019-08-30 13:30:05,756 [3d46801a-90d5-4528-b1c3-555bb626bd0c:group-A2913935CC11:LeaderElection71] INFO  impl.RaftServerImpl (ServerState.java:setRaftConf(361)) - 3d46801a-90d5-4528-b1c3-555bb626bd0c:group-A2913935CC11 set configuration 0: [3d46801a-90d5-4528-b1c3-555bb626bd0c:192.168.5.187:36120], old=null at 0
2019-08-30 13:30:05,777 [Thread-3592] INFO  impl.FollowerState (FollowerState.java:run(106)) - a806dd1e-846c-462d-a504-58098052d4fb:group-513BB4A0FD9F changes to CANDIDATE, lastRpcTime:5107, electionTimeout:5106ms
2019-08-30 13:30:05,778 [Thread-3592] INFO  impl.RoleInfo (RoleInfo.java:shutdownFollowerState(121)) - a806dd1e-846c-462d-a504-58098052d4fb: shutdown FollowerState
2019-08-30 13:30:05,778 [Thread-3592] INFO  impl.RaftServerImpl (RaftServerImpl.java:setRole(171)) - a806dd1e-846c-462d-a504-58098052d4fb:group-513BB4A0FD9F changes role from FOLLOWER to CANDIDATE at term 0 for changeToCandidate
2019-08-30 13:30:05,778 [Thread-3592] INFO  impl.RoleInfo (RoleInfo.java:updateAndGet(143)) - a806dd1e-846c-462d-a504-58098052d4fb: start LeaderElection
2019-08-30 13:30:05,786 [Thread-3603] INFO  impl.FollowerState (FollowerState.java:run(106)) - a806dd1e-846c-462d-a504-58098052d4fb:group-2C32FE13FBC5 changes to CANDIDATE, lastRpcTime:5017, electionTimeout:5009ms
2019-08-30 13:30:05,786 [Thread-3603] INFO  impl.RoleInfo (RoleInfo.java:shutdownFollowerState(121)) - a806dd1e-846c-462d-a504-58098052d4fb: shutdown FollowerState
2019-08-30 13:30:05,790 [Thread-3603] INFO  impl.RaftServerImpl (RaftServerImpl.java:setRole(171)) - a806dd1e-846c-462d-a504-58098052d4fb:group-2C32FE13FBC5 changes role from FOLLOWER to CANDIDATE at term 0 for changeToCandidate
2019-08-30 13:30:05,790 [Thread-3603] INFO  impl.RoleInfo (RoleInfo.java:updateAndGet(143)) - a806dd1e-846c-462d-a504-58098052d4fb: start LeaderElection
2019-08-30 13:30:05,799 [3d46801a-90d5-4528-b1c3-555bb626bd0c-SegmentedRaftLogWorker:Storage Directory /workdir/hadoop-ozone/integration-test/target/test-dir/MiniOzoneClusterImpl-87a06edb-9c05-4a0f-ad83-64a51ce4a81e/datanode-0/data/ratis/ff684d2a-2495-4a7d-8504-a2913935cc11] INFO  segmented.SegmentedRaftLogWorker (SegmentedRaftLogWorker.java:execute(569)) - 3d46801a-90d5-4528-b1c3-555bb626bd0c-SegmentedRaftLogWorker:Storage Directory /workdir/hadoop-ozone/integration-test/target/test-dir/MiniOzoneClusterImpl-87a06edb-9c05-4a0f-ad83-64a51ce4a81e/datanode-0/data/ratis/ff684d2a-2495-4a7d-8504-a2913935cc11: created new log segment /workdir/hadoop-ozone/integration-test/target/test-dir/MiniOzoneClusterImpl-87a06edb-9c05-4a0f-ad83-64a51ce4a81e/datanode-0/data/ratis/ff684d2a-2495-4a7d-8504-a2913935cc11/current/log_inprogress_0
2019-08-30 13:30:05,799 [a806dd1e-846c-462d-a504-58098052d4fb:group-513BB4A0FD9F:LeaderElection72] INFO  impl.LeaderElection (LeaderElection.java:askForVotes(181)) - a806dd1e-846c-462d-a504-58098052d4fb:group-513BB4A0FD9F:LeaderElection72: begin an election at term 1 for -1: [a806dd1e-846c-462d-a504-58098052d4fb:192.168.5.187:38282], old=null
2019-08-30 13:30:05,799 [a806dd1e-846c-462d-a504-58098052d4fb:group-2C32FE13FBC5:LeaderElection73] INFO  impl.LeaderElection (LeaderElection.java:askForVotes(181)) - a806dd1e-846c-462d-a504-58098052d4fb:group-2C32FE13FBC5:LeaderElection73: begin an election at term 1 for -1: [a806dd1e-846c-462d-a504-58098052d4fb:192.168.5.187:38282, 3d46801a-90d5-4528-b1c3-555bb626bd0c:192.168.5.187:36120, ba1175ab-072c-479e-90dd-4f55ee4d9691:192.168.5.187:35142], old=null
2019-08-30 13:30:05,799 [a806dd1e-846c-462d-a504-58098052d4fb:group-513BB4A0FD9F:LeaderElection72] INFO  impl.RoleInfo (RoleInfo.java:shutdownLeaderElection(134)) - a806dd1e-846c-462d-a504-58098052d4fb: shutdown LeaderElection
2019-08-30 13:30:05,800 [a806dd1e-846c-462d-a504-58098052d4fb:group-513BB4A0FD9F:LeaderElection72] INFO  impl.RaftServerImpl (RaftServerImpl.java:setRole(171)) - a806dd1e-846c-462d-a504-58098052d4fb:group-513BB4A0FD9F changes role from CANDIDATE to LEADER at term 1 for changeToLeader
2019-08-30 13:30:05,800 [a806dd1e-846c-462d-a504-58098052d4fb:group-513BB4A0FD9F:LeaderElection72] INFO  impl.RaftServerImpl (ServerState.java:setLeader(263)) - a806dd1e-846c-462d-a504-58098052d4fb:group-513BB4A0FD9F change Leader from null to a806dd1e-846c-462d-a504-58098052d4fb at term 1 for becomeLeader, leader elected after 5133ms
2019-08-30 13:30:05,800 [a806dd1e-846c-462d-a504-58098052d4fb:group-513BB4A0FD9F:LeaderElection72] INFO  server.RaftServerConfigKeys (ConfUtils.java:logGet(43)) - raft.server.staging.catchup.gap = 1000 (default)
2019-08-30 13:30:05,800 [a806dd1e-846c-462d-a504-58098052d4fb:group-513BB4A0FD9F:LeaderElection72] INFO  server.RaftServerConfigKeys (ConfUtils.java:logGet(43)) - raft.server.rpc.sleep.time = 25ms (default)
2019-08-30 13:30:05,800 [a806dd1e-846c-462d-a504-58098052d4fb:group-513BB4A0FD9F:LeaderElection72] INFO  server.RaftServerConfigKeys (ConfUtils.java:logGet(43)) - raft.server.write.element-limit = 4096 (default)
2019-08-30 13:30:05,800 [a806dd1e-846c-462d-a504-58098052d4fb:group-513BB4A0FD9F:LeaderElection72] INFO  server.RaftServerConfigKeys (ConfUtils.java:logGet(43)) - raft.server.watch.timeout = 10s (default)
2019-08-30 13:30:05,800 [a806dd1e-846c-462d-a504-58098052d4fb:group-513BB4A0FD9F:LeaderElection72] INFO  server.RaftServerConfigKeys (ConfUtils.java:logGet(43)) - raft.server.watch.timeout.denomination = 1s (default)
2019-08-30 13:30:05,800 [a806dd1e-846c-462d-a504-58098052d4fb:group-513BB4A0FD9F:LeaderElection72] INFO  server.RaftServerConfigKeys (ConfUtils.java:logGet(43)) - raft.server.watch.element-limit = 65536 (default)
2019-08-30 13:30:05,801 [a806dd1e-846c-462d-a504-58098052d4fb:group-513BB4A0FD9F:LeaderElection72] INFO  impl.RoleInfo (RoleInfo.java:updateAndGet(143)) - a806dd1e-846c-462d-a504-58098052d4fb: start LeaderState
2019-08-30 13:30:05,801 [a806dd1e-846c-462d-a504-58098052d4fb:group-513BB4A0FD9F:LeaderElection72] INFO  segmented.SegmentedRaftLogWorker (SegmentedRaftLogWorker.java:startLogSegment(380)) - a806dd1e-846c-462d-a504-58098052d4fb-SegmentedRaftLogWorker:Storage Directory /workdir/hadoop-ozone/integration-test/target/test-dir/MiniOzoneClusterImpl-87a06edb-9c05-4a0f-ad83-64a51ce4a81e/datanode-1/data/ratis/08617c75-550a-4b9f-a393-513bb4a0fd9f: Starting segment from index:0
2019-08-30 13:30:05,801 [a806dd1e-846c-462d-a504-58098052d4fb:group-513BB4A0FD9F:LeaderElection72] INFO  impl.RaftServerImpl (ServerState.java:setRaftConf(361)) - a806dd1e-846c-462d-a504-58098052d4fb:group-513BB4A0FD9F set configuration 0: [a806dd1e-846c-462d-a504-58098052d4fb:192.168.5.187:38282], old=null at 0
2019-08-30 13:30:05,849 [grpc-default-executor-10] INFO  impl.RaftServerImpl (RaftServerImpl.java:setRole(171)) - 3d46801a-90d5-4528-b1c3-555bb626bd0c:group-2C32FE13FBC5 changes role from FOLLOWER to FOLLOWER at term 1 for recognizeCandidate:a806dd1e-846c-462d-a504-58098052d4fb
2019-08-30 13:30:05,851 [a806dd1e-846c-462d-a504-58098052d4fb-SegmentedRaftLogWorker:Storage Directory /workdir/hadoop-ozone/integration-test/target/test-dir/MiniOzoneClusterImpl-87a06edb-9c05-4a0f-ad83-64a51ce4a81e/datanode-1/data/ratis/08617c75-550a-4b9f-a393-513bb4a0fd9f] INFO  segmented.SegmentedRaftLogWorker (SegmentedRaftLogWorker.java:execute(569)) - a806dd1e-846c-462d-a504-58098052d4fb-SegmentedRaftLogWorker:Storage Directory /workdir/hadoop-ozone/integration-test/target/test-dir/MiniOzoneClusterImpl-87a06edb-9c05-4a0f-ad83-64a51ce4a81e/datanode-1/data/ratis/08617c75-550a-4b9f-a393-513bb4a0fd9f: created new log segment /workdir/hadoop-ozone/integration-test/target/test-dir/MiniOzoneClusterImpl-87a06edb-9c05-4a0f-ad83-64a51ce4a81e/datanode-1/data/ratis/08617c75-550a-4b9f-a393-513bb4a0fd9f/current/log_inprogress_0
2019-08-30 13:30:05,852 [grpc-default-executor-12] INFO  impl.RaftServerImpl (RaftServerImpl.java:setRole(171)) - ba1175ab-072c-479e-90dd-4f55ee4d9691:group-2C32FE13FBC5 changes role from FOLLOWER to FOLLOWER at term 1 for recognizeCandidate:a806dd1e-846c-462d-a504-58098052d4fb
2019-08-30 13:30:05,851 [grpc-default-executor-10] INFO  impl.RoleInfo (RoleInfo.java:shutdownFollowerState(121)) - 3d46801a-90d5-4528-b1c3-555bb626bd0c: shutdown FollowerState
2019-08-30 13:30:05,852 [grpc-default-executor-12] INFO  impl.RoleInfo (RoleInfo.java:shutdownFollowerState(121)) - ba1175ab-072c-479e-90dd-4f55ee4d9691: shutdown FollowerState
2019-08-30 13:30:05,852 [grpc-default-executor-10] INFO  impl.RoleInfo (RoleInfo.java:updateAndGet(143)) - 3d46801a-90d5-4528-b1c3-555bb626bd0c: start FollowerState
2019-08-30 13:30:05,852 [grpc-default-executor-12] INFO  impl.RoleInfo (RoleInfo.java:updateAndGet(143)) - ba1175ab-072c-479e-90dd-4f55ee4d9691: start FollowerState
2019-08-30 13:30:05,852 [Thread-3598] INFO  impl.FollowerState (FollowerState.java:run(114)) - ba1175ab-072c-479e-90dd-4f55ee4d9691: FollowerState was interrupted: java.lang.InterruptedException: sleep interrupted
2019-08-30 13:30:05,869 [a806dd1e-846c-462d-a504-58098052d4fb:group-2C32FE13FBC5:LeaderElection73] INFO  impl.LeaderElection (LeaderElection.java:logAndReturn(56)) - a806dd1e-846c-462d-a504-58098052d4fb:group-2C32FE13FBC5:LeaderElection73: Election PASSED; received 1 response(s) [a806dd1e-846c-462d-a504-58098052d4fb<-3d46801a-90d5-4528-b1c3-555bb626bd0c#0:OK-t1] and 0 exception(s); a806dd1e-846c-462d-a504-58098052d4fb:t1, leader=null, voted=a806dd1e-846c-462d-a504-58098052d4fb, raftlog=a806dd1e-846c-462d-a504-58098052d4fb-SegmentedRaftLog:OPENED:c-1,f-1,i0, conf=-1: [a806dd1e-846c-462d-a504-58098052d4fb:192.168.5.187:38282, 3d46801a-90d5-4528-b1c3-555bb626bd0c:192.168.5.187:36120, ba1175ab-072c-479e-90dd-4f55ee4d9691:192.168.5.187:35142], old=null
2019-08-30 13:30:05,869 [a806dd1e-846c-462d-a504-58098052d4fb:group-2C32FE13FBC5:LeaderElection73] INFO  impl.RoleInfo (RoleInfo.java:shutdownLeaderElection(134)) - a806dd1e-846c-462d-a504-58098052d4fb: shutdown LeaderElection
2019-08-30 13:30:05,870 [a806dd1e-846c-462d-a504-58098052d4fb:group-2C32FE13FBC5:LeaderElection73] INFO  impl.RaftServerImpl (RaftServerImpl.java:setRole(171)) - a806dd1e-846c-462d-a504-58098052d4fb:group-2C32FE13FBC5 changes role from CANDIDATE to LEADER at term 1 for changeToLeader
2019-08-30 13:30:05,870 [a806dd1e-846c-462d-a504-58098052d4fb:group-2C32FE13FBC5:LeaderElection73] INFO  impl.RaftServerImpl (ServerState.java:setLeader(263)) - a806dd1e-846c-462d-a504-58098052d4fb:group-2C32FE13FBC5 change Leader from null to a806dd1e-846c-462d-a504-58098052d4fb at term 1 for becomeLeader, leader elected after 5111ms
2019-08-30 13:30:05,870 [a806dd1e-846c-462d-a504-58098052d4fb:group-2C32FE13FBC5:LeaderElection73] INFO  server.RaftServerConfigKeys (ConfUtils.java:logGet(43)) - raft.server.staging.catchup.gap = 1000 (default)
2019-08-30 13:30:05,870 [a806dd1e-846c-462d-a504-58098052d4fb:group-2C32FE13FBC5:LeaderElection73] INFO  server.RaftServerConfigKeys (ConfUtils.java:logGet(43)) - raft.server.rpc.sleep.time = 25ms (default)
2019-08-30 13:30:05,870 [a806dd1e-846c-462d-a504-58098052d4fb:group-2C32FE13FBC5:LeaderElection73] INFO  server.RaftServerConfigKeys (ConfUtils.java:logGet(43)) - raft.server.write.element-limit = 4096 (default)
2019-08-30 13:30:05,870 [a806dd1e-846c-462d-a504-58098052d4fb:group-2C32FE13FBC5:LeaderElection73] INFO  server.RaftServerConfigKeys (ConfUtils.java:logGet(43)) - raft.server.watch.timeout = 10s (default)
2019-08-30 13:30:05,870 [a806dd1e-846c-462d-a504-58098052d4fb:group-2C32FE13FBC5:LeaderElection73] INFO  server.RaftServerConfigKeys (ConfUtils.java:logGet(43)) - raft.server.watch.timeout.denomination = 1s (default)
2019-08-30 13:30:05,871 [a806dd1e-846c-462d-a504-58098052d4fb:group-2C32FE13FBC5:LeaderElection73] INFO  server.RaftServerConfigKeys (ConfUtils.java:logGet(43)) - raft.server.watch.element-limit = 65536 (default)
2019-08-30 13:30:05,871 [a806dd1e-846c-462d-a504-58098052d4fb:group-2C32FE13FBC5:LeaderElection73] INFO  server.RaftServerConfigKeys (ConfUtils.java:logGet(43)) - raft.server.log.appender.snapshot.chunk.size.max = 16MB (=16777216) (default)
2019-08-30 13:30:05,871 [a806dd1e-846c-462d-a504-58098052d4fb:group-2C32FE13FBC5:LeaderElection73] INFO  server.RaftServerConfigKeys (ConfUtils.java:logGet(43)) - raft.server.log.appender.buffer.byte-limit = 33554432 (custom)
2019-08-30 13:30:05,871 [a806dd1e-846c-462d-a504-58098052d4fb:group-2C32FE13FBC5:LeaderElection73] INFO  server.RaftServerConfigKeys (ConfUtils.java:logGet(43)) - raft.server.log.appender.buffer.element-limit = 1 (custom)
2019-08-30 13:30:05,872 [a806dd1e-846c-462d-a504-58098052d4fb:group-2C32FE13FBC5:LeaderElection73] INFO  grpc.GrpcConfigKeys$Server (ConfUtils.java:logGet(43)) - raft.grpc.server.leader.outstanding.appends.max = 128 (default)
2019-08-30 13:30:05,872 [a806dd1e-846c-462d-a504-58098052d4fb:group-2C32FE13FBC5:LeaderElection73] INFO  server.RaftServerConfigKeys (ConfUtils.java:logGet(43)) - raft.server.rpc.request.timeout = 3000ms (default)
2019-08-30 13:30:05,872 [a806dd1e-846c-462d-a504-58098052d4fb:group-2C32FE13FBC5:LeaderElection73] INFO  server.RaftServerConfigKeys (ConfUtils.java:logGet(43)) - raft.server.log.appender.install.snapshot.enabled = false (custom)
2019-08-30 13:30:05,872 [a806dd1e-846c-462d-a504-58098052d4fb:group-2C32FE13FBC5:LeaderElection73] INFO  server.RaftServerConfigKeys (ConfUtils.java:logGet(43)) - raft.server.log.appender.snapshot.chunk.size.max = 16MB (=16777216) (default)
2019-08-30 13:30:05,873 [a806dd1e-846c-462d-a504-58098052d4fb:group-2C32FE13FBC5:LeaderElection73] INFO  server.RaftServerConfigKeys (ConfUtils.java:logGet(43)) - raft.server.log.appender.buffer.byte-limit = 33554432 (custom)
2019-08-30 13:30:05,873 [a806dd1e-846c-462d-a504-58098052d4fb:group-2C32FE13FBC5:LeaderElection73] INFO  server.RaftServerConfigKeys (ConfUtils.java:logGet(43)) - raft.server.log.appender.buffer.element-limit = 1 (custom)
2019-08-30 13:30:05,873 [a806dd1e-846c-462d-a504-58098052d4fb:group-2C32FE13FBC5:LeaderElection73] INFO  grpc.GrpcConfigKeys$Server (ConfUtils.java:logGet(43)) - raft.grpc.server.leader.outstanding.appends.max = 128 (default)
2019-08-30 13:30:05,873 [a806dd1e-846c-462d-a504-58098052d4fb:group-2C32FE13FBC5:LeaderElection73] INFO  server.RaftServerConfigKeys (ConfUtils.java:logGet(43)) - raft.server.rpc.request.timeout = 3000ms (default)
2019-08-30 13:30:05,873 [a806dd1e-846c-462d-a504-58098052d4fb:group-2C32FE13FBC5:LeaderElection73] INFO  server.RaftServerConfigKeys (ConfUtils.java:logGet(43)) - raft.server.log.appender.install.snapshot.enabled = false (custom)
2019-08-30 13:30:05,874 [a806dd1e-846c-462d-a504-58098052d4fb:group-2C32FE13FBC5:LeaderElection73] INFO  impl.RoleInfo (RoleInfo.java:updateAndGet(143)) - a806dd1e-846c-462d-a504-58098052d4fb: start LeaderState
2019-08-30 13:30:05,874 [a806dd1e-846c-462d-a504-58098052d4fb:group-2C32FE13FBC5:LeaderElection73] INFO  segmented.SegmentedRaftLogWorker (SegmentedRaftLogWorker.java:startLogSegment(380)) - a806dd1e-846c-462d-a504-58098052d4fb-SegmentedRaftLogWorker:Storage Directory /workdir/hadoop-ozone/integration-test/target/test-dir/MiniOzoneClusterImpl-87a06edb-9c05-4a0f-ad83-64a51ce4a81e/datanode-1/data/ratis/57159889-37ca-43ae-afae-2c32fe13fbc5: Starting segment from index:0
2019-08-30 13:30:05,875 [a806dd1e-846c-462d-a504-58098052d4fb:group-2C32FE13FBC5:LeaderElection73] INFO  impl.RaftServerImpl (ServerState.java:setRaftConf(361)) - a806dd1e-846c-462d-a504-58098052d4fb:group-2C32FE13FBC5 set configuration 0: [a806dd1e-846c-462d-a504-58098052d4fb:192.168.5.187:38282, 3d46801a-90d5-4528-b1c3-555bb626bd0c:192.168.5.187:36120, ba1175ab-072c-479e-90dd-4f55ee4d9691:192.168.5.187:35142], old=null at 0
2019-08-30 13:30:05,907 [Thread-3595] INFO  impl.FollowerState (FollowerState.java:run(106)) - ba1175ab-072c-479e-90dd-4f55ee4d9691:group-6CEADEDC504E changes to CANDIDATE, lastRpcTime:5193, electionTimeout:5182ms
2019-08-30 13:30:05,908 [Thread-3595] INFO  impl.RoleInfo (RoleInfo.java:shutdownFollowerState(121)) - ba1175ab-072c-479e-90dd-4f55ee4d9691: shutdown FollowerState
2019-08-30 13:30:05,908 [Thread-3595] INFO  impl.RaftServerImpl (RaftServerImpl.java:setRole(171)) - ba1175ab-072c-479e-90dd-4f55ee4d9691:group-6CEADEDC504E changes role from FOLLOWER to CANDIDATE at term 0 for changeToCandidate
2019-08-30 13:30:05,908 [Thread-3595] INFO  impl.RoleInfo (RoleInfo.java:updateAndGet(143)) - ba1175ab-072c-479e-90dd-4f55ee4d9691: start LeaderElection
2019-08-30 13:30:05,913 [grpc-default-executor-10] INFO  impl.RaftServerImpl (ServerState.java:setLeader(263)) - 3d46801a-90d5-4528-b1c3-555bb626bd0c:group-2C32FE13FBC5 change Leader from null to a806dd1e-846c-462d-a504-58098052d4fb at term 1 for appendEntries, leader elected after 5154ms
2019-08-30 13:30:05,913 [grpc-default-executor-12] INFO  impl.RaftServerImpl (ServerState.java:setLeader(263)) - ba1175ab-072c-479e-90dd-4f55ee4d9691:group-2C32FE13FBC5 change Leader from null to a806dd1e-846c-462d-a504-58098052d4fb at term 1 for appendEntries, leader elected after 5154ms
2019-08-30 13:30:05,917 [grpc-default-executor-12] INFO  impl.RaftServerImpl (ServerState.java:setRaftConf(361)) - 3d46801a-90d5-4528-b1c3-555bb626bd0c:group-2C32FE13FBC5 set configuration 0: [a806dd1e-846c-462d-a504-58098052d4fb:192.168.5.187:38282, 3d46801a-90d5-4528-b1c3-555bb626bd0c:192.168.5.187:36120, ba1175ab-072c-479e-90dd-4f55ee4d9691:192.168.5.187:35142], old=null at 0
2019-08-30 13:30:05,918 [grpc-default-executor-10] INFO  impl.RaftServerImpl (ServerState.java:setRaftConf(361)) - ba1175ab-072c-479e-90dd-4f55ee4d9691:group-2C32FE13FBC5 set configuration 0: [a806dd1e-846c-462d-a504-58098052d4fb:192.168.5.187:38282, 3d46801a-90d5-4528-b1c3-555bb626bd0c:192.168.5.187:36120, ba1175ab-072c-479e-90dd-4f55ee4d9691:192.168.5.187:35142], old=null at 0
2019-08-30 13:30:05,918 [grpc-default-executor-12] INFO  segmented.SegmentedRaftLogWorker (SegmentedRaftLogWorker.java:startLogSegment(380)) - 3d46801a-90d5-4528-b1c3-555bb626bd0c-SegmentedRaftLogWorker:Storage Directory /workdir/hadoop-ozone/integration-test/target/test-dir/MiniOzoneClusterImpl-87a06edb-9c05-4a0f-ad83-64a51ce4a81e/datanode-0/data/ratis/57159889-37ca-43ae-afae-2c32fe13fbc5: Starting segment from index:0
2019-08-30 13:30:05,918 [grpc-default-executor-10] INFO  segmented.SegmentedRaftLogWorker (SegmentedRaftLogWorker.java:startLogSegment(380)) - ba1175ab-072c-479e-90dd-4f55ee4d9691-SegmentedRaftLogWorker:Storage Directory /workdir/hadoop-ozone/integration-test/target/test-dir/MiniOzoneClusterImpl-87a06edb-9c05-4a0f-ad83-64a51ce4a81e/datanode-2/data/ratis/57159889-37ca-43ae-afae-2c32fe13fbc5: Starting segment from index:0
2019-08-30 13:30:05,921 [a806dd1e-846c-462d-a504-58098052d4fb-SegmentedRaftLogWorker:Storage Directory /workdir/hadoop-ozone/integration-test/target/test-dir/MiniOzoneClusterImpl-87a06edb-9c05-4a0f-ad83-64a51ce4a81e/datanode-1/data/ratis/57159889-37ca-43ae-afae-2c32fe13fbc5] INFO  segmented.SegmentedRaftLogWorker (SegmentedRaftLogWorker.java:execute(569)) - a806dd1e-846c-462d-a504-58098052d4fb-SegmentedRaftLogWorker:Storage Directory /workdir/hadoop-ozone/integration-test/target/test-dir/MiniOzoneClusterImpl-87a06edb-9c05-4a0f-ad83-64a51ce4a81e/datanode-1/data/ratis/57159889-37ca-43ae-afae-2c32fe13fbc5: created new log segment /workdir/hadoop-ozone/integration-test/target/test-dir/MiniOzoneClusterImpl-87a06edb-9c05-4a0f-ad83-64a51ce4a81e/datanode-1/data/ratis/57159889-37ca-43ae-afae-2c32fe13fbc5/current/log_inprogress_0
2019-08-30 13:30:05,921 [ba1175ab-072c-479e-90dd-4f55ee4d9691:group-6CEADEDC504E:LeaderElection74] INFO  impl.LeaderElection (LeaderElection.java:askForVotes(181)) - ba1175ab-072c-479e-90dd-4f55ee4d9691:group-6CEADEDC504E:LeaderElection74: begin an election at term 1 for -1: [ba1175ab-072c-479e-90dd-4f55ee4d9691:192.168.5.187:35142], old=null
2019-08-30 13:30:05,921 [ba1175ab-072c-479e-90dd-4f55ee4d9691:group-6CEADEDC504E:LeaderElection74] INFO  impl.RoleInfo (RoleInfo.java:shutdownLeaderElection(134)) - ba1175ab-072c-479e-90dd-4f55ee4d9691: shutdown LeaderElection
2019-08-30 13:30:05,921 [ba1175ab-072c-479e-90dd-4f55ee4d9691:group-6CEADEDC504E:LeaderElection74] INFO  impl.RaftServerImpl (RaftServerImpl.java:setRole(171)) - ba1175ab-072c-479e-90dd-4f55ee4d9691:group-6CEADEDC504E changes role from CANDIDATE to LEADER at term 1 for changeToLeader
2019-08-30 13:30:05,921 [ba1175ab-072c-479e-90dd-4f55ee4d9691:group-6CEADEDC504E:LeaderElection74] INFO  impl.RaftServerImpl (ServerState.java:setLeader(263)) - ba1175ab-072c-479e-90dd-4f55ee4d9691:group-6CEADEDC504E change Leader from null to ba1175ab-072c-479e-90dd-4f55ee4d9691 at term 1 for becomeLeader, leader elected after 5210ms
2019-08-30 13:30:05,921 [ba1175ab-072c-479e-90dd-4f55ee4d9691:group-6CEADEDC504E:LeaderElection74] INFO  server.RaftServerConfigKeys (ConfUtils.java:logGet(43)) - raft.server.staging.catchup.gap = 1000 (default)
2019-08-30 13:30:05,921 [ba1175ab-072c-479e-90dd-4f55ee4d9691:group-6CEADEDC504E:LeaderElection74] INFO  server.RaftServerConfigKeys (ConfUtils.java:logGet(43)) - raft.server.rpc.sleep.time = 25ms (default)
2019-08-30 13:30:05,922 [ba1175ab-072c-479e-90dd-4f55ee4d9691:group-6CEADEDC504E:LeaderElection74] INFO  server.RaftServerConfigKeys (ConfUtils.java:logGet(43)) - raft.server.write.element-limit = 4096 (default)
2019-08-30 13:30:05,922 [ba1175ab-072c-479e-90dd-4f55ee4d9691:group-6CEADEDC504E:LeaderElection74] INFO  server.RaftServerConfigKeys (ConfUtils.java:logGet(43)) - raft.server.watch.timeout = 10s (default)
2019-08-30 13:30:05,922 [ba1175ab-072c-479e-90dd-4f55ee4d9691:group-6CEADEDC504E:LeaderElection74] INFO  server.RaftServerConfigKeys (ConfUtils.java:logGet(43)) - raft.server.watch.timeout.denomination = 1s (default)
2019-08-30 13:30:05,922 [ba1175ab-072c-479e-90dd-4f55ee4d9691:group-6CEADEDC504E:LeaderElection74] INFO  server.RaftServerConfigKeys (ConfUtils.java:logGet(43)) - raft.server.watch.element-limit = 65536 (default)
2019-08-30 13:30:05,922 [ba1175ab-072c-479e-90dd-4f55ee4d9691:group-6CEADEDC504E:LeaderElection74] INFO  impl.RoleInfo (RoleInfo.java:updateAndGet(143)) - ba1175ab-072c-479e-90dd-4f55ee4d9691: start LeaderState
2019-08-30 13:30:05,922 [ba1175ab-072c-479e-90dd-4f55ee4d9691:group-6CEADEDC504E:LeaderElection74] INFO  segmented.SegmentedRaftLogWorker (SegmentedRaftLogWorker.java:startLogSegment(380)) - ba1175ab-072c-479e-90dd-4f55ee4d9691-SegmentedRaftLogWorker:Storage Directory /workdir/hadoop-ozone/integration-test/target/test-dir/MiniOzoneClusterImpl-87a06edb-9c05-4a0f-ad83-64a51ce4a81e/datanode-2/data/ratis/9daf2756-2038-4fcf-a0e1-6ceadedc504e: Starting segment from index:0
2019-08-30 13:30:05,923 [ba1175ab-072c-479e-90dd-4f55ee4d9691:group-6CEADEDC504E:LeaderElection74] INFO  impl.RaftServerImpl (ServerState.java:setRaftConf(361)) - ba1175ab-072c-479e-90dd-4f55ee4d9691:group-6CEADEDC504E set configuration 0: [ba1175ab-072c-479e-90dd-4f55ee4d9691:192.168.5.187:35142], old=null at 0
2019-08-30 13:30:05,956 [Thread-3607] INFO  impl.FollowerState (FollowerState.java:run(106)) - ce179378-4143-4946-9570-61adb5fbe2a3:group-FC975474794A changes to CANDIDATE, lastRpcTime:5134, electionTimeout:5126ms
2019-08-30 13:30:05,956 [Thread-3607] INFO  impl.RoleInfo (RoleInfo.java:shutdownFollowerState(121)) - ce179378-4143-4946-9570-61adb5fbe2a3: shutdown FollowerState
2019-08-30 13:30:05,956 [Thread-3607] INFO  impl.RaftServerImpl (RaftServerImpl.java:setRole(171)) - ce179378-4143-4946-9570-61adb5fbe2a3:group-FC975474794A changes role from FOLLOWER to CANDIDATE at term 0 for changeToCandidate
2019-08-30 13:30:05,957 [Thread-3607] INFO  impl.RoleInfo (RoleInfo.java:updateAndGet(143)) - ce179378-4143-4946-9570-61adb5fbe2a3: start LeaderElection
2019-08-30 13:30:05,970 [ba1175ab-072c-479e-90dd-4f55ee4d9691-SegmentedRaftLogWorker:Storage Directory /workdir/hadoop-ozone/integration-test/target/test-dir/MiniOzoneClusterImpl-87a06edb-9c05-4a0f-ad83-64a51ce4a81e/datanode-2/data/ratis/9daf2756-2038-4fcf-a0e1-6ceadedc504e] INFO  segmented.SegmentedRaftLogWorker (SegmentedRaftLogWorker.java:execute(569)) - ba1175ab-072c-479e-90dd-4f55ee4d9691-SegmentedRaftLogWorker:Storage Directory /workdir/hadoop-ozone/integration-test/target/test-dir/MiniOzoneClusterImpl-87a06edb-9c05-4a0f-ad83-64a51ce4a81e/datanode-2/data/ratis/9daf2756-2038-4fcf-a0e1-6ceadedc504e: created new log segment /workdir/hadoop-ozone/integration-test/target/test-dir/MiniOzoneClusterImpl-87a06edb-9c05-4a0f-ad83-64a51ce4a81e/datanode-2/data/ratis/9daf2756-2038-4fcf-a0e1-6ceadedc504e/current/log_inprogress_0
2019-08-30 13:30:05,970 [3d46801a-90d5-4528-b1c3-555bb626bd0c-SegmentedRaftLogWorker:Storage Directory /workdir/hadoop-ozone/integration-test/target/test-dir/MiniOzoneClusterImpl-87a06edb-9c05-4a0f-ad83-64a51ce4a81e/datanode-0/data/ratis/57159889-37ca-43ae-afae-2c32fe13fbc5] INFO  segmented.SegmentedRaftLogWorker (SegmentedRaftLogWorker.java:execute(569)) - 3d46801a-90d5-4528-b1c3-555bb626bd0c-SegmentedRaftLogWorker:Storage Directory /workdir/hadoop-ozone/integration-test/target/test-dir/MiniOzoneClusterImpl-87a06edb-9c05-4a0f-ad83-64a51ce4a81e/datanode-0/data/ratis/57159889-37ca-43ae-afae-2c32fe13fbc5: created new log segment /workdir/hadoop-ozone/integration-test/target/test-dir/MiniOzoneClusterImpl-87a06edb-9c05-4a0f-ad83-64a51ce4a81e/datanode-0/data/ratis/57159889-37ca-43ae-afae-2c32fe13fbc5/current/log_inprogress_0
2019-08-30 13:30:05,970 [ce179378-4143-4946-9570-61adb5fbe2a3:group-FC975474794A:LeaderElection75] INFO  impl.LeaderElection (LeaderElection.java:askForVotes(181)) - ce179378-4143-4946-9570-61adb5fbe2a3:group-FC975474794A:LeaderElection75: begin an election at term 1 for -1: [ce179378-4143-4946-9570-61adb5fbe2a3:192.168.5.187:42060], old=null
2019-08-30 13:30:05,970 [ba1175ab-072c-479e-90dd-4f55ee4d9691-SegmentedRaftLogWorker:Storage Directory /workdir/hadoop-ozone/integration-test/target/test-dir/MiniOzoneClusterImpl-87a06edb-9c05-4a0f-ad83-64a51ce4a81e/datanode-2/data/ratis/57159889-37ca-43ae-afae-2c32fe13fbc5] INFO  segmented.SegmentedRaftLogWorker (SegmentedRaftLogWorker.java:execute(569)) - ba1175ab-072c-479e-90dd-4f55ee4d9691-SegmentedRaftLogWorker:Storage Directory /workdir/hadoop-ozone/integration-test/target/test-dir/MiniOzoneClusterImpl-87a06edb-9c05-4a0f-ad83-64a51ce4a81e/datanode-2/data/ratis/57159889-37ca-43ae-afae-2c32fe13fbc5: created new log segment /workdir/hadoop-ozone/integration-test/target/test-dir/MiniOzoneClusterImpl-87a06edb-9c05-4a0f-ad83-64a51ce4a81e/datanode-2/data/ratis/57159889-37ca-43ae-afae-2c32fe13fbc5/current/log_inprogress_0
2019-08-30 13:30:05,970 [ce179378-4143-4946-9570-61adb5fbe2a3:group-FC975474794A:LeaderElection75] INFO  impl.RoleInfo (RoleInfo.java:shutdownLeaderElection(134)) - ce179378-4143-4946-9570-61adb5fbe2a3: shutdown LeaderElection
2019-08-30 13:30:05,970 [ce179378-4143-4946-9570-61adb5fbe2a3:group-FC975474794A:LeaderElection75] INFO  impl.RaftServerImpl (RaftServerImpl.java:setRole(171)) - ce179378-4143-4946-9570-61adb5fbe2a3:group-FC975474794A changes role from CANDIDATE to LEADER at term 1 for changeToLeader
2019-08-30 13:30:05,970 [ce179378-4143-4946-9570-61adb5fbe2a3:group-FC975474794A:LeaderElection75] INFO  impl.RaftServerImpl (ServerState.java:setLeader(263)) - ce179378-4143-4946-9570-61adb5fbe2a3:group-FC975474794A change Leader from null to ce179378-4143-4946-9570-61adb5fbe2a3 at term 1 for becomeLeader, leader elected after 5153ms
2019-08-30 13:30:05,971 [ce179378-4143-4946-9570-61adb5fbe2a3:group-FC975474794A:LeaderElection75] INFO  server.RaftServerConfigKeys (ConfUtils.java:logGet(43)) - raft.server.staging.catchup.gap = 1000 (default)
2019-08-30 13:30:05,971 [ce179378-4143-4946-9570-61adb5fbe2a3:group-FC975474794A:LeaderElection75] INFO  server.RaftServerConfigKeys (ConfUtils.java:logGet(43)) - raft.server.rpc.sleep.time = 25ms (default)
2019-08-30 13:30:05,971 [ce179378-4143-4946-9570-61adb5fbe2a3:group-FC975474794A:LeaderElection75] INFO  server.RaftServerConfigKeys (ConfUtils.java:logGet(43)) - raft.server.write.element-limit = 4096 (default)
2019-08-30 13:30:05,971 [ce179378-4143-4946-9570-61adb5fbe2a3:group-FC975474794A:LeaderElection75] INFO  server.RaftServerConfigKeys (ConfUtils.java:logGet(43)) - raft.server.watch.timeout = 10s (default)
2019-08-30 13:30:05,971 [ce179378-4143-4946-9570-61adb5fbe2a3:group-FC975474794A:LeaderElection75] INFO  server.RaftServerConfigKeys (ConfUtils.java:logGet(43)) - raft.server.watch.timeout.denomination = 1s (default)
2019-08-30 13:30:05,971 [ce179378-4143-4946-9570-61adb5fbe2a3:group-FC975474794A:LeaderElection75] INFO  server.RaftServerConfigKeys (ConfUtils.java:logGet(43)) - raft.server.watch.element-limit = 65536 (default)
2019-08-30 13:30:05,971 [ce179378-4143-4946-9570-61adb5fbe2a3:group-FC975474794A:LeaderElection75] INFO  impl.RoleInfo (RoleInfo.java:updateAndGet(143)) - ce179378-4143-4946-9570-61adb5fbe2a3: start LeaderState
2019-08-30 13:30:05,971 [ce179378-4143-4946-9570-61adb5fbe2a3:group-FC975474794A:LeaderElection75] INFO  segmented.SegmentedRaftLogWorker (SegmentedRaftLogWorker.java:startLogSegment(380)) - ce179378-4143-4946-9570-61adb5fbe2a3-SegmentedRaftLogWorker:Storage Directory /workdir/hadoop-ozone/integration-test/target/test-dir/MiniOzoneClusterImpl-87a06edb-9c05-4a0f-ad83-64a51ce4a81e/datanode-3/data/ratis/b4a43481-aff0-4f03-8ed4-fc975474794a: Starting segment from index:0
2019-08-30 13:30:05,972 [ce179378-4143-4946-9570-61adb5fbe2a3:group-FC975474794A:LeaderElection75] INFO  impl.RaftServerImpl (ServerState.java:setRaftConf(361)) - ce179378-4143-4946-9570-61adb5fbe2a3:group-FC975474794A set configuration 0: [ce179378-4143-4946-9570-61adb5fbe2a3:192.168.5.187:42060], old=null at 0
2019-08-30 13:30:06,011 [ce179378-4143-4946-9570-61adb5fbe2a3-SegmentedRaftLogWorker:Storage Directory /workdir/hadoop-ozone/integration-test/target/test-dir/MiniOzoneClusterImpl-87a06edb-9c05-4a0f-ad83-64a51ce4a81e/datanode-3/data/ratis/b4a43481-aff0-4f03-8ed4-fc975474794a] INFO  segmented.SegmentedRaftLogWorker (SegmentedRaftLogWorker.java:execute(569)) - ce179378-4143-4946-9570-61adb5fbe2a3-SegmentedRaftLogWorker:Storage Directory /workdir/hadoop-ozone/integration-test/target/test-dir/MiniOzoneClusterImpl-87a06edb-9c05-4a0f-ad83-64a51ce4a81e/datanode-3/data/ratis/b4a43481-aff0-4f03-8ed4-fc975474794a: created new log segment /workdir/hadoop-ozone/integration-test/target/test-dir/MiniOzoneClusterImpl-87a06edb-9c05-4a0f-ad83-64a51ce4a81e/datanode-3/data/ratis/b4a43481-aff0-4f03-8ed4-fc975474794a/current/log_inprogress_0
2019-08-30 13:30:06,020 [Thread-3610] INFO  impl.FollowerState (FollowerState.java:run(106)) - 88755f3d-3e87-497e-8a8d-202fed172cc3:group-0240A6AA991A changes to CANDIDATE, lastRpcTime:5141, electionTimeout:5141ms
2019-08-30 13:30:06,020 [Thread-3610] INFO  impl.RoleInfo (RoleInfo.java:shutdownFollowerState(121)) - 88755f3d-3e87-497e-8a8d-202fed172cc3: shutdown FollowerState
2019-08-30 13:30:06,020 [Thread-3610] INFO  impl.RaftServerImpl (RaftServerImpl.java:setRole(171)) - 88755f3d-3e87-497e-8a8d-202fed172cc3:group-0240A6AA991A changes role from FOLLOWER to CANDIDATE at term 0 for changeToCandidate
2019-08-30 13:30:06,020 [Thread-3610] INFO  impl.RoleInfo (RoleInfo.java:updateAndGet(143)) - 88755f3d-3e87-497e-8a8d-202fed172cc3: start LeaderElection
2019-08-30 13:30:06,034 [88755f3d-3e87-497e-8a8d-202fed172cc3:group-0240A6AA991A:LeaderElection76] INFO  impl.LeaderElection (LeaderElection.java:askForVotes(181)) - 88755f3d-3e87-497e-8a8d-202fed172cc3:group-0240A6AA991A:LeaderElection76: begin an election at term 1 for -1: [88755f3d-3e87-497e-8a8d-202fed172cc3:192.168.5.187:46544], old=null
2019-08-30 13:30:06,034 [88755f3d-3e87-497e-8a8d-202fed172cc3:group-0240A6AA991A:LeaderElection76] INFO  impl.RoleInfo (RoleInfo.java:shutdownLeaderElection(134)) - 88755f3d-3e87-497e-8a8d-202fed172cc3: shutdown LeaderElection
2019-08-30 13:30:06,034 [88755f3d-3e87-497e-8a8d-202fed172cc3:group-0240A6AA991A:LeaderElection76] INFO  impl.RaftServerImpl (RaftServerImpl.java:setRole(171)) - 88755f3d-3e87-497e-8a8d-202fed172cc3:group-0240A6AA991A changes role from CANDIDATE to LEADER at term 1 for changeToLeader
2019-08-30 13:30:06,034 [88755f3d-3e87-497e-8a8d-202fed172cc3:group-0240A6AA991A:LeaderElection76] INFO  impl.RaftServerImpl (ServerState.java:setLeader(263)) - 88755f3d-3e87-497e-8a8d-202fed172cc3:group-0240A6AA991A change Leader from null to 88755f3d-3e87-497e-8a8d-202fed172cc3 at term 1 for becomeLeader, leader elected after 5160ms
2019-08-30 13:30:06,035 [88755f3d-3e87-497e-8a8d-202fed172cc3:group-0240A6AA991A:LeaderElection76] INFO  server.RaftServerConfigKeys (ConfUtils.java:logGet(43)) - raft.server.staging.catchup.gap = 1000 (default)
2019-08-30 13:30:06,035 [88755f3d-3e87-497e-8a8d-202fed172cc3:group-0240A6AA991A:LeaderElection76] INFO  server.RaftServerConfigKeys (ConfUtils.java:logGet(43)) - raft.server.rpc.sleep.time = 25ms (default)
2019-08-30 13:30:06,035 [88755f3d-3e87-497e-8a8d-202fed172cc3:group-0240A6AA991A:LeaderElection76] INFO  server.RaftServerConfigKeys (ConfUtils.java:logGet(43)) - raft.server.write.element-limit = 4096 (default)
2019-08-30 13:30:06,035 [88755f3d-3e87-497e-8a8d-202fed172cc3:group-0240A6AA991A:LeaderElection76] INFO  server.RaftServerConfigKeys (ConfUtils.java:logGet(43)) - raft.server.watch.timeout = 10s (default)
2019-08-30 13:30:06,035 [88755f3d-3e87-497e-8a8d-202fed172cc3:group-0240A6AA991A:LeaderElection76] INFO  server.RaftServerConfigKeys (ConfUtils.java:logGet(43)) - raft.server.watch.timeout.denomination = 1s (default)
2019-08-30 13:30:06,035 [88755f3d-3e87-497e-8a8d-202fed172cc3:group-0240A6AA991A:LeaderElection76] INFO  server.RaftServerConfigKeys (ConfUtils.java:logGet(43)) - raft.server.watch.element-limit = 65536 (default)
2019-08-30 13:30:06,036 [88755f3d-3e87-497e-8a8d-202fed172cc3:group-0240A6AA991A:LeaderElection76] INFO  impl.RoleInfo (RoleInfo.java:updateAndGet(143)) - 88755f3d-3e87-497e-8a8d-202fed172cc3: start LeaderState
2019-08-30 13:30:06,036 [88755f3d-3e87-497e-8a8d-202fed172cc3:group-0240A6AA991A:LeaderElection76] INFO  segmented.SegmentedRaftLogWorker (SegmentedRaftLogWorker.java:startLogSegment(380)) - 88755f3d-3e87-497e-8a8d-202fed172cc3-SegmentedRaftLogWorker:Storage Directory /workdir/hadoop-ozone/integration-test/target/test-dir/MiniOzoneClusterImpl-87a06edb-9c05-4a0f-ad83-64a51ce4a81e/datanode-4/data/ratis/cea46d99-c9d4-4b48-b74d-0240a6aa991a: Starting segment from index:0
2019-08-30 13:30:06,036 [88755f3d-3e87-497e-8a8d-202fed172cc3:group-0240A6AA991A:LeaderElection76] INFO  impl.RaftServerImpl (ServerState.java:setRaftConf(361)) - 88755f3d-3e87-497e-8a8d-202fed172cc3:group-0240A6AA991A set configuration 0: [88755f3d-3e87-497e-8a8d-202fed172cc3:192.168.5.187:46544], old=null at 0
2019-08-30 13:30:06,064 [Thread-3616] INFO  impl.FollowerState (FollowerState.java:run(106)) - 88755f3d-3e87-497e-8a8d-202fed172cc3:group-6081EC5FEC8F changes to CANDIDATE, lastRpcTime:5084, electionTimeout:5084ms
2019-08-30 13:30:06,064 [Thread-3616] INFO  impl.RoleInfo (RoleInfo.java:shutdownFollowerState(121)) - 88755f3d-3e87-497e-8a8d-202fed172cc3: shutdown FollowerState
2019-08-30 13:30:06,065 [Thread-3616] INFO  impl.RaftServerImpl (RaftServerImpl.java:setRole(171)) - 88755f3d-3e87-497e-8a8d-202fed172cc3:group-6081EC5FEC8F changes role from FOLLOWER to CANDIDATE at term 0 for changeToCandidate
2019-08-30 13:30:06,065 [Thread-3616] INFO  impl.RoleInfo (RoleInfo.java:updateAndGet(143)) - 88755f3d-3e87-497e-8a8d-202fed172cc3: start LeaderElection
2019-08-30 13:30:06,078 [88755f3d-3e87-497e-8a8d-202fed172cc3-SegmentedRaftLogWorker:Storage Directory /workdir/hadoop-ozone/integration-test/target/test-dir/MiniOzoneClusterImpl-87a06edb-9c05-4a0f-ad83-64a51ce4a81e/datanode-4/data/ratis/cea46d99-c9d4-4b48-b74d-0240a6aa991a] INFO  segmented.SegmentedRaftLogWorker (SegmentedRaftLogWorker.java:execute(569)) - 88755f3d-3e87-497e-8a8d-202fed172cc3-SegmentedRaftLogWorker:Storage Directory /workdir/hadoop-ozone/integration-test/target/test-dir/MiniOzoneClusterImpl-87a06edb-9c05-4a0f-ad83-64a51ce4a81e/datanode-4/data/ratis/cea46d99-c9d4-4b48-b74d-0240a6aa991a: created new log segment /workdir/hadoop-ozone/integration-test/target/test-dir/MiniOzoneClusterImpl-87a06edb-9c05-4a0f-ad83-64a51ce4a81e/datanode-4/data/ratis/cea46d99-c9d4-4b48-b74d-0240a6aa991a/current/log_inprogress_0
2019-08-30 13:30:06,078 [88755f3d-3e87-497e-8a8d-202fed172cc3:group-6081EC5FEC8F:LeaderElection77] INFO  impl.LeaderElection (LeaderElection.java:askForVotes(181)) - 88755f3d-3e87-497e-8a8d-202fed172cc3:group-6081EC5FEC8F:LeaderElection77: begin an election at term 1 for -1: [ce179378-4143-4946-9570-61adb5fbe2a3:192.168.5.187:42060, 17eac7c6-5527-41ae-a3ec-0a2e795a5a04:192.168.5.187:35675, 88755f3d-3e87-497e-8a8d-202fed172cc3:192.168.5.187:46544], old=null
2019-08-30 13:30:06,082 [grpc-default-executor-12] INFO  impl.RaftServerImpl (RaftServerImpl.java:setRole(171)) - ce179378-4143-4946-9570-61adb5fbe2a3:group-6081EC5FEC8F changes role from FOLLOWER to FOLLOWER at term 1 for recognizeCandidate:88755f3d-3e87-497e-8a8d-202fed172cc3
2019-08-30 13:30:06,082 [grpc-default-executor-10] INFO  impl.RaftServerImpl (RaftServerImpl.java:setRole(171)) - 17eac7c6-5527-41ae-a3ec-0a2e795a5a04:group-6081EC5FEC8F changes role from FOLLOWER to FOLLOWER at term 1 for recognizeCandidate:88755f3d-3e87-497e-8a8d-202fed172cc3
2019-08-30 13:30:06,082 [grpc-default-executor-12] INFO  impl.RoleInfo (RoleInfo.java:shutdownFollowerState(121)) - ce179378-4143-4946-9570-61adb5fbe2a3: shutdown FollowerState
2019-08-30 13:30:06,083 [grpc-default-executor-10] INFO  impl.RoleInfo (RoleInfo.java:shutdownFollowerState(121)) - 17eac7c6-5527-41ae-a3ec-0a2e795a5a04: shutdown FollowerState
2019-08-30 13:30:06,083 [Thread-3620] INFO  impl.FollowerState (FollowerState.java:run(114)) - ce179378-4143-4946-9570-61adb5fbe2a3: FollowerState was interrupted: java.lang.InterruptedException: sleep interrupted
2019-08-30 13:30:06,083 [grpc-default-executor-12] INFO  impl.RoleInfo (RoleInfo.java:updateAndGet(143)) - ce179378-4143-4946-9570-61adb5fbe2a3: start FollowerState
2019-08-30 13:30:06,083 [Thread-3621] INFO  impl.FollowerState (FollowerState.java:run(114)) - 17eac7c6-5527-41ae-a3ec-0a2e795a5a04: FollowerState was interrupted: java.lang.InterruptedException: sleep interrupted
2019-08-30 13:30:06,083 [grpc-default-executor-10] INFO  impl.RoleInfo (RoleInfo.java:updateAndGet(143)) - 17eac7c6-5527-41ae-a3ec-0a2e795a5a04: start FollowerState
2019-08-30 13:30:06,102 [88755f3d-3e87-497e-8a8d-202fed172cc3:group-6081EC5FEC8F:LeaderElection77] INFO  impl.LeaderElection (LeaderElection.java:logAndReturn(56)) - 88755f3d-3e87-497e-8a8d-202fed172cc3:group-6081EC5FEC8F:LeaderElection77: Election PASSED; received 1 response(s) [88755f3d-3e87-497e-8a8d-202fed172cc3<-ce179378-4143-4946-9570-61adb5fbe2a3#0:OK-t1] and 0 exception(s); 88755f3d-3e87-497e-8a8d-202fed172cc3:t1, leader=null, voted=88755f3d-3e87-497e-8a8d-202fed172cc3, raftlog=88755f3d-3e87-497e-8a8d-202fed172cc3-SegmentedRaftLog:OPENED:c-1,f-1,i0, conf=-1: [ce179378-4143-4946-9570-61adb5fbe2a3:192.168.5.187:42060, 17eac7c6-5527-41ae-a3ec-0a2e795a5a04:192.168.5.187:35675, 88755f3d-3e87-497e-8a8d-202fed172cc3:192.168.5.187:46544], old=null
2019-08-30 13:30:06,102 [88755f3d-3e87-497e-8a8d-202fed172cc3:group-6081EC5FEC8F:LeaderElection77] INFO  impl.RoleInfo (RoleInfo.java:shutdownLeaderElection(134)) - 88755f3d-3e87-497e-8a8d-202fed172cc3: shutdown LeaderElection
2019-08-30 13:30:06,102 [88755f3d-3e87-497e-8a8d-202fed172cc3:group-6081EC5FEC8F:LeaderElection77] INFO  impl.RaftServerImpl (RaftServerImpl.java:setRole(171)) - 88755f3d-3e87-497e-8a8d-202fed172cc3:group-6081EC5FEC8F changes role from CANDIDATE to LEADER at term 1 for changeToLeader
2019-08-30 13:30:06,102 [88755f3d-3e87-497e-8a8d-202fed172cc3:group-6081EC5FEC8F:LeaderElection77] INFO  impl.RaftServerImpl (ServerState.java:setLeader(263)) - 88755f3d-3e87-497e-8a8d-202fed172cc3:group-6081EC5FEC8F change Leader from null to 88755f3d-3e87-497e-8a8d-202fed172cc3 at term 1 for becomeLeader, leader elected after 5128ms
2019-08-30 13:30:06,103 [88755f3d-3e87-497e-8a8d-202fed172cc3:group-6081EC5FEC8F:LeaderElection77] INFO  server.RaftServerConfigKeys (ConfUtils.java:logGet(43)) - raft.server.staging.catchup.gap = 1000 (default)
2019-08-30 13:30:06,103 [88755f3d-3e87-497e-8a8d-202fed172cc3:group-6081EC5FEC8F:LeaderElection77] INFO  server.RaftServerConfigKeys (ConfUtils.java:logGet(43)) - raft.server.rpc.sleep.time = 25ms (default)
2019-08-30 13:30:06,103 [88755f3d-3e87-497e-8a8d-202fed172cc3:group-6081EC5FEC8F:LeaderElection77] INFO  server.RaftServerConfigKeys (ConfUtils.java:logGet(43)) - raft.server.write.element-limit = 4096 (default)
2019-08-30 13:30:06,103 [88755f3d-3e87-497e-8a8d-202fed172cc3:group-6081EC5FEC8F:LeaderElection77] INFO  server.RaftServerConfigKeys (ConfUtils.java:logGet(43)) - raft.server.watch.timeout = 10s (default)
2019-08-30 13:30:06,103 [88755f3d-3e87-497e-8a8d-202fed172cc3:group-6081EC5FEC8F:LeaderElection77] INFO  server.RaftServerConfigKeys (ConfUtils.java:logGet(43)) - raft.server.watch.timeout.denomination = 1s (default)
2019-08-30 13:30:06,103 [88755f3d-3e87-497e-8a8d-202fed172cc3:group-6081EC5FEC8F:LeaderElection77] INFO  server.RaftServerConfigKeys (ConfUtils.java:logGet(43)) - raft.server.watch.element-limit = 65536 (default)
2019-08-30 13:30:06,103 [88755f3d-3e87-497e-8a8d-202fed172cc3:group-6081EC5FEC8F:LeaderElection77] INFO  server.RaftServerConfigKeys (ConfUtils.java:logGet(43)) - raft.server.log.appender.snapshot.chunk.size.max = 16MB (=16777216) (default)
2019-08-30 13:30:06,103 [88755f3d-3e87-497e-8a8d-202fed172cc3:group-6081EC5FEC8F:LeaderElection77] INFO  server.RaftServerConfigKeys (ConfUtils.java:logGet(43)) - raft.server.log.appender.buffer.byte-limit = 33554432 (custom)
2019-08-30 13:30:06,104 [88755f3d-3e87-497e-8a8d-202fed172cc3:group-6081EC5FEC8F:LeaderElection77] INFO  server.RaftServerConfigKeys (ConfUtils.java:logGet(43)) - raft.server.log.appender.buffer.element-limit = 1 (custom)
2019-08-30 13:30:06,104 [88755f3d-3e87-497e-8a8d-202fed172cc3:group-6081EC5FEC8F:LeaderElection77] INFO  grpc.GrpcConfigKeys$Server (ConfUtils.java:logGet(43)) - raft.grpc.server.leader.outstanding.appends.max = 128 (default)
2019-08-30 13:30:06,104 [88755f3d-3e87-497e-8a8d-202fed172cc3:group-6081EC5FEC8F:LeaderElection77] INFO  server.RaftServerConfigKeys (ConfUtils.java:logGet(43)) - raft.server.rpc.request.timeout = 3000ms (default)
2019-08-30 13:30:06,104 [88755f3d-3e87-497e-8a8d-202fed172cc3:group-6081EC5FEC8F:LeaderElection77] INFO  server.RaftServerConfigKeys (ConfUtils.java:logGet(43)) - raft.server.log.appender.install.snapshot.enabled = false (custom)
2019-08-30 13:30:06,106 [88755f3d-3e87-497e-8a8d-202fed172cc3:group-6081EC5FEC8F:LeaderElection77] INFO  server.RaftServerConfigKeys (ConfUtils.java:logGet(43)) - raft.server.log.appender.snapshot.chunk.size.max = 16MB (=16777216) (default)
2019-08-30 13:30:06,106 [88755f3d-3e87-497e-8a8d-202fed172cc3:group-6081EC5FEC8F:LeaderElection77] INFO  server.RaftServerConfigKeys (ConfUtils.java:logGet(43)) - raft.server.log.appender.buffer.byte-limit = 33554432 (custom)
2019-08-30 13:30:06,106 [88755f3d-3e87-497e-8a8d-202fed172cc3:group-6081EC5FEC8F:LeaderElection77] INFO  server.RaftServerConfigKeys (ConfUtils.java:logGet(43)) - raft.server.log.appender.buffer.element-limit = 1 (custom)
2019-08-30 13:30:06,108 [88755f3d-3e87-497e-8a8d-202fed172cc3:group-6081EC5FEC8F:LeaderElection77] INFO  grpc.GrpcConfigKeys$Server (ConfUtils.java:logGet(43)) - raft.grpc.server.leader.outstanding.appends.max = 128 (default)
2019-08-30 13:30:06,108 [88755f3d-3e87-497e-8a8d-202fed172cc3:group-6081EC5FEC8F:LeaderElection77] INFO  server.RaftServerConfigKeys (ConfUtils.java:logGet(43)) - raft.server.rpc.request.timeout = 3000ms (default)
2019-08-30 13:30:06,108 [88755f3d-3e87-497e-8a8d-202fed172cc3:group-6081EC5FEC8F:LeaderElection77] INFO  server.RaftServerConfigKeys (ConfUtils.java:logGet(43)) - raft.server.log.appender.install.snapshot.enabled = false (custom)
2019-08-30 13:30:06,108 [Thread-3613] INFO  impl.FollowerState (FollowerState.java:run(106)) - 17eac7c6-5527-41ae-a3ec-0a2e795a5a04:group-37EAE59E7D15 changes to CANDIDATE, lastRpcTime:5180, electionTimeout:5180ms
2019-08-30 13:30:06,108 [Thread-3613] INFO  impl.RoleInfo (RoleInfo.java:shutdownFollowerState(121)) - 17eac7c6-5527-41ae-a3ec-0a2e795a5a04: shutdown FollowerState
2019-08-30 13:30:06,108 [88755f3d-3e87-497e-8a8d-202fed172cc3:group-6081EC5FEC8F:LeaderElection77] INFO  impl.RoleInfo (RoleInfo.java:updateAndGet(143)) - 88755f3d-3e87-497e-8a8d-202fed172cc3: start LeaderState
2019-08-30 13:30:06,108 [Thread-3613] INFO  impl.RaftServerImpl (RaftServerImpl.java:setRole(171)) - 17eac7c6-5527-41ae-a3ec-0a2e795a5a04:group-37EAE59E7D15 changes role from FOLLOWER to CANDIDATE at term 0 for changeToCandidate
2019-08-30 13:30:06,108 [grpc-default-executor-10] INFO  client.GrpcClientProtocolClient (GrpcClientProtocolClient.java:onNext(255)) - client-4649EAAEC38A->88755f3d-3e87-497e-8a8d-202fed172cc3: receive RaftClientReply:client-4649EAAEC38A->88755f3d-3e87-497e-8a8d-202fed172cc3@group-6081EC5FEC8F, cid=175, FAILED org.apache.ratis.protocol.LeaderNotReadyException: 88755f3d-3e87-497e-8a8d-202fed172cc3 is in LEADER state but not ready yet., logIndex=0, commits[88755f3d-3e87-497e-8a8d-202fed172cc3:c-1]
2019-08-30 13:30:06,108 [88755f3d-3e87-497e-8a8d-202fed172cc3:group-6081EC5FEC8F:LeaderElection77] INFO  segmented.SegmentedRaftLogWorker (SegmentedRaftLogWorker.java:startLogSegment(380)) - 88755f3d-3e87-497e-8a8d-202fed172cc3-SegmentedRaftLogWorker:Storage Directory /workdir/hadoop-ozone/integration-test/target/test-dir/MiniOzoneClusterImpl-87a06edb-9c05-4a0f-ad83-64a51ce4a81e/datanode-4/data/ratis/6bb3a726-945f-4281-9668-6081ec5fec8f: Starting segment from index:0
2019-08-30 13:30:06,108 [Thread-3613] INFO  impl.RoleInfo (RoleInfo.java:updateAndGet(143)) - 17eac7c6-5527-41ae-a3ec-0a2e795a5a04: start LeaderElection
2019-08-30 13:30:06,136 [88755f3d-3e87-497e-8a8d-202fed172cc3:group-6081EC5FEC8F:LeaderElection77] INFO  impl.RaftServerImpl (ServerState.java:setRaftConf(361)) - 88755f3d-3e87-497e-8a8d-202fed172cc3:group-6081EC5FEC8F set configuration 0: [ce179378-4143-4946-9570-61adb5fbe2a3:192.168.5.187:42060, 17eac7c6-5527-41ae-a3ec-0a2e795a5a04:192.168.5.187:35675, 88755f3d-3e87-497e-8a8d-202fed172cc3:192.168.5.187:46544], old=null at 0
2019-08-30 13:30:06,139 [grpc-default-executor-10] INFO  impl.RaftServerImpl (ServerState.java:setLeader(263)) - 17eac7c6-5527-41ae-a3ec-0a2e795a5a04:group-6081EC5FEC8F change Leader from null to 88755f3d-3e87-497e-8a8d-202fed172cc3 at term 1 for appendEntries, leader elected after 5165ms
2019-08-30 13:30:06,139 [grpc-default-executor-12] INFO  impl.RaftServerImpl (ServerState.java:setLeader(263)) - ce179378-4143-4946-9570-61adb5fbe2a3:group-6081EC5FEC8F change Leader from null to 88755f3d-3e87-497e-8a8d-202fed172cc3 at term 1 for appendEntries, leader elected after 5165ms
2019-08-30 13:30:06,145 [grpc-default-executor-12] INFO  impl.RaftServerImpl (ServerState.java:setRaftConf(361)) - 17eac7c6-5527-41ae-a3ec-0a2e795a5a04:group-6081EC5FEC8F set configuration 0: [ce179378-4143-4946-9570-61adb5fbe2a3:192.168.5.187:42060, 17eac7c6-5527-41ae-a3ec-0a2e795a5a04:192.168.5.187:35675, 88755f3d-3e87-497e-8a8d-202fed172cc3:192.168.5.187:46544], old=null at 0
2019-08-30 13:30:06,145 [grpc-default-executor-12] INFO  segmented.SegmentedRaftLogWorker (SegmentedRaftLogWorker.java:startLogSegment(380)) - 17eac7c6-5527-41ae-a3ec-0a2e795a5a04-SegmentedRaftLogWorker:Storage Directory /workdir/hadoop-ozone/integration-test/target/test-dir/MiniOzoneClusterImpl-87a06edb-9c05-4a0f-ad83-64a51ce4a81e/datanode-5/data/ratis/6bb3a726-945f-4281-9668-6081ec5fec8f: Starting segment from index:0
2019-08-30 13:30:06,145 [grpc-default-executor-12] INFO  impl.RaftServerImpl (ServerState.java:setRaftConf(361)) - ce179378-4143-4946-9570-61adb5fbe2a3:group-6081EC5FEC8F set configuration 0: [ce179378-4143-4946-9570-61adb5fbe2a3:192.168.5.187:42060, 17eac7c6-5527-41ae-a3ec-0a2e795a5a04:192.168.5.187:35675, 88755f3d-3e87-497e-8a8d-202fed172cc3:192.168.5.187:46544], old=null at 0
2019-08-30 13:30:06,145 [grpc-default-executor-12] INFO  segmented.SegmentedRaftLogWorker (SegmentedRaftLogWorker.java:startLogSegment(380)) - ce179378-4143-4946-9570-61adb5fbe2a3-SegmentedRaftLogWorker:Storage Directory /workdir/hadoop-ozone/integration-test/target/test-dir/MiniOzoneClusterImpl-87a06edb-9c05-4a0f-ad83-64a51ce4a81e/datanode-3/data/ratis/6bb3a726-945f-4281-9668-6081ec5fec8f: Starting segment from index:0
2019-08-30 13:30:06,147 [88755f3d-3e87-497e-8a8d-202fed172cc3-SegmentedRaftLogWorker:Storage Directory /workdir/hadoop-ozone/integration-test/target/test-dir/MiniOzoneClusterImpl-87a06edb-9c05-4a0f-ad83-64a51ce4a81e/datanode-4/data/ratis/6bb3a726-945f-4281-9668-6081ec5fec8f] INFO  segmented.SegmentedRaftLogWorker (SegmentedRaftLogWorker.java:execute(569)) - 88755f3d-3e87-497e-8a8d-202fed172cc3-SegmentedRaftLogWorker:Storage Directory /workdir/hadoop-ozone/integration-test/target/test-dir/MiniOzoneClusterImpl-87a06edb-9c05-4a0f-ad83-64a51ce4a81e/datanode-4/data/ratis/6bb3a726-945f-4281-9668-6081ec5fec8f: created new log segment /workdir/hadoop-ozone/integration-test/target/test-dir/MiniOzoneClusterImpl-87a06edb-9c05-4a0f-ad83-64a51ce4a81e/datanode-4/data/ratis/6bb3a726-945f-4281-9668-6081ec5fec8f/current/log_inprogress_0
2019-08-30 13:30:06,147 [17eac7c6-5527-41ae-a3ec-0a2e795a5a04:group-37EAE59E7D15:LeaderElection78] INFO  impl.LeaderElection (LeaderElection.java:askForVotes(181)) - 17eac7c6-5527-41ae-a3ec-0a2e795a5a04:group-37EAE59E7D15:LeaderElection78: begin an election at term 1 for -1: [17eac7c6-5527-41ae-a3ec-0a2e795a5a04:192.168.5.187:35675], old=null
2019-08-30 13:30:06,147 [17eac7c6-5527-41ae-a3ec-0a2e795a5a04:group-37EAE59E7D15:LeaderElection78] INFO  impl.RoleInfo (RoleInfo.java:shutdownLeaderElection(134)) - 17eac7c6-5527-41ae-a3ec-0a2e795a5a04: shutdown LeaderElection
2019-08-30 13:30:06,148 [17eac7c6-5527-41ae-a3ec-0a2e795a5a04:group-37EAE59E7D15:LeaderElection78] INFO  impl.RaftServerImpl (RaftServerImpl.java:setRole(171)) - 17eac7c6-5527-41ae-a3ec-0a2e795a5a04:group-37EAE59E7D15 changes role from CANDIDATE to LEADER at term 1 for changeToLeader
2019-08-30 13:30:06,148 [17eac7c6-5527-41ae-a3ec-0a2e795a5a04:group-37EAE59E7D15:LeaderElection78] INFO  impl.RaftServerImpl (ServerState.java:setLeader(263)) - 17eac7c6-5527-41ae-a3ec-0a2e795a5a04:group-37EAE59E7D15 change Leader from null to 17eac7c6-5527-41ae-a3ec-0a2e795a5a04 at term 1 for becomeLeader, leader elected after 5223ms
2019-08-30 13:30:06,148 [17eac7c6-5527-41ae-a3ec-0a2e795a5a04:group-37EAE59E7D15:LeaderElection78] INFO  server.RaftServerConfigKeys (ConfUtils.java:logGet(43)) - raft.server.staging.catchup.gap = 1000 (default)
2019-08-30 13:30:06,148 [17eac7c6-5527-41ae-a3ec-0a2e795a5a04:group-37EAE59E7D15:LeaderElection78] INFO  server.RaftServerConfigKeys (ConfUtils.java:logGet(43)) - raft.server.rpc.sleep.time = 25ms (default)
2019-08-30 13:30:06,148 [17eac7c6-5527-41ae-a3ec-0a2e795a5a04:group-37EAE59E7D15:LeaderElection78] INFO  server.RaftServerConfigKeys (ConfUtils.java:logGet(43)) - raft.server.write.element-limit = 4096 (default)
2019-08-30 13:30:06,148 [17eac7c6-5527-41ae-a3ec-0a2e795a5a04:group-37EAE59E7D15:LeaderElection78] INFO  server.RaftServerConfigKeys (ConfUtils.java:logGet(43)) - raft.server.watch.timeout = 10s (default)
2019-08-30 13:30:06,148 [17eac7c6-5527-41ae-a3ec-0a2e795a5a04:group-37EAE59E7D15:LeaderElection78] INFO  server.RaftServerConfigKeys (ConfUtils.java:logGet(43)) - raft.server.watch.timeout.denomination = 1s (default)
2019-08-30 13:30:06,149 [17eac7c6-5527-41ae-a3ec-0a2e795a5a04:group-37EAE59E7D15:LeaderElection78] INFO  server.RaftServerConfigKeys (ConfUtils.java:logGet(43)) - raft.server.watch.element-limit = 65536 (default)
2019-08-30 13:30:06,149 [17eac7c6-5527-41ae-a3ec-0a2e795a5a04:group-37EAE59E7D15:LeaderElection78] INFO  impl.RoleInfo (RoleInfo.java:updateAndGet(143)) - 17eac7c6-5527-41ae-a3ec-0a2e795a5a04: start LeaderState
2019-08-30 13:30:06,149 [17eac7c6-5527-41ae-a3ec-0a2e795a5a04:group-37EAE59E7D15:LeaderElection78] INFO  segmented.SegmentedRaftLogWorker (SegmentedRaftLogWorker.java:startLogSegment(380)) - 17eac7c6-5527-41ae-a3ec-0a2e795a5a04-SegmentedRaftLogWorker:Storage Directory /workdir/hadoop-ozone/integration-test/target/test-dir/MiniOzoneClusterImpl-87a06edb-9c05-4a0f-ad83-64a51ce4a81e/datanode-5/data/ratis/e527d19f-14db-4b37-af9f-37eae59e7d15: Starting segment from index:0
2019-08-30 13:30:06,149 [17eac7c6-5527-41ae-a3ec-0a2e795a5a04:group-37EAE59E7D15:LeaderElection78] INFO  impl.RaftServerImpl (ServerState.java:setRaftConf(361)) - 17eac7c6-5527-41ae-a3ec-0a2e795a5a04:group-37EAE59E7D15 set configuration 0: [17eac7c6-5527-41ae-a3ec-0a2e795a5a04:192.168.5.187:35675], old=null at 0
2019-08-30 13:30:06,190 [17eac7c6-5527-41ae-a3ec-0a2e795a5a04-SegmentedRaftLogWorker:Storage Directory /workdir/hadoop-ozone/integration-test/target/test-dir/MiniOzoneClusterImpl-87a06edb-9c05-4a0f-ad83-64a51ce4a81e/datanode-5/data/ratis/e527d19f-14db-4b37-af9f-37eae59e7d15] INFO  segmented.SegmentedRaftLogWorker (SegmentedRaftLogWorker.java:execute(569)) - 17eac7c6-5527-41ae-a3ec-0a2e795a5a04-SegmentedRaftLogWorker:Storage Directory /workdir/hadoop-ozone/integration-test/target/test-dir/MiniOzoneClusterImpl-87a06edb-9c05-4a0f-ad83-64a51ce4a81e/datanode-5/data/ratis/e527d19f-14db-4b37-af9f-37eae59e7d15: created new log segment /workdir/hadoop-ozone/integration-test/target/test-dir/MiniOzoneClusterImpl-87a06edb-9c05-4a0f-ad83-64a51ce4a81e/datanode-5/data/ratis/e527d19f-14db-4b37-af9f-37eae59e7d15/current/log_inprogress_0
2019-08-30 13:30:06,190 [ce179378-4143-4946-9570-61adb5fbe2a3-SegmentedRaftLogWorker:Storage Directory /workdir/hadoop-ozone/integration-test/target/test-dir/MiniOzoneClusterImpl-87a06edb-9c05-4a0f-ad83-64a51ce4a81e/datanode-3/data/ratis/6bb3a726-945f-4281-9668-6081ec5fec8f] INFO  segmented.SegmentedRaftLogWorker (SegmentedRaftLogWorker.java:execute(569)) - ce179378-4143-4946-9570-61adb5fbe2a3-SegmentedRaftLogWorker:Storage Directory /workdir/hadoop-ozone/integration-test/target/test-dir/MiniOzoneClusterImpl-87a06edb-9c05-4a0f-ad83-64a51ce4a81e/datanode-3/data/ratis/6bb3a726-945f-4281-9668-6081ec5fec8f: created new log segment /workdir/hadoop-ozone/integration-test/target/test-dir/MiniOzoneClusterImpl-87a06edb-9c05-4a0f-ad83-64a51ce4a81e/datanode-3/data/ratis/6bb3a726-945f-4281-9668-6081ec5fec8f/current/log_inprogress_0
2019-08-30 13:30:06,190 [17eac7c6-5527-41ae-a3ec-0a2e795a5a04-SegmentedRaftLogWorker:Storage Directory /workdir/hadoop-ozone/integration-test/target/test-dir/MiniOzoneClusterImpl-87a06edb-9c05-4a0f-ad83-64a51ce4a81e/datanode-5/data/ratis/6bb3a726-945f-4281-9668-6081ec5fec8f] INFO  segmented.SegmentedRaftLogWorker (SegmentedRaftLogWorker.java:execute(569)) - 17eac7c6-5527-41ae-a3ec-0a2e795a5a04-SegmentedRaftLogWorker:Storage Directory /workdir/hadoop-ozone/integration-test/target/test-dir/MiniOzoneClusterImpl-87a06edb-9c05-4a0f-ad83-64a51ce4a81e/datanode-5/data/ratis/6bb3a726-945f-4281-9668-6081ec5fec8f: created new log segment /workdir/hadoop-ozone/integration-test/target/test-dir/MiniOzoneClusterImpl-87a06edb-9c05-4a0f-ad83-64a51ce4a81e/datanode-5/data/ratis/6bb3a726-945f-4281-9668-6081ec5fec8f/current/log_inprogress_0
2019-08-30 13:30:08,267 [grpc-default-executor-10] INFO  client.GrpcClientProtocolClient (GrpcClientProtocolClient.java:onNext(255)) - client-4649EAAEC38A->88755f3d-3e87-497e-8a8d-202fed172cc3: receive RaftClientReply:client-4649EAAEC38A->88755f3d-3e87-497e-8a8d-202fed172cc3@group-6081EC5FEC8F, cid=175, SUCCESS, logIndex=1, commits[88755f3d-3e87-497e-8a8d-202fed172cc3:c1, ce179378-4143-4946-9570-61adb5fbe2a3:c0, 17eac7c6-5527-41ae-a3ec-0a2e795a5a04:c0]
2019-08-30 13:30:08,278 [grpc-default-executor-16] INFO  client.GrpcClientProtocolClient (GrpcClientProtocolClient.java:onNext(255)) - client-4649EAAEC38A->88755f3d-3e87-497e-8a8d-202fed172cc3: receive RaftClientReply:client-4649EAAEC38A->88755f3d-3e87-497e-8a8d-202fed172cc3@group-6081EC5FEC8F, cid=176, SUCCESS, logIndex=3, commits[88755f3d-3e87-497e-8a8d-202fed172cc3:c6, ce179378-4143-4946-9570-61adb5fbe2a3:c1, 17eac7c6-5527-41ae-a3ec-0a2e795a5a04:c1]
2019-08-30 13:30:08,341 [grpc-default-executor-16] INFO  client.GrpcClientProtocolClient (GrpcClientProtocolClient.java:onNext(255)) - client-4649EAAEC38A->88755f3d-3e87-497e-8a8d-202fed172cc3: receive RaftClientReply:client-4649EAAEC38A->88755f3d-3e87-497e-8a8d-202fed172cc3@group-6081EC5FEC8F, cid=177, SUCCESS, logIndex=4, commits[88755f3d-3e87-497e-8a8d-202fed172cc3:c12, ce179378-4143-4946-9570-61adb5fbe2a3:c7, 17eac7c6-5527-41ae-a3ec-0a2e795a5a04:c7]
2019-08-30 13:30:08,341 [grpc-default-executor-16] INFO  client.GrpcClientProtocolClient (GrpcClientProtocolClient.java:onNext(255)) - client-4649EAAEC38A->88755f3d-3e87-497e-8a8d-202fed172cc3: receive RaftClientReply:client-4649EAAEC38A->88755f3d-3e87-497e-8a8d-202fed172cc3@group-6081EC5FEC8F, cid=178, SUCCESS, logIndex=5, commits[88755f3d-3e87-497e-8a8d-202fed172cc3:c12, ce179378-4143-4946-9570-61adb5fbe2a3:c7, 17eac7c6-5527-41ae-a3ec-0a2e795a5a04:c7]
2019-08-30 13:30:08,342 [grpc-default-executor-16] INFO  client.GrpcClientProtocolClient (GrpcClientProtocolClient.java:onNext(255)) - client-4649EAAEC38A->88755f3d-3e87-497e-8a8d-202fed172cc3: receive RaftClientReply:client-4649EAAEC38A->88755f3d-3e87-497e-8a8d-202fed172cc3@group-6081EC5FEC8F, cid=179, SUCCESS, logIndex=6, commits[88755f3d-3e87-497e-8a8d-202fed172cc3:c12, ce179378-4143-4946-9570-61adb5fbe2a3:c7, 17eac7c6-5527-41ae-a3ec-0a2e795a5a04:c7]
2019-08-30 13:30:08,380 [grpc-default-executor-16] INFO  client.GrpcClientProtocolClient (GrpcClientProtocolClient.java:onNext(255)) - client-4649EAAEC38A->88755f3d-3e87-497e-8a8d-202fed172cc3: receive RaftClientReply:client-4649EAAEC38A->88755f3d-3e87-497e-8a8d-202fed172cc3@group-6081EC5FEC8F, cid=180, SUCCESS, logIndex=7, commits[88755f3d-3e87-497e-8a8d-202fed172cc3:c12, ce179378-4143-4946-9570-61adb5fbe2a3:c7, 17eac7c6-5527-41ae-a3ec-0a2e795a5a04:c7]
2019-08-30 13:30:08,393 [grpc-default-executor-12] INFO  client.GrpcClientProtocolClient (GrpcClientProtocolClient.java:onNext(255)) - client-4649EAAEC38A->88755f3d-3e87-497e-8a8d-202fed172cc3: receive RaftClientReply:client-4649EAAEC38A->88755f3d-3e87-497e-8a8d-202fed172cc3@group-6081EC5FEC8F, cid=181, SUCCESS, logIndex=13, commits[88755f3d-3e87-497e-8a8d-202fed172cc3:c14, ce179378-4143-4946-9570-61adb5fbe2a3:c12, 17eac7c6-5527-41ae-a3ec-0a2e795a5a04:c12]
2019-08-30 13:30:08,393 [grpc-default-executor-12] INFO  client.GrpcClientProtocolClient (GrpcClientProtocolClient.java:onNext(255)) - client-4649EAAEC38A->88755f3d-3e87-497e-8a8d-202fed172cc3: receive RaftClientReply:client-4649EAAEC38A->88755f3d-3e87-497e-8a8d-202fed172cc3@group-6081EC5FEC8F, cid=182, SUCCESS, logIndex=14, commits[88755f3d-3e87-497e-8a8d-202fed172cc3:c14, ce179378-4143-4946-9570-61adb5fbe2a3:c12, 17eac7c6-5527-41ae-a3ec-0a2e795a5a04:c12]
2019-08-30 13:30:08,399 [grpc-default-executor-12] INFO  client.GrpcClientProtocolClient (GrpcClientProtocolClient.java:onNext(255)) - client-4649EAAEC38A->88755f3d-3e87-497e-8a8d-202fed172cc3: receive RaftClientReply:client-4649EAAEC38A->88755f3d-3e87-497e-8a8d-202fed172cc3@group-6081EC5FEC8F, cid=183, SUCCESS, logIndex=0, commits[88755f3d-3e87-497e-8a8d-202fed172cc3:c16, ce179378-4143-4946-9570-61adb5fbe2a3:c14, 17eac7c6-5527-41ae-a3ec-0a2e795a5a04:c14]
2019-08-30 13:30:09,247 [Datanode State Machine Thread - 0] INFO  statemachine.DatanodeStateMachine (DatanodeStateMachine.java:lambda$startDaemon$0(350)) - Ozone container server started.
2019-08-30 13:30:13,317 [EventQueue-StaleNodeForStaleNodeHandler] INFO  node.StaleNodeHandler (StaleNodeHandler.java:onMessage(58)) - Datanode 88755f3d-3e87-497e-8a8d-202fed172cc3{ip: 192.168.5.187, host: pr-hdds-2063-9bpvp-3383687481, networkLocation: /default-rack, certSerialId: null} moved to stale state. Finalizing its pipelines [PipelineID=6bb3a726-945f-4281-9668-6081ec5fec8f, PipelineID=cea46d99-c9d4-4b48-b74d-0240a6aa991a]
2019-08-30 13:30:13,318 [EventQueue-StaleNodeForStaleNodeHandler] INFO  pipeline.SCMPipelineManager (SCMPipelineManager.java:finalizeAndDestroyPipeline(309)) - destroying pipeline:Pipeline[ Id: 6bb3a726-945f-4281-9668-6081ec5fec8f, Nodes: 88755f3d-3e87-497e-8a8d-202fed172cc3{ip: 192.168.5.187, host: pr-hdds-2063-9bpvp-3383687481, networkLocation: /default-rack, certSerialId: null}17eac7c6-5527-41ae-a3ec-0a2e795a5a04{ip: 192.168.5.187, host: pr-hdds-2063-9bpvp-3383687481, networkLocation: /default-rack, certSerialId: null}ce179378-4143-4946-9570-61adb5fbe2a3{ip: 192.168.5.187, host: pr-hdds-2063-9bpvp-3383687481, networkLocation: /default-rack, certSerialId: null}, Type:RATIS, Factor:THREE, State:OPEN]
2019-08-30 13:30:13,318 [EventQueue-StaleNodeForStaleNodeHandler] INFO  pipeline.PipelineStateManager (PipelineStateManager.java:finalizePipeline(123)) - Pipeline Pipeline[ Id: 6bb3a726-945f-4281-9668-6081ec5fec8f, Nodes: 88755f3d-3e87-497e-8a8d-202fed172cc3{ip: 192.168.5.187, host: pr-hdds-2063-9bpvp-3383687481, networkLocation: /default-rack, certSerialId: null}17eac7c6-5527-41ae-a3ec-0a2e795a5a04{ip: 192.168.5.187, host: pr-hdds-2063-9bpvp-3383687481, networkLocation: /default-rack, certSerialId: null}ce179378-4143-4946-9570-61adb5fbe2a3{ip: 192.168.5.187, host: pr-hdds-2063-9bpvp-3383687481, networkLocation: /default-rack, certSerialId: null}, Type:RATIS, Factor:THREE, State:CLOSED] moved to CLOSED state
2019-08-30 13:30:13,319 [EventQueue-CloseContainerForCloseContainerEventHandler] INFO  container.CloseContainerEventHandler (CloseContainerEventHandler.java:onMessage(61)) - Close container Event triggered for container : #1
2019-08-30 13:30:13,319 [EventQueue-StaleNodeForStaleNodeHandler] INFO  pipeline.SCMPipelineManager (SCMPipelineManager.java:finalizeAndDestroyPipeline(309)) - destroying pipeline:Pipeline[ Id: cea46d99-c9d4-4b48-b74d-0240a6aa991a, Nodes: 88755f3d-3e87-497e-8a8d-202fed172cc3{ip: 192.168.5.187, host: pr-hdds-2063-9bpvp-3383687481, networkLocation: /default-rack, certSerialId: null}, Type:RATIS, Factor:ONE, State:OPEN]
2019-08-30 13:30:13,319 [EventQueue-StaleNodeForStaleNodeHandler] INFO  pipeline.PipelineStateManager (PipelineStateManager.java:finalizePipeline(123)) - Pipeline Pipeline[ Id: cea46d99-c9d4-4b48-b74d-0240a6aa991a, Nodes: 88755f3d-3e87-497e-8a8d-202fed172cc3{ip: 192.168.5.187, host: pr-hdds-2063-9bpvp-3383687481, networkLocation: /default-rack, certSerialId: null}, Type:RATIS, Factor:ONE, State:CLOSED] moved to CLOSED state
2019-08-30 13:30:13,402 [main] INFO  ozoneimpl.OzoneContainer (OzoneContainer.java:stop(215)) - Attempting to stop container services.
2019-08-30 13:30:13,403 [main] INFO  impl.RaftServerProxy (RaftServerProxy.java:lambda$close$4(314)) - 88755f3d-3e87-497e-8a8d-202fed172cc3: close
2019-08-30 13:30:13,403 [main] INFO  impl.RaftServerImpl (RaftServerImpl.java:lambda$shutdown$3(245)) - 88755f3d-3e87-497e-8a8d-202fed172cc3: shutdown group-6081EC5FEC8F
2019-08-30 13:30:13,403 [ForkJoinPool.commonPool-worker-0] INFO  impl.RaftServerImpl (RaftServerImpl.java:lambda$shutdown$3(245)) - 88755f3d-3e87-497e-8a8d-202fed172cc3: shutdown group-0240A6AA991A
2019-08-30 13:30:13,404 [main] INFO  util.JmxRegister (JmxRegister.java:unregister(73)) - Successfully un-registered JMX Bean with object name Ratis:service=RaftServer,group=group-6081EC5FEC8F,id=88755f3d-3e87-497e-8a8d-202fed172cc3
2019-08-30 13:30:13,404 [ForkJoinPool.commonPool-worker-0] INFO  util.JmxRegister (JmxRegister.java:unregister(73)) - Successfully un-registered JMX Bean with object name Ratis:service=RaftServer,group=group-0240A6AA991A,id=88755f3d-3e87-497e-8a8d-202fed172cc3
2019-08-30 13:30:13,404 [main] INFO  impl.RoleInfo (RoleInfo.java:shutdownLeaderState(104)) - 88755f3d-3e87-497e-8a8d-202fed172cc3: shutdown LeaderState
2019-08-30 13:30:13,404 [ForkJoinPool.commonPool-worker-0] INFO  impl.RoleInfo (RoleInfo.java:shutdownLeaderState(104)) - 88755f3d-3e87-497e-8a8d-202fed172cc3: shutdown LeaderState
2019-08-30 13:30:13,408 [org.apache.ratis.server.impl.LogAppender$AppenderDaemon$$Lambda$495/1652735595@1c4fb02a] WARN  server.GrpcLogAppender (GrpcLogAppender.java:mayWait(143)) - GrpcLogAppender(88755f3d-3e87-497e-8a8d-202fed172cc3->17eac7c6-5527-41ae-a3ec-0a2e795a5a04): Wait interrupted by java.lang.InterruptedException
2019-08-30 13:30:13,408 [main] INFO  impl.PendingRequests (PendingRequests.java:sendNotLeaderResponses(202)) - 88755f3d-3e87-497e-8a8d-202fed172cc3-PendingRequests: sendNotLeaderResponses
2019-08-30 13:30:13,408 [org.apache.ratis.server.impl.LogAppender$AppenderDaemon$$Lambda$495/1652735595@594d3567] WARN  server.GrpcLogAppender (GrpcLogAppender.java:mayWait(143)) - GrpcLogAppender(88755f3d-3e87-497e-8a8d-202fed172cc3->ce179378-4143-4946-9570-61adb5fbe2a3): Wait interrupted by java.lang.InterruptedException
2019-08-30 13:30:13,408 [ForkJoinPool.commonPool-worker-0] INFO  impl.PendingRequests (PendingRequests.java:sendNotLeaderResponses(202)) - 88755f3d-3e87-497e-8a8d-202fed172cc3-PendingRequests: sendNotLeaderResponses
2019-08-30 13:30:13,421 [grpc-default-executor-16] INFO  server.GrpcServerProtocolService (GrpcServerProtocolService.java:onCompleted(104)) - 17eac7c6-5527-41ae-a3ec-0a2e795a5a04: appendEntries completed
2019-08-30 13:30:13,421 [ForkJoinPool.commonPool-worker-0] INFO  impl.StateMachineUpdater (StateMachineUpdater.java:stopAndJoin(115)) - StateMachineUpdater:88755f3d-3e87-497e-8a8d-202fed172cc3:group-0240A6AA991A: set stopIndex = 0
2019-08-30 13:30:13,421 [main] INFO  impl.StateMachineUpdater (StateMachineUpdater.java:stopAndJoin(115)) - StateMachineUpdater:88755f3d-3e87-497e-8a8d-202fed172cc3:group-6081EC5FEC8F: set stopIndex = 16
2019-08-30 13:30:13,421 [grpc-default-executor-12] INFO  server.GrpcServerProtocolService (GrpcServerProtocolService.java:onCompleted(104)) - ce179378-4143-4946-9570-61adb5fbe2a3: appendEntries completed
2019-08-30 13:30:13,422 [grpc-default-executor-10] INFO  server.GrpcLogAppender (GrpcLogAppender.java:onCompleted(292)) - 88755f3d-3e87-497e-8a8d-202fed172cc3->17eac7c6-5527-41ae-a3ec-0a2e795a5a04: follower responses appendEntries COMPLETED
2019-08-30 13:30:13,421 [ForkJoinPool.commonPool-worker-0] INFO  impl.RaftServerImpl (ServerState.java:close(394)) - 88755f3d-3e87-497e-8a8d-202fed172cc3:group-0240A6AA991A closes. The last applied log index is 0
2019-08-30 13:30:13,421 [StateMachineUpdater:88755f3d-3e87-497e-8a8d-202fed172cc3:group-6081EC5FEC8F] INFO  ratis.ContainerStateMachine (ContainerStateMachine.java:takeSnapshot(284)) - group-6081EC5FEC8F: Taking a snapshot at:(t:1, i:14) file /workdir/hadoop-ozone/integration-test/target/test-dir/MiniOzoneClusterImpl-87a06edb-9c05-4a0f-ad83-64a51ce4a81e/datanode-4/data/ratis/6bb3a726-945f-4281-9668-6081ec5fec8f/sm/snapshot.1_14
2019-08-30 13:30:13,422 [grpc-default-executor-10] INFO  impl.FollowerInfo (FollowerInfo.java:lambda$new$0(50)) - 88755f3d-3e87-497e-8a8d-202fed172cc3->17eac7c6-5527-41ae-a3ec-0a2e795a5a04: nextIndex: updateUnconditionally 17 -> 16
2019-08-30 13:30:13,422 [grpc-default-executor-16] INFO  server.GrpcLogAppender (GrpcLogAppender.java:onCompleted(292)) - 88755f3d-3e87-497e-8a8d-202fed172cc3->ce179378-4143-4946-9570-61adb5fbe2a3: follower responses appendEntries COMPLETED
2019-08-30 13:30:13,423 [88755f3d-3e87-497e-8a8d-202fed172cc3-SegmentedRaftLogWorker:Storage Directory /workdir/hadoop-ozone/integration-test/target/test-dir/MiniOzoneClusterImpl-87a06edb-9c05-4a0f-ad83-64a51ce4a81e/datanode-4/data/ratis/cea46d99-c9d4-4b48-b74d-0240a6aa991a] INFO  segmented.SegmentedRaftLogWorker (SegmentedRaftLogWorker.java:run(313)) - 88755f3d-3e87-497e-8a8d-202fed172cc3-SegmentedRaftLogWorker:Storage Directory /workdir/hadoop-ozone/integration-test/target/test-dir/MiniOzoneClusterImpl-87a06edb-9c05-4a0f-ad83-64a51ce4a81e/datanode-4/data/ratis/cea46d99-c9d4-4b48-b74d-0240a6aa991a was interrupted, exiting. There are 0 tasks remaining in the queue.
2019-08-30 13:30:13,423 [grpc-default-executor-16] INFO  impl.FollowerInfo (FollowerInfo.java:lambda$new$0(50)) - 88755f3d-3e87-497e-8a8d-202fed172cc3->ce179378-4143-4946-9570-61adb5fbe2a3: nextIndex: updateUnconditionally 17 -> 16
2019-08-30 13:30:13,425 [ForkJoinPool.commonPool-worker-0] INFO  segmented.SegmentedRaftLogWorker (SegmentedRaftLogWorker.java:close(228)) - 88755f3d-3e87-497e-8a8d-202fed172cc3-SegmentedRaftLogWorker:Storage Directory /workdir/hadoop-ozone/integration-test/target/test-dir/MiniOzoneClusterImpl-87a06edb-9c05-4a0f-ad83-64a51ce4a81e/datanode-4/data/ratis/cea46d99-c9d4-4b48-b74d-0240a6aa991a close()
2019-08-30 13:30:13,436 [StateMachineUpdater:88755f3d-3e87-497e-8a8d-202fed172cc3:group-6081EC5FEC8F] INFO  ratis.ContainerStateMachine (ContainerStateMachine.java:takeSnapshot(295)) - group-6081EC5FEC8F: Finished taking a snapshot at:(t:1, i:14) file:/workdir/hadoop-ozone/integration-test/target/test-dir/MiniOzoneClusterImpl-87a06edb-9c05-4a0f-ad83-64a51ce4a81e/datanode-4/data/ratis/6bb3a726-945f-4281-9668-6081ec5fec8f/sm/snapshot.1_14 time:15
2019-08-30 13:30:13,436 [StateMachineUpdater:88755f3d-3e87-497e-8a8d-202fed172cc3:group-6081EC5FEC8F] INFO  impl.StateMachineUpdater (StateMachineUpdater.java:takeSnapshot(242)) - StateMachineUpdater:88755f3d-3e87-497e-8a8d-202fed172cc3:group-6081EC5FEC8F: Took a snapshot at index 14
2019-08-30 13:30:13,436 [StateMachineUpdater:88755f3d-3e87-497e-8a8d-202fed172cc3:group-6081EC5FEC8F] INFO  impl.StateMachineUpdater (StateMachineUpdater.java:lambda$new$0(80)) - StateMachineUpdater:88755f3d-3e87-497e-8a8d-202fed172cc3:group-6081EC5FEC8F: snapshotIndex: updateIncreasingly -1 -> 14
2019-08-30 13:30:13,436 [main] INFO  impl.RaftServerImpl (ServerState.java:close(394)) - 88755f3d-3e87-497e-8a8d-202fed172cc3:group-6081EC5FEC8F closes. The last applied log index is 16
2019-08-30 13:30:13,437 [88755f3d-3e87-497e-8a8d-202fed172cc3-SegmentedRaftLogWorker:Storage Directory /workdir/hadoop-ozone/integration-test/target/test-dir/MiniOzoneClusterImpl-87a06edb-9c05-4a0f-ad83-64a51ce4a81e/datanode-4/data/ratis/6bb3a726-945f-4281-9668-6081ec5fec8f] INFO  segmented.SegmentedRaftLogWorker (SegmentedRaftLogWorker.java:run(313)) - 88755f3d-3e87-497e-8a8d-202fed172cc3-SegmentedRaftLogWorker:Storage Directory /workdir/hadoop-ozone/integration-test/target/test-dir/MiniOzoneClusterImpl-87a06edb-9c05-4a0f-ad83-64a51ce4a81e/datanode-4/data/ratis/6bb3a726-945f-4281-9668-6081ec5fec8f was interrupted, exiting. There are 0 tasks remaining in the queue.
2019-08-30 13:30:13,438 [main] INFO  segmented.SegmentedRaftLogWorker (SegmentedRaftLogWorker.java:close(228)) - 88755f3d-3e87-497e-8a8d-202fed172cc3-SegmentedRaftLogWorker:Storage Directory /workdir/hadoop-ozone/integration-test/target/test-dir/MiniOzoneClusterImpl-87a06edb-9c05-4a0f-ad83-64a51ce4a81e/datanode-4/data/ratis/6bb3a726-945f-4281-9668-6081ec5fec8f close()
2019-08-30 13:30:13,441 [main] INFO  server.GrpcService (GrpcService.java:closeImpl(155)) - 88755f3d-3e87-497e-8a8d-202fed172cc3: shutdown server with port 46544 now
2019-08-30 13:30:13,442 [grpc-default-executor-10] WARN  client.GrpcClientProtocolService (LogUtils.java:warn(134)) - 4-UnorderedRequestStreamObserver4: onError: org.apache.ratis.thirdparty.io.grpc.StatusRuntimeException: CANCELLED: cancelled before receiving half close
2019-08-30 13:30:13,442 [main] INFO  server.GrpcService (GrpcService.java:closeImpl(163)) - 88755f3d-3e87-497e-8a8d-202fed172cc3: shutdown server with port 46544 successfully
2019-08-30 13:30:13,444 [refreshUsed-/workdir/hadoop-ozone/integration-test/target/test-dir/MiniOzoneClusterImpl-87a06edb-9c05-4a0f-ad83-64a51ce4a81e/datanode-4/data/containers] WARN  fs.CachingGetSpaceUsed (CachingGetSpaceUsed.java:run(183)) - Thread Interrupted waiting to refresh disk information: sleep interrupted
2019-08-30 13:30:13,457 [main] INFO  utils.BackgroundService (BackgroundService.java:shutdown(148)) - Shutting down service BlockDeletingService
2019-08-30 13:30:13,461 [main] INFO  statemachine.DatanodeStateMachine (DatanodeStateMachine.java:stopDaemon(395)) - Ozone container server stopped.
2019-08-30 13:30:13,462 [main] INFO  handler.ContextHandler (ContextHandler.java:doStop(910)) - Stopped o.e.j.w.WebAppContext@63d677f5{/,null,UNAVAILABLE}{/hddsDatanode}
2019-08-30 13:30:13,463 [main] INFO  server.AbstractConnector (AbstractConnector.java:doStop(318)) - Stopped ServerConnector@71d55b7e{HTTP/1.1,[http/1.1]}{0.0.0.0:0}
2019-08-30 13:30:13,463 [main] INFO  handler.ContextHandler (ContextHandler.java:doStop(910)) - Stopped o.e.j.s.ServletContextHandler@21e5f0b6{/static,jar:file:/home/user/.m2/repository/org/apache/hadoop/hadoop-hdds-container-service/0.5.0-SNAPSHOT/hadoop-hdds-container-service-0.5.0-SNAPSHOT.jar!/webapps/static,UNAVAILABLE}
2019-08-30 13:30:13,463 [main] INFO  handler.ContextHandler (ContextHandler.java:doStop(910)) - Stopped o.e.j.s.ServletContextHandler@216c22ce{/logs,file:///workdir/hadoop-ozone/integration-test/target/log,UNAVAILABLE}
2019-08-30 13:30:15,479 [grpc-default-executor-16] INFO  client.GrpcClientProtocolClient (GrpcClientProtocolClient.java:onNext(255)) - client-4649EAAEC38A->17eac7c6-5527-41ae-a3ec-0a2e795a5a04: receive RaftClientReply:client-4649EAAEC38A->17eac7c6-5527-41ae-a3ec-0a2e795a5a04@group-6081EC5FEC8F, cid=184, FAILED org.apache.ratis.protocol.NotLeaderException: Server 17eac7c6-5527-41ae-a3ec-0a2e795a5a04 is not the leader (88755f3d-3e87-497e-8a8d-202fed172cc3:192.168.5.187:46544). Request must be sent to leader., logIndex=0, commits[17eac7c6-5527-41ae-a3ec-0a2e795a5a04:c16, ce179378-4143-4946-9570-61adb5fbe2a3:c16, 88755f3d-3e87-497e-8a8d-202fed172cc3:c16]
2019-08-30 13:30:16,496 [grpc-default-executor-16] INFO  client.GrpcClientProtocolClient (GrpcClientProtocolClient.java:onNext(255)) - client-4649EAAEC38A->ce179378-4143-4946-9570-61adb5fbe2a3: receive RaftClientReply:client-4649EAAEC38A->ce179378-4143-4946-9570-61adb5fbe2a3@group-6081EC5FEC8F, cid=184, FAILED org.apache.ratis.protocol.NotLeaderException: Server ce179378-4143-4946-9570-61adb5fbe2a3 is not the leader (88755f3d-3e87-497e-8a8d-202fed172cc3:192.168.5.187:46544). Request must be sent to leader., logIndex=0, commits[ce179378-4143-4946-9570-61adb5fbe2a3:c16, 17eac7c6-5527-41ae-a3ec-0a2e795a5a04:c16, 88755f3d-3e87-497e-8a8d-202fed172cc3:c16]
2019-08-30 13:30:17,508 [grpc-default-executor-16] INFO  client.GrpcClientProtocolClient (GrpcClientProtocolClient.java:onNext(255)) - client-4649EAAEC38A->ce179378-4143-4946-9570-61adb5fbe2a3: receive RaftClientReply:client-4649EAAEC38A->ce179378-4143-4946-9570-61adb5fbe2a3@group-6081EC5FEC8F, cid=184, FAILED org.apache.ratis.protocol.NotLeaderException: Server ce179378-4143-4946-9570-61adb5fbe2a3 is not the leader (88755f3d-3e87-497e-8a8d-202fed172cc3:192.168.5.187:46544). Request must be sent to leader., logIndex=0, commits[ce179378-4143-4946-9570-61adb5fbe2a3:c16, 17eac7c6-5527-41ae-a3ec-0a2e795a5a04:c16, 88755f3d-3e87-497e-8a8d-202fed172cc3:c16]
2019-08-30 13:30:18,523 [grpc-default-executor-10] INFO  client.GrpcClientProtocolClient (GrpcClientProtocolClient.java:onNext(255)) - client-4649EAAEC38A->ce179378-4143-4946-9570-61adb5fbe2a3: receive RaftClientReply:client-4649EAAEC38A->ce179378-4143-4946-9570-61adb5fbe2a3@group-6081EC5FEC8F, cid=184, FAILED org.apache.ratis.protocol.NotLeaderException: Server ce179378-4143-4946-9570-61adb5fbe2a3 is not the leader (88755f3d-3e87-497e-8a8d-202fed172cc3:192.168.5.187:46544). Request must be sent to leader., logIndex=0, commits[ce179378-4143-4946-9570-61adb5fbe2a3:c16, 17eac7c6-5527-41ae-a3ec-0a2e795a5a04:c16, 88755f3d-3e87-497e-8a8d-202fed172cc3:c16]
2019-08-30 13:30:19,535 [grpc-default-executor-16] INFO  client.GrpcClientProtocolClient (GrpcClientProtocolClient.java:onNext(255)) - client-4649EAAEC38A->17eac7c6-5527-41ae-a3ec-0a2e795a5a04: receive RaftClientReply:client-4649EAAEC38A->17eac7c6-5527-41ae-a3ec-0a2e795a5a04@group-6081EC5FEC8F, cid=184, FAILED org.apache.ratis.protocol.NotLeaderException: Server 17eac7c6-5527-41ae-a3ec-0a2e795a5a04 is not the leader (88755f3d-3e87-497e-8a8d-202fed172cc3:192.168.5.187:46544). Request must be sent to leader., logIndex=0, commits[17eac7c6-5527-41ae-a3ec-0a2e795a5a04:c16, ce179378-4143-4946-9570-61adb5fbe2a3:c16, 88755f3d-3e87-497e-8a8d-202fed172cc3:c16]
2019-08-30 13:30:20,545 [grpc-default-executor-12] INFO  client.GrpcClientProtocolClient (GrpcClientProtocolClient.java:onNext(255)) - client-4649EAAEC38A->ce179378-4143-4946-9570-61adb5fbe2a3: receive RaftClientReply:client-4649EAAEC38A->ce179378-4143-4946-9570-61adb5fbe2a3@group-6081EC5FEC8F, cid=184, FAILED org.apache.ratis.protocol.NotLeaderException: Server ce179378-4143-4946-9570-61adb5fbe2a3 is not the leader (88755f3d-3e87-497e-8a8d-202fed172cc3:192.168.5.187:46544). Request must be sent to leader., logIndex=0, commits[ce179378-4143-4946-9570-61adb5fbe2a3:c16, 17eac7c6-5527-41ae-a3ec-0a2e795a5a04:c16, 88755f3d-3e87-497e-8a8d-202fed172cc3:c16]
2019-08-30 13:30:21,464 [Thread-3668] INFO  impl.FollowerState (FollowerState.java:run(106)) - 17eac7c6-5527-41ae-a3ec-0a2e795a5a04:group-6081EC5FEC8F changes to CANDIDATE, lastRpcTime:8067, electionTimeout:5077ms
2019-08-30 13:30:21,465 [Thread-3668] INFO  impl.RoleInfo (RoleInfo.java:shutdownFollowerState(121)) - 17eac7c6-5527-41ae-a3ec-0a2e795a5a04: shutdown FollowerState
2019-08-30 13:30:21,465 [Thread-3668] INFO  impl.RaftServerImpl (RaftServerImpl.java:setRole(171)) - 17eac7c6-5527-41ae-a3ec-0a2e795a5a04:group-6081EC5FEC8F changes role from FOLLOWER to CANDIDATE at term 1 for changeToCandidate
2019-08-30 13:30:21,465 [Thread-3668] INFO  impl.RoleInfo (RoleInfo.java:updateAndGet(143)) - 17eac7c6-5527-41ae-a3ec-0a2e795a5a04: start LeaderElection
2019-08-30 13:30:21,469 [17eac7c6-5527-41ae-a3ec-0a2e795a5a04:group-6081EC5FEC8F:LeaderElection79] INFO  impl.RaftServerImpl (ServerState.java:setLeader(263)) - 17eac7c6-5527-41ae-a3ec-0a2e795a5a04:group-6081EC5FEC8F change Leader from 88755f3d-3e87-497e-8a8d-202fed172cc3 to null at term 1 for initElection
2019-08-30 13:30:21,479 [Thread-3667] INFO  impl.FollowerState (FollowerState.java:run(106)) - ce179378-4143-4946-9570-61adb5fbe2a3:group-6081EC5FEC8F changes to CANDIDATE, lastRpcTime:8080, electionTimeout:5192ms
2019-08-30 13:30:21,479 [Thread-3667] INFO  impl.RoleInfo (RoleInfo.java:shutdownFollowerState(121)) - ce179378-4143-4946-9570-61adb5fbe2a3: shutdown FollowerState
2019-08-30 13:30:21,479 [Thread-3667] INFO  impl.RaftServerImpl (RaftServerImpl.java:setRole(171)) - ce179378-4143-4946-9570-61adb5fbe2a3:group-6081EC5FEC8F changes role from FOLLOWER to CANDIDATE at term 1 for changeToCandidate
2019-08-30 13:30:21,479 [Thread-3667] INFO  impl.RoleInfo (RoleInfo.java:updateAndGet(143)) - ce179378-4143-4946-9570-61adb5fbe2a3: start LeaderElection
2019-08-30 13:30:21,482 [17eac7c6-5527-41ae-a3ec-0a2e795a5a04:group-6081EC5FEC8F:LeaderElection79] INFO  impl.LeaderElection (LeaderElection.java:askForVotes(181)) - 17eac7c6-5527-41ae-a3ec-0a2e795a5a04:group-6081EC5FEC8F:LeaderElection79: begin an election at term 2 for 0: [ce179378-4143-4946-9570-61adb5fbe2a3:192.168.5.187:42060, 17eac7c6-5527-41ae-a3ec-0a2e795a5a04:192.168.5.187:35675, 88755f3d-3e87-497e-8a8d-202fed172cc3:192.168.5.187:46544], old=null
2019-08-30 13:30:21,482 [ce179378-4143-4946-9570-61adb5fbe2a3:group-6081EC5FEC8F:LeaderElection80] INFO  impl.RaftServerImpl (ServerState.java:setLeader(263)) - ce179378-4143-4946-9570-61adb5fbe2a3:group-6081EC5FEC8F change Leader from 88755f3d-3e87-497e-8a8d-202fed172cc3 to null at term 1 for initElection
2019-08-30 13:30:21,484 [17eac7c6-5527-41ae-a3ec-0a2e795a5a04:group-6081EC5FEC8F:LeaderElection79] INFO  impl.LeaderElection (LogUtils.java:infoOrTrace(149)) - 17eac7c6-5527-41ae-a3ec-0a2e795a5a04:group-6081EC5FEC8F:LeaderElection79 got exception when requesting votes: {}
java.util.concurrent.ExecutionException: org.apache.ratis.thirdparty.io.grpc.StatusRuntimeException: UNAVAILABLE: io exception
	at java.util.concurrent.FutureTask.report(FutureTask.java:122)
	at java.util.concurrent.FutureTask.get(FutureTask.java:192)
	at org.apache.ratis.server.impl.LeaderElection.waitForResults(LeaderElection.java:262)
	at org.apache.ratis.server.impl.LeaderElection.askForVotes(LeaderElection.java:200)
	at org.apache.ratis.server.impl.LeaderElection.run(LeaderElection.java:130)
	at java.lang.Thread.run(Thread.java:748)
Caused by: org.apache.ratis.thirdparty.io.grpc.StatusRuntimeException: UNAVAILABLE: io exception
	at org.apache.ratis.thirdparty.io.grpc.stub.ClientCalls.toStatusRuntimeException(ClientCalls.java:233)
	at org.apache.ratis.thirdparty.io.grpc.stub.ClientCalls.getUnchecked(ClientCalls.java:214)
	at org.apache.ratis.thirdparty.io.grpc.stub.ClientCalls.blockingUnaryCall(ClientCalls.java:139)
	at org.apache.ratis.proto.grpc.RaftServerProtocolServiceGrpc$RaftServerProtocolServiceBlockingStub.requestVote(RaftServerProtocolServiceGrpc.java:265)
	at org.apache.ratis.grpc.server.GrpcServerProtocolClient.requestVote(GrpcServerProtocolClient.java:83)
	at org.apache.ratis.grpc.server.GrpcService.requestVote(GrpcService.java:195)
	at org.apache.ratis.server.impl.LeaderElection.lambda$submitRequests$1(LeaderElection.java:237)
	at java.util.concurrent.FutureTask.run(FutureTask.java:266)
	at java.util.concurrent.Executors$RunnableAdapter.call(Executors.java:511)
	at java.util.concurrent.FutureTask.run(FutureTask.java:266)
	at java.util.concurrent.ThreadPoolExecutor.runWorker(ThreadPoolExecutor.java:1149)
	at java.util.concurrent.ThreadPoolExecutor$Worker.run(ThreadPoolExecutor.java:624)
	... 1 more
Caused by: org.apache.ratis.thirdparty.io.netty.channel.AbstractChannel$AnnotatedConnectException: Connection refused: /192.168.5.187:46544
	at sun.nio.ch.SocketChannelImpl.checkConnect(Native Method)
	at sun.nio.ch.SocketChannelImpl.finishConnect(SocketChannelImpl.java:717)
	at org.apache.ratis.thirdparty.io.netty.channel.socket.nio.NioSocketChannel.doFinishConnect(NioSocketChannel.java:327)
	at org.apache.ratis.thirdparty.io.netty.channel.nio.AbstractNioChannel$AbstractNioUnsafe.finishConnect(AbstractNioChannel.java:340)
	at org.apache.ratis.thirdparty.io.netty.channel.nio.NioEventLoop.processSelectedKey(NioEventLoop.java:632)
	at org.apache.ratis.thirdparty.io.netty.channel.nio.NioEventLoop.processSelectedKeysOptimized(NioEventLoop.java:579)
	at org.apache.ratis.thirdparty.io.netty.channel.nio.NioEventLoop.processSelectedKeys(NioEventLoop.java:496)
	at org.apache.ratis.thirdparty.io.netty.channel.nio.NioEventLoop.run(NioEventLoop.java:458)
	at org.apache.ratis.thirdparty.io.netty.util.concurrent.SingleThreadEventExecutor$5.run(SingleThreadEventExecutor.java:897)
	at org.apache.ratis.thirdparty.io.netty.util.concurrent.FastThreadLocalRunnable.run(FastThreadLocalRunnable.java:30)
	... 1 more
Caused by: java.net.ConnectException: Connection refused
	... 11 more
2019-08-30 13:30:21,496 [ce179378-4143-4946-9570-61adb5fbe2a3:group-6081EC5FEC8F:LeaderElection80] INFO  impl.LeaderElection (LeaderElection.java:askForVotes(181)) - ce179378-4143-4946-9570-61adb5fbe2a3:group-6081EC5FEC8F:LeaderElection80: begin an election at term 2 for 0: [ce179378-4143-4946-9570-61adb5fbe2a3:192.168.5.187:42060, 17eac7c6-5527-41ae-a3ec-0a2e795a5a04:192.168.5.187:35675, 88755f3d-3e87-497e-8a8d-202fed172cc3:192.168.5.187:46544], old=null
2019-08-30 13:30:21,499 [17eac7c6-5527-41ae-a3ec-0a2e795a5a04:group-6081EC5FEC8F:LeaderElection79] INFO  impl.LeaderElection (LeaderElection.java:logAndReturn(56)) - 17eac7c6-5527-41ae-a3ec-0a2e795a5a04:group-6081EC5FEC8F:LeaderElection79: Election REJECTED; received 1 response(s) [17eac7c6-5527-41ae-a3ec-0a2e795a5a04<-ce179378-4143-4946-9570-61adb5fbe2a3#0:FAIL-t2] and 1 exception(s); 17eac7c6-5527-41ae-a3ec-0a2e795a5a04:t2, leader=null, voted=17eac7c6-5527-41ae-a3ec-0a2e795a5a04, raftlog=17eac7c6-5527-41ae-a3ec-0a2e795a5a04-SegmentedRaftLog:OPENED:c16,f16,i16, conf=0: [ce179378-4143-4946-9570-61adb5fbe2a3:192.168.5.187:42060, 17eac7c6-5527-41ae-a3ec-0a2e795a5a04:192.168.5.187:35675, 88755f3d-3e87-497e-8a8d-202fed172cc3:192.168.5.187:46544], old=null
2019-08-30 13:30:21,499 [17eac7c6-5527-41ae-a3ec-0a2e795a5a04:group-6081EC5FEC8F:LeaderElection79] INFO  impl.LeaderElection (LogUtils.java:infoOrTrace(149)) -   Exception 0: {}
java.util.concurrent.ExecutionException: org.apache.ratis.thirdparty.io.grpc.StatusRuntimeException: UNAVAILABLE: io exception
	at java.util.concurrent.FutureTask.report(FutureTask.java:122)
	at java.util.concurrent.FutureTask.get(FutureTask.java:192)
	at org.apache.ratis.server.impl.LeaderElection.waitForResults(LeaderElection.java:262)
	at org.apache.ratis.server.impl.LeaderElection.askForVotes(LeaderElection.java:200)
	at org.apache.ratis.server.impl.LeaderElection.run(LeaderElection.java:130)
	at java.lang.Thread.run(Thread.java:748)
Caused by: org.apache.ratis.thirdparty.io.grpc.StatusRuntimeException: UNAVAILABLE: io exception
	at org.apache.ratis.thirdparty.io.grpc.stub.ClientCalls.toStatusRuntimeException(ClientCalls.java:233)
	at org.apache.ratis.thirdparty.io.grpc.stub.ClientCalls.getUnchecked(ClientCalls.java:214)
	at org.apache.ratis.thirdparty.io.grpc.stub.ClientCalls.blockingUnaryCall(ClientCalls.java:139)
	at org.apache.ratis.proto.grpc.RaftServerProtocolServiceGrpc$RaftServerProtocolServiceBlockingStub.requestVote(RaftServerProtocolServiceGrpc.java:265)
	at org.apache.ratis.grpc.server.GrpcServerProtocolClient.requestVote(GrpcServerProtocolClient.java:83)
	at org.apache.ratis.grpc.server.GrpcService.requestVote(GrpcService.java:195)
	at org.apache.ratis.server.impl.LeaderElection.lambda$submitRequests$1(LeaderElection.java:237)
	at java.util.concurrent.FutureTask.run(FutureTask.java:266)
	at java.util.concurrent.Executors$RunnableAdapter.call(Executors.java:511)
	at java.util.concurrent.FutureTask.run(FutureTask.java:266)
	at java.util.concurrent.ThreadPoolExecutor.runWorker(ThreadPoolExecutor.java:1149)
	at java.util.concurrent.ThreadPoolExecutor$Worker.run(ThreadPoolExecutor.java:624)
	... 1 more
Caused by: org.apache.ratis.thirdparty.io.netty.channel.AbstractChannel$AnnotatedConnectException: Connection refused: /192.168.5.187:46544
	at sun.nio.ch.SocketChannelImpl.checkConnect(Native Method)
	at sun.nio.ch.SocketChannelImpl.finishConnect(SocketChannelImpl.java:717)
	at org.apache.ratis.thirdparty.io.netty.channel.socket.nio.NioSocketChannel.doFinishConnect(NioSocketChannel.java:327)
	at org.apache.ratis.thirdparty.io.netty.channel.nio.AbstractNioChannel$AbstractNioUnsafe.finishConnect(AbstractNioChannel.java:340)
	at org.apache.ratis.thirdparty.io.netty.channel.nio.NioEventLoop.processSelectedKey(NioEventLoop.java:632)
	at org.apache.ratis.thirdparty.io.netty.channel.nio.NioEventLoop.processSelectedKeysOptimized(NioEventLoop.java:579)
	at org.apache.ratis.thirdparty.io.netty.channel.nio.NioEventLoop.processSelectedKeys(NioEventLoop.java:496)
	at org.apache.ratis.thirdparty.io.netty.channel.nio.NioEventLoop.run(NioEventLoop.java:458)
	at org.apache.ratis.thirdparty.io.netty.util.concurrent.SingleThreadEventExecutor$5.run(SingleThreadEventExecutor.java:897)
	at org.apache.ratis.thirdparty.io.netty.util.concurrent.FastThreadLocalRunnable.run(FastThreadLocalRunnable.java:30)
	... 1 more
Caused by: java.net.ConnectException: Connection refused
	... 11 more
2019-08-30 13:30:21,499 [17eac7c6-5527-41ae-a3ec-0a2e795a5a04:group-6081EC5FEC8F:LeaderElection79] INFO  impl.RaftServerImpl (RaftServerImpl.java:setRole(171)) - 17eac7c6-5527-41ae-a3ec-0a2e795a5a04:group-6081EC5FEC8F changes role from CANDIDATE to FOLLOWER at term 2 for DISCOVERED_A_NEW_TERM
2019-08-30 13:30:21,500 [ce179378-4143-4946-9570-61adb5fbe2a3:group-6081EC5FEC8F:LeaderElection80] INFO  impl.LeaderElection (LogUtils.java:infoOrTrace(149)) - ce179378-4143-4946-9570-61adb5fbe2a3:group-6081EC5FEC8F:LeaderElection80 got exception when requesting votes: {}
java.util.concurrent.ExecutionException: org.apache.ratis.thirdparty.io.grpc.StatusRuntimeException: UNAVAILABLE: io exception
	at java.util.concurrent.FutureTask.report(FutureTask.java:122)
	at java.util.concurrent.FutureTask.get(FutureTask.java:192)
	at org.apache.ratis.server.impl.LeaderElection.waitForResults(LeaderElection.java:262)
	at org.apache.ratis.server.impl.LeaderElection.askForVotes(LeaderElection.java:200)
	at org.apache.ratis.server.impl.LeaderElection.run(LeaderElection.java:130)
	at java.lang.Thread.run(Thread.java:748)
Caused by: org.apache.ratis.thirdparty.io.grpc.StatusRuntimeException: UNAVAILABLE: io exception
	at org.apache.ratis.thirdparty.io.grpc.stub.ClientCalls.toStatusRuntimeException(ClientCalls.java:233)
	at org.apache.ratis.thirdparty.io.grpc.stub.ClientCalls.getUnchecked(ClientCalls.java:214)
	at org.apache.ratis.thirdparty.io.grpc.stub.ClientCalls.blockingUnaryCall(ClientCalls.java:139)
	at org.apache.ratis.proto.grpc.RaftServerProtocolServiceGrpc$RaftServerProtocolServiceBlockingStub.requestVote(RaftServerProtocolServiceGrpc.java:265)
	at org.apache.ratis.grpc.server.GrpcServerProtocolClient.requestVote(GrpcServerProtocolClient.java:83)
	at org.apache.ratis.grpc.server.GrpcService.requestVote(GrpcService.java:195)
	at org.apache.ratis.server.impl.LeaderElection.lambda$submitRequests$1(LeaderElection.java:237)
	at java.util.concurrent.FutureTask.run(FutureTask.java:266)
	at java.util.concurrent.Executors$RunnableAdapter.call(Executors.java:511)
	at java.util.concurrent.FutureTask.run(FutureTask.java:266)
	at java.util.concurrent.ThreadPoolExecutor.runWorker(ThreadPoolExecutor.java:1149)
	at java.util.concurrent.ThreadPoolExecutor$Worker.run(ThreadPoolExecutor.java:624)
	... 1 more
Caused by: org.apache.ratis.thirdparty.io.netty.channel.AbstractChannel$AnnotatedConnectException: Connection refused: /192.168.5.187:46544
	at sun.nio.ch.SocketChannelImpl.checkConnect(Native Method)
	at sun.nio.ch.SocketChannelImpl.finishConnect(SocketChannelImpl.java:717)
	at org.apache.ratis.thirdparty.io.netty.channel.socket.nio.NioSocketChannel.doFinishConnect(NioSocketChannel.java:327)
	at org.apache.ratis.thirdparty.io.netty.channel.nio.AbstractNioChannel$AbstractNioUnsafe.finishConnect(AbstractNioChannel.java:340)
	at org.apache.ratis.thirdparty.io.netty.channel.nio.NioEventLoop.processSelectedKey(NioEventLoop.java:632)
	at org.apache.ratis.thirdparty.io.netty.channel.nio.NioEventLoop.processSelectedKeysOptimized(NioEventLoop.java:579)
	at org.apache.ratis.thirdparty.io.netty.channel.nio.NioEventLoop.processSelectedKeys(NioEventLoop.java:496)
	at org.apache.ratis.thirdparty.io.netty.channel.nio.NioEventLoop.run(NioEventLoop.java:458)
	at org.apache.ratis.thirdparty.io.netty.util.concurrent.SingleThreadEventExecutor$5.run(SingleThreadEventExecutor.java:897)
	at org.apache.ratis.thirdparty.io.netty.util.concurrent.FastThreadLocalRunnable.run(FastThreadLocalRunnable.java:30)
	... 1 more
Caused by: java.net.ConnectException: Connection refused
	... 11 more
2019-08-30 13:30:21,500 [17eac7c6-5527-41ae-a3ec-0a2e795a5a04:group-6081EC5FEC8F:LeaderElection79] INFO  impl.RoleInfo (RoleInfo.java:shutdownLeaderElection(134)) - 17eac7c6-5527-41ae-a3ec-0a2e795a5a04: shutdown LeaderElection
2019-08-30 13:30:21,502 [17eac7c6-5527-41ae-a3ec-0a2e795a5a04:group-6081EC5FEC8F:LeaderElection79] INFO  impl.RoleInfo (RoleInfo.java:updateAndGet(143)) - 17eac7c6-5527-41ae-a3ec-0a2e795a5a04: start FollowerState
2019-08-30 13:30:21,504 [ce179378-4143-4946-9570-61adb5fbe2a3:group-6081EC5FEC8F:LeaderElection80] INFO  impl.LeaderElection (LeaderElection.java:logAndReturn(56)) - ce179378-4143-4946-9570-61adb5fbe2a3:group-6081EC5FEC8F:LeaderElection80: Election REJECTED; received 1 response(s) [ce179378-4143-4946-9570-61adb5fbe2a3<-17eac7c6-5527-41ae-a3ec-0a2e795a5a04#0:FAIL-t2] and 1 exception(s); ce179378-4143-4946-9570-61adb5fbe2a3:t2, leader=null, voted=ce179378-4143-4946-9570-61adb5fbe2a3, raftlog=ce179378-4143-4946-9570-61adb5fbe2a3-SegmentedRaftLog:OPENED:c16,f16,i16, conf=0: [ce179378-4143-4946-9570-61adb5fbe2a3:192.168.5.187:42060, 17eac7c6-5527-41ae-a3ec-0a2e795a5a04:192.168.5.187:35675, 88755f3d-3e87-497e-8a8d-202fed172cc3:192.168.5.187:46544], old=null
2019-08-30 13:30:21,504 [ce179378-4143-4946-9570-61adb5fbe2a3:group-6081EC5FEC8F:LeaderElection80] INFO  impl.LeaderElection (LogUtils.java:infoOrTrace(149)) -   Exception 0: {}
java.util.concurrent.ExecutionException: org.apache.ratis.thirdparty.io.grpc.StatusRuntimeException: UNAVAILABLE: io exception
	at java.util.concurrent.FutureTask.report(FutureTask.java:122)
	at java.util.concurrent.FutureTask.get(FutureTask.java:192)
	at org.apache.ratis.server.impl.LeaderElection.waitForResults(LeaderElection.java:262)
	at org.apache.ratis.server.impl.LeaderElection.askForVotes(LeaderElection.java:200)
	at org.apache.ratis.server.impl.LeaderElection.run(LeaderElection.java:130)
	at java.lang.Thread.run(Thread.java:748)
Caused by: org.apache.ratis.thirdparty.io.grpc.StatusRuntimeException: UNAVAILABLE: io exception
	at org.apache.ratis.thirdparty.io.grpc.stub.ClientCalls.toStatusRuntimeException(ClientCalls.java:233)
	at org.apache.ratis.thirdparty.io.grpc.stub.ClientCalls.getUnchecked(ClientCalls.java:214)
	at org.apache.ratis.thirdparty.io.grpc.stub.ClientCalls.blockingUnaryCall(ClientCalls.java:139)
	at org.apache.ratis.proto.grpc.RaftServerProtocolServiceGrpc$RaftServerProtocolServiceBlockingStub.requestVote(RaftServerProtocolServiceGrpc.java:265)
	at org.apache.ratis.grpc.server.GrpcServerProtocolClient.requestVote(GrpcServerProtocolClient.java:83)
	at org.apache.ratis.grpc.server.GrpcService.requestVote(GrpcService.java:195)
	at org.apache.ratis.server.impl.LeaderElection.lambda$submitRequests$1(LeaderElection.java:237)
	at java.util.concurrent.FutureTask.run(FutureTask.java:266)
	at java.util.concurrent.Executors$RunnableAdapter.call(Executors.java:511)
	at java.util.concurrent.FutureTask.run(FutureTask.java:266)
	at java.util.concurrent.ThreadPoolExecutor.runWorker(ThreadPoolExecutor.java:1149)
	at java.util.concurrent.ThreadPoolExecutor$Worker.run(ThreadPoolExecutor.java:624)
	... 1 more
Caused by: org.apache.ratis.thirdparty.io.netty.channel.AbstractChannel$AnnotatedConnectException: Connection refused: /192.168.5.187:46544
	at sun.nio.ch.SocketChannelImpl.checkConnect(Native Method)
	at sun.nio.ch.SocketChannelImpl.finishConnect(SocketChannelImpl.java:717)
	at org.apache.ratis.thirdparty.io.netty.channel.socket.nio.NioSocketChannel.doFinishConnect(NioSocketChannel.java:327)
	at org.apache.ratis.thirdparty.io.netty.channel.nio.AbstractNioChannel$AbstractNioUnsafe.finishConnect(AbstractNioChannel.java:340)
	at org.apache.ratis.thirdparty.io.netty.channel.nio.NioEventLoop.processSelectedKey(NioEventLoop.java:632)
	at org.apache.ratis.thirdparty.io.netty.channel.nio.NioEventLoop.processSelectedKeysOptimized(NioEventLoop.java:579)
	at org.apache.ratis.thirdparty.io.netty.channel.nio.NioEventLoop.processSelectedKeys(NioEventLoop.java:496)
	at org.apache.ratis.thirdparty.io.netty.channel.nio.NioEventLoop.run(NioEventLoop.java:458)
	at org.apache.ratis.thirdparty.io.netty.util.concurrent.SingleThreadEventExecutor$5.run(SingleThreadEventExecutor.java:897)
	at org.apache.ratis.thirdparty.io.netty.util.concurrent.FastThreadLocalRunnable.run(FastThreadLocalRunnable.java:30)
	... 1 more
Caused by: java.net.ConnectException: Connection refused
	... 11 more
2019-08-30 13:30:21,505 [ce179378-4143-4946-9570-61adb5fbe2a3:group-6081EC5FEC8F:LeaderElection80] INFO  impl.RaftServerImpl (RaftServerImpl.java:setRole(171)) - ce179378-4143-4946-9570-61adb5fbe2a3:group-6081EC5FEC8F changes role from CANDIDATE to FOLLOWER at term 2 for DISCOVERED_A_NEW_TERM
2019-08-30 13:30:21,505 [ce179378-4143-4946-9570-61adb5fbe2a3:group-6081EC5FEC8F:LeaderElection80] INFO  impl.RoleInfo (RoleInfo.java:shutdownLeaderElection(134)) - ce179378-4143-4946-9570-61adb5fbe2a3: shutdown LeaderElection
2019-08-30 13:30:21,505 [ce179378-4143-4946-9570-61adb5fbe2a3:group-6081EC5FEC8F:LeaderElection80] INFO  impl.RoleInfo (RoleInfo.java:updateAndGet(143)) - ce179378-4143-4946-9570-61adb5fbe2a3: start FollowerState
2019-08-30 13:30:21,556 [grpc-default-executor-12] INFO  client.GrpcClientProtocolClient (GrpcClientProtocolClient.java:onNext(255)) - client-4649EAAEC38A->17eac7c6-5527-41ae-a3ec-0a2e795a5a04: receive RaftClientReply:client-4649EAAEC38A->17eac7c6-5527-41ae-a3ec-0a2e795a5a04@group-6081EC5FEC8F, cid=184, FAILED org.apache.ratis.protocol.NotLeaderException: Server 17eac7c6-5527-41ae-a3ec-0a2e795a5a04 is not the leader (null). Request must be sent to leader., logIndex=0, commits[17eac7c6-5527-41ae-a3ec-0a2e795a5a04:c16, ce179378-4143-4946-9570-61adb5fbe2a3:c16, 88755f3d-3e87-497e-8a8d-202fed172cc3:c16]
2019-08-30 13:30:23,566 [grpc-default-executor-10] INFO  client.GrpcClientProtocolClient (GrpcClientProtocolClient.java:onNext(255)) - client-4649EAAEC38A->17eac7c6-5527-41ae-a3ec-0a2e795a5a04: receive RaftClientReply:client-4649EAAEC38A->17eac7c6-5527-41ae-a3ec-0a2e795a5a04@group-6081EC5FEC8F, cid=184, FAILED org.apache.ratis.protocol.NotLeaderException: Server 17eac7c6-5527-41ae-a3ec-0a2e795a5a04 is not the leader (null). Request must be sent to leader., logIndex=0, commits[17eac7c6-5527-41ae-a3ec-0a2e795a5a04:c16, ce179378-4143-4946-9570-61adb5fbe2a3:c16, 88755f3d-3e87-497e-8a8d-202fed172cc3:c16]
2019-08-30 13:30:25,577 [grpc-default-executor-12] INFO  client.GrpcClientProtocolClient (GrpcClientProtocolClient.java:onNext(255)) - client-4649EAAEC38A->17eac7c6-5527-41ae-a3ec-0a2e795a5a04: receive RaftClientReply:client-4649EAAEC38A->17eac7c6-5527-41ae-a3ec-0a2e795a5a04@group-6081EC5FEC8F, cid=184, FAILED org.apache.ratis.protocol.NotLeaderException: Server 17eac7c6-5527-41ae-a3ec-0a2e795a5a04 is not the leader (null). Request must be sent to leader., logIndex=0, commits[17eac7c6-5527-41ae-a3ec-0a2e795a5a04:c16, ce179378-4143-4946-9570-61adb5fbe2a3:c16, 88755f3d-3e87-497e-8a8d-202fed172cc3:c16]
2019-08-30 13:30:26,591 [grpc-default-executor-10] INFO  client.GrpcClientProtocolClient (GrpcClientProtocolClient.java:onNext(255)) - client-4649EAAEC38A->ce179378-4143-4946-9570-61adb5fbe2a3: receive RaftClientReply:client-4649EAAEC38A->ce179378-4143-4946-9570-61adb5fbe2a3@group-6081EC5FEC8F, cid=184, FAILED org.apache.ratis.protocol.NotLeaderException: Server ce179378-4143-4946-9570-61adb5fbe2a3 is not the leader (null). Request must be sent to leader., logIndex=0, commits[ce179378-4143-4946-9570-61adb5fbe2a3:c16, 17eac7c6-5527-41ae-a3ec-0a2e795a5a04:c16, 88755f3d-3e87-497e-8a8d-202fed172cc3:c16]
2019-08-30 13:30:26,674 [Thread-3786] INFO  impl.FollowerState (FollowerState.java:run(106)) - ce179378-4143-4946-9570-61adb5fbe2a3:group-6081EC5FEC8F changes to CANDIDATE, lastRpcTime:5169, electionTimeout:5169ms
2019-08-30 13:30:26,675 [Thread-3786] INFO  impl.RoleInfo (RoleInfo.java:shutdownFollowerState(121)) - ce179378-4143-4946-9570-61adb5fbe2a3: shutdown FollowerState
2019-08-30 13:30:26,675 [Thread-3786] INFO  impl.RaftServerImpl (RaftServerImpl.java:setRole(171)) - ce179378-4143-4946-9570-61adb5fbe2a3:group-6081EC5FEC8F changes role from FOLLOWER to CANDIDATE at term 2 for changeToCandidate
2019-08-30 13:30:26,675 [Thread-3786] INFO  impl.RoleInfo (RoleInfo.java:updateAndGet(143)) - ce179378-4143-4946-9570-61adb5fbe2a3: start LeaderElection
2019-08-30 13:30:26,690 [Thread-3785] INFO  impl.FollowerState (FollowerState.java:run(106)) - 17eac7c6-5527-41ae-a3ec-0a2e795a5a04:group-6081EC5FEC8F changes to CANDIDATE, lastRpcTime:5188, electionTimeout:5188ms
2019-08-30 13:30:26,691 [Thread-3785] INFO  impl.RoleInfo (RoleInfo.java:shutdownFollowerState(121)) - 17eac7c6-5527-41ae-a3ec-0a2e795a5a04: shutdown FollowerState
2019-08-30 13:30:26,691 [Thread-3785] INFO  impl.RaftServerImpl (RaftServerImpl.java:setRole(171)) - 17eac7c6-5527-41ae-a3ec-0a2e795a5a04:group-6081EC5FEC8F changes role from FOLLOWER to CANDIDATE at term 2 for changeToCandidate
2019-08-30 13:30:26,691 [Thread-3785] INFO  impl.RoleInfo (RoleInfo.java:updateAndGet(143)) - 17eac7c6-5527-41ae-a3ec-0a2e795a5a04: start LeaderElection
2019-08-30 13:30:26,691 [ce179378-4143-4946-9570-61adb5fbe2a3:group-6081EC5FEC8F:LeaderElection81] INFO  impl.LeaderElection (LeaderElection.java:askForVotes(181)) - ce179378-4143-4946-9570-61adb5fbe2a3:group-6081EC5FEC8F:LeaderElection81: begin an election at term 3 for 0: [ce179378-4143-4946-9570-61adb5fbe2a3:192.168.5.187:42060, 17eac7c6-5527-41ae-a3ec-0a2e795a5a04:192.168.5.187:35675, 88755f3d-3e87-497e-8a8d-202fed172cc3:192.168.5.187:46544], old=null
2019-08-30 13:30:26,693 [ce179378-4143-4946-9570-61adb5fbe2a3:group-6081EC5FEC8F:LeaderElection81] INFO  impl.LeaderElection (LogUtils.java:infoOrTrace(149)) - ce179378-4143-4946-9570-61adb5fbe2a3:group-6081EC5FEC8F:LeaderElection81 got exception when requesting votes: {}
java.util.concurrent.ExecutionException: org.apache.ratis.thirdparty.io.grpc.StatusRuntimeException: UNAVAILABLE: io exception
	at java.util.concurrent.FutureTask.report(FutureTask.java:122)
	at java.util.concurrent.FutureTask.get(FutureTask.java:192)
	at org.apache.ratis.server.impl.LeaderElection.waitForResults(LeaderElection.java:262)
	at org.apache.ratis.server.impl.LeaderElection.askForVotes(LeaderElection.java:200)
	at org.apache.ratis.server.impl.LeaderElection.run(LeaderElection.java:130)
	at java.lang.Thread.run(Thread.java:748)
Caused by: org.apache.ratis.thirdparty.io.grpc.StatusRuntimeException: UNAVAILABLE: io exception
	at org.apache.ratis.thirdparty.io.grpc.stub.ClientCalls.toStatusRuntimeException(ClientCalls.java:233)
	at org.apache.ratis.thirdparty.io.grpc.stub.ClientCalls.getUnchecked(ClientCalls.java:214)
	at org.apache.ratis.thirdparty.io.grpc.stub.ClientCalls.blockingUnaryCall(ClientCalls.java:139)
	at org.apache.ratis.proto.grpc.RaftServerProtocolServiceGrpc$RaftServerProtocolServiceBlockingStub.requestVote(RaftServerProtocolServiceGrpc.java:265)
	at org.apache.ratis.grpc.server.GrpcServerProtocolClient.requestVote(GrpcServerProtocolClient.java:83)
	at org.apache.ratis.grpc.server.GrpcService.requestVote(GrpcService.java:195)
	at org.apache.ratis.server.impl.LeaderElection.lambda$submitRequests$1(LeaderElection.java:237)
	at java.util.concurrent.FutureTask.run(FutureTask.java:266)
	at java.util.concurrent.Executors$RunnableAdapter.call(Executors.java:511)
	at java.util.concurrent.FutureTask.run(FutureTask.java:266)
	at java.util.concurrent.ThreadPoolExecutor.runWorker(ThreadPoolExecutor.java:1149)
	at java.util.concurrent.ThreadPoolExecutor$Worker.run(ThreadPoolExecutor.java:624)
	... 1 more
Caused by: org.apache.ratis.thirdparty.io.netty.channel.AbstractChannel$AnnotatedConnectException: Connection refused: /192.168.5.187:46544
	at sun.nio.ch.SocketChannelImpl.checkConnect(Native Method)
	at sun.nio.ch.SocketChannelImpl.finishConnect(SocketChannelImpl.java:717)
	at org.apache.ratis.thirdparty.io.netty.channel.socket.nio.NioSocketChannel.doFinishConnect(NioSocketChannel.java:327)
	at org.apache.ratis.thirdparty.io.netty.channel.nio.AbstractNioChannel$AbstractNioUnsafe.finishConnect(AbstractNioChannel.java:340)
	at org.apache.ratis.thirdparty.io.netty.channel.nio.NioEventLoop.processSelectedKey(NioEventLoop.java:632)
	at org.apache.ratis.thirdparty.io.netty.channel.nio.NioEventLoop.processSelectedKeysOptimized(NioEventLoop.java:579)
	at org.apache.ratis.thirdparty.io.netty.channel.nio.NioEventLoop.processSelectedKeys(NioEventLoop.java:496)
	at org.apache.ratis.thirdparty.io.netty.channel.nio.NioEventLoop.run(NioEventLoop.java:458)
	at org.apache.ratis.thirdparty.io.netty.util.concurrent.SingleThreadEventExecutor$5.run(SingleThreadEventExecutor.java:897)
	at org.apache.ratis.thirdparty.io.netty.util.concurrent.FastThreadLocalRunnable.run(FastThreadLocalRunnable.java:30)
	... 1 more
Caused by: java.net.ConnectException: Connection refused
	... 11 more
2019-08-30 13:30:26,706 [17eac7c6-5527-41ae-a3ec-0a2e795a5a04:group-6081EC5FEC8F:LeaderElection82] INFO  impl.LeaderElection (LeaderElection.java:askForVotes(181)) - 17eac7c6-5527-41ae-a3ec-0a2e795a5a04:group-6081EC5FEC8F:LeaderElection82: begin an election at term 3 for 0: [ce179378-4143-4946-9570-61adb5fbe2a3:192.168.5.187:42060, 17eac7c6-5527-41ae-a3ec-0a2e795a5a04:192.168.5.187:35675, 88755f3d-3e87-497e-8a8d-202fed172cc3:192.168.5.187:46544], old=null
2019-08-30 13:30:26,707 [ce179378-4143-4946-9570-61adb5fbe2a3:group-6081EC5FEC8F:LeaderElection81] INFO  impl.LeaderElection (LeaderElection.java:logAndReturn(56)) - ce179378-4143-4946-9570-61adb5fbe2a3:group-6081EC5FEC8F:LeaderElection81: Election REJECTED; received 1 response(s) [ce179378-4143-4946-9570-61adb5fbe2a3<-17eac7c6-5527-41ae-a3ec-0a2e795a5a04#0:FAIL-t3] and 1 exception(s); ce179378-4143-4946-9570-61adb5fbe2a3:t3, leader=null, voted=ce179378-4143-4946-9570-61adb5fbe2a3, raftlog=ce179378-4143-4946-9570-61adb5fbe2a3-SegmentedRaftLog:OPENED:c16,f16,i16, conf=0: [ce179378-4143-4946-9570-61adb5fbe2a3:192.168.5.187:42060, 17eac7c6-5527-41ae-a3ec-0a2e795a5a04:192.168.5.187:35675, 88755f3d-3e87-497e-8a8d-202fed172cc3:192.168.5.187:46544], old=null
2019-08-30 13:30:26,707 [17eac7c6-5527-41ae-a3ec-0a2e795a5a04:group-6081EC5FEC8F:LeaderElection82] INFO  impl.LeaderElection (LogUtils.java:infoOrTrace(149)) - 17eac7c6-5527-41ae-a3ec-0a2e795a5a04:group-6081EC5FEC8F:LeaderElection82 got exception when requesting votes: {}
java.util.concurrent.ExecutionException: org.apache.ratis.thirdparty.io.grpc.StatusRuntimeException: UNAVAILABLE: io exception
	at java.util.concurrent.FutureTask.report(FutureTask.java:122)
	at java.util.concurrent.FutureTask.get(FutureTask.java:192)
	at org.apache.ratis.server.impl.LeaderElection.waitForResults(LeaderElection.java:262)
	at org.apache.ratis.server.impl.LeaderElection.askForVotes(LeaderElection.java:200)
	at org.apache.ratis.server.impl.LeaderElection.run(LeaderElection.java:130)
	at java.lang.Thread.run(Thread.java:748)
Caused by: org.apache.ratis.thirdparty.io.grpc.StatusRuntimeException: UNAVAILABLE: io exception
	at org.apache.ratis.thirdparty.io.grpc.stub.ClientCalls.toStatusRuntimeException(ClientCalls.java:233)
	at org.apache.ratis.thirdparty.io.grpc.stub.ClientCalls.getUnchecked(ClientCalls.java:214)
	at org.apache.ratis.thirdparty.io.grpc.stub.ClientCalls.blockingUnaryCall(ClientCalls.java:139)
	at org.apache.ratis.proto.grpc.RaftServerProtocolServiceGrpc$RaftServerProtocolServiceBlockingStub.requestVote(RaftServerProtocolServiceGrpc.java:265)
	at org.apache.ratis.grpc.server.GrpcServerProtocolClient.requestVote(GrpcServerProtocolClient.java:83)
	at org.apache.ratis.grpc.server.GrpcService.requestVote(GrpcService.java:195)
	at org.apache.ratis.server.impl.LeaderElection.lambda$submitRequests$1(LeaderElection.java:237)
	at java.util.concurrent.FutureTask.run(FutureTask.java:266)
	at java.util.concurrent.Executors$RunnableAdapter.call(Executors.java:511)
	at java.util.concurrent.FutureTask.run(FutureTask.java:266)
	at java.util.concurrent.ThreadPoolExecutor.runWorker(ThreadPoolExecutor.java:1149)
	at java.util.concurrent.ThreadPoolExecutor$Worker.run(ThreadPoolExecutor.java:624)
	... 1 more
Caused by: org.apache.ratis.thirdparty.io.netty.channel.AbstractChannel$AnnotatedConnectException: Connection refused: /192.168.5.187:46544
	at sun.nio.ch.SocketChannelImpl.checkConnect(Native Method)
	at sun.nio.ch.SocketChannelImpl.finishConnect(SocketChannelImpl.java:717)
	at org.apache.ratis.thirdparty.io.netty.channel.socket.nio.NioSocketChannel.doFinishConnect(NioSocketChannel.java:327)
	at org.apache.ratis.thirdparty.io.netty.channel.nio.AbstractNioChannel$AbstractNioUnsafe.finishConnect(AbstractNioChannel.java:340)
	at org.apache.ratis.thirdparty.io.netty.channel.nio.NioEventLoop.processSelectedKey(NioEventLoop.java:632)
	at org.apache.ratis.thirdparty.io.netty.channel.nio.NioEventLoop.processSelectedKeysOptimized(NioEventLoop.java:579)
	at org.apache.ratis.thirdparty.io.netty.channel.nio.NioEventLoop.processSelectedKeys(NioEventLoop.java:496)
	at org.apache.ratis.thirdparty.io.netty.channel.nio.NioEventLoop.run(NioEventLoop.java:458)
	at org.apache.ratis.thirdparty.io.netty.util.concurrent.SingleThreadEventExecutor$5.run(SingleThreadEventExecutor.java:897)
	at org.apache.ratis.thirdparty.io.netty.util.concurrent.FastThreadLocalRunnable.run(FastThreadLocalRunnable.java:30)
	... 1 more
Caused by: java.net.ConnectException: Connection refused
	... 11 more
2019-08-30 13:30:26,707 [ce179378-4143-4946-9570-61adb5fbe2a3:group-6081EC5FEC8F:LeaderElection81] INFO  impl.LeaderElection (LogUtils.java:infoOrTrace(149)) -   Exception 0: {}
java.util.concurrent.ExecutionException: org.apache.ratis.thirdparty.io.grpc.StatusRuntimeException: UNAVAILABLE: io exception
	at java.util.concurrent.FutureTask.report(FutureTask.java:122)
	at java.util.concurrent.FutureTask.get(FutureTask.java:192)
	at org.apache.ratis.server.impl.LeaderElection.waitForResults(LeaderElection.java:262)
	at org.apache.ratis.server.impl.LeaderElection.askForVotes(LeaderElection.java:200)
	at org.apache.ratis.server.impl.LeaderElection.run(LeaderElection.java:130)
	at java.lang.Thread.run(Thread.java:748)
Caused by: org.apache.ratis.thirdparty.io.grpc.StatusRuntimeException: UNAVAILABLE: io exception
	at org.apache.ratis.thirdparty.io.grpc.stub.ClientCalls.toStatusRuntimeException(ClientCalls.java:233)
	at org.apache.ratis.thirdparty.io.grpc.stub.ClientCalls.getUnchecked(ClientCalls.java:214)
	at org.apache.ratis.thirdparty.io.grpc.stub.ClientCalls.blockingUnaryCall(ClientCalls.java:139)
	at org.apache.ratis.proto.grpc.RaftServerProtocolServiceGrpc$RaftServerProtocolServiceBlockingStub.requestVote(RaftServerProtocolServiceGrpc.java:265)
	at org.apache.ratis.grpc.server.GrpcServerProtocolClient.requestVote(GrpcServerProtocolClient.java:83)
	at org.apache.ratis.grpc.server.GrpcService.requestVote(GrpcService.java:195)
	at org.apache.ratis.server.impl.LeaderElection.lambda$submitRequests$1(LeaderElection.java:237)
	at java.util.concurrent.FutureTask.run(FutureTask.java:266)
	at java.util.concurrent.Executors$RunnableAdapter.call(Executors.java:511)
	at java.util.concurrent.FutureTask.run(FutureTask.java:266)
	at java.util.concurrent.ThreadPoolExecutor.runWorker(ThreadPoolExecutor.java:1149)
	at java.util.concurrent.ThreadPoolExecutor$Worker.run(ThreadPoolExecutor.java:624)
	... 1 more
Caused by: org.apache.ratis.thirdparty.io.netty.channel.AbstractChannel$AnnotatedConnectException: Connection refused: /192.168.5.187:46544
	at sun.nio.ch.SocketChannelImpl.checkConnect(Native Method)
	at sun.nio.ch.SocketChannelImpl.finishConnect(SocketChannelImpl.java:717)
	at org.apache.ratis.thirdparty.io.netty.channel.socket.nio.NioSocketChannel.doFinishConnect(NioSocketChannel.java:327)
	at org.apache.ratis.thirdparty.io.netty.channel.nio.AbstractNioChannel$AbstractNioUnsafe.finishConnect(AbstractNioChannel.java:340)
	at org.apache.ratis.thirdparty.io.netty.channel.nio.NioEventLoop.processSelectedKey(NioEventLoop.java:632)
	at org.apache.ratis.thirdparty.io.netty.channel.nio.NioEventLoop.processSelectedKeysOptimized(NioEventLoop.java:579)
	at org.apache.ratis.thirdparty.io.netty.channel.nio.NioEventLoop.processSelectedKeys(NioEventLoop.java:496)
	at org.apache.ratis.thirdparty.io.netty.channel.nio.NioEventLoop.run(NioEventLoop.java:458)
	at org.apache.ratis.thirdparty.io.netty.util.concurrent.SingleThreadEventExecutor$5.run(SingleThreadEventExecutor.java:897)
	at org.apache.ratis.thirdparty.io.netty.util.concurrent.FastThreadLocalRunnable.run(FastThreadLocalRunnable.java:30)
	... 1 more
Caused by: java.net.ConnectException: Connection refused
	... 11 more
2019-08-30 13:30:26,709 [ce179378-4143-4946-9570-61adb5fbe2a3:group-6081EC5FEC8F:LeaderElection81] INFO  impl.RaftServerImpl (RaftServerImpl.java:setRole(171)) - ce179378-4143-4946-9570-61adb5fbe2a3:group-6081EC5FEC8F changes role from CANDIDATE to FOLLOWER at term 3 for DISCOVERED_A_NEW_TERM
2019-08-30 13:30:26,709 [ce179378-4143-4946-9570-61adb5fbe2a3:group-6081EC5FEC8F:LeaderElection81] INFO  impl.RoleInfo (RoleInfo.java:shutdownLeaderElection(134)) - ce179378-4143-4946-9570-61adb5fbe2a3: shutdown LeaderElection
2019-08-30 13:30:26,710 [ce179378-4143-4946-9570-61adb5fbe2a3:group-6081EC5FEC8F:LeaderElection81] INFO  impl.RoleInfo (RoleInfo.java:updateAndGet(143)) - ce179378-4143-4946-9570-61adb5fbe2a3: start FollowerState
2019-08-30 13:30:26,710 [17eac7c6-5527-41ae-a3ec-0a2e795a5a04:group-6081EC5FEC8F:LeaderElection82] INFO  impl.LeaderElection (LeaderElection.java:logAndReturn(56)) - 17eac7c6-5527-41ae-a3ec-0a2e795a5a04:group-6081EC5FEC8F:LeaderElection82: Election REJECTED; received 1 response(s) [17eac7c6-5527-41ae-a3ec-0a2e795a5a04<-ce179378-4143-4946-9570-61adb5fbe2a3#0:FAIL-t3] and 1 exception(s); 17eac7c6-5527-41ae-a3ec-0a2e795a5a04:t3, leader=null, voted=17eac7c6-5527-41ae-a3ec-0a2e795a5a04, raftlog=17eac7c6-5527-41ae-a3ec-0a2e795a5a04-SegmentedRaftLog:OPENED:c16,f16,i16, conf=0: [ce179378-4143-4946-9570-61adb5fbe2a3:192.168.5.187:42060, 17eac7c6-5527-41ae-a3ec-0a2e795a5a04:192.168.5.187:35675, 88755f3d-3e87-497e-8a8d-202fed172cc3:192.168.5.187:46544], old=null
2019-08-30 13:30:26,710 [17eac7c6-5527-41ae-a3ec-0a2e795a5a04:group-6081EC5FEC8F:LeaderElection82] INFO  impl.LeaderElection (LogUtils.java:infoOrTrace(149)) -   Exception 0: {}
java.util.concurrent.ExecutionException: org.apache.ratis.thirdparty.io.grpc.StatusRuntimeException: UNAVAILABLE: io exception
	at java.util.concurrent.FutureTask.report(FutureTask.java:122)
	at java.util.concurrent.FutureTask.get(FutureTask.java:192)
	at org.apache.ratis.server.impl.LeaderElection.waitForResults(LeaderElection.java:262)
	at org.apache.ratis.server.impl.LeaderElection.askForVotes(LeaderElection.java:200)
	at org.apache.ratis.server.impl.LeaderElection.run(LeaderElection.java:130)
	at java.lang.Thread.run(Thread.java:748)
Caused by: org.apache.ratis.thirdparty.io.grpc.StatusRuntimeException: UNAVAILABLE: io exception
	at org.apache.ratis.thirdparty.io.grpc.stub.ClientCalls.toStatusRuntimeException(ClientCalls.java:233)
	at org.apache.ratis.thirdparty.io.grpc.stub.ClientCalls.getUnchecked(ClientCalls.java:214)
	at org.apache.ratis.thirdparty.io.grpc.stub.ClientCalls.blockingUnaryCall(ClientCalls.java:139)
	at org.apache.ratis.proto.grpc.RaftServerProtocolServiceGrpc$RaftServerProtocolServiceBlockingStub.requestVote(RaftServerProtocolServiceGrpc.java:265)
	at org.apache.ratis.grpc.server.GrpcServerProtocolClient.requestVote(GrpcServerProtocolClient.java:83)
	at org.apache.ratis.grpc.server.GrpcService.requestVote(GrpcService.java:195)
	at org.apache.ratis.server.impl.LeaderElection.lambda$submitRequests$1(LeaderElection.java:237)
	at java.util.concurrent.FutureTask.run(FutureTask.java:266)
	at java.util.concurrent.Executors$RunnableAdapter.call(Executors.java:511)
	at java.util.concurrent.FutureTask.run(FutureTask.java:266)
	at java.util.concurrent.ThreadPoolExecutor.runWorker(ThreadPoolExecutor.java:1149)
	at java.util.concurrent.ThreadPoolExecutor$Worker.run(ThreadPoolExecutor.java:624)
	... 1 more
Caused by: org.apache.ratis.thirdparty.io.netty.channel.AbstractChannel$AnnotatedConnectException: Connection refused: /192.168.5.187:46544
	at sun.nio.ch.SocketChannelImpl.checkConnect(Native Method)
	at sun.nio.ch.SocketChannelImpl.finishConnect(SocketChannelImpl.java:717)
	at org.apache.ratis.thirdparty.io.netty.channel.socket.nio.NioSocketChannel.doFinishConnect(NioSocketChannel.java:327)
	at org.apache.ratis.thirdparty.io.netty.channel.nio.AbstractNioChannel$AbstractNioUnsafe.finishConnect(AbstractNioChannel.java:340)
	at org.apache.ratis.thirdparty.io.netty.channel.nio.NioEventLoop.processSelectedKey(NioEventLoop.java:632)
	at org.apache.ratis.thirdparty.io.netty.channel.nio.NioEventLoop.processSelectedKeysOptimized(NioEventLoop.java:579)
	at org.apache.ratis.thirdparty.io.netty.channel.nio.NioEventLoop.processSelectedKeys(NioEventLoop.java:496)
	at org.apache.ratis.thirdparty.io.netty.channel.nio.NioEventLoop.run(NioEventLoop.java:458)
	at org.apache.ratis.thirdparty.io.netty.util.concurrent.SingleThreadEventExecutor$5.run(SingleThreadEventExecutor.java:897)
	at org.apache.ratis.thirdparty.io.netty.util.concurrent.FastThreadLocalRunnable.run(FastThreadLocalRunnable.java:30)
	... 1 more
Caused by: java.net.ConnectException: Connection refused
	... 11 more
2019-08-30 13:30:26,710 [17eac7c6-5527-41ae-a3ec-0a2e795a5a04:group-6081EC5FEC8F:LeaderElection82] INFO  impl.RaftServerImpl (RaftServerImpl.java:setRole(171)) - 17eac7c6-5527-41ae-a3ec-0a2e795a5a04:group-6081EC5FEC8F changes role from CANDIDATE to FOLLOWER at term 3 for DISCOVERED_A_NEW_TERM
2019-08-30 13:30:26,710 [17eac7c6-5527-41ae-a3ec-0a2e795a5a04:group-6081EC5FEC8F:LeaderElection82] INFO  impl.RoleInfo (RoleInfo.java:shutdownLeaderElection(134)) - 17eac7c6-5527-41ae-a3ec-0a2e795a5a04: shutdown LeaderElection
2019-08-30 13:30:26,710 [17eac7c6-5527-41ae-a3ec-0a2e795a5a04:group-6081EC5FEC8F:LeaderElection82] INFO  impl.RoleInfo (RoleInfo.java:updateAndGet(143)) - 17eac7c6-5527-41ae-a3ec-0a2e795a5a04: start FollowerState
2019-08-30 13:30:28,602 [grpc-default-executor-16] INFO  client.GrpcClientProtocolClient (GrpcClientProtocolClient.java:onNext(255)) - client-4649EAAEC38A->17eac7c6-5527-41ae-a3ec-0a2e795a5a04: receive RaftClientReply:client-4649EAAEC38A->17eac7c6-5527-41ae-a3ec-0a2e795a5a04@group-6081EC5FEC8F, cid=184, FAILED org.apache.ratis.protocol.NotLeaderException: Server 17eac7c6-5527-41ae-a3ec-0a2e795a5a04 is not the leader (null). Request must be sent to leader., logIndex=0, commits[17eac7c6-5527-41ae-a3ec-0a2e795a5a04:c16, ce179378-4143-4946-9570-61adb5fbe2a3:c16, 88755f3d-3e87-497e-8a8d-202fed172cc3:c16]
2019-08-30 13:30:29,614 [grpc-default-executor-10] INFO  client.GrpcClientProtocolClient (GrpcClientProtocolClient.java:onNext(255)) - client-4649EAAEC38A->ce179378-4143-4946-9570-61adb5fbe2a3: receive RaftClientReply:client-4649EAAEC38A->ce179378-4143-4946-9570-61adb5fbe2a3@group-6081EC5FEC8F, cid=184, FAILED org.apache.ratis.protocol.NotLeaderException: Server ce179378-4143-4946-9570-61adb5fbe2a3 is not the leader (null). Request must be sent to leader., logIndex=0, commits[ce179378-4143-4946-9570-61adb5fbe2a3:c16, 17eac7c6-5527-41ae-a3ec-0a2e795a5a04:c16, 88755f3d-3e87-497e-8a8d-202fed172cc3:c16]
2019-08-30 13:30:30,626 [grpc-default-executor-16] INFO  client.GrpcClientProtocolClient (GrpcClientProtocolClient.java:onNext(255)) - client-4649EAAEC38A->17eac7c6-5527-41ae-a3ec-0a2e795a5a04: receive RaftClientReply:client-4649EAAEC38A->17eac7c6-5527-41ae-a3ec-0a2e795a5a04@group-6081EC5FEC8F, cid=184, FAILED org.apache.ratis.protocol.NotLeaderException: Server 17eac7c6-5527-41ae-a3ec-0a2e795a5a04 is not the leader (null). Request must be sent to leader., logIndex=0, commits[17eac7c6-5527-41ae-a3ec-0a2e795a5a04:c16, ce179378-4143-4946-9570-61adb5fbe2a3:c16, 88755f3d-3e87-497e-8a8d-202fed172cc3:c16]
2019-08-30 13:30:31,757 [Thread-3817] INFO  impl.FollowerState (FollowerState.java:run(106)) - 17eac7c6-5527-41ae-a3ec-0a2e795a5a04:group-6081EC5FEC8F changes to CANDIDATE, lastRpcTime:5046, electionTimeout:5046ms
2019-08-30 13:30:31,757 [Thread-3817] INFO  impl.RoleInfo (RoleInfo.java:shutdownFollowerState(121)) - 17eac7c6-5527-41ae-a3ec-0a2e795a5a04: shutdown FollowerState
2019-08-30 13:30:31,757 [Thread-3817] INFO  impl.RaftServerImpl (RaftServerImpl.java:setRole(171)) - 17eac7c6-5527-41ae-a3ec-0a2e795a5a04:group-6081EC5FEC8F changes role from FOLLOWER to CANDIDATE at term 3 for changeToCandidate
2019-08-30 13:30:31,757 [Thread-3817] INFO  impl.RoleInfo (RoleInfo.java:updateAndGet(143)) - 17eac7c6-5527-41ae-a3ec-0a2e795a5a04: start LeaderElection
2019-08-30 13:30:31,775 [17eac7c6-5527-41ae-a3ec-0a2e795a5a04:group-6081EC5FEC8F:LeaderElection83] INFO  impl.LeaderElection (LeaderElection.java:askForVotes(181)) - 17eac7c6-5527-41ae-a3ec-0a2e795a5a04:group-6081EC5FEC8F:LeaderElection83: begin an election at term 4 for 0: [ce179378-4143-4946-9570-61adb5fbe2a3:192.168.5.187:42060, 17eac7c6-5527-41ae-a3ec-0a2e795a5a04:192.168.5.187:35675, 88755f3d-3e87-497e-8a8d-202fed172cc3:192.168.5.187:46544], old=null
2019-08-30 13:30:31,776 [17eac7c6-5527-41ae-a3ec-0a2e795a5a04:group-6081EC5FEC8F:LeaderElection83] INFO  impl.LeaderElection (LogUtils.java:infoOrTrace(149)) - 17eac7c6-5527-41ae-a3ec-0a2e795a5a04:group-6081EC5FEC8F:LeaderElection83 got exception when requesting votes: {}
java.util.concurrent.ExecutionException: org.apache.ratis.thirdparty.io.grpc.StatusRuntimeException: UNAVAILABLE: io exception
	at java.util.concurrent.FutureTask.report(FutureTask.java:122)
	at java.util.concurrent.FutureTask.get(FutureTask.java:192)
	at org.apache.ratis.server.impl.LeaderElection.waitForResults(LeaderElection.java:262)
	at org.apache.ratis.server.impl.LeaderElection.askForVotes(LeaderElection.java:200)
	at org.apache.ratis.server.impl.LeaderElection.run(LeaderElection.java:130)
	at java.lang.Thread.run(Thread.java:748)
Caused by: org.apache.ratis.thirdparty.io.grpc.StatusRuntimeException: UNAVAILABLE: io exception
	at org.apache.ratis.thirdparty.io.grpc.stub.ClientCalls.toStatusRuntimeException(ClientCalls.java:233)
	at org.apache.ratis.thirdparty.io.grpc.stub.ClientCalls.getUnchecked(ClientCalls.java:214)
	at org.apache.ratis.thirdparty.io.grpc.stub.ClientCalls.blockingUnaryCall(ClientCalls.java:139)
	at org.apache.ratis.proto.grpc.RaftServerProtocolServiceGrpc$RaftServerProtocolServiceBlockingStub.requestVote(RaftServerProtocolServiceGrpc.java:265)
	at org.apache.ratis.grpc.server.GrpcServerProtocolClient.requestVote(GrpcServerProtocolClient.java:83)
	at org.apache.ratis.grpc.server.GrpcService.requestVote(GrpcService.java:195)
	at org.apache.ratis.server.impl.LeaderElection.lambda$submitRequests$1(LeaderElection.java:237)
	at java.util.concurrent.FutureTask.run(FutureTask.java:266)
	at java.util.concurrent.Executors$RunnableAdapter.call(Executors.java:511)
	at java.util.concurrent.FutureTask.run(FutureTask.java:266)
	at java.util.concurrent.ThreadPoolExecutor.runWorker(ThreadPoolExecutor.java:1149)
	at java.util.concurrent.ThreadPoolExecutor$Worker.run(ThreadPoolExecutor.java:624)
	... 1 more
Caused by: org.apache.ratis.thirdparty.io.netty.channel.AbstractChannel$AnnotatedConnectException: Connection refused: /192.168.5.187:46544
	at sun.nio.ch.SocketChannelImpl.checkConnect(Native Method)
	at sun.nio.ch.SocketChannelImpl.finishConnect(SocketChannelImpl.java:717)
	at org.apache.ratis.thirdparty.io.netty.channel.socket.nio.NioSocketChannel.doFinishConnect(NioSocketChannel.java:327)
	at org.apache.ratis.thirdparty.io.netty.channel.nio.AbstractNioChannel$AbstractNioUnsafe.finishConnect(AbstractNioChannel.java:340)
	at org.apache.ratis.thirdparty.io.netty.channel.nio.NioEventLoop.processSelectedKey(NioEventLoop.java:632)
	at org.apache.ratis.thirdparty.io.netty.channel.nio.NioEventLoop.processSelectedKeysOptimized(NioEventLoop.java:579)
	at org.apache.ratis.thirdparty.io.netty.channel.nio.NioEventLoop.processSelectedKeys(NioEventLoop.java:496)
	at org.apache.ratis.thirdparty.io.netty.channel.nio.NioEventLoop.run(NioEventLoop.java:458)
	at org.apache.ratis.thirdparty.io.netty.util.concurrent.SingleThreadEventExecutor$5.run(SingleThreadEventExecutor.java:897)
	at org.apache.ratis.thirdparty.io.netty.util.concurrent.FastThreadLocalRunnable.run(FastThreadLocalRunnable.java:30)
	... 1 more
Caused by: java.net.ConnectException: Connection refused
	... 11 more
2019-08-30 13:30:31,780 [grpc-default-executor-16] INFO  impl.RaftServerImpl (RaftServerImpl.java:setRole(171)) - ce179378-4143-4946-9570-61adb5fbe2a3:group-6081EC5FEC8F changes role from FOLLOWER to FOLLOWER at term 4 for recognizeCandidate:17eac7c6-5527-41ae-a3ec-0a2e795a5a04
2019-08-30 13:30:31,780 [grpc-default-executor-16] INFO  impl.RoleInfo (RoleInfo.java:shutdownFollowerState(121)) - ce179378-4143-4946-9570-61adb5fbe2a3: shutdown FollowerState
2019-08-30 13:30:31,780 [grpc-default-executor-16] INFO  impl.RoleInfo (RoleInfo.java:updateAndGet(143)) - ce179378-4143-4946-9570-61adb5fbe2a3: start FollowerState
2019-08-30 13:30:31,780 [Thread-3816] INFO  impl.FollowerState (FollowerState.java:run(114)) - ce179378-4143-4946-9570-61adb5fbe2a3: FollowerState was interrupted: java.lang.InterruptedException: sleep interrupted
2019-08-30 13:30:31,796 [17eac7c6-5527-41ae-a3ec-0a2e795a5a04:group-6081EC5FEC8F:LeaderElection83] INFO  impl.LeaderElection (LeaderElection.java:logAndReturn(56)) - 17eac7c6-5527-41ae-a3ec-0a2e795a5a04:group-6081EC5FEC8F:LeaderElection83: Election PASSED; received 1 response(s) [17eac7c6-5527-41ae-a3ec-0a2e795a5a04<-ce179378-4143-4946-9570-61adb5fbe2a3#0:OK-t4] and 1 exception(s); 17eac7c6-5527-41ae-a3ec-0a2e795a5a04:t4, leader=null, voted=17eac7c6-5527-41ae-a3ec-0a2e795a5a04, raftlog=17eac7c6-5527-41ae-a3ec-0a2e795a5a04-SegmentedRaftLog:OPENED:c16,f16,i16, conf=0: [ce179378-4143-4946-9570-61adb5fbe2a3:192.168.5.187:42060, 17eac7c6-5527-41ae-a3ec-0a2e795a5a04:192.168.5.187:35675, 88755f3d-3e87-497e-8a8d-202fed172cc3:192.168.5.187:46544], old=null
2019-08-30 13:30:31,796 [17eac7c6-5527-41ae-a3ec-0a2e795a5a04:group-6081EC5FEC8F:LeaderElection83] INFO  impl.LeaderElection (LogUtils.java:infoOrTrace(149)) -   Exception 0: {}
java.util.concurrent.ExecutionException: org.apache.ratis.thirdparty.io.grpc.StatusRuntimeException: UNAVAILABLE: io exception
	at java.util.concurrent.FutureTask.report(FutureTask.java:122)
	at java.util.concurrent.FutureTask.get(FutureTask.java:192)
	at org.apache.ratis.server.impl.LeaderElection.waitForResults(LeaderElection.java:262)
	at org.apache.ratis.server.impl.LeaderElection.askForVotes(LeaderElection.java:200)
	at org.apache.ratis.server.impl.LeaderElection.run(LeaderElection.java:130)
	at java.lang.Thread.run(Thread.java:748)
Caused by: org.apache.ratis.thirdparty.io.grpc.StatusRuntimeException: UNAVAILABLE: io exception
	at org.apache.ratis.thirdparty.io.grpc.stub.ClientCalls.toStatusRuntimeException(ClientCalls.java:233)
	at org.apache.ratis.thirdparty.io.grpc.stub.ClientCalls.getUnchecked(ClientCalls.java:214)
	at org.apache.ratis.thirdparty.io.grpc.stub.ClientCalls.blockingUnaryCall(ClientCalls.java:139)
	at org.apache.ratis.proto.grpc.RaftServerProtocolServiceGrpc$RaftServerProtocolServiceBlockingStub.requestVote(RaftServerProtocolServiceGrpc.java:265)
	at org.apache.ratis.grpc.server.GrpcServerProtocolClient.requestVote(GrpcServerProtocolClient.java:83)
	at org.apache.ratis.grpc.server.GrpcService.requestVote(GrpcService.java:195)
	at org.apache.ratis.server.impl.LeaderElection.lambda$submitRequests$1(LeaderElection.java:237)
	at java.util.concurrent.FutureTask.run(FutureTask.java:266)
	at java.util.concurrent.Executors$RunnableAdapter.call(Executors.java:511)
	at java.util.concurrent.FutureTask.run(FutureTask.java:266)
	at java.util.concurrent.ThreadPoolExecutor.runWorker(ThreadPoolExecutor.java:1149)
	at java.util.concurrent.ThreadPoolExecutor$Worker.run(ThreadPoolExecutor.java:624)
	... 1 more
Caused by: org.apache.ratis.thirdparty.io.netty.channel.AbstractChannel$AnnotatedConnectException: Connection refused: /192.168.5.187:46544
	at sun.nio.ch.SocketChannelImpl.checkConnect(Native Method)
	at sun.nio.ch.SocketChannelImpl.finishConnect(SocketChannelImpl.java:717)
	at org.apache.ratis.thirdparty.io.netty.channel.socket.nio.NioSocketChannel.doFinishConnect(NioSocketChannel.java:327)
	at org.apache.ratis.thirdparty.io.netty.channel.nio.AbstractNioChannel$AbstractNioUnsafe.finishConnect(AbstractNioChannel.java:340)
	at org.apache.ratis.thirdparty.io.netty.channel.nio.NioEventLoop.processSelectedKey(NioEventLoop.java:632)
	at org.apache.ratis.thirdparty.io.netty.channel.nio.NioEventLoop.processSelectedKeysOptimized(NioEventLoop.java:579)
	at org.apache.ratis.thirdparty.io.netty.channel.nio.NioEventLoop.processSelectedKeys(NioEventLoop.java:496)
	at org.apache.ratis.thirdparty.io.netty.channel.nio.NioEventLoop.run(NioEventLoop.java:458)
	at org.apache.ratis.thirdparty.io.netty.util.concurrent.SingleThreadEventExecutor$5.run(SingleThreadEventExecutor.java:897)
	at org.apache.ratis.thirdparty.io.netty.util.concurrent.FastThreadLocalRunnable.run(FastThreadLocalRunnable.java:30)
	... 1 more
Caused by: java.net.ConnectException: Connection refused
	... 11 more
2019-08-30 13:30:31,797 [17eac7c6-5527-41ae-a3ec-0a2e795a5a04:group-6081EC5FEC8F:LeaderElection83] INFO  impl.RoleInfo (RoleInfo.java:shutdownLeaderElection(134)) - 17eac7c6-5527-41ae-a3ec-0a2e795a5a04: shutdown LeaderElection
2019-08-30 13:30:31,797 [17eac7c6-5527-41ae-a3ec-0a2e795a5a04:group-6081EC5FEC8F:LeaderElection83] INFO  impl.RaftServerImpl (RaftServerImpl.java:setRole(171)) - 17eac7c6-5527-41ae-a3ec-0a2e795a5a04:group-6081EC5FEC8F changes role from CANDIDATE to LEADER at term 4 for changeToLeader
2019-08-30 13:30:31,797 [17eac7c6-5527-41ae-a3ec-0a2e795a5a04:group-6081EC5FEC8F:LeaderElection83] INFO  impl.RaftServerImpl (ServerState.java:setLeader(263)) - 17eac7c6-5527-41ae-a3ec-0a2e795a5a04:group-6081EC5FEC8F change Leader from null to 17eac7c6-5527-41ae-a3ec-0a2e795a5a04 at term 4 for becomeLeader, leader elected after 10328ms
2019-08-30 13:30:31,797 [17eac7c6-5527-41ae-a3ec-0a2e795a5a04:group-6081EC5FEC8F:LeaderElection83] INFO  server.RaftServerConfigKeys (ConfUtils.java:logGet(43)) - raft.server.staging.catchup.gap = 1000 (default)
2019-08-30 13:30:31,797 [17eac7c6-5527-41ae-a3ec-0a2e795a5a04:group-6081EC5FEC8F:LeaderElection83] INFO  server.RaftServerConfigKeys (ConfUtils.java:logGet(43)) - raft.server.rpc.sleep.time = 25ms (default)
2019-08-30 13:30:31,798 [17eac7c6-5527-41ae-a3ec-0a2e795a5a04:group-6081EC5FEC8F:LeaderElection83] INFO  server.RaftServerConfigKeys (ConfUtils.java:logGet(43)) - raft.server.write.element-limit = 4096 (default)
2019-08-30 13:30:31,798 [17eac7c6-5527-41ae-a3ec-0a2e795a5a04:group-6081EC5FEC8F:LeaderElection83] INFO  server.RaftServerConfigKeys (ConfUtils.java:logGet(43)) - raft.server.watch.timeout = 10s (default)
2019-08-30 13:30:31,798 [17eac7c6-5527-41ae-a3ec-0a2e795a5a04:group-6081EC5FEC8F:LeaderElection83] INFO  server.RaftServerConfigKeys (ConfUtils.java:logGet(43)) - raft.server.watch.timeout.denomination = 1s (default)
2019-08-30 13:30:31,798 [17eac7c6-5527-41ae-a3ec-0a2e795a5a04:group-6081EC5FEC8F:LeaderElection83] INFO  server.RaftServerConfigKeys (ConfUtils.java:logGet(43)) - raft.server.watch.element-limit = 65536 (default)
2019-08-30 13:30:31,798 [17eac7c6-5527-41ae-a3ec-0a2e795a5a04:group-6081EC5FEC8F:LeaderElection83] INFO  server.RaftServerConfigKeys (ConfUtils.java:logGet(43)) - raft.server.log.appender.snapshot.chunk.size.max = 16MB (=16777216) (default)
2019-08-30 13:30:31,799 [17eac7c6-5527-41ae-a3ec-0a2e795a5a04:group-6081EC5FEC8F:LeaderElection83] INFO  server.RaftServerConfigKeys (ConfUtils.java:logGet(43)) - raft.server.log.appender.buffer.byte-limit = 33554432 (custom)
2019-08-30 13:30:31,799 [17eac7c6-5527-41ae-a3ec-0a2e795a5a04:group-6081EC5FEC8F:LeaderElection83] INFO  server.RaftServerConfigKeys (ConfUtils.java:logGet(43)) - raft.server.log.appender.buffer.element-limit = 1 (custom)
2019-08-30 13:30:31,800 [17eac7c6-5527-41ae-a3ec-0a2e795a5a04:group-6081EC5FEC8F:LeaderElection83] INFO  grpc.GrpcConfigKeys$Server (ConfUtils.java:logGet(43)) - raft.grpc.server.leader.outstanding.appends.max = 128 (default)
2019-08-30 13:30:31,800 [17eac7c6-5527-41ae-a3ec-0a2e795a5a04:group-6081EC5FEC8F:LeaderElection83] INFO  server.RaftServerConfigKeys (ConfUtils.java:logGet(43)) - raft.server.rpc.request.timeout = 3000ms (default)
2019-08-30 13:30:31,800 [17eac7c6-5527-41ae-a3ec-0a2e795a5a04:group-6081EC5FEC8F:LeaderElection83] INFO  server.RaftServerConfigKeys (ConfUtils.java:logGet(43)) - raft.server.log.appender.install.snapshot.enabled = false (custom)
2019-08-30 13:30:31,800 [17eac7c6-5527-41ae-a3ec-0a2e795a5a04:group-6081EC5FEC8F:LeaderElection83] INFO  server.RaftServerConfigKeys (ConfUtils.java:logGet(43)) - raft.server.log.appender.snapshot.chunk.size.max = 16MB (=16777216) (default)
2019-08-30 13:30:31,800 [17eac7c6-5527-41ae-a3ec-0a2e795a5a04:group-6081EC5FEC8F:LeaderElection83] INFO  server.RaftServerConfigKeys (ConfUtils.java:logGet(43)) - raft.server.log.appender.buffer.byte-limit = 33554432 (custom)
2019-08-30 13:30:31,801 [17eac7c6-5527-41ae-a3ec-0a2e795a5a04:group-6081EC5FEC8F:LeaderElection83] INFO  server.RaftServerConfigKeys (ConfUtils.java:logGet(43)) - raft.server.log.appender.buffer.element-limit = 1 (custom)
2019-08-30 13:30:31,801 [17eac7c6-5527-41ae-a3ec-0a2e795a5a04:group-6081EC5FEC8F:LeaderElection83] INFO  grpc.GrpcConfigKeys$Server (ConfUtils.java:logGet(43)) - raft.grpc.server.leader.outstanding.appends.max = 128 (default)
2019-08-30 13:30:31,801 [17eac7c6-5527-41ae-a3ec-0a2e795a5a04:group-6081EC5FEC8F:LeaderElection83] INFO  server.RaftServerConfigKeys (ConfUtils.java:logGet(43)) - raft.server.rpc.request.timeout = 3000ms (default)
2019-08-30 13:30:31,801 [17eac7c6-5527-41ae-a3ec-0a2e795a5a04:group-6081EC5FEC8F:LeaderElection83] INFO  server.RaftServerConfigKeys (ConfUtils.java:logGet(43)) - raft.server.log.appender.install.snapshot.enabled = false (custom)
2019-08-30 13:30:31,801 [17eac7c6-5527-41ae-a3ec-0a2e795a5a04:group-6081EC5FEC8F:LeaderElection83] INFO  impl.RoleInfo (RoleInfo.java:updateAndGet(143)) - 17eac7c6-5527-41ae-a3ec-0a2e795a5a04: start LeaderState
2019-08-30 13:30:31,802 [17eac7c6-5527-41ae-a3ec-0a2e795a5a04:group-6081EC5FEC8F:LeaderElection83] INFO  segmented.SegmentedRaftLogWorker (SegmentedRaftLogWorker.java:rollLogSegment(385)) - 17eac7c6-5527-41ae-a3ec-0a2e795a5a04-SegmentedRaftLogWorker:Storage Directory /workdir/hadoop-ozone/integration-test/target/test-dir/MiniOzoneClusterImpl-87a06edb-9c05-4a0f-ad83-64a51ce4a81e/datanode-5/data/ratis/6bb3a726-945f-4281-9668-6081ec5fec8f: Rolling segment log-0_16 to index:16
2019-08-30 13:30:31,803 [17eac7c6-5527-41ae-a3ec-0a2e795a5a04-SegmentedRaftLogWorker:Storage Directory /workdir/hadoop-ozone/integration-test/target/test-dir/MiniOzoneClusterImpl-87a06edb-9c05-4a0f-ad83-64a51ce4a81e/datanode-5/data/ratis/6bb3a726-945f-4281-9668-6081ec5fec8f] INFO  segmented.SegmentedRaftLogWorker (SegmentedRaftLogWorker.java:execute(526)) - 17eac7c6-5527-41ae-a3ec-0a2e795a5a04-SegmentedRaftLogWorker:Storage Directory /workdir/hadoop-ozone/integration-test/target/test-dir/MiniOzoneClusterImpl-87a06edb-9c05-4a0f-ad83-64a51ce4a81e/datanode-5/data/ratis/6bb3a726-945f-4281-9668-6081ec5fec8f: Rolled log segment from /workdir/hadoop-ozone/integration-test/target/test-dir/MiniOzoneClusterImpl-87a06edb-9c05-4a0f-ad83-64a51ce4a81e/datanode-5/data/ratis/6bb3a726-945f-4281-9668-6081ec5fec8f/current/log_inprogress_0 to /workdir/hadoop-ozone/integration-test/target/test-dir/MiniOzoneClusterImpl-87a06edb-9c05-4a0f-ad83-64a51ce4a81e/datanode-5/data/ratis/6bb3a726-945f-4281-9668-6081ec5fec8f/current/log_0-16
2019-08-30 13:30:31,803 [17eac7c6-5527-41ae-a3ec-0a2e795a5a04:group-6081EC5FEC8F:LeaderElection83] INFO  impl.RaftServerImpl (ServerState.java:setRaftConf(361)) - 17eac7c6-5527-41ae-a3ec-0a2e795a5a04:group-6081EC5FEC8F set configuration 17: [ce179378-4143-4946-9570-61adb5fbe2a3:192.168.5.187:42060, 17eac7c6-5527-41ae-a3ec-0a2e795a5a04:192.168.5.187:35675, 88755f3d-3e87-497e-8a8d-202fed172cc3:192.168.5.187:46544], old=null at 17
2019-08-30 13:30:31,803 [grpc-default-executor-16] WARN  server.GrpcLogAppender (LogUtils.java:warn(134)) - 17eac7c6-5527-41ae-a3ec-0a2e795a5a04->88755f3d-3e87-497e-8a8d-202fed172cc3: Failed appendEntries: org.apache.ratis.thirdparty.io.grpc.StatusRuntimeException: UNAVAILABLE: io exception
2019-08-30 13:30:31,804 [grpc-default-executor-16] INFO  impl.FollowerInfo (FollowerInfo.java:lambda$new$0(50)) - 17eac7c6-5527-41ae-a3ec-0a2e795a5a04->88755f3d-3e87-497e-8a8d-202fed172cc3: nextIndex: updateUnconditionally 17 -> 1
2019-08-30 13:30:31,804 [grpc-default-executor-10] INFO  impl.RaftServerImpl (ServerState.java:setLeader(263)) - ce179378-4143-4946-9570-61adb5fbe2a3:group-6081EC5FEC8F change Leader from null to 17eac7c6-5527-41ae-a3ec-0a2e795a5a04 at term 4 for appendEntries, leader elected after 10321ms
2019-08-30 13:30:31,806 [grpc-default-executor-10] INFO  impl.RaftServerImpl (ServerState.java:setRaftConf(361)) - ce179378-4143-4946-9570-61adb5fbe2a3:group-6081EC5FEC8F set configuration 17: [ce179378-4143-4946-9570-61adb5fbe2a3:192.168.5.187:42060, 17eac7c6-5527-41ae-a3ec-0a2e795a5a04:192.168.5.187:35675, 88755f3d-3e87-497e-8a8d-202fed172cc3:192.168.5.187:46544], old=null at 17
2019-08-30 13:30:31,806 [grpc-default-executor-10] INFO  segmented.SegmentedRaftLogWorker (SegmentedRaftLogWorker.java:rollLogSegment(385)) - ce179378-4143-4946-9570-61adb5fbe2a3-SegmentedRaftLogWorker:Storage Directory /workdir/hadoop-ozone/integration-test/target/test-dir/MiniOzoneClusterImpl-87a06edb-9c05-4a0f-ad83-64a51ce4a81e/datanode-3/data/ratis/6bb3a726-945f-4281-9668-6081ec5fec8f: Rolling segment log-0_16 to index:16
2019-08-30 13:30:31,807 [ce179378-4143-4946-9570-61adb5fbe2a3-SegmentedRaftLogWorker:Storage Directory /workdir/hadoop-ozone/integration-test/target/test-dir/MiniOzoneClusterImpl-87a06edb-9c05-4a0f-ad83-64a51ce4a81e/datanode-3/data/ratis/6bb3a726-945f-4281-9668-6081ec5fec8f] INFO  segmented.SegmentedRaftLogWorker (SegmentedRaftLogWorker.java:execute(526)) - ce179378-4143-4946-9570-61adb5fbe2a3-SegmentedRaftLogWorker:Storage Directory /workdir/hadoop-ozone/integration-test/target/test-dir/MiniOzoneClusterImpl-87a06edb-9c05-4a0f-ad83-64a51ce4a81e/datanode-3/data/ratis/6bb3a726-945f-4281-9668-6081ec5fec8f: Rolled log segment from /workdir/hadoop-ozone/integration-test/target/test-dir/MiniOzoneClusterImpl-87a06edb-9c05-4a0f-ad83-64a51ce4a81e/datanode-3/data/ratis/6bb3a726-945f-4281-9668-6081ec5fec8f/current/log_inprogress_0 to /workdir/hadoop-ozone/integration-test/target/test-dir/MiniOzoneClusterImpl-87a06edb-9c05-4a0f-ad83-64a51ce4a81e/datanode-3/data/ratis/6bb3a726-945f-4281-9668-6081ec5fec8f/current/log_0-16
2019-08-30 13:30:31,855 [17eac7c6-5527-41ae-a3ec-0a2e795a5a04-SegmentedRaftLogWorker:Storage Directory /workdir/hadoop-ozone/integration-test/target/test-dir/MiniOzoneClusterImpl-87a06edb-9c05-4a0f-ad83-64a51ce4a81e/datanode-5/data/ratis/6bb3a726-945f-4281-9668-6081ec5fec8f] INFO  segmented.SegmentedRaftLogWorker (SegmentedRaftLogWorker.java:execute(569)) - 17eac7c6-5527-41ae-a3ec-0a2e795a5a04-SegmentedRaftLogWorker:Storage Directory /workdir/hadoop-ozone/integration-test/target/test-dir/MiniOzoneClusterImpl-87a06edb-9c05-4a0f-ad83-64a51ce4a81e/datanode-5/data/ratis/6bb3a726-945f-4281-9668-6081ec5fec8f: created new log segment /workdir/hadoop-ozone/integration-test/target/test-dir/MiniOzoneClusterImpl-87a06edb-9c05-4a0f-ad83-64a51ce4a81e/datanode-5/data/ratis/6bb3a726-945f-4281-9668-6081ec5fec8f/current/log_inprogress_17
2019-08-30 13:30:31,857 [ce179378-4143-4946-9570-61adb5fbe2a3-SegmentedRaftLogWorker:Storage Directory /workdir/hadoop-ozone/integration-test/target/test-dir/MiniOzoneClusterImpl-87a06edb-9c05-4a0f-ad83-64a51ce4a81e/datanode-3/data/ratis/6bb3a726-945f-4281-9668-6081ec5fec8f] INFO  segmented.SegmentedRaftLogWorker (SegmentedRaftLogWorker.java:execute(569)) - ce179378-4143-4946-9570-61adb5fbe2a3-SegmentedRaftLogWorker:Storage Directory /workdir/hadoop-ozone/integration-test/target/test-dir/MiniOzoneClusterImpl-87a06edb-9c05-4a0f-ad83-64a51ce4a81e/datanode-3/data/ratis/6bb3a726-945f-4281-9668-6081ec5fec8f: created new log segment /workdir/hadoop-ozone/integration-test/target/test-dir/MiniOzoneClusterImpl-87a06edb-9c05-4a0f-ad83-64a51ce4a81e/datanode-3/data/ratis/6bb3a726-945f-4281-9668-6081ec5fec8f/current/log_inprogress_17
2019-08-30 13:30:31,866 [grpc-default-executor-12] WARN  server.GrpcLogAppender (LogUtils.java:warn(134)) - 17eac7c6-5527-41ae-a3ec-0a2e795a5a04->88755f3d-3e87-497e-8a8d-202fed172cc3: Failed appendEntries: org.apache.ratis.thirdparty.io.grpc.StatusRuntimeException: UNAVAILABLE: io exception
2019-08-30 13:30:31,867 [grpc-default-executor-12] INFO  impl.FollowerInfo (FollowerInfo.java:lambda$new$0(50)) - 17eac7c6-5527-41ae-a3ec-0a2e795a5a04->88755f3d-3e87-497e-8a8d-202fed172cc3: nextIndex: updateUnconditionally 2 -> 1
2019-08-30 13:30:31,879 [grpc-default-executor-16] WARN  server.GrpcLogAppender (LogUtils.java:warn(134)) - 17eac7c6-5527-41ae-a3ec-0a2e795a5a04->88755f3d-3e87-497e-8a8d-202fed172cc3: Failed appendEntries: org.apache.ratis.thirdparty.io.grpc.StatusRuntimeException: UNAVAILABLE: io exception
2019-08-30 13:30:31,879 [grpc-default-executor-16] INFO  impl.FollowerInfo (FollowerInfo.java:lambda$new$0(50)) - 17eac7c6-5527-41ae-a3ec-0a2e795a5a04->88755f3d-3e87-497e-8a8d-202fed172cc3: nextIndex: updateUnconditionally 2 -> 1
2019-08-30 13:30:32,643 [grpc-default-executor-16] INFO  client.GrpcClientProtocolClient (GrpcClientProtocolClient.java:onNext(255)) - client-4649EAAEC38A->ce179378-4143-4946-9570-61adb5fbe2a3: receive RaftClientReply:client-4649EAAEC38A->ce179378-4143-4946-9570-61adb5fbe2a3@group-6081EC5FEC8F, cid=184, FAILED org.apache.ratis.protocol.NotLeaderException: Server ce179378-4143-4946-9570-61adb5fbe2a3 is not the leader (17eac7c6-5527-41ae-a3ec-0a2e795a5a04:192.168.5.187:35675). Request must be sent to leader., logIndex=0, commits[ce179378-4143-4946-9570-61adb5fbe2a3:c17, 17eac7c6-5527-41ae-a3ec-0a2e795a5a04:c17, 88755f3d-3e87-497e-8a8d-202fed172cc3:c16]
13:30:32.651 [grpc-default-executor-16] ERROR DNAudit - user=null | ip=null | op=WRITE_CHUNK {blockData=conID: 1 locID: 102706171218427918 bcsId: 14} | ret=FAILURE
org.apache.hadoop.hdds.scm.container.common.helpers.ContainerNotOpenException: Container 1 in CLOSING state
	at org.apache.hadoop.ozone.container.common.impl.HddsDispatcher.validateContainerCommand(HddsDispatcher.java:408) ~[hadoop-hdds-container-service-0.5.0-SNAPSHOT.jar:?]
	at org.apache.hadoop.ozone.container.common.transport.server.ratis.ContainerStateMachine.startTransaction(ContainerStateMachine.java:310) ~[hadoop-hdds-container-service-0.5.0-SNAPSHOT.jar:?]
	at org.apache.ratis.server.impl.RaftServerImpl.submitClientRequestAsync(RaftServerImpl.java:566) ~[ratis-server-0.4.0-2337318-SNAPSHOT.jar:0.4.0-2337318-SNAPSHOT]
	at org.apache.ratis.server.impl.RaftServerProxy.lambda$submitClientRequestAsync$7(RaftServerProxy.java:333) ~[ratis-server-0.4.0-2337318-SNAPSHOT.jar:0.4.0-2337318-SNAPSHOT]
	at org.apache.ratis.server.impl.RaftServerProxy.lambda$null$5(RaftServerProxy.java:328) ~[ratis-server-0.4.0-2337318-SNAPSHOT.jar:0.4.0-2337318-SNAPSHOT]
	at org.apache.ratis.util.JavaUtils.callAsUnchecked(JavaUtils.java:109) ~[ratis-common-0.4.0-2337318-SNAPSHOT.jar:0.4.0-2337318-SNAPSHOT]
	at org.apache.ratis.server.impl.RaftServerProxy.lambda$submitRequest$6(RaftServerProxy.java:328) ~[ratis-server-0.4.0-2337318-SNAPSHOT.jar:0.4.0-2337318-SNAPSHOT]
	at java.util.concurrent.CompletableFuture.uniComposeStage(CompletableFuture.java:981) ~[?:1.8.0_212]
	at java.util.concurrent.CompletableFuture.thenCompose(CompletableFuture.java:2124) ~[?:1.8.0_212]
	at org.apache.ratis.server.impl.RaftServerProxy.submitRequest(RaftServerProxy.java:327) ~[ratis-server-0.4.0-2337318-SNAPSHOT.jar:0.4.0-2337318-SNAPSHOT]
	at org.apache.ratis.server.impl.RaftServerProxy.submitClientRequestAsync(RaftServerProxy.java:333) ~[ratis-server-0.4.0-2337318-SNAPSHOT.jar:0.4.0-2337318-SNAPSHOT]
	at org.apache.ratis.grpc.client.GrpcClientProtocolService$RequestStreamObserver.processClientRequest(GrpcClientProtocolService.java:220) ~[ratis-grpc-0.4.0-2337318-SNAPSHOT.jar:0.4.0-2337318-SNAPSHOT]
	at org.apache.ratis.grpc.client.GrpcClientProtocolService$OrderedRequestStreamObserver.processClientRequest(GrpcClientProtocolService.java:326) ~[ratis-grpc-0.4.0-2337318-SNAPSHOT.jar:0.4.0-2337318-SNAPSHOT]
	at org.apache.ratis.util.SlidingWindow$Server.processRequestsFromHead(SlidingWindow.java:429) [ratis-common-0.4.0-2337318-SNAPSHOT.jar:0.4.0-2337318-SNAPSHOT]
	at org.apache.ratis.util.SlidingWindow$Server.receivedRequest(SlidingWindow.java:421) [ratis-common-0.4.0-2337318-SNAPSHOT.jar:0.4.0-2337318-SNAPSHOT]
	at org.apache.ratis.grpc.client.GrpcClientProtocolService$OrderedRequestStreamObserver.processClientRequest(GrpcClientProtocolService.java:345) [ratis-grpc-0.4.0-2337318-SNAPSHOT.jar:0.4.0-2337318-SNAPSHOT]
	at org.apache.ratis.grpc.client.GrpcClientProtocolService$RequestStreamObserver.onNext(GrpcClientProtocolService.java:240) [ratis-grpc-0.4.0-2337318-SNAPSHOT.jar:0.4.0-2337318-SNAPSHOT]
	at org.apache.ratis.grpc.client.GrpcClientProtocolService$RequestStreamObserver.onNext(GrpcClientProtocolService.java:168) [ratis-grpc-0.4.0-2337318-SNAPSHOT.jar:0.4.0-2337318-SNAPSHOT]
	at org.apache.ratis.thirdparty.io.grpc.stub.ServerCalls$StreamingServerCallHandler$StreamingServerCallListener.onMessage(ServerCalls.java:248) [ratis-thirdparty-misc-0.2.0.jar:0.2.0]
	at org.apache.ratis.thirdparty.io.grpc.internal.ServerCallImpl$ServerStreamListenerImpl.messagesAvailable(ServerCallImpl.java:263) [ratis-thirdparty-misc-0.2.0.jar:0.2.0]
	at org.apache.ratis.thirdparty.io.grpc.internal.ServerImpl$JumpToApplicationThreadServerStreamListener$1MessagesAvailable.runInContext(ServerImpl.java:686) [ratis-thirdparty-misc-0.2.0.jar:0.2.0]
	at org.apache.ratis.thirdparty.io.grpc.internal.ContextRunnable.run(ContextRunnable.java:37) [ratis-thirdparty-misc-0.2.0.jar:0.2.0]
	at org.apache.ratis.thirdparty.io.grpc.internal.SerializingExecutor.run(SerializingExecutor.java:123) [ratis-thirdparty-misc-0.2.0.jar:0.2.0]
	at java.util.concurrent.ThreadPoolExecutor.runWorker(ThreadPoolExecutor.java:1149) [?:1.8.0_212]
	at java.util.concurrent.ThreadPoolExecutor$Worker.run(ThreadPoolExecutor.java:624) [?:1.8.0_212]
	at java.lang.Thread.run(Thread.java:748) [?:1.8.0_212]
2019-08-30 13:30:32,661 [grpc-default-executor-16] INFO  client.GrpcClientProtocolClient (GrpcClientProtocolClient.java:onNext(255)) - client-4649EAAEC38A->17eac7c6-5527-41ae-a3ec-0a2e795a5a04: receive RaftClientReply:client-4649EAAEC38A->17eac7c6-5527-41ae-a3ec-0a2e795a5a04@group-6081EC5FEC8F, cid=184, FAILED org.apache.ratis.protocol.StateMachineException: org.apache.hadoop.hdds.scm.container.common.helpers.ContainerNotOpenException from Server 17eac7c6-5527-41ae-a3ec-0a2e795a5a04: Container 1 in CLOSING state, logIndex=0, commits[17eac7c6-5527-41ae-a3ec-0a2e795a5a04:c18, ce179378-4143-4946-9570-61adb5fbe2a3:c17, 88755f3d-3e87-497e-8a8d-202fed172cc3:c16]
13:30:32.662 [grpc-default-executor-12] ERROR DNAudit - user=null | ip=null | op=WRITE_CHUNK {blockData=conID: 1 locID: 102706171218427918 bcsId: 14} | ret=FAILURE
org.apache.hadoop.hdds.scm.container.common.helpers.ContainerNotOpenException: Container 1 in CLOSING state
	at org.apache.hadoop.ozone.container.common.impl.HddsDispatcher.validateContainerCommand(HddsDispatcher.java:408) ~[hadoop-hdds-container-service-0.5.0-SNAPSHOT.jar:?]
	at org.apache.hadoop.ozone.container.common.transport.server.ratis.ContainerStateMachine.startTransaction(ContainerStateMachine.java:310) ~[hadoop-hdds-container-service-0.5.0-SNAPSHOT.jar:?]
	at org.apache.ratis.server.impl.RaftServerImpl.submitClientRequestAsync(RaftServerImpl.java:566) ~[ratis-server-0.4.0-2337318-SNAPSHOT.jar:0.4.0-2337318-SNAPSHOT]
	at org.apache.ratis.server.impl.RaftServerProxy.lambda$submitClientRequestAsync$7(RaftServerProxy.java:333) ~[ratis-server-0.4.0-2337318-SNAPSHOT.jar:0.4.0-2337318-SNAPSHOT]
	at org.apache.ratis.server.impl.RaftServerProxy.lambda$null$5(RaftServerProxy.java:328) ~[ratis-server-0.4.0-2337318-SNAPSHOT.jar:0.4.0-2337318-SNAPSHOT]
	at org.apache.ratis.util.JavaUtils.callAsUnchecked(JavaUtils.java:109) ~[ratis-common-0.4.0-2337318-SNAPSHOT.jar:0.4.0-2337318-SNAPSHOT]
	at org.apache.ratis.server.impl.RaftServerProxy.lambda$submitRequest$6(RaftServerProxy.java:328) ~[ratis-server-0.4.0-2337318-SNAPSHOT.jar:0.4.0-2337318-SNAPSHOT]
	at java.util.concurrent.CompletableFuture.uniComposeStage(CompletableFuture.java:981) ~[?:1.8.0_212]
	at java.util.concurrent.CompletableFuture.thenCompose(CompletableFuture.java:2124) ~[?:1.8.0_212]
	at org.apache.ratis.server.impl.RaftServerProxy.submitRequest(RaftServerProxy.java:327) ~[ratis-server-0.4.0-2337318-SNAPSHOT.jar:0.4.0-2337318-SNAPSHOT]
	at org.apache.ratis.server.impl.RaftServerProxy.submitClientRequestAsync(RaftServerProxy.java:333) ~[ratis-server-0.4.0-2337318-SNAPSHOT.jar:0.4.0-2337318-SNAPSHOT]
	at org.apache.ratis.grpc.client.GrpcClientProtocolService$RequestStreamObserver.processClientRequest(GrpcClientProtocolService.java:220) ~[ratis-grpc-0.4.0-2337318-SNAPSHOT.jar:0.4.0-2337318-SNAPSHOT]
	at org.apache.ratis.grpc.client.GrpcClientProtocolService$OrderedRequestStreamObserver.processClientRequest(GrpcClientProtocolService.java:326) ~[ratis-grpc-0.4.0-2337318-SNAPSHOT.jar:0.4.0-2337318-SNAPSHOT]
	at org.apache.ratis.util.SlidingWindow$Server.processRequestsFromHead(SlidingWindow.java:429) [ratis-common-0.4.0-2337318-SNAPSHOT.jar:0.4.0-2337318-SNAPSHOT]
	at org.apache.ratis.util.SlidingWindow$Server.receivedRequest(SlidingWindow.java:421) [ratis-common-0.4.0-2337318-SNAPSHOT.jar:0.4.0-2337318-SNAPSHOT]
	at org.apache.ratis.grpc.client.GrpcClientProtocolService$OrderedRequestStreamObserver.processClientRequest(GrpcClientProtocolService.java:345) [ratis-grpc-0.4.0-2337318-SNAPSHOT.jar:0.4.0-2337318-SNAPSHOT]
	at org.apache.ratis.grpc.client.GrpcClientProtocolService$RequestStreamObserver.onNext(GrpcClientProtocolService.java:240) [ratis-grpc-0.4.0-2337318-SNAPSHOT.jar:0.4.0-2337318-SNAPSHOT]
	at org.apache.ratis.grpc.client.GrpcClientProtocolService$RequestStreamObserver.onNext(GrpcClientProtocolService.java:168) [ratis-grpc-0.4.0-2337318-SNAPSHOT.jar:0.4.0-2337318-SNAPSHOT]
	at org.apache.ratis.thirdparty.io.grpc.stub.ServerCalls$StreamingServerCallHandler$StreamingServerCallListener.onMessage(ServerCalls.java:248) [ratis-thirdparty-misc-0.2.0.jar:0.2.0]
	at org.apache.ratis.thirdparty.io.grpc.internal.ServerCallImpl$ServerStreamListenerImpl.messagesAvailable(ServerCallImpl.java:263) [ratis-thirdparty-misc-0.2.0.jar:0.2.0]
	at org.apache.ratis.thirdparty.io.grpc.internal.ServerImpl$JumpToApplicationThreadServerStreamListener$1MessagesAvailable.runInContext(ServerImpl.java:686) [ratis-thirdparty-misc-0.2.0.jar:0.2.0]
	at org.apache.ratis.thirdparty.io.grpc.internal.ContextRunnable.run(ContextRunnable.java:37) [ratis-thirdparty-misc-0.2.0.jar:0.2.0]
	at org.apache.ratis.thirdparty.io.grpc.internal.SerializingExecutor.run(SerializingExecutor.java:123) [ratis-thirdparty-misc-0.2.0.jar:0.2.0]
	at java.util.concurrent.ThreadPoolExecutor.runWorker(ThreadPoolExecutor.java:1149) [?:1.8.0_212]
	at java.util.concurrent.ThreadPoolExecutor$Worker.run(ThreadPoolExecutor.java:624) [?:1.8.0_212]
	at java.lang.Thread.run(Thread.java:748) [?:1.8.0_212]
2019-08-30 13:30:32,671 [grpc-default-executor-16] INFO  client.GrpcClientProtocolClient (GrpcClientProtocolClient.java:onNext(255)) - client-4649EAAEC38A->17eac7c6-5527-41ae-a3ec-0a2e795a5a04: receive RaftClientReply:client-4649EAAEC38A->17eac7c6-5527-41ae-a3ec-0a2e795a5a04@group-6081EC5FEC8F, cid=185, FAILED org.apache.ratis.protocol.StateMachineException: org.apache.hadoop.hdds.scm.container.common.helpers.ContainerNotOpenException from Server 17eac7c6-5527-41ae-a3ec-0a2e795a5a04: Container 1 in CLOSING state, logIndex=0, commits[17eac7c6-5527-41ae-a3ec-0a2e795a5a04:c18, ce179378-4143-4946-9570-61adb5fbe2a3:c17, 88755f3d-3e87-497e-8a8d-202fed172cc3:c16]
13:30:32.671 [grpc-default-executor-12] ERROR DNAudit - user=null | ip=null | op=PUT_BLOCK {blockData=[blockId=conID: 1 locID: 102706171218427918 bcsId: 0,size=650]} | ret=FAILURE
org.apache.hadoop.hdds.scm.container.common.helpers.ContainerNotOpenException: Container 1 in CLOSING state
	at org.apache.hadoop.ozone.container.common.impl.HddsDispatcher.validateContainerCommand(HddsDispatcher.java:408) ~[hadoop-hdds-container-service-0.5.0-SNAPSHOT.jar:?]
	at org.apache.hadoop.ozone.container.common.transport.server.ratis.ContainerStateMachine.startTransaction(ContainerStateMachine.java:310) ~[hadoop-hdds-container-service-0.5.0-SNAPSHOT.jar:?]
	at org.apache.ratis.server.impl.RaftServerImpl.submitClientRequestAsync(RaftServerImpl.java:566) ~[ratis-server-0.4.0-2337318-SNAPSHOT.jar:0.4.0-2337318-SNAPSHOT]
	at org.apache.ratis.server.impl.RaftServerProxy.lambda$submitClientRequestAsync$7(RaftServerProxy.java:333) ~[ratis-server-0.4.0-2337318-SNAPSHOT.jar:0.4.0-2337318-SNAPSHOT]
	at org.apache.ratis.server.impl.RaftServerProxy.lambda$null$5(RaftServerProxy.java:328) ~[ratis-server-0.4.0-2337318-SNAPSHOT.jar:0.4.0-2337318-SNAPSHOT]
	at org.apache.ratis.util.JavaUtils.callAsUnchecked(JavaUtils.java:109) ~[ratis-common-0.4.0-2337318-SNAPSHOT.jar:0.4.0-2337318-SNAPSHOT]
	at org.apache.ratis.server.impl.RaftServerProxy.lambda$submitRequest$6(RaftServerProxy.java:328) ~[ratis-server-0.4.0-2337318-SNAPSHOT.jar:0.4.0-2337318-SNAPSHOT]
	at java.util.concurrent.CompletableFuture.uniComposeStage(CompletableFuture.java:981) ~[?:1.8.0_212]
	at java.util.concurrent.CompletableFuture.thenCompose(CompletableFuture.java:2124) ~[?:1.8.0_212]
	at org.apache.ratis.server.impl.RaftServerProxy.submitRequest(RaftServerProxy.java:327) ~[ratis-server-0.4.0-2337318-SNAPSHOT.jar:0.4.0-2337318-SNAPSHOT]
	at org.apache.ratis.server.impl.RaftServerProxy.submitClientRequestAsync(RaftServerProxy.java:333) ~[ratis-server-0.4.0-2337318-SNAPSHOT.jar:0.4.0-2337318-SNAPSHOT]
	at org.apache.ratis.grpc.client.GrpcClientProtocolService$RequestStreamObserver.processClientRequest(GrpcClientProtocolService.java:220) ~[ratis-grpc-0.4.0-2337318-SNAPSHOT.jar:0.4.0-2337318-SNAPSHOT]
	at org.apache.ratis.grpc.client.GrpcClientProtocolService$OrderedRequestStreamObserver.processClientRequest(GrpcClientProtocolService.java:326) ~[ratis-grpc-0.4.0-2337318-SNAPSHOT.jar:0.4.0-2337318-SNAPSHOT]
	at org.apache.ratis.util.SlidingWindow$Server.processRequestsFromHead(SlidingWindow.java:429) [ratis-common-0.4.0-2337318-SNAPSHOT.jar:0.4.0-2337318-SNAPSHOT]
	at org.apache.ratis.util.SlidingWindow$Server.receivedRequest(SlidingWindow.java:421) [ratis-common-0.4.0-2337318-SNAPSHOT.jar:0.4.0-2337318-SNAPSHOT]
	at org.apache.ratis.grpc.client.GrpcClientProtocolService$OrderedRequestStreamObserver.processClientRequest(GrpcClientProtocolService.java:345) [ratis-grpc-0.4.0-2337318-SNAPSHOT.jar:0.4.0-2337318-SNAPSHOT]
	at org.apache.ratis.grpc.client.GrpcClientProtocolService$RequestStreamObserver.onNext(GrpcClientProtocolService.java:240) [ratis-grpc-0.4.0-2337318-SNAPSHOT.jar:0.4.0-2337318-SNAPSHOT]
	at org.apache.ratis.grpc.client.GrpcClientProtocolService$RequestStreamObserver.onNext(GrpcClientProtocolService.java:168) [ratis-grpc-0.4.0-2337318-SNAPSHOT.jar:0.4.0-2337318-SNAPSHOT]
	at org.apache.ratis.thirdparty.io.grpc.stub.ServerCalls$StreamingServerCallHandler$StreamingServerCallListener.onMessage(ServerCalls.java:248) [ratis-thirdparty-misc-0.2.0.jar:0.2.0]
	at org.apache.ratis.thirdparty.io.grpc.internal.ServerCallImpl$ServerStreamListenerImpl.messagesAvailable(ServerCallImpl.java:263) [ratis-thirdparty-misc-0.2.0.jar:0.2.0]
	at org.apache.ratis.thirdparty.io.grpc.internal.ServerImpl$JumpToApplicationThreadServerStreamListener$1MessagesAvailable.runInContext(ServerImpl.java:686) [ratis-thirdparty-misc-0.2.0.jar:0.2.0]
	at org.apache.ratis.thirdparty.io.grpc.internal.ContextRunnable.run(ContextRunnable.java:37) [ratis-thirdparty-misc-0.2.0.jar:0.2.0]
	at org.apache.ratis.thirdparty.io.grpc.internal.SerializingExecutor.run(SerializingExecutor.java:123) [ratis-thirdparty-misc-0.2.0.jar:0.2.0]
	at java.util.concurrent.ThreadPoolExecutor.runWorker(ThreadPoolExecutor.java:1149) [?:1.8.0_212]
	at java.util.concurrent.ThreadPoolExecutor$Worker.run(ThreadPoolExecutor.java:624) [?:1.8.0_212]
	at java.lang.Thread.run(Thread.java:748) [?:1.8.0_212]
2019-08-30 13:30:32,678 [grpc-default-executor-16] INFO  client.GrpcClientProtocolClient (GrpcClientProtocolClient.java:onNext(255)) - client-4649EAAEC38A->17eac7c6-5527-41ae-a3ec-0a2e795a5a04: receive RaftClientReply:client-4649EAAEC38A->17eac7c6-5527-41ae-a3ec-0a2e795a5a04@group-6081EC5FEC8F, cid=186, FAILED org.apache.ratis.protocol.StateMachineException: org.apache.hadoop.hdds.scm.container.common.helpers.ContainerNotOpenException from Server 17eac7c6-5527-41ae-a3ec-0a2e795a5a04: Container 1 in CLOSING state, logIndex=0, commits[17eac7c6-5527-41ae-a3ec-0a2e795a5a04:c18, ce179378-4143-4946-9570-61adb5fbe2a3:c17, 88755f3d-3e87-497e-8a8d-202fed172cc3:c16]
13:30:32.678 [grpc-default-executor-12] ERROR DNAudit - user=null | ip=null | op=WRITE_CHUNK {blockData=conID: 1 locID: 102706171218427918 bcsId: 14} | ret=FAILURE
org.apache.hadoop.hdds.scm.container.common.helpers.ContainerNotOpenException: Container 1 in CLOSING state
	at org.apache.hadoop.ozone.container.common.impl.HddsDispatcher.validateContainerCommand(HddsDispatcher.java:408) ~[hadoop-hdds-container-service-0.5.0-SNAPSHOT.jar:?]
	at org.apache.hadoop.ozone.container.common.transport.server.ratis.ContainerStateMachine.startTransaction(ContainerStateMachine.java:310) ~[hadoop-hdds-container-service-0.5.0-SNAPSHOT.jar:?]
	at org.apache.ratis.server.impl.RaftServerImpl.submitClientRequestAsync(RaftServerImpl.java:566) ~[ratis-server-0.4.0-2337318-SNAPSHOT.jar:0.4.0-2337318-SNAPSHOT]
	at org.apache.ratis.server.impl.RaftServerProxy.lambda$submitClientRequestAsync$7(RaftServerProxy.java:333) ~[ratis-server-0.4.0-2337318-SNAPSHOT.jar:0.4.0-2337318-SNAPSHOT]
	at org.apache.ratis.server.impl.RaftServerProxy.lambda$null$5(RaftServerProxy.java:328) ~[ratis-server-0.4.0-2337318-SNAPSHOT.jar:0.4.0-2337318-SNAPSHOT]
	at org.apache.ratis.util.JavaUtils.callAsUnchecked(JavaUtils.java:109) ~[ratis-common-0.4.0-2337318-SNAPSHOT.jar:0.4.0-2337318-SNAPSHOT]
	at org.apache.ratis.server.impl.RaftServerProxy.lambda$submitRequest$6(RaftServerProxy.java:328) ~[ratis-server-0.4.0-2337318-SNAPSHOT.jar:0.4.0-2337318-SNAPSHOT]
	at java.util.concurrent.CompletableFuture.uniComposeStage(CompletableFuture.java:981) ~[?:1.8.0_212]
	at java.util.concurrent.CompletableFuture.thenCompose(CompletableFuture.java:2124) ~[?:1.8.0_212]
	at org.apache.ratis.server.impl.RaftServerProxy.submitRequest(RaftServerProxy.java:327) ~[ratis-server-0.4.0-2337318-SNAPSHOT.jar:0.4.0-2337318-SNAPSHOT]
	at org.apache.ratis.server.impl.RaftServerProxy.submitClientRequestAsync(RaftServerProxy.java:333) ~[ratis-server-0.4.0-2337318-SNAPSHOT.jar:0.4.0-2337318-SNAPSHOT]
	at org.apache.ratis.grpc.client.GrpcClientProtocolService$RequestStreamObserver.processClientRequest(GrpcClientProtocolService.java:220) ~[ratis-grpc-0.4.0-2337318-SNAPSHOT.jar:0.4.0-2337318-SNAPSHOT]
	at org.apache.ratis.grpc.client.GrpcClientProtocolService$OrderedRequestStreamObserver.processClientRequest(GrpcClientProtocolService.java:326) ~[ratis-grpc-0.4.0-2337318-SNAPSHOT.jar:0.4.0-2337318-SNAPSHOT]
	at org.apache.ratis.util.SlidingWindow$Server.processRequestsFromHead(SlidingWindow.java:429) [ratis-common-0.4.0-2337318-SNAPSHOT.jar:0.4.0-2337318-SNAPSHOT]
	at org.apache.ratis.util.SlidingWindow$Server.receivedRequest(SlidingWindow.java:421) [ratis-common-0.4.0-2337318-SNAPSHOT.jar:0.4.0-2337318-SNAPSHOT]
	at org.apache.ratis.grpc.client.GrpcClientProtocolService$OrderedRequestStreamObserver.processClientRequest(GrpcClientProtocolService.java:345) [ratis-grpc-0.4.0-2337318-SNAPSHOT.jar:0.4.0-2337318-SNAPSHOT]
	at org.apache.ratis.grpc.client.GrpcClientProtocolService$RequestStreamObserver.onNext(GrpcClientProtocolService.java:240) [ratis-grpc-0.4.0-2337318-SNAPSHOT.jar:0.4.0-2337318-SNAPSHOT]
	at org.apache.ratis.grpc.client.GrpcClientProtocolService$RequestStreamObserver.onNext(GrpcClientProtocolService.java:168) [ratis-grpc-0.4.0-2337318-SNAPSHOT.jar:0.4.0-2337318-SNAPSHOT]
	at org.apache.ratis.thirdparty.io.grpc.stub.ServerCalls$StreamingServerCallHandler$StreamingServerCallListener.onMessage(ServerCalls.java:248) [ratis-thirdparty-misc-0.2.0.jar:0.2.0]
	at org.apache.ratis.thirdparty.io.grpc.internal.ServerCallImpl$ServerStreamListenerImpl.messagesAvailable(ServerCallImpl.java:263) [ratis-thirdparty-misc-0.2.0.jar:0.2.0]
	at org.apache.ratis.thirdparty.io.grpc.internal.ServerImpl$JumpToApplicationThreadServerStreamListener$1MessagesAvailable.runInContext(ServerImpl.java:686) [ratis-thirdparty-misc-0.2.0.jar:0.2.0]
	at org.apache.ratis.thirdparty.io.grpc.internal.ContextRunnable.run(ContextRunnable.java:37) [ratis-thirdparty-misc-0.2.0.jar:0.2.0]
	at org.apache.ratis.thirdparty.io.grpc.internal.SerializingExecutor.run(SerializingExecutor.java:123) [ratis-thirdparty-misc-0.2.0.jar:0.2.0]
	at java.util.concurrent.ThreadPoolExecutor.runWorker(ThreadPoolExecutor.java:1149) [?:1.8.0_212]
	at java.util.concurrent.ThreadPoolExecutor$Worker.run(ThreadPoolExecutor.java:624) [?:1.8.0_212]
	at java.lang.Thread.run(Thread.java:748) [?:1.8.0_212]
2019-08-30 13:30:32,684 [grpc-default-executor-16] INFO  client.GrpcClientProtocolClient (GrpcClientProtocolClient.java:onNext(255)) - client-4649EAAEC38A->17eac7c6-5527-41ae-a3ec-0a2e795a5a04: receive RaftClientReply:client-4649EAAEC38A->17eac7c6-5527-41ae-a3ec-0a2e795a5a04@group-6081EC5FEC8F, cid=187, FAILED org.apache.ratis.protocol.StateMachineException: org.apache.hadoop.hdds.scm.container.common.helpers.ContainerNotOpenException from Server 17eac7c6-5527-41ae-a3ec-0a2e795a5a04: Container 1 in CLOSING state, logIndex=0, commits[17eac7c6-5527-41ae-a3ec-0a2e795a5a04:c18, ce179378-4143-4946-9570-61adb5fbe2a3:c17, 88755f3d-3e87-497e-8a8d-202fed172cc3:c16]
13:30:32.684 [grpc-default-executor-12] ERROR DNAudit - user=null | ip=null | op=WRITE_CHUNK {blockData=conID: 1 locID: 102706171218427918 bcsId: 14} | ret=FAILURE
org.apache.hadoop.hdds.scm.container.common.helpers.ContainerNotOpenException: Container 1 in CLOSING state
	at org.apache.hadoop.ozone.container.common.impl.HddsDispatcher.validateContainerCommand(HddsDispatcher.java:408) ~[hadoop-hdds-container-service-0.5.0-SNAPSHOT.jar:?]
	at org.apache.hadoop.ozone.container.common.transport.server.ratis.ContainerStateMachine.startTransaction(ContainerStateMachine.java:310) ~[hadoop-hdds-container-service-0.5.0-SNAPSHOT.jar:?]
	at org.apache.ratis.server.impl.RaftServerImpl.submitClientRequestAsync(RaftServerImpl.java:566) ~[ratis-server-0.4.0-2337318-SNAPSHOT.jar:0.4.0-2337318-SNAPSHOT]
	at org.apache.ratis.server.impl.RaftServerProxy.lambda$submitClientRequestAsync$7(RaftServerProxy.java:333) ~[ratis-server-0.4.0-2337318-SNAPSHOT.jar:0.4.0-2337318-SNAPSHOT]
	at org.apache.ratis.server.impl.RaftServerProxy.lambda$null$5(RaftServerProxy.java:328) ~[ratis-server-0.4.0-2337318-SNAPSHOT.jar:0.4.0-2337318-SNAPSHOT]
	at org.apache.ratis.util.JavaUtils.callAsUnchecked(JavaUtils.java:109) ~[ratis-common-0.4.0-2337318-SNAPSHOT.jar:0.4.0-2337318-SNAPSHOT]
	at org.apache.ratis.server.impl.RaftServerProxy.lambda$submitRequest$6(RaftServerProxy.java:328) ~[ratis-server-0.4.0-2337318-SNAPSHOT.jar:0.4.0-2337318-SNAPSHOT]
	at java.util.concurrent.CompletableFuture.uniComposeStage(CompletableFuture.java:981) ~[?:1.8.0_212]
	at java.util.concurrent.CompletableFuture.thenCompose(CompletableFuture.java:2124) ~[?:1.8.0_212]
	at org.apache.ratis.server.impl.RaftServerProxy.submitRequest(RaftServerProxy.java:327) ~[ratis-server-0.4.0-2337318-SNAPSHOT.jar:0.4.0-2337318-SNAPSHOT]
	at org.apache.ratis.server.impl.RaftServerProxy.submitClientRequestAsync(RaftServerProxy.java:333) ~[ratis-server-0.4.0-2337318-SNAPSHOT.jar:0.4.0-2337318-SNAPSHOT]
	at org.apache.ratis.grpc.client.GrpcClientProtocolService$RequestStreamObserver.processClientRequest(GrpcClientProtocolService.java:220) ~[ratis-grpc-0.4.0-2337318-SNAPSHOT.jar:0.4.0-2337318-SNAPSHOT]
	at org.apache.ratis.grpc.client.GrpcClientProtocolService$OrderedRequestStreamObserver.processClientRequest(GrpcClientProtocolService.java:326) ~[ratis-grpc-0.4.0-2337318-SNAPSHOT.jar:0.4.0-2337318-SNAPSHOT]
	at org.apache.ratis.util.SlidingWindow$Server.processRequestsFromHead(SlidingWindow.java:429) [ratis-common-0.4.0-2337318-SNAPSHOT.jar:0.4.0-2337318-SNAPSHOT]
	at org.apache.ratis.util.SlidingWindow$Server.receivedRequest(SlidingWindow.java:421) [ratis-common-0.4.0-2337318-SNAPSHOT.jar:0.4.0-2337318-SNAPSHOT]
	at org.apache.ratis.grpc.client.GrpcClientProtocolService$OrderedRequestStreamObserver.processClientRequest(GrpcClientProtocolService.java:345) [ratis-grpc-0.4.0-2337318-SNAPSHOT.jar:0.4.0-2337318-SNAPSHOT]
	at org.apache.ratis.grpc.client.GrpcClientProtocolService$RequestStreamObserver.onNext(GrpcClientProtocolService.java:240) [ratis-grpc-0.4.0-2337318-SNAPSHOT.jar:0.4.0-2337318-SNAPSHOT]
	at org.apache.ratis.grpc.client.GrpcClientProtocolService$RequestStreamObserver.onNext(GrpcClientProtocolService.java:168) [ratis-grpc-0.4.0-2337318-SNAPSHOT.jar:0.4.0-2337318-SNAPSHOT]
	at org.apache.ratis.thirdparty.io.grpc.stub.ServerCalls$StreamingServerCallHandler$StreamingServerCallListener.onMessage(ServerCalls.java:248) [ratis-thirdparty-misc-0.2.0.jar:0.2.0]
	at org.apache.ratis.thirdparty.io.grpc.internal.ServerCallImpl$ServerStreamListenerImpl.messagesAvailable(ServerCallImpl.java:263) [ratis-thirdparty-misc-0.2.0.jar:0.2.0]
	at org.apache.ratis.thirdparty.io.grpc.internal.ServerImpl$JumpToApplicationThreadServerStreamListener$1MessagesAvailable.runInContext(ServerImpl.java:686) [ratis-thirdparty-misc-0.2.0.jar:0.2.0]
	at org.apache.ratis.thirdparty.io.grpc.internal.ContextRunnable.run(ContextRunnable.java:37) [ratis-thirdparty-misc-0.2.0.jar:0.2.0]
	at org.apache.ratis.thirdparty.io.grpc.internal.SerializingExecutor.run(SerializingExecutor.java:123) [ratis-thirdparty-misc-0.2.0.jar:0.2.0]
	at java.util.concurrent.ThreadPoolExecutor.runWorker(ThreadPoolExecutor.java:1149) [?:1.8.0_212]
	at java.util.concurrent.ThreadPoolExecutor$Worker.run(ThreadPoolExecutor.java:624) [?:1.8.0_212]
	at java.lang.Thread.run(Thread.java:748) [?:1.8.0_212]
2019-08-30 13:30:32,690 [grpc-default-executor-16] INFO  client.GrpcClientProtocolClient (GrpcClientProtocolClient.java:onNext(255)) - client-4649EAAEC38A->17eac7c6-5527-41ae-a3ec-0a2e795a5a04: receive RaftClientReply:client-4649EAAEC38A->17eac7c6-5527-41ae-a3ec-0a2e795a5a04@group-6081EC5FEC8F, cid=188, FAILED org.apache.ratis.protocol.StateMachineException: org.apache.hadoop.hdds.scm.container.common.helpers.ContainerNotOpenException from Server 17eac7c6-5527-41ae-a3ec-0a2e795a5a04: Container 1 in CLOSING state, logIndex=0, commits[17eac7c6-5527-41ae-a3ec-0a2e795a5a04:c18, ce179378-4143-4946-9570-61adb5fbe2a3:c17, 88755f3d-3e87-497e-8a8d-202fed172cc3:c16]
13:30:32.690 [grpc-default-executor-12] ERROR DNAudit - user=null | ip=null | op=PUT_BLOCK {blockData=[blockId=conID: 1 locID: 102706171218427918 bcsId: 0,size=800]} | ret=FAILURE
org.apache.hadoop.hdds.scm.container.common.helpers.ContainerNotOpenException: Container 1 in CLOSING state
	at org.apache.hadoop.ozone.container.common.impl.HddsDispatcher.validateContainerCommand(HddsDispatcher.java:408) ~[hadoop-hdds-container-service-0.5.0-SNAPSHOT.jar:?]
	at org.apache.hadoop.ozone.container.common.transport.server.ratis.ContainerStateMachine.startTransaction(ContainerStateMachine.java:310) ~[hadoop-hdds-container-service-0.5.0-SNAPSHOT.jar:?]
	at org.apache.ratis.server.impl.RaftServerImpl.submitClientRequestAsync(RaftServerImpl.java:566) ~[ratis-server-0.4.0-2337318-SNAPSHOT.jar:0.4.0-2337318-SNAPSHOT]
	at org.apache.ratis.server.impl.RaftServerProxy.lambda$submitClientRequestAsync$7(RaftServerProxy.java:333) ~[ratis-server-0.4.0-2337318-SNAPSHOT.jar:0.4.0-2337318-SNAPSHOT]
	at org.apache.ratis.server.impl.RaftServerProxy.lambda$null$5(RaftServerProxy.java:328) ~[ratis-server-0.4.0-2337318-SNAPSHOT.jar:0.4.0-2337318-SNAPSHOT]
	at org.apache.ratis.util.JavaUtils.callAsUnchecked(JavaUtils.java:109) ~[ratis-common-0.4.0-2337318-SNAPSHOT.jar:0.4.0-2337318-SNAPSHOT]
	at org.apache.ratis.server.impl.RaftServerProxy.lambda$submitRequest$6(RaftServerProxy.java:328) ~[ratis-server-0.4.0-2337318-SNAPSHOT.jar:0.4.0-2337318-SNAPSHOT]
	at java.util.concurrent.CompletableFuture.uniComposeStage(CompletableFuture.java:981) ~[?:1.8.0_212]
	at java.util.concurrent.CompletableFuture.thenCompose(CompletableFuture.java:2124) ~[?:1.8.0_212]
	at org.apache.ratis.server.impl.RaftServerProxy.submitRequest(RaftServerProxy.java:327) ~[ratis-server-0.4.0-2337318-SNAPSHOT.jar:0.4.0-2337318-SNAPSHOT]
	at org.apache.ratis.server.impl.RaftServerProxy.submitClientRequestAsync(RaftServerProxy.java:333) ~[ratis-server-0.4.0-2337318-SNAPSHOT.jar:0.4.0-2337318-SNAPSHOT]
	at org.apache.ratis.grpc.client.GrpcClientProtocolService$RequestStreamObserver.processClientRequest(GrpcClientProtocolService.java:220) ~[ratis-grpc-0.4.0-2337318-SNAPSHOT.jar:0.4.0-2337318-SNAPSHOT]
	at org.apache.ratis.grpc.client.GrpcClientProtocolService$OrderedRequestStreamObserver.processClientRequest(GrpcClientProtocolService.java:326) ~[ratis-grpc-0.4.0-2337318-SNAPSHOT.jar:0.4.0-2337318-SNAPSHOT]
	at org.apache.ratis.util.SlidingWindow$Server.processRequestsFromHead(SlidingWindow.java:429) [ratis-common-0.4.0-2337318-SNAPSHOT.jar:0.4.0-2337318-SNAPSHOT]
	at org.apache.ratis.util.SlidingWindow$Server.receivedRequest(SlidingWindow.java:421) [ratis-common-0.4.0-2337318-SNAPSHOT.jar:0.4.0-2337318-SNAPSHOT]
	at org.apache.ratis.grpc.client.GrpcClientProtocolService$OrderedRequestStreamObserver.processClientRequest(GrpcClientProtocolService.java:345) [ratis-grpc-0.4.0-2337318-SNAPSHOT.jar:0.4.0-2337318-SNAPSHOT]
	at org.apache.ratis.grpc.client.GrpcClientProtocolService$RequestStreamObserver.onNext(GrpcClientProtocolService.java:240) [ratis-grpc-0.4.0-2337318-SNAPSHOT.jar:0.4.0-2337318-SNAPSHOT]
	at org.apache.ratis.grpc.client.GrpcClientProtocolService$RequestStreamObserver.onNext(GrpcClientProtocolService.java:168) [ratis-grpc-0.4.0-2337318-SNAPSHOT.jar:0.4.0-2337318-SNAPSHOT]
	at org.apache.ratis.thirdparty.io.grpc.stub.ServerCalls$StreamingServerCallHandler$StreamingServerCallListener.onMessage(ServerCalls.java:248) [ratis-thirdparty-misc-0.2.0.jar:0.2.0]
	at org.apache.ratis.thirdparty.io.grpc.internal.ServerCallImpl$ServerStreamListenerImpl.messagesAvailable(ServerCallImpl.java:263) [ratis-thirdparty-misc-0.2.0.jar:0.2.0]
	at org.apache.ratis.thirdparty.io.grpc.internal.ServerImpl$JumpToApplicationThreadServerStreamListener$1MessagesAvailable.runInContext(ServerImpl.java:686) [ratis-thirdparty-misc-0.2.0.jar:0.2.0]
	at org.apache.ratis.thirdparty.io.grpc.internal.ContextRunnable.run(ContextRunnable.java:37) [ratis-thirdparty-misc-0.2.0.jar:0.2.0]
	at org.apache.ratis.thirdparty.io.grpc.internal.SerializingExecutor.run(SerializingExecutor.java:123) [ratis-thirdparty-misc-0.2.0.jar:0.2.0]
	at java.util.concurrent.ThreadPoolExecutor.runWorker(ThreadPoolExecutor.java:1149) [?:1.8.0_212]
	at java.util.concurrent.ThreadPoolExecutor$Worker.run(ThreadPoolExecutor.java:624) [?:1.8.0_212]
	at java.lang.Thread.run(Thread.java:748) [?:1.8.0_212]
2019-08-30 13:30:32,697 [grpc-default-executor-12] INFO  client.GrpcClientProtocolClient (GrpcClientProtocolClient.java:onNext(255)) - client-4649EAAEC38A->17eac7c6-5527-41ae-a3ec-0a2e795a5a04: receive RaftClientReply:client-4649EAAEC38A->17eac7c6-5527-41ae-a3ec-0a2e795a5a04@group-6081EC5FEC8F, cid=189, FAILED org.apache.ratis.protocol.StateMachineException: org.apache.hadoop.hdds.scm.container.common.helpers.ContainerNotOpenException from Server 17eac7c6-5527-41ae-a3ec-0a2e795a5a04: Container 1 in CLOSING state, logIndex=0, commits[17eac7c6-5527-41ae-a3ec-0a2e795a5a04:c18, ce179378-4143-4946-9570-61adb5fbe2a3:c17, 88755f3d-3e87-497e-8a8d-202fed172cc3:c16]
2019-08-30 13:30:32,731 [grpc-default-executor-12] INFO  client.GrpcClientProtocolClient (GrpcClientProtocolClient.java:onNext(255)) - client-A443A1246018->3d46801a-90d5-4528-b1c3-555bb626bd0c: receive RaftClientReply:client-A443A1246018->3d46801a-90d5-4528-b1c3-555bb626bd0c@group-2C32FE13FBC5, cid=190, FAILED org.apache.ratis.protocol.NotLeaderException: Server 3d46801a-90d5-4528-b1c3-555bb626bd0c is not the leader (a806dd1e-846c-462d-a504-58098052d4fb:192.168.5.187:38282). Request must be sent to leader., logIndex=0, commits[3d46801a-90d5-4528-b1c3-555bb626bd0c:c0, a806dd1e-846c-462d-a504-58098052d4fb:c0, ba1175ab-072c-479e-90dd-4f55ee4d9691:c0]
2019-08-30 13:30:32,872 [grpc-default-executor-12] INFO  client.GrpcClientProtocolClient (GrpcClientProtocolClient.java:onNext(255)) - client-A443A1246018->a806dd1e-846c-462d-a504-58098052d4fb: receive RaftClientReply:client-A443A1246018->a806dd1e-846c-462d-a504-58098052d4fb@group-2C32FE13FBC5, cid=190, SUCCESS, logIndex=1, commits[a806dd1e-846c-462d-a504-58098052d4fb:c1, 3d46801a-90d5-4528-b1c3-555bb626bd0c:c0, ba1175ab-072c-479e-90dd-4f55ee4d9691:c0]
2019-08-30 13:30:32,885 [grpc-default-executor-17] INFO  client.GrpcClientProtocolClient (GrpcClientProtocolClient.java:onNext(255)) - client-A443A1246018->a806dd1e-846c-462d-a504-58098052d4fb: receive RaftClientReply:client-A443A1246018->a806dd1e-846c-462d-a504-58098052d4fb@group-2C32FE13FBC5, cid=191, SUCCESS, logIndex=3, commits[a806dd1e-846c-462d-a504-58098052d4fb:c4, 3d46801a-90d5-4528-b1c3-555bb626bd0c:c1, ba1175ab-072c-479e-90dd-4f55ee4d9691:c1]
2019-08-30 13:30:32,935 [grpc-default-executor-17] INFO  client.GrpcClientProtocolClient (GrpcClientProtocolClient.java:onNext(255)) - client-A443A1246018->a806dd1e-846c-462d-a504-58098052d4fb: receive RaftClientReply:client-A443A1246018->a806dd1e-846c-462d-a504-58098052d4fb@group-2C32FE13FBC5, cid=192, SUCCESS, logIndex=4, commits[a806dd1e-846c-462d-a504-58098052d4fb:c12, 3d46801a-90d5-4528-b1c3-555bb626bd0c:c7, ba1175ab-072c-479e-90dd-4f55ee4d9691:c7]
2019-08-30 13:30:32,936 [grpc-default-executor-17] INFO  client.GrpcClientProtocolClient (GrpcClientProtocolClient.java:onNext(255)) - client-A443A1246018->a806dd1e-846c-462d-a504-58098052d4fb: receive RaftClientReply:client-A443A1246018->a806dd1e-846c-462d-a504-58098052d4fb@group-2C32FE13FBC5, cid=193, SUCCESS, logIndex=5, commits[a806dd1e-846c-462d-a504-58098052d4fb:c12, 3d46801a-90d5-4528-b1c3-555bb626bd0c:c7, ba1175ab-072c-479e-90dd-4f55ee4d9691:c7]
2019-08-30 13:30:32,937 [grpc-default-executor-17] INFO  client.GrpcClientProtocolClient (GrpcClientProtocolClient.java:onNext(255)) - client-A443A1246018->a806dd1e-846c-462d-a504-58098052d4fb: receive RaftClientReply:client-A443A1246018->a806dd1e-846c-462d-a504-58098052d4fb@group-2C32FE13FBC5, cid=194, SUCCESS, logIndex=6, commits[a806dd1e-846c-462d-a504-58098052d4fb:c12, 3d46801a-90d5-4528-b1c3-555bb626bd0c:c7, ba1175ab-072c-479e-90dd-4f55ee4d9691:c7]
2019-08-30 13:30:33,054 [grpc-default-executor-17] INFO  client.GrpcClientProtocolClient (GrpcClientProtocolClient.java:onNext(255)) - client-A443A1246018->a806dd1e-846c-462d-a504-58098052d4fb: receive RaftClientReply:client-A443A1246018->a806dd1e-846c-462d-a504-58098052d4fb@group-2C32FE13FBC5, cid=195, SUCCESS, logIndex=7, commits[a806dd1e-846c-462d-a504-58098052d4fb:c12, 3d46801a-90d5-4528-b1c3-555bb626bd0c:c7, ba1175ab-072c-479e-90dd-4f55ee4d9691:c7]
2019-08-30 13:30:33,079 [grpc-default-executor-17] INFO  client.GrpcClientProtocolClient (GrpcClientProtocolClient.java:onNext(255)) - client-A443A1246018->a806dd1e-846c-462d-a504-58098052d4fb: receive RaftClientReply:client-A443A1246018->a806dd1e-846c-462d-a504-58098052d4fb@group-2C32FE13FBC5, cid=196, SUCCESS, logIndex=13, commits[a806dd1e-846c-462d-a504-58098052d4fb:c14, 3d46801a-90d5-4528-b1c3-555bb626bd0c:c12, ba1175ab-072c-479e-90dd-4f55ee4d9691:c12]
2019-08-30 13:30:33,080 [grpc-default-executor-17] INFO  client.GrpcClientProtocolClient (GrpcClientProtocolClient.java:onNext(255)) - client-A443A1246018->a806dd1e-846c-462d-a504-58098052d4fb: receive RaftClientReply:client-A443A1246018->a806dd1e-846c-462d-a504-58098052d4fb@group-2C32FE13FBC5, cid=197, SUCCESS, logIndex=14, commits[a806dd1e-846c-462d-a504-58098052d4fb:c14, 3d46801a-90d5-4528-b1c3-555bb626bd0c:c12, ba1175ab-072c-479e-90dd-4f55ee4d9691:c12]
2019-08-30 13:30:33,095 [grpc-default-executor-17] INFO  client.GrpcClientProtocolClient (GrpcClientProtocolClient.java:onNext(255)) - client-A443A1246018->a806dd1e-846c-462d-a504-58098052d4fb: receive RaftClientReply:client-A443A1246018->a806dd1e-846c-462d-a504-58098052d4fb@group-2C32FE13FBC5, cid=198, SUCCESS, logIndex=0, commits[a806dd1e-846c-462d-a504-58098052d4fb:c15, 3d46801a-90d5-4528-b1c3-555bb626bd0c:c14, ba1175ab-072c-479e-90dd-4f55ee4d9691:c14]
2019-08-30 13:30:33,096 [main] INFO  ozone.MiniOzoneClusterImpl (MiniOzoneClusterImpl.java:shutdown(307)) - Shutting down the Mini Ozone Cluster
2019-08-30 13:30:33,096 [main] INFO  ozone.MiniOzoneClusterImpl (MiniOzoneClusterImpl.java:stop(322)) - Stopping the Mini Ozone Cluster
2019-08-30 13:30:33,097 [main] INFO  ozone.MiniOzoneClusterImpl (MiniOzoneClusterImpl.java:stop(324)) - Stopping the OzoneManager
2019-08-30 13:30:33,097 [main] INFO  ipc.Server (Server.java:stop(3082)) - Stopping server on 35249
2019-08-30 13:30:33,104 [IPC Server listener on 35249] INFO  ipc.Server (Server.java:run(1185)) - Stopping IPC Server listener on 35249
2019-08-30 13:30:33,107 [IPC Server Responder] INFO  ipc.Server (Server.java:run(1319)) - Stopping IPC Server Responder
2019-08-30 13:30:33,104 [main] INFO  ratis.OzoneManagerDoubleBuffer (OzoneManagerDoubleBuffer.java:stop(248)) - Stopping OMDoubleBuffer flush thread
2019-08-30 13:30:33,122 [OMDoubleBufferFlushThread] INFO  ratis.OzoneManagerDoubleBuffer (OzoneManagerDoubleBuffer.java:flushTransactions(191)) - OMDoubleBuffer flush thread OMDoubleBufferFlushThread is interrupted and will exit. OMDoubleBufferFlushThread
2019-08-30 13:30:33,122 [main] INFO  utils.BackgroundService (BackgroundService.java:shutdown(148)) - Shutting down service KeyDeletingService
2019-08-30 13:30:33,123 [main] INFO  handler.ContextHandler (ContextHandler.java:doStop(910)) - Stopped o.e.j.w.WebAppContext@1e226bcd{/,null,UNAVAILABLE}{/ozoneManager}
2019-08-30 13:30:33,123 [main] INFO  server.AbstractConnector (AbstractConnector.java:doStop(318)) - Stopped ServerConnector@2a8dd942{HTTP/1.1,[http/1.1]}{0.0.0.0:0}
2019-08-30 13:30:33,124 [main] INFO  handler.ContextHandler (ContextHandler.java:doStop(910)) - Stopped o.e.j.s.ServletContextHandler@634f58d2{/static,file:///workdir/hadoop-ozone/integration-test/target/test-classes/webapps/static,UNAVAILABLE}
2019-08-30 13:30:33,124 [main] INFO  handler.ContextHandler (ContextHandler.java:doStop(910)) - Stopped o.e.j.s.ServletContextHandler@19b75b2b{/logs,file:///workdir/hadoop-ozone/integration-test/target/log,UNAVAILABLE}
2019-08-30 13:30:33,126 [main] INFO  ozone.MiniOzoneClusterImpl (MiniOzoneClusterImpl.java:stop(330)) - Shutting the HddsDatanodes
2019-08-30 13:30:33,264 [Datanode State Machine Thread - 0] INFO  statemachine.DatanodeStateMachine (DatanodeStateMachine.java:lambda$startDaemon$0(350)) - Ozone container server started.
2019-08-30 13:30:33,852 [Datanode State Machine Thread - 0] INFO  statemachine.DatanodeStateMachine (DatanodeStateMachine.java:lambda$startDaemon$0(350)) - Ozone container server started.
2019-08-30 13:30:34,380 [grpc-default-executor-17] WARN  server.GrpcLogAppender (LogUtils.java:warn(134)) - 17eac7c6-5527-41ae-a3ec-0a2e795a5a04->88755f3d-3e87-497e-8a8d-202fed172cc3: Failed appendEntries: org.apache.ratis.thirdparty.io.grpc.StatusRuntimeException: UNAVAILABLE: io exception
2019-08-30 13:30:34,380 [grpc-default-executor-17] INFO  impl.FollowerInfo (FollowerInfo.java:lambda$new$0(50)) - 17eac7c6-5527-41ae-a3ec-0a2e795a5a04->88755f3d-3e87-497e-8a8d-202fed172cc3: nextIndex: updateUnconditionally 1 -> 0
2019-08-30 13:30:36,880 [grpc-default-executor-17] WARN  server.GrpcLogAppender (LogUtils.java:warn(134)) - 17eac7c6-5527-41ae-a3ec-0a2e795a5a04->88755f3d-3e87-497e-8a8d-202fed172cc3: Failed appendEntries: org.apache.ratis.thirdparty.io.grpc.StatusRuntimeException: UNAVAILABLE: io exception
2019-08-30 13:30:36,880 [grpc-default-executor-17] INFO  impl.FollowerInfo (FollowerInfo.java:lambda$new$0(50)) - 17eac7c6-5527-41ae-a3ec-0a2e795a5a04->88755f3d-3e87-497e-8a8d-202fed172cc3: nextIndex: updateUnconditionally 0 -> 0
2019-08-30 13:30:37,358 [EventQueue-StaleNodeForStaleNodeHandler] INFO  node.StaleNodeHandler (StaleNodeHandler.java:onMessage(58)) - Datanode ce179378-4143-4946-9570-61adb5fbe2a3{ip: 192.168.5.187, host: pr-hdds-2063-9bpvp-3383687481, networkLocation: /default-rack, certSerialId: null} moved to stale state. Finalizing its pipelines [PipelineID=6bb3a726-945f-4281-9668-6081ec5fec8f, PipelineID=b4a43481-aff0-4f03-8ed4-fc975474794a]
2019-08-30 13:30:37,358 [EventQueue-StaleNodeForStaleNodeHandler] INFO  pipeline.SCMPipelineManager (SCMPipelineManager.java:finalizeAndDestroyPipeline(309)) - destroying pipeline:Pipeline[ Id: 6bb3a726-945f-4281-9668-6081ec5fec8f, Nodes: 88755f3d-3e87-497e-8a8d-202fed172cc3{ip: 192.168.5.187, host: pr-hdds-2063-9bpvp-3383687481, networkLocation: /default-rack, certSerialId: null}17eac7c6-5527-41ae-a3ec-0a2e795a5a04{ip: 192.168.5.187, host: pr-hdds-2063-9bpvp-3383687481, networkLocation: /default-rack, certSerialId: null}ce179378-4143-4946-9570-61adb5fbe2a3{ip: 192.168.5.187, host: pr-hdds-2063-9bpvp-3383687481, networkLocation: /default-rack, certSerialId: null}, Type:RATIS, Factor:THREE, State:CLOSED]
2019-08-30 13:30:37,358 [EventQueue-StaleNodeForStaleNodeHandler] INFO  pipeline.SCMPipelineManager (SCMPipelineManager.java:finalizeAndDestroyPipeline(309)) - destroying pipeline:Pipeline[ Id: b4a43481-aff0-4f03-8ed4-fc975474794a, Nodes: ce179378-4143-4946-9570-61adb5fbe2a3{ip: 192.168.5.187, host: pr-hdds-2063-9bpvp-3383687481, networkLocation: /default-rack, certSerialId: null}, Type:RATIS, Factor:ONE, State:OPEN]
2019-08-30 13:30:37,359 [EventQueue-StaleNodeForStaleNodeHandler] INFO  pipeline.PipelineStateManager (PipelineStateManager.java:finalizePipeline(123)) - Pipeline Pipeline[ Id: b4a43481-aff0-4f03-8ed4-fc975474794a, Nodes: ce179378-4143-4946-9570-61adb5fbe2a3{ip: 192.168.5.187, host: pr-hdds-2063-9bpvp-3383687481, networkLocation: /default-rack, certSerialId: null}, Type:RATIS, Factor:ONE, State:CLOSED] moved to CLOSED state
2019-08-30 13:30:37,859 [EventQueue-StaleNodeForStaleNodeHandler] INFO  node.StaleNodeHandler (StaleNodeHandler.java:onMessage(58)) - Datanode a806dd1e-846c-462d-a504-58098052d4fb{ip: 192.168.5.187, host: pr-hdds-2063-9bpvp-3383687481, networkLocation: /default-rack, certSerialId: null} moved to stale state. Finalizing its pipelines [PipelineID=57159889-37ca-43ae-afae-2c32fe13fbc5, PipelineID=08617c75-550a-4b9f-a393-513bb4a0fd9f]
2019-08-30 13:30:37,859 [EventQueue-StaleNodeForStaleNodeHandler] INFO  pipeline.SCMPipelineManager (SCMPipelineManager.java:finalizeAndDestroyPipeline(309)) - destroying pipeline:Pipeline[ Id: 57159889-37ca-43ae-afae-2c32fe13fbc5, Nodes: 3d46801a-90d5-4528-b1c3-555bb626bd0c{ip: 192.168.5.187, host: pr-hdds-2063-9bpvp-3383687481, networkLocation: /default-rack, certSerialId: null}ba1175ab-072c-479e-90dd-4f55ee4d9691{ip: 192.168.5.187, host: pr-hdds-2063-9bpvp-3383687481, networkLocation: /default-rack, certSerialId: null}a806dd1e-846c-462d-a504-58098052d4fb{ip: 192.168.5.187, host: pr-hdds-2063-9bpvp-3383687481, networkLocation: /default-rack, certSerialId: null}, Type:RATIS, Factor:THREE, State:OPEN]
2019-08-30 13:30:37,859 [EventQueue-StaleNodeForStaleNodeHandler] INFO  pipeline.PipelineStateManager (PipelineStateManager.java:finalizePipeline(123)) - Pipeline Pipeline[ Id: 57159889-37ca-43ae-afae-2c32fe13fbc5, Nodes: 3d46801a-90d5-4528-b1c3-555bb626bd0c{ip: 192.168.5.187, host: pr-hdds-2063-9bpvp-3383687481, networkLocation: /default-rack, certSerialId: null}ba1175ab-072c-479e-90dd-4f55ee4d9691{ip: 192.168.5.187, host: pr-hdds-2063-9bpvp-3383687481, networkLocation: /default-rack, certSerialId: null}a806dd1e-846c-462d-a504-58098052d4fb{ip: 192.168.5.187, host: pr-hdds-2063-9bpvp-3383687481, networkLocation: /default-rack, certSerialId: null}, Type:RATIS, Factor:THREE, State:CLOSED] moved to CLOSED state
2019-08-30 13:30:37,860 [EventQueue-CloseContainerForCloseContainerEventHandler] INFO  container.CloseContainerEventHandler (CloseContainerEventHandler.java:onMessage(61)) - Close container Event triggered for container : #2
2019-08-30 13:30:37,860 [EventQueue-StaleNodeForStaleNodeHandler] INFO  pipeline.SCMPipelineManager (SCMPipelineManager.java:finalizeAndDestroyPipeline(309)) - destroying pipeline:Pipeline[ Id: 08617c75-550a-4b9f-a393-513bb4a0fd9f, Nodes: a806dd1e-846c-462d-a504-58098052d4fb{ip: 192.168.5.187, host: pr-hdds-2063-9bpvp-3383687481, networkLocation: /default-rack, certSerialId: null}, Type:RATIS, Factor:ONE, State:OPEN]
2019-08-30 13:30:37,860 [EventQueue-StaleNodeForStaleNodeHandler] INFO  pipeline.PipelineStateManager (PipelineStateManager.java:finalizePipeline(123)) - Pipeline Pipeline[ Id: 08617c75-550a-4b9f-a393-513bb4a0fd9f, Nodes: a806dd1e-846c-462d-a504-58098052d4fb{ip: 192.168.5.187, host: pr-hdds-2063-9bpvp-3383687481, networkLocation: /default-rack, certSerialId: null}, Type:RATIS, Factor:ONE, State:CLOSED] moved to CLOSED state
2019-08-30 13:30:38,129 [main] INFO  ozoneimpl.OzoneContainer (OzoneContainer.java:stop(215)) - Attempting to stop container services.
2019-08-30 13:30:38,129 [ForkJoinPool.commonPool-worker-1] INFO  ozoneimpl.OzoneContainer (OzoneContainer.java:stop(215)) - Attempting to stop container services.
2019-08-30 13:30:38,130 [main] INFO  impl.RaftServerProxy (RaftServerProxy.java:lambda$close$4(314)) - ce179378-4143-4946-9570-61adb5fbe2a3: close
2019-08-30 13:30:38,130 [ForkJoinPool.commonPool-worker-1] INFO  impl.RaftServerProxy (RaftServerProxy.java:lambda$close$4(314)) - a806dd1e-846c-462d-a504-58098052d4fb: close
2019-08-30 13:30:38,131 [main] INFO  impl.RaftServerImpl (RaftServerImpl.java:lambda$shutdown$3(245)) - ce179378-4143-4946-9570-61adb5fbe2a3: shutdown group-6081EC5FEC8F
2019-08-30 13:30:38,131 [ForkJoinPool.commonPool-worker-1] INFO  impl.RaftServerImpl (RaftServerImpl.java:lambda$shutdown$3(245)) - a806dd1e-846c-462d-a504-58098052d4fb: shutdown group-2C32FE13FBC5
2019-08-30 13:30:38,131 [main] INFO  util.JmxRegister (JmxRegister.java:unregister(73)) - Successfully un-registered JMX Bean with object name Ratis:service=RaftServer,group=group-6081EC5FEC8F,id=ce179378-4143-4946-9570-61adb5fbe2a3
2019-08-30 13:30:38,132 [ForkJoinPool.commonPool-worker-1] INFO  util.JmxRegister (JmxRegister.java:unregister(73)) - Successfully un-registered JMX Bean with object name Ratis:service=RaftServer,group=group-2C32FE13FBC5,id=a806dd1e-846c-462d-a504-58098052d4fb
2019-08-30 13:30:38,132 [main] INFO  impl.RoleInfo (RoleInfo.java:shutdownFollowerState(121)) - ce179378-4143-4946-9570-61adb5fbe2a3: shutdown FollowerState
2019-08-30 13:30:38,132 [ForkJoinPool.commonPool-worker-1] INFO  impl.RoleInfo (RoleInfo.java:shutdownLeaderState(104)) - a806dd1e-846c-462d-a504-58098052d4fb: shutdown LeaderState
2019-08-30 13:30:38,133 [StateMachineUpdater:ce179378-4143-4946-9570-61adb5fbe2a3:group-6081EC5FEC8F] INFO  ratis.ContainerStateMachine (ContainerStateMachine.java:takeSnapshot(284)) - group-6081EC5FEC8F: Taking a snapshot at:(t:1, i:14) file /workdir/hadoop-ozone/integration-test/target/test-dir/MiniOzoneClusterImpl-87a06edb-9c05-4a0f-ad83-64a51ce4a81e/datanode-3/data/ratis/6bb3a726-945f-4281-9668-6081ec5fec8f/sm/snapshot.1_14
2019-08-30 13:30:38,136 [org.apache.ratis.server.impl.LogAppender$AppenderDaemon$$Lambda$495/1652735595@627abb1a] WARN  server.GrpcLogAppender (GrpcLogAppender.java:mayWait(143)) - GrpcLogAppender(a806dd1e-846c-462d-a504-58098052d4fb->3d46801a-90d5-4528-b1c3-555bb626bd0c): Wait interrupted by java.lang.InterruptedException
2019-08-30 13:30:38,133 [Thread-3838] INFO  impl.FollowerState (FollowerState.java:run(114)) - ce179378-4143-4946-9570-61adb5fbe2a3: FollowerState was interrupted: java.lang.InterruptedException: sleep interrupted
2019-08-30 13:30:38,133 [main] INFO  impl.StateMachineUpdater (StateMachineUpdater.java:stopAndJoin(115)) - StateMachineUpdater:ce179378-4143-4946-9570-61adb5fbe2a3:group-6081EC5FEC8F: set stopIndex = 18
2019-08-30 13:30:38,139 [grpc-default-executor-17] INFO  server.GrpcServerProtocolService (GrpcServerProtocolService.java:onCompleted(104)) - 3d46801a-90d5-4528-b1c3-555bb626bd0c: appendEntries completed
2019-08-30 13:30:38,136 [org.apache.ratis.server.impl.LogAppender$AppenderDaemon$$Lambda$495/1652735595@27782931] WARN  server.GrpcLogAppender (GrpcLogAppender.java:mayWait(143)) - GrpcLogAppender(a806dd1e-846c-462d-a504-58098052d4fb->ba1175ab-072c-479e-90dd-4f55ee4d9691): Wait interrupted by java.lang.InterruptedException
2019-08-30 13:30:38,136 [ForkJoinPool.commonPool-worker-1] INFO  impl.PendingRequests (PendingRequests.java:sendNotLeaderResponses(202)) - a806dd1e-846c-462d-a504-58098052d4fb-PendingRequests: sendNotLeaderResponses
2019-08-30 13:30:38,140 [grpc-default-executor-16] INFO  server.GrpcServerProtocolService (GrpcServerProtocolService.java:onCompleted(104)) - ba1175ab-072c-479e-90dd-4f55ee4d9691: appendEntries completed
2019-08-30 13:30:38,139 [grpc-default-executor-17] INFO  server.GrpcLogAppender (GrpcLogAppender.java:onCompleted(292)) - a806dd1e-846c-462d-a504-58098052d4fb->3d46801a-90d5-4528-b1c3-555bb626bd0c: follower responses appendEntries COMPLETED
2019-08-30 13:30:38,144 [ForkJoinPool.commonPool-worker-1] INFO  impl.StateMachineUpdater (StateMachineUpdater.java:stopAndJoin(115)) - StateMachineUpdater:a806dd1e-846c-462d-a504-58098052d4fb:group-2C32FE13FBC5: set stopIndex = 16
2019-08-30 13:30:38,144 [grpc-default-executor-17] INFO  impl.FollowerInfo (FollowerInfo.java:lambda$new$0(50)) - a806dd1e-846c-462d-a504-58098052d4fb->3d46801a-90d5-4528-b1c3-555bb626bd0c: nextIndex: updateUnconditionally 17 -> 16
2019-08-30 13:30:38,144 [grpc-default-executor-16] INFO  server.GrpcLogAppender (GrpcLogAppender.java:onCompleted(292)) - a806dd1e-846c-462d-a504-58098052d4fb->ba1175ab-072c-479e-90dd-4f55ee4d9691: follower responses appendEntries COMPLETED
2019-08-30 13:30:38,144 [StateMachineUpdater:a806dd1e-846c-462d-a504-58098052d4fb:group-2C32FE13FBC5] INFO  ratis.ContainerStateMachine (ContainerStateMachine.java:takeSnapshot(284)) - group-2C32FE13FBC5: Taking a snapshot at:(t:1, i:14) file /workdir/hadoop-ozone/integration-test/target/test-dir/MiniOzoneClusterImpl-87a06edb-9c05-4a0f-ad83-64a51ce4a81e/datanode-1/data/ratis/57159889-37ca-43ae-afae-2c32fe13fbc5/sm/snapshot.1_14
2019-08-30 13:30:38,145 [grpc-default-executor-16] INFO  impl.FollowerInfo (FollowerInfo.java:lambda$new$0(50)) - a806dd1e-846c-462d-a504-58098052d4fb->ba1175ab-072c-479e-90dd-4f55ee4d9691: nextIndex: updateUnconditionally 17 -> 16
2019-08-30 13:30:38,154 [StateMachineUpdater:a806dd1e-846c-462d-a504-58098052d4fb:group-2C32FE13FBC5] INFO  ratis.ContainerStateMachine (ContainerStateMachine.java:takeSnapshot(295)) - group-2C32FE13FBC5: Finished taking a snapshot at:(t:1, i:14) file:/workdir/hadoop-ozone/integration-test/target/test-dir/MiniOzoneClusterImpl-87a06edb-9c05-4a0f-ad83-64a51ce4a81e/datanode-1/data/ratis/57159889-37ca-43ae-afae-2c32fe13fbc5/sm/snapshot.1_14 time:10
2019-08-30 13:30:38,154 [StateMachineUpdater:ce179378-4143-4946-9570-61adb5fbe2a3:group-6081EC5FEC8F] INFO  ratis.ContainerStateMachine (ContainerStateMachine.java:takeSnapshot(295)) - group-6081EC5FEC8F: Finished taking a snapshot at:(t:1, i:14) file:/workdir/hadoop-ozone/integration-test/target/test-dir/MiniOzoneClusterImpl-87a06edb-9c05-4a0f-ad83-64a51ce4a81e/datanode-3/data/ratis/6bb3a726-945f-4281-9668-6081ec5fec8f/sm/snapshot.1_14 time:21
2019-08-30 13:30:38,155 [StateMachineUpdater:a806dd1e-846c-462d-a504-58098052d4fb:group-2C32FE13FBC5] INFO  impl.StateMachineUpdater (StateMachineUpdater.java:takeSnapshot(242)) - StateMachineUpdater:a806dd1e-846c-462d-a504-58098052d4fb:group-2C32FE13FBC5: Took a snapshot at index 14
2019-08-30 13:30:38,155 [StateMachineUpdater:ce179378-4143-4946-9570-61adb5fbe2a3:group-6081EC5FEC8F] INFO  impl.StateMachineUpdater (StateMachineUpdater.java:takeSnapshot(242)) - StateMachineUpdater:ce179378-4143-4946-9570-61adb5fbe2a3:group-6081EC5FEC8F: Took a snapshot at index 14
2019-08-30 13:30:38,155 [StateMachineUpdater:a806dd1e-846c-462d-a504-58098052d4fb:group-2C32FE13FBC5] INFO  impl.StateMachineUpdater (StateMachineUpdater.java:lambda$new$0(80)) - StateMachineUpdater:a806dd1e-846c-462d-a504-58098052d4fb:group-2C32FE13FBC5: snapshotIndex: updateIncreasingly -1 -> 14
2019-08-30 13:30:38,155 [StateMachineUpdater:ce179378-4143-4946-9570-61adb5fbe2a3:group-6081EC5FEC8F] INFO  impl.StateMachineUpdater (StateMachineUpdater.java:lambda$new$0(80)) - StateMachineUpdater:ce179378-4143-4946-9570-61adb5fbe2a3:group-6081EC5FEC8F: snapshotIndex: updateIncreasingly -1 -> 14
2019-08-30 13:30:38,155 [ForkJoinPool.commonPool-worker-1] INFO  impl.RaftServerImpl (ServerState.java:close(394)) - a806dd1e-846c-462d-a504-58098052d4fb:group-2C32FE13FBC5 closes. The last applied log index is 16
2019-08-30 13:30:38,155 [main] INFO  impl.RaftServerImpl (ServerState.java:close(394)) - ce179378-4143-4946-9570-61adb5fbe2a3:group-6081EC5FEC8F closes. The last applied log index is 18
2019-08-30 13:30:38,156 [a806dd1e-846c-462d-a504-58098052d4fb-SegmentedRaftLogWorker:Storage Directory /workdir/hadoop-ozone/integration-test/target/test-dir/MiniOzoneClusterImpl-87a06edb-9c05-4a0f-ad83-64a51ce4a81e/datanode-1/data/ratis/57159889-37ca-43ae-afae-2c32fe13fbc5] INFO  segmented.SegmentedRaftLogWorker (SegmentedRaftLogWorker.java:run(313)) - a806dd1e-846c-462d-a504-58098052d4fb-SegmentedRaftLogWorker:Storage Directory /workdir/hadoop-ozone/integration-test/target/test-dir/MiniOzoneClusterImpl-87a06edb-9c05-4a0f-ad83-64a51ce4a81e/datanode-1/data/ratis/57159889-37ca-43ae-afae-2c32fe13fbc5 was interrupted, exiting. There are 0 tasks remaining in the queue.
2019-08-30 13:30:38,156 [ce179378-4143-4946-9570-61adb5fbe2a3-SegmentedRaftLogWorker:Storage Directory /workdir/hadoop-ozone/integration-test/target/test-dir/MiniOzoneClusterImpl-87a06edb-9c05-4a0f-ad83-64a51ce4a81e/datanode-3/data/ratis/6bb3a726-945f-4281-9668-6081ec5fec8f] INFO  segmented.SegmentedRaftLogWorker (SegmentedRaftLogWorker.java:run(313)) - ce179378-4143-4946-9570-61adb5fbe2a3-SegmentedRaftLogWorker:Storage Directory /workdir/hadoop-ozone/integration-test/target/test-dir/MiniOzoneClusterImpl-87a06edb-9c05-4a0f-ad83-64a51ce4a81e/datanode-3/data/ratis/6bb3a726-945f-4281-9668-6081ec5fec8f was interrupted, exiting. There are 0 tasks remaining in the queue.
2019-08-30 13:30:38,158 [ForkJoinPool.commonPool-worker-1] INFO  segmented.SegmentedRaftLogWorker (SegmentedRaftLogWorker.java:close(228)) - a806dd1e-846c-462d-a504-58098052d4fb-SegmentedRaftLogWorker:Storage Directory /workdir/hadoop-ozone/integration-test/target/test-dir/MiniOzoneClusterImpl-87a06edb-9c05-4a0f-ad83-64a51ce4a81e/datanode-1/data/ratis/57159889-37ca-43ae-afae-2c32fe13fbc5 close()
2019-08-30 13:30:38,160 [main] INFO  segmented.SegmentedRaftLogWorker (SegmentedRaftLogWorker.java:close(228)) - ce179378-4143-4946-9570-61adb5fbe2a3-SegmentedRaftLogWorker:Storage Directory /workdir/hadoop-ozone/integration-test/target/test-dir/MiniOzoneClusterImpl-87a06edb-9c05-4a0f-ad83-64a51ce4a81e/datanode-3/data/ratis/6bb3a726-945f-4281-9668-6081ec5fec8f close()
2019-08-30 13:30:38,164 [ForkJoinPool.commonPool-worker-1] INFO  impl.RaftServerImpl (RaftServerImpl.java:lambda$shutdown$3(245)) - a806dd1e-846c-462d-a504-58098052d4fb: shutdown group-513BB4A0FD9F
2019-08-30 13:30:38,168 [main] INFO  impl.RaftServerImpl (RaftServerImpl.java:lambda$shutdown$3(245)) - ce179378-4143-4946-9570-61adb5fbe2a3: shutdown group-FC975474794A
2019-08-30 13:30:38,168 [ForkJoinPool.commonPool-worker-1] INFO  util.JmxRegister (JmxRegister.java:unregister(73)) - Successfully un-registered JMX Bean with object name Ratis:service=RaftServer,group=group-513BB4A0FD9F,id=a806dd1e-846c-462d-a504-58098052d4fb
2019-08-30 13:30:38,168 [main] INFO  util.JmxRegister (JmxRegister.java:unregister(73)) - Successfully un-registered JMX Bean with object name Ratis:service=RaftServer,group=group-FC975474794A,id=ce179378-4143-4946-9570-61adb5fbe2a3
2019-08-30 13:30:38,169 [ForkJoinPool.commonPool-worker-1] INFO  impl.RoleInfo (RoleInfo.java:shutdownLeaderState(104)) - a806dd1e-846c-462d-a504-58098052d4fb: shutdown LeaderState
2019-08-30 13:30:38,169 [main] INFO  impl.RoleInfo (RoleInfo.java:shutdownLeaderState(104)) - ce179378-4143-4946-9570-61adb5fbe2a3: shutdown LeaderState
2019-08-30 13:30:38,170 [ForkJoinPool.commonPool-worker-1] INFO  impl.PendingRequests (PendingRequests.java:sendNotLeaderResponses(202)) - a806dd1e-846c-462d-a504-58098052d4fb-PendingRequests: sendNotLeaderResponses
2019-08-30 13:30:38,170 [main] INFO  impl.PendingRequests (PendingRequests.java:sendNotLeaderResponses(202)) - ce179378-4143-4946-9570-61adb5fbe2a3-PendingRequests: sendNotLeaderResponses
2019-08-30 13:30:38,170 [ForkJoinPool.commonPool-worker-1] INFO  impl.StateMachineUpdater (StateMachineUpdater.java:stopAndJoin(115)) - StateMachineUpdater:a806dd1e-846c-462d-a504-58098052d4fb:group-513BB4A0FD9F: set stopIndex = 0
2019-08-30 13:30:38,171 [main] INFO  impl.StateMachineUpdater (StateMachineUpdater.java:stopAndJoin(115)) - StateMachineUpdater:ce179378-4143-4946-9570-61adb5fbe2a3:group-FC975474794A: set stopIndex = 0
2019-08-30 13:30:38,171 [main] INFO  impl.RaftServerImpl (ServerState.java:close(394)) - ce179378-4143-4946-9570-61adb5fbe2a3:group-FC975474794A closes. The last applied log index is 0
2019-08-30 13:30:38,171 [ForkJoinPool.commonPool-worker-1] INFO  impl.RaftServerImpl (ServerState.java:close(394)) - a806dd1e-846c-462d-a504-58098052d4fb:group-513BB4A0FD9F closes. The last applied log index is 0
2019-08-30 13:30:38,172 [ce179378-4143-4946-9570-61adb5fbe2a3-SegmentedRaftLogWorker:Storage Directory /workdir/hadoop-ozone/integration-test/target/test-dir/MiniOzoneClusterImpl-87a06edb-9c05-4a0f-ad83-64a51ce4a81e/datanode-3/data/ratis/b4a43481-aff0-4f03-8ed4-fc975474794a] INFO  segmented.SegmentedRaftLogWorker (SegmentedRaftLogWorker.java:run(313)) - ce179378-4143-4946-9570-61adb5fbe2a3-SegmentedRaftLogWorker:Storage Directory /workdir/hadoop-ozone/integration-test/target/test-dir/MiniOzoneClusterImpl-87a06edb-9c05-4a0f-ad83-64a51ce4a81e/datanode-3/data/ratis/b4a43481-aff0-4f03-8ed4-fc975474794a was interrupted, exiting. There are 0 tasks remaining in the queue.
2019-08-30 13:30:38,172 [a806dd1e-846c-462d-a504-58098052d4fb-SegmentedRaftLogWorker:Storage Directory /workdir/hadoop-ozone/integration-test/target/test-dir/MiniOzoneClusterImpl-87a06edb-9c05-4a0f-ad83-64a51ce4a81e/datanode-1/data/ratis/08617c75-550a-4b9f-a393-513bb4a0fd9f] INFO  segmented.SegmentedRaftLogWorker (SegmentedRaftLogWorker.java:run(313)) - a806dd1e-846c-462d-a504-58098052d4fb-SegmentedRaftLogWorker:Storage Directory /workdir/hadoop-ozone/integration-test/target/test-dir/MiniOzoneClusterImpl-87a06edb-9c05-4a0f-ad83-64a51ce4a81e/datanode-1/data/ratis/08617c75-550a-4b9f-a393-513bb4a0fd9f was interrupted, exiting. There are 0 tasks remaining in the queue.
2019-08-30 13:30:38,174 [main] INFO  segmented.SegmentedRaftLogWorker (SegmentedRaftLogWorker.java:close(228)) - ce179378-4143-4946-9570-61adb5fbe2a3-SegmentedRaftLogWorker:Storage Directory /workdir/hadoop-ozone/integration-test/target/test-dir/MiniOzoneClusterImpl-87a06edb-9c05-4a0f-ad83-64a51ce4a81e/datanode-3/data/ratis/b4a43481-aff0-4f03-8ed4-fc975474794a close()
2019-08-30 13:30:38,176 [ForkJoinPool.commonPool-worker-1] INFO  segmented.SegmentedRaftLogWorker (SegmentedRaftLogWorker.java:close(228)) - a806dd1e-846c-462d-a504-58098052d4fb-SegmentedRaftLogWorker:Storage Directory /workdir/hadoop-ozone/integration-test/target/test-dir/MiniOzoneClusterImpl-87a06edb-9c05-4a0f-ad83-64a51ce4a81e/datanode-1/data/ratis/08617c75-550a-4b9f-a393-513bb4a0fd9f close()
2019-08-30 13:30:38,179 [main] INFO  server.GrpcService (GrpcService.java:closeImpl(155)) - ce179378-4143-4946-9570-61adb5fbe2a3: shutdown server with port 42060 now
2019-08-30 13:30:38,183 [ForkJoinPool.commonPool-worker-1] INFO  server.GrpcService (GrpcService.java:closeImpl(155)) - a806dd1e-846c-462d-a504-58098052d4fb: shutdown server with port 38282 now
2019-08-30 13:30:38,183 [grpc-default-executor-17] WARN  server.GrpcServerProtocolService (LogUtils.java:warn(134)) - ce179378-4143-4946-9570-61adb5fbe2a3: appendEntries onError: org.apache.ratis.thirdparty.io.grpc.StatusRuntimeException: CANCELLED: cancelled before receiving half close
2019-08-30 13:30:38,184 [grpc-default-executor-16] WARN  server.GrpcLogAppender (LogUtils.java:warn(134)) - 17eac7c6-5527-41ae-a3ec-0a2e795a5a04->ce179378-4143-4946-9570-61adb5fbe2a3: Failed appendEntries: org.apache.ratis.thirdparty.io.grpc.StatusRuntimeException: CANCELLED: HTTP/2 error code: CANCEL
Received Rst Stream
2019-08-30 13:30:38,184 [grpc-default-executor-12] WARN  client.GrpcClientProtocolService (LogUtils.java:warn(134)) - 1-UnorderedRequestStreamObserver1: onError: org.apache.ratis.thirdparty.io.grpc.StatusRuntimeException: CANCELLED: cancelled before receiving half close
2019-08-30 13:30:38,184 [grpc-default-executor-16] INFO  impl.FollowerInfo (FollowerInfo.java:lambda$new$0(50)) - 17eac7c6-5527-41ae-a3ec-0a2e795a5a04->ce179378-4143-4946-9570-61adb5fbe2a3: nextIndex: updateUnconditionally 19 -> 18
2019-08-30 13:30:38,184 [ForkJoinPool.commonPool-worker-1] INFO  server.GrpcService (GrpcService.java:closeImpl(163)) - a806dd1e-846c-462d-a504-58098052d4fb: shutdown server with port 38282 successfully
2019-08-30 13:30:38,184 [main] INFO  server.GrpcService (GrpcService.java:closeImpl(163)) - ce179378-4143-4946-9570-61adb5fbe2a3: shutdown server with port 42060 successfully
2019-08-30 13:30:38,188 [refreshUsed-/workdir/hadoop-ozone/integration-test/target/test-dir/MiniOzoneClusterImpl-87a06edb-9c05-4a0f-ad83-64a51ce4a81e/datanode-1/data/containers] WARN  fs.CachingGetSpaceUsed (CachingGetSpaceUsed.java:run(183)) - Thread Interrupted waiting to refresh disk information: sleep interrupted
2019-08-30 13:30:38,189 [refreshUsed-/workdir/hadoop-ozone/integration-test/target/test-dir/MiniOzoneClusterImpl-87a06edb-9c05-4a0f-ad83-64a51ce4a81e/datanode-3/data/containers] WARN  fs.CachingGetSpaceUsed (CachingGetSpaceUsed.java:run(183)) - Thread Interrupted waiting to refresh disk information: sleep interrupted
2019-08-30 13:30:38,205 [ForkJoinPool.commonPool-worker-1] INFO  utils.BackgroundService (BackgroundService.java:shutdown(148)) - Shutting down service BlockDeletingService
2019-08-30 13:30:38,210 [ForkJoinPool.commonPool-worker-1] INFO  statemachine.DatanodeStateMachine (DatanodeStateMachine.java:stopDaemon(395)) - Ozone container server stopped.
2019-08-30 13:30:38,215 [ForkJoinPool.commonPool-worker-1] INFO  handler.ContextHandler (ContextHandler.java:doStop(910)) - Stopped o.e.j.w.WebAppContext@6f91fbda{/,null,UNAVAILABLE}{/hddsDatanode}
2019-08-30 13:30:38,216 [ForkJoinPool.commonPool-worker-1] INFO  server.AbstractConnector (AbstractConnector.java:doStop(318)) - Stopped ServerConnector@723e3c17{HTTP/1.1,[http/1.1]}{0.0.0.0:0}
2019-08-30 13:30:38,217 [ForkJoinPool.commonPool-worker-1] INFO  handler.ContextHandler (ContextHandler.java:doStop(910)) - Stopped o.e.j.s.ServletContextHandler@216372b7{/static,jar:file:/home/user/.m2/repository/org/apache/hadoop/hadoop-hdds-container-service/0.5.0-SNAPSHOT/hadoop-hdds-container-service-0.5.0-SNAPSHOT.jar!/webapps/static,UNAVAILABLE}
2019-08-30 13:30:38,219 [ForkJoinPool.commonPool-worker-1] INFO  handler.ContextHandler (ContextHandler.java:doStop(910)) - Stopped o.e.j.s.ServletContextHandler@508ad266{/logs,file:///workdir/hadoop-ozone/integration-test/target/log,UNAVAILABLE}
2019-08-30 13:30:38,220 [main] INFO  utils.BackgroundService (BackgroundService.java:shutdown(148)) - Shutting down service BlockDeletingService
2019-08-30 13:30:38,224 [main] INFO  statemachine.DatanodeStateMachine (DatanodeStateMachine.java:stopDaemon(395)) - Ozone container server stopped.
2019-08-30 13:30:38,225 [main] INFO  handler.ContextHandler (ContextHandler.java:doStop(910)) - Stopped o.e.j.w.WebAppContext@4def7d36{/,null,UNAVAILABLE}{/hddsDatanode}
2019-08-30 13:30:38,226 [main] INFO  server.AbstractConnector (AbstractConnector.java:doStop(318)) - Stopped ServerConnector@43c7fe8a{HTTP/1.1,[http/1.1]}{0.0.0.0:0}
2019-08-30 13:30:38,226 [main] INFO  handler.ContextHandler (ContextHandler.java:doStop(910)) - Stopped o.e.j.s.ServletContextHandler@6889f56f{/static,jar:file:/home/user/.m2/repository/org/apache/hadoop/hadoop-hdds-container-service/0.5.0-SNAPSHOT/hadoop-hdds-container-service-0.5.0-SNAPSHOT.jar!/webapps/static,UNAVAILABLE}
2019-08-30 13:30:38,227 [main] INFO  handler.ContextHandler (ContextHandler.java:doStop(910)) - Stopped o.e.j.s.ServletContextHandler@1332dec4{/logs,file:///workdir/hadoop-ozone/integration-test/target/log,UNAVAILABLE}
2019-08-30 13:30:38,852 [Datanode State Machine Thread - 0] INFO  statemachine.DatanodeStateMachine (DatanodeStateMachine.java:lambda$startDaemon$0(350)) - Ozone container server started.
2019-08-30 13:30:38,961 [Datanode State Machine Thread - 0] INFO  statemachine.DatanodeStateMachine (DatanodeStateMachine.java:lambda$startDaemon$0(350)) - Ozone container server started.
2019-08-30 13:30:39,380 [grpc-default-executor-16] WARN  server.GrpcLogAppender (LogUtils.java:warn(134)) - 17eac7c6-5527-41ae-a3ec-0a2e795a5a04->88755f3d-3e87-497e-8a8d-202fed172cc3: Failed appendEntries: org.apache.ratis.thirdparty.io.grpc.StatusRuntimeException: UNAVAILABLE: io exception
2019-08-30 13:30:39,380 [grpc-default-executor-17] WARN  server.GrpcLogAppender (LogUtils.java:warn(134)) - 17eac7c6-5527-41ae-a3ec-0a2e795a5a04->ce179378-4143-4946-9570-61adb5fbe2a3: Failed appendEntries: org.apache.ratis.thirdparty.io.grpc.StatusRuntimeException: UNAVAILABLE: io exception
2019-08-30 13:30:39,381 [grpc-default-executor-16] INFO  impl.FollowerInfo (FollowerInfo.java:lambda$new$0(50)) - 17eac7c6-5527-41ae-a3ec-0a2e795a5a04->88755f3d-3e87-497e-8a8d-202fed172cc3: nextIndex: updateUnconditionally 0 -> 0
2019-08-30 13:30:39,381 [grpc-default-executor-17] INFO  impl.FollowerInfo (FollowerInfo.java:lambda$new$0(50)) - 17eac7c6-5527-41ae-a3ec-0a2e795a5a04->ce179378-4143-4946-9570-61adb5fbe2a3: nextIndex: updateUnconditionally 18 -> 17
2019-08-30 13:30:41,882 [grpc-default-executor-12] WARN  server.GrpcLogAppender (LogUtils.java:warn(134)) - 17eac7c6-5527-41ae-a3ec-0a2e795a5a04->ce179378-4143-4946-9570-61adb5fbe2a3: Failed appendEntries: org.apache.ratis.thirdparty.io.grpc.StatusRuntimeException: UNAVAILABLE: io exception
2019-08-30 13:30:41,882 [grpc-default-executor-18] WARN  server.GrpcLogAppender (LogUtils.java:warn(134)) - 17eac7c6-5527-41ae-a3ec-0a2e795a5a04->88755f3d-3e87-497e-8a8d-202fed172cc3: Failed appendEntries: org.apache.ratis.thirdparty.io.grpc.StatusRuntimeException: UNAVAILABLE: io exception
2019-08-30 13:30:41,882 [grpc-default-executor-12] INFO  impl.FollowerInfo (FollowerInfo.java:lambda$new$0(50)) - 17eac7c6-5527-41ae-a3ec-0a2e795a5a04->ce179378-4143-4946-9570-61adb5fbe2a3: nextIndex: updateUnconditionally 17 -> 16
2019-08-30 13:30:41,882 [grpc-default-executor-18] INFO  impl.FollowerInfo (FollowerInfo.java:lambda$new$0(50)) - 17eac7c6-5527-41ae-a3ec-0a2e795a5a04->88755f3d-3e87-497e-8a8d-202fed172cc3: nextIndex: updateUnconditionally 0 -> 0
2019-08-30 13:30:42,867 [EventQueue-StaleNodeForStaleNodeHandler] INFO  node.StaleNodeHandler (StaleNodeHandler.java:onMessage(58)) - Datanode ba1175ab-072c-479e-90dd-4f55ee4d9691{ip: 192.168.5.187, host: pr-hdds-2063-9bpvp-3383687481, networkLocation: /default-rack, certSerialId: null} moved to stale state. Finalizing its pipelines [PipelineID=57159889-37ca-43ae-afae-2c32fe13fbc5, PipelineID=9daf2756-2038-4fcf-a0e1-6ceadedc504e]
2019-08-30 13:30:42,867 [EventQueue-StaleNodeForStaleNodeHandler] INFO  pipeline.SCMPipelineManager (SCMPipelineManager.java:finalizeAndDestroyPipeline(309)) - destroying pipeline:Pipeline[ Id: 57159889-37ca-43ae-afae-2c32fe13fbc5, Nodes: 3d46801a-90d5-4528-b1c3-555bb626bd0c{ip: 192.168.5.187, host: pr-hdds-2063-9bpvp-3383687481, networkLocation: /default-rack, certSerialId: null}ba1175ab-072c-479e-90dd-4f55ee4d9691{ip: 192.168.5.187, host: pr-hdds-2063-9bpvp-3383687481, networkLocation: /default-rack, certSerialId: null}a806dd1e-846c-462d-a504-58098052d4fb{ip: 192.168.5.187, host: pr-hdds-2063-9bpvp-3383687481, networkLocation: /default-rack, certSerialId: null}, Type:RATIS, Factor:THREE, State:CLOSED]
2019-08-30 13:30:42,868 [EventQueue-StaleNodeForStaleNodeHandler] INFO  pipeline.SCMPipelineManager (SCMPipelineManager.java:finalizeAndDestroyPipeline(309)) - destroying pipeline:Pipeline[ Id: 9daf2756-2038-4fcf-a0e1-6ceadedc504e, Nodes: ba1175ab-072c-479e-90dd-4f55ee4d9691{ip: 192.168.5.187, host: pr-hdds-2063-9bpvp-3383687481, networkLocation: /default-rack, certSerialId: null}, Type:RATIS, Factor:ONE, State:OPEN]
2019-08-30 13:30:42,868 [EventQueue-StaleNodeForStaleNodeHandler] INFO  pipeline.PipelineStateManager (PipelineStateManager.java:finalizePipeline(123)) - Pipeline Pipeline[ Id: 9daf2756-2038-4fcf-a0e1-6ceadedc504e, Nodes: ba1175ab-072c-479e-90dd-4f55ee4d9691{ip: 192.168.5.187, host: pr-hdds-2063-9bpvp-3383687481, networkLocation: /default-rack, certSerialId: null}, Type:RATIS, Factor:ONE, State:CLOSED] moved to CLOSED state
2019-08-30 13:30:42,967 [EventQueue-StaleNodeForStaleNodeHandler] INFO  node.StaleNodeHandler (StaleNodeHandler.java:onMessage(58)) - Datanode 340f6f47-2259-4dbb-bff3-14284eae0e6a{ip: 192.168.5.187, host: pr-hdds-2063-9bpvp-3383687481, networkLocation: /default-rack, certSerialId: null} moved to stale state. Finalizing its pipelines []
2019-08-30 13:30:43,220 [ForkJoinPool.commonPool-worker-1] INFO  ozoneimpl.OzoneContainer (OzoneContainer.java:stop(215)) - Attempting to stop container services.
2019-08-30 13:30:43,221 [ForkJoinPool.commonPool-worker-1] INFO  impl.RaftServerProxy (RaftServerProxy.java:lambda$close$4(314)) - ba1175ab-072c-479e-90dd-4f55ee4d9691: close
2019-08-30 13:30:43,221 [ForkJoinPool.commonPool-worker-1] INFO  impl.RaftServerImpl (RaftServerImpl.java:lambda$shutdown$3(245)) - ba1175ab-072c-479e-90dd-4f55ee4d9691: shutdown group-2C32FE13FBC5
2019-08-30 13:30:43,221 [ForkJoinPool.commonPool-worker-1] INFO  util.JmxRegister (JmxRegister.java:unregister(73)) - Successfully un-registered JMX Bean with object name Ratis:service=RaftServer,group=group-2C32FE13FBC5,id=ba1175ab-072c-479e-90dd-4f55ee4d9691
2019-08-30 13:30:43,222 [ForkJoinPool.commonPool-worker-1] INFO  impl.RoleInfo (RoleInfo.java:shutdownFollowerState(121)) - ba1175ab-072c-479e-90dd-4f55ee4d9691: shutdown FollowerState
2019-08-30 13:30:43,222 [ForkJoinPool.commonPool-worker-1] INFO  impl.StateMachineUpdater (StateMachineUpdater.java:stopAndJoin(115)) - StateMachineUpdater:ba1175ab-072c-479e-90dd-4f55ee4d9691:group-2C32FE13FBC5: set stopIndex = 16
2019-08-30 13:30:43,222 [StateMachineUpdater:ba1175ab-072c-479e-90dd-4f55ee4d9691:group-2C32FE13FBC5] INFO  ratis.ContainerStateMachine (ContainerStateMachine.java:takeSnapshot(284)) - group-2C32FE13FBC5: Taking a snapshot at:(t:1, i:14) file /workdir/hadoop-ozone/integration-test/target/test-dir/MiniOzoneClusterImpl-87a06edb-9c05-4a0f-ad83-64a51ce4a81e/datanode-2/data/ratis/57159889-37ca-43ae-afae-2c32fe13fbc5/sm/snapshot.1_14
2019-08-30 13:30:43,222 [Thread-3647] INFO  impl.FollowerState (FollowerState.java:run(114)) - ba1175ab-072c-479e-90dd-4f55ee4d9691: FollowerState was interrupted: java.lang.InterruptedException: sleep interrupted
2019-08-30 13:30:43,230 [main] INFO  ozoneimpl.OzoneContainer (OzoneContainer.java:stop(215)) - Attempting to stop container services.
2019-08-30 13:30:43,231 [main] INFO  impl.RaftServerProxy (RaftServerProxy.java:lambda$close$4(314)) - 340f6f47-2259-4dbb-bff3-14284eae0e6a: close
2019-08-30 13:30:43,232 [main] INFO  server.GrpcService (GrpcService.java:closeImpl(155)) - 340f6f47-2259-4dbb-bff3-14284eae0e6a: shutdown server with port 38975 now
2019-08-30 13:30:43,233 [main] INFO  server.GrpcService (GrpcService.java:closeImpl(163)) - 340f6f47-2259-4dbb-bff3-14284eae0e6a: shutdown server with port 38975 successfully
2019-08-30 13:30:43,235 [refreshUsed-/workdir/hadoop-ozone/integration-test/target/test-dir/MiniOzoneClusterImpl-87a06edb-9c05-4a0f-ad83-64a51ce4a81e/datanode-6/data/containers] WARN  fs.CachingGetSpaceUsed (CachingGetSpaceUsed.java:run(183)) - Thread Interrupted waiting to refresh disk information: sleep interrupted
2019-08-30 13:30:43,243 [StateMachineUpdater:ba1175ab-072c-479e-90dd-4f55ee4d9691:group-2C32FE13FBC5] INFO  ratis.ContainerStateMachine (ContainerStateMachine.java:takeSnapshot(295)) - group-2C32FE13FBC5: Finished taking a snapshot at:(t:1, i:14) file:/workdir/hadoop-ozone/integration-test/target/test-dir/MiniOzoneClusterImpl-87a06edb-9c05-4a0f-ad83-64a51ce4a81e/datanode-2/data/ratis/57159889-37ca-43ae-afae-2c32fe13fbc5/sm/snapshot.1_14 time:20
2019-08-30 13:30:43,243 [StateMachineUpdater:ba1175ab-072c-479e-90dd-4f55ee4d9691:group-2C32FE13FBC5] INFO  impl.StateMachineUpdater (StateMachineUpdater.java:takeSnapshot(242)) - StateMachineUpdater:ba1175ab-072c-479e-90dd-4f55ee4d9691:group-2C32FE13FBC5: Took a snapshot at index 14
2019-08-30 13:30:43,243 [StateMachineUpdater:ba1175ab-072c-479e-90dd-4f55ee4d9691:group-2C32FE13FBC5] INFO  impl.StateMachineUpdater (StateMachineUpdater.java:lambda$new$0(80)) - StateMachineUpdater:ba1175ab-072c-479e-90dd-4f55ee4d9691:group-2C32FE13FBC5: snapshotIndex: updateIncreasingly -1 -> 14
2019-08-30 13:30:43,243 [ForkJoinPool.commonPool-worker-1] INFO  impl.RaftServerImpl (ServerState.java:close(394)) - ba1175ab-072c-479e-90dd-4f55ee4d9691:group-2C32FE13FBC5 closes. The last applied log index is 16
2019-08-30 13:30:43,244 [ba1175ab-072c-479e-90dd-4f55ee4d9691-SegmentedRaftLogWorker:Storage Directory /workdir/hadoop-ozone/integration-test/target/test-dir/MiniOzoneClusterImpl-87a06edb-9c05-4a0f-ad83-64a51ce4a81e/datanode-2/data/ratis/57159889-37ca-43ae-afae-2c32fe13fbc5] INFO  segmented.SegmentedRaftLogWorker (SegmentedRaftLogWorker.java:run(313)) - ba1175ab-072c-479e-90dd-4f55ee4d9691-SegmentedRaftLogWorker:Storage Directory /workdir/hadoop-ozone/integration-test/target/test-dir/MiniOzoneClusterImpl-87a06edb-9c05-4a0f-ad83-64a51ce4a81e/datanode-2/data/ratis/57159889-37ca-43ae-afae-2c32fe13fbc5 was interrupted, exiting. There are 0 tasks remaining in the queue.
2019-08-30 13:30:43,245 [ForkJoinPool.commonPool-worker-1] INFO  segmented.SegmentedRaftLogWorker (SegmentedRaftLogWorker.java:close(228)) - ba1175ab-072c-479e-90dd-4f55ee4d9691-SegmentedRaftLogWorker:Storage Directory /workdir/hadoop-ozone/integration-test/target/test-dir/MiniOzoneClusterImpl-87a06edb-9c05-4a0f-ad83-64a51ce4a81e/datanode-2/data/ratis/57159889-37ca-43ae-afae-2c32fe13fbc5 close()
2019-08-30 13:30:43,248 [ForkJoinPool.commonPool-worker-1] INFO  impl.RaftServerImpl (RaftServerImpl.java:lambda$shutdown$3(245)) - ba1175ab-072c-479e-90dd-4f55ee4d9691: shutdown group-6CEADEDC504E
2019-08-30 13:30:43,249 [ForkJoinPool.commonPool-worker-1] INFO  util.JmxRegister (JmxRegister.java:unregister(73)) - Successfully un-registered JMX Bean with object name Ratis:service=RaftServer,group=group-6CEADEDC504E,id=ba1175ab-072c-479e-90dd-4f55ee4d9691
2019-08-30 13:30:43,249 [ForkJoinPool.commonPool-worker-1] INFO  impl.RoleInfo (RoleInfo.java:shutdownLeaderState(104)) - ba1175ab-072c-479e-90dd-4f55ee4d9691: shutdown LeaderState
2019-08-30 13:30:43,250 [ForkJoinPool.commonPool-worker-1] INFO  impl.PendingRequests (PendingRequests.java:sendNotLeaderResponses(202)) - ba1175ab-072c-479e-90dd-4f55ee4d9691-PendingRequests: sendNotLeaderResponses
2019-08-30 13:30:43,250 [ForkJoinPool.commonPool-worker-1] INFO  impl.StateMachineUpdater (StateMachineUpdater.java:stopAndJoin(115)) - StateMachineUpdater:ba1175ab-072c-479e-90dd-4f55ee4d9691:group-6CEADEDC504E: set stopIndex = 0
2019-08-30 13:30:43,250 [ForkJoinPool.commonPool-worker-1] INFO  impl.RaftServerImpl (ServerState.java:close(394)) - ba1175ab-072c-479e-90dd-4f55ee4d9691:group-6CEADEDC504E closes. The last applied log index is 0
2019-08-30 13:30:43,251 [ba1175ab-072c-479e-90dd-4f55ee4d9691-SegmentedRaftLogWorker:Storage Directory /workdir/hadoop-ozone/integration-test/target/test-dir/MiniOzoneClusterImpl-87a06edb-9c05-4a0f-ad83-64a51ce4a81e/datanode-2/data/ratis/9daf2756-2038-4fcf-a0e1-6ceadedc504e] INFO  segmented.SegmentedRaftLogWorker (SegmentedRaftLogWorker.java:run(313)) - ba1175ab-072c-479e-90dd-4f55ee4d9691-SegmentedRaftLogWorker:Storage Directory /workdir/hadoop-ozone/integration-test/target/test-dir/MiniOzoneClusterImpl-87a06edb-9c05-4a0f-ad83-64a51ce4a81e/datanode-2/data/ratis/9daf2756-2038-4fcf-a0e1-6ceadedc504e was interrupted, exiting. There are 0 tasks remaining in the queue.
2019-08-30 13:30:43,253 [ForkJoinPool.commonPool-worker-1] INFO  segmented.SegmentedRaftLogWorker (SegmentedRaftLogWorker.java:close(228)) - ba1175ab-072c-479e-90dd-4f55ee4d9691-SegmentedRaftLogWorker:Storage Directory /workdir/hadoop-ozone/integration-test/target/test-dir/MiniOzoneClusterImpl-87a06edb-9c05-4a0f-ad83-64a51ce4a81e/datanode-2/data/ratis/9daf2756-2038-4fcf-a0e1-6ceadedc504e close()
2019-08-30 13:30:43,255 [ForkJoinPool.commonPool-worker-1] INFO  server.GrpcService (GrpcService.java:closeImpl(155)) - ba1175ab-072c-479e-90dd-4f55ee4d9691: shutdown server with port 35142 now
2019-08-30 13:30:43,256 [ForkJoinPool.commonPool-worker-1] INFO  server.GrpcService (GrpcService.java:closeImpl(163)) - ba1175ab-072c-479e-90dd-4f55ee4d9691: shutdown server with port 35142 successfully
2019-08-30 13:30:43,259 [refreshUsed-/workdir/hadoop-ozone/integration-test/target/test-dir/MiniOzoneClusterImpl-87a06edb-9c05-4a0f-ad83-64a51ce4a81e/datanode-2/data/containers] WARN  fs.CachingGetSpaceUsed (CachingGetSpaceUsed.java:run(183)) - Thread Interrupted waiting to refresh disk information: sleep interrupted
2019-08-30 13:30:43,262 [main] INFO  utils.BackgroundService (BackgroundService.java:shutdown(148)) - Shutting down service BlockDeletingService
2019-08-30 13:30:43,267 [main] INFO  statemachine.DatanodeStateMachine (DatanodeStateMachine.java:stopDaemon(395)) - Ozone container server stopped.
2019-08-30 13:30:43,268 [main] INFO  handler.ContextHandler (ContextHandler.java:doStop(910)) - Stopped o.e.j.w.WebAppContext@4a22e4d7{/,null,UNAVAILABLE}{/hddsDatanode}
2019-08-30 13:30:43,270 [main] INFO  server.AbstractConnector (AbstractConnector.java:doStop(318)) - Stopped ServerConnector@d8835af{HTTP/1.1,[http/1.1]}{0.0.0.0:0}
2019-08-30 13:30:43,271 [main] INFO  handler.ContextHandler (ContextHandler.java:doStop(910)) - Stopped o.e.j.s.ServletContextHandler@15d236fd{/static,jar:file:/home/user/.m2/repository/org/apache/hadoop/hadoop-hdds-container-service/0.5.0-SNAPSHOT/hadoop-hdds-container-service-0.5.0-SNAPSHOT.jar!/webapps/static,UNAVAILABLE}
2019-08-30 13:30:43,271 [main] INFO  handler.ContextHandler (ContextHandler.java:doStop(910)) - Stopped o.e.j.s.ServletContextHandler@5fdd97c1{/logs,file:///workdir/hadoop-ozone/integration-test/target/log,UNAVAILABLE}
2019-08-30 13:30:43,282 [ForkJoinPool.commonPool-worker-1] INFO  utils.BackgroundService (BackgroundService.java:shutdown(148)) - Shutting down service BlockDeletingService
2019-08-30 13:30:43,285 [ForkJoinPool.commonPool-worker-1] INFO  statemachine.DatanodeStateMachine (DatanodeStateMachine.java:stopDaemon(395)) - Ozone container server stopped.
2019-08-30 13:30:43,289 [ForkJoinPool.commonPool-worker-1] INFO  handler.ContextHandler (ContextHandler.java:doStop(910)) - Stopped o.e.j.w.WebAppContext@55877274{/,null,UNAVAILABLE}{/hddsDatanode}
2019-08-30 13:30:43,289 [ForkJoinPool.commonPool-worker-1] INFO  server.AbstractConnector (AbstractConnector.java:doStop(318)) - Stopped ServerConnector@723e2d08{HTTP/1.1,[http/1.1]}{0.0.0.0:0}
2019-08-30 13:30:43,290 [ForkJoinPool.commonPool-worker-1] INFO  handler.ContextHandler (ContextHandler.java:doStop(910)) - Stopped o.e.j.s.ServletContextHandler@70881123{/static,jar:file:/home/user/.m2/repository/org/apache/hadoop/hadoop-hdds-container-service/0.5.0-SNAPSHOT/hadoop-hdds-container-service-0.5.0-SNAPSHOT.jar!/webapps/static,UNAVAILABLE}
2019-08-30 13:30:43,291 [ForkJoinPool.commonPool-worker-1] INFO  handler.ContextHandler (ContextHandler.java:doStop(910)) - Stopped o.e.j.s.ServletContextHandler@53314f76{/logs,file:///workdir/hadoop-ozone/integration-test/target/log,UNAVAILABLE}
2019-08-30 13:30:43,870 [Datanode State Machine Thread - 0] INFO  statemachine.DatanodeStateMachine (DatanodeStateMachine.java:lambda$startDaemon$0(350)) - Ozone container server started.
2019-08-30 13:30:44,266 [Datanode State Machine Thread - 0] INFO  statemachine.DatanodeStateMachine (DatanodeStateMachine.java:lambda$startDaemon$0(350)) - Ozone container server started.
2019-08-30 13:30:44,383 [grpc-default-executor-16] WARN  server.GrpcLogAppender (LogUtils.java:warn(134)) - 17eac7c6-5527-41ae-a3ec-0a2e795a5a04->ce179378-4143-4946-9570-61adb5fbe2a3: Failed appendEntries: org.apache.ratis.thirdparty.io.grpc.StatusRuntimeException: UNAVAILABLE: io exception
2019-08-30 13:30:44,383 [grpc-default-executor-18] WARN  server.GrpcLogAppender (LogUtils.java:warn(134)) - 17eac7c6-5527-41ae-a3ec-0a2e795a5a04->88755f3d-3e87-497e-8a8d-202fed172cc3: Failed appendEntries: org.apache.ratis.thirdparty.io.grpc.StatusRuntimeException: UNAVAILABLE: io exception
2019-08-30 13:30:44,384 [grpc-default-executor-16] INFO  impl.FollowerInfo (FollowerInfo.java:lambda$new$0(50)) - 17eac7c6-5527-41ae-a3ec-0a2e795a5a04->ce179378-4143-4946-9570-61adb5fbe2a3: nextIndex: updateUnconditionally 16 -> 15
2019-08-30 13:30:44,384 [grpc-default-executor-18] INFO  impl.FollowerInfo (FollowerInfo.java:lambda$new$0(50)) - 17eac7c6-5527-41ae-a3ec-0a2e795a5a04->88755f3d-3e87-497e-8a8d-202fed172cc3: nextIndex: updateUnconditionally 0 -> 0
2019-08-30 13:30:46,564 [Thread-3646] INFO  impl.FollowerState (FollowerState.java:run(106)) - 3d46801a-90d5-4528-b1c3-555bb626bd0c:group-2C32FE13FBC5 changes to CANDIDATE, lastRpcTime:8466, electionTimeout:5025ms
2019-08-30 13:30:46,564 [Thread-3646] INFO  impl.RoleInfo (RoleInfo.java:shutdownFollowerState(121)) - 3d46801a-90d5-4528-b1c3-555bb626bd0c: shutdown FollowerState
2019-08-30 13:30:46,564 [Thread-3646] INFO  impl.RaftServerImpl (RaftServerImpl.java:setRole(171)) - 3d46801a-90d5-4528-b1c3-555bb626bd0c:group-2C32FE13FBC5 changes role from FOLLOWER to CANDIDATE at term 1 for changeToCandidate
2019-08-30 13:30:46,564 [Thread-3646] INFO  impl.RoleInfo (RoleInfo.java:updateAndGet(143)) - 3d46801a-90d5-4528-b1c3-555bb626bd0c: start LeaderElection
2019-08-30 13:30:46,565 [3d46801a-90d5-4528-b1c3-555bb626bd0c:group-2C32FE13FBC5:LeaderElection84] INFO  impl.RaftServerImpl (ServerState.java:setLeader(263)) - 3d46801a-90d5-4528-b1c3-555bb626bd0c:group-2C32FE13FBC5 change Leader from a806dd1e-846c-462d-a504-58098052d4fb to null at term 1 for initElection
2019-08-30 13:30:46,579 [3d46801a-90d5-4528-b1c3-555bb626bd0c:group-2C32FE13FBC5:LeaderElection84] INFO  impl.LeaderElection (LeaderElection.java:askForVotes(181)) - 3d46801a-90d5-4528-b1c3-555bb626bd0c:group-2C32FE13FBC5:LeaderElection84: begin an election at term 2 for 0: [a806dd1e-846c-462d-a504-58098052d4fb:192.168.5.187:38282, 3d46801a-90d5-4528-b1c3-555bb626bd0c:192.168.5.187:36120, ba1175ab-072c-479e-90dd-4f55ee4d9691:192.168.5.187:35142], old=null
2019-08-30 13:30:46,581 [3d46801a-90d5-4528-b1c3-555bb626bd0c:group-2C32FE13FBC5:LeaderElection84] INFO  impl.LeaderElection (LogUtils.java:infoOrTrace(149)) - 3d46801a-90d5-4528-b1c3-555bb626bd0c:group-2C32FE13FBC5:LeaderElection84 got exception when requesting votes: {}
java.util.concurrent.ExecutionException: org.apache.ratis.thirdparty.io.grpc.StatusRuntimeException: UNAVAILABLE: io exception
	at java.util.concurrent.FutureTask.report(FutureTask.java:122)
	at java.util.concurrent.FutureTask.get(FutureTask.java:192)
	at org.apache.ratis.server.impl.LeaderElection.waitForResults(LeaderElection.java:262)
	at org.apache.ratis.server.impl.LeaderElection.askForVotes(LeaderElection.java:200)
	at org.apache.ratis.server.impl.LeaderElection.run(LeaderElection.java:130)
	at java.lang.Thread.run(Thread.java:748)
Caused by: org.apache.ratis.thirdparty.io.grpc.StatusRuntimeException: UNAVAILABLE: io exception
	at org.apache.ratis.thirdparty.io.grpc.stub.ClientCalls.toStatusRuntimeException(ClientCalls.java:233)
	at org.apache.ratis.thirdparty.io.grpc.stub.ClientCalls.getUnchecked(ClientCalls.java:214)
	at org.apache.ratis.thirdparty.io.grpc.stub.ClientCalls.blockingUnaryCall(ClientCalls.java:139)
	at org.apache.ratis.proto.grpc.RaftServerProtocolServiceGrpc$RaftServerProtocolServiceBlockingStub.requestVote(RaftServerProtocolServiceGrpc.java:265)
	at org.apache.ratis.grpc.server.GrpcServerProtocolClient.requestVote(GrpcServerProtocolClient.java:83)
	at org.apache.ratis.grpc.server.GrpcService.requestVote(GrpcService.java:195)
	at org.apache.ratis.server.impl.LeaderElection.lambda$submitRequests$1(LeaderElection.java:237)
	at java.util.concurrent.FutureTask.run(FutureTask.java:266)
	at java.util.concurrent.Executors$RunnableAdapter.call(Executors.java:511)
	at java.util.concurrent.FutureTask.run(FutureTask.java:266)
	at java.util.concurrent.ThreadPoolExecutor.runWorker(ThreadPoolExecutor.java:1149)
	at java.util.concurrent.ThreadPoolExecutor$Worker.run(ThreadPoolExecutor.java:624)
	... 1 more
Caused by: org.apache.ratis.thirdparty.io.netty.channel.AbstractChannel$AnnotatedConnectException: Connection refused: /192.168.5.187:35142
	at sun.nio.ch.SocketChannelImpl.checkConnect(Native Method)
	at sun.nio.ch.SocketChannelImpl.finishConnect(SocketChannelImpl.java:717)
	at org.apache.ratis.thirdparty.io.netty.channel.socket.nio.NioSocketChannel.doFinishConnect(NioSocketChannel.java:327)
	at org.apache.ratis.thirdparty.io.netty.channel.nio.AbstractNioChannel$AbstractNioUnsafe.finishConnect(AbstractNioChannel.java:340)
	at org.apache.ratis.thirdparty.io.netty.channel.nio.NioEventLoop.processSelectedKey(NioEventLoop.java:632)
	at org.apache.ratis.thirdparty.io.netty.channel.nio.NioEventLoop.processSelectedKeysOptimized(NioEventLoop.java:579)
	at org.apache.ratis.thirdparty.io.netty.channel.nio.NioEventLoop.processSelectedKeys(NioEventLoop.java:496)
	at org.apache.ratis.thirdparty.io.netty.channel.nio.NioEventLoop.run(NioEventLoop.java:458)
	at org.apache.ratis.thirdparty.io.netty.util.concurrent.SingleThreadEventExecutor$5.run(SingleThreadEventExecutor.java:897)
	at org.apache.ratis.thirdparty.io.netty.util.concurrent.FastThreadLocalRunnable.run(FastThreadLocalRunnable.java:30)
	... 1 more
Caused by: java.net.ConnectException: Connection refused
	... 11 more
2019-08-30 13:30:46,583 [3d46801a-90d5-4528-b1c3-555bb626bd0c:group-2C32FE13FBC5:LeaderElection84] INFO  impl.LeaderElection (LogUtils.java:infoOrTrace(149)) - 3d46801a-90d5-4528-b1c3-555bb626bd0c:group-2C32FE13FBC5:LeaderElection84 got exception when requesting votes: {}
java.util.concurrent.ExecutionException: org.apache.ratis.thirdparty.io.grpc.StatusRuntimeException: UNAVAILABLE: io exception
	at java.util.concurrent.FutureTask.report(FutureTask.java:122)
	at java.util.concurrent.FutureTask.get(FutureTask.java:192)
	at org.apache.ratis.server.impl.LeaderElection.waitForResults(LeaderElection.java:262)
	at org.apache.ratis.server.impl.LeaderElection.askForVotes(LeaderElection.java:200)
	at org.apache.ratis.server.impl.LeaderElection.run(LeaderElection.java:130)
	at java.lang.Thread.run(Thread.java:748)
Caused by: org.apache.ratis.thirdparty.io.grpc.StatusRuntimeException: UNAVAILABLE: io exception
	at org.apache.ratis.thirdparty.io.grpc.stub.ClientCalls.toStatusRuntimeException(ClientCalls.java:233)
	at org.apache.ratis.thirdparty.io.grpc.stub.ClientCalls.getUnchecked(ClientCalls.java:214)
	at org.apache.ratis.thirdparty.io.grpc.stub.ClientCalls.blockingUnaryCall(ClientCalls.java:139)
	at org.apache.ratis.proto.grpc.RaftServerProtocolServiceGrpc$RaftServerProtocolServiceBlockingStub.requestVote(RaftServerProtocolServiceGrpc.java:265)
	at org.apache.ratis.grpc.server.GrpcServerProtocolClient.requestVote(GrpcServerProtocolClient.java:83)
	at org.apache.ratis.grpc.server.GrpcService.requestVote(GrpcService.java:195)
	at org.apache.ratis.server.impl.LeaderElection.lambda$submitRequests$1(LeaderElection.java:237)
	at java.util.concurrent.FutureTask.run(FutureTask.java:266)
	at java.util.concurrent.Executors$RunnableAdapter.call(Executors.java:511)
	at java.util.concurrent.FutureTask.run(FutureTask.java:266)
	at java.util.concurrent.ThreadPoolExecutor.runWorker(ThreadPoolExecutor.java:1149)
	at java.util.concurrent.ThreadPoolExecutor$Worker.run(ThreadPoolExecutor.java:624)
	... 1 more
Caused by: org.apache.ratis.thirdparty.io.netty.channel.AbstractChannel$AnnotatedConnectException: Connection refused: /192.168.5.187:38282
	at sun.nio.ch.SocketChannelImpl.checkConnect(Native Method)
	at sun.nio.ch.SocketChannelImpl.finishConnect(SocketChannelImpl.java:717)
	at org.apache.ratis.thirdparty.io.netty.channel.socket.nio.NioSocketChannel.doFinishConnect(NioSocketChannel.java:327)
	at org.apache.ratis.thirdparty.io.netty.channel.nio.AbstractNioChannel$AbstractNioUnsafe.finishConnect(AbstractNioChannel.java:340)
	at org.apache.ratis.thirdparty.io.netty.channel.nio.NioEventLoop.processSelectedKey(NioEventLoop.java:632)
	at org.apache.ratis.thirdparty.io.netty.channel.nio.NioEventLoop.processSelectedKeysOptimized(NioEventLoop.java:579)
	at org.apache.ratis.thirdparty.io.netty.channel.nio.NioEventLoop.processSelectedKeys(NioEventLoop.java:496)
	at org.apache.ratis.thirdparty.io.netty.channel.nio.NioEventLoop.run(NioEventLoop.java:458)
	at org.apache.ratis.thirdparty.io.netty.util.concurrent.SingleThreadEventExecutor$5.run(SingleThreadEventExecutor.java:897)
	at org.apache.ratis.thirdparty.io.netty.util.concurrent.FastThreadLocalRunnable.run(FastThreadLocalRunnable.java:30)
	... 1 more
Caused by: java.net.ConnectException: Connection refused
	... 11 more
2019-08-30 13:30:46,584 [3d46801a-90d5-4528-b1c3-555bb626bd0c:group-2C32FE13FBC5:LeaderElection84] INFO  impl.LeaderElection (LeaderElection.java:logAndReturn(56)) - 3d46801a-90d5-4528-b1c3-555bb626bd0c:group-2C32FE13FBC5:LeaderElection84: Election REJECTED; received 0 response(s) [] and 2 exception(s); 3d46801a-90d5-4528-b1c3-555bb626bd0c:t2, leader=null, voted=3d46801a-90d5-4528-b1c3-555bb626bd0c, raftlog=3d46801a-90d5-4528-b1c3-555bb626bd0c-SegmentedRaftLog:OPENED:c16,f16,i16, conf=0: [a806dd1e-846c-462d-a504-58098052d4fb:192.168.5.187:38282, 3d46801a-90d5-4528-b1c3-555bb626bd0c:192.168.5.187:36120, ba1175ab-072c-479e-90dd-4f55ee4d9691:192.168.5.187:35142], old=null
2019-08-30 13:30:46,584 [3d46801a-90d5-4528-b1c3-555bb626bd0c:group-2C32FE13FBC5:LeaderElection84] INFO  impl.LeaderElection (LogUtils.java:infoOrTrace(149)) -   Exception 0: {}
java.util.concurrent.ExecutionException: org.apache.ratis.thirdparty.io.grpc.StatusRuntimeException: UNAVAILABLE: io exception
	at java.util.concurrent.FutureTask.report(FutureTask.java:122)
	at java.util.concurrent.FutureTask.get(FutureTask.java:192)
	at org.apache.ratis.server.impl.LeaderElection.waitForResults(LeaderElection.java:262)
	at org.apache.ratis.server.impl.LeaderElection.askForVotes(LeaderElection.java:200)
	at org.apache.ratis.server.impl.LeaderElection.run(LeaderElection.java:130)
	at java.lang.Thread.run(Thread.java:748)
Caused by: org.apache.ratis.thirdparty.io.grpc.StatusRuntimeException: UNAVAILABLE: io exception
	at org.apache.ratis.thirdparty.io.grpc.stub.ClientCalls.toStatusRuntimeException(ClientCalls.java:233)
	at org.apache.ratis.thirdparty.io.grpc.stub.ClientCalls.getUnchecked(ClientCalls.java:214)
	at org.apache.ratis.thirdparty.io.grpc.stub.ClientCalls.blockingUnaryCall(ClientCalls.java:139)
	at org.apache.ratis.proto.grpc.RaftServerProtocolServiceGrpc$RaftServerProtocolServiceBlockingStub.requestVote(RaftServerProtocolServiceGrpc.java:265)
	at org.apache.ratis.grpc.server.GrpcServerProtocolClient.requestVote(GrpcServerProtocolClient.java:83)
	at org.apache.ratis.grpc.server.GrpcService.requestVote(GrpcService.java:195)
	at org.apache.ratis.server.impl.LeaderElection.lambda$submitRequests$1(LeaderElection.java:237)
	at java.util.concurrent.FutureTask.run(FutureTask.java:266)
	at java.util.concurrent.Executors$RunnableAdapter.call(Executors.java:511)
	at java.util.concurrent.FutureTask.run(FutureTask.java:266)
	at java.util.concurrent.ThreadPoolExecutor.runWorker(ThreadPoolExecutor.java:1149)
	at java.util.concurrent.ThreadPoolExecutor$Worker.run(ThreadPoolExecutor.java:624)
	... 1 more
Caused by: org.apache.ratis.thirdparty.io.netty.channel.AbstractChannel$AnnotatedConnectException: Connection refused: /192.168.5.187:35142
	at sun.nio.ch.SocketChannelImpl.checkConnect(Native Method)
	at sun.nio.ch.SocketChannelImpl.finishConnect(SocketChannelImpl.java:717)
	at org.apache.ratis.thirdparty.io.netty.channel.socket.nio.NioSocketChannel.doFinishConnect(NioSocketChannel.java:327)
	at org.apache.ratis.thirdparty.io.netty.channel.nio.AbstractNioChannel$AbstractNioUnsafe.finishConnect(AbstractNioChannel.java:340)
	at org.apache.ratis.thirdparty.io.netty.channel.nio.NioEventLoop.processSelectedKey(NioEventLoop.java:632)
	at org.apache.ratis.thirdparty.io.netty.channel.nio.NioEventLoop.processSelectedKeysOptimized(NioEventLoop.java:579)
	at org.apache.ratis.thirdparty.io.netty.channel.nio.NioEventLoop.processSelectedKeys(NioEventLoop.java:496)
	at org.apache.ratis.thirdparty.io.netty.channel.nio.NioEventLoop.run(NioEventLoop.java:458)
	at org.apache.ratis.thirdparty.io.netty.util.concurrent.SingleThreadEventExecutor$5.run(SingleThreadEventExecutor.java:897)
	at org.apache.ratis.thirdparty.io.netty.util.concurrent.FastThreadLocalRunnable.run(FastThreadLocalRunnable.java:30)
	... 1 more
Caused by: java.net.ConnectException: Connection refused
	... 11 more
2019-08-30 13:30:46,585 [3d46801a-90d5-4528-b1c3-555bb626bd0c:group-2C32FE13FBC5:LeaderElection84] INFO  impl.LeaderElection (LogUtils.java:infoOrTrace(149)) -   Exception 1: {}
java.util.concurrent.ExecutionException: org.apache.ratis.thirdparty.io.grpc.StatusRuntimeException: UNAVAILABLE: io exception
	at java.util.concurrent.FutureTask.report(FutureTask.java:122)
	at java.util.concurrent.FutureTask.get(FutureTask.java:192)
	at org.apache.ratis.server.impl.LeaderElection.waitForResults(LeaderElection.java:262)
	at org.apache.ratis.server.impl.LeaderElection.askForVotes(LeaderElection.java:200)
	at org.apache.ratis.server.impl.LeaderElection.run(LeaderElection.java:130)
	at java.lang.Thread.run(Thread.java:748)
Caused by: org.apache.ratis.thirdparty.io.grpc.StatusRuntimeException: UNAVAILABLE: io exception
	at org.apache.ratis.thirdparty.io.grpc.stub.ClientCalls.toStatusRuntimeException(ClientCalls.java:233)
	at org.apache.ratis.thirdparty.io.grpc.stub.ClientCalls.getUnchecked(ClientCalls.java:214)
	at org.apache.ratis.thirdparty.io.grpc.stub.ClientCalls.blockingUnaryCall(ClientCalls.java:139)
	at org.apache.ratis.proto.grpc.RaftServerProtocolServiceGrpc$RaftServerProtocolServiceBlockingStub.requestVote(RaftServerProtocolServiceGrpc.java:265)
	at org.apache.ratis.grpc.server.GrpcServerProtocolClient.requestVote(GrpcServerProtocolClient.java:83)
	at org.apache.ratis.grpc.server.GrpcService.requestVote(GrpcService.java:195)
	at org.apache.ratis.server.impl.LeaderElection.lambda$submitRequests$1(LeaderElection.java:237)
	at java.util.concurrent.FutureTask.run(FutureTask.java:266)
	at java.util.concurrent.Executors$RunnableAdapter.call(Executors.java:511)
	at java.util.concurrent.FutureTask.run(FutureTask.java:266)
	at java.util.concurrent.ThreadPoolExecutor.runWorker(ThreadPoolExecutor.java:1149)
	at java.util.concurrent.ThreadPoolExecutor$Worker.run(ThreadPoolExecutor.java:624)
	... 1 more
Caused by: org.apache.ratis.thirdparty.io.netty.channel.AbstractChannel$AnnotatedConnectException: Connection refused: /192.168.5.187:38282
	at sun.nio.ch.SocketChannelImpl.checkConnect(Native Method)
	at sun.nio.ch.SocketChannelImpl.finishConnect(SocketChannelImpl.java:717)
	at org.apache.ratis.thirdparty.io.netty.channel.socket.nio.NioSocketChannel.doFinishConnect(NioSocketChannel.java:327)
	at org.apache.ratis.thirdparty.io.netty.channel.nio.AbstractNioChannel$AbstractNioUnsafe.finishConnect(AbstractNioChannel.java:340)
	at org.apache.ratis.thirdparty.io.netty.channel.nio.NioEventLoop.processSelectedKey(NioEventLoop.java:632)
	at org.apache.ratis.thirdparty.io.netty.channel.nio.NioEventLoop.processSelectedKeysOptimized(NioEventLoop.java:579)
	at org.apache.ratis.thirdparty.io.netty.channel.nio.NioEventLoop.processSelectedKeys(NioEventLoop.java:496)
	at org.apache.ratis.thirdparty.io.netty.channel.nio.NioEventLoop.run(NioEventLoop.java:458)
	at org.apache.ratis.thirdparty.io.netty.util.concurrent.SingleThreadEventExecutor$5.run(SingleThreadEventExecutor.java:897)
	at org.apache.ratis.thirdparty.io.netty.util.concurrent.FastThreadLocalRunnable.run(FastThreadLocalRunnable.java:30)
	... 1 more
Caused by: java.net.ConnectException: Connection refused
	... 11 more
2019-08-30 13:30:46,585 [3d46801a-90d5-4528-b1c3-555bb626bd0c:group-2C32FE13FBC5:LeaderElection84] INFO  impl.RaftServerImpl (RaftServerImpl.java:setRole(171)) - 3d46801a-90d5-4528-b1c3-555bb626bd0c:group-2C32FE13FBC5 changes role from CANDIDATE to FOLLOWER at term 2 for DISCOVERED_A_NEW_TERM
2019-08-30 13:30:46,586 [3d46801a-90d5-4528-b1c3-555bb626bd0c:group-2C32FE13FBC5:LeaderElection84] INFO  impl.RoleInfo (RoleInfo.java:shutdownLeaderElection(134)) - 3d46801a-90d5-4528-b1c3-555bb626bd0c: shutdown LeaderElection
2019-08-30 13:30:46,586 [3d46801a-90d5-4528-b1c3-555bb626bd0c:group-2C32FE13FBC5:LeaderElection84] INFO  impl.RoleInfo (RoleInfo.java:updateAndGet(143)) - 3d46801a-90d5-4528-b1c3-555bb626bd0c: start FollowerState
2019-08-30 13:30:46,883 [grpc-default-executor-10] WARN  server.GrpcLogAppender (LogUtils.java:warn(134)) - 17eac7c6-5527-41ae-a3ec-0a2e795a5a04->ce179378-4143-4946-9570-61adb5fbe2a3: Failed appendEntries: org.apache.ratis.thirdparty.io.grpc.StatusRuntimeException: UNAVAILABLE: io exception
2019-08-30 13:30:46,883 [grpc-default-executor-18] WARN  server.GrpcLogAppender (LogUtils.java:warn(134)) - 17eac7c6-5527-41ae-a3ec-0a2e795a5a04->88755f3d-3e87-497e-8a8d-202fed172cc3: Failed appendEntries: org.apache.ratis.thirdparty.io.grpc.StatusRuntimeException: UNAVAILABLE: io exception
2019-08-30 13:30:46,883 [grpc-default-executor-10] INFO  impl.FollowerInfo (FollowerInfo.java:lambda$new$0(50)) - 17eac7c6-5527-41ae-a3ec-0a2e795a5a04->ce179378-4143-4946-9570-61adb5fbe2a3: nextIndex: updateUnconditionally 15 -> 14
2019-08-30 13:30:46,884 [grpc-default-executor-18] INFO  impl.FollowerInfo (FollowerInfo.java:lambda$new$0(50)) - 17eac7c6-5527-41ae-a3ec-0a2e795a5a04->88755f3d-3e87-497e-8a8d-202fed172cc3: nextIndex: updateUnconditionally 0 -> 0
2019-08-30 13:30:47,874 [EventQueue-StaleNodeForStaleNodeHandler] INFO  node.StaleNodeHandler (StaleNodeHandler.java:onMessage(58)) - Datanode 3d46801a-90d5-4528-b1c3-555bb626bd0c{ip: 192.168.5.187, host: pr-hdds-2063-9bpvp-3383687481, networkLocation: /default-rack, certSerialId: null} moved to stale state. Finalizing its pipelines [PipelineID=57159889-37ca-43ae-afae-2c32fe13fbc5, PipelineID=ff684d2a-2495-4a7d-8504-a2913935cc11]
2019-08-30 13:30:47,874 [EventQueue-StaleNodeForStaleNodeHandler] INFO  pipeline.SCMPipelineManager (SCMPipelineManager.java:finalizeAndDestroyPipeline(309)) - destroying pipeline:Pipeline[ Id: 57159889-37ca-43ae-afae-2c32fe13fbc5, Nodes: 3d46801a-90d5-4528-b1c3-555bb626bd0c{ip: 192.168.5.187, host: pr-hdds-2063-9bpvp-3383687481, networkLocation: /default-rack, certSerialId: null}ba1175ab-072c-479e-90dd-4f55ee4d9691{ip: 192.168.5.187, host: pr-hdds-2063-9bpvp-3383687481, networkLocation: /default-rack, certSerialId: null}a806dd1e-846c-462d-a504-58098052d4fb{ip: 192.168.5.187, host: pr-hdds-2063-9bpvp-3383687481, networkLocation: /default-rack, certSerialId: null}, Type:RATIS, Factor:THREE, State:CLOSED]
2019-08-30 13:30:47,875 [EventQueue-StaleNodeForStaleNodeHandler] INFO  pipeline.SCMPipelineManager (SCMPipelineManager.java:finalizeAndDestroyPipeline(309)) - destroying pipeline:Pipeline[ Id: ff684d2a-2495-4a7d-8504-a2913935cc11, Nodes: 3d46801a-90d5-4528-b1c3-555bb626bd0c{ip: 192.168.5.187, host: pr-hdds-2063-9bpvp-3383687481, networkLocation: /default-rack, certSerialId: null}, Type:RATIS, Factor:ONE, State:OPEN]
2019-08-30 13:30:47,875 [EventQueue-StaleNodeForStaleNodeHandler] INFO  pipeline.PipelineStateManager (PipelineStateManager.java:finalizePipeline(123)) - Pipeline Pipeline[ Id: ff684d2a-2495-4a7d-8504-a2913935cc11, Nodes: 3d46801a-90d5-4528-b1c3-555bb626bd0c{ip: 192.168.5.187, host: pr-hdds-2063-9bpvp-3383687481, networkLocation: /default-rack, certSerialId: null}, Type:RATIS, Factor:ONE, State:CLOSED] moved to CLOSED state
2019-08-30 13:30:48,273 [main] INFO  ozoneimpl.OzoneContainer (OzoneContainer.java:stop(215)) - Attempting to stop container services.
2019-08-30 13:30:48,273 [main] INFO  impl.RaftServerProxy (RaftServerProxy.java:lambda$close$4(314)) - 17eac7c6-5527-41ae-a3ec-0a2e795a5a04: close
2019-08-30 13:30:48,274 [main] INFO  impl.RaftServerImpl (RaftServerImpl.java:lambda$shutdown$3(245)) - 17eac7c6-5527-41ae-a3ec-0a2e795a5a04: shutdown group-6081EC5FEC8F
2019-08-30 13:30:48,274 [main] INFO  util.JmxRegister (JmxRegister.java:unregister(73)) - Successfully un-registered JMX Bean with object name Ratis:service=RaftServer,group=group-6081EC5FEC8F,id=17eac7c6-5527-41ae-a3ec-0a2e795a5a04
2019-08-30 13:30:48,274 [EventQueue-StaleNodeForStaleNodeHandler] INFO  node.StaleNodeHandler (StaleNodeHandler.java:onMessage(58)) - Datanode 17eac7c6-5527-41ae-a3ec-0a2e795a5a04{ip: 192.168.5.187, host: pr-hdds-2063-9bpvp-3383687481, networkLocation: /default-rack, certSerialId: null} moved to stale state. Finalizing its pipelines [PipelineID=6bb3a726-945f-4281-9668-6081ec5fec8f, PipelineID=e527d19f-14db-4b37-af9f-37eae59e7d15]
2019-08-30 13:30:48,274 [main] INFO  impl.RoleInfo (RoleInfo.java:shutdownLeaderState(104)) - 17eac7c6-5527-41ae-a3ec-0a2e795a5a04: shutdown LeaderState
2019-08-30 13:30:48,274 [EventQueue-StaleNodeForStaleNodeHandler] INFO  pipeline.SCMPipelineManager (SCMPipelineManager.java:finalizeAndDestroyPipeline(309)) - destroying pipeline:Pipeline[ Id: 6bb3a726-945f-4281-9668-6081ec5fec8f, Nodes: 88755f3d-3e87-497e-8a8d-202fed172cc3{ip: 192.168.5.187, host: pr-hdds-2063-9bpvp-3383687481, networkLocation: /default-rack, certSerialId: null}17eac7c6-5527-41ae-a3ec-0a2e795a5a04{ip: 192.168.5.187, host: pr-hdds-2063-9bpvp-3383687481, networkLocation: /default-rack, certSerialId: null}ce179378-4143-4946-9570-61adb5fbe2a3{ip: 192.168.5.187, host: pr-hdds-2063-9bpvp-3383687481, networkLocation: /default-rack, certSerialId: null}, Type:RATIS, Factor:THREE, State:CLOSED]
2019-08-30 13:30:48,278 [main] INFO  impl.PendingRequests (PendingRequests.java:sendNotLeaderResponses(202)) - 17eac7c6-5527-41ae-a3ec-0a2e795a5a04-PendingRequests: sendNotLeaderResponses
2019-08-30 13:30:48,278 [org.apache.ratis.server.impl.LogAppender$AppenderDaemon$$Lambda$495/1652735595@5ac293dd] WARN  server.GrpcLogAppender (GrpcLogAppender.java:mayWait(143)) - GrpcLogAppender(17eac7c6-5527-41ae-a3ec-0a2e795a5a04->88755f3d-3e87-497e-8a8d-202fed172cc3): Wait interrupted by java.lang.InterruptedException
2019-08-30 13:30:48,277 [org.apache.ratis.server.impl.LogAppender$AppenderDaemon$$Lambda$495/1652735595@3722408] WARN  server.GrpcLogAppender (GrpcLogAppender.java:mayWait(143)) - GrpcLogAppender(17eac7c6-5527-41ae-a3ec-0a2e795a5a04->ce179378-4143-4946-9570-61adb5fbe2a3): Wait interrupted by java.lang.InterruptedException
2019-08-30 13:30:48,278 [EventQueue-StaleNodeForStaleNodeHandler] INFO  pipeline.SCMPipelineManager (SCMPipelineManager.java:finalizeAndDestroyPipeline(309)) - destroying pipeline:Pipeline[ Id: e527d19f-14db-4b37-af9f-37eae59e7d15, Nodes: 17eac7c6-5527-41ae-a3ec-0a2e795a5a04{ip: 192.168.5.187, host: pr-hdds-2063-9bpvp-3383687481, networkLocation: /default-rack, certSerialId: null}, Type:RATIS, Factor:ONE, State:OPEN]
2019-08-30 13:30:48,278 [main] INFO  impl.StateMachineUpdater (StateMachineUpdater.java:stopAndJoin(115)) - StateMachineUpdater:17eac7c6-5527-41ae-a3ec-0a2e795a5a04:group-6081EC5FEC8F: set stopIndex = 18
2019-08-30 13:30:48,278 [EventQueue-StaleNodeForStaleNodeHandler] INFO  pipeline.PipelineStateManager (PipelineStateManager.java:finalizePipeline(123)) - Pipeline Pipeline[ Id: e527d19f-14db-4b37-af9f-37eae59e7d15, Nodes: 17eac7c6-5527-41ae-a3ec-0a2e795a5a04{ip: 192.168.5.187, host: pr-hdds-2063-9bpvp-3383687481, networkLocation: /default-rack, certSerialId: null}, Type:RATIS, Factor:ONE, State:CLOSED] moved to CLOSED state
2019-08-30 13:30:48,278 [StateMachineUpdater:17eac7c6-5527-41ae-a3ec-0a2e795a5a04:group-6081EC5FEC8F] INFO  ratis.ContainerStateMachine (ContainerStateMachine.java:takeSnapshot(284)) - group-6081EC5FEC8F: Taking a snapshot at:(t:1, i:14) file /workdir/hadoop-ozone/integration-test/target/test-dir/MiniOzoneClusterImpl-87a06edb-9c05-4a0f-ad83-64a51ce4a81e/datanode-5/data/ratis/6bb3a726-945f-4281-9668-6081ec5fec8f/sm/snapshot.1_14
2019-08-30 13:30:48,291 [StateMachineUpdater:17eac7c6-5527-41ae-a3ec-0a2e795a5a04:group-6081EC5FEC8F] INFO  ratis.ContainerStateMachine (ContainerStateMachine.java:takeSnapshot(295)) - group-6081EC5FEC8F: Finished taking a snapshot at:(t:1, i:14) file:/workdir/hadoop-ozone/integration-test/target/test-dir/MiniOzoneClusterImpl-87a06edb-9c05-4a0f-ad83-64a51ce4a81e/datanode-5/data/ratis/6bb3a726-945f-4281-9668-6081ec5fec8f/sm/snapshot.1_14 time:13
2019-08-30 13:30:48,292 [StateMachineUpdater:17eac7c6-5527-41ae-a3ec-0a2e795a5a04:group-6081EC5FEC8F] INFO  impl.StateMachineUpdater (StateMachineUpdater.java:takeSnapshot(242)) - StateMachineUpdater:17eac7c6-5527-41ae-a3ec-0a2e795a5a04:group-6081EC5FEC8F: Took a snapshot at index 14
2019-08-30 13:30:48,292 [StateMachineUpdater:17eac7c6-5527-41ae-a3ec-0a2e795a5a04:group-6081EC5FEC8F] INFO  impl.StateMachineUpdater (StateMachineUpdater.java:lambda$new$0(80)) - StateMachineUpdater:17eac7c6-5527-41ae-a3ec-0a2e795a5a04:group-6081EC5FEC8F: snapshotIndex: updateIncreasingly -1 -> 14
2019-08-30 13:30:48,292 [main] INFO  impl.RaftServerImpl (ServerState.java:close(394)) - 17eac7c6-5527-41ae-a3ec-0a2e795a5a04:group-6081EC5FEC8F closes. The last applied log index is 18
2019-08-30 13:30:48,292 [17eac7c6-5527-41ae-a3ec-0a2e795a5a04-SegmentedRaftLogWorker:Storage Directory /workdir/hadoop-ozone/integration-test/target/test-dir/MiniOzoneClusterImpl-87a06edb-9c05-4a0f-ad83-64a51ce4a81e/datanode-5/data/ratis/6bb3a726-945f-4281-9668-6081ec5fec8f] INFO  segmented.SegmentedRaftLogWorker (SegmentedRaftLogWorker.java:run(313)) - 17eac7c6-5527-41ae-a3ec-0a2e795a5a04-SegmentedRaftLogWorker:Storage Directory /workdir/hadoop-ozone/integration-test/target/test-dir/MiniOzoneClusterImpl-87a06edb-9c05-4a0f-ad83-64a51ce4a81e/datanode-5/data/ratis/6bb3a726-945f-4281-9668-6081ec5fec8f was interrupted, exiting. There are 0 tasks remaining in the queue.
2019-08-30 13:30:48,294 [main] INFO  segmented.SegmentedRaftLogWorker (SegmentedRaftLogWorker.java:close(228)) - 17eac7c6-5527-41ae-a3ec-0a2e795a5a04-SegmentedRaftLogWorker:Storage Directory /workdir/hadoop-ozone/integration-test/target/test-dir/MiniOzoneClusterImpl-87a06edb-9c05-4a0f-ad83-64a51ce4a81e/datanode-5/data/ratis/6bb3a726-945f-4281-9668-6081ec5fec8f close()
2019-08-30 13:30:48,294 [ForkJoinPool.commonPool-worker-1] INFO  ozoneimpl.OzoneContainer (OzoneContainer.java:stop(215)) - Attempting to stop container services.
2019-08-30 13:30:48,296 [main] INFO  impl.RaftServerImpl (RaftServerImpl.java:lambda$shutdown$3(245)) - 17eac7c6-5527-41ae-a3ec-0a2e795a5a04: shutdown group-37EAE59E7D15
2019-08-30 13:30:48,296 [ForkJoinPool.commonPool-worker-1] INFO  impl.RaftServerProxy (RaftServerProxy.java:lambda$close$4(314)) - 3d46801a-90d5-4528-b1c3-555bb626bd0c: close
2019-08-30 13:30:48,297 [main] INFO  util.JmxRegister (JmxRegister.java:unregister(73)) - Successfully un-registered JMX Bean with object name Ratis:service=RaftServer,group=group-37EAE59E7D15,id=17eac7c6-5527-41ae-a3ec-0a2e795a5a04
2019-08-30 13:30:48,297 [ForkJoinPool.commonPool-worker-1] INFO  impl.RaftServerImpl (RaftServerImpl.java:lambda$shutdown$3(245)) - 3d46801a-90d5-4528-b1c3-555bb626bd0c: shutdown group-2C32FE13FBC5
2019-08-30 13:30:48,297 [main] INFO  impl.RoleInfo (RoleInfo.java:shutdownLeaderState(104)) - 17eac7c6-5527-41ae-a3ec-0a2e795a5a04: shutdown LeaderState
2019-08-30 13:30:48,297 [ForkJoinPool.commonPool-worker-1] INFO  util.JmxRegister (JmxRegister.java:unregister(73)) - Successfully un-registered JMX Bean with object name Ratis:service=RaftServer,group=group-2C32FE13FBC5,id=3d46801a-90d5-4528-b1c3-555bb626bd0c
2019-08-30 13:30:48,297 [main] INFO  impl.PendingRequests (PendingRequests.java:sendNotLeaderResponses(202)) - 17eac7c6-5527-41ae-a3ec-0a2e795a5a04-PendingRequests: sendNotLeaderResponses
2019-08-30 13:30:48,298 [ForkJoinPool.commonPool-worker-1] INFO  impl.RoleInfo (RoleInfo.java:shutdownFollowerState(121)) - 3d46801a-90d5-4528-b1c3-555bb626bd0c: shutdown FollowerState
2019-08-30 13:30:48,298 [main] INFO  impl.StateMachineUpdater (StateMachineUpdater.java:stopAndJoin(115)) - StateMachineUpdater:17eac7c6-5527-41ae-a3ec-0a2e795a5a04:group-37EAE59E7D15: set stopIndex = 0
2019-08-30 13:30:48,298 [Thread-3928] INFO  impl.FollowerState (FollowerState.java:run(114)) - 3d46801a-90d5-4528-b1c3-555bb626bd0c: FollowerState was interrupted: java.lang.InterruptedException: sleep interrupted
2019-08-30 13:30:48,298 [StateMachineUpdater:3d46801a-90d5-4528-b1c3-555bb626bd0c:group-2C32FE13FBC5] INFO  ratis.ContainerStateMachine (ContainerStateMachine.java:takeSnapshot(284)) - group-2C32FE13FBC5: Taking a snapshot at:(t:1, i:14) file /workdir/hadoop-ozone/integration-test/target/test-dir/MiniOzoneClusterImpl-87a06edb-9c05-4a0f-ad83-64a51ce4a81e/datanode-0/data/ratis/57159889-37ca-43ae-afae-2c32fe13fbc5/sm/snapshot.1_14
2019-08-30 13:30:48,298 [ForkJoinPool.commonPool-worker-1] INFO  impl.StateMachineUpdater (StateMachineUpdater.java:stopAndJoin(115)) - StateMachineUpdater:3d46801a-90d5-4528-b1c3-555bb626bd0c:group-2C32FE13FBC5: set stopIndex = 16
2019-08-30 13:30:48,298 [main] INFO  impl.RaftServerImpl (ServerState.java:close(394)) - 17eac7c6-5527-41ae-a3ec-0a2e795a5a04:group-37EAE59E7D15 closes. The last applied log index is 0
2019-08-30 13:30:48,300 [17eac7c6-5527-41ae-a3ec-0a2e795a5a04-SegmentedRaftLogWorker:Storage Directory /workdir/hadoop-ozone/integration-test/target/test-dir/MiniOzoneClusterImpl-87a06edb-9c05-4a0f-ad83-64a51ce4a81e/datanode-5/data/ratis/e527d19f-14db-4b37-af9f-37eae59e7d15] INFO  segmented.SegmentedRaftLogWorker (SegmentedRaftLogWorker.java:run(313)) - 17eac7c6-5527-41ae-a3ec-0a2e795a5a04-SegmentedRaftLogWorker:Storage Directory /workdir/hadoop-ozone/integration-test/target/test-dir/MiniOzoneClusterImpl-87a06edb-9c05-4a0f-ad83-64a51ce4a81e/datanode-5/data/ratis/e527d19f-14db-4b37-af9f-37eae59e7d15 was interrupted, exiting. There are 0 tasks remaining in the queue.
2019-08-30 13:30:48,302 [main] INFO  segmented.SegmentedRaftLogWorker (SegmentedRaftLogWorker.java:close(228)) - 17eac7c6-5527-41ae-a3ec-0a2e795a5a04-SegmentedRaftLogWorker:Storage Directory /workdir/hadoop-ozone/integration-test/target/test-dir/MiniOzoneClusterImpl-87a06edb-9c05-4a0f-ad83-64a51ce4a81e/datanode-5/data/ratis/e527d19f-14db-4b37-af9f-37eae59e7d15 close()
2019-08-30 13:30:48,304 [main] INFO  server.GrpcService (GrpcService.java:closeImpl(155)) - 17eac7c6-5527-41ae-a3ec-0a2e795a5a04: shutdown server with port 35675 now
2019-08-30 13:30:48,305 [StateMachineUpdater:3d46801a-90d5-4528-b1c3-555bb626bd0c:group-2C32FE13FBC5] INFO  ratis.ContainerStateMachine (ContainerStateMachine.java:takeSnapshot(295)) - group-2C32FE13FBC5: Finished taking a snapshot at:(t:1, i:14) file:/workdir/hadoop-ozone/integration-test/target/test-dir/MiniOzoneClusterImpl-87a06edb-9c05-4a0f-ad83-64a51ce4a81e/datanode-0/data/ratis/57159889-37ca-43ae-afae-2c32fe13fbc5/sm/snapshot.1_14 time:6
2019-08-30 13:30:48,305 [main] INFO  server.GrpcService (GrpcService.java:closeImpl(163)) - 17eac7c6-5527-41ae-a3ec-0a2e795a5a04: shutdown server with port 35675 successfully
2019-08-30 13:30:48,305 [StateMachineUpdater:3d46801a-90d5-4528-b1c3-555bb626bd0c:group-2C32FE13FBC5] INFO  impl.StateMachineUpdater (StateMachineUpdater.java:takeSnapshot(242)) - StateMachineUpdater:3d46801a-90d5-4528-b1c3-555bb626bd0c:group-2C32FE13FBC5: Took a snapshot at index 14
2019-08-30 13:30:48,305 [StateMachineUpdater:3d46801a-90d5-4528-b1c3-555bb626bd0c:group-2C32FE13FBC5] INFO  impl.StateMachineUpdater (StateMachineUpdater.java:lambda$new$0(80)) - StateMachineUpdater:3d46801a-90d5-4528-b1c3-555bb626bd0c:group-2C32FE13FBC5: snapshotIndex: updateIncreasingly -1 -> 14
2019-08-30 13:30:48,305 [ForkJoinPool.commonPool-worker-1] INFO  impl.RaftServerImpl (ServerState.java:close(394)) - 3d46801a-90d5-4528-b1c3-555bb626bd0c:group-2C32FE13FBC5 closes. The last applied log index is 16
2019-08-30 13:30:48,306 [3d46801a-90d5-4528-b1c3-555bb626bd0c-SegmentedRaftLogWorker:Storage Directory /workdir/hadoop-ozone/integration-test/target/test-dir/MiniOzoneClusterImpl-87a06edb-9c05-4a0f-ad83-64a51ce4a81e/datanode-0/data/ratis/57159889-37ca-43ae-afae-2c32fe13fbc5] INFO  segmented.SegmentedRaftLogWorker (SegmentedRaftLogWorker.java:run(313)) - 3d46801a-90d5-4528-b1c3-555bb626bd0c-SegmentedRaftLogWorker:Storage Directory /workdir/hadoop-ozone/integration-test/target/test-dir/MiniOzoneClusterImpl-87a06edb-9c05-4a0f-ad83-64a51ce4a81e/datanode-0/data/ratis/57159889-37ca-43ae-afae-2c32fe13fbc5 was interrupted, exiting. There are 0 tasks remaining in the queue.
2019-08-30 13:30:48,308 [ForkJoinPool.commonPool-worker-1] INFO  segmented.SegmentedRaftLogWorker (SegmentedRaftLogWorker.java:close(228)) - 3d46801a-90d5-4528-b1c3-555bb626bd0c-SegmentedRaftLogWorker:Storage Directory /workdir/hadoop-ozone/integration-test/target/test-dir/MiniOzoneClusterImpl-87a06edb-9c05-4a0f-ad83-64a51ce4a81e/datanode-0/data/ratis/57159889-37ca-43ae-afae-2c32fe13fbc5 close()
2019-08-30 13:30:48,308 [refreshUsed-/workdir/hadoop-ozone/integration-test/target/test-dir/MiniOzoneClusterImpl-87a06edb-9c05-4a0f-ad83-64a51ce4a81e/datanode-5/data/containers] WARN  fs.CachingGetSpaceUsed (CachingGetSpaceUsed.java:run(183)) - Thread Interrupted waiting to refresh disk information: sleep interrupted
2019-08-30 13:30:48,309 [ForkJoinPool.commonPool-worker-1] INFO  impl.RaftServerImpl (RaftServerImpl.java:lambda$shutdown$3(245)) - 3d46801a-90d5-4528-b1c3-555bb626bd0c: shutdown group-A2913935CC11
2019-08-30 13:30:48,310 [ForkJoinPool.commonPool-worker-1] INFO  util.JmxRegister (JmxRegister.java:unregister(73)) - Successfully un-registered JMX Bean with object name Ratis:service=RaftServer,group=group-A2913935CC11,id=3d46801a-90d5-4528-b1c3-555bb626bd0c
2019-08-30 13:30:48,311 [ForkJoinPool.commonPool-worker-1] INFO  impl.RoleInfo (RoleInfo.java:shutdownLeaderState(104)) - 3d46801a-90d5-4528-b1c3-555bb626bd0c: shutdown LeaderState
2019-08-30 13:30:48,311 [ForkJoinPool.commonPool-worker-1] INFO  impl.PendingRequests (PendingRequests.java:sendNotLeaderResponses(202)) - 3d46801a-90d5-4528-b1c3-555bb626bd0c-PendingRequests: sendNotLeaderResponses
2019-08-30 13:30:48,312 [ForkJoinPool.commonPool-worker-1] INFO  impl.StateMachineUpdater (StateMachineUpdater.java:stopAndJoin(115)) - StateMachineUpdater:3d46801a-90d5-4528-b1c3-555bb626bd0c:group-A2913935CC11: set stopIndex = 0
2019-08-30 13:30:48,312 [ForkJoinPool.commonPool-worker-1] INFO  impl.RaftServerImpl (ServerState.java:close(394)) - 3d46801a-90d5-4528-b1c3-555bb626bd0c:group-A2913935CC11 closes. The last applied log index is 0
2019-08-30 13:30:48,313 [3d46801a-90d5-4528-b1c3-555bb626bd0c-SegmentedRaftLogWorker:Storage Directory /workdir/hadoop-ozone/integration-test/target/test-dir/MiniOzoneClusterImpl-87a06edb-9c05-4a0f-ad83-64a51ce4a81e/datanode-0/data/ratis/ff684d2a-2495-4a7d-8504-a2913935cc11] INFO  segmented.SegmentedRaftLogWorker (SegmentedRaftLogWorker.java:run(313)) - 3d46801a-90d5-4528-b1c3-555bb626bd0c-SegmentedRaftLogWorker:Storage Directory /workdir/hadoop-ozone/integration-test/target/test-dir/MiniOzoneClusterImpl-87a06edb-9c05-4a0f-ad83-64a51ce4a81e/datanode-0/data/ratis/ff684d2a-2495-4a7d-8504-a2913935cc11 was interrupted, exiting. There are 0 tasks remaining in the queue.
2019-08-30 13:30:48,314 [ForkJoinPool.commonPool-worker-1] INFO  segmented.SegmentedRaftLogWorker (SegmentedRaftLogWorker.java:close(228)) - 3d46801a-90d5-4528-b1c3-555bb626bd0c-SegmentedRaftLogWorker:Storage Directory /workdir/hadoop-ozone/integration-test/target/test-dir/MiniOzoneClusterImpl-87a06edb-9c05-4a0f-ad83-64a51ce4a81e/datanode-0/data/ratis/ff684d2a-2495-4a7d-8504-a2913935cc11 close()
2019-08-30 13:30:48,317 [ForkJoinPool.commonPool-worker-1] INFO  server.GrpcService (GrpcService.java:closeImpl(155)) - 3d46801a-90d5-4528-b1c3-555bb626bd0c: shutdown server with port 36120 now
2019-08-30 13:30:48,318 [ForkJoinPool.commonPool-worker-1] INFO  server.GrpcService (GrpcService.java:closeImpl(163)) - 3d46801a-90d5-4528-b1c3-555bb626bd0c: shutdown server with port 36120 successfully
2019-08-30 13:30:48,319 [refreshUsed-/workdir/hadoop-ozone/integration-test/target/test-dir/MiniOzoneClusterImpl-87a06edb-9c05-4a0f-ad83-64a51ce4a81e/datanode-0/data/containers] WARN  fs.CachingGetSpaceUsed (CachingGetSpaceUsed.java:run(183)) - Thread Interrupted waiting to refresh disk information: sleep interrupted
2019-08-30 13:30:48,332 [ForkJoinPool.commonPool-worker-1] INFO  utils.BackgroundService (BackgroundService.java:shutdown(148)) - Shutting down service BlockDeletingService
2019-08-30 13:30:48,334 [ForkJoinPool.commonPool-worker-1] INFO  statemachine.DatanodeStateMachine (DatanodeStateMachine.java:stopDaemon(395)) - Ozone container server stopped.
2019-08-30 13:30:48,336 [ForkJoinPool.commonPool-worker-1] INFO  handler.ContextHandler (ContextHandler.java:doStop(910)) - Stopped o.e.j.w.WebAppContext@28be7fec{/,null,UNAVAILABLE}{/hddsDatanode}
2019-08-30 13:30:48,336 [main] INFO  utils.BackgroundService (BackgroundService.java:shutdown(148)) - Shutting down service BlockDeletingService
2019-08-30 13:30:48,337 [ForkJoinPool.commonPool-worker-1] INFO  server.AbstractConnector (AbstractConnector.java:doStop(318)) - Stopped ServerConnector@26f0141{HTTP/1.1,[http/1.1]}{0.0.0.0:0}
2019-08-30 13:30:48,339 [ForkJoinPool.commonPool-worker-1] INFO  handler.ContextHandler (ContextHandler.java:doStop(910)) - Stopped o.e.j.s.ServletContextHandler@7e7740a5{/static,jar:file:/home/user/.m2/repository/org/apache/hadoop/hadoop-hdds-container-service/0.5.0-SNAPSHOT/hadoop-hdds-container-service-0.5.0-SNAPSHOT.jar!/webapps/static,UNAVAILABLE}
2019-08-30 13:30:48,342 [main] INFO  statemachine.DatanodeStateMachine (DatanodeStateMachine.java:stopDaemon(395)) - Ozone container server stopped.
2019-08-30 13:30:48,342 [ForkJoinPool.commonPool-worker-1] INFO  handler.ContextHandler (ContextHandler.java:doStop(910)) - Stopped o.e.j.s.ServletContextHandler@515ab3f2{/logs,file:///workdir/hadoop-ozone/integration-test/target/log,UNAVAILABLE}
2019-08-30 13:30:48,343 [main] INFO  handler.ContextHandler (ContextHandler.java:doStop(910)) - Stopped o.e.j.w.WebAppContext@74a820bf{/,null,UNAVAILABLE}{/hddsDatanode}
2019-08-30 13:30:48,344 [main] INFO  server.AbstractConnector (AbstractConnector.java:doStop(318)) - Stopped ServerConnector@5a30722c{HTTP/1.1,[http/1.1]}{0.0.0.0:0}
2019-08-30 13:30:48,344 [main] INFO  handler.ContextHandler (ContextHandler.java:doStop(910)) - Stopped o.e.j.s.ServletContextHandler@6ad6443{/static,jar:file:/home/user/.m2/repository/org/apache/hadoop/hadoop-hdds-container-service/0.5.0-SNAPSHOT/hadoop-hdds-container-service-0.5.0-SNAPSHOT.jar!/webapps/static,UNAVAILABLE}
2019-08-30 13:30:48,344 [main] INFO  handler.ContextHandler (ContextHandler.java:doStop(910)) - Stopped o.e.j.s.ServletContextHandler@120aa40b{/logs,file:///workdir/hadoop-ozone/integration-test/target/log,UNAVAILABLE}
2019-08-30 13:30:48,345 [main] INFO  ozone.MiniOzoneClusterImpl (MiniOzoneClusterImpl.java:stop(339)) - Stopping the StorageContainerManager
2019-08-30 13:30:48,345 [main] INFO  server.StorageContainerManager (StorageContainerManager.java:stop(797)) - Stopping Replication Manager Service.
2019-08-30 13:30:48,345 [main] INFO  container.ReplicationManager (ReplicationManager.java:stop(203)) - Stopping Replication Monitor Thread.
2019-08-30 13:30:48,345 [main] INFO  server.StorageContainerManager (StorageContainerManager.java:stop(804)) - Stopping Lease Manager of the command watchers
2019-08-30 13:30:48,345 [main] INFO  server.StorageContainerManager (StorageContainerManager.java:stop(811)) - Stopping datanode service RPC server
2019-08-30 13:30:48,345 [main] INFO  server.SCMDatanodeProtocolServer (SCMDatanodeProtocolServer.java:stop(367)) - Stopping the RPC server for DataNodes
2019-08-30 13:30:48,346 [main] INFO  ipc.Server (Server.java:stop(3082)) - Stopping server on 45796
2019-08-30 13:30:48,348 [IPC Server listener on 45796] INFO  ipc.Server (Server.java:run(1185)) - Stopping IPC Server listener on 45796
2019-08-30 13:30:48,349 [IPC Server Responder] INFO  ipc.Server (Server.java:run(1319)) - Stopping IPC Server Responder
2019-08-30 13:30:48,374 [SCM Heartbeat Processing Thread - 0] WARN  node.NodeStateManager (NodeStateManager.java:scheduleNextHealthCheck(646)) - Current Thread is interrupted, shutting down HB processing thread for Node Manager.
2019-08-30 13:30:48,375 [main] INFO  server.StorageContainerManager (StorageContainerManager.java:stop(819)) - Stopping block service RPC server
2019-08-30 13:30:48,375 [main] INFO  server.SCMBlockProtocolServer (SCMBlockProtocolServer.java:stop(155)) - Stopping the RPC server for Block Protocol
2019-08-30 13:30:48,375 [main] INFO  ipc.Server (Server.java:stop(3082)) - Stopping server on 40249
2019-08-30 13:30:48,376 [IPC Server listener on 40249] INFO  ipc.Server (Server.java:run(1185)) - Stopping IPC Server listener on 40249
2019-08-30 13:30:48,376 [main] INFO  server.StorageContainerManager (StorageContainerManager.java:stop(826)) - Stopping the StorageContainerLocationProtocol RPC server
2019-08-30 13:30:48,377 [main] INFO  server.SCMClientProtocolServer (SCMClientProtocolServer.java:stop(159)) - Stopping the RPC server for Client Protocol
2019-08-30 13:30:48,378 [IPC Server Responder] INFO  ipc.Server (Server.java:run(1319)) - Stopping IPC Server Responder
2019-08-30 13:30:48,378 [main] INFO  ipc.Server (Server.java:stop(3082)) - Stopping server on 35043
2019-08-30 13:30:48,380 [IPC Server listener on 35043] INFO  ipc.Server (Server.java:run(1185)) - Stopping IPC Server listener on 35043
2019-08-30 13:30:48,380 [main] INFO  server.StorageContainerManager (StorageContainerManager.java:stop(833)) - Stopping Storage Container Manager HTTP server.
2019-08-30 13:30:48,380 [IPC Server Responder] INFO  ipc.Server (Server.java:run(1319)) - Stopping IPC Server Responder
2019-08-30 13:30:48,382 [main] INFO  handler.ContextHandler (ContextHandler.java:doStop(910)) - Stopped o.e.j.w.WebAppContext@15e8f9b2{/,null,UNAVAILABLE}{/scm}
2019-08-30 13:30:48,382 [main] INFO  server.AbstractConnector (AbstractConnector.java:doStop(318)) - Stopped ServerConnector@7a65c995{HTTP/1.1,[http/1.1]}{0.0.0.0:0}
2019-08-30 13:30:48,383 [main] INFO  handler.ContextHandler (ContextHandler.java:doStop(910)) - Stopped o.e.j.s.ServletContextHandler@4d518c66{/static,file:///workdir/hadoop-ozone/integration-test/target/test-classes/webapps/static,UNAVAILABLE}
2019-08-30 13:30:48,384 [main] INFO  handler.ContextHandler (ContextHandler.java:doStop(910)) - Stopped o.e.j.s.ServletContextHandler@31aab981{/logs,file:///workdir/hadoop-ozone/integration-test/target/log,UNAVAILABLE}
2019-08-30 13:30:48,385 [main] INFO  server.StorageContainerManager (StorageContainerManager.java:stop(844)) - Stopping Block Manager Service.
2019-08-30 13:30:48,385 [main] INFO  utils.BackgroundService (BackgroundService.java:shutdown(148)) - Shutting down service SCMBlockDeletingService
2019-08-30 13:30:48,386 [main] INFO  utils.BackgroundService (BackgroundService.java:shutdown(148)) - Shutting down service SCMBlockDeletingService
2019-08-30 13:30:48,386 [main] INFO  server.StorageContainerManager (StorageContainerManager.java:stop(866)) - Stopping SCM Event Queue.
2019-08-30 13:30:48,390 [main] INFO  impl.MetricsSystemImpl (MetricsSystemImpl.java:stop(210)) - Stopping HddsDatanode metrics system...
2019-08-30 13:30:48,400 [main] INFO  impl.MetricsSystemImpl (MetricsSystemImpl.java:stop(216)) - HddsDatanode metrics system stopped.
]]></system-out>
  </testcase>
  <testcase name="testFailureWithPrimeSizedData" classname="org.apache.hadoop.ozone.client.rpc.TestBlockOutputStreamWithFailures" time="35.083"/>
  <testcase name="testWatchForCommitWithCloseContainerException" classname="org.apache.hadoop.ozone.client.rpc.TestBlockOutputStreamWithFailures" time="33.672"/>
  <testcase name="testExceptionDuringClose" classname="org.apache.hadoop.ozone.client.rpc.TestBlockOutputStreamWithFailures" time="39.17"/>
</testsuite>